                                                                                                  QUERY PLAN                                                                                                  
--------------------------------------------------------------------------------------------------------------------------------------------------------------------------------------------------------------
 Aggregate  (cost=858765.56..858765.57 rows=1 width=8) (actual time=31556.814..31556.823 rows=1 loops=1)
   Buffers: shared hit=2253731 read=327938, temp read=7889 written=7704
   ->  Nested Loop  (cost=799887.54..858764.96 rows=240 width=0) (actual time=1004.766..31554.689 rows=3538 loops=1)
         Buffers: shared hit=2253731 read=327938, temp read=7889 written=7704
         ->  Seq Scan on info_type it2  (cost=0.00..2.41 rows=1 width=4) (actual time=0.038..0.049 rows=1 loops=1)
               Filter: (id = 4)
               Rows Removed by Filter: 112
               Buffers: shared hit=1
         ->  Nested Loop  (cost=799887.54..858760.15 rows=240 width=4) (actual time=1004.726..31553.335 rows=3538 loops=1)
               Buffers: shared hit=2253730 read=327938, temp read=7889 written=7704
               ->  Seq Scan on info_type it1  (cost=0.00..2.41 rows=1 width=4) (actual time=0.010..0.024 rows=1 loops=1)
                     Filter: (id = 3)
                     Rows Removed by Filter: 112
                     Buffers: shared hit=1
               ->  Nested Loop  (cost=799887.54..858755.34 rows=240 width=8) (actual time=1004.715..31552.084 rows=3538 loops=1)
                     Buffers: shared hit=2253729 read=327938, temp read=7889 written=7704
                     ->  Hash Join  (cost=799887.11..857428.57 rows=572 width=12) (actual time=1004.683..30892.161 rows=13509 loops=1)
                           Hash Cond: (ci.role_id = rt.id)
                           Buffers: shared hit=2204096 read=323535, temp read=7889 written=7704
                           ->  Nested Loop  (cost=799885.95..857403.02 rows=6866 width=16) (actual time=993.752..30692.951 rows=1073585 loops=1)
                                 Buffers: shared hit=2204095 read=323535, temp read=7889 written=7704
                                 ->  Nested Loop  (cost=799885.51..836471.82 rows=479 width=20) (actual time=993.730..16110.203 rows=45962 loops=1)
                                       Buffers: shared hit=1298116 read=48727, temp read=7889 written=7704
                                       ->  Nested Loop  (cost=799885.37..836444.04 rows=1117 width=24) (actual time=993.715..15937.818 rows=246382 loops=1)
                                             Join Filter: (t.id = mi1.movie_id)
                                             Buffers: shared hit=1298104 read=48727, temp read=7889 written=7704
                                             ->  Merge Join  (cost=799884.94..800601.75 rows=10374 width=16) (actual time=993.667..1600.040 rows=331611 loops=1)
                                                   Merge Cond: (mi1.movie_id = mi2.movie_id)
                                                   Buffers: shared hit=7973 read=12414, temp read=7889 written=7704
                                                   ->  Sort  (cost=393480.78..393599.35 rows=47430 width=8) (actual time=469.202..556.330 rows=475569 loops=1)
                                                         Sort Key: mi1.movie_id
                                                         Sort Method: external sort  Disk: 10280kB
                                                         Buffers: shared hit=4261 read=6714, temp read=2565 written=2571
                                                         ->  Bitmap Heap Scan on movie_info mi1  (cost=16460.33..389797.01 rows=47430 width=8) (actual time=41.539..348.847 rows=475569 loops=1)
                                                               Recheck Cond: (info_type_id = 3)
                                                               Filter: ((info)::text = ANY ('{Comedy,Drama,News,Thriller}'::text[]))
                                                               Rows Removed by Filter: 1058340
                                                               Heap Blocks: exact=9772
                                                               Buffers: shared hit=4261 read=6714
                                                               ->  Bitmap Index Scan on info_type_id_movie_info  (cost=0.00..16448.47 rows=1538671 width=0) (actual time=40.343..40.344 rows=1533909 loops=1)
                                                                     Index Cond: (info_type_id = 3)
                                                                     Buffers: shared read=1203
                                                   ->  Sort  (cost=406404.16..406592.12 rows=75185 width=8) (actual time=524.455..704.369 rows=986077 loops=1)
                                                         Sort Key: mi2.movie_id
                                                         Sort Method: external sort  Disk: 20520kB
                                                         Buffers: shared hit=3712 read=5700, temp read=5222 written=5133
                                                         ->  Bitmap Heap Scan on movie_info mi2  (cost=13074.16..400314.86 rows=75185 width=8) (actual time=30.583..289.621 rows=949188 loops=1)
                                                               Recheck Cond: (info_type_id = 4)
                                                               Filter: ((info)::text = ANY ('{English,Filipino,German,Greek,Spanish}'::text[]))
                                                               Rows Removed by Filter: 349801
                                                               Heap Blocks: exact=8393
                                                               Buffers: shared hit=3712 read=5700
                                                               ->  Bitmap Index Scan on info_type_id_movie_info  (cost=0.00..13055.37 rows=1221191 width=0) (actual time=29.545..29.546 rows=1298989 loops=1)
                                                                     Index Cond: (info_type_id = 4)
                                                                     Buffers: shared hit=1 read=1018
                                             ->  Index Scan using title_pkey on title t  (cost=0.43..3.44 rows=1 width=8) (actual time=0.043..0.043 rows=1 loops=331611)
                                                   Index Cond: (id = mi2.movie_id)
                                                   Filter: ((production_year <= 2015) AND (1975 < production_year))
                                                   Rows Removed by Filter: 0
                                                   Buffers: shared hit=1290131 read=36313
                                       ->  Memoize  (cost=0.14..0.16 rows=1 width=4) (actual time=0.000..0.000 rows=0 loops=246382)
                                             Cache Key: t.kind_id
                                             Cache Mode: logical
                                             Hits: 246376  Misses: 6  Evictions: 0  Overflows: 0  Memory Usage: 1kB
                                             Buffers: shared hit=12
                                             ->  Index Scan using kind_type_pkey on kind_type kt  (cost=0.13..0.15 rows=1 width=4) (actual time=0.010..0.010 rows=0 loops=6)
                                                   Index Cond: (id = t.kind_id)
                                                   Filter: ((kind)::text = ANY ('{"tv movie","tv series","video game"}'::text[]))
                                                   Rows Removed by Filter: 0
                                                   Buffers: shared hit=12
                                 ->  Index Scan using movie_id_cast_info on cast_info ci  (cost=0.44..43.32 rows=38 width=12) (actual time=0.044..0.310 rows=23 loops=45962)
                                       Index Cond: (movie_id = t.id)
                                       Buffers: shared hit=905979 read=274808
                           ->  Hash  (cost=1.15..1.15 rows=1 width=4) (actual time=0.015..0.016 rows=1 loops=1)
                                 Buckets: 1024  Batches: 1  Memory Usage: 9kB
                                 Buffers: shared hit=1
                                 ->  Seq Scan on role_type rt  (cost=0.00..1.15 rows=1 width=4) (actual time=0.008..0.009 rows=1 loops=1)
                                       Filter: ((role)::text = 'production designer'::text)
                                       Rows Removed by Filter: 11
                                       Buffers: shared hit=1
                     ->  Index Scan using name_pkey on name n  (cost=0.43..2.32 rows=1 width=4) (actual time=0.048..0.048 rows=0 loops=13509)
                           Index Cond: (id = ci.person_id)
                           Filter: ((gender)::text = 'm'::text)
                           Rows Removed by Filter: 1
                           Buffers: shared hit=49633 read=4403
 Planning:
   Buffers: shared hit=482 read=92
 Planning Time: 12.965 ms
 Execution Time: 31568.521 ms
(89 rows)

