                                                                                                  QUERY PLAN                                                                                                  
--------------------------------------------------------------------------------------------------------------------------------------------------------------------------------------------------------------
 Aggregate  (cost=1015418.21..1015418.22 rows=1 width=8) (actual time=66332.935..66332.944 rows=1 loops=1)
   Buffers: shared hit=5478101 read=631311, temp read=13631 written=13004
   ->  Nested Loop  (cost=908897.86..1015417.09 rows=448 width=0) (actual time=1838.892..66320.249 rows=45127 loops=1)
         Buffers: shared hit=5478101 read=631311, temp read=13631 written=13004
         ->  Seq Scan on info_type it2  (cost=0.00..2.41 rows=1 width=4) (actual time=0.038..0.049 rows=1 loops=1)
               Filter: (id = 4)
               Rows Removed by Filter: 112
               Buffers: shared hit=1
         ->  Nested Loop  (cost=908897.86..1015410.20 rows=448 width=4) (actual time=1838.851..66309.104 rows=45127 loops=1)
               Buffers: shared hit=5478100 read=631311, temp read=13631 written=13004
               ->  Seq Scan on info_type it1  (cost=0.00..2.41 rows=1 width=4) (actual time=0.011..0.024 rows=1 loops=1)
                     Filter: (id = 3)
                     Rows Removed by Filter: 112
                     Buffers: shared hit=1
               ->  Nested Loop  (cost=908897.86..1015403.30 rows=448 width=8) (actual time=1838.839..66297.630 rows=45127 loops=1)
                     Buffers: shared hit=5478099 read=631311, temp read=13631 written=13004
                     ->  Hash Join  (cost=908897.43..1012928.38 rows=1067 width=12) (actual time=1838.204..52723.833 rows=332680 loops=1)
                           Hash Cond: (ci.role_id = rt.id)
                           Buffers: shared hit=4227634 read=551056, temp read=13631 written=13004
                           ->  Nested Loop  (cost=908896.27..1012881.74 rows=12800 width=16) (actual time=1835.305..52225.723 rows=2081035 loops=1)
                                 Buffers: shared hit=4227633 read=551056, temp read=13631 written=13004
                                 ->  Nested Loop  (cost=908895.83..973859.70 rows=893 width=20) (actual time=1835.141..25914.640 rows=101813 loops=1)
                                       Buffers: shared hit=2391542 read=61017, temp read=13631 written=13004
                                       ->  Nested Loop  (cost=908895.69..973808.79 rows=2083 width=24) (actual time=1835.048..25574.941 rows=458223 loops=1)
                                             Join Filter: (t.id = mi1.movie_id)
                                             Buffers: shared hit=2391532 read=61015, temp read=13631 written=13004
                                             ->  Merge Join  (cost=908895.26..909905.35 rows=19342 width=16) (actual time=1834.764..2761.537 rows=608040 loops=1)
                                                   Merge Cond: (mi1.movie_id = mi2.movie_id)
                                                   Buffers: shared hit=4 read=20383, temp read=13631 written=13004
                                                   ->  Sort  (cost=441390.30..441583.01 rows=77087 width=8) (actual time=601.725..749.328 rows=743952 loops=1)
                                                         Sort Key: mi1.movie_id
                                                         Sort Method: external sort  Disk: 16080kB
                                                         Buffers: shared hit=1 read=10974, temp read=4012 written=4022
                                                         ->  Bitmap Heap Scan on movie_info mi1  (cost=16467.74..435133.07 rows=77087 width=8) (actual time=41.893..417.527 rows=743952 loops=1)
                                                               Recheck Cond: (info_type_id = 3)
                                                               Filter: ((info)::text = ANY ('{Comedy,Crime,Documentary,Drama,Music,Romance,Thriller}'::text[]))
                                                               Rows Removed by Filter: 789957
                                                               Heap Blocks: exact=9772
                                                               Buffers: shared hit=1 read=10974
                                                               ->  Bitmap Index Scan on info_type_id_movie_info  (cost=0.00..16448.47 rows=1538671 width=0) (actual time=40.692..40.693 rows=1533909 loops=1)
                                                                     Index Cond: (info_type_id = 3)
                                                                     Buffers: shared read=1203
                                                   ->  Sort  (cost=467504.96..467720.58 rows=86247 width=8) (actual time=1233.027..1478.950 rows=1227157 loops=1)
                                                         Sort Key: mi2.movie_id
                                                         Sort Method: external sort  Disk: 23968kB
                                                         Buffers: shared hit=3 read=9409, temp read=9293 written=8982
                                                         ->  Bitmap Heap Scan on movie_info mi2  (cost=13076.93..460434.35 rows=86247 width=8) (actual time=30.710..669.593 rows=1109239 loops=1)
                                                               Recheck Cond: (info_type_id = 4)
                                                               Filter: ((info)::text = ANY ('{English,Filipino,French,German,Hindi,Italian,Japanese,Portuguese,Spanish}'::text[]))
                                                               Rows Removed by Filter: 189750
                                                               Heap Blocks: exact=8393
                                                               Buffers: shared hit=3 read=9409
                                                               ->  Bitmap Index Scan on info_type_id_movie_info  (cost=0.00..13055.37 rows=1221191 width=0) (actual time=29.676..29.676 rows=1298989 loops=1)
                                                                     Index Cond: (info_type_id = 4)
                                                                     Buffers: shared hit=1 read=1018
                                             ->  Index Scan using title_pkey on title t  (cost=0.43..3.29 rows=1 width=8) (actual time=0.037..0.037 rows=1 loops=608040)
                                                   Index Cond: (id = mi2.movie_id)
                                                   Filter: ((production_year <= 2015) AND (1975 < production_year))
                                                   Rows Removed by Filter: 0
                                                   Buffers: shared hit=2391528 read=40632
                                       ->  Memoize  (cost=0.14..0.16 rows=1 width=4) (actual time=0.000..0.000 rows=0 loops=458223)
                                             Cache Key: t.kind_id
                                             Cache Mode: logical
                                             Hits: 458217  Misses: 6  Evictions: 0  Overflows: 0  Memory Usage: 1kB
                                             Buffers: shared hit=10 read=2
                                             ->  Index Scan using kind_type_pkey on kind_type kt  (cost=0.13..0.15 rows=1 width=4) (actual time=0.038..0.038 rows=0 loops=6)
                                                   Index Cond: (id = t.kind_id)
                                                   Filter: ((kind)::text = ANY ('{"tv movie","tv series","video game"}'::text[]))
                                                   Rows Removed by Filter: 0
                                                   Buffers: shared hit=10 read=2
                                 ->  Index Scan using movie_id_cast_info on cast_info ci  (cost=0.44..43.32 rows=38 width=12) (actual time=0.042..0.252 rows=20 loops=101813)
                                       Index Cond: (movie_id = t.id)
                                       Buffers: shared hit=1836091 read=490039
                           ->  Hash  (cost=1.15..1.15 rows=1 width=4) (actual time=0.017..0.018 rows=1 loops=1)
                                 Buckets: 1024  Batches: 1  Memory Usage: 9kB
                                 Buffers: shared hit=1
                                 ->  Seq Scan on role_type rt  (cost=0.00..1.15 rows=1 width=4) (actual time=0.009..0.010 rows=1 loops=1)
                                       Filter: ((role)::text = 'miscellaneous crew'::text)
                                       Rows Removed by Filter: 11
                                       Buffers: shared hit=1
                     ->  Index Scan using name_pkey on name n  (cost=0.43..2.32 rows=1 width=4) (actual time=0.040..0.040 rows=0 loops=332680)
                           Index Cond: (id = ci.person_id)
                           Filter: ((gender)::text = 'm'::text)
                           Rows Removed by Filter: 1
                           Buffers: shared hit=1250465 read=80255
 Planning:
   Buffers: shared hit=485 read=89
 Planning Time: 13.613 ms
 Execution Time: 66345.114 ms
(89 rows)

