                                                                                            QUERY PLAN                                                                                            
--------------------------------------------------------------------------------------------------------------------------------------------------------------------------------------------------
 Aggregate  (cost=742192.66..742192.67 rows=1 width=8) (actual time=1987.379..1987.388 rows=1 loops=1)
   Buffers: shared hit=101385 read=76699, temp read=1638 written=1638
   ->  Nested Loop  (cost=92536.29..742192.37 rows=119 width=0) (actual time=429.188..1987.340 rows=45 loops=1)
         Buffers: shared hit=101385 read=76699, temp read=1638 written=1638
         ->  Seq Scan on info_type it2  (cost=0.00..2.41 rows=1 width=4) (actual time=0.036..0.045 rows=1 loops=1)
               Filter: (id = 4)
               Rows Removed by Filter: 112
               Buffers: shared hit=1
         ->  Nested Loop  (cost=92536.29..742188.76 rows=119 width=4) (actual time=429.150..1987.275 rows=45 loops=1)
               Buffers: shared hit=101384 read=76699, temp read=1638 written=1638
               ->  Seq Scan on info_type it1  (cost=0.00..2.41 rows=1 width=4) (actual time=0.008..0.021 rows=1 loops=1)
                     Filter: (id = 3)
                     Rows Removed by Filter: 112
                     Buffers: shared hit=1
               ->  Nested Loop  (cost=92536.29..742185.16 rows=119 width=8) (actual time=429.140..1987.227 rows=45 loops=1)
                     Buffers: shared hit=101383 read=76699, temp read=1638 written=1638
                     ->  Hash Join  (cost=92535.86..740999.89 rows=511 width=12) (actual time=417.044..1897.477 rows=2474 loops=1)
                           Hash Cond: (ci.role_id = rt.id)
                           Buffers: shared hit=93192 read=74994, temp read=1638 written=1638
                           ->  Nested Loop  (cost=92534.69..740987.81 rows=3067 width=16) (actual time=416.932..1893.303 rows=30940 loops=1)
                                 Buffers: shared hit=93191 read=74994, temp read=1638 written=1638
                                 ->  Nested Loop  (cost=92534.25..731453.19 rows=214 width=20) (actual time=416.714..1525.949 rows=2888 loops=1)
                                       Buffers: shared hit=67419 read=61902, temp read=1638 written=1638
                                       ->  Hash Join  (cost=92533.81..481465.77 rows=5811 width=12) (actual time=416.574..892.093 rows=8208 loops=1)
                                             Hash Cond: (mi2.movie_id = t.id)
                                             Buffers: shared hit=4478 read=41326, temp read=1638 written=1638
                                             ->  Bitmap Heap Scan on movie_info mi2  (cost=13074.11..400314.81 rows=74972 width=8) (actual time=35.835..311.265 rows=948531 loops=1)
                                                   Recheck Cond: (info_type_id = 4)
                                                   Filter: ((info)::text = ANY ('{English,Italian,Japanese,Spanish,Turkish}'::text[]))
                                                   Rows Removed by Filter: 350458
                                                   Heap Blocks: exact=8393
                                                   Buffers: shared hit=3 read=9409
                                                   ->  Bitmap Index Scan on info_type_id_movie_info  (cost=0.00..13055.37 rows=1221191 width=0) (actual time=34.807..34.807 rows=1298989 loops=1)
                                                         Index Cond: (info_type_id = 4)
                                                         Buffers: shared read=1019
                                             ->  Hash  (cost=76244.10..76244.10 rows=195968 width=4) (actual time=377.922..377.925 rows=11843 loops=1)
                                                   Buckets: 262144  Batches: 2  Memory Usage: 2260kB
                                                   Buffers: shared hit=4475 read=31917, temp written=17
                                                   ->  Hash Join  (cost=1.13..76244.10 rows=195968 width=4) (actual time=0.119..375.289 rows=11843 loops=1)
                                                         Hash Cond: (t.kind_id = kt.id)
                                                         Buffers: shared hit=4475 read=31917
                                                         ->  Seq Scan on title t  (cost=0.00..74315.95 rows=457258 width=8) (actual time=0.023..349.699 rows=451569 loops=1)
                                                               Filter: ((production_year <= 1975) AND (1875 < production_year))
                                                               Rows Removed by Filter: 2076743
                                                               Buffers: shared hit=4474 read=31917
                                                         ->  Hash  (cost=1.10..1.10 rows=3 width=4) (actual time=0.013..0.014 rows=3 loops=1)
                                                               Buckets: 1024  Batches: 1  Memory Usage: 9kB
                                                               Buffers: shared hit=1
                                                               ->  Seq Scan on kind_type kt  (cost=0.00..1.10 rows=3 width=4) (actual time=0.006..0.007 rows=3 loops=1)
                                                                     Filter: ((kind)::text = ANY ('{"tv series","video game","video movie"}'::text[]))
                                                                     Rows Removed by Filter: 4
                                                                     Buffers: shared hit=1
                                       ->  Index Scan using movie_id_movie_info on movie_info mi1  (cost=0.43..43.01 rows=1 width=8) (actual time=0.076..0.077 rows=0 loops=8208)
                                             Index Cond: (movie_id = t.id)
                                             Filter: ((info_type_id = 3) AND ((info)::text = ANY ('{Action,Adult,Documentary,Drama,Mystery,Short}'::text[])))
                                             Rows Removed by Filter: 11
                                             Buffers: shared hit=62941 read=20576
                                 ->  Index Scan using movie_id_cast_info on cast_info ci  (cost=0.44..44.17 rows=38 width=12) (actual time=0.030..0.125 rows=11 loops=2888)
                                       Index Cond: (movie_id = t.id)
                                       Buffers: shared hit=25772 read=13092
                           ->  Hash  (cost=1.15..1.15 rows=2 width=4) (actual time=0.016..0.017 rows=2 loops=1)
                                 Buckets: 1024  Batches: 1  Memory Usage: 9kB
                                 Buffers: shared hit=1
                                 ->  Seq Scan on role_type rt  (cost=0.00..1.15 rows=2 width=4) (actual time=0.009..0.011 rows=2 loops=1)
                                       Filter: ((role)::text = ANY ('{composer,director}'::text[]))
                                       Rows Removed by Filter: 10
                                       Buffers: shared hit=1
                     ->  Index Scan using name_pkey on name n  (cost=0.43..2.32 rows=1 width=4) (actual time=0.036..0.036 rows=0 loops=2474)
                           Index Cond: (id = ci.person_id)
                           Filter: ((gender)::text = 'f'::text)
                           Rows Removed by Filter: 1
                           Buffers: shared hit=8191 read=1705
 Planning:
   Buffers: shared hit=487 read=87
 Planning Time: 13.610 ms
 Execution Time: 1987.883 ms
(76 rows)

