                                                                                                  QUERY PLAN                                                                                                  
--------------------------------------------------------------------------------------------------------------------------------------------------------------------------------------------------------------
 Aggregate  (cost=991682.78..991682.79 rows=1 width=8) (actual time=161139.106..161139.115 rows=1 loops=1)
   Buffers: shared hit=14232376 read=1844502, temp read=11034 written=10073
   ->  Nested Loop  (cost=879353.09..991680.42 rows=942 width=0) (actual time=1187.776..161050.777 rows=418383 loops=1)
         Buffers: shared hit=14232376 read=1844502, temp read=11034 written=10073
         ->  Seq Scan on info_type it2  (cost=0.00..2.41 rows=1 width=4) (actual time=0.033..0.045 rows=1 loops=1)
               Filter: (id = 4)
               Rows Removed by Filter: 112
               Buffers: shared hit=1
         ->  Nested Loop  (cost=879353.09..991668.59 rows=942 width=4) (actual time=1187.743..160957.043 rows=418383 loops=1)
               Buffers: shared hit=14232375 read=1844502, temp read=11034 written=10073
               ->  Seq Scan on info_type it1  (cost=0.00..2.41 rows=1 width=4) (actual time=0.006..0.019 rows=1 loops=1)
                     Filter: (id = 3)
                     Rows Removed by Filter: 112
                     Buffers: shared hit=1
               ->  Nested Loop  (cost=879353.09..991656.76 rows=942 width=8) (actual time=1187.735..160859.687 rows=418383 loops=1)
                     Buffers: shared hit=14232374 read=1844502, temp read=11034 written=10073
                     ->  Hash Join  (cost=879352.66..986447.11 rows=2246 width=12) (actual time=1186.224..113224.457 rows=1269403 loops=1)
                           Hash Cond: (ci.role_id = rt.id)
                           Buffers: shared hit=9418319 read=1580945, temp read=11034 written=10073
                           ->  Nested Loop  (cost=879351.49..986398.08 rows=13474 width=16) (actual time=1186.152..111436.666 rows=7509848 loops=1)
                                 Buffers: shared hit=9418318 read=1580945, temp read=11034 written=10073
                                 ->  Nested Loop  (cost=879351.05..945322.24 rows=940 width=20) (actual time=1186.130..24851.296 rows=405969 loops=1)
                                       Buffers: shared hit=2469889 read=46722, temp read=11034 written=10073
                                       ->  Nested Loop  (cost=879350.91..945268.67 rows=2194 width=24) (actual time=1185.394..24426.091 rows=473318 loops=1)
                                             Buffers: shared hit=2469877 read=46722, temp read=11034 written=10073
                                             ->  Merge Join  (cost=879350.48..880399.07 rows=20368 width=16) (actual time=1185.334..2194.645 rows=624053 loops=1)
                                                   Merge Cond: (mi1.movie_id = mi2.movie_id)
                                                   Buffers: shared hit=10396 read=9991, temp read=11034 written=10073
                                                   ->  Sort  (cost=443101.82..443342.37 rows=96218 width=8) (actual time=665.444..849.635 rows=927736 loops=1)
                                                         Sort Key: mi1.movie_id
                                                         Sort Method: external sort  Disk: 20056kB
                                                         Buffers: shared hit=984 read=9991, temp read=5004 written=5016
                                                         ->  Bitmap Heap Scan on movie_info mi1  (cost=16472.52..435137.85 rows=96218 width=8) (actual time=39.481..437.027 rows=927739 loops=1)
                                                               Recheck Cond: (info_type_id = 3)
                                                               Filter: ((info)::text = ANY ('{Action,Adventure,Documentary,Drama,Family,Romance,Short}'::text[]))
                                                               Rows Removed by Filter: 606170
                                                               Heap Blocks: exact=9772
                                                               Buffers: shared hit=984 read=9991
                                                               ->  Bitmap Index Scan on info_type_id_movie_info  (cost=0.00..16448.47 rows=1538671 width=0) (actual time=38.291..38.292 rows=1533909 loops=1)
                                                                     Index Cond: (info_type_id = 3)
                                                                     Buffers: shared hit=1 read=1202
                                                   ->  Sort  (cost=436248.65..436430.56 rows=72764 width=8) (actual time=519.878..785.309 rows=1121772 loops=1)
                                                         Sort Key: mi2.movie_id
                                                         Sort Method: external sort  Disk: 20216kB
                                                         Buffers: shared hit=9412, temp read=5537 written=5057
                                                         ->  Bitmap Heap Scan on movie_info mi2  (cost=13073.56..430372.62 rows=72764 width=8) (actual time=29.234..293.820 rows=935217 loops=1)
                                                               Recheck Cond: (info_type_id = 4)
                                                               Filter: ((info)::text = ANY ('{Dutch,English,Greek,Hindi,Portuguese,Spanish,Turkish}'::text[]))
                                                               Rows Removed by Filter: 363772
                                                               Heap Blocks: exact=8393
                                                               Buffers: shared hit=9412
                                                               ->  Bitmap Index Scan on info_type_id_movie_info  (cost=0.00..13055.37 rows=1221191 width=0) (actual time=28.204..28.204 rows=1298989 loops=1)
                                                                     Index Cond: (info_type_id = 4)
                                                                     Buffers: shared hit=1019
                                             ->  Index Scan using title_pkey on title t  (cost=0.43..3.18 rows=1 width=8) (actual time=0.035..0.035 rows=1 loops=624053)
                                                   Index Cond: (id = mi1.movie_id)
                                                   Filter: ((production_year <= 2015) AND (1975 < production_year))
                                                   Rows Removed by Filter: 0
                                                   Buffers: shared hit=2459481 read=36731
                                       ->  Memoize  (cost=0.14..0.16 rows=1 width=4) (actual time=0.000..0.000 rows=1 loops=473318)
                                             Cache Key: t.kind_id
                                             Cache Mode: logical
                                             Hits: 473312  Misses: 6  Evictions: 0  Overflows: 0  Memory Usage: 1kB
                                             Buffers: shared hit=12
                                             ->  Index Scan using kind_type_pkey on kind_type kt  (cost=0.13..0.15 rows=1 width=4) (actual time=0.012..0.012 rows=0 loops=6)
                                                   Index Cond: (id = t.kind_id)
                                                   Filter: ((kind)::text = ANY ('{episode,movie,"video movie"}'::text[]))
                                                   Rows Removed by Filter: 0
                                                   Buffers: shared hit=12
                                 ->  Index Scan using movie_id_cast_info on cast_info ci  (cost=0.44..43.32 rows=38 width=12) (actual time=0.037..0.208 rows=18 loops=405969)
                                       Index Cond: (movie_id = t.id)
                                       Buffers: shared hit=6948429 read=1534223
                           ->  Hash  (cost=1.15..1.15 rows=2 width=4) (actual time=0.015..0.016 rows=2 loops=1)
                                 Buckets: 1024  Batches: 1  Memory Usage: 9kB
                                 Buffers: shared hit=1
                                 ->  Seq Scan on role_type rt  (cost=0.00..1.15 rows=2 width=4) (actual time=0.008..0.010 rows=2 loops=1)
                                       Filter: ((role)::text = ANY ('{cinematographer,producer}'::text[]))
                                       Rows Removed by Filter: 10
                                       Buffers: shared hit=1
                     ->  Index Scan using name_pkey on name n  (cost=0.43..2.32 rows=1 width=4) (actual time=0.037..0.037 rows=0 loops=1269403)
                           Index Cond: (id = ci.person_id)
                           Filter: ((gender)::text = 'm'::text)
                           Rows Removed by Filter: 1
                           Buffers: shared hit=4814055 read=263557
 Planning:
   Buffers: shared hit=574
 Planning Time: 10.800 ms
 Execution Time: 161150.997 ms
(88 rows)

