                                                                                               QUERY PLAN                                                                                               
--------------------------------------------------------------------------------------------------------------------------------------------------------------------------------------------------------
 Aggregate  (cost=356043.00..356043.01 rows=1 width=8) (actual time=2300.377..2300.384 rows=1 loops=1)
   Buffers: shared hit=187528 read=42799
   ->  Nested Loop  (cost=13059.41..356043.00 rows=1 width=0) (actual time=115.595..2300.342 rows=28 loops=1)
         Buffers: shared hit=187528 read=42799
         ->  Hash Join  (cost=13058.98..356040.68 rows=1 width=4) (actual time=95.743..2206.077 rows=2329 loops=1)
               Hash Cond: (ci.role_id = rt.id)
               Buffers: shared hit=178476 read=42535
               ->  Nested Loop  (cost=13057.82..356039.47 rows=14 width=8) (actual time=92.709..2195.612 rows=74679 loops=1)
                     Buffers: shared hit=178475 read=42535
                     ->  Nested Loop  (cost=13057.38..355995.10 rows=1 width=12) (actual time=92.656..1489.022 rows=2601 loops=1)
                           Buffers: shared hit=104926 read=36091
                           ->  Nested Loop  (cost=13057.38..355992.67 rows=1 width=16) (actual time=92.650..1442.479 rows=2601 loops=1)
                                 Buffers: shared hit=102325 read=36091
                                 ->  Nested Loop  (cost=13057.38..355990.25 rows=1 width=20) (actual time=92.630..1394.571 rows=2601 loops=1)
                                       Buffers: shared hit=99724 read=36091
                                       ->  Hash Join  (cost=13056.95..355733.79 rows=6 width=12) (actual time=37.818..874.946 rows=6673 loops=1)
                                             Hash Cond: (t.kind_id = kt.id)
                                             Buffers: shared hit=55763 read=21142
                                             ->  Nested Loop  (cost=13055.81..355732.60 rows=13 width=16) (actual time=35.193..872.046 rows=6891 loops=1)
                                                   Buffers: shared hit=55762 read=21142
                                                   ->  Bitmap Heap Scan on movie_info mi2  (cost=13055.38..355208.54 rows=62 width=8) (actual time=35.143..337.849 rows=16873 loops=1)
                                                         Recheck Cond: (info_type_id = 4)
                                                         Filter: ((info)::text = ANY ('{Czech,Hindi}'::text[]))
                                                         Rows Removed by Filter: 1282116
                                                         Heap Blocks: exact=8393
                                                         Buffers: shared hit=3 read=9409
                                                         ->  Bitmap Index Scan on info_type_id_movie_info  (cost=0.00..13055.37 rows=1221191 width=0) (actual time=33.228..33.228 rows=1298989 loops=1)
                                                               Index Cond: (info_type_id = 4)
                                                               Buffers: shared read=1019
                                                   ->  Index Scan using title_pkey on title t  (cost=0.43..8.45 rows=1 width=8) (actual time=0.031..0.031 rows=0 loops=16873)
                                                         Index Cond: (id = mi2.movie_id)
                                                         Filter: ((production_year <= 1990) AND (1950 < production_year))
                                                         Rows Removed by Filter: 1
                                                         Buffers: shared hit=55759 read=11733
                                             ->  Hash  (cost=1.10..1.10 rows=3 width=4) (actual time=0.013..0.014 rows=3 loops=1)
                                                   Buckets: 1024  Batches: 1  Memory Usage: 9kB
                                                   Buffers: shared hit=1
                                                   ->  Seq Scan on kind_type kt  (cost=0.00..1.10 rows=3 width=4) (actual time=0.007..0.008 rows=3 loops=1)
                                                         Filter: ((kind)::text = ANY ('{episode,movie,"tv movie"}'::text[]))
                                                         Rows Removed by Filter: 4
                                                         Buffers: shared hit=1
                                       ->  Index Scan using movie_id_movie_info on movie_info mi1  (cost=0.43..42.73 rows=1 width=8) (actual time=0.077..0.077 rows=0 loops=6673)
                                             Index Cond: (movie_id = t.id)
                                             Filter: ((info_type_id = 3) AND ((info)::text = ANY ('{Action,Comedy,Romance}'::text[])))
                                             Rows Removed by Filter: 7
                                             Buffers: shared hit=43961 read=14949
                                 ->  Seq Scan on info_type it1  (cost=0.00..2.41 rows=1 width=4) (actual time=0.009..0.017 rows=1 loops=2601)
                                       Filter: (id = 3)
                                       Rows Removed by Filter: 112
                                       Buffers: shared hit=2601
                           ->  Seq Scan on info_type it2  (cost=0.00..2.41 rows=1 width=4) (actual time=0.009..0.016 rows=1 loops=2601)
                                 Filter: (id = 4)
                                 Rows Removed by Filter: 112
                                 Buffers: shared hit=2601
                     ->  Index Scan using movie_id_cast_info on cast_info ci  (cost=0.44..43.99 rows=38 width=12) (actual time=0.038..0.265 rows=29 loops=2601)
                           Index Cond: (movie_id = t.id)
                           Buffers: shared hit=73549 read=6444
               ->  Hash  (cost=1.15..1.15 rows=1 width=4) (actual time=0.025..0.026 rows=1 loops=1)
                     Buckets: 1024  Batches: 1  Memory Usage: 9kB
                     Buffers: shared hit=1
                     ->  Seq Scan on role_type rt  (cost=0.00..1.15 rows=1 width=4) (actual time=0.020..0.021 rows=1 loops=1)
                           Filter: ((role)::text = 'producer'::text)
                           Rows Removed by Filter: 11
                           Buffers: shared hit=1
         ->  Index Scan using name_pkey on name n  (cost=0.43..2.32 rows=1 width=4) (actual time=0.040..0.040 rows=0 loops=2329)
               Index Cond: (id = ci.person_id)
               Filter: ((gender)::text = 'f'::text)
               Rows Removed by Filter: 1
               Buffers: shared hit=9052 read=264
 Planning:
   Buffers: shared hit=485 read=89
 Planning Time: 10.614 ms
 Execution Time: 2300.817 ms
(73 rows)

