                                                                                            QUERY PLAN                                                                                            
--------------------------------------------------------------------------------------------------------------------------------------------------------------------------------------------------
 Aggregate  (cost=775474.25..775474.26 rows=1 width=8) (actual time=2429.595..2429.605 rows=1 loops=1)
   Buffers: shared hit=145251 read=73510, temp read=1749 written=1749
   ->  Nested Loop  (cost=92537.39..775473.86 rows=154 width=0) (actual time=454.506..2429.395 rows=323 loops=1)
         Buffers: shared hit=145251 read=73510, temp read=1749 written=1749
         ->  Seq Scan on info_type it2  (cost=0.00..2.41 rows=1 width=4) (actual time=0.045..0.055 rows=1 loops=1)
               Filter: (id = 4)
               Rows Removed by Filter: 112
               Buffers: shared hit=1
         ->  Nested Loop  (cost=92537.39..775469.91 rows=154 width=4) (actual time=454.459..2429.225 rows=323 loops=1)
               Buffers: shared hit=145250 read=73510, temp read=1749 written=1749
               ->  Seq Scan on info_type it1  (cost=0.00..2.41 rows=1 width=4) (actual time=0.009..0.021 rows=1 loops=1)
                     Filter: (id = 3)
                     Rows Removed by Filter: 112
                     Buffers: shared hit=1
               ->  Nested Loop  (cost=92537.39..775465.96 rows=154 width=8) (actual time=454.447..2429.069 rows=323 loops=1)
                     Buffers: shared hit=145249 read=73510, temp read=1749 written=1749
                     ->  Hash Join  (cost=92536.96..773925.80 rows=664 width=12) (actual time=450.209..2240.836 rows=5904 loops=1)
                           Hash Cond: (ci.role_id = rt.id)
                           Buffers: shared hit=125148 read=69995, temp read=1749 written=1749
                           ->  Nested Loop  (cost=92535.79..773910.47 rows=3985 width=16) (actual time=450.095..2234.050 rows=43138 loops=1)
                                 Buffers: shared hit=125147 read=69995, temp read=1749 written=1749
                                 ->  Nested Loop  (cost=92535.35..761524.36 rows=278 width=20) (actual time=449.932..1675.186 rows=5135 loops=1)
                                       Buffers: shared hit=90810 read=46830, temp read=1749 written=1749
                                       ->  Hash Join  (cost=92534.91..496551.94 rows=6152 width=12) (actual time=449.838..951.597 rows=9134 loops=1)
                                             Hash Cond: (mi2.movie_id = t.id)
                                             Buffers: shared hit=20046 read=25758, temp read=1749 written=1749
                                             ->  Bitmap Heap Scan on movie_info mi2  (cost=13075.21..415345.09 rows=79368 width=8) (actual time=34.570..304.710 rows=1013030 loops=1)
                                                   Recheck Cond: (info_type_id = 4)
                                                   Filter: ((info)::text = ANY ('{English,German,Italian,Japanese,Serbo-Croatian,Spanish}'::text[]))
                                                   Rows Removed by Filter: 285959
                                                   Heap Blocks: exact=8393
                                                   Buffers: shared hit=9412
                                                   ->  Bitmap Index Scan on info_type_id_movie_info  (cost=0.00..13055.37 rows=1221191 width=0) (actual time=33.529..33.529 rows=1298989 loops=1)
                                                         Index Cond: (info_type_id = 4)
                                                         Buffers: shared hit=1019
                                             ->  Hash  (cost=76244.10..76244.10 rows=195968 width=4) (actual time=412.466..412.470 rows=11843 loops=1)
                                                   Buckets: 262144  Batches: 2  Memory Usage: 2260kB
                                                   Buffers: shared hit=10634 read=25758, temp written=17
                                                   ->  Hash Join  (cost=1.13..76244.10 rows=195968 width=4) (actual time=0.224..409.619 rows=11843 loops=1)
                                                         Hash Cond: (t.kind_id = kt.id)
                                                         Buffers: shared hit=10634 read=25758
                                                         ->  Seq Scan on title t  (cost=0.00..74315.95 rows=457258 width=8) (actual time=0.085..383.630 rows=451569 loops=1)
                                                               Filter: ((production_year <= 1975) AND (1875 < production_year))
                                                               Rows Removed by Filter: 2076743
                                                               Buffers: shared hit=10633 read=25758
                                                         ->  Hash  (cost=1.10..1.10 rows=3 width=4) (actual time=0.016..0.017 rows=3 loops=1)
                                                               Buckets: 1024  Batches: 1  Memory Usage: 9kB
                                                               Buffers: shared hit=1
                                                               ->  Seq Scan on kind_type kt  (cost=0.00..1.10 rows=3 width=4) (actual time=0.008..0.009 rows=3 loops=1)
                                                                     Filter: ((kind)::text = ANY ('{"tv series","video game","video movie"}'::text[]))
                                                                     Rows Removed by Filter: 4
                                                                     Buffers: shared hit=1
                                       ->  Index Scan using movie_id_movie_info on movie_info mi1  (cost=0.43..43.06 rows=1 width=8) (actual time=0.077..0.079 rows=1 loops=9134)
                                             Index Cond: (movie_id = t.id)
                                             Filter: ((info_type_id = 3) AND ((info)::text = ANY ('{Adult,Comedy,Crime,Documentary,Drama,Short,Thriller}'::text[])))
                                             Rows Removed by Filter: 10
                                             Buffers: shared hit=70764 read=21072
                                 ->  Index Scan using movie_id_cast_info on cast_info ci  (cost=0.44..44.17 rows=38 width=12) (actual time=0.034..0.107 rows=8 loops=5135)
                                       Index Cond: (movie_id = t.id)
                                       Buffers: shared hit=34337 read=23165
                           ->  Hash  (cost=1.15..1.15 rows=2 width=4) (actual time=0.019..0.020 rows=2 loops=1)
                                 Buckets: 1024  Batches: 1  Memory Usage: 9kB
                                 Buffers: shared hit=1
                                 ->  Seq Scan on role_type rt  (cost=0.00..1.15 rows=2 width=4) (actual time=0.011..0.014 rows=2 loops=1)
                                       Filter: ((role)::text = ANY ('{"costume designer",writer}'::text[]))
                                       Rows Removed by Filter: 10
                                       Buffers: shared hit=1
                     ->  Index Scan using name_pkey on name n  (cost=0.43..2.32 rows=1 width=4) (actual time=0.032..0.032 rows=0 loops=5904)
                           Index Cond: (id = ci.person_id)
                           Filter: ((gender)::text = 'f'::text)
                           Rows Removed by Filter: 1
                           Buffers: shared hit=20101 read=3515
 Planning:
   Buffers: shared hit=574
 Planning Time: 13.905 ms
 Execution Time: 2430.169 ms
(76 rows)

