                                                                                            QUERY PLAN                                                                                            
--------------------------------------------------------------------------------------------------------------------------------------------------------------------------------------------------
 Aggregate  (cost=633363.75..633363.76 rows=1 width=8) (actual time=23968.301..23968.312 rows=1 loops=1)
   Buffers: shared hit=2217436 read=224747, temp read=2566 written=2566
   ->  Nested Loop  (cost=95924.64..633363.66 rows=36 width=0) (actual time=954.803..23968.020 rows=206 loops=1)
         Buffers: shared hit=2217436 read=224747, temp read=2566 written=2566
         ->  Seq Scan on info_type it2  (cost=0.00..2.41 rows=1 width=4) (actual time=0.039..0.050 rows=1 loops=1)
               Filter: (id = 4)
               Rows Removed by Filter: 112
               Buffers: shared hit=1
         ->  Nested Loop  (cost=95924.64..633360.89 rows=36 width=4) (actual time=954.762..23967.824 rows=206 loops=1)
               Buffers: shared hit=2217435 read=224747, temp read=2566 written=2566
               ->  Seq Scan on info_type it1  (cost=0.00..2.41 rows=1 width=4) (actual time=0.012..0.025 rows=1 loops=1)
                     Filter: (id = 3)
                     Rows Removed by Filter: 112
                     Buffers: shared hit=1
               ->  Nested Loop  (cost=95924.64..633358.12 rows=36 width=8) (actual time=954.747..23967.656 rows=206 loops=1)
                     Buffers: shared hit=2217434 read=224747, temp read=2566 written=2566
                     ->  Hash Join  (cost=95924.21..633000.91 rows=154 width=12) (actual time=565.639..23671.696 rows=6728 loops=1)
                           Hash Cond: (ci.role_id = rt.id)
                           Buffers: shared hit=2195650 read=219619, temp read=2566 written=2566
                           ->  Nested Loop  (cost=95923.05..632993.18 rows=1849 width=16) (actual time=562.210..23576.609 rows=460995 loops=1)
                                 Buffers: shared hit=2195649 read=219619, temp read=2566 written=2566
                                 ->  Nested Loop  (cost=95922.61..627245.67 rows=129 width=20) (actual time=562.178..16029.592 rows=103549 loops=1)
                                       Buffers: shared hit=1523304 read=129012, temp read=2566 written=2566
                                       ->  Hash Join  (cost=95922.17..440497.20 rows=4341 width=12) (actual time=562.125..1471.688 rows=163840 loops=1)
                                             Hash Cond: (mi1.movie_id = t.id)
                                             Buffers: shared hit=11908 read=35459, temp read=2566 written=2566
                                             ->  Bitmap Heap Scan on movie_info mi1  (cost=16462.47..359580.05 rows=56008 width=8) (actual time=42.020..526.705 rows=522802 loops=1)
                                                   Recheck Cond: (info_type_id = 3)
                                                   Filter: ((info)::text = ANY ('{Documentary,Short}'::text[]))
                                                   Rows Removed by Filter: 1011107
                                                   Heap Blocks: exact=9772
                                                   Buffers: shared hit=1481 read=9494
                                                   ->  Bitmap Index Scan on info_type_id_movie_info  (cost=0.00..16448.47 rows=1538671 width=0) (actual time=40.802..40.803 rows=1533909 loops=1)
                                                         Index Cond: (info_type_id = 3)
                                                         Buffers: shared read=1203
                                             ->  Hash  (cost=76244.10..76244.10 rows=195968 width=4) (actual time=518.573..518.576 rows=439726 loops=1)
                                                   Buckets: 262144 (originally 262144)  Batches: 4 (originally 2)  Memory Usage: 6145kB
                                                   Buffers: shared hit=10427 read=25965, temp written=966
                                                   ->  Hash Join  (cost=1.13..76244.10 rows=195968 width=4) (actual time=0.049..440.066 rows=439726 loops=1)
                                                         Hash Cond: (t.kind_id = kt.id)
                                                         Buffers: shared hit=10427 read=25965
                                                         ->  Seq Scan on title t  (cost=0.00..74315.95 rows=457258 width=8) (actual time=0.026..386.042 rows=451569 loops=1)
                                                               Filter: ((production_year <= 1975) AND (1875 < production_year))
                                                               Rows Removed by Filter: 2076743
                                                               Buffers: shared hit=10426 read=25965
                                                         ->  Hash  (cost=1.10..1.10 rows=3 width=4) (actual time=0.013..0.014 rows=3 loops=1)
                                                               Buckets: 1024  Batches: 1  Memory Usage: 9kB
                                                               Buffers: shared hit=1
                                                               ->  Seq Scan on kind_type kt  (cost=0.00..1.10 rows=3 width=4) (actual time=0.008..0.010 rows=3 loops=1)
                                                                     Filter: ((kind)::text = ANY ('{episode,movie,"tv movie"}'::text[]))
                                                                     Rows Removed by Filter: 4
                                                                     Buffers: shared hit=1
                                       ->  Index Scan using movie_id_movie_info on movie_info mi2  (cost=0.43..43.01 rows=1 width=8) (actual time=0.052..0.088 rows=1 loops=163840)
                                             Index Cond: (movie_id = t.id)
                                             Filter: ((info_type_id = 4) AND ((info)::text = ANY ('{English,French,German,Italian,Portuguese,Serbo-Croatian}'::text[])))
                                             Rows Removed by Filter: 10
                                             Buffers: shared hit=1511396 read=93553
                                 ->  Index Scan using movie_id_cast_info on cast_info ci  (cost=0.44..44.17 rows=38 width=12) (actual time=0.035..0.071 rows=4 loops=103549)
                                       Index Cond: (movie_id = t.id)
                                       Buffers: shared hit=672345 read=90607
                           ->  Hash  (cost=1.15..1.15 rows=1 width=4) (actual time=0.018..0.019 rows=1 loops=1)
                                 Buckets: 1024  Batches: 1  Memory Usage: 9kB
                                 Buffers: shared hit=1
                                 ->  Seq Scan on role_type rt  (cost=0.00..1.15 rows=1 width=4) (actual time=0.011..0.012 rows=1 loops=1)
                                       Filter: ((role)::text = 'miscellaneous crew'::text)
                                       Rows Removed by Filter: 11
                                       Buffers: shared hit=1
                     ->  Index Scan using name_pkey on name n  (cost=0.43..2.32 rows=1 width=4) (actual time=0.043..0.043 rows=0 loops=6728)
                           Index Cond: (id = ci.person_id)
                           Filter: ((gender)::text = 'f'::text)
                           Rows Removed by Filter: 1
                           Buffers: shared hit=21784 read=5128
 Planning:
   Buffers: shared hit=529 read=45
 Planning Time: 14.245 ms
 Execution Time: 23968.951 ms
(76 rows)

