                                                                                            QUERY PLAN                                                                                            
--------------------------------------------------------------------------------------------------------------------------------------------------------------------------------------------------
 Aggregate  (cost=636466.18..636466.19 rows=1 width=8) (actual time=26945.257..26945.268 rows=1 loops=1)
   Buffers: shared hit=1924622 read=573900, temp read=2337 written=2337
   ->  Nested Loop  (cost=96916.81..636466.11 rows=26 width=0) (actual time=605.374..26944.978 rows=220 loops=1)
         Buffers: shared hit=1924622 read=573900, temp read=2337 written=2337
         ->  Seq Scan on info_type it2  (cost=0.00..2.41 rows=1 width=4) (actual time=0.041..0.053 rows=1 loops=1)
               Filter: (id = 4)
               Rows Removed by Filter: 112
               Buffers: shared hit=1
         ->  Nested Loop  (cost=96916.81..636463.44 rows=26 width=4) (actual time=605.331..26944.802 rows=220 loops=1)
               Buffers: shared hit=1924621 read=573900, temp read=2337 written=2337
               ->  Seq Scan on info_type it1  (cost=0.00..2.41 rows=1 width=4) (actual time=0.007..0.021 rows=1 loops=1)
                     Filter: (id = 3)
                     Rows Removed by Filter: 112
                     Buffers: shared hit=1
               ->  Nested Loop  (cost=96916.81..636460.77 rows=26 width=8) (actual time=605.321..26944.635 rows=220 loops=1)
                     Buffers: shared hit=1924620 read=573900, temp read=2337 written=2337
                     ->  Hash Join  (cost=96916.38..636203.30 rows=111 width=12) (actual time=595.154..25482.675 rows=37858 loops=1)
                           Hash Cond: (ci.role_id = rt.id)
                           Buffers: shared hit=1783542 read=563546, temp read=2337 written=2337
                           ->  Nested Loop  (cost=96915.22..636197.40 rows=1333 width=16) (actual time=594.011..25271.844 rows=1317728 loops=1)
                                 Buffers: shared hit=1783541 read=563546, temp read=2337 written=2337
                                 ->  Nested Loop  (cost=96914.78..632070.62 rows=93 width=20) (actual time=593.970..10452.654 rows=43338 loops=1)
                                       Buffers: shared hit=686621 read=234589, temp read=2337 written=2337
                                       ->  Hash Join  (cost=96914.34..486731.55 rows=3384 width=12) (actual time=593.908..1454.583 rows=73019 loops=1)
                                             Hash Cond: (mi1.movie_id = t.id)
                                             Buffers: shared hit=4972 read=42395, temp read=2337 written=2337
                                             ->  Bitmap Heap Scan on movie_info mi1  (cost=16457.61..404903.84 rows=36569 width=8) (actual time=41.013..582.623 rows=377479 loops=1)
                                                   Recheck Cond: (info_type_id = 3)
                                                   Filter: ((info)::text = ANY ('{Drama,Horror,Romance,Sport,Thriller}'::text[]))
                                                   Rows Removed by Filter: 1156430
                                                   Heap Blocks: exact=9772
                                                   Buffers: shared hit=4971 read=6004
                                                   ->  Bitmap Index Scan on info_type_id_movie_info  (cost=0.00..16448.47 rows=1538671 width=0) (actual time=39.802..39.802 rows=1533909 loops=1)
                                                         Index Cond: (info_type_id = 3)
                                                         Buffers: shared read=1203
                                             ->  Hash  (cost=76617.93..76617.93 rows=233984 width=4) (actual time=551.249..551.253 rows=504538 loops=1)
                                                   Buckets: 262144 (originally 262144)  Batches: 4 (originally 2)  Memory Usage: 6483kB
                                                   Buffers: shared hit=1 read=36391, temp written=1107
                                                   ->  Hash Join  (cost=1.13..76617.93 rows=233984 width=4) (actual time=0.054..462.281 rows=504538 loops=1)
                                                         Hash Cond: (t.kind_id = kt.id)
                                                         Buffers: shared hit=1 read=36391
                                                         ->  Seq Scan on title t  (cost=0.00..74315.95 rows=545963 width=8) (actual time=0.028..399.921 rows=538239 loops=1)
                                                               Filter: ((production_year <= 1990) AND (1950 < production_year))
                                                               Rows Removed by Filter: 1990073
                                                               Buffers: shared read=36391
                                                         ->  Hash  (cost=1.10..1.10 rows=3 width=4) (actual time=0.014..0.015 rows=3 loops=1)
                                                               Buckets: 1024  Batches: 1  Memory Usage: 9kB
                                                               Buffers: shared hit=1
                                                               ->  Seq Scan on kind_type kt  (cost=0.00..1.10 rows=3 width=4) (actual time=0.008..0.010 rows=3 loops=1)
                                                                     Filter: ((kind)::text = ANY ('{episode,movie,"tv movie"}'::text[]))
                                                                     Rows Removed by Filter: 4
                                                                     Buffers: shared hit=1
                                       ->  Index Scan using movie_id_movie_info on movie_info mi2  (cost=0.43..42.94 rows=1 width=8) (actual time=0.068..0.123 rows=1 loops=73019)
                                             Index Cond: (movie_id = t.id)
                                             Filter: ((info_type_id = 4) AND ((info)::text = ANY ('{English,Hindi,Korean,Mandarin,Russian,Spanish,Turkish}'::text[])))
                                             Rows Removed by Filter: 19
                                             Buffers: shared hit=681649 read=192194
                                 ->  Index Scan using movie_id_cast_info on cast_info ci  (cost=0.44..43.99 rows=38 width=12) (actual time=0.039..0.334 rows=30 loops=43338)
                                       Index Cond: (movie_id = t.id)
                                       Buffers: shared hit=1096920 read=328957
                           ->  Hash  (cost=1.15..1.15 rows=1 width=4) (actual time=0.018..0.019 rows=1 loops=1)
                                 Buckets: 1024  Batches: 1  Memory Usage: 9kB
                                 Buffers: shared hit=1
                                 ->  Seq Scan on role_type rt  (cost=0.00..1.15 rows=1 width=4) (actual time=0.011..0.013 rows=1 loops=1)
                                       Filter: ((role)::text = 'cinematographer'::text)
                                       Rows Removed by Filter: 11
                                       Buffers: shared hit=1
                     ->  Index Scan using name_pkey on name n  (cost=0.43..2.32 rows=1 width=4) (actual time=0.038..0.038 rows=0 loops=37858)
                           Index Cond: (id = ci.person_id)
                           Filter: ((gender)::text = 'f'::text)
                           Rows Removed by Filter: 1
                           Buffers: shared hit=141078 read=10354
 Planning:
   Buffers: shared hit=482 read=92
 Planning Time: 12.804 ms
 Execution Time: 26945.889 ms
(76 rows)

