                                                                                            QUERY PLAN                                                                                            
--------------------------------------------------------------------------------------------------------------------------------------------------------------------------------------------------
 Aggregate  (cost=684393.36..684393.37 rows=1 width=8) (actual time=42584.479..42584.491 rows=1 loops=1)
   Buffers: shared hit=3885650 read=487459, temp read=2749 written=2749
   ->  Nested Loop  (cost=90777.80..684393.25 rows=43 width=0) (actual time=650.144..42581.733 rows=4289 loops=1)
         Buffers: shared hit=3885650 read=487459, temp read=2749 written=2749
         ->  Seq Scan on info_type it2  (cost=0.00..2.41 rows=1 width=4) (actual time=0.040..0.052 rows=1 loops=1)
               Filter: (id = 4)
               Rows Removed by Filter: 112
               Buffers: shared hit=1
         ->  Nested Loop  (cost=90777.80..684390.41 rows=43 width=4) (actual time=650.103..42579.908 rows=4289 loops=1)
               Buffers: shared hit=3885649 read=487459, temp read=2749 written=2749
               ->  Seq Scan on info_type it1  (cost=0.00..2.41 rows=1 width=4) (actual time=0.008..0.024 rows=1 loops=1)
                     Filter: (id = 3)
                     Rows Removed by Filter: 112
                     Buffers: shared hit=1
               ->  Nested Loop  (cost=90777.80..684387.57 rows=43 width=8) (actual time=650.092..42577.988 rows=4289 loops=1)
                     Buffers: shared hit=3885648 read=487459, temp read=2749 written=2749
                     ->  Hash Join  (cost=90777.37..683958.45 rows=185 width=12) (actual time=528.195..37110.313 rows=150896 loops=1)
                           Hash Cond: (ci.role_id = rt.id)
                           Buffers: shared hit=3310153 read=459370, temp read=2749 written=2749
                           ->  Nested Loop  (cost=90776.21..683949.40 rows=2222 width=16) (actual time=528.082..36754.996 rows=1846980 loops=1)
                                 Buffers: shared hit=3310152 read=459370, temp read=2749 written=2749
                                 ->  Nested Loop  (cost=90775.77..676993.09 rows=155 width=20) (actual time=528.033..17370.055 rows=84752 loops=1)
                                       Buffers: shared hit=1452368 read=248619, temp read=2749 written=2749
                                       ->  Hash Join  (cost=90775.33..493352.98 rows=4242 width=12) (actual time=516.995..1835.294 rows=150283 loops=1)
                                             Hash Cond: (mi2.movie_id = t.id)
                                             Buffers: shared hit=592 read=45212, temp read=2749 written=2749
                                             ->  Bitmap Heap Scan on movie_info mi2  (cost=13073.06..415342.94 rows=70760 width=8) (actual time=34.216..627.160 rows=911400 loops=1)
                                                   Recheck Cond: (info_type_id = 4)
                                                   Filter: ((info)::text = ANY ('{English,Finnish,Portuguese,Serbo-Croatian,Spanish,Turkish}'::text[]))
                                                   Rows Removed by Filter: 387589
                                                   Heap Blocks: exact=8393
                                                   Buffers: shared hit=591 read=8821
                                                   ->  Bitmap Index Scan on info_type_id_movie_info  (cost=0.00..13055.37 rows=1221191 width=0) (actual time=33.154..33.154 rows=1298989 loops=1)
                                                         Index Cond: (info_type_id = 4)
                                                         Buffers: shared read=1019
                                             ->  Hash  (cost=75807.58..75807.58 rows=151576 width=4) (actual time=479.665..479.669 rows=335746 loops=1)
                                                   Buckets: 262144 (originally 262144)  Batches: 2 (originally 1)  Memory Usage: 7957kB
                                                   Buffers: shared hit=1 read=36391, temp written=491
                                                   ->  Hash Join  (cost=1.13..75807.58 rows=151576 width=4) (actual time=0.053..411.814 rows=335746 loops=1)
                                                         Hash Cond: (t.kind_id = kt.id)
                                                         Buffers: shared hit=1 read=36391
                                                         ->  Seq Scan on title t  (cost=0.00..74315.95 rows=353677 width=8) (actual time=0.026..370.786 rows=347589 loops=1)
                                                               Filter: ((production_year <= 1975) AND (1925 < production_year))
                                                               Rows Removed by Filter: 2180723
                                                               Buffers: shared read=36391
                                                         ->  Hash  (cost=1.10..1.10 rows=3 width=4) (actual time=0.020..0.022 rows=3 loops=1)
                                                               Buckets: 1024  Batches: 1  Memory Usage: 9kB
                                                               Buffers: shared hit=1
                                                               ->  Seq Scan on kind_type kt  (cost=0.00..1.10 rows=3 width=4) (actual time=0.008..0.009 rows=3 loops=1)
                                                                     Filter: ((kind)::text = ANY ('{episode,movie,"tv movie"}'::text[]))
                                                                     Rows Removed by Filter: 4
                                                                     Buffers: shared hit=1
                                       ->  Index Scan using movie_id_movie_info on movie_info mi1  (cost=0.43..43.28 rows=1 width=8) (actual time=0.102..0.103 rows=1 loops=150283)
                                             Index Cond: (movie_id = t.id)
                                             Filter: ((info_type_id = 3) AND ((info)::text = ANY ('{Biography,Comedy,Crime,Drama,Musical,Romance,Short}'::text[])))
                                             Rows Removed by Filter: 12
                                             Buffers: shared hit=1451776 read=203407
                                 ->  Index Scan using movie_id_cast_info on cast_info ci  (cost=0.44..44.50 rows=38 width=12) (actual time=0.036..0.222 rows=22 loops=84752)
                                       Index Cond: (movie_id = t.id)
                                       Buffers: shared hit=1857784 read=210751
                           ->  Hash  (cost=1.15..1.15 rows=1 width=4) (actual time=0.015..0.016 rows=1 loops=1)
                                 Buckets: 1024  Batches: 1  Memory Usage: 9kB
                                 Buffers: shared hit=1
                                 ->  Seq Scan on role_type rt  (cost=0.00..1.15 rows=1 width=4) (actual time=0.009..0.010 rows=1 loops=1)
                                       Filter: ((role)::text = 'writer'::text)
                                       Rows Removed by Filter: 11
                                       Buffers: shared hit=1
                     ->  Index Scan using name_pkey on name n  (cost=0.43..2.32 rows=1 width=4) (actual time=0.036..0.036 rows=0 loops=150896)
                           Index Cond: (id = ci.person_id)
                           Filter: ((gender)::text = 'f'::text)
                           Rows Removed by Filter: 1
                           Buffers: shared hit=575495 read=28089
 Planning:
   Buffers: shared hit=482 read=92
 Planning Time: 10.904 ms
 Execution Time: 42585.116 ms
(76 rows)

