                                                                                            QUERY PLAN                                                                                            
--------------------------------------------------------------------------------------------------------------------------------------------------------------------------------------------------
 Aggregate  (cost=990632.83..990632.84 rows=1 width=8) (actual time=80524.792..80524.802 rows=1 loops=1)
   Buffers: shared hit=7435753 read=281782, temp read=21484 written=21484
   ->  Nested Loop  (cost=528595.15..990632.16 rows=270 width=0) (actual time=1796.278..80503.428 rows=101567 loops=1)
         Buffers: shared hit=7435753 read=281782, temp read=21484 written=21484
         ->  Seq Scan on info_type it2  (cost=0.00..2.41 rows=1 width=4) (actual time=0.034..0.041 rows=1 loops=1)
               Filter: (id = 4)
               Rows Removed by Filter: 112
               Buffers: shared hit=1
         ->  Nested Loop  (cost=528595.15..990627.04 rows=270 width=4) (actual time=1796.242..80481.714 rows=101567 loops=1)
               Buffers: shared hit=7435752 read=281782, temp read=21484 written=21484
               ->  Seq Scan on info_type it1  (cost=0.00..2.41 rows=1 width=4) (actual time=0.011..0.023 rows=1 loops=1)
                     Filter: (id = 3)
                     Rows Removed by Filter: 112
                     Buffers: shared hit=1
               ->  Nested Loop  (cost=528595.15..990621.93 rows=270 width=8) (actual time=1796.229..80459.308 rows=101567 loops=1)
                     Join Filter: (t.id = mi1.movie_id)
                     Buffers: shared hit=7435751 read=281782, temp read=21484 written=21484
                     ->  Nested Loop  (cost=528594.72..726406.13 rows=6234 width=16) (actual time=1796.162..63112.710 rows=150276 loops=1)
                           Buffers: shared hit=5985714 read=106095, temp read=21484 written=21484
                           ->  Hash Join  (cost=528594.29..664152.54 rows=26839 width=20) (actual time=1795.472..6980.028 rows=1502616 loops=1)
                                 Hash Cond: (ci.movie_id = t.id)
                                 Buffers: shared hit=44930 read=36415, temp read=21484 written=21484
                                 ->  Nested Loop  (cost=0.44..123965.00 rows=3020080 width=8) (actual time=0.160..2068.891 rows=4008037 loops=1)
                                       Buffers: shared hit=679 read=34862
                                       ->  Seq Scan on role_type rt  (cost=0.00..1.15 rows=1 width=4) (actual time=0.011..0.017 rows=1 loops=1)
                                             Filter: ((role)::text = 'producer'::text)
                                             Rows Removed by Filter: 11
                                             Buffers: shared hit=1
                                       ->  Index Scan using role_id_cast_info on cast_info ci  (cost=0.44..91017.52 rows=3294633 width=12) (actual time=0.147..1356.201 rows=4008037 loops=1)
                                             Index Cond: (role_id = rt.id)
                                             Buffers: shared hit=678 read=34862
                                 ->  Hash  (cost=528312.99..528312.99 rows=22469 width=12) (actual time=1794.954..1794.959 rows=545437 loops=1)
                                       Buckets: 262144 (originally 32768)  Batches: 4 (originally 1)  Memory Usage: 7907kB
                                       Buffers: shared hit=44251 read=1553, temp read=9342 written=10939
                                       ->  Hash Join  (cost=106990.01..528312.99 rows=22469 width=12) (actual time=942.486..1700.405 rows=545437 loops=1)
                                             Hash Cond: (mi2.movie_id = t.id)
                                             Buffers: shared hit=44251 read=1553, temp read=9342 written=9342
                                             ->  Bitmap Heap Scan on movie_info mi2  (cost=13074.38..430373.44 rows=76061 width=8) (actual time=61.476..327.100 rows=972193 loops=1)
                                                   Recheck Cond: (info_type_id = 4)
                                                   Filter: ((info)::text = ANY ('{Danish,English,French,Hebrew,Portuguese,Russian,Spanish}'::text[]))
                                                   Rows Removed by Filter: 326796
                                                   Heap Blocks: exact=8393
                                                   Buffers: shared hit=9412
                                                   ->  Bitmap Index Scan on info_type_id_movie_info  (cost=0.00..13055.37 rows=1221191 width=0) (actual time=60.452..60.452 rows=1298989 loops=1)
                                                         Index Cond: (info_type_id = 4)
                                                         Buffers: shared hit=1019
                                             ->  Hash  (cost=81661.50..81661.50 rows=746890 width=4) (actual time=879.919..879.922 rows=1610551 loops=1)
                                                   Buckets: 262144 (originally 262144)  Batches: 16 (originally 8)  Memory Usage: 6145kB
                                                   Buffers: shared hit=34839 read=1553, temp written=4414
                                                   ->  Hash Join  (cost=1.13..81661.50 rows=746890 width=4) (actual time=0.045..660.764 rows=1610551 loops=1)
                                                         Hash Cond: (t.kind_id = kt.id)
                                                         Buffers: shared hit=34839 read=1553
                                                         ->  Seq Scan on title t  (cost=0.00..74315.95 rows=1742744 width=8) (actual time=0.025..467.562 rows=1748995 loops=1)
                                                               Filter: ((production_year <= 2015) AND (1990 < production_year))
                                                               Rows Removed by Filter: 779317
                                                               Buffers: shared hit=34838 read=1553
                                                         ->  Hash  (cost=1.10..1.10 rows=3 width=4) (actual time=0.016..0.017 rows=3 loops=1)
                                                               Buckets: 1024  Batches: 1  Memory Usage: 9kB
                                                               Buffers: shared hit=1
                                                               ->  Seq Scan on kind_type kt  (cost=0.00..1.10 rows=3 width=4) (actual time=0.008..0.010 rows=3 loops=1)
                                                                     Filter: ((kind)::text = ANY ('{episode,movie,"video movie"}'::text[]))
                                                                     Rows Removed by Filter: 4
                                                                     Buffers: shared hit=1
                           ->  Index Scan using name_pkey on name n  (cost=0.43..2.32 rows=1 width=4) (actual time=0.037..0.037 rows=0 loops=1502616)
                                 Index Cond: (id = ci.person_id)
                                 Filter: ((gender)::text = 'f'::text)
                                 Rows Removed by Filter: 1
                                 Buffers: shared hit=5940784 read=69680
                     ->  Index Scan using movie_id_movie_info on movie_info mi1  (cost=0.43..42.37 rows=1 width=8) (actual time=0.114..0.115 rows=1 loops=150276)
                           Index Cond: (movie_id = ci.movie_id)
                           Filter: ((info_type_id = 3) AND ((info)::text = ANY ('{Comedy,Documentary,Drama,Mystery,Reality-TV,Romance,Short,Thriller}'::text[])))
                           Rows Removed by Filter: 17
                           Buffers: shared hit=1450037 read=175687
 Planning:
   Buffers: shared hit=574
 Planning Time: 14.546 ms
 Execution Time: 80525.899 ms
(77 rows)

