                                                                                               QUERY PLAN                                                                                               
--------------------------------------------------------------------------------------------------------------------------------------------------------------------------------------------------------
 Aggregate  (cost=453169.09..453169.10 rows=1 width=8) (actual time=6482.619..6482.627 rows=1 loops=1)
   Buffers: shared hit=634308 read=31475
   ->  Nested Loop  (cost=13062.08..453169.07 rows=8 width=0) (actual time=36.529..6482.497 rows=127 loops=1)
         Buffers: shared hit=634308 read=31475
         ->  Seq Scan on info_type it2  (cost=0.00..2.41 rows=1 width=4) (actual time=0.034..0.046 rows=1 loops=1)
               Filter: (id = 4)
               Rows Removed by Filter: 112
               Buffers: shared hit=1
         ->  Nested Loop  (cost=13062.08..453166.57 rows=8 width=4) (actual time=36.494..6482.381 rows=127 loops=1)
               Buffers: shared hit=634307 read=31475
               ->  Seq Scan on info_type it1  (cost=0.00..2.41 rows=1 width=4) (actual time=0.009..0.022 rows=1 loops=1)
                     Filter: (id = 3)
                     Rows Removed by Filter: 112
                     Buffers: shared hit=1
               ->  Nested Loop  (cost=13062.08..453164.08 rows=8 width=8) (actual time=36.483..6482.285 rows=127 loops=1)
                     Buffers: shared hit=634306 read=31475
                     ->  Hash Join  (cost=13061.65..453120.01 rows=19 width=12) (actual time=36.450..6461.550 rows=485 loops=1)
                           Hash Cond: (ci.role_id = rt.id)
                           Buffers: shared hit=632754 read=31087
                           ->  Nested Loop  (cost=13060.49..453118.04 rows=229 width=16) (actual time=36.335..6455.661 rows=31635 loops=1)
                                 Buffers: shared hit=632753 read=31087
                                 ->  Nested Loop  (cost=13060.05..452408.05 rows=16 width=20) (actual time=35.854..6063.878 rows=2038 loops=1)
                                       Buffers: shared hit=609996 read=16875
                                       ->  Hash Join  (cost=13059.62..423940.61 rows=666 width=12) (actual time=35.694..5753.921 rows=4008 loops=1)
                                             Hash Cond: (t.kind_id = kt.id)
                                             Buffers: shared hit=580595 read=11026
                                             ->  Nested Loop  (cost=13058.50..423929.68 rows=2329 width=16) (actual time=35.663..5745.206 rows=31283 loops=1)
                                                   Buffers: shared hit=580594 read=11026
                                                   ->  Bitmap Heap Scan on movie_info mi2  (cost=13058.06..355211.22 rows=10787 width=8) (actual time=35.087..478.997 rows=147314 loops=1)
                                                         Recheck Cond: (info_type_id = 4)
                                                         Filter: ((info)::text = ANY ('{French,Spanish}'::text[]))
                                                         Rows Removed by Filter: 1151675
                                                         Heap Blocks: exact=8393
                                                         Buffers: shared hit=7212 read=2200
                                                         ->  Bitmap Index Scan on info_type_id_movie_info  (cost=0.00..13055.37 rows=1221191 width=0) (actual time=33.138..33.139 rows=1298989 loops=1)
                                                               Index Cond: (info_type_id = 4)
                                                               Buffers: shared read=1019
                                                   ->  Memoize  (cost=0.44..6.45 rows=1 width=8) (actual time=0.035..0.035 rows=0 loops=147314)
                                                         Cache Key: mi2.movie_id
                                                         Cache Mode: logical
                                                         Hits: 1762  Misses: 145552  Evictions: 36091  Overflows: 0  Memory Usage: 8193kB
                                                         Buffers: shared hit=573382 read=8826
                                                         ->  Index Scan using title_pkey on title t  (cost=0.43..6.44 rows=1 width=8) (actual time=0.035..0.035 rows=0 loops=145552)
                                                               Index Cond: (id = mi2.movie_id)
                                                               Filter: ((production_year <= 1990) AND (1950 < production_year))
                                                               Rows Removed by Filter: 1
                                                               Buffers: shared hit=573382 read=8826
                                             ->  Hash  (cost=1.09..1.09 rows=2 width=4) (actual time=0.014..0.015 rows=2 loops=1)
                                                   Buckets: 1024  Batches: 1  Memory Usage: 9kB
                                                   Buffers: shared hit=1
                                                   ->  Seq Scan on kind_type kt  (cost=0.00..1.09 rows=2 width=4) (actual time=0.007..0.008 rows=2 loops=1)
                                                         Filter: ((kind)::text = ANY ('{"tv series","video movie"}'::text[]))
                                                         Rows Removed by Filter: 5
                                                         Buffers: shared hit=1
                                       ->  Index Scan using movie_id_movie_info on movie_info mi1  (cost=0.43..42.73 rows=1 width=8) (actual time=0.074..0.077 rows=1 loops=4008)
                                             Index Cond: (movie_id = t.id)
                                             Filter: ((info_type_id = 3) AND ((info)::text = ANY ('{Comedy,Documentary,Drama}'::text[])))
                                             Rows Removed by Filter: 8
                                             Buffers: shared hit=29401 read=5849
                                 ->  Index Scan using movie_id_cast_info on cast_info ci  (cost=0.44..43.99 rows=38 width=12) (actual time=0.037..0.187 rows=16 loops=2038)
                                       Index Cond: (movie_id = t.id)
                                       Buffers: shared hit=22757 read=14212
                           ->  Hash  (cost=1.15..1.15 rows=1 width=4) (actual time=0.013..0.013 rows=1 loops=1)
                                 Buckets: 1024  Batches: 1  Memory Usage: 9kB
                                 Buffers: shared hit=1
                                 ->  Seq Scan on role_type rt  (cost=0.00..1.15 rows=1 width=4) (actual time=0.007..0.008 rows=1 loops=1)
                                       Filter: ((role)::text = 'cinematographer'::text)
                                       Rows Removed by Filter: 11
                                       Buffers: shared hit=1
                     ->  Index Scan using name_pkey on name n  (cost=0.43..2.32 rows=1 width=4) (actual time=0.042..0.042 rows=0 loops=485)
                           Index Cond: (id = ci.person_id)
                           Filter: ((gender)::text = 'm'::text)
                           Rows Removed by Filter: 1
                           Buffers: shared hit=1552 read=388
 Planning:
   Buffers: shared hit=530 read=44
 Planning Time: 11.128 ms
 Execution Time: 6485.003 ms
(78 rows)

