                                                                                                  QUERY PLAN                                                                                                  
--------------------------------------------------------------------------------------------------------------------------------------------------------------------------------------------------------------
 Aggregate  (cost=948404.01..948404.02 rows=1 width=8) (actual time=34679.749..34679.759 rows=1 loops=1)
   Buffers: shared hit=3120818 read=288347, temp read=9547 written=8865
   ->  Nested Loop  (cost=862166.80..948403.52 rows=197 width=0) (actual time=1136.840..34676.494 rows=5487 loops=1)
         Buffers: shared hit=3120818 read=288347, temp read=9547 written=8865
         ->  Seq Scan on info_type it2  (cost=0.00..2.41 rows=1 width=4) (actual time=0.041..0.052 rows=1 loops=1)
               Filter: (id = 4)
               Rows Removed by Filter: 112
               Buffers: shared hit=1
         ->  Nested Loop  (cost=862166.80..948399.13 rows=197 width=4) (actual time=1136.798..34674.343 rows=5487 loops=1)
               Buffers: shared hit=3120817 read=288347, temp read=9547 written=8865
               ->  Seq Scan on info_type it1  (cost=0.00..2.41 rows=1 width=4) (actual time=0.007..0.021 rows=1 loops=1)
                     Filter: (id = 3)
                     Rows Removed by Filter: 112
                     Buffers: shared hit=1
               ->  Nested Loop  (cost=862166.80..948394.75 rows=197 width=8) (actual time=1136.789..34671.825 rows=5487 loops=1)
                     Buffers: shared hit=3120816 read=288347, temp read=9547 written=8865
                     ->  Hash Join  (cost=862166.37..946430.12 rows=847 width=12) (actual time=1136.469..31501.435 rows=84775 loops=1)
                           Hash Cond: (ci.role_id = rt.id)
                           Buffers: shared hit=2806937 read=263126, temp read=9547 written=8865
                           ->  Nested Loop  (cost=862165.21..946392.85 rows=10163 width=16) (actual time=1136.369..31284.722 rows=1040642 loops=1)
                                 Buffers: shared hit=2806936 read=263126, temp read=9547 written=8865
                                 ->  Nested Loop  (cost=862164.77..915411.18 rows=709 width=20) (actual time=1136.336..19771.111 rows=39617 loops=1)
                                       Buffers: shared hit=1939017 read=26606, temp read=9547 written=8865
                                       ->  Nested Loop  (cost=862164.62..915370.52 rows=1655 width=24) (actual time=1136.319..19509.758 rows=362795 loops=1)
                                             Buffers: shared hit=1939005 read=26606, temp read=9547 written=8865
                                             ->  Merge Join  (cost=862164.19..863046.37 rows=15370 width=16) (actual time=1136.269..1907.230 rows=486306 loops=1)
                                                   Merge Cond: (mi1.movie_id = mi2.movie_id)
                                                   Buffers: shared hit=13470 read=6917, temp read=9547 written=8865
                                                   ->  Sort  (cost=426335.36..426529.62 rows=77703 width=8) (actual time=617.324..764.590 rows=770364 loops=1)
                                                         Sort Key: mi1.movie_id
                                                         Sort Method: external sort  Disk: 16648kB
                                                         Buffers: shared hit=4058 read=6917, temp read=4154 written=4164
                                                         ->  Bitmap Heap Scan on movie_info mi1  (cost=16467.89..420023.67 rows=77703 width=8) (actual time=41.231..423.484 rows=770365 loops=1)
                                                               Recheck Cond: (info_type_id = 3)
                                                               Filter: ((info)::text = ANY ('{Action,Animation,Drama,Horror,Romance,Short}'::text[]))
                                                               Rows Removed by Filter: 763544
                                                               Heap Blocks: exact=9772
                                                               Buffers: shared hit=4058 read=6917
                                                               ->  Bitmap Index Scan on info_type_id_movie_info  (cost=0.00..16448.47 rows=1538671 width=0) (actual time=40.025..40.025 rows=1533909 loops=1)
                                                                     Index Cond: (info_type_id = 3)
                                                                     Buffers: shared hit=1 read=1202
                                                   ->  Sort  (cost=435828.83..435998.81 rows=67992 width=8) (actual time=518.934..711.335 rows=1005555 loops=1)
                                                         Sort Key: mi2.movie_id
                                                         Sort Method: external sort  Disk: 18792kB
                                                         Buffers: shared hit=9412, temp read=5041 written=4701
                                                         ->  Bitmap Heap Scan on movie_info mi2  (cost=13072.37..430371.43 rows=67992 width=8) (actual time=28.771..306.002 rows=869458 loops=1)
                                                               Recheck Cond: (info_type_id = 4)
                                                               Filter: ((info)::text = ANY ('{Danish,English,Filipino,Finnish,Hindi,Japanese,Tagalog}'::text[]))
                                                               Rows Removed by Filter: 429531
                                                               Heap Blocks: exact=8393
                                                               Buffers: shared hit=9412
                                                               ->  Bitmap Index Scan on info_type_id_movie_info  (cost=0.00..13055.37 rows=1221191 width=0) (actual time=27.717..27.718 rows=1298989 loops=1)
                                                                     Index Cond: (info_type_id = 4)
                                                                     Buffers: shared hit=1019
                                             ->  Index Scan using title_pkey on title t  (cost=0.43..3.40 rows=1 width=8) (actual time=0.036..0.036 rows=1 loops=486306)
                                                   Index Cond: (id = mi1.movie_id)
                                                   Filter: ((production_year <= 2015) AND (1975 < production_year))
                                                   Rows Removed by Filter: 0
                                                   Buffers: shared hit=1925535 read=19689
                                       ->  Memoize  (cost=0.14..0.16 rows=1 width=4) (actual time=0.000..0.000 rows=0 loops=362795)
                                             Cache Key: t.kind_id
                                             Cache Mode: logical
                                             Hits: 362789  Misses: 6  Evictions: 0  Overflows: 0  Memory Usage: 1kB
                                             Buffers: shared hit=12
                                             ->  Index Scan using kind_type_pkey on kind_type kt  (cost=0.13..0.15 rows=1 width=4) (actual time=0.011..0.011 rows=0 loops=6)
                                                   Index Cond: (id = t.kind_id)
                                                   Filter: ((kind)::text = ANY ('{"tv movie","tv series","video game"}'::text[]))
                                                   Rows Removed by Filter: 0
                                                   Buffers: shared hit=12
                                 ->  Index Scan using movie_id_cast_info on cast_info ci  (cost=0.44..43.32 rows=38 width=12) (actual time=0.038..0.283 rows=26 loops=39617)
                                       Index Cond: (movie_id = t.id)
                                       Buffers: shared hit=867919 read=236520
                           ->  Hash  (cost=1.15..1.15 rows=1 width=4) (actual time=0.016..0.017 rows=1 loops=1)
                                 Buckets: 1024  Batches: 1  Memory Usage: 9kB
                                 Buffers: shared hit=1
                                 ->  Seq Scan on role_type rt  (cost=0.00..1.15 rows=1 width=4) (actual time=0.009..0.011 rows=1 loops=1)
                                       Filter: ((role)::text = 'producer'::text)
                                       Rows Removed by Filter: 11
                                       Buffers: shared hit=1
                     ->  Index Scan using name_pkey on name n  (cost=0.43..2.32 rows=1 width=4) (actual time=0.037..0.037 rows=0 loops=84775)
                           Index Cond: (id = ci.person_id)
                           Filter: ((gender)::text = 'f'::text)
                           Rows Removed by Filter: 1
                           Buffers: shared hit=313879 read=25221
 Planning:
   Buffers: shared hit=574
 Planning Time: 13.505 ms
 Execution Time: 34690.797 ms
(88 rows)

