                                                                                                      QUERY PLAN                                                                                                       
-----------------------------------------------------------------------------------------------------------------------------------------------------------------------------------------------------------------------
 Aggregate  (cost=827306.34..827306.35 rows=1 width=8) (actual time=56521.445..56521.457 rows=1 loops=1)
   Buffers: shared hit=4814437 read=999409, temp read=3949 written=3949
   ->  Nested Loop  (cost=93534.25..827304.92 rows=568 width=0) (actual time=616.023..56511.480 rows=35174 loops=1)
         Buffers: shared hit=4814437 read=999409, temp read=3949 written=3949
         ->  Hash Join  (cost=93533.82..825282.30 rows=872 width=4) (actual time=615.978..52497.986 rows=112737 loops=1)
               Hash Cond: (ci.role_id = rt.id)
               Buffers: shared hit=4395417 read=967481, temp read=3949 written=3949
               ->  Nested Loop  (cost=93532.64..825262.54 rows=5232 width=8) (actual time=615.617..52027.289 rows=2761099 loops=1)
                     Buffers: shared hit=4395416 read=967481, temp read=3949 written=3949
                     ->  Nested Loop  (cost=93532.20..809066.04 rows=365 width=12) (actual time=615.565..23301.321 rows=114638 loops=1)
                           Buffers: shared hit=1902829 read=415826, temp read=3949 written=3949
                           ->  Seq Scan on info_type it2  (cost=0.00..2.41 rows=1 width=4) (actual time=0.030..0.040 rows=1 loops=1)
                                 Filter: (id = 4)
                                 Rows Removed by Filter: 112
                                 Buffers: shared hit=1
                           ->  Nested Loop  (cost=93532.20..809059.98 rows=365 width=16) (actual time=615.533..23273.771 rows=114638 loops=1)
                                 Buffers: shared hit=1902828 read=415826, temp read=3949 written=3949
                                 ->  Seq Scan on info_type it1  (cost=0.00..2.41 rows=1 width=4) (actual time=0.007..0.022 rows=1 loops=1)
                                       Filter: (id = 3)
                                       Rows Removed by Filter: 112
                                       Buffers: shared hit=1
                                 ->  Nested Loop  (cost=93532.20..809053.91 rows=365 width=20) (actual time=615.524..23247.659 rows=114638 loops=1)
                                       Buffers: shared hit=1902827 read=415826, temp read=3949 written=3949
                                       ->  Hash Join  (cost=93531.74..497696.89 rows=7270 width=12) (actual time=589.364..1916.056 rows=220061 loops=1)
                                             Hash Cond: (mi2.movie_id = t.id)
                                             Buffers: shared hit=28335 read=17469, temp read=3949 written=3949
                                             ->  Bitmap Heap Scan on movie_info mi2  (cost=13075.01..415344.89 rows=78554 width=8) (actual time=37.742..589.104 rows=1007121 loops=1)
                                                   Recheck Cond: (info_type_id = 4)
                                                   Filter: ((info)::text = ANY ('{English,Filipino,French,German,Spanish,Tagalog}'::text[]))
                                                   Rows Removed by Filter: 291868
                                                   Heap Blocks: exact=8393
                                                   Buffers: shared hit=17 read=9395
                                                   ->  Bitmap Index Scan on info_type_id_movie_info  (cost=0.00..13055.37 rows=1221191 width=0) (actual time=36.703..36.703 rows=1298989 loops=1)
                                                         Index Cond: (info_type_id = 4)
                                                         Buffers: shared read=1019
                                             ->  Hash  (cost=76617.93..76617.93 rows=233984 width=4) (actual time=550.547..550.551 rows=504538 loops=1)
                                                   Buckets: 262144 (originally 262144)  Batches: 4 (originally 2)  Memory Usage: 6483kB
                                                   Buffers: shared hit=28318 read=8074, temp written=1107
                                                   ->  Hash Join  (cost=1.13..76617.93 rows=233984 width=4) (actual time=0.046..464.132 rows=504538 loops=1)
                                                         Hash Cond: (t.kind_id = kt.id)
                                                         Buffers: shared hit=28318 read=8074
                                                         ->  Seq Scan on title t  (cost=0.00..74315.95 rows=545963 width=8) (actual time=0.027..400.665 rows=538239 loops=1)
                                                               Filter: ((production_year <= 1990) AND (1950 < production_year))
                                                               Rows Removed by Filter: 1990073
                                                               Buffers: shared hit=28317 read=8074
                                                         ->  Hash  (cost=1.10..1.10 rows=3 width=4) (actual time=0.014..0.016 rows=3 loops=1)
                                                               Buckets: 1024  Batches: 1  Memory Usage: 9kB
                                                               Buffers: shared hit=1
                                                               ->  Seq Scan on kind_type kt  (cost=0.00..1.10 rows=3 width=4) (actual time=0.006..0.008 rows=3 loops=1)
                                                                     Filter: ((kind)::text = ANY ('{episode,movie,"tv movie"}'::text[]))
                                                                     Rows Removed by Filter: 4
                                                                     Buffers: shared hit=1
                                       ->  Index Scan using movie_id_movie_info on movie_info mi1  (cost=0.47..42.82 rows=1 width=8) (actual time=0.096..0.096 rows=1 loops=220061)
                                             Index Cond: (movie_id = t.id)
                                             Filter: ((info_type_id = 3) AND ((info)::text = ANY ('{Action,Adventure,Biography,Comedy,Documentary,Drama,Family,Fantasy,Music,Mystery,Romance,Sci-Fi,Short}'::text[])))
                                             Rows Removed by Filter: 12
                                             Buffers: shared hit=1874492 read=398357
                     ->  Index Scan using movie_id_cast_info on cast_info ci  (cost=0.44..43.99 rows=38 width=12) (actual time=0.036..0.244 rows=24 loops=114638)
                           Index Cond: (movie_id = t.id)
                           Buffers: shared hit=2492587 read=551655
               ->  Hash  (cost=1.15..1.15 rows=2 width=4) (actual time=0.028..0.029 rows=2 loops=1)
                     Buckets: 1024  Batches: 1  Memory Usage: 9kB
                     Buffers: shared hit=1
                     ->  Seq Scan on role_type rt  (cost=0.00..1.15 rows=2 width=4) (actual time=0.022..0.023 rows=2 loops=1)
                           Filter: ((role)::text = ANY ('{editor,"production designer"}'::text[]))
                           Rows Removed by Filter: 10
                           Buffers: shared hit=1
         ->  Index Scan using name_pkey on name n  (cost=0.43..2.32 rows=1 width=4) (actual time=0.035..0.035 rows=0 loops=112737)
               Index Cond: (id = ci.person_id)
               Filter: ((gender)::text = ANY ('{f,m}'::text[]))
               Rows Removed by Filter: 1
               Buffers: shared hit=419020 read=31928
 Planning:
   Buffers: shared hit=521 read=56
 Planning Time: 13.400 ms
 Execution Time: 56522.029 ms
(76 rows)

