                                                                                               QUERY PLAN                                                                                               
--------------------------------------------------------------------------------------------------------------------------------------------------------------------------------------------------------
 Aggregate  (cost=684320.60..684320.61 rows=1 width=8) (actual time=19141.278..19141.285 rows=1 loops=1)
   Buffers: shared hit=1798518 read=186779
   ->  Nested Loop  (cost=13062.05..684320.49 rows=43 width=0) (actual time=37.329..19118.664 rows=136318 loops=1)
         Buffers: shared hit=1798518 read=186779
         ->  Seq Scan on info_type it2  (cost=0.00..2.41 rows=1 width=4) (actual time=0.038..0.048 rows=1 loops=1)
               Filter: (id = 4)
               Rows Removed by Filter: 112
               Buffers: shared hit=1
         ->  Nested Loop  (cost=13062.05..684317.65 rows=43 width=4) (actual time=37.290..19091.526 rows=136318 loops=1)
               Buffers: shared hit=1798517 read=186779
               ->  Seq Scan on info_type it1  (cost=0.00..2.41 rows=1 width=4) (actual time=0.010..0.022 rows=1 loops=1)
                     Filter: (id = 3)
                     Rows Removed by Filter: 112
                     Buffers: shared hit=1
               ->  Nested Loop  (cost=13062.05..684314.81 rows=43 width=8) (actual time=37.277..19064.369 rows=136318 loops=1)
                     Buffers: shared hit=1798516 read=186779
                     ->  Hash Join  (cost=13061.62..684078.22 rows=102 width=12) (actual time=37.246..14205.958 rows=136318 loops=1)
                           Hash Cond: (ci.role_id = rt.id)
                           Buffers: shared hit=1277159 read=162864
                           ->  Nested Loop  (cost=13060.46..684072.72 rows=1218 width=16) (actual time=37.212..14104.396 rows=397059 loops=1)
                                 Buffers: shared hit=1277158 read=162864
                                 ->  Nested Loop  (cost=13060.02..680358.42 rows=85 width=20) (actual time=37.104..9727.618 rows=18050 loops=1)
                                       Buffers: shared hit=918082 read=87519
                                       ->  Hash Join  (cost=13059.58..528083.61 rows=3588 width=12) (actual time=37.040..6946.861 rows=33271 loops=1)
                                             Hash Cond: (t.kind_id = kt.id)
                                             Buffers: shared hit=655999 read=44146
                                             ->  Nested Loop  (cost=13058.45..528047.20 rows=8371 width=16) (actual time=37.004..6911.994 rows=122190 loops=1)
                                                   Buffers: shared hit=655998 read=44146
                                                   ->  Bitmap Heap Scan on movie_info mi2  (cost=13058.01..460415.43 rows=10567 width=8) (actual time=36.958..813.627 rows=176432 loops=1)
                                                         Recheck Cond: (info_type_id = 4)
                                                         Filter: ((info)::text = ANY ('{Bulgarian,Cantonese,Finnish,German,Italian,Japanese,Malayalam,Mandarin,Turkish}'::text[]))
                                                         Rows Removed by Filter: 1122557
                                                         Heap Blocks: exact=8393
                                                         Buffers: shared hit=2050 read=7362
                                                         ->  Bitmap Index Scan on info_type_id_movie_info  (cost=0.00..13055.37 rows=1221191 width=0) (actual time=34.238..34.238 rows=1298989 loops=1)
                                                               Index Cond: (info_type_id = 4)
                                                               Buffers: shared read=1019
                                                   ->  Memoize  (cost=0.44..6.48 rows=1 width=8) (actual time=0.034..0.034 rows=1 loops=176432)
                                                         Cache Key: mi2.movie_id
                                                         Cache Mode: logical
                                                         Hits: 3749  Misses: 172683  Evictions: 85506  Overflows: 0  Memory Usage: 8193kB
                                                         Buffers: shared hit=653948 read=36784
                                                         ->  Index Scan using title_pkey on title t  (cost=0.43..6.47 rows=1 width=8) (actual time=0.033..0.033 rows=1 loops=172683)
                                                               Index Cond: (id = mi2.movie_id)
                                                               Filter: ((production_year <= 2015) AND (1975 < production_year))
                                                               Rows Removed by Filter: 0
                                                               Buffers: shared hit=653948 read=36784
                                             ->  Hash  (cost=1.10..1.10 rows=3 width=4) (actual time=0.014..0.015 rows=3 loops=1)
                                                   Buckets: 1024  Batches: 1  Memory Usage: 9kB
                                                   Buffers: shared hit=1
                                                   ->  Seq Scan on kind_type kt  (cost=0.00..1.10 rows=3 width=4) (actual time=0.007..0.009 rows=3 loops=1)
                                                         Filter: ((kind)::text = ANY ('{"tv movie","tv series","video game"}'::text[]))
                                                         Rows Removed by Filter: 4
                                                         Buffers: shared hit=1
                                       ->  Index Scan using movie_id_movie_info on movie_info mi1  (cost=0.43..42.43 rows=1 width=8) (actual time=0.081..0.083 rows=1 loops=33271)
                                             Index Cond: (movie_id = t.id)
                                             Filter: ((info_type_id = 3) AND ((info)::text = ANY ('{Action,Comedy,Drama,Horror,Romance,Thriller}'::text[])))
                                             Rows Removed by Filter: 8
                                             Buffers: shared hit=262083 read=43373
                                 ->  Index Scan using movie_id_cast_info on cast_info ci  (cost=0.44..43.32 rows=38 width=12) (actual time=0.037..0.235 rows=22 loops=18050)
                                       Index Cond: (movie_id = t.id)
                                       Buffers: shared hit=359076 read=75345
                           ->  Hash  (cost=1.15..1.15 rows=1 width=4) (actual time=0.014..0.014 rows=1 loops=1)
                                 Buckets: 1024  Batches: 1  Memory Usage: 9kB
                                 Buffers: shared hit=1
                                 ->  Seq Scan on role_type rt  (cost=0.00..1.15 rows=1 width=4) (actual time=0.007..0.009 rows=1 loops=1)
                                       Filter: ((role)::text = 'actor'::text)
                                       Rows Removed by Filter: 11
                                       Buffers: shared hit=1
                     ->  Index Scan using name_pkey on name n  (cost=0.43..2.32 rows=1 width=4) (actual time=0.035..0.035 rows=1 loops=136318)
                           Index Cond: (id = ci.person_id)
                           Filter: ((gender)::text = 'm'::text)
                           Buffers: shared hit=521357 read=23915
 Planning:
   Buffers: shared hit=482 read=92
 Planning Time: 13.086 ms
 Execution Time: 19143.889 ms
(77 rows)

