                                                                                            QUERY PLAN                                                                                            
--------------------------------------------------------------------------------------------------------------------------------------------------------------------------------------------------
 Aggregate  (cost=789767.85..789767.86 rows=1 width=8) (actual time=4335.539..4335.548 rows=1 loops=1)
   Buffers: shared hit=308460 read=123152, temp read=1671 written=1671
   ->  Nested Loop  (cost=93533.16..789767.24 rows=242 width=0) (actual time=456.573..4335.001 rows=1676 loops=1)
         Buffers: shared hit=308460 read=123152, temp read=1671 written=1671
         ->  Hash Join  (cost=93532.73..788426.56 rows=578 width=4) (actual time=455.856..4169.334 rows=4667 loops=1)
               Hash Cond: (ci.role_id = rt.id)
               Buffers: shared hit=292842 read=120102, temp read=1671 written=1671
               ->  Nested Loop  (cost=93531.55..788413.07 rows=3469 width=8) (actual time=455.774..4152.845 rows=111742 loops=1)
                     Buffers: shared hit=292841 read=120102, temp read=1671 written=1671
                     ->  Nested Loop  (cost=93531.11..777674.56 rows=242 width=12) (actual time=455.738..2863.985 rows=9221 loops=1)
                           Buffers: shared hit=211770 read=65276, temp read=1671 written=1671
                           ->  Seq Scan on info_type it2  (cost=0.00..2.41 rows=1 width=4) (actual time=0.030..0.040 rows=1 loops=1)
                                 Filter: (id = 4)
                                 Rows Removed by Filter: 112
                                 Buffers: shared hit=1
                           ->  Nested Loop  (cost=93531.11..777669.73 rows=242 width=16) (actual time=455.706..2862.178 rows=9221 loops=1)
                                 Buffers: shared hit=211769 read=65276, temp read=1671 written=1671
                                 ->  Seq Scan on info_type it1  (cost=0.00..2.41 rows=1 width=4) (actual time=0.008..0.021 rows=1 loops=1)
                                       Filter: (id = 3)
                                       Rows Removed by Filter: 112
                                       Buffers: shared hit=1
                                 ->  Nested Loop  (cost=93531.11..777664.90 rows=242 width=20) (actual time=455.695..2860.447 rows=9221 loops=1)
                                       Buffers: shared hit=211768 read=65276, temp read=1671 written=1671
                                       ->  Hash Join  (cost=93530.68..482614.86 rows=6878 width=12) (actual time=455.629..1026.866 rows=23980 loops=1)
                                             Hash Cond: (mi2.movie_id = t.id)
                                             Buffers: shared hit=24440 read=21364, temp read=1671 written=1671
                                             ->  Bitmap Heap Scan on movie_info mi2  (cost=13073.95..400314.65 rows=74320 width=8) (actual time=36.851..338.552 rows=948844 loops=1)
                                                   Recheck Cond: (info_type_id = 4)
                                                   Filter: ((info)::text = ANY ('{English,German,Greek,Spanish,Tagalog}'::text[]))
                                                   Rows Removed by Filter: 350145
                                                   Heap Blocks: exact=8393
                                                   Buffers: shared hit=11 read=9401
                                                   ->  Bitmap Index Scan on info_type_id_movie_info  (cost=0.00..13055.37 rows=1221191 width=0) (actual time=35.813..35.814 rows=1298989 loops=1)
                                                         Index Cond: (info_type_id = 4)
                                                         Buffers: shared read=1019
                                             ->  Hash  (cost=76617.93..76617.93 rows=233984 width=4) (actual time=415.959..415.962 rows=33701 loops=1)
                                                   Buckets: 262144  Batches: 2  Memory Usage: 2644kB
                                                   Buffers: shared hit=24429 read=11963, temp written=49
                                                   ->  Hash Join  (cost=1.13..76617.93 rows=233984 width=4) (actual time=0.067..409.126 rows=33701 loops=1)
                                                         Hash Cond: (t.kind_id = kt.id)
                                                         Buffers: shared hit=24429 read=11963
                                                         ->  Seq Scan on title t  (cost=0.00..74315.95 rows=545963 width=8) (actual time=0.026..376.936 rows=538239 loops=1)
                                                               Filter: ((production_year <= 1990) AND (1950 < production_year))
                                                               Rows Removed by Filter: 1990073
                                                               Buffers: shared hit=24428 read=11963
                                                         ->  Hash  (cost=1.10..1.10 rows=3 width=4) (actual time=0.015..0.017 rows=3 loops=1)
                                                               Buckets: 1024  Batches: 1  Memory Usage: 9kB
                                                               Buffers: shared hit=1
                                                               ->  Seq Scan on kind_type kt  (cost=0.00..1.10 rows=3 width=4) (actual time=0.007..0.009 rows=3 loops=1)
                                                                     Filter: ((kind)::text = ANY ('{"tv series","video game","video movie"}'::text[]))
                                                                     Rows Removed by Filter: 4
                                                                     Buffers: shared hit=1
                                       ->  Index Scan using movie_id_movie_info on movie_info mi1  (cost=0.43..42.89 rows=1 width=8) (actual time=0.075..0.076 rows=0 loops=23980)
                                             Index Cond: (movie_id = t.id)
                                             Filter: ((info_type_id = 3) AND ((info)::text = ANY ('{Animation,Crime,Documentary,Drama,Short,Sport}'::text[])))
                                             Rows Removed by Filter: 9
                                             Buffers: shared hit=187328 read=43912
                     ->  Index Scan using movie_id_cast_info on cast_info ci  (cost=0.44..43.99 rows=38 width=12) (actual time=0.031..0.137 rows=12 loops=9221)
                           Index Cond: (movie_id = t.id)
                           Buffers: shared hit=81071 read=54826
               ->  Hash  (cost=1.15..1.15 rows=2 width=4) (actual time=0.031..0.032 rows=2 loops=1)
                     Buckets: 1024  Batches: 1  Memory Usage: 9kB
                     Buffers: shared hit=1
                     ->  Seq Scan on role_type rt  (cost=0.00..1.15 rows=2 width=4) (actual time=0.023..0.025 rows=2 loops=1)
                           Filter: ((role)::text = ANY ('{cinematographer,composer}'::text[]))
                           Rows Removed by Filter: 10
                           Buffers: shared hit=1
         ->  Index Scan using name_pkey on name n  (cost=0.43..2.32 rows=1 width=4) (actual time=0.035..0.035 rows=0 loops=4667)
               Index Cond: (id = ci.person_id)
               Filter: ((gender)::text = 'm'::text)
               Rows Removed by Filter: 1
               Buffers: shared hit=15618 read=3050
 Planning:
   Buffers: shared hit=506 read=68
 Planning Time: 13.908 ms
 Execution Time: 4336.123 ms
(76 rows)

