                                                                                            QUERY PLAN                                                                                            
--------------------------------------------------------------------------------------------------------------------------------------------------------------------------------------------------
 Aggregate  (cost=717202.19..717202.20 rows=1 width=8) (actual time=2061.917..2061.925 rows=1 loops=1)
   Buffers: shared hit=131478 read=55520
   ->  Nested Loop  (cost=90777.91..717201.48 rows=284 width=0) (actual time=419.662..2061.464 rows=2347 loops=1)
         Buffers: shared hit=131478 read=55520
         ->  Hash Join  (cost=90777.48..716192.49 rows=435 width=4) (actual time=419.317..1879.697 rows=5091 loops=1)
               Hash Cond: (ci.role_id = rt.id)
               Buffers: shared hit=114910 read=51724
               ->  Nested Loop  (cost=90776.30..716182.06 rows=2609 width=8) (actual time=419.150..1874.405 rows=32931 loops=1)
                     Buffers: shared hit=114909 read=51724
                     ->  Nested Loop  (cost=90775.86..708014.00 rows=182 width=12) (actual time=419.117..1455.070 rows=3911 loops=1)
                           Buffers: shared hit=81941 read=41058
                           ->  Seq Scan on info_type it2  (cost=0.00..2.41 rows=1 width=4) (actual time=0.031..0.039 rows=1 loops=1)
                                 Filter: (id = 4)
                                 Rows Removed by Filter: 112
                                 Buffers: shared hit=1
                           ->  Nested Loop  (cost=90775.86..708009.77 rows=182 width=16) (actual time=419.085..1454.333 rows=3911 loops=1)
                                 Buffers: shared hit=81940 read=41058
                                 ->  Seq Scan on info_type it1  (cost=0.00..2.41 rows=1 width=4) (actual time=0.008..0.018 rows=1 loops=1)
                                       Filter: (id = 3)
                                       Rows Removed by Filter: 112
                                       Buffers: shared hit=1
                                 ->  Nested Loop  (cost=90775.86..708005.54 rows=182 width=20) (actual time=419.073..1453.634 rows=3911 loops=1)
                                       Buffers: shared hit=81939 read=41058
                                       ->  Hash Join  (cost=90775.43..523413.03 rows=4264 width=12) (actual time=419.020..881.163 rows=7604 loops=1)
                                             Hash Cond: (mi2.movie_id = t.id)
                                             Buffers: shared hit=8286 read=37518
                                             ->  Bitmap Heap Scan on movie_info mi2  (cost=13073.15..445401.39 rows=71126 width=8) (actual time=35.499..361.372 rows=906289 loops=1)
                                                   Recheck Cond: (info_type_id = 4)
                                                   Filter: ((info)::text = ANY ('{English,Filipino,Hindi,Italian,Japanese,None,Polish,Portuguese}'::text[]))
                                                   Rows Removed by Filter: 392700
                                                   Heap Blocks: exact=8393
                                                   Buffers: shared hit=3920 read=5492
                                                   ->  Bitmap Index Scan on info_type_id_movie_info  (cost=0.00..13055.37 rows=1221191 width=0) (actual time=34.460..34.460 rows=1298989 loops=1)
                                                         Index Cond: (info_type_id = 4)
                                                         Buffers: shared read=1019
                                             ->  Hash  (cost=75807.58..75807.58 rows=151576 width=4) (actual time=380.855..380.858 rows=11843 loops=1)
                                                   Buckets: 262144  Batches: 1  Memory Usage: 2465kB
                                                   Buffers: shared hit=4366 read=32026
                                                   ->  Hash Join  (cost=1.13..75807.58 rows=151576 width=4) (actual time=0.127..377.844 rows=11843 loops=1)
                                                         Hash Cond: (t.kind_id = kt.id)
                                                         Buffers: shared hit=4366 read=32026
                                                         ->  Seq Scan on title t  (cost=0.00..74315.95 rows=353677 width=8) (actual time=0.026..357.469 rows=347589 loops=1)
                                                               Filter: ((production_year <= 1975) AND (1925 < production_year))
                                                               Rows Removed by Filter: 2180723
                                                               Buffers: shared hit=4365 read=32026
                                                         ->  Hash  (cost=1.10..1.10 rows=3 width=4) (actual time=0.014..0.015 rows=3 loops=1)
                                                               Buckets: 1024  Batches: 1  Memory Usage: 9kB
                                                               Buffers: shared hit=1
                                                               ->  Seq Scan on kind_type kt  (cost=0.00..1.10 rows=3 width=4) (actual time=0.006..0.008 rows=3 loops=1)
                                                                     Filter: ((kind)::text = ANY ('{"tv series","video game","video movie"}'::text[]))
                                                                     Rows Removed by Filter: 4
                                                                     Buffers: shared hit=1
                                       ->  Index Scan using movie_id_movie_info on movie_info mi1  (cost=0.43..43.28 rows=1 width=8) (actual time=0.073..0.075 rows=1 loops=7604)
                                             Index Cond: (movie_id = t.id)
                                             Filter: ((info_type_id = 3) AND ((info)::text = ANY ('{Action,Biography,Comedy,Documentary,Drama,Fantasy,Short}'::text[])))
                                             Rows Removed by Filter: 11
                                             Buffers: shared hit=73653 read=3540
                     ->  Index Scan using movie_id_cast_info on cast_info ci  (cost=0.44..44.50 rows=38 width=12) (actual time=0.032..0.105 rows=8 loops=3911)
                           Index Cond: (movie_id = t.id)
                           Buffers: shared hit=32968 read=10666
               ->  Hash  (cost=1.15..1.15 rows=2 width=4) (actual time=0.037..0.039 rows=2 loops=1)
                     Buckets: 1024  Batches: 1  Memory Usage: 9kB
                     Buffers: shared hit=1
                     ->  Seq Scan on role_type rt  (cost=0.00..1.15 rows=2 width=4) (actual time=0.026..0.028 rows=2 loops=1)
                           Filter: ((role)::text = ANY ('{"costume designer",writer}'::text[]))
                           Rows Removed by Filter: 10
                           Buffers: shared hit=1
         ->  Index Scan using name_pkey on name n  (cost=0.43..2.32 rows=1 width=4) (actual time=0.035..0.035 rows=0 loops=5091)
               Index Cond: (id = ci.person_id)
               Filter: ((gender)::text = ANY ('{f,m}'::text[]))
               Rows Removed by Filter: 1
               Buffers: shared hit=16568 read=3796
 Planning:
   Buffers: shared hit=519 read=55
 Planning Time: 13.387 ms
 Execution Time: 2062.678 ms
(76 rows)

