                                                                                            QUERY PLAN                                                                                            
--------------------------------------------------------------------------------------------------------------------------------------------------------------------------------------------------
 Aggregate  (cost=742982.77..742982.78 rows=1 width=8) (actual time=50724.775..50724.786 rows=1 loops=1)
   Buffers: shared hit=4483365 read=741077, temp read=3674 written=3674
   ->  Nested Loop  (cost=92536.30..742982.45 rows=127 width=0) (actual time=556.463..50717.267 rows=24823 loops=1)
         Buffers: shared hit=4483365 read=741077, temp read=3674 written=3674
         ->  Seq Scan on info_type it2  (cost=0.00..2.41 rows=1 width=4) (actual time=0.043..0.054 rows=1 loops=1)
               Filter: (id = 4)
               Rows Removed by Filter: 112
               Buffers: shared hit=1
         ->  Nested Loop  (cost=92536.30..742978.77 rows=127 width=4) (actual time=556.419..50711.134 rows=24823 loops=1)
               Buffers: shared hit=4483364 read=741077, temp read=3674 written=3674
               ->  Seq Scan on info_type it1  (cost=0.00..2.41 rows=1 width=4) (actual time=0.009..0.023 rows=1 loops=1)
                     Filter: (id = 3)
                     Rows Removed by Filter: 112
                     Buffers: shared hit=1
               ->  Nested Loop  (cost=92536.30..742975.09 rows=127 width=8) (actual time=556.407..50704.486 rows=24823 loops=1)
                     Buffers: shared hit=4483363 read=741077, temp read=3674 written=3674
                     ->  Hash Join  (cost=92535.87..742274.59 rows=302 width=12) (actual time=551.591..47970.101 rows=75595 loops=1)
                           Hash Cond: (ci.role_id = rt.id)
                           Buffers: shared hit=4192165 read=729895, temp read=3674 written=3674
                           ->  Nested Loop  (cost=92534.71..742260.55 rows=3626 width=16) (actual time=551.400..47565.948 rows=2132211 loops=1)
                                 Buffers: shared hit=4192164 read=729895, temp read=3674 written=3674
                                 ->  Nested Loop  (cost=92534.27..730988.31 rows=253 width=20) (actual time=551.379..22872.146 rows=183622 loops=1)
                                       Buffers: shared hit=1884223 read=396218, temp read=3674 written=3674
                                       ->  Hash Join  (cost=92533.81..481465.77 rows=5811 width=12) (actual time=550.424..1772.233 rows=205001 loops=1)
                                             Hash Cond: (mi2.movie_id = t.id)
                                             Buffers: shared hit=12836 read=32968, temp read=3674 written=3674
                                             ->  Bitmap Heap Scan on movie_info mi2  (cost=13074.11..400314.81 rows=74972 width=8) (actual time=35.556..563.492 rows=954948 loops=1)
                                                   Recheck Cond: (info_type_id = 4)
                                                   Filter: ((info)::text = ANY ('{English,French,Portuguese,Spanish,Turkish}'::text[]))
                                                   Rows Removed by Filter: 344041
                                                   Heap Blocks: exact=8393
                                                   Buffers: shared hit=4668 read=4744
                                                   ->  Bitmap Index Scan on info_type_id_movie_info  (cost=0.00..13055.37 rows=1221191 width=0) (actual time=34.526..34.526 rows=1298989 loops=1)
                                                         Index Cond: (info_type_id = 4)
                                                         Buffers: shared hit=1019
                                             ->  Hash  (cost=76244.10..76244.10 rows=195968 width=4) (actual time=511.967..511.970 rows=439726 loops=1)
                                                   Buckets: 262144 (originally 262144)  Batches: 4 (originally 2)  Memory Usage: 6145kB
                                                   Buffers: shared hit=8168 read=28224, temp written=966
                                                   ->  Hash Join  (cost=1.13..76244.10 rows=195968 width=4) (actual time=0.034..435.660 rows=439726 loops=1)
                                                         Hash Cond: (t.kind_id = kt.id)
                                                         Buffers: shared hit=8168 read=28224
                                                         ->  Seq Scan on title t  (cost=0.00..74315.95 rows=457258 width=8) (actual time=0.016..382.984 rows=451569 loops=1)
                                                               Filter: ((production_year <= 1975) AND (1875 < production_year))
                                                               Rows Removed by Filter: 2076743
                                                               Buffers: shared hit=8167 read=28224
                                                         ->  Hash  (cost=1.10..1.10 rows=3 width=4) (actual time=0.015..0.016 rows=3 loops=1)
                                                               Buckets: 1024  Batches: 1  Memory Usage: 9kB
                                                               Buffers: shared hit=1
                                                               ->  Seq Scan on kind_type kt  (cost=0.00..1.10 rows=3 width=4) (actual time=0.006..0.008 rows=3 loops=1)
                                                                     Filter: ((kind)::text = ANY ('{episode,movie,"tv movie"}'::text[]))
                                                                     Rows Removed by Filter: 4
                                                                     Buffers: shared hit=1
                                       ->  Index Scan using movie_id_movie_info on movie_info mi1  (cost=0.46..42.93 rows=1 width=8) (actual time=0.102..0.102 rows=1 loops=205001)
                                             Index Cond: (movie_id = t.id)
                                             Filter: ((info_type_id = 3) AND ((info)::text = ANY ('{Animation,Comedy,Documentary,Drama,Musical,Mystery,Sci-Fi,Short,Sport}'::text[])))
                                             Rows Removed by Filter: 12
                                             Buffers: shared hit=1871387 read=363250
                                 ->  Index Scan using movie_id_cast_info on cast_info ci  (cost=0.44..44.17 rows=38 width=12) (actual time=0.034..0.131 rows=12 loops=183622)
                                       Index Cond: (movie_id = t.id)
                                       Buffers: shared hit=2307941 read=333677
                           ->  Hash  (cost=1.15..1.15 rows=1 width=4) (actual time=0.016..0.018 rows=1 loops=1)
                                 Buckets: 1024  Batches: 1  Memory Usage: 9kB
                                 Buffers: shared hit=1
                                 ->  Seq Scan on role_type rt  (cost=0.00..1.15 rows=1 width=4) (actual time=0.009..0.011 rows=1 loops=1)
                                       Filter: ((role)::text = 'cinematographer'::text)
                                       Rows Removed by Filter: 11
                                       Buffers: shared hit=1
                     ->  Index Scan using name_pkey on name n  (cost=0.43..2.32 rows=1 width=4) (actual time=0.035..0.035 rows=0 loops=75595)
                           Index Cond: (id = ci.person_id)
                           Filter: ((gender)::text = 'm'::text)
                           Rows Removed by Filter: 1
                           Buffers: shared hit=291198 read=11182
 Planning:
   Buffers: shared hit=576 read=1
 Planning Time: 14.553 ms
 Execution Time: 50725.387 ms
(76 rows)

