                                                                                            QUERY PLAN                                                                                            
--------------------------------------------------------------------------------------------------------------------------------------------------------------------------------------------------
 Aggregate  (cost=641997.27..641997.28 rows=1 width=8) (actual time=36595.470..36595.480 rows=1 loops=1)
   Buffers: shared hit=2515327 read=711039, temp read=2493 written=2493
   ->  Nested Loop  (cost=96918.96..641996.77 rows=199 width=0) (actual time=591.619..36556.671 rows=237704 loops=1)
         Buffers: shared hit=2515327 read=711039, temp read=2493 written=2493
         ->  Hash Join  (cost=96918.53..641287.00 rows=306 width=4) (actual time=591.583..26127.155 rows=254710 loops=1)
               Hash Cond: (ci.role_id = rt.id)
               Buffers: shared hit=1566376 read=641150, temp read=2493 written=2493
               ->  Nested Loop  (cost=96917.36..641279.31 rows=1835 width=8) (actual time=591.497..25883.256 rows=1100382 loops=1)
                     Buffers: shared hit=1566375 read=641150, temp read=2493 written=2493
                     ->  Nested Loop  (cost=96916.92..635599.44 rows=128 width=12) (actual time=591.465..11727.567 rows=45401 loops=1)
                           Buffers: shared hit=714125 read=273262, temp read=2493 written=2493
                           ->  Seq Scan on info_type it2  (cost=0.00..2.41 rows=1 width=4) (actual time=0.026..0.037 rows=1 loops=1)
                                 Filter: (id = 4)
                                 Rows Removed by Filter: 112
                                 Buffers: shared hit=1
                           ->  Nested Loop  (cost=96916.92..635595.75 rows=128 width=16) (actual time=591.437..11716.314 rows=45401 loops=1)
                                 Buffers: shared hit=714124 read=273262, temp read=2493 written=2493
                                 ->  Seq Scan on info_type it1  (cost=0.00..2.41 rows=1 width=4) (actual time=0.006..0.019 rows=1 loops=1)
                                       Filter: (id = 3)
                                       Rows Removed by Filter: 112
                                       Buffers: shared hit=1
                                 ->  Nested Loop  (cost=96916.92..635592.05 rows=128 width=20) (actual time=591.428..11705.547 rows=45401 loops=1)
                                       Buffers: shared hit=714123 read=273262, temp read=2493 written=2493
                                       ->  Hash Join  (cost=96916.48..456622.64 rows=4177 width=12) (actual time=590.875..1463.617 rows=86543 loops=1)
                                             Hash Cond: (mi1.movie_id = t.id)
                                             Buffers: shared hit=146 read=47221, temp read=2493 written=2493
                                             ->  Bitmap Heap Scan on movie_info mi1  (cost=16459.75..374686.88 rows=45134 width=8) (actual time=40.619..544.911 rows=438923 loops=1)
                                                   Recheck Cond: (info_type_id = 3)
                                                   Filter: ((info)::text = ANY ('{Crime,Documentary,Drama}'::text[]))
                                                   Rows Removed by Filter: 1094986
                                                   Heap Blocks: exact=9772
                                                   Buffers: shared hit=145 read=10830
                                                   ->  Bitmap Index Scan on info_type_id_movie_info  (cost=0.00..16448.47 rows=1538671 width=0) (actual time=39.367..39.368 rows=1533909 loops=1)
                                                         Index Cond: (info_type_id = 3)
                                                         Buffers: shared read=1203
                                             ->  Hash  (cost=76617.93..76617.93 rows=233984 width=4) (actual time=549.153..549.157 rows=504538 loops=1)
                                                   Buckets: 262144 (originally 262144)  Batches: 4 (originally 2)  Memory Usage: 6483kB
                                                   Buffers: shared hit=1 read=36391, temp written=1107
                                                   ->  Hash Join  (cost=1.13..76617.93 rows=233984 width=4) (actual time=0.051..459.660 rows=504538 loops=1)
                                                         Hash Cond: (t.kind_id = kt.id)
                                                         Buffers: shared hit=1 read=36391
                                                         ->  Seq Scan on title t  (cost=0.00..74315.95 rows=545963 width=8) (actual time=0.025..395.837 rows=538239 loops=1)
                                                               Filter: ((production_year <= 1990) AND (1950 < production_year))
                                                               Rows Removed by Filter: 1990073
                                                               Buffers: shared read=36391
                                                         ->  Hash  (cost=1.10..1.10 rows=3 width=4) (actual time=0.014..0.016 rows=3 loops=1)
                                                               Buckets: 1024  Batches: 1  Memory Usage: 9kB
                                                               Buffers: shared hit=1
                                                               ->  Seq Scan on kind_type kt  (cost=0.00..1.10 rows=3 width=4) (actual time=0.008..0.010 rows=3 loops=1)
                                                                     Filter: ((kind)::text = ANY ('{episode,movie,"tv movie"}'::text[]))
                                                                     Rows Removed by Filter: 4
                                                                     Buffers: shared hit=1
                                       ->  Index Scan using movie_id_movie_info on movie_info mi2  (cost=0.43..42.84 rows=1 width=8) (actual time=0.072..0.118 rows=1 loops=86543)
                                             Index Cond: (movie_id = t.id)
                                             Filter: ((info_type_id = 4) AND ((info)::text = ANY ('{English,Filipino,German,Japanese,Spanish}'::text[])))
                                             Rows Removed by Filter: 14
                                             Buffers: shared hit=713977 read=226041
                     ->  Index Scan using movie_id_cast_info on cast_info ci  (cost=0.44..43.99 rows=38 width=12) (actual time=0.044..0.305 rows=24 loops=45401)
                           Index Cond: (movie_id = t.id)
                           Buffers: shared hit=852250 read=367888
               ->  Hash  (cost=1.15..1.15 rows=2 width=4) (actual time=0.040..0.041 rows=2 loops=1)
                     Buckets: 1024  Batches: 1  Memory Usage: 9kB
                     Buffers: shared hit=1
                     ->  Seq Scan on role_type rt  (cost=0.00..1.15 rows=2 width=4) (actual time=0.021..0.024 rows=2 loops=1)
                           Filter: ((role)::text = ANY ('{actress,director}'::text[]))
                           Rows Removed by Filter: 10
                           Buffers: shared hit=1
         ->  Index Scan using name_pkey on name n  (cost=0.43..2.32 rows=1 width=4) (actual time=0.040..0.040 rows=1 loops=254710)
               Index Cond: (id = ci.person_id)
               Filter: ((gender)::text = ANY ('{f,m}'::text[]))
               Rows Removed by Filter: 0
               Buffers: shared hit=948951 read=69889
 Planning:
   Buffers: shared hit=482 read=92
 Planning Time: 12.683 ms
 Execution Time: 36596.020 ms
(76 rows)

