                                                                                               QUERY PLAN                                                                                               
--------------------------------------------------------------------------------------------------------------------------------------------------------------------------------------------------------
 Aggregate  (cost=543173.08..543173.09 rows=1 width=8) (actual time=19581.327..19581.333 rows=1 loops=1)
   Buffers: shared hit=1719233 read=285292
   ->  Nested Loop  (cost=13060.82..543172.90 rows=72 width=0) (actual time=61.409..19575.342 rows=29561 loops=1)
         Buffers: shared hit=1719233 read=285292
         ->  Hash Join  (cost=13060.39..542917.75 rows=110 width=4) (actual time=61.249..15171.258 rows=121463 loops=1)
               Hash Cond: (ci.role_id = rt.id)
               Buffers: shared hit=1268856 read=249817
               ->  Nested Loop  (cost=13059.22..542914.23 rows=659 width=8) (actual time=60.943..15043.702 rows=594243 loops=1)
                     Buffers: shared hit=1268855 read=249817
                     ->  Nested Loop  (cost=13058.78..540902.40 rows=46 width=12) (actual time=60.888..8619.348 rows=25303 loops=1)
                           Buffers: shared hit=753033 read=114343
                           ->  Seq Scan on info_type it2  (cost=0.00..2.41 rows=1 width=4) (actual time=0.026..0.032 rows=1 loops=1)
                                 Filter: (id = 4)
                                 Rows Removed by Filter: 112
                                 Buffers: shared hit=1
                           ->  Nested Loop  (cost=13058.78..540899.53 rows=46 width=16) (actual time=60.860..8613.088 rows=25303 loops=1)
                                 Buffers: shared hit=753032 read=114343
                                 ->  Seq Scan on info_type it1  (cost=0.00..2.41 rows=1 width=4) (actual time=0.009..0.017 rows=1 loops=1)
                                       Filter: (id = 3)
                                       Rows Removed by Filter: 112
                                       Buffers: shared hit=1
                                 ->  Nested Loop  (cost=13058.78..540896.65 rows=46 width=20) (actual time=60.848..8606.669 rows=25303 loops=1)
                                       Buffers: shared hit=753031 read=114343
                                       ->  Hash Join  (cost=13058.34..470700.94 rows=1657 width=12) (actual time=36.602..4467.163 rows=42915 loops=1)
                                             Hash Cond: (t.kind_id = kt.id)
                                             Buffers: shared hit=386049 read=40228
                                             ->  Nested Loop  (cost=13057.21..470683.52 rows=3867 width=16) (actual time=36.472..4443.230 rows=59909 loops=1)
                                                   Buffers: shared hit=386048 read=40228
                                                   ->  Bitmap Heap Scan on movie_info mi2  (cost=13056.77..430355.83 rows=5610 width=8) (actual time=36.423..693.124 rows=105138 loops=1)
                                                         Recheck Cond: (info_type_id = 4)
                                                         Filter: ((info)::text = ANY ('{Arabic,Cantonese,Danish,German,Hindi,Korean,Persian}'::text[]))
                                                         Rows Removed by Filter: 1193851
                                                         Heap Blocks: exact=8393
                                                         Buffers: shared hit=196 read=9216
                                                         ->  Bitmap Index Scan on info_type_id_movie_info  (cost=0.00..13055.37 rows=1221191 width=0) (actual time=33.924..33.924 rows=1298989 loops=1)
                                                               Index Cond: (info_type_id = 4)
                                                               Buffers: shared read=1019
                                                   ->  Memoize  (cost=0.44..7.23 rows=1 width=8) (actual time=0.035..0.035 rows=1 loops=105138)
                                                         Cache Key: mi2.movie_id
                                                         Cache Mode: logical
                                                         Hits: 922  Misses: 104216  Evictions: 10624  Overflows: 0  Memory Usage: 8193kB
                                                         Buffers: shared hit=385852 read=31012
                                                         ->  Index Scan using title_pkey on title t  (cost=0.43..7.22 rows=1 width=8) (actual time=0.034..0.034 rows=1 loops=104216)
                                                               Index Cond: (id = mi2.movie_id)
                                                               Filter: ((production_year <= 2015) AND (1990 < production_year))
                                                               Rows Removed by Filter: 0
                                                               Buffers: shared hit=385852 read=31012
                                             ->  Hash  (cost=1.10..1.10 rows=3 width=4) (actual time=0.020..0.020 rows=3 loops=1)
                                                   Buckets: 1024  Batches: 1  Memory Usage: 9kB
                                                   Buffers: shared hit=1
                                                   ->  Seq Scan on kind_type kt  (cost=0.00..1.10 rows=3 width=4) (actual time=0.009..0.011 rows=3 loops=1)
                                                         Filter: ((kind)::text = ANY ('{episode,movie,"video movie"}'::text[]))
                                                         Rows Removed by Filter: 4
                                                         Buffers: shared hit=1
                                       ->  Index Scan using movie_id_movie_info on movie_info mi1  (cost=0.43..42.35 rows=1 width=8) (actual time=0.095..0.096 rows=1 loops=42915)
                                             Index Cond: (movie_id = t.id)
                                             Filter: ((info_type_id = 3) AND ((info)::text = ANY ('{Action,Drama,Short,Thriller}'::text[])))
                                             Rows Removed by Filter: 13
                                             Buffers: shared hit=366982 read=74115
                     ->  Index Scan using movie_id_cast_info on cast_info ci  (cost=0.44..43.36 rows=38 width=12) (actual time=0.036..0.247 rows=23 loops=25303)
                           Index Cond: (movie_id = t.id)
                           Buffers: shared hit=515822 read=135474
               ->  Hash  (cost=1.15..1.15 rows=2 width=4) (actual time=0.035..0.035 rows=2 loops=1)
                     Buckets: 1024  Batches: 1  Memory Usage: 9kB
                     Buffers: shared hit=1
                     ->  Seq Scan on role_type rt  (cost=0.00..1.15 rows=2 width=4) (actual time=0.027..0.029 rows=2 loops=1)
                           Filter: ((role)::text = ANY ('{cinematographer,"miscellaneous crew"}'::text[]))
                           Rows Removed by Filter: 10
                           Buffers: shared hit=1
         ->  Index Scan using name_pkey on name n  (cost=0.43..2.32 rows=1 width=4) (actual time=0.036..0.036 rows=0 loops=121463)
               Index Cond: (id = ci.person_id)
               Filter: ((gender)::text = ANY ('{f,m}'::text[]))
               Rows Removed by Filter: 1
               Buffers: shared hit=450377 read=35475
 Planning:
   Buffers: shared hit=482 read=92
 Planning Time: 12.966 ms
 Execution Time: 19583.069 ms
(78 rows)

