                                                                                                  QUERY PLAN                                                                                                  
--------------------------------------------------------------------------------------------------------------------------------------------------------------------------------------------------------------
 Aggregate  (cost=997247.03..997247.04 rows=1 width=8) (actual time=41609.861..41609.870 rows=1 loops=1)
   Buffers: shared hit=3764214 read=422826, temp read=10574 written=9821
   ->  Nested Loop  (cost=893804.29..997246.42 rows=243 width=0) (actual time=1222.044..41606.395 rows=5170 loops=1)
         Buffers: shared hit=3764214 read=422826, temp read=10574 written=9821
         ->  Seq Scan on info_type it2  (cost=0.00..2.41 rows=1 width=4) (actual time=0.041..0.052 rows=1 loops=1)
               Filter: (id = 4)
               Rows Removed by Filter: 112
               Buffers: shared hit=1
         ->  Nested Loop  (cost=893804.29..997241.58 rows=243 width=4) (actual time=1222.002..41603.949 rows=5170 loops=1)
               Buffers: shared hit=3764213 read=422826, temp read=10574 written=9821
               ->  Seq Scan on info_type it1  (cost=0.00..2.41 rows=1 width=4) (actual time=0.009..0.021 rows=1 loops=1)
                     Filter: (id = 3)
                     Rows Removed by Filter: 112
                     Buffers: shared hit=1
               ->  Nested Loop  (cost=893804.29..997236.73 rows=243 width=8) (actual time=1221.992..41601.698 rows=5170 loops=1)
                     Buffers: shared hit=3764212 read=422826, temp read=10574 written=9821
                     ->  Hash Join  (cost=893803.86..994810.52 rows=1046 width=12) (actual time=1221.144..38968.640 rows=67017 loops=1)
                           Hash Cond: (ci.role_id = rt.id)
                           Buffers: shared hit=3532036 read=386934, temp read=10574 written=9821
                           ->  Nested Loop  (cost=893802.70..994764.75 rows=12557 width=16) (actual time=1220.940..38706.296 rows=1381065 loops=1)
                                 Buffers: shared hit=3532035 read=386934, temp read=10574 written=9821
                                 ->  Nested Loop  (cost=893802.26..956485.57 rows=876 width=20) (actual time=1220.917..23099.014 rows=66617 loops=1)
                                       Buffers: shared hit=2346411 read=47100, temp read=10574 written=9821
                                       ->  Nested Loop  (cost=893802.12..956435.57 rows=2045 width=24) (actual time=1220.899..22786.662 rows=442175 loops=1)
                                             Buffers: shared hit=2346399 read=47100, temp read=10574 written=9821
                                             ->  Merge Join  (cost=893801.69..894804.30 rows=18985 width=16) (actual time=1220.820..2090.573 rows=593278 loops=1)
                                                   Merge Cond: (mi1.movie_id = mi2.movie_id)
                                                   Buffers: shared hit=5220 read=15167, temp read=10574 written=9821
                                                   ->  Sort  (cost=442560.63..442786.15 rows=90205 width=8) (actual time=653.454..825.054 rows=882568 loops=1)
                                                         Sort Key: mi1.movie_id
                                                         Sort Method: external sort  Disk: 19080kB
                                                         Buffers: shared hit=2928 read=8047, temp read=4760 written=4772
                                                         ->  Bitmap Heap Scan on movie_info mi1  (cost=16471.02..435136.35 rows=90205 width=8) (actual time=41.910..430.651 rows=882568 loops=1)
                                                               Recheck Cond: (info_type_id = 3)
                                                               Filter: ((info)::text = ANY ('{Action,Documentary,Drama,Reality-TV,Romance,Short,Western}'::text[]))
                                                               Rows Removed by Filter: 651341
                                                               Heap Blocks: exact=9772
                                                               Buffers: shared hit=2928 read=8047
                                                               ->  Bitmap Index Scan on info_type_id_movie_info  (cost=0.00..16448.47 rows=1538671 width=0) (actual time=40.698..40.698 rows=1533909 loops=1)
                                                                     Index Cond: (info_type_id = 3)
                                                                     Buffers: shared read=1203
                                                   ->  Sort  (cost=451241.05..451421.92 rows=72347 width=8) (actual time=567.353..778.541 rows=1090565 loops=1)
                                                         Sort Key: mi2.movie_id
                                                         Sort Method: external sort  Disk: 20184kB
                                                         Buffers: shared hit=2292 read=7120, temp read=5425 written=5049
                                                         ->  Bitmap Heap Scan on movie_info mi2  (cost=13073.45..445401.69 rows=72347 width=8) (actual time=30.924..337.633 rows=933723 loops=1)
                                                               Recheck Cond: (info_type_id = 4)
                                                               Filter: ((info)::text = ANY ('{Arabic,Dutch,English,French,Greek,Hindi,Japanese,Tagalog}'::text[]))
                                                               Rows Removed by Filter: 365266
                                                               Heap Blocks: exact=8393
                                                               Buffers: shared hit=2292 read=7120
                                                               ->  Bitmap Index Scan on info_type_id_movie_info  (cost=0.00..13055.37 rows=1221191 width=0) (actual time=29.879..29.879 rows=1298989 loops=1)
                                                                     Index Cond: (info_type_id = 4)
                                                                     Buffers: shared hit=1 read=1018
                                             ->  Index Scan using title_pkey on title t  (cost=0.43..3.25 rows=1 width=8) (actual time=0.034..0.034 rows=1 loops=593278)
                                                   Index Cond: (id = mi1.movie_id)
                                                   Filter: ((production_year <= 2015) AND (1975 < production_year))
                                                   Rows Removed by Filter: 0
                                                   Buffers: shared hit=2341179 read=31933
                                       ->  Memoize  (cost=0.14..0.16 rows=1 width=4) (actual time=0.000..0.000 rows=0 loops=442175)
                                             Cache Key: t.kind_id
                                             Cache Mode: logical
                                             Hits: 442169  Misses: 6  Evictions: 0  Overflows: 0  Memory Usage: 1kB
                                             Buffers: shared hit=12
                                             ->  Index Scan using kind_type_pkey on kind_type kt  (cost=0.13..0.15 rows=1 width=4) (actual time=0.615..0.615 rows=0 loops=6)
                                                   Index Cond: (id = t.kind_id)
                                                   Filter: ((kind)::text = ANY ('{"tv movie","tv series","video game"}'::text[]))
                                                   Rows Removed by Filter: 0
                                                   Buffers: shared hit=12
                                 ->  Index Scan using movie_id_cast_info on cast_info ci  (cost=0.44..43.32 rows=38 width=12) (actual time=0.037..0.228 rows=21 loops=66617)
                                       Index Cond: (movie_id = t.id)
                                       Buffers: shared hit=1185624 read=339834
                           ->  Hash  (cost=1.15..1.15 rows=1 width=4) (actual time=0.023..0.024 rows=1 loops=1)
                                 Buckets: 1024  Batches: 1  Memory Usage: 9kB
                                 Buffers: shared hit=1
                                 ->  Seq Scan on role_type rt  (cost=0.00..1.15 rows=1 width=4) (actual time=0.013..0.015 rows=1 loops=1)
                                       Filter: ((role)::text = 'writer'::text)
                                       Rows Removed by Filter: 11
                                       Buffers: shared hit=1
                     ->  Index Scan using name_pkey on name n  (cost=0.43..2.32 rows=1 width=4) (actual time=0.039..0.039 rows=0 loops=67017)
                           Index Cond: (id = ci.person_id)
                           Filter: ((gender)::text = 'f'::text)
                           Rows Removed by Filter: 1
                           Buffers: shared hit=232176 read=35892
 Planning:
   Buffers: shared hit=486 read=88
 Planning Time: 14.309 ms
 Execution Time: 41621.875 ms
(88 rows)

