                                                                                               QUERY PLAN                                                                                               
--------------------------------------------------------------------------------------------------------------------------------------------------------------------------------------------------------
 Aggregate  (cost=682236.07..682236.08 rows=1 width=8) (actual time=56669.820..56669.829 rows=1 loops=1)
   Buffers: shared hit=4677636 read=668677
   ->  Nested Loop  (cost=16456.44..682235.52 rows=220 width=0) (actual time=43.500..56588.152 rows=452041 loops=1)
         Buffers: shared hit=4677636 read=668677
         ->  Hash Join  (cost=16456.01..681453.84 rows=337 width=4) (actual time=43.454..36109.353 rows=512735 loops=1)
               Hash Cond: (ci.role_id = rt.id)
               Buffers: shared hit=2709700 read=585673
               ->  Nested Loop  (cost=16454.84..681445.49 rows=2021 width=8) (actual time=43.379..35663.911 rows=1585732 loops=1)
                     Buffers: shared hit=2709699 read=585673
                     ->  Nested Loop  (cost=16454.40..675278.78 rows=141 width=12) (actual time=43.348..15869.594 rows=82058 loops=1)
                           Buffers: shared hit=1378932 read=130516
                           ->  Seq Scan on info_type it2  (cost=0.00..2.41 rows=1 width=4) (actual time=0.030..0.044 rows=1 loops=1)
                                 Filter: (id = 4)
                                 Rows Removed by Filter: 112
                                 Buffers: shared hit=1
                           ->  Nested Loop  (cost=16454.40..675274.96 rows=141 width=16) (actual time=43.316..15847.211 rows=82058 loops=1)
                                 Buffers: shared hit=1378931 read=130516
                                 ->  Seq Scan on info_type it1  (cost=0.00..2.41 rows=1 width=4) (actual time=0.007..0.024 rows=1 loops=1)
                                       Filter: (id = 3)
                                       Rows Removed by Filter: 112
                                       Buffers: shared hit=1
                                 ->  Nested Loop  (cost=16454.40..675271.13 rows=141 width=20) (actual time=43.306..15824.703 rows=82058 loops=1)
                                       Buffers: shared hit=1378930 read=130516
                                       ->  Hash Join  (cost=16453.96..478875.65 rows=4636 width=12) (actual time=43.198..6137.194 rows=95005 loops=1)
                                             Hash Cond: (t.kind_id = kt.id)
                                             Buffers: shared hit=520352 read=29100
                                             ->  Nested Loop  (cost=16452.83..478828.93 rows=10818 width=16) (actual time=42.235..6079.537 rows=108244 loops=1)
                                                   Buffers: shared hit=520351 read=29100
                                                   ->  Bitmap Heap Scan on movie_info mi1  (cost=16452.39..389789.07 rows=15694 width=8) (actual time=42.153..780.903 rows=141836 loops=1)
                                                         Recheck Cond: (info_type_id = 3)
                                                         Filter: ((info)::text = ANY ('{Action,Adult,History,Sci-Fi}'::text[]))
                                                         Rows Removed by Filter: 1392073
                                                         Heap Blocks: exact=9772
                                                         Buffers: shared hit=921 read=10054
                                                         ->  Bitmap Index Scan on info_type_id_movie_info  (cost=0.00..16448.47 rows=1538671 width=0) (actual time=40.919..40.919 rows=1533909 loops=1)
                                                               Index Cond: (info_type_id = 3)
                                                               Buffers: shared hit=1 read=1202
                                                   ->  Memoize  (cost=0.44..5.78 rows=1 width=8) (actual time=0.037..0.037 rows=1 loops=141836)
                                                         Cache Key: mi1.movie_id
                                                         Cache Mode: logical
                                                         Hits: 7217  Misses: 134619  Evictions: 49225  Overflows: 0  Memory Usage: 8193kB
                                                         Buffers: shared hit=519430 read=19046
                                                         ->  Index Scan using title_pkey on title t  (cost=0.43..5.77 rows=1 width=8) (actual time=0.037..0.037 rows=1 loops=134619)
                                                               Index Cond: (id = mi1.movie_id)
                                                               Filter: ((production_year <= 2015) AND (1990 < production_year))
                                                               Rows Removed by Filter: 0
                                                               Buffers: shared hit=519430 read=19046
                                             ->  Hash  (cost=1.10..1.10 rows=3 width=4) (actual time=0.014..0.015 rows=3 loops=1)
                                                   Buckets: 1024  Batches: 1  Memory Usage: 9kB
                                                   Buffers: shared hit=1
                                                   ->  Seq Scan on kind_type kt  (cost=0.00..1.10 rows=3 width=4) (actual time=0.009..0.011 rows=3 loops=1)
                                                         Filter: ((kind)::text = ANY ('{episode,movie,"video movie"}'::text[]))
                                                         Rows Removed by Filter: 4
                                                         Buffers: shared hit=1
                                       ->  Index Scan using movie_id_movie_info on movie_info mi2  (cost=0.43..42.35 rows=1 width=8) (actual time=0.047..0.101 rows=1 loops=95005)
                                             Index Cond: (movie_id = t.id)
                                             Filter: ((info_type_id = 4) AND ((info)::text = ANY ('{English,German,Japanese,Spanish}'::text[])))
                                             Rows Removed by Filter: 12
                                             Buffers: shared hit=858578 read=101416
                     ->  Index Scan using movie_id_cast_info on cast_info ci  (cost=0.44..43.36 rows=38 width=12) (actual time=0.039..0.235 rows=19 loops=82058)
                           Index Cond: (movie_id = t.id)
                           Buffers: shared hit=1330767 read=455157
               ->  Hash  (cost=1.15..1.15 rows=2 width=4) (actual time=0.036..0.037 rows=2 loops=1)
                     Buckets: 1024  Batches: 1  Memory Usage: 9kB
                     Buffers: shared hit=1
                     ->  Seq Scan on role_type rt  (cost=0.00..1.15 rows=2 width=4) (actual time=0.028..0.030 rows=2 loops=1)
                           Filter: ((role)::text = ANY ('{actress,producer}'::text[]))
                           Rows Removed by Filter: 10
                           Buffers: shared hit=1
         ->  Index Scan using name_pkey on name n  (cost=0.43..2.32 rows=1 width=4) (actual time=0.039..0.039 rows=1 loops=512735)
               Index Cond: (id = ci.person_id)
               Filter: ((gender)::text = ANY ('{f,m}'::text[]))
               Rows Removed by Filter: 0
               Buffers: shared hit=1967936 read=83004
 Planning:
   Buffers: shared hit=574
 Planning Time: 13.500 ms
 Execution Time: 56672.388 ms
(78 rows)

