                                                                                               QUERY PLAN                                                                                               
--------------------------------------------------------------------------------------------------------------------------------------------------------------------------------------------------------
 Aggregate  (cost=564801.46..564801.47 rows=1 width=8) (actual time=19300.678..19300.687 rows=1 loops=1)
   Buffers: shared hit=1676623 read=305906
   ->  Nested Loop  (cost=13062.18..564801.42 rows=18 width=0) (actual time=569.811..19298.031 rows=6116 loops=1)
         Buffers: shared hit=1676623 read=305906
         ->  Seq Scan on info_type it2  (cost=0.00..2.41 rows=1 width=4) (actual time=0.032..0.041 rows=1 loops=1)
               Filter: (id = 4)
               Rows Removed by Filter: 112
               Buffers: shared hit=1
         ->  Nested Loop  (cost=13062.18..564798.83 rows=18 width=4) (actual time=569.778..19296.221 rows=6116 loops=1)
               Buffers: shared hit=1676622 read=305906
               ->  Seq Scan on info_type it1  (cost=0.00..2.41 rows=1 width=4) (actual time=0.012..0.022 rows=1 loops=1)
                     Filter: (id = 3)
                     Rows Removed by Filter: 112
                     Buffers: shared hit=1
               ->  Nested Loop  (cost=13062.18..564796.23 rows=18 width=8) (actual time=569.763..19294.380 rows=6116 loops=1)
                     Buffers: shared hit=1676621 read=305906
                     ->  Hash Join  (cost=13061.75..564698.81 rows=42 width=12) (actual time=569.703..18691.096 rows=15600 loops=1)
                           Hash Cond: (ci.role_id = rt.id)
                           Buffers: shared hit=1621924 read=298203
                           ->  Nested Loop  (cost=13060.59..564695.87 rows=502 width=16) (actual time=569.219..18582.961 rows=631047 loops=1)
                                 Buffers: shared hit=1621923 read=298203
                                 ->  Nested Loop  (cost=13060.15..563166.45 rows=35 width=20) (actual time=569.160..11642.759 rows=22669 loops=1)
                                       Buffers: shared hit=1111361 read=125090
                                       ->  Hash Join  (cost=13059.72..455967.83 rows=2532 width=12) (actual time=568.945..6054.142 rows=56561 loops=1)
                                             Hash Cond: (t.kind_id = kt.id)
                                             Buffers: shared hit=579081 read=43444
                                             ->  Nested Loop  (cost=13058.60..455929.38 rows=8861 width=16) (actual time=34.547..6017.136 rows=105089 loops=1)
                                                   Buffers: shared hit=579080 read=43444
                                                   ->  Bitmap Heap Scan on movie_info mi2  (cost=13058.16..385269.68 rows=11185 width=8) (actual time=34.500..544.228 rows=157272 loops=1)
                                                         Recheck Cond: (info_type_id = 4)
                                                         Filter: ((info)::text = ANY ('{French,German,Italian,Norwegian}'::text[]))
                                                         Rows Removed by Filter: 1141717
                                                         Heap Blocks: exact=8393
                                                         Buffers: shared hit=51 read=9361
                                                         ->  Bitmap Index Scan on info_type_id_movie_info  (cost=0.00..13055.37 rows=1221191 width=0) (actual time=32.373..32.373 rows=1298989 loops=1)
                                                               Index Cond: (info_type_id = 4)
                                                               Buffers: shared read=1019
                                                   ->  Memoize  (cost=0.44..6.40 rows=1 width=8) (actual time=0.034..0.034 rows=1 loops=157272)
                                                         Cache Key: mi2.movie_id
                                                         Cache Mode: logical
                                                         Hits: 3994  Misses: 153278  Evictions: 64543  Overflows: 0  Memory Usage: 8193kB
                                                         Buffers: shared hit=579029 read=34083
                                                         ->  Index Scan using title_pkey on title t  (cost=0.43..6.39 rows=1 width=8) (actual time=0.034..0.034 rows=1 loops=153278)
                                                               Index Cond: (id = mi2.movie_id)
                                                               Filter: ((production_year <= 2015) AND (1975 < production_year))
                                                               Rows Removed by Filter: 0
                                                               Buffers: shared hit=579029 read=34083
                                             ->  Hash  (cost=1.09..1.09 rows=2 width=4) (actual time=0.018..0.019 rows=2 loops=1)
                                                   Buckets: 1024  Batches: 1  Memory Usage: 9kB
                                                   Buffers: shared hit=1
                                                   ->  Seq Scan on kind_type kt  (cost=0.00..1.09 rows=2 width=4) (actual time=0.010..0.011 rows=2 loops=1)
                                                         Filter: ((kind)::text = ANY ('{movie,"video movie"}'::text[]))
                                                         Rows Removed by Filter: 5
                                                         Buffers: shared hit=1
                                       ->  Index Scan using movie_id_movie_info on movie_info mi1  (cost=0.43..42.33 rows=1 width=8) (actual time=0.098..0.098 rows=0 loops=56561)
                                             Index Cond: (movie_id = t.id)
                                             Filter: ((info_type_id = 3) AND ((info)::text = ANY ('{Adult,Adventure,Biography,Drama}'::text[])))
                                             Rows Removed by Filter: 16
                                             Buffers: shared hit=532280 read=81646
                                 ->  Index Scan using movie_id_cast_info on cast_info ci  (cost=0.44..43.32 rows=38 width=12) (actual time=0.038..0.298 rows=28 loops=22669)
                                       Index Cond: (movie_id = t.id)
                                       Buffers: shared hit=510562 read=173113
                           ->  Hash  (cost=1.15..1.15 rows=1 width=4) (actual time=0.015..0.015 rows=1 loops=1)
                                 Buckets: 1024  Batches: 1  Memory Usage: 9kB
                                 Buffers: shared hit=1
                                 ->  Seq Scan on role_type rt  (cost=0.00..1.15 rows=1 width=4) (actual time=0.008..0.010 rows=1 loops=1)
                                       Filter: ((role)::text = 'composer'::text)
                                       Rows Removed by Filter: 11
                                       Buffers: shared hit=1
                     ->  Index Scan using name_pkey on name n  (cost=0.43..2.32 rows=1 width=4) (actual time=0.038..0.038 rows=0 loops=15600)
                           Index Cond: (id = ci.person_id)
                           Filter: ((gender)::text = 'm'::text)
                           Rows Removed by Filter: 1
                           Buffers: shared hit=54697 read=7703
 Planning:
   Buffers: shared hit=483 read=91
 Planning Time: 10.411 ms
 Execution Time: 19302.551 ms
(78 rows)

