                                                                                                  QUERY PLAN                                                                                                  
--------------------------------------------------------------------------------------------------------------------------------------------------------------------------------------------------------------
 Aggregate  (cost=996324.93..996324.94 rows=1 width=8) (actual time=110190.537..110190.546 rows=1 loops=1)
   Buffers: shared hit=9161973 read=1163392, temp read=9617 written=9214
   ->  Nested Loop  (cost=893161.53..996324.28 rows=261 width=0) (actual time=1219.390..110183.081 rows=9722 loops=1)
         Buffers: shared hit=9161973 read=1163392, temp read=9617 written=9214
         ->  Seq Scan on info_type it2  (cost=0.00..2.41 rows=1 width=4) (actual time=0.035..0.046 rows=1 loops=1)
               Filter: (id = 4)
               Rows Removed by Filter: 112
               Buffers: shared hit=1
         ->  Nested Loop  (cost=893161.53..996319.25 rows=261 width=4) (actual time=1219.352..110178.375 rows=9722 loops=1)
               Buffers: shared hit=9161972 read=1163392, temp read=9617 written=9214
               ->  Seq Scan on info_type it1  (cost=0.00..2.41 rows=1 width=4) (actual time=0.009..0.022 rows=1 loops=1)
                     Filter: (id = 3)
                     Rows Removed by Filter: 112
                     Buffers: shared hit=1
               ->  Nested Loop  (cost=893161.53..996314.23 rows=261 width=8) (actual time=1219.342..110173.538 rows=9722 loops=1)
                     Buffers: shared hit=9161971 read=1163392, temp read=9617 written=9214
                     ->  Hash Join  (cost=893161.10..993707.09 rows=1124 width=12) (actual time=1219.304..108107.672 rows=47779 loops=1)
                           Hash Cond: (ci.role_id = rt.id)
                           Buffers: shared hit=8989192 read=1145055, temp read=9617 written=9214
                           ->  Nested Loop  (cost=893159.94..993658.02 rows=13488 width=16) (actual time=1219.155..106842.130 rows=6874606 loops=1)
                                 Buffers: shared hit=8989191 read=1145055, temp read=9617 written=9214
                                 ->  Nested Loop  (cost=893159.50..952574.27 rows=941 width=20) (actual time=1219.125..22808.489 rows=425417 loops=1)
                                       Buffers: shared hit=2136781 read=41150, temp read=9617 written=9214
                                       ->  Nested Loop  (cost=893159.36..952520.63 rows=2197 width=24) (actual time=1218.490..22380.389 rows=482020 loops=1)
                                             Buffers: shared hit=2136769 read=41150, temp read=9617 written=9214
                                             ->  Merge Join  (cost=893158.93..894104.67 rows=17333 width=16) (actual time=1218.427..2097.078 rows=539383 loops=1)
                                                   Merge Cond: (mi1.movie_id = mi2.movie_id)
                                                   Buffers: shared hit=5970 read=14417, temp read=9617 written=9214
                                                   ->  Sort  (cost=456767.41..456967.66 rows=80101 width=8) (actual time=665.019..819.001 rows=744817 loops=1)
                                                         Sort Key: mi1.movie_id
                                                         Sort Method: external sort  Disk: 16096kB
                                                         Buffers: shared hit=3592 read=7383, temp read=4017 written=4027
                                                         ->  Bitmap Heap Scan on movie_info mi1  (cost=16468.49..450243.37 rows=80101 width=8) (actual time=41.443..478.849 rows=744819 loops=1)
                                                               Recheck Cond: (info_type_id = 3)
                                                               Filter: ((info)::text = ANY ('{Action,Adult,Adventure,Crime,Documentary,Game-Show,Romance,Short}'::text[]))
                                                               Rows Removed by Filter: 789090
                                                               Heap Blocks: exact=9772
                                                               Buffers: shared hit=3592 read=7383
                                                               ->  Bitmap Index Scan on info_type_id_movie_info  (cost=0.00..16448.47 rows=1538671 width=0) (actual time=40.253..40.253 rows=1533909 loops=1)
                                                                     Index Cond: (info_type_id = 3)
                                                                     Buffers: shared read=1203
                                                   ->  Sort  (cost=436391.52..436577.47 rows=74382 width=8) (actual time=553.393..782.212 rows=1052121 loops=1)
                                                         Sort Key: mi2.movie_id
                                                         Sort Method: external sort  Disk: 20736kB
                                                         Buffers: shared hit=2378 read=7034, temp read=5387 written=5187
                                                         ->  Bitmap Heap Scan on movie_info mi2  (cost=13073.96..430373.02 rows=74382 width=8) (actual time=30.854..319.959 rows=959216 loops=1)
                                                               Recheck Cond: (info_type_id = 4)
                                                               Filter: ((info)::text = ANY ('{Danish,English,Finnish,French,Hindi,Serbo-Croatian,Spanish}'::text[]))
                                                               Rows Removed by Filter: 339773
                                                               Heap Blocks: exact=8393
                                                               Buffers: shared hit=2378 read=7034
                                                               ->  Bitmap Index Scan on info_type_id_movie_info  (cost=0.00..13055.37 rows=1221191 width=0) (actual time=29.815..29.816 rows=1298989 loops=1)
                                                                     Index Cond: (info_type_id = 4)
                                                                     Buffers: shared hit=1 read=1018
                                             ->  Index Scan using title_pkey on title t  (cost=0.43..3.37 rows=1 width=8) (actual time=0.037..0.037 rows=1 loops=539383)
                                                   Index Cond: (id = mi1.movie_id)
                                                   Filter: ((production_year <= 2015) AND (1925 < production_year))
                                                   Rows Removed by Filter: 0
                                                   Buffers: shared hit=2130799 read=26733
                                       ->  Memoize  (cost=0.14..0.16 rows=1 width=4) (actual time=0.000..0.000 rows=1 loops=482020)
                                             Cache Key: t.kind_id
                                             Cache Mode: logical
                                             Hits: 482014  Misses: 6  Evictions: 0  Overflows: 0  Memory Usage: 1kB
                                             Buffers: shared hit=12
                                             ->  Index Scan using kind_type_pkey on kind_type kt  (cost=0.13..0.15 rows=1 width=4) (actual time=0.011..0.011 rows=0 loops=6)
                                                   Index Cond: (id = t.kind_id)
                                                   Filter: ((kind)::text = ANY ('{episode,movie,"video movie"}'::text[]))
                                                   Rows Removed by Filter: 0
                                                   Buffers: shared hit=12
                                 ->  Index Scan using movie_id_cast_info on cast_info ci  (cost=0.44..43.28 rows=38 width=12) (actual time=0.038..0.193 rows=16 loops=425417)
                                       Index Cond: (movie_id = t.id)
                                       Buffers: shared hit=6852410 read=1103905
                           ->  Hash  (cost=1.15..1.15 rows=1 width=4) (actual time=0.022..0.023 rows=1 loops=1)
                                 Buckets: 1024  Batches: 1  Memory Usage: 9kB
                                 Buffers: shared hit=1
                                 ->  Seq Scan on role_type rt  (cost=0.00..1.15 rows=1 width=4) (actual time=0.012..0.014 rows=1 loops=1)
                                       Filter: ((role)::text = 'costume designer'::text)
                                       Rows Removed by Filter: 11
                                       Buffers: shared hit=1
                     ->  Index Scan using name_pkey on name n  (cost=0.43..2.32 rows=1 width=4) (actual time=0.042..0.042 rows=0 loops=47779)
                           Index Cond: (id = ci.person_id)
                           Filter: ((gender)::text = 'f'::text)
                           Rows Removed by Filter: 1
                           Buffers: shared hit=172779 read=18337
 Planning:
   Buffers: shared hit=486 read=88
 Planning Time: 14.030 ms
 Execution Time: 110201.104 ms
(88 rows)

