                                                                                            QUERY PLAN                                                                                            
--------------------------------------------------------------------------------------------------------------------------------------------------------------------------------------------------
 Aggregate  (cost=694058.28..694058.29 rows=1 width=8) (actual time=10447.824..10447.834 rows=1 loops=1)
   Buffers: shared hit=880951 read=114595, temp read=2487 written=2487
   ->  Nested Loop  (cost=483062.20..694058.17 rows=42 width=0) (actual time=1198.401..10446.463 rows=4063 loops=1)
         Buffers: shared hit=880951 read=114595, temp read=2487 written=2487
         ->  Seq Scan on info_type it2  (cost=0.00..2.41 rows=1 width=4) (actual time=0.047..0.057 rows=1 loops=1)
               Filter: (id = 4)
               Rows Removed by Filter: 112
               Buffers: shared hit=1
         ->  Nested Loop  (cost=483062.20..694055.34 rows=42 width=4) (actual time=1198.353..10445.488 rows=4063 loops=1)
               Buffers: shared hit=880950 read=114595, temp read=2487 written=2487
               ->  Seq Scan on info_type it1  (cost=0.00..2.41 rows=1 width=4) (actual time=0.010..0.022 rows=1 loops=1)
                     Filter: (id = 3)
                     Rows Removed by Filter: 112
                     Buffers: shared hit=1
               ->  Nested Loop  (cost=483062.20..694052.51 rows=42 width=8) (actual time=1198.342..10444.448 rows=4063 loops=1)
                     Join Filter: (t.id = mi2.movie_id)
                     Buffers: shared hit=880949 read=114595, temp read=2487 written=2487
                     ->  Nested Loop  (cost=483061.77..632819.84 rows=1443 width=16) (actual time=1181.304..9626.527 rows=5792 loops=1)
                           Buffers: shared hit=828826 read=85432, temp read=2487 written=2487
                           ->  Hash Join  (cost=483061.34..618413.30 rows=6211 width=20) (actual time=1179.875..3308.299 rows=211243 loops=1)
                                 Hash Cond: (ci.movie_id = t.id)
                                 Buffers: shared hit=7038 read=62248, temp read=2487 written=2487
                                 ->  Nested Loop  (cost=0.44..123965.00 rows=3020080 width=8) (actual time=0.096..1246.229 rows=2728943 loops=1)
                                       Buffers: shared hit=5306 read=16613
                                       ->  Seq Scan on role_type rt  (cost=0.00..1.15 rows=1 width=4) (actual time=0.009..0.013 rows=1 loops=1)
                                             Filter: ((role)::text = 'writer'::text)
                                             Rows Removed by Filter: 11
                                             Buffers: shared hit=1
                                       ->  Index Scan using role_id_cast_info on cast_info ci  (cost=0.44..91017.52 rows=3294633 width=12) (actual time=0.084..839.952 rows=2728943 loops=1)
                                             Index Cond: (role_id = rt.id)
                                             Buffers: shared hit=5305 read=16613
                                 ->  Hash  (cost=482995.90..482995.90 rows=5200 width=12) (actual time=1179.620..1179.626 rows=128721 loops=1)
                                       Buckets: 131072 (originally 8192)  Batches: 1 (originally 1)  Memory Usage: 6555kB
                                       Buffers: shared hit=1732 read=45635, temp read=2487 written=2487
                                       ->  Hash Join  (cost=94172.43..482995.90 rows=5200 width=12) (actual time=538.572..1155.889 rows=128721 loops=1)
                                             Hash Cond: (mi1.movie_id = t.id)
                                             Buffers: shared hit=1732 read=45635, temp read=2487 written=2487
                                             ->  Bitmap Heap Scan on movie_info mi1  (cost=16470.15..404916.38 rows=86730 width=8) (actual time=41.995..395.291 rows=851304 loops=1)
                                                   Recheck Cond: (info_type_id = 3)
                                                   Filter: ((info)::text = ANY ('{Biography,Comedy,Drama,Romance,Short}'::text[]))
                                                   Rows Removed by Filter: 682605
                                                   Heap Blocks: exact=9772
                                                   Buffers: shared hit=1 read=10974
                                                   ->  Bitmap Index Scan on info_type_id_movie_info  (cost=0.00..16448.47 rows=1538671 width=0) (actual time=40.778..40.778 rows=1533909 loops=1)
                                                         Index Cond: (info_type_id = 3)
                                                         Buffers: shared read=1203
                                             ->  Hash  (cost=75807.58..75807.58 rows=151576 width=4) (actual time=494.814..494.817 rows=335746 loops=1)
                                                   Buckets: 262144 (originally 262144)  Batches: 2 (originally 1)  Memory Usage: 7957kB
                                                   Buffers: shared hit=1731 read=34661, temp written=491
                                                   ->  Hash Join  (cost=1.13..75807.58 rows=151576 width=4) (actual time=0.051..426.412 rows=335746 loops=1)
                                                         Hash Cond: (t.kind_id = kt.id)
                                                         Buffers: shared hit=1731 read=34661
                                                         ->  Seq Scan on title t  (cost=0.00..74315.95 rows=353677 width=8) (actual time=0.024..385.186 rows=347589 loops=1)
                                                               Filter: ((production_year <= 1975) AND (1925 < production_year))
                                                               Rows Removed by Filter: 2180723
                                                               Buffers: shared hit=1730 read=34661
                                                         ->  Hash  (cost=1.10..1.10 rows=3 width=4) (actual time=0.018..0.019 rows=3 loops=1)
                                                               Buckets: 1024  Batches: 1  Memory Usage: 9kB
                                                               Buffers: shared hit=1
                                                               ->  Seq Scan on kind_type kt  (cost=0.00..1.10 rows=3 width=4) (actual time=0.008..0.010 rows=3 loops=1)
                                                                     Filter: ((kind)::text = ANY ('{episode,movie,"tv movie"}'::text[]))
                                                                     Rows Removed by Filter: 4
                                                                     Buffers: shared hit=1
                           ->  Index Scan using name_pkey on name n  (cost=0.43..2.32 rows=1 width=4) (actual time=0.030..0.030 rows=0 loops=211243)
                                 Index Cond: (id = ci.person_id)
                                 Filter: ((gender)::text = 'f'::text)
                                 Rows Removed by Filter: 1
                                 Buffers: shared hit=821788 read=23184
                     ->  Index Scan using movie_id_movie_info on movie_info mi2  (cost=0.43..42.42 rows=1 width=8) (actual time=0.063..0.140 rows=1 loops=5792)
                           Index Cond: (movie_id = ci.movie_id)
                           Filter: ((info_type_id = 4) AND ((info)::text = ANY ('{Dutch,English,German,Japanese,Korean,Polish,Portuguese,Tagalog,Turkish}'::text[])))
                           Rows Removed by Filter: 26
                           Buffers: shared hit=52123 read=29163
 Planning:
   Buffers: shared hit=486 read=88
 Planning Time: 14.903 ms
 Execution Time: 10448.524 ms
(77 rows)

