                                                                                            QUERY PLAN                                                                                            
--------------------------------------------------------------------------------------------------------------------------------------------------------------------------------------------------
 Aggregate  (cost=637619.17..637619.18 rows=1 width=8) (actual time=26387.036..26387.048 rows=1 loops=1)
   Buffers: shared hit=2313444 read=400596, temp read=2263 written=2263
   ->  Nested Loop  (cost=95920.62..637619.11 rows=23 width=0) (actual time=1229.602..26386.993 rows=32 loops=1)
         Buffers: shared hit=2313444 read=400596, temp read=2263 written=2263
         ->  Seq Scan on info_type it2  (cost=0.00..2.41 rows=1 width=4) (actual time=0.034..0.045 rows=1 loops=1)
               Filter: (id = 4)
               Rows Removed by Filter: 112
               Buffers: shared hit=1
         ->  Nested Loop  (cost=95920.62..637616.47 rows=23 width=4) (actual time=1229.567..26386.930 rows=32 loops=1)
               Buffers: shared hit=2313443 read=400596, temp read=2263 written=2263
               ->  Seq Scan on info_type it1  (cost=0.00..2.41 rows=1 width=4) (actual time=0.006..0.020 rows=1 loops=1)
                     Filter: (id = 3)
                     Rows Removed by Filter: 112
                     Buffers: shared hit=1
               ->  Nested Loop  (cost=95920.62..637613.83 rows=23 width=8) (actual time=1229.559..26386.885 rows=32 loops=1)
                     Buffers: shared hit=2313442 read=400596, temp read=2263 written=2263
                     ->  Hash Join  (cost=95920.19..637381.88 rows=100 width=12) (actual time=548.641..26163.253 rows=5875 loops=1)
                           Hash Cond: (ci.role_id = rt.id)
                           Buffers: shared hit=2291736 read=398802, temp read=2263 written=2263
                           ->  Nested Loop  (cost=95919.02..637376.44 rows=1204 width=16) (actual time=547.986..25943.574 rows=1311577 loops=1)
                                 Buffers: shared hit=2291735 read=398802, temp read=2263 written=2263
                                 ->  Nested Loop  (cost=95918.58..633633.88 rows=84 width=20) (actual time=547.956..12257.021 rows=57927 loops=1)
                                       Buffers: shared hit=1010680 read=214114, temp read=2263 written=2263
                                       ->  Hash Join  (cost=95918.15..500732.49 rows=3093 width=12) (actual time=547.898..1472.508 rows=99285 loops=1)
                                             Hash Cond: (mi1.movie_id = t.id)
                                             Buffers: shared hit=3044 read=44323, temp read=2263 written=2263
                                             ->  Bitmap Heap Scan on movie_info mi1  (cost=16458.44..420014.22 rows=39903 width=8) (actual time=38.867..648.427 rows=404753 loops=1)
                                                   Recheck Cond: (info_type_id = 3)
                                                   Filter: ((info)::text = ANY ('{Action,Adventure,Drama,Fantasy,History,Romance}'::text[]))
                                                   Rows Removed by Filter: 1129156
                                                   Heap Blocks: exact=9772
                                                   Buffers: shared hit=1314 read=9661
                                                   ->  Bitmap Index Scan on info_type_id_movie_info  (cost=0.00..16448.47 rows=1538671 width=0) (actual time=37.652..37.652 rows=1533909 loops=1)
                                                         Index Cond: (info_type_id = 3)
                                                         Buffers: shared read=1203
                                             ->  Hash  (cost=76244.10..76244.10 rows=195968 width=4) (actual time=507.313..507.316 rows=439726 loops=1)
                                                   Buckets: 262144 (originally 262144)  Batches: 4 (originally 2)  Memory Usage: 6145kB
                                                   Buffers: shared hit=1730 read=34662, temp written=966
                                                   ->  Hash Join  (cost=1.13..76244.10 rows=195968 width=4) (actual time=0.049..428.272 rows=439726 loops=1)
                                                         Hash Cond: (t.kind_id = kt.id)
                                                         Buffers: shared hit=1730 read=34662
                                                         ->  Seq Scan on title t  (cost=0.00..74315.95 rows=457258 width=8) (actual time=0.027..375.619 rows=451569 loops=1)
                                                               Filter: ((production_year <= 1975) AND (1875 < production_year))
                                                               Rows Removed by Filter: 2076743
                                                               Buffers: shared hit=1729 read=34662
                                                         ->  Hash  (cost=1.10..1.10 rows=3 width=4) (actual time=0.013..0.014 rows=3 loops=1)
                                                               Buckets: 1024  Batches: 1  Memory Usage: 9kB
                                                               Buffers: shared hit=1
                                                               ->  Seq Scan on kind_type kt  (cost=0.00..1.10 rows=3 width=4) (actual time=0.007..0.009 rows=3 loops=1)
                                                                     Filter: ((kind)::text = ANY ('{episode,movie,"tv movie"}'::text[]))
                                                                     Rows Removed by Filter: 4
                                                                     Buffers: shared hit=1
                                       ->  Index Scan using movie_id_movie_info on movie_info mi2  (cost=0.43..42.96 rows=1 width=8) (actual time=0.061..0.108 rows=1 loops=99285)
                                             Index Cond: (movie_id = t.id)
                                             Filter: ((info_type_id = 4) AND ((info)::text = ANY ('{English,Korean,Spanish,Tagalog,Turkish}'::text[])))
                                             Rows Removed by Filter: 17
                                             Buffers: shared hit=1007636 read=169791
                                 ->  Index Scan using movie_id_cast_info on cast_info ci  (cost=0.44..44.17 rows=38 width=12) (actual time=0.036..0.230 rows=23 loops=57927)
                                       Index Cond: (movie_id = t.id)
                                       Buffers: shared hit=1281055 read=184688
                           ->  Hash  (cost=1.15..1.15 rows=1 width=4) (actual time=0.012..0.012 rows=1 loops=1)
                                 Buckets: 1024  Batches: 1  Memory Usage: 9kB
                                 Buffers: shared hit=1
                                 ->  Seq Scan on role_type rt  (cost=0.00..1.15 rows=1 width=4) (actual time=0.007..0.008 rows=1 loops=1)
                                       Filter: ((role)::text = 'production designer'::text)
                                       Rows Removed by Filter: 11
                                       Buffers: shared hit=1
                     ->  Index Scan using name_pkey on name n  (cost=0.43..2.32 rows=1 width=4) (actual time=0.037..0.037 rows=0 loops=5875)
                           Index Cond: (id = ci.person_id)
                           Filter: ((gender)::text = 'f'::text)
                           Rows Removed by Filter: 1
                           Buffers: shared hit=21706 read=1794
 Planning:
   Buffers: shared hit=530 read=44
 Planning Time: 9.002 ms
 Execution Time: 26387.540 ms
(76 rows)

