                                                                                               QUERY PLAN                                                                                               
--------------------------------------------------------------------------------------------------------------------------------------------------------------------------------------------------------
 Aggregate  (cost=752957.39..752957.40 rows=1 width=8) (actual time=19069.656..19069.664 rows=1 loops=1)
   Buffers: shared hit=1730880 read=219605
   ->  Nested Loop  (cost=13063.12..752956.95 rows=175 width=0) (actual time=46.742..19066.359 rows=10939 loops=1)
         Buffers: shared hit=1730880 read=219605
         ->  Hash Join  (cost=13062.69..751992.03 rows=416 width=4) (actual time=39.027..17434.407 rows=43160 loops=1)
               Hash Cond: (ci.role_id = rt.id)
               Buffers: shared hit=1574035 read=203810
               ->  Nested Loop  (cost=13061.51..751981.99 rows=2494 width=8) (actual time=37.762..17347.774 rows=442059 loops=1)
                     Buffers: shared hit=1574034 read=203810
                     ->  Nested Loop  (cost=13061.07..744378.59 rows=174 width=12) (actual time=37.652..12431.542 rows=19350 loops=1)
                           Buffers: shared hit=1192958 read=102034
                           ->  Seq Scan on info_type it2  (cost=0.00..2.41 rows=1 width=4) (actual time=0.033..0.042 rows=1 loops=1)
                                 Filter: (id = 4)
                                 Rows Removed by Filter: 112
                                 Buffers: shared hit=1
                           ->  Nested Loop  (cost=13061.07..744374.44 rows=174 width=16) (actual time=37.618..12426.661 rows=19350 loops=1)
                                 Buffers: shared hit=1192957 read=102034
                                 ->  Seq Scan on info_type it1  (cost=0.00..2.41 rows=1 width=4) (actual time=0.009..0.020 rows=1 loops=1)
                                       Filter: (id = 3)
                                       Rows Removed by Filter: 112
                                       Buffers: shared hit=1
                                 ->  Nested Loop  (cost=13061.07..744370.29 rows=174 width=20) (actual time=37.605..12421.278 rows=19350 loops=1)
                                       Buffers: shared hit=1192956 read=102034
                                       ->  Hash Join  (cost=13060.64..530891.90 rows=5018 width=12) (actual time=37.545..8877.671 rows=41909 loops=1)
                                             Hash Cond: (t.kind_id = kt.id)
                                             Buffers: shared hit=864447 read=46854
                                             ->  Nested Loop  (cost=13059.50..530841.42 rows=11708 width=16) (actual time=37.496..8831.358 rows=160133 loops=1)
                                                   Buffers: shared hit=864446 read=46854
                                                   ->  Bitmap Heap Scan on movie_info mi2  (cost=13059.06..445387.30 rows=14779 width=8) (actual time=37.447..770.223 rows=232049 loops=1)
                                                         Recheck Cond: (info_type_id = 4)
                                                         Filter: ((info)::text = ANY ('{French,German,Italian,Japanese,Korean,Mandarin,Russian,Serbo-Croatian}'::text[]))
                                                         Rows Removed by Filter: 1066940
                                                         Heap Blocks: exact=8393
                                                         Buffers: shared hit=1046 read=8366
                                                         ->  Bitmap Index Scan on info_type_id_movie_info  (cost=0.00..13055.37 rows=1221191 width=0) (actual time=34.840..34.841 rows=1298989 loops=1)
                                                               Index Cond: (info_type_id = 4)
                                                               Buffers: shared read=1019
                                                   ->  Memoize  (cost=0.44..5.88 rows=1 width=8) (actual time=0.034..0.034 rows=1 loops=232049)
                                                         Cache Key: mi2.movie_id
                                                         Cache Mode: logical
                                                         Hits: 6577  Misses: 225472  Evictions: 139175  Overflows: 0  Memory Usage: 8193kB
                                                         Buffers: shared hit=863400 read=38488
                                                         ->  Index Scan using title_pkey on title t  (cost=0.43..5.87 rows=1 width=8) (actual time=0.034..0.034 rows=1 loops=225472)
                                                               Index Cond: (id = mi2.movie_id)
                                                               Filter: ((production_year <= 2015) AND (1975 < production_year))
                                                               Rows Removed by Filter: 0
                                                               Buffers: shared hit=863400 read=38488
                                             ->  Hash  (cost=1.10..1.10 rows=3 width=4) (actual time=0.018..0.020 rows=3 loops=1)
                                                   Buckets: 1024  Batches: 1  Memory Usage: 9kB
                                                   Buffers: shared hit=1
                                                   ->  Seq Scan on kind_type kt  (cost=0.00..1.10 rows=3 width=4) (actual time=0.009..0.011 rows=3 loops=1)
                                                         Filter: ((kind)::text = ANY ('{"tv movie","tv series","video game"}'::text[]))
                                                         Rows Removed by Filter: 4
                                                         Buffers: shared hit=1
                                       ->  Index Scan using movie_id_movie_info on movie_info mi1  (cost=0.43..42.53 rows=1 width=8) (actual time=0.083..0.084 rows=0 loops=41909)
                                             Index Cond: (movie_id = t.id)
                                             Filter: ((info_type_id = 3) AND ((info)::text = ANY ('{Action,Adult,Crime,Drama,Horror,Music,Romance,Short}'::text[])))
                                             Rows Removed by Filter: 8
                                             Buffers: shared hit=328509 read=55180
                     ->  Index Scan using movie_id_cast_info on cast_info ci  (cost=0.44..43.32 rows=38 width=12) (actual time=0.036..0.248 rows=23 loops=19350)
                           Index Cond: (movie_id = t.id)
                           Buffers: shared hit=381076 read=101776
               ->  Hash  (cost=1.15..1.15 rows=2 width=4) (actual time=0.037..0.038 rows=2 loops=1)
                     Buckets: 1024  Batches: 1  Memory Usage: 9kB
                     Buffers: shared hit=1
                     ->  Seq Scan on role_type rt  (cost=0.00..1.15 rows=2 width=4) (actual time=0.028..0.031 rows=2 loops=1)
                           Filter: ((role)::text = ANY ('{director,producer}'::text[]))
                           Rows Removed by Filter: 10
                           Buffers: shared hit=1
         ->  Index Scan using name_pkey on name n  (cost=0.43..2.32 rows=1 width=4) (actual time=0.037..0.037 rows=0 loops=43160)
               Index Cond: (id = ci.person_id)
               Filter: ((gender)::text = 'm'::text)
               Rows Removed by Filter: 1
               Buffers: shared hit=156845 read=15795
 Planning:
   Buffers: shared hit=482 read=92
 Planning Time: 14.247 ms
 Execution Time: 19072.112 ms
(78 rows)

