                                                                                            QUERY PLAN                                                                                            
--------------------------------------------------------------------------------------------------------------------------------------------------------------------------------------------------
 Aggregate  (cost=767389.40..767389.41 rows=1 width=8) (actual time=3889.630..3889.646 rows=1 loops=1)
   Buffers: shared hit=271824 read=110338, temp read=1641 written=1641
   ->  Nested Loop  (cost=93532.88..767389.13 rows=106 width=0) (actual time=464.647..3889.112 rows=2059 loops=1)
         Buffers: shared hit=271824 read=110338, temp read=1641 written=1641
         ->  Seq Scan on info_type it2  (cost=0.00..2.41 rows=1 width=4) (actual time=0.031..0.040 rows=1 loops=1)
               Filter: (id = 4)
               Rows Removed by Filter: 112
               Buffers: shared hit=1
         ->  Nested Loop  (cost=93532.88..767385.66 rows=106 width=4) (actual time=464.615..3888.557 rows=2059 loops=1)
               Buffers: shared hit=271823 read=110338, temp read=1641 written=1641
               ->  Seq Scan on info_type it1  (cost=0.00..2.41 rows=1 width=4) (actual time=0.006..0.018 rows=1 loops=1)
                     Filter: (id = 3)
                     Rows Removed by Filter: 112
                     Buffers: shared hit=1
               ->  Nested Loop  (cost=93532.88..767382.19 rows=106 width=8) (actual time=464.606..3888.102 rows=2059 loops=1)
                     Buffers: shared hit=271822 read=110338, temp read=1641 written=1641
                     ->  Hash Join  (cost=93532.45..766795.35 rows=253 width=12) (actual time=464.118..3700.209 rows=5716 loops=1)
                           Hash Cond: (ci.role_id = rt.id)
                           Buffers: shared hit=252762 read=106534, temp read=1641 written=1641
                           ->  Nested Loop  (cost=93531.29..766783.39 rows=3039 width=16) (actual time=464.082..3688.132 rows=79724 loops=1)
                                 Buffers: shared hit=252761 read=106534, temp read=1641 written=1641
                                 ->  Nested Loop  (cost=93530.85..757376.11 rows=212 width=20) (actual time=464.052..2737.598 rows=6057 loops=1)
                                       Buffers: shared hit=200281 read=62878, temp read=1641 written=1641
                                       ->  Hash Join  (cost=93530.41..467572.47 rows=6780 width=12) (actual time=463.899..1019.089 rows=22388 loops=1)
                                             Hash Cond: (mi2.movie_id = t.id)
                                             Buffers: shared hit=23743 read=22061, temp read=1641 written=1641
                                             ->  Bitmap Heap Scan on movie_info mi2  (cost=13073.68..385285.20 rows=73262 width=8) (actual time=35.038..325.471 rows=931138 loops=1)
                                                   Recheck Cond: (info_type_id = 4)
                                                   Filter: ((info)::text = ANY ('{English,French,Mandarin,Spanish}'::text[]))
                                                   Rows Removed by Filter: 367851
                                                   Heap Blocks: exact=8393
                                                   Buffers: shared hit=18 read=9394
                                                   ->  Bitmap Index Scan on info_type_id_movie_info  (cost=0.00..13055.37 rows=1221191 width=0) (actual time=33.987..33.987 rows=1298989 loops=1)
                                                         Index Cond: (info_type_id = 4)
                                                         Buffers: shared read=1019
                                             ->  Hash  (cost=76617.93..76617.93 rows=233984 width=4) (actual time=425.923..425.926 rows=33701 loops=1)
                                                   Buckets: 262144  Batches: 2  Memory Usage: 2644kB
                                                   Buffers: shared hit=23725 read=12667, temp written=49
                                                   ->  Hash Join  (cost=1.13..76617.93 rows=233984 width=4) (actual time=0.075..418.665 rows=33701 loops=1)
                                                         Hash Cond: (t.kind_id = kt.id)
                                                         Buffers: shared hit=23725 read=12667
                                                         ->  Seq Scan on title t  (cost=0.00..74315.95 rows=545963 width=8) (actual time=0.027..386.739 rows=538239 loops=1)
                                                               Filter: ((production_year <= 1990) AND (1950 < production_year))
                                                               Rows Removed by Filter: 1990073
                                                               Buffers: shared hit=23724 read=12667
                                                         ->  Hash  (cost=1.10..1.10 rows=3 width=4) (actual time=0.017..0.019 rows=3 loops=1)
                                                               Buckets: 1024  Batches: 1  Memory Usage: 9kB
                                                               Buffers: shared hit=1
                                                               ->  Seq Scan on kind_type kt  (cost=0.00..1.10 rows=3 width=4) (actual time=0.008..0.009 rows=3 loops=1)
                                                                     Filter: ((kind)::text = ANY ('{"tv series","video game","video movie"}'::text[]))
                                                                     Rows Removed by Filter: 4
                                                                     Buffers: shared hit=1
                                       ->  Index Scan using movie_id_movie_info on movie_info mi1  (cost=0.43..42.73 rows=1 width=8) (actual time=0.075..0.076 rows=0 loops=22388)
                                             Index Cond: (movie_id = t.id)
                                             Filter: ((info_type_id = 3) AND ((info)::text = ANY ('{Documentary,Drama,Short}'::text[])))
                                             Rows Removed by Filter: 10
                                             Buffers: shared hit=176538 read=40817
                                 ->  Index Scan using movie_id_cast_info on cast_info ci  (cost=0.44..43.99 rows=38 width=12) (actual time=0.034..0.154 rows=13 loops=6057)
                                       Index Cond: (movie_id = t.id)
                                       Buffers: shared hit=52480 read=43656
                           ->  Hash  (cost=1.15..1.15 rows=1 width=4) (actual time=0.013..0.021 rows=1 loops=1)
                                 Buckets: 1024  Batches: 1  Memory Usage: 9kB
                                 Buffers: shared hit=1
                                 ->  Seq Scan on role_type rt  (cost=0.00..1.15 rows=1 width=4) (actual time=0.008..0.009 rows=1 loops=1)
                                       Filter: ((role)::text = 'producer'::text)
                                       Rows Removed by Filter: 11
                                       Buffers: shared hit=1
                     ->  Index Scan using name_pkey on name n  (cost=0.43..2.32 rows=1 width=4) (actual time=0.032..0.032 rows=0 loops=5716)
                           Index Cond: (id = ci.person_id)
                           Filter: ((gender)::text = 'm'::text)
                           Rows Removed by Filter: 1
                           Buffers: shared hit=19060 read=3804
 Planning:
   Buffers: shared hit=489 read=85
 Planning Time: 12.984 ms
 Execution Time: 3890.175 ms
(76 rows)

