                                                                                            QUERY PLAN                                                                                            
--------------------------------------------------------------------------------------------------------------------------------------------------------------------------------------------------
 Aggregate  (cost=566776.51..566776.52 rows=1 width=8) (actual time=1593.566..1593.574 rows=1 loops=1)
   Buffers: shared hit=62187 read=70401, temp read=519 written=519
   ->  Nested Loop  (cost=95917.70..566776.29 rows=87 width=0) (actual time=431.448..1592.898 rows=5969 loops=1)
         Buffers: shared hit=62187 read=70401, temp read=519 written=519
         ->  Hash Join  (cost=95917.27..566465.48 rows=134 width=4) (actual time=431.415..1360.630 rows=6519 loops=1)
               Hash Cond: (ci.role_id = rt.id)
               Buffers: shared hit=41954 read=64558, temp read=519 written=519
               ->  Nested Loop  (cost=95916.10..566461.45 rows=803 width=8) (actual time=430.937..1357.025 rows=19967 loops=1)
                     Buffers: shared hit=41953 read=64558, temp read=519 written=519
                     ->  Nested Loop  (cost=95915.66..563966.41 rows=56 width=12) (actual time=430.619..1098.877 rows=1888 loops=1)
                           Buffers: shared hit=27405 read=54026, temp read=519 written=519
                           ->  Seq Scan on info_type it2  (cost=0.00..2.41 rows=1 width=4) (actual time=0.018..0.023 rows=1 loops=1)
                                 Filter: (id = 4)
                                 Rows Removed by Filter: 112
                                 Buffers: shared hit=1
                           ->  Nested Loop  (cost=95915.66..563963.43 rows=56 width=16) (actual time=430.600..1098.512 rows=1888 loops=1)
                                 Buffers: shared hit=27404 read=54026, temp read=519 written=519
                                 ->  Seq Scan on info_type it1  (cost=0.00..2.41 rows=1 width=4) (actual time=0.006..0.013 rows=1 loops=1)
                                       Filter: (id = 3)
                                       Rows Removed by Filter: 112
                                       Buffers: shared hit=1
                                 ->  Nested Loop  (cost=95915.66..563960.46 rows=56 width=20) (actual time=430.591..1098.162 rows=1888 loops=1)
                                       Buffers: shared hit=27403 read=54026, temp read=519 written=519
                                       ->  Hash Join  (cost=95915.22..470367.55 rows=2186 width=12) (actual time=430.433..801.955 rows=3318 loops=1)
                                             Hash Cond: (mi1.movie_id = t.id)
                                             Buffers: shared hit=5691 read=41676, temp read=519 written=519
                                             ->  Bitmap Heap Scan on movie_info mi1  (cost=16455.52..389792.20 rows=28209 width=8) (actual time=40.161..345.111 rows=292683 loops=1)
                                                   Recheck Cond: (info_type_id = 3)
                                                   Filter: ((info)::text = ANY ('{Drama,Musical,Mystery,Sport}'::text[]))
                                                   Rows Removed by Filter: 1241226
                                                   Heap Blocks: exact=9772
                                                   Buffers: shared hit=1121 read=9854
                                                   ->  Bitmap Index Scan on info_type_id_movie_info  (cost=0.00..16448.47 rows=1538671 width=0) (actual time=38.972..38.972 rows=1533909 loops=1)
                                                         Index Cond: (info_type_id = 3)
                                                         Buffers: shared read=1203
                                             ->  Hash  (cost=76244.10..76244.10 rows=195968 width=4) (actual time=389.139..389.143 rows=11843 loops=1)
                                                   Buckets: 262144  Batches: 2  Memory Usage: 2260kB
                                                   Buffers: shared hit=4570 read=31822, temp written=17
                                                   ->  Hash Join  (cost=1.13..76244.10 rows=195968 width=4) (actual time=0.130..386.264 rows=11843 loops=1)
                                                         Hash Cond: (t.kind_id = kt.id)
                                                         Buffers: shared hit=4570 read=31822
                                                         ->  Seq Scan on title t  (cost=0.00..74315.95 rows=457258 width=8) (actual time=0.027..360.186 rows=451569 loops=1)
                                                               Filter: ((production_year <= 1975) AND (1875 < production_year))
                                                               Rows Removed by Filter: 2076743
                                                               Buffers: shared hit=4569 read=31822
                                                         ->  Hash  (cost=1.10..1.10 rows=3 width=4) (actual time=0.013..0.014 rows=3 loops=1)
                                                               Buckets: 1024  Batches: 1  Memory Usage: 9kB
                                                               Buffers: shared hit=1
                                                               ->  Seq Scan on kind_type kt  (cost=0.00..1.10 rows=3 width=4) (actual time=0.008..0.009 rows=3 loops=1)
                                                                     Filter: ((kind)::text = ANY ('{"tv series","video game","video movie"}'::text[]))
                                                                     Rows Removed by Filter: 4
                                                                     Buffers: shared hit=1
                                       ->  Index Scan using movie_id_movie_info on movie_info mi2  (cost=0.43..42.80 rows=1 width=8) (actual time=0.069..0.089 rows=1 loops=3318)
                                             Index Cond: (movie_id = t.id)
                                             Filter: (((info)::text = ANY ('{English,Italian}'::text[])) AND (info_type_id = 4))
                                             Rows Removed by Filter: 11
                                             Buffers: shared hit=21712 read=12350
                     ->  Index Scan using movie_id_cast_info on cast_info ci  (cost=0.44..44.17 rows=38 width=12) (actual time=0.030..0.134 rows=11 loops=1888)
                           Index Cond: (movie_id = t.id)
                           Buffers: shared hit=14548 read=10532
               ->  Hash  (cost=1.15..1.15 rows=2 width=4) (actual time=0.026..0.027 rows=2 loops=1)
                     Buckets: 1024  Batches: 1  Memory Usage: 9kB
                     Buffers: shared hit=1
                     ->  Seq Scan on role_type rt  (cost=0.00..1.15 rows=2 width=4) (actual time=0.019..0.021 rows=2 loops=1)
                           Filter: ((role)::text = ANY ('{actress,director}'::text[]))
                           Rows Removed by Filter: 10
                           Buffers: shared hit=1
         ->  Index Scan using name_pkey on name n  (cost=0.43..2.32 rows=1 width=4) (actual time=0.035..0.035 rows=1 loops=6519)
               Index Cond: (id = ci.person_id)
               Filter: ((gender)::text = ANY ('{f,m}'::text[]))
               Rows Removed by Filter: 0
               Buffers: shared hit=20233 read=5843
 Planning:
   Buffers: shared hit=483 read=91
 Planning Time: 12.437 ms
 Execution Time: 1593.984 ms
(76 rows)

