                                                                                                  QUERY PLAN                                                                                                  
--------------------------------------------------------------------------------------------------------------------------------------------------------------------------------------------------------------
 Aggregate  (cost=919255.52..919255.53 rows=1 width=8) (actual time=33193.808..33193.818 rows=1 loops=1)
   Buffers: shared hit=2772077 read=241954, temp read=9822 written=9217
   ->  Nested Loop  (cost=832409.94..919254.70 rows=328 width=0) (actual time=2070.968..33190.455 rows=5645 loops=1)
         Buffers: shared hit=2772077 read=241954, temp read=9822 written=9217
         ->  Seq Scan on info_type it2  (cost=0.00..2.41 rows=1 width=4) (actual time=0.025..0.037 rows=1 loops=1)
               Filter: (id = 4)
               Rows Removed by Filter: 112
               Buffers: shared hit=1
         ->  Nested Loop  (cost=832409.94..919249.01 rows=328 width=4) (actual time=2070.942..33188.041 rows=5645 loops=1)
               Buffers: shared hit=2772076 read=241954, temp read=9822 written=9217
               ->  Seq Scan on info_type it1  (cost=0.00..2.41 rows=1 width=4) (actual time=0.007..0.022 rows=1 loops=1)
                     Filter: (id = 3)
                     Rows Removed by Filter: 112
                     Buffers: shared hit=1
               ->  Nested Loop  (cost=832409.94..919243.31 rows=328 width=8) (actual time=2070.933..33185.921 rows=5645 loops=1)
                     Buffers: shared hit=2772075 read=241954, temp read=9822 written=9217
                     ->  Hash Join  (cost=832409.51..917429.45 rows=782 width=12) (actual time=2069.713..32507.585 rows=15208 loops=1)
                           Hash Cond: (ci.role_id = rt.id)
                           Buffers: shared hit=2717035 read=236162, temp read=9822 written=9217
                           ->  Nested Loop  (cost=832408.35..917394.94 rows=9389 width=16) (actual time=2069.420..32339.020 rows=839508 loops=1)
                                 Buffers: shared hit=2717034 read=236162, temp read=9822 written=9217
                                 ->  Nested Loop  (cost=832407.91..888748.16 rows=655 width=20) (actual time=2069.327..21955.463 rows=29890 loops=1)
                                       Buffers: shared hit=2028721 read=26986, temp read=9822 written=9217
                                       ->  Nested Loop  (cost=832407.76..888710.51 rows=1529 width=24) (actual time=2069.279..21713.590 rows=339862 loops=1)
                                             Join Filter: (t.id = mi1.movie_id)
                                             Buffers: shared hit=2028709 read=26986, temp read=9822 written=9217
                                             ->  Merge Join  (cost=832407.33..833320.63 rows=16317 width=16) (actual time=2069.122..2904.681 rows=508827 loops=1)
                                                   Merge Cond: (mi1.movie_id = mi2.movie_id)
                                                   Buffers: shared hit=11131 read=9256, temp read=9822 written=9217
                                                   ->  Sort  (cost=410614.01..410790.96 rows=70779 width=8) (actual time=1064.268..1202.069 rows=697382 loops=1)
                                                         Sort Key: mi1.movie_id
                                                         Sort Method: external sort  Disk: 15072kB
                                                         Buffers: shared hit=3976 read=6999, temp read=3761 written=3770
                                                         ->  Bitmap Heap Scan on movie_info mi1  (cost=16466.16..404912.39 rows=70779 width=8) (actual time=45.510..741.604 rows=697382 loops=1)
                                                               Recheck Cond: (info_type_id = 3)
                                                               Filter: ((info)::text = ANY ('{Crime,Drama,Family,Mystery,Short}'::text[]))
                                                               Rows Removed by Filter: 836527
                                                               Heap Blocks: exact=9772
                                                               Buffers: shared hit=3976 read=6999
                                                               ->  Bitmap Index Scan on info_type_id_movie_info  (cost=0.00..16448.47 rows=1538671 width=0) (actual time=44.219..44.220 rows=1533909 loops=1)
                                                                     Index Cond: (info_type_id = 3)
                                                                     Buffers: shared read=1203
                                                   ->  Sort  (cost=421793.33..421991.44 rows=79246 width=8) (actual time=1004.844..1237.895 rows=1126356 loops=1)
                                                         Sort Key: mi2.movie_id
                                                         Sort Method: external sort  Disk: 21776kB
                                                         Buffers: shared hit=7155 read=2257, temp read=5747 written=5447
                                                         ->  Bitmap Heap Scan on movie_info mi2  (cost=13075.18..415345.06 rows=79246 width=8) (actual time=31.503..597.970 rows=1007373 loops=1)
                                                               Recheck Cond: (info_type_id = 4)
                                                               Filter: ((info)::text = ANY ('{English,French,Italian,Japanese,Spanish,Swedish}'::text[]))
                                                               Rows Removed by Filter: 291616
                                                               Heap Blocks: exact=8393
                                                               Buffers: shared hit=7155 read=2257
                                                               ->  Bitmap Index Scan on info_type_id_movie_info  (cost=0.00..13055.37 rows=1221191 width=0) (actual time=30.443..30.443 rows=1298989 loops=1)
                                                                     Index Cond: (info_type_id = 4)
                                                                     Buffers: shared hit=1 read=1018
                                             ->  Index Scan using title_pkey on title t  (cost=0.43..3.38 rows=1 width=8) (actual time=0.036..0.036 rows=1 loops=508827)
                                                   Index Cond: (id = mi2.movie_id)
                                                   Filter: ((production_year <= 2015) AND (1990 < production_year))
                                                   Rows Removed by Filter: 0
                                                   Buffers: shared hit=2017578 read=17730
                                       ->  Memoize  (cost=0.14..0.16 rows=1 width=4) (actual time=0.000..0.000 rows=0 loops=339862)
                                             Cache Key: t.kind_id
                                             Cache Mode: logical
                                             Hits: 339856  Misses: 6  Evictions: 0  Overflows: 0  Memory Usage: 1kB
                                             Buffers: shared hit=12
                                             ->  Index Scan using kind_type_pkey on kind_type kt  (cost=0.13..0.15 rows=1 width=4) (actual time=0.018..0.018 rows=0 loops=6)
                                                   Index Cond: (id = t.kind_id)
                                                   Filter: ((kind)::text = ANY ('{"tv movie","tv series","video game"}'::text[]))
                                                   Rows Removed by Filter: 0
                                                   Buffers: shared hit=12
                                 ->  Index Scan using movie_id_cast_info on cast_info ci  (cost=0.44..43.36 rows=38 width=12) (actual time=0.043..0.339 rows=28 loops=29890)
                                       Index Cond: (movie_id = t.id)
                                       Buffers: shared hit=688313 read=209176
                           ->  Hash  (cost=1.15..1.15 rows=1 width=4) (actual time=0.013..0.014 rows=1 loops=1)
                                 Buckets: 1024  Batches: 1  Memory Usage: 9kB
                                 Buffers: shared hit=1
                                 ->  Seq Scan on role_type rt  (cost=0.00..1.15 rows=1 width=4) (actual time=0.006..0.007 rows=1 loops=1)
                                       Filter: ((role)::text = 'composer'::text)
                                       Rows Removed by Filter: 11
                                       Buffers: shared hit=1
                     ->  Index Scan using name_pkey on name n  (cost=0.43..2.32 rows=1 width=4) (actual time=0.044..0.044 rows=0 loops=15208)
                           Index Cond: (id = ci.person_id)
                           Filter: ((gender)::text = 'm'::text)
                           Rows Removed by Filter: 1
                           Buffers: shared hit=55040 read=5792
 Planning:
   Buffers: shared hit=530 read=44
 Planning Time: 7.120 ms
 Execution Time: 33207.414 ms
(89 rows)

