                                                                                            QUERY PLAN                                                                                            
--------------------------------------------------------------------------------------------------------------------------------------------------------------------------------------------------
 Aggregate  (cost=670233.03..670233.04 rows=1 width=8) (actual time=29263.669..29263.678 rows=1 loops=1)
   Buffers: shared hit=2369718 read=535217, temp read=1761 written=1761
   ->  Nested Loop  (cost=92252.78..670232.81 rows=86 width=0) (actual time=566.481..29257.192 rows=23562 loops=1)
         Buffers: shared hit=2369718 read=535217, temp read=1761 written=1761
         ->  Seq Scan on info_type it2  (cost=0.00..2.41 rows=1 width=4) (actual time=0.048..0.055 rows=1 loops=1)
               Filter: (id = 4)
               Rows Removed by Filter: 112
               Buffers: shared hit=1
         ->  Nested Loop  (cost=92252.78..670229.54 rows=86 width=4) (actual time=566.431..29251.255 rows=23562 loops=1)
               Buffers: shared hit=2369717 read=535217, temp read=1761 written=1761
               ->  Seq Scan on info_type it1  (cost=0.00..2.41 rows=1 width=4) (actual time=0.009..0.020 rows=1 loops=1)
                     Filter: (id = 3)
                     Rows Removed by Filter: 112
                     Buffers: shared hit=1
               ->  Nested Loop  (cost=92252.78..670226.27 rows=86 width=8) (actual time=566.419..29245.341 rows=23562 loops=1)
                     Buffers: shared hit=2369716 read=535217, temp read=1761 written=1761
                     ->  Hash Join  (cost=92252.35..669750.77 rows=205 width=12) (actual time=566.378..27496.988 rows=47945 loops=1)
                           Hash Cond: (ci.role_id = rt.id)
                           Buffers: shared hit=2189334 read=523819, temp read=1761 written=1761
                           ->  Nested Loop  (cost=92251.18..669740.85 rows=2465 width=16) (actual time=566.160..27207.301 rows=1604394 loops=1)
                                 Buffers: shared hit=2189333 read=523819, temp read=1761 written=1761
                                 ->  Nested Loop  (cost=92250.74..662108.53 rows=172 width=20) (actual time=566.121..9991.526 rows=70184 loops=1)
                                       Buffers: shared hit=721893 read=211986, temp read=1761 written=1761
                                       ->  Hash Join  (cost=92250.28..480936.47 rows=4231 width=12) (actual time=565.884..1468.900 rows=78544 loops=1)
                                             Hash Cond: (mi2.movie_id = t.id)
                                             Buffers: shared hit=13050 read=32754, temp read=1761 written=1761
                                             ->  Bitmap Heap Scan on movie_info mi2  (cost=13072.51..400313.21 rows=68581 width=8) (actual time=35.640..564.730 rows=864749 loops=1)
                                                   Recheck Cond: (info_type_id = 4)
                                                   Filter: ((info)::text = ANY ('{English,Filipino,French,Greek,Hindi}'::text[]))
                                                   Rows Removed by Filter: 434240
                                                   Heap Blocks: exact=8393
                                                   Buffers: shared hit=30 read=9382
                                                   ->  Bitmap Index Scan on info_type_id_movie_info  (cost=0.00..13055.37 rows=1221191 width=0) (actual time=34.590..34.590 rows=1298989 loops=1)
                                                         Index Cond: (info_type_id = 4)
                                                         Buffers: shared read=1019
                                             ->  Hash  (cost=76617.91..76617.91 rows=155989 width=4) (actual time=463.485..463.489 rows=193386 loops=1)
                                                   Buckets: 262144  Batches: 2  Memory Usage: 5453kB
                                                   Buffers: shared hit=13020 read=23372, temp written=282
                                                   ->  Hash Join  (cost=1.11..76617.91 rows=155989 width=4) (actual time=214.837..430.594 rows=193386 loops=1)
                                                         Hash Cond: (t.kind_id = kt.id)
                                                         Buffers: shared hit=13020 read=23372
                                                         ->  Seq Scan on title t  (cost=0.00..74315.95 rows=545963 width=8) (actual time=0.025..389.442 rows=538239 loops=1)
                                                               Filter: ((production_year <= 1990) AND (1950 < production_year))
                                                               Rows Removed by Filter: 1990073
                                                               Buffers: shared hit=13019 read=23372
                                                         ->  Hash  (cost=1.09..1.09 rows=2 width=4) (actual time=0.016..0.018 rows=2 loops=1)
                                                               Buckets: 1024  Batches: 1  Memory Usage: 9kB
                                                               Buffers: shared hit=1
                                                               ->  Seq Scan on kind_type kt  (cost=0.00..1.09 rows=2 width=4) (actual time=0.008..0.009 rows=2 loops=1)
                                                                     Filter: ((kind)::text = ANY ('{movie,"tv movie"}'::text[]))
                                                                     Rows Removed by Filter: 5
                                                                     Buffers: shared hit=1
                                       ->  Index Scan using movie_id_movie_info on movie_info mi1  (cost=0.46..42.81 rows=1 width=8) (actual time=0.107..0.108 rows=1 loops=78544)
                                             Index Cond: (movie_id = t.id)
                                             Filter: ((info_type_id = 3) AND ((info)::text = ANY ('{Action,Adventure,Animation,Documentary,Drama,Horror,Mystery,Romance,Short,Sport}'::text[])))
                                             Rows Removed by Filter: 16
                                             Buffers: shared hit=708843 read=179232
                                 ->  Index Scan using movie_id_cast_info on cast_info ci  (cost=0.44..43.99 rows=38 width=12) (actual time=0.037..0.239 rows=23 loops=70184)
                                       Index Cond: (movie_id = t.id)
                                       Buffers: shared hit=1467440 read=311833
                           ->  Hash  (cost=1.15..1.15 rows=1 width=4) (actual time=0.019..0.020 rows=1 loops=1)
                                 Buckets: 1024  Batches: 1  Memory Usage: 9kB
                                 Buffers: shared hit=1
                                 ->  Seq Scan on role_type rt  (cost=0.00..1.15 rows=1 width=4) (actual time=0.012..0.013 rows=1 loops=1)
                                       Filter: ((role)::text = 'composer'::text)
                                       Rows Removed by Filter: 11
                                       Buffers: shared hit=1
                     ->  Index Scan using name_pkey on name n  (cost=0.43..2.32 rows=1 width=4) (actual time=0.036..0.036 rows=0 loops=47945)
                           Index Cond: (id = ci.person_id)
                           Filter: ((gender)::text = 'm'::text)
                           Rows Removed by Filter: 1
                           Buffers: shared hit=180382 read=11398
 Planning:
   Buffers: shared hit=488 read=89
 Planning Time: 13.659 ms
 Execution Time: 29264.280 ms
(76 rows)

