                                                                                               QUERY PLAN                                                                                               
--------------------------------------------------------------------------------------------------------------------------------------------------------------------------------------------------------
 Aggregate  (cost=436885.68..436885.69 rows=1 width=8) (actual time=6246.018..6246.025 rows=1 loops=1)
   Buffers: shared hit=557210 read=77301
   ->  Nested Loop  (cost=13060.73..436885.67 rows=3 width=0) (actual time=216.235..6245.162 rows=2253 loops=1)
         Buffers: shared hit=557210 read=77301
         ->  Hash Join  (cost=13060.30..436874.08 rows=5 width=4) (actual time=216.171..6042.129 rows=5361 loops=1)
               Hash Cond: (ci.role_id = rt.id)
               Buffers: shared hit=537949 read=75118
               ->  Nested Loop  (cost=13059.12..436872.80 rows=29 width=8) (actual time=215.620..6026.653 rows=83137 loops=1)
                     Buffers: shared hit=537948 read=75118
                     ->  Nested Loop  (cost=13058.68..436783.04 rows=2 width=12) (actual time=215.554..5078.594 rows=3360 loops=1)
                           Buffers: shared hit=459024 read=62266
                           ->  Seq Scan on info_type it2  (cost=0.00..2.41 rows=1 width=4) (actual time=0.034..0.039 rows=1 loops=1)
                                 Filter: (id = 4)
                                 Rows Removed by Filter: 112
                                 Buffers: shared hit=1
                           ->  Nested Loop  (cost=13058.68..436780.61 rows=2 width=16) (actual time=215.518..5077.642 rows=3360 loops=1)
                                 Buffers: shared hit=459023 read=62266
                                 ->  Seq Scan on info_type it1  (cost=0.00..2.41 rows=1 width=4) (actual time=0.006..0.013 rows=1 loops=1)
                                       Filter: (id = 3)
                                       Rows Removed by Filter: 112
                                       Buffers: shared hit=1
                                 ->  Nested Loop  (cost=13058.68..436778.18 rows=2 width=20) (actual time=215.509..5076.645 rows=3360 loops=1)
                                       Buffers: shared hit=459022 read=62266
                                       ->  Hash Join  (cost=13058.25..423249.20 rows=314 width=12) (actual time=37.925..3324.946 rows=18829 loops=1)
                                             Hash Cond: (t.kind_id = kt.id)
                                             Buffers: shared hit=305453 read=33568
                                             ->  Nested Loop  (cost=13057.12..423244.97 rows=732 width=16) (actual time=36.712..3315.949 rows=19357 loops=1)
                                                   Buffers: shared hit=305452 read=33568
                                                   ->  Bitmap Heap Scan on movie_info mi2  (cost=13056.68..385268.20 rows=5232 width=8) (actual time=36.203..486.555 rows=83088 loops=1)
                                                         Recheck Cond: (info_type_id = 4)
                                                         Filter: ((info)::text = ANY ('{Filipino,French,Mandarin,Turkish}'::text[]))
                                                         Rows Removed by Filter: 1215901
                                                         Heap Blocks: exact=8393
                                                         Buffers: shared hit=1999 read=7413
                                                         ->  Bitmap Index Scan on info_type_id_movie_info  (cost=0.00..13055.37 rows=1221191 width=0) (actual time=33.999..33.999 rows=1298989 loops=1)
                                                               Index Cond: (info_type_id = 4)
                                                               Buffers: shared read=1019
                                                   ->  Memoize  (cost=0.44..7.30 rows=1 width=8) (actual time=0.034..0.034 rows=0 loops=83088)
                                                         Cache Key: mi2.movie_id
                                                         Cache Mode: logical
                                                         Hits: 686  Misses: 82402  Evictions: 0  Overflows: 0  Memory Usage: 6225kB
                                                         Buffers: shared hit=303453 read=26155
                                                         ->  Index Scan using title_pkey on title t  (cost=0.43..7.29 rows=1 width=8) (actual time=0.033..0.033 rows=0 loops=82402)
                                                               Index Cond: (id = mi2.movie_id)
                                                               Filter: ((production_year <= 1975) AND (1925 < production_year))
                                                               Rows Removed by Filter: 1
                                                               Buffers: shared hit=303453 read=26155
                                             ->  Hash  (cost=1.10..1.10 rows=3 width=4) (actual time=0.016..0.016 rows=3 loops=1)
                                                   Buckets: 1024  Batches: 1  Memory Usage: 9kB
                                                   Buffers: shared hit=1
                                                   ->  Seq Scan on kind_type kt  (cost=0.00..1.10 rows=3 width=4) (actual time=0.009..0.011 rows=3 loops=1)
                                                         Filter: ((kind)::text = ANY ('{episode,movie,"tv movie"}'::text[]))
                                                         Rows Removed by Filter: 4
                                                         Buffers: shared hit=1
                                       ->  Index Scan using movie_id_movie_info on movie_info mi1  (cost=0.43..43.08 rows=1 width=8) (actual time=0.092..0.092 rows=0 loops=18829)
                                             Index Cond: (movie_id = t.id)
                                             Filter: ((info_type_id = 3) AND ((info)::text = ANY ('{Action,Adventure,Crime}'::text[])))
                                             Rows Removed by Filter: 11
                                             Buffers: shared hit=153569 read=28698
                     ->  Index Scan using movie_id_cast_info on cast_info ci  (cost=0.44..44.50 rows=38 width=12) (actual time=0.043..0.275 rows=25 loops=3360)
                           Index Cond: (movie_id = t.id)
                           Buffers: shared hit=78924 read=12852
               ->  Hash  (cost=1.15..1.15 rows=2 width=4) (actual time=0.030..0.030 rows=2 loops=1)
                     Buckets: 1024  Batches: 1  Memory Usage: 9kB
                     Buffers: shared hit=1
                     ->  Seq Scan on role_type rt  (cost=0.00..1.15 rows=2 width=4) (actual time=0.023..0.025 rows=2 loops=1)
                           Filter: ((role)::text = ANY ('{composer,producer}'::text[]))
                           Rows Removed by Filter: 10
                           Buffers: shared hit=1
         ->  Index Scan using name_pkey on name n  (cost=0.43..2.32 rows=1 width=4) (actual time=0.037..0.037 rows=0 loops=5361)
               Index Cond: (id = ci.person_id)
               Filter: ((gender)::text = ANY ('{f,m}'::text[]))
               Rows Removed by Filter: 1
               Buffers: shared hit=19261 read=2183
 Planning:
   Buffers: shared hit=481 read=93
 Planning Time: 12.703 ms
 Execution Time: 6247.259 ms
(78 rows)

