                                                                                            QUERY PLAN                                                                                            
--------------------------------------------------------------------------------------------------------------------------------------------------------------------------------------------------
 Aggregate  (cost=665106.84..665106.85 rows=1 width=8) (actual time=45649.246..45649.254 rows=1 loops=1)
   Buffers: shared hit=3264937 read=1414290, temp read=1634 written=1634
   ->  Nested Loop  (cost=106288.30..665106.56 rows=113 width=0) (actual time=691.015..45632.261 rows=95147 loops=1)
         Buffers: shared hit=3264937 read=1414290, temp read=1634 written=1634
         ->  Hash Join  (cost=106287.87..664480.29 rows=270 width=4) (actual time=690.299..35847.012 rows=284377 loops=1)
               Hash Cond: (ci.role_id = rt.id)
               Buffers: shared hit=2273992 read=1267727, temp read=1634 written=1634
               ->  Nested Loop  (cost=106286.70..664473.36 rows=1620 width=8) (actual time=690.222..35495.986 rows=1951656 loops=1)
                     Buffers: shared hit=2273991 read=1267727, temp read=1634 written=1634
                     ->  Nested Loop  (cost=106286.26..659531.24 rows=113 width=12) (actual time=690.194..13810.425 rows=78930 loops=1)
                           Buffers: shared hit=1060219 read=355637, temp read=1634 written=1634
                           ->  Seq Scan on info_type it2  (cost=0.00..2.41 rows=1 width=4) (actual time=0.037..0.046 rows=1 loops=1)
                                 Filter: (id = 4)
                                 Rows Removed by Filter: 112
                                 Buffers: shared hit=1
                           ->  Nested Loop  (cost=106286.26..659527.70 rows=113 width=16) (actual time=690.155..13792.621 rows=78930 loops=1)
                                 Buffers: shared hit=1060218 read=355637, temp read=1634 written=1634
                                 ->  Seq Scan on info_type it1  (cost=0.00..2.41 rows=1 width=4) (actual time=0.009..0.019 rows=1 loops=1)
                                       Filter: (id = 3)
                                       Rows Removed by Filter: 112
                                       Buffers: shared hit=1
                                 ->  Nested Loop  (cost=106286.26..659524.16 rows=113 width=20) (actual time=690.143..13775.423 rows=78930 loops=1)
                                       Buffers: shared hit=1060217 read=355637, temp read=1634 written=1634
                                       ->  Hash Join  (cost=106285.82..466773.41 rows=4561 width=12) (actual time=690.060..1358.192 rows=124256 loops=1)
                                             Hash Cond: (mi1.movie_id = t.id)
                                             Buffers: shared hit=28752 read=18615, temp read=1634 written=1634
                                             ->  Bitmap Heap Scan on movie_info mi1  (cost=16454.26..374681.39 rows=23158 width=8) (actual time=42.018..510.586 rows=253164 loops=1)
                                                   Recheck Cond: (info_type_id = 3)
                                                   Filter: ((info)::text = ANY ('{Drama,Game-Show,Talk-Show}'::text[]))
                                                   Rows Removed by Filter: 1280745
                                                   Heap Blocks: exact=9772
                                                   Buffers: shared hit=1225 read=9750
                                                   ->  Bitmap Index Scan on info_type_id_movie_info  (cost=0.00..16448.47 rows=1538671 width=0) (actual time=40.819..40.819 rows=1533909 loops=1)
                                                         Index Cond: (info_type_id = 3)
                                                         Buffers: shared read=1203
                                             ->  Hash  (cost=81661.48..81661.48 rows=497927 width=4) (actual time=622.329..622.332 rows=447278 loops=1)
                                                   Buckets: 262144  Batches: 4  Memory Usage: 5988kB
                                                   Buffers: shared hit=27527 read=8865, temp written=980
                                                   ->  Hash Join  (cost=1.11..81661.48 rows=497927 width=4) (actual time=21.785..560.336 rows=447278 loops=1)
                                                         Hash Cond: (t.kind_id = kt.id)
                                                         Buffers: shared hit=27527 read=8865
                                                         ->  Seq Scan on title t  (cost=0.00..74315.95 rows=1742744 width=8) (actual time=0.028..438.516 rows=1748995 loops=1)
                                                               Filter: ((production_year <= 2015) AND (1990 < production_year))
                                                               Rows Removed by Filter: 779317
                                                               Buffers: shared hit=27526 read=8865
                                                         ->  Hash  (cost=1.09..1.09 rows=2 width=4) (actual time=0.012..0.013 rows=2 loops=1)
                                                               Buckets: 1024  Batches: 1  Memory Usage: 9kB
                                                               Buffers: shared hit=1
                                                               ->  Seq Scan on kind_type kt  (cost=0.00..1.09 rows=2 width=4) (actual time=0.007..0.008 rows=2 loops=1)
                                                                     Filter: ((kind)::text = ANY ('{movie,"video movie"}'::text[]))
                                                                     Rows Removed by Filter: 5
                                                                     Buffers: shared hit=1
                                       ->  Index Scan using movie_id_movie_info on movie_info mi2  (cost=0.43..42.25 rows=1 width=8) (actual time=0.056..0.099 rows=1 loops=124256)
                                             Index Cond: (movie_id = t.id)
                                             Filter: (((info)::text = ANY ('{English,Hindi}'::text[])) AND (info_type_id = 4))
                                             Rows Removed by Filter: 15
                                             Buffers: shared hit=1031465 read=337022
                     ->  Index Scan using movie_id_cast_info on cast_info ci  (cost=0.44..43.36 rows=38 width=12) (actual time=0.036..0.269 rows=25 loops=78930)
                           Index Cond: (movie_id = t.id)
                           Buffers: shared hit=1213772 read=912090
               ->  Hash  (cost=1.15..1.15 rows=2 width=4) (actual time=0.037..0.038 rows=2 loops=1)
                     Buckets: 1024  Batches: 1  Memory Usage: 9kB
                     Buffers: shared hit=1
                     ->  Seq Scan on role_type rt  (cost=0.00..1.15 rows=2 width=4) (actual time=0.028..0.031 rows=2 loops=1)
                           Filter: ((role)::text = ANY ('{composer,producer}'::text[]))
                           Rows Removed by Filter: 10
                           Buffers: shared hit=1
         ->  Index Scan using name_pkey on name n  (cost=0.43..2.32 rows=1 width=4) (actual time=0.034..0.034 rows=0 loops=284377)
               Index Cond: (id = ci.person_id)
               Filter: ((gender)::text = 'm'::text)
               Rows Removed by Filter: 1
               Buffers: shared hit=990945 read=146563
 Planning:
   Buffers: shared hit=529 read=45
 Planning Time: 13.061 ms
 Execution Time: 45649.858 ms
(76 rows)

