                                                                                               QUERY PLAN                                                                                               
--------------------------------------------------------------------------------------------------------------------------------------------------------------------------------------------------------
 Aggregate  (cost=505918.79..505918.80 rows=1 width=8) (actual time=12530.548..12530.555 rows=1 loops=1)
   Buffers: shared hit=1089580 read=202004
   ->  Nested Loop  (cost=13060.80..505918.71 rows=32 width=0) (actual time=61.484..12519.968 rows=71167 loops=1)
         Buffers: shared hit=1089580 read=202004
         ->  Hash Join  (cost=13060.37..505742.43 rows=76 width=4) (actual time=61.260..9686.861 rows=80049 loops=1)
               Hash Cond: (ci.role_id = rt.id)
               Buffers: shared hit=796279 read=175109
               ->  Nested Loop  (cost=13059.20..505739.63 rows=459 width=8) (actual time=61.184..9635.267 rows=199258 loops=1)
                     Buffers: shared hit=796278 read=175109
                     ->  Nested Loop  (cost=13058.76..504341.30 rows=32 width=12) (actual time=61.126..7228.195 rows=10823 loops=1)
                           Buffers: shared hit=645423 read=100020
                           ->  Seq Scan on info_type it2  (cost=0.00..2.41 rows=1 width=4) (actual time=0.026..0.035 rows=1 loops=1)
                                 Filter: (id = 4)
                                 Rows Removed by Filter: 112
                                 Buffers: shared hit=1
                           ->  Nested Loop  (cost=13058.76..504338.57 rows=32 width=16) (actual time=61.098..7225.458 rows=10823 loops=1)
                                 Buffers: shared hit=645422 read=100020
                                 ->  Seq Scan on info_type it1  (cost=0.00..2.41 rows=1 width=4) (actual time=0.006..0.016 rows=1 loops=1)
                                       Filter: (id = 3)
                                       Rows Removed by Filter: 112
                                       Buffers: shared hit=1
                                 ->  Nested Loop  (cost=13058.76..504335.83 rows=32 width=20) (actual time=61.089..7222.638 rows=10823 loops=1)
                                       Buffers: shared hit=645421 read=100020
                                       ->  Hash Join  (cost=13058.32..425037.65 rows=1873 width=12) (actual time=36.509..3676.963 rows=39175 loops=1)
                                             Hash Cond: (t.kind_id = kt.id)
                                             Buffers: shared hit=318049 read=39040
                                             ->  Nested Loop  (cost=13057.19..425018.10 rows=4371 width=16) (actual time=36.345..3654.360 rows=60882 loops=1)
                                                   Buffers: shared hit=318048 read=39040
                                                   ->  Bitmap Heap Scan on movie_info mi2  (cost=13056.75..385268.27 rows=5517 width=8) (actual time=36.304..516.824 rows=87459 loops=1)
                                                         Recheck Cond: (info_type_id = 4)
                                                         Filter: ((info)::text = ANY ('{Danish,German,Korean,Serbo-Croatian}'::text[]))
                                                         Rows Removed by Filter: 1211530
                                                         Heap Blocks: exact=8393
                                                         Buffers: shared hit=614 read=8798
                                                         ->  Bitmap Index Scan on info_type_id_movie_info  (cost=0.00..13055.37 rows=1221191 width=0) (actual time=34.195..34.196 rows=1298989 loops=1)
                                                               Index Cond: (info_type_id = 4)
                                                               Buffers: shared read=1019
                                                   ->  Memoize  (cost=0.44..7.24 rows=1 width=8) (actual time=0.035..0.035 rows=1 loops=87459)
                                                         Cache Key: mi2.movie_id
                                                         Cache Mode: logical
                                                         Hits: 540  Misses: 86919  Evictions: 0  Overflows: 0  Memory Usage: 8133kB
                                                         Buffers: shared hit=317434 read=30242
                                                         ->  Index Scan using title_pkey on title t  (cost=0.43..7.23 rows=1 width=8) (actual time=0.034..0.034 rows=1 loops=86919)
                                                               Index Cond: (id = mi2.movie_id)
                                                               Filter: ((production_year <= 2015) AND (1975 < production_year))
                                                               Rows Removed by Filter: 0
                                                               Buffers: shared hit=317434 read=30242
                                             ->  Hash  (cost=1.10..1.10 rows=3 width=4) (actual time=0.016..0.016 rows=3 loops=1)
                                                   Buckets: 1024  Batches: 1  Memory Usage: 9kB
                                                   Buffers: shared hit=1
                                                   ->  Seq Scan on kind_type kt  (cost=0.00..1.10 rows=3 width=4) (actual time=0.008..0.009 rows=3 loops=1)
                                                         Filter: ((kind)::text = ANY ('{episode,movie,"video movie"}'::text[]))
                                                         Rows Removed by Filter: 4
                                                         Buffers: shared hit=1
                                       ->  Index Scan using movie_id_movie_info on movie_info mi1  (cost=0.43..42.33 rows=1 width=8) (actual time=0.090..0.090 rows=0 loops=39175)
                                             Index Cond: (movie_id = t.id)
                                             Filter: ((info_type_id = 3) AND ((info)::text = ANY ('{Animation,Biography,Comedy,Documentary}'::text[])))
                                             Rows Removed by Filter: 11
                                             Buffers: shared hit=327372 read=60980
                     ->  Index Scan using movie_id_cast_info on cast_info ci  (cost=0.44..43.32 rows=38 width=12) (actual time=0.038..0.217 rows=18 loops=10823)
                           Index Cond: (movie_id = t.id)
                           Buffers: shared hit=150855 read=75089
               ->  Hash  (cost=1.15..1.15 rows=2 width=4) (actual time=0.027..0.027 rows=2 loops=1)
                     Buckets: 1024  Batches: 1  Memory Usage: 9kB
                     Buffers: shared hit=1
                     ->  Seq Scan on role_type rt  (cost=0.00..1.15 rows=2 width=4) (actual time=0.020..0.022 rows=2 loops=1)
                           Filter: ((role)::text = ANY ('{actor,cinematographer}'::text[]))
                           Rows Removed by Filter: 10
                           Buffers: shared hit=1
         ->  Index Scan using name_pkey on name n  (cost=0.43..2.32 rows=1 width=4) (actual time=0.035..0.035 rows=1 loops=80049)
               Index Cond: (id = ci.person_id)
               Filter: ((gender)::text = 'm'::text)
               Rows Removed by Filter: 0
               Buffers: shared hit=293301 read=26895
 Planning:
   Buffers: shared hit=482 read=92
 Planning Time: 12.815 ms
 Execution Time: 12532.744 ms
(78 rows)

