                                                                                               QUERY PLAN                                                                                               
--------------------------------------------------------------------------------------------------------------------------------------------------------------------------------------------------------
 Aggregate  (cost=846219.68..846219.69 rows=1 width=8) (actual time=14998.064..14998.071 rows=1 loops=1)
   Buffers: shared hit=1465440 read=93447
   ->  Nested Loop  (cost=595546.08..846219.47 rows=85 width=0) (actual time=11037.430..14997.579 rows=3171 loops=1)
         Buffers: shared hit=1465440 read=93447
         ->  Seq Scan on info_type it2  (cost=0.00..2.41 rows=1 width=4) (actual time=0.049..0.054 rows=1 loops=1)
               Filter: (id = 4)
               Rows Removed by Filter: 112
               Buffers: shared hit=1
         ->  Nested Loop  (cost=595546.08..846216.21 rows=85 width=4) (actual time=11037.379..14997.141 rows=3171 loops=1)
               Buffers: shared hit=1465439 read=93447
               ->  Seq Scan on info_type it1  (cost=0.00..2.41 rows=1 width=4) (actual time=0.009..0.016 rows=1 loops=1)
                     Filter: (id = 3)
                     Rows Removed by Filter: 112
                     Buffers: shared hit=1
               ->  Nested Loop  (cost=595546.08..846212.94 rows=85 width=8) (actual time=11037.369..14996.692 rows=3171 loops=1)
                     Join Filter: (t.id = mi1.movie_id)
                     Buffers: shared hit=1465438 read=93447
                     ->  Nested Loop  (cost=595545.62..752986.45 rows=2209 width=16) (actual time=11037.263..14763.170 rows=2842 loops=1)
                           Buffers: shared hit=1439623 read=84452
                           ->  Hash Join  (cost=595545.19..730930.14 rows=9509 width=20) (actual time=11036.774..12852.497 rows=83848 loops=1)
                                 Hash Cond: (ci.movie_id = t.id)
                                 Buffers: shared hit=1123826 read=64857
                                 ->  Nested Loop  (cost=0.44..123965.00 rows=3020080 width=8) (actual time=0.103..1250.612 rows=4323018 loops=1)
                                       Buffers: shared hit=1436 read=39870
                                       ->  Seq Scan on role_type rt  (cost=0.00..1.15 rows=1 width=4) (actual time=0.009..0.011 rows=1 loops=1)
                                             Filter: ((role)::text = 'miscellaneous crew'::text)
                                             Rows Removed by Filter: 11
                                             Buffers: shared hit=1
                                       ->  Index Scan using role_id_cast_info on cast_info ci  (cost=0.44..91017.52 rows=3294633 width=12) (actual time=0.091..832.217 rows=4323018 loops=1)
                                             Index Cond: (role_id = rt.id)
                                             Buffers: shared hit=1435 read=39870
                                 ->  Hash  (cost=595445.24..595445.24 rows=7961 width=12) (actual time=11036.566..11036.571 rows=62511 loops=1)
                                       Buckets: 65536 (originally 8192)  Batches: 1 (originally 1)  Memory Usage: 3199kB
                                       Buffers: shared hit=1122390 read=24987
                                       ->  Hash Join  (cost=13061.92..595445.24 rows=7961 width=12) (actual time=37.916..11008.440 rows=62511 loops=1)
                                             Hash Cond: (t.kind_id = kt.id)
                                             Buffers: shared hit=1122390 read=24987
                                             ->  Nested Loop  (cost=13060.79..595365.82 rows=18576 width=16) (actual time=37.870..10934.800 rows=277850 loops=1)
                                                   Buffers: shared hit=1122389 read=24987
                                                   ->  Bitmap Heap Scan on movie_info mi2  (cost=13060.35..490476.13 rows=19929 width=8) (actual time=37.820..945.262 rows=291399 loops=1)
                                                         Recheck Cond: (info_type_id = 4)
                                                         Filter: ((info)::text = ANY ('{Arabic,Cantonese,Czech,Danish,French,Georgian,German,Japanese,Norwegian,Romanian,Spanish}'::text[]))
                                                         Rows Removed by Filter: 1007590
                                                         Heap Blocks: exact=8393
                                                         Buffers: shared hit=2726 read=6686
                                                         ->  Bitmap Index Scan on info_type_id_movie_info  (cost=0.00..13055.37 rows=1221191 width=0) (actual time=35.008..35.008 rows=1298989 loops=1)
                                                               Index Cond: (info_type_id = 4)
                                                               Buffers: shared read=1019
                                                   ->  Memoize  (cost=0.44..5.39 rows=1 width=8) (actual time=0.034..0.034 rows=1 loops=291399)
                                                         Cache Key: mi2.movie_id
                                                         Cache Mode: logical
                                                         Hits: 6908  Misses: 284491  Evictions: 206143  Overflows: 0  Memory Usage: 8193kB
                                                         Buffers: shared hit=1119663 read=18301
                                                         ->  Index Scan using title_pkey on title t  (cost=0.43..5.38 rows=1 width=8) (actual time=0.033..0.033 rows=1 loops=284491)
                                                               Index Cond: (id = mi2.movie_id)
                                                               Filter: ((production_year <= 2015) AND (1925 < production_year))
                                                               Rows Removed by Filter: 0
                                                               Buffers: shared hit=1119663 read=18301
                                             ->  Hash  (cost=1.10..1.10 rows=3 width=4) (actual time=0.020..0.021 rows=3 loops=1)
                                                   Buckets: 1024  Batches: 1  Memory Usage: 9kB
                                                   Buffers: shared hit=1
                                                   ->  Seq Scan on kind_type kt  (cost=0.00..1.10 rows=3 width=4) (actual time=0.011..0.013 rows=3 loops=1)
                                                         Filter: ((kind)::text = ANY ('{"tv movie","tv series","video game"}'::text[]))
                                                         Rows Removed by Filter: 4
                                                         Buffers: shared hit=1
                           ->  Index Scan using name_pkey on name n  (cost=0.43..2.32 rows=1 width=4) (actual time=0.023..0.023 rows=0 loops=83848)
                                 Index Cond: (id = ci.person_id)
                                 Filter: ((gender)::text = 'f'::text)
                                 Rows Removed by Filter: 1
                                 Buffers: shared hit=315797 read=19595
                     ->  Index Scan using movie_id_movie_info on movie_info mi1  (cost=0.46..42.19 rows=1 width=8) (actual time=0.081..0.082 rows=1 loops=2842)
                           Index Cond: (movie_id = ci.movie_id)
                           Filter: ((info_type_id = 3) AND ((info)::text = ANY ('{Action,Adventure,Biography,Comedy,Drama,Horror,Musical,Mystery,Short,Talk-Show}'::text[])))
                           Rows Removed by Filter: 24
                           Buffers: shared hit=25815 read=8995
 Planning:
   Buffers: shared hit=505 read=72
 Planning Time: 13.868 ms
 Execution Time: 15000.255 ms
(79 rows)

