                                                                                            QUERY PLAN                                                                                            
--------------------------------------------------------------------------------------------------------------------------------------------------------------------------------------------------
 Aggregate  (cost=549401.67..549401.68 rows=1 width=8) (actual time=17778.958..17778.968 rows=1 loops=1)
   Buffers: shared hit=1579822 read=258535
   ->  Nested Loop  (cost=93533.21..549401.47 rows=80 width=0) (actual time=489.575..17776.213 rows=7945 loops=1)
         Buffers: shared hit=1579822 read=258535
         ->  Hash Join  (cost=93532.78..549118.49 rows=122 width=4) (actual time=488.114..16668.097 rows=31478 loops=1)
               Hash Cond: (ci.role_id = rt.id)
               Buffers: shared hit=1460407 read=252038
               ->  Nested Loop  (cost=93531.60..549114.72 rows=731 width=8) (actual time=488.021..16526.531 rows=795731 loops=1)
                     Buffers: shared hit=1460406 read=252038
                     ->  Nested Loop  (cost=93531.16..546825.87 rows=51 width=12) (actual time=487.986..8177.787 rows=32453 loops=1)
                           Buffers: shared hit=727020 read=104106
                           ->  Seq Scan on info_type it2  (cost=0.00..2.41 rows=1 width=4) (actual time=0.029..0.041 rows=1 loops=1)
                                 Filter: (id = 4)
                                 Rows Removed by Filter: 112
                                 Buffers: shared hit=1
                           ->  Nested Loop  (cost=93531.16..546822.95 rows=51 width=16) (actual time=487.955..8169.569 rows=32453 loops=1)
                                 Buffers: shared hit=727019 read=104106
                                 ->  Seq Scan on info_type it1  (cost=0.00..2.41 rows=1 width=4) (actual time=0.008..0.022 rows=1 loops=1)
                                       Filter: (id = 3)
                                       Rows Removed by Filter: 112
                                       Buffers: shared hit=1
                                 ->  Nested Loop  (cost=93531.16..546820.02 rows=51 width=20) (actual time=487.943..8161.769 rows=32453 loops=1)
                                       Buffers: shared hit=727018 read=104106
                                       ->  Hash Join  (cost=93530.73..467059.38 rows=1849 width=12) (actual time=487.903..1277.457 rows=69353 loops=1)
                                             Hash Cond: (mi1.movie_id = t.id)
                                             Buffers: shared hit=32134 read=15233
                                             ->  Bitmap Heap Scan on movie_info mi1  (cost=16460.03..389796.72 rows=46263 width=8) (actual time=42.621..687.661 rows=450599 loops=1)
                                                   Recheck Cond: (info_type_id = 3)
                                                   Filter: ((info)::text = ANY ('{Adventure,Biography,Documentary,Drama}'::text[]))
                                                   Rows Removed by Filter: 1083310
                                                   Heap Blocks: exact=9772
                                                   Buffers: shared hit=721 read=10254
                                                   ->  Bitmap Index Scan on info_type_id_movie_info  (cost=0.00..16448.47 rows=1538671 width=0) (actual time=41.424..41.425 rows=1533909 loops=1)
                                                         Index Cond: (info_type_id = 3)
                                                         Buffers: shared read=1203
                                             ->  Hash  (cost=75807.56..75807.56 rows=101051 width=4) (actual time=418.194..418.198 rows=166205 loops=1)
                                                   Buckets: 262144 (originally 131072)  Batches: 1 (originally 1)  Memory Usage: 7892kB
                                                   Buffers: shared hit=31413 read=4979
                                                   ->  Hash Join  (cost=1.11..75807.56 rows=101051 width=4) (actual time=39.140..392.087 rows=166205 loops=1)
                                                         Hash Cond: (t.kind_id = kt.id)
                                                         Buffers: shared hit=31413 read=4979
                                                         ->  Seq Scan on title t  (cost=0.00..74315.95 rows=353677 width=8) (actual time=0.023..361.629 rows=347589 loops=1)
                                                               Filter: ((production_year <= 1975) AND (1925 < production_year))
                                                               Rows Removed by Filter: 2180723
                                                               Buffers: shared hit=31412 read=4979
                                                         ->  Hash  (cost=1.09..1.09 rows=2 width=4) (actual time=0.012..0.013 rows=2 loops=1)
                                                               Buckets: 1024  Batches: 1  Memory Usage: 9kB
                                                               Buffers: shared hit=1
                                                               ->  Seq Scan on kind_type kt  (cost=0.00..1.09 rows=2 width=4) (actual time=0.007..0.008 rows=2 loops=1)
                                                                     Filter: ((kind)::text = ANY ('{movie,"tv movie"}'::text[]))
                                                                     Rows Removed by Filter: 5
                                                                     Buffers: shared hit=1
                                       ->  Index Scan using movie_id_movie_info on movie_info mi2  (cost=0.43..43.13 rows=1 width=8) (actual time=0.061..0.099 rows=0 loops=69353)
                                             Index Cond: (movie_id = t.id)
                                             Filter: ((info_type_id = 4) AND ((info)::text = ANY ('{English,Finnish,Greek,Spanish}'::text[])))
                                             Rows Removed by Filter: 15
                                             Buffers: shared hit=694884 read=88873
                     ->  Index Scan using movie_id_cast_info on cast_info ci  (cost=0.44..44.50 rows=38 width=12) (actual time=0.037..0.250 rows=25 loops=32453)
                           Index Cond: (movie_id = t.id)
                           Buffers: shared hit=733386 read=147932
               ->  Hash  (cost=1.15..1.15 rows=2 width=4) (actual time=0.041..0.041 rows=2 loops=1)
                     Buckets: 1024  Batches: 1  Memory Usage: 9kB
                     Buffers: shared hit=1
                     ->  Seq Scan on role_type rt  (cost=0.00..1.15 rows=2 width=4) (actual time=0.025..0.027 rows=2 loops=1)
                           Filter: ((role)::text = ANY ('{"costume designer",editor}'::text[]))
                           Rows Removed by Filter: 10
                           Buffers: shared hit=1
         ->  Index Scan using name_pkey on name n  (cost=0.43..2.32 rows=1 width=4) (actual time=0.035..0.035 rows=0 loops=31478)
               Index Cond: (id = ci.person_id)
               Filter: ((gender)::text = ANY ('{f,m}'::text[]))
               Rows Removed by Filter: 1
               Buffers: shared hit=119415 read=6497
 Planning:
   Buffers: shared hit=529 read=45
 Planning Time: 14.076 ms
 Execution Time: 17779.878 ms
(76 rows)

