                                                                                            QUERY PLAN                                                                                            
--------------------------------------------------------------------------------------------------------------------------------------------------------------------------------------------------
 Aggregate  (cost=584994.23..584994.24 rows=1 width=8) (actual time=1101.597..1101.605 rows=1 loops=1)
   Buffers: shared hit=25070 read=57412, temp read=465 written=465
   ->  Nested Loop  (cost=95917.94..584994.19 rows=16 width=0) (actual time=418.562..1101.590 rows=11 loops=1)
         Buffers: shared hit=25070 read=57412, temp read=465 written=465
         ->  Seq Scan on info_type it2  (cost=0.00..2.41 rows=1 width=4) (actual time=0.032..0.037 rows=1 loops=1)
               Filter: (id = 4)
               Rows Removed by Filter: 112
               Buffers: shared hit=1
         ->  Nested Loop  (cost=95917.94..584991.62 rows=16 width=4) (actual time=418.529..1101.546 rows=11 loops=1)
               Buffers: shared hit=25069 read=57412, temp read=465 written=465
               ->  Seq Scan on info_type it1  (cost=0.00..2.41 rows=1 width=4) (actual time=0.006..0.013 rows=1 loops=1)
                     Filter: (id = 3)
                     Rows Removed by Filter: 112
                     Buffers: shared hit=1
               ->  Nested Loop  (cost=95917.94..584989.05 rows=16 width=8) (actual time=418.521..1101.525 rows=11 loops=1)
                     Buffers: shared hit=25068 read=57412, temp read=465 written=465
                     ->  Hash Join  (cost=95917.51..584833.64 rows=67 width=12) (actual time=412.373..1083.063 rows=615 loops=1)
                           Hash Cond: (ci.role_id = rt.id)
                           Buffers: shared hit=23110 read=56910, temp read=465 written=465
                           ->  Nested Loop  (cost=95916.34..584829.63 rows=803 width=16) (actual time=412.107..1082.189 rows=6611 loops=1)
                                 Buffers: shared hit=23109 read=56910, temp read=465 written=465
                                 ->  Nested Loop  (cost=95915.90..582334.58 rows=56 width=20) (actual time=412.053..987.580 rows=1138 loops=1)
                                       Buffers: shared hit=17526 read=52666, temp read=465 written=465
                                       ->  Hash Join  (cost=95915.47..485487.76 rows=2262 width=12) (actual time=411.570..793.079 rows=2122 loops=1)
                                             Hash Cond: (mi1.movie_id = t.id)
                                             Buffers: shared hit=4562 read=42805, temp read=465 written=465
                                             ->  Bitmap Heap Scan on movie_info mi1  (cost=16455.76..404901.99 rows=29183 width=8) (actual time=40.126..368.192 rows=261096 loops=1)
                                                   Recheck Cond: (info_type_id = 3)
                                                   Filter: ((info)::text = ANY ('{Adventure,Crime,Documentary,Musical,Sci-Fi}'::text[]))
                                                   Rows Removed by Filter: 1272813
                                                   Heap Blocks: exact=9772
                                                   Buffers: shared hit=4561 read=6414
                                                   ->  Bitmap Index Scan on info_type_id_movie_info  (cost=0.00..16448.47 rows=1538671 width=0) (actual time=38.922..38.922 rows=1533909 loops=1)
                                                         Index Cond: (info_type_id = 3)
                                                         Buffers: shared read=1203
                                             ->  Hash  (cost=76244.10..76244.10 rows=195968 width=4) (actual time=370.274..370.276 rows=11843 loops=1)
                                                   Buckets: 262144  Batches: 2  Memory Usage: 2260kB
                                                   Buffers: shared hit=1 read=36391, temp written=17
                                                   ->  Hash Join  (cost=1.13..76244.10 rows=195968 width=4) (actual time=0.129..367.607 rows=11843 loops=1)
                                                         Hash Cond: (t.kind_id = kt.id)
                                                         Buffers: shared hit=1 read=36391
                                                         ->  Seq Scan on title t  (cost=0.00..74315.95 rows=457258 width=8) (actual time=0.024..341.871 rows=451569 loops=1)
                                                               Filter: ((production_year <= 1975) AND (1875 < production_year))
                                                               Rows Removed by Filter: 2076743
                                                               Buffers: shared read=36391
                                                         ->  Hash  (cost=1.10..1.10 rows=3 width=4) (actual time=0.011..0.012 rows=3 loops=1)
                                                               Buckets: 1024  Batches: 1  Memory Usage: 9kB
                                                               Buffers: shared hit=1
                                                               ->  Seq Scan on kind_type kt  (cost=0.00..1.10 rows=3 width=4) (actual time=0.006..0.008 rows=3 loops=1)
                                                                     Filter: ((kind)::text = ANY ('{"tv series","video game","video movie"}'::text[]))
                                                                     Rows Removed by Filter: 4
                                                                     Buffers: shared hit=1
                                       ->  Index Scan using movie_id_movie_info on movie_info mi2  (cost=0.43..42.80 rows=1 width=8) (actual time=0.070..0.091 rows=1 loops=2122)
                                             Index Cond: (movie_id = t.id)
                                             Filter: (((info)::text = ANY ('{English,Serbo-Croatian}'::text[])) AND (info_type_id = 4))
                                             Rows Removed by Filter: 16
                                             Buffers: shared hit=12964 read=9861
                                 ->  Index Scan using movie_id_cast_info on cast_info ci  (cost=0.44..44.17 rows=38 width=12) (actual time=0.030..0.082 rows=6 loops=1138)
                                       Index Cond: (movie_id = t.id)
                                       Buffers: shared hit=5583 read=4244
                           ->  Hash  (cost=1.15..1.15 rows=1 width=4) (actual time=0.012..0.013 rows=1 loops=1)
                                 Buckets: 1024  Batches: 1  Memory Usage: 9kB
                                 Buffers: shared hit=1
                                 ->  Seq Scan on role_type rt  (cost=0.00..1.15 rows=1 width=4) (actual time=0.007..0.008 rows=1 loops=1)
                                       Filter: ((role)::text = 'producer'::text)
                                       Rows Removed by Filter: 11
                                       Buffers: shared hit=1
                     ->  Index Scan using name_pkey on name n  (cost=0.43..2.32 rows=1 width=4) (actual time=0.030..0.030 rows=0 loops=615)
                           Index Cond: (id = ci.person_id)
                           Filter: ((gender)::text = 'f'::text)
                           Rows Removed by Filter: 1
                           Buffers: shared hit=1958 read=502
 Planning:
   Buffers: shared hit=481 read=93
 Planning Time: 10.729 ms
 Execution Time: 1101.978 ms
(76 rows)

