                                                                                            QUERY PLAN                                                                                            
--------------------------------------------------------------------------------------------------------------------------------------------------------------------------------------------------
 Aggregate  (cost=783651.18..783651.19 rows=1 width=8) (actual time=817.542..817.548 rows=1 loops=1)
   Buffers: shared hit=7741 read=18064, temp read=1642 written=1642
   ->  Nested Loop  (cost=472668.47..783650.82 rows=146 width=0) (actual time=549.118..817.536 rows=22 loops=1)
         Buffers: shared hit=7741 read=18064, temp read=1642 written=1642
         ->  Seq Scan on info_type it2  (cost=0.00..2.41 rows=1 width=4) (actual time=0.038..0.043 rows=1 loops=1)
               Filter: (id = 4)
               Rows Removed by Filter: 112
               Buffers: shared hit=1
         ->  Nested Loop  (cost=472668.47..783646.94 rows=146 width=4) (actual time=549.078..817.487 rows=22 loops=1)
               Buffers: shared hit=7740 read=18064, temp read=1642 written=1642
               ->  Seq Scan on info_type it1  (cost=0.00..2.41 rows=1 width=4) (actual time=0.009..0.015 rows=1 loops=1)
                     Filter: (id = 3)
                     Rows Removed by Filter: 112
                     Buffers: shared hit=1
               ->  Nested Loop  (cost=472668.47..783643.07 rows=146 width=8) (actual time=549.069..817.464 rows=22 loops=1)
                     Join Filter: (t.id = mi1.movie_id)
                     Buffers: shared hit=7739 read=18064, temp read=1642 written=1642
                     ->  Nested Loop  (cost=472668.01..628387.32 rows=3679 width=16) (actual time=548.731..812.838 rows=77 loops=1)
                           Buffers: shared hit=7217 read=17710, temp read=1642 written=1642
                           ->  Hash Join  (cost=472667.58..608045.14 rows=8770 width=20) (actual time=541.013..807.306 rows=321 loops=1)
                                 Hash Cond: (ci.movie_id = t.id)
                                 Buffers: shared hit=6315 read=17328, temp read=1642 written=1642
                                 ->  Nested Loop  (cost=0.44..123965.00 rows=3020080 width=8) (actual time=0.138..206.251 rows=898389 loops=1)
                                       Buffers: shared hit=1350 read=4965
                                       ->  Seq Scan on role_type rt  (cost=0.00..1.15 rows=1 width=4) (actual time=0.007..0.010 rows=1 loops=1)
                                             Filter: ((role)::text = 'cinematographer'::text)
                                             Rows Removed by Filter: 11
                                             Buffers: shared hit=1
                                       ->  Index Scan using role_id_cast_info on cast_info ci  (cost=0.44..91017.52 rows=3294633 width=12) (actual time=0.129..135.679 rows=898389 loops=1)
                                             Index Cond: (role_id = rt.id)
                                             Buffers: shared hit=1349 read=4965
                                 ->  Hash  (cost=472575.36..472575.36 rows=7342 width=12) (actual time=539.935..539.939 rows=8363 loops=1)
                                       Buckets: 16384 (originally 8192)  Batches: 1 (originally 1)  Memory Usage: 488kB
                                       Buffers: shared hit=4965 read=12363, temp read=1642 written=1642
                                       ->  Hash Join  (cost=68395.45..472575.36 rows=7342 width=12) (actual time=185.014..538.208 rows=8363 loops=1)
                                             Hash Cond: (mi2.movie_id = t.id)
                                             Buffers: shared hit=4965 read=12363, temp read=1642 written=1642
                                             ->  Bitmap Heap Scan on movie_info mi2  (cost=13074.01..415343.89 rows=74564 width=8) (actual time=36.392..308.178 rows=953386 loops=1)
                                                   Recheck Cond: (info_type_id = 4)
                                                   Filter: ((info)::text = ANY ('{English,German,Italian,Japanese,Portuguese,Russian}'::text[]))
                                                   Rows Removed by Filter: 345603
                                                   Heap Blocks: exact=8393
                                                   Buffers: shared hit=4099 read=5313
                                                   ->  Bitmap Index Scan on info_type_id_movie_info  (cost=0.00..13055.37 rows=1221191 width=0) (actual time=35.344..35.344 rows=1298989 loops=1)
                                                         Index Cond: (info_type_id = 4)
                                                         Buffers: shared hit=1 read=1018
                                             ->  Hash  (cost=51236.40..51236.40 rows=248963 width=4) (actual time=82.342..82.343 rows=8520 loops=1)
                                                   Buckets: 262144  Batches: 2  Memory Usage: 2202kB
                                                   Buffers: shared hit=866 read=7050, temp written=12
                                                   ->  Nested Loop  (cost=4565.45..51236.40 rows=248963 width=4) (actual time=2.569..80.298 rows=8520 loops=1)
                                                         Buffers: shared hit=866 read=7050
                                                         ->  Seq Scan on kind_type kt  (cost=0.00..1.09 rows=1 width=4) (actual time=0.011..0.014 rows=1 loops=1)
                                                               Filter: ((kind)::text = 'video game'::text)
                                                               Rows Removed by Filter: 6
                                                               Buffers: shared hit=1
                                                         ->  Bitmap Heap Scan on title t  (cost=4565.45..48330.74 rows=290457 width=8) (actual time=2.554..79.581 rows=8520 loops=1)
                                                               Recheck Cond: (kind_id = kt.id)
                                                               Filter: ((production_year <= 2015) AND (1990 < production_year))
                                                               Rows Removed by Filter: 4080
                                                               Heap Blocks: exact=7903
                                                               Buffers: shared hit=865 read=7050
                                                               ->  Bitmap Index Scan on kind_id_title  (cost=0.00..4492.84 rows=421388 width=0) (actual time=1.582..1.582 rows=12600 loops=1)
                                                                     Index Cond: (kind_id = kt.id)
                                                                     Buffers: shared read=12
                           ->  Index Scan using name_pkey on name n  (cost=0.43..2.32 rows=1 width=4) (actual time=0.017..0.017 rows=0 loops=321)
                                 Index Cond: (id = ci.person_id)
                                 Filter: ((gender)::text = 'm'::text)
                                 Rows Removed by Filter: 1
                                 Buffers: shared hit=902 read=382
                     ->  Index Scan using movie_id_movie_info on movie_info mi1  (cost=0.46..42.19 rows=1 width=8) (actual time=0.059..0.059 rows=0 loops=77)
                           Index Cond: (movie_id = ci.movie_id)
                           Filter: ((info_type_id = 3) AND ((info)::text = ANY ('{Adult,Animation,Biography,Crime,Documentary,Drama,Reality-TV,Romance,Short}'::text[])))
                           Rows Removed by Filter: 19
                           Buffers: shared hit=522 read=354
 Planning:
   Buffers: shared hit=576 read=1
 Planning Time: 12.601 ms
 Execution Time: 818.138 ms
(78 rows)

