                                                                                            QUERY PLAN                                                                                            
--------------------------------------------------------------------------------------------------------------------------------------------------------------------------------------------------
 Aggregate  (cost=502992.95..502992.96 rows=1 width=8) (actual time=1246.201..1246.209 rows=1 loops=1)
   Buffers: shared hit=65220 read=42153
   ->  Nested Loop  (cost=93528.83..502992.93 rows=9 width=0) (actual time=422.383..1246.186 rows=41 loops=1)
         Buffers: shared hit=65220 read=42153
         ->  Seq Scan on info_type it2  (cost=0.00..2.41 rows=1 width=4) (actual time=0.039..0.044 rows=1 loops=1)
               Filter: (id = 4)
               Rows Removed by Filter: 112
               Buffers: shared hit=1
         ->  Nested Loop  (cost=93528.83..502990.42 rows=9 width=4) (actual time=422.342..1246.131 rows=41 loops=1)
               Buffers: shared hit=65219 read=42153
               ->  Seq Scan on info_type it1  (cost=0.00..2.41 rows=1 width=4) (actual time=0.010..0.017 rows=1 loops=1)
                     Filter: (id = 3)
                     Rows Removed by Filter: 112
                     Buffers: shared hit=1
               ->  Nested Loop  (cost=93528.83..502987.92 rows=9 width=8) (actual time=422.329..1246.098 rows=41 loops=1)
                     Buffers: shared hit=65218 read=42153
                     ->  Hash Join  (cost=93528.40..502902.10 rows=37 width=12) (actual time=401.701..1220.682 rows=714 loops=1)
                           Hash Cond: (ci.role_id = rt.id)
                           Buffers: shared hit=62762 read=41753
                           ->  Nested Loop  (cost=93527.24..502899.36 rows=444 width=16) (actual time=401.656..1217.837 rows=20314 loops=1)
                                 Buffers: shared hit=62761 read=41753
                                 ->  Nested Loop  (cost=93526.80..501508.10 rows=31 width=20) (actual time=401.633..973.201 rows=1589 loops=1)
                                       Buffers: shared hit=47179 read=32707
                                       ->  Hash Join  (cost=93526.37..451873.11 rows=1152 width=12) (actual time=401.551..702.291 rows=3200 loops=1)
                                             Hash Cond: (mi1.movie_id = t.id)
                                             Buffers: shared hit=19432 read=27935
                                             ->  Bitmap Heap Scan on movie_info mi1  (cost=16455.67..374682.81 rows=28824 width=8) (actual time=40.682..307.687 rows=304486 loops=1)
                                                   Recheck Cond: (info_type_id = 3)
                                                   Filter: ((info)::text = ANY ('{Drama,History,Romance}'::text[]))
                                                   Rows Removed by Filter: 1229423
                                                   Heap Blocks: exact=9772
                                                   Buffers: shared hit=10370 read=605
                                                   ->  Bitmap Index Scan on info_type_id_movie_info  (cost=0.00..16448.47 rows=1538671 width=0) (actual time=39.498..39.499 rows=1533909 loops=1)
                                                         Index Cond: (info_type_id = 3)
                                                         Buffers: shared hit=1203
                                             ->  Hash  (cost=75807.56..75807.56 rows=101051 width=4) (actual time=360.329..360.332 rows=11554 loops=1)
                                                   Buckets: 131072  Batches: 1  Memory Usage: 1431kB
                                                   Buffers: shared hit=9062 read=27330
                                                   ->  Hash Join  (cost=1.11..75807.56 rows=101051 width=4) (actual time=0.115..357.547 rows=11554 loops=1)
                                                         Hash Cond: (t.kind_id = kt.id)
                                                         Buffers: shared hit=9062 read=27330
                                                         ->  Seq Scan on title t  (cost=0.00..74315.95 rows=353677 width=8) (actual time=0.021..336.852 rows=347589 loops=1)
                                                               Filter: ((production_year <= 1975) AND (1925 < production_year))
                                                               Rows Removed by Filter: 2180723
                                                               Buffers: shared hit=9061 read=27330
                                                         ->  Hash  (cost=1.09..1.09 rows=2 width=4) (actual time=0.010..0.011 rows=2 loops=1)
                                                               Buckets: 1024  Batches: 1  Memory Usage: 9kB
                                                               Buffers: shared hit=1
                                                               ->  Seq Scan on kind_type kt  (cost=0.00..1.09 rows=2 width=4) (actual time=0.006..0.007 rows=2 loops=1)
                                                                     Filter: ((kind)::text = ANY ('{"tv series","video movie"}'::text[]))
                                                                     Rows Removed by Filter: 5
                                                                     Buffers: shared hit=1
                                       ->  Index Scan using movie_id_movie_info on movie_info mi2  (cost=0.43..43.08 rows=1 width=8) (actual time=0.068..0.084 rows=0 loops=3200)
                                             Index Cond: (movie_id = t.id)
                                             Filter: ((info_type_id = 4) AND ((info)::text = ANY ('{English,French,Portuguese}'::text[])))
                                             Rows Removed by Filter: 11
                                             Buffers: shared hit=27747 read=4772
                                 ->  Index Scan using movie_id_cast_info on cast_info ci  (cost=0.44..44.50 rows=38 width=12) (actual time=0.029..0.151 rows=13 loops=1589)
                                       Index Cond: (movie_id = t.id)
                                       Buffers: shared hit=15582 read=9046
                           ->  Hash  (cost=1.15..1.15 rows=1 width=4) (actual time=0.022..0.023 rows=1 loops=1)
                                 Buckets: 1024  Batches: 1  Memory Usage: 9kB
                                 Buffers: shared hit=1
                                 ->  Seq Scan on role_type rt  (cost=0.00..1.15 rows=1 width=4) (actual time=0.008..0.010 rows=1 loops=1)
                                       Filter: ((role)::text = 'producer'::text)
                                       Rows Removed by Filter: 11
                                       Buffers: shared hit=1
                     ->  Index Scan using name_pkey on name n  (cost=0.43..2.32 rows=1 width=4) (actual time=0.035..0.035 rows=0 loops=714)
                           Index Cond: (id = ci.person_id)
                           Filter: ((gender)::text = 'f'::text)
                           Rows Removed by Filter: 1
                           Buffers: shared hit=2456 read=400
 Planning:
   Buffers: shared hit=574
 Planning Time: 13.448 ms
 Execution Time: 1246.749 ms
(76 rows)

