                                                                                               QUERY PLAN                                                                                               
--------------------------------------------------------------------------------------------------------------------------------------------------------------------------------------------------------
 Aggregate  (cost=477047.66..477047.67 rows=1 width=8) (actual time=11216.322..11216.328 rows=1 loops=1)
   Buffers: shared hit=959749 read=206233
   ->  Nested Loop  (cost=13060.49..477047.60 rows=23 width=0) (actual time=545.910..11215.724 rows=1215 loops=1)
         Buffers: shared hit=959749 read=206233
         ->  Seq Scan on info_type it2  (cost=0.00..2.41 rows=1 width=4) (actual time=0.048..0.055 rows=1 loops=1)
               Filter: (id = 4)
               Rows Removed by Filter: 112
               Buffers: shared hit=1
         ->  Nested Loop  (cost=13060.49..477044.96 rows=23 width=4) (actual time=545.860..11215.293 rows=1215 loops=1)
               Buffers: shared hit=959748 read=206233
               ->  Seq Scan on info_type it1  (cost=0.00..2.41 rows=1 width=4) (actual time=0.013..0.021 rows=1 loops=1)
                     Filter: (id = 3)
                     Rows Removed by Filter: 112
                     Buffers: shared hit=1
               ->  Nested Loop  (cost=13060.49..477042.31 rows=23 width=8) (actual time=545.844..11214.858 rows=1215 loops=1)
                     Buffers: shared hit=959747 read=206233
                     ->  Hash Join  (cost=13060.06..476961.13 rows=35 width=12) (actual time=532.327..11073.716 rows=3630 loops=1)
                           Hash Cond: (ci.role_id = rt.id)
                           Buffers: shared hit=947210 read=204250
                           ->  Nested Loop  (cost=13058.90..476958.49 rows=416 width=16) (actual time=42.077..11015.907 rows=335295 loops=1)
                                 Buffers: shared hit=947209 read=204250
                                 ->  Nested Loop  (cost=13058.46..475692.36 rows=29 width=20) (actual time=42.045..7251.150 rows=16086 loops=1)
                                       Buffers: shared hit=673298 read=103378
                                       ->  Hash Join  (cost=13058.03..402497.10 rows=1732 width=12) (actual time=36.444..2814.298 rows=47436 loops=1)
                                             Hash Cond: (t.kind_id = kt.id)
                                             Buffers: shared hit=247780 read=30657
                                             ->  Nested Loop  (cost=13056.89..402478.93 rows=4042 width=16) (actual time=36.153..2790.938 rows=60385 loops=1)
                                                   Buffers: shared hit=247779 read=30657
                                                   ->  Bitmap Heap Scan on movie_info mi2  (cost=13056.45..370238.79 rows=4336 width=8) (actual time=36.019..441.024 rows=67851 loops=1)
                                                         Recheck Cond: (info_type_id = 4)
                                                         Filter: ((info)::text = ANY ('{Czech,French,Hebrew}'::text[]))
                                                         Rows Removed by Filter: 1231138
                                                         Heap Blocks: exact=8393
                                                         Buffers: shared hit=3145 read=6267
                                                         ->  Bitmap Index Scan on info_type_id_movie_info  (cost=0.00..13055.37 rows=1221191 width=0) (actual time=34.100..34.100 rows=1298989 loops=1)
                                                               Index Cond: (info_type_id = 4)
                                                               Buffers: shared hit=1019
                                                   ->  Memoize  (cost=0.44..7.46 rows=1 width=8) (actual time=0.034..0.034 rows=1 loops=67851)
                                                         Cache Key: mi2.movie_id
                                                         Cache Mode: logical
                                                         Hits: 595  Misses: 67256  Evictions: 0  Overflows: 0  Memory Usage: 6803kB
                                                         Buffers: shared hit=244634 read=24390
                                                         ->  Index Scan using title_pkey on title t  (cost=0.43..7.45 rows=1 width=8) (actual time=0.033..0.033 rows=1 loops=67256)
                                                               Index Cond: (id = mi2.movie_id)
                                                               Filter: ((production_year <= 2015) AND (1925 < production_year))
                                                               Rows Removed by Filter: 0
                                                               Buffers: shared hit=244634 read=24390
                                             ->  Hash  (cost=1.10..1.10 rows=3 width=4) (actual time=0.018..0.019 rows=3 loops=1)
                                                   Buckets: 1024  Batches: 1  Memory Usage: 9kB
                                                   Buffers: shared hit=1
                                                   ->  Seq Scan on kind_type kt  (cost=0.00..1.10 rows=3 width=4) (actual time=0.009..0.011 rows=3 loops=1)
                                                         Filter: ((kind)::text = ANY ('{episode,movie,"video movie"}'::text[]))
                                                         Rows Removed by Filter: 4
                                                         Buffers: shared hit=1
                                       ->  Index Scan using movie_id_movie_info on movie_info mi1  (cost=0.43..42.25 rows=1 width=8) (actual time=0.093..0.093 rows=0 loops=47436)
                                             Index Cond: (movie_id = t.id)
                                             Filter: ((info_type_id = 3) AND ((info)::text = ANY ('{Animation,Comedy,Documentary}'::text[])))
                                             Rows Removed by Filter: 15
                                             Buffers: shared hit=425518 read=72721
                                 ->  Index Scan using movie_id_cast_info on cast_info ci  (cost=0.44..43.28 rows=38 width=12) (actual time=0.037..0.228 rows=21 loops=16086)
                                       Index Cond: (movie_id = t.id)
                                       Buffers: shared hit=273911 read=100872
                           ->  Hash  (cost=1.15..1.15 rows=1 width=4) (actual time=0.019..0.019 rows=1 loops=1)
                                 Buckets: 1024  Batches: 1  Memory Usage: 9kB
                                 Buffers: shared hit=1
                                 ->  Seq Scan on role_type rt  (cost=0.00..1.15 rows=1 width=4) (actual time=0.011..0.012 rows=1 loops=1)
                                       Filter: ((role)::text = 'production designer'::text)
                                       Rows Removed by Filter: 11
                                       Buffers: shared hit=1
                     ->  Index Scan using name_pkey on name n  (cost=0.43..2.32 rows=1 width=4) (actual time=0.038..0.038 rows=0 loops=3630)
                           Index Cond: (id = ci.person_id)
                           Filter: ((gender)::text = ANY ('{f,m}'::text[]))
                           Rows Removed by Filter: 1
                           Buffers: shared hit=12537 read=1983
 Planning:
   Buffers: shared hit=574
 Planning Time: 13.582 ms
 Execution Time: 11217.861 ms
(78 rows)

