                                                                                            QUERY PLAN                                                                                            
--------------------------------------------------------------------------------------------------------------------------------------------------------------------------------------------------
 Aggregate  (cost=791747.63..791747.64 rows=1 width=8) (actual time=40864.327..40864.338 rows=1 loops=1)
   Buffers: shared hit=3305516 read=927216, temp read=3688 written=3688
   ->  Nested Loop  (cost=93532.38..791746.74 rows=355 width=0) (actual time=634.366..40852.014 rows=66691 loops=1)
         Buffers: shared hit=3305516 read=927216, temp read=3688 written=3688
         ->  Hash Join  (cost=93531.95..790482.60 rows=545 width=4) (actual time=634.329..35025.163 rows=168899 loops=1)
               Hash Cond: (ci.role_id = rt.id)
               Buffers: shared hit=2721829 read=835307, temp read=3688 written=3688
               ->  Nested Loop  (cost=93530.78..790469.82 rows=3268 width=8) (actual time=634.090..34791.961 rows=1273371 loops=1)
                     Buffers: shared hit=2721828 read=835307, temp read=3688 written=3688
                     ->  Nested Loop  (cost=93530.34..780352.56 rows=228 width=12) (actual time=634.042..20937.203 rows=64875 loops=1)
                           Buffers: shared hit=1713368 read=398152, temp read=3688 written=3688
                           ->  Seq Scan on info_type it2  (cost=0.00..2.41 rows=1 width=4) (actual time=0.033..0.045 rows=1 loops=1)
                                 Filter: (id = 4)
                                 Rows Removed by Filter: 112
                                 Buffers: shared hit=1
                           ->  Nested Loop  (cost=93530.34..780347.86 rows=228 width=16) (actual time=634.007..20923.149 rows=64875 loops=1)
                                 Buffers: shared hit=1713367 read=398152, temp read=3688 written=3688
                                 ->  Seq Scan on info_type it1  (cost=0.00..2.41 rows=1 width=4) (actual time=0.008..0.023 rows=1 loops=1)
                                       Filter: (id = 3)
                                       Rows Removed by Filter: 112
                                       Buffers: shared hit=1
                                 ->  Nested Loop  (cost=93530.34..780343.17 rows=228 width=20) (actual time=633.996..20908.604 rows=64875 loops=1)
                                       Buffers: shared hit=1713366 read=398152, temp read=3688 written=3688
                                       ->  Hash Join  (cost=93529.90..497604.76 rows=6591 width=12) (actual time=581.977..1726.333 rows=200211 loops=1)
                                             Hash Cond: (mi2.movie_id = t.id)
                                             Buffers: shared hit=27237 read=18567, temp read=3688 written=3688
                                             ->  Bitmap Heap Scan on movie_info mi2  (cost=13073.17..415343.05 rows=71217 width=8) (actual time=36.987..554.149 rows=904625 loops=1)
                                                   Recheck Cond: (info_type_id = 4)
                                                   Filter: ((info)::text = ANY ('{English,French,Greek,Japanese,Serbo-Croatian,Turkish}'::text[]))
                                                   Rows Removed by Filter: 394364
                                                   Heap Blocks: exact=8393
                                                   Buffers: shared hit=10 read=9402
                                                   ->  Bitmap Index Scan on info_type_id_movie_info  (cost=0.00..13055.37 rows=1221191 width=0) (actual time=35.949..35.949 rows=1298989 loops=1)
                                                         Index Cond: (info_type_id = 4)
                                                         Buffers: shared read=1019
                                             ->  Hash  (cost=76617.93..76617.93 rows=233984 width=4) (actual time=543.903..543.906 rows=504538 loops=1)
                                                   Buckets: 262144 (originally 262144)  Batches: 4 (originally 2)  Memory Usage: 6483kB
                                                   Buffers: shared hit=27227 read=9165, temp written=1107
                                                   ->  Hash Join  (cost=1.13..76617.93 rows=233984 width=4) (actual time=0.037..466.738 rows=504538 loops=1)
                                                         Hash Cond: (t.kind_id = kt.id)
                                                         Buffers: shared hit=27227 read=9165
                                                         ->  Seq Scan on title t  (cost=0.00..74315.95 rows=545963 width=8) (actual time=0.020..403.973 rows=538239 loops=1)
                                                               Filter: ((production_year <= 1990) AND (1950 < production_year))
                                                               Rows Removed by Filter: 1990073
                                                               Buffers: shared hit=27226 read=9165
                                                         ->  Hash  (cost=1.10..1.10 rows=3 width=4) (actual time=0.013..0.014 rows=3 loops=1)
                                                               Buckets: 1024  Batches: 1  Memory Usage: 9kB
                                                               Buffers: shared hit=1
                                                               ->  Seq Scan on kind_type kt  (cost=0.00..1.10 rows=3 width=4) (actual time=0.006..0.007 rows=3 loops=1)
                                                                     Filter: ((kind)::text = ANY ('{episode,movie,"tv movie"}'::text[]))
                                                                     Rows Removed by Filter: 4
                                                                     Buffers: shared hit=1
                                       ->  Index Scan using movie_id_movie_info on movie_info mi1  (cost=0.43..42.89 rows=1 width=8) (actual time=0.095..0.095 rows=0 loops=200211)
                                             Index Cond: (movie_id = t.id)
                                             Filter: ((info_type_id = 3) AND ((info)::text = ANY ('{Action,Documentary,Drama,Mystery,Short,War}'::text[])))
                                             Rows Removed by Filter: 12
                                             Buffers: shared hit=1686129 read=379585
                     ->  Index Scan using movie_id_cast_info on cast_info ci  (cost=0.44..43.99 rows=38 width=12) (actual time=0.035..0.208 rows=20 loops=64875)
                           Index Cond: (movie_id = t.id)
                           Buffers: shared hit=1008460 read=437155
               ->  Hash  (cost=1.15..1.15 rows=2 width=4) (actual time=0.034..0.034 rows=2 loops=1)
                     Buckets: 1024  Batches: 1  Memory Usage: 9kB
                     Buffers: shared hit=1
                     ->  Seq Scan on role_type rt  (cost=0.00..1.15 rows=2 width=4) (actual time=0.026..0.027 rows=2 loops=1)
                           Filter: ((role)::text = ANY ('{director,"miscellaneous crew"}'::text[]))
                           Rows Removed by Filter: 10
                           Buffers: shared hit=1
         ->  Index Scan using name_pkey on name n  (cost=0.43..2.32 rows=1 width=4) (actual time=0.034..0.034 rows=0 loops=168899)
               Index Cond: (id = ci.person_id)
               Filter: ((gender)::text = ANY ('{f,m}'::text[]))
               Rows Removed by Filter: 1
               Buffers: shared hit=583687 read=91909
 Planning:
   Buffers: shared hit=505 read=69
 Planning Time: 13.589 ms
 Execution Time: 40864.982 ms
(76 rows)

