                                                                                               QUERY PLAN                                                                                               
--------------------------------------------------------------------------------------------------------------------------------------------------------------------------------------------------------
 Aggregate  (cost=386509.03..386509.04 rows=1 width=8) (actual time=1712.905..1712.913 rows=1 loops=1)
   Buffers: shared hit=165816 read=8796
   ->  Nested Loop  (cost=13060.07..386509.02 rows=2 width=0) (actual time=42.690..1712.875 rows=61 loops=1)
         Buffers: shared hit=165816 read=8796
         ->  Seq Scan on info_type it2  (cost=0.00..2.41 rows=1 width=4) (actual time=0.048..0.057 rows=1 loops=1)
               Filter: (id = 4)
               Rows Removed by Filter: 112
               Buffers: shared hit=1
         ->  Nested Loop  (cost=13060.07..386506.59 rows=2 width=4) (actual time=42.640..1712.799 rows=61 loops=1)
               Buffers: shared hit=165815 read=8796
               ->  Seq Scan on info_type it1  (cost=0.00..2.41 rows=1 width=4) (actual time=0.009..0.019 rows=1 loops=1)
                     Filter: (id = 3)
                     Rows Removed by Filter: 112
                     Buffers: shared hit=1
               ->  Nested Loop  (cost=13060.07..386504.16 rows=2 width=8) (actual time=42.628..1712.757 rows=61 loops=1)
                     Buffers: shared hit=165814 read=8796
                     ->  Hash Join  (cost=13059.64..386492.56 rows=5 width=12) (actual time=42.539..1705.888 rows=181 loops=1)
                           Hash Cond: (ci.role_id = rt.id)
                           Buffers: shared hit=165290 read=8596
                           ->  Nested Loop  (cost=13058.48..386491.19 rows=57 width=16) (actual time=37.427..1704.142 rows=10807 loops=1)
                                 Buffers: shared hit=165289 read=8596
                                 ->  Nested Loop  (cost=13058.04..386313.70 rows=4 width=20) (actual time=36.838..1570.892 rows=887 loops=1)
                                       Buffers: shared hit=155185 read=5362
                                       ->  Hash Join  (cost=13057.60..375854.00 rows=245 width=12) (actual time=36.681..1416.874 rows=2194 loops=1)
                                             Hash Cond: (t.kind_id = kt.id)
                                             Buffers: shared hit=139516 read=3117
                                             ->  Nested Loop  (cost=13056.47..375850.45 rows=571 width=16) (actual time=36.631..1414.409 rows=10205 loops=1)
                                                   Buffers: shared hit=139515 read=3117
                                                   ->  Bitmap Heap Scan on movie_info mi2  (cost=13056.03..355209.19 rows=2646 width=8) (actual time=36.533..332.086 rows=33443 loops=1)
                                                         Recheck Cond: (info_type_id = 4)
                                                         Filter: ((info)::text = ANY ('{Greek,Portuguese}'::text[]))
                                                         Rows Removed by Filter: 1265546
                                                         Heap Blocks: exact=8393
                                                         Buffers: shared hit=9412
                                                         ->  Bitmap Index Scan on info_type_id_movie_info  (cost=0.00..13055.37 rows=1221191 width=0) (actual time=34.695..34.695 rows=1298989 loops=1)
                                                               Index Cond: (info_type_id = 4)
                                                               Buffers: shared hit=1019
                                                   ->  Memoize  (cost=0.44..7.81 rows=1 width=8) (actual time=0.032..0.032 rows=0 loops=33443)
                                                         Cache Key: mi2.movie_id
                                                         Cache Mode: logical
                                                         Hits: 138  Misses: 33305  Evictions: 0  Overflows: 0  Memory Usage: 2609kB
                                                         Buffers: shared hit=130103 read=3117
                                                         ->  Index Scan using title_pkey on title t  (cost=0.43..7.80 rows=1 width=8) (actual time=0.031..0.031 rows=0 loops=33305)
                                                               Index Cond: (id = mi2.movie_id)
                                                               Filter: ((production_year <= 1990) AND (1950 < production_year))
                                                               Rows Removed by Filter: 1
                                                               Buffers: shared hit=130103 read=3117
                                             ->  Hash  (cost=1.10..1.10 rows=3 width=4) (actual time=0.019..0.020 rows=3 loops=1)
                                                   Buckets: 1024  Batches: 1  Memory Usage: 9kB
                                                   Buffers: shared hit=1
                                                   ->  Seq Scan on kind_type kt  (cost=0.00..1.10 rows=3 width=4) (actual time=0.010..0.012 rows=3 loops=1)
                                                         Filter: ((kind)::text = ANY ('{"tv series","video game","video movie"}'::text[]))
                                                         Rows Removed by Filter: 4
                                                         Buffers: shared hit=1
                                       ->  Index Scan using movie_id_movie_info on movie_info mi1  (cost=0.43..42.68 rows=1 width=8) (actual time=0.069..0.070 rows=0 loops=2194)
                                             Index Cond: (movie_id = t.id)
                                             Filter: (((info)::text = ANY ('{Comedy,Documentary}'::text[])) AND (info_type_id = 3))
                                             Rows Removed by Filter: 5
                                             Buffers: shared hit=15669 read=2245
                                 ->  Index Scan using movie_id_cast_info on cast_info ci  (cost=0.44..43.99 rows=38 width=12) (actual time=0.037..0.147 rows=12 loops=887)
                                       Index Cond: (movie_id = t.id)
                                       Buffers: shared hit=10104 read=3234
                           ->  Hash  (cost=1.15..1.15 rows=1 width=4) (actual time=0.017..0.018 rows=1 loops=1)
                                 Buckets: 1024  Batches: 1  Memory Usage: 9kB
                                 Buffers: shared hit=1
                                 ->  Seq Scan on role_type rt  (cost=0.00..1.15 rows=1 width=4) (actual time=0.010..0.012 rows=1 loops=1)
                                       Filter: ((role)::text = 'producer'::text)
                                       Rows Removed by Filter: 11
                                       Buffers: shared hit=1
                     ->  Index Scan using name_pkey on name n  (cost=0.43..2.32 rows=1 width=4) (actual time=0.037..0.037 rows=0 loops=181)
                           Index Cond: (id = ci.person_id)
                           Filter: ((gender)::text = 'm'::text)
                           Rows Removed by Filter: 1
                           Buffers: shared hit=524 read=200
 Planning:
   Buffers: shared hit=574
 Planning Time: 14.940 ms
 Execution Time: 1714.083 ms
(78 rows)

