                                                                                               QUERY PLAN                                                                                               
--------------------------------------------------------------------------------------------------------------------------------------------------------------------------------------------------------
 Aggregate  (cost=356549.05..356549.06 rows=1 width=8) (actual time=2851.915..2851.920 rows=1 loops=1)
   Buffers: shared hit=233279 read=61189
   ->  Nested Loop  (cost=13059.43..356549.05 rows=1 width=0) (actual time=121.007..2849.512 rows=19054 loops=1)
         Buffers: shared hit=233279 read=61189
         ->  Hash Join  (cost=13059.00..356544.41 rows=2 width=4) (actual time=120.962..1988.015 rows=24883 loops=1)
               Hash Cond: (ci.role_id = rt.id)
               Buffers: shared hit=150656 read=44280
               ->  Nested Loop  (cost=13057.82..356543.18 rows=14 width=8) (actual time=120.907..1976.415 rows=53461 loops=1)
                     Buffers: shared hit=150655 read=44280
                     ->  Nested Loop  (cost=13057.38..356499.45 rows=1 width=12) (actual time=120.859..1411.678 rows=2425 loops=1)
                           Buffers: shared hit=110832 read=24653
                           ->  Nested Loop  (cost=13057.38..356497.03 rows=1 width=16) (actual time=120.852..1372.452 rows=2425 loops=1)
                                 Buffers: shared hit=108407 read=24653
                                 ->  Nested Loop  (cost=13057.38..356494.60 rows=1 width=20) (actual time=120.825..1329.033 rows=2425 loops=1)
                                       Buffers: shared hit=105982 read=24653
                                       ->  Hash Join  (cost=13056.95..355733.91 rows=18 width=12) (actual time=37.189..725.834 rows=6118 loops=1)
                                             Hash Cond: (t.kind_id = kt.id)
                                             Buffers: shared hit=61318 read=2703
                                             ->  Nested Loop  (cost=13055.81..355732.60 rows=43 width=16) (actual time=35.844..723.159 rows=7574 loops=1)
                                                   Buffers: shared hit=61317 read=2703
                                                   ->  Bitmap Heap Scan on movie_info mi2  (cost=13055.38..355208.54 rows=62 width=8) (actual time=35.802..325.985 rows=13652 loops=1)
                                                         Recheck Cond: (info_type_id = 4)
                                                         Filter: ((info)::text = ANY ('{Korean,Swedish}'::text[]))
                                                         Rows Removed by Filter: 1285337
                                                         Heap Blocks: exact=8393
                                                         Buffers: shared hit=7957 read=1455
                                                         ->  Bitmap Index Scan on info_type_id_movie_info  (cost=0.00..13055.37 rows=1221191 width=0) (actual time=33.923..33.924 rows=1298989 loops=1)
                                                               Index Cond: (info_type_id = 4)
                                                               Buffers: shared hit=1019
                                                   ->  Index Scan using title_pkey on title t  (cost=0.43..8.45 rows=1 width=8) (actual time=0.029..0.029 rows=1 loops=13652)
                                                         Index Cond: (id = mi2.movie_id)
                                                         Filter: ((production_year <= 2015) AND (1990 < production_year))
                                                         Rows Removed by Filter: 0
                                                         Buffers: shared hit=53360 read=1248
                                             ->  Hash  (cost=1.10..1.10 rows=3 width=4) (actual time=0.014..0.015 rows=3 loops=1)
                                                   Buckets: 1024  Batches: 1  Memory Usage: 9kB
                                                   Buffers: shared hit=1
                                                   ->  Seq Scan on kind_type kt  (cost=0.00..1.10 rows=3 width=4) (actual time=0.007..0.009 rows=3 loops=1)
                                                         Filter: ((kind)::text = ANY ('{episode,movie,"video movie"}'::text[]))
                                                         Rows Removed by Filter: 4
                                                         Buffers: shared hit=1
                                       ->  Index Scan using movie_id_movie_info on movie_info mi1  (cost=0.43..42.25 rows=1 width=8) (actual time=0.098..0.098 rows=0 loops=6118)
                                             Index Cond: (movie_id = t.id)
                                             Filter: ((info_type_id = 3) AND ((info)::text = 'Drama'::text))
                                             Rows Removed by Filter: 15
                                             Buffers: shared hit=44664 read=21950
                                 ->  Seq Scan on info_type it1  (cost=0.00..2.41 rows=1 width=4) (actual time=0.009..0.016 rows=1 loops=2425)
                                       Filter: (id = 3)
                                       Rows Removed by Filter: 112
                                       Buffers: shared hit=2425
                           ->  Seq Scan on info_type it2  (cost=0.00..2.41 rows=1 width=4) (actual time=0.008..0.015 rows=1 loops=2425)
                                 Filter: (id = 4)
                                 Rows Removed by Filter: 112
                                 Buffers: shared hit=2425
                     ->  Index Scan using movie_id_cast_info on cast_info ci  (cost=0.44..43.36 rows=38 width=12) (actual time=0.032..0.228 rows=22 loops=2425)
                           Index Cond: (movie_id = t.id)
                           Buffers: shared hit=39823 read=19627
               ->  Hash  (cost=1.15..1.15 rows=2 width=4) (actual time=0.033..0.033 rows=2 loops=1)
                     Buckets: 1024  Batches: 1  Memory Usage: 9kB
                     Buffers: shared hit=1
                     ->  Seq Scan on role_type rt  (cost=0.00..1.15 rows=2 width=4) (actual time=0.025..0.028 rows=2 loops=1)
                           Filter: ((role)::text = ANY ('{actor,"miscellaneous crew"}'::text[]))
                           Rows Removed by Filter: 10
                           Buffers: shared hit=1
         ->  Index Scan using name_pkey on name n  (cost=0.43..2.32 rows=1 width=4) (actual time=0.034..0.034 rows=1 loops=24883)
               Index Cond: (id = ci.person_id)
               Filter: ((gender)::text = ANY ('{f,m}'::text[]))
               Rows Removed by Filter: 0
               Buffers: shared hit=82623 read=16909
 Planning:
   Buffers: shared hit=574
 Planning Time: 13.297 ms
 Execution Time: 2852.374 ms
(73 rows)

