                                                                                               QUERY PLAN                                                                                               
--------------------------------------------------------------------------------------------------------------------------------------------------------------------------------------------------------
 Aggregate  (cost=701406.20..701406.21 rows=1 width=8) (actual time=44902.510..44902.519 rows=1 loops=1)
   Buffers: shared hit=4233526 read=434241
   ->  Nested Loop  (cost=13062.82..701406.12 rows=33 width=0) (actual time=782.671..44896.504 rows=21479 loops=1)
         Buffers: shared hit=4233526 read=434241
         ->  Seq Scan on info_type it2  (cost=0.00..2.41 rows=1 width=4) (actual time=0.052..0.065 rows=1 loops=1)
               Filter: (id = 4)
               Rows Removed by Filter: 112
               Buffers: shared hit=1
         ->  Nested Loop  (cost=13062.82..701403.37 rows=33 width=4) (actual time=782.617..44891.198 rows=21479 loops=1)
               Buffers: shared hit=4233525 read=434241
               ->  Seq Scan on info_type it1  (cost=0.00..2.41 rows=1 width=4) (actual time=0.009..0.023 rows=1 loops=1)
                     Filter: (id = 3)
                     Rows Removed by Filter: 112
                     Buffers: shared hit=1
               ->  Nested Loop  (cost=13062.82..701400.63 rows=33 width=8) (actual time=782.604..44885.530 rows=21479 loops=1)
                     Buffers: shared hit=4233524 read=434241
                     ->  Hash Join  (cost=13062.39..701066.62 rows=144 width=12) (actual time=211.486..34216.657 rows=290951 loops=1)
                           Hash Cond: (ci.role_id = rt.id)
                           Buffers: shared hit=3118972 read=384989
                           ->  Nested Loop  (cost=13061.23..701059.31 rows=1734 width=16) (actual time=127.512..33862.923 rows=1532729 loops=1)
                                 Buffers: shared hit=3118971 read=384989
                                 ->  Nested Loop  (cost=13060.79..695767.30 rows=121 width=20) (actual time=127.428..18019.743 rows=52743 loops=1)
                                       Buffers: shared hit=1724744 read=134670
                                       ->  Hash Join  (cost=13060.33..526002.83 rows=4005 width=12) (actual time=36.420..8605.648 rows=109395 loops=1)
                                             Hash Cond: (t.kind_id = kt.id)
                                             Buffers: shared hit=786150 read=42315
                                             ->  Nested Loop  (cost=13059.20..525962.31 rows=9345 width=16) (actual time=36.330..8546.194 rows=132644 loops=1)
                                                   Buffers: shared hit=786149 read=42315
                                                   ->  Bitmap Heap Scan on movie_info mi2  (cost=13058.76..445387.00 rows=13558 width=8) (actual time=36.270..890.353 rows=207442 loops=1)
                                                         Recheck Cond: (info_type_id = 4)
                                                         Filter: ((info)::text = ANY ('{Greek,Italian,Japanese,None,Russian,Spanish,Swedish,Tagalog}'::text[]))
                                                         Rows Removed by Filter: 1091547
                                                         Heap Blocks: exact=8393
                                                         Buffers: shared hit=2661 read=6751
                                                         ->  Bitmap Index Scan on info_type_id_movie_info  (cost=0.00..13055.37 rows=1221191 width=0) (actual time=33.694..33.694 rows=1298989 loops=1)
                                                               Index Cond: (info_type_id = 4)
                                                               Buffers: shared hit=1019
                                                   ->  Memoize  (cost=0.44..6.04 rows=1 width=8) (actual time=0.036..0.036 rows=1 loops=207442)
                                                         Cache Key: mi2.movie_id
                                                         Cache Mode: logical
                                                         Hits: 2679  Misses: 204763  Evictions: 118157  Overflows: 0  Memory Usage: 8193kB
                                                         Buffers: shared hit=783488 read=35564
                                                         ->  Index Scan using title_pkey on title t  (cost=0.43..6.03 rows=1 width=8) (actual time=0.035..0.035 rows=1 loops=204763)
                                                               Index Cond: (id = mi2.movie_id)
                                                               Filter: ((production_year <= 2015) AND (1990 < production_year))
                                                               Rows Removed by Filter: 0
                                                               Buffers: shared hit=783488 read=35564
                                             ->  Hash  (cost=1.10..1.10 rows=3 width=4) (actual time=0.022..0.023 rows=3 loops=1)
                                                   Buckets: 1024  Batches: 1  Memory Usage: 9kB
                                                   Buffers: shared hit=1
                                                   ->  Seq Scan on kind_type kt  (cost=0.00..1.10 rows=3 width=4) (actual time=0.013..0.015 rows=3 loops=1)
                                                         Filter: ((kind)::text = ANY ('{episode,movie,"video movie"}'::text[]))
                                                         Rows Removed by Filter: 4
                                                         Buffers: shared hit=1
                                       ->  Index Scan using movie_id_movie_info on movie_info mi1  (cost=0.46..42.38 rows=1 width=8) (actual time=0.085..0.085 rows=0 loops=109395)
                                             Index Cond: (movie_id = t.id)
                                             Filter: ((info_type_id = 3) AND ((info)::text = ANY ('{Action,Adult,Animation,Comedy,Crime,Drama,Fantasy,Romance,Sci-Fi,Thriller}'::text[])))
                                             Rows Removed by Filter: 10
                                             Buffers: shared hit=938594 read=92355
                                 ->  Index Scan using movie_id_cast_info on cast_info ci  (cost=0.44..43.36 rows=38 width=12) (actual time=0.036..0.291 rows=29 loops=52743)
                                       Index Cond: (movie_id = t.id)
                                       Buffers: shared hit=1394227 read=250319
                           ->  Hash  (cost=1.15..1.15 rows=1 width=4) (actual time=0.017..0.018 rows=1 loops=1)
                                 Buckets: 1024  Batches: 1  Memory Usage: 9kB
                                 Buffers: shared hit=1
                                 ->  Seq Scan on role_type rt  (cost=0.00..1.15 rows=1 width=4) (actual time=0.011..0.012 rows=1 loops=1)
                                       Filter: ((role)::text = 'miscellaneous crew'::text)
                                       Rows Removed by Filter: 11
                                       Buffers: shared hit=1
                     ->  Index Scan using name_pkey on name n  (cost=0.43..2.32 rows=1 width=4) (actual time=0.036..0.036 rows=0 loops=290951)
                           Index Cond: (id = ci.person_id)
                           Filter: ((gender)::text = 'f'::text)
                           Rows Removed by Filter: 1
                           Buffers: shared hit=1114552 read=49252
 Planning:
   Buffers: shared hit=576 read=1
 Planning Time: 13.463 ms
 Execution Time: 44905.807 ms
(78 rows)

