                                                                                               QUERY PLAN                                                                                               
--------------------------------------------------------------------------------------------------------------------------------------------------------------------------------------------------------
 Aggregate  (cost=437495.94..437495.95 rows=1 width=8) (actual time=7459.069..7459.077 rows=1 loops=1)
   Buffers: shared hit=665942 read=104135
   ->  Nested Loop  (cost=13060.92..437495.91 rows=13 width=0) (actual time=108.561..7458.141 rows=3545 loops=1)
         Buffers: shared hit=665942 read=104135
         ->  Hash Join  (cost=13060.49..437424.01 rows=31 width=4) (actual time=108.412..7010.737 rows=12198 loops=1)
               Hash Cond: (ci.role_id = rt.id)
               Buffers: shared hit=622182 read=99103
               ->  Nested Loop  (cost=13059.32..437422.16 rows=186 width=8) (actual time=108.252..6985.373 rows=134842 loops=1)
                     Buffers: shared hit=622181 read=99103
                     ->  Nested Loop  (cost=13058.88..436845.30 rows=13 width=12) (actual time=108.199..5502.319 rows=5828 loops=1)
                           Buffers: shared hit=503295 read=69013
                           ->  Seq Scan on info_type it2  (cost=0.00..2.41 rows=1 width=4) (actual time=0.044..0.052 rows=1 loops=1)
                                 Filter: (id = 4)
                                 Rows Removed by Filter: 112
                                 Buffers: shared hit=1
                           ->  Nested Loop  (cost=13058.88..436842.76 rows=13 width=16) (actual time=108.154..5500.735 rows=5828 loops=1)
                                 Buffers: shared hit=503294 read=69013
                                 ->  Seq Scan on info_type it1  (cost=0.00..2.41 rows=1 width=4) (actual time=0.006..0.017 rows=1 loops=1)
                                       Filter: (id = 3)
                                       Rows Removed by Filter: 112
                                       Buffers: shared hit=1
                                 ->  Nested Loop  (cost=13058.88..436840.22 rows=13 width=20) (actual time=108.145..5499.256 rows=5828 loops=1)
                                       Buffers: shared hit=503293 read=69013
                                       ->  Hash Join  (cost=13058.44..413031.86 rows=557 width=12) (actual time=38.666..3473.479 rows=21370 loops=1)
                                             Hash Cond: (t.kind_id = kt.id)
                                             Buffers: shared hit=325974 read=31343
                                             ->  Nested Loop  (cost=13057.31..413025.25 rows=1299 width=16) (actual time=38.326..3463.133 rows=23984 loops=1)
                                                   Buffers: shared hit=325973 read=31343
                                                   ->  Bitmap Heap Scan on movie_info mi2  (cost=13056.87..370239.21 rows=6015 width=8) (actual time=37.492..490.541 rows=87876 loops=1)
                                                         Recheck Cond: (info_type_id = 4)
                                                         Filter: ((info)::text = ANY ('{Italian,Japanese,Russian}'::text[]))
                                                         Rows Removed by Filter: 1211113
                                                         Heap Blocks: exact=8393
                                                         Buffers: shared hit=8 read=9404
                                                         ->  Bitmap Index Scan on info_type_id_movie_info  (cost=0.00..13055.37 rows=1221191 width=0) (actual time=35.403..35.403 rows=1298989 loops=1)
                                                               Index Cond: (info_type_id = 4)
                                                               Buffers: shared read=1019
                                                   ->  Memoize  (cost=0.44..7.16 rows=1 width=8) (actual time=0.033..0.033 rows=0 loops=87876)
                                                         Cache Key: mi2.movie_id
                                                         Cache Mode: logical
                                                         Hits: 900  Misses: 86976  Evictions: 0  Overflows: 0  Memory Usage: 6706kB
                                                         Buffers: shared hit=325965 read=21939
                                                         ->  Index Scan using title_pkey on title t  (cost=0.43..7.15 rows=1 width=8) (actual time=0.033..0.033 rows=0 loops=86976)
                                                               Index Cond: (id = mi2.movie_id)
                                                               Filter: ((production_year <= 1990) AND (1950 < production_year))
                                                               Rows Removed by Filter: 1
                                                               Buffers: shared hit=325965 read=21939
                                             ->  Hash  (cost=1.10..1.10 rows=3 width=4) (actual time=0.014..0.015 rows=3 loops=1)
                                                   Buckets: 1024  Batches: 1  Memory Usage: 9kB
                                                   Buffers: shared hit=1
                                                   ->  Seq Scan on kind_type kt  (cost=0.00..1.10 rows=3 width=4) (actual time=0.007..0.008 rows=3 loops=1)
                                                         Filter: ((kind)::text = ANY ('{episode,movie,"tv movie"}'::text[]))
                                                         Rows Removed by Filter: 4
                                                         Buffers: shared hit=1
                                       ->  Index Scan using movie_id_movie_info on movie_info mi1  (cost=0.43..42.73 rows=1 width=8) (actual time=0.094..0.094 rows=0 loops=21370)
                                             Index Cond: (movie_id = t.id)
                                             Filter: ((info_type_id = 3) AND ((info)::text = ANY ('{Adventure,Comedy,Short}'::text[])))
                                             Rows Removed by Filter: 12
                                             Buffers: shared hit=177319 read=37670
                     ->  Index Scan using movie_id_cast_info on cast_info ci  (cost=0.44..43.99 rows=38 width=12) (actual time=0.038..0.248 rows=23 loops=5828)
                           Index Cond: (movie_id = t.id)
                           Buffers: shared hit=118886 read=30090
               ->  Hash  (cost=1.15..1.15 rows=2 width=4) (actual time=0.039..0.039 rows=2 loops=1)
                     Buckets: 1024  Batches: 1  Memory Usage: 9kB
                     Buffers: shared hit=1
                     ->  Seq Scan on role_type rt  (cost=0.00..1.15 rows=2 width=4) (actual time=0.029..0.032 rows=2 loops=1)
                           Filter: ((role)::text = ANY ('{"miscellaneous crew",producer}'::text[]))
                           Rows Removed by Filter: 10
                           Buffers: shared hit=1
         ->  Index Scan using name_pkey on name n  (cost=0.43..2.32 rows=1 width=4) (actual time=0.036..0.036 rows=0 loops=12198)
               Index Cond: (id = ci.person_id)
               Filter: ((gender)::text = 'm'::text)
               Rows Removed by Filter: 1
               Buffers: shared hit=43760 read=5032
 Planning:
   Buffers: shared hit=487 read=87
 Planning Time: 14.034 ms
 Execution Time: 7460.909 ms
(78 rows)

