                                                                                               QUERY PLAN                                                                                               
--------------------------------------------------------------------------------------------------------------------------------------------------------------------------------------------------------
 Aggregate  (cost=643993.03..643993.04 rows=1 width=8) (actual time=15758.680..15758.687 rows=1 loops=1)
   Buffers: shared hit=1450634 read=186541
   ->  Nested Loop  (cost=13061.65..643992.59 rows=177 width=0) (actual time=38.322..15741.609 rows=105929 loops=1)
         Buffers: shared hit=1450634 read=186541
         ->  Hash Join  (cost=13061.22..643361.68 rows=272 width=4) (actual time=38.280..11890.676 rows=105929 loops=1)
               Hash Cond: (ci.role_id = rt.id)
               Buffers: shared hit=1066388 read=147071
               ->  Nested Loop  (cost=13060.05..643354.70 rows=1634 width=8) (actual time=38.236..11829.483 rows=214383 loops=1)
                     Buffers: shared hit=1066387 read=147071
                     ->  Nested Loop  (cost=13059.61..638377.50 rows=114 width=12) (actual time=37.628..9199.647 rows=14400 loops=1)
                           Buffers: shared hit=891877 read=73181
                           ->  Seq Scan on info_type it2  (cost=0.00..2.41 rows=1 width=4) (actual time=0.030..0.040 rows=1 loops=1)
                                 Filter: (id = 4)
                                 Rows Removed by Filter: 112
                                 Buffers: shared hit=1
                           ->  Nested Loop  (cost=13059.61..638373.94 rows=114 width=16) (actual time=37.597..9195.889 rows=14400 loops=1)
                                 Buffers: shared hit=891876 read=73181
                                 ->  Seq Scan on info_type it1  (cost=0.00..2.41 rows=1 width=4) (actual time=0.005..0.017 rows=1 loops=1)
                                       Filter: (id = 3)
                                       Rows Removed by Filter: 112
                                       Buffers: shared hit=1
                                 ->  Nested Loop  (cost=13059.61..638370.39 rows=114 width=20) (actual time=37.589..9192.227 rows=14400 loops=1)
                                       Buffers: shared hit=891875 read=73181
                                       ->  Hash Join  (cost=13059.15..489090.86 rows=3526 width=12) (actual time=37.045..6103.771 rows=38473 loops=1)
                                             Hash Cond: (t.kind_id = kt.id)
                                             Buffers: shared hit=589218 read=28527
                                             ->  Nested Loop  (cost=13058.01..489055.06 rows=8227 width=16) (actual time=37.013..6062.116 rows=145707 loops=1)
                                                   Buffers: shared hit=589217 read=28527
                                                   ->  Bitmap Heap Scan on movie_info mi2  (cost=13057.57..430356.63 rows=8826 width=8) (actual time=36.964..721.361 rows=156003 loops=1)
                                                         Recheck Cond: (info_type_id = 4)
                                                         Filter: ((info)::text = ANY ('{Bulgarian,Czech,French,German,Hungarian,Mandarin,Russian}'::text[]))
                                                         Rows Removed by Filter: 1142986
                                                         Heap Blocks: exact=8393
                                                         Buffers: shared hit=33 read=9379
                                                         ->  Bitmap Index Scan on info_type_id_movie_info  (cost=0.00..13055.37 rows=1221191 width=0) (actual time=34.473..34.473 rows=1298989 loops=1)
                                                               Index Cond: (info_type_id = 4)
                                                               Buffers: shared read=1019
                                                   ->  Memoize  (cost=0.44..6.72 rows=1 width=8) (actual time=0.034..0.034 rows=1 loops=156003)
                                                         Cache Key: mi2.movie_id
                                                         Cache Mode: logical
                                                         Hits: 3920  Misses: 152083  Evictions: 72317  Overflows: 0  Memory Usage: 8193kB
                                                         Buffers: shared hit=589184 read=19148
                                                         ->  Index Scan using title_pkey on title t  (cost=0.43..6.71 rows=1 width=8) (actual time=0.033..0.033 rows=1 loops=152083)
                                                               Index Cond: (id = mi2.movie_id)
                                                               Filter: ((production_year <= 2015) AND (1925 < production_year))
                                                               Rows Removed by Filter: 0
                                                               Buffers: shared hit=589184 read=19148
                                             ->  Hash  (cost=1.10..1.10 rows=3 width=4) (actual time=0.014..0.015 rows=3 loops=1)
                                                   Buckets: 1024  Batches: 1  Memory Usage: 9kB
                                                   Buffers: shared hit=1
                                                   ->  Seq Scan on kind_type kt  (cost=0.00..1.10 rows=3 width=4) (actual time=0.007..0.008 rows=3 loops=1)
                                                         Filter: ((kind)::text = ANY ('{"tv movie","tv series","video game"}'::text[]))
                                                         Rows Removed by Filter: 4
                                                         Buffers: shared hit=1
                                       ->  Index Scan using movie_id_movie_info on movie_info mi1  (cost=0.46..42.33 rows=1 width=8) (actual time=0.079..0.080 rows=0 loops=38473)
                                             Index Cond: (movie_id = t.id)
                                             Filter: ((info_type_id = 3) AND ((info)::text = ANY ('{Action,Adventure,Documentary,Family,Horror,Musical,Mystery,Sci-Fi,Short,Thriller}'::text[])))
                                             Rows Removed by Filter: 7
                                             Buffers: shared hit=302657 read=44654
                     ->  Index Scan using movie_id_cast_info on cast_info ci  (cost=0.44..43.28 rows=38 width=12) (actual time=0.038..0.178 rows=15 loops=14400)
                           Index Cond: (movie_id = t.id)
                           Buffers: shared hit=174510 read=73890
               ->  Hash  (cost=1.15..1.15 rows=2 width=4) (actual time=0.027..0.027 rows=2 loops=1)
                     Buckets: 1024  Batches: 1  Memory Usage: 9kB
                     Buffers: shared hit=1
                     ->  Seq Scan on role_type rt  (cost=0.00..1.15 rows=2 width=4) (actual time=0.020..0.022 rows=2 loops=1)
                           Filter: ((role)::text = ANY ('{actor,actress}'::text[]))
                           Rows Removed by Filter: 10
                           Buffers: shared hit=1
         ->  Index Scan using name_pkey on name n  (cost=0.43..2.32 rows=1 width=4) (actual time=0.036..0.036 rows=1 loops=105929)
               Index Cond: (id = ci.person_id)
               Filter: ((gender)::text = ANY ('{f,m}'::text[]))
               Buffers: shared hit=384246 read=39470
 Planning:
   Buffers: shared hit=508 read=69
 Planning Time: 11.902 ms
 Execution Time: 15761.296 ms
(77 rows)

