                                                                                            QUERY PLAN                                                                                            
--------------------------------------------------------------------------------------------------------------------------------------------------------------------------------------------------
 Aggregate  (cost=605076.43..605076.44 rows=1 width=8) (actual time=1963.858..1963.865 rows=1 loops=1)
   Buffers: shared hit=117236 read=54501
   ->  Nested Loop  (cost=94164.66..605076.23 rows=78 width=0) (actual time=432.039..1962.330 rows=11868 loops=1)
         Buffers: shared hit=117236 read=54501
         ->  Hash Join  (cost=94164.23..604644.80 rows=186 width=4) (actual time=431.918..1479.753 rows=13787 loops=1)
               Hash Cond: (ci.role_id = rt.id)
               Buffers: shared hit=68055 read=48534
               ->  Nested Loop  (cost=94163.06..604639.66 rows=1118 width=8) (actual time=431.859..1472.977 rows=26913 loops=1)
                     Buffers: shared hit=68054 read=48534
                     ->  Nested Loop  (cost=94162.62..601139.06 rows=78 width=12) (actual time=431.830..1116.498 rows=2547 loops=1)
                           Buffers: shared hit=50156 read=32443
                           ->  Seq Scan on info_type it2  (cost=0.00..2.41 rows=1 width=4) (actual time=0.027..0.031 rows=1 loops=1)
                                 Filter: (id = 4)
                                 Rows Removed by Filter: 112
                                 Buffers: shared hit=1
                           ->  Nested Loop  (cost=94162.62..601135.87 rows=78 width=16) (actual time=431.802..1115.981 rows=2547 loops=1)
                                 Buffers: shared hit=50155 read=32443
                                 ->  Seq Scan on info_type it1  (cost=0.00..2.41 rows=1 width=4) (actual time=0.009..0.017 rows=1 loops=1)
                                       Filter: (id = 3)
                                       Rows Removed by Filter: 112
                                       Buffers: shared hit=1
                                 ->  Nested Loop  (cost=94162.62..601132.68 rows=78 width=20) (actual time=431.790..1115.425 rows=2547 loops=1)
                                       Buffers: shared hit=50154 read=32443
                                       ->  Hash Join  (cost=94162.18..482807.41 rows=2743 width=12) (actual time=431.705..816.962 rows=3426 loops=1)
                                             Hash Cond: (mi1.movie_id = t.id)
                                             Buffers: shared hit=23397 read=23970
                                             ->  Bitmap Heap Scan on movie_info mi1  (cost=16459.91..404906.14 rows=45750 width=8) (actual time=41.486..376.798 rows=449452 loops=1)
                                                   Recheck Cond: (info_type_id = 3)
                                                   Filter: ((info)::text = ANY ('{Biography,Documentary,Drama,History,Western}'::text[]))
                                                   Rows Removed by Filter: 1084457
                                                   Heap Blocks: exact=9772
                                                   Buffers: shared hit=1984 read=8991
                                                   ->  Bitmap Index Scan on info_type_id_movie_info  (cost=0.00..16448.47 rows=1538671 width=0) (actual time=40.254..40.254 rows=1533909 loops=1)
                                                         Index Cond: (info_type_id = 3)
                                                         Buffers: shared read=1203
                                             ->  Hash  (cost=75807.58..75807.58 rows=151576 width=4) (actual time=389.202..389.205 rows=11843 loops=1)
                                                   Buckets: 262144  Batches: 1  Memory Usage: 2465kB
                                                   Buffers: shared hit=21413 read=14979
                                                   ->  Hash Join  (cost=1.13..75807.58 rows=151576 width=4) (actual time=0.164..386.416 rows=11843 loops=1)
                                                         Hash Cond: (t.kind_id = kt.id)
                                                         Buffers: shared hit=21413 read=14979
                                                         ->  Seq Scan on title t  (cost=0.00..74315.95 rows=353677 width=8) (actual time=0.027..366.264 rows=347589 loops=1)
                                                               Filter: ((production_year <= 1975) AND (1925 < production_year))
                                                               Rows Removed by Filter: 2180723
                                                               Buffers: shared hit=21412 read=14979
                                                         ->  Hash  (cost=1.10..1.10 rows=3 width=4) (actual time=0.013..0.014 rows=3 loops=1)
                                                               Buckets: 1024  Batches: 1  Memory Usage: 9kB
                                                               Buffers: shared hit=1
                                                               ->  Seq Scan on kind_type kt  (cost=0.00..1.10 rows=3 width=4) (actual time=0.008..0.009 rows=3 loops=1)
                                                                     Filter: ((kind)::text = ANY ('{"tv series","video game","video movie"}'::text[]))
                                                                     Rows Removed by Filter: 4
                                                                     Buffers: shared hit=1
                                       ->  Index Scan using movie_id_movie_info on movie_info mi2  (cost=0.43..43.13 rows=1 width=8) (actual time=0.064..0.087 rows=1 loops=3426)
                                             Index Cond: (movie_id = t.id)
                                             Filter: ((info_type_id = 4) AND ((info)::text = ANY ('{English,Italian,Russian,Spanish}'::text[])))
                                             Rows Removed by Filter: 11
                                             Buffers: shared hit=26757 read=8473
                     ->  Index Scan using movie_id_cast_info on cast_info ci  (cost=0.44..44.50 rows=38 width=12) (actual time=0.033..0.137 rows=11 loops=2547)
                           Index Cond: (movie_id = t.id)
                           Buffers: shared hit=17898 read=16091
               ->  Hash  (cost=1.15..1.15 rows=2 width=4) (actual time=0.029..0.030 rows=2 loops=1)
                     Buckets: 1024  Batches: 1  Memory Usage: 9kB
                     Buffers: shared hit=1
                     ->  Seq Scan on role_type rt  (cost=0.00..1.15 rows=2 width=4) (actual time=0.021..0.024 rows=2 loops=1)
                           Filter: ((role)::text = ANY ('{actor,writer}'::text[]))
                           Rows Removed by Filter: 10
                           Buffers: shared hit=1
         ->  Index Scan using name_pkey on name n  (cost=0.43..2.32 rows=1 width=4) (actual time=0.034..0.034 rows=1 loops=13787)
               Index Cond: (id = ci.person_id)
               Filter: ((gender)::text = 'm'::text)
               Rows Removed by Filter: 0
               Buffers: shared hit=49181 read=5967
 Planning:
   Buffers: shared hit=487 read=87
 Planning Time: 12.408 ms
 Execution Time: 1964.410 ms
(76 rows)

