                                                                                            QUERY PLAN                                                                                            
--------------------------------------------------------------------------------------------------------------------------------------------------------------------------------------------------
 Aggregate  (cost=726709.63..726709.64 rows=1 width=8) (actual time=2184.979..2184.988 rows=1 loops=1)
   Buffers: shared hit=113114 read=83030, temp read=1548 written=1548
   ->  Nested Loop  (cost=92535.27..726709.39 rows=95 width=0) (actual time=430.621..2183.777 rows=10229 loops=1)
         Buffers: shared hit=113114 read=83030, temp read=1548 written=1548
         ->  Seq Scan on info_type it2  (cost=0.00..2.41 rows=1 width=4) (actual time=0.039..0.048 rows=1 loops=1)
               Filter: (id = 4)
               Rows Removed by Filter: 112
               Buffers: shared hit=1
         ->  Nested Loop  (cost=92535.27..726706.03 rows=95 width=4) (actual time=430.580..2182.318 rows=10229 loops=1)
               Buffers: shared hit=113113 read=83030, temp read=1548 written=1548
               ->  Seq Scan on info_type it1  (cost=0.00..2.41 rows=1 width=4) (actual time=0.007..0.020 rows=1 loops=1)
                     Filter: (id = 3)
                     Rows Removed by Filter: 112
                     Buffers: shared hit=1
               ->  Nested Loop  (cost=92535.27..726702.67 rows=95 width=8) (actual time=430.570..2180.911 rows=10229 loops=1)
                     Buffers: shared hit=113112 read=83030, temp read=1548 written=1548
                     ->  Hash Join  (cost=92534.84..726176.14 rows=227 width=12) (actual time=430.534..1823.828 rows=10229 loops=1)
                           Hash Cond: (ci.role_id = rt.id)
                           Buffers: shared hit=80049 read=75177, temp read=1548 written=1548
                           ->  Nested Loop  (cost=92533.68..726165.30 rows=2723 width=16) (actual time=430.496..1818.872 rows=24696 loops=1)
                                 Buffers: shared hit=80048 read=75177, temp read=1548 written=1548
                                 ->  Nested Loop  (cost=92533.24..717699.98 rows=190 width=20) (actual time=430.220..1507.655 rows=2284 loops=1)
                                       Buffers: shared hit=60307 read=63911, temp read=1548 written=1548
                                       ->  Hash Join  (cost=92532.81..481416.53 rows=5499 width=12) (actual time=430.119..904.422 rows=7739 loops=1)
                                             Hash Cond: (mi2.movie_id = t.id)
                                             Buffers: shared hit=1734 read=44070, temp read=1548 written=1548
                                             ->  Bitmap Heap Scan on movie_info mi2  (cost=13073.10..400313.80 rows=70942 width=8) (actual time=36.103..309.640 rows=895311 loops=1)
                                                   Recheck Cond: (info_type_id = 4)
                                                   Filter: ((info)::text = ANY ('{English,French,Italian,Portuguese,Serbo-Croatian}'::text[]))
                                                   Rows Removed by Filter: 403678
                                                   Heap Blocks: exact=8393
                                                   Buffers: shared hit=3 read=9409
                                                   ->  Bitmap Index Scan on info_type_id_movie_info  (cost=0.00..13055.37 rows=1221191 width=0) (actual time=35.056..35.056 rows=1298989 loops=1)
                                                         Index Cond: (info_type_id = 4)
                                                         Buffers: shared read=1019
                                             ->  Hash  (cost=76244.10..76244.10 rows=195968 width=4) (actual time=391.190..391.193 rows=11843 loops=1)
                                                   Buckets: 262144  Batches: 2  Memory Usage: 2260kB
                                                   Buffers: shared hit=1731 read=34661, temp written=17
                                                   ->  Hash Join  (cost=1.13..76244.10 rows=195968 width=4) (actual time=0.129..388.318 rows=11843 loops=1)
                                                         Hash Cond: (t.kind_id = kt.id)
                                                         Buffers: shared hit=1731 read=34661
                                                         ->  Seq Scan on title t  (cost=0.00..74315.95 rows=457258 width=8) (actual time=0.024..362.652 rows=451569 loops=1)
                                                               Filter: ((production_year <= 1975) AND (1875 < production_year))
                                                               Rows Removed by Filter: 2076743
                                                               Buffers: shared hit=1730 read=34661
                                                         ->  Hash  (cost=1.10..1.10 rows=3 width=4) (actual time=0.016..0.017 rows=3 loops=1)
                                                               Buckets: 1024  Batches: 1  Memory Usage: 9kB
                                                               Buffers: shared hit=1
                                                               ->  Seq Scan on kind_type kt  (cost=0.00..1.10 rows=3 width=4) (actual time=0.008..0.009 rows=3 loops=1)
                                                                     Filter: ((kind)::text = ANY ('{"tv series","video game","video movie"}'::text[]))
                                                                     Rows Removed by Filter: 4
                                                                     Buffers: shared hit=1
                                       ->  Index Scan using movie_id_movie_info on movie_info mi1  (cost=0.43..42.96 rows=1 width=8) (actual time=0.077..0.078 rows=0 loops=7739)
                                             Index Cond: (movie_id = t.id)
                                             Filter: ((info_type_id = 3) AND ((info)::text = ANY ('{Crime,Documentary,Drama,Romance,Short}'::text[])))
                                             Rows Removed by Filter: 11
                                             Buffers: shared hit=58573 read=19841
                                 ->  Index Scan using movie_id_cast_info on cast_info ci  (cost=0.44..44.17 rows=38 width=12) (actual time=0.028..0.134 rows=11 loops=2284)
                                       Index Cond: (movie_id = t.id)
                                       Buffers: shared hit=19741 read=11266
                           ->  Hash  (cost=1.15..1.15 rows=1 width=4) (actual time=0.019..0.020 rows=1 loops=1)
                                 Buckets: 1024  Batches: 1  Memory Usage: 9kB
                                 Buffers: shared hit=1
                                 ->  Seq Scan on role_type rt  (cost=0.00..1.15 rows=1 width=4) (actual time=0.010..0.012 rows=1 loops=1)
                                       Filter: ((role)::text = 'actor'::text)
                                       Rows Removed by Filter: 11
                                       Buffers: shared hit=1
                     ->  Index Scan using name_pkey on name n  (cost=0.43..2.32 rows=1 width=4) (actual time=0.034..0.034 rows=1 loops=10229)
                           Index Cond: (id = ci.person_id)
                           Filter: ((gender)::text = 'm'::text)
                           Buffers: shared hit=33063 read=7853
 Planning:
   Buffers: shared hit=486 read=88
 Planning Time: 13.112 ms
 Execution Time: 2185.476 ms
(75 rows)

