                                                                                               QUERY PLAN                                                                                               
--------------------------------------------------------------------------------------------------------------------------------------------------------------------------------------------------------
 Aggregate  (cost=506416.14..506416.15 rows=1 width=8) (actual time=16355.169..16355.179 rows=1 loops=1)
   Buffers: shared hit=1432395 read=242140
   ->  Nested Loop  (cost=13061.35..506416.11 rows=12 width=0) (actual time=472.285..16338.793 rows=109803 loops=1)
         Buffers: shared hit=1432395 read=242140
         ->  Seq Scan on info_type it2  (cost=0.00..2.41 rows=1 width=4) (actual time=0.046..0.057 rows=1 loops=1)
               Filter: (id = 4)
               Rows Removed by Filter: 112
               Buffers: shared hit=1
         ->  Nested Loop  (cost=13061.35..506413.58 rows=12 width=4) (actual time=472.238..16318.213 rows=109803 loops=1)
               Buffers: shared hit=1432394 read=242140
               ->  Seq Scan on info_type it1  (cost=0.00..2.41 rows=1 width=4) (actual time=0.009..0.022 rows=1 loops=1)
                     Filter: (id = 3)
                     Rows Removed by Filter: 112
                     Buffers: shared hit=1
               ->  Nested Loop  (cost=13061.35..506411.04 rows=12 width=8) (actual time=472.225..16298.447 rows=109803 loops=1)
                     Buffers: shared hit=1432393 read=242140
                     ->  Hash Join  (cost=13060.92..506343.78 rows=29 width=12) (actual time=472.142..12334.552 rows=109803 loops=1)
                           Hash Cond: (ci.role_id = rt.id)
                           Buffers: shared hit=1019213 read=216108
                           ->  Nested Loop  (cost=13059.76..506341.39 rows=344 width=16) (actual time=472.092..12258.420 rows=311370 loops=1)
                                 Buffers: shared hit=1019212 read=216108
                                 ->  Nested Loop  (cost=13059.32..505291.74 rows=24 width=20) (actual time=471.122..8674.397 rows=10225 loops=1)
                                       Buffers: shared hit=793777 read=107686
                                       ->  Hash Join  (cost=13058.89..408219.06 rows=2297 width=12) (actual time=35.227..4267.125 rows=49899 loops=1)
                                             Hash Cond: (t.kind_id = kt.id)
                                             Buffers: shared hit=384329 read=39708
                                             ->  Nested Loop  (cost=13057.75..408195.34 rows=5359 width=16) (actual time=35.138..4241.053 rows=64481 loops=1)
                                                   Buffers: shared hit=384328 read=39708
                                                   ->  Bitmap Heap Scan on movie_info mi2  (cost=13057.31..355210.47 rows=7775 width=8) (actual time=35.010..449.128 rows=104639 loops=1)
                                                         Recheck Cond: (info_type_id = 4)
                                                         Filter: ((info)::text = ANY ('{French,Japanese}'::text[]))
                                                         Rows Removed by Filter: 1194350
                                                         Heap Blocks: exact=8393
                                                         Buffers: shared hit=2843 read=6569
                                                         ->  Bitmap Index Scan on info_type_id_movie_info  (cost=0.00..13055.37 rows=1221191 width=0) (actual time=33.174..33.174 rows=1298989 loops=1)
                                                               Index Cond: (info_type_id = 4)
                                                               Buffers: shared hit=1019
                                                   ->  Memoize  (cost=0.44..6.87 rows=1 width=8) (actual time=0.036..0.036 rows=1 loops=104639)
                                                         Cache Key: mi2.movie_id
                                                         Cache Mode: logical
                                                         Hits: 983  Misses: 103656  Evictions: 11652  Overflows: 0  Memory Usage: 8193kB
                                                         Buffers: shared hit=381485 read=33139
                                                         ->  Index Scan using title_pkey on title t  (cost=0.43..6.86 rows=1 width=8) (actual time=0.035..0.035 rows=1 loops=103656)
                                                               Index Cond: (id = mi2.movie_id)
                                                               Filter: ((production_year <= 2015) AND (1990 < production_year))
                                                               Rows Removed by Filter: 0
                                                               Buffers: shared hit=381485 read=33139
                                             ->  Hash  (cost=1.10..1.10 rows=3 width=4) (actual time=0.018..0.019 rows=3 loops=1)
                                                   Buckets: 1024  Batches: 1  Memory Usage: 9kB
                                                   Buffers: shared hit=1
                                                   ->  Seq Scan on kind_type kt  (cost=0.00..1.10 rows=3 width=4) (actual time=0.009..0.011 rows=3 loops=1)
                                                         Filter: ((kind)::text = ANY ('{episode,movie,"video movie"}'::text[]))
                                                         Rows Removed by Filter: 4
                                                         Buffers: shared hit=1
                                       ->  Index Scan using movie_id_movie_info on movie_info mi1  (cost=0.43..42.25 rows=1 width=8) (actual time=0.088..0.088 rows=0 loops=49899)
                                             Index Cond: (movie_id = t.id)
                                             Filter: (((info)::text = ANY ('{Adventure,Drama}'::text[])) AND (info_type_id = 3))
                                             Rows Removed by Filter: 12
                                             Buffers: shared hit=409448 read=67978
                                 ->  Index Scan using movie_id_cast_info on cast_info ci  (cost=0.44..43.36 rows=38 width=12) (actual time=0.041..0.342 rows=30 loops=10225)
                                       Index Cond: (movie_id = t.id)
                                       Buffers: shared hit=225435 read=108422
                           ->  Hash  (cost=1.15..1.15 rows=1 width=4) (actual time=0.025..0.026 rows=1 loops=1)
                                 Buckets: 1024  Batches: 1  Memory Usage: 9kB
                                 Buffers: shared hit=1
                                 ->  Seq Scan on role_type rt  (cost=0.00..1.15 rows=1 width=4) (actual time=0.010..0.012 rows=1 loops=1)
                                       Filter: ((role)::text = 'actor'::text)
                                       Rows Removed by Filter: 11
                                       Buffers: shared hit=1
                     ->  Index Scan using name_pkey on name n  (cost=0.43..2.32 rows=1 width=4) (actual time=0.035..0.035 rows=1 loops=109803)
                           Index Cond: (id = ci.person_id)
                           Filter: ((gender)::text = 'm'::text)
                           Buffers: shared hit=413180 read=26032
 Planning:
   Buffers: shared hit=574
 Planning Time: 13.143 ms
 Execution Time: 16358.136 ms
(77 rows)

