                                                                                                  QUERY PLAN                                                                                                  
--------------------------------------------------------------------------------------------------------------------------------------------------------------------------------------------------------------
 Aggregate  (cost=996636.83..996636.84 rows=1 width=8) (actual time=131073.821..131073.829 rows=1 loops=1)
   Buffers: shared hit=11066216 read=1677012, temp read=9560 written=9175
   ->  Nested Loop  (cost=892881.46..996635.56 rows=508 width=0) (actual time=1298.903..131064.423 rows=10900 loops=1)
         Buffers: shared hit=11066216 read=1677012, temp read=9560 written=9175
         ->  Seq Scan on info_type it2  (cost=0.00..2.41 rows=1 width=4) (actual time=0.046..0.055 rows=1 loops=1)
               Filter: (id = 4)
               Rows Removed by Filter: 112
               Buffers: shared hit=1
         ->  Nested Loop  (cost=892881.46..996628.07 rows=508 width=4) (actual time=1298.855..131058.637 rows=10900 loops=1)
               Buffers: shared hit=11066215 read=1677012, temp read=9560 written=9175
               ->  Seq Scan on info_type it1  (cost=0.00..2.41 rows=1 width=4) (actual time=0.011..0.023 rows=1 loops=1)
                     Filter: (id = 3)
                     Rows Removed by Filter: 112
                     Buffers: shared hit=1
               ->  Nested Loop  (cost=892881.46..996620.57 rows=508 width=8) (actual time=1298.843..131053.002 rows=10900 loops=1)
                     Buffers: shared hit=11066214 read=1677012, temp read=9560 written=9175
                     ->  Hash Join  (cost=892881.03..991550.10 rows=2186 width=12) (actual time=1208.778..118938.457 rows=305620 loops=1)
                           Hash Cond: (ci.role_id = rt.id)
                           Buffers: shared hit=9969815 read=1550931, temp read=9560 written=9175
                           ->  Nested Loop  (cost=892879.85..991502.34 rows=13116 width=16) (actual time=1207.475..117305.418 rows=8647581 loops=1)
                                 Buffers: shared hit=9969814 read=1550931, temp read=9560 written=9175
                                 ->  Nested Loop  (cost=892879.41..951553.74 rows=915 width=20) (actual time=1207.439..20605.716 rows=361335 loops=1)
                                       Buffers: shared hit=1979186 read=60177, temp read=9560 written=9175
                                       ->  Nested Loop  (cost=892879.27..951501.56 rows=2136 width=24) (actual time=1207.238..20209.177 rows=462205 loops=1)
                                             Join Filter: (t.id = mi1.movie_id)
                                             Buffers: shared hit=1979174 read=60177, temp read=9560 written=9175
                                             ->  Merge Join  (cost=892878.84..893808.54 rows=16852 width=16) (actual time=1207.166..2069.687 rows=504741 loops=1)
                                                   Merge Cond: (mi1.movie_id = mi2.movie_id)
                                                   Buffers: shared hit=4 read=20383, temp read=9560 written=9175
                                                   ->  Sort  (cost=441204.20..441391.66 rows=74985 width=8) (actual time=618.750..766.163 rows=716305 loops=1)
                                                         Sort Key: mi1.movie_id
                                                         Sort Method: external sort  Disk: 15488kB
                                                         Buffers: shared hit=1 read=10974, temp read=3864 written=3874
                                                         ->  Bitmap Heap Scan on movie_info mi1  (cost=16467.21..435132.54 rows=74985 width=8) (actual time=41.521..436.306 rows=716305 loops=1)
                                                               Recheck Cond: (info_type_id = 3)
                                                               Filter: ((info)::text = ANY ('{Action,Comedy,Crime,Documentary,Drama,History,Music}'::text[]))
                                                               Rows Removed by Filter: 817604
                                                               Heap Blocks: exact=9772
                                                               Buffers: shared hit=1 read=10974
                                                               ->  Bitmap Index Scan on info_type_id_movie_info  (cost=0.00..16448.47 rows=1538671 width=0) (actual time=40.305..40.306 rows=1533909 loops=1)
                                                                     Index Cond: (info_type_id = 3)
                                                                     Buffers: shared read=1203
                                                   ->  Sort  (cost=451674.65..451867.77 rows=77251 width=8) (actual time=588.404..828.487 rows=1063867 loops=1)
                                                         Sort Key: mi2.movie_id
                                                         Sort Method: external sort  Disk: 21192kB
                                                         Buffers: shared hit=3 read=9409, temp read=5492 written=5301
                                                         ->  Bitmap Heap Scan on movie_info mi2  (cost=13074.68..445402.92 rows=77251 width=8) (actual time=31.226..345.449 rows=980645 loops=1)
                                                               Recheck Cond: (info_type_id = 4)
                                                               Filter: ((info)::text = ANY ('{Danish,Dutch,English,Filipino,Japanese,Portuguese,Spanish,Tagalog}'::text[]))
                                                               Rows Removed by Filter: 318344
                                                               Heap Blocks: exact=8393
                                                               Buffers: shared hit=3 read=9409
                                                               ->  Bitmap Index Scan on info_type_id_movie_info  (cost=0.00..13055.37 rows=1221191 width=0) (actual time=30.173..30.173 rows=1298989 loops=1)
                                                                     Index Cond: (info_type_id = 4)
                                                                     Buffers: shared hit=1 read=1018
                                             ->  Index Scan using title_pkey on title t  (cost=0.43..3.41 rows=1 width=8) (actual time=0.035..0.035 rows=1 loops=504741)
                                                   Index Cond: (id = mi2.movie_id)
                                                   Filter: ((production_year <= 2015) AND (1925 < production_year))
                                                   Rows Removed by Filter: 0
                                                   Buffers: shared hit=1979170 read=39794
                                       ->  Memoize  (cost=0.14..0.16 rows=1 width=4) (actual time=0.000..0.000 rows=1 loops=462205)
                                             Cache Key: t.kind_id
                                             Cache Mode: logical
                                             Hits: 462199  Misses: 6  Evictions: 0  Overflows: 0  Memory Usage: 1kB
                                             Buffers: shared hit=12
                                             ->  Index Scan using kind_type_pkey on kind_type kt  (cost=0.13..0.15 rows=1 width=4) (actual time=0.012..0.012 rows=0 loops=6)
                                                   Index Cond: (id = t.kind_id)
                                                   Filter: ((kind)::text = ANY ('{episode,movie,"video movie"}'::text[]))
                                                   Rows Removed by Filter: 0
                                                   Buffers: shared hit=12
                                 ->  Index Scan using movie_id_cast_info on cast_info ci  (cost=0.44..43.28 rows=38 width=12) (actual time=0.037..0.260 rows=24 loops=361335)
                                       Index Cond: (movie_id = t.id)
                                       Buffers: shared hit=7990628 read=1490754
                           ->  Hash  (cost=1.15..1.15 rows=2 width=4) (actual time=0.025..0.026 rows=2 loops=1)
                                 Buckets: 1024  Batches: 1  Memory Usage: 9kB
                                 Buffers: shared hit=1
                                 ->  Seq Scan on role_type rt  (cost=0.00..1.15 rows=2 width=4) (actual time=0.012..0.014 rows=2 loops=1)
                                       Filter: ((role)::text = ANY ('{composer,"production designer"}'::text[]))
                                       Rows Removed by Filter: 10
                                       Buffers: shared hit=1
                     ->  Index Scan using name_pkey on name n  (cost=0.43..2.32 rows=1 width=4) (actual time=0.039..0.039 rows=0 loops=305620)
                           Index Cond: (id = ci.person_id)
                           Filter: ((gender)::text = 'f'::text)
                           Rows Removed by Filter: 1
                           Buffers: shared hit=1096399 read=126081
 Planning:
   Buffers: shared hit=485 read=89
 Planning Time: 13.346 ms
 Execution Time: 131083.609 ms
(89 rows)

