                                                                                               QUERY PLAN                                                                                               
--------------------------------------------------------------------------------------------------------------------------------------------------------------------------------------------------------
 Aggregate  (cost=831275.92..831275.93 rows=1 width=8) (actual time=14586.061..14586.068 rows=1 loops=1)
   Buffers: shared hit=1385257 read=71572
   ->  Nested Loop  (cost=580554.22..831275.74 rows=75 width=0) (actual time=11853.844..14585.719 rows=1961 loops=1)
         Buffers: shared hit=1385257 read=71572
         ->  Seq Scan on info_type it2  (cost=0.00..2.41 rows=1 width=4) (actual time=0.037..0.042 rows=1 loops=1)
               Filter: (id = 4)
               Rows Removed by Filter: 112
               Buffers: shared hit=1
         ->  Nested Loop  (cost=580554.22..831272.57 rows=75 width=4) (actual time=11853.805..14585.430 rows=1961 loops=1)
               Buffers: shared hit=1385256 read=71572
               ->  Seq Scan on info_type it1  (cost=0.00..2.41 rows=1 width=4) (actual time=0.009..0.015 rows=1 loops=1)
                     Filter: (id = 3)
                     Rows Removed by Filter: 112
                     Buffers: shared hit=1
               ->  Nested Loop  (cost=580554.22..831269.41 rows=75 width=8) (actual time=11853.795..14585.148 rows=1961 loops=1)
                     Join Filter: (t.id = mi1.movie_id)
                     Buffers: shared hit=1385255 read=71572
                     ->  Nested Loop  (cost=580553.76..738006.24 rows=2210 width=16) (actual time=11853.701..14441.068 rows=2414 loops=1)
                           Buffers: shared hit=1366497 read=65697
                           ->  Hash Join  (cost=580553.33..715938.33 rows=9514 width=20) (actual time=11840.831..13523.550 rows=52958 loops=1)
                                 Hash Cond: (ci.movie_id = t.id)
                                 Buffers: shared hit=1167236 read=53126
                                 ->  Nested Loop  (cost=0.44..123965.00 rows=3020080 width=8) (actual time=0.103..1007.202 rows=4008037 loops=1)
                                       Buffers: shared hit=2124 read=33417
                                       ->  Seq Scan on role_type rt  (cost=0.00..1.15 rows=1 width=4) (actual time=0.008..0.011 rows=1 loops=1)
                                             Filter: ((role)::text = 'producer'::text)
                                             Rows Removed by Filter: 11
                                             Buffers: shared hit=1
                                       ->  Index Scan using role_id_cast_info on cast_info ci  (cost=0.44..91017.52 rows=3294633 width=12) (actual time=0.093..674.496 rows=4008037 loops=1)
                                             Index Cond: (role_id = rt.id)
                                             Buffers: shared hit=2123 read=33417
                                 ->  Hash  (cost=580453.33..580453.33 rows=7965 width=12) (actual time=11840.536..11840.541 rows=64250 loops=1)
                                       Buckets: 65536 (originally 8192)  Batches: 1 (originally 1)  Memory Usage: 3273kB
                                       Buffers: shared hit=1165112 read=19709
                                       ->  Hash Join  (cost=13061.93..580453.33 rows=7965 width=12) (actual time=38.243..11808.500 rows=64250 loops=1)
                                             Hash Cond: (t.kind_id = kt.id)
                                             Buffers: shared hit=1165112 read=19709
                                             ->  Nested Loop  (cost=13060.79..580373.87 rows=18585 width=16) (actual time=38.203..11730.531 rows=287549 loops=1)
                                                   Buffers: shared hit=1165111 read=19709
                                                   ->  Bitmap Heap Scan on movie_info mi2  (cost=13060.35..475446.95 rows=19939 width=8) (actual time=38.151..947.872 rows=300748 loops=1)
                                                         Recheck Cond: (info_type_id = 4)
                                                         Filter: ((info)::text = ANY ('{Bulgarian,Czech,Dutch,French,German,Hebrew,Hungarian,Japanese,Spanish,Swedish}'::text[]))
                                                         Rows Removed by Filter: 998241
                                                         Heap Blocks: exact=8393
                                                         Buffers: shared hit=3413 read=5999
                                                         ->  Bitmap Index Scan on info_type_id_movie_info  (cost=0.00..13055.37 rows=1221191 width=0) (actual time=35.409..35.409 rows=1298989 loops=1)
                                                               Index Cond: (info_type_id = 4)
                                                               Buffers: shared read=1019
                                                   ->  Memoize  (cost=0.44..5.39 rows=1 width=8) (actual time=0.035..0.035 rows=1 loops=300748)
                                                         Cache Key: mi2.movie_id
                                                         Cache Mode: logical
                                                         Hits: 6896  Misses: 293852  Evictions: 215648  Overflows: 0  Memory Usage: 8193kB
                                                         Buffers: shared hit=1161698 read=13710
                                                         ->  Index Scan using title_pkey on title t  (cost=0.43..5.38 rows=1 width=8) (actual time=0.035..0.035 rows=1 loops=293852)
                                                               Index Cond: (id = mi2.movie_id)
                                                               Filter: ((production_year <= 2015) AND (1925 < production_year))
                                                               Rows Removed by Filter: 0
                                                               Buffers: shared hit=1161698 read=13710
                                             ->  Hash  (cost=1.10..1.10 rows=3 width=4) (actual time=0.018..0.020 rows=3 loops=1)
                                                   Buckets: 1024  Batches: 1  Memory Usage: 9kB
                                                   Buffers: shared hit=1
                                                   ->  Seq Scan on kind_type kt  (cost=0.00..1.10 rows=3 width=4) (actual time=0.010..0.012 rows=3 loops=1)
                                                         Filter: ((kind)::text = ANY ('{"tv movie","tv series","video game"}'::text[]))
                                                         Rows Removed by Filter: 4
                                                         Buffers: shared hit=1
                           ->  Index Scan using name_pkey on name n  (cost=0.43..2.32 rows=1 width=4) (actual time=0.017..0.017 rows=0 loops=52958)
                                 Index Cond: (id = ci.person_id)
                                 Filter: ((gender)::text = 'f'::text)
                                 Rows Removed by Filter: 1
                                 Buffers: shared hit=199261 read=12571
                     ->  Index Scan using movie_id_movie_info on movie_info mi1  (cost=0.46..42.19 rows=1 width=8) (actual time=0.058..0.059 rows=1 loops=2414)
                           Index Cond: (movie_id = ci.movie_id)
                           Filter: ((info_type_id = 3) AND ((info)::text = ANY ('{Action,Adult,Animation,Biography,Comedy,Documentary,Drama,Family,Horror}'::text[])))
                           Rows Removed by Filter: 10
                           Buffers: shared hit=18758 read=5875
 Planning:
   Buffers: shared hit=507 read=70
 Planning Time: 14.881 ms
 Execution Time: 14587.991 ms
(79 rows)

