                                                                                            QUERY PLAN                                                                                            
--------------------------------------------------------------------------------------------------------------------------------------------------------------------------------------------------
 Aggregate  (cost=599943.98..599943.99 rows=1 width=8) (actual time=19144.802..19144.812 rows=1 loops=1)
   Buffers: shared hit=1629332 read=332420, temp read=1890 written=1890
   ->  Nested Loop  (cost=94168.46..599943.85 rows=51 width=0) (actual time=540.921..19142.001 rows=8343 loops=1)
         Buffers: shared hit=1629332 read=332420, temp read=1890 written=1890
         ->  Seq Scan on info_type it2  (cost=0.00..2.41 rows=1 width=4) (actual time=0.036..0.047 rows=1 loops=1)
               Filter: (id = 4)
               Rows Removed by Filter: 112
               Buffers: shared hit=1
         ->  Nested Loop  (cost=94168.46..599940.93 rows=51 width=4) (actual time=540.884..19139.767 rows=8343 loops=1)
               Buffers: shared hit=1629331 read=332420, temp read=1890 written=1890
               ->  Seq Scan on info_type it1  (cost=0.00..2.41 rows=1 width=4) (actual time=0.009..0.022 rows=1 loops=1)
                     Filter: (id = 3)
                     Rows Removed by Filter: 112
                     Buffers: shared hit=1
               ->  Nested Loop  (cost=94168.46..599938.01 rows=51 width=8) (actual time=540.872..19137.619 rows=8343 loops=1)
                     Buffers: shared hit=1629330 read=332420, temp read=1890 written=1890
                     ->  Hash Join  (cost=94168.03..599655.02 rows=122 width=12) (actual time=540.825..18175.068 rows=27265 loops=1)
                           Hash Cond: (ci.role_id = rt.id)
                           Buffers: shared hit=1525951 read=326739, temp read=1890 written=1890
                           ->  Nested Loop  (cost=94166.86..599648.67 rows=1462 width=16) (actual time=540.402..18044.065 rows=764585 loops=1)
                                 Buffers: shared hit=1525950 read=326739, temp read=1890 written=1890
                                 ->  Nested Loop  (cost=94166.42..595070.97 rows=102 width=20) (actual time=540.377..9608.891 rows=44069 loops=1)
                                       Buffers: shared hit=817481 read=150815, temp read=1890 written=1890
                                       ->  Hash Join  (cost=94165.99..437548.82 rows=3656 width=12) (actual time=540.306..1457.998 rows=84231 loops=1)
                                             Hash Cond: (mi1.movie_id = t.id)
                                             Buffers: shared hit=33878 read=13489, temp read=1890 written=1890
                                             ->  Bitmap Heap Scan on movie_info mi1  (cost=16463.71..359581.30 rows=60983 width=8) (actual time=42.470..553.250 rows=603151 loops=1)
                                                   Recheck Cond: (info_type_id = 3)
                                                   Filter: ((info)::text = ANY ('{Drama,Short}'::text[]))
                                                   Rows Removed by Filter: 930758
                                                   Heap Blocks: exact=9772
                                                   Buffers: shared hit=807 read=10168
                                                   ->  Bitmap Index Scan on info_type_id_movie_info  (cost=0.00..16448.47 rows=1538671 width=0) (actual time=41.265..41.265 rows=1533909 loops=1)
                                                         Index Cond: (info_type_id = 3)
                                                         Buffers: shared read=1203
                                             ->  Hash  (cost=75807.58..75807.58 rows=151576 width=4) (actual time=496.397..496.400 rows=335746 loops=1)
                                                   Buckets: 262144 (originally 262144)  Batches: 2 (originally 1)  Memory Usage: 7957kB
                                                   Buffers: shared hit=33071 read=3321, temp written=491
                                                   ->  Hash Join  (cost=1.13..75807.58 rows=151576 width=4) (actual time=0.052..430.864 rows=335746 loops=1)
                                                         Hash Cond: (t.kind_id = kt.id)
                                                         Buffers: shared hit=33071 read=3321
                                                         ->  Seq Scan on title t  (cost=0.00..74315.95 rows=353677 width=8) (actual time=0.029..389.835 rows=347589 loops=1)
                                                               Filter: ((production_year <= 1975) AND (1925 < production_year))
                                                               Rows Removed by Filter: 2180723
                                                               Buffers: shared hit=33070 read=3321
                                                         ->  Hash  (cost=1.10..1.10 rows=3 width=4) (actual time=0.014..0.016 rows=3 loops=1)
                                                               Buckets: 1024  Batches: 1  Memory Usage: 9kB
                                                               Buffers: shared hit=1
                                                               ->  Seq Scan on kind_type kt  (cost=0.00..1.10 rows=3 width=4) (actual time=0.008..0.010 rows=3 loops=1)
                                                                     Filter: ((kind)::text = ANY ('{episode,movie,"tv movie"}'::text[]))
                                                                     Rows Removed by Filter: 4
                                                                     Buffers: shared hit=1
                                       ->  Index Scan using movie_id_movie_info on movie_info mi2  (cost=0.43..43.08 rows=1 width=8) (actual time=0.058..0.096 rows=1 loops=84231)
                                             Index Cond: (movie_id = t.id)
                                             Filter: ((info_type_id = 4) AND ((info)::text = ANY ('{English,German,Japanese}'::text[])))
                                             Rows Removed by Filter: 13
                                             Buffers: shared hit=783603 read=137326
                                 ->  Index Scan using movie_id_cast_info on cast_info ci  (cost=0.44..44.50 rows=38 width=12) (actual time=0.036..0.187 rows=17 loops=44069)
                                       Index Cond: (movie_id = t.id)
                                       Buffers: shared hit=708469 read=175924
                           ->  Hash  (cost=1.15..1.15 rows=1 width=4) (actual time=0.016..0.017 rows=1 loops=1)
                                 Buckets: 1024  Batches: 1  Memory Usage: 9kB
                                 Buffers: shared hit=1
                                 ->  Seq Scan on role_type rt  (cost=0.00..1.15 rows=1 width=4) (actual time=0.010..0.011 rows=1 loops=1)
                                       Filter: ((role)::text = 'cinematographer'::text)
                                       Rows Removed by Filter: 11
                                       Buffers: shared hit=1
                     ->  Index Scan using name_pkey on name n  (cost=0.43..2.32 rows=1 width=4) (actual time=0.035..0.035 rows=0 loops=27265)
                           Index Cond: (id = ci.person_id)
                           Filter: ((gender)::text = 'm'::text)
                           Rows Removed by Filter: 1
                           Buffers: shared hit=103379 read=5681
 Planning:
   Buffers: shared hit=529 read=45
 Planning Time: 14.165 ms
 Execution Time: 19145.477 ms
(76 rows)

