                                                                                               QUERY PLAN                                                                                               
--------------------------------------------------------------------------------------------------------------------------------------------------------------------------------------------------------
 Aggregate  (cost=460170.69..460170.70 rows=1 width=8) (actual time=13930.871..13930.879 rows=1 loops=1)
   Buffers: shared hit=1205646 read=201153
   ->  Nested Loop  (cost=13059.72..460170.67 rows=9 width=0) (actual time=295.367..13928.041 rows=11366 loops=1)
         Buffers: shared hit=1205646 read=201153
         ->  Seq Scan on info_type it2  (cost=0.00..2.41 rows=1 width=4) (actual time=0.035..0.042 rows=1 loops=1)
               Filter: (id = 4)
               Rows Removed by Filter: 112
               Buffers: shared hit=1
         ->  Nested Loop  (cost=13059.72..460168.17 rows=9 width=4) (actual time=295.330..13925.530 rows=11366 loops=1)
               Buffers: shared hit=1205645 read=201153
               ->  Seq Scan on info_type it1  (cost=0.00..2.41 rows=1 width=4) (actual time=0.009..0.018 rows=1 loops=1)
                     Filter: (id = 3)
                     Rows Removed by Filter: 112
                     Buffers: shared hit=1
               ->  Nested Loop  (cost=13059.72..460165.66 rows=9 width=8) (actual time=295.318..13922.827 rows=11366 loops=1)
                     Buffers: shared hit=1205644 read=201153
                     ->  Hash Join  (cost=13059.29..460114.63 rows=22 width=12) (actual time=47.816..11114.105 rows=76886 loops=1)
                           Hash Cond: (ci.role_id = rt.id)
                           Buffers: shared hit=922985 read=176268
                           ->  Nested Loop  (cost=13058.13..460112.55 rows=258 width=16) (actual time=47.738..11002.374 rows=527787 loops=1)
                                 Buffers: shared hit=922984 read=176268
                                 ->  Nested Loop  (cost=13057.69..459325.99 rows=18 width=20) (actual time=47.690..5336.889 rows=23306 loops=1)
                                       Buffers: shared hit=434397 read=80874
                                       ->  Hash Join  (cost=13057.25..440802.10 rows=437 width=12) (actual time=38.387..2582.578 rows=30465 loops=1)
                                             Hash Cond: (t.kind_id = kt.id)
                                             Buffers: shared hit=196884 read=28777
                                             ->  Nested Loop  (cost=13056.12..440796.66 rows=1019 width=16) (actual time=36.465..2565.807 rows=37876 loops=1)
                                                   Buffers: shared hit=196883 read=28777
                                                   ->  Bitmap Heap Scan on movie_info mi2  (cost=13055.69..430354.75 rows=1286 width=8) (actual time=36.378..650.684 rows=54062 loops=1)
                                                         Recheck Cond: (info_type_id = 4)
                                                         Filter: ((info)::text = ANY ('{Dutch,Hungarian,Mandarin,Persian,Polish,Serbo-Croatian,Tagalog}'::text[]))
                                                         Rows Removed by Filter: 1244927
                                                         Heap Blocks: exact=8393
                                                         Buffers: shared hit=535 read=8877
                                                         ->  Bitmap Index Scan on info_type_id_movie_info  (cost=0.00..13055.37 rows=1221191 width=0) (actual time=33.975..33.975 rows=1298989 loops=1)
                                                               Index Cond: (info_type_id = 4)
                                                               Buffers: shared read=1019
                                                   ->  Index Scan using title_pkey on title t  (cost=0.43..8.12 rows=1 width=8) (actual time=0.035..0.035 rows=1 loops=54062)
                                                         Index Cond: (id = mi2.movie_id)
                                                         Filter: ((production_year <= 2015) AND (1975 < production_year))
                                                         Rows Removed by Filter: 0
                                                         Buffers: shared hit=196348 read=19900
                                             ->  Hash  (cost=1.10..1.10 rows=3 width=4) (actual time=0.019..0.019 rows=3 loops=1)
                                                   Buckets: 1024  Batches: 1  Memory Usage: 9kB
                                                   Buffers: shared hit=1
                                                   ->  Seq Scan on kind_type kt  (cost=0.00..1.10 rows=3 width=4) (actual time=0.010..0.012 rows=3 loops=1)
                                                         Filter: ((kind)::text = ANY ('{episode,movie,"video movie"}'::text[]))
                                                         Rows Removed by Filter: 4
                                                         Buffers: shared hit=1
                                       ->  Index Scan using movie_id_movie_info on movie_info mi1  (cost=0.43..42.38 rows=1 width=8) (actual time=0.089..0.090 rows=1 loops=30465)
                                             Index Cond: (movie_id = t.id)
                                             Filter: ((info_type_id = 3) AND ((info)::text = ANY ('{Action,Comedy,Documentary,Drama,Short}'::text[])))
                                             Rows Removed by Filter: 10
                                             Buffers: shared hit=237513 read=52097
                                 ->  Index Scan using movie_id_cast_info on cast_info ci  (cost=0.44..43.32 rows=38 width=12) (actual time=0.036..0.237 rows=23 loops=23306)
                                       Index Cond: (movie_id = t.id)
                                       Buffers: shared hit=488587 read=95394
                           ->  Hash  (cost=1.15..1.15 rows=1 width=4) (actual time=0.017..0.018 rows=1 loops=1)
                                 Buckets: 1024  Batches: 1  Memory Usage: 9kB
                                 Buffers: shared hit=1
                                 ->  Seq Scan on role_type rt  (cost=0.00..1.15 rows=1 width=4) (actual time=0.010..0.011 rows=1 loops=1)
                                       Filter: ((role)::text = 'miscellaneous crew'::text)
                                       Rows Removed by Filter: 11
                                       Buffers: shared hit=1
                     ->  Index Scan using name_pkey on name n  (cost=0.43..2.32 rows=1 width=4) (actual time=0.036..0.036 rows=0 loops=76886)
                           Index Cond: (id = ci.person_id)
                           Filter: ((gender)::text = 'm'::text)
                           Rows Removed by Filter: 1
                           Buffers: shared hit=282659 read=24885
 Planning:
   Buffers: shared hit=529 read=45
 Planning Time: 12.739 ms
 Execution Time: 13931.420 ms
(73 rows)

