                                                                                                  QUERY PLAN                                                                                                  
--------------------------------------------------------------------------------------------------------------------------------------------------------------------------------------------------------------
 Aggregate  (cost=928335.43..928335.44 rows=1 width=8) (actual time=40382.924..40382.933 rows=1 loops=1)
   Buffers: shared hit=3377560 read=265752, temp read=9670 written=9259
   ->  Nested Loop  (cost=847739.55..928334.29 rows=457 width=0) (actual time=1979.225..40377.563 rows=15536 loops=1)
         Buffers: shared hit=3377560 read=265752, temp read=9670 written=9259
         ->  Seq Scan on info_type it2  (cost=0.00..2.41 rows=1 width=4) (actual time=0.043..0.057 rows=1 loops=1)
               Filter: (id = 4)
               Rows Removed by Filter: 112
               Buffers: shared hit=1
         ->  Nested Loop  (cost=847739.55..928327.30 rows=457 width=4) (actual time=1979.181..40373.041 rows=15536 loops=1)
               Buffers: shared hit=3377559 read=265752, temp read=9670 written=9259
               ->  Seq Scan on info_type it1  (cost=0.00..2.41 rows=1 width=4) (actual time=0.011..0.028 rows=1 loops=1)
                     Filter: (id = 3)
                     Rows Removed by Filter: 112
                     Buffers: shared hit=1
               ->  Nested Loop  (cost=847739.55..928320.32 rows=457 width=8) (actual time=1979.168..40368.364 rows=15536 loops=1)
                     Buffers: shared hit=3377558 read=265752, temp read=9670 written=9259
                     ->  Hash Join  (cost=847739.12..925794.36 rows=1089 width=12) (actual time=1977.383..38177.510 rows=50170 loops=1)
                           Hash Cond: (ci.role_id = rt.id)
                           Buffers: shared hit=3198181 read=244449, temp read=9670 written=9259
                           ->  Nested Loop  (cost=847737.94..925769.97 rows=6536 width=16) (actual time=1977.028..37930.730 rows=1131466 loops=1)
                                 Buffers: shared hit=3198180 read=244449, temp read=9670 written=9259
                                 ->  Nested Loop  (cost=847737.50..905826.56 rows=456 width=20) (actual time=1976.939..22635.665 rows=97125 loops=1)
                                       Buffers: shared hit=1995973 read=50638, temp read=9670 written=9259
                                       ->  Nested Loop  (cost=847737.36..905786.74 rows=1596 width=24) (actual time=1974.125..22356.351 rows=361130 loops=1)
                                             Join Filter: (t.id = mi1.movie_id)
                                             Buffers: shared hit=1995961 read=50638, temp read=9670 written=9259
                                             ->  Merge Join  (cost=847736.93..848674.23 rows=17027 width=16) (actual time=1973.954..2836.656 rows=506553 loops=1)
                                                   Merge Cond: (mi1.movie_id = mi2.movie_id)
                                                   Buffers: shared hit=3940 read=16447, temp read=9670 written=9259
                                                   ->  Sort  (cost=410650.10..410828.08 rows=71189 width=8) (actual time=880.788..1022.074 rows=659649 loops=1)
                                                         Sort Key: mi1.movie_id
                                                         Sort Method: external sort  Disk: 14256kB
                                                         Buffers: shared hit=1682 read=9293, temp read=3557 written=3566
                                                         ->  Bitmap Heap Scan on movie_info mi1  (cost=16466.26..404912.50 rows=71189 width=8) (actual time=43.242..653.581 rows=659650 loops=1)
                                                               Recheck Cond: (info_type_id = 3)
                                                               Filter: ((info)::text = ANY ('{Adult,Animation,Crime,Documentary,Short}'::text[]))
                                                               Rows Removed by Filter: 874259
                                                               Heap Blocks: exact=9772
                                                               Buffers: shared hit=1682 read=9293
                                                               ->  Bitmap Index Scan on info_type_id_movie_info  (cost=0.00..16448.47 rows=1538671 width=0) (actual time=42.050..42.050 rows=1533909 loops=1)
                                                                     Index Cond: (info_type_id = 3)
                                                                     Buffers: shared read=1203
                                                   ->  Sort  (cost=437086.83..437292.37 rows=82217 width=8) (actual time=1093.151..1328.764 rows=1125002 loops=1)
                                                         Sort Key: mi2.movie_id
                                                         Sort Method: external sort  Disk: 22760kB
                                                         Buffers: shared hit=2258 read=7154, temp read=5896 written=5693
                                                         ->  Bitmap Heap Scan on movie_info mi2  (cost=13075.92..430374.98 rows=82217 width=8) (actual time=56.594..661.585 rows=1052971 loops=1)
                                                               Recheck Cond: (info_type_id = 4)
                                                               Filter: ((info)::text = ANY ('{Danish,English,Finnish,French,German,Japanese,Spanish}'::text[]))
                                                               Rows Removed by Filter: 246018
                                                               Heap Blocks: exact=8393
                                                               Buffers: shared hit=2258 read=7154
                                                               ->  Bitmap Index Scan on info_type_id_movie_info  (cost=0.00..13055.37 rows=1221191 width=0) (actual time=55.402..55.403 rows=1298989 loops=1)
                                                                     Index Cond: (info_type_id = 4)
                                                                     Buffers: shared hit=1 read=1018
                                             ->  Index Scan using title_pkey on title t  (cost=0.43..3.34 rows=1 width=8) (actual time=0.038..0.038 rows=1 loops=506553)
                                                   Index Cond: (id = mi2.movie_id)
                                                   Filter: ((production_year <= 2015) AND (1990 < production_year))
                                                   Rows Removed by Filter: 0
                                                   Buffers: shared hit=1992021 read=34191
                                       ->  Memoize  (cost=0.14..0.16 rows=1 width=4) (actual time=0.000..0.000 rows=0 loops=361130)
                                             Cache Key: t.kind_id
                                             Cache Mode: logical
                                             Hits: 361124  Misses: 6  Evictions: 0  Overflows: 0  Memory Usage: 1kB
                                             Buffers: shared hit=12
                                             ->  Index Scan using kind_type_pkey on kind_type kt  (cost=0.13..0.15 rows=1 width=4) (actual time=0.022..0.022 rows=0 loops=6)
                                                   Index Cond: (id = t.kind_id)
                                                   Filter: ((kind)::text = ANY ('{episode,"video movie"}'::text[]))
                                                   Rows Removed by Filter: 1
                                                   Buffers: shared hit=12
                                 ->  Index Scan using movie_id_cast_info on cast_info ci  (cost=0.44..43.36 rows=38 width=12) (actual time=0.040..0.154 rows=12 loops=97125)
                                       Index Cond: (movie_id = t.id)
                                       Buffers: shared hit=1202207 read=193811
                           ->  Hash  (cost=1.15..1.15 rows=2 width=4) (actual time=0.021..0.022 rows=2 loops=1)
                                 Buckets: 1024  Batches: 1  Memory Usage: 9kB
                                 Buffers: shared hit=1
                                 ->  Seq Scan on role_type rt  (cost=0.00..1.15 rows=2 width=4) (actual time=0.011..0.013 rows=2 loops=1)
                                       Filter: ((role)::text = ANY ('{"costume designer",editor}'::text[]))
                                       Rows Removed by Filter: 10
                                       Buffers: shared hit=1
                     ->  Index Scan using name_pkey on name n  (cost=0.43..2.32 rows=1 width=4) (actual time=0.043..0.043 rows=0 loops=50170)
                           Index Cond: (id = ci.person_id)
                           Filter: ((gender)::text = 'm'::text)
                           Rows Removed by Filter: 1
                           Buffers: shared hit=179377 read=21303
 Planning:
   Buffers: shared hit=483 read=91
 Planning Time: 14.286 ms
 Execution Time: 40390.805 ms
(89 rows)

