                                                                                                  QUERY PLAN                                                                                                  
--------------------------------------------------------------------------------------------------------------------------------------------------------------------------------------------------------------
 Aggregate  (cost=998172.38..998172.39 rows=1 width=8) (actual time=46823.388..46823.398 rows=1 loops=1)
   Buffers: shared hit=4091320 read=488531, temp read=8456 written=7527
   ->  Nested Loop  (cost=879458.54..998168.55 rows=1529 width=0) (actual time=1150.355..46810.843 rows=51814 loops=1)
         Buffers: shared hit=4091320 read=488531, temp read=8456 written=7527
         ->  Hash Join  (cost=879458.11..992726.96 rows=2346 width=4) (actual time=1150.320..42796.561 rows=104881 loops=1)
               Hash Cond: (ci.role_id = rt.id)
               Buffers: shared hit=3722666 read=437661, temp read=8456 written=7527
               ->  Nested Loop  (cost=879456.93..992675.79 rows=14076 width=8) (actual time=1150.270..42509.086 rows=1391209 loops=1)
                     Buffers: shared hit=3722665 read=437661, temp read=8456 written=7527
                     ->  Nested Loop  (cost=879456.49..949764.64 rows=982 width=12) (actual time=1150.210..26074.880 rows=80692 loops=1)
                           Buffers: shared hit=2537041 read=51984, temp read=8456 written=7527
                           ->  Nested Loop  (cost=879456.49..949749.95 rows=982 width=16) (actual time=1150.204..26018.644 rows=80692 loops=1)
                                 Buffers: shared hit=2537040 read=51984, temp read=8456 written=7527
                                 ->  Nested Loop  (cost=879456.49..949735.26 rows=982 width=20) (actual time=1150.183..25963.657 rows=80692 loops=1)
                                       Buffers: shared hit=2537039 read=51984, temp read=8456 written=7527
                                       ->  Nested Loop  (cost=879456.35..949679.40 rows=2290 width=24) (actual time=1150.166..25600.429 rows=484489 loops=1)
                                             Buffers: shared hit=2537027 read=51984, temp read=8456 written=7527
                                             ->  Merge Join  (cost=879455.92..880524.44 rows=21263 width=16) (actual time=1150.093..2147.183 rows=642156 loops=1)
                                                   Merge Cond: (mi1.movie_id = mi2.movie_id)
                                                   Buffers: shared hit=7186 read=13201, temp read=8456 written=7527
                                                   ->  Sort  (cost=427401.55..427625.68 rows=89653 width=8) (actual time=554.341..752.199 rows=834344 loops=1)
                                                         Sort Key: mi1.movie_id
                                                         Sort Method: external merge  Disk: 14744kB
                                                         Buffers: shared hit=3408 read=7567, temp read=1843 written=1854
                                                         ->  Bitmap Heap Scan on movie_info mi1  (cost=16470.88..420026.66 rows=89653 width=8) (actual time=39.082..406.857 rows=834346 loops=1)
                                                               Recheck Cond: (info_type_id = 3)
                                                               Filter: ((info)::text = ANY ('{Action,Comedy,Documentary,Family,Short,Thriller}'::text[]))
                                                               Rows Removed by Filter: 699563
                                                               Heap Blocks: exact=9772
                                                               Buffers: shared hit=3408 read=7567
                                                               ->  Bitmap Index Scan on info_type_id_movie_info  (cost=0.00..16448.47 rows=1538671 width=0) (actual time=37.878..37.878 rows=1533909 loops=1)
                                                                     Index Cond: (info_type_id = 3)
                                                                     Buffers: shared read=1203
                                                   ->  Sort  (cost=452054.37..452258.18 rows=81525 width=8) (actual time=595.740..845.739 rows=1215932 loops=1)
                                                         Sort Key: mi2.movie_id
                                                         Sort Method: external sort  Disk: 22680kB
                                                         Buffers: shared hit=3778 read=5634, temp read=6136 written=5673
                                                         ->  Bitmap Heap Scan on movie_info mi2  (cost=13075.75..445403.99 rows=81525 width=8) (actual time=31.938..337.798 rows=1049450 loops=1)
                                                               Recheck Cond: (info_type_id = 4)
                                                               Filter: ((info)::text = ANY ('{Danish,Dutch,English,French,German,Portuguese,Spanish,Tagalog}'::text[]))
                                                               Rows Removed by Filter: 249539
                                                               Heap Blocks: exact=8393
                                                               Buffers: shared hit=3778 read=5634
                                                               ->  Bitmap Index Scan on info_type_id_movie_info  (cost=0.00..13055.37 rows=1221191 width=0) (actual time=30.886..30.887 rows=1298989 loops=1)
                                                                     Index Cond: (info_type_id = 4)
                                                                     Buffers: shared hit=1 read=1018
                                             ->  Index Scan using title_pkey on title t  (cost=0.43..3.25 rows=1 width=8) (actual time=0.036..0.036 rows=1 loops=642156)
                                                   Index Cond: (id = mi1.movie_id)
                                                   Filter: ((production_year <= 2015) AND (1975 < production_year))
                                                   Rows Removed by Filter: 0
                                                   Buffers: shared hit=2529841 read=38783
                                       ->  Memoize  (cost=0.14..0.16 rows=1 width=4) (actual time=0.000..0.000 rows=0 loops=484489)
                                             Cache Key: t.kind_id
                                             Cache Mode: logical
                                             Hits: 484483  Misses: 6  Evictions: 0  Overflows: 0  Memory Usage: 1kB
                                             Buffers: shared hit=12
                                             ->  Index Scan using kind_type_pkey on kind_type kt  (cost=0.13..0.15 rows=1 width=4) (actual time=0.011..0.011 rows=0 loops=6)
                                                   Index Cond: (id = t.kind_id)
                                                   Filter: ((kind)::text = ANY ('{"tv movie","tv series","video game"}'::text[]))
                                                   Rows Removed by Filter: 0
                                                   Buffers: shared hit=12
                                 ->  Materialize  (cost=0.00..2.42 rows=1 width=4) (actual time=0.000..0.000 rows=1 loops=80692)
                                       Buffers: shared hit=1
                                       ->  Seq Scan on info_type it1  (cost=0.00..2.41 rows=1 width=4) (actual time=0.013..0.018 rows=1 loops=1)
                                             Filter: (id = 3)
                                             Rows Removed by Filter: 112
                                             Buffers: shared hit=1
                           ->  Materialize  (cost=0.00..2.42 rows=1 width=4) (actual time=0.000..0.000 rows=1 loops=80692)
                                 Buffers: shared hit=1
                                 ->  Seq Scan on info_type it2  (cost=0.00..2.41 rows=1 width=4) (actual time=0.005..0.009 rows=1 loops=1)
                                       Filter: (id = 4)
                                       Rows Removed by Filter: 112
                                       Buffers: shared hit=1
                     ->  Index Scan using movie_id_cast_info on cast_info ci  (cost=0.44..43.32 rows=38 width=12) (actual time=0.036..0.198 rows=17 loops=80692)
                           Index Cond: (movie_id = t.id)
                           Buffers: shared hit=1185624 read=385677
               ->  Hash  (cost=1.15..1.15 rows=2 width=4) (actual time=0.031..0.032 rows=2 loops=1)
                     Buckets: 1024  Batches: 1  Memory Usage: 9kB
                     Buffers: shared hit=1
                     ->  Seq Scan on role_type rt  (cost=0.00..1.15 rows=2 width=4) (actual time=0.020..0.022 rows=2 loops=1)
                           Filter: ((role)::text = ANY ('{"production designer",writer}'::text[]))
                           Rows Removed by Filter: 10
                           Buffers: shared hit=1
         ->  Index Scan using name_pkey on name n  (cost=0.43..2.32 rows=1 width=4) (actual time=0.038..0.038 rows=0 loops=104881)
               Index Cond: (id = ci.person_id)
               Filter: ((gender)::text = ANY ('{f,m}'::text[]))
               Rows Removed by Filter: 1
               Buffers: shared hit=368654 read=50870
 Planning:
   Buffers: shared hit=482 read=92
 Planning Time: 8.559 ms
 Execution Time: 46836.091 ms
(92 rows)

