                                                                                            QUERY PLAN                                                                                            
--------------------------------------------------------------------------------------------------------------------------------------------------------------------------------------------------
 Aggregate  (cost=879091.85..879091.86 rows=1 width=8) (actual time=26219.636..26219.645 rows=1 loops=1)
   Buffers: shared hit=1915263 read=172446, temp read=7982 written=7982
   ->  Nested Loop  (cost=518970.35..879091.53 rows=127 width=0) (actual time=1613.479..26201.758 rows=107932 loops=1)
         Buffers: shared hit=1915263 read=172446, temp read=7982 written=7982
         ->  Seq Scan on info_type it2  (cost=0.00..2.41 rows=1 width=4) (actual time=0.037..0.044 rows=1 loops=1)
               Filter: (id = 4)
               Rows Removed by Filter: 112
               Buffers: shared read=1
         ->  Nested Loop  (cost=518970.35..879087.85 rows=127 width=4) (actual time=1613.440..26183.896 rows=107932 loops=1)
               Buffers: shared hit=1915263 read=172445, temp read=7982 written=7982
               ->  Seq Scan on info_type it1  (cost=0.00..2.41 rows=1 width=4) (actual time=0.008..0.015 rows=1 loops=1)
                     Filter: (id = 3)
                     Rows Removed by Filter: 112
                     Buffers: shared hit=1
               ->  Nested Loop  (cost=518970.35..879084.17 rows=127 width=8) (actual time=1613.431..26164.246 rows=107932 loops=1)
                     Join Filter: (t.id = mi2.movie_id)
                     Buffers: shared hit=1915262 read=172445, temp read=7982 written=7982
                     ->  Nested Loop  (cost=518969.92..697362.45 rows=4298 width=16) (actual time=1613.390..11778.809 rows=128728 loops=1)
                           Buffers: shared hit=512530 read=104901, temp read=7982 written=7982
                           ->  Hash Join  (cost=518969.49..654444.38 rows=18503 width=20) (actual time=1613.347..6950.212 rows=128785 loops=1)
                                 Hash Cond: (ci.movie_id = t.id)
                                 Buffers: shared hit=13474 read=88817, temp read=7982 written=7982
                                 ->  Nested Loop  (cost=0.44..123965.00 rows=3020080 width=8) (actual time=0.089..3438.458 rows=7451973 loops=1)
                                       Buffers: shared hit=5128 read=49796
                                       ->  Seq Scan on role_type rt  (cost=0.00..1.15 rows=1 width=4) (actual time=0.012..0.016 rows=1 loops=1)
                                             Filter: ((role)::text = 'actress'::text)
                                             Rows Removed by Filter: 11
                                             Buffers: shared hit=1
                                       ->  Index Scan using role_id_cast_info on cast_info ci  (cost=0.44..91017.52 rows=3294633 width=12) (actual time=0.075..2270.589 rows=7451973 loops=1)
                                             Index Cond: (role_id = rt.id)
                                             Buffers: shared hit=5127 read=49796
                                 ->  Hash  (cost=518775.42..518775.42 rows=15490 width=12) (actual time=1613.074..1613.079 rows=52659 loops=1)
                                       Buckets: 65536 (originally 16384)  Batches: 1 (originally 1)  Memory Usage: 2775kB
                                       Buffers: shared hit=8346 read=39021, temp read=7982 written=7982
                                       ->  Hash Join  (cost=111759.64..518775.42 rows=15490 width=12) (actual time=941.817..1602.989 rows=52659 loops=1)
                                             Hash Cond: (mi1.movie_id = t.id)
                                             Buffers: shared hit=8346 read=39021, temp read=7982 written=7982
                                             ->  Bitmap Heap Scan on movie_info mi1  (cost=16463.01..420018.79 rows=58162 width=8) (actual time=40.539..406.147 rows=559477 loops=1)
                                                   Recheck Cond: (info_type_id = 3)
                                                   Filter: ((info)::text = ANY ('{Action,Crime,Documentary,Drama,Music,Thriller}'::text[]))
                                                   Rows Removed by Filter: 974432
                                                   Heap Blocks: exact=9772
                                                   Buffers: shared hit=1 read=10974
                                                   ->  Bitmap Index Scan on info_type_id_movie_info  (cost=0.00..16448.47 rows=1538671 width=0) (actual time=39.344..39.344 rows=1533909 loops=1)
                                                         Index Cond: (info_type_id = 3)
                                                         Buffers: shared read=1203
                                             ->  Hash  (cost=84248.85..84248.85 rows=673342 width=4) (actual time=899.382..899.386 rows=1596357 loops=1)
                                                   Buckets: 262144 (originally 262144)  Batches: 16 (originally 8)  Memory Usage: 6145kB
                                                   Buffers: shared hit=8345 read=28047, temp written=4378
                                                   ->  Hash Join  (cost=1.11..84248.85 rows=673342 width=4) (actual time=0.051..680.753 rows=1596357 loops=1)
                                                         Hash Cond: (t.kind_id = kt.id)
                                                         Buffers: shared hit=8345 read=28047
                                                         ->  Seq Scan on title t  (cost=0.00..74315.95 rows=2356696 width=8) (actual time=0.028..457.575 rows=2352201 loops=1)
                                                               Filter: ((production_year <= 2015) AND (1925 < production_year))
                                                               Rows Removed by Filter: 176111
                                                               Buffers: shared hit=8344 read=28047
                                                         ->  Hash  (cost=1.09..1.09 rows=2 width=4) (actual time=0.013..0.015 rows=2 loops=1)
                                                               Buckets: 1024  Batches: 1  Memory Usage: 9kB
                                                               Buffers: shared hit=1
                                                               ->  Seq Scan on kind_type kt  (cost=0.00..1.09 rows=2 width=4) (actual time=0.008..0.009 rows=2 loops=1)
                                                                     Filter: ((kind)::text = ANY ('{episode,"video movie"}'::text[]))
                                                                     Rows Removed by Filter: 5
                                                                     Buffers: shared hit=1
                           ->  Index Scan using name_pkey on name n  (cost=0.43..2.32 rows=1 width=4) (actual time=0.037..0.037 rows=1 loops=128785)
                                 Index Cond: (id = ci.person_id)
                                 Filter: ((gender)::text = 'f'::text)
                                 Rows Removed by Filter: 0
                                 Buffers: shared hit=499056 read=16084
                     ->  Index Scan using movie_id_movie_info on movie_info mi2  (cost=0.43..42.27 rows=1 width=8) (actual time=0.060..0.111 rows=1 loops=128728)
                           Index Cond: (movie_id = ci.movie_id)
                           Filter: ((info_type_id = 4) AND ((info)::text = ANY ('{Dutch,English,Finnish,French,Hindi,Spanish}'::text[])))
                           Rows Removed by Filter: 12
                           Buffers: shared hit=1402732 read=67544
 Planning:
   Buffers: shared hit=486 read=88
 Planning Time: 12.691 ms
 Execution Time: 26220.256 ms
(77 rows)

