                                                                                                  QUERY PLAN                                                                                                  
--------------------------------------------------------------------------------------------------------------------------------------------------------------------------------------------------------------
 Aggregate  (cost=916324.93..916324.94 rows=1 width=8) (actual time=35994.299..35994.309 rows=1 loops=1)
   Buffers: shared hit=3253470 read=366004, temp read=10189 written=9411
   ->  Nested Loop  (cost=818212.95..916323.89 rows=415 width=0) (actual time=1212.376..35993.296 rows=739 loops=1)
         Buffers: shared hit=3253470 read=366004, temp read=10189 written=9411
         ->  Seq Scan on info_type it2  (cost=0.00..2.41 rows=1 width=4) (actual time=0.032..0.044 rows=1 loops=1)
               Filter: (id = 4)
               Rows Removed by Filter: 112
               Buffers: shared hit=1
         ->  Nested Loop  (cost=818212.95..916317.33 rows=415 width=4) (actual time=1212.343..35992.751 rows=739 loops=1)
               Buffers: shared hit=3253469 read=366004, temp read=10189 written=9411
               ->  Seq Scan on info_type it1  (cost=0.00..2.41 rows=1 width=4) (actual time=0.007..0.021 rows=1 loops=1)
                     Filter: (id = 3)
                     Rows Removed by Filter: 112
                     Buffers: shared hit=1
               ->  Nested Loop  (cost=818212.95..916310.77 rows=415 width=8) (actual time=1212.334..35992.286 rows=739 loops=1)
                     Buffers: shared hit=3253468 read=366004, temp read=10189 written=9411
                     ->  Hash Join  (cost=818212.52..914014.44 rows=990 width=12) (actual time=1107.305..35585.680 rows=10371 loops=1)
                           Hash Cond: (ci.role_id = rt.id)
                           Buffers: shared hit=3214462 read=363526, temp read=10189 written=9411
                           ->  Nested Loop  (cost=818211.36..913971.07 rows=11883 width=16) (actual time=1102.879..35378.161 rows=1179160 loops=1)
                                 Buffers: shared hit=3214461 read=363526, temp read=10189 written=9411
                                 ->  Nested Loop  (cost=818210.92..877745.68 rows=829 width=20) (actual time=1102.855..21876.330 rows=57769 loops=1)
                                       Buffers: shared hit=2213133 read=43418, temp read=10189 written=9411
                                       ->  Nested Loop  (cost=818210.78..877698.31 rows=1935 width=24) (actual time=1102.836..21590.902 rows=409858 loops=1)
                                             Buffers: shared hit=2213121 read=43418, temp read=10189 written=9411
                                             ->  Merge Join  (cost=818210.35..819182.11 rows=17964 width=16) (actual time=1102.759..1921.028 rows=559038 loops=1)
                                                   Merge Cond: (mi1.movie_id = mi2.movie_id)
                                                   Buffers: shared hit=12494 read=7893, temp read=10189 written=9411
                                                   ->  Sort  (cost=427360.19..427583.17 rows=89192 width=8) (actual time=612.093..775.377 rows=867080 loops=1)
                                                         Sort Key: mi1.movie_id
                                                         Sort Method: external sort  Disk: 18744kB
                                                         Buffers: shared hit=7124 read=3851, temp read=4677 written=4689
                                                         ->  Bitmap Heap Scan on movie_info mi1  (cost=16470.77..420026.55 rows=89192 width=8) (actual time=40.786..394.756 rows=867084 loops=1)
                                                               Recheck Cond: (info_type_id = 3)
                                                               Filter: ((info)::text = ANY ('{Documentary,Drama,Family,Romance,Short,Sport}'::text[]))
                                                               Rows Removed by Filter: 666825
                                                               Heap Blocks: exact=9772
                                                               Buffers: shared hit=7124 read=3851
                                                               ->  Bitmap Index Scan on info_type_id_movie_info  (cost=0.00..16448.47 rows=1538671 width=0) (actual time=39.566..39.566 rows=1533909 loops=1)
                                                                     Index Cond: (info_type_id = 3)
                                                                     Buffers: shared read=1203
                                                   ->  Sort  (cost=390850.15..391023.23 rows=69232 width=8) (actual time=490.655..689.463 rows=1024689 loops=1)
                                                         Sort Key: mi2.movie_id
                                                         Sort Method: external sort  Disk: 18880kB
                                                         Buffers: shared hit=5370 read=4042, temp read=5111 written=4722
                                                         ->  Bitmap Heap Scan on movie_info mi2  (cost=13072.68..385284.20 rows=69232 width=8) (actual time=30.914..276.437 rows=873274 loops=1)
                                                               Recheck Cond: (info_type_id = 4)
                                                               Filter: ((info)::text = ANY ('{English,Finnish,French,Italian}'::text[]))
                                                               Rows Removed by Filter: 425715
                                                               Heap Blocks: exact=8393
                                                               Buffers: shared hit=5370 read=4042
                                                               ->  Bitmap Index Scan on info_type_id_movie_info  (cost=0.00..13055.37 rows=1221191 width=0) (actual time=29.859..29.859 rows=1298989 loops=1)
                                                                     Index Cond: (info_type_id = 4)
                                                                     Buffers: shared hit=1 read=1018
                                             ->  Index Scan using title_pkey on title t  (cost=0.43..3.26 rows=1 width=8) (actual time=0.035..0.035 rows=1 loops=559038)
                                                   Index Cond: (id = mi1.movie_id)
                                                   Filter: ((production_year <= 2015) AND (1975 < production_year))
                                                   Rows Removed by Filter: 0
                                                   Buffers: shared hit=2200627 read=35525
                                       ->  Memoize  (cost=0.14..0.16 rows=1 width=4) (actual time=0.000..0.000 rows=0 loops=409858)
                                             Cache Key: t.kind_id
                                             Cache Mode: logical
                                             Hits: 409852  Misses: 6  Evictions: 0  Overflows: 0  Memory Usage: 1kB
                                             Buffers: shared hit=12
                                             ->  Index Scan using kind_type_pkey on kind_type kt  (cost=0.13..0.15 rows=1 width=4) (actual time=0.011..0.011 rows=0 loops=6)
                                                   Index Cond: (id = t.kind_id)
                                                   Filter: ((kind)::text = ANY ('{"tv movie","tv series","video game"}'::text[]))
                                                   Rows Removed by Filter: 0
                                                   Buffers: shared hit=12
                                 ->  Index Scan using movie_id_cast_info on cast_info ci  (cost=0.44..43.32 rows=38 width=12) (actual time=0.036..0.228 rows=20 loops=57769)
                                       Index Cond: (movie_id = t.id)
                                       Buffers: shared hit=1001328 read=320108
                           ->  Hash  (cost=1.15..1.15 rows=1 width=4) (actual time=0.018..0.019 rows=1 loops=1)
                                 Buckets: 1024  Batches: 1  Memory Usage: 9kB
                                 Buffers: shared hit=1
                                 ->  Seq Scan on role_type rt  (cost=0.00..1.15 rows=1 width=4) (actual time=0.009..0.010 rows=1 loops=1)
                                       Filter: ((role)::text = 'costume designer'::text)
                                       Rows Removed by Filter: 11
                                       Buffers: shared hit=1
                     ->  Index Scan using name_pkey on name n  (cost=0.43..2.32 rows=1 width=4) (actual time=0.038..0.038 rows=0 loops=10371)
                           Index Cond: (id = ci.person_id)
                           Filter: ((gender)::text = 'm'::text)
                           Rows Removed by Filter: 1
                           Buffers: shared hit=39006 read=2478
 Planning:
   Buffers: shared hit=506 read=68
 Planning Time: 12.511 ms
 Execution Time: 36006.844 ms
(88 rows)

