                                                                                               QUERY PLAN                                                                                               
--------------------------------------------------------------------------------------------------------------------------------------------------------------------------------------------------------
 Aggregate  (cost=678114.83..678114.84 rows=1 width=8) (actual time=32423.221..32423.229 rows=1 loops=1)
   Buffers: shared hit=2920000 read=419833
   ->  Nested Loop  (cost=13062.16..678114.41 rows=168 width=0) (actual time=45.650..32414.032 rows=41767 loops=1)
         Buffers: shared hit=2920000 read=419833
         ->  Hash Join  (cost=13061.73..677515.98 rows=258 width=4) (actual time=43.832..26695.118 rows=154460 loops=1)
               Hash Cond: (ci.role_id = rt.id)
               Buffers: shared hit=2358594 read=363399
               ->  Nested Loop  (cost=13060.55..677509.30 rows=1548 width=8) (actual time=43.388..26491.397 rows=968957 loops=1)
                     Buffers: shared hit=2358593 read=363399
                     ->  Nested Loop  (cost=13060.11..672789.95 rows=108 width=12) (actual time=43.340..15802.227 rows=44815 loops=1)
                           Buffers: shared hit=1499434 read=143080
                           ->  Seq Scan on info_type it2  (cost=0.00..2.41 rows=1 width=4) (actual time=0.023..0.031 rows=1 loops=1)
                                 Filter: (id = 4)
                                 Rows Removed by Filter: 112
                                 Buffers: shared hit=1
                           ->  Nested Loop  (cost=13060.11..672786.46 rows=108 width=16) (actual time=43.315..15790.879 rows=44815 loops=1)
                                 Buffers: shared hit=1499433 read=143080
                                 ->  Seq Scan on info_type it1  (cost=0.00..2.41 rows=1 width=4) (actual time=0.005..0.015 rows=1 loops=1)
                                       Filter: (id = 3)
                                       Rows Removed by Filter: 112
                                       Buffers: shared hit=1
                                 ->  Nested Loop  (cost=13060.11..672782.96 rows=108 width=20) (actual time=43.307..15779.367 rows=44815 loops=1)
                                       Buffers: shared hit=1499432 read=143080
                                       ->  Hash Join  (cost=13059.68..514948.51 rows=3719 width=12) (actual time=36.877..7285.944 rows=92839 loops=1)
                                             Hash Cond: (t.kind_id = kt.id)
                                             Buffers: shared hit=667754 read=46307
                                             ->  Nested Loop  (cost=13058.55..514910.81 rows=8677 width=16) (actual time=36.694..7232.422 rows=129666 loops=1)
                                                   Buffers: shared hit=667753 read=46307
                                                   ->  Bitmap Heap Scan on movie_info mi2  (cost=13058.11..445386.35 rows=10952 width=8) (actual time=36.646..787.826 rows=180983 loops=1)
                                                         Recheck Cond: (info_type_id = 4)
                                                         Filter: ((info)::text = ANY ('{Cantonese,Danish,Dutch,French,German,Polish,Russian,Serbo-Croatian}'::text[]))
                                                         Rows Removed by Filter: 1118006
                                                         Heap Blocks: exact=8393
                                                         Buffers: shared hit=74 read=9338
                                                         ->  Bitmap Index Scan on info_type_id_movie_info  (cost=0.00..13055.37 rows=1221191 width=0) (actual time=34.060..34.060 rows=1298989 loops=1)
                                                               Index Cond: (info_type_id = 4)
                                                               Buffers: shared read=1019
                                                   ->  Memoize  (cost=0.44..6.43 rows=1 width=8) (actual time=0.035..0.035 rows=1 loops=180983)
                                                         Cache Key: mi2.movie_id
                                                         Cache Mode: logical
                                                         Hits: 4821  Misses: 176162  Evictions: 89886  Overflows: 0  Memory Usage: 8193kB
                                                         Buffers: shared hit=667679 read=36969
                                                         ->  Index Scan using title_pkey on title t  (cost=0.43..6.42 rows=1 width=8) (actual time=0.034..0.034 rows=1 loops=176162)
                                                               Index Cond: (id = mi2.movie_id)
                                                               Filter: ((production_year <= 2015) AND (1975 < production_year))
                                                               Rows Removed by Filter: 0
                                                               Buffers: shared hit=667679 read=36969
                                             ->  Hash  (cost=1.10..1.10 rows=3 width=4) (actual time=0.013..0.014 rows=3 loops=1)
                                                   Buckets: 1024  Batches: 1  Memory Usage: 9kB
                                                   Buffers: shared hit=1
                                                   ->  Seq Scan on kind_type kt  (cost=0.00..1.10 rows=3 width=4) (actual time=0.007..0.009 rows=3 loops=1)
                                                         Filter: ((kind)::text = ANY ('{episode,movie,"video movie"}'::text[]))
                                                         Rows Removed by Filter: 4
                                                         Buffers: shared hit=1
                                       ->  Index Scan using movie_id_movie_info on movie_info mi1  (cost=0.43..42.43 rows=1 width=8) (actual time=0.090..0.091 rows=0 loops=92839)
                                             Index Cond: (movie_id = t.id)
                                             Filter: ((info_type_id = 3) AND ((info)::text = ANY ('{Action,Comedy,Crime,Horror,Music,Short}'::text[])))
                                             Rows Removed by Filter: 13
                                             Buffers: shared hit=831678 read=96773
                     ->  Index Scan using movie_id_cast_info on cast_info ci  (cost=0.44..43.32 rows=38 width=12) (actual time=0.037..0.232 rows=22 loops=44815)
                           Index Cond: (movie_id = t.id)
                           Buffers: shared hit=859159 read=220319
               ->  Hash  (cost=1.15..1.15 rows=2 width=4) (actual time=0.031..0.032 rows=2 loops=1)
                     Buckets: 1024  Batches: 1  Memory Usage: 9kB
                     Buffers: shared hit=1
                     ->  Seq Scan on role_type rt  (cost=0.00..1.15 rows=2 width=4) (actual time=0.025..0.027 rows=2 loops=1)
                           Filter: ((role)::text = ANY ('{composer,"miscellaneous crew"}'::text[]))
                           Rows Removed by Filter: 10
                           Buffers: shared hit=1
         ->  Index Scan using name_pkey on name n  (cost=0.43..2.32 rows=1 width=4) (actual time=0.036..0.036 rows=0 loops=154460)
               Index Cond: (id = ci.person_id)
               Filter: ((gender)::text = ANY ('{f,m}'::text[]))
               Rows Removed by Filter: 1
               Buffers: shared hit=561406 read=56434
 Planning:
   Buffers: shared hit=485 read=89
 Planning Time: 13.118 ms
 Execution Time: 32425.216 ms
(78 rows)

