                                                                                            QUERY PLAN                                                                                            
--------------------------------------------------------------------------------------------------------------------------------------------------------------------------------------------------
 Aggregate  (cost=673930.84..673930.85 rows=1 width=8) (actual time=49424.895..49424.907 rows=1 loops=1)
   Buffers: shared hit=4003542 read=538125, temp read=2927 written=2927
   ->  Nested Loop  (cost=90779.53..673930.59 rows=98 width=0) (actual time=551.875..49421.806 rows=5118 loops=1)
         Buffers: shared hit=4003542 read=538125, temp read=2927 written=2927
         ->  Seq Scan on info_type it2  (cost=0.00..2.41 rows=1 width=4) (actual time=0.046..0.057 rows=1 loops=1)
               Filter: (id = 4)
               Rows Removed by Filter: 112
               Buffers: shared hit=1
         ->  Nested Loop  (cost=90779.53..673927.20 rows=98 width=4) (actual time=551.827..49419.606 rows=5118 loops=1)
               Buffers: shared hit=4003541 read=538125, temp read=2927 written=2927
               ->  Seq Scan on info_type it1  (cost=0.00..2.41 rows=1 width=4) (actual time=0.009..0.025 rows=1 loops=1)
                     Filter: (id = 3)
                     Rows Removed by Filter: 112
                     Buffers: shared hit=1
               ->  Nested Loop  (cost=90779.53..673923.81 rows=98 width=8) (actual time=551.815..49417.433 rows=5118 loops=1)
                     Buffers: shared hit=4003540 read=538125, temp read=2927 written=2927
                     ->  Hash Join  (cost=90779.10..672949.61 rows=420 width=12) (actual time=551.756..40755.076 rows=211200 loops=1)
                           Hash Cond: (ci.role_id = rt.id)
                           Buffers: shared hit=3193940 read=502925, temp read=2927 written=2927
                           ->  Nested Loop  (cost=90777.93..672939.48 rows=2523 width=16) (actual time=551.652..40407.671 rows=1617572 loops=1)
                                 Buffers: shared hit=3193939 read=502925, temp read=2927 written=2927
                                 ->  Nested Loop  (cost=90777.49..665040.70 rows=176 width=20) (actual time=551.628..20558.493 rows=82062 loops=1)
                                       Buffers: shared hit=1615625 read=245443, temp read=2927 written=2927
                                       ->  Hash Join  (cost=90777.05..463326.21 rows=4654 width=12) (actual time=540.372..1915.461 rows=163156 loops=1)
                                             Hash Cond: (mi2.movie_id = t.id)
                                             Buffers: shared hit=16122 read=29682, temp read=2927 written=2927
                                             ->  Bitmap Heap Scan on movie_info mi2  (cost=13074.77..385286.29 rows=77627 width=8) (actual time=37.246..622.994 rows=988967 loops=1)
                                                   Recheck Cond: (info_type_id = 4)
                                                   Filter: ((info)::text = ANY ('{English,French,German,Spanish}'::text[]))
                                                   Rows Removed by Filter: 310022
                                                   Heap Blocks: exact=8393
                                                   Buffers: shared hit=14 read=9398
                                                   ->  Bitmap Index Scan on info_type_id_movie_info  (cost=0.00..13055.37 rows=1221191 width=0) (actual time=36.174..36.175 rows=1298989 loops=1)
                                                         Index Cond: (info_type_id = 4)
                                                         Buffers: shared read=1019
                                             ->  Hash  (cost=75807.58..75807.58 rows=151576 width=4) (actual time=500.112..500.116 rows=335746 loops=1)
                                                   Buckets: 262144 (originally 262144)  Batches: 2 (originally 1)  Memory Usage: 7957kB
                                                   Buffers: shared hit=16108 read=20284, temp written=491
                                                   ->  Hash Join  (cost=1.13..75807.58 rows=151576 width=4) (actual time=0.043..440.123 rows=335746 loops=1)
                                                         Hash Cond: (t.kind_id = kt.id)
                                                         Buffers: shared hit=16108 read=20284
                                                         ->  Seq Scan on title t  (cost=0.00..74315.95 rows=353677 width=8) (actual time=0.022..398.325 rows=347589 loops=1)
                                                               Filter: ((production_year <= 1975) AND (1925 < production_year))
                                                               Rows Removed by Filter: 2180723
                                                               Buffers: shared hit=16107 read=20284
                                                         ->  Hash  (cost=1.10..1.10 rows=3 width=4) (actual time=0.014..0.016 rows=3 loops=1)
                                                               Buckets: 1024  Batches: 1  Memory Usage: 9kB
                                                               Buffers: shared hit=1
                                                               ->  Seq Scan on kind_type kt  (cost=0.00..1.10 rows=3 width=4) (actual time=0.007..0.008 rows=3 loops=1)
                                                                     Filter: ((kind)::text = ANY ('{episode,movie,"tv movie"}'::text[]))
                                                                     Rows Removed by Filter: 4
                                                                     Buffers: shared hit=1
                                       ->  Index Scan using movie_id_movie_info on movie_info mi1  (cost=0.43..43.33 rows=1 width=8) (actual time=0.113..0.114 rows=1 loops=163156)
                                             Index Cond: (movie_id = t.id)
                                             Filter: ((info_type_id = 3) AND ((info)::text = ANY ('{Adult,Documentary,Drama,Musical,Romance,Short,Sport,Western}'::text[])))
                                             Rows Removed by Filter: 13
                                             Buffers: shared hit=1599503 read=215761
                                 ->  Index Scan using movie_id_cast_info on cast_info ci  (cost=0.44..44.50 rows=38 width=12) (actual time=0.040..0.236 rows=20 loops=82062)
                                       Index Cond: (movie_id = t.id)
                                       Buffers: shared hit=1578314 read=257482
                           ->  Hash  (cost=1.15..1.15 rows=2 width=4) (actual time=0.023..0.024 rows=2 loops=1)
                                 Buckets: 1024  Batches: 1  Memory Usage: 9kB
                                 Buffers: shared hit=1
                                 ->  Seq Scan on role_type rt  (cost=0.00..1.15 rows=2 width=4) (actual time=0.015..0.017 rows=2 loops=1)
                                       Filter: ((role)::text = ANY ('{director,writer}'::text[]))
                                       Rows Removed by Filter: 10
                                       Buffers: shared hit=1
                     ->  Index Scan using name_pkey on name n  (cost=0.43..2.32 rows=1 width=4) (actual time=0.040..0.040 rows=0 loops=211200)
                           Index Cond: (id = ci.person_id)
                           Filter: ((gender)::text = 'f'::text)
                           Rows Removed by Filter: 1
                           Buffers: shared hit=809600 read=35200
 Planning:
   Buffers: shared hit=487 read=87
 Planning Time: 14.313 ms
 Execution Time: 49425.581 ms
(76 rows)

