                                                                                            QUERY PLAN                                                                                            
--------------------------------------------------------------------------------------------------------------------------------------------------------------------------------------------------
 Aggregate  (cost=715469.17..715469.18 rows=1 width=8) (actual time=36586.093..36586.103 rows=1 loops=1)
   Buffers: shared hit=3153469 read=541201, temp read=2685 written=2685
   ->  Nested Loop  (cost=95925.14..715469.01 rows=65 width=0) (actual time=560.983..36584.051 rows=2497 loops=1)
         Buffers: shared hit=3153469 read=541201, temp read=2685 written=2685
         ->  Seq Scan on info_type it2  (cost=0.00..2.41 rows=1 width=4) (actual time=0.043..0.053 rows=1 loops=1)
               Filter: (id = 4)
               Rows Removed by Filter: 112
               Buffers: shared hit=1
         ->  Nested Loop  (cost=95925.14..715465.95 rows=65 width=4) (actual time=560.938..36582.669 rows=2497 loops=1)
               Buffers: shared hit=3153468 read=541201, temp read=2685 written=2685
               ->  Seq Scan on info_type it1  (cost=0.00..2.41 rows=1 width=4) (actual time=0.008..0.021 rows=1 loops=1)
                     Filter: (id = 3)
                     Rows Removed by Filter: 112
                     Buffers: shared hit=1
               ->  Nested Loop  (cost=95925.14..715462.89 rows=65 width=8) (actual time=560.927..36581.329 rows=2497 loops=1)
                     Buffers: shared hit=3153467 read=541201, temp read=2685 written=2685
                     ->  Hash Join  (cost=95924.71..715101.04 rows=156 width=12) (actual time=558.581..36178.823 rows=10238 loops=1)
                           Hash Cond: (ci.role_id = rt.id)
                           Buffers: shared hit=3116251 read=537465, temp read=2685 written=2685
                           ->  Nested Loop  (cost=95923.55..715093.21 rows=1878 width=16) (actual time=557.860..35891.184 rows=1629690 loops=1)
                                 Buffers: shared hit=3116250 read=537465, temp read=2685 written=2685
                                 ->  Nested Loop  (cost=95923.11..709256.60 rows=131 width=20) (actual time=557.830..17737.174 rows=93744 loops=1)
                                       Buffers: shared hit=1501128 read=270894, temp read=2685 written=2685
                                       ->  Hash Join  (cost=95922.67..516070.49 rows=4496 width=12) (actual time=557.756..1722.923 rows=155789 loops=1)
                                             Hash Cond: (mi1.movie_id = t.id)
                                             Buffers: shared hit=414 read=46953, temp read=2685 written=2685
                                             ->  Bitmap Heap Scan on movie_info mi1  (cost=16462.97..435128.30 rows=58008 width=8) (actual time=41.588..754.528 rows=569136 loops=1)
                                                   Recheck Cond: (info_type_id = 3)
                                                   Filter: ((info)::text = ANY ('{Adventure,Animation,Documentary,Drama,Music,Romance,Western}'::text[]))
                                                   Rows Removed by Filter: 964773
                                                   Heap Blocks: exact=9772
                                                   Buffers: shared hit=413 read=10562
                                                   ->  Bitmap Index Scan on info_type_id_movie_info  (cost=0.00..16448.47 rows=1538671 width=0) (actual time=40.372..40.372 rows=1533909 loops=1)
                                                         Index Cond: (info_type_id = 3)
                                                         Buffers: shared read=1203
                                             ->  Hash  (cost=76244.10..76244.10 rows=195968 width=4) (actual time=514.422..514.425 rows=439726 loops=1)
                                                   Buckets: 262144 (originally 262144)  Batches: 4 (originally 2)  Memory Usage: 6145kB
                                                   Buffers: shared hit=1 read=36391, temp written=966
                                                   ->  Hash Join  (cost=1.13..76244.10 rows=195968 width=4) (actual time=0.051..435.075 rows=439726 loops=1)
                                                         Hash Cond: (t.kind_id = kt.id)
                                                         Buffers: shared hit=1 read=36391
                                                         ->  Seq Scan on title t  (cost=0.00..74315.95 rows=457258 width=8) (actual time=0.026..381.590 rows=451569 loops=1)
                                                               Filter: ((production_year <= 1975) AND (1875 < production_year))
                                                               Rows Removed by Filter: 2076743
                                                               Buffers: shared read=36391
                                                         ->  Hash  (cost=1.10..1.10 rows=3 width=4) (actual time=0.013..0.014 rows=3 loops=1)
                                                               Buckets: 1024  Batches: 1  Memory Usage: 9kB
                                                               Buffers: shared hit=1
                                                               ->  Seq Scan on kind_type kt  (cost=0.00..1.10 rows=3 width=4) (actual time=0.008..0.009 rows=3 loops=1)
                                                                     Filter: ((kind)::text = ANY ('{episode,movie,"tv movie"}'::text[]))
                                                                     Rows Removed by Filter: 4
                                                                     Buffers: shared hit=1
                                       ->  Index Scan using movie_id_movie_info on movie_info mi2  (cost=0.43..42.96 rows=1 width=8) (actual time=0.057..0.102 rows=1 loops=155789)
                                             Index Cond: (movie_id = t.id)
                                             Filter: ((info_type_id = 4) AND ((info)::text = ANY ('{English,French,German,Italian,Russian}'::text[])))
                                             Rows Removed by Filter: 14
                                             Buffers: shared hit=1500714 read=223941
                                 ->  Index Scan using movie_id_cast_info on cast_info ci  (cost=0.44..44.17 rows=38 width=12) (actual time=0.036..0.188 rows=17 loops=93744)
                                       Index Cond: (movie_id = t.id)
                                       Buffers: shared hit=1615122 read=266571
                           ->  Hash  (cost=1.15..1.15 rows=1 width=4) (actual time=0.016..0.017 rows=1 loops=1)
                                 Buckets: 1024  Batches: 1  Memory Usage: 9kB
                                 Buffers: shared hit=1
                                 ->  Seq Scan on role_type rt  (cost=0.00..1.15 rows=1 width=4) (actual time=0.010..0.011 rows=1 loops=1)
                                       Filter: ((role)::text = 'production designer'::text)
                                       Rows Removed by Filter: 11
                                       Buffers: shared hit=1
                     ->  Index Scan using name_pkey on name n  (cost=0.43..2.32 rows=1 width=4) (actual time=0.038..0.038 rows=0 loops=10238)
                           Index Cond: (id = ci.person_id)
                           Filter: ((gender)::text = 'm'::text)
                           Rows Removed by Filter: 1
                           Buffers: shared hit=37216 read=3736
 Planning:
   Buffers: shared hit=482 read=92
 Planning Time: 13.268 ms
 Execution Time: 36586.666 ms
(76 rows)

