                                                                                               QUERY PLAN                                                                                               
--------------------------------------------------------------------------------------------------------------------------------------------------------------------------------------------------------
 Aggregate  (cost=462076.00..462076.01 rows=1 width=8) (actual time=4508.727..4508.733 rows=1 loops=1)
   Buffers: shared hit=366522 read=75459
   ->  Nested Loop  (cost=13060.76..462075.93 rows=27 width=0) (actual time=37.528..4508.379 rows=825 loops=1)
         Buffers: shared hit=366522 read=75459
         ->  Hash Join  (cost=13060.33..461980.83 rows=41 width=4) (actual time=37.485..4408.460 rows=2058 loops=1)
               Hash Cond: (ci.role_id = rt.id)
               Buffers: shared hit=360333 read=73416
               ->  Nested Loop  (cost=13059.16..461978.79 rows=244 width=8) (actual time=35.700..4402.943 rows=27720 loops=1)
                     Buffers: shared hit=360332 read=73416
                     ->  Nested Loop  (cost=13058.72..461235.29 rows=17 width=12) (actual time=35.660..3995.431 rows=2435 loops=1)
                           Buffers: shared hit=342381 read=57021
                           ->  Seq Scan on info_type it2  (cost=0.00..2.41 rows=1 width=4) (actual time=0.029..0.036 rows=1 loops=1)
                                 Filter: (id = 4)
                                 Rows Removed by Filter: 112
                                 Buffers: shared hit=1
                           ->  Nested Loop  (cost=13058.72..461232.70 rows=17 width=16) (actual time=35.629..3994.762 rows=2435 loops=1)
                                 Buffers: shared hit=342380 read=57021
                                 ->  Seq Scan on info_type it1  (cost=0.00..2.41 rows=1 width=4) (actual time=0.008..0.017 rows=1 loops=1)
                                       Filter: (id = 3)
                                       Rows Removed by Filter: 112
                                       Buffers: shared hit=1
                                 ->  Nested Loop  (cost=13058.72..461230.12 rows=17 width=20) (actual time=35.618..3994.077 rows=2435 loops=1)
                                       Buffers: shared hit=342379 read=57021
                                       ->  Hash Join  (cost=13058.28..394081.16 rows=1587 width=12) (actual time=35.304..3172.072 rows=9257 loops=1)
                                             Hash Cond: (t.kind_id = kt.id)
                                             Buffers: shared hit=278601 read=35016
                                             ->  Nested Loop  (cost=13057.15..394064.42 rows=3704 width=16) (actual time=35.262..3160.362 rows=46126 loops=1)
                                                   Buffers: shared hit=278600 read=35016
                                                   ->  Bitmap Heap Scan on movie_info mi2  (cost=13056.71..355209.87 rows=5373 width=8) (actual time=35.216..405.403 rows=76799 loops=1)
                                                         Recheck Cond: (info_type_id = 4)
                                                         Filter: ((info)::text = ANY ('{Dutch,French}'::text[]))
                                                         Rows Removed by Filter: 1222190
                                                         Heap Blocks: exact=8393
                                                         Buffers: shared hit=3288 read=6124
                                                         ->  Bitmap Index Scan on info_type_id_movie_info  (cost=0.00..13055.37 rows=1221191 width=0) (actual time=33.286..33.286 rows=1298989 loops=1)
                                                               Index Cond: (info_type_id = 4)
                                                               Buffers: shared read=1019
                                                   ->  Memoize  (cost=0.44..7.27 rows=1 width=8) (actual time=0.035..0.035 rows=1 loops=76799)
                                                         Cache Key: mi2.movie_id
                                                         Cache Mode: logical
                                                         Hits: 748  Misses: 76051  Evictions: 0  Overflows: 0  Memory Usage: 6834kB
                                                         Buffers: shared hit=275312 read=28892
                                                         ->  Index Scan using title_pkey on title t  (cost=0.43..7.26 rows=1 width=8) (actual time=0.035..0.035 rows=1 loops=76051)
                                                               Index Cond: (id = mi2.movie_id)
                                                               Filter: ((production_year <= 2015) AND (1990 < production_year))
                                                               Rows Removed by Filter: 0
                                                               Buffers: shared hit=275312 read=28892
                                             ->  Hash  (cost=1.10..1.10 rows=3 width=4) (actual time=0.018..0.018 rows=3 loops=1)
                                                   Buckets: 1024  Batches: 1  Memory Usage: 9kB
                                                   Buffers: shared hit=1
                                                   ->  Seq Scan on kind_type kt  (cost=0.00..1.10 rows=3 width=4) (actual time=0.008..0.010 rows=3 loops=1)
                                                         Filter: ((kind)::text = ANY ('{"tv movie","tv series","video game"}'::text[]))
                                                         Rows Removed by Filter: 4
                                                         Buffers: shared hit=1
                                       ->  Index Scan using movie_id_movie_info on movie_info mi1  (cost=0.43..42.30 rows=1 width=8) (actual time=0.088..0.088 rows=0 loops=9257)
                                             Index Cond: (movie_id = t.id)
                                             Filter: ((info_type_id = 3) AND ((info)::text = ANY ('{Adult,Biography,Documentary}'::text[])))
                                             Rows Removed by Filter: 8
                                             Buffers: shared hit=63778 read=22005
                     ->  Index Scan using movie_id_cast_info on cast_info ci  (cost=0.44..43.36 rows=38 width=12) (actual time=0.043..0.164 rows=11 loops=2435)
                           Index Cond: (movie_id = t.id)
                           Buffers: shared hit=17951 read=16395
               ->  Hash  (cost=1.15..1.15 rows=2 width=4) (actual time=0.037..0.037 rows=2 loops=1)
                     Buckets: 1024  Batches: 1  Memory Usage: 9kB
                     Buffers: shared hit=1
                     ->  Seq Scan on role_type rt  (cost=0.00..1.15 rows=2 width=4) (actual time=0.028..0.030 rows=2 loops=1)
                           Filter: ((role)::text = ANY ('{"costume designer",writer}'::text[]))
                           Rows Removed by Filter: 10
                           Buffers: shared hit=1
         ->  Index Scan using name_pkey on name n  (cost=0.43..2.32 rows=1 width=4) (actual time=0.048..0.048 rows=0 loops=2058)
               Index Cond: (id = ci.person_id)
               Filter: ((gender)::text = ANY ('{f,m}'::text[]))
               Rows Removed by Filter: 1
               Buffers: shared hit=6189 read=2043
 Planning:
   Buffers: shared hit=529 read=45
 Planning Time: 10.137 ms
 Execution Time: 4510.456 ms
(78 rows)

