                                                                                                  QUERY PLAN                                                                                                  
--------------------------------------------------------------------------------------------------------------------------------------------------------------------------------------------------------------
 Aggregate  (cost=914350.79..914350.80 rows=1 width=8) (actual time=96654.096..96654.105 rows=1 loops=1)
   Buffers: shared hit=8032094 read=1081846, temp read=7542 written=6828
   ->  Nested Loop  (cost=818049.10..914347.98 rows=1124 width=0) (actual time=1865.985..96632.890 rows=69792 loops=1)
         Buffers: shared hit=8032094 read=1081846, temp read=7542 written=6828
         ->  Hash Join  (cost=818048.67..910346.81 rows=1725 width=4) (actual time=1865.930..87774.727 rows=218668 loops=1)
               Hash Cond: (ci.role_id = rt.id)
               Buffers: shared hit=7236489 read=1002779, temp read=7542 written=6828
               ->  Nested Loop  (cost=818047.49..910308.88 rows=10349 width=8) (actual time=1865.219..86755.518 rows=5261050 loops=1)
                     Buffers: shared hit=7236488 read=1002779, temp read=7542 written=6828
                     ->  Nested Loop  (cost=818047.05..878731.82 rows=722 width=12) (actual time=1865.191..23394.730 rows=331832 loops=1)
                           Buffers: shared hit=2113109 read=36628, temp read=7542 written=6828
                           ->  Nested Loop  (cost=818047.05..878720.38 rows=722 width=16) (actual time=1865.185..23159.334 rows=331832 loops=1)
                                 Buffers: shared hit=2113108 read=36628, temp read=7542 written=6828
                                 ->  Nested Loop  (cost=818047.05..878708.94 rows=722 width=20) (actual time=1865.164..22929.201 rows=331832 loops=1)
                                       Buffers: shared hit=2113107 read=36628, temp read=7542 written=6828
                                       ->  Nested Loop  (cost=818046.91..878667.58 rows=1684 width=24) (actual time=1865.000..22584.077 rows=378463 loops=1)
                                             Buffers: shared hit=2113095 read=36628, temp read=7542 written=6828
                                             ->  Merge Join  (cost=818046.48..819014.02 rows=17975 width=16) (actual time=1864.950..2790.558 rows=532334 loops=1)
                                                   Merge Cond: (mi1.movie_id = mi2.movie_id)
                                                   Buffers: shared hit=12274 read=8113, temp read=7542 written=6828
                                                   ->  Sort  (cost=411787.08..411997.11 rows=84011 width=8) (actual time=741.462..928.282 rows=813958 loops=1)
                                                         Sort Key: mi1.movie_id
                                                         Sort Method: external merge  Disk: 14384kB
                                                         Buffers: shared hit=2862 read=8113, temp read=1798 written=1809
                                                         ->  Bitmap Heap Scan on movie_info mi1  (cost=16469.47..404915.70 rows=84011 width=8) (actual time=43.666..557.792 rows=813958 loops=1)
                                                               Recheck Cond: (info_type_id = 3)
                                                               Filter: ((info)::text = ANY ('{Biography,Documentary,Drama,Music,Short}'::text[]))
                                                               Rows Removed by Filter: 719951
                                                               Heap Blocks: exact=9772
                                                               Buffers: shared hit=2862 read=8113
                                                               ->  Bitmap Index Scan on info_type_id_movie_info  (cost=0.00..16448.47 rows=1538671 width=0) (actual time=42.427..42.428 rows=1533909 loops=1)
                                                                     Index Cond: (info_type_id = 3)
                                                                     Buffers: shared hit=1 read=1202
                                                   ->  Sort  (cost=406259.40..406443.27 rows=73547 width=8) (actual time=1123.476..1359.147 rows=1061895 loops=1)
                                                         Sort Key: mi2.movie_id
                                                         Sort Method: external sort  Disk: 20064kB
                                                         Buffers: shared hit=9412, temp read=5375 written=5019
                                                         ->  Bitmap Heap Scan on movie_info mi2  (cost=13073.75..400314.45 rows=73547 width=8) (actual time=61.958..698.345 rows=928085 loops=1)
                                                               Recheck Cond: (info_type_id = 4)
                                                               Filter: ((info)::text = ANY ('{Danish,English,Japanese,Mandarin,Spanish}'::text[]))
                                                               Rows Removed by Filter: 370904
                                                               Heap Blocks: exact=8393
                                                               Buffers: shared hit=9412
                                                               ->  Bitmap Index Scan on info_type_id_movie_info  (cost=0.00..13055.37 rows=1221191 width=0) (actual time=59.690..59.690 rows=1298989 loops=1)
                                                                     Index Cond: (info_type_id = 4)
                                                                     Buffers: shared hit=1019
                                             ->  Index Scan using title_pkey on title t  (cost=0.43..3.32 rows=1 width=8) (actual time=0.036..0.036 rows=1 loops=532334)
                                                   Index Cond: (id = mi1.movie_id)
                                                   Filter: ((production_year <= 2015) AND (1990 < production_year))
                                                   Rows Removed by Filter: 0
                                                   Buffers: shared hit=2100821 read=28515
                                       ->  Memoize  (cost=0.14..0.16 rows=1 width=4) (actual time=0.000..0.000 rows=1 loops=378463)
                                             Cache Key: t.kind_id
                                             Cache Mode: logical
                                             Hits: 378457  Misses: 6  Evictions: 0  Overflows: 0  Memory Usage: 1kB
                                             Buffers: shared hit=12
                                             ->  Index Scan using kind_type_pkey on kind_type kt  (cost=0.13..0.15 rows=1 width=4) (actual time=0.011..0.011 rows=0 loops=6)
                                                   Index Cond: (id = t.kind_id)
                                                   Filter: ((kind)::text = ANY ('{episode,movie,"video movie"}'::text[]))
                                                   Rows Removed by Filter: 0
                                                   Buffers: shared hit=12
                                 ->  Materialize  (cost=0.00..2.42 rows=1 width=4) (actual time=0.000..0.000 rows=1 loops=331832)
                                       Buffers: shared hit=1
                                       ->  Seq Scan on info_type it1  (cost=0.00..2.41 rows=1 width=4) (actual time=0.019..0.023 rows=1 loops=1)
                                             Filter: (id = 3)
                                             Rows Removed by Filter: 112
                                             Buffers: shared hit=1
                           ->  Materialize  (cost=0.00..2.42 rows=1 width=4) (actual time=0.000..0.000 rows=1 loops=331832)
                                 Buffers: shared hit=1
                                 ->  Seq Scan on info_type it2  (cost=0.00..2.41 rows=1 width=4) (actual time=0.005..0.009 rows=1 loops=1)
                                       Filter: (id = 4)
                                       Rows Removed by Filter: 112
                                       Buffers: shared hit=1
                     ->  Index Scan using movie_id_cast_info on cast_info ci  (cost=0.44..43.36 rows=38 width=12) (actual time=0.038..0.186 rows=16 loops=331832)
                           Index Cond: (movie_id = t.id)
                           Buffers: shared hit=5123379 read=966151
               ->  Hash  (cost=1.15..1.15 rows=2 width=4) (actual time=0.034..0.035 rows=2 loops=1)
                     Buckets: 1024  Batches: 1  Memory Usage: 9kB
                     Buffers: shared hit=1
                     ->  Seq Scan on role_type rt  (cost=0.00..1.15 rows=2 width=4) (actual time=0.026..0.028 rows=2 loops=1)
                           Filter: ((role)::text = ANY ('{composer,"costume designer"}'::text[]))
                           Rows Removed by Filter: 10
                           Buffers: shared hit=1
         ->  Index Scan using name_pkey on name n  (cost=0.43..2.32 rows=1 width=4) (actual time=0.040..0.040 rows=0 loops=218668)
               Index Cond: (id = ci.person_id)
               Filter: ((gender)::text = ANY ('{f,m}'::text[]))
               Rows Removed by Filter: 1
               Buffers: shared hit=795605 read=79067
 Planning:
   Buffers: shared hit=574
 Planning Time: 13.754 ms
 Execution Time: 96665.628 ms
(92 rows)

