                                                                                            QUERY PLAN                                                                                            
--------------------------------------------------------------------------------------------------------------------------------------------------------------------------------------------------
 Aggregate  (cost=672098.55..672098.56 rows=1 width=8) (actual time=1898.992..1899.001 rows=1 loops=1)
   Buffers: shared hit=109665 read=60045, temp read=1495 written=1495
   ->  Nested Loop  (cost=92534.78..672098.38 rows=68 width=0) (actual time=413.188..1898.947 rows=91 loops=1)
         Buffers: shared hit=109665 read=60045, temp read=1495 written=1495
         ->  Seq Scan on info_type it2  (cost=0.00..2.41 rows=1 width=4) (actual time=0.034..0.044 rows=1 loops=1)
               Filter: (id = 4)
               Rows Removed by Filter: 112
               Buffers: shared hit=1
         ->  Nested Loop  (cost=92534.78..672095.29 rows=68 width=4) (actual time=413.153..1898.873 rows=91 loops=1)
               Buffers: shared hit=109664 read=60045, temp read=1495 written=1495
               ->  Seq Scan on info_type it1  (cost=0.00..2.41 rows=1 width=4) (actual time=0.010..0.023 rows=1 loops=1)
                     Filter: (id = 3)
                     Rows Removed by Filter: 112
                     Buffers: shared hit=1
               ->  Nested Loop  (cost=92534.78..672092.20 rows=68 width=8) (actual time=413.139..1898.817 rows=91 loops=1)
                     Buffers: shared hit=109663 read=60045, temp read=1495 written=1495
                     ->  Hash Join  (cost=92534.35..671718.76 rows=161 width=12) (actual time=411.794..1883.975 rows=311 loops=1)
                           Hash Cond: (ci.role_id = rt.id)
                           Buffers: shared hit=108749 read=59715, temp read=1495 written=1495
                           ->  Nested Loop  (cost=92533.19..671710.72 rows=1935 width=16) (actual time=411.491..1879.474 rows=34323 loops=1)
                                 Buffers: shared hit=108748 read=59715, temp read=1495 written=1495
                                 ->  Nested Loop  (cost=92532.75..665695.89 rows=135 width=20) (actual time=411.461..1455.305 rows=3919 loops=1)
                                       Buffers: shared hit=76618 read=46684, temp read=1495 written=1495
                                       ->  Hash Join  (cost=92532.31..436303.51 rows=5345 width=12) (actual time=411.398..831.820 rows=7514 loops=1)
                                             Hash Cond: (mi2.movie_id = t.id)
                                             Buffers: shared hit=13228 read=32576, temp read=1495 written=1495
                                             ->  Bitmap Heap Scan on movie_info mi2  (cost=13072.61..355225.77 rows=68957 width=8) (actual time=34.404..275.675 rows=864888 loops=1)
                                                   Recheck Cond: (info_type_id = 4)
                                                   Filter: ((info)::text = ANY ('{English,Spanish}'::text[]))
                                                   Rows Removed by Filter: 434101
                                                   Heap Blocks: exact=8393
                                                   Buffers: shared hit=9412
                                                   ->  Bitmap Index Scan on info_type_id_movie_info  (cost=0.00..13055.37 rows=1221191 width=0) (actual time=33.368..33.368 rows=1298989 loops=1)
                                                         Index Cond: (info_type_id = 4)
                                                         Buffers: shared hit=1019
                                             ->  Hash  (cost=76244.10..76244.10 rows=195968 width=4) (actual time=374.043..374.046 rows=11843 loops=1)
                                                   Buckets: 262144  Batches: 2  Memory Usage: 2260kB
                                                   Buffers: shared hit=3816 read=32576, temp written=17
                                                   ->  Hash Join  (cost=1.13..76244.10 rows=195968 width=4) (actual time=0.105..371.399 rows=11843 loops=1)
                                                         Hash Cond: (t.kind_id = kt.id)
                                                         Buffers: shared hit=3816 read=32576
                                                         ->  Seq Scan on title t  (cost=0.00..74315.95 rows=457258 width=8) (actual time=0.018..345.684 rows=451569 loops=1)
                                                               Filter: ((production_year <= 1975) AND (1875 < production_year))
                                                               Rows Removed by Filter: 2076743
                                                               Buffers: shared hit=3815 read=32576
                                                         ->  Hash  (cost=1.10..1.10 rows=3 width=4) (actual time=0.015..0.016 rows=3 loops=1)
                                                               Buckets: 1024  Batches: 1  Memory Usage: 9kB
                                                               Buffers: shared hit=1
                                                               ->  Seq Scan on kind_type kt  (cost=0.00..1.10 rows=3 width=4) (actual time=0.008..0.009 rows=3 loops=1)
                                                                     Filter: ((kind)::text = ANY ('{"tv series","video game","video movie"}'::text[]))
                                                                     Rows Removed by Filter: 4
                                                                     Buffers: shared hit=1
                                       ->  Index Scan using movie_id_movie_info on movie_info mi1  (cost=0.43..42.91 rows=1 width=8) (actual time=0.081..0.083 rows=1 loops=7514)
                                             Index Cond: (movie_id = t.id)
                                             Filter: ((info_type_id = 3) AND ((info)::text = ANY ('{Comedy,Documentary,Drama,Horror}'::text[])))
                                             Rows Removed by Filter: 11
                                             Buffers: shared hit=63390 read=14108
                                 ->  Index Scan using movie_id_cast_info on cast_info ci  (cost=0.44..44.17 rows=38 width=12) (actual time=0.032..0.106 rows=9 loops=3919)
                                       Index Cond: (movie_id = t.id)
                                       Buffers: shared hit=32130 read=13031
                           ->  Hash  (cost=1.15..1.15 rows=1 width=4) (actual time=0.017..0.018 rows=1 loops=1)
                                 Buckets: 1024  Batches: 1  Memory Usage: 9kB
                                 Buffers: shared hit=1
                                 ->  Seq Scan on role_type rt  (cost=0.00..1.15 rows=1 width=4) (actual time=0.010..0.011 rows=1 loops=1)
                                       Filter: ((role)::text = 'cinematographer'::text)
                                       Rows Removed by Filter: 11
                                       Buffers: shared hit=1
                     ->  Index Scan using name_pkey on name n  (cost=0.43..2.32 rows=1 width=4) (actual time=0.047..0.047 rows=0 loops=311)
                           Index Cond: (id = ci.person_id)
                           Filter: ((gender)::text = 'm'::text)
                           Rows Removed by Filter: 1
                           Buffers: shared hit=914 read=330
 Planning:
   Buffers: shared hit=574
 Planning Time: 12.826 ms
 Execution Time: 1899.613 ms
(76 rows)

