                                                                                               QUERY PLAN                                                                                               
--------------------------------------------------------------------------------------------------------------------------------------------------------------------------------------------------------
 Aggregate  (cost=493068.62..493068.63 rows=1 width=8) (actual time=8521.354..8521.361 rows=1 loops=1)
   Buffers: shared hit=644989 read=45369
   ->  Nested Loop  (cost=13061.93..493068.59 rows=13 width=0) (actual time=811.356..8521.050 rows=455 loops=1)
         Buffers: shared hit=644989 read=45369
         ->  Hash Join  (cost=13061.50..492996.68 rows=31 width=4) (actual time=74.199..8466.869 rows=1012 loops=1)
               Hash Cond: (ci.role_id = rt.id)
               Buffers: shared hit=641957 read=44353
               ->  Nested Loop  (cost=13060.32..492994.84 rows=186 width=8) (actual time=73.991..8464.127 rows=9622 loops=1)
                     Buffers: shared hit=641956 read=44353
                     ->  Nested Loop  (cost=13059.88..492417.98 rows=13 width=12) (actual time=73.923..8305.161 rows=726 loops=1)
                           Buffers: shared hit=634366 read=40308
                           ->  Seq Scan on info_type it2  (cost=0.00..2.41 rows=1 width=4) (actual time=0.023..0.029 rows=1 loops=1)
                                 Filter: (id = 4)
                                 Rows Removed by Filter: 112
                                 Buffers: shared hit=1
                           ->  Nested Loop  (cost=13059.88..492415.44 rows=13 width=16) (actual time=73.898..8304.805 rows=726 loops=1)
                                 Buffers: shared hit=634365 read=40308
                                 ->  Seq Scan on info_type it1  (cost=0.00..2.41 rows=1 width=4) (actual time=0.008..0.015 rows=1 loops=1)
                                       Filter: (id = 3)
                                       Rows Removed by Filter: 112
                                       Buffers: shared hit=1
                                 ->  Nested Loop  (cost=13059.88..492412.89 rows=13 width=20) (actual time=73.887..8304.446 rows=726 loops=1)
                                       Buffers: shared hit=634364 read=40308
                                       ->  Hash Join  (cost=13059.45..465644.76 rows=624 width=12) (actual time=45.021..7892.483 rows=3826 loops=1)
                                             Hash Cond: (t.kind_id = kt.id)
                                             Buffers: shared hit=606801 read=34296
                                             ->  Nested Loop  (cost=13058.33..465634.45 rows=2182 width=16) (actual time=35.834..7882.529 rows=36290 loops=1)
                                                   Buffers: shared hit=606800 read=34296
                                                   ->  Bitmap Heap Scan on movie_info mi2  (cost=13057.89..400298.59 rows=10107 width=8) (actual time=34.879..649.941 rows=159121 loops=1)
                                                         Recheck Cond: (info_type_id = 4)
                                                         Filter: ((info)::text = ANY ('{Cantonese,Hindi,Japanese,Spanish,Swedish}'::text[]))
                                                         Rows Removed by Filter: 1139868
                                                         Heap Blocks: exact=8393
                                                         Buffers: shared hit=9412
                                                         ->  Bitmap Index Scan on info_type_id_movie_info  (cost=0.00..13055.37 rows=1221191 width=0) (actual time=32.680..32.680 rows=1298989 loops=1)
                                                               Index Cond: (info_type_id = 4)
                                                               Buffers: shared hit=1019
                                                   ->  Memoize  (cost=0.44..6.54 rows=1 width=8) (actual time=0.045..0.045 rows=0 loops=159121)
                                                         Cache Key: mi2.movie_id
                                                         Cache Mode: logical
                                                         Hits: 1200  Misses: 157921  Evictions: 49201  Overflows: 0  Memory Usage: 8193kB
                                                         Buffers: shared hit=597388 read=34296
                                                         ->  Index Scan using title_pkey on title t  (cost=0.43..6.53 rows=1 width=8) (actual time=0.044..0.044 rows=0 loops=157921)
                                                               Index Cond: (id = mi2.movie_id)
                                                               Filter: ((production_year <= 1990) AND (1950 < production_year))
                                                               Rows Removed by Filter: 1
                                                               Buffers: shared hit=597388 read=34296
                                             ->  Hash  (cost=1.09..1.09 rows=2 width=4) (actual time=0.014..0.015 rows=2 loops=1)
                                                   Buckets: 1024  Batches: 1  Memory Usage: 9kB
                                                   Buffers: shared hit=1
                                                   ->  Seq Scan on kind_type kt  (cost=0.00..1.09 rows=2 width=4) (actual time=0.009..0.010 rows=2 loops=1)
                                                         Filter: ((kind)::text = ANY ('{episode,"tv movie"}'::text[]))
                                                         Rows Removed by Filter: 5
                                                         Buffers: shared hit=1
                                       ->  Index Scan using movie_id_movie_info on movie_info mi1  (cost=0.43..42.89 rows=1 width=8) (actual time=0.107..0.107 rows=0 loops=3826)
                                             Index Cond: (movie_id = t.id)
                                             Filter: ((info_type_id = 3) AND ((info)::text = ANY ('{Comedy,Drama,Musical,Romance,Sci-Fi,Western}'::text[])))
                                             Rows Removed by Filter: 6
                                             Buffers: shared hit=27563 read=6012
                     ->  Index Scan using movie_id_cast_info on cast_info ci  (cost=0.44..43.99 rows=38 width=12) (actual time=0.040..0.213 rows=13 loops=726)
                           Index Cond: (movie_id = t.id)
                           Buffers: shared hit=7590 read=4045
               ->  Hash  (cost=1.15..1.15 rows=2 width=4) (actual time=0.036..0.037 rows=2 loops=1)
                     Buckets: 1024  Batches: 1  Memory Usage: 9kB
                     Buffers: shared hit=1
                     ->  Seq Scan on role_type rt  (cost=0.00..1.15 rows=2 width=4) (actual time=0.028..0.030 rows=2 loops=1)
                           Filter: ((role)::text = ANY ('{composer,writer}'::text[]))
                           Rows Removed by Filter: 10
                           Buffers: shared hit=1
         ->  Index Scan using name_pkey on name n  (cost=0.43..2.32 rows=1 width=4) (actual time=0.052..0.052 rows=0 loops=1012)
               Index Cond: (id = ci.person_id)
               Filter: ((gender)::text = 'm'::text)
               Rows Removed by Filter: 1
               Buffers: shared hit=3032 read=1016
 Planning:
   Buffers: shared hit=574
 Planning Time: 12.225 ms
 Execution Time: 8523.337 ms
(78 rows)

