                                                                                            QUERY PLAN                                                                                            
--------------------------------------------------------------------------------------------------------------------------------------------------------------------------------------------------
 Aggregate  (cost=637972.53..637972.54 rows=1 width=8) (actual time=39128.278..39128.288 rows=1 loops=1)
   Buffers: shared hit=3061639 read=529398, temp read=2463 written=2463
   ->  Nested Loop  (cost=95922.83..637972.39 rows=54 width=0) (actual time=1196.547..39122.292 rows=16360 loops=1)
         Buffers: shared hit=3061639 read=529398, temp read=2463 written=2463
         ->  Seq Scan on info_type it2  (cost=0.00..2.41 rows=1 width=4) (actual time=0.021..0.033 rows=1 loops=1)
               Filter: (id = 4)
               Rows Removed by Filter: 112
               Buffers: shared hit=1
         ->  Nested Loop  (cost=95922.83..637969.44 rows=54 width=4) (actual time=1196.524..39117.859 rows=16360 loops=1)
               Buffers: shared hit=3061638 read=529398, temp read=2463 written=2463
               ->  Seq Scan on info_type it1  (cost=0.00..2.41 rows=1 width=4) (actual time=0.005..0.019 rows=1 loops=1)
                     Filter: (id = 3)
                     Rows Removed by Filter: 112
                     Buffers: shared hit=1
               ->  Nested Loop  (cost=95922.83..637966.49 rows=54 width=8) (actual time=1196.516..39112.748 rows=16360 loops=1)
                     Buffers: shared hit=3061637 read=529398, temp read=2463 written=2463
                     ->  Hash Join  (cost=95922.40..637669.59 rows=128 width=12) (actual time=1196.474..36931.737 rows=51180 loops=1)
                           Hash Cond: (ci.role_id = rt.id)
                           Buffers: shared hit=2889869 read=496446, temp read=2463 written=2463
                           ->  Nested Loop  (cost=95921.24..637662.98 rows=1534 width=16) (actual time=1195.669..36651.786 rows=1477317 loops=1)
                                 Buffers: shared hit=2889868 read=496446, temp read=2463 written=2463
                                 ->  Nested Loop  (cost=95920.80..632895.66 rows=107 width=20) (actual time=1195.623..18776.036 rows=84705 loops=1)
                                       Buffers: shared hit=1446459 read=236961, temp read=2463 written=2463
                                       ->  Hash Join  (cost=95920.37..470625.77 rows=3781 width=12) (actual time=1195.524..2357.883 rows=145584 loops=1)
                                             Hash Cond: (mi1.movie_id = t.id)
                                             Buffers: shared hit=32860 read=14507, temp read=2463 written=2463
                                             ->  Bitmap Heap Scan on movie_info mi1  (cost=16460.66..389797.34 rows=48776 width=8) (actual time=55.976..798.373 rows=483158 loops=1)
                                                   Recheck Cond: (info_type_id = 3)
                                                   Filter: ((info)::text = ANY ('{Animation,Comedy,Drama,Musical}'::text[]))
                                                   Rows Removed by Filter: 1050751
                                                   Heap Blocks: exact=9772
                                                   Buffers: shared hit=1080 read=9895
                                                   ->  Bitmap Index Scan on info_type_id_movie_info  (cost=0.00..16448.47 rows=1538671 width=0) (actual time=54.663..54.663 rows=1533909 loops=1)
                                                         Index Cond: (info_type_id = 3)
                                                         Buffers: shared hit=1 read=1202
                                             ->  Hash  (cost=76244.10..76244.10 rows=195968 width=4) (actual time=1136.754..1136.757 rows=439726 loops=1)
                                                   Buckets: 262144 (originally 262144)  Batches: 4 (originally 2)  Memory Usage: 6145kB
                                                   Buffers: shared hit=31780 read=4612, temp written=966
                                                   ->  Hash Join  (cost=1.13..76244.10 rows=195968 width=4) (actual time=0.053..998.262 rows=439726 loops=1)
                                                         Hash Cond: (t.kind_id = kt.id)
                                                         Buffers: shared hit=31780 read=4612
                                                         ->  Seq Scan on title t  (cost=0.00..74315.95 rows=457258 width=8) (actual time=0.024..864.223 rows=451569 loops=1)
                                                               Filter: ((production_year <= 1975) AND (1875 < production_year))
                                                               Rows Removed by Filter: 2076743
                                                               Buffers: shared hit=31779 read=4612
                                                         ->  Hash  (cost=1.10..1.10 rows=3 width=4) (actual time=0.019..0.020 rows=3 loops=1)
                                                               Buckets: 1024  Batches: 1  Memory Usage: 9kB
                                                               Buffers: shared hit=1
                                                               ->  Seq Scan on kind_type kt  (cost=0.00..1.10 rows=3 width=4) (actual time=0.012..0.014 rows=3 loops=1)
                                                                     Filter: ((kind)::text = ANY ('{episode,movie,"tv movie"}'::text[]))
                                                                     Rows Removed by Filter: 4
                                                                     Buffers: shared hit=1
                                       ->  Index Scan using movie_id_movie_info on movie_info mi2  (cost=0.43..42.91 rows=1 width=8) (actual time=0.064..0.112 rows=1 loops=145584)
                                             Index Cond: (movie_id = t.id)
                                             Filter: ((info_type_id = 4) AND ((info)::text = ANY ('{English,Italian,Spanish,Turkish}'::text[])))
                                             Rows Removed by Filter: 14
                                             Buffers: shared hit=1413599 read=222454
                                 ->  Index Scan using movie_id_cast_info on cast_info ci  (cost=0.44..44.17 rows=38 width=12) (actual time=0.040..0.205 rows=17 loops=84705)
                                       Index Cond: (movie_id = t.id)
                                       Buffers: shared hit=1443409 read=259485
                           ->  Hash  (cost=1.15..1.15 rows=1 width=4) (actual time=0.011..0.012 rows=1 loops=1)
                                 Buckets: 1024  Batches: 1  Memory Usage: 9kB
                                 Buffers: shared hit=1
                                 ->  Seq Scan on role_type rt  (cost=0.00..1.15 rows=1 width=4) (actual time=0.006..0.007 rows=1 loops=1)
                                       Filter: ((role)::text = 'miscellaneous crew'::text)
                                       Rows Removed by Filter: 11
                                       Buffers: shared hit=1
                     ->  Index Scan using name_pkey on name n  (cost=0.43..2.32 rows=1 width=4) (actual time=0.042..0.042 rows=0 loops=51180)
                           Index Cond: (id = ci.person_id)
                           Filter: ((gender)::text = 'm'::text)
                           Rows Removed by Filter: 1
                           Buffers: shared hit=171768 read=32952
 Planning:
   Buffers: shared hit=574
 Planning Time: 8.792 ms
 Execution Time: 39128.766 ms
(76 rows)

