                                                                                                  QUERY PLAN                                                                                                  
--------------------------------------------------------------------------------------------------------------------------------------------------------------------------------------------------------------
 Aggregate  (cost=981893.30..981893.31 rows=1 width=8) (actual time=162567.577..162567.587 rows=1 loops=1)
   Buffers: shared hit=13758509 read=1838462, temp read=11685 written=10622
   ->  Nested Loop  (cost=864568.23..981892.04 rows=505 width=0) (actual time=1127.949..162496.940 rows=319706 loops=1)
         Buffers: shared hit=13758509 read=1838462, temp read=11685 written=10622
         ->  Seq Scan on info_type it2  (cost=0.00..2.41 rows=1 width=4) (actual time=0.045..0.055 rows=1 loops=1)
               Filter: (id = 4)
               Rows Removed by Filter: 112
               Buffers: shared hit=1
         ->  Nested Loop  (cost=864568.23..981884.58 rows=505 width=4) (actual time=1127.903..162422.619 rows=319706 loops=1)
               Buffers: shared hit=13758508 read=1838462, temp read=11685 written=10622
               ->  Seq Scan on info_type it1  (cost=0.00..2.41 rows=1 width=4) (actual time=0.009..0.022 rows=1 loops=1)
                     Filter: (id = 3)
                     Rows Removed by Filter: 112
                     Buffers: shared hit=1
               ->  Nested Loop  (cost=864568.23..981877.11 rows=505 width=8) (actual time=1127.892..162346.500 rows=319706 loops=1)
                     Buffers: shared hit=13758507 read=1838462, temp read=11685 written=10622
                     ->  Hash Join  (cost=864567.80..979084.41 rows=1204 width=12) (actual time=1122.320..124464.505 rows=957049 loops=1)
                           Hash Cond: (ci.role_id = rt.id)
                           Buffers: shared hit=10172737 read=1596036, temp read=11685 written=10622
                           ->  Nested Loop  (cost=864566.64..979031.93 rows=14449 width=16) (actual time=1122.252..122718.220 rows=7940671 loops=1)
                                 Buffers: shared hit=10172736 read=1596036, temp read=11685 written=10622
                                 ->  Nested Loop  (cost=864566.20..934984.64 rows=1008 width=20) (actual time=1122.218..28081.320 rows=434745 loops=1)
                                       Buffers: shared hit=2734003 read=49392, temp read=11685 written=10622
                                       ->  Nested Loop  (cost=864566.06..934927.33 rows=2351 width=24) (actual time=1122.037..27603.590 rows=534434 loops=1)
                                             Buffers: shared hit=2733991 read=49392, temp read=11685 written=10622
                                             ->  Merge Join  (cost=864565.63..865656.15 rows=21829 width=16) (actual time=1121.966..2220.612 rows=690749 loops=1)
                                                   Merge Cond: (mi1.movie_id = mi2.movie_id)
                                                   Buffers: shared hit=10882 read=9505, temp read=11685 written=10622
                                                   ->  Sort  (cost=397883.25..398126.85 rows=97437 width=8) (actual time=551.686..750.080 rows=944511 loops=1)
                                                         Sort Key: mi1.movie_id
                                                         Sort Method: external sort  Disk: 20416kB
                                                         Buffers: shared hit=6491 read=4484, temp read=5094 written=5107
                                                         ->  Bitmap Heap Scan on movie_info mi1  (cost=16472.85..389809.53 rows=97437 width=8) (actual time=40.804..312.468 rows=944511 loops=1)
                                                               Recheck Cond: (info_type_id = 3)
                                                               Filter: ((info)::text = ANY ('{Action,Documentary,Drama,Family,Fantasy,Music,Reality-TV,Short,Sport,War}'::text[]))
                                                               Rows Removed by Filter: 589398
                                                               Heap Blocks: exact=9772
                                                               Buffers: shared hit=6491 read=4484
                                                               ->  Bitmap Index Scan on info_type_id_movie_info  (cost=0.00..16448.47 rows=1538671 width=0) (actual time=39.576..39.577 rows=1533909 loops=1)
                                                                     Index Cond: (info_type_id = 3)
                                                                     Buffers: shared read=1203
                                                   ->  Sort  (cost=466682.37..466874.90 rows=77009 width=8) (actual time=570.268..859.586 rows=1217291 loops=1)
                                                         Sort Key: mi2.movie_id
                                                         Sort Method: external sort  Disk: 22048kB
                                                         Buffers: shared hit=4391 read=5021, temp read=6046 written=5515
                                                         ->  Bitmap Heap Scan on movie_info mi2  (cost=13074.62..460432.04 rows=77009 width=8) (actual time=30.912..320.782 rows=1020136 loops=1)
                                                               Recheck Cond: (info_type_id = 4)
                                                               Filter: ((info)::text = ANY ('{English,Finnish,German,Hebrew,Hindi,Japanese,Russian,Spanish,Tagalog}'::text[]))
                                                               Rows Removed by Filter: 278853
                                                               Heap Blocks: exact=8393
                                                               Buffers: shared hit=4391 read=5021
                                                               ->  Bitmap Index Scan on info_type_id_movie_info  (cost=0.00..13055.37 rows=1221191 width=0) (actual time=29.867..29.867 rows=1298989 loops=1)
                                                                     Index Cond: (info_type_id = 4)
                                                                     Buffers: shared hit=1 read=1018
                                             ->  Index Scan using title_pkey on title t  (cost=0.43..3.17 rows=1 width=8) (actual time=0.036..0.036 rows=1 loops=690749)
                                                   Index Cond: (id = mi1.movie_id)
                                                   Filter: ((production_year <= 2015) AND (1975 < production_year))
                                                   Rows Removed by Filter: 0
                                                   Buffers: shared hit=2723109 read=39887
                                       ->  Memoize  (cost=0.14..0.16 rows=1 width=4) (actual time=0.000..0.000 rows=1 loops=534434)
                                             Cache Key: t.kind_id
                                             Cache Mode: logical
                                             Hits: 534428  Misses: 6  Evictions: 0  Overflows: 0  Memory Usage: 1kB
                                             Buffers: shared hit=12
                                             ->  Index Scan using kind_type_pkey on kind_type kt  (cost=0.13..0.15 rows=1 width=4) (actual time=0.011..0.011 rows=0 loops=6)
                                                   Index Cond: (id = t.kind_id)
                                                   Filter: ((kind)::text = ANY ('{episode,movie,"video movie"}'::text[]))
                                                   Rows Removed by Filter: 0
                                                   Buffers: shared hit=12
                                 ->  Index Scan using movie_id_cast_info on cast_info ci  (cost=0.44..43.32 rows=38 width=12) (actual time=0.038..0.212 rows=18 loops=434745)
                                       Index Cond: (movie_id = t.id)
                                       Buffers: shared hit=7438733 read=1546644
                           ->  Hash  (cost=1.15..1.15 rows=1 width=4) (actual time=0.021..0.022 rows=1 loops=1)
                                 Buckets: 1024  Batches: 1  Memory Usage: 9kB
                                 Buffers: shared hit=1
                                 ->  Seq Scan on role_type rt  (cost=0.00..1.15 rows=1 width=4) (actual time=0.011..0.012 rows=1 loops=1)
                                       Filter: ((role)::text = 'producer'::text)
                                       Rows Removed by Filter: 11
                                       Buffers: shared hit=1
                     ->  Index Scan using name_pkey on name n  (cost=0.43..2.32 rows=1 width=4) (actual time=0.039..0.039 rows=0 loops=957049)
                           Index Cond: (id = ci.person_id)
                           Filter: ((gender)::text = 'm'::text)
                           Rows Removed by Filter: 1
                           Buffers: shared hit=3585770 read=242426
 Planning:
   Buffers: shared hit=485 read=92
 Planning Time: 13.686 ms
 Execution Time: 162581.364 ms
(88 rows)

