                                                                                            QUERY PLAN                                                                                            
--------------------------------------------------------------------------------------------------------------------------------------------------------------------------------------------------
 Aggregate  (cost=551772.03..551772.04 rows=1 width=8) (actual time=1270.614..1270.621 rows=1 loops=1)
   Buffers: shared hit=69847 read=29431
   ->  Nested Loop  (cost=90764.14..551771.98 rows=20 width=0) (actual time=706.788..1270.599 rows=15 loops=1)
         Buffers: shared hit=69847 read=29431
         ->  Seq Scan on info_type it2  (cost=0.00..2.41 rows=1 width=4) (actual time=0.032..0.039 rows=1 loops=1)
               Filter: (id = 4)
               Rows Removed by Filter: 112
               Buffers: shared hit=1
         ->  Nested Loop  (cost=90764.14..551769.37 rows=20 width=4) (actual time=706.755..1270.553 rows=15 loops=1)
               Buffers: shared hit=69846 read=29431
               ->  Seq Scan on info_type it1  (cost=0.00..2.41 rows=1 width=4) (actual time=0.006..0.013 rows=1 loops=1)
                     Filter: (id = 3)
                     Rows Removed by Filter: 112
                     Buffers: shared hit=1
               ->  Nested Loop  (cost=90764.14..551766.76 rows=20 width=8) (actual time=706.747..1270.529 rows=15 loops=1)
                     Buffers: shared hit=69845 read=29431
                     ->  Hash Join  (cost=90763.71..551655.42 rows=48 width=12) (actual time=454.634..1268.353 rows=87 loops=1)
                           Hash Cond: (ci.role_id = rt.id)
                           Buffers: shared hit=69645 read=29283
                           ->  Nested Loop  (cost=90762.54..551652.22 rows=573 width=16) (actual time=436.317..1265.932 rows=20027 loops=1)
                                 Buffers: shared hit=69644 read=29283
                                 ->  Nested Loop  (cost=90762.10..549857.05 rows=40 width=20) (actual time=436.286..1050.100 rows=1898 loops=1)
                                       Buffers: shared hit=49196 read=24349
                                       ->  Hash Join  (cost=90761.67..508130.76 rows=965 width=12) (actual time=435.959..837.519 rows=3272 loops=1)
                                             Hash Cond: (mi2.movie_id = t.id)
                                             Buffers: shared hit=28034 read=17770
                                             ->  Bitmap Heap Scan on movie_info mi2  (cost=13059.39..430358.45 rows=16101 width=8) (actual time=34.954..399.534 rows=231351 loops=1)
                                                   Recheck Cond: (info_type_id = 4)
                                                   Filter: ((info)::text = ANY ('{Finnish,German,Greek,Italian,Polish,Portuguese,Spanish}'::text[]))
                                                   Rows Removed by Filter: 1067638
                                                   Heap Blocks: exact=8393
                                                   Buffers: shared hit=3512 read=5900
                                                   ->  Bitmap Index Scan on info_type_id_movie_info  (cost=0.00..13055.37 rows=1221191 width=0) (actual time=32.407..32.407 rows=1298989 loops=1)
                                                         Index Cond: (info_type_id = 4)
                                                         Buffers: shared read=1019
                                             ->  Hash  (cost=75807.58..75807.58 rows=151576 width=4) (actual time=399.965..399.968 rows=11843 loops=1)
                                                   Buckets: 262144  Batches: 1  Memory Usage: 2465kB
                                                   Buffers: shared hit=24522 read=11870
                                                   ->  Hash Join  (cost=1.13..75807.58 rows=151576 width=4) (actual time=0.169..396.993 rows=11843 loops=1)
                                                         Hash Cond: (t.kind_id = kt.id)
                                                         Buffers: shared hit=24522 read=11870
                                                         ->  Seq Scan on title t  (cost=0.00..74315.95 rows=353677 width=8) (actual time=0.027..376.496 rows=347589 loops=1)
                                                               Filter: ((production_year <= 1975) AND (1925 < production_year))
                                                               Rows Removed by Filter: 2180723
                                                               Buffers: shared hit=24521 read=11870
                                                         ->  Hash  (cost=1.10..1.10 rows=3 width=4) (actual time=0.017..0.019 rows=3 loops=1)
                                                               Buckets: 1024  Batches: 1  Memory Usage: 9kB
                                                               Buffers: shared hit=1
                                                               ->  Seq Scan on kind_type kt  (cost=0.00..1.10 rows=3 width=4) (actual time=0.008..0.009 rows=3 loops=1)
                                                                     Filter: ((kind)::text = ANY ('{"tv series","video game","video movie"}'::text[]))
                                                                     Rows Removed by Filter: 4
                                                                     Buffers: shared hit=1
                                       ->  Index Scan using movie_id_movie_info on movie_info mi1  (cost=0.43..43.23 rows=1 width=8) (actual time=0.062..0.065 rows=1 loops=3272)
                                             Index Cond: (movie_id = t.id)
                                             Filter: ((info_type_id = 3) AND ((info)::text = ANY ('{Comedy,Documentary,Drama,Romance,Short,Western}'::text[])))
                                             Rows Removed by Filter: 7
                                             Buffers: shared hit=21162 read=6579
                                 ->  Index Scan using movie_id_cast_info on cast_info ci  (cost=0.44..44.50 rows=38 width=12) (actual time=0.030..0.111 rows=11 loops=1898)
                                       Index Cond: (movie_id = t.id)
                                       Buffers: shared hit=20448 read=4934
                           ->  Hash  (cost=1.15..1.15 rows=1 width=4) (actual time=0.012..0.012 rows=1 loops=1)
                                 Buckets: 1024  Batches: 1  Memory Usage: 9kB
                                 Buffers: shared hit=1
                                 ->  Seq Scan on role_type rt  (cost=0.00..1.15 rows=1 width=4) (actual time=0.007..0.007 rows=1 loops=1)
                                       Filter: ((role)::text = 'editor'::text)
                                       Rows Removed by Filter: 11
                                       Buffers: shared hit=1
                     ->  Index Scan using name_pkey on name n  (cost=0.43..2.32 rows=1 width=4) (actual time=0.024..0.024 rows=0 loops=87)
                           Index Cond: (id = ci.person_id)
                           Filter: ((gender)::text = 'm'::text)
                           Rows Removed by Filter: 1
                           Buffers: shared hit=200 read=148
 Planning:
   Buffers: shared hit=506 read=68
 Planning Time: 9.703 ms
 Execution Time: 1271.214 ms
(76 rows)

