                                                                                            QUERY PLAN                                                                                            
--------------------------------------------------------------------------------------------------------------------------------------------------------------------------------------------------
 Aggregate  (cost=815028.32..815028.33 rows=1 width=8) (actual time=4758.554..4758.565 rows=1 loops=1)
   Buffers: shared hit=351648 read=127973, temp read=1648 written=1648
   ->  Nested Loop  (cost=93532.84..815027.98 rows=138 width=0) (actual time=460.945..4758.143 rows=817 loops=1)
         Buffers: shared hit=351648 read=127973, temp read=1648 written=1648
         ->  Seq Scan on info_type it2  (cost=0.00..2.41 rows=1 width=4) (actual time=0.044..0.053 rows=1 loops=1)
               Filter: (id = 4)
               Rows Removed by Filter: 112
               Buffers: shared hit=1
         ->  Nested Loop  (cost=93532.84..815024.19 rows=138 width=4) (actual time=460.899..4757.804 rows=817 loops=1)
               Buffers: shared hit=351647 read=127973, temp read=1648 written=1648
               ->  Seq Scan on info_type it1  (cost=0.00..2.41 rows=1 width=4) (actual time=0.009..0.022 rows=1 loops=1)
                     Filter: (id = 3)
                     Rows Removed by Filter: 112
                     Buffers: shared hit=1
               ->  Nested Loop  (cost=93532.84..815020.39 rows=138 width=8) (actual time=460.887..4757.485 rows=817 loops=1)
                     Buffers: shared hit=351646 read=127973, temp read=1648 written=1648
                     ->  Hash Join  (cost=93532.41..814254.95 rows=330 width=12) (actual time=459.074..4654.225 rows=3073 loops=1)
                           Hash Cond: (ci.role_id = rt.id)
                           Buffers: shared hit=341624 read=125703, temp read=1648 written=1648
                           ->  Nested Loop  (cost=93531.25..814239.73 rows=3956 width=16) (actual time=458.142..4633.100 rows=158670 loops=1)
                                 Buffers: shared hit=341623 read=125703, temp read=1648 written=1648
                                 ->  Nested Loop  (cost=93530.81..801992.52 rows=276 width=20) (actual time=458.102..2830.836 rows=15127 loops=1)
                                       Buffers: shared hit=212192 read=57128, temp read=1648 written=1648
                                       ->  Hash Join  (cost=93530.35..512656.76 rows=6757 width=12) (actual time=458.048..1037.192 rows=23037 loops=1)
                                             Hash Cond: (mi2.movie_id = t.id)
                                             Buffers: shared hit=34429 read=11375, temp read=1648 written=1648
                                             ->  Bitmap Heap Scan on movie_info mi2  (cost=13073.62..430372.68 rows=73008 width=8) (actual time=33.880..345.407 rows=934630 loops=1)
                                                   Recheck Cond: (info_type_id = 4)
                                                   Filter: ((info)::text = ANY ('{English,Filipino,French,German,Greek,Serbo-Croatian,Tagalog}'::text[]))
                                                   Rows Removed by Filter: 364359
                                                   Heap Blocks: exact=8393
                                                   Buffers: shared hit=7893 read=1519
                                                   ->  Bitmap Index Scan on info_type_id_movie_info  (cost=0.00..13055.37 rows=1221191 width=0) (actual time=32.831..32.831 rows=1298989 loops=1)
                                                         Index Cond: (info_type_id = 4)
                                                         Buffers: shared hit=1019
                                             ->  Hash  (cost=76617.93..76617.93 rows=233984 width=4) (actual time=421.422..421.426 rows=33701 loops=1)
                                                   Buckets: 262144  Batches: 2  Memory Usage: 2644kB
                                                   Buffers: shared hit=26536 read=9856, temp written=49
                                                   ->  Hash Join  (cost=1.13..76617.93 rows=233984 width=4) (actual time=0.072..414.664 rows=33701 loops=1)
                                                         Hash Cond: (t.kind_id = kt.id)
                                                         Buffers: shared hit=26536 read=9856
                                                         ->  Seq Scan on title t  (cost=0.00..74315.95 rows=545963 width=8) (actual time=0.027..382.829 rows=538239 loops=1)
                                                               Filter: ((production_year <= 1990) AND (1950 < production_year))
                                                               Rows Removed by Filter: 1990073
                                                               Buffers: shared hit=26535 read=9856
                                                         ->  Hash  (cost=1.10..1.10 rows=3 width=4) (actual time=0.016..0.017 rows=3 loops=1)
                                                               Buckets: 1024  Batches: 1  Memory Usage: 9kB
                                                               Buffers: shared hit=1
                                                               ->  Seq Scan on kind_type kt  (cost=0.00..1.10 rows=3 width=4) (actual time=0.007..0.009 rows=3 loops=1)
                                                                     Filter: ((kind)::text = ANY ('{"tv series","video game","video movie"}'::text[]))
                                                                     Rows Removed by Filter: 4
                                                                     Buffers: shared hit=1
                                       ->  Index Scan using movie_id_movie_info on movie_info mi1  (cost=0.46..42.81 rows=1 width=8) (actual time=0.076..0.077 rows=1 loops=23037)
                                             Index Cond: (movie_id = t.id)
                                             Filter: ((info_type_id = 3) AND ((info)::text = ANY ('{Action,Adventure,Crime,Documentary,Drama,Family,Fantasy,Music,Mystery,Short}'::text[])))
                                             Rows Removed by Filter: 9
                                             Buffers: shared hit=177763 read=45753
                                 ->  Index Scan using movie_id_cast_info on cast_info ci  (cost=0.44..43.99 rows=38 width=12) (actual time=0.030..0.117 rows=10 loops=15127)
                                       Index Cond: (movie_id = t.id)
                                       Buffers: shared hit=129431 read=68575
                           ->  Hash  (cost=1.15..1.15 rows=1 width=4) (actual time=0.020..0.020 rows=1 loops=1)
                                 Buckets: 1024  Batches: 1  Memory Usage: 9kB
                                 Buffers: shared hit=1
                                 ->  Seq Scan on role_type rt  (cost=0.00..1.15 rows=1 width=4) (actual time=0.010..0.012 rows=1 loops=1)
                                       Filter: ((role)::text = 'cinematographer'::text)
                                       Rows Removed by Filter: 11
                                       Buffers: shared hit=1
                     ->  Index Scan using name_pkey on name n  (cost=0.43..2.32 rows=1 width=4) (actual time=0.033..0.033 rows=0 loops=3073)
                           Index Cond: (id = ci.person_id)
                           Filter: ((gender)::text = 'm'::text)
                           Rows Removed by Filter: 1
                           Buffers: shared hit=10022 read=2270
 Planning:
   Buffers: shared hit=576 read=1
 Planning Time: 13.829 ms
 Execution Time: 4759.149 ms
(76 rows)

