                                                                                                   QUERY PLAN                                                                                                   
----------------------------------------------------------------------------------------------------------------------------------------------------------------------------------------------------------------
 Aggregate  (cost=810672.44..810672.45 rows=1 width=8) (actual time=5162.256..5162.266 rows=1 loops=1)
   Buffers: shared hit=405007 read=105017, temp read=1380 written=1380
   ->  Nested Loop  (cost=96928.18..810671.98 rows=184 width=0) (actual time=481.072..5162.062 rows=190 loops=1)
         Buffers: shared hit=405007 read=105017, temp read=1380 written=1380
         ->  Seq Scan on info_type it2  (cost=0.00..2.41 rows=1 width=4) (actual time=0.042..0.052 rows=1 loops=1)
               Filter: (id = 4)
               Rows Removed by Filter: 112
               Buffers: shared hit=1
         ->  Nested Loop  (cost=96928.18..810667.72 rows=184 width=4) (actual time=481.027..5161.897 rows=190 loops=1)
               Buffers: shared hit=405006 read=105017, temp read=1380 written=1380
               ->  Seq Scan on info_type it1  (cost=0.00..2.41 rows=1 width=4) (actual time=0.012..0.024 rows=1 loops=1)
                     Filter: (id = 3)
                     Rows Removed by Filter: 112
                     Buffers: shared hit=1
               ->  Nested Loop  (cost=96928.18..810663.47 rows=184 width=8) (actual time=481.012..5161.761 rows=190 loops=1)
                     Buffers: shared hit=405005 read=105017, temp read=1380 written=1380
                     ->  Hash Join  (cost=96927.75..810009.37 rows=282 width=12) (actual time=466.823..5126.827 rows=945 loops=1)
                           Hash Cond: (ci.role_id = rt.id)
                           Buffers: shared hit=401869 read=104373, temp read=1380 written=1380
                           ->  Nested Loop  (cost=96926.59..809996.19 rows=3383 width=16) (actual time=465.245..5095.381 rows=199363 loops=1)
                                 Buffers: shared hit=401868 read=104373, temp read=1380 written=1380
                                 ->  Nested Loop  (cost=96926.15..799523.93 rows=236 width=20) (actual time=465.221..2792.746 rows=16971 loops=1)
                                       Buffers: shared hit=201375 read=60218, temp read=1380 written=1380
                                       ->  Hash Join  (cost=96925.71..472201.59 rows=7585 width=12) (actual time=465.080..974.038 rows=21090 loops=1)
                                             Hash Cond: (mi1.movie_id = t.id)
                                             Buffers: shared hit=8611 read=38756, temp read=1380 written=1380
                                             ->  Bitmap Heap Scan on movie_info mi1  (cost=16468.98..389805.66 rows=81960 width=8) (actual time=40.321..338.707 rows=777697 loops=1)
                                                   Recheck Cond: (info_type_id = 3)
                                                   Filter: ((info)::text = ANY ('{Adult,Adventure,Comedy,Crime,Documentary,Drama,History,Horror,Sci-Fi}'::text[]))
                                                   Rows Removed by Filter: 756212
                                                   Heap Blocks: exact=9772
                                                   Buffers: shared hit=2777 read=8198
                                                   ->  Bitmap Index Scan on info_type_id_movie_info  (cost=0.00..16448.47 rows=1538671 width=0) (actual time=39.121..39.121 rows=1533909 loops=1)
                                                         Index Cond: (info_type_id = 3)
                                                         Buffers: shared read=1203
                                             ->  Hash  (cost=76617.93..76617.93 rows=233984 width=4) (actual time=423.705..423.709 rows=33701 loops=1)
                                                   Buckets: 262144  Batches: 2  Memory Usage: 2644kB
                                                   Buffers: shared hit=5834 read=30558, temp written=49
                                                   ->  Hash Join  (cost=1.13..76617.93 rows=233984 width=4) (actual time=0.069..416.591 rows=33701 loops=1)
                                                         Hash Cond: (t.kind_id = kt.id)
                                                         Buffers: shared hit=5834 read=30558
                                                         ->  Seq Scan on title t  (cost=0.00..74315.95 rows=545963 width=8) (actual time=0.025..383.678 rows=538239 loops=1)
                                                               Filter: ((production_year <= 1990) AND (1950 < production_year))
                                                               Rows Removed by Filter: 1990073
                                                               Buffers: shared hit=5833 read=30558
                                                         ->  Hash  (cost=1.10..1.10 rows=3 width=4) (actual time=0.013..0.014 rows=3 loops=1)
                                                               Buckets: 1024  Batches: 1  Memory Usage: 9kB
                                                               Buffers: shared hit=1
                                                               ->  Seq Scan on kind_type kt  (cost=0.00..1.10 rows=3 width=4) (actual time=0.008..0.009 rows=3 loops=1)
                                                                     Filter: ((kind)::text = ANY ('{"tv series","video game","video movie"}'::text[]))
                                                                     Rows Removed by Filter: 4
                                                                     Buffers: shared hit=1
                                       ->  Index Scan using movie_id_movie_info on movie_info mi2  (cost=0.43..43.14 rows=1 width=8) (actual time=0.059..0.086 rows=1 loops=21090)
                                             Index Cond: (movie_id = t.id)
                                             Filter: ((info_type_id = 4) AND ((info)::text = ANY ('{Albanian,Cantonese,English,Finnish,French,Japanese,Mandarin,Portuguese,Spanish,Swedish,Turkish}'::text[])))
                                             Rows Removed by Filter: 11
                                             Buffers: shared hit=192764 read=21462
                                 ->  Index Scan using movie_id_cast_info on cast_info ci  (cost=0.44..43.99 rows=38 width=12) (actual time=0.033..0.132 rows=12 loops=16971)
                                       Index Cond: (movie_id = t.id)
                                       Buffers: shared hit=200493 read=44155
                           ->  Hash  (cost=1.15..1.15 rows=1 width=4) (actual time=0.016..0.017 rows=1 loops=1)
                                 Buckets: 1024  Batches: 1  Memory Usage: 9kB
                                 Buffers: shared hit=1
                                 ->  Seq Scan on role_type rt  (cost=0.00..1.15 rows=1 width=4) (actual time=0.010..0.011 rows=1 loops=1)
                                       Filter: ((role)::text = 'costume designer'::text)
                                       Rows Removed by Filter: 11
                                       Buffers: shared hit=1
                     ->  Index Scan using name_pkey on name n  (cost=0.43..2.32 rows=1 width=4) (actual time=0.036..0.036 rows=0 loops=945)
                           Index Cond: (id = ci.person_id)
                           Filter: ((gender)::text = ANY ('{f,m}'::text[]))
                           Rows Removed by Filter: 1
                           Buffers: shared hit=3136 read=644
 Planning:
   Buffers: shared hit=531 read=46
 Planning Time: 12.822 ms
 Execution Time: 5162.849 ms
(76 rows)

