                                                                                            QUERY PLAN                                                                                            
--------------------------------------------------------------------------------------------------------------------------------------------------------------------------------------------------
 Aggregate  (cost=664129.29..664129.30 rows=1 width=8) (actual time=45123.337..45123.349 rows=1 loops=1)
   Buffers: shared hit=3802330 read=498731, temp read=2784 written=2784
   ->  Nested Loop  (cost=90778.51..664129.04 rows=101 width=0) (actual time=584.733..45115.046 rows=28387 loops=1)
         Buffers: shared hit=3802330 read=498731, temp read=2784 written=2784
         ->  Seq Scan on info_type it2  (cost=0.00..2.41 rows=1 width=4) (actual time=0.044..0.055 rows=1 loops=1)
               Filter: (id = 4)
               Rows Removed by Filter: 112
               Buffers: shared hit=1
         ->  Nested Loop  (cost=90778.51..664125.62 rows=101 width=4) (actual time=584.687..45107.774 rows=28387 loops=1)
               Buffers: shared hit=3802329 read=498731, temp read=2784 written=2784
               ->  Seq Scan on info_type it1  (cost=0.00..2.41 rows=1 width=4) (actual time=0.010..0.024 rows=1 loops=1)
                     Filter: (id = 3)
                     Rows Removed by Filter: 112
                     Buffers: shared hit=1
               ->  Nested Loop  (cost=90778.51..664122.19 rows=101 width=8) (actual time=584.674..45100.737 rows=28387 loops=1)
                     Buffers: shared hit=3802328 read=498731, temp read=2784 written=2784
                     ->  Hash Join  (cost=90778.08..663565.51 rows=240 width=12) (actual time=540.071..42646.312 rows=61468 loops=1)
                           Hash Cond: (ci.role_id = rt.id)
                           Buffers: shared hit=3565760 read=489427, temp read=2784 written=2784
                           ->  Nested Loop  (cost=90776.92..663554.12 rows=2881 width=16) (actual time=539.849..42287.870 rows=1965181 loops=1)
                                 Buffers: shared hit=3565759 read=489427, temp read=2784 written=2784
                                 ->  Nested Loop  (cost=90776.48..654533.35 rows=201 width=20) (actual time=539.820..19425.021 rows=100756 loops=1)
                                       Buffers: shared hit=1576877 read=250448, temp read=2784 written=2784
                                       ->  Hash Join  (cost=90776.04..463307.67 rows=4412 width=12) (actual time=538.148..1838.175 rows=159738 loops=1)
                                             Hash Cond: (mi2.movie_id = t.id)
                                             Buffers: shared hit=1392 read=44412, temp read=2784 written=2784
                                             ->  Bitmap Heap Scan on movie_info mi2  (cost=13073.77..385285.29 rows=73597 width=8) (actual time=35.193..601.846 rows=930296 loops=1)
                                                   Recheck Cond: (info_type_id = 4)
                                                   Filter: ((info)::text = ANY ('{English,French,German,Italian}'::text[]))
                                                   Rows Removed by Filter: 368693
                                                   Heap Blocks: exact=8393
                                                   Buffers: shared hit=1391 read=8021
                                                   ->  Bitmap Index Scan on info_type_id_movie_info  (cost=0.00..13055.37 rows=1221191 width=0) (actual time=34.159..34.159 rows=1298989 loops=1)
                                                         Index Cond: (info_type_id = 4)
                                                         Buffers: shared read=1019
                                             ->  Hash  (cost=75807.58..75807.58 rows=151576 width=4) (actual time=499.991..499.995 rows=335746 loops=1)
                                                   Buckets: 262144 (originally 262144)  Batches: 2 (originally 1)  Memory Usage: 7957kB
                                                   Buffers: shared hit=1 read=36391, temp written=491
                                                   ->  Hash Join  (cost=1.13..75807.58 rows=151576 width=4) (actual time=0.050..432.333 rows=335746 loops=1)
                                                         Hash Cond: (t.kind_id = kt.id)
                                                         Buffers: shared hit=1 read=36391
                                                         ->  Seq Scan on title t  (cost=0.00..74315.95 rows=353677 width=8) (actual time=0.026..390.196 rows=347589 loops=1)
                                                               Filter: ((production_year <= 1975) AND (1925 < production_year))
                                                               Rows Removed by Filter: 2180723
                                                               Buffers: shared read=36391
                                                         ->  Hash  (cost=1.10..1.10 rows=3 width=4) (actual time=0.017..0.019 rows=3 loops=1)
                                                               Buckets: 1024  Batches: 1  Memory Usage: 9kB
                                                               Buffers: shared hit=1
                                                               ->  Seq Scan on kind_type kt  (cost=0.00..1.10 rows=3 width=4) (actual time=0.008..0.009 rows=3 loops=1)
                                                                     Filter: ((kind)::text = ANY ('{episode,movie,"tv movie"}'::text[]))
                                                                     Rows Removed by Filter: 4
                                                                     Buffers: shared hit=1
                                       ->  Index Scan using movie_id_movie_info on movie_info mi1  (cost=0.43..43.33 rows=1 width=8) (actual time=0.109..0.109 rows=1 loops=159738)
                                             Index Cond: (movie_id = t.id)
                                             Filter: ((info_type_id = 3) AND ((info)::text = ANY ('{Animation,Comedy,Documentary,Drama,Music,Romance,Short,Thriller}'::text[])))
                                             Rows Removed by Filter: 13
                                             Buffers: shared hit=1575485 read=206036
                                 ->  Index Scan using movie_id_cast_info on cast_info ci  (cost=0.44..44.50 rows=38 width=12) (actual time=0.039..0.221 rows=20 loops=100756)
                                       Index Cond: (movie_id = t.id)
                                       Buffers: shared hit=1988882 read=238979
                           ->  Hash  (cost=1.15..1.15 rows=1 width=4) (actual time=0.017..0.018 rows=1 loops=1)
                                 Buckets: 1024  Batches: 1  Memory Usage: 9kB
                                 Buffers: shared hit=1
                                 ->  Seq Scan on role_type rt  (cost=0.00..1.15 rows=1 width=4) (actual time=0.010..0.012 rows=1 loops=1)
                                       Filter: ((role)::text = 'composer'::text)
                                       Rows Removed by Filter: 11
                                       Buffers: shared hit=1
                     ->  Index Scan using name_pkey on name n  (cost=0.43..2.32 rows=1 width=4) (actual time=0.039..0.039 rows=0 loops=61468)
                           Index Cond: (id = ci.person_id)
                           Filter: ((gender)::text = 'm'::text)
                           Rows Removed by Filter: 1
                           Buffers: shared hit=236568 read=9304
 Planning:
   Buffers: shared hit=529 read=45
 Planning Time: 12.954 ms
 Execution Time: 45124.046 ms
(76 rows)

