                                                                                               QUERY PLAN                                                                                               
--------------------------------------------------------------------------------------------------------------------------------------------------------------------------------------------------------
 Aggregate  (cost=635668.91..635668.92 rows=1 width=8) (actual time=46856.333..46856.339 rows=1 loops=1)
   Buffers: shared hit=4014843 read=474330
   ->  Nested Loop  (cost=13061.64..635668.73 rows=70 width=0) (actual time=36.854..46791.004 rows=411301 loops=1)
         Buffers: shared hit=4014843 read=474330
         ->  Hash Join  (cost=13061.21..635281.38 rows=167 width=4) (actual time=36.812..29518.470 rows=436742 loops=1)
               Hash Cond: (ci.role_id = rt.id)
               Buffers: shared hit=2338885 read=403320
               ->  Nested Loop  (cost=13060.03..635276.63 rows=1003 width=8) (actual time=36.772..29220.702 rows=1065389 loops=1)
                     Buffers: shared hit=2338884 read=403320
                     ->  Nested Loop  (cost=13059.59..632217.79 rows=70 width=12) (actual time=36.725..16316.585 rows=40586 loops=1)
                           Buffers: shared hit=1442703 read=143865
                           ->  Seq Scan on info_type it2  (cost=0.00..2.41 rows=1 width=4) (actual time=0.020..0.028 rows=1 loops=1)
                                 Filter: (id = 4)
                                 Rows Removed by Filter: 112
                                 Buffers: shared hit=1
                           ->  Nested Loop  (cost=13059.59..632214.68 rows=70 width=16) (actual time=36.704..16306.051 rows=40586 loops=1)
                                 Buffers: shared hit=1442702 read=143865
                                 ->  Seq Scan on info_type it1  (cost=0.00..2.41 rows=1 width=4) (actual time=0.005..0.015 rows=1 loops=1)
                                       Filter: (id = 3)
                                       Rows Removed by Filter: 112
                                       Buffers: shared hit=1
                                 ->  Nested Loop  (cost=13059.59..632211.57 rows=70 width=20) (actual time=36.697..16294.717 rows=40586 loops=1)
                                       Buffers: shared hit=1442701 read=143865
                                       ->  Hash Join  (cost=13059.16..504286.20 rows=3007 width=12) (actual time=35.202..7305.729 rows=89284 loops=1)
                                             Hash Cond: (t.kind_id = kt.id)
                                             Buffers: shared hit=627698 read=44151
                                             ->  Nested Loop  (cost=13058.02..504255.50 rows=7017 width=16) (actual time=35.087..7253.065 rows=120994 loops=1)
                                                   Buffers: shared hit=627697 read=44151
                                                   ->  Bitmap Heap Scan on movie_info mi2  (cost=13057.58..445385.82 rows=8857 width=8) (actual time=34.998..819.319 rows=169682 loops=1)
                                                         Recheck Cond: (info_type_id = 4)
                                                         Filter: ((info)::text = ANY ('{Cantonese,French,German,Hindi,Hungarian,None,Russian,Swedish}'::text[]))
                                                         Rows Removed by Filter: 1129307
                                                         Heap Blocks: exact=8393
                                                         Buffers: shared hit=80 read=9332
                                                         ->  Bitmap Index Scan on info_type_id_movie_info  (cost=0.00..13055.37 rows=1221191 width=0) (actual time=32.394..32.394 rows=1298989 loops=1)
                                                               Index Cond: (info_type_id = 4)
                                                               Buffers: shared read=1019
                                                   ->  Memoize  (cost=0.44..6.71 rows=1 width=8) (actual time=0.037..0.037 rows=1 loops=169682)
                                                         Cache Key: mi2.movie_id
                                                         Cache Mode: logical
                                                         Hits: 4073  Misses: 165609  Evictions: 78718  Overflows: 0  Memory Usage: 8193kB
                                                         Buffers: shared hit=627617 read=34819
                                                         ->  Index Scan using title_pkey on title t  (cost=0.43..6.70 rows=1 width=8) (actual time=0.037..0.037 rows=1 loops=165609)
                                                               Index Cond: (id = mi2.movie_id)
                                                               Filter: ((production_year <= 2015) AND (1975 < production_year))
                                                               Rows Removed by Filter: 0
                                                               Buffers: shared hit=627617 read=34819
                                             ->  Hash  (cost=1.10..1.10 rows=3 width=4) (actual time=0.014..0.015 rows=3 loops=1)
                                                   Buckets: 1024  Batches: 1  Memory Usage: 9kB
                                                   Buffers: shared hit=1
                                                   ->  Seq Scan on kind_type kt  (cost=0.00..1.10 rows=3 width=4) (actual time=0.007..0.008 rows=3 loops=1)
                                                         Filter: ((kind)::text = ANY ('{episode,movie,"video movie"}'::text[]))
                                                         Rows Removed by Filter: 4
                                                         Buffers: shared hit=1
                                       ->  Index Scan using movie_id_movie_info on movie_info mi1  (cost=0.43..42.53 rows=1 width=8) (actual time=0.100..0.100 rows=0 loops=89284)
                                             Index Cond: (movie_id = t.id)
                                             Filter: ((info_type_id = 3) AND ((info)::text = ANY ('{Action,Animation,Biography,Comedy,Documentary,Family,Mystery,Romance}'::text[])))
                                             Rows Removed by Filter: 13
                                             Buffers: shared hit=815003 read=99714
                     ->  Index Scan using movie_id_cast_info on cast_info ci  (cost=0.44..43.32 rows=38 width=12) (actual time=0.041..0.310 rows=26 loops=40586)
                           Index Cond: (movie_id = t.id)
                           Buffers: shared hit=896181 read=259455
               ->  Hash  (cost=1.15..1.15 rows=2 width=4) (actual time=0.024..0.025 rows=2 loops=1)
                     Buckets: 1024  Batches: 1  Memory Usage: 9kB
                     Buffers: shared hit=1
                     ->  Seq Scan on role_type rt  (cost=0.00..1.15 rows=2 width=4) (actual time=0.018..0.020 rows=2 loops=1)
                           Filter: ((role)::text = ANY ('{actor,director}'::text[]))
                           Rows Removed by Filter: 10
                           Buffers: shared hit=1
         ->  Index Scan using name_pkey on name n  (cost=0.43..2.32 rows=1 width=4) (actual time=0.039..0.039 rows=1 loops=436742)
               Index Cond: (id = ci.person_id)
               Filter: ((gender)::text = 'm'::text)
               Rows Removed by Filter: 0
               Buffers: shared hit=1675958 read=71010
 Planning:
   Buffers: shared hit=482 read=92
 Planning Time: 10.503 ms
 Execution Time: 46858.135 ms
(78 rows)

