                                                                                                  QUERY PLAN                                                                                                  
--------------------------------------------------------------------------------------------------------------------------------------------------------------------------------------------------------------
 Aggregate  (cost=949102.78..949102.79 rows=1 width=8) (actual time=52981.920..52981.928 rows=1 loops=1)
   Buffers: shared hit=4817837 read=494174, temp read=15114 written=13727
   ->  Nested Loop  (cost=835320.20..949101.61 rows=467 width=0) (actual time=1205.414..52976.954 rows=8873 loops=1)
         Buffers: shared hit=4817837 read=494174, temp read=15114 written=13727
         ->  Seq Scan on info_type it2  (cost=0.00..2.41 rows=1 width=4) (actual time=0.034..0.045 rows=1 loops=1)
               Filter: (id = 4)
               Rows Removed by Filter: 112
               Buffers: shared hit=1
         ->  Nested Loop  (cost=835320.20..949094.53 rows=467 width=4) (actual time=1205.378..52973.611 rows=8873 loops=1)
               Buffers: shared hit=4817836 read=494174, temp read=15114 written=13727
               ->  Seq Scan on info_type it1  (cost=0.00..2.41 rows=1 width=4) (actual time=0.010..0.022 rows=1 loops=1)
                     Filter: (id = 3)
                     Rows Removed by Filter: 112
                     Buffers: shared hit=1
               ->  Nested Loop  (cost=835320.20..949087.45 rows=467 width=8) (actual time=1205.367..52970.039 rows=8873 loops=1)
                     Buffers: shared hit=4817835 read=494174, temp read=15114 written=13727
                     ->  Hash Join  (cost=835319.77..944420.57 rows=2012 width=12) (actual time=1204.284..47289.315 rows=148686 loops=1)
                           Hash Cond: (ci.role_id = rt.id)
                           Buffers: shared hit=4273323 read=443942, temp read=15114 written=13727
                           ->  Nested Loop  (cost=835318.59..944376.52 rows=12069 width=16) (actual time=1204.123..46958.244 rows=1556646 loops=1)
                                 Buffers: shared hit=4273322 read=443942, temp read=15114 written=13727
                                 ->  Nested Loop  (cost=835318.15..907615.08 rows=842 width=20) (actual time=1204.088..28831.554 rows=82722 loops=1)
                                       Buffers: shared hit=2899884 read=49831, temp read=15114 written=13727
                                       ->  Nested Loop  (cost=835318.01..907542.48 rows=2946 width=24) (actual time=1204.068..28364.212 rows=642152 loops=1)
                                             Buffers: shared hit=2899874 read=49829, temp read=15114 written=13727
                                             ->  Merge Join  (cost=835317.58..836466.14 rows=23246 width=16) (actual time=1204.005..2251.402 rows=732329 loops=1)
                                                   Merge Cond: (mi1.movie_id = mi2.movie_id)
                                                   Buffers: shared hit=3884 read=16503, temp read=15114 written=13727
                                                   ->  Sort  (cost=399174.72..399453.86 rows=111656 width=8) (actual time=668.263..880.889 rows=1078899 loops=1)
                                                         Sort Key: mi1.movie_id
                                                         Sort Method: external sort  Disk: 23320kB
                                                         Buffers: shared hit=2014 read=8961, temp read=8723 written=8738
                                                         ->  Bitmap Heap Scan on movie_info mi1  (cost=16476.41..389813.09 rows=111656 width=8) (actual time=40.883..326.626 rows=1078903 loops=1)
                                                               Recheck Cond: (info_type_id = 3)
                                                               Filter: ((info)::text = ANY ('{Comedy,Documentary,Drama,History,Musical,Mystery,Romance,Sci-Fi,Short,War}'::text[]))
                                                               Rows Removed by Filter: 455006
                                                               Heap Blocks: exact=9772
                                                               Buffers: shared hit=2014 read=8961
                                                               ->  Bitmap Index Scan on info_type_id_movie_info  (cost=0.00..16448.47 rows=1538671 width=0) (actual time=39.661..39.661 rows=1533909 loops=1)
                                                                     Index Cond: (info_type_id = 3)
                                                                     Buffers: shared read=1203
                                                   ->  Sort  (cost=436142.86..436321.77 rows=71564 width=8) (actual time=535.731..777.058 rows=1189952 loops=1)
                                                         Sort Key: mi2.movie_id
                                                         Sort Method: external sort  Disk: 19944kB
                                                         Buffers: shared hit=1870 read=7542, temp read=5684 written=4989
                                                         ->  Bitmap Heap Scan on movie_info mi2  (cost=13073.26..430372.32 rows=71564 width=8) (actual time=31.131..308.485 rows=923045 loops=1)
                                                               Recheck Cond: (info_type_id = 4)
                                                               Filter: ((info)::text = ANY ('{English,Hindi,Italian,Korean,None,Serbo-Croatian,Spanish}'::text[]))
                                                               Rows Removed by Filter: 375944
                                                               Heap Blocks: exact=8393
                                                               Buffers: shared hit=1870 read=7542
                                                               ->  Bitmap Index Scan on info_type_id_movie_info  (cost=0.00..13055.37 rows=1221191 width=0) (actual time=30.089..30.089 rows=1298989 loops=1)
                                                                     Index Cond: (info_type_id = 4)
                                                                     Buffers: shared hit=1 read=1018
                                             ->  Index Scan using title_pkey on title t  (cost=0.43..3.06 rows=1 width=8) (actual time=0.035..0.035 rows=1 loops=732329)
                                                   Index Cond: (id = mi1.movie_id)
                                                   Filter: ((production_year <= 2015) AND (1925 < production_year))
                                                   Rows Removed by Filter: 0
                                                   Buffers: shared hit=2895990 read=33326
                                       ->  Memoize  (cost=0.14..0.16 rows=1 width=4) (actual time=0.000..0.000 rows=0 loops=642152)
                                             Cache Key: t.kind_id
                                             Cache Mode: logical
                                             Hits: 642146  Misses: 6  Evictions: 0  Overflows: 0  Memory Usage: 1kB
                                             Buffers: shared hit=10 read=2
                                             ->  Index Scan using kind_type_pkey on kind_type kt  (cost=0.13..0.15 rows=1 width=4) (actual time=0.015..0.015 rows=0 loops=6)
                                                   Index Cond: (id = t.kind_id)
                                                   Filter: ((kind)::text = ANY ('{"tv movie","tv series"}'::text[]))
                                                   Rows Removed by Filter: 1
                                                   Buffers: shared hit=10 read=2
                                 ->  Index Scan using movie_id_cast_info on cast_info ci  (cost=0.44..43.28 rows=38 width=12) (actual time=0.037..0.213 rows=19 loops=82722)
                                       Index Cond: (movie_id = t.id)
                                       Buffers: shared hit=1373438 read=394111
                           ->  Hash  (cost=1.15..1.15 rows=2 width=4) (actual time=0.019..0.020 rows=2 loops=1)
                                 Buckets: 1024  Batches: 1  Memory Usage: 9kB
                                 Buffers: shared hit=1
                                 ->  Seq Scan on role_type rt  (cost=0.00..1.15 rows=2 width=4) (actual time=0.010..0.011 rows=2 loops=1)
                                       Filter: ((role)::text = ANY ('{cinematographer,writer}'::text[]))
                                       Rows Removed by Filter: 10
                                       Buffers: shared hit=1
                     ->  Index Scan using name_pkey on name n  (cost=0.43..2.32 rows=1 width=4) (actual time=0.038..0.038 rows=0 loops=148686)
                           Index Cond: (id = ci.person_id)
                           Filter: ((gender)::text = 'f'::text)
                           Rows Removed by Filter: 1
                           Buffers: shared hit=544512 read=50232
 Planning:
   Buffers: shared hit=489 read=88
 Planning Time: 13.240 ms
 Execution Time: 52995.412 ms
(88 rows)

