                                                                                               QUERY PLAN                                                                                               
--------------------------------------------------------------------------------------------------------------------------------------------------------------------------------------------------------
 Aggregate  (cost=457622.08..457622.09 rows=1 width=8) (actual time=8452.321..8452.328 rows=1 loops=1)
   Buffers: shared hit=713505 read=156527
   ->  Nested Loop  (cost=13060.51..457622.00 rows=31 width=0) (actual time=317.681..8451.120 rows=2612 loops=1)
         Buffers: shared hit=713505 read=156527
         ->  Hash Join  (cost=13060.08..457510.67 rows=48 width=4) (actual time=292.797..7987.129 rows=12579 loops=1)
               Hash Cond: (ci.role_id = rt.id)
               Buffers: shared hit=668244 read=151472
               ->  Nested Loop  (cost=13058.90..457508.47 rows=287 width=8) (actual time=291.905..7959.886 rows=144798 loops=1)
                     Buffers: shared hit=668243 read=151472
                     ->  Nested Loop  (cost=13058.46..456633.76 rows=20 width=12) (actual time=291.822..6096.759 rows=12298 loops=1)
                           Buffers: shared hit=545887 read=95253
                           ->  Seq Scan on info_type it2  (cost=0.00..2.41 rows=1 width=4) (actual time=0.033..0.039 rows=1 loops=1)
                                 Filter: (id = 4)
                                 Rows Removed by Filter: 112
                                 Buffers: shared hit=1
                           ->  Nested Loop  (cost=13058.46..456631.15 rows=20 width=16) (actual time=291.787..6093.746 rows=12298 loops=1)
                                 Buffers: shared hit=545886 read=95253
                                 ->  Seq Scan on info_type it1  (cost=0.00..2.41 rows=1 width=4) (actual time=0.008..0.017 rows=1 loops=1)
                                       Filter: (id = 3)
                                       Rows Removed by Filter: 112
                                       Buffers: shared hit=1
                                 ->  Nested Loop  (cost=13058.46..456628.54 rows=20 width=20) (actual time=291.775..6090.880 rows=12298 loops=1)
                                       Buffers: shared hit=545885 read=95253
                                       ->  Hash Join  (cost=13058.03..402492.66 rows=1281 width=12) (actual time=39.482..2998.032 rows=32735 loops=1)
                                             Hash Cond: (t.kind_id = kt.id)
                                             Buffers: shared hit=268358 read=31483
                                             ->  Nested Loop  (cost=13056.89..402478.93 rows=2989 width=16) (actual time=39.379..2982.244 rows=40913 loops=1)
                                                   Buffers: shared hit=268357 read=31483
                                                   ->  Bitmap Heap Scan on movie_info mi2  (cost=13056.45..370238.79 rows=4336 width=8) (actual time=39.330..440.072 rows=73202 loops=1)
                                                         Recheck Cond: (info_type_id = 4)
                                                         Filter: ((info)::text = ANY ('{French,Hebrew,Hindi}'::text[]))
                                                         Rows Removed by Filter: 1225787
                                                         Heap Blocks: exact=8393
                                                         Buffers: shared hit=985 read=8427
                                                         ->  Bitmap Index Scan on info_type_id_movie_info  (cost=0.00..13055.37 rows=1221191 width=0) (actual time=35.894..35.894 rows=1298989 loops=1)
                                                               Index Cond: (info_type_id = 4)
                                                               Buffers: shared hit=1 read=1018
                                                   ->  Memoize  (cost=0.44..7.46 rows=1 width=8) (actual time=0.034..0.034 rows=1 loops=73202)
                                                         Cache Key: mi2.movie_id
                                                         Cache Mode: logical
                                                         Hits: 595  Misses: 72607  Evictions: 0  Overflows: 0  Memory Usage: 6403kB
                                                         Buffers: shared hit=267372 read=23056
                                                         ->  Index Scan using title_pkey on title t  (cost=0.43..7.45 rows=1 width=8) (actual time=0.033..0.033 rows=1 loops=72607)
                                                               Index Cond: (id = mi2.movie_id)
                                                               Filter: ((production_year <= 2015) AND (1990 < production_year))
                                                               Rows Removed by Filter: 0
                                                               Buffers: shared hit=267372 read=23056
                                             ->  Hash  (cost=1.10..1.10 rows=3 width=4) (actual time=0.016..0.016 rows=3 loops=1)
                                                   Buckets: 1024  Batches: 1  Memory Usage: 9kB
                                                   Buffers: shared hit=1
                                                   ->  Seq Scan on kind_type kt  (cost=0.00..1.10 rows=3 width=4) (actual time=0.009..0.011 rows=3 loops=1)
                                                         Filter: ((kind)::text = ANY ('{episode,movie,"video movie"}'::text[]))
                                                         Rows Removed by Filter: 4
                                                         Buffers: shared hit=1
                                       ->  Index Scan using movie_id_movie_info on movie_info mi1  (cost=0.43..42.25 rows=1 width=8) (actual time=0.094..0.094 rows=0 loops=32735)
                                             Index Cond: (movie_id = t.id)
                                             Filter: (((info)::text = ANY ('{Fantasy,Short}'::text[])) AND (info_type_id = 3))
                                             Rows Removed by Filter: 15
                                             Buffers: shared hit=277527 read=63770
                     ->  Index Scan using movie_id_cast_info on cast_info ci  (cost=0.44..43.36 rows=38 width=12) (actual time=0.036..0.148 rows=12 loops=12298)
                           Index Cond: (movie_id = t.id)
                           Buffers: shared hit=122356 read=56219
               ->  Hash  (cost=1.15..1.15 rows=2 width=4) (actual time=0.039..0.039 rows=2 loops=1)
                     Buckets: 1024  Batches: 1  Memory Usage: 9kB
                     Buffers: shared hit=1
                     ->  Seq Scan on role_type rt  (cost=0.00..1.15 rows=2 width=4) (actual time=0.030..0.032 rows=2 loops=1)
                           Filter: ((role)::text = ANY ('{cinematographer,"costume designer"}'::text[]))
                           Rows Removed by Filter: 10
                           Buffers: shared hit=1
         ->  Index Scan using name_pkey on name n  (cost=0.43..2.32 rows=1 width=4) (actual time=0.036..0.036 rows=0 loops=12579)
               Index Cond: (id = ci.person_id)
               Filter: ((gender)::text = ANY ('{f,m}'::text[]))
               Rows Removed by Filter: 1
               Buffers: shared hit=45261 read=5055
 Planning:
   Buffers: shared hit=574
 Planning Time: 13.612 ms
 Execution Time: 8453.790 ms
(78 rows)

