                                                                                            QUERY PLAN                                                                                            
--------------------------------------------------------------------------------------------------------------------------------------------------------------------------------------------------
 Aggregate  (cost=700511.36..700511.37 rows=1 width=8) (actual time=1010.063..1010.070 rows=1 loops=1)
   Buffers: shared hit=23611 read=28879, temp read=1212 written=1212
   ->  Nested Loop  (cost=472120.33..700511.23 rows=52 width=0) (actual time=913.440..1010.050 rows=39 loops=1)
         Buffers: shared hit=23611 read=28879, temp read=1212 written=1212
         ->  Seq Scan on info_type it2  (cost=0.00..2.41 rows=1 width=4) (actual time=0.036..0.041 rows=1 loops=1)
               Filter: (id = 4)
               Rows Removed by Filter: 112
               Buffers: shared hit=1
         ->  Nested Loop  (cost=472120.33..700508.30 rows=52 width=4) (actual time=913.402..1009.999 rows=39 loops=1)
               Buffers: shared hit=23610 read=28879, temp read=1212 written=1212
               ->  Seq Scan on info_type it1  (cost=0.00..2.41 rows=1 width=4) (actual time=0.010..0.015 rows=1 loops=1)
                     Filter: (id = 3)
                     Rows Removed by Filter: 112
                     Buffers: shared hit=1
               ->  Nested Loop  (cost=472120.33..700505.37 rows=52 width=8) (actual time=913.391..1009.973 rows=39 loops=1)
                     Join Filter: (t.id = mi2.movie_id)
                     Buffers: shared hit=23609 read=28879, temp read=1212 written=1212
                     ->  Nested Loop  (cost=472119.89..625239.46 rows=1778 width=16) (actual time=913.360..1004.827 rows=61 loops=1)
                           Buffers: shared hit=23157 read=28471, temp read=1212 written=1212
                           ->  Hash Join  (cost=472119.46..607485.86 rows=7654 width=20) (actual time=913.064..996.760 rows=616 loops=1)
                                 Hash Cond: (ci.movie_id = t.id)
                                 Buffers: shared hit=20954 read=28210, temp read=1212 written=1212
                                 ->  Nested Loop  (cost=0.44..123965.00 rows=3020080 width=8) (actual time=0.083..61.657 rows=276403 loops=1)
                                       Buffers: shared hit=478 read=1319
                                       ->  Seq Scan on role_type rt  (cost=0.00..1.15 rows=1 width=4) (actual time=0.007..0.010 rows=1 loops=1)
                                             Filter: ((role)::text = 'costume designer'::text)
                                             Rows Removed by Filter: 11
                                             Buffers: shared hit=1
                                       ->  Index Scan using role_id_cast_info on cast_info ci  (cost=0.44..91017.52 rows=3294633 width=12) (actual time=0.074..39.749 rows=276403 loops=1)
                                             Index Cond: (role_id = rt.id)
                                             Buffers: shared hit=477 read=1319
                                 ->  Hash  (cost=472038.92..472038.92 rows=6408 width=12) (actual time=912.171..912.175 rows=9089 loops=1)
                                       Buckets: 16384 (originally 8192)  Batches: 1 (originally 1)  Memory Usage: 519kB
                                       Buffers: shared hit=20476 read=26891, temp read=1212 written=1212
                                       ->  Hash Join  (cost=96922.51..472038.92 rows=6408 width=12) (actual time=466.508..910.139 rows=9089 loops=1)
                                             Hash Cond: (mi1.movie_id = t.id)
                                             Buffers: shared hit=20476 read=26891, temp read=1212 written=1212
                                             ->  Bitmap Heap Scan on movie_info mi1  (cost=16465.78..389802.46 rows=69240 width=8) (actual time=40.953..357.782 rows=680333 loops=1)
                                                   Recheck Cond: (info_type_id = 3)
                                                   Filter: ((info)::text = ANY ('{Action,Drama,Horror,Short}'::text[]))
                                                   Rows Removed by Filter: 853576
                                                   Heap Blocks: exact=9772
                                                   Buffers: shared hit=4889 read=6086
                                                   ->  Bitmap Index Scan on info_type_id_movie_info  (cost=0.00..16448.47 rows=1538671 width=0) (actual time=39.745..39.745 rows=1533909 loops=1)
                                                         Index Cond: (info_type_id = 3)
                                                         Buffers: shared read=1203
                                             ->  Hash  (cost=76617.93..76617.93 rows=233984 width=4) (actual time=424.455..424.457 rows=33701 loops=1)
                                                   Buckets: 262144  Batches: 2  Memory Usage: 2644kB
                                                   Buffers: shared hit=15587 read=20805, temp written=49
                                                   ->  Hash Join  (cost=1.13..76617.93 rows=233984 width=4) (actual time=0.074..417.174 rows=33701 loops=1)
                                                         Hash Cond: (t.kind_id = kt.id)
                                                         Buffers: shared hit=15587 read=20805
                                                         ->  Seq Scan on title t  (cost=0.00..74315.95 rows=545963 width=8) (actual time=0.026..384.558 rows=538239 loops=1)
                                                               Filter: ((production_year <= 1990) AND (1950 < production_year))
                                                               Rows Removed by Filter: 1990073
                                                               Buffers: shared hit=15586 read=20805
                                                         ->  Hash  (cost=1.10..1.10 rows=3 width=4) (actual time=0.014..0.015 rows=3 loops=1)
                                                               Buckets: 1024  Batches: 1  Memory Usage: 9kB
                                                               Buffers: shared hit=1
                                                               ->  Seq Scan on kind_type kt  (cost=0.00..1.10 rows=3 width=4) (actual time=0.008..0.009 rows=3 loops=1)
                                                                     Filter: ((kind)::text = ANY ('{"tv series","video game","video movie"}'::text[]))
                                                                     Rows Removed by Filter: 4
                                                                     Buffers: shared hit=1
                           ->  Index Scan using name_pkey on name n  (cost=0.43..2.32 rows=1 width=4) (actual time=0.013..0.013 rows=0 loops=616)
                                 Index Cond: (id = ci.person_id)
                                 Filter: ((gender)::text = 'f'::text)
                                 Rows Removed by Filter: 1
                                 Buffers: shared hit=2203 read=261
                     ->  Index Scan using movie_id_movie_info on movie_info mi2  (cost=0.43..42.32 rows=1 width=8) (actual time=0.063..0.084 rows=1 loops=61)
                           Index Cond: (movie_id = ci.movie_id)
                           Filter: ((info_type_id = 4) AND ((info)::text = ANY ('{Dutch,English,Japanese,Korean,Mandarin,Spanish,Turkish}'::text[])))
                           Rows Removed by Filter: 34
                           Buffers: shared hit=452 read=408
 Planning:
   Buffers: shared hit=519 read=55
 Planning Time: 12.999 ms
 Execution Time: 1010.515 ms
(77 rows)

