                                                                                                  QUERY PLAN                                                                                                  
--------------------------------------------------------------------------------------------------------------------------------------------------------------------------------------------------------------
 Aggregate  (cost=995883.14..995883.15 rows=1 width=8) (actual time=50010.756..50010.766 rows=1 loops=1)
   Buffers: shared hit=4375817 read=404062, temp read=14930 written=13661
   ->  Nested Loop  (cost=880685.98..995881.98 rows=466 width=0) (actual time=1656.346..50002.217 rows=22486 loops=1)
         Buffers: shared hit=4375817 read=404062, temp read=14930 written=13661
         ->  Seq Scan on info_type it2  (cost=0.00..2.41 rows=1 width=4) (actual time=0.046..0.059 rows=1 loops=1)
               Filter: (id = 4)
               Rows Removed by Filter: 112
               Buffers: shared hit=1
         ->  Nested Loop  (cost=880685.98..995874.91 rows=466 width=4) (actual time=1656.298..49995.767 rows=22486 loops=1)
               Buffers: shared hit=4375816 read=404062, temp read=14930 written=13661
               ->  Seq Scan on info_type it1  (cost=0.00..2.41 rows=1 width=4) (actual time=0.009..0.023 rows=1 loops=1)
                     Filter: (id = 3)
                     Rows Removed by Filter: 112
                     Buffers: shared hit=1
               ->  Nested Loop  (cost=880685.98..995867.83 rows=466 width=8) (actual time=1656.288..49988.662 rows=22486 loops=1)
                     Buffers: shared hit=4375815 read=404062, temp read=14930 written=13661
                     ->  Hash Join  (cost=880685.55..993293.17 rows=1110 width=12) (actual time=1656.252..47504.809 rows=59630 loops=1)
                           Hash Cond: (ci.role_id = rt.id)
                           Buffers: shared hit=4170367 read=370990, temp read=14930 written=13661
                           ->  Nested Loop  (cost=880684.39..993244.70 rows=13316 width=16) (actual time=1656.117..47188.317 rows=1492535 loops=1)
                                 Buffers: shared hit=4170366 read=370990, temp read=14930 written=13661
                                 ->  Nested Loop  (cost=880683.95..952614.38 rows=929 width=20) (actual time=1656.073..29697.800 rows=67935 loops=1)
                                       Buffers: shared hit=2866538 read=40401, temp read=14930 written=13661
                                       ->  Nested Loop  (cost=880683.81..952561.47 rows=2167 width=24) (actual time=1656.056..29305.566 rows=495692 loops=1)
                                             Buffers: shared hit=2866526 read=40401, temp read=14930 written=13661
                                             ->  Merge Join  (cost=880683.38..881828.27 rows=23120 width=16) (actual time=1656.003..2752.864 rows=721635 loops=1)
                                                   Merge Cond: (mi1.movie_id = mi2.movie_id)
                                                   Buffers: shared hit=15188 read=5199, temp read=14930 written=13661
                                                   ->  Sort  (cost=459589.52..459868.02 rows=111400 width=8) (actual time=1130.500..1342.970 rows=1079440 loops=1)
                                                         Sort Key: mi1.movie_id
                                                         Sort Method: external sort  Disk: 23328kB
                                                         Buffers: shared hit=10975, temp read=8727 written=8742
                                                         ->  Bitmap Heap Scan on movie_info mi1  (cost=16476.32..450251.20 rows=111400 width=8) (actual time=44.329..713.736 rows=1079440 loops=1)
                                                               Recheck Cond: (info_type_id = 3)
                                                               Filter: ((info)::text = ANY ('{Comedy,Documentary,Drama,Mystery,Romance,Sci-Fi,Short,Thriller}'::text[]))
                                                               Rows Removed by Filter: 454469
                                                               Heap Blocks: exact=9772
                                                               Buffers: shared hit=10975
                                                               ->  Bitmap Index Scan on info_type_id_movie_info  (cost=0.00..16448.47 rows=1538671 width=0) (actual time=43.117..43.118 rows=1533909 loops=1)
                                                                     Index Cond: (info_type_id = 3)
                                                                     Buffers: shared hit=1203
                                                   ->  Sort  (cost=421093.86..421272.21 rows=71339 width=8) (actual time=525.492..781.822 rows=1169554 loops=1)
                                                         Sort Key: mi2.movie_id
                                                         Sort Method: external sort  Disk: 19664kB
                                                         Buffers: shared hit=4213 read=5199, temp read=5555 written=4919
                                                         ->  Bitmap Heap Scan on movie_info mi2  (cost=13073.20..415343.08 rows=71339 width=8) (actual time=31.209..303.036 rows=909774 loops=1)
                                                               Recheck Cond: (info_type_id = 4)
                                                               Filter: ((info)::text = ANY ('{Danish,English,French,Japanese,Russian,Turkish}'::text[]))
                                                               Rows Removed by Filter: 389215
                                                               Heap Blocks: exact=8393
                                                               Buffers: shared hit=4213 read=5199
                                                               ->  Bitmap Index Scan on info_type_id_movie_info  (cost=0.00..13055.37 rows=1221191 width=0) (actual time=30.163..30.163 rows=1298989 loops=1)
                                                                     Index Cond: (info_type_id = 4)
                                                                     Buffers: shared hit=1 read=1018
                                             ->  Index Scan using title_pkey on title t  (cost=0.43..3.06 rows=1 width=8) (actual time=0.036..0.036 rows=1 loops=721635)
                                                   Index Cond: (id = mi1.movie_id)
                                                   Filter: ((production_year <= 2015) AND (1990 < production_year))
                                                   Rows Removed by Filter: 0
                                                   Buffers: shared hit=2851338 read=35202
                                       ->  Memoize  (cost=0.14..0.16 rows=1 width=4) (actual time=0.000..0.000 rows=0 loops=495692)
                                             Cache Key: t.kind_id
                                             Cache Mode: logical
                                             Hits: 495686  Misses: 6  Evictions: 0  Overflows: 0  Memory Usage: 1kB
                                             Buffers: shared hit=12
                                             ->  Index Scan using kind_type_pkey on kind_type kt  (cost=0.13..0.15 rows=1 width=4) (actual time=0.012..0.012 rows=0 loops=6)
                                                   Index Cond: (id = t.kind_id)
                                                   Filter: ((kind)::text = ANY ('{"tv movie","tv series","video game"}'::text[]))
                                                   Rows Removed by Filter: 0
                                                   Buffers: shared hit=12
                                 ->  Index Scan using movie_id_cast_info on cast_info ci  (cost=0.44..43.36 rows=38 width=12) (actual time=0.039..0.250 rows=22 loops=67935)
                                       Index Cond: (movie_id = t.id)
                                       Buffers: shared hit=1303828 read=330589
                           ->  Hash  (cost=1.15..1.15 rows=1 width=4) (actual time=0.018..0.019 rows=1 loops=1)
                                 Buckets: 1024  Batches: 1  Memory Usage: 9kB
                                 Buffers: shared hit=1
                                 ->  Seq Scan on role_type rt  (cost=0.00..1.15 rows=1 width=4) (actual time=0.011..0.012 rows=1 loops=1)
                                       Filter: ((role)::text = 'director'::text)
                                       Rows Removed by Filter: 11
                                       Buffers: shared hit=1
                     ->  Index Scan using name_pkey on name n  (cost=0.43..2.32 rows=1 width=4) (actual time=0.041..0.041 rows=0 loops=59630)
                           Index Cond: (id = ci.person_id)
                           Filter: ((gender)::text = 'm'::text)
                           Rows Removed by Filter: 1
                           Buffers: shared hit=205448 read=33072
 Planning:
   Buffers: shared hit=574
 Planning Time: 13.135 ms
 Execution Time: 50024.910 ms
(88 rows)

