                                                                                               QUERY PLAN                                                                                               
--------------------------------------------------------------------------------------------------------------------------------------------------------------------------------------------------------
 Aggregate  (cost=1063395.44..1063395.45 rows=1 width=8) (actual time=23408.891..23408.901 rows=1 loops=1)
   Buffers: shared hit=1824450 read=484579, temp read=3673 written=3673
   ->  Nested Loop  (cost=562293.85..1063394.00 rows=575 width=0) (actual time=1352.928..23400.453 rows=40688 loops=1)
         Buffers: shared hit=1824450 read=484579, temp read=3673 written=3673
         ->  Seq Scan on info_type it2  (cost=0.00..2.41 rows=1 width=4) (actual time=0.044..0.052 rows=1 loops=1)
               Filter: (id = 4)
               Rows Removed by Filter: 112
               Buffers: shared hit=1
         ->  Nested Loop  (cost=562293.85..1063385.84 rows=575 width=4) (actual time=1352.882..23392.546 rows=40688 loops=1)
               Buffers: shared hit=1824449 read=484579, temp read=3673 written=3673
               ->  Seq Scan on info_type it1  (cost=0.00..2.41 rows=1 width=4) (actual time=0.012..0.022 rows=1 loops=1)
                     Filter: (id = 3)
                     Rows Removed by Filter: 112
                     Buffers: shared hit=1
               ->  Nested Loop  (cost=562293.85..1063377.68 rows=575 width=8) (actual time=1352.867..23383.941 rows=40688 loops=1)
                     Buffers: shared hit=1824448 read=484579, temp read=3673 written=3673
                     ->  Hash Join  (cost=562293.42..1060199.93 rows=1370 width=12) (actual time=1352.836..19867.803 rows=100061 loops=1)
                           Hash Cond: (ci.role_id = rt.id)
                           Buffers: shared hit=1475900 read=432883, temp read=3673 written=3673
                           ->  Nested Loop  (cost=562292.25..1060140.37 rows=16441 width=16) (actual time=1352.732..19588.059 rows=1670700 loops=1)
                                 Buffers: shared hit=1475899 read=432883, temp read=3673 written=3673
                                 ->  Hash Join  (cost=562291.81..1009975.70 rows=1147 width=20) (actual time=1352.691..2337.032 rows=83623 loops=1)
                                       Hash Cond: (mi2.movie_id = t.id)
                                       Buffers: shared hit=13204 read=43575, temp read=3673 written=3673
                                       ->  Bitmap Heap Scan on movie_info mi2  (cost=13076.37..460433.79 rows=83999 width=8) (actual time=36.695..643.909 rows=1088953 loops=1)
                                             Recheck Cond: (info_type_id = 4)
                                             Filter: ((info)::text = ANY ('{Dutch,English,Finnish,French,German,Hebrew,Japanese,Portuguese,Spanish}'::text[]))
                                             Rows Removed by Filter: 210036
                                             Heap Blocks: exact=8393
                                             Buffers: shared hit=205 read=9207
                                             ->  Bitmap Index Scan on info_type_id_movie_info  (cost=0.00..13055.37 rows=1221191 width=0) (actual time=35.652..35.652 rows=1298989 loops=1)
                                                   Index Cond: (info_type_id = 4)
                                                   Buffers: shared hit=1 read=1018
                                       ->  Hash  (cost=548783.82..548783.82 rows=34530 width=12) (actual time=1313.993..1313.998 rows=93689 loops=1)
                                             Buckets: 131072 (originally 65536)  Batches: 1 (originally 1)  Memory Usage: 5050kB
                                             Buffers: shared hit=12999 read=34368, temp read=3673 written=3673
                                             ->  Hash Join  (cost=110393.31..548783.82 rows=34530 width=12) (actual time=656.232..1295.236 rows=93689 loops=1)
                                                   Hash Cond: (mi1.movie_id = t.id)
                                                   Buffers: shared hit=12999 read=34368, temp read=3673 written=3673
                                                   ->  Bitmap Heap Scan on movie_info mi1  (cost=16477.69..450252.57 rows=116888 width=8) (actual time=35.454..434.417 rows=1107815 loops=1)
                                                         Recheck Cond: (info_type_id = 3)
                                                         Filter: ((info)::text = ANY ('{Action,Adult,Comedy,Documentary,Drama,Family,Short,Western}'::text[]))
                                                         Rows Removed by Filter: 426094
                                                         Heap Blocks: exact=9772
                                                         Buffers: shared hit=10975
                                                         ->  Bitmap Index Scan on info_type_id_movie_info  (cost=0.00..16448.47 rows=1538671 width=0) (actual time=34.263..34.263 rows=1533909 loops=1)
                                                               Index Cond: (info_type_id = 3)
                                                               Buffers: shared hit=1203
                                                   ->  Hash  (cost=81661.50..81661.50 rows=746890 width=4) (actual time=619.677..619.680 rows=138444 loops=1)
                                                         Buckets: 262144  Batches: 8  Memory Usage: 2656kB
                                                         Buffers: shared hit=2024 read=34368, temp written=350
                                                         ->  Hash Join  (cost=1.13..81661.50 rows=746890 width=4) (actual time=0.044..596.295 rows=138444 loops=1)
                                                               Hash Cond: (t.kind_id = kt.id)
                                                               Buffers: shared hit=2024 read=34368
                                                               ->  Seq Scan on title t  (cost=0.00..74315.95 rows=1742744 width=8) (actual time=0.018..483.261 rows=1748995 loops=1)
                                                                     Filter: ((production_year <= 2015) AND (1990 < production_year))
                                                                     Rows Removed by Filter: 779317
                                                                     Buffers: shared hit=2023 read=34368
                                                               ->  Hash  (cost=1.10..1.10 rows=3 width=4) (actual time=0.013..0.014 rows=3 loops=1)
                                                                     Buckets: 1024  Batches: 1  Memory Usage: 9kB
                                                                     Buffers: shared hit=1
                                                                     ->  Seq Scan on kind_type kt  (cost=0.00..1.10 rows=3 width=4) (actual time=0.007..0.009 rows=3 loops=1)
                                                                           Filter: ((kind)::text = ANY ('{"tv movie","tv series","video game"}'::text[]))
                                                                           Rows Removed by Filter: 4
                                                                           Buffers: shared hit=1
                                 ->  Index Scan using movie_id_cast_info on cast_info ci  (cost=0.44..43.36 rows=38 width=12) (actual time=0.033..0.201 rows=20 loops=83623)
                                       Index Cond: (movie_id = t.id)
                                       Buffers: shared hit=1462695 read=389308
                           ->  Hash  (cost=1.15..1.15 rows=1 width=4) (actual time=0.018..0.019 rows=1 loops=1)
                                 Buckets: 1024  Batches: 1  Memory Usage: 9kB
                                 Buffers: shared hit=1
                                 ->  Seq Scan on role_type rt  (cost=0.00..1.15 rows=1 width=4) (actual time=0.011..0.013 rows=1 loops=1)
                                       Filter: ((role)::text = 'writer'::text)
                                       Rows Removed by Filter: 11
                                       Buffers: shared hit=1
                     ->  Index Scan using name_pkey on name n  (cost=0.43..2.32 rows=1 width=4) (actual time=0.035..0.035 rows=0 loops=100061)
                           Index Cond: (id = ci.person_id)
                           Filter: ((gender)::text = 'm'::text)
                           Rows Removed by Filter: 1
                           Buffers: shared hit=348548 read=51696
 Planning:
   Buffers: shared hit=574
 Planning Time: 13.565 ms
 Execution Time: 23409.711 ms
(84 rows)

