                                                                                                  QUERY PLAN                                                                                                  
--------------------------------------------------------------------------------------------------------------------------------------------------------------------------------------------------------------
 Aggregate  (cost=920526.33..920526.34 rows=1 width=8) (actual time=117453.337..117453.346 rows=1 loops=1)
   Buffers: shared hit=9921740 read=1507477, temp read=9215 written=8657
   ->  Nested Loop  (cost=831716.65..920524.78 rows=620 width=0) (actual time=1089.839..117388.487 rows=312309 loops=1)
         Buffers: shared hit=9921740 read=1507477, temp read=9215 written=8657
         ->  Seq Scan on info_type it2  (cost=0.00..2.41 rows=1 width=4) (actual time=0.051..0.062 rows=1 loops=1)
               Filter: (id = 4)
               Rows Removed by Filter: 112
               Buffers: shared hit=1
         ->  Nested Loop  (cost=831716.65..920516.16 rows=620 width=4) (actual time=1089.786..117317.068 rows=312309 loops=1)
               Buffers: shared hit=9921739 read=1507477, temp read=9215 written=8657
               ->  Seq Scan on info_type it1  (cost=0.00..2.41 rows=1 width=4) (actual time=0.009..0.022 rows=1 loops=1)
                     Filter: (id = 3)
                     Rows Removed by Filter: 112
                     Buffers: shared hit=1
               ->  Nested Loop  (cost=831716.65..920507.55 rows=620 width=8) (actual time=1089.776..117248.300 rows=312309 loops=1)
                     Buffers: shared hit=9921738 read=1507477, temp read=9215 written=8657
                     ->  Hash Join  (cost=831716.22..918299.37 rows=952 width=12) (actual time=1089.748..91395.419 rows=661281 loops=1)
                           Hash Cond: (ci.role_id = rt.id)
                           Buffers: shared hit=7478166 read=1305925, temp read=9215 written=8657
                           ->  Nested Loop  (cost=831715.06..918257.63 rows=11424 width=16) (actual time=1089.658..90092.596 rows=6134992 loops=1)
                                 Buffers: shared hit=7478165 read=1305925, temp read=9215 written=8657
                                 ->  Nested Loop  (cost=831714.62..883460.87 rows=797 width=20) (actual time=1089.616..18321.626 rows=342918 loops=1)
                                       Buffers: shared hit=1765592 read=46551, temp read=9215 written=8657
                                       ->  Nested Loop  (cost=831714.48..883415.32 rows=1859 width=24) (actual time=1088.945..17985.941 rows=387267 loops=1)
                                             Join Filter: (t.id = mi1.movie_id)
                                             Buffers: shared hit=1765580 read=46551, temp read=9215 written=8657
                                             ->  Merge Join  (cost=831714.05..832571.60 rows=14668 width=16) (actual time=1088.867..1878.672 rows=447936 loops=1)
                                                   Merge Cond: (mi1.movie_id = mi2.movie_id)
                                                   Buffers: shared hit=8076 read=12311, temp read=9215 written=8657
                                                   ->  Sort  (cost=410343.66..410512.92 rows=67702 width=8) (actual time=546.833..676.646 rows=644621 loops=1)
                                                         Sort Key: mi1.movie_id
                                                         Sort Method: external sort  Disk: 13936kB
                                                         Buffers: shared hit=4210 read=6765, temp read=3477 written=3486
                                                         ->  Bitmap Heap Scan on movie_info mi1  (cost=16465.39..404911.62 rows=67702 width=8) (actual time=41.408..383.406 rows=644623 loops=1)
                                                               Recheck Cond: (info_type_id = 3)
                                                               Filter: ((info)::text = ANY ('{Comedy,Family,Romance,Short,Western}'::text[]))
                                                               Rows Removed by Filter: 889286
                                                               Heap Blocks: exact=9772
                                                               Buffers: shared hit=4210 read=6765
                                                               ->  Bitmap Index Scan on info_type_id_movie_info  (cost=0.00..16448.47 rows=1538671 width=0) (actual time=40.194..40.195 rows=1533909 loops=1)
                                                                     Index Cond: (info_type_id = 3)
                                                                     Buffers: shared read=1203
                                                   ->  Sort  (cost=421370.38..421556.56 rows=74473 width=8) (actual time=542.022..770.858 rows=1063371 loops=1)
                                                         Sort Key: mi2.movie_id
                                                         Sort Method: external sort  Disk: 20672kB
                                                         Buffers: shared hit=3866 read=5546, temp read=5448 written=5171
                                                         ->  Bitmap Heap Scan on movie_info mi2  (cost=13073.99..415343.87 rows=74473 width=8) (actual time=30.978..307.945 rows=956383 loops=1)
                                                               Recheck Cond: (info_type_id = 4)
                                                               Filter: ((info)::text = ANY ('{Danish,English,German,Spanish,Tagalog,Turkish}'::text[]))
                                                               Rows Removed by Filter: 342606
                                                               Heap Blocks: exact=8393
                                                               Buffers: shared hit=3866 read=5546
                                                               ->  Bitmap Index Scan on info_type_id_movie_info  (cost=0.00..13055.37 rows=1221191 width=0) (actual time=29.935..29.936 rows=1298989 loops=1)
                                                                     Index Cond: (info_type_id = 4)
                                                                     Buffers: shared hit=1 read=1018
                                             ->  Index Scan using title_pkey on title t  (cost=0.43..3.45 rows=1 width=8) (actual time=0.035..0.035 rows=1 loops=447936)
                                                   Index Cond: (id = mi2.movie_id)
                                                   Filter: ((production_year <= 2015) AND (1925 < production_year))
                                                   Rows Removed by Filter: 0
                                                   Buffers: shared hit=1757504 read=34240
                                       ->  Memoize  (cost=0.14..0.16 rows=1 width=4) (actual time=0.000..0.000 rows=1 loops=387267)
                                             Cache Key: t.kind_id
                                             Cache Mode: logical
                                             Hits: 387261  Misses: 6  Evictions: 0  Overflows: 0  Memory Usage: 1kB
                                             Buffers: shared hit=12
                                             ->  Index Scan using kind_type_pkey on kind_type kt  (cost=0.13..0.15 rows=1 width=4) (actual time=0.010..0.010 rows=0 loops=6)
                                                   Index Cond: (id = t.kind_id)
                                                   Filter: ((kind)::text = ANY ('{episode,movie,"video movie"}'::text[]))
                                                   Rows Removed by Filter: 0
                                                   Buffers: shared hit=12
                                 ->  Index Scan using movie_id_cast_info on cast_info ci  (cost=0.44..43.28 rows=38 width=12) (actual time=0.037..0.204 rows=18 loops=342918)
                                       Index Cond: (movie_id = t.id)
                                       Buffers: shared hit=5712573 read=1259374
                           ->  Hash  (cost=1.15..1.15 rows=1 width=4) (actual time=0.021..0.021 rows=1 loops=1)
                                 Buckets: 1024  Batches: 1  Memory Usage: 9kB
                                 Buffers: shared hit=1
                                 ->  Seq Scan on role_type rt  (cost=0.00..1.15 rows=1 width=4) (actual time=0.011..0.012 rows=1 loops=1)
                                       Filter: ((role)::text = 'producer'::text)
                                       Rows Removed by Filter: 11
                                       Buffers: shared hit=1
                     ->  Index Scan using name_pkey on name n  (cost=0.43..2.32 rows=1 width=4) (actual time=0.038..0.038 rows=0 loops=661281)
                           Index Cond: (id = ci.person_id)
                           Filter: ((gender)::text = ANY ('{f,m}'::text[]))
                           Rows Removed by Filter: 1
                           Buffers: shared hit=2443572 read=201552
 Planning:
   Buffers: shared hit=484 read=90
 Planning Time: 14.405 ms
 Execution Time: 117463.606 ms
(89 rows)

