                                                                                               QUERY PLAN                                                                                               
--------------------------------------------------------------------------------------------------------------------------------------------------------------------------------------------------------
 Aggregate  (cost=684357.60..684357.61 rows=1 width=8) (actual time=15977.602..15977.610 rows=1 loops=1)
   Buffers: shared hit=1399982 read=181342
   ->  Nested Loop  (cost=13062.79..684357.11 rows=199 width=0) (actual time=66.933..15974.591 rows=11256 loops=1)
         Buffers: shared hit=1399982 read=181342
         ->  Hash Join  (cost=13062.36..683647.33 rows=306 width=4) (actual time=66.870..14830.066 rows=29537 loops=1)
               Hash Cond: (ci.role_id = rt.id)
               Buffers: shared hit=1293066 read=170110
               ->  Nested Loop  (cost=13061.19..683639.64 rows=1835 width=8) (actual time=66.722..14758.185 rows=367926 loops=1)
                     Buffers: shared hit=1293065 read=170110
                     ->  Nested Loop  (cost=13060.75..678041.49 rows=128 width=12) (actual time=66.659..10500.689 rows=17688 loops=1)
                           Buffers: shared hit=963444 read=90395
                           ->  Seq Scan on info_type it2  (cost=0.00..2.41 rows=1 width=4) (actual time=0.033..0.042 rows=1 loops=1)
                                 Filter: (id = 4)
                                 Rows Removed by Filter: 112
                                 Buffers: shared hit=1
                           ->  Nested Loop  (cost=13060.75..678037.80 rows=128 width=16) (actual time=66.624..10496.304 rows=17688 loops=1)
                                 Buffers: shared hit=963443 read=90395
                                 ->  Seq Scan on info_type it1  (cost=0.00..2.41 rows=1 width=4) (actual time=0.013..0.024 rows=1 loops=1)
                                       Filter: (id = 3)
                                       Rows Removed by Filter: 112
                                       Buffers: shared hit=1
                                 ->  Nested Loop  (cost=13060.75..678034.10 rows=128 width=20) (actual time=66.607..10491.431 rows=17688 loops=1)
                                       Buffers: shared hit=963442 read=90395
                                       ->  Hash Join  (cost=13060.29..510314.15 rows=3957 width=12) (actual time=66.517..8443.610 rows=22355 loops=1)
                                             Hash Cond: (t.kind_id = kt.id)
                                             Buffers: shared hit=800209 read=46288
                                             ->  Nested Loop  (cost=13059.16..510274.11 rows=9233 width=16) (actual time=66.465..8409.652 rows=130532 loops=1)
                                                   Buffers: shared hit=800208 read=46288
                                                   ->  Bitmap Heap Scan on movie_info mi2  (cost=13058.72..430357.78 rows=13395 width=8) (actual time=66.339..791.276 rows=213991 loops=1)
                                                         Recheck Cond: (info_type_id = 4)
                                                         Filter: ((info)::text = ANY ('{Finnish,French,Hindi,Italian,Polish,Russian,Spanish}'::text[]))
                                                         Rows Removed by Filter: 1084998
                                                         Heap Blocks: exact=8393
                                                         Buffers: shared hit=25 read=9387
                                                         ->  Bitmap Index Scan on info_type_id_movie_info  (cost=0.00..13055.37 rows=1221191 width=0) (actual time=60.756..60.756 rows=1298989 loops=1)
                                                               Index Cond: (info_type_id = 4)
                                                               Buffers: shared read=1019
                                                   ->  Memoize  (cost=0.44..6.06 rows=1 width=8) (actual time=0.035..0.035 rows=1 loops=213991)
                                                         Cache Key: mi2.movie_id
                                                         Cache Mode: logical
                                                         Hits: 4720  Misses: 209271  Evictions: 121246  Overflows: 0  Memory Usage: 8193kB
                                                         Buffers: shared hit=800183 read=36901
                                                         ->  Index Scan using title_pkey on title t  (cost=0.43..6.05 rows=1 width=8) (actual time=0.035..0.035 rows=1 loops=209271)
                                                               Index Cond: (id = mi2.movie_id)
                                                               Filter: ((production_year <= 2015) AND (1990 < production_year))
                                                               Rows Removed by Filter: 0
                                                               Buffers: shared hit=800183 read=36901
                                             ->  Hash  (cost=1.10..1.10 rows=3 width=4) (actual time=0.021..0.022 rows=3 loops=1)
                                                   Buckets: 1024  Batches: 1  Memory Usage: 9kB
                                                   Buffers: shared hit=1
                                                   ->  Seq Scan on kind_type kt  (cost=0.00..1.10 rows=3 width=4) (actual time=0.009..0.012 rows=3 loops=1)
                                                         Filter: ((kind)::text = ANY ('{"tv movie","tv series","video game"}'::text[]))
                                                         Rows Removed by Filter: 4
                                                         Buffers: shared hit=1
                                       ->  Index Scan using movie_id_movie_info on movie_info mi1  (cost=0.46..42.38 rows=1 width=8) (actual time=0.089..0.091 rows=1 loops=22355)
                                             Index Cond: (movie_id = t.id)
                                             Filter: ((info_type_id = 3) AND ((info)::text = ANY ('{Action,Biography,Comedy,Crime,Documentary,Drama,Fantasy,Music,Romance}'::text[])))
                                             Rows Removed by Filter: 8
                                             Buffers: shared hit=163233 read=44107
                     ->  Index Scan using movie_id_cast_info on cast_info ci  (cost=0.44..43.36 rows=38 width=12) (actual time=0.038..0.235 rows=21 loops=17688)
                           Index Cond: (movie_id = t.id)
                           Buffers: shared hit=329621 read=79715
               ->  Hash  (cost=1.15..1.15 rows=2 width=4) (actual time=0.039..0.039 rows=2 loops=1)
                     Buckets: 1024  Batches: 1  Memory Usage: 9kB
                     Buffers: shared hit=1
                     ->  Seq Scan on role_type rt  (cost=0.00..1.15 rows=2 width=4) (actual time=0.026..0.030 rows=2 loops=1)
                           Filter: ((role)::text = ANY ('{"production designer",writer}'::text[]))
                           Rows Removed by Filter: 10
                           Buffers: shared hit=1
         ->  Index Scan using name_pkey on name n  (cost=0.43..2.32 rows=1 width=4) (actual time=0.038..0.038 rows=0 loops=29537)
               Index Cond: (id = ci.person_id)
               Filter: ((gender)::text = ANY ('{f,m}'::text[]))
               Rows Removed by Filter: 1
               Buffers: shared hit=106916 read=11232
 Planning:
   Buffers: shared hit=488 read=89
 Planning Time: 15.914 ms
 Execution Time: 15980.074 ms
(78 rows)

