                                                                                               QUERY PLAN                                                                                               
--------------------------------------------------------------------------------------------------------------------------------------------------------------------------------------------------------
 Aggregate  (cost=459525.35..459525.36 rows=1 width=8) (actual time=4454.526..4454.533 rows=1 loops=1)
   Buffers: shared hit=432682 read=16413
   ->  Nested Loop  (cost=13060.94..459525.33 rows=11 width=0) (actual time=40.606..4454.459 rows=86 loops=1)
         Buffers: shared hit=432682 read=16413
         ->  Hash Join  (cost=13060.51..459485.90 rows=17 width=4) (actual time=40.564..4446.738 rows=159 loops=1)
               Hash Cond: (ci.role_id = rt.id)
               Buffers: shared hit=432204 read=16255
               ->  Nested Loop  (cost=13059.34..459484.37 rows=100 width=8) (actual time=40.486..4445.653 rows=5628 loops=1)
                     Buffers: shared hit=432203 read=16255
                     ->  Nested Loop  (cost=13058.90..459170.21 rows=7 width=12) (actual time=40.439..4368.808 rows=275 loops=1)
                           Buffers: shared hit=427684 read=14394
                           ->  Seq Scan on info_type it2  (cost=0.00..2.41 rows=1 width=4) (actual time=0.030..0.037 rows=1 loops=1)
                                 Filter: (id = 4)
                                 Rows Removed by Filter: 112
                                 Buffers: shared hit=1
                           ->  Nested Loop  (cost=13058.90..459167.73 rows=7 width=16) (actual time=40.408..4368.670 rows=275 loops=1)
                                 Buffers: shared hit=427683 read=14394
                                 ->  Seq Scan on info_type it1  (cost=0.00..2.41 rows=1 width=4) (actual time=0.008..0.018 rows=1 loops=1)
                                       Filter: (id = 3)
                                       Rows Removed by Filter: 112
                                       Buffers: shared hit=1
                                 ->  Nested Loop  (cost=13058.90..459165.25 rows=7 width=20) (actual time=40.396..4368.525 rows=275 loops=1)
                                       Buffers: shared hit=427682 read=14394
                                       ->  Hash Join  (cost=13058.46..443463.32 rows=364 width=12) (actual time=37.763..4302.104 rows=1083 loops=1)
                                             Hash Cond: (t.kind_id = kt.id)
                                             Buffers: shared hit=419922 read=13587
                                             ->  Nested Loop  (cost=13057.33..443458.60 rows=850 width=16) (actual time=37.721..4296.136 rows=23152 loops=1)
                                                   Buffers: shared hit=419921 read=13587
                                                   ->  Bitmap Heap Scan on movie_info mi2  (cost=13056.89..400297.59 rows=6077 width=8) (actual time=37.667..603.178 rows=107007 loops=1)
                                                         Recheck Cond: (info_type_id = 4)
                                                         Filter: ((info)::text = ANY ('{French,Hindi,Korean,Portuguese,Turkish}'::text[]))
                                                         Rows Removed by Filter: 1191982
                                                         Heap Blocks: exact=8393
                                                         Buffers: shared hit=1615 read=7797
                                                         ->  Bitmap Index Scan on info_type_id_movie_info  (cost=0.00..13055.37 rows=1221191 width=0) (actual time=35.383..35.384 rows=1298989 loops=1)
                                                               Index Cond: (info_type_id = 4)
                                                               Buffers: shared read=1019
                                                   ->  Memoize  (cost=0.44..7.15 rows=1 width=8) (actual time=0.034..0.034 rows=0 loops=107007)
                                                         Cache Key: mi2.movie_id
                                                         Cache Mode: logical
                                                         Hits: 983  Misses: 106024  Evictions: 0  Overflows: 0  Memory Usage: 7941kB
                                                         Buffers: shared hit=418306 read=5790
                                                         ->  Index Scan using title_pkey on title t  (cost=0.43..7.14 rows=1 width=8) (actual time=0.033..0.033 rows=0 loops=106024)
                                                               Index Cond: (id = mi2.movie_id)
                                                               Filter: ((production_year <= 1975) AND (1925 < production_year))
                                                               Rows Removed by Filter: 1
                                                               Buffers: shared hit=418306 read=5790
                                             ->  Hash  (cost=1.10..1.10 rows=3 width=4) (actual time=0.018..0.019 rows=3 loops=1)
                                                   Buckets: 1024  Batches: 1  Memory Usage: 9kB
                                                   Buffers: shared hit=1
                                                   ->  Seq Scan on kind_type kt  (cost=0.00..1.10 rows=3 width=4) (actual time=0.008..0.010 rows=3 loops=1)
                                                         Filter: ((kind)::text = ANY ('{"tv series","video game","video movie"}'::text[]))
                                                         Rows Removed by Filter: 4
                                                         Buffers: shared hit=1
                                       ->  Index Scan using movie_id_movie_info on movie_info mi1  (cost=0.43..43.13 rows=1 width=8) (actual time=0.060..0.061 rows=0 loops=1083)
                                             Index Cond: (movie_id = t.id)
                                             Filter: ((info_type_id = 3) AND ((info)::text = ANY ('{Adventure,Documentary,Drama,Romance}'::text[])))
                                             Rows Removed by Filter: 7
                                             Buffers: shared hit=7760 read=807
                     ->  Index Scan using movie_id_cast_info on cast_info ci  (cost=0.44..44.50 rows=38 width=12) (actual time=0.053..0.273 rows=20 loops=275)
                           Index Cond: (movie_id = t.id)
                           Buffers: shared hit=4519 read=1861
               ->  Hash  (cost=1.15..1.15 rows=2 width=4) (actual time=0.035..0.036 rows=2 loops=1)
                     Buckets: 1024  Batches: 1  Memory Usage: 9kB
                     Buffers: shared hit=1
                     ->  Seq Scan on role_type rt  (cost=0.00..1.15 rows=2 width=4) (actual time=0.027..0.029 rows=2 loops=1)
                           Filter: ((role)::text = ANY ('{composer,"production designer"}'::text[]))
                           Rows Removed by Filter: 10
                           Buffers: shared hit=1
         ->  Index Scan using name_pkey on name n  (cost=0.43..2.32 rows=1 width=4) (actual time=0.047..0.047 rows=1 loops=159)
               Index Cond: (id = ci.person_id)
               Filter: ((gender)::text = ANY ('{f,m}'::text[]))
               Rows Removed by Filter: 0
               Buffers: shared hit=478 read=158
 Planning:
   Buffers: shared hit=504 read=70
 Planning Time: 12.550 ms
 Execution Time: 4456.455 ms
(78 rows)

