                                                                                                  QUERY PLAN                                                                                                  
--------------------------------------------------------------------------------------------------------------------------------------------------------------------------------------------------------------
 Aggregate  (cost=947752.61..947752.62 rows=1 width=8) (actual time=182799.979..182799.988 rows=1 loops=1)
   Buffers: shared hit=16108115 read=2059465, temp read=11004 written=9964
   ->  Nested Loop  (cost=833542.22..947751.88 rows=293 width=0) (actual time=1064.016..182770.844 rows=88033 loops=1)
         Buffers: shared hit=16108115 read=2059465, temp read=11004 written=9964
         ->  Seq Scan on info_type it2  (cost=0.00..2.41 rows=1 width=4) (actual time=0.046..0.057 rows=1 loops=1)
               Filter: (id = 4)
               Rows Removed by Filter: 112
               Buffers: shared hit=1
         ->  Nested Loop  (cost=833542.22..947746.54 rows=293 width=4) (actual time=1063.969..182746.724 rows=88033 loops=1)
               Buffers: shared hit=16108114 read=2059465, temp read=11004 written=9964
               ->  Seq Scan on info_type it1  (cost=0.00..2.41 rows=1 width=4) (actual time=0.009..0.023 rows=1 loops=1)
                     Filter: (id = 3)
                     Rows Removed by Filter: 112
                     Buffers: shared hit=1
               ->  Nested Loop  (cost=833542.22..947741.20 rows=293 width=8) (actual time=1063.958..182719.860 rows=88033 loops=1)
                     Buffers: shared hit=16108113 read=2059465, temp read=11004 written=9964
                     ->  Hash Join  (cost=833541.79..944816.28 rows=1261 width=12) (actual time=1063.927..141385.290 rows=1074137 loops=1)
                           Hash Cond: (ci.role_id = rt.id)
                           Buffers: shared hit=12081364 read=1789666, temp read=11004 written=9964
                           ->  Nested Loop  (cost=833540.63..944761.36 rows=15137 width=16) (actual time=1063.839..139190.352 rows=10209086 loops=1)
                                 Buffers: shared hit=12081363 read=1789666, temp read=11004 written=9964
                                 ->  Nested Loop  (cost=833540.19..898656.74 rows=1056 width=20) (actual time=1063.799..24737.755 rows=491446 loops=1)
                                       Buffers: shared hit=2468195 read=31180, temp read=11004 written=9964
                                       ->  Nested Loop  (cost=833540.05..898596.74 rows=2463 width=24) (actual time=1063.101..24246.294 rows=552626 loops=1)
                                             Buffers: shared hit=2468183 read=31180, temp read=11004 written=9964
                                             ->  Merge Join  (cost=833539.62..834552.45 rows=19438 width=16) (actual time=1063.042..2100.201 rows=619744 loops=1)
                                                   Merge Cond: (mi1.movie_id = mi2.movie_id)
                                                   Buffers: shared hit=11006 read=9381, temp read=11004 written=9964
                                                   ->  Sort  (cost=396851.68..397066.58 rows=85960 width=8) (actual time=523.560..700.977 rows=851086 loops=1)
                                                         Sort Key: mi1.movie_id
                                                         Sort Method: external sort  Disk: 18392kB
                                                         Buffers: shared hit=1594 read=9381, temp read=4590 written=4601
                                                         ->  Bitmap Heap Scan on movie_info mi1  (cost=16469.98..389806.66 rows=85960 width=8) (actual time=41.334..310.456 rows=851087 loops=1)
                                                               Recheck Cond: (info_type_id = 3)
                                                               Filter: ((info)::text = ANY ('{Action,Animation,Drama,Fantasy,History,Horror,Romance,Short,Thriller}'::text[]))
                                                               Rows Removed by Filter: 682822
                                                               Heap Blocks: exact=9772
                                                               Buffers: shared hit=1594 read=9381
                                                               ->  Bitmap Index Scan on info_type_id_movie_info  (cost=0.00..16448.47 rows=1538671 width=0) (actual time=40.129..40.130 rows=1533909 loops=1)
                                                                     Index Cond: (info_type_id = 3)
                                                                     Buffers: shared hit=1 read=1202
                                                   ->  Sort  (cost=436687.94..436882.26 rows=77730 width=8) (actual time=539.470..830.054 rows=1191759 loops=1)
                                                         Sort Key: mi2.movie_id
                                                         Sort Method: external sort  Disk: 21440kB
                                                         Buffers: shared hit=9412, temp read=5882 written=5363
                                                         ->  Bitmap Heap Scan on movie_info mi2  (cost=13074.80..430373.86 rows=77730 width=8) (actual time=29.227..298.168 rows=992169 loops=1)
                                                               Recheck Cond: (info_type_id = 4)
                                                               Filter: ((info)::text = ANY ('{Cantonese,English,French,Greek,Japanese,Spanish,Turkish}'::text[]))
                                                               Rows Removed by Filter: 306820
                                                               Heap Blocks: exact=8393
                                                               Buffers: shared hit=9412
                                                               ->  Bitmap Index Scan on info_type_id_movie_info  (cost=0.00..13055.37 rows=1221191 width=0) (actual time=28.187..28.187 rows=1298989 loops=1)
                                                                     Index Cond: (info_type_id = 4)
                                                                     Buffers: shared hit=1019
                                             ->  Index Scan using title_pkey on title t  (cost=0.43..3.29 rows=1 width=8) (actual time=0.035..0.035 rows=1 loops=619744)
                                                   Index Cond: (id = mi1.movie_id)
                                                   Filter: ((production_year <= 2015) AND (1925 < production_year))
                                                   Rows Removed by Filter: 0
                                                   Buffers: shared hit=2457177 read=21799
                                       ->  Memoize  (cost=0.14..0.16 rows=1 width=4) (actual time=0.000..0.000 rows=1 loops=552626)
                                             Cache Key: t.kind_id
                                             Cache Mode: logical
                                             Hits: 552620  Misses: 6  Evictions: 0  Overflows: 0  Memory Usage: 1kB
                                             Buffers: shared hit=12
                                             ->  Index Scan using kind_type_pkey on kind_type kt  (cost=0.13..0.15 rows=1 width=4) (actual time=0.012..0.012 rows=0 loops=6)
                                                   Index Cond: (id = t.kind_id)
                                                   Filter: ((kind)::text = ANY ('{episode,movie,"video movie"}'::text[]))
                                                   Rows Removed by Filter: 0
                                                   Buffers: shared hit=12
                                 ->  Index Scan using movie_id_cast_info on cast_info ci  (cost=0.44..43.28 rows=38 width=12) (actual time=0.037..0.227 rows=21 loops=491446)
                                       Index Cond: (movie_id = t.id)
                                       Buffers: shared hit=9613168 read=1758486
                           ->  Hash  (cost=1.15..1.15 rows=1 width=4) (actual time=0.021..0.022 rows=1 loops=1)
                                 Buckets: 1024  Batches: 1  Memory Usage: 9kB
                                 Buffers: shared hit=1
                                 ->  Seq Scan on role_type rt  (cost=0.00..1.15 rows=1 width=4) (actual time=0.010..0.012 rows=1 loops=1)
                                       Filter: ((role)::text = 'producer'::text)
                                       Rows Removed by Filter: 11
                                       Buffers: shared hit=1
                     ->  Index Scan using name_pkey on name n  (cost=0.43..2.32 rows=1 width=4) (actual time=0.038..0.038 rows=0 loops=1074137)
                           Index Cond: (id = ci.person_id)
                           Filter: ((gender)::text = 'f'::text)
                           Rows Removed by Filter: 1
                           Buffers: shared hit=4026749 read=269799
 Planning:
   Buffers: shared hit=576 read=1
 Planning Time: 13.477 ms
 Execution Time: 182812.679 ms
(88 rows)

