                                                                                            QUERY PLAN                                                                                            
--------------------------------------------------------------------------------------------------------------------------------------------------------------------------------------------------
 Aggregate  (cost=762195.72..762195.73 rows=1 width=8) (actual time=2253.222..2253.231 rows=1 loops=1)
   Buffers: shared hit=104563 read=81240, temp read=1687 written=1687
   ->  Nested Loop  (cost=92536.78..762195.03 rows=276 width=0) (actual time=430.855..2253.092 rows=162 loops=1)
         Buffers: shared hit=104563 read=81240, temp read=1687 written=1687
         ->  Hash Join  (cost=92536.35..761213.88 rows=423 width=4) (actual time=429.535..2223.169 rows=692 loops=1)
               Hash Cond: (ci.role_id = rt.id)
               Buffers: shared hit=102464 read=80571, temp read=1687 written=1687
               ->  Nested Loop  (cost=92535.18..761203.70 rows=2537 width=8) (actual time=428.400..2217.472 rows=36447 loops=1)
                     Buffers: shared hit=102463 read=80571, temp read=1687 written=1687
                     ->  Nested Loop  (cost=92534.74..753317.58 rows=177 width=12) (actual time=428.367..1720.150 rows=3931 loops=1)
                           Buffers: shared hit=70402 read=65243, temp read=1687 written=1687
                           ->  Seq Scan on info_type it2  (cost=0.00..2.41 rows=1 width=4) (actual time=0.030..0.039 rows=1 loops=1)
                                 Filter: (id = 4)
                                 Rows Removed by Filter: 112
                                 Buffers: shared hit=1
                           ->  Nested Loop  (cost=92534.74..753313.40 rows=177 width=16) (actual time=428.336..1719.383 rows=3931 loops=1)
                                 Buffers: shared hit=70401 read=65243, temp read=1687 written=1687
                                 ->  Seq Scan on info_type it1  (cost=0.00..2.41 rows=1 width=4) (actual time=0.008..0.020 rows=1 loops=1)
                                       Filter: (id = 3)
                                       Rows Removed by Filter: 112
                                       Buffers: shared hit=1
                                 ->  Nested Loop  (cost=92534.74..753309.21 rows=177 width=20) (actual time=428.325..1718.632 rows=3931 loops=1)
                                       Buffers: shared hit=70400 read=65243, temp read=1687 written=1687
                                       ->  Hash Join  (cost=92534.30..496520.27 rows=5962 width=12) (actual time=428.267..971.312 rows=8931 loops=1)
                                             Hash Cond: (mi2.movie_id = t.id)
                                             Buffers: shared hit=1733 read=44071, temp read=1687 written=1687
                                             ->  Bitmap Heap Scan on movie_info mi2  (cost=13074.60..415344.48 rows=76925 width=8) (actual time=35.991..337.317 rows=976541 loops=1)
                                                   Recheck Cond: (info_type_id = 4)
                                                   Filter: ((info)::text = ANY ('{Danish,English,German,Italian,Serbo-Croatian,Spanish}'::text[]))
                                                   Rows Removed by Filter: 322448
                                                   Heap Blocks: exact=8393
                                                   Buffers: shared hit=3 read=9409
                                                   ->  Bitmap Index Scan on info_type_id_movie_info  (cost=0.00..13055.37 rows=1221191 width=0) (actual time=34.938..34.938 rows=1298989 loops=1)
                                                         Index Cond: (info_type_id = 4)
                                                         Buffers: shared read=1019
                                             ->  Hash  (cost=76244.10..76244.10 rows=195968 width=4) (actual time=389.342..389.346 rows=11843 loops=1)
                                                   Buckets: 262144  Batches: 2  Memory Usage: 2260kB
                                                   Buffers: shared hit=1730 read=34662, temp written=17
                                                   ->  Hash Join  (cost=1.13..76244.10 rows=195968 width=4) (actual time=0.142..386.224 rows=11843 loops=1)
                                                         Hash Cond: (t.kind_id = kt.id)
                                                         Buffers: shared hit=1730 read=34662
                                                         ->  Seq Scan on title t  (cost=0.00..74315.95 rows=457258 width=8) (actual time=0.026..359.907 rows=451569 loops=1)
                                                               Filter: ((production_year <= 1975) AND (1875 < production_year))
                                                               Rows Removed by Filter: 2076743
                                                               Buffers: shared hit=1729 read=34662
                                                         ->  Hash  (cost=1.10..1.10 rows=3 width=4) (actual time=0.016..0.017 rows=3 loops=1)
                                                               Buckets: 1024  Batches: 1  Memory Usage: 9kB
                                                               Buffers: shared hit=1
                                                               ->  Seq Scan on kind_type kt  (cost=0.00..1.10 rows=3 width=4) (actual time=0.007..0.008 rows=3 loops=1)
                                                                     Filter: ((kind)::text = ANY ('{"tv series","video game","video movie"}'::text[]))
                                                                     Rows Removed by Filter: 4
                                                                     Buffers: shared hit=1
                                       ->  Index Scan using movie_id_movie_info on movie_info mi1  (cost=0.43..43.06 rows=1 width=8) (actual time=0.082..0.083 rows=0 loops=8931)
                                             Index Cond: (movie_id = t.id)
                                             Filter: ((info_type_id = 3) AND ((info)::text = ANY ('{Adventure,Crime,Drama,History,Music,Musical,Short}'::text[])))
                                             Rows Removed by Filter: 10
                                             Buffers: shared hit=68667 read=21172
                     ->  Index Scan using movie_id_cast_info on cast_info ci  (cost=0.44..44.17 rows=38 width=12) (actual time=0.033..0.124 rows=9 loops=3931)
                           Index Cond: (movie_id = t.id)
                           Buffers: shared hit=32061 read=15328
               ->  Hash  (cost=1.15..1.15 rows=2 width=4) (actual time=0.039..0.040 rows=2 loops=1)
                     Buckets: 1024  Batches: 1  Memory Usage: 9kB
                     Buffers: shared hit=1
                     ->  Seq Scan on role_type rt  (cost=0.00..1.15 rows=2 width=4) (actual time=0.030..0.032 rows=2 loops=1)
                           Filter: ((role)::text = ANY ('{cinematographer,"production designer"}'::text[]))
                           Rows Removed by Filter: 10
                           Buffers: shared hit=1
         ->  Index Scan using name_pkey on name n  (cost=0.43..2.32 rows=1 width=4) (actual time=0.042..0.042 rows=0 loops=692)
               Index Cond: (id = ci.person_id)
               Filter: ((gender)::text = ANY ('{f,m}'::text[]))
               Rows Removed by Filter: 1
               Buffers: shared hit=2099 read=669
 Planning:
   Buffers: shared hit=486 read=88
 Planning Time: 13.693 ms
 Execution Time: 2253.821 ms
(76 rows)

