                                                                                            QUERY PLAN                                                                                            
--------------------------------------------------------------------------------------------------------------------------------------------------------------------------------------------------
 Aggregate  (cost=750278.33..750278.34 rows=1 width=8) (actual time=1362.022..1362.029 rows=1 loops=1)
   Buffers: shared hit=35671 read=39649, temp read=1730 written=1730
   ->  Nested Loop  (cost=512782.29..750278.18 rows=59 width=0) (actual time=936.874..1361.997 rows=67 loops=1)
         Buffers: shared hit=35671 read=39649, temp read=1730 written=1730
         ->  Seq Scan on info_type it2  (cost=0.00..2.41 rows=1 width=4) (actual time=0.047..0.052 rows=1 loops=1)
               Filter: (id = 4)
               Rows Removed by Filter: 112
               Buffers: shared hit=1
         ->  Nested Loop  (cost=512782.29..750275.18 rows=59 width=4) (actual time=936.825..1361.925 rows=67 loops=1)
               Buffers: shared hit=35670 read=39649, temp read=1730 written=1730
               ->  Seq Scan on info_type it1  (cost=0.00..2.41 rows=1 width=4) (actual time=0.009..0.015 rows=1 loops=1)
                     Filter: (id = 3)
                     Rows Removed by Filter: 112
                     Buffers: shared hit=1
               ->  Nested Loop  (cost=512782.29..750272.18 rows=59 width=8) (actual time=936.815..1361.889 rows=67 loops=1)
                     Join Filter: (t.id = mi1.movie_id)
                     Buffers: shared hit=35669 read=39649, temp read=1730 written=1730
                     ->  Nested Loop  (cost=512781.85..667625.27 rows=1950 width=16) (actual time=928.491..1356.085 rows=112 loops=1)
                           Buffers: shared hit=34799 read=39340, temp read=1730 written=1730
                           ->  Hash Join  (cost=512781.42..648155.22 rows=8394 width=20) (actual time=925.963..1286.966 rows=5316 loops=1)
                                 Hash Cond: (ci.movie_id = t.id)
                                 Buffers: shared hit=16050 read=36825, temp read=1730 written=1730
                                 ->  Nested Loop  (cost=0.44..123965.00 rows=3020080 width=8) (actual time=0.240..247.544 rows=1093558 loops=1)
                                       Buffers: shared hit=2894 read=4177
                                       ->  Seq Scan on role_type rt  (cost=0.00..1.15 rows=1 width=4) (actual time=0.011..0.013 rows=1 loops=1)
                                             Filter: ((role)::text = 'editor'::text)
                                             Rows Removed by Filter: 11
                                             Buffers: shared hit=1
                                       ->  Index Scan using role_id_cast_info on cast_info ci  (cost=0.44..91017.52 rows=3294633 width=12) (actual time=0.224..161.945 rows=1093558 loops=1)
                                             Index Cond: (role_id = rt.id)
                                             Buffers: shared hit=2893 read=4177
                                 ->  Hash  (cost=512693.14..512693.14 rows=7027 width=12) (actual time=925.597..925.601 rows=24296 loops=1)
                                       Buckets: 32768 (originally 8192)  Batches: 1 (originally 1)  Memory Usage: 1300kB
                                       Buffers: shared hit=13156 read=32648, temp read=1730 written=1730
                                       ->  Hash Join  (cost=93531.08..512693.14 rows=7027 width=12) (actual time=457.738..920.369 rows=24296 loops=1)
                                             Hash Cond: (mi2.movie_id = t.id)
                                             Buffers: shared hit=13156 read=32648, temp read=1730 written=1730
                                             ->  Bitmap Heap Scan on movie_info mi2  (cost=13074.35..430373.41 rows=75929 width=8) (actual time=34.848..310.175 rows=983197 loops=1)
                                                   Recheck Cond: (info_type_id = 4)
                                                   Filter: ((info)::text = ANY ('{Cantonese,English,Finnish,German,Italian,Spanish,Tagalog}'::text[]))
                                                   Rows Removed by Filter: 315792
                                                   Heap Blocks: exact=8393
                                                   Buffers: shared hit=9412
                                                   ->  Bitmap Index Scan on info_type_id_movie_info  (cost=0.00..13055.37 rows=1221191 width=0) (actual time=33.811..33.811 rows=1298989 loops=1)
                                                         Index Cond: (info_type_id = 4)
                                                         Buffers: shared hit=1019
                                             ->  Hash  (cost=76617.93..76617.93 rows=233984 width=4) (actual time=419.996..419.999 rows=33701 loops=1)
                                                   Buckets: 262144  Batches: 2  Memory Usage: 2644kB
                                                   Buffers: shared hit=3744 read=32648, temp written=49
                                                   ->  Hash Join  (cost=1.13..76617.93 rows=233984 width=4) (actual time=0.059..412.528 rows=33701 loops=1)
                                                         Hash Cond: (t.kind_id = kt.id)
                                                         Buffers: shared hit=3744 read=32648
                                                         ->  Seq Scan on title t  (cost=0.00..74315.95 rows=545963 width=8) (actual time=0.018..379.945 rows=538239 loops=1)
                                                               Filter: ((production_year <= 1990) AND (1950 < production_year))
                                                               Rows Removed by Filter: 1990073
                                                               Buffers: shared hit=3743 read=32648
                                                         ->  Hash  (cost=1.10..1.10 rows=3 width=4) (actual time=0.016..0.017 rows=3 loops=1)
                                                               Buckets: 1024  Batches: 1  Memory Usage: 9kB
                                                               Buffers: shared hit=1
                                                               ->  Seq Scan on kind_type kt  (cost=0.00..1.10 rows=3 width=4) (actual time=0.007..0.008 rows=3 loops=1)
                                                                     Filter: ((kind)::text = ANY ('{"tv series","video game","video movie"}'::text[]))
                                                                     Rows Removed by Filter: 4
                                                                     Buffers: shared hit=1
                           ->  Index Scan using name_pkey on name n  (cost=0.43..2.32 rows=1 width=4) (actual time=0.013..0.013 rows=0 loops=5316)
                                 Index Cond: (id = ci.person_id)
                                 Filter: ((gender)::text = 'f'::text)
                                 Rows Removed by Filter: 1
                                 Buffers: shared hit=18749 read=2515
                     ->  Index Scan using movie_id_movie_info on movie_info mi1  (cost=0.43..42.37 rows=1 width=8) (actual time=0.050..0.051 rows=1 loops=112)
                           Index Cond: (movie_id = ci.movie_id)
                           Filter: ((info_type_id = 3) AND ((info)::text = ANY ('{Adventure,Comedy,Documentary,Drama,History,Romance,Thriller,Western}'::text[])))
                           Rows Removed by Filter: 11
                           Buffers: shared hit=870 read=309
 Planning:
   Buffers: shared hit=574
 Planning Time: 13.561 ms
 Execution Time: 1362.559 ms
(77 rows)

