                                                                                               QUERY PLAN                                                                                               
--------------------------------------------------------------------------------------------------------------------------------------------------------------------------------------------------------
 Aggregate  (cost=999335.11..999335.12 rows=1 width=8) (actual time=138888.498..138888.518 rows=1 loops=1)
   Buffers: shared hit=11594661 read=2027000, temp read=16864 written=16864
   ->  Nested Loop  (cost=501845.42..999334.37 rows=297 width=0) (actual time=1789.131..138868.270 rows=52961 loops=1)
         Buffers: shared hit=11594661 read=2027000, temp read=16864 written=16864
         ->  Seq Scan on info_type it2  (cost=0.00..2.41 rows=1 width=4) (actual time=0.042..0.049 rows=1 loops=1)
               Filter: (id = 4)
               Rows Removed by Filter: 112
               Buffers: shared hit=1
         ->  Nested Loop  (cost=501845.42..999328.99 rows=297 width=4) (actual time=1789.088..138852.745 rows=52961 loops=1)
               Buffers: shared hit=11594660 read=2027000, temp read=16864 written=16864
               ->  Seq Scan on info_type it1  (cost=0.00..2.41 rows=1 width=4) (actual time=0.014..0.025 rows=1 loops=1)
                     Filter: (id = 3)
                     Rows Removed by Filter: 112
                     Buffers: shared hit=1
               ->  Nested Loop  (cost=501845.42..999323.61 rows=297 width=8) (actual time=1789.071..138835.871 rows=52961 loops=1)
                     Buffers: shared hit=11594659 read=2027000, temp read=16864 written=16864
                     ->  Hash Join  (cost=501844.99..996359.26 rows=1278 width=12) (actual time=1787.722..115208.287 rows=614805 loops=1)
                           Hash Cond: (ci.role_id = rt.id)
                           Buffers: shared hit=9399953 read=1762486, temp read=16864 written=16864
                           ->  Nested Loop  (cost=501843.82..996303.62 rows=15337 width=16) (actual time=1787.623..113281.430 rows=9923418 loops=1)
                                 Buffers: shared hit=9399952 read=1762486, temp read=16864 written=16864
                                 ->  Hash Join  (cost=501843.38..949506.58 rows=1070 width=20) (actual time=1787.583..3404.657 rows=498496 loops=1)
                                       Hash Cond: (mi2.movie_id = t.id)
                                       Buffers: shared hit=5762 read=51017, temp read=16864 written=16864
                                       ->  Bitmap Heap Scan on movie_info mi2  (cost=13075.04..460432.46 rows=78688 width=8) (actual time=36.343..551.445 rows=1032599 loops=1)
                                             Recheck Cond: (info_type_id = 4)
                                             Filter: ((info)::text = ANY ('{English,French,German,Greek,Hebrew,Hindi,Mandarin,Russian,Spanish}'::text[]))
                                             Rows Removed by Filter: 266390
                                             Heap Blocks: exact=8393
                                             Buffers: shared hit=1085 read=8327
                                             ->  Bitmap Index Scan on info_type_id_movie_info  (cost=0.00..13055.37 rows=1221191 width=0) (actual time=35.304..35.304 rows=1298989 loops=1)
                                                   Index Cond: (info_type_id = 4)
                                                   Buffers: shared read=1019
                                       ->  Hash  (cost=488338.43..488338.43 rows=34393 width=12) (actual time=1749.107..1749.122 rows=589940 loops=1)
                                             Buckets: 262144 (originally 65536)  Batches: 8 (originally 1)  Memory Usage: 6145kB
                                             Buffers: shared hit=4677 read=42690, temp read=9813 written=11826
                                             ->  Hash Join  (cost=110393.22..488338.43 rows=34393 width=12) (actual time=886.984..1646.657 rows=589940 loops=1)
                                                   Hash Cond: (mi1.movie_id = t.id)
                                                   Buffers: shared hit=4677 read=42690, temp read=9813 written=9813
                                                   ->  Bitmap Heap Scan on movie_info mi1  (cost=16477.60..389814.28 rows=116426 width=8) (actual time=36.817..326.388 rows=1119600 loops=1)
                                                         Recheck Cond: (info_type_id = 3)
                                                         Filter: ((info)::text = ANY ('{Comedy,Crime,Documentary,Drama,History,Music,Romance,Short,Thriller}'::text[]))
                                                         Rows Removed by Filter: 414309
                                                         Heap Blocks: exact=9772
                                                         Buffers: shared hit=4676 read=6299
                                                         ->  Bitmap Index Scan on info_type_id_movie_info  (cost=0.00..16448.47 rows=1538671 width=0) (actual time=35.619..35.619 rows=1533909 loops=1)
                                                               Index Cond: (info_type_id = 3)
                                                               Buffers: shared hit=1 read=1202
                                                   ->  Hash  (cost=81661.50..81661.50 rows=746890 width=4) (actual time=848.239..848.243 rows=1610551 loops=1)
                                                         Buckets: 262144 (originally 262144)  Batches: 16 (originally 8)  Memory Usage: 6145kB
                                                         Buffers: shared hit=1 read=36391, temp written=4414
                                                         ->  Hash Join  (cost=1.13..81661.50 rows=746890 width=4) (actual time=0.051..627.166 rows=1610551 loops=1)
                                                               Hash Cond: (t.kind_id = kt.id)
                                                               Buffers: shared hit=1 read=36391
                                                               ->  Seq Scan on title t  (cost=0.00..74315.95 rows=1742744 width=8) (actual time=0.027..431.465 rows=1748995 loops=1)
                                                                     Filter: ((production_year <= 2015) AND (1990 < production_year))
                                                                     Rows Removed by Filter: 779317
                                                                     Buffers: shared read=36391
                                                               ->  Hash  (cost=1.10..1.10 rows=3 width=4) (actual time=0.014..0.016 rows=3 loops=1)
                                                                     Buckets: 1024  Batches: 1  Memory Usage: 9kB
                                                                     Buffers: shared hit=1
                                                                     ->  Seq Scan on kind_type kt  (cost=0.00..1.10 rows=3 width=4) (actual time=0.009..0.010 rows=3 loops=1)
                                                                           Filter: ((kind)::text = ANY ('{episode,movie,"video movie"}'::text[]))
                                                                           Rows Removed by Filter: 4
                                                                           Buffers: shared hit=1
                                 ->  Index Scan using movie_id_cast_info on cast_info ci  (cost=0.44..43.36 rows=38 width=12) (actual time=0.037..0.214 rows=20 loops=498496)
                                       Index Cond: (movie_id = t.id)
                                       Buffers: shared hit=9394190 read=1711469
                           ->  Hash  (cost=1.15..1.15 rows=1 width=4) (actual time=0.020..0.021 rows=1 loops=1)
                                 Buckets: 1024  Batches: 1  Memory Usage: 9kB
                                 Buffers: shared hit=1
                                 ->  Seq Scan on role_type rt  (cost=0.00..1.15 rows=1 width=4) (actual time=0.010..0.012 rows=1 loops=1)
                                       Filter: ((role)::text = 'writer'::text)
                                       Rows Removed by Filter: 11
                                       Buffers: shared hit=1
                     ->  Index Scan using name_pkey on name n  (cost=0.43..2.32 rows=1 width=4) (actual time=0.038..0.038 rows=0 loops=614805)
                           Index Cond: (id = ci.person_id)
                           Filter: ((gender)::text = 'f'::text)
                           Rows Removed by Filter: 1
                           Buffers: shared hit=2194706 read=264514
 Planning:
   Buffers: shared hit=487 read=90
 Planning Time: 14.660 ms
 Execution Time: 138889.196 ms
(84 rows)

