                                                                                               QUERY PLAN                                                                                               
--------------------------------------------------------------------------------------------------------------------------------------------------------------------------------------------------------
 Aggregate  (cost=696266.73..696266.74 rows=1 width=8) (actual time=41422.885..41422.894 rows=1 loops=1)
   Buffers: shared hit=3611190 read=438974
   ->  Nested Loop  (cost=13061.84..696266.32 rows=167 width=0) (actual time=977.405..41418.793 rows=8528 loops=1)
         Buffers: shared hit=3611190 read=438974
         ->  Hash Join  (cost=13061.41..695340.83 rows=399 width=4) (actual time=36.963..39395.951 rows=52173 loops=1)
               Hash Cond: (ci.role_id = rt.id)
               Buffers: shared hit=3413731 read=427741
               ->  Nested Loop  (cost=13060.24..695331.14 rows=2394 width=8) (actual time=36.614..39040.697 rows=1922413 loops=1)
                     Buffers: shared hit=3413730 read=427741
                     ->  Nested Loop  (cost=13059.80..688039.98 rows=167 width=12) (actual time=36.569..17563.329 rows=95595 loops=1)
                           Buffers: shared hit=1534892 read=144435
                           ->  Seq Scan on info_type it2  (cost=0.00..2.41 rows=1 width=4) (actual time=0.020..0.034 rows=1 loops=1)
                                 Filter: (id = 4)
                                 Rows Removed by Filter: 112
                                 Buffers: shared hit=1
                           ->  Nested Loop  (cost=13059.80..688035.90 rows=167 width=16) (actual time=36.548..17540.421 rows=95595 loops=1)
                                 Buffers: shared hit=1534891 read=144435
                                 ->  Seq Scan on info_type it1  (cost=0.00..2.41 rows=1 width=4) (actual time=0.008..0.026 rows=1 loops=1)
                                       Filter: (id = 3)
                                       Rows Removed by Filter: 112
                                       Buffers: shared hit=1
                                 ->  Nested Loop  (cost=13059.80..688031.81 rows=167 width=20) (actual time=36.536..17514.758 rows=95595 loops=1)
                                       Buffers: shared hit=1534890 read=144435
                                       ->  Hash Join  (cost=13059.36..523619.38 rows=3867 width=12) (actual time=36.206..6986.791 rows=104761 loops=1)
                                             Hash Cond: (t.kind_id = kt.id)
                                             Buffers: shared hit=559344 read=42921
                                             ->  Nested Loop  (cost=13058.23..523580.21 rows=9024 width=16) (actual time=35.984..6926.072 rows=133711 loops=1)
                                                   Buffers: shared hit=559343 read=42921
                                                   ->  Bitmap Heap Scan on movie_info mi2  (cost=13057.79..460415.21 rows=9681 width=8) (actual time=35.923..903.583 rows=151788 loops=1)
                                                         Recheck Cond: (info_type_id = 4)
                                                         Filter: ((info)::text = ANY ('{Cantonese,Danish,French,Hebrew,Italian,Portuguese,Romanian,Russian,Serbo-Croatian}'::text[]))
                                                         Rows Removed by Filter: 1147201
                                                         Heap Blocks: exact=8393
                                                         Buffers: shared hit=66 read=9346
                                                         ->  Bitmap Index Scan on info_type_id_movie_info  (cost=0.00..13055.37 rows=1221191 width=0) (actual time=33.174..33.174 rows=1298989 loops=1)
                                                               Index Cond: (info_type_id = 4)
                                                               Buffers: shared read=1019
                                                   ->  Memoize  (cost=0.44..6.60 rows=1 width=8) (actual time=0.039..0.039 rows=1 loops=151788)
                                                         Cache Key: mi2.movie_id
                                                         Cache Mode: logical
                                                         Hits: 3575  Misses: 148213  Evictions: 67252  Overflows: 0  Memory Usage: 8193kB
                                                         Buffers: shared hit=559277 read=33575
                                                         ->  Index Scan using title_pkey on title t  (cost=0.43..6.59 rows=1 width=8) (actual time=0.038..0.038 rows=1 loops=148213)
                                                               Index Cond: (id = mi2.movie_id)
                                                               Filter: ((production_year <= 2015) AND (1925 < production_year))
                                                               Rows Removed by Filter: 0
                                                               Buffers: shared hit=559277 read=33575
                                             ->  Hash  (cost=1.10..1.10 rows=3 width=4) (actual time=0.012..0.014 rows=3 loops=1)
                                                   Buckets: 1024  Batches: 1  Memory Usage: 9kB
                                                   Buffers: shared hit=1
                                                   ->  Seq Scan on kind_type kt  (cost=0.00..1.10 rows=3 width=4) (actual time=0.006..0.008 rows=3 loops=1)
                                                         Filter: ((kind)::text = ANY ('{episode,movie,"video movie"}'::text[]))
                                                         Rows Removed by Filter: 4
                                                         Buffers: shared hit=1
                                       ->  Index Scan using movie_id_movie_info on movie_info mi1  (cost=0.43..42.51 rows=1 width=8) (actual time=0.099..0.100 rows=1 loops=104761)
                                             Index Cond: (movie_id = t.id)
                                             Filter: ((info_type_id = 3) AND ((info)::text = ANY ('{Comedy,Documentary,Drama,Family,Horror,Mystery,Short,War}'::text[])))
                                             Rows Removed by Filter: 13
                                             Buffers: shared hit=975546 read=101514
                     ->  Index Scan using movie_id_cast_info on cast_info ci  (cost=0.44..43.28 rows=38 width=12) (actual time=0.036..0.219 rows=20 loops=95595)
                           Index Cond: (movie_id = t.id)
                           Buffers: shared hit=1878838 read=283306
               ->  Hash  (cost=1.15..1.15 rows=2 width=4) (actual time=0.031..0.032 rows=2 loops=1)
                     Buckets: 1024  Batches: 1  Memory Usage: 9kB
                     Buffers: shared hit=1
                     ->  Seq Scan on role_type rt  (cost=0.00..1.15 rows=2 width=4) (actual time=0.022..0.023 rows=2 loops=1)
                           Filter: ((role)::text = ANY ('{"costume designer","production designer"}'::text[]))
                           Rows Removed by Filter: 10
                           Buffers: shared hit=1
         ->  Index Scan using name_pkey on name n  (cost=0.43..2.32 rows=1 width=4) (actual time=0.038..0.038 rows=0 loops=52173)
               Index Cond: (id = ci.person_id)
               Filter: ((gender)::text = 'm'::text)
               Rows Removed by Filter: 1
               Buffers: shared hit=197459 read=11233
 Planning:
   Buffers: shared hit=487 read=87
 Planning Time: 11.178 ms
 Execution Time: 41425.124 ms
(78 rows)

