                                                                                                  QUERY PLAN                                                                                                  
--------------------------------------------------------------------------------------------------------------------------------------------------------------------------------------------------------------
 Aggregate  (cost=954373.98..954373.99 rows=1 width=8) (actual time=180845.617..180845.626 rows=1 loops=1)
   Buffers: shared hit=15596038 read=2139348, temp read=12951 written=12248
   ->  Nested Loop  (cost=862169.96..954373.39 rows=234 width=0) (actual time=1121.928..180818.348 rows=76082 loops=1)
         Buffers: shared hit=15596038 read=2139348, temp read=12951 written=12248
         ->  Seq Scan on info_type it2  (cost=0.00..2.41 rows=1 width=4) (actual time=0.029..0.040 rows=1 loops=1)
               Filter: (id = 4)
               Rows Removed by Filter: 112
               Buffers: shared hit=1
         ->  Nested Loop  (cost=862169.96..954368.64 rows=234 width=4) (actual time=1121.897..180796.035 rows=76082 loops=1)
               Buffers: shared hit=15596037 read=2139348, temp read=12951 written=12248
               ->  Seq Scan on info_type it1  (cost=0.00..2.41 rows=1 width=4) (actual time=0.007..0.020 rows=1 loops=1)
                     Filter: (id = 3)
                     Rows Removed by Filter: 112
                     Buffers: shared hit=1
               ->  Nested Loop  (cost=862169.96..954363.89 rows=234 width=8) (actual time=1121.889..180773.421 rows=76082 loops=1)
                     Buffers: shared hit=15596036 read=2139348, temp read=12951 written=12248
                     ->  Hash Join  (cost=862169.53..952023.49 rows=1009 width=12) (actual time=1120.580..143661.680 rows=955150 loops=1)
                           Hash Cond: (ci.role_id = rt.id)
                           Buffers: shared hit=12051352 read=1863432, temp read=12951 written=12248
                           ->  Nested Loop  (cost=862168.37..951979.31 rows=12112 width=16) (actual time=1120.535..141447.695 rows=10983729 loops=1)
                                 Buffers: shared hit=12051351 read=1863432, temp read=12951 written=12248
                                 ->  Nested Loop  (cost=862167.93..915086.89 rows=845 width=20) (actual time=1120.508..21193.370 rows=379409 loops=1)
                                       Buffers: shared hit=2052886 read=46797, temp read=12951 written=12248
                                       ->  Nested Loop  (cost=862167.79..915038.66 rows=1971 width=24) (actual time=1120.315..20772.936 rows=479212 loops=1)
                                             Join Filter: (t.id = mi1.movie_id)
                                             Buffers: shared hit=2052874 read=46797, temp read=12951 written=12248
                                             ->  Merge Join  (cost=862167.36..863060.32 rows=15557 width=16) (actual time=1120.265..2037.345 rows=519821 loops=1)
                                                   Merge Cond: (mi1.movie_id = mi2.movie_id)
                                                   Buffers: shared hit=3756 read=16631, temp read=12951 written=12248
                                                   ->  Sort  (cost=394932.31..395092.94 rows=64253 width=8) (actual time=459.337..596.732 rows=639479 loops=1)
                                                         Sort Key: mi1.movie_id
                                                         Sort Method: external sort  Disk: 13816kB
                                                         Buffers: shared hit=1870 read=9105, temp read=3448 written=3456
                                                         ->  Bitmap Heap Scan on movie_info mi1  (cost=16464.55..389801.24 rows=64253 width=8) (actual time=38.842..296.264 rows=639479 loops=1)
                                                               Recheck Cond: (info_type_id = 3)
                                                               Filter: ((info)::text = ANY ('{Adventure,Comedy,Crime,Drama,Music,Mystery,News,Romance,Thriller}'::text[]))
                                                               Rows Removed by Filter: 894430
                                                               Heap Blocks: exact=9772
                                                               Buffers: shared hit=1870 read=9105
                                                               ->  Bitmap Index Scan on info_type_id_movie_info  (cost=0.00..16448.47 rows=1538671 width=0) (actual time=37.648..37.648 rows=1533909 loops=1)
                                                                     Index Cond: (info_type_id = 3)
                                                                     Buffers: shared read=1203
                                                   ->  Sort  (cost=467235.04..467443.11 rows=83225 width=8) (actual time=660.916..935.523 rows=1214422 loops=1)
                                                         Sort Key: mi2.movie_id
                                                         Sort Method: external sort  Disk: 23464kB
                                                         Buffers: shared hit=1886 read=7526, temp read=9140 written=8792
                                                         ->  Bitmap Heap Scan on movie_info mi2  (cost=13076.17..460433.59 rows=83225 width=8) (actual time=30.874..331.767 rows=1085697 loops=1)
                                                               Recheck Cond: (info_type_id = 4)
                                                               Filter: ((info)::text = ANY ('{Dutch,English,French,German,Greek,Hindi,Japanese,Russian,Spanish}'::text[]))
                                                               Rows Removed by Filter: 213292
                                                               Heap Blocks: exact=8393
                                                               Buffers: shared hit=1886 read=7526
                                                               ->  Bitmap Index Scan on info_type_id_movie_info  (cost=0.00..13055.37 rows=1221191 width=0) (actual time=29.822..29.823 rows=1298989 loops=1)
                                                                     Index Cond: (info_type_id = 4)
                                                                     Buffers: shared hit=1 read=1018
                                             ->  Index Scan using title_pkey on title t  (cost=0.43..3.33 rows=1 width=8) (actual time=0.035..0.035 rows=1 loops=519821)
                                                   Index Cond: (id = mi2.movie_id)
                                                   Filter: ((production_year <= 2015) AND (1925 < production_year))
                                                   Rows Removed by Filter: 0
                                                   Buffers: shared hit=2049118 read=30166
                                       ->  Memoize  (cost=0.14..0.16 rows=1 width=4) (actual time=0.000..0.000 rows=1 loops=479212)
                                             Cache Key: t.kind_id
                                             Cache Mode: logical
                                             Hits: 479206  Misses: 6  Evictions: 0  Overflows: 0  Memory Usage: 1kB
                                             Buffers: shared hit=12
                                             ->  Index Scan using kind_type_pkey on kind_type kt  (cost=0.13..0.15 rows=1 width=4) (actual time=0.012..0.012 rows=0 loops=6)
                                                   Index Cond: (id = t.kind_id)
                                                   Filter: ((kind)::text = ANY ('{episode,movie,"video movie"}'::text[]))
                                                   Rows Removed by Filter: 0
                                                   Buffers: shared hit=12
                                 ->  Index Scan using movie_id_cast_info on cast_info ci  (cost=0.44..43.28 rows=38 width=12) (actual time=0.037..0.308 rows=29 loops=379409)
                                       Index Cond: (movie_id = t.id)
                                       Buffers: shared hit=9998465 read=1816635
                           ->  Hash  (cost=1.15..1.15 rows=1 width=4) (actual time=0.013..0.014 rows=1 loops=1)
                                 Buckets: 1024  Batches: 1  Memory Usage: 9kB
                                 Buffers: shared hit=1
                                 ->  Seq Scan on role_type rt  (cost=0.00..1.15 rows=1 width=4) (actual time=0.006..0.007 rows=1 loops=1)
                                       Filter: ((role)::text = 'producer'::text)
                                       Rows Removed by Filter: 11
                                       Buffers: shared hit=1
                     ->  Index Scan using name_pkey on name n  (cost=0.43..2.32 rows=1 width=4) (actual time=0.038..0.038 rows=0 loops=955150)
                           Index Cond: (id = ci.person_id)
                           Filter: ((gender)::text = 'f'::text)
                           Rows Removed by Filter: 1
                           Buffers: shared hit=3544684 read=275916
 Planning:
   Buffers: shared hit=489 read=88
 Planning Time: 10.630 ms
 Execution Time: 180857.618 ms
(89 rows)

