                                                                                               QUERY PLAN                                                                                               
--------------------------------------------------------------------------------------------------------------------------------------------------------------------------------------------------------
 Aggregate  (cost=996014.01..996014.02 rows=1 width=8) (actual time=109553.335..109553.347 rows=1 loops=1)
   Buffers: shared hit=9019405 read=1588163, temp read=14620 written=14620
   ->  Nested Loop  (cost=545326.99..996010.32 rows=1474 width=0) (actual time=1847.109..109514.724 rows=152890 loops=1)
         Buffers: shared hit=9019405 read=1588163, temp read=14620 written=14620
         ->  Hash Join  (cost=545326.56..990763.57 rows=2262 width=4) (actual time=1846.445..91673.355 rows=462619 loops=1)
               Hash Cond: (ci.role_id = rt.id)
               Buffers: shared hit=7333642 read=1423450, temp read=14620 written=14620
               ->  Nested Loop  (cost=545325.39..990714.18 rows=13574 width=8) (actual time=1846.389..90234.326 rows=7674934 loops=1)
                     Buffers: shared hit=7333641 read=1423450, temp read=14620 written=14620
                     ->  Nested Loop  (cost=545324.95..949296.62 rows=947 width=12) (actual time=1846.351..3948.317 rows=423285 loops=1)
                           Buffers: shared hit=1733 read=55048, temp read=14620 written=14620
                           ->  Hash Join  (cost=545324.95..949282.36 rows=947 width=16) (actual time=1846.338..3665.046 rows=423285 loops=1)
                                 Hash Cond: (mi1.movie_id = t.id)
                                 Buffers: shared hit=1732 read=55048, temp read=14620 written=14620
                                 ->  Bitmap Heap Scan on movie_info mi1  (cost=16474.61..420030.39 rows=104578 width=8) (actual time=40.714..832.162 rows=997961 loops=1)
                                       Recheck Cond: (info_type_id = 3)
                                       Filter: ((info)::text = ANY ('{Comedy,Crime,Documentary,Drama,Musical,Short}'::text[]))
                                       Rows Removed by Filter: 535948
                                       Heap Blocks: exact=9772
                                       Buffers: shared read=10975
                                       ->  Bitmap Index Scan on info_type_id_movie_info  (cost=0.00..16448.47 rows=1538671 width=0) (actual time=39.501..39.501 rows=1533909 loops=1)
                                             Index Cond: (info_type_id = 3)
                                             Buffers: shared read=1203
                                 ->  Hash  (cost=528564.21..528564.21 rows=22890 width=8) (actual time=1805.140..1805.147 rows=549538 loops=1)
                                       Buckets: 262144 (originally 32768)  Batches: 4 (originally 1)  Memory Usage: 7416kB
                                       Buffers: shared hit=1732 read=44073, temp read=9396 written=10803
                                       ->  Nested Loop  (cost=106990.36..528564.21 rows=22890 width=8) (actual time=889.286..1713.563 rows=549538 loops=1)
                                             Buffers: shared hit=1732 read=44073, temp read=9396 written=9396
                                             ->  Seq Scan on info_type it2  (cost=0.00..2.41 rows=1 width=4) (actual time=0.024..0.032 rows=1 loops=1)
                                                   Filter: (id = 4)
                                                   Rows Removed by Filter: 112
                                                   Buffers: shared hit=1
                                             ->  Hash Join  (cost=106990.36..528332.90 rows=22890 width=12) (actual time=889.257..1676.766 rows=549538 loops=1)
                                                   Hash Cond: (mi2.movie_id = t.id)
                                                   Buffers: shared hit=1731 read=44073, temp read=9396 written=9396
                                                   ->  Bitmap Heap Scan on movie_info mi2  (cost=13074.74..430373.80 rows=77486 width=8) (actual time=32.045..319.600 rows=988500 loops=1)
                                                         Recheck Cond: (info_type_id = 4)
                                                         Filter: ((info)::text = ANY ('{English,French,Hebrew,Italian,Mandarin,Portuguese,Spanish}'::text[]))
                                                         Rows Removed by Filter: 310489
                                                         Heap Blocks: exact=8393
                                                         Buffers: shared hit=3 read=9409
                                                         ->  Bitmap Index Scan on info_type_id_movie_info  (cost=0.00..13055.37 rows=1221191 width=0) (actual time=30.999..30.999 rows=1298989 loops=1)
                                                               Index Cond: (info_type_id = 4)
                                                               Buffers: shared hit=1 read=1018
                                                   ->  Hash  (cost=81661.50..81661.50 rows=746890 width=4) (actual time=856.165..856.169 rows=1610551 loops=1)
                                                         Buckets: 262144 (originally 262144)  Batches: 16 (originally 8)  Memory Usage: 6145kB
                                                         Buffers: shared hit=1728 read=34664, temp written=4414
                                                         ->  Hash Join  (cost=1.13..81661.50 rows=746890 width=4) (actual time=0.047..633.425 rows=1610551 loops=1)
                                                               Hash Cond: (t.kind_id = kt.id)
                                                               Buffers: shared hit=1728 read=34664
                                                               ->  Seq Scan on title t  (cost=0.00..74315.95 rows=1742744 width=8) (actual time=0.025..440.763 rows=1748995 loops=1)
                                                                     Filter: ((production_year <= 2015) AND (1990 < production_year))
                                                                     Rows Removed by Filter: 779317
                                                                     Buffers: shared hit=1727 read=34664
                                                               ->  Hash  (cost=1.10..1.10 rows=3 width=4) (actual time=0.016..0.017 rows=3 loops=1)
                                                                     Buckets: 1024  Batches: 1  Memory Usage: 9kB
                                                                     Buffers: shared hit=1
                                                                     ->  Seq Scan on kind_type kt  (cost=0.00..1.10 rows=3 width=4) (actual time=0.007..0.009 rows=3 loops=1)
                                                                           Filter: ((kind)::text = ANY ('{episode,movie,"video movie"}'::text[]))
                                                                           Rows Removed by Filter: 4
                                                                           Buffers: shared hit=1
                           ->  Materialize  (cost=0.00..2.42 rows=1 width=4) (actual time=0.000..0.000 rows=1 loops=423285)
                                 Buffers: shared hit=1
                                 ->  Seq Scan on info_type it1  (cost=0.00..2.41 rows=1 width=4) (actual time=0.009..0.013 rows=1 loops=1)
                                       Filter: (id = 3)
                                       Rows Removed by Filter: 112
                                       Buffers: shared hit=1
                     ->  Index Scan using movie_id_cast_info on cast_info ci  (cost=0.44..43.36 rows=38 width=12) (actual time=0.036..0.199 rows=18 loops=423285)
                           Index Cond: (movie_id = t.id)
                           Buffers: shared hit=7331908 read=1368402
               ->  Hash  (cost=1.15..1.15 rows=2 width=4) (actual time=0.031..0.032 rows=2 loops=1)
                     Buckets: 1024  Batches: 1  Memory Usage: 9kB
                     Buffers: shared hit=1
                     ->  Seq Scan on role_type rt  (cost=0.00..1.15 rows=2 width=4) (actual time=0.023..0.025 rows=2 loops=1)
                           Filter: ((role)::text = ANY ('{cinematographer,"production designer"}'::text[]))
                           Rows Removed by Filter: 10
                           Buffers: shared hit=1
         ->  Index Scan using name_pkey on name n  (cost=0.43..2.32 rows=1 width=4) (actual time=0.038..0.038 rows=0 loops=462619)
               Index Cond: (id = ci.person_id)
               Filter: ((gender)::text = ANY ('{f,m}'::text[]))
               Rows Removed by Filter: 1
               Buffers: shared hit=1685763 read=164713
 Planning:
   Buffers: shared hit=484 read=90
 Planning Time: 13.069 ms
 Execution Time: 109554.057 ms
(86 rows)

