                                                                                                  QUERY PLAN                                                                                                  
--------------------------------------------------------------------------------------------------------------------------------------------------------------------------------------------------------------
 Aggregate  (cost=886194.56..886194.57 rows=1 width=8) (actual time=50918.280..50918.290 rows=1 loops=1)
   Buffers: shared hit=4495791 read=494880, temp read=8199 written=7951
   ->  Nested Loop  (cost=815596.96..886193.16 rows=562 width=0) (actual time=978.900..50839.375 rows=461038 loops=1)
         Buffers: shared hit=4495791 read=494880, temp read=8199 written=7951
         ->  Seq Scan on info_type it2  (cost=0.00..2.41 rows=1 width=4) (actual time=0.039..0.053 rows=1 loops=1)
               Filter: (id = 4)
               Rows Removed by Filter: 112
               Buffers: shared read=1
         ->  Nested Loop  (cost=815596.96..886185.13 rows=562 width=4) (actual time=978.859..50744.410 rows=461038 loops=1)
               Buffers: shared hit=4495791 read=494879, temp read=8199 written=7951
               ->  Seq Scan on info_type it1  (cost=0.00..2.41 rows=1 width=4) (actual time=0.011..0.028 rows=1 loops=1)
                     Filter: (id = 3)
                     Rows Removed by Filter: 112
                     Buffers: shared hit=1
               ->  Nested Loop  (cost=815596.96..886177.09 rows=562 width=8) (actual time=978.847..50642.610 rows=461038 loops=1)
                     Buffers: shared hit=4495790 read=494879, temp read=8199 written=7951
                     ->  Hash Join  (cost=815596.53..883068.94 rows=1340 width=12) (actual time=978.245..32322.022 rows=485991 loops=1)
                           Hash Cond: (ci.role_id = rt.id)
                           Buffers: shared hit=2613473 read=433232, temp read=8199 written=7951
                           ->  Nested Loop  (cost=815595.36..883039.20 rows=8041 width=16) (actual time=978.201..31928.358 rows=1388634 loops=1)
                                 Buffers: shared hit=2613472 read=433232, temp read=8199 written=7951
                                 ->  Nested Loop  (cost=815594.92..858524.79 rows=561 width=20) (actual time=978.175..15191.298 rows=77247 loops=1)
                                       Buffers: shared hit=1429295 read=59920, temp read=8199 written=7951
                                       ->  Nested Loop  (cost=815594.77..858492.41 rows=1309 width=24) (actual time=978.157..14980.340 rows=278284 loops=1)
                                             Join Filter: (t.id = mi1.movie_id)
                                             Buffers: shared hit=1429285 read=59918, temp read=8199 written=7951
                                             ->  Merge Join  (cost=815594.34..816368.72 rows=12153 width=16) (actual time=978.083..1646.563 rows=367204 loops=1)
                                                   Merge Cond: (mi1.movie_id = mi2.movie_id)
                                                   Buffers: shared hit=4 read=20383, temp read=8199 written=7951
                                                   ->  Sort  (cost=394223.08..394363.29 rows=56086 width=8) (actual time=430.912..541.023 rows=531527 loops=1)
                                                         Sort Key: mi1.movie_id
                                                         Sort Method: external sort  Disk: 11488kB
                                                         Buffers: shared hit=1 read=10974, temp read=2867 written=2874
                                                         ->  Bitmap Heap Scan on movie_info mi1  (cost=16462.51..389799.20 rows=56086 width=8) (actual time=40.983..293.665 rows=531527 loops=1)
                                                               Recheck Cond: (info_type_id = 3)
                                                               Filter: ((info)::text = ANY ('{Action,Comedy,Crime,Documentary,History,Reality-TV,Romance,Talk-Show,War,Western}'::text[]))
                                                               Rows Removed by Filter: 1002382
                                                               Heap Blocks: exact=9772
                                                               Buffers: shared hit=1 read=10974
                                                               ->  Bitmap Index Scan on info_type_id_movie_info  (cost=0.00..16448.47 rows=1538671 width=0) (actual time=39.738..39.738 rows=1533909 loops=1)
                                                                     Index Cond: (info_type_id = 3)
                                                                     Buffers: shared read=1203
                                                   ->  Sort  (cost=421371.26..421557.47 rows=74483 width=8) (actual time=547.158..745.064 rows=990026 loops=1)
                                                         Sort Key: mi2.movie_id
                                                         Sort Method: external sort  Disk: 20296kB
                                                         Buffers: shared hit=3 read=9409, temp read=5198 written=5077
                                                         ->  Bitmap Heap Scan on movie_info mi2  (cost=13073.99..415343.87 rows=74483 width=8) (actual time=31.468..314.878 rows=938940 loops=1)
                                                               Recheck Cond: (info_type_id = 4)
                                                               Filter: ((info)::text = ANY ('{Danish,English,Greek,Japanese,Spanish,Tagalog}'::text[]))
                                                               Rows Removed by Filter: 360049
                                                               Heap Blocks: exact=8393
                                                               Buffers: shared hit=3 read=9409
                                                               ->  Bitmap Index Scan on info_type_id_movie_info  (cost=0.00..13055.37 rows=1221191 width=0) (actual time=30.428..30.428 rows=1298989 loops=1)
                                                                     Index Cond: (info_type_id = 4)
                                                                     Buffers: shared hit=1 read=1018
                                             ->  Index Scan using title_pkey on title t  (cost=0.43..3.45 rows=1 width=8) (actual time=0.036..0.036 rows=1 loops=367204)
                                                   Index Cond: (id = mi2.movie_id)
                                                   Filter: ((production_year <= 2015) AND (1975 < production_year))
                                                   Rows Removed by Filter: 0
                                                   Buffers: shared hit=1429281 read=39535
                                       ->  Memoize  (cost=0.14..0.16 rows=1 width=4) (actual time=0.000..0.000 rows=0 loops=278284)
                                             Cache Key: t.kind_id
                                             Cache Mode: logical
                                             Hits: 278278  Misses: 6  Evictions: 0  Overflows: 0  Memory Usage: 1kB
                                             Buffers: shared hit=10 read=2
                                             ->  Index Scan using kind_type_pkey on kind_type kt  (cost=0.13..0.15 rows=1 width=4) (actual time=0.014..0.014 rows=0 loops=6)
                                                   Index Cond: (id = t.kind_id)
                                                   Filter: ((kind)::text = ANY ('{"tv movie","tv series","video game"}'::text[]))
                                                   Rows Removed by Filter: 0
                                                   Buffers: shared hit=10 read=2
                                 ->  Index Scan using movie_id_cast_info on cast_info ci  (cost=0.44..43.32 rows=38 width=12) (actual time=0.037..0.211 rows=18 loops=77247)
                                       Index Cond: (movie_id = t.id)
                                       Buffers: shared hit=1184177 read=373312
                           ->  Hash  (cost=1.15..1.15 rows=2 width=4) (actual time=0.021..0.022 rows=2 loops=1)
                                 Buckets: 1024  Batches: 1  Memory Usage: 9kB
                                 Buffers: shared hit=1
                                 ->  Seq Scan on role_type rt  (cost=0.00..1.15 rows=2 width=4) (actual time=0.010..0.013 rows=2 loops=1)
                                       Filter: ((role)::text = ANY ('{actor,cinematographer}'::text[]))
                                       Rows Removed by Filter: 10
                                       Buffers: shared hit=1
                     ->  Index Scan using name_pkey on name n  (cost=0.43..2.32 rows=1 width=4) (actual time=0.037..0.037 rows=1 loops=485991)
                           Index Cond: (id = ci.person_id)
                           Filter: ((gender)::text = 'm'::text)
                           Rows Removed by Filter: 0
                           Buffers: shared hit=1882317 read=61647
 Planning:
   Buffers: shared hit=481 read=96
 Planning Time: 13.277 ms
 Execution Time: 50928.585 ms
(89 rows)

