                                                                                               QUERY PLAN                                                                                               
--------------------------------------------------------------------------------------------------------------------------------------------------------------------------------------------------------
 Aggregate  (cost=685272.60..685272.61 rows=1 width=8) (actual time=13982.534..13982.542 rows=1 loops=1)
   Buffers: shared hit=1291880 read=151614
   ->  Nested Loop  (cost=13063.23..685272.28 rows=129 width=0) (actual time=39.704..13981.182 rows=4002 loops=1)
         Buffers: shared hit=1291880 read=151614
         ->  Hash Join  (cost=13062.80..684557.86 rows=308 width=4) (actual time=38.543..13331.590 rows=17378 loops=1)
               Hash Cond: (ci.role_id = rt.id)
               Buffers: shared hit=1229917 read=144065
               ->  Nested Loop  (cost=13061.63..684550.12 rows=1849 width=8) (actual time=37.768..13296.183 rows=172526 loops=1)
                     Buffers: shared hit=1229916 read=144065
                     ->  Nested Loop  (cost=13061.19..678908.24 rows=129 width=12) (actual time=37.152..11179.148 rows=7709 loops=1)
                           Buffers: shared hit=1103148 read=80501
                           ->  Seq Scan on info_type it2  (cost=0.00..2.41 rows=1 width=4) (actual time=0.023..0.033 rows=1 loops=1)
                                 Filter: (id = 4)
                                 Rows Removed by Filter: 112
                                 Buffers: shared hit=1
                           ->  Nested Loop  (cost=13061.19..678904.53 rows=129 width=16) (actual time=37.127..11177.041 rows=7709 loops=1)
                                 Buffers: shared hit=1103147 read=80501
                                 ->  Seq Scan on info_type it1  (cost=0.00..2.41 rows=1 width=4) (actual time=0.008..0.020 rows=1 loops=1)
                                       Filter: (id = 3)
                                       Rows Removed by Filter: 112
                                       Buffers: shared hit=1
                                 ->  Nested Loop  (cost=13061.19..678900.83 rows=129 width=20) (actual time=37.115..11174.699 rows=7709 loops=1)
                                       Buffers: shared hit=1103146 read=80501
                                       ->  Hash Join  (cost=13060.75..487635.62 rows=4504 width=12) (actual time=36.982..8507.072 rows=30396 loops=1)
                                             Hash Cond: (t.kind_id = kt.id)
                                             Buffers: shared hit=866345 read=34016
                                             ->  Nested Loop  (cost=13059.62..487590.20 rows=10509 width=16) (actual time=36.936..8467.579 rows=147772 loops=1)
                                                   Buffers: shared hit=866344 read=34016
                                                   ->  Bitmap Heap Scan on movie_info mi2  (cost=13059.18..400299.88 rows=15246 width=8) (actual time=36.879..651.895 rows=227057 loops=1)
                                                         Recheck Cond: (info_type_id = 4)
                                                         Filter: ((info)::text = ANY ('{Finnish,French,German,Korean,Spanish}'::text[]))
                                                         Rows Removed by Filter: 1071932
                                                         Heap Blocks: exact=8393
                                                         Buffers: shared hit=51 read=9361
                                                         ->  Bitmap Index Scan on info_type_id_movie_info  (cost=0.00..13055.37 rows=1221191 width=0) (actual time=34.615..34.615 rows=1298989 loops=1)
                                                               Index Cond: (info_type_id = 4)
                                                               Buffers: shared read=1019
                                                   ->  Memoize  (cost=0.44..5.83 rows=1 width=8) (actual time=0.034..0.034 rows=1 loops=227057)
                                                         Cache Key: mi2.movie_id
                                                         Cache Mode: logical
                                                         Hits: 4320  Misses: 222737  Evictions: 136722  Overflows: 0  Memory Usage: 8193kB
                                                         Buffers: shared hit=866293 read=24655
                                                         ->  Index Scan using title_pkey on title t  (cost=0.43..5.82 rows=1 width=8) (actual time=0.033..0.033 rows=1 loops=222737)
                                                               Index Cond: (id = mi2.movie_id)
                                                               Filter: ((production_year <= 2015) AND (1990 < production_year))
                                                               Rows Removed by Filter: 0
                                                               Buffers: shared hit=866293 read=24655
                                             ->  Hash  (cost=1.10..1.10 rows=3 width=4) (actual time=0.020..0.021 rows=3 loops=1)
                                                   Buckets: 1024  Batches: 1  Memory Usage: 9kB
                                                   Buffers: shared hit=1
                                                   ->  Seq Scan on kind_type kt  (cost=0.00..1.10 rows=3 width=4) (actual time=0.009..0.011 rows=3 loops=1)
                                                         Filter: ((kind)::text = ANY ('{"tv movie","tv series","video game"}'::text[]))
                                                         Rows Removed by Filter: 4
                                                         Buffers: shared hit=1
                                       ->  Index Scan using movie_id_movie_info on movie_info mi1  (cost=0.43..42.46 rows=1 width=8) (actual time=0.087..0.087 rows=0 loops=30396)
                                             Index Cond: (movie_id = t.id)
                                             Filter: ((info_type_id = 3) AND ((info)::text = ANY ('{Adventure,Animation,Drama,Fantasy,Musical,Short}'::text[])))
                                             Rows Removed by Filter: 8
                                             Buffers: shared hit=236801 read=46485
                     ->  Index Scan using movie_id_cast_info on cast_info ci  (cost=0.44..43.36 rows=38 width=12) (actual time=0.040..0.268 rows=22 loops=7709)
                           Index Cond: (movie_id = t.id)
                           Buffers: shared hit=126768 read=63564
               ->  Hash  (cost=1.15..1.15 rows=2 width=4) (actual time=0.037..0.037 rows=2 loops=1)
                     Buckets: 1024  Batches: 1  Memory Usage: 9kB
                     Buffers: shared hit=1
                     ->  Seq Scan on role_type rt  (cost=0.00..1.15 rows=2 width=4) (actual time=0.028..0.030 rows=2 loops=1)
                           Filter: ((role)::text = ANY ('{composer,producer}'::text[]))
                           Rows Removed by Filter: 10
                           Buffers: shared hit=1
         ->  Index Scan using name_pkey on name n  (cost=0.43..2.32 rows=1 width=4) (actual time=0.037..0.037 rows=0 loops=17378)
               Index Cond: (id = ci.person_id)
               Filter: ((gender)::text = 'm'::text)
               Rows Removed by Filter: 1
               Buffers: shared hit=61963 read=7549
 Planning:
   Buffers: shared hit=530 read=44
 Planning Time: 13.041 ms
 Execution Time: 13985.612 ms
(78 rows)

