                                                                                                  QUERY PLAN                                                                                                  
--------------------------------------------------------------------------------------------------------------------------------------------------------------------------------------------------------------
 Aggregate  (cost=950588.82..950588.83 rows=1 width=8) (actual time=133196.659..133196.668 rows=1 loops=1)
   Buffers: shared hit=11061031 read=1470535, temp read=9806 written=9179
   ->  Nested Loop  (cost=862342.56..950587.21 rows=646 width=0) (actual time=2034.831..133129.738 rows=324918 loops=1)
         Buffers: shared hit=11061031 read=1470535, temp read=9806 written=9179
         ->  Seq Scan on info_type it2  (cost=0.00..2.41 rows=1 width=4) (actual time=0.027..0.037 rows=1 loops=1)
               Filter: (id = 4)
               Rows Removed by Filter: 112
               Buffers: shared hit=1
         ->  Nested Loop  (cost=862342.56..950578.34 rows=646 width=4) (actual time=2034.802..133057.231 rows=324918 loops=1)
               Buffers: shared hit=11061030 read=1470535, temp read=9806 written=9179
               ->  Seq Scan on info_type it1  (cost=0.00..2.41 rows=1 width=4) (actual time=0.006..0.019 rows=1 loops=1)
                     Filter: (id = 3)
                     Rows Removed by Filter: 112
                     Buffers: shared hit=1
               ->  Nested Loop  (cost=862342.56..950569.46 rows=646 width=8) (actual time=2034.796..132981.655 rows=324918 loops=1)
                     Buffers: shared hit=11061029 read=1470535, temp read=9806 written=9179
                     ->  Hash Join  (cost=862342.13..946995.08 rows=1541 width=12) (actual time=2023.882..93923.011 rows=985298 loops=1)
                           Hash Cond: (ci.role_id = rt.id)
                           Buffers: shared hit=7335328 read=1255044, temp read=9806 written=9179
                           ->  Nested Loop  (cost=862340.95..946961.07 rows=9245 width=16) (actual time=2023.719..92522.222 rows=5816714 loops=1)
                                 Buffers: shared hit=7335327 read=1255044, temp read=9806 written=9179
                                 ->  Nested Loop  (cost=862340.51..918751.65 rows=645 width=20) (actual time=2023.612..22397.261 rows=308284 loops=1)
                                       Buffers: shared hit=1999637 read=36114, temp read=9806 written=9179
                                       ->  Nested Loop  (cost=862340.37..918714.57 rows=1505 width=24) (actual time=2021.064..22076.851 rows=336964 loops=1)
                                             Join Filter: (t.id = mi1.movie_id)
                                             Buffers: shared hit=1999625 read=36114, temp read=9806 written=9179
                                             ->  Merge Join  (cost=862339.94..863243.67 rows=16062 width=16) (actual time=2020.891..2911.650 rows=503838 loops=1)
                                                   Merge Cond: (mi1.movie_id = mi2.movie_id)
                                                   Buffers: shared hit=6023 read=14364, temp read=9806 written=9179
                                                   ->  Sort  (cost=410840.02..411023.38 rows=73343 width=8) (actual time=1004.881..1151.661 rows=724242 loops=1)
                                                         Sort Key: mi1.movie_id
                                                         Sort Method: external sort  Disk: 15656kB
                                                         Buffers: shared hit=3448 read=7527, temp read=3906 written=3916
                                                         ->  Bitmap Heap Scan on movie_info mi1  (cost=16466.80..404913.03 rows=73343 width=8) (actual time=55.035..735.802 rows=724245 loops=1)
                                                               Recheck Cond: (info_type_id = 3)
                                                               Filter: ((info)::text = ANY ('{Crime,Drama,Family,Romance,Short}'::text[]))
                                                               Rows Removed by Filter: 809664
                                                               Heap Blocks: exact=9772
                                                               Buffers: shared hit=3448 read=7527
                                                               ->  Bitmap Index Scan on info_type_id_movie_info  (cost=0.00..16448.47 rows=1538671 width=0) (actual time=52.761..52.762 rows=1533909 loops=1)
                                                                     Index Cond: (info_type_id = 3)
                                                                     Buffers: shared read=1203
                                                   ->  Sort  (cost=451499.92..451688.12 rows=75278 width=8) (actual time=1015.998..1267.990 rows=1101324 loops=1)
                                                         Sort Key: mi2.movie_id
                                                         Sort Method: external sort  Disk: 21040kB
                                                         Buffers: shared hit=2575 read=6837, temp read=5575 written=5263
                                                         ->  Bitmap Heap Scan on movie_info mi2  (cost=13074.19..445402.43 rows=75278 width=8) (actual time=97.947..666.754 rows=973499 loops=1)
                                                               Recheck Cond: (info_type_id = 4)
                                                               Filter: ((info)::text = ANY ('{English,Filipino,German,Greek,Spanish,Swedish,Tagalog,Turkish}'::text[]))
                                                               Rows Removed by Filter: 325490
                                                               Heap Blocks: exact=8393
                                                               Buffers: shared hit=2575 read=6837
                                                               ->  Bitmap Index Scan on info_type_id_movie_info  (cost=0.00..13055.37 rows=1221191 width=0) (actual time=95.987..95.987 rows=1298989 loops=1)
                                                                     Index Cond: (info_type_id = 4)
                                                                     Buffers: shared hit=1 read=1018
                                             ->  Index Scan using title_pkey on title t  (cost=0.43..3.44 rows=1 width=8) (actual time=0.037..0.037 rows=1 loops=503838)
                                                   Index Cond: (id = mi2.movie_id)
                                                   Filter: ((production_year <= 2015) AND (1990 < production_year))
                                                   Rows Removed by Filter: 0
                                                   Buffers: shared hit=1993602 read=21750
                                       ->  Memoize  (cost=0.14..0.16 rows=1 width=4) (actual time=0.000..0.000 rows=1 loops=336964)
                                             Cache Key: t.kind_id
                                             Cache Mode: logical
                                             Hits: 336958  Misses: 6  Evictions: 0  Overflows: 0  Memory Usage: 1kB
                                             Buffers: shared hit=12
                                             ->  Index Scan using kind_type_pkey on kind_type kt  (cost=0.13..0.15 rows=1 width=4) (actual time=0.022..0.022 rows=0 loops=6)
                                                   Index Cond: (id = t.kind_id)
                                                   Filter: ((kind)::text = ANY ('{episode,movie,"video movie"}'::text[]))
                                                   Rows Removed by Filter: 0
                                                   Buffers: shared hit=12
                                 ->  Index Scan using movie_id_cast_info on cast_info ci  (cost=0.44..43.36 rows=38 width=12) (actual time=0.039..0.222 rows=19 loops=308284)
                                       Index Cond: (movie_id = t.id)
                                       Buffers: shared hit=5335690 read=1218930
                           ->  Hash  (cost=1.15..1.15 rows=2 width=4) (actual time=0.013..0.014 rows=2 loops=1)
                                 Buckets: 1024  Batches: 1  Memory Usage: 9kB
                                 Buffers: shared hit=1
                                 ->  Seq Scan on role_type rt  (cost=0.00..1.15 rows=2 width=4) (actual time=0.006..0.008 rows=2 loops=1)
                                       Filter: ((role)::text = ANY ('{cinematographer,producer}'::text[]))
                                       Rows Removed by Filter: 10
                                       Buffers: shared hit=1
                     ->  Index Scan using name_pkey on name n  (cost=0.43..2.32 rows=1 width=4) (actual time=0.039..0.039 rows=0 loops=985298)
                           Index Cond: (id = ci.person_id)
                           Filter: ((gender)::text = 'm'::text)
                           Rows Removed by Filter: 1
                           Buffers: shared hit=3725701 read=215491
 Planning:
   Buffers: shared hit=520 read=54
 Planning Time: 9.607 ms
 Execution Time: 133208.533 ms
(89 rows)

