                                                                                               QUERY PLAN                                                                                               
--------------------------------------------------------------------------------------------------------------------------------------------------------------------------------------------------------
 Aggregate  (cost=531664.50..531664.51 rows=1 width=8) (actual time=12967.148..12967.157 rows=1 loops=1)
   Buffers: shared hit=1149518 read=188105
   ->  Nested Loop  (cost=13061.30..531664.42 rows=34 width=0) (actual time=122.515..12966.057 rows=1758 loops=1)
         Buffers: shared hit=1149518 read=188105
         ->  Hash Join  (cost=13060.87..531543.80 rows=52 width=4) (actual time=122.445..12742.081 rows=5828 loops=1)
               Hash Cond: (ci.role_id = rt.id)
               Buffers: shared hit=1129205 read=185106
               ->  Nested Loop  (cost=13059.69..531541.51 rows=315 width=8) (actual time=121.911..12701.911 rows=255258 loops=1)
                     Buffers: shared hit=1129204 read=185106
                     ->  Nested Loop  (cost=13059.25..530579.33 rows=22 width=12) (actual time=121.836..9888.947 rows=10764 loops=1)
                           Buffers: shared hit=923242 read=110119
                           ->  Seq Scan on info_type it2  (cost=0.00..2.41 rows=1 width=4) (actual time=0.023..0.034 rows=1 loops=1)
                                 Filter: (id = 4)
                                 Rows Removed by Filter: 112
                                 Buffers: shared hit=1
                           ->  Nested Loop  (cost=13059.25..530576.70 rows=22 width=16) (actual time=121.811..9886.285 rows=10764 loops=1)
                                 Buffers: shared hit=923241 read=110119
                                 ->  Seq Scan on info_type it1  (cost=0.00..2.41 rows=1 width=4) (actual time=0.008..0.021 rows=1 loops=1)
                                       Filter: (id = 3)
                                       Rows Removed by Filter: 112
                                       Buffers: shared hit=1
                                 ->  Nested Loop  (cost=13059.25..530574.06 rows=22 width=20) (actual time=121.800..9883.499 rows=10764 loops=1)
                                       Buffers: shared hit=923240 read=110119
                                       ->  Hash Join  (cost=13058.82..436797.72 rows=2219 width=12) (actual time=35.638..4336.479 rows=65737 loops=1)
                                             Hash Cond: (t.kind_id = kt.id)
                                             Buffers: shared hit=380522 read=43231
                                             ->  Nested Loop  (cost=13057.69..436774.76 rows=5177 width=16) (actual time=35.439..4303.923 rows=76929 loops=1)
                                                   Buffers: shared hit=380521 read=43231
                                                   ->  Bitmap Heap Scan on movie_info mi2  (cost=13057.25..385268.77 rows=7511 width=8) (actual time=35.392..541.795 rows=104065 loops=1)
                                                         Recheck Cond: (info_type_id = 4)
                                                         Filter: ((info)::text = ANY ('{Greek,Norwegian,Persian,Spanish}'::text[]))
                                                         Rows Removed by Filter: 1194924
                                                         Heap Blocks: exact=8393
                                                         Buffers: shared hit=42 read=9370
                                                         ->  Bitmap Index Scan on info_type_id_movie_info  (cost=0.00..13055.37 rows=1221191 width=0) (actual time=33.199..33.199 rows=1298989 loops=1)
                                                               Index Cond: (info_type_id = 4)
                                                               Buffers: shared read=1019
                                                   ->  Memoize  (cost=0.44..6.91 rows=1 width=8) (actual time=0.036..0.036 rows=1 loops=104065)
                                                         Cache Key: mi2.movie_id
                                                         Cache Mode: logical
                                                         Hits: 480  Misses: 103585  Evictions: 17464  Overflows: 0  Memory Usage: 8193kB
                                                         Buffers: shared hit=380479 read=33861
                                                         ->  Index Scan using title_pkey on title t  (cost=0.43..6.90 rows=1 width=8) (actual time=0.034..0.034 rows=1 loops=103585)
                                                               Index Cond: (id = mi2.movie_id)
                                                               Filter: ((production_year <= 2015) AND (1990 < production_year))
                                                               Rows Removed by Filter: 0
                                                               Buffers: shared hit=380479 read=33861
                                             ->  Hash  (cost=1.10..1.10 rows=3 width=4) (actual time=0.019..0.020 rows=3 loops=1)
                                                   Buckets: 1024  Batches: 1  Memory Usage: 9kB
                                                   Buffers: shared hit=1
                                                   ->  Seq Scan on kind_type kt  (cost=0.00..1.10 rows=3 width=4) (actual time=0.011..0.013 rows=3 loops=1)
                                                         Filter: ((kind)::text = ANY ('{episode,movie,"video movie"}'::text[]))
                                                         Rows Removed by Filter: 4
                                                         Buffers: shared hit=1
                                       ->  Index Scan using movie_id_movie_info on movie_info mi1  (cost=0.43..42.25 rows=1 width=8) (actual time=0.084..0.084 rows=0 loops=65737)
                                             Index Cond: (movie_id = t.id)
                                             Filter: (((info)::text = ANY ('{Biography,Drama}'::text[])) AND (info_type_id = 3))
                                             Rows Removed by Filter: 9
                                             Buffers: shared hit=542718 read=66888
                     ->  Index Scan using movie_id_cast_info on cast_info ci  (cost=0.44..43.36 rows=38 width=12) (actual time=0.036..0.255 rows=24 loops=10764)
                           Index Cond: (movie_id = t.id)
                           Buffers: shared hit=205962 read=74987
               ->  Hash  (cost=1.15..1.15 rows=2 width=4) (actual time=0.036..0.036 rows=2 loops=1)
                     Buckets: 1024  Batches: 1  Memory Usage: 9kB
                     Buffers: shared hit=1
                     ->  Seq Scan on role_type rt  (cost=0.00..1.15 rows=2 width=4) (actual time=0.027..0.029 rows=2 loops=1)
                           Filter: ((role)::text = ANY ('{"costume designer","production designer"}'::text[]))
                           Rows Removed by Filter: 10
                           Buffers: shared hit=1
         ->  Index Scan using name_pkey on name n  (cost=0.43..2.32 rows=1 width=4) (actual time=0.038..0.038 rows=0 loops=5828)
               Index Cond: (id = ci.person_id)
               Filter: ((gender)::text = ANY ('{f,m}'::text[]))
               Rows Removed by Filter: 1
               Buffers: shared hit=20313 read=2999
 Planning:
   Buffers: shared hit=484 read=90
 Planning Time: 10.167 ms
 Execution Time: 12969.579 ms
(78 rows)

