                                                                                                  QUERY PLAN                                                                                                  
--------------------------------------------------------------------------------------------------------------------------------------------------------------------------------------------------------------
 Aggregate  (cost=807605.97..807605.98 rows=1 width=8) (actual time=69586.127..69586.137 rows=1 loops=1)
   Buffers: shared hit=6068942 read=1039292, temp read=5579 written=5440
   ->  Nested Loop  (cost=753935.58..807604.35 rows=647 width=0) (actual time=902.981..69540.060 rows=244801 loops=1)
         Buffers: shared hit=6068942 read=1039292, temp read=5579 written=5440
         ->  Hash Join  (cost=753935.15..805303.39 rows=992 width=4) (actual time=902.949..49505.333 rows=553580 loops=1)
               Hash Cond: (ci.role_id = rt.id)
               Buffers: shared hit=4008664 read=885250, temp read=5579 written=5440
               ->  Nested Loop  (cost=753933.97..805281.08 rows=5949 width=8) (actual time=902.847..48780.510 rows=3283921 loops=1)
                     Buffers: shared hit=4008663 read=885250, temp read=5579 written=5440
                     ->  Nested Loop  (cost=753933.53..787146.54 rows=415 width=12) (actual time=902.823..11355.660 rows=199555 loops=1)
                           Buffers: shared hit=1088137 read=34416, temp read=5579 written=5440
                           ->  Nested Loop  (cost=753933.53..787138.93 rows=415 width=16) (actual time=902.817..11214.574 rows=199555 loops=1)
                                 Buffers: shared hit=1088136 read=34416, temp read=5579 written=5440
                                 ->  Nested Loop  (cost=753933.53..787131.33 rows=415 width=20) (actual time=902.791..11082.135 rows=199555 loops=1)
                                       Buffers: shared hit=1088135 read=34416, temp read=5579 written=5440
                                       ->  Nested Loop  (cost=753933.39..787107.10 rows=968 width=24) (actual time=902.631..10900.206 rows=208860 loops=1)
                                             Join Filter: (t.id = mi1.movie_id)
                                             Buffers: shared hit=1088123 read=34416, temp read=5579 written=5440
                                             ->  Merge Join  (cost=753932.96..754586.64 rows=8983 width=16) (actual time=902.570..1424.134 rows=275538 loops=1)
                                                   Merge Cond: (mi1.movie_id = mi2.movie_id)
                                                   Buffers: shared hit=4634 read=15753, temp read=5579 written=5440
                                                   ->  Sort  (cost=393429.47..393546.54 rows=46827 width=8) (actual time=435.779..533.088 rows=447906 loops=1)
                                                         Sort Key: mi1.movie_id
                                                         Sort Method: external merge  Disk: 7912kB
                                                         Buffers: shared hit=2635 read=8340, temp read=989 written=995
                                                         ->  Bitmap Heap Scan on movie_info mi1  (cost=16460.17..389796.86 rows=46827 width=8) (actual time=41.124..354.143 rows=447906 loops=1)
                                                               Recheck Cond: (info_type_id = 3)
                                                               Filter: ((info)::text = ANY ('{History,Horror,Short,Thriller}'::text[]))
                                                               Rows Removed by Filter: 1086003
                                                               Heap Blocks: exact=9772
                                                               Buffers: shared hit=2635 read=8340
                                                               ->  Bitmap Index Scan on info_type_id_movie_info  (cost=0.00..16448.47 rows=1538671 width=0) (actual time=39.904..39.905 rows=1533909 loops=1)
                                                                     Index Cond: (info_type_id = 3)
                                                                     Buffers: shared read=1203
                                                   ->  Sort  (cost=360503.49..360668.35 rows=65944 width=8) (actual time=466.755..612.870 rows=851211 loops=1)
                                                         Sort Key: mi2.movie_id
                                                         Sort Method: external sort  Disk: 17768kB
                                                         Buffers: shared hit=1999 read=7413, temp read=4512 written=4445
                                                         ->  Bitmap Heap Scan on movie_info mi2  (cost=13071.85..355225.01 rows=65944 width=8) (actual time=31.933..260.254 rows=822213 loops=1)
                                                               Recheck Cond: (info_type_id = 4)
                                                               Filter: ((info)::text = ANY ('{English,Japanese}'::text[]))
                                                               Rows Removed by Filter: 476776
                                                               Heap Blocks: exact=8393
                                                               Buffers: shared hit=1999 read=7413
                                                               ->  Bitmap Index Scan on info_type_id_movie_info  (cost=0.00..13055.37 rows=1221191 width=0) (actual time=30.876..30.876 rows=1298989 loops=1)
                                                                     Index Cond: (info_type_id = 4)
                                                                     Buffers: shared hit=1 read=1018
                                             ->  Index Scan using title_pkey on title t  (cost=0.43..3.61 rows=1 width=8) (actual time=0.034..0.034 rows=1 loops=275538)
                                                   Index Cond: (id = mi2.movie_id)
                                                   Filter: ((production_year <= 2015) AND (1975 < production_year))
                                                   Rows Removed by Filter: 0
                                                   Buffers: shared hit=1083489 read=18663
                                       ->  Memoize  (cost=0.14..0.16 rows=1 width=4) (actual time=0.000..0.000 rows=1 loops=208860)
                                             Cache Key: t.kind_id
                                             Cache Mode: logical
                                             Hits: 208854  Misses: 6  Evictions: 0  Overflows: 0  Memory Usage: 1kB
                                             Buffers: shared hit=12
                                             ->  Index Scan using kind_type_pkey on kind_type kt  (cost=0.13..0.15 rows=1 width=4) (actual time=0.008..0.008 rows=0 loops=6)
                                                   Index Cond: (id = t.kind_id)
                                                   Filter: ((kind)::text = ANY ('{episode,movie,"video movie"}'::text[]))
                                                   Rows Removed by Filter: 0
                                                   Buffers: shared hit=12
                                 ->  Materialize  (cost=0.00..2.42 rows=1 width=4) (actual time=0.000..0.000 rows=1 loops=199555)
                                       Buffers: shared hit=1
                                       ->  Seq Scan on info_type it1  (cost=0.00..2.41 rows=1 width=4) (actual time=0.023..0.028 rows=1 loops=1)
                                             Filter: (id = 3)
                                             Rows Removed by Filter: 112
                                             Buffers: shared hit=1
                           ->  Materialize  (cost=0.00..2.42 rows=1 width=4) (actual time=0.000..0.000 rows=1 loops=199555)
                                 Buffers: shared hit=1
                                 ->  Seq Scan on info_type it2  (cost=0.00..2.41 rows=1 width=4) (actual time=0.004..0.009 rows=1 loops=1)
                                       Filter: (id = 4)
                                       Rows Removed by Filter: 112
                                       Buffers: shared hit=1
                     ->  Index Scan using movie_id_cast_info on cast_info ci  (cost=0.44..43.32 rows=38 width=12) (actual time=0.035..0.183 rows=16 loops=199555)
                           Index Cond: (movie_id = t.id)
                           Buffers: shared hit=2920526 read=850834
               ->  Hash  (cost=1.15..1.15 rows=2 width=4) (actual time=0.035..0.037 rows=2 loops=1)
                     Buckets: 1024  Batches: 1  Memory Usage: 9kB
                     Buffers: shared hit=1
                     ->  Seq Scan on role_type rt  (cost=0.00..1.15 rows=2 width=4) (actual time=0.027..0.030 rows=2 loops=1)
                           Filter: ((role)::text = ANY ('{composer,producer}'::text[]))
                           Rows Removed by Filter: 10
                           Buffers: shared hit=1
         ->  Index Scan using name_pkey on name n  (cost=0.43..2.32 rows=1 width=4) (actual time=0.036..0.036 rows=0 loops=553580)
               Index Cond: (id = ci.person_id)
               Filter: ((gender)::text = ANY ('{f,m}'::text[]))
               Rows Removed by Filter: 1
               Buffers: shared hit=2060278 read=154042
 Planning:
   Buffers: shared hit=486 read=88
 Planning Time: 13.749 ms
 Execution Time: 69595.091 ms
(93 rows)

