                                                                                            QUERY PLAN                                                                                            
--------------------------------------------------------------------------------------------------------------------------------------------------------------------------------------------------
 Aggregate  (cost=736042.90..736042.91 rows=1 width=8) (actual time=53579.337..53579.348 rows=1 loops=1)
   Buffers: shared hit=4478629 read=781611, temp read=3660 written=3660
   ->  Nested Loop  (cost=92535.89..736042.64 rows=104 width=0) (actual time=589.974..53572.263 rows=20991 loops=1)
         Buffers: shared hit=4478629 read=781611, temp read=3660 written=3660
         ->  Seq Scan on info_type it2  (cost=0.00..2.41 rows=1 width=4) (actual time=0.026..0.037 rows=1 loops=1)
               Filter: (id = 4)
               Rows Removed by Filter: 112
               Buffers: shared hit=1
         ->  Nested Loop  (cost=92535.89..736039.19 rows=104 width=4) (actual time=589.946..53565.917 rows=20991 loops=1)
               Buffers: shared hit=4478628 read=781611, temp read=3660 written=3660
               ->  Seq Scan on info_type it1  (cost=0.00..2.41 rows=1 width=4) (actual time=0.006..0.021 rows=1 loops=1)
                     Filter: (id = 3)
                     Rows Removed by Filter: 112
                     Buffers: shared hit=1
               ->  Nested Loop  (cost=92535.89..736035.73 rows=104 width=8) (actual time=589.937..53559.832 rows=20991 loops=1)
                     Buffers: shared hit=4478627 read=781611, temp read=3660 written=3660
                     ->  Hash Join  (cost=92535.46..735462.81 rows=247 width=12) (actual time=576.144..50888.791 rows=67366 loops=1)
                           Hash Cond: (ci.role_id = rt.id)
                           Buffers: shared hit=4245452 read=745322, temp read=3660 written=3660
                           ->  Nested Loop  (cost=92534.30..735451.11 rows=2967 width=16) (actual time=571.941..50468.419 rows=2269366 loops=1)
                                 Buffers: shared hit=4245451 read=745322, temp read=3660 written=3660
                                 ->  Nested Loop  (cost=92533.86..726228.36 rows=207 width=20) (actual time=571.898..24463.861 rows=159820 loops=1)
                                       Buffers: shared hit=1867318 read=410979, temp read=3660 written=3660
                                       ->  Hash Join  (cost=92533.43..481446.33 rows=5690 width=12) (actual time=570.920..1887.585 rows=204843 loops=1)
                                             Hash Cond: (mi2.movie_id = t.id)
                                             Buffers: shared hit=1439 read=44365, temp read=3660 written=3660
                                             ->  Bitmap Heap Scan on movie_info mi2  (cost=13073.72..400314.42 rows=73415 width=8) (actual time=34.527..634.690 rows=949764 loops=1)
                                                   Recheck Cond: (info_type_id = 4)
                                                   Filter: ((info)::text = ANY ('{English,German,Russian,Spanish,Turkish}'::text[]))
                                                   Rows Removed by Filter: 349225
                                                   Heap Blocks: exact=8393
                                                   Buffers: shared hit=1438 read=7974
                                                   ->  Bitmap Index Scan on info_type_id_movie_info  (cost=0.00..13055.37 rows=1221191 width=0) (actual time=33.490..33.490 rows=1298989 loops=1)
                                                         Index Cond: (info_type_id = 4)
                                                         Buffers: shared read=1019
                                             ->  Hash  (cost=76244.10..76244.10 rows=195968 width=4) (actual time=533.322..533.326 rows=439726 loops=1)
                                                   Buckets: 262144 (originally 262144)  Batches: 4 (originally 2)  Memory Usage: 6145kB
                                                   Buffers: shared hit=1 read=36391, temp written=966
                                                   ->  Hash Join  (cost=1.13..76244.10 rows=195968 width=4) (actual time=0.038..454.835 rows=439726 loops=1)
                                                         Hash Cond: (t.kind_id = kt.id)
                                                         Buffers: shared hit=1 read=36391
                                                         ->  Seq Scan on title t  (cost=0.00..74315.95 rows=457258 width=8) (actual time=0.020..398.134 rows=451569 loops=1)
                                                               Filter: ((production_year <= 1975) AND (1875 < production_year))
                                                               Rows Removed by Filter: 2076743
                                                               Buffers: shared read=36391
                                                         ->  Hash  (cost=1.10..1.10 rows=3 width=4) (actual time=0.013..0.015 rows=3 loops=1)
                                                               Buckets: 1024  Batches: 1  Memory Usage: 9kB
                                                               Buffers: shared hit=1
                                                               ->  Seq Scan on kind_type kt  (cost=0.00..1.10 rows=3 width=4) (actual time=0.006..0.007 rows=3 loops=1)
                                                                     Filter: ((kind)::text = ANY ('{episode,movie,"tv movie"}'::text[]))
                                                                     Rows Removed by Filter: 4
                                                                     Buffers: shared hit=1
                                       ->  Index Scan using movie_id_movie_info on movie_info mi1  (cost=0.43..43.01 rows=1 width=8) (actual time=0.109..0.110 rows=1 loops=204843)
                                             Index Cond: (movie_id = t.id)
                                             Filter: ((info_type_id = 3) AND ((info)::text = ANY ('{Comedy,Crime,Drama,Horror,Romance,Short}'::text[])))
                                             Rows Removed by Filter: 12
                                             Buffers: shared hit=1865879 read=366614
                                 ->  Index Scan using movie_id_cast_info on cast_info ci  (cost=0.44..44.17 rows=38 width=12) (actual time=0.036..0.158 rows=14 loops=159820)
                                       Index Cond: (movie_id = t.id)
                                       Buffers: shared hit=2378133 read=334343
                           ->  Hash  (cost=1.15..1.15 rows=1 width=4) (actual time=0.012..0.013 rows=1 loops=1)
                                 Buckets: 1024  Batches: 1  Memory Usage: 9kB
                                 Buffers: shared hit=1
                                 ->  Seq Scan on role_type rt  (cost=0.00..1.15 rows=1 width=4) (actual time=0.007..0.008 rows=1 loops=1)
                                       Filter: ((role)::text = 'miscellaneous crew'::text)
                                       Rows Removed by Filter: 11
                                       Buffers: shared hit=1
                     ->  Index Scan using name_pkey on name n  (cost=0.43..2.32 rows=1 width=4) (actual time=0.039..0.039 rows=0 loops=67366)
                           Index Cond: (id = ci.person_id)
                           Filter: ((gender)::text = 'm'::text)
                           Rows Removed by Filter: 1
                           Buffers: shared hit=233175 read=36289
 Planning:
   Buffers: shared hit=483 read=91
 Planning Time: 12.655 ms
 Execution Time: 53579.872 ms
(76 rows)

