                                                                                            QUERY PLAN                                                                                            
--------------------------------------------------------------------------------------------------------------------------------------------------------------------------------------------------
 Aggregate  (cost=733444.49..733444.50 rows=1 width=8) (actual time=1808.431..1808.437 rows=1 loops=1)
   Buffers: shared hit=72845 read=70095, temp read=1234 written=1234
   ->  Nested Loop  (cost=95928.63..733444.30 rows=76 width=0) (actual time=418.605..1807.434 rows=8522 loops=1)
         Buffers: shared hit=72845 read=70095, temp read=1234 written=1234
         ->  Seq Scan on info_type it2  (cost=0.00..2.41 rows=1 width=4) (actual time=0.037..0.042 rows=1 loops=1)
               Filter: (id = 4)
               Rows Removed by Filter: 112
               Buffers: shared hit=1
         ->  Nested Loop  (cost=95928.63..733441.13 rows=76 width=4) (actual time=418.567..1806.216 rows=8522 loops=1)
               Buffers: shared hit=72844 read=70095, temp read=1234 written=1234
               ->  Seq Scan on info_type it1  (cost=0.00..2.41 rows=1 width=4) (actual time=0.009..0.017 rows=1 loops=1)
                     Filter: (id = 3)
                     Rows Removed by Filter: 112
                     Buffers: shared hit=1
               ->  Nested Loop  (cost=95928.63..733437.96 rows=76 width=8) (actual time=418.554..1804.942 rows=8522 loops=1)
                     Buffers: shared hit=72843 read=70095, temp read=1234 written=1234
                     ->  Hash Join  (cost=95928.20..733015.80 rows=182 width=12) (actual time=418.513..1501.684 rows=8522 loops=1)
                           Hash Cond: (ci.role_id = rt.id)
                           Buffers: shared hit=46590 read=62260, temp read=1234 written=1234
                           ->  Nested Loop  (cost=95927.04..733006.90 rows=2179 width=16) (actual time=418.158..1497.145 rows=20295 loops=1)
                                 Buffers: shared hit=46589 read=62260, temp read=1234 written=1234
                                 ->  Nested Loop  (cost=95926.60..726234.64 rows=152 width=20) (actual time=416.310..1225.730 rows=1831 loops=1)
                                       Buffers: shared hit=31222 read=52353, temp read=1234 written=1234
                                       ->  Hash Join  (cost=95926.16..486028.01 rows=5577 width=12) (actual time=416.230..899.512 rows=3518 loops=1)
                                             Hash Cond: (mi1.movie_id = t.id)
                                             Buffers: shared hit=4009 read=43358, temp read=1234 written=1234
                                             ->  Bitmap Heap Scan on movie_info mi1  (cost=16466.46..404912.69 rows=71959 width=8) (actual time=41.578..397.169 rows=712099 loops=1)
                                                   Recheck Cond: (info_type_id = 3)
                                                   Filter: ((info)::text = ANY ('{Action,Drama,History,Romance,Short}'::text[]))
                                                   Rows Removed by Filter: 821810
                                                   Heap Blocks: exact=9772
                                                   Buffers: shared hit=4008 read=6967
                                                   ->  Bitmap Index Scan on info_type_id_movie_info  (cost=0.00..16448.47 rows=1538671 width=0) (actual time=40.392..40.392 rows=1533909 loops=1)
                                                         Index Cond: (info_type_id = 3)
                                                         Buffers: shared read=1203
                                             ->  Hash  (cost=76244.10..76244.10 rows=195968 width=4) (actual time=373.488..373.490 rows=11843 loops=1)
                                                   Buckets: 262144  Batches: 2  Memory Usage: 2260kB
                                                   Buffers: shared hit=1 read=36391, temp written=17
                                                   ->  Hash Join  (cost=1.13..76244.10 rows=195968 width=4) (actual time=0.128..370.862 rows=11843 loops=1)
                                                         Hash Cond: (t.kind_id = kt.id)
                                                         Buffers: shared hit=1 read=36391
                                                         ->  Seq Scan on title t  (cost=0.00..74315.95 rows=457258 width=8) (actual time=0.024..344.838 rows=451569 loops=1)
                                                               Filter: ((production_year <= 1975) AND (1875 < production_year))
                                                               Rows Removed by Filter: 2076743
                                                               Buffers: shared read=36391
                                                         ->  Hash  (cost=1.10..1.10 rows=3 width=4) (actual time=0.012..0.013 rows=3 loops=1)
                                                               Buckets: 1024  Batches: 1  Memory Usage: 9kB
                                                               Buffers: shared hit=1
                                                               ->  Seq Scan on kind_type kt  (cost=0.00..1.10 rows=3 width=4) (actual time=0.007..0.008 rows=3 loops=1)
                                                                     Filter: ((kind)::text = ANY ('{"tv series","video game","video movie"}'::text[]))
                                                                     Rows Removed by Filter: 4
                                                                     Buffers: shared hit=1
                                       ->  Index Scan using movie_id_movie_info on movie_info mi2  (cost=0.43..43.06 rows=1 width=8) (actual time=0.073..0.092 rows=1 loops=3518)
                                             Index Cond: (movie_id = t.id)
                                             Filter: ((info_type_id = 4) AND ((info)::text = ANY ('{Danish,English,German,Greek,Hindi,Mandarin,Tagalog}'::text[])))
                                             Rows Removed by Filter: 12
                                             Buffers: shared hit=27213 read=8995
                                 ->  Index Scan using movie_id_cast_info on cast_info ci  (cost=0.44..44.17 rows=38 width=12) (actual time=0.029..0.145 rows=11 loops=1831)
                                       Index Cond: (movie_id = t.id)
                                       Buffers: shared hit=15367 read=9907
                           ->  Hash  (cost=1.15..1.15 rows=1 width=4) (actual time=0.017..0.017 rows=1 loops=1)
                                 Buckets: 1024  Batches: 1  Memory Usage: 9kB
                                 Buffers: shared hit=1
                                 ->  Seq Scan on role_type rt  (cost=0.00..1.15 rows=1 width=4) (actual time=0.009..0.011 rows=1 loops=1)
                                       Filter: ((role)::text = 'actor'::text)
                                       Rows Removed by Filter: 11
                                       Buffers: shared hit=1
                     ->  Index Scan using name_pkey on name n  (cost=0.43..2.32 rows=1 width=4) (actual time=0.035..0.035 rows=1 loops=8522)
                           Index Cond: (id = ci.person_id)
                           Filter: ((gender)::text = 'm'::text)
                           Buffers: shared hit=26253 read=7835
 Planning:
   Buffers: shared hit=482 read=92
 Planning Time: 12.988 ms
 Execution Time: 1808.935 ms
(75 rows)

