                                                                                               QUERY PLAN                                                                                               
--------------------------------------------------------------------------------------------------------------------------------------------------------------------------------------------------------
 Aggregate  (cost=481151.33..481151.34 rows=1 width=8) (actual time=5137.616..5137.623 rows=1 loops=1)
   Buffers: shared hit=475547 read=51856
   ->  Nested Loop  (cost=13060.90..481151.30 rows=12 width=0) (actual time=1002.697..5137.597 rows=12 loops=1)
         Buffers: shared hit=475547 read=51856
         ->  Hash Join  (cost=13060.47..481107.23 rows=19 width=4) (actual time=41.675..5135.390 rows=55 loops=1)
               Hash Cond: (ci.role_id = rt.id)
               Buffers: shared hit=475420 read=51763
               ->  Nested Loop  (cost=13059.30..481105.65 rows=115 width=8) (actual time=41.530..5134.652 rows=3515 loops=1)
                     Buffers: shared hit=475419 read=51763
                     ->  Nested Loop  (cost=13058.86..480756.37 rows=8 width=12) (actual time=41.494..5079.968 rows=217 loops=1)
                           Buffers: shared hit=473947 read=49374
                           ->  Seq Scan on info_type it2  (cost=0.00..2.41 rows=1 width=4) (actual time=0.023..0.033 rows=1 loops=1)
                                 Filter: (id = 4)
                                 Rows Removed by Filter: 112
                                 Buffers: shared hit=1
                           ->  Nested Loop  (cost=13058.86..480753.88 rows=8 width=16) (actual time=41.470..5079.852 rows=217 loops=1)
                                 Buffers: shared hit=473946 read=49374
                                 ->  Seq Scan on info_type it1  (cost=0.00..2.41 rows=1 width=4) (actual time=0.007..0.018 rows=1 loops=1)
                                       Filter: (id = 3)
                                       Rows Removed by Filter: 112
                                       Buffers: shared hit=1
                                 ->  Nested Loop  (cost=13058.86..480751.38 rows=8 width=20) (actual time=41.460..5079.753 rows=217 loops=1)
                                       Buffers: shared hit=473945 read=49374
                                       ->  Hash Join  (cost=13058.42..413049.99 rows=1602 width=12) (actual time=38.384..3800.701 rows=17915 loops=1)
                                             Hash Cond: (t.kind_id = kt.id)
                                             Buffers: shared hit=344933 read=36860
                                             ->  Nested Loop  (cost=13057.31..413025.25 rows=5607 width=16) (actual time=38.257..3779.189 rows=85703 loops=1)
                                                   Buffers: shared hit=344932 read=36860
                                                   ->  Bitmap Heap Scan on movie_info mi2  (cost=13056.87..370239.21 rows=6015 width=8) (actual time=38.213..487.881 rows=94293 loops=1)
                                                         Recheck Cond: (info_type_id = 4)
                                                         Filter: ((info)::text = ANY ('{French,Portuguese,Russian}'::text[]))
                                                         Rows Removed by Filter: 1204696
                                                         Heap Blocks: exact=8393
                                                         Buffers: shared hit=3533 read=5879
                                                         ->  Bitmap Index Scan on info_type_id_movie_info  (cost=0.00..13055.37 rows=1221191 width=0) (actual time=36.120..36.121 rows=1298989 loops=1)
                                                               Index Cond: (info_type_id = 4)
                                                               Buffers: shared hit=1 read=1018
                                                   ->  Memoize  (cost=0.44..7.16 rows=1 width=8) (actual time=0.034..0.034 rows=1 loops=94293)
                                                         Cache Key: mi2.movie_id
                                                         Cache Mode: logical
                                                         Hits: 1198  Misses: 93095  Evictions: 12412  Overflows: 0  Memory Usage: 8193kB
                                                         Buffers: shared hit=341399 read=30981
                                                         ->  Index Scan using title_pkey on title t  (cost=0.43..7.15 rows=1 width=8) (actual time=0.034..0.034 rows=1 loops=93095)
                                                               Index Cond: (id = mi2.movie_id)
                                                               Filter: ((production_year <= 2015) AND (1925 < production_year))
                                                               Rows Removed by Filter: 0
                                                               Buffers: shared hit=341399 read=30981
                                             ->  Hash  (cost=1.09..1.09 rows=2 width=4) (actual time=0.012..0.012 rows=2 loops=1)
                                                   Buckets: 1024  Batches: 1  Memory Usage: 9kB
                                                   Buffers: shared hit=1
                                                   ->  Seq Scan on kind_type kt  (cost=0.00..1.09 rows=2 width=4) (actual time=0.008..0.009 rows=2 loops=1)
                                                         Filter: ((kind)::text = ANY ('{episode,"video movie"}'::text[]))
                                                         Rows Removed by Filter: 5
                                                         Buffers: shared hit=1
                                       ->  Index Scan using movie_id_movie_info on movie_info mi1  (cost=0.43..42.25 rows=1 width=8) (actual time=0.071..0.071 rows=0 loops=17915)
                                             Index Cond: (movie_id = t.id)
                                             Filter: ((info_type_id = 3) AND ((info)::text = ANY ('{Animation,Family,Romance}'::text[])))
                                             Rows Removed by Filter: 6
                                             Buffers: shared hit=129012 read=12514
                     ->  Index Scan using movie_id_cast_info on cast_info ci  (cost=0.44..43.28 rows=38 width=12) (actual time=0.045..0.247 rows=16 loops=217)
                           Index Cond: (movie_id = t.id)
                           Buffers: shared hit=1472 read=2389
               ->  Hash  (cost=1.15..1.15 rows=2 width=4) (actual time=0.031..0.031 rows=2 loops=1)
                     Buckets: 1024  Batches: 1  Memory Usage: 9kB
                     Buffers: shared hit=1
                     ->  Seq Scan on role_type rt  (cost=0.00..1.15 rows=2 width=4) (actual time=0.024..0.025 rows=2 loops=1)
                           Filter: ((role)::text = ANY ('{"costume designer","production designer"}'::text[]))
                           Rows Removed by Filter: 10
                           Buffers: shared hit=1
         ->  Index Scan using name_pkey on name n  (cost=0.43..2.32 rows=1 width=4) (actual time=0.039..0.039 rows=0 loops=55)
               Index Cond: (id = ci.person_id)
               Filter: ((gender)::text = ANY ('{f,m}'::text[]))
               Rows Removed by Filter: 1
               Buffers: shared hit=127 read=93
 Planning:
   Buffers: shared hit=574
 Planning Time: 13.245 ms
 Execution Time: 5139.721 ms
(78 rows)

