                                                                                               QUERY PLAN                                                                                               
--------------------------------------------------------------------------------------------------------------------------------------------------------------------------------------------------------
 Aggregate  (cost=714613.51..714613.52 rows=1 width=8) (actual time=67508.020..67508.032 rows=1 loops=1)
   Buffers: shared hit=6172040 read=535445
   ->  Nested Loop  (cost=13062.44..714613.09 rows=167 width=0) (actual time=72.736..67422.455 rows=461277 loops=1)
         Buffers: shared hit=6172040 read=535445
         ->  Hash Join  (cost=13062.01..714019.30 rows=256 width=4) (actual time=72.656..46798.780 rows=554784 loops=1)
               Hash Cond: (ci.role_id = rt.id)
               Buffers: shared hit=4018934 read=469415
               ->  Nested Loop  (cost=13060.83..714012.67 rows=1534 width=8) (actual time=72.566..46238.735 rows=2203719 loops=1)
                     Buffers: shared hit=4018933 read=469415
                     ->  Nested Loop  (cost=13060.39..709337.02 rows=107 width=12) (actual time=72.523..22760.794 rows=68087 loops=1)
                           Buffers: shared hit=2003145 read=139279
                           ->  Seq Scan on info_type it2  (cost=0.00..2.41 rows=1 width=4) (actual time=0.026..0.042 rows=1 loops=1)
                                 Filter: (id = 4)
                                 Rows Removed by Filter: 112
                                 Buffers: shared hit=1
                           ->  Nested Loop  (cost=13060.39..709333.53 rows=107 width=16) (actual time=72.495..22742.379 rows=68087 loops=1)
                                 Buffers: shared hit=2003144 read=139279
                                 ->  Seq Scan on info_type it1  (cost=0.00..2.41 rows=1 width=4) (actual time=0.011..0.029 rows=1 loops=1)
                                       Filter: (id = 3)
                                       Rows Removed by Filter: 112
                                       Buffers: shared hit=1
                                 ->  Nested Loop  (cost=13060.39..709330.05 rows=107 width=20) (actual time=72.481..22723.538 rows=68087 loops=1)
                                       Buffers: shared hit=2003143 read=139279
                                       ->  Hash Join  (cost=13059.96..534948.24 rows=4099 width=12) (actual time=46.643..9723.810 rows=135013 loops=1)
                                             Hash Cond: (t.kind_id = kt.id)
                                             Buffers: shared hit=809659 read=36950
                                             ->  Nested Loop  (cost=13058.83..534906.80 rows=9565 width=16) (actual time=46.434..9644.594 rows=163491 loops=1)
                                                   Buffers: shared hit=809658 read=36950
                                                   ->  Bitmap Heap Scan on movie_info mi2  (cost=13058.39..460415.81 rows=12073 width=8) (actual time=46.324..981.853 rows=212846 loops=1)
                                                         Recheck Cond: (info_type_id = 4)
                                                         Filter: ((info)::text = ANY ('{Czech,Dutch,French,Hindi,Russian,Serbo-Croatian,Spanish,Tagalog,Telugu}'::text[]))
                                                         Rows Removed by Filter: 1086143
                                                         Heap Blocks: exact=8393
                                                         Buffers: shared hit=2506 read=6906
                                                         ->  Bitmap Index Scan on info_type_id_movie_info  (cost=0.00..13055.37 rows=1221191 width=0) (actual time=43.754..43.754 rows=1298989 loops=1)
                                                               Index Cond: (info_type_id = 4)
                                                               Buffers: shared hit=1019
                                                   ->  Memoize  (cost=0.44..6.26 rows=1 width=8) (actual time=0.040..0.040 rows=1 loops=212846)
                                                         Cache Key: mi2.movie_id
                                                         Cache Mode: logical
                                                         Hits: 3547  Misses: 209299  Evictions: 126364  Overflows: 0  Memory Usage: 8193kB
                                                         Buffers: shared hit=807152 read=30044
                                                         ->  Index Scan using title_pkey on title t  (cost=0.43..6.25 rows=1 width=8) (actual time=0.039..0.039 rows=1 loops=209299)
                                                               Index Cond: (id = mi2.movie_id)
                                                               Filter: ((production_year <= 2015) AND (1975 < production_year))
                                                               Rows Removed by Filter: 0
                                                               Buffers: shared hit=807152 read=30044
                                             ->  Hash  (cost=1.10..1.10 rows=3 width=4) (actual time=0.015..0.017 rows=3 loops=1)
                                                   Buckets: 1024  Batches: 1  Memory Usage: 9kB
                                                   Buffers: shared hit=1
                                                   ->  Seq Scan on kind_type kt  (cost=0.00..1.10 rows=3 width=4) (actual time=0.008..0.011 rows=3 loops=1)
                                                         Filter: ((kind)::text = ANY ('{episode,movie,"video movie"}'::text[]))
                                                         Rows Removed by Filter: 4
                                                         Buffers: shared hit=1
                                       ->  Index Scan using movie_id_movie_info on movie_info mi1  (cost=0.43..42.53 rows=1 width=8) (actual time=0.095..0.096 rows=1 loops=135013)
                                             Index Cond: (movie_id = t.id)
                                             Filter: ((info_type_id = 3) AND ((info)::text = ANY ('{Action,Adventure,Comedy,Crime,Drama,History,Romance,Thriller}'::text[])))
                                             Rows Removed by Filter: 11
                                             Buffers: shared hit=1193484 read=102329
                     ->  Index Scan using movie_id_cast_info on cast_info ci  (cost=0.44..43.32 rows=38 width=12) (actual time=0.038..0.335 rows=32 loops=68087)
                           Index Cond: (movie_id = t.id)
                           Buffers: shared hit=2015788 read=330136
               ->  Hash  (cost=1.15..1.15 rows=2 width=4) (actual time=0.040..0.042 rows=2 loops=1)
                     Buckets: 1024  Batches: 1  Memory Usage: 9kB
                     Buffers: shared hit=1
                     ->  Seq Scan on role_type rt  (cost=0.00..1.15 rows=2 width=4) (actual time=0.030..0.035 rows=2 loops=1)
                           Filter: ((role)::text = ANY ('{actress,producer}'::text[]))
                           Rows Removed by Filter: 10
                           Buffers: shared hit=1
         ->  Index Scan using name_pkey on name n  (cost=0.43..2.32 rows=1 width=4) (actual time=0.036..0.036 rows=1 loops=554784)
               Index Cond: (id = ci.person_id)
               Filter: ((gender)::text = ANY ('{f,m}'::text[]))
               Rows Removed by Filter: 0
               Buffers: shared hit=2153106 read=66030
 Planning:
   Buffers: shared hit=574
 Planning Time: 14.304 ms
 Execution Time: 67510.589 ms
(78 rows)

