                                                                                               QUERY PLAN                                                                                               
--------------------------------------------------------------------------------------------------------------------------------------------------------------------------------------------------------
 Aggregate  (cost=392157.76..392157.77 rows=1 width=8) (actual time=6433.166..6433.174 rows=1 loops=1)
   Buffers: shared hit=534450 read=131441
   ->  Nested Loop  (cost=13059.66..392157.75 rows=1 width=0) (actual time=120.943..6432.469 rows=1008 loops=1)
         Buffers: shared hit=534450 read=131441
         ->  Nested Loop  (cost=13059.66..392155.33 rows=1 width=4) (actual time=120.932..6414.112 rows=1008 loops=1)
               Buffers: shared hit=533442 read=131441
               ->  Nested Loop  (cost=13059.66..392152.91 rows=1 width=8) (actual time=120.901..6389.029 rows=1008 loops=1)
                     Buffers: shared hit=532434 read=131441
                     ->  Hash Join  (cost=13059.23..392143.63 rows=4 width=12) (actual time=119.684..5835.626 rows=15786 loops=1)
                           Hash Cond: (ci.role_id = rt.id)
                           Buffers: shared hit=476622 read=124109
                           ->  Nested Loop  (cost=13058.07..392142.31 rows=43 width=16) (actual time=119.591..5795.632 rows=244385 loops=1)
                                 Buffers: shared hit=476621 read=124109
                                 ->  Nested Loop  (cost=13057.63..392011.33 rows=3 width=20) (actual time=119.541..3316.801 rows=8973 loops=1)
                                       Buffers: shared hit=260858 read=73857
                                       ->  Hash Join  (cost=13057.19..379390.75 rows=299 width=12) (actual time=119.459..1361.066 rows=19865 loops=1)
                                             Hash Cond: (t.kind_id = kt.id)
                                             Buffers: shared hit=99023 read=26366
                                             ->  Nested Loop  (cost=13056.08..379385.24 rows=1045 width=16) (actual time=35.610..1350.975 rows=28066 loops=1)
                                                   Buffers: shared hit=99022 read=26366
                                                   ->  Bitmap Heap Scan on movie_info mi2  (cost=13055.65..370237.99 rows=1121 width=8) (actual time=35.568..398.590 rows=28994 loops=1)
                                                         Recheck Cond: (info_type_id = 4)
                                                         Filter: ((info)::text = ANY ('{Danish,Mandarin,Russian}'::text[]))
                                                         Rows Removed by Filter: 1269995
                                                         Heap Blocks: exact=8393
                                                         Buffers: shared hit=16 read=9396
                                                         ->  Bitmap Index Scan on info_type_id_movie_info  (cost=0.00..13055.37 rows=1221191 width=0) (actual time=33.507..33.507 rows=1298989 loops=1)
                                                               Index Cond: (info_type_id = 4)
                                                               Buffers: shared read=1019
                                                   ->  Index Scan using title_pkey on title t  (cost=0.43..8.16 rows=1 width=8) (actual time=0.032..0.032 rows=1 loops=28994)
                                                         Index Cond: (id = mi2.movie_id)
                                                         Filter: ((production_year <= 2015) AND (1925 < production_year))
                                                         Rows Removed by Filter: 0
                                                         Buffers: shared hit=99006 read=16970
                                             ->  Hash  (cost=1.09..1.09 rows=2 width=4) (actual time=0.023..0.024 rows=2 loops=1)
                                                   Buckets: 1024  Batches: 1  Memory Usage: 9kB
                                                   Buffers: shared hit=1
                                                   ->  Seq Scan on kind_type kt  (cost=0.00..1.09 rows=2 width=4) (actual time=0.015..0.017 rows=2 loops=1)
                                                         Filter: ((kind)::text = ANY ('{movie,"video movie"}'::text[]))
                                                         Rows Removed by Filter: 5
                                                         Buffers: shared hit=1
                                       ->  Index Scan using movie_id_movie_info on movie_info mi1  (cost=0.43..42.20 rows=1 width=8) (actual time=0.098..0.098 rows=0 loops=19865)
                                             Index Cond: (movie_id = t.id)
                                             Filter: (((info)::text = ANY ('{Adventure,Drama}'::text[])) AND (info_type_id = 3))
                                             Rows Removed by Filter: 15
                                             Buffers: shared hit=161835 read=47491
                                 ->  Index Scan using movie_id_cast_info on cast_info ci  (cost=0.44..43.28 rows=38 width=12) (actual time=0.035..0.269 rows=27 loops=8973)
                                       Index Cond: (movie_id = t.id)
                                       Buffers: shared hit=215763 read=50252
                           ->  Hash  (cost=1.15..1.15 rows=1 width=4) (actual time=0.032..0.033 rows=1 loops=1)
                                 Buckets: 1024  Batches: 1  Memory Usage: 9kB
                                 Buffers: shared hit=1
                                 ->  Seq Scan on role_type rt  (cost=0.00..1.15 rows=1 width=4) (actual time=0.025..0.027 rows=1 loops=1)
                                       Filter: ((role)::text = 'producer'::text)
                                       Rows Removed by Filter: 11
                                       Buffers: shared hit=1
                     ->  Index Scan using name_pkey on name n  (cost=0.43..2.32 rows=1 width=4) (actual time=0.035..0.035 rows=0 loops=15786)
                           Index Cond: (id = ci.person_id)
                           Filter: ((gender)::text = 'f'::text)
                           Rows Removed by Filter: 1
                           Buffers: shared hit=55812 read=7332
               ->  Seq Scan on info_type it1  (cost=0.00..2.41 rows=1 width=4) (actual time=0.014..0.022 rows=1 loops=1008)
                     Filter: (id = 3)
                     Rows Removed by Filter: 112
                     Buffers: shared hit=1008
         ->  Seq Scan on info_type it2  (cost=0.00..2.41 rows=1 width=4) (actual time=0.008..0.016 rows=1 loops=1008)
               Filter: (id = 4)
               Rows Removed by Filter: 112
               Buffers: shared hit=1008
 Planning:
   Buffers: shared hit=485 read=89
 Planning Time: 10.801 ms
 Execution Time: 6433.718 ms
(73 rows)

