                                                                                            QUERY PLAN                                                                                            
--------------------------------------------------------------------------------------------------------------------------------------------------------------------------------------------------
 Aggregate  (cost=740143.08..740143.09 rows=1 width=8) (actual time=2178.731..2178.741 rows=1 loops=1)
   Buffers: shared hit=125227 read=51137, temp read=1647 written=1647
   ->  Nested Loop  (cost=92536.29..740142.82 rows=103 width=0) (actual time=456.933..2178.686 rows=45 loops=1)
         Buffers: shared hit=125227 read=51137, temp read=1647 written=1647
         ->  Seq Scan on info_type it2  (cost=0.00..2.41 rows=1 width=4) (actual time=0.048..0.057 rows=1 loops=1)
               Filter: (id = 4)
               Rows Removed by Filter: 112
               Buffers: shared hit=1
         ->  Nested Loop  (cost=92536.29..740139.38 rows=103 width=4) (actual time=456.883..2178.598 rows=45 loops=1)
               Buffers: shared hit=125226 read=51137, temp read=1647 written=1647
               ->  Seq Scan on info_type it1  (cost=0.00..2.41 rows=1 width=4) (actual time=0.010..0.022 rows=1 loops=1)
                     Filter: (id = 3)
                     Rows Removed by Filter: 112
                     Buffers: shared hit=1
               ->  Nested Loop  (cost=92536.29..740135.93 rows=103 width=8) (actual time=456.870..2178.548 rows=45 loops=1)
                     Buffers: shared hit=125225 read=51137, temp read=1647 written=1647
                     ->  Hash Join  (cost=92535.86..739110.71 rows=442 width=12) (actual time=442.611..2089.068 rows=2039 loops=1)
                           Hash Cond: (ci.role_id = rt.id)
                           Buffers: shared hit=119307 read=48899, temp read=1647 written=1647
                           ->  Nested Loop  (cost=92534.69..739100.11 rows=2652 width=16) (actual time=442.240..2084.758 rows=28245 loops=1)
                                 Buffers: shared hit=119306 read=48899, temp read=1647 written=1647
                                 ->  Nested Loop  (cost=92534.25..730857.56 rows=185 width=20) (actual time=442.011..1746.707 rows=2525 loops=1)
                                       Buffers: shared hit=101495 read=31487, temp read=1647 written=1647
                                       ->  Hash Join  (cost=92533.81..481465.77 rows=5811 width=12) (actual time=441.967..1088.716 rows=8727 loops=1)
                                             Hash Cond: (mi2.movie_id = t.id)
                                             Buffers: shared hit=27460 read=18344, temp read=1647 written=1647
                                             ->  Bitmap Heap Scan on movie_info mi2  (cost=13074.11..400314.81 rows=74972 width=8) (actual time=36.344..429.957 rows=953982 loops=1)
                                                   Recheck Cond: (info_type_id = 4)
                                                   Filter: ((info)::text = ANY ('{English,French,Portuguese,Serbo-Croatian,Spanish}'::text[]))
                                                   Rows Removed by Filter: 345007
                                                   Heap Blocks: exact=8393
                                                   Buffers: shared hit=1769 read=7643
                                                   ->  Bitmap Index Scan on info_type_id_movie_info  (cost=0.00..13055.37 rows=1221191 width=0) (actual time=35.294..35.294 rows=1298989 loops=1)
                                                         Index Cond: (info_type_id = 4)
                                                         Buffers: shared read=1019
                                             ->  Hash  (cost=76244.10..76244.10 rows=195968 width=4) (actual time=402.763..402.767 rows=11843 loops=1)
                                                   Buckets: 262144  Batches: 2  Memory Usage: 2260kB
                                                   Buffers: shared hit=25691 read=10701, temp written=17
                                                   ->  Hash Join  (cost=1.13..76244.10 rows=195968 width=4) (actual time=0.173..399.954 rows=11843 loops=1)
                                                         Hash Cond: (t.kind_id = kt.id)
                                                         Buffers: shared hit=25691 read=10701
                                                         ->  Seq Scan on title t  (cost=0.00..74315.95 rows=457258 width=8) (actual time=0.028..374.606 rows=451569 loops=1)
                                                               Filter: ((production_year <= 1975) AND (1875 < production_year))
                                                               Rows Removed by Filter: 2076743
                                                               Buffers: shared hit=25690 read=10701
                                                         ->  Hash  (cost=1.10..1.10 rows=3 width=4) (actual time=0.015..0.017 rows=3 loops=1)
                                                               Buckets: 1024  Batches: 1  Memory Usage: 9kB
                                                               Buffers: shared hit=1
                                                               ->  Seq Scan on kind_type kt  (cost=0.00..1.10 rows=3 width=4) (actual time=0.007..0.008 rows=3 loops=1)
                                                                     Filter: ((kind)::text = ANY ('{"tv series","video game","video movie"}'::text[]))
                                                                     Rows Removed by Filter: 4
                                                                     Buffers: shared hit=1
                                       ->  Index Scan using movie_id_movie_info on movie_info mi1  (cost=0.43..42.91 rows=1 width=8) (actual time=0.074..0.075 rows=0 loops=8727)
                                             Index Cond: (movie_id = t.id)
                                             Filter: ((info_type_id = 3) AND ((info)::text = ANY ('{Documentary,Drama,Short,Western}'::text[])))
                                             Rows Removed by Filter: 10
                                             Buffers: shared hit=74035 read=13143
                                 ->  Index Scan using movie_id_cast_info on cast_info ci  (cost=0.44..44.17 rows=38 width=12) (actual time=0.032..0.131 rows=11 loops=2525)
                                       Index Cond: (movie_id = t.id)
                                       Buffers: shared hit=17811 read=17412
                           ->  Hash  (cost=1.15..1.15 rows=2 width=4) (actual time=0.020..0.021 rows=2 loops=1)
                                 Buckets: 1024  Batches: 1  Memory Usage: 9kB
                                 Buffers: shared hit=1
                                 ->  Seq Scan on role_type rt  (cost=0.00..1.15 rows=2 width=4) (actual time=0.013..0.014 rows=2 loops=1)
                                       Filter: ((role)::text = ANY ('{director,editor}'::text[]))
                                       Rows Removed by Filter: 10
                                       Buffers: shared hit=1
                     ->  Index Scan using name_pkey on name n  (cost=0.43..2.32 rows=1 width=4) (actual time=0.043..0.043 rows=0 loops=2039)
                           Index Cond: (id = ci.person_id)
                           Filter: ((gender)::text = 'f'::text)
                           Rows Removed by Filter: 1
                           Buffers: shared hit=5918 read=2238
 Planning:
   Buffers: shared hit=505 read=69
 Planning Time: 13.970 ms
 Execution Time: 2179.336 ms
(76 rows)

