                                                                                               QUERY PLAN                                                                                               
--------------------------------------------------------------------------------------------------------------------------------------------------------------------------------------------------------
 Aggregate  (cost=1074481.44..1074481.45 rows=1 width=8) (actual time=193268.566..193268.576 rows=1 loops=1)
   Buffers: shared hit=16434553 read=2640060, temp read=19616 written=19616
   ->  Nested Loop  (cost=509959.98..1074480.37 rows=428 width=0) (actual time=1982.218..193258.318 rows=11833 loops=1)
         Buffers: shared hit=16434553 read=2640060, temp read=19616 written=19616
         ->  Seq Scan on info_type it2  (cost=0.00..2.41 rows=1 width=4) (actual time=0.050..0.058 rows=1 loops=1)
               Filter: (id = 4)
               Rows Removed by Filter: 112
               Buffers: shared hit=1
         ->  Nested Loop  (cost=509959.98..1074473.68 rows=428 width=4) (actual time=1982.165..193252.482 rows=11833 loops=1)
               Buffers: shared hit=16434552 read=2640060, temp read=19616 written=19616
               ->  Seq Scan on info_type it1  (cost=0.00..2.41 rows=1 width=4) (actual time=0.012..0.023 rows=1 loops=1)
                     Filter: (id = 3)
                     Rows Removed by Filter: 112
                     Buffers: shared hit=1
               ->  Nested Loop  (cost=509959.98..1074466.99 rows=428 width=8) (actual time=1982.149..193246.987 rows=11833 loops=1)
                     Buffers: shared hit=16434551 read=2640060, temp read=19616 written=19616
                     ->  Hash Join  (cost=509959.55..1070192.11 rows=1843 width=12) (actual time=1953.100..171885.341 rows=558390 loops=1)
                           Hash Cond: (ci.role_id = rt.id)
                           Buffers: shared hit=14398440 read=2442611, temp read=19616 written=19616
                           ->  Nested Loop  (cost=509958.39..1070112.39 rows=22117 width=16) (actual time=1952.977..169004.130 rows=15123992 loops=1)
                                 Buffers: shared hit=14398439 read=2442611, temp read=19616 written=19616
                                 ->  Hash Join  (cost=509957.95..1002745.51 rows=1543 width=20) (actual time=1952.936..3866.189 rows=695313 loops=1)
                                       Hash Cond: (mi2.movie_id = t.id)
                                       Buffers: shared hit=26305 read=30474, temp read=19616 written=19616
                                       ->  Bitmap Heap Scan on movie_info mi2  (cost=13077.18..505522.14 rows=87246 width=8) (actual time=35.942..622.037 rows=1132650 loops=1)
                                             Recheck Cond: (info_type_id = 4)
                                             Filter: ((info)::text = ANY ('{English,Filipino,Finnish,French,German,Greek,Italian,Japanese,Portuguese,Spanish,Tagalog,Turkish}'::text[]))
                                             Rows Removed by Filter: 166339
                                             Heap Blocks: exact=8393
                                             Buffers: shared hit=4 read=9408
                                             ->  Bitmap Index Scan on info_type_id_movie_info  (cost=0.00..13055.37 rows=1221191 width=0) (actual time=34.892..34.893 rows=1298989 loops=1)
                                                   Index Cond: (info_type_id = 4)
                                                   Buffers: shared read=1019
                                       ->  Hash  (cost=496321.94..496321.94 rows=44707 width=12) (actual time=1913.724..1913.729 rows=807412 loops=1)
                                             Buckets: 262144 (originally 65536)  Batches: 8 (originally 1)  Memory Usage: 6378kB
                                             Buffers: shared hit=26301 read=21066, temp read=11158 written=13916
                                             ->  Hash Join  (cost=117296.51..496321.94 rows=44707 width=12) (actual time=1042.861..1789.778 rows=807412 loops=1)
                                                   Hash Cond: (mi1.movie_id = t.id)
                                                   Buffers: shared hit=26301 read=21066, temp read=11158 written=11158
                                                   ->  Bitmap Heap Scan on movie_info mi1  (cost=16476.47..389813.15 rows=111913 width=8) (actual time=37.538..311.751 rows=1076991 loops=1)
                                                         Recheck Cond: (info_type_id = 3)
                                                         Filter: ((info)::text = ANY ('{Action,Adult,Comedy,Crime,Drama,Family,Romance,Sci-Fi,Short,Thriller}'::text[]))
                                                         Rows Removed by Filter: 456918
                                                         Heap Blocks: exact=9772
                                                         Buffers: shared hit=2845 read=8130
                                                         ->  Bitmap Index Scan on info_type_id_movie_info  (cost=0.00..16448.47 rows=1538671 width=0) (actual time=36.348..36.348 rows=1533909 loops=1)
                                                               Index Cond: (info_type_id = 3)
                                                               Buffers: shared hit=1 read=1202
                                                   ->  Hash  (cost=84248.88..84248.88 rows=1010013 width=4) (actual time=1003.645..1003.648 rows=2148656 loops=1)
                                                         Buckets: 262144 (originally 262144)  Batches: 16 (originally 8)  Memory Usage: 6773kB
                                                         Buffers: shared hit=23456 read=12936, temp written=5895
                                                         ->  Hash Join  (cost=1.13..84248.88 rows=1010013 width=4) (actual time=0.044..727.904 rows=2148656 loops=1)
                                                               Hash Cond: (t.kind_id = kt.id)
                                                               Buffers: shared hit=23456 read=12936
                                                               ->  Seq Scan on title t  (cost=0.00..74315.95 rows=2356696 width=8) (actual time=0.022..469.647 rows=2352201 loops=1)
                                                                     Filter: ((production_year <= 2015) AND (1925 < production_year))
                                                                     Rows Removed by Filter: 176111
                                                                     Buffers: shared hit=23455 read=12936
                                                               ->  Hash  (cost=1.10..1.10 rows=3 width=4) (actual time=0.014..0.016 rows=3 loops=1)
                                                                     Buckets: 1024  Batches: 1  Memory Usage: 9kB
                                                                     Buffers: shared hit=1
                                                                     ->  Seq Scan on kind_type kt  (cost=0.00..1.10 rows=3 width=4) (actual time=0.009..0.010 rows=3 loops=1)
                                                                           Filter: ((kind)::text = ANY ('{episode,movie,"video movie"}'::text[]))
                                                                           Rows Removed by Filter: 4
                                                                           Buffers: shared hit=1
                                 ->  Index Scan using movie_id_cast_info on cast_info ci  (cost=0.44..43.28 rows=38 width=12) (actual time=0.037..0.231 rows=22 loops=695313)
                                       Index Cond: (movie_id = t.id)
                                       Buffers: shared hit=14372134 read=2412137
                           ->  Hash  (cost=1.15..1.15 rows=1 width=4) (actual time=0.019..0.020 rows=1 loops=1)
                                 Buckets: 1024  Batches: 1  Memory Usage: 9kB
                                 Buffers: shared hit=1
                                 ->  Seq Scan on role_type rt  (cost=0.00..1.15 rows=1 width=4) (actual time=0.010..0.011 rows=1 loops=1)
                                       Filter: ((role)::text = 'cinematographer'::text)
                                       Rows Removed by Filter: 11
                                       Buffers: shared hit=1
                     ->  Index Scan using name_pkey on name n  (cost=0.43..2.32 rows=1 width=4) (actual time=0.038..0.038 rows=0 loops=558390)
                           Index Cond: (id = ci.person_id)
                           Filter: ((gender)::text = 'f'::text)
                           Rows Removed by Filter: 1
                           Buffers: shared hit=2036111 read=197449
 Planning:
   Buffers: shared hit=531 read=46
 Planning Time: 13.781 ms
 Execution Time: 193269.292 ms
(84 rows)

