                                                                                                  QUERY PLAN                                                                                                  
--------------------------------------------------------------------------------------------------------------------------------------------------------------------------------------------------------------
 Aggregate  (cost=940380.72..940380.73 rows=1 width=8) (actual time=45984.450..45984.460 rows=1 loops=1)
   Buffers: shared hit=4235572 read=401575, temp read=6495 written=6287
   ->  Nested Loop  (cost=904021.82..940380.30 rows=167 width=0) (actual time=1088.166..45974.835 rows=30684 loops=1)
         Buffers: shared hit=4235572 read=401575, temp read=6495 written=6287
         ->  Seq Scan on info_type it2  (cost=0.00..2.41 rows=1 width=4) (actual time=0.032..0.043 rows=1 loops=1)
               Filter: (id = 4)
               Rows Removed by Filter: 112
               Buffers: shared hit=1
         ->  Nested Loop  (cost=904021.82..940376.22 rows=167 width=4) (actual time=1088.133..45966.417 rows=30684 loops=1)
               Buffers: shared hit=4235571 read=401575, temp read=6495 written=6287
               ->  Seq Scan on info_type it1  (cost=0.00..2.41 rows=1 width=4) (actual time=0.007..0.021 rows=1 loops=1)
                     Filter: (id = 3)
                     Rows Removed by Filter: 112
                     Buffers: shared hit=1
               ->  Nested Loop  (cost=904021.82..940372.13 rows=167 width=8) (actual time=1088.125..45958.134 rows=30684 loops=1)
                     Buffers: shared hit=4235570 read=401575, temp read=6495 written=6287
                     ->  Hash Join  (cost=904021.39..939451.28 rows=397 width=12) (actual time=1088.090..41362.068 rows=120407 loops=1)
                           Hash Cond: (ci.role_id = rt.id)
                           Buffers: shared hit=3780748 read=374769, temp read=6495 written=6287
                           ->  Nested Loop  (cost=904020.22..939433.21 rows=4759 width=16) (actual time=1087.959..40759.315 rows=3033947 loops=1)
                                 Buffers: shared hit=3780747 read=374769, temp read=6495 written=6287
                                 ->  Nested Loop  (cost=904019.78..924938.20 rows=332 width=20) (actual time=1087.928..8412.052 rows=141321 loops=1)
                                       Buffers: shared hit=730235 read=49444, temp read=6495 written=6287
                                       ->  Nested Loop  (cost=904019.64..924918.60 rows=775 width=24) (actual time=1086.683..8262.693 rows=170638 loops=1)
                                             Buffers: shared hit=730223 read=49444, temp read=6495 written=6287
                                             ->  Merge Join  (cost=904019.21..904625.93 rows=6117 width=16) (actual time=1086.605..1568.108 rows=189820 loops=1)
                                                   Merge Cond: (mi1.movie_id = mi2.movie_id)
                                                   Buffers: shared hit=4 read=20383, temp read=6495 written=6287
                                                   ->  Sort  (cost=396686.75..396897.04 rows=84114 width=8) (actual time=511.732..653.684 rows=797824 loops=1)
                                                         Sort Key: mi1.movie_id
                                                         Sort Method: external sort  Disk: 17248kB
                                                         Buffers: shared hit=1 read=10974, temp read=4303 written=4314
                                                         ->  Bitmap Heap Scan on movie_info mi1  (cost=16469.52..389806.20 rows=84114 width=8) (actual time=38.024..308.840 rows=797825 loops=1)
                                                               Recheck Cond: (info_type_id = 3)
                                                               Filter: ((info)::text = ANY ('{Action,Animation,Comedy,Crime,Family,Horror,Romance,Short,War}'::text[]))
                                                               Rows Removed by Filter: 736084
                                                               Heap Blocks: exact=9772
                                                               Buffers: shared hit=1 read=10974
                                                               ->  Bitmap Index Scan on info_type_id_movie_info  (cost=0.00..16448.47 rows=1538671 width=0) (actual time=36.799..36.799 rows=1533909 loops=1)
                                                                     Index Cond: (info_type_id = 3)
                                                                     Buffers: shared read=1203
                                                   ->  Sort  (cost=507332.46..507394.95 rows=24996 width=8) (actual time=574.861..667.703 rows=404188 loops=1)
                                                         Sort Key: mi2.movie_id
                                                         Sort Method: external sort  Disk: 7888kB
                                                         Buffers: shared hit=3 read=9409, temp read=2080 written=1973
                                                         ->  Bitmap Heap Scan on movie_info mi2  (cost=13061.62..505506.58 rows=24996 width=8) (actual time=33.319..482.245 rows=364710 loops=1)
                                                               Recheck Cond: (info_type_id = 4)
                                                               Filter: ((info)::text = ANY ('{Bulgarian,Czech,Dutch,Filipino,French,German,Hindi,Italian,Japanese,Korean,Portuguese,Spanish}'::text[]))
                                                               Rows Removed by Filter: 934279
                                                               Heap Blocks: exact=8393
                                                               Buffers: shared hit=3 read=9409
                                                               ->  Bitmap Index Scan on info_type_id_movie_info  (cost=0.00..13055.37 rows=1221191 width=0) (actual time=30.243..30.243 rows=1298989 loops=1)
                                                                     Index Cond: (info_type_id = 4)
                                                                     Buffers: shared hit=1 read=1018
                                             ->  Index Scan using title_pkey on title t  (cost=0.43..3.32 rows=1 width=8) (actual time=0.035..0.035 rows=1 loops=189820)
                                                   Index Cond: (id = mi1.movie_id)
                                                   Filter: ((production_year <= 2015) AND (1925 < production_year))
                                                   Rows Removed by Filter: 0
                                                   Buffers: shared hit=730219 read=29061
                                       ->  Memoize  (cost=0.14..0.16 rows=1 width=4) (actual time=0.000..0.000 rows=1 loops=170638)
                                             Cache Key: t.kind_id
                                             Cache Mode: logical
                                             Hits: 170632  Misses: 6  Evictions: 0  Overflows: 0  Memory Usage: 1kB
                                             Buffers: shared hit=12
                                             ->  Index Scan using kind_type_pkey on kind_type kt  (cost=0.13..0.15 rows=1 width=4) (actual time=0.011..0.011 rows=0 loops=6)
                                                   Index Cond: (id = t.kind_id)
                                                   Filter: ((kind)::text = ANY ('{episode,movie,"video movie"}'::text[]))
                                                   Rows Removed by Filter: 0
                                                   Buffers: shared hit=12
                                 ->  Index Scan using movie_id_cast_info on cast_info ci  (cost=0.44..43.28 rows=38 width=12) (actual time=0.035..0.222 rows=21 loops=141321)
                                       Index Cond: (movie_id = t.id)
                                       Buffers: shared hit=3050512 read=325325
                           ->  Hash  (cost=1.15..1.15 rows=1 width=4) (actual time=0.012..0.014 rows=1 loops=1)
                                 Buckets: 1024  Batches: 1  Memory Usage: 9kB
                                 Buffers: shared hit=1
                                 ->  Seq Scan on role_type rt  (cost=0.00..1.15 rows=1 width=4) (actual time=0.006..0.007 rows=1 loops=1)
                                       Filter: ((role)::text = 'cinematographer'::text)
                                       Rows Removed by Filter: 11
                                       Buffers: shared hit=1
                     ->  Index Scan using name_pkey on name n  (cost=0.43..2.32 rows=1 width=4) (actual time=0.037..0.037 rows=0 loops=120407)
                           Index Cond: (id = ci.person_id)
                           Filter: ((gender)::text = 'm'::text)
                           Rows Removed by Filter: 1
                           Buffers: shared hit=454822 read=26806
 Planning:
   Buffers: shared hit=483 read=94
 Planning Time: 7.343 ms
 Execution Time: 45993.708 ms
(88 rows)

