                                                                                            QUERY PLAN                                                                                            
--------------------------------------------------------------------------------------------------------------------------------------------------------------------------------------------------
 Aggregate  (cost=659335.18..659335.19 rows=1 width=8) (actual time=10896.097..10896.110 rows=1 loops=1)
   Buffers: shared hit=967995 read=139294, temp read=2922 written=2922
   ->  Nested Loop  (cost=90149.46..659334.99 rows=76 width=0) (actual time=531.726..10895.339 rows=1651 loops=1)
         Buffers: shared hit=967995 read=139294, temp read=2922 written=2922
         ->  Seq Scan on info_type it2  (cost=0.00..2.41 rows=1 width=4) (actual time=0.036..0.049 rows=1 loops=1)
               Filter: (id = 4)
               Rows Removed by Filter: 112
               Buffers: shared hit=1
         ->  Nested Loop  (cost=90149.46..659331.82 rows=76 width=4) (actual time=531.688..10894.891 rows=1651 loops=1)
               Buffers: shared hit=967994 read=139294, temp read=2922 written=2922
               ->  Seq Scan on info_type it1  (cost=0.00..2.41 rows=1 width=4) (actual time=0.007..0.023 rows=1 loops=1)
                     Filter: (id = 3)
                     Rows Removed by Filter: 112
                     Buffers: shared hit=1
               ->  Nested Loop  (cost=90149.46..659328.65 rows=76 width=8) (actual time=531.678..10894.388 rows=1651 loops=1)
                     Buffers: shared hit=967993 read=139294, temp read=2922 written=2922
                     ->  Hash Join  (cost=90149.03..658906.49 rows=182 width=12) (actual time=484.158..10785.842 rows=3083 loops=1)
                           Hash Cond: (ci.role_id = rt.id)
                           Buffers: shared hit=957189 read=137766, temp read=2922 written=2922
                           ->  Nested Loop  (cost=90147.87..658897.59 rows=2179 width=16) (actual time=483.940..10764.094 rows=156747 loops=1)
                                 Buffers: shared hit=957188 read=137766, temp read=2922 written=2922
                                 ->  Nested Loop  (cost=90147.43..652075.91 rows=152 width=20) (actual time=483.909..9178.046 rows=10068 loops=1)
                                       Buffers: shared hit=811252 read=99692, temp read=2922 written=2922
                                       ->  Hash Join  (cost=90146.97..507793.12 rows=3343 width=12) (actual time=483.830..1466.248 rows=87272 loops=1)
                                             Hash Cond: (mi2.movie_id = t.id)
                                             Buffers: shared hit=4246 read=41558, temp read=2922 written=2922
                                             ->  Bitmap Heap Scan on movie_info mi2  (cost=13076.28..430375.34 rows=83642 width=8) (actual time=33.724..453.496 rows=1071644 loops=1)
                                                   Recheck Cond: (info_type_id = 4)
                                                   Filter: ((info)::text = ANY ('{English,French,German,Italian,Japanese,Serbo-Croatian,Spanish}'::text[]))
                                                   Rows Removed by Filter: 227345
                                                   Heap Blocks: exact=8393
                                                   Buffers: shared hit=4 read=9408
                                                   ->  Bitmap Index Scan on info_type_id_movie_info  (cost=0.00..13055.37 rows=1221191 width=0) (actual time=32.675..32.676 rows=1298989 loops=1)
                                                         Index Cond: (info_type_id = 4)
                                                         Buffers: shared read=1019
                                             ->  Hash  (cost=75807.56..75807.56 rows=101051 width=4) (actual time=447.706..447.710 rows=187142 loops=1)
                                                   Buckets: 262144 (originally 131072)  Batches: 2 (originally 1)  Memory Usage: 6145kB
                                                   Buffers: shared hit=4242 read=32150, temp written=274
                                                   ->  Hash Join  (cost=1.11..75807.56 rows=101051 width=4) (actual time=0.043..404.083 rows=187142 loops=1)
                                                         Hash Cond: (t.kind_id = kt.id)
                                                         Buffers: shared hit=4242 read=32150
                                                         ->  Seq Scan on title t  (cost=0.00..74315.95 rows=353677 width=8) (actual time=0.023..372.138 rows=347589 loops=1)
                                                               Filter: ((production_year <= 1975) AND (1925 < production_year))
                                                               Rows Removed by Filter: 2180723
                                                               Buffers: shared hit=4241 read=32150
                                                         ->  Hash  (cost=1.09..1.09 rows=2 width=4) (actual time=0.016..0.018 rows=2 loops=1)
                                                               Buckets: 1024  Batches: 1  Memory Usage: 9kB
                                                               Buffers: shared hit=1
                                                               ->  Seq Scan on kind_type kt  (cost=0.00..1.09 rows=2 width=4) (actual time=0.007..0.009 rows=2 loops=1)
                                                                     Filter: ((kind)::text = ANY ('{episode,"tv movie"}'::text[]))
                                                                     Rows Removed by Filter: 5
                                                                     Buffers: shared hit=1
                                       ->  Index Scan using movie_id_movie_info on movie_info mi1  (cost=0.46..43.15 rows=1 width=8) (actual time=0.088..0.088 rows=0 loops=87272)
                                             Index Cond: (movie_id = t.id)
                                             Filter: ((info_type_id = 3) AND ((info)::text = ANY ('{Animation,Comedy,Documentary,Drama,Family,Mystery,Short,Sport,Thriller}'::text[])))
                                             Rows Removed by Filter: 9
                                             Buffers: shared hit=807006 read=58134
                                 ->  Index Scan using movie_id_cast_info on cast_info ci  (cost=0.44..44.50 rows=38 width=12) (actual time=0.033..0.154 rows=16 loops=10068)
                                       Index Cond: (movie_id = t.id)
                                       Buffers: shared hit=145936 read=38074
                           ->  Hash  (cost=1.15..1.15 rows=1 width=4) (actual time=0.016..0.017 rows=1 loops=1)
                                 Buckets: 1024  Batches: 1  Memory Usage: 9kB
                                 Buffers: shared hit=1
                                 ->  Seq Scan on role_type rt  (cost=0.00..1.15 rows=1 width=4) (actual time=0.008..0.009 rows=1 loops=1)
                                       Filter: ((role)::text = 'composer'::text)
                                       Rows Removed by Filter: 11
                                       Buffers: shared hit=1
                     ->  Index Scan using name_pkey on name n  (cost=0.43..2.32 rows=1 width=4) (actual time=0.034..0.034 rows=1 loops=3083)
                           Index Cond: (id = ci.person_id)
                           Filter: ((gender)::text = 'm'::text)
                           Rows Removed by Filter: 0
                           Buffers: shared hit=10804 read=1528
 Planning:
   Buffers: shared hit=488 read=89
 Planning Time: 10.536 ms
 Execution Time: 10896.715 ms
(76 rows)

