                                                                                            QUERY PLAN                                                                                            
--------------------------------------------------------------------------------------------------------------------------------------------------------------------------------------------------
 Aggregate  (cost=798004.27..798004.28 rows=1 width=8) (actual time=4437.162..4437.173 rows=1 loops=1)
   Buffers: shared hit=322503 read=125717, temp read=1730 written=1730
   ->  Nested Loop  (cost=93533.80..798003.46 rows=327 width=0) (actual time=460.789..4436.939 rows=296 loops=1)
         Buffers: shared hit=322503 read=125717, temp read=1730 written=1730
         ->  Hash Join  (cost=93533.37..796839.06 rows=502 width=4) (actual time=441.240..4390.461 rows=1441 loops=1)
               Hash Cond: (ci.role_id = rt.id)
               Buffers: shared hit=317943 read=124513, temp read=1730 written=1730
               ->  Nested Loop  (cost=93532.19..796827.19 rows=3010 width=8) (actual time=439.884..4373.408 rows=128127 loops=1)
                     Buffers: shared hit=317942 read=124513, temp read=1730 written=1730
                     ->  Nested Loop  (cost=93531.75..787508.65 rows=210 width=12) (actual time=439.845..2897.914 rows=11057 loops=1)
                           Buffers: shared hit=209639 read=75686, temp read=1730 written=1730
                           ->  Seq Scan on info_type it2  (cost=0.00..2.41 rows=1 width=4) (actual time=0.026..0.036 rows=1 loops=1)
                                 Filter: (id = 4)
                                 Rows Removed by Filter: 112
                                 Buffers: shared hit=1
                           ->  Nested Loop  (cost=93531.75..787504.14 rows=210 width=16) (actual time=439.817..2895.782 rows=11057 loops=1)
                                 Buffers: shared hit=209638 read=75686, temp read=1730 written=1730
                                 ->  Seq Scan on info_type it1  (cost=0.00..2.41 rows=1 width=4) (actual time=0.006..0.019 rows=1 loops=1)
                                       Filter: (id = 3)
                                       Rows Removed by Filter: 112
                                       Buffers: shared hit=1
                                 ->  Nested Loop  (cost=93531.75..787499.63 rows=210 width=20) (actual time=439.808..2893.702 rows=11057 loops=1)
                                       Buffers: shared hit=209637 read=75686, temp read=1730 written=1730
                                       ->  Hash Join  (cost=93531.32..482647.49 rows=7115 width=12) (actual time=439.734..1030.647 rows=24899 loops=1)
                                             Hash Cond: (mi2.movie_id = t.id)
                                             Buffers: shared hit=5068 read=40736, temp read=1730 written=1730
                                             ->  Bitmap Heap Scan on movie_info mi2  (cost=13074.59..400315.29 rows=76885 width=8) (actual time=35.013..345.393 rows=983001 loops=1)
                                                   Recheck Cond: (info_type_id = 4)
                                                   Filter: ((info)::text = ANY ('{English,German,Japanese,Serbo-Croatian,Spanish}'::text[]))
                                                   Rows Removed by Filter: 315988
                                                   Heap Blocks: exact=8393
                                                   Buffers: shared hit=3483 read=5929
                                                   ->  Bitmap Index Scan on info_type_id_movie_info  (cost=0.00..13055.37 rows=1221191 width=0) (actual time=33.957..33.957 rows=1298989 loops=1)
                                                         Index Cond: (info_type_id = 4)
                                                         Buffers: shared read=1019
                                             ->  Hash  (cost=76617.93..76617.93 rows=233984 width=4) (actual time=401.838..401.842 rows=33701 loops=1)
                                                   Buckets: 262144  Batches: 2  Memory Usage: 2644kB
                                                   Buffers: shared hit=1585 read=34807, temp written=49
                                                   ->  Hash Join  (cost=1.13..76617.93 rows=233984 width=4) (actual time=0.065..394.411 rows=33701 loops=1)
                                                         Hash Cond: (t.kind_id = kt.id)
                                                         Buffers: shared hit=1585 read=34807
                                                         ->  Seq Scan on title t  (cost=0.00..74315.95 rows=545963 width=8) (actual time=0.029..362.402 rows=538239 loops=1)
                                                               Filter: ((production_year <= 1990) AND (1950 < production_year))
                                                               Rows Removed by Filter: 1990073
                                                               Buffers: shared hit=1584 read=34807
                                                         ->  Hash  (cost=1.10..1.10 rows=3 width=4) (actual time=0.016..0.017 rows=3 loops=1)
                                                               Buckets: 1024  Batches: 1  Memory Usage: 9kB
                                                               Buffers: shared hit=1
                                                               ->  Seq Scan on kind_type kt  (cost=0.00..1.10 rows=3 width=4) (actual time=0.008..0.009 rows=3 loops=1)
                                                                     Filter: ((kind)::text = ANY ('{"tv series","video game","video movie"}'::text[]))
                                                                     Rows Removed by Filter: 4
                                                                     Buffers: shared hit=1
                                       ->  Index Scan using movie_id_movie_info on movie_info mi1  (cost=0.43..42.84 rows=1 width=8) (actual time=0.074..0.074 rows=0 loops=24899)
                                             Index Cond: (movie_id = t.id)
                                             Filter: ((info_type_id = 3) AND ((info)::text = ANY ('{Action,Drama,Family,Romance,Short}'::text[])))
                                             Rows Removed by Filter: 9
                                             Buffers: shared hit=204569 read=34950
                     ->  Index Scan using movie_id_cast_info on cast_info ci  (cost=0.44..43.99 rows=38 width=12) (actual time=0.030..0.131 rows=12 loops=11057)
                           Index Cond: (movie_id = t.id)
                           Buffers: shared hit=108303 read=48827
               ->  Hash  (cost=1.15..1.15 rows=2 width=4) (actual time=0.030..0.031 rows=2 loops=1)
                     Buckets: 1024  Batches: 1  Memory Usage: 9kB
                     Buffers: shared hit=1
                     ->  Seq Scan on role_type rt  (cost=0.00..1.15 rows=2 width=4) (actual time=0.022..0.024 rows=2 loops=1)
                           Filter: ((role)::text = ANY ('{"costume designer","production designer"}'::text[]))
                           Rows Removed by Filter: 10
                           Buffers: shared hit=1
         ->  Index Scan using name_pkey on name n  (cost=0.43..2.32 rows=1 width=4) (actual time=0.031..0.031 rows=0 loops=1441)
               Index Cond: (id = ci.person_id)
               Filter: ((gender)::text = ANY ('{f,m}'::text[]))
               Rows Removed by Filter: 1
               Buffers: shared hit=4560 read=1204
 Planning:
   Buffers: shared hit=503 read=71
 Planning Time: 12.904 ms
 Execution Time: 4437.680 ms
(76 rows)

