                                                                                                  QUERY PLAN                                                                                                  
--------------------------------------------------------------------------------------------------------------------------------------------------------------------------------------------------------------
 Aggregate  (cost=965987.07..965987.08 rows=1 width=8) (actual time=122556.994..122557.004 rows=1 loops=1)
   Buffers: shared hit=10517588 read=1395051, temp read=10259 written=9463
   ->  Nested Loop  (cost=878018.73..965986.29 rows=313 width=0) (actual time=1172.122..122531.045 rows=84446 loops=1)
         Buffers: shared hit=10517588 read=1395051, temp read=10259 written=9463
         ->  Seq Scan on info_type it2  (cost=0.00..2.41 rows=1 width=4) (actual time=0.039..0.051 rows=1 loops=1)
               Filter: (id = 4)
               Rows Removed by Filter: 112
               Buffers: shared hit=1
         ->  Nested Loop  (cost=878018.73..965980.75 rows=313 width=4) (actual time=1172.081..122508.501 rows=84446 loops=1)
               Buffers: shared hit=10517587 read=1395051, temp read=10259 written=9463
               ->  Seq Scan on info_type it1  (cost=0.00..2.41 rows=1 width=4) (actual time=0.007..0.021 rows=1 loops=1)
                     Filter: (id = 3)
                     Rows Removed by Filter: 112
                     Buffers: shared hit=1
               ->  Nested Loop  (cost=878018.73..965975.21 rows=313 width=8) (actual time=1172.073..122487.115 rows=84446 loops=1)
                     Buffers: shared hit=10517586 read=1395051, temp read=10259 written=9463
                     ->  Hash Join  (cost=878018.30..964247.17 rows=745 width=12) (actual time=1171.827..112808.274 rows=243173 loops=1)
                           Hash Cond: (ci.role_id = rt.id)
                           Buffers: shared hit=9622224 read=1317721, temp read=10259 written=9463
                           ->  Nested Loop  (cost=878017.14..964214.24 rows=8944 width=16) (actual time=1171.097..111339.144 rows=7810263 loops=1)
                                 Buffers: shared hit=9622223 read=1317721, temp read=10259 written=9463
                                 ->  Nested Loop  (cost=878016.70..936970.60 rows=624 width=20) (actual time=1171.063..22402.779 rows=377977 loops=1)
                                       Buffers: shared hit=2179107 read=45632, temp read=10259 written=9463
                                       ->  Nested Loop  (cost=878016.56..936916.50 rows=2184 width=24) (actual time=1170.933..21983.072 rows=493198 loops=1)
                                             Buffers: shared hit=2179095 read=45632, temp read=10259 written=9463
                                             ->  Merge Join  (cost=878016.13..878958.98 rows=17234 width=16) (actual time=1170.866..2076.696 rows=551085 loops=1)
                                                   Merge Cond: (mi1.movie_id = mi2.movie_id)
                                                   Buffers: shared hit=9757 read=10630, temp read=10259 written=9463
                                                   ->  Sort  (cost=441704.55..441906.12 rows=80626 width=8) (actual time=637.750..797.191 rows=785988 loops=1)
                                                         Sort Key: mi1.movie_id
                                                         Sort Method: external sort  Disk: 16992kB
                                                         Buffers: shared hit=4192 read=6783, temp read=4239 written=4250
                                                         ->  Bitmap Heap Scan on movie_info mi1  (cost=16468.62..435133.95 rows=80626 width=8) (actual time=41.397..440.236 rows=785992 loops=1)
                                                               Recheck Cond: (info_type_id = 3)
                                                               Filter: ((info)::text = ANY ('{Action,Crime,Drama,Family,Horror,Music,Short}'::text[]))
                                                               Rows Removed by Filter: 747917
                                                               Heap Blocks: exact=9772
                                                               Buffers: shared hit=4192 read=6783
                                                               ->  Bitmap Index Scan on info_type_id_movie_info  (cost=0.00..16448.47 rows=1538671 width=0) (actual time=40.182..40.183 rows=1533909 loops=1)
                                                                     Index Cond: (info_type_id = 3)
                                                                     Buffers: shared read=1203
                                                   ->  Sort  (cost=436311.58..436495.27 rows=73477 width=8) (actual time=533.105..775.276 rows=1109511 loops=1)
                                                         Sort Key: mi2.movie_id
                                                         Sort Method: external sort  Disk: 20840kB
                                                         Buffers: shared hit=5565 read=3847, temp read=5610 written=5213
                                                         ->  Bitmap Heap Scan on movie_info mi2  (cost=13073.74..430372.80 rows=73477 width=8) (actual time=30.622..297.703 rows=964348 loops=1)
                                                               Recheck Cond: (info_type_id = 4)
                                                               Filter: ((info)::text = ANY ('{English,Finnish,German,Hindi,Serbo-Croatian,Spanish,Swedish}'::text[]))
                                                               Rows Removed by Filter: 334641
                                                               Heap Blocks: exact=8393
                                                               Buffers: shared hit=5565 read=3847
                                                               ->  Bitmap Index Scan on info_type_id_movie_info  (cost=0.00..13055.37 rows=1221191 width=0) (actual time=29.577..29.578 rows=1298989 loops=1)
                                                                     Index Cond: (info_type_id = 4)
                                                                     Buffers: shared hit=1 read=1018
                                             ->  Index Scan using title_pkey on title t  (cost=0.43..3.36 rows=1 width=8) (actual time=0.035..0.035 rows=1 loops=551085)
                                                   Index Cond: (id = mi1.movie_id)
                                                   Filter: ((production_year <= 2015) AND (1925 < production_year))
                                                   Rows Removed by Filter: 0
                                                   Buffers: shared hit=2169338 read=35002
                                       ->  Memoize  (cost=0.14..0.16 rows=1 width=4) (actual time=0.000..0.000 rows=1 loops=493198)
                                             Cache Key: t.kind_id
                                             Cache Mode: logical
                                             Hits: 493192  Misses: 6  Evictions: 0  Overflows: 0  Memory Usage: 1kB
                                             Buffers: shared hit=12
                                             ->  Index Scan using kind_type_pkey on kind_type kt  (cost=0.13..0.15 rows=1 width=4) (actual time=0.011..0.011 rows=0 loops=6)
                                                   Index Cond: (id = t.kind_id)
                                                   Filter: ((kind)::text = ANY ('{episode,movie}'::text[]))
                                                   Rows Removed by Filter: 1
                                                   Buffers: shared hit=12
                                 ->  Index Scan using movie_id_cast_info on cast_info ci  (cost=0.44..43.28 rows=38 width=12) (actual time=0.037..0.229 rows=21 loops=377977)
                                       Index Cond: (movie_id = t.id)
                                       Buffers: shared hit=7443116 read=1272089
                           ->  Hash  (cost=1.15..1.15 rows=1 width=4) (actual time=0.018..0.019 rows=1 loops=1)
                                 Buckets: 1024  Batches: 1  Memory Usage: 9kB
                                 Buffers: shared hit=1
                                 ->  Seq Scan on role_type rt  (cost=0.00..1.15 rows=1 width=4) (actual time=0.009..0.010 rows=1 loops=1)
                                       Filter: ((role)::text = 'composer'::text)
                                       Rows Removed by Filter: 11
                                       Buffers: shared hit=1
                     ->  Index Scan using name_pkey on name n  (cost=0.43..2.32 rows=1 width=4) (actual time=0.039..0.039 rows=0 loops=243173)
                           Index Cond: (id = ci.person_id)
                           Filter: ((gender)::text = 'm'::text)
                           Rows Removed by Filter: 1
                           Buffers: shared hit=895362 read=77330
 Planning:
   Buffers: shared hit=529 read=45
 Planning Time: 13.556 ms
 Execution Time: 122569.126 ms
(88 rows)

