                                                                                               QUERY PLAN                                                                                               
--------------------------------------------------------------------------------------------------------------------------------------------------------------------------------------------------------
 Aggregate  (cost=552716.99..552717.00 rows=1 width=8) (actual time=7172.758..7172.764 rows=1 loops=1)
   Buffers: shared hit=612847 read=119469
   ->  Nested Loop  (cost=13061.14..552716.92 rows=28 width=0) (actual time=46.980..7172.146 rows=1574 loops=1)
         Buffers: shared hit=612847 read=119469
         ->  Seq Scan on info_type it2  (cost=0.00..2.41 rows=1 width=4) (actual time=0.045..0.054 rows=1 loops=1)
               Filter: (id = 4)
               Rows Removed by Filter: 112
               Buffers: shared hit=1
         ->  Nested Loop  (cost=13061.14..552714.23 rows=28 width=4) (actual time=46.932..7171.696 rows=1574 loops=1)
               Buffers: shared hit=612846 read=119469
               ->  Seq Scan on info_type it1  (cost=0.00..2.41 rows=1 width=4) (actual time=0.010..0.020 rows=1 loops=1)
                     Filter: (id = 3)
                     Rows Removed by Filter: 112
                     Buffers: shared hit=1
               ->  Nested Loop  (cost=13061.14..552711.54 rows=28 width=8) (actual time=46.919..7171.233 rows=1574 loops=1)
                     Buffers: shared hit=612845 read=119469
                     ->  Hash Join  (cost=13060.71..552558.45 rows=66 width=12) (actual time=37.634..6931.364 rows=6652 loops=1)
                           Hash Cond: (ci.role_id = rt.id)
                           Buffers: shared hit=591224 read=114482
                           ->  Nested Loop  (cost=13059.54..552554.48 rows=788 width=16) (actual time=36.726..6909.660 rows=129755 loops=1)
                                 Buffers: shared hit=591223 read=114482
                                 ->  Nested Loop  (cost=13059.10..550153.20 rows=55 width=20) (actual time=36.681..5360.135 rows=7285 loops=1)
                                       Buffers: shared hit=482599 read=74709
                                       ->  Hash Join  (cost=13058.67..433372.65 rows=2760 width=12) (actual time=36.623..3917.352 rows=18092 loops=1)
                                             Hash Cond: (t.kind_id = kt.id)
                                             Buffers: shared hit=360594 read=38803
                                             ->  Nested Loop  (cost=13057.53..433344.38 rows=6441 width=16) (actual time=36.576..3895.987 rows=89809 loops=1)
                                                   Buffers: shared hit=360593 read=38803
                                                   ->  Bitmap Heap Scan on movie_info mi2  (cost=13057.09..385268.61 rows=6910 width=8) (actual time=36.532..488.099 rows=98343 loops=1)
                                                         Recheck Cond: (info_type_id = 4)
                                                         Filter: ((info)::text = ANY ('{Filipino,French,Portuguese,Serbo-Croatian}'::text[]))
                                                         Rows Removed by Filter: 1200646
                                                         Heap Blocks: exact=8393
                                                         Buffers: shared hit=22 read=9390
                                                         ->  Bitmap Index Scan on info_type_id_movie_info  (cost=0.00..13055.37 rows=1221191 width=0) (actual time=34.436..34.436 rows=1298989 loops=1)
                                                               Index Cond: (info_type_id = 4)
                                                               Buffers: shared read=1019
                                                   ->  Memoize  (cost=0.44..7.01 rows=1 width=8) (actual time=0.034..0.034 rows=1 loops=98343)
                                                         Cache Key: mi2.movie_id
                                                         Cache Mode: logical
                                                         Hits: 847  Misses: 97496  Evictions: 16953  Overflows: 0  Memory Usage: 8193kB
                                                         Buffers: shared hit=360571 read=29413
                                                         ->  Index Scan using title_pkey on title t  (cost=0.43..7.00 rows=1 width=8) (actual time=0.033..0.033 rows=1 loops=97496)
                                                               Index Cond: (id = mi2.movie_id)
                                                               Filter: ((production_year <= 2015) AND (1925 < production_year))
                                                               Rows Removed by Filter: 0
                                                               Buffers: shared hit=360571 read=29413
                                             ->  Hash  (cost=1.10..1.10 rows=3 width=4) (actual time=0.020..0.021 rows=3 loops=1)
                                                   Buckets: 1024  Batches: 1  Memory Usage: 9kB
                                                   Buffers: shared hit=1
                                                   ->  Seq Scan on kind_type kt  (cost=0.00..1.10 rows=3 width=4) (actual time=0.009..0.012 rows=3 loops=1)
                                                         Filter: ((kind)::text = ANY ('{"tv movie","tv series","video game"}'::text[]))
                                                         Rows Removed by Filter: 4
                                                         Buffers: shared hit=1
                                       ->  Index Scan using movie_id_movie_info on movie_info mi1  (cost=0.43..42.30 rows=1 width=8) (actual time=0.079..0.079 rows=0 loops=18092)
                                             Index Cond: (movie_id = t.id)
                                             Filter: ((info_type_id = 3) AND ((info)::text = ANY ('{Action,Crime,Documentary,Drama}'::text[])))
                                             Rows Removed by Filter: 7
                                             Buffers: shared hit=122005 read=35906
                                 ->  Index Scan using movie_id_cast_info on cast_info ci  (cost=0.44..43.28 rows=38 width=12) (actual time=0.038..0.208 rows=18 loops=7285)
                                       Index Cond: (movie_id = t.id)
                                       Buffers: shared hit=108624 read=39773
                           ->  Hash  (cost=1.15..1.15 rows=1 width=4) (actual time=0.018..0.018 rows=1 loops=1)
                                 Buckets: 1024  Batches: 1  Memory Usage: 9kB
                                 Buffers: shared hit=1
                                 ->  Seq Scan on role_type rt  (cost=0.00..1.15 rows=1 width=4) (actual time=0.010..0.012 rows=1 loops=1)
                                       Filter: ((role)::text = 'producer'::text)
                                       Rows Removed by Filter: 11
                                       Buffers: shared hit=1
                     ->  Index Scan using name_pkey on name n  (cost=0.43..2.32 rows=1 width=4) (actual time=0.035..0.035 rows=0 loops=6652)
                           Index Cond: (id = ci.person_id)
                           Filter: ((gender)::text = 'm'::text)
                           Rows Removed by Filter: 1
                           Buffers: shared hit=21621 read=4987
 Planning:
   Buffers: shared hit=486 read=88
 Planning Time: 13.125 ms
 Execution Time: 7174.795 ms
(78 rows)

