                                                                                            QUERY PLAN                                                                                            
--------------------------------------------------------------------------------------------------------------------------------------------------------------------------------------------------
 Aggregate  (cost=677400.53..677400.54 rows=1 width=8) (actual time=3731.032..3731.045 rows=1 loops=1)
   Buffers: shared hit=61764 read=47024, temp read=1490 written=1490
   ->  Nested Loop  (cost=452537.72..677400.44 rows=36 width=0) (actual time=1912.010..3730.962 rows=84 loops=1)
         Buffers: shared hit=61764 read=47024, temp read=1490 written=1490
         ->  Seq Scan on info_type it2  (cost=0.00..2.41 rows=1 width=4) (actual time=0.081..0.097 rows=1 loops=1)
               Filter: (id = 4)
               Rows Removed by Filter: 112
               Buffers: shared hit=1
         ->  Nested Loop  (cost=452537.72..677397.67 rows=36 width=4) (actual time=1911.926..3730.819 rows=84 loops=1)
               Buffers: shared hit=61763 read=47024, temp read=1490 written=1490
               ->  Seq Scan on info_type it1  (cost=0.00..2.41 rows=1 width=4) (actual time=0.045..0.063 rows=1 loops=1)
                     Filter: (id = 3)
                     Rows Removed by Filter: 112
                     Buffers: shared hit=1
               ->  Nested Loop  (cost=452537.72..677394.90 rows=36 width=8) (actual time=1911.879..3730.707 rows=84 loops=1)
                     Join Filter: (t.id = mi1.movie_id)
                     Buffers: shared hit=61762 read=47024, temp read=1490 written=1490
                     ->  Nested Loop  (cost=452537.29..605013.91 rows=1714 width=16) (actual time=1911.814..3662.023 rows=395 loops=1)
                           Buffers: shared hit=59066 read=45671, temp read=1490 written=1490
                           ->  Hash Join  (cost=452536.86..587900.49 rows=7378 width=20) (actual time=1906.047..3097.446 rows=11973 loops=1)
                                 Hash Cond: (ci.movie_id = t.id)
                                 Buffers: shared hit=18393 read=38452, temp read=1490 written=1490
                                 ->  Nested Loop  (cost=0.44..123965.00 rows=3020080 width=8) (actual time=0.267..882.678 rows=1703543 loops=1)
                                       Buffers: shared hit=1103 read=9938
                                       ->  Seq Scan on role_type rt  (cost=0.00..1.15 rows=1 width=4) (actual time=0.041..0.045 rows=1 loops=1)
                                             Filter: ((role)::text = 'director'::text)
                                             Rows Removed by Filter: 11
                                             Buffers: shared hit=1
                                       ->  Index Scan using role_id_cast_info on cast_info ci  (cost=0.44..91017.52 rows=3294633 width=12) (actual time=0.223..568.700 rows=1703543 loops=1)
                                             Index Cond: (role_id = rt.id)
                                             Buffers: shared hit=1102 read=9938
                                 ->  Hash  (cost=452459.20..452459.20 rows=6177 width=12) (actual time=1905.617..1905.624 rows=19725 loops=1)
                                       Buckets: 32768 (originally 8192)  Batches: 1 (originally 1)  Memory Usage: 1104kB
                                       Buffers: shared hit=17290 read=28514, temp read=1490 written=1490
                                       ->  Hash Join  (cost=93528.79..452459.20 rows=6177 width=12) (actual time=1011.110..1898.714 rows=19725 loops=1)
                                             Hash Cond: (mi2.movie_id = t.id)
                                             Buffers: shared hit=17290 read=28514, temp read=1490 written=1490
                                             ->  Bitmap Heap Scan on movie_info mi2  (cost=13072.05..370254.39 rows=66749 width=8) (actual time=77.163..697.247 rows=842438 loops=1)
                                                   Recheck Cond: (info_type_id = 4)
                                                   Filter: ((info)::text = ANY ('{English,French,Mandarin}'::text[]))
                                                   Rows Removed by Filter: 456551
                                                   Heap Blocks: exact=8393
                                                   Buffers: shared hit=5097 read=4315
                                                   ->  Bitmap Index Scan on info_type_id_movie_info  (cost=0.00..13055.37 rows=1221191 width=0) (actual time=76.098..76.099 rows=1298989 loops=1)
                                                         Index Cond: (info_type_id = 4)
                                                         Buffers: shared read=1019
                                             ->  Hash  (cost=76617.93..76617.93 rows=233984 width=4) (actual time=928.582..928.586 rows=33701 loops=1)
                                                   Buckets: 262144  Batches: 2  Memory Usage: 2644kB
                                                   Buffers: shared hit=12193 read=24199, temp written=49
                                                   ->  Hash Join  (cost=1.13..76617.93 rows=233984 width=4) (actual time=0.062..916.255 rows=33701 loops=1)
                                                         Hash Cond: (t.kind_id = kt.id)
                                                         Buffers: shared hit=12193 read=24199
                                                         ->  Seq Scan on title t  (cost=0.00..74315.95 rows=545963 width=8) (actual time=0.026..847.109 rows=538239 loops=1)
                                                               Filter: ((production_year <= 1990) AND (1950 < production_year))
                                                               Rows Removed by Filter: 1990073
                                                               Buffers: shared hit=12192 read=24199
                                                         ->  Hash  (cost=1.10..1.10 rows=3 width=4) (actual time=0.016..0.017 rows=3 loops=1)
                                                               Buckets: 1024  Batches: 1  Memory Usage: 9kB
                                                               Buffers: shared hit=1
                                                               ->  Seq Scan on kind_type kt  (cost=0.00..1.10 rows=3 width=4) (actual time=0.007..0.009 rows=3 loops=1)
                                                                     Filter: ((kind)::text = ANY ('{"tv series","video game","video movie"}'::text[]))
                                                                     Rows Removed by Filter: 4
                                                                     Buffers: shared hit=1
                           ->  Index Scan using name_pkey on name n  (cost=0.43..2.32 rows=1 width=4) (actual time=0.047..0.047 rows=0 loops=11973)
                                 Index Cond: (id = ci.person_id)
                                 Filter: ((gender)::text = 'f'::text)
                                 Rows Removed by Filter: 1
                                 Buffers: shared hit=40673 read=7219
                     ->  Index Scan using movie_id_movie_info on movie_info mi1  (cost=0.43..42.22 rows=1 width=8) (actual time=0.172..0.173 rows=0 loops=395)
                           Index Cond: (movie_id = ci.movie_id)
                           Filter: ((info_type_id = 3) AND ((info)::text = ANY ('{Action,Family,Musical,Romance,Short}'::text[])))
                           Rows Removed by Filter: 11
                           Buffers: shared hit=2696 read=1353
 Planning:
   Buffers: shared hit=506 read=68
 Planning Time: 15.950 ms
 Execution Time: 3733.347 ms
(77 rows)

