                                                                                               QUERY PLAN                                                                                               
--------------------------------------------------------------------------------------------------------------------------------------------------------------------------------------------------------
 Aggregate  (cost=621882.17..621882.18 rows=1 width=8) (actual time=10424.853..10424.862 rows=1 loops=1)
   Buffers: shared hit=886935 read=75201
   ->  Nested Loop  (cost=13062.35..621882.06 rows=43 width=0) (actual time=935.427..10424.631 rows=213 loops=1)
         Buffers: shared hit=886935 read=75201
         ->  Seq Scan on info_type it2  (cost=0.00..2.41 rows=1 width=4) (actual time=0.048..0.058 rows=1 loops=1)
               Filter: (id = 4)
               Rows Removed by Filter: 112
               Buffers: shared hit=1
         ->  Nested Loop  (cost=13062.35..621879.22 rows=43 width=4) (actual time=935.376..10424.449 rows=213 loops=1)
               Buffers: shared hit=886934 read=75201
               ->  Seq Scan on info_type it1  (cost=0.00..2.41 rows=1 width=4) (actual time=0.014..0.026 rows=1 loops=1)
                     Filter: (id = 3)
                     Rows Removed by Filter: 112
                     Buffers: shared hit=1
               ->  Nested Loop  (cost=13062.35..621876.37 rows=43 width=8) (actual time=935.359..10424.301 rows=213 loops=1)
                     Buffers: shared hit=886933 read=75201
                     ->  Hash Join  (cost=13061.92..621639.78 rows=102 width=12) (actual time=927.066..10370.712 rows=1035 loops=1)
                           Hash Cond: (ci.role_id = rt.id)
                           Buffers: shared hit=883550 read=74444
                           ->  Nested Loop  (cost=13060.75..621634.29 rows=1218 width=16) (actual time=919.268..10352.580 rows=97430 loops=1)
                                 Buffers: shared hit=883549 read=74444
                                 ->  Nested Loop  (cost=13060.31..617916.77 rows=85 width=20) (actual time=919.231..9105.212 rows=3368 loops=1)
                                       Buffers: shared hit=819038 read=35654
                                       ->  Hash Join  (cost=13059.88..518929.38 rows=2331 width=12) (actual time=919.149..8165.857 rows=9396 loops=1)
                                             Hash Cond: (t.kind_id = kt.id)
                                             Buffers: shared hit=744479 read=22958
                                             ->  Nested Loop  (cost=13058.77..518893.87 rows=8160 width=16) (actual time=73.416..8137.465 rows=122182 loops=1)
                                                   Buffers: shared hit=744478 read=22958
                                                   ->  Bitmap Heap Scan on movie_info mi2  (cost=13058.33..445386.57 rows=11838 width=8) (actual time=73.175..810.453 rows=192051 loops=1)
                                                         Recheck Cond: (info_type_id = 4)
                                                         Filter: ((info)::text = ANY ('{Filipino,Finnish,French,Hindi,Hungarian,Korean,Polish,Spanish}'::text[]))
                                                         Rows Removed by Filter: 1106938
                                                         Heap Blocks: exact=8393
                                                         Buffers: shared hit=7706 read=1706
                                                         ->  Bitmap Index Scan on info_type_id_movie_info  (cost=0.00..13055.37 rows=1221191 width=0) (actual time=67.850..67.850 rows=1298989 loops=1)
                                                               Index Cond: (info_type_id = 4)
                                                               Buffers: shared hit=1019
                                                   ->  Memoize  (cost=0.44..6.29 rows=1 width=8) (actual time=0.038..0.038 rows=1 loops=192051)
                                                         Cache Key: mi2.movie_id
                                                         Cache Mode: logical
                                                         Hits: 2545  Misses: 189506  Evictions: 102059  Overflows: 0  Memory Usage: 8193kB
                                                         Buffers: shared hit=736772 read=21252
                                                         ->  Index Scan using title_pkey on title t  (cost=0.43..6.28 rows=1 width=8) (actual time=0.037..0.037 rows=1 loops=189506)
                                                               Index Cond: (id = mi2.movie_id)
                                                               Filter: ((production_year <= 2015) AND (1990 < production_year))
                                                               Rows Removed by Filter: 0
                                                               Buffers: shared hit=736772 read=21252
                                             ->  Hash  (cost=1.09..1.09 rows=2 width=4) (actual time=0.024..0.025 rows=2 loops=1)
                                                   Buckets: 1024  Batches: 1  Memory Usage: 9kB
                                                   Buffers: shared hit=1
                                                   ->  Seq Scan on kind_type kt  (cost=0.00..1.09 rows=2 width=4) (actual time=0.011..0.012 rows=2 loops=1)
                                                         Filter: ((kind)::text = ANY ('{"tv movie","video game"}'::text[]))
                                                         Rows Removed by Filter: 5
                                                         Buffers: shared hit=1
                                       ->  Index Scan using movie_id_movie_info on movie_info mi1  (cost=0.43..42.46 rows=1 width=8) (actual time=0.099..0.099 rows=0 loops=9396)
                                             Index Cond: (movie_id = t.id)
                                             Filter: ((info_type_id = 3) AND ((info)::text = ANY ('{Action,Animation,Comedy,Drama,Fantasy,Short}'::text[])))
                                             Rows Removed by Filter: 8
                                             Buffers: shared hit=74559 read=12696
                                 ->  Index Scan using movie_id_cast_info on cast_info ci  (cost=0.44..43.36 rows=38 width=12) (actual time=0.044..0.361 rows=29 loops=3368)
                                       Index Cond: (movie_id = t.id)
                                       Buffers: shared hit=64511 read=38790
                           ->  Hash  (cost=1.15..1.15 rows=1 width=4) (actual time=0.019..0.020 rows=1 loops=1)
                                 Buckets: 1024  Batches: 1  Memory Usage: 9kB
                                 Buffers: shared hit=1
                                 ->  Seq Scan on role_type rt  (cost=0.00..1.15 rows=1 width=4) (actual time=0.012..0.013 rows=1 loops=1)
                                       Filter: ((role)::text = 'production designer'::text)
                                       Rows Removed by Filter: 11
                                       Buffers: shared hit=1
                     ->  Index Scan using name_pkey on name n  (cost=0.43..2.32 rows=1 width=4) (actual time=0.050..0.050 rows=0 loops=1035)
                           Index Cond: (id = ci.person_id)
                           Filter: ((gender)::text = 'm'::text)
                           Rows Removed by Filter: 1
                           Buffers: shared hit=3383 read=757
 Planning:
   Buffers: shared hit=574
 Planning Time: 15.114 ms
 Execution Time: 10427.576 ms
(78 rows)

