                                                                                                  QUERY PLAN                                                                                                  
--------------------------------------------------------------------------------------------------------------------------------------------------------------------------------------------------------------
 Aggregate  (cost=947381.38..947381.39 rows=1 width=8) (actual time=96898.717..96898.726 rows=1 loops=1)
   Buffers: shared hit=8291290 read=1578168, temp read=8204 written=8022
   ->  Nested Loop  (cost=875977.72..947380.57 rows=324 width=0) (actual time=1093.386..96855.960 rows=216030 loops=1)
         Buffers: shared hit=8291290 read=1578168, temp read=8204 written=8022
         ->  Seq Scan on info_type it2  (cost=0.00..2.41 rows=1 width=4) (actual time=0.028..0.043 rows=1 loops=1)
               Filter: (id = 4)
               Rows Removed by Filter: 112
               Buffers: shared hit=1
         ->  Nested Loop  (cost=875977.72..947374.92 rows=324 width=4) (actual time=1093.357..96808.277 rows=216030 loops=1)
               Buffers: shared hit=8291289 read=1578168, temp read=8204 written=8022
               ->  Seq Scan on info_type it1  (cost=0.00..2.41 rows=1 width=4) (actual time=0.004..0.021 rows=1 loops=1)
                     Filter: (id = 3)
                     Rows Removed by Filter: 112
                     Buffers: shared hit=1
               ->  Nested Loop  (cost=875977.72..947369.27 rows=324 width=8) (actual time=1093.352..96761.399 rows=216030 loops=1)
                     Buffers: shared hit=8291288 read=1578168, temp read=8204 written=8022
                     ->  Hash Join  (cost=875977.29..945576.28 rows=773 width=12) (actual time=1092.898..75945.365 rows=573487 loops=1)
                           Hash Cond: (ci.role_id = rt.id)
                           Buffers: shared hit=6188819 read=1386689, temp read=8204 written=8022
                           ->  Nested Loop  (cost=875976.12..945542.17 rows=9274 width=16) (actual time=1092.830..74858.998 rows=5556532 loops=1)
                                 Buffers: shared hit=6188818 read=1386689, temp read=8204 written=8022
                                 ->  Nested Loop  (cost=875975.68..917294.36 rows=647 width=20) (actual time=1092.799..13985.348 rows=250802 loops=1)
                                       Buffers: shared hit=1403928 read=34995, temp read=8204 written=8022
                                       ->  Nested Loop  (cost=875975.54..917257.20 rows=1509 width=24) (actual time=1091.768..13717.523 rows=329230 loops=1)
                                             Join Filter: (t.id = mi1.movie_id)
                                             Buffers: shared hit=1403916 read=34995, temp read=8204 written=8022
                                             ->  Merge Join  (cost=875975.11..876747.74 rows=11907 width=16) (actual time=1091.704..1748.200 rows=354631 loops=1)
                                                   Merge Cond: (mi1.movie_id = mi2.movie_id)
                                                   Buffers: shared hit=7830 read=12557, temp read=8204 written=8022
                                                   ->  Sort  (cost=439199.59..439329.57 rows=51995 width=8) (actual time=540.967..636.135 rows=484048 loops=1)
                                                         Sort Key: mi1.movie_id
                                                         Sort Method: external sort  Disk: 10456kB
                                                         Buffers: shared hit=2926 read=8049, temp read=2610 written=2616
                                                         ->  Bitmap Heap Scan on movie_info mi1  (cost=16461.47..435126.79 rows=51995 width=8) (actual time=37.326..417.750 rows=484048 loops=1)
                                                               Recheck Cond: (info_type_id = 3)
                                                               Filter: ((info)::text = ANY ('{Animation,Comedy,Crime,Documentary,Game-Show,History,Thriller}'::text[]))
                                                               Rows Removed by Filter: 1049861
                                                               Heap Blocks: exact=9772
                                                               Buffers: shared hit=2926 read=8049
                                                               ->  Bitmap Index Scan on info_type_id_movie_info  (cost=0.00..16448.47 rows=1538671 width=0) (actual time=36.112..36.112 rows=1533909 loops=1)
                                                                     Index Cond: (info_type_id = 3)
                                                                     Buffers: shared read=1203
                                                   ->  Sort  (cost=436775.53..436972.32 rows=78717 width=8) (actual time=550.724..761.242 rows=1035222 loops=1)
                                                         Sort Key: mi2.movie_id
                                                         Sort Method: external sort  Disk: 21608kB
                                                         Buffers: shared hit=4904 read=4508, temp read=5493 written=5406
                                                         ->  Bitmap Heap Scan on movie_info mi2  (cost=13075.05..430374.11 rows=78717 width=8) (actual time=31.162..307.299 rows=999771 loops=1)
                                                               Recheck Cond: (info_type_id = 4)
                                                               Filter: ((info)::text = ANY ('{English,Filipino,German,Greek,Japanese,None,Spanish}'::text[]))
                                                               Rows Removed by Filter: 299218
                                                               Heap Blocks: exact=8393
                                                               Buffers: shared hit=4904 read=4508
                                                               ->  Bitmap Index Scan on info_type_id_movie_info  (cost=0.00..13055.37 rows=1221191 width=0) (actual time=30.114..30.115 rows=1298989 loops=1)
                                                                     Index Cond: (info_type_id = 4)
                                                                     Buffers: shared hit=1 read=1018
                                             ->  Index Scan using title_pkey on title t  (cost=0.43..3.39 rows=1 width=8) (actual time=0.033..0.033 rows=1 loops=354631)
                                                   Index Cond: (id = mi2.movie_id)
                                                   Filter: ((production_year <= 2015) AND (1925 < production_year))
                                                   Rows Removed by Filter: 0
                                                   Buffers: shared hit=1396086 read=22438
                                       ->  Memoize  (cost=0.14..0.16 rows=1 width=4) (actual time=0.000..0.000 rows=1 loops=329230)
                                             Cache Key: t.kind_id
                                             Cache Mode: logical
                                             Hits: 329224  Misses: 6  Evictions: 0  Overflows: 0  Memory Usage: 1kB
                                             Buffers: shared hit=12
                                             ->  Index Scan using kind_type_pkey on kind_type kt  (cost=0.13..0.15 rows=1 width=4) (actual time=0.012..0.012 rows=0 loops=6)
                                                   Index Cond: (id = t.kind_id)
                                                   Filter: ((kind)::text = ANY ('{episode,movie,"video movie"}'::text[]))
                                                   Rows Removed by Filter: 0
                                                   Buffers: shared hit=12
                                 ->  Index Scan using movie_id_cast_info on cast_info ci  (cost=0.44..43.28 rows=38 width=12) (actual time=0.035..0.237 rows=22 loops=250802)
                                       Index Cond: (movie_id = t.id)
                                       Buffers: shared hit=4784890 read=1351694
                           ->  Hash  (cost=1.15..1.15 rows=1 width=4) (actual time=0.013..0.014 rows=1 loops=1)
                                 Buckets: 1024  Batches: 1  Memory Usage: 9kB
                                 Buffers: shared hit=1
                                 ->  Seq Scan on role_type rt  (cost=0.00..1.15 rows=1 width=4) (actual time=0.008..0.009 rows=1 loops=1)
                                       Filter: ((role)::text = 'producer'::text)
                                       Rows Removed by Filter: 11
                                       Buffers: shared hit=1
                     ->  Index Scan using name_pkey on name n  (cost=0.43..2.32 rows=1 width=4) (actual time=0.036..0.036 rows=0 loops=573487)
                           Index Cond: (id = ci.person_id)
                           Filter: ((gender)::text = 'm'::text)
                           Rows Removed by Filter: 1
                           Buffers: shared hit=2102469 read=191479
 Planning:
   Buffers: shared hit=529 read=45
 Planning Time: 7.467 ms
 Execution Time: 96907.566 ms
(89 rows)

