                                                                                               QUERY PLAN                                                                                               
--------------------------------------------------------------------------------------------------------------------------------------------------------------------------------------------------------
 Aggregate  (cost=626412.32..626412.33 rows=1 width=8) (actual time=10879.757..10879.764 rows=1 loops=1)
   Buffers: shared hit=998021 read=130852
   ->  Nested Loop  (cost=13061.96..626412.09 rows=93 width=0) (actual time=55.101..10878.173 rows=5260 loops=1)
         Buffers: shared hit=998021 read=130852
         ->  Hash Join  (cost=13061.53..626080.40 rows=143 width=4) (actual time=50.194..10177.349 rows=19777 loops=1)
               Hash Cond: (ci.role_id = rt.id)
               Buffers: shared hit=924538 read=125227
               ->  Nested Loop  (cost=13060.36..626076.16 rows=860 width=8) (actual time=47.731..10146.091 rows=165091 loops=1)
                     Buffers: shared hit=924537 read=125227
                     ->  Nested Loop  (cost=13059.92..623452.03 rows=60 width=12) (actual time=47.624..8324.715 rows=9211 loops=1)
                           Buffers: shared hit=779164 read=84270
                           ->  Seq Scan on info_type it2  (cost=0.00..2.41 rows=1 width=4) (actual time=0.033..0.043 rows=1 loops=1)
                                 Filter: (id = 4)
                                 Rows Removed by Filter: 112
                                 Buffers: shared hit=1
                           ->  Nested Loop  (cost=13059.92..623449.02 rows=60 width=16) (actual time=47.589..8322.411 rows=9211 loops=1)
                                 Buffers: shared hit=779163 read=84270
                                 ->  Seq Scan on info_type it1  (cost=0.00..2.41 rows=1 width=4) (actual time=0.012..0.023 rows=1 loops=1)
                                       Filter: (id = 3)
                                       Rows Removed by Filter: 112
                                       Buffers: shared hit=1
                                 ->  Nested Loop  (cost=13059.92..623446.01 rows=60 width=20) (actual time=47.574..8319.955 rows=9211 loops=1)
                                       Buffers: shared hit=779162 read=84270
                                       ->  Hash Join  (cost=13059.48..496033.20 rows=3004 width=12) (actual time=47.515..6638.445 rows=19278 loops=1)
                                             Hash Cond: (t.kind_id = kt.id)
                                             Buffers: shared hit=639764 read=46321
                                             ->  Nested Loop  (cost=13058.35..496002.53 rows=7009 width=16) (actual time=47.465..6609.203 rows=116866 loops=1)
                                                   Buffers: shared hit=639763 read=46321
                                                   ->  Bitmap Heap Scan on movie_info mi2  (cost=13057.91..430356.97 rows=10169 width=8) (actual time=47.417..719.002 rows=170445 loops=1)
                                                         Recheck Cond: (info_type_id = 4)
                                                         Filter: ((info)::text = ANY ('{Hindi,Japanese,Persian,Polish,Spanish,Swedish,Tagalog}'::text[]))
                                                         Rows Removed by Filter: 1128544
                                                         Heap Blocks: exact=8393
                                                         Buffers: shared hit=18 read=9394
                                                         ->  Bitmap Index Scan on info_type_id_movie_info  (cost=0.00..13055.37 rows=1221191 width=0) (actual time=44.913..44.913 rows=1298989 loops=1)
                                                               Index Cond: (info_type_id = 4)
                                                               Buffers: shared read=1019
                                                   ->  Memoize  (cost=0.44..6.53 rows=1 width=8) (actual time=0.034..0.034 rows=1 loops=170445)
                                                         Cache Key: mi2.movie_id
                                                         Cache Mode: logical
                                                         Hits: 1277  Misses: 169168  Evictions: 82890  Overflows: 0  Memory Usage: 8193kB
                                                         Buffers: shared hit=639745 read=36927
                                                         ->  Index Scan using title_pkey on title t  (cost=0.43..6.52 rows=1 width=8) (actual time=0.033..0.033 rows=1 loops=169168)
                                                               Index Cond: (id = mi2.movie_id)
                                                               Filter: ((production_year <= 2015) AND (1990 < production_year))
                                                               Rows Removed by Filter: 0
                                                               Buffers: shared hit=639745 read=36927
                                             ->  Hash  (cost=1.10..1.10 rows=3 width=4) (actual time=0.031..0.032 rows=3 loops=1)
                                                   Buckets: 1024  Batches: 1  Memory Usage: 9kB
                                                   Buffers: shared hit=1
                                                   ->  Seq Scan on kind_type kt  (cost=0.00..1.10 rows=3 width=4) (actual time=0.014..0.017 rows=3 loops=1)
                                                         Filter: ((kind)::text = ANY ('{"tv movie","tv series","video game"}'::text[]))
                                                         Rows Removed by Filter: 4
                                                         Buffers: shared hit=1
                                       ->  Index Scan using movie_id_movie_info on movie_info mi1  (cost=0.43..42.40 rows=1 width=8) (actual time=0.085..0.087 rows=0 loops=19278)
                                             Index Cond: (movie_id = t.id)
                                             Filter: ((info_type_id = 3) AND ((info)::text = ANY ('{Crime,Documentary,Drama,History,Romance}'::text[])))
                                             Rows Removed by Filter: 8
                                             Buffers: shared hit=139398 read=37949
                     ->  Index Scan using movie_id_cast_info on cast_info ci  (cost=0.44..43.36 rows=38 width=12) (actual time=0.036..0.193 rows=18 loops=9211)
                           Index Cond: (movie_id = t.id)
                           Buffers: shared hit=145373 read=40957
               ->  Hash  (cost=1.15..1.15 rows=2 width=4) (actual time=0.039..0.039 rows=2 loops=1)
                     Buckets: 1024  Batches: 1  Memory Usage: 9kB
                     Buffers: shared hit=1
                     ->  Seq Scan on role_type rt  (cost=0.00..1.15 rows=2 width=4) (actual time=0.029..0.033 rows=2 loops=1)
                           Filter: ((role)::text = ANY ('{director,producer}'::text[]))
                           Rows Removed by Filter: 10
                           Buffers: shared hit=1
         ->  Index Scan using name_pkey on name n  (cost=0.43..2.32 rows=1 width=4) (actual time=0.035..0.035 rows=0 loops=19777)
               Index Cond: (id = ci.person_id)
               Filter: ((gender)::text = ANY ('{f,m}'::text[]))
               Rows Removed by Filter: 1
               Buffers: shared hit=73483 read=5625
 Planning:
   Buffers: shared hit=486 read=88
 Planning Time: 20.997 ms
 Execution Time: 10882.193 ms
(78 rows)

