                                                                                               QUERY PLAN                                                                                               
--------------------------------------------------------------------------------------------------------------------------------------------------------------------------------------------------------
 Aggregate  (cost=615613.98..615613.99 rows=1 width=8) (actual time=30796.450..30796.458 rows=1 loops=1)
   Buffers: shared hit=2746122 read=369502
   ->  Nested Loop  (cost=13062.22..615613.62 rows=143 width=0) (actual time=660.865..30789.244 rows=25850 loops=1)
         Buffers: shared hit=2746122 read=369502
         ->  Hash Join  (cost=13061.79..615103.32 rows=220 width=4) (actual time=660.803..27628.895 rows=83894 loops=1)
               Hash Cond: (ci.role_id = rt.id)
               Buffers: shared hit=2434731 read=345317
               ->  Nested Loop  (cost=13060.61..615097.46 rows=1319 width=8) (actual time=659.958..27368.071 rows=1405285 loops=1)
                     Buffers: shared hit=2434730 read=345317
                     ->  Nested Loop  (cost=13060.17..611073.79 rows=92 width=12) (actual time=659.905..12298.491 rows=56587 loops=1)
                           Buffers: shared hit=1121849 read=121951
                           ->  Seq Scan on info_type it2  (cost=0.00..2.41 rows=1 width=4) (actual time=0.033..0.041 rows=1 loops=1)
                                 Filter: (id = 4)
                                 Rows Removed by Filter: 112
                                 Buffers: shared hit=1
                           ->  Nested Loop  (cost=13060.17..611070.46 rows=92 width=16) (actual time=659.870..12284.702 rows=56587 loops=1)
                                 Buffers: shared hit=1121848 read=121951
                                 ->  Seq Scan on info_type it1  (cost=0.00..2.41 rows=1 width=4) (actual time=0.006..0.017 rows=1 loops=1)
                                       Filter: (id = 3)
                                       Rows Removed by Filter: 112
                                       Buffers: shared hit=1
                                 ->  Nested Loop  (cost=13060.17..611067.13 rows=92 width=20) (actual time=659.861..12269.567 rows=56587 loops=1)
                                       Buffers: shared hit=1121847 read=121951
                                       ->  Hash Join  (cost=13059.74..516523.30 rows=2221 width=12) (actual time=659.757..6807.959 rows=53183 loops=1)
                                             Hash Cond: (t.kind_id = kt.id)
                                             Buffers: shared hit=632698 read=40987
                                             ->  Nested Loop  (cost=13058.63..516489.43 rows=7774 width=16) (actual time=36.253..6770.725 rows=92585 loops=1)
                                                   Buffers: shared hit=632697 read=40987
                                                   ->  Bitmap Heap Scan on movie_info mi2  (cost=13058.19..445386.43 rows=11278 width=8) (actual time=36.199..787.986 rows=169582 loops=1)
                                                         Recheck Cond: (info_type_id = 4)
                                                         Filter: ((info)::text = ANY ('{Cantonese,Czech,Filipino,French,Italian,Japanese,Persian,Russian}'::text[]))
                                                         Rows Removed by Filter: 1129407
                                                         Heap Blocks: exact=8393
                                                         Buffers: shared hit=70 read=9342
                                                         ->  Bitmap Index Scan on info_type_id_movie_info  (cost=0.00..13055.37 rows=1221191 width=0) (actual time=33.578..33.578 rows=1298989 loops=1)
                                                               Index Cond: (info_type_id = 4)
                                                               Buffers: shared read=1019
                                                   ->  Memoize  (cost=0.44..6.39 rows=1 width=8) (actual time=0.035..0.035 rows=1 loops=169582)
                                                         Cache Key: mi2.movie_id
                                                         Cache Mode: logical
                                                         Hits: 3514  Misses: 166068  Evictions: 71855  Overflows: 0  Memory Usage: 8193kB
                                                         Buffers: shared hit=632627 read=31645
                                                         ->  Index Scan using title_pkey on title t  (cost=0.43..6.38 rows=1 width=8) (actual time=0.034..0.034 rows=1 loops=166068)
                                                               Index Cond: (id = mi2.movie_id)
                                                               Filter: ((production_year <= 2015) AND (1990 < production_year))
                                                               Rows Removed by Filter: 0
                                                               Buffers: shared hit=632627 read=31645
                                             ->  Hash  (cost=1.09..1.09 rows=2 width=4) (actual time=0.014..0.015 rows=2 loops=1)
                                                   Buckets: 1024  Batches: 1  Memory Usage: 9kB
                                                   Buffers: shared hit=1
                                                   ->  Seq Scan on kind_type kt  (cost=0.00..1.09 rows=2 width=4) (actual time=0.008..0.009 rows=2 loops=1)
                                                         Filter: ((kind)::text = ANY ('{movie,"video movie"}'::text[]))
                                                         Rows Removed by Filter: 5
                                                         Buffers: shared hit=1
                                       ->  Index Scan using movie_id_movie_info on movie_info mi1  (cost=0.43..42.56 rows=1 width=8) (actual time=0.101..0.102 rows=1 loops=53183)
                                             Index Cond: (movie_id = t.id)
                                             Filter: ((info_type_id = 3) AND ((info)::text = ANY ('{Action,Adult,Adventure,Comedy,Drama,Music,Romance,Short}'::text[])))
                                             Rows Removed by Filter: 15
                                             Buffers: shared hit=489149 read=80964
                     ->  Index Scan using movie_id_cast_info on cast_info ci  (cost=0.44..43.36 rows=38 width=12) (actual time=0.037..0.259 rows=25 loops=56587)
                           Index Cond: (movie_id = t.id)
                           Buffers: shared hit=1312881 read=223366
               ->  Hash  (cost=1.15..1.15 rows=2 width=4) (actual time=0.031..0.032 rows=2 loops=1)
                     Buckets: 1024  Batches: 1  Memory Usage: 9kB
                     Buffers: shared hit=1
                     ->  Seq Scan on role_type rt  (cost=0.00..1.15 rows=2 width=4) (actual time=0.024..0.026 rows=2 loops=1)
                           Filter: ((role)::text = ANY ('{composer,editor}'::text[]))
                           Rows Removed by Filter: 10
                           Buffers: shared hit=1
         ->  Index Scan using name_pkey on name n  (cost=0.43..2.32 rows=1 width=4) (actual time=0.037..0.037 rows=0 loops=83894)
               Index Cond: (id = ci.person_id)
               Filter: ((gender)::text = ANY ('{f,m}'::text[]))
               Rows Removed by Filter: 1
               Buffers: shared hit=311391 read=24185
 Planning:
   Buffers: shared hit=505 read=69
 Planning Time: 11.693 ms
 Execution Time: 30798.429 ms
(78 rows)

