                                                                                                  QUERY PLAN                                                                                                  
--------------------------------------------------------------------------------------------------------------------------------------------------------------------------------------------------------------
 Aggregate  (cost=949465.73..949465.74 rows=1 width=8) (actual time=37505.448..37505.457 rows=1 loops=1)
   Buffers: shared hit=3452813 read=334048, temp read=10203 written=9456
   ->  Nested Loop  (cost=848570.83..949465.14 rows=238 width=0) (actual time=1156.815..37504.774 rows=450 loops=1)
         Buffers: shared hit=3452813 read=334048, temp read=10203 written=9456
         ->  Seq Scan on info_type it2  (cost=0.00..2.41 rows=1 width=4) (actual time=0.045..0.057 rows=1 loops=1)
               Filter: (id = 4)
               Rows Removed by Filter: 112
               Buffers: shared hit=1
         ->  Nested Loop  (cost=848570.83..949460.34 rows=238 width=4) (actual time=1156.768..37504.425 rows=450 loops=1)
               Buffers: shared hit=3452812 read=334048, temp read=10203 written=9456
               ->  Seq Scan on info_type it1  (cost=0.00..2.41 rows=1 width=4) (actual time=0.009..0.022 rows=1 loops=1)
                     Filter: (id = 3)
                     Rows Removed by Filter: 112
                     Buffers: shared hit=1
               ->  Nested Loop  (cost=848570.83..949455.55 rows=238 width=8) (actual time=1156.758..37504.083 rows=450 loops=1)
                     Buffers: shared hit=3452811 read=334048, temp read=10203 written=9456
                     ->  Hash Join  (cost=848570.40..947075.72 rows=1026 width=12) (actual time=1156.724..37061.285 rows=11061 loops=1)
                           Hash Cond: (ci.role_id = rt.id)
                           Buffers: shared hit=3412791 read=329824, temp read=10203 written=9456
                           ->  Nested Loop  (cost=848569.24..947030.82 rows=12313 width=16) (actual time=1146.419..36807.592 rows=1387277 loops=1)
                                 Buffers: shared hit=3412790 read=329824, temp read=10203 written=9456
                                 ->  Nested Loop  (cost=848568.80..909494.50 rows=859 width=20) (actual time=1146.397..21524.418 rows=63063 loops=1)
                                       Buffers: shared hit=2181187 read=45560, temp read=10203 written=9456
                                       ->  Nested Loop  (cost=848568.65..909445.48 rows=2004 width=24) (actual time=1146.380..21225.444 rows=422306 loops=1)
                                             Buffers: shared hit=2181175 read=45560, temp read=10203 written=9456
                                             ->  Merge Join  (cost=848568.22..849563.06 rows=18609 width=16) (actual time=1146.319..1974.677 rows=551587 loops=1)
                                                   Merge Cond: (mi1.movie_id = mi2.movie_id)
                                                   Buffers: shared hit=4158 read=16229, temp read=10203 written=9456
                                                   ->  Sort  (cost=427691.86..427924.07 rows=92884 width=8) (actual time=629.790..806.015 rows=892784 loops=1)
                                                         Sort Key: mi1.movie_id
                                                         Sort Method: external sort  Disk: 19296kB
                                                         Buffers: shared hit=2158 read=8817, temp read=4815 written=4827
                                                         ->  Bitmap Heap Scan on movie_info mi1  (cost=16471.69..420027.47 rows=92884 width=8) (actual time=40.577..404.758 rows=892784 loops=1)
                                                               Recheck Cond: (info_type_id = 3)
                                                               Filter: ((info)::text = ANY ('{Action,Documentary,Drama,Family,Short,Thriller}'::text[]))
                                                               Rows Removed by Filter: 641125
                                                               Heap Blocks: exact=9772
                                                               Buffers: shared hit=2158 read=8817
                                                               ->  Bitmap Index Scan on info_type_id_movie_info  (cost=0.00..16448.47 rows=1538671 width=0) (actual time=39.384..39.384 rows=1533909 loops=1)
                                                                     Index Cond: (info_type_id = 3)
                                                                     Buffers: shared read=1203
                                                   ->  Sort  (cost=420876.37..421048.53 rows=68866 width=8) (actual time=516.517..705.263 rows=1010922 loops=1)
                                                         Sort Key: mi2.movie_id
                                                         Sort Method: external sort  Disk: 18504kB
                                                         Buffers: shared hit=2000 read=7412, temp read=5003 written=4629
                                                         ->  Bitmap Heap Scan on movie_info mi2  (cost=13072.58..415342.46 rows=68866 width=8) (actual time=30.820..306.396 rows=856419 loops=1)
                                                               Recheck Cond: (info_type_id = 4)
                                                               Filter: ((info)::text = ANY ('{Danish,English,Filipino,Greek,Japanese,Korean}'::text[]))
                                                               Rows Removed by Filter: 442570
                                                               Heap Blocks: exact=8393
                                                               Buffers: shared hit=2000 read=7412
                                                               ->  Bitmap Index Scan on info_type_id_movie_info  (cost=0.00..13055.37 rows=1221191 width=0) (actual time=29.776..29.776 rows=1298989 loops=1)
                                                                     Index Cond: (info_type_id = 4)
                                                                     Buffers: shared hit=1 read=1018
                                             ->  Index Scan using title_pkey on title t  (cost=0.43..3.22 rows=1 width=8) (actual time=0.034..0.034 rows=1 loops=551587)
                                                   Index Cond: (id = mi1.movie_id)
                                                   Filter: ((production_year <= 2015) AND (1975 < production_year))
                                                   Rows Removed by Filter: 0
                                                   Buffers: shared hit=2177017 read=29331
                                       ->  Memoize  (cost=0.14..0.16 rows=1 width=4) (actual time=0.000..0.000 rows=0 loops=422306)
                                             Cache Key: t.kind_id
                                             Cache Mode: logical
                                             Hits: 422300  Misses: 6  Evictions: 0  Overflows: 0  Memory Usage: 1kB
                                             Buffers: shared hit=12
                                             ->  Index Scan using kind_type_pkey on kind_type kt  (cost=0.13..0.15 rows=1 width=4) (actual time=0.011..0.011 rows=0 loops=6)
                                                   Index Cond: (id = t.kind_id)
                                                   Filter: ((kind)::text = ANY ('{"tv movie","tv series","video game"}'::text[]))
                                                   Rows Removed by Filter: 0
                                                   Buffers: shared hit=12
                                 ->  Index Scan using movie_id_cast_info on cast_info ci  (cost=0.44..43.32 rows=38 width=12) (actual time=0.037..0.236 rows=22 loops=63063)
                                       Index Cond: (movie_id = t.id)
                                       Buffers: shared hit=1231603 read=284264
                           ->  Hash  (cost=1.15..1.15 rows=1 width=4) (actual time=0.020..0.021 rows=1 loops=1)
                                 Buckets: 1024  Batches: 1  Memory Usage: 9kB
                                 Buffers: shared hit=1
                                 ->  Seq Scan on role_type rt  (cost=0.00..1.15 rows=1 width=4) (actual time=0.011..0.012 rows=1 loops=1)
                                       Filter: ((role)::text = 'production designer'::text)
                                       Rows Removed by Filter: 11
                                       Buffers: shared hit=1
                     ->  Index Scan using name_pkey on name n  (cost=0.43..2.32 rows=1 width=4) (actual time=0.039..0.039 rows=0 loops=11061)
                           Index Cond: (id = ci.person_id)
                           Filter: ((gender)::text = 'f'::text)
                           Rows Removed by Filter: 1
                           Buffers: shared hit=40020 read=4224
 Planning:
   Buffers: shared hit=486 read=88
 Planning Time: 13.364 ms
 Execution Time: 37518.335 ms
(88 rows)

