                                                                                                    QUERY PLAN                                                                                                    
------------------------------------------------------------------------------------------------------------------------------------------------------------------------------------------------------------------
 Aggregate  (cost=832042.56..832042.57 rows=1 width=8) (actual time=11529.967..11529.974 rows=1 loops=1)
   Buffers: shared hit=1133599 read=53220
   ->  Nested Loop  (cost=614012.51..832042.37 rows=74 width=0) (actual time=10641.878..11529.919 rows=198 loops=1)
         Buffers: shared hit=1133599 read=53220
         ->  Seq Scan on info_type it2  (cost=0.00..2.41 rows=1 width=4) (actual time=0.039..0.045 rows=1 loops=1)
               Filter: (id = 4)
               Rows Removed by Filter: 112
               Buffers: shared hit=1
         ->  Nested Loop  (cost=614012.51..832039.22 rows=74 width=4) (actual time=10641.838..11529.845 rows=198 loops=1)
               Buffers: shared hit=1133598 read=53220
               ->  Seq Scan on info_type it1  (cost=0.00..2.41 rows=1 width=4) (actual time=0.007..0.013 rows=1 loops=1)
                     Filter: (id = 3)
                     Rows Removed by Filter: 112
                     Buffers: shared hit=1
               ->  Nested Loop  (cost=614012.51..832036.07 rows=74 width=8) (actual time=10641.830..11529.796 rows=198 loops=1)
                     Join Filter: (t.id = mi1.movie_id)
                     Buffers: shared hit=1133597 read=53220
                     ->  Nested Loop  (cost=614012.05..765186.47 rows=1584 width=16) (actual time=10641.729..11510.023 rows=210 loops=1)
                           Buffers: shared hit=1132843 read=51909
                           ->  Hash Join  (cost=614011.62..749369.67 rows=6819 width=20) (actual time=10631.412..11004.241 rows=21234 loops=1)
                                 Hash Cond: (ci.movie_id = t.id)
                                 Buffers: shared hit=1053767 read=46049
                                 ->  Nested Loop  (cost=0.44..123965.00 rows=3020080 width=8) (actual time=0.085..257.534 rows=898389 loops=1)
                                       Buffers: shared hit=1556 read=4759
                                       ->  Seq Scan on role_type rt  (cost=0.00..1.15 rows=1 width=4) (actual time=0.006..0.009 rows=1 loops=1)
                                             Filter: ((role)::text = 'cinematographer'::text)
                                             Rows Removed by Filter: 11
                                             Buffers: shared hit=1
                                       ->  Index Scan using role_id_cast_info on cast_info ci  (cost=0.44..91017.52 rows=3294633 width=12) (actual time=0.074..172.312 rows=898389 loops=1)
                                             Index Cond: (role_id = rt.id)
                                             Buffers: shared hit=1555 read=4759
                                 ->  Hash  (cost=613939.82..613939.82 rows=5709 width=12) (actual time=10631.139..10631.142 rows=50852 loops=1)
                                       Buckets: 65536 (originally 8192)  Batches: 1 (originally 1)  Memory Usage: 2698kB
                                       Buffers: shared hit=1052211 read=41290
                                       ->  Hash Join  (cost=13061.15..613939.82 rows=5709 width=12) (actual time=38.000..10607.277 rows=50852 loops=1)
                                             Hash Cond: (t.kind_id = kt.id)
                                             Buffers: shared hit=1052211 read=41290
                                             ->  Nested Loop  (cost=13060.01..613882.54 rows=13322 width=16) (actual time=37.966..10550.630 rows=215229 loops=1)
                                                   Buffers: shared hit=1052210 read=41290
                                                   ->  Bitmap Heap Scan on movie_info mi2  (cost=13059.57..520533.71 rows=16816 width=8) (actual time=37.917..1040.357 rows=276124 loops=1)
                                                         Recheck Cond: (info_type_id = 4)
                                                         Filter: ((info)::text = ANY ('{Czech,Danish,Dutch,German,Hungarian,Japanese,Korean,Norwegian,Romanian,Russian,Serbo-Croatian,Spanish,Swedish}'::text[]))
                                                         Rows Removed by Filter: 1022865
                                                         Heap Blocks: exact=8393
                                                         Buffers: shared hit=2 read=9410
                                                         ->  Bitmap Index Scan on info_type_id_movie_info  (cost=0.00..13055.37 rows=1221191 width=0) (actual time=34.803..34.803 rows=1298989 loops=1)
                                                               Index Cond: (info_type_id = 4)
                                                               Buffers: shared read=1019
                                                   ->  Memoize  (cost=0.44..5.66 rows=1 width=8) (actual time=0.034..0.034 rows=1 loops=276124)
                                                         Cache Key: mi2.movie_id
                                                         Cache Mode: logical
                                                         Hits: 5102  Misses: 271022  Evictions: 189899  Overflows: 0  Memory Usage: 8193kB
                                                         Buffers: shared hit=1052208 read=31880
                                                         ->  Index Scan using title_pkey on title t  (cost=0.43..5.65 rows=1 width=8) (actual time=0.033..0.033 rows=1 loops=271022)
                                                               Index Cond: (id = mi2.movie_id)
                                                               Filter: ((production_year <= 2015) AND (1975 < production_year))
                                                               Rows Removed by Filter: 0
                                                               Buffers: shared hit=1052208 read=31880
                                             ->  Hash  (cost=1.10..1.10 rows=3 width=4) (actual time=0.015..0.016 rows=3 loops=1)
                                                   Buckets: 1024  Batches: 1  Memory Usage: 9kB
                                                   Buffers: shared hit=1
                                                   ->  Seq Scan on kind_type kt  (cost=0.00..1.10 rows=3 width=4) (actual time=0.009..0.010 rows=3 loops=1)
                                                         Filter: ((kind)::text = ANY ('{"tv movie","tv series","video game"}'::text[]))
                                                         Rows Removed by Filter: 4
                                                         Buffers: shared hit=1
                           ->  Index Scan using name_pkey on name n  (cost=0.43..2.32 rows=1 width=4) (actual time=0.024..0.024 rows=0 loops=21234)
                                 Index Cond: (id = ci.person_id)
                                 Filter: ((gender)::text = 'f'::text)
                                 Rows Removed by Filter: 1
                                 Buffers: shared hit=79076 read=5860
                     ->  Index Scan using movie_id_movie_info on movie_info mi1  (cost=0.46..42.19 rows=1 width=8) (actual time=0.093..0.094 rows=1 loops=210)
                           Index Cond: (movie_id = ci.movie_id)
                           Filter: ((info_type_id = 3) AND ((info)::text = ANY ('{Action,Animation,Biography,Comedy,Documentary,Drama,Family,Horror,Mystery,Short}'::text[])))
                           Rows Removed by Filter: 8
                           Buffers: shared hit=754 read=1311
 Planning:
   Buffers: shared hit=488 read=89
 Planning Time: 12.891 ms
 Execution Time: 11531.923 ms
(79 rows)

