                                                                                            QUERY PLAN                                                                                            
--------------------------------------------------------------------------------------------------------------------------------------------------------------------------------------------------
 Aggregate  (cost=746857.07..746857.08 rows=1 width=8) (actual time=1803.398..1803.408 rows=1 loops=1)
   Buffers: shared hit=126103 read=36078, temp read=1666 written=1666
   ->  Nested Loop  (cost=92536.71..746856.58 rows=195 width=0) (actual time=432.234..1803.357 rows=104 loops=1)
         Buffers: shared hit=126103 read=36078, temp read=1666 written=1666
         ->  Hash Join  (cost=92536.28..745775.68 rows=466 width=4) (actual time=426.111..1781.852 rows=553 loops=1)
               Hash Cond: (ci.role_id = rt.id)
               Buffers: shared hit=124514 read=35455, temp read=1666 written=1666
               ->  Nested Loop  (cost=92535.11..745764.58 rows=2795 width=8) (actual time=422.250..1779.382 rows=18406 loops=1)
                     Buffers: shared hit=124513 read=35455, temp read=1666 written=1666
                     ->  Nested Loop  (cost=92534.67..737076.48 rows=195 width=12) (actual time=422.219..1536.459 rows=2969 loops=1)
                           Buffers: shared hit=110389 read=22849, temp read=1666 written=1666
                           ->  Seq Scan on info_type it2  (cost=0.00..2.41 rows=1 width=4) (actual time=0.031..0.041 rows=1 loops=1)
                                 Filter: (id = 4)
                                 Rows Removed by Filter: 112
                                 Buffers: shared hit=1
                           ->  Nested Loop  (cost=92534.67..737072.12 rows=195 width=16) (actual time=422.186..1535.904 rows=2969 loops=1)
                                 Buffers: shared hit=110388 read=22849, temp read=1666 written=1666
                                 ->  Seq Scan on info_type it1  (cost=0.00..2.41 rows=1 width=4) (actual time=0.007..0.022 rows=1 loops=1)
                                       Filter: (id = 3)
                                       Rows Removed by Filter: 112
                                       Buffers: shared hit=1
                                 ->  Nested Loop  (cost=92534.67..737067.76 rows=195 width=20) (actual time=422.176..1535.367 rows=2969 loops=1)
                                       Buffers: shared hit=110387 read=22849, temp read=1666 written=1666
                                       ->  Hash Join  (cost=92534.23..481487.78 rows=5941 width=12) (actual time=421.988..867.604 rows=8770 loops=1)
                                             Hash Cond: (mi2.movie_id = t.id)
                                             Buffers: shared hit=43545 read=2259, temp read=1666 written=1666
                                             ->  Bitmap Heap Scan on movie_info mi2  (cost=13074.53..400315.23 rows=76650 width=8) (actual time=35.073..286.292 rows=964799 loops=1)
                                                   Recheck Cond: (info_type_id = 4)
                                                   Filter: ((info)::text = ANY ('{English,Italian,Japanese,Portuguese,Spanish}'::text[]))
                                                   Rows Removed by Filter: 334190
                                                   Heap Blocks: exact=8393
                                                   Buffers: shared hit=9412
                                                   ->  Bitmap Index Scan on info_type_id_movie_info  (cost=0.00..13055.37 rows=1221191 width=0) (actual time=34.043..34.043 rows=1298989 loops=1)
                                                         Index Cond: (info_type_id = 4)
                                                         Buffers: shared hit=1019
                                             ->  Hash  (cost=76244.10..76244.10 rows=195968 width=4) (actual time=384.138..384.141 rows=11843 loops=1)
                                                   Buckets: 262144  Batches: 2  Memory Usage: 2260kB
                                                   Buffers: shared hit=34133 read=2259, temp written=17
                                                   ->  Hash Join  (cost=1.13..76244.10 rows=195968 width=4) (actual time=0.136..381.727 rows=11843 loops=1)
                                                         Hash Cond: (t.kind_id = kt.id)
                                                         Buffers: shared hit=34133 read=2259
                                                         ->  Seq Scan on title t  (cost=0.00..74315.95 rows=457258 width=8) (actual time=0.021..356.457 rows=451569 loops=1)
                                                               Filter: ((production_year <= 1975) AND (1875 < production_year))
                                                               Rows Removed by Filter: 2076743
                                                               Buffers: shared hit=34132 read=2259
                                                         ->  Hash  (cost=1.10..1.10 rows=3 width=4) (actual time=0.015..0.017 rows=3 loops=1)
                                                               Buckets: 1024  Batches: 1  Memory Usage: 9kB
                                                               Buffers: shared hit=1
                                                               ->  Seq Scan on kind_type kt  (cost=0.00..1.10 rows=3 width=4) (actual time=0.009..0.010 rows=3 loops=1)
                                                                     Filter: ((kind)::text = ANY ('{"tv series","video game","video movie"}'::text[]))
                                                                     Rows Removed by Filter: 4
                                                                     Buffers: shared hit=1
                                       ->  Index Scan using movie_id_movie_info on movie_info mi1  (cost=0.43..43.01 rows=1 width=8) (actual time=0.074..0.076 rows=0 loops=8770)
                                             Index Cond: (movie_id = t.id)
                                             Filter: ((info_type_id = 3) AND ((info)::text = ANY ('{Comedy,Crime,Documentary,Short,Sport,Western}'::text[])))
                                             Rows Removed by Filter: 10
                                             Buffers: shared hit=66842 read=20590
                     ->  Index Scan using movie_id_cast_info on cast_info ci  (cost=0.44..44.17 rows=38 width=12) (actual time=0.032..0.080 rows=6 loops=2969)
                           Index Cond: (movie_id = t.id)
                           Buffers: shared hit=14124 read=12606
               ->  Hash  (cost=1.15..1.15 rows=2 width=4) (actual time=0.031..0.032 rows=2 loops=1)
                     Buckets: 1024  Batches: 1  Memory Usage: 9kB
                     Buffers: shared hit=1
                     ->  Seq Scan on role_type rt  (cost=0.00..1.15 rows=2 width=4) (actual time=0.024..0.025 rows=2 loops=1)
                           Filter: ((role)::text = ANY ('{editor,"production designer"}'::text[]))
                           Rows Removed by Filter: 10
                           Buffers: shared hit=1
         ->  Index Scan using name_pkey on name n  (cost=0.43..2.32 rows=1 width=4) (actual time=0.038..0.038 rows=0 loops=553)
               Index Cond: (id = ci.person_id)
               Filter: ((gender)::text = 'm'::text)
               Rows Removed by Filter: 1
               Buffers: shared hit=1589 read=623
 Planning:
   Buffers: shared hit=574
 Planning Time: 12.293 ms
 Execution Time: 1803.945 ms
(76 rows)

