                                                                                                  QUERY PLAN                                                                                                  
--------------------------------------------------------------------------------------------------------------------------------------------------------------------------------------------------------------
 Aggregate  (cost=935393.61..935393.62 rows=1 width=8) (actual time=48832.757..48832.767 rows=1 loops=1)
   Buffers: shared hit=4348959 read=280840, temp read=11656 written=10498
   ->  Nested Loop  (cost=834533.27..935392.77 rows=335 width=0) (actual time=1156.092..48825.686 rows=20094 loops=1)
         Buffers: shared hit=4348959 read=280840, temp read=11656 written=10498
         ->  Seq Scan on info_type it2  (cost=0.00..2.41 rows=1 width=4) (actual time=0.046..0.058 rows=1 loops=1)
               Filter: (id = 4)
               Rows Removed by Filter: 112
               Buffers: shared hit=1
         ->  Nested Loop  (cost=834533.27..935387.01 rows=335 width=4) (actual time=1156.044..48819.869 rows=20094 loops=1)
               Buffers: shared hit=4348958 read=280840, temp read=11656 written=10498
               ->  Seq Scan on info_type it1  (cost=0.00..2.41 rows=1 width=4) (actual time=0.013..0.027 rows=1 loops=1)
                     Filter: (id = 3)
                     Rows Removed by Filter: 112
                     Buffers: shared hit=1
               ->  Nested Loop  (cost=834533.27..935381.24 rows=335 width=8) (actual time=1156.030..48813.823 rows=20094 loops=1)
                     Buffers: shared hit=4348957 read=280840, temp read=11656 written=10498
                     ->  Hash Join  (cost=834532.84..933527.95 rows=799 width=12) (actual time=1128.558..46614.329 rows=51998 loops=1)
                           Hash Cond: (ci.role_id = rt.id)
                           Buffers: shared hit=4163908 read=257897, temp read=11656 written=10498
                           ->  Nested Loop  (cost=834531.68..933492.72 rows=9589 width=16) (actual time=1128.371..46329.535 rows=1319825 loops=1)
                                 Buffers: shared hit=4163907 read=257897, temp read=11656 written=10498
                                 ->  Nested Loop  (cost=834531.24..904258.96 rows=669 width=20) (actual time=1128.340..29478.899 rows=101763 loops=1)
                                       Buffers: shared hit=2792156 read=43307, temp read=11656 written=10498
                                       ->  Nested Loop  (cost=834531.10..904201.03 rows=2342 width=24) (actual time=1127.503..29079.537 rows=534388 loops=1)
                                             Buffers: shared hit=2792144 read=43307, temp read=11656 written=10498
                                             ->  Merge Join  (cost=834530.67..835621.47 rows=21748 width=16) (actual time=1127.445..2155.678 rows=703766 loops=1)
                                                   Merge Cond: (mi1.movie_id = mi2.movie_id)
                                                   Buffers: shared hit=6282 read=14105, temp read=11656 written=10498
                                                   ->  Sort  (cost=398081.51..398330.58 rows=99630 width=8) (actual time=572.826..767.738 rows=975611 loops=1)
                                                         Sort Key: mi1.movie_id
                                                         Sort Method: external sort  Disk: 21088kB
                                                         Buffers: shared hit=3343 read=7632, temp read=5262 written=5275
                                                         ->  Bitmap Heap Scan on movie_info mi1  (cost=16473.40..389810.08 rows=99630 width=8) (actual time=40.733..325.849 rows=975616 loops=1)
                                                               Recheck Cond: (info_type_id = 3)
                                                               Filter: ((info)::text = ANY ('{Adult,Animation,Comedy,Drama,Horror,News,Short,Talk-Show,Thriller}'::text[]))
                                                               Rows Removed by Filter: 558293
                                                               Heap Blocks: exact=9772
                                                               Buffers: shared hit=3343 read=7632
                                                               ->  Bitmap Index Scan on info_type_id_movie_info  (cost=0.00..16448.47 rows=1538671 width=0) (actual time=39.518..39.518 rows=1533909 loops=1)
                                                                     Index Cond: (info_type_id = 3)
                                                                     Buffers: shared read=1203
                                                   ->  Sort  (cost=436449.16..436636.75 rows=75034 width=8) (actual time=554.608..795.383 rows=1185165 loops=1)
                                                         Sort Key: mi2.movie_id
                                                         Sort Method: external sort  Disk: 20880kB
                                                         Buffers: shared hit=2939 read=6473, temp read=5802 written=5223
                                                         ->  Bitmap Heap Scan on movie_info mi2  (cost=13074.13..430373.19 rows=75034 width=8) (actual time=31.232..317.141 rows=965891 loops=1)
                                                               Recheck Cond: (info_type_id = 4)
                                                               Filter: ((info)::text = ANY ('{Arabic,English,French,Korean,Portuguese,Spanish,Turkish}'::text[]))
                                                               Rows Removed by Filter: 333098
                                                               Heap Blocks: exact=8393
                                                               Buffers: shared hit=2939 read=6473
                                                               ->  Bitmap Index Scan on info_type_id_movie_info  (cost=0.00..13055.37 rows=1221191 width=0) (actual time=30.190..30.191 rows=1298989 loops=1)
                                                                     Index Cond: (info_type_id = 4)
                                                                     Buffers: shared hit=1 read=1018
                                             ->  Index Scan using title_pkey on title t  (cost=0.43..3.15 rows=1 width=8) (actual time=0.038..0.038 rows=1 loops=703766)
                                                   Index Cond: (id = mi1.movie_id)
                                                   Filter: ((production_year <= 2015) AND (1975 < production_year))
                                                   Rows Removed by Filter: 0
                                                   Buffers: shared hit=2785862 read=29202
                                       ->  Memoize  (cost=0.14..0.16 rows=1 width=4) (actual time=0.000..0.000 rows=0 loops=534388)
                                             Cache Key: t.kind_id
                                             Cache Mode: logical
                                             Hits: 534382  Misses: 6  Evictions: 0  Overflows: 0  Memory Usage: 1kB
                                             Buffers: shared hit=12
                                             ->  Index Scan using kind_type_pkey on kind_type kt  (cost=0.13..0.15 rows=1 width=4) (actual time=0.011..0.011 rows=0 loops=6)
                                                   Index Cond: (id = t.kind_id)
                                                   Filter: ((kind)::text = ANY ('{episode,"video movie"}'::text[]))
                                                   Rows Removed by Filter: 1
                                                   Buffers: shared hit=12
                                 ->  Index Scan using movie_id_cast_info on cast_info ci  (cost=0.44..43.32 rows=38 width=12) (actual time=0.040..0.161 rows=13 loops=101763)
                                       Index Cond: (movie_id = t.id)
                                       Buffers: shared hit=1371751 read=214590
                           ->  Hash  (cost=1.15..1.15 rows=1 width=4) (actual time=0.020..0.021 rows=1 loops=1)
                                 Buckets: 1024  Batches: 1  Memory Usage: 9kB
                                 Buffers: shared hit=1
                                 ->  Seq Scan on role_type rt  (cost=0.00..1.15 rows=1 width=4) (actual time=0.011..0.012 rows=1 loops=1)
                                       Filter: ((role)::text = 'editor'::text)
                                       Rows Removed by Filter: 11
                                       Buffers: shared hit=1
                     ->  Index Scan using name_pkey on name n  (cost=0.43..2.32 rows=1 width=4) (actual time=0.042..0.042 rows=0 loops=51998)
                           Index Cond: (id = ci.person_id)
                           Filter: ((gender)::text = 'm'::text)
                           Rows Removed by Filter: 1
                           Buffers: shared hit=185049 read=22943
 Planning:
   Buffers: shared hit=521 read=56
 Planning Time: 13.250 ms
 Execution Time: 48846.610 ms
(88 rows)

