                                                                                               QUERY PLAN                                                                                               
--------------------------------------------------------------------------------------------------------------------------------------------------------------------------------------------------------
 Aggregate  (cost=495398.12..495398.13 rows=1 width=8) (actual time=5673.687..5673.695 rows=1 loops=1)
   Buffers: shared hit=488144 read=74504
   ->  Nested Loop  (cost=13061.04..495398.11 rows=4 width=0) (actual time=41.952..5673.419 rows=442 loops=1)
         Buffers: shared hit=488144 read=74504
         ->  Seq Scan on info_type it2  (cost=0.00..2.41 rows=1 width=4) (actual time=0.050..0.058 rows=1 loops=1)
               Filter: (id = 4)
               Rows Removed by Filter: 112
               Buffers: shared hit=1
         ->  Nested Loop  (cost=13061.04..495395.65 rows=4 width=4) (actual time=41.900..5673.173 rows=442 loops=1)
               Buffers: shared hit=488143 read=74504
               ->  Seq Scan on info_type it1  (cost=0.00..2.41 rows=1 width=4) (actual time=0.009..0.020 rows=1 loops=1)
                     Filter: (id = 3)
                     Rows Removed by Filter: 112
                     Buffers: shared hit=1
               ->  Nested Loop  (cost=13061.04..495393.20 rows=4 width=8) (actual time=41.887..5672.994 rows=442 loops=1)
                     Buffers: shared hit=488142 read=74504
                     ->  Hash Join  (cost=13060.61..495370.01 rows=10 width=12) (actual time=39.865..5477.993 rows=5059 loops=1)
                           Hash Cond: (ci.role_id = rt.id)
                           Buffers: shared hit=473135 read=69275
                           ->  Nested Loop  (cost=13059.45..495368.43 rows=115 width=16) (actual time=39.575..5471.375 rows=31262 loops=1)
                                 Buffers: shared hit=473134 read=69275
                                 ->  Nested Loop  (cost=13059.01..495018.85 rows=8 width=20) (actual time=38.067..5082.557 rows=1254 loops=1)
                                       Buffers: shared hit=451611 read=56653
                                       ->  Hash Join  (cost=13058.58..401172.62 rows=2222 width=12) (actual time=37.311..4142.262 rows=11098 loops=1)
                                             Hash Cond: (t.kind_id = kt.id)
                                             Buffers: shared hit=373612 read=33753
                                             ->  Nested Loop  (cost=13057.44..401149.64 rows=5184 width=16) (actual time=37.257..4122.111 rows=83796 loops=1)
                                                   Buffers: shared hit=373611 read=33753
                                                   ->  Bitmap Heap Scan on movie_info mi2  (cost=13057.00..355210.16 rows=6544 width=8) (actual time=37.207..469.574 rows=99812 loops=1)
                                                         Recheck Cond: (info_type_id = 4)
                                                         Filter: ((info)::text = ANY ('{Hindi,Spanish}'::text[]))
                                                         Rows Removed by Filter: 1199177
                                                         Heap Blocks: exact=8393
                                                         Buffers: shared hit=6 read=9406
                                                         ->  Bitmap Index Scan on info_type_id_movie_info  (cost=0.00..13055.37 rows=1221191 width=0) (actual time=35.219..35.219 rows=1298989 loops=1)
                                                               Index Cond: (info_type_id = 4)
                                                               Buffers: shared read=1019
                                                   ->  Memoize  (cost=0.44..7.07 rows=1 width=8) (actual time=0.036..0.036 rows=1 loops=99812)
                                                         Cache Key: mi2.movie_id
                                                         Cache Mode: logical
                                                         Hits: 324  Misses: 99488  Evictions: 16905  Overflows: 0  Memory Usage: 8193kB
                                                         Buffers: shared hit=373605 read=24347
                                                         ->  Index Scan using title_pkey on title t  (cost=0.43..7.06 rows=1 width=8) (actual time=0.035..0.035 rows=1 loops=99488)
                                                               Index Cond: (id = mi2.movie_id)
                                                               Filter: ((production_year <= 2015) AND (1975 < production_year))
                                                               Rows Removed by Filter: 0
                                                               Buffers: shared hit=373605 read=24347
                                             ->  Hash  (cost=1.10..1.10 rows=3 width=4) (actual time=0.022..0.023 rows=3 loops=1)
                                                   Buckets: 1024  Batches: 1  Memory Usage: 9kB
                                                   Buffers: shared hit=1
                                                   ->  Seq Scan on kind_type kt  (cost=0.00..1.10 rows=3 width=4) (actual time=0.011..0.012 rows=3 loops=1)
                                                         Filter: ((kind)::text = ANY ('{"tv movie","tv series","video game"}'::text[]))
                                                         Rows Removed by Filter: 4
                                                         Buffers: shared hit=1
                                       ->  Index Scan using movie_id_movie_info on movie_info mi1  (cost=0.43..42.23 rows=1 width=8) (actual time=0.084..0.084 rows=0 loops=11098)
                                             Index Cond: (movie_id = t.id)
                                             Filter: (((info)::text = ANY ('{Action,Romance}'::text[])) AND (info_type_id = 3))
                                             Rows Removed by Filter: 8
                                             Buffers: shared hit=77999 read=22900
                                 ->  Index Scan using movie_id_cast_info on cast_info ci  (cost=0.44..43.32 rows=38 width=12) (actual time=0.044..0.302 rows=25 loops=1254)
                                       Index Cond: (movie_id = t.id)
                                       Buffers: shared hit=21523 read=12622
                           ->  Hash  (cost=1.15..1.15 rows=1 width=4) (actual time=0.019..0.020 rows=1 loops=1)
                                 Buckets: 1024  Batches: 1  Memory Usage: 9kB
                                 Buffers: shared hit=1
                                 ->  Seq Scan on role_type rt  (cost=0.00..1.15 rows=1 width=4) (actual time=0.012..0.013 rows=1 loops=1)
                                       Filter: ((role)::text = 'miscellaneous crew'::text)
                                       Rows Removed by Filter: 11
                                       Buffers: shared hit=1
                     ->  Index Scan using name_pkey on name n  (cost=0.43..2.32 rows=1 width=4) (actual time=0.038..0.038 rows=0 loops=5059)
                           Index Cond: (id = ci.person_id)
                           Filter: ((gender)::text = 'm'::text)
                           Rows Removed by Filter: 1
                           Buffers: shared hit=15007 read=5229
 Planning:
   Buffers: shared hit=484 read=90
 Planning Time: 13.586 ms
 Execution Time: 5675.872 ms
(78 rows)

