                                                                                               QUERY PLAN                                                                                               
--------------------------------------------------------------------------------------------------------------------------------------------------------------------------------------------------------
 Aggregate  (cost=796440.47..796440.48 rows=1 width=8) (actual time=22543.268..22543.276 rows=1 loops=1)
   Buffers: shared hit=2027020 read=238511
   ->  Nested Loop  (cost=13063.31..796440.13 rows=136 width=0) (actual time=39.670..22538.428 rows=14168 loops=1)
         Buffers: shared hit=2027020 read=238511
         ->  Seq Scan on info_type it2  (cost=0.00..2.41 rows=1 width=4) (actual time=0.052..0.062 rows=1 loops=1)
               Filter: (id = 4)
               Rows Removed by Filter: 112
               Buffers: shared hit=1
         ->  Nested Loop  (cost=13063.31..796436.36 rows=136 width=4) (actual time=39.616..22534.687 rows=14168 loops=1)
               Buffers: shared hit=2027019 read=238511
               ->  Seq Scan on info_type it1  (cost=0.00..2.41 rows=1 width=4) (actual time=0.008..0.021 rows=1 loops=1)
                     Filter: (id = 3)
                     Rows Removed by Filter: 112
                     Buffers: shared hit=1
               ->  Nested Loop  (cost=13063.31..796432.59 rows=136 width=8) (actual time=39.604..22530.804 rows=14168 loops=1)
                     Buffers: shared hit=2027018 read=238511
                     ->  Hash Join  (cost=13062.88..795678.74 rows=325 width=12) (actual time=39.258..21141.563 rows=35907 loops=1)
                           Hash Cond: (ci.role_id = rt.id)
                           Buffers: shared hit=1898160 read=223741
                           ->  Nested Loop  (cost=13061.72..795663.73 rows=3899 width=16) (actual time=38.101..21022.713 rows=575620 loops=1)
                                 Buffers: shared hit=1898159 read=223741
                                 ->  Nested Loop  (cost=13061.28..783788.30 rows=272 width=20) (actual time=37.999..14068.031 rows=38636 loops=1)
                                       Buffers: shared hit=1332458 read=111492
                                       ->  Hash Join  (cost=13060.84..519100.57 rows=6233 width=12) (actual time=37.931..9522.204 rows=53498 loops=1)
                                             Hash Cond: (t.kind_id = kt.id)
                                             Buffers: shared hit=904769 read=50496
                                             ->  Nested Loop  (cost=13059.71..519038.14 rows=14543 width=16) (actual time=37.881..9456.622 rows=233534 loops=1)
                                                   Buffers: shared hit=904768 read=50496
                                                   ->  Bitmap Heap Scan on movie_info mi2  (cost=13059.27..430358.33 rows=15602 width=8) (actual time=37.815..763.888 rows=239199 loops=1)
                                                         Recheck Cond: (info_type_id = 4)
                                                         Filter: ((info)::text = ANY ('{Dutch,Finnish,German,Hebrew,Japanese,Spanish,Tagalog}'::text[]))
                                                         Rows Removed by Filter: 1059790
                                                         Heap Blocks: exact=8393
                                                         Buffers: shared hit=32 read=9380
                                                         ->  Bitmap Index Scan on info_type_id_movie_info  (cost=0.00..13055.37 rows=1221191 width=0) (actual time=35.347..35.347 rows=1298989 loops=1)
                                                               Index Cond: (info_type_id = 4)
                                                               Buffers: shared read=1019
                                                   ->  Memoize  (cost=0.44..5.79 rows=1 width=8) (actual time=0.036..0.036 rows=1 loops=239199)
                                                         Cache Key: mi2.movie_id
                                                         Cache Mode: logical
                                                         Hits: 2736  Misses: 236463  Evictions: 158423  Overflows: 0  Memory Usage: 8193kB
                                                         Buffers: shared hit=904736 read=41116
                                                         ->  Index Scan using title_pkey on title t  (cost=0.43..5.78 rows=1 width=8) (actual time=0.035..0.035 rows=1 loops=236463)
                                                               Index Cond: (id = mi2.movie_id)
                                                               Filter: ((production_year <= 2015) AND (1925 < production_year))
                                                               Rows Removed by Filter: 0
                                                               Buffers: shared hit=904736 read=41116
                                             ->  Hash  (cost=1.10..1.10 rows=3 width=4) (actual time=0.025..0.026 rows=3 loops=1)
                                                   Buckets: 1024  Batches: 1  Memory Usage: 9kB
                                                   Buffers: shared hit=1
                                                   ->  Seq Scan on kind_type kt  (cost=0.00..1.10 rows=3 width=4) (actual time=0.015..0.016 rows=3 loops=1)
                                                         Filter: ((kind)::text = ANY ('{"tv movie","tv series","video game"}'::text[]))
                                                         Rows Removed by Filter: 4
                                                         Buffers: shared hit=1
                                       ->  Index Scan using movie_id_movie_info on movie_info mi1  (cost=0.43..42.46 rows=1 width=8) (actual time=0.082..0.084 rows=1 loops=53498)
                                             Index Cond: (movie_id = t.id)
                                             Filter: ((info_type_id = 3) AND ((info)::text = ANY ('{Comedy,Crime,Documentary,Drama,Music,Romance,Short}'::text[])))
                                             Rows Removed by Filter: 7
                                             Buffers: shared hit=427689 read=60996
                                 ->  Index Scan using movie_id_cast_info on cast_info ci  (cost=0.44..43.28 rows=38 width=12) (actual time=0.039..0.175 rows=15 loops=38636)
                                       Index Cond: (movie_id = t.id)
                                       Buffers: shared hit=565701 read=112249
                           ->  Hash  (cost=1.15..1.15 rows=1 width=4) (actual time=0.019..0.020 rows=1 loops=1)
                                 Buckets: 1024  Batches: 1  Memory Usage: 9kB
                                 Buffers: shared hit=1
                                 ->  Seq Scan on role_type rt  (cost=0.00..1.15 rows=1 width=4) (actual time=0.012..0.013 rows=1 loops=1)
                                       Filter: ((role)::text = 'director'::text)
                                       Rows Removed by Filter: 11
                                       Buffers: shared hit=1
                     ->  Index Scan using name_pkey on name n  (cost=0.43..2.32 rows=1 width=4) (actual time=0.038..0.038 rows=0 loops=35907)
                           Index Cond: (id = ci.person_id)
                           Filter: ((gender)::text = 'm'::text)
                           Rows Removed by Filter: 1
                           Buffers: shared hit=128858 read=14770
 Planning:
   Buffers: shared hit=486 read=88
 Planning Time: 14.820 ms
 Execution Time: 22546.075 ms
(78 rows)

