                                                                                                  QUERY PLAN                                                                                                  
--------------------------------------------------------------------------------------------------------------------------------------------------------------------------------------------------------------
 Aggregate  (cost=933503.41..933503.42 rows=1 width=8) (actual time=96442.948..96442.957 rows=1 loops=1)
   Buffers: shared hit=8159455 read=1118877, temp read=10591 written=9854
   ->  Nested Loop  (cost=833459.98..933502.45 rows=383 width=0) (actual time=1145.558..96424.957 rows=54430 loops=1)
         Buffers: shared hit=8159455 read=1118877, temp read=10591 written=9854
         ->  Seq Scan on info_type it2  (cost=0.00..2.41 rows=1 width=4) (actual time=0.039..0.049 rows=1 loops=1)
               Filter: (id = 4)
               Rows Removed by Filter: 112
               Buffers: shared hit=1
         ->  Nested Loop  (cost=833459.98..933496.21 rows=383 width=4) (actual time=1145.518..96408.728 rows=54430 loops=1)
               Buffers: shared hit=8159454 read=1118877, temp read=10591 written=9854
               ->  Seq Scan on info_type it1  (cost=0.00..2.41 rows=1 width=4) (actual time=0.007..0.019 rows=1 loops=1)
                     Filter: (id = 3)
                     Rows Removed by Filter: 112
                     Buffers: shared hit=1
               ->  Nested Loop  (cost=833459.98..933489.97 rows=383 width=8) (actual time=1145.510..96394.271 rows=54430 loops=1)
                     Buffers: shared hit=8159453 read=1118877, temp read=10591 written=9854
                     ->  Hash Join  (cost=833459.55..931369.93 rows=914 width=12) (actual time=1145.233..88741.232 rows=188926 loops=1)
                           Hash Cond: (ci.role_id = rt.id)
                           Buffers: shared hit=7472230 read=1050396, temp read=10591 written=9854
                           ->  Nested Loop  (cost=833458.39..931329.81 rows=10965 width=16) (actual time=1145.068..87690.875 rows=5348885 loops=1)
                                 Buffers: shared hit=7472229 read=1050396, temp read=10591 written=9854
                                 ->  Nested Loop  (cost=833457.95..897872.12 rows=765 width=20) (actual time=1145.038..23302.880 rows=344505 loops=1)
                                       Buffers: shared hit=2270595 read=43140, temp read=10591 written=9854
                                       ->  Nested Loop  (cost=833457.81..897828.37 rows=1784 width=24) (actual time=1144.276..22950.991 rows=401787 loops=1)
                                             Buffers: shared hit=2270583 read=43140, temp read=10591 written=9854
                                             ->  Merge Join  (cost=833457.38..834457.17 rows=19042 width=16) (actual time=1144.209..2079.351 rows=573334 loops=1)
                                                   Merge Cond: (mi1.movie_id = mi2.movie_id)
                                                   Buffers: shared hit=3308 read=17079, temp read=10591 written=9854
                                                   ->  Sort  (cost=411721.95..411930.15 rows=83281 width=8) (actual time=596.607..763.874 rows=817606 loops=1)
                                                         Sort Key: mi1.movie_id
                                                         Sort Method: external sort  Disk: 17672kB
                                                         Buffers: shared hit=2260 read=8715, temp read=4410 written=4421
                                                         ->  Bitmap Heap Scan on movie_info mi1  (cost=16469.29..404915.52 rows=83281 width=8) (actual time=39.872..390.593 rows=817607 loops=1)
                                                               Recheck Cond: (info_type_id = 3)
                                                               Filter: ((info)::text = ANY ('{Animation,Documentary,Drama,Reality-TV,Short}'::text[]))
                                                               Rows Removed by Filter: 716302
                                                               Heap Blocks: exact=9772
                                                               Buffers: shared hit=2260 read=8715
                                                               ->  Bitmap Index Scan on info_type_id_movie_info  (cost=0.00..16448.47 rows=1538671 width=0) (actual time=38.648..38.648 rows=1533909 loops=1)
                                                                     Index Cond: (info_type_id = 3)
                                                                     Buffers: shared read=1203
                                                   ->  Sort  (cost=421735.43..421931.91 rows=78594 width=8) (actual time=547.589..791.880 rows=1141528 loops=1)
                                                         Sort Key: mi2.movie_id
                                                         Sort Method: external sort  Disk: 21720kB
                                                         Buffers: shared hit=1048 read=8364, temp read=5800 written=5433
                                                         ->  Bitmap Heap Scan on movie_info mi2  (cost=13075.02..415344.90 rows=78594 width=8) (actual time=31.035..301.988 rows=1004793 loops=1)
                                                               Recheck Cond: (info_type_id = 4)
                                                               Filter: ((info)::text = ANY ('{English,German,Japanese,None,Portuguese,Spanish}'::text[]))
                                                               Rows Removed by Filter: 294196
                                                               Heap Blocks: exact=8393
                                                               Buffers: shared hit=1048 read=8364
                                                               ->  Bitmap Index Scan on info_type_id_movie_info  (cost=0.00..13055.37 rows=1221191 width=0) (actual time=29.985..29.985 rows=1298989 loops=1)
                                                                     Index Cond: (info_type_id = 4)
                                                                     Buffers: shared hit=1 read=1018
                                             ->  Index Scan using title_pkey on title t  (cost=0.43..3.33 rows=1 width=8) (actual time=0.036..0.036 rows=1 loops=573334)
                                                   Index Cond: (id = mi1.movie_id)
                                                   Filter: ((production_year <= 2015) AND (1990 < production_year))
                                                   Rows Removed by Filter: 0
                                                   Buffers: shared hit=2267275 read=26061
                                       ->  Memoize  (cost=0.14..0.16 rows=1 width=4) (actual time=0.000..0.000 rows=1 loops=401787)
                                             Cache Key: t.kind_id
                                             Cache Mode: logical
                                             Hits: 401781  Misses: 6  Evictions: 0  Overflows: 0  Memory Usage: 1kB
                                             Buffers: shared hit=12
                                             ->  Index Scan using kind_type_pkey on kind_type kt  (cost=0.13..0.15 rows=1 width=4) (actual time=0.011..0.011 rows=0 loops=6)
                                                   Index Cond: (id = t.kind_id)
                                                   Filter: ((kind)::text = ANY ('{episode,movie,"video movie"}'::text[]))
                                                   Rows Removed by Filter: 0
                                                   Buffers: shared hit=12
                                 ->  Index Scan using movie_id_cast_info on cast_info ci  (cost=0.44..43.36 rows=38 width=12) (actual time=0.037..0.182 rows=16 loops=344505)
                                       Index Cond: (movie_id = t.id)
                                       Buffers: shared hit=5201634 read=1007256
                           ->  Hash  (cost=1.15..1.15 rows=1 width=4) (actual time=0.019..0.020 rows=1 loops=1)
                                 Buckets: 1024  Batches: 1  Memory Usage: 9kB
                                 Buffers: shared hit=1
                                 ->  Seq Scan on role_type rt  (cost=0.00..1.15 rows=1 width=4) (actual time=0.011..0.012 rows=1 loops=1)
                                       Filter: ((role)::text = 'composer'::text)
                                       Rows Removed by Filter: 11
                                       Buffers: shared hit=1
                     ->  Index Scan using name_pkey on name n  (cost=0.43..2.32 rows=1 width=4) (actual time=0.040..0.040 rows=0 loops=188926)
                           Index Cond: (id = ci.person_id)
                           Filter: ((gender)::text = 'm'::text)
                           Rows Removed by Filter: 1
                           Buffers: shared hit=687223 read=68481
 Planning:
   Buffers: shared hit=486 read=88
 Planning Time: 11.700 ms
 Execution Time: 96455.185 ms
(88 rows)

