                                                                                                  QUERY PLAN                                                                                                  
--------------------------------------------------------------------------------------------------------------------------------------------------------------------------------------------------------------
 Aggregate  (cost=834639.06..834639.07 rows=1 width=8) (actual time=48613.972..48613.980 rows=1 loops=1)
   Buffers: shared hit=4336096 read=618497, temp read=7608 written=7313
   ->  Nested Loop  (cost=769917.65..834638.42 rows=254 width=0) (actual time=983.021..48611.849 rows=1902 loops=1)
         Buffers: shared hit=4336096 read=618497, temp read=7608 written=7313
         ->  Seq Scan on info_type it2  (cost=0.00..2.41 rows=1 width=4) (actual time=0.039..0.048 rows=1 loops=1)
               Filter: (id = 4)
               Rows Removed by Filter: 112
               Buffers: shared hit=1
         ->  Nested Loop  (cost=769917.65..834633.47 rows=254 width=4) (actual time=982.980..48610.622 rows=1902 loops=1)
               Buffers: shared hit=4336095 read=618497, temp read=7608 written=7313
               ->  Seq Scan on info_type it1  (cost=0.00..2.41 rows=1 width=4) (actual time=0.008..0.019 rows=1 loops=1)
                     Filter: (id = 3)
                     Rows Removed by Filter: 112
                     Buffers: shared hit=1
               ->  Nested Loop  (cost=769917.65..834628.52 rows=254 width=8) (actual time=982.971..48609.383 rows=1902 loops=1)
                     Buffers: shared hit=4336094 read=618497, temp read=7608 written=7313
                     ->  Hash Join  (cost=769917.22..833222.89 rows=606 width=12) (actual time=975.362..47860.746 rows=18179 loops=1)
                           Hash Cond: (ci.role_id = rt.id)
                           Buffers: shared hit=4274254 read=607621, temp read=7608 written=7313
                           ->  Nested Loop  (cost=769916.06..833195.91 rows=7267 width=16) (actual time=975.215..47334.591 rows=2962520 loops=1)
                                 Buffers: shared hit=4274253 read=607621, temp read=7608 written=7313
                                 ->  Nested Loop  (cost=769915.62..811041.17 rows=507 width=20) (actual time=975.184..13055.953 rows=222643 loops=1)
                                       Buffers: shared hit=1313399 read=37368, temp read=7608 written=7313
                                       ->  Nested Loop  (cost=769915.47..811011.80 rows=1183 width=24) (actual time=974.832..12848.311 rows=255425 loops=1)
                                             Join Filter: (t.id = mi1.movie_id)
                                             Buffers: shared hit=1313387 read=37368, temp read=7608 written=7313
                                             ->  Merge Join  (cost=769915.04..770639.74 rows=10987 width=16) (actual time=974.773..1548.905 rows=332592 loops=1)
                                                   Merge Cond: (mi1.movie_id = mi2.movie_id)
                                                   Buffers: shared hit=5646 read=14741, temp read=7608 written=7313
                                                   ->  Sort  (cost=409635.57..409784.53 rows=59586 width=8) (actual time=528.117..636.533 rows=567038 loops=1)
                                                         Sort Key: mi1.movie_id
                                                         Sort Method: external sort  Disk: 12256kB
                                                         Buffers: shared hit=3640 read=7335, temp read=3058 written=3065
                                                         ->  Bitmap Heap Scan on movie_info mi1  (cost=16463.36..404909.60 rows=59586 width=8) (actual time=40.098..384.005 rows=567041 loops=1)
                                                               Recheck Cond: (info_type_id = 3)
                                                               Filter: ((info)::text = ANY ('{Biography,Documentary,Sci-Fi,Short,Talk-Show}'::text[]))
                                                               Rows Removed by Filter: 966868
                                                               Heap Blocks: exact=9772
                                                               Buffers: shared hit=3640 read=7335
                                                               ->  Bitmap Index Scan on info_type_id_movie_info  (cost=0.00..16448.47 rows=1538671 width=0) (actual time=38.908..38.908 rows=1533909 loops=1)
                                                                     Index Cond: (info_type_id = 3)
                                                                     Buffers: shared read=1203
                                                   ->  Sort  (cost=360279.48..360437.93 rows=63380 width=8) (actual time=446.642..602.401 rows=834922 loops=1)
                                                         Sort Key: mi2.movie_id
                                                         Sort Method: external sort  Disk: 16984kB
                                                         Buffers: shared hit=2006 read=7406, temp read=4394 written=4248
                                                         ->  Bitmap Heap Scan on movie_info mi2  (cost=13071.21..355224.37 rows=63380 width=8) (actual time=30.814..253.762 rows=785774 loops=1)
                                                               Recheck Cond: (info_type_id = 4)
                                                               Filter: ((info)::text = ANY ('{English,Greek}'::text[]))
                                                               Rows Removed by Filter: 513215
                                                               Heap Blocks: exact=8393
                                                               Buffers: shared hit=2006 read=7406
                                                               ->  Bitmap Index Scan on info_type_id_movie_info  (cost=0.00..13055.37 rows=1221191 width=0) (actual time=29.765..29.766 rows=1298989 loops=1)
                                                                     Index Cond: (info_type_id = 4)
                                                                     Buffers: shared hit=1 read=1018
                                             ->  Index Scan using title_pkey on title t  (cost=0.43..3.66 rows=1 width=8) (actual time=0.033..0.033 rows=1 loops=332592)
                                                   Index Cond: (id = mi2.movie_id)
                                                   Filter: ((production_year <= 2015) AND (1975 < production_year))
                                                   Rows Removed by Filter: 0
                                                   Buffers: shared hit=1307741 read=22627
                                       ->  Memoize  (cost=0.14..0.16 rows=1 width=4) (actual time=0.000..0.000 rows=1 loops=255425)
                                             Cache Key: t.kind_id
                                             Cache Mode: logical
                                             Hits: 255419  Misses: 6  Evictions: 0  Overflows: 0  Memory Usage: 1kB
                                             Buffers: shared hit=12
                                             ->  Index Scan using kind_type_pkey on kind_type kt  (cost=0.13..0.15 rows=1 width=4) (actual time=0.011..0.011 rows=0 loops=6)
                                                   Index Cond: (id = t.kind_id)
                                                   Filter: ((kind)::text = ANY ('{episode,movie,"video movie"}'::text[]))
                                                   Rows Removed by Filter: 0
                                                   Buffers: shared hit=12
                                 ->  Index Scan using movie_id_cast_info on cast_info ci  (cost=0.44..43.32 rows=38 width=12) (actual time=0.035..0.150 rows=13 loops=222643)
                                       Index Cond: (movie_id = t.id)
                                       Buffers: shared hit=2960854 read=570253
                           ->  Hash  (cost=1.15..1.15 rows=1 width=4) (actual time=0.014..0.015 rows=1 loops=1)
                                 Buckets: 1024  Batches: 1  Memory Usage: 9kB
                                 Buffers: shared hit=1
                                 ->  Seq Scan on role_type rt  (cost=0.00..1.15 rows=1 width=4) (actual time=0.007..0.008 rows=1 loops=1)
                                       Filter: ((role)::text = 'costume designer'::text)
                                       Rows Removed by Filter: 11
                                       Buffers: shared hit=1
                     ->  Index Scan using name_pkey on name n  (cost=0.43..2.32 rows=1 width=4) (actual time=0.040..0.040 rows=0 loops=18179)
                           Index Cond: (id = ci.person_id)
                           Filter: ((gender)::text = 'm'::text)
                           Rows Removed by Filter: 1
                           Buffers: shared hit=61840 read=10876
 Planning:
   Buffers: shared hit=486 read=88
 Planning Time: 12.150 ms
 Execution Time: 48622.456 ms
(89 rows)

