                                                                                            QUERY PLAN                                                                                            
--------------------------------------------------------------------------------------------------------------------------------------------------------------------------------------------------
 Aggregate  (cost=743094.10..743094.11 rows=1 width=8) (actual time=3131.910..3131.916 rows=1 loops=1)
   Buffers: shared hit=207049 read=80158
   ->  Nested Loop  (cost=94178.67..743093.31 rows=316 width=0) (actual time=433.622..3129.028 rows=18764 loops=1)
         Buffers: shared hit=207049 read=80158
         ->  Hash Join  (cost=94178.24..741968.34 rows=485 width=4) (actual time=433.593..2416.151 rows=20277 loops=1)
               Hash Cond: (ci.role_id = rt.id)
               Buffers: shared hit=135806 read=70293
               ->  Nested Loop  (cost=94177.07..741956.84 rows=2910 width=8) (actual time=433.537..2401.601 rows=62533 loops=1)
                     Buffers: shared hit=135805 read=70293
                     ->  Nested Loop  (cost=94176.63..732846.32 rows=203 width=12) (actual time=433.508..1561.505 rows=6639 loops=1)
                           Buffers: shared hit=82563 read=42726
                           ->  Seq Scan on info_type it2  (cost=0.00..2.41 rows=1 width=4) (actual time=0.024..0.028 rows=1 loops=1)
                                 Filter: (id = 4)
                                 Rows Removed by Filter: 112
                                 Buffers: shared hit=1
                           ->  Nested Loop  (cost=94176.63..732841.87 rows=203 width=16) (actual time=433.483..1560.047 rows=6639 loops=1)
                                 Buffers: shared hit=82562 read=42726
                                 ->  Seq Scan on info_type it1  (cost=0.00..2.41 rows=1 width=4) (actual time=0.006..0.013 rows=1 loops=1)
                                       Filter: (id = 3)
                                       Rows Removed by Filter: 112
                                       Buffers: shared hit=1
                                 ->  Nested Loop  (cost=94176.63..732837.43 rows=203 width=20) (actual time=433.475..1558.549 rows=6639 loops=1)
                                       Buffers: shared hit=82561 read=42726
                                       ->  Hash Join  (cost=94176.19..467955.24 rows=6097 width=12) (actual time=433.426..829.002 rows=7420 loops=1)
                                             Hash Cond: (mi1.movie_id = t.id)
                                             Buffers: shared hit=20420 read=26947
                                             ->  Bitmap Heap Scan on movie_info mi1  (cost=16473.92..389810.60 rows=101706 width=8) (actual time=40.321..319.621 rows=986160 loops=1)
                                                   Recheck Cond: (info_type_id = 3)
                                                   Filter: ((info)::text = ANY ('{Action,Comedy,Crime,Drama,Fantasy,Music,Musical,Romance,Short}'::text[]))
                                                   Rows Removed by Filter: 547749
                                                   Heap Blocks: exact=9772
                                                   Buffers: shared hit=1298 read=9677
                                                   ->  Bitmap Index Scan on info_type_id_movie_info  (cost=0.00..16448.47 rows=1538671 width=0) (actual time=38.985..38.985 rows=1533909 loops=1)
                                                         Index Cond: (info_type_id = 3)
                                                         Buffers: shared read=1203
                                             ->  Hash  (cost=75807.58..75807.58 rows=151576 width=4) (actual time=392.044..392.046 rows=11843 loops=1)
                                                   Buckets: 262144  Batches: 1  Memory Usage: 2465kB
                                                   Buffers: shared hit=19122 read=17270
                                                   ->  Hash Join  (cost=1.13..75807.58 rows=151576 width=4) (actual time=0.173..389.043 rows=11843 loops=1)
                                                         Hash Cond: (t.kind_id = kt.id)
                                                         Buffers: shared hit=19122 read=17270
                                                         ->  Seq Scan on title t  (cost=0.00..74315.95 rows=353677 width=8) (actual time=0.028..368.871 rows=347589 loops=1)
                                                               Filter: ((production_year <= 1975) AND (1925 < production_year))
                                                               Rows Removed by Filter: 2180723
                                                               Buffers: shared hit=19121 read=17270
                                                         ->  Hash  (cost=1.10..1.10 rows=3 width=4) (actual time=0.016..0.017 rows=3 loops=1)
                                                               Buckets: 1024  Batches: 1  Memory Usage: 9kB
                                                               Buffers: shared hit=1
                                                               ->  Seq Scan on kind_type kt  (cost=0.00..1.10 rows=3 width=4) (actual time=0.010..0.012 rows=3 loops=1)
                                                                     Filter: ((kind)::text = ANY ('{"tv series","video game","video movie"}'::text[]))
                                                                     Rows Removed by Filter: 4
                                                                     Buffers: shared hit=1
                                       ->  Index Scan using movie_id_movie_info on movie_info mi2  (cost=0.43..43.43 rows=1 width=8) (actual time=0.071..0.098 rows=1 loops=7420)
                                             Index Cond: (movie_id = t.id)
                                             Filter: ((info_type_id = 4) AND ((info)::text = ANY ('{Dutch,English,French,German,Japanese,None,Polish,Portuguese,Spanish,Tagalog}'::text[])))
                                             Rows Removed by Filter: 12
                                             Buffers: shared hit=62141 read=15779
                     ->  Index Scan using movie_id_cast_info on cast_info ci  (cost=0.44..44.50 rows=38 width=12) (actual time=0.034..0.124 rows=9 loops=6639)
                           Index Cond: (movie_id = t.id)
                           Buffers: shared hit=53242 read=27567
               ->  Hash  (cost=1.15..1.15 rows=2 width=4) (actual time=0.028..0.029 rows=2 loops=1)
                     Buckets: 1024  Batches: 1  Memory Usage: 9kB
                     Buffers: shared hit=1
                     ->  Seq Scan on role_type rt  (cost=0.00..1.15 rows=2 width=4) (actual time=0.021..0.023 rows=2 loops=1)
                           Filter: ((role)::text = ANY ('{actress,producer}'::text[]))
                           Rows Removed by Filter: 10
                           Buffers: shared hit=1
         ->  Index Scan using name_pkey on name n  (cost=0.43..2.32 rows=1 width=4) (actual time=0.035..0.035 rows=1 loops=20277)
               Index Cond: (id = ci.person_id)
               Filter: ((gender)::text = ANY ('{f,m}'::text[]))
               Rows Removed by Filter: 0
               Buffers: shared hit=71243 read=9865
 Planning:
   Buffers: shared hit=488 read=89
 Planning Time: 10.748 ms
 Execution Time: 3132.479 ms
(76 rows)

