                                                                                            QUERY PLAN                                                                                            
--------------------------------------------------------------------------------------------------------------------------------------------------------------------------------------------------
 Aggregate  (cost=747603.20..747603.21 rows=1 width=8) (actual time=2251.054..2251.065 rows=1 loops=1)
   Buffers: shared hit=154785 read=39905, temp read=1686 written=1686
   ->  Nested Loop  (cost=92536.73..747602.93 rows=107 width=0) (actual time=437.981..2250.966 rows=137 loops=1)
         Buffers: shared hit=154785 read=39905, temp read=1686 written=1686
         ->  Seq Scan on info_type it2  (cost=0.00..2.41 rows=1 width=4) (actual time=0.046..0.057 rows=1 loops=1)
               Filter: (id = 4)
               Rows Removed by Filter: 112
               Buffers: shared hit=1
         ->  Nested Loop  (cost=92536.73..747599.45 rows=107 width=4) (actual time=437.933..2250.855 rows=137 loops=1)
               Buffers: shared hit=154784 read=39905, temp read=1686 written=1686
               ->  Seq Scan on info_type it1  (cost=0.00..2.41 rows=1 width=4) (actual time=0.009..0.023 rows=1 loops=1)
                     Filter: (id = 3)
                     Rows Removed by Filter: 112
                     Buffers: shared hit=1
               ->  Nested Loop  (cost=92536.73..747595.96 rows=107 width=8) (actual time=437.920..2250.770 rows=137 loops=1)
                     Buffers: shared hit=154783 read=39905, temp read=1686 written=1686
                     ->  Hash Join  (cost=92536.30..747002.17 rows=256 width=12) (actual time=437.882..2227.111 rows=678 loops=1)
                           Hash Cond: (ci.role_id = rt.id)
                           Buffers: shared hit=152586 read=39390, temp read=1686 written=1686
                           ->  Nested Loop  (cost=92535.14..746990.10 rows=3067 width=16) (actual time=433.348..2220.337 rows=46242 loops=1)
                                 Buffers: shared hit=152585 read=39390, temp read=1686 written=1686
                                 ->  Nested Loop  (cost=92534.70..737455.48 rows=214 width=20) (actual time=433.322..1703.476 rows=4772 loops=1)
                                       Buffers: shared hit=98947 read=33827, temp read=1686 written=1686
                                       ->  Hash Join  (cost=92534.26..481488.32 rows=5950 width=12) (actual time=433.190..1024.837 rows=8583 loops=1)
                                             Hash Cond: (mi2.movie_id = t.id)
                                             Buffers: shared hit=17150 read=28654, temp read=1686 written=1686
                                             ->  Bitmap Heap Scan on movie_info mi2  (cost=13074.56..400315.26 rows=76763 width=8) (actual time=36.371..379.664 rows=976150 loops=1)
                                                   Recheck Cond: (info_type_id = 4)
                                                   Filter: ((info)::text = ANY ('{English,French,Japanese,Serbo-Croatian,Spanish}'::text[]))
                                                   Rows Removed by Filter: 322839
                                                   Heap Blocks: exact=8393
                                                   Buffers: shared hit=1691 read=7721
                                                   ->  Bitmap Index Scan on info_type_id_movie_info  (cost=0.00..13055.37 rows=1221191 width=0) (actual time=35.309..35.309 rows=1298989 loops=1)
                                                         Index Cond: (info_type_id = 4)
                                                         Buffers: shared hit=1 read=1018
                                             ->  Hash  (cost=76244.10..76244.10 rows=195968 width=4) (actual time=393.952..393.955 rows=11843 loops=1)
                                                   Buckets: 262144  Batches: 2  Memory Usage: 2260kB
                                                   Buffers: shared hit=15459 read=20933, temp written=17
                                                   ->  Hash Join  (cost=1.13..76244.10 rows=195968 width=4) (actual time=0.162..391.204 rows=11843 loops=1)
                                                         Hash Cond: (t.kind_id = kt.id)
                                                         Buffers: shared hit=15459 read=20933
                                                         ->  Seq Scan on title t  (cost=0.00..74315.95 rows=457258 width=8) (actual time=0.023..365.678 rows=451569 loops=1)
                                                               Filter: ((production_year <= 1975) AND (1875 < production_year))
                                                               Rows Removed by Filter: 2076743
                                                               Buffers: shared hit=15458 read=20933
                                                         ->  Hash  (cost=1.10..1.10 rows=3 width=4) (actual time=0.016..0.017 rows=3 loops=1)
                                                               Buckets: 1024  Batches: 1  Memory Usage: 9kB
                                                               Buffers: shared hit=1
                                                               ->  Seq Scan on kind_type kt  (cost=0.00..1.10 rows=3 width=4) (actual time=0.007..0.008 rows=3 loops=1)
                                                                     Filter: ((kind)::text = ANY ('{"tv series","video game","video movie"}'::text[]))
                                                                     Rows Removed by Filter: 4
                                                                     Buffers: shared hit=1
                                       ->  Index Scan using movie_id_movie_info on movie_info mi1  (cost=0.43..43.01 rows=1 width=8) (actual time=0.077..0.079 rows=1 loops=8583)
                                             Index Cond: (movie_id = t.id)
                                             Filter: ((info_type_id = 3) AND ((info)::text = ANY ('{Animation,Comedy,Drama,Short,Thriller,Western}'::text[])))
                                             Rows Removed by Filter: 10
                                             Buffers: shared hit=81797 read=5173
                                 ->  Index Scan using movie_id_cast_info on cast_info ci  (cost=0.44..44.17 rows=38 width=12) (actual time=0.032..0.106 rows=10 loops=4772)
                                       Index Cond: (movie_id = t.id)
                                       Buffers: shared hit=53638 read=5563
                           ->  Hash  (cost=1.15..1.15 rows=1 width=4) (actual time=0.021..0.022 rows=1 loops=1)
                                 Buckets: 1024  Batches: 1  Memory Usage: 9kB
                                 Buffers: shared hit=1
                                 ->  Seq Scan on role_type rt  (cost=0.00..1.15 rows=1 width=4) (actual time=0.014..0.015 rows=1 loops=1)
                                       Filter: ((role)::text = 'editor'::text)
                                       Rows Removed by Filter: 11
                                       Buffers: shared hit=1
                     ->  Index Scan using name_pkey on name n  (cost=0.43..2.32 rows=1 width=4) (actual time=0.034..0.034 rows=0 loops=678)
                           Index Cond: (id = ci.person_id)
                           Filter: ((gender)::text = 'm'::text)
                           Rows Removed by Filter: 1
                           Buffers: shared hit=2197 read=515
 Planning:
   Buffers: shared hit=574
 Planning Time: 13.400 ms
 Execution Time: 2251.687 ms
(76 rows)

