                                                                                               QUERY PLAN                                                                                               
--------------------------------------------------------------------------------------------------------------------------------------------------------------------------------------------------------
 Aggregate  (cost=455079.01..455079.02 rows=1 width=8) (actual time=9954.671..9954.677 rows=1 loops=1)
   Buffers: shared hit=878737 read=145198
   ->  Nested Loop  (cost=13059.70..455078.96 rows=17 width=0) (actual time=174.683..9952.376 rows=8995 loops=1)
         Buffers: shared hit=878737 read=145198
         ->  Hash Join  (cost=13059.27..455018.66 rows=26 width=4) (actual time=174.638..9116.456 rows=23939 loops=1)
               Hash Cond: (ci.role_id = rt.id)
               Buffers: shared hit=787959 read=140220
               ->  Nested Loop  (cost=13058.10..455016.92 rows=158 width=8) (actual time=174.324..9037.166 rows=455639 loops=1)
                     Buffers: shared hit=787958 read=140220
                     ->  Nested Loop  (cost=13057.66..454536.67 rows=11 width=12) (actual time=174.280..4374.641 rows=19259 loops=1)
                           Buffers: shared hit=351758 read=77772
                           ->  Seq Scan on info_type it2  (cost=0.00..2.41 rows=1 width=4) (actual time=0.021..0.026 rows=1 loops=1)
                                 Filter: (id = 4)
                                 Rows Removed by Filter: 112
                                 Buffers: shared hit=1
                           ->  Nested Loop  (cost=13057.66..454534.14 rows=11 width=16) (actual time=174.257..4370.163 rows=19259 loops=1)
                                 Buffers: shared hit=351757 read=77772
                                 ->  Seq Scan on info_type it1  (cost=0.00..2.41 rows=1 width=4) (actual time=0.005..0.012 rows=1 loops=1)
                                       Filter: (id = 3)
                                       Rows Removed by Filter: 112
                                       Buffers: shared hit=1
                                 ->  Nested Loop  (cost=13057.66..454531.62 rows=11 width=20) (actual time=174.250..4365.567 rows=19259 loops=1)
                                       Buffers: shared hit=351756 read=77772
                                       ->  Hash Join  (cost=13057.22..440484.11 rows=332 width=12) (actual time=174.141..1899.917 rows=26430 loops=1)
                                             Hash Cond: (t.kind_id = kt.id)
                                             Buffers: shared hit=134558 read=28567
                                             ->  Nested Loop  (cost=13056.11..440478.10 rows=1160 width=16) (actual time=34.972..1885.452 rows=37516 loops=1)
                                                   Buffers: shared hit=134557 read=28567
                                                   ->  Bitmap Heap Scan on movie_info mi2  (cost=13055.68..430354.74 rows=1245 width=8) (actual time=34.925..602.148 rows=38428 loops=1)
                                                         Recheck Cond: (info_type_id = 4)
                                                         Filter: ((info)::text = ANY ('{Bulgarian,Danish,Hindi,Norwegian,Romanian,Swedish,Tamil}'::text[]))
                                                         Rows Removed by Filter: 1260561
                                                         Heap Blocks: exact=8393
                                                         Buffers: shared hit=24 read=9388
                                                         ->  Bitmap Index Scan on info_type_id_movie_info  (cost=0.00..13055.37 rows=1221191 width=0) (actual time=32.436..32.436 rows=1298989 loops=1)
                                                               Index Cond: (info_type_id = 4)
                                                               Buffers: shared read=1019
                                                   ->  Index Scan using title_pkey on title t  (cost=0.43..8.13 rows=1 width=8) (actual time=0.033..0.033 rows=1 loops=38428)
                                                         Index Cond: (id = mi2.movie_id)
                                                         Filter: ((production_year <= 2015) AND (1925 < production_year))
                                                         Rows Removed by Filter: 0
                                                         Buffers: shared hit=134533 read=19179
                                             ->  Hash  (cost=1.09..1.09 rows=2 width=4) (actual time=0.011..0.012 rows=2 loops=1)
                                                   Buckets: 1024  Batches: 1  Memory Usage: 9kB
                                                   Buffers: shared hit=1
                                                   ->  Seq Scan on kind_type kt  (cost=0.00..1.09 rows=2 width=4) (actual time=0.006..0.007 rows=2 loops=1)
                                                         Filter: ((kind)::text = ANY ('{movie,"video movie"}'::text[]))
                                                         Rows Removed by Filter: 5
                                                         Buffers: shared hit=1
                                       ->  Index Scan using movie_id_movie_info on movie_info mi1  (cost=0.43..42.30 rows=1 width=8) (actual time=0.092..0.093 rows=1 loops=26430)
                                             Index Cond: (movie_id = t.id)
                                             Filter: ((info_type_id = 3) AND ((info)::text = ANY ('{Comedy,Drama,Musical,Short}'::text[])))
                                             Rows Removed by Filter: 11
                                             Buffers: shared hit=217198 read=49205
                     ->  Index Scan using movie_id_cast_info on cast_info ci  (cost=0.44..43.28 rows=38 width=12) (actual time=0.036..0.236 rows=24 loops=19259)
                           Index Cond: (movie_id = t.id)
                           Buffers: shared hit=436200 read=62448
               ->  Hash  (cost=1.15..1.15 rows=2 width=4) (actual time=0.026..0.026 rows=2 loops=1)
                     Buckets: 1024  Batches: 1  Memory Usage: 9kB
                     Buffers: shared hit=1
                     ->  Seq Scan on role_type rt  (cost=0.00..1.15 rows=2 width=4) (actual time=0.020..0.022 rows=2 loops=1)
                           Filter: ((role)::text = ANY ('{composer,"costume designer"}'::text[]))
                           Rows Removed by Filter: 10
                           Buffers: shared hit=1
         ->  Index Scan using name_pkey on name n  (cost=0.43..2.32 rows=1 width=4) (actual time=0.034..0.034 rows=0 loops=23939)
               Index Cond: (id = ci.person_id)
               Filter: ((gender)::text = ANY ('{f,m}'::text[]))
               Rows Removed by Filter: 1
               Buffers: shared hit=90778 read=4978
 Planning:
   Buffers: shared hit=486 read=88
 Planning Time: 9.465 ms
 Execution Time: 9955.077 ms
(73 rows)

