                                                                                               QUERY PLAN                                                                                               
--------------------------------------------------------------------------------------------------------------------------------------------------------------------------------------------------------
 Aggregate  (cost=978480.25..978480.26 rows=1 width=8) (actual time=117609.664..117609.673 rows=1 loops=1)
   Buffers: shared hit=9866479 read=1520990, temp read=15031 written=15031
   ->  Nested Loop  (cost=501608.32..978479.59 rows=264 width=0) (actual time=1858.906..117602.178 rows=10361 loops=1)
         Buffers: shared hit=9866479 read=1520990, temp read=15031 written=15031
         ->  Seq Scan on info_type it2  (cost=0.00..2.41 rows=1 width=4) (actual time=0.045..0.051 rows=1 loops=1)
               Filter: (id = 4)
               Rows Removed by Filter: 112
               Buffers: shared hit=1
         ->  Nested Loop  (cost=501608.32..978474.54 rows=264 width=4) (actual time=1858.860..117598.169 rows=10361 loops=1)
               Buffers: shared hit=9866478 read=1520990, temp read=15031 written=15031
               ->  Seq Scan on info_type it1  (cost=0.00..2.41 rows=1 width=4) (actual time=0.008..0.017 rows=1 loops=1)
                     Filter: (id = 3)
                     Rows Removed by Filter: 112
                     Buffers: shared hit=1
               ->  Nested Loop  (cost=501608.32..978469.49 rows=264 width=8) (actual time=1858.849..117593.416 rows=10361 loops=1)
                     Buffers: shared hit=9866477 read=1520990, temp read=15031 written=15031
                     ->  Hash Join  (cost=501607.89..975836.83 rows=1135 width=12) (actual time=1842.351..103052.684 rows=377098 loops=1)
                           Hash Cond: (ci.role_id = rt.id)
                           Buffers: shared hit=8491578 read=1387497, temp read=15031 written=15031
                           ->  Nested Loop  (cost=501606.73..975787.30 rows=13617 width=16) (actual time=1842.019..101382.103 rows=8815751 loops=1)
                                 Buffers: shared hit=8491577 read=1387497, temp read=15031 written=15031
                                 ->  Hash Join  (cost=501606.29..934238.53 rows=950 width=20) (actual time=1841.973..3377.080 rows=433605 loops=1)
                                       Hash Cond: (mi2.movie_id = t.id)
                                       Buffers: shared hit=20650 read=36129, temp read=15031 written=15031
                                       ->  Bitmap Heap Scan on movie_info mi2  (cost=13075.00..445403.24 rows=78534 width=8) (actual time=36.297..591.270 rows=1014524 loops=1)
                                             Recheck Cond: (info_type_id = 4)
                                             Filter: ((info)::text = ANY ('{Arabic,English,Finnish,French,Japanese,Portuguese,Spanish,Turkish}'::text[]))
                                             Rows Removed by Filter: 284465
                                             Heap Blocks: exact=8393
                                             Buffers: shared hit=1 read=9411
                                             ->  Bitmap Index Scan on info_type_id_movie_info  (cost=0.00..13055.37 rows=1221191 width=0) (actual time=35.256..35.257 rows=1298989 loops=1)
                                                   Index Cond: (info_type_id = 4)
                                                   Buffers: shared read=1019
                                       ->  Hash  (cost=488148.91..488148.91 rows=30590 width=12) (actual time=1803.439..1803.444 rows=529414 loops=1)
                                             Buckets: 262144 (originally 32768)  Batches: 4 (originally 1)  Memory Usage: 7741kB
                                             Buffers: shared hit=20649 read=26718, temp read=9453 written=11002
                                             ->  Hash Join  (cost=110390.01..488148.91 rows=30590 width=12) (actual time=920.525..1706.300 rows=529414 loops=1)
                                                   Hash Cond: (mi1.movie_id = t.id)
                                                   Buffers: shared hit=20649 read=26718, temp read=9453 written=9453
                                                   ->  Bitmap Heap Scan on movie_info mi1  (cost=16474.38..389811.06 rows=103553 width=8) (actual time=37.964..318.478 rows=1007118 loops=1)
                                                         Recheck Cond: (info_type_id = 3)
                                                         Filter: ((info)::text = ANY ('{Adventure,Biography,Comedy,Crime,Drama,Family,Music,Romance,Sci-Fi,Short}'::text[]))
                                                         Rows Removed by Filter: 526791
                                                         Heap Blocks: exact=9772
                                                         Buffers: shared hit=2185 read=8790
                                                         ->  Bitmap Index Scan on info_type_id_movie_info  (cost=0.00..16448.47 rows=1538671 width=0) (actual time=36.652..36.652 rows=1533909 loops=1)
                                                               Index Cond: (info_type_id = 3)
                                                               Buffers: shared hit=1 read=1202
                                                   ->  Hash  (cost=81661.50..81661.50 rows=746890 width=4) (actual time=880.795..880.798 rows=1610551 loops=1)
                                                         Buckets: 262144 (originally 262144)  Batches: 16 (originally 8)  Memory Usage: 6145kB
                                                         Buffers: shared hit=18464 read=17928, temp written=4414
                                                         ->  Hash Join  (cost=1.13..81661.50 rows=746890 width=4) (actual time=0.044..660.234 rows=1610551 loops=1)
                                                               Hash Cond: (t.kind_id = kt.id)
                                                               Buffers: shared hit=18464 read=17928
                                                               ->  Seq Scan on title t  (cost=0.00..74315.95 rows=1742744 width=8) (actual time=0.022..466.673 rows=1748995 loops=1)
                                                                     Filter: ((production_year <= 2015) AND (1990 < production_year))
                                                                     Rows Removed by Filter: 779317
                                                                     Buffers: shared hit=18463 read=17928
                                                               ->  Hash  (cost=1.10..1.10 rows=3 width=4) (actual time=0.014..0.015 rows=3 loops=1)
                                                                     Buckets: 1024  Batches: 1  Memory Usage: 9kB
                                                                     Buffers: shared hit=1
                                                                     ->  Seq Scan on kind_type kt  (cost=0.00..1.10 rows=3 width=4) (actual time=0.008..0.010 rows=3 loops=1)
                                                                           Filter: ((kind)::text = ANY ('{episode,movie,"video movie"}'::text[]))
                                                                           Rows Removed by Filter: 4
                                                                           Buffers: shared hit=1
                                 ->  Index Scan using movie_id_cast_info on cast_info ci  (cost=0.44..43.36 rows=38 width=12) (actual time=0.036..0.220 rows=20 loops=433605)
                                       Index Cond: (movie_id = t.id)
                                       Buffers: shared hit=8470927 read=1351368
                           ->  Hash  (cost=1.15..1.15 rows=1 width=4) (actual time=0.022..0.022 rows=1 loops=1)
                                 Buckets: 1024  Batches: 1  Memory Usage: 9kB
                                 Buffers: shared hit=1
                                 ->  Seq Scan on role_type rt  (cost=0.00..1.15 rows=1 width=4) (actual time=0.012..0.014 rows=1 loops=1)
                                       Filter: ((role)::text = 'cinematographer'::text)
                                       Rows Removed by Filter: 11
                                       Buffers: shared hit=1
                     ->  Index Scan using name_pkey on name n  (cost=0.43..2.32 rows=1 width=4) (actual time=0.038..0.038 rows=0 loops=377098)
                           Index Cond: (id = ci.person_id)
                           Filter: ((gender)::text = 'f'::text)
                           Rows Removed by Filter: 1
                           Buffers: shared hit=1374899 read=133493
 Planning:
   Buffers: shared hit=489 read=88
 Planning Time: 14.640 ms
 Execution Time: 117610.322 ms
(84 rows)

