                                                                                            QUERY PLAN                                                                                            
--------------------------------------------------------------------------------------------------------------------------------------------------------------------------------------------------
 Aggregate  (cost=838953.61..838953.62 rows=1 width=8) (actual time=2397.824..2397.833 rows=1 loops=1)
   Buffers: shared hit=123489 read=87532, temp read=1790 written=1790
   ->  Nested Loop  (cost=92537.78..838953.02 rows=237 width=0) (actual time=486.499..2397.744 rows=130 loops=1)
         Buffers: shared hit=123489 read=87532, temp read=1790 written=1790
         ->  Hash Join  (cost=92537.35..837644.81 rows=564 width=4) (actual time=419.947..2371.403 rows=696 loops=1)
               Hash Cond: (ci.role_id = rt.id)
               Buffers: shared hit=121456 read=86781, temp read=1790 written=1790
               ->  Nested Loop  (cost=92536.17..837631.62 rows=3383 width=8) (actual time=413.562..2365.211 rows=51038 loops=1)
                     Buffers: shared hit=121455 read=86781, temp read=1790 written=1790
                     ->  Nested Loop  (cost=92535.73..827116.80 rows=236 width=12) (actual time=413.521..1743.907 rows=5412 loops=1)
                           Buffers: shared hit=74536 read=67796, temp read=1790 written=1790
                           ->  Seq Scan on info_type it2  (cost=0.00..2.41 rows=1 width=4) (actual time=0.026..0.034 rows=1 loops=1)
                                 Filter: (id = 4)
                                 Rows Removed by Filter: 112
                                 Buffers: shared hit=1
                           ->  Nested Loop  (cost=92535.73..827112.02 rows=236 width=16) (actual time=413.494..1742.931 rows=5412 loops=1)
                                 Buffers: shared hit=74535 read=67796, temp read=1790 written=1790
                                 ->  Seq Scan on info_type it1  (cost=0.00..2.41 rows=1 width=4) (actual time=0.009..0.021 rows=1 loops=1)
                                       Filter: (id = 3)
                                       Rows Removed by Filter: 112
                                       Buffers: shared hit=1
                                 ->  Nested Loop  (cost=92535.73..827107.25 rows=236 width=20) (actual time=413.482..1742.010 rows=5412 loops=1)
                                       Buffers: shared hit=74534 read=67796, temp read=1790 written=1790
                                       ->  Hash Join  (cost=92535.30..556688.00 rows=6271 width=12) (actual time=413.417..1011.420 rows=9672 loops=1)
                                             Hash Cond: (mi2.movie_id = t.id)
                                             Buffers: shared hit=3 read=45801, temp read=1790 written=1790
                                             ->  Bitmap Heap Scan on movie_info mi2  (cost=13075.59..475462.19 rows=80905 width=8) (actual time=33.009..396.918 rows=1037138 loops=1)
                                                   Recheck Cond: (info_type_id = 4)
                                                   Filter: ((info)::text = ANY ('{Czech,Danish,Dutch,English,Filipino,Finnish,German,Greek,Japanese,Spanish}'::text[]))
                                                   Rows Removed by Filter: 261851
                                                   Heap Blocks: exact=8393
                                                   Buffers: shared hit=2 read=9410
                                                   ->  Bitmap Index Scan on info_type_id_movie_info  (cost=0.00..13055.37 rows=1221191 width=0) (actual time=31.976..31.977 rows=1298989 loops=1)
                                                         Index Cond: (info_type_id = 4)
                                                         Buffers: shared read=1019
                                             ->  Hash  (cost=76244.10..76244.10 rows=195968 width=4) (actual time=377.219..377.222 rows=11843 loops=1)
                                                   Buckets: 262144  Batches: 2  Memory Usage: 2260kB
                                                   Buffers: shared hit=1 read=36391, temp written=17
                                                   ->  Hash Join  (cost=1.13..76244.10 rows=195968 width=4) (actual time=0.146..374.389 rows=11843 loops=1)
                                                         Hash Cond: (t.kind_id = kt.id)
                                                         Buffers: shared hit=1 read=36391
                                                         ->  Seq Scan on title t  (cost=0.00..74315.95 rows=457258 width=8) (actual time=0.023..348.464 rows=451569 loops=1)
                                                               Filter: ((production_year <= 1975) AND (1875 < production_year))
                                                               Rows Removed by Filter: 2076743
                                                               Buffers: shared read=36391
                                                         ->  Hash  (cost=1.10..1.10 rows=3 width=4) (actual time=0.015..0.016 rows=3 loops=1)
                                                               Buckets: 1024  Batches: 1  Memory Usage: 9kB
                                                               Buffers: shared hit=1
                                                               ->  Seq Scan on kind_type kt  (cost=0.00..1.10 rows=3 width=4) (actual time=0.007..0.009 rows=3 loops=1)
                                                                     Filter: ((kind)::text = ANY ('{"tv series","video game","video movie"}'::text[]))
                                                                     Rows Removed by Filter: 4
                                                                     Buffers: shared hit=1
                                       ->  Index Scan using movie_id_movie_info on movie_info mi1  (cost=0.43..43.11 rows=1 width=8) (actual time=0.073..0.075 rows=1 loops=9672)
                                             Index Cond: (movie_id = t.id)
                                             Filter: ((info_type_id = 3) AND ((info)::text = ANY ('{Action,Comedy,Drama,History,Musical,Romance,Short,Western}'::text[])))
                                             Rows Removed by Filter: 10
                                             Buffers: shared hit=74531 read=21995
                     ->  Index Scan using movie_id_cast_info on cast_info ci  (cost=0.44..44.17 rows=38 width=12) (actual time=0.032..0.113 rows=9 loops=5412)
                           Index Cond: (movie_id = t.id)
                           Buffers: shared hit=46919 read=18985
               ->  Hash  (cost=1.15..1.15 rows=2 width=4) (actual time=0.029..0.030 rows=2 loops=1)
                     Buckets: 1024  Batches: 1  Memory Usage: 9kB
                     Buffers: shared hit=1
                     ->  Seq Scan on role_type rt  (cost=0.00..1.15 rows=2 width=4) (actual time=0.022..0.024 rows=2 loops=1)
                           Filter: ((role)::text = ANY ('{editor,"production designer"}'::text[]))
                           Rows Removed by Filter: 10
                           Buffers: shared hit=1
         ->  Index Scan using name_pkey on name n  (cost=0.43..2.32 rows=1 width=4) (actual time=0.037..0.037 rows=0 loops=696)
               Index Cond: (id = ci.person_id)
               Filter: ((gender)::text = 'm'::text)
               Rows Removed by Filter: 1
               Buffers: shared hit=2033 read=751
 Planning:
   Buffers: shared hit=480 read=94
 Planning Time: 9.419 ms
 Execution Time: 2398.309 ms
(76 rows)

