                                                                                            QUERY PLAN                                                                                            
--------------------------------------------------------------------------------------------------------------------------------------------------------------------------------------------------
 Aggregate  (cost=766999.21..766999.22 rows=1 width=8) (actual time=5086.378..5086.397 rows=1 loops=1)
   Buffers: shared hit=356488 read=55531, temp read=8963 written=8963
   ->  Nested Loop  (cost=542603.36..766999.08 rows=50 width=0) (actual time=1481.891..5085.981 rows=1592 loops=1)
         Buffers: shared hit=356488 read=55531, temp read=8963 written=8963
         ->  Seq Scan on info_type it2  (cost=0.00..2.41 rows=1 width=4) (actual time=0.040..0.081 rows=1 loops=1)
               Filter: (id = 4)
               Rows Removed by Filter: 112
               Buffers: shared hit=1
         ->  Nested Loop  (cost=542603.36..766996.17 rows=50 width=4) (actual time=1481.850..5085.570 rows=1592 loops=1)
               Buffers: shared hit=356487 read=55531, temp read=8963 written=8963
               ->  Seq Scan on info_type it1  (cost=0.00..2.41 rows=1 width=4) (actual time=0.007..0.024 rows=1 loops=1)
                     Filter: (id = 3)
                     Rows Removed by Filter: 112
                     Buffers: shared hit=1
               ->  Nested Loop  (cost=542603.36..766993.26 rows=50 width=8) (actual time=1481.841..5085.180 rows=1592 loops=1)
                     Join Filter: (t.id = mi1.movie_id)
                     Buffers: shared hit=356486 read=55531, temp read=8963 written=8963
                     ->  Nested Loop  (cost=542602.92..694942.11 rows=1700 width=16) (actual time=1481.777..4847.447 rows=1860 loops=1)
                           Buffers: shared hit=347090 read=44501, temp read=8963 written=8963
                           ->  Hash Join  (cost=542602.49..677965.54 rows=7319 width=20) (actual time=1480.992..2156.244 rows=84868 loops=1)
                                 Hash Cond: (ci.movie_id = t.id)
                                 Buffers: shared hit=24411 read=27708, temp read=8963 written=8963
                                 ->  Nested Loop  (cost=0.44..123965.00 rows=3020080 width=8) (actual time=0.078..345.582 rows=898389 loops=1)
                                       Buffers: shared hit=1471 read=4844
                                       ->  Seq Scan on role_type rt  (cost=0.00..1.15 rows=1 width=4) (actual time=0.007..0.009 rows=1 loops=1)
                                             Filter: ((role)::text = 'cinematographer'::text)
                                             Rows Removed by Filter: 11
                                             Buffers: shared hit=1
                                       ->  Index Scan using role_id_cast_info on cast_info ci  (cost=0.44..91017.52 rows=3294633 width=12) (actual time=0.069..223.828 rows=898389 loops=1)
                                             Index Cond: (role_id = rt.id)
                                             Buffers: shared hit=1470 read=4844
                                 ->  Hash  (cost=542525.47..542525.47 rows=6127 width=12) (actual time=1480.748..1480.757 rows=146409 loops=1)
                                       Buckets: 262144 (originally 8192)  Batches: 2 (originally 1)  Memory Usage: 6145kB
                                       Buffers: shared hit=22940 read=22864, temp read=7142 written=7427
                                       ->  Hash Join  (cost=106976.18..542525.47 rows=6127 width=12) (actual time=901.764..1455.881 rows=146409 loops=1)
                                             Hash Cond: (mi2.movie_id = t.id)
                                             Buffers: shared hit=22940 read=22864, temp read=7142 written=7142
                                             ->  Bitmap Heap Scan on movie_info mi2  (cost=13060.55..445388.79 rows=20741 width=8) (actual time=35.832..378.682 rows=286158 loops=1)
                                                   Recheck Cond: (info_type_id = 4)
                                                   Filter: ((info)::text = ANY ('{Arabic,Danish,French,German,Greek,Japanese,Spanish,Telugu}'::text[]))
                                                   Rows Removed by Filter: 1012831
                                                   Heap Blocks: exact=8393
                                                   Buffers: shared hit=114 read=9298
                                                   ->  Bitmap Index Scan on info_type_id_movie_info  (cost=0.00..13055.37 rows=1221191 width=0) (actual time=33.259..33.259 rows=1298989 loops=1)
                                                         Index Cond: (info_type_id = 4)
                                                         Buffers: shared read=1019
                                             ->  Hash  (cost=81661.50..81661.50 rows=746890 width=4) (actual time=864.675..864.681 rows=1610551 loops=1)
                                                   Buckets: 262144 (originally 262144)  Batches: 16 (originally 8)  Memory Usage: 6145kB
                                                   Buffers: shared hit=22826 read=13566, temp written=4414
                                                   ->  Hash Join  (cost=1.13..81661.50 rows=746890 width=4) (actual time=0.042..650.090 rows=1610551 loops=1)
                                                         Hash Cond: (t.kind_id = kt.id)
                                                         Buffers: shared hit=22826 read=13566
                                                         ->  Seq Scan on title t  (cost=0.00..74315.95 rows=1742744 width=8) (actual time=0.021..456.731 rows=1748995 loops=1)
                                                               Filter: ((production_year <= 2015) AND (1990 < production_year))
                                                               Rows Removed by Filter: 779317
                                                               Buffers: shared hit=22825 read=13566
                                                         ->  Hash  (cost=1.10..1.10 rows=3 width=4) (actual time=0.017..0.019 rows=3 loops=1)
                                                               Buckets: 1024  Batches: 1  Memory Usage: 9kB
                                                               Buffers: shared hit=1
                                                               ->  Seq Scan on kind_type kt  (cost=0.00..1.10 rows=3 width=4) (actual time=0.007..0.008 rows=3 loops=1)
                                                                     Filter: ((kind)::text = ANY ('{episode,movie,"video movie"}'::text[]))
                                                                     Rows Removed by Filter: 4
                                                                     Buffers: shared hit=1
                           ->  Index Scan using name_pkey on name n  (cost=0.43..2.32 rows=1 width=4) (actual time=0.031..0.031 rows=0 loops=84868)
                                 Index Cond: (id = ci.person_id)
                                 Filter: ((gender)::text = 'f'::text)
                                 Rows Removed by Filter: 1
                                 Buffers: shared hit=322679 read=16793
                     ->  Index Scan using movie_id_movie_info on movie_info mi1  (cost=0.43..42.37 rows=1 width=8) (actual time=0.126..0.127 rows=1 loops=1860)
                           Index Cond: (movie_id = ci.movie_id)
                           Filter: ((info_type_id = 3) AND ((info)::text = ANY ('{Animation,Biography,Comedy,Documentary,Drama,History,Romance,Sci-Fi}'::text[])))
                           Rows Removed by Filter: 15
                           Buffers: shared hit=9396 read=11030
 Planning:
   Buffers: shared hit=492 read=82
 Planning Time: 9.711 ms
 Execution Time: 5086.994 ms
(77 rows)

