                                                                                            QUERY PLAN                                                                                            
--------------------------------------------------------------------------------------------------------------------------------------------------------------------------------------------------
 Aggregate  (cost=504634.45..504634.46 rows=1 width=8) (actual time=1067.605..1067.617 rows=1 loops=1)
   Buffers: shared hit=57297 read=33330
   ->  Nested Loop  (cost=90132.38..504634.43 rows=7 width=0) (actual time=409.969..1067.544 rows=247 loops=1)
         Buffers: shared hit=57297 read=33330
         ->  Seq Scan on info_type it2  (cost=0.00..2.41 rows=1 width=4) (actual time=0.044..0.051 rows=1 loops=1)
               Filter: (id = 4)
               Rows Removed by Filter: 112
               Buffers: shared hit=1
         ->  Nested Loop  (cost=90132.38..504631.95 rows=7 width=4) (actual time=409.924..1067.445 rows=247 loops=1)
               Buffers: shared hit=57296 read=33330
               ->  Seq Scan on info_type it1  (cost=0.00..2.41 rows=1 width=4) (actual time=0.009..0.016 rows=1 loops=1)
                     Filter: (id = 3)
                     Rows Removed by Filter: 112
                     Buffers: shared hit=1
               ->  Nested Loop  (cost=90132.38..504629.47 rows=7 width=8) (actual time=409.912..1067.378 rows=247 loops=1)
                     Buffers: shared hit=57295 read=33330
                     ->  Hash Join  (cost=90131.95..504592.35 rows=16 width=12) (actual time=409.891..1050.685 rows=493 loops=1)
                           Hash Cond: (ci.role_id = rt.id)
                           Buffers: shared hit=55424 read=33229
                           ->  Nested Loop  (cost=90130.79..504590.53 rows=186 width=16) (actual time=409.796..1048.717 rows=16978 loops=1)
                                 Buffers: shared hit=55423 read=33229
                                 ->  Nested Loop  (cost=90130.35..504007.09 rows=13 width=20) (actual time=409.766..881.939 rows=1326 loops=1)
                                       Buffers: shared hit=39030 read=28954
                                       ->  Hash Join  (cost=90129.91..477434.59 rows=616 width=12) (actual time=409.592..727.641 rows=2488 loops=1)
                                             Hash Cond: (mi2.movie_id = t.id)
                                             Buffers: shared hit=18085 read=27719
                                             ->  Bitmap Heap Scan on movie_info mi2  (cost=13059.22..400299.92 rows=15418 width=8) (actual time=39.188..331.647 rows=219160 loops=1)
                                                   Recheck Cond: (info_type_id = 4)
                                                   Filter: ((info)::text = ANY ('{Dutch,French,Japanese,Mandarin,Spanish}'::text[]))
                                                   Rows Removed by Filter: 1079829
                                                   Heap Blocks: exact=8393
                                                   Buffers: shared hit=2147 read=7265
                                                   ->  Bitmap Index Scan on info_type_id_movie_info  (cost=0.00..13055.37 rows=1221191 width=0) (actual time=36.909..36.909 rows=1298989 loops=1)
                                                         Index Cond: (info_type_id = 4)
                                                         Buffers: shared read=1019
                                             ->  Hash  (cost=75807.56..75807.56 rows=101051 width=4) (actual time=369.556..369.564 rows=11554 loops=1)
                                                   Buckets: 131072  Batches: 1  Memory Usage: 1431kB
                                                   Buffers: shared hit=15938 read=20454
                                                   ->  Hash Join  (cost=1.11..75807.56 rows=101051 width=4) (actual time=0.127..366.891 rows=11554 loops=1)
                                                         Hash Cond: (t.kind_id = kt.id)
                                                         Buffers: shared hit=15938 read=20454
                                                         ->  Seq Scan on title t  (cost=0.00..74315.95 rows=353677 width=8) (actual time=0.024..346.566 rows=347589 loops=1)
                                                               Filter: ((production_year <= 1975) AND (1925 < production_year))
                                                               Rows Removed by Filter: 2180723
                                                               Buffers: shared hit=15937 read=20454
                                                         ->  Hash  (cost=1.09..1.09 rows=2 width=4) (actual time=0.013..0.020 rows=2 loops=1)
                                                               Buckets: 1024  Batches: 1  Memory Usage: 9kB
                                                               Buffers: shared hit=1
                                                               ->  Seq Scan on kind_type kt  (cost=0.00..1.09 rows=2 width=4) (actual time=0.007..0.008 rows=2 loops=1)
                                                                     Filter: ((kind)::text = ANY ('{"tv series","video movie"}'::text[]))
                                                                     Rows Removed by Filter: 5
                                                                     Buffers: shared hit=1
                                       ->  Index Scan using movie_id_movie_info on movie_info mi1  (cost=0.43..43.13 rows=1 width=8) (actual time=0.058..0.062 rows=1 loops=2488)
                                             Index Cond: (movie_id = t.id)
                                             Filter: ((info_type_id = 3) AND ((info)::text = ANY ('{Action,Comedy,Crime,Drama}'::text[])))
                                             Rows Removed by Filter: 8
                                             Buffers: shared hit=20945 read=1235
                                 ->  Index Scan using movie_id_cast_info on cast_info ci  (cost=0.44..44.50 rows=38 width=12) (actual time=0.028..0.123 rows=13 loops=1326)
                                       Index Cond: (movie_id = t.id)
                                       Buffers: shared hit=16393 read=4275
                           ->  Hash  (cost=1.15..1.15 rows=1 width=4) (actual time=0.017..0.017 rows=1 loops=1)
                                 Buckets: 1024  Batches: 1  Memory Usage: 9kB
                                 Buffers: shared hit=1
                                 ->  Seq Scan on role_type rt  (cost=0.00..1.15 rows=1 width=4) (actual time=0.010..0.011 rows=1 loops=1)
                                       Filter: ((role)::text = 'producer'::text)
                                       Rows Removed by Filter: 11
                                       Buffers: shared hit=1
                     ->  Index Scan using name_pkey on name n  (cost=0.43..2.32 rows=1 width=4) (actual time=0.033..0.033 rows=1 loops=493)
                           Index Cond: (id = ci.person_id)
                           Filter: ((gender)::text = 'm'::text)
                           Rows Removed by Filter: 0
                           Buffers: shared hit=1871 read=101
 Planning:
   Buffers: shared hit=529 read=45
 Planning Time: 14.925 ms
 Execution Time: 1068.247 ms
(76 rows)

