                                                                                            QUERY PLAN                                                                                            
--------------------------------------------------------------------------------------------------------------------------------------------------------------------------------------------------
 Aggregate  (cost=815772.41..815772.42 rows=1 width=8) (actual time=5677.536..5677.545 rows=1 loops=1)
   Buffers: shared hit=365343 read=99251, temp read=1743 written=1743
   ->  Nested Loop  (cost=93533.81..815772.06 rows=141 width=0) (actual time=473.288..5677.466 rows=67 loops=1)
         Buffers: shared hit=365343 read=99251, temp read=1743 written=1743
         ->  Seq Scan on info_type it2  (cost=0.00..2.41 rows=1 width=4) (actual time=0.046..0.055 rows=1 loops=1)
               Filter: (id = 4)
               Rows Removed by Filter: 112
               Buffers: shared hit=1
         ->  Nested Loop  (cost=93533.81..815768.24 rows=141 width=4) (actual time=473.240..5677.373 rows=67 loops=1)
               Buffers: shared hit=365342 read=99251, temp read=1743 written=1743
               ->  Seq Scan on info_type it1  (cost=0.00..2.41 rows=1 width=4) (actual time=0.010..0.021 rows=1 loops=1)
                     Filter: (id = 3)
                     Rows Removed by Filter: 112
                     Buffers: shared hit=1
               ->  Nested Loop  (cost=93533.81..815764.41 rows=141 width=8) (actual time=473.226..5677.308 rows=67 loops=1)
                     Buffers: shared hit=365341 read=99251, temp read=1743 written=1743
                     ->  Hash Join  (cost=93533.38..814351.83 rows=609 width=12) (actual time=439.325..5443.330 rows=5500 loops=1)
                           Hash Cond: (ci.role_id = rt.id)
                           Buffers: shared hit=345207 read=97385, temp read=1743 written=1743
                           ->  Nested Loop  (cost=93532.20..814337.66 rows=3655 width=16) (actual time=439.154..5423.284 rows=127159 loops=1)
                                 Buffers: shared hit=345206 read=97385, temp read=1743 written=1743
                                 ->  Nested Loop  (cost=93531.76..803022.30 rows=255 width=20) (actual time=439.120..3593.040 rows=11098 loops=1)
                                       Buffers: shared hit=229956 read=55601, temp read=1743 written=1743
                                       ->  Hash Join  (cost=93531.33..497676.82 rows=7118 width=12) (actual time=439.028..1088.214 rows=24918 loops=1)
                                             Hash Cond: (mi2.movie_id = t.id)
                                             Buffers: shared hit=27372 read=18432, temp read=1743 written=1743
                                             ->  Bitmap Heap Scan on movie_info mi2  (cost=13074.60..415344.48 rows=76916 width=8) (actual time=35.884..378.758 rows=990637 loops=1)
                                                   Recheck Cond: (info_type_id = 4)
                                                   Filter: ((info)::text = ANY ('{English,German,Japanese,Mandarin,Serbo-Croatian,Spanish}'::text[]))
                                                   Rows Removed by Filter: 308352
                                                   Heap Blocks: exact=8393
                                                   Buffers: shared hit=9412
                                                   ->  Bitmap Index Scan on info_type_id_movie_info  (cost=0.00..13055.37 rows=1221191 width=0) (actual time=34.855..34.855 rows=1298989 loops=1)
                                                         Index Cond: (info_type_id = 4)
                                                         Buffers: shared hit=1019
                                             ->  Hash  (cost=76617.93..76617.93 rows=233984 width=4) (actual time=400.259..400.263 rows=33701 loops=1)
                                                   Buckets: 262144  Batches: 2  Memory Usage: 2644kB
                                                   Buffers: shared hit=17960 read=18432, temp written=49
                                                   ->  Hash Join  (cost=1.13..76617.93 rows=233984 width=4) (actual time=0.054..393.619 rows=33701 loops=1)
                                                         Hash Cond: (t.kind_id = kt.id)
                                                         Buffers: shared hit=17960 read=18432
                                                         ->  Seq Scan on title t  (cost=0.00..74315.95 rows=545963 width=8) (actual time=0.021..361.898 rows=538239 loops=1)
                                                               Filter: ((production_year <= 1990) AND (1950 < production_year))
                                                               Rows Removed by Filter: 1990073
                                                               Buffers: shared hit=17959 read=18432
                                                         ->  Hash  (cost=1.10..1.10 rows=3 width=4) (actual time=0.015..0.016 rows=3 loops=1)
                                                               Buckets: 1024  Batches: 1  Memory Usage: 9kB
                                                               Buffers: shared hit=1
                                                               ->  Seq Scan on kind_type kt  (cost=0.00..1.10 rows=3 width=4) (actual time=0.008..0.010 rows=3 loops=1)
                                                                     Filter: ((kind)::text = ANY ('{"tv series","video game","video movie"}'::text[]))
                                                                     Rows Removed by Filter: 4
                                                                     Buffers: shared hit=1
                                       ->  Index Scan using movie_id_movie_info on movie_info mi1  (cost=0.43..42.89 rows=1 width=8) (actual time=0.098..0.100 rows=0 loops=24918)
                                             Index Cond: (movie_id = t.id)
                                             Filter: ((info_type_id = 3) AND ((info)::text = ANY ('{Action,Documentary,Drama,Romance,Sci-Fi,Short}'::text[])))
                                             Rows Removed by Filter: 9
                                             Buffers: shared hit=202584 read=37169
                                 ->  Index Scan using movie_id_cast_info on cast_info ci  (cost=0.44..43.99 rows=38 width=12) (actual time=0.039..0.162 rows=11 loops=11098)
                                       Index Cond: (movie_id = t.id)
                                       Buffers: shared hit=115250 read=41784
                           ->  Hash  (cost=1.15..1.15 rows=2 width=4) (actual time=0.020..0.021 rows=2 loops=1)
                                 Buckets: 1024  Batches: 1  Memory Usage: 9kB
                                 Buffers: shared hit=1
                                 ->  Seq Scan on role_type rt  (cost=0.00..1.15 rows=2 width=4) (actual time=0.012..0.014 rows=2 loops=1)
                                       Filter: ((role)::text = ANY ('{cinematographer,composer}'::text[]))
                                       Rows Removed by Filter: 10
                                       Buffers: shared hit=1
                     ->  Index Scan using name_pkey on name n  (cost=0.43..2.32 rows=1 width=4) (actual time=0.042..0.042 rows=0 loops=5500)
                           Index Cond: (id = ci.person_id)
                           Filter: ((gender)::text = 'f'::text)
                           Rows Removed by Filter: 1
                           Buffers: shared hit=20134 read=1866
 Planning:
   Buffers: shared hit=574
 Planning Time: 13.746 ms
 Execution Time: 5678.135 ms
(76 rows)

