                                                                                               QUERY PLAN                                                                                               
--------------------------------------------------------------------------------------------------------------------------------------------------------------------------------------------------------
 Aggregate  (cost=372219.75..372219.76 rows=1 width=8) (actual time=1625.559..1625.565 rows=1 loops=1)
   Buffers: shared hit=84219 read=24714
   ->  Nested Loop  (cost=13059.42..372219.75 rows=1 width=0) (actual time=42.839..1625.089 rows=2766 loops=1)
         Buffers: shared hit=84219 read=24714
         ->  Hash Join  (cost=13058.99..372217.43 rows=1 width=4) (actual time=42.723..1500.425 rows=2766 loops=1)
               Hash Cond: (ci.role_id = rt.id)
               Buffers: shared hit=75512 read=22357
               ->  Nested Loop  (cost=13057.83..372216.22 rows=14 width=8) (actual time=42.460..1497.598 rows=12332 loops=1)
                     Buffers: shared hit=75511 read=22357
                     ->  Nested Loop  (cost=13057.39..372172.48 rows=1 width=12) (actual time=42.350..1313.782 rows=478 loops=1)
                           Buffers: shared hit=67664 read=16850
                           ->  Nested Loop  (cost=13057.39..372170.06 rows=1 width=16) (actual time=42.327..1302.169 rows=478 loops=1)
                                 Buffers: shared hit=67186 read=16850
                                 ->  Nested Loop  (cost=13057.39..372167.64 rows=1 width=20) (actual time=42.286..1291.398 rows=478 loops=1)
                                       Buffers: shared hit=66708 read=16850
                                       ->  Hash Join  (cost=13056.95..371025.22 rows=27 width=12) (actual time=41.750..1180.310 rows=1104 loops=1)
                                             Hash Cond: (t.kind_id = kt.id)
                                             Buffers: shared hit=58309 read=14488
                                             ->  Nested Loop  (cost=13055.82..371023.81 rows=64 width=16) (actual time=41.718..1178.023 rows=8570 loops=1)
                                                   Buffers: shared hit=58308 read=14488
                                                   ->  Bitmap Heap Scan on movie_info mi2  (cost=13055.39..370237.73 rows=93 width=8) (actual time=41.252..485.288 rows=15846 loops=1)
                                                         Recheck Cond: (info_type_id = 4)
                                                         Filter: ((info)::text = ANY ('{Arabic,Cantonese,Polish}'::text[]))
                                                         Rows Removed by Filter: 1283143
                                                         Heap Blocks: exact=8393
                                                         Buffers: shared hit=7474 read=1938
                                                         ->  Bitmap Index Scan on info_type_id_movie_info  (cost=0.00..13055.37 rows=1221191 width=0) (actual time=37.997..37.997 rows=1298989 loops=1)
                                                               Index Cond: (info_type_id = 4)
                                                               Buffers: shared hit=1019
                                                   ->  Index Scan using title_pkey on title t  (cost=0.43..8.45 rows=1 width=8) (actual time=0.043..0.043 rows=1 loops=15846)
                                                         Index Cond: (id = mi2.movie_id)
                                                         Filter: ((production_year <= 2015) AND (1990 < production_year))
                                                         Rows Removed by Filter: 0
                                                         Buffers: shared hit=50834 read=12550
                                             ->  Hash  (cost=1.10..1.10 rows=3 width=4) (actual time=0.012..0.013 rows=3 loops=1)
                                                   Buckets: 1024  Batches: 1  Memory Usage: 9kB
                                                   Buffers: shared hit=1
                                                   ->  Seq Scan on kind_type kt  (cost=0.00..1.10 rows=3 width=4) (actual time=0.008..0.009 rows=3 loops=1)
                                                         Filter: ((kind)::text = ANY ('{"tv movie","tv series","video game"}'::text[]))
                                                         Rows Removed by Filter: 4
                                                         Buffers: shared hit=1
                                       ->  Index Scan using movie_id_movie_info on movie_info mi1  (cost=0.43..42.30 rows=1 width=8) (actual time=0.099..0.100 rows=0 loops=1104)
                                             Index Cond: (movie_id = t.id)
                                             Filter: ((info_type_id = 3) AND ((info)::text = ANY ('{Action,Drama,Short}'::text[])))
                                             Rows Removed by Filter: 10
                                             Buffers: shared hit=8399 read=2362
                                 ->  Seq Scan on info_type it1  (cost=0.00..2.41 rows=1 width=4) (actual time=0.011..0.021 rows=1 loops=478)
                                       Filter: (id = 3)
                                       Rows Removed by Filter: 112
                                       Buffers: shared hit=478
                           ->  Seq Scan on info_type it2  (cost=0.00..2.41 rows=1 width=4) (actual time=0.013..0.023 rows=1 loops=478)
                                 Filter: (id = 4)
                                 Rows Removed by Filter: 112
                                 Buffers: shared hit=478
                     ->  Index Scan using movie_id_cast_info on cast_info ci  (cost=0.44..43.36 rows=38 width=12) (actual time=0.072..0.377 rows=26 loops=478)
                           Index Cond: (movie_id = t.id)
                           Buffers: shared hit=7847 read=5507
               ->  Hash  (cost=1.15..1.15 rows=1 width=4) (actual time=0.027..0.027 rows=1 loops=1)
                     Buckets: 1024  Batches: 1  Memory Usage: 9kB
                     Buffers: shared hit=1
                     ->  Seq Scan on role_type rt  (cost=0.00..1.15 rows=1 width=4) (actual time=0.021..0.023 rows=1 loops=1)
                           Filter: ((role)::text = 'actress'::text)
                           Rows Removed by Filter: 11
                           Buffers: shared hit=1
         ->  Index Scan using name_pkey on name n  (cost=0.43..2.32 rows=1 width=4) (actual time=0.044..0.044 rows=1 loops=2766)
               Index Cond: (id = ci.person_id)
               Filter: ((gender)::text = 'f'::text)
               Buffers: shared hit=8707 read=2357
 Planning:
   Buffers: shared hit=574
 Planning Time: 10.978 ms
 Execution Time: 1626.030 ms
(72 rows)

