                                                                                            QUERY PLAN                                                                                            
--------------------------------------------------------------------------------------------------------------------------------------------------------------------------------------------------
 Aggregate  (cost=658575.99..658576.00 rows=1 width=8) (actual time=3256.429..3256.438 rows=1 loops=1)
   Buffers: shared hit=144911 read=38594
   ->  Nested Loop  (cost=90778.23..658575.80 rows=77 width=0) (actual time=997.444..3256.119 rows=950 loops=1)
         Buffers: shared hit=144911 read=38594
         ->  Seq Scan on info_type it2  (cost=0.00..2.41 rows=1 width=4) (actual time=0.027..0.035 rows=1 loops=1)
               Filter: (id = 4)
               Rows Removed by Filter: 112
               Buffers: shared hit=1
         ->  Nested Loop  (cost=90778.23..658572.61 rows=77 width=4) (actual time=997.416..3255.865 rows=950 loops=1)
               Buffers: shared hit=144910 read=38594
               ->  Seq Scan on info_type it1  (cost=0.00..2.41 rows=1 width=4) (actual time=0.005..0.015 rows=1 loops=1)
                     Filter: (id = 3)
                     Rows Removed by Filter: 112
                     Buffers: shared hit=1
               ->  Nested Loop  (cost=90778.23..658569.43 rows=77 width=8) (actual time=997.409..3255.610 rows=950 loops=1)
                     Buffers: shared hit=144909 read=38594
                     ->  Hash Join  (cost=90777.80..658142.64 rows=184 width=12) (actual time=997.372..3150.297 rows=1970 loops=1)
                           Hash Cond: (ci.role_id = rt.id)
                           Buffers: shared hit=138387 read=37236
                           ->  Nested Loop  (cost=90776.64..658133.64 rows=2207 width=16) (actual time=997.287..3143.642 rows=37367 loops=1)
                                 Buffers: shared hit=138386 read=37236
                                 ->  Nested Loop  (cost=90776.20..651222.21 rows=154 width=20) (actual time=997.152..2529.008 rows=3620 loops=1)
                                       Buffers: shared hit=98324 read=29904
                                       ->  Hash Join  (cost=90775.77..463302.58 rows=4346 width=12) (actual time=997.086..1601.413 rows=8077 loops=1)
                                             Hash Cond: (mi2.movie_id = t.id)
                                             Buffers: shared hit=18819 read=26985
                                             ->  Bitmap Heap Scan on movie_info mi2  (cost=13073.49..385285.01 rows=72488 width=8) (actual time=64.164..509.544 rows=917536 loops=1)
                                                   Recheck Cond: (info_type_id = 4)
                                                   Filter: ((info)::text = ANY ('{English,Japanese,Serbo-Croatian,Spanish}'::text[]))
                                                   Rows Removed by Filter: 381453
                                                   Heap Blocks: exact=8393
                                                   Buffers: shared hit=9412
                                                   ->  Bitmap Index Scan on info_type_id_movie_info  (cost=0.00..13055.37 rows=1221191 width=0) (actual time=61.873..61.873 rows=1298989 loops=1)
                                                         Index Cond: (info_type_id = 4)
                                                         Buffers: shared hit=1019
                                             ->  Hash  (cost=75807.58..75807.58 rows=151576 width=4) (actual time=929.184..929.187 rows=11843 loops=1)
                                                   Buckets: 262144  Batches: 1  Memory Usage: 2465kB
                                                   Buffers: shared hit=9407 read=26985
                                                   ->  Hash Join  (cost=1.13..75807.58 rows=151576 width=4) (actual time=0.719..923.532 rows=11843 loops=1)
                                                         Hash Cond: (t.kind_id = kt.id)
                                                         Buffers: shared hit=9407 read=26985
                                                         ->  Seq Scan on title t  (cost=0.00..74315.95 rows=353677 width=8) (actual time=0.169..876.056 rows=347589 loops=1)
                                                               Filter: ((production_year <= 1975) AND (1925 < production_year))
                                                               Rows Removed by Filter: 2180723
                                                               Buffers: shared hit=9406 read=26985
                                                         ->  Hash  (cost=1.10..1.10 rows=3 width=4) (actual time=0.062..0.063 rows=3 loops=1)
                                                               Buckets: 1024  Batches: 1  Memory Usage: 9kB
                                                               Buffers: shared hit=1
                                                               ->  Seq Scan on kind_type kt  (cost=0.00..1.10 rows=3 width=4) (actual time=0.046..0.049 rows=3 loops=1)
                                                                     Filter: ((kind)::text = ANY ('{"tv series","video game","video movie"}'::text[]))
                                                                     Rows Removed by Filter: 4
                                                                     Buffers: shared hit=1
                                       ->  Index Scan using movie_id_movie_info on movie_info mi1  (cost=0.43..43.23 rows=1 width=8) (actual time=0.110..0.114 rows=0 loops=8077)
                                             Index Cond: (movie_id = t.id)
                                             Filter: ((info_type_id = 3) AND ((info)::text = ANY ('{Documentary,Drama,Horror,Music,Romance,Short}'::text[])))
                                             Rows Removed by Filter: 11
                                             Buffers: shared hit=79505 read=2919
                                 ->  Index Scan using movie_id_cast_info on cast_info ci  (cost=0.44..44.50 rows=38 width=12) (actual time=0.048..0.167 rows=10 loops=3620)
                                       Index Cond: (movie_id = t.id)
                                       Buffers: shared hit=40062 read=7332
                           ->  Hash  (cost=1.15..1.15 rows=1 width=4) (actual time=0.010..0.011 rows=1 loops=1)
                                 Buckets: 1024  Batches: 1  Memory Usage: 9kB
                                 Buffers: shared hit=1
                                 ->  Seq Scan on role_type rt  (cost=0.00..1.15 rows=1 width=4) (actual time=0.006..0.007 rows=1 loops=1)
                                       Filter: ((role)::text = 'producer'::text)
                                       Rows Removed by Filter: 11
                                       Buffers: shared hit=1
                     ->  Index Scan using name_pkey on name n  (cost=0.43..2.32 rows=1 width=4) (actual time=0.053..0.053 rows=0 loops=1970)
                           Index Cond: (id = ci.person_id)
                           Filter: ((gender)::text = 'm'::text)
                           Rows Removed by Filter: 1
                           Buffers: shared hit=6522 read=1358
 Planning:
   Buffers: shared hit=574
 Planning Time: 12.435 ms
 Execution Time: 3257.038 ms
(76 rows)

