                                                                                            QUERY PLAN                                                                                            
--------------------------------------------------------------------------------------------------------------------------------------------------------------------------------------------------
 Aggregate  (cost=816731.65..816731.66 rows=1 width=8) (actual time=75174.929..75174.939 rows=1 loops=1)
   Buffers: shared hit=6505025 read=1143045, temp read=3870 written=3870
   ->  Nested Loop  (cost=93533.78..816730.93 rows=291 width=0) (actual time=746.525..75053.751 rows=786656 loops=1)
         Buffers: shared hit=6505025 read=1143045, temp read=3870 written=3870
         ->  Hash Join  (cost=93533.35..815123.50 rows=693 width=4) (actual time=746.476..44652.696 rows=855782 loops=1)
               Hash Cond: (ci.role_id = rt.id)
               Buffers: shared hit=3207983 read=1016959, temp read=3870 written=3870
               ->  Nested Loop  (cost=93532.17..815107.56 rows=4157 width=8) (actual time=746.414..44146.139 rows=1723024 loops=1)
                     Buffers: shared hit=3207982 read=1016959, temp read=3870 written=3870
                     ->  Nested Loop  (cost=93531.73..802239.11 rows=290 width=12) (actual time=746.365..23657.491 rows=89084 loops=1)
                           Buffers: shared hit=1851338 read=420192, temp read=3870 written=3870
                           ->  Seq Scan on info_type it2  (cost=0.00..2.41 rows=1 width=4) (actual time=0.029..0.042 rows=1 loops=1)
                                 Filter: (id = 4)
                                 Rows Removed by Filter: 112
                                 Buffers: shared hit=1
                           ->  Nested Loop  (cost=93531.73..802233.80 rows=290 width=16) (actual time=746.334..23635.014 rows=89084 loops=1)
                                 Buffers: shared hit=1851337 read=420192, temp read=3870 written=3870
                                 ->  Seq Scan on info_type it1  (cost=0.00..2.41 rows=1 width=4) (actual time=0.008..0.023 rows=1 loops=1)
                                       Filter: (id = 3)
                                       Rows Removed by Filter: 112
                                       Buffers: shared hit=1
                                 ->  Nested Loop  (cost=93531.73..802228.48 rows=290 width=20) (actual time=746.322..23610.027 rows=89084 loops=1)
                                       Buffers: shared hit=1851336 read=420192, temp read=3870 written=3870
                                       ->  Hash Join  (cost=93531.30..497676.27 rows=7108 width=12) (actual time=708.371..2083.108 rows=213439 loops=1)
                                             Hash Cond: (mi2.movie_id = t.id)
                                             Buffers: shared hit=22786 read=23018, temp read=3870 written=3870
                                             ->  Bitmap Heap Scan on movie_info mi2  (cost=13074.57..415344.45 rows=76803 width=8) (actual time=36.417..628.241 rows=976591 loops=1)
                                                   Recheck Cond: (info_type_id = 4)
                                                   Filter: ((info)::text = ANY ('{English,German,Greek,Italian,Serbo-Croatian,Spanish}'::text[]))
                                                   Rows Removed by Filter: 322398
                                                   Heap Blocks: exact=8393
                                                   Buffers: shared hit=601 read=8811
                                                   ->  Bitmap Index Scan on info_type_id_movie_info  (cost=0.00..13055.37 rows=1221191 width=0) (actual time=35.365..35.366 rows=1298989 loops=1)
                                                         Index Cond: (info_type_id = 4)
                                                         Buffers: shared read=1019
                                             ->  Hash  (cost=76617.93..76617.93 rows=233984 width=4) (actual time=670.816..670.820 rows=504538 loops=1)
                                                   Buckets: 262144 (originally 262144)  Batches: 4 (originally 2)  Memory Usage: 6483kB
                                                   Buffers: shared hit=22185 read=14207, temp written=1107
                                                   ->  Hash Join  (cost=1.13..76617.93 rows=233984 width=4) (actual time=0.049..571.823 rows=504538 loops=1)
                                                         Hash Cond: (t.kind_id = kt.id)
                                                         Buffers: shared hit=22185 read=14207
                                                         ->  Seq Scan on title t  (cost=0.00..74315.95 rows=545963 width=8) (actual time=0.028..494.942 rows=538239 loops=1)
                                                               Filter: ((production_year <= 1990) AND (1950 < production_year))
                                                               Rows Removed by Filter: 1990073
                                                               Buffers: shared hit=22184 read=14207
                                                         ->  Hash  (cost=1.10..1.10 rows=3 width=4) (actual time=0.017..0.018 rows=3 loops=1)
                                                               Buckets: 1024  Batches: 1  Memory Usage: 9kB
                                                               Buffers: shared hit=1
                                                               ->  Seq Scan on kind_type kt  (cost=0.00..1.10 rows=3 width=4) (actual time=0.007..0.009 rows=3 loops=1)
                                                                     Filter: ((kind)::text = ANY ('{episode,movie,"tv movie"}'::text[]))
                                                                     Rows Removed by Filter: 4
                                                                     Buffers: shared hit=1
                                       ->  Index Scan using movie_id_movie_info on movie_info mi1  (cost=0.43..42.84 rows=1 width=8) (actual time=0.100..0.100 rows=0 loops=213439)
                                             Index Cond: (movie_id = t.id)
                                             Filter: ((info_type_id = 3) AND ((info)::text = ANY ('{Animation,Comedy,Documentary,Drama,Short}'::text[])))
                                             Rows Removed by Filter: 12
                                             Buffers: shared hit=1828550 read=397174
                     ->  Index Scan using movie_id_cast_info on cast_info ci  (cost=0.44..43.99 rows=38 width=12) (actual time=0.037..0.224 rows=19 loops=89084)
                           Index Cond: (movie_id = t.id)
                           Buffers: shared hit=1356644 read=596767
               ->  Hash  (cost=1.15..1.15 rows=2 width=4) (actual time=0.036..0.037 rows=2 loops=1)
                     Buckets: 1024  Batches: 1  Memory Usage: 9kB
                     Buffers: shared hit=1
                     ->  Seq Scan on role_type rt  (cost=0.00..1.15 rows=2 width=4) (actual time=0.026..0.029 rows=2 loops=1)
                           Filter: ((role)::text = ANY ('{actor,writer}'::text[]))
                           Rows Removed by Filter: 10
                           Buffers: shared hit=1
         ->  Index Scan using name_pkey on name n  (cost=0.43..2.32 rows=1 width=4) (actual time=0.035..0.035 rows=1 loops=855782)
               Index Cond: (id = ci.person_id)
               Filter: ((gender)::text = 'm'::text)
               Rows Removed by Filter: 0
               Buffers: shared hit=3297042 read=126086
 Planning:
   Buffers: shared hit=529 read=45
 Planning Time: 14.028 ms
 Execution Time: 75175.612 ms
(76 rows)

