                                                                                               QUERY PLAN                                                                                               
--------------------------------------------------------------------------------------------------------------------------------------------------------------------------------------------------------
 Aggregate  (cost=727522.57..727522.58 rows=1 width=8) (actual time=21394.209..21394.216 rows=1 loops=1)
   Buffers: shared hit=1489506 read=176613
   ->  Nested Loop  (cost=13062.77..727522.45 rows=45 width=0) (actual time=1136.537..21392.907 rows=2095 loops=1)
         Buffers: shared hit=1489506 read=176613
         ->  Seq Scan on info_type it2  (cost=0.00..2.41 rows=1 width=4) (actual time=0.034..0.041 rows=1 loops=1)
               Filter: (id = 4)
               Rows Removed by Filter: 112
               Buffers: shared hit=1
         ->  Nested Loop  (cost=13062.77..727519.59 rows=45 width=4) (actual time=1136.501..21392.001 rows=2095 loops=1)
               Buffers: shared hit=1489505 read=176613
               ->  Seq Scan on info_type it1  (cost=0.00..2.41 rows=1 width=4) (actual time=0.008..0.017 rows=1 loops=1)
                     Filter: (id = 3)
                     Rows Removed by Filter: 112
                     Buffers: shared hit=1
               ->  Nested Loop  (cost=13062.77..727516.73 rows=45 width=8) (actual time=1136.491..21391.194 rows=2095 loops=1)
                     Buffers: shared hit=1489504 read=176613
                     ->  Hash Join  (cost=13062.34..727066.74 rows=194 width=12) (actual time=1115.095..19559.677 rows=36682 loops=1)
                           Hash Cond: (ci.role_id = rt.id)
                           Buffers: shared hit=1351623 read=167766
                           ->  Nested Loop  (cost=13061.17..727061.44 rows=1161 width=16) (actual time=1114.956..19497.030 rows=272239 loops=1)
                                 Buffers: shared hit=1351622 read=167766
                                 ->  Nested Loop  (cost=13060.73..723525.01 rows=81 width=20) (actual time=1114.888..15187.117 rows=16067 loops=1)
                                       Buffers: shared hit=1118373 read=88395
                                       ->  Hash Join  (cost=13060.29..570861.38 rows=3595 width=12) (actual time=1114.749..11298.753 rows=34043 loops=1)
                                             Hash Cond: (t.kind_id = kt.id)
                                             Buffers: shared hit=850276 read=46381
                                             ->  Nested Loop  (cost=13059.18..570807.25 rows=12582 width=16) (actual time=48.066..11247.015 rows=209130 loops=1)
                                                   Buffers: shared hit=850275 read=46381
                                                   ->  Bitmap Heap Scan on movie_info mi2  (cost=13058.74..490474.52 rows=13498 width=8) (actual time=48.015..964.676 rows=229153 loops=1)
                                                         Recheck Cond: (info_type_id = 4)
                                                         Filter: ((info)::text = ANY ('{Cantonese,Danish,Dutch,French,German,Hindi,Italian,Korean,Polish,Russian,Swedish}'::text[]))
                                                         Rows Removed by Filter: 1069836
                                                         Heap Blocks: exact=8393
                                                         Buffers: shared hit=943 read=8469
                                                         ->  Bitmap Index Scan on info_type_id_movie_info  (cost=0.00..13055.37 rows=1221191 width=0) (actual time=43.947..43.947 rows=1298989 loops=1)
                                                               Index Cond: (info_type_id = 4)
                                                               Buffers: shared read=1019
                                                   ->  Memoize  (cost=0.44..6.05 rows=1 width=8) (actual time=0.044..0.044 rows=1 loops=229153)
                                                         Cache Key: mi2.movie_id
                                                         Cache Mode: logical
                                                         Hits: 7342  Misses: 221811  Evictions: 142231  Overflows: 0  Memory Usage: 8193kB
                                                         Buffers: shared hit=849332 read=37912
                                                         ->  Index Scan using title_pkey on title t  (cost=0.43..6.04 rows=1 width=8) (actual time=0.044..0.044 rows=1 loops=221811)
                                                               Index Cond: (id = mi2.movie_id)
                                                               Filter: ((production_year <= 2015) AND (1925 < production_year))
                                                               Rows Removed by Filter: 0
                                                               Buffers: shared hit=849332 read=37912
                                             ->  Hash  (cost=1.09..1.09 rows=2 width=4) (actual time=0.013..0.013 rows=2 loops=1)
                                                   Buckets: 1024  Batches: 1  Memory Usage: 9kB
                                                   Buffers: shared hit=1
                                                   ->  Seq Scan on kind_type kt  (cost=0.00..1.09 rows=2 width=4) (actual time=0.007..0.008 rows=2 loops=1)
                                                         Filter: ((kind)::text = ANY ('{"tv movie","video game"}'::text[]))
                                                         Rows Removed by Filter: 5
                                                         Buffers: shared hit=1
                                       ->  Index Scan using movie_id_movie_info on movie_info mi1  (cost=0.43..42.46 rows=1 width=8) (actual time=0.113..0.114 rows=0 loops=34043)
                                             Index Cond: (movie_id = t.id)
                                             Filter: ((info_type_id = 3) AND ((info)::text = ANY ('{Action,Adventure,Comedy,Documentary,Family,History,Thriller}'::text[])))
                                             Rows Removed by Filter: 7
                                             Buffers: shared hit=268097 read=42014
                                 ->  Index Scan using movie_id_cast_info on cast_info ci  (cost=0.44..43.28 rows=38 width=12) (actual time=0.053..0.262 rows=17 loops=16067)
                                       Index Cond: (movie_id = t.id)
                                       Buffers: shared hit=233249 read=79371
                           ->  Hash  (cost=1.15..1.15 rows=2 width=4) (actual time=0.015..0.016 rows=2 loops=1)
                                 Buckets: 1024  Batches: 1  Memory Usage: 9kB
                                 Buffers: shared hit=1
                                 ->  Seq Scan on role_type rt  (cost=0.00..1.15 rows=2 width=4) (actual time=0.008..0.010 rows=2 loops=1)
                                       Filter: ((role)::text = ANY ('{director,writer}'::text[]))
                                       Rows Removed by Filter: 10
                                       Buffers: shared hit=1
                     ->  Index Scan using name_pkey on name n  (cost=0.43..2.32 rows=1 width=4) (actual time=0.049..0.049 rows=0 loops=36682)
                           Index Cond: (id = ci.person_id)
                           Filter: ((gender)::text = 'f'::text)
                           Rows Removed by Filter: 1
                           Buffers: shared hit=137881 read=8847
 Planning:
   Buffers: shared hit=485 read=89
 Planning Time: 8.338 ms
 Execution Time: 21395.909 ms
(78 rows)

