                                                                                            QUERY PLAN                                                                                            
--------------------------------------------------------------------------------------------------------------------------------------------------------------------------------------------------
 Aggregate  (cost=643640.03..643640.04 rows=1 width=8) (actual time=1710.509..1710.517 rows=1 loops=1)
   Buffers: shared hit=105916 read=48186
   ->  Nested Loop  (cost=90778.42..643639.95 rows=32 width=0) (actual time=431.637..1710.477 rows=28 loops=1)
         Buffers: shared hit=105916 read=48186
         ->  Seq Scan on info_type it2  (cost=0.00..2.41 rows=1 width=4) (actual time=0.048..0.055 rows=1 loops=1)
               Filter: (id = 4)
               Rows Removed by Filter: 112
               Buffers: shared hit=1
         ->  Nested Loop  (cost=90778.42..643637.22 rows=32 width=4) (actual time=431.588..1710.405 rows=28 loops=1)
               Buffers: shared hit=105915 read=48186
               ->  Seq Scan on info_type it1  (cost=0.00..2.41 rows=1 width=4) (actual time=0.009..0.019 rows=1 loops=1)
                     Filter: (id = 3)
                     Rows Removed by Filter: 112
                     Buffers: shared hit=1
               ->  Nested Loop  (cost=90778.42..643634.48 rows=32 width=8) (actual time=431.575..1710.367 rows=28 loops=1)
                     Buffers: shared hit=105914 read=48186
                     ->  Hash Join  (cost=90777.99..643312.07 rows=139 width=12) (actual time=427.386..1674.755 rows=1011 loops=1)
                           Hash Cond: (ci.role_id = rt.id)
                           Buffers: shared hit=102602 read=47454
                           ->  Nested Loop  (cost=90776.83..643305.00 rows=1663 width=16) (actual time=426.747..1672.414 rows=16903 loops=1)
                                 Buffers: shared hit=102601 read=47454
                                 ->  Nested Loop  (cost=90776.39..638098.98 rows=116 width=20) (actual time=426.714..1453.761 rows=1889 loops=1)
                                       Buffers: shared hit=90034 read=37814
                                       ->  Hash Join  (cost=90775.95..448276.81 rows=4390 width=12) (actual time=426.648..823.212 rows=8020 loops=1)
                                             Hash Cond: (mi2.movie_id = t.id)
                                             Buffers: shared hit=27574 read=18230
                                             ->  Bitmap Heap Scan on movie_info mi2  (cost=13073.68..370256.02 rows=73231 width=8) (actual time=35.463..297.438 rows=923502 loops=1)
                                                   Recheck Cond: (info_type_id = 4)
                                                   Filter: ((info)::text = ANY ('{English,French,Spanish}'::text[]))
                                                   Rows Removed by Filter: 375487
                                                   Heap Blocks: exact=8393
                                                   Buffers: shared hit=2801 read=6611
                                                   ->  Bitmap Index Scan on info_type_id_movie_info  (cost=0.00..13055.37 rows=1221191 width=0) (actual time=34.423..34.423 rows=1298989 loops=1)
                                                         Index Cond: (info_type_id = 4)
                                                         Buffers: shared read=1019
                                             ->  Hash  (cost=75807.58..75807.58 rows=151576 width=4) (actual time=388.339..388.341 rows=11843 loops=1)
                                                   Buckets: 262144  Batches: 1  Memory Usage: 2465kB
                                                   Buffers: shared hit=24773 read=11619
                                                   ->  Hash Join  (cost=1.13..75807.58 rows=151576 width=4) (actual time=0.175..385.280 rows=11843 loops=1)
                                                         Hash Cond: (t.kind_id = kt.id)
                                                         Buffers: shared hit=24773 read=11619
                                                         ->  Seq Scan on title t  (cost=0.00..74315.95 rows=353677 width=8) (actual time=0.031..364.955 rows=347589 loops=1)
                                                               Filter: ((production_year <= 1975) AND (1925 < production_year))
                                                               Rows Removed by Filter: 2180723
                                                               Buffers: shared hit=24772 read=11619
                                                         ->  Hash  (cost=1.10..1.10 rows=3 width=4) (actual time=0.018..0.019 rows=3 loops=1)
                                                               Buckets: 1024  Batches: 1  Memory Usage: 9kB
                                                               Buffers: shared hit=1
                                                               ->  Seq Scan on kind_type kt  (cost=0.00..1.10 rows=3 width=4) (actual time=0.008..0.010 rows=3 loops=1)
                                                                     Filter: ((kind)::text = ANY ('{"tv series","video game","video movie"}'::text[]))
                                                                     Rows Removed by Filter: 4
                                                                     Buffers: shared hit=1
                                       ->  Index Scan using movie_id_movie_info on movie_info mi1  (cost=0.43..43.23 rows=1 width=8) (actual time=0.078..0.078 rows=0 loops=8020)
                                             Index Cond: (movie_id = t.id)
                                             Filter: ((info_type_id = 3) AND ((info)::text = ANY ('{Documentary,Music,Musical,Mystery,Romance,Short}'::text[])))
                                             Rows Removed by Filter: 11
                                             Buffers: shared hit=62460 read=19584
                                 ->  Index Scan using movie_id_cast_info on cast_info ci  (cost=0.44..44.50 rows=38 width=12) (actual time=0.033..0.114 rows=9 loops=1889)
                                       Index Cond: (movie_id = t.id)
                                       Buffers: shared hit=12567 read=9640
                           ->  Hash  (cost=1.15..1.15 rows=1 width=4) (actual time=0.020..0.021 rows=1 loops=1)
                                 Buckets: 1024  Batches: 1  Memory Usage: 9kB
                                 Buffers: shared hit=1
                                 ->  Seq Scan on role_type rt  (cost=0.00..1.15 rows=1 width=4) (actual time=0.011..0.012 rows=1 loops=1)
                                       Filter: ((role)::text = 'director'::text)
                                       Rows Removed by Filter: 11
                                       Buffers: shared hit=1
                     ->  Index Scan using name_pkey on name n  (cost=0.43..2.32 rows=1 width=4) (actual time=0.035..0.035 rows=0 loops=1011)
                           Index Cond: (id = ci.person_id)
                           Filter: ((gender)::text = 'f'::text)
                           Rows Removed by Filter: 1
                           Buffers: shared hit=3312 read=732
 Planning:
   Buffers: shared hit=503 read=71
 Planning Time: 13.418 ms
 Execution Time: 1711.296 ms
(76 rows)

