                                                                                                  QUERY PLAN                                                                                                  
--------------------------------------------------------------------------------------------------------------------------------------------------------------------------------------------------------------
 Aggregate  (cost=996848.28..996848.29 rows=1 width=8) (actual time=123407.046..123407.055 rows=1 loops=1)
   Buffers: shared hit=11031648 read=1502999, temp read=8231 written=7196
   ->  Nested Loop  (cost=893902.71..996845.23 rows=1219 width=0) (actual time=1117.686..123355.619 rows=225680 loops=1)
         Buffers: shared hit=11031648 read=1502999, temp read=8231 written=7196
         ->  Hash Join  (cost=893902.28..992507.73 rows=1870 width=4) (actual time=1117.652..105557.257 rows=459556 loops=1)
               Hash Cond: (ci.role_id = rt.id)
               Buffers: shared hit=9408741 read=1287682, temp read=8231 written=7196
               ->  Nested Loop  (cost=893901.10..992466.69 rows=11223 width=8) (actual time=1117.473..104116.589 rows=7367460 loops=1)
                     Buffers: shared hit=9408740 read=1287682, temp read=8231 written=7196
                     ->  Nested Loop  (cost=893900.66..958221.76 rows=783 width=12) (actual time=1117.446..24106.637 rows=361687 loops=1)
                           Buffers: shared hit=2453173 read=35288, temp read=8231 written=7196
                           ->  Nested Loop  (cost=893900.66..958209.55 rows=783 width=16) (actual time=1117.437..23848.385 rows=361687 loops=1)
                                 Buffers: shared hit=2453172 read=35288, temp read=8231 written=7196
                                 ->  Nested Loop  (cost=893900.66..958197.35 rows=783 width=20) (actual time=1117.418..23597.902 rows=361687 loops=1)
                                       Buffers: shared hit=2453171 read=35288, temp read=8231 written=7196
                                       ->  Nested Loop  (cost=893900.52..958152.57 rows=1827 width=24) (actual time=1116.529..23224.893 rows=410366 loops=1)
                                             Buffers: shared hit=2453159 read=35288, temp read=8231 written=7196
                                             ->  Merge Join  (cost=893900.09..894917.95 rows=19500 width=16) (actual time=1116.470..2112.046 rows=617015 loops=1)
                                                   Merge Cond: (mi1.movie_id = mi2.movie_id)
                                                   Buffers: shared hit=12771 read=7616, temp read=8231 written=7196
                                                   ->  Sort  (cost=427479.81..427706.13 rows=90525 width=8) (actual time=565.488..763.923 rows=878802 loops=1)
                                                         Sort Key: mi1.movie_id
                                                         Sort Method: external merge  Disk: 15528kB
                                                         Buffers: shared hit=3359 read=7616, temp read=1941 written=1953
                                                         ->  Bitmap Heap Scan on movie_info mi1  (cost=16471.10..420026.88 rows=90525 width=8) (actual time=41.358..409.547 rows=878802 loops=1)
                                                               Recheck Cond: (info_type_id = 3)
                                                               Filter: ((info)::text = ANY ('{Adventure,Comedy,Drama,Mystery,Short,Thriller}'::text[]))
                                                               Rows Removed by Filter: 655107
                                                               Heap Blocks: exact=9772
                                                               Buffers: shared hit=3359 read=7616
                                                               ->  Bitmap Index Scan on info_type_id_movie_info  (cost=0.00..16448.47 rows=1538671 width=0) (actual time=40.142..40.142 rows=1533909 loops=1)
                                                                     Index Cond: (info_type_id = 3)
                                                                     Buffers: shared hit=1 read=1202
                                                   ->  Sort  (cost=466420.28..466605.40 rows=74047 width=8) (actual time=550.972..806.454 rows=1164578 loops=1)
                                                         Sort Key: mi2.movie_id
                                                         Sort Method: external sort  Disk: 20960kB
                                                         Buffers: shared hit=9412, temp read=5760 written=5243
                                                         ->  Bitmap Heap Scan on movie_info mi2  (cost=13073.88..460431.30 rows=74047 width=8) (actual time=29.247..314.233 rows=969809 loops=1)
                                                               Recheck Cond: (info_type_id = 4)
                                                               Filter: ((info)::text = ANY ('{Dutch,English,Finnish,German,Italian,Japanese,Korean,Russian,Swedish}'::text[]))
                                                               Rows Removed by Filter: 329180
                                                               Heap Blocks: exact=8393
                                                               Buffers: shared hit=9412
                                                               ->  Bitmap Index Scan on info_type_id_movie_info  (cost=0.00..13055.37 rows=1221191 width=0) (actual time=28.214..28.214 rows=1298989 loops=1)
                                                                     Index Cond: (info_type_id = 4)
                                                                     Buffers: shared hit=1019
                                             ->  Index Scan using title_pkey on title t  (cost=0.43..3.24 rows=1 width=8) (actual time=0.034..0.034 rows=1 loops=617015)
                                                   Index Cond: (id = mi1.movie_id)
                                                   Filter: ((production_year <= 2015) AND (1990 < production_year))
                                                   Rows Removed by Filter: 0
                                                   Buffers: shared hit=2440388 read=27672
                                       ->  Memoize  (cost=0.14..0.16 rows=1 width=4) (actual time=0.000..0.000 rows=1 loops=410366)
                                             Cache Key: t.kind_id
                                             Cache Mode: logical
                                             Hits: 410360  Misses: 6  Evictions: 0  Overflows: 0  Memory Usage: 1kB
                                             Buffers: shared hit=12
                                             ->  Index Scan using kind_type_pkey on kind_type kt  (cost=0.13..0.15 rows=1 width=4) (actual time=0.010..0.010 rows=0 loops=6)
                                                   Index Cond: (id = t.kind_id)
                                                   Filter: ((kind)::text = ANY ('{episode,movie,"video movie"}'::text[]))
                                                   Rows Removed by Filter: 0
                                                   Buffers: shared hit=12
                                 ->  Materialize  (cost=0.00..2.42 rows=1 width=4) (actual time=0.000..0.000 rows=1 loops=361687)
                                       Buffers: shared hit=1
                                       ->  Seq Scan on info_type it1  (cost=0.00..2.41 rows=1 width=4) (actual time=0.017..0.021 rows=1 loops=1)
                                             Filter: (id = 3)
                                             Rows Removed by Filter: 112
                                             Buffers: shared hit=1
                           ->  Materialize  (cost=0.00..2.42 rows=1 width=4) (actual time=0.000..0.000 rows=1 loops=361687)
                                 Buffers: shared hit=1
                                 ->  Seq Scan on info_type it2  (cost=0.00..2.41 rows=1 width=4) (actual time=0.005..0.009 rows=1 loops=1)
                                       Filter: (id = 4)
                                       Rows Removed by Filter: 112
                                       Buffers: shared hit=1
                     ->  Index Scan using movie_id_cast_info on cast_info ci  (cost=0.44..43.36 rows=38 width=12) (actual time=0.035..0.215 rows=20 loops=361687)
                           Index Cond: (movie_id = t.id)
                           Buffers: shared hit=6955567 read=1252394
               ->  Hash  (cost=1.15..1.15 rows=2 width=4) (actual time=0.042..0.043 rows=2 loops=1)
                     Buckets: 1024  Batches: 1  Memory Usage: 9kB
                     Buffers: shared hit=1
                     ->  Seq Scan on role_type rt  (cost=0.00..1.15 rows=2 width=4) (actual time=0.034..0.035 rows=2 loops=1)
                           Filter: ((role)::text = ANY ('{"costume designer",director}'::text[]))
                           Rows Removed by Filter: 10
                           Buffers: shared hit=1
         ->  Index Scan using name_pkey on name n  (cost=0.43..2.32 rows=1 width=4) (actual time=0.038..0.038 rows=0 loops=459556)
               Index Cond: (id = ci.person_id)
               Filter: ((gender)::text = ANY ('{f,m}'::text[]))
               Rows Removed by Filter: 1
               Buffers: shared hit=1622907 read=215317
 Planning:
   Buffers: shared hit=574
 Planning Time: 12.520 ms
 Execution Time: 123418.046 ms
(92 rows)

