                                                                                                  QUERY PLAN                                                                                                  
--------------------------------------------------------------------------------------------------------------------------------------------------------------------------------------------------------------
 Aggregate  (cost=1028898.27..1028898.28 rows=1 width=8) (actual time=164276.948..164276.957 rows=1 loops=1)
   Buffers: shared hit=14262519 read=2039545, temp read=11106 written=10204
   ->  Nested Loop  (cost=909286.22..1028897.50 rows=310 width=0) (actual time=1252.750..164250.129 rows=79289 loops=1)
         Buffers: shared hit=14262519 read=2039545, temp read=11106 written=10204
         ->  Seq Scan on info_type it2  (cost=0.00..2.41 rows=1 width=4) (actual time=0.032..0.042 rows=1 loops=1)
               Filter: (id = 4)
               Rows Removed by Filter: 112
               Buffers: shared read=1
         ->  Nested Loop  (cost=909286.22..1028891.99 rows=310 width=4) (actual time=1252.717..164227.353 rows=79289 loops=1)
               Buffers: shared hit=14262519 read=2039544, temp read=11106 written=10204
               ->  Seq Scan on info_type it1  (cost=0.00..2.41 rows=1 width=4) (actual time=0.006..0.019 rows=1 loops=1)
                     Filter: (id = 3)
                     Rows Removed by Filter: 112
                     Buffers: shared hit=1
               ->  Nested Loop  (cost=909286.22..1028886.47 rows=310 width=8) (actual time=1252.710..164205.349 rows=79289 loops=1)
                     Buffers: shared hit=14262518 read=2039544, temp read=11106 written=10204
                     ->  Hash Join  (cost=909285.79..1025794.55 rows=1333 width=12) (actual time=1252.674..127547.863 rows=961466 loops=1)
                           Hash Cond: (ci.role_id = rt.id)
                           Buffers: shared hit=10676140 read=1780058, temp read=11106 written=10204
                           ->  Nested Loop  (cost=909284.63..1025736.57 rows=15997 width=16) (actual time=1251.911..125748.050 rows=8649184 loops=1)
                                 Buffers: shared hit=10676139 read=1780058, temp read=11106 written=10204
                                 ->  Nested Loop  (cost=909284.19..977012.37 rows=1116 width=20) (actual time=1251.880..25783.548 rows=488327 loops=1)
                                       Buffers: shared hit=2537040 read=58291, temp read=11106 written=10204
                                       ->  Nested Loop  (cost=909284.04..976949.00 rows=2604 width=24) (actual time=1251.233..25292.129 rows=570539 loops=1)
                                             Buffers: shared hit=2537028 read=58291, temp read=11106 written=10204
                                             ->  Merge Join  (cost=909283.61..910331.98 rows=20550 width=16) (actual time=1251.163..2277.185 rows=643733 loops=1)
                                                   Merge Cond: (mi1.movie_id = mi2.movie_id)
                                                   Buffers: shared hit=4 read=20383, temp read=11106 written=10204
                                                   ->  Sort  (cost=427489.06..427715.63 rows=90628 width=8) (actual time=646.422..824.679 rows=868253 loops=1)
                                                         Sort Key: mi1.movie_id
                                                         Sort Method: external sort  Disk: 18768kB
                                                         Buffers: shared hit=1 read=10974, temp read=4683 written=4695
                                                         ->  Bitmap Heap Scan on movie_info mi1  (cost=16471.12..420026.90 rows=90628 width=8) (actual time=40.003..428.154 rows=868253 loops=1)
                                                               Recheck Cond: (info_type_id = 3)
                                                               Filter: ((info)::text = ANY ('{Adventure,Crime,Documentary,Drama,Family,Short}'::text[]))
                                                               Rows Removed by Filter: 665656
                                                               Heap Blocks: exact=9772
                                                               Buffers: shared hit=1 read=10974
                                                               ->  Bitmap Index Scan on info_type_id_movie_info  (cost=0.00..16448.47 rows=1538671 width=0) (actual time=38.791..38.792 rows=1533909 loops=1)
                                                                     Index Cond: (info_type_id = 3)
                                                                     Buffers: shared read=1203
                                                   ->  Sort  (cost=481794.55..481989.41 rows=77945 width=8) (actual time=604.729..885.444 rows=1188152 loops=1)
                                                         Sort Key: mi2.movie_id
                                                         Sort Method: external sort  Disk: 22024kB
                                                         Buffers: shared hit=3 read=9409, temp read=5959 written=5509
                                                         ->  Bitmap Heap Scan on movie_info mi2  (cost=13074.85..475461.45 rows=77945 width=8) (actual time=31.117..353.449 rows=1018858 loops=1)
                                                               Recheck Cond: (info_type_id = 4)
                                                               Filter: ((info)::text = ANY ('{Danish,English,Finnish,French,Japanese,Mandarin,Polish,Russian,Serbo-Croatian,Spanish}'::text[]))
                                                               Rows Removed by Filter: 280131
                                                               Heap Blocks: exact=8393
                                                               Buffers: shared hit=3 read=9409
                                                               ->  Bitmap Index Scan on info_type_id_movie_info  (cost=0.00..13055.37 rows=1221191 width=0) (actual time=30.069..30.069 rows=1298989 loops=1)
                                                                     Index Cond: (info_type_id = 4)
                                                                     Buffers: shared hit=1 read=1018
                                             ->  Index Scan using title_pkey on title t  (cost=0.43..3.24 rows=1 width=8) (actual time=0.035..0.035 rows=1 loops=643733)
                                                   Index Cond: (id = mi1.movie_id)
                                                   Filter: ((production_year <= 2015) AND (1925 < production_year))
                                                   Rows Removed by Filter: 0
                                                   Buffers: shared hit=2537024 read=37908
                                       ->  Memoize  (cost=0.14..0.16 rows=1 width=4) (actual time=0.000..0.000 rows=1 loops=570539)
                                             Cache Key: t.kind_id
                                             Cache Mode: logical
                                             Hits: 570533  Misses: 6  Evictions: 0  Overflows: 0  Memory Usage: 1kB
                                             Buffers: shared hit=12
                                             ->  Index Scan using kind_type_pkey on kind_type kt  (cost=0.13..0.15 rows=1 width=4) (actual time=0.013..0.013 rows=0 loops=6)
                                                   Index Cond: (id = t.kind_id)
                                                   Filter: ((kind)::text = ANY ('{episode,movie,"video movie"}'::text[]))
                                                   Rows Removed by Filter: 0
                                                   Buffers: shared hit=12
                                 ->  Index Scan using movie_id_cast_info on cast_info ci  (cost=0.44..43.28 rows=38 width=12) (actual time=0.036..0.199 rows=18 loops=488327)
                                       Index Cond: (movie_id = t.id)
                                       Buffers: shared hit=8139099 read=1721767
                           ->  Hash  (cost=1.15..1.15 rows=1 width=4) (actual time=0.016..0.017 rows=1 loops=1)
                                 Buckets: 1024  Batches: 1  Memory Usage: 9kB
                                 Buffers: shared hit=1
                                 ->  Seq Scan on role_type rt  (cost=0.00..1.15 rows=1 width=4) (actual time=0.008..0.009 rows=1 loops=1)
                                       Filter: ((role)::text = 'producer'::text)
                                       Rows Removed by Filter: 11
                                       Buffers: shared hit=1
                     ->  Index Scan using name_pkey on name n  (cost=0.43..2.32 rows=1 width=4) (actual time=0.038..0.038 rows=0 loops=961466)
                           Index Cond: (id = ci.person_id)
                           Filter: ((gender)::text = 'f'::text)
                           Rows Removed by Filter: 1
                           Buffers: shared hit=3586378 read=259486
 Planning:
   Buffers: shared hit=486 read=88
 Planning Time: 12.342 ms
 Execution Time: 164289.824 ms
(88 rows)

