                                                                                               QUERY PLAN                                                                                               
--------------------------------------------------------------------------------------------------------------------------------------------------------------------------------------------------------
 Aggregate  (cost=455048.65..455048.66 rows=1 width=8) (actual time=11150.804..11150.811 rows=1 loops=1)
   Buffers: shared hit=1001776 read=143697
   ->  Nested Loop  (cost=13059.69..455048.64 rows=3 width=0) (actual time=203.586..11149.786 rows=1804 loops=1)
         Buffers: shared hit=1001776 read=143697
         ->  Seq Scan on info_type it2  (cost=0.00..2.41 rows=1 width=4) (actual time=0.048..0.054 rows=1 loops=1)
               Filter: (id = 4)
               Rows Removed by Filter: 112
               Buffers: shared hit=1
         ->  Nested Loop  (cost=13059.69..455046.20 rows=3 width=4) (actual time=203.536..11149.010 rows=1804 loops=1)
               Buffers: shared hit=1001775 read=143697
               ->  Seq Scan on info_type it1  (cost=0.00..2.41 rows=1 width=4) (actual time=0.012..0.020 rows=1 loops=1)
                     Filter: (id = 3)
                     Rows Removed by Filter: 112
                     Buffers: shared hit=1
               ->  Nested Loop  (cost=13059.69..455043.75 rows=3 width=8) (actual time=203.520..11148.148 rows=1804 loops=1)
                     Buffers: shared hit=1001774 read=143697
                     ->  Hash Join  (cost=13059.26..455013.60 rows=13 width=12) (actual time=197.697..9937.278 rows=33648 loops=1)
                           Hash Cond: (ci.role_id = rt.id)
                           Buffers: shared hit=874676 read=136203
                           ->  Nested Loop  (cost=13058.10..455011.88 rows=158 width=16) (actual time=197.385..9851.368 rows=442972 loops=1)
                                 Buffers: shared hit=874675 read=136203
                                 ->  Nested Loop  (cost=13057.66..454531.62 rows=11 width=20) (actual time=196.280..5131.487 rows=22871 loops=1)
                                       Buffers: shared hit=446891 read=65155
                                       ->  Hash Join  (cost=13057.22..440484.11 rows=332 width=12) (actual time=195.991..2115.519 rows=31242 loops=1)
                                             Hash Cond: (t.kind_id = kt.id)
                                             Buffers: shared hit=179886 read=9939
                                             ->  Nested Loop  (cost=13056.11..440478.10 rows=1160 width=16) (actual time=34.707..2098.391 rows=44044 loops=1)
                                                   Buffers: shared hit=179885 read=9939
                                                   ->  Bitmap Heap Scan on movie_info mi2  (cost=13055.68..430354.74 rows=1245 width=8) (actual time=34.668..617.961 rows=45103 loops=1)
                                                         Recheck Cond: (info_type_id = 4)
                                                         Filter: ((info)::text = ANY ('{Bulgarian,Czech,Danish,Hindi,Korean,Norwegian,Swedish}'::text[]))
                                                         Rows Removed by Filter: 1253886
                                                         Heap Blocks: exact=8393
                                                         Buffers: shared hit=3245 read=6167
                                                         ->  Bitmap Index Scan on info_type_id_movie_info  (cost=0.00..13055.37 rows=1221191 width=0) (actual time=32.317..32.317 rows=1298989 loops=1)
                                                               Index Cond: (info_type_id = 4)
                                                               Buffers: shared hit=1019
                                                   ->  Index Scan using title_pkey on title t  (cost=0.43..8.13 rows=1 width=8) (actual time=0.032..0.032 rows=1 loops=45103)
                                                         Index Cond: (id = mi2.movie_id)
                                                         Filter: ((production_year <= 2015) AND (1925 < production_year))
                                                         Rows Removed by Filter: 0
                                                         Buffers: shared hit=176640 read=3772
                                             ->  Hash  (cost=1.09..1.09 rows=2 width=4) (actual time=0.021..0.022 rows=2 loops=1)
                                                   Buckets: 1024  Batches: 1  Memory Usage: 9kB
                                                   Buffers: shared hit=1
                                                   ->  Seq Scan on kind_type kt  (cost=0.00..1.09 rows=2 width=4) (actual time=0.012..0.014 rows=2 loops=1)
                                                         Filter: ((kind)::text = ANY ('{movie,"video movie"}'::text[]))
                                                         Rows Removed by Filter: 5
                                                         Buffers: shared hit=1
                                       ->  Index Scan using movie_id_movie_info on movie_info mi1  (cost=0.43..42.30 rows=1 width=8) (actual time=0.095..0.096 rows=1 loops=31242)
                                             Index Cond: (movie_id = t.id)
                                             Filter: ((info_type_id = 3) AND ((info)::text = ANY ('{Crime,Documentary,Drama,Short}'::text[])))
                                             Rows Removed by Filter: 11
                                             Buffers: shared hit=267005 read=55216
                                 ->  Index Scan using movie_id_cast_info on cast_info ci  (cost=0.44..43.28 rows=38 width=12) (actual time=0.036..0.201 rows=19 loops=22871)
                                       Index Cond: (movie_id = t.id)
                                       Buffers: shared hit=427784 read=71048
                           ->  Hash  (cost=1.15..1.15 rows=1 width=4) (actual time=0.020..0.020 rows=1 loops=1)
                                 Buckets: 1024  Batches: 1  Memory Usage: 9kB
                                 Buffers: shared hit=1
                                 ->  Seq Scan on role_type rt  (cost=0.00..1.15 rows=1 width=4) (actual time=0.010..0.012 rows=1 loops=1)
                                       Filter: ((role)::text = 'producer'::text)
                                       Rows Removed by Filter: 11
                                       Buffers: shared hit=1
                     ->  Index Scan using name_pkey on name n  (cost=0.43..2.32 rows=1 width=4) (actual time=0.035..0.035 rows=0 loops=33648)
                           Index Cond: (id = ci.person_id)
                           Filter: ((gender)::text = 'f'::text)
                           Rows Removed by Filter: 1
                           Buffers: shared hit=127098 read=7494
 Planning:
   Buffers: shared hit=574
 Planning Time: 12.438 ms
 Execution Time: 11151.354 ms
(73 rows)

