                                                                                               QUERY PLAN                                                                                               
--------------------------------------------------------------------------------------------------------------------------------------------------------------------------------------------------------
 Aggregate  (cost=514781.36..514781.37 rows=1 width=8) (actual time=8159.742..8159.751 rows=1 loops=1)
   Buffers: shared hit=746891 read=34406
   ->  Nested Loop  (cost=13062.40..514781.31 rows=20 width=0) (actual time=39.750..8158.779 rows=5450 loops=1)
         Buffers: shared hit=746891 read=34406
         ->  Hash Join  (cost=13061.97..514669.97 rows=48 width=4) (actual time=39.718..7952.707 rows=5558 loops=1)
               Hash Cond: (ci.role_id = rt.id)
               Buffers: shared hit=728229 read=30836
               ->  Nested Loop  (cost=13060.79..514667.78 rows=287 width=8) (actual time=39.658..7948.960 rows=12507 loops=1)
                     Buffers: shared hit=728228 read=30836
                     ->  Nested Loop  (cost=13060.35..513776.69 rows=20 width=12) (actual time=39.618..7781.138 rows=1287 loops=1)
                           Buffers: shared hit=716829 read=26110
                           ->  Seq Scan on info_type it2  (cost=0.00..2.41 rows=1 width=4) (actual time=0.035..0.045 rows=1 loops=1)
                                 Filter: (id = 4)
                                 Rows Removed by Filter: 112
                                 Buffers: shared hit=1
                           ->  Nested Loop  (cost=13060.35..513774.08 rows=20 width=16) (actual time=39.582..7780.736 rows=1287 loops=1)
                                 Buffers: shared hit=716828 read=26110
                                 ->  Seq Scan on info_type it1  (cost=0.00..2.41 rows=1 width=4) (actual time=0.008..0.021 rows=1 loops=1)
                                       Filter: (id = 3)
                                       Rows Removed by Filter: 112
                                       Buffers: shared hit=1
                                 ->  Nested Loop  (cost=13060.35..513771.46 rows=20 width=20) (actual time=39.571..7780.365 rows=1287 loops=1)
                                       Buffers: shared hit=716827 read=26110
                                       ->  Hash Join  (cost=13059.92..474111.59 rows=923 width=12) (actual time=39.052..7588.746 rows=2148 loops=1)
                                             Hash Cond: (t.kind_id = kt.id)
                                             Buffers: shared hit=701002 read=22867
                                             ->  Nested Loop  (cost=13058.78..474101.38 rows=2154 width=16) (actual time=39.014..7578.392 rows=37644 loops=1)
                                                   Buffers: shared hit=701001 read=22867
                                                   ->  Bitmap Heap Scan on movie_info mi2  (cost=13058.34..400299.04 rows=11908 width=8) (actual time=38.032..722.619 rows=180292 loops=1)
                                                         Recheck Cond: (info_type_id = 4)
                                                         Filter: ((info)::text = ANY ('{German,Greek,Mandarin,Spanish,Tagalog}'::text[]))
                                                         Rows Removed by Filter: 1118697
                                                         Heap Blocks: exact=8393
                                                         Buffers: shared hit=2217 read=7195
                                                         ->  Bitmap Index Scan on info_type_id_movie_info  (cost=0.00..13055.37 rows=1221191 width=0) (actual time=35.764..35.764 rows=1298989 loops=1)
                                                               Index Cond: (info_type_id = 4)
                                                               Buffers: shared hit=1 read=1018
                                                   ->  Memoize  (cost=0.44..6.28 rows=1 width=8) (actual time=0.038..0.038 rows=0 loops=180292)
                                                         Cache Key: mi2.movie_id
                                                         Cache Mode: logical
                                                         Hits: 1678  Misses: 178614  Evictions: 67433  Overflows: 0  Memory Usage: 8193kB
                                                         Buffers: shared hit=698784 read=15672
                                                         ->  Index Scan using title_pkey on title t  (cost=0.43..6.27 rows=1 width=8) (actual time=0.037..0.037 rows=0 loops=178614)
                                                               Index Cond: (id = mi2.movie_id)
                                                               Filter: ((production_year <= 1975) AND (1875 < production_year))
                                                               Rows Removed by Filter: 1
                                                               Buffers: shared hit=698784 read=15672
                                             ->  Hash  (cost=1.10..1.10 rows=3 width=4) (actual time=0.014..0.015 rows=3 loops=1)
                                                   Buckets: 1024  Batches: 1  Memory Usage: 9kB
                                                   Buffers: shared hit=1
                                                   ->  Seq Scan on kind_type kt  (cost=0.00..1.10 rows=3 width=4) (actual time=0.008..0.010 rows=3 loops=1)
                                                         Filter: ((kind)::text = ANY ('{"tv series","video game","video movie"}'::text[]))
                                                         Rows Removed by Filter: 4
                                                         Buffers: shared hit=1
                                       ->  Index Scan using movie_id_movie_info on movie_info mi1  (cost=0.43..42.96 rows=1 width=8) (actual time=0.084..0.088 rows=1 loops=2148)
                                             Index Cond: (movie_id = t.id)
                                             Filter: ((info_type_id = 3) AND ((info)::text = ANY ('{Action,Comedy,Crime,Drama,Musical}'::text[])))
                                             Rows Removed by Filter: 8
                                             Buffers: shared hit=15825 read=3243
                     ->  Index Scan using movie_id_cast_info on cast_info ci  (cost=0.44..44.17 rows=38 width=12) (actual time=0.039..0.127 rows=10 loops=1287)
                           Index Cond: (movie_id = t.id)
                           Buffers: shared hit=11399 read=4726
               ->  Hash  (cost=1.15..1.15 rows=2 width=4) (actual time=0.038..0.039 rows=2 loops=1)
                     Buckets: 1024  Batches: 1  Memory Usage: 9kB
                     Buffers: shared hit=1
                     ->  Seq Scan on role_type rt  (cost=0.00..1.15 rows=2 width=4) (actual time=0.028..0.031 rows=2 loops=1)
                           Filter: ((role)::text = ANY ('{actor,"miscellaneous crew"}'::text[]))
                           Rows Removed by Filter: 10
                           Buffers: shared hit=1
         ->  Index Scan using name_pkey on name n  (cost=0.43..2.32 rows=1 width=4) (actual time=0.036..0.036 rows=1 loops=5558)
               Index Cond: (id = ci.person_id)
               Filter: ((gender)::text = 'm'::text)
               Rows Removed by Filter: 0
               Buffers: shared hit=18662 read=3570
 Planning:
   Buffers: shared hit=574
 Planning Time: 13.773 ms
 Execution Time: 8162.559 ms
(78 rows)

