                                                                                            QUERY PLAN                                                                                            
--------------------------------------------------------------------------------------------------------------------------------------------------------------------------------------------------
 Aggregate  (cost=794762.02..794762.03 rows=1 width=8) (actual time=52239.110..52239.120 rows=1 loops=1)
   Buffers: shared hit=4687543 read=253739, temp read=9783 written=9783
   ->  Nested Loop  (cost=484718.27..794761.77 rows=101 width=0) (actual time=1110.486..52219.496 rows=100935 loops=1)
         Buffers: shared hit=4687543 read=253739, temp read=9783 written=9783
         ->  Seq Scan on info_type it2  (cost=0.00..2.41 rows=1 width=4) (actual time=0.038..0.046 rows=1 loops=1)
               Filter: (id = 4)
               Rows Removed by Filter: 112
               Buffers: shared hit=1
         ->  Nested Loop  (cost=484718.27..794758.34 rows=101 width=4) (actual time=1110.447..52198.264 rows=100935 loops=1)
               Buffers: shared hit=4687542 read=253739, temp read=9783 written=9783
               ->  Seq Scan on info_type it1  (cost=0.00..2.41 rows=1 width=4) (actual time=0.007..0.019 rows=1 loops=1)
                     Filter: (id = 3)
                     Rows Removed by Filter: 112
                     Buffers: shared hit=1
               ->  Nested Loop  (cost=484718.27..794754.92 rows=101 width=8) (actual time=1110.438..52176.756 rows=100935 loops=1)
                     Join Filter: (t.id = mi2.movie_id)
                     Buffers: shared hit=4687541 read=253739, temp read=9783 written=9783
                     ->  Nested Loop  (cost=484717.83..640360.27 rows=3665 width=16) (actual time=1110.035..29595.129 rows=112295 loops=1)
                           Buffers: shared hit=2647553 read=123460, temp read=9783 written=9783
                           ->  Hash Join  (cost=484717.40..620094.63 rows=8737 width=20) (actual time=1109.425..5640.361 rows=670585 loops=1)
                                 Hash Cond: (ci.movie_id = t.id)
                                 Buffers: shared hit=42344 read=46329, temp read=9783 written=9783
                                 ->  Nested Loop  (cost=0.44..123965.00 rows=3020080 width=8) (actual time=0.227..2282.061 rows=4323018 loops=1)
                                       Buffers: shared hit=459 read=40847
                                       ->  Seq Scan on role_type rt  (cost=0.00..1.15 rows=1 width=4) (actual time=0.008..0.011 rows=1 loops=1)
                                             Filter: ((role)::text = 'miscellaneous crew'::text)
                                             Rows Removed by Filter: 11
                                             Buffers: shared hit=1
                                       ->  Index Scan using role_id_cast_info on cast_info ci  (cost=0.44..91017.52 rows=3294633 width=12) (actual time=0.214..1521.155 rows=4323018 loops=1)
                                             Index Cond: (role_id = rt.id)
                                             Buffers: shared hit=458 read=40847
                                 ->  Hash  (cost=484625.54..484625.54 rows=7314 width=12) (actual time=1109.084..1109.089 rows=188982 loops=1)
                                       Buckets: 262144 (originally 8192)  Batches: 2 (originally 1)  Memory Usage: 6145kB
                                       Buffers: shared hit=41885 read=5482, temp read=2003 written=2372
                                       ->  Hash Join  (cost=108604.54..484625.54 rows=7314 width=12) (actual time=717.107..1078.395 rows=188982 loops=1)
                                             Hash Cond: (mi1.movie_id = t.id)
                                             Buffers: shared hit=41885 read=5482, temp read=2003 written=2003
                                             ->  Bitmap Heap Scan on movie_info mi1  (cost=16456.55..389793.23 rows=32312 width=8) (actual time=42.555..313.154 rows=333801 loops=1)
                                                   Recheck Cond: (info_type_id = 3)
                                                   Filter: ((info)::text = ANY ('{Drama,Music,Romance,War}'::text[]))
                                                   Rows Removed by Filter: 1200108
                                                   Heap Blocks: exact=9772
                                                   Buffers: shared hit=9288 read=1687
                                                   ->  Bitmap Index Scan on info_type_id_movie_info  (cost=0.00..16448.47 rows=1538671 width=0) (actual time=41.348..41.348 rows=1533909 loops=1)
                                                         Index Cond: (info_type_id = 3)
                                                         Buffers: shared hit=1 read=1202
                                             ->  Hash  (cost=82758.36..82758.36 rows=572291 width=4) (actual time=648.601..648.605 rows=521570 loops=1)
                                                   Buckets: 262144  Batches: 4  Memory Usage: 6649kB
                                                   Buffers: shared hit=32597 read=3795, temp written=1142
                                                   ->  Hash Join  (cost=1.11..82758.36 rows=572291 width=4) (actual time=21.887..578.795 rows=521570 loops=1)
                                                         Hash Cond: (t.kind_id = kt.id)
                                                         Buffers: shared hit=32597 read=3795
                                                         ->  Seq Scan on title t  (cost=0.00..74315.95 rows=2003019 width=8) (actual time=0.025..441.769 rows=2004612 loops=1)
                                                               Filter: ((production_year <= 2015) AND (1975 < production_year))
                                                               Rows Removed by Filter: 523700
                                                               Buffers: shared hit=32596 read=3795
                                                         ->  Hash  (cost=1.09..1.09 rows=2 width=4) (actual time=0.012..0.013 rows=2 loops=1)
                                                               Buckets: 1024  Batches: 1  Memory Usage: 9kB
                                                               Buffers: shared hit=1
                                                               ->  Seq Scan on kind_type kt  (cost=0.00..1.09 rows=2 width=4) (actual time=0.006..0.007 rows=2 loops=1)
                                                                     Filter: ((kind)::text = ANY ('{movie,"video movie"}'::text[]))
                                                                     Rows Removed by Filter: 5
                                                                     Buffers: shared hit=1
                           ->  Index Scan using name_pkey on name n  (cost=0.43..2.32 rows=1 width=4) (actual time=0.035..0.035 rows=0 loops=670585)
                                 Index Cond: (id = ci.person_id)
                                 Filter: ((gender)::text = 'm'::text)
                                 Rows Removed by Filter: 1
                                 Buffers: shared hit=2605209 read=77131
                     ->  Index Scan using movie_id_movie_info on movie_info mi2  (cost=0.43..42.11 rows=1 width=8) (actual time=0.053..0.200 rows=1 loops=112295)
                           Index Cond: (movie_id = ci.movie_id)
                           Filter: ((info_type_id = 4) AND ((info)::text = ANY ('{English,German,Italian}'::text[])))
                           Rows Removed by Filter: 96
                           Buffers: shared hit=2039988 read=130279
 Planning:
   Buffers: shared hit=574
 Planning Time: 13.607 ms
 Execution Time: 52239.687 ms
(77 rows)

