                                                                                               QUERY PLAN                                                                                               
--------------------------------------------------------------------------------------------------------------------------------------------------------------------------------------------------------
 Aggregate  (cost=382821.09..382821.10 rows=1 width=8) (actual time=1758.639..1758.644 rows=1 loops=1)
   Buffers: shared hit=136399 read=30045
   ->  Nested Loop  (cost=13059.70..382821.09 rows=3 width=0) (actual time=1460.814..1758.637 rows=1 loops=1)
         Buffers: shared hit=136399 read=30045
         ->  Hash Join  (cost=13059.27..382809.49 rows=5 width=4) (actual time=147.115..1758.050 rows=20 loops=1)
               Hash Cond: (ci.role_id = rt.id)
               Buffers: shared hit=136342 read=30022
               ->  Nested Loop  (cost=13058.10..382808.22 rows=29 width=8) (actual time=42.008..1757.872 rows=693 loops=1)
                     Buffers: shared hit=136341 read=30022
                     ->  Nested Loop  (cost=13057.66..382718.46 rows=2 width=12) (actual time=40.325..1748.099 rows=61 loops=1)
                           Buffers: shared hit=136033 read=29490
                           ->  Seq Scan on info_type it2  (cost=0.00..2.41 rows=1 width=4) (actual time=0.029..0.035 rows=1 loops=1)
                                 Filter: (id = 4)
                                 Rows Removed by Filter: 112
                                 Buffers: shared hit=1
                           ->  Nested Loop  (cost=13057.66..382716.02 rows=2 width=16) (actual time=40.294..1748.037 rows=61 loops=1)
                                 Buffers: shared hit=136032 read=29490
                                 ->  Seq Scan on info_type it1  (cost=0.00..2.41 rows=1 width=4) (actual time=0.008..0.016 rows=1 loops=1)
                                       Filter: (id = 3)
                                       Rows Removed by Filter: 112
                                       Buffers: shared hit=1
                                 ->  Nested Loop  (cost=13057.66..382713.59 rows=2 width=20) (actual time=40.283..1747.991 rows=61 loops=1)
                                       Buffers: shared hit=136031 read=29490
                                       ->  Hash Join  (cost=13057.22..379701.17 rows=70 width=12) (actual time=38.236..1706.397 rows=580 loops=1)
                                             Hash Cond: (t.kind_id = kt.id)
                                             Buffers: shared hit=132550 read=27823
                                             ->  Nested Loop  (cost=13056.09..379699.35 rows=162 width=16) (actual time=38.195..1704.278 rows=9583 loops=1)
                                                   Buffers: shared hit=132549 read=27823
                                                   ->  Bitmap Heap Scan on movie_info mi2  (cost=13055.66..370238.00 rows=1161 width=8) (actual time=37.208..428.720 rows=37740 loops=1)
                                                         Recheck Cond: (info_type_id = 4)
                                                         Filter: ((info)::text = ANY ('{Dutch,Finnish,Hindi}'::text[]))
                                                         Rows Removed by Filter: 1261249
                                                         Heap Blocks: exact=8393
                                                         Buffers: shared hit=4825 read=4587
                                                         ->  Bitmap Index Scan on info_type_id_movie_info  (cost=0.00..13055.37 rows=1221191 width=0) (actual time=35.163..35.163 rows=1298989 loops=1)
                                                               Index Cond: (info_type_id = 4)
                                                               Buffers: shared read=1019
                                                   ->  Index Scan using title_pkey on title t  (cost=0.43..8.15 rows=1 width=8) (actual time=0.033..0.033 rows=0 loops=37740)
                                                         Index Cond: (id = mi2.movie_id)
                                                         Filter: ((production_year <= 1975) AND (1925 < production_year))
                                                         Rows Removed by Filter: 1
                                                         Buffers: shared hit=127724 read=23236
                                             ->  Hash  (cost=1.10..1.10 rows=3 width=4) (actual time=0.016..0.017 rows=3 loops=1)
                                                   Buckets: 1024  Batches: 1  Memory Usage: 9kB
                                                   Buffers: shared hit=1
                                                   ->  Seq Scan on kind_type kt  (cost=0.00..1.10 rows=3 width=4) (actual time=0.008..0.010 rows=3 loops=1)
                                                         Filter: ((kind)::text = ANY ('{"tv series","video game","video movie"}'::text[]))
                                                         Rows Removed by Filter: 4
                                                         Buffers: shared hit=1
                                       ->  Index Scan using movie_id_movie_info on movie_info mi1  (cost=0.43..43.02 rows=1 width=8) (actual time=0.071..0.071 rows=0 loops=580)
                                             Index Cond: (movie_id = t.id)
                                             Filter: (((info)::text = ANY ('{Drama,Short}'::text[])) AND (info_type_id = 3))
                                             Rows Removed by Filter: 6
                                             Buffers: shared hit=3481 read=1667
                     ->  Index Scan using movie_id_cast_info on cast_info ci  (cost=0.44..44.50 rows=38 width=12) (actual time=0.047..0.157 rows=11 loops=61)
                           Index Cond: (movie_id = t.id)
                           Buffers: shared hit=308 read=532
               ->  Hash  (cost=1.15..1.15 rows=2 width=4) (actual time=0.036..0.037 rows=2 loops=1)
                     Buckets: 1024  Batches: 1  Memory Usage: 9kB
                     Buffers: shared hit=1
                     ->  Seq Scan on role_type rt  (cost=0.00..1.15 rows=2 width=4) (actual time=0.025..0.027 rows=2 loops=1)
                           Filter: ((role)::text = ANY ('{cinematographer,"costume designer"}'::text[]))
                           Rows Removed by Filter: 10
                           Buffers: shared hit=1
         ->  Index Scan using name_pkey on name n  (cost=0.43..2.32 rows=1 width=4) (actual time=0.028..0.028 rows=0 loops=20)
               Index Cond: (id = ci.person_id)
               Filter: ((gender)::text = ANY ('{f,m}'::text[]))
               Rows Removed by Filter: 1
               Buffers: shared hit=57 read=23
 Planning:
   Buffers: shared hit=483 read=91
 Planning Time: 14.298 ms
 Execution Time: 1759.134 ms
(73 rows)

