                                                                                            QUERY PLAN                                                                                            
--------------------------------------------------------------------------------------------------------------------------------------------------------------------------------------------------
 Aggregate  (cost=697573.04..697573.05 rows=1 width=8) (actual time=1797.687..1797.697 rows=1 loops=1)
   Buffers: shared hit=103246 read=44721, temp read=1476 written=1476
   ->  Nested Loop  (cost=92534.25..697572.36 rows=274 width=0) (actual time=546.914..1797.635 rows=67 loops=1)
         Buffers: shared hit=103246 read=44721, temp read=1476 written=1476
         ->  Hash Join  (cost=92533.82..696598.16 rows=420 width=4) (actual time=488.498..1785.583 rows=368 loops=1)
               Hash Cond: (ci.role_id = rt.id)
               Buffers: shared hit=102072 read=44423, temp read=1476 written=1476
               ->  Nested Loop  (cost=92532.64..696588.02 rows=2523 width=8) (actual time=488.327..1782.628 rows=22325 loops=1)
                     Buffers: shared hit=102071 read=44423, temp read=1476 written=1476
                     ->  Nested Loop  (cost=92532.20..688746.46 rows=176 width=12) (actual time=487.754..1506.684 rows=2139 loops=1)
                           Buffers: shared hit=87317 read=31008, temp read=1476 written=1476
                           ->  Seq Scan on info_type it2  (cost=0.00..2.41 rows=1 width=4) (actual time=0.024..0.033 rows=1 loops=1)
                                 Filter: (id = 4)
                                 Rows Removed by Filter: 112
                                 Buffers: shared hit=1
                           ->  Nested Loop  (cost=92532.20..688742.29 rows=176 width=16) (actual time=487.728..1506.276 rows=2139 loops=1)
                                 Buffers: shared hit=87316 read=31008, temp read=1476 written=1476
                                 ->  Seq Scan on info_type it1  (cost=0.00..2.41 rows=1 width=4) (actual time=0.007..0.019 rows=1 loops=1)
                                       Filter: (id = 3)
                                       Rows Removed by Filter: 112
                                       Buffers: shared hit=1
                                 ->  Nested Loop  (cost=92532.20..688738.11 rows=176 width=20) (actual time=487.718..1505.864 rows=2139 loops=1)
                                       Buffers: shared hit=87315 read=31008, temp read=1476 written=1476
                                       ->  Hash Join  (cost=92531.77..466333.47 rows=5176 width=12) (actual time=487.613..946.986 rows=6935 loops=1)
                                             Hash Cond: (mi2.movie_id = t.id)
                                             Buffers: shared hit=28344 read=17460, temp read=1476 written=1476
                                             ->  Bitmap Heap Scan on movie_info mi2  (cost=13072.06..385283.58 rows=66780 width=8) (actual time=32.992..297.594 rows=853247 loops=1)
                                                   Recheck Cond: (info_type_id = 4)
                                                   Filter: ((info)::text = ANY ('{English,French,Russian,Serbo-Croatian}'::text[]))
                                                   Rows Removed by Filter: 445742
                                                   Heap Blocks: exact=8393
                                                   Buffers: shared hit=9412
                                                   ->  Bitmap Index Scan on info_type_id_movie_info  (cost=0.00..13055.37 rows=1221191 width=0) (actual time=31.952..31.952 rows=1298989 loops=1)
                                                         Index Cond: (info_type_id = 4)
                                                         Buffers: shared hit=1019
                                             ->  Hash  (cost=76244.10..76244.10 rows=195968 width=4) (actual time=448.319..448.323 rows=11843 loops=1)
                                                   Buckets: 262144  Batches: 2  Memory Usage: 2260kB
                                                   Buffers: shared hit=18932 read=17460, temp written=17
                                                   ->  Hash Join  (cost=1.13..76244.10 rows=195968 width=4) (actual time=0.202..445.597 rows=11843 loops=1)
                                                         Hash Cond: (t.kind_id = kt.id)
                                                         Buffers: shared hit=18932 read=17460
                                                         ->  Seq Scan on title t  (cost=0.00..74315.95 rows=457258 width=8) (actual time=0.025..417.775 rows=451569 loops=1)
                                                               Filter: ((production_year <= 1975) AND (1875 < production_year))
                                                               Rows Removed by Filter: 2076743
                                                               Buffers: shared hit=18931 read=17460
                                                         ->  Hash  (cost=1.10..1.10 rows=3 width=4) (actual time=0.014..0.015 rows=3 loops=1)
                                                               Buckets: 1024  Batches: 1  Memory Usage: 9kB
                                                               Buffers: shared hit=1
                                                               ->  Seq Scan on kind_type kt  (cost=0.00..1.10 rows=3 width=4) (actual time=0.006..0.007 rows=3 loops=1)
                                                                     Filter: ((kind)::text = ANY ('{"tv series","video game","video movie"}'::text[]))
                                                                     Rows Removed by Filter: 4
                                                                     Buffers: shared hit=1
                                       ->  Index Scan using movie_id_movie_info on movie_info mi1  (cost=0.43..42.96 rows=1 width=8) (actual time=0.079..0.080 rows=0 loops=6935)
                                             Index Cond: (movie_id = t.id)
                                             Filter: ((info_type_id = 3) AND ((info)::text = ANY ('{Action,Documentary,Drama,Short,Western}'::text[])))
                                             Rows Removed by Filter: 12
                                             Buffers: shared hit=58971 read=13548
                     ->  Index Scan using movie_id_cast_info on cast_info ci  (cost=0.44..44.17 rows=38 width=12) (actual time=0.034..0.127 rows=10 loops=2139)
                           Index Cond: (movie_id = t.id)
                           Buffers: shared hit=14754 read=13415
               ->  Hash  (cost=1.15..1.15 rows=2 width=4) (actual time=0.030..0.031 rows=2 loops=1)
                     Buckets: 1024  Batches: 1  Memory Usage: 9kB
                     Buffers: shared hit=1
                     ->  Seq Scan on role_type rt  (cost=0.00..1.15 rows=2 width=4) (actual time=0.023..0.025 rows=2 loops=1)
                           Filter: ((role)::text = ANY ('{cinematographer,"production designer"}'::text[]))
                           Rows Removed by Filter: 10
                           Buffers: shared hit=1
         ->  Index Scan using name_pkey on name n  (cost=0.43..2.32 rows=1 width=4) (actual time=0.032..0.032 rows=0 loops=368)
               Index Cond: (id = ci.person_id)
               Filter: ((gender)::text = ANY ('{f,m}'::text[]))
               Rows Removed by Filter: 1
               Buffers: shared hit=1174 read=298
 Planning:
   Buffers: shared hit=574
 Planning Time: 11.561 ms
 Execution Time: 1798.172 ms
(76 rows)

