                                                                                               QUERY PLAN                                                                                               
--------------------------------------------------------------------------------------------------------------------------------------------------------------------------------------------------------
 Aggregate  (cost=676984.21..676984.22 rows=1 width=8) (actual time=70995.760..70995.768 rows=1 loops=1)
   Buffers: shared hit=6231554 read=578370
   ->  Nested Loop  (cost=13061.64..676983.68 rows=212 width=0) (actual time=57.440..70909.909 rows=484857 loops=1)
         Buffers: shared hit=6231554 read=578370
         ->  Hash Join  (cost=13061.21..676229.83 rows=325 width=4) (actual time=57.386..47852.260 rows=582953 loops=1)
               Hash Cond: (ci.role_id = rt.id)
               Buffers: shared hit=3965147 read=512965
               ->  Nested Loop  (cost=13060.04..676221.74 rows=1949 width=8) (actual time=57.223..47275.010 rows=2353177 loops=1)
                     Buffers: shared hit=3965146 read=512965
                     ->  Nested Loop  (cost=13059.60..670284.03 rows=136 width=12) (actual time=57.170..20004.021 rows=91889 loops=1)
                           Buffers: shared hit=1764957 read=143767
                           ->  Seq Scan on info_type it2  (cost=0.00..2.41 rows=1 width=4) (actual time=0.037..0.046 rows=1 loops=1)
                                 Filter: (id = 4)
                                 Rows Removed by Filter: 112
                                 Buffers: shared hit=1
                           ->  Nested Loop  (cost=13059.60..670280.25 rows=136 width=16) (actual time=57.131..19980.727 rows=91889 loops=1)
                                 Buffers: shared hit=1764956 read=143767
                                 ->  Seq Scan on info_type it1  (cost=0.00..2.41 rows=1 width=4) (actual time=0.009..0.020 rows=1 loops=1)
                                       Filter: (id = 3)
                                       Rows Removed by Filter: 112
                                       Buffers: shared hit=1
                                 ->  Nested Loop  (cost=13059.60..670276.48 rows=136 width=20) (actual time=57.119..19954.781 rows=91889 loops=1)
                                       Buffers: shared hit=1764955 read=143767
                                       ->  Hash Join  (cost=13059.16..519481.34 rows=3551 width=12) (actual time=36.880..7665.514 rows=119945 loops=1)
                                             Hash Cond: (t.kind_id = kt.id)
                                             Buffers: shared hit=633603 read=36778
                                             ->  Nested Loop  (cost=13058.03..519445.28 rows=8285 width=16) (actual time=36.633..7591.783 rows=160404 loops=1)
                                                   Buffers: shared hit=633602 read=36778
                                                   ->  Bitmap Heap Scan on movie_info mi2  (cost=13057.59..460415.01 rows=8888 width=8) (actual time=36.575..903.345 rows=170698 loops=1)
                                                         Recheck Cond: (info_type_id = 4)
                                                         Filter: ((info)::text = ANY ('{Arabic,Czech,French,German,Hebrew,Hindi,Russian,Serbian,Swedish}'::text[]))
                                                         Rows Removed by Filter: 1128291
                                                         Heap Blocks: exact=8393
                                                         Buffers: shared hit=652 read=8760
                                                         ->  Bitmap Index Scan on info_type_id_movie_info  (cost=0.00..13055.37 rows=1221191 width=0) (actual time=33.845..33.845 rows=1298989 loops=1)
                                                               Index Cond: (info_type_id = 4)
                                                               Buffers: shared read=1019
                                                   ->  Memoize  (cost=0.44..6.71 rows=1 width=8) (actual time=0.039..0.039 rows=1 loops=170698)
                                                         Cache Key: mi2.movie_id
                                                         Cache Mode: logical
                                                         Hits: 5456  Misses: 165242  Evictions: 85862  Overflows: 0  Memory Usage: 8193kB
                                                         Buffers: shared hit=632950 read=28018
                                                         ->  Index Scan using title_pkey on title t  (cost=0.43..6.70 rows=1 width=8) (actual time=0.038..0.038 rows=1 loops=165242)
                                                               Index Cond: (id = mi2.movie_id)
                                                               Filter: ((production_year <= 2015) AND (1925 < production_year))
                                                               Rows Removed by Filter: 0
                                                               Buffers: shared hit=632950 read=28018
                                             ->  Hash  (cost=1.10..1.10 rows=3 width=4) (actual time=0.020..0.021 rows=3 loops=1)
                                                   Buckets: 1024  Batches: 1  Memory Usage: 9kB
                                                   Buffers: shared hit=1
                                                   ->  Seq Scan on kind_type kt  (cost=0.00..1.10 rows=3 width=4) (actual time=0.009..0.011 rows=3 loops=1)
                                                         Filter: ((kind)::text = ANY ('{episode,movie,"video movie"}'::text[]))
                                                         Rows Removed by Filter: 4
                                                         Buffers: shared hit=1
                                       ->  Index Scan using movie_id_movie_info on movie_info mi1  (cost=0.43..42.46 rows=1 width=8) (actual time=0.101..0.102 rows=1 loops=119945)
                                             Index Cond: (movie_id = t.id)
                                             Filter: ((info_type_id = 3) AND ((info)::text = ANY ('{Adventure,Comedy,Crime,Drama,Family,Short,Thriller}'::text[])))
                                             Rows Removed by Filter: 13
                                             Buffers: shared hit=1131352 read=106989
                     ->  Index Scan using movie_id_cast_info on cast_info ci  (cost=0.44..43.28 rows=38 width=12) (actual time=0.040..0.289 rows=26 loops=91889)
                           Index Cond: (movie_id = t.id)
                           Buffers: shared hit=2200189 read=369198
               ->  Hash  (cost=1.15..1.15 rows=2 width=4) (actual time=0.042..0.043 rows=2 loops=1)
                     Buckets: 1024  Batches: 1  Memory Usage: 9kB
                     Buffers: shared hit=1
                     ->  Seq Scan on role_type rt  (cost=0.00..1.15 rows=2 width=4) (actual time=0.026..0.029 rows=2 loops=1)
                           Filter: ((role)::text = ANY ('{actress,producer}'::text[]))
                           Rows Removed by Filter: 10
                           Buffers: shared hit=1
         ->  Index Scan using name_pkey on name n  (cost=0.43..2.32 rows=1 width=4) (actual time=0.039..0.039 rows=1 loops=582953)
               Index Cond: (id = ci.person_id)
               Filter: ((gender)::text = ANY ('{f,m}'::text[]))
               Rows Removed by Filter: 0
               Buffers: shared hit=2266407 read=65405
 Planning:
   Buffers: shared hit=520 read=54
 Planning Time: 12.933 ms
 Execution Time: 70997.987 ms
(78 rows)

