                                                                                                  QUERY PLAN                                                                                                  
--------------------------------------------------------------------------------------------------------------------------------------------------------------------------------------------------------------
 Aggregate  (cost=902453.72..902453.73 rows=1 width=8) (actual time=105194.391..105194.401 rows=1 loops=1)
   Buffers: shared hit=9055089 read=994514, temp read=10849 written=9779
   ->  Nested Loop  (cost=803725.70..902452.74 rows=390 width=0) (actual time=1067.888..105189.953 rows=4719 loops=1)
         Buffers: shared hit=9055089 read=994514, temp read=10849 written=9779
         ->  Seq Scan on info_type it2  (cost=0.00..2.41 rows=1 width=4) (actual time=0.036..0.047 rows=1 loops=1)
               Filter: (id = 4)
               Rows Removed by Filter: 112
               Buffers: shared hit=1
         ->  Nested Loop  (cost=803725.70..902446.43 rows=390 width=4) (actual time=1067.850..105187.655 rows=4719 loops=1)
               Buffers: shared hit=9055088 read=994514, temp read=10849 written=9779
               ->  Seq Scan on info_type it1  (cost=0.00..2.41 rows=1 width=4) (actual time=0.006..0.020 rows=1 loops=1)
                     Filter: (id = 3)
                     Rows Removed by Filter: 112
                     Buffers: shared hit=1
               ->  Nested Loop  (cost=803725.70..902440.12 rows=390 width=8) (actual time=1067.843..105185.064 rows=4719 loops=1)
                     Buffers: shared hit=9055087 read=994514, temp read=10849 written=9779
                     ->  Hash Join  (cost=803725.27..900282.96 rows=930 width=12) (actual time=1049.791..102883.451 rows=54846 loops=1)
                           Hash Cond: (ci.role_id = rt.id)
                           Buffers: shared hit=8852833 read=977384, temp read=10849 written=9779
                           ->  Nested Loop  (cost=803724.11..900242.14 rows=11166 width=16) (actual time=1049.624..101623.933 rows=6600606 loops=1)
                                 Buffers: shared hit=8852832 read=977384, temp read=10849 written=9779
                                 ->  Nested Loop  (cost=803723.67..866172.15 rows=779 width=20) (actual time=1049.590..24083.620 rows=352215 loops=1)
                                       Buffers: shared hit=2365812 read=27819, temp read=10849 written=9779
                                       ->  Nested Loop  (cost=803723.53..866127.59 rows=1818 width=24) (actual time=1049.019..23712.534 rows=406493 loops=1)
                                             Buffers: shared hit=2365800 read=27819, temp read=10849 written=9779
                                             ->  Merge Join  (cost=803723.10..804748.04 rows=19400 width=16) (actual time=1048.958..2014.177 rows=593308 loops=1)
                                                   Merge Cond: (mi1.movie_id = mi2.movie_id)
                                                   Buffers: shared hit=11895 read=8492, temp read=10849 written=9779
                                                   ->  Sort  (cost=397975.96..398222.12 rows=98463 width=8) (actual time=558.165..752.318 rows=961027 loops=1)
                                                         Sort Key: mi1.movie_id
                                                         Sort Method: external sort  Disk: 20768kB
                                                         Buffers: shared hit=2938 read=8037, temp read=5182 written=5195
                                                         ->  Bitmap Heap Scan on movie_info mi1  (cost=16473.11..389809.79 rows=98463 width=8) (actual time=40.331..317.164 rows=961032 loops=1)
                                                               Recheck Cond: (info_type_id = 3)
                                                               Filter: ((info)::text = ANY ('{Action,Crime,Documentary,Drama,Family,Mystery,News,Romance,Short}'::text[]))
                                                               Rows Removed by Filter: 572877
                                                               Heap Blocks: exact=9772
                                                               Buffers: shared hit=2938 read=8037
                                                               ->  Bitmap Index Scan on info_type_id_movie_info  (cost=0.00..16448.47 rows=1538671 width=0) (actual time=39.127..39.127 rows=1533909 loops=1)
                                                                     Index Cond: (info_type_id = 3)
                                                                     Buffers: shared hit=1 read=1202
                                                   ->  Sort  (cost=405747.14..405916.45 rows=67726 width=8) (actual time=490.783..724.116 rows=1036481 loops=1)
                                                         Sort Key: mi2.movie_id
                                                         Sort Method: external sort  Disk: 18328kB
                                                         Buffers: shared hit=8957 read=455, temp read=5120 written=4584
                                                         ->  Bitmap Heap Scan on movie_info mi2  (cost=13072.30..400313.00 rows=67726 width=8) (actual time=29.603..284.028 rows=848053 loops=1)
                                                               Recheck Cond: (info_type_id = 4)
                                                               Filter: ((info)::text = ANY ('{Danish,English,Finnish,Italian,Portuguese}'::text[]))
                                                               Rows Removed by Filter: 450936
                                                               Heap Blocks: exact=8393
                                                               Buffers: shared hit=8957 read=455
                                                               ->  Bitmap Index Scan on info_type_id_movie_info  (cost=0.00..13055.37 rows=1221191 width=0) (actual time=28.563..28.563 rows=1298989 loops=1)
                                                                     Index Cond: (info_type_id = 4)
                                                                     Buffers: shared hit=1019
                                             ->  Index Scan using title_pkey on title t  (cost=0.43..3.16 rows=1 width=8) (actual time=0.036..0.036 rows=1 loops=593308)
                                                   Index Cond: (id = mi1.movie_id)
                                                   Filter: ((production_year <= 2015) AND (1990 < production_year))
                                                   Rows Removed by Filter: 0
                                                   Buffers: shared hit=2353905 read=19327
                                       ->  Memoize  (cost=0.14..0.16 rows=1 width=4) (actual time=0.000..0.000 rows=1 loops=406493)
                                             Cache Key: t.kind_id
                                             Cache Mode: logical
                                             Hits: 406487  Misses: 6  Evictions: 0  Overflows: 0  Memory Usage: 1kB
                                             Buffers: shared hit=12
                                             ->  Index Scan using kind_type_pkey on kind_type kt  (cost=0.13..0.15 rows=1 width=4) (actual time=0.012..0.012 rows=0 loops=6)
                                                   Index Cond: (id = t.kind_id)
                                                   Filter: ((kind)::text = ANY ('{episode,movie,"video movie"}'::text[]))
                                                   Rows Removed by Filter: 0
                                                   Buffers: shared hit=12
                                 ->  Index Scan using movie_id_cast_info on cast_info ci  (cost=0.44..43.36 rows=38 width=12) (actual time=0.038..0.214 rows=19 loops=352215)
                                       Index Cond: (movie_id = t.id)
                                       Buffers: shared hit=6487020 read=949565
                           ->  Hash  (cost=1.15..1.15 rows=1 width=4) (actual time=0.013..0.014 rows=1 loops=1)
                                 Buckets: 1024  Batches: 1  Memory Usage: 9kB
                                 Buffers: shared hit=1
                                 ->  Seq Scan on role_type rt  (cost=0.00..1.15 rows=1 width=4) (actual time=0.008..0.008 rows=1 loops=1)
                                       Filter: ((role)::text = 'costume designer'::text)
                                       Rows Removed by Filter: 11
                                       Buffers: shared hit=1
                     ->  Index Scan using name_pkey on name n  (cost=0.43..2.32 rows=1 width=4) (actual time=0.041..0.041 rows=0 loops=54846)
                           Index Cond: (id = ci.person_id)
                           Filter: ((gender)::text = 'm'::text)
                           Rows Removed by Filter: 1
                           Buffers: shared hit=202254 read=17130
 Planning:
   Buffers: shared hit=576 read=1
 Planning Time: 11.213 ms
 Execution Time: 105206.232 ms
(88 rows)

