                                                                                            QUERY PLAN                                                                                            
--------------------------------------------------------------------------------------------------------------------------------------------------------------------------------------------------
 Aggregate  (cost=782230.19..782230.20 rows=1 width=8) (actual time=1400.704..1400.711 rows=1 loops=1)
   Buffers: shared hit=27448 read=55604, temp read=1653 written=1653
   ->  Nested Loop  (cost=482699.17..782229.79 rows=160 width=0) (actual time=897.603..1400.620 rows=782 loops=1)
         Buffers: shared hit=27448 read=55604, temp read=1653 written=1653
         ->  Seq Scan on info_type it2  (cost=0.00..2.41 rows=1 width=4) (actual time=0.038..0.043 rows=1 loops=1)
               Filter: (id = 4)
               Rows Removed by Filter: 112
               Buffers: shared hit=1
         ->  Nested Loop  (cost=482699.17..782225.78 rows=160 width=4) (actual time=897.564..1400.497 rows=782 loops=1)
               Buffers: shared hit=27447 read=55604, temp read=1653 written=1653
               ->  Seq Scan on info_type it1  (cost=0.00..2.41 rows=1 width=4) (actual time=0.008..0.014 rows=1 loops=1)
                     Filter: (id = 3)
                     Rows Removed by Filter: 112
                     Buffers: shared hit=1
               ->  Nested Loop  (cost=482699.17..782221.76 rows=160 width=8) (actual time=897.555..1400.389 rows=782 loops=1)
                     Join Filter: (t.id = mi1.movie_id)
                     Buffers: shared hit=27446 read=55604, temp read=1653 written=1653
                     ->  Nested Loop  (cost=482698.71..637085.54 rows=3439 width=16) (actual time=897.458..1344.843 rows=874 loops=1)
                           Buffers: shared hit=22815 read=50144, temp read=1653 written=1653
                           ->  Hash Join  (cost=482698.28..618070.12 rows=8198 width=20) (actual time=895.951..1280.450 rows=5021 loops=1)
                                 Hash Cond: (ci.movie_id = t.id)
                                 Buffers: shared hit=6205 read=46670, temp read=1653 written=1653
                                 ->  Nested Loop  (cost=0.44..123965.00 rows=3020080 width=8) (actual time=0.084..259.478 rows=1093558 loops=1)
                                       Buffers: shared hit=4473 read=2598
                                       ->  Seq Scan on role_type rt  (cost=0.00..1.15 rows=1 width=4) (actual time=0.007..0.010 rows=1 loops=1)
                                             Filter: ((role)::text = 'editor'::text)
                                             Rows Removed by Filter: 11
                                             Buffers: shared hit=1
                                       ->  Index Scan using role_id_cast_info on cast_info ci  (cost=0.44..91017.52 rows=3294633 width=12) (actual time=0.075..173.573 rows=1093558 loops=1)
                                             Index Cond: (role_id = rt.id)
                                             Buffers: shared hit=4472 read=2598
                                 ->  Hash  (cost=482612.06..482612.06 rows=6863 width=12) (actual time=895.755..895.760 rows=22420 loops=1)
                                       Buckets: 32768 (originally 8192)  Batches: 1 (originally 1)  Memory Usage: 1220kB
                                       Buffers: shared hit=1732 read=44072, temp read=1653 written=1653
                                       ->  Hash Join  (cost=93530.64..482612.06 rows=6863 width=12) (actual time=444.376..890.874 rows=22420 loops=1)
                                             Hash Cond: (mi2.movie_id = t.id)
                                             Buffers: shared hit=1732 read=44072, temp read=1653 written=1653
                                             ->  Bitmap Heap Scan on movie_info mi2  (cost=13073.91..400314.61 rows=74157 width=8) (actual time=32.691..300.804 rows=938586 loops=1)
                                                   Recheck Cond: (info_type_id = 4)
                                                   Filter: ((info)::text = ANY ('{English,Filipino,French,Korean,Spanish}'::text[]))
                                                   Rows Removed by Filter: 360403
                                                   Heap Blocks: exact=8393
                                                   Buffers: shared hit=2 read=9410
                                                   ->  Bitmap Index Scan on info_type_id_movie_info  (cost=0.00..13055.37 rows=1221191 width=0) (actual time=31.648..31.648 rows=1298989 loops=1)
                                                         Index Cond: (info_type_id = 4)
                                                         Buffers: shared read=1019
                                             ->  Hash  (cost=76617.93..76617.93 rows=233984 width=4) (actual time=408.848..408.851 rows=33701 loops=1)
                                                   Buckets: 262144  Batches: 2  Memory Usage: 2644kB
                                                   Buffers: shared hit=1730 read=34662, temp written=49
                                                   ->  Hash Join  (cost=1.13..76617.93 rows=233984 width=4) (actual time=0.065..401.577 rows=33701 loops=1)
                                                         Hash Cond: (t.kind_id = kt.id)
                                                         Buffers: shared hit=1730 read=34662
                                                         ->  Seq Scan on title t  (cost=0.00..74315.95 rows=545963 width=8) (actual time=0.025..369.479 rows=538239 loops=1)
                                                               Filter: ((production_year <= 1990) AND (1950 < production_year))
                                                               Rows Removed by Filter: 1990073
                                                               Buffers: shared hit=1729 read=34662
                                                         ->  Hash  (cost=1.10..1.10 rows=3 width=4) (actual time=0.018..0.019 rows=3 loops=1)
                                                               Buckets: 1024  Batches: 1  Memory Usage: 9kB
                                                               Buffers: shared hit=1
                                                               ->  Seq Scan on kind_type kt  (cost=0.00..1.10 rows=3 width=4) (actual time=0.010..0.011 rows=3 loops=1)
                                                                     Filter: ((kind)::text = ANY ('{"tv series","video game","video movie"}'::text[]))
                                                                     Rows Removed by Filter: 4
                                                                     Buffers: shared hit=1
                           ->  Index Scan using name_pkey on name n  (cost=0.43..2.32 rows=1 width=4) (actual time=0.013..0.013 rows=0 loops=5021)
                                 Index Cond: (id = ci.person_id)
                                 Filter: ((gender)::text = 'm'::text)
                                 Rows Removed by Filter: 1
                                 Buffers: shared hit=16610 read=3474
                     ->  Index Scan using movie_id_movie_info on movie_info mi1  (cost=0.46..42.19 rows=1 width=8) (actual time=0.062..0.063 rows=1 loops=874)
                           Index Cond: (movie_id = ci.movie_id)
                           Filter: ((info_type_id = 3) AND ((info)::text = ANY ('{Action,Animation,Biography,Comedy,Documentary,Drama,Horror,Music,Short,Western}'::text[])))
                           Rows Removed by Filter: 16
                           Buffers: shared hit=4631 read=5460
 Planning:
   Buffers: shared hit=487 read=90
 Planning Time: 9.164 ms
 Execution Time: 1401.150 ms
(77 rows)

