                                                                                            QUERY PLAN                                                                                            
--------------------------------------------------------------------------------------------------------------------------------------------------------------------------------------------------
 Aggregate  (cost=723325.20..723325.21 rows=1 width=8) (actual time=104828.649..104828.658 rows=1 loops=1)
   Buffers: shared hit=9846288 read=253981, temp read=17091 written=17091
   ->  Nested Loop  (cost=496654.44..723325.01 rows=73 width=0) (actual time=1180.183..104745.962 rows=472982 loops=1)
         Buffers: shared hit=9846288 read=253981, temp read=17091 written=17091
         ->  Seq Scan on info_type it2  (cost=0.00..2.41 rows=1 width=4) (actual time=0.039..0.044 rows=1 loops=1)
               Filter: (id = 4)
               Rows Removed by Filter: 112
               Buffers: shared hit=1
         ->  Nested Loop  (cost=496654.44..723321.87 rows=73 width=4) (actual time=1180.143..104649.158 rows=472982 loops=1)
               Buffers: shared hit=9846287 read=253981, temp read=17091 written=17091
               ->  Seq Scan on info_type it1  (cost=0.00..2.41 rows=1 width=4) (actual time=0.007..0.018 rows=1 loops=1)
                     Filter: (id = 3)
                     Rows Removed by Filter: 112
                     Buffers: shared hit=1
               ->  Nested Loop  (cost=496654.44..723318.73 rows=73 width=8) (actual time=1180.134..104549.377 rows=472982 loops=1)
                     Join Filter: (t.id = mi1.movie_id)
                     Buffers: shared hit=9846286 read=253981, temp read=17091 written=17091
                     ->  Nested Loop  (cost=496654.01..649449.77 rows=1745 width=16) (actual time=1179.990..30691.925 rows=602515 loops=1)
                           Buffers: shared hit=2401538 read=109458, temp read=17091 written=17091
                           ->  Hash Join  (cost=496653.58..632018.58 rows=7515 width=20) (actual time=1179.943..8874.992 rows=602567 loops=1)
                                 Hash Cond: (ci.movie_id = t.id)
                                 Buffers: shared hit=14598 read=86130, temp read=17091 written=17091
                                 ->  Nested Loop  (cost=0.44..123965.00 rows=3020080 width=8) (actual time=0.170..3817.404 rows=7451973 loops=1)
                                       Buffers: shared hit=1434 read=53490
                                       ->  Seq Scan on role_type rt  (cost=0.00..1.15 rows=1 width=4) (actual time=0.008..0.012 rows=1 loops=1)
                                             Filter: ((role)::text = 'actress'::text)
                                             Rows Removed by Filter: 11
                                             Buffers: shared hit=1
                                       ->  Index Scan using role_id_cast_info on cast_info ci  (cost=0.44..91017.52 rows=3294633 width=12) (actual time=0.158..2475.028 rows=7451973 loops=1)
                                             Index Cond: (role_id = rt.id)
                                             Buffers: shared hit=1433 read=53490
                                 ->  Hash  (cost=496574.50..496574.50 rows=6291 width=12) (actual time=1179.569..1179.574 rows=227083 loops=1)
                                       Buckets: 262144 (originally 8192)  Batches: 2 (originally 1)  Memory Usage: 6923kB
                                       Buffers: shared hit=13164 read=32640, temp read=3896 written=4339
                                       ->  Hash Join  (cost=92535.36..496574.50 rows=6291 width=12) (actual time=551.284..1140.463 rows=227083 loops=1)
                                             Hash Cond: (mi2.movie_id = t.id)
                                             Buffers: shared hit=13164 read=32640, temp read=3896 written=3896
                                             ->  Bitmap Heap Scan on movie_info mi2  (cost=13075.66..415345.54 rows=81159 width=8) (actual time=35.167..293.774 rows=1041615 loops=1)
                                                   Recheck Cond: (info_type_id = 4)
                                                   Filter: ((info)::text = ANY ('{English,French,German,Japanese,Serbo-Croatian,Spanish}'::text[]))
                                                   Rows Removed by Filter: 257374
                                                   Heap Blocks: exact=8393
                                                   Buffers: shared hit=9412
                                                   ->  Bitmap Index Scan on info_type_id_movie_info  (cost=0.00..13055.37 rows=1221191 width=0) (actual time=34.127..34.128 rows=1298989 loops=1)
                                                         Index Cond: (info_type_id = 4)
                                                         Buffers: shared hit=1019
                                             ->  Hash  (cost=76244.10..76244.10 rows=195968 width=4) (actual time=512.912..512.916 rows=439726 loops=1)
                                                   Buckets: 262144 (originally 262144)  Batches: 4 (originally 2)  Memory Usage: 6145kB
                                                   Buffers: shared hit=3752 read=32640, temp written=966
                                                   ->  Hash Join  (cost=1.13..76244.10 rows=195968 width=4) (actual time=0.043..432.895 rows=439726 loops=1)
                                                         Hash Cond: (t.kind_id = kt.id)
                                                         Buffers: shared hit=3752 read=32640
                                                         ->  Seq Scan on title t  (cost=0.00..74315.95 rows=457258 width=8) (actual time=0.020..379.533 rows=451569 loops=1)
                                                               Filter: ((production_year <= 1975) AND (1875 < production_year))
                                                               Rows Removed by Filter: 2076743
                                                               Buffers: shared hit=3751 read=32640
                                                         ->  Hash  (cost=1.10..1.10 rows=3 width=4) (actual time=0.016..0.017 rows=3 loops=1)
                                                               Buckets: 1024  Batches: 1  Memory Usage: 9kB
                                                               Buffers: shared hit=1
                                                               ->  Seq Scan on kind_type kt  (cost=0.00..1.10 rows=3 width=4) (actual time=0.007..0.009 rows=3 loops=1)
                                                                     Filter: ((kind)::text = ANY ('{episode,movie,"tv movie"}'::text[]))
                                                                     Rows Removed by Filter: 4
                                                                     Buffers: shared hit=1
                           ->  Index Scan using name_pkey on name n  (cost=0.43..2.32 rows=1 width=4) (actual time=0.035..0.035 rows=1 loops=602567)
                                 Index Cond: (id = ci.person_id)
                                 Filter: ((gender)::text = 'f'::text)
                                 Rows Removed by Filter: 0
                                 Buffers: shared hit=2386940 read=23328
                     ->  Index Scan using movie_id_movie_info on movie_info mi1  (cost=0.43..42.32 rows=1 width=8) (actual time=0.121..0.122 rows=1 loops=602515)
                           Index Cond: (movie_id = ci.movie_id)
                           Filter: ((info_type_id = 3) AND ((info)::text = ANY ('{Comedy,Crime,Documentary,Drama,Musical,Short,War}'::text[])))
                           Rows Removed by Filter: 20
                           Buffers: shared hit=7444748 read=144523
 Planning:
   Buffers: shared hit=574
 Planning Time: 13.648 ms
 Execution Time: 104829.193 ms
(77 rows)

