                                                                                               QUERY PLAN                                                                                               
--------------------------------------------------------------------------------------------------------------------------------------------------------------------------------------------------------
 Aggregate  (cost=537066.17..537066.18 rows=1 width=8) (actual time=5843.227..5843.234 rows=1 loops=1)
   Buffers: shared hit=520537 read=83222
   ->  Nested Loop  (cost=13060.81..537066.14 rows=13 width=0) (actual time=60.011..5842.993 rows=550 loops=1)
         Buffers: shared hit=520537 read=83222
         ->  Seq Scan on info_type it2  (cost=0.00..2.41 rows=1 width=4) (actual time=0.045..0.054 rows=1 loops=1)
               Filter: (id = 4)
               Rows Removed by Filter: 112
               Buffers: shared hit=1
         ->  Nested Loop  (cost=13060.81..537063.60 rows=13 width=4) (actual time=59.965..5842.793 rows=550 loops=1)
               Buffers: shared hit=520536 read=83222
               ->  Seq Scan on info_type it1  (cost=0.00..2.41 rows=1 width=4) (actual time=0.010..0.021 rows=1 loops=1)
                     Filter: (id = 3)
                     Rows Removed by Filter: 112
                     Buffers: shared hit=1
               ->  Nested Loop  (cost=13060.81..537061.05 rows=13 width=8) (actual time=59.952..5842.625 rows=550 loops=1)
                     Buffers: shared hit=520535 read=83222
                     ->  Hash Join  (cost=13060.38..536991.47 rows=30 width=12) (actual time=39.655..5766.616 rows=2095 loops=1)
                           Hash Cond: (ci.role_id = rt.id)
                           Buffers: shared hit=513448 read=81929
                           ->  Nested Loop  (cost=13059.21..536989.03 rows=358 width=16) (actual time=39.296..5751.650 rows=97724 loops=1)
                                 Buffers: shared hit=513447 read=81929
                                 ->  Nested Loop  (cost=13058.77..535896.59 rows=25 width=20) (actual time=39.256..4676.262 rows=5772 loops=1)
                                       Buffers: shared hit=434364 read=51841
                                       ->  Hash Join  (cost=13058.34..455539.97 rows=1898 width=12) (actual time=39.131..3459.799 rows=15305 loops=1)
                                             Hash Cond: (t.kind_id = kt.id)
                                             Buffers: shared hit=310473 read=36848
                                             ->  Nested Loop  (cost=13057.20..455520.17 rows=4428 width=16) (actual time=39.075..3443.368 rows=70120 loops=1)
                                                   Buffers: shared hit=310472 read=36848
                                                   ->  Bitmap Heap Scan on movie_info mi2  (cost=13056.76..415326.64 rows=5589 width=8) (actual time=39.034..576.078 rows=93545 loops=1)
                                                         Recheck Cond: (info_type_id = 4)
                                                         Filter: ((info)::text = ANY ('{Dutch,Filipino,Japanese,None,Serbo-Croatian,Tagalog}'::text[]))
                                                         Rows Removed by Filter: 1205444
                                                         Heap Blocks: exact=8393
                                                         Buffers: shared hit=6089 read=3323
                                                         ->  Bitmap Index Scan on info_type_id_movie_info  (cost=0.00..13055.37 rows=1221191 width=0) (actual time=36.562..36.563 rows=1298989 loops=1)
                                                               Index Cond: (info_type_id = 4)
                                                               Buffers: shared read=1019
                                                   ->  Memoize  (cost=0.44..7.23 rows=1 width=8) (actual time=0.030..0.030 rows=1 loops=93545)
                                                         Cache Key: mi2.movie_id
                                                         Cache Mode: logical
                                                         Hits: 9068  Misses: 84477  Evictions: 0  Overflows: 0  Memory Usage: 8123kB
                                                         Buffers: shared hit=304383 read=33525
                                                         ->  Index Scan using title_pkey on title t  (cost=0.43..7.22 rows=1 width=8) (actual time=0.032..0.032 rows=1 loops=84477)
                                                               Index Cond: (id = mi2.movie_id)
                                                               Filter: ((production_year <= 2015) AND (1975 < production_year))
                                                               Rows Removed by Filter: 0
                                                               Buffers: shared hit=304383 read=33525
                                             ->  Hash  (cost=1.10..1.10 rows=3 width=4) (actual time=0.034..0.034 rows=3 loops=1)
                                                   Buckets: 1024  Batches: 1  Memory Usage: 9kB
                                                   Buffers: shared hit=1
                                                   ->  Seq Scan on kind_type kt  (cost=0.00..1.10 rows=3 width=4) (actual time=0.009..0.011 rows=3 loops=1)
                                                         Filter: ((kind)::text = ANY ('{"tv movie","tv series","video game"}'::text[]))
                                                         Rows Removed by Filter: 4
                                                         Buffers: shared hit=1
                                       ->  Index Scan using movie_id_movie_info on movie_info mi1  (cost=0.43..42.33 rows=1 width=8) (actual time=0.078..0.079 rows=0 loops=15305)
                                             Index Cond: (movie_id = t.id)
                                             Filter: ((info_type_id = 3) AND ((info)::text = ANY ('{Animation,Comedy,Romance,Thriller}'::text[])))
                                             Rows Removed by Filter: 8
                                             Buffers: shared hit=123891 read=14993
                                 ->  Index Scan using movie_id_cast_info on cast_info ci  (cost=0.44..43.32 rows=38 width=12) (actual time=0.038..0.182 rows=17 loops=5772)
                                       Index Cond: (movie_id = t.id)
                                       Buffers: shared hit=79083 read=30088
                           ->  Hash  (cost=1.15..1.15 rows=1 width=4) (actual time=0.018..0.019 rows=1 loops=1)
                                 Buckets: 1024  Batches: 1  Memory Usage: 9kB
                                 Buffers: shared hit=1
                                 ->  Seq Scan on role_type rt  (cost=0.00..1.15 rows=1 width=4) (actual time=0.010..0.012 rows=1 loops=1)
                                       Filter: ((role)::text = 'composer'::text)
                                       Rows Removed by Filter: 11
                                       Buffers: shared hit=1
                     ->  Index Scan using name_pkey on name n  (cost=0.43..2.32 rows=1 width=4) (actual time=0.036..0.036 rows=0 loops=2095)
                           Index Cond: (id = ci.person_id)
                           Filter: ((gender)::text = 'm'::text)
                           Rows Removed by Filter: 1
                           Buffers: shared hit=7087 read=1293
 Planning:
   Buffers: shared hit=481 read=93
 Planning Time: 13.849 ms
 Execution Time: 5845.418 ms
(78 rows)

