                                                                                            QUERY PLAN                                                                                            
--------------------------------------------------------------------------------------------------------------------------------------------------------------------------------------------------
 Aggregate  (cost=623678.53..623678.54 rows=1 width=8) (actual time=10422.968..10422.978 rows=1 loops=1)
   Buffers: shared hit=629368 read=208358, temp read=2358 written=2358
   ->  Nested Loop  (cost=96917.94..623678.39 rows=56 width=0) (actual time=588.263..10422.411 rows=874 loops=1)
         Buffers: shared hit=629368 read=208358, temp read=2358 written=2358
         ->  Seq Scan on info_type it2  (cost=0.00..2.41 rows=1 width=4) (actual time=0.043..0.053 rows=1 loops=1)
               Filter: (id = 4)
               Rows Removed by Filter: 112
               Buffers: shared hit=1
         ->  Nested Loop  (cost=96917.94..623675.42 rows=56 width=4) (actual time=588.218..10422.011 rows=874 loops=1)
               Buffers: shared hit=629367 read=208358, temp read=2358 written=2358
               ->  Seq Scan on info_type it1  (cost=0.00..2.41 rows=1 width=4) (actual time=0.009..0.023 rows=1 loops=1)
                     Filter: (id = 3)
                     Rows Removed by Filter: 112
                     Buffers: shared hit=1
               ->  Nested Loop  (cost=96917.94..623672.44 rows=56 width=8) (actual time=588.206..10421.578 rows=874 loops=1)
                     Buffers: shared hit=629366 read=208358, temp read=2358 written=2358
                     ->  Hash Join  (cost=96917.51..623118.08 rows=239 width=12) (actual time=587.728..9499.237 rows=20553 loops=1)
                           Hash Cond: (ci.role_id = rt.id)
                           Buffers: shared hit=560249 read=195263, temp read=2358 written=2358
                           ->  Nested Loop  (cost=96916.33..623111.82 rows=1433 width=16) (actual time=587.633..9456.261 rows=228003 loops=1)
                                 Buffers: shared hit=560248 read=195263, temp read=2358 written=2358
                                 ->  Nested Loop  (cost=96915.89..618674.42 rows=100 width=20) (actual time=587.604..6102.170 rows=17402 loops=1)
                                       Buffers: shared hit=383432 read=96999, temp read=2358 written=2358
                                       ->  Hash Join  (cost=96915.46..456570.43 rows=3797 width=12) (actual time=587.547..1171.282 rows=44546 loops=1)
                                             Hash Cond: (mi1.movie_id = t.id)
                                             Buffers: shared hit=26519 read=20848, temp read=2358 written=2358
                                             ->  Bitmap Heap Scan on movie_info mi1  (cost=16458.73..374685.86 rows=41031 width=8) (actual time=41.502..383.095 rows=386497 loops=1)
                                                   Recheck Cond: (info_type_id = 3)
                                                   Filter: ((info)::text = ANY ('{Short,War,Western}'::text[]))
                                                   Rows Removed by Filter: 1147412
                                                   Heap Blocks: exact=9772
                                                   Buffers: shared hit=3367 read=7608
                                                   ->  Bitmap Index Scan on info_type_id_movie_info  (cost=0.00..16448.47 rows=1538671 width=0) (actual time=40.306..40.306 rows=1533909 loops=1)
                                                         Index Cond: (info_type_id = 3)
                                                         Buffers: shared read=1203
                                             ->  Hash  (cost=76617.93..76617.93 rows=233984 width=4) (actual time=544.678..544.682 rows=504538 loops=1)
                                                   Buckets: 262144 (originally 262144)  Batches: 4 (originally 2)  Memory Usage: 6483kB
                                                   Buffers: shared hit=23152 read=13240, temp written=1107
                                                   ->  Hash Join  (cost=1.13..76617.93 rows=233984 width=4) (actual time=0.042..465.217 rows=504538 loops=1)
                                                         Hash Cond: (t.kind_id = kt.id)
                                                         Buffers: shared hit=23152 read=13240
                                                         ->  Seq Scan on title t  (cost=0.00..74315.95 rows=545963 width=8) (actual time=0.023..402.425 rows=538239 loops=1)
                                                               Filter: ((production_year <= 1990) AND (1950 < production_year))
                                                               Rows Removed by Filter: 1990073
                                                               Buffers: shared hit=23151 read=13240
                                                         ->  Hash  (cost=1.10..1.10 rows=3 width=4) (actual time=0.013..0.015 rows=3 loops=1)
                                                               Buckets: 1024  Batches: 1  Memory Usage: 9kB
                                                               Buffers: shared hit=1
                                                               ->  Seq Scan on kind_type kt  (cost=0.00..1.10 rows=3 width=4) (actual time=0.009..0.010 rows=3 loops=1)
                                                                     Filter: ((kind)::text = ANY ('{episode,movie,"tv movie"}'::text[]))
                                                                     Rows Removed by Filter: 4
                                                                     Buffers: shared hit=1
                                       ->  Index Scan using movie_id_movie_info on movie_info mi2  (cost=0.43..42.68 rows=1 width=8) (actual time=0.078..0.110 rows=0 loops=44546)
                                             Index Cond: (movie_id = t.id)
                                             Filter: (((info)::text = ANY ('{English,German}'::text[])) AND (info_type_id = 4))
                                             Rows Removed by Filter: 10
                                             Buffers: shared hit=356913 read=76151
                                 ->  Index Scan using movie_id_cast_info on cast_info ci  (cost=0.44..43.99 rows=38 width=12) (actual time=0.046..0.189 rows=13 loops=17402)
                                       Index Cond: (movie_id = t.id)
                                       Buffers: shared hit=176816 read=98264
                           ->  Hash  (cost=1.15..1.15 rows=2 width=4) (actual time=0.019..0.020 rows=2 loops=1)
                                 Buckets: 1024  Batches: 1  Memory Usage: 9kB
                                 Buffers: shared hit=1
                                 ->  Seq Scan on role_type rt  (cost=0.00..1.15 rows=2 width=4) (actual time=0.010..0.013 rows=2 loops=1)
                                       Filter: ((role)::text = ANY ('{"costume designer",writer}'::text[]))
                                       Rows Removed by Filter: 10
                                       Buffers: shared hit=1
                     ->  Index Scan using name_pkey on name n  (cost=0.43..2.32 rows=1 width=4) (actual time=0.044..0.044 rows=0 loops=20553)
                           Index Cond: (id = ci.person_id)
                           Filter: ((gender)::text = 'f'::text)
                           Rows Removed by Filter: 1
                           Buffers: shared hit=69117 read=13095
 Planning:
   Buffers: shared hit=503 read=71
 Planning Time: 13.901 ms
 Execution Time: 10423.599 ms
(76 rows)

