                                                                                               QUERY PLAN                                                                                               
--------------------------------------------------------------------------------------------------------------------------------------------------------------------------------------------------------
 Aggregate  (cost=427721.04..427721.05 rows=1 width=8) (actual time=6239.418..6239.425 rows=1 loops=1)
   Buffers: shared hit=498060 read=142232
   ->  Nested Loop  (cost=13060.05..427721.03 rows=6 width=0) (actual time=143.916..6238.733 rows=1078 loops=1)
         Buffers: shared hit=498060 read=142232
         ->  Seq Scan on info_type it2  (cost=0.00..2.41 rows=1 width=4) (actual time=0.046..0.052 rows=1 loops=1)
               Filter: (id = 4)
               Rows Removed by Filter: 112
               Buffers: shared hit=1
         ->  Nested Loop  (cost=13060.05..427718.55 rows=6 width=4) (actual time=143.868..6238.227 rows=1078 loops=1)
               Buffers: shared hit=498059 read=142232
               ->  Seq Scan on info_type it1  (cost=0.00..2.41 rows=1 width=4) (actual time=0.009..0.016 rows=1 loops=1)
                     Filter: (id = 3)
                     Rows Removed by Filter: 112
                     Buffers: shared hit=1
               ->  Nested Loop  (cost=13060.05..427716.08 rows=6 width=8) (actual time=143.856..6237.746 rows=1078 loops=1)
                     Buffers: shared hit=498058 read=142232
                     ->  Hash Join  (cost=13059.61..427655.77 rows=26 width=12) (actual time=43.848..5666.523 rows=16328 loops=1)
                           Hash Cond: (ci.role_id = rt.id)
                           Buffers: shared hit=441585 read=133393
                           ->  Nested Loop  (cost=13058.45..427653.50 rows=315 width=16) (actual time=43.613..5630.257 rows=224982 loops=1)
                                 Buffers: shared hit=441584 read=133393
                                 ->  Nested Loop  (cost=13058.01..426692.15 rows=22 width=20) (actual time=43.565..3222.901 rows=10094 loops=1)
                                       Buffers: shared hit=265366 read=60704
                                       ->  Hash Join  (cost=13057.58..390156.81 rows=864 width=12) (actual time=38.154..1646.248 rows=15690 loops=1)
                                             Hash Cond: (t.kind_id = kt.id)
                                             Buffers: shared hit=130229 read=24116
                                             ->  Nested Loop  (cost=13056.44..390147.18 rows=2016 width=16) (actual time=37.397..1638.958 rows=19332 loops=1)
                                                   Buffers: shared hit=130228 read=24116
                                                   ->  Bitmap Heap Scan on movie_info mi2  (cost=13056.00..370238.34 rows=2545 width=8) (actual time=37.352..407.510 rows=36660 loops=1)
                                                         Recheck Cond: (info_type_id = 4)
                                                         Filter: ((info)::text = ANY ('{Arabic,Italian,Serbian}'::text[]))
                                                         Rows Removed by Filter: 1262329
                                                         Heap Blocks: exact=8393
                                                         Buffers: shared hit=3074 read=6338
                                                         ->  Bitmap Index Scan on info_type_id_movie_info  (cost=0.00..13055.37 rows=1221191 width=0) (actual time=35.258..35.258 rows=1298989 loops=1)
                                                               Index Cond: (info_type_id = 4)
                                                               Buffers: shared read=1019
                                                   ->  Memoize  (cost=0.44..7.84 rows=1 width=8) (actual time=0.033..0.033 rows=1 loops=36660)
                                                         Cache Key: mi2.movie_id
                                                         Cache Mode: logical
                                                         Hits: 427  Misses: 36233  Evictions: 0  Overflows: 0  Memory Usage: 3147kB
                                                         Buffers: shared hit=127154 read=17778
                                                         ->  Index Scan using title_pkey on title t  (cost=0.43..7.83 rows=1 width=8) (actual time=0.032..0.032 rows=1 loops=36233)
                                                               Index Cond: (id = mi2.movie_id)
                                                               Filter: ((production_year <= 2015) AND (1975 < production_year))
                                                               Rows Removed by Filter: 0
                                                               Buffers: shared hit=127154 read=17778
                                             ->  Hash  (cost=1.10..1.10 rows=3 width=4) (actual time=0.019..0.020 rows=3 loops=1)
                                                   Buckets: 1024  Batches: 1  Memory Usage: 9kB
                                                   Buffers: shared hit=1
                                                   ->  Seq Scan on kind_type kt  (cost=0.00..1.10 rows=3 width=4) (actual time=0.013..0.015 rows=3 loops=1)
                                                         Filter: ((kind)::text = ANY ('{episode,movie,"video movie"}'::text[]))
                                                         Rows Removed by Filter: 4
                                                         Buffers: shared hit=1
                                       ->  Index Scan using movie_id_movie_info on movie_info mi1  (cost=0.43..42.28 rows=1 width=8) (actual time=0.099..0.100 rows=1 loops=15690)
                                             Index Cond: (movie_id = t.id)
                                             Filter: ((info_type_id = 3) AND ((info)::text = ANY ('{Crime,Drama,Short}'::text[])))
                                             Rows Removed by Filter: 17
                                             Buffers: shared hit=135137 read=36588
                                 ->  Index Scan using movie_id_cast_info on cast_info ci  (cost=0.44..43.32 rows=38 width=12) (actual time=0.037..0.233 rows=22 loops=10094)
                                       Index Cond: (movie_id = t.id)
                                       Buffers: shared hit=176218 read=72689
                           ->  Hash  (cost=1.15..1.15 rows=1 width=4) (actual time=0.020..0.021 rows=1 loops=1)
                                 Buckets: 1024  Batches: 1  Memory Usage: 9kB
                                 Buffers: shared hit=1
                                 ->  Seq Scan on role_type rt  (cost=0.00..1.15 rows=1 width=4) (actual time=0.010..0.012 rows=1 loops=1)
                                       Filter: ((role)::text = 'writer'::text)
                                       Rows Removed by Filter: 11
                                       Buffers: shared hit=1
                     ->  Index Scan using name_pkey on name n  (cost=0.43..2.32 rows=1 width=4) (actual time=0.034..0.034 rows=0 loops=16328)
                           Index Cond: (id = ci.person_id)
                           Filter: ((gender)::text = 'f'::text)
                           Rows Removed by Filter: 1
                           Buffers: shared hit=56473 read=8839
 Planning:
   Buffers: shared hit=481 read=93
 Planning Time: 14.387 ms
 Execution Time: 6241.602 ms
(78 rows)

