                                                                                            QUERY PLAN                                                                                            
--------------------------------------------------------------------------------------------------------------------------------------------------------------------------------------------------
 Aggregate  (cost=651901.33..651901.34 rows=1 width=8) (actual time=1697.083..1697.092 rows=1 loops=1)
   Buffers: shared hit=105798 read=33222, temp read=831 written=831
   ->  Nested Loop  (cost=95922.79..651900.95 rows=154 width=0) (actual time=434.858..1696.779 rows=1702 loops=1)
         Buffers: shared hit=105798 read=33222, temp read=831 written=831
         ->  Hash Join  (cost=95922.36..651353.54 rows=236 width=4) (actual time=431.183..1533.744 rows=4124 loops=1)
               Hash Cond: (ci.role_id = rt.id)
               Buffers: shared hit=92286 read=30238, temp read=831 written=831
               ->  Nested Loop  (cost=95921.19..651347.33 rows=1419 width=8) (actual time=430.845..1529.097 rows=25817 loops=1)
                     Buffers: shared hit=92285 read=30238, temp read=831 written=831
                     ->  Nested Loop  (cost=95920.75..646936.45 rows=99 width=12) (actual time=430.773..1216.596 rows=2445 loops=1)
                           Buffers: shared hit=63711 read=26337, temp read=831 written=831
                           ->  Seq Scan on info_type it2  (cost=0.00..2.41 rows=1 width=4) (actual time=0.031..0.036 rows=1 loops=1)
                                 Filter: (id = 4)
                                 Rows Removed by Filter: 112
                                 Buffers: shared hit=1
                           ->  Nested Loop  (cost=95920.75..646933.05 rows=99 width=16) (actual time=430.740..1216.035 rows=2445 loops=1)
                                 Buffers: shared hit=63710 read=26337, temp read=831 written=831
                                 ->  Seq Scan on info_type it1  (cost=0.00..2.41 rows=1 width=4) (actual time=0.009..0.017 rows=1 loops=1)
                                       Filter: (id = 3)
                                       Rows Removed by Filter: 112
                                       Buffers: shared hit=1
                                 ->  Nested Loop  (cost=95920.75..646929.64 rows=99 width=20) (actual time=430.728..1215.485 rows=2445 loops=1)
                                       Buffers: shared hit=63709 read=26337, temp read=831 written=831
                                       ->  Hash Join  (cost=95920.31..485732.34 rows=3765 width=12) (actual time=430.566..865.980 rows=4152 loops=1)
                                             Hash Cond: (mi1.movie_id = t.id)
                                             Buffers: shared hit=22540 read=24827, temp read=831 written=831
                                             ->  Bitmap Heap Scan on movie_info mi1  (cost=16460.61..404906.84 rows=48571 width=8) (actual time=38.072..368.107 rows=474974 loops=1)
                                                   Recheck Cond: (info_type_id = 3)
                                                   Filter: ((info)::text = ANY ('{Crime,Documentary,Drama,Mystery,Sport}'::text[]))
                                                   Rows Removed by Filter: 1058935
                                                   Heap Blocks: exact=9772
                                                   Buffers: shared hit=10975
                                                   ->  Bitmap Index Scan on info_type_id_movie_info  (cost=0.00..16448.47 rows=1538671 width=0) (actual time=36.882..36.882 rows=1533909 loops=1)
                                                         Index Cond: (info_type_id = 3)
                                                         Buffers: shared hit=1203
                                             ->  Hash  (cost=76244.10..76244.10 rows=195968 width=4) (actual time=391.343..391.346 rows=11843 loops=1)
                                                   Buckets: 262144  Batches: 2  Memory Usage: 2260kB
                                                   Buffers: shared hit=11565 read=24827, temp written=17
                                                   ->  Hash Join  (cost=1.13..76244.10 rows=195968 width=4) (actual time=0.105..388.574 rows=11843 loops=1)
                                                         Hash Cond: (t.kind_id = kt.id)
                                                         Buffers: shared hit=11565 read=24827
                                                         ->  Seq Scan on title t  (cost=0.00..74315.95 rows=457258 width=8) (actual time=0.021..363.209 rows=451569 loops=1)
                                                               Filter: ((production_year <= 1975) AND (1875 < production_year))
                                                               Rows Removed by Filter: 2076743
                                                               Buffers: shared hit=11564 read=24827
                                                         ->  Hash  (cost=1.10..1.10 rows=3 width=4) (actual time=0.014..0.015 rows=3 loops=1)
                                                               Buckets: 1024  Batches: 1  Memory Usage: 9kB
                                                               Buffers: shared hit=1
                                                               ->  Seq Scan on kind_type kt  (cost=0.00..1.10 rows=3 width=4) (actual time=0.009..0.010 rows=3 loops=1)
                                                                     Filter: ((kind)::text = ANY ('{"tv series","video game","video movie"}'::text[]))
                                                                     Rows Removed by Filter: 4
                                                                     Buffers: shared hit=1
                                       ->  Index Scan using movie_id_movie_info on movie_info mi2  (cost=0.43..42.80 rows=1 width=8) (actual time=0.067..0.084 rows=1 loops=4152)
                                             Index Cond: (movie_id = t.id)
                                             Filter: (((info)::text = ANY ('{English,French}'::text[])) AND (info_type_id = 4))
                                             Rows Removed by Filter: 11
                                             Buffers: shared hit=41169 read=1510
                     ->  Index Scan using movie_id_cast_info on cast_info ci  (cost=0.44..44.17 rows=38 width=12) (actual time=0.033..0.125 rows=11 loops=2445)
                           Index Cond: (movie_id = t.id)
                           Buffers: shared hit=28574 read=3901
               ->  Hash  (cost=1.15..1.15 rows=2 width=4) (actual time=0.037..0.038 rows=2 loops=1)
                     Buckets: 1024  Batches: 1  Memory Usage: 9kB
                     Buffers: shared hit=1
                     ->  Seq Scan on role_type rt  (cost=0.00..1.15 rows=2 width=4) (actual time=0.028..0.030 rows=2 loops=1)
                           Filter: ((role)::text = ANY ('{producer,writer}'::text[]))
                           Rows Removed by Filter: 10
                           Buffers: shared hit=1
         ->  Index Scan using name_pkey on name n  (cost=0.43..2.32 rows=1 width=4) (actual time=0.039..0.039 rows=0 loops=4124)
               Index Cond: (id = ci.person_id)
               Filter: ((gender)::text = ANY ('{f,m}'::text[]))
               Rows Removed by Filter: 1
               Buffers: shared hit=13512 read=2984
 Planning:
   Buffers: shared hit=574
 Planning Time: 11.719 ms
 Execution Time: 1697.639 ms
(76 rows)

