                                                                                               QUERY PLAN                                                                                               
--------------------------------------------------------------------------------------------------------------------------------------------------------------------------------------------------------
 Aggregate  (cost=756740.55..756740.56 rows=1 width=8) (actual time=18894.596..18894.604 rows=1 loops=1)
   Buffers: shared hit=1701064 read=215047
   ->  Nested Loop  (cost=13062.54..756739.97 rows=232 width=0) (actual time=43.672..18892.990 rows=2708 loops=1)
         Buffers: shared hit=1701064 read=215047
         ->  Hash Join  (cost=13062.11..755454.96 rows=554 width=4) (actual time=38.434..18015.206 rows=23624 loops=1)
               Hash Cond: (ci.role_id = rt.id)
               Buffers: shared hit=1612393 read=209222
               ->  Nested Loop  (cost=13060.93..755441.97 rows=3325 width=8) (actual time=36.338..17923.326 rows=510935 loops=1)
                     Buffers: shared hit=1612392 read=209222
                     ->  Nested Loop  (cost=13060.49..745312.93 rows=232 width=12) (actual time=36.296..11893.337 rows=32936 loops=1)
                           Buffers: shared hit=1129043 read=94688
                           ->  Seq Scan on info_type it2  (cost=0.00..2.41 rows=1 width=4) (actual time=0.025..0.035 rows=1 loops=1)
                                 Filter: (id = 4)
                                 Rows Removed by Filter: 112
                                 Buffers: shared hit=1
                           ->  Nested Loop  (cost=13060.49..745308.20 rows=232 width=16) (actual time=36.269..11885.030 rows=32936 loops=1)
                                 Buffers: shared hit=1129042 read=94688
                                 ->  Seq Scan on info_type it1  (cost=0.00..2.41 rows=1 width=4) (actual time=0.009..0.021 rows=1 loops=1)
                                       Filter: (id = 3)
                                       Rows Removed by Filter: 112
                                       Buffers: shared hit=1
                                 ->  Nested Loop  (cost=13060.49..745303.46 rows=232 width=20) (actual time=36.257..11876.722 rows=32936 loops=1)
                                       Buffers: shared hit=1129041 read=94688
                                       ->  Hash Join  (cost=13060.03..536172.06 rows=4940 width=12) (actual time=36.199..7916.666 rows=47748 loops=1)
                                             Hash Cond: (t.kind_id = kt.id)
                                             Buffers: shared hit=749070 read=43155
                                             ->  Nested Loop  (cost=13058.90..536122.34 rows=11527 width=16) (actual time=36.166..7863.486 rows=183118 loops=1)
                                                   Buffers: shared hit=749069 read=43155
                                                   ->  Bitmap Heap Scan on movie_info mi2  (cost=13058.46..460415.88 rows=12367 width=8) (actual time=36.113..841.833 rows=202667 loops=1)
                                                         Recheck Cond: (info_type_id = 4)
                                                         Filter: ((info)::text = ANY ('{Arabic,Danish,French,German,Hindi,Italian,Norwegian,Russian,Swedish}'::text[]))
                                                         Rows Removed by Filter: 1096322
                                                         Heap Blocks: exact=8393
                                                         Buffers: shared hit=892 read=8520
                                                         ->  Bitmap Index Scan on info_type_id_movie_info  (cost=0.00..13055.37 rows=1221191 width=0) (actual time=33.381..33.381 rows=1298989 loops=1)
                                                               Index Cond: (info_type_id = 4)
                                                               Buffers: shared hit=1 read=1018
                                                   ->  Memoize  (cost=0.44..6.21 rows=1 width=8) (actual time=0.034..0.034 rows=1 loops=202667)
                                                         Cache Key: mi2.movie_id
                                                         Cache Mode: logical
                                                         Hits: 6964  Misses: 195703  Evictions: 115816  Overflows: 0  Memory Usage: 8193kB
                                                         Buffers: shared hit=748177 read=34635
                                                         ->  Index Scan using title_pkey on title t  (cost=0.43..6.20 rows=1 width=8) (actual time=0.034..0.034 rows=1 loops=195703)
                                                               Index Cond: (id = mi2.movie_id)
                                                               Filter: ((production_year <= 2015) AND (1925 < production_year))
                                                               Rows Removed by Filter: 0
                                                               Buffers: shared hit=748177 read=34635
                                             ->  Hash  (cost=1.10..1.10 rows=3 width=4) (actual time=0.011..0.012 rows=3 loops=1)
                                                   Buckets: 1024  Batches: 1  Memory Usage: 9kB
                                                   Buffers: shared hit=1
                                                   ->  Seq Scan on kind_type kt  (cost=0.00..1.10 rows=3 width=4) (actual time=0.007..0.008 rows=3 loops=1)
                                                         Filter: ((kind)::text = ANY ('{"tv movie","tv series","video game"}'::text[]))
                                                         Rows Removed by Filter: 4
                                                         Buffers: shared hit=1
                                       ->  Index Scan using movie_id_movie_info on movie_info mi1  (cost=0.46..42.32 rows=1 width=8) (actual time=0.081..0.082 rows=1 loops=47748)
                                             Index Cond: (movie_id = t.id)
                                             Filter: ((info_type_id = 3) AND ((info)::text = ANY ('{Adult,Comedy,Crime,Documentary,Drama,Family,Horror,Mystery,Short}'::text[])))
                                             Rows Removed by Filter: 7
                                             Buffers: shared hit=379971 read=51533
                     ->  Index Scan using movie_id_cast_info on cast_info ci  (cost=0.44..43.28 rows=38 width=12) (actual time=0.036..0.179 rows=16 loops=32936)
                           Index Cond: (movie_id = t.id)
                           Buffers: shared hit=483349 read=114534
               ->  Hash  (cost=1.15..1.15 rows=2 width=4) (actual time=0.029..0.030 rows=2 loops=1)
                     Buckets: 1024  Batches: 1  Memory Usage: 9kB
                     Buffers: shared hit=1
                     ->  Seq Scan on role_type rt  (cost=0.00..1.15 rows=2 width=4) (actual time=0.022..0.024 rows=2 loops=1)
                           Filter: ((role)::text = ANY ('{editor,"production designer"}'::text[]))
                           Rows Removed by Filter: 10
                           Buffers: shared hit=1
         ->  Index Scan using name_pkey on name n  (cost=0.43..2.32 rows=1 width=4) (actual time=0.037..0.037 rows=0 loops=23624)
               Index Cond: (id = ci.person_id)
               Filter: ((gender)::text = 'm'::text)
               Rows Removed by Filter: 1
               Buffers: shared hit=88671 read=5825
 Planning:
   Buffers: shared hit=576 read=1
 Planning Time: 11.187 ms
 Execution Time: 18896.776 ms
(78 rows)

