                                                                                            QUERY PLAN                                                                                            
--------------------------------------------------------------------------------------------------------------------------------------------------------------------------------------------------
 Aggregate  (cost=557212.05..557212.06 rows=1 width=8) (actual time=2652.135..2652.145 rows=1 loops=1)
   Buffers: shared hit=174045 read=79726, temp read=440 written=440
   ->  Nested Loop  (cost=96913.87..557211.90 rows=59 width=0) (actual time=477.979..2650.173 rows=15818 loops=1)
         Buffers: shared hit=174045 read=79726, temp read=440 written=440
         ->  Hash Join  (cost=96913.44..556884.85 rows=141 width=4) (actual time=477.946..2125.795 rows=16223 loops=1)
               Hash Cond: (ci.role_id = rt.id)
               Buffers: shared hit=121463 read=67416, temp read=440 written=440
               ->  Nested Loop  (cost=96912.27..556880.67 rows=846 width=8) (actual time=477.500..2116.174 rows=44476 loops=1)
                     Buffers: shared hit=121462 read=67416, temp read=440 written=440
                     ->  Nested Loop  (cost=96911.83..554262.61 rows=59 width=12) (actual time=477.470..1543.254 rows=4907 loops=1)
                           Buffers: shared hit=89919 read=41671, temp read=440 written=440
                           ->  Seq Scan on info_type it2  (cost=0.00..2.41 rows=1 width=4) (actual time=0.033..0.041 rows=1 loops=1)
                                 Filter: (id = 4)
                                 Rows Removed by Filter: 112
                                 Buffers: shared hit=1
                           ->  Nested Loop  (cost=96911.83..554259.60 rows=59 width=16) (actual time=477.435..1542.201 rows=4907 loops=1)
                                 Buffers: shared hit=89918 read=41671, temp read=440 written=440
                                 ->  Seq Scan on info_type it1  (cost=0.00..2.41 rows=1 width=4) (actual time=0.009..0.020 rows=1 loops=1)
                                       Filter: (id = 3)
                                       Rows Removed by Filter: 112
                                       Buffers: shared hit=1
                                 ->  Nested Loop  (cost=96911.83..554256.60 rows=59 width=20) (actual time=477.423..1541.216 rows=4907 loops=1)
                                       Buffers: shared hit=89917 read=41671, temp read=440 written=440
                                       ->  Hash Join  (cost=96911.39..456362.35 rows=2293 width=12) (actual time=477.288..825.842 rows=8297 loops=1)
                                             Hash Cond: (mi1.movie_id = t.id)
                                             Buffers: shared hit=24171 read=23196, temp read=440 written=440
                                             ->  Bitmap Heap Scan on movie_info mi1  (cost=16454.66..374681.79 rows=24773 width=8) (actual time=41.246..322.803 rows=227988 loops=1)
                                                   Recheck Cond: (info_type_id = 3)
                                                   Filter: ((info)::text = ANY ('{Comedy,Music,War}'::text[]))
                                                   Rows Removed by Filter: 1305921
                                                   Heap Blocks: exact=9772
                                                   Buffers: shared hit=1600 read=9375
                                                   ->  Bitmap Index Scan on info_type_id_movie_info  (cost=0.00..16448.47 rows=1538671 width=0) (actual time=40.017..40.017 rows=1533909 loops=1)
                                                         Index Cond: (info_type_id = 3)
                                                         Buffers: shared read=1203
                                             ->  Hash  (cost=76617.93..76617.93 rows=233984 width=4) (actual time=434.923..434.927 rows=33701 loops=1)
                                                   Buckets: 262144  Batches: 2  Memory Usage: 2644kB
                                                   Buffers: shared hit=22571 read=13821, temp written=49
                                                   ->  Hash Join  (cost=1.13..76617.93 rows=233984 width=4) (actual time=0.074..427.713 rows=33701 loops=1)
                                                         Hash Cond: (t.kind_id = kt.id)
                                                         Buffers: shared hit=22571 read=13821
                                                         ->  Seq Scan on title t  (cost=0.00..74315.95 rows=545963 width=8) (actual time=0.029..395.463 rows=538239 loops=1)
                                                               Filter: ((production_year <= 1990) AND (1950 < production_year))
                                                               Rows Removed by Filter: 1990073
                                                               Buffers: shared hit=22570 read=13821
                                                         ->  Hash  (cost=1.10..1.10 rows=3 width=4) (actual time=0.013..0.014 rows=3 loops=1)
                                                               Buckets: 1024  Batches: 1  Memory Usage: 9kB
                                                               Buffers: shared hit=1
                                                               ->  Seq Scan on kind_type kt  (cost=0.00..1.10 rows=3 width=4) (actual time=0.007..0.009 rows=3 loops=1)
                                                                     Filter: ((kind)::text = ANY ('{"tv series","video game","video movie"}'::text[]))
                                                                     Rows Removed by Filter: 4
                                                                     Buffers: shared hit=1
                                       ->  Index Scan using movie_id_movie_info on movie_info mi2  (cost=0.43..42.68 rows=1 width=8) (actual time=0.063..0.086 rows=1 loops=8297)
                                             Index Cond: (movie_id = t.id)
                                             Filter: (((info)::text = ANY ('{English,Italian}'::text[])) AND (info_type_id = 4))
                                             Rows Removed by Filter: 10
                                             Buffers: shared hit=65746 read=18475
                     ->  Index Scan using movie_id_cast_info on cast_info ci  (cost=0.44..43.99 rows=38 width=12) (actual time=0.034..0.114 rows=9 loops=4907)
                           Index Cond: (movie_id = t.id)
                           Buffers: shared hit=31543 read=25745
               ->  Hash  (cost=1.15..1.15 rows=2 width=4) (actual time=0.041..0.042 rows=2 loops=1)
                     Buckets: 1024  Batches: 1  Memory Usage: 9kB
                     Buffers: shared hit=1
                     ->  Seq Scan on role_type rt  (cost=0.00..1.15 rows=2 width=4) (actual time=0.032..0.035 rows=2 loops=1)
                           Filter: ((role)::text = ANY ('{actor,cinematographer}'::text[]))
                           Rows Removed by Filter: 10
                           Buffers: shared hit=1
         ->  Index Scan using name_pkey on name n  (cost=0.43..2.32 rows=1 width=4) (actual time=0.032..0.032 rows=1 loops=16223)
               Index Cond: (id = ci.person_id)
               Filter: ((gender)::text = 'm'::text)
               Rows Removed by Filter: 0
               Buffers: shared hit=52582 read=12310
 Planning:
   Buffers: shared hit=489 read=85
 Planning Time: 13.917 ms
 Execution Time: 2652.764 ms
(76 rows)

