                                                                                                QUERY PLAN                                                                                                
----------------------------------------------------------------------------------------------------------------------------------------------------------------------------------------------------------
 Aggregate  (cost=517104.63..517104.64 rows=1 width=8) (actual time=15660.691..15660.699 rows=1 loops=1)
   Buffers: shared hit=1152397 read=123591
   ->  Nested Loop  (cost=13060.84..517104.57 rows=25 width=0) (actual time=40.302..15656.321 rows=17106 loops=1)
         Buffers: shared hit=1152397 read=123591
         ->  Hash Join  (cost=13060.41..516988.59 rows=50 width=4) (actual time=40.263..14325.721 rows=28366 loops=1)
               Hash Cond: (ci.role_id = rt.id)
               Buffers: shared hit=1043170 read=119354
               ->  Nested Loop  (cost=13059.24..516986.35 rows=301 width=8) (actual time=39.570..14239.305 rows=435147 loops=1)
                     Buffers: shared hit=1043169 read=119354
                     ->  Nested Loop  (cost=13058.80..516050.71 rows=21 width=12) (actual time=39.523..8499.749 rows=17455 loops=1)
                           Buffers: shared hit=605542 read=75269
                           ->  Seq Scan on info_type it2  (cost=0.00..2.41 rows=1 width=4) (actual time=0.030..0.044 rows=1 loops=1)
                                 Filter: (id = 3)
                                 Rows Removed by Filter: 112
                                 Buffers: shared hit=1
                           ->  Nested Loop  (cost=13058.80..516048.08 rows=21 width=16) (actual time=39.492..8495.593 rows=17455 loops=1)
                                 Buffers: shared hit=605541 read=75269
                                 ->  Seq Scan on info_type it1  (cost=0.00..2.41 rows=1 width=4) (actual time=0.009..0.025 rows=1 loops=1)
                                       Filter: (id = 4)
                                       Rows Removed by Filter: 112
                                       Buffers: shared hit=1
                                 ->  Nested Loop  (cost=13058.80..516045.46 rows=21 width=20) (actual time=39.480..8490.988 rows=17455 loops=1)
                                       Buffers: shared hit=605540 read=75269
                                       ->  Hash Join  (cost=13058.36..485153.17 rows=713 width=12) (actual time=39.391..5273.524 rows=26771 loops=1)
                                             Hash Cond: (t.kind_id = kt.id)
                                             Buffers: shared hit=372475 read=37118
                                             ->  Nested Loop  (cost=13057.19..485147.79 rows=998 width=16) (actual time=39.345..5258.565 rows=27811 loops=1)
                                                   Buffers: shared hit=372474 read=37118
                                                   ->  Bitmap Heap Scan on movie_info mi1  (cost=13056.75..445384.99 rows=5519 width=8) (actual time=39.296..787.884 rows=101711 loops=1)
                                                         Recheck Cond: (info_type_id = 4)
                                                         Filter: ((info)::text = ANY ('{Czech,German,Greek,Norwegian,Polish,Serbian,Swedish,Telugu}'::text[]))
                                                         Rows Removed by Filter: 1197278
                                                         Heap Blocks: exact=8393
                                                         Buffers: shared hit=9 read=9403
                                                         ->  Bitmap Index Scan on info_type_id_movie_info  (cost=0.00..13055.37 rows=1221191 width=0) (actual time=36.664..36.664 rows=1298989 loops=1)
                                                               Index Cond: (info_type_id = 4)
                                                               Buffers: shared read=1019
                                                   ->  Memoize  (cost=0.44..7.24 rows=1 width=8) (actual time=0.044..0.044 rows=0 loops=101711)
                                                         Cache Key: mi1.movie_id
                                                         Cache Mode: logical
                                                         Hits: 1666  Misses: 100045  Evictions: 0  Overflows: 0  Memory Usage: 7720kB
                                                         Buffers: shared hit=372465 read=27715
                                                         ->  Index Scan using title_pkey on title t  (cost=0.43..7.23 rows=1 width=8) (actual time=0.043..0.043 rows=0 loops=100045)
                                                               Index Cond: (id = mi1.movie_id)
                                                               Filter: ((production_year <= 1975) AND (production_year >= 1875))
                                                               Rows Removed by Filter: 1
                                                               Buffers: shared hit=372465 read=27715
                                             ->  Hash  (cost=1.11..1.11 rows=5 width=4) (actual time=0.023..0.024 rows=5 loops=1)
                                                   Buckets: 1024  Batches: 1  Memory Usage: 9kB
                                                   Buffers: shared hit=1
                                                   ->  Seq Scan on kind_type kt  (cost=0.00..1.11 rows=5 width=4) (actual time=0.011..0.014 rows=5 loops=1)
                                                         Filter: ((kind)::text = ANY ('{movie,"tv movie","tv series","video game","video movie"}'::text[]))
                                                         Rows Removed by Filter: 2
                                                         Buffers: shared hit=1
                                       ->  Index Scan using movie_id_movie_info on movie_info mi2  (cost=0.43..43.32 rows=1 width=8) (actual time=0.119..0.119 rows=1 loops=26771)
                                             Index Cond: (movie_id = t.id)
                                             Filter: ((info_type_id = 3) AND ((info)::text = ANY ('{Adult,Animation,Biography,Comedy,Crime,Drama,Fantasy,Mystery,Romance,Sci-Fi,Thriller,War}'::text[])))
                                             Rows Removed by Filter: 10
                                             Buffers: shared hit=233065 read=38151
                     ->  Index Scan using movie_id_cast_info on cast_info ci  (cost=0.44..44.17 rows=38 width=12) (actual time=0.046..0.321 rows=25 loops=17455)
                           Index Cond: (movie_id = t.id)
                           Buffers: shared hit=437627 read=44085
               ->  Hash  (cost=1.15..1.15 rows=2 width=4) (actual time=0.035..0.035 rows=2 loops=1)
                     Buckets: 1024  Batches: 1  Memory Usage: 9kB
                     Buffers: shared hit=1
                     ->  Seq Scan on role_type rt  (cost=0.00..1.15 rows=2 width=4) (actual time=0.026..0.028 rows=2 loops=1)
                           Filter: ((role)::text = ANY ('{cinematographer,composer}'::text[]))
                           Rows Removed by Filter: 10
                           Buffers: shared hit=1
         ->  Index Scan using name_pkey on name n  (cost=0.43..2.32 rows=1 width=4) (actual time=0.046..0.046 rows=1 loops=28366)
               Index Cond: (id = ci.person_id)
               Filter: (((gender)::text = 'f'::text) OR (gender IS NULL))
               Rows Removed by Filter: 0
               Buffers: shared hit=109227 read=4237
 Planning:
   Buffers: shared hit=486 read=88
 Planning Time: 14.598 ms
 Execution Time: 15662.529 ms
(78 rows)

