                                                                                                                                  QUERY PLAN                                                                                                                                   
-------------------------------------------------------------------------------------------------------------------------------------------------------------------------------------------------------------------------------------------------------------------------------
 Aggregate  (cost=550461.99..550462.00 rows=1 width=8) (actual time=7442.287..7442.295 rows=1 loops=1)
   Buffers: shared hit=642012 read=116746
   ->  Nested Loop  (cost=15876.36..550461.96 rows=12 width=0) (actual time=139.407..7442.038 rows=272 loops=1)
         Buffers: shared hit=642012 read=116746
         ->  Hash Join  (cost=15875.93..550420.21 rows=18 width=4) (actual time=138.982..7407.685 rows=934 loops=1)
               Hash Cond: (ci.role_id = rt.id)
               Buffers: shared hit=639110 read=115912
               ->  Nested Loop  (cost=15874.73..550418.75 rows=72 width=8) (actual time=47.174..7403.029 rows=23696 loops=1)
                     Buffers: shared hit=639109 read=115912
                     ->  Nested Loop  (cost=15874.29..550196.94 rows=5 width=12) (actual time=47.129..7105.730 rows=978 loops=1)
                           Buffers: shared hit=625533 read=103507
                           ->  Seq Scan on info_type it2  (cost=0.00..2.41 rows=1 width=4) (actual time=0.027..0.037 rows=1 loops=1)
                                 Filter: (id = 8)
                                 Rows Removed by Filter: 112
                                 Buffers: shared hit=1
                           ->  Nested Loop  (cost=15874.29..550194.48 rows=5 width=16) (actual time=47.101..7105.317 rows=978 loops=1)
                                 Buffers: shared hit=625532 read=103507
                                 ->  Seq Scan on info_type it1  (cost=0.00..2.41 rows=1 width=4) (actual time=0.010..0.021 rows=1 loops=1)
                                       Filter: (id = 7)
                                       Rows Removed by Filter: 112
                                       Buffers: shared hit=1
                                 ->  Nested Loop  (cost=15874.29..550192.02 rows=5 width=20) (actual time=47.088..7104.796 rows=978 loops=1)
                                       Buffers: shared hit=625531 read=103507
                                       ->  Hash Join  (cost=15873.86..500364.81 rows=1159 width=12) (actual time=38.257..3345.033 rows=35889 loops=1)
                                             Hash Cond: (t.kind_id = kt.id)
                                             Buffers: shared hit=276589 read=32289
                                             ->  Nested Loop  (cost=15872.68..500356.80 rows=1623 width=16) (actual time=38.216..3329.871 rows=36200 loops=1)
                                                   Buffers: shared hit=276588 read=32289
                                                   ->  Bitmap Heap Scan on movie_info mi1  (cost=15872.24..449400.41 rows=7414 width=8) (actual time=38.152..768.388 rows=76779 loops=1)
                                                         Recheck Cond: (info_type_id = 7)
                                                         Filter: ((info)::text = ANY ('{"LAB:Consolidated Film Industries (CFI), Hollywood (CA), USA","LAB:Fotofilm S.A., Madrid, Spain","OFM:8 mm",OFM:Live,OFM:Video,PCS:Kinescope,PCS:Panavision,"RAT:1.37 : 1"}'::text[]))
                                                         Rows Removed by Filter: 1325123
                                                         Heap Blocks: exact=10050
                                                         Buffers: shared hit=1080 read=10069
                                                         ->  Bitmap Index Scan on info_type_id_movie_info  (cost=0.00..15870.39 rows=1484527 width=0) (actual time=36.726..36.727 rows=1401902 loops=1)
                                                               Index Cond: (info_type_id = 7)
                                                               Buffers: shared read=1099
                                                   ->  Memoize  (cost=0.44..6.93 rows=1 width=8) (actual time=0.033..0.033 rows=0 loops=76779)
                                                         Cache Key: mi1.movie_id
                                                         Cache Mode: logical
                                                         Hits: 2347  Misses: 74432  Evictions: 0  Overflows: 0  Memory Usage: 6303kB
                                                         Buffers: shared hit=275508 read=22220
                                                         ->  Index Scan using title_pkey on title t  (cost=0.43..6.92 rows=1 width=8) (actual time=0.033..0.033 rows=0 loops=74432)
                                                               Index Cond: (id = mi1.movie_id)
                                                               Filter: ((production_year <= 1990) AND (production_year >= 1950))
                                                               Rows Removed by Filter: 1
                                                               Buffers: shared hit=275508 read=22220
                                             ->  Hash  (cost=1.11..1.11 rows=5 width=4) (actual time=0.020..0.021 rows=5 loops=1)
                                                   Buckets: 1024  Batches: 1  Memory Usage: 9kB
                                                   Buffers: shared hit=1
                                                   ->  Seq Scan on kind_type kt  (cost=0.00..1.11 rows=5 width=4) (actual time=0.008..0.010 rows=5 loops=1)
                                                         Filter: ((kind)::text = ANY ('{episode,movie,"tv movie","tv series","video game"}'::text[]))
                                                         Rows Removed by Filter: 2
                                                         Buffers: shared hit=1
                                       ->  Index Scan using movie_id_movie_info on movie_info mi2  (cost=0.43..42.98 rows=1 width=8) (actual time=0.104..0.104 rows=0 loops=35889)
                                             Index Cond: (movie_id = t.id)
                                             Filter: ((info_type_id = 8) AND ((info)::text = ANY ('{Australia,Austria,Belgium,Bulgaria,Canada,Netherlands,Norway,Turkey}'::text[])))
                                             Rows Removed by Filter: 17
                                             Buffers: shared hit=348942 read=71218
                     ->  Index Scan using movie_id_cast_info on cast_info ci  (cost=0.44..43.98 rows=38 width=12) (actual time=0.038..0.297 rows=24 loops=978)
                           Index Cond: (movie_id = t.id)
                           Buffers: shared hit=13576 read=12405
               ->  Hash  (cost=1.17..1.17 rows=3 width=4) (actual time=0.032..0.033 rows=3 loops=1)
                     Buckets: 1024  Batches: 1  Memory Usage: 9kB
                     Buffers: shared hit=1
                     ->  Seq Scan on role_type rt  (cost=0.00..1.17 rows=3 width=4) (actual time=0.025..0.027 rows=3 loops=1)
                           Filter: ((role)::text = ANY ('{editor,guest,"production designer"}'::text[]))
                           Rows Removed by Filter: 9
                           Buffers: shared hit=1
         ->  Index Scan using name_pkey on name n  (cost=0.43..2.32 rows=1 width=4) (actual time=0.036..0.036 rows=0 loops=934)
               Index Cond: (id = ci.person_id)
               Filter: ((gender)::text = ANY ('{f,m}'::text[]))
               Rows Removed by Filter: 1
               Buffers: shared hit=2902 read=834
 Planning:
   Buffers: shared hit=487 read=87
 Planning Time: 12.905 ms
 Execution Time: 7444.036 ms
(78 rows)

