                                                                                                                                                                                                                                                                                QUERY PLAN                                                                                                                                                                                                                                                                                
--------------------------------------------------------------------------------------------------------------------------------------------------------------------------------------------------------------------------------------------------------------------------------------------------------------------------------------------------------------------------------------------------------------------------------------------------------------------------------------------------------------------------------------------------------------------------
 Aggregate  (cost=428336.96..428336.97 rows=1 width=8) (actual time=761.955..761.962 rows=1 loops=1)
   Buffers: shared hit=34736 read=27097
   ->  Nested Loop  (cost=32182.75..428336.95 rows=3 width=0) (actual time=480.935..761.955 rows=2 loops=1)
         Buffers: shared hit=34736 read=27097
         ->  Hash Join  (cost=32182.32..428325.35 rows=5 width=4) (actual time=480.897..761.907 rows=2 loops=1)
               Hash Cond: (ci.role_id = rt.id)
               Buffers: shared hit=34730 read=27095
               ->  Nested Loop  (cost=32181.09..428324.07 rows=14 width=8) (actual time=480.716..761.838 rows=36 loops=1)
                     Buffers: shared hit=34729 read=27095
                     ->  Nested Loop  (cost=32180.65..428280.34 rows=1 width=12) (actual time=480.676..761.608 rows=2 loops=1)
                           Buffers: shared hit=34705 read=27077
                           ->  Nested Loop  (cost=32180.65..428277.92 rows=1 width=16) (actual time=480.670..761.588 rows=2 loops=1)
                                 Buffers: shared hit=34703 read=27077
                                 ->  Nested Loop  (cost=32180.65..428275.50 rows=1 width=20) (actual time=480.651..761.555 rows=2 loops=1)
                                       Buffers: shared hit=34701 read=27077
                                       ->  Hash Join  (cost=32180.22..416442.64 rows=276 width=12) (actual time=88.143..692.735 rows=2572 loops=1)
                                             Hash Cond: (t.kind_id = kt.id)
                                             Buffers: shared hit=21439 read=23943
                                             ->  Nested Loop  (cost=32179.06..416439.45 rows=483 width=16) (actual time=88.092..691.849 rows=4347 loops=1)
                                                   Buffers: shared hit=21438 read=23943
                                                   ->  Bitmap Heap Scan on movie_info mi1  (cost=32178.63..410731.22 rows=690 width=8) (actual time=88.056..620.685 rows=4382 loops=1)
                                                         Recheck Cond: (info_type_id = 16)
                                                         Filter: ((info)::text = ANY ('{"Brazil:17 October 2008","Brazil:26 September 2008","Germany:8 February 2007","Germany:8 February 2008","Germany:9 February 2007","USA:10 November 2006","USA:10 October 2008",USA:2010,"USA:January 2010"}'::text[]))
                                                         Rows Removed by Filter: 3032337
                                                         Heap Blocks: exact=25474
                                                         Buffers: shared hit=6016 read=21837
                                                         ->  Bitmap Index Scan on info_type_id_movie_info  (cost=0.00..32178.44 rows=3010400 width=0) (actual time=84.074..84.075 rows=3036719 loops=1)
                                                               Index Cond: (info_type_id = 16)
                                                               Buffers: shared read=2379
                                                   ->  Index Scan using title_pkey on title t  (cost=0.43..8.27 rows=1 width=8) (actual time=0.016..0.016 rows=1 loops=4382)
                                                         Index Cond: (id = mi1.movie_id)
                                                         Filter: ((production_year <= 2015) AND (production_year >= 1990))
                                                         Rows Removed by Filter: 0
                                                         Buffers: shared hit=15422 read=2106
                                             ->  Hash  (cost=1.10..1.10 rows=4 width=4) (actual time=0.023..0.024 rows=4 loops=1)
                                                   Buckets: 1024  Batches: 1  Memory Usage: 9kB
                                                   Buffers: shared hit=1
                                                   ->  Seq Scan on kind_type kt  (cost=0.00..1.10 rows=4 width=4) (actual time=0.011..0.013 rows=4 loops=1)
                                                         Filter: ((kind)::text = ANY ('{episode,"tv movie","tv series","video movie"}'::text[]))
                                                         Rows Removed by Filter: 3
                                                         Buffers: shared hit=1
                                       ->  Index Scan using movie_id_movie_info on movie_info mi2  (cost=0.43..42.86 rows=1 width=8) (actual time=0.027..0.027 rows=0 loops=2572)
                                             Index Cond: (movie_id = t.id)
                                             Filter: ((info_type_id = 7) AND ((info)::text = ANY ('{"CAM:Arriflex 535","CAM:Panaflex Cameras and Lenses by Panavision","CAM:Panavision Genesis HD Camera, Panavision Primo Lenses","CAM:Panavision Panaflex Millennium, Panavision Primo Lenses","CAM:Panavision Panastar, Panavision Primo Lenses","CAM:Thomson VIPER FilmStream Camera","LAB:Cinecolor S.A., Buenos Aires, Argentina","LAB:DeLuxe, London, UK","LAB:Finnlab Oy, Helsinki, Finland","MET:2850 m",OFM:Digital,PCS:3-D,PCS:DV,PCS:VistaVision}'::text[])))
                                             Rows Removed by Filter: 4
                                             Buffers: shared hit=13262 read=3134
                                 ->  Seq Scan on info_type it1  (cost=0.00..2.41 rows=1 width=4) (actual time=0.011..0.015 rows=1 loops=2)
                                       Filter: (id = 16)
                                       Rows Removed by Filter: 112
                                       Buffers: shared hit=2
                           ->  Seq Scan on info_type it2  (cost=0.00..2.41 rows=1 width=4) (actual time=0.004..0.009 rows=1 loops=2)
                                 Filter: (id = 7)
                                 Rows Removed by Filter: 112
                                 Buffers: shared hit=2
                     ->  Index Scan using movie_id_cast_info on cast_info ci  (cost=0.44..43.35 rows=38 width=12) (actual time=0.023..0.111 rows=18 loops=2)
                           Index Cond: (movie_id = t.id)
                           Buffers: shared hit=24 read=18
               ->  Hash  (cost=1.18..1.18 rows=4 width=4) (actual time=0.039..0.040 rows=4 loops=1)
                     Buckets: 1024  Batches: 1  Memory Usage: 9kB
                     Buffers: shared hit=1
                     ->  Seq Scan on role_type rt  (cost=0.00..1.18 rows=4 width=4) (actual time=0.029..0.032 rows=4 loops=1)
                           Filter: ((role)::text = ANY ('{cinematographer,"costume designer","miscellaneous crew","production designer"}'::text[]))
                           Rows Removed by Filter: 8
                           Buffers: shared hit=1
         ->  Index Scan using name_pkey on name n  (cost=0.43..2.32 rows=1 width=4) (actual time=0.022..0.023 rows=1 loops=2)
               Index Cond: (id = ci.person_id)
               Filter: (((gender)::text = 'm'::text) OR (gender IS NULL))
               Buffers: shared hit=6 read=2
 Planning:
   Buffers: shared hit=521 read=56
 Planning Time: 14.159 ms
 Execution Time: 762.596 ms
(72 rows)

