                                                                                                                                                                            QUERY PLAN                                                                                                                                                                             
-------------------------------------------------------------------------------------------------------------------------------------------------------------------------------------------------------------------------------------------------------------------------------------------------------------------------------------------------------------------
 Aggregate  (cost=712258.01..712258.02 rows=1 width=8) (actual time=60260.985..60260.992 rows=1 loops=1)
   Buffers: shared hit=5387620 read=844978
   ->  Nested Loop  (cost=15876.08..712257.18 rows=334 width=0) (actual time=40.230..60152.297 rows=690795 loops=1)
         Buffers: shared hit=5387620 read=844978
         ->  Hash Join  (cost=15875.65..711009.28 rows=538 width=4) (actual time=40.184..26949.555 rows=942035 loops=1)
               Hash Cond: (ci.role_id = rt.id)
               Buffers: shared hit=1781763 read=682695
               ->  Nested Loop  (cost=15874.39..711003.43 rows=1290 width=8) (actual time=40.123..26464.766 rows=1613394 loops=1)
                     Buffers: shared hit=1781762 read=682695
                     ->  Nested Loop  (cost=15873.95..707067.63 rows=90 width=12) (actual time=40.091..8886.687 rows=31532 loops=1)
                           Buffers: shared hit=651843 read=155354
                           ->  Seq Scan on info_type it2  (cost=0.00..2.41 rows=1 width=4) (actual time=0.037..0.046 rows=1 loops=1)
                                 Filter: (id = 7)
                                 Rows Removed by Filter: 112
                                 Buffers: shared hit=1
                           ->  Nested Loop  (cost=15873.95..707064.31 rows=90 width=16) (actual time=40.052..8877.365 rows=31532 loops=1)
                                 Buffers: shared hit=651842 read=155354
                                 ->  Seq Scan on info_type it1  (cost=0.00..2.41 rows=1 width=4) (actual time=0.009..0.020 rows=1 loops=1)
                                       Filter: (id = 4)
                                       Rows Removed by Filter: 112
                                       Buffers: shared hit=1
                                 ->  Nested Loop  (cost=15873.95..707061.00 rows=90 width=20) (actual time=40.040..8867.971 rows=31532 loops=1)
                                       Buffers: shared hit=651841 read=155354
                                       ->  Hash Join  (cost=15873.48..582072.64 rows=2948 width=12) (actual time=39.938..3514.928 rows=36658 loops=1)
                                             Hash Cond: (t.kind_id = kt.id)
                                             Buffers: shared hit=231638 read=37844
                                             ->  Nested Loop  (cost=15872.30..582054.07 rows=4127 width=16) (actual time=39.897..3490.522 rows=43523 loops=1)
                                                   Buffers: shared hit=231637 read=37844
                                                   ->  Bitmap Heap Scan on movie_info mi2  (cost=15871.86..539975.08 rows=5897 width=8) (actual time=39.858..1173.204 rows=69724 loops=1)
                                                         Recheck Cond: (info_type_id = 7)
                                                         Filter: ((info)::text = ANY ('{"CAM:Canon 5D Mark II","CAM:Panasonic AG-HVX200","LAB:FotoKem Laboratory, Burbank (CA), USA","LAB:Laboratoires Ã‰clair, Paris, France","OFM:Super 16",PCS:(anamorphic),PCS:DV,PCS:HDTV,PFM:D-Cinema,PFM:DVD-ROM,PFM:Video,"RAT:1.66 : 1","RAT:2.35 : 1",RAT:4:3}'::text[]))
                                                         Rows Removed by Filter: 1332178
                                                         Heap Blocks: exact=10050
                                                         Buffers: shared hit=223 read=10926
                                                         ->  Bitmap Index Scan on info_type_id_movie_info  (cost=0.00..15870.39 rows=1484527 width=0) (actual time=38.438..38.439 rows=1401902 loops=1)
                                                               Index Cond: (info_type_id = 7)
                                                               Buffers: shared hit=1 read=1098
                                                   ->  Memoize  (cost=0.44..7.18 rows=1 width=8) (actual time=0.033..0.033 rows=1 loops=69724)
                                                         Cache Key: mi2.movie_id
                                                         Cache Mode: logical
                                                         Hits: 5141  Misses: 64583  Evictions: 0  Overflows: 0  Memory Usage: 5827kB
                                                         Buffers: shared hit=231414 read=26918
                                                         ->  Index Scan using title_pkey on title t  (cost=0.43..7.17 rows=1 width=8) (actual time=0.033..0.033 rows=1 loops=64583)
                                                               Index Cond: (id = mi2.movie_id)
                                                               Filter: ((production_year <= 2015) AND (production_year >= 1990))
                                                               Rows Removed by Filter: 0
                                                               Buffers: shared hit=231414 read=26918
                                             ->  Hash  (cost=1.11..1.11 rows=5 width=4) (actual time=0.020..0.020 rows=5 loops=1)
                                                   Buckets: 1024  Batches: 1  Memory Usage: 9kB
                                                   Buffers: shared hit=1
                                                   ->  Seq Scan on kind_type kt  (cost=0.00..1.11 rows=5 width=4) (actual time=0.008..0.011 rows=5 loops=1)
                                                         Filter: ((kind)::text = ANY ('{episode,movie,"tv movie","tv series","video game"}'::text[]))
                                                         Rows Removed by Filter: 2
                                                         Buffers: shared hit=1
                                       ->  Index Scan using movie_id_movie_info on movie_info mi1  (cost=0.47..42.39 rows=1 width=8) (actual time=0.057..0.145 rows=1 loops=36658)
                                             Index Cond: (movie_id = t.id)
                                             Filter: ((info_type_id = 4) AND ((info)::text = ANY ('{Czech,Dutch,English,Finnish,German,Italian,Korean,None,Serbian,Slovenian,Spanish,"Swiss German",Turkish,Ukrainian,Urdu}'::text[])))
                                             Rows Removed by Filter: 40
                                             Buffers: shared hit=420203 read=117510
                     ->  Index Scan using movie_id_cast_info on cast_info ci  (cost=0.44..43.35 rows=38 width=12) (actual time=0.039..0.543 rows=51 loops=31532)
                           Index Cond: (movie_id = t.id)
                           Buffers: shared hit=1129919 read=527341
               ->  Hash  (cost=1.20..1.20 rows=5 width=4) (actual time=0.039..0.039 rows=5 loops=1)
                     Buckets: 1024  Batches: 1  Memory Usage: 9kB
                     Buffers: shared hit=1
                     ->  Seq Scan on role_type rt  (cost=0.00..1.20 rows=5 width=4) (actual time=0.027..0.032 rows=5 loops=1)
                           Filter: ((role)::text = ANY ('{actor,actress,producer,"production designer",writer}'::text[]))
                           Rows Removed by Filter: 7
                           Buffers: shared hit=1
         ->  Index Scan using name_pkey on name n  (cost=0.43..2.32 rows=1 width=4) (actual time=0.035..0.035 rows=1 loops=942035)
               Index Cond: (id = ci.person_id)
               Filter: (((gender)::text = 'm'::text) OR (gender IS NULL))
               Rows Removed by Filter: 0
               Buffers: shared hit=3605857 read=162283
 Planning:
   Buffers: shared hit=577
 Planning Time: 14.141 ms
 Execution Time: 60262.768 ms
(78 rows)

