                                                                                                            QUERY PLAN                                                                                                             
-----------------------------------------------------------------------------------------------------------------------------------------------------------------------------------------------------------------------------------
 Aggregate  (cost=445324.04..445324.05 rows=1 width=8) (actual time=3177.809..3177.815 rows=1 loops=1)
   Buffers: shared hit=272558 read=52901
   ->  Nested Loop  (cost=13059.75..445324.04 rows=2 width=0) (actual time=36.223..3177.426 rows=1188 loops=1)
         Buffers: shared hit=272558 read=52901
         ->  Hash Join  (cost=13059.32..445314.76 rows=4 width=4) (actual time=36.135..3033.769 rows=3984 loops=1)
               Hash Cond: (ci.role_id = rt.id)
               Buffers: shared hit=257540 read=51983
               ->  Nested Loop  (cost=13058.12..445313.51 rows=14 width=8) (actual time=36.084..3028.406 rows=30154 loops=1)
                     Buffers: shared hit=257539 read=51983
                     ->  Nested Loop  (cost=13057.68..445268.96 rows=1 width=12) (actual time=36.042..2715.335 rows=1758 loops=1)
                           Buffers: shared hit=228133 read=46379
                           ->  Nested Loop  (cost=13057.68..445266.53 rows=1 width=16) (actual time=36.037..2686.459 rows=1758 loops=1)
                                 Buffers: shared hit=226375 read=46379
                                 ->  Nested Loop  (cost=13057.68..445264.11 rows=1 width=20) (actual time=36.010..2654.143 rows=1758 loops=1)
                                       Buffers: shared hit=224617 read=46379
                                       ->  Hash Join  (cost=13057.24..439198.31 rows=140 width=12) (actual time=35.874..1692.942 rows=13435 loops=1)
                                             Hash Cond: (t.kind_id = kt.id)
                                             Buffers: shared hit=136471 read=26006
                                             ->  Nested Loop  (cost=13056.07..439196.30 rows=196 width=16) (actual time=35.834..1687.219 rows=13435 loops=1)
                                                   Buffers: shared hit=136470 read=26006
                                                   ->  Bitmap Heap Scan on movie_info mi1  (cost=13055.64..430354.70 rows=1082 width=8) (actual time=35.229..526.917 rows=38266 loops=1)
                                                         Recheck Cond: (info_type_id = 4)
                                                         Filter: ((info)::text = ANY ('{Arabic,Bengali,Filipino,Korean,Polish,Telugu,Turkish}'::text[]))
                                                         Rows Removed by Filter: 1260723
                                                         Heap Blocks: exact=8393
                                                         Buffers: shared hit=779 read=8633
                                                         ->  Bitmap Index Scan on info_type_id_movie_info  (cost=0.00..13055.37 rows=1221191 width=0) (actual time=32.690..32.690 rows=1298989 loops=1)
                                                               Index Cond: (info_type_id = 4)
                                                               Buffers: shared read=1019
                                                   ->  Index Scan using title_pkey on title t  (cost=0.43..8.17 rows=1 width=8) (actual time=0.030..0.030 rows=0 loops=38266)
                                                         Index Cond: (id = mi1.movie_id)
                                                         Filter: ((production_year <= 1975) AND (production_year >= 1875))
                                                         Rows Removed by Filter: 1
                                                         Buffers: shared hit=135691 read=17373
                                             ->  Hash  (cost=1.11..1.11 rows=5 width=4) (actual time=0.017..0.018 rows=5 loops=1)
                                                   Buckets: 1024  Batches: 1  Memory Usage: 9kB
                                                   Buffers: shared hit=1
                                                   ->  Seq Scan on kind_type kt  (cost=0.00..1.11 rows=5 width=4) (actual time=0.008..0.010 rows=5 loops=1)
                                                         Filter: ((kind)::text = ANY ('{episode,movie,"tv movie","tv series","video game"}'::text[]))
                                                         Rows Removed by Filter: 2
                                                         Buffers: shared hit=1
                                       ->  Index Scan using movie_id_movie_info on movie_info mi2  (cost=0.43..43.32 rows=1 width=8) (actual time=0.070..0.071 rows=0 loops=13435)
                                             Index Cond: (movie_id = t.id)
                                             Filter: ((info_type_id = 8) AND ((info)::text = ANY ('{Argentina,Denmark,"East Germany",Greece,"Hong Kong",Hungary,Netherlands,Norway,Poland,"Soviet Union",Spain,Taiwan}'::text[])))
                                             Rows Removed by Filter: 6
                                             Buffers: shared hit=88146 read=20373
                                 ->  Seq Scan on info_type it1  (cost=0.00..2.41 rows=1 width=4) (actual time=0.009..0.016 rows=1 loops=1758)
                                       Filter: (id = 4)
                                       Rows Removed by Filter: 112
                                       Buffers: shared hit=1758
                           ->  Seq Scan on info_type it2  (cost=0.00..2.41 rows=1 width=4) (actual time=0.008..0.015 rows=1 loops=1758)
                                 Filter: (id = 8)
                                 Rows Removed by Filter: 112
                                 Buffers: shared hit=1758
                     ->  Index Scan using movie_id_cast_info on cast_info ci  (cost=0.44..44.17 rows=38 width=12) (actual time=0.031..0.174 rows=17 loops=1758)
                           Index Cond: (movie_id = t.id)
                           Buffers: shared hit=29406 read=5604
               ->  Hash  (cost=1.17..1.17 rows=3 width=4) (actual time=0.031..0.032 rows=3 loops=1)
                     Buckets: 1024  Batches: 1  Memory Usage: 9kB
                     Buffers: shared hit=1
                     ->  Seq Scan on role_type rt  (cost=0.00..1.17 rows=3 width=4) (actual time=0.024..0.026 rows=3 loops=1)
                           Filter: ((role)::text = ANY ('{cinematographer,guest,writer}'::text[]))
                           Rows Removed by Filter: 9
                           Buffers: shared hit=1
         ->  Index Scan using name_pkey on name n  (cost=0.43..2.32 rows=1 width=4) (actual time=0.036..0.036 rows=0 loops=3984)
               Index Cond: (id = ci.person_id)
               Filter: ((gender)::text = 'm'::text)
               Rows Removed by Filter: 1
               Buffers: shared hit=15018 read=918
 Planning:
   Buffers: shared hit=485 read=89
 Planning Time: 8.882 ms
 Execution Time: 3178.236 ms
(73 rows)

