                                                                                                                 QUERY PLAN                                                                                                                  
---------------------------------------------------------------------------------------------------------------------------------------------------------------------------------------------------------------------------------------------
 Aggregate  (cost=386729.96..386729.97 rows=1 width=8) (actual time=4027.879..4027.887 rows=1 loops=1)
   Buffers: shared hit=313571 read=94955
   ->  Nested Loop  (cost=8155.04..386729.95 rows=2 width=0) (actual time=34.659..4027.513 rows=953 loops=1)
         Buffers: shared hit=313571 read=94955
         ->  Hash Join  (cost=8154.61..386716.05 rows=6 width=4) (actual time=34.605..3595.279 rows=13319 loops=1)
               Hash Cond: (ci.role_id = rt.id)
               Buffers: shared hit=265369 read=89881
               ->  Nested Loop  (cost=8153.36..386714.74 rows=14 width=8) (actual time=34.546..3583.369 rows=68228 loops=1)
                     Buffers: shared hit=265368 read=89881
                     ->  Nested Loop  (cost=8152.92..386671.01 rows=1 width=12) (actual time=34.508..2898.697 rows=738 loops=1)
                           Buffers: shared hit=224653 read=62038
                           ->  Nested Loop  (cost=8152.92..386668.59 rows=1 width=16) (actual time=34.502..2886.525 rows=738 loops=1)
                                 Buffers: shared hit=223915 read=62038
                                 ->  Nested Loop  (cost=8152.92..386666.17 rows=1 width=20) (actual time=34.466..2872.968 rows=738 loops=1)
                                       Buffers: shared hit=223177 read=62038
                                       ->  Hash Join  (cost=8152.48..380699.87 rows=140 width=12) (actual time=25.639..1111.748 rows=16822 loops=1)
                                             Hash Cond: (t.kind_id = kt.id)
                                             Buffers: shared hit=84185 read=15808
                                             ->  Nested Loop  (cost=8151.28..380697.99 rows=163 width=16) (actual time=25.604..1104.165 rows=16822 loops=1)
                                                   Buffers: shared hit=84184 read=15808
                                                   ->  Bitmap Heap Scan on movie_info mi1  (cost=8150.85..378736.55 rows=233 width=8) (actual time=24.876..242.799 rows=23592 loops=1)
                                                         Recheck Cond: (info_type_id = 1)
                                                         Filter: ((info)::text = ANY ('{107,24,50,81,Argentina:60,Germany:91,USA:100,USA:109,USA:112,USA:118,USA:91,USA:95}'::text[]))
                                                         Rows Removed by Filter: 778548
                                                         Heap Blocks: exact=4993
                                                         Buffers: shared hit=866 read=4758
                                                         ->  Bitmap Index Scan on info_type_id_movie_info  (cost=0.00..8150.77 rows=762444 width=0) (actual time=23.856..23.856 rows=802140 loops=1)
                                                               Index Cond: (info_type_id = 1)
                                                               Buffers: shared hit=1 read=630
                                                   ->  Index Scan using title_pkey on title t  (cost=0.43..8.42 rows=1 width=8) (actual time=0.036..0.036 rows=1 loops=23592)
                                                         Index Cond: (id = mi1.movie_id)
                                                         Filter: ((production_year <= 2015) AND (production_year >= 1990))
                                                         Rows Removed by Filter: 0
                                                         Buffers: shared hit=83318 read=11050
                                             ->  Hash  (cost=1.12..1.12 rows=6 width=4) (actual time=0.015..0.017 rows=6 loops=1)
                                                   Buckets: 1024  Batches: 1  Memory Usage: 9kB
                                                   Buffers: shared hit=1
                                                   ->  Seq Scan on kind_type kt  (cost=0.00..1.12 rows=6 width=4) (actual time=0.008..0.010 rows=6 loops=1)
                                                         Filter: ((kind)::text = ANY ('{episode,movie,"tv movie","tv series","video game","video movie"}'::text[]))
                                                         Rows Removed by Filter: 1
                                                         Buffers: shared hit=1
                                       ->  Index Scan using movie_id_movie_info on movie_info mi2  (cost=0.43..42.61 rows=1 width=8) (actual time=0.103..0.104 rows=0 loops=16822)
                                             Index Cond: (movie_id = t.id)
                                             Filter: ((info_type_id = 5) AND ((info)::text = ANY ('{Iceland:16,Ireland:PG,Mexico:B,Netherlands:AL,Portugal:M/12,Portugal:M/16,"South Korea:15","South Korea:All",Switzerland:16}'::text[])))
                                             Rows Removed by Filter: 13
                                             Buffers: shared hit=138992 read=46230
                                 ->  Seq Scan on info_type it1  (cost=0.00..2.41 rows=1 width=4) (actual time=0.008..0.016 rows=1 loops=738)
                                       Filter: (id = 1)
                                       Rows Removed by Filter: 112
                                       Buffers: shared hit=738
                           ->  Seq Scan on info_type it2  (cost=0.00..2.41 rows=1 width=4) (actual time=0.007..0.015 rows=1 loops=738)
                                 Filter: (id = 5)
                                 Rows Removed by Filter: 112
                                 Buffers: shared hit=738
                     ->  Index Scan using movie_id_cast_info on cast_info ci  (cost=0.44..43.35 rows=38 width=12) (actual time=0.041..0.908 rows=92 loops=738)
                           Index Cond: (movie_id = t.id)
                           Buffers: shared hit=40715 read=27843
               ->  Hash  (cost=1.20..1.20 rows=5 width=4) (actual time=0.037..0.038 rows=5 loops=1)
                     Buckets: 1024  Batches: 1  Memory Usage: 9kB
                     Buffers: shared hit=1
                     ->  Seq Scan on role_type rt  (cost=0.00..1.20 rows=5 width=4) (actual time=0.025..0.029 rows=5 loops=1)
                           Filter: ((role)::text = ANY ('{actress,composer,director,guest,writer}'::text[]))
                           Rows Removed by Filter: 7
                           Buffers: shared hit=1
         ->  Index Scan using name_pkey on name n  (cost=0.43..2.32 rows=1 width=4) (actual time=0.032..0.032 rows=0 loops=13319)
               Index Cond: (id = ci.person_id)
               Filter: (gender IS NULL)
               Rows Removed by Filter: 1
               Buffers: shared hit=48202 read=5074
 Planning:
   Buffers: shared hit=576 read=1
 Planning Time: 10.121 ms
 Execution Time: 4028.342 ms
(73 rows)

