                                                                                                 QUERY PLAN                                                                                                  
-------------------------------------------------------------------------------------------------------------------------------------------------------------------------------------------------------------
 Aggregate  (cost=486342.63..486342.64 rows=1 width=8) (actual time=5429.119..5429.128 rows=1 loops=1)
   Buffers: shared hit=443813 read=112229
   ->  Nested Loop  (cost=14216.15..486342.61 rows=8 width=0) (actual time=42.515..5427.400 rows=8924 loops=1)
         Buffers: shared hit=443813 read=112229
         ->  Hash Join  (cost=14215.72..486319.42 rows=10 width=4) (actual time=42.477..5108.663 rows=8924 loops=1)
               Hash Cond: (ci.role_id = rt.id)
               Buffers: shared hit=413228 read=107118
               ->  Nested Loop  (cost=14214.55..486318.04 rows=57 width=8) (actual time=42.225..5092.183 rows=97312 loops=1)
                     Buffers: shared hit=413227 read=107118
                     ->  Nested Loop  (cost=14214.11..486143.40 rows=4 width=12) (actual time=42.168..3984.072 rows=3553 loops=1)
                           Buffers: shared hit=349062 read=66068
                           ->  Seq Scan on info_type it2  (cost=0.00..2.41 rows=1 width=4) (actual time=0.035..0.046 rows=1 loops=1)
                                 Filter: (id = 6)
                                 Rows Removed by Filter: 112
                                 Buffers: shared hit=1
                           ->  Nested Loop  (cost=14214.11..486140.95 rows=4 width=16) (actual time=42.131..3983.081 rows=3553 loops=1)
                                 Buffers: shared hit=349061 read=66068
                                 ->  Seq Scan on info_type it1  (cost=0.00..2.41 rows=1 width=4) (actual time=0.009..0.022 rows=1 loops=1)
                                       Filter: (id = 8)
                                       Rows Removed by Filter: 112
                                       Buffers: shared hit=1
                                 ->  Nested Loop  (cost=14214.11..486138.50 rows=4 width=20) (actual time=42.119..3982.147 rows=3553 loops=1)
                                       Buffers: shared hit=349060 read=66068
                                       ->  Hash Join  (cost=14213.67..434778.64 rows=1208 width=12) (actual time=36.617..1767.835 rows=26359 loops=1)
                                             Hash Cond: (t.kind_id = kt.id)
                                             Buffers: shared hit=136100 read=17990
                                             ->  Nested Loop  (cost=14212.52..434768.57 rows=2114 width=16) (actual time=36.482..1755.702 rows=34749 loops=1)
                                                   Buffers: shared hit=136099 read=17990
                                                   ->  Bitmap Heap Scan on movie_info mi1  (cost=14212.09..416920.57 rows=2263 width=8) (actual time=36.445..545.768 rows=36299 loops=1)
                                                         Recheck Cond: (info_type_id = 8)
                                                         Filter: ((info)::text = ANY ('{Austria,"Czech Republic",Egypt,Portugal,Sweden,Taiwan}'::text[]))
                                                         Rows Removed by Filter: 1289062
                                                         Heap Blocks: exact=7853
                                                         Buffers: shared hit=3280 read=5613
                                                         ->  Bitmap Index Scan on info_type_id_movie_info  (cost=0.00..14211.52 rows=1329478 width=0) (actual time=35.387..35.388 rows=1325361 loops=1)
                                                               Index Cond: (info_type_id = 8)
                                                               Buffers: shared read=1040
                                                   ->  Index Scan using title_pkey on title t  (cost=0.43..7.89 rows=1 width=8) (actual time=0.033..0.033 rows=1 loops=36299)
                                                         Index Cond: (id = mi1.movie_id)
                                                         Filter: ((production_year <= 2015) AND (production_year >= 1925))
                                                         Rows Removed by Filter: 0
                                                         Buffers: shared hit=132819 read=12377
                                             ->  Hash  (cost=1.10..1.10 rows=4 width=4) (actual time=0.019..0.020 rows=4 loops=1)
                                                   Buckets: 1024  Batches: 1  Memory Usage: 9kB
                                                   Buffers: shared hit=1
                                                   ->  Seq Scan on kind_type kt  (cost=0.00..1.10 rows=4 width=4) (actual time=0.009..0.012 rows=4 loops=1)
                                                         Filter: ((kind)::text = ANY ('{movie,"tv series","video game","video movie"}'::text[]))
                                                         Rows Removed by Filter: 3
                                                         Buffers: shared hit=1
                                       ->  Index Scan using movie_id_movie_info on movie_info mi2  (cost=0.43..42.51 rows=1 width=8) (actual time=0.075..0.084 rows=0 loops=26359)
                                             Index Cond: (movie_id = t.id)
                                             Filter: ((info_type_id = 6) AND ((info)::text = ANY ('{"4-Track Stereo","70 mm 6-Track",DTS,"Dolby Digital EX","Dolby Digital",Dolby,Silent,Stereo}'::text[])))
                                             Rows Removed by Filter: 11
                                             Buffers: shared hit=212960 read=48078
                     ->  Index Scan using movie_id_cast_info on cast_info ci  (cost=0.44..43.28 rows=38 width=12) (actual time=0.038..0.305 rows=27 loops=3553)
                           Index Cond: (movie_id = t.id)
                           Buffers: shared hit=64165 read=41050
               ->  Hash  (cost=1.15..1.15 rows=2 width=4) (actual time=0.036..0.037 rows=2 loops=1)
                     Buckets: 1024  Batches: 1  Memory Usage: 9kB
                     Buffers: shared hit=1
                     ->  Seq Scan on role_type rt  (cost=0.00..1.15 rows=2 width=4) (actual time=0.027..0.030 rows=2 loops=1)
                           Filter: ((role)::text = ANY ('{director,writer}'::text[]))
                           Rows Removed by Filter: 10
                           Buffers: shared hit=1
         ->  Index Scan using name_pkey on name n  (cost=0.43..2.32 rows=1 width=4) (actual time=0.035..0.035 rows=1 loops=8924)
               Index Cond: (id = ci.person_id)
               Filter: (((gender)::text = ANY ('{f,m}'::text[])) OR (gender IS NULL))
               Buffers: shared hit=30585 read=5111
 Planning:
   Buffers: shared hit=530 read=44
 Planning Time: 13.465 ms
 Execution Time: 5429.746 ms
(72 rows)

