                                                                                                      QUERY PLAN                                                                                                       
-----------------------------------------------------------------------------------------------------------------------------------------------------------------------------------------------------------------------
 Aggregate  (cost=380154.07..380154.08 rows=1 width=8) (actual time=16691.299..16691.306 rows=1 loops=1)
   Buffers: shared hit=1483454 read=222956
   ->  Nested Loop  (cost=4697.67..380154.06 rows=4 width=0) (actual time=18.867..16685.055 rows=28394 loops=1)
         Buffers: shared hit=1483454 read=222956
         ->  Hash Join  (cost=4697.24..380130.87 rows=10 width=4) (actual time=18.817..13762.574 rows=81785 loops=1)
               Hash Cond: (ci.role_id = rt.id)
               Buffers: shared hit=1168815 read=210455
               ->  Nested Loop  (cost=4696.01..380129.54 rows=29 width=8) (actual time=17.955..13614.466 rows=751204 loops=1)
                     Buffers: shared hit=1168814 read=210455
                     ->  Nested Loop  (cost=4695.57..380039.83 rows=2 width=12) (actual time=17.915..5947.029 rows=21826 loops=1)
                           Buffers: shared hit=458961 read=117308
                           ->  Seq Scan on info_type it2  (cost=0.00..2.41 rows=1 width=4) (actual time=0.016..0.025 rows=1 loops=1)
                                 Filter: (id = 2)
                                 Rows Removed by Filter: 112
                                 Buffers: shared hit=1
                           ->  Nested Loop  (cost=4695.57..380037.39 rows=2 width=16) (actual time=17.898..5941.290 rows=21826 loops=1)
                                 Buffers: shared hit=458960 read=117308
                                 ->  Seq Scan on info_type it1  (cost=0.00..2.41 rows=1 width=4) (actual time=0.005..0.016 rows=1 loops=1)
                                       Filter: (id = 5)
                                       Rows Removed by Filter: 112
                                       Buffers: shared hit=1
                                 ->  Nested Loop  (cost=4695.57..380034.96 rows=2 width=20) (actual time=17.891..5935.735 rows=21826 loops=1)
                                       Buffers: shared hit=458959 read=117308
                                       ->  Hash Join  (cost=4695.13..377754.94 rows=53 width=12) (actual time=17.828..2221.405 rows=21448 loops=1)
                                             Hash Cond: (t.kind_id = kt.id)
                                             Buffers: shared hit=184836 read=37953
                                             ->  Nested Loop  (cost=4693.94..377753.48 rows=62 width=16) (actual time=17.796..2208.991 rows=21448 loops=1)
                                                   Buffers: shared hit=184835 read=37953
                                                   ->  Bitmap Heap Scan on movie_info mi1  (cost=4693.51..374133.10 rows=434 width=8) (actual time=17.395..397.416 rows=50804 loops=1)
                                                         Recheck Cond: (info_type_id = 5)
                                                         Filter: ((info)::text = ANY ('{Argentina:18,Belgium:KT,Finland:K-8,France:U,Germany:12,Norway:16,UK:12,UK:18,UK:PG,USA:Approved,"West Germany:18"}'::text[]))
                                                         Rows Removed by Filter: 435750
                                                         Heap Blocks: exact=19164
                                                         Buffers: shared hit=2009 read=17563
                                                         ->  Bitmap Index Scan on info_type_id_movie_info  (cost=0.00..4693.37 rows=439058 width=0) (actual time=14.816..14.816 rows=486554 loops=1)
                                                               Index Cond: (info_type_id = 5)
                                                               Buffers: shared read=408
                                                   ->  Index Scan using title_pkey on title t  (cost=0.43..8.34 rows=1 width=8) (actual time=0.035..0.035 rows=0 loops=50804)
                                                         Index Cond: (id = mi1.movie_id)
                                                         Filter: ((production_year <= 1975) AND (production_year >= 1925))
                                                         Rows Removed by Filter: 1
                                                         Buffers: shared hit=182826 read=20390
                                             ->  Hash  (cost=1.12..1.12 rows=6 width=4) (actual time=0.013..0.014 rows=6 loops=1)
                                                   Buckets: 1024  Batches: 1  Memory Usage: 9kB
                                                   Buffers: shared hit=1
                                                   ->  Seq Scan on kind_type kt  (cost=0.00..1.12 rows=6 width=4) (actual time=0.006..0.007 rows=6 loops=1)
                                                         Filter: ((kind)::text = ANY ('{episode,movie,"tv movie","tv series","video game","video movie"}'::text[]))
                                                         Rows Removed by Filter: 1
                                                         Buffers: shared hit=1
                                       ->  Index Scan using movie_id_movie_info on movie_info mi2  (cost=0.43..43.01 rows=1 width=8) (actual time=0.151..0.172 rows=1 loops=21448)
                                             Index Cond: (movie_id = t.id)
                                             Filter: (((info)::text = ANY ('{"Black and White",Color}'::text[])) AND (info_type_id = 2))
                                             Rows Removed by Filter: 41
                                             Buffers: shared hit=274123 read=79355
                     ->  Index Scan using movie_id_cast_info on cast_info ci  (cost=0.44..44.48 rows=38 width=12) (actual time=0.037..0.342 rows=34 loops=21826)
                           Index Cond: (movie_id = t.id)
                           Buffers: shared hit=709853 read=93147
               ->  Hash  (cost=1.18..1.18 rows=4 width=4) (actual time=0.028..0.029 rows=4 loops=1)
                     Buckets: 1024  Batches: 1  Memory Usage: 9kB
                     Buffers: shared hit=1
                     ->  Seq Scan on role_type rt  (cost=0.00..1.18 rows=4 width=4) (actual time=0.020..0.021 rows=4 loops=1)
                           Filter: ((role)::text = ANY ('{"costume designer",editor,"production designer",writer}'::text[]))
                           Rows Removed by Filter: 8
                           Buffers: shared hit=1
         ->  Index Scan using name_pkey on name n  (cost=0.43..2.32 rows=1 width=4) (actual time=0.035..0.035 rows=0 loops=81785)
               Index Cond: (id = ci.person_id)
               Filter: ((gender)::text = 'm'::text)
               Rows Removed by Filter: 1
               Buffers: shared hit=314639 read=12501
 Planning:
   Buffers: shared hit=486 read=91
 Planning Time: 9.212 ms
 Execution Time: 16691.858 ms
(73 rows)

