                                                                                                                                   QUERY PLAN                                                                                                                                    
---------------------------------------------------------------------------------------------------------------------------------------------------------------------------------------------------------------------------------------------------------------------------------
 Aggregate  (cost=503366.83..503366.84 rows=1 width=8) (actual time=11648.307..11648.316 rows=1 loops=1)
   Buffers: shared hit=886943 read=95074
   ->  Nested Loop  (cost=13061.22..503366.82 rows=3 width=0) (actual time=70.463..11642.695 rows=32993 loops=1)
         Buffers: shared hit=886943 read=95074
         ->  Hash Join  (cost=13060.79..503355.23 rows=5 width=4) (actual time=70.400..10075.176 rows=34422 loops=1)
               Hash Cond: (ci.role_id = rt.id)
               Buffers: shared hit=761188 read=83141
               ->  Nested Loop  (cost=13059.61..503353.95 rows=29 width=8) (actual time=70.335..10054.513 rows=65613 loops=1)
                     Buffers: shared hit=761187 read=83141
                     ->  Nested Loop  (cost=13059.17..503264.84 rows=2 width=12) (actual time=70.279..9210.804 rows=2221 loops=1)
                           Buffers: shared hit=703021 read=70473
                           ->  Seq Scan on info_type it2  (cost=0.00..2.41 rows=1 width=4) (actual time=0.030..0.045 rows=1 loops=1)
                                 Filter: (id = 7)
                                 Rows Removed by Filter: 112
                                 Buffers: shared hit=1
                           ->  Nested Loop  (cost=13059.17..503262.41 rows=2 width=16) (actual time=70.247..9210.044 rows=2221 loops=1)
                                 Buffers: shared hit=703020 read=70473
                                 ->  Seq Scan on info_type it1  (cost=0.00..2.41 rows=1 width=4) (actual time=0.008..0.024 rows=1 loops=1)
                                       Filter: (id = 4)
                                       Rows Removed by Filter: 112
                                       Buffers: shared hit=1
                                 ->  Nested Loop  (cost=13059.17..503259.98 rows=2 width=20) (actual time=70.235..9209.186 rows=2221 loops=1)
                                       Buffers: shared hit=703019 read=70473
                                       ->  Hash Join  (cost=13058.74..464005.54 rows=906 width=12) (actual time=39.813..5380.340 rows=33676 loops=1)
                                             Hash Cond: (t.kind_id = kt.id)
                                             Buffers: shared hit=409329 read=34344
                                             ->  Nested Loop  (cost=13057.56..463999.03 rows=1268 width=16) (actual time=39.766..5362.642 rows=33679 loops=1)
                                                   Buffers: shared hit=409328 read=34344
                                                   ->  Bitmap Heap Scan on movie_info mi1  (cost=13057.12..415327.00 rows=7013 width=8) (actual time=38.897..705.014 rows=110206 loops=1)
                                                         Recheck Cond: (info_type_id = 4)
                                                         Filter: ((info)::text = ANY ('{Arabic,Greek,Italian,Japanese,Mandarin,Russian}'::text[]))
                                                         Rows Removed by Filter: 1188783
                                                         Heap Blocks: exact=8393
                                                         Buffers: shared hit=1549 read=7863
                                                         ->  Bitmap Index Scan on info_type_id_movie_info  (cost=0.00..13055.37 rows=1221191 width=0) (actual time=36.515..36.516 rows=1298989 loops=1)
                                                               Index Cond: (info_type_id = 4)
                                                               Buffers: shared read=1019
                                                   ->  Memoize  (cost=0.44..6.99 rows=1 width=8) (actual time=0.042..0.042 rows=0 loops=110206)
                                                         Cache Key: mi1.movie_id
                                                         Cache Mode: logical
                                                         Hits: 1641  Misses: 108565  Evictions: 4762  Overflows: 0  Memory Usage: 8193kB
                                                         Buffers: shared hit=407779 read=26481
                                                         ->  Index Scan using title_pkey on title t  (cost=0.43..6.98 rows=1 width=8) (actual time=0.041..0.041 rows=0 loops=108565)
                                                               Index Cond: (id = mi1.movie_id)
                                                               Filter: ((production_year <= 1975) AND (production_year >= 1875))
                                                               Rows Removed by Filter: 1
                                                               Buffers: shared hit=407779 read=26481
                                             ->  Hash  (cost=1.11..1.11 rows=5 width=4) (actual time=0.024..0.025 rows=5 loops=1)
                                                   Buckets: 1024  Batches: 1  Memory Usage: 9kB
                                                   Buffers: shared hit=1
                                                   ->  Seq Scan on kind_type kt  (cost=0.00..1.11 rows=5 width=4) (actual time=0.011..0.014 rows=5 loops=1)
                                                         Filter: ((kind)::text = ANY ('{episode,movie,"tv movie","tv series","video movie"}'::text[]))
                                                         Rows Removed by Filter: 2
                                                         Buffers: shared hit=1
                                       ->  Index Scan using movie_id_movie_info on movie_info mi2  (cost=0.43..43.32 rows=1 width=8) (actual time=0.107..0.113 rows=0 loops=33676)
                                             Index Cond: (movie_id = t.id)
                                             Filter: ((info_type_id = 7) AND ((info)::text = ANY ('{LAB:Technicolor,"MET:150 m","MET:600 m","MET:900 m","OFM:16 mm",OFM:Live,PCS:Panavision,PCS:Techniscope,PCS:Tohoscope,"PFM:70 mm","RAT:1.66 : 1","RAT:1.85 : 1"}'::text[])))
                                             Rows Removed by Filter: 11
                                             Buffers: shared hit=293690 read=36129
                     ->  Index Scan using movie_id_cast_info on cast_info ci  (cost=0.44..44.17 rows=38 width=12) (actual time=0.039..0.371 rows=30 loops=2221)
                           Index Cond: (movie_id = t.id)
                           Buffers: shared hit=58166 read=12668
               ->  Hash  (cost=1.15..1.15 rows=2 width=4) (actual time=0.036..0.036 rows=2 loops=1)
                     Buckets: 1024  Batches: 1  Memory Usage: 9kB
                     Buffers: shared hit=1
                     ->  Seq Scan on role_type rt  (cost=0.00..1.15 rows=2 width=4) (actual time=0.026..0.030 rows=2 loops=1)
                           Filter: ((role)::text = ANY ('{actor,cinematographer}'::text[]))
                           Rows Removed by Filter: 10
                           Buffers: shared hit=1
         ->  Index Scan using name_pkey on name n  (cost=0.43..2.32 rows=1 width=4) (actual time=0.045..0.045 rows=1 loops=34422)
               Index Cond: (id = ci.person_id)
               Filter: ((gender)::text = ANY ('{f,m}'::text[]))
               Rows Removed by Filter: 0
               Buffers: shared hit=125755 read=11933
 Planning:
   Buffers: shared hit=483 read=91
 Planning Time: 14.219 ms
 Execution Time: 11650.591 ms
(78 rows)

