                                                                                                                                                                                                                    QUERY PLAN                                                                                                                                                                                                                     
---------------------------------------------------------------------------------------------------------------------------------------------------------------------------------------------------------------------------------------------------------------------------------------------------------------------------------------------------------------------------------------------------------------------------------------------------
 Aggregate  (cost=126270.15..126270.16 rows=1 width=8) (actual time=644.165..644.171 rows=1 loops=1)
   Buffers: shared hit=35877 read=21400
   ->  Nested Loop  (cost=713.85..126270.15 rows=1 width=0) (actual time=15.041..643.908 rows=1684 loops=1)
         Buffers: shared hit=35877 read=21400
         ->  Hash Join  (cost=713.42..126265.51 rows=2 width=4) (actual time=15.004..400.134 rows=5670 loops=1)
               Hash Cond: (ci.role_id = rt.id)
               Buffers: shared hit=18065 read=16532
               ->  Nested Loop  (cost=712.24..126264.29 rows=14 width=8) (actual time=13.923..397.213 rows=13691 loops=1)
                     Buffers: shared hit=18064 read=16532
                     ->  Nested Loop  (cost=711.80..126220.63 rows=1 width=12) (actual time=13.880..246.717 rows=109 loops=1)
                           Buffers: shared hit=11970 read=8905
                           ->  Nested Loop  (cost=711.80..126218.21 rows=1 width=16) (actual time=13.875..244.402 rows=109 loops=1)
                                 Buffers: shared hit=11861 read=8905
                                 ->  Nested Loop  (cost=711.80..126215.78 rows=1 width=20) (actual time=13.849..242.809 rows=109 loops=1)
                                       Buffers: shared hit=11752 read=8905
                                       ->  Nested Loop  (cost=711.37..126003.46 rows=5 width=12) (actual time=12.668..126.772 rows=670 loops=1)
                                             Buffers: shared hit=4329 read=5045
                                             ->  Nested Loop  (cost=711.23..126002.38 rows=7 width=16) (actual time=12.658..116.433 rows=687 loops=1)
                                                   Buffers: shared hit=2955 read=5045
                                                   ->  Bitmap Heap Scan on movie_info mi1  (cost=710.80..125934.76 rows=8 width=8) (actual time=12.610..94.987 rows=687 loops=1)
                                                         Recheck Cond: (info_type_id = 103)
                                                         Filter: ((info)::text = ANY ('{"Columbia Pictures Industries, Inc.","Loews Incorporated","Paramount Pictures Corporation","Twentieth Century Fox Film Corporation","Warner Bros. Entertainment Inc."}'::text[]))
                                                         Rows Removed by Filter: 60441
                                                         Heap Blocks: exact=5201
                                                         Buffers: shared hit=627 read=4625
                                                         ->  Bitmap Index Scan on info_type_id_movie_info  (cost=0.00..710.80 rows=66449 width=0) (actual time=11.821..11.822 rows=61128 loops=1)
                                                               Index Cond: (info_type_id = 103)
                                                               Buffers: shared read=51
                                                   ->  Index Scan using title_pkey on title t  (cost=0.43..8.45 rows=1 width=8) (actual time=0.030..0.030 rows=1 loops=687)
                                                         Index Cond: (id = mi1.movie_id)
                                                         Filter: ((production_year <= 2015) AND (production_year >= 1925))
                                                         Buffers: shared hit=2328 read=420
                                             ->  Index Scan using kind_type_pkey on kind_type kt  (cost=0.13..0.16 rows=1 width=4) (actual time=0.014..0.014 rows=1 loops=687)
                                                   Index Cond: (id = t.kind_id)
                                                   Filter: ((kind)::text = ANY ('{episode,movie,"tv movie","video game","video movie"}'::text[]))
                                                   Rows Removed by Filter: 0
                                                   Buffers: shared hit=1374
                                       ->  Index Scan using movie_id_movie_info on movie_info mi2  (cost=0.43..42.46 rows=1 width=8) (actual time=0.133..0.173 rows=0 loops=670)
                                             Index Cond: (movie_id = t.id)
                                             Filter: ((info_type_id = 18) AND ((info)::text = ANY ('{"London, England, UK","Los Angeles, California, USA","Metro-Goldwyn-Mayer Studios - 10202 W. Washington Blvd., Culver City, California, USA","New York City, New York, USA","Toronto, Ontario, Canada","Vancouver, British Columbia, Canada","Warner Brothers Burbank Studios - 4000 Warner Boulevard, Burbank, California, USA"}'::text[])))
                                             Rows Removed by Filter: 68
                                             Buffers: shared hit=7423 read=3860
                                 ->  Seq Scan on info_type it1  (cost=0.00..2.41 rows=1 width=4) (actual time=0.011..0.012 rows=1 loops=109)
                                       Filter: (id = 103)
                                       Rows Removed by Filter: 112
                                       Buffers: shared hit=109
                           ->  Seq Scan on info_type it2  (cost=0.00..2.41 rows=1 width=4) (actual time=0.013..0.020 rows=1 loops=109)
                                 Filter: (id = 18)
                                 Rows Removed by Filter: 112
                                 Buffers: shared hit=109
                     ->  Index Scan using movie_id_cast_info on cast_info ci  (cost=0.44..43.28 rows=38 width=12) (actual time=0.046..1.355 rows=126 loops=109)
                           Index Cond: (movie_id = t.id)
                           Buffers: shared hit=6094 read=7627
               ->  Hash  (cost=1.15..1.15 rows=2 width=4) (actual time=0.036..0.037 rows=2 loops=1)
                     Buckets: 1024  Batches: 1  Memory Usage: 9kB
                     Buffers: shared hit=1
                     ->  Seq Scan on role_type rt  (cost=0.00..1.15 rows=2 width=4) (actual time=0.028..0.030 rows=2 loops=1)
                           Filter: ((role)::text = ANY ('{guest,"miscellaneous crew"}'::text[]))
                           Rows Removed by Filter: 10
                           Buffers: shared hit=1
         ->  Index Scan using name_pkey on name n  (cost=0.43..2.32 rows=1 width=4) (actual time=0.043..0.043 rows=0 loops=5670)
               Index Cond: (id = ci.person_id)
               Filter: ((gender)::text = ANY ('{f,m}'::text[]))
               Rows Removed by Filter: 1
               Buffers: shared hit=17812 read=4868
 Planning:
   Buffers: shared hit=519 read=55
 Planning Time: 14.264 ms
 Execution Time: 644.717 ms
(69 rows)

