                                                                                                                                                      QUERY PLAN                                                                                                                                                      
----------------------------------------------------------------------------------------------------------------------------------------------------------------------------------------------------------------------------------------------------------------------------------------------------------------------
 Aggregate  (cost=454082.75..454082.76 rows=1 width=8) (actual time=1994.896..1994.905 rows=1 loops=1)
   Buffers: shared hit=153413 read=48184
   ->  Nested Loop  (cost=8155.09..454082.75 rows=1 width=0) (actual time=67.834..1994.772 rows=135 loops=1)
         Buffers: shared hit=153413 read=48184
         ->  Hash Join  (cost=8154.66..454080.43 rows=1 width=4) (actual time=67.774..1986.382 rows=244 loops=1)
               Hash Cond: (ci.role_id = rt.id)
               Buffers: shared hit=152746 read=47875
               ->  Nested Loop  (cost=8153.49..454079.22 rows=14 width=8) (actual time=67.646..1985.240 rows=6224 loops=1)
                     Buffers: shared hit=152745 read=47875
                     ->  Nested Loop  (cost=8153.05..454035.49 rows=1 width=12) (actual time=67.605..1906.305 rows=228 loops=1)
                           Buffers: shared hit=150871 read=43018
                           ->  Nested Loop  (cost=8153.05..454033.07 rows=1 width=16) (actual time=67.593..1901.703 rows=228 loops=1)
                                 Buffers: shared hit=150643 read=43018
                                 ->  Nested Loop  (cost=8153.05..454030.64 rows=1 width=20) (actual time=67.566..1897.272 rows=228 loops=1)
                                       Buffers: shared hit=150415 read=43018
                                       ->  Hash Join  (cost=8152.62..430904.76 rows=542 width=12) (actual time=24.548..796.443 rows=11835 loops=1)
                                             Hash Cond: (t.kind_id = kt.id)
                                             Buffers: shared hit=62684 read=5617
                                             ->  Nested Loop  (cost=8151.42..430900.90 rows=633 width=16) (actual time=24.502..792.467 rows=11835 loops=1)
                                                   Buffers: shared hit=62683 read=5617
                                                   ->  Bitmap Heap Scan on movie_info mi1  (cost=8150.99..423475.84 rows=904 width=8) (actual time=24.451..320.831 rows=15669 loops=1)
                                                         Recheck Cond: (info_type_id = 1)
                                                         Filter: ((info)::text = ANY ('{12,48,99,Germany:88,USA:23,USA:55,USA:7}'::text[]))
                                                         Rows Removed by Filter: 786471
                                                         Heap Blocks: exact=4993
                                                         Buffers: shared hit=1986 read=3638
                                                         ->  Bitmap Index Scan on info_type_id_movie_info  (cost=0.00..8150.77 rows=762444 width=0) (actual time=23.700..23.700 rows=802140 loops=1)
                                                               Index Cond: (info_type_id = 1)
                                                               Buffers: shared hit=1 read=630
                                                   ->  Index Scan using title_pkey on title t  (cost=0.43..8.21 rows=1 width=8) (actual time=0.030..0.030 rows=1 loops=15669)
                                                         Index Cond: (id = mi1.movie_id)
                                                         Filter: ((production_year <= 2015) AND (production_year >= 1990))
                                                         Rows Removed by Filter: 0
                                                         Buffers: shared hit=60697 read=1979
                                             ->  Hash  (cost=1.12..1.12 rows=6 width=4) (actual time=0.022..0.024 rows=6 loops=1)
                                                   Buckets: 1024  Batches: 1  Memory Usage: 9kB
                                                   Buffers: shared hit=1
                                                   ->  Seq Scan on kind_type kt  (cost=0.00..1.12 rows=6 width=4) (actual time=0.012..0.015 rows=6 loops=1)
                                                         Filter: ((kind)::text = ANY ('{episode,movie,"tv movie","tv series","video game","video movie"}'::text[]))
                                                         Rows Removed by Filter: 1
                                                         Buffers: shared hit=1
                                       ->  Index Scan using movie_id_movie_info on movie_info mi2  (cost=0.43..42.66 rows=1 width=8) (actual time=0.091..0.093 rows=0 loops=11835)
                                             Index Cond: (movie_id = t.id)
                                             Filter: ((info_type_id = 18) AND ((info)::text = ANY ('{Argentina,"Austin, Texas, USA","Boston, Massachusetts, USA",India,Japan,"Lisbon, Portugal","New Jersey, USA","New Orleans, Louisiana, USA","Phoenix, Arizona, USA","San Francisco, California, USA"}'::text[])))
                                             Rows Removed by Filter: 12
                                             Buffers: shared hit=87731 read=37401
                                 ->  Seq Scan on info_type it1  (cost=0.00..2.41 rows=1 width=4) (actual time=0.010..0.016 rows=1 loops=228)
                                       Filter: (id = 1)
                                       Rows Removed by Filter: 112
                                       Buffers: shared hit=228
                           ->  Seq Scan on info_type it2  (cost=0.00..2.41 rows=1 width=4) (actual time=0.012..0.018 rows=1 loops=228)
                                 Filter: (id = 18)
                                 Rows Removed by Filter: 112
                                 Buffers: shared hit=228
                     ->  Index Scan using movie_id_cast_info on cast_info ci  (cost=0.44..43.35 rows=38 width=12) (actual time=0.049..0.339 rows=27 loops=228)
                           Index Cond: (movie_id = t.id)
                           Buffers: shared hit=1874 read=4857
               ->  Hash  (cost=1.15..1.15 rows=1 width=4) (actual time=0.035..0.035 rows=1 loops=1)
                     Buckets: 1024  Batches: 1  Memory Usage: 9kB
                     Buffers: shared hit=1
                     ->  Seq Scan on role_type rt  (cost=0.00..1.15 rows=1 width=4) (actual time=0.027..0.028 rows=1 loops=1)
                           Filter: ((role)::text = 'editor'::text)
                           Rows Removed by Filter: 11
                           Buffers: shared hit=1
         ->  Index Scan using name_pkey on name n  (cost=0.43..2.32 rows=1 width=4) (actual time=0.033..0.033 rows=1 loops=244)
               Index Cond: (id = ci.person_id)
               Filter: (gender IS NULL)
               Rows Removed by Filter: 0
               Buffers: shared hit=667 read=309
 Planning:
   Buffers: shared hit=574
 Planning Time: 13.607 ms
 Execution Time: 1995.435 ms
(73 rows)

