                                                                                                                         QUERY PLAN                                                                                                                         
------------------------------------------------------------------------------------------------------------------------------------------------------------------------------------------------------------------------------------------------------------
 Aggregate  (cost=511740.11..511740.12 rows=1 width=8) (actual time=12334.026..12334.034 rows=1 loops=1)
   Buffers: shared hit=1148425 read=114907
   ->  Nested Loop  (cost=13060.85..511740.10 rows=2 width=0) (actual time=136.592..12323.888 rows=56318 loops=1)
         Buffers: shared hit=1148425 read=114907
         ->  Seq Scan on info_type it2  (cost=0.00..2.41 rows=1 width=4) (actual time=0.050..0.056 rows=1 loops=1)
               Filter: (id = 7)
               Rows Removed by Filter: 112
               Buffers: shared hit=1
         ->  Nested Loop  (cost=13060.85..511737.67 rows=2 width=4) (actual time=136.540..12312.729 rows=56318 loops=1)
               Buffers: shared hit=1148424 read=114907
               ->  Seq Scan on info_type it1  (cost=0.00..2.41 rows=1 width=4) (actual time=0.009..0.018 rows=1 loops=1)
                     Filter: (id = 4)
                     Rows Removed by Filter: 112
                     Buffers: shared hit=1
               ->  Nested Loop  (cost=13060.85..511735.24 rows=2 width=8) (actual time=136.528..12301.046 rows=56318 loops=1)
                     Buffers: shared hit=1148423 read=114907
                     ->  Hash Join  (cost=13060.42..511716.68 rows=8 width=12) (actual time=136.455..10265.172 rows=56323 loops=1)
                           Hash Cond: (ci.role_id = rt.id)
                           Buffers: shared hit=934947 read=103091
                           ->  Nested Loop  (cost=13059.26..511715.17 rows=100 width=16) (actual time=136.158..10199.768 rows=284354 loops=1)
                                 Buffers: shared hit=934946 read=103091
                                 ->  Nested Loop  (cost=13058.82..511403.29 rows=7 width=20) (actual time=136.089..7029.101 rows=11142 loops=1)
                                       Buffers: shared hit=674452 read=49268
                                       ->  Hash Join  (cost=13058.38..486150.73 rows=587 width=12) (actual time=46.097..4809.757 rows=22997 loops=1)
                                             Hash Cond: (t.kind_id = kt.id)
                                             Buffers: shared hit=460144 read=24961
                                             ->  Nested Loop  (cost=13057.23..486145.24 rows=1028 width=16) (actual time=37.967..4795.861 rows=32358 loops=1)
                                                   Buffers: shared hit=460143 read=24961
                                                   ->  Bitmap Heap Scan on movie_info mi1  (cost=13056.79..445385.03 rows=5682 width=8) (actual time=36.804..715.064 rows=121067 loops=1)
                                                         Recheck Cond: (info_type_id = 4)
                                                         Filter: ((info)::text = ANY ('{Albanian,Dutch,Finnish,German,Hungarian,Korean,Polish,Russian}'::text[]))
                                                         Rows Removed by Filter: 1177922
                                                         Heap Blocks: exact=8393
                                                         Buffers: shared hit=3223 read=6189
                                                         ->  Bitmap Index Scan on info_type_id_movie_info  (cost=0.00..13055.37 rows=1221191 width=0) (actual time=34.253..34.253 rows=1298989 loops=1)
                                                               Index Cond: (info_type_id = 4)
                                                               Buffers: shared hit=1 read=1018
                                                   ->  Memoize  (cost=0.44..7.21 rows=1 width=8) (actual time=0.033..0.033 rows=0 loops=121067)
                                                         Cache Key: mi1.movie_id
                                                         Cache Mode: logical
                                                         Hits: 2144  Misses: 118923  Evictions: 13793  Overflows: 0  Memory Usage: 8193kB
                                                         Buffers: shared hit=456920 read=18772
                                                         ->  Index Scan using title_pkey on title t  (cost=0.43..7.20 rows=1 width=8) (actual time=0.033..0.033 rows=0 loops=118923)
                                                               Index Cond: (id = mi1.movie_id)
                                                               Filter: ((production_year <= 1975) AND (production_year >= 1875))
                                                               Rows Removed by Filter: 1
                                                               Buffers: shared hit=456920 read=18772
                                             ->  Hash  (cost=1.10..1.10 rows=4 width=4) (actual time=0.022..0.023 rows=4 loops=1)
                                                   Buckets: 1024  Batches: 1  Memory Usage: 9kB
                                                   Buffers: shared hit=1
                                                   ->  Seq Scan on kind_type kt  (cost=0.00..1.10 rows=4 width=4) (actual time=0.012..0.015 rows=4 loops=1)
                                                         Filter: ((kind)::text = ANY ('{episode,movie,"video game","video movie"}'::text[]))
                                                         Rows Removed by Filter: 3
                                                         Buffers: shared hit=1
                                       ->  Index Scan using movie_id_movie_info on movie_info mi2  (cost=0.43..43.01 rows=1 width=8) (actual time=0.072..0.096 rows=0 loops=22997)
                                             Index Cond: (movie_id = t.id)
                                             Filter: ((info_type_id = 7) AND ((info)::text = ANY ('{"LAB:Consolidated Film Industries (CFI), Hollywood (CA), USA","LAB:Technicolor, USA","MET:150 m","OFM:35 mm","RAT:1.20 : 1","RAT:2.35 : 1"}'::text[])))
                                             Rows Removed by Filter: 11
                                             Buffers: shared hit=214308 read=24307
                                 ->  Index Scan using movie_id_cast_info on cast_info ci  (cost=0.44..44.17 rows=38 width=12) (actual time=0.039..0.277 rows=26 loops=11142)
                                       Index Cond: (movie_id = t.id)
                                       Buffers: shared hit=260494 read=53823
                           ->  Hash  (cost=1.15..1.15 rows=1 width=4) (actual time=0.018..0.019 rows=1 loops=1)
                                 Buckets: 1024  Batches: 1  Memory Usage: 9kB
                                 Buffers: shared hit=1
                                 ->  Seq Scan on role_type rt  (cost=0.00..1.15 rows=1 width=4) (actual time=0.011..0.013 rows=1 loops=1)
                                       Filter: ((role)::text = 'actress'::text)
                                       Rows Removed by Filter: 11
                                       Buffers: shared hit=1
                     ->  Index Scan using name_pkey on name n  (cost=0.43..2.32 rows=1 width=4) (actual time=0.035..0.035 rows=1 loops=56323)
                           Index Cond: (id = ci.person_id)
                           Filter: ((gender)::text = 'f'::text)
                           Rows Removed by Filter: 0
                           Buffers: shared hit=213476 read=11816
 Planning:
   Buffers: shared hit=574
 Planning Time: 12.339 ms
 Execution Time: 12336.113 ms
(78 rows)

