                                                                                                                   QUERY PLAN                                                                                                                   
------------------------------------------------------------------------------------------------------------------------------------------------------------------------------------------------------------------------------------------------
 Aggregate  (cost=382406.30..382406.31 rows=1 width=8) (actual time=4544.151..4544.160 rows=1 loops=1)
   Buffers: shared hit=373099 read=84768
   ->  Nested Loop  (cost=4697.61..382406.30 rows=1 width=0) (actual time=112.766..4544.003 rows=163 loops=1)
         Buffers: shared hit=373099 read=84768
         ->  Hash Join  (cost=4697.18..382403.98 rows=1 width=4) (actual time=112.684..4537.782 rows=180 loops=1)
               Hash Cond: (ci.role_id = rt.id)
               Buffers: shared hit=372528 read=84619
               ->  Nested Loop  (cost=4696.02..382402.77 rows=14 width=8) (actual time=111.106..4534.496 rows=18041 loops=1)
                     Buffers: shared hit=372527 read=84619
                     ->  Nested Loop  (cost=4695.58..382358.41 rows=1 width=12) (actual time=111.030..4336.644 rows=208 loops=1)
                           Buffers: shared hit=361307 read=77472
                           ->  Nested Loop  (cost=4695.58..382355.98 rows=1 width=16) (actual time=111.016..4332.772 rows=208 loops=1)
                                 Buffers: shared hit=361099 read=77472
                                 ->  Nested Loop  (cost=4695.58..382353.56 rows=1 width=20) (actual time=110.975..4327.246 rows=208 loops=1)
                                       Buffers: shared hit=360891 read=77472
                                       ->  Hash Join  (cost=4695.14..378678.32 rows=86 width=12) (actual time=30.079..1662.024 rows=15025 loops=1)
                                             Hash Cond: (t.kind_id = kt.id)
                                             Buffers: shared hit=154090 read=20199
                                             ->  Nested Loop  (cost=4693.97..378676.64 rows=120 width=16) (actual time=30.010..1654.531 rows=15181 loops=1)
                                                   Buffers: shared hit=154089 read=20199
                                                   ->  Bitmap Heap Scan on movie_info mi1  (cost=4693.54..374133.13 rows=547 width=8) (actual time=29.927..394.200 rows=38679 loops=1)
                                                         Recheck Cond: (info_type_id = 5)
                                                         Filter: ((info)::text = ANY ('{Argentina:16,Iceland:14,India:U,Mexico:A,Norway:10,Norway:15,Peru:18,"South Korea:18",UK:15,USA:Unrated,"West Germany:12","West Germany:16"}'::text[]))
                                                         Rows Removed by Filter: 447875
                                                         Heap Blocks: exact=19164
                                                         Buffers: shared hit=2462 read=17110
                                                         ->  Bitmap Index Scan on info_type_id_movie_info  (cost=0.00..4693.37 rows=439058 width=0) (actual time=24.651..24.651 rows=486554 loops=1)
                                                               Index Cond: (info_type_id = 5)
                                                               Buffers: shared read=408
                                                   ->  Index Scan using title_pkey on title t  (cost=0.43..8.31 rows=1 width=8) (actual time=0.032..0.032 rows=0 loops=38679)
                                                         Index Cond: (id = mi1.movie_id)
                                                         Filter: ((production_year <= 1990) AND (production_year >= 1950))
                                                         Rows Removed by Filter: 1
                                                         Buffers: shared hit=151627 read=3089
                                             ->  Hash  (cost=1.11..1.11 rows=5 width=4) (actual time=0.037..0.038 rows=5 loops=1)
                                                   Buckets: 1024  Batches: 1  Memory Usage: 9kB
                                                   Buffers: shared hit=1
                                                   ->  Seq Scan on kind_type kt  (cost=0.00..1.11 rows=5 width=4) (actual time=0.019..0.025 rows=5 loops=1)
                                                         Filter: ((kind)::text = ANY ('{episode,movie,"tv movie","tv series","video game"}'::text[]))
                                                         Rows Removed by Filter: 2
                                                         Buffers: shared hit=1
                                       ->  Index Scan using movie_id_movie_info on movie_info mi2  (cost=0.43..42.73 rows=1 width=8) (actual time=0.174..0.177 rows=0 loops=15025)
                                             Index Cond: (movie_id = t.id)
                                             Filter: ((info_type_id = 16) AND ((info)::text = ANY ('{Peru:1987,Peru:1988,Peru:1989}'::text[])))
                                             Rows Removed by Filter: 63
                                             Buffers: shared hit=206801 read=57273
                                 ->  Seq Scan on info_type it1  (cost=0.00..2.41 rows=1 width=4) (actual time=0.014..0.022 rows=1 loops=208)
                                       Filter: (id = 5)
                                       Rows Removed by Filter: 112
                                       Buffers: shared hit=208
                           ->  Seq Scan on info_type it2  (cost=0.00..2.41 rows=1 width=4) (actual time=0.008..0.016 rows=1 loops=208)
                                 Filter: (id = 16)
                                 Rows Removed by Filter: 112
                                 Buffers: shared hit=208
                     ->  Index Scan using movie_id_cast_info on cast_info ci  (cost=0.44..43.98 rows=38 width=12) (actual time=0.042..0.928 rows=87 loops=208)
                           Index Cond: (movie_id = t.id)
                           Buffers: shared hit=11220 read=7147
               ->  Hash  (cost=1.15..1.15 rows=1 width=4) (actual time=0.043..0.044 rows=1 loops=1)
                     Buckets: 1024  Batches: 1  Memory Usage: 9kB
                     Buffers: shared hit=1
                     ->  Seq Scan on role_type rt  (cost=0.00..1.15 rows=1 width=4) (actual time=0.033..0.035 rows=1 loops=1)
                           Filter: ((role)::text = 'production designer'::text)
                           Rows Removed by Filter: 11
                           Buffers: shared hit=1
         ->  Index Scan using name_pkey on name n  (cost=0.43..2.32 rows=1 width=4) (actual time=0.033..0.033 rows=1 loops=180)
               Index Cond: (id = ci.person_id)
               Filter: (((gender)::text = 'm'::text) OR (gender IS NULL))
               Rows Removed by Filter: 0
               Buffers: shared hit=571 read=149
 Planning:
   Buffers: shared hit=531 read=46
 Planning Time: 17.911 ms
 Execution Time: 4544.829 ms
(73 rows)

