                                                                                                                             QUERY PLAN                                                                                                                              
---------------------------------------------------------------------------------------------------------------------------------------------------------------------------------------------------------------------------------------------------------------------
 Aggregate  (cost=483010.86..483010.87 rows=1 width=8) (actual time=7326.868..7326.877 rows=1 loops=1)
   Buffers: shared hit=690080 read=47922
   ->  Nested Loop  (cost=15877.37..483010.82 rows=17 width=0) (actual time=50.220..7325.907 rows=3767 loops=1)
         Buffers: shared hit=690080 read=47922
         ->  Hash Join  (cost=15876.94..482950.51 rows=26 width=4) (actual time=37.217..7096.147 rows=6023 loops=1)
               Hash Cond: (ci.role_id = rt.id)
               Buffers: shared hit=668534 read=45376
               ->  Nested Loop  (cost=15875.77..482948.78 rows=158 width=8) (actual time=37.109..7084.825 rows=52474 loops=1)
                     Buffers: shared hit=668533 read=45376
                     ->  Nested Loop  (cost=15875.33..482455.35 rows=11 width=12) (actual time=37.076..6434.737 rows=3536 loops=1)
                           Buffers: shared hit=621363 read=30680
                           ->  Seq Scan on info_type it2  (cost=0.00..2.41 rows=1 width=4) (actual time=0.027..0.037 rows=1 loops=1)
                                 Filter: (id = 8)
                                 Rows Removed by Filter: 112
                                 Buffers: shared hit=1
                           ->  Nested Loop  (cost=15875.33..482452.83 rows=11 width=16) (actual time=37.048..6433.644 rows=3536 loops=1)
                                 Buffers: shared hit=621362 read=30680
                                 ->  Seq Scan on info_type it1  (cost=0.00..2.41 rows=1 width=4) (actual time=0.007..0.019 rows=1 loops=1)
                                       Filter: (id = 7)
                                       Rows Removed by Filter: 112
                                       Buffers: shared hit=1
                                 ->  Nested Loop  (cost=15875.33..482450.31 rows=11 width=20) (actual time=37.038..6432.486 rows=3536 loops=1)
                                       Buffers: shared hit=621361 read=30680
                                       ->  Hash Join  (cost=15874.89..461840.55 rows=474 width=12) (actual time=36.681..5088.516 rows=14979 loops=1)
                                             Hash Cond: (t.kind_id = kt.id)
                                             Buffers: shared hit=479383 read=23551
                                             ->  Nested Loop  (cost=15873.78..461832.45 rows=1659 width=16) (actual time=36.627..5071.477 rows=60746 loops=1)
                                                   Buffers: shared hit=479382 read=23551
                                                   ->  Bitmap Heap Scan on movie_info mi1  (cost=15873.34..389018.13 rows=11672 width=8) (actual time=36.514..557.240 rows=127729 loops=1)
                                                         Recheck Cond: (info_type_id = 7)
                                                         Filter: ((info)::text = ANY ('{MET:,"MET:200 m",OFM:Live,PCS:CinemaScope,PCS:Dyaliscope,PCS:Tohoscope,"PFM:70 mm",PFM:Video,"RAT:1.37 : 1","RAT:1.66 : 1","RAT:1.85 : 1","RAT:2.20 : 1",RAT:4:3}'::text[]))
                                                         Rows Removed by Filter: 1274173
                                                         Heap Blocks: exact=10050
                                                         Buffers: shared hit=3613 read=7536
                                                         ->  Bitmap Index Scan on info_type_id_movie_info  (cost=0.00..15870.39 rows=1484527 width=0) (actual time=35.101..35.102 rows=1401902 loops=1)
                                                               Index Cond: (info_type_id = 7)
                                                               Buffers: shared read=1099
                                                   ->  Memoize  (cost=0.44..6.32 rows=1 width=8) (actual time=0.035..0.035 rows=0 loops=127729)
                                                         Cache Key: mi1.movie_id
                                                         Cache Mode: logical
                                                         Hits: 4783  Misses: 122946  Evictions: 24869  Overflows: 0  Memory Usage: 8193kB
                                                         Buffers: shared hit=475769 read=16015
                                                         ->  Index Scan using title_pkey on title t  (cost=0.43..6.31 rows=1 width=8) (actual time=0.035..0.035 rows=0 loops=122946)
                                                               Index Cond: (id = mi1.movie_id)
                                                               Filter: ((production_year <= 1975) AND (production_year >= 1925))
                                                               Rows Removed by Filter: 1
                                                               Buffers: shared hit=475769 read=16015
                                             ->  Hash  (cost=1.09..1.09 rows=2 width=4) (actual time=0.017..0.018 rows=2 loops=1)
                                                   Buckets: 1024  Batches: 1  Memory Usage: 9kB
                                                   Buffers: shared hit=1
                                                   ->  Seq Scan on kind_type kt  (cost=0.00..1.09 rows=2 width=4) (actual time=0.008..0.009 rows=2 loops=1)
                                                         Filter: ((kind)::text = ANY ('{episode,"tv movie"}'::text[]))
                                                         Rows Removed by Filter: 5
                                                         Buffers: shared hit=1
                                       ->  Index Scan using movie_id_movie_info on movie_info mi2  (cost=0.43..43.47 rows=1 width=8) (actual time=0.089..0.089 rows=0 loops=14979)
                                             Index Cond: (movie_id = t.id)
                                             Filter: ((info_type_id = 8) AND ((info)::text = ANY ('{Argentina,Belgium,Brazil,Canada,Denmark,"East Germany","Hong Kong",Portugal,Sweden,Taiwan,USA}'::text[])))
                                             Rows Removed by Filter: 9
                                             Buffers: shared hit=141978 read=7129
                     ->  Index Scan using movie_id_cast_info on cast_info ci  (cost=0.44..44.48 rows=38 width=12) (actual time=0.036..0.179 rows=15 loops=3536)
                           Index Cond: (movie_id = t.id)
                           Buffers: shared hit=47170 read=14696
               ->  Hash  (cost=1.15..1.15 rows=2 width=4) (actual time=0.032..0.033 rows=2 loops=1)
                     Buckets: 1024  Batches: 1  Memory Usage: 9kB
                     Buffers: shared hit=1
                     ->  Seq Scan on role_type rt  (cost=0.00..1.15 rows=2 width=4) (actual time=0.025..0.027 rows=2 loops=1)
                           Filter: ((role)::text = ANY ('{director,writer}'::text[]))
                           Rows Removed by Filter: 10
                           Buffers: shared hit=1
         ->  Index Scan using name_pkey on name n  (cost=0.43..2.32 rows=1 width=4) (actual time=0.037..0.037 rows=1 loops=6023)
               Index Cond: (id = ci.person_id)
               Filter: ((gender)::text = ANY ('{f,m}'::text[]))
               Rows Removed by Filter: 0
               Buffers: shared hit=21546 read=2546
 Planning:
   Buffers: shared hit=531 read=46
 Planning Time: 11.288 ms
 Execution Time: 7329.631 ms
(78 rows)

