                                                                                                               QUERY PLAN                                                                                                                
-----------------------------------------------------------------------------------------------------------------------------------------------------------------------------------------------------------------------------------------
 Aggregate  (cost=390608.64..390608.65 rows=1 width=8) (actual time=4632.193..4632.204 rows=1 loops=1)
   Buffers: shared hit=244901 read=79683
   ->  Nested Loop  (cost=8155.08..390608.64 rows=2 width=0) (actual time=52.816..4631.536 rows=1442 loops=1)
         Buffers: shared hit=244901 read=79683
         ->  Hash Join  (cost=8154.65..390597.05 rows=5 width=4) (actual time=52.742..4510.294 rows=2463 loops=1)
               Hash Cond: (ci.role_id = rt.id)
               Buffers: shared hit=236045 read=78687
               ->  Nested Loop  (cost=8153.48..390595.78 rows=29 width=8) (actual time=51.530..4490.249 rows=93018 loops=1)
                     Buffers: shared hit=236044 read=78687
                     ->  Nested Loop  (cost=8153.04..390507.05 rows=2 width=12) (actual time=51.463..3027.101 rows=2489 loops=1)
                           Buffers: shared hit=175741 read=40009
                           ->  Seq Scan on info_type it2  (cost=0.00..2.41 rows=1 width=4) (actual time=0.029..0.044 rows=1 loops=1)
                                 Filter: (id = 7)
                                 Rows Removed by Filter: 112
                                 Buffers: shared hit=1
                           ->  Nested Loop  (cost=8153.04..390504.62 rows=2 width=16) (actual time=51.433..3026.345 rows=2489 loops=1)
                                 Buffers: shared hit=175740 read=40009
                                 ->  Seq Scan on info_type it1  (cost=0.00..2.41 rows=1 width=4) (actual time=0.009..0.028 rows=1 loops=1)
                                       Filter: (id = 1)
                                       Rows Removed by Filter: 112
                                       Buffers: shared hit=1
                                 ->  Nested Loop  (cost=8153.04..390502.19 rows=2 width=20) (actual time=51.420..3025.402 rows=2489 loops=1)
                                       Buffers: shared hit=175739 read=40009
                                       ->  Hash Join  (cost=8152.60..384705.25 rows=135 width=12) (actual time=46.860..1792.211 rows=7643 loops=1)
                                             Hash Cond: (t.kind_id = kt.id)
                                             Buffers: shared hit=113320 read=12821
                                             ->  Nested Loop  (cost=8151.41..384703.38 rows=158 width=16) (actual time=46.810..1787.023 rows=7643 loops=1)
                                                   Buffers: shared hit=113319 read=12821
                                                   ->  Bitmap Heap Scan on movie_info mi1  (cost=8150.98..378736.68 rows=722 width=8) (actual time=45.102..345.741 rows=30129 loops=1)
                                                         Recheck Cond: (info_type_id = 1)
                                                         Filter: ((info)::text = ANY ('{103,11,111,117,120,20,71,91,Germany:89,Germany:90,USA:100,USA:99}'::text[]))
                                                         Rows Removed by Filter: 772011
                                                         Heap Blocks: exact=4993
                                                         Buffers: shared hit=2286 read=3338
                                                         ->  Bitmap Index Scan on info_type_id_movie_info  (cost=0.00..8150.77 rows=762444 width=0) (actual time=43.042..43.042 rows=802140 loops=1)
                                                               Index Cond: (info_type_id = 1)
                                                               Buffers: shared read=631
                                                   ->  Index Scan using title_pkey on title t  (cost=0.43..8.26 rows=1 width=8) (actual time=0.047..0.047 rows=0 loops=30129)
                                                         Index Cond: (id = mi1.movie_id)
                                                         Filter: ((production_year <= 1990) AND (production_year >= 1950))
                                                         Rows Removed by Filter: 1
                                                         Buffers: shared hit=111033 read=9483
                                             ->  Hash  (cost=1.12..1.12 rows=6 width=4) (actual time=0.021..0.022 rows=6 loops=1)
                                                   Buckets: 1024  Batches: 1  Memory Usage: 9kB
                                                   Buffers: shared hit=1
                                                   ->  Seq Scan on kind_type kt  (cost=0.00..1.12 rows=6 width=4) (actual time=0.008..0.012 rows=6 loops=1)
                                                         Filter: ((kind)::text = ANY ('{episode,movie,"tv movie","tv series","video game","video movie"}'::text[]))
                                                         Rows Removed by Filter: 1
                                                         Buffers: shared hit=1
                                       ->  Index Scan using movie_id_movie_info on movie_info mi2  (cost=0.43..42.93 rows=1 width=8) (actual time=0.132..0.161 rows=0 loops=7643)
                                             Index Cond: (movie_id = t.id)
                                             Filter: ((info_type_id = 7) AND ((info)::text = ANY ('{"CAM:Panavision Cameras and Lenses",PCS:Kinescope,PCS:Panavision,PCS:Spherical,PCS:Techniscope,PFM:Video,"RAT:1.33 : 1"}'::text[])))
                                             Rows Removed by Filter: 18
                                             Buffers: shared hit=62419 read=27188
                     ->  Index Scan using movie_id_cast_info on cast_info ci  (cost=0.44..43.98 rows=38 width=12) (actual time=0.053..0.575 rows=37 loops=2489)
                           Index Cond: (movie_id = t.id)
                           Buffers: shared hit=60303 read=38678
               ->  Hash  (cost=1.15..1.15 rows=2 width=4) (actual time=0.031..0.032 rows=2 loops=1)
                     Buckets: 1024  Batches: 1  Memory Usage: 9kB
                     Buffers: shared hit=1
                     ->  Seq Scan on role_type rt  (cost=0.00..1.15 rows=2 width=4) (actual time=0.022..0.025 rows=2 loops=1)
                           Filter: ((role)::text = ANY ('{cinematographer,guest}'::text[]))
                           Rows Removed by Filter: 10
                           Buffers: shared hit=1
         ->  Index Scan using name_pkey on name n  (cost=0.43..2.32 rows=1 width=4) (actual time=0.048..0.048 rows=1 loops=2463)
               Index Cond: (id = ci.person_id)
               Filter: (gender IS NULL)
               Rows Removed by Filter: 0
               Buffers: shared hit=8856 read=996
 Planning:
   Buffers: shared hit=531 read=46
 Planning Time: 13.918 ms
 Execution Time: 4632.718 ms
(73 rows)

