                                                                                                   QUERY PLAN                                                                                                   
----------------------------------------------------------------------------------------------------------------------------------------------------------------------------------------------------------------
 Aggregate  (cost=383481.00..383481.01 rows=1 width=8) (actual time=9417.884..9417.892 rows=1 loops=1)
   Buffers: shared hit=830711 read=141271
   ->  Nested Loop  (cost=4697.71..383480.99 rows=5 width=0) (actual time=22.647..9408.144 rows=61528 loops=1)
         Buffers: shared hit=830711 read=141271
         ->  Hash Join  (cost=4697.28..383457.80 rows=10 width=4) (actual time=22.606..6997.360 rows=68757 loops=1)
               Hash Cond: (ci.role_id = rt.id)
               Buffers: shared hit=571765 read=125189
               ->  Nested Loop  (cost=4696.05..383456.47 rows=29 width=8) (actual time=22.552..6927.849 rows=314085 loops=1)
                     Buffers: shared hit=571764 read=125189
                     ->  Nested Loop  (cost=4695.61..383367.36 rows=2 width=12) (actual time=22.512..3765.796 rows=7370 loops=1)
                           Buffers: shared hit=294112 read=74124
                           ->  Seq Scan on info_type it2  (cost=0.00..2.41 rows=1 width=4) (actual time=0.027..0.038 rows=1 loops=1)
                                 Filter: (id = 3)
                                 Rows Removed by Filter: 112
                                 Buffers: shared hit=1
                           ->  Nested Loop  (cost=4695.61..383364.93 rows=2 width=16) (actual time=22.482..3763.886 rows=7370 loops=1)
                                 Buffers: shared hit=294111 read=74124
                                 ->  Seq Scan on info_type it1  (cost=0.00..2.41 rows=1 width=4) (actual time=0.007..0.020 rows=1 loops=1)
                                       Filter: (id = 5)
                                       Rows Removed by Filter: 112
                                       Buffers: shared hit=1
                                 ->  Nested Loop  (cost=4695.61..383362.50 rows=2 width=20) (actual time=22.472..3761.768 rows=7370 loops=1)
                                       Buffers: shared hit=294110 read=74124
                                       ->  Hash Join  (cost=4695.17..379241.54 rows=95 width=12) (actual time=22.301..2124.407 rows=8146 loops=1)
                                             Hash Cond: (t.kind_id = kt.id)
                                             Buffers: shared hit=183804 read=34073
                                             ->  Nested Loop  (cost=4693.98..379239.88 rows=111 width=16) (actual time=22.258..2119.385 rows=8146 loops=1)
                                                   Buffers: shared hit=183803 read=34073
                                                   ->  Bitmap Heap Scan on movie_info mi1  (cost=4693.55..374133.14 rows=616 width=8) (actual time=19.415..389.782 rows=49576 loops=1)
                                                         Recheck Cond: (info_type_id = 5)
                                                         Filter: ((info)::text = ANY ('{Argentina:16,Argentina:Atp,Iceland:L,Netherlands:16,Netherlands:18,Portugal:M/12,Spain:13,UK:PG,USA:Unrated}'::text[]))
                                                         Rows Removed by Filter: 436978
                                                         Heap Blocks: exact=19164
                                                         Buffers: shared hit=2436 read=17136
                                                         ->  Bitmap Index Scan on info_type_id_movie_info  (cost=0.00..4693.37 rows=439058 width=0) (actual time=16.453..16.454 rows=486554 loops=1)
                                                               Index Cond: (info_type_id = 5)
                                                               Buffers: shared read=408
                                                   ->  Index Scan using title_pkey on title t  (cost=0.43..8.29 rows=1 width=8) (actual time=0.034..0.034 rows=0 loops=49576)
                                                         Index Cond: (id = mi1.movie_id)
                                                         Filter: ((production_year <= 1975) AND (production_year >= 1875))
                                                         Rows Removed by Filter: 1
                                                         Buffers: shared hit=181367 read=16937
                                             ->  Hash  (cost=1.12..1.12 rows=6 width=4) (actual time=0.017..0.018 rows=6 loops=1)
                                                   Buckets: 1024  Batches: 1  Memory Usage: 9kB
                                                   Buffers: shared hit=1
                                                   ->  Seq Scan on kind_type kt  (cost=0.00..1.12 rows=6 width=4) (actual time=0.008..0.011 rows=6 loops=1)
                                                         Filter: ((kind)::text = ANY ('{episode,movie,"tv movie","tv series","video game","video movie"}'::text[]))
                                                         Rows Removed by Filter: 1
                                                         Buffers: shared hit=1
                                       ->  Index Scan using movie_id_movie_info on movie_info mi2  (cost=0.43..43.37 rows=1 width=8) (actual time=0.199..0.200 rows=1 loops=8146)
                                             Index Cond: (movie_id = t.id)
                                             Filter: ((info_type_id = 3) AND ((info)::text = ANY ('{Adult,Comedy,Crime,Family,Film-Noir,History,Horror,Music,Musical,Mystery,Sci-Fi,Sport,War}'::text[])))
                                             Rows Removed by Filter: 64
                                             Buffers: shared hit=110306 read=40051
                     ->  Index Scan using movie_id_cast_info on cast_info ci  (cost=0.44..44.17 rows=38 width=12) (actual time=0.039..0.418 rows=43 loops=7370)
                           Index Cond: (movie_id = t.id)
                           Buffers: shared hit=277652 read=51065
               ->  Hash  (cost=1.18..1.18 rows=4 width=4) (actual time=0.033..0.034 rows=4 loops=1)
                     Buckets: 1024  Batches: 1  Memory Usage: 9kB
                     Buffers: shared hit=1
                     ->  Seq Scan on role_type rt  (cost=0.00..1.18 rows=4 width=4) (actual time=0.024..0.027 rows=4 loops=1)
                           Filter: ((role)::text = ANY ('{actress,director,guest,"production designer"}'::text[]))
                           Rows Removed by Filter: 8
                           Buffers: shared hit=1
         ->  Index Scan using name_pkey on name n  (cost=0.43..2.32 rows=1 width=4) (actual time=0.034..0.034 rows=1 loops=68757)
               Index Cond: (id = ci.person_id)
               Filter: (((gender)::text = 'f'::text) OR (gender IS NULL))
               Rows Removed by Filter: 0
               Buffers: shared hit=258946 read=16082
 Planning:
   Buffers: shared hit=531 read=46
 Planning Time: 12.681 ms
 Execution Time: 9418.527 ms
(73 rows)

