                                                                                                        QUERY PLAN                                                                                                        
--------------------------------------------------------------------------------------------------------------------------------------------------------------------------------------------------------------------------
 Aggregate  (cost=597354.66..597354.67 rows=1 width=8) (actual time=104654.595..104654.604 rows=1 loops=1)
   Buffers: shared hit=9575273 read=808164
   ->  Nested Loop  (cost=5097.17..597353.85 rows=323 width=0) (actual time=15.240..104495.394 rows=974479 loops=1)
         Buffers: shared hit=9575273 read=808164
         ->  Hash Join  (cost=5096.74..596147.70 rows=520 width=4) (actual time=15.192..54884.056 rows=1289529 loops=1)
               Hash Cond: (ci.role_id = rt.id)
               Buffers: shared hit=4564770 read=660551
               ->  Nested Loop  (cost=5095.49..596142.01 rows=1247 width=8) (actual time=15.142..54243.037 rows=1674324 loops=1)
                     Buffers: shared hit=4564769 read=660551
                     ->  Nested Loop  (cost=5095.05..592282.58 rows=87 width=12) (actual time=15.115..33659.656 rows=70056 loops=1)
                           Buffers: shared hit=3193393 read=193215
                           ->  Seq Scan on info_type it2  (cost=0.00..2.41 rows=1 width=4) (actual time=0.024..0.036 rows=1 loops=1)
                                 Filter: (id = 3)
                                 Rows Removed by Filter: 112
                                 Buffers: shared hit=1
                           ->  Nested Loop  (cost=5095.05..592279.30 rows=87 width=16) (actual time=15.089..33640.728 rows=70056 loops=1)
                                 Buffers: shared hit=3193392 read=193215
                                 ->  Seq Scan on info_type it1  (cost=0.00..2.41 rows=1 width=4) (actual time=0.008..0.022 rows=1 loops=1)
                                       Filter: (id = 6)
                                       Rows Removed by Filter: 112
                                       Buffers: shared hit=1
                                 ->  Nested Loop  (cost=5095.05..592276.02 rows=87 width=20) (actual time=15.079..33618.965 rows=70056 loops=1)
                                       Buffers: shared hit=3193391 read=193215
                                       ->  Hash Join  (cost=5094.61..503469.67 rows=2051 width=12) (actual time=14.556..14083.956 rows=174892 loops=1)
                                             Hash Cond: (t.kind_id = kt.id)
                                             Buffers: shared hit=1335441 read=46644
                                             ->  Nested Loop  (cost=5093.41..503458.38 rows=2393 width=16) (actual time=14.522..13990.088 rows=174892 loops=1)
                                                   Buffers: shared hit=1335440 read=46644
                                                   ->  Bitmap Heap Scan on movie_info mi1  (cost=5092.97..434025.51 rows=10932 width=8) (actual time=14.466..403.936 rows=349383 loops=1)
                                                         Recheck Cond: (info_type_id = 6)
                                                         Filter: ((info)::text = ANY ('{"4-Track Stereo","70 mm 6-Track","Dolby Digital","Dolby SR",Dolby,Mono,Stereo,"Ultra Stereo"}'::text[]))
                                                         Rows Removed by Filter: 125060
                                                         Heap Blocks: exact=3206
                                                         Buffers: shared hit=25 read=3555
                                                         ->  Bitmap Index Scan on info_type_id_movie_info  (cost=0.00..5090.24 rows=475974 width=0) (actual time=14.109..14.109 rows=474443 loops=1)
                                                               Index Cond: (info_type_id = 6)
                                                               Buffers: shared read=374
                                                   ->  Memoize  (cost=0.44..6.43 rows=1 width=8) (actual time=0.038..0.038 rows=1 loops=349383)
                                                         Cache Key: mi1.movie_id
                                                         Cache Mode: logical
                                                         Hits: 4757  Misses: 344626  Evictions: 243645  Overflows: 0  Memory Usage: 8193kB
                                                         Buffers: shared hit=1335415 read=43089
                                                         ->  Index Scan using title_pkey on title t  (cost=0.43..6.42 rows=1 width=8) (actual time=0.037..0.037 rows=1 loops=344626)
                                                               Index Cond: (id = mi1.movie_id)
                                                               Filter: ((production_year <= 1990) AND (production_year >= 1950))
                                                               Rows Removed by Filter: 0
                                                               Buffers: shared hit=1335415 read=43089
                                             ->  Hash  (cost=1.12..1.12 rows=6 width=4) (actual time=0.014..0.015 rows=6 loops=1)
                                                   Buckets: 1024  Batches: 1  Memory Usage: 9kB
                                                   Buffers: shared hit=1
                                                   ->  Seq Scan on kind_type kt  (cost=0.00..1.12 rows=6 width=4) (actual time=0.007..0.009 rows=6 loops=1)
                                                         Filter: ((kind)::text = ANY ('{episode,movie,"tv movie","tv series","video game","video movie"}'::text[]))
                                                         Rows Removed by Filter: 1
                                                         Buffers: shared hit=1
                                       ->  Index Scan using movie_id_movie_info on movie_info mi2  (cost=0.43..43.29 rows=1 width=8) (actual time=0.110..0.111 rows=0 loops=174892)
                                             Index Cond: (movie_id = t.id)
                                             Filter: ((info_type_id = 3) AND ((info)::text = ANY ('{Adult,Adventure,Biography,Comedy,Documentary,Family,Fantasy,History,Horror,Music,Mystery,Short,Sport,War}'::text[])))
                                             Rows Removed by Filter: 15
                                             Buffers: shared hit=1857950 read=146571
                     ->  Index Scan using movie_id_cast_info on cast_info ci  (cost=0.44..43.98 rows=38 width=12) (actual time=0.040..0.286 rows=24 loops=70056)
                           Index Cond: (movie_id = t.id)
                           Buffers: shared hit=1371376 read=467336
               ->  Hash  (cost=1.20..1.20 rows=5 width=4) (actual time=0.032..0.033 rows=5 loops=1)
                     Buckets: 1024  Batches: 1  Memory Usage: 9kB
                     Buffers: shared hit=1
                     ->  Seq Scan on role_type rt  (cost=0.00..1.20 rows=5 width=4) (actual time=0.024..0.027 rows=5 loops=1)
                           Filter: ((role)::text = ANY ('{actor,actress,composer,director,writer}'::text[]))
                           Rows Removed by Filter: 7
                           Buffers: shared hit=1
         ->  Index Scan using name_pkey on name n  (cost=0.43..2.32 rows=1 width=4) (actual time=0.038..0.038 rows=1 loops=1289529)
               Index Cond: (id = ci.person_id)
               Filter: (((gender)::text = 'm'::text) OR (gender IS NULL))
               Rows Removed by Filter: 0
               Buffers: shared hit=5010503 read=147613
 Planning:
   Buffers: shared hit=520 read=54
 Planning Time: 12.559 ms
 Execution Time: 104657.736 ms
(78 rows)

