                                                                                                                 QUERY PLAN                                                                                                                  
---------------------------------------------------------------------------------------------------------------------------------------------------------------------------------------------------------------------------------------------
 Aggregate  (cost=382310.50..382310.51 rows=1 width=8) (actual time=3604.375..3604.383 rows=1 loops=1)
   Buffers: shared hit=262733 read=91320
   ->  Nested Loop  (cost=8154.97..382310.49 rows=3 width=0) (actual time=31.581..3602.379 rows=13831 loops=1)
         Buffers: shared hit=262733 read=91320
         ->  Hash Join  (cost=8154.54..382301.22 rows=4 width=4) (actual time=31.525..3097.087 rows=14809 loops=1)
               Hash Cond: (ci.role_id = rt.id)
               Buffers: shared hit=206356 read=88461
               ->  Nested Loop  (cost=8153.33..382299.97 rows=14 width=8) (actual time=24.750..3084.656 rows=68131 loops=1)
                     Buffers: shared hit=206355 read=88461
                     ->  Nested Loop  (cost=8152.89..382255.60 rows=1 width=12) (actual time=24.712..2388.030 rows=1305 loops=1)
                           Buffers: shared hit=157980 read=66290
                           ->  Nested Loop  (cost=8152.89..382253.18 rows=1 width=16) (actual time=24.706..2361.735 rows=1305 loops=1)
                                 Buffers: shared hit=156675 read=66290
                                 ->  Nested Loop  (cost=8152.89..382250.76 rows=1 width=20) (actual time=24.684..2336.356 rows=1305 loops=1)
                                       Buffers: shared hit=155370 read=66290
                                       ->  Hash Join  (cost=8152.46..380699.37 rows=36 width=12) (actual time=21.474..1182.350 rows=9350 loops=1)
                                             Hash Cond: (t.kind_id = kt.id)
                                             Buffers: shared hit=83720 read=25301
                                             ->  Nested Loop  (cost=8151.28..380697.99 rows=51 width=16) (actual time=21.443..1177.439 rows=9461 loops=1)
                                                   Buffers: shared hit=83719 read=25301
                                                   ->  Bitmap Heap Scan on movie_info mi1  (cost=8150.85..378736.55 rows=233 width=8) (actual time=21.397..258.529 rows=25849 loops=1)
                                                         Recheck Cond: (info_type_id = 1)
                                                         Filter: ((info)::text = ANY ('{106,108,115,125,132,134,25,50,76,91,Argentina:30,USA:92}'::text[]))
                                                         Rows Removed by Filter: 776291
                                                         Heap Blocks: exact=4993
                                                         Buffers: shared hit=408 read=5216
                                                         ->  Bitmap Index Scan on info_type_id_movie_info  (cost=0.00..8150.77 rows=762444 width=0) (actual time=20.602..20.603 rows=802140 loops=1)
                                                               Index Cond: (info_type_id = 1)
                                                               Buffers: shared read=631
                                                   ->  Index Scan using title_pkey on title t  (cost=0.43..8.42 rows=1 width=8) (actual time=0.035..0.035 rows=0 loops=25849)
                                                         Index Cond: (id = mi1.movie_id)
                                                         Filter: ((production_year <= 1990) AND (production_year >= 1950))
                                                         Rows Removed by Filter: 1
                                                         Buffers: shared hit=83311 read=20085
                                             ->  Hash  (cost=1.11..1.11 rows=5 width=4) (actual time=0.014..0.015 rows=5 loops=1)
                                                   Buckets: 1024  Batches: 1  Memory Usage: 9kB
                                                   Buffers: shared hit=1
                                                   ->  Seq Scan on kind_type kt  (cost=0.00..1.11 rows=5 width=4) (actual time=0.006..0.008 rows=5 loops=1)
                                                         Filter: ((kind)::text = ANY ('{episode,movie,"tv movie","tv series","video game"}'::text[]))
                                                         Rows Removed by Filter: 2
                                                         Buffers: shared hit=1
                                       ->  Index Scan using movie_id_movie_info on movie_info mi2  (cost=0.43..43.08 rows=1 width=8) (actual time=0.120..0.123 rows=0 loops=9350)
                                             Index Cond: (movie_id = t.id)
                                             Filter: ((info_type_id = 5) AND ((info)::text = ANY ('{Australia:PG,Canada:14A,Iceland:L,Italy:VM14,Singapore:NC-16,Sweden:11,UK:12,USA:Unrated,"West Germany:12","West Germany:6"}'::text[])))
                                             Rows Removed by Filter: 19
                                             Buffers: shared hit=71650 read=40989
                                 ->  Seq Scan on info_type it1  (cost=0.00..2.41 rows=1 width=4) (actual time=0.009..0.017 rows=1 loops=1305)
                                       Filter: (id = 1)
                                       Rows Removed by Filter: 112
                                       Buffers: shared hit=1305
                           ->  Seq Scan on info_type it2  (cost=0.00..2.41 rows=1 width=4) (actual time=0.011..0.018 rows=1 loops=1305)
                                 Filter: (id = 5)
                                 Rows Removed by Filter: 112
                                 Buffers: shared hit=1305
                     ->  Index Scan using movie_id_cast_info on cast_info ci  (cost=0.44..43.98 rows=38 width=12) (actual time=0.036..0.522 rows=52 loops=1305)
                           Index Cond: (movie_id = t.id)
                           Buffers: shared hit=48375 read=22171
               ->  Hash  (cost=1.17..1.17 rows=3 width=4) (actual time=0.029..0.029 rows=3 loops=1)
                     Buckets: 1024  Batches: 1  Memory Usage: 9kB
                     Buffers: shared hit=1
                     ->  Seq Scan on role_type rt  (cost=0.00..1.17 rows=3 width=4) (actual time=0.022..0.024 rows=3 loops=1)
                           Filter: ((role)::text = ANY ('{actress,cinematographer,composer}'::text[]))
                           Rows Removed by Filter: 9
                           Buffers: shared hit=1
         ->  Index Scan using name_pkey on name n  (cost=0.43..2.32 rows=1 width=4) (actual time=0.034..0.034 rows=1 loops=14809)
               Index Cond: (id = ci.person_id)
               Filter: ((gender)::text = ANY ('{f,m}'::text[]))
               Rows Removed by Filter: 0
               Buffers: shared hit=56377 read=2859
 Planning:
   Buffers: shared hit=487 read=90
 Planning Time: 9.079 ms
 Execution Time: 3604.828 ms
(73 rows)

