                                                                                                                                                                                   QUERY PLAN                                                                                                                                                                                    
---------------------------------------------------------------------------------------------------------------------------------------------------------------------------------------------------------------------------------------------------------------------------------------------------------------------------------------------------------------------------------
 Aggregate  (cost=358453.84..358453.85 rows=1 width=8) (actual time=819.035..819.043 rows=1 loops=1)
   Buffers: shared hit=52891 read=24974
   ->  Nested Loop  (cost=3725.55..358453.83 rows=3 width=0) (actual time=29.689..818.475 rows=4976 loops=1)
         Buffers: shared hit=52891 read=24974
         ->  Hash Join  (cost=3725.12..358439.91 rows=6 width=4) (actual time=29.543..576.026 rows=6898 loops=1)
               Hash Cond: (ci.role_id = rt.id)
               Buffers: shared hit=26902 read=23371
               ->  Nested Loop  (cost=3723.86..358438.61 rows=14 width=8) (actual time=29.486..573.525 rows=10243 loops=1)
                     Buffers: shared hit=26901 read=23371
                     ->  Nested Loop  (cost=3723.42..358394.05 rows=1 width=12) (actual time=29.328..429.611 rows=762 loops=1)
                           Buffers: shared hit=21316 read=16556
                           ->  Nested Loop  (cost=3723.42..358391.63 rows=1 width=16) (actual time=29.299..413.479 rows=762 loops=1)
                                 Buffers: shared hit=20554 read=16556
                                 ->  Nested Loop  (cost=3723.42..358389.21 rows=1 width=20) (actual time=29.225..400.012 rows=762 loops=1)
                                       Buffers: shared hit=19792 read=16556
                                       ->  Nested Loop  (cost=3722.99..358260.15 rows=3 width=12) (actual time=29.035..317.106 rows=767 loops=1)
                                             Buffers: shared hit=15930 read=12252
                                             ->  Nested Loop  (cost=3722.86..358259.38 rows=5 width=16) (actual time=28.968..285.627 rows=2457 loops=1)
                                                   Buffers: shared hit=11016 read=12252
                                                   ->  Bitmap Heap Scan on movie_info mi1  (cost=3722.43..358031.17 rows=27 width=8) (actual time=27.517..196.642 rows=3013 loops=1)
                                                         Recheck Cond: (info_type_id = 17)
                                                         Filter: ((info)::text = ANY ('{"Last show of the series.","One of over 700 Paramount Productions, filmed between 1929 and 1949, which were sold to MCA/Universal in 1958 for television distribution, and have been owned and controlled by Universal ever since.","Original French title is undetermined."}'::text[]))
                                                         Rows Removed by Filter: 365205
                                                         Heap Blocks: exact=10925
                                                         Buffers: shared hit=1452 read=9764
                                                         ->  Bitmap Index Scan on info_type_id_movie_info  (cost=0.00..3722.42 rows=347998 width=0) (actual time=20.641..20.642 rows=368218 loops=1)
                                                               Index Cond: (info_type_id = 17)
                                                               Buffers: shared read=291
                                                   ->  Index Scan using title_pkey on title t  (cost=0.43..8.45 rows=1 width=8) (actual time=0.029..0.029 rows=1 loops=3013)
                                                         Index Cond: (id = mi1.movie_id)
                                                         Filter: ((production_year <= 1975) AND (production_year >= 1875))
                                                         Rows Removed by Filter: 0
                                                         Buffers: shared hit=9564 read=2488
                                             ->  Index Scan using kind_type_pkey on kind_type kt  (cost=0.13..0.16 rows=1 width=4) (actual time=0.012..0.012 rows=0 loops=2457)
                                                   Index Cond: (id = t.kind_id)
                                                   Filter: ((kind)::text = ANY ('{episode,"tv movie","tv series","video game"}'::text[]))
                                                   Rows Removed by Filter: 1
                                                   Buffers: shared hit=4914
                                       ->  Index Scan using movie_id_movie_info on movie_info mi2  (cost=0.43..43.01 rows=1 width=8) (actual time=0.059..0.108 rows=1 loops=767)
                                             Index Cond: (movie_id = t.id)
                                             Filter: ((info_type_id = 6) AND ((info)::text = ANY ('{"70 mm 6-Track",DTS,"Dolby Digital",Mono,Silent,Stereo}'::text[])))
                                             Rows Removed by Filter: 9
                                             Buffers: shared hit=3862 read=4304
                                 ->  Seq Scan on info_type it1  (cost=0.00..2.41 rows=1 width=4) (actual time=0.011..0.016 rows=1 loops=762)
                                       Filter: (id = 17)
                                       Rows Removed by Filter: 112
                                       Buffers: shared hit=762
                           ->  Seq Scan on info_type it2  (cost=0.00..2.41 rows=1 width=4) (actual time=0.014..0.020 rows=1 loops=762)
                                 Filter: (id = 6)
                                 Rows Removed by Filter: 112
                                 Buffers: shared hit=762
                     ->  Index Scan using movie_id_cast_info on cast_info ci  (cost=0.44..44.17 rows=38 width=12) (actual time=0.035..0.186 rows=13 loops=762)
                           Index Cond: (movie_id = t.id)
                           Buffers: shared hit=5585 read=6815
               ->  Hash  (cost=1.20..1.20 rows=5 width=4) (actual time=0.032..0.033 rows=5 loops=1)
                     Buckets: 1024  Batches: 1  Memory Usage: 9kB
                     Buffers: shared hit=1
                     ->  Seq Scan on role_type rt  (cost=0.00..1.20 rows=5 width=4) (actual time=0.022..0.026 rows=5 loops=1)
                           Filter: ((role)::text = ANY ('{actor,actress,cinematographer,"costume designer","production designer"}'::text[]))
                           Rows Removed by Filter: 7
                           Buffers: shared hit=1
         ->  Index Scan using name_pkey on name n  (cost=0.43..2.32 rows=1 width=4) (actual time=0.035..0.035 rows=1 loops=6898)
               Index Cond: (id = ci.person_id)
               Filter: ((gender)::text = 'm'::text)
               Rows Removed by Filter: 0
               Buffers: shared hit=25989 read=1603
 Planning:
   Buffers: shared hit=530 read=44
 Planning Time: 9.380 ms
 Execution Time: 819.514 ms
(70 rows)

