                                                                                             QUERY PLAN                                                                                              
-----------------------------------------------------------------------------------------------------------------------------------------------------------------------------------------------------
 Aggregate  (cost=909788.84..909788.85 rows=1 width=8) (actual time=106537.004..106537.012 rows=1 loops=1)
   Buffers: shared hit=9202512 read=1320025
   ->  Nested Loop  (cost=5098.09..909788.22 rows=249 width=0) (actual time=13.372..106501.727 rows=153152 loops=1)
         Buffers: shared hit=9202512 read=1320025
         ->  Hash Join  (cost=5097.66..908630.78 rows=499 width=4) (actual time=13.325..94140.297 rows=311890 loops=1)
               Hash Cond: (ci.role_id = rt.id)
               Buffers: shared hit=8086111 read=1188866
               ->  Nested Loop  (cost=5096.48..908618.96 rows=2996 width=8) (actual time=13.283..93257.879 rows=4630330 loops=1)
                     Buffers: shared hit=8086110 read=1188866
                     ->  Nested Loop  (cost=5096.04..899486.55 rows=209 width=12) (actual time=13.261..42685.652 rows=106351 loops=1)
                           Buffers: shared hit=4210442 read=235479
                           ->  Seq Scan on info_type it2  (cost=0.00..2.41 rows=1 width=4) (actual time=0.021..0.031 rows=1 loops=1)
                                 Filter: (id = 6)
                                 Rows Removed by Filter: 112
                                 Buffers: shared hit=1
                           ->  Nested Loop  (cost=5096.04..899482.05 rows=209 width=16) (actual time=13.239..42657.600 rows=106351 loops=1)
                                 Buffers: shared hit=4210441 read=235479
                                 ->  Seq Scan on info_type it1  (cost=0.00..2.41 rows=1 width=4) (actual time=0.005..0.017 rows=1 loops=1)
                                       Filter: (id = 8)
                                       Rows Removed by Filter: 112
                                       Buffers: shared hit=1
                                 ->  Nested Loop  (cost=5096.04..899477.55 rows=209 width=20) (actual time=13.231..42626.164 rows=106351 loops=1)
                                       Buffers: shared hit=4210440 read=235479
                                       ->  Hash Join  (cost=5095.61..535282.50 rows=8561 width=12) (actual time=13.052..17721.769 rows=196691 loops=1)
                                             Hash Cond: (t.kind_id = kt.id)
                                             Buffers: shared hit=1795843 read=47282
                                             ->  Nested Loop  (cost=5094.43..535230.81 rows=11985 width=16) (actual time=13.021..17615.399 rows=198455 loops=1)
                                                   Buffers: shared hit=1795842 read=47282
                                                   ->  Bitmap Heap Scan on movie_info mi2  (cost=5093.99..448867.06 rows=15010 width=8) (actual time=12.981..399.269 rows=470401 loops=1)
                                                         Recheck Cond: (info_type_id = 6)
                                                         Filter: ((info)::text = ANY ('{DTS,"Dolby Digital","Dolby SR",Dolby,Mono,SDDS,Silent,Stereo,"Ultra Stereo"}'::text[]))
                                                         Rows Removed by Filter: 4042
                                                         Heap Blocks: exact=3206
                                                         Buffers: shared hit=57 read=3523
                                                         ->  Bitmap Index Scan on info_type_id_movie_info  (cost=0.00..5090.24 rows=475974 width=0) (actual time=12.630..12.630 rows=474443 loops=1)
                                                               Index Cond: (info_type_id = 6)
                                                               Buffers: shared read=374
                                                   ->  Memoize  (cost=0.44..5.86 rows=1 width=8) (actual time=0.036..0.036 rows=0 loops=470401)
                                                         Cache Key: mi2.movie_id
                                                         Cache Mode: logical
                                                         Hits: 10515  Misses: 459886  Evictions: 357551  Overflows: 0  Memory Usage: 8193kB
                                                         Buffers: shared hit=1795785 read=43759
                                                         ->  Index Scan using title_pkey on title t  (cost=0.43..5.85 rows=1 width=8) (actual time=0.035..0.035 rows=0 loops=459886)
                                                               Index Cond: (id = mi2.movie_id)
                                                               Filter: ((production_year <= 2015) AND (production_year >= 1975))
                                                               Rows Removed by Filter: 1
                                                               Buffers: shared hit=1795785 read=43759
                                             ->  Hash  (cost=1.11..1.11 rows=5 width=4) (actual time=0.010..0.011 rows=5 loops=1)
                                                   Buckets: 1024  Batches: 1  Memory Usage: 9kB
                                                   Buffers: shared hit=1
                                                   ->  Seq Scan on kind_type kt  (cost=0.00..1.11 rows=5 width=4) (actual time=0.006..0.007 rows=5 loops=1)
                                                         Filter: ((kind)::text = ANY ('{episode,movie,"tv movie","tv series","video movie"}'::text[]))
                                                         Rows Removed by Filter: 2
                                                         Buffers: shared hit=1
                                       ->  Index Scan using movie_id_movie_info on movie_info mi1  (cost=0.43..42.53 rows=1 width=8) (actual time=0.121..0.126 rows=1 loops=196691)
                                             Index Cond: (movie_id = t.id)
                                             Filter: ((info_type_id = 8) AND ((info)::text = ANY ('{France,"Hong Kong",Israel,Portugal,Romania,Spain,Sweden,USA}'::text[])))
                                             Rows Removed by Filter: 25
                                             Buffers: shared hit=2414597 read=188197
                     ->  Index Scan using movie_id_cast_info on cast_info ci  (cost=0.44..43.32 rows=38 width=12) (actual time=0.039..0.463 rows=44 loops=106351)
                           Index Cond: (movie_id = t.id)
                           Buffers: shared hit=3875668 read=953387
               ->  Hash  (cost=1.15..1.15 rows=2 width=4) (actual time=0.025..0.026 rows=2 loops=1)
                     Buckets: 1024  Batches: 1  Memory Usage: 9kB
                     Buffers: shared hit=1
                     ->  Seq Scan on role_type rt  (cost=0.00..1.15 rows=2 width=4) (actual time=0.019..0.021 rows=2 loops=1)
                           Filter: ((role)::text = ANY ('{cinematographer,writer}'::text[]))
                           Rows Removed by Filter: 10
                           Buffers: shared hit=1
         ->  Index Scan using name_pkey on name n  (cost=0.43..2.32 rows=1 width=4) (actual time=0.039..0.039 rows=0 loops=311890)
               Index Cond: (id = ci.person_id)
               Filter: (((gender)::text = 'f'::text) OR (gender IS NULL))
               Rows Removed by Filter: 1
               Buffers: shared hit=1116401 read=131159
 Planning:
   Buffers: shared hit=485 read=89
 Planning Time: 9.044 ms
 Execution Time: 106539.626 ms
(78 rows)

