                                                                                                         QUERY PLAN                                                                                                         
----------------------------------------------------------------------------------------------------------------------------------------------------------------------------------------------------------------------------
 Aggregate  (cost=499457.66..499457.67 rows=1 width=8) (actual time=18138.529..18138.538 rows=1 loops=1)
   Buffers: shared hit=1614278 read=243416
   ->  Nested Loop  (cost=14216.52..499457.17 rows=196 width=0) (actual time=48.207..18125.975 rows=73339 loops=1)
         Buffers: shared hit=1614278 read=243416
         ->  Hash Join  (cost=14216.09..498726.52 rows=315 width=4) (actual time=48.114..11615.522 rows=181585 loops=1)
               Hash Cond: (ci.role_id = rt.id)
               Buffers: shared hit=931835 read=199519
               ->  Nested Loop  (cost=14214.89..498720.84 rows=1261 width=8) (actual time=48.079..11484.982 rows=499755 loops=1)
                     Buffers: shared hit=931834 read=199519
                     ->  Nested Loop  (cost=14214.45..494875.62 rows=88 width=12) (actual time=48.043..5557.101 rows=33589 loops=1)
                           Buffers: shared hit=449300 read=93692
                           ->  Seq Scan on info_type it2  (cost=0.00..2.41 rows=1 width=4) (actual time=0.020..0.030 rows=1 loops=1)
                                 Filter: (id = 2)
                                 Rows Removed by Filter: 112
                                 Buffers: shared hit=1
                           ->  Nested Loop  (cost=14214.45..494872.32 rows=88 width=16) (actual time=48.022..5548.356 rows=33589 loops=1)
                                 Buffers: shared hit=449299 read=93692
                                 ->  Seq Scan on info_type it1  (cost=0.00..2.41 rows=1 width=4) (actual time=0.004..0.017 rows=1 loops=1)
                                       Filter: (id = 8)
                                       Rows Removed by Filter: 112
                                       Buffers: shared hit=1
                                 ->  Nested Loop  (cost=14214.45..494869.03 rows=88 width=20) (actual time=48.016..5539.898 rows=33589 loops=1)
                                       Buffers: shared hit=449298 read=93692
                                       ->  Hash Join  (cost=14214.02..412808.99 rows=1943 width=12) (actual time=47.962..2205.818 rows=34939 loops=1)
                                             Hash Cond: (t.kind_id = kt.id)
                                             Buffers: shared hit=161458 read=32660
                                             ->  Nested Loop  (cost=14212.84..412796.35 rows=2720 width=16) (actual time=47.939..2187.145 rows=36985 loops=1)
                                                   Buffers: shared hit=161457 read=32660
                                                   ->  Bitmap Heap Scan on movie_info mi1  (cost=14212.40..386807.69 rows=3407 width=8) (actual time=47.897..433.907 rows=46658 loops=1)
                                                         Recheck Cond: (info_type_id = 8)
                                                         Filter: ((info)::text = ANY ('{Argentina,Austria,Bulgaria,Chile,"Federal Republic of Yugoslavia","Hong Kong",Iceland,Indonesia,Nigeria,Romania,Ukraine}'::text[]))
                                                         Rows Removed by Filter: 1278703
                                                         Heap Blocks: exact=7853
                                                         Buffers: shared hit=34 read=8859
                                                         ->  Bitmap Index Scan on info_type_id_movie_info  (cost=0.00..14211.52 rows=1329478 width=0) (actual time=46.889..46.889 rows=1325361 loops=1)
                                                               Index Cond: (info_type_id = 8)
                                                               Buffers: shared read=1040
                                                   ->  Memoize  (cost=0.44..7.65 rows=1 width=8) (actual time=0.037..0.037 rows=1 loops=46658)
                                                         Cache Key: mi1.movie_id
                                                         Cache Mode: logical
                                                         Hits: 352  Misses: 46306  Evictions: 0  Overflows: 0  Memory Usage: 4508kB
                                                         Buffers: shared hit=161423 read=23801
                                                         ->  Index Scan using title_pkey on title t  (cost=0.43..7.64 rows=1 width=8) (actual time=0.036..0.036 rows=1 loops=46306)
                                                               Index Cond: (id = mi1.movie_id)
                                                               Filter: ((production_year <= 2015) AND (production_year >= 1975))
                                                               Rows Removed by Filter: 0
                                                               Buffers: shared hit=161423 read=23801
                                             ->  Hash  (cost=1.11..1.11 rows=5 width=4) (actual time=0.010..0.011 rows=5 loops=1)
                                                   Buckets: 1024  Batches: 1  Memory Usage: 9kB
                                                   Buffers: shared hit=1
                                                   ->  Seq Scan on kind_type kt  (cost=0.00..1.11 rows=5 width=4) (actual time=0.005..0.006 rows=5 loops=1)
                                                         Filter: ((kind)::text = ANY ('{episode,movie,"tv series","video game","video movie"}'::text[]))
                                                         Rows Removed by Filter: 2
                                                         Buffers: shared hit=1
                                       ->  Index Scan using movie_id_movie_info on movie_info mi2  (cost=0.43..42.22 rows=1 width=8) (actual time=0.078..0.095 rows=1 loops=34939)
                                             Index Cond: (movie_id = t.id)
                                             Filter: (((info)::text = ANY ('{"Black and White",Color}'::text[])) AND (info_type_id = 2))
                                             Rows Removed by Filter: 9
                                             Buffers: shared hit=287840 read=61032
                     ->  Index Scan using movie_id_cast_info on cast_info ci  (cost=0.44..43.32 rows=38 width=12) (actual time=0.037..0.172 rows=15 loops=33589)
                           Index Cond: (movie_id = t.id)
                           Buffers: shared hit=482534 read=105827
               ->  Hash  (cost=1.17..1.17 rows=3 width=4) (actual time=0.021..0.023 rows=3 loops=1)
                     Buckets: 1024  Batches: 1  Memory Usage: 9kB
                     Buffers: shared hit=1
                     ->  Seq Scan on role_type rt  (cost=0.00..1.17 rows=3 width=4) (actual time=0.016..0.018 rows=3 loops=1)
                           Filter: ((role)::text = ANY ('{actress,"miscellaneous crew",producer}'::text[]))
                           Rows Removed by Filter: 9
                           Buffers: shared hit=1
         ->  Index Scan using name_pkey on name n  (cost=0.43..2.32 rows=1 width=4) (actual time=0.035..0.035 rows=0 loops=181585)
               Index Cond: (id = ci.person_id)
               Filter: (((gender)::text = 'm'::text) OR (gender IS NULL))
               Rows Removed by Filter: 1
               Buffers: shared hit=682443 read=43897
 Planning:
   Buffers: shared hit=486 read=91
 Planning Time: 7.309 ms
 Execution Time: 18139.821 ms
(78 rows)

