                                                                                                   QUERY PLAN                                                                                                    
-----------------------------------------------------------------------------------------------------------------------------------------------------------------------------------------------------------------
 Aggregate  (cost=429985.53..429985.54 rows=1 width=8) (actual time=1402.402..1402.409 rows=1 loops=1)
   Buffers: shared hit=90999 read=47726
   ->  Nested Loop  (cost=32182.75..429985.52 rows=2 width=0) (actual time=926.454..1402.393 rows=33 loops=1)
         Buffers: shared hit=90999 read=47726
         ->  Hash Join  (cost=32182.32..429973.94 rows=5 width=4) (actual time=926.410..1401.494 rows=40 loops=1)
               Hash Cond: (ci.role_id = rt.id)
               Buffers: shared hit=90880 read=47685
               ->  Nested Loop  (cost=32181.09..429972.66 rows=14 width=8) (actual time=926.253..1401.397 rows=146 loops=1)
                     Buffers: shared hit=90879 read=47685
                     ->  Nested Loop  (cost=32180.65..429928.96 rows=1 width=12) (actual time=84.466..1398.984 rows=7 loops=1)
                           Buffers: shared hit=90846 read=47555
                           ->  Nested Loop  (cost=32180.65..429926.54 rows=1 width=16) (actual time=84.461..1398.914 rows=7 loops=1)
                                 Buffers: shared hit=90839 read=47555
                                 ->  Nested Loop  (cost=32180.65..429924.12 rows=1 width=20) (actual time=84.436..1398.794 rows=7 loops=1)
                                       Buffers: shared hit=90832 read=47555
                                       ->  Hash Join  (cost=32180.22..416442.93 rows=315 width=12) (actual time=82.510..1148.027 rows=7430 loops=1)
                                             Hash Cond: (t.kind_id = kt.id)
                                             Buffers: shared hit=59156 read=39850
                                             ->  Nested Loop  (cost=32179.06..416439.45 rows=551 width=16) (actual time=82.454..1145.085 rows=17771 loops=1)
                                                   Buffers: shared hit=59155 read=39850
                                                   ->  Bitmap Heap Scan on movie_info mi1  (cost=32178.63..410731.22 rows=690 width=8) (actual time=82.416..680.934 rows=17788 loops=1)
                                                         Recheck Cond: (info_type_id = 16)
                                                         Filter: ((info)::text = ANY ('{USA:1994,USA:1995,USA:2001,USA:2002,USA:2004,USA:2006,"USA:August 2010","USA:August 2011","USA:October 2007"}'::text[]))
                                                         Rows Removed by Filter: 3018931
                                                         Heap Blocks: exact=25474
                                                         Buffers: shared hit=2154 read=25699
                                                         ->  Bitmap Index Scan on info_type_id_movie_info  (cost=0.00..32178.44 rows=3010400 width=0) (actual time=78.424..78.424 rows=3036719 loops=1)
                                                               Index Cond: (info_type_id = 16)
                                                               Buffers: shared read=2379
                                                   ->  Index Scan using title_pkey on title t  (cost=0.43..8.27 rows=1 width=8) (actual time=0.026..0.026 rows=1 loops=17788)
                                                         Index Cond: (id = mi1.movie_id)
                                                         Filter: ((production_year <= 2015) AND (production_year >= 1975))
                                                         Rows Removed by Filter: 0
                                                         Buffers: shared hit=57001 read=14151
                                             ->  Hash  (cost=1.10..1.10 rows=4 width=4) (actual time=0.022..0.023 rows=4 loops=1)
                                                   Buckets: 1024  Batches: 1  Memory Usage: 9kB
                                                   Buffers: shared hit=1
                                                   ->  Seq Scan on kind_type kt  (cost=0.00..1.10 rows=4 width=4) (actual time=0.011..0.013 rows=4 loops=1)
                                                         Filter: ((kind)::text = ANY ('{episode,"tv movie","tv series","video game"}'::text[]))
                                                         Rows Removed by Filter: 3
                                                         Buffers: shared hit=1
                                       ->  Index Scan using movie_id_movie_info on movie_info mi2  (cost=0.43..42.79 rows=1 width=8) (actual time=0.033..0.034 rows=0 loops=7430)
                                             Index Cond: (movie_id = t.id)
                                             Filter: ((info_type_id = 1) AND ((info)::text = ANY ('{110,119,27,40,53,69,84,UK:120,USA:101,USA:109,USA:12,USA:3,USA:70}'::text[])))
                                             Rows Removed by Filter: 3
                                             Buffers: shared hit=31676 read=7705
                                 ->  Seq Scan on info_type it1  (cost=0.00..2.41 rows=1 width=4) (actual time=0.009..0.013 rows=1 loops=7)
                                       Filter: (id = 16)
                                       Rows Removed by Filter: 112
                                       Buffers: shared hit=7
                           ->  Seq Scan on info_type it2  (cost=0.00..2.41 rows=1 width=4) (actual time=0.003..0.008 rows=1 loops=7)
                                 Filter: (id = 1)
                                 Rows Removed by Filter: 112
                                 Buffers: shared hit=7
                     ->  Index Scan using movie_id_cast_info on cast_info ci  (cost=0.44..43.32 rows=38 width=12) (actual time=0.026..0.339 rows=21 loops=7)
                           Index Cond: (movie_id = t.id)
                           Buffers: shared hit=33 read=130
               ->  Hash  (cost=1.18..1.18 rows=4 width=4) (actual time=0.042..0.043 rows=4 loops=1)
                     Buckets: 1024  Batches: 1  Memory Usage: 9kB
                     Buffers: shared hit=1
                     ->  Seq Scan on role_type rt  (cost=0.00..1.18 rows=4 width=4) (actual time=0.028..0.032 rows=4 loops=1)
                           Filter: ((role)::text = ANY ('{cinematographer,"costume designer",producer,writer}'::text[]))
                           Rows Removed by Filter: 8
                           Buffers: shared hit=1
         ->  Index Scan using name_pkey on name n  (cost=0.43..2.32 rows=1 width=4) (actual time=0.022..0.022 rows=1 loops=40)
               Index Cond: (id = ci.person_id)
               Filter: (gender IS NULL)
               Rows Removed by Filter: 0
               Buffers: shared hit=119 read=41
 Planning:
   Buffers: shared hit=485 read=92
 Planning Time: 13.091 ms
 Execution Time: 1403.148 ms
(73 rows)

