                                                                                                                                                                                                                                                                                                                                                                                                                                                     QUERY PLAN                                                                                                                                                                                                                                                                                                                                                                                                                                                      
---------------------------------------------------------------------------------------------------------------------------------------------------------------------------------------------------------------------------------------------------------------------------------------------------------------------------------------------------------------------------------------------------------------------------------------------------------------------------------------------------------------------------------------------------------------------------------------------------------------------------------------------------------------------------------------------------------------------------------------------------------------------------------------------------------------------------------------------------------------------------------------------------------------------
 Aggregate  (cost=390398.69..390398.70 rows=1 width=8) (actual time=5260.814..5260.822 rows=1 loops=1)
   Buffers: shared hit=457571 read=73081
   ->  Nested Loop  (cost=7082.00..390398.68 rows=7 width=0) (actual time=24.067..5257.774 rows=13431 loops=1)
         Buffers: shared hit=457571 read=73081
         ->  Hash Join  (cost=7081.57..390366.20 rows=14 width=4) (actual time=24.024..4431.717 rows=23287 loops=1)
               Hash Cond: (ci.role_id = rt.id)
               Buffers: shared hit=368528 read=68976
               ->  Nested Loop  (cost=7080.40..390364.72 rows=86 width=8) (actual time=23.898..4390.519 rows=209242 loops=1)
                     Buffers: shared hit=368527 read=68976
                     ->  Nested Loop  (cost=7079.96..390098.56 rows=6 width=12) (actual time=23.852..2114.303 rows=8833 loops=1)
                           Buffers: shared hit=171983 read=32205
                           ->  Seq Scan on info_type it2  (cost=0.00..2.41 rows=1 width=4) (actual time=0.034..0.043 rows=1 loops=1)
                                 Filter: (id = 2)
                                 Rows Removed by Filter: 112
                                 Buffers: shared hit=1
                           ->  Nested Loop  (cost=7079.96..390096.08 rows=6 width=16) (actual time=23.817..2112.007 rows=8833 loops=1)
                                 Buffers: shared hit=171982 read=32205
                                 ->  Seq Scan on info_type it1  (cost=0.00..2.41 rows=1 width=4) (actual time=0.009..0.030 rows=1 loops=1)
                                       Filter: (id = 18)
                                       Rows Removed by Filter: 112
                                       Buffers: shared hit=1
                                 ->  Nested Loop  (cost=7079.96..390093.61 rows=6 width=20) (actual time=23.805..2109.740 rows=8833 loops=1)
                                       Buffers: shared hit=171981 read=32205
                                       ->  Hash Join  (cost=7079.52..384373.95 rows=134 width=12) (actual time=23.745..1095.781 rows=8980 loops=1)
                                             Hash Cond: (t.kind_id = kt.id)
                                             Buffers: shared hit=81336 read=17689
                                             ->  Nested Loop  (cost=7078.34..384371.98 rows=188 width=16) (actual time=22.968..1090.580 rows=9447 loops=1)
                                                   Buffers: shared hit=81335 read=17689
                                                   ->  Bitmap Heap Scan on movie_info mi1  (cost=7077.91..377307.73 rows=858 width=8) (actual time=22.628..272.717 rows=22883 loops=1)
                                                         Recheck Cond: (info_type_id = 18)
                                                         Filter: ((info)::text = ANY ('{"Associated British Elstree Studios, Shenley Road, Borehamwood, Hertfordshire, England, UK","Buenos Aires, Federal District, Argentina","Hollywood, Los Angeles, California, USA","Metro-Goldwyn-Mayer Studios - 10202 W. Washington Blvd., Culver City, California, USA","Mexico City, Distrito Federal, Mexico","Stage 25, Warner Brothers Burbank Studios - 4000 Warner Boulevard, Burbank, California, USA","Stage 27, Warner Brothers Burbank Studios - 4000 Warner Boulevard, Burbank, California, USA","Stage 8, 20th Century Fox Studios - 10201 Pico Blvd., Century City, Los Angeles, California, USA","Stage 9, 20th Century Fox Studios - 10201 Pico Blvd., Century City, Los Angeles, California, USA","Stage 9, Warner Brothers Burbank Studios - 4000 Warner Boulevard, Burbank, California, USA"}'::text[]))
                                                         Rows Removed by Filter: 638040
                                                         Heap Blocks: exact=6972
                                                         Buffers: shared hit=903 read=6589
                                                         ->  Bitmap Index Scan on info_type_id_movie_info  (cost=0.00..7077.68 rows=662032 width=0) (actual time=21.720..21.720 rows=660923 loops=1)
                                                               Index Cond: (info_type_id = 18)
                                                               Buffers: shared hit=1 read=519
                                                   ->  Index Scan using title_pkey on title t  (cost=0.43..8.23 rows=1 width=8) (actual time=0.035..0.035 rows=0 loops=22883)
                                                         Index Cond: (id = mi1.movie_id)
                                                         Filter: ((production_year <= 1990) AND (production_year >= 1950))
                                                         Rows Removed by Filter: 1
                                                         Buffers: shared hit=80432 read=11100
                                             ->  Hash  (cost=1.11..1.11 rows=5 width=4) (actual time=0.017..0.018 rows=5 loops=1)
                                                   Buckets: 1024  Batches: 1  Memory Usage: 9kB
                                                   Buffers: shared hit=1
                                                   ->  Seq Scan on kind_type kt  (cost=0.00..1.11 rows=5 width=4) (actual time=0.008..0.010 rows=5 loops=1)
                                                         Filter: ((kind)::text = ANY ('{episode,movie,"tv movie","video game","video movie"}'::text[]))
                                                         Rows Removed by Filter: 2
                                                         Buffers: shared hit=1
                                       ->  Index Scan using movie_id_movie_info on movie_info mi2  (cost=0.43..42.67 rows=1 width=8) (actual time=0.099..0.112 rows=1 loops=8980)
                                             Index Cond: (movie_id = t.id)
                                             Filter: (((info)::text = ANY ('{"Black and White",Color}'::text[])) AND (info_type_id = 2))
                                             Rows Removed by Filter: 15
                                             Buffers: shared hit=90645 read=14516
                     ->  Index Scan using movie_id_cast_info on cast_info ci  (cost=0.44..43.98 rows=38 width=12) (actual time=0.036..0.251 rows=24 loops=8833)
                           Index Cond: (movie_id = t.id)
                           Buffers: shared hit=196544 read=36771
               ->  Hash  (cost=1.15..1.15 rows=2 width=4) (actual time=0.038..0.039 rows=2 loops=1)
                     Buckets: 1024  Batches: 1  Memory Usage: 9kB
                     Buffers: shared hit=1
                     ->  Seq Scan on role_type rt  (cost=0.00..1.15 rows=2 width=4) (actual time=0.028..0.030 rows=2 loops=1)
                           Filter: ((role)::text = ANY ('{cinematographer,writer}'::text[]))
                           Rows Removed by Filter: 10
                           Buffers: shared hit=1
         ->  Index Scan using name_pkey on name n  (cost=0.43..2.32 rows=1 width=4) (actual time=0.035..0.035 rows=1 loops=23287)
               Index Cond: (id = ci.person_id)
               Filter: (((gender)::text = 'f'::text) OR (gender IS NULL))
               Rows Removed by Filter: 0
               Buffers: shared hit=89043 read=4105
 Planning:
   Buffers: shared hit=577
 Planning Time: 13.788 ms
 Execution Time: 5261.366 ms
(73 rows)

