                                                                                                                                                                           QUERY PLAN                                                                                                                                                                            
-----------------------------------------------------------------------------------------------------------------------------------------------------------------------------------------------------------------------------------------------------------------------------------------------------------------------------------------------------------------
 Aggregate  (cost=379597.77..379597.78 rows=1 width=8) (actual time=1945.484..1945.494 rows=1 loops=1)
   Buffers: shared hit=165050 read=29711
   ->  Nested Loop  (cost=4697.59..379597.77 rows=1 width=0) (actual time=206.762..1945.470 rows=15 loops=1)
         Buffers: shared hit=165050 read=29711
         ->  Hash Join  (cost=4697.16..379593.13 rows=2 width=4) (actual time=206.717..1944.103 rows=34 loops=1)
               Hash Cond: (ci.role_id = rt.id)
               Buffers: shared hit=164962 read=29663
               ->  Nested Loop  (cost=4695.98..379591.91 rows=14 width=8) (actual time=206.514..1943.876 rows=686 loops=1)
                     Buffers: shared hit=164961 read=29663
                     ->  Nested Loop  (cost=4695.54..379547.05 rows=1 width=12) (actual time=206.464..1934.278 rows=25 loops=1)
                           Buffers: shared hit=164687 read=29181
                           ->  Nested Loop  (cost=4695.54..379544.63 rows=1 width=16) (actual time=206.457..1933.846 rows=25 loops=1)
                                 Buffers: shared hit=164662 read=29181
                                 ->  Nested Loop  (cost=4695.54..379542.20 rows=1 width=20) (actual time=206.435..1933.286 rows=25 loops=1)
                                       Buffers: shared hit=164637 read=29181
                                       ->  Hash Join  (cost=4695.11..377665.93 rows=43 width=12) (actual time=21.558..1854.829 rows=567 loops=1)
                                             Hash Cond: (t.kind_id = kt.id)
                                             Buffers: shared hit=159395 read=27006
                                             ->  Nested Loop  (cost=4693.93..377664.50 rows=60 width=16) (actual time=21.514..1850.317 rows=19072 loops=1)
                                                   Buffers: shared hit=159394 read=27006
                                                   ->  Bitmap Heap Scan on movie_info mi1  (cost=4693.50..374133.09 rows=423 width=8) (actual time=21.322..374.109 rows=41707 loops=1)
                                                         Recheck Cond: (info_type_id = 5)
                                                         Filter: ((info)::text = ANY ('{Argentina:16,Brazil:14,France:U,Germany:12,Norway:15,Norway:7,Portugal:M/18,UK:A,UK:U,USA:Approved}'::text[]))
                                                         Rows Removed by Filter: 444847
                                                         Heap Blocks: exact=19164
                                                         Buffers: shared hit=1981 read=17591
                                                         ->  Bitmap Index Scan on info_type_id_movie_info  (cost=0.00..4693.37 rows=439058 width=0) (actual time=17.648..17.649 rows=486554 loops=1)
                                                               Index Cond: (info_type_id = 5)
                                                               Buffers: shared read=408
                                                   ->  Index Scan using title_pkey on title t  (cost=0.43..8.35 rows=1 width=8) (actual time=0.035..0.035 rows=0 loops=41707)
                                                         Index Cond: (id = mi1.movie_id)
                                                         Filter: ((production_year <= 1975) AND (production_year >= 1925))
                                                         Rows Removed by Filter: 1
                                                         Buffers: shared hit=157413 read=9415
                                             ->  Hash  (cost=1.11..1.11 rows=5 width=4) (actual time=0.020..0.021 rows=5 loops=1)
                                                   Buckets: 1024  Batches: 1  Memory Usage: 9kB
                                                   Buffers: shared hit=1
                                                   ->  Seq Scan on kind_type kt  (cost=0.00..1.11 rows=5 width=4) (actual time=0.009..0.011 rows=5 loops=1)
                                                         Filter: ((kind)::text = ANY ('{episode,"tv movie","tv series","video game","video movie"}'::text[]))
                                                         Rows Removed by Filter: 2
                                                         Buffers: shared hit=1
                                       ->  Index Scan using movie_id_movie_info on movie_info mi2  (cost=0.43..43.62 rows=1 width=8) (actual time=0.133..0.138 rows=0 loops=567)
                                             Index Cond: (movie_id = t.id)
                                             Filter: ((info_type_id = 7) AND ((info)::text = ANY ('{"CAM:Panavision Lenses",LAB:DeLuxe,"LAB:Technicolor, Hollywood (CA), USA","LAB:Technicolor, USA","OFM:16 mm",PCS:CinemaScope,PCS:Techniscope,PCS:VistaVision,"PFM:70 mm","PFM:8 mm","RAT:1.66 : 1","RAT:1.85 : 1","RAT:2.20 : 1","RAT:2.55 : 1"}'::text[])))
                                             Rows Removed by Filter: 24
                                             Buffers: shared hit=5242 read=2175
                                 ->  Seq Scan on info_type it1  (cost=0.00..2.41 rows=1 width=4) (actual time=0.010..0.018 rows=1 loops=25)
                                       Filter: (id = 5)
                                       Rows Removed by Filter: 112
                                       Buffers: shared hit=25
                           ->  Seq Scan on info_type it2  (cost=0.00..2.41 rows=1 width=4) (actual time=0.007..0.015 rows=1 loops=25)
                                 Filter: (id = 7)
                                 Rows Removed by Filter: 112
                                 Buffers: shared hit=25
                     ->  Index Scan using movie_id_cast_info on cast_info ci  (cost=0.44..44.48 rows=38 width=12) (actual time=0.039..0.374 rows=27 loops=25)
                           Index Cond: (movie_id = t.id)
                           Buffers: shared hit=274 read=482
               ->  Hash  (cost=1.15..1.15 rows=2 width=4) (actual time=0.035..0.036 rows=2 loops=1)
                     Buckets: 1024  Batches: 1  Memory Usage: 9kB
                     Buffers: shared hit=1
                     ->  Seq Scan on role_type rt  (cost=0.00..1.15 rows=2 width=4) (actual time=0.027..0.029 rows=2 loops=1)
                           Filter: ((role)::text = ANY ('{cinematographer,"production designer"}'::text[]))
                           Rows Removed by Filter: 10
                           Buffers: shared hit=1
         ->  Index Scan using name_pkey on name n  (cost=0.43..2.32 rows=1 width=4) (actual time=0.039..0.039 rows=0 loops=34)
               Index Cond: (id = ci.person_id)
               Filter: ((gender)::text = ANY ('{f,m}'::text[]))
               Rows Removed by Filter: 1
               Buffers: shared hit=88 read=48
 Planning:
   Buffers: shared hit=522 read=55
 Planning Time: 14.139 ms
 Execution Time: 1946.138 ms
(73 rows)

