                                                                                                                        QUERY PLAN                                                                                                                        
----------------------------------------------------------------------------------------------------------------------------------------------------------------------------------------------------------------------------------------------------------
 Aggregate  (cost=328261.96..328261.97 rows=1 width=8) (actual time=7273.542..7273.550 rows=1 loops=1)
   Buffers: shared hit=492142 read=227326
   ->  Nested Loop  (cost=1357.33..328261.96 rows=2 width=0) (actual time=14.316..7266.012 rows=52371 loops=1)
         Buffers: shared hit=492142 read=227326
         ->  Hash Join  (cost=1356.90..328252.68 rows=4 width=4) (actual time=14.231..4956.421 rows=67511 loops=1)
               Hash Cond: (ci.role_id = rt.id)
               Buffers: shared hit=252868 read=196556
               ->  Nested Loop  (cost=1355.69..328251.43 rows=14 width=8) (actual time=14.148..4912.764 rows=204620 loops=1)
                     Buffers: shared hit=252867 read=196556
                     ->  Nested Loop  (cost=1355.25..328207.77 rows=1 width=12) (actual time=14.110..2439.863 rows=9343 loops=1)
                           Buffers: shared hit=149226 read=74101
                           ->  Nested Loop  (cost=1355.25..328205.35 rows=1 width=16) (actual time=14.105..2270.755 rows=9343 loops=1)
                                 Buffers: shared hit=139883 read=74101
                                 ->  Nested Loop  (cost=1355.25..328202.92 rows=1 width=20) (actual time=14.084..2092.681 rows=9343 loops=1)
                                       Buffers: shared hit=130540 read=74101
                                       ->  Hash Join  (cost=1354.82..327100.16 rows=26 width=12) (actual time=13.970..584.847 rows=11681 loops=1)
                                             Hash Cond: (t.kind_id = kt.id)
                                             Buffers: shared hit=46965 read=10701
                                             ->  Nested Loop  (cost=1353.66..327098.82 rows=45 width=16) (actual time=13.935..578.980 rows=13055 loops=1)
                                                   Buffers: shared hit=46964 read=10701
                                                   ->  Bitmap Heap Scan on movie_info mi1  (cost=1353.23..326693.10 rows=48 width=8) (actual time=13.884..104.436 rows=13148 loops=1)
                                                         Recheck Cond: (info_type_id = 105)
                                                         Filter: ((info)::text = ANY ('{"$10,000,000",$100,"$150,000","$25,000,000","$3,000","$3,500","$50,000",$500,"$6,000,000","$75,000","$8,000","£5,000","€ 15,000","€ 5,000","€ 50,000"}'::text[]))
                                                         Rows Removed by Filter: 108715
                                                         Heap Blocks: exact=4974
                                                         Buffers: shared hit=146 read=4927
                                                         ->  Bitmap Index Scan on info_type_id_movie_info  (cost=0.00..1353.18 rows=126500 width=0) (actual time=13.230..13.230 rows=121863 loops=1)
                                                               Index Cond: (info_type_id = 105)
                                                               Buffers: shared hit=1 read=98
                                                   ->  Index Scan using title_pkey on title t  (cost=0.43..8.45 rows=1 width=8) (actual time=0.035..0.035 rows=1 loops=13148)
                                                         Index Cond: (id = mi1.movie_id)
                                                         Filter: ((production_year <= 2015) AND (production_year >= 1925))
                                                         Rows Removed by Filter: 0
                                                         Buffers: shared hit=46818 read=5774
                                             ->  Hash  (cost=1.10..1.10 rows=4 width=4) (actual time=0.017..0.018 rows=4 loops=1)
                                                   Buckets: 1024  Batches: 1  Memory Usage: 9kB
                                                   Buffers: shared hit=1
                                                   ->  Seq Scan on kind_type kt  (cost=0.00..1.10 rows=4 width=4) (actual time=0.008..0.010 rows=4 loops=1)
                                                         Filter: ((kind)::text = ANY ('{episode,movie,"video game","video movie"}'::text[]))
                                                         Rows Removed by Filter: 3
                                                         Buffers: shared hit=1
                                       ->  Index Scan using movie_id_movie_info on movie_info mi2  (cost=0.43..42.40 rows=1 width=8) (actual time=0.119..0.128 rows=1 loops=11681)
                                             Index Cond: (movie_id = t.id)
                                             Filter: ((info_type_id = 8) AND ((info)::text = ANY ('{Greece,India,Italy,Spain,Sweden,USA}'::text[])))
                                             Rows Removed by Filter: 18
                                             Buffers: shared hit=83575 read=63400
                                 ->  Seq Scan on info_type it1  (cost=0.00..2.41 rows=1 width=4) (actual time=0.016..0.017 rows=1 loops=9343)
                                       Filter: (id = 105)
                                       Rows Removed by Filter: 112
                                       Buffers: shared hit=9343
                           ->  Seq Scan on info_type it2  (cost=0.00..2.41 rows=1 width=4) (actual time=0.009..0.017 rows=1 loops=9343)
                                 Filter: (id = 8)
                                 Rows Removed by Filter: 112
                                 Buffers: shared hit=9343
                     ->  Index Scan using movie_id_cast_info on cast_info ci  (cost=0.44..43.28 rows=38 width=12) (actual time=0.041..0.259 rows=22 loops=9343)
                           Index Cond: (movie_id = t.id)
                           Buffers: shared hit=103641 read=122455
               ->  Hash  (cost=1.17..1.17 rows=3 width=4) (actual time=0.035..0.035 rows=3 loops=1)
                     Buckets: 1024  Batches: 1  Memory Usage: 9kB
                     Buffers: shared hit=1
                     ->  Seq Scan on role_type rt  (cost=0.00..1.17 rows=3 width=4) (actual time=0.025..0.027 rows=3 loops=1)
                           Filter: ((role)::text = ANY ('{actress,director,producer}'::text[]))
                           Rows Removed by Filter: 9
                           Buffers: shared hit=1
         ->  Index Scan using name_pkey on name n  (cost=0.43..2.32 rows=1 width=4) (actual time=0.034..0.034 rows=1 loops=67511)
               Index Cond: (id = ci.person_id)
               Filter: (((gender)::text = 'f'::text) OR (gender IS NULL))
               Rows Removed by Filter: 0
               Buffers: shared hit=239274 read=30770
 Planning:
   Buffers: shared hit=577
 Planning Time: 13.247 ms
 Execution Time: 7274.038 ms
(73 rows)

