                                                                                                          QUERY PLAN                                                                                                           
-------------------------------------------------------------------------------------------------------------------------------------------------------------------------------------------------------------------------------
 Aggregate  (cost=1002505.18..1002505.19 rows=1 width=8) (actual time=118251.894..118251.903 rows=1 loops=1)
   Buffers: shared hit=10340277 read=1057832, temp read=3212 written=3212
   ->  Nested Loop  (cost=93288.03..1002501.78 rows=1359 width=0) (actual time=477.677..117985.502 rows=1578158 loops=1)
         Buffers: shared hit=10340277 read=1057832, temp read=3212 written=3212
         ->  Hash Join  (cost=93287.60..997431.31 rows=2186 width=4) (actual time=477.642..56832.947 rows=1582241 loops=1)
               Hash Cond: (ci.role_id = rt.id)
               Buffers: shared hit=4121854 read=947291, temp read=3212 written=3212
               ->  Nested Loop  (cost=93286.34..997411.42 rows=5246 width=8) (actual time=477.577..55880.245 rows=2766210 loops=1)
                     Buffers: shared hit=4121853 read=947291, temp read=3212 written=3212
                     ->  Nested Loop  (cost=93285.90..980993.89 rows=366 width=12) (actual time=477.493..21693.954 rows=163507 loops=1)
                           Buffers: shared hit=1472459 read=405929, temp read=3212 written=3212
                           ->  Seq Scan on info_type it2  (cost=0.00..2.41 rows=1 width=4) (actual time=0.026..0.041 rows=1 loops=1)
                                 Filter: (id = 4)
                                 Rows Removed by Filter: 112
                                 Buffers: shared hit=1
                           ->  Nested Loop  (cost=93285.90..980987.82 rows=366 width=16) (actual time=477.465..21650.480 rows=163507 loops=1)
                                 Buffers: shared hit=1472458 read=405929, temp read=3212 written=3212
                                 ->  Seq Scan on info_type it1  (cost=0.00..2.41 rows=1 width=4) (actual time=0.007..0.025 rows=1 loops=1)
                                       Filter: (id = 2)
                                       Rows Removed by Filter: 112
                                       Buffers: shared hit=1
                                 ->  Nested Loop  (cost=93285.90..980981.75 rows=366 width=20) (actual time=477.455..21604.734 rows=163507 loops=1)
                                       Buffers: shared hit=1472457 read=405929, temp read=3212 written=3212
                                       ->  Hash Join  (cost=93285.46..632956.03 rows=8090 width=12) (actual time=477.394..2117.695 rows=168853 loops=1)
                                             Hash Cond: (t.kind_id = kt.id)
                                             Buffers: shared hit=7279 read=38525, temp read=3212 written=3212
                                             ->  Hash Join  (cost=93284.27..632915.06 rows=9438 width=16) (actual time=477.355..2031.203 rows=168853 loops=1)
                                                   Hash Cond: (mi2.movie_id = t.id)
                                                   Buffers: shared hit=7278 read=38525, temp read=3212 written=3212
                                                   ->  Bitmap Heap Scan on movie_info mi2  (cost=13071.97..550604.47 rows=66399 width=8) (actual time=34.514..881.185 rows=901486 loops=1)
                                                         Recheck Cond: (info_type_id = 4)
                                                         Filter: ((info)::text = ANY ('{Arabic,Bengali,Dutch,English,Finnish,Hindi,Hungarian,Italian,None,Norwegian,Persian,Russian,Serbo-Croatian,Swedish,Tagalog}'::text[]))
                                                         Rows Removed by Filter: 397503
                                                         Heap Blocks: exact=8393
                                                         Buffers: shared hit=409 read=9003
                                                         ->  Bitmap Index Scan on info_type_id_movie_info  (cost=0.00..13055.37 rows=1221191 width=0) (actual time=33.467..33.467 rows=1298989 loops=1)
                                                               Index Cond: (info_type_id = 4)
                                                               Buffers: shared read=1019
                                                   ->  Hash  (cost=74315.95..74315.95 rows=359388 width=8) (actual time=439.579..439.580 rows=350375 loops=1)
                                                         Buckets: 262144  Batches: 4  Memory Usage: 5467kB
                                                         Buffers: shared hit=6869 read=29522, temp written=896
                                                         ->  Seq Scan on title t  (cost=0.00..74315.95 rows=359388 width=8) (actual time=0.025..381.797 rows=350375 loops=1)
                                                               Filter: ((production_year <= 1975) AND (production_year >= 1925))
                                                               Rows Removed by Filter: 2177937
                                                               Buffers: shared hit=6869 read=29522
                                             ->  Hash  (cost=1.12..1.12 rows=6 width=4) (actual time=0.017..0.018 rows=6 loops=1)
                                                   Buckets: 1024  Batches: 1  Memory Usage: 9kB
                                                   Buffers: shared hit=1
                                                   ->  Seq Scan on kind_type kt  (cost=0.00..1.12 rows=6 width=4) (actual time=0.008..0.011 rows=6 loops=1)
                                                         Filter: ((kind)::text = ANY ('{episode,movie,"tv movie","tv series","video game","video movie"}'::text[]))
                                                         Rows Removed by Filter: 1
                                                         Buffers: shared hit=1
                                       ->  Index Scan using movie_id_movie_info on movie_info mi1  (cost=0.43..43.01 rows=1 width=8) (actual time=0.100..0.115 rows=1 loops=168853)
                                             Index Cond: (movie_id = t.id)
                                             Filter: (((info)::text = ANY ('{"Black and White",Color}'::text[])) AND (info_type_id = 2))
                                             Rows Removed by Filter: 12
                                             Buffers: shared hit=1465178 read=367404
                     ->  Index Scan using movie_id_cast_info on cast_info ci  (cost=0.44..44.48 rows=38 width=12) (actual time=0.040..0.204 rows=17 loops=163507)
                           Index Cond: (movie_id = t.id)
                           Buffers: shared hit=2649394 read=541362
               ->  Hash  (cost=1.20..1.20 rows=5 width=4) (actual time=0.039..0.039 rows=5 loops=1)
                     Buckets: 1024  Batches: 1  Memory Usage: 9kB
                     Buffers: shared hit=1
                     ->  Seq Scan on role_type rt  (cost=0.00..1.20 rows=5 width=4) (actual time=0.028..0.032 rows=5 loops=1)
                           Filter: ((role)::text = ANY ('{actor,composer,guest,producer,"production designer"}'::text[]))
                           Rows Removed by Filter: 7
                           Buffers: shared hit=1
         ->  Index Scan using name_pkey on name n  (cost=0.43..2.32 rows=1 width=4) (actual time=0.038..0.038 rows=1 loops=1582241)
               Index Cond: (id = ci.person_id)
               Filter: (((gender)::text = 'm'::text) OR (gender IS NULL))
               Rows Removed by Filter: 0
               Buffers: shared hit=6218423 read=110541
 Planning:
   Buffers: shared hit=487 read=87
 Planning Time: 10.261 ms
 Execution Time: 118252.472 ms
(76 rows)

