                                                                                                                                    QUERY PLAN                                                                                                                                    
----------------------------------------------------------------------------------------------------------------------------------------------------------------------------------------------------------------------------------------------------------------------------------
 Aggregate  (cost=362499.36..362499.37 rows=1 width=8) (actual time=2904.444..2904.447 rows=1 loops=1)
   Buffers: shared hit=246376 read=46732
   ->  Nested Loop  (cost=2.17..362499.36 rows=3 width=0) (actual time=0.931..2899.574 rows=37174 loops=1)
         Buffers: shared hit=246376 read=46732
         ->  Nested Loop  (cost=1.74..362487.76 rows=5 width=4) (actual time=0.883..1626.829 rows=37445 loops=1)
               Join Filter: (ci.role_id = rt.id)
               Rows Removed by Join Filter: 339469
               Buffers: shared hit=100244 read=43084
               ->  Nested Loop  (cost=1.74..362485.77 rows=14 width=8) (actual time=0.875..1535.011 rows=121644 loops=1)
                     Buffers: shared hit=100243 read=43084
                     ->  Nested Loop  (cost=1.30..362442.03 rows=1 width=12) (actual time=0.830..343.558 rows=830 loops=1)
                           Buffers: shared hit=8162 read=14068
                           ->  Nested Loop  (cost=1.30..362439.61 rows=1 width=16) (actual time=0.825..329.488 rows=830 loops=1)
                                 Buffers: shared hit=7332 read=14068
                                 ->  Nested Loop  (cost=1.30..362437.19 rows=1 width=20) (actual time=0.803..314.828 rows=830 loops=1)
                                       Buffers: shared hit=6502 read=14068
                                       ->  Nested Loop  (cost=0.86..362009.49 rows=10 width=12) (actual time=0.275..139.185 rows=542 loops=1)
                                             Join Filter: (t.kind_id = kt.id)
                                             Rows Removed by Join Filter: 63
                                             Buffers: shared hit=1799 read=5859
                                             ->  Nested Loop  (cost=0.86..362007.40 rows=18 width=16) (actual time=0.263..138.655 rows=550 loops=1)
                                                   Buffers: shared hit=1798 read=5859
                                                   ->  Index Scan using info_type_id_movie_info on movie_info mi1  (cost=0.43..361787.64 rows=26 width=8) (actual time=0.224..111.257 rows=646 loops=1)
                                                         Index Cond: (info_type_id = 105)
                                                         Filter: ((info)::text = ANY ('{"$16,000,000","$200,000,000","$22,000,000","$32,000,000","$35,000,000","$7,000,000","$75,000,000","$85,000,000"}'::text[]))
                                                         Rows Removed by Filter: 121217
                                                         Buffers: shared hit=422 read=4651
                                                   ->  Index Scan using title_pkey on title t  (cost=0.43..8.45 rows=1 width=8) (actual time=0.041..0.041 rows=1 loops=646)
                                                         Index Cond: (id = mi1.movie_id)
                                                         Filter: ((production_year <= 2015) AND (production_year >= 1990))
                                                         Rows Removed by Filter: 0
                                                         Buffers: shared hit=1376 read=1208
                                             ->  Materialize  (cost=0.00..1.12 rows=4 width=4) (actual time=0.000..0.000 rows=1 loops=550)
                                                   Buffers: shared hit=1
                                                   ->  Seq Scan on kind_type kt  (cost=0.00..1.10 rows=4 width=4) (actual time=0.007..0.012 rows=4 loops=1)
                                                         Filter: ((kind)::text = ANY ('{episode,movie,"tv movie","tv series"}'::text[]))
                                                         Rows Removed by Filter: 3
                                                         Buffers: shared hit=1
                                       ->  Index Scan using movie_id_movie_info on movie_info mi2  (cost=0.43..42.76 rows=1 width=8) (actual time=0.282..0.323 rows=2 loops=542)
                                             Index Cond: (movie_id = t.id)
                                             Filter: ((info_type_id = 5) AND ((info)::text = ANY ('{Australia:MA,Canada:18A,Chile:14,Germany:12,"Hong Kong:IIA",Iceland:16,Netherlands:AL,"New Zealand:R16",Portugal:M/16,Singapore:NC-16,Switzerland:14,USA:Unrated}'::text[])))
                                             Rows Removed by Filter: 155
                                             Buffers: shared hit=4703 read=8209
                                 ->  Seq Scan on info_type it1  (cost=0.00..2.41 rows=1 width=4) (actual time=0.014..0.015 rows=1 loops=830)
                                       Filter: (id = 105)
                                       Rows Removed by Filter: 112
                                       Buffers: shared hit=830
                           ->  Seq Scan on info_type it2  (cost=0.00..2.41 rows=1 width=4) (actual time=0.007..0.015 rows=1 loops=830)
                                 Filter: (id = 5)
                                 Rows Removed by Filter: 112
                                 Buffers: shared hit=830
                     ->  Index Scan using movie_id_cast_info on cast_info ci  (cost=0.44..43.35 rows=38 width=12) (actual time=0.032..1.403 rows=147 loops=830)
                           Index Cond: (movie_id = t.id)
                           Buffers: shared hit=92081 read=29016
               ->  Materialize  (cost=0.00..1.20 rows=4 width=4) (actual time=0.000..0.000 rows=3 loops=121644)
                     Buffers: shared hit=1
                     ->  Seq Scan on role_type rt  (cost=0.00..1.18 rows=4 width=4) (actual time=0.005..0.007 rows=4 loops=1)
                           Filter: ((role)::text = ANY ('{actor,cinematographer,composer,guest}'::text[]))
                           Rows Removed by Filter: 8
                           Buffers: shared hit=1
         ->  Index Scan using name_pkey on name n  (cost=0.43..2.32 rows=1 width=4) (actual time=0.033..0.033 rows=1 loops=37445)
               Index Cond: (id = ci.person_id)
               Filter: ((gender)::text = ANY ('{f,m}'::text[]))
               Rows Removed by Filter: 0
               Buffers: shared hit=146132 read=3648
 Planning:
   Buffers: shared hit=484 read=90
 Planning Time: 6.542 ms
 Execution Time: 2904.742 ms
(69 rows)

