                                                                                                                                 QUERY PLAN                                                                                                                                  
-----------------------------------------------------------------------------------------------------------------------------------------------------------------------------------------------------------------------------------------------------------------------------
 Aggregate  (cost=555696.09..555696.10 rows=1 width=8) (actual time=1473.108..1473.115 rows=1 loops=1)
   Buffers: shared hit=70098 read=60811
   ->  Nested Loop  (cost=93759.64..555695.96 rows=51 width=0) (actual time=440.148..1473.086 rows=62 loops=1)
         Buffers: shared hit=70098 read=60811
         ->  Seq Scan on info_type it2  (cost=0.00..2.41 rows=1 width=4) (actual time=0.042..0.047 rows=1 loops=1)
               Filter: (id = 3)
               Rows Removed by Filter: 112
               Buffers: shared hit=1
         ->  Nested Loop  (cost=93759.64..555693.04 rows=51 width=4) (actual time=440.104..1473.020 rows=62 loops=1)
               Buffers: shared hit=70097 read=60811
               ->  Seq Scan on info_type it1  (cost=0.00..2.41 rows=1 width=4) (actual time=0.009..0.016 rows=1 loops=1)
                     Filter: (id = 7)
                     Rows Removed by Filter: 112
                     Buffers: shared hit=1
               ->  Nested Loop  (cost=93759.64..555690.11 rows=51 width=8) (actual time=440.091..1472.983 rows=62 loops=1)
                     Buffers: shared hit=70096 read=60811
                     ->  Hash Join  (cost=93759.21..555184.46 rows=218 width=12) (actual time=419.524..1402.991 rows=1894 loops=1)
                           Hash Cond: (ci.role_id = rt.id)
                           Buffers: shared hit=63333 read=59998
                           ->  Nested Loop  (cost=93758.01..555180.15 rows=874 width=16) (actual time=419.471..1399.276 rows=25720 loops=1)
                                 Buffers: shared hit=63332 read=59998
                                 ->  Nested Loop  (cost=93757.57..552462.34 rows=61 width=20) (actual time=419.447..1105.524 rows=2072 loops=1)
                                       Buffers: shared hit=42324 read=50230
                                       ->  Hash Join  (cost=93757.14..467065.27 rows=1978 width=12) (actual time=419.373..734.379 rows=3533 loops=1)
                                             Hash Cond: (mi1.movie_id = t.id)
                                             Buffers: shared hit=4804 read=42737
                                             ->  Bitmap Heap Scan on movie_info mi1  (cost=15879.99..389024.79 rows=38283 width=8) (actual time=40.344..306.477 rows=388154 loops=1)
                                                   Recheck Cond: (info_type_id = 7)
                                                   Filter: ((info)::text = ANY ('{LAB:DeLuxe,"LAB:Technicolor, USA","MET:165 m","MET:175 m","MET:190 m","MET:250 m","MET:30 m","MET:305 m","MET:45.7 m","OFM:16 mm",PCS:Spherical,PCS:Techniscope,"RAT:1.33 : 1"}'::text[]))
                                                   Rows Removed by Filter: 1013748
                                                   Heap Blocks: exact=10050
                                                   Buffers: shared hit=2144 read=9005
                                                   ->  Bitmap Index Scan on info_type_id_movie_info  (cost=0.00..15870.39 rows=1484527 width=0) (actual time=39.076..39.077 rows=1401902 loops=1)
                                                         Index Cond: (info_type_id = 7)
                                                         Buffers: shared hit=1 read=1098
                                             ->  Hash  (cost=76244.08..76244.08 rows=130645 width=4) (actual time=378.421..378.424 rows=11798 loops=1)
                                                   Buckets: 131072  Batches: 1  Memory Usage: 1439kB
                                                   Buffers: shared hit=2660 read=33732
                                                   ->  Hash Join  (cost=1.11..76244.08 rows=130645 width=4) (actual time=0.132..375.598 rows=11798 loops=1)
                                                         Hash Cond: (t.kind_id = kt.id)
                                                         Buffers: shared hit=2660 read=33732
                                                         ->  Seq Scan on title t  (cost=0.00..74315.95 rows=457258 width=8) (actual time=0.023..350.250 rows=451569 loops=1)
                                                               Filter: ((production_year <= 1975) AND (production_year >= 1875))
                                                               Rows Removed by Filter: 2076743
                                                               Buffers: shared hit=2659 read=33732
                                                         ->  Hash  (cost=1.09..1.09 rows=2 width=4) (actual time=0.012..0.012 rows=2 loops=1)
                                                               Buckets: 1024  Batches: 1  Memory Usage: 9kB
                                                               Buffers: shared hit=1
                                                               ->  Seq Scan on kind_type kt  (cost=0.00..1.09 rows=2 width=4) (actual time=0.007..0.008 rows=2 loops=1)
                                                                     Filter: ((kind)::text = ANY ('{"tv series","video game"}'::text[]))
                                                                     Rows Removed by Filter: 5
                                                                     Buffers: shared hit=1
                                       ->  Index Scan using movie_id_movie_info on movie_info mi2  (cost=0.43..43.16 rows=1 width=8) (actual time=0.103..0.105 rows=1 loops=3533)
                                             Index Cond: (movie_id = t.id)
                                             Filter: ((info_type_id = 3) AND ((info)::text = ANY ('{Biography,Drama,Family,Fantasy,Film-Noir,Horror,Mystery,Short,Thriller}'::text[])))
                                             Rows Removed by Filter: 19
                                             Buffers: shared hit=37520 read=7493
                                 ->  Index Scan using movie_id_cast_info on cast_info ci  (cost=0.44..44.17 rows=38 width=12) (actual time=0.034..0.139 rows=12 loops=2072)
                                       Index Cond: (movie_id = t.id)
                                       Buffers: shared hit=21008 read=9768
                           ->  Hash  (cost=1.17..1.17 rows=3 width=4) (actual time=0.023..0.023 rows=3 loops=1)
                                 Buckets: 1024  Batches: 1  Memory Usage: 9kB
                                 Buffers: shared hit=1
                                 ->  Seq Scan on role_type rt  (cost=0.00..1.17 rows=3 width=4) (actual time=0.011..0.014 rows=3 loops=1)
                                       Filter: ((role)::text = ANY ('{editor,guest,producer}'::text[]))
                                       Rows Removed by Filter: 9
                                       Buffers: shared hit=1
                     ->  Index Scan using name_pkey on name n  (cost=0.43..2.32 rows=1 width=4) (actual time=0.037..0.037 rows=0 loops=1894)
                           Index Cond: (id = ci.person_id)
                           Filter: ((gender)::text = 'f'::text)
                           Rows Removed by Filter: 1
                           Buffers: shared hit=6763 read=813
 Planning:
   Buffers: shared hit=576 read=1
 Planning Time: 14.263 ms
 Execution Time: 1473.697 ms
(76 rows)

