                                                                                                                                                                      QUERY PLAN                                                                                                                                                                      
------------------------------------------------------------------------------------------------------------------------------------------------------------------------------------------------------------------------------------------------------------------------------------------------------------------------------------------------------
 Aggregate  (cost=343526.16..343526.17 rows=1 width=8) (actual time=720.488..720.493 rows=1 loops=1)
   Buffers: shared hit=37749 read=23211
   ->  Nested Loop  (cost=3725.57..343526.15 rows=1 width=0) (actual time=67.857..720.181 rows=1764 loops=1)
         Buffers: shared hit=37749 read=23211
         ->  Hash Join  (cost=3725.14..343512.24 rows=6 width=4) (actual time=67.812..640.854 rows=2245 loops=1)
               Hash Cond: (ci.role_id = rt.id)
               Buffers: shared hit=30603 read=21377
               ->  Nested Loop  (cost=3723.88..343510.93 rows=14 width=8) (actual time=67.522..638.678 rows=7805 loops=1)
                     Buffers: shared hit=30602 read=21377
                     ->  Nested Loop  (cost=3723.44..343466.38 rows=1 width=12) (actual time=55.763..546.708 rows=491 loops=1)
                           Buffers: shared hit=25039 read=17773
                           ->  Nested Loop  (cost=3723.44..343463.95 rows=1 width=16) (actual time=55.757..537.620 rows=491 loops=1)
                                 Buffers: shared hit=24548 read=17773
                                 ->  Nested Loop  (cost=3723.44..343461.53 rows=1 width=20) (actual time=55.739..528.792 rows=491 loops=1)
                                       Buffers: shared hit=24057 read=17773
                                       ->  Nested Loop  (cost=3722.99..343375.65 rows=2 width=12) (actual time=40.511..311.652 rows=1690 loops=1)
                                             Buffers: shared hit=11101 read=10255
                                             ->  Nested Loop  (cost=3722.85..343375.17 rows=3 width=16) (actual time=40.495..289.232 rows=1690 loops=1)
                                                   Buffers: shared hit=7721 read=10255
                                                   ->  Bitmap Heap Scan on movie_info mi2  (cost=3722.42..343223.03 rows=18 width=8) (actual time=40.448..225.841 rows=1690 loops=1)
                                                         Recheck Cond: (info_type_id = 17)
                                                         Filter: ((info)::text = ANY ('{"One of over 700 Paramount Productions, filmed between 1929 and 1949, which were sold to MCA/Universal in 1958 for television distribution, and have been owned and controlled by Universal ever since.","Original French title is undetermined."}'::text[]))
                                                         Rows Removed by Filter: 366528
                                                         Heap Blocks: exact=10925
                                                         Buffers: shared hit=1304 read=9912
                                                         ->  Bitmap Index Scan on info_type_id_movie_info  (cost=0.00..3722.42 rows=347998 width=0) (actual time=14.813..14.814 rows=368218 loops=1)
                                                               Index Cond: (info_type_id = 17)
                                                               Buffers: shared hit=1 read=290
                                                   ->  Index Scan using title_pkey on title t  (cost=0.43..8.45 rows=1 width=8) (actual time=0.037..0.037 rows=1 loops=1690)
                                                         Index Cond: (id = mi2.movie_id)
                                                         Filter: ((production_year <= 1975) AND (production_year >= 1875))
                                                         Buffers: shared hit=6417 read=343
                                             ->  Index Scan using kind_type_pkey on kind_type kt  (cost=0.13..0.16 rows=1 width=4) (actual time=0.013..0.013 rows=1 loops=1690)
                                                   Index Cond: (id = t.kind_id)
                                                   Filter: ((kind)::text = ANY ('{episode,movie,"tv movie","tv series","video movie"}'::text[]))
                                                   Buffers: shared hit=3380
                                       ->  Index Scan using movie_id_movie_info on movie_info mi1  (cost=0.46..42.93 rows=1 width=8) (actual time=0.128..0.128 rows=0 loops=1690)
                                             Index Cond: (movie_id = t.id)
                                             Filter: ((info_type_id = 3) AND ((info)::text = ANY ('{Action,Animation,Biography,Documentary,Family,History,Horror,Musical,Western}'::text[])))
                                             Rows Removed by Filter: 17
                                             Buffers: shared hit=12956 read=7518
                                 ->  Seq Scan on info_type it1  (cost=0.00..2.41 rows=1 width=4) (actual time=0.007..0.016 rows=1 loops=491)
                                       Filter: (id = 3)
                                       Rows Removed by Filter: 112
                                       Buffers: shared hit=491
                           ->  Seq Scan on info_type it2  (cost=0.00..2.41 rows=1 width=4) (actual time=0.008..0.017 rows=1 loops=491)
                                 Filter: (id = 17)
                                 Rows Removed by Filter: 112
                                 Buffers: shared hit=491
                     ->  Index Scan using movie_id_cast_info on cast_info ci  (cost=0.44..44.17 rows=38 width=12) (actual time=0.025..0.182 rows=16 loops=491)
                           Index Cond: (movie_id = t.id)
                           Buffers: shared hit=5563 read=3604
               ->  Hash  (cost=1.20..1.20 rows=5 width=4) (actual time=0.037..0.038 rows=5 loops=1)
                     Buckets: 1024  Batches: 1  Memory Usage: 9kB
                     Buffers: shared hit=1
                     ->  Seq Scan on role_type rt  (cost=0.00..1.20 rows=5 width=4) (actual time=0.025..0.029 rows=5 loops=1)
                           Filter: ((role)::text = ANY ('{actress,cinematographer,composer,"costume designer",director}'::text[]))
                           Rows Removed by Filter: 7
                           Buffers: shared hit=1
         ->  Index Scan using name_pkey on name n  (cost=0.43..2.32 rows=1 width=4) (actual time=0.035..0.035 rows=1 loops=2245)
               Index Cond: (id = ci.person_id)
               Filter: ((gender)::text = 'f'::text)
               Rows Removed by Filter: 0
               Buffers: shared hit=7146 read=1834
 Planning:
   Buffers: shared hit=577
 Planning Time: 14.462 ms
 Execution Time: 721.011 ms
(68 rows)

