                                                                                            QUERY PLAN                                                                                            
--------------------------------------------------------------------------------------------------------------------------------------------------------------------------------------------------
 Aggregate  (cost=821796.30..821796.31 rows=1 width=8) (actual time=46143.512..46143.522 rows=1 loops=1)
   Buffers: shared hit=3791534 read=660480, temp read=2469 written=2469
   ->  Nested Loop  (cost=95829.94..821794.48 rows=728 width=0) (actual time=542.085..46124.123 rows=89026 loops=1)
         Buffers: shared hit=3791534 read=660480, temp read=2469 written=2469
         ->  Hash Join  (cost=95829.51..818414.94 rows=1457 width=4) (actual time=540.642..38992.743 rows=184786 loops=1)
               Hash Cond: (ci.role_id = rt.id)
               Buffers: shared hit=3107054 read=605816, temp read=2469 written=2469
               ->  Nested Loop  (cost=95828.28..818398.18 rows=4372 width=8) (actual time=539.962..38604.148 rows=1803319 loops=1)
                     Buffers: shared hit=3107053 read=605816, temp read=2469 written=2469
                     ->  Nested Loop  (cost=95827.84..804809.11 rows=305 width=12) (actual time=539.938..17095.026 rows=132971 loops=1)
                           Buffers: shared hit=1257987 read=300811, temp read=2469 written=2469
                           ->  Seq Scan on info_type it2  (cost=0.00..2.41 rows=1 width=4) (actual time=0.028..0.037 rows=1 loops=1)
                                 Filter: (id = 2)
                                 Rows Removed by Filter: 112
                                 Buffers: shared hit=1
                           ->  Nested Loop  (cost=95827.84..804803.65 rows=305 width=16) (actual time=539.909..17061.545 rows=132971 loops=1)
                                 Buffers: shared hit=1257986 read=300811, temp read=2469 written=2469
                                 ->  Seq Scan on info_type it1  (cost=0.00..2.41 rows=1 width=4) (actual time=0.009..0.020 rows=1 loops=1)
                                       Filter: (id = 8)
                                       Rows Removed by Filter: 112
                                       Buffers: shared hit=1
                                 ->  Nested Loop  (cost=95827.84..804798.18 rows=305 width=20) (actual time=539.897..17028.530 rows=132971 loops=1)
                                       Buffers: shared hit=1257985 read=300811, temp read=2469 written=2469
                                       ->  Hash Join  (cost=95827.40..515542.14 rows=6756 width=12) (actual time=539.854..1634.024 rows=134952 loops=1)
                                             Hash Cond: (mi1.movie_id = t.id)
                                             Buffers: shared hit=13645 read=31640, temp read=2469 written=2469
                                             ->  Bitmap Heap Scan on movie_info mi1  (cost=14224.59..431989.67 rows=52295 width=8) (actual time=35.657..683.676 rows=574998 loops=1)
                                                   Recheck Cond: (info_type_id = 8)
                                                   Filter: ((info)::text = ANY ('{Bulgaria,Denmark,Egypt,Hungary,"Soviet Union",Switzerland,USA}'::text[]))
                                                   Rows Removed by Filter: 750363
                                                   Heap Blocks: exact=7853
                                                   Buffers: shared hit=1665 read=7228
                                                   ->  Bitmap Index Scan on info_type_id_movie_info  (cost=0.00..14211.52 rows=1329478 width=0) (actual time=34.669..34.669 rows=1325361 loops=1)
                                                         Index Cond: (info_type_id = 8)
                                                         Buffers: shared hit=1 read=1039
                                             ->  Hash  (cost=76244.15..76244.15 rows=326613 width=4) (actual time=502.955..502.958 rows=451524 loops=1)
                                                   Buckets: 262144  Batches: 4  Memory Usage: 6010kB
                                                   Buffers: shared hit=11980 read=24412, temp written=991
                                                   ->  Hash Join  (cost=1.18..76244.15 rows=326613 width=4) (actual time=0.038..437.016 rows=451524 loops=1)
                                                         Hash Cond: (t.kind_id = kt.id)
                                                         Buffers: shared hit=11980 read=24412
                                                         ->  Seq Scan on title t  (cost=0.00..74315.95 rows=457258 width=8) (actual time=0.021..383.035 rows=451569 loops=1)
                                                               Filter: ((production_year <= 1975) AND (production_year >= 1875))
                                                               Rows Removed by Filter: 2076743
                                                               Buffers: shared hit=11979 read=24412
                                                         ->  Hash  (cost=1.11..1.11 rows=5 width=4) (actual time=0.013..0.015 rows=5 loops=1)
                                                               Buckets: 1024  Batches: 1  Memory Usage: 9kB
                                                               Buffers: shared hit=1
                                                               ->  Seq Scan on kind_type kt  (cost=0.00..1.11 rows=5 width=4) (actual time=0.006..0.008 rows=5 loops=1)
                                                                     Filter: ((kind)::text = ANY ('{episode,movie,"tv movie","tv series","video game"}'::text[]))
                                                                     Rows Removed by Filter: 2
                                                                     Buffers: shared hit=1
                                       ->  Index Scan using movie_id_movie_info on movie_info mi2  (cost=0.43..42.80 rows=1 width=8) (actual time=0.095..0.113 rows=1 loops=134952)
                                             Index Cond: (movie_id = t.id)
                                             Filter: (((info)::text = ANY ('{"Black and White",Color}'::text[])) AND (info_type_id = 2))
                                             Rows Removed by Filter: 13
                                             Buffers: shared hit=1244340 read=269171
                     ->  Index Scan using movie_id_cast_info on cast_info ci  (cost=0.44..44.17 rows=38 width=12) (actual time=0.038..0.158 rows=14 loops=132971)
                           Index Cond: (movie_id = t.id)
                           Buffers: shared hit=1849066 read=305005
               ->  Hash  (cost=1.18..1.18 rows=4 width=4) (actual time=0.041..0.041 rows=4 loops=1)
                     Buckets: 1024  Batches: 1  Memory Usage: 9kB
                     Buffers: shared hit=1
                     ->  Seq Scan on role_type rt  (cost=0.00..1.18 rows=4 width=4) (actual time=0.029..0.031 rows=4 loops=1)
                           Filter: ((role)::text = ANY ('{"costume designer",director,guest,"miscellaneous crew"}'::text[]))
                           Rows Removed by Filter: 8
                           Buffers: shared hit=1
         ->  Index Scan using name_pkey on name n  (cost=0.43..2.32 rows=1 width=4) (actual time=0.038..0.038 rows=0 loops=184786)
               Index Cond: (id = ci.person_id)
               Filter: (((gender)::text = 'f'::text) OR (gender IS NULL))
               Rows Removed by Filter: 1
               Buffers: shared hit=684480 read=54664
 Planning:
   Buffers: shared hit=574
 Planning Time: 12.394 ms
 Execution Time: 46144.118 ms
(76 rows)

