                                                                                                               QUERY PLAN                                                                                                                
-----------------------------------------------------------------------------------------------------------------------------------------------------------------------------------------------------------------------------------------
 Aggregate  (cost=364218.09..364218.10 rows=1 width=8) (actual time=5177.236..5177.242 rows=1 loops=1)
   Buffers: shared hit=366806 read=164180
   ->  Nested Loop  (cost=2.21..364218.09 rows=1 width=0) (actual time=2.019..5176.298 rows=3602 loops=1)
         Buffers: shared hit=366806 read=164180
         ->  Nested Loop  (cost=1.77..364215.77 rows=1 width=4) (actual time=1.960..4817.774 rows=11063 loops=1)
               Join Filter: (ci.role_id = rt.id)
               Rows Removed by Join Filter: 248031
               Buffers: shared hit=329291 read=157443
               ->  Seq Scan on role_type rt  (cost=0.00..1.15 rows=1 width=4) (actual time=0.023..0.028 rows=1 loops=1)
                     Filter: ((role)::text = 'cinematographer'::text)
                     Rows Removed by Filter: 11
                     Buffers: shared hit=1
               ->  Nested Loop  (cost=1.77..364214.45 rows=14 width=8) (actual time=1.070..4792.925 rows=259094 loops=1)
                     Buffers: shared hit=329290 read=157443
                     ->  Nested Loop  (cost=1.33..364170.75 rows=1 width=12) (actual time=1.019..2187.705 rows=12158 loops=1)
                           Buffers: shared hit=134252 read=65118
                           ->  Nested Loop  (cost=1.33..364168.33 rows=1 width=16) (actual time=1.007..1983.544 rows=12158 loops=1)
                                 Buffers: shared hit=122094 read=65118
                                 ->  Nested Loop  (cost=1.33..364165.91 rows=1 width=20) (actual time=0.989..1767.478 rows=12158 loops=1)
                                       Buffers: shared hit=109936 read=65118
                                       ->  Nested Loop  (cost=0.86..362937.14 rows=29 width=12) (actual time=0.207..554.240 rows=10339 loops=1)
                                             Join Filter: (t.kind_id = kt.id)
                                             Rows Removed by Join Filter: 6812
                                             Buffers: shared hit=30511 read=16923
                                             ->  Nested Loop  (cost=0.86..362933.27 rows=34 width=16) (actual time=0.193..547.908 rows=10339 loops=1)
                                                   Buffers: shared hit=30510 read=16923
                                                   ->  Index Scan using info_type_id_movie_info on movie_info mi2  (cost=0.43..362578.26 rows=42 width=8) (actual time=0.138..135.722 rows=10590 loops=1)
                                                         Index Cond: (info_type_id = 105)
                                                         Filter: ((info)::text = ANY ('{"$100,000","$15,000","$15,000,000","$250,000","$35,000","$6,000,000",£500,"€ 10,000","€ 100","€ 100,000","€ 2,000","€ 5,000","€ 500"}'::text[]))
                                                         Rows Removed by Filter: 111273
                                                         Buffers: shared hit=758 read=4315
                                                   ->  Index Scan using title_pkey on title t  (cost=0.43..8.45 rows=1 width=8) (actual time=0.038..0.038 rows=1 loops=10590)
                                                         Index Cond: (id = mi2.movie_id)
                                                         Filter: ((production_year <= 2015) AND (production_year >= 1975))
                                                         Rows Removed by Filter: 0
                                                         Buffers: shared hit=29752 read=12608
                                             ->  Materialize  (cost=0.00..1.15 rows=6 width=4) (actual time=0.000..0.000 rows=2 loops=10339)
                                                   Buffers: shared hit=1
                                                   ->  Seq Scan on kind_type kt  (cost=0.00..1.12 rows=6 width=4) (actual time=0.007..0.013 rows=6 loops=1)
                                                         Filter: ((kind)::text = ANY ('{episode,movie,"tv movie","tv series","video game","video movie"}'::text[]))
                                                         Rows Removed by Filter: 1
                                                         Buffers: shared hit=1
                                       ->  Index Scan using movie_id_movie_info on movie_info mi1  (cost=0.47..42.36 rows=1 width=8) (actual time=0.116..0.117 rows=1 loops=10339)
                                             Index Cond: (movie_id = t.id)
                                             Filter: ((info_type_id = 3) AND ((info)::text = ANY ('{Action,Animation,Comedy,Crime,Drama,Family,Fantasy,History,Music,Musical,Mystery,Short,Sport,Talk-Show}'::text[])))
                                             Rows Removed by Filter: 15
                                             Buffers: shared hit=79425 read=48195
                                 ->  Seq Scan on info_type it1  (cost=0.00..2.41 rows=1 width=4) (actual time=0.009..0.016 rows=1 loops=12158)
                                       Filter: (id = 3)
                                       Rows Removed by Filter: 112
                                       Buffers: shared hit=12158
                           ->  Seq Scan on info_type it2  (cost=0.00..2.41 rows=1 width=4) (actual time=0.015..0.015 rows=1 loops=12158)
                                 Filter: (id = 105)
                                 Rows Removed by Filter: 112
                                 Buffers: shared hit=12158
                     ->  Index Scan using movie_id_cast_info on cast_info ci  (cost=0.44..43.32 rows=38 width=12) (actual time=0.033..0.210 rows=21 loops=12158)
                           Index Cond: (movie_id = t.id)
                           Buffers: shared hit=195038 read=92325
         ->  Index Scan using name_pkey on name n  (cost=0.43..2.32 rows=1 width=4) (actual time=0.032..0.032 rows=0 loops=11063)
               Index Cond: (id = ci.person_id)
               Filter: ((gender)::text = ANY ('{f,m}'::text[]))
               Rows Removed by Filter: 1
               Buffers: shared hit=37515 read=6737
 Planning:
   Buffers: shared hit=485 read=92
 Planning Time: 10.983 ms
 Execution Time: 5177.641 ms
(67 rows)

