                                                                                                                                                                                                                                                                                                                   QUERY PLAN                                                                                                                                                                                                                                                                                                                    
-------------------------------------------------------------------------------------------------------------------------------------------------------------------------------------------------------------------------------------------------------------------------------------------------------------------------------------------------------------------------------------------------------------------------------------------------------------------------------------------------------------------------------------------------------------------------------------------------------------------------------------------------
 Aggregate  (cost=472281.34..472281.35 rows=1 width=8) (actual time=6128.961..6128.969 rows=1 loops=1)
   Buffers: shared hit=539211 read=88345
   ->  Nested Loop  (cost=13060.15..472281.33 rows=2 width=0) (actual time=92.510..6128.388 rows=2703 loops=1)
         Buffers: shared hit=539211 read=88345
         ->  Hash Join  (cost=13059.72..472269.74 rows=5 width=4) (actual time=92.301..6002.401 rows=3575 loops=1)
               Hash Cond: (ci.role_id = rt.id)
               Buffers: shared hit=529953 read=83303
               ->  Nested Loop  (cost=13058.49..472268.46 rows=14 width=8) (actual time=91.520..5999.790 rows=9528 loops=1)
                     Buffers: shared hit=529952 read=83303
                     ->  Nested Loop  (cost=13058.05..472224.76 rows=1 width=12) (actual time=91.438..5876.553 rows=172 loops=1)
                           Buffers: shared hit=526338 read=77148
                           ->  Nested Loop  (cost=13058.05..472222.34 rows=1 width=16) (actual time=91.426..5873.388 rows=172 loops=1)
                                 Buffers: shared hit=526166 read=77148
                                 ->  Nested Loop  (cost=13058.05..472219.92 rows=1 width=20) (actual time=91.387..5867.463 rows=172 loops=1)
                                       Buffers: shared hit=525994 read=77148
                                       ->  Hash Join  (cost=13057.61..403734.16 rows=1606 width=12) (actual time=35.623..2399.697 rows=40443 loops=1)
                                             Hash Cond: (t.kind_id = kt.id)
                                             Buffers: shared hit=196390 read=28867
                                             ->  Nested Loop  (cost=13056.41..403725.07 rows=1873 width=16) (actual time=35.582..2381.044 rows=40443 loops=1)
                                                   Buffers: shared hit=196389 read=28867
                                                   ->  Bitmap Heap Scan on movie_info mi1  (cost=13055.98..385267.50 rows=2346 width=8) (actual time=35.533..396.109 rows=53961 loops=1)
                                                         Recheck Cond: (info_type_id = 4)
                                                         Filter: ((info)::text = ANY ('{Bulgarian,Chinese,Croatian,Dutch,Finnish,Greek,Persian,Serbo-Croatian,Slovak,Slovenian,Telugu,Vietnamese}'::text[]))
                                                         Rows Removed by Filter: 1245028
                                                         Heap Blocks: exact=8393
                                                         Buffers: shared hit=2666 read=6746
                                                         ->  Bitmap Index Scan on info_type_id_movie_info  (cost=0.00..13055.37 rows=1221191 width=0) (actual time=33.698..33.699 rows=1298989 loops=1)
                                                               Index Cond: (info_type_id = 4)
                                                               Buffers: shared read=1019
                                                   ->  Index Scan using title_pkey on title t  (cost=0.43..7.87 rows=1 width=8) (actual time=0.036..0.036 rows=1 loops=53961)
                                                         Index Cond: (id = mi1.movie_id)
                                                         Filter: ((production_year <= 2015) AND (production_year >= 1975))
                                                         Rows Removed by Filter: 0
                                                         Buffers: shared hit=193723 read=22121
                                             ->  Hash  (cost=1.12..1.12 rows=6 width=4) (actual time=0.020..0.021 rows=6 loops=1)
                                                   Buckets: 1024  Batches: 1  Memory Usage: 9kB
                                                   Buffers: shared hit=1
                                                   ->  Seq Scan on kind_type kt  (cost=0.00..1.12 rows=6 width=4) (actual time=0.008..0.011 rows=6 loops=1)
                                                         Filter: ((kind)::text = ANY ('{episode,movie,"tv movie","tv series","video game","video movie"}'::text[]))
                                                         Rows Removed by Filter: 1
                                                         Buffers: shared hit=1
                                       ->  Index Scan using movie_id_movie_info on movie_info mi2  (cost=0.43..42.63 rows=1 width=8) (actual time=0.085..0.085 rows=0 loops=40443)
                                             Index Cond: (movie_id = t.id)
                                             Filter: ((info_type_id = 18) AND ((info)::text = ANY ('{"ABC Television Center - 4151 Prospect Avenue, Los Angeles, California, USA","Bangkok, Thailand","Lisbon, Portugal","Long Beach, California, USA","Metro-Goldwyn-Mayer Studios - 10202 W. Washington Blvd., Culver City, California, USA","New York City, New York, USA","Pasadena, California, USA","St. Petersburg, Russia","Stage 10, 20th Century Fox Studios - 10201 Pico Blvd., Century City, Los Angeles, California, USA","Stage 25, Paramount Studios - 5555 Melrose Avenue, Hollywood, Los Angeles, California, USA"}'::text[])))
                                             Rows Removed by Filter: 9
                                             Buffers: shared hit=329604 read=48281
                                 ->  Seq Scan on info_type it1  (cost=0.00..2.41 rows=1 width=4) (actual time=0.021..0.030 rows=1 loops=172)
                                       Filter: (id = 4)
                                       Rows Removed by Filter: 112
                                       Buffers: shared hit=172
                           ->  Seq Scan on info_type it2  (cost=0.00..2.41 rows=1 width=4) (actual time=0.008..0.016 rows=1 loops=172)
                                 Filter: (id = 18)
                                 Rows Removed by Filter: 112
                                 Buffers: shared hit=172
                     ->  Index Scan using movie_id_cast_info on cast_info ci  (cost=0.44..43.32 rows=38 width=12) (actual time=0.059..0.700 rows=55 loops=172)
                           Index Cond: (movie_id = t.id)
                           Buffers: shared hit=3614 read=6155
               ->  Hash  (cost=1.18..1.18 rows=4 width=4) (actual time=0.036..0.036 rows=4 loops=1)
                     Buckets: 1024  Batches: 1  Memory Usage: 9kB
                     Buffers: shared hit=1
                     ->  Seq Scan on role_type rt  (cost=0.00..1.18 rows=4 width=4) (actual time=0.027..0.030 rows=4 loops=1)
                           Filter: ((role)::text = ANY ('{composer,director,"miscellaneous crew","production designer"}'::text[]))
                           Rows Removed by Filter: 8
                           Buffers: shared hit=1
         ->  Index Scan using name_pkey on name n  (cost=0.43..2.32 rows=1 width=4) (actual time=0.035..0.035 rows=1 loops=3575)
               Index Cond: (id = ci.person_id)
               Filter: (((gender)::text = 'f'::text) OR (gender IS NULL))
               Rows Removed by Filter: 0
               Buffers: shared hit=9258 read=5042
 Planning:
   Buffers: shared hit=510 read=67
 Planning Time: 11.140 ms
 Execution Time: 6129.517 ms
(73 rows)

