                                                                                                         QUERY PLAN                                                                                                          
-----------------------------------------------------------------------------------------------------------------------------------------------------------------------------------------------------------------------------
 Aggregate  (cost=377997.98..377997.99 rows=1 width=8) (actual time=4124.441..4124.448 rows=1 loops=1)
   Buffers: shared hit=311484 read=103721
   ->  Nested Loop  (cost=4697.59..377997.97 rows=2 width=0) (actual time=45.964..4121.578 rows=19291 loops=1)
         Buffers: shared hit=311484 read=103721
         ->  Hash Join  (cost=4697.16..377986.37 rows=5 width=4) (actual time=45.904..3261.355 rows=24553 loops=1)
               Hash Cond: (ci.role_id = rt.id)
               Buffers: shared hit=225327 read=91666
               ->  Nested Loop  (cost=4695.93..377985.09 rows=14 width=8) (actual time=22.675..3246.323 rows=67595 loops=1)
                     Buffers: shared hit=225326 read=91666
                     ->  Nested Loop  (cost=4695.49..377941.36 rows=1 width=12) (actual time=22.637..2534.465 rows=1287 loops=1)
                           Buffers: shared hit=180815 read=66774
                           ->  Nested Loop  (cost=4695.49..377938.94 rows=1 width=16) (actual time=22.632..2511.770 rows=1287 loops=1)
                                 Buffers: shared hit=179528 read=66774
                                 ->  Nested Loop  (cost=4695.49..377936.52 rows=1 width=20) (actual time=22.609..2487.064 rows=1287 loops=1)
                                       Buffers: shared hit=178241 read=66774
                                       ->  Hash Join  (cost=4695.05..375081.22 rows=67 width=12) (actual time=20.396..673.773 rows=8622 loops=1)
                                             Hash Cond: (t.kind_id = kt.id)
                                             Buffers: shared hit=43140 read=17361
                                             ->  Nested Loop  (cost=4693.85..375079.69 rows=78 width=16) (actual time=20.358..669.919 rows=8622 loops=1)
                                                   Buffers: shared hit=43139 read=17361
                                                   ->  Bitmap Heap Scan on movie_info mi1  (cost=4693.42..374133.01 rows=112 width=8) (actual time=20.314..345.987 rows=10232 loops=1)
                                                         Recheck Cond: (info_type_id = 5)
                                                         Filter: ((info)::text = ANY ('{Australia:MA15+,Brazil:16,Canada:16+,Canada:PA,Finland:K-14,Ireland:18,Italy:VM14,Singapore:R(A),"South Korea:15",UK:12A}'::text[]))
                                                         Rows Removed by Filter: 476322
                                                         Heap Blocks: exact=19164
                                                         Buffers: shared hit=4813 read=14759
                                                         ->  Bitmap Index Scan on info_type_id_movie_info  (cost=0.00..4693.37 rows=439058 width=0) (actual time=16.711..16.711 rows=486554 loops=1)
                                                               Index Cond: (info_type_id = 5)
                                                               Buffers: shared read=408
                                                   ->  Index Scan using title_pkey on title t  (cost=0.43..8.45 rows=1 width=8) (actual time=0.031..0.031 rows=1 loops=10232)
                                                         Index Cond: (id = mi1.movie_id)
                                                         Filter: ((production_year <= 2015) AND (production_year >= 1990))
                                                         Rows Removed by Filter: 0
                                                         Buffers: shared hit=38326 read=2602
                                             ->  Hash  (cost=1.12..1.12 rows=6 width=4) (actual time=0.018..0.019 rows=6 loops=1)
                                                   Buckets: 1024  Batches: 1  Memory Usage: 9kB
                                                   Buffers: shared hit=1
                                                   ->  Seq Scan on kind_type kt  (cost=0.00..1.12 rows=6 width=4) (actual time=0.008..0.010 rows=6 loops=1)
                                                         Filter: ((kind)::text = ANY ('{episode,movie,"tv movie","tv series","video game","video movie"}'::text[]))
                                                         Rows Removed by Filter: 1
                                                         Buffers: shared hit=1
                                       ->  Index Scan using movie_id_movie_info on movie_info mi2  (cost=0.43..42.61 rows=1 width=8) (actual time=0.191..0.210 rows=0 loops=8622)
                                             Index Cond: (movie_id = t.id)
                                             Filter: ((info_type_id = 4) AND ((info)::text = ANY ('{Arabic,Cantonese,Czech,Finnish,Korean,Malayalam,Persian,Tamil,Telugu}'::text[])))
                                             Rows Removed by Filter: 124
                                             Buffers: shared hit=135101 read=49413
                                 ->  Seq Scan on info_type it1  (cost=0.00..2.41 rows=1 width=4) (actual time=0.010..0.017 rows=1 loops=1287)
                                       Filter: (id = 5)
                                       Rows Removed by Filter: 112
                                       Buffers: shared hit=1287
                           ->  Seq Scan on info_type it2  (cost=0.00..2.41 rows=1 width=4) (actual time=0.008..0.016 rows=1 loops=1287)
                                 Filter: (id = 4)
                                 Rows Removed by Filter: 112
                                 Buffers: shared hit=1287
                     ->  Index Scan using movie_id_cast_info on cast_info ci  (cost=0.44..43.35 rows=38 width=12) (actual time=0.035..0.541 rows=53 loops=1287)
                           Index Cond: (movie_id = t.id)
                           Buffers: shared hit=44511 read=24892
               ->  Hash  (cost=1.18..1.18 rows=4 width=4) (actual time=0.031..0.031 rows=4 loops=1)
                     Buckets: 1024  Batches: 1  Memory Usage: 9kB
                     Buffers: shared hit=1
                     ->  Seq Scan on role_type rt  (cost=0.00..1.18 rows=4 width=4) (actual time=0.023..0.025 rows=4 loops=1)
                           Filter: ((role)::text = ANY ('{cinematographer,editor,guest,"miscellaneous crew"}'::text[]))
                           Rows Removed by Filter: 8
                           Buffers: shared hit=1
         ->  Index Scan using name_pkey on name n  (cost=0.43..2.32 rows=1 width=4) (actual time=0.034..0.034 rows=1 loops=24553)
               Index Cond: (id = ci.person_id)
               Filter: (((gender)::text = 'f'::text) OR (gender IS NULL))
               Rows Removed by Filter: 0
               Buffers: shared hit=86157 read=12055
 Planning:
   Buffers: shared hit=531 read=46
 Planning Time: 13.093 ms
 Execution Time: 4125.045 ms
(73 rows)

