                                                                                                 QUERY PLAN                                                                                                  
-------------------------------------------------------------------------------------------------------------------------------------------------------------------------------------------------------------
 Aggregate  (cost=419342.26..419342.27 rows=1 width=8) (actual time=41700.515..41700.523 rows=1 loops=1)
   Buffers: shared hit=3617543 read=415034
   ->  Nested Loop  (cost=5094.66..419342.25 rows=4 width=0) (actual time=39.999..41626.117 rows=435019 loops=1)
         Buffers: shared hit=3617543 read=415034
         ->  Hash Join  (cost=5094.23..419328.33 rows=6 width=4) (actual time=17.392..23487.408 rows=475027 loops=1)
               Hash Cond: (ci.role_id = rt.id)
               Buffers: shared hit=1778872 read=353597
               ->  Nested Loop  (cost=5092.97..419327.02 rows=14 width=8) (actual time=16.579..23143.141 rows=1295148 loops=1)
                     Buffers: shared hit=1778871 read=353597
                     ->  Nested Loop  (cost=5092.53..419283.33 rows=1 width=12) (actual time=16.549..9436.626 rows=10665 loops=1)
                           Buffers: shared hit=697483 read=144534
                           ->  Nested Loop  (cost=5092.53..419280.90 rows=1 width=16) (actual time=16.540..9194.317 rows=10665 loops=1)
                                 Buffers: shared hit=686818 read=144534
                                 ->  Nested Loop  (cost=5092.53..419278.48 rows=1 width=20) (actual time=16.520..8927.823 rows=10665 loops=1)
                                       Buffers: shared hit=676153 read=144534
                                       ->  Hash Join  (cost=5092.10..398330.95 rows=493 width=12) (actual time=15.162..2043.045 rows=38735 loops=1)
                                             Hash Cond: (t.kind_id = kt.id)
                                             Buffers: shared hit=161028 read=24373
                                             ->  Nested Loop  (cost=5090.94..398326.16 rows=862 width=16) (actual time=15.110..2019.544 rows=45305 loops=1)
                                                   Buffers: shared hit=161027 read=24373
                                                   ->  Bitmap Heap Scan on movie_info mi1  (cost=5090.51..389501.46 rows=1080 width=8) (actual time=15.083..244.635 rows=45455 loops=1)
                                                         Recheck Cond: (info_type_id = 6)
                                                         Filter: ((info)::text = ANY ('{Datasat,"Dolby Digital EX","Dolby Digital","Dolby SR",SDDS}'::text[]))
                                                         Rows Removed by Filter: 428988
                                                         Heap Blocks: exact=3206
                                                         Buffers: shared hit=345 read=3235
                                                         ->  Bitmap Index Scan on info_type_id_movie_info  (cost=0.00..5090.24 rows=475974 width=0) (actual time=14.701..14.702 rows=474443 loops=1)
                                                               Index Cond: (info_type_id = 6)
                                                               Buffers: shared read=374
                                                   ->  Index Scan using title_pkey on title t  (cost=0.43..8.17 rows=1 width=8) (actual time=0.038..0.038 rows=1 loops=45455)
                                                         Index Cond: (id = mi1.movie_id)
                                                         Filter: ((production_year <= 2015) AND (production_year >= 1975))
                                                         Rows Removed by Filter: 0
                                                         Buffers: shared hit=160682 read=21138
                                             ->  Hash  (cost=1.10..1.10 rows=4 width=4) (actual time=0.026..0.028 rows=4 loops=1)
                                                   Buckets: 1024  Batches: 1  Memory Usage: 9kB
                                                   Buffers: shared hit=1
                                                   ->  Seq Scan on kind_type kt  (cost=0.00..1.10 rows=4 width=4) (actual time=0.014..0.016 rows=4 loops=1)
                                                         Filter: ((kind)::text = ANY ('{movie,"tv movie","tv series","video movie"}'::text[]))
                                                         Rows Removed by Filter: 3
                                                         Buffers: shared hit=1
                                       ->  Index Scan using movie_id_movie_info on movie_info mi2  (cost=0.43..42.48 rows=1 width=8) (actual time=0.169..0.177 rows=0 loops=38735)
                                             Index Cond: (movie_id = t.id)
                                             Filter: ((info_type_id = 5) AND ((info)::text = ANY ('{Australia:M,Finland:K-16,Germany:18,"Hong Kong:IIA",Italy:VM14,Singapore:PG13,Switzerland:7}'::text[])))
                                             Rows Removed by Filter: 54
                                             Buffers: shared hit=515125 read=120161
                                 ->  Seq Scan on info_type it1  (cost=0.00..2.41 rows=1 width=4) (actual time=0.012..0.022 rows=1 loops=10665)
                                       Filter: (id = 6)
                                       Rows Removed by Filter: 112
                                       Buffers: shared hit=10665
                           ->  Seq Scan on info_type it2  (cost=0.00..2.41 rows=1 width=4) (actual time=0.010..0.021 rows=1 loops=10665)
                                 Filter: (id = 5)
                                 Rows Removed by Filter: 112
                                 Buffers: shared hit=10665
                     ->  Index Scan using movie_id_cast_info on cast_info ci  (cost=0.44..43.32 rows=38 width=12) (actual time=0.043..1.251 rows=121 loops=10665)
                           Index Cond: (movie_id = t.id)
                           Buffers: shared hit=1081388 read=209063
               ->  Hash  (cost=1.20..1.20 rows=5 width=4) (actual time=0.040..0.041 rows=5 loops=1)
                     Buckets: 1024  Batches: 1  Memory Usage: 9kB
                     Buffers: shared hit=1
                     ->  Seq Scan on role_type rt  (cost=0.00..1.20 rows=5 width=4) (actual time=0.028..0.033 rows=5 loops=1)
                           Filter: ((role)::text = ANY ('{actor,cinematographer,"costume designer",guest,producer}'::text[]))
                           Rows Removed by Filter: 7
                           Buffers: shared hit=1
         ->  Index Scan using name_pkey on name n  (cost=0.43..2.32 rows=1 width=4) (actual time=0.037..0.037 rows=1 loops=475027)
               Index Cond: (id = ci.person_id)
               Filter: ((gender)::text = ANY ('{f,m}'::text[]))
               Rows Removed by Filter: 0
               Buffers: shared hit=1838671 read=61437
 Planning:
   Buffers: shared hit=519 read=55
 Planning Time: 13.078 ms
 Execution Time: 41701.084 ms
(73 rows)

