                                                                                                                                                                                                                                                                                                    QUERY PLAN                                                                                                                                                                                                                                                                                                    
------------------------------------------------------------------------------------------------------------------------------------------------------------------------------------------------------------------------------------------------------------------------------------------------------------------------------------------------------------------------------------------------------------------------------------------------------------------------------------------------------------------------------------------------------------------------------------------------------------------
 Aggregate  (cost=385078.43..385078.44 rows=1 width=8) (actual time=1648.712..1648.719 rows=1 loops=1)
   Buffers: shared hit=105919 read=63462
   ->  Nested Loop  (cost=7081.94..385078.42 rows=4 width=0) (actual time=105.560..1647.955 rows=6967 loops=1)
         Buffers: shared hit=105919 read=63462
         ->  Hash Join  (cost=7081.51..385064.50 rows=6 width=4) (actual time=105.520..1385.434 rows=7232 loops=1)
               Hash Cond: (ci.role_id = rt.id)
               Buffers: shared hit=81634 read=58819
               ->  Nested Loop  (cost=7080.25..385063.19 rows=14 width=8) (actual time=105.465..1383.083 rows=9404 loops=1)
                     Buffers: shared hit=81633 read=58819
                     ->  Nested Loop  (cost=7079.81..385019.50 rows=1 width=12) (actual time=105.426..1281.241 rows=81 loops=1)
                           Buffers: shared hit=75568 read=55504
                           ->  Nested Loop  (cost=7079.81..385017.07 rows=1 width=16) (actual time=105.420..1280.160 rows=81 loops=1)
                                 Buffers: shared hit=75487 read=55504
                                 ->  Nested Loop  (cost=7079.81..385014.65 rows=1 width=20) (actual time=105.391..1278.240 rows=81 loops=1)
                                       Buffers: shared hit=75406 read=55504
                                       ->  Hash Join  (cost=7079.38..379292.35 rows=135 width=12) (actual time=19.950..503.293 rows=6583 loops=1)
                                             Hash Cond: (t.kind_id = kt.id)
                                             Buffers: shared hit=27331 read=16606
                                             ->  Nested Loop  (cost=7078.20..379290.38 rows=188 width=16) (actual time=19.919..501.138 rows=8192 loops=1)
                                                   Buffers: shared hit=27330 read=16606
                                                   ->  Bitmap Heap Scan on movie_info mi1  (cost=7077.77..377307.59 rows=236 width=8) (actual time=19.889..202.154 rows=9111 loops=1)
                                                         Recheck Cond: (info_type_id = 18)
                                                         Filter: ((info)::text = ANY ('{"15001 Calvert Street, Van Nuys, Los Angeles, California, USA","Atlanta, Georgia, USA","Beverly Hills, California, USA","Covington, Georgia, USA","Culver City, California, USA","Elstree Studios, Borehamwood, Hertfordshire, England, UK","Istanbul, Turkey","Jersey City, New Jersey, USA","Liverpool, Merseyside, England, UK","Long Island, New York, USA","Mumbai, Maharashtra, India","Munich, Bavaria, Germany","Nashville, Tennessee, USA","Old Royal Naval College, Greenwich, London, England, UK"}'::text[]))
                                                         Rows Removed by Filter: 651812
                                                         Heap Blocks: exact=6972
                                                         Buffers: shared hit=927 read=6565
                                                         ->  Bitmap Index Scan on info_type_id_movie_info  (cost=0.00..7077.68 rows=662032 width=0) (actual time=19.019..19.020 rows=660923 loops=1)
                                                               Index Cond: (info_type_id = 18)
                                                               Buffers: shared read=520
                                                   ->  Index Scan using title_pkey on title t  (cost=0.43..8.40 rows=1 width=8) (actual time=0.032..0.032 rows=1 loops=9111)
                                                         Index Cond: (id = mi1.movie_id)
                                                         Filter: ((production_year <= 2015) AND (production_year >= 1975))
                                                         Rows Removed by Filter: 0
                                                         Buffers: shared hit=26403 read=10041
                                             ->  Hash  (cost=1.11..1.11 rows=5 width=4) (actual time=0.013..0.014 rows=5 loops=1)
                                                   Buckets: 1024  Batches: 1  Memory Usage: 9kB
                                                   Buffers: shared hit=1
                                                   ->  Seq Scan on kind_type kt  (cost=0.00..1.11 rows=5 width=4) (actual time=0.006..0.008 rows=5 loops=1)
                                                         Filter: ((kind)::text = ANY ('{movie,"tv movie","tv series","video game","video movie"}'::text[]))
                                                         Rows Removed by Filter: 2
                                                         Buffers: shared hit=1
                                       ->  Index Scan using movie_id_movie_info on movie_info mi2  (cost=0.43..42.38 rows=1 width=8) (actual time=0.116..0.117 rows=0 loops=6583)
                                             Index Cond: (movie_id = t.id)
                                             Filter: ((info_type_id = 7) AND ((info)::text = ANY ('{"CAM:Arricam LT, Cooke S4 and Angenieux Optimo Lenses","CAM:Arriflex 435, Panavision Primo Lenses","LAB:DeLuxe, USA","OFM:Redcode RAW","OFM:Super 16"}'::text[])))
                                             Rows Removed by Filter: 29
                                             Buffers: shared hit=48075 read=38898
                                 ->  Seq Scan on info_type it1  (cost=0.00..2.41 rows=1 width=4) (actual time=0.015..0.020 rows=1 loops=81)
                                       Filter: (id = 18)
                                       Rows Removed by Filter: 112
                                       Buffers: shared hit=81
                           ->  Seq Scan on info_type it2  (cost=0.00..2.41 rows=1 width=4) (actual time=0.005..0.011 rows=1 loops=81)
                                 Filter: (id = 7)
                                 Rows Removed by Filter: 112
                                 Buffers: shared hit=81
                     ->  Index Scan using movie_id_cast_info on cast_info ci  (cost=0.44..43.32 rows=38 width=12) (actual time=0.030..1.234 rows=116 loops=81)
                           Index Cond: (movie_id = t.id)
                           Buffers: shared hit=6065 read=3315
               ->  Hash  (cost=1.20..1.20 rows=5 width=4) (actual time=0.026..0.027 rows=5 loops=1)
                     Buckets: 1024  Batches: 1  Memory Usage: 9kB
                     Buffers: shared hit=1
                     ->  Seq Scan on role_type rt  (cost=0.00..1.20 rows=5 width=4) (actual time=0.018..0.021 rows=5 loops=1)
                           Filter: ((role)::text = ANY ('{actor,composer,"miscellaneous crew","production designer",writer}'::text[]))
                           Rows Removed by Filter: 7
                           Buffers: shared hit=1
         ->  Index Scan using name_pkey on name n  (cost=0.43..2.32 rows=1 width=4) (actual time=0.036..0.036 rows=1 loops=7232)
               Index Cond: (id = ci.person_id)
               Filter: (((gender)::text = 'm'::text) OR (gender IS NULL))
               Rows Removed by Filter: 0
               Buffers: shared hit=24285 read=4643
 Planning:
   Buffers: shared hit=486 read=91
 Planning Time: 12.361 ms
 Execution Time: 1649.168 ms
(73 rows)

