                                                                                                  QUERY PLAN                                                                                                  
--------------------------------------------------------------------------------------------------------------------------------------------------------------------------------------------------------------
 Aggregate  (cost=525911.38..525911.39 rows=1 width=8) (actual time=8089.759..8089.767 rows=1 loops=1)
   Buffers: shared hit=725164 read=104899
   ->  Nested Loop  (cost=13060.46..525911.36 rows=8 width=0) (actual time=50.747..8089.049 rows=2287 loops=1)
         Buffers: shared hit=725164 read=104899
         ->  Hash Join  (cost=13060.03..525855.75 rows=24 width=4) (actual time=50.706..7950.756 rows=3864 loops=1)
               Hash Cond: (ci.role_id = rt.id)
               Buffers: shared hit=712140 read=102467
               ->  Nested Loop  (cost=13058.77..525854.29 rows=57 width=8) (actual time=50.503..7945.536 rows=21309 loops=1)
                     Buffers: shared hit=712139 read=102467
                     ->  Nested Loop  (cost=13058.33..525679.65 rows=4 width=12) (actual time=50.466..7664.827 rows=722 loops=1)
                           Buffers: shared hit=702168 read=89584
                           ->  Seq Scan on info_type it2  (cost=0.00..2.41 rows=1 width=4) (actual time=0.026..0.035 rows=1 loops=1)
                                 Filter: (id = 4)
                                 Rows Removed by Filter: 112
                                 Buffers: shared hit=1
                           ->  Nested Loop  (cost=13058.33..525677.20 rows=4 width=16) (actual time=50.439..7664.413 rows=722 loops=1)
                                 Buffers: shared hit=702167 read=89584
                                 ->  Seq Scan on info_type it1  (cost=0.00..2.41 rows=1 width=4) (actual time=0.008..0.019 rows=1 loops=1)
                                       Filter: (id = 8)
                                       Rows Removed by Filter: 112
                                       Buffers: shared hit=1
                                 ->  Nested Loop  (cost=13058.33..525674.75 rows=4 width=20) (actual time=50.428..7663.950 rows=722 loops=1)
                                       Buffers: shared hit=702166 read=89584
                                       ->  Hash Join  (cost=13057.88..443038.90 rows=1952 width=12) (actual time=36.651..3251.865 rows=53201 loops=1)
                                             Hash Cond: (t.kind_id = kt.id)
                                             Buffers: shared hit=265574 read=32771
                                             ->  Nested Loop  (cost=13056.72..443023.35 rows=3416 width=16) (actual time=36.611..3224.918 rows=70584 loops=1)
                                                   Buffers: shared hit=265573 read=32771
                                                   ->  Bitmap Heap Scan on movie_info mi2  (cost=13056.28..415326.16 rows=3656 width=8) (actual time=36.564..624.888 rows=72873 loops=1)
                                                         Recheck Cond: (info_type_id = 4)
                                                         Filter: ((info)::text = ANY ('{Czech,Galician,Japanese,Malayalam,Mandarin,Tagalog}'::text[]))
                                                         Rows Removed by Filter: 1226116
                                                         Heap Blocks: exact=8393
                                                         Buffers: shared hit=1939 read=7473
                                                         ->  Bitmap Index Scan on info_type_id_movie_info  (cost=0.00..13055.37 rows=1221191 width=0) (actual time=34.197..34.197 rows=1298989 loops=1)
                                                               Index Cond: (info_type_id = 4)
                                                               Buffers: shared read=1019
                                                   ->  Memoize  (cost=0.44..7.60 rows=1 width=8) (actual time=0.035..0.035 rows=1 loops=72873)
                                                         Cache Key: mi2.movie_id
                                                         Cache Mode: logical
                                                         Hits: 640  Misses: 72233  Evictions: 0  Overflows: 0  Memory Usage: 7530kB
                                                         Buffers: shared hit=263634 read=25298
                                                         ->  Index Scan using title_pkey on title t  (cost=0.43..7.59 rows=1 width=8) (actual time=0.034..0.034 rows=1 loops=72233)
                                                               Index Cond: (id = mi2.movie_id)
                                                               Filter: ((production_year <= 2015) AND (production_year >= 1925))
                                                               Rows Removed by Filter: 0
                                                               Buffers: shared hit=263634 read=25298
                                             ->  Hash  (cost=1.10..1.10 rows=4 width=4) (actual time=0.015..0.016 rows=4 loops=1)
                                                   Buckets: 1024  Batches: 1  Memory Usage: 9kB
                                                   Buffers: shared hit=1
                                                   ->  Seq Scan on kind_type kt  (cost=0.00..1.10 rows=4 width=4) (actual time=0.007..0.009 rows=4 loops=1)
                                                         Filter: ((kind)::text = ANY ('{movie,"tv movie","tv series","video game"}'::text[]))
                                                         Rows Removed by Filter: 3
                                                         Buffers: shared hit=1
                                       ->  Index Scan using movie_id_movie_info on movie_info mi1  (cost=0.46..42.32 rows=1 width=8) (actual time=0.082..0.082 rows=0 loops=53201)
                                             Index Cond: (movie_id = t.id)
                                             Filter: ((info_type_id = 8) AND ((info)::text = ANY ('{Albania,"East Germany",France,Lebanon,"New Zealand",Singapore,"Sri Lanka",Uruguay,Yugoslavia}'::text[])))
                                             Rows Removed by Filter: 10
                                             Buffers: shared hit=436592 read=56813
                     ->  Index Scan using movie_id_cast_info on cast_info ci  (cost=0.44..43.28 rows=38 width=12) (actual time=0.051..0.379 rows=30 loops=722)
                           Index Cond: (movie_id = t.id)
                           Buffers: shared hit=9971 read=12883
               ->  Hash  (cost=1.20..1.20 rows=5 width=4) (actual time=0.033..0.034 rows=5 loops=1)
                     Buckets: 1024  Batches: 1  Memory Usage: 9kB
                     Buffers: shared hit=1
                     ->  Seq Scan on role_type rt  (cost=0.00..1.20 rows=5 width=4) (actual time=0.024..0.027 rows=5 loops=1)
                           Filter: ((role)::text = ANY ('{"costume designer",director,guest,producer,"production designer"}'::text[]))
                           Rows Removed by Filter: 7
                           Buffers: shared hit=1
         ->  Index Scan using name_pkey on name n  (cost=0.43..2.32 rows=1 width=4) (actual time=0.035..0.035 rows=1 loops=3864)
               Index Cond: (id = ci.person_id)
               Filter: (gender IS NULL)
               Rows Removed by Filter: 0
               Buffers: shared hit=13024 read=2432
 Planning:
   Buffers: shared hit=532 read=45
 Planning Time: 11.720 ms
 Execution Time: 8091.686 ms
(78 rows)

