                                                                                                                                                                                                                      QUERY PLAN                                                                                                                                                                                                                       
-------------------------------------------------------------------------------------------------------------------------------------------------------------------------------------------------------------------------------------------------------------------------------------------------------------------------------------------------------------------------------------------------------------------------------------------------------
 Aggregate  (cost=472332.87..472332.88 rows=1 width=8) (actual time=545.245..545.252 rows=1 loops=1)
   Buffers: shared hit=24706 read=11868
   ->  Nested Loop  (cost=15874.57..472332.86 rows=4 width=0) (actual time=192.263..545.242 rows=18 loops=1)
         Buffers: shared hit=24706 read=11868
         ->  Hash Join  (cost=15874.14..472321.26 rows=5 width=4) (actual time=192.224..544.847 rows=18 loops=1)
               Hash Cond: (ci.role_id = rt.id)
               Buffers: shared hit=24658 read=11844
               ->  Nested Loop  (cost=15872.91..472319.98 rows=14 width=8) (actual time=192.031..544.774 rows=140 loops=1)
                     Buffers: shared hit=24657 read=11844
                     ->  Nested Loop  (cost=15872.47..472276.29 rows=1 width=12) (actual time=191.986..543.717 rows=2 loops=1)
                           Buffers: shared hit=24635 read=11727
                           ->  Nested Loop  (cost=15872.47..472273.86 rows=1 width=16) (actual time=191.981..543.695 rows=2 loops=1)
                                 Buffers: shared hit=24633 read=11727
                                 ->  Nested Loop  (cost=15872.47..472271.44 rows=1 width=20) (actual time=191.961..543.654 rows=2 loops=1)
                                       Buffers: shared hit=24631 read=11727
                                       ->  Hash Join  (cost=15872.04..467342.61 rows=116 width=12) (actual time=37.648..500.552 rows=509 loops=1)
                                             Hash Cond: (t.kind_id = kt.id)
                                             Buffers: shared hit=19706 read=9136
                                             ->  Nested Loop  (cost=15870.90..467340.33 rows=271 width=16) (actual time=37.605..500.014 rows=4069 loops=1)
                                                   Buffers: shared hit=19705 read=9136
                                                   ->  Bitmap Heap Scan on movie_info mi2  (cost=15870.47..464494.48 rows=340 width=8) (actual time=37.565..425.178 rows=4423 loops=1)
                                                         Recheck Cond: (info_type_id = 7)
                                                         Filter: ((info)::text = ANY ('{"CAM:Arricam LT, Zeiss Ultra Prime Lenses","CAM:Arriflex 435, Cooke S4 and Angenieux Optimo Lenses","CAM:Panavision Panaflex Platinum, Panavision Primo and C-Series Lenses","LAB:Cineworks Digital Studios, Miami (FL), USA","LAB:Monaco Film Laboratories, San Francisco (CA), USA","LAB:Synchro Film, Austria","MET:3150 m",OFM:Digital,RAT:4:3}'::text[]))
                                                         Rows Removed by Filter: 1397479
                                                         Heap Blocks: exact=10050
                                                         Buffers: shared hit=3272 read=7877
                                                         ->  Bitmap Index Scan on info_type_id_movie_info  (cost=0.00..15870.39 rows=1484527 width=0) (actual time=36.120..36.121 rows=1401902 loops=1)
                                                               Index Cond: (info_type_id = 7)
                                                               Buffers: shared read=1099
                                                   ->  Index Scan using title_pkey on title t  (cost=0.43..8.37 rows=1 width=8) (actual time=0.017..0.017 rows=1 loops=4423)
                                                         Index Cond: (id = mi2.movie_id)
                                                         Filter: ((production_year <= 2015) AND (production_year >= 1975))
                                                         Rows Removed by Filter: 0
                                                         Buffers: shared hit=16433 read=1259
                                             ->  Hash  (cost=1.10..1.10 rows=3 width=4) (actual time=0.021..0.022 rows=3 loops=1)
                                                   Buckets: 1024  Batches: 1  Memory Usage: 9kB
                                                   Buffers: shared hit=1
                                                   ->  Seq Scan on kind_type kt  (cost=0.00..1.10 rows=3 width=4) (actual time=0.007..0.009 rows=3 loops=1)
                                                         Filter: ((kind)::text = ANY ('{"tv movie","tv series","video game"}'::text[]))
                                                         Rows Removed by Filter: 4
                                                         Buffers: shared hit=1
                                       ->  Index Scan using movie_id_movie_info on movie_info mi1  (cost=0.43..42.48 rows=1 width=8) (actual time=0.084..0.084 rows=0 loops=509)
                                             Index Cond: (movie_id = t.id)
                                             Filter: ((info_type_id = 16) AND ((info)::text = ANY ('{Belgium:2011,"Brazil:6 October 2011","Germany:10 February 2007","Germany:7 February 2008",USA:2010,"USA:8 October 2010","USA:October 2006"}'::text[])))
                                             Rows Removed by Filter: 40
                                             Buffers: shared hit=4925 read=2591
                                 ->  Seq Scan on info_type it1  (cost=0.00..2.41 rows=1 width=4) (actual time=0.013..0.017 rows=1 loops=2)
                                       Filter: (id = 16)
                                       Rows Removed by Filter: 112
                                       Buffers: shared hit=2
                           ->  Seq Scan on info_type it2  (cost=0.00..2.41 rows=1 width=4) (actual time=0.004..0.009 rows=1 loops=2)
                                 Filter: (id = 7)
                                 Rows Removed by Filter: 112
                                 Buffers: shared hit=2
                     ->  Index Scan using movie_id_cast_info on cast_info ci  (cost=0.44..43.32 rows=38 width=12) (actual time=0.035..0.516 rows=70 loops=2)
                           Index Cond: (movie_id = t.id)
                           Buffers: shared hit=22 read=117
               ->  Hash  (cost=1.18..1.18 rows=4 width=4) (actual time=0.033..0.034 rows=4 loops=1)
                     Buckets: 1024  Batches: 1  Memory Usage: 9kB
                     Buffers: shared hit=1
                     ->  Seq Scan on role_type rt  (cost=0.00..1.18 rows=4 width=4) (actual time=0.023..0.026 rows=4 loops=1)
                           Filter: ((role)::text = ANY ('{director,editor,guest,producer}'::text[]))
                           Rows Removed by Filter: 8
                           Buffers: shared hit=1
         ->  Index Scan using name_pkey on name n  (cost=0.43..2.32 rows=1 width=4) (actual time=0.021..0.021 rows=1 loops=18)
               Index Cond: (id = ci.person_id)
               Filter: (((gender)::text = ANY ('{f,m}'::text[])) OR (gender IS NULL))
               Buffers: shared hit=48 read=24
 Planning:
   Buffers: shared hit=530 read=44
 Planning Time: 12.443 ms
 Execution Time: 545.688 ms
(72 rows)

