                                                                                             QUERY PLAN                                                                                              
-----------------------------------------------------------------------------------------------------------------------------------------------------------------------------------------------------
 Aggregate  (cost=400368.21..400368.22 rows=1 width=8) (actual time=7275.765..7275.772 rows=1 loops=1)
   Buffers: shared hit=497344 read=247137
   ->  Nested Loop  (cost=8155.10..400368.09 rows=47 width=0) (actual time=23.540..7270.231 rows=38703 loops=1)
         Buffers: shared hit=497344 read=247137
         ->  Hash Join  (cost=8154.67..400191.81 rows=76 width=4) (actual time=23.458..5846.677 rows=40725 loops=1)
               Hash Cond: (ci.role_id = rt.id)
               Buffers: shared hit=363095 read=218486
               ->  Nested Loop  (cost=8153.44..400189.77 rows=229 width=8) (actual time=23.351..5800.510 rows=273402 loops=1)
                     Buffers: shared hit=363094 read=218486
                     ->  Nested Loop  (cost=8153.00..399490.63 rows=16 width=12) (actual time=23.315..2586.754 rows=15986 loops=1)
                           Buffers: shared hit=206729 read=61754
                           ->  Seq Scan on info_type it2  (cost=0.00..2.41 rows=1 width=4) (actual time=0.032..0.041 rows=1 loops=1)
                                 Filter: (id = 2)
                                 Rows Removed by Filter: 112
                                 Buffers: shared hit=1
                           ->  Nested Loop  (cost=8153.00..399488.06 rows=16 width=16) (actual time=23.282..2583.523 rows=15986 loops=1)
                                 Buffers: shared hit=206728 read=61754
                                 ->  Seq Scan on info_type it1  (cost=0.00..2.41 rows=1 width=4) (actual time=0.008..0.019 rows=1 loops=1)
                                       Filter: (id = 1)
                                       Rows Removed by Filter: 112
                                       Buffers: shared hit=1
                                 ->  Nested Loop  (cost=8153.00..399485.49 rows=16 width=20) (actual time=23.270..2580.385 rows=15986 loops=1)
                                       Buffers: shared hit=206727 read=61754
                                       ->  Hash Join  (cost=8152.57..384957.10 rows=344 width=12) (actual time=23.216..1013.182 rows=16726 loops=1)
                                             Hash Cond: (t.kind_id = kt.id)
                                             Buffers: shared hit=86069 read=12396
                                             ->  Nested Loop  (cost=8151.41..384953.41 rows=601 width=16) (actual time=23.172..1005.440 rows=18539 loops=1)
                                                   Buffers: shared hit=86068 read=12396
                                                   ->  Bitmap Heap Scan on movie_info mi1  (cost=8150.98..378736.68 rows=753 width=8) (actual time=23.128..227.457 rows=23210 loops=1)
                                                         Recheck Cond: (info_type_id = 1)
                                                         Filter: ((info)::text = ANY ('{140,34,40,46,59,68,7,94,France:52,UK:3,USA:75}'::text[]))
                                                         Rows Removed by Filter: 778930
                                                         Heap Blocks: exact=4993
                                                         Buffers: shared hit=1838 read=3786
                                                         ->  Bitmap Index Scan on info_type_id_movie_info  (cost=0.00..8150.77 rows=762444 width=0) (actual time=22.138..22.139 rows=802140 loops=1)
                                                               Index Cond: (info_type_id = 1)
                                                               Buffers: shared hit=1 read=630
                                                   ->  Index Scan using title_pkey on title t  (cost=0.43..8.26 rows=1 width=8) (actual time=0.033..0.033 rows=1 loops=23210)
                                                         Index Cond: (id = mi1.movie_id)
                                                         Filter: ((production_year <= 2015) AND (production_year >= 1975))
                                                         Rows Removed by Filter: 0
                                                         Buffers: shared hit=84230 read=8610
                                             ->  Hash  (cost=1.10..1.10 rows=4 width=4) (actual time=0.018..0.019 rows=4 loops=1)
                                                   Buckets: 1024  Batches: 1  Memory Usage: 9kB
                                                   Buffers: shared hit=1
                                                   ->  Seq Scan on kind_type kt  (cost=0.00..1.10 rows=4 width=4) (actual time=0.009..0.011 rows=4 loops=1)
                                                         Filter: ((kind)::text = ANY ('{episode,movie,"video game","video movie"}'::text[]))
                                                         Rows Removed by Filter: 3
                                                         Buffers: shared hit=1
                                       ->  Index Scan using movie_id_movie_info on movie_info mi2  (cost=0.43..42.22 rows=1 width=8) (actual time=0.077..0.093 rows=1 loops=16726)
                                             Index Cond: (movie_id = t.id)
                                             Filter: (((info)::text = ANY ('{"Black and White",Color}'::text[])) AND (info_type_id = 2))
                                             Rows Removed by Filter: 11
                                             Buffers: shared hit=120658 read=49358
                     ->  Index Scan using movie_id_cast_info on cast_info ci  (cost=0.44..43.32 rows=38 width=12) (actual time=0.035..0.197 rows=17 loops=15986)
                           Index Cond: (movie_id = t.id)
                           Buffers: shared hit=156365 read=156732
               ->  Hash  (cost=1.18..1.18 rows=4 width=4) (actual time=0.041..0.042 rows=4 loops=1)
                     Buckets: 1024  Batches: 1  Memory Usage: 9kB
                     Buffers: shared hit=1
                     ->  Seq Scan on role_type rt  (cost=0.00..1.18 rows=4 width=4) (actual time=0.028..0.031 rows=4 loops=1)
                           Filter: ((role)::text = ANY ('{cinematographer,composer,guest,writer}'::text[]))
                           Rows Removed by Filter: 8
                           Buffers: shared hit=1
         ->  Index Scan using name_pkey on name n  (cost=0.43..2.32 rows=1 width=4) (actual time=0.034..0.034 rows=1 loops=40725)
               Index Cond: (id = ci.person_id)
               Filter: (((gender)::text = 'm'::text) OR (gender IS NULL))
               Rows Removed by Filter: 0
               Buffers: shared hit=134249 read=28651
 Planning:
   Buffers: shared hit=576 read=1
 Planning Time: 12.464 ms
 Execution Time: 7276.306 ms
(73 rows)

