                                                                                                                                                                                                                                                                                                                                           QUERY PLAN                                                                                                                                                                                                                                                                                                                                           
------------------------------------------------------------------------------------------------------------------------------------------------------------------------------------------------------------------------------------------------------------------------------------------------------------------------------------------------------------------------------------------------------------------------------------------------------------------------------------------------------------------------------------------------------------------------------------------------------------------------------------------------------------------------------------------------
 Aggregate  (cost=408810.85..408810.86 rows=1 width=8) (actual time=3603.766..3603.771 rows=1 loops=1)
   Buffers: shared hit=334547 read=35308
   ->  Nested Loop  (cost=7081.86..408810.85 rows=1 width=0) (actual time=23.838..3603.661 rows=318 loops=1)
         Buffers: shared hit=334547 read=35308
         ->  Hash Join  (cost=7081.43..408799.25 rows=5 width=4) (actual time=23.430..2829.540 rows=23318 loops=1)
               Hash Cond: (ci.role_id = rt.id)
               Buffers: shared hit=242946 read=33637
               ->  Nested Loop  (cost=7080.20..408797.97 rows=14 width=8) (actual time=23.154..2799.947 rows=147813 loops=1)
                     Buffers: shared hit=242945 read=33637
                     ->  Nested Loop  (cost=7079.76..408753.61 rows=1 width=12) (actual time=23.115..1309.500 rows=5676 loops=1)
                           Buffers: shared hit=97842 read=15102
                           ->  Nested Loop  (cost=7079.76..408751.19 rows=1 width=16) (actual time=23.110..1194.712 rows=5676 loops=1)
                                 Buffers: shared hit=92166 read=15102
                                 ->  Nested Loop  (cost=7079.76..408748.77 rows=1 width=20) (actual time=23.090..1078.089 rows=5676 loops=1)
                                       Buffers: shared hit=86490 read=15102
                                       ->  Hash Join  (cost=7079.33..407937.77 rows=19 width=12) (actual time=22.998..524.890 rows=5718 loops=1)
                                             Hash Cond: (t.kind_id = kt.id)
                                             Buffers: shared hit=26131 read=10878
                                             ->  Nested Loop  (cost=7078.13..407936.48 rows=22 width=16) (actual time=22.956..521.992 rows=5718 loops=1)
                                                   Buffers: shared hit=26130 read=10878
                                                   ->  Bitmap Heap Scan on movie_info mi1  (cost=7077.70..407082.78 rows=101 width=8) (actual time=22.925..262.011 rows=7379 loops=1)
                                                         Recheck Cond: (info_type_id = 18)
                                                         Filter: ((info)::text = ANY ('{"Metro-Goldwyn-Mayer Studios - 10202 W. Washington Blvd., Culver City, California, USA","Stage 11, 20th Century Fox Studios - 10201 Pico Blvd., Century City, Los Angeles, California, USA","Stage 17, Warner Brothers Burbank Studios - 4000 Warner Boulevard, Burbank, California, USA","Stage 26, Warner Brothers Burbank Studios - 4000 Warner Boulevard, Burbank, California, USA","Stage 3, 20th Century Fox Studios - 10201 Pico Blvd., Century City, Los Angeles, California, USA","Stage 5, Metro-Goldwyn-Mayer Studios - 10202 W. Washington Blvd., Culver City, California, USA"}'::text[]))
                                                         Rows Removed by Filter: 653544
                                                         Heap Blocks: exact=6972
                                                         Buffers: shared hit=1245 read=6247
                                                         ->  Bitmap Index Scan on info_type_id_movie_info  (cost=0.00..7077.68 rows=662032 width=0) (actual time=21.597..21.598 rows=660923 loops=1)
                                                               Index Cond: (info_type_id = 18)
                                                               Buffers: shared hit=1 read=519
                                                   ->  Index Scan using title_pkey on title t  (cost=0.43..8.45 rows=1 width=8) (actual time=0.035..0.035 rows=1 loops=7379)
                                                         Index Cond: (id = mi1.movie_id)
                                                         Filter: ((production_year <= 1990) AND (production_year >= 1950))
                                                         Rows Removed by Filter: 0
                                                         Buffers: shared hit=24885 read=4631
                                             ->  Hash  (cost=1.12..1.12 rows=6 width=4) (actual time=0.017..0.018 rows=6 loops=1)
                                                   Buckets: 1024  Batches: 1  Memory Usage: 9kB
                                                   Buffers: shared hit=1
                                                   ->  Seq Scan on kind_type kt  (cost=0.00..1.12 rows=6 width=4) (actual time=0.008..0.010 rows=6 loops=1)
                                                         Filter: ((kind)::text = ANY ('{episode,movie,"tv movie","tv series","video game","video movie"}'::text[]))
                                                         Rows Removed by Filter: 1
                                                         Buffers: shared hit=1
                                       ->  Index Scan using movie_id_movie_info on movie_info mi2  (cost=0.43..42.67 rows=1 width=8) (actual time=0.088..0.096 rows=1 loops=5718)
                                             Index Cond: (movie_id = t.id)
                                             Filter: (((info)::text = ANY ('{"Black and White",Color}'::text[])) AND (info_type_id = 2))
                                             Rows Removed by Filter: 14
                                             Buffers: shared hit=60359 read=4224
                                 ->  Seq Scan on info_type it1  (cost=0.00..2.41 rows=1 width=4) (actual time=0.011..0.018 rows=1 loops=5676)
                                       Filter: (id = 18)
                                       Rows Removed by Filter: 112
                                       Buffers: shared hit=5676
                           ->  Seq Scan on info_type it2  (cost=0.00..2.41 rows=1 width=4) (actual time=0.009..0.018 rows=1 loops=5676)
                                 Filter: (id = 2)
                                 Rows Removed by Filter: 112
                                 Buffers: shared hit=5676
                     ->  Index Scan using movie_id_cast_info on cast_info ci  (cost=0.44..43.98 rows=38 width=12) (actual time=0.035..0.256 rows=26 loops=5676)
                           Index Cond: (movie_id = t.id)
                           Buffers: shared hit=145103 read=18535
               ->  Hash  (cost=1.18..1.18 rows=4 width=4) (actual time=0.034..0.035 rows=4 loops=1)
                     Buckets: 1024  Batches: 1  Memory Usage: 9kB
                     Buffers: shared hit=1
                     ->  Seq Scan on role_type rt  (cost=0.00..1.18 rows=4 width=4) (actual time=0.025..0.028 rows=4 loops=1)
                           Filter: ((role)::text = ANY ('{director,editor,producer,"production designer"}'::text[]))
                           Rows Removed by Filter: 8
                           Buffers: shared hit=1
         ->  Index Scan using name_pkey on name n  (cost=0.43..2.32 rows=1 width=4) (actual time=0.033..0.033 rows=0 loops=23318)
               Index Cond: (id = ci.person_id)
               Filter: ((gender)::text = 'f'::text)
               Rows Removed by Filter: 1
               Buffers: shared hit=91601 read=1671
 Planning:
   Buffers: shared hit=574
 Planning Time: 14.027 ms
 Execution Time: 3604.281 ms
(73 rows)

