                                                                                                      QUERY PLAN                                                                                                       
-----------------------------------------------------------------------------------------------------------------------------------------------------------------------------------------------------------------------
 Aggregate  (cost=420874.98..420874.99 rows=1 width=8) (actual time=11979.786..11979.796 rows=1 loops=1)
   Buffers: shared hit=928207 read=307979
   ->  Nested Loop  (cost=4697.45..420874.98 rows=1 width=0) (actual time=41.041..11978.140 rows=3818 loops=1)
         Buffers: shared hit=928207 read=307979
         ->  Hash Join  (cost=4697.02..420870.34 rows=2 width=4) (actual time=40.859..10510.619 rows=44082 loops=1)
               Hash Cond: (ci.role_id = rt.id)
               Buffers: shared hit=769534 read=290324
               ->  Nested Loop  (cost=4695.85..420869.12 rows=14 width=8) (actual time=40.237..10402.771 rows=713670 loops=1)
                     Buffers: shared hit=769533 read=290324
                     ->  Nested Loop  (cost=4695.41..420825.42 rows=1 width=12) (actual time=40.192..3735.409 rows=6891 loops=1)
                           Buffers: shared hit=230444 read=115545
                           ->  Nested Loop  (cost=4695.41..420823.00 rows=1 width=16) (actual time=40.182..3605.717 rows=6891 loops=1)
                                 Buffers: shared hit=223553 read=115545
                                 ->  Nested Loop  (cost=4695.41..420820.57 rows=1 width=20) (actual time=40.161..3470.984 rows=6891 loops=1)
                                       Buffers: shared hit=216662 read=115545
                                       ->  Hash Join  (cost=4694.97..419287.25 rows=36 width=12) (actual time=23.570..966.701 rows=12363 loops=1)
                                             Hash Cond: (t.kind_id = kt.id)
                                             Buffers: shared hit=51263 read=29438
                                             ->  Nested Loop  (cost=4693.82..419285.83 rows=62 width=16) (actual time=20.835..959.737 rows=13574 loops=1)
                                                   Buffers: shared hit=51262 read=29438
                                                   ->  Bitmap Heap Scan on movie_info mi1  (cost=4693.39..418626.53 rows=78 width=8) (actual time=20.789..429.284 rows=15282 loops=1)
                                                         Recheck Cond: (info_type_id = 5)
                                                         Filter: ((info)::text = ANY ('{Brazil:16,France:-16,"Germany:BPjM Restricted","Hong Kong:III","New Zealand:R16",Singapore:PG,Spain:T}'::text[]))
                                                         Rows Removed by Filter: 471272
                                                         Heap Blocks: exact=19164
                                                         Buffers: shared hit=2534 read=17038
                                                         ->  Bitmap Index Scan on info_type_id_movie_info  (cost=0.00..4693.37 rows=439058 width=0) (actual time=17.324..17.324 rows=486554 loops=1)
                                                               Index Cond: (info_type_id = 5)
                                                               Buffers: shared read=408
                                                   ->  Index Scan using title_pkey on title t  (cost=0.43..8.45 rows=1 width=8) (actual time=0.034..0.034 rows=1 loops=15282)
                                                         Index Cond: (id = mi1.movie_id)
                                                         Filter: ((production_year <= 2015) AND (production_year >= 1975))
                                                         Rows Removed by Filter: 0
                                                         Buffers: shared hit=48728 read=12400
                                             ->  Hash  (cost=1.10..1.10 rows=4 width=4) (actual time=0.018..0.020 rows=4 loops=1)
                                                   Buckets: 1024  Batches: 1  Memory Usage: 9kB
                                                   Buffers: shared hit=1
                                                   ->  Seq Scan on kind_type kt  (cost=0.00..1.10 rows=4 width=4) (actual time=0.012..0.014 rows=4 loops=1)
                                                         Filter: ((kind)::text = ANY ('{episode,movie,"video game","video movie"}'::text[]))
                                                         Rows Removed by Filter: 3
                                                         Buffers: shared hit=1
                                       ->  Index Scan using movie_id_movie_info on movie_info mi2  (cost=0.43..42.58 rows=1 width=8) (actual time=0.105..0.202 rows=1 loops=12363)
                                             Index Cond: (movie_id = t.id)
                                             Filter: ((info_type_id = 6) AND ((info)::text = ANY ('{"70 mm 6-Track",DTS-ES,DTS-Stereo,Datasat,"Dolby Digital","Dolby SR","Dolby Stereo",Sonics-DDP,Stereo}'::text[])))
                                             Rows Removed by Filter: 106
                                             Buffers: shared hit=165399 read=86107
                                 ->  Seq Scan on info_type it1  (cost=0.00..2.41 rows=1 width=4) (actual time=0.010..0.017 rows=1 loops=6891)
                                       Filter: (id = 5)
                                       Rows Removed by Filter: 112
                                       Buffers: shared hit=6891
                           ->  Seq Scan on info_type it2  (cost=0.00..2.41 rows=1 width=4) (actual time=0.009..0.017 rows=1 loops=6891)
                                 Filter: (id = 6)
                                 Rows Removed by Filter: 112
                                 Buffers: shared hit=6891
                     ->  Index Scan using movie_id_cast_info on cast_info ci  (cost=0.44..43.32 rows=38 width=12) (actual time=0.038..0.944 rows=104 loops=6891)
                           Index Cond: (movie_id = t.id)
                           Buffers: shared hit=539089 read=174779
               ->  Hash  (cost=1.15..1.15 rows=2 width=4) (actual time=0.034..0.035 rows=2 loops=1)
                     Buckets: 1024  Batches: 1  Memory Usage: 9kB
                     Buffers: shared hit=1
                     ->  Seq Scan on role_type rt  (cost=0.00..1.15 rows=2 width=4) (actual time=0.025..0.027 rows=2 loops=1)
                           Filter: ((role)::text = ANY ('{guest,producer}'::text[]))
                           Rows Removed by Filter: 10
                           Buffers: shared hit=1
         ->  Index Scan using name_pkey on name n  (cost=0.43..2.32 rows=1 width=4) (actual time=0.033..0.033 rows=0 loops=44082)
               Index Cond: (id = ci.person_id)
               Filter: ((gender)::text = 'f'::text)
               Rows Removed by Filter: 1
               Buffers: shared hit=158673 read=17655
 Planning:
   Buffers: shared hit=481 read=93
 Planning Time: 13.625 ms
 Execution Time: 11980.521 ms
(73 rows)

