                                                                                               QUERY PLAN                                                                                               
--------------------------------------------------------------------------------------------------------------------------------------------------------------------------------------------------------
 Aggregate  (cost=451878.14..451878.15 rows=1 width=8) (actual time=2581.799..2581.804 rows=1 loops=1)
   Buffers: shared hit=206372 read=57830
   ->  Nested Loop  (cost=15874.79..451878.14 rows=2 width=0) (actual time=1673.488..2581.777 rows=20 loops=1)
         Buffers: shared hit=206372 read=57830
         ->  Seq Scan on info_type it2  (cost=0.00..2.41 rows=1 width=4) (actual time=0.032..0.037 rows=1 loops=1)
               Filter: (id = 3)
               Rows Removed by Filter: 112
               Buffers: shared hit=1
         ->  Nested Loop  (cost=15874.79..451875.71 rows=2 width=4) (actual time=1673.455..2581.730 rows=20 loops=1)
               Buffers: shared hit=206371 read=57830
               ->  Seq Scan on info_type it1  (cost=0.00..2.41 rows=1 width=4) (actual time=0.006..0.012 rows=1 loops=1)
                     Filter: (id = 7)
                     Rows Removed by Filter: 112
                     Buffers: shared hit=1
               ->  Nested Loop  (cost=15874.79..451873.27 rows=2 width=8) (actual time=1673.447..2581.705 rows=20 loops=1)
                     Buffers: shared hit=206370 read=57830
                     ->  Hash Join  (cost=15874.36..451850.08 rows=10 width=12) (actual time=35.775..2525.406 rows=2110 loops=1)
                           Hash Cond: (ci.role_id = rt.id)
                           Buffers: shared hit=199049 read=56711
                           ->  Nested Loop  (cost=15873.19..451848.70 rows=57 width=16) (actual time=35.747..2522.863 rows=21905 loops=1)
                                 Buffers: shared hit=199048 read=56711
                                 ->  Nested Loop  (cost=15872.75..451670.48 rows=4 width=20) (actual time=35.716..2282.656 rows=2174 loops=1)
                                       Buffers: shared hit=181859 read=45992
                                       ->  Hash Join  (cost=15872.31..444590.04 rows=164 width=12) (actual time=35.613..1067.301 rows=14355 loops=1)
                                             Hash Cond: (t.kind_id = kt.id)
                                             Buffers: shared hit=55123 read=23731
                                             ->  Nested Loop  (cost=15871.13..444587.89 rows=229 width=16) (actual time=35.580..1061.531 rows=14355 loops=1)
                                                   Buffers: shared hit=55122 read=23731
                                                   ->  Bitmap Heap Scan on movie_info mi1  (cost=15870.70..434303.03 rows=1266 width=8) (actual time=35.544..504.397 rows=16926 loops=1)
                                                         Recheck Cond: (info_type_id = 7)
                                                         Filter: ((info)::text = ANY ('{LAB:DeLuxe,"MET:1500 m","MET:155 m","MET:180 m","MET:250 m","MET:45.7 m",OFM:Live}'::text[]))
                                                         Rows Removed by Filter: 1384976
                                                         Heap Blocks: exact=10050
                                                         Buffers: shared hit=1158 read=9991
                                                         ->  Bitmap Index Scan on info_type_id_movie_info  (cost=0.00..15870.39 rows=1484527 width=0) (actual time=34.117..34.117 rows=1401902 loops=1)
                                                               Index Cond: (info_type_id = 7)
                                                               Buffers: shared read=1099
                                                   ->  Index Scan using title_pkey on title t  (cost=0.43..8.12 rows=1 width=8) (actual time=0.032..0.032 rows=1 loops=16926)
                                                         Index Cond: (id = mi1.movie_id)
                                                         Filter: ((production_year <= 1975) AND (production_year >= 1875))
                                                         Rows Removed by Filter: 0
                                                         Buffers: shared hit=53964 read=13740
                                             ->  Hash  (cost=1.11..1.11 rows=5 width=4) (actual time=0.012..0.013 rows=5 loops=1)
                                                   Buckets: 1024  Batches: 1  Memory Usage: 9kB
                                                   Buffers: shared hit=1
                                                   ->  Seq Scan on kind_type kt  (cost=0.00..1.11 rows=5 width=4) (actual time=0.006..0.007 rows=5 loops=1)
                                                         Filter: ((kind)::text = ANY ('{episode,movie,"tv movie","tv series","video game"}'::text[]))
                                                         Rows Removed by Filter: 2
                                                         Buffers: shared hit=1
                                       ->  Index Scan using movie_id_movie_info on movie_info mi2  (cost=0.43..43.16 rows=1 width=8) (actual time=0.084..0.084 rows=0 loops=14355)
                                             Index Cond: (movie_id = t.id)
                                             Filter: ((info_type_id = 3) AND ((info)::text = ANY ('{Adventure,Family,Horror,Music,Mystery,Romance,Sci-Fi,Short,Sport}'::text[])))
                                             Rows Removed by Filter: 11
                                             Buffers: shared hit=126736 read=22261
                                 ->  Index Scan using movie_id_cast_info on cast_info ci  (cost=0.44..44.17 rows=38 width=12) (actual time=0.029..0.109 rows=10 loops=2174)
                                       Index Cond: (movie_id = t.id)
                                       Buffers: shared hit=17189 read=10719
                           ->  Hash  (cost=1.15..1.15 rows=2 width=4) (actual time=0.013..0.013 rows=2 loops=1)
                                 Buckets: 1024  Batches: 1  Memory Usage: 9kB
                                 Buffers: shared hit=1
                                 ->  Seq Scan on role_type rt  (cost=0.00..1.15 rows=2 width=4) (actual time=0.007..0.008 rows=2 loops=1)
                                       Filter: ((role)::text = ANY ('{cinematographer,producer}'::text[]))
                                       Rows Removed by Filter: 10
                                       Buffers: shared hit=1
                     ->  Index Scan using name_pkey on name n  (cost=0.43..2.32 rows=1 width=4) (actual time=0.026..0.026 rows=0 loops=2110)
                           Index Cond: (id = ci.person_id)
                           Filter: ((gender)::text = 'f'::text)
                           Rows Removed by Filter: 1
                           Buffers: shared hit=7321 read=1119
 Planning:
   Buffers: shared hit=484 read=90
 Planning Time: 9.273 ms
 Execution Time: 2582.167 ms
(73 rows)

