                                                                                                                                              QUERY PLAN                                                                                                                                              
------------------------------------------------------------------------------------------------------------------------------------------------------------------------------------------------------------------------------------------------------------------------------------------------------
 Aggregate  (cost=436822.74..436822.75 rows=1 width=8) (actual time=2365.546..2365.552 rows=1 loops=1)
   Buffers: shared hit=103657 read=66126
   ->  Nested Loop  (cost=32182.79..436822.74 rows=1 width=0) (actual time=707.056..2365.312 rows=885 loops=1)
         Buffers: shared hit=103657 read=66126
         ->  Hash Join  (cost=32182.36..436813.46 rows=4 width=4) (actual time=703.673..1942.110 rows=11832 loops=1)
               Hash Cond: (ci.role_id = rt.id)
               Buffers: shared hit=65899 read=56556
               ->  Nested Loop  (cost=32181.15..436812.21 rows=14 width=8) (actual time=703.005..1937.117 rows=25033 loops=1)
                     Buffers: shared hit=65898 read=56556
                     ->  Nested Loop  (cost=32180.71..436768.48 rows=1 width=12) (actual time=702.812..1682.905 rows=245 loops=1)
                           Buffers: shared hit=53637 read=43685
                           ->  Nested Loop  (cost=32180.71..436766.06 rows=1 width=16) (actual time=702.770..1678.474 rows=245 loops=1)
                                 Buffers: shared hit=53392 read=43685
                                 ->  Nested Loop  (cost=32180.71..436763.63 rows=1 width=20) (actual time=702.703..1673.386 rows=245 loops=1)
                                       Buffers: shared hit=53147 read=43685
                                       ->  Hash Join  (cost=32180.28..417065.78 rows=460 width=12) (actual time=127.979..1261.821 rows=5247 loops=1)
                                             Hash Cond: (t.kind_id = kt.id)
                                             Buffers: shared hit=22583 read=26355
                                             ->  Nested Loop  (cost=32179.08..417062.31 rows=537 width=16) (actual time=127.951..1259.679 rows=5247 loops=1)
                                                   Buffers: shared hit=22582 read=26355
                                                   ->  Bitmap Heap Scan on movie_info mi1  (cost=32178.65..410731.24 rows=767 width=8) (actual time=127.914..1083.171 rows=5271 loops=1)
                                                         Recheck Cond: (info_type_id = 16)
                                                         Filter: ((info)::text = ANY ('{"Canada:9 September 2005",Finland:2000,Finland:2001,"France:18 May 2006","Portugal:February 1993","USA:1 October 2010","USA:10 January 2003","USA:20 October 2005","USA:20 October 2006",USA:2003}'::text[]))
                                                         Rows Removed by Filter: 3031448
                                                         Heap Blocks: exact=25474
                                                         Buffers: shared hit=1877 read=25976
                                                         ->  Bitmap Index Scan on info_type_id_movie_info  (cost=0.00..32178.44 rows=3010400 width=0) (actual time=124.042..124.043 rows=3036719 loops=1)
                                                               Index Cond: (info_type_id = 16)
                                                               Buffers: shared read=2379
                                                   ->  Index Scan using title_pkey on title t  (cost=0.43..8.25 rows=1 width=8) (actual time=0.033..0.033 rows=1 loops=5271)
                                                         Index Cond: (id = mi1.movie_id)
                                                         Filter: ((production_year <= 2015) AND (production_year >= 1990))
                                                         Rows Removed by Filter: 0
                                                         Buffers: shared hit=20705 read=379
                                             ->  Hash  (cost=1.12..1.12 rows=6 width=4) (actual time=0.012..0.013 rows=6 loops=1)
                                                   Buckets: 1024  Batches: 1  Memory Usage: 9kB
                                                   Buffers: shared hit=1
                                                   ->  Seq Scan on kind_type kt  (cost=0.00..1.12 rows=6 width=4) (actual time=0.005..0.007 rows=6 loops=1)
                                                         Filter: ((kind)::text = ANY ('{episode,movie,"tv movie","tv series","video game","video movie"}'::text[]))
                                                         Rows Removed by Filter: 1
                                                         Buffers: shared hit=1
                                       ->  Index Scan using movie_id_movie_info on movie_info mi2  (cost=0.43..42.81 rows=1 width=8) (actual time=0.076..0.078 rows=0 loops=5247)
                                             Index Cond: (movie_id = t.id)
                                             Filter: ((info_type_id = 5) AND ((info)::text = ANY ('{Canada:14,Canada:14+,Germany:12,"Germany:Not Rated",Hungary:16,Iceland:16,Ireland:16,Israel:16,Malaysia:18SG,Netherlands:16,Netherlands:6,"South Korea:(Banned)",Taiwan:PG-12}'::text[])))
                                             Rows Removed by Filter: 12
                                             Buffers: shared hit=30564 read=17330
                                 ->  Seq Scan on info_type it1  (cost=0.00..2.41 rows=1 width=4) (actual time=0.013..0.018 rows=1 loops=245)
                                       Filter: (id = 16)
                                       Rows Removed by Filter: 112
                                       Buffers: shared hit=245
                           ->  Seq Scan on info_type it2  (cost=0.00..2.41 rows=1 width=4) (actual time=0.010..0.017 rows=1 loops=245)
                                 Filter: (id = 5)
                                 Rows Removed by Filter: 112
                                 Buffers: shared hit=245
                     ->  Index Scan using movie_id_cast_info on cast_info ci  (cost=0.44..43.35 rows=38 width=12) (actual time=0.028..1.018 rows=102 loops=245)
                           Index Cond: (movie_id = t.id)
                           Buffers: shared hit=12261 read=12871
               ->  Hash  (cost=1.17..1.17 rows=3 width=4) (actual time=0.021..0.022 rows=3 loops=1)
                     Buckets: 1024  Batches: 1  Memory Usage: 9kB
                     Buffers: shared hit=1
                     ->  Seq Scan on role_type rt  (cost=0.00..1.17 rows=3 width=4) (actual time=0.014..0.016 rows=3 loops=1)
                           Filter: ((role)::text = ANY ('{composer,"miscellaneous crew",producer}'::text[]))
                           Rows Removed by Filter: 9
                           Buffers: shared hit=1
         ->  Index Scan using name_pkey on name n  (cost=0.43..2.32 rows=1 width=4) (actual time=0.035..0.035 rows=0 loops=11832)
               Index Cond: (id = ci.person_id)
               Filter: ((gender)::text = 'f'::text)
               Rows Removed by Filter: 1
               Buffers: shared hit=37758 read=9570
 Planning:
   Buffers: shared hit=522 read=55
 Planning Time: 6.342 ms
 Execution Time: 2366.042 ms
(73 rows)

