                                                                                           QUERY PLAN                                                                                           
------------------------------------------------------------------------------------------------------------------------------------------------------------------------------------------------
 Aggregate  (cost=125799.24..125799.25 rows=1 width=8) (actual time=387.172..387.180 rows=1 loops=1)
   Buffers: shared hit=25703 read=13017
   ->  Nested Loop  (cost=713.85..125799.24 rows=1 width=0) (actual time=52.762..387.118 rows=152 loops=1)
         Buffers: shared hit=25703 read=13017
         ->  Nested Loop  (cost=713.85..125796.82 rows=1 width=4) (actual time=52.753..384.140 rows=152 loops=1)
               Join Filter: (t.id = mi2.movie_id)
               Buffers: shared hit=25551 read=13017
               ->  Nested Loop  (cost=713.41..125754.74 rows=1 width=12) (actual time=52.531..365.121 rows=152 loops=1)
                     Buffers: shared hit=23800 read=12710
                     ->  Hash Join  (cost=712.98..125750.10 rows=2 width=16) (actual time=41.461..317.655 rows=1389 loops=1)
                           Hash Cond: (ci.role_id = rt.id)
                           Buffers: shared hit=18859 read=12095
                           ->  Nested Loop  (cost=711.81..125748.88 rows=14 width=20) (actual time=40.877..314.622 rows=22462 loops=1)
                                 Buffers: shared hit=18858 read=12095
                                 ->  Nested Loop  (cost=711.37..125705.22 rows=1 width=8) (actual time=40.842..104.077 rows=365 loops=1)
                                       Buffers: shared hit=3167 read=4640
                                       ->  Nested Loop  (cost=711.37..125702.80 rows=1 width=12) (actual time=40.818..99.277 rows=365 loops=1)
                                             Buffers: shared hit=2802 read=4640
                                             ->  Nested Loop  (cost=711.23..125702.48 rows=2 width=16) (actual time=40.800..95.511 rows=365 loops=1)
                                                   Buffers: shared hit=2072 read=4640
                                                   ->  Bitmap Heap Scan on movie_info mi1  (cost=710.80..125685.57 rows=2 width=8) (actual time=40.755..79.051 rows=365 loops=1)
                                                         Recheck Cond: (info_type_id = 103)
                                                         Filter: ((info)::text = 'Warner Bros. Entertainment Inc.'::text)
                                                         Rows Removed by Filter: 60763
                                                         Heap Blocks: exact=5201
                                                         Buffers: shared hit=722 read=4530
                                                         ->  Bitmap Index Scan on info_type_id_movie_info  (cost=0.00..710.80 rows=66449 width=0) (actual time=3.243..3.245 rows=61128 loops=1)
                                                               Index Cond: (info_type_id = 103)
                                                               Buffers: shared hit=1 read=50
                                                   ->  Index Scan using title_pkey on title t  (cost=0.43..8.45 rows=1 width=8) (actual time=0.044..0.044 rows=1 loops=365)
                                                         Index Cond: (id = mi1.movie_id)
                                                         Filter: ((production_year <= 2015) AND (production_year >= 1925))
                                                         Buffers: shared hit=1350 read=110
                                             ->  Index Scan using kind_type_pkey on kind_type kt  (cost=0.13..0.16 rows=1 width=4) (actual time=0.010..0.010 rows=1 loops=365)
                                                   Index Cond: (id = t.kind_id)
                                                   Filter: ((kind)::text = ANY ('{episode,movie,"tv series","video movie"}'::text[]))
                                                   Buffers: shared hit=730
                                       ->  Seq Scan on info_type it1  (cost=0.00..2.41 rows=1 width=4) (actual time=0.011..0.012 rows=1 loops=365)
                                             Filter: (id = 103)
                                             Rows Removed by Filter: 112
                                             Buffers: shared hit=365
                                 ->  Index Scan using movie_id_cast_info on cast_info ci  (cost=0.44..43.28 rows=38 width=12) (actual time=0.035..0.564 rows=62 loops=365)
                                       Index Cond: (movie_id = t.id)
                                       Buffers: shared hit=15691 read=7455
                           ->  Hash  (cost=1.15..1.15 rows=2 width=4) (actual time=0.029..0.030 rows=2 loops=1)
                                 Buckets: 1024  Batches: 1  Memory Usage: 9kB
                                 Buffers: shared hit=1
                                 ->  Seq Scan on role_type rt  (cost=0.00..1.15 rows=2 width=4) (actual time=0.022..0.024 rows=2 loops=1)
                                       Filter: ((role)::text = ANY ('{director,writer}'::text[]))
                                       Rows Removed by Filter: 10
                                       Buffers: shared hit=1
                     ->  Index Scan using name_pkey on name n  (cost=0.43..2.32 rows=1 width=4) (actual time=0.034..0.034 rows=0 loops=1389)
                           Index Cond: (id = ci.person_id)
                           Filter: ((gender)::text = 'f'::text)
                           Rows Removed by Filter: 1
                           Buffers: shared hit=4941 read=615
               ->  Index Scan using movie_id_movie_info on movie_info mi2  (cost=0.43..42.06 rows=1 width=8) (actual time=0.107..0.124 rows=1 loops=152)
                     Index Cond: (movie_id = ci.movie_id)
                     Filter: (((info)::text = ANY ('{"Black and White",Color}'::text[])) AND (info_type_id = 2))
                     Rows Removed by Filter: 20
                     Buffers: shared hit=1751 read=307
         ->  Seq Scan on info_type it2  (cost=0.00..2.41 rows=1 width=4) (actual time=0.011..0.018 rows=1 loops=152)
               Filter: (id = 2)
               Rows Removed by Filter: 112
               Buffers: shared hit=152
 Planning:
   Buffers: shared hit=574
 Planning Time: 12.794 ms
 Execution Time: 387.608 ms
(69 rows)

