                                                                                                                                                                                       QUERY PLAN                                                                                                                                                                                        
-----------------------------------------------------------------------------------------------------------------------------------------------------------------------------------------------------------------------------------------------------------------------------------------------------------------------------------------------------------------------------------------
 Aggregate  (cost=328309.90..328309.91 rows=1 width=8) (actual time=5016.019..5016.027 rows=1 loops=1)
   Buffers: shared hit=391505 read=122225
   ->  Nested Loop  (cost=1357.37..328309.90 rows=2 width=0) (actual time=7.018..5010.216 rows=38433 loops=1)
         Buffers: shared hit=391505 read=122225
         ->  Hash Join  (cost=1356.94..328298.30 rows=5 width=4) (actual time=6.959..3713.352 rows=39785 loops=1)
               Hash Cond: (ci.role_id = rt.id)
               Buffers: shared hit=245318 read=109272
               ->  Nested Loop  (cost=1355.71..328297.02 rows=14 width=8) (actual time=6.518..3670.425 rows=230854 loops=1)
                     Buffers: shared hit=245317 read=109272
                     ->  Nested Loop  (cost=1355.27..328253.36 rows=1 width=12) (actual time=6.466..1445.775 rows=2772 loops=1)
                           Buffers: shared hit=69156 read=51878
                           ->  Nested Loop  (cost=1355.27..328250.94 rows=1 width=16) (actual time=6.459..1393.904 rows=2772 loops=1)
                                 Buffers: shared hit=66384 read=51878
                                 ->  Nested Loop  (cost=1355.27..328248.52 rows=1 width=20) (actual time=6.429..1330.648 rows=2772 loops=1)
                                       Buffers: shared hit=63612 read=51878
                                       ->  Hash Join  (cost=1354.83..327049.45 rows=28 width=12) (actual time=6.331..355.884 rows=5903 loops=1)
                                             Hash Cond: (t.kind_id = kt.id)
                                             Buffers: shared hit=22177 read=9209
                                             ->  Nested Loop  (cost=1353.66..327048.10 rows=39 width=16) (actual time=6.297..352.834 rows=6495 loops=1)
                                                   Buffers: shared hit=22176 read=9209
                                                   ->  Bitmap Heap Scan on movie_info mi1  (cost=1353.23..326693.10 rows=42 width=8) (actual time=6.244..99.373 rows=6578 loops=1)
                                                         Recheck Cond: (info_type_id = 105)
                                                         Filter: ((info)::text = ANY ('{"$11,000,000","$12,000","$14,000,000","$15,000,000","$150,000","$250,000","$300,000","$4,000","$4,000,000","$40,000,000","$6,000","$75,000,000","$8,000,000"}'::text[]))
                                                         Rows Removed by Filter: 115285
                                                         Heap Blocks: exact=4974
                                                         Buffers: shared hit=974 read=4099
                                                         ->  Bitmap Index Scan on info_type_id_movie_info  (cost=0.00..1353.18 rows=126500 width=0) (actual time=5.334..5.334 rows=121863 loops=1)
                                                               Index Cond: (info_type_id = 105)
                                                               Buffers: shared hit=1 read=98
                                                   ->  Index Scan using title_pkey on title t  (cost=0.43..8.45 rows=1 width=8) (actual time=0.038..0.038 rows=1 loops=6578)
                                                         Index Cond: (id = mi1.movie_id)
                                                         Filter: ((production_year <= 2015) AND (production_year >= 1925))
                                                         Rows Removed by Filter: 0
                                                         Buffers: shared hit=21202 read=5110
                                             ->  Hash  (cost=1.11..1.11 rows=5 width=4) (actual time=0.016..0.017 rows=5 loops=1)
                                                   Buckets: 1024  Batches: 1  Memory Usage: 9kB
                                                   Buffers: shared hit=1
                                                   ->  Seq Scan on kind_type kt  (cost=0.00..1.11 rows=5 width=4) (actual time=0.007..0.009 rows=5 loops=1)
                                                         Filter: ((kind)::text = ANY ('{episode,movie,"tv series","video game","video movie"}'::text[]))
                                                         Rows Removed by Filter: 2
                                                         Buffers: shared hit=1
                                       ->  Index Scan using movie_id_movie_info on movie_info mi2  (cost=0.43..42.81 rows=1 width=8) (actual time=0.115..0.164 rows=0 loops=5903)
                                             Index Cond: (movie_id = t.id)
                                             Filter: ((info_type_id = 7) AND ((info)::text = ANY ('{"CAM:Panasonic AG-DVX100","LAB:DeLuxe, Hollywood (CA), USA","LAB:FotoKem Laboratory, Burbank (CA), USA","OFM:16 mm","OFM:35 mm","OFM:Super 16",OFM:Video,"PCS:Digital Intermediate",PCS:Panavision,PCS:Spherical,"PCS:Super 16",PFM:Video,"RAT:1.37 : 1","RAT:1.66 : 1"}'::text[])))
                                             Rows Removed by Filter: 35
                                             Buffers: shared hit=41435 read=42669
                                 ->  Seq Scan on info_type it1  (cost=0.00..2.41 rows=1 width=4) (actual time=0.020..0.021 rows=1 loops=2772)
                                       Filter: (id = 105)
                                       Rows Removed by Filter: 112
                                       Buffers: shared hit=2772
                           ->  Seq Scan on info_type it2  (cost=0.00..2.41 rows=1 width=4) (actual time=0.009..0.017 rows=1 loops=2772)
                                 Filter: (id = 7)
                                 Rows Removed by Filter: 112
                                 Buffers: shared hit=2772
                     ->  Index Scan using movie_id_cast_info on cast_info ci  (cost=0.44..43.28 rows=38 width=12) (actual time=0.035..0.784 rows=83 loops=2772)
                           Index Cond: (movie_id = t.id)
                           Buffers: shared hit=176161 read=57394
               ->  Hash  (cost=1.18..1.18 rows=4 width=4) (actual time=0.032..0.032 rows=4 loops=1)
                     Buckets: 1024  Batches: 1  Memory Usage: 9kB
                     Buffers: shared hit=1
                     ->  Seq Scan on role_type rt  (cost=0.00..1.18 rows=4 width=4) (actual time=0.021..0.024 rows=4 loops=1)
                           Filter: ((role)::text = ANY ('{actress,"costume designer",guest,"production designer"}'::text[]))
                           Rows Removed by Filter: 8
                           Buffers: shared hit=1
         ->  Index Scan using name_pkey on name n  (cost=0.43..2.32 rows=1 width=4) (actual time=0.032..0.032 rows=1 loops=39785)
               Index Cond: (id = ci.person_id)
               Filter: (((gender)::text = 'f'::text) OR (gender IS NULL))
               Rows Removed by Filter: 0
               Buffers: shared hit=146187 read=12953
 Planning:
   Buffers: shared hit=577
 Planning Time: 13.346 ms
 Execution Time: 5016.464 ms
(73 rows)

