                                                                                                                                         QUERY PLAN                                                                                                                                         
--------------------------------------------------------------------------------------------------------------------------------------------------------------------------------------------------------------------------------------------------------------------------------------------
 Aggregate  (cost=406621.48..406621.49 rows=1 width=8) (actual time=10024.852..10024.860 rows=1 loops=1)
   Buffers: shared hit=891301 read=132562
   ->  Nested Loop  (cost=8155.43..406621.48 rows=3 width=0) (actual time=83.993..10015.059 rows=76000 loops=1)
         Buffers: shared hit=891301 read=132562
         ->  Hash Join  (cost=8155.00..406609.88 rows=5 width=4) (actual time=83.922..6551.761 rows=97628 loops=1)
               Hash Cond: (ci.role_id = rt.id)
               Buffers: shared hit=520686 read=112665
               ->  Nested Loop  (cost=8153.77..406608.60 rows=14 width=8) (actual time=83.863..6517.047 rows=132177 loops=1)
                     Buffers: shared hit=520685 read=112665
                     ->  Nested Loop  (cost=8153.33..406564.05 rows=1 width=12) (actual time=83.801..5091.590 rows=3411 loops=1)
                           Buffers: shared hit=408086 read=84617
                           ->  Nested Loop  (cost=8153.33..406561.62 rows=1 width=16) (actual time=83.791..5022.757 rows=3411 loops=1)
                                 Buffers: shared hit=404675 read=84617
                                 ->  Nested Loop  (cost=8153.33..406559.20 rows=1 width=20) (actual time=83.764..4954.825 rows=3411 loops=1)
                                       Buffers: shared hit=401264 read=84617
                                       ->  Hash Join  (cost=8152.90..393819.29 rows=293 width=12) (actual time=23.775..2383.583 rows=22756 loops=1)
                                             Hash Cond: (t.kind_id = kt.id)
                                             Buffers: shared hit=193467 read=35886
                                             ->  Nested Loop  (cost=8151.70..393816.65 rows=342 width=16) (actual time=23.731..2370.627 rows=22756 loops=1)
                                                   Buffers: shared hit=193466 read=35886
                                                   ->  Bitmap Heap Scan on movie_info mi1  (cost=8151.27..378736.97 rows=1891 width=8) (actual time=23.311..272.116 rows=55932 loops=1)
                                                         Recheck Cond: (info_type_id = 1)
                                                         Filter: ((info)::text = ANY ('{110,112,115,130,59,60,64,65,69,80,USA:84,USA:96}'::text[]))
                                                         Rows Removed by Filter: 746208
                                                         Heap Blocks: exact=4993
                                                         Buffers: shared hit=867 read=4757
                                                         ->  Bitmap Index Scan on info_type_id_movie_info  (cost=0.00..8150.77 rows=762444 width=0) (actual time=22.596..22.596 rows=802140 loops=1)
                                                               Index Cond: (info_type_id = 1)
                                                               Buffers: shared read=631
                                                   ->  Index Scan using title_pkey on title t  (cost=0.43..7.97 rows=1 width=8) (actual time=0.037..0.037 rows=0 loops=55932)
                                                         Index Cond: (id = mi1.movie_id)
                                                         Filter: ((production_year <= 1975) AND (production_year >= 1875))
                                                         Rows Removed by Filter: 1
                                                         Buffers: shared hit=192599 read=31129
                                             ->  Hash  (cost=1.12..1.12 rows=6 width=4) (actual time=0.023..0.024 rows=6 loops=1)
                                                   Buckets: 1024  Batches: 1  Memory Usage: 9kB
                                                   Buffers: shared hit=1
                                                   ->  Seq Scan on kind_type kt  (cost=0.00..1.12 rows=6 width=4) (actual time=0.012..0.014 rows=6 loops=1)
                                                         Filter: ((kind)::text = ANY ('{episode,movie,"tv movie","tv series","video game","video movie"}'::text[]))
                                                         Rows Removed by Filter: 1
                                                         Buffers: shared hit=1
                                       ->  Index Scan using movie_id_movie_info on movie_info mi2  (cost=0.43..43.47 rows=1 width=8) (actual time=0.108..0.112 rows=0 loops=22756)
                                             Index Cond: (movie_id = t.id)
                                             Filter: ((info_type_id = 5) AND ((info)::text = ANY ('{Argentina:13,Argentina:Atp,France:U,Germany:12,Norway:16,Singapore:PG,Spain:18,UK:A,UK:U,USA:Approved,USA:Passed,USA:TV-PG,USA:Unrated,"West Germany:16","West Germany:18"}'::text[])))
                                             Rows Removed by Filter: 13
                                             Buffers: shared hit=207797 read=48731
                                 ->  Seq Scan on info_type it1  (cost=0.00..2.41 rows=1 width=4) (actual time=0.009..0.018 rows=1 loops=3411)
                                       Filter: (id = 1)
                                       Rows Removed by Filter: 112
                                       Buffers: shared hit=3411
                           ->  Seq Scan on info_type it2  (cost=0.00..2.41 rows=1 width=4) (actual time=0.010..0.019 rows=1 loops=3411)
                                 Filter: (id = 5)
                                 Rows Removed by Filter: 112
                                 Buffers: shared hit=3411
                     ->  Index Scan using movie_id_cast_info on cast_info ci  (cost=0.44..44.17 rows=38 width=12) (actual time=0.041..0.408 rows=39 loops=3411)
                           Index Cond: (movie_id = t.id)
                           Buffers: shared hit=112599 read=28048
               ->  Hash  (cost=1.18..1.18 rows=4 width=4) (actual time=0.034..0.035 rows=4 loops=1)
                     Buckets: 1024  Batches: 1  Memory Usage: 9kB
                     Buffers: shared hit=1
                     ->  Seq Scan on role_type rt  (cost=0.00..1.18 rows=4 width=4) (actual time=0.024..0.027 rows=4 loops=1)
                           Filter: ((role)::text = ANY ('{actor,actress,guest,"production designer"}'::text[]))
                           Rows Removed by Filter: 8
                           Buffers: shared hit=1
         ->  Index Scan using name_pkey on name n  (cost=0.43..2.32 rows=1 width=4) (actual time=0.035..0.035 rows=1 loops=97628)
               Index Cond: (id = ci.person_id)
               Filter: (((gender)::text = 'm'::text) OR (gender IS NULL))
               Rows Removed by Filter: 0
               Buffers: shared hit=370615 read=19897
 Planning:
   Buffers: shared hit=531 read=46
 Planning Time: 12.443 ms
 Execution Time: 10025.371 ms
(73 rows)

