                                                                                                                                                                                                                                                                                                        QUERY PLAN                                                                                                                                                                                                                                                                                                        
--------------------------------------------------------------------------------------------------------------------------------------------------------------------------------------------------------------------------------------------------------------------------------------------------------------------------------------------------------------------------------------------------------------------------------------------------------------------------------------------------------------------------------------------------------------------------------------------------------------------------
 Aggregate  (cost=384250.45..384250.46 rows=1 width=8) (actual time=1407.966..1407.973 rows=1 loops=1)
   Buffers: shared hit=101597 read=41538
   ->  Nested Loop  (cost=8154.92..384250.44 rows=1 width=0) (actual time=49.231..1407.871 rows=182 loops=1)
         Buffers: shared hit=101597 read=41538
         ->  Hash Join  (cost=8154.49..384241.17 rows=4 width=4) (actual time=49.089..1392.333 rows=386 loops=1)
               Hash Cond: (ci.role_id = rt.id)
               Buffers: shared hit=100475 read=41116
               ->  Nested Loop  (cost=8153.29..384239.92 rows=14 width=8) (actual time=48.789..1391.554 rows=4475 loops=1)
                     Buffers: shared hit=100474 read=41116
                     ->  Nested Loop  (cost=8152.85..384196.27 rows=1 width=12) (actual time=48.744..1337.714 rows=123 loops=1)
                           Buffers: shared hit=99061 read=37805
                           ->  Nested Loop  (cost=8152.85..384193.84 rows=1 width=16) (actual time=48.736..1336.145 rows=123 loops=1)
                                 Buffers: shared hit=98938 read=37805
                                 ->  Nested Loop  (cost=8152.85..384191.42 rows=1 width=20) (actual time=48.711..1334.333 rows=123 loops=1)
                                       Buffers: shared hit=98815 read=37805
                                       ->  Hash Join  (cost=8152.42..380213.56 rows=93 width=12) (actual time=22.561..479.366 rows=8169 loops=1)
                                             Hash Cond: (t.kind_id = kt.id)
                                             Buffers: shared hit=33960 read=7505
                                             ->  Nested Loop  (cost=8151.26..380211.72 rows=164 width=16) (actual time=22.530..476.542 rows=8904 loops=1)
                                                   Buffers: shared hit=33959 read=7505
                                                   ->  Bitmap Heap Scan on movie_info mi1  (cost=8150.83..378736.53 rows=175 width=8) (actual time=22.489..195.921 rows=8960 loops=1)
                                                         Recheck Cond: (info_type_id = 1)
                                                         Filter: ((info)::text = ANY ('{141,43,74,Canada:30,USA:111,USA:25,USA:27,USA:76,USA:96}'::text[]))
                                                         Rows Removed by Filter: 793180
                                                         Heap Blocks: exact=4993
                                                         Buffers: shared hit=410 read=5214
                                                         ->  Bitmap Index Scan on info_type_id_movie_info  (cost=0.00..8150.77 rows=762444 width=0) (actual time=21.593..21.594 rows=802140 loops=1)
                                                               Index Cond: (info_type_id = 1)
                                                               Buffers: shared hit=1 read=630
                                                   ->  Index Scan using title_pkey on title t  (cost=0.43..8.43 rows=1 width=8) (actual time=0.031..0.031 rows=1 loops=8960)
                                                         Index Cond: (id = mi1.movie_id)
                                                         Filter: ((production_year <= 2015) AND (production_year >= 1925))
                                                         Rows Removed by Filter: 0
                                                         Buffers: shared hit=33549 read=2291
                                             ->  Hash  (cost=1.10..1.10 rows=4 width=4) (actual time=0.015..0.016 rows=4 loops=1)
                                                   Buckets: 1024  Batches: 1  Memory Usage: 9kB
                                                   Buffers: shared hit=1
                                                   ->  Seq Scan on kind_type kt  (cost=0.00..1.10 rows=4 width=4) (actual time=0.009..0.010 rows=4 loops=1)
                                                         Filter: ((kind)::text = ANY ('{episode,movie,"tv movie","video movie"}'::text[]))
                                                         Rows Removed by Filter: 3
                                                         Buffers: shared hit=1
                                       ->  Index Scan using movie_id_movie_info on movie_info mi2  (cost=0.43..42.76 rows=1 width=8) (actual time=0.103..0.104 rows=0 loops=8169)
                                             Index Cond: (movie_id = t.id)
                                             Filter: ((info_type_id = 18) AND ((info)::text = ANY ('{"Barcelona, CataluÃ±a, Spain","Boston, Massachusetts, USA","Budapest, Hungary","Buenos Aires, Federal District, Argentina","Detroit, Michigan, USA","Dublin, County Dublin, Ireland","Houston, Texas, USA","Long Beach, California, USA","Madrid, Spain","Samuel Goldwyn Studios - 7200 Santa Monica Boulevard, West Hollywood, California, USA","San Diego, California, USA","Stage 17, Warner Brothers Burbank Studios - 4000 Warner Boulevard, Burbank, California, USA","Winnipeg, Manitoba, Canada"}'::text[])))
                                             Rows Removed by Filter: 15
                                             Buffers: shared hit=64855 read=30300
                                 ->  Seq Scan on info_type it1  (cost=0.00..2.41 rows=1 width=4) (actual time=0.006..0.012 rows=1 loops=123)
                                       Filter: (id = 1)
                                       Rows Removed by Filter: 112
                                       Buffers: shared hit=123
                           ->  Seq Scan on info_type it2  (cost=0.00..2.41 rows=1 width=4) (actual time=0.005..0.011 rows=1 loops=123)
                                 Filter: (id = 18)
                                 Rows Removed by Filter: 112
                                 Buffers: shared hit=123
                     ->  Index Scan using movie_id_cast_info on cast_info ci  (cost=0.44..43.28 rows=38 width=12) (actual time=0.057..0.429 rows=36 loops=123)
                           Index Cond: (movie_id = t.id)
                           Buffers: shared hit=1413 read=3311
               ->  Hash  (cost=1.17..1.17 rows=3 width=4) (actual time=0.029..0.029 rows=3 loops=1)
                     Buckets: 1024  Batches: 1  Memory Usage: 9kB
                     Buffers: shared hit=1
                     ->  Seq Scan on role_type rt  (cost=0.00..1.17 rows=3 width=4) (actual time=0.021..0.023 rows=3 loops=1)
                           Filter: ((role)::text = ANY ('{editor,"production designer",writer}'::text[]))
                           Rows Removed by Filter: 9
                           Buffers: shared hit=1
         ->  Index Scan using name_pkey on name n  (cost=0.43..2.32 rows=1 width=4) (actual time=0.039..0.039 rows=0 loops=386)
               Index Cond: (id = ci.person_id)
               Filter: (gender IS NULL)
               Rows Removed by Filter: 1
               Buffers: shared hit=1122 read=422
 Planning:
   Buffers: shared hit=576 read=1
 Planning Time: 11.333 ms
 Execution Time: 1408.374 ms
(73 rows)

