                                                                                                                                                               QUERY PLAN                                                                                                                                                               
----------------------------------------------------------------------------------------------------------------------------------------------------------------------------------------------------------------------------------------------------------------------------------------------------------------------------------------
 Aggregate  (cost=343479.16..343479.17 rows=1 width=8) (actual time=910.658..910.664 rows=1 loops=1)
   Buffers: shared hit=54986 read=35284
   ->  Nested Loop  (cost=3725.49..343479.15 rows=2 width=0) (actual time=13.599..910.426 rows=1370 loops=1)
         Buffers: shared hit=54986 read=35284
         ->  Hash Join  (cost=3725.06..343469.88 rows=4 width=4) (actual time=13.559..825.152 rows=2680 loops=1)
               Hash Cond: (ci.role_id = rt.id)
               Buffers: shared hit=45840 read=33710
               ->  Nested Loop  (cost=3723.86..343468.63 rows=14 width=8) (actual time=13.155..820.891 rows=36156 loops=1)
                     Buffers: shared hit=45839 read=33710
                     ->  Nested Loop  (cost=3723.42..343423.77 rows=1 width=12) (actual time=13.115..471.252 rows=1280 loops=1)
                           Buffers: shared hit=15114 read=24846
                           ->  Nested Loop  (cost=3723.42..343421.35 rows=1 width=16) (actual time=13.110..454.766 rows=1280 loops=1)
                                 Buffers: shared hit=13834 read=24846
                                 ->  Nested Loop  (cost=3723.42..343418.92 rows=1 width=20) (actual time=13.091..432.160 rows=1280 loops=1)
                                       Buffers: shared hit=12555 read=24845
                                       ->  Nested Loop  (cost=3722.99..343375.65 rows=1 width=12) (actual time=13.045..275.434 rows=1279 loops=1)
                                             Buffers: shared hit=6814 read=14300
                                             ->  Nested Loop  (cost=3722.85..343375.17 rows=3 width=16) (actual time=13.029..259.713 rows=1279 loops=1)
                                                   Buffers: shared hit=4256 read=14300
                                                   ->  Bitmap Heap Scan on movie_info mi2  (cost=3722.42..343223.03 rows=18 width=8) (actual time=12.662..192.796 rows=1835 loops=1)
                                                         Recheck Cond: (info_type_id = 17)
                                                         Filter: ((info)::text = ANY ('{"Last show of the series.","One of over 700 Paramount Productions, filmed between 1929 and 1949, which were sold to MCA/Universal in 1958 for television distribution, and have been owned and controlled by Universal ever since."}'::text[]))
                                                         Rows Removed by Filter: 366383
                                                         Heap Blocks: exact=10925
                                                         Buffers: shared hit=36 read=11180
                                                         ->  Bitmap Index Scan on info_type_id_movie_info  (cost=0.00..3722.42 rows=347998 width=0) (actual time=11.126..11.126 rows=368218 loops=1)
                                                               Index Cond: (info_type_id = 17)
                                                               Buffers: shared read=291
                                                   ->  Index Scan using title_pkey on title t  (cost=0.43..8.45 rows=1 width=8) (actual time=0.036..0.036 rows=1 loops=1835)
                                                         Index Cond: (id = mi2.movie_id)
                                                         Filter: ((production_year <= 1975) AND (production_year >= 1925))
                                                         Rows Removed by Filter: 0
                                                         Buffers: shared hit=4220 read=3120
                                             ->  Index Scan using kind_type_pkey on kind_type kt  (cost=0.13..0.16 rows=1 width=4) (actual time=0.012..0.012 rows=1 loops=1279)
                                                   Index Cond: (id = t.kind_id)
                                                   Filter: ((kind)::text = ANY ('{episode,movie,"tv series","video game"}'::text[]))
                                                   Buffers: shared hit=2558
                                       ->  Index Scan using movie_id_movie_info on movie_info mi1  (cost=0.43..43.27 rows=1 width=8) (actual time=0.055..0.122 rows=1 loops=1279)
                                             Index Cond: (movie_id = t.id)
                                             Filter: ((info_type_id = 6) AND ((info)::text = ANY ('{"70 mm 6-Track","DTS 70 mm",DTS,"Dolby Digital",Dolby,Mono,Silent}'::text[])))
                                             Rows Removed by Filter: 16
                                             Buffers: shared hit=5741 read=10545
                                 ->  Seq Scan on info_type it1  (cost=0.00..2.41 rows=1 width=4) (actual time=0.012..0.016 rows=1 loops=1280)
                                       Filter: (id = 6)
                                       Rows Removed by Filter: 112
                                       Buffers: shared hit=1279 read=1
                           ->  Seq Scan on info_type it2  (cost=0.00..2.41 rows=1 width=4) (actual time=0.007..0.012 rows=1 loops=1280)
                                 Filter: (id = 17)
                                 Rows Removed by Filter: 112
                                 Buffers: shared hit=1280
                     ->  Index Scan using movie_id_cast_info on cast_info ci  (cost=0.44..44.48 rows=38 width=12) (actual time=0.036..0.268 rows=28 loops=1280)
                           Index Cond: (movie_id = t.id)
                           Buffers: shared hit=30725 read=8864
               ->  Hash  (cost=1.17..1.17 rows=3 width=4) (actual time=0.028..0.029 rows=3 loops=1)
                     Buckets: 1024  Batches: 1  Memory Usage: 9kB
                     Buffers: shared hit=1
                     ->  Seq Scan on role_type rt  (cost=0.00..1.17 rows=3 width=4) (actual time=0.021..0.022 rows=3 loops=1)
                           Filter: ((role)::text = ANY ('{cinematographer,composer,director}'::text[]))
                           Rows Removed by Filter: 9
                           Buffers: shared hit=1
         ->  Index Scan using name_pkey on name n  (cost=0.43..2.32 rows=1 width=4) (actual time=0.031..0.031 rows=1 loops=2680)
               Index Cond: (id = ci.person_id)
               Filter: (((gender)::text = 'f'::text) OR (gender IS NULL))
               Rows Removed by Filter: 0
               Buffers: shared hit=9146 read=1574
 Planning:
   Buffers: shared hit=486 read=88
 Planning Time: 10.136 ms
 Execution Time: 911.050 ms
(69 rows)

