                                                                                             QUERY PLAN                                                                                              
-----------------------------------------------------------------------------------------------------------------------------------------------------------------------------------------------------
 Aggregate  (cost=410135.79..410135.80 rows=1 width=8) (actual time=2259.489..2259.497 rows=1 loops=1)
   Buffers: shared hit=158301 read=61559
   ->  Nested Loop  (cost=8154.96..410135.78 rows=3 width=0) (actual time=64.939..2259.096 rows=1646 loops=1)
         Buffers: shared hit=158301 read=61559
         ->  Hash Join  (cost=8154.53..410121.86 rows=6 width=4) (actual time=25.811..1860.628 rows=12220 loops=1)
               Hash Cond: (ci.role_id = rt.id)
               Buffers: shared hit=113471 read=57509
               ->  Nested Loop  (cost=8153.28..410120.56 rows=14 width=8) (actual time=25.743..1853.261 rows=41181 loops=1)
                     Buffers: shared hit=113470 read=57509
                     ->  Nested Loop  (cost=8152.84..410075.70 rows=1 width=12) (actual time=25.715..1432.943 rows=1331 loops=1)
                           Buffers: shared hit=82563 read=44016
                           ->  Nested Loop  (cost=8152.84..410073.28 rows=1 width=16) (actual time=25.710..1411.187 rows=1331 loops=1)
                                 Buffers: shared hit=81232 read=44016
                                 ->  Nested Loop  (cost=8152.84..410070.86 rows=1 width=20) (actual time=25.688..1384.921 rows=1331 loops=1)
                                       Buffers: shared hit=79901 read=44016
                                       ->  Hash Join  (cost=8152.40..409552.78 rows=12 width=12) (actual time=24.655..887.714 rows=4194 loops=1)
                                             Hash Cond: (t.kind_id = kt.id)
                                             Buffers: shared hit=53882 read=18231
                                             ->  Nested Loop  (cost=8151.22..409551.54 rows=17 width=16) (actual time=24.617..885.709 rows=5337 loops=1)
                                                   Buffers: shared hit=53881 read=18231
                                                   ->  Bitmap Heap Scan on movie_info mi2  (cost=8150.79..408562.59 rows=117 width=8) (actual time=24.573..365.551 rows=16622 loops=1)
                                                         Recheck Cond: (info_type_id = 1)
                                                         Filter: ((info)::text = ANY ('{106,25,63,76,77,87}'::text[]))
                                                         Rows Removed by Filter: 785518
                                                         Heap Blocks: exact=4993
                                                         Buffers: shared hit=830 read=4794
                                                         ->  Bitmap Index Scan on info_type_id_movie_info  (cost=0.00..8150.77 rows=762444 width=0) (actual time=23.757..23.757 rows=802140 loops=1)
                                                               Index Cond: (info_type_id = 1)
                                                               Buffers: shared hit=1 read=630
                                                   ->  Index Scan using title_pkey on title t  (cost=0.43..8.45 rows=1 width=8) (actual time=0.031..0.031 rows=0 loops=16622)
                                                         Index Cond: (id = mi2.movie_id)
                                                         Filter: ((production_year <= 1975) AND (production_year >= 1925))
                                                         Rows Removed by Filter: 1
                                                         Buffers: shared hit=53051 read=13437
                                             ->  Hash  (cost=1.11..1.11 rows=5 width=4) (actual time=0.017..0.018 rows=5 loops=1)
                                                   Buckets: 1024  Batches: 1  Memory Usage: 9kB
                                                   Buffers: shared hit=1
                                                   ->  Seq Scan on kind_type kt  (cost=0.00..1.11 rows=5 width=4) (actual time=0.011..0.013 rows=5 loops=1)
                                                         Filter: ((kind)::text = ANY ('{movie,"tv movie","tv series","video game","video movie"}'::text[]))
                                                         Rows Removed by Filter: 2
                                                         Buffers: shared hit=1
                                       ->  Index Scan using movie_id_movie_info on movie_info mi1  (cost=0.43..43.16 rows=1 width=8) (actual time=0.118..0.118 rows=0 loops=4194)
                                             Index Cond: (movie_id = t.id)
                                             Filter: ((info_type_id = 3) AND ((info)::text = ANY ('{Adult,Comedy,Game-Show,Music,Sci-Fi}'::text[])))
                                             Rows Removed by Filter: 17
                                             Buffers: shared hit=26019 read=25785
                                 ->  Seq Scan on info_type it1  (cost=0.00..2.41 rows=1 width=4) (actual time=0.011..0.018 rows=1 loops=1331)
                                       Filter: (id = 3)
                                       Rows Removed by Filter: 112
                                       Buffers: shared hit=1331
                           ->  Seq Scan on info_type it2  (cost=0.00..2.41 rows=1 width=4) (actual time=0.008..0.015 rows=1 loops=1331)
                                 Filter: (id = 1)
                                 Rows Removed by Filter: 112
                                 Buffers: shared hit=1331
                     ->  Index Scan using movie_id_cast_info on cast_info ci  (cost=0.44..44.48 rows=38 width=12) (actual time=0.037..0.309 rows=31 loops=1331)
                           Index Cond: (movie_id = t.id)
                           Buffers: shared hit=30907 read=13493
               ->  Hash  (cost=1.20..1.20 rows=5 width=4) (actual time=0.035..0.036 rows=5 loops=1)
                     Buckets: 1024  Batches: 1  Memory Usage: 9kB
                     Buffers: shared hit=1
                     ->  Seq Scan on role_type rt  (cost=0.00..1.20 rows=5 width=4) (actual time=0.025..0.029 rows=5 loops=1)
                           Filter: ((role)::text = ANY ('{actress,composer,director,editor,guest}'::text[]))
                           Rows Removed by Filter: 7
                           Buffers: shared hit=1
         ->  Index Scan using name_pkey on name n  (cost=0.43..2.32 rows=1 width=4) (actual time=0.032..0.032 rows=0 loops=12220)
               Index Cond: (id = ci.person_id)
               Filter: ((gender)::text = 'm'::text)
               Rows Removed by Filter: 1
               Buffers: shared hit=44830 read=4050
 Planning:
   Buffers: shared hit=574
 Planning Time: 13.643 ms
 Execution Time: 2259.984 ms
(73 rows)

