                                                                                                                                  QUERY PLAN                                                                                                                                  
------------------------------------------------------------------------------------------------------------------------------------------------------------------------------------------------------------------------------------------------------------------------------
 Aggregate  (cost=450100.34..450100.35 rows=1 width=8) (actual time=2480.150..2480.156 rows=1 loops=1)
   Buffers: shared hit=196114 read=39167
   ->  Nested Loop  (cost=13059.81..450100.34 rows=1 width=0) (actual time=411.259..2480.135 rows=34 loops=1)
         Buffers: shared hit=196114 read=39167
         ->  Hash Join  (cost=13059.38..450095.70 rows=2 width=4) (actual time=411.213..2479.317 rows=36 loops=1)
               Hash Cond: (ci.role_id = rt.id)
               Buffers: shared hit=195991 read=39146
               ->  Nested Loop  (cost=13058.20..450094.48 rows=14 width=8) (actual time=410.988..2479.129 rows=676 loops=1)
                     Buffers: shared hit=195990 read=39146
                     ->  Nested Loop  (cost=13057.76..450050.82 rows=1 width=12) (actual time=410.926..2470.278 rows=21 loops=1)
                           Buffers: shared hit=195538 read=38866
                           ->  Nested Loop  (cost=13057.76..450048.39 rows=1 width=16) (actual time=410.919..2469.947 rows=21 loops=1)
                                 Buffers: shared hit=195517 read=38866
                                 ->  Nested Loop  (cost=13057.76..450045.97 rows=1 width=20) (actual time=410.895..2469.535 rows=21 loops=1)
                                       Buffers: shared hit=195496 read=38866
                                       ->  Hash Join  (cost=13057.29..409941.53 rows=947 width=12) (actual time=37.039..1084.403 rows=15940 loops=1)
                                             Hash Cond: (t.kind_id = kt.id)
                                             Buffers: shared hit=61396 read=14801
                                             ->  Nested Loop  (cost=13056.09..409935.67 rows=1105 width=16) (actual time=36.990..1077.945 rows=15940 loops=1)
                                                   Buffers: shared hit=61395 read=14801
                                                   ->  Bitmap Heap Scan on movie_info mi2  (cost=13055.66..400296.36 rows=1183 width=8) (actual time=36.948..508.200 rows=16696 loops=1)
                                                         Recheck Cond: (info_type_id = 4)
                                                         Filter: ((info)::text = ANY ('{Armenian,Cantonese,Danish,Lithuanian,Marathi}'::text[]))
                                                         Rows Removed by Filter: 1282293
                                                         Heap Blocks: exact=8393
                                                         Buffers: shared hit=3135 read=6277
                                                         ->  Bitmap Index Scan on info_type_id_movie_info  (cost=0.00..13055.37 rows=1221191 width=0) (actual time=34.658..34.658 rows=1298989 loops=1)
                                                               Index Cond: (info_type_id = 4)
                                                               Buffers: shared read=1019
                                                   ->  Index Scan using title_pkey on title t  (cost=0.43..8.15 rows=1 width=8) (actual time=0.034..0.034 rows=1 loops=16696)
                                                         Index Cond: (id = mi2.movie_id)
                                                         Filter: ((production_year <= 2015) AND (production_year >= 1925))
                                                         Rows Removed by Filter: 0
                                                         Buffers: shared hit=58260 read=8524
                                             ->  Hash  (cost=1.12..1.12 rows=6 width=4) (actual time=0.023..0.024 rows=6 loops=1)
                                                   Buckets: 1024  Batches: 1  Memory Usage: 9kB
                                                   Buffers: shared hit=1
                                                   ->  Seq Scan on kind_type kt  (cost=0.00..1.12 rows=6 width=4) (actual time=0.010..0.012 rows=6 loops=1)
                                                         Filter: ((kind)::text = ANY ('{episode,movie,"tv movie","tv series","video game","video movie"}'::text[]))
                                                         Rows Removed by Filter: 1
                                                         Buffers: shared hit=1
                                       ->  Index Scan using movie_id_movie_info on movie_info mi1  (cost=0.47..42.34 rows=1 width=8) (actual time=0.086..0.086 rows=0 loops=15940)
                                             Index Cond: (movie_id = t.id)
                                             Filter: ((info_type_id = 16) AND ((info)::text = ANY ('{Nigeria:2007,Nigeria:2008,USA:1954,USA:1989,USA:1994,USA:2000,USA:2001,USA:2002,USA:2003,USA:2005,USA:2009,USA:2010,USA:2012,"USA:June 2009","USA:May 2009"}'::text[])))
                                             Rows Removed by Filter: 11
                                             Buffers: shared hit=134100 read=24065
                                 ->  Seq Scan on info_type it1  (cost=0.00..2.41 rows=1 width=4) (actual time=0.009..0.016 rows=1 loops=21)
                                       Filter: (id = 16)
                                       Rows Removed by Filter: 112
                                       Buffers: shared hit=21
                           ->  Seq Scan on info_type it2  (cost=0.00..2.41 rows=1 width=4) (actual time=0.006..0.014 rows=1 loops=21)
                                 Filter: (id = 4)
                                 Rows Removed by Filter: 112
                                 Buffers: shared hit=21
                     ->  Index Scan using movie_id_cast_info on cast_info ci  (cost=0.44..43.28 rows=38 width=12) (actual time=0.031..0.413 rows=32 loops=21)
                           Index Cond: (movie_id = t.id)
                           Buffers: shared hit=452 read=280
               ->  Hash  (cost=1.15..1.15 rows=2 width=4) (actual time=0.039..0.040 rows=2 loops=1)
                     Buckets: 1024  Batches: 1  Memory Usage: 9kB
                     Buffers: shared hit=1
                     ->  Seq Scan on role_type rt  (cost=0.00..1.15 rows=2 width=4) (actual time=0.029..0.031 rows=2 loops=1)
                           Filter: ((role)::text = ANY ('{composer,"costume designer"}'::text[]))
                           Rows Removed by Filter: 10
                           Buffers: shared hit=1
         ->  Index Scan using name_pkey on name n  (cost=0.43..2.32 rows=1 width=4) (actual time=0.022..0.022 rows=1 loops=36)
               Index Cond: (id = ci.person_id)
               Filter: (((gender)::text = 'm'::text) OR (gender IS NULL))
               Rows Removed by Filter: 0
               Buffers: shared hit=123 read=21
 Planning:
   Buffers: shared hit=486 read=91
 Planning Time: 13.471 ms
 Execution Time: 2480.733 ms
(73 rows)

