                                                                                                                                                              QUERY PLAN                                                                                                                                                              
--------------------------------------------------------------------------------------------------------------------------------------------------------------------------------------------------------------------------------------------------------------------------------------------------------------------------------------
 Aggregate  (cost=432062.25..432062.26 rows=1 width=8) (actual time=898.028..898.033 rows=1 loops=1)
   Buffers: shared hit=24244 read=25189
   ->  Nested Loop  (cost=32182.76..432062.24 rows=3 width=0) (actual time=479.900..898.007 rows=87 loops=1)
         Buffers: shared hit=24244 read=25189
         ->  Hash Join  (cost=32182.33..432048.32 rows=6 width=4) (actual time=479.535..886.693 rows=609 loops=1)
               Hash Cond: (ci.role_id = rt.id)
               Buffers: shared hit=22717 read=24280
               ->  Nested Loop  (cost=32181.07..432047.02 rows=14 width=8) (actual time=479.458..886.437 rows=1027 loops=1)
                     Buffers: shared hit=22716 read=24280
                     ->  Nested Loop  (cost=32180.63..432002.46 rows=1 width=12) (actual time=479.420..876.007 rows=100 loops=1)
                           Buffers: shared hit=22301 read=23383
                           ->  Nested Loop  (cost=32180.63..432000.04 rows=1 width=16) (actual time=479.413..875.085 rows=100 loops=1)
                                 Buffers: shared hit=22201 read=23383
                                 ->  Nested Loop  (cost=32180.63..431997.62 rows=1 width=20) (actual time=479.395..874.070 rows=100 loops=1)
                                       Buffers: shared hit=22101 read=23383
                                       ->  Hash Join  (cost=32180.16..429420.49 rows=60 width=12) (actual time=93.776..800.883 rows=1274 loops=1)
                                             Hash Cond: (t.kind_id = kt.id)
                                             Buffers: shared hit=11650 read=21300
                                             ->  Nested Loop  (cost=32178.96..429419.00 rows=69 width=16) (actual time=93.731..800.471 rows=1274 loops=1)
                                                   Buffers: shared hit=11649 read=21300
                                                   ->  Bitmap Heap Scan on movie_info mi2  (cost=32178.53..426213.24 rows=384 width=8) (actual time=93.689..772.920 rows=1274 loops=1)
                                                         Recheck Cond: (info_type_id = 16)
                                                         Filter: ((info)::text = ANY ('{France:1908,France:1911,France:1912,Italy:1907,USA:1956}'::text[]))
                                                         Rows Removed by Filter: 3035445
                                                         Heap Blocks: exact=25474
                                                         Buffers: shared hit=7227 read=20626
                                                         ->  Bitmap Index Scan on info_type_id_movie_info  (cost=0.00..32178.44 rows=3010400 width=0) (actual time=79.425..79.426 rows=3036719 loops=1)
                                                               Index Cond: (info_type_id = 16)
                                                               Buffers: shared hit=1 read=2378
                                                   ->  Index Scan using title_pkey on title t  (cost=0.43..8.35 rows=1 width=8) (actual time=0.021..0.021 rows=1 loops=1274)
                                                         Index Cond: (id = mi2.movie_id)
                                                         Filter: ((production_year <= 1975) AND (production_year >= 1875))
                                                         Buffers: shared hit=4422 read=674
                                             ->  Hash  (cost=1.12..1.12 rows=6 width=4) (actual time=0.020..0.021 rows=6 loops=1)
                                                   Buckets: 1024  Batches: 1  Memory Usage: 9kB
                                                   Buffers: shared hit=1
                                                   ->  Seq Scan on kind_type kt  (cost=0.00..1.12 rows=6 width=4) (actual time=0.010..0.013 rows=6 loops=1)
                                                         Filter: ((kind)::text = ANY ('{episode,movie,"tv movie","tv series","video game","video movie"}'::text[]))
                                                         Rows Removed by Filter: 1
                                                         Buffers: shared hit=1
                                       ->  Index Scan using movie_id_movie_info on movie_info mi1  (cost=0.47..42.94 rows=1 width=8) (actual time=0.055..0.057 rows=0 loops=1274)
                                             Index Cond: (movie_id = t.id)
                                             Filter: ((info_type_id = 7) AND ((info)::text = ANY ('{"LAB:Technicolor, Hollywood (CA), USA","MET:140 m","MET:180 m","MET:250 m","MET:305 m","MET:6000 m","OFM:16 mm",OFM:Video,PCS:SuperScope,PCS:Techniscope,"RAT:1.37 : 1","RAT:1.66 : 1","RAT:1.75 : 1","RAT:2.00 : 1"}'::text[])))
                                             Rows Removed by Filter: 11
                                             Buffers: shared hit=10451 read=2083
                                 ->  Seq Scan on info_type it1  (cost=0.00..2.41 rows=1 width=4) (actual time=0.004..0.009 rows=1 loops=100)
                                       Filter: (id = 7)
                                       Rows Removed by Filter: 112
                                       Buffers: shared hit=100
                           ->  Seq Scan on info_type it2  (cost=0.00..2.41 rows=1 width=4) (actual time=0.004..0.008 rows=1 loops=100)
                                 Filter: (id = 16)
                                 Rows Removed by Filter: 112
                                 Buffers: shared hit=100
                     ->  Index Scan using movie_id_cast_info on cast_info ci  (cost=0.44..44.17 rows=38 width=12) (actual time=0.019..0.102 rows=10 loops=100)
                           Index Cond: (movie_id = t.id)
                           Buffers: shared hit=415 read=897
               ->  Hash  (cost=1.20..1.20 rows=5 width=4) (actual time=0.050..0.050 rows=5 loops=1)
                     Buckets: 1024  Batches: 1  Memory Usage: 9kB
                     Buffers: shared hit=1
                     ->  Seq Scan on role_type rt  (cost=0.00..1.20 rows=5 width=4) (actual time=0.026..0.031 rows=5 loops=1)
                           Filter: ((role)::text = ANY ('{actor,"costume designer",director,"miscellaneous crew",producer}'::text[]))
                           Rows Removed by Filter: 7
                           Buffers: shared hit=1
         ->  Index Scan using name_pkey on name n  (cost=0.43..2.32 rows=1 width=4) (actual time=0.018..0.018 rows=0 loops=609)
               Index Cond: (id = ci.person_id)
               Filter: (((gender)::text = 'f'::text) OR (gender IS NULL))
               Rows Removed by Filter: 1
               Buffers: shared hit=1527 read=909
 Planning:
   Buffers: shared hit=577
 Planning Time: 12.784 ms
 Execution Time: 898.713 ms
(72 rows)

