                                                                                                                                                                                                                                                                                                                                                                                                                                                            QUERY PLAN                                                                                                                                                                                                                                                                                                                                                                                                                                                             
-----------------------------------------------------------------------------------------------------------------------------------------------------------------------------------------------------------------------------------------------------------------------------------------------------------------------------------------------------------------------------------------------------------------------------------------------------------------------------------------------------------------------------------------------------------------------------------------------------------------------------------------------------------------------------------------------------------------------------------------------------------------------------------------------------------------------------------------------------------------------------------------------------------------------------------
 Aggregate  (cost=380459.98..380459.99 rows=1 width=8) (actual time=3789.326..3789.334 rows=1 loops=1)
   Buffers: shared hit=234792 read=35976
   ->  Nested Loop  (cost=7081.92..380459.98 rows=3 width=0) (actual time=35.106..3788.731 rows=2340 loops=1)
         Buffers: shared hit=234792 read=35976
         ->  Hash Join  (cost=7081.49..380446.06 rows=6 width=4) (actual time=35.056..3420.319 rows=6800 loops=1)
               Hash Cond: (ci.role_id = rt.id)
               Buffers: shared hit=208439 read=35129
               ->  Nested Loop  (cost=7080.24..380444.75 rows=14 width=8) (actual time=34.948..3406.620 rows=67827 loops=1)
                     Buffers: shared hit=208438 read=35129
                     ->  Nested Loop  (cost=7079.80..380400.39 rows=1 width=12) (actual time=34.900..2419.237 rows=3049 loops=1)
                           Buffers: shared hit=142080 read=24996
                           ->  Nested Loop  (cost=7079.80..380397.97 rows=1 width=16) (actual time=34.895..2346.912 rows=3049 loops=1)
                                 Buffers: shared hit=139031 read=24996
                                 ->  Nested Loop  (cost=7079.80..380395.55 rows=1 width=20) (actual time=34.869..2277.949 rows=3049 loops=1)
                                       Buffers: shared hit=135982 read=24996
                                       ->  Hash Join  (cost=7079.36..379008.34 rows=32 width=12) (actual time=24.162..1287.862 rows=7075 loops=1)
                                             Hash Cond: (t.kind_id = kt.id)
                                             Buffers: shared hit=62237 read=19724
                                             ->  Nested Loop  (cost=7078.19..379006.98 rows=44 width=16) (actual time=24.121..1283.346 rows=9294 loops=1)
                                                   Buffers: shared hit=62236 read=19724
                                                   ->  Bitmap Heap Scan on movie_info mi1  (cost=7077.76..377307.58 rows=202 width=8) (actual time=22.838..285.909 rows=18617 loops=1)
                                                         Recheck Cond: (info_type_id = 18)
                                                         Filter: ((info)::text = ANY ('{"Barcelona, Cataluña, Spain","Bavaria Filmstudios, Geiselgasteig, Grünwald, Bavaria, Germany","Berlin, Germany","Desilu Studios - 9336 W. Washington Blvd., Culver City, California, USA","Montréal, Québec, Canada","Rome, Lazio, Italy","Stage 11, 20th Century Fox Studios - 10201 Pico Blvd., Century City, Los Angeles, California, USA","Stage 17, Paramount Studios - 5555 Melrose Avenue, Hollywood, Los Angeles, California, USA","Stage 19, Warner Brothers Burbank Studios - 4000 Warner Boulevard, Burbank, California, USA","Stage 22, Warner Brothers Burbank Studios - 4000 Warner Boulevard, Burbank, California, USA","Stage 25, Warner Brothers Burbank Studios - 4000 Warner Boulevard, Burbank, California, USA","Stage 41, Universal Studios - 100 Universal City Plaza, Universal City, California, USA"}'::text[]))
                                                         Rows Removed by Filter: 642306
                                                         Heap Blocks: exact=6972
                                                         Buffers: shared hit=1220 read=6272
                                                         ->  Bitmap Index Scan on info_type_id_movie_info  (cost=0.00..7077.68 rows=662032 width=0) (actual time=21.928..21.928 rows=660923 loops=1)
                                                               Index Cond: (info_type_id = 18)
                                                               Buffers: shared read=520
                                                   ->  Index Scan using title_pkey on title t  (cost=0.43..8.41 rows=1 width=8) (actual time=0.053..0.053 rows=0 loops=18617)
                                                         Index Cond: (id = mi1.movie_id)
                                                         Filter: ((production_year <= 1990) AND (production_year >= 1950))
                                                         Rows Removed by Filter: 1
                                                         Buffers: shared hit=61016 read=13452
                                             ->  Hash  (cost=1.11..1.11 rows=5 width=4) (actual time=0.022..0.023 rows=5 loops=1)
                                                   Buckets: 1024  Batches: 1  Memory Usage: 9kB
                                                   Buffers: shared hit=1
                                                   ->  Seq Scan on kind_type kt  (cost=0.00..1.11 rows=5 width=4) (actual time=0.008..0.011 rows=5 loops=1)
                                                         Filter: ((kind)::text = ANY ('{episode,"tv movie","tv series","video game","video movie"}'::text[]))
                                                         Rows Removed by Filter: 2
                                                         Buffers: shared hit=1
                                       ->  Index Scan using movie_id_movie_info on movie_info mi2  (cost=0.43..43.34 rows=1 width=8) (actual time=0.110..0.139 rows=0 loops=7075)
                                             Index Cond: (movie_id = t.id)
                                             Filter: ((info_type_id = 1) AND ((info)::text = ANY ('{101,108,110,111,49,60,90,91,97,98,Argentina:60,USA:100,USA:30,USA:60,USA:90}'::text[])))
                                             Rows Removed by Filter: 12
                                             Buffers: shared hit=73745 read=5272
                                 ->  Seq Scan on info_type it1  (cost=0.00..2.41 rows=1 width=4) (actual time=0.012..0.021 rows=1 loops=3049)
                                       Filter: (id = 18)
                                       Rows Removed by Filter: 112
                                       Buffers: shared hit=3049
                           ->  Seq Scan on info_type it2  (cost=0.00..2.41 rows=1 width=4) (actual time=0.012..0.022 rows=1 loops=3049)
                                 Filter: (id = 1)
                                 Rows Removed by Filter: 112
                                 Buffers: shared hit=3049
                     ->  Index Scan using movie_id_cast_info on cast_info ci  (cost=0.44..43.98 rows=38 width=12) (actual time=0.054..0.317 rows=22 loops=3049)
                           Index Cond: (movie_id = t.id)
                           Buffers: shared hit=66358 read=10133
               ->  Hash  (cost=1.20..1.20 rows=5 width=4) (actual time=0.030..0.031 rows=5 loops=1)
                     Buckets: 1024  Batches: 1  Memory Usage: 9kB
                     Buffers: shared hit=1
                     ->  Seq Scan on role_type rt  (cost=0.00..1.20 rows=5 width=4) (actual time=0.021..0.025 rows=5 loops=1)
                           Filter: ((role)::text = ANY ('{composer,"costume designer",guest,"miscellaneous crew","production designer"}'::text[]))
                           Rows Removed by Filter: 7
                           Buffers: shared hit=1
         ->  Index Scan using name_pkey on name n  (cost=0.43..2.32 rows=1 width=4) (actual time=0.054..0.054 rows=0 loops=6800)
               Index Cond: (id = ci.person_id)
               Filter: ((gender)::text = 'm'::text)
               Rows Removed by Filter: 1
               Buffers: shared hit=26353 read=847
 Planning:
   Buffers: shared hit=485 read=92
 Planning Time: 17.576 ms
 Execution Time: 3789.839 ms
(73 rows)

