                                                                                                                                                       QUERY PLAN                                                                                                                                                       
------------------------------------------------------------------------------------------------------------------------------------------------------------------------------------------------------------------------------------------------------------------------------------------------------------------------
 Aggregate  (cost=382233.23..382233.24 rows=1 width=8) (actual time=6635.844..6635.852 rows=1 loops=1)
   Buffers: shared hit=420016 read=123618
   ->  Nested Loop  (cost=4697.63..382233.23 rows=1 width=0) (actual time=134.724..6635.652 rows=200 loops=1)
         Buffers: shared hit=420016 read=123618
         ->  Hash Join  (cost=4697.20..382230.91 rows=1 width=4) (actual time=45.397..6566.525 rows=1434 loops=1)
               Hash Cond: (ci.role_id = rt.id)
               Buffers: shared hit=414791 read=123107
               ->  Nested Loop  (cost=4696.03..382229.70 rows=14 width=8) (actual time=23.622..6545.434 rows=129014 loops=1)
                     Buffers: shared hit=414790 read=123107
                     ->  Nested Loop  (cost=4695.59..382185.14 rows=1 width=12) (actual time=23.584..4937.093 rows=2851 loops=1)
                           Buffers: shared hit=316820 read=86232
                           ->  Nested Loop  (cost=4695.59..382182.72 rows=1 width=16) (actual time=23.576..4870.033 rows=2851 loops=1)
                                 Buffers: shared hit=313969 read=86232
                                 ->  Nested Loop  (cost=4695.59..382180.30 rows=1 width=20) (actual time=23.553..4796.461 rows=2851 loops=1)
                                       Buffers: shared hit=311118 read=86232
                                       ->  Hash Join  (cost=4695.16..378957.66 rows=75 width=12) (actual time=19.645..2289.384 rows=12837 loops=1)
                                             Hash Cond: (t.kind_id = kt.id)
                                             Buffers: shared hit=158320 read=30729
                                             ->  Nested Loop  (cost=4693.98..378956.05 rows=105 width=16) (actual time=19.616..2281.810 rows=12837 loops=1)
                                                   Buffers: shared hit=158319 read=30729
                                                   ->  Bitmap Heap Scan on movie_info mi1  (cost=4693.55..374133.14 rows=581 width=8) (actual time=19.072..460.886 rows=42369 loops=1)
                                                         Recheck Cond: (info_type_id = 5)
                                                         Filter: ((info)::text = ANY ('{Australia:PG,Australia:R,Belgium:KT,Finland:(Banned),France:-12,France:-16,"Germany:BPjM Restricted",Netherlands:18,Norway:18,"South Korea:15","South Korea:All",UK:X,"USA:Not Rated",USA:TV-G,"West Germany:o.Al."}'::text[]))
                                                         Rows Removed by Filter: 444185
                                                         Heap Blocks: exact=19164
                                                         Buffers: shared hit=1564 read=18008
                                                         ->  Bitmap Index Scan on info_type_id_movie_info  (cost=0.00..4693.37 rows=439058 width=0) (actual time=16.305..16.306 rows=486554 loops=1)
                                                               Index Cond: (info_type_id = 5)
                                                               Buffers: shared hit=1 read=407
                                                   ->  Index Scan using title_pkey on title t  (cost=0.43..8.30 rows=1 width=8) (actual time=0.042..0.042 rows=0 loops=42369)
                                                         Index Cond: (id = mi1.movie_id)
                                                         Filter: ((production_year <= 1975) AND (production_year >= 1875))
                                                         Rows Removed by Filter: 1
                                                         Buffers: shared hit=156755 read=12721
                                             ->  Hash  (cost=1.11..1.11 rows=5 width=4) (actual time=0.014..0.016 rows=5 loops=1)
                                                   Buckets: 1024  Batches: 1  Memory Usage: 9kB
                                                   Buffers: shared hit=1
                                                   ->  Seq Scan on kind_type kt  (cost=0.00..1.11 rows=5 width=4) (actual time=0.009..0.011 rows=5 loops=1)
                                                         Filter: ((kind)::text = ANY ('{episode,movie,"tv movie","tv series","video game"}'::text[]))
                                                         Rows Removed by Filter: 2
                                                         Buffers: shared hit=1
                                       ->  Index Scan using movie_id_movie_info on movie_info mi2  (cost=0.43..42.96 rows=1 width=8) (actual time=0.194..0.195 rows=0 loops=12837)
                                             Index Cond: (movie_id = t.id)
                                             Filter: ((info_type_id = 3) AND ((info)::text = ANY ('{Biography,Crime,Fantasy,Musical,Sci-Fi}'::text[])))
                                             Rows Removed by Filter: 44
                                             Buffers: shared hit=152798 read=55503
                                 ->  Seq Scan on info_type it1  (cost=0.00..2.41 rows=1 width=4) (actual time=0.015..0.023 rows=1 loops=2851)
                                       Filter: (id = 5)
                                       Rows Removed by Filter: 112
                                       Buffers: shared hit=2851
                           ->  Seq Scan on info_type it2  (cost=0.00..2.41 rows=1 width=4) (actual time=0.011..0.020 rows=1 loops=2851)
                                 Filter: (id = 3)
                                 Rows Removed by Filter: 112
                                 Buffers: shared hit=2851
                     ->  Index Scan using movie_id_cast_info on cast_info ci  (cost=0.44..44.17 rows=38 width=12) (actual time=0.045..0.552 rows=45 loops=2851)
                           Index Cond: (movie_id = t.id)
                           Buffers: shared hit=97970 read=36875
               ->  Hash  (cost=1.15..1.15 rows=1 width=4) (actual time=0.022..0.023 rows=1 loops=1)
                     Buckets: 1024  Batches: 1  Memory Usage: 9kB
                     Buffers: shared hit=1
                     ->  Seq Scan on role_type rt  (cost=0.00..1.15 rows=1 width=4) (actual time=0.017..0.018 rows=1 loops=1)
                           Filter: ((role)::text = 'costume designer'::text)
                           Rows Removed by Filter: 11
                           Buffers: shared hit=1
         ->  Index Scan using name_pkey on name n  (cost=0.43..2.32 rows=1 width=4) (actual time=0.047..0.047 rows=0 loops=1434)
               Index Cond: (id = ci.person_id)
               Filter: ((gender)::text = 'f'::text)
               Rows Removed by Filter: 1
               Buffers: shared hit=5225 read=511
 Planning:
   Buffers: shared hit=577
 Planning Time: 6.895 ms
 Execution Time: 6636.377 ms
(73 rows)

