                                                                                                QUERY PLAN                                                                                                 
-----------------------------------------------------------------------------------------------------------------------------------------------------------------------------------------------------------
 Aggregate  (cost=382478.53..382478.54 rows=1 width=8) (actual time=913.462..913.470 rows=1 loops=1)
   Buffers: shared hit=76779 read=14380
   ->  Nested Loop  (cost=8154.88..382478.52 rows=1 width=0) (actual time=109.242..913.388 rows=326 loops=1)
         Buffers: shared hit=76779 read=14380
         ->  Hash Join  (cost=8154.44..382473.89 rows=2 width=4) (actual time=109.172..877.593 rows=1024 loops=1)
               Hash Cond: (ci.role_id = rt.id)
               Buffers: shared hit=72786 read=14277
               ->  Nested Loop  (cost=8153.27..382472.66 rows=14 width=8) (actual time=108.661..875.791 rows=9363 loops=1)
                     Buffers: shared hit=72785 read=14277
                     ->  Nested Loop  (cost=8152.83..382428.93 rows=1 width=12) (actual time=108.610..771.286 rows=217 loops=1)
                           Buffers: shared hit=63885 read=13214
                           ->  Nested Loop  (cost=8152.83..382426.51 rows=1 width=16) (actual time=108.601..765.832 rows=217 loops=1)
                                 Buffers: shared hit=63668 read=13214
                                 ->  Nested Loop  (cost=8152.83..382424.09 rows=1 width=20) (actual time=108.563..757.907 rows=217 loops=1)
                                       Buffers: shared hit=63451 read=13214
                                       ->  Hash Join  (cost=8152.40..380213.36 rows=52 width=12) (actual time=25.936..402.492 rows=3746 loops=1)
                                             Hash Cond: (t.kind_id = kt.id)
                                             Buffers: shared hit=26564 read=5929
                                             ->  Nested Loop  (cost=8151.26..380211.72 rows=122 width=16) (actual time=25.743..400.984 rows=4396 loops=1)
                                                   Buffers: shared hit=26563 read=5929
                                                   ->  Bitmap Heap Scan on movie_info mi1  (cost=8150.83..378736.53 rows=175 width=8) (actual time=25.698..172.152 rows=6717 loops=1)
                                                         Recheck Cond: (info_type_id = 1)
                                                         Filter: ((info)::text = ANY ('{132,79,Argentina:30,Brazil:90,Canada:100,France:95,Germany:104,Mexico:90,UK:180}'::text[]))
                                                         Rows Removed by Filter: 795423
                                                         Heap Blocks: exact=4993
                                                         Buffers: shared hit=2830 read=2794
                                                         ->  Bitmap Index Scan on info_type_id_movie_info  (cost=0.00..8150.77 rows=762444 width=0) (actual time=24.035..24.035 rows=802140 loops=1)
                                                               Index Cond: (info_type_id = 1)
                                                               Buffers: shared read=631
                                                   ->  Index Scan using title_pkey on title t  (cost=0.43..8.43 rows=1 width=8) (actual time=0.034..0.034 rows=1 loops=6717)
                                                         Index Cond: (id = mi1.movie_id)
                                                         Filter: ((production_year <= 2015) AND (production_year >= 1990))
                                                         Rows Removed by Filter: 0
                                                         Buffers: shared hit=23733 read=3135
                                             ->  Hash  (cost=1.10..1.10 rows=3 width=4) (actual time=0.022..0.023 rows=3 loops=1)
                                                   Buckets: 1024  Batches: 1  Memory Usage: 9kB
                                                   Buffers: shared hit=1
                                                   ->  Seq Scan on kind_type kt  (cost=0.00..1.10 rows=3 width=4) (actual time=0.010..0.012 rows=3 loops=1)
                                                         Filter: ((kind)::text = ANY ('{episode,movie,"tv movie"}'::text[]))
                                                         Rows Removed by Filter: 4
                                                         Buffers: shared hit=1
                                       ->  Index Scan using movie_id_movie_info on movie_info mi2  (cost=0.43..42.50 rows=1 width=8) (actual time=0.091..0.094 rows=0 loops=3746)
                                             Index Cond: (movie_id = t.id)
                                             Filter: ((info_type_id = 16) AND ((info)::text = ANY ('{"Portugal:10 October 2005",USA:1998,USA:1999,USA:2005,USA:2009,USA:2011,"USA:April 2009"}'::text[])))
                                             Rows Removed by Filter: 16
                                             Buffers: shared hit=36887 read=7285
                                 ->  Seq Scan on info_type it1  (cost=0.00..2.41 rows=1 width=4) (actual time=0.025..0.034 rows=1 loops=217)
                                       Filter: (id = 1)
                                       Rows Removed by Filter: 112
                                       Buffers: shared hit=217
                           ->  Seq Scan on info_type it2  (cost=0.00..2.41 rows=1 width=4) (actual time=0.015..0.023 rows=1 loops=217)
                                 Filter: (id = 16)
                                 Rows Removed by Filter: 112
                                 Buffers: shared hit=217
                     ->  Index Scan using movie_id_cast_info on cast_info ci  (cost=0.44..43.35 rows=38 width=12) (actual time=0.056..0.470 rows=43 loops=217)
                           Index Cond: (movie_id = t.id)
                           Buffers: shared hit=8900 read=1063
               ->  Hash  (cost=1.15..1.15 rows=2 width=4) (actual time=0.037..0.038 rows=2 loops=1)
                     Buckets: 1024  Batches: 1  Memory Usage: 9kB
                     Buffers: shared hit=1
                     ->  Seq Scan on role_type rt  (cost=0.00..1.15 rows=2 width=4) (actual time=0.028..0.030 rows=2 loops=1)
                           Filter: ((role)::text = ANY ('{"costume designer",writer}'::text[]))
                           Rows Removed by Filter: 10
                           Buffers: shared hit=1
         ->  Index Scan using name_pkey on name n  (cost=0.43..2.32 rows=1 width=4) (actual time=0.034..0.034 rows=0 loops=1024)
               Index Cond: (id = ci.person_id)
               Filter: ((gender)::text = 'm'::text)
               Rows Removed by Filter: 1
               Buffers: shared hit=3993 read=103
 Planning:
   Buffers: shared hit=531 read=46
 Planning Time: 14.166 ms
 Execution Time: 913.996 ms
(73 rows)

