                                                                                                                                                               QUERY PLAN                                                                                                                                                               
----------------------------------------------------------------------------------------------------------------------------------------------------------------------------------------------------------------------------------------------------------------------------------------------------------------------------------------
 Aggregate  (cost=343564.09..343564.10 rows=1 width=8) (actual time=458.407..458.412 rows=1 loops=1)
   Buffers: shared hit=21347 read=23876
   ->  Nested Loop  (cost=3725.52..343564.09 rows=2 width=0) (actual time=15.612..458.348 rows=254 loops=1)
         Buffers: shared hit=21347 read=23876
         ->  Hash Join  (cost=3725.09..343554.81 rows=4 width=4) (actual time=15.574..440.379 rows=520 loops=1)
               Hash Cond: (ci.role_id = rt.id)
               Buffers: shared hit=19689 read=23454
               ->  Nested Loop  (cost=3723.88..343553.56 rows=14 width=8) (actual time=15.384..439.576 rows=5902 loops=1)
                     Buffers: shared hit=19688 read=23454
                     ->  Nested Loop  (cost=3723.44..343509.00 rows=1 width=12) (actual time=15.344..374.928 rows=352 loops=1)
                           Buffers: shared hit=17401 read=18849
                           ->  Nested Loop  (cost=3723.44..343506.58 rows=1 width=16) (actual time=15.339..371.041 rows=352 loops=1)
                                 Buffers: shared hit=17049 read=18849
                                 ->  Nested Loop  (cost=3723.44..343504.16 rows=1 width=20) (actual time=15.319..367.309 rows=352 loops=1)
                                       Buffers: shared hit=16697 read=18849
                                       ->  Nested Loop  (cost=3723.31..343503.99 rows=1 width=24) (actual time=15.305..362.229 rows=352 loops=1)
                                             Buffers: shared hit=15993 read=18849
                                             ->  Nested Loop  (cost=3722.85..343375.17 rows=3 width=16) (actual time=15.163..225.380 rows=1279 loops=1)
                                                   Buffers: shared hit=6102 read=12454
                                                   ->  Bitmap Heap Scan on movie_info mi2  (cost=3722.42..343223.03 rows=18 width=8) (actual time=14.778..162.177 rows=1835 loops=1)
                                                         Recheck Cond: (info_type_id = 17)
                                                         Filter: ((info)::text = ANY ('{"Last show of the series.","One of over 700 Paramount Productions, filmed between 1929 and 1949, which were sold to MCA/Universal in 1958 for television distribution, and have been owned and controlled by Universal ever since."}'::text[]))
                                                         Rows Removed by Filter: 366383
                                                         Heap Blocks: exact=10925
                                                         Buffers: shared hit=1048 read=10168
                                                         ->  Bitmap Index Scan on info_type_id_movie_info  (cost=0.00..3722.42 rows=347998 width=0) (actual time=13.241..13.242 rows=368218 loops=1)
                                                               Index Cond: (info_type_id = 17)
                                                               Buffers: shared read=291
                                                   ->  Index Scan using title_pkey on title t  (cost=0.43..8.45 rows=1 width=8) (actual time=0.034..0.034 rows=1 loops=1835)
                                                         Index Cond: (id = mi2.movie_id)
                                                         Filter: ((production_year <= 1975) AND (production_year >= 1875))
                                                         Rows Removed by Filter: 0
                                                         Buffers: shared hit=5054 read=2286
                                             ->  Index Scan using movie_id_movie_info on movie_info mi1  (cost=0.46..42.93 rows=1 width=8) (actual time=0.090..0.107 rows=0 loops=1279)
                                                   Index Cond: (movie_id = t.id)
                                                   Filter: ((info_type_id = 1) AND ((info)::text = ANY ('{115,125,133,30,67,69,81,93,95}'::text[])))
                                                   Rows Removed by Filter: 17
                                                   Buffers: shared hit=9891 read=6395
                                       ->  Index Scan using kind_type_pkey on kind_type kt  (cost=0.13..0.16 rows=1 width=4) (actual time=0.014..0.014 rows=1 loops=352)
                                             Index Cond: (id = t.kind_id)
                                             Filter: ((kind)::text = ANY ('{episode,movie,"tv movie","tv series","video game","video movie"}'::text[]))
                                             Buffers: shared hit=704
                                 ->  Seq Scan on info_type it1  (cost=0.00..2.41 rows=1 width=4) (actual time=0.005..0.009 rows=1 loops=352)
                                       Filter: (id = 1)
                                       Rows Removed by Filter: 112
                                       Buffers: shared hit=352
                           ->  Seq Scan on info_type it2  (cost=0.00..2.41 rows=1 width=4) (actual time=0.006..0.010 rows=1 loops=352)
                                 Filter: (id = 17)
                                 Rows Removed by Filter: 112
                                 Buffers: shared hit=352
                     ->  Index Scan using movie_id_cast_info on cast_info ci  (cost=0.44..44.17 rows=38 width=12) (actual time=0.037..0.181 rows=17 loops=352)
                           Index Cond: (movie_id = t.id)
                           Buffers: shared hit=2287 read=4605
               ->  Hash  (cost=1.17..1.17 rows=3 width=4) (actual time=0.036..0.036 rows=3 loops=1)
                     Buckets: 1024  Batches: 1  Memory Usage: 9kB
                     Buffers: shared hit=1
                     ->  Seq Scan on role_type rt  (cost=0.00..1.17 rows=3 width=4) (actual time=0.027..0.029 rows=3 loops=1)
                           Filter: ((role)::text = ANY ('{composer,guest,producer}'::text[]))
                           Rows Removed by Filter: 9
                           Buffers: shared hit=1
         ->  Index Scan using name_pkey on name n  (cost=0.43..2.32 rows=1 width=4) (actual time=0.034..0.034 rows=0 loops=520)
               Index Cond: (id = ci.person_id)
               Filter: (((gender)::text = 'f'::text) OR (gender IS NULL))
               Rows Removed by Filter: 1
               Buffers: shared hit=1658 read=422
 Planning:
   Buffers: shared hit=490 read=87
 Planning Time: 13.143 ms
 Execution Time: 458.890 ms
(69 rows)

