                                                                                                                                                                                                                                                       QUERY PLAN                                                                                                                                                                                                                                                        
-------------------------------------------------------------------------------------------------------------------------------------------------------------------------------------------------------------------------------------------------------------------------------------------------------------------------------------------------------------------------------------------------------------------------------------------------------------------------------------------------------------------------
 Aggregate  (cost=410334.00..410334.01 rows=1 width=8) (actual time=4500.116..4500.122 rows=1 loops=1)
   Buffers: shared hit=389411 read=74924
   ->  Nested Loop  (cost=7081.82..410333.99 rows=3 width=0) (actual time=22.780..4496.134 rows=26103 loops=1)
         Buffers: shared hit=389411 read=74924
         ->  Hash Join  (cost=7081.39..410310.82 rows=10 width=4) (actual time=22.737..3255.717 rows=37191 loops=1)
               Hash Cond: (ci.role_id = rt.id)
               Buffers: shared hit=253480 read=62091
               ->  Nested Loop  (cost=7080.16..410309.50 rows=29 width=8) (actual time=22.558..3219.968 rows=173023 loops=1)
                     Buffers: shared hit=253479 read=62091
                     ->  Nested Loop  (cost=7079.72..410222.18 rows=2 width=12) (actual time=22.526..1385.696 rows=6957 loops=1)
                           Buffers: shared hit=103170 read=21373
                           ->  Seq Scan on info_type it2  (cost=0.00..2.41 rows=1 width=4) (actual time=0.028..0.035 rows=1 loops=1)
                                 Filter: (id = 2)
                                 Rows Removed by Filter: 112
                                 Buffers: shared hit=1
                           ->  Nested Loop  (cost=7079.72..410219.74 rows=2 width=16) (actual time=22.496..1383.885 rows=6957 loops=1)
                                 Buffers: shared hit=103169 read=21373
                                 ->  Seq Scan on info_type it1  (cost=0.00..2.41 rows=1 width=4) (actual time=0.012..0.021 rows=1 loops=1)
                                       Filter: (id = 18)
                                       Rows Removed by Filter: 112
                                       Buffers: shared hit=1
                                 ->  Nested Loop  (cost=7079.72..410217.31 rows=2 width=20) (actual time=22.481..1382.170 rows=6957 loops=1)
                                       Buffers: shared hit=103168 read=21373
                                       ->  Hash Join  (cost=7079.29..407938.03 rows=54 width=12) (actual time=22.436..597.498 rows=7355 loops=1)
                                             Hash Cond: (t.kind_id = kt.id)
                                             Buffers: shared hit=27770 read=11271
                                             ->  Nested Loop  (cost=7078.13..407936.48 rows=94 width=16) (actual time=22.394..593.504 rows=7808 loops=1)
                                                   Buffers: shared hit=27769 read=11271
                                                   ->  Bitmap Heap Scan on movie_info mi1  (cost=7077.70..407082.78 rows=101 width=8) (actual time=22.356..298.004 rows=7887 loops=1)
                                                         Recheck Cond: (info_type_id = 18)
                                                         Filter: ((info)::text = ANY ('{"Budapest, Hungary","Desilu Studios - 9336 W. Washington Blvd., Culver City, California, USA","Orlando, Florida, USA","Stage 19, Warner Brothers Burbank Studios - 4000 Warner Boulevard, Burbank, California, USA","Stage 24, Warner Brothers Burbank Studios - 4000 Warner Boulevard, Burbank, California, USA","Stage 5, 20th Century Fox Studios - 10201 Pico Blvd., Century City, Los Angeles, California, USA"}'::text[]))
                                                         Rows Removed by Filter: 653036
                                                         Heap Blocks: exact=6972
                                                         Buffers: shared hit=2404 read=5088
                                                         ->  Bitmap Index Scan on info_type_id_movie_info  (cost=0.00..7077.68 rows=662032 width=0) (actual time=21.178..21.178 rows=660923 loops=1)
                                                               Index Cond: (info_type_id = 18)
                                                               Buffers: shared hit=1 read=519
                                                   ->  Index Scan using title_pkey on title t  (cost=0.43..8.45 rows=1 width=8) (actual time=0.037..0.037 rows=1 loops=7887)
                                                         Index Cond: (id = mi1.movie_id)
                                                         Filter: ((production_year <= 2015) AND (production_year >= 1925))
                                                         Rows Removed by Filter: 0
                                                         Buffers: shared hit=25365 read=6183
                                             ->  Hash  (cost=1.10..1.10 rows=4 width=4) (actual time=0.016..0.017 rows=4 loops=1)
                                                   Buckets: 1024  Batches: 1  Memory Usage: 9kB
                                                   Buffers: shared hit=1
                                                   ->  Seq Scan on kind_type kt  (cost=0.00..1.10 rows=4 width=4) (actual time=0.008..0.010 rows=4 loops=1)
                                                         Filter: ((kind)::text = ANY ('{episode,movie,"tv series","video game"}'::text[]))
                                                         Rows Removed by Filter: 3
                                                         Buffers: shared hit=1
                                       ->  Index Scan using movie_id_movie_info on movie_info mi2  (cost=0.43..42.20 rows=1 width=8) (actual time=0.095..0.106 rows=1 loops=7355)
                                             Index Cond: (movie_id = t.id)
                                             Filter: (((info)::text = ANY ('{"Black and White",Color}'::text[])) AND (info_type_id = 2))
                                             Rows Removed by Filter: 16
                                             Buffers: shared hit=75398 read=10102
                     ->  Index Scan using movie_id_cast_info on cast_info ci  (cost=0.44..43.28 rows=38 width=12) (actual time=0.036..0.257 rows=25 loops=6957)
                           Index Cond: (movie_id = t.id)
                           Buffers: shared hit=150309 read=40718
               ->  Hash  (cost=1.18..1.18 rows=4 width=4) (actual time=0.036..0.036 rows=4 loops=1)
                     Buckets: 1024  Batches: 1  Memory Usage: 9kB
                     Buffers: shared hit=1
                     ->  Seq Scan on role_type rt  (cost=0.00..1.18 rows=4 width=4) (actual time=0.027..0.029 rows=4 loops=1)
                           Filter: ((role)::text = ANY ('{cinematographer,editor,"miscellaneous crew","production designer"}'::text[]))
                           Rows Removed by Filter: 8
                           Buffers: shared hit=1
         ->  Index Scan using name_pkey on name n  (cost=0.43..2.32 rows=1 width=4) (actual time=0.033..0.033 rows=1 loops=37191)
               Index Cond: (id = ci.person_id)
               Filter: (gender IS NULL)
               Rows Removed by Filter: 0
               Buffers: shared hit=135931 read=12833
 Planning:
   Buffers: shared hit=574
 Planning Time: 14.387 ms
 Execution Time: 4500.649 ms
(73 rows)

