                                                                                                    QUERY PLAN                                                                                                     
-------------------------------------------------------------------------------------------------------------------------------------------------------------------------------------------------------------------
 Aggregate  (cost=965890.77..965890.78 rows=1 width=8) (actual time=41911.462..41911.472 rows=1 loops=1)
   Buffers: shared hit=3838573 read=281029, temp read=8620 written=8037
   ->  Nested Loop  (cost=893750.63..965890.19 rows=233 width=0) (actual time=1268.878..41870.730 rows=207469 loops=1)
         Buffers: shared hit=3838573 read=281029, temp read=8620 written=8037
         ->  Seq Scan on info_type it2  (cost=0.00..2.41 rows=1 width=4) (actual time=0.045..0.056 rows=1 loops=1)
               Filter: (id = 8)
               Rows Removed by Filter: 112
               Buffers: shared hit=1
         ->  Nested Loop  (cost=893750.63..965885.45 rows=233 width=4) (actual time=1268.832..41824.553 rows=207469 loops=1)
               Buffers: shared hit=3838572 read=281029, temp read=8620 written=8037
               ->  Seq Scan on info_type it1  (cost=0.00..2.41 rows=1 width=4) (actual time=0.009..0.023 rows=1 loops=1)
                     Filter: (id = 3)
                     Rows Removed by Filter: 112
                     Buffers: shared hit=1
               ->  Nested Loop  (cost=893750.63..965880.71 rows=233 width=8) (actual time=1268.822..41778.911 rows=207469 loops=1)
                     Buffers: shared hit=3838571 read=281029, temp read=8620 written=8037
                     ->  Hash Join  (cost=893750.20..964797.49 rows=467 width=12) (actual time=1268.785..33881.451 rows=207513 loops=1)
                           Hash Cond: (ci.role_id = rt.id)
                           Buffers: shared hit=3028162 read=261386, temp read=8620 written=8037
                           ->  Nested Loop  (cost=893749.04..964776.42 rows=5605 width=16) (actual time=1268.207..33592.313 rows=1183696 loops=1)
                                 Buffers: shared hit=3028161 read=261386, temp read=8620 written=8037
                                 ->  Nested Loop  (cost=893748.60..947431.16 rows=391 width=20) (actual time=1268.171..19718.620 rows=57703 loops=1)
                                       Buffers: shared hit=1918336 read=43376, temp read=8620 written=8037
                                       ->  Nested Loop  (cost=893748.46..947419.38 rows=456 width=24) (actual time=1268.153..19657.083 rows=57703 loops=1)
                                             Buffers: shared hit=1918324 read=43376, temp read=8620 written=8037
                                             ->  Merge Join  (cost=893748.03..894627.19 rows=15317 width=16) (actual time=1268.087..2016.707 rows=485458 loops=1)
                                                   Merge Cond: (mi1.movie_id = mi2.movie_id)
                                                   Buffers: shared hit=5298 read=14570, temp read=8620 written=8037
                                                   ->  Sort  (cost=395869.93..396057.23 rows=74921 width=8) (actual time=616.905..759.450 rows=710924 loops=1)
                                                         Sort Key: mi1.movie_id
                                                         Sort Method: external sort  Disk: 15360kB
                                                         Buffers: shared hit=2619 read=8356, temp read=3833 written=3842
                                                         ->  Bitmap Heap Scan on movie_info mi1  (cost=16467.24..389803.92 rows=74921 width=8) (actual time=42.505..409.561 rows=710925 loops=1)
                                                               Recheck Cond: (info_type_id = 3)
                                                               Filter: ((info)::text = ANY ('{Action,Adult,Biography,Fantasy,History,Horror,Music,Musical,News,Sci-Fi,Short,Sport,Thriller,War,Western}'::text[]))
                                                               Rows Removed by Filter: 822984
                                                               Heap Blocks: exact=9772
                                                               Buffers: shared hit=2619 read=8356
                                                               ->  Bitmap Index Scan on info_type_id_movie_info  (cost=0.00..16448.47 rows=1538671 width=0) (actual time=41.307..41.308 rows=1533909 loops=1)
                                                                     Index Cond: (info_type_id = 3)
                                                                     Buffers: shared hit=1 read=1202
                                                   ->  Sort  (cost=497878.10..498053.79 rows=70277 width=8) (actual time=651.168..834.908 rows=876453 loops=1)
                                                         Sort Key: mi2.movie_id
                                                         Sort Method: external sort  Disk: 16768kB
                                                         Buffers: shared hit=2679 read=6214, temp read=4486 written=4195
                                                         ->  Bitmap Heap Scan on movie_info mi2  (cost=14229.09..492220.53 rows=70277 width=8) (actual time=31.413..461.786 rows=776050 loops=1)
                                                               Recheck Cond: (info_type_id = 8)
                                                               Filter: ((info)::text = ANY ('{Austria,Belgium,Bulgaria,Finland,Hungary,Philippines,Spain,Sweden,Turkey,UK,USA}'::text[]))
                                                               Rows Removed by Filter: 549311
                                                               Heap Blocks: exact=7853
                                                               Buffers: shared hit=2679 read=6214
                                                               ->  Bitmap Index Scan on info_type_id_movie_info  (cost=0.00..14211.52 rows=1329478 width=0) (actual time=30.433..30.433 rows=1325361 loops=1)
                                                                     Index Cond: (info_type_id = 8)
                                                                     Buffers: shared hit=1 read=1039
                                             ->  Index Scan using title_pkey on title t  (cost=0.43..3.45 rows=1 width=8) (actual time=0.036..0.036 rows=0 loops=485458)
                                                   Index Cond: (id = mi1.movie_id)
                                                   Filter: ((production_year <= 1990) AND (production_year >= 1950))
                                                   Rows Removed by Filter: 1
                                                   Buffers: shared hit=1913026 read=28806
                                       ->  Memoize  (cost=0.14..0.17 rows=1 width=4) (actual time=0.000..0.000 rows=1 loops=57703)
                                             Cache Key: t.kind_id
                                             Cache Mode: logical
                                             Hits: 57697  Misses: 6  Evictions: 0  Overflows: 0  Memory Usage: 1kB
                                             Buffers: shared hit=12
                                             ->  Index Scan using kind_type_pkey on kind_type kt  (cost=0.13..0.16 rows=1 width=4) (actual time=0.128..0.128 rows=1 loops=6)
                                                   Index Cond: (id = t.kind_id)
                                                   Filter: ((kind)::text = ANY ('{episode,movie,"tv movie","tv series","video game","video movie"}'::text[]))
                                                   Buffers: shared hit=12
                                 ->  Index Scan using movie_id_cast_info on cast_info ci  (cost=0.44..43.98 rows=38 width=12) (actual time=0.039..0.234 rows=21 loops=57703)
                                       Index Cond: (movie_id = t.id)
                                       Buffers: shared hit=1109825 read=218010
                           ->  Hash  (cost=1.15..1.15 rows=1 width=4) (actual time=0.017..0.018 rows=1 loops=1)
                                 Buckets: 1024  Batches: 1  Memory Usage: 9kB
                                 Buffers: shared hit=1
                                 ->  Seq Scan on role_type rt  (cost=0.00..1.15 rows=1 width=4) (actual time=0.010..0.011 rows=1 loops=1)
                                       Filter: ((role)::text = 'actress'::text)
                                       Rows Removed by Filter: 11
                                       Buffers: shared hit=1
                     ->  Index Scan using name_pkey on name n  (cost=0.43..2.32 rows=1 width=4) (actual time=0.037..0.037 rows=1 loops=207513)
                           Index Cond: (id = ci.person_id)
                           Filter: (((gender)::text = 'f'::text) OR (gender IS NULL))
                           Rows Removed by Filter: 0
                           Buffers: shared hit=810409 read=19643
 Planning:
   Buffers: shared hit=576 read=1
 Planning Time: 14.030 ms
 Execution Time: 41922.314 ms
(87 rows)

