                                                                                                               QUERY PLAN                                                                                                                
-----------------------------------------------------------------------------------------------------------------------------------------------------------------------------------------------------------------------------------------
 Aggregate  (cost=555744.09..555744.10 rows=1 width=8) (actual time=8282.418..8282.429 rows=1 loops=1)
   Buffers: shared hit=688592 read=142727, temp read=570 written=570
   ->  Nested Loop  (cost=94261.64..555744.04 rows=19 width=0) (actual time=564.033..8280.143 rows=9816 loops=1)
         Buffers: shared hit=688592 read=142727, temp read=570 written=570
         ->  Hash Join  (cost=94261.21..555637.34 rows=46 width=4) (actual time=563.988..5672.876 rows=74207 loops=1)
               Hash Cond: (ci.role_id = rt.id)
               Buffers: shared hit=402289 read=132202, temp read=570 written=570
               ->  Nested Loop  (cost=94260.00..555635.47 rows=186 width=8) (actual time=563.929..5617.041 rows=226167 loops=1)
                     Buffers: shared hit=402288 read=132202, temp read=570 written=570
                     ->  Nested Loop  (cost=94259.56..555052.34 rows=13 width=12) (actual time=563.890..3328.597 rows=8935 loops=1)
                           Buffers: shared hit=174171 read=110283, temp read=570 written=570
                           ->  Seq Scan on info_type it2  (cost=0.00..2.41 rows=1 width=4) (actual time=0.026..0.037 rows=1 loops=1)
                                 Filter: (id = 7)
                                 Rows Removed by Filter: 112
                                 Buffers: shared hit=1
                           ->  Nested Loop  (cost=94259.56..555049.80 rows=13 width=16) (actual time=563.863..3326.341 rows=8935 loops=1)
                                 Buffers: shared hit=174170 read=110283, temp read=570 written=570
                                 ->  Seq Scan on info_type it1  (cost=0.00..2.41 rows=1 width=4) (actual time=0.005..0.019 rows=1 loops=1)
                                       Filter: (id = 8)
                                       Rows Removed by Filter: 112
                                       Buffers: shared hit=1
                                 ->  Nested Loop  (cost=94259.56..555047.25 rows=13 width=20) (actual time=563.854..3324.110 rows=8935 loops=1)
                                       Buffers: shared hit=174169 read=110283, temp read=570 written=570
                                       ->  Hash Join  (cost=94259.13..483122.10 rows=1664 width=12) (actual time=546.028..1084.532 rows=22375 loops=1)
                                             Hash Cond: (mi1.movie_id = t.id)
                                             Buffers: shared hit=7584 read=37701, temp read=570 written=570
                                             ->  Bitmap Heap Scan on movie_info mi1  (cost=14215.62..401867.50 rows=16386 width=8) (actual time=35.096..479.070 rows=178441 loops=1)
                                                   Recheck Cond: (info_type_id = 8)
                                                   Filter: ((info)::text = ANY ('{Denmark,Mexico,Netherlands,"South Korea",UK}'::text[]))
                                                   Rows Removed by Filter: 1146920
                                                   Heap Blocks: exact=7853
                                                   Buffers: shared hit=1 read=8892
                                                   ->  Bitmap Index Scan on info_type_id_movie_info  (cost=0.00..14211.52 rows=1329478 width=0) (actual time=34.123..34.123 rows=1325361 loops=1)
                                                         Index Cond: (info_type_id = 8)
                                                         Buffers: shared read=1040
                                             ->  Hash  (cost=75831.69..75831.69 rows=256706 width=4) (actual time=509.847..509.851 rows=180834 loops=1)
                                                   Buckets: 262144  Batches: 2  Memory Usage: 5235kB
                                                   Buffers: shared hit=7583 read=28809, temp written=264
                                                   ->  Hash Join  (cost=1.18..75831.69 rows=256706 width=4) (actual time=0.130..477.373 rows=180834 loops=1)
                                                         Hash Cond: (t.kind_id = kt.id)
                                                         Buffers: shared hit=7583 read=28809
                                                         ->  Seq Scan on title t  (cost=0.00..74315.95 rows=359388 width=8) (actual time=0.027..442.702 rows=350375 loops=1)
                                                               Filter: ((production_year <= 1975) AND (production_year >= 1925))
                                                               Rows Removed by Filter: 2177937
                                                               Buffers: shared hit=7582 read=28809
                                                         ->  Hash  (cost=1.11..1.11 rows=5 width=4) (actual time=0.016..0.018 rows=5 loops=1)
                                                               Buckets: 1024  Batches: 1  Memory Usage: 9kB
                                                               Buffers: shared hit=1
                                                               ->  Seq Scan on kind_type kt  (cost=0.00..1.11 rows=5 width=4) (actual time=0.007..0.009 rows=5 loops=1)
                                                                     Filter: ((kind)::text = ANY ('{movie,"tv movie","tv series","video game","video movie"}'::text[]))
                                                                     Rows Removed by Filter: 2
                                                                     Buffers: shared hit=1
                                       ->  Index Scan using movie_id_movie_info on movie_info mi2  (cost=0.43..43.21 rows=1 width=8) (actual time=0.083..0.100 rows=0 loops=22375)
                                             Index Cond: (movie_id = t.id)
                                             Filter: ((info_type_id = 7) AND ((info)::text = ANY ('{"LAB:Consolidated Film Industries (CFI), Hollywood (CA), USA",MET:,"MET:300 m",PCS:Spherical,"PFM:70 mm","RAT:1.37 : 1"}'::text[])))
                                             Rows Removed by Filter: 12
                                             Buffers: shared hit=166585 read=72582
                     ->  Index Scan using movie_id_cast_info on cast_info ci  (cost=0.44..44.48 rows=38 width=12) (actual time=0.037..0.249 rows=25 loops=8935)
                           Index Cond: (movie_id = t.id)
                           Buffers: shared hit=228117 read=21919
               ->  Hash  (cost=1.17..1.17 rows=3 width=4) (actual time=0.032..0.033 rows=3 loops=1)
                     Buckets: 1024  Batches: 1  Memory Usage: 9kB
                     Buffers: shared hit=1
                     ->  Seq Scan on role_type rt  (cost=0.00..1.17 rows=3 width=4) (actual time=0.024..0.026 rows=3 loops=1)
                           Filter: ((role)::text = ANY ('{actress,"miscellaneous crew",writer}'::text[]))
                           Rows Removed by Filter: 9
                           Buffers: shared hit=1
         ->  Index Scan using name_pkey on name n  (cost=0.43..2.32 rows=1 width=4) (actual time=0.035..0.035 rows=0 loops=74207)
               Index Cond: (id = ci.person_id)
               Filter: ((gender)::text = 'm'::text)
               Rows Removed by Filter: 1
               Buffers: shared hit=286303 read=10525
 Planning:
   Buffers: shared hit=484 read=90
 Planning Time: 9.796 ms
 Execution Time: 8282.931 ms
(76 rows)

