                                                                                                                                                                                                                                                                                                                                                                                                                          QUERY PLAN                                                                                                                                                                                                                                                                                                                                                                                                                           
---------------------------------------------------------------------------------------------------------------------------------------------------------------------------------------------------------------------------------------------------------------------------------------------------------------------------------------------------------------------------------------------------------------------------------------------------------------------------------------------------------------------------------------------------------------------------------------------------------------------------------------------------------------------------------------------------------------------------------------------------------------------------------------------------------------------------------------------------------------
 Aggregate  (cost=379306.74..379306.75 rows=1 width=8) (actual time=1969.782..1969.789 rows=1 loops=1)
   Buffers: shared hit=163219 read=38695
   ->  Nested Loop  (cost=7081.90..379306.73 rows=4 width=0) (actual time=131.692..1969.135 rows=6149 loops=1)
         Buffers: shared hit=163219 read=38695
         ->  Hash Join  (cost=7081.47..379292.82 rows=6 width=4) (actual time=131.607..1752.541 rows=6160 loops=1)
               Hash Cond: (ci.role_id = rt.id)
               Buffers: shared hit=144022 read=33252
               ->  Nested Loop  (cost=7080.22..379291.51 rows=14 width=8) (actual time=131.540..1750.440 rows=10013 loops=1)
                     Buffers: shared hit=144021 read=33252
                     ->  Nested Loop  (cost=7079.78..379246.66 rows=1 width=12) (actual time=131.466..1637.457 rows=150 loops=1)
                           Buffers: shared hit=137461 read=29518
                           ->  Nested Loop  (cost=7079.78..379244.23 rows=1 width=16) (actual time=131.454..1635.514 rows=150 loops=1)
                                 Buffers: shared hit=137311 read=29518
                                 ->  Nested Loop  (cost=7079.78..379241.81 rows=1 width=20) (actual time=131.412..1632.352 rows=150 loops=1)
                                       Buffers: shared hit=137161 read=29518
                                       ->  Hash Join  (cost=7079.34..378589.60 rows=15 width=12) (actual time=21.528..749.748 rows=8247 loops=1)
                                             Hash Cond: (t.kind_id = kt.id)
                                             Buffers: shared hit=45871 read=18630
                                             ->  Nested Loop  (cost=7078.17..378588.34 rows=22 width=16) (actual time=21.478..746.080 rows=8247 loops=1)
                                                   Buffers: shared hit=45870 read=18630
                                                   ->  Bitmap Heap Scan on movie_info mi1  (cost=7077.74..377307.56 rows=152 width=8) (actual time=21.199..229.110 rows=14252 loops=1)
                                                         Recheck Cond: (info_type_id = 18)
                                                         Filter: ((info)::text = ANY ('{"Associated British Elstree Studios, Shenley Road, Borehamwood, Hertfordshire, England, UK","General Service Studios - 1040 N. Las Palmas, Hollywood, Los Angeles, California, USA","Metro-Goldwyn-Mayer Studios - 10202 W. Washington Blvd., Culver City, California, USA","Pinewood Studios, Iver Heath, Buckinghamshire, England, UK","San Francisco, California, USA","Stage 17, Warner Brothers Burbank Studios - 4000 Warner Boulevard, Burbank, California, USA","Stage 18, Paramount Studios - 5555 Melrose Avenue, Hollywood, Los Angeles, California, USA","Stage 7, Warner Brothers Burbank Studios - 4000 Warner Boulevard, Burbank, California, USA","Studio 8H, NBC Studios - 30 Rockefeller Plaza, Manhattan, New York City, New York, USA"}'::text[]))
                                                         Rows Removed by Filter: 646671
                                                         Heap Blocks: exact=6972
                                                         Buffers: shared hit=2239 read=5253
                                                         ->  Bitmap Index Scan on info_type_id_movie_info  (cost=0.00..7077.68 rows=662032 width=0) (actual time=20.145..20.146 rows=660923 loops=1)
                                                               Index Cond: (info_type_id = 18)
                                                               Buffers: shared read=520
                                                   ->  Index Scan using title_pkey on title t  (cost=0.43..8.43 rows=1 width=8) (actual time=0.036..0.036 rows=1 loops=14252)
                                                         Index Cond: (id = mi1.movie_id)
                                                         Filter: ((production_year <= 1975) AND (production_year >= 1925))
                                                         Rows Removed by Filter: 0
                                                         Buffers: shared hit=43631 read=13377
                                             ->  Hash  (cost=1.11..1.11 rows=5 width=4) (actual time=0.024..0.025 rows=5 loops=1)
                                                   Buckets: 1024  Batches: 1  Memory Usage: 9kB
                                                   Buffers: shared hit=1
                                                   ->  Seq Scan on kind_type kt  (cost=0.00..1.11 rows=5 width=4) (actual time=0.011..0.014 rows=5 loops=1)
                                                         Filter: ((kind)::text = ANY ('{episode,movie,"tv movie","tv series","video movie"}'::text[]))
                                                         Rows Removed by Filter: 2
                                                         Buffers: shared hit=1
                                       ->  Index Scan using movie_id_movie_info on movie_info mi2  (cost=0.43..43.47 rows=1 width=8) (actual time=0.104..0.107 rows=0 loops=8247)
                                             Index Cond: (movie_id = t.id)
                                             Filter: ((info_type_id = 4) AND ((info)::text = ANY ('{Czech,Filipino,Finnish,German,Hindi,Italian,Japanese,Polish,Portuguese,Spanish,Swedish}'::text[])))
                                             Rows Removed by Filter: 19
                                             Buffers: shared hit=91290 read=10888
                                 ->  Seq Scan on info_type it1  (cost=0.00..2.41 rows=1 width=4) (actual time=0.013..0.018 rows=1 loops=150)
                                       Filter: (id = 18)
                                       Rows Removed by Filter: 112
                                       Buffers: shared hit=150
                           ->  Seq Scan on info_type it2  (cost=0.00..2.41 rows=1 width=4) (actual time=0.005..0.011 rows=1 loops=150)
                                 Filter: (id = 4)
                                 Rows Removed by Filter: 112
                                 Buffers: shared hit=150
                     ->  Index Scan using movie_id_cast_info on cast_info ci  (cost=0.44..44.48 rows=38 width=12) (actual time=0.036..0.740 rows=67 loops=150)
                           Index Cond: (movie_id = t.id)
                           Buffers: shared hit=6560 read=3734
               ->  Hash  (cost=1.20..1.20 rows=5 width=4) (actual time=0.039..0.040 rows=5 loops=1)
                     Buckets: 1024  Batches: 1  Memory Usage: 9kB
                     Buffers: shared hit=1
                     ->  Seq Scan on role_type rt  (cost=0.00..1.20 rows=5 width=4) (actual time=0.028..0.032 rows=5 loops=1)
                           Filter: ((role)::text = ANY ('{actor,cinematographer,composer,"costume designer","production designer"}'::text[]))
                           Rows Removed by Filter: 7
                           Buffers: shared hit=1
         ->  Index Scan using name_pkey on name n  (cost=0.43..2.32 rows=1 width=4) (actual time=0.035..0.035 rows=1 loops=6160)
               Index Cond: (id = ci.person_id)
               Filter: (((gender)::text = 'm'::text) OR (gender IS NULL))
               Rows Removed by Filter: 0
               Buffers: shared hit=19197 read=5443
 Planning:
   Buffers: shared hit=505 read=72
 Planning Time: 13.889 ms
 Execution Time: 1970.359 ms
(73 rows)

