                                                                                                             QUERY PLAN                                                                                                             
------------------------------------------------------------------------------------------------------------------------------------------------------------------------------------------------------------------------------------
 Aggregate  (cost=396357.85..396357.86 rows=1 width=8) (actual time=12620.766..12620.773 rows=1 loops=1)
   Buffers: shared hit=1160622 read=125222
   ->  Nested Loop  (cost=4697.60..396357.85 rows=2 width=0) (actual time=62.528..12619.509 rows=3176 loops=1)
         Buffers: shared hit=1160622 read=125222
         ->  Hash Join  (cost=4697.17..396346.25 rows=5 width=4) (actual time=26.442..6099.130 rows=178623 loops=1)
               Hash Cond: (ci.role_id = rt.id)
               Buffers: shared hit=462865 read=108487
               ->  Nested Loop  (cost=4695.99..396344.98 rows=29 width=8) (actual time=23.070..5999.428 rows=316753 loops=1)
                     Buffers: shared hit=462864 read=108487
                     ->  Nested Loop  (cost=4695.55..396255.26 rows=2 width=12) (actual time=23.033..2704.839 rows=7697 loops=1)
                           Buffers: shared hit=173711 read=63941
                           ->  Seq Scan on info_type it2  (cost=0.00..2.41 rows=1 width=4) (actual time=0.026..0.036 rows=1 loops=1)
                                 Filter: (id = 3)
                                 Rows Removed by Filter: 112
                                 Buffers: shared hit=1
                           ->  Nested Loop  (cost=4695.55..396252.83 rows=2 width=16) (actual time=23.005..2702.778 rows=7697 loops=1)
                                 Buffers: shared hit=173710 read=63941
                                 ->  Seq Scan on info_type it1  (cost=0.00..2.41 rows=1 width=4) (actual time=0.007..0.018 rows=1 loops=1)
                                       Filter: (id = 5)
                                       Rows Removed by Filter: 112
                                       Buffers: shared hit=1
                                 ->  Nested Loop  (cost=4695.55..396250.40 rows=2 width=20) (actual time=22.996..2700.331 rows=7697 loops=1)
                                       Buffers: shared hit=173709 read=63941
                                       ->  Hash Join  (cost=4695.12..393716.64 rows=58 width=12) (actual time=20.633..1483.776 rows=6077 loops=1)
                                             Hash Cond: (t.kind_id = kt.id)
                                             Buffers: shared hit=97286 read=32967
                                             ->  Nested Loop  (cost=4693.94..393715.12 rows=81 width=16) (actual time=20.594..1479.602 rows=6077 loops=1)
                                                   Buffers: shared hit=97285 read=32967
                                                   ->  Bitmap Heap Scan on movie_info mi1  (cost=4693.51..388964.29 rows=572 width=8) (actual time=20.018..464.818 rows=27670 loops=1)
                                                         Recheck Cond: (info_type_id = 5)
                                                         Filter: ((info)::text = ANY ('{Argentina:Atp,Canada:PG,Germany:16,Germany:6,UK:A}'::text[]))
                                                         Rows Removed by Filter: 458884
                                                         Heap Blocks: exact=19164
                                                         Buffers: shared hit=2599 read=16973
                                                         ->  Bitmap Index Scan on info_type_id_movie_info  (cost=0.00..4693.37 rows=439058 width=0) (actual time=16.775..16.775 rows=486554 loops=1)
                                                               Index Cond: (info_type_id = 5)
                                                               Buffers: shared hit=1 read=407
                                                   ->  Index Scan using title_pkey on title t  (cost=0.43..8.31 rows=1 width=8) (actual time=0.036..0.036 rows=0 loops=27670)
                                                         Index Cond: (id = mi1.movie_id)
                                                         Filter: ((production_year <= 1975) AND (production_year >= 1925))
                                                         Rows Removed by Filter: 1
                                                         Buffers: shared hit=94686 read=15994
                                             ->  Hash  (cost=1.11..1.11 rows=5 width=4) (actual time=0.015..0.016 rows=5 loops=1)
                                                   Buckets: 1024  Batches: 1  Memory Usage: 9kB
                                                   Buffers: shared hit=1
                                                   ->  Seq Scan on kind_type kt  (cost=0.00..1.11 rows=5 width=4) (actual time=0.007..0.009 rows=5 loops=1)
                                                         Filter: ((kind)::text = ANY ('{episode,movie,"tv movie","tv series","video game"}'::text[]))
                                                         Rows Removed by Filter: 2
                                                         Buffers: shared hit=1
                                       ->  Index Scan using movie_id_movie_info on movie_info mi2  (cost=0.43..43.68 rows=1 width=8) (actual time=0.198..0.199 rows=1 loops=6077)
                                             Index Cond: (movie_id = t.id)
                                             Filter: ((info_type_id = 3) AND ((info)::text = ANY ('{Adult,Adventure,Animation,Biography,Crime,Drama,Family,Film-Noir,Musical,Mystery,Sci-Fi,Short,Thriller,War,Western}'::text[])))
                                             Rows Removed by Filter: 56
                                             Buffers: shared hit=76423 read=30974
                     ->  Index Scan using movie_id_cast_info on cast_info ci  (cost=0.44..44.48 rows=38 width=12) (actual time=0.037..0.416 rows=41 loops=7697)
                           Index Cond: (movie_id = t.id)
                           Buffers: shared hit=289153 read=44546
               ->  Hash  (cost=1.15..1.15 rows=2 width=4) (actual time=0.031..0.032 rows=2 loops=1)
                     Buckets: 1024  Batches: 1  Memory Usage: 9kB
                     Buffers: shared hit=1
                     ->  Seq Scan on role_type rt  (cost=0.00..1.15 rows=2 width=4) (actual time=0.023..0.026 rows=2 loops=1)
                           Filter: ((role)::text = ANY ('{actor,composer}'::text[]))
                           Rows Removed by Filter: 10
                           Buffers: shared hit=1
         ->  Index Scan using name_pkey on name n  (cost=0.43..2.32 rows=1 width=4) (actual time=0.036..0.036 rows=0 loops=178623)
               Index Cond: (id = ci.person_id)
               Filter: (((gender)::text = 'f'::text) OR (gender IS NULL))
               Rows Removed by Filter: 1
               Buffers: shared hit=697757 read=16735
 Planning:
   Buffers: shared hit=574
 Planning Time: 12.169 ms
 Execution Time: 12621.352 ms
(73 rows)

