                                                                                                                                                                                   QUERY PLAN                                                                                                                                                                                    
---------------------------------------------------------------------------------------------------------------------------------------------------------------------------------------------------------------------------------------------------------------------------------------------------------------------------------------------------------------------------------
 Aggregate  (cost=358485.17..358485.18 rows=1 width=8) (actual time=1144.777..1144.784 rows=1 loops=1)
   Buffers: shared hit=66476 read=38448
   ->  Nested Loop  (cost=3725.46..358485.16 rows=1 width=0) (actual time=14.922..1144.611 rows=546 loops=1)
         Buffers: shared hit=66476 read=38448
         ->  Hash Join  (cost=3725.03..358482.84 rows=1 width=4) (actual time=14.880..1115.950 rows=826 loops=1)
               Hash Cond: (ci.role_id = rt.id)
               Buffers: shared hit=63515 read=38105
               ->  Nested Loop  (cost=3723.86..358481.63 rows=14 width=8) (actual time=14.428..1111.247 rows=36815 loops=1)
                     Buffers: shared hit=63514 read=38105
                     ->  Nested Loop  (cost=3723.42..358437.08 rows=1 width=12) (actual time=14.389..718.161 rows=1680 loops=1)
                           Buffers: shared hit=32398 read=27784
                           ->  Nested Loop  (cost=3723.42..358434.66 rows=1 width=16) (actual time=14.383..696.328 rows=1680 loops=1)
                                 Buffers: shared hit=30718 read=27784
                                 ->  Nested Loop  (cost=3723.42..358432.23 rows=1 width=20) (actual time=14.361..665.958 rows=1680 loops=1)
                                       Buffers: shared hit=29038 read=27784
                                       ->  Nested Loop  (cost=3722.99..358260.16 rows=4 width=12) (actual time=14.280..369.764 rows=2457 loops=1)
                                             Buffers: shared hit=13977 read=14205
                                             ->  Nested Loop  (cost=3722.86..358259.38 rows=5 width=16) (actual time=14.264..335.721 rows=2457 loops=1)
                                                   Buffers: shared hit=9063 read=14205
                                                   ->  Bitmap Heap Scan on movie_info mi1  (cost=3722.43..358031.17 rows=27 width=8) (actual time=13.879..223.819 rows=3013 loops=1)
                                                         Recheck Cond: (info_type_id = 17)
                                                         Filter: ((info)::text = ANY ('{"Last show of the series.","One of over 700 Paramount Productions, filmed between 1929 and 1949, which were sold to MCA/Universal in 1958 for television distribution, and have been owned and controlled by Universal ever since.","Original French title is undetermined."}'::text[]))
                                                         Rows Removed by Filter: 365205
                                                         Heap Blocks: exact=10925
                                                         Buffers: shared hit=941 read=10275
                                                         ->  Bitmap Index Scan on info_type_id_movie_info  (cost=0.00..3722.42 rows=347998 width=0) (actual time=12.331..12.331 rows=368218 loops=1)
                                                               Index Cond: (info_type_id = 17)
                                                               Buffers: shared read=291
                                                   ->  Index Scan using title_pkey on title t  (cost=0.43..8.45 rows=1 width=8) (actual time=0.037..0.037 rows=1 loops=3013)
                                                         Index Cond: (id = mi1.movie_id)
                                                         Filter: ((production_year <= 1975) AND (production_year >= 1875))
                                                         Rows Removed by Filter: 0
                                                         Buffers: shared hit=8122 read=3930
                                             ->  Index Scan using kind_type_pkey on kind_type kt  (cost=0.13..0.16 rows=1 width=4) (actual time=0.013..0.013 rows=1 loops=2457)
                                                   Index Cond: (id = t.kind_id)
                                                   Filter: ((kind)::text = ANY ('{episode,movie,"tv movie","tv series","video game","video movie"}'::text[]))
                                                   Buffers: shared hit=4914
                                       ->  Index Scan using movie_id_movie_info on movie_info mi2  (cost=0.43..43.01 rows=1 width=8) (actual time=0.072..0.120 rows=1 loops=2457)
                                             Index Cond: (movie_id = t.id)
                                             Filter: ((info_type_id = 4) AND ((info)::text = ANY ('{English,French,Japanese,Latin,Russian,Spanish}'::text[])))
                                             Rows Removed by Filter: 14
                                             Buffers: shared hit=15061 read=13579
                                 ->  Seq Scan on info_type it1  (cost=0.00..2.41 rows=1 width=4) (actual time=0.012..0.017 rows=1 loops=1680)
                                       Filter: (id = 17)
                                       Rows Removed by Filter: 112
                                       Buffers: shared hit=1680
                           ->  Seq Scan on info_type it2  (cost=0.00..2.41 rows=1 width=4) (actual time=0.006..0.012 rows=1 loops=1680)
                                 Filter: (id = 4)
                                 Rows Removed by Filter: 112
                                 Buffers: shared hit=1680
                     ->  Index Scan using movie_id_cast_info on cast_info ci  (cost=0.44..44.17 rows=38 width=12) (actual time=0.037..0.230 rows=22 loops=1680)
                           Index Cond: (movie_id = t.id)
                           Buffers: shared hit=31116 read=10321
               ->  Hash  (cost=1.15..1.15 rows=1 width=4) (actual time=0.029..0.030 rows=1 loops=1)
                     Buckets: 1024  Batches: 1  Memory Usage: 9kB
                     Buffers: shared hit=1
                     ->  Seq Scan on role_type rt  (cost=0.00..1.15 rows=1 width=4) (actual time=0.022..0.023 rows=1 loops=1)
                           Filter: ((role)::text = 'cinematographer'::text)
                           Rows Removed by Filter: 11
                           Buffers: shared hit=1
         ->  Index Scan using name_pkey on name n  (cost=0.43..2.32 rows=1 width=4) (actual time=0.034..0.034 rows=1 loops=826)
               Index Cond: (id = ci.person_id)
               Filter: (((gender)::text = 'f'::text) OR (gender IS NULL))
               Rows Removed by Filter: 0
               Buffers: shared hit=2961 read=343
 Planning:
   Buffers: shared hit=483 read=91
 Planning Time: 12.662 ms
 Execution Time: 1145.315 ms
(69 rows)

