                                                                                                                                                                                                                       QUERY PLAN                                                                                                                                                                                                                       
--------------------------------------------------------------------------------------------------------------------------------------------------------------------------------------------------------------------------------------------------------------------------------------------------------------------------------------------------------------------------------------------------------------------------------------------------------
 Aggregate  (cost=395619.30..395619.31 rows=1 width=8) (actual time=3148.589..3148.598 rows=1 loops=1)
   Buffers: shared hit=270560 read=56185
   ->  Nested Loop  (cost=4697.75..395619.29 rows=3 width=0) (actual time=439.626..3148.547 rows=134 loops=1)
         Buffers: shared hit=270560 read=56185
         ->  Hash Join  (cost=4697.32..395605.37 rows=6 width=4) (actual time=439.573..3134.506 rows=381 loops=1)
               Hash Cond: (ci.role_id = rt.id)
               Buffers: shared hit=269513 read=55708
               ->  Nested Loop  (cost=4696.06..395604.07 rows=14 width=8) (actual time=439.524..3134.064 rows=1660 loops=1)
                     Buffers: shared hit=269512 read=55708
                     ->  Nested Loop  (cost=4695.62..395560.41 rows=1 width=12) (actual time=439.468..3111.363 rows=67 loops=1)
                           Buffers: shared hit=268504 read=54875
                           ->  Nested Loop  (cost=4695.62..395557.99 rows=1 width=16) (actual time=439.459..3110.264 rows=67 loops=1)
                                 Buffers: shared hit=268437 read=54875
                                 ->  Nested Loop  (cost=4695.62..395555.56 rows=1 width=20) (actual time=439.441..3107.257 rows=67 loops=1)
                                       Buffers: shared hit=268370 read=54875
                                       ->  Hash Join  (cost=4695.18..381117.40 rows=340 width=12) (actual time=19.468..1995.460 rows=8083 loops=1)
                                             Hash Cond: (t.kind_id = kt.id)
                                             Buffers: shared hit=182582 read=27071
                                             ->  Nested Loop  (cost=4694.05..381112.93 rows=792 width=16) (actual time=19.431..1983.485 rows=47430 loops=1)
                                                   Buffers: shared hit=182581 read=27071
                                                   ->  Bitmap Heap Scan on movie_info mi1  (cost=4693.62..374133.21 rows=848 width=8) (actual time=19.385..376.527 rows=47520 loops=1)
                                                         Recheck Cond: (info_type_id = 5)
                                                         Filter: ((info)::text = ANY ('{Argentina:Unrated,Australia:M,Brazil:16,Brazil:Livre,Canada:PG,Finland:(Banned),Finland:K-13,Iceland:12,Ireland:G,Ireland:PG,Japan:Unrated,Philippines:R-18,Singapore:(Banned),Singapore:G,USA:X}'::text[]))
                                                         Rows Removed by Filter: 439034
                                                         Heap Blocks: exact=19164
                                                         Buffers: shared hit=4100 read=15472
                                                         ->  Bitmap Index Scan on info_type_id_movie_info  (cost=0.00..4693.37 rows=439058 width=0) (actual time=16.701..16.701 rows=486554 loops=1)
                                                               Index Cond: (info_type_id = 5)
                                                               Buffers: shared read=408
                                                   ->  Index Scan using title_pkey on title t  (cost=0.43..8.23 rows=1 width=8) (actual time=0.033..0.033 rows=1 loops=47520)
                                                         Index Cond: (id = mi1.movie_id)
                                                         Filter: ((production_year <= 2015) AND (production_year >= 1925))
                                                         Rows Removed by Filter: 0
                                                         Buffers: shared hit=178481 read=11599
                                             ->  Hash  (cost=1.10..1.10 rows=3 width=4) (actual time=0.013..0.014 rows=3 loops=1)
                                                   Buckets: 1024  Batches: 1  Memory Usage: 9kB
                                                   Buffers: shared hit=1
                                                   ->  Seq Scan on kind_type kt  (cost=0.00..1.10 rows=3 width=4) (actual time=0.007..0.008 rows=3 loops=1)
                                                         Filter: ((kind)::text = ANY ('{episode,"tv movie","tv series"}'::text[]))
                                                         Rows Removed by Filter: 4
                                                         Buffers: shared hit=1
                                       ->  Index Scan using movie_id_movie_info on movie_info mi2  (cost=0.43..42.46 rows=1 width=8) (actual time=0.136..0.137 rows=0 loops=8083)
                                             Index Cond: (movie_id = t.id)
                                             Filter: ((info_type_id = 18) AND ((info)::text = ANY ('{"Alabama Hills, Lone Pine, California, USA","Corriganville, Ray Corrigan Ranch, Simi Valley, California, USA",Germany,"New York Street, Backlot, Universal Studios - 100 Universal City Plaza, Universal City, California, USA","Park Avenue, Manhattan, New York City, New York, USA",Spain,"Van Nuys, Los Angeles, California, USA"}'::text[])))
                                             Rows Removed by Filter: 28
                                             Buffers: shared hit=85788 read=27804
                                 ->  Seq Scan on info_type it1  (cost=0.00..2.41 rows=1 width=4) (actual time=0.034..0.042 rows=1 loops=67)
                                       Filter: (id = 5)
                                       Rows Removed by Filter: 112
                                       Buffers: shared hit=67
                           ->  Seq Scan on info_type it2  (cost=0.00..2.41 rows=1 width=4) (actual time=0.007..0.014 rows=1 loops=67)
                                 Filter: (id = 18)
                                 Rows Removed by Filter: 112
                                 Buffers: shared hit=67
                     ->  Index Scan using movie_id_cast_info on cast_info ci  (cost=0.44..43.28 rows=38 width=12) (actual time=0.055..0.332 rows=25 loops=67)
                           Index Cond: (movie_id = t.id)
                           Buffers: shared hit=1008 read=833
               ->  Hash  (cost=1.20..1.20 rows=5 width=4) (actual time=0.029..0.029 rows=5 loops=1)
                     Buckets: 1024  Batches: 1  Memory Usage: 9kB
                     Buffers: shared hit=1
                     ->  Seq Scan on role_type rt  (cost=0.00..1.20 rows=5 width=4) (actual time=0.020..0.024 rows=5 loops=1)
                           Filter: ((role)::text = ANY ('{actress,guest,producer,"production designer",writer}'::text[]))
                           Rows Removed by Filter: 7
                           Buffers: shared hit=1
         ->  Index Scan using name_pkey on name n  (cost=0.43..2.32 rows=1 width=4) (actual time=0.036..0.036 rows=0 loops=381)
               Index Cond: (id = ci.person_id)
               Filter: ((gender)::text = 'm'::text)
               Rows Removed by Filter: 1
               Buffers: shared hit=1047 read=477
 Planning:
   Buffers: shared hit=531 read=46
 Planning Time: 13.070 ms
 Execution Time: 3149.193 ms
(73 rows)

