                                                                                                                  QUERY PLAN                                                                                                                  
----------------------------------------------------------------------------------------------------------------------------------------------------------------------------------------------------------------------------------------------
 Aggregate  (cost=431545.46..431545.47 rows=1 width=8) (actual time=1356.128..1356.136 rows=1 loops=1)
   Buffers: shared hit=131640 read=6754
   ->  Nested Loop  (cost=8155.02..431545.45 rows=1 width=0) (actual time=376.405..1356.126 rows=4 loops=1)
         Buffers: shared hit=131640 read=6754
         ->  Nested Loop  (cost=8155.02..431543.03 rows=1 width=4) (actual time=376.397..1356.067 rows=4 loops=1)
               Buffers: shared hit=131636 read=6754
               ->  Nested Loop  (cost=8155.02..431540.61 rows=1 width=8) (actual time=376.376..1355.987 rows=4 loops=1)
                     Buffers: shared hit=131632 read=6754
                     ->  Hash Join  (cost=8154.59..431535.97 rows=2 width=12) (actual time=56.782..1348.353 rows=210 loops=1)
                           Hash Cond: (ci.role_id = rt.id)
                           Buffers: shared hit=131148 read=6398
                           ->  Nested Loop  (cost=8153.43..431534.71 rows=29 width=16) (actual time=56.695..1347.869 rows=2055 loops=1)
                                 Buffers: shared hit=131147 read=6398
                                 ->  Nested Loop  (cost=8152.99..431445.00 rows=2 width=20) (actual time=56.663..1315.161 rows=113 loops=1)
                                       Buffers: shared hit=130466 read=4703
                                       ->  Hash Join  (cost=8152.52..429071.24 rows=55 width=12) (actual time=25.139..1292.035 rows=272 loops=1)
                                             Hash Cond: (t.kind_id = kt.id)
                                             Buffers: shared hit=128626 read=3935
                                             ->  Nested Loop  (cost=8151.36..429069.67 rows=96 width=16) (actual time=25.077..1290.489 rows=7247 loops=1)
                                                   Buffers: shared hit=128625 read=3935
                                                   ->  Bitmap Heap Scan on movie_info mi2  (cost=8150.93..423475.78 rows=676 width=8) (actual time=23.378..354.123 rows=31734 loops=1)
                                                         Recheck Cond: (info_type_id = 1)
                                                         Filter: ((info)::text = ANY ('{104,13,61,7,83,89,95}'::text[]))
                                                         Rows Removed by Filter: 770406
                                                         Heap Blocks: exact=4993
                                                         Buffers: shared hit=3533 read=2091
                                                         ->  Bitmap Index Scan on info_type_id_movie_info  (cost=0.00..8150.77 rows=762444 width=0) (actual time=22.778..22.779 rows=802140 loops=1)
                                                               Index Cond: (info_type_id = 1)
                                                               Buffers: shared hit=1 read=630
                                                   ->  Index Scan using title_pkey on title t  (cost=0.43..8.27 rows=1 width=8) (actual time=0.029..0.029 rows=0 loops=31734)
                                                         Index Cond: (id = mi2.movie_id)
                                                         Filter: ((production_year <= 1975) AND (production_year >= 1925))
                                                         Rows Removed by Filter: 1
                                                         Buffers: shared hit=125092 read=1844
                                             ->  Hash  (cost=1.10..1.10 rows=4 width=4) (actual time=0.025..0.026 rows=4 loops=1)
                                                   Buckets: 1024  Batches: 1  Memory Usage: 9kB
                                                   Buffers: shared hit=1
                                                   ->  Seq Scan on kind_type kt  (cost=0.00..1.10 rows=4 width=4) (actual time=0.012..0.014 rows=4 loops=1)
                                                         Filter: ((kind)::text = ANY ('{"tv movie","tv series","video game","video movie"}'::text[]))
                                                         Rows Removed by Filter: 3
                                                         Buffers: shared hit=1
                                       ->  Index Scan using movie_id_movie_info on movie_info mi1  (cost=0.47..43.15 rows=1 width=8) (actual time=0.060..0.084 rows=0 loops=272)
                                             Index Cond: (movie_id = t.id)
                                             Filter: ((info_type_id = 4) AND ((info)::text = ANY ('{Arabic,Czech,English,Georgian,German,Greek,Italian,Japanese,None,Norwegian,Portuguese,Russian,Serbo-Croatian,Spanish,Swedish}'::text[])))
                                             Rows Removed by Filter: 7
                                             Buffers: shared hit=1840 read=768
                                 ->  Index Scan using movie_id_cast_info on cast_info ci  (cost=0.44..44.48 rows=38 width=12) (actual time=0.038..0.284 rows=18 loops=113)
                                       Index Cond: (movie_id = t.id)
                                       Buffers: shared hit=681 read=1695
                           ->  Hash  (cost=1.15..1.15 rows=1 width=4) (actual time=0.044..0.045 rows=1 loops=1)
                                 Buckets: 1024  Batches: 1  Memory Usage: 9kB
                                 Buffers: shared hit=1
                                 ->  Seq Scan on role_type rt  (cost=0.00..1.15 rows=1 width=4) (actual time=0.036..0.038 rows=1 loops=1)
                                       Filter: ((role)::text = 'writer'::text)
                                       Rows Removed by Filter: 11
                                       Buffers: shared hit=1
                     ->  Index Scan using name_pkey on name n  (cost=0.43..2.32 rows=1 width=4) (actual time=0.036..0.036 rows=0 loops=210)
                           Index Cond: (id = ci.person_id)
                           Filter: ((gender)::text = 'f'::text)
                           Rows Removed by Filter: 1
                           Buffers: shared hit=484 read=356
               ->  Seq Scan on info_type it1  (cost=0.00..2.41 rows=1 width=4) (actual time=0.010..0.017 rows=1 loops=4)
                     Filter: (id = 4)
                     Rows Removed by Filter: 112
                     Buffers: shared hit=4
         ->  Seq Scan on info_type it2  (cost=0.00..2.41 rows=1 width=4) (actual time=0.006..0.013 rows=1 loops=4)
               Filter: (id = 1)
               Rows Removed by Filter: 112
               Buffers: shared hit=4
 Planning:
   Buffers: shared hit=577
 Planning Time: 12.776 ms
 Execution Time: 1356.737 ms
(73 rows)

