                                                                                                         QUERY PLAN                                                                                                         
----------------------------------------------------------------------------------------------------------------------------------------------------------------------------------------------------------------------------
 Aggregate  (cost=644719.37..644719.38 rows=1 width=8) (actual time=30185.843..30185.851 rows=1 loops=1)
   Buffers: shared hit=2244130 read=334051
   ->  Nested Loop  (cost=13061.47..644719.30 rows=28 width=0) (actual time=241.606..30184.758 rows=1042 loops=1)
         Buffers: shared hit=2244130 read=334051
         ->  Seq Scan on info_type it2  (cost=0.00..2.41 rows=1 width=4) (actual time=0.052..0.062 rows=1 loops=1)
               Filter: (id = 3)
               Rows Removed by Filter: 112
               Buffers: shared hit=1
         ->  Nested Loop  (cost=13061.47..644716.60 rows=28 width=4) (actual time=241.552..30184.086 rows=1042 loops=1)
               Buffers: shared hit=2244129 read=334051
               ->  Seq Scan on info_type it1  (cost=0.00..2.41 rows=1 width=4) (actual time=0.013..0.025 rows=1 loops=1)
                     Filter: (id = 4)
                     Rows Removed by Filter: 112
                     Buffers: shared hit=1
               ->  Nested Loop  (cost=13061.47..644713.91 rows=28 width=8) (actual time=241.536..30183.513 rows=1042 loops=1)
                     Buffers: shared hit=2244128 read=334051
                     ->  Hash Join  (cost=13061.04..644430.93 rows=122 width=12) (actual time=44.846..28778.114 rows=28900 loops=1)
                           Hash Cond: (ci.role_id = rt.id)
                           Buffers: shared hit=2143718 read=318861
                           ->  Nested Loop  (cost=13059.88..644424.57 rows=1462 width=16) (actual time=40.337..28603.538 rows=905259 loops=1)
                                 Buffers: shared hit=2143717 read=318861
                                 ->  Nested Loop  (cost=13059.44..639963.99 rows=102 width=20) (actual time=40.108..16630.855 rows=32618 loops=1)
                                       Buffers: shared hit=1362643 read=124375
                                       ->  Hash Join  (cost=13059.01..438715.11 rows=4711 width=12) (actual time=38.624..6733.355 rows=97307 loops=1)
                                             Hash Cond: (t.kind_id = kt.id)
                                             Buffers: shared hit=534058 read=35791
                                             ->  Nested Loop  (cost=13057.81..438690.75 rows=5496 width=16) (actual time=38.574..6685.307 rows=97307 loops=1)
                                                   Buffers: shared hit=534057 read=35791
                                                   ->  Bitmap Heap Scan on movie_info mi1  (cost=13057.37..385268.89 rows=7854 width=8) (actual time=38.480..484.854 rows=141992 loops=1)
                                                         Recheck Cond: (info_type_id = 4)
                                                         Filter: ((info)::text = ANY ('{Afrikaans,Bengali,Catalan,Chinese,Finnish,Greek,Hungarian,Latin,Malay,Polish,Romanian,Spanish,Swedish,Turkish,Ukrainian}'::text[]))
                                                         Rows Removed by Filter: 1156997
                                                         Heap Blocks: exact=8393
                                                         Buffers: shared hit=825 read=8587
                                                         ->  Bitmap Index Scan on info_type_id_movie_info  (cost=0.00..13055.37 rows=1221191 width=0) (actual time=36.658..36.658 rows=1298989 loops=1)
                                                               Index Cond: (info_type_id = 4)
                                                               Buffers: shared hit=1 read=1018
                                                   ->  Memoize  (cost=0.44..6.86 rows=1 width=8) (actual time=0.043..0.043 rows=1 loops=141992)
                                                         Cache Key: mi1.movie_id
                                                         Cache Mode: logical
                                                         Hits: 1883  Misses: 140109  Evictions: 53104  Overflows: 0  Memory Usage: 8193kB
                                                         Buffers: shared hit=533232 read=27204
                                                         ->  Index Scan using title_pkey on title t  (cost=0.43..6.85 rows=1 width=8) (actual time=0.042..0.042 rows=1 loops=140109)
                                                               Index Cond: (id = mi1.movie_id)
                                                               Filter: ((production_year <= 2015) AND (production_year >= 1990))
                                                               Rows Removed by Filter: 0
                                                               Buffers: shared hit=533232 read=27204
                                             ->  Hash  (cost=1.12..1.12 rows=6 width=4) (actual time=0.028..0.029 rows=6 loops=1)
                                                   Buckets: 1024  Batches: 1  Memory Usage: 9kB
                                                   Buffers: shared hit=1
                                                   ->  Seq Scan on kind_type kt  (cost=0.00..1.12 rows=6 width=4) (actual time=0.015..0.017 rows=6 loops=1)
                                                         Filter: ((kind)::text = ANY ('{episode,movie,"tv movie","tv series","video game","video movie"}'::text[]))
                                                         Rows Removed by Filter: 1
                                                         Buffers: shared hit=1
                                       ->  Index Scan using movie_id_movie_info on movie_info mi2  (cost=0.43..42.71 rows=1 width=8) (actual time=0.101..0.101 rows=0 loops=97307)
                                             Index Cond: (movie_id = t.id)
                                             Filter: ((info_type_id = 3) AND ((info)::text = ANY ('{Action,Adult,Adventure,Crime,Drama,Fantasy,History,Horror,Mystery,Sci-Fi,War}'::text[])))
                                             Rows Removed by Filter: 10
                                             Buffers: shared hit=828585 read=88584
                                 ->  Index Scan using movie_id_cast_info on cast_info ci  (cost=0.44..43.35 rows=38 width=12) (actual time=0.046..0.358 rows=28 loops=32618)
                                       Index Cond: (movie_id = t.id)
                                       Buffers: shared hit=781074 read=194486
                           ->  Hash  (cost=1.15..1.15 rows=1 width=4) (actual time=0.017..0.018 rows=1 loops=1)
                                 Buckets: 1024  Batches: 1  Memory Usage: 9kB
                                 Buffers: shared hit=1
                                 ->  Seq Scan on role_type rt  (cost=0.00..1.15 rows=1 width=4) (actual time=0.010..0.011 rows=1 loops=1)
                                       Filter: ((role)::text = 'editor'::text)
                                       Rows Removed by Filter: 11
                                       Buffers: shared hit=1
                     ->  Index Scan using name_pkey on name n  (cost=0.43..2.32 rows=1 width=4) (actual time=0.048..0.048 rows=0 loops=28900)
                           Index Cond: (id = ci.person_id)
                           Filter: ((gender)::text = 'f'::text)
                           Rows Removed by Filter: 1
                           Buffers: shared hit=100410 read=15190
 Planning:
   Buffers: shared hit=577
 Planning Time: 13.684 ms
 Execution Time: 30188.437 ms
(78 rows)

