                                                                                                            QUERY PLAN                                                                                                            
----------------------------------------------------------------------------------------------------------------------------------------------------------------------------------------------------------------------------------
 Aggregate  (cost=438602.00..438602.01 rows=1 width=8) (actual time=2445.921..2445.930 rows=1 loops=1)
   Buffers: shared hit=225027 read=25474
   ->  Nested Loop  (cost=15875.79..438601.96 rows=16 width=0) (actual time=46.220..2445.782 rows=248 loops=1)
         Buffers: shared hit=225027 read=25474
         ->  Hash Join  (cost=15875.36..438513.82 rows=38 width=4) (actual time=46.179..2422.269 rows=661 loops=1)
               Hash Cond: (ci.role_id = rt.id)
               Buffers: shared hit=222742 read=25115
               ->  Nested Loop  (cost=15874.13..438512.17 rows=115 width=8) (actual time=40.066..2420.674 rows=8606 loops=1)
                     Buffers: shared hit=222741 read=25115
                     ->  Nested Loop  (cost=15873.69..438155.74 rows=8 width=12) (actual time=40.023..2322.192 rows=408 loops=1)
                           Buffers: shared hit=217679 read=20691
                           ->  Seq Scan on info_type it2  (cost=0.00..2.41 rows=1 width=4) (actual time=0.026..0.036 rows=1 loops=1)
                                 Filter: (id = 3)
                                 Rows Removed by Filter: 112
                                 Buffers: shared hit=1
                           ->  Nested Loop  (cost=15873.69..438153.25 rows=8 width=16) (actual time=39.995..2321.991 rows=408 loops=1)
                                 Buffers: shared hit=217678 read=20691
                                 ->  Seq Scan on info_type it1  (cost=0.00..2.41 rows=1 width=4) (actual time=0.007..0.019 rows=1 loops=1)
                                       Filter: (id = 7)
                                       Rows Removed by Filter: 112
                                       Buffers: shared hit=1
                                 ->  Nested Loop  (cost=15873.69..438150.75 rows=8 width=20) (actual time=39.985..2321.821 rows=408 loops=1)
                                       Buffers: shared hit=217677 read=20691
                                       ->  Hash Join  (cost=15873.25..426568.71 rows=267 width=12) (actual time=39.890..2255.671 rows=529 loops=1)
                                             Hash Cond: (t.kind_id = kt.id)
                                             Buffers: shared hit=213854 read=18184
                                             ->  Nested Loop  (cost=15872.14..426563.67 rows=934 width=16) (actual time=39.857..2252.994 rows=11270 loops=1)
                                                   Buffers: shared hit=213853 read=18184
                                                   ->  Bitmap Heap Scan on movie_info mi1  (cost=15871.70..389016.50 rows=5164 width=8) (actual time=38.534..414.065 rows=58207 loops=1)
                                                         Recheck Cond: (info_type_id = 7)
                                                         Filter: ((info)::text = ANY ('{LAB:Technicolor,"MET:100 m","MET:190 m","MET:30.48 m","MET:45.7 m","OFM:16 mm",PCS:(anamorphic),PCS:Panavision,"RAT:1.85 : 1"}'::text[]))
                                                         Rows Removed by Filter: 1343695
                                                         Heap Blocks: exact=10050
                                                         Buffers: shared hit=2620 read=8529
                                                         ->  Bitmap Index Scan on info_type_id_movie_info  (cost=0.00..15870.39 rows=1484527 width=0) (actual time=37.134..37.134 rows=1401902 loops=1)
                                                               Index Cond: (info_type_id = 7)
                                                               Buffers: shared read=1099
                                                   ->  Memoize  (cost=0.44..7.31 rows=1 width=8) (actual time=0.031..0.031 rows=0 loops=58207)
                                                         Cache Key: mi1.movie_id
                                                         Cache Mode: logical
                                                         Hits: 2985  Misses: 55222  Evictions: 0  Overflows: 0  Memory Usage: 4087kB
                                                         Buffers: shared hit=211233 read=9655
                                                         ->  Index Scan using title_pkey on title t  (cost=0.43..7.30 rows=1 width=8) (actual time=0.032..0.032 rows=0 loops=55222)
                                                               Index Cond: (id = mi1.movie_id)
                                                               Filter: ((production_year <= 1975) AND (production_year >= 1875))
                                                               Rows Removed by Filter: 1
                                                               Buffers: shared hit=211233 read=9655
                                             ->  Hash  (cost=1.09..1.09 rows=2 width=4) (actual time=0.012..0.013 rows=2 loops=1)
                                                   Buckets: 1024  Batches: 1  Memory Usage: 9kB
                                                   Buffers: shared hit=1
                                                   ->  Seq Scan on kind_type kt  (cost=0.00..1.09 rows=2 width=4) (actual time=0.007..0.009 rows=2 loops=1)
                                                         Filter: ((kind)::text = ANY ('{"tv movie","tv series"}'::text[]))
                                                         Rows Removed by Filter: 5
                                                         Buffers: shared hit=1
                                       ->  Index Scan using movie_id_movie_info on movie_info mi2  (cost=0.43..43.37 rows=1 width=8) (actual time=0.123..0.124 rows=1 loops=529)
                                             Index Cond: (movie_id = t.id)
                                             Filter: ((info_type_id = 3) AND ((info)::text = ANY ('{Action,Animation,Biography,Comedy,Crime,Drama,Family,Film-Noir,Horror,Romance,Sci-Fi,War,Western}'::text[])))
                                             Rows Removed by Filter: 17
                                             Buffers: shared hit=3823 read=2507
                     ->  Index Scan using movie_id_cast_info on cast_info ci  (cost=0.44..44.17 rows=38 width=12) (actual time=0.031..0.236 rows=21 loops=408)
                           Index Cond: (movie_id = t.id)
                           Buffers: shared hit=5062 read=4424
               ->  Hash  (cost=1.18..1.18 rows=4 width=4) (actual time=0.039..0.040 rows=4 loops=1)
                     Buckets: 1024  Batches: 1  Memory Usage: 9kB
                     Buffers: shared hit=1
                     ->  Seq Scan on role_type rt  (cost=0.00..1.18 rows=4 width=4) (actual time=0.028..0.030 rows=4 loops=1)
                           Filter: ((role)::text = ANY ('{cinematographer,composer,"costume designer","production designer"}'::text[]))
                           Rows Removed by Filter: 8
                           Buffers: shared hit=1
         ->  Index Scan using name_pkey on name n  (cost=0.43..2.32 rows=1 width=4) (actual time=0.035..0.035 rows=0 loops=661)
               Index Cond: (id = ci.person_id)
               Filter: ((gender)::text = 'm'::text)
               Rows Removed by Filter: 1
               Buffers: shared hit=2285 read=359
 Planning:
   Buffers: shared hit=522 read=55
 Planning Time: 13.214 ms
 Execution Time: 2447.478 ms
(78 rows)

