                                                                                               QUERY PLAN                                                                                               
--------------------------------------------------------------------------------------------------------------------------------------------------------------------------------------------------------
 Aggregate  (cost=432063.95..432063.96 rows=1 width=8) (actual time=1078.105..1078.110 rows=1 loops=1)
   Buffers: shared hit=43588 read=32060
   ->  Nested Loop  (cost=32182.69..432063.94 rows=2 width=0) (actual time=319.819..1078.078 rows=27 loops=1)
         Buffers: shared hit=43588 read=32060
         ->  Hash Join  (cost=32182.26..432052.35 rows=5 width=4) (actual time=117.131..1048.415 rows=1244 loops=1)
               Hash Cond: (ci.role_id = rt.id)
               Buffers: shared hit=39650 read=31022
               ->  Nested Loop  (cost=32181.03..432051.07 rows=14 width=8) (actual time=117.040..1047.544 rows=5672 loops=1)
                     Buffers: shared hit=39649 read=31022
                     ->  Nested Loop  (cost=32180.59..432006.51 rows=1 width=12) (actual time=117.003..972.964 rows=1933 loops=1)
                           Buffers: shared hit=31533 read=27707
                           ->  Nested Loop  (cost=32180.59..432004.09 rows=1 width=16) (actual time=116.997..953.753 rows=1933 loops=1)
                                 Buffers: shared hit=29600 read=27707
                                 ->  Nested Loop  (cost=32180.59..432001.67 rows=1 width=20) (actual time=116.977..932.475 rows=1933 loops=1)
                                       Buffers: shared hit=27667 read=27707
                                       ->  Hash Join  (cost=32180.16..429420.49 rows=60 width=12) (actual time=99.774..820.373 rows=1988 loops=1)
                                             Hash Cond: (t.kind_id = kt.id)
                                             Buffers: shared hit=12153 read=23653
                                             ->  Nested Loop  (cost=32178.96..429419.00 rows=69 width=16) (actual time=99.737..819.776 rows=1988 loops=1)
                                                   Buffers: shared hit=12152 read=23653
                                                   ->  Bitmap Heap Scan on movie_info mi1  (cost=32178.53..426213.24 rows=384 width=8) (actual time=99.683..779.200 rows=1988 loops=1)
                                                         Recheck Cond: (info_type_id = 16)
                                                         Filter: ((info)::text = ANY ('{France:1908,France:1909,Italy:1913,USA:1954,"USA:January 1903"}'::text[]))
                                                         Rows Removed by Filter: 3034731
                                                         Heap Blocks: exact=25474
                                                         Buffers: shared hit=4532 read=23321
                                                         ->  Bitmap Index Scan on info_type_id_movie_info  (cost=0.00..32178.44 rows=3010400 width=0) (actual time=78.135..78.136 rows=3036719 loops=1)
                                                               Index Cond: (info_type_id = 16)
                                                               Buffers: shared hit=1 read=2378
                                                   ->  Index Scan using title_pkey on title t  (cost=0.43..8.35 rows=1 width=8) (actual time=0.020..0.020 rows=1 loops=1988)
                                                         Index Cond: (id = mi1.movie_id)
                                                         Filter: ((production_year <= 1975) AND (production_year >= 1875))
                                                         Buffers: shared hit=7620 read=332
                                             ->  Hash  (cost=1.12..1.12 rows=6 width=4) (actual time=0.016..0.017 rows=6 loops=1)
                                                   Buckets: 1024  Batches: 1  Memory Usage: 9kB
                                                   Buffers: shared hit=1
                                                   ->  Seq Scan on kind_type kt  (cost=0.00..1.12 rows=6 width=4) (actual time=0.008..0.010 rows=6 loops=1)
                                                         Filter: ((kind)::text = ANY ('{episode,movie,"tv movie","tv series","video game","video movie"}'::text[]))
                                                         Rows Removed by Filter: 1
                                                         Buffers: shared hit=1
                                       ->  Index Scan using movie_id_movie_info on movie_info mi2  (cost=0.43..43.01 rows=1 width=8) (actual time=0.030..0.056 rows=1 loops=1988)
                                             Index Cond: (movie_id = t.id)
                                             Filter: ((info_type_id = 6) AND ((info)::text = ANY ('{"4-Track Stereo","70 mm 6-Track","Dolby Digital",Mono,Silent,Stereo}'::text[])))
                                             Rows Removed by Filter: 10
                                             Buffers: shared hit=15514 read=4054
                                 ->  Seq Scan on info_type it1  (cost=0.00..2.41 rows=1 width=4) (actual time=0.006..0.010 rows=1 loops=1933)
                                       Filter: (id = 16)
                                       Rows Removed by Filter: 112
                                       Buffers: shared hit=1933
                           ->  Seq Scan on info_type it2  (cost=0.00..2.41 rows=1 width=4) (actual time=0.005..0.009 rows=1 loops=1933)
                                 Filter: (id = 6)
                                 Rows Removed by Filter: 112
                                 Buffers: shared hit=1933
                     ->  Index Scan using movie_id_cast_info on cast_info ci  (cost=0.44..44.17 rows=38 width=12) (actual time=0.019..0.038 rows=3 loops=1933)
                           Index Cond: (movie_id = t.id)
                           Buffers: shared hit=8116 read=3315
               ->  Hash  (cost=1.18..1.18 rows=4 width=4) (actual time=0.036..0.037 rows=4 loops=1)
                     Buckets: 1024  Batches: 1  Memory Usage: 9kB
                     Buffers: shared hit=1
                     ->  Seq Scan on role_type rt  (cost=0.00..1.18 rows=4 width=4) (actual time=0.025..0.028 rows=4 loops=1)
                           Filter: ((role)::text = ANY ('{actress,composer,"costume designer",editor}'::text[]))
                           Rows Removed by Filter: 8
                           Buffers: shared hit=1
         ->  Index Scan using name_pkey on name n  (cost=0.43..2.32 rows=1 width=4) (actual time=0.024..0.024 rows=0 loops=1244)
               Index Cond: (id = ci.person_id)
               Filter: ((gender)::text = 'm'::text)
               Rows Removed by Filter: 1
               Buffers: shared hit=3938 read=1038
 Planning:
   Buffers: shared hit=574
 Planning Time: 13.566 ms
 Execution Time: 1078.665 ms
(72 rows)

