                                                                                                                                                                                                                                                                                                          QUERY PLAN                                                                                                                                                                                                                                                                                                           
-------------------------------------------------------------------------------------------------------------------------------------------------------------------------------------------------------------------------------------------------------------------------------------------------------------------------------------------------------------------------------------------------------------------------------------------------------------------------------------------------------------------------------------------------------------------------------------------------------------------------------
 Aggregate  (cost=446916.64..446916.65 rows=1 width=8) (actual time=4404.736..4404.743 rows=1 loops=1)
   Buffers: shared hit=403305 read=51973
   ->  Nested Loop  (cost=7082.01..446916.63 rows=3 width=0) (actual time=20.976..4401.592 rows=17292 loops=1)
         Buffers: shared hit=403305 read=51973
         ->  Hash Join  (cost=7081.58..446900.40 rows=7 width=4) (actual time=20.884..3653.311 rows=21524 loops=1)
               Hash Cond: (ci.role_id = rt.id)
               Buffers: shared hit=320290 read=48892
               ->  Nested Loop  (cost=7080.38..446899.09 rows=29 width=8) (actual time=20.828..3633.481 rows=79039 loops=1)
                     Buffers: shared hit=320289 read=48892
                     ->  Nested Loop  (cost=7079.94..446809.38 rows=2 width=12) (actual time=20.798..2668.765 rows=4729 loops=1)
                           Buffers: shared hit=248609 read=28926
                           ->  Seq Scan on info_type it2  (cost=0.00..2.41 rows=1 width=4) (actual time=0.031..0.037 rows=1 loops=1)
                                 Filter: (id = 18)
                                 Rows Removed by Filter: 112
                                 Buffers: shared hit=1
                           ->  Nested Loop  (cost=7079.94..446806.95 rows=2 width=16) (actual time=20.767..2667.465 rows=4729 loops=1)
                                 Buffers: shared hit=248608 read=28926
                                 ->  Seq Scan on info_type it1  (cost=0.00..2.41 rows=1 width=4) (actual time=0.008..0.016 rows=1 loops=1)
                                       Filter: (id = 8)
                                       Rows Removed by Filter: 112
                                       Buffers: shared hit=1
                                 ->  Nested Loop  (cost=7079.94..446804.52 rows=2 width=20) (actual time=20.755..2666.208 rows=4729 loops=1)
                                       Buffers: shared hit=248607 read=28926
                                       ->  Hash Join  (cost=7079.47..443826.70 rows=69 width=12) (actual time=20.670..1443.028 rows=12911 loops=1)
                                             Hash Cond: (t.kind_id = kt.id)
                                             Buffers: shared hit=113958 read=22571
                                             ->  Nested Loop  (cost=7078.32..443825.04 rows=120 width=16) (actual time=20.627..1436.075 rows=16023 loops=1)
                                                   Buffers: shared hit=113957 read=22571
                                                   ->  Bitmap Heap Scan on movie_info mi2  (cost=7077.89..436858.23 rows=846 width=8) (actual time=20.535..351.826 rows=32259 loops=1)
                                                         Recheck Cond: (info_type_id = 18)
                                                         Filter: ((info)::text = ANY ('{"20th Century Fox Studios - 10201 Pico Blvd., Century City, Los Angeles, California, USA","CBS Studio 50, New York City, New York, USA","Iverson Ranch - 1 Iverson Lane, Chatsworth, Los Angeles, California, USA","Mexico City, Distrito Federal, Mexico","New York City, New York, USA","Republic Studios - 4024 Radford Avenue, North Hollywood, Los Angeles, California, USA","Revue Studios, Hollywood, Los Angeles, California, USA","Universal Studios - 100 Universal City Plaza, Universal City, California, USA"}'::text[]))
                                                         Rows Removed by Filter: 628664
                                                         Heap Blocks: exact=6972
                                                         Buffers: shared hit=2816 read=4676
                                                         ->  Bitmap Index Scan on info_type_id_movie_info  (cost=0.00..7077.68 rows=662032 width=0) (actual time=19.671..19.671 rows=660923 loops=1)
                                                               Index Cond: (info_type_id = 18)
                                                               Buffers: shared hit=1 read=519
                                                   ->  Index Scan using title_pkey on title t  (cost=0.43..8.24 rows=1 width=8) (actual time=0.033..0.033 rows=0 loops=32259)
                                                         Index Cond: (id = mi2.movie_id)
                                                         Filter: ((production_year <= 1975) AND (production_year >= 1925))
                                                         Rows Removed by Filter: 1
                                                         Buffers: shared hit=111141 read=17895
                                             ->  Hash  (cost=1.10..1.10 rows=4 width=4) (actual time=0.019..0.020 rows=4 loops=1)
                                                   Buckets: 1024  Batches: 1  Memory Usage: 9kB
                                                   Buffers: shared hit=1
                                                   ->  Seq Scan on kind_type kt  (cost=0.00..1.10 rows=4 width=4) (actual time=0.008..0.010 rows=4 loops=1)
                                                         Filter: ((kind)::text = ANY ('{episode,"tv movie","tv series","video movie"}'::text[]))
                                                         Rows Removed by Filter: 3
                                                         Buffers: shared hit=1
                                       ->  Index Scan using movie_id_movie_info on movie_info mi1  (cost=0.47..43.15 rows=1 width=8) (actual time=0.092..0.094 rows=0 loops=12911)
                                             Index Cond: (movie_id = t.id)
                                             Filter: ((info_type_id = 8) AND ((info)::text = ANY ('{Czechoslovakia,"East Germany",Germany,India,Japan,Mexico,Philippines,Portugal,"Soviet Union",Sweden,UK,USA,"West Germany",Yugoslavia}'::text[])))
                                             Rows Removed by Filter: 10
                                             Buffers: shared hit=134649 read=6355
                     ->  Index Scan using movie_id_cast_info on cast_info ci  (cost=0.44..44.48 rows=38 width=12) (actual time=0.036..0.199 rows=17 loops=4729)
                           Index Cond: (movie_id = t.id)
                           Buffers: shared hit=71680 read=19966
               ->  Hash  (cost=1.17..1.17 rows=3 width=4) (actual time=0.034..0.034 rows=3 loops=1)
                     Buckets: 1024  Batches: 1  Memory Usage: 9kB
                     Buffers: shared hit=1
                     ->  Seq Scan on role_type rt  (cost=0.00..1.17 rows=3 width=4) (actual time=0.024..0.027 rows=3 loops=1)
                           Filter: ((role)::text = ANY ('{actress,"miscellaneous crew",producer}'::text[]))
                           Rows Removed by Filter: 9
                           Buffers: shared hit=1
         ->  Index Scan using name_pkey on name n  (cost=0.43..2.32 rows=1 width=4) (actual time=0.034..0.034 rows=1 loops=21524)
               Index Cond: (id = ci.person_id)
               Filter: (((gender)::text = 'f'::text) OR (gender IS NULL))
               Rows Removed by Filter: 0
               Buffers: shared hit=83015 read=3081
 Planning:
   Buffers: shared hit=577
 Planning Time: 11.318 ms
 Execution Time: 4405.283 ms
(73 rows)

