                                                                                             QUERY PLAN                                                                                              
-----------------------------------------------------------------------------------------------------------------------------------------------------------------------------------------------------
 Aggregate  (cost=457805.54..457805.55 rows=1 width=8) (actual time=1372.828..1372.835 rows=1 loops=1)
   Buffers: shared hit=119506 read=20259
   ->  Nested Loop  (cost=8154.91..457805.53 rows=3 width=0) (actual time=27.142..1372.630 rows=1559 loops=1)
         Buffers: shared hit=119506 read=20259
         ->  Hash Join  (cost=8154.48..457793.94 rows=5 width=4) (actual time=27.104..1315.739 rows=1682 loops=1)
               Hash Cond: (ci.role_id = rt.id)
               Buffers: shared hit=114378 read=18659
               ->  Nested Loop  (cost=8153.25..457792.66 rows=14 width=8) (actual time=24.467..1314.380 rows=7867 loops=1)
                     Buffers: shared hit=114377 read=18659
                     ->  Nested Loop  (cost=8152.81..457749.00 rows=1 width=12) (actual time=24.442..1220.947 rows=396 loops=1)
                           Buffers: shared hit=110764 read=13462
                           ->  Nested Loop  (cost=8152.81..457746.58 rows=1 width=16) (actual time=24.437..1216.155 rows=396 loops=1)
                                 Buffers: shared hit=110368 read=13462
                                 ->  Nested Loop  (cost=8152.81..457744.15 rows=1 width=20) (actual time=24.423..1211.320 rows=396 loops=1)
                                       Buffers: shared hit=109972 read=13462
                                       ->  Hash Join  (cost=8152.37..454778.77 rows=70 width=12) (actual time=23.969..901.050 rows=3858 loops=1)
                                             Hash Cond: (t.kind_id = kt.id)
                                             Buffers: shared hit=77479 read=7222
                                             ->  Nested Loop  (cost=8151.24..454776.95 rows=164 width=16) (actual time=22.982..897.900 rows=19530 loops=1)
                                                   Buffers: shared hit=77478 read=7222
                                                   ->  Bitmap Heap Scan on movie_info mi2  (cost=8150.81..453301.76 rows=175 width=8) (actual time=22.941..332.760 rows=19769 loops=1)
                                                         Recheck Cond: (info_type_id = 1)
                                                         Filter: ((info)::text = ANY ('{130,25,32,78,82,87,Canada:4,USA:80,USA:97}'::text[]))
                                                         Rows Removed by Filter: 782371
                                                         Heap Blocks: exact=4993
                                                         Buffers: shared hit=2425 read=3199
                                                         ->  Bitmap Index Scan on info_type_id_movie_info  (cost=0.00..8150.77 rows=762444 width=0) (actual time=22.118..22.118 rows=802140 loops=1)
                                                               Index Cond: (info_type_id = 1)
                                                               Buffers: shared hit=1 read=630
                                                   ->  Index Scan using title_pkey on title t  (cost=0.43..8.43 rows=1 width=8) (actual time=0.028..0.028 rows=1 loops=19769)
                                                         Index Cond: (id = mi2.movie_id)
                                                         Filter: ((production_year <= 2015) AND (production_year >= 1925))
                                                         Rows Removed by Filter: 0
                                                         Buffers: shared hit=75053 read=4023
                                             ->  Hash  (cost=1.10..1.10 rows=3 width=4) (actual time=0.016..0.017 rows=3 loops=1)
                                                   Buckets: 1024  Batches: 1  Memory Usage: 9kB
                                                   Buffers: shared hit=1
                                                   ->  Seq Scan on kind_type kt  (cost=0.00..1.10 rows=3 width=4) (actual time=0.007..0.008 rows=3 loops=1)
                                                         Filter: ((kind)::text = ANY ('{episode,"tv series","video game"}'::text[]))
                                                         Rows Removed by Filter: 4
                                                         Buffers: shared hit=1
                                       ->  Index Scan using movie_id_movie_info on movie_info mi1  (cost=0.43..42.35 rows=1 width=8) (actual time=0.079..0.080 rows=0 loops=3858)
                                             Index Cond: (movie_id = t.id)
                                             Filter: ((info_type_id = 3) AND ((info)::text = ANY ('{Drama,Fantasy,Mystery,Sport,Thriller}'::text[])))
                                             Rows Removed by Filter: 10
                                             Buffers: shared hit=32493 read=6240
                                 ->  Seq Scan on info_type it1  (cost=0.00..2.41 rows=1 width=4) (actual time=0.005..0.011 rows=1 loops=396)
                                       Filter: (id = 3)
                                       Rows Removed by Filter: 112
                                       Buffers: shared hit=396
                           ->  Seq Scan on info_type it2  (cost=0.00..2.41 rows=1 width=4) (actual time=0.005..0.011 rows=1 loops=396)
                                 Filter: (id = 1)
                                 Rows Removed by Filter: 112
                                 Buffers: shared hit=396
                     ->  Index Scan using movie_id_cast_info on cast_info ci  (cost=0.44..43.28 rows=38 width=12) (actual time=0.035..0.232 rows=20 loops=396)
                           Index Cond: (movie_id = t.id)
                           Buffers: shared hit=3613 read=5197
               ->  Hash  (cost=1.18..1.18 rows=4 width=4) (actual time=0.028..0.029 rows=4 loops=1)
                     Buckets: 1024  Batches: 1  Memory Usage: 9kB
                     Buffers: shared hit=1
                     ->  Seq Scan on role_type rt  (cost=0.00..1.18 rows=4 width=4) (actual time=0.021..0.023 rows=4 loops=1)
                           Filter: ((role)::text = ANY ('{composer,"miscellaneous crew","production designer",writer}'::text[]))
                           Rows Removed by Filter: 8
                           Buffers: shared hit=1
         ->  Index Scan using name_pkey on name n  (cost=0.43..2.32 rows=1 width=4) (actual time=0.033..0.033 rows=1 loops=1682)
               Index Cond: (id = ci.person_id)
               Filter: (((gender)::text = 'm'::text) OR (gender IS NULL))
               Rows Removed by Filter: 0
               Buffers: shared hit=5128 read=1600
 Planning:
   Buffers: shared hit=574
 Planning Time: 11.723 ms
 Execution Time: 1373.261 ms
(73 rows)

