                                                                                                            QUERY PLAN                                                                                                            
----------------------------------------------------------------------------------------------------------------------------------------------------------------------------------------------------------------------------------
 Aggregate  (cost=435782.98..435782.99 rows=1 width=8) (actual time=8699.039..8699.045 rows=1 loops=1)
   Buffers: shared hit=765507 read=136382
   ->  Nested Loop  (cost=15875.18..435782.97 rows=6 width=0) (actual time=38.249..8692.007 rows=43551 loops=1)
         Buffers: shared hit=765507 read=136382
         ->  Hash Join  (cost=15874.75..435759.77 rows=10 width=4) (actual time=38.207..7166.228 rows=44951 loops=1)
               Hash Cond: (ci.role_id = rt.id)
               Buffers: shared hit=594939 read=127146
               ->  Nested Loop  (cost=15873.52..435758.44 rows=29 width=8) (actual time=38.078..7108.066 rows=288909 loops=1)
                     Buffers: shared hit=594938 read=127146
                     ->  Nested Loop  (cost=15873.08..435669.33 rows=2 width=12) (actual time=38.050..4027.026 rows=18187 loops=1)
                           Buffers: shared hit=319079 read=66434
                           ->  Seq Scan on info_type it2  (cost=0.00..2.41 rows=1 width=4) (actual time=0.029..0.037 rows=1 loops=1)
                                 Filter: (id = 7)
                                 Rows Removed by Filter: 112
                                 Buffers: shared hit=1
                           ->  Nested Loop  (cost=15873.08..435666.90 rows=2 width=16) (actual time=38.020..4022.713 rows=18187 loops=1)
                                 Buffers: shared hit=319078 read=66434
                                 ->  Seq Scan on info_type it1  (cost=0.00..2.41 rows=1 width=4) (actual time=0.012..0.022 rows=1 loops=1)
                                       Filter: (id = 6)
                                       Rows Removed by Filter: 112
                                       Buffers: shared hit=1
                                 ->  Nested Loop  (cost=15873.08..435664.47 rows=2 width=20) (actual time=38.005..4018.282 rows=18187 loops=1)
                                       Buffers: shared hit=319077 read=66434
                                       ->  Hash Join  (cost=15872.63..424242.51 rows=266 width=12) (actual time=37.973..1973.332 rows=19381 loops=1)
                                             Hash Cond: (t.kind_id = kt.id)
                                             Buffers: shared hit=149788 read=18650
                                             ->  Nested Loop  (cost=15871.47..424239.39 rows=466 width=16) (actual time=37.924..1964.086 rows=19382 loops=1)
                                                   Buffers: shared hit=149787 read=18650
                                                   ->  Bitmap Heap Scan on movie_info mi2  (cost=15871.03..404111.67 rows=2576 width=8) (actual time=37.829..656.137 rows=39535 loops=1)
                                                         Recheck Cond: (info_type_id = 7)
                                                         Filter: ((info)::text = ANY ('{MET:,"PFM:16 mm","PFM:70 mm",PFM:Video,"RAT:1.36 : 1"}'::text[]))
                                                         Rows Removed by Filter: 1362367
                                                         Heap Blocks: exact=10050
                                                         Buffers: shared hit=1246 read=9903
                                                         ->  Bitmap Index Scan on info_type_id_movie_info  (cost=0.00..15870.39 rows=1484527 width=0) (actual time=36.464..36.464 rows=1401902 loops=1)
                                                               Index Cond: (info_type_id = 7)
                                                               Buffers: shared hit=1 read=1098
                                                   ->  Memoize  (cost=0.44..7.83 rows=1 width=8) (actual time=0.033..0.033 rows=0 loops=39535)
                                                         Cache Key: mi2.movie_id
                                                         Cache Mode: logical
                                                         Hits: 213  Misses: 39322  Evictions: 0  Overflows: 0  Memory Usage: 3365kB
                                                         Buffers: shared hit=148541 read=8747
                                                         ->  Index Scan using title_pkey on title t  (cost=0.43..7.82 rows=1 width=8) (actual time=0.032..0.032 rows=0 loops=39322)
                                                               Index Cond: (id = mi2.movie_id)
                                                               Filter: ((production_year <= 1975) AND (production_year >= 1875))
                                                               Rows Removed by Filter: 1
                                                               Buffers: shared hit=148541 read=8747
                                             ->  Hash  (cost=1.10..1.10 rows=4 width=4) (actual time=0.018..0.019 rows=4 loops=1)
                                                   Buckets: 1024  Batches: 1  Memory Usage: 9kB
                                                   Buffers: shared hit=1
                                                   ->  Seq Scan on kind_type kt  (cost=0.00..1.10 rows=4 width=4) (actual time=0.009..0.011 rows=4 loops=1)
                                                         Filter: ((kind)::text = ANY ('{episode,movie,"tv movie","tv series"}'::text[]))
                                                         Rows Removed by Filter: 3
                                                         Buffers: shared hit=1
                                       ->  Index Scan using movie_id_movie_info on movie_info mi1  (cost=0.46..42.93 rows=1 width=8) (actual time=0.052..0.105 rows=1 loops=19381)
                                             Index Cond: (movie_id = t.id)
                                             Filter: ((info_type_id = 6) AND ((info)::text = ANY ('{"4-Track Stereo","AGA Sound System",Cinephone,"De Forest Phonofilm","Dolby Digital",Mono,Silent,Stereo,Vitaphone}'::text[])))
                                             Rows Removed by Filter: 14
                                             Buffers: shared hit=169289 read=47784
                     ->  Index Scan using movie_id_cast_info on cast_info ci  (cost=0.44..44.17 rows=38 width=12) (actual time=0.034..0.165 rows=16 loops=18187)
                           Index Cond: (movie_id = t.id)
                           Buffers: shared hit=275859 read=60712
               ->  Hash  (cost=1.18..1.18 rows=4 width=4) (actual time=0.039..0.039 rows=4 loops=1)
                     Buckets: 1024  Batches: 1  Memory Usage: 9kB
                     Buffers: shared hit=1
                     ->  Seq Scan on role_type rt  (cost=0.00..1.18 rows=4 width=4) (actual time=0.026..0.029 rows=4 loops=1)
                           Filter: ((role)::text = ANY ('{director,guest,"production designer",writer}'::text[]))
                           Rows Removed by Filter: 8
                           Buffers: shared hit=1
         ->  Index Scan using name_pkey on name n  (cost=0.43..2.32 rows=1 width=4) (actual time=0.033..0.033 rows=1 loops=44951)
               Index Cond: (id = ci.person_id)
               Filter: (((gender)::text = 'm'::text) OR (gender IS NULL))
               Rows Removed by Filter: 0
               Buffers: shared hit=170568 read=9236
 Planning:
   Buffers: shared hit=577
 Planning Time: 12.396 ms
 Execution Time: 8700.220 ms
(78 rows)

