                                                                                                                    QUERY PLAN                                                                                                                    
--------------------------------------------------------------------------------------------------------------------------------------------------------------------------------------------------------------------------------------------------
 Aggregate  (cost=558817.15..558817.16 rows=1 width=8) (actual time=56092.198..56092.205 rows=1 loops=1)
   Buffers: shared hit=5175099 read=339019
   ->  Nested Loop  (cost=4698.15..558817.03 rows=50 width=0) (actual time=21.035..55964.160 rows=769717 loops=1)
         Buffers: shared hit=5175099 read=339019
         ->  Hash Join  (cost=4697.72..558629.15 rows=81 width=4) (actual time=20.998..26273.947 rows=772263 loops=1)
               Hash Cond: (ci.role_id = rt.id)
               Buffers: shared hit=2125578 read=299488
               ->  Nested Loop  (cost=4696.49..558627.06 rows=244 width=8) (actual time=20.940..25822.831 rows=1395654 loops=1)
                     Buffers: shared hit=2125577 read=299488
                     ->  Nested Loop  (cost=4696.05..557869.63 rows=17 width=12) (actual time=20.908..10494.306 rows=36335 loops=1)
                           Buffers: shared hit=810135 read=136180
                           ->  Seq Scan on info_type it2  (cost=0.00..2.41 rows=1 width=4) (actual time=0.028..0.038 rows=1 loops=1)
                                 Filter: (id = 5)
                                 Rows Removed by Filter: 112
                                 Buffers: shared hit=1
                           ->  Nested Loop  (cost=4696.05..557867.05 rows=17 width=16) (actual time=20.878..10483.696 rows=36335 loops=1)
                                 Buffers: shared hit=810134 read=136180
                                 ->  Seq Scan on info_type it1  (cost=0.00..2.41 rows=1 width=4) (actual time=0.008..0.021 rows=1 loops=1)
                                       Filter: (id = 2)
                                       Rows Removed by Filter: 112
                                       Buffers: shared hit=1
                                 ->  Nested Loop  (cost=4696.05..557864.47 rows=17 width=20) (actual time=20.867..10472.565 rows=36335 loops=1)
                                       Buffers: shared hit=810133 read=136180
                                       ->  Hash Join  (cost=4695.62..541637.70 rows=379 width=12) (actual time=20.804..3891.248 rows=35583 loops=1)
                                             Hash Cond: (t.kind_id = kt.id)
                                             Buffers: shared hit=297808 read=44937
                                             ->  Nested Loop  (cost=4694.42..541634.64 rows=442 width=16) (actual time=20.761..3868.450 rows=35583 loops=1)
                                                   Buffers: shared hit=297807 read=44937
                                                   ->  Bitmap Heap Scan on movie_info mi2  (cost=4693.98..522445.42 rows=2446 width=8) (actual time=19.135..686.574 rows=118491 loops=1)
                                                         Recheck Cond: (info_type_id = 5)
                                                         Filter: ((info)::text = ANY ('{Argentina:Atp,Australia:M,Canada:G,Finland:K-16,Finland:S,Germany:12,India:U,Portugal:M/12,Singapore:PG,UK:15,UK:PG,USA:Approved,USA:PG,USA:R}'::text[]))
                                                         Rows Removed by Filter: 368063
                                                         Heap Blocks: exact=19164
                                                         Buffers: shared hit=2537 read=17035
                                                         ->  Bitmap Index Scan on info_type_id_movie_info  (cost=0.00..4693.37 rows=439058 width=0) (actual time=16.527..16.527 rows=486554 loops=1)
                                                               Index Cond: (info_type_id = 5)
                                                               Buffers: shared read=408
                                                   ->  Memoize  (cost=0.44..7.86 rows=1 width=8) (actual time=0.026..0.026 rows=0 loops=118491)
                                                         Cache Key: mi2.movie_id
                                                         Cache Mode: logical
                                                         Hits: 37698  Misses: 80793  Evictions: 0  Overflows: 0  Memory Usage: 6384kB
                                                         Buffers: shared hit=295270 read=27902
                                                         ->  Index Scan using title_pkey on title t  (cost=0.43..7.85 rows=1 width=8) (actual time=0.037..0.037 rows=0 loops=80793)
                                                               Index Cond: (id = mi2.movie_id)
                                                               Filter: ((production_year <= 1975) AND (production_year >= 1875))
                                                               Rows Removed by Filter: 1
                                                               Buffers: shared hit=295270 read=27902
                                             ->  Hash  (cost=1.12..1.12 rows=6 width=4) (actual time=0.018..0.019 rows=6 loops=1)
                                                   Buckets: 1024  Batches: 1  Memory Usage: 9kB
                                                   Buffers: shared hit=1
                                                   ->  Seq Scan on kind_type kt  (cost=0.00..1.12 rows=6 width=4) (actual time=0.009..0.011 rows=6 loops=1)
                                                         Filter: ((kind)::text = ANY ('{episode,movie,"tv movie","tv series","video game","video movie"}'::text[]))
                                                         Rows Removed by Filter: 1
                                                         Buffers: shared hit=1
                                       ->  Index Scan using movie_id_movie_info on movie_info mi1  (cost=0.43..42.80 rows=1 width=8) (actual time=0.162..0.184 rows=1 loops=35583)
                                             Index Cond: (movie_id = t.id)
                                             Filter: (((info)::text = ANY ('{"Black and White",Color}'::text[])) AND (info_type_id = 2))
                                             Rows Removed by Filter: 45
                                             Buffers: shared hit=512325 read=91243
                     ->  Index Scan using movie_id_cast_info on cast_info ci  (cost=0.44..44.17 rows=38 width=12) (actual time=0.040..0.409 rows=38 loops=36335)
                           Index Cond: (movie_id = t.id)
                           Buffers: shared hit=1315442 read=163308
               ->  Hash  (cost=1.18..1.18 rows=4 width=4) (actual time=0.033..0.034 rows=4 loops=1)
                     Buckets: 1024  Batches: 1  Memory Usage: 9kB
                     Buffers: shared hit=1
                     ->  Seq Scan on role_type rt  (cost=0.00..1.18 rows=4 width=4) (actual time=0.023..0.027 rows=4 loops=1)
                           Filter: ((role)::text = ANY ('{actor,"costume designer",guest,"production designer"}'::text[]))
                           Rows Removed by Filter: 8
                           Buffers: shared hit=1
         ->  Index Scan using name_pkey on name n  (cost=0.43..2.32 rows=1 width=4) (actual time=0.038..0.038 rows=1 loops=772263)
               Index Cond: (id = ci.person_id)
               Filter: (((gender)::text = 'm'::text) OR (gender IS NULL))
               Rows Removed by Filter: 0
               Buffers: shared hit=3049521 read=39531
 Planning:
   Buffers: shared hit=529 read=45
 Planning Time: 13.365 ms
 Execution Time: 56094.084 ms
(78 rows)

