                                                                                                                      QUERY PLAN                                                                                                                      
------------------------------------------------------------------------------------------------------------------------------------------------------------------------------------------------------------------------------------------------------
 Aggregate  (cost=832520.16..832520.17 rows=1 width=8) (actual time=63449.311..63449.320 rows=1 loops=1)
   Buffers: shared hit=5591843 read=664143
   ->  Nested Loop  (cost=5098.11..832519.96 rows=77 width=0) (actual time=16.350..63430.697 rows=67032 loops=1)
         Buffers: shared hit=5591843 read=664143
         ->  Seq Scan on info_type it2  (cost=0.00..2.41 rows=1 width=4) (actual time=0.048..0.059 rows=1 loops=1)
               Filter: (id = 8)
               Rows Removed by Filter: 112
               Buffers: shared hit=1
         ->  Nested Loop  (cost=5098.11..832516.78 rows=77 width=4) (actual time=16.300..63414.769 rows=67032 loops=1)
               Buffers: shared hit=5591842 read=664143
               ->  Seq Scan on info_type it1  (cost=0.00..2.41 rows=1 width=4) (actual time=0.013..0.026 rows=1 loops=1)
                     Filter: (id = 6)
                     Rows Removed by Filter: 112
                     Buffers: shared hit=1
               ->  Nested Loop  (cost=5098.11..832513.60 rows=77 width=8) (actual time=16.284..63397.684 rows=67032 loops=1)
                     Buffers: shared hit=5591841 read=664143
                     ->  Hash Join  (cost=5097.68..832281.65 rows=100 width=12) (actual time=16.239..60588.191 rows=67032 loops=1)
                           Hash Cond: (ci.role_id = rt.id)
                           Buffers: shared hit=5366327 read=621529
                           ->  Nested Loop  (cost=5096.52..832276.21 rows=1204 width=16) (actual time=16.180..60270.568 rows=1443220 loops=1)
                                 Buffers: shared hit=5366326 read=621529
                                 ->  Nested Loop  (cost=5096.08..828605.77 rows=84 width=20) (actual time=16.149..43191.182 rows=42712 loops=1)
                                       Buffers: shared hit=4228651 read=221071
                                       ->  Hash Join  (cost=5095.64..461178.33 rows=8575 width=12) (actual time=15.081..17995.519 rows=196640 loops=1)
                                             Hash Cond: (t.kind_id = kt.id)
                                             Buffers: shared hit=1793794 read=46779
                                             ->  Nested Loop  (cost=5094.47..461126.56 rows=12004 width=16) (actual time=15.036..17894.270 rows=198407 loops=1)
                                                   Buffers: shared hit=1793793 read=46779
                                                   ->  Bitmap Heap Scan on movie_info mi1  (cost=5094.03..374664.45 rows=15034 width=8) (actual time=14.982..309.184 rows=470570 loops=1)
                                                         Recheck Cond: (info_type_id = 6)
                                                         Filter: ((info)::text = ANY ('{"70 mm 6-Track",DTS,Datasat,"Dolby Digital EX","Dolby Digital","Dolby SR",Dolby,Mono,SDDS,Silent,Stereo}'::text[]))
                                                         Rows Removed by Filter: 3873
                                                         Heap Blocks: exact=3206
                                                         Buffers: shared hit=84 read=3496
                                                         ->  Bitmap Index Scan on info_type_id_movie_info  (cost=0.00..5090.24 rows=475974 width=0) (actual time=14.624..14.624 rows=474443 loops=1)
                                                               Index Cond: (info_type_id = 6)
                                                               Buffers: shared hit=1 read=373
                                                   ->  Memoize  (cost=0.44..5.85 rows=1 width=8) (actual time=0.037..0.037 rows=0 loops=470570)
                                                         Cache Key: mi1.movie_id
                                                         Cache Mode: logical
                                                         Hits: 11322  Misses: 459248  Evictions: 356831  Overflows: 0  Memory Usage: 8193kB
                                                         Buffers: shared hit=1793709 read=43283
                                                         ->  Index Scan using title_pkey on title t  (cost=0.43..5.84 rows=1 width=8) (actual time=0.036..0.036 rows=0 loops=459248)
                                                               Index Cond: (id = mi1.movie_id)
                                                               Filter: ((production_year <= 2015) AND (production_year >= 1975))
                                                               Rows Removed by Filter: 1
                                                               Buffers: shared hit=1793709 read=43283
                                             ->  Hash  (cost=1.11..1.11 rows=5 width=4) (actual time=0.020..0.022 rows=5 loops=1)
                                                   Buckets: 1024  Batches: 1  Memory Usage: 9kB
                                                   Buffers: shared hit=1
                                                   ->  Seq Scan on kind_type kt  (cost=0.00..1.11 rows=5 width=4) (actual time=0.010..0.013 rows=5 loops=1)
                                                         Filter: ((kind)::text = ANY ('{episode,movie,"tv movie","tv series","video movie"}'::text[]))
                                                         Rows Removed by Filter: 2
                                                         Buffers: shared hit=1
                                       ->  Index Scan using movie_id_movie_info on movie_info mi2  (cost=0.43..42.84 rows=1 width=8) (actual time=0.126..0.128 rows=0 loops=196640)
                                             Index Cond: (movie_id = t.id)
                                             Filter: ((info_type_id = 8) AND ((info)::text = ANY ('{Denmark,Germany,Ireland,Italy,Netherlands,Poland,Russia,"South Korea","Soviet Union",Switzerland,Taiwan,UK,"West Germany",Yugoslavia}'::text[])))
                                             Rows Removed by Filter: 26
                                             Buffers: shared hit=2434857 read=174292
                                 ->  Index Scan using movie_id_cast_info on cast_info ci  (cost=0.44..43.32 rows=38 width=12) (actual time=0.041..0.389 rows=34 loops=42712)
                                       Index Cond: (movie_id = t.id)
                                       Buffers: shared hit=1137675 read=400458
                           ->  Hash  (cost=1.15..1.15 rows=1 width=4) (actual time=0.018..0.019 rows=1 loops=1)
                                 Buckets: 1024  Batches: 1  Memory Usage: 9kB
                                 Buffers: shared hit=1
                                 ->  Seq Scan on role_type rt  (cost=0.00..1.15 rows=1 width=4) (actual time=0.010..0.012 rows=1 loops=1)
                                       Filter: ((role)::text = 'writer'::text)
                                       Rows Removed by Filter: 11
                                       Buffers: shared hit=1
                     ->  Index Scan using name_pkey on name n  (cost=0.43..2.32 rows=1 width=4) (actual time=0.041..0.041 rows=1 loops=67032)
                           Index Cond: (id = ci.person_id)
                           Filter: (((gender)::text = ANY ('{f,m}'::text[])) OR (gender IS NULL))
                           Buffers: shared hit=225514 read=42614
 Planning:
   Buffers: shared hit=577
 Planning Time: 12.596 ms
 Execution Time: 63452.206 ms
(77 rows)

