                                                                                             QUERY PLAN                                                                                              
-----------------------------------------------------------------------------------------------------------------------------------------------------------------------------------------------------
 Aggregate  (cost=498939.00..498939.01 rows=1 width=8) (actual time=5451.805..5451.815 rows=1 loops=1)
   Buffers: shared hit=431235 read=122433
   ->  Nested Loop  (cost=8155.20..498939.00 rows=2 width=0) (actual time=84.061..5450.768 rows=4063 loops=1)
         Buffers: shared hit=431235 read=122433
         ->  Hash Join  (cost=8154.77..498925.09 rows=6 width=4) (actual time=68.049..4145.902 rows=38640 loops=1)
               Hash Cond: (ci.role_id = rt.id)
               Buffers: shared hit=294964 read=104144
               ->  Nested Loop  (cost=8153.51..498923.79 rows=14 width=8) (actual time=67.981..4127.055 rows=68121 loops=1)
                     Buffers: shared hit=294963 read=104144
                     ->  Nested Loop  (cost=8153.07..498879.43 rows=1 width=12) (actual time=67.918..3290.400 rows=2797 loops=1)
                           Buffers: shared hit=246609 read=77265
                           ->  Nested Loop  (cost=8153.07..498877.00 rows=1 width=16) (actual time=67.900..3239.620 rows=2797 loops=1)
                                 Buffers: shared hit=243812 read=77265
                                 ->  Nested Loop  (cost=8153.07..498874.58 rows=1 width=20) (actual time=67.868..3189.053 rows=2797 loops=1)
                                       Buffers: shared hit=241015 read=77265
                                       ->  Hash Join  (cost=8152.64..491780.98 rows=165 width=12) (actual time=40.586..1760.736 rows=12812 loops=1)
                                             Hash Cond: (t.kind_id = kt.id)
                                             Buffers: shared hit=143858 read=25367
                                             ->  Nested Loop  (cost=8151.46..491778.82 rows=232 width=16) (actual time=40.537..1754.744 rows=15278 loops=1)
                                                   Buffers: shared hit=143857 read=25367
                                                   ->  Bitmap Heap Scan on movie_info mi2  (cost=8151.03..483128.08 rows=1058 width=8) (actual time=40.330..499.730 rows=40900 loops=1)
                                                         Recheck Cond: (info_type_id = 1)
                                                         Filter: ((info)::text = ANY ('{108,26,73,75,79,82,90,91,UK:30,USA:100,USA:25}'::text[]))
                                                         Rows Removed by Filter: 761240
                                                         Heap Blocks: exact=4993
                                                         Buffers: shared hit=498 read=5126
                                                         ->  Bitmap Index Scan on info_type_id_movie_info  (cost=0.00..8150.77 rows=762444 width=0) (actual time=38.486..38.487 rows=802140 loops=1)
                                                               Index Cond: (info_type_id = 1)
                                                               Buffers: shared hit=1 read=630
                                                   ->  Index Scan using title_pkey on title t  (cost=0.43..8.18 rows=1 width=8) (actual time=0.030..0.030 rows=0 loops=40900)
                                                         Index Cond: (id = mi2.movie_id)
                                                         Filter: ((production_year <= 1990) AND (production_year >= 1950))
                                                         Rows Removed by Filter: 1
                                                         Buffers: shared hit=143359 read=20241
                                             ->  Hash  (cost=1.11..1.11 rows=5 width=4) (actual time=0.024..0.025 rows=5 loops=1)
                                                   Buckets: 1024  Batches: 1  Memory Usage: 9kB
                                                   Buffers: shared hit=1
                                                   ->  Seq Scan on kind_type kt  (cost=0.00..1.11 rows=5 width=4) (actual time=0.014..0.016 rows=5 loops=1)
                                                         Filter: ((kind)::text = ANY ('{movie,"tv movie","tv series","video game","video movie"}'::text[]))
                                                         Rows Removed by Filter: 2
                                                         Buffers: shared hit=1
                                       ->  Index Scan using movie_id_movie_info on movie_info mi1  (cost=0.43..42.98 rows=1 width=8) (actual time=0.097..0.111 rows=0 loops=12812)
                                             Index Cond: (movie_id = t.id)
                                             Filter: ((info_type_id = 4) AND ((info)::text = ANY ('{Danish,Georgian,German,None,Persian,Polish,Russian,Spanish}'::text[])))
                                             Rows Removed by Filter: 15
                                             Buffers: shared hit=97157 read=51898
                                 ->  Seq Scan on info_type it1  (cost=0.00..2.41 rows=1 width=4) (actual time=0.009..0.016 rows=1 loops=2797)
                                       Filter: (id = 4)
                                       Rows Removed by Filter: 112
                                       Buffers: shared hit=2797
                           ->  Seq Scan on info_type it2  (cost=0.00..2.41 rows=1 width=4) (actual time=0.008..0.016 rows=1 loops=2797)
                                 Filter: (id = 1)
                                 Rows Removed by Filter: 112
                                 Buffers: shared hit=2797
                     ->  Index Scan using movie_id_cast_info on cast_info ci  (cost=0.44..43.98 rows=38 width=12) (actual time=0.038..0.293 rows=24 loops=2797)
                           Index Cond: (movie_id = t.id)
                           Buffers: shared hit=48354 read=26879
               ->  Hash  (cost=1.20..1.20 rows=5 width=4) (actual time=0.040..0.042 rows=5 loops=1)
                     Buckets: 1024  Batches: 1  Memory Usage: 9kB
                     Buffers: shared hit=1
                     ->  Seq Scan on role_type rt  (cost=0.00..1.20 rows=5 width=4) (actual time=0.028..0.034 rows=5 loops=1)
                           Filter: ((role)::text = ANY ('{actor,"costume designer",director,producer,"production designer"}'::text[]))
                           Rows Removed by Filter: 7
                           Buffers: shared hit=1
         ->  Index Scan using name_pkey on name n  (cost=0.43..2.32 rows=1 width=4) (actual time=0.033..0.033 rows=0 loops=38640)
               Index Cond: (id = ci.person_id)
               Filter: (gender IS NULL)
               Rows Removed by Filter: 1
               Buffers: shared hit=136271 read=18289
 Planning:
   Buffers: shared hit=574
 Planning Time: 12.296 ms
 Execution Time: 5452.379 ms
(73 rows)

