                                                                                                                            QUERY PLAN                                                                                                                            
------------------------------------------------------------------------------------------------------------------------------------------------------------------------------------------------------------------------------------------------------------------
 Aggregate  (cost=512738.62..512738.63 rows=1 width=8) (actual time=41546.633..41546.640 rows=1 loops=1)
   Buffers: shared hit=3655155 read=616767
   ->  Nested Loop  (cost=4697.57..512738.60 rows=7 width=0) (actual time=18.452..41519.311 rows=146278 loops=1)
         Buffers: shared hit=3655155 read=616767
         ->  Hash Join  (cost=4697.14..512694.58 rows=19 width=4) (actual time=18.411..31413.224 rows=284625 loops=1)
               Hash Cond: (ci.role_id = rt.id)
               Buffers: shared hit=2575767 read=557655
               ->  Nested Loop  (cost=4695.91..512693.14 rows=57 width=8) (actual time=18.324..30959.420 rows=2367074 loops=1)
                     Buffers: shared hit=2575766 read=557655
                     ->  Nested Loop  (cost=4695.47..512518.22 rows=4 width=12) (actual time=18.288..8047.867 rows=32667 loops=1)
                           Buffers: shared hit=591274 read=148993
                           ->  Seq Scan on info_type it2  (cost=0.00..2.41 rows=1 width=4) (actual time=0.022..0.041 rows=1 loops=1)
                                 Filter: (id = 5)
                                 Rows Removed by Filter: 112
                                 Buffers: shared hit=1
                           ->  Nested Loop  (cost=4695.47..512515.76 rows=4 width=16) (actual time=18.265..8038.356 rows=32667 loops=1)
                                 Buffers: shared hit=591273 read=148993
                                 ->  Seq Scan on info_type it1  (cost=0.00..2.41 rows=1 width=4) (actual time=0.006..0.017 rows=1 loops=1)
                                       Filter: (id = 2)
                                       Rows Removed by Filter: 112
                                       Buffers: shared hit=1
                                 ->  Nested Loop  (cost=4695.47..512513.31 rows=4 width=20) (actual time=18.257..8028.619 rows=32667 loops=1)
                                       Buffers: shared hit=591272 read=148993
                                       ->  Hash Join  (cost=4695.03..508836.89 rows=87 width=12) (actual time=18.175..1978.888 rows=31996 loops=1)
                                             Hash Cond: (t.kind_id = kt.id)
                                             Buffers: shared hit=130492 read=35965
                                             ->  Nested Loop  (cost=4693.84..508835.27 rows=101 width=16) (actual time=18.141..1957.406 rows=31996 loops=1)
                                                   Buffers: shared hit=130491 read=35965
                                                   ->  Bitmap Heap Scan on movie_info mi2  (cost=4693.41..507613.66 rows=145 width=8) (actual time=18.089..613.606 rows=36721 loops=1)
                                                         Recheck Cond: (info_type_id = 5)
                                                         Filter: ((info)::text = ANY ('{Australia:MA,Brazil:14,Canada:18A,Finland:K-11,Finland:K-15,Germany:16,Germany:o.Al.,India:A,Netherlands:12,Philippines:R-18,Switzerland:14,USA:T,USA:Unrated}'::text[]))
                                                         Rows Removed by Filter: 449833
                                                         Heap Blocks: exact=19164
                                                         Buffers: shared hit=3385 read=16187
                                                         ->  Bitmap Index Scan on info_type_id_movie_info  (cost=0.00..4693.37 rows=439058 width=0) (actual time=14.792..14.792 rows=486554 loops=1)
                                                               Index Cond: (info_type_id = 5)
                                                               Buffers: shared read=408
                                                   ->  Index Scan using title_pkey on title t  (cost=0.43..8.42 rows=1 width=8) (actual time=0.036..0.036 rows=1 loops=36721)
                                                         Index Cond: (id = mi2.movie_id)
                                                         Filter: ((production_year <= 2015) AND (production_year >= 1990))
                                                         Rows Removed by Filter: 0
                                                         Buffers: shared hit=127106 read=19778
                                             ->  Hash  (cost=1.12..1.12 rows=6 width=4) (actual time=0.016..0.017 rows=6 loops=1)
                                                   Buckets: 1024  Batches: 1  Memory Usage: 9kB
                                                   Buffers: shared hit=1
                                                   ->  Seq Scan on kind_type kt  (cost=0.00..1.12 rows=6 width=4) (actual time=0.009..0.011 rows=6 loops=1)
                                                         Filter: ((kind)::text = ANY ('{episode,movie,"tv movie","tv series","video game","video movie"}'::text[]))
                                                         Rows Removed by Filter: 1
                                                         Buffers: shared hit=1
                                       ->  Index Scan using movie_id_movie_info on movie_info mi1  (cost=0.43..42.25 rows=1 width=8) (actual time=0.168..0.188 rows=1 loops=31996)
                                             Index Cond: (movie_id = t.id)
                                             Filter: (((info)::text = ANY ('{"Black and White",Color}'::text[])) AND (info_type_id = 2))
                                             Rows Removed by Filter: 78
                                             Buffers: shared hit=460780 read=113028
                     ->  Index Scan using movie_id_cast_info on cast_info ci  (cost=0.44..43.35 rows=38 width=12) (actual time=0.038..0.683 rows=72 loops=32667)
                           Index Cond: (movie_id = t.id)
                           Buffers: shared hit=1984492 read=408662
               ->  Hash  (cost=1.18..1.18 rows=4 width=4) (actual time=0.028..0.028 rows=4 loops=1)
                     Buckets: 1024  Batches: 1  Memory Usage: 9kB
                     Buffers: shared hit=1
                     ->  Seq Scan on role_type rt  (cost=0.00..1.18 rows=4 width=4) (actual time=0.021..0.023 rows=4 loops=1)
                           Filter: ((role)::text = ANY ('{"costume designer",editor,producer,"production designer"}'::text[]))
                           Rows Removed by Filter: 8
                           Buffers: shared hit=1
         ->  Index Scan using name_pkey on name n  (cost=0.43..2.32 rows=1 width=4) (actual time=0.035..0.035 rows=1 loops=284625)
               Index Cond: (id = ci.person_id)
               Filter: (gender IS NULL)
               Rows Removed by Filter: 0
               Buffers: shared hit=1079388 read=59112
 Planning:
   Buffers: shared hit=529 read=45
 Planning Time: 9.573 ms
 Execution Time: 41547.196 ms
(73 rows)

