                                                                                                                      QUERY PLAN                                                                                                                       
-------------------------------------------------------------------------------------------------------------------------------------------------------------------------------------------------------------------------------------------------------
 Aggregate  (cost=364503.16..364503.17 rows=1 width=8) (actual time=1229.411..1229.417 rows=1 loops=1)
   Buffers: shared hit=95446 read=21687
   ->  Nested Loop  (cost=2.17..364503.16 rows=1 width=0) (actual time=171.395..1229.403 rows=8 loops=1)
         Buffers: shared hit=95446 read=21687
         ->  Nested Loop  (cost=1.74..364498.52 rows=2 width=4) (actual time=101.315..1221.807 rows=182 loops=1)
               Join Filter: (ci.role_id = rt.id)
               Rows Removed by Join Filter: 1860
               Buffers: shared hit=94926 read=21479
               ->  Nested Loop  (cost=1.74..364496.96 rows=14 width=8) (actual time=81.547..1221.049 rows=1089 loops=1)
                     Buffers: shared hit=94925 read=21479
                     ->  Nested Loop  (cost=1.30..364453.26 rows=1 width=12) (actual time=81.511..1205.115 rows=53 loops=1)
                           Buffers: shared hit=94605 read=20710
                           ->  Nested Loop  (cost=1.30..364450.84 rows=1 width=16) (actual time=81.502..1203.453 rows=53 loops=1)
                                 Buffers: shared hit=94552 read=20710
                                 ->  Nested Loop  (cost=1.30..364448.42 rows=1 width=20) (actual time=81.486..1202.285 rows=53 loops=1)
                                       Buffers: shared hit=94499 read=20710
                                       ->  Nested Loop  (cost=0.86..363303.96 rows=27 width=12) (actual time=0.510..750.866 rows=3821 loops=1)
                                             Join Filter: (t.kind_id = kt.id)
                                             Rows Removed by Join Filter: 66571
                                             Buffers: shared hit=64125 read=6961
                                             ->  Nested Loop  (cost=0.86..363300.23 rows=38 width=16) (actual time=0.409..733.687 rows=16137 loops=1)
                                                   Buffers: shared hit=64124 read=6961
                                                   ->  Index Scan using info_type_id_movie_info on movie_info mi2  (cost=0.43..362894.51 rows=48 width=8) (actual time=0.357..161.755 rows=16503 loops=1)
                                                         Index Cond: (info_type_id = 105)
                                                         Filter: ((info)::text = ANY ('{"$10,000,000",$100,"$2,000","$2,000,000","$250,000","$3,000","$30,000","$35,000","$40,000",$500,"$500,000","$75,000","£1,000","€ 10,000","€ 5,000"}'::text[]))
                                                         Rows Removed by Filter: 105360
                                                         Buffers: shared hit=908 read=4165
                                                   ->  Index Scan using title_pkey on title t  (cost=0.43..8.45 rows=1 width=8) (actual time=0.034..0.034 rows=1 loops=16503)
                                                         Index Cond: (id = mi2.movie_id)
                                                         Filter: ((production_year <= 2015) AND (production_year >= 1975))
                                                         Rows Removed by Filter: 0
                                                         Buffers: shared hit=63216 read=2796
                                             ->  Materialize  (cost=0.00..1.14 rows=5 width=4) (actual time=0.000..0.000 rows=4 loops=16137)
                                                   Buffers: shared hit=1
                                                   ->  Seq Scan on kind_type kt  (cost=0.00..1.11 rows=5 width=4) (actual time=0.009..0.011 rows=5 loops=1)
                                                         Filter: ((kind)::text = ANY ('{episode,"tv movie","tv series","video game","video movie"}'::text[]))
                                                         Rows Removed by Filter: 2
                                                         Buffers: shared hit=1
                                       ->  Index Scan using movie_id_movie_info on movie_info mi1  (cost=0.43..42.38 rows=1 width=8) (actual time=0.118..0.118 rows=0 loops=3821)
                                             Index Cond: (movie_id = t.id)
                                             Filter: ((info_type_id = 8) AND ((info)::text = ANY ('{Brazil,Denmark,Finland,Netherlands,Russia}'::text[])))
                                             Rows Removed by Filter: 11
                                             Buffers: shared hit=30374 read=13749
                                 ->  Seq Scan on info_type it1  (cost=0.00..2.41 rows=1 width=4) (actual time=0.009..0.018 rows=1 loops=53)
                                       Filter: (id = 8)
                                       Rows Removed by Filter: 112
                                       Buffers: shared hit=53
                           ->  Seq Scan on info_type it2  (cost=0.00..2.41 rows=1 width=4) (actual time=0.028..0.029 rows=1 loops=53)
                                 Filter: (id = 105)
                                 Rows Removed by Filter: 112
                                 Buffers: shared hit=53
                     ->  Index Scan using movie_id_cast_info on cast_info ci  (cost=0.44..43.32 rows=38 width=12) (actual time=0.046..0.293 rows=21 loops=53)
                           Index Cond: (movie_id = t.id)
                           Buffers: shared hit=320 read=769
               ->  Materialize  (cost=0.00..1.16 rows=2 width=4) (actual time=0.000..0.000 rows=2 loops=1089)
                     Buffers: shared hit=1
                     ->  Seq Scan on role_type rt  (cost=0.00..1.15 rows=2 width=4) (actual time=0.008..0.010 rows=2 loops=1)
                           Filter: ((role)::text = ANY ('{composer,producer}'::text[]))
                           Rows Removed by Filter: 10
                           Buffers: shared hit=1
         ->  Index Scan using name_pkey on name n  (cost=0.43..2.32 rows=1 width=4) (actual time=0.041..0.041 rows=0 loops=182)
               Index Cond: (id = ci.person_id)
               Filter: ((gender)::text = 'f'::text)
               Rows Removed by Filter: 1
               Buffers: shared hit=520 read=208
 Planning:
   Buffers: shared hit=507 read=67
 Planning Time: 10.114 ms
 Execution Time: 1229.818 ms
(69 rows)

