                                                                                               QUERY PLAN                                                                                               
--------------------------------------------------------------------------------------------------------------------------------------------------------------------------------------------------------
 Aggregate  (cost=460850.12..460850.13 rows=1 width=8) (actual time=5439.449..5439.456 rows=1 loops=1)
   Buffers: shared hit=409864 read=48093
   ->  Nested Loop  (cost=13059.81..460850.09 rows=12 width=0) (actual time=87.774..5438.264 rows=5146 loops=1)
         Buffers: shared hit=409864 read=48093
         ->  Hash Join  (cost=13059.38..460808.34 rows=18 width=4) (actual time=67.335..4777.973 rows=13977 loops=1)
               Hash Cond: (ci.role_id = rt.id)
               Buffers: shared hit=356915 read=45134
               ->  Nested Loop  (cost=13058.13..460806.93 rows=43 width=8) (actual time=54.959..4767.425 rows=33587 loops=1)
                     Buffers: shared hit=356914 read=45134
                     ->  Nested Loop  (cost=13057.69..460673.27 rows=3 width=12) (actual time=54.915..4226.570 rows=4191 loops=1)
                           Buffers: shared hit=320421 read=35804
                           ->  Seq Scan on info_type it2  (cost=0.00..2.41 rows=1 width=4) (actual time=0.030..0.036 rows=1 loops=1)
                                 Filter: (id = 4)
                                 Rows Removed by Filter: 112
                                 Buffers: shared hit=1
                           ->  Nested Loop  (cost=13057.69..460670.82 rows=3 width=16) (actual time=54.884..4225.482 rows=4191 loops=1)
                                 Buffers: shared hit=320420 read=35804
                                 ->  Seq Scan on info_type it1  (cost=0.00..2.41 rows=1 width=4) (actual time=0.008..0.015 rows=1 loops=1)
                                       Filter: (id = 3)
                                       Rows Removed by Filter: 112
                                       Buffers: shared hit=1
                                 ->  Nested Loop  (cost=13057.69..460668.38 rows=3 width=20) (actual time=54.873..4224.334 rows=4191 loops=1)
                                       Buffers: shared hit=320419 read=35804
                                       ->  Hash Join  (cost=13057.25..454473.54 rows=144 width=12) (actual time=38.743..2599.983 rows=16846 loops=1)
                                             Hash Cond: (t.kind_id = kt.id)
                                             Buffers: shared hit=192479 read=16122
                                             ->  Nested Loop  (cost=13056.08..454471.52 rows=201 width=16) (actual time=38.701..2591.142 rows=16846 loops=1)
                                                   Buffers: shared hit=192478 read=16122
                                                   ->  Bitmap Heap Scan on movie_info mi2  (cost=13055.65..445383.89 rows=1113 width=8) (actual time=38.563..696.983 rows=49797 loops=1)
                                                         Recheck Cond: (info_type_id = 4)
                                                         Filter: ((info)::text = ANY ('{Albanian,Filipino,Finnish,Mandarin,None,Norwegian,Serbo-Croatian,Tagalog}'::text[]))
                                                         Rows Removed by Filter: 1249192
                                                         Heap Blocks: exact=8393
                                                         Buffers: shared hit=2577 read=6835
                                                         ->  Bitmap Index Scan on info_type_id_movie_info  (cost=0.00..13055.37 rows=1221191 width=0) (actual time=36.002..36.002 rows=1298989 loops=1)
                                                               Index Cond: (info_type_id = 4)
                                                               Buffers: shared read=1019
                                                   ->  Index Scan using title_pkey on title t  (cost=0.43..8.16 rows=1 width=8) (actual time=0.038..0.038 rows=0 loops=49797)
                                                         Index Cond: (id = mi2.movie_id)
                                                         Filter: ((production_year <= 1975) AND (production_year >= 1875))
                                                         Rows Removed by Filter: 1
                                                         Buffers: shared hit=189901 read=9287
                                             ->  Hash  (cost=1.11..1.11 rows=5 width=4) (actual time=0.016..0.017 rows=5 loops=1)
                                                   Buckets: 1024  Batches: 1  Memory Usage: 9kB
                                                   Buffers: shared hit=1
                                                   ->  Seq Scan on kind_type kt  (cost=0.00..1.11 rows=5 width=4) (actual time=0.007..0.010 rows=5 loops=1)
                                                         Filter: ((kind)::text = ANY ('{episode,movie,"tv movie","tv series","video game"}'::text[]))
                                                         Rows Removed by Filter: 2
                                                         Buffers: shared hit=1
                                       ->  Index Scan using movie_id_movie_info on movie_info mi1  (cost=0.43..43.01 rows=1 width=8) (actual time=0.096..0.096 rows=0 loops=16846)
                                             Index Cond: (movie_id = t.id)
                                             Filter: ((info_type_id = 3) AND ((info)::text = ANY ('{Adventure,Fantasy,Film-Noir,News,Short,Sport}'::text[])))
                                             Rows Removed by Filter: 7
                                             Buffers: shared hit=127940 read=19682
                     ->  Index Scan using movie_id_cast_info on cast_info ci  (cost=0.44..44.17 rows=38 width=12) (actual time=0.045..0.126 rows=8 loops=4191)
                           Index Cond: (movie_id = t.id)
                           Buffers: shared hit=36493 read=9330
               ->  Hash  (cost=1.20..1.20 rows=5 width=4) (actual time=0.034..0.034 rows=5 loops=1)
                     Buckets: 1024  Batches: 1  Memory Usage: 9kB
                     Buffers: shared hit=1
                     ->  Seq Scan on role_type rt  (cost=0.00..1.20 rows=5 width=4) (actual time=0.024..0.027 rows=5 loops=1)
                           Filter: ((role)::text = ANY ('{cinematographer,director,producer,"production designer",writer}'::text[]))
                           Rows Removed by Filter: 7
                           Buffers: shared hit=1
         ->  Index Scan using name_pkey on name n  (cost=0.43..2.32 rows=1 width=4) (actual time=0.047..0.047 rows=0 loops=13977)
               Index Cond: (id = ci.person_id)
               Filter: ((gender)::text = ANY ('{f,m}'::text[]))
               Rows Removed by Filter: 1
               Buffers: shared hit=52949 read=2959
 Planning:
   Buffers: shared hit=530 read=44
 Planning Time: 13.871 ms
 Execution Time: 5439.961 ms
(73 rows)

