                                                                                                              QUERY PLAN                                                                                                               
---------------------------------------------------------------------------------------------------------------------------------------------------------------------------------------------------------------------------------------
 Aggregate  (cost=480145.53..480145.54 rows=1 width=8) (actual time=3203.138..3203.144 rows=1 loops=1)
   Buffers: shared hit=84154 read=43428
   ->  Nested Loop  (cost=32182.73..480145.52 rows=3 width=0) (actual time=1730.627..3203.101 rows=45 loops=1)
         Buffers: shared hit=84154 read=43428
         ->  Hash Join  (cost=32182.30..480133.93 rows=5 width=4) (actual time=1729.556..3194.200 rows=211 loops=1)
               Hash Cond: (ci.role_id = rt.id)
               Buffers: shared hit=83682 read=43056
               ->  Nested Loop  (cost=32181.07..480132.65 rows=14 width=8) (actual time=1729.269..3193.817 rows=803 loops=1)
                     Buffers: shared hit=83681 read=43056
                     ->  Nested Loop  (cost=32180.63..480088.99 rows=1 width=12) (actual time=1729.214..3182.471 rows=25 loops=1)
                           Buffers: shared hit=83570 read=42322
                           ->  Nested Loop  (cost=32180.63..480086.57 rows=1 width=16) (actual time=1729.204..3181.898 rows=25 loops=1)
                                 Buffers: shared hit=83545 read=42322
                                 ->  Nested Loop  (cost=32180.63..480084.14 rows=1 width=20) (actual time=1729.172..3181.197 rows=25 loops=1)
                                       Buffers: shared hit=83520 read=42322
                                       ->  Hash Join  (cost=32180.20..461647.81 rows=430 width=12) (actual time=147.566..2356.688 rows=8267 loops=1)
                                             Hash Cond: (t.kind_id = kt.id)
                                             Buffers: shared hit=33660 read=27278
                                             ->  Nested Loop  (cost=32179.00..461644.50 rows=502 width=16) (actual time=147.539..2351.520 rows=8267 loops=1)
                                                   Buffers: shared hit=33659 read=27278
                                                   ->  Bitmap Heap Scan on movie_info mi1  (cost=32178.57..457177.50 rows=537 width=8) (actual time=147.429..1898.453 rows=8271 loops=1)
                                                         Recheck Cond: (info_type_id = 16)
                                                         Filter: ((info)::text = ANY ('{USA:1993,USA:2010,USA:2011,"USA:April 2011","USA:August 2010","USA:January 2010","USA:October 2006"}'::text[]))
                                                         Rows Removed by Filter: 3028448
                                                         Heap Blocks: exact=25474
                                                         Buffers: shared hit=4171 read=23682
                                                         ->  Bitmap Index Scan on info_type_id_movie_info  (cost=0.00..32178.44 rows=3010400 width=0) (actual time=142.653..142.653 rows=3036719 loops=1)
                                                               Index Cond: (info_type_id = 16)
                                                               Buffers: shared hit=1 read=2378
                                                   ->  Index Scan using title_pkey on title t  (cost=0.43..8.32 rows=1 width=8) (actual time=0.054..0.054 rows=1 loops=8271)
                                                         Index Cond: (id = mi1.movie_id)
                                                         Filter: ((production_year <= 2015) AND (production_year >= 1925))
                                                         Rows Removed by Filter: 0
                                                         Buffers: shared hit=29488 read=3596
                                             ->  Hash  (cost=1.12..1.12 rows=6 width=4) (actual time=0.011..0.012 rows=6 loops=1)
                                                   Buckets: 1024  Batches: 1  Memory Usage: 9kB
                                                   Buffers: shared hit=1
                                                   ->  Seq Scan on kind_type kt  (cost=0.00..1.12 rows=6 width=4) (actual time=0.008..0.009 rows=6 loops=1)
                                                         Filter: ((kind)::text = ANY ('{episode,movie,"tv movie","tv series","video game","video movie"}'::text[]))
                                                         Rows Removed by Filter: 1
                                                         Buffers: shared hit=1
                                       ->  Index Scan using movie_id_movie_info on movie_info mi2  (cost=0.43..42.87 rows=1 width=8) (actual time=0.099..0.099 rows=0 loops=8267)
                                             Index Cond: (movie_id = t.id)
                                             Filter: ((info_type_id = 1) AND ((info)::text = ANY ('{119,157,178,Canada:85,Canada:97,France:91,Germany:86,Germany:94,Italy:95,Spain:100,USA:42,USA:43,USA:67,USA:81,USA:86}'::text[])))
                                             Rows Removed by Filter: 8
                                             Buffers: shared hit=49860 read=15044
                                 ->  Seq Scan on info_type it1  (cost=0.00..2.41 rows=1 width=4) (actual time=0.013..0.023 rows=1 loops=25)
                                       Filter: (id = 16)
                                       Rows Removed by Filter: 112
                                       Buffers: shared hit=25
                           ->  Seq Scan on info_type it2  (cost=0.00..2.41 rows=1 width=4) (actual time=0.008..0.020 rows=1 loops=25)
                                 Filter: (id = 1)
                                 Rows Removed by Filter: 112
                                 Buffers: shared hit=25
                     ->  Index Scan using movie_id_cast_info on cast_info ci  (cost=0.44..43.28 rows=38 width=12) (actual time=0.044..0.440 rows=32 loops=25)
                           Index Cond: (movie_id = t.id)
                           Buffers: shared hit=111 read=734
               ->  Hash  (cost=1.18..1.18 rows=4 width=4) (actual time=0.054..0.054 rows=4 loops=1)
                     Buckets: 1024  Batches: 1  Memory Usage: 9kB
                     Buffers: shared hit=1
                     ->  Seq Scan on role_type rt  (cost=0.00..1.18 rows=4 width=4) (actual time=0.042..0.046 rows=4 loops=1)
                           Filter: ((role)::text = ANY ('{actress,composer,"costume designer",director}'::text[]))
                           Rows Removed by Filter: 8
                           Buffers: shared hit=1
         ->  Index Scan using name_pkey on name n  (cost=0.43..2.32 rows=1 width=4) (actual time=0.041..0.041 rows=0 loops=211)
               Index Cond: (id = ci.person_id)
               Filter: (((gender)::text = 'm'::text) OR (gender IS NULL))
               Rows Removed by Filter: 1
               Buffers: shared hit=472 read=372
 Planning:
   Buffers: shared hit=574
 Planning Time: 17.083 ms
 Execution Time: 3203.879 ms
(73 rows)

