                                                                                                  QUERY PLAN                                                                                                  
--------------------------------------------------------------------------------------------------------------------------------------------------------------------------------------------------------------
 Aggregate  (cost=448587.91..448587.92 rows=1 width=8) (actual time=3143.645..3143.653 rows=1 loops=1)
   Buffers: shared hit=268002 read=50951
   ->  Nested Loop  (cost=8155.45..448587.90 rows=4 width=0) (actual time=243.584..3143.598 rows=200 loops=1)
         Buffers: shared hit=268002 read=50951
         ->  Hash Join  (cost=8155.02..448573.98 rows=6 width=4) (actual time=243.507..3134.364 rows=223 loops=1)
               Hash Cond: (ci.role_id = rt.id)
               Buffers: shared hit=267280 read=50781
               ->  Nested Loop  (cost=8153.76..448572.68 rows=14 width=8) (actual time=243.453..3134.186 rows=324 loops=1)
                     Buffers: shared hit=267279 read=50781
                     ->  Nested Loop  (cost=8153.32..448528.12 rows=1 width=12) (actual time=243.385..3128.971 rows=23 loops=1)
                           Buffers: shared hit=267126 read=50546
                           ->  Nested Loop  (cost=8153.32..448525.70 rows=1 width=16) (actual time=243.376..3128.564 rows=23 loops=1)
                                 Buffers: shared hit=267103 read=50546
                                 ->  Nested Loop  (cost=8153.32..448523.28 rows=1 width=20) (actual time=243.341..3128.029 rows=23 loops=1)
                                       Buffers: shared hit=267080 read=50546
                                       ->  Hash Join  (cost=8152.89..441054.27 rows=173 width=12) (actual time=24.163..2722.551 rows=3502 loops=1)
                                             Hash Cond: (t.kind_id = kt.id)
                                             Buffers: shared hit=245369 read=34352
                                             ->  Nested Loop  (cost=8151.75..441051.44 rows=403 width=16) (actual time=23.299..2714.282 rows=37633 loops=1)
                                                   Buffers: shared hit=245368 read=34352
                                                   ->  Bitmap Heap Scan on movie_info mi1  (cost=8151.32..423476.17 rows=2226 width=8) (actual time=22.348..363.620 rows=68524 loops=1)
                                                         Recheck Cond: (info_type_id = 1)
                                                         Filter: ((info)::text = ANY ('{106,30,65,73,75,84,99}'::text[]))
                                                         Rows Removed by Filter: 733616
                                                         Heap Blocks: exact=4993
                                                         Buffers: shared hit=1019 read=4605
                                                         ->  Bitmap Index Scan on info_type_id_movie_info  (cost=0.00..8150.77 rows=762444 width=0) (actual time=21.617..21.617 rows=802140 loops=1)
                                                               Index Cond: (info_type_id = 1)
                                                               Buffers: shared read=631
                                                   ->  Index Scan using title_pkey on title t  (cost=0.43..7.90 rows=1 width=8) (actual time=0.034..0.034 rows=1 loops=68524)
                                                         Index Cond: (id = mi1.movie_id)
                                                         Filter: ((production_year <= 1975) AND (production_year >= 1875))
                                                         Rows Removed by Filter: 0
                                                         Buffers: shared hit=244349 read=29747
                                             ->  Hash  (cost=1.10..1.10 rows=3 width=4) (actual time=0.018..0.019 rows=3 loops=1)
                                                   Buckets: 1024  Batches: 1  Memory Usage: 9kB
                                                   Buffers: shared hit=1
                                                   ->  Seq Scan on kind_type kt  (cost=0.00..1.10 rows=3 width=4) (actual time=0.007..0.008 rows=3 loops=1)
                                                         Filter: ((kind)::text = ANY ('{"tv movie","tv series","video movie"}'::text[]))
                                                         Rows Removed by Filter: 4
                                                         Buffers: shared hit=1
                                       ->  Index Scan using movie_id_movie_info on movie_info mi2  (cost=0.43..43.16 rows=1 width=8) (actual time=0.115..0.115 rows=0 loops=3502)
                                             Index Cond: (movie_id = t.id)
                                             Filter: ((info_type_id = 5) AND ((info)::text = ANY ('{Australia:R,Canada:G,Iceland:L,Netherlands:AL,UK:A,UK:X,USA:Approved,USA:PG,"West Germany:6"}'::text[])))
                                             Rows Removed by Filter: 12
                                             Buffers: shared hit=21711 read=16194
                                 ->  Seq Scan on info_type it1  (cost=0.00..2.41 rows=1 width=4) (actual time=0.010..0.018 rows=1 loops=23)
                                       Filter: (id = 1)
                                       Rows Removed by Filter: 112
                                       Buffers: shared hit=23
                           ->  Seq Scan on info_type it2  (cost=0.00..2.41 rows=1 width=4) (actual time=0.007..0.015 rows=1 loops=23)
                                 Filter: (id = 5)
                                 Rows Removed by Filter: 112
                                 Buffers: shared hit=23
                     ->  Index Scan using movie_id_cast_info on cast_info ci  (cost=0.44..44.17 rows=38 width=12) (actual time=0.044..0.220 rows=14 loops=23)
                           Index Cond: (movie_id = t.id)
                           Buffers: shared hit=153 read=235
               ->  Hash  (cost=1.20..1.20 rows=5 width=4) (actual time=0.033..0.034 rows=5 loops=1)
                     Buckets: 1024  Batches: 1  Memory Usage: 9kB
                     Buffers: shared hit=1
                     ->  Seq Scan on role_type rt  (cost=0.00..1.20 rows=5 width=4) (actual time=0.022..0.025 rows=5 loops=1)
                           Filter: ((role)::text = ANY ('{actor,actress,guest,producer,writer}'::text[]))
                           Rows Removed by Filter: 7
                           Buffers: shared hit=1
         ->  Index Scan using name_pkey on name n  (cost=0.43..2.32 rows=1 width=4) (actual time=0.041..0.041 rows=1 loops=223)
               Index Cond: (id = ci.person_id)
               Filter: ((gender)::text = ANY ('{f,m}'::text[]))
               Rows Removed by Filter: 0
               Buffers: shared hit=722 read=170
 Planning:
   Buffers: shared hit=484 read=90
 Planning Time: 12.568 ms
 Execution Time: 3144.091 ms
(73 rows)

