                                                                                                                                                             QUERY PLAN                                                                                                                                                              
-------------------------------------------------------------------------------------------------------------------------------------------------------------------------------------------------------------------------------------------------------------------------------------------------------------------------------------
 Aggregate  (cost=375933.01..375933.02 rows=1 width=8) (actual time=3826.140..3826.148 rows=1 loops=1)
   Buffers: shared hit=309488 read=82881
   ->  Nested Loop  (cost=4697.55..375933.01 rows=2 width=0) (actual time=45.047..3825.184 rows=4373 loops=1)
         Buffers: shared hit=309488 read=82881
         ->  Hash Join  (cost=4697.12..375923.73 rows=4 width=4) (actual time=44.994..3660.990 rows=4735 loops=1)
               Hash Cond: (ci.role_id = rt.id)
               Buffers: shared hit=291761 read=81668
               ->  Nested Loop  (cost=4695.91..375922.48 rows=14 width=8) (actual time=44.631..3648.302 rows=78171 loops=1)
                     Buffers: shared hit=291760 read=81668
                     ->  Nested Loop  (cost=4695.47..375877.62 rows=1 width=12) (actual time=44.577..2902.166 rows=1191 loops=1)
                           Buffers: shared hit=229632 read=64998
                           ->  Nested Loop  (cost=4695.47..375875.20 rows=1 width=16) (actual time=44.569..2877.067 rows=1191 loops=1)
                                 Buffers: shared hit=228441 read=64998
                                 ->  Nested Loop  (cost=4695.47..375872.78 rows=1 width=20) (actual time=44.546..2854.752 rows=1191 loops=1)
                                       Buffers: shared hit=227250 read=64998
                                       ->  Hash Join  (cost=4695.04..375266.92 rows=14 width=12) (actual time=21.747..1389.613 rows=8593 loops=1)
                                             Hash Cond: (t.kind_id = kt.id)
                                             Buffers: shared hit=124759 read=22378
                                             ->  Nested Loop  (cost=4693.86..375265.66 rows=19 width=16) (actual time=21.702..1385.409 rows=8593 loops=1)
                                                   Buffers: shared hit=124758 read=22378
                                                   ->  Bitmap Heap Scan on movie_info mi1  (cost=4693.43..374133.02 rows=134 width=8) (actual time=21.408..369.953 rows=31891 loops=1)
                                                         Recheck Cond: (info_type_id = 5)
                                                         Filter: ((info)::text = ANY ('{Brazil:14,Finland:S,France:-16,Germany:6,Iceland:L,Japan:G,Netherlands:6,"New Zealand:PG",Norway:A,Peru:14,USA:G,"USA:Not Rated"}'::text[]))
                                                         Rows Removed by Filter: 454663
                                                         Heap Blocks: exact=19164
                                                         Buffers: shared hit=1532 read=18040
                                                         ->  Bitmap Index Scan on info_type_id_movie_info  (cost=0.00..4693.37 rows=439058 width=0) (actual time=17.894..17.894 rows=486554 loops=1)
                                                               Index Cond: (info_type_id = 5)
                                                               Buffers: shared hit=1 read=407
                                                   ->  Index Scan using title_pkey on title t  (cost=0.43..8.45 rows=1 width=8) (actual time=0.031..0.031 rows=0 loops=31891)
                                                         Index Cond: (id = mi1.movie_id)
                                                         Filter: ((production_year <= 1975) AND (production_year >= 1925))
                                                         Rows Removed by Filter: 1
                                                         Buffers: shared hit=123226 read=4338
                                             ->  Hash  (cost=1.11..1.11 rows=5 width=4) (actual time=0.019..0.020 rows=5 loops=1)
                                                   Buckets: 1024  Batches: 1  Memory Usage: 9kB
                                                   Buffers: shared hit=1
                                                   ->  Seq Scan on kind_type kt  (cost=0.00..1.11 rows=5 width=4) (actual time=0.009..0.012 rows=5 loops=1)
                                                         Filter: ((kind)::text = ANY ('{episode,movie,"tv movie","tv series","video movie"}'::text[]))
                                                         Rows Removed by Filter: 2
                                                         Buffers: shared hit=1
                                       ->  Index Scan using movie_id_movie_info on movie_info mi2  (cost=0.43..43.27 rows=1 width=8) (actual time=0.152..0.170 rows=0 loops=8593)
                                             Index Cond: (movie_id = t.id)
                                             Filter: ((info_type_id = 7) AND ((info)::text = ANY ('{"CAM:Bausch & Lomb Lenses","CAM:Panavision Cameras and Lenses","LAB:Consolidated Film Industries (CFI), Hollywood (CA), USA","LAB:Rank Film Laboratories, Denham, UK",PCS:VistaVision,"RAT:1.85 : 1","RAT:2.20 : 1"}'::text[])))
                                             Rows Removed by Filter: 50
                                             Buffers: shared hit=102491 read=42620
                                 ->  Seq Scan on info_type it1  (cost=0.00..2.41 rows=1 width=4) (actual time=0.008..0.016 rows=1 loops=1191)
                                       Filter: (id = 5)
                                       Rows Removed by Filter: 112
                                       Buffers: shared hit=1191
                           ->  Seq Scan on info_type it2  (cost=0.00..2.41 rows=1 width=4) (actual time=0.011..0.019 rows=1 loops=1191)
                                 Filter: (id = 7)
                                 Rows Removed by Filter: 112
                                 Buffers: shared hit=1191
                     ->  Index Scan using movie_id_cast_info on cast_info ci  (cost=0.44..44.48 rows=38 width=12) (actual time=0.036..0.611 rows=66 loops=1191)
                           Index Cond: (movie_id = t.id)
                           Buffers: shared hit=62128 read=16670
               ->  Hash  (cost=1.17..1.17 rows=3 width=4) (actual time=0.040..0.040 rows=3 loops=1)
                     Buckets: 1024  Batches: 1  Memory Usage: 9kB
                     Buffers: shared hit=1
                     ->  Seq Scan on role_type rt  (cost=0.00..1.17 rows=3 width=4) (actual time=0.030..0.033 rows=3 loops=1)
                           Filter: ((role)::text = ANY ('{"costume designer",editor,producer}'::text[]))
                           Rows Removed by Filter: 9
                           Buffers: shared hit=1
         ->  Index Scan using name_pkey on name n  (cost=0.43..2.32 rows=1 width=4) (actual time=0.034..0.034 rows=1 loops=4735)
               Index Cond: (id = ci.person_id)
               Filter: (((gender)::text = 'm'::text) OR (gender IS NULL))
               Rows Removed by Filter: 0
               Buffers: shared hit=17727 read=1213
 Planning:
   Buffers: shared hit=577
 Planning Time: 13.652 ms
 Execution Time: 3826.809 ms
(73 rows)

