                                                                                                        QUERY PLAN                                                                                                         
---------------------------------------------------------------------------------------------------------------------------------------------------------------------------------------------------------------------------
 Aggregate  (cost=671138.47..671138.48 rows=1 width=8) (actual time=41285.025..41285.033 rows=1 loops=1)
   Buffers: shared hit=3921739 read=264381
   ->  Nested Loop  (cost=13062.39..671137.88 rows=236 width=0) (actual time=35.601..41222.075 rows=336287 loops=1)
         Buffers: shared hit=3921739 read=264381
         ->  Hash Join  (cost=13061.96..670043.06 rows=472 width=4) (actual time=35.559..27271.378 rows=371085 loops=1)
               Hash Cond: (ci.role_id = rt.id)
               Buffers: shared hit=2473699 read=228081
               ->  Nested Loop  (cost=13060.70..670037.79 rows=1132 width=8) (actual time=35.140..26938.346 rows=1166020 loops=1)
                     Buffers: shared hit=2473698 read=228081
                     ->  Nested Loop  (cost=13060.26..666533.25 rows=79 width=12) (actual time=35.100..14143.062 rows=56644 loops=1)
                           Buffers: shared hit=1283501 read=105241
                           ->  Seq Scan on info_type it2  (cost=0.00..2.41 rows=1 width=4) (actual time=0.019..0.030 rows=1 loops=1)
                                 Filter: (id = 4)
                                 Rows Removed by Filter: 112
                                 Buffers: shared hit=1
                           ->  Nested Loop  (cost=13060.26..666530.05 rows=79 width=16) (actual time=35.079..14128.033 rows=56644 loops=1)
                                 Buffers: shared hit=1283500 read=105241
                                 ->  Seq Scan on info_type it1  (cost=0.00..2.41 rows=1 width=4) (actual time=0.004..0.017 rows=1 loops=1)
                                       Filter: (id = 3)
                                       Rows Removed by Filter: 112
                                       Buffers: shared hit=1
                                 ->  Nested Loop  (cost=13060.26..666526.84 rows=79 width=20) (actual time=35.072..14112.737 rows=56644 loops=1)
                                       Buffers: shared hit=1283499 read=105241
                                       ->  Hash Join  (cost=13059.79..591370.64 rows=1755 width=12) (actual time=34.980..8706.080 rows=60782 loops=1)
                                             Hash Cond: (t.kind_id = kt.id)
                                             Buffers: shared hit=782813 read=41540
                                             ->  Nested Loop  (cost=13058.61..591359.11 rows=2456 width=16) (actual time=34.953..8672.509 rows=61150 loops=1)
                                                   Buffers: shared hit=782812 read=41540
                                                   ->  Bitmap Heap Scan on movie_info mi2  (cost=13058.17..520532.31 rows=11220 width=8) (actual time=34.881..1111.595 rows=206092 loops=1)
                                                         Recheck Cond: (info_type_id = 4)
                                                         Filter: ((info)::text = ANY ('{Czech,Filipino,Finnish,Georgian,Hindi,Hungarian,Japanese,Malayalam,Norwegian,Polish,Russian,Serbo-Croatian,Spanish}'::text[]))
                                                         Rows Removed by Filter: 1092897
                                                         Heap Blocks: exact=8393
                                                         Buffers: shared hit=512 read=8900
                                                         ->  Bitmap Index Scan on info_type_id_movie_info  (cost=0.00..13055.37 rows=1221191 width=0) (actual time=31.745..31.746 rows=1298989 loops=1)
                                                               Index Cond: (info_type_id = 4)
                                                               Buffers: shared read=1019
                                                   ->  Memoize  (cost=0.44..6.39 rows=1 width=8) (actual time=0.036..0.036 rows=0 loops=206092)
                                                         Cache Key: mi2.movie_id
                                                         Cache Mode: logical
                                                         Hits: 2357  Misses: 203735  Evictions: 97448  Overflows: 0  Memory Usage: 8193kB
                                                         Buffers: shared hit=782300 read=32640
                                                         ->  Index Scan using title_pkey on title t  (cost=0.43..6.38 rows=1 width=8) (actual time=0.035..0.035 rows=0 loops=203735)
                                                               Index Cond: (id = mi2.movie_id)
                                                               Filter: ((production_year <= 1990) AND (production_year >= 1950))
                                                               Rows Removed by Filter: 1
                                                               Buffers: shared hit=782300 read=32640
                                             ->  Hash  (cost=1.11..1.11 rows=5 width=4) (actual time=0.011..0.012 rows=5 loops=1)
                                                   Buckets: 1024  Batches: 1  Memory Usage: 9kB
                                                   Buffers: shared hit=1
                                                   ->  Seq Scan on kind_type kt  (cost=0.00..1.11 rows=5 width=4) (actual time=0.005..0.007 rows=5 loops=1)
                                                         Filter: ((kind)::text = ANY ('{episode,movie,"tv movie","tv series","video game"}'::text[]))
                                                         Rows Removed by Filter: 2
                                                         Buffers: shared hit=1
                                       ->  Index Scan using movie_id_movie_info on movie_info mi1  (cost=0.47..42.81 rows=1 width=8) (actual time=0.087..0.088 rows=1 loops=60782)
                                             Index Cond: (movie_id = t.id)
                                             Filter: ((info_type_id = 3) AND ((info)::text = ANY ('{Action,Animation,Comedy,Crime,Drama,Family,Game-Show,History,Music,Mystery,Romance,Sci-Fi,Short,Sport,War}'::text[])))
                                             Rows Removed by Filter: 8
                                             Buffers: shared hit=500686 read=63701
                     ->  Index Scan using movie_id_cast_info on cast_info ci  (cost=0.44..43.98 rows=38 width=12) (actual time=0.037..0.219 rows=21 loops=56644)
                           Index Cond: (movie_id = t.id)
                           Buffers: shared hit=1190197 read=122840
               ->  Hash  (cost=1.20..1.20 rows=5 width=4) (actual time=0.025..0.026 rows=5 loops=1)
                     Buckets: 1024  Batches: 1  Memory Usage: 9kB
                     Buffers: shared hit=1
                     ->  Seq Scan on role_type rt  (cost=0.00..1.20 rows=5 width=4) (actual time=0.018..0.020 rows=5 loops=1)
                           Filter: ((role)::text = ANY ('{actress,cinematographer,editor,producer,"production designer"}'::text[]))
                           Rows Removed by Filter: 7
                           Buffers: shared hit=1
         ->  Index Scan using name_pkey on name n  (cost=0.43..2.32 rows=1 width=4) (actual time=0.037..0.037 rows=1 loops=371085)
               Index Cond: (id = ci.person_id)
               Filter: (((gender)::text = 'f'::text) OR (gender IS NULL))
               Rows Removed by Filter: 0
               Buffers: shared hit=1448040 read=36300
 Planning:
   Buffers: shared hit=533 read=44
 Planning Time: 9.385 ms
 Execution Time: 41287.719 ms
(78 rows)

