                                                                                                              QUERY PLAN                                                                                                               
---------------------------------------------------------------------------------------------------------------------------------------------------------------------------------------------------------------------------------------
 Aggregate  (cost=585009.04..585009.05 rows=1 width=8) (actual time=69723.799..69723.808 rows=1 loops=1)
   Buffers: shared hit=6547422 read=654069
   ->  Nested Loop  (cost=5097.88..585008.48 rows=224 width=0) (actual time=15.226..69687.430 rows=177684 loops=1)
         Buffers: shared hit=6547422 read=654069
         ->  Hash Join  (cost=5097.45..584210.56 rows=344 width=4) (actual time=14.757..57070.252 rows=340449 loops=1)
               Hash Cond: (ci.role_id = rt.id)
               Buffers: shared hit=5248478 read=591217
               ->  Nested Loop  (cost=5096.22..584205.67 rows=1032 width=8) (actual time=14.667..56600.405 rows=2083432 loops=1)
                     Buffers: shared hit=5248477 read=591217
                     ->  Nested Loop  (cost=5095.78..581011.65 rows=72 width=12) (actual time=14.640..33442.729 rows=82075 loops=1)
                           Buffers: shared hit=3376810 read=176094
                           ->  Seq Scan on info_type it2  (cost=0.00..2.41 rows=1 width=4) (actual time=0.034..0.043 rows=1 loops=1)
                                 Filter: (id = 8)
                                 Rows Removed by Filter: 112
                                 Buffers: shared hit=1
                           ->  Nested Loop  (cost=5095.78..581008.52 rows=72 width=16) (actual time=14.605..33419.290 rows=82075 loops=1)
                                 Buffers: shared hit=3376809 read=176094
                                 ->  Seq Scan on info_type it1  (cost=0.00..2.41 rows=1 width=4) (actual time=0.009..0.020 rows=1 loops=1)
                                       Filter: (id = 6)
                                       Rows Removed by Filter: 112
                                       Buffers: shared hit=1
                                 ->  Nested Loop  (cost=5095.78..581005.39 rows=72 width=20) (actual time=14.593..33396.326 rows=82075 loops=1)
                                       Buffers: shared hit=3376808 read=176094
                                       ->  Hash Join  (cost=5095.34..486526.86 rows=2182 width=12) (actual time=14.362..15863.649 rows=164292 loops=1)
                                             Hash Cond: (t.kind_id = kt.id)
                                             Buffers: shared hit=1640871 read=35098
                                             ->  Nested Loop  (cost=5094.17..486512.82 rows=3055 width=16) (actual time=14.300..15774.254 rows=175008 loops=1)
                                                   Buffers: shared hit=1640870 read=35098
                                                   ->  Bitmap Heap Scan on movie_info mi1  (cost=5093.73..404345.21 rows=13954 width=8) (actual time=14.237..369.718 rows=421182 loops=1)
                                                         Recheck Cond: (info_type_id = 6)
                                                         Filter: ((info)::text = ANY ('{"4-Track Stereo","70 mm 6-Track",Dolby,Mono,Silent,Stereo}'::text[]))
                                                         Rows Removed by Filter: 53261
                                                         Heap Blocks: exact=3206
                                                         Buffers: shared hit=123 read=3457
                                                         ->  Bitmap Index Scan on info_type_id_movie_info  (cost=0.00..5090.24 rows=475974 width=0) (actual time=13.888..13.888 rows=474443 loops=1)
                                                               Index Cond: (info_type_id = 6)
                                                               Buffers: shared read=374
                                                   ->  Memoize  (cost=0.44..5.99 rows=1 width=8) (actual time=0.036..0.036 rows=0 loops=421182)
                                                         Cache Key: mi1.movie_id
                                                         Cache Mode: logical
                                                         Hits: 3085  Misses: 418097  Evictions: 310901  Overflows: 0  Memory Usage: 8193kB
                                                         Buffers: shared hit=1640747 read=31641
                                                         ->  Index Scan using title_pkey on title t  (cost=0.43..5.98 rows=1 width=8) (actual time=0.035..0.035 rows=0 loops=418097)
                                                               Index Cond: (id = mi1.movie_id)
                                                               Filter: ((production_year <= 1990) AND (production_year >= 1950))
                                                               Rows Removed by Filter: 1
                                                               Buffers: shared hit=1640747 read=31641
                                             ->  Hash  (cost=1.11..1.11 rows=5 width=4) (actual time=0.020..0.021 rows=5 loops=1)
                                                   Buckets: 1024  Batches: 1  Memory Usage: 9kB
                                                   Buffers: shared hit=1
                                                   ->  Seq Scan on kind_type kt  (cost=0.00..1.11 rows=5 width=4) (actual time=0.010..0.013 rows=5 loops=1)
                                                         Filter: ((kind)::text = ANY ('{episode,movie,"tv series","video game","video movie"}'::text[]))
                                                         Rows Removed by Filter: 2
                                                         Buffers: shared hit=1
                                       ->  Index Scan using movie_id_movie_info on movie_info mi2  (cost=0.43..43.29 rows=1 width=8) (actual time=0.102..0.106 rows=0 loops=164292)
                                             Index Cond: (movie_id = t.id)
                                             Filter: ((info_type_id = 8) AND ((info)::text = ANY ('{Australia,Austria,Belgium,Bulgaria,Denmark,"Hong Kong",Italy,Japan,Netherlands,Spain,UK,USA,"West Germany",Yugoslavia}'::text[])))
                                             Rows Removed by Filter: 15
                                             Buffers: shared hit=1735937 read=140996
                     ->  Index Scan using movie_id_cast_info on cast_info ci  (cost=0.44..43.98 rows=38 width=12) (actual time=0.038..0.274 rows=25 loops=82075)
                           Index Cond: (movie_id = t.id)
                           Buffers: shared hit=1871667 read=415123
               ->  Hash  (cost=1.18..1.18 rows=4 width=4) (actual time=0.040..0.041 rows=4 loops=1)
                     Buckets: 1024  Batches: 1  Memory Usage: 9kB
                     Buffers: shared hit=1
                     ->  Seq Scan on role_type rt  (cost=0.00..1.18 rows=4 width=4) (actual time=0.029..0.033 rows=4 loops=1)
                           Filter: ((role)::text = ANY ('{cinematographer,composer,director,producer}'::text[]))
                           Rows Removed by Filter: 8
                           Buffers: shared hit=1
         ->  Index Scan using name_pkey on name n  (cost=0.43..2.32 rows=1 width=4) (actual time=0.036..0.036 rows=1 loops=340449)
               Index Cond: (id = ci.person_id)
               Filter: ((gender)::text = ANY ('{f,m}'::text[]))
               Rows Removed by Filter: 0
               Buffers: shared hit=1298944 read=62852
 Planning:
   Buffers: shared hit=486 read=88
 Planning Time: 13.189 ms
 Execution Time: 69726.557 ms
(78 rows)

