                                                                                             QUERY PLAN                                                                                              
-----------------------------------------------------------------------------------------------------------------------------------------------------------------------------------------------------
 Aggregate  (cost=428739.06..428739.07 rows=1 width=8) (actual time=2213.708..2213.717 rows=1 loops=1)
   Buffers: shared hit=178115 read=50972
   ->  Nested Loop  (cost=4697.69..428739.06 rows=3 width=0) (actual time=18.940..2213.610 rows=378 loops=1)
         Buffers: shared hit=178115 read=50972
         ->  Hash Join  (cost=4697.26..428727.46 rows=5 width=4) (actual time=18.901..2184.561 rows=830 loops=1)
               Hash Cond: (ci.role_id = rt.id)
               Buffers: shared hit=175337 read=50430
               ->  Nested Loop  (cost=4696.03..428726.18 rows=14 width=8) (actual time=18.836..2183.172 rows=7360 loops=1)
                     Buffers: shared hit=175336 read=50430
                     ->  Nested Loop  (cost=4695.59..428681.63 rows=1 width=12) (actual time=18.794..2089.905 rows=485 loops=1)
                           Buffers: shared hit=170047 read=47177
                           ->  Nested Loop  (cost=4695.59..428679.21 rows=1 width=16) (actual time=18.786..2080.937 rows=485 loops=1)
                                 Buffers: shared hit=169562 read=47177
                                 ->  Nested Loop  (cost=4695.59..428676.78 rows=1 width=20) (actual time=18.767..2073.384 rows=485 loops=1)
                                       Buffers: shared hit=169077 read=47177
                                       ->  Hash Join  (cost=4695.15..426528.36 rows=50 width=12) (actual time=18.731..1979.824 rows=526 loops=1)
                                             Hash Cond: (t.kind_id = kt.id)
                                             Buffers: shared hit=165261 read=42920
                                             ->  Nested Loop  (cost=4694.04..426526.51 rows=174 width=16) (actual time=18.690..1977.010 rows=13603 loops=1)
                                                   Buffers: shared hit=165260 read=42920
                                                   ->  Bitmap Heap Scan on movie_info mi2  (cost=4693.61..418626.76 rows=963 width=8) (actual time=18.645..409.976 rows=47152 loops=1)
                                                         Recheck Cond: (info_type_id = 5)
                                                         Filter: ((info)::text = ANY ('{Argentina:Atp,Australia:G,Finland:K-12,Finland:K-18,Netherlands:AL,Sweden:Btl,UK:PG}'::text[]))
                                                         Rows Removed by Filter: 439402
                                                         Heap Blocks: exact=19164
                                                         Buffers: shared hit=1910 read=17662
                                                         ->  Bitmap Index Scan on info_type_id_movie_info  (cost=0.00..4693.37 rows=439058 width=0) (actual time=15.957..15.958 rows=486554 loops=1)
                                                               Index Cond: (info_type_id = 5)
                                                               Buffers: shared read=408
                                                   ->  Index Scan using title_pkey on title t  (cost=0.43..8.20 rows=1 width=8) (actual time=0.033..0.033 rows=0 loops=47152)
                                                         Index Cond: (id = mi2.movie_id)
                                                         Filter: ((production_year <= 1975) AND (production_year >= 1875))
                                                         Rows Removed by Filter: 1
                                                         Buffers: shared hit=163350 read=25258
                                             ->  Hash  (cost=1.09..1.09 rows=2 width=4) (actual time=0.016..0.017 rows=2 loops=1)
                                                   Buckets: 1024  Batches: 1  Memory Usage: 9kB
                                                   Buffers: shared hit=1
                                                   ->  Seq Scan on kind_type kt  (cost=0.00..1.09 rows=2 width=4) (actual time=0.009..0.010 rows=2 loops=1)
                                                         Filter: ((kind)::text = ANY ('{"tv movie","tv series"}'::text[]))
                                                         Rows Removed by Filter: 5
                                                         Buffers: shared hit=1
                                       ->  Index Scan using movie_id_movie_info on movie_info mi1  (cost=0.43..42.96 rows=1 width=8) (actual time=0.087..0.177 rows=1 loops=526)
                                             Index Cond: (movie_id = t.id)
                                             Filter: ((info_type_id = 4) AND ((info)::text = ANY ('{Dutch,English,Finnish,French,Russian}'::text[])))
                                             Rows Removed by Filter: 51
                                             Buffers: shared hit=3816 read=4257
                                 ->  Seq Scan on info_type it1  (cost=0.00..2.41 rows=1 width=4) (actual time=0.006..0.013 rows=1 loops=485)
                                       Filter: (id = 4)
                                       Rows Removed by Filter: 112
                                       Buffers: shared hit=485
                           ->  Seq Scan on info_type it2  (cost=0.00..2.41 rows=1 width=4) (actual time=0.009..0.017 rows=1 loops=485)
                                 Filter: (id = 5)
                                 Rows Removed by Filter: 112
                                 Buffers: shared hit=485
                     ->  Index Scan using movie_id_cast_info on cast_info ci  (cost=0.44..44.17 rows=38 width=12) (actual time=0.045..0.188 rows=15 loops=485)
                           Index Cond: (movie_id = t.id)
                           Buffers: shared hit=5289 read=3253
               ->  Hash  (cost=1.18..1.18 rows=4 width=4) (actual time=0.034..0.034 rows=4 loops=1)
                     Buckets: 1024  Batches: 1  Memory Usage: 9kB
                     Buffers: shared hit=1
                     ->  Seq Scan on role_type rt  (cost=0.00..1.18 rows=4 width=4) (actual time=0.025..0.028 rows=4 loops=1)
                           Filter: ((role)::text = ANY ('{"costume designer",editor,guest,producer}'::text[]))
                           Rows Removed by Filter: 8
                           Buffers: shared hit=1
         ->  Index Scan using name_pkey on name n  (cost=0.43..2.32 rows=1 width=4) (actual time=0.034..0.034 rows=0 loops=830)
               Index Cond: (id = ci.person_id)
               Filter: ((gender)::text = ANY ('{f,m}'::text[]))
               Rows Removed by Filter: 1
               Buffers: shared hit=2778 read=542
 Planning:
   Buffers: shared hit=484 read=90
 Planning Time: 10.927 ms
 Execution Time: 2214.420 ms
(73 rows)

