                                                                                               QUERY PLAN                                                                                               
--------------------------------------------------------------------------------------------------------------------------------------------------------------------------------------------------------
 Aggregate  (cost=422027.10..422027.11 rows=1 width=8) (actual time=960.873..960.878 rows=1 loops=1)
   Buffers: shared hit=43296 read=40808
   ->  Nested Loop  (cost=32182.77..422027.10 rows=2 width=0) (actual time=163.517..960.864 rows=12 loops=1)
         Buffers: shared hit=43296 read=40808
         ->  Hash Join  (cost=32182.34..422017.82 rows=4 width=4) (actual time=163.477..959.796 rows=42 loops=1)
               Hash Cond: (ci.role_id = rt.id)
               Buffers: shared hit=43213 read=40723
               ->  Nested Loop  (cost=32181.13..422016.57 rows=14 width=8) (actual time=163.217..959.690 rows=248 loops=1)
                     Buffers: shared hit=43212 read=40723
                     ->  Nested Loop  (cost=32180.69..421972.21 rows=1 width=12) (actual time=163.182..957.485 rows=9 loops=1)
                           Buffers: shared hit=43091 read=40572
                           ->  Nested Loop  (cost=32180.69..421969.78 rows=1 width=16) (actual time=163.173..957.381 rows=9 loops=1)
                                 Buffers: shared hit=43082 read=40572
                                 ->  Nested Loop  (cost=32180.69..421967.36 rows=1 width=20) (actual time=163.156..957.238 rows=9 loops=1)
                                       Buffers: shared hit=43073 read=40572
                                       ->  Hash Join  (cost=32180.26..416441.29 rows=129 width=12) (actual time=84.101..743.064 rows=4842 loops=1)
                                             Hash Cond: (t.kind_id = kt.id)
                                             Buffers: shared hit=16246 read=30992
                                             ->  Nested Loop  (cost=32179.06..416439.45 rows=151 width=16) (actual time=84.045..741.805 rows=4842 loops=1)
                                                   Buffers: shared hit=16245 read=30992
                                                   ->  Bitmap Heap Scan on movie_info mi1  (cost=32178.63..410731.22 rows=690 width=8) (actual time=84.005..621.848 rows=4846 loops=1)
                                                         Recheck Cond: (info_type_id = 16)
                                                         Filter: ((info)::text = ANY ('{Australia:1984,Australia:1985,Australia:1986,USA:1984,USA:1985,USA:1986,USA:1987,USA:1988,USA:1989}'::text[]))
                                                         Rows Removed by Filter: 3031873
                                                         Heap Blocks: exact=25474
                                                         Buffers: shared hit=1678 read=26175
                                                         ->  Bitmap Index Scan on info_type_id_movie_info  (cost=0.00..32178.44 rows=3010400 width=0) (actual time=78.864..78.864 rows=3036719 loops=1)
                                                               Index Cond: (info_type_id = 16)
                                                               Buffers: shared read=2379
                                                   ->  Index Scan using title_pkey on title t  (cost=0.43..8.27 rows=1 width=8) (actual time=0.024..0.024 rows=1 loops=4846)
                                                         Index Cond: (id = mi1.movie_id)
                                                         Filter: ((production_year <= 1990) AND (production_year >= 1950))
                                                         Rows Removed by Filter: 0
                                                         Buffers: shared hit=14567 read=4817
                                             ->  Hash  (cost=1.12..1.12 rows=6 width=4) (actual time=0.027..0.028 rows=6 loops=1)
                                                   Buckets: 1024  Batches: 1  Memory Usage: 9kB
                                                   Buffers: shared hit=1
                                                   ->  Seq Scan on kind_type kt  (cost=0.00..1.12 rows=6 width=4) (actual time=0.010..0.013 rows=6 loops=1)
                                                         Filter: ((kind)::text = ANY ('{episode,movie,"tv movie","tv series","video game","video movie"}'::text[]))
                                                         Rows Removed by Filter: 1
                                                         Buffers: shared hit=1
                                       ->  Index Scan using movie_id_movie_info on movie_info mi2  (cost=0.43..42.83 rows=1 width=8) (actual time=0.044..0.044 rows=0 loops=4842)
                                             Index Cond: (movie_id = t.id)
                                             Filter: ((info_type_id = 8) AND ((info)::text = ANY ('{Greece,India,Mexico,Spain,Sweden}'::text[])))
                                             Rows Removed by Filter: 5
                                             Buffers: shared hit=26827 read=9580
                                 ->  Seq Scan on info_type it1  (cost=0.00..2.41 rows=1 width=4) (actual time=0.008..0.012 rows=1 loops=9)
                                       Filter: (id = 16)
                                       Rows Removed by Filter: 112
                                       Buffers: shared hit=9
                           ->  Seq Scan on info_type it2  (cost=0.00..2.41 rows=1 width=4) (actual time=0.005..0.010 rows=1 loops=9)
                                 Filter: (id = 8)
                                 Rows Removed by Filter: 112
                                 Buffers: shared hit=9
                     ->  Index Scan using movie_id_cast_info on cast_info ci  (cost=0.44..43.98 rows=38 width=12) (actual time=0.029..0.239 rows=28 loops=9)
                           Index Cond: (movie_id = t.id)
                           Buffers: shared hit=121 read=151
               ->  Hash  (cost=1.17..1.17 rows=3 width=4) (actual time=0.036..0.037 rows=3 loops=1)
                     Buckets: 1024  Batches: 1  Memory Usage: 9kB
                     Buffers: shared hit=1
                     ->  Seq Scan on role_type rt  (cost=0.00..1.17 rows=3 width=4) (actual time=0.027..0.030 rows=3 loops=1)
                           Filter: ((role)::text = ANY ('{composer,"miscellaneous crew",producer}'::text[]))
                           Rows Removed by Filter: 9
                           Buffers: shared hit=1
         ->  Index Scan using name_pkey on name n  (cost=0.43..2.32 rows=1 width=4) (actual time=0.025..0.025 rows=0 loops=42)
               Index Cond: (id = ci.person_id)
               Filter: ((gender)::text = 'm'::text)
               Rows Removed by Filter: 1
               Buffers: shared hit=83 read=85
 Planning:
   Buffers: shared hit=485 read=92
 Planning Time: 14.081 ms
 Execution Time: 961.520 ms
(73 rows)

