                                                                                                                                                                                                                                                                                                                                                           QUERY PLAN                                                                                                                                                                                                                                                                                                                                                           
--------------------------------------------------------------------------------------------------------------------------------------------------------------------------------------------------------------------------------------------------------------------------------------------------------------------------------------------------------------------------------------------------------------------------------------------------------------------------------------------------------------------------------------------------------------------------------------------------------------------------------------------------------------------------------------------------------------------------------
 Aggregate  (cost=467298.75..467298.76 rows=1 width=8) (actual time=6032.022..6032.029 rows=1 loops=1)
   Buffers: shared hit=472571 read=155049
   ->  Nested Loop  (cost=4697.52..467298.75 rows=1 width=0) (actual time=36.131..6026.198 rows=41895 loops=1)
         Buffers: shared hit=472571 read=155049
         ->  Hash Join  (cost=4697.09..467294.11 rows=2 width=4) (actual time=36.080..4399.209 rows=45505 loops=1)
               Hash Cond: (ci.role_id = rt.id)
               Buffers: shared hit=308064 read=137536
               ->  Nested Loop  (cost=4695.91..467292.88 rows=14 width=8) (actual time=35.936..4375.930 rows=100139 loops=1)
                     Buffers: shared hit=308063 read=137536
                     ->  Nested Loop  (cost=4695.47..467249.22 rows=1 width=12) (actual time=35.891..3409.427 rows=753 loops=1)
                           Buffers: shared hit=242855 read=103138
                           ->  Nested Loop  (cost=4695.47..467246.80 rows=1 width=16) (actual time=35.885..3396.740 rows=753 loops=1)
                                 Buffers: shared hit=242102 read=103138
                                 ->  Nested Loop  (cost=4695.47..467244.38 rows=1 width=20) (actual time=35.865..3383.400 rows=753 loops=1)
                                       Buffers: shared hit=241349 read=103138
                                       ->  Hash Join  (cost=4695.00..464068.40 rows=75 width=12) (actual time=20.424..891.348 rows=13058 loops=1)
                                             Hash Cond: (t.kind_id = kt.id)
                                             Buffers: shared hit=47535 read=26202
                                             ->  Nested Loop  (cost=4693.83..464066.78 rows=105 width=16) (actual time=20.369..886.124 rows=13523 loops=1)
                                                   Buffers: shared hit=47534 read=26202
                                                   ->  Bitmap Heap Scan on movie_info mi2  (cost=4693.40..463120.10 rows=112 width=8) (actual time=20.315..458.451 rows=13541 loops=1)
                                                         Recheck Cond: (info_type_id = 5)
                                                         Filter: ((info)::text = ANY ('{Austria:16,Canada:16+,Canada:PA,Denmark:11,Germany:6,"Hong Kong:IIA",Italy:T,"New Zealand:M",Taiwan:PG-12,USA:PG}'::text[]))
                                                         Rows Removed by Filter: 473013
                                                         Heap Blocks: exact=19164
                                                         Buffers: shared hit=2852 read=16720
                                                         ->  Bitmap Index Scan on info_type_id_movie_info  (cost=0.00..4693.37 rows=439058 width=0) (actual time=17.349..17.350 rows=486554 loops=1)
                                                               Index Cond: (info_type_id = 5)
                                                               Buffers: shared hit=1 read=407
                                                   ->  Index Scan using title_pkey on title t  (cost=0.43..8.45 rows=1 width=8) (actual time=0.031..0.031 rows=1 loops=13541)
                                                         Index Cond: (id = mi2.movie_id)
                                                         Filter: ((production_year <= 2015) AND (production_year >= 1925))
                                                         Rows Removed by Filter: 0
                                                         Buffers: shared hit=44682 read=9482
                                             ->  Hash  (cost=1.11..1.11 rows=5 width=4) (actual time=0.021..0.022 rows=5 loops=1)
                                                   Buckets: 1024  Batches: 1  Memory Usage: 9kB
                                                   Buffers: shared hit=1
                                                   ->  Seq Scan on kind_type kt  (cost=0.00..1.11 rows=5 width=4) (actual time=0.011..0.013 rows=5 loops=1)
                                                         Filter: ((kind)::text = ANY ('{episode,movie,"tv movie","tv series","video game"}'::text[]))
                                                         Rows Removed by Filter: 2
                                                         Buffers: shared hit=1
                                       ->  Index Scan using movie_id_movie_info on movie_info mi1  (cost=0.47..42.34 rows=1 width=8) (actual time=0.176..0.190 rows=0 loops=13058)
                                             Index Cond: (movie_id = t.id)
                                             Filter: ((info_type_id = 18) AND ((info)::text = ANY ('{"Boston, Massachusetts, USA","Budapest, Hungary","Buenos Aires, Federal District, Argentina","Dodger Stadium - 1000 Elysian Park Avenue, ChÃ¡vez Ravine, Elysian Park, Los Angeles, California, USA",France,"Isle of Man","Laramie Street, Warner Brothers Burbank Studios - 4000 Warner Boulevard, Burbank, California, USA",Luxembourg,"Naples, Campania, Italy","Santa Clarita, California, USA","Stage 25, Paramount Studios - 5555 Melrose Avenue, Hollywood, Los Angeles, California, USA","Wall Street, Manhattan, New York City, New York, USA","West Hollywood, California, USA","Yuma, Arizona, USA"}'::text[])))
                                             Rows Removed by Filter: 110
                                             Buffers: shared hit=193814 read=76936
                                 ->  Seq Scan on info_type it1  (cost=0.00..2.41 rows=1 width=4) (actual time=0.009..0.015 rows=1 loops=753)
                                       Filter: (id = 18)
                                       Rows Removed by Filter: 112
                                       Buffers: shared hit=753
                           ->  Seq Scan on info_type it2  (cost=0.00..2.41 rows=1 width=4) (actual time=0.007..0.015 rows=1 loops=753)
                                 Filter: (id = 5)
                                 Rows Removed by Filter: 112
                                 Buffers: shared hit=753
                     ->  Index Scan using movie_id_cast_info on cast_info ci  (cost=0.44..43.28 rows=38 width=12) (actual time=0.036..1.253 rows=133 loops=753)
                           Index Cond: (movie_id = t.id)
                           Buffers: shared hit=65208 read=34398
               ->  Hash  (cost=1.15..1.15 rows=2 width=4) (actual time=0.048..0.049 rows=2 loops=1)
                     Buckets: 1024  Batches: 1  Memory Usage: 9kB
                     Buffers: shared hit=1
                     ->  Seq Scan on role_type rt  (cost=0.00..1.15 rows=2 width=4) (actual time=0.030..0.032 rows=2 loops=1)
                           Filter: ((role)::text = ANY ('{composer,"miscellaneous crew"}'::text[]))
                           Rows Removed by Filter: 10
                           Buffers: shared hit=1
         ->  Index Scan using name_pkey on name n  (cost=0.43..2.32 rows=1 width=4) (actual time=0.035..0.035 rows=1 loops=45505)
               Index Cond: (id = ci.person_id)
               Filter: (((gender)::text = 'm'::text) OR (gender IS NULL))
               Rows Removed by Filter: 0
               Buffers: shared hit=164507 read=17513
 Planning:
   Buffers: shared hit=577
 Planning Time: 12.686 ms
 Execution Time: 6032.684 ms
(73 rows)

