                                                                                                                                                                                  QUERY PLAN                                                                                                                                                                                   
-------------------------------------------------------------------------------------------------------------------------------------------------------------------------------------------------------------------------------------------------------------------------------------------------------------------------------------------------------------------------------
 Aggregate  (cost=527644.04..527644.05 rows=1 width=8) (actual time=6536.808..6536.816 rows=1 loops=1)
   Buffers: shared hit=518411 read=158607
   ->  Nested Loop  (cost=7082.25..527644.01 rows=15 width=0) (actual time=164.173..6530.632 rows=40384 loops=1)
         Buffers: shared hit=518411 read=158607
         ->  Seq Scan on info_type it2  (cost=0.00..2.41 rows=1 width=4) (actual time=0.033..0.042 rows=1 loops=1)
               Filter: (id = 18)
               Rows Removed by Filter: 112
               Buffers: shared hit=1
         ->  Nested Loop  (cost=7082.25..527641.44 rows=15 width=4) (actual time=164.139..6523.895 rows=40384 loops=1)
               Buffers: shared hit=518410 read=158607
               ->  Seq Scan on info_type it1  (cost=0.00..2.41 rows=1 width=4) (actual time=0.006..0.017 rows=1 loops=1)
                     Filter: (id = 3)
                     Rows Removed by Filter: 112
                     Buffers: shared hit=1
               ->  Nested Loop  (cost=7082.25..527638.88 rows=15 width=8) (actual time=164.130..6516.706 rows=40384 loops=1)
                     Buffers: shared hit=518409 read=158607
                     ->  Hash Join  (cost=7081.82..527585.53 rows=23 width=12) (actual time=164.083..5159.256 rows=40384 loops=1)
                           Hash Cond: (ci.role_id = rt.id)
                           Buffers: shared hit=369495 read=145985
                           ->  Nested Loop  (cost=7080.66..527583.40 rows=272 width=16) (actual time=163.976..5111.096 rows=265714 loops=1)
                                 Buffers: shared hit=369494 read=145985
                                 ->  Nested Loop  (cost=7080.22..526753.88 rows=19 width=20) (actual time=163.936..2393.093 rows=8394 loops=1)
                                       Buffers: shared hit=169600 read=61517
                                       ->  Hash Join  (cost=7079.75..482292.74 rows=1050 width=12) (actual time=163.465..913.108 rows=13212 loops=1)
                                             Hash Cond: (t.kind_id = kt.id)
                                             Buffers: shared hit=53339 read=19042
                                             ->  Nested Loop  (cost=7078.60..482283.83 rows=1838 width=16) (actual time=20.160..906.935 rows=15726 loops=1)
                                                   Buffers: shared hit=53338 read=19042
                                                   ->  Bitmap Heap Scan on movie_info mi2  (cost=7078.17..466633.77 rows=1967 width=8) (actual time=20.128..363.005 rows=16222 loops=1)
                                                         Recheck Cond: (info_type_id = 18)
                                                         Filter: ((info)::text = ANY ('{"Alabama Hills, Lone Pine, California, USA","Budapest, Hungary","California, USA",Mexico,"Minneapolis, Minnesota, USA","Naples, Campania, Italy",Netherlands,"North Hollywood, Los Angeles, California, USA","Pasadena, California, USA","Wilmington, North Carolina, USA"}'::text[]))
                                                         Rows Removed by Filter: 644701
                                                         Heap Blocks: exact=6972
                                                         Buffers: shared hit=1205 read=6287
                                                         ->  Bitmap Index Scan on info_type_id_movie_info  (cost=0.00..7077.68 rows=662032 width=0) (actual time=19.232..19.232 rows=660923 loops=1)
                                                               Index Cond: (info_type_id = 18)
                                                               Buffers: shared read=520
                                                   ->  Index Scan using title_pkey on title t  (cost=0.43..7.96 rows=1 width=8) (actual time=0.033..0.033 rows=1 loops=16222)
                                                         Index Cond: (id = mi2.movie_id)
                                                         Filter: ((production_year <= 2015) AND (production_year >= 1925))
                                                         Rows Removed by Filter: 0
                                                         Buffers: shared hit=52133 read=12755
                                             ->  Hash  (cost=1.10..1.10 rows=4 width=4) (actual time=0.013..0.015 rows=4 loops=1)
                                                   Buckets: 1024  Batches: 1  Memory Usage: 9kB
                                                   Buffers: shared hit=1
                                                   ->  Seq Scan on kind_type kt  (cost=0.00..1.10 rows=4 width=4) (actual time=0.007..0.008 rows=4 loops=1)
                                                         Filter: ((kind)::text = ANY ('{movie,"tv movie","video game","video movie"}'::text[]))
                                                         Rows Removed by Filter: 3
                                                         Buffers: shared hit=1
                                       ->  Index Scan using movie_id_movie_info on movie_info mi1  (cost=0.47..42.33 rows=1 width=8) (actual time=0.111..0.111 rows=1 loops=13212)
                                             Index Cond: (movie_id = t.id)
                                             Filter: ((info_type_id = 3) AND ((info)::text = ANY ('{Action,Adventure,Biography,Documentary,Fantasy,Film-Noir,Horror,Mystery,News,Reality-TV,Romance,Sport,Thriller}'::text[])))
                                             Rows Removed by Filter: 20
                                             Buffers: shared hit=116261 read=42475
                                 ->  Index Scan using movie_id_cast_info on cast_info ci  (cost=0.44..43.28 rows=38 width=12) (actual time=0.037..0.316 rows=32 loops=8394)
                                       Index Cond: (movie_id = t.id)
                                       Buffers: shared hit=199894 read=84468
                           ->  Hash  (cost=1.15..1.15 rows=1 width=4) (actual time=0.012..0.013 rows=1 loops=1)
                                 Buckets: 1024  Batches: 1  Memory Usage: 9kB
                                 Buffers: shared hit=1
                                 ->  Seq Scan on role_type rt  (cost=0.00..1.15 rows=1 width=4) (actual time=0.007..0.008 rows=1 loops=1)
                                       Filter: ((role)::text = 'actress'::text)
                                       Rows Removed by Filter: 11
                                       Buffers: shared hit=1
                     ->  Index Scan using name_pkey on name n  (cost=0.43..2.32 rows=1 width=4) (actual time=0.033..0.033 rows=1 loops=40384)
                           Index Cond: (id = ci.person_id)
                           Filter: ((gender)::text = ANY ('{f,m}'::text[]))
                           Buffers: shared hit=148914 read=12622
 Planning:
   Buffers: shared hit=521 read=56
 Planning Time: 12.750 ms
 Execution Time: 6537.275 ms
(72 rows)

