                                                                                                QUERY PLAN                                                                                                
----------------------------------------------------------------------------------------------------------------------------------------------------------------------------------------------------------
 Aggregate  (cost=423434.62..423434.63 rows=1 width=8) (actual time=1937.032..1937.037 rows=1 loops=1)
   Buffers: shared hit=117862 read=71393
   ->  Nested Loop  (cost=32182.79..423434.60 rows=7 width=0) (actual time=85.961..1935.744 rows=13112 loops=1)
         Buffers: shared hit=117862 read=71393
         ->  Hash Join  (cost=32182.36..423409.09 rows=11 width=4) (actual time=85.918..1525.793 rows=14260 loops=1)
               Hash Cond: (ci.role_id = rt.id)
               Buffers: shared hit=72097 read=60118
               ->  Nested Loop  (cost=32181.15..423407.73 rows=43 width=8) (actual time=85.861..1520.485 rows=32045 loops=1)
                     Buffers: shared hit=72096 read=60118
                     ->  Nested Loop  (cost=32180.71..423274.65 rows=3 width=12) (actual time=85.825..1168.926 rows=2893 loops=1)
                           Buffers: shared hit=48597 read=43910
                           ->  Seq Scan on info_type it2  (cost=0.00..2.41 rows=1 width=4) (actual time=0.033..0.038 rows=1 loops=1)
                                 Filter: (id = 8)
                                 Rows Removed by Filter: 112
                                 Buffers: shared hit=1
                           ->  Nested Loop  (cost=32180.71..423272.20 rows=3 width=16) (actual time=85.791..1168.430 rows=2893 loops=1)
                                 Buffers: shared hit=48596 read=43910
                                 ->  Seq Scan on info_type it1  (cost=0.00..2.41 rows=1 width=4) (actual time=0.009..0.017 rows=1 loops=1)
                                       Filter: (id = 16)
                                       Rows Removed by Filter: 112
                                       Buffers: shared hit=1
                                 ->  Nested Loop  (cost=32180.71..423269.76 rows=3 width=20) (actual time=85.778..1167.968 rows=2893 loops=1)
                                       Buffers: shared hit=48595 read=43910
                                       ->  Hash Join  (cost=32180.28..417064.22 rows=144 width=12) (actual time=82.109..855.754 rows=5552 loops=1)
                                             Hash Cond: (t.kind_id = kt.id)
                                             Buffers: shared hit=18260 read=31826
                                             ->  Nested Loop  (cost=32179.08..417062.31 rows=168 width=16) (actual time=82.062..854.023 rows=5552 loops=1)
                                                   Buffers: shared hit=18259 read=31826
                                                   ->  Bitmap Heap Scan on movie_info mi1  (cost=32178.65..410731.24 rows=767 width=8) (actual time=82.022..690.121 rows=5558 loops=1)
                                                         Recheck Cond: (info_type_id = 16)
                                                         Filter: ((info)::text = ANY ('{Australia:1985,Australia:1986,USA:1983,USA:1984,USA:1985,USA:1986,USA:1987,USA:1988,USA:1989,USA:1990}'::text[]))
                                                         Rows Removed by Filter: 3031161
                                                         Heap Blocks: exact=25474
                                                         Buffers: shared hit=1704 read=26149
                                                         ->  Bitmap Index Scan on info_type_id_movie_info  (cost=0.00..32178.44 rows=3010400 width=0) (actual time=76.934..76.934 rows=3036719 loops=1)
                                                               Index Cond: (info_type_id = 16)
                                                               Buffers: shared read=2379
                                                   ->  Index Scan using title_pkey on title t  (cost=0.43..8.25 rows=1 width=8) (actual time=0.029..0.029 rows=1 loops=5558)
                                                         Index Cond: (id = mi1.movie_id)
                                                         Filter: ((production_year <= 1990) AND (production_year >= 1950))
                                                         Rows Removed by Filter: 0
                                                         Buffers: shared hit=16555 read=5677
                                             ->  Hash  (cost=1.12..1.12 rows=6 width=4) (actual time=0.018..0.019 rows=6 loops=1)
                                                   Buckets: 1024  Batches: 1  Memory Usage: 9kB
                                                   Buffers: shared hit=1
                                                   ->  Seq Scan on kind_type kt  (cost=0.00..1.12 rows=6 width=4) (actual time=0.008..0.011 rows=6 loops=1)
                                                         Filter: ((kind)::text = ANY ('{episode,movie,"tv movie","tv series","video game","video movie"}'::text[]))
                                                         Rows Removed by Filter: 1
                                                         Buffers: shared hit=1
                                       ->  Index Scan using movie_id_movie_info on movie_info mi2  (cost=0.43..43.08 rows=1 width=8) (actual time=0.051..0.056 rows=1 loops=5552)
                                             Index Cond: (movie_id = t.id)
                                             Filter: ((info_type_id = 8) AND ((info)::text = ANY ('{Argentina,Finland,India,Indonesia,Israel,Netherlands,Sweden,Taiwan,USA,"West Germany"}'::text[])))
                                             Rows Removed by Filter: 5
                                             Buffers: shared hit=30335 read=12084
                     ->  Index Scan using movie_id_cast_info on cast_info ci  (cost=0.44..43.98 rows=38 width=12) (actual time=0.032..0.119 rows=11 loops=2893)
                           Index Cond: (movie_id = t.id)
                           Buffers: shared hit=23499 read=16208
               ->  Hash  (cost=1.17..1.17 rows=3 width=4) (actual time=0.034..0.034 rows=3 loops=1)
                     Buckets: 1024  Batches: 1  Memory Usage: 9kB
                     Buffers: shared hit=1
                     ->  Seq Scan on role_type rt  (cost=0.00..1.17 rows=3 width=4) (actual time=0.023..0.027 rows=3 loops=1)
                           Filter: ((role)::text = ANY ('{actor,"production designer",writer}'::text[]))
                           Rows Removed by Filter: 9
                           Buffers: shared hit=1
         ->  Index Scan using name_pkey on name n  (cost=0.43..2.32 rows=1 width=4) (actual time=0.028..0.028 rows=1 loops=14260)
               Index Cond: (id = ci.person_id)
               Filter: ((gender)::text = ANY ('{f,m}'::text[]))
               Rows Removed by Filter: 0
               Buffers: shared hit=45765 read=11275
 Planning:
   Buffers: shared hit=521 read=56
 Planning Time: 13.446 ms
 Execution Time: 1937.696 ms
(73 rows)

