                                                                                                  QUERY PLAN                                                                                                  
--------------------------------------------------------------------------------------------------------------------------------------------------------------------------------------------------------------
 Aggregate  (cost=835479.88..835479.89 rows=1 width=8) (actual time=86194.724..86194.732 rows=1 loops=1)
   Buffers: shared hit=7562537 read=1320123, temp read=11477 written=11465
   ->  Nested Loop  (cost=800938.35..835477.24 rows=1056 width=0) (actual time=985.372..86146.071 rows=249577 loops=1)
         Buffers: shared hit=7562537 read=1320123, temp read=11477 written=11465
         ->  Hash Join  (cost=800937.92..831719.62 rows=1620 width=4) (actual time=985.187..67219.145 rows=523972 loops=1)
               Hash Cond: (ci.role_id = rt.id)
               Buffers: shared hit=5642175 read=1144597, temp read=11477 written=11465
               ->  Nested Loop  (cost=800936.69..831701.13 rows=4859 width=8) (actual time=985.130..66295.428 rows=4569708 loops=1)
                     Buffers: shared hit=5642174 read=1144597, temp read=11477 written=11465
                     ->  Nested Loop  (cost=800936.25..816876.26 rows=339 width=12) (actual time=985.108..18070.044 rows=143818 loops=1)
                           Buffers: shared hit=1848258 read=60407, temp read=11477 written=11465
                           ->  Nested Loop  (cost=800936.25..816869.61 rows=339 width=16) (actual time=985.102..17967.235 rows=143818 loops=1)
                                 Buffers: shared hit=1848257 read=60407, temp read=11477 written=11465
                                 ->  Nested Loop  (cost=800936.25..816862.95 rows=339 width=20) (actual time=985.086..17869.097 rows=143818 loops=1)
                                       Buffers: shared hit=1848256 read=60407, temp read=11477 written=11465
                                       ->  Nested Loop  (cost=800936.11..816850.71 rows=474 width=24) (actual time=985.063..17730.543 rows=145312 loops=1)
                                             Join Filter: (t.id = mi1.movie_id)
                                             Buffers: shared hit=1848245 read=60406, temp read=11477 written=11465
                                             ->  Merge Join  (cost=800935.68..801632.08 rows=4987 width=16) (actual time=984.997..1753.021 rows=471882 loops=1)
                                                   Merge Cond: (mi1.movie_id = mi2.movie_id)
                                                   Buffers: shared hit=4123 read=17000, temp read=11477 written=11465
                                                   ->  Sort  (cost=435066.83..435104.32 rows=14998 width=8) (actual time=224.986..328.977 rows=463750 loops=1)
                                                         Sort Key: mi1.movie_id
                                                         Sort Method: external merge  Disk: 8192kB
                                                         Buffers: shared hit=857 read=2723, temp read=1024 written=1030
                                                         ->  Bitmap Heap Scan on movie_info mi1  (cost=5093.99..434026.53 rows=14998 width=8) (actual time=15.450..144.458 rows=463750 loops=1)
                                                               Recheck Cond: (info_type_id = 6)
                                                               Filter: ((info)::text = ANY ('{"Dolby Digital EX","Dolby Digital","Dolby SR",Dolby,Mono,Silent,Stereo,"Ultra Stereo"}'::text[]))
                                                               Rows Removed by Filter: 10693
                                                               Heap Blocks: exact=3206
                                                               Buffers: shared hit=857 read=2723
                                                               ->  Bitmap Index Scan on info_type_id_movie_info  (cost=0.00..5090.24 rows=475974 width=0) (actual time=15.090..15.090 rows=474443 loops=1)
                                                                     Index Cond: (info_type_id = 6)
                                                                     Buffers: shared hit=1 read=373
                                                   ->  Sort  (cost=365868.85..366154.62 rows=114308 width=8) (actual time=760.002..1008.727 rows=1295462 loops=1)
                                                         Sort Key: mi2.movie_id
                                                         Sort Method: external sort  Disk: 27832kB
                                                         Buffers: shared hit=3266 read=14277, temp read=10435 written=10435
                                                         ->  Bitmap Heap Scan on movie_info mi2  (cost=13885.07..356265.51 rows=114308 width=8) (actual time=33.331..366.878 rows=1288928 loops=1)
                                                               Recheck Cond: (info_type_id = 2)
                                                               Filter: ((info)::text = ANY ('{"Black and White",Color}'::text[]))
                                                               Heap Blocks: exact=16526
                                                               Buffers: shared hit=3266 read=14277
                                                               ->  Bitmap Index Scan on info_type_id_movie_info  (cost=0.00..13856.49 rows=1296008 width=0) (actual time=31.161..31.161 rows=1288928 loops=1)
                                                                     Index Cond: (info_type_id = 2)
                                                                     Buffers: shared hit=1 read=1016
                                             ->  Index Scan using title_pkey on title t  (cost=0.43..3.04 rows=1 width=8) (actual time=0.033..0.033 rows=0 loops=471882)
                                                   Index Cond: (id = mi2.movie_id)
                                                   Filter: ((production_year <= 2015) AND (production_year >= 1990))
                                                   Rows Removed by Filter: 1
                                                   Buffers: shared hit=1844122 read=43406
                                       ->  Memoize  (cost=0.14..0.17 rows=1 width=4) (actual time=0.000..0.000 rows=1 loops=145312)
                                             Cache Key: t.kind_id
                                             Cache Mode: logical
                                             Hits: 145306  Misses: 6  Evictions: 0  Overflows: 0  Memory Usage: 1kB
                                             Buffers: shared hit=11 read=1
                                             ->  Index Scan using kind_type_pkey on kind_type kt  (cost=0.13..0.16 rows=1 width=4) (actual time=0.012..0.012 rows=1 loops=6)
                                                   Index Cond: (id = t.kind_id)
                                                   Filter: ((kind)::text = ANY ('{episode,movie,"tv movie","tv series","video movie"}'::text[]))
                                                   Rows Removed by Filter: 0
                                                   Buffers: shared hit=11 read=1
                                 ->  Materialize  (cost=0.00..2.42 rows=1 width=4) (actual time=0.000..0.000 rows=1 loops=143818)
                                       Buffers: shared hit=1
                                       ->  Seq Scan on info_type it1  (cost=0.00..2.41 rows=1 width=4) (actual time=0.013..0.017 rows=1 loops=1)
                                             Filter: (id = 6)
                                             Rows Removed by Filter: 112
                                             Buffers: shared hit=1
                           ->  Materialize  (cost=0.00..2.42 rows=1 width=4) (actual time=0.000..0.000 rows=1 loops=143818)
                                 Buffers: shared hit=1
                                 ->  Seq Scan on info_type it2  (cost=0.00..2.41 rows=1 width=4) (actual time=0.005..0.009 rows=1 loops=1)
                                       Filter: (id = 2)
                                       Rows Removed by Filter: 112
                                       Buffers: shared hit=1
                     ->  Index Scan using movie_id_cast_info on cast_info ci  (cost=0.44..43.35 rows=38 width=12) (actual time=0.036..0.327 rows=32 loops=143818)
                           Index Cond: (movie_id = t.id)
                           Buffers: shared hit=3793916 read=1084190
               ->  Hash  (cost=1.18..1.18 rows=4 width=4) (actual time=0.031..0.032 rows=4 loops=1)
                     Buckets: 1024  Batches: 1  Memory Usage: 9kB
                     Buffers: shared hit=1
                     ->  Seq Scan on role_type rt  (cost=0.00..1.18 rows=4 width=4) (actual time=0.023..0.026 rows=4 loops=1)
                           Filter: ((role)::text = ANY ('{cinematographer,composer,"production designer",writer}'::text[]))
                           Rows Removed by Filter: 8
                           Buffers: shared hit=1
         ->  Index Scan using name_pkey on name n  (cost=0.43..2.32 rows=1 width=4) (actual time=0.035..0.035 rows=0 loops=523972)
               Index Cond: (id = ci.person_id)
               Filter: ((gender)::text = ANY ('{f,m}'::text[]))
               Rows Removed by Filter: 1
               Buffers: shared hit=1920362 read=175526
 Planning:
   Buffers: shared hit=574
 Planning Time: 13.362 ms
 Execution Time: 86205.596 ms
(92 rows)

