                                                                                            QUERY PLAN                                                                                             
---------------------------------------------------------------------------------------------------------------------------------------------------------------------------------------------------
 Aggregate  (cost=339212.95..339212.96 rows=1 width=8) (actual time=3071.811..3071.818 rows=1 loops=1)
   Buffers: shared hit=198693 read=119619
   ->  Nested Loop  (cost=1357.28..339212.95 rows=1 width=0) (actual time=7.662..3069.794 rows=15748 loops=1)
         Buffers: shared hit=198693 read=119619
         ->  Hash Join  (cost=1356.85..339208.31 rows=2 width=4) (actual time=7.610..2503.304 rows=17330 loops=1)
               Hash Cond: (ci.role_id = rt.id)
               Buffers: shared hit=142838 read=106154
               ->  Nested Loop  (cost=1355.67..339207.08 rows=14 width=8) (actual time=6.974..2484.151 rows=131511 loops=1)
                     Buffers: shared hit=142837 read=106154
                     ->  Nested Loop  (cost=1355.23..339163.42 rows=1 width=12) (actual time=6.931..1140.675 rows=5552 loops=1)
                           Buffers: shared hit=56750 read=48525
                           ->  Nested Loop  (cost=1355.23..339161.00 rows=1 width=16) (actual time=6.924..1053.029 rows=5552 loops=1)
                                 Buffers: shared hit=51198 read=48525
                                 ->  Nested Loop  (cost=1355.23..339158.58 rows=1 width=20) (actual time=6.902..965.923 rows=5552 loops=1)
                                       Buffers: shared hit=45647 read=48524
                                       ->  Hash Join  (cost=1354.80..338694.28 rows=11 width=12) (actual time=6.666..298.382 rows=5309 loops=1)
                                             Hash Cond: (t.kind_id = kt.id)
                                             Buffers: shared hit=15381 read=11417
                                             ->  Nested Loop  (cost=1353.62..338693.04 rows=15 width=16) (actual time=6.623..296.243 rows=5356 loops=1)
                                                   Buffers: shared hit=15380 read=11417
                                                   ->  Bitmap Heap Scan on movie_info mi1  (cost=1353.19..338557.80 rows=16 width=8) (actual time=6.578..98.324 rows=5431 loops=1)
                                                         Recheck Cond: (info_type_id = 105)
                                                         Filter: ((info)::text = ANY ('{"$1,000,000","$2,000","$2,500,000","$35,000","$4,000"}'::text[]))
                                                         Rows Removed by Filter: 116432
                                                         Heap Blocks: exact=4974
                                                         Buffers: shared hit=16 read=5057
                                                         ->  Bitmap Index Scan on info_type_id_movie_info  (cost=0.00..1353.18 rows=126500 width=0) (actual time=5.574..5.575 rows=121863 loops=1)
                                                               Index Cond: (info_type_id = 105)
                                                               Buffers: shared read=99
                                                   ->  Index Scan using title_pkey on title t  (cost=0.43..8.45 rows=1 width=8) (actual time=0.036..0.036 rows=1 loops=5431)
                                                         Index Cond: (id = mi1.movie_id)
                                                         Filter: ((production_year <= 2015) AND (production_year >= 1925))
                                                         Rows Removed by Filter: 0
                                                         Buffers: shared hit=15364 read=6360
                                             ->  Hash  (cost=1.11..1.11 rows=5 width=4) (actual time=0.020..0.021 rows=5 loops=1)
                                                   Buckets: 1024  Batches: 1  Memory Usage: 9kB
                                                   Buffers: shared hit=1
                                                   ->  Seq Scan on kind_type kt  (cost=0.00..1.11 rows=5 width=4) (actual time=0.008..0.011 rows=5 loops=1)
                                                         Filter: ((kind)::text = ANY ('{movie,"tv movie","tv series","video game","video movie"}'::text[]))
                                                         Rows Removed by Filter: 2
                                                         Buffers: shared hit=1
                                       ->  Index Scan using movie_id_movie_info on movie_info mi2  (cost=0.43..42.20 rows=1 width=8) (actual time=0.102..0.125 rows=1 loops=5309)
                                             Index Cond: (movie_id = t.id)
                                             Filter: (((info)::text = ANY ('{"Black and White",Color}'::text[])) AND (info_type_id = 2))
                                             Rows Removed by Filter: 15
                                             Buffers: shared hit=30266 read=37107
                                 ->  Seq Scan on info_type it1  (cost=0.00..2.41 rows=1 width=4) (actual time=0.014..0.014 rows=1 loops=5552)
                                       Filter: (id = 105)
                                       Rows Removed by Filter: 112
                                       Buffers: shared hit=5551 read=1
                           ->  Seq Scan on info_type it2  (cost=0.00..2.41 rows=1 width=4) (actual time=0.008..0.014 rows=1 loops=5552)
                                 Filter: (id = 2)
                                 Rows Removed by Filter: 112
                                 Buffers: shared hit=5552
                     ->  Index Scan using movie_id_cast_info on cast_info ci  (cost=0.44..43.28 rows=38 width=12) (actual time=0.033..0.237 rows=24 loops=5552)
                           Index Cond: (movie_id = t.id)
                           Buffers: shared hit=86087 read=57629
               ->  Hash  (cost=1.15..1.15 rows=2 width=4) (actual time=0.036..0.036 rows=2 loops=1)
                     Buckets: 1024  Batches: 1  Memory Usage: 9kB
                     Buffers: shared hit=1
                     ->  Seq Scan on role_type rt  (cost=0.00..1.15 rows=2 width=4) (actual time=0.025..0.027 rows=2 loops=1)
                           Filter: ((role)::text = ANY ('{"miscellaneous crew","production designer"}'::text[]))
                           Rows Removed by Filter: 10
                           Buffers: shared hit=1
         ->  Index Scan using name_pkey on name n  (cost=0.43..2.32 rows=1 width=4) (actual time=0.032..0.032 rows=1 loops=17330)
               Index Cond: (id = ci.person_id)
               Filter: (((gender)::text = 'm'::text) OR (gender IS NULL))
               Rows Removed by Filter: 0
               Buffers: shared hit=55855 read=13465
 Planning:
   Buffers: shared hit=485 read=89
 Planning Time: 14.765 ms
 Execution Time: 3072.343 ms
(73 rows)

