                                                                                                                                                                                                                                                          QUERY PLAN                                                                                                                                                                                                                                                           
-------------------------------------------------------------------------------------------------------------------------------------------------------------------------------------------------------------------------------------------------------------------------------------------------------------------------------------------------------------------------------------------------------------------------------------------------------------------------------------------------------------------------------
 Aggregate  (cost=444248.15..444248.16 rows=1 width=8) (actual time=1403.589..1403.594 rows=1 loops=1)
   Buffers: shared hit=104395 read=34941
   ->  Nested Loop  (cost=7083.13..444248.14 rows=1 width=0) (actual time=55.773..1403.527 rows=110 loops=1)
         Buffers: shared hit=104395 read=34941
         ->  Hash Join  (cost=7082.70..444245.83 rows=1 width=4) (actual time=55.703..1378.492 rows=756 loops=1)
               Hash Cond: (ci.role_id = rt.id)
               Buffers: shared hit=101472 read=34840
               ->  Nested Loop  (cost=7081.54..444244.62 rows=14 width=8) (actual time=23.498..1372.499 rows=44936 loops=1)
                     Buffers: shared hit=101471 read=34840
                     ->  Nested Loop  (cost=7081.10..444199.76 rows=1 width=12) (actual time=23.451..946.635 rows=679 loops=1)
                           Buffers: shared hit=61714 read=28573
                           ->  Nested Loop  (cost=7081.10..444197.34 rows=1 width=16) (actual time=23.445..937.274 rows=679 loops=1)
                                 Buffers: shared hit=61035 read=28573
                                 ->  Nested Loop  (cost=7081.10..444194.91 rows=1 width=20) (actual time=23.423..927.799 rows=679 loops=1)
                                       Buffers: shared hit=60356 read=28573
                                       ->  Hash Join  (cost=7080.67..415876.29 rows=649 width=12) (actual time=23.207..515.438 rows=2908 loops=1)
                                             Hash Cond: (t.kind_id = kt.id)
                                             Buffers: shared hit=27415 read=17374
                                             ->  Nested Loop  (cost=7079.47..415871.90 rows=757 width=16) (actual time=23.160..514.314 rows=2908 loops=1)
                                                   Buffers: shared hit=27414 read=17374
                                                   ->  Bitmap Heap Scan on movie_info mi1  (cost=7079.03..377308.85 rows=5326 width=8) (actual time=21.381..213.102 rows=9601 loops=1)
                                                         Recheck Cond: (info_type_id = 18)
                                                         Filter: ((info)::text = ANY ('{France,"Hawaii, USA","Iverson Ranch - 1 Iverson Lane, Chatsworth, Los Angeles, California, USA","Las Vegas, Nevada, USA","Pinewood Studios, Iver Heath, Buckinghamshire, England, UK","Samuel Goldwyn Studios - 7200 Santa Monica Boulevard, West Hollywood, California, USA",Spain,"Vasquez Rocks Natural Area Park - 10700 W. Escondido Canyon Rd., Agua Dulce, California, USA","Washington, District of Columbia, USA"}'::text[]))
                                                         Rows Removed by Filter: 651322
                                                         Heap Blocks: exact=6972
                                                         Buffers: shared hit=1150 read=6342
                                                         ->  Bitmap Index Scan on info_type_id_movie_info  (cost=0.00..7077.68 rows=662032 width=0) (actual time=20.448..20.449 rows=660923 loops=1)
                                                               Index Cond: (info_type_id = 18)
                                                               Buffers: shared read=520
                                                   ->  Memoize  (cost=0.44..7.28 rows=1 width=8) (actual time=0.031..0.031 rows=0 loops=9601)
                                                         Cache Key: mi1.movie_id
                                                         Cache Mode: logical
                                                         Hits: 277  Misses: 9324  Evictions: 0  Overflows: 0  Memory Usage: 731kB
                                                         Buffers: shared hit=26264 read=11032
                                                         ->  Index Scan using title_pkey on title t  (cost=0.43..7.27 rows=1 width=8) (actual time=0.031..0.031 rows=0 loops=9324)
                                                               Index Cond: (id = mi1.movie_id)
                                                               Filter: ((production_year <= 1975) AND (production_year >= 1925))
                                                               Rows Removed by Filter: 1
                                                               Buffers: shared hit=26264 read=11032
                                             ->  Hash  (cost=1.12..1.12 rows=6 width=4) (actual time=0.024..0.024 rows=6 loops=1)
                                                   Buckets: 1024  Batches: 1  Memory Usage: 9kB
                                                   Buffers: shared hit=1
                                                   ->  Seq Scan on kind_type kt  (cost=0.00..1.12 rows=6 width=4) (actual time=0.010..0.013 rows=6 loops=1)
                                                         Filter: ((kind)::text = ANY ('{episode,movie,"tv movie","tv series","video game","video movie"}'::text[]))
                                                         Rows Removed by Filter: 1
                                                         Buffers: shared hit=1
                                       ->  Index Scan using movie_id_movie_info on movie_info mi2  (cost=0.43..43.62 rows=1 width=8) (actual time=0.136..0.141 rows=0 loops=2908)
                                             Index Cond: (movie_id = t.id)
                                             Filter: ((info_type_id = 5) AND ((info)::text = ANY ('{Argentina:16,Argentina:Atp,Australia:PG,Canada:A,France:-12,France:-16,Iceland:16,Netherlands:18,Portugal:M/12,Portugal:M/6,Spain:T,Sweden:11,USA:TV-14,USA:TV-G}'::text[])))
                                             Rows Removed by Filter: 32
                                             Buffers: shared hit=32941 read=11199
                                 ->  Seq Scan on info_type it1  (cost=0.00..2.41 rows=1 width=4) (actual time=0.006..0.012 rows=1 loops=679)
                                       Filter: (id = 18)
                                       Rows Removed by Filter: 112
                                       Buffers: shared hit=679
                           ->  Seq Scan on info_type it2  (cost=0.00..2.41 rows=1 width=4) (actual time=0.005..0.012 rows=1 loops=679)
                                 Filter: (id = 5)
                                 Rows Removed by Filter: 112
                                 Buffers: shared hit=679
                     ->  Index Scan using movie_id_cast_info on cast_info ci  (cost=0.44..44.48 rows=38 width=12) (actual time=0.030..0.614 rows=66 loops=679)
                           Index Cond: (movie_id = t.id)
                           Buffers: shared hit=39757 read=6267
               ->  Hash  (cost=1.15..1.15 rows=1 width=4) (actual time=0.038..0.038 rows=1 loops=1)
                     Buckets: 1024  Batches: 1  Memory Usage: 9kB
                     Buffers: shared hit=1
                     ->  Seq Scan on role_type rt  (cost=0.00..1.15 rows=1 width=4) (actual time=0.030..0.032 rows=1 loops=1)
                           Filter: ((role)::text = 'director'::text)
                           Rows Removed by Filter: 11
                           Buffers: shared hit=1
         ->  Index Scan using name_pkey on name n  (cost=0.43..2.32 rows=1 width=4) (actual time=0.032..0.032 rows=0 loops=756)
               Index Cond: (id = ci.person_id)
               Filter: (gender IS NULL)
               Rows Removed by Filter: 1
               Buffers: shared hit=2923 read=101
 Planning:
   Buffers: shared hit=483 read=94
 Planning Time: 13.561 ms
 Execution Time: 1404.438 ms
(78 rows)

