                                                                                                                                        QUERY PLAN                                                                                                                                        
------------------------------------------------------------------------------------------------------------------------------------------------------------------------------------------------------------------------------------------------------------------------------------------
 Aggregate  (cost=698814.26..698814.27 rows=1 width=8) (actual time=27688.847..27688.854 rows=1 loops=1)
   Buffers: shared hit=2243289 read=631683
   ->  Nested Loop  (cost=15876.46..698814.09 rows=65 width=0) (actual time=40.217..27674.174 rows=79870 loops=1)
         Buffers: shared hit=2243289 read=631683
         ->  Hash Join  (cost=15876.03..698572.86 rows=104 width=4) (actual time=40.172..24739.344 rows=83311 loops=1)
               Hash Cond: (ci.role_id = rt.id)
               Buffers: shared hit=1956357 read=585371
               ->  Nested Loop  (cost=15874.83..698570.18 rows=416 width=8) (actual time=40.080..24512.102 rows=1288534 loops=1)
                     Buffers: shared hit=1956356 read=585371
                     ->  Nested Loop  (cost=15874.39..697303.00 rows=29 width=12) (actual time=40.048..11290.048 rows=26905 loops=1)
                           Buffers: shared hit=1025131 read=178504
                           ->  Seq Scan on info_type it2  (cost=0.00..2.41 rows=1 width=4) (actual time=0.035..0.044 rows=1 loops=1)
                                 Filter: (id = 6)
                                 Rows Removed by Filter: 112
                                 Buffers: shared hit=1
                           ->  Nested Loop  (cost=15874.39..697300.30 rows=29 width=16) (actual time=40.011..11283.245 rows=26905 loops=1)
                                 Buffers: shared hit=1025130 read=178504
                                 ->  Seq Scan on info_type it1  (cost=0.00..2.41 rows=1 width=4) (actual time=0.009..0.019 rows=1 loops=1)
                                       Filter: (id = 7)
                                       Rows Removed by Filter: 112
                                       Buffers: shared hit=1
                                 ->  Nested Loop  (cost=15874.39..697297.60 rows=29 width=20) (actual time=39.998..11276.498 rows=26905 loops=1)
                                       Buffers: shared hit=1025129 read=178504
                                       ->  Hash Join  (cost=15873.96..471925.74 rows=5285 width=12) (actual time=39.648..3126.366 rows=64624 loops=1)
                                             Hash Cond: (t.kind_id = kt.id)
                                             Buffers: shared hit=241899 read=38251
                                             ->  Nested Loop  (cost=15872.76..471898.56 rows=6166 width=16) (actual time=39.603..3097.512 rows=64624 loops=1)
                                                   Buffers: shared hit=241898 read=38251
                                                   ->  Bitmap Heap Scan on movie_info mi1  (cost=15872.32..419208.80 rows=7722 width=8) (actual time=39.550..727.851 rows=68481 loops=1)
                                                         Recheck Cond: (info_type_id = 7)
                                                         Filter: ((info)::text = ANY ('{"CAM:Panavision Panaflex Platinum, Panavision Primo Lenses","LAB:EFILM Digital Laboratories, Hollywood (CA), USA","LAB:Technicolor, USA",PCS:Panavision,"RAT:1.78 : 1","RAT:1.85 : 1"}'::text[]))
                                                         Rows Removed by Filter: 1333421
                                                         Heap Blocks: exact=10050
                                                         Buffers: shared hit=236 read=10913
                                                         ->  Bitmap Index Scan on info_type_id_movie_info  (cost=0.00..15870.39 rows=1484527 width=0) (actual time=38.307..38.307 rows=1401902 loops=1)
                                                               Index Cond: (info_type_id = 7)
                                                               Buffers: shared hit=1 read=1098
                                                   ->  Memoize  (cost=0.44..6.88 rows=1 width=8) (actual time=0.034..0.034 rows=1 loops=68481)
                                                         Cache Key: mi1.movie_id
                                                         Cache Mode: logical
                                                         Hits: 1231  Misses: 67250  Evictions: 0  Overflows: 0  Memory Usage: 6947kB
                                                         Buffers: shared hit=241662 read=27338
                                                         ->  Index Scan using title_pkey on title t  (cost=0.43..6.87 rows=1 width=8) (actual time=0.033..0.033 rows=1 loops=67250)
                                                               Index Cond: (id = mi1.movie_id)
                                                               Filter: ((production_year <= 2015) AND (production_year >= 1975))
                                                               Rows Removed by Filter: 0
                                                               Buffers: shared hit=241662 read=27338
                                             ->  Hash  (cost=1.12..1.12 rows=6 width=4) (actual time=0.017..0.017 rows=6 loops=1)
                                                   Buckets: 1024  Batches: 1  Memory Usage: 9kB
                                                   Buffers: shared hit=1
                                                   ->  Seq Scan on kind_type kt  (cost=0.00..1.12 rows=6 width=4) (actual time=0.009..0.011 rows=6 loops=1)
                                                         Filter: ((kind)::text = ANY ('{episode,movie,"tv movie","tv series","video game","video movie"}'::text[]))
                                                         Rows Removed by Filter: 1
                                                         Buffers: shared hit=1
                                       ->  Index Scan using movie_id_movie_info on movie_info mi2  (cost=0.43..42.63 rows=1 width=8) (actual time=0.088..0.126 rows=0 loops=64624)
                                             Index Cond: (movie_id = t.id)
                                             Filter: ((info_type_id = 6) AND ((info)::text = ANY ('{"4-Track Stereo",DTS,DTS-Stereo,Datasat,"Dolby Digital EX",Dolby,Mono,Silent,Sonics-DDP,Stereo}'::text[])))
                                             Rows Removed by Filter: 32
                                             Buffers: shared hit=783230 read=140253
                     ->  Index Scan using movie_id_cast_info on cast_info ci  (cost=0.44..43.32 rows=38 width=12) (actual time=0.037..0.479 rows=48 loops=26905)
                           Index Cond: (movie_id = t.id)
                           Buffers: shared hit=931225 read=406867
               ->  Hash  (cost=1.17..1.17 rows=3 width=4) (actual time=0.039..0.039 rows=3 loops=1)
                     Buckets: 1024  Batches: 1  Memory Usage: 9kB
                     Buffers: shared hit=1
                     ->  Seq Scan on role_type rt  (cost=0.00..1.17 rows=3 width=4) (actual time=0.029..0.032 rows=3 loops=1)
                           Filter: ((role)::text = ANY ('{cinematographer,director,editor}'::text[]))
                           Rows Removed by Filter: 9
                           Buffers: shared hit=1
         ->  Index Scan using name_pkey on name n  (cost=0.43..2.32 rows=1 width=4) (actual time=0.035..0.035 rows=1 loops=83311)
               Index Cond: (id = ci.person_id)
               Filter: (((gender)::text = 'm'::text) OR (gender IS NULL))
               Rows Removed by Filter: 0
               Buffers: shared hit=286932 read=46312
 Planning:
   Buffers: shared hit=574
 Planning Time: 13.000 ms
 Execution Time: 27690.924 ms
(78 rows)

