                                                                                                                                                                                                                                                         QUERY PLAN                                                                                                                                                                                                                                                          
-----------------------------------------------------------------------------------------------------------------------------------------------------------------------------------------------------------------------------------------------------------------------------------------------------------------------------------------------------------------------------------------------------------------------------------------------------------------------------------------------------------------------------
 Aggregate  (cost=408521.98..408521.99 rows=1 width=8) (actual time=1397.370..1397.376 rows=1 loops=1)
   Buffers: shared hit=104767 read=35697
   ->  Nested Loop  (cost=7081.89..408521.97 rows=4 width=0) (actual time=23.622..1396.530 rows=6590 loops=1)
         Buffers: shared hit=104767 read=35697
         ->  Hash Join  (cost=7081.46..408508.05 rows=6 width=4) (actual time=23.421..987.894 rows=12457 loops=1)
               Hash Cond: (ci.role_id = rt.id)
               Buffers: shared hit=62782 read=27854
               ->  Nested Loop  (cost=7080.20..408506.75 rows=14 width=8) (actual time=23.291..980.585 rows=40067 loops=1)
                     Buffers: shared hit=62781 read=27854
                     ->  Nested Loop  (cost=7079.76..408461.89 rows=1 width=12) (actual time=23.251..579.514 rows=1399 loops=1)
                           Buffers: shared hit=30374 read=16416
                           ->  Nested Loop  (cost=7079.76..408459.47 rows=1 width=16) (actual time=23.243..558.324 rows=1399 loops=1)
                                 Buffers: shared hit=28975 read=16416
                                 ->  Nested Loop  (cost=7079.76..408457.05 rows=1 width=20) (actual time=23.222..534.003 rows=1399 loops=1)
                                       Buffers: shared hit=27576 read=16416
                                       ->  Hash Join  (cost=7079.33..407937.74 rows=12 width=12) (actual time=23.170..364.919 rows=1344 loops=1)
                                             Hash Cond: (t.kind_id = kt.id)
                                             Buffers: shared hit=14505 read=11060
                                             ->  Nested Loop  (cost=7078.13..407936.48 rows=14 width=16) (actual time=23.088..364.223 rows=1344 loops=1)
                                                   Buffers: shared hit=14504 read=11060
                                                   ->  Bitmap Heap Scan on movie_info mi1  (cost=7077.70..407082.78 rows=101 width=8) (actual time=21.395..234.861 rows=4518 loops=1)
                                                         Recheck Cond: (info_type_id = 18)
                                                         Filter: ((info)::text = ANY ('{"Hamburg, Germany","Los Angeles County Arboretum & Botanic Garden - 301 N. Baldwin Avenue, Arcadia, California, USA","MGM British Studios, Borehamwood, Hertfordshire, England, UK","Manhattan, New York City, New York, USA","Stage 17, Paramount Studios - 5555 Melrose Avenue, Hollywood, Los Angeles, California, USA","Stage 19, Warner Brothers Burbank Studios - 4000 Warner Boulevard, Burbank, California, USA"}'::text[]))
                                                         Rows Removed by Filter: 656405
                                                         Heap Blocks: exact=6972
                                                         Buffers: shared hit=1346 read=6146
                                                         ->  Bitmap Index Scan on info_type_id_movie_info  (cost=0.00..7077.68 rows=662032 width=0) (actual time=20.251..20.252 rows=660923 loops=1)
                                                               Index Cond: (info_type_id = 18)
                                                               Buffers: shared read=520
                                                   ->  Index Scan using title_pkey on title t  (cost=0.43..8.45 rows=1 width=8) (actual time=0.028..0.028 rows=0 loops=4518)
                                                         Index Cond: (id = mi1.movie_id)
                                                         Filter: ((production_year <= 1975) AND (production_year >= 1925))
                                                         Rows Removed by Filter: 1
                                                         Buffers: shared hit=13158 read=4914
                                             ->  Hash  (cost=1.12..1.12 rows=6 width=4) (actual time=0.056..0.057 rows=6 loops=1)
                                                   Buckets: 1024  Batches: 1  Memory Usage: 9kB
                                                   Buffers: shared hit=1
                                                   ->  Seq Scan on kind_type kt  (cost=0.00..1.12 rows=6 width=4) (actual time=0.010..0.016 rows=6 loops=1)
                                                         Filter: ((kind)::text = ANY ('{episode,movie,"tv movie","tv series","video game","video movie"}'::text[]))
                                                         Rows Removed by Filter: 1
                                                         Buffers: shared hit=1
                                       ->  Index Scan using movie_id_movie_info on movie_info mi2  (cost=0.43..43.27 rows=1 width=8) (actual time=0.071..0.125 rows=1 loops=1344)
                                             Index Cond: (movie_id = t.id)
                                             Filter: ((info_type_id = 7) AND ((info)::text = ANY ('{"LAB:Consolidated Film Industries (CFI), Hollywood (CA), USA","OFM:35 mm",PCS:CinemaScope,PCS:Kinescope,PCS:Techniscope,PFM:Video,RAT:4:3}'::text[])))
                                             Rows Removed by Filter: 28
                                             Buffers: shared hit=13071 read=5356
                                 ->  Seq Scan on info_type it1  (cost=0.00..2.41 rows=1 width=4) (actual time=0.010..0.016 rows=1 loops=1399)
                                       Filter: (id = 18)
                                       Rows Removed by Filter: 112
                                       Buffers: shared hit=1399
                           ->  Seq Scan on info_type it2  (cost=0.00..2.41 rows=1 width=4) (actual time=0.007..0.014 rows=1 loops=1399)
                                 Filter: (id = 7)
                                 Rows Removed by Filter: 112
                                 Buffers: shared hit=1399
                     ->  Index Scan using movie_id_cast_info on cast_info ci  (cost=0.44..44.48 rows=38 width=12) (actual time=0.032..0.281 rows=29 loops=1399)
                           Index Cond: (movie_id = t.id)
                           Buffers: shared hit=32407 read=11438
               ->  Hash  (cost=1.20..1.20 rows=5 width=4) (actual time=0.036..0.037 rows=5 loops=1)
                     Buckets: 1024  Batches: 1  Memory Usage: 9kB
                     Buffers: shared hit=1
                     ->  Seq Scan on role_type rt  (cost=0.00..1.20 rows=5 width=4) (actual time=0.025..0.029 rows=5 loops=1)
                           Filter: ((role)::text = ANY ('{actress,cinematographer,"miscellaneous crew","production designer",writer}'::text[]))
                           Rows Removed by Filter: 7
                           Buffers: shared hit=1
         ->  Index Scan using name_pkey on name n  (cost=0.43..2.32 rows=1 width=4) (actual time=0.032..0.032 rows=1 loops=12457)
               Index Cond: (id = ci.person_id)
               Filter: (((gender)::text = 'm'::text) OR (gender IS NULL))
               Rows Removed by Filter: 0
               Buffers: shared hit=41985 read=7843
 Planning:
   Buffers: shared hit=483 read=91
 Planning Time: 13.908 ms
 Execution Time: 1397.989 ms
(73 rows)

