                                                                                                                                                                                                                                 QUERY PLAN                                                                                                                                                                                                                                 
----------------------------------------------------------------------------------------------------------------------------------------------------------------------------------------------------------------------------------------------------------------------------------------------------------------------------------------------------------------------------------------------------------------------------------------------------------------------------
 Aggregate  (cost=496836.95..496836.96 rows=1 width=8) (actual time=24871.432..24871.439 rows=1 loops=1)
   Buffers: shared hit=1967081 read=599591
   ->  Nested Loop  (cost=15875.63..496836.67 rows=112 width=0) (actual time=41.954..24860.550 rows=54851 loops=1)
         Buffers: shared hit=1967081 read=599591
         ->  Hash Join  (cost=15875.20..496314.78 rows=225 width=4) (actual time=41.203..21432.795 rows=96812 loops=1)
               Hash Cond: (ci.role_id = rt.id)
               Buffers: shared hit=1634980 read=544444
               ->  Nested Loop  (cost=15873.97..496311.15 rows=674 width=8) (actual time=41.101..21195.652 rows=1380899 loops=1)
                     Buffers: shared hit=1634979 read=544444
                     ->  Nested Loop  (cost=15873.53..494255.79 rows=47 width=12) (actual time=41.069..7153.202 rows=30900 loops=1)
                           Buffers: shared hit=605817 read=137962
                           ->  Seq Scan on info_type it2  (cost=0.00..2.41 rows=1 width=4) (actual time=0.029..0.038 rows=1 loops=1)
                                 Filter: (id = 4)
                                 Rows Removed by Filter: 112
                                 Buffers: shared hit=1
                           ->  Nested Loop  (cost=15873.53..494252.91 rows=47 width=16) (actual time=41.039..7145.751 rows=30900 loops=1)
                                 Buffers: shared hit=605816 read=137962
                                 ->  Seq Scan on info_type it1  (cost=0.00..2.41 rows=1 width=4) (actual time=0.011..0.023 rows=1 loops=1)
                                       Filter: (id = 7)
                                       Rows Removed by Filter: 112
                                       Buffers: shared hit=1
                                 ->  Nested Loop  (cost=15873.53..494250.02 rows=47 width=20) (actual time=41.024..7138.021 rows=30900 loops=1)
                                       Buffers: shared hit=605815 read=137962
                                       ->  Hash Join  (cost=15873.09..421037.91 rows=1720 width=12) (actual time=40.946..2028.729 rows=37895 loops=1)
                                             Hash Cond: (t.kind_id = kt.id)
                                             Buffers: shared hit=160576 read=28470
                                             ->  Nested Loop  (cost=15871.94..421024.07 rows=3010 width=16) (actual time=40.908..2009.673 rows=40695 loops=1)
                                                   Buffers: shared hit=160575 read=28470
                                                   ->  Bitmap Heap Scan on movie_info mi1  (cost=15871.50..389016.29 rows=4302 width=8) (actual time=40.877..469.090 rows=47744 loops=1)
                                                         Recheck Cond: (info_type_id = 7)
                                                         Filter: ((info)::text = ANY ('{"CAM:Canon 5D","CAM:Panasonic AG-DVX100","CAM:Red One Camera","LAB:EFILM Digital Laboratories, Hollywood (CA), USA","LAB:FotoKem Laboratory, Burbank (CA), USA","LAB:Laser Pacific Media Corporation, Los Angeles (CA), USA","LAB:Mandarin Laboratory (International) Ltd., Hong Kong","OFM:8 mm","OFM:Super 16",PCS:DVCAM,PCS:HDCAM,PCS:HDV,"PFM:70 mm","RAT:1.85 : 1"}'::text[]))
                                                         Rows Removed by Filter: 1354158
                                                         Heap Blocks: exact=10050
                                                         Buffers: shared hit=267 read=10882
                                                         ->  Bitmap Index Scan on info_type_id_movie_info  (cost=0.00..15870.39 rows=1484527 width=0) (actual time=39.460..39.460 rows=1401902 loops=1)
                                                               Index Cond: (info_type_id = 7)
                                                               Buffers: shared hit=1 read=1098
                                                   ->  Memoize  (cost=0.44..7.47 rows=1 width=8) (actual time=0.032..0.032 rows=1 loops=47744)
                                                         Cache Key: mi1.movie_id
                                                         Cache Mode: logical
                                                         Hits: 3270  Misses: 44474  Evictions: 0  Overflows: 0  Memory Usage: 4421kB
                                                         Buffers: shared hit=160308 read=17588
                                                         ->  Index Scan using title_pkey on title t  (cost=0.43..7.46 rows=1 width=8) (actual time=0.032..0.032 rows=1 loops=44474)
                                                               Index Cond: (id = mi1.movie_id)
                                                               Filter: ((production_year <= 2015) AND (production_year >= 1990))
                                                               Rows Removed by Filter: 0
                                                               Buffers: shared hit=160308 read=17588
                                             ->  Hash  (cost=1.10..1.10 rows=4 width=4) (actual time=0.017..0.017 rows=4 loops=1)
                                                   Buckets: 1024  Batches: 1  Memory Usage: 9kB
                                                   Buffers: shared hit=1
                                                   ->  Seq Scan on kind_type kt  (cost=0.00..1.10 rows=4 width=4) (actual time=0.008..0.010 rows=4 loops=1)
                                                         Filter: ((kind)::text = ANY ('{episode,movie,"tv movie","video game"}'::text[]))
                                                         Rows Removed by Filter: 3
                                                         Buffers: shared hit=1
                                       ->  Index Scan using movie_id_movie_info on movie_info mi2  (cost=0.43..42.56 rows=1 width=8) (actual time=0.054..0.134 rows=1 loops=37895)
                                             Index Cond: (movie_id = t.id)
                                             Filter: ((info_type_id = 4) AND ((info)::text = ANY ('{Cantonese,English,French,Hungarian,Italian,Persian,Serbian,"Swiss German"}'::text[])))
                                             Rows Removed by Filter: 35
                                             Buffers: shared hit=445239 read=109492
                     ->  Index Scan using movie_id_cast_info on cast_info ci  (cost=0.44..43.35 rows=38 width=12) (actual time=0.035..0.443 rows=45 loops=30900)
                           Index Cond: (movie_id = t.id)
                           Buffers: shared hit=1029162 read=406482
               ->  Hash  (cost=1.18..1.18 rows=4 width=4) (actual time=0.037..0.038 rows=4 loops=1)
                     Buckets: 1024  Batches: 1  Memory Usage: 9kB
                     Buffers: shared hit=1
                     ->  Seq Scan on role_type rt  (cost=0.00..1.18 rows=4 width=4) (actual time=0.029..0.031 rows=4 loops=1)
                           Filter: ((role)::text = ANY ('{composer,director,editor,guest}'::text[]))
                           Rows Removed by Filter: 8
                           Buffers: shared hit=1
         ->  Index Scan using name_pkey on name n  (cost=0.43..2.32 rows=1 width=4) (actual time=0.035..0.035 rows=1 loops=96812)
               Index Cond: (id = ci.person_id)
               Filter: (((gender)::text = 'f'::text) OR (gender IS NULL))
               Rows Removed by Filter: 0
               Buffers: shared hit=332101 read=55147
 Planning:
   Buffers: shared hit=576 read=1
 Planning Time: 13.840 ms
 Execution Time: 24873.098 ms
(78 rows)

