                                                                                                                                            QUERY PLAN                                                                                                                                             
---------------------------------------------------------------------------------------------------------------------------------------------------------------------------------------------------------------------------------------------------------------------------------------------------
 Aggregate  (cost=488375.53..488375.54 rows=1 width=8) (actual time=1621.427..1621.433 rows=1 loops=1)
   Buffers: shared hit=78318 read=57864
   ->  Nested Loop  (cost=32182.74..488375.52 rows=3 width=0) (actual time=254.016..1621.267 rows=1221 loops=1)
         Buffers: shared hit=78318 read=57864
         ->  Hash Join  (cost=32182.31..488361.60 rows=6 width=4) (actual time=253.697..1402.986 rows=7860 loops=1)
               Hash Cond: (ci.role_id = rt.id)
               Buffers: shared hit=52452 read=52290
               ->  Nested Loop  (cost=32181.05..488360.30 rows=14 width=8) (actual time=253.640..1400.493 rows=19097 loops=1)
                     Buffers: shared hit=52451 read=52290
                     ->  Nested Loop  (cost=32180.61..488316.57 rows=1 width=12) (actual time=253.600..1238.255 rows=211 loops=1)
                           Buffers: shared hit=38570 read=47023
                           ->  Nested Loop  (cost=32180.61..488314.14 rows=1 width=16) (actual time=253.594..1235.677 rows=211 loops=1)
                                 Buffers: shared hit=38359 read=47023
                                 ->  Nested Loop  (cost=32180.61..488311.72 rows=1 width=20) (actual time=253.573..1233.587 rows=211 loops=1)
                                       Buffers: shared hit=38148 read=47023
                                       ->  Hash Join  (cost=32180.17..477752.43 rows=246 width=12) (actual time=81.820..1051.420 rows=3837 loops=1)
                                             Hash Cond: (t.kind_id = kt.id)
                                             Buffers: shared hit=18657 read=33065
                                             ->  Nested Loop  (cost=32179.02..477749.47 rows=430 width=16) (actual time=81.776..1050.177 rows=5952 loops=1)
                                                   Buffers: shared hit=18656 read=33065
                                                   ->  Bitmap Heap Scan on movie_info mi1  (cost=32178.59..472659.64 rows=614 width=8) (actual time=81.736..942.023 rows=5967 loops=1)
                                                         Recheck Cond: (info_type_id = 16)
                                                         Filter: ((info)::text = ANY ('{"Canada:11 September 2004","France:17 May 2007","Germany:10 February 2007","Iceland:8 April 2005","USA:16 April 2010",USA:2008,"USA:28 October 2005","USA:April 2008"}'::text[]))
                                                         Rows Removed by Filter: 3030752
                                                         Heap Blocks: exact=25474
                                                         Buffers: shared hit=1556 read=26297
                                                         ->  Bitmap Index Scan on info_type_id_movie_info  (cost=0.00..32178.44 rows=3010400 width=0) (actual time=77.105..77.105 rows=3036719 loops=1)
                                                               Index Cond: (info_type_id = 16)
                                                               Buffers: shared read=2379
                                                   ->  Index Scan using title_pkey on title t  (cost=0.43..8.29 rows=1 width=8) (actual time=0.018..0.018 rows=1 loops=5967)
                                                         Index Cond: (id = mi1.movie_id)
                                                         Filter: ((production_year <= 2015) AND (production_year >= 1990))
                                                         Rows Removed by Filter: 0
                                                         Buffers: shared hit=17100 read=6768
                                             ->  Hash  (cost=1.10..1.10 rows=4 width=4) (actual time=0.019..0.019 rows=4 loops=1)
                                                   Buckets: 1024  Batches: 1  Memory Usage: 9kB
                                                   Buffers: shared hit=1
                                                   ->  Seq Scan on kind_type kt  (cost=0.00..1.10 rows=4 width=4) (actual time=0.008..0.010 rows=4 loops=1)
                                                         Filter: ((kind)::text = ANY ('{episode,movie,"tv movie","tv series"}'::text[]))
                                                         Rows Removed by Filter: 3
                                                         Buffers: shared hit=1
                                       ->  Index Scan using movie_id_movie_info on movie_info mi2  (cost=0.43..42.91 rows=1 width=8) (actual time=0.046..0.047 rows=0 loops=3837)
                                             Index Cond: (movie_id = t.id)
                                             Filter: ((info_type_id = 5) AND ((info)::text = ANY ('{Argentina:16,Brazil:16,Canada:13+,Canada:14+,Canada:A,Canada:F,Iceland:L,Italy:VM14,Netherlands:12,Portugal:M/6,"South Africa:13V","South Korea:All",Sweden:Btl,Taiwan:R-12,UK:PG}'::text[])))
                                             Rows Removed by Filter: 14
                                             Buffers: shared hit=19491 read=13958
                                 ->  Seq Scan on info_type it1  (cost=0.00..2.41 rows=1 width=4) (actual time=0.004..0.008 rows=1 loops=211)
                                       Filter: (id = 16)
                                       Rows Removed by Filter: 112
                                       Buffers: shared hit=211
                           ->  Seq Scan on info_type it2  (cost=0.00..2.41 rows=1 width=4) (actual time=0.007..0.011 rows=1 loops=211)
                                 Filter: (id = 5)
                                 Rows Removed by Filter: 112
                                 Buffers: shared hit=211
                     ->  Index Scan using movie_id_cast_info on cast_info ci  (cost=0.44..43.35 rows=38 width=12) (actual time=0.044..0.757 rows=91 loops=211)
                           Index Cond: (movie_id = t.id)
                           Buffers: shared hit=13881 read=5267
               ->  Hash  (cost=1.20..1.20 rows=5 width=4) (actual time=0.035..0.036 rows=5 loops=1)
                     Buckets: 1024  Batches: 1  Memory Usage: 9kB
                     Buffers: shared hit=1
                     ->  Seq Scan on role_type rt  (cost=0.00..1.20 rows=5 width=4) (actual time=0.024..0.028 rows=5 loops=1)
                           Filter: ((role)::text = ANY ('{actor,director,editor,guest,producer}'::text[]))
                           Rows Removed by Filter: 7
                           Buffers: shared hit=1
         ->  Index Scan using name_pkey on name n  (cost=0.43..2.32 rows=1 width=4) (actual time=0.028..0.028 rows=0 loops=7860)
               Index Cond: (id = ci.person_id)
               Filter: (((gender)::text = 'f'::text) OR (gender IS NULL))
               Rows Removed by Filter: 1
               Buffers: shared hit=25866 read=5574
 Planning:
   Buffers: shared hit=484 read=90
 Planning Time: 10.088 ms
 Execution Time: 1622.112 ms
(73 rows)

