                                                                                                           QUERY PLAN                                                                                                           
--------------------------------------------------------------------------------------------------------------------------------------------------------------------------------------------------------------------------------
 Aggregate  (cost=476056.98..476056.99 rows=1 width=8) (actual time=16536.111..16536.117 rows=1 loops=1)
   Buffers: shared hit=1534664 read=185786
   ->  Nested Loop  (cost=4697.62..476056.93 rows=20 width=0) (actual time=20.624..16518.784 rows=100402 loops=1)
         Buffers: shared hit=1534664 read=185786
         ->  Hash Join  (cost=4697.19..475987.35 rows=30 width=4) (actual time=20.454..7816.065 rows=243105 loops=1)
               Hash Cond: (ci.role_id = rt.id)
               Buffers: shared hit=591870 read=156160
               ->  Nested Loop  (cost=4695.93..475985.83 rows=72 width=8) (actual time=20.378..7669.574 rows=462634 loops=1)
                     Buffers: shared hit=591869 read=156160
                     ->  Nested Loop  (cost=4695.49..475767.54 rows=5 width=12) (actual time=20.340..2821.985 rows=9110 loops=1)
                           Buffers: shared hit=201081 read=67318
                           ->  Seq Scan on info_type it2  (cost=0.00..2.41 rows=1 width=4) (actual time=0.032..0.041 rows=1 loops=1)
                                 Filter: (id = 5)
                                 Rows Removed by Filter: 112
                                 Buffers: shared hit=1
                           ->  Nested Loop  (cost=4695.49..475765.08 rows=5 width=16) (actual time=20.306..2819.376 rows=9110 loops=1)
                                 Buffers: shared hit=201080 read=67318
                                 ->  Seq Scan on info_type it1  (cost=0.00..2.41 rows=1 width=4) (actual time=0.013..0.022 rows=1 loops=1)
                                       Filter: (id = 4)
                                       Rows Removed by Filter: 112
                                       Buffers: shared hit=1
                                 ->  Nested Loop  (cost=4695.49..475762.61 rows=5 width=20) (actual time=20.289..2816.454 rows=9110 loops=1)
                                       Buffers: shared hit=201079 read=67318
                                       ->  Hash Join  (cost=4695.06..466527.55 rows=218 width=12) (actual time=20.248..1495.867 rows=10376 loops=1)
                                             Hash Cond: (t.kind_id = kt.id)
                                             Buffers: shared hit=95680 read=37521
                                             ->  Nested Loop  (cost=4693.90..466524.79 rows=381 width=16) (actual time=20.202..1486.115 rows=28354 loops=1)
                                                   Buffers: shared hit=95679 read=37521
                                                   ->  Bitmap Heap Scan on movie_info mi2  (cost=4693.47..463120.17 rows=408 width=8) (actual time=20.155..495.270 rows=28407 loops=1)
                                                         Recheck Cond: (info_type_id = 5)
                                                         Filter: ((info)::text = ANY ('{Canada:14A,Iceland:14,"New Zealand:R18",Norway:16,Norway:7,Portugal:M/12,Singapore:M18,"South Korea:15",USA:TV-14,USA:TV-Y7}'::text[]))
                                                         Rows Removed by Filter: 458147
                                                         Heap Blocks: exact=19164
                                                         Buffers: shared hit=1368 read=18204
                                                         ->  Bitmap Index Scan on info_type_id_movie_info  (cost=0.00..4693.37 rows=439058 width=0) (actual time=17.500..17.501 rows=486554 loops=1)
                                                               Index Cond: (info_type_id = 5)
                                                               Buffers: shared hit=1 read=407
                                                   ->  Index Scan using title_pkey on title t  (cost=0.43..8.34 rows=1 width=8) (actual time=0.034..0.034 rows=1 loops=28407)
                                                         Index Cond: (id = mi2.movie_id)
                                                         Filter: ((production_year <= 2015) AND (production_year >= 1925))
                                                         Rows Removed by Filter: 0
                                                         Buffers: shared hit=94311 read=19317
                                             ->  Hash  (cost=1.10..1.10 rows=4 width=4) (actual time=0.018..0.019 rows=4 loops=1)
                                                   Buckets: 1024  Batches: 1  Memory Usage: 9kB
                                                   Buffers: shared hit=1
                                                   ->  Seq Scan on kind_type kt  (cost=0.00..1.10 rows=4 width=4) (actual time=0.009..0.011 rows=4 loops=1)
                                                         Filter: ((kind)::text = ANY ('{episode,"tv movie","tv series","video movie"}'::text[]))
                                                         Rows Removed by Filter: 3
                                                         Buffers: shared hit=1
                                       ->  Index Scan using movie_id_movie_info on movie_info mi1  (cost=0.43..42.35 rows=1 width=8) (actual time=0.084..0.126 rows=1 loops=10376)
                                             Index Cond: (movie_id = t.id)
                                             Filter: ((info_type_id = 4) AND ((info)::text = ANY ('{"American Sign Language",Cantonese,English,"Irish Gaelic",Malay}'::text[])))
                                             Rows Removed by Filter: 23
                                             Buffers: shared hit=105399 read=29797
                     ->  Index Scan using movie_id_cast_info on cast_info ci  (cost=0.44..43.28 rows=38 width=12) (actual time=0.039..0.517 rows=51 loops=9110)
                           Index Cond: (movie_id = t.id)
                           Buffers: shared hit=390788 read=88842
               ->  Hash  (cost=1.20..1.20 rows=5 width=4) (actual time=0.041..0.041 rows=5 loops=1)
                     Buckets: 1024  Batches: 1  Memory Usage: 9kB
                     Buffers: shared hit=1
                     ->  Seq Scan on role_type rt  (cost=0.00..1.20 rows=5 width=4) (actual time=0.029..0.033 rows=5 loops=1)
                           Filter: ((role)::text = ANY ('{"costume designer","miscellaneous crew",producer,"production designer",writer}'::text[]))
                           Rows Removed by Filter: 7
                           Buffers: shared hit=1
         ->  Index Scan using name_pkey on name n  (cost=0.43..2.32 rows=1 width=4) (actual time=0.035..0.035 rows=0 loops=243105)
               Index Cond: (id = ci.person_id)
               Filter: ((gender)::text = ANY ('{f,m}'::text[]))
               Rows Removed by Filter: 1
               Buffers: shared hit=942794 read=29626
 Planning:
   Buffers: shared hit=574
 Planning Time: 13.085 ms
 Execution Time: 16536.854 ms
(73 rows)

