                                                                                                                                                                                                                                                                                                                                                                                                                                                                                                                               QUERY PLAN                                                                                                                                                                                                                                                                                                                                                                                                                                                                                                                               
------------------------------------------------------------------------------------------------------------------------------------------------------------------------------------------------------------------------------------------------------------------------------------------------------------------------------------------------------------------------------------------------------------------------------------------------------------------------------------------------------------------------------------------------------------------------------------------------------------------------------------------------------------------------------------------------------------------------------------------------------------------------------------------------------------------------------------------------------------------------------------------------------------------------------------------------------------------------------------------------------------------------------------------------------------------------
 Aggregate  (cost=343566.46..343566.47 rows=1 width=8) (actual time=378.172..378.178 rows=1 loops=1)
   Buffers: shared hit=14834 read=22164
   ->  Nested Loop  (cost=3725.56..343566.46 rows=2 width=0) (actual time=24.154..378.158 rows=69 loops=1)
         Buffers: shared hit=14834 read=22164
         ->  Hash Join  (cost=3725.13..343554.87 rows=5 width=4) (actual time=15.253..375.145 rows=128 loops=1)
               Hash Cond: (ci.role_id = rt.id)
               Buffers: shared hit=14433 read=22053
               ->  Nested Loop  (cost=3723.90..343553.60 rows=14 width=8) (actual time=14.984..374.916 rows=1266 loops=1)
                     Buffers: shared hit=14432 read=22053
                     ->  Nested Loop  (cost=3723.46..343509.04 rows=1 width=12) (actual time=14.944..360.616 rows=56 loops=1)
                           Buffers: shared hit=13818 read=21248
                           ->  Nested Loop  (cost=3723.46..343506.62 rows=1 width=16) (actual time=14.938..360.086 rows=56 loops=1)
                                 Buffers: shared hit=13762 read=21248
                                 ->  Nested Loop  (cost=3723.46..343504.20 rows=1 width=20) (actual time=14.917..359.496 rows=56 loops=1)
                                       Buffers: shared hit=13706 read=21248
                                       ->  Nested Loop  (cost=3723.32..343504.03 rows=1 width=24) (actual time=14.906..358.294 rows=56 loops=1)
                                             Buffers: shared hit=13594 read=21248
                                             ->  Nested Loop  (cost=3722.85..343375.17 rows=3 width=16) (actual time=14.766..219.327 rows=1279 loops=1)
                                                   Buffers: shared hit=5146 read=13410
                                                   ->  Bitmap Heap Scan on movie_info mi2  (cost=3722.42..343223.03 rows=18 width=8) (actual time=14.366..161.731 rows=1835 loops=1)
                                                         Recheck Cond: (info_type_id = 17)
                                                         Filter: ((info)::text = ANY ('{"Last show of the series.","One of over 700 Paramount Productions, filmed between 1929 and 1949, which were sold to MCA/Universal in 1958 for television distribution, and have been owned and controlled by Universal ever since."}'::text[]))
                                                         Rows Removed by Filter: 366383
                                                         Heap Blocks: exact=10925
                                                         Buffers: shared hit=1050 read=10166
                                                         ->  Bitmap Index Scan on info_type_id_movie_info  (cost=0.00..3722.42 rows=347998 width=0) (actual time=12.782..12.783 rows=368218 loops=1)
                                                               Index Cond: (info_type_id = 17)
                                                               Buffers: shared read=291
                                                   ->  Index Scan using title_pkey on title t  (cost=0.43..8.45 rows=1 width=8) (actual time=0.031..0.031 rows=1 loops=1835)
                                                         Index Cond: (id = mi2.movie_id)
                                                         Filter: ((production_year <= 1975) AND (production_year >= 1875))
                                                         Rows Removed by Filter: 0
                                                         Buffers: shared hit=4096 read=3244
                                             ->  Index Scan using movie_id_movie_info on movie_info mi1  (cost=0.47..42.94 rows=1 width=8) (actual time=0.103..0.108 rows=0 loops=1279)
                                                   Index Cond: (movie_id = t.id)
                                                   Filter: ((info_type_id = 18) AND ((info)::text = ANY ('{"Almería, Andalucía, Spain","Berlin, Germany","Cinecittà Studios, Cinecittà, Rome, Lazio, Italy","RKO-Pathé Studios - 9336 Washington Blvd., Culver City, California, USA","San Diego, California, USA","Santa Monica, California, USA","Shepperton Studios, Shepperton, Surrey, England, UK","Stage 14, Warner Brothers Burbank Studios - 4000 Warner Boulevard, Burbank, California, USA","Stage 16, Warner Brothers Burbank Studios - 4000 Warner Boulevard, Burbank, California, USA","Stage 28, Warner Brothers Burbank Studios - 4000 Warner Boulevard, Burbank, California, USA","Stage 6, Warner Brothers Burbank Studios - 4000 Warner Boulevard, Burbank, California, USA","Studio 33, CBS Television City - 7800 Beverly Blvd., Fairfax, Los Angeles, California, USA","Universal Studios - 100 Universal City Plaza, Universal City, California, USA","Walt Disney Studios, 500 South Buena Vista Street, Burbank, California, USA"}'::text[])))
                                                   Rows Removed by Filter: 17
                                                   Buffers: shared hit=8448 read=7838
                                       ->  Index Scan using kind_type_pkey on kind_type kt  (cost=0.13..0.16 rows=1 width=4) (actual time=0.021..0.021 rows=1 loops=56)
                                             Index Cond: (id = t.kind_id)
                                             Filter: ((kind)::text = ANY ('{episode,movie,"tv movie","tv series","video game","video movie"}'::text[]))
                                             Buffers: shared hit=112
                                 ->  Seq Scan on info_type it1  (cost=0.00..2.41 rows=1 width=4) (actual time=0.005..0.009 rows=1 loops=56)
                                       Filter: (id = 18)
                                       Rows Removed by Filter: 112
                                       Buffers: shared hit=56
                           ->  Seq Scan on info_type it2  (cost=0.00..2.41 rows=1 width=4) (actual time=0.004..0.008 rows=1 loops=56)
                                 Filter: (id = 17)
                                 Rows Removed by Filter: 112
                                 Buffers: shared hit=56
                     ->  Index Scan using movie_id_cast_info on cast_info ci  (cost=0.44..44.17 rows=38 width=12) (actual time=0.038..0.251 rows=23 loops=56)
                           Index Cond: (movie_id = t.id)
                           Buffers: shared hit=614 read=805
               ->  Hash  (cost=1.18..1.18 rows=4 width=4) (actual time=0.031..0.031 rows=4 loops=1)
                     Buckets: 1024  Batches: 1  Memory Usage: 9kB
                     Buffers: shared hit=1
                     ->  Seq Scan on role_type rt  (cost=0.00..1.18 rows=4 width=4) (actual time=0.021..0.023 rows=4 loops=1)
                           Filter: ((role)::text = ANY ('{"costume designer",director,guest,"miscellaneous crew"}'::text[]))
                           Rows Removed by Filter: 8
                           Buffers: shared hit=1
         ->  Index Scan using name_pkey on name n  (cost=0.43..2.32 rows=1 width=4) (actual time=0.023..0.023 rows=1 loops=128)
               Index Cond: (id = ci.person_id)
               Filter: (gender IS NULL)
               Rows Removed by Filter: 0
               Buffers: shared hit=401 read=111
 Planning:
   Buffers: shared hit=485 read=92
 Planning Time: 13.256 ms
 Execution Time: 378.648 ms
(69 rows)

