                                                                                                                QUERY PLAN                                                                                                                 
-------------------------------------------------------------------------------------------------------------------------------------------------------------------------------------------------------------------------------------------
 Aggregate  (cost=375394.37..375394.38 rows=1 width=8) (actual time=5726.005..5726.011 rows=1 loops=1)
   Buffers: shared hit=512414 read=78258
   ->  Nested Loop  (cost=4697.51..375394.36 rows=3 width=0) (actual time=38.270..5714.574 rows=74454 loops=1)
         Buffers: shared hit=512414 read=78258
         ->  Hash Join  (cost=4697.08..375385.08 rows=4 width=4) (actual time=38.222..3163.980 rows=74454 loops=1)
               Hash Cond: (ci.role_id = rt.id)
               Buffers: shared hit=219308 read=73548
               ->  Nested Loop  (cost=4695.88..375383.83 rows=14 width=8) (actual time=38.162..3125.006 rows=135764 loops=1)
                     Buffers: shared hit=219307 read=73548
                     ->  Nested Loop  (cost=4695.44..375338.97 rows=1 width=12) (actual time=38.115..1703.286 rows=2973 loops=1)
                           Buffers: shared hit=103392 read=47607
                           ->  Nested Loop  (cost=4695.44..375336.55 rows=1 width=16) (actual time=38.108..1643.405 rows=2973 loops=1)
                                 Buffers: shared hit=100419 read=47607
                                 ->  Nested Loop  (cost=4695.44..375334.13 rows=1 width=20) (actual time=38.086..1578.920 rows=2973 loops=1)
                                       Buffers: shared hit=97446 read=47607
                                       ->  Hash Join  (cost=4695.00..374987.92 rows=8 width=12) (actual time=34.546..1074.890 rows=2727 loops=1)
                                             Hash Cond: (t.kind_id = kt.id)
                                             Buffers: shared hit=69823 read=31014
                                             ->  Nested Loop  (cost=4693.85..374986.71 rows=14 width=16) (actual time=22.417..1072.996 rows=2877 loops=1)
                                                   Buffers: shared hit=69822 read=31014
                                                   ->  Bitmap Heap Scan on movie_info mi1  (cost=4693.42..374133.01 rows=101 width=8) (actual time=21.486..380.107 rows=20316 loops=1)
                                                         Recheck Cond: (info_type_id = 5)
                                                         Filter: ((info)::text = ANY ('{Argentina:18,Brazil:12,Canada:R,Finland:K-15,France:-16,Germany:12,India:U,Portugal:17,USA:PG-13}'::text[]))
                                                         Rows Removed by Filter: 466238
                                                         Heap Blocks: exact=19164
                                                         Buffers: shared hit=1472 read=18100
                                                         ->  Bitmap Index Scan on info_type_id_movie_info  (cost=0.00..4693.37 rows=439058 width=0) (actual time=18.580..18.581 rows=486554 loops=1)
                                                               Index Cond: (info_type_id = 5)
                                                               Buffers: shared hit=1 read=407
                                                   ->  Index Scan using title_pkey on title t  (cost=0.43..8.45 rows=1 width=8) (actual time=0.034..0.034 rows=0 loops=20316)
                                                         Index Cond: (id = mi1.movie_id)
                                                         Filter: ((production_year <= 1975) AND (production_year >= 1925))
                                                         Rows Removed by Filter: 1
                                                         Buffers: shared hit=68350 read=12914
                                             ->  Hash  (cost=1.10..1.10 rows=4 width=4) (actual time=0.017..0.018 rows=4 loops=1)
                                                   Buckets: 1024  Batches: 1  Memory Usage: 9kB
                                                   Buffers: shared hit=1
                                                   ->  Seq Scan on kind_type kt  (cost=0.00..1.10 rows=4 width=4) (actual time=0.009..0.011 rows=4 loops=1)
                                                         Filter: ((kind)::text = ANY ('{episode,movie,"video game","video movie"}'::text[]))
                                                         Rows Removed by Filter: 3
                                                         Buffers: shared hit=1
                                       ->  Index Scan using movie_id_movie_info on movie_info mi2  (cost=0.43..43.27 rows=1 width=8) (actual time=0.093..0.184 rows=1 loops=2727)
                                             Index Cond: (movie_id = t.id)
                                             Filter: ((info_type_id = 7) AND ((info)::text = ANY ('{"CAM:Bausch & Lomb Lenses","LAB:Technicolor, USA","OFM:35 mm",PCS:Spherical,PCS:VistaVision,"RAT:1.37 : 1","RAT:1.75 : 1"}'::text[])))
                                             Rows Removed by Filter: 51
                                             Buffers: shared hit=27623 read=16593
                                 ->  Seq Scan on info_type it1  (cost=0.00..2.41 rows=1 width=4) (actual time=0.011..0.019 rows=1 loops=2973)
                                       Filter: (id = 5)
                                       Rows Removed by Filter: 112
                                       Buffers: shared hit=2973
                           ->  Seq Scan on info_type it2  (cost=0.00..2.41 rows=1 width=4) (actual time=0.009..0.018 rows=1 loops=2973)
                                 Filter: (id = 7)
                                 Rows Removed by Filter: 112
                                 Buffers: shared hit=2973
                     ->  Index Scan using movie_id_cast_info on cast_info ci  (cost=0.44..44.48 rows=38 width=12) (actual time=0.036..0.466 rows=46 loops=2973)
                           Index Cond: (movie_id = t.id)
                           Buffers: shared hit=115915 read=25941
               ->  Hash  (cost=1.17..1.17 rows=3 width=4) (actual time=0.034..0.035 rows=3 loops=1)
                     Buckets: 1024  Batches: 1  Memory Usage: 9kB
                     Buffers: shared hit=1
                     ->  Seq Scan on role_type rt  (cost=0.00..1.17 rows=3 width=4) (actual time=0.024..0.028 rows=3 loops=1)
                           Filter: ((role)::text = ANY ('{actor,"costume designer",director}'::text[]))
                           Rows Removed by Filter: 9
                           Buffers: shared hit=1
         ->  Index Scan using name_pkey on name n  (cost=0.43..2.32 rows=1 width=4) (actual time=0.034..0.034 rows=1 loops=74454)
               Index Cond: (id = ci.person_id)
               Filter: (((gender)::text = ANY ('{f,m}'::text[])) OR (gender IS NULL))
               Buffers: shared hit=293106 read=4710
 Planning:
   Buffers: shared hit=577
 Planning Time: 13.687 ms
 Execution Time: 5726.688 ms
(72 rows)

