                                                                                               QUERY PLAN                                                                                               
--------------------------------------------------------------------------------------------------------------------------------------------------------------------------------------------------------
 Aggregate  (cost=499623.95..499623.96 rows=1 width=8) (actual time=84302.607..84302.616 rows=1 loops=1)
   Buffers: shared hit=8352028 read=469005
   ->  Nested Loop  (cost=5097.69..499623.81 rows=57 width=0) (actual time=17.378..84153.352 rows=832953 loops=1)
         Buffers: shared hit=8352028 read=469005
         ->  Hash Join  (cost=5097.26..499412.73 rows=91 width=4) (actual time=17.338..53654.608 rows=833091 loops=1)
               Hash Cond: (ci.role_id = rt.id)
               Buffers: shared hit=5059821 read=428848
               ->  Nested Loop  (cost=5096.08..499409.62 rows=545 width=8) (actual time=16.921..53103.959 rows=1686242 loops=1)
                     Buffers: shared hit=5059820 read=428848
                     ->  Nested Loop  (cost=5095.64..497705.07 rows=38 width=12) (actual time=16.895..33898.265 rows=82943 loops=1)
                           Buffers: shared hit=3403630 read=181389
                           ->  Seq Scan on info_type it2  (cost=0.00..2.41 rows=1 width=4) (actual time=0.034..0.046 rows=1 loops=1)
                                 Filter: (id = 6)
                                 Rows Removed by Filter: 112
                                 Buffers: shared hit=1
                           ->  Nested Loop  (cost=5095.64..497702.28 rows=38 width=16) (actual time=16.860..33873.755 rows=82943 loops=1)
                                 Buffers: shared hit=3403629 read=181389
                                 ->  Seq Scan on info_type it1  (cost=0.00..2.41 rows=1 width=4) (actual time=0.009..0.022 rows=1 loops=1)
                                       Filter: (id = 8)
                                       Rows Removed by Filter: 112
                                       Buffers: shared hit=1
                                 ->  Nested Loop  (cost=5095.64..497699.49 rows=38 width=20) (actual time=16.848..33849.435 rows=82943 loops=1)
                                       Buffers: shared hit=3403628 read=181389
                                       ->  Hash Join  (cost=5095.18..439408.23 rows=1351 width=12) (actual time=16.763..15501.592 rows=174949 loops=1)
                                             Hash Cond: (t.kind_id = kt.id)
                                             Buffers: shared hit=1563320 read=46553
                                             ->  Nested Loop  (cost=5094.01..439399.08 rows=1892 width=16) (actual time=16.721..15406.681 rows=174957 loops=1)
                                                   Buffers: shared hit=1563319 read=46553
                                                   ->  Bitmap Heap Scan on movie_info mi2  (cost=5093.57..359823.46 rows=13311 width=8) (actual time=16.165..321.976 rows=403873 loops=1)
                                                         Recheck Cond: (info_type_id = 6)
                                                         Filter: ((info)::text = ANY ('{Mono,Silent,Stereo}'::text[]))
                                                         Rows Removed by Filter: 70570
                                                         Heap Blocks: exact=3206
                                                         Buffers: shared hit=20 read=3560
                                                         ->  Bitmap Index Scan on info_type_id_movie_info  (cost=0.00..5090.24 rows=475974 width=0) (actual time=15.816..15.816 rows=474443 loops=1)
                                                               Index Cond: (info_type_id = 6)
                                                               Buffers: shared hit=1 read=373
                                                   ->  Memoize  (cost=0.44..6.07 rows=1 width=8) (actual time=0.037..0.037 rows=0 loops=403873)
                                                         Cache Key: mi2.movie_id
                                                         Cache Mode: logical
                                                         Hits: 2300  Misses: 401573  Evictions: 299673  Overflows: 0  Memory Usage: 8193kB
                                                         Buffers: shared hit=1563299 read=42993
                                                         ->  Index Scan using title_pkey on title t  (cost=0.43..6.06 rows=1 width=8) (actual time=0.036..0.036 rows=0 loops=401573)
                                                               Index Cond: (id = mi2.movie_id)
                                                               Filter: ((production_year <= 1975) AND (production_year >= 1925))
                                                               Rows Removed by Filter: 1
                                                               Buffers: shared hit=1563299 read=42993
                                             ->  Hash  (cost=1.11..1.11 rows=5 width=4) (actual time=0.015..0.016 rows=5 loops=1)
                                                   Buckets: 1024  Batches: 1  Memory Usage: 9kB
                                                   Buffers: shared hit=1
                                                   ->  Seq Scan on kind_type kt  (cost=0.00..1.11 rows=5 width=4) (actual time=0.009..0.011 rows=5 loops=1)
                                                         Filter: ((kind)::text = ANY ('{episode,movie,"tv movie","tv series","video game"}'::text[]))
                                                         Rows Removed by Filter: 2
                                                         Buffers: shared hit=1
                                       ->  Index Scan using movie_id_movie_info on movie_info mi1  (cost=0.46..43.14 rows=1 width=8) (actual time=0.100..0.104 rows=0 loops=174949)
                                             Index Cond: (movie_id = t.id)
                                             Filter: ((info_type_id = 8) AND ((info)::text = ANY ('{Canada,Denmark,"East Germany",France,Germany,Japan,Philippines,Portugal,USA,Yugoslavia}'::text[])))
                                             Rows Removed by Filter: 13
                                             Buffers: shared hit=1840308 read=134836
                     ->  Index Scan using movie_id_cast_info on cast_info ci  (cost=0.44..44.48 rows=38 width=12) (actual time=0.038..0.225 rows=20 loops=82943)
                           Index Cond: (movie_id = t.id)
                           Buffers: shared hit=1656190 read=247459
               ->  Hash  (cost=1.15..1.15 rows=2 width=4) (actual time=0.034..0.034 rows=2 loops=1)
                     Buckets: 1024  Batches: 1  Memory Usage: 9kB
                     Buffers: shared hit=1
                     ->  Seq Scan on role_type rt  (cost=0.00..1.15 rows=2 width=4) (actual time=0.025..0.028 rows=2 loops=1)
                           Filter: ((role)::text = ANY ('{actor,"production designer"}'::text[]))
                           Rows Removed by Filter: 10
                           Buffers: shared hit=1
         ->  Index Scan using name_pkey on name n  (cost=0.43..2.32 rows=1 width=4) (actual time=0.036..0.036 rows=1 loops=833091)
               Index Cond: (id = ci.person_id)
               Filter: (((gender)::text = 'm'::text) OR (gender IS NULL))
               Rows Removed by Filter: 0
               Buffers: shared hit=3292207 read=40157
 Planning:
   Buffers: shared hit=577
 Planning Time: 13.907 ms
 Execution Time: 84305.961 ms
(78 rows)

