                                                                                                                    QUERY PLAN                                                                                                                     
---------------------------------------------------------------------------------------------------------------------------------------------------------------------------------------------------------------------------------------------------
 Aggregate  (cost=530444.14..530444.15 rows=1 width=8) (actual time=19998.034..19998.042 rows=1 loops=1)
   Buffers: shared hit=1862664 read=211858
   ->  Nested Loop  (cost=13063.12..530444.08 rows=21 width=0) (actual time=185.729..19992.337 rows=25048 loops=1)
         Buffers: shared hit=1862664 read=211858
         ->  Hash Join  (cost=13062.69..530344.34 rows=43 width=4) (actual time=185.656..18714.014 rows=35579 loops=1)
               Hash Cond: (ci.role_id = rt.id)
               Buffers: shared hit=1726455 read=205751
               ->  Nested Loop  (cost=13061.51..530342.25 rows=258 width=8) (actual time=40.675..18609.434 rows=542925 loops=1)
                     Buffers: shared hit=1726454 read=205751
                     ->  Nested Loop  (cost=13061.07..529543.74 rows=18 width=12) (actual time=40.631..12809.772 rows=18134 loops=1)
                           Buffers: shared hit=1235098 read=110954
                           ->  Seq Scan on info_type it2  (cost=0.00..2.41 rows=1 width=4) (actual time=0.035..0.044 rows=1 loops=1)
                                 Filter: (id = 7)
                                 Rows Removed by Filter: 112
                                 Buffers: shared hit=1
                           ->  Nested Loop  (cost=13061.07..529541.15 rows=18 width=16) (actual time=40.595..12804.792 rows=18134 loops=1)
                                 Buffers: shared hit=1235097 read=110954
                                 ->  Seq Scan on info_type it1  (cost=0.00..2.41 rows=1 width=4) (actual time=0.009..0.021 rows=1 loops=1)
                                       Filter: (id = 4)
                                       Rows Removed by Filter: 112
                                       Buffers: shared hit=1
                                 ->  Nested Loop  (cost=13061.07..529538.56 rows=18 width=20) (actual time=40.583..12799.821 rows=18134 loops=1)
                                       Buffers: shared hit=1235096 read=110954
                                       ->  Hash Join  (cost=13060.64..470339.20 rows=1377 width=12) (actual time=38.783..8569.165 rows=42176 loops=1)
                                             Hash Cond: (t.kind_id = kt.id)
                                             Buffers: shared hit=858047 read=49970
                                             ->  Nested Loop  (cost=13059.50..470324.52 rows=3213 width=16) (actual time=38.140..8542.237 rows=62067 loops=1)
                                                   Buffers: shared hit=858046 read=49970
                                                   ->  Bitmap Heap Scan on movie_info mi1  (cost=13059.06..385270.58 rows=14678 width=8) (actual time=38.097..479.064 rows=228593 loops=1)
                                                         Recheck Cond: (info_type_id = 4)
                                                         Filter: ((info)::text = ANY ('{Cantonese,Dutch,Finnish,German,Hebrew,Italian,Latin,Slovak,Spanish,Turkish}'::text[]))
                                                         Rows Removed by Filter: 1070396
                                                         Heap Blocks: exact=8393
                                                         Buffers: shared hit=17 read=9395
                                                         ->  Bitmap Index Scan on info_type_id_movie_info  (cost=0.00..13055.37 rows=1221191 width=0) (actual time=36.231..36.231 rows=1298989 loops=1)
                                                               Index Cond: (info_type_id = 4)
                                                               Buffers: shared read=1019
                                                   ->  Memoize  (cost=0.44..5.90 rows=1 width=8) (actual time=0.035..0.035 rows=0 loops=228593)
                                                         Cache Key: mi1.movie_id
                                                         Cache Mode: logical
                                                         Hits: 3942  Misses: 224651  Evictions: 116246  Overflows: 0  Memory Usage: 8193kB
                                                         Buffers: shared hit=858029 read=40575
                                                         ->  Index Scan using title_pkey on title t  (cost=0.43..5.89 rows=1 width=8) (actual time=0.034..0.034 rows=0 loops=224651)
                                                               Index Cond: (id = mi1.movie_id)
                                                               Filter: ((production_year <= 1990) AND (production_year >= 1950))
                                                               Rows Removed by Filter: 1
                                                               Buffers: shared hit=858029 read=40575
                                             ->  Hash  (cost=1.10..1.10 rows=3 width=4) (actual time=0.021..0.022 rows=3 loops=1)
                                                   Buckets: 1024  Batches: 1  Memory Usage: 9kB
                                                   Buffers: shared hit=1
                                                   ->  Seq Scan on kind_type kt  (cost=0.00..1.10 rows=3 width=4) (actual time=0.007..0.009 rows=3 loops=1)
                                                         Filter: ((kind)::text = ANY ('{episode,movie,"video game"}'::text[]))
                                                         Rows Removed by Filter: 4
                                                         Buffers: shared hit=1
                                       ->  Index Scan using movie_id_movie_info on movie_info mi2  (cost=0.43..42.98 rows=1 width=8) (actual time=0.077..0.100 rows=0 loops=42176)
                                             Index Cond: (movie_id = t.id)
                                             Filter: ((info_type_id = 7) AND ((info)::text = ANY ('{"LAB:Rank Film Laboratories, Denham, UK","OFM:35 mm",OFM:Video,PCS:Kinescope,PCS:Shawscope,"PFM:16 mm","PFM:70 mm","RAT:1.37 : 1"}'::text[])))
                                             Rows Removed by Filter: 12
                                             Buffers: shared hit=377049 read=60984
                     ->  Index Scan using movie_id_cast_info on cast_info ci  (cost=0.44..43.98 rows=38 width=12) (actual time=0.037..0.311 rows=30 loops=18134)
                           Index Cond: (movie_id = t.id)
                           Buffers: shared hit=491356 read=94797
               ->  Hash  (cost=1.15..1.15 rows=2 width=4) (actual time=0.036..0.037 rows=2 loops=1)
                     Buckets: 1024  Batches: 1  Memory Usage: 9kB
                     Buffers: shared hit=1
                     ->  Seq Scan on role_type rt  (cost=0.00..1.15 rows=2 width=4) (actual time=0.028..0.030 rows=2 loops=1)
                           Filter: ((role)::text = ANY ('{cinematographer,editor}'::text[]))
                           Rows Removed by Filter: 10
                           Buffers: shared hit=1
         ->  Index Scan using name_pkey on name n  (cost=0.43..2.32 rows=1 width=4) (actual time=0.035..0.035 rows=1 loops=35579)
               Index Cond: (id = ci.person_id)
               Filter: (((gender)::text = 'f'::text) OR (gender IS NULL))
               Rows Removed by Filter: 0
               Buffers: shared hit=136209 read=6107
 Planning:
   Buffers: shared hit=486 read=91
 Planning Time: 14.344 ms
 Execution Time: 20000.604 ms
(78 rows)

