                                                                                                                                                                                                                                                                                                                                                                                                                                                                                 QUERY PLAN                                                                                                                                                                                                                                                                                                                                                                                                                                                                                  
-----------------------------------------------------------------------------------------------------------------------------------------------------------------------------------------------------------------------------------------------------------------------------------------------------------------------------------------------------------------------------------------------------------------------------------------------------------------------------------------------------------------------------------------------------------------------------------------------------------------------------------------------------------------------------------------------------------------------------------------------------------------------------------------------------------------------------------------------------------------------------------------------------------------------------------------------------------------------------
 Aggregate  (cost=533646.57..533646.58 rows=1 width=8) (actual time=11808.031..11808.039 rows=1 loops=1)
   Buffers: shared hit=1093381 read=139071
   ->  Nested Loop  (cost=7082.20..533646.54 rows=12 width=0) (actual time=22.844..11798.972 rows=48502 loops=1)
         Buffers: shared hit=1093381 read=139071
         ->  Hash Join  (cost=7081.77..533602.47 rows=19 width=4) (actual time=22.800..10074.906 rows=49093 loops=1)
               Hash Cond: (ci.role_id = rt.id)
               Buffers: shared hit=904374 read=131706
               ->  Nested Loop  (cost=7080.60..533600.88 rows=115 width=8) (actual time=22.739..9985.381 rows=447895 loops=1)
                     Buffers: shared hit=904373 read=131706
                     ->  Nested Loop  (cost=7080.16..533242.03 rows=8 width=12) (actual time=22.703..5264.508 rows=21845 loops=1)
                           Buffers: shared hit=458138 read=71651
                           ->  Seq Scan on info_type it2  (cost=0.00..2.41 rows=1 width=4) (actual time=0.032..0.046 rows=1 loops=1)
                                 Filter: (id = 18)
                                 Rows Removed by Filter: 112
                                 Buffers: shared hit=1
                           ->  Nested Loop  (cost=7080.16..533239.54 rows=8 width=16) (actual time=22.670..5258.891 rows=21845 loops=1)
                                 Buffers: shared hit=458137 read=71651
                                 ->  Seq Scan on info_type it1  (cost=0.00..2.41 rows=1 width=4) (actual time=0.008..0.026 rows=1 loops=1)
                                       Filter: (id = 2)
                                       Rows Removed by Filter: 112
                                       Buffers: shared hit=1
                                 ->  Nested Loop  (cost=7080.16..533237.05 rows=8 width=20) (actual time=22.659..5253.071 rows=21845 loops=1)
                                       Buffers: shared hit=458136 read=71651
                                       ->  Hash Join  (cost=7079.72..525493.58 rows=180 width=12) (actual time=22.573..2739.892 rows=21671 loops=1)
                                             Hash Cond: (t.kind_id = kt.id)
                                             Buffers: shared hit=240963 read=27610
                                             ->  Nested Loop  (cost=7078.55..525491.34 rows=252 width=16) (actual time=22.527..2727.550 rows=21904 loops=1)
                                                   Buffers: shared hit=240962 read=27610
                                                   ->  Bitmap Heap Scan on movie_info mi2  (cost=7078.12..511296.61 rows=1774 width=8) (actual time=22.332..516.426 rows=65270 loops=1)
                                                         Recheck Cond: (info_type_id = 18)
                                                         Filter: ((info)::text = ANY ('{"CBS Studio Center - 4024 Radford Avenue, Studio City, Los Angeles, California, USA","CBS Television City - 7800 Beverly Blvd., Fairfax, Los Angeles, California, USA","Hal Roach Studios - 8822 Washington Blvd., Culver City, California, USA","Iverson Ranch - 1 Iverson Lane, Chatsworth, Los Angeles, California, USA","Los Angeles, California, USA","Madrid, Spain","Mexico City, Distrito Federal, Mexico","New York City, New York, USA","Paramount Studios - 5555 Melrose Avenue, Hollywood, Los Angeles, California, USA","Revue Studios, Hollywood, Los Angeles, California, USA","Samuel Goldwyn Studios - 7200 Santa Monica Boulevard, West Hollywood, California, USA","Stage 3, 20th Century Fox Studios - 10201 Pico Blvd., Century City, Los Angeles, California, USA","Universal Studios - 100 Universal City Plaza, Universal City, California, USA"}'::text[]))
                                                         Rows Removed by Filter: 595653
                                                         Heap Blocks: exact=6972
                                                         Buffers: shared hit=469 read=7023
                                                         ->  Bitmap Index Scan on info_type_id_movie_info  (cost=0.00..7077.68 rows=662032 width=0) (actual time=21.464..21.465 rows=660923 loops=1)
                                                               Index Cond: (info_type_id = 18)
                                                               Buffers: shared read=520
                                                   ->  Index Scan using title_pkey on title t  (cost=0.43..8.00 rows=1 width=8) (actual time=0.033..0.033 rows=0 loops=65270)
                                                         Index Cond: (id = mi2.movie_id)
                                                         Filter: ((production_year <= 1975) AND (production_year >= 1925))
                                                         Rows Removed by Filter: 1
                                                         Buffers: shared hit=240493 read=20587
                                             ->  Hash  (cost=1.11..1.11 rows=5 width=4) (actual time=0.018..0.020 rows=5 loops=1)
                                                   Buckets: 1024  Batches: 1  Memory Usage: 9kB
                                                   Buffers: shared hit=1
                                                   ->  Seq Scan on kind_type kt  (cost=0.00..1.11 rows=5 width=4) (actual time=0.011..0.014 rows=5 loops=1)
                                                         Filter: ((kind)::text = ANY ('{episode,movie,"tv series","video game","video movie"}'::text[]))
                                                         Rows Removed by Filter: 2
                                                         Buffers: shared hit=1
                                       ->  Index Scan using movie_id_movie_info on movie_info mi1  (cost=0.43..43.01 rows=1 width=8) (actual time=0.103..0.115 rows=1 loops=21671)
                                             Index Cond: (movie_id = t.id)
                                             Filter: (((info)::text = ANY ('{"Black and White",Color}'::text[])) AND (info_type_id = 2))
                                             Rows Removed by Filter: 15
                                             Buffers: shared hit=217173 read=44041
                     ->  Index Scan using movie_id_cast_info on cast_info ci  (cost=0.44..44.48 rows=38 width=12) (actual time=0.035..0.210 rows=21 loops=21845)
                           Index Cond: (movie_id = t.id)
                           Buffers: shared hit=446235 read=60055
               ->  Hash  (cost=1.15..1.15 rows=2 width=4) (actual time=0.036..0.036 rows=2 loops=1)
                     Buckets: 1024  Batches: 1  Memory Usage: 9kB
                     Buffers: shared hit=1
                     ->  Seq Scan on role_type rt  (cost=0.00..1.15 rows=2 width=4) (actual time=0.027..0.029 rows=2 loops=1)
                           Filter: ((role)::text = ANY ('{director,producer}'::text[]))
                           Rows Removed by Filter: 10
                           Buffers: shared hit=1
         ->  Index Scan using name_pkey on name n  (cost=0.43..2.32 rows=1 width=4) (actual time=0.034..0.034 rows=1 loops=49093)
               Index Cond: (id = ci.person_id)
               Filter: (((gender)::text = 'm'::text) OR (gender IS NULL))
               Rows Removed by Filter: 0
               Buffers: shared hit=189007 read=7365
 Planning:
   Buffers: shared hit=487 read=87
 Planning Time: 14.643 ms
 Execution Time: 11808.695 ms
(73 rows)

