                                                                                                       QUERY PLAN                                                                                                       
------------------------------------------------------------------------------------------------------------------------------------------------------------------------------------------------------------------------
 Aggregate  (cost=565577.47..565577.48 rows=1 width=8) (actual time=4552.405..4552.410 rows=1 loops=1)
   Buffers: shared hit=303462 read=160326
   ->  Nested Loop  (cost=32182.78..565577.33 rows=56 width=0) (actual time=81.017..4551.554 rows=5240 loops=1)
         Buffers: shared hit=303462 read=160326
         ->  Hash Join  (cost=32182.35..565377.85 rows=86 width=4) (actual time=80.976..3891.753 rows=20994 loops=1)
               Hash Cond: (ci.role_id = rt.id)
               Buffers: shared hit=236061 read=143751
               ->  Nested Loop  (cost=32181.15..565375.43 rows=344 width=8) (actual time=80.290..3874.630 rows=136155 loops=1)
                     Buffers: shared hit=236060 read=143751
                     ->  Nested Loop  (cost=32180.71..564326.73 rows=24 width=12) (actual time=80.261..2580.997 rows=6732 loops=1)
                           Buffers: shared hit=160630 read=67394
                           ->  Seq Scan on info_type it2  (cost=0.00..2.41 rows=1 width=4) (actual time=0.024..0.029 rows=1 loops=1)
                                 Filter: (id = 16)
                                 Rows Removed by Filter: 112
                                 Buffers: shared hit=1
                           ->  Nested Loop  (cost=32180.71..564324.08 rows=24 width=16) (actual time=80.235..2579.882 rows=6732 loops=1)
                                 Buffers: shared hit=160629 read=67394
                                 ->  Seq Scan on info_type it1  (cost=0.00..2.41 rows=1 width=4) (actual time=0.006..0.013 rows=1 loops=1)
                                       Filter: (id = 2)
                                       Rows Removed by Filter: 112
                                       Buffers: shared hit=1
                                 ->  Nested Loop  (cost=32180.71..564321.42 rows=24 width=20) (actual time=80.227..2578.838 rows=6732 loops=1)
                                       Buffers: shared hit=160628 read=67394
                                       ->  Hash Join  (cost=32180.27..542148.74 rows=525 width=12) (actual time=79.409..1896.895 rows=15138 loops=1)
                                             Hash Cond: (t.kind_id = kt.id)
                                             Buffers: shared hit=87690 read=38732
                                             ->  Nested Loop  (cost=32179.10..542144.47 rows=735 width=16) (actual time=79.373..1891.457 rows=24593 loops=1)
                                                   Buffers: shared hit=87689 read=38732
                                                   ->  Bitmap Heap Scan on movie_info mi2  (cost=32178.67..534588.17 rows=920 width=8) (actual time=79.340..1257.764 rows=24642 loops=1)
                                                         Recheck Cond: (info_type_id = 16)
                                                         Filter: ((info)::text = ANY ('{Nigeria:2006,Nigeria:2007,USA:1993,USA:1994,USA:1995,USA:1997,USA:1998,USA:2002,USA:2003,USA:2005,USA:2012,USA:2013}'::text[]))
                                                         Rows Removed by Filter: 3012077
                                                         Heap Blocks: exact=25474
                                                         Buffers: shared hit=901 read=26952
                                                         ->  Bitmap Index Scan on info_type_id_movie_info  (cost=0.00..32178.44 rows=3010400 width=0) (actual time=75.407..75.407 rows=3036719 loops=1)
                                                               Index Cond: (info_type_id = 16)
                                                               Buffers: shared read=2379
                                                   ->  Index Scan using title_pkey on title t  (cost=0.43..8.21 rows=1 width=8) (actual time=0.025..0.025 rows=1 loops=24642)
                                                         Index Cond: (id = mi2.movie_id)
                                                         Filter: ((production_year <= 2015) AND (production_year >= 1975))
                                                         Rows Removed by Filter: 0
                                                         Buffers: shared hit=86788 read=11780
                                             ->  Hash  (cost=1.11..1.11 rows=5 width=4) (actual time=0.013..0.014 rows=5 loops=1)
                                                   Buckets: 1024  Batches: 1  Memory Usage: 9kB
                                                   Buffers: shared hit=1
                                                   ->  Seq Scan on kind_type kt  (cost=0.00..1.11 rows=5 width=4) (actual time=0.006..0.008 rows=5 loops=1)
                                                         Filter: ((kind)::text = ANY ('{episode,movie,"tv movie","tv series","video game"}'::text[]))
                                                         Rows Removed by Filter: 2
                                                         Buffers: shared hit=1
                                       ->  Index Scan using movie_id_movie_info on movie_info mi1  (cost=0.43..42.22 rows=1 width=8) (actual time=0.037..0.045 rows=0 loops=15138)
                                             Index Cond: (movie_id = t.id)
                                             Filter: (((info)::text = ANY ('{"Black and White",Color}'::text[])) AND (info_type_id = 2))
                                             Rows Removed by Filter: 4
                                             Buffers: shared hit=72938 read=28662
                     ->  Index Scan using movie_id_cast_info on cast_info ci  (cost=0.44..43.32 rows=38 width=12) (actual time=0.028..0.189 rows=20 loops=6732)
                           Index Cond: (movie_id = t.id)
                           Buffers: shared hit=75430 read=76357
               ->  Hash  (cost=1.17..1.17 rows=3 width=4) (actual time=0.030..0.030 rows=3 loops=1)
                     Buckets: 1024  Batches: 1  Memory Usage: 9kB
                     Buffers: shared hit=1
                     ->  Seq Scan on role_type rt  (cost=0.00..1.17 rows=3 width=4) (actual time=0.021..0.023 rows=3 loops=1)
                           Filter: ((role)::text = ANY ('{"costume designer",guest,"miscellaneous crew"}'::text[]))
                           Rows Removed by Filter: 9
                           Buffers: shared hit=1
         ->  Index Scan using name_pkey on name n  (cost=0.43..2.32 rows=1 width=4) (actual time=0.031..0.031 rows=0 loops=20994)
               Index Cond: (id = ci.person_id)
               Filter: ((gender)::text = ANY ('{f,m}'::text[]))
               Rows Removed by Filter: 1
               Buffers: shared hit=67401 read=16575
 Planning:
   Buffers: shared hit=505 read=69
 Planning Time: 8.900 ms
 Execution Time: 4552.979 ms
(73 rows)

