                                                                                                                                                                                                                                                                                                                                                                                   QUERY PLAN                                                                                                                                                                                                                                                                                                                                                                                    
---------------------------------------------------------------------------------------------------------------------------------------------------------------------------------------------------------------------------------------------------------------------------------------------------------------------------------------------------------------------------------------------------------------------------------------------------------------------------------------------------------------------------------------------------------------------------------------------------------------------------------------------------------------------------------------------------------------------------------------------------------------------------------
 Aggregate  (cost=404524.24..404524.25 rows=1 width=8) (actual time=4557.356..4557.363 rows=1 loops=1)
   Buffers: shared hit=397102 read=77960
   ->  Nested Loop  (cost=7082.36..404524.23 rows=3 width=0) (actual time=132.383..4557.294 rows=167 loops=1)
         Buffers: shared hit=397102 read=77960
         ->  Hash Join  (cost=7081.93..404508.00 rows=7 width=4) (actual time=131.956..4492.304 rows=1736 loops=1)
               Hash Cond: (ci.role_id = rt.id)
               Buffers: shared hit=392136 read=75982
               ->  Nested Loop  (cost=7080.73..404506.69 rows=29 width=8) (actual time=131.699..4490.936 rows=6378 loops=1)
                     Buffers: shared hit=392135 read=75982
                     ->  Nested Loop  (cost=7080.29..404417.59 rows=2 width=12) (actual time=131.644..4411.464 rows=234 loops=1)
                           Buffers: shared hit=388943 read=72216
                           ->  Seq Scan on info_type it2  (cost=0.00..2.41 rows=1 width=4) (actual time=0.041..0.049 rows=1 loops=1)
                                 Filter: (id = 8)
                                 Rows Removed by Filter: 112
                                 Buffers: shared hit=1
                           ->  Nested Loop  (cost=7080.29..404415.15 rows=2 width=16) (actual time=131.602..4411.338 rows=234 loops=1)
                                 Buffers: shared hit=388942 read=72216
                                 ->  Seq Scan on info_type it1  (cost=0.00..2.41 rows=1 width=4) (actual time=0.010..0.019 rows=1 loops=1)
                                       Filter: (id = 18)
                                       Rows Removed by Filter: 112
                                       Buffers: shared hit=1
                                 ->  Nested Loop  (cost=7080.29..404412.72 rows=2 width=20) (actual time=131.588..4411.245 rows=234 loops=1)
                                       Buffers: shared hit=388941 read=72216
                                       ->  Hash Join  (cost=7079.85..394647.25 rows=227 width=12) (actual time=21.601..2187.515 rows=20472 loops=1)
                                             Hash Cond: (t.kind_id = kt.id)
                                             Buffers: shared hit=189698 read=32115
                                             ->  Nested Loop  (cost=7078.70..394644.42 rows=397 width=16) (actual time=21.546..2178.432 rows=21177 loops=1)
                                                   Buffers: shared hit=189697 read=32115
                                                   ->  Bitmap Heap Scan on movie_info mi1  (cost=7078.26..377308.08 rows=2194 width=8) (actual time=21.419..289.540 rows=54482 loops=1)
                                                         Recheck Cond: (info_type_id = 18)
                                                         Filter: ((info)::text = ANY ('{"20th Century Fox Studios - 10201 Pico Blvd., Century City, Los Angeles, California, USA","Berlin, Germany","Buenos Aires, Federal District, Argentina","CBS Studio 50, New York City, New York, USA","Chicago, Illinois, USA","Corriganville, Ray Corrigan Ranch, Simi Valley, California, USA","Desilu Studios - 9336 W. Washington Blvd., Culver City, California, USA","Hal Roach Studios - 8822 Washington Blvd., Culver City, California, USA","Hollywood, Los Angeles, California, USA","Metro-Goldwyn-Mayer Studios - 10202 W. Washington Blvd., Culver City, California, USA","New York City, New York, USA",Philippines,"Prague, Czech Republic","Vienna, Austria"}'::text[]))
                                                         Rows Removed by Filter: 606441
                                                         Heap Blocks: exact=6972
                                                         Buffers: shared hit=721 read=6771
                                                         ->  Bitmap Index Scan on info_type_id_movie_info  (cost=0.00..7077.68 rows=662032 width=0) (actual time=20.558..20.559 rows=660923 loops=1)
                                                               Index Cond: (info_type_id = 18)
                                                               Buffers: shared read=520
                                                   ->  Memoize  (cost=0.44..7.91 rows=1 width=8) (actual time=0.034..0.034 rows=0 loops=54482)
                                                         Cache Key: mi1.movie_id
                                                         Cache Mode: logical
                                                         Hits: 902  Misses: 53580  Evictions: 0  Overflows: 0  Memory Usage: 4380kB
                                                         Buffers: shared hit=188976 read=25344
                                                         ->  Index Scan using title_pkey on title t  (cost=0.43..7.90 rows=1 width=8) (actual time=0.034..0.034 rows=0 loops=53580)
                                                               Index Cond: (id = mi1.movie_id)
                                                               Filter: ((production_year <= 1975) AND (production_year >= 1875))
                                                               Rows Removed by Filter: 1
                                                               Buffers: shared hit=188976 read=25344
                                             ->  Hash  (cost=1.10..1.10 rows=4 width=4) (actual time=0.017..0.018 rows=4 loops=1)
                                                   Buckets: 1024  Batches: 1  Memory Usage: 9kB
                                                   Buffers: shared hit=1
                                                   ->  Seq Scan on kind_type kt  (cost=0.00..1.10 rows=4 width=4) (actual time=0.008..0.010 rows=4 loops=1)
                                                         Filter: ((kind)::text = ANY ('{episode,movie,"tv movie","video movie"}'::text[]))
                                                         Rows Removed by Filter: 3
                                                         Buffers: shared hit=1
                                       ->  Index Scan using movie_id_movie_info on movie_info mi2  (cost=0.43..43.01 rows=1 width=8) (actual time=0.108..0.108 rows=0 loops=20472)
                                             Index Cond: (movie_id = t.id)
                                             Filter: ((info_type_id = 8) AND ((info)::text = ANY ('{Austria,Canada,India,Poland,Spain,UK}'::text[])))
                                             Rows Removed by Filter: 14
                                             Buffers: shared hit=199243 read=40101
                     ->  Index Scan using movie_id_cast_info on cast_info ci  (cost=0.44..44.17 rows=38 width=12) (actual time=0.034..0.333 rows=27 loops=234)
                           Index Cond: (movie_id = t.id)
                           Buffers: shared hit=3192 read=3766
               ->  Hash  (cost=1.17..1.17 rows=3 width=4) (actual time=0.036..0.037 rows=3 loops=1)
                     Buckets: 1024  Batches: 1  Memory Usage: 9kB
                     Buffers: shared hit=1
                     ->  Seq Scan on role_type rt  (cost=0.00..1.17 rows=3 width=4) (actual time=0.025..0.029 rows=3 loops=1)
                           Filter: ((role)::text = ANY ('{actress,editor,producer}'::text[]))
                           Rows Removed by Filter: 9
                           Buffers: shared hit=1
         ->  Index Scan using name_pkey on name n  (cost=0.43..2.32 rows=1 width=4) (actual time=0.037..0.037 rows=0 loops=1736)
               Index Cond: (id = ci.person_id)
               Filter: ((gender)::text = 'm'::text)
               Rows Removed by Filter: 1
               Buffers: shared hit=4966 read=1978
 Planning:
   Buffers: shared hit=521 read=56
 Planning Time: 13.838 ms
 Execution Time: 4558.764 ms
(78 rows)

