                                                                                                                        QUERY PLAN                                                                                                                         
-----------------------------------------------------------------------------------------------------------------------------------------------------------------------------------------------------------------------------------------------------------
 Aggregate  (cost=440678.05..440678.06 rows=1 width=8) (actual time=2665.593..2665.606 rows=1 loops=1)
   Buffers: shared hit=194175 read=75789
   ->  Nested Loop  (cost=32182.77..440678.05 rows=1 width=0) (actual time=854.365..2665.550 rows=87 loops=1)
         Buffers: shared hit=194175 read=75789
         ->  Hash Join  (cost=32182.34..440675.73 rows=1 width=4) (actual time=854.311..2663.163 rows=87 loops=1)
               Hash Cond: (ci.role_id = rt.id)
               Buffers: shared hit=193957 read=75659
               ->  Nested Loop  (cost=32181.18..440674.52 rows=14 width=8) (actual time=823.669..2662.563 rows=3726 loops=1)
                     Buffers: shared hit=193956 read=75659
                     ->  Nested Loop  (cost=32180.74..440630.83 rows=1 width=12) (actual time=823.618..2619.546 rows=183 loops=1)
                           Buffers: shared hit=191919 read=73506
                           ->  Nested Loop  (cost=32180.74..440628.40 rows=1 width=16) (actual time=823.609..2617.301 rows=183 loops=1)
                                 Buffers: shared hit=191736 read=73506
                                 ->  Nested Loop  (cost=32180.74..440625.98 rows=1 width=20) (actual time=823.586..2614.844 rows=183 loops=1)
                                       Buffers: shared hit=191553 read=73506
                                       ->  Hash Join  (cost=32180.30..418291.86 rows=525 width=12) (actual time=81.453..1394.165 rows=19850 loops=1)
                                             Hash Cond: (t.kind_id = kt.id)
                                             Buffers: shared hit=68014 read=42128
                                             ->  Nested Loop  (cost=32179.12..418287.59 rows=735 width=16) (actual time=81.420..1388.108 rows=20522 loops=1)
                                                   Buffers: shared hit=68013 read=42128
                                                   ->  Bitmap Heap Scan on movie_info mi1  (cost=32178.69..410731.29 rows=920 width=8) (actual time=81.386..791.871 rows=20572 loops=1)
                                                         Recheck Cond: (info_type_id = 16)
                                                         Filter: ((info)::text = ANY ('{Australia:1984,USA:1998,USA:2004,USA:2005,USA:2011,USA:2012,USA:2014,"USA:April 2008","USA:August 2010","USA:June 2009","USA:June 2010","USA:May 2009"}'::text[]))
                                                         Rows Removed by Filter: 3016147
                                                         Heap Blocks: exact=25474
                                                         Buffers: shared hit=1768 read=26085
                                                         ->  Bitmap Index Scan on info_type_id_movie_info  (cost=0.00..32178.44 rows=3010400 width=0) (actual time=77.411..77.411 rows=3036719 loops=1)
                                                               Index Cond: (info_type_id = 16)
                                                               Buffers: shared read=2379
                                                   ->  Index Scan using title_pkey on title t  (cost=0.43..8.21 rows=1 width=8) (actual time=0.029..0.029 rows=1 loops=20572)
                                                         Index Cond: (id = mi1.movie_id)
                                                         Filter: ((production_year <= 2015) AND (production_year >= 1975))
                                                         Rows Removed by Filter: 0
                                                         Buffers: shared hit=66245 read=16043
                                             ->  Hash  (cost=1.11..1.11 rows=5 width=4) (actual time=0.015..0.016 rows=5 loops=1)
                                                   Buckets: 1024  Batches: 1  Memory Usage: 9kB
                                                   Buffers: shared hit=1
                                                   ->  Seq Scan on kind_type kt  (cost=0.00..1.11 rows=5 width=4) (actual time=0.008..0.009 rows=5 loops=1)
                                                         Filter: ((kind)::text = ANY ('{episode,movie,"tv movie","video game","video movie"}'::text[]))
                                                         Rows Removed by Filter: 2
                                                         Buffers: shared hit=1
                                       ->  Index Scan using movie_id_movie_info on movie_info mi2  (cost=0.43..42.53 rows=1 width=8) (actual time=0.061..0.061 rows=0 loops=19850)
                                             Index Cond: (movie_id = t.id)
                                             Filter: ((info_type_id = 8) AND ((info)::text = ANY ('{Bulgaria,Israel,Italy,Pakistan,Poland,Romania,Singapore,"South Korea"}'::text[])))
                                             Rows Removed by Filter: 7
                                             Buffers: shared hit=123539 read=31378
                                 ->  Seq Scan on info_type it1  (cost=0.00..2.41 rows=1 width=4) (actual time=0.006..0.011 rows=1 loops=183)
                                       Filter: (id = 16)
                                       Rows Removed by Filter: 112
                                       Buffers: shared hit=183
                           ->  Seq Scan on info_type it2  (cost=0.00..2.41 rows=1 width=4) (actual time=0.005..0.011 rows=1 loops=183)
                                 Filter: (id = 8)
                                 Rows Removed by Filter: 112
                                 Buffers: shared hit=183
                     ->  Index Scan using movie_id_cast_info on cast_info ci  (cost=0.44..43.32 rows=38 width=12) (actual time=0.042..0.230 rows=20 loops=183)
                           Index Cond: (movie_id = t.id)
                           Buffers: shared hit=2037 read=2153
               ->  Hash  (cost=1.15..1.15 rows=1 width=4) (actual time=0.029..0.036 rows=1 loops=1)
                     Buckets: 1024  Batches: 1  Memory Usage: 9kB
                     Buffers: shared hit=1
                     ->  Seq Scan on role_type rt  (cost=0.00..1.15 rows=1 width=4) (actual time=0.020..0.021 rows=1 loops=1)
                           Filter: ((role)::text = 'composer'::text)
                           Rows Removed by Filter: 11
                           Buffers: shared hit=1
         ->  Index Scan using name_pkey on name n  (cost=0.43..2.32 rows=1 width=4) (actual time=0.026..0.026 rows=1 loops=87)
               Index Cond: (id = ci.person_id)
               Filter: (((gender)::text = ANY ('{f,m}'::text[])) OR (gender IS NULL))
               Buffers: shared hit=218 read=130
 Planning:
   Buffers: shared hit=486 read=91
 Planning Time: 12.369 ms
 Execution Time: 2666.308 ms
(72 rows)

