                                                                                                                                           QUERY PLAN                                                                                                                                            
-------------------------------------------------------------------------------------------------------------------------------------------------------------------------------------------------------------------------------------------------------------------------------------------------
 Aggregate  (cost=343397.21..343397.22 rows=1 width=8) (actual time=639.863..639.868 rows=1 loops=1)
   Buffers: shared hit=44151 read=20032
   ->  Nested Loop  (cost=3725.46..343397.21 rows=1 width=0) (actual time=39.464..639.659 rows=1199 loops=1)
         Buffers: shared hit=44151 read=20032
         ->  Nested Loop  (cost=3725.46..343394.79 rows=1 width=4) (actual time=39.457..623.176 rows=1199 loops=1)
               Buffers: shared hit=42952 read=20032
               ->  Nested Loop  (cost=3725.46..343392.37 rows=1 width=8) (actual time=39.442..603.841 rows=1199 loops=1)
                     Join Filter: (t.id = mi1.movie_id)
                     Buffers: shared hit=41753 read=20032
                     ->  Nested Loop  (cost=3725.03..343349.98 rows=1 width=16) (actual time=39.334..479.483 rows=1033 loops=1)
                           Buffers: shared hit=27089 read=18190
                           ->  Hash Join  (cost=3724.60..343345.34 rows=2 width=20) (actual time=39.298..447.265 rows=1060 loops=1)
                                 Hash Cond: (ci.role_id = rt.id)
                                 Buffers: shared hit=23106 read=17933
                                 ->  Nested Loop  (cost=3723.42..343344.12 rows=14 width=24) (actual time=39.022..444.053 rows=25484 loops=1)
                                       Buffers: shared hit=23105 read=17933
                                       ->  Nested Loop  (cost=3722.98..343299.26 rows=1 width=12) (actual time=38.986..204.308 rows=512 loops=1)
                                             Buffers: shared hit=4562 read=9726
                                             ->  Nested Loop  (cost=3722.85..343299.10 rows=1 width=16) (actual time=38.970..197.743 rows=512 loops=1)
                                                   Buffers: shared hit=3538 read=9726
                                                   ->  Bitmap Heap Scan on movie_info mi2  (cost=3722.42..343223.03 rows=9 width=8) (actual time=38.932..180.427 rows=512 loops=1)
                                                         Recheck Cond: (info_type_id = 17)
                                                         Filter: ((info)::text = 'One of over 700 Paramount Productions, filmed between 1929 and 1949, which were sold to MCA/Universal in 1958 for television distribution, and have been owned and controlled by Universal ever since.'::text)
                                                         Rows Removed by Filter: 367706
                                                         Heap Blocks: exact=10925
                                                         Buffers: shared hit=1615 read=9601
                                                         ->  Bitmap Index Scan on info_type_id_movie_info  (cost=0.00..3722.42 rows=347998 width=0) (actual time=14.169..14.169 rows=368218 loops=1)
                                                               Index Cond: (info_type_id = 17)
                                                               Buffers: shared hit=1 read=290
                                                   ->  Index Scan using title_pkey on title t  (cost=0.43..8.45 rows=1 width=8) (actual time=0.033..0.033 rows=1 loops=512)
                                                         Index Cond: (id = mi2.movie_id)
                                                         Filter: ((production_year <= 1975) AND (production_year >= 1925))
                                                         Buffers: shared hit=1923 read=125
                                             ->  Index Scan using kind_type_pkey on kind_type kt  (cost=0.13..0.16 rows=1 width=4) (actual time=0.012..0.012 rows=1 loops=512)
                                                   Index Cond: (id = t.kind_id)
                                                   Filter: ((kind)::text = ANY ('{movie,"tv movie","tv series","video game"}'::text[]))
                                                   Buffers: shared hit=1024
                                       ->  Index Scan using movie_id_cast_info on cast_info ci  (cost=0.44..44.48 rows=38 width=12) (actual time=0.037..0.459 rows=50 loops=512)
                                             Index Cond: (movie_id = t.id)
                                             Buffers: shared hit=18543 read=8207
                                 ->  Hash  (cost=1.15..1.15 rows=2 width=4) (actual time=0.039..0.039 rows=2 loops=1)
                                       Buckets: 1024  Batches: 1  Memory Usage: 9kB
                                       Buffers: shared hit=1
                                       ->  Seq Scan on role_type rt  (cost=0.00..1.15 rows=2 width=4) (actual time=0.028..0.030 rows=2 loops=1)
                                             Filter: ((role)::text = ANY ('{composer,editor}'::text[]))
                                             Rows Removed by Filter: 10
                                             Buffers: shared hit=1
                           ->  Index Scan using name_pkey on name n  (cost=0.43..2.32 rows=1 width=4) (actual time=0.030..0.030 rows=1 loops=1060)
                                 Index Cond: (id = ci.person_id)
                                 Filter: (((gender)::text = 'm'::text) OR (gender IS NULL))
                                 Rows Removed by Filter: 0
                                 Buffers: shared hit=3983 read=257
                     ->  Index Scan using movie_id_movie_info on movie_info mi1  (cost=0.43..42.37 rows=1 width=8) (actual time=0.119..0.120 rows=1 loops=1033)
                           Index Cond: (movie_id = ci.movie_id)
                           Filter: ((info_type_id = 3) AND ((info)::text = ANY ('{Adventure,Comedy,Drama,Fantasy,Film-Noir,Game-Show,Music,Musical}'::text[])))
                           Rows Removed by Filter: 27
                           Buffers: shared hit=14664 read=1842
               ->  Seq Scan on info_type it1  (cost=0.00..2.41 rows=1 width=4) (actual time=0.009..0.015 rows=1 loops=1199)
                     Filter: (id = 3)
                     Rows Removed by Filter: 112
                     Buffers: shared hit=1199
         ->  Seq Scan on info_type it2  (cost=0.00..2.41 rows=1 width=4) (actual time=0.008..0.013 rows=1 loops=1199)
               Filter: (id = 17)
               Rows Removed by Filter: 112
               Buffers: shared hit=1199
 Planning:
   Buffers: shared hit=574
 Planning Time: 13.257 ms
 Execution Time: 640.417 ms
(69 rows)

