                                                                                                                                                                                                                                                                                                              QUERY PLAN                                                                                                                                                                                                                                                                                                              
--------------------------------------------------------------------------------------------------------------------------------------------------------------------------------------------------------------------------------------------------------------------------------------------------------------------------------------------------------------------------------------------------------------------------------------------------------------------------------------------------------------------------------------------------------------------------------------------------------------------------------------
 Aggregate  (cost=466091.89..466091.90 rows=1 width=8) (actual time=14776.574..14776.582 rows=1 loops=1)
   Buffers: shared hit=1260790 read=281178
   ->  Nested Loop  (cost=5094.75..466091.89 rows=1 width=0) (actual time=70.823..14775.421 rows=2125 loops=1)
         Buffers: shared hit=1260790 read=281178
         ->  Nested Loop  (cost=5094.75..466089.46 rows=1 width=4) (actual time=70.812..14734.367 rows=2125 loops=1)
               Buffers: shared hit=1258665 read=281178
               ->  Nested Loop  (cost=5094.75..466087.04 rows=1 width=8) (actual time=70.784..14691.907 rows=2125 loops=1)
                     Buffers: shared hit=1256540 read=281178
                     ->  Hash Join  (cost=5094.32..466082.41 rows=2 width=12) (actual time=70.705..14552.710 rows=3990 loops=1)
                           Hash Cond: (ci.role_id = rt.id)
                           Buffers: shared hit=1242217 read=279541
                           ->  Nested Loop  (cost=5093.16..466081.15 rows=29 width=16) (actual time=27.947..14478.342 rows=458911 loops=1)
                                 Buffers: shared hit=1242216 read=279541
                                 ->  Nested Loop  (cost=5092.72..465993.76 rows=2 width=20) (actual time=27.918..9741.004 rows=4867 loops=1)
                                       Buffers: shared hit=915245 read=143551
                                       ->  Hash Join  (cost=5092.25..432903.82 rows=781 width=12) (actual time=15.324..2236.439 rows=51793 loops=1)
                                             Hash Cond: (t.kind_id = kt.id)
                                             Buffers: shared hit=216657 read=17116
                                             ->  Nested Loop  (cost=5091.10..432896.91 rows=1366 width=16) (actual time=15.280..2210.031 rows=57139 loops=1)
                                                   Buffers: shared hit=216656 read=17116
                                                   ->  Bitmap Heap Scan on movie_info mi2  (cost=5090.67..419182.68 rows=1711 width=8) (actual time=15.251..278.381 rows=57548 loops=1)
                                                         Recheck Cond: (info_type_id = 6)
                                                         Filter: ((info)::text = ANY ('{"70 mm 6-Track",DTS,DTS-Stereo,"Dolby Digital EX","Dolby Digital",Dolby,"Ultra Stereo"}'::text[]))
                                                         Rows Removed by Filter: 416895
                                                         Heap Blocks: exact=3206
                                                         Buffers: shared hit=415 read=3165
                                                         ->  Bitmap Index Scan on info_type_id_movie_info  (cost=0.00..5090.24 rows=475974 width=0) (actual time=14.877..14.877 rows=474443 loops=1)
                                                               Index Cond: (info_type_id = 6)
                                                               Buffers: shared hit=1 read=373
                                                   ->  Index Scan using title_pkey on title t  (cost=0.43..8.02 rows=1 width=8) (actual time=0.033..0.033 rows=1 loops=57548)
                                                         Index Cond: (id = mi2.movie_id)
                                                         Filter: ((production_year <= 2015) AND (production_year >= 1975))
                                                         Rows Removed by Filter: 0
                                                         Buffers: shared hit=216241 read=13951
                                             ->  Hash  (cost=1.10..1.10 rows=4 width=4) (actual time=0.019..0.020 rows=4 loops=1)
                                                   Buckets: 1024  Batches: 1  Memory Usage: 9kB
                                                   Buffers: shared hit=1
                                                   ->  Seq Scan on kind_type kt  (cost=0.00..1.10 rows=4 width=4) (actual time=0.009..0.012 rows=4 loops=1)
                                                         Filter: ((kind)::text = ANY ('{episode,movie,"tv movie","tv series"}'::text[]))
                                                         Rows Removed by Filter: 3
                                                         Buffers: shared hit=1
                                       ->  Index Scan using movie_id_movie_info on movie_info mi1  (cost=0.47..42.36 rows=1 width=8) (actual time=0.129..0.144 rows=0 loops=51793)
                                             Index Cond: (movie_id = t.id)
                                             Filter: ((info_type_id = 18) AND ((info)::text = ANY ('{"15001 Calvert Street, Van Nuys, Los Angeles, California, USA","British Columbia, Canada","CBS Studio Center - 4024 Radford Avenue, Studio City, Los Angeles, California, USA",France,Germany,"Hamburg, Germany","Montréal, Québec, Canada","New York City, New York, USA","New York, USA","Santa Clarita, California, USA","Shepperton Studios, Shepperton, Surrey, England, UK","Stage 25, Paramount Studios - 5555 Melrose Avenue, Hollywood, Los Angeles, California, USA","Sydney, New South Wales, Australia"}'::text[])))
                                             Rows Removed by Filter: 50
                                             Buffers: shared hit=698588 read=126435
                                 ->  Index Scan using movie_id_cast_info on cast_info ci  (cost=0.44..43.32 rows=38 width=12) (actual time=0.038..0.949 rows=94 loops=4867)
                                       Index Cond: (movie_id = t.id)
                                       Buffers: shared hit=326971 read=135990
                           ->  Hash  (cost=1.15..1.15 rows=1 width=4) (actual time=0.035..0.036 rows=1 loops=1)
                                 Buckets: 1024  Batches: 1  Memory Usage: 9kB
                                 Buffers: shared hit=1
                                 ->  Seq Scan on role_type rt  (cost=0.00..1.15 rows=1 width=4) (actual time=0.025..0.027 rows=1 loops=1)
                                       Filter: ((role)::text = 'costume designer'::text)
                                       Rows Removed by Filter: 11
                                       Buffers: shared hit=1
                     ->  Index Scan using name_pkey on name n  (cost=0.43..2.32 rows=1 width=4) (actual time=0.034..0.034 rows=1 loops=3990)
                           Index Cond: (id = ci.person_id)
                           Filter: (gender IS NULL)
                           Rows Removed by Filter: 0
                           Buffers: shared hit=14323 read=1637
               ->  Seq Scan on info_type it1  (cost=0.00..2.41 rows=1 width=4) (actual time=0.010..0.017 rows=1 loops=2125)
                     Filter: (id = 18)
                     Rows Removed by Filter: 112
                     Buffers: shared hit=2125
         ->  Seq Scan on info_type it2  (cost=0.00..2.41 rows=1 width=4) (actual time=0.009..0.017 rows=1 loops=2125)
               Filter: (id = 6)
               Rows Removed by Filter: 112
               Buffers: shared hit=2125
 Planning:
   Buffers: shared hit=576 read=1
 Planning Time: 12.595 ms
 Execution Time: 14777.104 ms
(73 rows)

