                                                                                                                                                                                                                                                                                              QUERY PLAN                                                                                                                                                                                                                                                                                               
-------------------------------------------------------------------------------------------------------------------------------------------------------------------------------------------------------------------------------------------------------------------------------------------------------------------------------------------------------------------------------------------------------------------------------------------------------------------------------------------------------------------------------------------------------------------------------------------------------
 Aggregate  (cost=462049.49..462049.50 rows=1 width=8) (actual time=8485.099..8485.105 rows=1 loops=1)
   Buffers: shared hit=750113 read=132172
   ->  Nested Loop  (cost=7082.07..462049.46 rows=11 width=0) (actual time=21.850..8479.016 rows=35744 loops=1)
         Buffers: shared hit=750113 read=132172
         ->  Hash Join  (cost=7081.64..462007.71 rows=18 width=4) (actual time=21.806..7142.283 rows=37291 loops=1)
               Hash Cond: (ci.role_id = rt.id)
               Buffers: shared hit=610905 read=122216
               ->  Nested Loop  (cost=7080.38..462006.30 rows=43 width=8) (actual time=21.650..7088.977 rows=279491 loops=1)
                     Buffers: shared hit=610904 read=122216
                     ->  Nested Loop  (cost=7079.94..461871.73 rows=3 width=12) (actual time=21.616..4262.491 rows=9682 loops=1)
                           Buffers: shared hit=360506 read=68905
                           ->  Seq Scan on info_type it2  (cost=0.00..2.41 rows=1 width=4) (actual time=0.037..0.044 rows=1 loops=1)
                                 Filter: (id = 18)
                                 Rows Removed by Filter: 112
                                 Buffers: shared hit=1
                           ->  Nested Loop  (cost=7079.94..461869.29 rows=3 width=16) (actual time=21.578..4260.011 rows=9682 loops=1)
                                 Buffers: shared hit=360505 read=68905
                                 ->  Seq Scan on info_type it1  (cost=0.00..2.41 rows=1 width=4) (actual time=0.010..0.019 rows=1 loops=1)
                                       Filter: (id = 8)
                                       Rows Removed by Filter: 112
                                       Buffers: shared hit=1
                                 ->  Nested Loop  (cost=7079.94..461866.84 rows=3 width=20) (actual time=21.565..4257.551 rows=9682 loops=1)
                                       Buffers: shared hit=360504 read=68905
                                       ->  Hash Join  (cost=7079.48..458846.05 rows=70 width=12) (actual time=21.223..2132.053 rows=18916 loops=1)
                                             Hash Cond: (t.kind_id = kt.id)
                                             Buffers: shared hit=165761 read=35352
                                             ->  Nested Loop  (cost=7078.32..458844.37 rows=123 width=16) (actual time=21.158..2122.036 rows=19621 loops=1)
                                                   Buffers: shared hit=165760 read=35352
                                                   ->  Bitmap Heap Scan on movie_info mi2  (cost=7077.89..451745.86 rows=863 width=8) (actual time=21.007..422.499 rows=48405 loops=1)
                                                         Recheck Cond: (info_type_id = 18)
                                                         Filter: ((info)::text = ANY ('{"Desilu Studios - 9336 W. Washington Blvd., Culver City, California, USA","London, England, UK","New York City, New York, USA","Paramount Studios - 5555 Melrose Avenue, Hollywood, Los Angeles, California, USA","Paris, France","Revue Studios, Hollywood, Los Angeles, California, USA","Rome, Lazio, Italy","Stage 9, 20th Century Fox Studios - 10201 Pico Blvd., Century City, Los Angeles, California, USA","Universal Studios - 100 Universal City Plaza, Universal City, California, USA"}'::text[]))
                                                         Rows Removed by Filter: 612518
                                                         Heap Blocks: exact=6972
                                                         Buffers: shared hit=856 read=6636
                                                         ->  Bitmap Index Scan on info_type_id_movie_info  (cost=0.00..7077.68 rows=662032 width=0) (actual time=20.117..20.117 rows=660923 loops=1)
                                                               Index Cond: (info_type_id = 18)
                                                               Buffers: shared hit=1 read=519
                                                   ->  Index Scan using title_pkey on title t  (cost=0.43..8.23 rows=1 width=8) (actual time=0.035..0.035 rows=0 loops=48405)
                                                         Index Cond: (id = mi2.movie_id)
                                                         Filter: ((production_year <= 1975) AND (production_year >= 1925))
                                                         Rows Removed by Filter: 1
                                                         Buffers: shared hit=164904 read=28716
                                             ->  Hash  (cost=1.10..1.10 rows=4 width=4) (actual time=0.021..0.022 rows=4 loops=1)
                                                   Buckets: 1024  Batches: 1  Memory Usage: 9kB
                                                   Buffers: shared hit=1
                                                   ->  Seq Scan on kind_type kt  (cost=0.00..1.10 rows=4 width=4) (actual time=0.009..0.011 rows=4 loops=1)
                                                         Filter: ((kind)::text = ANY ('{episode,movie,"video game","video movie"}'::text[]))
                                                         Rows Removed by Filter: 3
                                                         Buffers: shared hit=1
                                       ->  Index Scan using movie_id_movie_info on movie_info mi1  (cost=0.47..43.14 rows=1 width=8) (actual time=0.108..0.112 rows=1 loops=18916)
                                             Index Cond: (movie_id = t.id)
                                             Filter: ((info_type_id = 8) AND ((info)::text = ANY ('{Australia,Austria,Belgium,Canada,France,Germany,Italy,Netherlands,Portugal,Spain,Sweden,UK,USA}'::text[])))
                                             Rows Removed by Filter: 16
                                             Buffers: shared hit=194743 read=33553
                     ->  Index Scan using movie_id_cast_info on cast_info ci  (cost=0.44..44.48 rows=38 width=12) (actual time=0.037..0.285 rows=29 loops=9682)
                           Index Cond: (movie_id = t.id)
                           Buffers: shared hit=250398 read=53311
               ->  Hash  (cost=1.20..1.20 rows=5 width=4) (actual time=0.039..0.039 rows=5 loops=1)
                     Buckets: 1024  Batches: 1  Memory Usage: 9kB
                     Buffers: shared hit=1
                     ->  Seq Scan on role_type rt  (cost=0.00..1.20 rows=5 width=4) (actual time=0.028..0.031 rows=5 loops=1)
                           Filter: ((role)::text = ANY ('{composer,"costume designer",guest,"production designer",writer}'::text[]))
                           Rows Removed by Filter: 7
                           Buffers: shared hit=1
         ->  Index Scan using name_pkey on name n  (cost=0.43..2.32 rows=1 width=4) (actual time=0.035..0.035 rows=1 loops=37291)
               Index Cond: (id = ci.person_id)
               Filter: (((gender)::text = 'm'::text) OR (gender IS NULL))
               Rows Removed by Filter: 0
               Buffers: shared hit=139208 read=9956
 Planning:
   Buffers: shared hit=576 read=1
 Planning Time: 12.678 ms
 Execution Time: 8485.702 ms
(73 rows)

