                                                                                                                                         QUERY PLAN                                                                                                                                         
--------------------------------------------------------------------------------------------------------------------------------------------------------------------------------------------------------------------------------------------------------------------------------------------
 Aggregate  (cost=639054.19..639054.20 rows=1 width=8) (actual time=9611.591..9611.600 rows=1 loops=1)
   Buffers: shared hit=885882 read=98837
   ->  Nested Loop  (cost=14219.19..639054.12 rows=28 width=0) (actual time=888.087..9611.452 rows=116 loops=1)
         Buffers: shared hit=885882 read=98837
         ->  Seq Scan on info_type it2  (cost=0.00..2.41 rows=1 width=4) (actual time=0.037..0.049 rows=1 loops=1)
               Filter: (id = 8)
               Rows Removed by Filter: 112
               Buffers: shared hit=1
         ->  Nested Loop  (cost=14219.19..639051.43 rows=28 width=4) (actual time=888.047..9611.335 rows=116 loops=1)
               Buffers: shared hit=885881 read=98837
               ->  Seq Scan on info_type it1  (cost=0.00..2.41 rows=1 width=4) (actual time=0.010..0.023 rows=1 loops=1)
                     Filter: (id = 7)
                     Rows Removed by Filter: 112
                     Buffers: shared hit=1
               ->  Nested Loop  (cost=14219.19..639048.74 rows=28 width=8) (actual time=888.034..9611.237 rows=116 loops=1)
                     Buffers: shared hit=885880 read=98837
                     ->  Hash Join  (cost=14218.76..638765.75 rows=122 width=12) (actual time=118.777..9257.631 rows=10246 loops=1)
                           Hash Cond: (ci.role_id = rt.id)
                           Buffers: shared hit=848006 read=95727
                           ->  Nested Loop  (cost=14217.56..638762.82 rows=487 width=16) (actual time=37.277..9237.954 rows=96438 loops=1)
                                 Buffers: shared hit=848005 read=95727
                                 ->  Nested Loop  (cost=14217.12..637247.97 rows=34 width=20) (actual time=37.244..8066.213 rows=6028 loops=1)
                                       Buffers: shared hit=761653 read=69949
                                       ->  Hash Join  (cost=14216.65..544304.84 rows=2164 width=12) (actual time=35.767..5869.005 rows=24577 loops=1)
                                             Hash Cond: (t.kind_id = kt.id)
                                             Buffers: shared hit=571283 read=29643
                                             ->  Nested Loop  (cost=14215.45..544293.00 rows=2525 width=16) (actual time=35.731..5857.475 rows=24577 loops=1)
                                                   Buffers: shared hit=571282 read=29643
                                                   ->  Bitmap Heap Scan on movie_info mi2  (cost=14215.01..462093.27 rows=13962 width=8) (actual time=35.520..787.512 rows=149572 loops=1)
                                                         Recheck Cond: (info_type_id = 8)
                                                         Filter: ((info)::text = ANY ('{Argentina,Australia,Austria,Brazil,Bulgaria,Spain,Sweden,Switzerland,Turkey}'::text[]))
                                                         Rows Removed by Filter: 1175789
                                                         Heap Blocks: exact=7853
                                                         Buffers: shared hit=1278 read=7615
                                                         ->  Bitmap Index Scan on info_type_id_movie_info  (cost=0.00..14211.52 rows=1329478 width=0) (actual time=34.541..34.542 rows=1325361 loops=1)
                                                               Index Cond: (info_type_id = 8)
                                                               Buffers: shared read=1040
                                                   ->  Memoize  (cost=0.44..5.98 rows=1 width=8) (actual time=0.034..0.034 rows=0 loops=149572)
                                                         Cache Key: mi2.movie_id
                                                         Cache Mode: logical
                                                         Hits: 1564  Misses: 148008  Evictions: 38169  Overflows: 0  Memory Usage: 8193kB
                                                         Buffers: shared hit=570004 read=22028
                                                         ->  Index Scan using title_pkey on title t  (cost=0.43..5.97 rows=1 width=8) (actual time=0.033..0.033 rows=0 loops=148008)
                                                               Index Cond: (id = mi2.movie_id)
                                                               Filter: ((production_year <= 1975) AND (production_year >= 1875))
                                                               Rows Removed by Filter: 1
                                                               Buffers: shared hit=570004 read=22028
                                             ->  Hash  (cost=1.12..1.12 rows=6 width=4) (actual time=0.014..0.015 rows=6 loops=1)
                                                   Buckets: 1024  Batches: 1  Memory Usage: 9kB
                                                   Buffers: shared hit=1
                                                   ->  Seq Scan on kind_type kt  (cost=0.00..1.12 rows=6 width=4) (actual time=0.006..0.008 rows=6 loops=1)
                                                         Filter: ((kind)::text = ANY ('{episode,movie,"tv movie","tv series","video game","video movie"}'::text[]))
                                                         Rows Removed by Filter: 1
                                                         Buffers: shared hit=1
                                       ->  Index Scan using movie_id_movie_info on movie_info mi1  (cost=0.47..42.94 rows=1 width=8) (actual time=0.080..0.089 rows=0 loops=24577)
                                             Index Cond: (movie_id = t.id)
                                             Filter: ((info_type_id = 7) AND ((info)::text = ANY ('{"LAB:Technicolor, USA","MET:120 m","MET:160 m","MET:20 m","MET:290 m","MET:30 m","MET:900 m","OFM:68 mm",OFM:Video,PCS:Spherical,"PFM:16 mm","RAT:1.33 : 1","RAT:2.20 : 1"}'::text[])))
                                             Rows Removed by Filter: 9
                                             Buffers: shared hit=190370 read=40306
                                 ->  Index Scan using movie_id_cast_info on cast_info ci  (cost=0.44..44.17 rows=38 width=12) (actual time=0.040..0.189 rows=16 loops=6028)
                                       Index Cond: (movie_id = t.id)
                                       Buffers: shared hit=86352 read=25778
                           ->  Hash  (cost=1.17..1.17 rows=3 width=4) (actual time=0.015..0.016 rows=3 loops=1)
                                 Buckets: 1024  Batches: 1  Memory Usage: 9kB
                                 Buffers: shared hit=1
                                 ->  Seq Scan on role_type rt  (cost=0.00..1.17 rows=3 width=4) (actual time=0.009..0.011 rows=3 loops=1)
                                       Filter: ((role)::text = ANY ('{cinematographer,"costume designer",producer}'::text[]))
                                       Rows Removed by Filter: 9
                                       Buffers: shared hit=1
                     ->  Index Scan using name_pkey on name n  (cost=0.43..2.32 rows=1 width=4) (actual time=0.034..0.034 rows=0 loops=10246)
                           Index Cond: (id = ci.person_id)
                           Filter: ((gender)::text = 'f'::text)
                           Rows Removed by Filter: 1
                           Buffers: shared hit=37874 read=3110
 Planning:
   Buffers: shared hit=488 read=89
 Planning Time: 13.105 ms
 Execution Time: 9614.408 ms
(78 rows)

