                                                                                                   QUERY PLAN                                                                                                   
----------------------------------------------------------------------------------------------------------------------------------------------------------------------------------------------------------------
 Aggregate  (cost=708220.98..708220.99 rows=1 width=8) (actual time=33985.139..33985.149 rows=1 loops=1)
   Buffers: shared hit=3136917 read=273968, temp read=965 written=965
   ->  Nested Loop  (cost=93105.51..708220.75 rows=91 width=0) (actual time=545.041..33978.890 rows=19644 loops=1)
         Buffers: shared hit=3136917 read=273968, temp read=965 written=965
         ->  Hash Join  (cost=93105.08..707798.60 rows=182 width=4) (actual time=528.341..17624.372 rows=446878 loops=1)
               Hash Cond: (ci.role_id = rt.id)
               Buffers: shared hit=1384817 read=238556, temp read=965 written=965
               ->  Nested Loop  (cost=93103.91..707793.55 rows=1089 width=8) (actual time=528.278..17343.587 rows=933734 loops=1)
                     Buffers: shared hit=1384816 read=238556, temp read=965 written=965
                     ->  Nested Loop  (cost=93103.47..704384.45 rows=76 width=12) (actual time=528.251..6728.931 rows=46910 loops=1)
                           Buffers: shared hit=475364 read=92961, temp read=965 written=965
                           ->  Seq Scan on info_type it2  (cost=0.00..2.41 rows=1 width=4) (actual time=0.046..0.056 rows=1 loops=1)
                                 Filter: (id = 4)
                                 Rows Removed by Filter: 112
                                 Buffers: shared hit=1
                           ->  Nested Loop  (cost=93103.47..704381.28 rows=76 width=16) (actual time=528.204..6716.554 rows=46910 loops=1)
                                 Buffers: shared hit=475363 read=92961, temp read=965 written=965
                                 ->  Seq Scan on info_type it1  (cost=0.00..2.41 rows=1 width=4) (actual time=0.012..0.026 rows=1 loops=1)
                                       Filter: (id = 2)
                                       Rows Removed by Filter: 112
                                       Buffers: shared hit=1
                                 ->  Nested Loop  (cost=93103.47..704378.10 rows=76 width=20) (actual time=528.188..6703.761 rows=46910 loops=1)
                                       Buffers: shared hit=475362 read=92961, temp read=965 written=965
                                       ->  Hash Join  (cost=93103.03..631847.65 rows=1686 width=12) (actual time=528.117..1649.322 rows=52026 loops=1)
                                             Hash Cond: (mi2.movie_id = t.id)
                                             Buffers: shared hit=28510 read=17294, temp read=965 written=965
                                             ->  Bitmap Heap Scan on movie_info mi2  (cost=13059.52..550592.02 rows=16603 width=8) (actual time=37.635..954.624 rows=274821 loops=1)
                                                   Recheck Cond: (info_type_id = 4)
                                                   Filter: ((info)::text = ANY ('{Cantonese,Danish,Dutch,Filipino,Finnish,French,Hindi,Italian,Mandarin,None,Persian,Polish,Spanish,Swedish,Turkish}'::text[]))
                                                   Rows Removed by Filter: 1024168
                                                   Heap Blocks: exact=8393
                                                   Buffers: shared hit=1766 read=7646
                                                   ->  Bitmap Index Scan on info_type_id_movie_info  (cost=0.00..13055.37 rows=1221191 width=0) (actual time=34.163..34.163 rows=1298989 loops=1)
                                                         Index Cond: (info_type_id = 4)
                                                         Buffers: shared hit=1 read=1018
                                             ->  Hash  (cost=75831.69..75831.69 rows=256706 width=4) (actual time=489.376..489.379 rows=338866 loops=1)
                                                   Buckets: 262144  Batches: 2  Memory Usage: 8013kB
                                                   Buffers: shared hit=26744 read=9648, temp written=495
                                                   ->  Hash Join  (cost=1.18..75831.69 rows=256706 width=4) (actual time=0.044..431.651 rows=338866 loops=1)
                                                         Hash Cond: (t.kind_id = kt.id)
                                                         Buffers: shared hit=26744 read=9648
                                                         ->  Seq Scan on title t  (cost=0.00..74315.95 rows=359388 width=8) (actual time=0.022..390.998 rows=350375 loops=1)
                                                               Filter: ((production_year <= 1975) AND (production_year >= 1925))
                                                               Rows Removed by Filter: 2177937
                                                               Buffers: shared hit=26743 read=9648
                                                         ->  Hash  (cost=1.11..1.11 rows=5 width=4) (actual time=0.015..0.017 rows=5 loops=1)
                                                               Buckets: 1024  Batches: 1  Memory Usage: 9kB
                                                               Buffers: shared hit=1
                                                               ->  Seq Scan on kind_type kt  (cost=0.00..1.11 rows=5 width=4) (actual time=0.007..0.009 rows=5 loops=1)
                                                                     Filter: ((kind)::text = ANY ('{episode,movie,"tv movie","video game","video movie"}'::text[]))
                                                                     Rows Removed by Filter: 2
                                                                     Buffers: shared hit=1
                                       ->  Index Scan using movie_id_movie_info on movie_info mi1  (cost=0.43..43.01 rows=1 width=8) (actual time=0.081..0.096 rows=1 loops=52026)
                                             Index Cond: (movie_id = t.id)
                                             Filter: (((info)::text = ANY ('{"Black and White",Color}'::text[])) AND (info_type_id = 2))
                                             Rows Removed by Filter: 10
                                             Buffers: shared hit=446852 read=75667
                     ->  Index Scan using movie_id_cast_info on cast_info ci  (cost=0.44..44.48 rows=38 width=12) (actual time=0.038..0.220 rows=20 loops=46910)
                           Index Cond: (movie_id = t.id)
                           Buffers: shared hit=909452 read=145595
               ->  Hash  (cost=1.15..1.15 rows=2 width=4) (actual time=0.036..0.037 rows=2 loops=1)
                     Buckets: 1024  Batches: 1  Memory Usage: 9kB
                     Buffers: shared hit=1
                     ->  Seq Scan on role_type rt  (cost=0.00..1.15 rows=2 width=4) (actual time=0.027..0.030 rows=2 loops=1)
                           Filter: ((role)::text = ANY ('{actor,editor}'::text[]))
                           Rows Removed by Filter: 10
                           Buffers: shared hit=1
         ->  Index Scan using name_pkey on name n  (cost=0.43..2.32 rows=1 width=4) (actual time=0.036..0.036 rows=0 loops=446878)
               Index Cond: (id = ci.person_id)
               Filter: (((gender)::text = 'f'::text) OR (gender IS NULL))
               Rows Removed by Filter: 1
               Buffers: shared hit=1752100 read=35412
 Planning:
   Buffers: shared hit=574
 Planning Time: 13.234 ms
 Execution Time: 33985.783 ms
(76 rows)

