                                                                                                                                                                                           QUERY PLAN                                                                                                                                                                                            
-------------------------------------------------------------------------------------------------------------------------------------------------------------------------------------------------------------------------------------------------------------------------------------------------------------------------------------------------------------------------------------------------
 Aggregate  (cost=414926.35..414926.36 rows=1 width=8) (actual time=2588.110..2588.116 rows=1 loops=1)
   Buffers: shared hit=217966 read=44939
   ->  Nested Loop  (cost=7081.93..414926.35 rows=3 width=0) (actual time=23.480..2587.432 rows=3678 loops=1)
         Buffers: shared hit=217966 read=44939
         ->  Hash Join  (cost=7081.50..414910.11 rows=7 width=4) (actual time=23.393..2270.772 rows=9059 loops=1)
               Hash Cond: (ci.role_id = rt.id)
               Buffers: shared hit=184399 read=42270
               ->  Nested Loop  (cost=7080.30..414908.81 rows=29 width=8) (actual time=23.105..2255.266 rows=94889 loops=1)
                     Buffers: shared hit=184398 read=42270
                     ->  Nested Loop  (cost=7079.86..414819.10 rows=2 width=12) (actual time=23.064..1251.590 rows=4380 loops=1)
                           Buffers: shared hit=95977 read=23915
                           ->  Seq Scan on info_type it2  (cost=0.00..2.41 rows=1 width=4) (actual time=0.026..0.032 rows=1 loops=1)
                                 Filter: (id = 2)
                                 Rows Removed by Filter: 112
                                 Buffers: shared hit=1
                           ->  Nested Loop  (cost=7079.86..414816.66 rows=2 width=16) (actual time=23.037..1250.619 rows=4380 loops=1)
                                 Buffers: shared hit=95976 read=23915
                                 ->  Seq Scan on info_type it1  (cost=0.00..2.41 rows=1 width=4) (actual time=0.012..0.020 rows=1 loops=1)
                                       Filter: (id = 18)
                                       Rows Removed by Filter: 112
                                       Buffers: shared hit=1
                                 ->  Nested Loop  (cost=7079.86..414814.23 rows=2 width=20) (actual time=23.022..1249.530 rows=4380 loops=1)
                                       Buffers: shared hit=95975 read=23915
                                       ->  Hash Join  (cost=7079.42..412534.21 rows=53 width=12) (actual time=22.226..781.589 rows=4367 loops=1)
                                             Hash Cond: (t.kind_id = kt.id)
                                             Buffers: shared hit=53038 read=14347
                                             ->  Nested Loop  (cost=7078.27..412532.66 rows=94 width=16) (actual time=22.181..779.321 rows=4433 loops=1)
                                                   Buffers: shared hit=53037 read=14347
                                                   ->  Bitmap Heap Scan on movie_info mi1  (cost=7077.84..407082.92 rows=658 width=8) (actual time=20.674..287.632 rows=14973 loops=1)
                                                         Recheck Cond: (info_type_id = 18)
                                                         Filter: ((info)::text = ANY ('{"CBS Studio 50, New York City, New York, USA","CBS Studio Center - 4024 Radford Avenue, Studio City, Los Angeles, California, USA","Paris, France",Philippines,"San Francisco, California, USA","Stage 7, Warner Brothers Burbank Studios - 4000 Warner Boulevard, Burbank, California, USA"}'::text[]))
                                                         Rows Removed by Filter: 645950
                                                         Heap Blocks: exact=6972
                                                         Buffers: shared hit=982 read=6510
                                                         ->  Bitmap Index Scan on info_type_id_movie_info  (cost=0.00..7077.68 rows=662032 width=0) (actual time=19.784..19.784 rows=660923 loops=1)
                                                               Index Cond: (info_type_id = 18)
                                                               Buffers: shared read=520
                                                   ->  Index Scan using title_pkey on title t  (cost=0.43..8.28 rows=1 width=8) (actual time=0.032..0.032 rows=0 loops=14973)
                                                         Index Cond: (id = mi1.movie_id)
                                                         Filter: ((production_year <= 1975) AND (production_year >= 1925))
                                                         Rows Removed by Filter: 1
                                                         Buffers: shared hit=52055 read=7837
                                             ->  Hash  (cost=1.10..1.10 rows=4 width=4) (actual time=0.012..0.013 rows=4 loops=1)
                                                   Buckets: 1024  Batches: 1  Memory Usage: 9kB
                                                   Buffers: shared hit=1
                                                   ->  Seq Scan on kind_type kt  (cost=0.00..1.10 rows=4 width=4) (actual time=0.007..0.008 rows=4 loops=1)
                                                         Filter: ((kind)::text = ANY ('{episode,movie,"tv movie","video game"}'::text[]))
                                                         Rows Removed by Filter: 3
                                                         Buffers: shared hit=1
                                       ->  Index Scan using movie_id_movie_info on movie_info mi2  (cost=0.43..43.01 rows=1 width=8) (actual time=0.094..0.106 rows=1 loops=4367)
                                             Index Cond: (movie_id = t.id)
                                             Filter: (((info)::text = ANY ('{"Black and White",Color}'::text[])) AND (info_type_id = 2))
                                             Rows Removed by Filter: 16
                                             Buffers: shared hit=42937 read=9568
                     ->  Index Scan using movie_id_cast_info on cast_info ci  (cost=0.44..44.48 rows=38 width=12) (actual time=0.038..0.224 rows=22 loops=4380)
                           Index Cond: (movie_id = t.id)
                           Buffers: shared hit=88421 read=18355
               ->  Hash  (cost=1.17..1.17 rows=3 width=4) (actual time=0.031..0.031 rows=3 loops=1)
                     Buckets: 1024  Batches: 1  Memory Usage: 9kB
                     Buffers: shared hit=1
                     ->  Seq Scan on role_type rt  (cost=0.00..1.17 rows=3 width=4) (actual time=0.021..0.023 rows=3 loops=1)
                           Filter: ((role)::text = ANY ('{composer,producer,"production designer"}'::text[]))
                           Rows Removed by Filter: 9
                           Buffers: shared hit=1
         ->  Index Scan using name_pkey on name n  (cost=0.43..2.32 rows=1 width=4) (actual time=0.034..0.034 rows=0 loops=9059)
               Index Cond: (id = ci.person_id)
               Filter: (((gender)::text = 'f'::text) OR (gender IS NULL))
               Rows Removed by Filter: 1
               Buffers: shared hit=33567 read=2669
 Planning:
   Buffers: shared hit=505 read=69
 Planning Time: 12.854 ms
 Execution Time: 2588.606 ms
(73 rows)

