                                                                                                      QUERY PLAN                                                                                                       
-----------------------------------------------------------------------------------------------------------------------------------------------------------------------------------------------------------------------
 Aggregate  (cost=461382.78..461382.79 rows=1 width=8) (actual time=6464.541..6464.547 rows=1 loops=1)
   Buffers: shared hit=604872 read=66035
   ->  Nested Loop  (cost=13059.77..461382.77 rows=5 width=0) (actual time=40.576..6462.837 rows=8037 loops=1)
         Buffers: shared hit=604872 read=66035
         ->  Hash Join  (cost=13059.34..461357.25 rows=11 width=4) (actual time=38.938..5916.820 rows=14885 loops=1)
               Hash Cond: (ci.role_id = rt.id)
               Buffers: shared hit=550177 read=61190
               ->  Nested Loop  (cost=13058.14..461355.89 rows=43 width=8) (actual time=38.321..5888.360 rows=153915 loops=1)
                     Buffers: shared hit=550176 read=61190
                     ->  Nested Loop  (cost=13057.70..461222.23 rows=3 width=12) (actual time=38.280..4303.315 rows=5786 loops=1)
                           Buffers: shared hit=399829 read=42888
                           ->  Seq Scan on info_type it2  (cost=0.00..2.41 rows=1 width=4) (actual time=0.031..0.037 rows=1 loops=1)
                                 Filter: (id = 4)
                                 Rows Removed by Filter: 112
                                 Buffers: shared hit=1
                           ->  Nested Loop  (cost=13057.70..461219.79 rows=3 width=16) (actual time=38.248..4301.887 rows=5786 loops=1)
                                 Buffers: shared hit=399828 read=42888
                                 ->  Seq Scan on info_type it1  (cost=0.00..2.41 rows=1 width=4) (actual time=0.008..0.016 rows=1 loops=1)
                                       Filter: (id = 7)
                                       Rows Removed by Filter: 112
                                       Buffers: shared hit=1
                                 ->  Nested Loop  (cost=13057.70..461217.35 rows=3 width=20) (actual time=38.237..4300.321 rows=5786 loops=1)
                                       Buffers: shared hit=399827 read=42888
                                       ->  Hash Join  (cost=13057.26..454792.14 rows=149 width=12) (actual time=38.182..2620.385 rows=20380 loops=1)
                                             Hash Cond: (t.kind_id = kt.id)
                                             Buffers: shared hit=239380 read=18377
                                             ->  Nested Loop  (cost=13056.09..454790.08 rows=209 width=16) (actual time=38.137..2610.162 rows=20594 loops=1)
                                                   Buffers: shared hit=239379 read=18377
                                                   ->  Bitmap Heap Scan on movie_info mi2  (cost=13055.66..445383.90 rows=1154 width=8) (actual time=38.089..641.042 rows=62086 loops=1)
                                                         Recheck Cond: (info_type_id = 4)
                                                         Filter: ((info)::text = ANY ('{Arabic,Czech,Finnish,Greek,Hindi,Mandarin,Serbo-Croatian,Swedish}'::text[]))
                                                         Rows Removed by Filter: 1236903
                                                         Heap Blocks: exact=8393
                                                         Buffers: shared hit=1940 read=7472
                                                         ->  Bitmap Index Scan on info_type_id_movie_info  (cost=0.00..13055.37 rows=1221191 width=0) (actual time=35.538..35.539 rows=1298989 loops=1)
                                                               Index Cond: (info_type_id = 4)
                                                               Buffers: shared hit=1 read=1018
                                                   ->  Index Scan using title_pkey on title t  (cost=0.43..8.15 rows=1 width=8) (actual time=0.031..0.031 rows=0 loops=62086)
                                                         Index Cond: (id = mi2.movie_id)
                                                         Filter: ((production_year <= 1975) AND (production_year >= 1875))
                                                         Rows Removed by Filter: 1
                                                         Buffers: shared hit=237439 read=10905
                                             ->  Hash  (cost=1.11..1.11 rows=5 width=4) (actual time=0.017..0.019 rows=5 loops=1)
                                                   Buckets: 1024  Batches: 1  Memory Usage: 9kB
                                                   Buffers: shared hit=1
                                                   ->  Seq Scan on kind_type kt  (cost=0.00..1.11 rows=5 width=4) (actual time=0.008..0.011 rows=5 loops=1)
                                                         Filter: ((kind)::text = ANY ('{movie,"tv movie","tv series","video game","video movie"}'::text[]))
                                                         Rows Removed by Filter: 2
                                                         Buffers: shared hit=1
                                       ->  Index Scan using movie_id_movie_info on movie_info mi1  (cost=0.43..43.11 rows=1 width=8) (actual time=0.071..0.082 rows=0 loops=20380)
                                             Index Cond: (movie_id = t.id)
                                             Filter: ((info_type_id = 7) AND ((info)::text = ANY ('{"MET:100 m","MET:30 m","MET:900 m",OFM:Video,"PFM:35 mm","RAT:1.20 : 1","RAT:1.33 : 1","RAT:1.37 : 1"}'::text[])))
                                             Rows Removed by Filter: 8
                                             Buffers: shared hit=160447 read=24511
                     ->  Index Scan using movie_id_cast_info on cast_info ci  (cost=0.44..44.17 rows=38 width=12) (actual time=0.037..0.267 rows=27 loops=5786)
                           Index Cond: (movie_id = t.id)
                           Buffers: shared hit=150347 read=18302
               ->  Hash  (cost=1.17..1.17 rows=3 width=4) (actual time=0.034..0.035 rows=3 loops=1)
                     Buckets: 1024  Batches: 1  Memory Usage: 9kB
                     Buffers: shared hit=1
                     ->  Seq Scan on role_type rt  (cost=0.00..1.17 rows=3 width=4) (actual time=0.025..0.028 rows=3 loops=1)
                           Filter: ((role)::text = ANY ('{producer,"production designer",writer}'::text[]))
                           Rows Removed by Filter: 9
                           Buffers: shared hit=1
         ->  Index Scan using name_pkey on name n  (cost=0.43..2.32 rows=1 width=4) (actual time=0.036..0.036 rows=1 loops=14885)
               Index Cond: (id = ci.person_id)
               Filter: (((gender)::text = 'f'::text) OR (gender IS NULL))
               Rows Removed by Filter: 0
               Buffers: shared hit=54695 read=4845
 Planning:
   Buffers: shared hit=574
 Planning Time: 13.518 ms
 Execution Time: 6465.082 ms
(73 rows)

