                                                                                                                                            QUERY PLAN                                                                                                                                             
---------------------------------------------------------------------------------------------------------------------------------------------------------------------------------------------------------------------------------------------------------------------------------------------------
 Aggregate  (cost=373414.22..373414.23 rows=1 width=8) (actual time=693.786..693.792 rows=1 loops=1)
   Buffers: shared hit=45388 read=22839
   ->  Nested Loop  (cost=3725.53..373414.21 rows=2 width=0) (actual time=54.921..693.510 rows=2588 loops=1)
         Buffers: shared hit=45388 read=22839
         ->  Hash Join  (cost=3725.10..373402.61 rows=5 width=4) (actual time=54.881..584.746 rows=3353 loops=1)
               Hash Cond: (ci.role_id = rt.id)
               Buffers: shared hit=34375 read=20440
               ->  Nested Loop  (cost=3723.87..373401.34 rows=14 width=8) (actual time=54.768..583.271 rows=7499 loops=1)
                     Buffers: shared hit=34374 read=20440
                     ->  Nested Loop  (cost=3723.43..373356.78 rows=1 width=12) (actual time=42.393..500.910 rows=863 loops=1)
                           Buffers: shared hit=27428 read=17456
                           ->  Nested Loop  (cost=3723.43..373354.36 rows=1 width=16) (actual time=42.388..489.620 rows=863 loops=1)
                                 Buffers: shared hit=26565 read=17456
                                 ->  Nested Loop  (cost=3723.43..373351.94 rows=1 width=20) (actual time=42.365..476.106 rows=863 loops=1)
                                       Buffers: shared hit=25702 read=17456
                                       ->  Nested Loop  (cost=3722.99..373136.07 rows=5 width=12) (actual time=42.042..281.893 rows=1888 loops=1)
                                             Buffers: shared hit=12107 read=10437
                                             ->  Nested Loop  (cost=3722.86..373135.14 rows=6 width=16) (actual time=42.025..254.056 rows=1888 loops=1)
                                                   Buffers: shared hit=8331 read=10437
                                                   ->  Bitmap Heap Scan on movie_info mi1  (cost=3722.43..372839.30 rows=35 width=8) (actual time=41.975..194.465 rows=1888 loops=1)
                                                         Recheck Cond: (info_type_id = 17)
                                                         Filter: ((info)::text = ANY ('{"Original French title is undetermined","Original French title is undetermined.","This film is believed lost. Please check your attic.","This film is presumed lost. Please check your attic."}'::text[]))
                                                         Rows Removed by Filter: 366330
                                                         Heap Blocks: exact=10925
                                                         Buffers: shared hit=827 read=10389
                                                         ->  Bitmap Index Scan on info_type_id_movie_info  (cost=0.00..3722.42 rows=347998 width=0) (actual time=14.277..14.277 rows=368218 loops=1)
                                                               Index Cond: (info_type_id = 17)
                                                               Buffers: shared read=291
                                                   ->  Index Scan using title_pkey on title t  (cost=0.43..8.45 rows=1 width=8) (actual time=0.031..0.031 rows=1 loops=1888)
                                                         Index Cond: (id = mi1.movie_id)
                                                         Filter: ((production_year <= 1975) AND (production_year >= 1875))
                                                         Buffers: shared hit=7504 read=48
                                             ->  Index Scan using kind_type_pkey on kind_type kt  (cost=0.13..0.16 rows=1 width=4) (actual time=0.014..0.014 rows=1 loops=1888)
                                                   Index Cond: (id = t.kind_id)
                                                   Filter: ((kind)::text = ANY ('{episode,movie,"tv movie","tv series","video game","video movie"}'::text[]))
                                                   Buffers: shared hit=3776
                                       ->  Index Scan using movie_id_movie_info on movie_info mi2  (cost=0.43..43.16 rows=1 width=8) (actual time=0.102..0.102 rows=0 loops=1888)
                                             Index Cond: (movie_id = t.id)
                                             Filter: ((info_type_id = 3) AND ((info)::text = ANY ('{Adventure,Animation,Biography,Drama,History,Musical,Romance,Sci-Fi,Western}'::text[])))
                                             Rows Removed by Filter: 13
                                             Buffers: shared hit=13595 read=7019
                                 ->  Seq Scan on info_type it1  (cost=0.00..2.41 rows=1 width=4) (actual time=0.010..0.014 rows=1 loops=863)
                                       Filter: (id = 17)
                                       Rows Removed by Filter: 112
                                       Buffers: shared hit=863
                           ->  Seq Scan on info_type it2  (cost=0.00..2.41 rows=1 width=4) (actual time=0.006..0.012 rows=1 loops=863)
                                 Filter: (id = 3)
                                 Rows Removed by Filter: 112
                                 Buffers: shared hit=863
                     ->  Index Scan using movie_id_cast_info on cast_info ci  (cost=0.44..44.17 rows=38 width=12) (actual time=0.021..0.094 rows=9 loops=863)
                           Index Cond: (movie_id = t.id)
                           Buffers: shared hit=6946 read=2984
               ->  Hash  (cost=1.18..1.18 rows=4 width=4) (actual time=0.034..0.034 rows=4 loops=1)
                     Buckets: 1024  Batches: 1  Memory Usage: 9kB
                     Buffers: shared hit=1
                     ->  Seq Scan on role_type rt  (cost=0.00..1.18 rows=4 width=4) (actual time=0.024..0.027 rows=4 loops=1)
                           Filter: ((role)::text = ANY ('{actress,cinematographer,director,writer}'::text[]))
                           Rows Removed by Filter: 8
                           Buffers: shared hit=1
         ->  Index Scan using name_pkey on name n  (cost=0.43..2.32 rows=1 width=4) (actual time=0.032..0.032 rows=1 loops=3353)
               Index Cond: (id = ci.person_id)
               Filter: (((gender)::text = 'f'::text) OR (gender IS NULL))
               Rows Removed by Filter: 0
               Buffers: shared hit=11013 read=2399
 Planning:
   Buffers: shared hit=530 read=44
 Planning Time: 14.725 ms
 Execution Time: 694.313 ms
(68 rows)

