                                                                                               QUERY PLAN                                                                                               
--------------------------------------------------------------------------------------------------------------------------------------------------------------------------------------------------------
 Aggregate  (cost=409575.34..409575.35 rows=1 width=8) (actual time=7815.234..7815.240 rows=1 loops=1)
   Buffers: shared hit=552666 read=259734
   ->  Nested Loop  (cost=15874.58..409575.31 rows=12 width=0) (actual time=39.656..7806.643 rows=68349 loops=1)
         Buffers: shared hit=552666 read=259734
         ->  Hash Join  (cost=15874.15..409519.64 rows=24 width=4) (actual time=39.614..5147.037 rows=84591 loops=1)
               Hash Cond: (ci.role_id = rt.id)
               Buffers: shared hit=253852 read=220184
               ->  Nested Loop  (cost=15872.89..409518.18 rows=57 width=8) (actual time=39.536..5092.428 rows=303311 loops=1)
                     Buffers: shared hit=253851 read=220184
                     ->  Nested Loop  (cost=15872.45..409343.39 rows=4 width=12) (actual time=39.239..1945.534 rows=7236 loops=1)
                           Buffers: shared hit=90758 read=67792
                           ->  Seq Scan on info_type it2  (cost=0.00..2.41 rows=1 width=4) (actual time=0.028..0.036 rows=1 loops=1)
                                 Filter: (id = 2)
                                 Rows Removed by Filter: 112
                                 Buffers: shared hit=1
                           ->  Nested Loop  (cost=15872.45..409340.94 rows=4 width=16) (actual time=39.211..1943.976 rows=7236 loops=1)
                                 Buffers: shared hit=90757 read=67792
                                 ->  Seq Scan on info_type it1  (cost=0.00..2.41 rows=1 width=4) (actual time=0.006..0.016 rows=1 loops=1)
                                       Filter: (id = 7)
                                       Rows Removed by Filter: 112
                                       Buffers: shared hit=1
                                 ->  Nested Loop  (cost=15872.45..409338.49 rows=4 width=20) (actual time=39.202..1942.437 rows=7236 loops=1)
                                       Buffers: shared hit=90756 read=67792
                                       ->  Hash Join  (cost=15872.02..405706.39 rows=86 width=12) (actual time=39.104..853.031 rows=6831 loops=1)
                                             Hash Cond: (t.kind_id = kt.id)
                                             Buffers: shared hit=35431 read=16719
                                             ->  Nested Loop  (cost=15870.86..405704.59 rows=151 width=16) (actual time=39.070..849.489 rows=7717 loops=1)
                                                   Buffers: shared hit=35430 read=16719
                                                   ->  Bitmap Heap Scan on movie_info mi1  (cost=15870.43..404111.07 rows=189 width=8) (actual time=39.035..509.657 rows=10250 loops=1)
                                                         Recheck Cond: (info_type_id = 7)
                                                         Filter: ((info)::text = ANY ('{LAB:Technicolor,OFM:Digital,"PCS:Super 16","RAT:1.78 : 1 / (letterbox)","RAT:2.20 : 1"}'::text[]))
                                                         Rows Removed by Filter: 1391652
                                                         Heap Blocks: exact=10050
                                                         Buffers: shared hit=759 read=10390
                                                         ->  Bitmap Index Scan on info_type_id_movie_info  (cost=0.00..15870.39 rows=1484527 width=0) (actual time=37.509..37.509 rows=1401902 loops=1)
                                                               Index Cond: (info_type_id = 7)
                                                               Buffers: shared hit=1 read=1098
                                                   ->  Index Scan using title_pkey on title t  (cost=0.43..8.43 rows=1 width=8) (actual time=0.033..0.033 rows=1 loops=10250)
                                                         Index Cond: (id = mi1.movie_id)
                                                         Filter: ((production_year <= 2015) AND (production_year >= 1975))
                                                         Rows Removed by Filter: 0
                                                         Buffers: shared hit=34671 read=6329
                                             ->  Hash  (cost=1.10..1.10 rows=4 width=4) (actual time=0.014..0.015 rows=4 loops=1)
                                                   Buckets: 1024  Batches: 1  Memory Usage: 9kB
                                                   Buffers: shared hit=1
                                                   ->  Seq Scan on kind_type kt  (cost=0.00..1.10 rows=4 width=4) (actual time=0.007..0.009 rows=4 loops=1)
                                                         Filter: ((kind)::text = ANY ('{movie,"tv movie","tv series","video movie"}'::text[]))
                                                         Rows Removed by Filter: 3
                                                         Buffers: shared hit=1
                                       ->  Index Scan using movie_id_movie_info on movie_info mi2  (cost=0.43..42.22 rows=1 width=8) (actual time=0.137..0.159 rows=1 loops=6831)
                                             Index Cond: (movie_id = t.id)
                                             Filter: (((info)::text = ANY ('{"Black and White",Color}'::text[])) AND (info_type_id = 2))
                                             Rows Removed by Filter: 48
                                             Buffers: shared hit=55325 read=51073
                     ->  Index Scan using movie_id_cast_info on cast_info ci  (cost=0.44..43.32 rows=38 width=12) (actual time=0.036..0.426 rows=42 loops=7236)
                           Index Cond: (movie_id = t.id)
                           Buffers: shared hit=163093 read=152392
               ->  Hash  (cost=1.20..1.20 rows=5 width=4) (actual time=0.031..0.032 rows=5 loops=1)
                     Buckets: 1024  Batches: 1  Memory Usage: 9kB
                     Buffers: shared hit=1
                     ->  Seq Scan on role_type rt  (cost=0.00..1.20 rows=5 width=4) (actual time=0.022..0.026 rows=5 loops=1)
                           Filter: ((role)::text = ANY ('{actress,composer,director,editor,writer}'::text[]))
                           Rows Removed by Filter: 7
                           Buffers: shared hit=1
         ->  Index Scan using name_pkey on name n  (cost=0.43..2.32 rows=1 width=4) (actual time=0.031..0.031 rows=1 loops=84591)
               Index Cond: (id = ci.person_id)
               Filter: (((gender)::text = 'f'::text) OR (gender IS NULL))
               Rows Removed by Filter: 0
               Buffers: shared hit=298814 read=39550
 Planning:
   Buffers: shared hit=574
 Planning Time: 13.218 ms
 Execution Time: 7815.708 ms
(73 rows)

