                                                                                                                               QUERY PLAN                                                                                                                                
-------------------------------------------------------------------------------------------------------------------------------------------------------------------------------------------------------------------------------------------------------------------------
 Aggregate  (cost=328653.40..328653.41 rows=1 width=8) (actual time=1311.365..1311.372 rows=1 loops=1)
   Buffers: shared hit=84800 read=48671
   ->  Nested Loop  (cost=1357.37..328653.39 rows=3 width=0) (actual time=280.273..1311.331 rows=78 loops=1)
         Buffers: shared hit=84800 read=48671
         ->  Hash Join  (cost=1356.94..328644.11 rows=4 width=4) (actual time=280.225..1309.159 rows=78 loops=1)
               Hash Cond: (ci.role_id = rt.id)
               Buffers: shared hit=84572 read=48587
               ->  Nested Loop  (cost=1355.73..328642.86 rows=14 width=8) (actual time=279.930..1308.876 rows=1103 loops=1)
                     Buffers: shared hit=84571 read=48587
                     ->  Nested Loop  (cost=1355.29..328599.20 rows=1 width=12) (actual time=279.883..1293.531 rows=39 loops=1)
                           Buffers: shared hit=84214 read=47768
                           ->  Nested Loop  (cost=1355.29..328596.78 rows=1 width=16) (actual time=279.876..1292.957 rows=39 loops=1)
                                 Buffers: shared hit=84175 read=47768
                                 ->  Nested Loop  (cost=1355.29..328594.36 rows=1 width=20) (actual time=279.856..1292.279 rows=39 loops=1)
                                       Buffers: shared hit=84136 read=47768
                                       ->  Hash Join  (cost=1354.86..327074.84 rows=36 width=12) (actual time=5.482..352.972 rows=7710 loops=1)
                                             Hash Cond: (t.kind_id = kt.id)
                                             Buffers: shared hit=25170 read=10924
                                             ->  Nested Loop  (cost=1353.66..327073.46 rows=42 width=16) (actual time=5.438..350.303 rows=7710 loops=1)
                                                   Buffers: shared hit=25169 read=10924
                                                   ->  Bitmap Heap Scan on movie_info mi1  (cost=1353.23..326693.10 rows=45 width=8) (actual time=5.382..86.905 rows=7755 loops=1)
                                                         Recheck Cond: (info_type_id = 105)
                                                         Filter: ((info)::text = ANY ('{"$1,200","$100,000","$100,000,000","$110,000,000","$27,000,000","$48,000,000","$5,000","$50,000,000","$65,000","$68,000,000","$850,000",£100,"€ 2,000","€ 4,000,000"}'::text[]))
                                                         Rows Removed by Filter: 114108
                                                         Heap Blocks: exact=4974
                                                         Buffers: shared hit=1173 read=3900
                                                         ->  Bitmap Index Scan on info_type_id_movie_info  (cost=0.00..1353.18 rows=126500 width=0) (actual time=4.634..4.634 rows=121863 loops=1)
                                                               Index Cond: (info_type_id = 105)
                                                               Buffers: shared read=99
                                                   ->  Index Scan using title_pkey on title t  (cost=0.43..8.45 rows=1 width=8) (actual time=0.033..0.033 rows=1 loops=7755)
                                                         Index Cond: (id = mi1.movie_id)
                                                         Filter: ((production_year <= 2015) AND (production_year >= 1925))
                                                         Rows Removed by Filter: 0
                                                         Buffers: shared hit=23996 read=7024
                                             ->  Hash  (cost=1.12..1.12 rows=6 width=4) (actual time=0.019..0.020 rows=6 loops=1)
                                                   Buckets: 1024  Batches: 1  Memory Usage: 9kB
                                                   Buffers: shared hit=1
                                                   ->  Seq Scan on kind_type kt  (cost=0.00..1.12 rows=6 width=4) (actual time=0.009..0.012 rows=6 loops=1)
                                                         Filter: ((kind)::text = ANY ('{episode,movie,"tv movie","tv series","video game","video movie"}'::text[]))
                                                         Rows Removed by Filter: 1
                                                         Buffers: shared hit=1
                                       ->  Index Scan using movie_id_movie_info on movie_info mi2  (cost=0.43..42.20 rows=1 width=8) (actual time=0.121..0.121 rows=0 loops=7710)
                                             Index Cond: (movie_id = t.id)
                                             Filter: ((info_type_id = 16) AND ((info)::text = 'USA:2013'::text))
                                             Rows Removed by Filter: 18
                                             Buffers: shared hit=58966 read=36844
                                 ->  Seq Scan on info_type it1  (cost=0.00..2.41 rows=1 width=4) (actual time=0.013..0.014 rows=1 loops=39)
                                       Filter: (id = 105)
                                       Rows Removed by Filter: 112
                                       Buffers: shared hit=39
                           ->  Seq Scan on info_type it2  (cost=0.00..2.41 rows=1 width=4) (actual time=0.006..0.013 rows=1 loops=39)
                                 Filter: (id = 16)
                                 Rows Removed by Filter: 112
                                 Buffers: shared hit=39
                     ->  Index Scan using movie_id_cast_info on cast_info ci  (cost=0.44..43.28 rows=38 width=12) (actual time=0.033..0.385 rows=28 loops=39)
                           Index Cond: (movie_id = t.id)
                           Buffers: shared hit=357 read=819
               ->  Hash  (cost=1.17..1.17 rows=3 width=4) (actual time=0.040..0.041 rows=3 loops=1)
                     Buckets: 1024  Batches: 1  Memory Usage: 9kB
                     Buffers: shared hit=1
                     ->  Seq Scan on role_type rt  (cost=0.00..1.17 rows=3 width=4) (actual time=0.031..0.034 rows=3 loops=1)
                           Filter: ((role)::text = ANY ('{cinematographer,director,guest}'::text[]))
                           Rows Removed by Filter: 9
                           Buffers: shared hit=1
         ->  Index Scan using name_pkey on name n  (cost=0.43..2.32 rows=1 width=4) (actual time=0.027..0.027 rows=1 loops=78)
               Index Cond: (id = ci.person_id)
               Filter: (((gender)::text = ANY ('{f,m}'::text[])) OR (gender IS NULL))
               Buffers: shared hit=228 read=84
 Planning:
   Buffers: shared hit=485 read=92
 Planning Time: 13.012 ms
 Execution Time: 1311.907 ms
(72 rows)

