                                                                                                                                                                         QUERY PLAN                                                                                                                                                                         
------------------------------------------------------------------------------------------------------------------------------------------------------------------------------------------------------------------------------------------------------------------------------------------------------------------------------------------------------------
 Aggregate  (cost=328032.78..328032.79 rows=1 width=8) (actual time=796.885..796.893 rows=1 loops=1)
   Buffers: shared hit=60594 read=16808
   ->  Nested Loop  (cost=1357.35..328032.78 rows=2 width=0) (actual time=6.796..796.818 rows=182 loops=1)
         Buffers: shared hit=60594 read=16808
         ->  Hash Join  (cost=1356.92..328021.18 rows=5 width=4) (actual time=6.625..741.695 rows=1442 loops=1)
               Hash Cond: (ci.role_id = rt.id)
               Buffers: shared hit=56616 read=15018
               ->  Nested Loop  (cost=1355.69..328019.90 rows=14 width=8) (actual time=6.560..740.794 rows=3715 loops=1)
                     Buffers: shared hit=56615 read=15018
                     ->  Nested Loop  (cost=1355.25..327976.21 rows=1 width=12) (actual time=6.510..694.953 rows=183 loops=1)
                           Buffers: shared hit=55249 read=12240
                           ->  Nested Loop  (cost=1355.25..327973.78 rows=1 width=16) (actual time=6.503..691.928 rows=183 loops=1)
                                 Buffers: shared hit=55066 read=12240
                                 ->  Nested Loop  (cost=1355.25..327971.36 rows=1 width=20) (actual time=6.479..688.452 rows=183 loops=1)
                                       Buffers: shared hit=54883 read=12240
                                       ->  Hash Join  (cost=1354.82..327074.77 rows=21 width=12) (actual time=6.441..402.420 rows=2377 loops=1)
                                             Hash Cond: (t.kind_id = kt.id)
                                             Buffers: shared hit=34809 read=4481
                                             ->  Nested Loop  (cost=1353.66..327073.46 rows=36 width=16) (actual time=5.618..400.356 rows=8273 loops=1)
                                                   Buffers: shared hit=34808 read=4481
                                                   ->  Bitmap Heap Scan on movie_info mi1  (cost=1353.23..326693.10 rows=45 width=8) (actual time=5.505..96.050 rows=8554 loops=1)
                                                         Recheck Cond: (info_type_id = 105)
                                                         Filter: ((info)::text = ANY ('{"$1,000,000","$12,000","$200,000","$3,500,000","$30,000","$35,000","$350,000","$4,000","$60,000","$60,000,000","$70,000,000","$750,000","€ 3,000","€ 300,000"}'::text[]))
                                                         Rows Removed by Filter: 113309
                                                         Heap Blocks: exact=4974
                                                         Buffers: shared hit=5056 read=17
                                                         ->  Bitmap Index Scan on info_type_id_movie_info  (cost=0.00..1353.18 rows=126500 width=0) (actual time=4.667..4.667 rows=121863 loops=1)
                                                               Index Cond: (info_type_id = 105)
                                                               Buffers: shared hit=99
                                                   ->  Index Scan using title_pkey on title t  (cost=0.43..8.45 rows=1 width=8) (actual time=0.035..0.035 rows=1 loops=8554)
                                                         Index Cond: (id = mi1.movie_id)
                                                         Filter: ((production_year <= 2015) AND (production_year >= 1975))
                                                         Rows Removed by Filter: 0
                                                         Buffers: shared hit=29752 read=4464
                                             ->  Hash  (cost=1.10..1.10 rows=4 width=4) (actual time=0.022..0.023 rows=4 loops=1)
                                                   Buckets: 1024  Batches: 1  Memory Usage: 9kB
                                                   Buffers: shared hit=1
                                                   ->  Seq Scan on kind_type kt  (cost=0.00..1.10 rows=4 width=4) (actual time=0.014..0.016 rows=4 loops=1)
                                                         Filter: ((kind)::text = ANY ('{episode,"tv movie","tv series","video movie"}'::text[]))
                                                         Rows Removed by Filter: 3
                                                         Buffers: shared hit=1
                                       ->  Index Scan using movie_id_movie_info on movie_info mi2  (cost=0.43..42.68 rows=1 width=8) (actual time=0.113..0.120 rows=0 loops=2377)
                                             Index Cond: (movie_id = t.id)
                                             Filter: ((info_type_id = 18) AND ((info)::text = ANY ('{"Atlanta, Georgia, USA","Austin, Texas, USA","Berlin, Germany","Las Vegas, Nevada, USA","London, England, UK","Miami, Florida, USA","Paris, France","Philadelphia, Pennsylvania, USA","Rome, Lazio, Italy","Toronto, Ontario, Canada",USA}'::text[])))
                                             Rows Removed by Filter: 11
                                             Buffers: shared hit=20074 read=7759
                                 ->  Seq Scan on info_type it1  (cost=0.00..2.41 rows=1 width=4) (actual time=0.016..0.017 rows=1 loops=183)
                                       Filter: (id = 105)
                                       Rows Removed by Filter: 112
                                       Buffers: shared hit=183
                           ->  Seq Scan on info_type it2  (cost=0.00..2.41 rows=1 width=4) (actual time=0.009..0.015 rows=1 loops=183)
                                 Filter: (id = 18)
                                 Rows Removed by Filter: 112
                                 Buffers: shared hit=183
                     ->  Index Scan using movie_id_cast_info on cast_info ci  (cost=0.44..43.32 rows=38 width=12) (actual time=0.046..0.245 rows=20 loops=183)
                           Index Cond: (movie_id = t.id)
                           Buffers: shared hit=1366 read=2778
               ->  Hash  (cost=1.18..1.18 rows=4 width=4) (actual time=0.041..0.041 rows=4 loops=1)
                     Buckets: 1024  Batches: 1  Memory Usage: 9kB
                     Buffers: shared hit=1
                     ->  Seq Scan on role_type rt  (cost=0.00..1.18 rows=4 width=4) (actual time=0.028..0.032 rows=4 loops=1)
                           Filter: ((role)::text = ANY ('{actor,editor,guest,"production designer"}'::text[]))
                           Rows Removed by Filter: 8
                           Buffers: shared hit=1
         ->  Index Scan using name_pkey on name n  (cost=0.43..2.32 rows=1 width=4) (actual time=0.038..0.038 rows=0 loops=1442)
               Index Cond: (id = ci.person_id)
               Filter: (((gender)::text = 'f'::text) OR (gender IS NULL))
               Rows Removed by Filter: 1
               Buffers: shared hit=3978 read=1790
 Planning:
   Buffers: shared hit=577
 Planning Time: 12.652 ms
 Execution Time: 797.412 ms
(73 rows)

