                                                                                                                   QUERY PLAN                                                                                                                    
-------------------------------------------------------------------------------------------------------------------------------------------------------------------------------------------------------------------------------------------------
 Aggregate  (cost=533981.94..533981.95 rows=1 width=8) (actual time=25694.644..25694.650 rows=1 loops=1)
   Buffers: shared hit=2237615 read=190753
   ->  Nested Loop  (cost=14219.23..533981.72 rows=89 width=0) (actual time=56.722..25692.779 rows=3341 loops=1)
         Buffers: shared hit=2237615 read=190753
         ->  Hash Join  (cost=14218.80..533095.66 rows=382 width=4) (actual time=43.456..20726.896 rows=121105 loops=1)
               Hash Cond: (ci.role_id = rt.id)
               Buffers: shared hit=1769195 read=174753
               ->  Nested Loop  (cost=14217.55..533091.15 rows=917 width=8) (actual time=43.356..20574.315 rows=636980 loops=1)
                     Buffers: shared hit=1769194 read=174753
                     ->  Nested Loop  (cost=14217.11..530220.33 rows=64 width=12) (actual time=43.330..12565.109 rows=37787 loops=1)
                           Buffers: shared hit=1119521 read=84040
                           ->  Seq Scan on info_type it2  (cost=0.00..2.41 rows=1 width=4) (actual time=0.032..0.041 rows=1 loops=1)
                                 Filter: (id = 2)
                                 Rows Removed by Filter: 112
                                 Buffers: shared hit=1
                           ->  Nested Loop  (cost=14217.11..530217.28 rows=64 width=16) (actual time=43.297..12555.109 rows=37787 loops=1)
                                 Buffers: shared hit=1119520 read=84040
                                 ->  Seq Scan on info_type it1  (cost=0.00..2.41 rows=1 width=4) (actual time=0.009..0.019 rows=1 loops=1)
                                       Filter: (id = 8)
                                       Rows Removed by Filter: 112
                                       Buffers: shared hit=1
                                 ->  Nested Loop  (cost=14217.11..530214.22 rows=64 width=20) (actual time=43.284..12545.175 rows=37787 loops=1)
                                       Buffers: shared hit=1119519 read=84040
                                       ->  Hash Join  (cost=14216.67..469126.89 rows=1420 width=12) (actual time=43.234..8289.145 rows=41017 loops=1)
                                             Hash Cond: (t.kind_id = kt.id)
                                             Buffers: shared hit=766265 read=36857
                                             ->  Nested Loop  (cost=14215.49..469117.34 rows=1988 width=16) (actual time=43.192..8265.297 rows=47296 loops=1)
                                                   Buffers: shared hit=766264 read=36857
                                                   ->  Bitmap Heap Scan on movie_info mi1  (cost=14215.05..386810.35 rows=13988 width=8) (actual time=36.658..484.494 rows=204752 loops=1)
                                                         Recheck Cond: (info_type_id = 8)
                                                         Filter: ((info)::text = ANY ('{Belgium,"East Germany",Egypt,Finland,France,Germany,"Hong Kong",Norway,Poland,Portugal,"South Korea","Soviet Union",Sweden,Turkey,Yugoslavia}'::text[]))
                                                         Rows Removed by Filter: 1120609
                                                         Heap Blocks: exact=7853
                                                         Buffers: shared hit=1897 read=6996
                                                         ->  Bitmap Index Scan on info_type_id_movie_info  (cost=0.00..14211.52 rows=1329478 width=0) (actual time=35.662..35.662 rows=1325361 loops=1)
                                                               Index Cond: (info_type_id = 8)
                                                               Buffers: shared hit=1 read=1039
                                                   ->  Memoize  (cost=0.44..5.98 rows=1 width=8) (actual time=0.038..0.038 rows=0 loops=204752)
                                                         Cache Key: mi1.movie_id
                                                         Cache Mode: logical
                                                         Hits: 6195  Misses: 198557  Evictions: 92789  Overflows: 0  Memory Usage: 8193kB
                                                         Buffers: shared hit=764367 read=29861
                                                         ->  Index Scan using title_pkey on title t  (cost=0.43..5.97 rows=1 width=8) (actual time=0.037..0.037 rows=0 loops=198557)
                                                               Index Cond: (id = mi1.movie_id)
                                                               Filter: ((production_year <= 1975) AND (production_year >= 1925))
                                                               Rows Removed by Filter: 1
                                                               Buffers: shared hit=764367 read=29861
                                             ->  Hash  (cost=1.11..1.11 rows=5 width=4) (actual time=0.018..0.019 rows=5 loops=1)
                                                   Buckets: 1024  Batches: 1  Memory Usage: 9kB
                                                   Buffers: shared hit=1
                                                   ->  Seq Scan on kind_type kt  (cost=0.00..1.11 rows=5 width=4) (actual time=0.008..0.011 rows=5 loops=1)
                                                         Filter: ((kind)::text = ANY ('{episode,movie,"tv series","video game","video movie"}'::text[]))
                                                         Rows Removed by Filter: 2
                                                         Buffers: shared hit=1
                                       ->  Index Scan using movie_id_movie_info on movie_info mi2  (cost=0.43..43.01 rows=1 width=8) (actual time=0.086..0.103 rows=1 loops=41017)
                                             Index Cond: (movie_id = t.id)
                                             Filter: (((info)::text = ANY ('{"Black and White",Color}'::text[])) AND (info_type_id = 2))
                                             Rows Removed by Filter: 9
                                             Buffers: shared hit=353254 read=47183
                     ->  Index Scan using movie_id_cast_info on cast_info ci  (cost=0.44..44.48 rows=38 width=12) (actual time=0.040..0.207 rows=17 loops=37787)
                           Index Cond: (movie_id = t.id)
                           Buffers: shared hit=649673 read=90713
               ->  Hash  (cost=1.20..1.20 rows=5 width=4) (actual time=0.040..0.040 rows=5 loops=1)
                     Buckets: 1024  Batches: 1  Memory Usage: 9kB
                     Buffers: shared hit=1
                     ->  Seq Scan on role_type rt  (cost=0.00..1.20 rows=5 width=4) (actual time=0.027..0.031 rows=5 loops=1)
                           Filter: ((role)::text = ANY ('{"costume designer",director,editor,guest,writer}'::text[]))
                           Rows Removed by Filter: 7
                           Buffers: shared hit=1
         ->  Index Scan using name_pkey on name n  (cost=0.43..2.32 rows=1 width=4) (actual time=0.040..0.040 rows=0 loops=121105)
               Index Cond: (id = ci.person_id)
               Filter: ((gender)::text = 'f'::text)
               Rows Removed by Filter: 1
               Buffers: shared hit=468420 read=16000
 Planning:
   Buffers: shared hit=577
 Planning Time: 13.942 ms
 Execution Time: 25696.881 ms
(78 rows)

