                                                                                                                                           QUERY PLAN                                                                                                                                           
------------------------------------------------------------------------------------------------------------------------------------------------------------------------------------------------------------------------------------------------------------------------------------------------
 Aggregate  (cost=493781.46..493781.47 rows=1 width=8) (actual time=3297.559..3297.566 rows=1 loops=1)
   Buffers: shared hit=260743 read=76045
   ->  Nested Loop  (cost=8155.16..493781.44 rows=8 width=0) (actual time=49.133..3297.128 rows=1934 loops=1)
         Buffers: shared hit=260743 read=76045
         ->  Hash Join  (cost=8154.73..493753.61 rows=12 width=4) (actual time=49.027..3101.858 rows=5433 loops=1)
               Hash Cond: (ci.role_id = rt.id)
               Buffers: shared hit=243056 read=72000
               ->  Nested Loop  (cost=8153.48..493752.25 rows=29 width=8) (actual time=33.438..3098.406 rows=14691 loops=1)
                     Buffers: shared hit=243055 read=72000
                     ->  Nested Loop  (cost=8153.04..493664.86 rows=2 width=12) (actual time=33.270..2885.641 rows=1216 loops=1)
                           Buffers: shared hit=233931 read=63139
                           ->  Seq Scan on info_type it2  (cost=0.00..2.41 rows=1 width=4) (actual time=0.028..0.036 rows=1 loops=1)
                                 Filter: (id = 1)
                                 Rows Removed by Filter: 112
                                 Buffers: shared hit=1
                           ->  Nested Loop  (cost=8153.04..493662.43 rows=2 width=16) (actual time=33.240..2885.299 rows=1216 loops=1)
                                 Buffers: shared hit=233930 read=63139
                                 ->  Seq Scan on info_type it1  (cost=0.00..2.41 rows=1 width=4) (actual time=0.008..0.018 rows=1 loops=1)
                                       Filter: (id = 8)
                                       Rows Removed by Filter: 112
                                       Buffers: shared hit=1
                                 ->  Nested Loop  (cost=8153.04..493660.00 rows=2 width=20) (actual time=33.229..2884.971 rows=1216 loops=1)
                                       Buffers: shared hit=233929 read=63139
                                       ->  Hash Join  (cost=8152.56..473871.49 rows=467 width=12) (actual time=25.623..1138.549 rows=19755 loops=1)
                                             Hash Cond: (t.kind_id = kt.id)
                                             Buffers: shared hit=84868 read=11657
                                             ->  Nested Loop  (cost=8151.37..473867.99 rows=545 width=16) (actual time=25.582..1131.455 rows=19755 loops=1)
                                                   Buffers: shared hit=84867 read=11657
                                                   ->  Bitmap Heap Scan on movie_info mi2  (cost=8150.94..468214.94 rows=683 width=8) (actual time=25.537..417.974 rows=22725 loops=1)
                                                         Recheck Cond: (info_type_id = 1)
                                                         Filter: ((info)::text = ANY ('{33,37,5,81,UK:30,UK:50,USA:14,USA:5,USA:6,USA:83}'::text[]))
                                                         Rows Removed by Filter: 779415
                                                         Heap Blocks: exact=4993
                                                         Buffers: shared hit=1763 read=3861
                                                         ->  Bitmap Index Scan on info_type_id_movie_info  (cost=0.00..8150.77 rows=762444 width=0) (actual time=24.677..24.677 rows=802140 loops=1)
                                                               Index Cond: (info_type_id = 1)
                                                               Buffers: shared hit=1 read=630
                                                   ->  Index Scan using title_pkey on title t  (cost=0.43..8.28 rows=1 width=8) (actual time=0.031..0.031 rows=1 loops=22725)
                                                         Index Cond: (id = mi2.movie_id)
                                                         Filter: ((production_year <= 2015) AND (production_year >= 1975))
                                                         Rows Removed by Filter: 0
                                                         Buffers: shared hit=83104 read=7796
                                             ->  Hash  (cost=1.12..1.12 rows=6 width=4) (actual time=0.017..0.018 rows=6 loops=1)
                                                   Buckets: 1024  Batches: 1  Memory Usage: 9kB
                                                   Buffers: shared hit=1
                                                   ->  Seq Scan on kind_type kt  (cost=0.00..1.12 rows=6 width=4) (actual time=0.008..0.010 rows=6 loops=1)
                                                         Filter: ((kind)::text = ANY ('{episode,movie,"tv movie","tv series","video game","video movie"}'::text[]))
                                                         Rows Removed by Filter: 1
                                                         Buffers: shared hit=1
                                       ->  Index Scan using movie_id_movie_info on movie_info mi1  (cost=0.47..42.36 rows=1 width=8) (actual time=0.087..0.088 rows=0 loops=19755)
                                             Index Cond: (movie_id = t.id)
                                             Filter: ((info_type_id = 8) AND ((info)::text = ANY ('{"Bosnia and Herzegovina","Czech Republic",Estonia,"Federal Republic of Yugoslavia",Finland,Germany,Greece,Israel,Norway,Philippines,"Soviet Union",Spain,Sweden,Taiwan,Uruguay}'::text[])))
                                             Rows Removed by Filter: 10
                                             Buffers: shared hit=149061 read=51482
                     ->  Index Scan using movie_id_cast_info on cast_info ci  (cost=0.44..43.32 rows=38 width=12) (actual time=0.041..0.172 rows=12 loops=1216)
                           Index Cond: (movie_id = t.id)
                           Buffers: shared hit=9124 read=8861
               ->  Hash  (cost=1.20..1.20 rows=5 width=4) (actual time=0.039..0.040 rows=5 loops=1)
                     Buckets: 1024  Batches: 1  Memory Usage: 9kB
                     Buffers: shared hit=1
                     ->  Seq Scan on role_type rt  (cost=0.00..1.20 rows=5 width=4) (actual time=0.026..0.030 rows=5 loops=1)
                           Filter: ((role)::text = ANY ('{cinematographer,composer,editor,producer,writer}'::text[]))
                           Rows Removed by Filter: 7
                           Buffers: shared hit=1
         ->  Index Scan using name_pkey on name n  (cost=0.43..2.32 rows=1 width=4) (actual time=0.035..0.035 rows=0 loops=5433)
               Index Cond: (id = ci.person_id)
               Filter: ((gender)::text = ANY ('{f,m}'::text[]))
               Rows Removed by Filter: 1
               Buffers: shared hit=17687 read=4045
 Planning:
   Buffers: shared hit=576 read=1
 Planning Time: 14.732 ms
 Execution Time: 3298.083 ms
(73 rows)

