                                                                                                          QUERY PLAN                                                                                                           
-------------------------------------------------------------------------------------------------------------------------------------------------------------------------------------------------------------------------------
 Aggregate  (cost=507448.71..507448.72 rows=1 width=8) (actual time=86498.421..86498.430 rows=1 loops=1)
   Buffers: shared hit=8254283 read=556709
   ->  Nested Loop  (cost=5097.12..507448.59 rows=47 width=0) (actual time=99.951..86492.879 rows=10091 loops=1)
         Buffers: shared hit=8254283 read=556709
         ->  Hash Join  (cost=5096.69..506982.37 rows=201 width=4) (actual time=16.066..73033.027 rows=349104 loops=1)
               Hash Cond: (ci.role_id = rt.id)
               Buffers: shared hit=6920664 read=493912
               ->  Nested Loop  (cost=5095.46..506979.00 rows=602 width=8) (actual time=15.992..72399.964 rows=2729175 loops=1)
                     Buffers: shared hit=6920663 read=493912
                     ->  Nested Loop  (cost=5095.02..505107.72 rows=42 width=12) (actual time=15.960..40292.019 rows=182923 loops=1)
                           Buffers: shared hit=4001269 read=182559
                           ->  Seq Scan on info_type it2  (cost=0.00..2.41 rows=1 width=4) (actual time=0.030..0.042 rows=1 loops=1)
                                 Filter: (id = 4)
                                 Rows Removed by Filter: 112
                                 Buffers: shared hit=1
                           ->  Nested Loop  (cost=5095.02..505104.89 rows=42 width=16) (actual time=15.929..40239.241 rows=182923 loops=1)
                                 Buffers: shared hit=4001268 read=182559
                                 ->  Seq Scan on info_type it1  (cost=0.00..2.41 rows=1 width=4) (actual time=0.008..0.020 rows=1 loops=1)
                                       Filter: (id = 6)
                                       Rows Removed by Filter: 112
                                       Buffers: shared hit=1
                                 ->  Nested Loop  (cost=5095.02..505102.05 rows=42 width=20) (actual time=15.919..40187.169 rows=182923 loops=1)
                                       Buffers: shared hit=4001267 read=182559
                                       ->  Hash Join  (cost=5094.58..443981.83 rows=1409 width=12) (actual time=15.800..13140.328 rows=269110 loops=1)
                                             Hash Cond: (t.kind_id = kt.id)
                                             Buffers: shared hit=1243160 read=44985
                                             ->  Nested Loop  (cost=5093.41..443972.34 rows=1973 width=16) (actual time=15.761..12991.337 rows=274730 loops=1)
                                                   Buffers: shared hit=1243159 read=44985
                                                   ->  Bitmap Heap Scan on movie_info mi1  (cost=5092.97..374663.39 rows=10908 width=8) (actual time=15.574..349.976 rows=322976 loops=1)
                                                         Recheck Cond: (info_type_id = 6)
                                                         Filter: ((info)::text = ANY ('{"4-Track Stereo","70 mm 6-Track",Mono,Silent}'::text[]))
                                                         Rows Removed by Filter: 151467
                                                         Heap Blocks: exact=3206
                                                         Buffers: shared hit=53 read=3527
                                                         ->  Bitmap Index Scan on info_type_id_movie_info  (cost=0.00..5090.24 rows=475974 width=0) (actual time=15.166..15.166 rows=474443 loops=1)
                                                               Index Cond: (info_type_id = 6)
                                                               Buffers: shared read=374
                                                   ->  Memoize  (cost=0.44..6.43 rows=1 width=8) (actual time=0.039..0.039 rows=1 loops=322976)
                                                         Cache Key: mi1.movie_id
                                                         Cache Mode: logical
                                                         Hits: 1835  Misses: 321141  Evictions: 239903  Overflows: 0  Memory Usage: 8193kB
                                                         Buffers: shared hit=1243106 read=41458
                                                         ->  Index Scan using title_pkey on title t  (cost=0.43..6.42 rows=1 width=8) (actual time=0.037..0.037 rows=1 loops=321141)
                                                               Index Cond: (id = mi1.movie_id)
                                                               Filter: ((production_year <= 1975) AND (production_year >= 1875))
                                                               Rows Removed by Filter: 0
                                                               Buffers: shared hit=1243106 read=41458
                                             ->  Hash  (cost=1.11..1.11 rows=5 width=4) (actual time=0.014..0.015 rows=5 loops=1)
                                                   Buckets: 1024  Batches: 1  Memory Usage: 9kB
                                                   Buffers: shared hit=1
                                                   ->  Seq Scan on kind_type kt  (cost=0.00..1.11 rows=5 width=4) (actual time=0.008..0.010 rows=5 loops=1)
                                                         Filter: ((kind)::text = ANY ('{episode,movie,"tv series","video game","video movie"}'::text[]))
                                                         Rows Removed by Filter: 2
                                                         Buffers: shared hit=1
                                       ->  Index Scan using movie_id_movie_info on movie_info mi2  (cost=0.43..43.37 rows=1 width=8) (actual time=0.061..0.100 rows=1 loops=269110)
                                             Index Cond: (movie_id = t.id)
                                             Filter: ((info_type_id = 4) AND ((info)::text = ANY ('{Czech,Dutch,English,Georgian,Hindi,Japanese,Mandarin,Polish,Portuguese,Russian,Serbo-Croatian,Spanish,Swedish}'::text[])))
                                             Rows Removed by Filter: 12
                                             Buffers: shared hit=2758107 read=137574
                     ->  Index Scan using movie_id_cast_info on cast_info ci  (cost=0.44..44.17 rows=38 width=12) (actual time=0.037..0.170 rows=15 loops=182923)
                           Index Cond: (movie_id = t.id)
                           Buffers: shared hit=2919394 read=311353
               ->  Hash  (cost=1.18..1.18 rows=4 width=4) (actual time=0.032..0.033 rows=4 loops=1)
                     Buckets: 1024  Batches: 1  Memory Usage: 9kB
                     Buffers: shared hit=1
                     ->  Seq Scan on role_type rt  (cost=0.00..1.18 rows=4 width=4) (actual time=0.024..0.027 rows=4 loops=1)
                           Filter: ((role)::text = ANY ('{"costume designer",director,editor,"miscellaneous crew"}'::text[]))
                           Rows Removed by Filter: 8
                           Buffers: shared hit=1
         ->  Index Scan using name_pkey on name n  (cost=0.43..2.32 rows=1 width=4) (actual time=0.038..0.038 rows=0 loops=349104)
               Index Cond: (id = ci.person_id)
               Filter: ((gender)::text = 'f'::text)
               Rows Removed by Filter: 1
               Buffers: shared hit=1333619 read=62797
 Planning:
   Buffers: shared hit=529 read=45
 Planning Time: 13.727 ms
 Execution Time: 86501.026 ms
(78 rows)

