                                                                                               QUERY PLAN                                                                                               
--------------------------------------------------------------------------------------------------------------------------------------------------------------------------------------------------------
 Aggregate  (cost=431626.71..431626.72 rows=1 width=8) (actual time=1284.072..1284.076 rows=1 loops=1)
   Buffers: shared hit=35327 read=35465
   ->  Nested Loop  (cost=32182.62..431626.71 rows=1 width=0) (actual time=788.679..1284.067 rows=3 loops=1)
         Buffers: shared hit=35327 read=35465
         ->  Hash Join  (cost=32182.19..431622.07 rows=2 width=4) (actual time=788.527..1283.174 rows=30 loops=1)
               Hash Cond: (ci.role_id = rt.id)
               Buffers: shared hit=35244 read=35428
               ->  Nested Loop  (cost=32181.01..431620.85 rows=14 width=8) (actual time=116.114..1282.419 rows=5672 loops=1)
                     Buffers: shared hit=35243 read=35428
                     ->  Nested Loop  (cost=32180.57..431576.30 rows=1 width=12) (actual time=116.077..1201.803 rows=1933 loops=1)
                           Buffers: shared hit=26036 read=33204
                           ->  Nested Loop  (cost=32180.57..431573.87 rows=1 width=16) (actual time=116.071..1175.781 rows=1933 loops=1)
                                 Buffers: shared hit=24103 read=33204
                                 ->  Nested Loop  (cost=32180.57..431571.45 rows=1 width=20) (actual time=116.051..1143.348 rows=1933 loops=1)
                                       Buffers: shared hit=22170 read=33204
                                       ->  Hash Join  (cost=32180.14..429420.47 rows=50 width=12) (actual time=98.798..991.605 rows=1988 loops=1)
                                             Hash Cond: (t.kind_id = kt.id)
                                             Buffers: shared hit=8694 read=27112
                                             ->  Nested Loop  (cost=32178.96..429419.00 rows=69 width=16) (actual time=98.766..990.766 rows=1988 loops=1)
                                                   Buffers: shared hit=8693 read=27112
                                                   ->  Bitmap Heap Scan on movie_info mi1  (cost=32178.53..426213.24 rows=384 width=8) (actual time=98.694..922.808 rows=1988 loops=1)
                                                         Recheck Cond: (info_type_id = 16)
                                                         Filter: ((info)::text = ANY ('{France:1908,France:1909,Italy:1913,USA:1954,"USA:January 1903"}'::text[]))
                                                         Rows Removed by Filter: 3034731
                                                         Heap Blocks: exact=25474
                                                         Buffers: shared hit=2977 read=24876
                                                         ->  Bitmap Index Scan on info_type_id_movie_info  (cost=0.00..32178.44 rows=3010400 width=0) (actual time=76.655..76.655 rows=3036719 loops=1)
                                                               Index Cond: (info_type_id = 16)
                                                               Buffers: shared read=2379
                                                   ->  Index Scan using title_pkey on title t  (cost=0.43..8.35 rows=1 width=8) (actual time=0.034..0.034 rows=1 loops=1988)
                                                         Index Cond: (id = mi1.movie_id)
                                                         Filter: ((production_year <= 1975) AND (production_year >= 1875))
                                                         Buffers: shared hit=5716 read=2236
                                             ->  Hash  (cost=1.11..1.11 rows=5 width=4) (actual time=0.014..0.015 rows=5 loops=1)
                                                   Buckets: 1024  Batches: 1  Memory Usage: 9kB
                                                   Buffers: shared hit=1
                                                   ->  Seq Scan on kind_type kt  (cost=0.00..1.11 rows=5 width=4) (actual time=0.007..0.009 rows=5 loops=1)
                                                         Filter: ((kind)::text = ANY ('{episode,movie,"tv movie","tv series","video movie"}'::text[]))
                                                         Rows Removed by Filter: 2
                                                         Buffers: shared hit=1
                                       ->  Index Scan using movie_id_movie_info on movie_info mi2  (cost=0.43..43.01 rows=1 width=8) (actual time=0.035..0.076 rows=1 loops=1988)
                                             Index Cond: (movie_id = t.id)
                                             Filter: ((info_type_id = 6) AND ((info)::text = ANY ('{"4-Track Stereo","70 mm 6-Track","Dolby Digital",Mono,Silent,Stereo}'::text[])))
                                             Rows Removed by Filter: 10
                                             Buffers: shared hit=13476 read=6092
                                 ->  Seq Scan on info_type it1  (cost=0.00..2.41 rows=1 width=4) (actual time=0.010..0.016 rows=1 loops=1933)
                                       Filter: (id = 16)
                                       Rows Removed by Filter: 112
                                       Buffers: shared hit=1933
                           ->  Seq Scan on info_type it2  (cost=0.00..2.41 rows=1 width=4) (actual time=0.006..0.012 rows=1 loops=1933)
                                 Filter: (id = 6)
                                 Rows Removed by Filter: 112
                                 Buffers: shared hit=1933
                     ->  Index Scan using movie_id_cast_info on cast_info ci  (cost=0.44..44.17 rows=38 width=12) (actual time=0.026..0.041 rows=3 loops=1933)
                           Index Cond: (movie_id = t.id)
                           Buffers: shared hit=9207 read=2224
               ->  Hash  (cost=1.15..1.15 rows=2 width=4) (actual time=0.030..0.030 rows=2 loops=1)
                     Buckets: 1024  Batches: 1  Memory Usage: 9kB
                     Buffers: shared hit=1
                     ->  Seq Scan on role_type rt  (cost=0.00..1.15 rows=2 width=4) (actual time=0.022..0.023 rows=2 loops=1)
                           Filter: ((role)::text = ANY ('{"costume designer","production designer"}'::text[]))
                           Rows Removed by Filter: 10
                           Buffers: shared hit=1
         ->  Index Scan using name_pkey on name n  (cost=0.43..2.32 rows=1 width=4) (actual time=0.029..0.029 rows=0 loops=30)
               Index Cond: (id = ci.person_id)
               Filter: ((gender)::text = 'm'::text)
               Rows Removed by Filter: 1
               Buffers: shared hit=83 read=37
 Planning:
   Buffers: shared hit=483 read=91
 Planning Time: 11.400 ms
 Execution Time: 1284.551 ms
(72 rows)

