                                                                                                      QUERY PLAN                                                                                                      
----------------------------------------------------------------------------------------------------------------------------------------------------------------------------------------------------------------------
 Aggregate  (cost=650760.94..650760.95 rows=1 width=8) (actual time=16484.787..16484.793 rows=1 loops=1)
   Buffers: shared hit=1186681 read=255636
   ->  Nested Loop  (cost=14216.75..650760.89 rows=18 width=0) (actual time=278.242..16483.406 rows=3078 loops=1)
         Buffers: shared hit=1186681 read=255636
         ->  Seq Scan on info_type it2  (cost=0.00..2.41 rows=1 width=4) (actual time=0.049..0.055 rows=1 loops=1)
               Filter: (id = 8)
               Rows Removed by Filter: 112
               Buffers: shared hit=1
         ->  Nested Loop  (cost=14216.75..650758.30 rows=18 width=4) (actual time=278.191..16482.484 rows=3078 loops=1)
               Buffers: shared hit=1186680 read=255636
               ->  Seq Scan on info_type it1  (cost=0.00..2.41 rows=1 width=4) (actual time=0.009..0.018 rows=1 loops=1)
                     Filter: (id = 3)
                     Rows Removed by Filter: 112
                     Buffers: shared hit=1
               ->  Nested Loop  (cost=14216.75..650755.71 rows=18 width=8) (actual time=278.178..16481.536 rows=3078 loops=1)
                     Buffers: shared hit=1186679 read=255636
                     ->  Hash Join  (cost=14216.32..650579.42 rows=76 width=12) (actual time=175.869..14582.610 rows=43905 loops=1)
                           Hash Cond: (ci.role_id = rt.id)
                           Buffers: shared hit=1028372 read=238323
                           ->  Nested Loop  (cost=14215.15..650575.01 rows=917 width=16) (actual time=175.727..14504.368 rows=416881 loops=1)
                                 Buffers: shared hit=1028371 read=238323
                                 ->  Nested Loop  (cost=14214.71..647778.48 rows=64 width=20) (actual time=175.678..8882.138 rows=22204 loops=1)
                                       Buffers: shared hit=683410 read=113420
                                       ->  Hash Join  (cost=14214.25..540253.11 rows=2538 width=12) (actual time=37.098..3717.472 rows=55101 loops=1)
                                             Hash Cond: (t.kind_id = kt.id)
                                             Buffers: shared hit=246346 read=39008
                                             ->  Nested Loop  (cost=14213.07..540236.96 rows=3553 width=16) (actual time=36.880..3691.267 rows=60296 loops=1)
                                                   Buffers: shared hit=246345 read=39008
                                                   ->  Bitmap Heap Scan on movie_info mi2  (cost=14212.63..507260.67 rows=4450 width=8) (actual time=36.845..846.138 rows=69831 loops=1)
                                                         Recheck Cond: (info_type_id = 8)
                                                         Filter: ((info)::text = ANY ('{Australia,"Bosnia and Herzegovina",Croatia,Cuba,Estonia,Finland,Ireland,Malaysia,Pakistan,Slovakia,Sweden,Taiwan}'::text[]))
                                                         Rows Removed by Filter: 1255530
                                                         Heap Blocks: exact=7853
                                                         Buffers: shared hit=239 read=8654
                                                         ->  Bitmap Index Scan on info_type_id_movie_info  (cost=0.00..14211.52 rows=1329478 width=0) (actual time=35.855..35.855 rows=1325361 loops=1)
                                                               Index Cond: (info_type_id = 8)
                                                               Buffers: shared hit=1 read=1039
                                                   ->  Memoize  (cost=0.44..7.44 rows=1 width=8) (actual time=0.040..0.040 rows=1 loops=69831)
                                                         Cache Key: mi2.movie_id
                                                         Cache Mode: logical
                                                         Hits: 716  Misses: 69115  Evictions: 0  Overflows: 0  Memory Usage: 6919kB
                                                         Buffers: shared hit=246106 read=30354
                                                         ->  Index Scan using title_pkey on title t  (cost=0.43..7.43 rows=1 width=8) (actual time=0.039..0.039 rows=1 loops=69115)
                                                               Index Cond: (id = mi2.movie_id)
                                                               Filter: ((production_year <= 2015) AND (production_year >= 1975))
                                                               Rows Removed by Filter: 0
                                                               Buffers: shared hit=246106 read=30354
                                             ->  Hash  (cost=1.11..1.11 rows=5 width=4) (actual time=0.021..0.021 rows=5 loops=1)
                                                   Buckets: 1024  Batches: 1  Memory Usage: 9kB
                                                   Buffers: shared hit=1
                                                   ->  Seq Scan on kind_type kt  (cost=0.00..1.11 rows=5 width=4) (actual time=0.010..0.013 rows=5 loops=1)
                                                         Filter: ((kind)::text = ANY ('{episode,movie,"tv movie","video game","video movie"}'::text[]))
                                                         Rows Removed by Filter: 2
                                                         Buffers: shared hit=1
                                       ->  Index Scan using movie_id_movie_info on movie_info mi1  (cost=0.46..42.36 rows=1 width=8) (actual time=0.093..0.093 rows=0 loops=55101)
                                             Index Cond: (movie_id = t.id)
                                             Filter: ((info_type_id = 3) AND ((info)::text = ANY ('{Adult,Adventure,Biography,Comedy,Documentary,Fantasy,Horror,Mystery,News,Reality-TV,Thriller,Western}'::text[])))
                                             Rows Removed by Filter: 9
                                             Buffers: shared hit=437064 read=74412
                                 ->  Index Scan using movie_id_cast_info on cast_info ci  (cost=0.44..43.32 rows=38 width=12) (actual time=0.044..0.248 rows=19 loops=22204)
                                       Index Cond: (movie_id = t.id)
                                       Buffers: shared hit=344961 read=124903
                           ->  Hash  (cost=1.15..1.15 rows=1 width=4) (actual time=0.017..0.018 rows=1 loops=1)
                                 Buckets: 1024  Batches: 1  Memory Usage: 9kB
                                 Buffers: shared hit=1
                                 ->  Seq Scan on role_type rt  (cost=0.00..1.15 rows=1 width=4) (actual time=0.010..0.012 rows=1 loops=1)
                                       Filter: ((role)::text = 'producer'::text)
                                       Rows Removed by Filter: 11
                                       Buffers: shared hit=1
                     ->  Index Scan using name_pkey on name n  (cost=0.43..2.32 rows=1 width=4) (actual time=0.043..0.043 rows=0 loops=43905)
                           Index Cond: (id = ci.person_id)
                           Filter: ((gender)::text = 'f'::text)
                           Rows Removed by Filter: 1
                           Buffers: shared hit=158307 read=17313
 Planning:
   Buffers: shared hit=576 read=1
 Planning Time: 12.774 ms
 Execution Time: 16486.264 ms
(78 rows)

