                                                                                                          QUERY PLAN                                                                                                          
------------------------------------------------------------------------------------------------------------------------------------------------------------------------------------------------------------------------------
 Aggregate  (cost=378821.34..378821.35 rows=1 width=8) (actual time=6283.521..6283.528 rows=1 loops=1)
   Buffers: shared hit=468483 read=171299
   ->  Nested Loop  (cost=4697.52..378821.34 rows=1 width=0) (actual time=91.662..6282.886 rows=1081 loops=1)
         Buffers: shared hit=468483 read=171299
         ->  Hash Join  (cost=4697.09..378819.02 rows=1 width=4) (actual time=91.600..6235.171 rows=1151 loops=1)
               Hash Cond: (ci.role_id = rt.id)
               Buffers: shared hit=464757 read=170421
               ->  Nested Loop  (cost=4695.93..378817.81 rows=14 width=8) (actual time=76.184..6218.177 rows=112326 loops=1)
                     Buffers: shared hit=464756 read=170421
                     ->  Nested Loop  (cost=4695.49..378774.12 rows=1 width=12) (actual time=76.130..5020.863 rows=2015 loops=1)
                           Buffers: shared hit=398369 read=121842
                           ->  Nested Loop  (cost=4695.49..378771.69 rows=1 width=16) (actual time=76.115..4984.103 rows=2015 loops=1)
                                 Buffers: shared hit=396354 read=121842
                                 ->  Nested Loop  (cost=4695.49..378769.27 rows=1 width=20) (actual time=76.083..4944.550 rows=2015 loops=1)
                                       Buffers: shared hit=394339 read=121842
                                       ->  Hash Join  (cost=4695.06..375174.29 rows=84 width=12) (actual time=55.326..1221.021 rows=21574 loops=1)
                                             Hash Cond: (t.kind_id = kt.id)
                                             Buffers: shared hit=94183 read=23754
                                             ->  Nested Loop  (cost=4693.86..375172.68 rows=98 width=16) (actual time=55.215..1211.846 rows=21574 loops=1)
                                                   Buffers: shared hit=94182 read=23754
                                                   ->  Bitmap Heap Scan on movie_info mi1  (cost=4693.43..374133.02 rows=123 width=8) (actual time=54.993..404.734 rows=24591 loops=1)
                                                         Recheck Cond: (info_type_id = 5)
                                                         Filter: ((info)::text = ANY ('{Germany:12,Germany:16,Hungary:16,India:A,Malaysia:U,"New Zealand:PG",Portugal:M/6,Spain:X,Sweden:11,USA:TV-Y7,USA:Unrated}'::text[]))
                                                         Rows Removed by Filter: 461963
                                                         Heap Blocks: exact=19164
                                                         Buffers: shared hit=3858 read=15714
                                                         ->  Bitmap Index Scan on info_type_id_movie_info  (cost=0.00..4693.37 rows=439058 width=0) (actual time=47.554..47.554 rows=486554 loops=1)
                                                               Index Cond: (info_type_id = 5)
                                                               Buffers: shared read=408
                                                   ->  Index Scan using title_pkey on title t  (cost=0.43..8.45 rows=1 width=8) (actual time=0.032..0.032 rows=1 loops=24591)
                                                         Index Cond: (id = mi1.movie_id)
                                                         Filter: ((production_year <= 2015) AND (production_year >= 1975))
                                                         Rows Removed by Filter: 0
                                                         Buffers: shared hit=90324 read=8040
                                             ->  Hash  (cost=1.12..1.12 rows=6 width=4) (actual time=0.075..0.076 rows=6 loops=1)
                                                   Buckets: 1024  Batches: 1  Memory Usage: 9kB
                                                   Buffers: shared hit=1
                                                   ->  Seq Scan on kind_type kt  (cost=0.00..1.12 rows=6 width=4) (actual time=0.058..0.063 rows=6 loops=1)
                                                         Filter: ((kind)::text = ANY ('{episode,movie,"tv movie","tv series","video game","video movie"}'::text[]))
                                                         Rows Removed by Filter: 1
                                                         Buffers: shared hit=1
                                       ->  Index Scan using movie_id_movie_info on movie_info mi2  (cost=0.43..42.79 rows=1 width=8) (actual time=0.171..0.172 rows=0 loops=21574)
                                             Index Cond: (movie_id = t.id)
                                             Filter: ((info_type_id = 8) AND ((info)::text = ANY ('{Austria,Brazil,China,Denmark,Iceland,Ireland,Philippines,Poland,Portugal,Romania,Spain,Turkey,"West Germany"}'::text[])))
                                             Rows Removed by Filter: 86
                                             Buffers: shared hit=300156 read=98088
                                 ->  Seq Scan on info_type it1  (cost=0.00..2.41 rows=1 width=4) (actual time=0.010..0.017 rows=1 loops=2015)
                                       Filter: (id = 5)
                                       Rows Removed by Filter: 112
                                       Buffers: shared hit=2015
                           ->  Seq Scan on info_type it2  (cost=0.00..2.41 rows=1 width=4) (actual time=0.009..0.016 rows=1 loops=2015)
                                 Filter: (id = 8)
                                 Rows Removed by Filter: 112
                                 Buffers: shared hit=2015
                     ->  Index Scan using movie_id_cast_info on cast_info ci  (cost=0.44..43.32 rows=38 width=12) (actual time=0.036..0.581 rows=56 loops=2015)
                           Index Cond: (movie_id = t.id)
                           Buffers: shared hit=66387 read=48579
               ->  Hash  (cost=1.15..1.15 rows=1 width=4) (actual time=0.099..0.100 rows=1 loops=1)
                     Buckets: 1024  Batches: 1  Memory Usage: 9kB
                     Buffers: shared hit=1
                     ->  Seq Scan on role_type rt  (cost=0.00..1.15 rows=1 width=4) (actual time=0.090..0.091 rows=1 loops=1)
                           Filter: ((role)::text = 'production designer'::text)
                           Rows Removed by Filter: 11
                           Buffers: shared hit=1
         ->  Index Scan using name_pkey on name n  (cost=0.43..2.32 rows=1 width=4) (actual time=0.040..0.040 rows=1 loops=1151)
               Index Cond: (id = ci.person_id)
               Filter: (((gender)::text = 'm'::text) OR (gender IS NULL))
               Rows Removed by Filter: 0
               Buffers: shared hit=3726 read=878
 Planning:
   Buffers: shared hit=532 read=45
 Planning Time: 16.419 ms
 Execution Time: 6284.587 ms
(73 rows)

