                                                                                                                                                                                                                                                     QUERY PLAN                                                                                                                                                                                                                                                      
---------------------------------------------------------------------------------------------------------------------------------------------------------------------------------------------------------------------------------------------------------------------------------------------------------------------------------------------------------------------------------------------------------------------------------------------------------------------------------------------------------------------
 Aggregate  (cost=393350.28..393350.29 rows=1 width=8) (actual time=841.397..841.406 rows=1 loops=1)
   Buffers: shared hit=60969 read=23929
   ->  Nested Loop  (cost=7081.81..393350.27 rows=2 width=0) (actual time=455.772..841.233 rows=2170 loops=1)
         Buffers: shared hit=60969 read=23929
         ->  Hash Join  (cost=7081.38..393345.63 rows=2 width=4) (actual time=455.732..768.983 rows=2170 loops=1)
               Hash Cond: (ci.role_id = rt.id)
               Buffers: shared hit=55268 read=20950
               ->  Nested Loop  (cost=7080.20..393344.41 rows=14 width=8) (actual time=455.653..768.416 rows=2687 loops=1)
                     Buffers: shared hit=55267 read=20950
                     ->  Nested Loop  (cost=7079.76..393299.55 rows=1 width=12) (actual time=455.608..742.112 rows=47 loops=1)
                           Buffers: shared hit=54269 read=19156
                           ->  Nested Loop  (cost=7079.76..393297.13 rows=1 width=16) (actual time=455.596..741.636 rows=47 loops=1)
                                 Buffers: shared hit=54222 read=19156
                                 ->  Nested Loop  (cost=7079.76..393294.71 rows=1 width=20) (actual time=455.575..741.066 rows=47 loops=1)
                                       Buffers: shared hit=54175 read=19156
                                       ->  Hash Join  (cost=7079.30..392906.39 rows=9 width=12) (actual time=22.406..563.002 rows=1265 loops=1)
                                             Hash Cond: (t.kind_id = kt.id)
                                             Buffers: shared hit=38630 read=12811
                                             ->  Nested Loop  (cost=7078.13..392905.16 rows=12 width=16) (actual time=22.346..561.375 rows=9329 loops=1)
                                                   Buffers: shared hit=38629 read=12811
                                                   ->  Bitmap Heap Scan on movie_info mi2  (cost=7077.70..392195.15 rows=84 width=8) (actual time=22.310..220.333 rows=10987 loops=1)
                                                         Recheck Cond: (info_type_id = 18)
                                                         Filter: ((info)::text = ANY ('{"Hal Roach Studios - 8822 Washington Blvd., Culver City, California, USA","Metro-Goldwyn-Mayer Studios - 10202 W. Washington Blvd., Culver City, California, USA","Republic Studios - 4024 Radford Avenue, North Hollywood, Los Angeles, California, USA","Revue Studios, Hollywood, Los Angeles, California, USA","Stage 28, Warner Brothers Burbank Studios - 4000 Warner Boulevard, Burbank, California, USA"}'::text[]))
                                                         Rows Removed by Filter: 649936
                                                         Heap Blocks: exact=6972
                                                         Buffers: shared hit=3100 read=4392
                                                         ->  Bitmap Index Scan on info_type_id_movie_info  (cost=0.00..7077.68 rows=662032 width=0) (actual time=20.749..20.749 rows=660923 loops=1)
                                                               Index Cond: (info_type_id = 18)
                                                               Buffers: shared read=520
                                                   ->  Index Scan using title_pkey on title t  (cost=0.43..8.45 rows=1 width=8) (actual time=0.031..0.031 rows=1 loops=10987)
                                                         Index Cond: (id = mi2.movie_id)
                                                         Filter: ((production_year <= 1975) AND (production_year >= 1925))
                                                         Rows Removed by Filter: 0
                                                         Buffers: shared hit=35529 read=8419
                                             ->  Hash  (cost=1.11..1.11 rows=5 width=4) (actual time=0.031..0.033 rows=5 loops=1)
                                                   Buckets: 1024  Batches: 1  Memory Usage: 9kB
                                                   Buffers: shared hit=1
                                                   ->  Seq Scan on kind_type kt  (cost=0.00..1.11 rows=5 width=4) (actual time=0.015..0.018 rows=5 loops=1)
                                                         Filter: ((kind)::text = ANY ('{movie,"tv movie","tv series","video game","video movie"}'::text[]))
                                                         Rows Removed by Filter: 2
                                                         Buffers: shared hit=1
                                       ->  Index Scan using movie_id_movie_info on movie_info mi1  (cost=0.46..43.14 rows=1 width=8) (actual time=0.135..0.140 rows=0 loops=1265)
                                             Index Cond: (movie_id = t.id)
                                             Filter: ((info_type_id = 4) AND ((info)::text = ANY ('{Czech,Dutch,Filipino,Finnish,German,Italian,Polish,Portuguese,Swedish,Tagalog}'::text[])))
                                             Rows Removed by Filter: 39
                                             Buffers: shared hit=15545 read=6345
                                 ->  Seq Scan on info_type it1  (cost=0.00..2.41 rows=1 width=4) (actual time=0.005..0.009 rows=1 loops=47)
                                       Filter: (id = 4)
                                       Rows Removed by Filter: 112
                                       Buffers: shared hit=47
                           ->  Seq Scan on info_type it2  (cost=0.00..2.41 rows=1 width=4) (actual time=0.004..0.009 rows=1 loops=47)
                                 Filter: (id = 18)
                                 Rows Removed by Filter: 112
                                 Buffers: shared hit=47
                     ->  Index Scan using movie_id_cast_info on cast_info ci  (cost=0.44..44.48 rows=38 width=12) (actual time=0.035..0.550 rows=57 loops=47)
                           Index Cond: (movie_id = t.id)
                           Buffers: shared hit=998 read=1794
               ->  Hash  (cost=1.15..1.15 rows=2 width=4) (actual time=0.047..0.048 rows=2 loops=1)
                     Buckets: 1024  Batches: 1  Memory Usage: 9kB
                     Buffers: shared hit=1
                     ->  Seq Scan on role_type rt  (cost=0.00..1.15 rows=2 width=4) (actual time=0.034..0.038 rows=2 loops=1)
                           Filter: ((role)::text = ANY ('{actor,actress}'::text[]))
                           Rows Removed by Filter: 10
                           Buffers: shared hit=1
         ->  Index Scan using name_pkey on name n  (cost=0.43..2.32 rows=1 width=4) (actual time=0.033..0.033 rows=1 loops=2170)
               Index Cond: (id = ci.person_id)
               Filter: (((gender)::text = ANY ('{f,m}'::text[])) OR (gender IS NULL))
               Buffers: shared hit=5701 read=2979
 Planning:
   Buffers: shared hit=507 read=70
 Planning Time: 14.035 ms
 Execution Time: 842.063 ms
(72 rows)

