                                                                                                 QUERY PLAN                                                                                                 
------------------------------------------------------------------------------------------------------------------------------------------------------------------------------------------------------------
 Aggregate  (cost=515906.15..515906.16 rows=1 width=8) (actual time=24204.717..24204.726 rows=1 loops=1)
   Buffers: shared hit=2402280 read=107806
   ->  Nested Loop  (cost=5097.70..515905.94 rows=86 width=0) (actual time=116.764..24201.621 rows=14328 loops=1)
         Buffers: shared hit=2402280 read=107806
         ->  Hash Join  (cost=5097.27..515506.98 rows=172 width=4) (actual time=116.690..23462.257 rows=18724 loops=1)
               Hash Cond: (ci.role_id = rt.id)
               Buffers: shared hit=2340310 read=94880
               ->  Nested Loop  (cost=5096.04..515503.92 rows=516 width=8) (actual time=116.520..23446.472 rows=47842 loops=1)
                     Buffers: shared hit=2340309 read=94880
                     ->  Nested Loop  (cost=5095.60..513899.96 rows=36 width=12) (actual time=116.450..22754.390 rows=2994 loops=1)
                           Buffers: shared hit=2310280 read=69425
                           ->  Seq Scan on info_type it2  (cost=0.00..2.41 rows=1 width=4) (actual time=0.031..0.044 rows=1 loops=1)
                                 Filter: (id = 3)
                                 Rows Removed by Filter: 112
                                 Buffers: shared hit=1
                           ->  Nested Loop  (cost=5095.60..513897.19 rows=36 width=16) (actual time=116.418..22753.279 rows=2994 loops=1)
                                 Buffers: shared hit=2310279 read=69425
                                 ->  Seq Scan on info_type it1  (cost=0.00..2.41 rows=1 width=4) (actual time=0.014..0.029 rows=1 loops=1)
                                       Filter: (id = 6)
                                       Rows Removed by Filter: 112
                                       Buffers: shared hit=1
                                 ->  Nested Loop  (cost=5095.60..513894.41 rows=36 width=20) (actual time=116.399..22751.902 rows=2994 loops=1)
                                       Buffers: shared hit=2310278 read=69425
                                       ->  Hash Join  (cost=5095.17..454303.45 rows=1377 width=12) (actual time=15.859..15488.851 rows=74631 loops=1)
                                             Hash Cond: (t.kind_id = kt.id)
                                             Buffers: shared hit=1578321 read=33116
                                             ->  Nested Loop  (cost=5094.01..454292.14 rows=2410 width=16) (actual time=15.801..15403.705 rows=274934 loops=1)
                                                   Buffers: shared hit=1578320 read=33116
                                                   ->  Bitmap Heap Scan on movie_info mi1  (cost=5093.57..374663.99 rows=13324 width=8) (actual time=15.232..309.702 rows=404413 loops=1)
                                                         Recheck Cond: (info_type_id = 6)
                                                         Filter: ((info)::text = ANY ('{"70 mm 6-Track",Mono,Silent,Stereo}'::text[]))
                                                         Rows Removed by Filter: 70030
                                                         Heap Blocks: exact=3206
                                                         Buffers: shared hit=1707 read=1873
                                                         ->  Bitmap Index Scan on info_type_id_movie_info  (cost=0.00..5090.24 rows=475974 width=0) (actual time=14.879..14.879 rows=474443 loops=1)
                                                               Index Cond: (info_type_id = 6)
                                                               Buffers: shared hit=1 read=373
                                                   ->  Memoize  (cost=0.44..6.07 rows=1 width=8) (actual time=0.037..0.037 rows=1 loops=404413)
                                                         Cache Key: mi1.movie_id
                                                         Cache Mode: logical
                                                         Hits: 2449  Misses: 401964  Evictions: 316492  Overflows: 0  Memory Usage: 8193kB
                                                         Buffers: shared hit=1576613 read=31243
                                                         ->  Index Scan using title_pkey on title t  (cost=0.43..6.06 rows=1 width=8) (actual time=0.035..0.035 rows=1 loops=401964)
                                                               Index Cond: (id = mi1.movie_id)
                                                               Filter: ((production_year <= 1975) AND (production_year >= 1875))
                                                               Rows Removed by Filter: 0
                                                               Buffers: shared hit=1576613 read=31243
                                             ->  Hash  (cost=1.10..1.10 rows=4 width=4) (actual time=0.015..0.016 rows=4 loops=1)
                                                   Buckets: 1024  Batches: 1  Memory Usage: 9kB
                                                   Buffers: shared hit=1
                                                   ->  Seq Scan on kind_type kt  (cost=0.00..1.10 rows=4 width=4) (actual time=0.009..0.011 rows=4 loops=1)
                                                         Filter: ((kind)::text = ANY ('{episode,"tv movie","video game","video movie"}'::text[]))
                                                         Rows Removed by Filter: 3
                                                         Buffers: shared hit=1
                                       ->  Index Scan using movie_id_movie_info on movie_info mi2  (cost=0.43..43.27 rows=1 width=8) (actual time=0.097..0.097 rows=0 loops=74631)
                                             Index Cond: (movie_id = t.id)
                                             Filter: ((info_type_id = 3) AND ((info)::text = ANY ('{Adult,Adventure,Animation,Biography,Comedy,Documentary,Family,History,News,Sci-Fi,Thriller}'::text[])))
                                             Rows Removed by Filter: 10
                                             Buffers: shared hit=731957 read=36309
                     ->  Index Scan using movie_id_cast_info on cast_info ci  (cost=0.44..44.17 rows=38 width=12) (actual time=0.044..0.225 rows=16 loops=2994)
                           Index Cond: (movie_id = t.id)
                           Buffers: shared hit=30029 read=25455
               ->  Hash  (cost=1.18..1.18 rows=4 width=4) (actual time=0.042..0.042 rows=4 loops=1)
                     Buckets: 1024  Batches: 1  Memory Usage: 9kB
                     Buffers: shared hit=1
                     ->  Seq Scan on role_type rt  (cost=0.00..1.18 rows=4 width=4) (actual time=0.031..0.035 rows=4 loops=1)
                           Filter: ((role)::text = ANY ('{actress,"miscellaneous crew",producer,writer}'::text[]))
                           Rows Removed by Filter: 8
                           Buffers: shared hit=1
         ->  Index Scan using name_pkey on name n  (cost=0.43..2.32 rows=1 width=4) (actual time=0.039..0.039 rows=1 loops=18724)
               Index Cond: (id = ci.person_id)
               Filter: (((gender)::text = 'f'::text) OR (gender IS NULL))
               Rows Removed by Filter: 0
               Buffers: shared hit=61970 read=12926
 Planning:
   Buffers: shared hit=574
 Planning Time: 12.947 ms
 Execution Time: 24207.512 ms
(78 rows)

