                                                                                                             QUERY PLAN                                                                                                             
------------------------------------------------------------------------------------------------------------------------------------------------------------------------------------------------------------------------------------
 Aggregate  (cost=482879.84..482879.85 rows=1 width=8) (actual time=3523.532..3523.539 rows=1 loops=1)
   Buffers: shared hit=309359 read=49024
   ->  Nested Loop  (cost=15875.22..482879.78 rows=26 width=0) (actual time=64.075..3522.871 rows=4779 loops=1)
         Buffers: shared hit=309359 read=49024
         ->  Hash Join  (cost=15874.79..482782.36 rows=42 width=4) (actual time=64.017..3272.325 rows=7064 loops=1)
               Hash Cond: (ci.role_id = rt.id)
               Buffers: shared hit=287572 read=42555
               ->  Nested Loop  (cost=15873.53..482780.75 rows=100 width=8) (actual time=63.962..3269.684 rows=9807 loops=1)
                     Buffers: shared hit=287571 read=42555
                     ->  Nested Loop  (cost=15873.09..482475.13 rows=7 width=12) (actual time=63.880..3147.735 rows=459 loops=1)
                           Buffers: shared hit=283708 read=35589
                           ->  Seq Scan on info_type it2  (cost=0.00..2.41 rows=1 width=4) (actual time=0.029..0.036 rows=1 loops=1)
                                 Filter: (id = 7)
                                 Rows Removed by Filter: 112
                                 Buffers: shared hit=1
                           ->  Nested Loop  (cost=15873.09..482472.65 rows=7 width=16) (actual time=63.849..3147.553 rows=459 loops=1)
                                 Buffers: shared hit=283707 read=35589
                                 ->  Seq Scan on info_type it1  (cost=0.00..2.41 rows=1 width=4) (actual time=0.008..0.016 rows=1 loops=1)
                                       Filter: (id = 8)
                                       Rows Removed by Filter: 112
                                       Buffers: shared hit=1
                                 ->  Nested Loop  (cost=15873.09..482470.17 rows=7 width=20) (actual time=63.839..3147.388 rows=459 loops=1)
                                       Buffers: shared hit=283706 read=35589
                                       ->  Hash Join  (cost=15872.63..424250.69 rows=1375 width=12) (actual time=36.465..1369.706 rows=19612 loops=1)
                                             Hash Cond: (t.kind_id = kt.id)
                                             Buffers: shared hit=101739 read=8651
                                             ->  Nested Loop  (cost=15871.47..424239.39 rows=2407 width=16) (actual time=36.361..1360.651 rows=25108 loops=1)
                                                   Buffers: shared hit=101738 read=8651
                                                   ->  Bitmap Heap Scan on movie_info mi2  (cost=15871.03..404111.67 rows=2576 width=8) (actual time=36.324..538.014 rows=25145 loops=1)
                                                         Recheck Cond: (info_type_id = 7)
                                                         Filter: ((info)::text = ANY ('{"LAB:Fotofilm S.A., Madrid, Spain",PCS:DV,PFM:DVD-ROM,PFM:Video,"RAT:1.78 : 1 / (anamorphic)"}'::text[]))
                                                         Rows Removed by Filter: 1376757
                                                         Heap Blocks: exact=10050
                                                         Buffers: shared hit=3005 read=8144
                                                         ->  Bitmap Index Scan on info_type_id_movie_info  (cost=0.00..15870.39 rows=1484527 width=0) (actual time=34.927..34.927 rows=1401902 loops=1)
                                                               Index Cond: (info_type_id = 7)
                                                               Buffers: shared read=1099
                                                   ->  Memoize  (cost=0.44..7.83 rows=1 width=8) (actual time=0.032..0.032 rows=1 loops=25145)
                                                         Cache Key: mi2.movie_id
                                                         Cache Mode: logical
                                                         Hits: 335  Misses: 24810  Evictions: 0  Overflows: 0  Memory Usage: 2616kB
                                                         Buffers: shared hit=98733 read=507
                                                         ->  Index Scan using title_pkey on title t  (cost=0.43..7.82 rows=1 width=8) (actual time=0.031..0.031 rows=1 loops=24810)
                                                               Index Cond: (id = mi2.movie_id)
                                                               Filter: ((production_year <= 2015) AND (production_year >= 1925))
                                                               Rows Removed by Filter: 0
                                                               Buffers: shared hit=98733 read=507
                                             ->  Hash  (cost=1.10..1.10 rows=4 width=4) (actual time=0.016..0.016 rows=4 loops=1)
                                                   Buckets: 1024  Batches: 1  Memory Usage: 9kB
                                                   Buffers: shared hit=1
                                                   ->  Seq Scan on kind_type kt  (cost=0.00..1.10 rows=4 width=4) (actual time=0.008..0.010 rows=4 loops=1)
                                                         Filter: ((kind)::text = ANY ('{episode,"tv movie","video game","video movie"}'::text[]))
                                                         Rows Removed by Filter: 3
                                                         Buffers: shared hit=1
                                       ->  Index Scan using movie_id_movie_info on movie_info mi1  (cost=0.46..42.33 rows=1 width=8) (actual time=0.090..0.090 rows=0 loops=19612)
                                             Index Cond: (movie_id = t.id)
                                             Filter: ((info_type_id = 8) AND ((info)::text = ANY ('{Austria,Canada,China,Czechoslovakia,Egypt,France,Iceland,Iran,Latvia,Morocco,"Soviet Union","United Arab Emirates"}'::text[])))
                                             Rows Removed by Filter: 11
                                             Buffers: shared hit=181967 read=26938
                     ->  Index Scan using movie_id_cast_info on cast_info ci  (cost=0.44..43.28 rows=38 width=12) (actual time=0.039..0.260 rows=21 loops=459)
                           Index Cond: (movie_id = t.id)
                           Buffers: shared hit=3863 read=6966
               ->  Hash  (cost=1.20..1.20 rows=5 width=4) (actual time=0.033..0.034 rows=5 loops=1)
                     Buckets: 1024  Batches: 1  Memory Usage: 9kB
                     Buffers: shared hit=1
                     ->  Seq Scan on role_type rt  (cost=0.00..1.20 rows=5 width=4) (actual time=0.023..0.027 rows=5 loops=1)
                           Filter: ((role)::text = ANY ('{actor,actress,composer,director,writer}'::text[]))
                           Rows Removed by Filter: 7
                           Buffers: shared hit=1
         ->  Index Scan using name_pkey on name n  (cost=0.43..2.32 rows=1 width=4) (actual time=0.035..0.035 rows=1 loops=7064)
               Index Cond: (id = ci.person_id)
               Filter: (((gender)::text = 'm'::text) OR (gender IS NULL))
               Rows Removed by Filter: 0
               Buffers: shared hit=21787 read=6469
 Planning:
   Buffers: shared hit=531 read=46
 Planning Time: 10.886 ms
 Execution Time: 3524.390 ms
(78 rows)

