                                                                                                     QUERY PLAN                                                                                                      
---------------------------------------------------------------------------------------------------------------------------------------------------------------------------------------------------------------------
 Aggregate  (cost=328227.08..328227.09 rows=1 width=8) (actual time=5444.264..5444.278 rows=1 loops=1)
   Buffers: shared hit=362496 read=198012
   ->  Nested Loop  (cost=1357.33..328227.08 rows=1 width=0) (actual time=8.017..5442.067 rows=13576 loops=1)
         Buffers: shared hit=362496 read=198012
         ->  Hash Join  (cost=1356.90..328222.44 rows=2 width=4) (actual time=7.966..4306.816 rows=34508 loops=1)
               Hash Cond: (ci.role_id = rt.id)
               Buffers: shared hit=247546 read=174930
               ->  Nested Loop  (cost=1355.73..328221.22 rows=14 width=8) (actual time=7.567..4275.920 rows=185589 loops=1)
                     Buffers: shared hit=247545 read=174930
                     ->  Nested Loop  (cost=1355.29..328177.52 rows=1 width=12) (actual time=7.524..2151.889 rows=9742 loops=1)
                           Buffers: shared hit=153510 read=60764
                           ->  Nested Loop  (cost=1355.29..328175.10 rows=1 width=16) (actual time=7.517..1995.813 rows=9742 loops=1)
                                 Buffers: shared hit=143768 read=60764
                                 ->  Nested Loop  (cost=1355.29..328172.68 rows=1 width=20) (actual time=7.489..1829.267 rows=9742 loops=1)
                                       Buffers: shared hit=134026 read=60764
                                       ->  Hash Join  (cost=1354.85..327024.06 rows=27 width=12) (actual time=6.908..472.987 rows=11660 loops=1)
                                             Hash Cond: (t.kind_id = kt.id)
                                             Buffers: shared hit=44823 read=8155
                                             ->  Nested Loop  (cost=1353.65..327022.74 rows=31 width=16) (actual time=6.869..468.219 rows=11660 loops=1)
                                                   Buffers: shared hit=44822 read=8155
                                                   ->  Bitmap Heap Scan on movie_info mi1  (cost=1353.22..326693.09 rows=39 width=8) (actual time=6.817..86.971 rows=11976 loops=1)
                                                         Recheck Cond: (info_type_id = 105)
                                                         Filter: ((info)::text = ANY ('{"$1,200","$1,500,000",$100,"$100,000","$2,000",$200,"$30,000","$300,000","$5,000,000","$8,000","£1,000","£3,000"}'::text[]))
                                                         Rows Removed by Filter: 109887
                                                         Heap Blocks: exact=4974
                                                         Buffers: shared hit=626 read=4447
                                                         ->  Bitmap Index Scan on info_type_id_movie_info  (cost=0.00..1353.18 rows=126500 width=0) (actual time=5.972..5.973 rows=121863 loops=1)
                                                               Index Cond: (info_type_id = 105)
                                                               Buffers: shared hit=1 read=98
                                                   ->  Index Scan using title_pkey on title t  (cost=0.43..8.45 rows=1 width=8) (actual time=0.031..0.031 rows=1 loops=11976)
                                                         Index Cond: (id = mi1.movie_id)
                                                         Filter: ((production_year <= 2015) AND (production_year >= 1975))
                                                         Rows Removed by Filter: 0
                                                         Buffers: shared hit=44196 read=3708
                                             ->  Hash  (cost=1.12..1.12 rows=6 width=4) (actual time=0.017..0.019 rows=6 loops=1)
                                                   Buckets: 1024  Batches: 1  Memory Usage: 9kB
                                                   Buffers: shared hit=1
                                                   ->  Seq Scan on kind_type kt  (cost=0.00..1.12 rows=6 width=4) (actual time=0.008..0.011 rows=6 loops=1)
                                                         Filter: ((kind)::text = ANY ('{episode,movie,"tv movie","tv series","video game","video movie"}'::text[]))
                                                         Rows Removed by Filter: 1
                                                         Buffers: shared hit=1
                                       ->  Index Scan using movie_id_movie_info on movie_info mi2  (cost=0.43..42.53 rows=1 width=8) (actual time=0.107..0.116 rows=1 loops=11660)
                                             Index Cond: (movie_id = t.id)
                                             Filter: ((info_type_id = 8) AND ((info)::text = ANY ('{Ireland,Mexico,Netherlands,Russia,Spain,Sweden,Switzerland,USA}'::text[])))
                                             Rows Removed by Filter: 13
                                             Buffers: shared hit=89203 read=52609
                                 ->  Seq Scan on info_type it1  (cost=0.00..2.41 rows=1 width=4) (actual time=0.015..0.015 rows=1 loops=9742)
                                       Filter: (id = 105)
                                       Rows Removed by Filter: 112
                                       Buffers: shared hit=9742
                           ->  Seq Scan on info_type it2  (cost=0.00..2.41 rows=1 width=4) (actual time=0.008..0.015 rows=1 loops=9742)
                                 Filter: (id = 8)
                                 Rows Removed by Filter: 112
                                 Buffers: shared hit=9742
                     ->  Index Scan using movie_id_cast_info on cast_info ci  (cost=0.44..43.32 rows=38 width=12) (actual time=0.037..0.214 rows=19 loops=9742)
                           Index Cond: (movie_id = t.id)
                           Buffers: shared hit=94035 read=114166
               ->  Hash  (cost=1.15..1.15 rows=2 width=4) (actual time=0.038..0.044 rows=2 loops=1)
                     Buckets: 1024  Batches: 1  Memory Usage: 9kB
                     Buffers: shared hit=1
                     ->  Seq Scan on role_type rt  (cost=0.00..1.15 rows=2 width=4) (actual time=0.026..0.029 rows=2 loops=1)
                           Filter: ((role)::text = ANY ('{cinematographer,producer}'::text[]))
                           Rows Removed by Filter: 10
                           Buffers: shared hit=1
         ->  Index Scan using name_pkey on name n  (cost=0.43..2.32 rows=1 width=4) (actual time=0.032..0.032 rows=0 loops=34508)
               Index Cond: (id = ci.person_id)
               Filter: ((gender)::text = 'm'::text)
               Rows Removed by Filter: 1
               Buffers: shared hit=114950 read=23082
 Planning:
   Buffers: shared hit=577
 Planning Time: 13.689 ms
 Execution Time: 5444.776 ms
(73 rows)

