                                                                                                    QUERY PLAN                                                                                                     
-------------------------------------------------------------------------------------------------------------------------------------------------------------------------------------------------------------------
 Aggregate  (cost=327453.95..327453.96 rows=1 width=8) (actual time=1238.943..1238.951 rows=1 loops=1)
   Buffers: shared hit=88150 read=38521
   ->  Nested Loop  (cost=1357.32..327453.94 rows=2 width=0) (actual time=10.808..1238.722 rows=1046 loops=1)
         Buffers: shared hit=88150 read=38521
         ->  Hash Join  (cost=1356.89..327442.35 rows=5 width=4) (actual time=10.763..1185.335 rows=1486 loops=1)
               Hash Cond: (ci.role_id = rt.id)
               Buffers: shared hit=83354 read=37373
               ->  Nested Loop  (cost=1355.66..327441.07 rows=14 width=8) (actual time=10.634..1183.114 rows=15600 loops=1)
                     Buffers: shared hit=83353 read=37373
                     ->  Nested Loop  (cost=1355.22..327397.34 rows=1 width=12) (actual time=10.593..1003.884 rows=622 loops=1)
                           Buffers: shared hit=75532 read=28186
                           ->  Nested Loop  (cost=1355.22..327394.92 rows=1 width=16) (actual time=10.588..995.181 rows=622 loops=1)
                                 Buffers: shared hit=74910 read=28186
                                 ->  Nested Loop  (cost=1355.22..327392.49 rows=1 width=20) (actual time=10.568..985.451 rows=622 loops=1)
                                       Buffers: shared hit=74288 read=28186
                                       ->  Hash Join  (cost=1354.78..326964.79 rows=10 width=12) (actual time=6.485..363.276 rows=5269 loops=1)
                                             Hash Cond: (t.kind_id = kt.id)
                                             Buffers: shared hit=26551 read=8731
                                             ->  Nested Loop  (cost=1353.65..326963.57 rows=22 width=16) (actual time=6.450..361.164 rows=7017 loops=1)
                                                   Buffers: shared hit=26550 read=8731
                                                   ->  Bitmap Heap Scan on movie_info mi1  (cost=1353.22..326693.09 rows=32 width=8) (actual time=6.393..97.644 rows=7552 loops=1)
                                                         Recheck Cond: (info_type_id = 105)
                                                         Filter: ((info)::text = ANY ('{"$150,000","$2,500,000","$25,000","$3,000,000","$4,000","$5,000,000","$6,000","$75,000","£1,000","€ 20,000"}'::text[]))
                                                         Rows Removed by Filter: 114311
                                                         Heap Blocks: exact=4974
                                                         Buffers: shared hit=559 read=4514
                                                         ->  Bitmap Index Scan on info_type_id_movie_info  (cost=0.00..1353.18 rows=126500 width=0) (actual time=5.385..5.385 rows=121863 loops=1)
                                                               Index Cond: (info_type_id = 105)
                                                               Buffers: shared read=99
                                                   ->  Index Scan using title_pkey on title t  (cost=0.43..8.45 rows=1 width=8) (actual time=0.034..0.034 rows=1 loops=7552)
                                                         Index Cond: (id = mi1.movie_id)
                                                         Filter: ((production_year <= 2015) AND (production_year >= 1990))
                                                         Rows Removed by Filter: 0
                                                         Buffers: shared hit=25991 read=4217
                                             ->  Hash  (cost=1.10..1.10 rows=3 width=4) (actual time=0.016..0.018 rows=3 loops=1)
                                                   Buckets: 1024  Batches: 1  Memory Usage: 9kB
                                                   Buffers: shared hit=1
                                                   ->  Seq Scan on kind_type kt  (cost=0.00..1.10 rows=3 width=4) (actual time=0.007..0.009 rows=3 loops=1)
                                                         Filter: ((kind)::text = ANY ('{episode,movie,"video game"}'::text[]))
                                                         Rows Removed by Filter: 4
                                                         Buffers: shared hit=1
                                       ->  Index Scan using movie_id_movie_info on movie_info mi2  (cost=0.43..42.76 rows=1 width=8) (actual time=0.108..0.118 rows=0 loops=5269)
                                             Index Cond: (movie_id = t.id)
                                             Filter: ((info_type_id = 4) AND ((info)::text = ANY ('{Arabic,Finnish,Hebrew,Italian,Japanese,Mandarin,None,Norwegian,Portuguese,Russian,Spanish,Swedish}'::text[])))
                                             Rows Removed by Filter: 17
                                             Buffers: shared hit=47737 read=19455
                                 ->  Seq Scan on info_type it1  (cost=0.00..2.41 rows=1 width=4) (actual time=0.013..0.014 rows=1 loops=622)
                                       Filter: (id = 105)
                                       Rows Removed by Filter: 112
                                       Buffers: shared hit=622
                           ->  Seq Scan on info_type it2  (cost=0.00..2.41 rows=1 width=4) (actual time=0.006..0.013 rows=1 loops=622)
                                 Filter: (id = 4)
                                 Rows Removed by Filter: 112
                                 Buffers: shared hit=622
                     ->  Index Scan using movie_id_cast_info on cast_info ci  (cost=0.44..43.35 rows=38 width=12) (actual time=0.043..0.283 rows=25 loops=622)
                           Index Cond: (movie_id = t.id)
                           Buffers: shared hit=7821 read=9187
               ->  Hash  (cost=1.18..1.18 rows=4 width=4) (actual time=0.029..0.030 rows=4 loops=1)
                     Buckets: 1024  Batches: 1  Memory Usage: 9kB
                     Buffers: shared hit=1
                     ->  Seq Scan on role_type rt  (cost=0.00..1.18 rows=4 width=4) (actual time=0.022..0.024 rows=4 loops=1)
                           Filter: ((role)::text = ANY ('{cinematographer,director,guest,"production designer"}'::text[]))
                           Rows Removed by Filter: 8
                           Buffers: shared hit=1
         ->  Index Scan using name_pkey on name n  (cost=0.43..2.32 rows=1 width=4) (actual time=0.035..0.035 rows=1 loops=1486)
               Index Cond: (id = ci.person_id)
               Filter: (((gender)::text = 'f'::text) OR (gender IS NULL))
               Rows Removed by Filter: 0
               Buffers: shared hit=4796 read=1148
 Planning:
   Buffers: shared hit=521 read=56
 Planning Time: 13.290 ms
 Execution Time: 1239.439 ms
(73 rows)

