                                                                                             QUERY PLAN                                                                                              
-----------------------------------------------------------------------------------------------------------------------------------------------------------------------------------------------------
 Aggregate  (cost=382260.57..382260.58 rows=1 width=8) (actual time=8494.343..8494.350 rows=1 loops=1)
   Buffers: shared hit=700923 read=181656
   ->  Nested Loop  (cost=8155.02..382260.56 rows=1 width=0) (actual time=26.065..8487.708 rows=45194 loops=1)
         Buffers: shared hit=700923 read=181656
         ->  Hash Join  (cost=8154.59..382248.97 rows=5 width=4) (actual time=26.025..6385.137 rows=62227 loops=1)
               Hash Cond: (ci.role_id = rt.id)
               Buffers: shared hit=475034 read=158637
               ->  Nested Loop  (cost=8153.36..382247.69 rows=14 width=8) (actual time=25.922..6335.002 rows=239172 loops=1)
                     Buffers: shared hit=475033 read=158637
                     ->  Nested Loop  (cost=8152.92..382202.83 rows=1 width=12) (actual time=25.890..3724.617 rows=11208 loops=1)
                           Buffers: shared hit=294026 read=71443
                           ->  Nested Loop  (cost=8152.92..382200.41 rows=1 width=16) (actual time=25.883..3503.746 rows=11208 loops=1)
                                 Buffers: shared hit=282818 read=71443
                                 ->  Nested Loop  (cost=8152.92..382197.99 rows=1 width=20) (actual time=25.863..3300.016 rows=11208 loops=1)
                                       Buffers: shared hit=271610 read=71443
                                       ->  Hash Join  (cost=8152.49..380864.39 rows=31 width=12) (actual time=25.809..1899.073 rows=11339 loops=1)
                                             Hash Cond: (t.kind_id = kt.id)
                                             Buffers: shared hit=179844 read=24413
                                             ->  Nested Loop  (cost=8151.29..380863.04 rows=36 width=16) (actual time=25.757..1893.354 rows=11339 loops=1)
                                                   Buffers: shared hit=179843 read=24413
                                                   ->  Bitmap Heap Scan on movie_info mi1  (cost=8150.86..378736.56 rows=253 width=8) (actual time=23.863..257.208 rows=49658 loops=1)
                                                         Recheck Cond: (info_type_id = 1)
                                                         Filter: ((info)::text = ANY ('{108,17,3,51,6,69,77,78,93,94,96,USA:20,USA:30}'::text[]))
                                                         Rows Removed by Filter: 752482
                                                         Heap Blocks: exact=4993
                                                         Buffers: shared hit=1359 read=4265
                                                         ->  Bitmap Index Scan on info_type_id_movie_info  (cost=0.00..8150.77 rows=762444 width=0) (actual time=22.873..22.874 rows=802140 loops=1)
                                                               Index Cond: (info_type_id = 1)
                                                               Buffers: shared hit=1 read=630
                                                   ->  Index Scan using title_pkey on title t  (cost=0.43..8.41 rows=1 width=8) (actual time=0.033..0.033 rows=0 loops=49658)
                                                         Index Cond: (id = mi1.movie_id)
                                                         Filter: ((production_year <= 1975) AND (production_year >= 1925))
                                                         Rows Removed by Filter: 1
                                                         Buffers: shared hit=178484 read=20148
                                             ->  Hash  (cost=1.12..1.12 rows=6 width=4) (actual time=0.025..0.026 rows=6 loops=1)
                                                   Buckets: 1024  Batches: 1  Memory Usage: 9kB
                                                   Buffers: shared hit=1
                                                   ->  Seq Scan on kind_type kt  (cost=0.00..1.12 rows=6 width=4) (actual time=0.010..0.012 rows=6 loops=1)
                                                         Filter: ((kind)::text = ANY ('{episode,movie,"tv movie","tv series","video game","video movie"}'::text[]))
                                                         Rows Removed by Filter: 1
                                                         Buffers: shared hit=1
                                       ->  Index Scan using movie_id_movie_info on movie_info mi2  (cost=0.43..43.01 rows=1 width=8) (actual time=0.104..0.123 rows=1 loops=11339)
                                             Index Cond: (movie_id = t.id)
                                             Filter: (((info)::text = ANY ('{"Black and White",Color}'::text[])) AND (info_type_id = 2))
                                             Rows Removed by Filter: 15
                                             Buffers: shared hit=91766 read=47030
                                 ->  Seq Scan on info_type it1  (cost=0.00..2.41 rows=1 width=4) (actual time=0.008..0.016 rows=1 loops=11208)
                                       Filter: (id = 1)
                                       Rows Removed by Filter: 112
                                       Buffers: shared hit=11208
                           ->  Seq Scan on info_type it2  (cost=0.00..2.41 rows=1 width=4) (actual time=0.010..0.018 rows=1 loops=11208)
                                 Filter: (id = 2)
                                 Rows Removed by Filter: 112
                                 Buffers: shared hit=11208
                     ->  Index Scan using movie_id_cast_info on cast_info ci  (cost=0.44..44.48 rows=38 width=12) (actual time=0.034..0.227 rows=21 loops=11208)
                           Index Cond: (movie_id = t.id)
                           Buffers: shared hit=181007 read=87194
               ->  Hash  (cost=1.18..1.18 rows=4 width=4) (actual time=0.037..0.037 rows=4 loops=1)
                     Buckets: 1024  Batches: 1  Memory Usage: 9kB
                     Buffers: shared hit=1
                     ->  Seq Scan on role_type rt  (cost=0.00..1.18 rows=4 width=4) (actual time=0.027..0.030 rows=4 loops=1)
                           Filter: ((role)::text = ANY ('{actress,cinematographer,guest,"miscellaneous crew"}'::text[]))
                           Rows Removed by Filter: 8
                           Buffers: shared hit=1
         ->  Index Scan using name_pkey on name n  (cost=0.43..2.32 rows=1 width=4) (actual time=0.033..0.033 rows=1 loops=62227)
               Index Cond: (id = ci.person_id)
               Filter: ((gender)::text = 'f'::text)
               Rows Removed by Filter: 0
               Buffers: shared hit=225889 read=23019
 Planning:
   Buffers: shared hit=577
 Planning Time: 13.265 ms
 Execution Time: 8494.894 ms
(73 rows)

