                                                                                             QUERY PLAN                                                                                              
-----------------------------------------------------------------------------------------------------------------------------------------------------------------------------------------------------
 Aggregate  (cost=479507.76..479507.77 rows=1 width=8) (actual time=6802.155..6802.162 rows=1 loops=1)
   Buffers: shared hit=551321 read=150988
   ->  Nested Loop  (cost=8155.04..479507.76 rows=1 width=0) (actual time=37.550..6801.138 rows=4167 loops=1)
         Buffers: shared hit=551321 read=150988
         ->  Hash Join  (cost=8154.61..479505.44 rows=1 width=4) (actual time=37.511..6421.558 rows=10907 loops=1)
               Hash Cond: (ci.role_id = rt.id)
               Buffers: shared hit=514606 read=144075
               ->  Nested Loop  (cost=8153.45..479504.23 rows=14 width=8) (actual time=32.869..6384.409 rows=262499 loops=1)
                     Buffers: shared hit=514605 read=144075
                     ->  Nested Loop  (cost=8153.01..479459.67 rows=1 width=12) (actual time=32.834..3712.663 rows=9919 loops=1)
                           Buffers: shared hit=297540 read=74284
                           ->  Nested Loop  (cost=8153.01..479457.25 rows=1 width=16) (actual time=32.829..3536.779 rows=9919 loops=1)
                                 Buffers: shared hit=287621 read=74284
                                 ->  Nested Loop  (cost=8153.01..479454.83 rows=1 width=20) (actual time=32.805..3351.262 rows=9919 loops=1)
                                       Buffers: shared hit=277702 read=74284
                                       ->  Hash Join  (cost=8152.57..475501.73 rows=92 width=12) (actual time=23.788..2003.556 rows=12092 loops=1)
                                             Hash Cond: (t.kind_id = kt.id)
                                             Buffers: shared hit=179784 read=24433
                                             ->  Nested Loop  (cost=8151.42..475499.90 rows=160 width=16) (actual time=23.743..1997.943 rows=12726 loops=1)
                                                   Buffers: shared hit=179783 read=24433
                                                   ->  Bitmap Heap Scan on movie_info mi2  (cost=8150.99..468214.99 rows=886 width=8) (actual time=23.522..456.724 rows=49648 loops=1)
                                                         Recheck Cond: (info_type_id = 1)
                                                         Filter: ((info)::text = ANY ('{105,15,58,78,87,91,93,95,Argentina:30,USA:60}'::text[]))
                                                         Rows Removed by Filter: 752492
                                                         Heap Blocks: exact=4993
                                                         Buffers: shared hit=117 read=5507
                                                         ->  Bitmap Index Scan on info_type_id_movie_info  (cost=0.00..8150.77 rows=762444 width=0) (actual time=22.862..22.863 rows=802140 loops=1)
                                                               Index Cond: (info_type_id = 1)
                                                               Buffers: shared read=631
                                                   ->  Index Scan using title_pkey on title t  (cost=0.43..8.22 rows=1 width=8) (actual time=0.031..0.031 rows=0 loops=49648)
                                                         Index Cond: (id = mi2.movie_id)
                                                         Filter: ((production_year <= 1975) AND (production_year >= 1875))
                                                         Rows Removed by Filter: 1
                                                         Buffers: shared hit=179666 read=18926
                                             ->  Hash  (cost=1.10..1.10 rows=4 width=4) (actual time=0.022..0.023 rows=4 loops=1)
                                                   Buckets: 1024  Batches: 1  Memory Usage: 9kB
                                                   Buffers: shared hit=1
                                                   ->  Seq Scan on kind_type kt  (cost=0.00..1.10 rows=4 width=4) (actual time=0.009..0.012 rows=4 loops=1)
                                                         Filter: ((kind)::text = ANY ('{episode,movie,"tv series","video movie"}'::text[]))
                                                         Rows Removed by Filter: 3
                                                         Buffers: shared hit=1
                                       ->  Index Scan using movie_id_movie_info on movie_info mi1  (cost=0.43..42.96 rows=1 width=8) (actual time=0.058..0.111 rows=1 loops=12092)
                                             Index Cond: (movie_id = t.id)
                                             Filter: ((info_type_id = 6) AND ((info)::text = ANY ('{"4-Track Stereo","70 mm 6-Track",Mono,Silent,Stereo}'::text[])))
                                             Rows Removed by Filter: 15
                                             Buffers: shared hit=97918 read=49851
                                 ->  Seq Scan on info_type it1  (cost=0.00..2.41 rows=1 width=4) (actual time=0.010..0.017 rows=1 loops=9919)
                                       Filter: (id = 6)
                                       Rows Removed by Filter: 112
                                       Buffers: shared hit=9919
                           ->  Seq Scan on info_type it2  (cost=0.00..2.41 rows=1 width=4) (actual time=0.009..0.016 rows=1 loops=9919)
                                 Filter: (id = 1)
                                 Rows Removed by Filter: 112
                                 Buffers: shared hit=9919
                     ->  Index Scan using movie_id_cast_info on cast_info ci  (cost=0.44..44.17 rows=38 width=12) (actual time=0.033..0.263 rows=26 loops=9919)
                           Index Cond: (movie_id = t.id)
                           Buffers: shared hit=217065 read=69791
               ->  Hash  (cost=1.15..1.15 rows=1 width=4) (actual time=0.034..0.035 rows=1 loops=1)
                     Buckets: 1024  Batches: 1  Memory Usage: 9kB
                     Buffers: shared hit=1
                     ->  Seq Scan on role_type rt  (cost=0.00..1.15 rows=1 width=4) (actual time=0.027..0.028 rows=1 loops=1)
                           Filter: ((role)::text = 'miscellaneous crew'::text)
                           Rows Removed by Filter: 11
                           Buffers: shared hit=1
         ->  Index Scan using name_pkey on name n  (cost=0.43..2.32 rows=1 width=4) (actual time=0.034..0.034 rows=0 loops=10907)
               Index Cond: (id = ci.person_id)
               Filter: ((gender)::text = ANY ('{f,m}'::text[]))
               Rows Removed by Filter: 1
               Buffers: shared hit=36715 read=6913
 Planning:
   Buffers: shared hit=519 read=55
 Planning Time: 13.597 ms
 Execution Time: 6802.700 ms
(73 rows)

