                                                                                                            QUERY PLAN                                                                                                            
----------------------------------------------------------------------------------------------------------------------------------------------------------------------------------------------------------------------------------
 Aggregate  (cost=383172.93..383172.94 rows=1 width=8) (actual time=4038.989..4038.995 rows=1 loops=1)
   Buffers: shared hit=303328 read=114768
   ->  Nested Loop  (cost=8154.97..383172.92 rows=3 width=0) (actual time=28.103..4038.222 rows=3309 loops=1)
         Buffers: shared hit=303328 read=114768
         ->  Hash Join  (cost=8154.54..383145.09 rows=12 width=4) (actual time=25.061..2405.636 rows=48467 loops=1)
               Hash Cond: (ci.role_id = rt.id)
               Buffers: shared hit=133731 read=90497
               ->  Nested Loop  (cost=8153.28..383143.73 rows=29 width=8) (actual time=24.927..2381.229 rows=110091 loops=1)
                     Buffers: shared hit=133730 read=90497
                     ->  Nested Loop  (cost=8152.84..383056.27 rows=2 width=12) (actual time=24.898..1183.023 rows=2838 loops=1)
                           Buffers: shared hit=69748 read=39914
                           ->  Seq Scan on info_type it2  (cost=0.00..2.41 rows=1 width=4) (actual time=0.037..0.045 rows=1 loops=1)
                                 Filter: (id = 3)
                                 Rows Removed by Filter: 112
                                 Buffers: shared hit=1
                           ->  Nested Loop  (cost=8152.84..383053.84 rows=2 width=16) (actual time=24.860..1182.361 rows=2838 loops=1)
                                 Buffers: shared hit=69747 read=39914
                                 ->  Seq Scan on info_type it1  (cost=0.00..2.41 rows=1 width=4) (actual time=0.010..0.021 rows=1 loops=1)
                                       Filter: (id = 1)
                                       Rows Removed by Filter: 112
                                       Buffers: shared hit=1
                                 ->  Nested Loop  (cost=8152.84..383051.41 rows=2 width=20) (actual time=24.846..1181.685 rows=2838 loops=1)
                                       Buffers: shared hit=69746 read=39914
                                       ->  Hash Join  (cost=8152.40..380864.90 rows=51 width=12) (actual time=24.777..585.110 rows=4468 loops=1)
                                             Hash Cond: (t.kind_id = kt.id)
                                             Buffers: shared hit=41207 read=11050
                                             ->  Nested Loop  (cost=8151.29..380863.04 rows=177 width=16) (actual time=24.457..582.491 rows=7855 loops=1)
                                                   Buffers: shared hit=41206 read=11050
                                                   ->  Bitmap Heap Scan on movie_info mi1  (cost=8150.86..378736.56 rows=253 width=8) (actual time=24.134..220.889 rows=11658 loops=1)
                                                         Recheck Cond: (info_type_id = 1)
                                                         Filter: ((info)::text = ANY ('{104,116,126,138,36,81,Canada:60,France:90,UK:60,USA:105,USA:43,USA:46,USA:93}'::text[]))
                                                         Rows Removed by Filter: 790482
                                                         Heap Blocks: exact=4993
                                                         Buffers: shared hit=20 read=5604
                                                         ->  Bitmap Index Scan on info_type_id_movie_info  (cost=0.00..8150.77 rows=762444 width=0) (actual time=23.004..23.005 rows=802140 loops=1)
                                                               Index Cond: (info_type_id = 1)
                                                               Buffers: shared read=631
                                                   ->  Index Scan using title_pkey on title t  (cost=0.43..8.41 rows=1 width=8) (actual time=0.030..0.030 rows=1 loops=11658)
                                                         Index Cond: (id = mi1.movie_id)
                                                         Filter: ((production_year <= 2015) AND (production_year >= 1990))
                                                         Rows Removed by Filter: 0
                                                         Buffers: shared hit=41186 read=5446
                                             ->  Hash  (cost=1.09..1.09 rows=2 width=4) (actual time=0.022..0.023 rows=2 loops=1)
                                                   Buckets: 1024  Batches: 1  Memory Usage: 9kB
                                                   Buffers: shared hit=1
                                                   ->  Seq Scan on kind_type kt  (cost=0.00..1.09 rows=2 width=4) (actual time=0.011..0.014 rows=2 loops=1)
                                                         Filter: ((kind)::text = ANY ('{episode,movie}'::text[]))
                                                         Rows Removed by Filter: 5
                                                         Buffers: shared hit=1
                                       ->  Index Scan using movie_id_movie_info on movie_info mi2  (cost=0.43..42.86 rows=1 width=8) (actual time=0.132..0.133 rows=1 loops=4468)
                                             Index Cond: (movie_id = t.id)
                                             Filter: ((info_type_id = 3) AND ((info)::text = ANY ('{Adventure,Biography,Crime,Documentary,Family,Fantasy,Game-Show,History,Horror,Music,Mystery,Sci-Fi,Short,Western}'::text[])))
                                             Rows Removed by Filter: 29
                                             Buffers: shared hit=28539 read=28864
                     ->  Index Scan using movie_id_cast_info on cast_info ci  (cost=0.44..43.35 rows=38 width=12) (actual time=0.038..0.413 rows=39 loops=2838)
                           Index Cond: (movie_id = t.id)
                           Buffers: shared hit=63982 read=50583
               ->  Hash  (cost=1.20..1.20 rows=5 width=4) (actual time=0.035..0.035 rows=5 loops=1)
                     Buckets: 1024  Batches: 1  Memory Usage: 9kB
                     Buffers: shared hit=1
                     ->  Seq Scan on role_type rt  (cost=0.00..1.20 rows=5 width=4) (actual time=0.024..0.028 rows=5 loops=1)
                           Filter: ((role)::text = ANY ('{composer,director,editor,"miscellaneous crew",producer}'::text[]))
                           Rows Removed by Filter: 7
                           Buffers: shared hit=1
         ->  Index Scan using name_pkey on name n  (cost=0.43..2.32 rows=1 width=4) (actual time=0.033..0.033 rows=0 loops=48467)
               Index Cond: (id = ci.person_id)
               Filter: ((gender)::text = 'f'::text)
               Rows Removed by Filter: 1
               Buffers: shared hit=169597 read=24271
 Planning:
   Buffers: shared hit=507 read=70
 Planning Time: 14.402 ms
 Execution Time: 4039.529 ms
(73 rows)

