                                                                                                                                QUERY PLAN                                                                                                                                
--------------------------------------------------------------------------------------------------------------------------------------------------------------------------------------------------------------------------------------------------------------------------
 Aggregate  (cost=542309.16..542309.17 rows=1 width=8) (actual time=3201.805..3201.812 rows=1 loops=1)
   Buffers: shared hit=243460 read=86283
   ->  Nested Loop  (cost=4697.53..542309.16 rows=1 width=0) (actual time=53.423..3201.571 rows=468 loops=1)
         Buffers: shared hit=243460 read=86283
         ->  Hash Join  (cost=4697.10..542304.52 rows=2 width=4) (actual time=19.814..2935.667 rows=7952 loops=1)
               Hash Cond: (ci.role_id = rt.id)
               Buffers: shared hit=214541 read=83394
               ->  Nested Loop  (cost=4695.93..542303.29 rows=14 width=8) (actual time=19.735..2921.097 rows=96283 loops=1)
                     Buffers: shared hit=214540 read=83394
                     ->  Nested Loop  (cost=4695.49..542259.56 rows=1 width=12) (actual time=19.694..1962.561 rows=1967 loops=1)
                           Buffers: shared hit=149384 read=49132
                           ->  Nested Loop  (cost=4695.49..542257.14 rows=1 width=16) (actual time=19.689..1926.026 rows=1967 loops=1)
                                 Buffers: shared hit=147417 read=49132
                                 ->  Nested Loop  (cost=4695.49..542254.72 rows=1 width=20) (actual time=19.669..1890.966 rows=1967 loops=1)
                                       Buffers: shared hit=145450 read=49132
                                       ->  Hash Join  (cost=4695.02..538693.73 rows=84 width=12) (actual time=19.602..1428.244 rows=3353 loops=1)
                                             Hash Cond: (t.kind_id = kt.id)
                                             Buffers: shared hit=116483 read=29446
                                             ->  Nested Loop  (cost=4693.84..538692.06 rows=118 width=16) (actual time=19.553..1424.257 rows=18929 loops=1)
                                                   Buffers: shared hit=116482 read=29446
                                                   ->  Bitmap Heap Scan on movie_info mi2  (cost=4693.41..537276.04 rows=168 width=8) (actual time=19.116..502.181 rows=31589 loops=1)
                                                         Recheck Cond: (info_type_id = 5)
                                                         Filter: ((info)::text = ANY ('{Brazil:12,Brazil:14,Canada:PG,Chile:TE,Germany:6,Iceland:16,Ireland:15A,Malaysia:U,"New Zealand:PG",Norway:18,Peru:14,Singapore:R21,Switzerland:16,Switzerland:7,UK:U}'::text[]))
                                                         Rows Removed by Filter: 454965
                                                         Heap Blocks: exact=19164
                                                         Buffers: shared hit=1393 read=18179
                                                         ->  Bitmap Index Scan on info_type_id_movie_info  (cost=0.00..4693.37 rows=439058 width=0) (actual time=16.265..16.265 rows=486554 loops=1)
                                                               Index Cond: (info_type_id = 5)
                                                               Buffers: shared read=408
                                                   ->  Index Scan using title_pkey on title t  (cost=0.43..8.43 rows=1 width=8) (actual time=0.029..0.029 rows=1 loops=31589)
                                                         Index Cond: (id = mi2.movie_id)
                                                         Filter: ((production_year <= 2015) AND (production_year >= 1990))
                                                         Rows Removed by Filter: 0
                                                         Buffers: shared hit=115089 read=11267
                                             ->  Hash  (cost=1.11..1.11 rows=5 width=4) (actual time=0.023..0.025 rows=5 loops=1)
                                                   Buckets: 1024  Batches: 1  Memory Usage: 9kB
                                                   Buffers: shared hit=1
                                                   ->  Seq Scan on kind_type kt  (cost=0.00..1.11 rows=5 width=4) (actual time=0.012..0.014 rows=5 loops=1)
                                                         Filter: ((kind)::text = ANY ('{episode,"tv movie","tv series","video game","video movie"}'::text[]))
                                                         Rows Removed by Filter: 2
                                                         Buffers: shared hit=1
                                       ->  Index Scan using movie_id_movie_info on movie_info mi1  (cost=0.47..42.38 rows=1 width=8) (actual time=0.078..0.137 rows=1 loops=3353)
                                             Index Cond: (movie_id = t.id)
                                             Filter: ((info_type_id = 6) AND ((info)::text = ANY ('{"70 mm 6-Track",DTS,DTS-ES,DTS-Stereo,Datasat,"Dolby Digital EX","Dolby Digital","Dolby SR","Dolby Stereo",Dolby,Mono,SDDS,Stereo}'::text[])))
                                             Rows Removed by Filter: 31
                                             Buffers: shared hit=28967 read=19686
                                 ->  Seq Scan on info_type it1  (cost=0.00..2.41 rows=1 width=4) (actual time=0.009..0.016 rows=1 loops=1967)
                                       Filter: (id = 6)
                                       Rows Removed by Filter: 112
                                       Buffers: shared hit=1967
                           ->  Seq Scan on info_type it2  (cost=0.00..2.41 rows=1 width=4) (actual time=0.010..0.017 rows=1 loops=1967)
                                 Filter: (id = 5)
                                 Rows Removed by Filter: 112
                                 Buffers: shared hit=1967
                     ->  Index Scan using movie_id_cast_info on cast_info ci  (cost=0.44..43.35 rows=38 width=12) (actual time=0.036..0.477 rows=49 loops=1967)
                           Index Cond: (movie_id = t.id)
                           Buffers: shared hit=65156 read=34262
               ->  Hash  (cost=1.15..1.15 rows=2 width=4) (actual time=0.035..0.035 rows=2 loops=1)
                     Buckets: 1024  Batches: 1  Memory Usage: 9kB
                     Buffers: shared hit=1
                     ->  Seq Scan on role_type rt  (cost=0.00..1.15 rows=2 width=4) (actual time=0.026..0.028 rows=2 loops=1)
                           Filter: ((role)::text = ANY ('{editor,writer}'::text[]))
                           Rows Removed by Filter: 10
                           Buffers: shared hit=1
         ->  Index Scan using name_pkey on name n  (cost=0.43..2.32 rows=1 width=4) (actual time=0.033..0.033 rows=0 loops=7952)
               Index Cond: (id = ci.person_id)
               Filter: ((gender)::text = 'f'::text)
               Rows Removed by Filter: 1
               Buffers: shared hit=28919 read=2889
 Planning:
   Buffers: shared hit=531 read=46
 Planning Time: 12.961 ms
 Execution Time: 3202.434 ms
(73 rows)

