                                                                                                                                   QUERY PLAN                                                                                                                                    
---------------------------------------------------------------------------------------------------------------------------------------------------------------------------------------------------------------------------------------------------------------------------------
 Aggregate  (cost=445546.84..445546.85 rows=1 width=8) (actual time=2969.183..2969.191 rows=1 loops=1)
   Buffers: shared hit=199193 read=102508
   ->  Nested Loop  (cost=32182.78..445546.76 rows=31 width=0) (actual time=87.711..2966.911 rows=20083 loops=1)
         Buffers: shared hit=199193 read=102508
         ->  Hash Join  (cost=32182.35..445435.42 rows=48 width=4) (actual time=84.322..2283.191 rows=22119 loops=1)
               Hash Cond: (ci.role_id = rt.id)
               Buffers: shared hit=125075 read=88150
               ->  Nested Loop  (cost=32181.18..445433.23 rows=287 width=8) (actual time=82.157..2272.747 rows=60082 loops=1)
                     Buffers: shared hit=125074 read=88150
                     ->  Nested Loop  (cost=32180.74..444560.05 rows=20 width=12) (actual time=82.127..1602.815 rows=3733 loops=1)
                           Buffers: shared hit=88407 read=55823
                           ->  Seq Scan on info_type it2  (cost=0.00..2.41 rows=1 width=4) (actual time=0.030..0.041 rows=1 loops=1)
                                 Filter: (id = 3)
                                 Rows Removed by Filter: 112
                                 Buffers: shared hit=1
                           ->  Nested Loop  (cost=32180.74..444557.43 rows=20 width=16) (actual time=82.095..1602.166 rows=3733 loops=1)
                                 Buffers: shared hit=88406 read=55823
                                 ->  Seq Scan on info_type it1  (cost=0.00..2.41 rows=1 width=4) (actual time=0.010..0.021 rows=1 loops=1)
                                       Filter: (id = 16)
                                       Rows Removed by Filter: 112
                                       Buffers: shared hit=1
                                 ->  Nested Loop  (cost=32180.74..444554.82 rows=20 width=20) (actual time=82.083..1601.515 rows=3733 loops=1)
                                       Buffers: shared hit=88405 read=55823
                                       ->  Hash Join  (cost=32180.30..418292.39 rows=614 width=12) (actual time=81.253..1115.052 rows=8866 loops=1)
                                             Hash Cond: (t.kind_id = kt.id)
                                             Buffers: shared hit=47328 read=35034
                                             ->  Nested Loop  (cost=32179.12..418287.59 rows=860 width=16) (actual time=81.205..1111.784 rows=13624 loops=1)
                                                   Buffers: shared hit=47327 read=35034
                                                   ->  Bitmap Heap Scan on movie_info mi1  (cost=32178.69..410731.29 rows=920 width=8) (actual time=81.165..743.217 rows=13627 loops=1)
                                                         Recheck Cond: (info_type_id = 16)
                                                         Filter: ((info)::text = ANY ('{Germany:2007,Mexico:2003,Nigeria:2007,USA:1993,"USA:2 October 2010",USA:2000,USA:2007,USA:2011,"USA:23 October 2010","USA:4 April 2009","USA:August 2012","USA:October 2011"}'::text[]))
                                                         Rows Removed by Filter: 3023092
                                                         Heap Blocks: exact=25474
                                                         Buffers: shared hit=979 read=26874
                                                         ->  Bitmap Index Scan on info_type_id_movie_info  (cost=0.00..32178.44 rows=3010400 width=0) (actual time=77.178..77.178 rows=3036719 loops=1)
                                                               Index Cond: (info_type_id = 16)
                                                               Buffers: shared hit=1 read=2378
                                                   ->  Index Scan using title_pkey on title t  (cost=0.43..8.21 rows=1 width=8) (actual time=0.027..0.027 rows=1 loops=13627)
                                                         Index Cond: (id = mi1.movie_id)
                                                         Filter: ((production_year <= 2015) AND (production_year >= 1925))
                                                         Rows Removed by Filter: 0
                                                         Buffers: shared hit=46348 read=8160
                                             ->  Hash  (cost=1.11..1.11 rows=5 width=4) (actual time=0.018..0.019 rows=5 loops=1)
                                                   Buckets: 1024  Batches: 1  Memory Usage: 9kB
                                                   Buffers: shared hit=1
                                                   ->  Seq Scan on kind_type kt  (cost=0.00..1.11 rows=5 width=4) (actual time=0.008..0.011 rows=5 loops=1)
                                                         Filter: ((kind)::text = ANY ('{episode,movie,"tv movie","tv series","video game"}'::text[]))
                                                         Rows Removed by Filter: 2
                                                         Buffers: shared hit=1
                                       ->  Index Scan using movie_id_movie_info on movie_info mi2  (cost=0.43..42.76 rows=1 width=8) (actual time=0.054..0.055 rows=0 loops=8866)
                                             Index Cond: (movie_id = t.id)
                                             Filter: ((info_type_id = 3) AND ((info)::text = ANY ('{Action,Animation,Crime,Documentary,Film-Noir,History,Horror,Music,Sci-Fi,Short,Talk-Show,War,Western}'::text[])))
                                             Rows Removed by Filter: 6
                                             Buffers: shared hit=41077 read=20789
                     ->  Index Scan using movie_id_cast_info on cast_info ci  (cost=0.44..43.28 rows=38 width=12) (actual time=0.034..0.176 rows=16 loops=3733)
                           Index Cond: (movie_id = t.id)
                           Buffers: shared hit=36667 read=32327
               ->  Hash  (cost=1.15..1.15 rows=2 width=4) (actual time=0.038..0.039 rows=2 loops=1)
                     Buckets: 1024  Batches: 1  Memory Usage: 9kB
                     Buffers: shared hit=1
                     ->  Seq Scan on role_type rt  (cost=0.00..1.15 rows=2 width=4) (actual time=0.026..0.030 rows=2 loops=1)
                           Filter: ((role)::text = ANY ('{actor,writer}'::text[]))
                           Rows Removed by Filter: 10
                           Buffers: shared hit=1
         ->  Index Scan using name_pkey on name n  (cost=0.43..2.32 rows=1 width=4) (actual time=0.030..0.030 rows=1 loops=22119)
               Index Cond: (id = ci.person_id)
               Filter: ((gender)::text = ANY ('{f,m}'::text[]))
               Rows Removed by Filter: 0
               Buffers: shared hit=74118 read=14358
 Planning:
   Buffers: shared hit=577
 Planning Time: 12.739 ms
 Execution Time: 2970.019 ms
(73 rows)

