                                                                                                                                           QUERY PLAN                                                                                                                                            
-------------------------------------------------------------------------------------------------------------------------------------------------------------------------------------------------------------------------------------------------------------------------------------------------
 Aggregate  (cost=343394.70..343394.71 rows=1 width=8) (actual time=450.204..450.211 rows=1 loops=1)
   Buffers: shared hit=32527 read=12261
   ->  Nested Loop  (cost=3725.48..343394.70 rows=1 width=0) (actual time=67.085..450.189 rows=17 loops=1)
         Buffers: shared hit=32527 read=12261
         ->  Nested Loop  (cost=3725.05..343392.38 rows=1 width=4) (actual time=66.300..449.046 rows=19 loops=1)
               Buffers: shared hit=32461 read=12251
               ->  Nested Loop  (cost=3725.05..343389.96 rows=1 width=8) (actual time=66.290..448.831 rows=19 loops=1)
                     Buffers: shared hit=32442 read=12251
                     ->  Nested Loop  (cost=3725.05..343387.54 rows=1 width=12) (actual time=66.270..448.530 rows=19 loops=1)
                           Join Filter: (t.id = mi1.movie_id)
                           Buffers: shared hit=32423 read=12251
                           ->  Hash Join  (cost=3724.59..343345.33 rows=1 width=20) (actual time=52.684..417.241 rows=210 loops=1)
                                 Hash Cond: (ci.role_id = rt.id)
                                 Buffers: shared hit=30177 read=10862
                                 ->  Nested Loop  (cost=3723.42..343344.12 rows=14 width=24) (actual time=37.035..414.650 rows=25484 loops=1)
                                       Buffers: shared hit=30176 read=10862
                                       ->  Nested Loop  (cost=3722.98..343299.26 rows=1 width=12) (actual time=36.997..196.751 rows=512 loops=1)
                                             Buffers: shared hit=5036 read=9252
                                             ->  Nested Loop  (cost=3722.85..343299.10 rows=1 width=16) (actual time=36.976..191.360 rows=512 loops=1)
                                                   Buffers: shared hit=4012 read=9252
                                                   ->  Bitmap Heap Scan on movie_info mi2  (cost=3722.42..343223.03 rows=9 width=8) (actual time=36.921..175.928 rows=512 loops=1)
                                                         Recheck Cond: (info_type_id = 17)
                                                         Filter: ((info)::text = 'One of over 700 Paramount Productions, filmed between 1929 and 1949, which were sold to MCA/Universal in 1958 for television distribution, and have been owned and controlled by Universal ever since.'::text)
                                                         Rows Removed by Filter: 367706
                                                         Heap Blocks: exact=10925
                                                         Buffers: shared hit=2419 read=8797
                                                         ->  Bitmap Index Scan on info_type_id_movie_info  (cost=0.00..3722.42 rows=347998 width=0) (actual time=12.794..12.795 rows=368218 loops=1)
                                                               Index Cond: (info_type_id = 17)
                                                               Buffers: shared read=291
                                                   ->  Index Scan using title_pkey on title t  (cost=0.43..8.45 rows=1 width=8) (actual time=0.029..0.029 rows=1 loops=512)
                                                         Index Cond: (id = mi2.movie_id)
                                                         Filter: ((production_year <= 1975) AND (production_year >= 1925))
                                                         Buffers: shared hit=1593 read=455
                                             ->  Index Scan using kind_type_pkey on kind_type kt  (cost=0.13..0.16 rows=1 width=4) (actual time=0.010..0.010 rows=1 loops=512)
                                                   Index Cond: (id = t.kind_id)
                                                   Filter: ((kind)::text = ANY ('{episode,movie,"tv series","video movie"}'::text[]))
                                                   Buffers: shared hit=1024
                                       ->  Index Scan using movie_id_cast_info on cast_info ci  (cost=0.44..44.48 rows=38 width=12) (actual time=0.037..0.417 rows=50 loops=512)
                                             Index Cond: (movie_id = t.id)
                                             Buffers: shared hit=25140 read=1610
                                 ->  Hash  (cost=1.15..1.15 rows=1 width=4) (actual time=0.033..0.035 rows=1 loops=1)
                                       Buckets: 1024  Batches: 1  Memory Usage: 9kB
                                       Buffers: shared hit=1
                                       ->  Seq Scan on role_type rt  (cost=0.00..1.15 rows=1 width=4) (actual time=0.027..0.028 rows=1 loops=1)
                                             Filter: ((role)::text = 'costume designer'::text)
                                             Rows Removed by Filter: 11
                                             Buffers: shared hit=1
                           ->  Index Scan using movie_id_movie_info on movie_info mi1  (cost=0.46..42.19 rows=1 width=8) (actual time=0.144..0.148 rows=0 loops=210)
                                 Index Cond: (movie_id = ci.movie_id)
                                 Filter: ((info_type_id = 5) AND ((info)::text = ANY ('{Brazil:Livre,Canada:R,Chile:14,Finland:K-11,Italy:VM14,Italy:VM18,Portugal:(Banned),Portugal:M/12,Sweden:7,UK:12,"West Germany:16"}'::text[])))
                                 Rows Removed by Filter: 35
                                 Buffers: shared hit=2246 read=1389
                     ->  Seq Scan on info_type it1  (cost=0.00..2.41 rows=1 width=4) (actual time=0.007..0.012 rows=1 loops=19)
                           Filter: (id = 5)
                           Rows Removed by Filter: 112
                           Buffers: shared hit=19
               ->  Seq Scan on info_type it2  (cost=0.00..2.41 rows=1 width=4) (actual time=0.005..0.009 rows=1 loops=19)
                     Filter: (id = 17)
                     Rows Removed by Filter: 112
                     Buffers: shared hit=19
         ->  Index Scan using name_pkey on name n  (cost=0.43..2.32 rows=1 width=4) (actual time=0.058..0.058 rows=1 loops=19)
               Index Cond: (id = ci.person_id)
               Filter: ((gender)::text = ANY ('{f,m}'::text[]))
               Rows Removed by Filter: 0
               Buffers: shared hit=66 read=10
 Planning:
   Buffers: shared hit=485 read=92
 Planning Time: 13.360 ms
 Execution Time: 450.765 ms
(69 rows)

