                                                                                               QUERY PLAN                                                                                                
---------------------------------------------------------------------------------------------------------------------------------------------------------------------------------------------------------
 Aggregate  (cost=362621.92..362621.93 rows=1 width=8) (actual time=1507.963..1507.969 rows=1 loops=1)
   Buffers: shared hit=104340 read=48586
   ->  Nested Loop  (cost=2.17..362621.91 rows=2 width=0) (actual time=192.972..1507.773 rows=1138 loops=1)
         Buffers: shared hit=104340 read=48586
         ->  Nested Loop  (cost=1.74..362610.31 rows=5 width=4) (actual time=192.937..1448.530 rows=1500 loops=1)
               Join Filter: (ci.role_id = rt.id)
               Rows Removed by Join Filter: 5582
               Buffers: shared hit=100511 read=46415
               ->  Nested Loop  (cost=1.74..362608.32 rows=14 width=8) (actual time=192.922..1446.748 rows=2643 loops=1)
                     Buffers: shared hit=100510 read=46415
                     ->  Nested Loop  (cost=1.30..362564.59 rows=1 width=12) (actual time=192.889..1415.107 rows=113 loops=1)
                           Buffers: shared hit=99570 read=44440
                           ->  Nested Loop  (cost=1.30..362562.17 rows=1 width=16) (actual time=192.873..1412.536 rows=113 loops=1)
                                 Buffers: shared hit=99457 read=44440
                                 ->  Nested Loop  (cost=1.30..362559.74 rows=1 width=20) (actual time=192.856..1410.647 rows=113 loops=1)
                                       Buffers: shared hit=99344 read=44440
                                       ->  Nested Loop  (cost=0.86..362009.73 rows=13 width=12) (actual time=0.324..432.925 rows=8084 loops=1)
                                             Join Filter: (t.kind_id = kt.id)
                                             Rows Removed by Join Filter: 4933
                                             Buffers: shared hit=29288 read=10482
                                             ->  Nested Loop  (cost=0.86..362007.40 rows=18 width=16) (actual time=0.306..429.111 rows=8155 loops=1)
                                                   Buffers: shared hit=29287 read=10482
                                                   ->  Index Scan using info_type_id_movie_info on movie_info mi2  (cost=0.43..361787.64 rows=26 width=8) (actual time=0.236..117.859 rows=8674 loops=1)
                                                         Index Cond: (info_type_id = 105)
                                                         Filter: ((info)::text = ANY ('{"$1,500,000","$10,000","$12,000","$150,000,000","$30,000,000","$35,000","$50,000,000","$60,000,000"}'::text[]))
                                                         Rows Removed by Filter: 113189
                                                         Buffers: shared hit=1050 read=4023
                                                   ->  Index Scan using title_pkey on title t  (cost=0.43..8.45 rows=1 width=8) (actual time=0.035..0.035 rows=1 loops=8674)
                                                         Index Cond: (id = mi2.movie_id)
                                                         Filter: ((production_year <= 2015) AND (production_year >= 1990))
                                                         Rows Removed by Filter: 0
                                                         Buffers: shared hit=28237 read=6459
                                             ->  Materialize  (cost=0.00..1.14 rows=5 width=4) (actual time=0.000..0.000 rows=2 loops=8155)
                                                   Buffers: shared hit=1
                                                   ->  Seq Scan on kind_type kt  (cost=0.00..1.11 rows=5 width=4) (actual time=0.011..0.018 rows=5 loops=1)
                                                         Filter: ((kind)::text = ANY ('{movie,"tv movie","tv series","video game","video movie"}'::text[]))
                                                         Rows Removed by Filter: 2
                                                         Buffers: shared hit=1
                                       ->  Index Scan using movie_id_movie_info on movie_info mi1  (cost=0.43..42.30 rows=1 width=8) (actual time=0.120..0.121 rows=0 loops=8084)
                                             Index Cond: (movie_id = t.id)
                                             Filter: ((info_type_id = 16) AND ((info)::text = ANY ('{USA:2008,USA:2009,USA:2013}'::text[])))
                                             Rows Removed by Filter: 22
                                             Buffers: shared hit=70056 read=33958
                                 ->  Seq Scan on info_type it1  (cost=0.00..2.41 rows=1 width=4) (actual time=0.007..0.013 rows=1 loops=113)
                                       Filter: (id = 16)
                                       Rows Removed by Filter: 112
                                       Buffers: shared hit=113
                           ->  Seq Scan on info_type it2  (cost=0.00..2.41 rows=1 width=4) (actual time=0.020..0.021 rows=1 loops=113)
                                 Filter: (id = 105)
                                 Rows Removed by Filter: 112
                                 Buffers: shared hit=113
                     ->  Index Scan using movie_id_cast_info on cast_info ci  (cost=0.44..43.35 rows=38 width=12) (actual time=0.029..0.273 rows=23 loops=113)
                           Index Cond: (movie_id = t.id)
                           Buffers: shared hit=940 read=1975
               ->  Materialize  (cost=0.00..1.20 rows=4 width=4) (actual time=0.000..0.000 rows=3 loops=2643)
                     Buffers: shared hit=1
                     ->  Seq Scan on role_type rt  (cost=0.00..1.18 rows=4 width=4) (actual time=0.009..0.011 rows=4 loops=1)
                           Filter: ((role)::text = ANY ('{actor,composer,"miscellaneous crew",producer}'::text[]))
                           Rows Removed by Filter: 8
                           Buffers: shared hit=1
         ->  Index Scan using name_pkey on name n  (cost=0.43..2.32 rows=1 width=4) (actual time=0.039..0.039 rows=1 loops=1500)
               Index Cond: (id = ci.person_id)
               Filter: ((gender)::text = 'm'::text)
               Rows Removed by Filter: 0
               Buffers: shared hit=3829 read=2171
 Planning:
   Buffers: shared hit=574
 Planning Time: 14.051 ms
 Execution Time: 1508.384 ms
(69 rows)

