                                                                                                          QUERY PLAN                                                                                                          
------------------------------------------------------------------------------------------------------------------------------------------------------------------------------------------------------------------------------
 Aggregate  (cost=431651.67..431651.68 rows=1 width=8) (actual time=974.993..974.998 rows=1 loops=1)
   Buffers: shared hit=31111 read=27120
   ->  Nested Loop  (cost=32182.67..431651.66 rows=2 width=0) (actual time=469.562..974.951 rows=68 loops=1)
         Buffers: shared hit=31111 read=27120
         ->  Hash Join  (cost=32182.24..431640.07 rows=5 width=4) (actual time=469.524..972.767 rows=72 loops=1)
               Hash Cond: (ci.role_id = rt.id)
               Buffers: shared hit=30880 read=27063
               ->  Nested Loop  (cost=32181.01..431638.79 rows=14 width=8) (actual time=469.454..972.532 rows=1023 loops=1)
                     Buffers: shared hit=30879 read=27063
                     ->  Nested Loop  (cost=32180.57..431594.23 rows=1 width=12) (actual time=469.412..954.666 rows=443 loops=1)
                           Buffers: shared hit=29126 read=26469
                           ->  Nested Loop  (cost=32180.57..431591.81 rows=1 width=16) (actual time=469.406..950.817 rows=443 loops=1)
                                 Buffers: shared hit=28683 read=26469
                                 ->  Nested Loop  (cost=32180.57..431589.39 rows=1 width=20) (actual time=469.387..946.358 rows=443 loops=1)
                                       Buffers: shared hit=28240 read=26469
                                       ->  Hash Join  (cost=32180.14..429420.47 rows=50 width=12) (actual time=465.573..830.238 rows=1914 loops=1)
                                             Hash Cond: (t.kind_id = kt.id)
                                             Buffers: shared hit=12907 read=22603
                                             ->  Nested Loop  (cost=32178.96..429419.00 rows=69 width=16) (actual time=465.528..829.695 rows=1914 loops=1)
                                                   Buffers: shared hit=12906 read=22603
                                                   ->  Bitmap Heap Scan on movie_info mi1  (cost=32178.53..426213.24 rows=384 width=8) (actual time=465.476..781.855 rows=1914 loops=1)
                                                         Recheck Cond: (info_type_id = 16)
                                                         Filter: ((info)::text = ANY ('{France:1908,France:1909,France:1910,Italy:1913,"USA:January 1903"}'::text[]))
                                                         Rows Removed by Filter: 3034805
                                                         Heap Blocks: exact=25474
                                                         Buffers: shared hit=6291 read=21562
                                                         ->  Bitmap Index Scan on info_type_id_movie_info  (cost=0.00..32178.44 rows=3010400 width=0) (actual time=77.746..77.746 rows=3036719 loops=1)
                                                               Index Cond: (info_type_id = 16)
                                                               Buffers: shared hit=1 read=2378
                                                   ->  Index Scan using title_pkey on title t  (cost=0.43..8.35 rows=1 width=8) (actual time=0.025..0.025 rows=1 loops=1914)
                                                         Index Cond: (id = mi1.movie_id)
                                                         Filter: ((production_year <= 1975) AND (production_year >= 1875))
                                                         Buffers: shared hit=6615 read=1041
                                             ->  Hash  (cost=1.11..1.11 rows=5 width=4) (actual time=0.020..0.021 rows=5 loops=1)
                                                   Buckets: 1024  Batches: 1  Memory Usage: 9kB
                                                   Buffers: shared hit=1
                                                   ->  Seq Scan on kind_type kt  (cost=0.00..1.11 rows=5 width=4) (actual time=0.010..0.013 rows=5 loops=1)
                                                         Filter: ((kind)::text = ANY ('{episode,movie,"tv series","video game","video movie"}'::text[]))
                                                         Rows Removed by Filter: 2
                                                         Buffers: shared hit=1
                                       ->  Index Scan using movie_id_movie_info on movie_info mi2  (cost=0.43..43.37 rows=1 width=8) (actual time=0.058..0.060 rows=0 loops=1914)
                                             Index Cond: (movie_id = t.id)
                                             Filter: ((info_type_id = 8) AND ((info)::text = ANY ('{Argentina,Belgium,Brazil,Canada,Czechoslovakia,Germany,Italy,Mexico,Norway,Pakistan,"Soviet Union",Turkey,UK}'::text[])))
                                             Rows Removed by Filter: 11
                                             Buffers: shared hit=15333 read=3866
                                 ->  Seq Scan on info_type it1  (cost=0.00..2.41 rows=1 width=4) (actual time=0.005..0.009 rows=1 loops=443)
                                       Filter: (id = 16)
                                       Rows Removed by Filter: 112
                                       Buffers: shared hit=443
                           ->  Seq Scan on info_type it2  (cost=0.00..2.41 rows=1 width=4) (actual time=0.004..0.008 rows=1 loops=443)
                                 Filter: (id = 8)
                                 Rows Removed by Filter: 112
                                 Buffers: shared hit=443
                     ->  Index Scan using movie_id_cast_info on cast_info ci  (cost=0.44..44.17 rows=38 width=12) (actual time=0.027..0.040 rows=2 loops=443)
                           Index Cond: (movie_id = t.id)
                           Buffers: shared hit=1753 read=594
               ->  Hash  (cost=1.18..1.18 rows=4 width=4) (actual time=0.041..0.042 rows=4 loops=1)
                     Buckets: 1024  Batches: 1  Memory Usage: 9kB
                     Buffers: shared hit=1
                     ->  Seq Scan on role_type rt  (cost=0.00..1.18 rows=4 width=4) (actual time=0.031..0.034 rows=4 loops=1)
                           Filter: ((role)::text = ANY ('{cinematographer,composer,"production designer",writer}'::text[]))
                           Rows Removed by Filter: 8
                           Buffers: shared hit=1
         ->  Index Scan using name_pkey on name n  (cost=0.43..2.32 rows=1 width=4) (actual time=0.029..0.029 rows=1 loops=72)
               Index Cond: (id = ci.person_id)
               Filter: (((gender)::text = 'f'::text) OR (gender IS NULL))
               Rows Removed by Filter: 0
               Buffers: shared hit=231 read=57
 Planning:
   Buffers: shared hit=574
 Planning Time: 12.600 ms
 Execution Time: 975.705 ms
(72 rows)

