                                                                                                                                                                                                                                                                                                                                                                                                                                                                  QUERY PLAN                                                                                                                                                                                                                                                                                                                                                                                                                                                                  
----------------------------------------------------------------------------------------------------------------------------------------------------------------------------------------------------------------------------------------------------------------------------------------------------------------------------------------------------------------------------------------------------------------------------------------------------------------------------------------------------------------------------------------------------------------------------------------------------------------------------------------------------------------------------------------------------------------------------------------------------------------------------------------------------------------------------------------------------------------------------------------------------------------------------------------------
 Aggregate  (cost=416797.48..416797.49 rows=1 width=8) (actual time=2223.559..2223.572 rows=1 loops=1)
   Buffers: shared hit=182198 read=45806
   ->  Nested Loop  (cost=7082.53..416797.47 rows=1 width=0) (actual time=478.229..2223.392 rows=386 loops=1)
         Buffers: shared hit=182198 read=45806
         ->  Hash Join  (cost=7082.10..416795.16 rows=1 width=4) (actual time=478.132..2034.861 rows=5553 loops=1)
               Hash Cond: (ci.role_id = rt.id)
               Buffers: shared hit=162962 read=42830
               ->  Nested Loop  (cost=7080.94..416793.94 rows=14 width=8) (actual time=92.010..2023.907 rows=76413 loops=1)
                     Buffers: shared hit=162961 read=42830
                     ->  Nested Loop  (cost=7080.50..416749.39 rows=1 width=12) (actual time=91.951..1319.356 rows=1175 loops=1)
                           Buffers: shared hit=100318 read=27107
                           ->  Nested Loop  (cost=7080.50..416746.97 rows=1 width=16) (actual time=91.940..1300.360 rows=1175 loops=1)
                                 Buffers: shared hit=99143 read=27107
                                 ->  Nested Loop  (cost=7080.50..416744.55 rows=1 width=20) (actual time=91.905..1279.788 rows=1175 loops=1)
                                       Buffers: shared hit=97968 read=27107
                                       ->  Hash Join  (cost=7080.07..400154.40 rows=382 width=12) (actual time=23.629..836.246 rows=2872 loops=1)
                                             Hash Cond: (t.kind_id = kt.id)
                                             Buffers: shared hit=63436 read=14705
                                             ->  Nested Loop  (cost=7078.89..400150.98 rows=535 width=16) (actual time=23.586..834.103 rows=8454 loops=1)
                                                   Buffers: shared hit=63435 read=14705
                                                   ->  Bitmap Heap Scan on movie_info mi1  (cost=7078.45..377308.27 rows=2956 width=8) (actual time=21.852..243.316 rows=17766 loops=1)
                                                         Recheck Cond: (info_type_id = 18)
                                                         Filter: ((info)::text = ANY ('{"Bray Studios, Down Place, Oakley Green, Berkshire, England, UK",France,"Kernville, California, USA","Malibu, California, USA","Miami, Florida, USA","Paramount Ranch - 2813 Cornell Road, Agoura, California, USA","Paramount Studios - 5555 Melrose Avenue, Hollywood, Los Angeles, California, USA","Republic Studios, Hollywood, Los Angeles, California, USA","Samuel Goldwyn Studios - 7200 Santa Monica Boulevard, West Hollywood, California, USA","Stage 11, Warner Brothers Burbank Studios - 4000 Warner Boulevard, Burbank, California, USA","Stage 6, 20th Century Fox Studios - 10201 Pico Blvd., Century City, Los Angeles, California, USA","Twickenham Film Studios, St Margarets, Twickenham, Middlesex, England, UK","Universal Studios - 100 Universal City Plaza, Universal City, California, USA","Vienna, Austria"}'::text[]))
                                                         Rows Removed by Filter: 643157
                                                         Heap Blocks: exact=6972
                                                         Buffers: shared hit=3003 read=4489
                                                         ->  Bitmap Index Scan on info_type_id_movie_info  (cost=0.00..7077.68 rows=662032 width=0) (actual time=20.982..20.983 rows=660923 loops=1)
                                                               Index Cond: (info_type_id = 18)
                                                               Buffers: shared hit=1 read=519
                                                   ->  Memoize  (cost=0.44..7.74 rows=1 width=8) (actual time=0.033..0.033 rows=0 loops=17766)
                                                         Cache Key: mi1.movie_id
                                                         Cache Mode: logical
                                                         Hits: 104  Misses: 17662  Evictions: 0  Overflows: 0  Memory Usage: 1502kB
                                                         Buffers: shared hit=60432 read=10216
                                                         ->  Index Scan using title_pkey on title t  (cost=0.43..7.73 rows=1 width=8) (actual time=0.032..0.032 rows=0 loops=17662)
                                                               Index Cond: (id = mi1.movie_id)
                                                               Filter: ((production_year <= 1975) AND (production_year >= 1875))
                                                               Rows Removed by Filter: 1
                                                               Buffers: shared hit=60432 read=10216
                                             ->  Hash  (cost=1.11..1.11 rows=5 width=4) (actual time=0.019..0.020 rows=5 loops=1)
                                                   Buckets: 1024  Batches: 1  Memory Usage: 9kB
                                                   Buffers: shared hit=1
                                                   ->  Seq Scan on kind_type kt  (cost=0.00..1.11 rows=5 width=4) (actual time=0.010..0.012 rows=5 loops=1)
                                                         Filter: ((kind)::text = ANY ('{movie,"tv movie","tv series","video game","video movie"}'::text[]))
                                                         Rows Removed by Filter: 2
                                                         Buffers: shared hit=1
                                       ->  Index Scan using movie_id_movie_info on movie_info mi2  (cost=0.43..43.42 rows=1 width=8) (actual time=0.143..0.154 rows=0 loops=2872)
                                             Index Cond: (movie_id = t.id)
                                             Filter: ((info_type_id = 5) AND ((info)::text = ANY ('{Argentina:13,France:-16,Iceland:L,Italy:VM14,Norway:15,"South Korea:12",Spain:13,Spain:T,Sweden:15,Sweden:Btl,USA:GP,USA:M,USA:PG-13,"West Germany:6"}'::text[])))
                                             Rows Removed by Filter: 37
                                             Buffers: shared hit=34532 read=12402
                                 ->  Seq Scan on info_type it1  (cost=0.00..2.41 rows=1 width=4) (actual time=0.010..0.016 rows=1 loops=1175)
                                       Filter: (id = 18)
                                       Rows Removed by Filter: 112
                                       Buffers: shared hit=1175
                           ->  Seq Scan on info_type it2  (cost=0.00..2.41 rows=1 width=4) (actual time=0.008..0.015 rows=1 loops=1175)
                                 Filter: (id = 5)
                                 Rows Removed by Filter: 112
                                 Buffers: shared hit=1175
                     ->  Index Scan using movie_id_cast_info on cast_info ci  (cost=0.44..44.17 rows=38 width=12) (actual time=0.039..0.586 rows=65 loops=1175)
                           Index Cond: (movie_id = t.id)
                           Buffers: shared hit=62643 read=15723
               ->  Hash  (cost=1.15..1.15 rows=1 width=4) (actual time=0.037..0.042 rows=1 loops=1)
                     Buckets: 1024  Batches: 1  Memory Usage: 9kB
                     Buffers: shared hit=1
                     ->  Seq Scan on role_type rt  (cost=0.00..1.15 rows=1 width=4) (actual time=0.027..0.028 rows=1 loops=1)
                           Filter: ((role)::text = 'miscellaneous crew'::text)
                           Rows Removed by Filter: 11
                           Buffers: shared hit=1
         ->  Index Scan using name_pkey on name n  (cost=0.43..2.32 rows=1 width=4) (actual time=0.034..0.034 rows=0 loops=5553)
               Index Cond: (id = ci.person_id)
               Filter: ((gender)::text = 'f'::text)
               Rows Removed by Filter: 1
               Buffers: shared hit=19236 read=2976
 Planning:
   Buffers: shared hit=576 read=1
 Planning Time: 13.786 ms
 Execution Time: 2224.488 ms
(78 rows)

