                                                                                                        QUERY PLAN                                                                                                         
---------------------------------------------------------------------------------------------------------------------------------------------------------------------------------------------------------------------------
 Aggregate  (cost=934079.53..934079.54 rows=1 width=8) (actual time=48015.189..48015.199 rows=1 loops=1)
   Buffers: shared hit=4474451 read=367392, temp read=11329 written=11331
   ->  Nested Loop  (cost=904125.90..934078.85 rows=272 width=0) (actual time=1302.442..47915.847 rows=571229 loops=1)
         Buffers: shared hit=4474451 read=367392, temp read=11329 written=11331
         ->  Seq Scan on info_type it2  (cost=0.00..2.41 rows=1 width=4) (actual time=0.039..0.052 rows=1 loops=1)
               Filter: (id = 8)
               Rows Removed by Filter: 112
               Buffers: shared hit=1
         ->  Nested Loop  (cost=904125.90..934073.72 rows=272 width=4) (actual time=1302.401..47797.814 rows=571229 loops=1)
               Buffers: shared hit=4474450 read=367392, temp read=11329 written=11331
               ->  Seq Scan on info_type it1  (cost=0.00..2.41 rows=1 width=4) (actual time=0.007..0.022 rows=1 loops=1)
                     Filter: (id = 2)
                     Rows Removed by Filter: 112
                     Buffers: shared hit=1
               ->  Nested Loop  (cost=904125.90..934068.58 rows=272 width=8) (actual time=1302.393..47675.708 rows=571229 loops=1)
                     Buffers: shared hit=4474449 read=367392, temp read=11329 written=11331
                     ->  Hash Join  (cost=904125.47..933101.34 rows=417 width=12) (actual time=1302.357..26959.533 rows=571229 loops=1)
                           Hash Cond: (ci.role_id = rt.id)
                           Buffers: shared hit=2232801 read=324124, temp read=11329 written=11331
                           ->  Nested Loop  (cost=904124.31..933082.41 rows=5003 width=16) (actual time=1302.261..26497.976 rows=1628700 loops=1)
                                 Buffers: shared hit=2232800 read=324124, temp read=11329 written=11331
                                 ->  Nested Loop  (cost=904123.87..917820.23 rows=349 width=20) (actual time=1302.226..7569.103 rows=103587 loops=1)
                                       Buffers: shared hit=605311 read=48009, temp read=11329 written=11331
                                       ->  Nested Loop  (cost=904123.73..917809.59 rows=407 width=24) (actual time=1302.209..7468.456 rows=103587 loops=1)
                                             Buffers: shared hit=605299 read=48009, temp read=11329 written=11331
                                             ->  Merge Join  (cost=904123.30..904801.99 rows=4280 width=16) (actual time=1302.141..1805.826 rows=156718 loops=1)
                                                   Merge Cond: (mi1.movie_id = mi2.movie_id)
                                                   Buffers: shared hit=10438 read=15998, temp read=11329 written=11331
                                                   ->  Sort  (cost=365868.85..366154.62 rows=114308 width=8) (actual time=763.729..961.009 rows=1288928 loops=1)
                                                         Sort Key: mi1.movie_id
                                                         Sort Method: external sort  Disk: 27832kB
                                                         Buffers: shared hit=5930 read=11613, temp read=10417 written=10435
                                                         ->  Bitmap Heap Scan on movie_info mi1  (cost=13885.07..356265.51 rows=114308 width=8) (actual time=37.218..369.734 rows=1288928 loops=1)
                                                               Recheck Cond: (info_type_id = 2)
                                                               Filter: ((info)::text = ANY ('{"Black and White",Color}'::text[]))
                                                               Heap Blocks: exact=16526
                                                               Buffers: shared hit=5930 read=11613
                                                               ->  Bitmap Index Scan on info_type_id_movie_info  (cost=0.00..13856.49 rows=1296008 width=0) (actual time=34.973..34.973 rows=1288928 loops=1)
                                                                     Index Cond: (info_type_id = 2)
                                                                     Buffers: shared hit=1 read=1016
                                                   ->  Sort  (cost=538254.45..538286.62 rows=12870 width=8) (actual time=538.364..592.184 rows=169379 loops=1)
                                                         Sort Key: mi2.movie_id
                                                         Sort Method: external sort  Disk: 3584kB
                                                         Buffers: shared hit=4508 read=4385, temp read=903 written=896
                                                         ->  Bitmap Heap Scan on movie_info mi2  (cost=14214.74..537375.96 rows=12870 width=8) (actual time=31.406..494.485 rows=165669 loops=1)
                                                               Recheck Cond: (info_type_id = 8)
                                                               Filter: ((info)::text = ANY ('{Argentina,Bulgaria,Chile,Egypt,Estonia,France,"Hong Kong",Hungary,Indonesia,Ireland,Israel,Malaysia,Poland,Spain}'::text[]))
                                                               Rows Removed by Filter: 1159692
                                                               Heap Blocks: exact=7853
                                                               Buffers: shared hit=4508 read=4385
                                                               ->  Bitmap Index Scan on info_type_id_movie_info  (cost=0.00..14211.52 rows=1329478 width=0) (actual time=30.344..30.345 rows=1325361 loops=1)
                                                                     Index Cond: (info_type_id = 8)
                                                                     Buffers: shared hit=1 read=1039
                                             ->  Index Scan using title_pkey on title t  (cost=0.43..3.04 rows=1 width=8) (actual time=0.035..0.035 rows=1 loops=156718)
                                                   Index Cond: (id = mi1.movie_id)
                                                   Filter: ((production_year <= 2015) AND (production_year >= 1990))
                                                   Rows Removed by Filter: 0
                                                   Buffers: shared hit=594861 read=32011
                                       ->  Memoize  (cost=0.14..0.17 rows=1 width=4) (actual time=0.000..0.000 rows=1 loops=103587)
                                             Cache Key: t.kind_id
                                             Cache Mode: logical
                                             Hits: 103581  Misses: 6  Evictions: 0  Overflows: 0  Memory Usage: 1kB
                                             Buffers: shared hit=12
                                             ->  Index Scan using kind_type_pkey on kind_type kt  (cost=0.13..0.16 rows=1 width=4) (actual time=0.010..0.010 rows=1 loops=6)
                                                   Index Cond: (id = t.kind_id)
                                                   Filter: ((kind)::text = ANY ('{episode,movie,"tv movie","tv series","video game","video movie"}'::text[]))
                                                   Buffers: shared hit=12
                                 ->  Index Scan using movie_id_cast_info on cast_info ci  (cost=0.44..43.35 rows=38 width=12) (actual time=0.036..0.178 rows=16 loops=103587)
                                       Index Cond: (movie_id = t.id)
                                       Buffers: shared hit=1627489 read=276115
                           ->  Hash  (cost=1.15..1.15 rows=1 width=4) (actual time=0.014..0.015 rows=1 loops=1)
                                 Buckets: 1024  Batches: 1  Memory Usage: 9kB
                                 Buffers: shared hit=1
                                 ->  Seq Scan on role_type rt  (cost=0.00..1.15 rows=1 width=4) (actual time=0.008..0.010 rows=1 loops=1)
                                       Filter: ((role)::text = 'actor'::text)
                                       Rows Removed by Filter: 11
                                       Buffers: shared hit=1
                     ->  Index Scan using name_pkey on name n  (cost=0.43..2.32 rows=1 width=4) (actual time=0.036..0.036 rows=1 loops=571229)
                           Index Cond: (id = ci.person_id)
                           Filter: ((gender)::text = ANY ('{f,m}'::text[]))
                           Buffers: shared hit=2241648 read=43268
 Planning:
   Buffers: shared hit=574
 Planning Time: 11.995 ms
 Execution Time: 48025.871 ms
(85 rows)

