                                                                                                       QUERY PLAN                                                                                                       
------------------------------------------------------------------------------------------------------------------------------------------------------------------------------------------------------------------------
 Aggregate  (cost=434865.16..434865.17 rows=1 width=8) (actual time=1585.472..1585.480 rows=1 loops=1)
   Buffers: shared hit=99213 read=63254
   ->  Nested Loop  (cost=4697.47..434865.15 rows=1 width=0) (actual time=51.427..1585.259 rows=1532 loops=1)
         Buffers: shared hit=99213 read=63254
         ->  Hash Join  (cost=4697.04..434862.84 rows=1 width=4) (actual time=51.388..1530.147 rows=1532 loops=1)
               Hash Cond: (ci.role_id = rt.id)
               Buffers: shared hit=94838 read=61501
               ->  Nested Loop  (cost=4695.87..434861.62 rows=14 width=8) (actual time=50.956..1528.668 rows=10588 loops=1)
                     Buffers: shared hit=94837 read=61501
                     ->  Nested Loop  (cost=4695.43..434817.26 rows=1 width=12) (actual time=50.904..1422.328 rows=122 loops=1)
                           Buffers: shared hit=89025 read=56582
                           ->  Nested Loop  (cost=4695.43..434814.84 rows=1 width=16) (actual time=50.898..1420.900 rows=122 loops=1)
                                 Buffers: shared hit=88903 read=56582
                                 ->  Nested Loop  (cost=4695.43..434812.42 rows=1 width=20) (actual time=50.871..1419.166 rows=122 loops=1)
                                       Buffers: shared hit=88781 read=56582
                                       ->  Hash Join  (cost=4695.00..434211.25 rows=14 width=12) (actual time=32.605..830.852 rows=2773 loops=1)
                                             Hash Cond: (t.kind_id = kt.id)
                                             Buffers: shared hit=56909 read=27256
                                             ->  Nested Loop  (cost=4693.82..434209.99 rows=19 width=16) (actual time=32.572..829.722 rows=2793 loops=1)
                                                   Buffers: shared hit=56908 read=27256
                                                   ->  Bitmap Heap Scan on movie_info mi2  (cost=4693.39..433457.72 rows=89 width=8) (actual time=19.696..369.601 rows=16148 loops=1)
                                                         Recheck Cond: (info_type_id = 5)
                                                         Filter: ((info)::text = ANY ('{Canada:14A,Canada:G,Iceland:(Banned),Israel:PG,Italy:T,Singapore:M18,Singapore:NC-16,UK:12A}'::text[]))
                                                         Rows Removed by Filter: 470406
                                                         Heap Blocks: exact=19164
                                                         Buffers: shared hit=480 read=19092
                                                         ->  Bitmap Index Scan on info_type_id_movie_info  (cost=0.00..4693.37 rows=439058 width=0) (actual time=16.279..16.280 rows=486554 loops=1)
                                                               Index Cond: (info_type_id = 5)
                                                               Buffers: shared read=408
                                                   ->  Index Scan using title_pkey on title t  (cost=0.43..8.45 rows=1 width=8) (actual time=0.028..0.028 rows=0 loops=16148)
                                                         Index Cond: (id = mi2.movie_id)
                                                         Filter: ((production_year <= 1990) AND (production_year >= 1950))
                                                         Rows Removed by Filter: 1
                                                         Buffers: shared hit=56428 read=8164
                                             ->  Hash  (cost=1.11..1.11 rows=5 width=4) (actual time=0.013..0.014 rows=5 loops=1)
                                                   Buckets: 1024  Batches: 1  Memory Usage: 9kB
                                                   Buffers: shared hit=1
                                                   ->  Seq Scan on kind_type kt  (cost=0.00..1.11 rows=5 width=4) (actual time=0.008..0.010 rows=5 loops=1)
                                                         Filter: ((kind)::text = ANY ('{episode,movie,"tv movie","tv series","video game"}'::text[]))
                                                         Rows Removed by Filter: 2
                                                         Buffers: shared hit=1
                                       ->  Index Scan using movie_id_movie_info on movie_info mi1  (cost=0.43..42.93 rows=1 width=8) (actual time=0.203..0.212 rows=0 loops=2773)
                                             Index Cond: (movie_id = t.id)
                                             Filter: ((info_type_id = 16) AND ((info)::text = ANY ('{Finland:1989,"France:September 2001",Peru:1982,Peru:1987,Peru:1988,Peru:1990,"Portugal:February 1990"}'::text[])))
                                             Rows Removed by Filter: 126
                                             Buffers: shared hit=31872 read=29326
                                 ->  Seq Scan on info_type it1  (cost=0.00..2.41 rows=1 width=4) (actual time=0.006..0.011 rows=1 loops=122)
                                       Filter: (id = 16)
                                       Rows Removed by Filter: 112
                                       Buffers: shared hit=122
                           ->  Seq Scan on info_type it2  (cost=0.00..2.41 rows=1 width=4) (actual time=0.004..0.010 rows=1 loops=122)
                                 Filter: (id = 5)
                                 Rows Removed by Filter: 112
                                 Buffers: shared hit=122
                     ->  Index Scan using movie_id_cast_info on cast_info ci  (cost=0.44..43.98 rows=38 width=12) (actual time=0.032..0.856 rows=87 loops=122)
                           Index Cond: (movie_id = t.id)
                           Buffers: shared hit=5812 read=4919
               ->  Hash  (cost=1.15..1.15 rows=1 width=4) (actual time=0.027..0.028 rows=1 loops=1)
                     Buckets: 1024  Batches: 1  Memory Usage: 9kB
                     Buffers: shared hit=1
                     ->  Seq Scan on role_type rt  (cost=0.00..1.15 rows=1 width=4) (actual time=0.022..0.023 rows=1 loops=1)
                           Filter: ((role)::text = 'actress'::text)
                           Rows Removed by Filter: 11
                           Buffers: shared hit=1
         ->  Index Scan using name_pkey on name n  (cost=0.43..2.32 rows=1 width=4) (actual time=0.036..0.036 rows=1 loops=1532)
               Index Cond: (id = ci.person_id)
               Filter: (((gender)::text = 'f'::text) OR (gender IS NULL))
               Buffers: shared hit=4375 read=1753
 Planning:
   Buffers: shared hit=487 read=87
 Planning Time: 12.264 ms
 Execution Time: 1586.015 ms
(72 rows)

