                                                                                                                                  QUERY PLAN                                                                                                                                   
-------------------------------------------------------------------------------------------------------------------------------------------------------------------------------------------------------------------------------------------------------------------------------
 Aggregate  (cost=440387.24..440387.25 rows=1 width=8) (actual time=3784.767..3784.774 rows=1 loops=1)
   Buffers: shared hit=293216 read=98362
   ->  Nested Loop  (cost=15874.87..440387.23 rows=5 width=0) (actual time=39.439..3782.274 rows=16195 loops=1)
         Buffers: shared hit=293216 read=98362
         ->  Seq Scan on info_type it2  (cost=0.00..2.41 rows=1 width=4) (actual time=0.045..0.052 rows=1 loops=1)
               Filter: (id = 6)
               Rows Removed by Filter: 112
               Buffers: shared hit=1
         ->  Nested Loop  (cost=15874.87..440384.77 rows=5 width=4) (actual time=39.392..3779.721 rows=16195 loops=1)
               Buffers: shared hit=293215 read=98362
               ->  Seq Scan on info_type it1  (cost=0.00..2.41 rows=1 width=4) (actual time=0.009..0.017 rows=1 loops=1)
                     Filter: (id = 7)
                     Rows Removed by Filter: 112
                     Buffers: shared hit=1
               ->  Nested Loop  (cost=15874.87..440382.30 rows=5 width=8) (actual time=39.380..3777.068 rows=16195 loops=1)
                     Buffers: shared hit=293214 read=98362
                     ->  Hash Join  (cost=15874.44..440331.28 rows=22 width=12) (actual time=39.338..3157.522 rows=18216 loops=1)
                           Hash Cond: (ci.role_id = rt.id)
                           Buffers: shared hit=229832 read=88880
                           ->  Nested Loop  (cost=15873.24..440329.77 rows=86 width=16) (actual time=39.252..3134.938 rows=132048 loops=1)
                                 Buffers: shared hit=229831 read=88880
                                 ->  Nested Loop  (cost=15872.80..440067.81 rows=6 width=20) (actual time=39.211..1794.196 rows=3207 loops=1)
                                       Buffers: shared hit=139584 read=43776
                                       ->  Hash Join  (cost=15872.36..400279.64 rows=928 width=12) (actual time=38.962..1201.023 rows=4866 loops=1)
                                             Hash Cond: (t.kind_id = kt.id)
                                             Buffers: shared hit=100007 read=20759
                                             ->  Nested Loop  (cost=15871.19..400272.98 rows=1300 width=16) (actual time=38.917..1196.090 rows=20805 loops=1)
                                                   Buffers: shared hit=100006 read=20759
                                                   ->  Bitmap Heap Scan on movie_info mi1  (cost=15870.76..389015.55 rows=1391 width=8) (actual time=38.886..380.794 rows=27404 loops=1)
                                                         Recheck Cond: (info_type_id = 7)
                                                         Filter: ((info)::text = ANY ('{"LAB:Laser Pacific Media Corporation, Los Angeles (CA), USA","MET:600 m","OFM:16 mm",OFM:HDCAM,"PCS:HDCAM SR",PCS:HDV,PFM:DVD-ROM,"RAT:2.20 : 1",RAT:4:3}'::text[]))
                                                         Rows Removed by Filter: 1374498
                                                         Heap Blocks: exact=10050
                                                         Buffers: shared hit=567 read=10582
                                                         ->  Bitmap Index Scan on info_type_id_movie_info  (cost=0.00..15870.39 rows=1484527 width=0) (actual time=37.477..37.477 rows=1401902 loops=1)
                                                               Index Cond: (info_type_id = 7)
                                                               Buffers: shared read=1099
                                                   ->  Index Scan using title_pkey on title t  (cost=0.43..8.09 rows=1 width=8) (actual time=0.029..0.029 rows=1 loops=27404)
                                                         Index Cond: (id = mi1.movie_id)
                                                         Filter: ((production_year <= 2015) AND (production_year >= 1925))
                                                         Rows Removed by Filter: 0
                                                         Buffers: shared hit=99439 read=10177
                                             ->  Hash  (cost=1.11..1.11 rows=5 width=4) (actual time=0.018..0.019 rows=5 loops=1)
                                                   Buckets: 1024  Batches: 1  Memory Usage: 9kB
                                                   Buffers: shared hit=1
                                                   ->  Seq Scan on kind_type kt  (cost=0.00..1.11 rows=5 width=4) (actual time=0.009..0.011 rows=5 loops=1)
                                                         Filter: ((kind)::text = ANY ('{episode,"tv movie","tv series","video game","video movie"}'::text[]))
                                                         Rows Removed by Filter: 2
                                                         Buffers: shared hit=1
                                       ->  Index Scan using movie_id_movie_info on movie_info mi2  (cost=0.43..42.87 rows=1 width=8) (actual time=0.072..0.121 rows=1 loops=4866)
                                             Index Cond: (movie_id = t.id)
                                             Filter: ((info_type_id = 6) AND ((info)::text = ANY ('{"4-Track Stereo","70 mm 6-Track",DTS,DTS-Stereo,Datasat,"Dolby Digital EX","Dolby Digital","Dolby SR",Dolby,Mono,SDDS,Silent,Sonics-DDP,Stereo,"Ultra Stereo"}'::text[])))
                                             Rows Removed by Filter: 22
                                             Buffers: shared hit=39577 read=23017
                                 ->  Index Scan using movie_id_cast_info on cast_info ci  (cost=0.44..43.28 rows=38 width=12) (actual time=0.032..0.409 rows=41 loops=3207)
                                       Index Cond: (movie_id = t.id)
                                       Buffers: shared hit=90247 read=45104
                           ->  Hash  (cost=1.17..1.17 rows=3 width=4) (actual time=0.020..0.021 rows=3 loops=1)
                                 Buckets: 1024  Batches: 1  Memory Usage: 9kB
                                 Buffers: shared hit=1
                                 ->  Seq Scan on role_type rt  (cost=0.00..1.17 rows=3 width=4) (actual time=0.010..0.013 rows=3 loops=1)
                                       Filter: ((role)::text = ANY ('{actress,"costume designer","production designer"}'::text[]))
                                       Rows Removed by Filter: 9
                                       Buffers: shared hit=1
                     ->  Index Scan using name_pkey on name n  (cost=0.43..2.32 rows=1 width=4) (actual time=0.033..0.033 rows=1 loops=18216)
                           Index Cond: (id = ci.person_id)
                           Filter: ((gender)::text = 'f'::text)
                           Rows Removed by Filter: 0
                           Buffers: shared hit=63382 read=9482
 Planning:
   Buffers: shared hit=532 read=45
 Planning Time: 14.350 ms
 Execution Time: 3785.322 ms
(73 rows)

