                                                                                                                   QUERY PLAN                                                                                                                    
-------------------------------------------------------------------------------------------------------------------------------------------------------------------------------------------------------------------------------------------------
 Aggregate  (cost=381678.62..381678.63 rows=1 width=8) (actual time=19504.212..19504.218 rows=1 loops=1)
   Buffers: shared hit=1685061 read=315502
   ->  Nested Loop  (cost=4697.66..381678.61 rows=3 width=0) (actual time=20.780..19480.138 rows=152287 loops=1)
         Buffers: shared hit=1685061 read=315502
         ->  Hash Join  (cost=4697.23..381667.01 rows=5 width=4) (actual time=20.740..13551.053 rows=165366 loops=1)
               Hash Cond: (ci.role_id = rt.id)
               Buffers: shared hit=1063156 read=275943
               ->  Nested Loop  (cost=4696.00..381665.74 rows=14 width=8) (actual time=19.861..13387.165 rows=771084 loops=1)
                     Buffers: shared hit=1063155 read=275943
                     ->  Nested Loop  (cost=4695.56..381621.38 rows=1 width=12) (actual time=19.825..5638.731 rows=16553 loops=1)
                           Buffers: shared hit=429027 read=107327
                           ->  Nested Loop  (cost=4695.56..381618.95 rows=1 width=16) (actual time=19.819..5285.440 rows=16553 loops=1)
                                 Buffers: shared hit=412474 read=107327
                                 ->  Nested Loop  (cost=4695.56..381616.53 rows=1 width=20) (actual time=19.799..4942.971 rows=16553 loops=1)
                                       Buffers: shared hit=395921 read=107327
                                       ->  Hash Join  (cost=4695.13..378263.19 rows=78 width=12) (actual time=19.751..1929.444 rows=16933 loops=1)
                                             Hash Cond: (t.kind_id = kt.id)
                                             Buffers: shared hit=173576 read=31997
                                             ->  Nested Loop  (cost=4693.95..378261.55 rows=109 width=16) (actual time=19.708..1919.399 rows=17040 loops=1)
                                                   Buffers: shared hit=173575 read=31997
                                                   ->  Bitmap Heap Scan on movie_info mi1  (cost=4693.52..374133.11 rows=496 width=8) (actual time=19.623..382.616 rows=46500 loops=1)
                                                         Recheck Cond: (info_type_id = 5)
                                                         Filter: ((info)::text = ANY ('{Australia:MA,Belgium:KT,Canada:G,"Germany:BPjM Restricted",Norway:18,Singapore:PG,Sweden:11,USA:R,"West Germany:16","West Germany:Not Rated"}'::text[]))
                                                         Rows Removed by Filter: 440054
                                                         Heap Blocks: exact=19164
                                                         Buffers: shared hit=2228 read=17344
                                                         ->  Bitmap Index Scan on info_type_id_movie_info  (cost=0.00..4693.37 rows=439058 width=0) (actual time=16.682..16.683 rows=486554 loops=1)
                                                               Index Cond: (info_type_id = 5)
                                                               Buffers: shared read=408
                                                   ->  Index Scan using title_pkey on title t  (cost=0.43..8.32 rows=1 width=8) (actual time=0.032..0.032 rows=0 loops=46500)
                                                         Index Cond: (id = mi1.movie_id)
                                                         Filter: ((production_year <= 1990) AND (production_year >= 1950))
                                                         Rows Removed by Filter: 1
                                                         Buffers: shared hit=171347 read=14653
                                             ->  Hash  (cost=1.11..1.11 rows=5 width=4) (actual time=0.022..0.023 rows=5 loops=1)
                                                   Buckets: 1024  Batches: 1  Memory Usage: 9kB
                                                   Buffers: shared hit=1
                                                   ->  Seq Scan on kind_type kt  (cost=0.00..1.11 rows=5 width=4) (actual time=0.011..0.013 rows=5 loops=1)
                                                         Filter: ((kind)::text = ANY ('{episode,movie,"tv movie","tv series","video game"}'::text[]))
                                                         Rows Removed by Filter: 2
                                                         Buffers: shared hit=1
                                       ->  Index Scan using movie_id_movie_info on movie_info mi2  (cost=0.43..42.98 rows=1 width=8) (actual time=0.065..0.177 rows=1 loops=16933)
                                             Index Cond: (movie_id = t.id)
                                             Filter: ((info_type_id = 6) AND ((info)::text = ANY ('{"4-Track Stereo","70 mm 6-Track","Dolby Digital","Dolby SR",Dolby,Mono,Stereo,"Ultra Stereo"}'::text[])))
                                             Rows Removed by Filter: 62
                                             Buffers: shared hit=222345 read=75330
                                 ->  Seq Scan on info_type it1  (cost=0.00..2.41 rows=1 width=4) (actual time=0.010..0.018 rows=1 loops=16553)
                                       Filter: (id = 5)
                                       Rows Removed by Filter: 112
                                       Buffers: shared hit=16553
                           ->  Seq Scan on info_type it2  (cost=0.00..2.41 rows=1 width=4) (actual time=0.010..0.019 rows=1 loops=16553)
                                 Filter: (id = 6)
                                 Rows Removed by Filter: 112
                                 Buffers: shared hit=16553
                     ->  Index Scan using movie_id_cast_info on cast_info ci  (cost=0.44..43.98 rows=38 width=12) (actual time=0.036..0.456 rows=47 loops=16553)
                           Index Cond: (movie_id = t.id)
                           Buffers: shared hit=634128 read=168616
               ->  Hash  (cost=1.18..1.18 rows=4 width=4) (actual time=0.037..0.038 rows=4 loops=1)
                     Buckets: 1024  Batches: 1  Memory Usage: 9kB
                     Buffers: shared hit=1
                     ->  Seq Scan on role_type rt  (cost=0.00..1.18 rows=4 width=4) (actual time=0.028..0.031 rows=4 loops=1)
                           Filter: ((role)::text = ANY ('{cinematographer,"costume designer",editor,"miscellaneous crew"}'::text[]))
                           Rows Removed by Filter: 8
                           Buffers: shared hit=1
         ->  Index Scan using name_pkey on name n  (cost=0.43..2.32 rows=1 width=4) (actual time=0.035..0.035 rows=1 loops=165366)
               Index Cond: (id = ci.person_id)
               Filter: (((gender)::text = 'm'::text) OR (gender IS NULL))
               Rows Removed by Filter: 0
               Buffers: shared hit=621905 read=39559
 Planning:
   Buffers: shared hit=532 read=45
 Planning Time: 12.800 ms
 Execution Time: 19504.862 ms
(73 rows)

