                                                                                                                 QUERY PLAN                                                                                                                  
---------------------------------------------------------------------------------------------------------------------------------------------------------------------------------------------------------------------------------------------
 Aggregate  (cost=460470.29..460470.30 rows=1 width=8) (actual time=17245.329..17245.336 rows=1 loops=1)
   Buffers: shared hit=1036248 read=318129
   ->  Nested Loop  (cost=8155.18..460470.18 rows=43 width=0) (actual time=51.328..17241.780 rows=12454 loops=1)
         Buffers: shared hit=1036248 read=318129
         ->  Hash Join  (cost=8154.75..460270.70 rows=86 width=4) (actual time=48.504..10323.670 rows=151611 loops=1)
               Hash Cond: (ci.role_id = rt.id)
               Buffers: shared hit=472262 read=275671
               ->  Nested Loop  (cost=8153.52..460268.55 rows=258 width=8) (actual time=48.452..10214.018 rows=371824 loops=1)
                     Buffers: shared hit=472261 read=275671
                     ->  Nested Loop  (cost=8153.08..459482.68 rows=18 width=12) (actual time=48.272..4648.338 rows=16829 loops=1)
                           Buffers: shared hit=230475 read=106289
                           ->  Seq Scan on info_type it2  (cost=0.00..2.41 rows=1 width=4) (actual time=0.028..0.038 rows=1 loops=1)
                                 Filter: (id = 1)
                                 Rows Removed by Filter: 112
                                 Buffers: shared hit=1
                           ->  Nested Loop  (cost=8153.08..459480.09 rows=18 width=16) (actual time=48.242..4644.111 rows=16829 loops=1)
                                 Buffers: shared hit=230474 read=106289
                                 ->  Seq Scan on info_type it1  (cost=0.00..2.41 rows=1 width=4) (actual time=0.013..0.023 rows=1 loops=1)
                                       Filter: (id = 4)
                                       Rows Removed by Filter: 112
                                       Buffers: shared hit=1
                                 ->  Nested Loop  (cost=8153.08..459477.50 rows=18 width=20) (actual time=48.225..4639.289 rows=16829 loops=1)
                                       Buffers: shared hit=230473 read=106289
                                       ->  Hash Join  (cost=8152.61..430510.82 rows=684 width=12) (actual time=48.037..1600.153 rows=21374 loops=1)
                                             Hash Cond: (t.kind_id = kt.id)
                                             Buffers: shared hit=66009 read=25772
                                             ->  Nested Loop  (cost=8151.41..430506.26 rows=798 width=16) (actual time=47.991..1586.926 rows=21374 loops=1)
                                                   Buffers: shared hit=66008 read=25772
                                                   ->  Bitmap Heap Scan on movie_info mi2  (cost=8150.98..423475.83 rows=854 width=8) (actual time=47.790..529.538 rows=21539 loops=1)
                                                         Recheck Cond: (info_type_id = 1)
                                                         Filter: ((info)::text = ANY ('{118,75,82,83,UK:15,USA:30,USA:88}'::text[]))
                                                         Rows Removed by Filter: 780601
                                                         Heap Blocks: exact=4993
                                                         Buffers: shared hit=23 read=5601
                                                         ->  Bitmap Index Scan on info_type_id_movie_info  (cost=0.00..8150.77 rows=762444 width=0) (actual time=44.829..44.829 rows=802140 loops=1)
                                                               Index Cond: (info_type_id = 1)
                                                               Buffers: shared read=631
                                                   ->  Index Scan using title_pkey on title t  (cost=0.43..8.23 rows=1 width=8) (actual time=0.048..0.048 rows=1 loops=21539)
                                                         Index Cond: (id = mi2.movie_id)
                                                         Filter: ((production_year <= 2015) AND (production_year >= 1925))
                                                         Rows Removed by Filter: 0
                                                         Buffers: shared hit=65985 read=20171
                                             ->  Hash  (cost=1.12..1.12 rows=6 width=4) (actual time=0.020..0.021 rows=6 loops=1)
                                                   Buckets: 1024  Batches: 1  Memory Usage: 9kB
                                                   Buffers: shared hit=1
                                                   ->  Seq Scan on kind_type kt  (cost=0.00..1.12 rows=6 width=4) (actual time=0.007..0.011 rows=6 loops=1)
                                                         Filter: ((kind)::text = ANY ('{episode,movie,"tv movie","tv series","video game","video movie"}'::text[]))
                                                         Rows Removed by Filter: 1
                                                         Buffers: shared hit=1
                                       ->  Index Scan using movie_id_movie_info on movie_info mi1  (cost=0.47..42.34 rows=1 width=8) (actual time=0.081..0.141 rows=1 loops=21374)
                                             Index Cond: (movie_id = t.id)
                                             Filter: ((info_type_id = 4) AND ((info)::text = ANY ('{Afrikaans,Albanian,Armenian,Czech,English,Estonian,Filipino,Malayalam,Mandarin,Portuguese,Russian,Serbian,Tamil,Telugu,Urdu}'::text[])))
                                             Rows Removed by Filter: 13
                                             Buffers: shared hit=164464 read=80517
                     ->  Index Scan using movie_id_cast_info on cast_info ci  (cost=0.44..43.28 rows=38 width=12) (actual time=0.049..0.324 rows=22 loops=16829)
                           Index Cond: (movie_id = t.id)
                           Buffers: shared hit=241786 read=169382
               ->  Hash  (cost=1.18..1.18 rows=4 width=4) (actual time=0.031..0.031 rows=4 loops=1)
                     Buckets: 1024  Batches: 1  Memory Usage: 9kB
                     Buffers: shared hit=1
                     ->  Seq Scan on role_type rt  (cost=0.00..1.18 rows=4 width=4) (actual time=0.018..0.023 rows=4 loops=1)
                           Filter: ((role)::text = ANY ('{actor,cinematographer,"costume designer","production designer"}'::text[]))
                           Rows Removed by Filter: 8
                           Buffers: shared hit=1
         ->  Index Scan using name_pkey on name n  (cost=0.43..2.32 rows=1 width=4) (actual time=0.045..0.045 rows=0 loops=151611)
               Index Cond: (id = ci.person_id)
               Filter: (((gender)::text = 'f'::text) OR (gender IS NULL))
               Rows Removed by Filter: 1
               Buffers: shared hit=563986 read=42458
 Planning:
   Buffers: shared hit=485 read=92
 Planning Time: 9.749 ms
 Execution Time: 17245.736 ms
(73 rows)

