                                                                                             QUERY PLAN                                                                                              
-----------------------------------------------------------------------------------------------------------------------------------------------------------------------------------------------------
 Aggregate  (cost=381454.49..381454.50 rows=1 width=8) (actual time=13015.080..13015.088 rows=1 loops=1)
   Buffers: shared hit=1085213 read=264600
   ->  Nested Loop  (cost=8154.94..381454.48 rows=4 width=0) (actual time=22.378..12991.446 rows=178944 loops=1)
         Buffers: shared hit=1085213 read=264600
         ->  Hash Join  (cost=8154.51..381442.88 rows=5 width=4) (actual time=22.334..6896.703 rows=178944 loops=1)
               Hash Cond: (ci.role_id = rt.id)
               Buffers: shared hit=416882 read=217155
               ->  Nested Loop  (cost=8153.28..381441.60 rows=14 width=8) (actual time=22.278..6811.145 rows=307023 loops=1)
                     Buffers: shared hit=416881 read=217155
                     ->  Nested Loop  (cost=8152.84..381397.24 rows=1 width=12) (actual time=22.251..3165.176 rows=10656 loops=1)
                           Buffers: shared hit=230121 read=70661
                           ->  Nested Loop  (cost=8152.84..381394.82 rows=1 width=16) (actual time=22.243..2956.616 rows=10656 loops=1)
                                 Buffers: shared hit=219465 read=70661
                                 ->  Nested Loop  (cost=8152.84..381392.40 rows=1 width=20) (actual time=22.224..2744.286 rows=10656 loops=1)
                                       Buffers: shared hit=208809 read=70661
                                       ->  Hash Join  (cost=8152.41..380538.72 rows=20 width=12) (actual time=22.066..1413.260 rows=10793 loops=1)
                                             Hash Cond: (t.kind_id = kt.id)
                                             Buffers: shared hit=122550 read=24219
                                             ->  Nested Loop  (cost=8151.28..380537.38 rows=47 width=16) (actual time=22.030..1407.188 rows=11565 loops=1)
                                                   Buffers: shared hit=122549 read=24219
                                                   ->  Bitmap Heap Scan on movie_info mi1  (cost=8150.85..378736.55 rows=214 width=8) (actual time=21.521..239.107 rows=35286 loops=1)
                                                         Recheck Cond: (info_type_id = 1)
                                                         Filter: ((info)::text = ANY ('{100,109,22,59,69,81,84,89,91,97,USA:90}'::text[]))
                                                         Rows Removed by Filter: 766854
                                                         Heap Blocks: exact=4993
                                                         Buffers: shared hit=1280 read=4344
                                                         ->  Bitmap Index Scan on info_type_id_movie_info  (cost=0.00..8150.77 rows=762444 width=0) (actual time=20.918..20.919 rows=802140 loops=1)
                                                               Index Cond: (info_type_id = 1)
                                                               Buffers: shared read=631
                                                   ->  Index Scan using title_pkey on title t  (cost=0.43..8.42 rows=1 width=8) (actual time=0.033..0.033 rows=0 loops=35286)
                                                         Index Cond: (id = mi1.movie_id)
                                                         Filter: ((production_year <= 1990) AND (production_year >= 1950))
                                                         Rows Removed by Filter: 1
                                                         Buffers: shared hit=121269 read=19875
                                             ->  Hash  (cost=1.10..1.10 rows=3 width=4) (actual time=0.014..0.015 rows=3 loops=1)
                                                   Buckets: 1024  Batches: 1  Memory Usage: 9kB
                                                   Buffers: shared hit=1
                                                   ->  Seq Scan on kind_type kt  (cost=0.00..1.10 rows=3 width=4) (actual time=0.007..0.009 rows=3 loops=1)
                                                         Filter: ((kind)::text = ANY ('{movie,"tv movie","tv series"}'::text[]))
                                                         Rows Removed by Filter: 4
                                                         Buffers: shared hit=1
                                       ->  Index Scan using movie_id_movie_info on movie_info mi2  (cost=0.43..42.67 rows=1 width=8) (actual time=0.104..0.123 rows=1 loops=10793)
                                             Index Cond: (movie_id = t.id)
                                             Filter: (((info)::text = ANY ('{"Black and White",Color}'::text[])) AND (info_type_id = 2))
                                             Rows Removed by Filter: 17
                                             Buffers: shared hit=86259 read=46442
                                 ->  Seq Scan on info_type it1  (cost=0.00..2.41 rows=1 width=4) (actual time=0.010..0.018 rows=1 loops=10656)
                                       Filter: (id = 1)
                                       Rows Removed by Filter: 112
                                       Buffers: shared hit=10656
                           ->  Seq Scan on info_type it2  (cost=0.00..2.41 rows=1 width=4) (actual time=0.009..0.018 rows=1 loops=10656)
                                 Filter: (id = 2)
                                 Rows Removed by Filter: 112
                                 Buffers: shared hit=10656
                     ->  Index Scan using movie_id_cast_info on cast_info ci  (cost=0.44..43.98 rows=38 width=12) (actual time=0.037..0.334 rows=29 loops=10656)
                           Index Cond: (movie_id = t.id)
                           Buffers: shared hit=186760 read=146494
               ->  Hash  (cost=1.18..1.18 rows=4 width=4) (actual time=0.030..0.031 rows=4 loops=1)
                     Buckets: 1024  Batches: 1  Memory Usage: 9kB
                     Buffers: shared hit=1
                     ->  Seq Scan on role_type rt  (cost=0.00..1.18 rows=4 width=4) (actual time=0.021..0.024 rows=4 loops=1)
                           Filter: ((role)::text = ANY ('{actor,"costume designer",producer,writer}'::text[]))
                           Rows Removed by Filter: 8
                           Buffers: shared hit=1
         ->  Index Scan using name_pkey on name n  (cost=0.43..2.32 rows=1 width=4) (actual time=0.033..0.033 rows=1 loops=178944)
               Index Cond: (id = ci.person_id)
               Filter: (((gender)::text = ANY ('{f,m}'::text[])) OR (gender IS NULL))
               Buffers: shared hit=668331 read=47445
 Planning:
   Buffers: shared hit=485 read=92
 Planning Time: 10.020 ms
 Execution Time: 13015.596 ms
(72 rows)

