                                                                                                              QUERY PLAN                                                                                                               
---------------------------------------------------------------------------------------------------------------------------------------------------------------------------------------------------------------------------------------
 Aggregate  (cost=384623.49..384623.50 rows=1 width=8) (actual time=13139.298..13139.306 rows=1 loops=1)
   Buffers: shared hit=1144620 read=204959
   ->  Nested Loop  (cost=4697.74..384623.47 rows=8 width=0) (actual time=21.265..13115.145 rows=154683 loops=1)
         Buffers: shared hit=1144620 read=204959
         ->  Hash Join  (cost=4697.31..384581.72 rows=18 width=4) (actual time=21.182..7257.146 rows=167386 loops=1)
               Hash Cond: (ci.role_id = rt.id)
               Buffers: shared hit=490779 read=189256
               ->  Nested Loop  (cost=4696.05..384580.30 rows=43 width=8) (actual time=21.090..7164.429 rows=313531 loops=1)
                     Buffers: shared hit=490778 read=189256
                     ->  Nested Loop  (cost=4695.61..384447.22 rows=3 width=12) (actual time=20.419..3758.517 rows=7391 loops=1)
                           Buffers: shared hit=253606 read=99500
                           ->  Seq Scan on info_type it2  (cost=0.00..2.41 rows=1 width=4) (actual time=0.030..0.041 rows=1 loops=1)
                                 Filter: (id = 8)
                                 Rows Removed by Filter: 112
                                 Buffers: shared hit=1
                           ->  Nested Loop  (cost=4695.61..384444.77 rows=3 width=16) (actual time=20.388..3756.330 rows=7391 loops=1)
                                 Buffers: shared hit=253605 read=99500
                                 ->  Seq Scan on info_type it1  (cost=0.00..2.41 rows=1 width=4) (actual time=0.009..0.022 rows=1 loops=1)
                                       Filter: (id = 5)
                                       Rows Removed by Filter: 112
                                       Buffers: shared hit=1
                                 ->  Nested Loop  (cost=4695.61..384442.33 rows=3 width=20) (actual time=20.376..3754.267 rows=7391 loops=1)
                                       Buffers: shared hit=253604 read=99500
                                       ->  Hash Join  (cost=4695.18..379339.09 rows=118 width=12) (actual time=20.308..1837.005 rows=10245 loops=1)
                                             Hash Cond: (t.kind_id = kt.id)
                                             Buffers: shared hit=137133 read=42908
                                             ->  Nested Loop  (cost=4693.98..379337.31 rows=137 width=16) (actual time=20.264..1830.860 rows=10245 loops=1)
                                                   Buffers: shared hit=137132 read=42908
                                                   ->  Bitmap Heap Scan on movie_info mi1  (cost=4693.55..374133.14 rows=628 width=8) (actual time=20.221..388.077 rows=40117 loops=1)
                                                         Recheck Cond: (info_type_id = 5)
                                                         Filter: ((info)::text = ANY ('{Argentina:Atp,Australia:R,Canada:AA,Canada:PG,Germany:6,India:Unrated,Italy:VM18,Netherlands:12,Singapore:NC-16,Spain:18}'::text[]))
                                                         Rows Removed by Filter: 446437
                                                         Heap Blocks: exact=19164
                                                         Buffers: shared hit=1568 read=18004
                                                         ->  Bitmap Index Scan on info_type_id_movie_info  (cost=0.00..4693.37 rows=439058 width=0) (actual time=16.634..16.634 rows=486554 loops=1)
                                                               Index Cond: (info_type_id = 5)
                                                               Buffers: shared read=408
                                                   ->  Index Scan using title_pkey on title t  (cost=0.43..8.29 rows=1 width=8) (actual time=0.035..0.035 rows=0 loops=40117)
                                                         Index Cond: (id = mi1.movie_id)
                                                         Filter: ((production_year <= 1990) AND (production_year >= 1950))
                                                         Rows Removed by Filter: 1
                                                         Buffers: shared hit=135564 read=24904
                                             ->  Hash  (cost=1.12..1.12 rows=6 width=4) (actual time=0.015..0.017 rows=6 loops=1)
                                                   Buckets: 1024  Batches: 1  Memory Usage: 9kB
                                                   Buffers: shared hit=1
                                                   ->  Seq Scan on kind_type kt  (cost=0.00..1.12 rows=6 width=4) (actual time=0.008..0.011 rows=6 loops=1)
                                                         Filter: ((kind)::text = ANY ('{episode,movie,"tv movie","tv series","video game","video movie"}'::text[]))
                                                         Rows Removed by Filter: 1
                                                         Buffers: shared hit=1
                                       ->  Index Scan using movie_id_movie_info on movie_info mi2  (cost=0.43..43.24 rows=1 width=8) (actual time=0.179..0.186 rows=1 loops=10245)
                                             Index Cond: (movie_id = t.id)
                                             Filter: ((info_type_id = 8) AND ((info)::text = ANY ('{Austria,Belgium,Denmark,India,Japan,Philippines,"Soviet Union",Spain,Sweden,Switzerland,USA,"West Germany",Yugoslavia}'::text[])))
                                             Rows Removed by Filter: 65
                                             Buffers: shared hit=116471 read=56592
                     ->  Index Scan using movie_id_cast_info on cast_info ci  (cost=0.44..43.98 rows=38 width=12) (actual time=0.037..0.449 rows=42 loops=7391)
                           Index Cond: (movie_id = t.id)
                           Buffers: shared hit=237172 read=89756
               ->  Hash  (cost=1.20..1.20 rows=5 width=4) (actual time=0.040..0.040 rows=5 loops=1)
                     Buckets: 1024  Batches: 1  Memory Usage: 9kB
                     Buffers: shared hit=1
                     ->  Seq Scan on role_type rt  (cost=0.00..1.20 rows=5 width=4) (actual time=0.028..0.033 rows=5 loops=1)
                           Filter: ((role)::text = ANY ('{actor,"costume designer",director,guest,writer}'::text[]))
                           Rows Removed by Filter: 7
                           Buffers: shared hit=1
         ->  Index Scan using name_pkey on name n  (cost=0.43..2.32 rows=1 width=4) (actual time=0.034..0.034 rows=1 loops=167386)
               Index Cond: (id = ci.person_id)
               Filter: ((gender)::text = 'm'::text)
               Rows Removed by Filter: 0
               Buffers: shared hit=653841 read=15703
 Planning:
   Buffers: shared hit=486 read=91
 Planning Time: 13.577 ms
 Execution Time: 13139.988 ms
(73 rows)

