                                                                                                                                                                                                                                                                   QUERY PLAN                                                                                                                                                                                                                                                                   
------------------------------------------------------------------------------------------------------------------------------------------------------------------------------------------------------------------------------------------------------------------------------------------------------------------------------------------------------------------------------------------------------------------------------------------------------------------------------------------------------------------------------------------------
 Aggregate  (cost=343439.96..343439.97 rows=1 width=8) (actual time=299.103..299.111 rows=1 loops=1)
   Buffers: shared hit=12583 read=15983
   ->  Nested Loop  (cost=3725.49..343439.96 rows=1 width=0) (actual time=121.671..299.103 rows=3 loops=1)
         Buffers: shared hit=12583 read=15983
         ->  Hash Join  (cost=3725.06..343435.32 rows=2 width=4) (actual time=121.624..298.993 rows=3 loops=1)
               Hash Cond: (ci.role_id = rt.id)
               Buffers: shared hit=12572 read=15982
               ->  Nested Loop  (cost=3723.89..343434.10 rows=14 width=8) (actual time=49.063..298.912 rows=68 loops=1)
                     Buffers: shared hit=12571 read=15982
                     ->  Nested Loop  (cost=3723.45..343389.74 rows=1 width=12) (actual time=49.011..298.299 rows=2 loops=1)
                           Buffers: shared hit=12529 read=15950
                           ->  Nested Loop  (cost=3723.45..343387.32 rows=1 width=16) (actual time=49.001..298.271 rows=2 loops=1)
                                 Buffers: shared hit=12527 read=15950
                                 ->  Nested Loop  (cost=3723.45..343384.89 rows=1 width=20) (actual time=48.973..298.221 rows=2 loops=1)
                                       Buffers: shared hit=12525 read=15950
                                       ->  Nested Loop  (cost=3723.31..343384.73 rows=1 width=24) (actual time=48.950..298.187 rows=2 loops=1)
                                             Buffers: shared hit=12521 read=15950
                                             ->  Nested Loop  (cost=3722.85..343299.10 rows=2 width=16) (actual time=15.767..180.851 rows=1129 loops=1)
                                                   Buffers: shared hit=5801 read=10707
                                                   ->  Bitmap Heap Scan on movie_info mi2  (cost=3722.42..343223.03 rows=9 width=8) (actual time=15.358..134.819 rows=1323 loops=1)
                                                         Recheck Cond: (info_type_id = 17)
                                                         Filter: ((info)::text = 'Last show of the series.'::text)
                                                         Rows Removed by Filter: 366895
                                                         Heap Blocks: exact=10925
                                                         Buffers: shared hit=2546 read=8670
                                                         ->  Bitmap Index Scan on info_type_id_movie_info  (cost=0.00..3722.42 rows=347998 width=0) (actual time=13.807..13.808 rows=368218 loops=1)
                                                               Index Cond: (info_type_id = 17)
                                                               Buffers: shared hit=1 read=290
                                                   ->  Index Scan using title_pkey on title t  (cost=0.43..8.45 rows=1 width=8) (actual time=0.034..0.034 rows=1 loops=1323)
                                                         Index Cond: (id = mi2.movie_id)
                                                         Filter: ((production_year <= 1990) AND (production_year >= 1950))
                                                         Rows Removed by Filter: 0
                                                         Buffers: shared hit=3255 read=2037
                                             ->  Index Scan using movie_id_movie_info on movie_info mi1  (cost=0.46..42.80 rows=1 width=8) (actual time=0.104..0.104 rows=0 loops=1129)
                                                   Index Cond: (movie_id = t.id)
                                                   Filter: ((info_type_id = 18) AND ((info)::text = ANY ('{Bahamas,"Bellevue Hospital - 550 First Avenue, Manhattan, New York City, New York, USA","Bray Studios, Down Place, Oakley Green, Berkshire, England, UK","Chicago, Illinois, USA","Colonial Street, Backlot, Universal Studios - 100 Universal City Plaza, Universal City, California, USA","England, UK","Hong Kong, China","Malibu, California, USA","Miami, Florida, USA",Spain,"Sydney, New South Wales, Australia"}'::text[])))
                                                   Rows Removed by Filter: 10
                                                   Buffers: shared hit=6720 read=5243
                                       ->  Index Scan using kind_type_pkey on kind_type kt  (cost=0.13..0.16 rows=1 width=4) (actual time=0.014..0.014 rows=1 loops=2)
                                             Index Cond: (id = t.kind_id)
                                             Filter: ((kind)::text = ANY ('{episode,movie,"tv movie","tv series","video game","video movie"}'::text[]))
                                             Buffers: shared hit=4
                                 ->  Seq Scan on info_type it1  (cost=0.00..2.41 rows=1 width=4) (actual time=0.017..0.021 rows=1 loops=2)
                                       Filter: (id = 18)
                                       Rows Removed by Filter: 112
                                       Buffers: shared hit=2
                           ->  Seq Scan on info_type it2  (cost=0.00..2.41 rows=1 width=4) (actual time=0.007..0.012 rows=1 loops=2)
                                 Filter: (id = 17)
                                 Rows Removed by Filter: 112
                                 Buffers: shared hit=2
                     ->  Index Scan using movie_id_cast_info on cast_info ci  (cost=0.44..43.98 rows=38 width=12) (actual time=0.038..0.298 rows=34 loops=2)
                           Index Cond: (movie_id = t.id)
                           Buffers: shared hit=42 read=32
               ->  Hash  (cost=1.15..1.15 rows=2 width=4) (actual time=0.039..0.040 rows=2 loops=1)
                     Buckets: 1024  Batches: 1  Memory Usage: 9kB
                     Buffers: shared hit=1
                     ->  Seq Scan on role_type rt  (cost=0.00..1.15 rows=2 width=4) (actual time=0.030..0.033 rows=2 loops=1)
                           Filter: ((role)::text = ANY ('{composer,writer}'::text[]))
                           Rows Removed by Filter: 10
                           Buffers: shared hit=1
         ->  Index Scan using name_pkey on name n  (cost=0.43..2.32 rows=1 width=4) (actual time=0.035..0.035 rows=1 loops=3)
               Index Cond: (id = ci.person_id)
               Filter: (((gender)::text = 'm'::text) OR (gender IS NULL))
               Buffers: shared hit=11 read=1
 Planning:
   Buffers: shared hit=577
 Planning Time: 12.989 ms
 Execution Time: 299.628 ms
(68 rows)

