                                                                                               QUERY PLAN                                                                                               
--------------------------------------------------------------------------------------------------------------------------------------------------------------------------------------------------------
 Aggregate  (cost=432056.93..432056.94 rows=1 width=8) (actual time=1014.739..1014.745 rows=1 loops=1)
   Buffers: shared hit=35478 read=30662
   ->  Nested Loop  (cost=32182.64..432056.93 rows=1 width=0) (actual time=503.962..1014.712 rows=37 loops=1)
         Buffers: shared hit=35478 read=30662
         ->  Hash Join  (cost=32182.21..432052.29 rows=2 width=4) (actual time=503.922..1012.659 rows=37 loops=1)
               Hash Cond: (ci.role_id = rt.id)
               Buffers: shared hit=35356 read=30636
               ->  Nested Loop  (cost=32181.03..432051.07 rows=14 width=8) (actual time=465.301..1012.360 rows=1722 loops=1)
                     Buffers: shared hit=35355 read=30636
                     ->  Nested Loop  (cost=32180.59..432006.51 rows=1 width=12) (actual time=465.266..972.460 rows=1913 loops=1)
                           Buffers: shared hit=29650 read=28885
                           ->  Nested Loop  (cost=32180.59..432004.09 rows=1 width=16) (actual time=465.259..949.358 rows=1913 loops=1)
                                 Buffers: shared hit=27737 read=28885
                                 ->  Nested Loop  (cost=32180.59..432001.67 rows=1 width=20) (actual time=465.238..930.140 rows=1913 loops=1)
                                       Buffers: shared hit=25824 read=28885
                                       ->  Hash Join  (cost=32180.16..429420.49 rows=60 width=12) (actual time=465.202..817.033 rows=1914 loops=1)
                                             Hash Cond: (t.kind_id = kt.id)
                                             Buffers: shared hit=11099 read=24411
                                             ->  Nested Loop  (cost=32178.96..429419.00 rows=69 width=16) (actual time=465.156..816.480 rows=1914 loops=1)
                                                   Buffers: shared hit=11098 read=24411
                                                   ->  Bitmap Heap Scan on movie_info mi1  (cost=32178.53..426213.24 rows=384 width=8) (actual time=465.105..774.403 rows=1914 loops=1)
                                                         Recheck Cond: (info_type_id = 16)
                                                         Filter: ((info)::text = ANY ('{France:1908,France:1909,France:1910,Italy:1913,"USA:January 1903"}'::text[]))
                                                         Rows Removed by Filter: 3034805
                                                         Heap Blocks: exact=25474
                                                         Buffers: shared hit=4609 read=23244
                                                         ->  Bitmap Index Scan on info_type_id_movie_info  (cost=0.00..32178.44 rows=3010400 width=0) (actual time=78.073..78.073 rows=3036719 loops=1)
                                                               Index Cond: (info_type_id = 16)
                                                               Buffers: shared hit=1 read=2378
                                                   ->  Index Scan using title_pkey on title t  (cost=0.43..8.35 rows=1 width=8) (actual time=0.022..0.022 rows=1 loops=1914)
                                                         Index Cond: (id = mi1.movie_id)
                                                         Filter: ((production_year <= 1975) AND (production_year >= 1875))
                                                         Buffers: shared hit=6489 read=1167
                                             ->  Hash  (cost=1.12..1.12 rows=6 width=4) (actual time=0.019..0.020 rows=6 loops=1)
                                                   Buckets: 1024  Batches: 1  Memory Usage: 9kB
                                                   Buffers: shared hit=1
                                                   ->  Seq Scan on kind_type kt  (cost=0.00..1.12 rows=6 width=4) (actual time=0.009..0.012 rows=6 loops=1)
                                                         Filter: ((kind)::text = ANY ('{episode,movie,"tv movie","tv series","video game","video movie"}'::text[]))
                                                         Rows Removed by Filter: 1
                                                         Buffers: shared hit=1
                                       ->  Index Scan using movie_id_movie_info on movie_info mi2  (cost=0.43..43.01 rows=1 width=8) (actual time=0.025..0.059 rows=1 loops=1914)
                                             Index Cond: (movie_id = t.id)
                                             Filter: ((info_type_id = 6) AND ((info)::text = ANY ('{"4-Track Stereo","70 mm 6-Track","Dolby Digital",Mono,Silent,Stereo}'::text[])))
                                             Rows Removed by Filter: 11
                                             Buffers: shared hit=14725 read=4474
                                 ->  Seq Scan on info_type it1  (cost=0.00..2.41 rows=1 width=4) (actual time=0.005..0.009 rows=1 loops=1913)
                                       Filter: (id = 16)
                                       Rows Removed by Filter: 112
                                       Buffers: shared hit=1913
                           ->  Seq Scan on info_type it2  (cost=0.00..2.41 rows=1 width=4) (actual time=0.007..0.011 rows=1 loops=1913)
                                 Filter: (id = 6)
                                 Rows Removed by Filter: 112
                                 Buffers: shared hit=1913
                     ->  Index Scan using movie_id_cast_info on cast_info ci  (cost=0.44..44.17 rows=38 width=12) (actual time=0.016..0.020 rows=1 loops=1913)
                           Index Cond: (movie_id = t.id)
                           Buffers: shared hit=5705 read=1751
               ->  Hash  (cost=1.15..1.15 rows=2 width=4) (actual time=0.038..0.039 rows=2 loops=1)
                     Buckets: 1024  Batches: 1  Memory Usage: 9kB
                     Buffers: shared hit=1
                     ->  Seq Scan on role_type rt  (cost=0.00..1.15 rows=2 width=4) (actual time=0.029..0.032 rows=2 loops=1)
                           Filter: ((role)::text = ANY ('{"production designer",writer}'::text[]))
                           Rows Removed by Filter: 10
                           Buffers: shared hit=1
         ->  Index Scan using name_pkey on name n  (cost=0.43..2.32 rows=1 width=4) (actual time=0.054..0.054 rows=1 loops=37)
               Index Cond: (id = ci.person_id)
               Filter: (((gender)::text = 'm'::text) OR (gender IS NULL))
               Buffers: shared hit=122 read=26
 Planning:
   Buffers: shared hit=574
 Planning Time: 13.184 ms
 Execution Time: 1015.396 ms
(71 rows)

