                                                                                             QUERY PLAN                                                                                              
-----------------------------------------------------------------------------------------------------------------------------------------------------------------------------------------------------
 Aggregate  (cost=415656.39..415656.40 rows=1 width=8) (actual time=21000.119..21000.127 rows=1 loops=1)
   Buffers: shared hit=1948720 read=229731
   ->  Nested Loop  (cost=4697.76..415656.38 rows=3 width=0) (actual time=20.638..20973.427 rows=158475 loops=1)
         Buffers: shared hit=1948720 read=229731
         ->  Hash Join  (cost=4697.33..415642.47 rows=6 width=4) (actual time=20.588..14256.468 rows=190561 loops=1)
               Hash Cond: (ci.role_id = rt.id)
               Buffers: shared hit=1213953 read=202254
               ->  Nested Loop  (cost=4696.07..415641.16 rows=14 width=8) (actual time=20.468..14078.541 rows=772225 loops=1)
                     Buffers: shared hit=1213952 read=202254
                     ->  Nested Loop  (cost=4695.63..415596.61 rows=1 width=12) (actual time=20.430..6427.703 rows=20051 loops=1)
                           Buffers: shared hit=489157 read=108615
                           ->  Nested Loop  (cost=4695.63..415594.18 rows=1 width=16) (actual time=20.425..5984.723 rows=20051 loops=1)
                                 Buffers: shared hit=469106 read=108615
                                 ->  Nested Loop  (cost=4695.63..415591.76 rows=1 width=20) (actual time=20.404..5546.000 rows=20051 loops=1)
                                       Buffers: shared hit=449055 read=108615
                                       ->  Hash Join  (cost=4695.20..410319.25 rows=123 width=12) (actual time=20.340..2135.950 rows=20414 loops=1)
                                             Hash Cond: (t.kind_id = kt.id)
                                             Buffers: shared hit=174959 read=36970
                                             ->  Nested Loop  (cost=4694.00..410317.46 rows=143 width=16) (actual time=20.293..2124.077 rows=20414 loops=1)
                                                   Buffers: shared hit=174958 read=36970
                                                   ->  Bitmap Heap Scan on movie_info mi1  (cost=4693.57..403795.53 rows=791 width=8) (actual time=20.113..475.560 rows=48089 loops=1)
                                                         Recheck Cond: (info_type_id = 5)
                                                         Filter: ((info)::text = ANY ('{Argentina:16,Netherlands:AL,Sweden:15,UK:15,UK:18,USA:Approved}'::text[]))
                                                         Rows Removed by Filter: 438465
                                                         Heap Blocks: exact=19164
                                                         Buffers: shared hit=2221 read=17351
                                                         ->  Bitmap Index Scan on info_type_id_movie_info  (cost=0.00..4693.37 rows=439058 width=0) (actual time=17.198..17.199 rows=486554 loops=1)
                                                               Index Cond: (info_type_id = 5)
                                                               Buffers: shared read=408
                                                   ->  Index Scan using title_pkey on title t  (cost=0.43..8.25 rows=1 width=8) (actual time=0.034..0.034 rows=0 loops=48089)
                                                         Index Cond: (id = mi1.movie_id)
                                                         Filter: ((production_year <= 1975) AND (production_year >= 1875))
                                                         Rows Removed by Filter: 1
                                                         Buffers: shared hit=172737 read=19619
                                             ->  Hash  (cost=1.12..1.12 rows=6 width=4) (actual time=0.020..0.021 rows=6 loops=1)
                                                   Buckets: 1024  Batches: 1  Memory Usage: 9kB
                                                   Buffers: shared hit=1
                                                   ->  Seq Scan on kind_type kt  (cost=0.00..1.12 rows=6 width=4) (actual time=0.011..0.013 rows=6 loops=1)
                                                         Filter: ((kind)::text = ANY ('{episode,movie,"tv movie","tv series","video game","video movie"}'::text[]))
                                                         Rows Removed by Filter: 1
                                                         Buffers: shared hit=1
                                       ->  Index Scan using movie_id_movie_info on movie_info mi2  (cost=0.43..42.86 rows=1 width=8) (actual time=0.063..0.166 rows=1 loops=20414)
                                             Index Cond: (movie_id = t.id)
                                             Filter: ((info_type_id = 6) AND ((info)::text = ANY ('{"70 mm 6-Track",Mono,Silent}'::text[])))
                                             Rows Removed by Filter: 41
                                             Buffers: shared hit=274096 read=71645
                                 ->  Seq Scan on info_type it1  (cost=0.00..2.41 rows=1 width=4) (actual time=0.011..0.020 rows=1 loops=20051)
                                       Filter: (id = 5)
                                       Rows Removed by Filter: 112
                                       Buffers: shared hit=20051
                           ->  Seq Scan on info_type it2  (cost=0.00..2.41 rows=1 width=4) (actual time=0.011..0.020 rows=1 loops=20051)
                                 Filter: (id = 6)
                                 Rows Removed by Filter: 112
                                 Buffers: shared hit=20051
                     ->  Index Scan using movie_id_cast_info on cast_info ci  (cost=0.44..44.17 rows=38 width=12) (actual time=0.036..0.371 rows=39 loops=20051)
                           Index Cond: (movie_id = t.id)
                           Buffers: shared hit=724795 read=93639
               ->  Hash  (cost=1.20..1.20 rows=5 width=4) (actual time=0.043..0.044 rows=5 loops=1)
                     Buckets: 1024  Batches: 1  Memory Usage: 9kB
                     Buffers: shared hit=1
                     ->  Seq Scan on role_type rt  (cost=0.00..1.20 rows=5 width=4) (actual time=0.032..0.036 rows=5 loops=1)
                           Filter: ((role)::text = ANY ('{actress,cinematographer,composer,director,guest}'::text[]))
                           Rows Removed by Filter: 7
                           Buffers: shared hit=1
         ->  Index Scan using name_pkey on name n  (cost=0.43..2.32 rows=1 width=4) (actual time=0.035..0.035 rows=1 loops=190561)
               Index Cond: (id = ci.person_id)
               Filter: (((gender)::text = 'f'::text) OR (gender IS NULL))
               Rows Removed by Filter: 0
               Buffers: shared hit=734767 read=27477
 Planning:
   Buffers: shared hit=483 read=91
 Planning Time: 13.848 ms
 Execution Time: 21000.822 ms
(73 rows)

