                                                                                                                                                                                                                                                                                                                                                                                                                                                                                                                                                                                                                                                 QUERY PLAN                                                                                                                                                                                                                                                                                                                                                                                                                                                                                                                                                                                                                                                 
------------------------------------------------------------------------------------------------------------------------------------------------------------------------------------------------------------------------------------------------------------------------------------------------------------------------------------------------------------------------------------------------------------------------------------------------------------------------------------------------------------------------------------------------------------------------------------------------------------------------------------------------------------------------------------------------------------------------------------------------------------------------------------------------------------------------------------------------------------------------------------------------------------------------------------------------------------------------------------------------------------------------------------------------------------------------------------------------------------------------------------------------------------------------------------------------------------------------------------------------------------------------------------------------------------
 Aggregate  (cost=343566.48..343566.49 rows=1 width=8) (actual time=410.301..410.306 rows=1 loops=1)
   Buffers: shared hit=21408 read=19128
   ->  Nested Loop  (cost=3725.56..343566.47 rows=2 width=0) (actual time=193.594..410.291 rows=13 loops=1)
         Buffers: shared hit=21408 read=19128
         ->  Hash Join  (cost=3725.13..343554.87 rows=5 width=4) (actual time=17.863..390.950 rows=603 loops=1)
               Hash Cond: (ci.role_id = rt.id)
               Buffers: shared hit=19070 read=19054
               ->  Nested Loop  (cost=3723.90..343553.60 rows=14 width=8) (actual time=17.682..390.484 rows=2805 loops=1)
                     Buffers: shared hit=19069 read=19054
                     ->  Nested Loop  (cost=3723.46..343509.04 rows=1 width=12) (actual time=17.643..364.396 rows=72 loops=1)
                           Buffers: shared hit=16504 read=18626
                           ->  Nested Loop  (cost=3723.46..343506.62 rows=1 width=16) (actual time=17.637..363.732 rows=72 loops=1)
                                 Buffers: shared hit=16432 read=18626
                                 ->  Nested Loop  (cost=3723.46..343504.20 rows=1 width=20) (actual time=17.614..362.909 rows=72 loops=1)
                                       Buffers: shared hit=16360 read=18626
                                       ->  Nested Loop  (cost=3723.32..343504.03 rows=1 width=24) (actual time=17.599..362.382 rows=72 loops=1)
                                             Buffers: shared hit=16216 read=18626
                                             ->  Nested Loop  (cost=3722.85..343375.17 rows=3 width=16) (actual time=15.733..229.538 rows=1279 loops=1)
                                                   Buffers: shared hit=7060 read=11496
                                                   ->  Bitmap Heap Scan on movie_info mi2  (cost=3722.42..343223.03 rows=18 width=8) (actual time=15.328..163.403 rows=1835 loops=1)
                                                         Recheck Cond: (info_type_id = 17)
                                                         Filter: ((info)::text = ANY ('{"Last show of the series.","One of over 700 Paramount Productions, filmed between 1929 and 1949, which were sold to MCA/Universal in 1958 for television distribution, and have been owned and controlled by Universal ever since."}'::text[]))
                                                         Rows Removed by Filter: 366383
                                                         Heap Blocks: exact=10925
                                                         Buffers: shared hit=2355 read=8861
                                                         ->  Bitmap Index Scan on info_type_id_movie_info  (cost=0.00..3722.42 rows=347998 width=0) (actual time=13.488..13.489 rows=368218 loops=1)
                                                               Index Cond: (info_type_id = 17)
                                                               Buffers: shared read=291
                                                   ->  Index Scan using title_pkey on title t  (cost=0.43..8.45 rows=1 width=8) (actual time=0.036..0.036 rows=1 loops=1835)
                                                         Index Cond: (id = mi2.movie_id)
                                                         Filter: ((production_year <= 1975) AND (production_year >= 1875))
                                                         Rows Removed by Filter: 0
                                                         Buffers: shared hit=4705 read=2635
                                             ->  Index Scan using movie_id_movie_info on movie_info mi1  (cost=0.47..42.94 rows=1 width=8) (actual time=0.100..0.104 rows=0 loops=1279)
                                                   Index Cond: (movie_id = t.id)
                                                   Filter: ((info_type_id = 18) AND ((info)::text = ANY ('{"Bavaria Filmstudios, Geiselgasteig, GrÃ¼nwald, Bavaria, Germany","Big Bear Lake, Big Bear Valley, San Bernardino National Forest, California, USA","Bronson Canyon, Griffith Park - 4730 Crystal Springs Drive, Los Angeles, California, USA","Bronson Caves, Bronson Canyon, Griffith Park - 4730 Crystal Springs Drive, Los Angeles, California, USA","CBS Studio Center - 4024 Radford Avenue, Studio City, Los Angeles, California, USA","Los Angeles County Arboretum & Botanic Garden - 301 N. Baldwin Avenue, Arcadia, California, USA","Malibu, California, USA","Paramount Ranch - 2813 Cornell Road, Agoura, California, USA","Red Rock Canyon State Park - Highway 14, Cantil, California, USA","Stage 22, Warner Brothers Burbank Studios - 4000 Warner Boulevard, Burbank, California, USA","Stage 27A, Warner Brothers Burbank Studios - 4000 Warner Boulevard, Burbank, California, USA","Stage 8, 20th Century Fox Studios - 10201 Pico Blvd., Century City, Los Angeles, California, USA","Stage 8, Warner Brothers Burbank Studios - 4000 Warner Boulevard, Burbank, California, USA","Twickenham Film Studios, St Margarets, Twickenham, Middlesex, England, UK"}'::text[])))
                                                   Rows Removed by Filter: 17
                                                   Buffers: shared hit=9156 read=7130
                                       ->  Index Scan using kind_type_pkey on kind_type kt  (cost=0.13..0.16 rows=1 width=4) (actual time=0.006..0.006 rows=1 loops=72)
                                             Index Cond: (id = t.kind_id)
                                             Filter: ((kind)::text = ANY ('{episode,movie,"tv movie","tv series","video game","video movie"}'::text[]))
                                             Buffers: shared hit=144
                                 ->  Seq Scan on info_type it1  (cost=0.00..2.41 rows=1 width=4) (actual time=0.005..0.009 rows=1 loops=72)
                                       Filter: (id = 18)
                                       Rows Removed by Filter: 112
                                       Buffers: shared hit=72
                           ->  Seq Scan on info_type it2  (cost=0.00..2.41 rows=1 width=4) (actual time=0.004..0.008 rows=1 loops=72)
                                 Filter: (id = 17)
                                 Rows Removed by Filter: 112
                                 Buffers: shared hit=72
                     ->  Index Scan using movie_id_cast_info on cast_info ci  (cost=0.44..44.17 rows=38 width=12) (actual time=0.031..0.356 rows=39 loops=72)
                           Index Cond: (movie_id = t.id)
                           Buffers: shared hit=2565 read=428
               ->  Hash  (cost=1.18..1.18 rows=4 width=4) (actual time=0.050..0.051 rows=4 loops=1)
                     Buckets: 1024  Batches: 1  Memory Usage: 9kB
                     Buffers: shared hit=1
                     ->  Seq Scan on role_type rt  (cost=0.00..1.18 rows=4 width=4) (actual time=0.039..0.042 rows=4 loops=1)
                           Filter: ((role)::text = ANY ('{actress,"costume designer",editor,guest}'::text[]))
                           Rows Removed by Filter: 8
                           Buffers: shared hit=1
         ->  Index Scan using name_pkey on name n  (cost=0.43..2.32 rows=1 width=4) (actual time=0.032..0.032 rows=0 loops=603)
               Index Cond: (id = ci.person_id)
               Filter: ((gender)::text = 'm'::text)
               Rows Removed by Filter: 1
               Buffers: shared hit=2338 read=74
 Planning:
   Buffers: shared hit=485 read=92
 Planning Time: 13.935 ms
 Execution Time: 410.778 ms
(69 rows)

