                                                                                                                                                                                                                                                                               QUERY PLAN                                                                                                                                                                                                                                                                               
------------------------------------------------------------------------------------------------------------------------------------------------------------------------------------------------------------------------------------------------------------------------------------------------------------------------------------------------------------------------------------------------------------------------------------------------------------------------------------------------------------------------------------------------------------------------
 Aggregate  (cost=343524.78..343524.79 rows=1 width=8) (actual time=386.051..386.057 rows=1 loops=1)
   Buffers: shared hit=16843 read=21525
   ->  Nested Loop  (cost=3725.52..343524.78 rows=2 width=0) (actual time=15.239..386.044 rows=17 loops=1)
         Buffers: shared hit=16843 read=21525
         ->  Hash Join  (cost=3725.09..343513.18 rows=5 width=4) (actual time=15.011..381.874 rows=114 loops=1)
               Hash Cond: (ci.role_id = rt.id)
               Buffers: shared hit=16580 read=21332
               ->  Nested Loop  (cost=3723.86..343511.90 rows=14 width=8) (actual time=14.900..381.740 rows=389 loops=1)
                     Buffers: shared hit=16579 read=21332
                     ->  Nested Loop  (cost=3723.42..343467.05 rows=1 width=12) (actual time=14.858..376.552 rows=25 loops=1)
                           Buffers: shared hit=16456 read=20994
                           ->  Nested Loop  (cost=3723.42..343464.62 rows=1 width=16) (actual time=14.853..376.312 rows=25 loops=1)
                                 Buffers: shared hit=16431 read=20994
                                 ->  Nested Loop  (cost=3723.42..343462.20 rows=1 width=20) (actual time=14.832..376.024 rows=25 loops=1)
                                       Buffers: shared hit=16406 read=20994
                                       ->  Nested Loop  (cost=3722.99..343375.65 rows=2 width=12) (actual time=14.103..230.288 rows=1279 loops=1)
                                             Buffers: shared hit=9035 read=12079
                                             ->  Nested Loop  (cost=3722.85..343375.17 rows=3 width=16) (actual time=14.090..218.142 rows=1279 loops=1)
                                                   Buffers: shared hit=6477 read=12079
                                                   ->  Bitmap Heap Scan on movie_info mi2  (cost=3722.42..343223.03 rows=18 width=8) (actual time=13.684..161.617 rows=1835 loops=1)
                                                         Recheck Cond: (info_type_id = 17)
                                                         Filter: ((info)::text = ANY ('{"Last show of the series.","One of over 700 Paramount Productions, filmed between 1929 and 1949, which were sold to MCA/Universal in 1958 for television distribution, and have been owned and controlled by Universal ever since."}'::text[]))
                                                         Rows Removed by Filter: 366383
                                                         Heap Blocks: exact=10925
                                                         Buffers: shared hit=2077 read=9139
                                                         ->  Bitmap Index Scan on info_type_id_movie_info  (cost=0.00..3722.42 rows=347998 width=0) (actual time=12.076..12.077 rows=368218 loops=1)
                                                               Index Cond: (info_type_id = 17)
                                                               Buffers: shared read=291
                                                   ->  Index Scan using title_pkey on title t  (cost=0.43..8.45 rows=1 width=8) (actual time=0.030..0.030 rows=1 loops=1835)
                                                         Index Cond: (id = mi2.movie_id)
                                                         Filter: ((production_year <= 1975) AND (production_year >= 1925))
                                                         Rows Removed by Filter: 0
                                                         Buffers: shared hit=4400 read=2940
                                             ->  Index Scan using kind_type_pkey on kind_type kt  (cost=0.13..0.16 rows=1 width=4) (actual time=0.009..0.009 rows=1 loops=1279)
                                                   Index Cond: (id = t.kind_id)
                                                   Filter: ((kind)::text = ANY ('{episode,movie,"tv movie","video game","video movie"}'::text[]))
                                                   Buffers: shared hit=2558
                                       ->  Index Scan using movie_id_movie_info on movie_info mi1  (cost=0.43..43.27 rows=1 width=8) (actual time=0.111..0.114 rows=0 loops=1279)
                                             Index Cond: (movie_id = t.id)
                                             Filter: ((info_type_id = 18) AND ((info)::text = ANY ('{"20th Century Fox Studios - 10201 Pico Blvd., Century City, Los Angeles, California, USA","Culver City, California, USA","San Francisco, California, USA","Stage 26, Warner Brothers Burbank Studios - 4000 Warner Boulevard, Burbank, California, USA","Stage 4, Warner Brothers Burbank Studios - 4000 Warner Boulevard, Burbank, California, USA","Stage 5, Warner Brothers Burbank Studios - 4000 Warner Boulevard, Burbank, California, USA",USA}'::text[])))
                                             Rows Removed by Filter: 17
                                             Buffers: shared hit=7371 read=8915
                                 ->  Seq Scan on info_type it1  (cost=0.00..2.41 rows=1 width=4) (actual time=0.006..0.010 rows=1 loops=25)
                                       Filter: (id = 18)
                                       Rows Removed by Filter: 112
                                       Buffers: shared hit=25
                           ->  Seq Scan on info_type it2  (cost=0.00..2.41 rows=1 width=4) (actual time=0.004..0.008 rows=1 loops=25)
                                 Filter: (id = 17)
                                 Rows Removed by Filter: 112
                                 Buffers: shared hit=25
                     ->  Index Scan using movie_id_cast_info on cast_info ci  (cost=0.44..44.48 rows=38 width=12) (actual time=0.085..0.204 rows=16 loops=25)
                           Index Cond: (movie_id = t.id)
                           Buffers: shared hit=123 read=338
               ->  Hash  (cost=1.18..1.18 rows=4 width=4) (actual time=0.032..0.033 rows=4 loops=1)
                     Buckets: 1024  Batches: 1  Memory Usage: 9kB
                     Buffers: shared hit=1
                     ->  Seq Scan on role_type rt  (cost=0.00..1.18 rows=4 width=4) (actual time=0.023..0.026 rows=4 loops=1)
                           Filter: ((role)::text = ANY ('{actress,composer,director,guest}'::text[]))
                           Rows Removed by Filter: 8
                           Buffers: shared hit=1
         ->  Index Scan using name_pkey on name n  (cost=0.43..2.32 rows=1 width=4) (actual time=0.036..0.036 rows=0 loops=114)
               Index Cond: (id = ci.person_id)
               Filter: ((gender)::text = 'm'::text)
               Rows Removed by Filter: 1
               Buffers: shared hit=263 read=193
 Planning:
   Buffers: shared hit=484 read=90
 Planning Time: 11.319 ms
 Execution Time: 386.546 ms
(69 rows)

