                                                                                                         QUERY PLAN                                                                                                         
----------------------------------------------------------------------------------------------------------------------------------------------------------------------------------------------------------------------------
 Aggregate  (cost=393799.01..393799.02 rows=1 width=8) (actual time=21053.540..21053.546 rows=1 loops=1)
   Buffers: shared hit=1823810 read=337856
   ->  Nested Loop  (cost=4697.64..393798.99 rows=7 width=0) (actual time=24.820..21049.550 rows=9454 loops=1)
         Buffers: shared hit=1823810 read=337856
         ->  Seq Scan on info_type it2  (cost=0.00..2.41 rows=1 width=4) (actual time=0.046..0.055 rows=1 loops=1)
               Filter: (id = 2)
               Rows Removed by Filter: 112
               Buffers: shared hit=1
         ->  Nested Loop  (cost=4697.64..393796.51 rows=7 width=4) (actual time=24.773..21047.043 rows=9454 loops=1)
               Buffers: shared hit=1823809 read=337856
               ->  Seq Scan on info_type it1  (cost=0.00..2.41 rows=1 width=4) (actual time=0.009..0.021 rows=1 loops=1)
                     Filter: (id = 5)
                     Rows Removed by Filter: 112
                     Buffers: shared hit=1
               ->  Nested Loop  (cost=4697.64..393794.03 rows=7 width=8) (actual time=24.760..21044.411 rows=9454 loops=1)
                     Buffers: shared hit=1823808 read=337856
                     ->  Hash Join  (cost=4697.21..393754.59 rows=17 width=12) (actual time=24.714..20462.158 rows=16157 loops=1)
                           Hash Cond: (ci.role_id = rt.id)
                           Buffers: shared hit=1764658 read=332378
                           ->  Nested Loop  (cost=4696.05..393752.71 rows=201 width=16) (actual time=21.559..20220.881 rows=1415396 loops=1)
                                 Buffers: shared hit=1764657 read=332378
                                 ->  Nested Loop  (cost=4695.61..393140.48 rows=14 width=20) (actual time=21.522..6501.769 rows=29456 loops=1)
                                       Buffers: shared hit=500064 read=126995
                                       ->  Hash Join  (cost=4695.17..380378.66 rows=302 width=12) (actual time=21.460..2048.086 rows=29618 loops=1)
                                             Hash Cond: (t.kind_id = kt.id)
                                             Buffers: shared hit=159804 read=39193
                                             ->  Nested Loop  (cost=4694.02..380375.27 rows=529 width=16) (actual time=20.984..2030.032 rows=31205 loops=1)
                                                   Buffers: shared hit=159803 read=39193
                                                   ->  Bitmap Heap Scan on movie_info mi1  (cost=4693.59..374133.18 rows=756 width=8) (actual time=20.936..418.803 rows=44856 loops=1)
                                                         Recheck Cond: (info_type_id = 5)
                                                         Filter: ((info)::text = ANY ('{Brazil:16,Brazil:Livre,Canada:13+,Canada:18+,Iceland:14,Norway:A,Peru:PT,Sweden:15,Switzerland:12,USA:E,USA:TV-14,USA:X}'::text[]))
                                                         Rows Removed by Filter: 441698
                                                         Heap Blocks: exact=19164
                                                         Buffers: shared hit=2395 read=17177
                                                         ->  Bitmap Index Scan on info_type_id_movie_info  (cost=0.00..4693.37 rows=439058 width=0) (actual time=18.326..18.327 rows=486554 loops=1)
                                                               Index Cond: (info_type_id = 5)
                                                               Buffers: shared hit=1 read=407
                                                   ->  Index Scan using title_pkey on title t  (cost=0.43..8.26 rows=1 width=8) (actual time=0.035..0.035 rows=1 loops=44856)
                                                         Index Cond: (id = mi1.movie_id)
                                                         Filter: ((production_year <= 2015) AND (production_year >= 1990))
                                                         Rows Removed by Filter: 0
                                                         Buffers: shared hit=157408 read=22016
                                             ->  Hash  (cost=1.10..1.10 rows=4 width=4) (actual time=0.019..0.020 rows=4 loops=1)
                                                   Buckets: 1024  Batches: 1  Memory Usage: 9kB
                                                   Buffers: shared hit=1
                                                   ->  Seq Scan on kind_type kt  (cost=0.00..1.10 rows=4 width=4) (actual time=0.009..0.011 rows=4 loops=1)
                                                         Filter: ((kind)::text = ANY ('{episode,movie,"video game","video movie"}'::text[]))
                                                         Rows Removed by Filter: 3
                                                         Buffers: shared hit=1
                                       ->  Index Scan using movie_id_movie_info on movie_info mi2  (cost=0.43..42.25 rows=1 width=8) (actual time=0.132..0.150 rows=1 loops=29618)
                                             Index Cond: (movie_id = t.id)
                                             Filter: (((info)::text = ANY ('{"Black and White",Color}'::text[])) AND (info_type_id = 2))
                                             Rows Removed by Filter: 51
                                             Buffers: shared hit=340260 read=87802
                                 ->  Index Scan using movie_id_cast_info on cast_info ci  (cost=0.44..43.35 rows=38 width=12) (actual time=0.035..0.453 rows=48 loops=29456)
                                       Index Cond: (movie_id = t.id)
                                       Buffers: shared hit=1264593 read=205383
                           ->  Hash  (cost=1.15..1.15 rows=1 width=4) (actual time=0.018..0.018 rows=1 loops=1)
                                 Buckets: 1024  Batches: 1  Memory Usage: 9kB
                                 Buffers: shared hit=1
                                 ->  Seq Scan on role_type rt  (cost=0.00..1.15 rows=1 width=4) (actual time=0.011..0.012 rows=1 loops=1)
                                       Filter: ((role)::text = 'composer'::text)
                                       Rows Removed by Filter: 11
                                       Buffers: shared hit=1
                     ->  Index Scan using name_pkey on name n  (cost=0.43..2.32 rows=1 width=4) (actual time=0.035..0.035 rows=1 loops=16157)
                           Index Cond: (id = ci.person_id)
                           Filter: ((gender)::text = 'm'::text)
                           Rows Removed by Filter: 0
                           Buffers: shared hit=59150 read=5478
 Planning:
   Buffers: shared hit=576 read=1
 Planning Time: 14.090 ms
 Execution Time: 21054.240 ms
(73 rows)

