                                                                                                                                                                                                                                                                                                                                                                                                                                                                        QUERY PLAN                                                                                                                                                                                                                                                                                                                                                                                                                                                                        
----------------------------------------------------------------------------------------------------------------------------------------------------------------------------------------------------------------------------------------------------------------------------------------------------------------------------------------------------------------------------------------------------------------------------------------------------------------------------------------------------------------------------------------------------------------------------------------------------------------------------------------------------------------------------------------------------------------------------------------------------------------------------------------------------------------------------------------------------------------------------------------------------------------------------------------------------------
 Aggregate  (cost=397902.82..397902.83 rows=1 width=8) (actual time=3428.059..3428.066 rows=1 loops=1)
   Buffers: shared hit=271506 read=82563
   ->  Nested Loop  (cost=8155.24..397902.81 rows=3 width=0) (actual time=26.162..3427.752 rows=1150 loops=1)
         Buffers: shared hit=271506 read=82563
         ->  Hash Join  (cost=8154.81..397893.53 rows=4 width=4) (actual time=26.121..3351.786 rows=2175 loops=1)
               Hash Cond: (ci.role_id = rt.id)
               Buffers: shared hit=264544 read=80825
               ->  Nested Loop  (cost=8153.61..397892.28 rows=14 width=8) (actual time=25.867..3346.314 rows=30082 loops=1)
                     Buffers: shared hit=264543 read=80825
                     ->  Nested Loop  (cost=8153.17..397847.92 rows=1 width=12) (actual time=25.838..2992.008 rows=895 loops=1)
                           Buffers: shared hit=245332 read=67918
                           ->  Nested Loop  (cost=8153.17..397845.50 rows=1 width=16) (actual time=25.832..2975.866 rows=895 loops=1)
                                 Buffers: shared hit=244437 read=67918
                                 ->  Nested Loop  (cost=8153.17..397843.07 rows=1 width=20) (actual time=25.812..2957.178 rows=895 loops=1)
                                       Buffers: shared hit=243542 read=67918
                                       ->  Hash Join  (cost=8152.73..390179.14 rows=177 width=12) (actual time=24.661..1638.250 rows=11406 loops=1)
                                             Hash Cond: (t.kind_id = kt.id)
                                             Buffers: shared hit=155402 read=22239
                                             ->  Nested Loop  (cost=8151.58..390176.68 rows=310 width=16) (actual time=24.336..1633.067 rows=12032 loops=1)
                                                   Buffers: shared hit=155401 read=22239
                                                   ->  Bitmap Heap Scan on movie_info mi1  (cost=8151.15..378736.85 rows=1414 width=8) (actual time=23.975..246.035 rows=43004 loops=1)
                                                         Recheck Cond: (info_type_id = 1)
                                                         Filter: ((info)::text = ANY ('{10,107,11,121,122,86,87,88,89,98,Argentina:30,USA:49}'::text[]))
                                                         Rows Removed by Filter: 759136
                                                         Heap Blocks: exact=4993
                                                         Buffers: shared hit=794 read=4830
                                                         ->  Bitmap Index Scan on info_type_id_movie_info  (cost=0.00..8150.77 rows=762444 width=0) (actual time=23.363..23.364 rows=802140 loops=1)
                                                               Index Cond: (info_type_id = 1)
                                                               Buffers: shared read=631
                                                   ->  Index Scan using title_pkey on title t  (cost=0.43..8.09 rows=1 width=8) (actual time=0.032..0.032 rows=0 loops=43004)
                                                         Index Cond: (id = mi1.movie_id)
                                                         Filter: ((production_year <= 1990) AND (production_year >= 1950))
                                                         Rows Removed by Filter: 1
                                                         Buffers: shared hit=154607 read=17409
                                             ->  Hash  (cost=1.10..1.10 rows=4 width=4) (actual time=0.022..0.023 rows=4 loops=1)
                                                   Buckets: 1024  Batches: 1  Memory Usage: 9kB
                                                   Buffers: shared hit=1
                                                   ->  Seq Scan on kind_type kt  (cost=0.00..1.10 rows=4 width=4) (actual time=0.010..0.012 rows=4 loops=1)
                                                         Filter: ((kind)::text = ANY ('{episode,movie,"video game","video movie"}'::text[]))
                                                         Rows Removed by Filter: 3
                                                         Buffers: shared hit=1
                                       ->  Index Scan using movie_id_movie_info on movie_info mi2  (cost=0.43..43.29 rows=1 width=8) (actual time=0.108..0.115 rows=0 loops=11406)
                                             Index Cond: (movie_id = t.id)
                                             Filter: ((info_type_id = 18) AND ((info)::text = ANY ('{"20th Century Fox Studios - 10201 Pico Blvd., Century City, Los Angeles, California, USA","Berlin, Germany","Desilu Studios - 9336 W. Washington Blvd., Culver City, California, USA","General Service Studios - 1040 N. Las Palmas, Hollywood, Los Angeles, California, USA","Hollywood, Los Angeles, California, USA","London, England, UK","Madrid, Spain",Mexico,"New York City, New York, USA","Paramount Studios - 5555 Melrose Avenue, Hollywood, Los Angeles, California, USA","Pinewood Studios, Iver Heath, Buckinghamshire, England, UK","Samuel Goldwyn Studios - 7200 Santa Monica Boulevard, West Hollywood, California, USA","Stage 17, Warner Brothers Burbank Studios - 4000 Warner Boulevard, Burbank, California, USA","Stage 25, Warner Brothers Burbank Studios - 4000 Warner Boulevard, Burbank, California, USA"}'::text[])))
                                             Rows Removed by Filter: 17
                                             Buffers: shared hit=88140 read=45679
                                 ->  Seq Scan on info_type it1  (cost=0.00..2.41 rows=1 width=4) (actual time=0.011..0.019 rows=1 loops=895)
                                       Filter: (id = 1)
                                       Rows Removed by Filter: 112
                                       Buffers: shared hit=895
                           ->  Seq Scan on info_type it2  (cost=0.00..2.41 rows=1 width=4) (actual time=0.009..0.016 rows=1 loops=895)
                                 Filter: (id = 18)
                                 Rows Removed by Filter: 112
                                 Buffers: shared hit=895
                     ->  Index Scan using movie_id_cast_info on cast_info ci  (cost=0.44..43.98 rows=38 width=12) (actual time=0.035..0.387 rows=34 loops=895)
                           Index Cond: (movie_id = t.id)
                           Buffers: shared hit=19211 read=12907
               ->  Hash  (cost=1.17..1.17 rows=3 width=4) (actual time=0.044..0.045 rows=3 loops=1)
                     Buckets: 1024  Batches: 1  Memory Usage: 9kB
                     Buffers: shared hit=1
                     ->  Seq Scan on role_type rt  (cost=0.00..1.17 rows=3 width=4) (actual time=0.032..0.034 rows=3 loops=1)
                           Filter: ((role)::text = ANY ('{"costume designer",guest,producer}'::text[]))
                           Rows Removed by Filter: 9
                           Buffers: shared hit=1
         ->  Index Scan using name_pkey on name n  (cost=0.43..2.32 rows=1 width=4) (actual time=0.034..0.034 rows=1 loops=2175)
               Index Cond: (id = ci.person_id)
               Filter: ((gender)::text = ANY ('{f,m}'::text[]))
               Rows Removed by Filter: 0
               Buffers: shared hit=6962 read=1738
 Planning:
   Buffers: shared hit=487 read=90
 Planning Time: 14.066 ms
 Execution Time: 3428.621 ms
(73 rows)

