                                                                                                                       QUERY PLAN                                                                                                                        
---------------------------------------------------------------------------------------------------------------------------------------------------------------------------------------------------------------------------------------------------------
 Aggregate  (cost=362485.82..362485.83 rows=1 width=8) (actual time=1090.055..1090.060 rows=1 loops=1)
   Buffers: shared hit=80483 read=32452
   ->  Nested Loop  (cost=2.17..362485.82 rows=1 width=0) (actual time=2.764..1090.009 rows=95 loops=1)
         Buffers: shared hit=80483 read=32452
         ->  Nested Loop  (cost=1.74..362483.50 rows=1 width=4) (actual time=2.716..1083.750 rows=162 loops=1)
               Join Filter: (ci.role_id = rt.id)
               Rows Removed by Join Filter: 11166
               Buffers: shared hit=80116 read=32171
               ->  Seq Scan on role_type rt  (cost=0.00..1.15 rows=1 width=4) (actual time=0.025..0.028 rows=1 loops=1)
                     Filter: ((role)::text = 'cinematographer'::text)
                     Rows Removed by Filter: 11
                     Buffers: shared hit=1
               ->  Nested Loop  (cost=1.74..362482.18 rows=14 width=8) (actual time=1.640..1082.834 rows=11328 loops=1)
                     Buffers: shared hit=80115 read=32171
                     ->  Nested Loop  (cost=1.30..362438.45 rows=1 width=12) (actual time=1.581..971.071 rows=171 loops=1)
                           Buffers: shared hit=73487 read=27208
                           ->  Nested Loop  (cost=1.30..362436.02 rows=1 width=16) (actual time=1.562..969.072 rows=171 loops=1)
                                 Buffers: shared hit=73316 read=27208
                                 ->  Nested Loop  (cost=1.30..362433.60 rows=1 width=20) (actual time=1.529..965.686 rows=171 loops=1)
                                       Buffers: shared hit=73145 read=27208
                                       ->  Nested Loop  (cost=0.86..362009.49 rows=10 width=12) (actual time=0.262..304.579 rows=5327 loops=1)
                                             Join Filter: (t.kind_id = kt.id)
                                             Rows Removed by Join Filter: 2342
                                             Buffers: shared hit=22836 read=5094
                                             ->  Nested Loop  (cost=0.86..362007.40 rows=18 width=16) (actual time=0.246..302.090 rows=5351 loops=1)
                                                   Buffers: shared hit=22835 read=5094
                                                   ->  Index Scan using info_type_id_movie_info on movie_info mi2  (cost=0.43..361787.64 rows=26 width=8) (actual time=0.161..110.623 rows=5714 loops=1)
                                                         Index Cond: (info_type_id = 105)
                                                         Filter: ((info)::text = ANY ('{"$15,000,000","$35,000,000","$40,000,000","$400,000","$5,000","$6,000,000","$8,000","$8,000,000"}'::text[]))
                                                         Rows Removed by Filter: 116149
                                                         Buffers: shared hit=1026 read=4047
                                                   ->  Index Scan using title_pkey on title t  (cost=0.43..8.45 rows=1 width=8) (actual time=0.033..0.033 rows=1 loops=5714)
                                                         Index Cond: (id = mi2.movie_id)
                                                         Filter: ((production_year <= 2015) AND (production_year >= 1990))
                                                         Rows Removed by Filter: 0
                                                         Buffers: shared hit=21809 read=1047
                                             ->  Materialize  (cost=0.00..1.12 rows=4 width=4) (actual time=0.000..0.000 rows=1 loops=5351)
                                                   Buffers: shared hit=1
                                                   ->  Seq Scan on kind_type kt  (cost=0.00..1.10 rows=4 width=4) (actual time=0.009..0.014 rows=4 loops=1)
                                                         Filter: ((kind)::text = ANY ('{movie,"tv movie","tv series","video movie"}'::text[]))
                                                         Rows Removed by Filter: 3
                                                         Buffers: shared hit=1
                                       ->  Index Scan using movie_id_movie_info on movie_info mi1  (cost=0.43..42.40 rows=1 width=8) (actual time=0.120..0.124 rows=0 loops=5327)
                                             Index Cond: (movie_id = t.id)
                                             Filter: ((info_type_id = 18) AND ((info)::text = ANY ('{"Hollywood, Los Angeles, California, USA",Italy,"Montréal, Québec, Canada","Santa Clarita, California, USA","Toronto, Ontario, Canada"}'::text[])))
                                             Rows Removed by Filter: 30
                                             Buffers: shared hit=50309 read=22114
                                 ->  Seq Scan on info_type it1  (cost=0.00..2.41 rows=1 width=4) (actual time=0.013..0.018 rows=1 loops=171)
                                       Filter: (id = 18)
                                       Rows Removed by Filter: 112
                                       Buffers: shared hit=171
                           ->  Seq Scan on info_type it2  (cost=0.00..2.41 rows=1 width=4) (actual time=0.009..0.010 rows=1 loops=171)
                                 Filter: (id = 105)
                                 Rows Removed by Filter: 112
                                 Buffers: shared hit=171
                     ->  Index Scan using movie_id_cast_info on cast_info ci  (cost=0.44..43.35 rows=38 width=12) (actual time=0.036..0.643 rows=66 loops=171)
                           Index Cond: (movie_id = t.id)
                           Buffers: shared hit=6628 read=4963
         ->  Index Scan using name_pkey on name n  (cost=0.43..2.32 rows=1 width=4) (actual time=0.038..0.038 rows=1 loops=162)
               Index Cond: (id = ci.person_id)
               Filter: ((gender)::text = ANY ('{f,m}'::text[]))
               Rows Removed by Filter: 0
               Buffers: shared hit=367 read=281
 Planning:
   Buffers: shared hit=530 read=44
 Planning Time: 14.049 ms
 Execution Time: 1090.603 ms
(67 rows)

