                                                                                               QUERY PLAN                                                                                               
--------------------------------------------------------------------------------------------------------------------------------------------------------------------------------------------------------
 Aggregate  (cost=440799.92..440799.93 rows=1 width=8) (actual time=1498.979..1498.985 rows=1 loops=1)
   Buffers: shared hit=106939 read=43897
   ->  Nested Loop  (cost=14215.75..440799.92 rows=3 width=0) (actual time=94.308..1498.780 rows=1365 loops=1)
         Buffers: shared hit=106939 read=43897
         ->  Hash Join  (cost=14215.32..440786.00 rows=6 width=4) (actual time=94.122..1400.262 rows=2894 loops=1)
               Hash Cond: (ci.role_id = rt.id)
               Buffers: shared hit=98774 read=40486
               ->  Nested Loop  (cost=14214.06..440784.69 rows=14 width=8) (actual time=94.049..1399.245 rows=4324 loops=1)
                     Buffers: shared hit=98773 read=40486
                     ->  Nested Loop  (cost=14213.62..440741.03 rows=1 width=12) (actual time=94.003..1341.218 rows=340 loops=1)
                           Buffers: shared hit=96495 read=37540
                           ->  Nested Loop  (cost=14213.62..440738.61 rows=1 width=16) (actual time=93.998..1337.581 rows=340 loops=1)
                                 Buffers: shared hit=96155 read=37540
                                 ->  Nested Loop  (cost=14213.62..440736.19 rows=1 width=20) (actual time=93.979..1333.096 rows=340 loops=1)
                                       Buffers: shared hit=95815 read=37540
                                       ->  Hash Join  (cost=14213.19..433970.01 rows=158 width=12) (actual time=37.881..690.241 rows=9185 loops=1)
                                             Hash Cond: (t.kind_id = kt.id)
                                             Buffers: shared hit=32052 read=15894
                                             ->  Nested Loop  (cost=14212.01..433967.89 rows=221 width=16) (actual time=37.825..687.629 rows=9722 loops=1)
                                                   Buffers: shared hit=32051 read=15894
                                                   ->  Bitmap Heap Scan on movie_info mi1  (cost=14211.58..431976.65 rows=237 width=8) (actual time=37.787..403.424 rows=9763 loops=1)
                                                         Recheck Cond: (info_type_id = 8)
                                                         Filter: ((info)::text = ANY ('{Cuba,"Czech Republic",Egypt,Morocco,Peru,Slovenia,"United Arab Emirates"}'::text[]))
                                                         Rows Removed by Filter: 1315598
                                                         Heap Blocks: exact=7853
                                                         Buffers: shared hit=3020 read=5873
                                                         ->  Bitmap Index Scan on info_type_id_movie_info  (cost=0.00..14211.52 rows=1329478 width=0) (actual time=36.602..36.603 rows=1325361 loops=1)
                                                               Index Cond: (info_type_id = 8)
                                                               Buffers: shared read=1040
                                                   ->  Index Scan using title_pkey on title t  (cost=0.43..8.40 rows=1 width=8) (actual time=0.029..0.029 rows=1 loops=9763)
                                                         Index Cond: (id = mi1.movie_id)
                                                         Filter: ((production_year <= 2015) AND (production_year >= 1925))
                                                         Rows Removed by Filter: 0
                                                         Buffers: shared hit=29031 read=10021
                                             ->  Hash  (cost=1.11..1.11 rows=5 width=4) (actual time=0.021..0.022 rows=5 loops=1)
                                                   Buckets: 1024  Batches: 1  Memory Usage: 9kB
                                                   Buffers: shared hit=1
                                                   ->  Seq Scan on kind_type kt  (cost=0.00..1.11 rows=5 width=4) (actual time=0.010..0.013 rows=5 loops=1)
                                                         Filter: ((kind)::text = ANY ('{episode,movie,"tv series","video game","video movie"}'::text[]))
                                                         Rows Removed by Filter: 2
                                                         Buffers: shared hit=1
                                       ->  Index Scan using movie_id_movie_info on movie_info mi2  (cost=0.43..42.81 rows=1 width=8) (actual time=0.068..0.070 rows=0 loops=9185)
                                             Index Cond: (movie_id = t.id)
                                             Filter: ((info_type_id = 1) AND ((info)::text = ANY ('{107,11,125,13,140,25,31,38,40,71,96,Germany:90,USA:52,USA:89}'::text[])))
                                             Rows Removed by Filter: 10
                                             Buffers: shared hit=63763 read=21646
                                 ->  Seq Scan on info_type it1  (cost=0.00..2.41 rows=1 width=4) (actual time=0.006..0.011 rows=1 loops=340)
                                       Filter: (id = 8)
                                       Rows Removed by Filter: 112
                                       Buffers: shared hit=340
                           ->  Seq Scan on info_type it2  (cost=0.00..2.41 rows=1 width=4) (actual time=0.004..0.009 rows=1 loops=340)
                                 Filter: (id = 1)
                                 Rows Removed by Filter: 112
                                 Buffers: shared hit=340
                     ->  Index Scan using movie_id_cast_info on cast_info ci  (cost=0.44..43.28 rows=38 width=12) (actual time=0.034..0.168 rows=13 loops=340)
                           Index Cond: (movie_id = t.id)
                           Buffers: shared hit=2278 read=2946
               ->  Hash  (cost=1.20..1.20 rows=5 width=4) (actual time=0.044..0.045 rows=5 loops=1)
                     Buckets: 1024  Batches: 1  Memory Usage: 9kB
                     Buffers: shared hit=1
                     ->  Seq Scan on role_type rt  (cost=0.00..1.20 rows=5 width=4) (actual time=0.031..0.036 rows=5 loops=1)
                           Filter: ((role)::text = ANY ('{actor,actress,composer,producer,writer}'::text[]))
                           Rows Removed by Filter: 7
                           Buffers: shared hit=1
         ->  Index Scan using name_pkey on name n  (cost=0.43..2.32 rows=1 width=4) (actual time=0.034..0.034 rows=0 loops=2894)
               Index Cond: (id = ci.person_id)
               Filter: (((gender)::text = 'f'::text) OR (gender IS NULL))
               Rows Removed by Filter: 1
               Buffers: shared hit=8165 read=3411
 Planning:
   Buffers: shared hit=481 read=93
 Planning Time: 14.196 ms
 Execution Time: 1499.602 ms
(73 rows)

