                                                                                                                                                                                                                                       QUERY PLAN                                                                                                                                                                                                                                        
-----------------------------------------------------------------------------------------------------------------------------------------------------------------------------------------------------------------------------------------------------------------------------------------------------------------------------------------------------------------------------------------------------------------------------------------------------------------------------------------
 Aggregate  (cost=396997.40..396997.41 rows=1 width=8) (actual time=2981.996..2982.003 rows=1 loops=1)
   Buffers: shared hit=214903 read=92821
   ->  Nested Loop  (cost=7082.03..396997.39 rows=3 width=0) (actual time=23.274..2979.831 rows=17168 loops=1)
         Buffers: shared hit=214903 read=92821
         ->  Hash Join  (cost=7081.60..396983.48 rows=6 width=4) (actual time=23.229..2325.492 rows=19266 loops=1)
               Hash Cond: (ci.role_id = rt.id)
               Buffers: shared hit=149524 read=81136
               ->  Nested Loop  (cost=7080.34..396982.17 rows=14 width=8) (actual time=23.120..2313.641 rows=64131 loops=1)
                     Buffers: shared hit=149523 read=81136
                     ->  Nested Loop  (cost=7079.90..396938.51 rows=1 width=12) (actual time=23.084..1643.791 rows=2344 loops=1)
                           Buffers: shared hit=108881 read=52157
                           ->  Nested Loop  (cost=7079.90..396936.09 rows=1 width=16) (actual time=23.079..1605.590 rows=2344 loops=1)
                                 Buffers: shared hit=106537 read=52157
                                 ->  Nested Loop  (cost=7079.90..396933.67 rows=1 width=20) (actual time=23.055..1563.446 rows=2344 loops=1)
                                       Buffers: shared hit=104193 read=52157
                                       ->  Hash Join  (cost=7079.47..383711.06 rows=311 width=12) (actual time=22.981..548.822 rows=7468 loops=1)
                                             Hash Cond: (t.kind_id = kt.id)
                                             Buffers: shared hit=35530 read=14511
                                             ->  Nested Loop  (cost=7078.33..383706.86 rows=725 width=16) (actual time=22.941..545.614 rows=10303 loops=1)
                                                   Buffers: shared hit=35529 read=14511
                                                   ->  Bitmap Heap Scan on movie_info mi1  (cost=7077.90..377307.72 rows=776 width=8) (actual time=22.905..224.588 rows=10637 loops=1)
                                                         Recheck Cond: (info_type_id = 18)
                                                         Filter: ((info)::text = ANY ('{"California, USA","Central Park, Manhattan, New York City, New York, USA","Hawaii, USA","Istanbul, Turkey","Leipzig, Saxony, Germany","Metro Manila, Luzon, Philippines","New York, USA",Philippines,"Santa Clarita, California, USA","Seoul, South Korea","Sony Pictures Studios - 10202 W. Washington Blvd., Culver City, California, USA","Tampa, Florida, USA","Zagreb, Croatia"}'::text[]))
                                                         Rows Removed by Filter: 650286
                                                         Heap Blocks: exact=6972
                                                         Buffers: shared hit=1204 read=6288
                                                         ->  Bitmap Index Scan on info_type_id_movie_info  (cost=0.00..7077.68 rows=662032 width=0) (actual time=22.022..22.022 rows=660923 loops=1)
                                                               Index Cond: (info_type_id = 18)
                                                               Buffers: shared hit=1 read=519
                                                   ->  Index Scan using title_pkey on title t  (cost=0.43..8.25 rows=1 width=8) (actual time=0.030..0.030 rows=1 loops=10637)
                                                         Index Cond: (id = mi1.movie_id)
                                                         Filter: ((production_year <= 2015) AND (production_year >= 1925))
                                                         Rows Removed by Filter: 0
                                                         Buffers: shared hit=34325 read=8223
                                             ->  Hash  (cost=1.10..1.10 rows=3 width=4) (actual time=0.019..0.020 rows=3 loops=1)
                                                   Buckets: 1024  Batches: 1  Memory Usage: 9kB
                                                   Buffers: shared hit=1
                                                   ->  Seq Scan on kind_type kt  (cost=0.00..1.10 rows=3 width=4) (actual time=0.008..0.010 rows=3 loops=1)
                                                         Filter: ((kind)::text = ANY ('{movie,"tv series","video game"}'::text[]))
                                                         Rows Removed by Filter: 4
                                                         Buffers: shared hit=1
                                       ->  Index Scan using movie_id_movie_info on movie_info mi2  (cost=0.43..42.51 rows=1 width=8) (actual time=0.117..0.135 rows=0 loops=7468)
                                             Index Cond: (movie_id = t.id)
                                             Filter: ((info_type_id = 4) AND ((info)::text = ANY ('{Filipino,French,Korean,Persian,Serbo-Croatian,Slovak,Telugu,Turkish}'::text[])))
                                             Rows Removed by Filter: 41
                                             Buffers: shared hit=68663 read=37646
                                 ->  Seq Scan on info_type it1  (cost=0.00..2.41 rows=1 width=4) (actual time=0.011..0.016 rows=1 loops=2344)
                                       Filter: (id = 18)
                                       Rows Removed by Filter: 112
                                       Buffers: shared hit=2344
                           ->  Seq Scan on info_type it2  (cost=0.00..2.41 rows=1 width=4) (actual time=0.008..0.015 rows=1 loops=2344)
                                 Filter: (id = 4)
                                 Rows Removed by Filter: 112
                                 Buffers: shared hit=2344
                     ->  Index Scan using movie_id_cast_info on cast_info ci  (cost=0.44..43.28 rows=38 width=12) (actual time=0.032..0.280 rows=27 loops=2344)
                           Index Cond: (movie_id = t.id)
                           Buffers: shared hit=40642 read=28979
               ->  Hash  (cost=1.20..1.20 rows=5 width=4) (actual time=0.039..0.040 rows=5 loops=1)
                     Buckets: 1024  Batches: 1  Memory Usage: 9kB
                     Buffers: shared hit=1
                     ->  Seq Scan on role_type rt  (cost=0.00..1.20 rows=5 width=4) (actual time=0.029..0.033 rows=5 loops=1)
                           Filter: ((role)::text = ANY ('{actress,cinematographer,composer,"production designer",writer}'::text[]))
                           Rows Removed by Filter: 7
                           Buffers: shared hit=1
         ->  Index Scan using name_pkey on name n  (cost=0.43..2.32 rows=1 width=4) (actual time=0.033..0.033 rows=1 loops=19266)
               Index Cond: (id = ci.person_id)
               Filter: (((gender)::text = 'f'::text) OR (gender IS NULL))
               Rows Removed by Filter: 0
               Buffers: shared hit=65379 read=11685
 Planning:
   Buffers: shared hit=576 read=1
 Planning Time: 13.935 ms
 Execution Time: 2982.584 ms
(73 rows)

