                                                                                                                                                                                                                                                                                                                QUERY PLAN                                                                                                                                                                                                                                                                                                                
------------------------------------------------------------------------------------------------------------------------------------------------------------------------------------------------------------------------------------------------------------------------------------------------------------------------------------------------------------------------------------------------------------------------------------------------------------------------------------------------------------------------------------------------------------------------------------------------------------------------------------------
 Aggregate  (cost=343479.16..343479.17 rows=1 width=8) (actual time=343.985..343.991 rows=1 loops=1)
   Buffers: shared hit=15640 read=17636
   ->  Nested Loop  (cost=3725.49..343479.15 rows=3 width=0) (actual time=16.652..343.937 rows=292 loops=1)
         Buffers: shared hit=15640 read=17636
         ->  Hash Join  (cost=3725.06..343469.88 rows=4 width=4) (actual time=16.612..333.198 rows=385 loops=1)
               Hash Cond: (ci.role_id = rt.id)
               Buffers: shared hit=14477 read=17259
               ->  Nested Loop  (cost=3723.86..343468.63 rows=14 width=8) (actual time=16.471..332.858 rows=1355 loops=1)
                     Buffers: shared hit=14476 read=17259
                     ->  Nested Loop  (cost=3723.42..343423.77 rows=1 width=12) (actual time=16.431..314.087 rows=88 loops=1)
                           Buffers: shared hit=14016 read=16119
                           ->  Nested Loop  (cost=3723.42..343421.35 rows=1 width=16) (actual time=16.423..313.093 rows=88 loops=1)
                                 Buffers: shared hit=13928 read=16119
                                 ->  Nested Loop  (cost=3722.99..343378.07 rows=1 width=8) (actual time=15.039..226.931 rows=767 loops=1)
                                       Buffers: shared hit=10410 read=11471
                                       ->  Nested Loop  (cost=3722.99..343375.65 rows=1 width=12) (actual time=15.022..216.637 rows=767 loops=1)
                                             Buffers: shared hit=9643 read=11471
                                             ->  Nested Loop  (cost=3722.85..343375.17 rows=3 width=16) (actual time=15.008..203.739 rows=1279 loops=1)
                                                   Buffers: shared hit=7085 read=11471
                                                   ->  Bitmap Heap Scan on movie_info mi1  (cost=3722.42..343223.03 rows=18 width=8) (actual time=14.621..149.376 rows=1835 loops=1)
                                                         Recheck Cond: (info_type_id = 17)
                                                         Filter: ((info)::text = ANY ('{"Last show of the series.","One of over 700 Paramount Productions, filmed between 1929 and 1949, which were sold to MCA/Universal in 1958 for television distribution, and have been owned and controlled by Universal ever since."}'::text[]))
                                                         Rows Removed by Filter: 366383
                                                         Heap Blocks: exact=10925
                                                         Buffers: shared hit=2290 read=8926
                                                         ->  Bitmap Index Scan on info_type_id_movie_info  (cost=0.00..3722.42 rows=347998 width=0) (actual time=13.031..13.031 rows=368218 loops=1)
                                                               Index Cond: (info_type_id = 17)
                                                               Buffers: shared read=291
                                                   ->  Index Scan using title_pkey on title t  (cost=0.43..8.45 rows=1 width=8) (actual time=0.029..0.029 rows=1 loops=1835)
                                                         Index Cond: (id = mi1.movie_id)
                                                         Filter: ((production_year <= 1975) AND (production_year >= 1925))
                                                         Rows Removed by Filter: 0
                                                         Buffers: shared hit=4795 read=2545
                                             ->  Index Scan using kind_type_pkey on kind_type kt  (cost=0.13..0.16 rows=1 width=4) (actual time=0.010..0.010 rows=1 loops=1279)
                                                   Index Cond: (id = t.kind_id)
                                                   Filter: ((kind)::text = ANY ('{episode,"tv movie","video game","video movie"}'::text[]))
                                                   Rows Removed by Filter: 0
                                                   Buffers: shared hit=2558
                                       ->  Seq Scan on info_type it1  (cost=0.00..2.41 rows=1 width=4) (actual time=0.008..0.012 rows=1 loops=767)
                                             Filter: (id = 17)
                                             Rows Removed by Filter: 112
                                             Buffers: shared hit=767
                                 ->  Index Scan using movie_id_movie_info on movie_info mi2  (cost=0.43..43.27 rows=1 width=8) (actual time=0.104..0.112 rows=0 loops=767)
                                       Index Cond: (movie_id = t.id)
                                       Filter: ((info_type_id = 18) AND ((info)::text = ANY ('{"Central Park, Manhattan, New York City, New York, USA","General Service Studios - 1040 N. Las Palmas, Hollywood, Los Angeles, California, USA","Metro-Goldwyn-Mayer Studios - 10202 W. Washington Blvd., Culver City, California, USA","Paramount Studios - 5555 Melrose Avenue, Hollywood, Los Angeles, California, USA","Pinewood Studios, Iver Heath, Buckinghamshire, England, UK","Stage 17, Warner Brothers Burbank Studios - 4000 Warner Boulevard, Burbank, California, USA","Washington, District of Columbia, USA"}'::text[])))
                                       Rows Removed by Filter: 10
                                       Buffers: shared hit=3518 read=4648
                           ->  Seq Scan on info_type it2  (cost=0.00..2.41 rows=1 width=4) (actual time=0.005..0.010 rows=1 loops=88)
                                 Filter: (id = 18)
                                 Rows Removed by Filter: 112
                                 Buffers: shared hit=88
                     ->  Index Scan using movie_id_cast_info on cast_info ci  (cost=0.44..44.48 rows=38 width=12) (actual time=0.045..0.210 rows=15 loops=88)
                           Index Cond: (movie_id = t.id)
                           Buffers: shared hit=460 read=1140
               ->  Hash  (cost=1.17..1.17 rows=3 width=4) (actual time=0.038..0.039 rows=3 loops=1)
                     Buckets: 1024  Batches: 1  Memory Usage: 9kB
                     Buffers: shared hit=1
                     ->  Seq Scan on role_type rt  (cost=0.00..1.17 rows=3 width=4) (actual time=0.024..0.027 rows=3 loops=1)
                           Filter: ((role)::text = ANY ('{actress,editor,producer}'::text[]))
                           Rows Removed by Filter: 9
                           Buffers: shared hit=1
         ->  Index Scan using name_pkey on name n  (cost=0.43..2.32 rows=1 width=4) (actual time=0.027..0.027 rows=1 loops=385)
               Index Cond: (id = ci.person_id)
               Filter: ((gender)::text = ANY ('{f,m}'::text[]))
               Rows Removed by Filter: 0
               Buffers: shared hit=1163 read=377
 Planning:
   Buffers: shared hit=529 read=45
 Planning Time: 13.364 ms
 Execution Time: 344.502 ms
(70 rows)

