                                                                                                               QUERY PLAN                                                                                                               
----------------------------------------------------------------------------------------------------------------------------------------------------------------------------------------------------------------------------------------
 Aggregate  (cost=391705.79..391705.80 rows=1 width=8) (actual time=7073.769..7073.776 rows=1 loops=1)
   Buffers: shared hit=554145 read=175854
   ->  Nested Loop  (cost=4697.67..391705.78 rows=3 width=0) (actual time=50.983..7072.744 rows=4919 loops=1)
         Buffers: shared hit=554145 read=175854
         ->  Hash Join  (cost=4697.24..391694.18 rows=5 width=4) (actual time=50.936..6880.532 rows=5604 loops=1)
               Hash Cond: (ci.role_id = rt.id)
               Buffers: shared hit=536218 read=171365
               ->  Nested Loop  (cost=4696.01..391692.90 rows=14 width=8) (actual time=50.513..6864.412 rows=100941 loops=1)
                     Buffers: shared hit=536217 read=171365
                     ->  Nested Loop  (cost=4695.57..391649.21 rows=1 width=12) (actual time=50.458..5796.043 rows=1053 loops=1)
                           Buffers: shared hit=480199 read=126198
                           ->  Nested Loop  (cost=4695.57..391646.79 rows=1 width=16) (actual time=50.451..5769.538 rows=1053 loops=1)
                                 Buffers: shared hit=479146 read=126198
                                 ->  Nested Loop  (cost=4695.57..391644.36 rows=1 width=20) (actual time=50.425..5749.294 rows=1053 loops=1)
                                       Buffers: shared hit=478093 read=126198
                                       ->  Hash Join  (cost=4695.14..378031.19 rows=320 width=12) (actual time=20.212..1285.438 rows=23637 loops=1)
                                             Hash Cond: (t.kind_id = kt.id)
                                             Buffers: shared hit=100162 read=29539
                                             ->  Nested Loop  (cost=4693.94..378028.42 rows=373 width=16) (actual time=20.175..1275.563 rows=23637 loops=1)
                                                   Buffers: shared hit=100161 read=29539
                                                   ->  Bitmap Heap Scan on movie_info mi1  (cost=4693.51..374133.10 rows=467 width=8) (actual time=20.122..349.851 rows=27532 loops=1)
                                                         Recheck Cond: (info_type_id = 5)
                                                         Filter: ((info)::text = ANY ('{Australia:M,Canada:G,Finland:K-12,Finland:K-13,Ireland:16,"New Zealand:R13",Philippines:G,Philippines:PG-13,Portugal:M/16,Sweden:11}'::text[]))
                                                         Rows Removed by Filter: 459022
                                                         Heap Blocks: exact=19164
                                                         Buffers: shared hit=4975 read=14597
                                                         ->  Bitmap Index Scan on info_type_id_movie_info  (cost=0.00..4693.37 rows=439058 width=0) (actual time=17.436..17.436 rows=486554 loops=1)
                                                               Index Cond: (info_type_id = 5)
                                                               Buffers: shared hit=1 read=407
                                                   ->  Index Scan using title_pkey on title t  (cost=0.43..8.34 rows=1 width=8) (actual time=0.033..0.033 rows=1 loops=27532)
                                                         Index Cond: (id = mi1.movie_id)
                                                         Filter: ((production_year <= 2015) AND (production_year >= 1975))
                                                         Rows Removed by Filter: 0
                                                         Buffers: shared hit=95186 read=14942
                                             ->  Hash  (cost=1.12..1.12 rows=6 width=4) (actual time=0.015..0.017 rows=6 loops=1)
                                                   Buckets: 1024  Batches: 1  Memory Usage: 9kB
                                                   Buffers: shared hit=1
                                                   ->  Seq Scan on kind_type kt  (cost=0.00..1.12 rows=6 width=4) (actual time=0.008..0.010 rows=6 loops=1)
                                                         Filter: ((kind)::text = ANY ('{episode,movie,"tv movie","tv series","video game","video movie"}'::text[]))
                                                         Rows Removed by Filter: 1
                                                         Buffers: shared hit=1
                                       ->  Index Scan using movie_id_movie_info on movie_info mi2  (cost=0.43..42.53 rows=1 width=8) (actual time=0.181..0.188 rows=0 loops=23637)
                                             Index Cond: (movie_id = t.id)
                                             Filter: ((info_type_id = 1) AND ((info)::text = ANY ('{105,128,135,88,Argentina:95,USA:22,USA:82,USA:87}'::text[])))
                                             Rows Removed by Filter: 101
                                             Buffers: shared hit=377931 read=96659
                                 ->  Seq Scan on info_type it1  (cost=0.00..2.41 rows=1 width=4) (actual time=0.009..0.017 rows=1 loops=1053)
                                       Filter: (id = 5)
                                       Rows Removed by Filter: 112
                                       Buffers: shared hit=1053
                           ->  Seq Scan on info_type it2  (cost=0.00..2.41 rows=1 width=4) (actual time=0.015..0.023 rows=1 loops=1053)
                                 Filter: (id = 1)
                                 Rows Removed by Filter: 112
                                 Buffers: shared hit=1053
                     ->  Index Scan using movie_id_cast_info on cast_info ci  (cost=0.44..43.32 rows=38 width=12) (actual time=0.039..0.992 rows=96 loops=1053)
                           Index Cond: (movie_id = t.id)
                           Buffers: shared hit=56018 read=45167
               ->  Hash  (cost=1.18..1.18 rows=4 width=4) (actual time=0.032..0.033 rows=4 loops=1)
                     Buckets: 1024  Batches: 1  Memory Usage: 9kB
                     Buffers: shared hit=1
                     ->  Seq Scan on role_type rt  (cost=0.00..1.18 rows=4 width=4) (actual time=0.024..0.026 rows=4 loops=1)
                           Filter: ((role)::text = ANY ('{"costume designer",director,"production designer",writer}'::text[]))
                           Rows Removed by Filter: 8
                           Buffers: shared hit=1
         ->  Index Scan using name_pkey on name n  (cost=0.43..2.32 rows=1 width=4) (actual time=0.034..0.034 rows=1 loops=5604)
               Index Cond: (id = ci.person_id)
               Filter: (((gender)::text = 'm'::text) OR (gender IS NULL))
               Rows Removed by Filter: 0
               Buffers: shared hit=17927 read=4489
 Planning:
   Buffers: shared hit=576 read=1
 Planning Time: 13.163 ms
 Execution Time: 7074.375 ms
(73 rows)

