                                                                                               QUERY PLAN                                                                                               
--------------------------------------------------------------------------------------------------------------------------------------------------------------------------------------------------------
 Aggregate  (cost=416746.24..416746.25 rows=1 width=8) (actual time=5289.199..5289.204 rows=1 loops=1)
   Buffers: shared hit=470259 read=78379
   ->  Nested Loop  (cost=13059.86..416746.23 rows=4 width=0) (actual time=37.617..5287.422 rows=9181 loops=1)
         Buffers: shared hit=470259 read=78379
         ->  Hash Join  (cost=13059.43..416732.31 rows=6 width=4) (actual time=36.916..4253.084 rows=30065 loops=1)
               Hash Cond: (ci.role_id = rt.id)
               Buffers: shared hit=361674 read=66704
               ->  Nested Loop  (cost=13058.18..416731.01 rows=14 width=8) (actual time=36.488..4229.913 rows=107473 loops=1)
                     Buffers: shared hit=361673 read=66704
                     ->  Nested Loop  (cost=13057.74..416686.15 rows=1 width=12) (actual time=36.452..3050.106 rows=5709 loops=1)
                           Buffers: shared hit=266812 read=38737
                           ->  Nested Loop  (cost=13057.74..416683.73 rows=1 width=16) (actual time=36.446..2932.758 rows=5709 loops=1)
                                 Buffers: shared hit=261103 read=38737
                                 ->  Nested Loop  (cost=13057.74..416681.31 rows=1 width=20) (actual time=36.423..2818.865 rows=5709 loops=1)
                                       Buffers: shared hit=255394 read=38737
                                       ->  Hash Join  (cost=13057.30..410256.17 rows=149 width=12) (actual time=36.367..1924.285 rows=10801 loops=1)
                                             Hash Cond: (t.kind_id = kt.id)
                                             Buffers: shared hit=167102 read=24287
                                             ->  Nested Loop  (cost=13056.10..410254.23 rows=174 width=16) (actual time=36.326..1919.213 rows=10801 loops=1)
                                                   Buffers: shared hit=167101 read=24287
                                                   ->  Bitmap Heap Scan on movie_info mi1  (cost=13055.67..400296.37 rows=1224 width=8) (actual time=36.282..497.861 rows=45494 loops=1)
                                                         Recheck Cond: (info_type_id = 4)
                                                         Filter: ((info)::text = ANY ('{Bengali,Czech,Dutch,Mandarin,Russian}'::text[]))
                                                         Rows Removed by Filter: 1253495
                                                         Heap Blocks: exact=8393
                                                         Buffers: shared hit=3381 read=6031
                                                         ->  Bitmap Index Scan on info_type_id_movie_info  (cost=0.00..13055.37 rows=1221191 width=0) (actual time=34.035..34.036 rows=1298989 loops=1)
                                                               Index Cond: (info_type_id = 4)
                                                               Buffers: shared read=1019
                                                   ->  Index Scan using title_pkey on title t  (cost=0.43..8.14 rows=1 width=8) (actual time=0.031..0.031 rows=0 loops=45494)
                                                         Index Cond: (id = mi1.movie_id)
                                                         Filter: ((production_year <= 1975) AND (production_year >= 1925))
                                                         Rows Removed by Filter: 1
                                                         Buffers: shared hit=163720 read=18256
                                             ->  Hash  (cost=1.12..1.12 rows=6 width=4) (actual time=0.018..0.019 rows=6 loops=1)
                                                   Buckets: 1024  Batches: 1  Memory Usage: 9kB
                                                   Buffers: shared hit=1
                                                   ->  Seq Scan on kind_type kt  (cost=0.00..1.12 rows=6 width=4) (actual time=0.008..0.010 rows=6 loops=1)
                                                         Filter: ((kind)::text = ANY ('{episode,movie,"tv movie","tv series","video game","video movie"}'::text[]))
                                                         Rows Removed by Filter: 1
                                                         Buffers: shared hit=1
                                       ->  Index Scan using movie_id_movie_info on movie_info mi2  (cost=0.43..43.11 rows=1 width=8) (actual time=0.055..0.082 rows=1 loops=10801)
                                             Index Cond: (movie_id = t.id)
                                             Filter: ((info_type_id = 6) AND ((info)::text = ANY ('{"4-Track Stereo",Mono,Silent,Stereo}'::text[])))
                                             Rows Removed by Filter: 9
                                             Buffers: shared hit=88292 read=14450
                                 ->  Seq Scan on info_type it1  (cost=0.00..2.41 rows=1 width=4) (actual time=0.010..0.018 rows=1 loops=5709)
                                       Filter: (id = 4)
                                       Rows Removed by Filter: 112
                                       Buffers: shared hit=5709
                           ->  Seq Scan on info_type it2  (cost=0.00..2.41 rows=1 width=4) (actual time=0.011..0.019 rows=1 loops=5709)
                                 Filter: (id = 6)
                                 Rows Removed by Filter: 112
                                 Buffers: shared hit=5709
                     ->  Index Scan using movie_id_cast_info on cast_info ci  (cost=0.44..44.48 rows=38 width=12) (actual time=0.034..0.202 rows=19 loops=5709)
                           Index Cond: (movie_id = t.id)
                           Buffers: shared hit=94861 read=27967
               ->  Hash  (cost=1.20..1.20 rows=5 width=4) (actual time=0.030..0.031 rows=5 loops=1)
                     Buckets: 1024  Batches: 1  Memory Usage: 9kB
                     Buffers: shared hit=1
                     ->  Seq Scan on role_type rt  (cost=0.00..1.20 rows=5 width=4) (actual time=0.021..0.024 rows=5 loops=1)
                           Filter: ((role)::text = ANY ('{actress,director,guest,producer,"production designer"}'::text[]))
                           Rows Removed by Filter: 7
                           Buffers: shared hit=1
         ->  Index Scan using name_pkey on name n  (cost=0.43..2.32 rows=1 width=4) (actual time=0.034..0.034 rows=0 loops=30065)
               Index Cond: (id = ci.person_id)
               Filter: (((gender)::text = 'm'::text) OR (gender IS NULL))
               Rows Removed by Filter: 1
               Buffers: shared hit=108585 read=11675
 Planning:
   Buffers: shared hit=529 read=45
 Planning Time: 11.510 ms
 Execution Time: 5289.659 ms
(73 rows)

