                                                                                                                 QUERY PLAN                                                                                                                  
---------------------------------------------------------------------------------------------------------------------------------------------------------------------------------------------------------------------------------------------
 Aggregate  (cost=525808.88..525808.89 rows=1 width=8) (actual time=8078.783..8078.790 rows=1 loops=1)
   Buffers: shared hit=688884 read=146608
   ->  Nested Loop  (cost=14216.92..525808.74 rows=54 width=0) (actual time=54.537..8078.359 rows=1096 loops=1)
         Buffers: shared hit=688884 read=146608
         ->  Hash Join  (cost=14216.49..525268.30 rows=233 width=4) (actual time=38.820..5696.103 rows=66442 loops=1)
               Hash Cond: (ci.role_id = rt.id)
               Buffers: shared hit=450918 read=118806
               ->  Nested Loop  (cost=14215.23..525265.05 rows=559 width=8) (actual time=38.765..5657.204 rows=144310 loops=1)
                     Buffers: shared hit=450917 read=118806
                     ->  Nested Loop  (cost=14214.79..523559.53 rows=39 width=12) (actual time=38.733..3949.813 rows=9126 loops=1)
                           Buffers: shared hit=341041 read=61477
                           ->  Seq Scan on info_type it2  (cost=0.00..2.41 rows=1 width=4) (actual time=0.027..0.037 rows=1 loops=1)
                                 Filter: (id = 3)
                                 Rows Removed by Filter: 112
                                 Buffers: shared hit=1
                           ->  Nested Loop  (cost=14214.79..523556.73 rows=39 width=16) (actual time=38.704..3947.673 rows=9126 loops=1)
                                 Buffers: shared hit=341040 read=61477
                                 ->  Seq Scan on info_type it1  (cost=0.00..2.41 rows=1 width=4) (actual time=0.009..0.021 rows=1 loops=1)
                                       Filter: (id = 8)
                                       Rows Removed by Filter: 112
                                       Buffers: shared hit=1
                                 ->  Nested Loop  (cost=14214.79..523553.93 rows=39 width=20) (actual time=38.692..3945.309 rows=9126 loops=1)
                                       Buffers: shared hit=341039 read=61477
                                       ->  Hash Join  (cost=14214.36..421803.67 rows=2379 width=12) (actual time=38.625..2080.864 rows=19294 loops=1)
                                             Hash Cond: (t.kind_id = kt.id)
                                             Buffers: shared hit=187488 read=17158
                                             ->  Nested Loop  (cost=14213.18..421788.45 rows=3331 width=16) (actual time=37.592..2071.799 rows=21925 loops=1)
                                                   Buffers: shared hit=187487 read=17158
                                                   ->  Bitmap Heap Scan on movie_info mi1  (cost=14212.74..386808.04 rows=4760 width=8) (actual time=37.557..369.524 rows=49538 loops=1)
                                                         Recheck Cond: (info_type_id = 8)
                                                         Filter: ((info)::text = ANY ('{Colombia,"Costa Rica",Georgia,Greece,Haiti,Italy,Luxembourg,Nepal,"Occupied Palestinian Territory","Puerto Rico",Serbia,Slovenia,Ukraine}'::text[]))
                                                         Rows Removed by Filter: 1275823
                                                         Heap Blocks: exact=7853
                                                         Buffers: shared hit=1595 read=7298
                                                         ->  Bitmap Index Scan on info_type_id_movie_info  (cost=0.00..14211.52 rows=1329478 width=0) (actual time=36.559..36.559 rows=1325361 loops=1)
                                                               Index Cond: (info_type_id = 8)
                                                               Buffers: shared read=1040
                                                   ->  Memoize  (cost=0.44..7.38 rows=1 width=8) (actual time=0.034..0.034 rows=0 loops=49538)
                                                         Cache Key: mi1.movie_id
                                                         Cache Mode: logical
                                                         Hits: 600  Misses: 48938  Evictions: 0  Overflows: 0  Memory Usage: 4095kB
                                                         Buffers: shared hit=185892 read=9860
                                                         ->  Index Scan using title_pkey on title t  (cost=0.43..7.37 rows=1 width=8) (actual time=0.033..0.033 rows=0 loops=48938)
                                                               Index Cond: (id = mi1.movie_id)
                                                               Filter: ((production_year <= 2015) AND (production_year >= 1990))
                                                               Rows Removed by Filter: 1
                                                               Buffers: shared hit=185892 read=9860
                                             ->  Hash  (cost=1.11..1.11 rows=5 width=4) (actual time=0.017..0.018 rows=5 loops=1)
                                                   Buckets: 1024  Batches: 1  Memory Usage: 9kB
                                                   Buffers: shared hit=1
                                                   ->  Seq Scan on kind_type kt  (cost=0.00..1.11 rows=5 width=4) (actual time=0.007..0.009 rows=5 loops=1)
                                                         Filter: ((kind)::text = ANY ('{episode,movie,"tv movie","video game","video movie"}'::text[]))
                                                         Rows Removed by Filter: 2
                                                         Buffers: shared hit=1
                                       ->  Index Scan using movie_id_movie_info on movie_info mi2  (cost=0.43..42.76 rows=1 width=8) (actual time=0.096..0.096 rows=0 loops=19294)
                                             Index Cond: (movie_id = t.id)
                                             Filter: ((info_type_id = 3) AND ((info)::text = ANY ('{Documentary,Family,Fantasy,History,Horror,Music,News,Sport,Talk-Show,Thriller,War,Western}'::text[])))
                                             Rows Removed by Filter: 12
                                             Buffers: shared hit=153551 read=44319
                     ->  Index Scan using movie_id_cast_info on cast_info ci  (cost=0.44..43.35 rows=38 width=12) (actual time=0.036..0.182 rows=16 loops=9126)
                           Index Cond: (movie_id = t.id)
                           Buffers: shared hit=109876 read=57329
               ->  Hash  (cost=1.20..1.20 rows=5 width=4) (actual time=0.035..0.035 rows=5 loops=1)
                     Buckets: 1024  Batches: 1  Memory Usage: 9kB
                     Buffers: shared hit=1
                     ->  Seq Scan on role_type rt  (cost=0.00..1.20 rows=5 width=4) (actual time=0.022..0.026 rows=5 loops=1)
                           Filter: ((role)::text = ANY ('{actor,cinematographer,"costume designer",director,"production designer"}'::text[]))
                           Rows Removed by Filter: 7
                           Buffers: shared hit=1
         ->  Index Scan using name_pkey on name n  (cost=0.43..2.32 rows=1 width=4) (actual time=0.035..0.035 rows=0 loops=66442)
               Index Cond: (id = ci.person_id)
               Filter: ((gender)::text = 'f'::text)
               Rows Removed by Filter: 1
               Buffers: shared hit=237966 read=27802
 Planning:
   Buffers: shared hit=532 read=45
 Planning Time: 13.452 ms
 Execution Time: 8080.138 ms
(78 rows)

