                                                                                               QUERY PLAN                                                                                               
--------------------------------------------------------------------------------------------------------------------------------------------------------------------------------------------------------
 Aggregate  (cost=410534.25..410534.26 rows=1 width=8) (actual time=5968.268..5968.274 rows=1 loops=1)
   Buffers: shared hit=450790 read=168314
   ->  Nested Loop  (cost=15874.55..410534.24 rows=4 width=0) (actual time=70.452..5967.976 rows=610 loops=1)
         Buffers: shared hit=450790 read=168314
         ->  Seq Scan on info_type it2  (cost=0.00..2.41 rows=1 width=4) (actual time=0.044..0.052 rows=1 loops=1)
               Filter: (id = 7)
               Rows Removed by Filter: 112
               Buffers: shared hit=1
         ->  Nested Loop  (cost=15874.55..410531.79 rows=4 width=4) (actual time=70.407..5967.778 rows=610 loops=1)
               Buffers: shared hit=450789 read=168314
               ->  Seq Scan on info_type it1  (cost=0.00..2.41 rows=1 width=4) (actual time=0.008..0.018 rows=1 loops=1)
                     Filter: (id = 2)
                     Rows Removed by Filter: 112
                     Buffers: shared hit=1
               ->  Nested Loop  (cost=15874.55..410529.34 rows=4 width=8) (actual time=70.395..5967.586 rows=610 loops=1)
                     Buffers: shared hit=450788 read=168314
                     ->  Hash Join  (cost=15874.12..410487.59 rows=18 width=12) (actual time=39.956..3759.449 rows=71096 loops=1)
                           Hash Cond: (ci.role_id = rt.id)
                           Buffers: shared hit=187927 read=146791
                           ->  Nested Loop  (cost=15872.92..410486.13 rows=72 width=16) (actual time=39.912..3717.250 rows=219819 loops=1)
                                 Buffers: shared hit=187926 read=146791
                                 ->  Nested Loop  (cost=15872.48..410267.65 rows=5 width=20) (actual time=39.626..1456.950 rows=5410 loops=1)
                                       Buffers: shared hit=59531 read=48806
                                       ->  Hash Join  (cost=15872.04..405706.41 rows=108 width=12) (actual time=39.517..727.077 rows=5262 loops=1)
                                             Hash Cond: (t.kind_id = kt.id)
                                             Buffers: shared hit=19400 read=14370
                                             ->  Nested Loop  (cost=15870.86..405704.59 rows=151 width=16) (actual time=39.472..724.522 rows=5607 loops=1)
                                                   Buffers: shared hit=19399 read=14370
                                                   ->  Bitmap Heap Scan on movie_info mi2  (cost=15870.43..404111.07 rows=189 width=8) (actual time=39.440..536.054 rows=5655 loops=1)
                                                         Recheck Cond: (info_type_id = 7)
                                                         Filter: ((info)::text = ANY ('{OFM:HDCAM,"PCS:Super 16",PFM:DVD-ROM,PFM:Digital,"RAT:4:3 Letterbox"}'::text[]))
                                                         Rows Removed by Filter: 1396247
                                                         Heap Blocks: exact=10050
                                                         Buffers: shared hit=505 read=10644
                                                         ->  Bitmap Index Scan on info_type_id_movie_info  (cost=0.00..15870.39 rows=1484527 width=0) (actual time=37.936..37.936 rows=1401902 loops=1)
                                                               Index Cond: (info_type_id = 7)
                                                               Buffers: shared read=1099
                                                   ->  Index Scan using title_pkey on title t  (cost=0.43..8.43 rows=1 width=8) (actual time=0.033..0.033 rows=1 loops=5655)
                                                         Index Cond: (id = mi2.movie_id)
                                                         Filter: ((production_year <= 2015) AND (production_year >= 1975))
                                                         Rows Removed by Filter: 0
                                                         Buffers: shared hit=18894 read=3726
                                             ->  Hash  (cost=1.11..1.11 rows=5 width=4) (actual time=0.017..0.018 rows=5 loops=1)
                                                   Buckets: 1024  Batches: 1  Memory Usage: 9kB
                                                   Buffers: shared hit=1
                                                   ->  Seq Scan on kind_type kt  (cost=0.00..1.11 rows=5 width=4) (actual time=0.008..0.010 rows=5 loops=1)
                                                         Filter: ((kind)::text = ANY ('{episode,movie,"tv series","video game","video movie"}'::text[]))
                                                         Rows Removed by Filter: 2
                                                         Buffers: shared hit=1
                                       ->  Index Scan using movie_id_movie_info on movie_info mi1  (cost=0.43..42.22 rows=1 width=8) (actual time=0.119..0.138 rows=1 loops=5262)
                                             Index Cond: (movie_id = t.id)
                                             Filter: (((info)::text = ANY ('{"Black and White",Color}'::text[])) AND (info_type_id = 2))
                                             Rows Removed by Filter: 30
                                             Buffers: shared hit=40131 read=34436
                                 ->  Index Scan using movie_id_cast_info on cast_info ci  (cost=0.44..43.32 rows=38 width=12) (actual time=0.032..0.409 rows=41 loops=5410)
                                       Index Cond: (movie_id = t.id)
                                       Buffers: shared hit=128395 read=97985
                           ->  Hash  (cost=1.17..1.17 rows=3 width=4) (actual time=0.020..0.020 rows=3 loops=1)
                                 Buckets: 1024  Batches: 1  Memory Usage: 9kB
                                 Buffers: shared hit=1
                                 ->  Seq Scan on role_type rt  (cost=0.00..1.17 rows=3 width=4) (actual time=0.009..0.013 rows=3 loops=1)
                                       Filter: ((role)::text = ANY ('{actor,"costume designer",editor}'::text[]))
                                       Rows Removed by Filter: 9
                                       Buffers: shared hit=1
                     ->  Index Scan using name_pkey on name n  (cost=0.43..2.32 rows=1 width=4) (actual time=0.031..0.031 rows=0 loops=71096)
                           Index Cond: (id = ci.person_id)
                           Filter: ((gender)::text = 'f'::text)
                           Rows Removed by Filter: 1
                           Buffers: shared hit=262861 read=21523
 Planning:
   Buffers: shared hit=520 read=54
 Planning Time: 13.788 ms
 Execution Time: 5968.808 ms
(73 rows)

