                                                                                             QUERY PLAN                                                                                              
-----------------------------------------------------------------------------------------------------------------------------------------------------------------------------------------------------
 Aggregate  (cost=343446.98..343446.99 rows=1 width=8) (actual time=409.846..409.853 rows=1 loops=1)
   Buffers: shared hit=15207 read=24942
   ->  Nested Loop  (cost=3725.55..343446.97 rows=2 width=0) (actual time=16.335..409.750 rows=676 loops=1)
         Buffers: shared hit=15207 read=24942
         ->  Hash Join  (cost=3725.12..343435.38 rows=5 width=4) (actual time=16.290..368.016 rows=1235 loops=1)
               Hash Cond: (ci.role_id = rt.id)
               Buffers: shared hit=11787 read=23422
               ->  Nested Loop  (cost=3723.89..343434.10 rows=14 width=8) (actual time=16.054..367.228 rows=4386 loops=1)
                     Buffers: shared hit=11786 read=23422
                     ->  Nested Loop  (cost=3723.45..343389.74 rows=1 width=12) (actual time=16.008..309.047 rows=348 loops=1)
                           Buffers: shared hit=9928 read=19935
                           ->  Nested Loop  (cost=3723.45..343387.32 rows=1 width=16) (actual time=16.002..303.932 rows=348 loops=1)
                                 Buffers: shared hit=9580 read=19935
                                 ->  Nested Loop  (cost=3723.45..343384.89 rows=1 width=20) (actual time=15.979..298.819 rows=348 loops=1)
                                       Buffers: shared hit=9232 read=19935
                                       ->  Nested Loop  (cost=3723.31..343384.73 rows=1 width=24) (actual time=15.966..294.374 rows=348 loops=1)
                                             Buffers: shared hit=8536 read=19935
                                             ->  Nested Loop  (cost=3722.85..343299.10 rows=2 width=16) (actual time=15.790..179.637 rows=1129 loops=1)
                                                   Buffers: shared hit=3391 read=13117
                                                   ->  Bitmap Heap Scan on movie_info mi2  (cost=3722.42..343223.03 rows=9 width=8) (actual time=15.365..139.343 rows=1323 loops=1)
                                                         Recheck Cond: (info_type_id = 17)
                                                         Filter: ((info)::text = 'Last show of the series.'::text)
                                                         Rows Removed by Filter: 366895
                                                         Heap Blocks: exact=10925
                                                         Buffers: shared hit=446 read=10770
                                                         ->  Bitmap Index Scan on info_type_id_movie_info  (cost=0.00..3722.42 rows=347998 width=0) (actual time=13.621..13.621 rows=368218 loops=1)
                                                               Index Cond: (info_type_id = 17)
                                                               Buffers: shared read=291
                                                   ->  Index Scan using title_pkey on title t  (cost=0.43..8.45 rows=1 width=8) (actual time=0.030..0.030 rows=1 loops=1323)
                                                         Index Cond: (id = mi2.movie_id)
                                                         Filter: ((production_year <= 1990) AND (production_year >= 1950))
                                                         Rows Removed by Filter: 0
                                                         Buffers: shared hit=2945 read=2347
                                             ->  Index Scan using movie_id_movie_info on movie_info mi1  (cost=0.46..42.80 rows=1 width=8) (actual time=0.084..0.101 rows=0 loops=1129)
                                                   Index Cond: (movie_id = t.id)
                                                   Filter: ((info_type_id = 1) AND ((info)::text = ANY ('{103,114,123,134,136,142,30,77,78,87,92}'::text[])))
                                                   Rows Removed by Filter: 10
                                                   Buffers: shared hit=5145 read=6818
                                       ->  Index Scan using kind_type_pkey on kind_type kt  (cost=0.13..0.16 rows=1 width=4) (actual time=0.012..0.012 rows=1 loops=348)
                                             Index Cond: (id = t.kind_id)
                                             Filter: ((kind)::text = ANY ('{episode,movie,"tv movie","tv series","video game","video movie"}'::text[]))
                                             Buffers: shared hit=696
                                 ->  Seq Scan on info_type it1  (cost=0.00..2.41 rows=1 width=4) (actual time=0.008..0.013 rows=1 loops=348)
                                       Filter: (id = 1)
                                       Rows Removed by Filter: 112
                                       Buffers: shared hit=348
                           ->  Seq Scan on info_type it2  (cost=0.00..2.41 rows=1 width=4) (actual time=0.008..0.014 rows=1 loops=348)
                                 Filter: (id = 17)
                                 Rows Removed by Filter: 112
                                 Buffers: shared hit=348
                     ->  Index Scan using movie_id_cast_info on cast_info ci  (cost=0.44..43.98 rows=38 width=12) (actual time=0.038..0.165 rows=13 loops=348)
                           Index Cond: (movie_id = t.id)
                           Buffers: shared hit=1858 read=3487
               ->  Hash  (cost=1.18..1.18 rows=4 width=4) (actual time=0.034..0.035 rows=4 loops=1)
                     Buckets: 1024  Batches: 1  Memory Usage: 9kB
                     Buffers: shared hit=1
                     ->  Seq Scan on role_type rt  (cost=0.00..1.18 rows=4 width=4) (actual time=0.023..0.026 rows=4 loops=1)
                           Filter: ((role)::text = ANY ('{"costume designer","miscellaneous crew",producer,writer}'::text[]))
                           Rows Removed by Filter: 8
                           Buffers: shared hit=1
         ->  Index Scan using name_pkey on name n  (cost=0.43..2.32 rows=1 width=4) (actual time=0.033..0.033 rows=1 loops=1235)
               Index Cond: (id = ci.person_id)
               Filter: (((gender)::text = 'f'::text) OR (gender IS NULL))
               Rows Removed by Filter: 0
               Buffers: shared hit=3420 read=1520
 Planning:
   Buffers: shared hit=485 read=92
 Planning Time: 13.453 ms
 Execution Time: 410.332 ms
(69 rows)

