                                                                                                                QUERY PLAN                                                                                                                 
-------------------------------------------------------------------------------------------------------------------------------------------------------------------------------------------------------------------------------------------
 Aggregate  (cost=383875.43..383875.44 rows=1 width=8) (actual time=3892.211..3892.221 rows=1 loops=1)
   Buffers: shared hit=345885 read=53540
   ->  Nested Loop  (cost=4697.75..383875.42 rows=3 width=0) (actual time=34.151..3892.009 rows=960 loops=1)
         Buffers: shared hit=345885 read=53540
         ->  Hash Join  (cost=4697.32..383861.50 rows=6 width=4) (actual time=32.000..3632.015 rows=7007 loops=1)
               Hash Cond: (ci.role_id = rt.id)
               Buffers: shared hit=322142 read=49255
               ->  Nested Loop  (cost=4696.06..383860.20 rows=14 width=8) (actual time=31.940..3628.236 rows=13462 loops=1)
                     Buffers: shared hit=322141 read=49255
                     ->  Nested Loop  (cost=4695.62..383815.34 rows=1 width=12) (actual time=31.899..3478.111 rows=579 loops=1)
                           Buffers: shared hit=310722 read=45672
                           ->  Nested Loop  (cost=4695.62..383812.92 rows=1 width=16) (actual time=31.894..3468.327 rows=579 loops=1)
                                 Buffers: shared hit=310143 read=45672
                                 ->  Nested Loop  (cost=4695.62..383810.50 rows=1 width=20) (actual time=31.876..3456.008 rows=579 loops=1)
                                       Buffers: shared hit=309564 read=45672
                                       ->  Hash Join  (cost=4695.19..382106.76 rows=39 width=12) (actual time=22.827..3274.841 rows=1342 loops=1)
                                             Hash Cond: (t.kind_id = kt.id)
                                             Buffers: shared hit=293158 read=43203
                                             ->  Nested Loop  (cost=4694.08..382105.07 rows=138 width=16) (actual time=22.790..3267.608 rows=28328 loops=1)
                                                   Buffers: shared hit=293157 read=43203
                                                   ->  Bitmap Heap Scan on movie_info mi1  (cost=4693.65..374133.24 rows=972 width=8) (actual time=21.317..432.119 rows=79197 loops=1)
                                                         Recheck Cond: (info_type_id = 5)
                                                         Filter: ((info)::text = ANY ('{Argentina:Atp,Canada:13+,Canada:R,Finland:K-8,Germany:12,Iceland:L,Netherlands:12,Spain:T,Sweden:15,UK:U,USA:Approved,USA:PG,USA:TV-PG}'::text[]))
                                                         Rows Removed by Filter: 407357
                                                         Heap Blocks: exact=19164
                                                         Buffers: shared hit=1104 read=18468
                                                         ->  Bitmap Index Scan on info_type_id_movie_info  (cost=0.00..4693.37 rows=439058 width=0) (actual time=18.677..18.677 rows=486554 loops=1)
                                                               Index Cond: (info_type_id = 5)
                                                               Buffers: shared hit=1 read=407
                                                   ->  Index Scan using title_pkey on title t  (cost=0.43..8.20 rows=1 width=8) (actual time=0.035..0.035 rows=0 loops=79197)
                                                         Index Cond: (id = mi1.movie_id)
                                                         Filter: ((production_year <= 1975) AND (production_year >= 1925))
                                                         Rows Removed by Filter: 1
                                                         Buffers: shared hit=292053 read=24735
                                             ->  Hash  (cost=1.09..1.09 rows=2 width=4) (actual time=0.016..0.017 rows=2 loops=1)
                                                   Buckets: 1024  Batches: 1  Memory Usage: 9kB
                                                   Buffers: shared hit=1
                                                   ->  Seq Scan on kind_type kt  (cost=0.00..1.09 rows=2 width=4) (actual time=0.009..0.010 rows=2 loops=1)
                                                         Filter: ((kind)::text = ANY ('{episode,"tv series"}'::text[]))
                                                         Rows Removed by Filter: 5
                                                         Buffers: shared hit=1
                                       ->  Index Scan using movie_id_movie_info on movie_info mi2  (cost=0.43..43.68 rows=1 width=8) (actual time=0.102..0.134 rows=0 loops=1342)
                                             Index Cond: (movie_id = t.id)
                                             Filter: ((info_type_id = 1) AND ((info)::text = ANY ('{101,105,108,60,67,69,77,79,8,82,88,89,93,Argentina:30,USA:7}'::text[])))
                                             Rows Removed by Filter: 27
                                             Buffers: shared hit=16406 read=2469
                                 ->  Seq Scan on info_type it1  (cost=0.00..2.41 rows=1 width=4) (actual time=0.011..0.019 rows=1 loops=579)
                                       Filter: (id = 5)
                                       Rows Removed by Filter: 112
                                       Buffers: shared hit=579
                           ->  Seq Scan on info_type it2  (cost=0.00..2.41 rows=1 width=4) (actual time=0.006..0.015 rows=1 loops=579)
                                 Filter: (id = 1)
                                 Rows Removed by Filter: 112
                                 Buffers: shared hit=579
                     ->  Index Scan using movie_id_cast_info on cast_info ci  (cost=0.44..44.48 rows=38 width=12) (actual time=0.040..0.253 rows=23 loops=579)
                           Index Cond: (movie_id = t.id)
                           Buffers: shared hit=11419 read=3583
               ->  Hash  (cost=1.20..1.20 rows=5 width=4) (actual time=0.036..0.038 rows=5 loops=1)
                     Buckets: 1024  Batches: 1  Memory Usage: 9kB
                     Buffers: shared hit=1
                     ->  Seq Scan on role_type rt  (cost=0.00..1.20 rows=5 width=4) (actual time=0.023..0.028 rows=5 loops=1)
                           Filter: ((role)::text = ANY ('{actor,"costume designer",director,"production designer",writer}'::text[]))
                           Rows Removed by Filter: 7
                           Buffers: shared hit=1
         ->  Index Scan using name_pkey on name n  (cost=0.43..2.32 rows=1 width=4) (actual time=0.037..0.037 rows=0 loops=7007)
               Index Cond: (id = ci.person_id)
               Filter: (((gender)::text = 'f'::text) OR (gender IS NULL))
               Rows Removed by Filter: 1
               Buffers: shared hit=23743 read=4285
 Planning:
   Buffers: shared hit=577
 Planning Time: 13.760 ms
 Execution Time: 3892.837 ms
(73 rows)

