                                                                                             QUERY PLAN                                                                                              
-----------------------------------------------------------------------------------------------------------------------------------------------------------------------------------------------------
 Aggregate  (cost=479164.34..479164.35 rows=1 width=8) (actual time=6847.027..6847.035 rows=1 loops=1)
   Buffers: shared hit=581929 read=127476
   ->  Nested Loop  (cost=8155.42..479164.34 rows=1 width=0) (actual time=2262.266..6846.841 rows=478 loops=1)
         Buffers: shared hit=581929 read=127476
         ->  Hash Join  (cost=8154.99..479155.06 rows=4 width=4) (actual time=2252.805..6104.458 rows=22860 loops=1)
               Hash Cond: (ci.role_id = rt.id)
               Buffers: shared hit=500878 read=117087
               ->  Nested Loop  (cost=8153.79..479153.81 rows=14 width=8) (actual time=2252.550..6081.344 rows=127384 loops=1)
                     Buffers: shared hit=500877 read=117087
                     ->  Nested Loop  (cost=8153.35..479108.95 rows=1 width=12) (actual time=2252.496..4686.959 rows=5363 loops=1)
                           Buffers: shared hit=420040 read=56787
                           ->  Nested Loop  (cost=8153.35..479106.53 rows=1 width=16) (actual time=2252.487..4593.653 rows=5363 loops=1)
                                 Buffers: shared hit=414677 read=56787
                                 ->  Nested Loop  (cost=8153.35..479104.11 rows=1 width=20) (actual time=2252.453..4493.809 rows=5363 loops=1)
                                       Buffers: shared hit=409314 read=56787
                                       ->  Hash Join  (cost=8152.92..471169.71 rows=184 width=12) (actual time=24.223..3573.035 rows=7904 loops=1)
                                             Hash Cond: (t.kind_id = kt.id)
                                             Buffers: shared hit=356672 read=16621
                                             ->  Nested Loop  (cost=8151.76..471167.19 rows=322 width=16) (actual time=24.174..3561.444 rows=42504 loops=1)
                                                   Buffers: shared hit=356671 read=16621
                                                   ->  Bitmap Heap Scan on movie_info mi2  (cost=8151.33..453302.28 rows=2265 width=8) (actual time=24.010..472.249 rows=91917 loops=1)
                                                         Recheck Cond: (info_type_id = 1)
                                                         Filter: ((info)::text = ANY ('{105,20,30,50,65,95,97,USA:60,USA:7}'::text[]))
                                                         Rows Removed by Filter: 710223
                                                         Heap Blocks: exact=4993
                                                         Buffers: shared hit=665 read=4959
                                                         ->  Bitmap Index Scan on info_type_id_movie_info  (cost=0.00..8150.77 rows=762444 width=0) (actual time=23.258..23.258 rows=802140 loops=1)
                                                               Index Cond: (info_type_id = 1)
                                                               Buffers: shared hit=1 read=630
                                                   ->  Index Scan using title_pkey on title t  (cost=0.43..7.89 rows=1 width=8) (actual time=0.033..0.033 rows=0 loops=91917)
                                                         Index Cond: (id = mi2.movie_id)
                                                         Filter: ((production_year <= 1975) AND (production_year >= 1925))
                                                         Rows Removed by Filter: 1
                                                         Buffers: shared hit=356006 read=11662
                                             ->  Hash  (cost=1.10..1.10 rows=4 width=4) (actual time=0.020..0.021 rows=4 loops=1)
                                                   Buckets: 1024  Batches: 1  Memory Usage: 9kB
                                                   Buffers: shared hit=1
                                                   ->  Seq Scan on kind_type kt  (cost=0.00..1.10 rows=4 width=4) (actual time=0.010..0.012 rows=4 loops=1)
                                                         Filter: ((kind)::text = ANY ('{movie,"tv movie","video game","video movie"}'::text[]))
                                                         Rows Removed by Filter: 3
                                                         Buffers: shared hit=1
                                       ->  Index Scan using movie_id_movie_info on movie_info mi1  (cost=0.43..43.11 rows=1 width=8) (actual time=0.065..0.116 rows=1 loops=7904)
                                             Index Cond: (movie_id = t.id)
                                             Filter: ((info_type_id = 6) AND ((info)::text = ANY ('{"70 mm 6-Track",Mono,Silent,Stereo}'::text[])))
                                             Rows Removed by Filter: 14
                                             Buffers: shared hit=52642 read=40166
                                 ->  Seq Scan on info_type it1  (cost=0.00..2.41 rows=1 width=4) (actual time=0.010..0.017 rows=1 loops=5363)
                                       Filter: (id = 6)
                                       Rows Removed by Filter: 112
                                       Buffers: shared hit=5363
                           ->  Seq Scan on info_type it2  (cost=0.00..2.41 rows=1 width=4) (actual time=0.008..0.016 rows=1 loops=5363)
                                 Filter: (id = 1)
                                 Rows Removed by Filter: 112
                                 Buffers: shared hit=5363
                     ->  Index Scan using movie_id_cast_info on cast_info ci  (cost=0.44..44.48 rows=38 width=12) (actual time=0.036..0.254 rows=24 loops=5363)
                           Index Cond: (movie_id = t.id)
                           Buffers: shared hit=80837 read=60300
               ->  Hash  (cost=1.17..1.17 rows=3 width=4) (actual time=0.038..0.039 rows=3 loops=1)
                     Buckets: 1024  Batches: 1  Memory Usage: 9kB
                     Buffers: shared hit=1
                     ->  Seq Scan on role_type rt  (cost=0.00..1.17 rows=3 width=4) (actual time=0.028..0.032 rows=3 loops=1)
                           Filter: ((role)::text = ANY ('{director,producer,writer}'::text[]))
                           Rows Removed by Filter: 9
                           Buffers: shared hit=1
         ->  Index Scan using name_pkey on name n  (cost=0.43..2.32 rows=1 width=4) (actual time=0.032..0.032 rows=0 loops=22860)
               Index Cond: (id = ci.person_id)
               Filter: ((gender)::text = 'f'::text)
               Rows Removed by Filter: 1
               Buffers: shared hit=81051 read=10389
 Planning:
   Buffers: shared hit=574
 Planning Time: 12.560 ms
 Execution Time: 6847.594 ms
(73 rows)

