                                                                                               QUERY PLAN                                                                                               
--------------------------------------------------------------------------------------------------------------------------------------------------------------------------------------------------------
 Aggregate  (cost=532350.60..532350.61 rows=1 width=8) (actual time=3415.243..3415.250 rows=1 loops=1)
   Buffers: shared hit=264553 read=69965
   ->  Nested Loop  (cost=32182.76..532350.59 rows=5 width=0) (actual time=173.267..3415.213 rows=41 loops=1)
         Buffers: shared hit=264553 read=69965
         ->  Hash Join  (cost=32182.33..532334.35 rows=7 width=4) (actual time=103.915..3409.974 rows=146 loops=1)
               Hash Cond: (ci.role_id = rt.id)
               Buffers: shared hit=264203 read=69731
               ->  Nested Loop  (cost=32181.15..532333.02 rows=43 width=8) (actual time=103.624..3409.325 rows=3802 loops=1)
                     Buffers: shared hit=264202 read=69731
                     ->  Nested Loop  (cost=32180.71..532201.93 rows=3 width=12) (actual time=103.589..3362.940 rows=289 loops=1)
                           Buffers: shared hit=262665 read=66720
                           ->  Seq Scan on info_type it2  (cost=0.00..2.41 rows=1 width=4) (actual time=0.035..0.041 rows=1 loops=1)
                                 Filter: (id = 16)
                                 Rows Removed by Filter: 112
                                 Buffers: shared hit=1
                           ->  Nested Loop  (cost=32180.71..532199.49 rows=3 width=16) (actual time=103.553..3362.820 rows=289 loops=1)
                                 Buffers: shared hit=262664 read=66720
                                 ->  Seq Scan on info_type it1  (cost=0.00..2.41 rows=1 width=4) (actual time=0.009..0.017 rows=1 loops=1)
                                       Filter: (id = 8)
                                       Rows Removed by Filter: 112
                                       Buffers: shared hit=1
                                 ->  Nested Loop  (cost=32180.71..532197.05 rows=3 width=20) (actual time=103.540..3362.725 rows=289 loops=1)
                                       Buffers: shared hit=262663 read=66720
                                       ->  Hash Join  (cost=32180.25..509958.74 rows=525 width=12) (actual time=82.348..1982.381 rows=25688 loops=1)
                                             Hash Cond: (t.kind_id = kt.id)
                                             Buffers: shared hit=99009 read=31757
                                             ->  Nested Loop  (cost=32179.06..509954.97 rows=612 width=16) (actual time=82.300..1974.549 rows=25688 loops=1)
                                                   Buffers: shared hit=99008 read=31757
                                                   ->  Bitmap Heap Scan on movie_info mi2  (cost=32178.63..503623.90 rows=767 width=8) (actual time=82.272..1274.791 rows=25728 loops=1)
                                                         Recheck Cond: (info_type_id = 16)
                                                         Filter: ((info)::text = ANY ('{Nigeria:2005,Nigeria:2007,USA:1993,USA:1994,USA:2003,USA:2004,USA:2005,USA:2006,USA:2012,USA:2014}'::text[]))
                                                         Rows Removed by Filter: 3010991
                                                         Heap Blocks: exact=25474
                                                         Buffers: shared hit=1252 read=26601
                                                         ->  Bitmap Index Scan on info_type_id_movie_info  (cost=0.00..32178.44 rows=3010400 width=0) (actual time=78.341..78.341 rows=3036719 loops=1)
                                                               Index Cond: (info_type_id = 16)
                                                               Buffers: shared read=2379
                                                   ->  Index Scan using title_pkey on title t  (cost=0.43..8.25 rows=1 width=8) (actual time=0.027..0.027 rows=1 loops=25728)
                                                         Index Cond: (id = mi2.movie_id)
                                                         Filter: ((production_year <= 2015) AND (production_year >= 1975))
                                                         Rows Removed by Filter: 0
                                                         Buffers: shared hit=97756 read=5156
                                             ->  Hash  (cost=1.12..1.12 rows=6 width=4) (actual time=0.019..0.019 rows=6 loops=1)
                                                   Buckets: 1024  Batches: 1  Memory Usage: 9kB
                                                   Buffers: shared hit=1
                                                   ->  Seq Scan on kind_type kt  (cost=0.00..1.12 rows=6 width=4) (actual time=0.008..0.011 rows=6 loops=1)
                                                         Filter: ((kind)::text = ANY ('{episode,movie,"tv movie","tv series","video game","video movie"}'::text[]))
                                                         Rows Removed by Filter: 1
                                                         Buffers: shared hit=1
                                       ->  Index Scan using movie_id_movie_info on movie_info mi1  (cost=0.46..42.35 rows=1 width=8) (actual time=0.053..0.053 rows=0 loops=25688)
                                             Index Cond: (movie_id = t.id)
                                             Filter: ((info_type_id = 8) AND ((info)::text = ANY ('{Finland,Greece,Iran,Kazakhstan,Lithuania,Russia,Slovenia,UK,Yugoslavia}'::text[])))
                                             Rows Removed by Filter: 5
                                             Buffers: shared hit=163654 read=34963
                     ->  Index Scan using movie_id_cast_info on cast_info ci  (cost=0.44..43.32 rows=38 width=12) (actual time=0.029..0.157 rows=13 loops=289)
                           Index Cond: (movie_id = t.id)
                           Buffers: shared hit=1537 read=3011
               ->  Hash  (cost=1.15..1.15 rows=2 width=4) (actual time=0.036..0.037 rows=2 loops=1)
                     Buckets: 1024  Batches: 1  Memory Usage: 9kB
                     Buffers: shared hit=1
                     ->  Seq Scan on role_type rt  (cost=0.00..1.15 rows=2 width=4) (actual time=0.027..0.029 rows=2 loops=1)
                           Filter: ((role)::text = ANY ('{composer,"costume designer"}'::text[]))
                           Rows Removed by Filter: 10
                           Buffers: shared hit=1
         ->  Index Scan using name_pkey on name n  (cost=0.43..2.32 rows=1 width=4) (actual time=0.035..0.035 rows=0 loops=146)
               Index Cond: (id = ci.person_id)
               Filter: ((gender)::text = ANY ('{f,m}'::text[]))
               Rows Removed by Filter: 1
               Buffers: shared hit=350 read=234
 Planning:
   Buffers: shared hit=531 read=46
 Planning Time: 14.212 ms
 Execution Time: 3415.976 ms
(73 rows)

