                                                                                                                    QUERY PLAN                                                                                                                    
--------------------------------------------------------------------------------------------------------------------------------------------------------------------------------------------------------------------------------------------------
 Aggregate  (cost=409915.09..409915.10 rows=1 width=8) (actual time=935.431..935.437 rows=1 loops=1)
   Buffers: shared hit=87748 read=5155
   ->  Nested Loop  (cost=8154.90..409915.08 rows=2 width=0) (actual time=153.916..935.421 rows=20 loops=1)
         Buffers: shared hit=87748 read=5155
         ->  Hash Join  (cost=8154.47..409905.80 rows=4 width=4) (actual time=93.930..933.522 rows=45 loops=1)
               Hash Cond: (ci.role_id = rt.id)
               Buffers: shared hit=87622 read=5101
               ->  Nested Loop  (cost=8153.27..409904.55 rows=14 width=8) (actual time=93.748..933.386 rows=361 loops=1)
                     Buffers: shared hit=87621 read=5101
                     ->  Nested Loop  (cost=8152.83..409859.70 rows=1 width=12) (actual time=93.716..928.132 rows=21 loops=1)
                           Buffers: shared hit=87513 read=4789
                           ->  Nested Loop  (cost=8152.83..409857.27 rows=1 width=16) (actual time=93.708..927.851 rows=21 loops=1)
                                 Buffers: shared hit=87492 read=4789
                                 ->  Nested Loop  (cost=8152.83..409854.85 rows=1 width=20) (actual time=93.692..927.530 rows=21 loops=1)
                                       Buffers: shared hit=87471 read=4789
                                       ->  Hash Join  (cost=8152.36..409552.74 rows=7 width=12) (actual time=53.684..902.855 rows=258 loops=1)
                                             Hash Cond: (t.kind_id = kt.id)
                                             Buffers: shared hit=85420 read=3949
                                             ->  Nested Loop  (cost=8151.22..409551.54 rows=17 width=16) (actual time=28.639..901.868 rows=5492 loops=1)
                                                   Buffers: shared hit=85419 read=3949
                                                   ->  Bitmap Heap Scan on movie_info mi2  (cost=8150.79..408562.59 rows=117 width=8) (actual time=24.991..305.450 rows=20936 loops=1)
                                                         Recheck Cond: (info_type_id = 1)
                                                         Filter: ((info)::text = ANY ('{100,101,17,76,92,97}'::text[]))
                                                         Rows Removed by Filter: 781204
                                                         Heap Blocks: exact=4993
                                                         Buffers: shared hit=2732 read=2892
                                                         ->  Bitmap Index Scan on info_type_id_movie_info  (cost=0.00..8150.77 rows=762444 width=0) (actual time=24.410..24.411 rows=802140 loops=1)
                                                               Index Cond: (info_type_id = 1)
                                                               Buffers: shared hit=1 read=630
                                                   ->  Index Scan using title_pkey on title t  (cost=0.43..8.45 rows=1 width=8) (actual time=0.028..0.028 rows=0 loops=20936)
                                                         Index Cond: (id = mi2.movie_id)
                                                         Filter: ((production_year <= 1975) AND (production_year >= 1925))
                                                         Rows Removed by Filter: 1
                                                         Buffers: shared hit=82687 read=1057
                                             ->  Hash  (cost=1.10..1.10 rows=3 width=4) (actual time=0.020..0.021 rows=3 loops=1)
                                                   Buckets: 1024  Batches: 1  Memory Usage: 9kB
                                                   Buffers: shared hit=1
                                                   ->  Seq Scan on kind_type kt  (cost=0.00..1.10 rows=3 width=4) (actual time=0.009..0.010 rows=3 loops=1)
                                                         Filter: ((kind)::text = ANY ('{"tv movie","tv series","video movie"}'::text[]))
                                                         Rows Removed by Filter: 4
                                                         Buffers: shared hit=1
                                       ->  Index Scan using movie_id_movie_info on movie_info mi1  (cost=0.47..43.15 rows=1 width=8) (actual time=0.092..0.095 rows=0 loops=258)
                                             Index Cond: (movie_id = t.id)
                                             Filter: ((info_type_id = 8) AND ((info)::text = ANY ('{Argentina,Austria,Belgium,Canada,Greece,"Hong Kong",India,Italy,Japan,Netherlands,Norway,Poland,"Soviet Union",Spain,Switzerland}'::text[])))
                                             Rows Removed by Filter: 11
                                             Buffers: shared hit=2051 read=840
                                 ->  Seq Scan on info_type it1  (cost=0.00..2.41 rows=1 width=4) (actual time=0.007..0.013 rows=1 loops=21)
                                       Filter: (id = 8)
                                       Rows Removed by Filter: 112
                                       Buffers: shared hit=21
                           ->  Seq Scan on info_type it2  (cost=0.00..2.41 rows=1 width=4) (actual time=0.005..0.012 rows=1 loops=21)
                                 Filter: (id = 1)
                                 Rows Removed by Filter: 112
                                 Buffers: shared hit=21
                     ->  Index Scan using movie_id_cast_info on cast_info ci  (cost=0.44..44.48 rows=38 width=12) (actual time=0.066..0.245 rows=17 loops=21)
                           Index Cond: (movie_id = t.id)
                           Buffers: shared hit=108 read=312
               ->  Hash  (cost=1.17..1.17 rows=3 width=4) (actual time=0.039..0.039 rows=3 loops=1)
                     Buckets: 1024  Batches: 1  Memory Usage: 9kB
                     Buffers: shared hit=1
                     ->  Seq Scan on role_type rt  (cost=0.00..1.17 rows=3 width=4) (actual time=0.027..0.030 rows=3 loops=1)
                           Filter: ((role)::text = ANY ('{cinematographer,director,producer}'::text[]))
                           Rows Removed by Filter: 9
                           Buffers: shared hit=1
         ->  Index Scan using name_pkey on name n  (cost=0.43..2.32 rows=1 width=4) (actual time=0.041..0.041 rows=0 loops=45)
               Index Cond: (id = ci.person_id)
               Filter: ((gender)::text = 'm'::text)
               Rows Removed by Filter: 1
               Buffers: shared hit=126 read=54
 Planning:
   Buffers: shared hit=577
 Planning Time: 14.074 ms
 Execution Time: 935.970 ms
(73 rows)

