                                                                                                            QUERY PLAN                                                                                                             
-----------------------------------------------------------------------------------------------------------------------------------------------------------------------------------------------------------------------------------
 Aggregate  (cost=482458.66..482458.67 rows=1 width=8) (actual time=10158.381..10158.388 rows=1 loops=1)
   Buffers: shared hit=903649 read=131972
   ->  Nested Loop  (cost=8155.17..482458.65 rows=3 width=0) (actual time=63.776..10158.276 rows=106 loops=1)
         Buffers: shared hit=903649 read=131972
         ->  Seq Scan on info_type it2  (cost=0.00..2.41 rows=1 width=4) (actual time=0.046..0.056 rows=1 loops=1)
               Filter: (id = 1)
               Rows Removed by Filter: 112
               Buffers: shared hit=1
         ->  Nested Loop  (cost=8155.17..482456.21 rows=3 width=4) (actual time=63.728..10158.171 rows=106 loops=1)
               Buffers: shared hit=903648 read=131972
               ->  Seq Scan on info_type it1  (cost=0.00..2.41 rows=1 width=4) (actual time=0.009..0.021 rows=1 loops=1)
                     Filter: (id = 3)
                     Rows Removed by Filter: 112
                     Buffers: shared hit=1
               ->  Nested Loop  (cost=8155.17..482453.76 rows=3 width=8) (actual time=63.716..10158.091 rows=106 loops=1)
                     Buffers: shared hit=903647 read=131972
                     ->  Hash Join  (cost=8154.74..482425.93 rows=12 width=12) (actual time=26.723..6040.385 rows=117564 loops=1)
                           Hash Cond: (ci.role_id = rt.id)
                           Buffers: shared hit=457870 read=107493
                           ->  Nested Loop  (cost=8153.56..482424.50 rows=72 width=16) (actual time=26.677..5973.000 rows=217195 loops=1)
                                 Buffers: shared hit=457869 read=107493
                                 ->  Nested Loop  (cost=8153.12..482200.22 rows=5 width=20) (actual time=26.638..3378.726 rows=10532 loops=1)
                                       Buffers: shared hit=278295 read=42662
                                       ->  Hash Join  (cost=8152.65..476718.99 rows=127 width=12) (actual time=25.487..2076.652 rows=10463 loops=1)
                                             Hash Cond: (t.kind_id = kt.id)
                                             Buffers: shared hit=190291 read=4638
                                             ->  Nested Loop  (cost=8151.45..476717.17 rows=148 width=16) (actual time=25.441..2071.059 rows=10463 loops=1)
                                                   Buffers: shared hit=190290 read=4638
                                                   ->  Bitmap Heap Scan on movie_info mi2  (cost=8151.02..468215.02 rows=1039 width=8) (actual time=23.309..510.101 rows=47326 loops=1)
                                                         Recheck Cond: (info_type_id = 1)
                                                         Filter: ((info)::text = ANY ('{18,26,54,72,77,8,90,93,99,USA:7}'::text[]))
                                                         Rows Removed by Filter: 754814
                                                         Heap Blocks: exact=4993
                                                         Buffers: shared hit=4747 read=877
                                                         ->  Bitmap Index Scan on info_type_id_movie_info  (cost=0.00..8150.77 rows=762444 width=0) (actual time=22.681..22.681 rows=802140 loops=1)
                                                               Index Cond: (info_type_id = 1)
                                                               Buffers: shared hit=631
                                                   ->  Index Scan using title_pkey on title t  (cost=0.43..8.18 rows=1 width=8) (actual time=0.033..0.033 rows=0 loops=47326)
                                                         Index Cond: (id = mi2.movie_id)
                                                         Filter: ((production_year <= 1975) AND (production_year >= 1925))
                                                         Rows Removed by Filter: 1
                                                         Buffers: shared hit=185543 read=3761
                                             ->  Hash  (cost=1.12..1.12 rows=6 width=4) (actual time=0.018..0.019 rows=6 loops=1)
                                                   Buckets: 1024  Batches: 1  Memory Usage: 9kB
                                                   Buffers: shared hit=1
                                                   ->  Seq Scan on kind_type kt  (cost=0.00..1.12 rows=6 width=4) (actual time=0.009..0.011 rows=6 loops=1)
                                                         Filter: ((kind)::text = ANY ('{episode,movie,"tv movie","tv series","video game","video movie"}'::text[]))
                                                         Rows Removed by Filter: 1
                                                         Buffers: shared hit=1
                                       ->  Index Scan using movie_id_movie_info on movie_info mi1  (cost=0.47..43.15 rows=1 width=8) (actual time=0.123..0.124 rows=1 loops=10463)
                                             Index Cond: (movie_id = t.id)
                                             Filter: ((info_type_id = 3) AND ((info)::text = ANY ('{Adventure,Biography,Comedy,Crime,Documentary,History,Horror,Music,Romance,Sci-Fi,Short,Sport,Thriller,War,Western}'::text[])))
                                             Rows Removed by Filter: 14
                                             Buffers: shared hit=88004 read=38024
                                 ->  Index Scan using movie_id_cast_info on cast_info ci  (cost=0.44..44.48 rows=38 width=12) (actual time=0.039..0.240 rows=21 loops=10532)
                                       Index Cond: (movie_id = t.id)
                                       Buffers: shared hit=179574 read=64831
                           ->  Hash  (cost=1.15..1.15 rows=2 width=4) (actual time=0.021..0.021 rows=2 loops=1)
                                 Buckets: 1024  Batches: 1  Memory Usage: 9kB
                                 Buffers: shared hit=1
                                 ->  Seq Scan on role_type rt  (cost=0.00..1.15 rows=2 width=4) (actual time=0.011..0.014 rows=2 loops=1)
                                       Filter: ((role)::text = ANY ('{actor,director}'::text[]))
                                       Rows Removed by Filter: 10
                                       Buffers: shared hit=1
                     ->  Index Scan using name_pkey on name n  (cost=0.43..2.32 rows=1 width=4) (actual time=0.035..0.035 rows=0 loops=117564)
                           Index Cond: (id = ci.person_id)
                           Filter: ((gender)::text = 'f'::text)
                           Rows Removed by Filter: 1
                           Buffers: shared hit=445777 read=24479
 Planning:
   Buffers: shared hit=577
 Planning Time: 14.385 ms
 Execution Time: 10158.942 ms
(73 rows)

