                                                                                     QUERY PLAN                                                                                     
------------------------------------------------------------------------------------------------------------------------------------------------------------------------------------
 Aggregate  (cost=384352.96..384352.97 rows=1 width=8) (actual time=1868.523..1868.533 rows=1 loops=1)
   Buffers: shared hit=35518 read=128509
   ->  Nested Loop  (cost=1.73..384352.95 rows=1 width=0) (actual time=705.016..1868.521 rows=14 loops=1)
         Buffers: shared hit=35518 read=128509
         ->  Nested Loop  (cost=1.30..384350.63 rows=1 width=4) (actual time=704.983..1868.208 rows=22 loops=1)
               Join Filter: (ci.role_id = rt.id)
               Rows Removed by Join Filter: 192
               Buffers: shared hit=35443 read=128496
               ->  Seq Scan on role_type rt  (cost=0.00..1.15 rows=1 width=4) (actual time=0.020..0.028 rows=1 loops=1)
                     Filter: ((role)::text = 'writer'::text)
                     Rows Removed by Filter: 11
                     Buffers: shared hit=1
               ->  Nested Loop  (cost=1.30..384349.31 rows=14 width=8) (actual time=704.832..1868.162 rows=214 loops=1)
                     Buffers: shared hit=35442 read=128496
                     ->  Nested Loop  (cost=0.86..384304.45 rows=1 width=12) (actual time=704.796..1867.269 rows=6 loops=1)
                           Buffers: shared hit=35232 read=128474
                           ->  Nested Loop  (cost=0.86..384302.03 rows=1 width=16) (actual time=704.791..1867.214 rows=6 loops=1)
                                 Buffers: shared hit=35226 read=128474
                                 ->  Nested Loop  (cost=0.86..384299.61 rows=1 width=20) (actual time=704.768..1867.133 rows=6 loops=1)
                                       Buffers: shared hit=35220 read=128474
                                       ->  Nested Loop  (cost=0.43..383953.40 rows=8 width=12) (actual time=601.858..1860.184 rows=87 loops=1)
                                             Join Filter: (t.kind_id = kt.id)
                                             Buffers: shared hit=34245 read=127907
                                             ->  Nested Loop  (cost=0.43..383951.55 rows=11 width=16) (actual time=601.842..1860.113 rows=87 loops=1)
                                                   Buffers: shared hit=34244 read=127907
                                                   ->  Seq Scan on movie_info mi1  (cost=0.00..383300.71 rows=77 width=8) (actual time=601.791..1858.488 rows=87 loops=1)
                                                         Filter: ((info_type_id = 16) AND ((info)::text = 'Austria:1951'::text))
                                                         Rows Removed by Filter: 14835633
                                                         Buffers: shared hit=33903 read=127900
                                                   ->  Index Scan using title_pkey on title t  (cost=0.43..8.45 rows=1 width=8) (actual time=0.017..0.017 rows=1 loops=87)
                                                         Index Cond: (id = mi1.movie_id)
                                                         Filter: ((production_year <= 1975) AND (production_year >= 1925))
                                                         Buffers: shared hit=341 read=7
                                             ->  Materialize  (cost=0.00..1.14 rows=5 width=4) (actual time=0.000..0.000 rows=1 loops=87)
                                                   Buffers: shared hit=1
                                                   ->  Seq Scan on kind_type kt  (cost=0.00..1.11 rows=5 width=4) (actual time=0.010..0.010 rows=1 loops=1)
                                                         Filter: ((kind)::text = ANY ('{episode,movie,"tv movie","tv series","video game"}'::text[]))
                                                         Buffers: shared hit=1
                                       ->  Index Scan using movie_id_movie_info on movie_info mi2  (cost=0.43..43.27 rows=1 width=8) (actual time=0.079..0.079 rows=0 loops=87)
                                             Index Cond: (movie_id = t.id)
                                             Filter: ((info_type_id = 5) AND ((info)::text = ANY ('{Chile:14,France:-16,Germany:12,Portugal:M/12,Spain:13,UK:AA,USA:PG}'::text[])))
                                             Rows Removed by Filter: 43
                                             Buffers: shared hit=975 read=567
                                 ->  Seq Scan on info_type it1  (cost=0.00..2.41 rows=1 width=4) (actual time=0.008..0.011 rows=1 loops=6)
                                       Filter: (id = 16)
                                       Rows Removed by Filter: 112
                                       Buffers: shared hit=6
                           ->  Seq Scan on info_type it2  (cost=0.00..2.41 rows=1 width=4) (actual time=0.004..0.008 rows=1 loops=6)
                                 Filter: (id = 5)
                                 Rows Removed by Filter: 112
                                 Buffers: shared hit=6
                     ->  Index Scan using movie_id_cast_info on cast_info ci  (cost=0.44..44.48 rows=38 width=12) (actual time=0.017..0.143 rows=36 loops=6)
                           Index Cond: (movie_id = t.id)
                           Buffers: shared hit=210 read=22
         ->  Index Scan using name_pkey on name n  (cost=0.43..2.32 rows=1 width=4) (actual time=0.014..0.014 rows=1 loops=22)
               Index Cond: (id = ci.person_id)
               Filter: (((gender)::text = 'f'::text) OR (gender IS NULL))
               Rows Removed by Filter: 0
               Buffers: shared hit=75 read=13
 Planning:
   Buffers: shared hit=529 read=45
 Planning Time: 9.891 ms
 Execution Time: 1868.930 ms
(63 rows)

