                                                                                                                                                                                                                                                                                                                                                          QUERY PLAN                                                                                                                                                                                                                                                                                                                                                           
-------------------------------------------------------------------------------------------------------------------------------------------------------------------------------------------------------------------------------------------------------------------------------------------------------------------------------------------------------------------------------------------------------------------------------------------------------------------------------------------------------------------------------------------------------------------------------------------------------------------------------------------------------------------------------------------------------------------------------
 Aggregate  (cost=343478.52..343478.53 rows=1 width=8) (actual time=303.530..303.536 rows=1 loops=1)
   Buffers: shared hit=14617 read=14693
   ->  Nested Loop  (cost=3725.52..343478.51 rows=2 width=0) (actual time=148.712..303.530 rows=2 loops=1)
         Buffers: shared hit=14617 read=14693
         ->  Hash Join  (cost=3725.09..343469.23 rows=4 width=4) (actual time=148.588..303.396 rows=5 loops=1)
               Hash Cond: (ci.role_id = rt.id)
               Buffers: shared hit=14601 read=14689
               ->  Nested Loop  (cost=3723.88..343467.98 rows=14 width=8) (actual time=148.227..303.318 rows=50 loops=1)
                     Buffers: shared hit=14600 read=14689
                     ->  Nested Loop  (cost=3723.44..343423.43 rows=1 width=12) (actual time=148.192..302.942 rows=1 loops=1)
                           Buffers: shared hit=14559 read=14677
                           ->  Nested Loop  (cost=3723.44..343421.01 rows=1 width=16) (actual time=148.183..302.928 rows=1 loops=1)
                                 Buffers: shared hit=14558 read=14677
                                 ->  Nested Loop  (cost=3723.44..343418.59 rows=1 width=20) (actual time=148.164..302.904 rows=1 loops=1)
                                       Buffers: shared hit=14557 read=14677
                                       ->  Nested Loop  (cost=3722.99..343375.65 rows=1 width=12) (actual time=76.800..244.831 rows=512 loops=1)
                                             Buffers: shared hit=8794 read=12320
                                             ->  Nested Loop  (cost=3722.85..343375.17 rows=3 width=16) (actual time=16.925..229.953 rows=1279 loops=1)
                                                   Buffers: shared hit=6236 read=12320
                                                   ->  Bitmap Heap Scan on movie_info mi2  (cost=3722.42..343223.03 rows=18 width=8) (actual time=16.516..168.381 rows=1835 loops=1)
                                                         Recheck Cond: (info_type_id = 17)
                                                         Filter: ((info)::text = ANY ('{"Last show of the series.","One of over 700 Paramount Productions, filmed between 1929 and 1949, which were sold to MCA/Universal in 1958 for television distribution, and have been owned and controlled by Universal ever since."}'::text[]))
                                                         Rows Removed by Filter: 366383
                                                         Heap Blocks: exact=10925
                                                         Buffers: shared hit=1096 read=10120
                                                         ->  Bitmap Index Scan on info_type_id_movie_info  (cost=0.00..3722.42 rows=347998 width=0) (actual time=14.846..14.846 rows=368218 loops=1)
                                                               Index Cond: (info_type_id = 17)
                                                               Buffers: shared read=291
                                                   ->  Index Scan using title_pkey on title t  (cost=0.43..8.45 rows=1 width=8) (actual time=0.033..0.033 rows=1 loops=1835)
                                                         Index Cond: (id = mi2.movie_id)
                                                         Filter: ((production_year <= 1975) AND (production_year >= 1875))
                                                         Rows Removed by Filter: 0
                                                         Buffers: shared hit=5140 read=2200
                                             ->  Index Scan using kind_type_pkey on kind_type kt  (cost=0.13..0.15 rows=1 width=4) (actual time=0.011..0.011 rows=0 loops=1279)
                                                   Index Cond: (id = t.kind_id)
                                                   Filter: ((kind)::text = ANY ('{movie,"video game"}'::text[]))
                                                   Rows Removed by Filter: 1
                                                   Buffers: shared hit=2558
                                       ->  Index Scan using movie_id_movie_info on movie_info mi1  (cost=0.46..42.93 rows=1 width=8) (actual time=0.113..0.113 rows=0 loops=512)
                                             Index Cond: (movie_id = t.id)
                                             Filter: ((info_type_id = 18) AND ((info)::text = ANY ('{"Big Ben, Houses of Parliament, Westminster, London, England, UK","CBS Studio Center - 4024 Radford Avenue, Studio City, Los Angeles, California, USA","Hal Roach Studios - 8822 Washington Blvd., Culver City, California, USA","Santa Clarita, California, USA",Spain,"Stage 1, Warner Brothers Burbank Studios - 4000 Warner Boulevard, Burbank, California, USA","Stage 5, Warner Brothers Burbank Studios - 4000 Warner Boulevard, Burbank, California, USA","Stage 8, 20th Century Fox Studios - 10201 Pico Blvd., Century City, Los Angeles, California, USA","Washington, District of Columbia, USA"}'::text[])))
                                             Rows Removed by Filter: 27
                                             Buffers: shared hit=5763 read=2357
                                 ->  Seq Scan on info_type it1  (cost=0.00..2.41 rows=1 width=4) (actual time=0.018..0.021 rows=1 loops=1)
                                       Filter: (id = 18)
                                       Rows Removed by Filter: 112
                                       Buffers: shared hit=1
                           ->  Seq Scan on info_type it2  (cost=0.00..2.41 rows=1 width=4) (actual time=0.008..0.012 rows=1 loops=1)
                                 Filter: (id = 17)
                                 Rows Removed by Filter: 112
                                 Buffers: shared hit=1
                     ->  Index Scan using movie_id_cast_info on cast_info ci  (cost=0.44..44.17 rows=38 width=12) (actual time=0.033..0.365 rows=50 loops=1)
                           Index Cond: (movie_id = t.id)
                           Buffers: shared hit=41 read=12
               ->  Hash  (cost=1.17..1.17 rows=3 width=4) (actual time=0.039..0.040 rows=3 loops=1)
                     Buckets: 1024  Batches: 1  Memory Usage: 9kB
                     Buffers: shared hit=1
                     ->  Seq Scan on role_type rt  (cost=0.00..1.17 rows=3 width=4) (actual time=0.028..0.030 rows=3 loops=1)
                           Filter: ((role)::text = ANY ('{composer,guest,"miscellaneous crew"}'::text[]))
                           Rows Removed by Filter: 9
                           Buffers: shared hit=1
         ->  Index Scan using name_pkey on name n  (cost=0.43..2.32 rows=1 width=4) (actual time=0.026..0.026 rows=0 loops=5)
               Index Cond: (id = ci.person_id)
               Filter: (((gender)::text = 'f'::text) OR (gender IS NULL))
               Rows Removed by Filter: 1
               Buffers: shared hit=16 read=4
 Planning:
   Buffers: shared hit=576 read=1
 Planning Time: 14.498 ms
 Execution Time: 304.067 ms
(70 rows)

