                                                                                                                                       QUERY PLAN                                                                                                                                        
-----------------------------------------------------------------------------------------------------------------------------------------------------------------------------------------------------------------------------------------------------------------------------------------
 Aggregate  (cost=401851.29..401851.30 rows=1 width=8) (actual time=3358.904..3358.910 rows=1 loops=1)
   Buffers: shared hit=249259 read=94301
   ->  Nested Loop  (cost=15874.68..401851.28 rows=4 width=0) (actual time=107.691..3357.842 rows=7997 loops=1)
         Buffers: shared hit=249259 read=94301
         ->  Hash Join  (cost=15874.25..401837.37 rows=6 width=4) (actual time=107.653..3062.832 rows=8345 loops=1)
               Hash Cond: (ci.role_id = rt.id)
               Buffers: shared hit=223563 read=86617
               ->  Nested Loop  (cost=15873.00..401836.06 rows=14 width=8) (actual time=107.580..3059.446 rows=12768 loops=1)
                     Buffers: shared hit=223562 read=86617
                     ->  Nested Loop  (cost=15872.56..401792.36 rows=1 width=12) (actual time=107.538..2894.616 rows=356 loops=1)
                           Buffers: shared hit=221194 read=75484
                           ->  Nested Loop  (cost=15872.56..401789.94 rows=1 width=16) (actual time=107.532..2886.556 rows=356 loops=1)
                                 Buffers: shared hit=220838 read=75484
                                 ->  Nested Loop  (cost=15872.56..401787.52 rows=1 width=20) (actual time=107.509..2878.567 rows=356 loops=1)
                                       Buffers: shared hit=220482 read=75484
                                       ->  Hash Join  (cost=15872.12..391863.48 rows=233 width=12) (actual time=40.813..1015.355 rows=14975 loops=1)
                                             Hash Cond: (t.kind_id = kt.id)
                                             Buffers: shared hit=80446 read=11548
                                             ->  Nested Loop  (cost=15870.92..391861.14 rows=271 width=16) (actual time=40.768..1009.757 rows=14975 loops=1)
                                                   Buffers: shared hit=80445 read=11548
                                                   ->  Bitmap Heap Scan on movie_info mi1  (cost=15870.49..389015.29 rows=340 width=8) (actual time=40.731..398.500 rows=20211 loops=1)
                                                         Recheck Cond: (info_type_id = 7)
                                                         Filter: ((info)::text = ANY ('{"CAM:Canon XL-2","CAM:Panavision Camera and Lenses","LAB:Rank Film Laboratories, Denham, UK","LAB:Technicolor, USA",PCS:HDV,"PCS:Redcode RAW","PFM:16 mm",PFM:Digital,"RAT:1.66 : 1"}'::text[]))
                                                         Rows Removed by Filter: 1381691
                                                         Heap Blocks: exact=10050
                                                         Buffers: shared hit=703 read=10446
                                                         ->  Bitmap Index Scan on info_type_id_movie_info  (cost=0.00..15870.39 rows=1484527 width=0) (actual time=39.111..39.111 rows=1401902 loops=1)
                                                               Index Cond: (info_type_id = 7)
                                                               Buffers: shared hit=1 read=1098
                                                   ->  Index Scan using title_pkey on title t  (cost=0.43..8.37 rows=1 width=8) (actual time=0.030..0.030 rows=1 loops=20211)
                                                         Index Cond: (id = mi1.movie_id)
                                                         Filter: ((production_year <= 2015) AND (production_year >= 1975))
                                                         Rows Removed by Filter: 0
                                                         Buffers: shared hit=79742 read=1102
                                             ->  Hash  (cost=1.12..1.12 rows=6 width=4) (actual time=0.020..0.021 rows=6 loops=1)
                                                   Buckets: 1024  Batches: 1  Memory Usage: 9kB
                                                   Buffers: shared hit=1
                                                   ->  Seq Scan on kind_type kt  (cost=0.00..1.12 rows=6 width=4) (actual time=0.010..0.013 rows=6 loops=1)
                                                         Filter: ((kind)::text = ANY ('{episode,movie,"tv movie","tv series","video game","video movie"}'::text[]))
                                                         Rows Removed by Filter: 1
                                                         Buffers: shared hit=1
                                       ->  Index Scan using movie_id_movie_info on movie_info mi2  (cost=0.43..42.58 rows=1 width=8) (actual time=0.122..0.124 rows=0 loops=14975)
                                             Index Cond: (movie_id = t.id)
                                             Filter: ((info_type_id = 1) AND ((info)::text = ANY ('{117,124,130,18,UK:90,USA:10,USA:100,USA:120,USA:20}'::text[])))
                                             Rows Removed by Filter: 29
                                             Buffers: shared hit=140036 read=63936
                                 ->  Seq Scan on info_type it1  (cost=0.00..2.41 rows=1 width=4) (actual time=0.014..0.020 rows=1 loops=356)
                                       Filter: (id = 7)
                                       Rows Removed by Filter: 112
                                       Buffers: shared hit=356
                           ->  Seq Scan on info_type it2  (cost=0.00..2.41 rows=1 width=4) (actual time=0.014..0.021 rows=1 loops=356)
                                 Filter: (id = 1)
                                 Rows Removed by Filter: 112
                                 Buffers: shared hit=356
                     ->  Index Scan using movie_id_cast_info on cast_info ci  (cost=0.44..43.32 rows=38 width=12) (actual time=0.048..0.454 rows=36 loops=356)
                           Index Cond: (movie_id = t.id)
                           Buffers: shared hit=2368 read=11133
               ->  Hash  (cost=1.20..1.20 rows=5 width=4) (actual time=0.048..0.049 rows=5 loops=1)
                     Buckets: 1024  Batches: 1  Memory Usage: 9kB
                     Buffers: shared hit=1
                     ->  Seq Scan on role_type rt  (cost=0.00..1.20 rows=5 width=4) (actual time=0.033..0.038 rows=5 loops=1)
                           Filter: ((role)::text = ANY ('{actor,"costume designer",director,"miscellaneous crew",writer}'::text[]))
                           Rows Removed by Filter: 7
                           Buffers: shared hit=1
         ->  Index Scan using name_pkey on name n  (cost=0.43..2.32 rows=1 width=4) (actual time=0.035..0.035 rows=1 loops=8345)
               Index Cond: (id = ci.person_id)
               Filter: (((gender)::text = 'm'::text) OR (gender IS NULL))
               Rows Removed by Filter: 0
               Buffers: shared hit=25696 read=7684
 Planning:
   Buffers: shared hit=577
 Planning Time: 14.207 ms
 Execution Time: 3359.507 ms
(73 rows)

