                                                                                                                        QUERY PLAN                                                                                                                         
-----------------------------------------------------------------------------------------------------------------------------------------------------------------------------------------------------------------------------------------------------------
 Aggregate  (cost=364158.32..364158.33 rows=1 width=8) (actual time=2408.292..2408.297 rows=1 loops=1)
   Buffers: shared hit=180990 read=69262
   ->  Nested Loop  (cost=2.17..364158.32 rows=1 width=0) (actual time=2.569..2408.163 rows=385 loops=1)
         Buffers: shared hit=180990 read=69262
         ->  Nested Loop  (cost=1.74..364156.00 rows=1 width=4) (actual time=2.487..2392.057 rows=385 loops=1)
               Join Filter: (ci.role_id = rt.id)
               Rows Removed by Join Filter: 74526
               Buffers: shared hit=179877 read=68835
               ->  Seq Scan on role_type rt  (cost=0.00..1.15 rows=1 width=4) (actual time=0.025..0.027 rows=1 loops=1)
                     Filter: ((role)::text = 'production designer'::text)
                     Rows Removed by Filter: 11
                     Buffers: shared hit=1
               ->  Nested Loop  (cost=1.74..364154.68 rows=14 width=8) (actual time=1.164..2384.874 rows=74911 loops=1)
                     Buffers: shared hit=179876 read=68835
                     ->  Nested Loop  (cost=1.30..364110.95 rows=1 width=12) (actual time=1.103..1509.488 rows=4582 loops=1)
                           Buffers: shared hit=143753 read=19084
                           ->  Nested Loop  (cost=1.30..364108.52 rows=1 width=16) (actual time=1.087..1435.917 rows=4582 loops=1)
                                 Buffers: shared hit=139171 read=19084
                                 ->  Nested Loop  (cost=1.30..364106.10 rows=1 width=20) (actual time=1.059..1367.305 rows=4582 loops=1)
                                       Buffers: shared hit=134589 read=19084
                                       ->  Nested Loop  (cost=0.86..363303.21 rows=19 width=12) (actual time=0.766..892.355 rows=4527 loops=1)
                                             Join Filter: (t.kind_id = kt.id)
                                             Rows Removed by Join Filter: 76696
                                             Buffers: shared hit=93841 read=7045
                                             ->  Nested Loop  (cost=0.86..363300.23 rows=34 width=16) (actual time=0.421..875.412 rows=22755 loops=1)
                                                   Buffers: shared hit=93840 read=7045
                                                   ->  Index Scan using info_type_id_movie_info on movie_info mi2  (cost=0.43..362894.51 rows=48 width=8) (actual time=0.347..134.454 rows=23953 loops=1)
                                                         Index Cond: (info_type_id = 105)
                                                         Filter: ((info)::text = ANY ('{"$1,000","$10,000","$100,000","$12,000","$2,000,000","$2,500","$30,000",$300,"$40,000","$5,000,000","$50,000","$500,000","$8,000","€ 1,000","€ 10,000"}'::text[]))
                                                         Rows Removed by Filter: 97910
                                                         Buffers: shared hit=2518 read=2555
                                                   ->  Index Scan using title_pkey on title t  (cost=0.43..8.45 rows=1 width=8) (actual time=0.030..0.030 rows=1 loops=23953)
                                                         Index Cond: (id = mi2.movie_id)
                                                         Filter: ((production_year <= 2015) AND (production_year >= 1990))
                                                         Rows Removed by Filter: 0
                                                         Buffers: shared hit=91322 read=4490
                                             ->  Materialize  (cost=0.00..1.12 rows=4 width=4) (actual time=0.000..0.000 rows=4 loops=22755)
                                                   Buffers: shared hit=1
                                                   ->  Seq Scan on kind_type kt  (cost=0.00..1.10 rows=4 width=4) (actual time=0.010..0.012 rows=4 loops=1)
                                                         Filter: ((kind)::text = ANY ('{episode,"tv movie","video game","video movie"}'::text[]))
                                                         Rows Removed by Filter: 3
                                                         Buffers: shared hit=1
                                       ->  Index Scan using movie_id_movie_info on movie_info mi1  (cost=0.43..42.25 rows=1 width=8) (actual time=0.087..0.104 rows=1 loops=4527)
                                             Index Cond: (movie_id = t.id)
                                             Filter: (((info)::text = ANY ('{"Black and White",Color}'::text[])) AND (info_type_id = 2))
                                             Rows Removed by Filter: 10
                                             Buffers: shared hit=40748 read=12039
                                 ->  Seq Scan on info_type it1  (cost=0.00..2.41 rows=1 width=4) (actual time=0.007..0.014 rows=1 loops=4582)
                                       Filter: (id = 2)
                                       Rows Removed by Filter: 112
                                       Buffers: shared hit=4582
                           ->  Seq Scan on info_type it2  (cost=0.00..2.41 rows=1 width=4) (actual time=0.014..0.015 rows=1 loops=4582)
                                 Filter: (id = 105)
                                 Rows Removed by Filter: 112
                                 Buffers: shared hit=4582
                     ->  Index Scan using movie_id_cast_info on cast_info ci  (cost=0.44..43.35 rows=38 width=12) (actual time=0.035..0.188 rows=16 loops=4582)
                           Index Cond: (movie_id = t.id)
                           Buffers: shared hit=36123 read=49751
         ->  Index Scan using name_pkey on name n  (cost=0.43..2.32 rows=1 width=4) (actual time=0.041..0.041 rows=1 loops=385)
               Index Cond: (id = ci.person_id)
               Filter: (((gender)::text = ANY ('{f,m}'::text[])) OR (gender IS NULL))
               Buffers: shared hit=1113 read=427
 Planning:
   Buffers: shared hit=574
 Planning Time: 14.091 ms
 Execution Time: 2408.727 ms
(66 rows)

