                                                                                                                                                                                                                                                                                                        QUERY PLAN                                                                                                                                                                                                                                                                                                         
---------------------------------------------------------------------------------------------------------------------------------------------------------------------------------------------------------------------------------------------------------------------------------------------------------------------------------------------------------------------------------------------------------------------------------------------------------------------------------------------------------------------------------------------------------------------------------------------------------------------------
 Aggregate  (cost=504222.91..504222.92 rows=1 width=8) (actual time=4863.556..4863.562 rows=1 loops=1)
   Buffers: shared hit=341168 read=158955
   ->  Nested Loop  (cost=7081.82..504222.90 rows=4 width=0) (actual time=21.367..4861.884 rows=8630 loops=1)
         Buffers: shared hit=341168 read=158955
         ->  Seq Scan on info_type it2  (cost=0.00..2.41 rows=1 width=4) (actual time=0.038..0.045 rows=1 loops=1)
               Filter: (id = 18)
               Rows Removed by Filter: 112
               Buffers: shared hit=1
         ->  Nested Loop  (cost=7081.82..504220.44 rows=4 width=4) (actual time=21.327..4860.451 rows=8630 loops=1)
               Buffers: shared hit=341167 read=158955
               ->  Seq Scan on info_type it1  (cost=0.00..2.41 rows=1 width=4) (actual time=0.007..0.017 rows=1 loops=1)
                     Filter: (id = 2)
                     Rows Removed by Filter: 112
                     Buffers: shared hit=1
               ->  Nested Loop  (cost=7081.82..504217.99 rows=4 width=8) (actual time=21.318..4858.933 rows=8630 loops=1)
                     Buffers: shared hit=341166 read=158955
                     ->  Hash Join  (cost=7081.39..504201.75 rows=7 width=12) (actual time=21.276..4541.005 rows=8956 loops=1)
                           Hash Cond: (ci.role_id = rt.id)
                           Buffers: shared hit=312460 read=151837
                           ->  Nested Loop  (cost=7080.23..504200.29 rows=86 width=16) (actual time=20.660..4501.197 rows=283434 loops=1)
                                 Buffers: shared hit=312459 read=151837
                                 ->  Nested Loop  (cost=7079.79..503938.11 rows=6 width=20) (actual time=20.628..1730.825 rows=8891 loops=1)
                                       Buffers: shared hit=109685 read=51096
                                       ->  Hash Join  (cost=7079.35..498109.87 rows=138 width=12) (actual time=20.550..689.392 rows=9043 loops=1)
                                             Hash Cond: (t.kind_id = kt.id)
                                             Buffers: shared hit=36892 read=11917
                                             ->  Nested Loop  (cost=7078.16..498107.99 rows=161 width=16) (actual time=20.514..685.592 rows=9043 loops=1)
                                                   Buffers: shared hit=36891 read=11917
                                                   ->  Bitmap Heap Scan on movie_info mi2  (cost=7077.73..496408.59 rows=202 width=8) (actual time=20.475..370.295 rows=10329 loops=1)
                                                         Recheck Cond: (info_type_id = 18)
                                                         Filter: ((info)::text = ANY ('{"ABC Television Center - 4151 Prospect Avenue, Los Angeles, California, USA","Burbank, California, USA","Helsinki, Finland","Houston, Texas, USA","Melbourne, Victoria, Australia","Moscow, Russia","New Jersey, USA","North Hollywood, Los Angeles, California, USA","Orlando, Florida, USA","Stage 17, Warner Brothers Burbank Studios - 4000 Warner Boulevard, Burbank, California, USA","Stage 25, Paramount Studios - 5555 Melrose Avenue, Hollywood, Los Angeles, California, USA","Warsaw, Mazowieckie, Poland"}'::text[]))
                                                         Rows Removed by Filter: 650594
                                                         Heap Blocks: exact=6972
                                                         Buffers: shared hit=1001 read=6491
                                                         ->  Bitmap Index Scan on info_type_id_movie_info  (cost=0.00..7077.68 rows=662032 width=0) (actual time=19.542..19.542 rows=660923 loops=1)
                                                               Index Cond: (info_type_id = 18)
                                                               Buffers: shared hit=1 read=519
                                                   ->  Index Scan using title_pkey on title t  (cost=0.43..8.41 rows=1 width=8) (actual time=0.030..0.030 rows=1 loops=10329)
                                                         Index Cond: (id = mi2.movie_id)
                                                         Filter: ((production_year <= 2015) AND (production_year >= 1975))
                                                         Rows Removed by Filter: 0
                                                         Buffers: shared hit=35890 read=5426
                                             ->  Hash  (cost=1.12..1.12 rows=6 width=4) (actual time=0.015..0.016 rows=6 loops=1)
                                                   Buckets: 1024  Batches: 1  Memory Usage: 9kB
                                                   Buffers: shared hit=1
                                                   ->  Seq Scan on kind_type kt  (cost=0.00..1.12 rows=6 width=4) (actual time=0.008..0.010 rows=6 loops=1)
                                                         Filter: ((kind)::text = ANY ('{episode,movie,"tv movie","tv series","video game","video movie"}'::text[]))
                                                         Rows Removed by Filter: 1
                                                         Buffers: shared hit=1
                                       ->  Index Scan using movie_id_movie_info on movie_info mi1  (cost=0.43..42.22 rows=1 width=8) (actual time=0.098..0.115 rows=1 loops=9043)
                                             Index Cond: (movie_id = t.id)
                                             Filter: (((info)::text = ANY ('{"Black and White",Color}'::text[])) AND (info_type_id = 2))
                                             Rows Removed by Filter: 20
                                             Buffers: shared hit=72793 read=39179
                                 ->  Index Scan using movie_id_cast_info on cast_info ci  (cost=0.44..43.32 rows=38 width=12) (actual time=0.034..0.305 rows=32 loops=8891)
                                       Index Cond: (movie_id = t.id)
                                       Buffers: shared hit=202774 read=100741
                           ->  Hash  (cost=1.15..1.15 rows=1 width=4) (actual time=0.014..0.014 rows=1 loops=1)
                                 Buckets: 1024  Batches: 1  Memory Usage: 9kB
                                 Buffers: shared hit=1
                                 ->  Seq Scan on role_type rt  (cost=0.00..1.15 rows=1 width=4) (actual time=0.008..0.009 rows=1 loops=1)
                                       Filter: ((role)::text = 'editor'::text)
                                       Rows Removed by Filter: 11
                                       Buffers: shared hit=1
                     ->  Index Scan using name_pkey on name n  (cost=0.43..2.32 rows=1 width=4) (actual time=0.035..0.035 rows=1 loops=8956)
                           Index Cond: (id = ci.person_id)
                           Filter: (((gender)::text = 'm'::text) OR (gender IS NULL))
                           Rows Removed by Filter: 0
                           Buffers: shared hit=28706 read=7118
 Planning:
   Buffers: shared hit=529 read=45
 Planning Time: 12.759 ms
 Execution Time: 4864.015 ms
(73 rows)

