                                                                                                                    QUERY PLAN                                                                                                                    
--------------------------------------------------------------------------------------------------------------------------------------------------------------------------------------------------------------------------------------------------
 Aggregate  (cost=907354.14..907354.15 rows=1 width=8) (actual time=49066.927..49066.935 rows=1 loops=1)
   Buffers: shared hit=4575268 read=493034
   ->  Nested Loop  (cost=14219.48..907353.38 rows=303 width=0) (actual time=36.023..49001.049 rows=379319 loops=1)
         Buffers: shared hit=4575268 read=493034
         ->  Hash Join  (cost=14219.05..905678.69 rows=722 width=4) (actual time=35.875..26394.697 rows=621963 loops=1)
               Hash Cond: (ci.role_id = rt.id)
               Buffers: shared hit=2187125 read=393325
               ->  Nested Loop  (cost=14217.79..905671.28 rows=1734 width=8) (actual time=35.807..26076.380 rows=889792 loops=1)
                     Buffers: shared hit=2187124 read=393325
                     ->  Nested Loop  (cost=14217.35..900384.10 rows=121 width=12) (actual time=35.775..15807.463 rows=34423 loops=1)
                           Buffers: shared hit=1466805 read=145503
                           ->  Seq Scan on info_type it2  (cost=0.00..2.41 rows=1 width=4) (actual time=0.024..0.035 rows=1 loops=1)
                                 Filter: (id = 8)
                                 Rows Removed by Filter: 112
                                 Buffers: shared hit=1
                           ->  Nested Loop  (cost=14217.35..900380.48 rows=121 width=16) (actual time=35.750..15797.875 rows=34423 loops=1)
                                 Buffers: shared hit=1466804 read=145503
                                 ->  Seq Scan on info_type it1  (cost=0.00..2.41 rows=1 width=4) (actual time=0.005..0.019 rows=1 loops=1)
                                       Filter: (id = 3)
                                       Rows Removed by Filter: 112
                                       Buffers: shared hit=1
                                 ->  Nested Loop  (cost=14217.35..900376.85 rows=121 width=20) (actual time=35.742..15788.613 rows=34423 loops=1)
                                       Buffers: shared hit=1466803 read=145503
                                       ->  Hash Join  (cost=14216.88..608982.26 rows=6878 width=12) (actual time=35.678..7449.810 rows=91628 loops=1)
                                             Hash Cond: (t.kind_id = kt.id)
                                             Buffers: shared hit=654122 read=44988
                                             ->  Nested Loop  (cost=14215.73..608930.38 rows=12036 width=16) (actual time=35.645..7397.441 rows=126704 loops=1)
                                                   Buffers: shared hit=654121 read=44988
                                                   ->  Bitmap Heap Scan on movie_info mi2  (cost=14215.29..522319.92 rows=15073 width=8) (actual time=35.611..1037.697 rows=177351 loops=1)
                                                         Recheck Cond: (info_type_id = 8)
                                                         Filter: ((info)::text = ANY ('{Argentina,Denmark,"Federal Republic of Yugoslavia",France,Georgia,Israel,Malaysia,Spain,Switzerland,Taiwan,Thailand,"West Germany",Yugoslavia}'::text[]))
                                                         Rows Removed by Filter: 1148010
                                                         Heap Blocks: exact=7853
                                                         Buffers: shared hit=110 read=8783
                                                         ->  Bitmap Index Scan on info_type_id_movie_info  (cost=0.00..14211.52 rows=1329478 width=0) (actual time=34.582..34.582 rows=1325361 loops=1)
                                                               Index Cond: (info_type_id = 8)
                                                               Buffers: shared read=1040
                                                   ->  Memoize  (cost=0.44..5.85 rows=1 width=8) (actual time=0.035..0.035 rows=1 loops=177351)
                                                         Cache Key: mi2.movie_id
                                                         Cache Mode: logical
                                                         Hits: 4797  Misses: 172554  Evictions: 82351  Overflows: 0  Memory Usage: 8193kB
                                                         Buffers: shared hit=654011 read=36205
                                                         ->  Index Scan using title_pkey on title t  (cost=0.43..5.84 rows=1 width=8) (actual time=0.035..0.035 rows=1 loops=172554)
                                                               Index Cond: (id = mi2.movie_id)
                                                               Filter: ((production_year <= 2015) AND (production_year >= 1975))
                                                               Rows Removed by Filter: 0
                                                               Buffers: shared hit=654011 read=36205
                                             ->  Hash  (cost=1.10..1.10 rows=4 width=4) (actual time=0.014..0.015 rows=4 loops=1)
                                                   Buckets: 1024  Batches: 1  Memory Usage: 9kB
                                                   Buffers: shared hit=1
                                                   ->  Seq Scan on kind_type kt  (cost=0.00..1.10 rows=4 width=4) (actual time=0.008..0.010 rows=4 loops=1)
                                                         Filter: ((kind)::text = ANY ('{movie,"tv movie","tv series","video movie"}'::text[]))
                                                         Rows Removed by Filter: 3
                                                         Buffers: shared hit=1
                                       ->  Index Scan using movie_id_movie_info on movie_info mi1  (cost=0.46..42.36 rows=1 width=8) (actual time=0.090..0.090 rows=0 loops=91628)
                                             Index Cond: (movie_id = t.id)
                                             Filter: ((info_type_id = 3) AND ((info)::text = ANY ('{Adventure,Biography,Comedy,Crime,Family,Game-Show,Musical,Mystery,Romance,Sci-Fi,Talk-Show,War}'::text[])))
                                             Rows Removed by Filter: 11
                                             Buffers: shared hit=812681 read=100515
                     ->  Index Scan using movie_id_cast_info on cast_info ci  (cost=0.44..43.32 rows=38 width=12) (actual time=0.038..0.290 rows=26 loops=34423)
                           Index Cond: (movie_id = t.id)
                           Buffers: shared hit=720319 read=247822
               ->  Hash  (cost=1.20..1.20 rows=5 width=4) (actual time=0.042..0.043 rows=5 loops=1)
                     Buckets: 1024  Batches: 1  Memory Usage: 9kB
                     Buffers: shared hit=1
                     ->  Seq Scan on role_type rt  (cost=0.00..1.20 rows=5 width=4) (actual time=0.033..0.036 rows=5 loops=1)
                           Filter: ((role)::text = ANY ('{actor,actress,director,producer,"production designer"}'::text[]))
                           Rows Removed by Filter: 7
                           Buffers: shared hit=1
         ->  Index Scan using name_pkey on name n  (cost=0.43..2.32 rows=1 width=4) (actual time=0.036..0.036 rows=1 loops=621963)
               Index Cond: (id = ci.person_id)
               Filter: ((gender)::text = 'm'::text)
               Rows Removed by Filter: 0
               Buffers: shared hit=2388143 read=99709
 Planning:
   Buffers: shared hit=485 read=92
 Planning Time: 13.155 ms
 Execution Time: 49070.009 ms
(78 rows)

