                                                                                                                                                                                                             QUERY PLAN                                                                                                                                                                                                             
------------------------------------------------------------------------------------------------------------------------------------------------------------------------------------------------------------------------------------------------------------------------------------------------------------------------------------------------------------------------------------------------------------------------------------
 Aggregate  (cost=386475.29..386475.30 rows=1 width=8) (actual time=9070.232..9070.240 rows=1 loops=1)
   Buffers: shared hit=747085 read=198910
   ->  Nested Loop  (cost=4697.72..386475.29 rows=3 width=0) (actual time=38.440..9067.854 rows=11385 loops=1)
         Buffers: shared hit=747085 read=198910
         ->  Hash Join  (cost=4697.29..386466.01 rows=4 width=4) (actual time=38.383..8482.001 rows=17162 loops=1)
               Hash Cond: (ci.role_id = rt.id)
               Buffers: shared hit=682499 read=194848
               ->  Nested Loop  (cost=4696.08..386464.76 rows=14 width=8) (actual time=37.734..8425.983 rows=346230 loops=1)
                     Buffers: shared hit=682498 read=194848
                     ->  Nested Loop  (cost=4695.64..386420.40 rows=1 width=12) (actual time=37.687..5022.972 rows=6556 loops=1)
                           Buffers: shared hit=407830 read=111330
                           ->  Nested Loop  (cost=4695.64..386417.97 rows=1 width=16) (actual time=37.676..4887.062 rows=6556 loops=1)
                                 Buffers: shared hit=401274 read=111330
                                 ->  Nested Loop  (cost=4695.64..386415.55 rows=1 width=20) (actual time=37.648..4754.984 rows=6556 loops=1)
                                       Buffers: shared hit=394718 read=111330
                                       ->  Hash Join  (cost=4695.21..380873.27 rows=128 width=12) (actual time=36.853..1926.425 rows=15800 loops=1)
                                             Hash Cond: (t.kind_id = kt.id)
                                             Buffers: shared hit=181544 read=34493
                                             ->  Nested Loop  (cost=4694.03..380871.34 rows=179 width=16) (actual time=24.351..1918.469 rows=15871 loops=1)
                                                   Buffers: shared hit=181543 read=34493
                                                   ->  Bitmap Heap Scan on movie_info mi1  (cost=4693.60..374133.19 rows=818 width=8) (actual time=21.284..367.467 rows=49116 loops=1)
                                                         Recheck Cond: (info_type_id = 5)
                                                         Filter: ((info)::text = ANY ('{Australia:R,Finland:(Banned),Italy:VM14,"New Zealand:PG",Portugal:(Banned),Singapore:M18,"South Korea:15",Spain:T,USA:Approved,USA:PG,USA:R}'::text[]))
                                                         Rows Removed by Filter: 437438
                                                         Heap Blocks: exact=19164
                                                         Buffers: shared hit=1994 read=17578
                                                         ->  Bitmap Index Scan on info_type_id_movie_info  (cost=0.00..4693.37 rows=439058 width=0) (actual time=18.196..18.196 rows=486554 loops=1)
                                                               Index Cond: (info_type_id = 5)
                                                               Buffers: shared read=408
                                                   ->  Index Scan using title_pkey on title t  (cost=0.43..8.24 rows=1 width=8) (actual time=0.031..0.031 rows=0 loops=49116)
                                                         Index Cond: (id = mi1.movie_id)
                                                         Filter: ((production_year <= 1990) AND (production_year >= 1950))
                                                         Rows Removed by Filter: 1
                                                         Buffers: shared hit=179549 read=16915
                                             ->  Hash  (cost=1.11..1.11 rows=5 width=4) (actual time=0.027..0.028 rows=5 loops=1)
                                                   Buckets: 1024  Batches: 1  Memory Usage: 9kB
                                                   Buffers: shared hit=1
                                                   ->  Seq Scan on kind_type kt  (cost=0.00..1.11 rows=5 width=4) (actual time=0.010..0.013 rows=5 loops=1)
                                                         Filter: ((kind)::text = ANY ('{episode,movie,"tv movie","video game","video movie"}'::text[]))
                                                         Rows Removed by Filter: 2
                                                         Buffers: shared hit=1
                                       ->  Index Scan using movie_id_movie_info on movie_info mi2  (cost=0.43..43.29 rows=1 width=8) (actual time=0.132..0.178 rows=0 loops=15800)
                                             Index Cond: (movie_id = t.id)
                                             Filter: ((info_type_id = 7) AND ((info)::text = ANY ('{"LAB:Consolidated Film Industries (CFI), Hollywood (CA), USA",LAB:DeLuxe,"LAB:Laboratoires LTC, St. Cloud, France","LAB:Movielab, USA",LAB:Technicolor,"LAB:Technicolor, Hollywood (CA), USA","LAB:Technicolor, USA","PCS:J-D-C Scope",PCS:Technovision,"PFM:8 mm",PFM:Video,"RAT:1.37 : 1","RAT:2.20 : 1",RAT:4:3}'::text[])))
                                             Rows Removed by Filter: 63
                                             Buffers: shared hit=213174 read=76837
                                 ->  Seq Scan on info_type it1  (cost=0.00..2.41 rows=1 width=4) (actual time=0.010..0.018 rows=1 loops=6556)
                                       Filter: (id = 5)
                                       Rows Removed by Filter: 112
                                       Buffers: shared hit=6556
                           ->  Seq Scan on info_type it2  (cost=0.00..2.41 rows=1 width=4) (actual time=0.011..0.019 rows=1 loops=6556)
                                 Filter: (id = 7)
                                 Rows Removed by Filter: 112
                                 Buffers: shared hit=6556
                     ->  Index Scan using movie_id_cast_info on cast_info ci  (cost=0.44..43.98 rows=38 width=12) (actual time=0.039..0.506 rows=53 loops=6556)
                           Index Cond: (movie_id = t.id)
                           Buffers: shared hit=274668 read=83518
               ->  Hash  (cost=1.17..1.17 rows=3 width=4) (actual time=0.037..0.038 rows=3 loops=1)
                     Buckets: 1024  Batches: 1  Memory Usage: 9kB
                     Buffers: shared hit=1
                     ->  Seq Scan on role_type rt  (cost=0.00..1.17 rows=3 width=4) (actual time=0.028..0.030 rows=3 loops=1)
                           Filter: ((role)::text = ANY ('{composer,"costume designer",director}'::text[]))
                           Rows Removed by Filter: 9
                           Buffers: shared hit=1
         ->  Index Scan using name_pkey on name n  (cost=0.43..2.32 rows=1 width=4) (actual time=0.033..0.033 rows=1 loops=17162)
               Index Cond: (id = ci.person_id)
               Filter: ((gender)::text = ANY ('{f,m}'::text[]))
               Rows Removed by Filter: 0
               Buffers: shared hit=64586 read=4062
 Planning:
   Buffers: shared hit=486 read=91
 Planning Time: 14.220 ms
 Execution Time: 9070.950 ms
(73 rows)

