                                                                                                         QUERY PLAN                                                                                                          
-----------------------------------------------------------------------------------------------------------------------------------------------------------------------------------------------------------------------------
 Aggregate  (cost=362911.18..362911.19 rows=1 width=8) (actual time=4493.316..4493.321 rows=1 loops=1)
   Buffers: shared hit=294342 read=170904
   ->  Nested Loop  (cost=2.21..362911.18 rows=1 width=0) (actual time=1.185..4492.238 rows=6166 loops=1)
         Buffers: shared hit=294342 read=170904
         ->  Nested Loop  (cost=1.77..362906.54 rows=2 width=4) (actual time=1.120..3972.895 rows=16334 loops=1)
               Join Filter: (ci.role_id = rt.id)
               Rows Removed by Join Filter: 393280
               Buffers: shared hit=243189 read=156721
               ->  Nested Loop  (cost=1.77..362904.97 rows=14 width=8) (actual time=0.498..3876.846 rows=208766 loops=1)
                     Buffers: shared hit=243188 read=156721
                     ->  Nested Loop  (cost=1.33..362861.24 rows=1 width=12) (actual time=0.433..1757.983 rows=7959 loops=1)
                           Buffers: shared hit=120668 read=53361
                           ->  Nested Loop  (cost=1.33..362858.82 rows=1 width=16) (actual time=0.417..1630.292 rows=7959 loops=1)
                                 Buffers: shared hit=112709 read=53361
                                 ->  Nested Loop  (cost=1.33..362856.40 rows=1 width=20) (actual time=0.390..1491.311 rows=7959 loops=1)
                                       Buffers: shared hit=104750 read=53361
                                       ->  Nested Loop  (cost=0.86..362559.63 rows=7 width=12) (actual time=0.333..530.691 rows=8337 loops=1)
                                             Join Filter: (t.kind_id = kt.id)
                                             Rows Removed by Join Filter: 6011
                                             Buffers: shared hit=40141 read=12441
                                             ->  Nested Loop  (cost=0.86..362557.85 rows=24 width=16) (actual time=0.314..525.412 rows=11282 loops=1)
                                                   Buffers: shared hit=40140 read=12441
                                                   ->  Index Scan using info_type_id_movie_info on movie_info mi2  (cost=0.43..362262.01 rows=35 width=8) (actual time=0.244..124.098 rows=11877 loops=1)
                                                         Index Cond: (info_type_id = 105)
                                                         Filter: ((info)::text = ANY ('{"$1,000,000","$1,500","$2,000,000","$2,500",$200,"$5,000,000","$50,000","$500,000","$6,000","€ 1,000","€ 10,000"}'::text[]))
                                                         Rows Removed by Filter: 109986
                                                         Buffers: shared hit=689 read=4384
                                                   ->  Index Scan using title_pkey on title t  (cost=0.43..8.45 rows=1 width=8) (actual time=0.033..0.033 rows=1 loops=11877)
                                                         Index Cond: (id = mi2.movie_id)
                                                         Filter: ((production_year <= 2015) AND (production_year >= 1990))
                                                         Rows Removed by Filter: 0
                                                         Buffers: shared hit=39451 read=8057
                                             ->  Materialize  (cost=0.00..1.10 rows=2 width=4) (actual time=0.000..0.000 rows=1 loops=11282)
                                                   Buffers: shared hit=1
                                                   ->  Seq Scan on kind_type kt  (cost=0.00..1.09 rows=2 width=4) (actual time=0.012..0.014 rows=2 loops=1)
                                                         Filter: ((kind)::text = ANY ('{episode,movie}'::text[]))
                                                         Rows Removed by Filter: 5
                                                         Buffers: shared hit=1
                                       ->  Index Scan using movie_id_movie_info on movie_info mi1  (cost=0.47..42.39 rows=1 width=8) (actual time=0.040..0.115 rows=1 loops=8337)
                                             Index Cond: (movie_id = t.id)
                                             Filter: ((info_type_id = 4) AND ((info)::text = ANY ('{Dutch,English,Finnish,German,Greek,Hindi,Italian,Norwegian,Polish,Portuguese,Russian,Spanish,Swedish,Telugu}'::text[])))
                                             Rows Removed by Filter: 15
                                             Buffers: shared hit=64609 read=40920
                                 ->  Seq Scan on info_type it1  (cost=0.00..2.41 rows=1 width=4) (actual time=0.010..0.016 rows=1 loops=7959)
                                       Filter: (id = 4)
                                       Rows Removed by Filter: 112
                                       Buffers: shared hit=7959
                           ->  Seq Scan on info_type it2  (cost=0.00..2.41 rows=1 width=4) (actual time=0.014..0.015 rows=1 loops=7959)
                                 Filter: (id = 105)
                                 Rows Removed by Filter: 112
                                 Buffers: shared hit=7959
                     ->  Index Scan using movie_id_cast_info on cast_info ci  (cost=0.44..43.35 rows=38 width=12) (actual time=0.036..0.261 rows=26 loops=7959)
                           Index Cond: (movie_id = t.id)
                           Buffers: shared hit=122520 read=103360
               ->  Materialize  (cost=0.00..1.16 rows=2 width=4) (actual time=0.000..0.000 rows=2 loops=208766)
                     Buffers: shared hit=1
                     ->  Seq Scan on role_type rt  (cost=0.00..1.15 rows=2 width=4) (actual time=0.008..0.010 rows=2 loops=1)
                           Filter: ((role)::text = ANY ('{cinematographer,editor}'::text[]))
                           Rows Removed by Filter: 10
                           Buffers: shared hit=1
         ->  Index Scan using name_pkey on name n  (cost=0.43..2.32 rows=1 width=4) (actual time=0.031..0.031 rows=0 loops=16334)
               Index Cond: (id = ci.person_id)
               Filter: ((gender)::text = ANY ('{f,m}'::text[]))
               Rows Removed by Filter: 1
               Buffers: shared hit=51153 read=14183
 Planning:
   Buffers: shared hit=503 read=74
 Planning Time: 14.090 ms
 Execution Time: 4493.749 ms
(69 rows)

