                                                                                             QUERY PLAN                                                                                              
-----------------------------------------------------------------------------------------------------------------------------------------------------------------------------------------------------
 Aggregate  (cost=415713.40..415713.41 rows=1 width=8) (actual time=3301.714..3301.721 rows=1 loops=1)
   Buffers: shared hit=240276 read=102810
   ->  Nested Loop  (cost=8155.24..415713.38 rows=9 width=0) (actual time=39.736..3300.683 rows=7706 loops=1)
         Buffers: shared hit=240276 read=102810
         ->  Hash Join  (cost=8154.81..415685.54 rows=12 width=4) (actual time=39.689..3026.459 rows=7706 loops=1)
               Hash Cond: (ci.role_id = rt.id)
               Buffers: shared hit=217885 read=94377
               ->  Nested Loop  (cost=8153.55..415684.19 rows=29 width=8) (actual time=39.502..3022.207 rows=19029 loops=1)
                     Buffers: shared hit=217884 read=94377
                     ->  Nested Loop  (cost=8153.11..415596.80 rows=2 width=12) (actual time=39.468..2785.281 rows=823 loops=1)
                           Buffers: shared hit=207150 read=84070
                           ->  Seq Scan on info_type it2  (cost=0.00..2.41 rows=1 width=4) (actual time=0.034..0.043 rows=1 loops=1)
                                 Filter: (id = 8)
                                 Rows Removed by Filter: 112
                                 Buffers: shared hit=1
                           ->  Nested Loop  (cost=8153.11..415594.36 rows=2 width=16) (actual time=39.432..2785.017 rows=823 loops=1)
                                 Buffers: shared hit=207149 read=84070
                                 ->  Seq Scan on info_type it1  (cost=0.00..2.41 rows=1 width=4) (actual time=0.008..0.020 rows=1 loops=1)
                                       Filter: (id = 1)
                                       Rows Removed by Filter: 112
                                       Buffers: shared hit=1
                                 ->  Nested Loop  (cost=8153.11..415591.93 rows=2 width=20) (actual time=39.420..2784.774 rows=823 loops=1)
                                       Buffers: shared hit=207148 read=84070
                                       ->  Hash Join  (cost=8152.68..386853.25 rows=678 width=12) (actual time=24.614..951.828 rows=16377 loops=1)
                                             Hash Cond: (t.kind_id = kt.id)
                                             Buffers: shared hit=75554 read=17627
                                             ->  Nested Loop  (cost=8151.48..386848.72 rows=791 width=16) (actual time=24.567..946.071 rows=16377 loops=1)
                                                   Buffers: shared hit=75553 read=17627
                                                   ->  Bitmap Heap Scan on movie_info mi1  (cost=8151.05..378736.75 rows=990 width=8) (actual time=24.522..220.568 rows=21889 loops=1)
                                                         Recheck Cond: (info_type_id = 1)
                                                         Filter: ((info)::text = ANY ('{100,106,113,61,83,88,France:52,UK:15,UK:3,UK:90,USA:110,USA:46,USA:77,USA:89}'::text[]))
                                                         Rows Removed by Filter: 780251
                                                         Heap Blocks: exact=4993
                                                         Buffers: shared hit=1075 read=4549
                                                         ->  Bitmap Index Scan on info_type_id_movie_info  (cost=0.00..8150.77 rows=762444 width=0) (actual time=23.483..23.483 rows=802140 loops=1)
                                                               Index Cond: (info_type_id = 1)
                                                               Buffers: shared read=631
                                                   ->  Index Scan using title_pkey on title t  (cost=0.43..8.19 rows=1 width=8) (actual time=0.033..0.033 rows=1 loops=21889)
                                                         Index Cond: (id = mi1.movie_id)
                                                         Filter: ((production_year <= 2015) AND (production_year >= 1975))
                                                         Rows Removed by Filter: 0
                                                         Buffers: shared hit=74478 read=13078
                                             ->  Hash  (cost=1.12..1.12 rows=6 width=4) (actual time=0.019..0.020 rows=6 loops=1)
                                                   Buckets: 1024  Batches: 1  Memory Usage: 9kB
                                                   Buffers: shared hit=1
                                                   ->  Seq Scan on kind_type kt  (cost=0.00..1.12 rows=6 width=4) (actual time=0.009..0.011 rows=6 loops=1)
                                                         Filter: ((kind)::text = ANY ('{episode,movie,"tv movie","tv series","video game","video movie"}'::text[]))
                                                         Rows Removed by Filter: 1
                                                         Buffers: shared hit=1
                                       ->  Index Scan using movie_id_movie_info on movie_info mi2  (cost=0.43..42.38 rows=1 width=8) (actual time=0.111..0.112 rows=0 loops=16377)
                                             Index Cond: (movie_id = t.id)
                                             Filter: ((info_type_id = 8) AND ((info)::text = ANY ('{Argentina,Japan,Norway,Portugal,Turkey}'::text[])))
                                             Rows Removed by Filter: 20
                                             Buffers: shared hit=131594 read=66443
                     ->  Index Scan using movie_id_cast_info on cast_info ci  (cost=0.44..43.32 rows=38 width=12) (actual time=0.037..0.282 rows=23 loops=823)
                           Index Cond: (movie_id = t.id)
                           Buffers: shared hit=10734 read=10307
               ->  Hash  (cost=1.20..1.20 rows=5 width=4) (actual time=0.037..0.038 rows=5 loops=1)
                     Buckets: 1024  Batches: 1  Memory Usage: 9kB
                     Buffers: shared hit=1
                     ->  Seq Scan on role_type rt  (cost=0.00..1.20 rows=5 width=4) (actual time=0.026..0.030 rows=5 loops=1)
                           Filter: ((role)::text = ANY ('{actress,cinematographer,"miscellaneous crew","production designer",writer}'::text[]))
                           Rows Removed by Filter: 7
                           Buffers: shared hit=1
         ->  Index Scan using name_pkey on name n  (cost=0.43..2.32 rows=1 width=4) (actual time=0.035..0.035 rows=1 loops=7706)
               Index Cond: (id = ci.person_id)
               Filter: (((gender)::text = ANY ('{f,m}'::text[])) OR (gender IS NULL))
               Buffers: shared hit=22391 read=8433
 Planning:
   Buffers: shared hit=532 read=45
 Planning Time: 13.982 ms
 Execution Time: 3302.263 ms
(72 rows)

