                                                                                                                                                          QUERY PLAN                                                                                                                                                           
-------------------------------------------------------------------------------------------------------------------------------------------------------------------------------------------------------------------------------------------------------------------------------------------------------------------------------
 Aggregate  (cost=383396.79..383396.80 rows=1 width=8) (actual time=2545.115..2545.123 rows=1 loops=1)
   Buffers: shared hit=223679 read=41017
   ->  Nested Loop  (cost=8154.94..383396.79 rows=2 width=0) (actual time=24.192..2544.504 rows=3822 loops=1)
         Buffers: shared hit=223679 read=41017
         ->  Hash Join  (cost=8154.51..383385.19 rows=5 width=4) (actual time=24.101..2350.433 rows=5349 loops=1)
               Hash Cond: (ci.role_id = rt.id)
               Buffers: shared hit=208302 read=34998
               ->  Nested Loop  (cost=8153.28..383383.91 rows=14 width=8) (actual time=23.759..2346.754 rows=15134 loops=1)
                     Buffers: shared hit=208301 read=34998
                     ->  Nested Loop  (cost=8152.84..383340.21 rows=1 width=12) (actual time=23.721..2141.229 rows=444 loops=1)
                           Buffers: shared hit=204032 read=23147
                           ->  Nested Loop  (cost=8152.84..383337.79 rows=1 width=16) (actual time=23.716..2132.288 rows=444 loops=1)
                                 Buffers: shared hit=203588 read=23147
                                 ->  Nested Loop  (cost=8152.84..383335.37 rows=1 width=20) (actual time=23.697..2123.906 rows=444 loops=1)
                                       Buffers: shared hit=203144 read=23147
                                       ->  Hash Join  (cost=8152.40..380865.01 rows=58 width=12) (actual time=23.003..878.174 rows=12810 loops=1)
                                             Hash Cond: (t.kind_id = kt.id)
                                             Buffers: shared hit=78510 read=8179
                                             ->  Nested Loop  (cost=8151.29..380863.04 rows=202 width=16) (actual time=22.971..872.568 rows=16497 loops=1)
                                                   Buffers: shared hit=78509 read=8179
                                                   ->  Bitmap Heap Scan on movie_info mi1  (cost=8150.86..378736.56 rows=253 width=8) (actual time=22.926..220.193 rows=20266 loops=1)
                                                         Recheck Cond: (info_type_id = 1)
                                                         Filter: ((info)::text = ANY ('{142,19,2,46,47,51,88,Germany:97,USA:110,USA:118,USA:80,USA:81,USA:88}'::text[]))
                                                         Rows Removed by Filter: 781874
                                                         Heap Blocks: exact=4993
                                                         Buffers: shared hit=3068 read=2556
                                                         ->  Bitmap Index Scan on info_type_id_movie_info  (cost=0.00..8150.77 rows=762444 width=0) (actual time=22.243..22.244 rows=802140 loops=1)
                                                               Index Cond: (info_type_id = 1)
                                                               Buffers: shared read=631
                                                   ->  Index Scan using title_pkey on title t  (cost=0.43..8.41 rows=1 width=8) (actual time=0.032..0.032 rows=1 loops=20266)
                                                         Index Cond: (id = mi1.movie_id)
                                                         Filter: ((production_year <= 2015) AND (production_year >= 1975))
                                                         Rows Removed by Filter: 0
                                                         Buffers: shared hit=75441 read=5623
                                             ->  Hash  (cost=1.09..1.09 rows=2 width=4) (actual time=0.015..0.016 rows=2 loops=1)
                                                   Buckets: 1024  Batches: 1  Memory Usage: 9kB
                                                   Buffers: shared hit=1
                                                   ->  Seq Scan on kind_type kt  (cost=0.00..1.09 rows=2 width=4) (actual time=0.007..0.008 rows=2 loops=1)
                                                         Filter: ((kind)::text = ANY ('{movie,"video movie"}'::text[]))
                                                         Rows Removed by Filter: 5
                                                         Buffers: shared hit=1
                                       ->  Index Scan using movie_id_movie_info on movie_info mi2  (cost=0.43..42.58 rows=1 width=8) (actual time=0.095..0.097 rows=0 loops=12810)
                                             Index Cond: (movie_id = t.id)
                                             Filter: ((info_type_id = 7) AND ((info)::text = ANY ('{"CAM:Canon 7D","LAB:Consolidated Film Industries (CFI), Hollywood (CA), USA","LAB:Laboratoires Ã‰clair, Paris, France","OFM:Super 16",PCS:Panavision,"PCS:Redcode RAW","PCS:Super 16",PFM:Video,"RAT:2.20 : 1"}'::text[])))
                                             Rows Removed by Filter: 14
                                             Buffers: shared hit=124634 read=14968
                                 ->  Seq Scan on info_type it1  (cost=0.00..2.41 rows=1 width=4) (actual time=0.008..0.016 rows=1 loops=444)
                                       Filter: (id = 1)
                                       Rows Removed by Filter: 112
                                       Buffers: shared hit=444
                           ->  Seq Scan on info_type it2  (cost=0.00..2.41 rows=1 width=4) (actual time=0.010..0.018 rows=1 loops=444)
                                 Filter: (id = 7)
                                 Rows Removed by Filter: 112
                                 Buffers: shared hit=444
                     ->  Index Scan using movie_id_cast_info on cast_info ci  (cost=0.44..43.32 rows=38 width=12) (actual time=0.039..0.453 rows=34 loops=444)
                           Index Cond: (movie_id = t.id)
                           Buffers: shared hit=4269 read=11851
               ->  Hash  (cost=1.18..1.18 rows=4 width=4) (actual time=0.030..0.030 rows=4 loops=1)
                     Buckets: 1024  Batches: 1  Memory Usage: 9kB
                     Buffers: shared hit=1
                     ->  Seq Scan on role_type rt  (cost=0.00..1.18 rows=4 width=4) (actual time=0.023..0.025 rows=4 loops=1)
                           Filter: ((role)::text = ANY ('{"costume designer","miscellaneous crew",producer,writer}'::text[]))
                           Rows Removed by Filter: 8
                           Buffers: shared hit=1
         ->  Index Scan using name_pkey on name n  (cost=0.43..2.32 rows=1 width=4) (actual time=0.036..0.036 rows=1 loops=5349)
               Index Cond: (id = ci.person_id)
               Filter: (((gender)::text = 'f'::text) OR (gender IS NULL))
               Rows Removed by Filter: 0
               Buffers: shared hit=15377 read=6019
 Planning:
   Buffers: shared hit=532 read=45
 Planning Time: 12.183 ms
 Execution Time: 2545.702 ms
(73 rows)

