                                                                                                                                                                                   QUERY PLAN                                                                                                                                                                                    
---------------------------------------------------------------------------------------------------------------------------------------------------------------------------------------------------------------------------------------------------------------------------------------------------------------------------------------------------------------------------------
 Aggregate  (cost=358406.22..358406.23 rows=1 width=8) (actual time=616.766..616.773 rows=1 loops=1)
   Buffers: shared hit=33257 read=27887
   ->  Nested Loop  (cost=3725.50..358406.22 rows=3 width=0) (actual time=17.546..616.550 rows=2129 loops=1)
         Buffers: shared hit=33257 read=27887
         ->  Hash Join  (cost=3725.07..358396.94 rows=4 width=4) (actual time=17.503..528.226 rows=2742 loops=1)
               Hash Cond: (ci.role_id = rt.id)
               Buffers: shared hit=25341 read=24835
               ->  Nested Loop  (cost=3723.86..358395.69 rows=14 width=8) (actual time=17.415..526.665 rows=10165 loops=1)
                     Buffers: shared hit=25340 read=24835
                     ->  Nested Loop  (cost=3723.42..358351.13 rows=1 width=12) (actual time=17.374..398.233 rows=758 loops=1)
                           Buffers: shared hit=21650 read=16214
                           ->  Nested Loop  (cost=3723.42..358348.71 rows=1 width=16) (actual time=17.367..390.927 rows=758 loops=1)
                                 Buffers: shared hit=20892 read=16214
                                 ->  Nested Loop  (cost=3723.42..358346.29 rows=1 width=20) (actual time=17.345..377.207 rows=758 loops=1)
                                       Buffers: shared hit=20134 read=16214
                                       ->  Nested Loop  (cost=3722.99..358260.15 rows=2 width=12) (actual time=17.245..301.480 rows=767 loops=1)
                                             Buffers: shared hit=16390 read=11792
                                             ->  Nested Loop  (cost=3722.86..358259.38 rows=5 width=16) (actual time=17.229..271.626 rows=2457 loops=1)
                                                   Buffers: shared hit=11476 read=11792
                                                   ->  Bitmap Heap Scan on movie_info mi1  (cost=3722.43..358031.17 rows=27 width=8) (actual time=16.831..186.170 rows=3013 loops=1)
                                                         Recheck Cond: (info_type_id = 17)
                                                         Filter: ((info)::text = ANY ('{"Last show of the series.","One of over 700 Paramount Productions, filmed between 1929 and 1949, which were sold to MCA/Universal in 1958 for television distribution, and have been owned and controlled by Universal ever since.","Original French title is undetermined."}'::text[]))
                                                         Rows Removed by Filter: 365205
                                                         Heap Blocks: exact=10925
                                                         Buffers: shared hit=1735 read=9481
                                                         ->  Bitmap Index Scan on info_type_id_movie_info  (cost=0.00..3722.42 rows=347998 width=0) (actual time=15.152..15.152 rows=368218 loops=1)
                                                               Index Cond: (info_type_id = 17)
                                                               Buffers: shared hit=1 read=290
                                                   ->  Index Scan using title_pkey on title t  (cost=0.43..8.45 rows=1 width=8) (actual time=0.028..0.028 rows=1 loops=3013)
                                                         Index Cond: (id = mi1.movie_id)
                                                         Filter: ((production_year <= 1975) AND (production_year >= 1875))
                                                         Rows Removed by Filter: 0
                                                         Buffers: shared hit=9741 read=2311
                                             ->  Index Scan using kind_type_pkey on kind_type kt  (cost=0.13..0.15 rows=1 width=4) (actual time=0.012..0.012 rows=0 loops=2457)
                                                   Index Cond: (id = t.kind_id)
                                                   Filter: ((kind)::text = ANY ('{episode,"tv movie","video game"}'::text[]))
                                                   Rows Removed by Filter: 1
                                                   Buffers: shared hit=4914
                                       ->  Index Scan using movie_id_movie_info on movie_info mi2  (cost=0.43..43.06 rows=1 width=8) (actual time=0.062..0.098 rows=1 loops=767)
                                             Index Cond: (movie_id = t.id)
                                             Filter: ((info_type_id = 4) AND ((info)::text = ANY ('{English,French,German,Italian,Latin,Russian,Spanish}'::text[])))
                                             Rows Removed by Filter: 9
                                             Buffers: shared hit=3744 read=4422
                                 ->  Seq Scan on info_type it1  (cost=0.00..2.41 rows=1 width=4) (actual time=0.013..0.017 rows=1 loops=758)
                                       Filter: (id = 17)
                                       Rows Removed by Filter: 112
                                       Buffers: shared hit=758
                           ->  Seq Scan on info_type it2  (cost=0.00..2.41 rows=1 width=4) (actual time=0.004..0.009 rows=1 loops=758)
                                 Filter: (id = 4)
                                 Rows Removed by Filter: 112
                                 Buffers: shared hit=758
                     ->  Index Scan using movie_id_cast_info on cast_info ci  (cost=0.44..44.17 rows=38 width=12) (actual time=0.038..0.167 rows=13 loops=758)
                           Index Cond: (movie_id = t.id)
                           Buffers: shared hit=3690 read=8621
               ->  Hash  (cost=1.17..1.17 rows=3 width=4) (actual time=0.039..0.039 rows=3 loops=1)
                     Buckets: 1024  Batches: 1  Memory Usage: 9kB
                     Buffers: shared hit=1
                     ->  Seq Scan on role_type rt  (cost=0.00..1.17 rows=3 width=4) (actual time=0.026..0.029 rows=3 loops=1)
                           Filter: ((role)::text = ANY ('{actress,"production designer",writer}'::text[]))
                           Rows Removed by Filter: 9
                           Buffers: shared hit=1
         ->  Index Scan using name_pkey on name n  (cost=0.43..2.32 rows=1 width=4) (actual time=0.032..0.032 rows=1 loops=2742)
               Index Cond: (id = ci.person_id)
               Filter: ((gender)::text = ANY ('{f,m}'::text[]))
               Rows Removed by Filter: 0
               Buffers: shared hit=7916 read=3052
 Planning:
   Buffers: shared hit=574
 Planning Time: 14.350 ms
 Execution Time: 617.294 ms
(70 rows)

