                                                                                             QUERY PLAN                                                                                              
-----------------------------------------------------------------------------------------------------------------------------------------------------------------------------------------------------
 Aggregate  (cost=545504.54..545504.55 rows=1 width=8) (actual time=35185.308..35185.313 rows=1 loops=1)
   Buffers: shared hit=3210652 read=431201
   ->  Nested Loop  (cost=5095.43..545504.51 rows=15 width=0) (actual time=1967.626..35167.701 rows=94305 loops=1)
         Buffers: shared hit=3210652 read=431201
         ->  Hash Join  (cost=5095.00..545407.19 rows=42 width=4) (actual time=1967.451..23150.802 rows=328028 loops=1)
               Hash Cond: (ci.role_id = rt.id)
               Buffers: shared hit=1999323 read=330418
               ->  Nested Loop  (cost=5093.74..545405.58 rows=100 width=8) (actual time=1967.388..22988.569 rows=407609 loops=1)
                     Buffers: shared hit=1999322 read=330418
                     ->  Nested Loop  (cost=5093.30..545099.71 rows=7 width=12) (actual time=1967.332..18132.513 rows=11131 loops=1)
                           Buffers: shared hit=1736588 read=163149
                           ->  Seq Scan on info_type it2  (cost=0.00..2.41 rows=1 width=4) (actual time=0.033..0.040 rows=1 loops=1)
                                 Filter: (id = 4)
                                 Rows Removed by Filter: 112
                                 Buffers: shared hit=1
                           ->  Nested Loop  (cost=5093.30..545097.23 rows=7 width=16) (actual time=1967.297..18129.023 rows=11131 loops=1)
                                 Buffers: shared hit=1736587 read=163149
                                 ->  Seq Scan on info_type it1  (cost=0.00..2.41 rows=1 width=4) (actual time=0.009..0.018 rows=1 loops=1)
                                       Filter: (id = 6)
                                       Rows Removed by Filter: 112
                                       Buffers: shared hit=1
                                 ->  Nested Loop  (cost=5093.30..545094.75 rows=7 width=20) (actual time=1967.284..18125.498 rows=11131 loops=1)
                                       Buffers: shared hit=1736586 read=163149
                                       ->  Hash Join  (cost=5092.87..464970.52 rows=1888 width=12) (actual time=830.784..5407.053 rows=90533 loops=1)
                                             Hash Cond: (t.kind_id = kt.id)
                                             Buffers: shared hit=499177 read=38892
                                             ->  Nested Loop  (cost=5091.71..464955.44 rows=3304 width=16) (actual time=16.493..5354.208 rows=140734 loops=1)
                                                   Buffers: shared hit=499176 read=38892
                                                   ->  Bitmap Heap Scan on movie_info mi1  (cost=5091.27..434023.81 rows=4138 width=8) (actual time=16.461..342.341 rows=141837 loops=1)
                                                         Recheck Cond: (info_type_id = 6)
                                                         Filter: ((info)::text = ANY ('{"70 mm 6-Track",DTS,Datasat,"Dolby Digital",Dolby,SDDS,Stereo,"Ultra Stereo"}'::text[]))
                                                         Rows Removed by Filter: 332606
                                                         Heap Blocks: exact=3206
                                                         Buffers: shared hit=721 read=2859
                                                         ->  Bitmap Index Scan on info_type_id_movie_info  (cost=0.00..5090.24 rows=475974 width=0) (actual time=16.085..16.085 rows=474443 loops=1)
                                                               Index Cond: (info_type_id = 6)
                                                               Buffers: shared hit=1 read=373
                                                   ->  Memoize  (cost=0.44..7.50 rows=1 width=8) (actual time=0.035..0.035 rows=1 loops=141837)
                                                         Cache Key: mi1.movie_id
                                                         Cache Mode: logical
                                                         Hits: 8215  Misses: 133622  Evictions: 55705  Overflows: 0  Memory Usage: 8193kB
                                                         Buffers: shared hit=498455 read=36033
                                                         ->  Index Scan using title_pkey on title t  (cost=0.43..7.49 rows=1 width=8) (actual time=0.035..0.035 rows=1 loops=133622)
                                                               Index Cond: (id = mi1.movie_id)
                                                               Filter: ((production_year <= 2015) AND (production_year >= 1975))
                                                               Rows Removed by Filter: 0
                                                               Buffers: shared hit=498455 read=36033
                                             ->  Hash  (cost=1.10..1.10 rows=4 width=4) (actual time=0.016..0.017 rows=4 loops=1)
                                                   Buckets: 1024  Batches: 1  Memory Usage: 9kB
                                                   Buffers: shared hit=1
                                                   ->  Seq Scan on kind_type kt  (cost=0.00..1.10 rows=4 width=4) (actual time=0.009..0.011 rows=4 loops=1)
                                                         Filter: ((kind)::text = ANY ('{movie,"tv movie","video game","video movie"}'::text[]))
                                                         Rows Removed by Filter: 3
                                                         Buffers: shared hit=1
                                       ->  Index Scan using movie_id_movie_info on movie_info mi2  (cost=0.43..42.43 rows=1 width=8) (actual time=0.128..0.140 rows=0 loops=90533)
                                             Index Cond: (movie_id = t.id)
                                             Filter: ((info_type_id = 4) AND ((info)::text = ANY ('{Czech,Danish,Hungarian,None,Portuguese,Spanish}'::text[])))
                                             Rows Removed by Filter: 39
                                             Buffers: shared hit=1237409 read=124257
                     ->  Index Scan using movie_id_cast_info on cast_info ci  (cost=0.44..43.32 rows=38 width=12) (actual time=0.040..0.425 rows=37 loops=11131)
                           Index Cond: (movie_id = t.id)
                           Buffers: shared hit=262734 read=167269
               ->  Hash  (cost=1.20..1.20 rows=5 width=4) (actual time=0.039..0.039 rows=5 loops=1)
                     Buckets: 1024  Batches: 1  Memory Usage: 9kB
                     Buffers: shared hit=1
                     ->  Seq Scan on role_type rt  (cost=0.00..1.20 rows=5 width=4) (actual time=0.027..0.032 rows=5 loops=1)
                           Filter: ((role)::text = ANY ('{actor,actress,director,editor,"miscellaneous crew"}'::text[]))
                           Rows Removed by Filter: 7
                           Buffers: shared hit=1
         ->  Index Scan using name_pkey on name n  (cost=0.43..2.32 rows=1 width=4) (actual time=0.036..0.036 rows=0 loops=328028)
               Index Cond: (id = ci.person_id)
               Filter: (gender IS NULL)
               Rows Removed by Filter: 1
               Buffers: shared hit=1211329 read=100783
 Planning:
   Buffers: shared hit=574
 Planning Time: 13.677 ms
 Execution Time: 35187.043 ms
(78 rows)

