                                                                                                              QUERY PLAN                                                                                                               
---------------------------------------------------------------------------------------------------------------------------------------------------------------------------------------------------------------------------------------
 Aggregate  (cost=454510.72..454510.73 rows=1 width=8) (actual time=3572.103..3572.111 rows=1 loops=1)
   Buffers: shared hit=314873 read=55505
   ->  Nested Loop  (cost=4697.88..454510.71 rows=4 width=0) (actual time=22.061..3571.840 rows=1012 loops=1)
         Buffers: shared hit=314873 read=55505
         ->  Hash Join  (cost=4697.45..454499.11 rows=5 width=4) (actual time=22.018..3528.979 rows=1012 loops=1)
               Hash Cond: (ci.role_id = rt.id)
               Buffers: shared hit=311064 read=55266
               ->  Nested Loop  (cost=4696.27..454497.84 rows=29 width=8) (actual time=21.697..3526.281 rows=13643 loops=1)
                     Buffers: shared hit=311063 read=55266
                     ->  Nested Loop  (cost=4695.83..454408.73 rows=2 width=12) (actual time=21.660..3357.182 rows=1344 loops=1)
                           Buffers: shared hit=298399 read=51298
                           ->  Seq Scan on info_type it2  (cost=0.00..2.41 rows=1 width=4) (actual time=0.029..0.039 rows=1 loops=1)
                                 Filter: (id = 5)
                                 Rows Removed by Filter: 112
                                 Buffers: shared hit=1
                           ->  Nested Loop  (cost=4695.83..454406.30 rows=2 width=16) (actual time=21.630..3356.811 rows=1344 loops=1)
                                 Buffers: shared hit=298398 read=51298
                                 ->  Seq Scan on info_type it1  (cost=0.00..2.41 rows=1 width=4) (actual time=0.010..0.023 rows=1 loops=1)
                                       Filter: (id = 8)
                                       Rows Removed by Filter: 112
                                       Buffers: shared hit=1
                                 ->  Nested Loop  (cost=4695.83..454403.87 rows=2 width=20) (actual time=21.616..3356.394 rows=1344 loops=1)
                                       Buffers: shared hit=298397 read=51298
                                       ->  Hash Join  (cost=4695.36..445856.38 rows=199 width=12) (actual time=20.685..2697.219 rows=5349 loops=1)
                                             Hash Cond: (t.kind_id = kt.id)
                                             Buffers: shared hit=240705 read=41664
                                             ->  Nested Loop  (cost=4694.18..445854.03 rows=278 width=16) (actual time=20.640..2689.843 rows=27865 loops=1)
                                                   Buffers: shared hit=240704 read=41664
                                                   ->  Bitmap Heap Scan on movie_info mi2  (cost=4693.75..433458.08 rows=1538 width=8) (actual time=20.437..476.826 rows=65699 loops=1)
                                                         Recheck Cond: (info_type_id = 5)
                                                         Filter: ((info)::text = ANY ('{Australia:G,Australia:M,Australia:PG,Belgium:KT,Canada:PG,Sweden:Btl,USA:Approved,"West Germany:18"}'::text[]))
                                                         Rows Removed by Filter: 420855
                                                         Heap Blocks: exact=19164
                                                         Buffers: shared hit=3480 read=16092
                                                         ->  Bitmap Index Scan on info_type_id_movie_info  (cost=0.00..4693.37 rows=439058 width=0) (actual time=17.816..17.816 rows=486554 loops=1)
                                                               Index Cond: (info_type_id = 5)
                                                               Buffers: shared read=408
                                                   ->  Index Scan using title_pkey on title t  (cost=0.43..8.06 rows=1 width=8) (actual time=0.033..0.033 rows=0 loops=65699)
                                                         Index Cond: (id = mi2.movie_id)
                                                         Filter: ((production_year <= 1975) AND (production_year >= 1875))
                                                         Rows Removed by Filter: 1
                                                         Buffers: shared hit=237224 read=25572
                                             ->  Hash  (cost=1.11..1.11 rows=5 width=4) (actual time=0.018..0.019 rows=5 loops=1)
                                                   Buckets: 1024  Batches: 1  Memory Usage: 9kB
                                                   Buffers: shared hit=1
                                                   ->  Seq Scan on kind_type kt  (cost=0.00..1.11 rows=5 width=4) (actual time=0.008..0.010 rows=5 loops=1)
                                                         Filter: ((kind)::text = ANY ('{episode,"tv movie","tv series","video game","video movie"}'::text[]))
                                                         Rows Removed by Filter: 2
                                                         Buffers: shared hit=1
                                       ->  Index Scan using movie_id_movie_info on movie_info mi1  (cost=0.47..42.94 rows=1 width=8) (actual time=0.120..0.123 rows=0 loops=5349)
                                             Index Cond: (movie_id = t.id)
                                             Filter: ((info_type_id = 8) AND ((info)::text = ANY ('{Argentina,Belgium,Canada,Denmark,Finland,France,Italy,Japan,Mexico,Netherlands,Norway,"Soviet Union",Spain,Yugoslavia}'::text[])))
                                             Rows Removed by Filter: 17
                                             Buffers: shared hit=57692 read=9634
                     ->  Index Scan using movie_id_cast_info on cast_info ci  (cost=0.44..44.17 rows=38 width=12) (actual time=0.041..0.123 rows=10 loops=1344)
                           Index Cond: (movie_id = t.id)
                           Buffers: shared hit=12664 read=3968
               ->  Hash  (cost=1.15..1.15 rows=2 width=4) (actual time=0.031..0.032 rows=2 loops=1)
                     Buckets: 1024  Batches: 1  Memory Usage: 9kB
                     Buffers: shared hit=1
                     ->  Seq Scan on role_type rt  (cost=0.00..1.15 rows=2 width=4) (actual time=0.024..0.026 rows=2 loops=1)
                           Filter: ((role)::text = ANY ('{director,"production designer"}'::text[]))
                           Rows Removed by Filter: 10
                           Buffers: shared hit=1
         ->  Index Scan using name_pkey on name n  (cost=0.43..2.32 rows=1 width=4) (actual time=0.041..0.041 rows=1 loops=1012)
               Index Cond: (id = ci.person_id)
               Filter: (((gender)::text = ANY ('{f,m}'::text[])) OR (gender IS NULL))
               Buffers: shared hit=3809 read=239
 Planning:
   Buffers: shared hit=486 read=91
 Planning Time: 13.411 ms
 Execution Time: 3572.770 ms
(72 rows)

