                                                                                                                         QUERY PLAN                                                                                                                          
-------------------------------------------------------------------------------------------------------------------------------------------------------------------------------------------------------------------------------------------------------------
 Aggregate  (cost=436860.06..436860.07 rows=1 width=8) (actual time=5056.031..5056.038 rows=1 loops=1)
   Buffers: shared hit=394592 read=129551
   ->  Nested Loop  (cost=4697.62..436860.05 rows=4 width=0) (actual time=40.275..5052.079 rows=28914 loops=1)
         Buffers: shared hit=394592 read=129551
         ->  Hash Join  (cost=4697.19..436846.13 rows=6 width=4) (actual time=40.223..4085.084 rows=29168 loops=1)
               Hash Cond: (ci.role_id = rt.id)
               Buffers: shared hit=292698 read=114773
               ->  Nested Loop  (cost=4695.93..436844.83 rows=14 width=8) (actual time=40.159..4070.046 rows=68166 loops=1)
                     Buffers: shared hit=292697 read=114773
                     ->  Nested Loop  (cost=4695.49..436801.13 rows=1 width=12) (actual time=40.111..3316.543 rows=993 loops=1)
                           Buffers: shared hit=260365 read=77890
                           ->  Nested Loop  (cost=4695.49..436798.71 rows=1 width=16) (actual time=40.103..3297.173 rows=993 loops=1)
                                 Buffers: shared hit=259372 read=77890
                                 ->  Nested Loop  (cost=4695.49..436796.28 rows=1 width=20) (actual time=40.081..3279.378 rows=993 loops=1)
                                       Buffers: shared hit=258379 read=77890
                                       ->  Hash Join  (cost=4695.02..434211.49 rows=61 width=12) (actual time=20.257..979.528 rows=12902 loops=1)
                                             Hash Cond: (t.kind_id = kt.id)
                                             Buffers: shared hit=90621 read=3544
                                             ->  Nested Loop  (cost=4693.82..434209.99 rows=71 width=16) (actual time=20.220..973.932 rows=12902 loops=1)
                                                   Buffers: shared hit=90620 read=3544
                                                   ->  Bitmap Heap Scan on movie_info mi2  (cost=4693.39..433457.72 rows=89 width=8) (actual time=20.181..403.483 rows=18648 loops=1)
                                                         Recheck Cond: (info_type_id = 5)
                                                         Filter: ((info)::text = ANY ('{Brazil:18,Canada:AA,Canada:G,Finland:K-12,Singapore:R21,USA:G,USA:PG,USA:TV-G}'::text[]))
                                                         Rows Removed by Filter: 467906
                                                         Heap Blocks: exact=19164
                                                         Buffers: shared hit=17931 read=1641
                                                         ->  Bitmap Index Scan on info_type_id_movie_info  (cost=0.00..4693.37 rows=439058 width=0) (actual time=17.122..17.122 rows=486554 loops=1)
                                                               Index Cond: (info_type_id = 5)
                                                               Buffers: shared hit=408
                                                   ->  Index Scan using title_pkey on title t  (cost=0.43..8.45 rows=1 width=8) (actual time=0.030..0.030 rows=1 loops=18648)
                                                         Index Cond: (id = mi2.movie_id)
                                                         Filter: ((production_year <= 2015) AND (production_year >= 1975))
                                                         Rows Removed by Filter: 0
                                                         Buffers: shared hit=72689 read=1903
                                             ->  Hash  (cost=1.12..1.12 rows=6 width=4) (actual time=0.017..0.018 rows=6 loops=1)
                                                   Buckets: 1024  Batches: 1  Memory Usage: 9kB
                                                   Buffers: shared hit=1
                                                   ->  Seq Scan on kind_type kt  (cost=0.00..1.12 rows=6 width=4) (actual time=0.009..0.011 rows=6 loops=1)
                                                         Filter: ((kind)::text = ANY ('{episode,movie,"tv movie","tv series","video game","video movie"}'::text[]))
                                                         Rows Removed by Filter: 1
                                                         Buffers: shared hit=1
                                       ->  Index Scan using movie_id_movie_info on movie_info mi1  (cost=0.47..42.36 rows=1 width=8) (actual time=0.166..0.178 rows=0 loops=12902)
                                             Index Cond: (movie_id = t.id)
                                             Filter: ((info_type_id = 4) AND ((info)::text = ANY ('{"American Sign Language",Cantonese,Czech,German,Hebrew,Hungarian,Indonesian,Korean,Malay,None,Persian,Serbo-Croatian,Thai,Turkish,Ukrainian}'::text[])))
                                             Rows Removed by Filter: 84
                                             Buffers: shared hit=167758 read=74346
                                 ->  Seq Scan on info_type it1  (cost=0.00..2.41 rows=1 width=4) (actual time=0.008..0.016 rows=1 loops=993)
                                       Filter: (id = 4)
                                       Rows Removed by Filter: 112
                                       Buffers: shared hit=993
                           ->  Seq Scan on info_type it2  (cost=0.00..2.41 rows=1 width=4) (actual time=0.010..0.018 rows=1 loops=993)
                                 Filter: (id = 5)
                                 Rows Removed by Filter: 112
                                 Buffers: shared hit=993
                     ->  Index Scan using movie_id_cast_info on cast_info ci  (cost=0.44..43.32 rows=38 width=12) (actual time=0.036..0.743 rows=69 loops=993)
                           Index Cond: (movie_id = t.id)
                           Buffers: shared hit=32332 read=36883
               ->  Hash  (cost=1.20..1.20 rows=5 width=4) (actual time=0.042..0.043 rows=5 loops=1)
                     Buckets: 1024  Batches: 1  Memory Usage: 9kB
                     Buffers: shared hit=1
                     ->  Seq Scan on role_type rt  (cost=0.00..1.20 rows=5 width=4) (actual time=0.027..0.031 rows=5 loops=1)
                           Filter: ((role)::text = ANY ('{actor,composer,director,"production designer",writer}'::text[]))
                           Rows Removed by Filter: 7
                           Buffers: shared hit=1
         ->  Index Scan using name_pkey on name n  (cost=0.43..2.32 rows=1 width=4) (actual time=0.033..0.033 rows=1 loops=29168)
               Index Cond: (id = ci.person_id)
               Filter: (((gender)::text = 'm'::text) OR (gender IS NULL))
               Rows Removed by Filter: 0
               Buffers: shared hit=101894 read=14778
 Planning:
   Buffers: shared hit=577
 Planning Time: 13.654 ms
 Execution Time: 5056.656 ms
(73 rows)

