                                                                                                                                                                                                                                                                                                                                                         QUERY PLAN                                                                                                                                                                                                                                                                                                                                                         
----------------------------------------------------------------------------------------------------------------------------------------------------------------------------------------------------------------------------------------------------------------------------------------------------------------------------------------------------------------------------------------------------------------------------------------------------------------------------------------------------------------------------------------------------------------------------------------------------------------------------------------------------------------------------------------------------------------------------
 Aggregate  (cost=395105.13..395105.14 rows=1 width=8) (actual time=3493.181..3493.187 rows=1 loops=1)
   Buffers: shared hit=298409 read=61760
   ->  Nested Loop  (cost=7082.17..395105.13 rows=2 width=0) (actual time=22.076..3491.281 rows=11603 loops=1)
         Buffers: shared hit=298409 read=61760
         ->  Hash Join  (cost=7081.74..395095.85 rows=4 width=4) (actual time=22.031..3085.672 rows=11779 loops=1)
               Hash Cond: (ci.role_id = rt.id)
               Buffers: shared hit=254365 read=58688
               ->  Nested Loop  (cost=7080.53..395094.60 rows=14 width=8) (actual time=21.955..3073.300 rows=62590 loops=1)
                     Buffers: shared hit=254364 read=58688
                     ->  Nested Loop  (cost=7080.09..395049.74 rows=1 width=12) (actual time=21.916..2375.611 rows=2605 loops=1)
                           Buffers: shared hit=204533 read=38800
                           ->  Nested Loop  (cost=7080.09..395047.32 rows=1 width=16) (actual time=21.911..2325.684 rows=2605 loops=1)
                                 Buffers: shared hit=201928 read=38800
                                 ->  Nested Loop  (cost=7080.09..395044.90 rows=1 width=20) (actual time=21.890..2271.225 rows=2605 loops=1)
                                       Buffers: shared hit=199323 read=38800
                                       ->  Hash Join  (cost=7079.66..388754.19 rows=144 width=12) (actual time=21.858..1108.828 rows=10519 loops=1)
                                             Hash Cond: (t.kind_id = kt.id)
                                             Buffers: shared hit=91178 read=18963
                                             ->  Nested Loop  (cost=7078.48..388752.16 rows=201 width=16) (actual time=21.810..1104.042 rows=10519 loops=1)
                                                   Buffers: shared hit=91177 read=18963
                                                   ->  Bitmap Heap Scan on movie_info mi1  (cost=7078.05..377307.87 rows=1415 width=8) (actual time=20.855..244.211 rows=25662 loops=1)
                                                         Recheck Cond: (info_type_id = 18)
                                                         Filter: ((info)::text = ANY ('{Mexico,"Paramount Studios - 5555 Melrose Avenue, Hollywood, Los Angeles, California, USA","Paris, France","Republic Studios, Hollywood, Los Angeles, California, USA","Revue Studios, Hollywood, Los Angeles, California, USA","Stage 25, Warner Brothers Burbank Studios - 4000 Warner Boulevard, Burbank, California, USA","Stage 28, Warner Brothers Burbank Studios - 4000 Warner Boulevard, Burbank, California, USA","Stage 3, 20th Century Fox Studios - 10201 Pico Blvd., Century City, Los Angeles, California, USA","Stage 30, Universal Studios - 100 Universal City Plaza, Universal City, California, USA"}'::text[]))
                                                         Rows Removed by Filter: 635261
                                                         Heap Blocks: exact=6972
                                                         Buffers: shared hit=2079 read=5413
                                                         ->  Bitmap Index Scan on info_type_id_movie_info  (cost=0.00..7077.68 rows=662032 width=0) (actual time=19.987..19.987 rows=660923 loops=1)
                                                               Index Cond: (info_type_id = 18)
                                                               Buffers: shared read=520
                                                   ->  Index Scan using title_pkey on title t  (cost=0.43..8.09 rows=1 width=8) (actual time=0.033..0.033 rows=0 loops=25662)
                                                         Index Cond: (id = mi1.movie_id)
                                                         Filter: ((production_year <= 1975) AND (production_year >= 1925))
                                                         Rows Removed by Filter: 1
                                                         Buffers: shared hit=89098 read=13550
                                             ->  Hash  (cost=1.11..1.11 rows=5 width=4) (actual time=0.022..0.023 rows=5 loops=1)
                                                   Buckets: 1024  Batches: 1  Memory Usage: 9kB
                                                   Buffers: shared hit=1
                                                   ->  Seq Scan on kind_type kt  (cost=0.00..1.11 rows=5 width=4) (actual time=0.009..0.012 rows=5 loops=1)
                                                         Filter: ((kind)::text = ANY ('{episode,movie,"tv movie","tv series","video movie"}'::text[]))
                                                         Rows Removed by Filter: 2
                                                         Buffers: shared hit=1
                                       ->  Index Scan using movie_id_movie_info on movie_info mi2  (cost=0.43..43.68 rows=1 width=8) (actual time=0.094..0.110 rows=0 loops=10519)
                                             Index Cond: (movie_id = t.id)
                                             Filter: ((info_type_id = 1) AND ((info)::text = ANY ('{10,102,103,25,50,51,60,70,82,86,89,90,92,93,94}'::text[])))
                                             Rows Removed by Filter: 16
                                             Buffers: shared hit=108145 read=19837
                                 ->  Seq Scan on info_type it1  (cost=0.00..2.41 rows=1 width=4) (actual time=0.012..0.019 rows=1 loops=2605)
                                       Filter: (id = 18)
                                       Rows Removed by Filter: 112
                                       Buffers: shared hit=2605
                           ->  Seq Scan on info_type it2  (cost=0.00..2.41 rows=1 width=4) (actual time=0.009..0.017 rows=1 loops=2605)
                                 Filter: (id = 1)
                                 Rows Removed by Filter: 112
                                 Buffers: shared hit=2605
                     ->  Index Scan using movie_id_cast_info on cast_info ci  (cost=0.44..44.48 rows=38 width=12) (actual time=0.037..0.262 rows=24 loops=2605)
                           Index Cond: (movie_id = t.id)
                           Buffers: shared hit=49831 read=19888
               ->  Hash  (cost=1.17..1.17 rows=3 width=4) (actual time=0.034..0.035 rows=3 loops=1)
                     Buckets: 1024  Batches: 1  Memory Usage: 9kB
                     Buffers: shared hit=1
                     ->  Seq Scan on role_type rt  (cost=0.00..1.17 rows=3 width=4) (actual time=0.025..0.028 rows=3 loops=1)
                           Filter: ((role)::text = ANY ('{composer,producer,writer}'::text[]))
                           Rows Removed by Filter: 9
                           Buffers: shared hit=1
         ->  Index Scan using name_pkey on name n  (cost=0.43..2.32 rows=1 width=4) (actual time=0.034..0.034 rows=1 loops=11779)
               Index Cond: (id = ci.person_id)
               Filter: (((gender)::text = 'm'::text) OR (gender IS NULL))
               Rows Removed by Filter: 0
               Buffers: shared hit=44044 read=3072
 Planning:
   Buffers: shared hit=522 read=55
 Planning Time: 13.539 ms
 Execution Time: 3493.766 ms
(73 rows)

