                                                                                                                                                                                                                QUERY PLAN                                                                                                                                                                                                                
------------------------------------------------------------------------------------------------------------------------------------------------------------------------------------------------------------------------------------------------------------------------------------------------------------------------------------------------------------------------------------------------------------------------------------------
 Aggregate  (cost=408680.52..408680.53 rows=1 width=8) (actual time=5201.643..5201.650 rows=1 loops=1)
   Buffers: shared hit=488719 read=47768
   ->  Nested Loop  (cost=7081.81..408680.52 rows=1 width=0) (actual time=21.745..5192.710 rows=60154 loops=1)
         Buffers: shared hit=488719 read=47768
         ->  Hash Join  (cost=7081.38..408675.88 rows=2 width=4) (actual time=21.697..2986.258 rows=64058 loops=1)
               Hash Cond: (ci.role_id = rt.id)
               Buffers: shared hit=246901 read=33354
               ->  Nested Loop  (cost=7080.20..408674.66 rows=14 width=8) (actual time=21.542..2950.447 rows=127002 loops=1)
                     Buffers: shared hit=246900 read=33354
                     ->  Nested Loop  (cost=7079.76..408630.10 rows=1 width=12) (actual time=21.518..1583.810 rows=5453 loops=1)
                           Buffers: shared hit=130734 read=9116
                           ->  Nested Loop  (cost=7079.76..408627.68 rows=1 width=16) (actual time=21.512..1471.395 rows=5453 loops=1)
                                 Buffers: shared hit=125281 read=9116
                                 ->  Nested Loop  (cost=7079.76..408625.26 rows=1 width=20) (actual time=21.490..1356.576 rows=5453 loops=1)
                                       Buffers: shared hit=119828 read=9116
                                       ->  Hash Join  (cost=7079.33..407937.76 rows=16 width=12) (actual time=21.456..734.415 rows=5696 loops=1)
                                             Hash Cond: (t.kind_id = kt.id)
                                             Buffers: shared hit=56204 read=2669
                                             ->  Nested Loop  (cost=7078.13..407936.48 rows=18 width=16) (actual time=21.413..731.294 rows=5696 loops=1)
                                                   Buffers: shared hit=56203 read=2669
                                                   ->  Bitmap Heap Scan on movie_info mi2  (cost=7077.70..407082.78 rows=101 width=8) (actual time=20.574..320.963 rows=12845 loops=1)
                                                         Recheck Cond: (info_type_id = 18)
                                                         Filter: ((info)::text = ANY ('{"CBS Television City - 7800 Beverly Blvd., Fairfax, Los Angeles, California, USA","Cinecittà Studios, Cinecittà, Rome, Lazio, Italy","Paris, France","Revue Studios, Hollywood, Los Angeles, California, USA","Rome, Lazio, Italy","Stage 9, 20th Century Fox Studios - 10201 Pico Blvd., Century City, Los Angeles, California, USA"}'::text[]))
                                                         Rows Removed by Filter: 648078
                                                         Heap Blocks: exact=6972
                                                         Buffers: shared hit=7157 read=335
                                                         ->  Bitmap Index Scan on info_type_id_movie_info  (cost=0.00..7077.68 rows=662032 width=0) (actual time=19.652..19.653 rows=660923 loops=1)
                                                               Index Cond: (info_type_id = 18)
                                                               Buffers: shared hit=520
                                                   ->  Index Scan using title_pkey on title t  (cost=0.43..8.45 rows=1 width=8) (actual time=0.031..0.031 rows=0 loops=12845)
                                                         Index Cond: (id = mi2.movie_id)
                                                         Filter: ((production_year <= 1975) AND (production_year >= 1875))
                                                         Rows Removed by Filter: 1
                                                         Buffers: shared hit=49046 read=2334
                                             ->  Hash  (cost=1.12..1.12 rows=6 width=4) (actual time=0.020..0.021 rows=6 loops=1)
                                                   Buckets: 1024  Batches: 1  Memory Usage: 9kB
                                                   Buffers: shared hit=1
                                                   ->  Seq Scan on kind_type kt  (cost=0.00..1.12 rows=6 width=4) (actual time=0.010..0.012 rows=6 loops=1)
                                                         Filter: ((kind)::text = ANY ('{episode,movie,"tv movie","tv series","video game","video movie"}'::text[]))
                                                         Rows Removed by Filter: 1
                                                         Buffers: shared hit=1
                                       ->  Index Scan using movie_id_movie_info on movie_info mi1  (cost=0.43..42.96 rows=1 width=8) (actual time=0.055..0.108 rows=1 loops=5696)
                                             Index Cond: (movie_id = t.id)
                                             Filter: ((info_type_id = 6) AND ((info)::text = ANY ('{"4-Track Stereo","70 mm 6-Track","Dolby Digital",Mono,Silent}'::text[])))
                                             Rows Removed by Filter: 17
                                             Buffers: shared hit=63624 read=6447
                                 ->  Seq Scan on info_type it1  (cost=0.00..2.41 rows=1 width=4) (actual time=0.010..0.019 rows=1 loops=5453)
                                       Filter: (id = 6)
                                       Rows Removed by Filter: 112
                                       Buffers: shared hit=5453
                           ->  Seq Scan on info_type it2  (cost=0.00..2.41 rows=1 width=4) (actual time=0.011..0.019 rows=1 loops=5453)
                                 Filter: (id = 18)
                                 Rows Removed by Filter: 112
                                 Buffers: shared hit=5453
                     ->  Index Scan using movie_id_cast_info on cast_info ci  (cost=0.44..44.17 rows=38 width=12) (actual time=0.035..0.244 rows=23 loops=5453)
                           Index Cond: (movie_id = t.id)
                           Buffers: shared hit=116166 read=24238
               ->  Hash  (cost=1.15..1.15 rows=2 width=4) (actual time=0.040..0.041 rows=2 loops=1)
                     Buckets: 1024  Batches: 1  Memory Usage: 9kB
                     Buffers: shared hit=1
                     ->  Seq Scan on role_type rt  (cost=0.00..1.15 rows=2 width=4) (actual time=0.031..0.034 rows=2 loops=1)
                           Filter: ((role)::text = ANY ('{actor,"miscellaneous crew"}'::text[]))
                           Rows Removed by Filter: 10
                           Buffers: shared hit=1
         ->  Index Scan using name_pkey on name n  (cost=0.43..2.32 rows=1 width=4) (actual time=0.034..0.034 rows=1 loops=64058)
               Index Cond: (id = ci.person_id)
               Filter: ((gender)::text = ANY ('{f,m}'::text[]))
               Rows Removed by Filter: 0
               Buffers: shared hit=241818 read=14414
 Planning:
   Buffers: shared hit=574
 Planning Time: 13.183 ms
 Execution Time: 5202.226 ms
(73 rows)

