                                                                                                                                           QUERY PLAN                                                                                                                                            
-------------------------------------------------------------------------------------------------------------------------------------------------------------------------------------------------------------------------------------------------------------------------------------------------
 Aggregate  (cost=343402.83..343402.84 rows=1 width=8) (actual time=741.274..741.280 rows=1 loops=1)
   Buffers: shared hit=56261 read=18845
   ->  Nested Loop  (cost=3725.49..343402.82 rows=2 width=0) (actual time=38.616..741.195 rows=257 loops=1)
         Buffers: shared hit=56261 read=18845
         ->  Hash Join  (cost=3725.06..343393.54 rows=4 width=4) (actual time=38.297..527.956 rows=6221 loops=1)
               Hash Cond: (ci.role_id = rt.id)
               Buffers: shared hit=34603 read=15619
               ->  Nested Loop  (cost=3723.86..343392.29 rows=14 width=8) (actual time=38.126..523.782 rows=25519 loops=1)
                     Buffers: shared hit=34602 read=15619
                     ->  Nested Loop  (cost=3723.42..343347.44 rows=1 width=12) (actual time=38.073..290.340 rows=513 loops=1)
                           Buffers: shared hit=15327 read=8106
                           ->  Nested Loop  (cost=3723.42..343345.01 rows=1 width=16) (actual time=38.067..282.158 rows=513 loops=1)
                                 Buffers: shared hit=14814 read=8106
                                 ->  Nested Loop  (cost=3722.98..343301.69 rows=1 width=8) (actual time=37.959..199.879 rows=512 loops=1)
                                       Buffers: shared hit=8917 read=5883
                                       ->  Nested Loop  (cost=3722.98..343299.26 rows=1 width=12) (actual time=37.942..192.780 rows=512 loops=1)
                                             Buffers: shared hit=8405 read=5883
                                             ->  Nested Loop  (cost=3722.85..343299.10 rows=1 width=16) (actual time=37.926..187.197 rows=512 loops=1)
                                                   Buffers: shared hit=7381 read=5883
                                                   ->  Bitmap Heap Scan on movie_info mi1  (cost=3722.42..343223.03 rows=9 width=8) (actual time=37.884..172.779 rows=512 loops=1)
                                                         Recheck Cond: (info_type_id = 17)
                                                         Filter: ((info)::text = 'One of over 700 Paramount Productions, filmed between 1929 and 1949, which were sold to MCA/Universal in 1958 for television distribution, and have been owned and controlled by Universal ever since.'::text)
                                                         Rows Removed by Filter: 367706
                                                         Heap Blocks: exact=10925
                                                         Buffers: shared hit=5595 read=5621
                                                         ->  Bitmap Index Scan on info_type_id_movie_info  (cost=0.00..3722.42 rows=347998 width=0) (actual time=14.136..14.136 rows=368218 loops=1)
                                                               Index Cond: (info_type_id = 17)
                                                               Buffers: shared read=291
                                                   ->  Index Scan using title_pkey on title t  (cost=0.43..8.45 rows=1 width=8) (actual time=0.027..0.027 rows=1 loops=512)
                                                         Index Cond: (id = mi1.movie_id)
                                                         Filter: ((production_year <= 1975) AND (production_year >= 1925))
                                                         Buffers: shared hit=1786 read=262
                                             ->  Index Scan using kind_type_pkey on kind_type kt  (cost=0.13..0.16 rows=1 width=4) (actual time=0.010..0.010 rows=1 loops=512)
                                                   Index Cond: (id = t.kind_id)
                                                   Filter: ((kind)::text = ANY ('{episode,movie,"tv movie","tv series","video movie"}'::text[]))
                                                   Buffers: shared hit=1024
                                       ->  Seq Scan on info_type it1  (cost=0.00..2.41 rows=1 width=4) (actual time=0.007..0.012 rows=1 loops=512)
                                             Filter: (id = 17)
                                             Rows Removed by Filter: 112
                                             Buffers: shared hit=512
                                 ->  Index Scan using movie_id_movie_info on movie_info mi2  (cost=0.43..43.32 rows=1 width=8) (actual time=0.150..0.160 rows=1 loops=512)
                                       Index Cond: (movie_id = t.id)
                                       Filter: ((info_type_id = 8) AND ((info)::text = ANY ('{Australia,France,Germany,Italy,Japan,Spain,UK,USA}'::text[])))
                                       Rows Removed by Filter: 26
                                       Buffers: shared hit=5897 read=2223
                           ->  Seq Scan on info_type it2  (cost=0.00..2.41 rows=1 width=4) (actual time=0.008..0.015 rows=1 loops=513)
                                 Filter: (id = 8)
                                 Rows Removed by Filter: 112
                                 Buffers: shared hit=513
                     ->  Index Scan using movie_id_cast_info on cast_info ci  (cost=0.44..44.48 rows=38 width=12) (actual time=0.034..0.446 rows=50 loops=513)
                           Index Cond: (movie_id = t.id)
                           Buffers: shared hit=19275 read=7513
               ->  Hash  (cost=1.17..1.17 rows=3 width=4) (actual time=0.037..0.038 rows=3 loops=1)
                     Buckets: 1024  Batches: 1  Memory Usage: 9kB
                     Buffers: shared hit=1
                     ->  Seq Scan on role_type rt  (cost=0.00..1.17 rows=3 width=4) (actual time=0.028..0.031 rows=3 loops=1)
                           Filter: ((role)::text = ANY ('{actress,cinematographer,"costume designer"}'::text[]))
                           Rows Removed by Filter: 9
                           Buffers: shared hit=1
         ->  Index Scan using name_pkey on name n  (cost=0.43..2.32 rows=1 width=4) (actual time=0.034..0.034 rows=0 loops=6221)
               Index Cond: (id = ci.person_id)
               Filter: ((gender)::text = 'm'::text)
               Rows Removed by Filter: 1
               Buffers: shared hit=21658 read=3226
 Planning:
   Buffers: shared hit=573 read=1
 Planning Time: 13.137 ms
 Execution Time: 741.866 ms
(68 rows)

