                                                                                                                   QUERY PLAN                                                                                                                   
------------------------------------------------------------------------------------------------------------------------------------------------------------------------------------------------------------------------------------------------
 Aggregate  (cost=424933.43..424933.44 rows=1 width=8) (actual time=1365.877..1365.883 rows=1 loops=1)
   Buffers: shared hit=86260 read=45506
   ->  Nested Loop  (cost=32182.78..424933.43 rows=1 width=0) (actual time=634.710..1365.875 rows=3 loops=1)
         Buffers: shared hit=86260 read=45506
         ->  Hash Join  (cost=32182.35..424919.51 rows=6 width=4) (actual time=461.102..1364.432 rows=58 loops=1)
               Hash Cond: (ci.role_id = rt.id)
               Buffers: shared hit=86117 read=45417
               ->  Nested Loop  (cost=32181.09..424918.20 rows=14 width=8) (actual time=460.953..1364.283 rows=498 loops=1)
                     Buffers: shared hit=86116 read=45417
                     ->  Nested Loop  (cost=32180.65..424874.47 rows=1 width=12) (actual time=460.918..1355.585 rows=21 loops=1)
                           Buffers: shared hit=86017 read=44972
                           ->  Nested Loop  (cost=32180.65..424872.05 rows=1 width=16) (actual time=460.909..1355.347 rows=21 loops=1)
                                 Buffers: shared hit=85996 read=44972
                                 ->  Nested Loop  (cost=32180.65..424869.63 rows=1 width=20) (actual time=460.891..1355.046 rows=21 loops=1)
                                       Buffers: shared hit=85975 read=44972
                                       ->  Hash Join  (cost=32180.22..417684.77 rows=169 width=12) (actual time=433.474..1001.924 rows=5287 loops=1)
                                             Hash Cond: (t.kind_id = kt.id)
                                             Buffers: shared hit=47607 read=34751
                                             ->  Nested Loop  (cost=32179.10..417681.18 rows=591 width=16) (actual time=81.401..999.506 rows=13543 loops=1)
                                                   Buffers: shared hit=47606 read=34751
                                                   ->  Bitmap Heap Scan on movie_info mi1  (cost=32178.67..410731.27 rows=844 width=8) (actual time=81.370..675.591 rows=13626 loops=1)
                                                         Recheck Cond: (info_type_id = 16)
                                                         Filter: ((info)::text = ANY ('{Nigeria:2006,"Sweden:January 2010",USA:1991,USA:1992,USA:1994,USA:1997,USA:2004,USA:2013,"USA:April 2011","USA:May 2009","USA:October 2009"}'::text[]))
                                                         Rows Removed by Filter: 3023093
                                                         Heap Blocks: exact=25474
                                                         Buffers: shared hit=3383 read=24470
                                                         ->  Bitmap Index Scan on info_type_id_movie_info  (cost=0.00..32178.44 rows=3010400 width=0) (actual time=77.437..77.438 rows=3036719 loops=1)
                                                               Index Cond: (info_type_id = 16)
                                                               Buffers: shared hit=1 read=2378
                                                   ->  Index Scan using title_pkey on title t  (cost=0.43..8.23 rows=1 width=8) (actual time=0.023..0.023 rows=1 loops=13626)
                                                         Index Cond: (id = mi1.movie_id)
                                                         Filter: ((production_year <= 2015) AND (production_year >= 1990))
                                                         Rows Removed by Filter: 0
                                                         Buffers: shared hit=44223 read=10281
                                             ->  Hash  (cost=1.09..1.09 rows=2 width=4) (actual time=0.018..0.019 rows=2 loops=1)
                                                   Buckets: 1024  Batches: 1  Memory Usage: 9kB
                                                   Buffers: shared hit=1
                                                   ->  Seq Scan on kind_type kt  (cost=0.00..1.09 rows=2 width=4) (actual time=0.011..0.012 rows=2 loops=1)
                                                         Filter: ((kind)::text = ANY ('{"tv movie","video movie"}'::text[]))
                                                         Rows Removed by Filter: 5
                                                         Buffers: shared hit=1
                                       ->  Index Scan using movie_id_movie_info on movie_info mi2  (cost=0.43..42.50 rows=1 width=8) (actual time=0.066..0.067 rows=0 loops=5287)
                                             Index Cond: (movie_id = t.id)
                                             Filter: ((info_type_id = 8) AND ((info)::text = ANY ('{Greece,Japan,"New Zealand",Singapore,Sweden,Thailand,Uruguay}'::text[])))
                                             Rows Removed by Filter: 7
                                             Buffers: shared hit=38368 read=10221
                                 ->  Seq Scan on info_type it1  (cost=0.00..2.41 rows=1 width=4) (actual time=0.007..0.011 rows=1 loops=21)
                                       Filter: (id = 16)
                                       Rows Removed by Filter: 112
                                       Buffers: shared hit=21
                           ->  Seq Scan on info_type it2  (cost=0.00..2.41 rows=1 width=4) (actual time=0.005..0.010 rows=1 loops=21)
                                 Filter: (id = 8)
                                 Rows Removed by Filter: 112
                                 Buffers: shared hit=21
                     ->  Index Scan using movie_id_cast_info on cast_info ci  (cost=0.44..43.35 rows=38 width=12) (actual time=0.074..0.408 rows=24 loops=21)
                           Index Cond: (movie_id = t.id)
                           Buffers: shared hit=99 read=445
               ->  Hash  (cost=1.20..1.20 rows=5 width=4) (actual time=0.037..0.037 rows=5 loops=1)
                     Buckets: 1024  Batches: 1  Memory Usage: 9kB
                     Buffers: shared hit=1
                     ->  Seq Scan on role_type rt  (cost=0.00..1.20 rows=5 width=4) (actual time=0.026..0.030 rows=5 loops=1)
                           Filter: ((role)::text = ANY ('{cinematographer,composer,director,producer,"production designer"}'::text[]))
                           Rows Removed by Filter: 7
                           Buffers: shared hit=1
         ->  Index Scan using name_pkey on name n  (cost=0.43..2.32 rows=1 width=4) (actual time=0.024..0.024 rows=0 loops=58)
               Index Cond: (id = ci.person_id)
               Filter: ((gender)::text = 'f'::text)
               Rows Removed by Filter: 1
               Buffers: shared hit=143 read=89
 Planning:
   Buffers: shared hit=576 read=1
 Planning Time: 12.975 ms
 Execution Time: 1366.592 ms
(73 rows)

