                                                                                                                               QUERY PLAN                                                                                                                                
-------------------------------------------------------------------------------------------------------------------------------------------------------------------------------------------------------------------------------------------------------------------------
 Aggregate  (cost=425315.89..425315.90 rows=1 width=8) (actual time=983.909..983.915 rows=1 loops=1)
   Buffers: shared hit=66194 read=32461
   ->  Nested Loop  (cost=7081.76..425315.88 rows=1 width=0) (actual time=81.352..983.856 rows=204 loops=1)
         Buffers: shared hit=66194 read=32461
         ->  Hash Join  (cost=7081.33..425313.56 rows=1 width=4) (actual time=81.308..975.628 rows=204 loops=1)
               Hash Cond: (ci.role_id = rt.id)
               Buffers: shared hit=65640 read=32199
               ->  Nested Loop  (cost=7080.16..425312.35 rows=14 width=8) (actual time=49.404..974.683 rows=7822 loops=1)
                     Buffers: shared hit=65639 read=32199
                     ->  Nested Loop  (cost=7079.72..425268.66 rows=1 width=12) (actual time=49.304..891.878 rows=214 loops=1)
                           Buffers: shared hit=63382 read=26303
                           ->  Nested Loop  (cost=7079.72..425266.23 rows=1 width=16) (actual time=49.290..889.742 rows=214 loops=1)
                                 Buffers: shared hit=63168 read=26303
                                 ->  Nested Loop  (cost=7079.72..425263.81 rows=1 width=20) (actual time=49.256..887.436 rows=214 loops=1)
                                       Buffers: shared hit=62954 read=26303
                                       ->  Hash Join  (cost=7079.29..422969.36 rows=54 width=12) (actual time=22.629..416.896 rows=4414 loops=1)
                                             Hash Cond: (t.kind_id = kt.id)
                                             Buffers: shared hit=20856 read=8881
                                             ->  Nested Loop  (cost=7078.13..422967.81 rows=94 width=16) (actual time=22.577..415.566 rows=5211 loops=1)
                                                   Buffers: shared hit=20855 read=8881
                                                   ->  Bitmap Heap Scan on movie_info mi1  (cost=7077.70..421970.41 rows=118 width=8) (actual time=22.538..247.830 rows=5561 loops=1)
                                                         Recheck Cond: (info_type_id = 18)
                                                         Filter: ((info)::text = ANY ('{"Albuquerque, New Mexico, USA","Boston, Massachusetts, USA",China,"Hamilton, Ontario, Canada","St. Louis, Missouri, USA",Sweden,"Sydney, New South Wales, Australia"}'::text[]))
                                                         Rows Removed by Filter: 655362
                                                         Heap Blocks: exact=6972
                                                         Buffers: shared hit=1549 read=5943
                                                         ->  Bitmap Index Scan on info_type_id_movie_info  (cost=0.00..7077.68 rows=662032 width=0) (actual time=21.547..21.547 rows=660923 loops=1)
                                                               Index Cond: (info_type_id = 18)
                                                               Buffers: shared hit=1 read=519
                                                   ->  Index Scan using title_pkey on title t  (cost=0.43..8.45 rows=1 width=8) (actual time=0.030..0.030 rows=1 loops=5561)
                                                         Index Cond: (id = mi1.movie_id)
                                                         Filter: ((production_year <= 2015) AND (production_year >= 1975))
                                                         Rows Removed by Filter: 0
                                                         Buffers: shared hit=19306 read=2938
                                             ->  Hash  (cost=1.10..1.10 rows=4 width=4) (actual time=0.025..0.026 rows=4 loops=1)
                                                   Buckets: 1024  Batches: 1  Memory Usage: 9kB
                                                   Buffers: shared hit=1
                                                   ->  Seq Scan on kind_type kt  (cost=0.00..1.10 rows=4 width=4) (actual time=0.010..0.013 rows=4 loops=1)
                                                         Filter: ((kind)::text = ANY ('{movie,"tv movie","tv series","video game"}'::text[]))
                                                         Rows Removed by Filter: 3
                                                         Buffers: shared hit=1
                                       ->  Index Scan using movie_id_movie_info on movie_info mi2  (cost=0.43..42.48 rows=1 width=8) (actual time=0.102..0.106 rows=0 loops=4414)
                                             Index Cond: (movie_id = t.id)
                                             Filter: ((info_type_id = 4) AND ((info)::text = ANY ('{Croatian,Czech,Hindi,Japanese,Mandarin,Serbo-Croatian,"Swiss German"}'::text[])))
                                             Rows Removed by Filter: 28
                                             Buffers: shared hit=42098 read=17422
                                 ->  Seq Scan on info_type it1  (cost=0.00..2.41 rows=1 width=4) (actual time=0.005..0.009 rows=1 loops=214)
                                       Filter: (id = 18)
                                       Rows Removed by Filter: 112
                                       Buffers: shared hit=214
                           ->  Seq Scan on info_type it2  (cost=0.00..2.41 rows=1 width=4) (actual time=0.004..0.009 rows=1 loops=214)
                                 Filter: (id = 4)
                                 Rows Removed by Filter: 112
                                 Buffers: shared hit=214
                     ->  Index Scan using movie_id_cast_info on cast_info ci  (cost=0.44..43.32 rows=38 width=12) (actual time=0.042..0.381 rows=37 loops=214)
                           Index Cond: (movie_id = t.id)
                           Buffers: shared hit=2257 read=5896
               ->  Hash  (cost=1.15..1.15 rows=1 width=4) (actual time=0.034..0.034 rows=1 loops=1)
                     Buckets: 1024  Batches: 1  Memory Usage: 9kB
                     Buffers: shared hit=1
                     ->  Seq Scan on role_type rt  (cost=0.00..1.15 rows=1 width=4) (actual time=0.026..0.028 rows=1 loops=1)
                           Filter: ((role)::text = 'composer'::text)
                           Rows Removed by Filter: 11
                           Buffers: shared hit=1
         ->  Index Scan using name_pkey on name n  (cost=0.43..2.32 rows=1 width=4) (actual time=0.040..0.040 rows=1 loops=204)
               Index Cond: (id = ci.person_id)
               Filter: (((gender)::text = ANY ('{f,m}'::text[])) OR (gender IS NULL))
               Buffers: shared hit=554 read=262
 Planning:
   Buffers: shared hit=574
 Planning Time: 13.738 ms
 Execution Time: 984.468 ms
(72 rows)

