                                                                                                   QUERY PLAN                                                                                                   
----------------------------------------------------------------------------------------------------------------------------------------------------------------------------------------------------------------
 Aggregate  (cost=385778.63..385778.64 rows=1 width=8) (actual time=2552.143..2552.148 rows=1 loops=1)
   Buffers: shared hit=178452 read=84297
   ->  Nested Loop  (cost=8154.94..385778.62 rows=3 width=0) (actual time=327.085..2551.714 rows=1857 loops=1)
         Buffers: shared hit=178452 read=84297
         ->  Hash Join  (cost=8154.51..385762.38 rows=7 width=4) (actual time=326.165..2367.907 rows=5727 loops=1)
               Hash Cond: (ci.role_id = rt.id)
               Buffers: shared hit=160755 read=79086
               ->  Nested Loop  (cost=8153.31..385761.08 rows=29 width=8) (actual time=326.054..2356.679 rows=82068 loops=1)
                     Buffers: shared hit=160754 read=79086
                     ->  Nested Loop  (cost=8152.87..385673.76 rows=2 width=12) (actual time=326.017..1450.781 rows=3936 loops=1)
                           Buffers: shared hit=113042 read=34969
                           ->  Seq Scan on info_type it2  (cost=0.00..2.41 rows=1 width=4) (actual time=0.035..0.043 rows=1 loops=1)
                                 Filter: (id = 3)
                                 Rows Removed by Filter: 112
                                 Buffers: shared hit=1
                           ->  Nested Loop  (cost=8152.87..385671.33 rows=2 width=16) (actual time=325.980..1450.027 rows=3936 loops=1)
                                 Buffers: shared hit=113041 read=34969
                                 ->  Seq Scan on info_type it1  (cost=0.00..2.41 rows=1 width=4) (actual time=0.008..0.018 rows=1 loops=1)
                                       Filter: (id = 1)
                                       Rows Removed by Filter: 112
                                       Buffers: shared hit=1
                                 ->  Nested Loop  (cost=8152.87..385668.90 rows=2 width=20) (actual time=325.968..1449.293 rows=3936 loops=1)
                                       Buffers: shared hit=113040 read=34969
                                       ->  Hash Join  (cost=8152.43..381017.85 rows=109 width=12) (actual time=24.821..757.142 rows=6626 loops=1)
                                             Hash Cond: (t.kind_id = kt.id)
                                             Buffers: shared hit=57009 read=13144
                                             ->  Nested Loop  (cost=8151.30..381015.65 rows=254 width=16) (actual time=24.777..753.355 rows=15976 loops=1)
                                                   Buffers: shared hit=57008 read=13144
                                                   ->  Bitmap Heap Scan on movie_info mi1  (cost=8150.87..378736.57 rows=272 width=8) (actual time=24.724..217.539 rows=16132 loops=1)
                                                         Recheck Cond: (info_type_id = 1)
                                                         Filter: ((info)::text = ANY ('{142,180,69,79,Argentina:105,France:7,Germany:30,Germany:89,Germany:96,Mexico:90,USA:30,USA:56,USA:63,USA:67}'::text[]))
                                                         Rows Removed by Filter: 786008
                                                         Heap Blocks: exact=4993
                                                         Buffers: shared hit=2836 read=2788
                                                         ->  Bitmap Index Scan on info_type_id_movie_info  (cost=0.00..8150.77 rows=762444 width=0) (actual time=23.768..23.768 rows=802140 loops=1)
                                                               Index Cond: (info_type_id = 1)
                                                               Buffers: shared hit=1 read=630
                                                   ->  Index Scan using title_pkey on title t  (cost=0.43..8.38 rows=1 width=8) (actual time=0.033..0.033 rows=1 loops=16132)
                                                         Index Cond: (id = mi1.movie_id)
                                                         Filter: ((production_year <= 2015) AND (production_year >= 1925))
                                                         Rows Removed by Filter: 0
                                                         Buffers: shared hit=54172 read=10356
                                             ->  Hash  (cost=1.10..1.10 rows=3 width=4) (actual time=0.018..0.019 rows=3 loops=1)
                                                   Buckets: 1024  Batches: 1  Memory Usage: 9kB
                                                   Buffers: shared hit=1
                                                   ->  Seq Scan on kind_type kt  (cost=0.00..1.10 rows=3 width=4) (actual time=0.009..0.011 rows=3 loops=1)
                                                         Filter: ((kind)::text = ANY ('{movie,"video game","video movie"}'::text[]))
                                                         Rows Removed by Filter: 4
                                                         Buffers: shared hit=1
                                       ->  Index Scan using movie_id_movie_info on movie_info mi2  (cost=0.43..42.66 rows=1 width=8) (actual time=0.104..0.104 rows=1 loops=6626)
                                             Index Cond: (movie_id = t.id)
                                             Filter: ((info_type_id = 3) AND ((info)::text = ANY ('{Action,Adult,Adventure,Biography,Crime,Documentary,Game-Show,Horror,Mystery,Talk-Show,Western}'::text[])))
                                             Rows Removed by Filter: 15
                                             Buffers: shared hit=56031 read=21825
                     ->  Index Scan using movie_id_cast_info on cast_info ci  (cost=0.44..43.28 rows=38 width=12) (actual time=0.037..0.226 rows=21 loops=3936)
                           Index Cond: (movie_id = t.id)
                           Buffers: shared hit=47712 read=44117
               ->  Hash  (cost=1.17..1.17 rows=3 width=4) (actual time=0.038..0.038 rows=3 loops=1)
                     Buckets: 1024  Batches: 1  Memory Usage: 9kB
                     Buffers: shared hit=1
                     ->  Seq Scan on role_type rt  (cost=0.00..1.17 rows=3 width=4) (actual time=0.028..0.031 rows=3 loops=1)
                           Filter: ((role)::text = ANY ('{cinematographer,composer,"costume designer"}'::text[]))
                           Rows Removed by Filter: 9
                           Buffers: shared hit=1
         ->  Index Scan using name_pkey on name n  (cost=0.43..2.32 rows=1 width=4) (actual time=0.032..0.032 rows=0 loops=5727)
               Index Cond: (id = ci.person_id)
               Filter: ((gender)::text = 'm'::text)
               Rows Removed by Filter: 1
               Buffers: shared hit=17697 read=5211
 Planning:
   Buffers: shared hit=576 read=1
 Planning Time: 14.333 ms
 Execution Time: 2552.669 ms
(73 rows)

