                                                                                                                                                               QUERY PLAN                                                                                                                                                               
----------------------------------------------------------------------------------------------------------------------------------------------------------------------------------------------------------------------------------------------------------------------------------------------------------------------------------------
 Aggregate  (cost=343473.44..343473.45 rows=1 width=8) (actual time=645.850..645.856 rows=1 loops=1)
   Buffers: shared hit=47454 read=17588
   ->  Nested Loop  (cost=3725.47..343473.44 rows=1 width=0) (actual time=121.046..645.701 rows=703 loops=1)
         Buffers: shared hit=47454 read=17588
         ->  Nested Loop  (cost=3725.47..343471.01 rows=1 width=4) (actual time=121.040..633.995 rows=703 loops=1)
               Join Filter: (t.id = mi2.movie_id)
               Buffers: shared hit=46751 read=17588
               ->  Nested Loop  (cost=3725.03..343428.78 rows=1 width=12) (actual time=121.004..535.854 rows=653 loops=1)
                     Buffers: shared hit=36760 read=16029
                     ->  Hash Join  (cost=3724.60..343424.15 rows=2 width=16) (actual time=118.465..499.109 rows=1103 loops=1)
                           Hash Cond: (ci.role_id = rt.id)
                           Buffers: shared hit=33050 read=15327
                           ->  Nested Loop  (cost=3723.43..343422.93 rows=14 width=20) (actual time=75.246..496.001 rows=25484 loops=1)
                                 Buffers: shared hit=33049 read=15327
                                 ->  Nested Loop  (cost=3722.99..343378.07 rows=1 width=8) (actual time=75.205..279.252 rows=512 loops=1)
                                       Buffers: shared hit=10566 read=11060
                                       ->  Nested Loop  (cost=3722.99..343375.65 rows=1 width=12) (actual time=75.186..272.895 rows=512 loops=1)
                                             Buffers: shared hit=10054 read=11060
                                             ->  Nested Loop  (cost=3722.85..343375.17 rows=3 width=16) (actual time=17.072..255.305 rows=1279 loops=1)
                                                   Buffers: shared hit=7496 read=11060
                                                   ->  Bitmap Heap Scan on movie_info mi1  (cost=3722.42..343223.03 rows=18 width=8) (actual time=16.657..192.645 rows=1835 loops=1)
                                                         Recheck Cond: (info_type_id = 17)
                                                         Filter: ((info)::text = ANY ('{"Last show of the series.","One of over 700 Paramount Productions, filmed between 1929 and 1949, which were sold to MCA/Universal in 1958 for television distribution, and have been owned and controlled by Universal ever since."}'::text[]))
                                                         Rows Removed by Filter: 366383
                                                         Heap Blocks: exact=10925
                                                         Buffers: shared hit=1780 read=9436
                                                         ->  Bitmap Index Scan on info_type_id_movie_info  (cost=0.00..3722.42 rows=347998 width=0) (actual time=14.969..14.970 rows=368218 loops=1)
                                                               Index Cond: (info_type_id = 17)
                                                               Buffers: shared hit=1 read=290
                                                   ->  Index Scan using title_pkey on title t  (cost=0.43..8.45 rows=1 width=8) (actual time=0.034..0.034 rows=1 loops=1835)
                                                         Index Cond: (id = mi1.movie_id)
                                                         Filter: ((production_year <= 1975) AND (production_year >= 1925))
                                                         Rows Removed by Filter: 0
                                                         Buffers: shared hit=5716 read=1624
                                             ->  Index Scan using kind_type_pkey on kind_type kt  (cost=0.13..0.16 rows=1 width=4) (actual time=0.013..0.013 rows=0 loops=1279)
                                                   Index Cond: (id = t.kind_id)
                                                   Filter: ((kind)::text = ANY ('{movie,"tv movie","video game","video movie"}'::text[]))
                                                   Rows Removed by Filter: 1
                                                   Buffers: shared hit=2558
                                       ->  Seq Scan on info_type it1  (cost=0.00..2.41 rows=1 width=4) (actual time=0.006..0.011 rows=1 loops=512)
                                             Filter: (id = 17)
                                             Rows Removed by Filter: 112
                                             Buffers: shared hit=512
                                 ->  Index Scan using movie_id_cast_info on cast_info ci  (cost=0.44..44.48 rows=38 width=12) (actual time=0.030..0.414 rows=50 loops=512)
                                       Index Cond: (movie_id = t.id)
                                       Buffers: shared hit=22483 read=4267
                           ->  Hash  (cost=1.15..1.15 rows=2 width=4) (actual time=0.035..0.036 rows=2 loops=1)
                                 Buckets: 1024  Batches: 1  Memory Usage: 9kB
                                 Buffers: shared hit=1
                                 ->  Seq Scan on role_type rt  (cost=0.00..1.15 rows=2 width=4) (actual time=0.027..0.029 rows=2 loops=1)
                                       Filter: ((role)::text = ANY ('{editor,"miscellaneous crew"}'::text[]))
                                       Rows Removed by Filter: 10
                                       Buffers: shared hit=1
                     ->  Index Scan using name_pkey on name n  (cost=0.43..2.32 rows=1 width=4) (actual time=0.033..0.033 rows=1 loops=1103)
                           Index Cond: (id = ci.person_id)
                           Filter: (gender IS NULL)
                           Rows Removed by Filter: 0
                           Buffers: shared hit=3710 read=702
               ->  Index Scan using movie_id_movie_info on movie_info mi2  (cost=0.43..42.22 rows=1 width=8) (actual time=0.026..0.150 rows=1 loops=653)
                     Index Cond: (movie_id = ci.movie_id)
                     Filter: ((info_type_id = 4) AND ((info)::text = ANY ('{English,French,Japanese,Latin,Spanish}'::text[])))
                     Rows Removed by Filter: 39
                     Buffers: shared hit=9991 read=1559
         ->  Seq Scan on info_type it2  (cost=0.00..2.41 rows=1 width=4) (actual time=0.010..0.015 rows=1 loops=703)
               Filter: (id = 4)
               Rows Removed by Filter: 112
               Buffers: shared hit=703
 Planning:
   Buffers: shared hit=574
 Planning Time: 14.463 ms
 Execution Time: 646.392 ms
(71 rows)

