                                                                                                                                                                                                                                                                                                                                                                                                                                                                                                 QUERY PLAN                                                                                                                                                                                                                                                                                                                                                                                                                                                                                                 
------------------------------------------------------------------------------------------------------------------------------------------------------------------------------------------------------------------------------------------------------------------------------------------------------------------------------------------------------------------------------------------------------------------------------------------------------------------------------------------------------------------------------------------------------------------------------------------------------------------------------------------------------------------------------------------------------------------------------------------------------------------------------------------------------------------------------------------------------------------------------------------------------------------------------------------------------------------------------------------------------------
 Aggregate  (cost=501068.06..501068.07 rows=1 width=8) (actual time=12423.167..12423.172 rows=1 loops=1)
   Buffers: shared hit=1198330 read=93887
   ->  Nested Loop  (cost=7082.18..501068.05 rows=4 width=0) (actual time=23.988..12413.816 rows=49982 loops=1)
         Buffers: shared hit=1198330 read=93887
         ->  Hash Join  (cost=7081.75..501054.13 rows=6 width=4) (actual time=23.871..8951.370 rows=98815 loops=1)
               Hash Cond: (ci.role_id = rt.id)
               Buffers: shared hit=813726 read=83231
               ->  Nested Loop  (cost=7080.50..501052.83 rows=14 width=8) (actual time=21.960..8856.607 rows=412619 loops=1)
                     Buffers: shared hit=813725 read=83231
                     ->  Nested Loop  (cost=7080.06..501008.47 rows=1 width=12) (actual time=21.925..4649.849 rows=19280 loops=1)
                           Buffers: shared hit=385167 read=47185
                           ->  Nested Loop  (cost=7080.06..501006.04 rows=1 width=16) (actual time=21.919..4220.707 rows=19280 loops=1)
                                 Buffers: shared hit=365887 read=47185
                                 ->  Nested Loop  (cost=7080.06..501003.62 rows=1 width=20) (actual time=21.898..3787.323 rows=19280 loops=1)
                                       Buffers: shared hit=346607 read=47185
                                       ->  Hash Join  (cost=7079.62..493231.43 rows=181 width=12) (actual time=21.859..1645.730 rows=21984 loops=1)
                                             Hash Cond: (t.kind_id = kt.id)
                                             Buffers: shared hit=119334 read=26591
                                             ->  Nested Loop  (cost=7078.47..493228.94 rows=317 width=16) (actual time=21.793..1633.705 rows=23167 loops=1)
                                                   Buffers: shared hit=119333 read=26591
                                                   ->  Bitmap Heap Scan on movie_info mi2  (cost=7078.04..481521.27 rows=1449 width=8) (actual time=21.758..420.697 rows=34608 loops=1)
                                                         Recheck Cond: (info_type_id = 18)
                                                         Filter: ((info)::text = ANY ('{"CBS Television City - 7800 Beverly Blvd., Fairfax, Los Angeles, California, USA","Desilu Studios - 9336 W. Washington Blvd., Culver City, California, USA","General Service Studios - 1040 N. Las Palmas, Hollywood, Los Angeles, California, USA",Mexico,"Paramount Studios - 5555 Melrose Avenue, Hollywood, Los Angeles, California, USA","Samuel Goldwyn Studios - 7200 Santa Monica Boulevard, West Hollywood, California, USA","Stage 28, Warner Brothers Burbank Studios - 4000 Warner Boulevard, Burbank, California, USA","Stage 9, 20th Century Fox Studios - 10201 Pico Blvd., Century City, Los Angeles, California, USA","Studio 33, CBS Television City - 7800 Beverly Blvd., Fairfax, Los Angeles, California, USA","Universal Studios - 100 Universal City Plaza, Universal City, California, USA","Warner Brothers Burbank Studios - 4000 Warner Boulevard, Burbank, California, USA"}'::text[]))
                                                         Rows Removed by Filter: 626315
                                                         Heap Blocks: exact=6972
                                                         Buffers: shared hit=675 read=6817
                                                         ->  Bitmap Index Scan on info_type_id_movie_info  (cost=0.00..7077.68 rows=662032 width=0) (actual time=20.890..20.890 rows=660923 loops=1)
                                                               Index Cond: (info_type_id = 18)
                                                               Buffers: shared hit=1 read=519
                                                   ->  Index Scan using title_pkey on title t  (cost=0.43..8.08 rows=1 width=8) (actual time=0.034..0.034 rows=1 loops=34608)
                                                         Index Cond: (id = mi2.movie_id)
                                                         Filter: ((production_year <= 1990) AND (production_year >= 1950))
                                                         Rows Removed by Filter: 0
                                                         Buffers: shared hit=118658 read=19774
                                             ->  Hash  (cost=1.10..1.10 rows=4 width=4) (actual time=0.022..0.022 rows=4 loops=1)
                                                   Buckets: 1024  Batches: 1  Memory Usage: 9kB
                                                   Buffers: shared hit=1
                                                   ->  Seq Scan on kind_type kt  (cost=0.00..1.10 rows=4 width=4) (actual time=0.013..0.015 rows=4 loops=1)
                                                         Filter: ((kind)::text = ANY ('{episode,movie,"video game","video movie"}'::text[]))
                                                         Rows Removed by Filter: 3
                                                         Buffers: shared hit=1
                                       ->  Index Scan using movie_id_movie_info on movie_info mi1  (cost=0.43..42.93 rows=1 width=8) (actual time=0.057..0.097 rows=1 loops=21984)
                                             Index Cond: (movie_id = t.id)
                                             Filter: ((info_type_id = 6) AND ((info)::text = ANY ('{"4-Track Stereo","70 mm 6-Track","Dolby Digital","Dolby SR",Dolby,Mono,"Ultra Stereo"}'::text[])))
                                             Rows Removed by Filter: 12
                                             Buffers: shared hit=227273 read=20594
                                 ->  Seq Scan on info_type it1  (cost=0.00..2.41 rows=1 width=4) (actual time=0.011..0.020 rows=1 loops=19280)
                                       Filter: (id = 6)
                                       Rows Removed by Filter: 112
                                       Buffers: shared hit=19280
                           ->  Seq Scan on info_type it2  (cost=0.00..2.41 rows=1 width=4) (actual time=0.012..0.020 rows=1 loops=19280)
                                 Filter: (id = 18)
                                 Rows Removed by Filter: 112
                                 Buffers: shared hit=19280
                     ->  Index Scan using movie_id_cast_info on cast_info ci  (cost=0.44..43.98 rows=38 width=12) (actual time=0.035..0.212 rows=21 loops=19280)
                           Index Cond: (movie_id = t.id)
                           Buffers: shared hit=428558 read=36046
               ->  Hash  (cost=1.20..1.20 rows=5 width=4) (actual time=0.039..0.040 rows=5 loops=1)
                     Buckets: 1024  Batches: 1  Memory Usage: 9kB
                     Buffers: shared hit=1
                     ->  Seq Scan on role_type rt  (cost=0.00..1.20 rows=5 width=4) (actual time=0.029..0.032 rows=5 loops=1)
                           Filter: ((role)::text = ANY ('{director,guest,"miscellaneous crew","production designer",writer}'::text[]))
                           Rows Removed by Filter: 7
                           Buffers: shared hit=1
         ->  Index Scan using name_pkey on name n  (cost=0.43..2.32 rows=1 width=4) (actual time=0.034..0.034 rows=1 loops=98815)
               Index Cond: (id = ci.person_id)
               Filter: ((gender)::text = ANY ('{f,m}'::text[]))
               Rows Removed by Filter: 0
               Buffers: shared hit=384604 read=10656
 Planning:
   Buffers: shared hit=574
 Planning Time: 13.089 ms
 Execution Time: 12423.735 ms
(73 rows)

