                                                                                               QUERY PLAN                                                                                               
--------------------------------------------------------------------------------------------------------------------------------------------------------------------------------------------------------
 Aggregate  (cost=423068.39..423068.40 rows=1 width=8) (actual time=3946.626..3946.632 rows=1 loops=1)
   Buffers: shared hit=357753 read=46801
   ->  Nested Loop  (cost=13059.99..423068.38 rows=3 width=0) (actual time=40.048..3943.302 rows=22576 loops=1)
         Buffers: shared hit=357753 read=46801
         ->  Hash Join  (cost=13059.56..423054.47 rows=6 width=4) (actual time=40.003..3100.875 rows=24948 loops=1)
               Hash Cond: (ci.role_id = rt.id)
               Buffers: shared hit=263131 read=41631
               ->  Nested Loop  (cost=13058.31..423053.16 rows=14 width=8) (actual time=39.942..3088.729 rows=42649 loops=1)
                     Buffers: shared hit=263130 read=41631
                     ->  Nested Loop  (cost=13057.87..423008.30 rows=1 width=12) (actual time=38.850..2612.321 rows=3273 loops=1)
                           Buffers: shared hit=219308 read=33960
                           ->  Nested Loop  (cost=13057.87..423005.88 rows=1 width=16) (actual time=38.845..2548.934 rows=3273 loops=1)
                                 Buffers: shared hit=216035 read=33960
                                 ->  Nested Loop  (cost=13057.87..423003.46 rows=1 width=20) (actual time=38.823..2487.773 rows=3273 loops=1)
                                       Buffers: shared hit=212762 read=33960
                                       ->  Hash Join  (cost=13057.43..414944.68 rows=186 width=12) (actual time=37.339..1862.800 rows=8128 loops=1)
                                             Hash Cond: (t.kind_id = kt.id)
                                             Buffers: shared hit=157412 read=20221
                                             ->  Nested Loop  (cost=13056.26..414942.41 rows=261 width=16) (actual time=37.302..1858.563 rows=9392 loops=1)
                                                   Buffers: shared hit=157411 read=20221
                                                   ->  Bitmap Heap Scan on movie_info mi2  (cost=13055.83..400296.53 rows=1834 width=8) (actual time=37.262..509.633 rows=42055 loops=1)
                                                         Recheck Cond: (info_type_id = 4)
                                                         Filter: ((info)::text = ANY ('{Arabic,Bengali,Finnish,Portuguese,Tamil}'::text[]))
                                                         Rows Removed by Filter: 1256934
                                                         Heap Blocks: exact=8393
                                                         Buffers: shared hit=2530 read=6882
                                                         ->  Bitmap Index Scan on info_type_id_movie_info  (cost=0.00..13055.37 rows=1221191 width=0) (actual time=34.984..34.984 rows=1298989 loops=1)
                                                               Index Cond: (info_type_id = 4)
                                                               Buffers: shared hit=1 read=1018
                                                   ->  Index Scan using title_pkey on title t  (cost=0.43..7.99 rows=1 width=8) (actual time=0.032..0.032 rows=0 loops=42055)
                                                         Index Cond: (id = mi2.movie_id)
                                                         Filter: ((production_year <= 1975) AND (production_year >= 1925))
                                                         Rows Removed by Filter: 1
                                                         Buffers: shared hit=154881 read=13339
                                             ->  Hash  (cost=1.11..1.11 rows=5 width=4) (actual time=0.018..0.019 rows=5 loops=1)
                                                   Buckets: 1024  Batches: 1  Memory Usage: 9kB
                                                   Buffers: shared hit=1
                                                   ->  Seq Scan on kind_type kt  (cost=0.00..1.11 rows=5 width=4) (actual time=0.008..0.009 rows=5 loops=1)
                                                         Filter: ((kind)::text = ANY ('{episode,movie,"tv series","video game","video movie"}'::text[]))
                                                         Rows Removed by Filter: 2
                                                         Buffers: shared hit=1
                                       ->  Index Scan using movie_id_movie_info on movie_info mi1  (cost=0.43..43.32 rows=1 width=8) (actual time=0.074..0.076 rows=0 loops=8128)
                                             Index Cond: (movie_id = t.id)
                                             Filter: ((info_type_id = 8) AND ((info)::text = ANY ('{Belgium,Bulgaria,Finland,Germany,India,Philippines,Romania,Switzerland}'::text[])))
                                             Rows Removed by Filter: 7
                                             Buffers: shared hit=55350 read=13739
                                 ->  Seq Scan on info_type it1  (cost=0.00..2.41 rows=1 width=4) (actual time=0.009..0.017 rows=1 loops=3273)
                                       Filter: (id = 8)
                                       Rows Removed by Filter: 112
                                       Buffers: shared hit=3273
                           ->  Seq Scan on info_type it2  (cost=0.00..2.41 rows=1 width=4) (actual time=0.010..0.018 rows=1 loops=3273)
                                 Filter: (id = 4)
                                 Rows Removed by Filter: 112
                                 Buffers: shared hit=3273
                     ->  Index Scan using movie_id_cast_info on cast_info ci  (cost=0.44..44.48 rows=38 width=12) (actual time=0.034..0.142 rows=13 loops=3273)
                           Index Cond: (movie_id = t.id)
                           Buffers: shared hit=43822 read=7671
               ->  Hash  (cost=1.20..1.20 rows=5 width=4) (actual time=0.032..0.032 rows=5 loops=1)
                     Buckets: 1024  Batches: 1  Memory Usage: 9kB
                     Buffers: shared hit=1
                     ->  Seq Scan on role_type rt  (cost=0.00..1.20 rows=5 width=4) (actual time=0.022..0.026 rows=5 loops=1)
                           Filter: ((role)::text = ANY ('{actor,"costume designer",editor,producer,writer}'::text[]))
                           Rows Removed by Filter: 7
                           Buffers: shared hit=1
         ->  Index Scan using name_pkey on name n  (cost=0.43..2.32 rows=1 width=4) (actual time=0.033..0.033 rows=1 loops=24948)
               Index Cond: (id = ci.person_id)
               Filter: ((gender)::text = 'm'::text)
               Rows Removed by Filter: 0
               Buffers: shared hit=94622 read=5170
 Planning:
   Buffers: shared hit=530 read=44
 Planning Time: 11.497 ms
 Execution Time: 3947.128 ms
(73 rows)

