                                                                                                                                           QUERY PLAN                                                                                                                                            
-------------------------------------------------------------------------------------------------------------------------------------------------------------------------------------------------------------------------------------------------------------------------------------------------
 Aggregate  (cost=489179.45..489179.46 rows=1 width=8) (actual time=22917.583..22917.591 rows=1 loops=1)
   Buffers: shared hit=2028774 read=366681
   ->  Nested Loop  (cost=5095.71..489179.43 rows=10 width=0) (actual time=16.447..22895.689 rows=131721 loops=1)
         Buffers: shared hit=2028774 read=366681
         ->  Hash Join  (cost=5095.28..489109.92 rows=30 width=4) (actual time=16.396..15898.012 rows=197728 loops=1)
               Hash Cond: (ci.role_id = rt.id)
               Buffers: shared hit=1295740 read=308803
               ->  Nested Loop  (cost=5094.03..489108.40 rows=72 width=8) (actual time=16.284..15775.810 rows=422063 loops=1)
                     Buffers: shared hit=1295739 read=308803
                     ->  Nested Loop  (cost=5093.59..488889.92 rows=5 width=12) (actual time=16.262..11064.446 rows=7455 loops=1)
                           Buffers: shared hit=1035672 read=137008
                           ->  Seq Scan on info_type it2  (cost=0.00..2.41 rows=1 width=4) (actual time=0.032..0.041 rows=1 loops=1)
                                 Filter: (id = 7)
                                 Rows Removed by Filter: 112
                                 Buffers: shared hit=1
                           ->  Nested Loop  (cost=5093.59..488887.46 rows=5 width=16) (actual time=16.229..11062.004 rows=7455 loops=1)
                                 Buffers: shared hit=1035671 read=137008
                                 ->  Seq Scan on info_type it1  (cost=0.00..2.41 rows=1 width=4) (actual time=0.009..0.021 rows=1 loops=1)
                                       Filter: (id = 6)
                                       Rows Removed by Filter: 112
                                       Buffers: shared hit=1
                                 ->  Nested Loop  (cost=5093.59..488885.00 rows=5 width=20) (actual time=16.217..11059.826 rows=7455 loops=1)
                                       Buffers: shared hit=1035670 read=137008
                                       ->  Hash Join  (cost=5093.15..412644.55 rows=1790 width=12) (actual time=16.175..5510.642 rows=32856 loops=1)
                                             Hash Cond: (t.kind_id = kt.id)
                                             Buffers: shared hit=593764 read=19029
                                             ->  Nested Loop  (cost=5092.02..412625.81 rows=4176 width=16) (actual time=16.135..5493.259 rows=40389 loops=1)
                                                   Buffers: shared hit=593763 read=19029
                                                   ->  Bitmap Heap Scan on movie_info mi1  (cost=5091.58..374662.00 rows=5230 width=8) (actual time=16.100..192.605 rows=155763 loops=1)
                                                         Recheck Cond: (info_type_id = 6)
                                                         Filter: ((info)::text = ANY ('{"4-Track Stereo","70 mm 6-Track",DTS-ES,DTS-Stereo,Datasat,"Dolby Digital EX","Dolby Digital","Dolby Stereo",SDDS,Silent,Sonics-DDP,"Ultra Stereo"}'::text[]))
                                                         Rows Removed by Filter: 318680
                                                         Heap Blocks: exact=3206
                                                         Buffers: shared hit=618 read=2962
                                                         ->  Bitmap Index Scan on info_type_id_movie_info  (cost=0.00..5090.24 rows=475974 width=0) (actual time=15.703..15.703 rows=474443 loops=1)
                                                               Index Cond: (info_type_id = 6)
                                                               Buffers: shared hit=1 read=373
                                                   ->  Memoize  (cost=0.44..7.30 rows=1 width=8) (actual time=0.034..0.034 rows=0 loops=155763)
                                                         Cache Key: mi1.movie_id
                                                         Cache Mode: logical
                                                         Hits: 3460  Misses: 152303  Evictions: 42139  Overflows: 0  Memory Usage: 8193kB
                                                         Buffers: shared hit=593145 read=16067
                                                         ->  Index Scan using title_pkey on title t  (cost=0.43..7.29 rows=1 width=8) (actual time=0.033..0.033 rows=0 loops=152303)
                                                               Index Cond: (id = mi1.movie_id)
                                                               Filter: ((production_year <= 2015) AND (production_year >= 1975))
                                                               Rows Removed by Filter: 1
                                                               Buffers: shared hit=593145 read=16067
                                             ->  Hash  (cost=1.10..1.10 rows=3 width=4) (actual time=0.017..0.018 rows=3 loops=1)
                                                   Buckets: 1024  Batches: 1  Memory Usage: 9kB
                                                   Buffers: shared hit=1
                                                   ->  Seq Scan on kind_type kt  (cost=0.00..1.10 rows=3 width=4) (actual time=0.009..0.011 rows=3 loops=1)
                                                         Filter: ((kind)::text = ANY ('{movie,"tv series","video movie"}'::text[]))
                                                         Rows Removed by Filter: 4
                                                         Buffers: shared hit=1
                                       ->  Index Scan using movie_id_movie_info on movie_info mi2  (cost=0.43..42.58 rows=1 width=8) (actual time=0.145..0.168 rows=0 loops=32856)
                                             Index Cond: (movie_id = t.id)
                                             Filter: ((info_type_id = 7) AND ((info)::text = ANY ('{"CAM:Arriflex Cameras","CAM:Panasonic AG-DVX100","LAB:FotoKem Laboratory, Burbank (CA), USA",PCS:Panavision,"PFM:16 mm",PFM:Digital,"RAT:1.66 : 1","RAT:1.78 : 1","RAT:16:9 HD"}'::text[])))
                                             Rows Removed by Filter: 62
                                             Buffers: shared hit=441906 read=117979
                     ->  Index Scan using movie_id_cast_info on cast_info ci  (cost=0.44..43.32 rows=38 width=12) (actual time=0.041..0.616 rows=57 loops=7455)
                           Index Cond: (movie_id = t.id)
                           Buffers: shared hit=260067 read=171795
               ->  Hash  (cost=1.20..1.20 rows=5 width=4) (actual time=0.041..0.042 rows=5 loops=1)
                     Buckets: 1024  Batches: 1  Memory Usage: 9kB
                     Buffers: shared hit=1
                     ->  Seq Scan on role_type rt  (cost=0.00..1.20 rows=5 width=4) (actual time=0.031..0.035 rows=5 loops=1)
                           Filter: ((role)::text = ANY ('{cinematographer,editor,"miscellaneous crew",producer,"production designer"}'::text[]))
                           Rows Removed by Filter: 7
                           Buffers: shared hit=1
         ->  Index Scan using name_pkey on name n  (cost=0.43..2.32 rows=1 width=4) (actual time=0.035..0.035 rows=1 loops=197728)
               Index Cond: (id = ci.person_id)
               Filter: (gender IS NULL)
               Rows Removed by Filter: 0
               Buffers: shared hit=733034 read=57878
 Planning:
   Buffers: shared hit=576 read=1
 Planning Time: 13.335 ms
 Execution Time: 22920.195 ms
(78 rows)

