                                                                                                                                                                                       QUERY PLAN                                                                                                                                                                                       
----------------------------------------------------------------------------------------------------------------------------------------------------------------------------------------------------------------------------------------------------------------------------------------------------------------------------------------------------------------------------------------
 Aggregate  (cost=574468.08..574468.09 rows=1 width=8) (actual time=7954.377..7954.383 rows=1 loops=1)
   Buffers: shared hit=606926 read=223941
   ->  Nested Loop  (cost=7082.55..574467.89 rows=75 width=0) (actual time=22.206..7946.490 rows=56887 loops=1)
         Buffers: shared hit=606926 read=223941
         ->  Hash Join  (cost=7082.12..574119.96 rows=150 width=4) (actual time=22.166..6073.126 rows=57157 loops=1)
               Hash Cond: (ci.role_id = rt.id)
               Buffers: shared hit=395123 read=207116
               ->  Nested Loop  (cost=7080.94..574115.58 rows=903 width=8) (actual time=21.939..6015.062 rows=335710 loops=1)
                     Buffers: shared hit=395122 read=207116
                     ->  Nested Loop  (cost=7080.50..571365.06 rows=63 width=12) (actual time=21.902..2592.706 rows=9467 loops=1)
                           Buffers: shared hit=164618 read=81303
                           ->  Seq Scan on info_type it2  (cost=0.00..2.41 rows=1 width=4) (actual time=0.037..0.044 rows=1 loops=1)
                                 Filter: (id = 18)
                                 Rows Removed by Filter: 112
                                 Buffers: shared hit=1
                           ->  Nested Loop  (cost=7080.50..571362.01 rows=63 width=16) (actual time=21.864..2590.548 rows=9467 loops=1)
                                 Buffers: shared hit=164617 read=81303
                                 ->  Seq Scan on info_type it1  (cost=0.00..2.41 rows=1 width=4) (actual time=0.009..0.019 rows=1 loops=1)
                                       Filter: (id = 8)
                                       Rows Removed by Filter: 112
                                       Buffers: shared hit=1
                                 ->  Nested Loop  (cost=7080.50..571358.97 rows=63 width=20) (actual time=21.851..2588.365 rows=9467 loops=1)
                                       Buffers: shared hit=164616 read=81303
                                       ->  Hash Join  (cost=7080.03..474004.51 rows=2299 width=12) (actual time=21.749..927.205 rows=14292 loops=1)
                                             Hash Cond: (t.kind_id = kt.id)
                                             Buffers: shared hit=42617 read=22404
                                             ->  Nested Loop  (cost=7078.83..473992.01 rows=2683 width=16) (actual time=21.706..921.077 rows=14292 loops=1)
                                                   Buffers: shared hit=42616 read=22404
                                                   ->  Bitmap Heap Scan on movie_info mi2  (cost=7078.39..451746.36 rows=2871 width=8) (actual time=21.664..387.226 rows=14542 loops=1)
                                                         Recheck Cond: (info_type_id = 18)
                                                         Filter: ((info)::text = ANY ('{"Dallas, Texas, USA",France,"Minneapolis, Minnesota, USA","Moscow, Russia","New Orleans, Louisiana, USA","New York, USA","Revue Studios, Hollywood, Los Angeles, California, USA","Universal Studios - 100 Universal City Plaza, Universal City, California, USA","Vienna, Austria"}'::text[]))
                                                         Rows Removed by Filter: 646381
                                                         Heap Blocks: exact=6972
                                                         Buffers: shared hit=174 read=7318
                                                         ->  Bitmap Index Scan on info_type_id_movie_info  (cost=0.00..7077.68 rows=662032 width=0) (actual time=20.723..20.723 rows=660923 loops=1)
                                                               Index Cond: (info_type_id = 18)
                                                               Buffers: shared read=520
                                                   ->  Memoize  (cost=0.44..7.76 rows=1 width=8) (actual time=0.036..0.036 rows=1 loops=14542)
                                                         Cache Key: mi2.movie_id
                                                         Cache Mode: logical
                                                         Hits: 160  Misses: 14382  Evictions: 0  Overflows: 0  Memory Usage: 1508kB
                                                         Buffers: shared hit=42442 read=15086
                                                         ->  Index Scan using title_pkey on title t  (cost=0.43..7.75 rows=1 width=8) (actual time=0.035..0.035 rows=1 loops=14382)
                                                               Index Cond: (id = mi2.movie_id)
                                                               Filter: ((production_year <= 2015) AND (production_year >= 1925))
                                                               Rows Removed by Filter: 0
                                                               Buffers: shared hit=42442 read=15086
                                             ->  Hash  (cost=1.12..1.12 rows=6 width=4) (actual time=0.019..0.019 rows=6 loops=1)
                                                   Buckets: 1024  Batches: 1  Memory Usage: 9kB
                                                   Buffers: shared hit=1
                                                   ->  Seq Scan on kind_type kt  (cost=0.00..1.12 rows=6 width=4) (actual time=0.009..0.011 rows=6 loops=1)
                                                         Filter: ((kind)::text = ANY ('{episode,movie,"tv movie","tv series","video game","video movie"}'::text[]))
                                                         Rows Removed by Filter: 1
                                                         Buffers: shared hit=1
                                       ->  Index Scan using movie_id_movie_info on movie_info mi1  (cost=0.47..42.34 rows=1 width=8) (actual time=0.110..0.116 rows=1 loops=14292)
                                             Index Cond: (movie_id = t.id)
                                             Filter: ((info_type_id = 8) AND ((info)::text = ANY ('{Argentina,Chile,Estonia,Germany,Ireland,Morocco,"Puerto Rico",Serbia,Slovakia,Sweden,Taiwan,Turkey,UK,USA}'::text[])))
                                             Rows Removed by Filter: 21
                                             Buffers: shared hit=121999 read=58899
                     ->  Index Scan using movie_id_cast_info on cast_info ci  (cost=0.44..43.28 rows=38 width=12) (actual time=0.035..0.353 rows=35 loops=9467)
                           Index Cond: (movie_id = t.id)
                           Buffers: shared hit=230504 read=125813
               ->  Hash  (cost=1.15..1.15 rows=2 width=4) (actual time=0.036..0.037 rows=2 loops=1)
                     Buckets: 1024  Batches: 1  Memory Usage: 9kB
                     Buffers: shared hit=1
                     ->  Seq Scan on role_type rt  (cost=0.00..1.15 rows=2 width=4) (actual time=0.027..0.029 rows=2 loops=1)
                           Filter: ((role)::text = ANY ('{actress,"costume designer"}'::text[]))
                           Rows Removed by Filter: 10
                           Buffers: shared hit=1
         ->  Index Scan using name_pkey on name n  (cost=0.43..2.32 rows=1 width=4) (actual time=0.032..0.032 rows=1 loops=57157)
               Index Cond: (id = ci.person_id)
               Filter: (((gender)::text = 'f'::text) OR (gender IS NULL))
               Rows Removed by Filter: 0
               Buffers: shared hit=211803 read=16825
 Planning:
   Buffers: shared hit=485 read=92
 Planning Time: 14.154 ms
 Execution Time: 7955.271 ms
(78 rows)

