                                                                                             QUERY PLAN                                                                                              
-----------------------------------------------------------------------------------------------------------------------------------------------------------------------------------------------------
 Aggregate  (cost=404598.52..404598.53 rows=1 width=8) (actual time=2262.686..2262.693 rows=1 loops=1)
   Buffers: shared hit=155723 read=75277
   ->  Nested Loop  (cost=4697.49..404598.51 rows=3 width=0) (actual time=42.470..2261.800 rows=7380 loops=1)
         Buffers: shared hit=155723 read=75277
         ->  Hash Join  (cost=4697.06..404586.92 rows=5 width=4) (actual time=42.418..1990.598 rows=7622 loops=1)
               Hash Cond: (ci.role_id = rt.id)
               Buffers: shared hit=133354 read=67158
               ->  Nested Loop  (cost=4695.83..404585.64 rows=14 width=8) (actual time=42.360..1987.493 rows=13338 loops=1)
                     Buffers: shared hit=133353 read=67158
                     ->  Nested Loop  (cost=4695.39..404540.78 rows=1 width=12) (actual time=42.312..1825.975 rows=308 loops=1)
                           Buffers: shared hit=126137 read=60373
                           ->  Nested Loop  (cost=4695.39..404538.36 rows=1 width=16) (actual time=42.301..1821.278 rows=308 loops=1)
                                 Buffers: shared hit=125829 read=60373
                                 ->  Nested Loop  (cost=4695.39..404535.94 rows=1 width=20) (actual time=42.279..1816.091 rows=308 loops=1)
                                       Buffers: shared hit=125521 read=60373
                                       ->  Hash Join  (cost=4694.95..404362.84 rows=4 width=12) (actual time=34.981..1045.621 rows=4102 loops=1)
                                             Hash Cond: (t.kind_id = kt.id)
                                             Buffers: shared hit=75438 read=30563
                                             ->  Nested Loop  (cost=4693.82..404361.66 rows=10 width=16) (actual time=23.542..1043.861 rows=4421 loops=1)
                                                   Buffers: shared hit=75437 read=30563
                                                   ->  Bitmap Heap Scan on movie_info mi1  (cost=4693.39..403795.35 rows=67 width=8) (actual time=22.231..384.915 rows=21607 loops=1)
                                                         Recheck Cond: (info_type_id = 5)
                                                         Filter: ((info)::text = ANY ('{Argentina:16,Argentina:18,Canada:G,Norway:16,Singapore:PG,Spain:T}'::text[]))
                                                         Rows Removed by Filter: 464947
                                                         Heap Blocks: exact=19164
                                                         Buffers: shared hit=2093 read=17479
                                                         ->  Bitmap Index Scan on info_type_id_movie_info  (cost=0.00..4693.37 rows=439058 width=0) (actual time=18.099..18.099 rows=486554 loops=1)
                                                               Index Cond: (info_type_id = 5)
                                                               Buffers: shared read=408
                                                   ->  Index Scan using title_pkey on title t  (cost=0.43..8.45 rows=1 width=8) (actual time=0.030..0.030 rows=0 loops=21607)
                                                         Index Cond: (id = mi1.movie_id)
                                                         Filter: ((production_year <= 1975) AND (production_year >= 1925))
                                                         Rows Removed by Filter: 1
                                                         Buffers: shared hit=73344 read=13084
                                             ->  Hash  (cost=1.10..1.10 rows=3 width=4) (actual time=0.019..0.020 rows=3 loops=1)
                                                   Buckets: 1024  Batches: 1  Memory Usage: 9kB
                                                   Buffers: shared hit=1
                                                   ->  Seq Scan on kind_type kt  (cost=0.00..1.10 rows=3 width=4) (actual time=0.008..0.010 rows=3 loops=1)
                                                         Filter: ((kind)::text = ANY ('{movie,"tv movie","video movie"}'::text[]))
                                                         Rows Removed by Filter: 4
                                                         Buffers: shared hit=1
                                       ->  Index Scan using movie_id_movie_info on movie_info mi2  (cost=0.43..43.27 rows=1 width=8) (actual time=0.177..0.187 rows=0 loops=4102)
                                             Index Cond: (movie_id = t.id)
                                             Filter: ((info_type_id = 1) AND ((info)::text = ANY ('{118,120,79,82,83,89,94}'::text[])))
                                             Rows Removed by Filter: 79
                                             Buffers: shared hit=50083 read=29810
                                 ->  Seq Scan on info_type it1  (cost=0.00..2.41 rows=1 width=4) (actual time=0.008..0.015 rows=1 loops=308)
                                       Filter: (id = 5)
                                       Rows Removed by Filter: 112
                                       Buffers: shared hit=308
                           ->  Seq Scan on info_type it2  (cost=0.00..2.41 rows=1 width=4) (actual time=0.007..0.014 rows=1 loops=308)
                                 Filter: (id = 1)
                                 Rows Removed by Filter: 112
                                 Buffers: shared hit=308
                     ->  Index Scan using movie_id_cast_info on cast_info ci  (cost=0.44..44.48 rows=38 width=12) (actual time=0.041..0.514 rows=43 loops=308)
                           Index Cond: (movie_id = t.id)
                           Buffers: shared hit=7216 read=6785
               ->  Hash  (cost=1.18..1.18 rows=4 width=4) (actual time=0.033..0.033 rows=4 loops=1)
                     Buckets: 1024  Batches: 1  Memory Usage: 9kB
                     Buffers: shared hit=1
                     ->  Seq Scan on role_type rt  (cost=0.00..1.18 rows=4 width=4) (actual time=0.022..0.027 rows=4 loops=1)
                           Filter: ((role)::text = ANY ('{actor,composer,"costume designer",guest}'::text[]))
                           Rows Removed by Filter: 8
                           Buffers: shared hit=1
         ->  Index Scan using name_pkey on name n  (cost=0.43..2.32 rows=1 width=4) (actual time=0.035..0.035 rows=1 loops=7622)
               Index Cond: (id = ci.person_id)
               Filter: ((gender)::text = ANY ('{f,m}'::text[]))
               Rows Removed by Filter: 0
               Buffers: shared hit=22369 read=8119
 Planning:
   Buffers: shared hit=486 read=88
 Planning Time: 14.444 ms
 Execution Time: 2263.280 ms
(73 rows)

