                                                                                                           QUERY PLAN                                                                                                            
---------------------------------------------------------------------------------------------------------------------------------------------------------------------------------------------------------------------------------
 Aggregate  (cost=701841.87..701841.88 rows=1 width=8) (actual time=25721.636..25721.644 rows=1 loops=1)
   Buffers: shared hit=2162263 read=327212
   ->  Nested Loop  (cost=14217.36..701841.61 rows=104 width=0) (actual time=39.795..25719.353 rows=5722 loops=1)
         Buffers: shared hit=2162263 read=327212
         ->  Seq Scan on info_type it2  (cost=0.00..2.41 rows=1 width=4) (actual time=0.055..0.066 rows=1 loops=1)
               Filter: (id = 8)
               Rows Removed by Filter: 112
               Buffers: shared hit=1
         ->  Nested Loop  (cost=14217.36..701838.15 rows=104 width=4) (actual time=39.738..25717.588 rows=5722 loops=1)
               Buffers: shared hit=2162262 read=327212
               ->  Seq Scan on info_type it1  (cost=0.00..2.41 rows=1 width=4) (actual time=0.012..0.026 rows=1 loops=1)
                     Filter: (id = 3)
                     Rows Removed by Filter: 112
                     Buffers: shared hit=1
               ->  Nested Loop  (cost=14217.36..701834.70 rows=104 width=8) (actual time=39.722..25715.909 rows=5722 loops=1)
                     Buffers: shared hit=2162261 read=327212
                     ->  Hash Join  (cost=14216.93..700793.24 rows=449 width=12) (actual time=39.670..23075.900 rows=66903 loops=1)
                           Hash Cond: (ci.role_id = rt.id)
                           Buffers: shared hit=1918575 read=303286
                           ->  Nested Loop  (cost=14215.75..700782.49 rows=2695 width=16) (actual time=38.967..22856.044 rows=1045511 loops=1)
                                 Buffers: shared hit=1918574 read=303286
                                 ->  Nested Loop  (cost=14215.31..692574.57 rows=188 width=20) (actual time=38.934..10773.259 rows=49287 loops=1)
                                       Buffers: shared hit=936184 read=118370
                                       ->  Hash Join  (cost=14214.84..464030.83 rows=5397 width=12) (actual time=38.462..4036.561 rows=72979 loops=1)
                                             Hash Cond: (t.kind_id = kt.id)
                                             Buffers: shared hit=316691 read=33103
                                             ->  Nested Loop  (cost=14213.64..464003.09 rows=6297 width=16) (actual time=38.417..4000.582 rows=72979 loops=1)
                                                   Buffers: shared hit=316690 read=33103
                                                   ->  Bitmap Heap Scan on movie_info mi2  (cost=14213.20..416921.68 rows=6739 width=8) (actual time=38.377..672.008 rows=86009 loops=1)
                                                         Recheck Cond: (info_type_id = 8)
                                                         Filter: ((info)::text = ANY ('{France,Latvia,Netherlands,Peru,Turkey,"United Arab Emirates"}'::text[]))
                                                         Rows Removed by Filter: 1239352
                                                         Heap Blocks: exact=7853
                                                         Buffers: shared hit=202 read=8691
                                                         ->  Bitmap Index Scan on info_type_id_movie_info  (cost=0.00..14211.52 rows=1329478 width=0) (actual time=37.357..37.358 rows=1325361 loops=1)
                                                               Index Cond: (info_type_id = 8)
                                                               Buffers: shared hit=1 read=1039
                                                   ->  Memoize  (cost=0.44..7.03 rows=1 width=8) (actual time=0.038..0.038 rows=1 loops=86009)
                                                         Cache Key: mi2.movie_id
                                                         Cache Mode: logical
                                                         Hits: 784  Misses: 85225  Evictions: 2857  Overflows: 0  Memory Usage: 8193kB
                                                         Buffers: shared hit=316488 read=24412
                                                         ->  Index Scan using title_pkey on title t  (cost=0.43..7.02 rows=1 width=8) (actual time=0.037..0.037 rows=1 loops=85225)
                                                               Index Cond: (id = mi2.movie_id)
                                                               Filter: ((production_year <= 2015) AND (production_year >= 1925))
                                                               Rows Removed by Filter: 0
                                                               Buffers: shared hit=316488 read=24412
                                             ->  Hash  (cost=1.12..1.12 rows=6 width=4) (actual time=0.021..0.022 rows=6 loops=1)
                                                   Buckets: 1024  Batches: 1  Memory Usage: 9kB
                                                   Buffers: shared hit=1
                                                   ->  Seq Scan on kind_type kt  (cost=0.00..1.12 rows=6 width=4) (actual time=0.009..0.011 rows=6 loops=1)
                                                         Filter: ((kind)::text = ANY ('{episode,movie,"tv movie","tv series","video game","video movie"}'::text[]))
                                                         Rows Removed by Filter: 1
                                                         Buffers: shared hit=1
                                       ->  Index Scan using movie_id_movie_info on movie_info mi1  (cost=0.47..42.34 rows=1 width=8) (actual time=0.091..0.092 rows=1 loops=72979)
                                             Index Cond: (movie_id = t.id)
                                             Filter: ((info_type_id = 3) AND ((info)::text = ANY ('{Action,Adventure,Animation,Crime,Drama,Fantasy,Game-Show,Musical,News,Reality-TV,Romance,Sci-Fi,Short,Talk-Show}'::text[])))
                                             Rows Removed by Filter: 11
                                             Buffers: shared hit=619493 read=85267
                                 ->  Index Scan using movie_id_cast_info on cast_info ci  (cost=0.44..43.28 rows=38 width=12) (actual time=0.038..0.238 rows=21 loops=49287)
                                       Index Cond: (movie_id = t.id)
                                       Buffers: shared hit=982390 read=184916
                           ->  Hash  (cost=1.15..1.15 rows=2 width=4) (actual time=0.019..0.020 rows=2 loops=1)
                                 Buckets: 1024  Batches: 1  Memory Usage: 9kB
                                 Buffers: shared hit=1
                                 ->  Seq Scan on role_type rt  (cost=0.00..1.15 rows=2 width=4) (actual time=0.012..0.013 rows=2 loops=1)
                                       Filter: ((role)::text = ANY ('{"costume designer",director}'::text[]))
                                       Rows Removed by Filter: 10
                                       Buffers: shared hit=1
                     ->  Index Scan using name_pkey on name n  (cost=0.43..2.32 rows=1 width=4) (actual time=0.039..0.039 rows=0 loops=66903)
                           Index Cond: (id = ci.person_id)
                           Filter: ((gender)::text = 'f'::text)
                           Rows Removed by Filter: 1
                           Buffers: shared hit=243686 read=23926
 Planning:
   Buffers: shared hit=576 read=1
 Planning Time: 14.267 ms
 Execution Time: 25724.371 ms
(78 rows)

