                                                                                                                                                                                                                                                                                                                                                                                       QUERY PLAN                                                                                                                                                                                                                                                                                                                                                                                        
-----------------------------------------------------------------------------------------------------------------------------------------------------------------------------------------------------------------------------------------------------------------------------------------------------------------------------------------------------------------------------------------------------------------------------------------------------------------------------------------------------------------------------------------------------------------------------------------------------------------------------------------------------------------------------------------------------------------------------------------------------------------------------------------
 Aggregate  (cost=402484.73..402484.74 rows=1 width=8) (actual time=4161.543..4161.550 rows=1 loops=1)
   Buffers: shared hit=348991 read=79983
   ->  Nested Loop  (cost=7082.32..402484.72 rows=5 width=0) (actual time=95.663..4160.840 rows=3859 loops=1)
         Buffers: shared hit=348991 read=79983
         ->  Hash Join  (cost=7081.89..402459.21 rows=11 width=4) (actual time=95.600..3896.310 rows=7809 loops=1)
               Hash Cond: (ci.role_id = rt.id)
               Buffers: shared hit=321532 read=76206
               ->  Nested Loop  (cost=7080.69..402457.85 rows=43 width=8) (actual time=95.076..3886.246 rows=59147 loops=1)
                     Buffers: shared hit=321531 read=76206
                     ->  Nested Loop  (cost=7080.25..402323.28 rows=3 width=12) (actual time=95.013..3290.768 rows=1583 loops=1)
                           Buffers: shared hit=273386 read=61733
                           ->  Seq Scan on info_type it2  (cost=0.00..2.41 rows=1 width=4) (actual time=0.026..0.037 rows=1 loops=1)
                                 Filter: (id = 8)
                                 Rows Removed by Filter: 112
                                 Buffers: shared hit=1
                           ->  Nested Loop  (cost=7080.25..402320.83 rows=3 width=16) (actual time=94.986..3290.370 rows=1583 loops=1)
                                 Buffers: shared hit=273385 read=61733
                                 ->  Seq Scan on info_type it1  (cost=0.00..2.41 rows=1 width=4) (actual time=0.007..0.019 rows=1 loops=1)
                                       Filter: (id = 18)
                                       Rows Removed by Filter: 112
                                       Buffers: shared hit=1
                                 ->  Nested Loop  (cost=7080.25..402318.39 rows=3 width=20) (actual time=94.976..3289.918 rows=1583 loops=1)
                                       Buffers: shared hit=273384 read=61733
                                       ->  Hash Join  (cost=7079.82..393373.37 rows=205 width=12) (actual time=22.774..1502.626 rows=16143 loops=1)
                                             Hash Cond: (t.kind_id = kt.id)
                                             Buffers: shared hit=116163 read=27846
                                             ->  Nested Loop  (cost=7078.64..393370.99 rows=287 width=16) (actual time=22.729..1494.948 rows=16143 loops=1)
                                                   Buffers: shared hit=116162 read=27846
                                                   ->  Bitmap Heap Scan on movie_info mi1  (cost=7078.21..377308.03 rows=2022 width=8) (actual time=20.602..280.637 rows=34129 loops=1)
                                                         Recheck Cond: (info_type_id = 18)
                                                         Filter: ((info)::text = ANY ('{"CBS Studio Center - 4024 Radford Avenue, Studio City, Los Angeles, California, USA","Desilu Studios - 9336 W. Washington Blvd., Culver City, California, USA","Hal Roach Studios - 8822 Washington Blvd., Culver City, California, USA","Iverson Ranch - 1 Iverson Lane, Chatsworth, Los Angeles, California, USA","Madrid, Spain",Mexico,"Paris, France",Philippines,"Pinewood Studios, Iver Heath, Buckinghamshire, England, UK","Republic Studios - 4024 Radford Avenue, North Hollywood, Los Angeles, California, USA","Shepperton Studios, Shepperton, Surrey, England, UK","Stage 9, 20th Century Fox Studios - 10201 Pico Blvd., Century City, Los Angeles, California, USA"}'::text[]))
                                                         Rows Removed by Filter: 626794
                                                         Heap Blocks: exact=6972
                                                         Buffers: shared hit=590 read=6902
                                                         ->  Bitmap Index Scan on info_type_id_movie_info  (cost=0.00..7077.68 rows=662032 width=0) (actual time=19.712..19.712 rows=660923 loops=1)
                                                               Index Cond: (info_type_id = 18)
                                                               Buffers: shared read=520
                                                   ->  Index Scan using title_pkey on title t  (cost=0.43..7.94 rows=1 width=8) (actual time=0.035..0.035 rows=0 loops=34129)
                                                         Index Cond: (id = mi1.movie_id)
                                                         Filter: ((production_year <= 1975) AND (production_year >= 1925))
                                                         Rows Removed by Filter: 1
                                                         Buffers: shared hit=115572 read=20944
                                             ->  Hash  (cost=1.11..1.11 rows=5 width=4) (actual time=0.016..0.017 rows=5 loops=1)
                                                   Buckets: 1024  Batches: 1  Memory Usage: 9kB
                                                   Buffers: shared hit=1
                                                   ->  Seq Scan on kind_type kt  (cost=0.00..1.11 rows=5 width=4) (actual time=0.006..0.008 rows=5 loops=1)
                                                         Filter: ((kind)::text = ANY ('{episode,movie,"tv movie","tv series","video game"}'::text[]))
                                                         Rows Removed by Filter: 2
                                                         Buffers: shared hit=1
                                       ->  Index Scan using movie_id_movie_info on movie_info mi2  (cost=0.43..43.62 rows=1 width=8) (actual time=0.109..0.110 rows=0 loops=16143)
                                             Index Cond: (movie_id = t.id)
                                             Filter: ((info_type_id = 8) AND ((info)::text = ANY ('{Argentina,Austria,Czechoslovakia,Finland,France,Germany,India,Italy,Poland,Portugal,"Soviet Union",Sweden,UK,"West Germany"}'::text[])))
                                             Rows Removed by Filter: 16
                                             Buffers: shared hit=157221 read=33887
                     ->  Index Scan using movie_id_cast_info on cast_info ci  (cost=0.44..44.48 rows=38 width=12) (actual time=0.035..0.368 rows=37 loops=1583)
                           Index Cond: (movie_id = t.id)
                           Buffers: shared hit=48145 read=14473
               ->  Hash  (cost=1.17..1.17 rows=3 width=4) (actual time=0.032..0.033 rows=3 loops=1)
                     Buckets: 1024  Batches: 1  Memory Usage: 9kB
                     Buffers: shared hit=1
                     ->  Seq Scan on role_type rt  (cost=0.00..1.17 rows=3 width=4) (actual time=0.023..0.025 rows=3 loops=1)
                           Filter: ((role)::text = ANY ('{composer,editor,writer}'::text[]))
                           Rows Removed by Filter: 9
                           Buffers: shared hit=1
         ->  Index Scan using name_pkey on name n  (cost=0.43..2.32 rows=1 width=4) (actual time=0.033..0.033 rows=0 loops=7809)
               Index Cond: (id = ci.person_id)
               Filter: ((gender)::text = 'm'::text)
               Rows Removed by Filter: 1
               Buffers: shared hit=27459 read=3777
 Planning:
   Buffers: shared hit=485 read=92
 Planning Time: 15.085 ms
 Execution Time: 4162.071 ms
(73 rows)

