                                                                                                      QUERY PLAN                                                                                                      
----------------------------------------------------------------------------------------------------------------------------------------------------------------------------------------------------------------------
 Aggregate  (cost=385155.09..385155.10 rows=1 width=8) (actual time=6504.903..6504.910 rows=1 loops=1)
   Buffers: shared hit=523314 read=147822
   ->  Nested Loop  (cost=4697.71..385155.08 rows=1 width=0) (actual time=63.256..6504.255 rows=1827 loops=1)
         Buffers: shared hit=523314 read=147822
         ->  Hash Join  (cost=4697.28..385145.82 rows=4 width=4) (actual time=49.640..6359.578 rows=4013 loops=1)
               Hash Cond: (ci.role_id = rt.id)
               Buffers: shared hit=509669 read=145415
               ->  Nested Loop  (cost=4696.07..385144.56 rows=14 width=8) (actual time=49.591..6343.451 rows=95016 loops=1)
                     Buffers: shared hit=509668 read=145415
                     ->  Nested Loop  (cost=4695.63..385100.01 rows=1 width=12) (actual time=49.541..5344.936 rows=2519 loops=1)
                           Buffers: shared hit=436418 read=117954
                           ->  Nested Loop  (cost=4695.63..385097.59 rows=1 width=16) (actual time=49.529..5297.787 rows=2519 loops=1)
                                 Buffers: shared hit=433899 read=117954
                                 ->  Nested Loop  (cost=4695.63..385095.17 rows=1 width=20) (actual time=49.505..5241.878 rows=2519 loops=1)
                                       Buffers: shared hit=431381 read=117953
                                       ->  Hash Join  (cost=4695.20..380665.34 rows=102 width=12) (actual time=18.309..2253.451 rows=18589 loops=1)
                                             Hash Cond: (t.kind_id = kt.id)
                                             Buffers: shared hit=193842 read=43063
                                             ->  Nested Loop  (cost=4694.02..380663.56 rows=143 width=16) (actual time=18.272..2243.964 rows=20978 loops=1)
                                                   Buffers: shared hit=193841 read=43063
                                                   ->  Bitmap Heap Scan on movie_info mi1  (cost=4693.59..374133.18 rows=792 width=8) (actual time=18.230..387.631 rows=54333 loops=1)
                                                         Recheck Cond: (info_type_id = 5)
                                                         Filter: ((info)::text = ANY ('{Argentina:13,Argentina:18,Australia:G,Iceland:L,India:U,Italy:VM18,Netherlands:AL,Spain:18,Sweden:11,USA:Approved}'::text[]))
                                                         Rows Removed by Filter: 432221
                                                         Heap Blocks: exact=19164
                                                         Buffers: shared hit=1216 read=18356
                                                         ->  Bitmap Index Scan on info_type_id_movie_info  (cost=0.00..4693.37 rows=439058 width=0) (actual time=15.602..15.603 rows=486554 loops=1)
                                                               Index Cond: (info_type_id = 5)
                                                               Buffers: shared read=408
                                                   ->  Index Scan using title_pkey on title t  (cost=0.43..8.25 rows=1 width=8) (actual time=0.034..0.034 rows=0 loops=54333)
                                                         Index Cond: (id = mi1.movie_id)
                                                         Filter: ((production_year <= 1975) AND (production_year >= 1875))
                                                         Rows Removed by Filter: 1
                                                         Buffers: shared hit=192625 read=24707
                                             ->  Hash  (cost=1.11..1.11 rows=5 width=4) (actual time=0.017..0.018 rows=5 loops=1)
                                                   Buckets: 1024  Batches: 1  Memory Usage: 9kB
                                                   Buffers: shared hit=1
                                                   ->  Seq Scan on kind_type kt  (cost=0.00..1.11 rows=5 width=4) (actual time=0.007..0.009 rows=5 loops=1)
                                                         Filter: ((kind)::text = ANY ('{movie,"tv movie","tv series","video game","video movie"}'::text[]))
                                                         Rows Removed by Filter: 2
                                                         Buffers: shared hit=1
                                       ->  Index Scan using movie_id_movie_info on movie_info mi2  (cost=0.43..43.42 rows=1 width=8) (actual time=0.145..0.160 rows=0 loops=18589)
                                             Index Cond: (movie_id = t.id)
                                             Filter: ((info_type_id = 1) AND ((info)::text = ANY ('{100,105,113,114,116,7,72,74,75,76,77,81,82,86}'::text[])))
                                             Rows Removed by Filter: 42
                                             Buffers: shared hit=237539 read=74890
                                 ->  Seq Scan on info_type it1  (cost=0.00..2.41 rows=1 width=4) (actual time=0.012..0.020 rows=1 loops=2519)
                                       Filter: (id = 5)
                                       Rows Removed by Filter: 112
                                       Buffers: shared hit=2518 read=1
                           ->  Seq Scan on info_type it2  (cost=0.00..2.41 rows=1 width=4) (actual time=0.008..0.017 rows=1 loops=2519)
                                 Filter: (id = 1)
                                 Rows Removed by Filter: 112
                                 Buffers: shared hit=2519
                     ->  Index Scan using movie_id_cast_info on cast_info ci  (cost=0.44..44.17 rows=38 width=12) (actual time=0.037..0.387 rows=38 loops=2519)
                           Index Cond: (movie_id = t.id)
                           Buffers: shared hit=73250 read=27461
               ->  Hash  (cost=1.17..1.17 rows=3 width=4) (actual time=0.028..0.029 rows=3 loops=1)
                     Buckets: 1024  Batches: 1  Memory Usage: 9kB
                     Buffers: shared hit=1
                     ->  Seq Scan on role_type rt  (cost=0.00..1.17 rows=3 width=4) (actual time=0.021..0.023 rows=3 loops=1)
                           Filter: ((role)::text = ANY ('{guest,producer,"production designer"}'::text[]))
                           Rows Removed by Filter: 9
                           Buffers: shared hit=1
         ->  Index Scan using name_pkey on name n  (cost=0.43..2.32 rows=1 width=4) (actual time=0.035..0.035 rows=0 loops=4013)
               Index Cond: (id = ci.person_id)
               Filter: (gender IS NULL)
               Rows Removed by Filter: 1
               Buffers: shared hit=13645 read=2407
 Planning:
   Buffers: shared hit=488 read=89
 Planning Time: 11.064 ms
 Execution Time: 6505.456 ms
(73 rows)

