                                                                                                      QUERY PLAN                                                                                                       
-----------------------------------------------------------------------------------------------------------------------------------------------------------------------------------------------------------------------
 Aggregate  (cost=351066.48..351066.49 rows=1 width=8) (actual time=1151.358..1151.365 rows=1 loops=1)
   Buffers: shared hit=82890 read=35196
   ->  Nested Loop  (cost=1357.25..351066.48 rows=1 width=0) (actual time=30.738..1151.135 rows=1022 loops=1)
         Buffers: shared hit=82890 read=35196
         ->  Hash Join  (cost=1356.82..351061.84 rows=2 width=4) (actual time=8.795..1059.119 rows=2687 loops=1)
               Hash Cond: (ci.role_id = rt.id)
               Buffers: shared hit=75369 read=31969
               ->  Nested Loop  (cost=1355.65..351060.61 rows=14 width=8) (actual time=8.710..1055.718 rows=23534 loops=1)
                     Buffers: shared hit=75368 read=31969
                     ->  Nested Loop  (cost=1355.21..351016.96 rows=1 width=12) (actual time=8.672..758.454 rows=1843 loops=1)
                           Buffers: shared hit=62132 read=16913
                           ->  Nested Loop  (cost=1355.21..351014.53 rows=1 width=16) (actual time=8.666..730.660 rows=1843 loops=1)
                                 Buffers: shared hit=60289 read=16913
                                 ->  Nested Loop  (cost=1355.21..351012.11 rows=1 width=20) (actual time=8.644..703.041 rows=1843 loops=1)
                                       Buffers: shared hit=58446 read=16913
                                       ->  Hash Join  (cost=1354.77..350584.38 rows=10 width=12) (actual time=7.888..421.429 rows=2579 loops=1)
                                             Hash Cond: (t.kind_id = kt.id)
                                             Buffers: shared hit=38998 read=7056
                                             ->  Nested Loop  (cost=1353.62..350583.15 rows=18 width=16) (actual time=6.562..419.287 rows=10221 loops=1)
                                                   Buffers: shared hit=38997 read=7056
                                                   ->  Bitmap Heap Scan on movie_info mi1  (cost=1353.19..350422.55 rows=19 width=8) (actual time=6.505..105.514 rows=10245 loops=1)
                                                         Recheck Cond: (info_type_id = 105)
                                                         Filter: ((info)::text = ANY ('{"$10,000",$150,$200,"$25,000","$40,000","$7,000"}'::text[]))
                                                         Rows Removed by Filter: 111618
                                                         Heap Blocks: exact=4974
                                                         Buffers: shared hit=810 read=4263
                                                         ->  Bitmap Index Scan on info_type_id_movie_info  (cost=0.00..1353.18 rows=126500 width=0) (actual time=5.189..5.190 rows=121863 loops=1)
                                                               Index Cond: (info_type_id = 105)
                                                               Buffers: shared read=99
                                                   ->  Index Scan using title_pkey on title t  (cost=0.43..8.45 rows=1 width=8) (actual time=0.030..0.030 rows=1 loops=10245)
                                                         Index Cond: (id = mi1.movie_id)
                                                         Filter: ((production_year <= 2015) AND (production_year >= 1925))
                                                         Rows Removed by Filter: 0
                                                         Buffers: shared hit=38187 read=2793
                                             ->  Hash  (cost=1.10..1.10 rows=4 width=4) (actual time=0.019..0.021 rows=4 loops=1)
                                                   Buckets: 1024  Batches: 1  Memory Usage: 9kB
                                                   Buffers: shared hit=1
                                                   ->  Seq Scan on kind_type kt  (cost=0.00..1.10 rows=4 width=4) (actual time=0.011..0.012 rows=4 loops=1)
                                                         Filter: ((kind)::text = ANY ('{episode,"tv movie","tv series","video movie"}'::text[]))
                                                         Rows Removed by Filter: 3
                                                         Buffers: shared hit=1
                                       ->  Index Scan using movie_id_movie_info on movie_info mi2  (cost=0.43..42.76 rows=1 width=8) (actual time=0.107..0.109 rows=1 loops=2579)
                                             Index Cond: (movie_id = t.id)
                                             Filter: ((info_type_id = 3) AND ((info)::text = ANY ('{Action,Animation,Biography,Comedy,Crime,Documentary,Family,Horror,Romance,Sport,Talk-Show,War,Western}'::text[])))
                                             Rows Removed by Filter: 9
                                             Buffers: shared hit=19448 read=9857
                                 ->  Seq Scan on info_type it1  (cost=0.00..2.41 rows=1 width=4) (actual time=0.013..0.014 rows=1 loops=1843)
                                       Filter: (id = 105)
                                       Rows Removed by Filter: 112
                                       Buffers: shared hit=1843
                           ->  Seq Scan on info_type it2  (cost=0.00..2.41 rows=1 width=4) (actual time=0.008..0.014 rows=1 loops=1843)
                                 Filter: (id = 3)
                                 Rows Removed by Filter: 112
                                 Buffers: shared hit=1843
                     ->  Index Scan using movie_id_cast_info on cast_info ci  (cost=0.44..43.28 rows=38 width=12) (actual time=0.038..0.158 rows=13 loops=1843)
                           Index Cond: (movie_id = t.id)
                           Buffers: shared hit=13236 read=15056
               ->  Hash  (cost=1.15..1.15 rows=2 width=4) (actual time=0.037..0.037 rows=2 loops=1)
                     Buckets: 1024  Batches: 1  Memory Usage: 9kB
                     Buffers: shared hit=1
                     ->  Seq Scan on role_type rt  (cost=0.00..1.15 rows=2 width=4) (actual time=0.026..0.028 rows=2 loops=1)
                           Filter: ((role)::text = ANY ('{editor,"miscellaneous crew"}'::text[]))
                           Rows Removed by Filter: 10
                           Buffers: shared hit=1
         ->  Index Scan using name_pkey on name n  (cost=0.43..2.32 rows=1 width=4) (actual time=0.034..0.034 rows=0 loops=2687)
               Index Cond: (id = ci.person_id)
               Filter: ((gender)::text = 'm'::text)
               Rows Removed by Filter: 1
               Buffers: shared hit=7521 read=3227
 Planning:
   Buffers: shared hit=504 read=70
 Planning Time: 13.854 ms
 Execution Time: 1151.884 ms
(73 rows)

