                                                                                                            QUERY PLAN                                                                                                            
----------------------------------------------------------------------------------------------------------------------------------------------------------------------------------------------------------------------------------
 Aggregate  (cost=469034.94..469034.95 rows=1 width=8) (actual time=38890.061..38890.070 rows=1 loops=1)
   Buffers: shared hit=3681332 read=342569
   ->  Nested Loop  (cost=5096.72..469034.79 rows=60 width=0) (actual time=21.904..38877.824 rows=60310 loops=1)
         Buffers: shared hit=3681332 read=342569
         ->  Hash Join  (cost=5096.29..468812.12 rows=96 width=4) (actual time=21.858..36461.396 rows=62937 loops=1)
               Hash Cond: (ci.role_id = rt.id)
               Buffers: shared hit=3457105 read=315048
               ->  Nested Loop  (cost=5095.06..468809.87 rows=287 width=8) (actual time=17.507..36316.968 rows=695915 loops=1)
                     Buffers: shared hit=3457104 read=315048
                     ->  Nested Loop  (cost=5094.62..467918.78 rows=20 width=12) (actual time=17.479..28279.381 rows=34829 loops=1)
                           Buffers: shared hit=2810436 read=173285
                           ->  Seq Scan on info_type it2  (cost=0.00..2.41 rows=1 width=4) (actual time=0.046..0.057 rows=1 loops=1)
                                 Filter: (id = 8)
                                 Rows Removed by Filter: 112
                                 Buffers: shared hit=1
                           ->  Nested Loop  (cost=5094.62..467916.17 rows=20 width=16) (actual time=17.431..28269.767 rows=34829 loops=1)
                                 Buffers: shared hit=2810435 read=173285
                                 ->  Seq Scan on info_type it1  (cost=0.00..2.41 rows=1 width=4) (actual time=0.022..0.034 rows=1 loops=1)
                                       Filter: (id = 6)
                                       Rows Removed by Filter: 112
                                       Buffers: shared hit=1
                                 ->  Nested Loop  (cost=5094.62..467913.55 rows=20 width=20) (actual time=17.404..28259.188 rows=34829 loops=1)
                                       Buffers: shared hit=2810434 read=173285
                                       ->  Hash Join  (cost=5094.19..405839.01 rows=1431 width=12) (actual time=16.029..11180.477 rows=160101 loops=1)
                                             Hash Cond: (t.kind_id = kt.id)
                                             Buffers: shared hit=1107566 read=44231
                                             ->  Nested Loop  (cost=5092.99..405830.77 rows=1670 width=16) (actual time=15.975..11099.280 rows=160101 loops=1)
                                                   Buffers: shared hit=1107565 read=44231
                                                   ->  Bitmap Heap Scan on movie_info mi1  (cost=5092.55..344981.91 rows=9234 width=8) (actual time=15.437..271.554 rows=288689 loops=1)
                                                         Recheck Cond: (info_type_id = 6)
                                                         Filter: ((info)::text = ANY ('{Mono,Stereo}'::text[]))
                                                         Rows Removed by Filter: 185754
                                                         Heap Blocks: exact=3206
                                                         Buffers: shared hit=88 read=3492
                                                         ->  Bitmap Index Scan on info_type_id_movie_info  (cost=0.00..5090.24 rows=475974 width=0) (actual time=15.088..15.089 rows=474443 loops=1)
                                                               Index Cond: (info_type_id = 6)
                                                               Buffers: shared hit=1 read=373
                                                   ->  Memoize  (cost=0.44..6.66 rows=1 width=8) (actual time=0.037..0.037 rows=1 loops=288689)
                                                         Cache Key: mi1.movie_id
                                                         Cache Mode: logical
                                                         Hits: 1635  Misses: 287054  Evictions: 193977  Overflows: 0  Memory Usage: 8193kB
                                                         Buffers: shared hit=1107477 read=40739
                                                         ->  Index Scan using title_pkey on title t  (cost=0.43..6.65 rows=1 width=8) (actual time=0.036..0.036 rows=1 loops=287054)
                                                               Index Cond: (id = mi1.movie_id)
                                                               Filter: ((production_year <= 1975) AND (production_year >= 1875))
                                                               Rows Removed by Filter: 0
                                                               Buffers: shared hit=1107477 read=40739
                                             ->  Hash  (cost=1.12..1.12 rows=6 width=4) (actual time=0.024..0.026 rows=6 loops=1)
                                                   Buckets: 1024  Batches: 1  Memory Usage: 9kB
                                                   Buffers: shared hit=1
                                                   ->  Seq Scan on kind_type kt  (cost=0.00..1.12 rows=6 width=4) (actual time=0.012..0.018 rows=6 loops=1)
                                                         Filter: ((kind)::text = ANY ('{episode,movie,"tv movie","tv series","video game","video movie"}'::text[]))
                                                         Rows Removed by Filter: 1
                                                         Buffers: shared hit=1
                                       ->  Index Scan using movie_id_movie_info on movie_info mi2  (cost=0.43..43.37 rows=1 width=8) (actual time=0.104..0.106 rows=0 loops=160101)
                                             Index Cond: (movie_id = t.id)
                                             Filter: ((info_type_id = 8) AND ((info)::text = ANY ('{Australia,Belgium,Czechoslovakia,Denmark,France,Germany,"Hong Kong",India,Japan,Netherlands,Poland,UK,Yugoslavia}'::text[])))
                                             Rows Removed by Filter: 14
                                             Buffers: shared hit=1702868 read=129054
                     ->  Index Scan using movie_id_cast_info on cast_info ci  (cost=0.44..44.17 rows=38 width=12) (actual time=0.038..0.225 rows=20 loops=34829)
                           Index Cond: (movie_id = t.id)
                           Buffers: shared hit=646668 read=141763
               ->  Hash  (cost=1.18..1.18 rows=4 width=4) (actual time=0.056..0.057 rows=4 loops=1)
                     Buckets: 1024  Batches: 1  Memory Usage: 9kB
                     Buffers: shared hit=1
                     ->  Seq Scan on role_type rt  (cost=0.00..1.18 rows=4 width=4) (actual time=0.037..0.046 rows=4 loops=1)
                           Filter: ((role)::text = ANY ('{guest,"miscellaneous crew",producer,"production designer"}'::text[]))
                           Rows Removed by Filter: 8
                           Buffers: shared hit=1
         ->  Index Scan using name_pkey on name n  (cost=0.43..2.32 rows=1 width=4) (actual time=0.038..0.038 rows=1 loops=62937)
               Index Cond: (id = ci.person_id)
               Filter: (((gender)::text = 'm'::text) OR (gender IS NULL))
               Rows Removed by Filter: 0
               Buffers: shared hit=224227 read=27521
 Planning:
   Buffers: shared hit=574
 Planning Time: 12.756 ms
 Execution Time: 38892.757 ms
(78 rows)

