                                                                                             QUERY PLAN                                                                                              
-----------------------------------------------------------------------------------------------------------------------------------------------------------------------------------------------------
 Aggregate  (cost=392733.80..392733.81 rows=1 width=8) (actual time=3753.427..3753.435 rows=1 loops=1)
   Buffers: shared hit=337332 read=49930
   ->  Nested Loop  (cost=5094.94..392733.79 rows=1 width=0) (actual time=1509.102..3753.211 rows=387 loops=1)
         Buffers: shared hit=337332 read=49930
         ->  Hash Join  (cost=5094.51..392731.47 rows=1 width=4) (actual time=1509.052..3735.148 rows=387 loops=1)
               Hash Cond: (ci.role_id = rt.id)
               Buffers: shared hit=336102 read=49612
               ->  Nested Loop  (cost=5093.34..392730.26 rows=14 width=8) (actual time=1508.308..3730.370 rows=28832 loops=1)
                     Buffers: shared hit=336101 read=49612
                     ->  Nested Loop  (cost=5092.90..392685.71 rows=1 width=12) (actual time=1508.255..3430.958 rows=324 loops=1)
                           Buffers: shared hit=315519 read=41297
                           ->  Nested Loop  (cost=5092.90..392683.29 rows=1 width=16) (actual time=1508.246..3424.064 rows=324 loops=1)
                                 Buffers: shared hit=315195 read=41297
                                 ->  Nested Loop  (cost=5092.90..392680.86 rows=1 width=20) (actual time=1508.219..3417.727 rows=324 loops=1)
                                       Buffers: shared hit=314871 read=41297
                                       ->  Hash Join  (cost=5092.47..379059.87 rows=317 width=12) (actual time=44.562..3148.224 rows=1292 loops=1)
                                             Hash Cond: (t.kind_id = kt.id)
                                             Buffers: shared hit=301039 read=33502
                                             ->  Nested Loop  (cost=5091.29..379056.83 rows=443 width=16) (actual time=44.529..3147.132 rows=1327 loops=1)
                                                   Buffers: shared hit=301038 read=33502
                                                   ->  Bitmap Heap Scan on movie_info mi2  (cost=5090.85..359820.74 rows=2452 width=8) (actual time=14.410..206.653 rows=83317 loops=1)
                                                         Recheck Cond: (info_type_id = 6)
                                                         Filter: ((info)::text = ANY ('{"4-Track Stereo","70 mm 6-Track",Stereo}'::text[]))
                                                         Rows Removed by Filter: 391126
                                                         Heap Blocks: exact=3206
                                                         Buffers: shared hit=66 read=3514
                                                         ->  Bitmap Index Scan on info_type_id_movie_info  (cost=0.00..5090.24 rows=475974 width=0) (actual time=14.032..14.032 rows=474443 loops=1)
                                                               Index Cond: (info_type_id = 6)
                                                               Buffers: shared read=374
                                                   ->  Memoize  (cost=0.44..7.86 rows=1 width=8) (actual time=0.035..0.035 rows=0 loops=83317)
                                                         Cache Key: mi2.movie_id
                                                         Cache Mode: logical
                                                         Hits: 577  Misses: 82740  Evictions: 0  Overflows: 0  Memory Usage: 5544kB
                                                         Buffers: shared hit=300972 read=29988
                                                         ->  Index Scan using title_pkey on title t  (cost=0.43..7.85 rows=1 width=8) (actual time=0.034..0.034 rows=0 loops=82740)
                                                               Index Cond: (id = mi2.movie_id)
                                                               Filter: ((production_year <= 1975) AND (production_year >= 1875))
                                                               Rows Removed by Filter: 1
                                                               Buffers: shared hit=300972 read=29988
                                             ->  Hash  (cost=1.11..1.11 rows=5 width=4) (actual time=0.012..0.013 rows=5 loops=1)
                                                   Buckets: 1024  Batches: 1  Memory Usage: 9kB
                                                   Buffers: shared hit=1
                                                   ->  Seq Scan on kind_type kt  (cost=0.00..1.11 rows=5 width=4) (actual time=0.007..0.009 rows=5 loops=1)
                                                         Filter: ((kind)::text = ANY ('{episode,movie,"tv series","video game","video movie"}'::text[]))
                                                         Rows Removed by Filter: 2
                                                         Buffers: shared hit=1
                                       ->  Index Scan using movie_id_movie_info on movie_info mi1  (cost=0.43..42.96 rows=1 width=8) (actual time=0.172..0.208 rows=0 loops=1292)
                                             Index Cond: (movie_id = t.id)
                                             Filter: ((info_type_id = 7) AND ((info)::text = ANY ('{"MET:15.24 m","MET:160 m","MET:20 m","MET:300 m","PFM:70 mm"}'::text[])))
                                             Rows Removed by Filter: 61
                                             Buffers: shared hit=13832 read=7795
                                 ->  Seq Scan on info_type it1  (cost=0.00..2.41 rows=1 width=4) (actual time=0.008..0.016 rows=1 loops=324)
                                       Filter: (id = 7)
                                       Rows Removed by Filter: 112
                                       Buffers: shared hit=324
                           ->  Seq Scan on info_type it2  (cost=0.00..2.41 rows=1 width=4) (actual time=0.010..0.019 rows=1 loops=324)
                                 Filter: (id = 6)
                                 Rows Removed by Filter: 112
                                 Buffers: shared hit=324
                     ->  Index Scan using movie_id_cast_info on cast_info ci  (cost=0.44..44.17 rows=38 width=12) (actual time=0.044..0.902 rows=89 loops=324)
                           Index Cond: (movie_id = t.id)
                           Buffers: shared hit=20582 read=8315
               ->  Hash  (cost=1.15..1.15 rows=1 width=4) (actual time=0.028..0.028 rows=1 loops=1)
                     Buckets: 1024  Batches: 1  Memory Usage: 9kB
                     Buffers: shared hit=1
                     ->  Seq Scan on role_type rt  (cost=0.00..1.15 rows=1 width=4) (actual time=0.022..0.023 rows=1 loops=1)
                           Filter: ((role)::text = 'cinematographer'::text)
                           Rows Removed by Filter: 11
                           Buffers: shared hit=1
         ->  Index Scan using name_pkey on name n  (cost=0.43..2.32 rows=1 width=4) (actual time=0.045..0.045 rows=1 loops=387)
               Index Cond: (id = ci.person_id)
               Filter: (((gender)::text = 'm'::text) OR (gender IS NULL))
               Buffers: shared hit=1230 read=318
 Planning:
   Buffers: shared hit=483 read=91
 Planning Time: 12.869 ms
 Execution Time: 3755.082 ms
(77 rows)

