                                                                                            QUERY PLAN                                                                                            
--------------------------------------------------------------------------------------------------------------------------------------------------------------------------------------------------
 Aggregate  (cost=629305.39..629305.40 rows=1 width=8) (actual time=17722.086..17722.096 rows=1 loops=1)
   Buffers: shared hit=1570737 read=230772, temp read=1794 written=1794
   ->  Nested Loop  (cost=94750.64..629305.24 rows=60 width=0) (actual time=703.586..17702.345 rows=120024 loops=1)
         Buffers: shared hit=1570737 read=230772, temp read=1794 written=1794
         ->  Seq Scan on info_type it2  (cost=0.00..2.41 rows=1 width=4) (actual time=0.035..0.046 rows=1 loops=1)
               Filter: (id = 8)
               Rows Removed by Filter: 112
               Buffers: shared hit=1
         ->  Nested Loop  (cost=94750.64..629302.23 rows=60 width=4) (actual time=703.549..17678.734 rows=120024 loops=1)
               Buffers: shared hit=1570736 read=230772, temp read=1794 written=1794
               ->  Seq Scan on info_type it1  (cost=0.00..2.41 rows=1 width=4) (actual time=0.006..0.019 rows=1 loops=1)
                     Filter: (id = 2)
                     Rows Removed by Filter: 112
                     Buffers: shared hit=1
               ->  Nested Loop  (cost=94750.64..629299.22 rows=60 width=8) (actual time=703.541..17655.137 rows=120024 loops=1)
                     Buffers: shared hit=1570735 read=230772, temp read=1794 written=1794
                     ->  Hash Join  (cost=94750.21..629018.55 rows=121 width=12) (actual time=703.515..13519.752 rows=120027 loops=1)
                           Hash Cond: (ci.role_id = rt.id)
                           Buffers: shared hit=1108757 read=212642, temp read=1794 written=1794
                           ->  Nested Loop  (cost=94749.05..629012.24 rows=1448 width=16) (actual time=703.449..13384.774 rows=610034 loops=1)
                                 Buffers: shared hit=1108756 read=212642, temp read=1794 written=1794
                                 ->  Nested Loop  (cost=94748.61..624512.26 rows=101 width=20) (actual time=703.425..6371.826 rows=50051 loops=1)
                                       Buffers: shared hit=466261 read=104620, temp read=1794 written=1794
                                       ->  Hash Join  (cost=94748.17..528864.24 rows=2234 width=12) (actual time=703.345..1424.541 rows=55841 loops=1)
                                             Hash Cond: (mi2.movie_id = t.id)
                                             Buffers: shared hit=32309 read=12976, temp read=1794 written=1794
                                             ->  Bitmap Heap Scan on movie_info mi2  (cost=14216.92..447038.59 rows=21616 width=8) (actual time=34.691..557.716 rows=221780 loops=1)
                                                   Recheck Cond: (info_type_id = 8)
                                                   Filter: ((info)::text = ANY ('{Czechoslovakia,India,Mexico,Netherlands,Philippines,Portugal,"Soviet Union",UK}'::text[]))
                                                   Rows Removed by Filter: 1103581
                                                   Heap Blocks: exact=7853
                                                   Buffers: shared hit=1312 read=7581
                                                   ->  Bitmap Index Scan on info_type_id_movie_info  (cost=0.00..14211.52 rows=1329478 width=0) (actual time=33.702..33.702 rows=1325361 loops=1)
                                                         Index Cond: (info_type_id = 8)
                                                         Buffers: shared hit=1 read=1039
                                             ->  Hash  (cost=76244.13..76244.13 rows=261290 width=4) (actual time=667.511..667.515 rows=440015 loops=1)
                                                   Buckets: 262144 (originally 262144)  Batches: 4 (originally 2)  Memory Usage: 6145kB
                                                   Buffers: shared hit=30997 read=5395, temp written=966
                                                   ->  Hash Join  (cost=1.16..76244.13 rows=261290 width=4) (actual time=0.053..564.308 rows=440015 loops=1)
                                                         Hash Cond: (t.kind_id = kt.id)
                                                         Buffers: shared hit=30997 read=5395
                                                         ->  Seq Scan on title t  (cost=0.00..74315.95 rows=457258 width=8) (actual time=0.029..477.242 rows=451569 loops=1)
                                                               Filter: ((production_year <= 1975) AND (production_year >= 1875))
                                                               Rows Removed by Filter: 2076743
                                                               Buffers: shared hit=30996 read=5395
                                                         ->  Hash  (cost=1.10..1.10 rows=4 width=4) (actual time=0.018..0.019 rows=4 loops=1)
                                                               Buckets: 1024  Batches: 1  Memory Usage: 9kB
                                                               Buffers: shared hit=1
                                                               ->  Seq Scan on kind_type kt  (cost=0.00..1.10 rows=4 width=4) (actual time=0.008..0.010 rows=4 loops=1)
                                                                     Filter: ((kind)::text = ANY ('{episode,movie,"tv movie","video game"}'::text[]))
                                                                     Rows Removed by Filter: 3
                                                                     Buffers: shared hit=1
                                       ->  Index Scan using movie_id_movie_info on movie_info mi1  (cost=0.43..42.80 rows=1 width=8) (actual time=0.073..0.088 rows=1 loops=55841)
                                             Index Cond: (movie_id = t.id)
                                             Filter: (((info)::text = ANY ('{"Black and White",Color}'::text[])) AND (info_type_id = 2))
                                             Rows Removed by Filter: 9
                                             Buffers: shared hit=433952 read=91644
                                 ->  Index Scan using movie_id_cast_info on cast_info ci  (cost=0.44..44.17 rows=38 width=12) (actual time=0.034..0.136 rows=12 loops=50051)
                                       Index Cond: (movie_id = t.id)
                                       Buffers: shared hit=642495 read=108022
                           ->  Hash  (cost=1.15..1.15 rows=1 width=4) (actual time=0.013..0.013 rows=1 loops=1)
                                 Buckets: 1024  Batches: 1  Memory Usage: 9kB
                                 Buffers: shared hit=1
                                 ->  Seq Scan on role_type rt  (cost=0.00..1.15 rows=1 width=4) (actual time=0.007..0.009 rows=1 loops=1)
                                       Filter: ((role)::text = 'actress'::text)
                                       Rows Removed by Filter: 11
                                       Buffers: shared hit=1
                     ->  Index Scan using name_pkey on name n  (cost=0.43..2.32 rows=1 width=4) (actual time=0.034..0.034 rows=1 loops=120027)
                           Index Cond: (id = ci.person_id)
                           Filter: (((gender)::text = 'f'::text) OR (gender IS NULL))
                           Rows Removed by Filter: 0
                           Buffers: shared hit=461978 read=18130
 Planning:
   Buffers: shared hit=574
 Planning Time: 9.524 ms
 Execution Time: 17722.606 ms
(76 rows)

