                                                                                                               QUERY PLAN                                                                                                                
-----------------------------------------------------------------------------------------------------------------------------------------------------------------------------------------------------------------------------------------
 Aggregate  (cost=363802.17..363802.18 rows=1 width=8) (actual time=2351.897..2351.902 rows=1 loops=1)
   Buffers: shared hit=158539 read=79023
   ->  Nested Loop  (cost=2.17..363802.16 rows=1 width=0) (actual time=3.818..2351.402 rows=2495 loops=1)
         Buffers: shared hit=158539 read=79023
         ->  Nested Loop  (cost=1.74..363792.90 rows=4 width=4) (actual time=1.960..2145.109 rows=5602 loops=1)
               Join Filter: (ci.role_id = rt.id)
               Rows Removed by Join Filter: 168428
               Buffers: shared hit=142989 read=72165
               ->  Nested Loop  (cost=1.74..363791.12 rows=14 width=8) (actual time=1.156..2110.354 rows=61215 loops=1)
                     Buffers: shared hit=142988 read=72165
                     ->  Nested Loop  (cost=1.30..363747.42 rows=1 width=12) (actual time=1.087..1374.457 rows=4315 loops=1)
                           Buffers: shared hit=111365 read=31578
                           ->  Nested Loop  (cost=1.30..363745.00 rows=1 width=16) (actual time=1.070..1310.772 rows=4315 loops=1)
                                 Buffers: shared hit=107050 read=31578
                                 ->  Nested Loop  (cost=1.30..363742.58 rows=1 width=20) (actual time=1.043..1240.434 rows=4315 loops=1)
                                       Buffers: shared hit=102735 read=31578
                                       ->  Nested Loop  (cost=0.86..362936.24 rows=19 width=12) (actual time=0.734..699.498 rows=4935 loops=1)
                                             Join Filter: (t.kind_id = kt.id)
                                             Rows Removed by Join Filter: 56528
                                             Buffers: shared hit=68062 read=10228
                                             ->  Nested Loop  (cost=0.86..362933.27 rows=34 width=16) (actual time=0.711..687.431 rows=17583 loops=1)
                                                   Buffers: shared hit=68061 read=10228
                                                   ->  Index Scan using info_type_id_movie_info on movie_info mi2  (cost=0.43..362578.26 rows=42 width=8) (actual time=0.634..127.491 rows=18304 loops=1)
                                                         Index Cond: (info_type_id = 105)
                                                         Filter: ((info)::text = ANY ('{"$10,000","$100,000","$12,000","$2,000,000","$200,000","$3,000,000","$300,000",$500,"$75,000","$8,000","£5,000","€ 1,000","€ 10,000"}'::text[]))
                                                         Rows Removed by Filter: 103559
                                                         Buffers: shared hit=318 read=4755
                                                   ->  Index Scan using title_pkey on title t  (cost=0.43..8.45 rows=1 width=8) (actual time=0.030..0.030 rows=1 loops=18304)
                                                         Index Cond: (id = mi2.movie_id)
                                                         Filter: ((production_year <= 2015) AND (production_year >= 1975))
                                                         Rows Removed by Filter: 0
                                                         Buffers: shared hit=67743 read=5473
                                             ->  Materialize  (cost=0.00..1.12 rows=4 width=4) (actual time=0.000..0.000 rows=3 loops=17583)
                                                   Buffers: shared hit=1
                                                   ->  Seq Scan on kind_type kt  (cost=0.00..1.10 rows=4 width=4) (actual time=0.014..0.016 rows=4 loops=1)
                                                         Filter: ((kind)::text = ANY ('{episode,"tv movie","tv series","video movie"}'::text[]))
                                                         Rows Removed by Filter: 3
                                                         Buffers: shared hit=1
                                       ->  Index Scan using movie_id_movie_info on movie_info mi1  (cost=0.43..42.43 rows=1 width=8) (actual time=0.100..0.109 rows=1 loops=4935)
                                             Index Cond: (movie_id = t.id)
                                             Filter: ((info_type_id = 8) AND ((info)::text = ANY ('{France,Ireland,Japan,"New Zealand",Norway,USA}'::text[])))
                                             Rows Removed by Filter: 9
                                             Buffers: shared hit=34673 read=21350
                                 ->  Seq Scan on info_type it1  (cost=0.00..2.41 rows=1 width=4) (actual time=0.009..0.015 rows=1 loops=4315)
                                       Filter: (id = 8)
                                       Rows Removed by Filter: 112
                                       Buffers: shared hit=4315
                           ->  Seq Scan on info_type it2  (cost=0.00..2.41 rows=1 width=4) (actual time=0.013..0.013 rows=1 loops=4315)
                                 Filter: (id = 105)
                                 Rows Removed by Filter: 112
                                 Buffers: shared hit=4315
                     ->  Index Scan using movie_id_cast_info on cast_info ci  (cost=0.44..43.32 rows=38 width=12) (actual time=0.035..0.168 rows=14 loops=4315)
                           Index Cond: (movie_id = t.id)
                           Buffers: shared hit=31623 read=40587
               ->  Materialize  (cost=0.00..1.18 rows=3 width=4) (actual time=0.000..0.000 rows=3 loops=61215)
                     Buffers: shared hit=1
                     ->  Seq Scan on role_type rt  (cost=0.00..1.17 rows=3 width=4) (actual time=0.010..0.013 rows=3 loops=1)
                           Filter: ((role)::text = ANY ('{composer,guest,writer}'::text[]))
                           Rows Removed by Filter: 9
                           Buffers: shared hit=1
         ->  Index Scan using name_pkey on name n  (cost=0.43..2.32 rows=1 width=4) (actual time=0.036..0.036 rows=0 loops=5602)
               Index Cond: (id = ci.person_id)
               Filter: (gender IS NULL)
               Rows Removed by Filter: 1
               Buffers: shared hit=15550 read=6858
 Planning:
   Buffers: shared hit=574
 Planning Time: 13.152 ms
 Execution Time: 2352.357 ms
(69 rows)

