                                                                                                                                                          QUERY PLAN                                                                                                                                                          
------------------------------------------------------------------------------------------------------------------------------------------------------------------------------------------------------------------------------------------------------------------------------------------------------------------------------
 Aggregate  (cost=397040.30..397040.31 rows=1 width=8) (actual time=4808.893..4808.900 rows=1 loops=1)
   Buffers: shared hit=409812 read=88173
   ->  Nested Loop  (cost=8155.31..397040.30 rows=2 width=0) (actual time=26.169..4807.410 rows=7776 loops=1)
         Buffers: shared hit=409812 read=88173
         ->  Hash Join  (cost=8154.88..397026.40 rows=6 width=4) (actual time=26.106..4344.283 rows=13656 loops=1)
               Hash Cond: (ci.role_id = rt.id)
               Buffers: shared hit=361683 read=81678
               ->  Nested Loop  (cost=8153.62..397025.09 rows=14 width=8) (actual time=25.938..4322.908 rows=127035 loops=1)
                     Buffers: shared hit=361682 read=81678
                     ->  Nested Loop  (cost=8153.18..396980.54 rows=1 width=12) (actual time=25.909..3000.447 rows=5395 loops=1)
                           Buffers: shared hit=251165 read=51082
                           ->  Nested Loop  (cost=8153.18..396978.11 rows=1 width=16) (actual time=25.904..2901.784 rows=5395 loops=1)
                                 Buffers: shared hit=245770 read=51082
                                 ->  Nested Loop  (cost=8153.18..396975.69 rows=1 width=20) (actual time=25.886..2791.248 rows=5395 loops=1)
                                       Buffers: shared hit=240375 read=51082
                                       ->  Hash Join  (cost=8152.75..390476.61 rows=150 width=12) (actual time=24.888..1739.972 rows=9195 loops=1)
                                             Hash Cond: (t.kind_id = kt.id)
                                             Buffers: shared hit=171551 read=16650
                                             ->  Nested Loop  (cost=8151.59..390474.35 rows=263 width=16) (actual time=24.849..1735.486 rows=9199 loops=1)
                                                   Buffers: shared hit=171550 read=16650
                                                   ->  Bitmap Heap Scan on movie_info mi1  (cost=8151.16..378736.86 rows=1453 width=8) (actual time=24.484..254.422 rows=45644 loops=1)
                                                         Recheck Cond: (info_type_id = 1)
                                                         Filter: ((info)::text = ANY ('{1,11,116,15,22,62,64,74,9,97,France:85,USA:26,USA:74,USA:98}'::text[]))
                                                         Rows Removed by Filter: 756496
                                                         Heap Blocks: exact=4993
                                                         Buffers: shared hit=1579 read=4045
                                                         ->  Bitmap Index Scan on info_type_id_movie_info  (cost=0.00..8150.77 rows=762444 width=0) (actual time=23.792..23.792 rows=802140 loops=1)
                                                               Index Cond: (info_type_id = 1)
                                                               Buffers: shared read=631
                                                   ->  Index Scan using title_pkey on title t  (cost=0.43..8.08 rows=1 width=8) (actual time=0.032..0.032 rows=0 loops=45644)
                                                         Index Cond: (id = mi1.movie_id)
                                                         Filter: ((production_year <= 1975) AND (production_year >= 1875))
                                                         Rows Removed by Filter: 1
                                                         Buffers: shared hit=169971 read=12605
                                             ->  Hash  (cost=1.10..1.10 rows=4 width=4) (actual time=0.016..0.017 rows=4 loops=1)
                                                   Buckets: 1024  Batches: 1  Memory Usage: 9kB
                                                   Buffers: shared hit=1
                                                   ->  Seq Scan on kind_type kt  (cost=0.00..1.10 rows=4 width=4) (actual time=0.008..0.010 rows=4 loops=1)
                                                         Filter: ((kind)::text = ANY ('{episode,movie,"tv movie","tv series"}'::text[]))
                                                         Rows Removed by Filter: 3
                                                         Buffers: shared hit=1
                                       ->  Index Scan using movie_id_movie_info on movie_info mi2  (cost=0.43..43.32 rows=1 width=8) (actual time=0.086..0.114 rows=1 loops=9195)
                                             Index Cond: (movie_id = t.id)
                                             Filter: ((info_type_id = 7) AND ((info)::text = ANY ('{"LAB:Consolidated Film Industries (CFI), Hollywood (CA), USA",LAB:DeLuxe,"LAB:Technicolor, USA",MET:,OFM:Live,OFM:Video,PCS:Kinescope,PCS:Spherical,"PFM:70 mm","RAT:1.20 : 1","RAT:1.37 : 1","RAT:2.35 : 1"}'::text[])))
                                             Rows Removed by Filter: 12
                                             Buffers: shared hit=68824 read=34432
                                 ->  Seq Scan on info_type it1  (cost=0.00..2.41 rows=1 width=4) (actual time=0.011..0.019 rows=1 loops=5395)
                                       Filter: (id = 1)
                                       Rows Removed by Filter: 112
                                       Buffers: shared hit=5395
                           ->  Seq Scan on info_type it2  (cost=0.00..2.41 rows=1 width=4) (actual time=0.009..0.017 rows=1 loops=5395)
                                 Filter: (id = 7)
                                 Rows Removed by Filter: 112
                                 Buffers: shared hit=5395
                     ->  Index Scan using movie_id_cast_info on cast_info ci  (cost=0.44..44.17 rows=38 width=12) (actual time=0.037..0.239 rows=24 loops=5395)
                           Index Cond: (movie_id = t.id)
                           Buffers: shared hit=110517 read=30596
               ->  Hash  (cost=1.20..1.20 rows=5 width=4) (actual time=0.034..0.035 rows=5 loops=1)
                     Buckets: 1024  Batches: 1  Memory Usage: 9kB
                     Buffers: shared hit=1
                     ->  Seq Scan on role_type rt  (cost=0.00..1.20 rows=5 width=4) (actual time=0.026..0.028 rows=5 loops=1)
                           Filter: ((role)::text = ANY ('{"costume designer",director,editor,guest,"miscellaneous crew"}'::text[]))
                           Rows Removed by Filter: 7
                           Buffers: shared hit=1
         ->  Index Scan using name_pkey on name n  (cost=0.43..2.32 rows=1 width=4) (actual time=0.033..0.033 rows=1 loops=13656)
               Index Cond: (id = ci.person_id)
               Filter: (gender IS NULL)
               Rows Removed by Filter: 0
               Buffers: shared hit=48129 read=6495
 Planning:
   Buffers: shared hit=531 read=46
 Planning Time: 14.149 ms
 Execution Time: 4809.445 ms
(73 rows)

