                                                                                            QUERY PLAN                                                                                            
--------------------------------------------------------------------------------------------------------------------------------------------------------------------------------------------------
 Aggregate  (cost=599458.04..599458.05 rows=1 width=8) (actual time=8497.763..8497.773 rows=1 loops=1)
   Buffers: shared hit=728579 read=110109, temp read=1566 written=1566
   ->  Nested Loop  (cost=94261.51..599457.96 rows=31 width=0) (actual time=600.522..8496.454 rows=3850 loops=1)
         Buffers: shared hit=728579 read=110109, temp read=1566 written=1566
         ->  Hash Join  (cost=94261.08..599346.63 rows=48 width=4) (actual time=572.785..8025.394 rows=13165 loops=1)
               Hash Cond: (ci.role_id = rt.id)
               Buffers: shared hit=678076 read=107952, temp read=1566 written=1566
               ->  Nested Loop  (cost=94259.91..599344.43 rows=287 width=8) (actual time=555.439..7966.952 rows=334168 loops=1)
                     Buffers: shared hit=678075 read=107952, temp read=1566 written=1566
                     ->  Nested Loop  (cost=94259.47..598447.30 rows=20 width=12) (actual time=551.132..4510.146 rows=13391 loops=1)
                           Buffers: shared hit=356560 read=61952, temp read=1566 written=1566
                           ->  Seq Scan on info_type it2  (cost=0.00..2.41 rows=1 width=4) (actual time=0.031..0.042 rows=1 loops=1)
                                 Filter: (id = 7)
                                 Rows Removed by Filter: 112
                                 Buffers: shared hit=1
                           ->  Nested Loop  (cost=94259.47..598444.69 rows=20 width=16) (actual time=551.100..4506.773 rows=13391 loops=1)
                                 Buffers: shared hit=356559 read=61952, temp read=1566 written=1566
                                 ->  Seq Scan on info_type it1  (cost=0.00..2.41 rows=1 width=4) (actual time=0.009..0.022 rows=1 loops=1)
                                       Filter: (id = 8)
                                       Rows Removed by Filter: 112
                                       Buffers: shared hit=1
                                 ->  Nested Loop  (cost=94259.47..598442.07 rows=20 width=20) (actual time=551.088..4503.256 rows=13391 loops=1)
                                       Buffers: shared hit=356558 read=61952, temp read=1566 written=1566
                                       ->  Hash Join  (cost=94259.03..528285.95 rows=1625 width=12) (actual time=548.030..1168.065 rows=42320 loops=1)
                                             Hash Cond: (mi1.movie_id = t.id)
                                             Buffers: shared hit=22155 read=23130, temp read=1566 written=1566
                                             ->  Bitmap Heap Scan on movie_info mi1  (cost=14215.52..447037.19 rows=16001 width=8) (actual time=36.753..489.299 rows=209907 loops=1)
                                                   Recheck Cond: (info_type_id = 8)
                                                   Filter: ((info)::text = ANY ('{Canada,France,India,Japan,"South Korea",Taiwan,Turkey,Yugoslavia}'::text[]))
                                                   Rows Removed by Filter: 1115454
                                                   Heap Blocks: exact=7853
                                                   Buffers: shared hit=4038 read=4855
                                                   ->  Bitmap Index Scan on info_type_id_movie_info  (cost=0.00..14211.52 rows=1329478 width=0) (actual time=35.769..35.770 rows=1325361 loops=1)
                                                         Index Cond: (info_type_id = 8)
                                                         Buffers: shared read=1040
                                             ->  Hash  (cost=75831.69..75831.69 rows=256706 width=4) (actual time=509.954..509.958 rows=350330 loops=1)
                                                   Buckets: 262144 (originally 262144)  Batches: 4 (originally 2)  Memory Usage: 6145kB
                                                   Buffers: shared hit=18117 read=18275, temp written=769
                                                   ->  Hash Join  (cost=1.18..75831.69 rows=256706 width=4) (actual time=0.045..443.644 rows=350330 loops=1)
                                                         Hash Cond: (t.kind_id = kt.id)
                                                         Buffers: shared hit=18117 read=18275
                                                         ->  Seq Scan on title t  (cost=0.00..74315.95 rows=359388 width=8) (actual time=0.024..402.215 rows=350375 loops=1)
                                                               Filter: ((production_year <= 1975) AND (production_year >= 1925))
                                                               Rows Removed by Filter: 2177937
                                                               Buffers: shared hit=18116 read=18275
                                                         ->  Hash  (cost=1.11..1.11 rows=5 width=4) (actual time=0.017..0.018 rows=5 loops=1)
                                                               Buckets: 1024  Batches: 1  Memory Usage: 9kB
                                                               Buffers: shared hit=1
                                                               ->  Seq Scan on kind_type kt  (cost=0.00..1.11 rows=5 width=4) (actual time=0.007..0.009 rows=5 loops=1)
                                                                     Filter: ((kind)::text = ANY ('{episode,movie,"tv movie","tv series","video game"}'::text[]))
                                                                     Rows Removed by Filter: 2
                                                                     Buffers: shared hit=1
                                       ->  Index Scan using movie_id_movie_info on movie_info mi2  (cost=0.43..43.16 rows=1 width=8) (actual time=0.065..0.078 rows=0 loops=42320)
                                             Index Cond: (movie_id = t.id)
                                             Filter: ((info_type_id = 7) AND ((info)::text = ANY ('{"OFM:35 mm",PCS:Techniscope,"PFM:16 mm","PFM:70 mm","RAT:2.35 : 1"}'::text[])))
                                             Rows Removed by Filter: 8
                                             Buffers: shared hit=334403 read=38822
                     ->  Index Scan using movie_id_cast_info on cast_info ci  (cost=0.44..44.48 rows=38 width=12) (actual time=0.036..0.251 rows=25 loops=13391)
                           Index Cond: (movie_id = t.id)
                           Buffers: shared hit=321515 read=46000
               ->  Hash  (cost=1.15..1.15 rows=2 width=4) (actual time=0.035..0.036 rows=2 loops=1)
                     Buckets: 1024  Batches: 1  Memory Usage: 9kB
                     Buffers: shared hit=1
                     ->  Seq Scan on role_type rt  (cost=0.00..1.15 rows=2 width=4) (actual time=0.027..0.029 rows=2 loops=1)
                           Filter: ((role)::text = ANY ('{cinematographer,guest}'::text[]))
                           Rows Removed by Filter: 10
                           Buffers: shared hit=1
         ->  Index Scan using name_pkey on name n  (cost=0.43..2.32 rows=1 width=4) (actual time=0.035..0.035 rows=0 loops=13165)
               Index Cond: (id = ci.person_id)
               Filter: ((gender)::text = ANY ('{f,m}'::text[]))
               Rows Removed by Filter: 1
               Buffers: shared hit=50503 read=2157
 Planning:
   Buffers: shared hit=529 read=45
 Planning Time: 14.028 ms
 Execution Time: 8498.396 ms
(76 rows)

