                                                                                                                                    QUERY PLAN                                                                                                                                     
-----------------------------------------------------------------------------------------------------------------------------------------------------------------------------------------------------------------------------------------------------------------------------------
 Aggregate  (cost=897830.27..897830.28 rows=1 width=8) (actual time=94142.529..94142.539 rows=1 loops=1)
   Buffers: shared hit=8459792 read=509703, temp read=12529 written=11602
   ->  Nested Loop  (cost=819599.72..897827.96 rows=926 width=0) (actual time=1303.611..94108.955 rows=140001 loops=1)
         Buffers: shared hit=8459792 read=509703, temp read=12529 written=11602
         ->  Hash Join  (cost=819599.29..893527.57 rows=1854 width=4) (actual time=1303.585..82375.894 rows=287975 loops=1)
               Hash Cond: (ci.role_id = rt.id)
               Buffers: shared hit=7352285 read=465310, temp read=12529 written=11602
               ->  Nested Loop  (cost=819598.06..893506.58 rows=5562 width=8) (actual time=1303.491..81372.845 rows=5029032 loops=1)
                     Buffers: shared hit=7352284 read=465310, temp read=12529 written=11602
                     ->  Nested Loop  (cost=819597.62..876294.40 rows=388 width=12) (actual time=1303.463..23070.464 rows=246274 loops=1)
                           Buffers: shared hit=2080683 read=62983, temp read=12529 written=11602
                           ->  Nested Loop  (cost=819597.62..876287.14 rows=388 width=16) (actual time=1303.457..22889.423 rows=246274 loops=1)
                                 Buffers: shared hit=2080682 read=62983, temp read=12529 written=11602
                                 ->  Nested Loop  (cost=819597.62..876279.87 rows=388 width=20) (actual time=1303.440..22710.075 rows=246274 loops=1)
                                       Buffers: shared hit=2080681 read=62983, temp read=12529 written=11602
                                       ->  Nested Loop  (cost=819597.48..876266.01 rows=543 width=24) (actual time=1303.422..22463.470 rows=246316 loops=1)
                                             Join Filter: (t.id = mi1.movie_id)
                                             Buffers: shared hit=2080669 read=62983, temp read=12529 written=11602
                                             ->  Merge Join  (cost=819597.05..820625.08 rows=18233 width=16) (actual time=1303.314..2268.356 rows=528740 loops=1)
                                                   Merge Cond: (mi1.movie_id = mi2.movie_id)
                                                   Buffers: shared hit=8372 read=20320, temp read=12529 written=11602
                                                   ->  Sort  (cost=453728.20..453865.28 rows=54831 width=8) (actual time=537.939..670.623 rows=524982 loops=1)
                                                         Sort Key: mi1.movie_id
                                                         Sort Method: external merge  Disk: 9280kB
                                                         Buffers: shared hit=3589 read=7560, temp read=1160 written=1167
                                                         ->  Bitmap Heap Scan on movie_info mi1  (cost=15884.10..449412.26 rows=54831 width=8) (actual time=37.742..444.238 rows=524982 loops=1)
                                                               Recheck Cond: (info_type_id = 7)
                                                               Filter: ((info)::text = ANY ('{"LAB:Boyana Film Laboratory, Sofia, Bulgaria","LAB:Movielab, USA","LAB:Rank Film Laboratories, Denham, UK",OFM:Live,PCS:Techniscope,"PFM:35 mm",PFM:Video,"RAT:1.33 : 1"}'::text[]))
                                                               Rows Removed by Filter: 876920
                                                               Heap Blocks: exact=10050
                                                               Buffers: shared hit=3589 read=7560
                                                               ->  Bitmap Index Scan on info_type_id_movie_info  (cost=0.00..15870.39 rows=1484527 width=0) (actual time=36.460..36.460 rows=1401902 loops=1)
                                                                     Index Cond: (info_type_id = 7)
                                                                     Buffers: shared read=1099
                                                   ->  Sort  (cost=365868.85..366154.62 rows=114308 width=8) (actual time=765.352..1079.531 rows=1471581 loops=1)
                                                         Sort Key: mi2.movie_id
                                                         Sort Method: external sort  Disk: 27832kB
                                                         Buffers: shared hit=4783 read=12760, temp read=10893 written=10435
                                                         ->  Bitmap Heap Scan on movie_info mi2  (cost=13885.07..356265.51 rows=114308 width=8) (actual time=34.278..369.787 rows=1288928 loops=1)
                                                               Recheck Cond: (info_type_id = 2)
                                                               Filter: ((info)::text = ANY ('{"Black and White",Color}'::text[]))
                                                               Heap Blocks: exact=16526
                                                               Buffers: shared hit=4783 read=12760
                                                               ->  Bitmap Index Scan on info_type_id_movie_info  (cost=0.00..13856.49 rows=1296008 width=0) (actual time=32.023..32.023 rows=1288928 loops=1)
                                                                     Index Cond: (info_type_id = 2)
                                                                     Buffers: shared hit=1 read=1016
                                             ->  Index Scan using title_pkey on title t  (cost=0.43..3.04 rows=1 width=8) (actual time=0.038..0.038 rows=0 loops=528740)
                                                   Index Cond: (id = mi2.movie_id)
                                                   Filter: ((production_year <= 1990) AND (production_year >= 1950))
                                                   Rows Removed by Filter: 1
                                                   Buffers: shared hit=2072297 read=42663
                                       ->  Memoize  (cost=0.14..0.17 rows=1 width=4) (actual time=0.000..0.000 rows=1 loops=246316)
                                             Cache Key: t.kind_id
                                             Cache Mode: logical
                                             Hits: 246310  Misses: 6  Evictions: 0  Overflows: 0  Memory Usage: 1kB
                                             Buffers: shared hit=12
                                             ->  Index Scan using kind_type_pkey on kind_type kt  (cost=0.13..0.16 rows=1 width=4) (actual time=0.011..0.011 rows=1 loops=6)
                                                   Index Cond: (id = t.kind_id)
                                                   Filter: ((kind)::text = ANY ('{episode,movie,"tv movie","tv series","video movie"}'::text[]))
                                                   Rows Removed by Filter: 0
                                                   Buffers: shared hit=12
                                 ->  Materialize  (cost=0.00..2.42 rows=1 width=4) (actual time=0.000..0.000 rows=1 loops=246274)
                                       Buffers: shared hit=1
                                       ->  Seq Scan on info_type it1  (cost=0.00..2.41 rows=1 width=4) (actual time=0.014..0.018 rows=1 loops=1)
                                             Filter: (id = 7)
                                             Rows Removed by Filter: 112
                                             Buffers: shared hit=1
                           ->  Materialize  (cost=0.00..2.42 rows=1 width=4) (actual time=0.000..0.000 rows=1 loops=246274)
                                 Buffers: shared hit=1
                                 ->  Seq Scan on info_type it2  (cost=0.00..2.41 rows=1 width=4) (actual time=0.004..0.009 rows=1 loops=1)
                                       Filter: (id = 2)
                                       Rows Removed by Filter: 112
                                       Buffers: shared hit=1
                     ->  Index Scan using movie_id_cast_info on cast_info ci  (cost=0.44..43.98 rows=38 width=12) (actual time=0.040..0.230 rows=20 loops=246274)
                           Index Cond: (movie_id = t.id)
                           Buffers: shared hit=5271601 read=402327
               ->  Hash  (cost=1.18..1.18 rows=4 width=4) (actual time=0.038..0.039 rows=4 loops=1)
                     Buckets: 1024  Batches: 1  Memory Usage: 9kB
                     Buffers: shared hit=1
                     ->  Seq Scan on role_type rt  (cost=0.00..1.18 rows=4 width=4) (actual time=0.024..0.026 rows=4 loops=1)
                           Filter: ((role)::text = ANY ('{"costume designer",director,guest,"production designer"}'::text[]))
                           Rows Removed by Filter: 8
                           Buffers: shared hit=1
         ->  Index Scan using name_pkey on name n  (cost=0.43..2.32 rows=1 width=4) (actual time=0.040..0.040 rows=0 loops=287975)
               Index Cond: (id = ci.person_id)
               Filter: (((gender)::text = 'f'::text) OR (gender IS NULL))
               Rows Removed by Filter: 1
               Buffers: shared hit=1107507 read=44393
 Planning:
   Buffers: shared hit=529 read=45
 Planning Time: 11.451 ms
 Execution Time: 94154.188 ms
(92 rows)

