                                                                                                                                                               QUERY PLAN                                                                                                                                                               
----------------------------------------------------------------------------------------------------------------------------------------------------------------------------------------------------------------------------------------------------------------------------------------------------------------------------------------
 Aggregate  (cost=343524.27..343524.28 rows=1 width=8) (actual time=1878.071..1878.077 rows=1 loops=1)
   Buffers: shared hit=147241 read=45131
   ->  Nested Loop  (cost=3725.52..343524.27 rows=2 width=0) (actual time=13.623..1875.669 rows=20299 loops=1)
         Buffers: shared hit=147241 read=45131
         ->  Hash Join  (cost=3725.09..343512.67 rows=5 width=4) (actual time=13.573..940.441 rows=28244 loops=1)
               Hash Cond: (ci.role_id = rt.id)
               Buffers: shared hit=46489 read=32907
               ->  Nested Loop  (cost=3723.86..343511.39 rows=14 width=8) (actual time=13.515..930.723 rows=36002 loops=1)
                     Buffers: shared hit=46488 read=32907
                     ->  Nested Loop  (cost=3723.42..343466.53 rows=1 width=12) (actual time=13.476..539.449 rows=1279 loops=1)
                           Buffers: shared hit=15385 read=24573
                           ->  Nested Loop  (cost=3723.42..343464.11 rows=1 width=16) (actual time=13.471..520.295 rows=1279 loops=1)
                                 Buffers: shared hit=14106 read=24573
                                 ->  Nested Loop  (cost=3723.42..343461.69 rows=1 width=20) (actual time=13.455..499.113 rows=1279 loops=1)
                                       Buffers: shared hit=12828 read=24572
                                       ->  Nested Loop  (cost=3722.99..343375.65 rows=2 width=12) (actual time=13.383..320.845 rows=1279 loops=1)
                                             Buffers: shared hit=7087 read=14027
                                             ->  Nested Loop  (cost=3722.85..343375.17 rows=3 width=16) (actual time=13.366..300.481 rows=1279 loops=1)
                                                   Buffers: shared hit=4529 read=14027
                                                   ->  Bitmap Heap Scan on movie_info mi2  (cost=3722.42..343223.03 rows=18 width=8) (actual time=13.002..225.515 rows=1835 loops=1)
                                                         Recheck Cond: (info_type_id = 17)
                                                         Filter: ((info)::text = ANY ('{"Last show of the series.","One of over 700 Paramount Productions, filmed between 1929 and 1949, which were sold to MCA/Universal in 1958 for television distribution, and have been owned and controlled by Universal ever since."}'::text[]))
                                                         Rows Removed by Filter: 366383
                                                         Heap Blocks: exact=10925
                                                         Buffers: shared hit=36 read=11180
                                                         ->  Bitmap Index Scan on info_type_id_movie_info  (cost=0.00..3722.42 rows=347998 width=0) (actual time=11.391..11.392 rows=368218 loops=1)
                                                               Index Cond: (info_type_id = 17)
                                                               Buffers: shared read=291
                                                   ->  Index Scan using title_pkey on title t  (cost=0.43..8.45 rows=1 width=8) (actual time=0.040..0.040 rows=1 loops=1835)
                                                         Index Cond: (id = mi2.movie_id)
                                                         Filter: ((production_year <= 1975) AND (production_year >= 1925))
                                                         Rows Removed by Filter: 0
                                                         Buffers: shared hit=4493 read=2847
                                             ->  Index Scan using kind_type_pkey on kind_type kt  (cost=0.13..0.16 rows=1 width=4) (actual time=0.015..0.015 rows=1 loops=1279)
                                                   Index Cond: (id = t.kind_id)
                                                   Filter: ((kind)::text = ANY ('{episode,movie,"tv movie","tv series","video movie"}'::text[]))
                                                   Buffers: shared hit=2558
                                       ->  Index Scan using movie_id_movie_info on movie_info mi1  (cost=0.43..43.01 rows=1 width=8) (actual time=0.123..0.139 rows=1 loops=1279)
                                             Index Cond: (movie_id = t.id)
                                             Filter: (((info)::text = ANY ('{"Black and White",Color}'::text[])) AND (info_type_id = 2))
                                             Rows Removed by Filter: 16
                                             Buffers: shared hit=5741 read=10545
                                 ->  Seq Scan on info_type it1  (cost=0.00..2.41 rows=1 width=4) (actual time=0.009..0.015 rows=1 loops=1279)
                                       Filter: (id = 2)
                                       Rows Removed by Filter: 112
                                       Buffers: shared hit=1278 read=1
                           ->  Seq Scan on info_type it2  (cost=0.00..2.41 rows=1 width=4) (actual time=0.008..0.014 rows=1 loops=1279)
                                 Filter: (id = 17)
                                 Rows Removed by Filter: 112
                                 Buffers: shared hit=1279
                     ->  Index Scan using movie_id_cast_info on cast_info ci  (cost=0.44..44.48 rows=38 width=12) (actual time=0.037..0.299 rows=28 loops=1279)
                           Index Cond: (movie_id = t.id)
                           Buffers: shared hit=31103 read=8334
               ->  Hash  (cost=1.18..1.18 rows=4 width=4) (actual time=0.033..0.034 rows=4 loops=1)
                     Buckets: 1024  Batches: 1  Memory Usage: 9kB
                     Buffers: shared hit=1
                     ->  Seq Scan on role_type rt  (cost=0.00..1.18 rows=4 width=4) (actual time=0.023..0.027 rows=4 loops=1)
                           Filter: ((role)::text = ANY ('{actor,actress,producer,"production designer"}'::text[]))
                           Rows Removed by Filter: 8
                           Buffers: shared hit=1
         ->  Index Scan using name_pkey on name n  (cost=0.43..2.32 rows=1 width=4) (actual time=0.033..0.033 rows=1 loops=28244)
               Index Cond: (id = ci.person_id)
               Filter: ((gender)::text = 'm'::text)
               Rows Removed by Filter: 0
               Buffers: shared hit=100752 read=12224
 Planning:
   Buffers: shared hit=484 read=90
 Planning Time: 9.883 ms
 Execution Time: 1878.573 ms
(69 rows)

