                                                                                               QUERY PLAN                                                                                               
--------------------------------------------------------------------------------------------------------------------------------------------------------------------------------------------------------
 Aggregate  (cost=362439.95..362439.96 rows=1 width=8) (actual time=473.523..473.528 rows=1 loops=1)
   Buffers: shared hit=21151 read=25938
   ->  Nested Loop  (cost=2.17..362439.95 rows=3 width=0) (actual time=365.094..473.509 rows=60 loops=1)
         Buffers: shared hit=21151 read=25938
         ->  Nested Loop  (cost=1.74..362426.03 rows=6 width=4) (actual time=364.915..470.859 rows=138 loops=1)
               Join Filter: (ci.role_id = rt.id)
               Rows Removed by Join Filter: 1509
               Buffers: shared hit=20741 read=25796
               ->  Nested Loop  (cost=1.74..362423.82 rows=14 width=8) (actual time=364.784..470.614 rows=407 loops=1)
                     Buffers: shared hit=20740 read=25796
                     ->  Nested Loop  (cost=1.30..362380.13 rows=1 width=12) (actual time=364.747..465.792 rows=13 loops=1)
                           Buffers: shared hit=20595 read=25509
                           ->  Nested Loop  (cost=1.30..362377.70 rows=1 width=16) (actual time=364.741..465.666 rows=13 loops=1)
                                 Buffers: shared hit=20582 read=25509
                                 ->  Nested Loop  (cost=1.30..362375.28 rows=1 width=20) (actual time=364.719..465.494 rows=13 loops=1)
                                       Buffers: shared hit=20569 read=25509
                                       ->  Nested Loop  (cost=0.86..361826.24 rows=13 width=12) (actual time=0.729..169.603 rows=2214 loops=1)
                                             Join Filter: (t.kind_id = kt.id)
                                             Rows Removed by Join Filter: 1767
                                             Buffers: shared hit=7586 read=7320
                                             ->  Nested Loop  (cost=0.86..361823.92 rows=18 width=16) (actual time=0.709..168.770 rows=2383 loops=1)
                                                   Buffers: shared hit=7585 read=7320
                                                   ->  Index Scan using info_type_id_movie_info on movie_info mi1  (cost=0.43..361629.51 rows=23 width=8) (actual time=0.623..91.922 rows=2458 loops=1)
                                                         Index Cond: (info_type_id = 105)
                                                         Filter: ((info)::text = ANY ('{"$1,200,000","$125,000","$14,000,000","$150,000,000","$30,000","$35,000,000","$45,000"}'::text[]))
                                                         Rows Removed by Filter: 119405
                                                         Buffers: shared hit=341 read=4732
                                                   ->  Index Scan using title_pkey on title t  (cost=0.43..8.45 rows=1 width=8) (actual time=0.031..0.031 rows=1 loops=2458)
                                                         Index Cond: (id = mi1.movie_id)
                                                         Filter: ((production_year <= 2015) AND (production_year >= 1975))
                                                         Rows Removed by Filter: 0
                                                         Buffers: shared hit=7244 read=2588
                                             ->  Materialize  (cost=0.00..1.14 rows=5 width=4) (actual time=0.000..0.000 rows=2 loops=2383)
                                                   Buffers: shared hit=1
                                                   ->  Seq Scan on kind_type kt  (cost=0.00..1.11 rows=5 width=4) (actual time=0.012..0.017 rows=5 loops=1)
                                                         Filter: ((kind)::text = ANY ('{episode,movie,"tv movie","video game","video movie"}'::text[]))
                                                         Rows Removed by Filter: 2
                                                         Buffers: shared hit=1
                                       ->  Index Scan using movie_id_movie_info on movie_info mi2  (cost=0.43..42.22 rows=1 width=8) (actual time=0.133..0.133 rows=0 loops=2214)
                                             Index Cond: (movie_id = t.id)
                                             Filter: ((info_type_id = 16) AND ((info)::text = 'USA:2013'::text))
                                             Rows Removed by Filter: 35
                                             Buffers: shared hit=12983 read=18189
                                 ->  Seq Scan on info_type it1  (cost=0.00..2.41 rows=1 width=4) (actual time=0.010..0.010 rows=1 loops=13)
                                       Filter: (id = 105)
                                       Rows Removed by Filter: 112
                                       Buffers: shared hit=13
                           ->  Seq Scan on info_type it2  (cost=0.00..2.41 rows=1 width=4) (actual time=0.004..0.008 rows=1 loops=13)
                                 Filter: (id = 16)
                                 Rows Removed by Filter: 112
                                 Buffers: shared hit=13
                     ->  Index Scan using movie_id_cast_info on cast_info ci  (cost=0.44..43.32 rows=38 width=12) (actual time=0.030..0.365 rows=31 loops=13)
                           Index Cond: (movie_id = t.id)
                           Buffers: shared hit=145 read=287
               ->  Materialize  (cost=0.00..1.22 rows=5 width=4) (actual time=0.000..0.000 rows=4 loops=407)
                     Buffers: shared hit=1
                     ->  Seq Scan on role_type rt  (cost=0.00..1.20 rows=5 width=4) (actual time=0.009..0.011 rows=5 loops=1)
                           Filter: ((role)::text = ANY ('{cinematographer,director,"miscellaneous crew",producer,writer}'::text[]))
                           Rows Removed by Filter: 7
                           Buffers: shared hit=1
         ->  Index Scan using name_pkey on name n  (cost=0.43..2.32 rows=1 width=4) (actual time=0.019..0.019 rows=0 loops=138)
               Index Cond: (id = ci.person_id)
               Filter: ((gender)::text = 'm'::text)
               Rows Removed by Filter: 1
               Buffers: shared hit=410 read=142
 Planning:
   Buffers: shared hit=574
 Planning Time: 13.664 ms
 Execution Time: 473.999 ms
(69 rows)

