                                                                                             QUERY PLAN                                                                                              
-----------------------------------------------------------------------------------------------------------------------------------------------------------------------------------------------------
 Aggregate  (cost=491207.19..491207.20 rows=1 width=8) (actual time=93459.932..93459.940 rows=1 loops=1)
   Buffers: shared hit=8960629 read=578647
   ->  Nested Loop  (cost=5097.65..491207.08 rows=46 width=0) (actual time=25.172..93437.620 rows=86612 loops=1)
         Buffers: shared hit=8960629 read=578647
         ->  Hash Join  (cost=5097.22..490901.23 rows=132 width=4) (actual time=15.980..69146.717 rows=645763 loops=1)
               Hash Cond: (ci.role_id = rt.id)
               Buffers: shared hit=6425530 read=530694
               ->  Nested Loop  (cost=5096.02..490898.15 rows=530 width=8) (actual time=15.873..68368.171 rows=3033045 loops=1)
                     Buffers: shared hit=6425529 read=530694
                     ->  Nested Loop  (cost=5095.58..489238.45 rows=37 width=12) (actual time=15.845..33669.201 rows=165733 loops=1)
                           Buffers: shared hit=3304184 read=174955
                           ->  Seq Scan on info_type it2  (cost=0.00..2.41 rows=1 width=4) (actual time=0.029..0.041 rows=1 loops=1)
                                 Filter: (id = 2)
                                 Rows Removed by Filter: 112
                                 Buffers: shared hit=1
                           ->  Nested Loop  (cost=5095.58..489235.67 rows=37 width=16) (actual time=15.814..33623.625 rows=165733 loops=1)
                                 Buffers: shared hit=3304183 read=174955
                                 ->  Seq Scan on info_type it1  (cost=0.00..2.41 rows=1 width=4) (actual time=0.009..0.022 rows=1 loops=1)
                                       Filter: (id = 6)
                                       Rows Removed by Filter: 112
                                       Buffers: shared hit=1
                                 ->  Nested Loop  (cost=5095.58..489232.89 rows=37 width=20) (actual time=15.801..33574.217 rows=165733 loops=1)
                                       Buffers: shared hit=3304182 read=174955
                                       ->  Hash Join  (cost=5095.14..454301.26 rows=812 width=12) (actual time=15.737..15575.724 rows=165039 loops=1)
                                             Hash Cond: (t.kind_id = kt.id)
                                             Buffers: shared hit=1565025 read=46608
                                             ->  Nested Loop  (cost=5094.01..454292.14 rows=1894 width=16) (actual time=15.674..15478.798 rows=175404 loops=1)
                                                   Buffers: shared hit=1565024 read=46608
                                                   ->  Bitmap Heap Scan on movie_info mi1  (cost=5093.57..374663.99 rows=13324 width=8) (actual time=15.137..335.401 rows=404543 loops=1)
                                                         Recheck Cond: (info_type_id = 6)
                                                         Filter: ((info)::text = ANY ('{"4-Track Stereo",Mono,Silent,Stereo}'::text[]))
                                                         Rows Removed by Filter: 69900
                                                         Heap Blocks: exact=3206
                                                         Buffers: shared hit=76 read=3504
                                                         ->  Bitmap Index Scan on info_type_id_movie_info  (cost=0.00..5090.24 rows=475974 width=0) (actual time=14.783..14.783 rows=474443 loops=1)
                                                               Index Cond: (info_type_id = 6)
                                                               Buffers: shared hit=1 read=373
                                                   ->  Memoize  (cost=0.44..6.07 rows=1 width=8) (actual time=0.037..0.037 rows=0 loops=404543)
                                                         Cache Key: mi1.movie_id
                                                         Cache Mode: logical
                                                         Hits: 2530  Misses: 402013  Evictions: 300109  Overflows: 0  Memory Usage: 8193kB
                                                         Buffers: shared hit=1564948 read=43104
                                                         ->  Index Scan using title_pkey on title t  (cost=0.43..6.06 rows=1 width=8) (actual time=0.036..0.036 rows=0 loops=402013)
                                                               Index Cond: (id = mi1.movie_id)
                                                               Filter: ((production_year <= 1975) AND (production_year >= 1925))
                                                               Rows Removed by Filter: 1
                                                               Buffers: shared hit=1564948 read=43104
                                             ->  Hash  (cost=1.10..1.10 rows=3 width=4) (actual time=0.015..0.016 rows=3 loops=1)
                                                   Buckets: 1024  Batches: 1  Memory Usage: 9kB
                                                   Buffers: shared hit=1
                                                   ->  Seq Scan on kind_type kt  (cost=0.00..1.10 rows=3 width=4) (actual time=0.009..0.011 rows=3 loops=1)
                                                         Filter: ((kind)::text = ANY ('{episode,movie,"video game"}'::text[]))
                                                         Rows Removed by Filter: 4
                                                         Buffers: shared hit=1
                                       ->  Index Scan using movie_id_movie_info on movie_info mi2  (cost=0.43..43.01 rows=1 width=8) (actual time=0.095..0.108 rows=1 loops=165039)
                                             Index Cond: (movie_id = t.id)
                                             Filter: (((info)::text = ANY ('{"Black and White",Color}'::text[])) AND (info_type_id = 2))
                                             Rows Removed by Filter: 13
                                             Buffers: shared hit=1739157 read=128347
                     ->  Index Scan using movie_id_cast_info on cast_info ci  (cost=0.44..44.48 rows=38 width=12) (actual time=0.037..0.203 rows=18 loops=165733)
                           Index Cond: (movie_id = t.id)
                           Buffers: shared hit=3121345 read=355739
               ->  Hash  (cost=1.17..1.17 rows=3 width=4) (actual time=0.039..0.040 rows=3 loops=1)
                     Buckets: 1024  Batches: 1  Memory Usage: 9kB
                     Buffers: shared hit=1
                     ->  Seq Scan on role_type rt  (cost=0.00..1.17 rows=3 width=4) (actual time=0.029..0.032 rows=3 loops=1)
                           Filter: ((role)::text = ANY ('{actress,editor,"production designer"}'::text[]))
                           Rows Removed by Filter: 9
                           Buffers: shared hit=1
         ->  Index Scan using name_pkey on name n  (cost=0.43..2.32 rows=1 width=4) (actual time=0.037..0.037 rows=0 loops=645763)
               Index Cond: (id = ci.person_id)
               Filter: (gender IS NULL)
               Rows Removed by Filter: 1
               Buffers: shared hit=2535099 read=47953
 Planning:
   Buffers: shared hit=574
 Planning Time: 12.579 ms
 Execution Time: 93462.822 ms
(78 rows)

