                                                                                                                                                                QUERY PLAN                                                                                                                                                                 
-------------------------------------------------------------------------------------------------------------------------------------------------------------------------------------------------------------------------------------------------------------------------------------------------------------------------------------------
 Aggregate  (cost=438339.04..438339.05 rows=1 width=8) (actual time=2849.565..2849.570 rows=1 loops=1)
   Buffers: shared hit=223558 read=71488
   ->  Nested Loop  (cost=7082.10..438339.04 rows=1 width=0) (actual time=476.396..2849.185 rows=1824 loops=1)
         Buffers: shared hit=223558 read=71488
         ->  Hash Join  (cost=7081.67..438334.40 rows=2 width=4) (actual time=473.881..2737.149 rows=3493 loops=1)
               Hash Cond: (ci.role_id = rt.id)
               Buffers: shared hit=211953 read=69121
               ->  Nested Loop  (cost=7080.50..438333.17 rows=14 width=8) (actual time=473.697..2729.831 rows=46720 loops=1)
                     Buffers: shared hit=211952 read=69121
                     ->  Nested Loop  (cost=7080.06..438288.81 rows=1 width=12) (actual time=473.644..2272.773 rows=1237 loops=1)
                           Buffers: shared hit=174535 read=57398
                           ->  Nested Loop  (cost=7080.06..438286.39 rows=1 width=16) (actual time=473.637..2247.511 rows=1237 loops=1)
                                 Buffers: shared hit=173298 read=57398
                                 ->  Nested Loop  (cost=7080.06..438283.97 rows=1 width=20) (actual time=473.612..2224.547 rows=1237 loops=1)
                                       Buffers: shared hit=172061 read=57398
                                       ->  Hash Join  (cost=7079.60..434216.63 rows=95 width=12) (actual time=472.825..1591.837 rows=3760 loops=1)
                                             Hash Cond: (t.kind_id = kt.id)
                                             Buffers: shared hit=141582 read=29003
                                             ->  Nested Loop  (cost=7078.48..434214.11 rows=333 width=16) (actual time=22.909..1589.290 rows=8595 loops=1)
                                                   Buffers: shared hit=141581 read=29003
                                                   ->  Bitmap Heap Scan on movie_info mi2  (cost=7078.05..421970.76 rows=1519 width=8) (actual time=21.831..327.702 rows=40773 loops=1)
                                                         Recheck Cond: (info_type_id = 18)
                                                         Filter: ((info)::text = ANY ('{"Los Angeles, California, USA","Montréal, Québec, Canada",Philippines,"Rome, Lazio, Italy","San Francisco, California, USA","Toronto, Ontario, Canada","Universal Studios - 100 Universal City Plaza, Universal City, California, USA"}'::text[]))
                                                         Rows Removed by Filter: 620150
                                                         Heap Blocks: exact=6972
                                                         Buffers: shared hit=670 read=6822
                                                         ->  Bitmap Index Scan on info_type_id_movie_info  (cost=0.00..7077.68 rows=662032 width=0) (actual time=20.962..20.962 rows=660923 loops=1)
                                                               Index Cond: (info_type_id = 18)
                                                               Buffers: shared read=520
                                                   ->  Index Scan using title_pkey on title t  (cost=0.43..8.06 rows=1 width=8) (actual time=0.031..0.031 rows=0 loops=40773)
                                                         Index Cond: (id = mi2.movie_id)
                                                         Filter: ((production_year <= 1990) AND (production_year >= 1950))
                                                         Rows Removed by Filter: 1
                                                         Buffers: shared hit=140911 read=22181
                                             ->  Hash  (cost=1.09..1.09 rows=2 width=4) (actual time=0.016..0.017 rows=2 loops=1)
                                                   Buckets: 1024  Batches: 1  Memory Usage: 9kB
                                                   Buffers: shared hit=1
                                                   ->  Seq Scan on kind_type kt  (cost=0.00..1.09 rows=2 width=4) (actual time=0.008..0.010 rows=2 loops=1)
                                                         Filter: ((kind)::text = ANY ('{movie,"video game"}'::text[]))
                                                         Rows Removed by Filter: 5
                                                         Buffers: shared hit=1
                                       ->  Index Scan using movie_id_movie_info on movie_info mi1  (cost=0.46..42.80 rows=1 width=8) (actual time=0.165..0.168 rows=0 loops=3760)
                                             Index Cond: (movie_id = t.id)
                                             Filter: ((info_type_id = 8) AND ((info)::text = ANY ('{Australia,Belgium,Brazil,France,"Hong Kong",Italy,Mexico,Spain,Switzerland,UK,Yugoslavia}'::text[])))
                                             Rows Removed by Filter: 42
                                             Buffers: shared hit=30479 read=28395
                                 ->  Seq Scan on info_type it1  (cost=0.00..2.41 rows=1 width=4) (actual time=0.010..0.017 rows=1 loops=1237)
                                       Filter: (id = 8)
                                       Rows Removed by Filter: 112
                                       Buffers: shared hit=1237
                           ->  Seq Scan on info_type it2  (cost=0.00..2.41 rows=1 width=4) (actual time=0.012..0.019 rows=1 loops=1237)
                                 Filter: (id = 18)
                                 Rows Removed by Filter: 112
                                 Buffers: shared hit=1237
                     ->  Index Scan using movie_id_cast_info on cast_info ci  (cost=0.44..43.98 rows=38 width=12) (actual time=0.030..0.361 rows=38 loops=1237)
                           Index Cond: (movie_id = t.id)
                           Buffers: shared hit=37417 read=11723
               ->  Hash  (cost=1.15..1.15 rows=2 width=4) (actual time=0.035..0.036 rows=2 loops=1)
                     Buckets: 1024  Batches: 1  Memory Usage: 9kB
                     Buffers: shared hit=1
                     ->  Seq Scan on role_type rt  (cost=0.00..1.15 rows=2 width=4) (actual time=0.027..0.029 rows=2 loops=1)
                           Filter: ((role)::text = ANY ('{composer,producer}'::text[]))
                           Rows Removed by Filter: 10
                           Buffers: shared hit=1
         ->  Index Scan using name_pkey on name n  (cost=0.43..2.32 rows=1 width=4) (actual time=0.032..0.032 rows=1 loops=3493)
               Index Cond: (id = ci.person_id)
               Filter: ((gender)::text = 'm'::text)
               Rows Removed by Filter: 0
               Buffers: shared hit=11605 read=2367
 Planning:
   Buffers: shared hit=486 read=91
 Planning Time: 14.544 ms
 Execution Time: 2850.091 ms
(73 rows)

