                                                                                                QUERY PLAN                                                                                                 
-----------------------------------------------------------------------------------------------------------------------------------------------------------------------------------------------------------
 Aggregate  (cost=440674.10..440674.11 rows=1 width=8) (actual time=28346.886..28346.894 rows=1 loops=1)
   Buffers: shared hit=2441591 read=230111
   ->  Nested Loop  (cost=4697.67..440674.09 rows=4 width=0) (actual time=23.109..28289.269 rows=349925 loops=1)
         Buffers: shared hit=2441591 read=230111
         ->  Hash Join  (cost=4697.24..440660.17 rows=6 width=4) (actual time=23.058..12847.668 rows=390246 loops=1)
               Hash Cond: (ci.role_id = rt.id)
               Buffers: shared hit=921288 read=189430
               ->  Nested Loop  (cost=4695.98..440658.86 rows=14 width=8) (actual time=22.996..12642.278 rows=579614 loops=1)
                     Buffers: shared hit=921287 read=189430
                     ->  Nested Loop  (cost=4695.54..440614.01 rows=1 width=12) (actual time=22.956..5960.848 rows=15358 loops=1)
                           Buffers: shared hit=390510 read=104858
                           ->  Nested Loop  (cost=4695.54..440611.58 rows=1 width=16) (actual time=22.951..5596.294 rows=15358 loops=1)
                                 Buffers: shared hit=375152 read=104858
                                 ->  Nested Loop  (cost=4695.54..440609.16 rows=1 width=20) (actual time=22.929..5235.112 rows=15358 loops=1)
                                       Buffers: shared hit=359794 read=104858
                                       ->  Hash Join  (cost=4695.11..438481.13 rows=49 width=12) (actual time=22.885..2410.406 rows=15216 loops=1)
                                             Hash Cond: (t.kind_id = kt.id)
                                             Buffers: shared hit=174986 read=37147
                                             ->  Nested Loop  (cost=4693.95..438479.61 rows=86 width=16) (actual time=22.843..2399.923 rows=15217 loops=1)
                                                   Buffers: shared hit=174985 read=37147
                                                   ->  Bitmap Heap Scan on movie_info mi1  (cost=4693.52..433457.85 rows=605 width=8) (actual time=22.157..559.293 rows=48140 loops=1)
                                                         Recheck Cond: (info_type_id = 5)
                                                         Filter: ((info)::text = ANY ('{Argentina:13,Argentina:Atp,Finland:K-12,Germany:12,Iceland:12,USA:Passed,USA:Unrated,"West Germany:12"}'::text[]))
                                                         Rows Removed by Filter: 438414
                                                         Heap Blocks: exact=19164
                                                         Buffers: shared hit=2277 read=17295
                                                         ->  Bitmap Index Scan on info_type_id_movie_info  (cost=0.00..4693.37 rows=439058 width=0) (actual time=18.757..18.758 rows=486554 loops=1)
                                                               Index Cond: (info_type_id = 5)
                                                               Buffers: shared read=408
                                                   ->  Index Scan using title_pkey on title t  (cost=0.43..8.30 rows=1 width=8) (actual time=0.038..0.038 rows=0 loops=48140)
                                                         Index Cond: (id = mi1.movie_id)
                                                         Filter: ((production_year <= 1975) AND (production_year >= 1925))
                                                         Rows Removed by Filter: 1
                                                         Buffers: shared hit=172708 read=19852
                                             ->  Hash  (cost=1.10..1.10 rows=4 width=4) (actual time=0.018..0.019 rows=4 loops=1)
                                                   Buckets: 1024  Batches: 1  Memory Usage: 9kB
                                                   Buffers: shared hit=1
                                                   ->  Seq Scan on kind_type kt  (cost=0.00..1.10 rows=4 width=4) (actual time=0.009..0.011 rows=4 loops=1)
                                                         Filter: ((kind)::text = ANY ('{episode,movie,"tv movie","tv series"}'::text[]))
                                                         Rows Removed by Filter: 3
                                                         Buffers: shared hit=1
                                       ->  Index Scan using movie_id_movie_info on movie_info mi2  (cost=0.43..43.42 rows=1 width=8) (actual time=0.051..0.185 rows=1 loops=15216)
                                             Index Cond: (movie_id = t.id)
                                             Filter: ((info_type_id = 4) AND ((info)::text = ANY ('{Dutch,English,French,German,Hindi,Italian,Latin,Mandarin,Russian,Swedish}'::text[])))
                                             Rows Removed by Filter: 41
                                             Buffers: shared hit=184808 read=67711
                                 ->  Seq Scan on info_type it1  (cost=0.00..2.41 rows=1 width=4) (actual time=0.011..0.021 rows=1 loops=15358)
                                       Filter: (id = 5)
                                       Rows Removed by Filter: 112
                                       Buffers: shared hit=15358
                           ->  Seq Scan on info_type it2  (cost=0.00..2.41 rows=1 width=4) (actual time=0.012..0.022 rows=1 loops=15358)
                                 Filter: (id = 4)
                                 Rows Removed by Filter: 112
                                 Buffers: shared hit=15358
                     ->  Index Scan using movie_id_cast_info on cast_info ci  (cost=0.44..44.48 rows=38 width=12) (actual time=0.042..0.424 rows=38 loops=15358)
                           Index Cond: (movie_id = t.id)
                           Buffers: shared hit=530777 read=84572
               ->  Hash  (cost=1.20..1.20 rows=5 width=4) (actual time=0.037..0.038 rows=5 loops=1)
                     Buckets: 1024  Batches: 1  Memory Usage: 9kB
                     Buffers: shared hit=1
                     ->  Seq Scan on role_type rt  (cost=0.00..1.20 rows=5 width=4) (actual time=0.026..0.030 rows=5 loops=1)
                           Filter: ((role)::text = ANY ('{actor,composer,director,editor,"miscellaneous crew"}'::text[]))
                           Rows Removed by Filter: 7
                           Buffers: shared hit=1
         ->  Index Scan using name_pkey on name n  (cost=0.43..2.32 rows=1 width=4) (actual time=0.039..0.039 rows=1 loops=390246)
               Index Cond: (id = ci.person_id)
               Filter: ((gender)::text = ANY ('{f,m}'::text[]))
               Rows Removed by Filter: 0
               Buffers: shared hit=1520303 read=40681
 Planning:
   Buffers: shared hit=574
 Planning Time: 14.810 ms
 Execution Time: 28347.577 ms
(73 rows)

