                                                                                                                                                                                                                                           QUERY PLAN                                                                                                                                                                                                                                           
------------------------------------------------------------------------------------------------------------------------------------------------------------------------------------------------------------------------------------------------------------------------------------------------------------------------------------------------------------------------------------------------------------------------------------------------------------------------------------------------
 Aggregate  (cost=347738.55..347738.56 rows=1 width=8) (actual time=251.971..251.978 rows=1 loops=1)
   Buffers: shared hit=1848 read=20111
   ->  Nested Loop  (cost=6620.89..347738.55 rows=2 width=0) (actual time=139.336..251.971 rows=5 loops=1)
         Buffers: shared hit=1848 read=20111
         ->  Hash Join  (cost=6620.46..347729.27 rows=4 width=4) (actual time=139.299..251.816 rows=5 loops=1)
               Hash Cond: (ci.role_id = rt.id)
               Buffers: shared hit=1828 read=20111
               ->  Nested Loop  (cost=6619.26..347728.02 rows=14 width=8) (actual time=138.737..251.753 rows=130 loops=1)
                     Buffers: shared hit=1827 read=20111
                     ->  Nested Loop  (cost=6618.82..347684.33 rows=1 width=12) (actual time=138.699..250.665 rows=1 loops=1)
                           Buffers: shared hit=1769 read=20038
                           ->  Nested Loop  (cost=6618.82..347681.90 rows=1 width=16) (actual time=138.689..250.650 rows=1 loops=1)
                                 Buffers: shared hit=1768 read=20038
                                 ->  Nested Loop  (cost=6618.82..347679.48 rows=1 width=20) (actual time=138.672..250.627 rows=1 loops=1)
                                       Buffers: shared hit=1767 read=20038
                                       ->  Hash Join  (cost=6618.38..347211.53 rows=11 width=12) (actual time=138.604..248.947 rows=5 loops=1)
                                             Hash Cond: (t.kind_id = kt.id)
                                             Buffers: shared hit=1703 read=19904
                                             ->  Nested Loop  (cost=6617.25..347210.28 rows=26 width=16) (actual time=110.562..248.899 rows=6 loops=1)
                                                   Buffers: shared hit=1702 read=19904
                                                   ->  Bitmap Heap Scan on movie_info mi1  (cost=6616.82..346939.80 rows=32 width=8) (actual time=110.510..248.599 rows=8 loops=1)
                                                         Recheck Cond: (info_type_id = 15)
                                                         Filter: ((info)::text = ANY ('{"Host: [starting a Race in the first episode of each season] The world is waiting for you. Good luck... travel safe... go!","James Bond: Bond, James Bond"}'::text[]))
                                                         Rows Removed by Filter: 598449
                                                         Heap Blocks: exact=21103
                                                         Buffers: shared hit=1675 read=19899
                                                         ->  Bitmap Index Scan on info_type_id_movie_info  (cost=0.00..6616.81 rows=618717 width=0) (actual time=19.862..19.862 rows=598457 loops=1)
                                                               Index Cond: (info_type_id = 15)
                                                               Buffers: shared read=471
                                                   ->  Index Scan using title_pkey on title t  (cost=0.43..8.45 rows=1 width=8) (actual time=0.033..0.033 rows=1 loops=8)
                                                         Index Cond: (id = mi1.movie_id)
                                                         Filter: ((production_year <= 2015) AND (production_year >= 1975))
                                                         Rows Removed by Filter: 0
                                                         Buffers: shared hit=27 read=5
                                             ->  Hash  (cost=1.10..1.10 rows=3 width=4) (actual time=0.013..0.014 rows=3 loops=1)
                                                   Buckets: 1024  Batches: 1  Memory Usage: 9kB
                                                   Buffers: shared hit=1
                                                   ->  Seq Scan on kind_type kt  (cost=0.00..1.10 rows=3 width=4) (actual time=0.007..0.008 rows=3 loops=1)
                                                         Filter: ((kind)::text = ANY ('{movie,"video game","video movie"}'::text[]))
                                                         Rows Removed by Filter: 4
                                                         Buffers: shared hit=1
                                       ->  Index Scan using movie_id_movie_info on movie_info mi2  (cost=0.43..42.53 rows=1 width=8) (actual time=0.274..0.334 rows=0 loops=5)
                                             Index Cond: (movie_id = t.id)
                                             Filter: ((info_type_id = 18) AND ((info)::text = ANY ('{"Big Sky Ranch - 4927 Bennett Road, Simi Valley, California, USA","Marina del Rey, California, USA","Nashville, Tennessee, USA","Oakland, California, USA","Paramount Ranch - 2813 Cornell Road, Agoura, California, USA","Reno, Nevada, USA","Stage 14, Warner Brothers Burbank Studios - 4000 Warner Boulevard, Burbank, California, USA","Wilmington, North Carolina, USA"}'::text[])))
                                             Rows Removed by Filter: 575
                                             Buffers: shared hit=64 read=134
                                 ->  Seq Scan on info_type it1  (cost=0.00..2.41 rows=1 width=4) (actual time=0.017..0.021 rows=1 loops=1)
                                       Filter: (id = 15)
                                       Rows Removed by Filter: 112
                                       Buffers: shared hit=1
                           ->  Seq Scan on info_type it2  (cost=0.00..2.41 rows=1 width=4) (actual time=0.009..0.014 rows=1 loops=1)
                                 Filter: (id = 18)
                                 Rows Removed by Filter: 112
                                 Buffers: shared hit=1
                     ->  Index Scan using movie_id_cast_info on cast_info ci  (cost=0.44..43.32 rows=38 width=12) (actual time=0.036..1.067 rows=130 loops=1)
                           Index Cond: (movie_id = t.id)
                           Buffers: shared hit=58 read=73
               ->  Hash  (cost=1.17..1.17 rows=3 width=4) (actual time=0.029..0.029 rows=3 loops=1)
                     Buckets: 1024  Batches: 1  Memory Usage: 9kB
                     Buffers: shared hit=1
                     ->  Seq Scan on role_type rt  (cost=0.00..1.17 rows=3 width=4) (actual time=0.021..0.024 rows=3 loops=1)
                           Filter: ((role)::text = ANY ('{director,producer,"production designer"}'::text[]))
                           Rows Removed by Filter: 9
                           Buffers: shared hit=1
         ->  Index Scan using name_pkey on name n  (cost=0.43..2.32 rows=1 width=4) (actual time=0.030..0.030 rows=1 loops=5)
               Index Cond: (id = ci.person_id)
               Filter: (((gender)::text = 'm'::text) OR (gender IS NULL))
               Buffers: shared hit=20
 Planning:
   Buffers: shared hit=484 read=90
 Planning Time: 9.266 ms
 Execution Time: 252.440 ms
(72 rows)

