                                                                                             QUERY PLAN                                                                                              
-----------------------------------------------------------------------------------------------------------------------------------------------------------------------------------------------------
 Aggregate  (cost=393893.36..393893.37 rows=1 width=8) (actual time=6670.263..6670.270 rows=1 loops=1)
   Buffers: shared hit=559780 read=128693
   ->  Nested Loop  (cost=4697.55..393893.36 rows=1 width=0) (actual time=38.334..6668.499 rows=8033 loops=1)
         Buffers: shared hit=559780 read=128693
         ->  Hash Join  (cost=4697.12..393888.72 rows=2 width=4) (actual time=21.387..6102.227 rows=16661 loops=1)
               Hash Cond: (ci.role_id = rt.id)
               Buffers: shared hit=495297 read=126532
               ->  Nested Loop  (cost=4695.95..393887.50 rows=14 width=8) (actual time=21.227..6058.579 rows=284947 loops=1)
                     Buffers: shared hit=495296 read=126532
                     ->  Nested Loop  (cost=4695.51..393842.64 rows=1 width=12) (actual time=21.190..3290.503 rows=8539 loops=1)
                           Buffers: shared hit=237461 read=79884
                           ->  Nested Loop  (cost=4695.51..393840.22 rows=1 width=16) (actual time=21.185..3121.834 rows=8539 loops=1)
                                 Buffers: shared hit=228922 read=79884
                                 ->  Nested Loop  (cost=4695.51..393837.80 rows=1 width=20) (actual time=21.162..2969.167 rows=8539 loops=1)
                                       Buffers: shared hit=220383 read=79884
                                       ->  Hash Join  (cost=4695.07..392154.05 rows=39 width=12) (actual time=21.110..1468.133 rows=9376 loops=1)
                                             Hash Cond: (t.kind_id = kt.id)
                                             Buffers: shared hit=116278 read=33567
                                             ->  Nested Loop  (cost=4693.90..392152.64 rows=54 width=16) (actual time=21.064..1463.388 rows=9376 loops=1)
                                                   Buffers: shared hit=116277 read=33567
                                                   ->  Bitmap Heap Scan on movie_info mi2  (cost=4693.47..388964.24 rows=381 width=8) (actual time=20.993..417.557 rows=32568 loops=1)
                                                         Recheck Cond: (info_type_id = 5)
                                                         Filter: ((info)::text = ANY ('{Canada:G,Netherlands:AL,UK:X,USA:Passed,USA:X}'::text[]))
                                                         Rows Removed by Filter: 453986
                                                         Heap Blocks: exact=19164
                                                         Buffers: shared hit=1350 read=18222
                                                         ->  Bitmap Index Scan on info_type_id_movie_info  (cost=0.00..4693.37 rows=439058 width=0) (actual time=18.062..18.062 rows=486554 loops=1)
                                                               Index Cond: (info_type_id = 5)
                                                               Buffers: shared hit=1 read=407
                                                   ->  Index Scan using title_pkey on title t  (cost=0.43..8.37 rows=1 width=8) (actual time=0.032..0.032 rows=0 loops=32568)
                                                         Index Cond: (id = mi2.movie_id)
                                                         Filter: ((production_year <= 1975) AND (production_year >= 1925))
                                                         Rows Removed by Filter: 1
                                                         Buffers: shared hit=114927 read=15345
                                             ->  Hash  (cost=1.11..1.11 rows=5 width=4) (actual time=0.019..0.020 rows=5 loops=1)
                                                   Buckets: 1024  Batches: 1  Memory Usage: 9kB
                                                   Buffers: shared hit=1
                                                   ->  Seq Scan on kind_type kt  (cost=0.00..1.11 rows=5 width=4) (actual time=0.010..0.012 rows=5 loops=1)
                                                         Filter: ((kind)::text = ANY ('{episode,movie,"tv movie","tv series","video game"}'::text[]))
                                                         Rows Removed by Filter: 2
                                                         Buffers: shared hit=1
                                       ->  Index Scan using movie_id_movie_info on movie_info mi1  (cost=0.43..43.16 rows=1 width=8) (actual time=0.068..0.159 rows=1 loops=9376)
                                             Index Cond: (movie_id = t.id)
                                             Filter: ((info_type_id = 6) AND ((info)::text = ANY ('{"4-Track Stereo","70 mm 6-Track","Dolby Digital",Mono,Stereo}'::text[])))
                                             Rows Removed by Filter: 36
                                             Buffers: shared hit=104105 read=46317
                                 ->  Seq Scan on info_type it1  (cost=0.00..2.41 rows=1 width=4) (actual time=0.008..0.016 rows=1 loops=8539)
                                       Filter: (id = 6)
                                       Rows Removed by Filter: 112
                                       Buffers: shared hit=8539
                           ->  Seq Scan on info_type it2  (cost=0.00..2.41 rows=1 width=4) (actual time=0.010..0.018 rows=1 loops=8539)
                                 Filter: (id = 5)
                                 Rows Removed by Filter: 112
                                 Buffers: shared hit=8539
                     ->  Index Scan using movie_id_cast_info on cast_info ci  (cost=0.44..44.48 rows=38 width=12) (actual time=0.035..0.316 rows=33 loops=8539)
                           Index Cond: (movie_id = t.id)
                           Buffers: shared hit=257835 read=46648
               ->  Hash  (cost=1.15..1.15 rows=2 width=4) (actual time=0.038..0.039 rows=2 loops=1)
                     Buckets: 1024  Batches: 1  Memory Usage: 9kB
                     Buffers: shared hit=1
                     ->  Seq Scan on role_type rt  (cost=0.00..1.15 rows=2 width=4) (actual time=0.030..0.032 rows=2 loops=1)
                           Filter: ((role)::text = ANY ('{director,editor}'::text[]))
                           Rows Removed by Filter: 10
                           Buffers: shared hit=1
         ->  Index Scan using name_pkey on name n  (cost=0.43..2.32 rows=1 width=4) (actual time=0.033..0.033 rows=0 loops=16661)
               Index Cond: (id = ci.person_id)
               Filter: ((gender)::text = ANY ('{f,m}'::text[]))
               Rows Removed by Filter: 1
               Buffers: shared hit=64483 read=2161
 Planning:
   Buffers: shared hit=574
 Planning Time: 13.336 ms
 Execution Time: 6670.904 ms
(73 rows)

