                                                                                                                                        QUERY PLAN                                                                                                                                         
-------------------------------------------------------------------------------------------------------------------------------------------------------------------------------------------------------------------------------------------------------------------------------------------
 Aggregate  (cost=570748.91..570748.92 rows=1 width=8) (actual time=94383.282..94383.291 rows=1 loops=1)
   Buffers: shared hit=8428635 read=873576
   ->  Nested Loop  (cost=4697.74..570748.80 rows=42 width=0) (actual time=21.009..94153.908 rows=1395874 loops=1)
         Buffers: shared hit=8428635 read=873576
         ->  Hash Join  (cost=4697.31..570600.35 rows=64 width=4) (actual time=20.961..40329.835 rows=1415307 loops=1)
               Hash Cond: (ci.role_id = rt.id)
               Buffers: shared hit=2910511 read=730472
               ->  Nested Loop  (cost=4696.11..570598.23 rows=258 width=8) (actual time=20.709..39510.749 rows=2648672 loops=1)
                     Buffers: shared hit=2910510 read=730472
                     ->  Nested Loop  (cost=4695.67..569812.36 rows=18 width=12) (actual time=20.669..10624.665 rows=41543 loops=1)
                           Buffers: shared hit=766079 read=168480
                           ->  Seq Scan on info_type it2  (cost=0.00..2.41 rows=1 width=4) (actual time=0.032..0.043 rows=1 loops=1)
                                 Filter: (id = 5)
                                 Rows Removed by Filter: 112
                                 Buffers: shared hit=1
                           ->  Nested Loop  (cost=4695.67..569809.77 rows=18 width=16) (actual time=20.636..10611.291 rows=41543 loops=1)
                                 Buffers: shared hit=766078 read=168480
                                 ->  Seq Scan on info_type it1  (cost=0.00..2.41 rows=1 width=4) (actual time=0.008..0.023 rows=1 loops=1)
                                       Filter: (id = 4)
                                       Rows Removed by Filter: 112
                                       Buffers: shared hit=1
                                 ->  Nested Loop  (cost=4695.67..569807.18 rows=18 width=20) (actual time=20.624..10598.231 rows=41543 loops=1)
                                       Buffers: shared hit=766077 read=168480
                                       ->  Hash Join  (cost=4695.20..544612.53 rows=595 width=12) (actual time=20.586..2400.616 rows=41115 loops=1)
                                             Hash Cond: (t.kind_id = kt.id)
                                             Buffers: shared hit=151609 read=34684
                                             ->  Nested Loop  (cost=4694.02..544607.85 rows=833 width=16) (actual time=20.540..2369.373 rows=41516 loops=1)
                                                   Buffers: shared hit=151608 read=34684
                                                   ->  Bitmap Heap Scan on movie_info mi2  (cost=4693.59..537276.22 rows=892 width=8) (actual time=20.488..713.119 rows=41680 loops=1)
                                                         Recheck Cond: (info_type_id = 5)
                                                         Filter: ((info)::text = ANY ('{Argentina:Unrated,Canada:18+,Finland:K-11,Germany:12,Germany:o.Al.,"Hong Kong:I",Italy:VM14,Netherlands:18,Peru:PT,Philippines:R-13,Singapore:M18,Spain:7,UK:15,USA:Approved,USA:TV-Y7}'::text[]))
                                                         Rows Removed by Filter: 444874
                                                         Heap Blocks: exact=19164
                                                         Buffers: shared hit=4374 read=15198
                                                         ->  Bitmap Index Scan on info_type_id_movie_info  (cost=0.00..4693.37 rows=439058 width=0) (actual time=17.583..17.584 rows=486554 loops=1)
                                                               Index Cond: (info_type_id = 5)
                                                               Buffers: shared read=408
                                                   ->  Index Scan using title_pkey on title t  (cost=0.43..8.22 rows=1 width=8) (actual time=0.039..0.039 rows=1 loops=41680)
                                                         Index Cond: (id = mi2.movie_id)
                                                         Filter: ((production_year <= 2015) AND (production_year >= 1925))
                                                         Rows Removed by Filter: 0
                                                         Buffers: shared hit=147234 read=19486
                                             ->  Hash  (cost=1.11..1.11 rows=5 width=4) (actual time=0.018..0.019 rows=5 loops=1)
                                                   Buckets: 1024  Batches: 1  Memory Usage: 9kB
                                                   Buffers: shared hit=1
                                                   ->  Seq Scan on kind_type kt  (cost=0.00..1.11 rows=5 width=4) (actual time=0.009..0.011 rows=5 loops=1)
                                                         Filter: ((kind)::text = ANY ('{episode,movie,"tv movie","tv series","video movie"}'::text[]))
                                                         Rows Removed by Filter: 2
                                                         Buffers: shared hit=1
                                       ->  Index Scan using movie_id_movie_info on movie_info mi1  (cost=0.47..42.33 rows=1 width=8) (actual time=0.052..0.198 rows=1 loops=41115)
                                             Index Cond: (movie_id = t.id)
                                             Filter: ((info_type_id = 4) AND ((info)::text = ANY ('{Cantonese,Czech,English,German,"Irish Gaelic",Italian,Latin,Malayalam,Romanian,Spanish,Swahili,Tagalog,Yiddish}'::text[])))
                                             Rows Removed by Filter: 71
                                             Buffers: shared hit=614468 read=133796
                     ->  Index Scan using movie_id_cast_info on cast_info ci  (cost=0.44..43.28 rows=38 width=12) (actual time=0.040..0.677 rows=64 loops=41543)
                           Index Cond: (movie_id = t.id)
                           Buffers: shared hit=2144431 read=561992
               ->  Hash  (cost=1.17..1.17 rows=3 width=4) (actual time=0.037..0.037 rows=3 loops=1)
                     Buckets: 1024  Batches: 1  Memory Usage: 9kB
                     Buffers: shared hit=1
                     ->  Seq Scan on role_type rt  (cost=0.00..1.17 rows=3 width=4) (actual time=0.025..0.029 rows=3 loops=1)
                           Filter: ((role)::text = ANY ('{actor,actress,cinematographer}'::text[]))
                           Rows Removed by Filter: 9
                           Buffers: shared hit=1
         ->  Index Scan using name_pkey on name n  (cost=0.43..2.32 rows=1 width=4) (actual time=0.037..0.037 rows=1 loops=1415307)
               Index Cond: (id = ci.person_id)
               Filter: ((gender)::text = ANY ('{f,m}'::text[]))
               Rows Removed by Filter: 0
               Buffers: shared hit=5518124 read=143104
 Planning:
   Buffers: shared hit=532 read=45
 Planning Time: 14.380 ms
 Execution Time: 94384.028 ms
(73 rows)

