                                                                                                              QUERY PLAN                                                                                                              
--------------------------------------------------------------------------------------------------------------------------------------------------------------------------------------------------------------------------------------
 Aggregate  (cost=498653.26..498653.27 rows=1 width=8) (actual time=2913.489..2913.496 rows=1 loops=1)
   Buffers: shared hit=236405 read=45911
   ->  Nested Loop  (cost=15874.84..498653.26 rows=1 width=0) (actual time=428.074..2913.481 rows=10 loops=1)
         Buffers: shared hit=236405 read=45911
         ->  Nested Loop  (cost=15874.84..498650.84 rows=1 width=4) (actual time=428.063..2913.321 rows=10 loops=1)
               Buffers: shared hit=236395 read=45911
               ->  Nested Loop  (cost=15874.84..498648.42 rows=1 width=8) (actual time=428.036..2913.118 rows=10 loops=1)
                     Buffers: shared hit=236385 read=45911
                     ->  Hash Join  (cost=15874.41..498634.50 rows=6 width=12) (actual time=126.286..2908.395 rows=103 loops=1)
                           Hash Cond: (ci.role_id = rt.id)
                           Buffers: shared hit=236073 read=45811
                           ->  Nested Loop  (cost=15873.25..498633.08 rows=72 width=16) (actual time=38.169..2906.688 rows=10301 loops=1)
                                 Buffers: shared hit=236072 read=45811
                                 ->  Nested Loop  (cost=15872.81..498410.31 rows=5 width=20) (actual time=38.135..2784.695 rows=694 loops=1)
                                       Buffers: shared hit=228999 read=40760
                                       ->  Hash Join  (cost=15872.34..490765.27 rows=178 width=12) (actual time=38.025..1788.849 rows=11393 loops=1)
                                             Hash Cond: (t.kind_id = kt.id)
                                             Buffers: shared hit=123915 read=32243
                                             ->  Nested Loop  (cost=15871.16..490763.03 rows=250 width=16) (actual time=37.984..1780.877 rows=29474 loops=1)
                                                   Buffers: shared hit=123914 read=32243
                                                   ->  Bitmap Heap Scan on movie_info mi2  (cost=15870.73..479590.58 rows=1380 width=8) (actual time=37.947..666.785 rows=36252 loops=1)
                                                         Recheck Cond: (info_type_id = 7)
                                                         Filter: ((info)::text = ANY ('{LAB:DeLuxe,"LAB:Technicolor, USA","MET:1500 m","MET:200 m","MET:23 m","MET:500 m","MET:600 m",OFM:Live,"PFM:16 mm","RAT:1.36 : 1"}'::text[]))
                                                         Rows Removed by Filter: 1365650
                                                         Heap Blocks: exact=10050
                                                         Buffers: shared hit=750 read=10399
                                                         ->  Bitmap Index Scan on info_type_id_movie_info  (cost=0.00..15870.39 rows=1484527 width=0) (actual time=36.508..36.509 rows=1401902 loops=1)
                                                               Index Cond: (info_type_id = 7)
                                                               Buffers: shared read=1099
                                                   ->  Index Scan using title_pkey on title t  (cost=0.43..8.10 rows=1 width=8) (actual time=0.030..0.030 rows=1 loops=36252)
                                                         Index Cond: (id = mi2.movie_id)
                                                         Filter: ((production_year <= 1975) AND (production_year >= 1875))
                                                         Rows Removed by Filter: 0
                                                         Buffers: shared hit=123164 read=21844
                                             ->  Hash  (cost=1.11..1.11 rows=5 width=4) (actual time=0.020..0.020 rows=5 loops=1)
                                                   Buckets: 1024  Batches: 1  Memory Usage: 9kB
                                                   Buffers: shared hit=1
                                                   ->  Seq Scan on kind_type kt  (cost=0.00..1.11 rows=5 width=4) (actual time=0.012..0.014 rows=5 loops=1)
                                                         Filter: ((kind)::text = ANY ('{episode,"tv movie","tv series","video game","video movie"}'::text[]))
                                                         Rows Removed by Filter: 2
                                                         Buffers: shared hit=1
                                       ->  Index Scan using movie_id_movie_info on movie_info mi1  (cost=0.47..42.94 rows=1 width=8) (actual time=0.087..0.087 rows=0 loops=11393)
                                             Index Cond: (movie_id = t.id)
                                             Filter: ((info_type_id = 3) AND ((info)::text = ANY ('{Animation,Comedy,Crime,Drama,Fantasy,Film-Noir,Game-Show,Horror,Music,News,Romance,Sci-Fi,Thriller}'::text[])))
                                             Rows Removed by Filter: 9
                                             Buffers: shared hit=105084 read=8517
                                 ->  Index Scan using movie_id_cast_info on cast_info ci  (cost=0.44..44.17 rows=38 width=12) (actual time=0.034..0.171 rows=15 loops=694)
                                       Index Cond: (movie_id = t.id)
                                       Buffers: shared hit=7073 read=5051
                           ->  Hash  (cost=1.15..1.15 rows=1 width=4) (actual time=0.029..0.030 rows=1 loops=1)
                                 Buckets: 1024  Batches: 1  Memory Usage: 9kB
                                 Buffers: shared hit=1
                                 ->  Seq Scan on role_type rt  (cost=0.00..1.15 rows=1 width=4) (actual time=0.023..0.024 rows=1 loops=1)
                                       Filter: ((role)::text = 'costume designer'::text)
                                       Rows Removed by Filter: 11
                                       Buffers: shared hit=1
                     ->  Index Scan using name_pkey on name n  (cost=0.43..2.32 rows=1 width=4) (actual time=0.045..0.045 rows=0 loops=103)
                           Index Cond: (id = ci.person_id)
                           Filter: ((gender)::text = 'f'::text)
                           Rows Removed by Filter: 1
                           Buffers: shared hit=312 read=100
               ->  Seq Scan on info_type it1  (cost=0.00..2.41 rows=1 width=4) (actual time=0.009..0.017 rows=1 loops=10)
                     Filter: (id = 3)
                     Rows Removed by Filter: 112
                     Buffers: shared hit=10
         ->  Seq Scan on info_type it2  (cost=0.00..2.41 rows=1 width=4) (actual time=0.006..0.014 rows=1 loops=10)
               Filter: (id = 7)
               Rows Removed by Filter: 112
               Buffers: shared hit=10
 Planning:
   Buffers: shared hit=486 read=91
 Planning Time: 13.185 ms
 Execution Time: 2913.923 ms
(73 rows)

