                                                                                                                                                          QUERY PLAN                                                                                                                                                          
------------------------------------------------------------------------------------------------------------------------------------------------------------------------------------------------------------------------------------------------------------------------------------------------------------------------------
 Aggregate  (cost=636106.80..636106.81 rows=1 width=8) (actual time=9480.054..9480.062 rows=1 loops=1)
   Buffers: shared hit=773967 read=203429
   ->  Nested Loop  (cost=15875.36..636106.77 rows=11 width=0) (actual time=39.921..9476.715 rows=21826 loops=1)
         Buffers: shared hit=773967 read=203429
         ->  Hash Join  (cost=15874.93..636067.34 rows=17 width=4) (actual time=39.877..8703.362 rows=23154 loops=1)
               Hash Cond: (ci.role_id = rt.id)
               Buffers: shared hit=691122 read=193658
               ->  Nested Loop  (cost=15873.76..636065.82 rows=100 width=8) (actual time=39.797..8677.536 rows=144244 loops=1)
                     Buffers: shared hit=691121 read=193658
                     ->  Nested Loop  (cost=15873.32..635759.95 rows=7 width=12) (actual time=39.757..7079.906 rows=3259 loops=1)
                           Buffers: shared hit=611869 read=122638
                           ->  Seq Scan on info_type it2  (cost=0.00..2.41 rows=1 width=4) (actual time=0.030..0.038 rows=1 loops=1)
                                 Filter: (id = 7)
                                 Rows Removed by Filter: 112
                                 Buffers: shared hit=1
                           ->  Nested Loop  (cost=15873.32..635757.46 rows=7 width=16) (actual time=39.726..7078.925 rows=3259 loops=1)
                                 Buffers: shared hit=611868 read=122638
                                 ->  Seq Scan on info_type it1  (cost=0.00..2.41 rows=1 width=4) (actual time=0.012..0.022 rows=1 loops=1)
                                       Filter: (id = 8)
                                       Rows Removed by Filter: 112
                                       Buffers: shared hit=1
                                 ->  Nested Loop  (cost=15873.32..635754.98 rows=7 width=20) (actual time=39.710..7077.866 rows=3259 loops=1)
                                       Buffers: shared hit=611867 read=122638
                                       ->  Hash Join  (cost=15872.88..535981.64 rows=2351 width=12) (actual time=37.589..2335.172 rows=36921 loops=1)
                                             Hash Cond: (t.kind_id = kt.id)
                                             Buffers: shared hit=182080 read=15330
                                             ->  Nested Loop  (cost=15871.69..535968.88 rows=2743 width=16) (actual time=37.539..2320.695 rows=36921 loops=1)
                                                   Buffers: shared hit=182079 read=15330
                                                   ->  Bitmap Heap Scan on movie_info mi2  (cost=15871.25..509782.78 rows=3435 width=8) (actual time=37.465..830.221 rows=49131 loops=1)
                                                         Recheck Cond: (info_type_id = 7)
                                                         Filter: ((info)::text = ANY ('{"CAM:Canon 5D Mark II","CAM:Canon XL-1","CAM:Sony HDW-F900","LAB:Rank Film Laboratories, Denham, UK","LAB:Technicolor, USA",OFM:Digital,PCS:DVCAM,"PCS:Redcode RAW","PFM:16 mm","PFM:70 mm","RAT:1.66 : 1","RAT:2.35 : 1"}'::text[]))
                                                         Rows Removed by Filter: 1352771
                                                         Heap Blocks: exact=10050
                                                         Buffers: shared hit=4812 read=6337
                                                         ->  Bitmap Index Scan on info_type_id_movie_info  (cost=0.00..15870.39 rows=1484527 width=0) (actual time=35.807..35.807 rows=1401902 loops=1)
                                                               Index Cond: (info_type_id = 7)
                                                               Buffers: shared hit=1099
                                                   ->  Memoize  (cost=0.44..7.64 rows=1 width=8) (actual time=0.030..0.030 rows=1 loops=49131)
                                                         Cache Key: mi2.movie_id
                                                         Cache Mode: logical
                                                         Hits: 2566  Misses: 46565  Evictions: 0  Overflows: 0  Memory Usage: 4450kB
                                                         Buffers: shared hit=177267 read=8993
                                                         ->  Index Scan using title_pkey on title t  (cost=0.43..7.63 rows=1 width=8) (actual time=0.030..0.030 rows=1 loops=46565)
                                                               Index Cond: (id = mi2.movie_id)
                                                               Filter: ((production_year <= 2015) AND (production_year >= 1975))
                                                               Rows Removed by Filter: 0
                                                               Buffers: shared hit=177267 read=8993
                                             ->  Hash  (cost=1.12..1.12 rows=6 width=4) (actual time=0.022..0.023 rows=6 loops=1)
                                                   Buckets: 1024  Batches: 1  Memory Usage: 9kB
                                                   Buffers: shared hit=1
                                                   ->  Seq Scan on kind_type kt  (cost=0.00..1.12 rows=6 width=4) (actual time=0.009..0.012 rows=6 loops=1)
                                                         Filter: ((kind)::text = ANY ('{episode,movie,"tv movie","tv series","video game","video movie"}'::text[]))
                                                         Rows Removed by Filter: 1
                                                         Buffers: shared hit=1
                                       ->  Index Scan using movie_id_movie_info on movie_info mi1  (cost=0.43..42.43 rows=1 width=8) (actual time=0.127..0.128 rows=0 loops=36921)
                                             Index Cond: (movie_id = t.id)
                                             Filter: ((info_type_id = 8) AND ((info)::text = ANY ('{Germany,Hungary,Iran,Philippines,"South Korea","Soviet Union"}'::text[])))
                                             Rows Removed by Filter: 40
                                             Buffers: shared hit=429787 read=107308
                     ->  Index Scan using movie_id_cast_info on cast_info ci  (cost=0.44..43.32 rows=38 width=12) (actual time=0.037..0.480 rows=44 loops=3259)
                           Index Cond: (movie_id = t.id)
                           Buffers: shared hit=79252 read=71020
               ->  Hash  (cost=1.15..1.15 rows=2 width=4) (actual time=0.038..0.038 rows=2 loops=1)
                     Buckets: 1024  Batches: 1  Memory Usage: 9kB
                     Buffers: shared hit=1
                     ->  Seq Scan on role_type rt  (cost=0.00..1.15 rows=2 width=4) (actual time=0.028..0.031 rows=2 loops=1)
                           Filter: ((role)::text = ANY ('{actress,"costume designer"}'::text[]))
                           Rows Removed by Filter: 10
                           Buffers: shared hit=1
         ->  Index Scan using name_pkey on name n  (cost=0.43..2.32 rows=1 width=4) (actual time=0.033..0.033 rows=1 loops=23154)
               Index Cond: (id = ci.person_id)
               Filter: ((gender)::text = ANY ('{f,m}'::text[]))
               Rows Removed by Filter: 0
               Buffers: shared hit=82845 read=9771
 Planning:
   Buffers: shared hit=574
 Planning Time: 13.122 ms
 Execution Time: 9481.443 ms
(78 rows)

