                                                                                               QUERY PLAN                                                                                               
--------------------------------------------------------------------------------------------------------------------------------------------------------------------------------------------------------
 Aggregate  (cost=438087.74..438087.75 rows=1 width=8) (actual time=6188.824..6188.830 rows=1 loops=1)
   Buffers: shared hit=546432 read=92440
   ->  Nested Loop  (cost=13059.88..438087.72 rows=9 width=0) (actual time=39.821..6186.637 rows=11765 loops=1)
         Buffers: shared hit=546432 read=92440
         ->  Hash Join  (cost=13059.45..438043.65 rows=19 width=4) (actual time=39.704..5585.656 rows=16304 loops=1)
               Hash Cond: (ci.role_id = rt.id)
               Buffers: shared hit=491297 read=82359
               ->  Nested Loop  (cost=13058.27..438042.06 rows=115 width=8) (actual time=39.410..5547.389 rows=228197 loops=1)
                     Buffers: shared hit=491296 read=82359
                     ->  Nested Loop  (cost=13057.83..437687.17 rows=8 width=12) (actual time=39.369..3151.274 rows=10876 loops=1)
                           Buffers: shared hit=280043 read=36372
                           ->  Seq Scan on info_type it2  (cost=0.00..2.41 rows=1 width=4) (actual time=0.021..0.026 rows=1 loops=1)
                                 Filter: (id = 4)
                                 Rows Removed by Filter: 112
                                 Buffers: shared hit=1
                           ->  Nested Loop  (cost=13057.83..437684.68 rows=8 width=16) (actual time=39.347..3148.729 rows=10876 loops=1)
                                 Buffers: shared hit=280042 read=36372
                                 ->  Seq Scan on info_type it1  (cost=0.00..2.41 rows=1 width=4) (actual time=0.008..0.015 rows=1 loops=1)
                                       Filter: (id = 2)
                                       Rows Removed by Filter: 112
                                       Buffers: shared hit=1
                                 ->  Nested Loop  (cost=13057.83..437682.18 rows=8 width=20) (actual time=39.337..3146.200 rows=10876 loops=1)
                                       Buffers: shared hit=280041 read=36372
                                       ->  Hash Join  (cost=13057.40..430212.48 rows=175 width=12) (actual time=39.285..2101.298 rows=12122 loops=1)
                                             Hash Cond: (t.kind_id = kt.id)
                                             Buffers: shared hit=177659 read=23230
                                             ->  Nested Loop  (cost=13056.26..430209.63 rows=408 width=16) (actual time=36.335..2094.624 rows=15288 loops=1)
                                                   Buffers: shared hit=177658 read=23230
                                                   ->  Bitmap Heap Scan on movie_info mi2  (cost=13055.83..415325.71 rows=1865 width=8) (actual time=36.290..550.237 rows=47869 loops=1)
                                                         Recheck Cond: (info_type_id = 4)
                                                         Filter: ((info)::text = ANY ('{Cantonese,Georgian,Norwegian,Portuguese,Romanian,Russian}'::text[]))
                                                         Rows Removed by Filter: 1251120
                                                         Heap Blocks: exact=8393
                                                         Buffers: shared hit=4226 read=5186
                                                         ->  Bitmap Index Scan on info_type_id_movie_info  (cost=0.00..13055.37 rows=1221191 width=0) (actual time=33.861..33.862 rows=1298989 loops=1)
                                                               Index Cond: (info_type_id = 4)
                                                               Buffers: shared read=1019
                                                   ->  Index Scan using title_pkey on title t  (cost=0.43..7.98 rows=1 width=8) (actual time=0.032..0.032 rows=0 loops=47869)
                                                         Index Cond: (id = mi2.movie_id)
                                                         Filter: ((production_year <= 1990) AND (production_year >= 1950))
                                                         Rows Removed by Filter: 1
                                                         Buffers: shared hit=173432 read=18044
                                             ->  Hash  (cost=1.10..1.10 rows=3 width=4) (actual time=0.012..0.013 rows=3 loops=1)
                                                   Buckets: 1024  Batches: 1  Memory Usage: 9kB
                                                   Buffers: shared hit=1
                                                   ->  Seq Scan on kind_type kt  (cost=0.00..1.10 rows=3 width=4) (actual time=0.006..0.008 rows=3 loops=1)
                                                         Filter: ((kind)::text = ANY ('{episode,movie,"video game"}'::text[]))
                                                         Rows Removed by Filter: 4
                                                         Buffers: shared hit=1
                                       ->  Index Scan using movie_id_movie_info on movie_info mi1  (cost=0.43..42.67 rows=1 width=8) (actual time=0.070..0.086 rows=1 loops=12122)
                                             Index Cond: (movie_id = t.id)
                                             Filter: (((info)::text = ANY ('{"Black and White",Color}'::text[])) AND (info_type_id = 2))
                                             Rows Removed by Filter: 10
                                             Buffers: shared hit=102382 read=13142
                     ->  Index Scan using movie_id_cast_info on cast_info ci  (cost=0.44..43.98 rows=38 width=12) (actual time=0.037..0.215 rows=21 loops=10876)
                           Index Cond: (movie_id = t.id)
                           Buffers: shared hit=211253 read=45987
               ->  Hash  (cost=1.15..1.15 rows=2 width=4) (actual time=0.028..0.028 rows=2 loops=1)
                     Buckets: 1024  Batches: 1  Memory Usage: 9kB
                     Buffers: shared hit=1
                     ->  Seq Scan on role_type rt  (cost=0.00..1.15 rows=2 width=4) (actual time=0.022..0.023 rows=2 loops=1)
                           Filter: ((role)::text = ANY ('{editor,"miscellaneous crew"}'::text[]))
                           Rows Removed by Filter: 10
                           Buffers: shared hit=1
         ->  Index Scan using name_pkey on name n  (cost=0.43..2.32 rows=1 width=4) (actual time=0.036..0.036 rows=1 loops=16304)
               Index Cond: (id = ci.person_id)
               Filter: (((gender)::text = 'f'::text) OR (gender IS NULL))
               Rows Removed by Filter: 0
               Buffers: shared hit=55135 read=10081
 Planning:
   Buffers: shared hit=484 read=90
 Planning Time: 12.942 ms
 Execution Time: 6189.270 ms
(73 rows)

