                                                                                                                                                               QUERY PLAN                                                                                                                                                               
----------------------------------------------------------------------------------------------------------------------------------------------------------------------------------------------------------------------------------------------------------------------------------------------------------------------------------------
 Aggregate  (cost=343527.54..343527.55 rows=1 width=8) (actual time=482.968..482.973 rows=1 loops=1)
   Buffers: shared hit=22752 read=23872
   ->  Nested Loop  (cost=3725.55..343527.54 rows=3 width=0) (actual time=32.083..482.865 rows=1030 loops=1)
         Buffers: shared hit=22752 read=23872
         ->  Hash Join  (cost=3725.12..343513.62 rows=6 width=4) (actual time=32.037..442.476 rows=1162 loops=1)
               Hash Cond: (ci.role_id = rt.id)
               Buffers: shared hit=19255 read=22721
               ->  Nested Loop  (cost=3723.86..343512.31 rows=14 width=8) (actual time=31.820..441.805 rows=4095 loops=1)
                     Buffers: shared hit=19254 read=22721
                     ->  Nested Loop  (cost=3723.42..343467.46 rows=1 width=12) (actual time=31.778..397.589 rows=104 loops=1)
                           Buffers: shared hit=17565 read=20043
                           ->  Nested Loop  (cost=3723.42..343465.03 rows=1 width=16) (actual time=31.773..396.587 rows=104 loops=1)
                                 Buffers: shared hit=17461 read=20043
                                 ->  Nested Loop  (cost=3723.42..343462.61 rows=1 width=20) (actual time=31.755..395.458 rows=104 loops=1)
                                       Buffers: shared hit=17357 read=20043
                                       ->  Nested Loop  (cost=3722.99..343375.65 rows=2 width=12) (actual time=15.961..246.196 rows=1279 loops=1)
                                             Buffers: shared hit=9059 read=12055
                                             ->  Nested Loop  (cost=3722.85..343375.17 rows=3 width=16) (actual time=15.948..231.034 rows=1279 loops=1)
                                                   Buffers: shared hit=6501 read=12055
                                                   ->  Bitmap Heap Scan on movie_info mi1  (cost=3722.42..343223.03 rows=18 width=8) (actual time=15.570..177.904 rows=1835 loops=1)
                                                         Recheck Cond: (info_type_id = 17)
                                                         Filter: ((info)::text = ANY ('{"Last show of the series.","One of over 700 Paramount Productions, filmed between 1929 and 1949, which were sold to MCA/Universal in 1958 for television distribution, and have been owned and controlled by Universal ever since."}'::text[]))
                                                         Rows Removed by Filter: 366383
                                                         Heap Blocks: exact=10925
                                                         Buffers: shared hit=910 read=10306
                                                         ->  Bitmap Index Scan on info_type_id_movie_info  (cost=0.00..3722.42 rows=347998 width=0) (actual time=14.019..14.020 rows=368218 loops=1)
                                                               Index Cond: (info_type_id = 17)
                                                               Buffers: shared read=291
                                                   ->  Index Scan using title_pkey on title t  (cost=0.43..8.45 rows=1 width=8) (actual time=0.029..0.029 rows=1 loops=1835)
                                                         Index Cond: (id = mi1.movie_id)
                                                         Filter: ((production_year <= 1975) AND (production_year >= 1925))
                                                         Rows Removed by Filter: 0
                                                         Buffers: shared hit=5591 read=1749
                                             ->  Index Scan using kind_type_pkey on kind_type kt  (cost=0.13..0.16 rows=1 width=4) (actual time=0.011..0.011 rows=1 loops=1279)
                                                   Index Cond: (id = t.kind_id)
                                                   Filter: ((kind)::text = ANY ('{episode,movie,"tv movie","video game","video movie"}'::text[]))
                                                   Buffers: shared hit=2558
                                       ->  Index Scan using movie_id_movie_info on movie_info mi2  (cost=0.43..43.47 rows=1 width=8) (actual time=0.110..0.116 rows=0 loops=1279)
                                             Index Cond: (movie_id = t.id)
                                             Filter: ((info_type_id = 1) AND ((info)::text = ANY ('{109,111,112,25,74,75,78,79,83,92,USA:60}'::text[])))
                                             Rows Removed by Filter: 17
                                             Buffers: shared hit=8298 read=7988
                                 ->  Seq Scan on info_type it1  (cost=0.00..2.41 rows=1 width=4) (actual time=0.005..0.009 rows=1 loops=104)
                                       Filter: (id = 17)
                                       Rows Removed by Filter: 112
                                       Buffers: shared hit=104
                           ->  Seq Scan on info_type it2  (cost=0.00..2.41 rows=1 width=4) (actual time=0.003..0.008 rows=1 loops=104)
                                 Filter: (id = 1)
                                 Rows Removed by Filter: 112
                                 Buffers: shared hit=104
                     ->  Index Scan using movie_id_cast_info on cast_info ci  (cost=0.44..44.48 rows=38 width=12) (actual time=0.046..0.418 rows=39 loops=104)
                           Index Cond: (movie_id = t.id)
                           Buffers: shared hit=1689 read=2678
               ->  Hash  (cost=1.20..1.20 rows=5 width=4) (actual time=0.036..0.037 rows=5 loops=1)
                     Buckets: 1024  Batches: 1  Memory Usage: 9kB
                     Buffers: shared hit=1
                     ->  Seq Scan on role_type rt  (cost=0.00..1.20 rows=5 width=4) (actual time=0.025..0.029 rows=5 loops=1)
                           Filter: ((role)::text = ANY ('{actress,composer,director,editor,"production designer"}'::text[]))
                           Rows Removed by Filter: 7
                           Buffers: shared hit=1
         ->  Index Scan using name_pkey on name n  (cost=0.43..2.32 rows=1 width=4) (actual time=0.034..0.034 rows=1 loops=1162)
               Index Cond: (id = ci.person_id)
               Filter: (((gender)::text = 'f'::text) OR (gender IS NULL))
               Rows Removed by Filter: 0
               Buffers: shared hit=3497 read=1151
 Planning:
   Buffers: shared hit=529 read=45
 Planning Time: 14.152 ms
 Execution Time: 483.520 ms
(69 rows)

