                                                                                                                                                                                                            QUERY PLAN                                                                                                                                                                                                            
----------------------------------------------------------------------------------------------------------------------------------------------------------------------------------------------------------------------------------------------------------------------------------------------------------------------------------------------------------------------------------------------------------------------------------
 Aggregate  (cost=423549.21..423549.22 rows=1 width=8) (actual time=1695.107..1695.114 rows=1 loops=1)
   Buffers: shared hit=154922 read=18365
   ->  Nested Loop  (cost=7081.82..423549.20 rows=2 width=0) (actual time=81.886..1694.610 rows=2877 loops=1)
         Buffers: shared hit=154922 read=18365
         ->  Hash Join  (cost=7081.39..423539.93 rows=4 width=4) (actual time=81.817..1598.290 rows=2927 loops=1)
               Hash Cond: (ci.role_id = rt.id)
               Buffers: shared hit=143386 read=18193
               ->  Nested Loop  (cost=7080.19..423538.68 rows=14 width=8) (actual time=25.520..1594.467 rows=18460 loops=1)
                     Buffers: shared hit=143385 read=18193
                     ->  Nested Loop  (cost=7079.75..423493.82 rows=1 width=12) (actual time=24.984..1384.451 rows=799 loops=1)
                           Buffers: shared hit=125712 read=15143
                           ->  Nested Loop  (cost=7079.75..423491.40 rows=1 width=16) (actual time=24.979..1371.111 rows=799 loops=1)
                                 Buffers: shared hit=124913 read=15143
                                 ->  Nested Loop  (cost=7079.75..423488.97 rows=1 width=20) (actual time=24.956..1355.463 rows=799 loops=1)
                                       Buffers: shared hit=124114 read=15143
                                       ->  Hash Join  (cost=7079.31..422969.05 rows=12 width=12) (actual time=24.113..743.355 rows=6656 loops=1)
                                             Hash Cond: (t.kind_id = kt.id)
                                             Buffers: shared hit=50527 read=12390
                                             ->  Nested Loop  (cost=7078.13..422967.81 rows=17 width=16) (actual time=24.071..739.968 rows=8480 loops=1)
                                                   Buffers: shared hit=50526 read=12390
                                                   ->  Bitmap Heap Scan on movie_info mi2  (cost=7077.70..421970.41 rows=118 width=8) (actual time=22.455..290.297 rows=13856 loops=1)
                                                         Recheck Cond: (info_type_id = 18)
                                                         Filter: ((info)::text = ANY ('{"California, USA","Cinecittà Studios, Cinecittà, Rome, Lazio, Italy","Desilu Studios - 9336 W. Washington Blvd., Culver City, California, USA","Hawaii, USA","Munich, Bavaria, Germany","Shepperton Studios, Shepperton, Surrey, England, UK","Universal Studios - 100 Universal City Plaza, Universal City, California, USA"}'::text[]))
                                                         Rows Removed by Filter: 647067
                                                         Heap Blocks: exact=6972
                                                         Buffers: shared hit=1824 read=5668
                                                         ->  Bitmap Index Scan on info_type_id_movie_info  (cost=0.00..7077.68 rows=662032 width=0) (actual time=21.520..21.520 rows=660923 loops=1)
                                                               Index Cond: (info_type_id = 18)
                                                               Buffers: shared hit=1 read=519
                                                   ->  Index Scan using title_pkey on title t  (cost=0.43..8.45 rows=1 width=8) (actual time=0.032..0.032 rows=1 loops=13856)
                                                         Index Cond: (id = mi2.movie_id)
                                                         Filter: ((production_year <= 1975) AND (production_year >= 1925))
                                                         Rows Removed by Filter: 0
                                                         Buffers: shared hit=48702 read=6722
                                             ->  Hash  (cost=1.11..1.11 rows=5 width=4) (actual time=0.017..0.018 rows=5 loops=1)
                                                   Buckets: 1024  Batches: 1  Memory Usage: 9kB
                                                   Buffers: shared hit=1
                                                   ->  Seq Scan on kind_type kt  (cost=0.00..1.11 rows=5 width=4) (actual time=0.009..0.010 rows=5 loops=1)
                                                         Filter: ((kind)::text = ANY ('{episode,"tv movie","tv series","video game","video movie"}'::text[]))
                                                         Rows Removed by Filter: 2
                                                         Buffers: shared hit=1
                                       ->  Index Scan using movie_id_movie_info on movie_info mi1  (cost=0.43..43.32 rows=1 width=8) (actual time=0.089..0.091 rows=0 loops=6656)
                                             Index Cond: (movie_id = t.id)
                                             Filter: ((info_type_id = 5) AND ((info)::text = ANY ('{Australia:G,Brazil:12,Canada:PG,Italy:VM18,Japan:G,Netherlands:16,Singapore:NC-16,"South Korea:18"}'::text[])))
                                             Rows Removed by Filter: 12
                                             Buffers: shared hit=73587 read=2753
                                 ->  Seq Scan on info_type it1  (cost=0.00..2.41 rows=1 width=4) (actual time=0.009..0.018 rows=1 loops=799)
                                       Filter: (id = 5)
                                       Rows Removed by Filter: 112
                                       Buffers: shared hit=799
                           ->  Seq Scan on info_type it2  (cost=0.00..2.41 rows=1 width=4) (actual time=0.007..0.015 rows=1 loops=799)
                                 Filter: (id = 18)
                                 Rows Removed by Filter: 112
                                 Buffers: shared hit=799
                     ->  Index Scan using movie_id_cast_info on cast_info ci  (cost=0.44..44.48 rows=38 width=12) (actual time=0.040..0.257 rows=23 loops=799)
                           Index Cond: (movie_id = t.id)
                           Buffers: shared hit=17673 read=3050
               ->  Hash  (cost=1.17..1.17 rows=3 width=4) (actual time=0.036..0.037 rows=3 loops=1)
                     Buckets: 1024  Batches: 1  Memory Usage: 9kB
                     Buffers: shared hit=1
                     ->  Seq Scan on role_type rt  (cost=0.00..1.17 rows=3 width=4) (actual time=0.027..0.030 rows=3 loops=1)
                           Filter: ((role)::text = ANY ('{cinematographer,guest,producer}'::text[]))
                           Rows Removed by Filter: 9
                           Buffers: shared hit=1
         ->  Index Scan using name_pkey on name n  (cost=0.43..2.32 rows=1 width=4) (actual time=0.032..0.032 rows=1 loops=2927)
               Index Cond: (id = ci.person_id)
               Filter: (((gender)::text = 'm'::text) OR (gender IS NULL))
               Rows Removed by Filter: 0
               Buffers: shared hit=11536 read=172
 Planning:
   Buffers: shared hit=574
 Planning Time: 14.120 ms
 Execution Time: 1695.655 ms
(73 rows)

