                                                                                              QUERY PLAN                                                                                              
------------------------------------------------------------------------------------------------------------------------------------------------------------------------------------------------------
 Aggregate  (cost=382044.65..382044.66 rows=1 width=8) (actual time=7193.834..7193.843 rows=1 loops=1)
   Buffers: shared hit=632418 read=117141
   ->  Nested Loop  (cost=4697.66..382044.64 rows=1 width=0) (actual time=72.289..7192.257 rows=7527 loops=1)
         Buffers: shared hit=632418 read=117141
         ->  Hash Join  (cost=4697.23..382035.37 rows=4 width=4) (actual time=49.373..5966.010 rows=33774 loops=1)
               Hash Cond: (ci.role_id = rt.id)
               Buffers: shared hit=507715 read=106748
               ->  Nested Loop  (cost=4696.03..382034.12 rows=14 width=8) (actual time=48.099..5939.730 rows=105888 loops=1)
                     Buffers: shared hit=507714 read=106748
                     ->  Nested Loop  (cost=4695.59..381989.57 rows=1 width=12) (actual time=48.043..4867.810 rows=3274 loops=1)
                           Buffers: shared hit=419015 read=83685
                           ->  Nested Loop  (cost=4695.59..381987.15 rows=1 width=16) (actual time=48.034..4807.119 rows=3274 loops=1)
                                 Buffers: shared hit=415741 read=83685
                                 ->  Nested Loop  (cost=4695.59..381984.73 rows=1 width=20) (actual time=47.998..4731.793 rows=3274 loops=1)
                                       Buffers: shared hit=412467 read=83685
                                       ->  Hash Join  (cost=4695.15..378504.28 rows=81 width=12) (actual time=20.907..2188.057 rows=15464 loops=1)
                                             Hash Cond: (t.kind_id = kt.id)
                                             Buffers: shared hit=206073 read=28796
                                             ->  Nested Loop  (cost=4693.96..378502.68 rows=95 width=16) (actual time=20.862..2180.102 rows=15464 loops=1)
                                                   Buffers: shared hit=206072 read=28796
                                                   ->  Bitmap Heap Scan on movie_info mi1  (cost=4693.53..374133.12 rows=525 width=8) (actual time=19.241..389.202 rows=53824 loops=1)
                                                         Recheck Cond: (info_type_id = 5)
                                                         Filter: ((info)::text = ANY ('{Australia:PG,Finland:K-18,Germany:12,India:U,Singapore:PG,UK:PG,UK:U,USA:G,USA:GP,"USA:Not Rated"}'::text[]))
                                                         Rows Removed by Filter: 432730
                                                         Heap Blocks: exact=19164
                                                         Buffers: shared hit=1861 read=17711
                                                         ->  Bitmap Index Scan on info_type_id_movie_info  (cost=0.00..4693.37 rows=439058 width=0) (actual time=16.693..16.694 rows=486554 loops=1)
                                                               Index Cond: (info_type_id = 5)
                                                               Buffers: shared hit=1 read=407
                                                   ->  Index Scan using title_pkey on title t  (cost=0.43..8.32 rows=1 width=8) (actual time=0.033..0.033 rows=0 loops=53824)
                                                         Index Cond: (id = mi1.movie_id)
                                                         Filter: ((production_year <= 1975) AND (production_year >= 1875))
                                                         Rows Removed by Filter: 1
                                                         Buffers: shared hit=204211 read=11085
                                             ->  Hash  (cost=1.12..1.12 rows=6 width=4) (actual time=0.022..0.023 rows=6 loops=1)
                                                   Buckets: 1024  Batches: 1  Memory Usage: 9kB
                                                   Buffers: shared hit=1
                                                   ->  Seq Scan on kind_type kt  (cost=0.00..1.12 rows=6 width=4) (actual time=0.012..0.015 rows=6 loops=1)
                                                         Filter: ((kind)::text = ANY ('{episode,movie,"tv movie","tv series","video game","video movie"}'::text[]))
                                                         Rows Removed by Filter: 1
                                                         Buffers: shared hit=1
                                       ->  Index Scan using movie_id_movie_info on movie_info mi2  (cost=0.43..42.96 rows=1 width=8) (actual time=0.143..0.164 rows=0 loops=15464)
                                             Index Cond: (movie_id = t.id)
                                             Filter: ((info_type_id = 6) AND ((info)::text = ANY ('{"4-Track Stereo","70 mm 6-Track","Dolby Digital",Silent,Stereo}'::text[])))
                                             Rows Removed by Filter: 52
                                             Buffers: shared hit=206394 read=54889
                                 ->  Seq Scan on info_type it1  (cost=0.00..2.41 rows=1 width=4) (actual time=0.012..0.021 rows=1 loops=3274)
                                       Filter: (id = 5)
                                       Rows Removed by Filter: 112
                                       Buffers: shared hit=3274
                           ->  Seq Scan on info_type it2  (cost=0.00..2.41 rows=1 width=4) (actual time=0.008..0.017 rows=1 loops=3274)
                                 Filter: (id = 6)
                                 Rows Removed by Filter: 112
                                 Buffers: shared hit=3274
                     ->  Index Scan using movie_id_cast_info on cast_info ci  (cost=0.44..44.17 rows=38 width=12) (actual time=0.038..0.318 rows=32 loops=3274)
                           Index Cond: (movie_id = t.id)
                           Buffers: shared hit=88699 read=23063
               ->  Hash  (cost=1.17..1.17 rows=3 width=4) (actual time=0.037..0.038 rows=3 loops=1)
                     Buckets: 1024  Batches: 1  Memory Usage: 9kB
                     Buffers: shared hit=1
                     ->  Seq Scan on role_type rt  (cost=0.00..1.17 rows=3 width=4) (actual time=0.027..0.031 rows=3 loops=1)
                           Filter: ((role)::text = ANY ('{actress,composer,"miscellaneous crew"}'::text[]))
                           Rows Removed by Filter: 9
                           Buffers: shared hit=1
         ->  Index Scan using name_pkey on name n  (cost=0.43..2.32 rows=1 width=4) (actual time=0.036..0.036 rows=0 loops=33774)
               Index Cond: (id = ci.person_id)
               Filter: (gender IS NULL)
               Rows Removed by Filter: 1
               Buffers: shared hit=124703 read=10393
 Planning:
   Buffers: shared hit=576 read=1
 Planning Time: 12.548 ms
 Execution Time: 7194.570 ms
(73 rows)

