                                                                                               QUERY PLAN                                                                                               
--------------------------------------------------------------------------------------------------------------------------------------------------------------------------------------------------------
 Aggregate  (cost=488146.29..488146.30 rows=1 width=8) (actual time=5846.985..5846.992 rows=1 loops=1)
   Buffers: shared hit=518441 read=84516
   ->  Nested Loop  (cost=13059.81..488146.27 rows=7 width=0) (actual time=41.418..5846.235 rows=2307 loops=1)
         Buffers: shared hit=518441 read=84516
         ->  Hash Join  (cost=13059.38..488120.76 rows=11 width=4) (actual time=36.522..5509.034 rows=9664 loops=1)
               Hash Cond: (ci.role_id = rt.id)
               Buffers: shared hit=483598 read=80703
               ->  Nested Loop  (cost=13058.18..488119.40 rows=43 width=8) (actual time=35.923..5492.417 rows=90353 loops=1)
                     Buffers: shared hit=483597 read=80703
                     ->  Nested Loop  (cost=13057.74..487988.31 rows=3 width=12) (actual time=35.872..4485.646 rows=3861 loops=1)
                           Buffers: shared hit=415132 read=49341
                           ->  Seq Scan on info_type it2  (cost=0.00..2.41 rows=1 width=4) (actual time=0.021..0.029 rows=1 loops=1)
                                 Filter: (id = 6)
                                 Rows Removed by Filter: 112
                                 Buffers: shared hit=1
                           ->  Nested Loop  (cost=13057.74..487985.87 rows=3 width=16) (actual time=35.849..4484.616 rows=3861 loops=1)
                                 Buffers: shared hit=415131 read=49341
                                 ->  Seq Scan on info_type it1  (cost=0.00..2.41 rows=1 width=4) (actual time=0.008..0.018 rows=1 loops=1)
                                       Filter: (id = 4)
                                       Rows Removed by Filter: 112
                                       Buffers: shared hit=1
                                 ->  Nested Loop  (cost=13057.74..487983.42 rows=3 width=20) (actual time=35.839..4483.563 rows=3861 loops=1)
                                       Buffers: shared hit=415130 read=49341
                                       ->  Hash Join  (cost=13057.30..456073.49 rows=751 width=12) (actual time=35.795..2688.602 rows=23409 loops=1)
                                             Hash Cond: (t.kind_id = kt.id)
                                             Buffers: shared hit=238740 read=21405
                                             ->  Nested Loop  (cost=13056.13..456067.88 rows=1052 width=16) (actual time=35.761..2673.396 rows=47093 loops=1)
                                                   Buffers: shared hit=238739 read=21405
                                                   ->  Bitmap Heap Scan on movie_info mi1  (cost=13055.70..445383.94 rows=1317 width=8) (actual time=35.711..661.534 rows=62683 loops=1)
                                                         Recheck Cond: (info_type_id = 4)
                                                         Filter: ((info)::text = ANY ('{Czech,Dutch,Hebrew,Korean,Norwegian,Russian,Serbo-Croatian,Swedish}'::text[]))
                                                         Rows Removed by Filter: 1236306
                                                         Heap Blocks: exact=8393
                                                         Buffers: shared hit=2810 read=6602
                                                         ->  Bitmap Index Scan on info_type_id_movie_info  (cost=0.00..13055.37 rows=1221191 width=0) (actual time=33.131..33.131 rows=1298989 loops=1)
                                                               Index Cond: (info_type_id = 4)
                                                               Buffers: shared read=1019
                                                   ->  Index Scan using title_pkey on title t  (cost=0.43..8.11 rows=1 width=8) (actual time=0.032..0.032 rows=1 loops=62683)
                                                         Index Cond: (id = mi1.movie_id)
                                                         Filter: ((production_year <= 2015) AND (production_year >= 1975))
                                                         Rows Removed by Filter: 0
                                                         Buffers: shared hit=235929 read=14803
                                             ->  Hash  (cost=1.11..1.11 rows=5 width=4) (actual time=0.014..0.015 rows=5 loops=1)
                                                   Buckets: 1024  Batches: 1  Memory Usage: 9kB
                                                   Buffers: shared hit=1
                                                   ->  Seq Scan on kind_type kt  (cost=0.00..1.11 rows=5 width=4) (actual time=0.006..0.008 rows=5 loops=1)
                                                         Filter: ((kind)::text = ANY ('{episode,"tv movie","tv series","video game","video movie"}'::text[]))
                                                         Rows Removed by Filter: 2
                                                         Buffers: shared hit=1
                                       ->  Index Scan using movie_id_movie_info on movie_info mi2  (cost=0.43..42.48 rows=1 width=8) (actual time=0.068..0.076 rows=0 loops=23409)
                                             Index Cond: (movie_id = t.id)
                                             Filter: ((info_type_id = 6) AND ((info)::text = ANY ('{DTS,"Dolby Digital",Dolby,Mono,SDDS,Stereo,"Ultra Stereo"}'::text[])))
                                             Rows Removed by Filter: 7
                                             Buffers: shared hit=176390 read=27936
                     ->  Index Scan using movie_id_cast_info on cast_info ci  (cost=0.44..43.32 rows=38 width=12) (actual time=0.035..0.255 rows=23 loops=3861)
                           Index Cond: (movie_id = t.id)
                           Buffers: shared hit=68465 read=31362
               ->  Hash  (cost=1.17..1.17 rows=3 width=4) (actual time=0.026..0.027 rows=3 loops=1)
                     Buckets: 1024  Batches: 1  Memory Usage: 9kB
                     Buffers: shared hit=1
                     ->  Seq Scan on role_type rt  (cost=0.00..1.17 rows=3 width=4) (actual time=0.020..0.022 rows=3 loops=1)
                           Filter: ((role)::text = ANY ('{cinematographer,composer,editor}'::text[]))
                           Rows Removed by Filter: 9
                           Buffers: shared hit=1
         ->  Index Scan using name_pkey on name n  (cost=0.43..2.32 rows=1 width=4) (actual time=0.034..0.034 rows=0 loops=9664)
               Index Cond: (id = ci.person_id)
               Filter: ((gender)::text = ANY ('{f,m}'::text[]))
               Rows Removed by Filter: 1
               Buffers: shared hit=34843 read=3813
 Planning:
   Buffers: shared hit=529 read=45
 Planning Time: 10.138 ms
 Execution Time: 5847.440 ms
(73 rows)

