                                                                                                                                                                                                                                                                           QUERY PLAN                                                                                                                                                                                                                                                                            
-----------------------------------------------------------------------------------------------------------------------------------------------------------------------------------------------------------------------------------------------------------------------------------------------------------------------------------------------------------------------------------------------------------------------------------------------------------------------------------------------------------------------------------------------------------------
 Aggregate  (cost=383866.69..383866.70 rows=1 width=8) (actual time=2401.444..2401.450 rows=1 loops=1)
   Buffers: shared hit=163413 read=80094
   ->  Nested Loop  (cost=7081.83..383866.68 rows=1 width=0) (actual time=328.032..2401.306 rows=160 loops=1)
         Buffers: shared hit=163413 read=80094
         ->  Hash Join  (cost=7081.40..383864.36 rows=1 width=4) (actual time=313.369..2366.532 rows=769 loops=1)
               Hash Cond: (ci.role_id = rt.id)
               Buffers: shared hit=160819 read=79612
               ->  Nested Loop  (cost=7080.24..383863.15 rows=14 width=8) (actual time=31.772..2354.785 rows=93983 loops=1)
                     Buffers: shared hit=160818 read=79612
                     ->  Nested Loop  (cost=7079.80..383819.49 rows=1 width=12) (actual time=31.746..1458.402 rows=749 loops=1)
                           Buffers: shared hit=99534 read=47297
                           ->  Nested Loop  (cost=7079.80..383817.07 rows=1 width=16) (actual time=31.741..1445.070 rows=749 loops=1)
                                 Buffers: shared hit=98785 read=47297
                                 ->  Nested Loop  (cost=7079.80..383814.65 rows=1 width=20) (actual time=31.716..1431.461 rows=749 loops=1)
                                       Buffers: shared hit=98036 read=47297
                                       ->  Hash Join  (cost=7079.36..378590.13 rows=122 width=12) (actual time=21.916..476.400 rows=7749 loops=1)
                                             Hash Cond: (t.kind_id = kt.id)
                                             Buffers: shared hit=31145 read=8168
                                             ->  Nested Loop  (cost=7078.17..378588.34 rows=142 width=16) (actual time=21.878..473.585 rows=7749 loops=1)
                                                   Buffers: shared hit=31144 read=8168
                                                   ->  Bitmap Heap Scan on movie_info mi1  (cost=7077.74..377307.56 rows=152 width=8) (actual time=21.850..212.941 rows=7955 loops=1)
                                                         Recheck Cond: (info_type_id = 18)
                                                         Filter: ((info)::text = ANY ('{"Burbank, California, USA","Elstree Studios, Borehamwood, Hertfordshire, England, UK","Fox Studios, Moore Park, Sydney, New South Wales, Australia","Knebworth House, Stevenage, Hertfordshire, England, UK","Melody Ranch - 24715 Oak Creek Avenue, Newhall, California, USA","Montréal, Québec, Canada","Rockwell Defense Plant - Bellflower & Imperial Highway, Downey, California, USA","San Francisco, California, USA","Santa Monica, California, USA"}'::text[]))
                                                         Rows Removed by Filter: 652968
                                                         Heap Blocks: exact=6972
                                                         Buffers: shared hit=1484 read=6008
                                                         ->  Bitmap Index Scan on info_type_id_movie_info  (cost=0.00..7077.68 rows=662032 width=0) (actual time=20.977..20.978 rows=660923 loops=1)
                                                               Index Cond: (info_type_id = 18)
                                                               Buffers: shared read=520
                                                   ->  Index Scan using title_pkey on title t  (cost=0.43..8.43 rows=1 width=8) (actual time=0.032..0.032 rows=1 loops=7955)
                                                         Index Cond: (id = mi1.movie_id)
                                                         Filter: ((production_year <= 2015) AND (production_year >= 1925))
                                                         Rows Removed by Filter: 0
                                                         Buffers: shared hit=29660 read=2160
                                             ->  Hash  (cost=1.12..1.12 rows=6 width=4) (actual time=0.016..0.017 rows=6 loops=1)
                                                   Buckets: 1024  Batches: 1  Memory Usage: 9kB
                                                   Buffers: shared hit=1
                                                   ->  Seq Scan on kind_type kt  (cost=0.00..1.12 rows=6 width=4) (actual time=0.009..0.011 rows=6 loops=1)
                                                         Filter: ((kind)::text = ANY ('{episode,movie,"tv movie","tv series","video game","video movie"}'::text[]))
                                                         Rows Removed by Filter: 1
                                                         Buffers: shared hit=1
                                       ->  Index Scan using movie_id_movie_info on movie_info mi2  (cost=0.43..42.81 rows=1 width=8) (actual time=0.120..0.123 rows=0 loops=7749)
                                             Index Cond: (movie_id = t.id)
                                             Filter: ((info_type_id = 5) AND ((info)::text = ANY ('{Finland:K-3,Iceland:10,Ireland:12A,Japan:PG12,"New Zealand:M",Norway:(Banned),Peru:PT,Singapore:PG13,Sweden:(Banned),Sweden:15,Switzerland:7,Taiwan:R-18,USA:G,USA:GP}'::text[])))
                                             Rows Removed by Filter: 31
                                             Buffers: shared hit=66891 read=39129
                                 ->  Seq Scan on info_type it1  (cost=0.00..2.41 rows=1 width=4) (actual time=0.010..0.016 rows=1 loops=749)
                                       Filter: (id = 18)
                                       Rows Removed by Filter: 112
                                       Buffers: shared hit=749
                           ->  Seq Scan on info_type it2  (cost=0.00..2.41 rows=1 width=4) (actual time=0.009..0.016 rows=1 loops=749)
                                 Filter: (id = 5)
                                 Rows Removed by Filter: 112
                                 Buffers: shared hit=749
                     ->  Index Scan using movie_id_cast_info on cast_info ci  (cost=0.44..43.28 rows=38 width=12) (actual time=0.039..1.173 rows=125 loops=749)
                           Index Cond: (movie_id = t.id)
                           Buffers: shared hit=61284 read=32315
               ->  Hash  (cost=1.15..1.15 rows=1 width=4) (actual time=0.030..0.031 rows=1 loops=1)
                     Buckets: 1024  Batches: 1  Memory Usage: 9kB
                     Buffers: shared hit=1
                     ->  Seq Scan on role_type rt  (cost=0.00..1.15 rows=1 width=4) (actual time=0.024..0.025 rows=1 loops=1)
                           Filter: ((role)::text = 'composer'::text)
                           Rows Removed by Filter: 11
                           Buffers: shared hit=1
         ->  Index Scan using name_pkey on name n  (cost=0.43..2.32 rows=1 width=4) (actual time=0.044..0.044 rows=0 loops=769)
               Index Cond: (id = ci.person_id)
               Filter: (((gender)::text = 'f'::text) OR (gender IS NULL))
               Rows Removed by Filter: 1
               Buffers: shared hit=2594 read=482
 Planning:
   Buffers: shared hit=531 read=46
 Planning Time: 14.078 ms
 Execution Time: 2401.995 ms
(73 rows)

