                                                                                                                                                                                                                                                                                                                                                                                                                                   QUERY PLAN                                                                                                                                                                                                                                                                                                                                                                                                                                   
--------------------------------------------------------------------------------------------------------------------------------------------------------------------------------------------------------------------------------------------------------------------------------------------------------------------------------------------------------------------------------------------------------------------------------------------------------------------------------------------------------------------------------------------------------------------------------------------------------------------------------------------------------------------------------------------------------------------------------------------------------------------------------------------------------------------------------------------------------------------------------
 Aggregate  (cost=534805.72..534805.73 rows=1 width=8) (actual time=4814.154..4814.161 rows=1 loops=1)
   Buffers: shared hit=392734 read=88844
   ->  Nested Loop  (cost=7082.18..534805.68 rows=18 width=0) (actual time=25.942..4812.497 rows=8087 loops=1)
         Buffers: shared hit=392734 read=88844
         ->  Hash Join  (cost=7081.75..534705.94 rows=43 width=4) (actual time=25.906..4189.479 rows=18158 loops=1)
               Hash Cond: (ci.role_id = rt.id)
               Buffers: shared hit=326358 read=82588
               ->  Nested Loop  (cost=7080.54..534704.13 rows=172 width=8) (actual time=23.181..4160.700 rows=165567 loops=1)
                     Buffers: shared hit=326357 read=82588
                     ->  Nested Loop  (cost=7080.10..534180.22 rows=12 width=12) (actual time=23.142..2406.319 rows=4522 loops=1)
                           Buffers: shared hit=188244 read=44407
                           ->  Seq Scan on info_type it2  (cost=0.00..2.41 rows=1 width=4) (actual time=0.024..0.034 rows=1 loops=1)
                                 Filter: (id = 18)
                                 Rows Removed by Filter: 112
                                 Buffers: shared hit=1
                           ->  Nested Loop  (cost=7080.10..534177.69 rows=12 width=16) (actual time=23.117..2405.226 rows=4522 loops=1)
                                 Buffers: shared hit=188243 read=44407
                                 ->  Seq Scan on info_type it1  (cost=0.00..2.41 rows=1 width=4) (actual time=0.007..0.019 rows=1 loops=1)
                                       Filter: (id = 7)
                                       Rows Removed by Filter: 112
                                       Buffers: shared hit=1
                                 ->  Nested Loop  (cost=7080.10..534175.15 rows=12 width=20) (actual time=23.108..2404.081 rows=4522 loops=1)
                                       Buffers: shared hit=188242 read=44407
                                       ->  Hash Join  (cost=7079.64..493235.82 rows=967 width=12) (actual time=19.189..962.842 rows=14864 loops=1)
                                             Hash Cond: (t.kind_id = kt.id)
                                             Buffers: shared hit=54147 read=14122
                                             ->  Nested Loop  (cost=7078.47..493228.94 rows=1354 width=16) (actual time=19.150..956.191 rows=14864 loops=1)
                                                   Buffers: shared hit=54146 read=14122
                                                   ->  Bitmap Heap Scan on movie_info mi2  (cost=7078.04..481521.27 rows=1449 width=8) (actual time=19.114..413.520 rows=15194 loops=1)
                                                         Recheck Cond: (info_type_id = 18)
                                                         Filter: ((info)::text = ANY ('{"Iverson Ranch - 1 Iverson Lane, Chatsworth, Los Angeles, California, USA",Mexico,"Midwest Street, Warner Brothers Burbank Studios - 4000 Warner Boulevard, Burbank, California, USA","Palm Springs, California, USA","Stage 20, Warner Brothers Burbank Studios - 4000 Warner Boulevard, Burbank, California, USA","Stage 22, Warner Brothers Burbank Studios - 4000 Warner Boulevard, Burbank, California, USA","Stage 24, Warner Brothers Burbank Studios - 4000 Warner Boulevard, Burbank, California, USA","Stage 5, Metro-Goldwyn-Mayer Studios - 10202 W. Washington Blvd., Culver City, California, USA","Stage 6, 20th Century Fox Studios - 10201 Pico Blvd., Century City, Los Angeles, California, USA","Turin, Piedmont, Italy","West Berlin, Berlin, Germany"}'::text[]))
                                                         Rows Removed by Filter: 645729
                                                         Heap Blocks: exact=6972
                                                         Buffers: shared hit=950 read=6542
                                                         ->  Bitmap Index Scan on info_type_id_movie_info  (cost=0.00..7077.68 rows=662032 width=0) (actual time=18.213..18.214 rows=660923 loops=1)
                                                               Index Cond: (info_type_id = 18)
                                                               Buffers: shared read=520
                                                   ->  Index Scan using title_pkey on title t  (cost=0.43..8.08 rows=1 width=8) (actual time=0.035..0.035 rows=1 loops=15194)
                                                         Index Cond: (id = mi2.movie_id)
                                                         Filter: ((production_year <= 2015) AND (production_year >= 1925))
                                                         Rows Removed by Filter: 0
                                                         Buffers: shared hit=53196 read=7580
                                             ->  Hash  (cost=1.11..1.11 rows=5 width=4) (actual time=0.014..0.016 rows=5 loops=1)
                                                   Buckets: 1024  Batches: 1  Memory Usage: 9kB
                                                   Buffers: shared hit=1
                                                   ->  Seq Scan on kind_type kt  (cost=0.00..1.11 rows=5 width=4) (actual time=0.007..0.009 rows=5 loops=1)
                                                         Filter: ((kind)::text = ANY ('{episode,movie,"tv movie","tv series","video movie"}'::text[]))
                                                         Rows Removed by Filter: 2
                                                         Buffers: shared hit=1
                                       ->  Index Scan using movie_id_movie_info on movie_info mi1  (cost=0.46..42.33 rows=1 width=8) (actual time=0.079..0.096 rows=0 loops=14864)
                                             Index Cond: (movie_id = t.id)
                                             Filter: ((info_type_id = 7) AND ((info)::text = ANY ('{"CAM:Moviecam Cameras","CAM:Panavision Genesis HD Camera","CAM:Panavision Panaflex Platinum, Panavision Primo Lenses","LAB:Fotofilm S.A., Madrid, Spain","LAB:Metrocolor, USA",LAB:Technicolor,"PFM:35 mm",PFM:Digital,"RAT:2.35 : 1",RAT:4:3}'::text[])))
                                             Rows Removed by Filter: 14
                                             Buffers: shared hit=134095 read=30285
                     ->  Index Scan using movie_id_cast_info on cast_info ci  (cost=0.44..43.28 rows=38 width=12) (actual time=0.035..0.379 rows=37 loops=4522)
                           Index Cond: (movie_id = t.id)
                           Buffers: shared hit=138113 read=38181
               ->  Hash  (cost=1.17..1.17 rows=3 width=4) (actual time=0.030..0.030 rows=3 loops=1)
                     Buckets: 1024  Batches: 1  Memory Usage: 9kB
                     Buffers: shared hit=1
                     ->  Seq Scan on role_type rt  (cost=0.00..1.17 rows=3 width=4) (actual time=0.022..0.024 rows=3 loops=1)
                           Filter: ((role)::text = ANY ('{cinematographer,composer,producer}'::text[]))
                           Rows Removed by Filter: 9
                           Buffers: shared hit=1
         ->  Index Scan using name_pkey on name n  (cost=0.43..2.32 rows=1 width=4) (actual time=0.034..0.034 rows=0 loops=18158)
               Index Cond: (id = ci.person_id)
               Filter: ((gender)::text = 'm'::text)
               Rows Removed by Filter: 1
               Buffers: shared hit=66376 read=6256
 Planning:
   Buffers: shared hit=531 read=46
 Planning Time: 10.717 ms
 Execution Time: 4814.675 ms
(73 rows)

