                                                                                             QUERY PLAN                                                                                              
-----------------------------------------------------------------------------------------------------------------------------------------------------------------------------------------------------
 Aggregate  (cost=415981.48..415981.49 rows=1 width=8) (actual time=5140.427..5140.434 rows=1 loops=1)
   Buffers: shared hit=411726 read=114015
   ->  Nested Loop  (cost=4697.70..415981.47 rows=2 width=0) (actual time=37.281..5139.611 rows=2853 loops=1)
         Buffers: shared hit=411726 read=114015
         ->  Hash Join  (cost=4697.27..415969.87 rows=5 width=4) (actual time=37.234..4924.136 rows=6462 loops=1)
               Hash Cond: (ci.role_id = rt.id)
               Buffers: shared hit=387499 read=112394
               ->  Nested Loop  (cost=4696.10..415968.60 rows=29 width=8) (actual time=24.504..4889.016 rows=216801 loops=1)
                     Buffers: shared hit=387498 read=112394
                     ->  Nested Loop  (cost=4695.66..415878.89 rows=2 width=12) (actual time=24.468..2807.798 rows=4934 loops=1)
                           Buffers: shared hit=200166 read=72692
                           ->  Seq Scan on info_type it2  (cost=0.00..2.41 rows=1 width=4) (actual time=0.024..0.033 rows=1 loops=1)
                                 Filter: (id = 3)
                                 Rows Removed by Filter: 112
                                 Buffers: shared hit=1
                           ->  Nested Loop  (cost=4695.66..415876.45 rows=2 width=16) (actual time=24.443..2806.674 rows=4934 loops=1)
                                 Buffers: shared hit=200165 read=72692
                                 ->  Seq Scan on info_type it1  (cost=0.00..2.41 rows=1 width=4) (actual time=0.007..0.018 rows=1 loops=1)
                                       Filter: (id = 5)
                                       Rows Removed by Filter: 112
                                       Buffers: shared hit=1
                                 ->  Nested Loop  (cost=4695.66..415874.02 rows=2 width=20) (actual time=24.432..2805.362 rows=4934 loops=1)
                                       Buffers: shared hit=200164 read=72692
                                       ->  Hash Join  (cost=4695.22..411145.82 rows=109 width=12) (actual time=24.360..1488.157 rows=6578 loops=1)
                                             Hash Cond: (t.kind_id = kt.id)
                                             Buffers: shared hit=113396 read=32477
                                             ->  Nested Loop  (cost=4694.02..411144.09 rows=127 width=16) (actual time=24.311..1484.726 rows=6578 loops=1)
                                                   Buffers: shared hit=113395 read=32477
                                                   ->  Bitmap Heap Scan on movie_info mi1  (cost=4693.59..403795.55 rows=894 width=8) (actual time=20.274..428.116 rows=31575 loops=1)
                                                         Recheck Cond: (info_type_id = 5)
                                                         Filter: ((info)::text = ANY ('{Australia:PG,Norway:16,"South Korea:All",UK:15,USA:G,USA:Unrated}'::text[]))
                                                         Rows Removed by Filter: 454979
                                                         Heap Blocks: exact=19164
                                                         Buffers: shared hit=2188 read=17384
                                                         ->  Bitmap Index Scan on info_type_id_movie_info  (cost=0.00..4693.37 rows=439058 width=0) (actual time=17.724..17.724 rows=486554 loops=1)
                                                               Index Cond: (info_type_id = 5)
                                                               Buffers: shared read=408
                                                   ->  Index Scan using title_pkey on title t  (cost=0.43..8.22 rows=1 width=8) (actual time=0.033..0.033 rows=0 loops=31575)
                                                         Index Cond: (id = mi1.movie_id)
                                                         Filter: ((production_year <= 1975) AND (production_year >= 1925))
                                                         Rows Removed by Filter: 1
                                                         Buffers: shared hit=111207 read=15093
                                             ->  Hash  (cost=1.12..1.12 rows=6 width=4) (actual time=0.019..0.020 rows=6 loops=1)
                                                   Buckets: 1024  Batches: 1  Memory Usage: 9kB
                                                   Buffers: shared hit=1
                                                   ->  Seq Scan on kind_type kt  (cost=0.00..1.12 rows=6 width=4) (actual time=0.008..0.010 rows=6 loops=1)
                                                         Filter: ((kind)::text = ANY ('{episode,movie,"tv movie","tv series","video game","video movie"}'::text[]))
                                                         Rows Removed by Filter: 1
                                                         Buffers: shared hit=1
                                       ->  Index Scan using movie_id_movie_info on movie_info mi2  (cost=0.43..43.37 rows=1 width=8) (actual time=0.199..0.200 rows=1 loops=6578)
                                             Index Cond: (movie_id = t.id)
                                             Filter: ((info_type_id = 3) AND ((info)::text = ANY ('{Adult,Biography,Comedy,History,Horror,Sci-Fi,Sport,Thriller,Western}'::text[])))
                                             Rows Removed by Filter: 67
                                             Buffers: shared hit=86768 read=40215
                     ->  Index Scan using movie_id_cast_info on cast_info ci  (cost=0.44..44.48 rows=38 width=12) (actual time=0.034..0.411 rows=44 loops=4934)
                           Index Cond: (movie_id = t.id)
                           Buffers: shared hit=187332 read=39702
               ->  Hash  (cost=1.15..1.15 rows=2 width=4) (actual time=0.031..0.032 rows=2 loops=1)
                     Buckets: 1024  Batches: 1  Memory Usage: 9kB
                     Buffers: shared hit=1
                     ->  Seq Scan on role_type rt  (cost=0.00..1.15 rows=2 width=4) (actual time=0.024..0.026 rows=2 loops=1)
                           Filter: ((role)::text = ANY ('{cinematographer,"production designer"}'::text[]))
                           Rows Removed by Filter: 10
                           Buffers: shared hit=1
         ->  Index Scan using name_pkey on name n  (cost=0.43..2.32 rows=1 width=4) (actual time=0.033..0.033 rows=0 loops=6462)
               Index Cond: (id = ci.person_id)
               Filter: ((gender)::text = 'm'::text)
               Rows Removed by Filter: 1
               Buffers: shared hit=24227 read=1621
 Planning:
   Buffers: shared hit=529 read=45
 Planning Time: 13.323 ms
 Execution Time: 5141.026 ms
(73 rows)

