                                                                                                                                                                                                                                                                                                                                                                                                   QUERY PLAN                                                                                                                                                                                                                                                                                                                                                                                                    
-----------------------------------------------------------------------------------------------------------------------------------------------------------------------------------------------------------------------------------------------------------------------------------------------------------------------------------------------------------------------------------------------------------------------------------------------------------------------------------------------------------------------------------------------------------------------------------------------------------------------------------------------------------------------------------------------------------------------------------------------------------------------------------------------------------------
 Aggregate  (cost=492165.91..492165.92 rows=1 width=8) (actual time=28376.797..28376.805 rows=1 loops=1)
   Buffers: shared hit=2557128 read=199555
   ->  Nested Loop  (cost=5096.89..492165.91 rows=1 width=0) (actual time=5290.381..28367.885 rows=42418 loops=1)
         Buffers: shared hit=2557128 read=199555
         ->  Hash Join  (cost=5096.46..492161.27 rows=2 width=4) (actual time=5290.321..26581.777 rows=44199 loops=1)
               Hash Cond: (ci.role_id = rt.id)
               Buffers: shared hit=2395052 read=184835
               ->  Nested Loop  (cost=5095.28..492160.05 rows=14 width=8) (actual time=5289.807..26531.994 rows=188633 loops=1)
                     Buffers: shared hit=2395051 read=184835
                     ->  Nested Loop  (cost=5094.84..492115.19 rows=1 width=12) (actual time=5289.737..24272.401 rows=4445 loops=1)
                           Buffers: shared hit=2239472 read=142362
                           ->  Nested Loop  (cost=5094.84..492112.77 rows=1 width=16) (actual time=5289.725..24164.628 rows=4445 loops=1)
                                 Buffers: shared hit=2235027 read=142362
                                 ->  Nested Loop  (cost=5094.84..492110.35 rows=1 width=20) (actual time=5289.697..24055.367 rows=4445 loops=1)
                                       Buffers: shared hit=2230582 read=142362
                                       ->  Hash Join  (cost=5094.41..455760.65 rows=836 width=12) (actual time=1656.446..12982.481 rows=87081 loops=1)
                                             Hash Cond: (t.kind_id = kt.id)
                                             Buffers: shared hit=1247052 read=41761
                                             ->  Nested Loop  (cost=5093.25..455753.33 rows=1463 width=16) (actual time=13.736..12919.393 rows=160750 loops=1)
                                                   Buffers: shared hit=1247051 read=41761
                                                   ->  Bitmap Heap Scan on movie_info mi1  (cost=5092.81..389503.76 rows=10289 width=8) (actual time=12.864..338.689 rows=324544 loops=1)
                                                         Recheck Cond: (info_type_id = 6)
                                                         Filter: ((info)::text = ANY ('{"4-Track Stereo","70 mm 6-Track","Dolby Digital",Mono,Stereo}'::text[]))
                                                         Rows Removed by Filter: 149899
                                                         Heap Blocks: exact=3206
                                                         Buffers: shared hit=494 read=3086
                                                         ->  Bitmap Index Scan on info_type_id_movie_info  (cost=0.00..5090.24 rows=475974 width=0) (actual time=12.516..12.516 rows=474443 loops=1)
                                                               Index Cond: (info_type_id = 6)
                                                               Buffers: shared read=374
                                                   ->  Memoize  (cost=0.44..6.51 rows=1 width=8) (actual time=0.038..0.038 rows=0 loops=324544)
                                                         Cache Key: mi1.movie_id
                                                         Cache Mode: logical
                                                         Hits: 3236  Misses: 321308  Evictions: 224434  Overflows: 0  Memory Usage: 8193kB
                                                         Buffers: shared hit=1246557 read=38675
                                                         ->  Index Scan using title_pkey on title t  (cost=0.43..6.50 rows=1 width=8) (actual time=0.037..0.037 rows=0 loops=321308)
                                                               Index Cond: (id = mi1.movie_id)
                                                               Filter: ((production_year <= 1975) AND (production_year >= 1925))
                                                               Rows Removed by Filter: 1
                                                               Buffers: shared hit=1246557 read=38675
                                             ->  Hash  (cost=1.10..1.10 rows=4 width=4) (actual time=0.013..0.013 rows=4 loops=1)
                                                   Buckets: 1024  Batches: 1  Memory Usage: 9kB
                                                   Buffers: shared hit=1
                                                   ->  Seq Scan on kind_type kt  (cost=0.00..1.10 rows=4 width=4) (actual time=0.007..0.009 rows=4 loops=1)
                                                         Filter: ((kind)::text = ANY ('{movie,"tv movie","video game","video movie"}'::text[]))
                                                         Rows Removed by Filter: 3
                                                         Buffers: shared hit=1
                                       ->  Index Scan using movie_id_movie_info on movie_info mi2  (cost=0.43..43.47 rows=1 width=8) (actual time=0.121..0.127 rows=0 loops=87081)
                                             Index Cond: (movie_id = t.id)
                                             Filter: ((info_type_id = 18) AND ((info)::text = ANY ('{"Hal Roach Studios - 8822 Washington Blvd., Culver City, California, USA","London, England, UK","Los Angeles, California, USA",Mexico,"New York City, New York, USA","Paramount Studios - 5555 Melrose Avenue, Hollywood, Los Angeles, California, USA","Republic Studios - 4024 Radford Avenue, North Hollywood, Los Angeles, California, USA","Revue Studios, Hollywood, Los Angeles, California, USA","Stage 3, 20th Century Fox Studios - 10201 Pico Blvd., Century City, Los Angeles, California, USA","Stage 9, 20th Century Fox Studios - 10201 Pico Blvd., Century City, Los Angeles, California, USA","Universal Studios - 100 Universal City Plaza, Universal City, California, USA"}'::text[])))
                                             Rows Removed by Filter: 18
                                             Buffers: shared hit=983530 read=100601
                                 ->  Seq Scan on info_type it1  (cost=0.00..2.41 rows=1 width=4) (actual time=0.012..0.022 rows=1 loops=4445)
                                       Filter: (id = 6)
                                       Rows Removed by Filter: 112
                                       Buffers: shared hit=4445
                           ->  Seq Scan on info_type it2  (cost=0.00..2.41 rows=1 width=4) (actual time=0.013..0.022 rows=1 loops=4445)
                                 Filter: (id = 18)
                                 Rows Removed by Filter: 112
                                 Buffers: shared hit=4445
                     ->  Index Scan using movie_id_cast_info on cast_info ci  (cost=0.44..44.48 rows=38 width=12) (actual time=0.048..0.495 rows=42 loops=4445)
                           Index Cond: (movie_id = t.id)
                           Buffers: shared hit=155579 read=42473
               ->  Hash  (cost=1.15..1.15 rows=2 width=4) (actual time=0.030..0.031 rows=2 loops=1)
                     Buckets: 1024  Batches: 1  Memory Usage: 9kB
                     Buffers: shared hit=1
                     ->  Seq Scan on role_type rt  (cost=0.00..1.15 rows=2 width=4) (actual time=0.021..0.023 rows=2 loops=1)
                           Filter: ((role)::text = ANY ('{actress,cinematographer}'::text[]))
                           Rows Removed by Filter: 10
                           Buffers: shared hit=1
         ->  Index Scan using name_pkey on name n  (cost=0.43..2.32 rows=1 width=4) (actual time=0.040..0.040 rows=1 loops=44199)
               Index Cond: (id = ci.person_id)
               Filter: (((gender)::text = 'f'::text) OR (gender IS NULL))
               Rows Removed by Filter: 0
               Buffers: shared hit=162076 read=14720
 Planning:
   Buffers: shared hit=520 read=54
 Planning Time: 9.698 ms
 Execution Time: 28379.057 ms
(78 rows)

