                                                                                                    QUERY PLAN                                                                                                    
------------------------------------------------------------------------------------------------------------------------------------------------------------------------------------------------------------------
 Aggregate  (cost=466939.05..466939.06 rows=1 width=8) (actual time=1027.285..1027.291 rows=1 loops=1)
   Buffers: shared hit=33538 read=29162
   ->  Nested Loop  (cost=32182.62..466939.05 rows=2 width=0) (actual time=563.354..1027.232 rows=261 loops=1)
         Buffers: shared hit=33538 read=29162
         ->  Hash Join  (cost=32182.19..466929.77 rows=4 width=4) (actual time=563.308..1021.896 rows=288 loops=1)
               Hash Cond: (ci.role_id = rt.id)
               Buffers: shared hit=32746 read=28802
               ->  Nested Loop  (cost=32180.99..466928.52 rows=14 width=8) (actual time=563.129..1021.534 rows=2201 loops=1)
                     Buffers: shared hit=32745 read=28802
                     ->  Nested Loop  (cost=32180.55..466884.82 rows=1 width=12) (actual time=563.092..1005.164 rows=116 loops=1)
                           Buffers: shared hit=32076 read=27044
                           ->  Nested Loop  (cost=32180.55..466882.40 rows=1 width=16) (actual time=563.087..1004.150 rows=116 loops=1)
                                 Buffers: shared hit=31960 read=27044
                                 ->  Nested Loop  (cost=32180.55..466879.98 rows=1 width=20) (actual time=563.069..1002.944 rows=116 loops=1)
                                       Buffers: shared hit=31844 read=27044
                                       ->  Hash Join  (cost=32180.11..461647.41 rows=123 width=12) (actual time=559.007..950.272 rows=1352 loops=1)
                                             Hash Cond: (t.kind_id = kt.id)
                                             Buffers: shared hit=21406 read=24428
                                             ->  Nested Loop  (cost=32179.00..461644.50 rows=429 width=16) (actual time=82.412..949.554 rows=4488 loops=1)
                                                   Buffers: shared hit=21405 read=24428
                                                   ->  Bitmap Heap Scan on movie_info mi1  (cost=32178.57..457177.50 rows=537 width=8) (actual time=82.369..879.672 rows=4495 loops=1)
                                                         Recheck Cond: (info_type_id = 16)
                                                         Filter: ((info)::text = ANY ('{"USA:1 January 2011",USA:1983,USA:1993,"USA:20 October 2006",USA:2000,"USA:October 2007","USA:September 2011"}'::text[]))
                                                         Rows Removed by Filter: 3032224
                                                         Heap Blocks: exact=25474
                                                         Buffers: shared hit=7131 read=20722
                                                         ->  Bitmap Index Scan on info_type_id_movie_info  (cost=0.00..32178.44 rows=3010400 width=0) (actual time=77.977..77.977 rows=3036719 loops=1)
                                                               Index Cond: (info_type_id = 16)
                                                               Buffers: shared read=2379
                                                   ->  Index Scan using title_pkey on title t  (cost=0.43..8.32 rows=1 width=8) (actual time=0.015..0.015 rows=1 loops=4495)
                                                         Index Cond: (id = mi1.movie_id)
                                                         Filter: ((production_year <= 2015) AND (production_year >= 1975))
                                                         Rows Removed by Filter: 0
                                                         Buffers: shared hit=14274 read=3706
                                             ->  Hash  (cost=1.09..1.09 rows=2 width=4) (actual time=0.016..0.017 rows=2 loops=1)
                                                   Buckets: 1024  Batches: 1  Memory Usage: 9kB
                                                   Buffers: shared hit=1
                                                   ->  Seq Scan on kind_type kt  (cost=0.00..1.09 rows=2 width=4) (actual time=0.009..0.011 rows=2 loops=1)
                                                         Filter: ((kind)::text = ANY ('{"tv movie","video movie"}'::text[]))
                                                         Rows Removed by Filter: 5
                                                         Buffers: shared hit=1
                                       ->  Index Scan using movie_id_movie_info on movie_info mi2  (cost=0.43..42.53 rows=1 width=8) (actual time=0.039..0.039 rows=0 loops=1352)
                                             Index Cond: (movie_id = t.id)
                                             Filter: ((info_type_id = 3) AND ((info)::text = ANY ('{Action,Family,Game-Show,History,Horror,Mystery,News,Reality-TV}'::text[])))
                                             Rows Removed by Filter: 7
                                             Buffers: shared hit=10438 read=2616
                                 ->  Seq Scan on info_type it1  (cost=0.00..2.41 rows=1 width=4) (actual time=0.005..0.008 rows=1 loops=116)
                                       Filter: (id = 16)
                                       Rows Removed by Filter: 112
                                       Buffers: shared hit=116
                           ->  Seq Scan on info_type it2  (cost=0.00..2.41 rows=1 width=4) (actual time=0.003..0.007 rows=1 loops=116)
                                 Filter: (id = 3)
                                 Rows Removed by Filter: 112
                                 Buffers: shared hit=116
                     ->  Index Scan using movie_id_cast_info on cast_info ci  (cost=0.44..43.32 rows=38 width=12) (actual time=0.022..0.138 rows=19 loops=116)
                           Index Cond: (movie_id = t.id)
                           Buffers: shared hit=669 read=1758
               ->  Hash  (cost=1.17..1.17 rows=3 width=4) (actual time=0.036..0.037 rows=3 loops=1)
                     Buckets: 1024  Batches: 1  Memory Usage: 9kB
                     Buffers: shared hit=1
                     ->  Seq Scan on role_type rt  (cost=0.00..1.17 rows=3 width=4) (actual time=0.028..0.030 rows=3 loops=1)
                           Filter: ((role)::text = ANY ('{"costume designer",director,writer}'::text[]))
                           Rows Removed by Filter: 9
                           Buffers: shared hit=1
         ->  Index Scan using name_pkey on name n  (cost=0.43..2.32 rows=1 width=4) (actual time=0.018..0.018 rows=1 loops=288)
               Index Cond: (id = ci.person_id)
               Filter: (((gender)::text = 'm'::text) OR (gender IS NULL))
               Rows Removed by Filter: 0
               Buffers: shared hit=792 read=360
 Planning:
   Buffers: shared hit=484 read=90
 Planning Time: 13.624 ms
 Execution Time: 1027.853 ms
(73 rows)

