                                                                                                              QUERY PLAN                                                                                                               
---------------------------------------------------------------------------------------------------------------------------------------------------------------------------------------------------------------------------------------
 Aggregate  (cost=435117.89..435117.90 rows=1 width=8) (actual time=2655.003..2655.011 rows=1 loops=1)
   Buffers: shared hit=212151 read=62035
   ->  Nested Loop  (cost=4697.58..435117.89 rows=1 width=0) (actual time=78.405..2654.925 rows=466 loops=1)
         Buffers: shared hit=212151 read=62035
         ->  Hash Join  (cost=4697.15..435113.25 rows=2 width=4) (actual time=78.327..2638.607 rows=480 loops=1)
               Hash Cond: (ci.role_id = rt.id)
               Buffers: shared hit=210792 read=61474
               ->  Nested Loop  (cost=4695.98..435112.03 rows=14 width=8) (actual time=77.497..2638.135 rows=2444 loops=1)
                     Buffers: shared hit=210791 read=61474
                     ->  Nested Loop  (cost=4695.54..435068.33 rows=1 width=12) (actual time=77.424..2612.147 rows=31 loops=1)
                           Buffers: shared hit=210576 read=59208
                           ->  Nested Loop  (cost=4695.54..435065.91 rows=1 width=16) (actual time=77.410..2611.721 rows=31 loops=1)
                                 Buffers: shared hit=210545 read=59208
                                 ->  Nested Loop  (cost=4695.54..435063.49 rows=1 width=20) (actual time=77.370..2611.161 rows=31 loops=1)
                                       Buffers: shared hit=210514 read=59208
                                       ->  Hash Join  (cost=4695.10..423562.60 rows=271 width=12) (actual time=20.614..1021.583 rows=12767 loops=1)
                                             Hash Cond: (t.kind_id = kt.id)
                                             Buffers: shared hit=69191 read=26526
                                             ->  Nested Loop  (cost=4693.95..423559.45 rows=474 width=16) (actual time=20.566..1015.633 rows=14640 loops=1)
                                                   Buffers: shared hit=69190 read=26526
                                                   ->  Bitmap Heap Scan on movie_info mi1  (cost=4693.52..418626.66 rows=594 width=8) (actual time=20.519..357.057 rows=19036 loops=1)
                                                         Recheck Cond: (info_type_id = 5)
                                                         Filter: ((info)::text = ANY ('{Argentina:Atp,Canada:18+,"New Zealand:(Banned)",Spain:12,Sweden:18,UK:R18,USA:TV-G}'::text[]))
                                                         Rows Removed by Filter: 467518
                                                         Heap Blocks: exact=19164
                                                         Buffers: shared hit=4633 read=14939
                                                         ->  Bitmap Index Scan on info_type_id_movie_info  (cost=0.00..4693.37 rows=439058 width=0) (actual time=17.170..17.170 rows=486554 loops=1)
                                                               Index Cond: (info_type_id = 5)
                                                               Buffers: shared hit=1 read=407
                                                   ->  Index Scan using title_pkey on title t  (cost=0.43..8.30 rows=1 width=8) (actual time=0.034..0.034 rows=1 loops=19036)
                                                         Index Cond: (id = mi1.movie_id)
                                                         Filter: ((production_year <= 2015) AND (production_year >= 1975))
                                                         Rows Removed by Filter: 0
                                                         Buffers: shared hit=64557 read=11587
                                             ->  Hash  (cost=1.10..1.10 rows=4 width=4) (actual time=0.025..0.027 rows=4 loops=1)
                                                   Buckets: 1024  Batches: 1  Memory Usage: 9kB
                                                   Buffers: shared hit=1
                                                   ->  Seq Scan on kind_type kt  (cost=0.00..1.10 rows=4 width=4) (actual time=0.016..0.018 rows=4 loops=1)
                                                         Filter: ((kind)::text = ANY ('{episode,movie,"tv movie","tv series"}'::text[]))
                                                         Rows Removed by Filter: 3
                                                         Buffers: shared hit=1
                                       ->  Index Scan using movie_id_movie_info on movie_info mi2  (cost=0.43..42.43 rows=1 width=8) (actual time=0.124..0.124 rows=0 loops=12767)
                                             Index Cond: (movie_id = t.id)
                                             Filter: ((info_type_id = 16) AND ((info)::text = ANY ('{"Brazil:23 October 2009","France:12 May 2005","France:13 May 2004","France:17 May 2007",Peru:1989,"USA:October 2007"}'::text[])))
                                             Rows Removed by Filter: 36
                                             Buffers: shared hit=141323 read=32682
                                 ->  Seq Scan on info_type it1  (cost=0.00..2.41 rows=1 width=4) (actual time=0.008..0.014 rows=1 loops=31)
                                       Filter: (id = 5)
                                       Rows Removed by Filter: 112
                                       Buffers: shared hit=31
                           ->  Seq Scan on info_type it2  (cost=0.00..2.41 rows=1 width=4) (actual time=0.005..0.011 rows=1 loops=31)
                                 Filter: (id = 16)
                                 Rows Removed by Filter: 112
                                 Buffers: shared hit=31
                     ->  Index Scan using movie_id_cast_info on cast_info ci  (cost=0.44..43.32 rows=38 width=12) (actual time=0.031..0.821 rows=79 loops=31)
                           Index Cond: (movie_id = t.id)
                           Buffers: shared hit=215 read=2266
               ->  Hash  (cost=1.15..1.15 rows=2 width=4) (actual time=0.038..0.039 rows=2 loops=1)
                     Buckets: 1024  Batches: 1  Memory Usage: 9kB
                     Buffers: shared hit=1
                     ->  Seq Scan on role_type rt  (cost=0.00..1.15 rows=2 width=4) (actual time=0.027..0.029 rows=2 loops=1)
                           Filter: ((role)::text = ANY ('{actress,"costume designer"}'::text[]))
                           Rows Removed by Filter: 10
                           Buffers: shared hit=1
         ->  Index Scan using name_pkey on name n  (cost=0.43..2.32 rows=1 width=4) (actual time=0.033..0.033 rows=1 loops=480)
               Index Cond: (id = ci.person_id)
               Filter: ((gender)::text = ANY ('{f,m}'::text[]))
               Rows Removed by Filter: 0
               Buffers: shared hit=1359 read=561
 Planning:
   Buffers: shared hit=574
 Planning Time: 12.462 ms
 Execution Time: 2655.631 ms
(73 rows)

