                                                                                                                                                                           QUERY PLAN                                                                                                                                                                            
-----------------------------------------------------------------------------------------------------------------------------------------------------------------------------------------------------------------------------------------------------------------------------------------------------------------------------------------------------------------
 Aggregate  (cost=403936.99..403937.00 rows=1 width=8) (actual time=2140.093..2140.100 rows=1 loops=1)
   Buffers: shared hit=183585 read=31077
   ->  Nested Loop  (cost=7082.05..403936.98 rows=3 width=0) (actual time=24.155..2138.716 rows=8125 loops=1)
         Buffers: shared hit=183585 read=31077
         ->  Hash Join  (cost=7081.62..403904.51 rows=14 width=4) (actual time=24.109..1795.704 rows=9366 loops=1)
               Hash Cond: (ci.role_id = rt.id)
               Buffers: shared hit=149258 read=27940
               ->  Nested Loop  (cost=7080.39..403903.12 rows=43 width=8) (actual time=22.092..1786.546 rows=42831 loops=1)
                     Buffers: shared hit=149257 read=27940
                     ->  Nested Loop  (cost=7079.95..403770.04 rows=3 width=12) (actual time=22.058..1260.731 rows=3247 loops=1)
                           Buffers: shared hit=111965 read=13512
                           ->  Seq Scan on info_type it2  (cost=0.00..2.41 rows=1 width=4) (actual time=0.034..0.039 rows=1 loops=1)
                                 Filter: (id = 18)
                                 Rows Removed by Filter: 112
                                 Buffers: shared hit=1
                           ->  Nested Loop  (cost=7079.95..403767.59 rows=3 width=16) (actual time=22.022..1259.909 rows=3247 loops=1)
                                 Buffers: shared hit=111964 read=13512
                                 ->  Seq Scan on info_type it1  (cost=0.00..2.41 rows=1 width=4) (actual time=0.009..0.016 rows=1 loops=1)
                                       Filter: (id = 4)
                                       Rows Removed by Filter: 112
                                       Buffers: shared hit=1
                                 ->  Nested Loop  (cost=7079.95..403765.15 rows=3 width=20) (actual time=22.010..1259.127 rows=3247 loops=1)
                                       Buffers: shared hit=111963 read=13512
                                       ->  Hash Join  (cost=7079.47..398583.44 rows=121 width=12) (actual time=21.942..878.482 rows=4064 loops=1)
                                             Hash Cond: (t.kind_id = kt.id)
                                             Buffers: shared hit=69829 read=10772
                                             ->  Nested Loop  (cost=7078.30..398581.55 rows=169 width=16) (actual time=21.897..876.101 rows=5674 loops=1)
                                                   Buffers: shared hit=69828 read=10772
                                                   ->  Bitmap Heap Scan on movie_info mi2  (cost=7077.87..392195.32 rows=774 width=8) (actual time=21.543..258.481 rows=18277 loops=1)
                                                         Recheck Cond: (info_type_id = 18)
                                                         Filter: ((info)::text = ANY ('{"Buenos Aires, Federal District, Argentina","CBS Studio 50, New York City, New York, USA","Hollywood, Los Angeles, California, USA","Republic Studios - 4024 Radford Avenue, North Hollywood, Los Angeles, California, USA","San Francisco, California, USA"}'::text[]))
                                                         Rows Removed by Filter: 642646
                                                         Heap Blocks: exact=6972
                                                         Buffers: shared hit=2965 read=4527
                                                         ->  Bitmap Index Scan on info_type_id_movie_info  (cost=0.00..7077.68 rows=662032 width=0) (actual time=20.609..20.609 rows=660923 loops=1)
                                                               Index Cond: (info_type_id = 18)
                                                               Buffers: shared hit=1 read=519
                                                   ->  Index Scan using title_pkey on title t  (cost=0.43..8.25 rows=1 width=8) (actual time=0.033..0.033 rows=0 loops=18277)
                                                         Index Cond: (id = mi2.movie_id)
                                                         Filter: ((production_year <= 1990) AND (production_year >= 1950))
                                                         Rows Removed by Filter: 1
                                                         Buffers: shared hit=66863 read=6245
                                             ->  Hash  (cost=1.11..1.11 rows=5 width=4) (actual time=0.019..0.020 rows=5 loops=1)
                                                   Buckets: 1024  Batches: 1  Memory Usage: 9kB
                                                   Buffers: shared hit=1
                                                   ->  Seq Scan on kind_type kt  (cost=0.00..1.11 rows=5 width=4) (actual time=0.010..0.012 rows=5 loops=1)
                                                         Filter: ((kind)::text = ANY ('{episode,"tv movie","tv series","video game","video movie"}'::text[]))
                                                         Rows Removed by Filter: 2
                                                         Buffers: shared hit=1
                                       ->  Index Scan using movie_id_movie_info on movie_info mi1  (cost=0.47..42.81 rows=1 width=8) (actual time=0.059..0.093 rows=1 loops=4064)
                                             Index Cond: (movie_id = t.id)
                                             Filter: ((info_type_id = 4) AND ((info)::text = ANY ('{Arabic,Dutch,English,Finnish,German,Greek,Hebrew,Hungarian,Japanese,Latin,Mandarin,Russian,Slovak,Tagalog,Turkish}'::text[])))
                                             Rows Removed by Filter: 10
                                             Buffers: shared hit=42134 read=2740
                     ->  Index Scan using movie_id_cast_info on cast_info ci  (cost=0.44..43.98 rows=38 width=12) (actual time=0.034..0.158 rows=13 loops=3247)
                           Index Cond: (movie_id = t.id)
                           Buffers: shared hit=37292 read=14428
               ->  Hash  (cost=1.18..1.18 rows=4 width=4) (actual time=0.040..0.040 rows=4 loops=1)
                     Buckets: 1024  Batches: 1  Memory Usage: 9kB
                     Buffers: shared hit=1
                     ->  Seq Scan on role_type rt  (cost=0.00..1.18 rows=4 width=4) (actual time=0.029..0.033 rows=4 loops=1)
                           Filter: ((role)::text = ANY ('{actress,cinematographer,guest,"production designer"}'::text[]))
                           Rows Removed by Filter: 8
                           Buffers: shared hit=1
         ->  Index Scan using name_pkey on name n  (cost=0.43..2.32 rows=1 width=4) (actual time=0.036..0.036 rows=1 loops=9366)
               Index Cond: (id = ci.person_id)
               Filter: ((gender)::text = 'f'::text)
               Rows Removed by Filter: 0
               Buffers: shared hit=34327 read=3137
 Planning:
   Buffers: shared hit=576 read=1
 Planning Time: 13.214 ms
 Execution Time: 2140.651 ms
(73 rows)

