                                                                                                                  QUERY PLAN                                                                                                                  
----------------------------------------------------------------------------------------------------------------------------------------------------------------------------------------------------------------------------------------------
 Aggregate  (cost=410559.29..410559.30 rows=1 width=8) (actual time=1719.326..1719.332 rows=1 loops=1)
   Buffers: shared hit=125029 read=47630
   ->  Nested Loop  (cost=8154.89..410559.29 rows=1 width=0) (actual time=26.017..1719.102 rows=807 loops=1)
         Buffers: shared hit=125029 read=47630
         ->  Hash Join  (cost=8154.46..410556.97 rows=1 width=4) (actual time=25.973..1658.291 rows=1949 loops=1)
               Hash Cond: (ci.role_id = rt.id)
               Buffers: shared hit=119747 read=45116
               ->  Nested Loop  (cost=8153.30..410555.76 rows=14 width=8) (actual time=25.809..1652.609 rows=44391 loops=1)
                     Buffers: shared hit=119746 read=45116
                     ->  Nested Loop  (cost=8152.86..410511.40 rows=1 width=12) (actual time=25.778..1148.833 rows=1853 loops=1)
                           Buffers: shared hit=96356 read=19459
                           ->  Nested Loop  (cost=8152.86..410508.98 rows=1 width=16) (actual time=25.772..1122.580 rows=1853 loops=1)
                                 Buffers: shared hit=94503 read=19459
                                 ->  Nested Loop  (cost=8152.86..410506.55 rows=1 width=20) (actual time=25.752..1094.728 rows=1853 loops=1)
                                       Buffers: shared hit=92650 read=19459
                                       ->  Hash Join  (cost=8152.42..409552.85 rows=22 width=12) (actual time=24.264..743.436 rows=3798 loops=1)
                                             Hash Cond: (t.kind_id = kt.id)
                                             Buffers: shared hit=63940 read=7057
                                             ->  Nested Loop  (cost=8151.22..409551.54 rows=26 width=16) (actual time=24.230..742.054 rows=3798 loops=1)
                                                   Buffers: shared hit=63939 read=7057
                                                   ->  Bitmap Heap Scan on movie_info mi1  (cost=8150.79..408562.59 rows=117 width=8) (actual time=23.477..284.948 rows=16343 loops=1)
                                                         Recheck Cond: (info_type_id = 1)
                                                         Filter: ((info)::text = ANY ('{108,17,23,29,72,81}'::text[]))
                                                         Rows Removed by Filter: 785797
                                                         Heap Blocks: exact=4993
                                                         Buffers: shared hit=2887 read=2737
                                                         ->  Bitmap Index Scan on info_type_id_movie_info  (cost=0.00..8150.77 rows=762444 width=0) (actual time=22.698..22.699 rows=802140 loops=1)
                                                               Index Cond: (info_type_id = 1)
                                                               Buffers: shared hit=1 read=630
                                                   ->  Index Scan using title_pkey on title t  (cost=0.43..8.45 rows=1 width=8) (actual time=0.028..0.028 rows=0 loops=16343)
                                                         Index Cond: (id = mi1.movie_id)
                                                         Filter: ((production_year <= 1990) AND (production_year >= 1950))
                                                         Rows Removed by Filter: 1
                                                         Buffers: shared hit=61052 read=4320
                                             ->  Hash  (cost=1.12..1.12 rows=6 width=4) (actual time=0.016..0.017 rows=6 loops=1)
                                                   Buckets: 1024  Batches: 1  Memory Usage: 9kB
                                                   Buffers: shared hit=1
                                                   ->  Seq Scan on kind_type kt  (cost=0.00..1.12 rows=6 width=4) (actual time=0.008..0.010 rows=6 loops=1)
                                                         Filter: ((kind)::text = ANY ('{episode,movie,"tv movie","tv series","video game","video movie"}'::text[]))
                                                         Rows Removed by Filter: 1
                                                         Buffers: shared hit=1
                                       ->  Index Scan using movie_id_movie_info on movie_info mi2  (cost=0.43..43.34 rows=1 width=8) (actual time=0.086..0.092 rows=0 loops=3798)
                                             Index Cond: (movie_id = t.id)
                                             Filter: ((info_type_id = 8) AND ((info)::text = ANY ('{Austria,Belgium,Brazil,Bulgaria,Czechoslovakia,"East Germany",Iran,Japan,Mexico,Netherlands,Norway,Poland,Portugal,Spain,USA}'::text[])))
                                             Rows Removed by Filter: 13
                                             Buffers: shared hit=28710 read=12402
                                 ->  Seq Scan on info_type it1  (cost=0.00..2.41 rows=1 width=4) (actual time=0.008..0.014 rows=1 loops=1853)
                                       Filter: (id = 1)
                                       Rows Removed by Filter: 112
                                       Buffers: shared hit=1853
                           ->  Seq Scan on info_type it2  (cost=0.00..2.41 rows=1 width=4) (actual time=0.008..0.013 rows=1 loops=1853)
                                 Filter: (id = 8)
                                 Rows Removed by Filter: 112
                                 Buffers: shared hit=1853
                     ->  Index Scan using movie_id_cast_info on cast_info ci  (cost=0.44..43.98 rows=38 width=12) (actual time=0.040..0.267 rows=24 loops=1853)
                           Index Cond: (movie_id = t.id)
                           Buffers: shared hit=23390 read=25657
               ->  Hash  (cost=1.15..1.15 rows=1 width=4) (actual time=0.033..0.034 rows=1 loops=1)
                     Buckets: 1024  Batches: 1  Memory Usage: 9kB
                     Buffers: shared hit=1
                     ->  Seq Scan on role_type rt  (cost=0.00..1.15 rows=1 width=4) (actual time=0.025..0.026 rows=1 loops=1)
                           Filter: ((role)::text = 'director'::text)
                           Rows Removed by Filter: 11
                           Buffers: shared hit=1
         ->  Index Scan using name_pkey on name n  (cost=0.43..2.32 rows=1 width=4) (actual time=0.031..0.031 rows=0 loops=1949)
               Index Cond: (id = ci.person_id)
               Filter: (((gender)::text = 'f'::text) OR (gender IS NULL))
               Rows Removed by Filter: 1
               Buffers: shared hit=5282 read=2514
 Planning:
   Buffers: shared hit=574
 Planning Time: 13.241 ms
 Execution Time: 1719.767 ms
(73 rows)

