                                                                                                                                                                                                                                                                                                                                                                        QUERY PLAN                                                                                                                                                                                                                                                                                                                                                                        
----------------------------------------------------------------------------------------------------------------------------------------------------------------------------------------------------------------------------------------------------------------------------------------------------------------------------------------------------------------------------------------------------------------------------------------------------------------------------------------------------------------------------------------------------------------------------------------------------------------------------------------------------------------------------------------------------------------------------------------------------------
 Aggregate  (cost=390417.30..390417.31 rows=1 width=8) (actual time=7207.395..7207.403 rows=1 loops=1)
   Buffers: shared hit=637772 read=113452
   ->  Nested Loop  (cost=7082.03..390417.26 rows=14 width=0) (actual time=20.524..7195.211 rows=80639 loops=1)
         Buffers: shared hit=637772 read=113452
         ->  Hash Join  (cost=7081.60..390366.23 rows=22 width=4) (actual time=20.482..4216.251 rows=86252 loops=1)
               Hash Cond: (ci.role_id = rt.id)
               Buffers: shared hit=315603 read=90613
               ->  Nested Loop  (cost=7080.40..390364.72 rows=86 width=8) (actual time=20.428..4167.495 rows=191726 loops=1)
                     Buffers: shared hit=315602 read=90613
                     ->  Nested Loop  (cost=7079.96..390098.56 rows=6 width=12) (actual time=20.394..2049.124 rows=7197 loops=1)
                           Buffers: shared hit=156338 read=41075
                           ->  Seq Scan on info_type it2  (cost=0.00..2.41 rows=1 width=4) (actual time=0.024..0.035 rows=1 loops=1)
                                 Filter: (id = 2)
                                 Rows Removed by Filter: 112
                                 Buffers: shared hit=1
                           ->  Nested Loop  (cost=7079.96..390096.08 rows=6 width=16) (actual time=20.369..2047.264 rows=7197 loops=1)
                                 Buffers: shared hit=156337 read=41075
                                 ->  Seq Scan on info_type it1  (cost=0.00..2.41 rows=1 width=4) (actual time=0.007..0.019 rows=1 loops=1)
                                       Filter: (id = 18)
                                       Rows Removed by Filter: 112
                                       Buffers: shared hit=1
                                 ->  Nested Loop  (cost=7079.96..390093.61 rows=6 width=20) (actual time=20.359..2045.408 rows=7197 loops=1)
                                       Buffers: shared hit=156336 read=41075
                                       ->  Hash Join  (cost=7079.52..384373.95 rows=134 width=12) (actual time=20.320..1125.857 rows=7311 loops=1)
                                             Hash Cond: (t.kind_id = kt.id)
                                             Buffers: shared hit=88918 read=17259
                                             ->  Nested Loop  (cost=7078.34..384371.98 rows=188 width=16) (actual time=20.285..1121.620 rows=7341 loops=1)
                                                   Buffers: shared hit=88917 read=17259
                                                   ->  Bitmap Heap Scan on movie_info mi1  (cost=7077.91..377307.73 rows=858 width=8) (actual time=20.250..282.081 rows=24671 loops=1)
                                                         Recheck Cond: (info_type_id = 18)
                                                         Filter: ((info)::text = ANY ('{"Buenos Aires, Federal District, Argentina","London, England, UK","Madrid, Spain","Rome, Lazio, Italy","Samuel Goldwyn Studios - 7200 Santa Monica Boulevard, West Hollywood, California, USA","Stage 27A, Warner Brothers Burbank Studios - 4000 Warner Boulevard, Burbank, California, USA","Stage 42, Universal Studios - 100 Universal City Plaza, Universal City, California, USA","Stage 9, Warner Brothers Burbank Studios - 4000 Warner Boulevard, Burbank, California, USA","Studio 33, CBS Television City - 7800 Beverly Blvd., Fairfax, Los Angeles, California, USA","The Lot - 1041 N. Formosa Avenue, West Hollywood, California, USA"}'::text[]))
                                                         Rows Removed by Filter: 636252
                                                         Heap Blocks: exact=6972
                                                         Buffers: shared hit=1125 read=6367
                                                         ->  Bitmap Index Scan on info_type_id_movie_info  (cost=0.00..7077.68 rows=662032 width=0) (actual time=19.339..19.339 rows=660923 loops=1)
                                                               Index Cond: (info_type_id = 18)
                                                               Buffers: shared hit=1 read=519
                                                   ->  Index Scan using title_pkey on title t  (cost=0.43..8.23 rows=1 width=8) (actual time=0.034..0.034 rows=0 loops=24671)
                                                         Index Cond: (id = mi1.movie_id)
                                                         Filter: ((production_year <= 1990) AND (production_year >= 1950))
                                                         Rows Removed by Filter: 1
                                                         Buffers: shared hit=87792 read=10892
                                             ->  Hash  (cost=1.11..1.11 rows=5 width=4) (actual time=0.014..0.015 rows=5 loops=1)
                                                   Buckets: 1024  Batches: 1  Memory Usage: 9kB
                                                   Buffers: shared hit=1
                                                   ->  Seq Scan on kind_type kt  (cost=0.00..1.11 rows=5 width=4) (actual time=0.007..0.009 rows=5 loops=1)
                                                         Filter: ((kind)::text = ANY ('{episode,movie,"tv movie","tv series","video game"}'::text[]))
                                                         Rows Removed by Filter: 2
                                                         Buffers: shared hit=1
                                       ->  Index Scan using movie_id_movie_info on movie_info mi2  (cost=0.43..42.67 rows=1 width=8) (actual time=0.107..0.125 rows=1 loops=7311)
                                             Index Cond: (movie_id = t.id)
                                             Filter: (((info)::text = ANY ('{"Black and White",Color}'::text[])) AND (info_type_id = 2))
                                             Rows Removed by Filter: 19
                                             Buffers: shared hit=67418 read=23816
                     ->  Index Scan using movie_id_cast_info on cast_info ci  (cost=0.44..43.98 rows=38 width=12) (actual time=0.038..0.287 rows=27 loops=7197)
                           Index Cond: (movie_id = t.id)
                           Buffers: shared hit=159264 read=49538
               ->  Hash  (cost=1.17..1.17 rows=3 width=4) (actual time=0.033..0.034 rows=3 loops=1)
                     Buckets: 1024  Batches: 1  Memory Usage: 9kB
                     Buffers: shared hit=1
                     ->  Seq Scan on role_type rt  (cost=0.00..1.17 rows=3 width=4) (actual time=0.023..0.026 rows=3 loops=1)
                           Filter: ((role)::text = ANY ('{actor,"costume designer",editor}'::text[]))
                           Rows Removed by Filter: 9
                           Buffers: shared hit=1
         ->  Index Scan using name_pkey on name n  (cost=0.43..2.32 rows=1 width=4) (actual time=0.034..0.034 rows=1 loops=86252)
               Index Cond: (id = ci.person_id)
               Filter: ((gender)::text = ANY ('{f,m}'::text[]))
               Rows Removed by Filter: 0
               Buffers: shared hit=322169 read=22839
 Planning:
   Buffers: shared hit=576 read=1
 Planning Time: 12.203 ms
 Execution Time: 7207.933 ms
(73 rows)

