                                                                                                                  QUERY PLAN                                                                                                                   
-----------------------------------------------------------------------------------------------------------------------------------------------------------------------------------------------------------------------------------------------
 Aggregate  (cost=505078.69..505078.70 rows=1 width=8) (actual time=41100.754..41100.763 rows=1 loops=1)
   Buffers: shared hit=3909059 read=343657
   ->  Nested Loop  (cost=5097.71..505078.63 rows=27 width=0) (actual time=17.204..41091.241 rows=38232 loops=1)
         Buffers: shared hit=3909059 read=343657
         ->  Hash Join  (cost=5097.28..504981.21 rows=42 width=4) (actual time=17.163..36956.271 rows=107052 loops=1)
               Hash Cond: (ci.role_id = rt.id)
               Buffers: shared hit=3514015 read=310493
               ->  Nested Loop  (cost=5096.02..504979.60 rows=100 width=8) (actual time=17.069..36773.823 rows=827029 loops=1)
                     Buffers: shared hit=3514014 read=310493
                     ->  Nested Loop  (cost=5095.58..504665.60 rows=7 width=12) (actual time=17.040..27329.041 rows=38884 loops=1)
                           Buffers: shared hit=2728918 read=166369
                           ->  Seq Scan on info_type it2  (cost=0.00..2.41 rows=1 width=4) (actual time=0.030..0.042 rows=1 loops=1)
                                 Filter: (id = 4)
                                 Rows Removed by Filter: 112
                                 Buffers: shared hit=1
                           ->  Nested Loop  (cost=5095.58..504663.12 rows=7 width=16) (actual time=17.009..27317.669 rows=38884 loops=1)
                                 Buffers: shared hit=2728917 read=166369
                                 ->  Seq Scan on info_type it1  (cost=0.00..2.41 rows=1 width=4) (actual time=0.008..0.021 rows=1 loops=1)
                                       Filter: (id = 6)
                                       Rows Removed by Filter: 112
                                       Buffers: shared hit=1
                                 ->  Nested Loop  (cost=5095.58..504660.64 rows=7 width=20) (actual time=16.998..27306.402 rows=38884 loops=1)
                                       Buffers: shared hit=2728916 read=166369
                                       ->  Hash Join  (cost=5095.15..469188.01 rows=812 width=12) (actual time=16.587..15187.979 rows=106657 loops=1)
                                             Hash Cond: (t.kind_id = kt.id)
                                             Buffers: shared hit=1569606 read=43535
                                             ->  Nested Loop  (cost=5094.01..469178.89 rows=1896 width=16) (actual time=16.550..15116.795 rows=175633 loops=1)
                                                   Buffers: shared hit=1569605 read=43535
                                                   ->  Bitmap Heap Scan on movie_info mi1  (cost=5093.57..389504.52 rows=13336 width=8) (actual time=16.022..336.819 rows=405083 loops=1)
                                                         Recheck Cond: (info_type_id = 6)
                                                         Filter: ((info)::text = ANY ('{"4-Track Stereo","70 mm 6-Track",Mono,Silent,Stereo}'::text[]))
                                                         Rows Removed by Filter: 69360
                                                         Heap Blocks: exact=3206
                                                         Buffers: shared hit=273 read=3307
                                                         ->  Bitmap Index Scan on info_type_id_movie_info  (cost=0.00..5090.24 rows=475974 width=0) (actual time=15.632..15.632 rows=474443 loops=1)
                                                               Index Cond: (info_type_id = 6)
                                                               Buffers: shared read=374
                                                   ->  Memoize  (cost=0.44..6.07 rows=1 width=8) (actual time=0.036..0.036 rows=0 loops=405083)
                                                         Cache Key: mi1.movie_id
                                                         Cache Mode: logical
                                                         Hits: 2693  Misses: 402390  Evictions: 300456  Overflows: 0  Memory Usage: 8193kB
                                                         Buffers: shared hit=1569332 read=40228
                                                         ->  Index Scan using title_pkey on title t  (cost=0.43..6.06 rows=1 width=8) (actual time=0.035..0.035 rows=0 loops=402390)
                                                               Index Cond: (id = mi1.movie_id)
                                                               Filter: ((production_year <= 1975) AND (production_year >= 1925))
                                                               Rows Removed by Filter: 1
                                                               Buffers: shared hit=1569332 read=40228
                                             ->  Hash  (cost=1.10..1.10 rows=3 width=4) (actual time=0.017..0.018 rows=3 loops=1)
                                                   Buckets: 1024  Batches: 1  Memory Usage: 9kB
                                                   Buffers: shared hit=1
                                                   ->  Seq Scan on kind_type kt  (cost=0.00..1.10 rows=3 width=4) (actual time=0.008..0.010 rows=3 loops=1)
                                                         Filter: ((kind)::text = ANY ('{movie,"tv movie","tv series"}'::text[]))
                                                         Rows Removed by Filter: 4
                                                         Buffers: shared hit=1
                                       ->  Index Scan using movie_id_movie_info on movie_info mi2  (cost=0.43..43.68 rows=1 width=8) (actual time=0.089..0.113 rows=0 loops=106657)
                                             Index Cond: (movie_id = t.id)
                                             Filter: ((info_type_id = 4) AND ((info)::text = ANY ('{Czech,Danish,Dutch,German,Hindi,Hungarian,Italian,Japanese,Mandarin,Polish,Portuguese,Romanian,Serbo-Croatian,Spanish,Swedish}'::text[])))
                                             Rows Removed by Filter: 16
                                             Buffers: shared hit=1159310 read=122834
                     ->  Index Scan using movie_id_cast_info on cast_info ci  (cost=0.44..44.48 rows=38 width=12) (actual time=0.037..0.236 rows=21 loops=38884)
                           Index Cond: (movie_id = t.id)
                           Buffers: shared hit=785096 read=144124
               ->  Hash  (cost=1.20..1.20 rows=5 width=4) (actual time=0.032..0.033 rows=5 loops=1)
                     Buckets: 1024  Batches: 1  Memory Usage: 9kB
                     Buffers: shared hit=1
                     ->  Seq Scan on role_type rt  (cost=0.00..1.20 rows=5 width=4) (actual time=0.023..0.026 rows=5 loops=1)
                           Filter: ((role)::text = ANY ('{composer,editor,guest,"miscellaneous crew",producer}'::text[]))
                           Rows Removed by Filter: 7
                           Buffers: shared hit=1
         ->  Index Scan using name_pkey on name n  (cost=0.43..2.32 rows=1 width=4) (actual time=0.038..0.038 rows=0 loops=107052)
               Index Cond: (id = ci.person_id)
               Filter: ((gender)::text = ANY ('{f,m}'::text[]))
               Rows Removed by Filter: 1
               Buffers: shared hit=395044 read=33164
 Planning:
   Buffers: shared hit=530 read=44
 Planning Time: 13.953 ms
 Execution Time: 41103.695 ms
(78 rows)

