                                                                                                   QUERY PLAN                                                                                                   
----------------------------------------------------------------------------------------------------------------------------------------------------------------------------------------------------------------
 Aggregate  (cost=380040.58..380040.59 rows=1 width=8) (actual time=2394.356..2394.364 rows=1 loops=1)
   Buffers: shared hit=183302 read=62797
   ->  Nested Loop  (cost=4697.58..380040.57 rows=5 width=0) (actual time=63.786..2393.335 rows=7744 loops=1)
         Buffers: shared hit=183302 read=62797
         ->  Hash Join  (cost=4697.15..380024.33 rows=7 width=4) (actual time=63.742..2061.540 rows=9125 loops=1)
               Hash Cond: (ci.role_id = rt.id)
               Buffers: shared hit=157023 read=52576
               ->  Nested Loop  (cost=4695.95..380023.03 rows=29 width=8) (actual time=63.679..2057.376 rows=16898 loops=1)
                     Buffers: shared hit=157022 read=52576
                     ->  Nested Loop  (cost=4695.51..379934.31 rows=2 width=12) (actual time=63.639..1841.925 rows=620 loops=1)
                           Buffers: shared hit=147864 read=43485
                           ->  Seq Scan on info_type it2  (cost=0.00..2.41 rows=1 width=4) (actual time=0.030..0.039 rows=1 loops=1)
                                 Filter: (id = 2)
                                 Rows Removed by Filter: 112
                                 Buffers: shared hit=1
                           ->  Nested Loop  (cost=4695.51..379931.88 rows=2 width=16) (actual time=63.607..1841.715 rows=620 loops=1)
                                 Buffers: shared hit=147863 read=43485
                                 ->  Seq Scan on info_type it1  (cost=0.00..2.41 rows=1 width=4) (actual time=0.009..0.020 rows=1 loops=1)
                                       Filter: (id = 5)
                                       Rows Removed by Filter: 112
                                       Buffers: shared hit=1
                                 ->  Nested Loop  (cost=4695.51..379929.44 rows=2 width=20) (actual time=63.595..1841.494 rows=620 loops=1)
                                       Buffers: shared hit=147862 read=43485
                                       ->  Hash Join  (cost=4695.07..378051.35 rows=44 width=12) (actual time=63.499..1755.426 rows=609 loops=1)
                                             Hash Cond: (t.kind_id = kt.id)
                                             Buffers: shared hit=143412 read=39841
                                             ->  Nested Loop  (cost=4693.94..378049.78 rows=103 width=16) (actual time=20.089..1752.258 rows=15084 loops=1)
                                                   Buffers: shared hit=143411 read=39841
                                                   ->  Bitmap Heap Scan on movie_info mi1  (cost=4693.51..374133.10 rows=470 width=8) (actual time=19.996..350.673 rows=40920 loops=1)
                                                         Recheck Cond: (info_type_id = 5)
                                                         Filter: ((info)::text = ANY ('{Australia:G,Finland:(Banned),Finland:K-12,Italy:T,Netherlands:AL,Sweden:11,UK:18,USA:TV-PG,"West Germany:6"}'::text[]))
                                                         Rows Removed by Filter: 445634
                                                         Heap Blocks: exact=19164
                                                         Buffers: shared hit=2005 read=17567
                                                         ->  Bitmap Index Scan on info_type_id_movie_info  (cost=0.00..4693.37 rows=439058 width=0) (actual time=17.320..17.320 rows=486554 loops=1)
                                                               Index Cond: (info_type_id = 5)
                                                               Buffers: shared read=408
                                                   ->  Index Scan using title_pkey on title t  (cost=0.43..8.33 rows=1 width=8) (actual time=0.034..0.034 rows=0 loops=40920)
                                                         Index Cond: (id = mi1.movie_id)
                                                         Filter: ((production_year <= 1990) AND (production_year >= 1950))
                                                         Rows Removed by Filter: 1
                                                         Buffers: shared hit=141406 read=22274
                                             ->  Hash  (cost=1.10..1.10 rows=3 width=4) (actual time=0.017..0.018 rows=3 loops=1)
                                                   Buckets: 1024  Batches: 1  Memory Usage: 9kB
                                                   Buffers: shared hit=1
                                                   ->  Seq Scan on kind_type kt  (cost=0.00..1.10 rows=3 width=4) (actual time=0.009..0.011 rows=3 loops=1)
                                                         Filter: ((kind)::text = ANY ('{"tv movie","video game","video movie"}'::text[]))
                                                         Rows Removed by Filter: 4
                                                         Buffers: shared hit=1
                                       ->  Index Scan using movie_id_movie_info on movie_info mi2  (cost=0.43..42.67 rows=1 width=8) (actual time=0.118..0.140 rows=1 loops=609)
                                             Index Cond: (movie_id = t.id)
                                             Filter: (((info)::text = ANY ('{"Black and White",Color}'::text[])) AND (info_type_id = 2))
                                             Rows Removed by Filter: 19
                                             Buffers: shared hit=4450 read=3644
                     ->  Index Scan using movie_id_cast_info on cast_info ci  (cost=0.44..43.98 rows=38 width=12) (actual time=0.042..0.341 rows=27 loops=620)
                           Index Cond: (movie_id = t.id)
                           Buffers: shared hit=9158 read=9091
               ->  Hash  (cost=1.17..1.17 rows=3 width=4) (actual time=0.039..0.040 rows=3 loops=1)
                     Buckets: 1024  Batches: 1  Memory Usage: 9kB
                     Buffers: shared hit=1
                     ->  Seq Scan on role_type rt  (cost=0.00..1.17 rows=3 width=4) (actual time=0.028..0.032 rows=3 loops=1)
                           Filter: ((role)::text = ANY ('{actor,guest,"miscellaneous crew"}'::text[]))
                           Rows Removed by Filter: 9
                           Buffers: shared hit=1
         ->  Index Scan using name_pkey on name n  (cost=0.43..2.32 rows=1 width=4) (actual time=0.036..0.036 rows=1 loops=9125)
               Index Cond: (id = ci.person_id)
               Filter: ((gender)::text = ANY ('{f,m}'::text[]))
               Rows Removed by Filter: 0
               Buffers: shared hit=26279 read=10221
 Planning:
   Buffers: shared hit=506 read=71
 Planning Time: 14.225 ms
 Execution Time: 2395.010 ms
(73 rows)

