                                                                                                                                                                                                                                                                                                                                                                                                                                         QUERY PLAN                                                                                                                                                                                                                                                                                                                                                                                                                                         
--------------------------------------------------------------------------------------------------------------------------------------------------------------------------------------------------------------------------------------------------------------------------------------------------------------------------------------------------------------------------------------------------------------------------------------------------------------------------------------------------------------------------------------------------------------------------------------------------------------------------------------------------------------------------------------------------------------------------------------------------------------------------------------------------------------------------------------------------------------------------------------------
 Aggregate  (cost=343471.09..343471.10 rows=1 width=8) (actual time=724.331..724.338 rows=1 loops=1)
   Buffers: shared hit=41060 read=31491
   ->  Nested Loop  (cost=3725.49..343471.09 rows=1 width=0) (actual time=73.554..724.324 rows=11 loops=1)
         Buffers: shared hit=41060 read=31491
         ->  Nested Loop  (cost=3725.06..343468.77 rows=1 width=4) (actual time=45.629..723.785 rows=15 loops=1)
               Buffers: shared hit=41020 read=31471
               ->  Nested Loop  (cost=3725.06..343466.35 rows=1 width=8) (actual time=45.621..723.632 rows=15 loops=1)
                     Buffers: shared hit=41005 read=31471
                     ->  Nested Loop  (cost=3725.06..343463.92 rows=1 width=12) (actual time=45.591..723.418 rows=15 loops=1)
                           Join Filter: (t.id = mi1.movie_id)
                           Buffers: shared hit=40990 read=31471
                           ->  Hash Join  (cost=3724.59..343421.71 rows=1 width=20) (actual time=15.611..612.743 rows=817 loops=1)
                                 Hash Cond: (ci.role_id = rt.id)
                                 Buffers: shared hit=33439 read=26854
                                 ->  Nested Loop  (cost=3723.43..343420.50 rows=14 width=24) (actual time=15.279..608.880 rows=35743 loops=1)
                                       Buffers: shared hit=33438 read=26854
                                       ->  Nested Loop  (cost=3722.99..343375.65 rows=1 width=12) (actual time=15.238..270.208 rows=1279 loops=1)
                                             Buffers: shared hit=9017 read=12097
                                             ->  Nested Loop  (cost=3722.85..343375.17 rows=3 width=16) (actual time=15.221..252.819 rows=1279 loops=1)
                                                   Buffers: shared hit=6459 read=12097
                                                   ->  Bitmap Heap Scan on movie_info mi2  (cost=3722.42..343223.03 rows=18 width=8) (actual time=14.831..185.502 rows=1835 loops=1)
                                                         Recheck Cond: (info_type_id = 17)
                                                         Filter: ((info)::text = ANY ('{"Last show of the series.","One of over 700 Paramount Productions, filmed between 1929 and 1949, which were sold to MCA/Universal in 1958 for television distribution, and have been owned and controlled by Universal ever since."}'::text[]))
                                                         Rows Removed by Filter: 366383
                                                         Heap Blocks: exact=10925
                                                         Buffers: shared hit=397 read=10819
                                                         ->  Bitmap Index Scan on info_type_id_movie_info  (cost=0.00..3722.42 rows=347998 width=0) (actual time=13.245..13.246 rows=368218 loops=1)
                                                               Index Cond: (info_type_id = 17)
                                                               Buffers: shared hit=1 read=290
                                                   ->  Index Scan using title_pkey on title t  (cost=0.43..8.45 rows=1 width=8) (actual time=0.036..0.036 rows=1 loops=1835)
                                                         Index Cond: (id = mi2.movie_id)
                                                         Filter: ((production_year <= 1975) AND (production_year >= 1925))
                                                         Rows Removed by Filter: 0
                                                         Buffers: shared hit=6062 read=1278
                                             ->  Index Scan using kind_type_pkey on kind_type kt  (cost=0.13..0.15 rows=1 width=4) (actual time=0.013..0.013 rows=1 loops=1279)
                                                   Index Cond: (id = t.kind_id)
                                                   Filter: ((kind)::text = ANY ('{episode,movie,"tv series"}'::text[]))
                                                   Buffers: shared hit=2558
                                       ->  Index Scan using movie_id_cast_info on cast_info ci  (cost=0.44..44.48 rows=38 width=12) (actual time=0.029..0.260 rows=28 loops=1279)
                                             Index Cond: (movie_id = t.id)
                                             Buffers: shared hit=24421 read=14757
                                 ->  Hash  (cost=1.15..1.15 rows=1 width=4) (actual time=0.028..0.029 rows=1 loops=1)
                                       Buckets: 1024  Batches: 1  Memory Usage: 9kB
                                       Buffers: shared hit=1
                                       ->  Seq Scan on role_type rt  (cost=0.00..1.15 rows=1 width=4) (actual time=0.023..0.024 rows=1 loops=1)
                                             Filter: ((role)::text = 'composer'::text)
                                             Rows Removed by Filter: 11
                                             Buffers: shared hit=1
                           ->  Index Scan using movie_id_movie_info on movie_info mi1  (cost=0.47..42.20 rows=1 width=8) (actual time=0.134..0.135 rows=0 loops=817)
                                 Index Cond: (movie_id = ci.movie_id)
                                 Filter: ((info_type_id = 18) AND ((info)::text = ANY ('{"Bavaria Filmstudios, Geiselgasteig, GrÃ¼nwald, Bavaria, Germany","Big Ben, Houses of Parliament, Westminster, London, England, UK","Columbia/Warner Bros. Ranch - 411 North Hollywood Way, Burbank, California, USA","Denham Studios, Denham, Buckinghamshire, England, UK","Houses of Parliament, Westminster, London, England, UK","Madrid, Spain",Mexico,"Red Rock Canyon State Park - Highway 14, Cantil, California, USA","Santa Catalina Island, Channel Islands, California, USA","Stage 27A, Warner Brothers Burbank Studios - 4000 Warner Boulevard, Burbank, California, USA","Stage 5, Warner Brothers Burbank Studios - 4000 Warner Boulevard, Burbank, California, USA","Stage 9, Warner Brothers Burbank Studios - 4000 Warner Boulevard, Burbank, California, USA",USA}'::text[])))
                                 Rows Removed by Filter: 24
                                 Buffers: shared hit=7551 read=4617
                     ->  Seq Scan on info_type it1  (cost=0.00..2.41 rows=1 width=4) (actual time=0.007..0.011 rows=1 loops=15)
                           Filter: (id = 18)
                           Rows Removed by Filter: 112
                           Buffers: shared hit=15
               ->  Seq Scan on info_type it2  (cost=0.00..2.41 rows=1 width=4) (actual time=0.004..0.009 rows=1 loops=15)
                     Filter: (id = 17)
                     Rows Removed by Filter: 112
                     Buffers: shared hit=15
         ->  Index Scan using name_pkey on name n  (cost=0.43..2.32 rows=1 width=4) (actual time=0.035..0.035 rows=1 loops=15)
               Index Cond: (id = ci.person_id)
               Filter: (gender IS NULL)
               Rows Removed by Filter: 0
               Buffers: shared hit=40 read=20
 Planning:
   Buffers: shared hit=577
 Planning Time: 13.289 ms
 Execution Time: 724.857 ms
(70 rows)

