                                                                                                   QUERY PLAN                                                                                                   
----------------------------------------------------------------------------------------------------------------------------------------------------------------------------------------------------------------
 Aggregate  (cost=494248.08..494248.09 rows=1 width=8) (actual time=49861.962..49861.969 rows=1 loops=1)
   Buffers: shared hit=4804358 read=224366
   ->  Nested Loop  (cost=5096.86..494247.80 rows=110 width=0) (actual time=16.133..49827.743 rows=181517 loops=1)
         Buffers: shared hit=4804358 read=224366
         ->  Hash Join  (cost=5096.43..493735.19 rows=221 width=4) (actual time=15.940..29967.685 rows=518644 loops=1)
               Hash Cond: (ci.role_id = rt.id)
               Buffers: shared hit=2774526 read=179622
               ->  Nested Loop  (cost=5095.18..493732.05 rows=530 width=8) (actual time=15.886..29695.392 rows=638047 loops=1)
                     Buffers: shared hit=2774525 read=179622
                     ->  Nested Loop  (cost=5094.74..492090.68 rows=37 width=12) (actual time=15.857..22061.454 rows=30288 loops=1)
                           Buffers: shared hit=2152529 read=85713
                           ->  Seq Scan on info_type it2  (cost=0.00..2.41 rows=1 width=4) (actual time=0.025..0.032 rows=1 loops=1)
                                 Filter: (id = 8)
                                 Rows Removed by Filter: 112
                                 Buffers: shared hit=1
                           ->  Nested Loop  (cost=5094.74..492087.90 rows=37 width=16) (actual time=15.830..22052.576 rows=30288 loops=1)
                                 Buffers: shared hit=2152528 read=85713
                                 ->  Seq Scan on info_type it1  (cost=0.00..2.41 rows=1 width=4) (actual time=0.011..0.020 rows=1 loops=1)
                                       Filter: (id = 6)
                                       Rows Removed by Filter: 112
                                       Buffers: shared hit=1
                                 ->  Nested Loop  (cost=5094.74..492085.12 rows=37 width=20) (actual time=15.816..22042.546 rows=30288 loops=1)
                                       Buffers: shared hit=2152527 read=85713
                                       ->  Hash Join  (cost=5094.30..438780.58 rows=1234 width=12) (actual time=15.567..12341.704 rows=97709 loops=1)
                                             Hash Cond: (t.kind_id = kt.id)
                                             Buffers: shared hit=1172532 read=44561
                                             ->  Nested Loop  (cost=5093.15..438770.31 rows=2160 width=16) (actual time=15.534..12270.354 rows=173774 loops=1)
                                                   Buffers: shared hit=1172531 read=44561
                                                   ->  Bitmap Heap Scan on movie_info mi1  (cost=5092.71..374663.13 rows=9865 width=8) (actual time=15.477..327.154 rows=305458 loops=1)
                                                         Recheck Cond: (info_type_id = 6)
                                                         Filter: ((info)::text = ANY ('{"4-Track Stereo",Dolby,Mono,Stereo}'::text[]))
                                                         Rows Removed by Filter: 168985
                                                         Heap Blocks: exact=3206
                                                         Buffers: shared hit=159 read=3421
                                                         ->  Bitmap Index Scan on info_type_id_movie_info  (cost=0.00..5090.24 rows=475974 width=0) (actual time=15.093..15.093 rows=474443 loops=1)
                                                               Index Cond: (info_type_id = 6)
                                                               Buffers: shared hit=1 read=373
                                                   ->  Memoize  (cost=0.44..6.57 rows=1 width=8) (actual time=0.039..0.039 rows=1 loops=305458)
                                                         Cache Key: mi1.movie_id
                                                         Cache Mode: logical
                                                         Hits: 2080  Misses: 303378  Evictions: 206259  Overflows: 0  Memory Usage: 8193kB
                                                         Buffers: shared hit=1172372 read=41140
                                                         ->  Index Scan using title_pkey on title t  (cost=0.43..6.56 rows=1 width=8) (actual time=0.037..0.037 rows=1 loops=303378)
                                                               Index Cond: (id = mi1.movie_id)
                                                               Filter: ((production_year <= 1990) AND (production_year >= 1950))
                                                               Rows Removed by Filter: 0
                                                               Buffers: shared hit=1172372 read=41140
                                             ->  Hash  (cost=1.10..1.10 rows=4 width=4) (actual time=0.012..0.013 rows=4 loops=1)
                                                   Buckets: 1024  Batches: 1  Memory Usage: 9kB
                                                   Buffers: shared hit=1
                                                   ->  Seq Scan on kind_type kt  (cost=0.00..1.10 rows=4 width=4) (actual time=0.007..0.009 rows=4 loops=1)
                                                         Filter: ((kind)::text = ANY ('{episode,"tv series","video game","video movie"}'::text[]))
                                                         Rows Removed by Filter: 3
                                                         Buffers: shared hit=1
                                       ->  Index Scan using movie_id_movie_info on movie_info mi2  (cost=0.43..43.19 rows=1 width=8) (actual time=0.096..0.099 rows=0 loops=97709)
                                             Index Cond: (movie_id = t.id)
                                             Filter: ((info_type_id = 8) AND ((info)::text = ANY ('{Argentina,Australia,Austria,Belgium,France,India,Japan,Netherlands,Spain,Taiwan,USA,Yugoslavia}'::text[])))
                                             Rows Removed by Filter: 10
                                             Buffers: shared hit=979995 read=41152
                     ->  Index Scan using movie_id_cast_info on cast_info ci  (cost=0.44..43.98 rows=38 width=12) (actual time=0.039..0.244 rows=21 loops=30288)
                           Index Cond: (movie_id = t.id)
                           Buffers: shared hit=621996 read=93909
               ->  Hash  (cost=1.20..1.20 rows=5 width=4) (actual time=0.035..0.035 rows=5 loops=1)
                     Buckets: 1024  Batches: 1  Memory Usage: 9kB
                     Buffers: shared hit=1
                     ->  Seq Scan on role_type rt  (cost=0.00..1.20 rows=5 width=4) (actual time=0.025..0.029 rows=5 loops=1)
                           Filter: ((role)::text = ANY ('{actor,actress,director,producer,writer}'::text[]))
                           Rows Removed by Filter: 7
                           Buffers: shared hit=1
         ->  Index Scan using name_pkey on name n  (cost=0.43..2.32 rows=1 width=4) (actual time=0.038..0.038 rows=0 loops=518644)
               Index Cond: (id = ci.person_id)
               Filter: (((gender)::text = 'f'::text) OR (gender IS NULL))
               Rows Removed by Filter: 1
               Buffers: shared hit=2029832 read=44744
 Planning:
   Buffers: shared hit=574
 Planning Time: 13.476 ms
 Execution Time: 49863.939 ms
(78 rows)

