                                                                                                                                                    QUERY PLAN                                                                                                                                                    
------------------------------------------------------------------------------------------------------------------------------------------------------------------------------------------------------------------------------------------------------------------------------------------------------------------
 Aggregate  (cost=362348.58..362348.59 rows=1 width=8) (actual time=675.915..675.920 rows=1 loops=1)
   Buffers: shared hit=47544 read=18425
   ->  Nested Loop  (cost=2.17..362348.58 rows=1 width=0) (actual time=1.948..675.860 rows=173 loops=1)
         Buffers: shared hit=47544 read=18425
         ->  Nested Loop  (cost=1.74..362343.94 rows=2 width=4) (actual time=1.892..668.620 rows=182 loops=1)
               Join Filter: (ci.role_id = rt.id)
               Rows Removed by Join Filter: 6380
               Buffers: shared hit=47035 read=18206
               ->  Nested Loop  (cost=1.74..362342.37 rows=14 width=8) (actual time=1.822..667.107 rows=3363 loops=1)
                     Buffers: shared hit=47034 read=18206
                     ->  Nested Loop  (cost=1.30..362298.64 rows=1 width=12) (actual time=1.772..623.024 rows=231 loops=1)
                           Buffers: shared hit=45835 read=15430
                           ->  Nested Loop  (cost=1.30..362296.22 rows=1 width=16) (actual time=1.762..618.727 rows=231 loops=1)
                                 Buffers: shared hit=45604 read=15430
                                 ->  Nested Loop  (cost=1.30..362293.80 rows=1 width=20) (actual time=1.730..615.809 rows=231 loops=1)
                                       Buffers: shared hit=45373 read=15430
                                       ->  Nested Loop  (cost=0.86..361826.14 rows=11 width=12) (actual time=1.670..387.936 rows=1966 loops=1)
                                             Join Filter: (t.kind_id = kt.id)
                                             Rows Removed by Join Filter: 33224
                                             Buffers: shared hit=32828 read=5554
                                             ->  Nested Loop  (cost=0.86..361823.92 rows=16 width=16) (actual time=0.280..381.418 rows=8091 loops=1)
                                                   Buffers: shared hit=32827 read=5554
                                                   ->  Index Scan using info_type_id_movie_info on movie_info mi1  (cost=0.43..361629.51 rows=23 width=8) (actual time=0.206..108.932 rows=8327 loops=1)
                                                         Index Cond: (info_type_id = 105)
                                                         Filter: ((info)::text = ANY ('{"$20,000","$200,000",$300,"$5,000","$50,000,000","$65,000,000","Â£5,000"}'::text[]))
                                                         Rows Removed by Filter: 113536
                                                         Buffers: shared hit=244 read=4829
                                                   ->  Index Scan using title_pkey on title t  (cost=0.43..8.45 rows=1 width=8) (actual time=0.032..0.032 rows=1 loops=8327)
                                                         Index Cond: (id = mi1.movie_id)
                                                         Filter: ((production_year <= 2015) AND (production_year >= 1990))
                                                         Rows Removed by Filter: 0
                                                         Buffers: shared hit=32583 read=725
                                             ->  Materialize  (cost=0.00..1.14 rows=5 width=4) (actual time=0.000..0.000 rows=4 loops=8091)
                                                   Buffers: shared hit=1
                                                   ->  Seq Scan on kind_type kt  (cost=0.00..1.11 rows=5 width=4) (actual time=0.009..0.011 rows=5 loops=1)
                                                         Filter: ((kind)::text = ANY ('{episode,"tv movie","tv series","video game","video movie"}'::text[]))
                                                         Rows Removed by Filter: 2
                                                         Buffers: shared hit=1
                                       ->  Index Scan using movie_id_movie_info on movie_info mi2  (cost=0.43..42.50 rows=1 width=8) (actual time=0.108..0.116 rows=0 loops=1966)
                                             Index Cond: (movie_id = t.id)
                                             Filter: ((info_type_id = 18) AND ((info)::text = ANY ('{"Berlin, Germany","Las Vegas, Nevada, USA","Los Angeles, California, USA","Miami, Florida, USA","Rome, Lazio, Italy","Sydney, New South Wales, Australia","Vancouver, British Columbia, Canada"}'::text[])))
                                             Rows Removed by Filter: 10
                                             Buffers: shared hit=12545 read=9876
                                 ->  Seq Scan on info_type it1  (cost=0.00..2.41 rows=1 width=4) (actual time=0.010..0.011 rows=1 loops=231)
                                       Filter: (id = 105)
                                       Rows Removed by Filter: 112
                                       Buffers: shared hit=231
                           ->  Seq Scan on info_type it2  (cost=0.00..2.41 rows=1 width=4) (actual time=0.012..0.017 rows=1 loops=231)
                                 Filter: (id = 18)
                                 Rows Removed by Filter: 112
                                 Buffers: shared hit=231
                     ->  Index Scan using movie_id_cast_info on cast_info ci  (cost=0.44..43.35 rows=38 width=12) (actual time=0.043..0.187 rows=15 loops=231)
                           Index Cond: (movie_id = t.id)
                           Buffers: shared hit=1199 read=2776
               ->  Materialize  (cost=0.00..1.16 rows=2 width=4) (actual time=0.000..0.000 rows=2 loops=3363)
                     Buffers: shared hit=1
                     ->  Seq Scan on role_type rt  (cost=0.00..1.15 rows=2 width=4) (actual time=0.008..0.009 rows=2 loops=1)
                           Filter: ((role)::text = ANY ('{cinematographer,"production designer"}'::text[]))
                           Rows Removed by Filter: 10
                           Buffers: shared hit=1
         ->  Index Scan using name_pkey on name n  (cost=0.43..2.32 rows=1 width=4) (actual time=0.039..0.039 rows=1 loops=182)
               Index Cond: (id = ci.person_id)
               Filter: (((gender)::text = 'm'::text) OR (gender IS NULL))
               Rows Removed by Filter: 0
               Buffers: shared hit=509 read=219
 Planning:
   Buffers: shared hit=574
 Planning Time: 13.487 ms
 Execution Time: 676.306 ms
(69 rows)

