                                                                                                                                           QUERY PLAN                                                                                                                                            
-------------------------------------------------------------------------------------------------------------------------------------------------------------------------------------------------------------------------------------------------------------------------------------------------
 Aggregate  (cost=376297.73..376297.74 rows=1 width=8) (actual time=30913.993..30914.001 rows=1 loops=1)
   Buffers: shared hit=2406792 read=344174
   ->  Nested Loop  (cost=4697.58..376297.72 rows=4 width=0) (actual time=38.722..30896.609 rows=86195 loops=1)
         Buffers: shared hit=2406792 read=344174
         ->  Hash Join  (cost=4697.15..376283.80 rows=6 width=4) (actual time=38.286..19849.201 rows=269850 loops=1)
               Hash Cond: (ci.role_id = rt.id)
               Buffers: shared hit=1368643 read=302923
               ->  Nested Loop  (cost=4695.89..376282.50 rows=14 width=8) (actual time=37.964..19601.242 rows=991875 loops=1)
                     Buffers: shared hit=1368642 read=302923
                     ->  Nested Loop  (cost=4695.45..376238.14 rows=1 width=12) (actual time=37.914..8073.016 rows=20208 loops=1)
                           Buffers: shared hit=534450 read=107726
                           ->  Nested Loop  (cost=4695.45..376235.71 rows=1 width=16) (actual time=37.907..7597.598 rows=20208 loops=1)
                                 Buffers: shared hit=514242 read=107726
                                 ->  Nested Loop  (cost=4695.45..376233.29 rows=1 width=20) (actual time=37.880..7103.026 rows=20208 loops=1)
                                       Buffers: shared hit=494034 read=107726
                                       ->  Hash Join  (cost=4695.01..375550.35 rows=16 width=12) (actual time=37.743..2696.609 rows=19745 loops=1)
                                             Hash Cond: (t.kind_id = kt.id)
                                             Buffers: shared hit=200132 read=30381
                                             ->  Nested Loop  (cost=4693.88..375549.06 rows=37 width=16) (actual time=22.881..2682.607 rows=22275 loops=1)
                                                   Buffers: shared hit=200131 read=30381
                                                   ->  Bitmap Heap Scan on movie_info mi1  (cost=4693.45..374133.04 rows=168 width=8) (actual time=21.891..486.391 rows=52735 loops=1)
                                                         Recheck Cond: (info_type_id = 5)
                                                         Filter: ((info)::text = ANY ('{Canada:13+,Canada:G,Canada:R,Finland:S,Germany:16,Iceland:L,Norway:18,Singapore:M18,Singapore:NC-16,"South Korea:15",Sweden:11,UK:U,"West Germany:12","West Germany:16","West Germany:o.Al."}'::text[]))
                                                         Rows Removed by Filter: 433819
                                                         Heap Blocks: exact=19164
                                                         Buffers: shared hit=2395 read=17177
                                                         ->  Bitmap Index Scan on info_type_id_movie_info  (cost=0.00..4693.37 rows=439058 width=0) (actual time=18.907..18.908 rows=486554 loops=1)
                                                               Index Cond: (info_type_id = 5)
                                                               Buffers: shared hit=1 read=407
                                                   ->  Index Scan using title_pkey on title t  (cost=0.43..8.43 rows=1 width=8) (actual time=0.041..0.041 rows=0 loops=52735)
                                                         Index Cond: (id = mi1.movie_id)
                                                         Filter: ((production_year <= 1990) AND (production_year >= 1950))
                                                         Rows Removed by Filter: 1
                                                         Buffers: shared hit=197736 read=13204
                                             ->  Hash  (cost=1.10..1.10 rows=3 width=4) (actual time=0.016..0.018 rows=3 loops=1)
                                                   Buckets: 1024  Batches: 1  Memory Usage: 9kB
                                                   Buffers: shared hit=1
                                                   ->  Seq Scan on kind_type kt  (cost=0.00..1.10 rows=3 width=4) (actual time=0.008..0.010 rows=3 loops=1)
                                                         Filter: ((kind)::text = ANY ('{movie,"video game","video movie"}'::text[]))
                                                         Rows Removed by Filter: 4
                                                         Buffers: shared hit=1
                                       ->  Index Scan using movie_id_movie_info on movie_info mi2  (cost=0.43..42.67 rows=1 width=8) (actual time=0.200..0.222 rows=1 loops=19745)
                                             Index Cond: (movie_id = t.id)
                                             Filter: (((info)::text = ANY ('{"Black and White",Color}'::text[])) AND (info_type_id = 2))
                                             Rows Removed by Filter: 74
                                             Buffers: shared hit=293902 read=77345
                                 ->  Seq Scan on info_type it1  (cost=0.00..2.41 rows=1 width=4) (actual time=0.013..0.022 rows=1 loops=20208)
                                       Filter: (id = 5)
                                       Rows Removed by Filter: 112
                                       Buffers: shared hit=20208
                           ->  Seq Scan on info_type it2  (cost=0.00..2.41 rows=1 width=4) (actual time=0.011..0.022 rows=1 loops=20208)
                                 Filter: (id = 2)
                                 Rows Removed by Filter: 112
                                 Buffers: shared hit=20208
                     ->  Index Scan using movie_id_cast_info on cast_info ci  (cost=0.44..43.98 rows=38 width=12) (actual time=0.042..0.556 rows=49 loops=20208)
                           Index Cond: (movie_id = t.id)
                           Buffers: shared hit=834192 read=195197
               ->  Hash  (cost=1.20..1.20 rows=5 width=4) (actual time=0.037..0.038 rows=5 loops=1)
                     Buckets: 1024  Batches: 1  Memory Usage: 9kB
                     Buffers: shared hit=1
                     ->  Seq Scan on role_type rt  (cost=0.00..1.20 rows=5 width=4) (actual time=0.024..0.028 rows=5 loops=1)
                           Filter: ((role)::text = ANY ('{actress,director,editor,guest,producer}'::text[]))
                           Rows Removed by Filter: 7
                           Buffers: shared hit=1
         ->  Index Scan using name_pkey on name n  (cost=0.43..2.32 rows=1 width=4) (actual time=0.040..0.040 rows=0 loops=269850)
               Index Cond: (id = ci.person_id)
               Filter: (((gender)::text = 'm'::text) OR (gender IS NULL))
               Rows Removed by Filter: 1
               Buffers: shared hit=1038149 read=41251
 Planning:
   Buffers: shared hit=576 read=1
 Planning Time: 13.975 ms
 Execution Time: 30914.627 ms
(73 rows)

