                                                                                                         QUERY PLAN                                                                                                          
-----------------------------------------------------------------------------------------------------------------------------------------------------------------------------------------------------------------------------
 Aggregate  (cost=491522.57..491522.58 rows=1 width=8) (actual time=4888.242..4888.249 rows=1 loops=1)
   Buffers: shared hit=402108 read=101165
   ->  Nested Loop  (cost=8155.09..491522.57 rows=2 width=0) (actual time=33.086..4885.484 rows=18443 loops=1)
         Buffers: shared hit=402108 read=101165
         ->  Hash Join  (cost=8154.66..491499.37 rows=10 width=4) (actual time=33.042..3864.863 rows=29757 loops=1)
               Hash Cond: (ci.role_id = rt.id)
               Buffers: shared hit=291652 read=92593
               ->  Nested Loop  (cost=8153.43..491498.04 rows=29 width=8) (actual time=25.324..3843.096 rows=107713 loops=1)
                     Buffers: shared hit=291651 read=92593
                     ->  Nested Loop  (cost=8152.99..491408.33 rows=2 width=12) (actual time=25.038..2669.115 rows=5408 loops=1)
                           Buffers: shared hit=202314 read=59842
                           ->  Seq Scan on info_type it2  (cost=0.00..2.41 rows=1 width=4) (actual time=0.032..0.040 rows=1 loops=1)
                                 Filter: (id = 1)
                                 Rows Removed by Filter: 112
                                 Buffers: shared hit=1
                           ->  Nested Loop  (cost=8152.99..491405.90 rows=2 width=16) (actual time=25.005..2667.942 rows=5408 loops=1)
                                 Buffers: shared hit=202313 read=59842
                                 ->  Seq Scan on info_type it1  (cost=0.00..2.41 rows=1 width=4) (actual time=0.007..0.017 rows=1 loops=1)
                                       Filter: (id = 8)
                                       Rows Removed by Filter: 112
                                       Buffers: shared hit=1
                                 ->  Nested Loop  (cost=8152.99..491403.46 rows=2 width=20) (actual time=24.995..2666.678 rows=5408 loops=1)
                                       Buffers: shared hit=202312 read=59842
                                       ->  Hash Join  (cost=8152.53..488943.67 rows=57 width=12) (actual time=24.942..1737.753 rows=7709 loops=1)
                                             Hash Cond: (t.kind_id = kt.id)
                                             Buffers: shared hit=147114 read=21567
                                             ->  Nested Loop  (cost=8151.37..488942.10 rows=100 width=16) (actual time=24.901..1733.971 rows=8201 loops=1)
                                                   Buffers: shared hit=147113 read=21567
                                                   ->  Bitmap Heap Scan on movie_info mi2  (cost=8150.94..483127.99 rows=703 width=8) (actual time=22.933..458.813 rows=40764 loops=1)
                                                         Recheck Cond: (info_type_id = 1)
                                                         Filter: ((info)::text = ANY ('{17,5,55,61,66,71,78,9,93,97,USA:10}'::text[]))
                                                         Rows Removed by Filter: 761376
                                                         Heap Blocks: exact=4993
                                                         Buffers: shared hit=596 read=5028
                                                         ->  Bitmap Index Scan on info_type_id_movie_info  (cost=0.00..8150.77 rows=762444 width=0) (actual time=22.090..22.090 rows=802140 loops=1)
                                                               Index Cond: (info_type_id = 1)
                                                               Buffers: shared read=631
                                                   ->  Index Scan using title_pkey on title t  (cost=0.43..8.27 rows=1 width=8) (actual time=0.031..0.031 rows=0 loops=40764)
                                                         Index Cond: (id = mi2.movie_id)
                                                         Filter: ((production_year <= 1975) AND (production_year >= 1925))
                                                         Rows Removed by Filter: 1
                                                         Buffers: shared hit=146517 read=16539
                                             ->  Hash  (cost=1.10..1.10 rows=4 width=4) (actual time=0.017..0.018 rows=4 loops=1)
                                                   Buckets: 1024  Batches: 1  Memory Usage: 9kB
                                                   Buffers: shared hit=1
                                                   ->  Seq Scan on kind_type kt  (cost=0.00..1.10 rows=4 width=4) (actual time=0.010..0.012 rows=4 loops=1)
                                                         Filter: ((kind)::text = ANY ('{episode,movie,"tv series","video movie"}'::text[]))
                                                         Rows Removed by Filter: 3
                                                         Buffers: shared hit=1
                                       ->  Index Scan using movie_id_movie_info on movie_info mi1  (cost=0.47..43.14 rows=1 width=8) (actual time=0.112..0.120 rows=1 loops=7709)
                                             Index Cond: (movie_id = t.id)
                                             Filter: ((info_type_id = 8) AND ((info)::text = ANY ('{Austria,Brazil,Canada,Czechoslovakia,Denmark,Germany,Iran,Japan,"Soviet Union",Spain,Switzerland,Turkey,USA}'::text[])))
                                             Rows Removed by Filter: 15
                                             Buffers: shared hit=55198 read=38275
                     ->  Index Scan using movie_id_cast_info on cast_info ci  (cost=0.44..44.48 rows=38 width=12) (actual time=0.036..0.212 rows=20 loops=5408)
                           Index Cond: (movie_id = t.id)
                           Buffers: shared hit=89337 read=32751
               ->  Hash  (cost=1.18..1.18 rows=4 width=4) (actual time=0.031..0.032 rows=4 loops=1)
                     Buckets: 1024  Batches: 1  Memory Usage: 9kB
                     Buffers: shared hit=1
                     ->  Seq Scan on role_type rt  (cost=0.00..1.18 rows=4 width=4) (actual time=0.023..0.026 rows=4 loops=1)
                           Filter: ((role)::text = ANY ('{actress,director,editor,"miscellaneous crew"}'::text[]))
                           Rows Removed by Filter: 8
                           Buffers: shared hit=1
         ->  Index Scan using name_pkey on name n  (cost=0.43..2.32 rows=1 width=4) (actual time=0.034..0.034 rows=1 loops=29757)
               Index Cond: (id = ci.person_id)
               Filter: ((gender)::text = 'f'::text)
               Rows Removed by Filter: 0
               Buffers: shared hit=110456 read=8572
 Planning:
   Buffers: shared hit=486 read=91
 Planning Time: 13.429 ms
 Execution Time: 4888.768 ms
(73 rows)

