                                                                                                  QUERY PLAN                                                                                                   
---------------------------------------------------------------------------------------------------------------------------------------------------------------------------------------------------------------
 Aggregate  (cost=407535.98..407535.99 rows=1 width=8) (actual time=2524.133..2524.141 rows=1 loops=1)
   Buffers: shared hit=191670 read=56408
   ->  Nested Loop  (cost=14215.76..407535.96 rows=9 width=0) (actual time=36.359..2523.088 rows=7372 loops=1)
         Buffers: shared hit=191670 read=56408
         ->  Hash Join  (cost=14215.33..407494.20 rows=18 width=4) (actual time=35.614..1666.188 rows=27258 loops=1)
               Hash Cond: (ci.role_id = rt.id)
               Buffers: shared hit=90946 read=48100
               ->  Nested Loop  (cost=14214.07..407492.79 rows=43 width=8) (actual time=35.558..1655.419 rows=46405 loops=1)
                     Buffers: shared hit=90945 read=48100
                     ->  Nested Loop  (cost=14213.63..407361.70 rows=3 width=12) (actual time=35.519..1148.743 rows=2698 loops=1)
                           Buffers: shared hit=51498 read=34552
                           ->  Seq Scan on info_type it2  (cost=0.00..2.41 rows=1 width=4) (actual time=0.023..0.034 rows=1 loops=1)
                                 Filter: (id = 8)
                                 Rows Removed by Filter: 112
                                 Buffers: shared read=1
                           ->  Nested Loop  (cost=14213.63..407359.26 rows=3 width=16) (actual time=35.495..1148.207 rows=2698 loops=1)
                                 Buffers: shared hit=51498 read=34551
                                 ->  Seq Scan on info_type it1  (cost=0.00..2.41 rows=1 width=4) (actual time=0.007..0.019 rows=1 loops=1)
                                       Filter: (id = 3)
                                       Rows Removed by Filter: 112
                                       Buffers: shared hit=1
                                 ->  Nested Loop  (cost=14213.63..407356.82 rows=3 width=20) (actual time=35.485..1147.615 rows=2698 loops=1)
                                       Buffers: shared hit=51497 read=34551
                                       ->  Hash Join  (cost=14213.17..403289.66 rows=96 width=12) (actual time=35.004..753.272 rows=4641 loops=1)
                                             Hash Cond: (t.kind_id = kt.id)
                                             Buffers: shared hit=26280 read=17070
                                             ->  Nested Loop  (cost=14211.99..403287.92 rows=135 width=16) (actual time=34.962..751.190 rows=5843 loops=1)
                                                   Buffers: shared hit=26279 read=17070
                                                   ->  Bitmap Heap Scan on movie_info mi2  (cost=14211.56..401863.45 rows=169 width=8) (actual time=34.925..452.261 rows=8614 loops=1)
                                                         Recheck Cond: (info_type_id = 8)
                                                         Filter: ((info)::text = ANY ('{Albania,Chile,"East Germany","Federal Republic of Yugoslavia",Iceland}'::text[]))
                                                         Rows Removed by Filter: 1316747
                                                         Heap Blocks: exact=7853
                                                         Buffers: shared hit=6 read=8887
                                                         ->  Bitmap Index Scan on info_type_id_movie_info  (cost=0.00..14211.52 rows=1329478 width=0) (actual time=33.916..33.916 rows=1325361 loops=1)
                                                               Index Cond: (info_type_id = 8)
                                                               Buffers: shared read=1040
                                                   ->  Index Scan using title_pkey on title t  (cost=0.43..8.43 rows=1 width=8) (actual time=0.034..0.034 rows=1 loops=8614)
                                                         Index Cond: (id = mi2.movie_id)
                                                         Filter: ((production_year <= 2015) AND (production_year >= 1975))
                                                         Rows Removed by Filter: 0
                                                         Buffers: shared hit=26273 read=8183
                                             ->  Hash  (cost=1.11..1.11 rows=5 width=4) (actual time=0.013..0.014 rows=5 loops=1)
                                                   Buckets: 1024  Batches: 1  Memory Usage: 9kB
                                                   Buffers: shared hit=1
                                                   ->  Seq Scan on kind_type kt  (cost=0.00..1.11 rows=5 width=4) (actual time=0.007..0.009 rows=5 loops=1)
                                                         Filter: ((kind)::text = ANY ('{episode,movie,"tv series","video game","video movie"}'::text[]))
                                                         Rows Removed by Filter: 2
                                                         Buffers: shared hit=1
                                       ->  Index Scan using movie_id_movie_info on movie_info mi1  (cost=0.46..42.36 rows=1 width=8) (actual time=0.084..0.084 rows=1 loops=4641)
                                             Index Cond: (movie_id = t.id)
                                             Filter: ((info_type_id = 3) AND ((info)::text = ANY ('{Adventure,Biography,Comedy,Crime,Fantasy,Game-Show,History,Mystery,Reality-TV,Short,Sport,War}'::text[])))
                                             Rows Removed by Filter: 8
                                             Buffers: shared hit=25217 read=17481
                     ->  Index Scan using movie_id_cast_info on cast_info ci  (cost=0.44..43.32 rows=38 width=12) (actual time=0.035..0.184 rows=17 loops=2698)
                           Index Cond: (movie_id = t.id)
                           Buffers: shared hit=39447 read=13548
               ->  Hash  (cost=1.20..1.20 rows=5 width=4) (actual time=0.034..0.034 rows=5 loops=1)
                     Buckets: 1024  Batches: 1  Memory Usage: 9kB
                     Buffers: shared hit=1
                     ->  Seq Scan on role_type rt  (cost=0.00..1.20 rows=5 width=4) (actual time=0.024..0.028 rows=5 loops=1)
                           Filter: ((role)::text = ANY ('{actor,cinematographer,composer,"miscellaneous crew",writer}'::text[]))
                           Rows Removed by Filter: 7
                           Buffers: shared hit=1
         ->  Index Scan using name_pkey on name n  (cost=0.43..2.32 rows=1 width=4) (actual time=0.031..0.031 rows=0 loops=27258)
               Index Cond: (id = ci.person_id)
               Filter: (((gender)::text = 'f'::text) OR (gender IS NULL))
               Rows Removed by Filter: 1
               Buffers: shared hit=100724 read=8308
 Planning:
   Buffers: shared hit=487 read=90
 Planning Time: 11.322 ms
 Execution Time: 2524.666 ms
(73 rows)

