                                                                                                 QUERY PLAN                                                                                                  
-------------------------------------------------------------------------------------------------------------------------------------------------------------------------------------------------------------
 Aggregate  (cost=852007.19..852007.20 rows=1 width=8) (actual time=14783.487..14783.497 rows=1 loops=1)
   Buffers: shared hit=1120664 read=395077, temp read=1728 written=1728
   ->  Nested Loop  (cost=99600.48..852006.06 rows=453 width=0) (actual time=509.980..14778.510 rows=27478 loops=1)
         Buffers: shared hit=1120664 read=395077, temp read=1728 written=1728
         ->  Hash Join  (cost=99600.05..850393.99 rows=695 width=4) (actual time=509.941..12328.506 rows=71461 loops=1)
               Hash Cond: (ci.role_id = rt.id)
               Buffers: shared hit=864511 read=365386, temp read=1728 written=1728
               ->  Nested Loop  (cost=99598.85..850382.91 rows=2781 width=8) (actual time=508.824..12247.679 rows=453669 loops=1)
                     Buffers: shared hit=864510 read=365386, temp read=1728 written=1728
                     ->  Nested Loop  (cost=99598.41..841776.82 rows=194 width=12) (actual time=508.536..7071.574 rows=31589 loops=1)
                           Buffers: shared hit=511354 read=186172, temp read=1728 written=1728
                           ->  Seq Scan on info_type it2  (cost=0.00..2.41 rows=1 width=4) (actual time=0.011..0.022 rows=1 loops=1)
                                 Filter: (id = 8)
                                 Rows Removed by Filter: 112
                                 Buffers: shared hit=1
                           ->  Nested Loop  (cost=99598.41..841772.47 rows=194 width=16) (actual time=508.523..7064.683 rows=31589 loops=1)
                                 Buffers: shared hit=511353 read=186172, temp read=1728 written=1728
                                 ->  Seq Scan on info_type it1  (cost=0.00..2.41 rows=1 width=4) (actual time=0.009..0.021 rows=1 loops=1)
                                       Filter: (id = 3)
                                       Rows Removed by Filter: 112
                                       Buffers: shared hit=1
                                 ->  Nested Loop  (cost=99598.41..841768.12 rows=194 width=20) (actual time=508.511..7057.748 rows=31589 loops=1)
                                       Buffers: shared hit=511352 read=186172, temp read=1728 written=1728
                                       ->  Hash Join  (cost=99597.98..505353.39 rows=7788 width=12) (actual time=508.115..1266.061 rows=63317 loops=1)
                                             Hash Cond: (mi1.movie_id = t.id)
                                             Buffers: shared hit=9037 read=38330, temp read=1728 written=1728
                                             ->  Bitmap Heap Scan on movie_info mi1  (cost=16460.92..420016.70 rows=49802 width=8) (actual time=41.424..555.125 rows=476476 loops=1)
                                                   Recheck Cond: (info_type_id = 3)
                                                   Filter: ((info)::text = ANY ('{Animation,Biography,Horror,Short,War,Western}'::text[]))
                                                   Rows Removed by Filter: 1057433
                                                   Heap Blocks: exact=9772
                                                   Buffers: shared hit=1397 read=9578
                                                   ->  Bitmap Index Scan on info_type_id_movie_info  (cost=0.00..16448.47 rows=1538671 width=0) (actual time=40.199..40.199 rows=1533909 loops=1)
                                                         Index Cond: (info_type_id = 3)
                                                         Buffers: shared hit=1 read=1202
                                             ->  Hash  (cost=76649.85..76649.85 rows=395377 width=4) (actual time=465.734..465.738 rows=229807 loops=1)
                                                   Buckets: 262144  Batches: 4  Memory Usage: 4078kB
                                                   Buffers: shared hit=7640 read=28752, temp written=503
                                                   ->  Hash Join  (cost=1.18..76649.85 rows=395377 width=4) (actual time=0.068..430.116 rows=229807 loops=1)
                                                         Hash Cond: (t.kind_id = kt.id)
                                                         Buffers: shared hit=7640 read=28752
                                                         ->  Seq Scan on title t  (cost=0.00..74315.95 rows=553528 width=8) (actual time=0.027..385.829 rows=543002 loops=1)
                                                               Filter: ((production_year <= 1990) AND (production_year >= 1950))
                                                               Rows Removed by Filter: 1985310
                                                               Buffers: shared hit=7639 read=28752
                                                         ->  Hash  (cost=1.11..1.11 rows=5 width=4) (actual time=0.013..0.014 rows=5 loops=1)
                                                               Buckets: 1024  Batches: 1  Memory Usage: 9kB
                                                               Buffers: shared hit=1
                                                               ->  Seq Scan on kind_type kt  (cost=0.00..1.11 rows=5 width=4) (actual time=0.008..0.009 rows=5 loops=1)
                                                                     Filter: ((kind)::text = ANY ('{movie,"tv movie","tv series","video game","video movie"}'::text[]))
                                                                     Rows Removed by Filter: 2
                                                                     Buffers: shared hit=1
                                       ->  Index Scan using movie_id_movie_info on movie_info mi2  (cost=0.43..43.19 rows=1 width=8) (actual time=0.086..0.091 rows=0 loops=63317)
                                             Index Cond: (movie_id = t.id)
                                             Filter: ((info_type_id = 8) AND ((info)::text = ANY ('{Brazil,China,Cuba,Finland,Japan,Poland,Portugal,Spain,Switzerland,Taiwan,USA,"West Germany"}'::text[])))
                                             Rows Removed by Filter: 12
                                             Buffers: shared hit=502315 read=147842
                     ->  Index Scan using movie_id_cast_info on cast_info ci  (cost=0.44..43.98 rows=38 width=12) (actual time=0.036..0.160 rows=14 loops=31589)
                           Index Cond: (movie_id = t.id)
                           Buffers: shared hit=353156 read=179214
               ->  Hash  (cost=1.17..1.17 rows=3 width=4) (actual time=0.031..0.032 rows=3 loops=1)
                     Buckets: 1024  Batches: 1  Memory Usage: 9kB
                     Buffers: shared hit=1
                     ->  Seq Scan on role_type rt  (cost=0.00..1.17 rows=3 width=4) (actual time=0.023..0.026 rows=3 loops=1)
                           Filter: ((role)::text = ANY ('{guest,"miscellaneous crew",producer}'::text[]))
                           Rows Removed by Filter: 9
                           Buffers: shared hit=1
         ->  Index Scan using name_pkey on name n  (cost=0.43..2.32 rows=1 width=4) (actual time=0.034..0.034 rows=0 loops=71461)
               Index Cond: (id = ci.person_id)
               Filter: ((gender)::text = ANY ('{f,m}'::text[]))
               Rows Removed by Filter: 1
               Buffers: shared hit=256153 read=29691
 Planning:
   Buffers: shared hit=574
 Planning Time: 13.294 ms
 Execution Time: 14784.117 ms
(76 rows)

