                                                                                                                        QUERY PLAN                                                                                                                         
-----------------------------------------------------------------------------------------------------------------------------------------------------------------------------------------------------------------------------------------------------------
 Aggregate  (cost=446418.70..446418.71 rows=1 width=8) (actual time=874.146..874.154 rows=1 loops=1)
   Buffers: shared hit=11702 read=26989
   ->  Nested Loop  (cost=32182.63..446418.69 rows=4 width=0) (actual time=141.912..874.140 rows=24 loops=1)
         Buffers: shared hit=11702 read=26989
         ->  Hash Join  (cost=32182.20..446407.09 rows=5 width=4) (actual time=141.861..873.498 rows=24 loops=1)
               Hash Cond: (ci.role_id = rt.id)
               Buffers: shared hit=11617 read=26978
               ->  Nested Loop  (cost=32180.97..446405.81 rows=14 width=8) (actual time=109.904..873.423 rows=53 loops=1)
                     Buffers: shared hit=11616 read=26978
                     ->  Nested Loop  (cost=32180.53..446360.96 rows=1 width=12) (actual time=109.868..872.684 rows=15 loops=1)
                           Buffers: shared hit=11586 read=26910
                           ->  Nested Loop  (cost=32180.53..446358.53 rows=1 width=16) (actual time=109.858..872.543 rows=15 loops=1)
                                 Buffers: shared hit=11571 read=26910
                                 ->  Nested Loop  (cost=32180.53..446356.11 rows=1 width=20) (actual time=109.839..872.352 rows=15 loops=1)
                                       Buffers: shared hit=11556 read=26910
                                       ->  Hash Join  (cost=32180.09..445532.90 rows=19 width=12) (actual time=92.827..868.511 rows=63 loops=1)
                                             Hash Cond: (t.kind_id = kt.id)
                                             Buffers: shared hit=11245 read=26585
                                             ->  Nested Loop  (cost=32178.98..445531.52 rows=65 width=16) (actual time=92.788..868.101 rows=2493 loops=1)
                                                   Buffers: shared hit=11244 read=26585
                                                   ->  Bitmap Heap Scan on movie_info mi2  (cost=32178.55..441695.37 rows=460 width=8) (actual time=92.740..828.587 rows=2494 loops=1)
                                                         Recheck Cond: (info_type_id = 16)
                                                         Filter: ((info)::text = ANY ('{USA:1954,USA:1955,USA:1956,USA:1957,USA:1959,USA:1960}'::text[]))
                                                         Rows Removed by Filter: 3034225
                                                         Heap Blocks: exact=25474
                                                         Buffers: shared hit=2691 read=25162
                                                         ->  Bitmap Index Scan on info_type_id_movie_info  (cost=0.00..32178.44 rows=3010400 width=0) (actual time=77.497..77.497 rows=3036719 loops=1)
                                                               Index Cond: (info_type_id = 16)
                                                               Buffers: shared read=2379
                                                   ->  Index Scan using title_pkey on title t  (cost=0.43..8.34 rows=1 width=8) (actual time=0.015..0.015 rows=1 loops=2494)
                                                         Index Cond: (id = mi2.movie_id)
                                                         Filter: ((production_year <= 1975) AND (production_year >= 1925))
                                                         Rows Removed by Filter: 0
                                                         Buffers: shared hit=8553 read=1423
                                             ->  Hash  (cost=1.09..1.09 rows=2 width=4) (actual time=0.018..0.019 rows=2 loops=1)
                                                   Buckets: 1024  Batches: 1  Memory Usage: 9kB
                                                   Buffers: shared hit=1
                                                   ->  Seq Scan on kind_type kt  (cost=0.00..1.09 rows=2 width=4) (actual time=0.009..0.010 rows=2 loops=1)
                                                         Filter: ((kind)::text = ANY ('{"tv series","video game"}'::text[]))
                                                         Rows Removed by Filter: 5
                                                         Buffers: shared hit=1
                                       ->  Index Scan using movie_id_movie_info on movie_info mi1  (cost=0.43..43.32 rows=1 width=8) (actual time=0.053..0.060 rows=0 loops=63)
                                             Index Cond: (movie_id = t.id)
                                             Filter: ((info_type_id = 7) AND ((info)::text = ANY ('{"CAM:Arriflex Cameras","LAB:DeLuxe, USA","LAB:Tecnostampa, Roma, Italy",OFM:Live,PCS:SuperScope,"PFM:16 mm","RAT:1.33 : 1","RAT:1.66 : 1"}'::text[])))
                                             Rows Removed by Filter: 8
                                             Buffers: shared hit=311 read=325
                                 ->  Seq Scan on info_type it1  (cost=0.00..2.41 rows=1 width=4) (actual time=0.006..0.010 rows=1 loops=15)
                                       Filter: (id = 7)
                                       Rows Removed by Filter: 112
                                       Buffers: shared hit=15
                           ->  Seq Scan on info_type it2  (cost=0.00..2.41 rows=1 width=4) (actual time=0.004..0.008 rows=1 loops=15)
                                 Filter: (id = 16)
                                 Rows Removed by Filter: 112
                                 Buffers: shared hit=15
                     ->  Index Scan using movie_id_cast_info on cast_info ci  (cost=0.44..44.48 rows=38 width=12) (actual time=0.025..0.047 rows=4 loops=15)
                           Index Cond: (movie_id = t.id)
                           Buffers: shared hit=30 read=68
               ->  Hash  (cost=1.18..1.18 rows=4 width=4) (actual time=0.033..0.033 rows=4 loops=1)
                     Buckets: 1024  Batches: 1  Memory Usage: 9kB
                     Buffers: shared hit=1
                     ->  Seq Scan on role_type rt  (cost=0.00..1.18 rows=4 width=4) (actual time=0.024..0.027 rows=4 loops=1)
                           Filter: ((role)::text = ANY ('{actor,cinematographer,"miscellaneous crew","production designer"}'::text[]))
                           Rows Removed by Filter: 8
                           Buffers: shared hit=1
         ->  Index Scan using name_pkey on name n  (cost=0.43..2.32 rows=1 width=4) (actual time=0.026..0.026 rows=1 loops=24)
               Index Cond: (id = ci.person_id)
               Filter: (((gender)::text = ANY ('{f,m}'::text[])) OR (gender IS NULL))
               Buffers: shared hit=85 read=11
 Planning:
   Buffers: shared hit=487 read=87
 Planning Time: 12.807 ms
 Execution Time: 874.749 ms
(72 rows)

