                                                                                               QUERY PLAN                                                                                               
--------------------------------------------------------------------------------------------------------------------------------------------------------------------------------------------------------
 Aggregate  (cost=482759.70..482759.71 rows=1 width=8) (actual time=1134.187..1134.195 rows=1 loops=1)
   Buffers: shared hit=64840 read=12370
   ->  Nested Loop  (cost=32182.78..482759.69 rows=4 width=0) (actual time=755.456..1134.184 rows=7 loops=1)
         Buffers: shared hit=64840 read=12370
         ->  Hash Join  (cost=32182.35..482745.77 rows=6 width=4) (actual time=755.418..1133.801 rows=17 loops=1)
               Hash Cond: (ci.role_id = rt.id)
               Buffers: shared hit=64795 read=12347
               ->  Nested Loop  (cost=32181.09..482744.47 rows=14 width=8) (actual time=755.275..1133.714 rows=118 loops=1)
                     Buffers: shared hit=64794 read=12347
                     ->  Nested Loop  (cost=32180.65..482700.10 rows=1 width=12) (actual time=755.233..1132.751 rows=9 loops=1)
                           Buffers: shared hit=64752 read=12246
                           ->  Nested Loop  (cost=32180.65..482697.68 rows=1 width=16) (actual time=755.227..1132.666 rows=9 loops=1)
                                 Buffers: shared hit=64743 read=12246
                                 ->  Nested Loop  (cost=32180.65..482695.26 rows=1 width=20) (actual time=755.212..1132.535 rows=9 loops=1)
                                       Buffers: shared hit=64734 read=12246
                                       ->  Hash Join  (cost=32180.22..477751.23 rows=115 width=12) (actual time=80.298..973.923 rows=4176 loops=1)
                                             Hash Cond: (t.kind_id = kt.id)
                                             Buffers: shared hit=42076 read=2514
                                             ->  Nested Loop  (cost=32179.02..477749.47 rows=134 width=16) (actual time=80.257..972.879 rows=4176 loops=1)
                                                   Buffers: shared hit=42075 read=2514
                                                   ->  Bitmap Heap Scan on movie_info mi1  (cost=32178.59..472659.64 rows=614 width=8) (actual time=80.158..884.269 rows=4184 loops=1)
                                                         Recheck Cond: (info_type_id = 16)
                                                         Filter: ((info)::text = ANY ('{Australia:1984,Australia:1986,USA:1954,USA:1983,USA:1984,USA:1985,USA:1989,USA:1990}'::text[]))
                                                         Rows Removed by Filter: 3032535
                                                         Heap Blocks: exact=25474
                                                         Buffers: shared hit=27853
                                                         ->  Bitmap Index Scan on info_type_id_movie_info  (cost=0.00..32178.44 rows=3010400 width=0) (actual time=74.424..74.424 rows=3036719 loops=1)
                                                               Index Cond: (info_type_id = 16)
                                                               Buffers: shared hit=2379
                                                   ->  Index Scan using title_pkey on title t  (cost=0.43..8.29 rows=1 width=8) (actual time=0.021..0.021 rows=1 loops=4184)
                                                         Index Cond: (id = mi1.movie_id)
                                                         Filter: ((production_year <= 1990) AND (production_year >= 1950))
                                                         Rows Removed by Filter: 0
                                                         Buffers: shared hit=14222 read=2514
                                             ->  Hash  (cost=1.12..1.12 rows=6 width=4) (actual time=0.018..0.020 rows=6 loops=1)
                                                   Buckets: 1024  Batches: 1  Memory Usage: 9kB
                                                   Buffers: shared hit=1
                                                   ->  Seq Scan on kind_type kt  (cost=0.00..1.12 rows=6 width=4) (actual time=0.009..0.012 rows=6 loops=1)
                                                         Filter: ((kind)::text = ANY ('{episode,movie,"tv movie","tv series","video game","video movie"}'::text[]))
                                                         Rows Removed by Filter: 1
                                                         Buffers: shared hit=1
                                       ->  Index Scan using movie_id_movie_info on movie_info mi2  (cost=0.43..42.98 rows=1 width=8) (actual time=0.038..0.038 rows=0 loops=4176)
                                             Index Cond: (movie_id = t.id)
                                             Filter: ((info_type_id = 4) AND ((info)::text = ANY ('{Danish,Dutch,French,Georgian,Hebrew,Indonesian,Persian,Tagalog}'::text[])))
                                             Rows Removed by Filter: 6
                                             Buffers: shared hit=22658 read=9732
                                 ->  Seq Scan on info_type it1  (cost=0.00..2.41 rows=1 width=4) (actual time=0.007..0.010 rows=1 loops=9)
                                       Filter: (id = 16)
                                       Rows Removed by Filter: 112
                                       Buffers: shared hit=9
                           ->  Seq Scan on info_type it2  (cost=0.00..2.41 rows=1 width=4) (actual time=0.004..0.008 rows=1 loops=9)
                                 Filter: (id = 4)
                                 Rows Removed by Filter: 112
                                 Buffers: shared hit=9
                     ->  Index Scan using movie_id_cast_info on cast_info ci  (cost=0.44..43.98 rows=38 width=12) (actual time=0.028..0.103 rows=13 loops=9)
                           Index Cond: (movie_id = t.id)
                           Buffers: shared hit=42 read=101
               ->  Hash  (cost=1.20..1.20 rows=5 width=4) (actual time=0.038..0.039 rows=5 loops=1)
                     Buckets: 1024  Batches: 1  Memory Usage: 9kB
                     Buffers: shared hit=1
                     ->  Seq Scan on role_type rt  (cost=0.00..1.20 rows=5 width=4) (actual time=0.029..0.031 rows=5 loops=1)
                           Filter: ((role)::text = ANY ('{composer,director,editor,"miscellaneous crew","production designer"}'::text[]))
                           Rows Removed by Filter: 7
                           Buffers: shared hit=1
         ->  Index Scan using name_pkey on name n  (cost=0.43..2.32 rows=1 width=4) (actual time=0.022..0.022 rows=0 loops=17)
               Index Cond: (id = ci.person_id)
               Filter: ((gender)::text = ANY ('{f,m}'::text[]))
               Rows Removed by Filter: 1
               Buffers: shared hit=45 read=23
 Planning:
   Buffers: shared hit=574
 Planning Time: 13.489 ms
 Execution Time: 1134.797 ms
(73 rows)

