                                                                                                                                                                                                QUERY PLAN                                                                                                                                                                                                
----------------------------------------------------------------------------------------------------------------------------------------------------------------------------------------------------------------------------------------------------------------------------------------------------------------------------------------------------------------------------------------------------------
 Aggregate  (cost=401092.28..401092.29 rows=1 width=8) (actual time=3602.235..3602.241 rows=1 loops=1)
   Buffers: shared hit=311501 read=57340
   ->  Nested Loop  (cost=7082.00..401092.26 rows=9 width=0) (actual time=22.104..3600.352 rows=10734 loops=1)
         Buffers: shared hit=311501 read=57340
         ->  Hash Join  (cost=7081.57..401048.19 rows=19 width=4) (actual time=22.018..2933.235 rows=19089 loops=1)
               Hash Cond: (ci.role_id = rt.id)
               Buffers: shared hit=239104 read=53381
               ->  Nested Loop  (cost=7080.34..401046.75 rows=57 width=8) (actual time=21.791..2907.975 rows=138853 loops=1)
                     Buffers: shared hit=239103 read=53381
                     ->  Nested Loop  (cost=7079.90..400867.33 rows=4 width=12) (actual time=21.674..1463.244 rows=7241 loops=1)
                           Buffers: shared hit=109874 read=25101
                           ->  Seq Scan on info_type it2  (cost=0.00..2.41 rows=1 width=4) (actual time=0.023..0.030 rows=1 loops=1)
                                 Filter: (id = 2)
                                 Rows Removed by Filter: 112
                                 Buffers: shared hit=1
                           ->  Nested Loop  (cost=7079.90..400864.87 rows=4 width=16) (actual time=21.649..1461.543 rows=7241 loops=1)
                                 Buffers: shared hit=109873 read=25101
                                 ->  Seq Scan on info_type it1  (cost=0.00..2.41 rows=1 width=4) (actual time=0.007..0.017 rows=1 loops=1)
                                       Filter: (id = 18)
                                       Rows Removed by Filter: 112
                                       Buffers: shared hit=1
                                 ->  Nested Loop  (cost=7079.90..400862.42 rows=4 width=20) (actual time=21.639..1459.811 rows=7241 loops=1)
                                       Buffers: shared hit=109872 read=25101
                                       ->  Hash Join  (cost=7079.46..397506.92 rows=78 width=12) (actual time=21.536..694.654 rows=7239 loops=1)
                                             Hash Cond: (t.kind_id = kt.id)
                                             Buffers: shared hit=38738 read=13699
                                             ->  Nested Loop  (cost=7078.27..397505.34 rows=91 width=16) (actual time=21.499..691.023 rows=7239 loops=1)
                                                   Buffers: shared hit=38737 read=13699
                                                   ->  Bitmap Heap Scan on movie_info mi1  (cost=7077.84..392195.29 rows=641 width=8) (actual time=21.250..291.774 rows=11236 loops=1)
                                                         Recheck Cond: (info_type_id = 18)
                                                         Filter: ((info)::text = ANY ('{"20th Century Fox Studios - 10201 Pico Blvd., Century City, Los Angeles, California, USA","General Service Studios - 1040 N. Las Palmas, Hollywood, Los Angeles, California, USA","Madrid, Spain",Philippines,"Republic Studios - 4024 Radford Avenue, North Hollywood, Los Angeles, California, USA"}'::text[]))
                                                         Rows Removed by Filter: 649687
                                                         Heap Blocks: exact=6972
                                                         Buffers: shared hit=552 read=6940
                                                         ->  Bitmap Index Scan on info_type_id_movie_info  (cost=0.00..7077.68 rows=662032 width=0) (actual time=20.366..20.366 rows=660923 loops=1)
                                                               Index Cond: (info_type_id = 18)
                                                               Buffers: shared hit=1 read=519
                                                   ->  Index Scan using title_pkey on title t  (cost=0.43..8.28 rows=1 width=8) (actual time=0.035..0.035 rows=1 loops=11236)
                                                         Index Cond: (id = mi1.movie_id)
                                                         Filter: ((production_year <= 1975) AND (production_year >= 1925))
                                                         Rows Removed by Filter: 0
                                                         Buffers: shared hit=38185 read=6759
                                             ->  Hash  (cost=1.12..1.12 rows=6 width=4) (actual time=0.017..0.018 rows=6 loops=1)
                                                   Buckets: 1024  Batches: 1  Memory Usage: 9kB
                                                   Buffers: shared hit=1
                                                   ->  Seq Scan on kind_type kt  (cost=0.00..1.12 rows=6 width=4) (actual time=0.007..0.009 rows=6 loops=1)
                                                         Filter: ((kind)::text = ANY ('{episode,movie,"tv movie","tv series","video game","video movie"}'::text[]))
                                                         Rows Removed by Filter: 1
                                                         Buffers: shared hit=1
                                       ->  Index Scan using movie_id_movie_info on movie_info mi2  (cost=0.43..43.01 rows=1 width=8) (actual time=0.095..0.105 rows=1 loops=7239)
                                             Index Cond: (movie_id = t.id)
                                             Filter: (((info)::text = ANY ('{"Black and White",Color}'::text[])) AND (info_type_id = 2))
                                             Rows Removed by Filter: 12
                                             Buffers: shared hit=71134 read=11402
                     ->  Index Scan using movie_id_cast_info on cast_info ci  (cost=0.44..44.48 rows=38 width=12) (actual time=0.034..0.195 rows=19 loops=7241)
                           Index Cond: (movie_id = t.id)
                           Buffers: shared hit=129229 read=28280
               ->  Hash  (cost=1.18..1.18 rows=4 width=4) (actual time=0.036..0.037 rows=4 loops=1)
                     Buckets: 1024  Batches: 1  Memory Usage: 9kB
                     Buffers: shared hit=1
                     ->  Seq Scan on role_type rt  (cost=0.00..1.18 rows=4 width=4) (actual time=0.029..0.031 rows=4 loops=1)
                           Filter: ((role)::text = ANY ('{"costume designer",director,editor,"miscellaneous crew"}'::text[]))
                           Rows Removed by Filter: 8
                           Buffers: shared hit=1
         ->  Index Scan using name_pkey on name n  (cost=0.43..2.32 rows=1 width=4) (actual time=0.034..0.034 rows=1 loops=19089)
               Index Cond: (id = ci.person_id)
               Filter: (((gender)::text = 'f'::text) OR (gender IS NULL))
               Rows Removed by Filter: 0
               Buffers: shared hit=72397 read=3959
 Planning:
   Buffers: shared hit=574
 Planning Time: 13.379 ms
 Execution Time: 3602.775 ms
(73 rows)

