                                                                                                                                                      QUERY PLAN                                                                                                                                                      
----------------------------------------------------------------------------------------------------------------------------------------------------------------------------------------------------------------------------------------------------------------------------------------------------------------------
 Aggregate  (cost=494903.59..494903.60 rows=1 width=8) (actual time=5341.540..5341.551 rows=1 loops=1)
   Buffers: shared hit=509314 read=38664
   ->  Nested Loop  (cost=15877.18..494903.53 rows=23 width=0) (actual time=48.812..5341.366 rows=365 loops=1)
         Buffers: shared hit=509314 read=38664
         ->  Hash Join  (cost=15876.75..494820.03 rows=36 width=4) (actual time=48.764..5306.835 rows=896 loops=1)
               Hash Cond: (ci.role_id = rt.id)
               Buffers: shared hit=506387 read=38007
               ->  Nested Loop  (cost=15875.55..494818.32 rows=143 width=8) (actual time=47.030..5305.219 rows=7047 loops=1)
                     Buffers: shared hit=506386 read=38007
                     ->  Nested Loop  (cost=15875.11..494369.75 rows=10 width=12) (actual time=46.986..5213.165 rows=294 loops=1)
                           Buffers: shared hit=501814 read=34804
                           ->  Seq Scan on info_type it2  (cost=0.00..2.41 rows=1 width=4) (actual time=0.025..0.039 rows=1 loops=1)
                                 Filter: (id = 3)
                                 Rows Removed by Filter: 112
                                 Buffers: shared hit=1
                           ->  Nested Loop  (cost=15875.11..494367.24 rows=10 width=16) (actual time=46.959..5212.984 rows=294 loops=1)
                                 Buffers: shared hit=501813 read=34804
                                 ->  Seq Scan on info_type it1  (cost=0.00..2.41 rows=1 width=4) (actual time=0.012..0.027 rows=1 loops=1)
                                       Filter: (id = 7)
                                       Rows Removed by Filter: 112
                                       Buffers: shared hit=1
                                 ->  Nested Loop  (cost=15875.11..494364.73 rows=10 width=20) (actual time=46.944..5212.783 rows=294 loops=1)
                                       Buffers: shared hit=501812 read=34804
                                       ->  Hash Join  (cost=15874.67..456929.52 rows=863 width=12) (actual time=38.981..4017.019 rows=13477 loops=1)
                                             Hash Cond: (t.kind_id = kt.id)
                                             Buffers: shared hit=376062 read=27748
                                             ->  Nested Loop  (cost=15873.52..456921.99 rows=1510 width=16) (actual time=38.913..4001.471 rows=60795 loops=1)
                                                   Buffers: shared hit=376061 read=27748
                                                   ->  Bitmap Heap Scan on movie_info mi1  (cost=15873.08..389017.87 rows=10621 width=8) (actual time=38.827..523.467 rows=102134 loops=1)
                                                         Recheck Cond: (info_type_id = 7)
                                                         Filter: ((info)::text = ANY ('{"LAB:Film Center, Mumbai, India","MET:200 m","MET:520 m",OFM:Live,OFM:Video,PCS:(anamorphic),PCS:CinemaScope,PCS:Dyaliscope,PCS:Totalscope,"PFM:8 mm","RAT:1.20 : 1","RAT:1.37 : 1","RAT:2.35 : 1","RAT:2.55 : 1"}'::text[]))
                                                         Rows Removed by Filter: 1299768
                                                         Heap Blocks: exact=10050
                                                         Buffers: shared hit=1573 read=9576
                                                         ->  Bitmap Index Scan on info_type_id_movie_info  (cost=0.00..15870.39 rows=1484527 width=0) (actual time=37.423..37.423 rows=1401902 loops=1)
                                                               Index Cond: (info_type_id = 7)
                                                               Buffers: shared hit=1 read=1098
                                                   ->  Memoize  (cost=0.44..6.47 rows=1 width=8) (actual time=0.034..0.034 rows=1 loops=102134)
                                                         Cache Key: mi1.movie_id
                                                         Cache Mode: logical
                                                         Hits: 3969  Misses: 98165  Evictions: 7108  Overflows: 0  Memory Usage: 8193kB
                                                         Buffers: shared hit=374488 read=18172
                                                         ->  Index Scan using title_pkey on title t  (cost=0.43..6.46 rows=1 width=8) (actual time=0.034..0.034 rows=1 loops=98165)
                                                               Index Cond: (id = mi1.movie_id)
                                                               Filter: ((production_year <= 1975) AND (production_year >= 1925))
                                                               Rows Removed by Filter: 0
                                                               Buffers: shared hit=374488 read=18172
                                             ->  Hash  (cost=1.10..1.10 rows=4 width=4) (actual time=0.024..0.025 rows=4 loops=1)
                                                   Buckets: 1024  Batches: 1  Memory Usage: 9kB
                                                   Buffers: shared hit=1
                                                   ->  Seq Scan on kind_type kt  (cost=0.00..1.10 rows=4 width=4) (actual time=0.009..0.011 rows=4 loops=1)
                                                         Filter: ((kind)::text = ANY ('{episode,"tv movie","video game","video movie"}'::text[]))
                                                         Rows Removed by Filter: 3
                                                         Buffers: shared hit=1
                                       ->  Index Scan using movie_id_movie_info on movie_info mi2  (cost=0.43..43.37 rows=1 width=8) (actual time=0.088..0.088 rows=0 loops=13477)
                                             Index Cond: (movie_id = t.id)
                                             Filter: ((info_type_id = 3) AND ((info)::text = ANY ('{Adult,Biography,Crime,Family,Horror,Music,Musical,Sci-Fi,War}'::text[])))
                                             Rows Removed by Filter: 9
                                             Buffers: shared hit=125750 read=7056
                     ->  Index Scan using movie_id_cast_info on cast_info ci  (cost=0.44..44.48 rows=38 width=12) (actual time=0.036..0.306 rows=24 loops=294)
                           Index Cond: (movie_id = t.id)
                           Buffers: shared hit=4572 read=3203
               ->  Hash  (cost=1.17..1.17 rows=3 width=4) (actual time=0.041..0.043 rows=3 loops=1)
                     Buckets: 1024  Batches: 1  Memory Usage: 9kB
                     Buffers: shared hit=1
                     ->  Seq Scan on role_type rt  (cost=0.00..1.17 rows=3 width=4) (actual time=0.031..0.035 rows=3 loops=1)
                           Filter: ((role)::text = ANY ('{"costume designer","miscellaneous crew",producer}'::text[]))
                           Rows Removed by Filter: 9
                           Buffers: shared hit=1
         ->  Index Scan using name_pkey on name n  (cost=0.43..2.32 rows=1 width=4) (actual time=0.038..0.038 rows=0 loops=896)
               Index Cond: (id = ci.person_id)
               Filter: ((gender)::text = ANY ('{f,m}'::text[]))
               Rows Removed by Filter: 1
               Buffers: shared hit=2927 read=657
 Planning:
   Buffers: shared hit=575 read=2
 Planning Time: 13.262 ms
 Execution Time: 5344.657 ms
(78 rows)

