                                                                                                                                                              QUERY PLAN                                                                                                                                                               
---------------------------------------------------------------------------------------------------------------------------------------------------------------------------------------------------------------------------------------------------------------------------------------------------------------------------------------
 Aggregate  (cost=343406.83..343406.84 rows=1 width=8) (actual time=326.250..326.259 rows=1 loops=1)
   Buffers: shared hit=12693 read=18540
   ->  Nested Loop  (cost=3725.55..343406.83 rows=2 width=0) (actual time=29.370..326.244 rows=26 loops=1)
         Buffers: shared hit=12693 read=18540
         ->  Hash Join  (cost=3725.12..343392.92 rows=6 width=4) (actual time=29.226..324.149 rows=51 loops=1)
               Hash Cond: (ci.role_id = rt.id)
               Buffers: shared hit=12556 read=18473
               ->  Nested Loop  (cost=3723.86..343391.62 rows=14 width=8) (actual time=29.014..324.017 rows=259 loops=1)
                     Buffers: shared hit=12555 read=18473
                     ->  Nested Loop  (cost=3723.42..343347.26 rows=1 width=12) (actual time=28.967..321.331 rows=8 loops=1)
                           Buffers: shared hit=12443 read=18302
                           ->  Nested Loop  (cost=3723.42..343344.83 rows=1 width=16) (actual time=28.962..321.233 rows=8 loops=1)
                                 Buffers: shared hit=12435 read=18302
                                 ->  Nested Loop  (cost=3723.42..343342.41 rows=1 width=20) (actual time=28.941..321.091 rows=8 loops=1)
                                       Buffers: shared hit=12427 read=18302
                                       ->  Nested Loop  (cost=3722.98..343299.42 rows=1 width=12) (actual time=14.371..202.663 rows=1129 loops=1)
                                             Buffers: shared hit=7283 read=11483
                                             ->  Nested Loop  (cost=3722.85..343299.10 rows=2 width=16) (actual time=14.353..182.747 rows=1129 loops=1)
                                                   Buffers: shared hit=5025 read=11483
                                                   ->  Bitmap Heap Scan on movie_info mi2  (cost=3722.42..343223.03 rows=9 width=8) (actual time=13.942..138.248 rows=1323 loops=1)
                                                         Recheck Cond: (info_type_id = 17)
                                                         Filter: ((info)::text = 'Last show of the series.'::text)
                                                         Rows Removed by Filter: 366895
                                                         Heap Blocks: exact=10925
                                                         Buffers: shared hit=2079 read=9137
                                                         ->  Bitmap Index Scan on info_type_id_movie_info  (cost=0.00..3722.42 rows=347998 width=0) (actual time=12.410..12.411 rows=368218 loops=1)
                                                               Index Cond: (info_type_id = 17)
                                                               Buffers: shared read=291
                                                   ->  Index Scan using title_pkey on title t  (cost=0.43..8.45 rows=1 width=8) (actual time=0.033..0.033 rows=1 loops=1323)
                                                         Index Cond: (id = mi2.movie_id)
                                                         Filter: ((production_year <= 1990) AND (production_year >= 1950))
                                                         Rows Removed by Filter: 0
                                                         Buffers: shared hit=2946 read=2346
                                             ->  Index Scan using kind_type_pkey on kind_type kt  (cost=0.13..0.16 rows=1 width=4) (actual time=0.017..0.017 rows=1 loops=1129)
                                                   Index Cond: (id = t.kind_id)
                                                   Filter: ((kind)::text = ANY ('{episode,movie,"tv movie","video game","video movie"}'::text[]))
                                                   Buffers: shared hit=2258
                                       ->  Index Scan using movie_id_movie_info on movie_info mi1  (cost=0.43..42.98 rows=1 width=8) (actual time=0.104..0.105 rows=0 loops=1129)
                                             Index Cond: (movie_id = t.id)
                                             Filter: ((info_type_id = 7) AND ((info)::text = ANY ('{"CAM:Arriflex Cameras and Lenses","CAM:Lenses and Panaflex Cameras by Panavision","LAB:Laboratoires LTC, St. Cloud, France",LAB:Technicolor,"LAB:Technicolor, Hollywood (CA), USA",OFM:Film,"PFM:8 mm","RAT:1.75 : 1"}'::text[])))
                                             Rows Removed by Filter: 10
                                             Buffers: shared hit=5144 read=6819
                                 ->  Seq Scan on info_type it1  (cost=0.00..2.41 rows=1 width=4) (actual time=0.008..0.014 rows=1 loops=8)
                                       Filter: (id = 7)
                                       Rows Removed by Filter: 112
                                       Buffers: shared hit=8
                           ->  Seq Scan on info_type it2  (cost=0.00..2.41 rows=1 width=4) (actual time=0.005..0.010 rows=1 loops=8)
                                 Filter: (id = 17)
                                 Rows Removed by Filter: 112
                                 Buffers: shared hit=8
                     ->  Index Scan using movie_id_cast_info on cast_info ci  (cost=0.44..43.98 rows=38 width=12) (actual time=0.035..0.328 rows=32 loops=8)
                           Index Cond: (movie_id = t.id)
                           Buffers: shared hit=112 read=171
               ->  Hash  (cost=1.20..1.20 rows=5 width=4) (actual time=0.037..0.038 rows=5 loops=1)
                     Buckets: 1024  Batches: 1  Memory Usage: 9kB
                     Buffers: shared hit=1
                     ->  Seq Scan on role_type rt  (cost=0.00..1.20 rows=5 width=4) (actual time=0.027..0.030 rows=5 loops=1)
                           Filter: ((role)::text = ANY ('{cinematographer,composer,director,editor,writer}'::text[]))
                           Rows Removed by Filter: 7
                           Buffers: shared hit=1
         ->  Index Scan using name_pkey on name n  (cost=0.43..2.32 rows=1 width=4) (actual time=0.040..0.040 rows=1 loops=51)
               Index Cond: (id = ci.person_id)
               Filter: (gender IS NULL)
               Rows Removed by Filter: 0
               Buffers: shared hit=137 read=67
 Planning:
   Buffers: shared hit=483 read=91
 Planning Time: 12.789 ms
 Execution Time: 326.774 ms
(69 rows)

