                                                                                                                                   QUERY PLAN                                                                                                                                   
--------------------------------------------------------------------------------------------------------------------------------------------------------------------------------------------------------------------------------------------------------------------------------
 Aggregate  (cost=385495.18..385495.19 rows=1 width=8) (actual time=8469.161..8469.169 rows=1 loops=1)
   Buffers: shared hit=727999 read=146665
   ->  Nested Loop  (cost=4697.77..385495.18 rows=2 width=0) (actual time=64.511..8467.129 rows=8851 loops=1)
         Buffers: shared hit=727999 read=146665
         ->  Hash Join  (cost=4697.34..385483.59 rows=5 width=4) (actual time=64.457..7899.026 rows=15498 loops=1)
               Hash Cond: (ci.role_id = rt.id)
               Buffers: shared hit=674123 read=138549
               ->  Nested Loop  (cost=4696.11..385482.31 rows=14 width=8) (actual time=63.691..7874.534 rows=120844 loops=1)
                     Buffers: shared hit=674122 read=138549
                     ->  Nested Loop  (cost=4695.67..385437.46 rows=1 width=12) (actual time=63.632..6583.104 rows=2913 loops=1)
                           Buffers: shared hit=572001 read=113073
                           ->  Nested Loop  (cost=4695.67..385435.04 rows=1 width=16) (actual time=63.624..6516.891 rows=2913 loops=1)
                                 Buffers: shared hit=569088 read=113073
                                 ->  Nested Loop  (cost=4695.67..385432.61 rows=1 width=20) (actual time=63.600..6452.078 rows=2913 loops=1)
                                       Buffers: shared hit=566175 read=113073
                                       ->  Hash Join  (cost=4695.24..381466.56 rows=91 width=12) (actual time=32.372..2728.005 rows=23318 loops=1)
                                             Hash Cond: (t.kind_id = kt.id)
                                             Buffers: shared hit=245280 read=42817
                                             ->  Nested Loop  (cost=4694.06..381464.85 rows=127 width=16) (actual time=20.078..2716.212 rows=23678 loops=1)
                                                   Buffers: shared hit=245279 read=42817
                                                   ->  Bitmap Heap Scan on movie_info mi1  (cost=4693.63..374133.22 rows=892 width=8) (actual time=19.913..393.651 rows=67131 loops=1)
                                                         Recheck Cond: (info_type_id = 5)
                                                         Filter: ((info)::text = ANY ('{Australia:G,Australia:M,Finland:K-18,Finland:S,"Germany:BPjM Restricted",Italy:VM18,Netherlands:18,Norway:18,Spain:18,Sweden:15,UK:12,UK:AA,UK:PG,USA:TV-G,"West Germany:6"}'::text[]))
                                                         Rows Removed by Filter: 419423
                                                         Heap Blocks: exact=19164
                                                         Buffers: shared hit=2970 read=16602
                                                         ->  Bitmap Index Scan on info_type_id_movie_info  (cost=0.00..4693.37 rows=439058 width=0) (actual time=17.293..17.293 rows=486554 loops=1)
                                                               Index Cond: (info_type_id = 5)
                                                               Buffers: shared hit=1 read=407
                                                   ->  Index Scan using title_pkey on title t  (cost=0.43..8.22 rows=1 width=8) (actual time=0.034..0.034 rows=0 loops=67131)
                                                         Index Cond: (id = mi1.movie_id)
                                                         Filter: ((production_year <= 1975) AND (production_year >= 1925))
                                                         Rows Removed by Filter: 1
                                                         Buffers: shared hit=242309 read=26215
                                             ->  Hash  (cost=1.11..1.11 rows=5 width=4) (actual time=0.020..0.021 rows=5 loops=1)
                                                   Buckets: 1024  Batches: 1  Memory Usage: 9kB
                                                   Buffers: shared hit=1
                                                   ->  Seq Scan on kind_type kt  (cost=0.00..1.11 rows=5 width=4) (actual time=0.010..0.012 rows=5 loops=1)
                                                         Filter: ((kind)::text = ANY ('{episode,movie,"tv movie","video game","video movie"}'::text[]))
                                                         Rows Removed by Filter: 2
                                                         Buffers: shared hit=1
                                       ->  Index Scan using movie_id_movie_info on movie_info mi2  (cost=0.43..43.57 rows=1 width=8) (actual time=0.145..0.159 rows=0 loops=23318)
                                             Index Cond: (movie_id = t.id)
                                             Filter: ((info_type_id = 1) AND ((info)::text = ANY ('{104,110,6,68,69,72,74,77,84,86,89,93,Argentina:30}'::text[])))
                                             Rows Removed by Filter: 45
                                             Buffers: shared hit=320895 read=70256
                                 ->  Seq Scan on info_type it1  (cost=0.00..2.41 rows=1 width=4) (actual time=0.011..0.020 rows=1 loops=2913)
                                       Filter: (id = 5)
                                       Rows Removed by Filter: 112
                                       Buffers: shared hit=2913
                           ->  Seq Scan on info_type it2  (cost=0.00..2.41 rows=1 width=4) (actual time=0.012..0.021 rows=1 loops=2913)
                                 Filter: (id = 1)
                                 Rows Removed by Filter: 112
                                 Buffers: shared hit=2913
                     ->  Index Scan using movie_id_cast_info on cast_info ci  (cost=0.44..44.48 rows=38 width=12) (actual time=0.036..0.432 rows=41 loops=2913)
                           Index Cond: (movie_id = t.id)
                           Buffers: shared hit=102121 read=25476
               ->  Hash  (cost=1.18..1.18 rows=4 width=4) (actual time=0.043..0.044 rows=4 loops=1)
                     Buckets: 1024  Batches: 1  Memory Usage: 9kB
                     Buffers: shared hit=1
                     ->  Seq Scan on role_type rt  (cost=0.00..1.18 rows=4 width=4) (actual time=0.030..0.033 rows=4 loops=1)
                           Filter: ((role)::text = ANY ('{"costume designer",editor,"miscellaneous crew",producer}'::text[]))
                           Rows Removed by Filter: 8
                           Buffers: shared hit=1
         ->  Index Scan using name_pkey on name n  (cost=0.43..2.32 rows=1 width=4) (actual time=0.036..0.036 rows=1 loops=15498)
               Index Cond: (id = ci.person_id)
               Filter: (gender IS NULL)
               Rows Removed by Filter: 0
               Buffers: shared hit=53876 read=8116
 Planning:
   Buffers: shared hit=576 read=1
 Planning Time: 12.880 ms
 Execution Time: 8469.855 ms
(73 rows)

