                                                                                                                                    QUERY PLAN                                                                                                                                     
-----------------------------------------------------------------------------------------------------------------------------------------------------------------------------------------------------------------------------------------------------------------------------------
 Aggregate  (cost=389275.99..389276.00 rows=1 width=8) (actual time=3594.780..3594.791 rows=1 loops=1)
   Buffers: shared hit=327332 read=38113
   ->  Nested Loop  (cost=4697.76..389275.98 rows=1 width=0) (actual time=268.704..3594.715 rows=71 loops=1)
         Buffers: shared hit=327332 read=38113
         ->  Nested Loop  (cost=4697.76..389273.56 rows=1 width=4) (actual time=268.689..3593.332 rows=71 loops=1)
               Buffers: shared hit=327261 read=38113
               ->  Nested Loop  (cost=4697.76..389271.14 rows=1 width=8) (actual time=268.667..3591.735 rows=71 loops=1)
                     Buffers: shared hit=327190 read=38113
                     ->  Hash Join  (cost=4697.33..389266.51 rows=2 width=12) (actual time=230.494..3586.918 rows=103 loops=1)
                           Hash Cond: (ci.role_id = rt.id)
                           Buffers: shared hit=326868 read=38023
                           ->  Nested Loop  (cost=4696.16..389265.25 rows=29 width=16) (actual time=230.129..3585.746 rows=4658 loops=1)
                                 Buffers: shared hit=326867 read=38023
                                 ->  Nested Loop  (cost=4695.72..389176.14 rows=2 width=20) (actual time=30.869..3521.756 rows=219 loops=1)
                                       Buffers: shared hit=324674 read=35130
                                       ->  Hash Join  (cost=4695.29..383834.28 rows=123 width=12) (actual time=19.193..3405.113 rows=572 loops=1)
                                             Hash Cond: (t.kind_id = kt.id)
                                             Buffers: shared hit=318948 read=31573
                                             ->  Nested Loop  (cost=4694.13..383832.22 rows=215 width=16) (actual time=19.160..3397.105 rows=31579 loops=1)
                                                   Buffers: shared hit=318947 read=31573
                                                   ->  Bitmap Heap Scan on movie_info mi1  (cost=4693.70..374133.29 rows=1191 width=8) (actual time=19.047..424.220 rows=82737 loops=1)
                                                         Recheck Cond: (info_type_id = 5)
                                                         Filter: ((info)::text = ANY ('{Australia:G,Australia:M,Australia:R,Canada:PG,Finland:K-16,Finland:S,"Germany:BPjM Restricted",Netherlands:18,Singapore:PG,Spain:T,UK:18,USA:Passed,USA:TV-G,"West Germany:16"}'::text[]))
                                                         Rows Removed by Filter: 403817
                                                         Heap Blocks: exact=19164
                                                         Buffers: shared hit=4103 read=15469
                                                         ->  Bitmap Index Scan on info_type_id_movie_info  (cost=0.00..4693.37 rows=439058 width=0) (actual time=16.388..16.389 rows=486554 loops=1)
                                                               Index Cond: (info_type_id = 5)
                                                               Buffers: shared read=408
                                                   ->  Index Scan using title_pkey on title t  (cost=0.43..8.14 rows=1 width=8) (actual time=0.035..0.035 rows=0 loops=82737)
                                                         Index Cond: (id = mi1.movie_id)
                                                         Filter: ((production_year <= 1975) AND (production_year >= 1875))
                                                         Rows Removed by Filter: 1
                                                         Buffers: shared hit=314844 read=16104
                                             ->  Hash  (cost=1.10..1.10 rows=4 width=4) (actual time=0.014..0.015 rows=4 loops=1)
                                                   Buckets: 1024  Batches: 1  Memory Usage: 9kB
                                                   Buffers: shared hit=1
                                                   ->  Seq Scan on kind_type kt  (cost=0.00..1.10 rows=4 width=4) (actual time=0.008..0.009 rows=4 loops=1)
                                                         Filter: ((kind)::text = ANY ('{"tv movie","tv series","video game","video movie"}'::text[]))
                                                         Rows Removed by Filter: 3
                                                         Buffers: shared hit=1
                                       ->  Index Scan using movie_id_movie_info on movie_info mi2  (cost=0.43..43.42 rows=1 width=8) (actual time=0.198..0.203 rows=0 loops=572)
                                             Index Cond: (movie_id = t.id)
                                             Filter: ((info_type_id = 8) AND ((info)::text = ANY ('{Argentina,Austria,Belgium,Canada,Finland,France,Germany,India,Japan,"Soviet Union",Spain,Sweden,UK,"West Germany"}'::text[])))
                                             Rows Removed by Filter: 56
                                             Buffers: shared hit=5726 read=3557
                                 ->  Index Scan using movie_id_cast_info on cast_info ci  (cost=0.44..44.17 rows=38 width=12) (actual time=0.048..0.284 rows=21 loops=219)
                                       Index Cond: (movie_id = t.id)
                                       Buffers: shared hit=2193 read=2893
                           ->  Hash  (cost=1.15..1.15 rows=1 width=4) (actual time=0.026..0.027 rows=1 loops=1)
                                 Buckets: 1024  Batches: 1  Memory Usage: 9kB
                                 Buffers: shared hit=1
                                 ->  Seq Scan on role_type rt  (cost=0.00..1.15 rows=1 width=4) (actual time=0.021..0.022 rows=1 loops=1)
                                       Filter: ((role)::text = 'editor'::text)
                                       Rows Removed by Filter: 11
                                       Buffers: shared hit=1
                     ->  Index Scan using name_pkey on name n  (cost=0.43..2.32 rows=1 width=4) (actual time=0.045..0.045 rows=1 loops=103)
                           Index Cond: (id = ci.person_id)
                           Filter: (gender IS NULL)
                           Rows Removed by Filter: 0
                           Buffers: shared hit=322 read=90
               ->  Seq Scan on info_type it1  (cost=0.00..2.41 rows=1 width=4) (actual time=0.009..0.018 rows=1 loops=71)
                     Filter: (id = 5)
                     Rows Removed by Filter: 112
                     Buffers: shared hit=71
         ->  Seq Scan on info_type it2  (cost=0.00..2.41 rows=1 width=4) (actual time=0.008..0.017 rows=1 loops=71)
               Filter: (id = 8)
               Rows Removed by Filter: 112
               Buffers: shared hit=71
 Planning:
   Buffers: shared hit=523 read=54
 Planning Time: 12.629 ms
 Execution Time: 3595.380 ms
(73 rows)

