                                                                                                                                                                             QUERY PLAN                                                                                                                                                                             
--------------------------------------------------------------------------------------------------------------------------------------------------------------------------------------------------------------------------------------------------------------------------------------------------------------------------------------------------------------------
 Aggregate  (cost=344025.32..344025.33 rows=1 width=8) (actual time=438.818..438.823 rows=1 loops=1)
   Buffers: shared hit=29444 read=13428
   ->  Nested Loop  (cost=3726.53..344025.32 rows=1 width=0) (actual time=57.082..438.761 rows=119 loops=1)
         Buffers: shared hit=29444 read=13428
         ->  Hash Join  (cost=3726.10..344020.68 rows=2 width=4) (actual time=39.709..427.203 rows=343 loops=1)
               Hash Cond: (ci.role_id = rt.id)
               Buffers: shared hit=28198 read=13302
               ->  Nested Loop  (cost=3724.93..344019.46 rows=14 width=8) (actual time=39.419..425.693 rows=14919 loops=1)
                     Buffers: shared hit=28197 read=13302
                     ->  Nested Loop  (cost=3724.49..343975.80 rows=1 width=12) (actual time=39.381..298.047 rows=368 loops=1)
                           Buffers: shared hit=15701 read=9952
                           ->  Nested Loop  (cost=3724.49..343973.37 rows=1 width=16) (actual time=39.376..293.458 rows=368 loops=1)
                                 Buffers: shared hit=15333 read=9952
                                 ->  Nested Loop  (cost=3724.49..343970.95 rows=1 width=20) (actual time=39.357..287.260 rows=368 loops=1)
                                       Buffers: shared hit=14965 read=9952
                                       ->  Hash Join  (cost=3724.05..343376.44 rows=14 width=12) (actual time=39.235..190.965 rows=723 loops=1)
                                             Hash Cond: (t.kind_id = kt.id)
                                             Buffers: shared hit=6352 read=7773
                                             ->  Nested Loop  (cost=3722.85..343375.17 rows=17 width=16) (actual time=39.192..190.684 rows=723 loops=1)
                                                   Buffers: shared hit=6351 read=7773
                                                   ->  Bitmap Heap Scan on movie_info mi1  (cost=3722.42..343223.03 rows=18 width=8) (actual time=39.145..168.093 rows=727 loops=1)
                                                         Recheck Cond: (info_type_id = 17)
                                                         Filter: ((info)::text = ANY ('{"One of over 700 Paramount Productions, filmed between 1929 and 1949, which were sold to MCA/Universal in 1958 for television distribution, and have been owned and controlled by Universal ever since.","This film is believed lost. Please check your attic."}'::text[]))
                                                         Rows Removed by Filter: 367491
                                                         Heap Blocks: exact=10925
                                                         Buffers: shared hit=3447 read=7769
                                                         ->  Bitmap Index Scan on info_type_id_movie_info  (cost=0.00..3722.42 rows=347998 width=0) (actual time=14.264..14.264 rows=368218 loops=1)
                                                               Index Cond: (info_type_id = 17)
                                                               Buffers: shared hit=1 read=290
                                                   ->  Index Scan using title_pkey on title t  (cost=0.43..8.45 rows=1 width=8) (actual time=0.031..0.031 rows=1 loops=727)
                                                         Index Cond: (id = mi1.movie_id)
                                                         Filter: ((production_year <= 2015) AND (production_year >= 1925))
                                                         Rows Removed by Filter: 0
                                                         Buffers: shared hit=2904 read=4
                                             ->  Hash  (cost=1.12..1.12 rows=6 width=4) (actual time=0.021..0.022 rows=6 loops=1)
                                                   Buckets: 1024  Batches: 1  Memory Usage: 9kB
                                                   Buffers: shared hit=1
                                                   ->  Seq Scan on kind_type kt  (cost=0.00..1.12 rows=6 width=4) (actual time=0.009..0.011 rows=6 loops=1)
                                                         Filter: ((kind)::text = ANY ('{episode,movie,"tv movie","tv series","video game","video movie"}'::text[]))
                                                         Rows Removed by Filter: 1
                                                         Buffers: shared hit=1
                                       ->  Index Scan using movie_id_movie_info on movie_info mi2  (cost=0.43..42.46 rows=1 width=8) (actual time=0.133..0.133 rows=1 loops=723)
                                             Index Cond: (movie_id = t.id)
                                             Filter: ((info_type_id = 3) AND ((info)::text = ANY ('{Adult,Drama,Fantasy,Film-Noir,Music,Reality-TV,Sci-Fi}'::text[])))
                                             Rows Removed by Filter: 24
                                             Buffers: shared hit=8613 read=2179
                                 ->  Seq Scan on info_type it1  (cost=0.00..2.41 rows=1 width=4) (actual time=0.011..0.015 rows=1 loops=368)
                                       Filter: (id = 17)
                                       Rows Removed by Filter: 112
                                       Buffers: shared hit=368
                           ->  Seq Scan on info_type it2  (cost=0.00..2.41 rows=1 width=4) (actual time=0.007..0.011 rows=1 loops=368)
                                 Filter: (id = 3)
                                 Rows Removed by Filter: 112
                                 Buffers: shared hit=368
                     ->  Index Scan using movie_id_cast_info on cast_info ci  (cost=0.44..43.28 rows=38 width=12) (actual time=0.032..0.341 rows=41 loops=368)
                           Index Cond: (movie_id = t.id)
                           Buffers: shared hit=12496 read=3350
               ->  Hash  (cost=1.15..1.15 rows=2 width=4) (actual time=0.041..0.041 rows=2 loops=1)
                     Buckets: 1024  Batches: 1  Memory Usage: 9kB
                     Buffers: shared hit=1
                     ->  Seq Scan on role_type rt  (cost=0.00..1.15 rows=2 width=4) (actual time=0.032..0.034 rows=2 loops=1)
                           Filter: ((role)::text = ANY ('{composer,"production designer"}'::text[]))
                           Rows Removed by Filter: 10
                           Buffers: shared hit=1
         ->  Index Scan using name_pkey on name n  (cost=0.43..2.32 rows=1 width=4) (actual time=0.033..0.033 rows=0 loops=343)
               Index Cond: (id = ci.person_id)
               Filter: ((gender)::text = 'm'::text)
               Rows Removed by Filter: 1
               Buffers: shared hit=1246 read=126
 Planning:
   Buffers: shared hit=574
 Planning Time: 13.977 ms
 Execution Time: 439.349 ms
(73 rows)

