                                                                                                                                                                                                     QUERY PLAN                                                                                                                                                                                                     
--------------------------------------------------------------------------------------------------------------------------------------------------------------------------------------------------------------------------------------------------------------------------------------------------------------------------------------------------------------------------------------------------------------------
 Aggregate  (cost=384992.39..384992.40 rows=1 width=8) (actual time=6445.035..6445.041 rows=1 loops=1)
   Buffers: shared hit=518179 read=150563
   ->  Nested Loop  (cost=7081.95..384992.38 rows=6 width=0) (actual time=22.232..6443.690 rows=4409 loops=1)
         Buffers: shared hit=518179 read=150563
         ->  Hash Join  (cost=7081.52..384936.71 rows=24 width=4) (actual time=21.781..3069.885 rows=98737 loops=1)
               Hash Cond: (ci.role_id = rt.id)
               Buffers: shared hit=163332 read=110462
               ->  Nested Loop  (cost=7080.26..384935.25 rows=57 width=8) (actual time=21.648..3026.894 rows=148098 loops=1)
                     Buffers: shared hit=163331 read=110462
                     ->  Nested Loop  (cost=7079.82..384760.32 rows=4 width=12) (actual time=21.612..1362.084 rows=4216 loops=1)
                           Buffers: shared hit=73214 read=44115
                           ->  Seq Scan on info_type it2  (cost=0.00..2.41 rows=1 width=4) (actual time=0.025..0.034 rows=1 loops=1)
                                 Filter: (id = 3)
                                 Rows Removed by Filter: 112
                                 Buffers: shared hit=1
                           ->  Nested Loop  (cost=7079.82..384757.87 rows=4 width=16) (actual time=21.586..1361.003 rows=4216 loops=1)
                                 Buffers: shared hit=73213 read=44115
                                 ->  Seq Scan on info_type it1  (cost=0.00..2.41 rows=1 width=4) (actual time=0.010..0.020 rows=1 loops=1)
                                       Filter: (id = 18)
                                       Rows Removed by Filter: 112
                                       Buffers: shared hit=1
                                 ->  Nested Loop  (cost=7079.82..384755.42 rows=4 width=20) (actual time=21.573..1359.886 rows=4216 loops=1)
                                       Buffers: shared hit=73212 read=44115
                                       ->  Hash Join  (cost=7079.39..379152.52 rows=131 width=12) (actual time=21.307..479.539 rows=6020 loops=1)
                                             Hash Cond: (t.kind_id = kt.id)
                                             Buffers: shared hit=26333 read=9360
                                             ->  Nested Loop  (cost=7078.19..379150.68 rows=153 width=16) (actual time=21.260..476.382 rows=6020 loops=1)
                                                   Buffers: shared hit=26332 read=9360
                                                   ->  Bitmap Heap Scan on movie_info mi1  (cost=7077.76..377307.58 rows=219 width=8) (actual time=21.229..247.794 rows=7050 loops=1)
                                                         Recheck Cond: (info_type_id = 18)
                                                         Filter: ((info)::text = ANY ('{"Bucharest, Romania","California, USA",China,"Connecticut, USA","Denver, Colorado, USA","Dubai, United Arab Emirates","Gothenburg, Västra Götalands län, Sweden","Houston, Texas, USA","Long Beach, California, USA","Memphis, Tennessee, USA","Orange, California, USA","South Korea","St. Petersburg, Russia"}'::text[]))
                                                         Rows Removed by Filter: 653873
                                                         Heap Blocks: exact=6972
                                                         Buffers: shared hit=694 read=6798
                                                         ->  Bitmap Index Scan on info_type_id_movie_info  (cost=0.00..7077.68 rows=662032 width=0) (actual time=20.351..20.351 rows=660923 loops=1)
                                                               Index Cond: (info_type_id = 18)
                                                               Buffers: shared hit=1 read=519
                                                   ->  Index Scan using title_pkey on title t  (cost=0.43..8.42 rows=1 width=8) (actual time=0.032..0.032 rows=1 loops=7050)
                                                         Index Cond: (id = mi1.movie_id)
                                                         Filter: ((production_year <= 2015) AND (production_year >= 1990))
                                                         Rows Removed by Filter: 0
                                                         Buffers: shared hit=25638 read=2562
                                             ->  Hash  (cost=1.12..1.12 rows=6 width=4) (actual time=0.021..0.022 rows=6 loops=1)
                                                   Buckets: 1024  Batches: 1  Memory Usage: 9kB
                                                   Buffers: shared hit=1
                                                   ->  Seq Scan on kind_type kt  (cost=0.00..1.12 rows=6 width=4) (actual time=0.009..0.012 rows=6 loops=1)
                                                         Filter: ((kind)::text = ANY ('{episode,movie,"tv movie","tv series","video game","video movie"}'::text[]))
                                                         Rows Removed by Filter: 1
                                                         Buffers: shared hit=1
                                       ->  Index Scan using movie_id_movie_info on movie_info mi2  (cost=0.43..42.76 rows=1 width=8) (actual time=0.144..0.146 rows=1 loops=6020)
                                             Index Cond: (movie_id = t.id)
                                             Filter: ((info_type_id = 3) AND ((info)::text = ANY ('{Adult,Animation,Comedy,Crime,Game-Show,History,Music,Musical,Romance,Short,Sport,Talk-Show}'::text[])))
                                             Rows Removed by Filter: 30
                                             Buffers: shared hit=46879 read=34755
                     ->  Index Scan using movie_id_cast_info on cast_info ci  (cost=0.44..43.35 rows=38 width=12) (actual time=0.038..0.386 rows=35 loops=4216)
                           Index Cond: (movie_id = t.id)
                           Buffers: shared hit=90117 read=66347
               ->  Hash  (cost=1.20..1.20 rows=5 width=4) (actual time=0.044..0.044 rows=5 loops=1)
                     Buckets: 1024  Batches: 1  Memory Usage: 9kB
                     Buffers: shared hit=1
                     ->  Seq Scan on role_type rt  (cost=0.00..1.20 rows=5 width=4) (actual time=0.029..0.034 rows=5 loops=1)
                           Filter: ((role)::text = ANY ('{actor,guest,"miscellaneous crew",producer,"production designer"}'::text[]))
                           Rows Removed by Filter: 7
                           Buffers: shared hit=1
         ->  Index Scan using name_pkey on name n  (cost=0.43..2.32 rows=1 width=4) (actual time=0.034..0.034 rows=0 loops=98737)
               Index Cond: (id = ci.person_id)
               Filter: ((gender)::text = 'f'::text)
               Rows Removed by Filter: 1
               Buffers: shared hit=354847 read=40101
 Planning:
   Buffers: shared hit=576 read=1
 Planning Time: 13.234 ms
 Execution Time: 6445.638 ms
(73 rows)

