                                                                                               QUERY PLAN                                                                                               
--------------------------------------------------------------------------------------------------------------------------------------------------------------------------------------------------------
 Aggregate  (cost=415077.06..415077.07 rows=1 width=8) (actual time=6288.037..6288.046 rows=1 loops=1)
   Buffers: shared hit=555480 read=80382
   ->  Nested Loop  (cost=13060.11..415077.05 rows=1 width=0) (actual time=406.794..6287.890 rows=141 loops=1)
         Buffers: shared hit=555480 read=80382
         ->  Hash Join  (cost=13059.68..415067.78 rows=4 width=4) (actual time=404.823..6216.087 rows=1829 loops=1)
               Hash Cond: (ci.role_id = rt.id)
               Buffers: shared hit=549187 read=79359
               ->  Nested Loop  (cost=13058.47..415066.53 rows=14 width=8) (actual time=404.532..6210.032 rows=26231 loops=1)
                     Buffers: shared hit=549186 read=79359
                     ->  Nested Loop  (cost=13058.03..415022.16 rows=1 width=12) (actual time=404.482..5841.963 rows=1503 loops=1)
                           Buffers: shared hit=530954 read=67211
                           ->  Nested Loop  (cost=13058.03..415019.74 rows=1 width=16) (actual time=404.474..5809.404 rows=1503 loops=1)
                                 Buffers: shared hit=529451 read=67211
                                 ->  Nested Loop  (cost=13058.03..415017.32 rows=1 width=20) (actual time=404.449..5774.772 rows=1503 loops=1)
                                       Buffers: shared hit=527948 read=67211
                                       ->  Hash Join  (cost=13057.60..404854.09 rows=235 width=12) (actual time=400.352..3602.150 rows=24060 loops=1)
                                             Hash Cond: (t.kind_id = kt.id)
                                             Buffers: shared hit=332812 read=32961
                                             ->  Nested Loop  (cost=13056.46..404850.65 rows=547 width=16) (actual time=36.270..3588.880 rows=32799 loops=1)
                                                   Buffers: shared hit=332811 read=32961
                                                   ->  Bitmap Heap Scan on movie_info mi1  (cost=13056.02..385267.55 rows=2500 width=8) (actual time=36.214..418.981 rows=90759 loops=1)
                                                         Recheck Cond: (info_type_id = 4)
                                                         Filter: ((info)::text = ANY ('{Czech,Danish,Dutch,Georgian,Hindi,Korean,Mandarin,None,Norwegian,Persian,Russian,Serbian,Swedish}'::text[]))
                                                         Rows Removed by Filter: 1208230
                                                         Heap Blocks: exact=8393
                                                         Buffers: shared hit=1285 read=8127
                                                         ->  Bitmap Index Scan on info_type_id_movie_info  (cost=0.00..13055.37 rows=1221191 width=0) (actual time=34.395..34.396 rows=1298989 loops=1)
                                                               Index Cond: (info_type_id = 4)
                                                               Buffers: shared read=1019
                                                   ->  Memoize  (cost=0.44..7.84 rows=1 width=8) (actual time=0.035..0.035 rows=0 loops=90759)
                                                         Cache Key: mi1.movie_id
                                                         Cache Mode: logical
                                                         Hits: 1669  Misses: 89090  Evictions: 0  Overflows: 0  Memory Usage: 7184kB
                                                         Buffers: shared hit=331526 read=24834
                                                         ->  Index Scan using title_pkey on title t  (cost=0.43..7.83 rows=1 width=8) (actual time=0.034..0.034 rows=0 loops=89090)
                                                               Index Cond: (id = mi1.movie_id)
                                                               Filter: ((production_year <= 1990) AND (production_year >= 1950))
                                                               Rows Removed by Filter: 1
                                                               Buffers: shared hit=331526 read=24834
                                             ->  Hash  (cost=1.10..1.10 rows=3 width=4) (actual time=0.016..0.017 rows=3 loops=1)
                                                   Buckets: 1024  Batches: 1  Memory Usage: 9kB
                                                   Buffers: shared hit=1
                                                   ->  Seq Scan on kind_type kt  (cost=0.00..1.10 rows=3 width=4) (actual time=0.010..0.012 rows=3 loops=1)
                                                         Filter: ((kind)::text = ANY ('{movie,"video game","video movie"}'::text[]))
                                                         Rows Removed by Filter: 4
                                                         Buffers: shared hit=1
                                       ->  Index Scan using movie_id_movie_info on movie_info mi2  (cost=0.43..43.24 rows=1 width=8) (actual time=0.087..0.090 rows=0 loops=24060)
                                             Index Cond: (movie_id = t.id)
                                             Filter: ((info_type_id = 1) AND ((info)::text = ANY ('{100,104,11,110,15,24,28,5,75,79,81,82,Argentina:60}'::text[])))
                                             Rows Removed by Filter: 9
                                             Buffers: shared hit=195136 read=34250
                                 ->  Seq Scan on info_type it1  (cost=0.00..2.41 rows=1 width=4) (actual time=0.011..0.020 rows=1 loops=1503)
                                       Filter: (id = 4)
                                       Rows Removed by Filter: 112
                                       Buffers: shared hit=1503
                           ->  Seq Scan on info_type it2  (cost=0.00..2.41 rows=1 width=4) (actual time=0.010..0.020 rows=1 loops=1503)
                                 Filter: (id = 1)
                                 Rows Removed by Filter: 112
                                 Buffers: shared hit=1503
                     ->  Index Scan using movie_id_cast_info on cast_info ci  (cost=0.44..43.98 rows=38 width=12) (actual time=0.040..0.239 rows=17 loops=1503)
                           Index Cond: (movie_id = t.id)
                           Buffers: shared hit=18232 read=12148
               ->  Hash  (cost=1.17..1.17 rows=3 width=4) (actual time=0.044..0.045 rows=3 loops=1)
                     Buckets: 1024  Batches: 1  Memory Usage: 9kB
                     Buffers: shared hit=1
                     ->  Seq Scan on role_type rt  (cost=0.00..1.17 rows=3 width=4) (actual time=0.030..0.032 rows=3 loops=1)
                           Filter: ((role)::text = ANY ('{"costume designer","miscellaneous crew","production designer"}'::text[]))
                           Rows Removed by Filter: 9
                           Buffers: shared hit=1
         ->  Index Scan using name_pkey on name n  (cost=0.43..2.32 rows=1 width=4) (actual time=0.039..0.039 rows=0 loops=1829)
               Index Cond: (id = ci.person_id)
               Filter: ((gender)::text = 'f'::text)
               Rows Removed by Filter: 1
               Buffers: shared hit=6293 read=1023
 Planning:
   Buffers: shared hit=532 read=45
 Planning Time: 13.132 ms
 Execution Time: 6289.746 ms
(78 rows)

