                                                                                                      QUERY PLAN                                                                                                      
----------------------------------------------------------------------------------------------------------------------------------------------------------------------------------------------------------------------
 Aggregate  (cost=362881.07..362881.08 rows=1 width=8) (actual time=725.990..725.995 rows=1 loops=1)
   Buffers: shared hit=55841 read=16635
   ->  Nested Loop  (cost=2.17..362881.06 rows=1 width=0) (actual time=23.209..725.890 rows=865 loops=1)
         Buffers: shared hit=55841 read=16635
         ->  Nested Loop  (cost=1.74..362878.74 rows=1 width=4) (actual time=23.164..696.086 rows=865 loops=1)
               Join Filter: (ci.role_id = rt.id)
               Rows Removed by Join Filter: 1375
               Buffers: shared hit=52918 read=16098
               ->  Seq Scan on role_type rt  (cost=0.00..1.15 rows=1 width=4) (actual time=0.021..0.026 rows=1 loops=1)
                     Filter: ((role)::text = 'actor'::text)
                     Rows Removed by Filter: 11
                     Buffers: shared hit=1
               ->  Nested Loop  (cost=1.74..362877.42 rows=14 width=8) (actual time=23.140..695.811 rows=2240 loops=1)
                     Buffers: shared hit=52917 read=16098
                     ->  Nested Loop  (cost=1.30..362833.76 rows=1 width=12) (actual time=23.091..666.682 rows=52 loops=1)
                           Buffers: shared hit=52346 read=14324
                           ->  Nested Loop  (cost=1.30..362831.34 rows=1 width=16) (actual time=23.080..666.099 rows=52 loops=1)
                                 Buffers: shared hit=52294 read=14324
                                 ->  Nested Loop  (cost=1.30..362828.91 rows=1 width=20) (actual time=23.060..663.933 rows=52 loops=1)
                                       Buffers: shared hit=52242 read=14324
                                       ->  Nested Loop  (cost=0.86..362193.47 rows=15 width=12) (actual time=0.527..412.098 rows=2131 loops=1)
                                             Join Filter: (t.kind_id = kt.id)
                                             Rows Removed by Join Filter: 30174
                                             Buffers: shared hit=36778 read=4936
                                             ->  Nested Loop  (cost=0.86..362190.88 rows=27 width=16) (actual time=0.146..406.048 rows=9039 loops=1)
                                                   Buffers: shared hit=36777 read=4936
                                                   ->  Index Scan using info_type_id_movie_info on movie_info mi2  (cost=0.43..361945.76 rows=29 width=8) (actual time=0.082..121.690 rows=9160 loops=1)
                                                         Index Cond: (info_type_id = 105)
                                                         Filter: ((info)::text = ANY ('{"$10,000","$11,000,000","$13,000,000","$2,000,000","$2,500,000","$25,000,000","$4,000","$50,000,000","$8,000,000"}'::text[]))
                                                         Rows Removed by Filter: 112703
                                                         Buffers: shared hit=1016 read=4057
                                                   ->  Index Scan using title_pkey on title t  (cost=0.43..8.45 rows=1 width=8) (actual time=0.031..0.031 rows=1 loops=9160)
                                                         Index Cond: (id = mi2.movie_id)
                                                         Filter: ((production_year <= 2015) AND (production_year >= 1925))
                                                         Rows Removed by Filter: 0
                                                         Buffers: shared hit=35761 read=879
                                             ->  Materialize  (cost=0.00..1.12 rows=4 width=4) (actual time=0.000..0.000 rows=4 loops=9039)
                                                   Buffers: shared hit=1
                                                   ->  Seq Scan on kind_type kt  (cost=0.00..1.10 rows=4 width=4) (actual time=0.008..0.010 rows=4 loops=1)
                                                         Filter: ((kind)::text = ANY ('{"tv movie","tv series","video game","video movie"}'::text[]))
                                                         Rows Removed by Filter: 3
                                                         Buffers: shared hit=1
                                       ->  Index Scan using movie_id_movie_info on movie_info mi1  (cost=0.43..42.35 rows=1 width=8) (actual time=0.116..0.118 rows=0 loops=2131)
                                             Index Cond: (movie_id = t.id)
                                             Filter: ((info_type_id = 7) AND ((info)::text = ANY ('{"LAB:Technicolor, Hollywood (CA), USA",OFM:Video,PCS:Panavision,"PFM:35 mm",PFM:Digital}'::text[])))
                                             Rows Removed by Filter: 11
                                             Buffers: shared hit=15464 read=9388
                                 ->  Seq Scan on info_type it1  (cost=0.00..2.41 rows=1 width=4) (actual time=0.034..0.039 rows=1 loops=52)
                                       Filter: (id = 7)
                                       Rows Removed by Filter: 112
                                       Buffers: shared hit=52
                           ->  Seq Scan on info_type it2  (cost=0.00..2.41 rows=1 width=4) (actual time=0.009..0.010 rows=1 loops=52)
                                 Filter: (id = 105)
                                 Rows Removed by Filter: 112
                                 Buffers: shared hit=52
                     ->  Index Scan using movie_id_cast_info on cast_info ci  (cost=0.44..43.28 rows=38 width=12) (actual time=0.072..0.551 rows=43 loops=52)
                           Index Cond: (movie_id = t.id)
                           Buffers: shared hit=571 read=1774
         ->  Index Scan using name_pkey on name n  (cost=0.43..2.32 rows=1 width=4) (actual time=0.034..0.034 rows=1 loops=865)
               Index Cond: (id = ci.person_id)
               Filter: ((gender)::text = 'm'::text)
               Buffers: shared hit=2923 read=537
 Planning:
   Buffers: shared hit=530 read=44
 Planning Time: 10.740 ms
 Execution Time: 726.366 ms
(66 rows)

