                                                                                               QUERY PLAN                                                                                               
--------------------------------------------------------------------------------------------------------------------------------------------------------------------------------------------------------
 Aggregate  (cost=494891.42..494891.43 rows=1 width=8) (actual time=5469.056..5469.063 rows=1 loops=1)
   Buffers: shared hit=499985 read=35191
   ->  Nested Loop  (cost=13061.05..494891.35 rows=27 width=0) (actual time=41.857..5468.601 rows=1057 loops=1)
         Buffers: shared hit=499985 read=35191
         ->  Hash Join  (cost=13060.62..494791.61 rows=43 width=4) (actual time=41.805..5415.606 rows=1089 loops=1)
               Hash Cond: (ci.role_id = rt.id)
               Buffers: shared hit=496365 read=34455
               ->  Nested Loop  (cost=13059.44..494789.52 rows=258 width=8) (actual time=39.866..5408.922 rows=30794 loops=1)
                     Buffers: shared hit=496364 read=34455
                     ->  Nested Loop  (cost=13059.00..493987.54 rows=18 width=12) (actual time=39.824..4975.047 rows=2235 loops=1)
                           Buffers: shared hit=471271 read=22506
                           ->  Seq Scan on info_type it2  (cost=0.00..2.41 rows=1 width=4) (actual time=0.036..0.044 rows=1 loops=1)
                                 Filter: (id = 4)
                                 Rows Removed by Filter: 112
                                 Buffers: shared hit=1
                           ->  Nested Loop  (cost=13059.00..493984.95 rows=18 width=16) (actual time=39.787..4974.311 rows=2235 loops=1)
                                 Buffers: shared hit=471270 read=22506
                                 ->  Seq Scan on info_type it1  (cost=0.00..2.41 rows=1 width=4) (actual time=0.013..0.023 rows=1 loops=1)
                                       Filter: (id = 3)
                                       Rows Removed by Filter: 112
                                       Buffers: shared hit=1
                                 ->  Nested Loop  (cost=13059.00..493982.35 rows=18 width=20) (actual time=39.770..4973.484 rows=2235 loops=1)
                                       Buffers: shared hit=471269 read=22506
                                       ->  Hash Join  (cost=13058.54..459413.89 rows=805 width=12) (actual time=37.577..4325.203 rows=7702 loops=1)
                                             Hash Cond: (t.kind_id = kt.id)
                                             Buffers: shared hit=412199 read=14538
                                             ->  Nested Loop  (cost=13057.36..459407.97 rows=1127 width=16) (actual time=37.533..4316.252 rows=27789 loops=1)
                                                   Buffers: shared hit=412198 read=14538
                                                   ->  Bitmap Heap Scan on movie_info mi2  (cost=13056.92..415326.80 rows=6230 width=8) (actual time=37.424..643.368 rows=105326 loops=1)
                                                         Recheck Cond: (info_type_id = 4)
                                                         Filter: ((info)::text = ANY ('{Albanian,Bulgarian,German,Mandarin,Polish,Portuguese}'::text[]))
                                                         Rows Removed by Filter: 1193663
                                                         Heap Blocks: exact=8393
                                                         Buffers: shared hit=4401 read=5011
                                                         ->  Bitmap Index Scan on info_type_id_movie_info  (cost=0.00..13055.37 rows=1221191 width=0) (actual time=35.092..35.092 rows=1298989 loops=1)
                                                               Index Cond: (info_type_id = 4)
                                                               Buffers: shared hit=1 read=1018
                                                   ->  Memoize  (cost=0.44..7.12 rows=1 width=8) (actual time=0.034..0.034 rows=0 loops=105326)
                                                         Cache Key: mi2.movie_id
                                                         Cache Mode: logical
                                                         Hits: 995  Misses: 104331  Evictions: 0  Overflows: 0  Memory Usage: 8008kB
                                                         Buffers: shared hit=407797 read=9527
                                                         ->  Index Scan using title_pkey on title t  (cost=0.43..7.11 rows=1 width=8) (actual time=0.034..0.034 rows=0 loops=104331)
                                                               Index Cond: (id = mi2.movie_id)
                                                               Filter: ((production_year <= 1975) AND (production_year >= 1875))
                                                               Rows Removed by Filter: 1
                                                               Buffers: shared hit=407797 read=9527
                                             ->  Hash  (cost=1.11..1.11 rows=5 width=4) (actual time=0.016..0.017 rows=5 loops=1)
                                                   Buckets: 1024  Batches: 1  Memory Usage: 9kB
                                                   Buffers: shared hit=1
                                                   ->  Seq Scan on kind_type kt  (cost=0.00..1.11 rows=5 width=4) (actual time=0.009..0.012 rows=5 loops=1)
                                                         Filter: ((kind)::text = ANY ('{episode,"tv movie","tv series","video game","video movie"}'::text[]))
                                                         Rows Removed by Filter: 2
                                                         Buffers: shared hit=1
                                       ->  Index Scan using movie_id_movie_info on movie_info mi1  (cost=0.46..42.93 rows=1 width=8) (actual time=0.083..0.084 rows=0 loops=7702)
                                             Index Cond: (movie_id = t.id)
                                             Filter: ((info_type_id = 3) AND ((info)::text = ANY ('{Adventure,Animation,Biography,Comedy,Documentary,History,Musical,Mystery,Romance,War}'::text[])))
                                             Rows Removed by Filter: 6
                                             Buffers: shared hit=59070 read=7968
                     ->  Index Scan using movie_id_cast_info on cast_info ci  (cost=0.44..44.17 rows=38 width=12) (actual time=0.044..0.189 rows=14 loops=2235)
                           Index Cond: (movie_id = t.id)
                           Buffers: shared hit=25093 read=11949
               ->  Hash  (cost=1.15..1.15 rows=2 width=4) (actual time=0.039..0.040 rows=2 loops=1)
                     Buckets: 1024  Batches: 1  Memory Usage: 9kB
                     Buffers: shared hit=1
                     ->  Seq Scan on role_type rt  (cost=0.00..1.15 rows=2 width=4) (actual time=0.030..0.032 rows=2 loops=1)
                           Filter: ((role)::text = ANY ('{cinematographer,"costume designer"}'::text[]))
                           Rows Removed by Filter: 10
                           Buffers: shared hit=1
         ->  Index Scan using name_pkey on name n  (cost=0.43..2.32 rows=1 width=4) (actual time=0.047..0.047 rows=1 loops=1089)
               Index Cond: (id = ci.person_id)
               Filter: (((gender)::text = 'm'::text) OR (gender IS NULL))
               Rows Removed by Filter: 0
               Buffers: shared hit=3620 read=736
 Planning:
   Buffers: shared hit=576 read=1
 Planning Time: 13.117 ms
 Execution Time: 5470.754 ms
(78 rows)

