                                                                                                                                                                                                                 QUERY PLAN                                                                                                                                                                                                                  
---------------------------------------------------------------------------------------------------------------------------------------------------------------------------------------------------------------------------------------------------------------------------------------------------------------------------------------------------------------------------------------------------------------------------------------------
 Aggregate  (cost=393097.96..393097.97 rows=1 width=8) (actual time=827.105..827.111 rows=1 loops=1)
   Buffers: shared hit=71315 read=11284
   ->  Nested Loop  (cost=7081.77..393097.96 rows=3 width=0) (actual time=483.041..827.028 rows=671 loops=1)
         Buffers: shared hit=71315 read=11284
         ->  Hash Join  (cost=7081.34..393086.36 rows=5 width=4) (actual time=480.177..799.017 rows=905 loops=1)
               Hash Cond: (ci.role_id = rt.id)
               Buffers: shared hit=68782 read=10197
               ->  Nested Loop  (cost=7080.11..393085.08 rows=14 width=8) (actual time=480.114..798.672 rows=1312 loops=1)
                     Buffers: shared hit=68781 read=10197
                     ->  Nested Loop  (cost=7079.67..393040.23 rows=1 width=12) (actual time=480.078..779.763 rows=62 loops=1)
                           Buffers: shared hit=68422 read=9143
                           ->  Nested Loop  (cost=7079.67..393037.80 rows=1 width=16) (actual time=480.072..779.136 rows=62 loops=1)
                                 Buffers: shared hit=68360 read=9143
                                 ->  Nested Loop  (cost=7079.67..393035.38 rows=1 width=20) (actual time=480.049..778.392 rows=62 loops=1)
                                       Buffers: shared hit=68298 read=9143
                                       ->  Hash Join  (cost=7079.24..392906.32 rows=3 width=12) (actual time=479.988..771.475 rows=59 loops=1)
                                             Hash Cond: (t.kind_id = kt.id)
                                             Buffers: shared hit=67779 read=8890
                                             ->  Nested Loop  (cost=7078.13..392905.16 rows=12 width=16) (actual time=23.401..770.029 rows=8427 loops=1)
                                                   Buffers: shared hit=67778 read=8890
                                                   ->  Bitmap Heap Scan on movie_info mi2  (cost=7077.70..392195.15 rows=84 width=8) (actual time=22.107..239.259 rows=17294 loops=1)
                                                         Recheck Cond: (info_type_id = 18)
                                                         Filter: ((info)::text = ANY ('{"CBS Studio 50, New York City, New York, USA","CBS Studio Center - 4024 Radford Avenue, Studio City, Los Angeles, California, USA","General Service Studios - 1040 N. Las Palmas, Hollywood, Los Angeles, California, USA","London, England, UK","Metro-Goldwyn-Mayer Studios - 10202 W. Washington Blvd., Culver City, California, USA"}'::text[]))
                                                         Rows Removed by Filter: 643629
                                                         Heap Blocks: exact=6972
                                                         Buffers: shared hit=1865 read=5627
                                                         ->  Bitmap Index Scan on info_type_id_movie_info  (cost=0.00..7077.68 rows=662032 width=0) (actual time=21.206..21.207 rows=660923 loops=1)
                                                               Index Cond: (info_type_id = 18)
                                                               Buffers: shared hit=1 read=519
                                                   ->  Index Scan using title_pkey on title t  (cost=0.43..8.45 rows=1 width=8) (actual time=0.030..0.030 rows=0 loops=17294)
                                                         Index Cond: (id = mi2.movie_id)
                                                         Filter: ((production_year <= 1975) AND (production_year >= 1925))
                                                         Rows Removed by Filter: 1
                                                         Buffers: shared hit=65913 read=3263
                                             ->  Hash  (cost=1.09..1.09 rows=2 width=4) (actual time=0.024..0.024 rows=2 loops=1)
                                                   Buckets: 1024  Batches: 1  Memory Usage: 9kB
                                                   Buffers: shared hit=1
                                                   ->  Seq Scan on kind_type kt  (cost=0.00..1.09 rows=2 width=4) (actual time=0.016..0.017 rows=2 loops=1)
                                                         Filter: ((kind)::text = ANY ('{"tv movie","video game"}'::text[]))
                                                         Rows Removed by Filter: 5
                                                         Buffers: shared hit=1
                                       ->  Index Scan using movie_id_movie_info on movie_info mi1  (cost=0.43..43.01 rows=1 width=8) (actual time=0.094..0.116 rows=1 loops=59)
                                             Index Cond: (movie_id = t.id)
                                             Filter: (((info)::text = ANY ('{"Black and White",Color}'::text[])) AND (info_type_id = 2))
                                             Rows Removed by Filter: 14
                                             Buffers: shared hit=519 read=253
                                 ->  Seq Scan on info_type it1  (cost=0.00..2.41 rows=1 width=4) (actual time=0.005..0.010 rows=1 loops=62)
                                       Filter: (id = 2)
                                       Rows Removed by Filter: 112
                                       Buffers: shared hit=62
                           ->  Seq Scan on info_type it2  (cost=0.00..2.41 rows=1 width=4) (actual time=0.004..0.009 rows=1 loops=62)
                                 Filter: (id = 18)
                                 Rows Removed by Filter: 112
                                 Buffers: shared hit=62
                     ->  Index Scan using movie_id_cast_info on cast_info ci  (cost=0.44..44.48 rows=38 width=12) (actual time=0.039..0.300 rows=21 loops=62)
                           Index Cond: (movie_id = t.id)
                           Buffers: shared hit=359 read=1054
               ->  Hash  (cost=1.18..1.18 rows=4 width=4) (actual time=0.038..0.038 rows=4 loops=1)
                     Buckets: 1024  Batches: 1  Memory Usage: 9kB
                     Buffers: shared hit=1
                     ->  Seq Scan on role_type rt  (cost=0.00..1.18 rows=4 width=4) (actual time=0.027..0.031 rows=4 loops=1)
                           Filter: ((role)::text = ANY ('{actor,actress,"costume designer",editor}'::text[]))
                           Rows Removed by Filter: 8
                           Buffers: shared hit=1
         ->  Index Scan using name_pkey on name n  (cost=0.43..2.32 rows=1 width=4) (actual time=0.031..0.031 rows=1 loops=905)
               Index Cond: (id = ci.person_id)
               Filter: (((gender)::text = 'm'::text) OR (gender IS NULL))
               Rows Removed by Filter: 0
               Buffers: shared hit=2533 read=1087
 Planning:
   Buffers: shared hit=574
 Planning Time: 13.579 ms
 Execution Time: 827.612 ms
(73 rows)

