                                                                                                              QUERY PLAN                                                                                                               
---------------------------------------------------------------------------------------------------------------------------------------------------------------------------------------------------------------------------------------
 Aggregate  (cost=434613.51..434613.52 rows=1 width=8) (actual time=7569.774..7569.781 rows=1 loops=1)
   Buffers: shared hit=629644 read=143905
   ->  Nested Loop  (cost=4697.50..434613.50 rows=3 width=0) (actual time=35.859..7567.380 rows=12064 loops=1)
         Buffers: shared hit=629644 read=143905
         ->  Hash Join  (cost=4697.07..434604.22 rows=4 width=4) (actual time=35.801..6273.637 rows=36109 loops=1)
               Hash Cond: (ci.role_id = rt.id)
               Buffers: shared hit=499083 read=130030
               ->  Nested Loop  (cost=4695.86..434602.97 rows=14 width=8) (actual time=35.559..6233.668 rows=211136 loops=1)
                     Buffers: shared hit=499082 read=130030
                     ->  Nested Loop  (cost=4695.42..434558.61 rows=1 width=12) (actual time=35.511..4111.877 rows=5612 loops=1)
                           Buffers: shared hit=334546 read=72180
                           ->  Nested Loop  (cost=4695.42..434556.19 rows=1 width=16) (actual time=35.505..4001.444 rows=5612 loops=1)
                                 Buffers: shared hit=328934 read=72180
                                 ->  Nested Loop  (cost=4695.42..434553.76 rows=1 width=20) (actual time=35.483..3892.605 rows=5612 loops=1)
                                       Buffers: shared hit=323322 read=72180
                                       ->  Hash Join  (cost=4694.96..434211.21 rows=8 width=12) (actual time=35.356..1879.908 rows=10895 loops=1)
                                             Hash Cond: (t.kind_id = kt.id)
                                             Buffers: shared hit=170578 read=22059
                                             ->  Nested Loop  (cost=4693.82..434209.99 rows=19 width=16) (actual time=19.781..1874.059 rows=11896 loops=1)
                                                   Buffers: shared hit=170577 read=22059
                                                   ->  Bitmap Heap Scan on movie_info mi2  (cost=4693.39..433457.72 rows=89 width=8) (actual time=19.695..471.939 rows=43266 loops=1)
                                                         Recheck Cond: (info_type_id = 5)
                                                         Filter: ((info)::text = ANY ('{Canada:PG,Germany:16,Netherlands:12,Netherlands:16,Netherlands:AL,Spain:18,UK:PG,UK:U}'::text[]))
                                                         Rows Removed by Filter: 443288
                                                         Heap Blocks: exact=19164
                                                         Buffers: shared hit=2440 read=17132
                                                         ->  Bitmap Index Scan on info_type_id_movie_info  (cost=0.00..4693.37 rows=439058 width=0) (actual time=16.728..16.729 rows=486554 loops=1)
                                                               Index Cond: (info_type_id = 5)
                                                               Buffers: shared hit=1 read=407
                                                   ->  Index Scan using title_pkey on title t  (cost=0.43..8.45 rows=1 width=8) (actual time=0.032..0.032 rows=0 loops=43266)
                                                         Index Cond: (id = mi2.movie_id)
                                                         Filter: ((production_year <= 1990) AND (production_year >= 1950))
                                                         Rows Removed by Filter: 1
                                                         Buffers: shared hit=168137 read=4927
                                             ->  Hash  (cost=1.10..1.10 rows=3 width=4) (actual time=0.018..0.019 rows=3 loops=1)
                                                   Buckets: 1024  Batches: 1  Memory Usage: 9kB
                                                   Buffers: shared hit=1
                                                   ->  Seq Scan on kind_type kt  (cost=0.00..1.10 rows=3 width=4) (actual time=0.010..0.012 rows=3 loops=1)
                                                         Filter: ((kind)::text = ANY ('{episode,movie,"video game"}'::text[]))
                                                         Rows Removed by Filter: 4
                                                         Buffers: shared hit=1
                                       ->  Index Scan using movie_id_movie_info on movie_info mi1  (cost=0.47..42.81 rows=1 width=8) (actual time=0.179..0.184 rows=1 loops=10895)
                                             Index Cond: (movie_id = t.id)
                                             Filter: ((info_type_id = 8) AND ((info)::text = ANY ('{Australia,Austria,Czechoslovakia,Finland,France,Israel,Japan,"South Africa",Spain,Sweden,UK,"West Germany",Yugoslavia}'::text[])))
                                             Rows Removed by Filter: 76
                                             Buffers: shared hit=152744 read=50121
                                 ->  Seq Scan on info_type it1  (cost=0.00..2.41 rows=1 width=4) (actual time=0.009..0.017 rows=1 loops=5612)
                                       Filter: (id = 8)
                                       Rows Removed by Filter: 112
                                       Buffers: shared hit=5612
                           ->  Seq Scan on info_type it2  (cost=0.00..2.41 rows=1 width=4) (actual time=0.010..0.018 rows=1 loops=5612)
                                 Filter: (id = 5)
                                 Rows Removed by Filter: 112
                                 Buffers: shared hit=5612
                     ->  Index Scan using movie_id_cast_info on cast_info ci  (cost=0.44..43.98 rows=38 width=12) (actual time=0.036..0.369 rows=38 loops=5612)
                           Index Cond: (movie_id = t.id)
                           Buffers: shared hit=164536 read=57850
               ->  Hash  (cost=1.17..1.17 rows=3 width=4) (actual time=0.041..0.041 rows=3 loops=1)
                     Buckets: 1024  Batches: 1  Memory Usage: 9kB
                     Buffers: shared hit=1
                     ->  Seq Scan on role_type rt  (cost=0.00..1.17 rows=3 width=4) (actual time=0.032..0.034 rows=3 loops=1)
                           Filter: ((role)::text = ANY ('{cinematographer,editor,"miscellaneous crew"}'::text[]))
                           Rows Removed by Filter: 9
                           Buffers: shared hit=1
         ->  Index Scan using name_pkey on name n  (cost=0.43..2.32 rows=1 width=4) (actual time=0.035..0.035 rows=0 loops=36109)
               Index Cond: (id = ci.person_id)
               Filter: ((gender)::text = ANY ('{f,m}'::text[]))
               Rows Removed by Filter: 1
               Buffers: shared hit=130561 read=13875
 Planning:
   Buffers: shared hit=577
 Planning Time: 12.711 ms
 Execution Time: 7570.453 ms
(73 rows)

