                                                                                                                                                               QUERY PLAN                                                                                                                                                               
----------------------------------------------------------------------------------------------------------------------------------------------------------------------------------------------------------------------------------------------------------------------------------------------------------------------------------------
 Aggregate  (cost=343863.16..343863.17 rows=1 width=8) (actual time=346.763..346.771 rows=1 loops=1)
   Buffers: shared hit=16273 read=17244
   ->  Nested Loop  (cost=3726.52..343863.16 rows=2 width=0) (actual time=80.404..346.750 rows=87 loops=1)
         Buffers: shared hit=16273 read=17244
         ->  Hash Join  (cost=3726.09..343853.88 rows=4 width=4) (actual time=80.330..342.973 rows=106 loops=1)
               Hash Cond: (ci.role_id = rt.id)
               Buffers: shared hit=15990 read=17103
               ->  Nested Loop  (cost=3724.88..343852.63 rows=14 width=8) (actual time=79.430..342.834 rows=396 loops=1)
                     Buffers: shared hit=15989 read=17103
                     ->  Nested Loop  (cost=3724.44..343808.97 rows=1 width=12) (actual time=79.391..337.803 rows=10 loops=1)
                           Buffers: shared hit=15922 read=16751
                           ->  Nested Loop  (cost=3724.44..343806.55 rows=1 width=16) (actual time=79.385..337.696 rows=10 loops=1)
                                 Buffers: shared hit=15912 read=16751
                                 ->  Nested Loop  (cost=3724.44..343804.12 rows=1 width=20) (actual time=79.365..337.544 rows=10 loops=1)
                                       Buffers: shared hit=15902 read=16751
                                       ->  Hash Join  (cost=3724.01..343376.40 rows=10 width=12) (actual time=15.657..208.056 rows=1314 loops=1)
                                             Hash Cond: (t.kind_id = kt.id)
                                             Buffers: shared hit=9161 read=9396
                                             ->  Nested Loop  (cost=3722.85..343375.17 rows=17 width=16) (actual time=15.616..207.619 rows=1826 loops=1)
                                                   Buffers: shared hit=9160 read=9396
                                                   ->  Bitmap Heap Scan on movie_info mi1  (cost=3722.42..343223.03 rows=18 width=8) (actual time=15.567..154.978 rows=1835 loops=1)
                                                         Recheck Cond: (info_type_id = 17)
                                                         Filter: ((info)::text = ANY ('{"Last show of the series.","One of over 700 Paramount Productions, filmed between 1929 and 1949, which were sold to MCA/Universal in 1958 for television distribution, and have been owned and controlled by Universal ever since."}'::text[]))
                                                         Rows Removed by Filter: 366383
                                                         Heap Blocks: exact=10925
                                                         Buffers: shared hit=3549 read=7667
                                                         ->  Bitmap Index Scan on info_type_id_movie_info  (cost=0.00..3722.42 rows=347998 width=0) (actual time=14.001..14.001 rows=368218 loops=1)
                                                               Index Cond: (info_type_id = 17)
                                                               Buffers: shared hit=1 read=290
                                                   ->  Index Scan using title_pkey on title t  (cost=0.43..8.45 rows=1 width=8) (actual time=0.028..0.028 rows=1 loops=1835)
                                                         Index Cond: (id = mi1.movie_id)
                                                         Filter: ((production_year <= 2015) AND (production_year >= 1925))
                                                         Rows Removed by Filter: 0
                                                         Buffers: shared hit=5611 read=1729
                                             ->  Hash  (cost=1.10..1.10 rows=4 width=4) (actual time=0.018..0.019 rows=4 loops=1)
                                                   Buckets: 1024  Batches: 1  Memory Usage: 9kB
                                                   Buffers: shared hit=1
                                                   ->  Seq Scan on kind_type kt  (cost=0.00..1.10 rows=4 width=4) (actual time=0.009..0.011 rows=4 loops=1)
                                                         Filter: ((kind)::text = ANY ('{episode,"tv movie","tv series","video game"}'::text[]))
                                                         Rows Removed by Filter: 3
                                                         Buffers: shared hit=1
                                       ->  Index Scan using movie_id_movie_info on movie_info mi2  (cost=0.43..42.76 rows=1 width=8) (actual time=0.098..0.098 rows=0 loops=1314)
                                             Index Cond: (movie_id = t.id)
                                             Filter: ((info_type_id = 1) AND ((info)::text = ANY ('{107,114,118,135,146,15,18,70,Argentina:30,USA:110,USA:15,USA:20,USA:85}'::text[])))
                                             Rows Removed by Filter: 10
                                             Buffers: shared hit=6741 read=7355
                                 ->  Seq Scan on info_type it1  (cost=0.00..2.41 rows=1 width=4) (actual time=0.008..0.012 rows=1 loops=10)
                                       Filter: (id = 17)
                                       Rows Removed by Filter: 112
                                       Buffers: shared hit=10
                           ->  Seq Scan on info_type it2  (cost=0.00..2.41 rows=1 width=4) (actual time=0.004..0.009 rows=1 loops=10)
                                 Filter: (id = 1)
                                 Rows Removed by Filter: 112
                                 Buffers: shared hit=10
                     ->  Index Scan using movie_id_cast_info on cast_info ci  (cost=0.44..43.28 rows=38 width=12) (actual time=0.030..0.495 rows=40 loops=10)
                           Index Cond: (movie_id = t.id)
                           Buffers: shared hit=67 read=352
               ->  Hash  (cost=1.17..1.17 rows=3 width=4) (actual time=0.041..0.042 rows=3 loops=1)
                     Buckets: 1024  Batches: 1  Memory Usage: 9kB
                     Buffers: shared hit=1
                     ->  Seq Scan on role_type rt  (cost=0.00..1.17 rows=3 width=4) (actual time=0.031..0.034 rows=3 loops=1)
                           Filter: ((role)::text = ANY ('{cinematographer,"costume designer",producer}'::text[]))
                           Rows Removed by Filter: 9
                           Buffers: shared hit=1
         ->  Index Scan using name_pkey on name n  (cost=0.43..2.32 rows=1 width=4) (actual time=0.035..0.035 rows=1 loops=106)
               Index Cond: (id = ci.person_id)
               Filter: (((gender)::text = 'm'::text) OR (gender IS NULL))
               Rows Removed by Filter: 0
               Buffers: shared hit=283 read=141
 Planning:
   Buffers: shared hit=574
 Planning Time: 13.173 ms
 Execution Time: 347.290 ms
(73 rows)

