                                                                                               QUERY PLAN                                                                                               
--------------------------------------------------------------------------------------------------------------------------------------------------------------------------------------------------------
 Aggregate  (cost=568449.73..568449.74 rows=1 width=8) (actual time=26763.361..26763.369 rows=1 loops=1)
   Buffers: shared hit=2421185 read=328436
   ->  Nested Loop  (cost=13061.58..568449.68 rows=20 width=0) (actual time=39.964..26755.871 rows=30802 loops=1)
         Buffers: shared hit=2421185 read=328436
         ->  Hash Join  (cost=13061.15..568338.35 rows=48 width=4) (actual time=39.720..20630.445 rows=167770 loops=1)
               Hash Cond: (ci.role_id = rt.id)
               Buffers: shared hit=1797071 read=281470
               ->  Nested Loop  (cost=13059.89..568336.68 rows=115 width=8) (actual time=39.613..20483.631 rows=593113 loops=1)
                     Buffers: shared hit=1797070 read=281470
                     ->  Nested Loop  (cost=13059.45..567987.11 rows=8 width=12) (actual time=39.572..13852.109 rows=21452 loops=1)
                           Buffers: shared hit=1313891 read=122517
                           ->  Seq Scan on info_type it2  (cost=0.00..2.41 rows=1 width=4) (actual time=0.027..0.038 rows=1 loops=1)
                                 Filter: (id = 4)
                                 Rows Removed by Filter: 112
                                 Buffers: shared hit=1
                           ->  Nested Loop  (cost=13059.45..567984.62 rows=8 width=16) (actual time=39.543..13846.000 rows=21452 loops=1)
                                 Buffers: shared hit=1313890 read=122517
                                 ->  Seq Scan on info_type it1  (cost=0.00..2.41 rows=1 width=4) (actual time=0.008..0.021 rows=1 loops=1)
                                       Filter: (id = 6)
                                       Rows Removed by Filter: 112
                                       Buffers: shared hit=1
                                 ->  Nested Loop  (cost=13059.45..567982.13 rows=8 width=20) (actual time=39.531..13839.949 rows=21452 loops=1)
                                       Buffers: shared hit=1313889 read=122517
                                       ->  Hash Join  (cost=13059.01..486685.93 rows=1911 width=12) (actual time=38.386..5887.435 rows=94026 loops=1)
                                             Hash Cond: (t.kind_id = kt.id)
                                             Buffers: shared hit=513866 read=42351
                                             ->  Nested Loop  (cost=13057.90..486656.62 rows=6690 width=16) (actual time=38.130..5836.970 rows=114806 loops=1)
                                                   Buffers: shared hit=513865 read=42351
                                                   ->  Bitmap Heap Scan on movie_info mi2  (cost=13057.46..430356.52 rows=8378 width=8) (actual time=38.035..760.968 rows=137777 loops=1)
                                                         Recheck Cond: (info_type_id = 4)
                                                         Filter: ((info)::text = ANY ('{Hungarian,Korean,Mandarin,None,Portuguese,Romanian,Spanish}'::text[]))
                                                         Rows Removed by Filter: 1161212
                                                         Heap Blocks: exact=8393
                                                         Buffers: shared hit=582 read=8830
                                                         ->  Bitmap Index Scan on info_type_id_movie_info  (cost=0.00..13055.37 rows=1221191 width=0) (actual time=35.552..35.552 rows=1298989 loops=1)
                                                               Index Cond: (info_type_id = 4)
                                                               Buffers: shared hit=1 read=1018
                                                   ->  Memoize  (cost=0.44..6.78 rows=1 width=8) (actual time=0.036..0.036 rows=1 loops=137777)
                                                         Cache Key: mi2.movie_id
                                                         Cache Mode: logical
                                                         Hits: 1076  Misses: 136701  Evictions: 54681  Overflows: 0  Memory Usage: 8193kB
                                                         Buffers: shared hit=513283 read=33521
                                                         ->  Index Scan using title_pkey on title t  (cost=0.43..6.77 rows=1 width=8) (actual time=0.035..0.035 rows=1 loops=136701)
                                                               Index Cond: (id = mi2.movie_id)
                                                               Filter: ((production_year <= 2015) AND (production_year >= 1975))
                                                               Rows Removed by Filter: 0
                                                               Buffers: shared hit=513283 read=33521
                                             ->  Hash  (cost=1.09..1.09 rows=2 width=4) (actual time=0.015..0.015 rows=2 loops=1)
                                                   Buckets: 1024  Batches: 1  Memory Usage: 9kB
                                                   Buffers: shared hit=1
                                                   ->  Seq Scan on kind_type kt  (cost=0.00..1.09 rows=2 width=4) (actual time=0.009..0.011 rows=2 loops=1)
                                                         Filter: ((kind)::text = ANY ('{episode,movie}'::text[]))
                                                         Rows Removed by Filter: 5
                                                         Buffers: shared hit=1
                                       ->  Index Scan using movie_id_movie_info on movie_info mi1  (cost=0.43..42.53 rows=1 width=8) (actual time=0.070..0.084 rows=0 loops=94026)
                                             Index Cond: (movie_id = t.id)
                                             Filter: ((info_type_id = 6) AND ((info)::text = ANY ('{DTS,"Dolby Digital EX","Dolby Digital","Dolby SR",Dolby,Mono,SDDS,Stereo}'::text[])))
                                             Rows Removed by Filter: 10
                                             Buffers: shared hit=800023 read=80166
                     ->  Index Scan using movie_id_cast_info on cast_info ci  (cost=0.44..43.32 rows=38 width=12) (actual time=0.037..0.301 rows=28 loops=21452)
                           Index Cond: (movie_id = t.id)
                           Buffers: shared hit=483179 read=158953
               ->  Hash  (cost=1.20..1.20 rows=5 width=4) (actual time=0.041..0.042 rows=5 loops=1)
                     Buckets: 1024  Batches: 1  Memory Usage: 9kB
                     Buffers: shared hit=1
                     ->  Seq Scan on role_type rt  (cost=0.00..1.20 rows=5 width=4) (actual time=0.030..0.034 rows=5 loops=1)
                           Filter: ((role)::text = ANY ('{actress,composer,director,"production designer",writer}'::text[]))
                           Rows Removed by Filter: 7
                           Buffers: shared hit=1
         ->  Index Scan using name_pkey on name n  (cost=0.43..2.32 rows=1 width=4) (actual time=0.036..0.036 rows=0 loops=167770)
               Index Cond: (id = ci.person_id)
               Filter: ((gender)::text = 'm'::text)
               Rows Removed by Filter: 1
               Buffers: shared hit=624114 read=46966
 Planning:
   Buffers: shared hit=574
 Planning Time: 13.180 ms
 Execution Time: 26765.848 ms
(78 rows)

