                                                                                                                                                               QUERY PLAN                                                                                                                                                               
----------------------------------------------------------------------------------------------------------------------------------------------------------------------------------------------------------------------------------------------------------------------------------------------------------------------------------------
 Aggregate  (cost=482500.87..482500.88 rows=1 width=8) (actual time=14862.706..14862.712 rows=1 loops=1)
   Buffers: shared hit=1152493 read=156546
   ->  Nested Loop  (cost=15876.49..482500.84 rows=11 width=0) (actual time=268.595..14860.905 rows=5719 loops=1)
         Buffers: shared hit=1152493 read=156546
         ->  Hash Join  (cost=15876.06..482449.81 rows=22 width=4) (actual time=268.533..14420.132 rows=9344 loops=1)
               Hash Cond: (ci.role_id = rt.id)
               Buffers: shared hit=1118043 read=153620
               ->  Nested Loop  (cost=15874.86..482448.30 rows=86 width=8) (actual time=268.434..14394.160 rows=113883 loops=1)
                     Buffers: shared hit=1118042 read=153620
                     ->  Nested Loop  (cost=15874.42..482179.16 rows=6 width=12) (actual time=58.509..12793.862 rows=7313 loops=1)
                           Buffers: shared hit=1008815 read=128462
                           ->  Seq Scan on info_type it2  (cost=0.00..2.41 rows=1 width=4) (actual time=0.022..0.031 rows=1 loops=1)
                                 Filter: (id = 8)
                                 Rows Removed by Filter: 112
                                 Buffers: shared hit=1
                           ->  Nested Loop  (cost=15874.42..482176.69 rows=6 width=16) (actual time=58.485..12791.741 rows=7313 loops=1)
                                 Buffers: shared hit=1008814 read=128462
                                 ->  Seq Scan on info_type it1  (cost=0.00..2.41 rows=1 width=4) (actual time=0.006..0.017 rows=1 loops=1)
                                       Filter: (id = 7)
                                       Rows Removed by Filter: 112
                                       Buffers: shared hit=1
                                 ->  Nested Loop  (cost=15874.42..482174.22 rows=6 width=20) (actual time=58.476..12789.567 rows=7313 loops=1)
                                       Buffers: shared hit=1008813 read=128462
                                       ->  Hash Join  (cost=15873.98..441529.04 rows=937 width=12) (actual time=37.056..4692.275 rows=57398 loops=1)
                                             Hash Cond: (t.kind_id = kt.id)
                                             Buffers: shared hit=366288 read=33190
                                             ->  Nested Loop  (cost=15872.78..441523.23 rows=1093 width=16) (actual time=37.024..4663.454 rows=57398 loops=1)
                                                   Buffers: shared hit=366287 read=33190
                                                   ->  Bitmap Heap Scan on movie_info mi1  (cost=15872.34..389017.14 rows=7690 width=8) (actual time=36.929..585.325 rows=108416 loops=1)
                                                         Recheck Cond: (info_type_id = 7)
                                                         Filter: ((info)::text = ANY ('{"LAB:Consolidated Film Industries (CFI), Hollywood (CA), USA",MET:,"MET:200 m","OFM:16 mm",OFM:Video,PCS:(anamorphic),PCS:Shawscope,PCS:Techniscope,"PFM:16 mm","RAT:1.20 : 1","RAT:1.37 : 1","RAT:1.66 : 1","RAT:2.20 : 1",RAT:4:3}'::text[]))
                                                         Rows Removed by Filter: 1293486
                                                         Heap Blocks: exact=10050
                                                         Buffers: shared hit=492 read=10657
                                                         ->  Bitmap Index Scan on info_type_id_movie_info  (cost=0.00..15870.39 rows=1484527 width=0) (actual time=35.518..35.519 rows=1401902 loops=1)
                                                               Index Cond: (info_type_id = 7)
                                                               Buffers: shared read=1099
                                                   ->  Memoize  (cost=0.44..6.88 rows=1 width=8) (actual time=0.037..0.037 rows=1 loops=108416)
                                                         Cache Key: mi1.movie_id
                                                         Cache Mode: logical
                                                         Hits: 11334  Misses: 97082  Evictions: 3544  Overflows: 0  Memory Usage: 8193kB
                                                         Buffers: shared hit=365795 read=22533
                                                         ->  Index Scan using title_pkey on title t  (cost=0.43..6.87 rows=1 width=8) (actual time=0.040..0.040 rows=1 loops=97082)
                                                               Index Cond: (id = mi1.movie_id)
                                                               Filter: ((production_year <= 1975) AND (production_year >= 1925))
                                                               Rows Removed by Filter: 0
                                                               Buffers: shared hit=365795 read=22533
                                             ->  Hash  (cost=1.12..1.12 rows=6 width=4) (actual time=0.013..0.014 rows=6 loops=1)
                                                   Buckets: 1024  Batches: 1  Memory Usage: 9kB
                                                   Buffers: shared hit=1
                                                   ->  Seq Scan on kind_type kt  (cost=0.00..1.12 rows=6 width=4) (actual time=0.006..0.008 rows=6 loops=1)
                                                         Filter: ((kind)::text = ANY ('{episode,movie,"tv movie","tv series","video game","video movie"}'::text[]))
                                                         Rows Removed by Filter: 1
                                                         Buffers: shared hit=1
                                       ->  Index Scan using movie_id_movie_info on movie_info mi2  (cost=0.43..43.37 rows=1 width=8) (actual time=0.140..0.141 rows=0 loops=57398)
                                             Index Cond: (movie_id = t.id)
                                             Filter: ((info_type_id = 8) AND ((info)::text = ANY ('{Australia,Belgium,Brazil,Germany,"Hong Kong",Japan,Portugal,Taiwan,Turkey}'::text[])))
                                             Rows Removed by Filter: 19
                                             Buffers: shared hit=642525 read=95272
                     ->  Index Scan using movie_id_cast_info on cast_info ci  (cost=0.44..44.48 rows=38 width=12) (actual time=0.047..0.214 rows=16 loops=7313)
                           Index Cond: (movie_id = t.id)
                           Buffers: shared hit=109227 read=25158
               ->  Hash  (cost=1.17..1.17 rows=3 width=4) (actual time=0.030..0.030 rows=3 loops=1)
                     Buckets: 1024  Batches: 1  Memory Usage: 9kB
                     Buffers: shared hit=1
                     ->  Seq Scan on role_type rt  (cost=0.00..1.17 rows=3 width=4) (actual time=0.023..0.025 rows=3 loops=1)
                           Filter: ((role)::text = ANY ('{composer,guest,producer}'::text[]))
                           Rows Removed by Filter: 9
                           Buffers: shared hit=1
         ->  Index Scan using name_pkey on name n  (cost=0.43..2.32 rows=1 width=4) (actual time=0.046..0.046 rows=1 loops=9344)
               Index Cond: (id = ci.person_id)
               Filter: (((gender)::text = 'f'::text) OR (gender IS NULL))
               Rows Removed by Filter: 0
               Buffers: shared hit=34450 read=2926
 Planning:
   Buffers: shared hit=488 read=89
 Planning Time: 13.040 ms
 Execution Time: 14864.567 ms
(78 rows)

