                                                                                                                                                                                                              QUERY PLAN                                                                                                                                                                                                               
---------------------------------------------------------------------------------------------------------------------------------------------------------------------------------------------------------------------------------------------------------------------------------------------------------------------------------------------------------------------------------------------------------------------------------------
 Aggregate  (cost=390855.50..390855.51 rows=1 width=8) (actual time=3577.694..3577.702 rows=1 loops=1)
   Buffers: shared hit=225775 read=13533
   ->  Nested Loop  (cost=8155.15..390855.50 rows=1 width=0) (actual time=222.534..3577.685 rows=10 loops=1)
         Buffers: shared hit=225775 read=13533
         ->  Hash Join  (cost=8154.72..390846.23 rows=4 width=4) (actual time=222.465..3577.052 rows=16 loops=1)
               Hash Cond: (ci.role_id = rt.id)
               Buffers: shared hit=225744 read=13500
               ->  Nested Loop  (cost=8153.52..390844.98 rows=14 width=8) (actual time=154.993..3576.961 rows=172 loops=1)
                     Buffers: shared hit=225743 read=13500
                     ->  Nested Loop  (cost=8153.08..390800.12 rows=1 width=12) (actual time=149.666..3574.715 rows=10 loops=1)
                           Buffers: shared hit=225701 read=13345
                           ->  Nested Loop  (cost=8153.08..390797.70 rows=1 width=16) (actual time=149.642..3574.505 rows=10 loops=1)
                                 Buffers: shared hit=225691 read=13345
                                 ->  Nested Loop  (cost=8153.08..390795.28 rows=1 width=20) (actual time=149.609..3574.247 rows=10 loops=1)
                                       Buffers: shared hit=225681 read=13345
                                       ->  Hash Join  (cost=8152.64..387856.03 rows=68 width=12) (actual time=36.017..3363.293 rows=1377 loops=1)
                                             Hash Cond: (t.kind_id = kt.id)
                                             Buffers: shared hit=214948 read=9993
                                             ->  Nested Loop  (cost=8151.51..387854.22 rows=159 width=16) (actual time=33.822..3358.909 rows=14223 loops=1)
                                                   Buffers: shared hit=214947 read=9993
                                                   ->  Bitmap Heap Scan on movie_info mi1  (cost=8151.08..378736.78 rows=1117 width=8) (actual time=33.211..345.432 rows=54829 loops=1)
                                                         Recheck Cond: (info_type_id = 1)
                                                         Filter: ((info)::text = ANY ('{103,105,109,25,54,55,76,77,88,90,92,94,USA:25,USA:90}'::text[]))
                                                         Rows Removed by Filter: 747311
                                                         Heap Blocks: exact=4993
                                                         Buffers: shared hit=3765 read=1859
                                                         ->  Bitmap Index Scan on info_type_id_movie_info  (cost=0.00..8150.77 rows=762444 width=0) (actual time=31.951..31.951 rows=802140 loops=1)
                                                               Index Cond: (info_type_id = 1)
                                                               Buffers: shared read=631
                                                   ->  Index Scan using title_pkey on title t  (cost=0.43..8.16 rows=1 width=8) (actual time=0.054..0.054 rows=0 loops=54829)
                                                         Index Cond: (id = mi1.movie_id)
                                                         Filter: ((production_year <= 1975) AND (production_year >= 1925))
                                                         Rows Removed by Filter: 1
                                                         Buffers: shared hit=211182 read=8134
                                             ->  Hash  (cost=1.10..1.10 rows=3 width=4) (actual time=0.014..0.015 rows=3 loops=1)
                                                   Buckets: 1024  Batches: 1  Memory Usage: 9kB
                                                   Buffers: shared hit=1
                                                   ->  Seq Scan on kind_type kt  (cost=0.00..1.10 rows=3 width=4) (actual time=0.006..0.007 rows=3 loops=1)
                                                         Filter: ((kind)::text = ANY ('{"tv movie","tv series","video game"}'::text[]))
                                                         Rows Removed by Filter: 4
                                                         Buffers: shared hit=1
                                       ->  Index Scan using movie_id_movie_info on movie_info mi2  (cost=0.43..43.21 rows=1 width=8) (actual time=0.151..0.152 rows=0 loops=1377)
                                             Index Cond: (movie_id = t.id)
                                             Filter: ((info_type_id = 18) AND ((info)::text = ANY ('{"20th Century Fox Studios - 10201 Pico Blvd., Century City, Los Angeles, California, USA","CBS Television City - 7800 Beverly Blvd., Fairfax, Los Angeles, California, USA","Desilu Studios - 9336 W. Washington Blvd., Culver City, California, USA","Madrid, Spain","Mexico City, Distrito Federal, Mexico",Mexico}'::text[])))
                                             Rows Removed by Filter: 11
                                             Buffers: shared hit=10733 read=3352
                                 ->  Seq Scan on info_type it1  (cost=0.00..2.41 rows=1 width=4) (actual time=0.011..0.021 rows=1 loops=10)
                                       Filter: (id = 1)
                                       Rows Removed by Filter: 112
                                       Buffers: shared hit=10
                           ->  Seq Scan on info_type it2  (cost=0.00..2.41 rows=1 width=4) (actual time=0.009..0.018 rows=1 loops=10)
                                 Filter: (id = 18)
                                 Rows Removed by Filter: 112
                                 Buffers: shared hit=10
                     ->  Index Scan using movie_id_cast_info on cast_info ci  (cost=0.44..44.48 rows=38 width=12) (actual time=0.043..0.217 rows=17 loops=10)
                           Index Cond: (movie_id = t.id)
                           Buffers: shared hit=42 read=155
               ->  Hash  (cost=1.17..1.17 rows=3 width=4) (actual time=0.022..0.023 rows=3 loops=1)
                     Buckets: 1024  Batches: 1  Memory Usage: 9kB
                     Buffers: shared hit=1
                     ->  Seq Scan on role_type rt  (cost=0.00..1.17 rows=3 width=4) (actual time=0.016..0.018 rows=3 loops=1)
                           Filter: ((role)::text = ANY ('{cinematographer,guest,"miscellaneous crew"}'::text[]))
                           Rows Removed by Filter: 9
                           Buffers: shared hit=1
         ->  Index Scan using name_pkey on name n  (cost=0.43..2.32 rows=1 width=4) (actual time=0.038..0.038 rows=1 loops=16)
               Index Cond: (id = ci.person_id)
               Filter: (gender IS NULL)
               Rows Removed by Filter: 0
               Buffers: shared hit=31 read=33
 Planning:
   Buffers: shared hit=507 read=70
 Planning Time: 7.144 ms
 Execution Time: 3578.075 ms
(73 rows)

