                                                                                             QUERY PLAN                                                                                              
-----------------------------------------------------------------------------------------------------------------------------------------------------------------------------------------------------
 Aggregate  (cost=514697.59..514697.60 rows=1 width=8) (actual time=115493.797..115493.806 rows=1 loops=1)
   Buffers: shared hit=11312819 read=570405
   ->  Nested Loop  (cost=5097.74..514697.44 rows=60 width=0) (actual time=13.778..115454.705 rows=160361 loops=1)
         Buffers: shared hit=11312819 read=570405
         ->  Hash Join  (cost=5097.31..514298.91 rows=172 width=4) (actual time=13.705..62571.231 rows=1405083 loops=1)
               Hash Cond: (ci.role_id = rt.id)
               Buffers: shared hit=5789340 read=473552
               ->  Nested Loop  (cost=5096.08..514295.85 rows=516 width=8) (actual time=13.623..61680.248 rows=2325091 loops=1)
                     Buffers: shared hit=5789339 read=473552
                     ->  Nested Loop  (cost=5095.64..512681.01 rows=36 width=12) (actual time=13.597..34639.444 rows=128073 loops=1)
                           Buffers: shared hit=3415631 read=180185
                           ->  Seq Scan on info_type it2  (cost=0.00..2.41 rows=1 width=4) (actual time=0.029..0.041 rows=1 loops=1)
                                 Filter: (id = 6)
                                 Rows Removed by Filter: 112
                                 Buffers: shared hit=1
                           ->  Nested Loop  (cost=5095.64..512678.24 rows=36 width=16) (actual time=13.566..34600.646 rows=128073 loops=1)
                                 Buffers: shared hit=3415630 read=180185
                                 ->  Seq Scan on info_type it1  (cost=0.00..2.41 rows=1 width=4) (actual time=0.011..0.023 rows=1 loops=1)
                                       Filter: (id = 4)
                                       Rows Removed by Filter: 112
                                       Buffers: shared hit=1
                                 ->  Nested Loop  (cost=5095.64..512675.47 rows=36 width=20) (actual time=13.551..34561.549 rows=128073 loops=1)
                                       Buffers: shared hit=3415629 read=180185
                                       ->  Hash Join  (cost=5095.19..454301.30 rows=1353 width=12) (actual time=13.485..15845.372 rows=175401 loops=1)
                                             Hash Cond: (t.kind_id = kt.id)
                                             Buffers: shared hit=1566500 read=45133
                                             ->  Nested Loop  (cost=5094.01..454292.14 rows=1894 width=16) (actual time=13.443..15743.906 rows=175404 loops=1)
                                                   Buffers: shared hit=1566499 read=45133
                                                   ->  Bitmap Heap Scan on movie_info mi2  (cost=5093.57..374663.99 rows=13324 width=8) (actual time=12.895..371.266 rows=404543 loops=1)
                                                         Recheck Cond: (info_type_id = 6)
                                                         Filter: ((info)::text = ANY ('{"4-Track Stereo",Mono,Silent,Stereo}'::text[]))
                                                         Rows Removed by Filter: 69900
                                                         Heap Blocks: exact=3206
                                                         Buffers: shared hit=42 read=3538
                                                         ->  Bitmap Index Scan on info_type_id_movie_info  (cost=0.00..5090.24 rows=475974 width=0) (actual time=12.552..12.552 rows=474443 loops=1)
                                                               Index Cond: (info_type_id = 6)
                                                               Buffers: shared hit=1 read=373
                                                   ->  Memoize  (cost=0.44..6.07 rows=1 width=8) (actual time=0.037..0.037 rows=0 loops=404543)
                                                         Cache Key: mi2.movie_id
                                                         Cache Mode: logical
                                                         Hits: 2530  Misses: 402013  Evictions: 300109  Overflows: 0  Memory Usage: 8193kB
                                                         Buffers: shared hit=1566457 read=41595
                                                         ->  Index Scan using title_pkey on title t  (cost=0.43..6.06 rows=1 width=8) (actual time=0.036..0.036 rows=0 loops=402013)
                                                               Index Cond: (id = mi2.movie_id)
                                                               Filter: ((production_year <= 1975) AND (production_year >= 1925))
                                                               Rows Removed by Filter: 1
                                                               Buffers: shared hit=1566457 read=41595
                                             ->  Hash  (cost=1.11..1.11 rows=5 width=4) (actual time=0.018..0.019 rows=5 loops=1)
                                                   Buckets: 1024  Batches: 1  Memory Usage: 9kB
                                                   Buffers: shared hit=1
                                                   ->  Seq Scan on kind_type kt  (cost=0.00..1.11 rows=5 width=4) (actual time=0.010..0.013 rows=5 loops=1)
                                                         Filter: ((kind)::text = ANY ('{episode,movie,"tv movie","tv series","video movie"}'::text[]))
                                                         Rows Removed by Filter: 2
                                                         Buffers: shared hit=1
                                       ->  Index Scan using movie_id_movie_info on movie_info mi1  (cost=0.46..43.13 rows=1 width=8) (actual time=0.064..0.106 rows=1 loops=175401)
                                             Index Cond: (movie_id = t.id)
                                             Filter: ((info_type_id = 4) AND ((info)::text = ANY ('{Bulgarian,Cantonese,Dutch,English,Filipino,Georgian,Hindi,Hungarian,Italian}'::text[])))
                                             Rows Removed by Filter: 13
                                             Buffers: shared hit=1849129 read=135052
                     ->  Index Scan using movie_id_cast_info on cast_info ci  (cost=0.44..44.48 rows=38 width=12) (actual time=0.037..0.205 rows=18 loops=128073)
                           Index Cond: (movie_id = t.id)
                           Buffers: shared hit=2373708 read=293367
               ->  Hash  (cost=1.18..1.18 rows=4 width=4) (actual time=0.041..0.042 rows=4 loops=1)
                     Buckets: 1024  Batches: 1  Memory Usage: 9kB
                     Buffers: shared hit=1
                     ->  Seq Scan on role_type rt  (cost=0.00..1.18 rows=4 width=4) (actual time=0.025..0.032 rows=4 loops=1)
                           Filter: ((role)::text = ANY ('{actor,director,editor,"miscellaneous crew"}'::text[]))
                           Rows Removed by Filter: 8
                           Buffers: shared hit=1
         ->  Index Scan using name_pkey on name n  (cost=0.43..2.32 rows=1 width=4) (actual time=0.037..0.037 rows=0 loops=1405083)
               Index Cond: (id = ci.person_id)
               Filter: (gender IS NULL)
               Rows Removed by Filter: 1
               Buffers: shared hit=5523479 read=96853
 Planning:
   Buffers: shared hit=577
 Planning Time: 14.305 ms
 Execution Time: 115496.724 ms
(78 rows)

