                                                                                            QUERY PLAN                                                                                            
--------------------------------------------------------------------------------------------------------------------------------------------------------------------------------------------------
 Aggregate  (cost=677634.93..677634.94 rows=1 width=8) (actual time=66907.294..66907.305 rows=1 loops=1)
   Buffers: shared hit=6208461 read=634408, temp read=2494 written=2494
   ->  Nested Loop  (cost=94350.66..677634.52 rows=164 width=0) (actual time=504.745..66899.319 rows=19099 loops=1)
         Buffers: shared hit=6208461 read=634408, temp read=2494 written=2494
         ->  Seq Scan on info_type it2  (cost=0.00..2.41 rows=1 width=4) (actual time=0.027..0.038 rows=1 loops=1)
               Filter: (id = 2)
               Rows Removed by Filter: 112
               Buffers: shared hit=1
         ->  Nested Loop  (cost=94350.66..677630.46 rows=164 width=4) (actual time=504.717..66892.912 rows=19099 loops=1)
               Buffers: shared hit=6208460 read=634408, temp read=2494 written=2494
               ->  Seq Scan on info_type it1  (cost=0.00..2.41 rows=1 width=4) (actual time=0.006..0.020 rows=1 loops=1)
                     Filter: (id = 3)
                     Rows Removed by Filter: 112
                     Buffers: shared hit=1
               ->  Nested Loop  (cost=94350.66..677626.41 rows=164 width=8) (actual time=504.708..66886.471 rows=19099 loops=1)
                     Buffers: shared hit=6208459 read=634408, temp read=2494 written=2494
                     ->  Hash Join  (cost=94350.23..677041.89 rows=252 width=12) (actual time=502.016..64041.100 rows=75674 loops=1)
                           Hash Cond: (ci.role_id = rt.id)
                           Buffers: shared hit=5919138 read=621033, temp read=2494 written=2494
                           ->  Nested Loop  (cost=94349.07..677029.99 rows=3024 width=16) (actual time=501.326..63477.488 rows=3034450 loops=1)
                                 Buffers: shared hit=5919137 read=621033, temp read=2494 written=2494
                                 ->  Nested Loop  (cost=94348.63..667629.02 rows=211 width=20) (actual time=501.117..27826.347 rows=248551 loops=1)
                                       Buffers: shared hit=2559159 read=254631, temp read=2494 written=2494
                                       ->  Hash Join  (cost=94348.19..468069.76 rows=4661 width=12) (actual time=501.059..1849.274 rows=252397 loops=1)
                                             Hash Cond: (mi1.movie_id = t.id)
                                             Buffers: shared hit=4772 read=42595, temp read=2494 written=2494
                                             ->  Bitmap Heap Scan on movie_info mi1  (cost=16471.05..389807.73 rows=90205 width=8) (actual time=39.434..670.651 rows=893575 loops=1)
                                                   Recheck Cond: (info_type_id = 3)
                                                   Filter: ((info)::text = ANY ('{Action,Animation,Crime,Drama,Fantasy,Game-Show,History,Mystery,Romance,Short,Thriller,Western}'::text[]))
                                                   Rows Removed by Filter: 640334
                                                   Heap Blocks: exact=9772
                                                   Buffers: shared hit=292 read=10683
                                                   ->  Bitmap Index Scan on info_type_id_movie_info  (cost=0.00..16448.47 rows=1538671 width=0) (actual time=38.245..38.245 rows=1533909 loops=1)
                                                         Index Cond: (info_type_id = 3)
                                                         Buffers: shared read=1203
                                             ->  Hash  (cost=76244.08..76244.08 rows=130645 width=4) (actual time=461.008..461.012 rows=264090 loops=1)
                                                   Buckets: 262144 (originally 131072)  Batches: 2 (originally 1)  Memory Usage: 6699kB
                                                   Buffers: shared hit=4480 read=31912, temp written=386
                                                   ->  Hash Join  (cost=1.11..76244.08 rows=130645 width=4) (actual time=0.130..411.051 rows=264090 loops=1)
                                                         Hash Cond: (t.kind_id = kt.id)
                                                         Buffers: shared hit=4480 read=31912
                                                         ->  Seq Scan on title t  (cost=0.00..74315.95 rows=457258 width=8) (actual time=0.026..368.656 rows=451569 loops=1)
                                                               Filter: ((production_year <= 1975) AND (production_year >= 1875))
                                                               Rows Removed by Filter: 2076743
                                                               Buffers: shared hit=4479 read=31912
                                                         ->  Hash  (cost=1.09..1.09 rows=2 width=4) (actual time=0.014..0.015 rows=2 loops=1)
                                                               Buckets: 1024  Batches: 1  Memory Usage: 9kB
                                                               Buffers: shared hit=1
                                                               ->  Seq Scan on kind_type kt  (cost=0.00..1.09 rows=2 width=4) (actual time=0.008..0.009 rows=2 loops=1)
                                                                     Filter: ((kind)::text = ANY ('{movie,"tv series"}'::text[]))
                                                                     Rows Removed by Filter: 5
                                                                     Buffers: shared hit=1
                                       ->  Index Scan using movie_id_movie_info on movie_info mi2  (cost=0.43..42.80 rows=1 width=8) (actual time=0.084..0.102 rows=1 loops=252397)
                                             Index Cond: (movie_id = t.id)
                                             Filter: (((info)::text = ANY ('{"Black and White",Color}'::text[])) AND (info_type_id = 2))
                                             Rows Removed by Filter: 13
                                             Buffers: shared hit=2554387 read=212036
                                 ->  Index Scan using movie_id_cast_info on cast_info ci  (cost=0.44..44.17 rows=38 width=12) (actual time=0.035..0.139 rows=12 loops=248551)
                                       Index Cond: (movie_id = t.id)
                                       Buffers: shared hit=3359978 read=366402
                           ->  Hash  (cost=1.15..1.15 rows=1 width=4) (actual time=0.012..0.013 rows=1 loops=1)
                                 Buckets: 1024  Batches: 1  Memory Usage: 9kB
                                 Buffers: shared hit=1
                                 ->  Seq Scan on role_type rt  (cost=0.00..1.15 rows=1 width=4) (actual time=0.007..0.008 rows=1 loops=1)
                                       Filter: ((role)::text = 'editor'::text)
                                       Rows Removed by Filter: 11
                                       Buffers: shared hit=1
                     ->  Index Scan using name_pkey on name n  (cost=0.43..2.32 rows=1 width=4) (actual time=0.037..0.037 rows=0 loops=75674)
                           Index Cond: (id = ci.person_id)
                           Filter: ((gender)::text = ANY ('{f,m}'::text[]))
                           Rows Removed by Filter: 1
                           Buffers: shared hit=289321 read=13375
 Planning:
   Buffers: shared hit=486 read=91
 Planning Time: 9.893 ms
 Execution Time: 66907.820 ms
(76 rows)

