                                                                                            QUERY PLAN                                                                                            
--------------------------------------------------------------------------------------------------------------------------------------------------------------------------------------------------
 Aggregate  (cost=640595.62..640595.63 rows=1 width=8) (actual time=24858.306..24858.316 rows=1 loops=1)
   Buffers: shared hit=2279384 read=245348, temp read=1706 written=1706
   ->  Nested Loop  (cost=94749.65..640595.14 rows=192 width=0) (actual time=537.449..24811.499 rows=286760 loops=1)
         Buffers: shared hit=2279384 read=245348, temp read=1706 written=1706
         ->  Hash Join  (cost=94749.22..639913.20 rows=294 width=4) (actual time=537.413..12836.371 rows=330202 loops=1)
               Hash Cond: (ci.role_id = rt.id)
               Buffers: shared hit=998091 read=205833, temp read=1706 written=1706
               ->  Nested Loop  (cost=94748.01..639907.82 rows=1175 width=8) (actual time=537.350..12656.565 rows=556150 loops=1)
                     Buffers: shared hit=998090 read=205833, temp read=1706 written=1706
                     ->  Nested Loop  (cost=94747.57..636254.37 rows=82 width=12) (actual time=537.324..5950.869 rows=45799 loops=1)
                           Buffers: shared hit=408277 read=111866, temp read=1706 written=1706
                           ->  Seq Scan on info_type it2  (cost=0.00..2.41 rows=1 width=4) (actual time=0.025..0.036 rows=1 loops=1)
                                 Filter: (id = 8)
                                 Rows Removed by Filter: 112
                                 Buffers: shared hit=1
                           ->  Nested Loop  (cost=94747.57..636251.13 rows=82 width=16) (actual time=537.298..5938.826 rows=45799 loops=1)
                                 Buffers: shared hit=408276 read=111866, temp read=1706 written=1706
                                 ->  Seq Scan on info_type it1  (cost=0.00..2.41 rows=1 width=4) (actual time=0.012..0.027 rows=1 loops=1)
                                       Filter: (id = 2)
                                       Rows Removed by Filter: 112
                                       Buffers: shared hit=1
                                 ->  Nested Loop  (cost=94747.57..636247.90 rows=82 width=20) (actual time=537.283..5926.606 rows=45799 loops=1)
                                       Buffers: shared hit=408275 read=111866, temp read=1706 written=1706
                                       ->  Hash Join  (cost=94747.14..558924.57 rows=1806 width=12) (actual time=537.235..1328.002 rows=52221 loops=1)
                                             Hash Cond: (mi2.movie_id = t.id)
                                             Buffers: shared hit=3622 read=41663, temp read=1706 written=1706
                                             ->  Bitmap Heap Scan on movie_info mi2  (cost=14215.89..477150.74 rows=17473 width=8) (actual time=36.812..626.503 rows=192768 loops=1)
                                                   Recheck Cond: (info_type_id = 8)
                                                   Filter: ((info)::text = ANY ('{Argentina,Australia,Austria,Denmark,"East Germany",France,"Hong Kong",India,Philippines,Yugoslavia}'::text[]))
                                                   Rows Removed by Filter: 1132593
                                                   Heap Blocks: exact=7853
                                                   Buffers: shared hit=3621 read=5272
                                                   ->  Bitmap Index Scan on info_type_id_movie_info  (cost=0.00..14211.52 rows=1329478 width=0) (actual time=35.820..35.820 rows=1325361 loops=1)
                                                         Index Cond: (info_type_id = 8)
                                                         Buffers: shared read=1040
                                             ->  Hash  (cost=76244.13..76244.13 rows=261290 width=4) (actual time=499.223..499.227 rows=433679 loops=1)
                                                   Buckets: 262144 (originally 262144)  Batches: 4 (originally 2)  Memory Usage: 6145kB
                                                   Buffers: shared hit=1 read=36391, temp written=952
                                                   ->  Hash Join  (cost=1.16..76244.13 rows=261290 width=4) (actual time=0.047..421.632 rows=433679 loops=1)
                                                         Hash Cond: (t.kind_id = kt.id)
                                                         Buffers: shared hit=1 read=36391
                                                         ->  Seq Scan on title t  (cost=0.00..74315.95 rows=457258 width=8) (actual time=0.025..369.365 rows=451569 loops=1)
                                                               Filter: ((production_year <= 1975) AND (production_year >= 1875))
                                                               Rows Removed by Filter: 2076743
                                                               Buffers: shared read=36391
                                                         ->  Hash  (cost=1.10..1.10 rows=4 width=4) (actual time=0.016..0.017 rows=4 loops=1)
                                                               Buckets: 1024  Batches: 1  Memory Usage: 9kB
                                                               Buffers: shared hit=1
                                                               ->  Seq Scan on kind_type kt  (cost=0.00..1.10 rows=4 width=4) (actual time=0.008..0.009 rows=4 loops=1)
                                                                     Filter: ((kind)::text = ANY ('{episode,movie,"tv series","video movie"}'::text[]))
                                                                     Rows Removed by Filter: 3
                                                                     Buffers: shared hit=1
                                       ->  Index Scan using movie_id_movie_info on movie_info mi1  (cost=0.43..42.80 rows=1 width=8) (actual time=0.072..0.087 rows=1 loops=52221)
                                             Index Cond: (movie_id = t.id)
                                             Filter: (((info)::text = ANY ('{"Black and White",Color}'::text[])) AND (info_type_id = 2))
                                             Rows Removed by Filter: 8
                                             Buffers: shared hit=404653 read=70203
                     ->  Index Scan using movie_id_cast_info on cast_info ci  (cost=0.44..44.17 rows=38 width=12) (actual time=0.034..0.143 rows=12 loops=45799)
                           Index Cond: (movie_id = t.id)
                           Buffers: shared hit=589813 read=93967
               ->  Hash  (cost=1.17..1.17 rows=3 width=4) (actual time=0.037..0.038 rows=3 loops=1)
                     Buckets: 1024  Batches: 1  Memory Usage: 9kB
                     Buffers: shared hit=1
                     ->  Seq Scan on role_type rt  (cost=0.00..1.17 rows=3 width=4) (actual time=0.026..0.030 rows=3 loops=1)
                           Filter: ((role)::text = ANY ('{actor,director,writer}'::text[]))
                           Rows Removed by Filter: 9
                           Buffers: shared hit=1
         ->  Index Scan using name_pkey on name n  (cost=0.43..2.32 rows=1 width=4) (actual time=0.036..0.036 rows=1 loops=330202)
               Index Cond: (id = ci.person_id)
               Filter: ((gender)::text = ANY ('{f,m}'::text[]))
               Rows Removed by Filter: 0
               Buffers: shared hit=1281293 read=39515
 Planning:
   Buffers: shared hit=482 read=92
 Planning Time: 14.120 ms
 Execution Time: 24858.954 ms
(76 rows)

