                                                                                             QUERY PLAN                                                                                              
-----------------------------------------------------------------------------------------------------------------------------------------------------------------------------------------------------
 Aggregate  (cost=343437.37..343437.38 rows=1 width=8) (actual time=567.086..567.093 rows=1 loops=1)
   Buffers: shared hit=25805 read=29938
   ->  Nested Loop  (cost=3725.45..343437.37 rows=1 width=0) (actual time=15.465..566.998 rows=348 loops=1)
         Buffers: shared hit=25805 read=29938
         ->  Hash Join  (cost=3725.02..343435.05 rows=1 width=4) (actual time=15.424..554.967 rows=403 loops=1)
               Hash Cond: (ci.role_id = rt.id)
               Buffers: shared hit=24627 read=29504
               ->  Nested Loop  (cost=3723.86..343433.84 rows=14 width=8) (actual time=14.948..552.786 rows=18080 loops=1)
                     Buffers: shared hit=24626 read=29504
                     ->  Nested Loop  (cost=3723.42..343389.48 rows=1 width=12) (actual time=14.907..336.973 rows=1122 loops=1)
                           Buffers: shared hit=13567 read=19392
                           ->  Nested Loop  (cost=3723.42..343387.06 rows=1 width=16) (actual time=14.901..324.773 rows=1122 loops=1)
                                 Buffers: shared hit=12445 read=19392
                                 ->  Nested Loop  (cost=3723.42..343384.63 rows=1 width=20) (actual time=14.883..310.146 rows=1122 loops=1)
                                       Buffers: shared hit=11323 read=19392
                                       ->  Nested Loop  (cost=3723.29..343384.47 rows=1 width=24) (actual time=14.870..295.360 rows=1122 loops=1)
                                             Buffers: shared hit=9079 read=19392
                                             ->  Nested Loop  (cost=3722.85..343299.10 rows=2 width=16) (actual time=14.795..183.428 rows=1129 loops=1)
                                                   Buffers: shared hit=3939 read=12569
                                                   ->  Bitmap Heap Scan on movie_info mi1  (cost=3722.42..343223.03 rows=9 width=8) (actual time=14.398..136.002 rows=1323 loops=1)
                                                         Recheck Cond: (info_type_id = 17)
                                                         Filter: ((info)::text = 'Last show of the series.'::text)
                                                         Rows Removed by Filter: 366895
                                                         Heap Blocks: exact=10925
                                                         Buffers: shared hit=989 read=10227
                                                         ->  Bitmap Index Scan on info_type_id_movie_info  (cost=0.00..3722.42 rows=347998 width=0) (actual time=12.791..12.792 rows=368218 loops=1)
                                                               Index Cond: (info_type_id = 17)
                                                               Buffers: shared read=291
                                                   ->  Index Scan using title_pkey on title t  (cost=0.43..8.45 rows=1 width=8) (actual time=0.035..0.035 rows=1 loops=1323)
                                                         Index Cond: (id = mi1.movie_id)
                                                         Filter: ((production_year <= 1990) AND (production_year >= 1950))
                                                         Rows Removed by Filter: 0
                                                         Buffers: shared hit=2950 read=2342
                                             ->  Index Scan using movie_id_movie_info on movie_info mi2  (cost=0.43..42.67 rows=1 width=8) (actual time=0.090..0.099 rows=1 loops=1129)
                                                   Index Cond: (movie_id = t.id)
                                                   Filter: (((info)::text = ANY ('{"Black and White",Color}'::text[])) AND (info_type_id = 2))
                                                   Rows Removed by Filter: 9
                                                   Buffers: shared hit=5140 read=6823
                                       ->  Index Scan using kind_type_pkey on kind_type kt  (cost=0.13..0.16 rows=1 width=4) (actual time=0.013..0.013 rows=1 loops=1122)
                                             Index Cond: (id = t.kind_id)
                                             Filter: ((kind)::text = ANY ('{episode,movie,"tv movie","tv series","video game","video movie"}'::text[]))
                                             Buffers: shared hit=2244
                                 ->  Seq Scan on info_type it1  (cost=0.00..2.41 rows=1 width=4) (actual time=0.008..0.012 rows=1 loops=1122)
                                       Filter: (id = 17)
                                       Rows Removed by Filter: 112
                                       Buffers: shared hit=1122
                           ->  Seq Scan on info_type it2  (cost=0.00..2.41 rows=1 width=4) (actual time=0.005..0.010 rows=1 loops=1122)
                                 Filter: (id = 2)
                                 Rows Removed by Filter: 112
                                 Buffers: shared hit=1122
                     ->  Index Scan using movie_id_cast_info on cast_info ci  (cost=0.44..43.98 rows=38 width=12) (actual time=0.031..0.189 rows=16 loops=1122)
                           Index Cond: (movie_id = t.id)
                           Buffers: shared hit=11059 read=10112
               ->  Hash  (cost=1.15..1.15 rows=1 width=4) (actual time=0.030..0.031 rows=1 loops=1)
                     Buckets: 1024  Batches: 1  Memory Usage: 9kB
                     Buffers: shared hit=1
                     ->  Seq Scan on role_type rt  (cost=0.00..1.15 rows=1 width=4) (actual time=0.024..0.025 rows=1 loops=1)
                           Filter: ((role)::text = 'editor'::text)
                           Rows Removed by Filter: 11
                           Buffers: shared hit=1
         ->  Index Scan using name_pkey on name n  (cost=0.43..2.32 rows=1 width=4) (actual time=0.029..0.029 rows=1 loops=403)
               Index Cond: (id = ci.person_id)
               Filter: (((gender)::text = 'f'::text) OR (gender IS NULL))
               Rows Removed by Filter: 0
               Buffers: shared hit=1178 read=434
 Planning:
   Buffers: shared hit=483 read=91
 Planning Time: 13.220 ms
 Execution Time: 567.578 ms
(69 rows)

