                                                                                               QUERY PLAN                                                                                                
---------------------------------------------------------------------------------------------------------------------------------------------------------------------------------------------------------
 Aggregate  (cost=362787.29..362787.30 rows=1 width=8) (actual time=3243.349..3243.354 rows=1 loops=1)
   Buffers: shared hit=224293 read=111773
   ->  Nested Loop  (cost=2.17..362787.29 rows=1 width=0) (actual time=0.869..3241.220 rows=18775 loops=1)
         Buffers: shared hit=224293 read=111773
         ->  Nested Loop  (cost=1.74..362778.01 rows=4 width=4) (actual time=0.809..2643.369 rows=19736 loops=1)
               Join Filter: (ci.role_id = rt.id)
               Rows Removed by Join Filter: 269784
               Buffers: shared hit=156500 read=100622
               ->  Nested Loop  (cost=1.74..362776.23 rows=14 width=8) (actual time=0.765..2583.333 rows=109306 loops=1)
                     Buffers: shared hit=156499 read=100622
                     ->  Nested Loop  (cost=1.30..362732.57 rows=1 width=12) (actual time=0.714..1333.984 rows=7076 loops=1)
                           Buffers: shared hit=92375 read=37974
                           ->  Nested Loop  (cost=1.30..362730.15 rows=1 width=16) (actual time=0.700..1230.616 rows=7076 loops=1)
                                 Buffers: shared hit=85299 read=37974
                                 ->  Nested Loop  (cost=1.30..362727.73 rows=1 width=20) (actual time=0.684..1122.549 rows=7076 loops=1)
                                       Buffers: shared hit=78223 read=37974
                                       ->  Nested Loop  (cost=0.86..362010.18 rows=17 width=12) (actual time=0.401..329.313 rows=6799 loops=1)
                                             Join Filter: (t.kind_id = kt.id)
                                             Rows Removed by Join Filter: 3823
                                             Buffers: shared hit=30026 read=3592
                                             ->  Nested Loop  (cost=0.86..362007.40 rows=24 width=16) (actual time=0.382..326.007 rows=7105 loops=1)
                                                   Buffers: shared hit=30025 read=3592
                                                   ->  Index Scan using info_type_id_movie_info on movie_info mi2  (cost=0.43..361787.64 rows=26 width=8) (actual time=0.315..105.613 rows=7136 loops=1)
                                                         Index Cond: (info_type_id = 105)
                                                         Filter: ((info)::text = ANY ('{"$12,000","$25,000","$30,000","$8,000","£1,000","£10,000","€ 10,000","€ 5,000"}'::text[]))
                                                         Rows Removed by Filter: 114727
                                                         Buffers: shared hit=4390 read=683
                                                   ->  Index Scan using title_pkey on title t  (cost=0.43..8.45 rows=1 width=8) (actual time=0.030..0.030 rows=1 loops=7136)
                                                         Index Cond: (id = mi2.movie_id)
                                                         Filter: ((production_year <= 2015) AND (production_year >= 1925))
                                                         Rows Removed by Filter: 0
                                                         Buffers: shared hit=25635 read=2909
                                             ->  Materialize  (cost=0.00..1.14 rows=5 width=4) (actual time=0.000..0.000 rows=1 loops=7105)
                                                   Buffers: shared hit=1
                                                   ->  Seq Scan on kind_type kt  (cost=0.00..1.11 rows=5 width=4) (actual time=0.011..0.015 rows=5 loops=1)
                                                         Filter: ((kind)::text = ANY ('{episode,movie,"tv series","video game","video movie"}'::text[]))
                                                         Rows Removed by Filter: 2
                                                         Buffers: shared hit=1
                                       ->  Index Scan using movie_id_movie_info on movie_info mi1  (cost=0.43..42.20 rows=1 width=8) (actual time=0.096..0.116 rows=1 loops=6799)
                                             Index Cond: (movie_id = t.id)
                                             Filter: (((info)::text = ANY ('{"Black and White",Color}'::text[])) AND (info_type_id = 2))
                                             Rows Removed by Filter: 11
                                             Buffers: shared hit=48197 read=34382
                                 ->  Seq Scan on info_type it1  (cost=0.00..2.41 rows=1 width=4) (actual time=0.008..0.014 rows=1 loops=7076)
                                       Filter: (id = 2)
                                       Rows Removed by Filter: 112
                                       Buffers: shared hit=7076
                           ->  Seq Scan on info_type it2  (cost=0.00..2.41 rows=1 width=4) (actual time=0.013..0.013 rows=1 loops=7076)
                                 Filter: (id = 105)
                                 Rows Removed by Filter: 112
                                 Buffers: shared hit=7076
                     ->  Index Scan using movie_id_cast_info on cast_info ci  (cost=0.44..43.28 rows=38 width=12) (actual time=0.035..0.173 rows=15 loops=7076)
                           Index Cond: (movie_id = t.id)
                           Buffers: shared hit=64124 read=62648
               ->  Materialize  (cost=0.00..1.18 rows=3 width=4) (actual time=0.000..0.000 rows=3 loops=109306)
                     Buffers: shared hit=1
                     ->  Seq Scan on role_type rt  (cost=0.00..1.17 rows=3 width=4) (actual time=0.007..0.009 rows=3 loops=1)
                           Filter: ((role)::text = ANY ('{actress,guest,"production designer"}'::text[]))
                           Rows Removed by Filter: 9
                           Buffers: shared hit=1
         ->  Index Scan using name_pkey on name n  (cost=0.43..2.32 rows=1 width=4) (actual time=0.030..0.030 rows=1 loops=19736)
               Index Cond: (id = ci.person_id)
               Filter: ((gender)::text = 'f'::text)
               Rows Removed by Filter: 0
               Buffers: shared hit=67793 read=11151
 Planning:
   Buffers: shared hit=574
 Planning Time: 12.391 ms
 Execution Time: 3243.799 ms
(69 rows)

