                                                                                               QUERY PLAN                                                                                               
--------------------------------------------------------------------------------------------------------------------------------------------------------------------------------------------------------
 Aggregate  (cost=402233.05..402233.06 rows=1 width=8) (actual time=1154.865..1154.872 rows=1 loops=1)
   Buffers: shared hit=98445 read=15679
   ->  Nested Loop  (cost=13059.52..402233.05 rows=2 width=0) (actual time=325.908..1154.854 rows=15 loops=1)
         Buffers: shared hit=98445 read=15679
         ->  Hash Join  (cost=13059.09..402223.77 rows=4 width=4) (actual time=325.865..1154.273 rows=22 loops=1)
               Hash Cond: (ci.role_id = rt.id)
               Buffers: shared hit=98380 read=15656
               ->  Nested Loop  (cost=13057.89..402222.52 rows=14 width=8) (actual time=61.744..1154.155 rows=199 loops=1)
                     Buffers: shared hit=98379 read=15656
                     ->  Nested Loop  (cost=13057.45..402177.66 rows=1 width=12) (actual time=61.700..1149.999 rows=24 loops=1)
                           Buffers: shared hit=98226 read=15538
                           ->  Nested Loop  (cost=13057.45..402175.24 rows=1 width=16) (actual time=61.691..1149.670 rows=24 loops=1)
                                 Buffers: shared hit=98202 read=15538
                                 ->  Nested Loop  (cost=13057.45..402172.82 rows=1 width=20) (actual time=61.672..1149.265 rows=24 loops=1)
                                       Buffers: shared hit=98178 read=15538
                                       ->  Hash Join  (cost=13056.99..401611.94 rows=13 width=12) (actual time=39.819..1144.147 rows=65 loops=1)
                                             Hash Cond: (t.kind_id = kt.id)
                                             Buffers: shared hit=97881 read=15312
                                             ->  Nested Loop  (cost=13055.84..401610.70 rows=22 width=16) (actual time=39.774..1142.493 rows=9291 loops=1)
                                                   Buffers: shared hit=97880 read=15312
                                                   ->  Bitmap Heap Scan on movie_info mi2  (cost=13055.41..400296.11 rows=156 width=8) (actual time=39.410..408.986 rows=25945 loops=1)
                                                         Recheck Cond: (info_type_id = 4)
                                                         Filter: ((info)::text = ANY ('{Albanian,Arabic,Tagalog,Telugu,Turkish}'::text[]))
                                                         Rows Removed by Filter: 1273044
                                                         Heap Blocks: exact=8393
                                                         Buffers: shared hit=3456 read=5956
                                                         ->  Bitmap Index Scan on info_type_id_movie_info  (cost=0.00..13055.37 rows=1221191 width=0) (actual time=37.047..37.047 rows=1298989 loops=1)
                                                               Index Cond: (info_type_id = 4)
                                                               Buffers: shared read=1019
                                                   ->  Index Scan using title_pkey on title t  (cost=0.43..8.43 rows=1 width=8) (actual time=0.028..0.028 rows=0 loops=25945)
                                                         Index Cond: (id = mi2.movie_id)
                                                         Filter: ((production_year <= 1975) AND (production_year >= 1925))
                                                         Rows Removed by Filter: 1
                                                         Buffers: shared hit=94424 read=9356
                                             ->  Hash  (cost=1.10..1.10 rows=4 width=4) (actual time=0.018..0.019 rows=4 loops=1)
                                                   Buckets: 1024  Batches: 1  Memory Usage: 9kB
                                                   Buffers: shared hit=1
                                                   ->  Seq Scan on kind_type kt  (cost=0.00..1.10 rows=4 width=4) (actual time=0.009..0.011 rows=4 loops=1)
                                                         Filter: ((kind)::text = ANY ('{episode,"tv movie","tv series","video movie"}'::text[]))
                                                         Rows Removed by Filter: 3
                                                         Buffers: shared hit=1
                                       ->  Index Scan using movie_id_movie_info on movie_info mi1  (cost=0.46..43.13 rows=1 width=8) (actual time=0.077..0.077 rows=0 loops=65)
                                             Index Cond: (movie_id = t.id)
                                             Filter: ((info_type_id = 3) AND ((info)::text = ANY ('{Adult,Animation,Biography,Crime,Drama,Fantasy,Horror,News,Western}'::text[])))
                                             Rows Removed by Filter: 16
                                             Buffers: shared hit=297 read=226
                                 ->  Seq Scan on info_type it1  (cost=0.00..2.41 rows=1 width=4) (actual time=0.007..0.013 rows=1 loops=24)
                                       Filter: (id = 3)
                                       Rows Removed by Filter: 112
                                       Buffers: shared hit=24
                           ->  Seq Scan on info_type it2  (cost=0.00..2.41 rows=1 width=4) (actual time=0.005..0.012 rows=1 loops=24)
                                 Filter: (id = 4)
                                 Rows Removed by Filter: 112
                                 Buffers: shared hit=24
                     ->  Index Scan using movie_id_cast_info on cast_info ci  (cost=0.44..44.48 rows=38 width=12) (actual time=0.029..0.169 rows=8 loops=24)
                           Index Cond: (movie_id = t.id)
                           Buffers: shared hit=153 read=118
               ->  Hash  (cost=1.17..1.17 rows=3 width=4) (actual time=0.037..0.038 rows=3 loops=1)
                     Buckets: 1024  Batches: 1  Memory Usage: 9kB
                     Buffers: shared hit=1
                     ->  Seq Scan on role_type rt  (cost=0.00..1.17 rows=3 width=4) (actual time=0.028..0.031 rows=3 loops=1)
                           Filter: ((role)::text = ANY ('{cinematographer,"miscellaneous crew",producer}'::text[]))
                           Rows Removed by Filter: 9
                           Buffers: shared hit=1
         ->  Index Scan using name_pkey on name n  (cost=0.43..2.32 rows=1 width=4) (actual time=0.025..0.025 rows=1 loops=22)
               Index Cond: (id = ci.person_id)
               Filter: (((gender)::text = 'f'::text) OR (gender IS NULL))
               Rows Removed by Filter: 0
               Buffers: shared hit=65 read=23
 Planning:
   Buffers: shared hit=576 read=1
 Planning Time: 13.980 ms
 Execution Time: 1155.404 ms
(73 rows)

