                                                                                                        QUERY PLAN                                                                                                        
--------------------------------------------------------------------------------------------------------------------------------------------------------------------------------------------------------------------------
 Aggregate  (cost=410625.99..410626.00 rows=1 width=8) (actual time=21398.292..21398.302 rows=1 loops=1)
   Buffers: shared hit=1971844 read=106516
   ->  Nested Loop  (cost=8155.64..410625.92 rows=26 width=0) (actual time=25.286..21359.303 rows=209517 loops=1)
         Buffers: shared hit=1971844 read=106516
         ->  Hash Join  (cost=8155.21..410528.50 rows=42 width=4) (actual time=25.240..13114.156 rows=210315 loops=1)
               Hash Cond: (ci.role_id = rt.id)
               Buffers: shared hit=1151702 read=85398
               ->  Nested Loop  (cost=8153.95..410526.89 rows=100 width=8) (actual time=25.171..12966.405 rows=420968 loops=1)
                     Buffers: shared hit=1151701 read=85398
                     ->  Nested Loop  (cost=8153.51..410215.01 rows=7 width=12) (actual time=25.134..7689.614 rows=31990 loops=1)
                           Buffers: shared hit=680794 read=48614
                           ->  Seq Scan on info_type it2  (cost=0.00..2.41 rows=1 width=4) (actual time=0.022..0.037 rows=1 loops=1)
                                 Filter: (id = 4)
                                 Rows Removed by Filter: 112
                                 Buffers: shared hit=1
                           ->  Nested Loop  (cost=8153.51..410212.53 rows=7 width=16) (actual time=25.110..7680.703 rows=31990 loops=1)
                                 Buffers: shared hit=680793 read=48614
                                 ->  Seq Scan on info_type it1  (cost=0.00..2.41 rows=1 width=4) (actual time=0.008..0.025 rows=1 loops=1)
                                       Filter: (id = 1)
                                       Rows Removed by Filter: 112
                                       Buffers: shared hit=1
                                 ->  Nested Loop  (cost=8153.51..410210.05 rows=7 width=20) (actual time=25.100..7671.812 rows=31990 loops=1)
                                       Buffers: shared hit=680792 read=48614
                                       ->  Hash Join  (cost=8153.08..400698.95 rows=219 width=12) (actual time=25.020..4430.996 rows=32220 loops=1)
                                             Hash Cond: (t.kind_id = kt.id)
                                             Buffers: shared hit=361565 read=32308
                                             ->  Nested Loop  (cost=8151.95..400695.66 rows=512 width=16) (actual time=24.482..4409.120 rows=41412 loops=1)
                                                   Buffers: shared hit=361564 read=32308
                                                   ->  Bitmap Heap Scan on movie_info mi1  (cost=8151.51..378737.21 rows=2831 width=8) (actual time=23.751..366.870 rows=97918 loops=1)
                                                         Recheck Cond: (info_type_id = 1)
                                                         Filter: ((info)::text = ANY ('{13,28,30,5,58,59,69,86,95,Argentina:30,USA:15,USA:20,USA:7}'::text[]))
                                                         Rows Removed by Filter: 704222
                                                         Heap Blocks: exact=4993
                                                         Buffers: shared hit=426 read=5198
                                                         ->  Bitmap Index Scan on info_type_id_movie_info  (cost=0.00..8150.77 rows=762444 width=0) (actual time=23.099..23.099 rows=802140 loops=1)
                                                               Index Cond: (info_type_id = 1)
                                                               Buffers: shared hit=1 read=630
                                                   ->  Memoize  (cost=0.44..7.77 rows=1 width=8) (actual time=0.041..0.041 rows=0 loops=97918)
                                                         Cache Key: mi1.movie_id
                                                         Cache Mode: logical
                                                         Hits: 856  Misses: 97062  Evictions: 0  Overflows: 0  Memory Usage: 8043kB
                                                         Buffers: shared hit=361138 read=27110
                                                         ->  Index Scan using title_pkey on title t  (cost=0.43..7.76 rows=1 width=8) (actual time=0.040..0.040 rows=0 loops=97062)
                                                               Index Cond: (id = mi1.movie_id)
                                                               Filter: ((production_year <= 1975) AND (production_year >= 1875))
                                                               Rows Removed by Filter: 1
                                                               Buffers: shared hit=361138 read=27110
                                             ->  Hash  (cost=1.10..1.10 rows=3 width=4) (actual time=0.015..0.016 rows=3 loops=1)
                                                   Buckets: 1024  Batches: 1  Memory Usage: 9kB
                                                   Buffers: shared hit=1
                                                   ->  Seq Scan on kind_type kt  (cost=0.00..1.10 rows=3 width=4) (actual time=0.009..0.011 rows=3 loops=1)
                                                         Filter: ((kind)::text = ANY ('{episode,"tv series","video movie"}'::text[]))
                                                         Rows Removed by Filter: 4
                                                         Buffers: shared hit=1
                                       ->  Index Scan using movie_id_movie_info on movie_info mi2  (cost=0.43..43.42 rows=1 width=8) (actual time=0.067..0.100 rows=1 loops=32220)
                                             Index Cond: (movie_id = t.id)
                                             Filter: ((info_type_id = 4) AND ((info)::text = ANY ('{Czech,Dutch,English,Finnish,French,German,Greek,Hindi,Mandarin,Polish,Portuguese,Russian,Spanish,Turkish}'::text[])))
                                             Rows Removed by Filter: 9
                                             Buffers: shared hit=319227 read=16306
                     ->  Index Scan using movie_id_cast_info on cast_info ci  (cost=0.44..44.17 rows=38 width=12) (actual time=0.039..0.160 rows=13 loops=31990)
                           Index Cond: (movie_id = t.id)
                           Buffers: shared hit=470907 read=36784
               ->  Hash  (cost=1.20..1.20 rows=5 width=4) (actual time=0.044..0.045 rows=5 loops=1)
                     Buckets: 1024  Batches: 1  Memory Usage: 9kB
                     Buffers: shared hit=1
                     ->  Seq Scan on role_type rt  (cost=0.00..1.20 rows=5 width=4) (actual time=0.032..0.037 rows=5 loops=1)
                           Filter: ((role)::text = ANY ('{actor,composer,"costume designer","miscellaneous crew","production designer"}'::text[]))
                           Rows Removed by Filter: 7
                           Buffers: shared hit=1
         ->  Index Scan using name_pkey on name n  (cost=0.43..2.32 rows=1 width=4) (actual time=0.038..0.038 rows=1 loops=210315)
               Index Cond: (id = ci.person_id)
               Filter: (((gender)::text = 'm'::text) OR (gender IS NULL))
               Rows Removed by Filter: 0
               Buffers: shared hit=820142 read=21118
 Planning:
   Buffers: shared hit=577
 Planning Time: 13.066 ms
 Execution Time: 21400.219 ms
(78 rows)

