                                                                                                                                                                                                                                                  QUERY PLAN                                                                                                                                                                                                                                                   
---------------------------------------------------------------------------------------------------------------------------------------------------------------------------------------------------------------------------------------------------------------------------------------------------------------------------------------------------------------------------------------------------------------------------------------------------------------------------------------------------------------
 Aggregate  (cost=449410.21..449410.22 rows=1 width=8) (actual time=6434.809..6434.815 rows=1 loops=1)
   Buffers: shared hit=508656 read=154276
   ->  Nested Loop  (cost=15875.02..449410.20 rows=1 width=0) (actual time=123.093..6433.370 rows=7594 loops=1)
         Buffers: shared hit=508656 read=154276
         ->  Hash Join  (cost=15874.59..449396.29 rows=6 width=4) (actual time=123.005..5473.743 rows=26271 loops=1)
               Hash Cond: (ci.role_id = rt.id)
               Buffers: shared hit=421351 read=136497
               ->  Nested Loop  (cost=15873.33..449394.98 rows=14 width=8) (actual time=122.941..5460.415 rows=51503 loops=1)
                     Buffers: shared hit=421350 read=136497
                     ->  Nested Loop  (cost=15872.89..449351.28 rows=1 width=12) (actual time=122.895..4853.027 rows=913 loops=1)
                           Buffers: shared hit=400440 read=104501
                           ->  Nested Loop  (cost=15872.89..449348.86 rows=1 width=16) (actual time=122.888..4834.650 rows=913 loops=1)
                                 Buffers: shared hit=399527 read=104501
                                 ->  Nested Loop  (cost=15872.89..449346.44 rows=1 width=20) (actual time=122.866..4816.266 rows=913 loops=1)
                                       Buffers: shared hit=398614 read=104501
                                       ->  Hash Join  (cost=15872.46..402026.42 rows=1107 width=12) (actual time=39.831..1435.218 rows=24954 loops=1)
                                             Hash Cond: (t.kind_id = kt.id)
                                             Buffers: shared hit=125209 read=12357
                                             ->  Nested Loop  (cost=15871.26..402019.77 rows=1292 width=16) (actual time=39.776..1424.674 rows=24954 loops=1)
                                                   Buffers: shared hit=125208 read=12357
                                                   ->  Bitmap Heap Scan on movie_info mi1  (cost=15870.83..389015.62 rows=1618 width=8) (actual time=39.744..423.224 rows=31604 loops=1)
                                                         Recheck Cond: (info_type_id = 7)
                                                         Filter: ((info)::text = ANY ('{"CAM:Arriflex Cameras and Lenses","CAM:Canon 5D Mark II","CAM:Panasonic AG-DVX100","CAM:Panavision Panaflex Platinum, Panavision Primo Lenses","LAB:Cinecolor S.A., Buenos Aires, Argentina",LAB:DeLuxe,"LAB:DeLuxe, Hollywood (CA), USA","LAB:Fotofilm S.A., Madrid, Spain","LAB:Laboratoires Ã‰clair, Paris, France","OFM:16 mm","PCS:Betacam SP",PCS:Digital,"PCS:Super 16",PCS:Techniscope,PFM:D-Cinema}'::text[]))
                                                         Rows Removed by Filter: 1370298
                                                         Heap Blocks: exact=10050
                                                         Buffers: shared hit=1802 read=9347
                                                         ->  Bitmap Index Scan on info_type_id_movie_info  (cost=0.00..15870.39 rows=1484527 width=0) (actual time=38.370..38.370 rows=1401902 loops=1)
                                                               Index Cond: (info_type_id = 7)
                                                               Buffers: shared read=1099
                                                   ->  Index Scan using title_pkey on title t  (cost=0.43..8.04 rows=1 width=8) (actual time=0.031..0.031 rows=1 loops=31604)
                                                         Index Cond: (id = mi1.movie_id)
                                                         Filter: ((production_year <= 2015) AND (production_year >= 1975))
                                                         Rows Removed by Filter: 0
                                                         Buffers: shared hit=123406 read=3010
                                             ->  Hash  (cost=1.12..1.12 rows=6 width=4) (actual time=0.031..0.032 rows=6 loops=1)
                                                   Buckets: 1024  Batches: 1  Memory Usage: 9kB
                                                   Buffers: shared hit=1
                                                   ->  Seq Scan on kind_type kt  (cost=0.00..1.12 rows=6 width=4) (actual time=0.011..0.013 rows=6 loops=1)
                                                         Filter: ((kind)::text = ANY ('{episode,movie,"tv movie","tv series","video game","video movie"}'::text[]))
                                                         Rows Removed by Filter: 1
                                                         Buffers: shared hit=1
                                       ->  Index Scan using movie_id_movie_info on movie_info mi2  (cost=0.43..42.74 rows=1 width=8) (actual time=0.132..0.135 rows=0 loops=24954)
                                             Index Cond: (movie_id = t.id)
                                             Filter: ((info_type_id = 1) AND ((info)::text = ANY ('{110,118,12,128,150,28,52,77,UK:90,USA:9,USA:94,USA:95}'::text[])))
                                             Rows Removed by Filter: 47
                                             Buffers: shared hit=273405 read=92144
                                 ->  Seq Scan on info_type it1  (cost=0.00..2.41 rows=1 width=4) (actual time=0.009..0.017 rows=1 loops=913)
                                       Filter: (id = 7)
                                       Rows Removed by Filter: 112
                                       Buffers: shared hit=913
                           ->  Seq Scan on info_type it2  (cost=0.00..2.41 rows=1 width=4) (actual time=0.010..0.018 rows=1 loops=913)
                                 Filter: (id = 1)
                                 Rows Removed by Filter: 112
                                 Buffers: shared hit=913
                     ->  Index Scan using movie_id_cast_info on cast_info ci  (cost=0.44..43.32 rows=38 width=12) (actual time=0.044..0.650 rows=56 loops=913)
                           Index Cond: (movie_id = t.id)
                           Buffers: shared hit=20910 read=31996
               ->  Hash  (cost=1.20..1.20 rows=5 width=4) (actual time=0.040..0.041 rows=5 loops=1)
                     Buckets: 1024  Batches: 1  Memory Usage: 9kB
                     Buffers: shared hit=1
                     ->  Seq Scan on role_type rt  (cost=0.00..1.20 rows=5 width=4) (actual time=0.026..0.031 rows=5 loops=1)
                           Filter: ((role)::text = ANY ('{actor,actress,director,editor,"production designer"}'::text[]))
                           Rows Removed by Filter: 7
                           Buffers: shared hit=1
         ->  Index Scan using name_pkey on name n  (cost=0.43..2.32 rows=1 width=4) (actual time=0.036..0.036 rows=0 loops=26271)
               Index Cond: (id = ci.person_id)
               Filter: ((gender)::text = 'f'::text)
               Rows Removed by Filter: 1
               Buffers: shared hit=87305 read=17779
 Planning:
   Buffers: shared hit=531 read=46
 Planning Time: 14.389 ms
 Execution Time: 6435.388 ms
(73 rows)

