                                                                                             QUERY PLAN                                                                                              
-----------------------------------------------------------------------------------------------------------------------------------------------------------------------------------------------------
 Aggregate  (cost=530792.39..530792.40 rows=1 width=8) (actual time=9331.436..9331.443 rows=1 loops=1)
   Buffers: shared hit=815863 read=145460
   ->  Nested Loop  (cost=8155.61..530792.35 rows=15 width=0) (actual time=27.592..9329.733 rows=5848 loops=1)
         Buffers: shared hit=815863 read=145460
         ->  Hash Join  (cost=8155.18..530708.85 rows=36 width=4) (actual time=27.450..7764.273 rows=44470 loops=1)
               Hash Cond: (ci.role_id = rt.id)
               Buffers: shared hit=651132 read=132311
               ->  Nested Loop  (cost=8153.92..530707.28 rows=86 width=8) (actual time=27.300..7722.529 rows=187352 loops=1)
                     Buffers: shared hit=651131 read=132311
                     ->  Nested Loop  (cost=8153.48..530438.14 rows=6 width=12) (actual time=26.522..5568.818 rows=8742 loops=1)
                           Buffers: shared hit=492332 read=80070
                           ->  Seq Scan on info_type it2  (cost=0.00..2.41 rows=1 width=4) (actual time=0.025..0.034 rows=1 loops=1)
                                 Filter: (id = 1)
                                 Rows Removed by Filter: 112
                                 Buffers: shared hit=1
                           ->  Nested Loop  (cost=8153.48..530435.67 rows=6 width=16) (actual time=26.495..5566.460 rows=8742 loops=1)
                                 Buffers: shared hit=492331 read=80070
                                 ->  Seq Scan on info_type it1  (cost=0.00..2.41 rows=1 width=4) (actual time=0.009..0.019 rows=1 loops=1)
                                       Filter: (id = 8)
                                       Rows Removed by Filter: 112
                                       Buffers: shared hit=1
                                 ->  Nested Loop  (cost=8153.48..530433.20 rows=6 width=20) (actual time=26.484..5564.261 rows=8742 loops=1)
                                       Buffers: shared hit=492330 read=80070
                                       ->  Hash Join  (cost=8153.05..518776.49 rows=270 width=12) (actual time=25.281..3157.696 rows=24166 loops=1)
                                             Hash Cond: (t.kind_id = kt.id)
                                             Buffers: shared hit=271612 read=35049
                                             ->  Nested Loop  (cost=8151.87..518773.72 rows=378 width=16) (actual time=25.240..3146.675 rows=24166 loops=1)
                                                   Buffers: shared hit=271611 read=35049
                                                   ->  Bitmap Heap Scan on movie_info mi2  (cost=8151.43..498041.53 rows=2660 width=8) (actual time=24.457..562.469 rows=75444 loops=1)
                                                         Recheck Cond: (info_type_id = 1)
                                                         Filter: ((info)::text = ANY ('{110,12,13,14,16,60,61,63,67,79,93,USA:20}'::text[]))
                                                         Rows Removed by Filter: 726696
                                                         Heap Blocks: exact=4993
                                                         Buffers: shared hit=1869 read=3755
                                                         ->  Bitmap Index Scan on info_type_id_movie_info  (cost=0.00..8150.77 rows=762444 width=0) (actual time=23.822..23.822 rows=802140 loops=1)
                                                               Index Cond: (info_type_id = 1)
                                                               Buffers: shared read=631
                                                   ->  Memoize  (cost=0.44..7.81 rows=1 width=8) (actual time=0.034..0.034 rows=0 loops=75444)
                                                         Cache Key: mi2.movie_id
                                                         Cache Mode: logical
                                                         Hits: 185  Misses: 75259  Evictions: 0  Overflows: 0  Memory Usage: 5941kB
                                                         Buffers: shared hit=269742 read=31294
                                                         ->  Index Scan using title_pkey on title t  (cost=0.43..7.80 rows=1 width=8) (actual time=0.033..0.033 rows=0 loops=75259)
                                                               Index Cond: (id = mi2.movie_id)
                                                               Filter: ((production_year <= 1975) AND (production_year >= 1925))
                                                               Rows Removed by Filter: 1
                                                               Buffers: shared hit=269742 read=31294
                                             ->  Hash  (cost=1.11..1.11 rows=5 width=4) (actual time=0.017..0.018 rows=5 loops=1)
                                                   Buckets: 1024  Batches: 1  Memory Usage: 9kB
                                                   Buffers: shared hit=1
                                                   ->  Seq Scan on kind_type kt  (cost=0.00..1.11 rows=5 width=4) (actual time=0.008..0.011 rows=5 loops=1)
                                                         Filter: ((kind)::text = ANY ('{episode,movie,"tv movie","tv series","video game"}'::text[]))
                                                         Rows Removed by Filter: 2
                                                         Buffers: shared hit=1
                                       ->  Index Scan using movie_id_movie_info on movie_info mi1  (cost=0.43..43.16 rows=1 width=8) (actual time=0.096..0.099 rows=0 loops=24166)
                                             Index Cond: (movie_id = t.id)
                                             Filter: ((info_type_id = 8) AND ((info)::text = ANY ('{Argentina,Bulgaria,Czechoslovakia,Netherlands,USA}'::text[])))
                                             Rows Removed by Filter: 11
                                             Buffers: shared hit=220718 read=45021
                     ->  Index Scan using movie_id_cast_info on cast_info ci  (cost=0.44..44.48 rows=38 width=12) (actual time=0.037..0.240 rows=21 loops=8742)
                           Index Cond: (movie_id = t.id)
                           Buffers: shared hit=158799 read=52241
               ->  Hash  (cost=1.20..1.20 rows=5 width=4) (actual time=0.040..0.041 rows=5 loops=1)
                     Buckets: 1024  Batches: 1  Memory Usage: 9kB
                     Buffers: shared hit=1
                     ->  Seq Scan on role_type rt  (cost=0.00..1.20 rows=5 width=4) (actual time=0.029..0.033 rows=5 loops=1)
                           Filter: ((role)::text = ANY ('{actress,"costume designer",director,editor,"production designer"}'::text[]))
                           Rows Removed by Filter: 7
                           Buffers: shared hit=1
         ->  Index Scan using name_pkey on name n  (cost=0.43..2.32 rows=1 width=4) (actual time=0.035..0.035 rows=0 loops=44470)
               Index Cond: (id = ci.person_id)
               Filter: ((gender)::text = 'm'::text)
               Rows Removed by Filter: 1
               Buffers: shared hit=164731 read=13149
 Planning:
   Buffers: shared hit=521 read=53
 Planning Time: 14.827 ms
 Execution Time: 9332.994 ms
(78 rows)

