                                                                                                                                           QUERY PLAN                                                                                                                                            
-------------------------------------------------------------------------------------------------------------------------------------------------------------------------------------------------------------------------------------------------------------------------------------------------
 Aggregate  (cost=343608.68..343608.69 rows=1 width=8) (actual time=527.467..527.472 rows=1 loops=1)
   Buffers: shared hit=38072 read=14003
   ->  Nested Loop  (cost=3725.51..343608.67 rows=1 width=0) (actual time=44.715..527.402 rows=179 loops=1)
         Buffers: shared hit=38072 read=14003
         ->  Hash Join  (cost=3725.08..343604.04 rows=2 width=4) (actual time=44.666..505.837 rows=750 loops=1)
               Hash Cond: (ci.role_id = rt.id)
               Buffers: shared hit=35123 read=13952
               ->  Nested Loop  (cost=3723.90..343602.82 rows=14 width=8) (actual time=44.304..502.959 rows=25413 loops=1)
                     Buffers: shared hit=35122 read=13952
                     ->  Nested Loop  (cost=3723.46..343559.16 rows=1 width=12) (actual time=44.256..286.403 rows=509 loops=1)
                           Buffers: shared hit=10819 read=11585
                           ->  Nested Loop  (cost=3723.46..343556.74 rows=1 width=16) (actual time=44.248..280.236 rows=509 loops=1)
                                 Buffers: shared hit=10310 read=11585
                                 ->  Nested Loop  (cost=3723.46..343554.31 rows=1 width=20) (actual time=44.224..270.849 rows=509 loops=1)
                                       Buffers: shared hit=9801 read=11585
                                       ->  Nested Loop  (cost=3722.99..343300.25 rows=6 width=12) (actual time=43.869..198.771 rows=512 loops=1)
                                             Buffers: shared hit=3752 read=9514
                                             ->  Nested Loop  (cost=3722.85..343299.10 rows=8 width=16) (actual time=43.838..198.310 rows=512 loops=1)
                                                   Buffers: shared hit=3750 read=9514
                                                   ->  Bitmap Heap Scan on movie_info mi2  (cost=3722.42..343223.03 rows=9 width=8) (actual time=43.780..179.135 rows=512 loops=1)
                                                         Recheck Cond: (info_type_id = 17)
                                                         Filter: ((info)::text = 'One of over 700 Paramount Productions, filmed between 1929 and 1949, which were sold to MCA/Universal in 1958 for television distribution, and have been owned and controlled by Universal ever since.'::text)
                                                         Rows Removed by Filter: 367706
                                                         Heap Blocks: exact=10925
                                                         Buffers: shared hit=1722 read=9494
                                                         ->  Bitmap Index Scan on info_type_id_movie_info  (cost=0.00..3722.42 rows=347998 width=0) (actual time=13.355..13.356 rows=368218 loops=1)
                                                               Index Cond: (info_type_id = 17)
                                                               Buffers: shared read=291
                                                   ->  Index Scan using title_pkey on title t  (cost=0.43..8.45 rows=1 width=8) (actual time=0.037..0.037 rows=1 loops=512)
                                                         Index Cond: (id = mi2.movie_id)
                                                         Filter: ((production_year <= 2015) AND (production_year >= 1925))
                                                         Buffers: shared hit=2028 read=20
                                             ->  Memoize  (cost=0.14..0.17 rows=1 width=4) (actual time=0.000..0.000 rows=1 loops=512)
                                                   Cache Key: t.kind_id
                                                   Cache Mode: logical
                                                   Hits: 511  Misses: 1  Evictions: 0  Overflows: 0  Memory Usage: 1kB
                                                   Buffers: shared hit=2
                                                   ->  Index Scan using kind_type_pkey on kind_type kt  (cost=0.13..0.16 rows=1 width=4) (actual time=0.025..0.025 rows=1 loops=1)
                                                         Index Cond: (id = t.kind_id)
                                                         Filter: ((kind)::text = ANY ('{episode,movie,"tv movie","tv series","video movie"}'::text[]))
                                                         Buffers: shared hit=2
                                       ->  Index Scan using movie_id_movie_info on movie_info mi1  (cost=0.47..42.33 rows=1 width=8) (actual time=0.133..0.140 rows=1 loops=512)
                                             Index Cond: (movie_id = t.id)
                                             Filter: ((info_type_id = 8) AND ((info)::text = ANY ('{Argentina,Denmark,France,Germany,Greece,Hungary,India,Ireland,Netherlands,Portugal,"South Africa","Soviet Union",USA}'::text[])))
                                             Rows Removed by Filter: 27
                                             Buffers: shared hit=6049 read=2071
                                 ->  Seq Scan on info_type it1  (cost=0.00..2.41 rows=1 width=4) (actual time=0.011..0.017 rows=1 loops=509)
                                       Filter: (id = 8)
                                       Rows Removed by Filter: 112
                                       Buffers: shared hit=509
                           ->  Seq Scan on info_type it2  (cost=0.00..2.41 rows=1 width=4) (actual time=0.006..0.011 rows=1 loops=509)
                                 Filter: (id = 17)
                                 Rows Removed by Filter: 112
                                 Buffers: shared hit=509
                     ->  Index Scan using movie_id_cast_info on cast_info ci  (cost=0.44..43.28 rows=38 width=12) (actual time=0.041..0.417 rows=50 loops=509)
                           Index Cond: (movie_id = t.id)
                           Buffers: shared hit=24303 read=2367
               ->  Hash  (cost=1.15..1.15 rows=2 width=4) (actual time=0.040..0.041 rows=2 loops=1)
                     Buckets: 1024  Batches: 1  Memory Usage: 9kB
                     Buffers: shared hit=1
                     ->  Seq Scan on role_type rt  (cost=0.00..1.15 rows=2 width=4) (actual time=0.029..0.031 rows=2 loops=1)
                           Filter: ((role)::text = ANY ('{"costume designer",director}'::text[]))
                           Rows Removed by Filter: 10
                           Buffers: shared hit=1
         ->  Index Scan using name_pkey on name n  (cost=0.43..2.32 rows=1 width=4) (actual time=0.028..0.028 rows=0 loops=750)
               Index Cond: (id = ci.person_id)
               Filter: (gender IS NULL)
               Rows Removed by Filter: 1
               Buffers: shared hit=2949 read=51
 Planning:
   Buffers: shared hit=507 read=70
 Planning Time: 13.925 ms
 Execution Time: 528.039 ms
(73 rows)

