                                                                                                 QUERY PLAN                                                                                                  
-------------------------------------------------------------------------------------------------------------------------------------------------------------------------------------------------------------
 Aggregate  (cost=460919.50..460919.51 rows=1 width=8) (actual time=10156.276..10156.284 rows=1 loops=1)
   Buffers: shared hit=884024 read=159135
   ->  Nested Loop  (cost=4697.73..460919.50 rows=2 width=0) (actual time=50.487..10153.604 rows=13088 loops=1)
         Buffers: shared hit=884024 read=159135
         ->  Hash Join  (cost=4697.30..460910.22 rows=4 width=4) (actual time=50.255..9126.190 rows=28549 loops=1)
               Hash Cond: (ci.role_id = rt.id)
               Buffers: shared hit=777235 read=151728
               ->  Nested Loop  (cost=4696.10..460908.97 rows=14 width=8) (actual time=49.620..9089.503 rows=183877 loops=1)
                     Buffers: shared hit=777234 read=151728
                     ->  Nested Loop  (cost=4695.66..460864.11 rows=1 width=12) (actual time=49.564..7236.999 rows=4133 loops=1)
                           Buffers: shared hit=619714 read=117653
                           ->  Nested Loop  (cost=4695.66..460861.69 rows=1 width=16) (actual time=49.557..7150.370 rows=4133 loops=1)
                                 Buffers: shared hit=615581 read=117653
                                 ->  Nested Loop  (cost=4695.66..460859.27 rows=1 width=20) (actual time=49.534..7054.462 rows=4133 loops=1)
                                       Buffers: shared hit=611448 read=117653
                                       ->  Hash Join  (cost=4695.22..457094.30 rows=87 width=12) (actual time=26.950..2567.964 rows=28228 loops=1)
                                             Hash Cond: (t.kind_id = kt.id)
                                             Buffers: shared hit=216540 read=37041
                                             ->  Nested Loop  (cost=4694.07..457092.50 rows=153 width=16) (actual time=26.917..2553.971 rows=28423 loops=1)
                                                   Buffers: shared hit=216539 read=37041
                                                   ->  Bitmap Heap Scan on movie_info mi2  (cost=4693.64..448289.15 rows=1077 width=8) (actual time=18.931..528.493 rows=58502 loops=1)
                                                         Recheck Cond: (info_type_id = 5)
                                                         Filter: ((info)::text = ANY ('{Australia:M,Finland:K-16,Germany:16,Iceland:16,UK:U,UK:X,USA:Approved,"West Germany:16","West Germany:6"}'::text[]))
                                                         Rows Removed by Filter: 428052
                                                         Heap Blocks: exact=19164
                                                         Buffers: shared hit=2774 read=16798
                                                         ->  Bitmap Index Scan on info_type_id_movie_info  (cost=0.00..4693.37 rows=439058 width=0) (actual time=16.330..16.330 rows=486554 loops=1)
                                                               Index Cond: (info_type_id = 5)
                                                               Buffers: shared read=408
                                                   ->  Index Scan using title_pkey on title t  (cost=0.43..8.17 rows=1 width=8) (actual time=0.034..0.034 rows=0 loops=58502)
                                                         Index Cond: (id = mi2.movie_id)
                                                         Filter: ((production_year <= 1975) AND (production_year >= 1925))
                                                         Rows Removed by Filter: 1
                                                         Buffers: shared hit=213765 read=20243
                                             ->  Hash  (cost=1.10..1.10 rows=4 width=4) (actual time=0.015..0.016 rows=4 loops=1)
                                                   Buckets: 1024  Batches: 1  Memory Usage: 9kB
                                                   Buffers: shared hit=1
                                                   ->  Seq Scan on kind_type kt  (cost=0.00..1.10 rows=4 width=4) (actual time=0.006..0.008 rows=4 loops=1)
                                                         Filter: ((kind)::text = ANY ('{episode,movie,"tv series","video movie"}'::text[]))
                                                         Rows Removed by Filter: 3
                                                         Buffers: shared hit=1
                                       ->  Index Scan using movie_id_movie_info on movie_info mi1  (cost=0.43..43.27 rows=1 width=8) (actual time=0.141..0.158 rows=0 loops=28228)
                                             Index Cond: (movie_id = t.id)
                                             Filter: ((info_type_id = 4) AND ((info)::text = ANY ('{Arabic,Dutch,Finnish,French,Italian,Latin,Norwegian}'::text[])))
                                             Rows Removed by Filter: 42
                                             Buffers: shared hit=394908 read=80612
                                 ->  Seq Scan on info_type it1  (cost=0.00..2.41 rows=1 width=4) (actual time=0.012..0.021 rows=1 loops=4133)
                                       Filter: (id = 4)
                                       Rows Removed by Filter: 112
                                       Buffers: shared hit=4133
                           ->  Seq Scan on info_type it2  (cost=0.00..2.41 rows=1 width=4) (actual time=0.010..0.019 rows=1 loops=4133)
                                 Filter: (id = 5)
                                 Rows Removed by Filter: 112
                                 Buffers: shared hit=4133
                     ->  Index Scan using movie_id_cast_info on cast_info ci  (cost=0.44..44.48 rows=38 width=12) (actual time=0.036..0.436 rows=44 loops=4133)
                           Index Cond: (movie_id = t.id)
                           Buffers: shared hit=157520 read=34075
               ->  Hash  (cost=1.17..1.17 rows=3 width=4) (actual time=0.028..0.028 rows=3 loops=1)
                     Buckets: 1024  Batches: 1  Memory Usage: 9kB
                     Buffers: shared hit=1
                     ->  Seq Scan on role_type rt  (cost=0.00..1.17 rows=3 width=4) (actual time=0.019..0.021 rows=3 loops=1)
                           Filter: ((role)::text = ANY ('{"miscellaneous crew","production designer",writer}'::text[]))
                           Rows Removed by Filter: 9
                           Buffers: shared hit=1
         ->  Index Scan using name_pkey on name n  (cost=0.43..2.32 rows=1 width=4) (actual time=0.035..0.035 rows=0 loops=28549)
               Index Cond: (id = ci.person_id)
               Filter: ((gender)::text = 'm'::text)
               Rows Removed by Filter: 1
               Buffers: shared hit=106789 read=7407
 Planning:
   Buffers: shared hit=484 read=90
 Planning Time: 12.130 ms
 Execution Time: 10156.854 ms
(73 rows)

