                                                                                                                                                              QUERY PLAN                                                                                                                                                               
---------------------------------------------------------------------------------------------------------------------------------------------------------------------------------------------------------------------------------------------------------------------------------------------------------------------------------------
 Aggregate  (cost=385435.96..385435.97 rows=1 width=8) (actual time=2337.635..2337.642 rows=1 loops=1)
   Buffers: shared hit=146683 read=42864
   ->  Nested Loop  (cost=8154.97..385435.95 rows=4 width=0) (actual time=25.268..2337.229 rows=2510 loops=1)
         Buffers: shared hit=146683 read=42864
         ->  Hash Join  (cost=8154.54..385424.35 rows=5 width=4) (actual time=25.224..2230.799 rows=2510 loops=1)
               Hash Cond: (ci.role_id = rt.id)
               Buffers: shared hit=140142 read=39365
               ->  Nested Loop  (cost=8153.31..385423.08 rows=14 width=8) (actual time=25.072..2229.183 rows=6507 loops=1)
                     Buffers: shared hit=140141 read=39365
                     ->  Nested Loop  (cost=8152.87..385379.42 rows=1 width=12) (actual time=25.045..2129.644 rows=297 loops=1)
                           Buffers: shared hit=138417 read=33924
                           ->  Nested Loop  (cost=8152.87..385377.00 rows=1 width=16) (actual time=25.039..2124.550 rows=297 loops=1)
                                 Buffers: shared hit=138120 read=33924
                                 ->  Nested Loop  (cost=8152.87..385374.57 rows=1 width=20) (actual time=25.024..2117.984 rows=297 loops=1)
                                       Buffers: shared hit=137823 read=33924
                                       ->  Hash Join  (cost=8152.43..380539.38 rows=114 width=12) (actual time=23.857..1234.849 rows=6711 loops=1)
                                             Hash Cond: (t.kind_id = kt.id)
                                             Buffers: shared hit=86363 read=12778
                                             ->  Nested Loop  (cost=8151.28..380537.38 rows=200 width=16) (actual time=23.805..1228.743 rows=22390 loops=1)
                                                   Buffers: shared hit=86362 read=12778
                                                   ->  Bitmap Heap Scan on movie_info mi1  (cost=8150.85..378736.55 rows=214 width=8) (actual time=23.759..254.909 rows=23379 loops=1)
                                                         Recheck Cond: (info_type_id = 1)
                                                         Filter: ((info)::text = ANY ('{117,141,16,Germany:100,USA:10,USA:100,USA:101,USA:105,USA:18,USA:2,USA:60}'::text[]))
                                                         Rows Removed by Filter: 778761
                                                         Heap Blocks: exact=4993
                                                         Buffers: shared hit=2845 read=2779
                                                         ->  Bitmap Index Scan on info_type_id_movie_info  (cost=0.00..8150.77 rows=762444 width=0) (actual time=23.058..23.059 rows=802140 loops=1)
                                                               Index Cond: (info_type_id = 1)
                                                               Buffers: shared read=631
                                                   ->  Index Scan using title_pkey on title t  (cost=0.43..8.42 rows=1 width=8) (actual time=0.041..0.041 rows=1 loops=23379)
                                                         Index Cond: (id = mi1.movie_id)
                                                         Filter: ((production_year <= 2015) AND (production_year >= 1925))
                                                         Rows Removed by Filter: 0
                                                         Buffers: shared hit=83517 read=9999
                                             ->  Hash  (cost=1.10..1.10 rows=4 width=4) (actual time=0.026..0.027 rows=4 loops=1)
                                                   Buckets: 1024  Batches: 1  Memory Usage: 9kB
                                                   Buffers: shared hit=1
                                                   ->  Seq Scan on kind_type kt  (cost=0.00..1.10 rows=4 width=4) (actual time=0.015..0.017 rows=4 loops=1)
                                                         Filter: ((kind)::text = ANY ('{"tv movie","tv series","video game","video movie"}'::text[]))
                                                         Rows Removed by Filter: 3
                                                         Buffers: shared hit=1
                                       ->  Index Scan using movie_id_movie_info on movie_info mi2  (cost=0.43..42.40 rows=1 width=8) (actual time=0.128..0.131 rows=0 loops=6711)
                                             Index Cond: (movie_id = t.id)
                                             Filter: ((info_type_id = 18) AND ((info)::text = ANY ('{"20th Century Fox Studios - 10201 Pico Blvd., Century City, Los Angeles, California, USA",India,"New York City, New York, USA","Santa Monica, California, USA","Venice, Veneto, Italy","Warsaw, Mazowieckie, Poland"}'::text[])))
                                             Rows Removed by Filter: 10
                                             Buffers: shared hit=51460 read=21146
                                 ->  Seq Scan on info_type it1  (cost=0.00..2.41 rows=1 width=4) (actual time=0.012..0.019 rows=1 loops=297)
                                       Filter: (id = 1)
                                       Rows Removed by Filter: 112
                                       Buffers: shared hit=297
                           ->  Seq Scan on info_type it2  (cost=0.00..2.41 rows=1 width=4) (actual time=0.009..0.015 rows=1 loops=297)
                                 Filter: (id = 18)
                                 Rows Removed by Filter: 112
                                 Buffers: shared hit=297
                     ->  Index Scan using movie_id_cast_info on cast_info ci  (cost=0.44..43.28 rows=38 width=12) (actual time=0.036..0.329 rows=22 loops=297)
                           Index Cond: (movie_id = t.id)
                           Buffers: shared hit=1724 read=5441
               ->  Hash  (cost=1.18..1.18 rows=4 width=4) (actual time=0.036..0.037 rows=4 loops=1)
                     Buckets: 1024  Batches: 1  Memory Usage: 9kB
                     Buffers: shared hit=1
                     ->  Seq Scan on role_type rt  (cost=0.00..1.18 rows=4 width=4) (actual time=0.026..0.029 rows=4 loops=1)
                           Filter: ((role)::text = ANY ('{actress,editor,guest,"miscellaneous crew"}'::text[]))
                           Rows Removed by Filter: 8
                           Buffers: shared hit=1
         ->  Index Scan using name_pkey on name n  (cost=0.43..2.32 rows=1 width=4) (actual time=0.042..0.042 rows=1 loops=2510)
               Index Cond: (id = ci.person_id)
               Filter: (((gender)::text = ANY ('{f,m}'::text[])) OR (gender IS NULL))
               Buffers: shared hit=6541 read=3499
 Planning:
   Buffers: shared hit=504 read=73
 Planning Time: 13.838 ms
 Execution Time: 2338.164 ms
(72 rows)

