                                                                                                QUERY PLAN                                                                                                 
-----------------------------------------------------------------------------------------------------------------------------------------------------------------------------------------------------------
 Aggregate  (cost=406624.35..406624.36 rows=1 width=8) (actual time=1821.758..1821.766 rows=1 loops=1)
   Buffers: shared hit=108402 read=26873
   ->  Nested Loop  (cost=15874.49..406624.34 rows=1 width=0) (actual time=107.199..1821.551 rows=496 loops=1)
         Buffers: shared hit=108402 read=26873
         ->  Hash Join  (cost=15874.06..406622.02 rows=1 width=4) (actual time=107.111..1805.560 rows=496 loops=1)
               Hash Cond: (ci.role_id = rt.id)
               Buffers: shared hit=106780 read=26511
               ->  Nested Loop  (cost=15872.89..406620.81 rows=14 width=8) (actual time=106.779..1802.900 rows=16124 loops=1)
                     Buffers: shared hit=106779 read=26511
                     ->  Nested Loop  (cost=15872.45..406576.26 rows=1 width=12) (actual time=106.695..1614.366 rows=540 loops=1)
                           Buffers: shared hit=95970 read=19955
                           ->  Nested Loop  (cost=15872.45..406573.84 rows=1 width=16) (actual time=106.683..1602.375 rows=540 loops=1)
                                 Buffers: shared hit=95430 read=19955
                                 ->  Nested Loop  (cost=15872.45..406571.41 rows=1 width=20) (actual time=106.642..1592.114 rows=540 loops=1)
                                       Buffers: shared hit=94890 read=19955
                                       ->  Hash Join  (cost=15872.02..405705.89 rows=20 width=12) (actual time=35.987..890.996 rows=5266 loops=1)
                                             Hash Cond: (t.kind_id = kt.id)
                                             Buffers: shared hit=33362 read=8124
                                             ->  Nested Loop  (cost=15870.86..405704.59 rows=34 width=16) (actual time=35.914..888.036 rows=5301 loops=1)
                                                   Buffers: shared hit=33361 read=8124
                                                   ->  Bitmap Heap Scan on movie_info mi1  (cost=15870.43..404111.07 rows=189 width=8) (actual time=35.877..613.249 rows=7584 loops=1)
                                                         Recheck Cond: (info_type_id = 7)
                                                         Filter: ((info)::text = ANY ('{LAB:Technicolor,"MET:160 m","MET:20 m","MET:200 m",PCS:Techniscope}'::text[]))
                                                         Rows Removed by Filter: 1394318
                                                         Heap Blocks: exact=10050
                                                         Buffers: shared hit=4404 read=6745
                                                         ->  Bitmap Index Scan on info_type_id_movie_info  (cost=0.00..15870.39 rows=1484527 width=0) (actual time=33.348..33.348 rows=1401902 loops=1)
                                                               Index Cond: (info_type_id = 7)
                                                               Buffers: shared hit=1 read=1098
                                                   ->  Index Scan using title_pkey on title t  (cost=0.43..8.43 rows=1 width=8) (actual time=0.035..0.035 rows=1 loops=7584)
                                                         Index Cond: (id = mi1.movie_id)
                                                         Filter: ((production_year <= 1975) AND (production_year >= 1875))
                                                         Rows Removed by Filter: 0
                                                         Buffers: shared hit=28957 read=1379
                                             ->  Hash  (cost=1.10..1.10 rows=4 width=4) (actual time=0.011..0.012 rows=4 loops=1)
                                                   Buckets: 1024  Batches: 1  Memory Usage: 9kB
                                                   Buffers: shared hit=1
                                                   ->  Seq Scan on kind_type kt  (cost=0.00..1.10 rows=4 width=4) (actual time=0.006..0.007 rows=4 loops=1)
                                                         Filter: ((kind)::text = ANY ('{episode,movie,"tv movie","video movie"}'::text[]))
                                                         Rows Removed by Filter: 3
                                                         Buffers: shared hit=1
                                       ->  Index Scan using movie_id_movie_info on movie_info mi2  (cost=0.43..43.27 rows=1 width=8) (actual time=0.132..0.133 rows=0 loops=5266)
                                             Index Cond: (movie_id = t.id)
                                             Filter: ((info_type_id = 8) AND ((info)::text = ANY ('{Denmark,Egypt,Germany,India,Poland,Sweden,Switzerland,Turkey,UK,"West Germany",Yugoslavia}'::text[])))
                                             Rows Removed by Filter: 30
                                             Buffers: shared hit=61528 read=11831
                                 ->  Seq Scan on info_type it1  (cost=0.00..2.41 rows=1 width=4) (actual time=0.009..0.017 rows=1 loops=540)
                                       Filter: (id = 7)
                                       Rows Removed by Filter: 112
                                       Buffers: shared hit=540
                           ->  Seq Scan on info_type it2  (cost=0.00..2.41 rows=1 width=4) (actual time=0.013..0.021 rows=1 loops=540)
                                 Filter: (id = 8)
                                 Rows Removed by Filter: 112
                                 Buffers: shared hit=540
                     ->  Index Scan using movie_id_cast_info on cast_info ci  (cost=0.44..44.17 rows=38 width=12) (actual time=0.047..0.341 rows=30 loops=540)
                           Index Cond: (movie_id = t.id)
                           Buffers: shared hit=10809 read=6556
               ->  Hash  (cost=1.15..1.15 rows=1 width=4) (actual time=0.019..0.020 rows=1 loops=1)
                     Buckets: 1024  Batches: 1  Memory Usage: 9kB
                     Buffers: shared hit=1
                     ->  Seq Scan on role_type rt  (cost=0.00..1.15 rows=1 width=4) (actual time=0.015..0.016 rows=1 loops=1)
                           Filter: ((role)::text = 'cinematographer'::text)
                           Rows Removed by Filter: 11
                           Buffers: shared hit=1
         ->  Index Scan using name_pkey on name n  (cost=0.43..2.32 rows=1 width=4) (actual time=0.031..0.031 rows=1 loops=496)
               Index Cond: (id = ci.person_id)
               Filter: (((gender)::text = ANY ('{f,m}'::text[])) OR (gender IS NULL))
               Buffers: shared hit=1622 read=362
 Planning:
   Buffers: shared hit=574
 Planning Time: 5.730 ms
 Execution Time: 1822.142 ms
(72 rows)

