                                                                                                                                           QUERY PLAN                                                                                                                                            
-------------------------------------------------------------------------------------------------------------------------------------------------------------------------------------------------------------------------------------------------------------------------------------------------
 Aggregate  (cost=343402.83..343402.84 rows=1 width=8) (actual time=1706.399..1706.408 rows=1 loops=1)
   Buffers: shared hit=108769 read=23977
   ->  Nested Loop  (cost=3725.49..343402.82 rows=2 width=0) (actual time=27.597..1704.120 rows=14795 loops=1)
         Buffers: shared hit=108769 read=23977
         ->  Hash Join  (cost=3725.06..343393.54 rows=4 width=4) (actual time=27.560..776.102 rows=20631 loops=1)
               Hash Cond: (ci.role_id = rt.id)
               Buffers: shared hit=34883 read=15339
               ->  Nested Loop  (cost=3723.86..343392.29 rows=14 width=8) (actual time=27.523..766.740 rows=25519 loops=1)
                     Buffers: shared hit=34882 read=15339
                     ->  Nested Loop  (cost=3723.42..343347.44 rows=1 width=12) (actual time=27.485..397.130 rows=513 loops=1)
                           Buffers: shared hit=14783 read=8650
                           ->  Nested Loop  (cost=3723.42..343345.01 rows=1 width=16) (actual time=27.479..383.233 rows=513 loops=1)
                                 Buffers: shared hit=14270 read=8650
                                 ->  Nested Loop  (cost=3722.98..343301.69 rows=1 width=8) (actual time=27.380..265.567 rows=512 loops=1)
                                       Buffers: shared hit=7085 read=7715
                                       ->  Nested Loop  (cost=3722.98..343299.26 rows=1 width=12) (actual time=27.363..254.635 rows=512 loops=1)
                                             Buffers: shared hit=6573 read=7715
                                             ->  Nested Loop  (cost=3722.85..343299.10 rows=1 width=16) (actual time=27.347..243.407 rows=512 loops=1)
                                                   Buffers: shared hit=5549 read=7715
                                                   ->  Bitmap Heap Scan on movie_info mi1  (cost=3722.42..343223.03 rows=9 width=8) (actual time=27.304..214.081 rows=512 loops=1)
                                                         Recheck Cond: (info_type_id = 17)
                                                         Filter: ((info)::text = 'One of over 700 Paramount Productions, filmed between 1929 and 1949, which were sold to MCA/Universal in 1958 for television distribution, and have been owned and controlled by Universal ever since.'::text)
                                                         Rows Removed by Filter: 367706
                                                         Heap Blocks: exact=10925
                                                         Buffers: shared hit=3551 read=7665
                                                         ->  Bitmap Index Scan on info_type_id_movie_info  (cost=0.00..3722.42 rows=347998 width=0) (actual time=9.929..9.929 rows=368218 loops=1)
                                                               Index Cond: (info_type_id = 17)
                                                               Buffers: shared hit=1 read=290
                                                   ->  Index Scan using title_pkey on title t  (cost=0.43..8.45 rows=1 width=8) (actual time=0.056..0.056 rows=1 loops=512)
                                                         Index Cond: (id = mi1.movie_id)
                                                         Filter: ((production_year <= 1975) AND (production_year >= 1925))
                                                         Buffers: shared hit=1998 read=50
                                             ->  Index Scan using kind_type_pkey on kind_type kt  (cost=0.13..0.16 rows=1 width=4) (actual time=0.021..0.021 rows=1 loops=512)
                                                   Index Cond: (id = t.kind_id)
                                                   Filter: ((kind)::text = ANY ('{movie,"tv movie","tv series","video movie"}'::text[]))
                                                   Buffers: shared hit=1024
                                       ->  Seq Scan on info_type it1  (cost=0.00..2.41 rows=1 width=4) (actual time=0.011..0.019 rows=1 loops=512)
                                             Filter: (id = 17)
                                             Rows Removed by Filter: 112
                                             Buffers: shared hit=512
                                 ->  Index Scan using movie_id_movie_info on movie_info mi2  (cost=0.43..43.32 rows=1 width=8) (actual time=0.219..0.229 rows=1 loops=512)
                                       Index Cond: (movie_id = t.id)
                                       Filter: ((info_type_id = 8) AND ((info)::text = ANY ('{Australia,France,Germany,Italy,Spain,UK,USA,"West Germany"}'::text[])))
                                       Rows Removed by Filter: 26
                                       Buffers: shared hit=7185 read=935
                           ->  Seq Scan on info_type it2  (cost=0.00..2.41 rows=1 width=4) (actual time=0.016..0.025 rows=1 loops=513)
                                 Filter: (id = 8)
                                 Rows Removed by Filter: 112
                                 Buffers: shared hit=513
                     ->  Index Scan using movie_id_cast_info on cast_info ci  (cost=0.44..44.48 rows=38 width=12) (actual time=0.062..0.706 rows=50 loops=513)
                           Index Cond: (movie_id = t.id)
                           Buffers: shared hit=20099 read=6689
               ->  Hash  (cost=1.17..1.17 rows=3 width=4) (actual time=0.022..0.024 rows=3 loops=1)
                     Buckets: 1024  Batches: 1  Memory Usage: 9kB
                     Buffers: shared hit=1
                     ->  Seq Scan on role_type rt  (cost=0.00..1.17 rows=3 width=4) (actual time=0.015..0.017 rows=3 loops=1)
                           Filter: ((role)::text = ANY ('{actor,actress,"miscellaneous crew"}'::text[]))
                           Rows Removed by Filter: 9
                           Buffers: shared hit=1
         ->  Index Scan using name_pkey on name n  (cost=0.43..2.32 rows=1 width=4) (actual time=0.044..0.044 rows=1 loops=20631)
               Index Cond: (id = ci.person_id)
               Filter: ((gender)::text = 'm'::text)
               Rows Removed by Filter: 0
               Buffers: shared hit=73886 read=8638
 Planning:
   Buffers: shared hit=574
 Planning Time: 5.716 ms
 Execution Time: 1706.836 ms
(68 rows)

