                                                                                                      QUERY PLAN                                                                                                       
-----------------------------------------------------------------------------------------------------------------------------------------------------------------------------------------------------------------------
 Aggregate  (cost=879939.38..879939.39 rows=1 width=8) (actual time=115073.014..115073.028 rows=1 loops=1)
   Buffers: shared hit=10161273 read=1040873, temp read=2340 written=2340
   ->  Nested Loop  (cost=97705.12..879937.95 rows=574 width=0) (actual time=496.801..115021.599 rows=244484 loops=1)
         Buffers: shared hit=10161273 read=1040873, temp read=2340 written=2340
         ->  Hash Join  (cost=97704.69..876119.50 rows=1648 width=4) (actual time=496.621..97547.302 rows=444987 loops=1)
               Hash Cond: (ci.role_id = rt.id)
               Buffers: shared hit=8467922 read=954276, temp read=2340 written=2340
               ->  Nested Loop  (cost=97703.46..876100.71 rows=4945 width=8) (actual time=496.035..96553.251 rows=4690287 loops=1)
                     Buffers: shared hit=8467921 read=954276, temp read=2340 written=2340
                     ->  Nested Loop  (cost=97703.02..860729.46 rows=345 width=12) (actual time=496.003..40387.699 rows=333710 loops=1)
                           Buffers: shared hit=3382257 read=426317, temp read=2340 written=2340
                           ->  Seq Scan on info_type it2  (cost=0.00..2.41 rows=1 width=4) (actual time=0.023..0.065 rows=1 loops=1)
                                 Filter: (id = 7)
                                 Rows Removed by Filter: 112
                                 Buffers: shared hit=1
                           ->  Nested Loop  (cost=97703.02..860723.60 rows=345 width=16) (actual time=495.978..40303.348 rows=333710 loops=1)
                                 Buffers: shared hit=3382256 read=426317, temp read=2340 written=2340
                                 ->  Seq Scan on info_type it1  (cost=0.00..2.41 rows=1 width=4) (actual time=0.008..0.053 rows=1 loops=1)
                                       Filter: (id = 2)
                                       Rows Removed by Filter: 112
                                       Buffers: shared hit=1
                                 ->  Nested Loop  (cost=97703.02..860717.73 rows=345 width=20) (actual time=495.967..40212.932 rows=333710 loops=1)
                                       Buffers: shared hit=3382255 read=426317, temp read=2340 written=2340
                                       ->  Hash Join  (cost=97702.58..533570.69 rows=7641 width=12) (actual time=495.890..2089.975 rows=330687 loops=1)
                                             Hash Cond: (t.kind_id = kt.id)
                                             Buffers: shared hit=3667 read=43874, temp read=2340 written=2340
                                             ->  Hash Join  (cost=97701.38..533531.93 rows=8914 width=16) (actual time=495.846..1935.397 rows=330687 loops=1)
                                                   Hash Cond: (mi2.movie_id = t.id)
                                                   Buffers: shared hit=3666 read=43874, temp read=2340 written=2340
                                                   ->  Bitmap Heap Scan on movie_info mi2  (cost=15882.71..449410.87 rows=49289 width=8) (actual time=39.093..974.036 rows=458790 loops=1)
                                                         Recheck Cond: (info_type_id = 7)
                                                         Filter: ((info)::text = ANY ('{"LAB:Technicolor, USA","MET:100 m","MET:200 m",PCS:Spherical,"PFM:35 mm","PFM:68 mm","RAT:1.85 : 1","RAT:2.35 : 1"}'::text[]))
                                                         Rows Removed by Filter: 943112
                                                         Heap Blocks: exact=10050
                                                         Buffers: shared hit=537 read=10612
                                                         ->  Bitmap Index Scan on info_type_id_movie_info  (cost=0.00..15870.39 rows=1484527 width=0) (actual time=37.814..37.814 rows=1401902 loops=1)
                                                               Index Cond: (info_type_id = 7)
                                                               Buffers: shared read=1099
                                                   ->  Hash  (cost=74315.95..74315.95 rows=457258 width=8) (actual time=455.630..455.632 rows=451569 loops=1)
                                                         Buckets: 262144  Batches: 4  Memory Usage: 6450kB
                                                         Buffers: shared hit=3129 read=33262, temp written=1157
                                                         ->  Seq Scan on title t  (cost=0.00..74315.95 rows=457258 width=8) (actual time=0.024..381.278 rows=451569 loops=1)
                                                               Filter: ((production_year <= 1975) AND (production_year >= 1875))
                                                               Rows Removed by Filter: 2076743
                                                               Buffers: shared hit=3129 read=33262
                                             ->  Hash  (cost=1.12..1.12 rows=6 width=4) (actual time=0.022..0.023 rows=6 loops=1)
                                                   Buckets: 1024  Batches: 1  Memory Usage: 9kB
                                                   Buffers: shared hit=1
                                                   ->  Seq Scan on kind_type kt  (cost=0.00..1.12 rows=6 width=4) (actual time=0.011..0.013 rows=6 loops=1)
                                                         Filter: ((kind)::text = ANY ('{episode,movie,"tv movie","tv series","video game","video movie"}'::text[]))
                                                         Rows Removed by Filter: 1
                                                         Buffers: shared hit=1
                                       ->  Index Scan using movie_id_movie_info on movie_info mi1  (cost=0.43..42.80 rows=1 width=8) (actual time=0.097..0.114 rows=1 loops=330687)
                                             Index Cond: (movie_id = t.id)
                                             Filter: (((info)::text = ANY ('{"Black and White",Color}'::text[])) AND (info_type_id = 2))
                                             Rows Removed by Filter: 14
                                             Buffers: shared hit=3378588 read=382443
                     ->  Index Scan using movie_id_cast_info on cast_info ci  (cost=0.44..44.17 rows=38 width=12) (actual time=0.038..0.164 rows=14 loops=333710)
                           Index Cond: (movie_id = t.id)
                           Buffers: shared hit=5085664 read=527959
               ->  Hash  (cost=1.18..1.18 rows=4 width=4) (actual time=0.035..0.036 rows=4 loops=1)
                     Buckets: 1024  Batches: 1  Memory Usage: 9kB
                     Buffers: shared hit=1
                     ->  Seq Scan on role_type rt  (cost=0.00..1.18 rows=4 width=4) (actual time=0.025..0.028 rows=4 loops=1)
                           Filter: ((role)::text = ANY ('{guest,"miscellaneous crew",producer,"production designer"}'::text[]))
                           Rows Removed by Filter: 8
                           Buffers: shared hit=1
         ->  Index Scan using name_pkey on name n  (cost=0.43..2.32 rows=1 width=4) (actual time=0.039..0.039 rows=1 loops=444987)
               Index Cond: (id = ci.person_id)
               Filter: (gender IS NULL)
               Rows Removed by Filter: 0
               Buffers: shared hit=1693351 read=86597
 Planning:
   Buffers: shared hit=485 read=89
 Planning Time: 14.322 ms
 Execution Time: 115073.674 ms
(76 rows)

