                                                                                                            QUERY PLAN                                                                                                            
----------------------------------------------------------------------------------------------------------------------------------------------------------------------------------------------------------------------------------
 Aggregate  (cost=528458.86..528458.87 rows=1 width=8) (actual time=48944.781..48944.790 rows=1 loops=1)
   Buffers: shared hit=4839866 read=245460
   ->  Nested Loop  (cost=5097.71..528458.82 rows=14 width=0) (actual time=39.614..48940.870 rows=10412 loops=1)
         Buffers: shared hit=4839866 read=245460
         ->  Hash Join  (cost=5097.28..528407.79 rows=22 width=4) (actual time=39.540..47987.410 rows=24100 loops=1)
               Hash Cond: (ci.role_id = rt.id)
               Buffers: shared hit=4750737 read=238189
               ->  Nested Loop  (cost=5096.11..528406.16 rows=129 width=8) (actual time=18.609..47907.224 rows=365439 loops=1)
                     Buffers: shared hit=4750736 read=238189
                     ->  Nested Loop  (cost=5095.67..528005.17 rows=9 width=12) (actual time=18.583..43548.090 rows=22327 loops=1)
                           Buffers: shared hit=4385763 read=175353
                           ->  Seq Scan on info_type it2  (cost=0.00..2.41 rows=1 width=4) (actual time=0.020..0.032 rows=1 loops=1)
                                 Filter: (id = 6)
                                 Rows Removed by Filter: 112
                                 Buffers: shared hit=1
                           ->  Nested Loop  (cost=5095.67..528002.67 rows=9 width=16) (actual time=18.562..43540.872 rows=22327 loops=1)
                                 Buffers: shared hit=4385762 read=175353
                                 ->  Seq Scan on info_type it1  (cost=0.00..2.41 rows=1 width=4) (actual time=0.006..0.020 rows=1 loops=1)
                                       Filter: (id = 8)
                                       Rows Removed by Filter: 112
                                       Buffers: shared hit=1
                                 ->  Nested Loop  (cost=5095.67..528000.16 rows=9 width=20) (actual time=18.554..43534.006 rows=22327 loops=1)
                                       Buffers: shared hit=4385761 read=175353
                                       ->  Hash Join  (cost=5095.21..439410.43 rows=2063 width=12) (actual time=14.819..16021.268 rows=274705 loops=1)
                                             Hash Cond: (t.kind_id = kt.id)
                                             Buffers: shared hit=1565597 read=44276
                                             ->  Nested Loop  (cost=5094.01..439399.08 rows=2407 width=16) (actual time=14.788..15880.312 rows=274705 loops=1)
                                                   Buffers: shared hit=1565596 read=44276
                                                   ->  Bitmap Heap Scan on movie_info mi2  (cost=5093.57..359823.46 rows=13311 width=8) (actual time=14.235..327.678 rows=403873 loops=1)
                                                         Recheck Cond: (info_type_id = 6)
                                                         Filter: ((info)::text = ANY ('{Mono,Silent,Stereo}'::text[]))
                                                         Rows Removed by Filter: 70570
                                                         Heap Blocks: exact=3206
                                                         Buffers: shared hit=406 read=3174
                                                         ->  Bitmap Index Scan on info_type_id_movie_info  (cost=0.00..5090.24 rows=475974 width=0) (actual time=13.887..13.888 rows=474443 loops=1)
                                                               Index Cond: (info_type_id = 6)
                                                               Buffers: shared hit=1 read=373
                                                   ->  Memoize  (cost=0.44..6.07 rows=1 width=8) (actual time=0.038..0.038 rows=1 loops=403873)
                                                         Cache Key: mi2.movie_id
                                                         Cache Mode: logical
                                                         Hits: 2300  Misses: 401573  Evictions: 316128  Overflows: 0  Memory Usage: 8193kB
                                                         Buffers: shared hit=1565190 read=41102
                                                         ->  Index Scan using title_pkey on title t  (cost=0.43..6.06 rows=1 width=8) (actual time=0.036..0.036 rows=1 loops=401573)
                                                               Index Cond: (id = mi2.movie_id)
                                                               Filter: ((production_year <= 1975) AND (production_year >= 1875))
                                                               Rows Removed by Filter: 0
                                                               Buffers: shared hit=1565190 read=41102
                                             ->  Hash  (cost=1.12..1.12 rows=6 width=4) (actual time=0.012..0.013 rows=6 loops=1)
                                                   Buckets: 1024  Batches: 1  Memory Usage: 9kB
                                                   Buffers: shared hit=1
                                                   ->  Seq Scan on kind_type kt  (cost=0.00..1.12 rows=6 width=4) (actual time=0.007..0.009 rows=6 loops=1)
                                                         Filter: ((kind)::text = ANY ('{episode,movie,"tv movie","tv series","video game","video movie"}'::text[]))
                                                         Rows Removed by Filter: 1
                                                         Buffers: shared hit=1
                                       ->  Index Scan using movie_id_movie_info on movie_info mi1  (cost=0.46..42.93 rows=1 width=8) (actual time=0.099..0.100 rows=0 loops=274705)
                                             Index Cond: (movie_id = t.id)
                                             Filter: ((info_type_id = 8) AND ((info)::text = ANY ('{Austria,Czechoslovakia,Denmark,"East Germany",Germany,"Hong Kong",Netherlands,Philippines,Romania,"West Germany"}'::text[])))
                                             Rows Removed by Filter: 12
                                             Buffers: shared hit=2820164 read=131077
                     ->  Index Scan using movie_id_cast_info on cast_info ci  (cost=0.44..44.17 rows=38 width=12) (actual time=0.038..0.190 rows=16 loops=22327)
                           Index Cond: (movie_id = t.id)
                           Buffers: shared hit=364973 read=62836
               ->  Hash  (cost=1.15..1.15 rows=2 width=4) (actual time=0.027..0.028 rows=2 loops=1)
                     Buckets: 1024  Batches: 1  Memory Usage: 9kB
                     Buffers: shared hit=1
                     ->  Seq Scan on role_type rt  (cost=0.00..1.15 rows=2 width=4) (actual time=0.021..0.023 rows=2 loops=1)
                           Filter: ((role)::text = ANY ('{composer,producer}'::text[]))
                           Rows Removed by Filter: 10
                           Buffers: shared hit=1
         ->  Index Scan using name_pkey on name n  (cost=0.43..2.32 rows=1 width=4) (actual time=0.039..0.039 rows=0 loops=24100)
               Index Cond: (id = ci.person_id)
               Filter: ((gender)::text = ANY ('{f,m}'::text[]))
               Rows Removed by Filter: 1
               Buffers: shared hit=89129 read=7271
 Planning:
   Buffers: shared hit=576 read=1
 Planning Time: 11.271 ms
 Execution Time: 48947.519 ms
(78 rows)

