                                                                                               QUERY PLAN                                                                                               
--------------------------------------------------------------------------------------------------------------------------------------------------------------------------------------------------------
 Aggregate  (cost=528476.64..528476.65 rows=1 width=8) (actual time=20823.066..20823.074 rows=1 loops=1)
   Buffers: shared hit=1819002 read=229894
   ->  Nested Loop  (cost=13062.59..528476.37 rows=111 width=0) (actual time=50.206..20810.226 rows=62406 loops=1)
         Buffers: shared hit=1819002 read=229894
         ->  Hash Join  (cost=13062.16..528144.67 rows=143 width=4) (actual time=50.157..18377.821 rows=62406 loops=1)
               Hash Cond: (ci.role_id = rt.id)
               Buffers: shared hit=1585892 read=213380
               ->  Nested Loop  (cost=13060.93..528141.91 rows=430 width=8) (actual time=37.768..18260.768 rows=542510 loops=1)
                     Buffers: shared hit=1585891 read=213380
                     ->  Nested Loop  (cost=13060.49..526811.08 rows=30 width=12) (actual time=37.727..12133.002 rows=19113 loops=1)
                           Buffers: shared hit=1098069 read=111966
                           ->  Seq Scan on info_type it2  (cost=0.00..2.41 rows=1 width=4) (actual time=0.022..0.030 rows=1 loops=1)
                                 Filter: (id = 3)
                                 Rows Removed by Filter: 112
                                 Buffers: shared hit=1
                           ->  Nested Loop  (cost=13060.49..526808.36 rows=30 width=16) (actual time=37.703..12127.774 rows=19113 loops=1)
                                 Buffers: shared hit=1098068 read=111966
                                 ->  Seq Scan on info_type it1  (cost=0.00..2.41 rows=1 width=4) (actual time=0.007..0.017 rows=1 loops=1)
                                       Filter: (id = 4)
                                       Rows Removed by Filter: 112
                                       Buffers: shared hit=1
                                 ->  Nested Loop  (cost=13060.49..526805.65 rows=30 width=20) (actual time=37.693..12121.959 rows=19113 loops=1)
                                       Buffers: shared hit=1098067 read=111966
                                       ->  Hash Join  (cost=13060.06..460613.19 rows=1536 width=12) (actual time=37.627..7504.462 rows=43402 loops=1)
                                             Hash Cond: (t.kind_id = kt.id)
                                             Buffers: shared hit=709941 read=45048
                                             ->  Nested Loop  (cost=13058.90..460600.71 rows=2688 width=16) (actual time=37.583..7476.155 rows=60245 loops=1)
                                                   Buffers: shared hit=709940 read=45048
                                                   ->  Bitmap Heap Scan on movie_info mi1  (cost=13058.46..385269.98 rows=12276 width=8) (actual time=37.506..483.733 rows=191769 loops=1)
                                                         Recheck Cond: (info_type_id = 4)
                                                         Filter: ((info)::text = ANY ('{French,Georgian,German,Greek,Hebrew,Hungarian,Italian,Mandarin,Swedish,Telugu}'::text[]))
                                                         Rows Removed by Filter: 1107220
                                                         Heap Blocks: exact=8393
                                                         Buffers: shared hit=20 read=9392
                                                         ->  Bitmap Index Scan on info_type_id_movie_info  (cost=0.00..13055.37 rows=1221191 width=0) (actual time=35.658..35.658 rows=1298989 loops=1)
                                                               Index Cond: (info_type_id = 4)
                                                               Buffers: shared read=1019
                                                   ->  Memoize  (cost=0.44..6.22 rows=1 width=8) (actual time=0.036..0.036 rows=0 loops=191769)
                                                         Cache Key: mi1.movie_id
                                                         Cache Mode: logical
                                                         Hits: 5375  Misses: 186394  Evictions: 82396  Overflows: 0  Memory Usage: 8193kB
                                                         Buffers: shared hit=709920 read=35656
                                                         ->  Index Scan using title_pkey on title t  (cost=0.43..6.21 rows=1 width=8) (actual time=0.036..0.036 rows=0 loops=186394)
                                                               Index Cond: (id = mi1.movie_id)
                                                               Filter: ((production_year <= 1990) AND (production_year >= 1950))
                                                               Rows Removed by Filter: 1
                                                               Buffers: shared hit=709920 read=35656
                                             ->  Hash  (cost=1.10..1.10 rows=4 width=4) (actual time=0.019..0.020 rows=4 loops=1)
                                                   Buckets: 1024  Batches: 1  Memory Usage: 9kB
                                                   Buffers: shared hit=1
                                                   ->  Seq Scan on kind_type kt  (cost=0.00..1.10 rows=4 width=4) (actual time=0.008..0.010 rows=4 loops=1)
                                                         Filter: ((kind)::text = ANY ('{movie,"tv series","video game","video movie"}'::text[]))
                                                         Rows Removed by Filter: 3
                                                         Buffers: shared hit=1
                                       ->  Index Scan using movie_id_movie_info on movie_info mi2  (cost=0.43..43.08 rows=1 width=8) (actual time=0.105..0.106 rows=0 loops=43402)
                                             Index Cond: (movie_id = t.id)
                                             Filter: ((info_type_id = 3) AND ((info)::text = ANY ('{Adult,Drama,Horror,Music,Musical,Mystery,Sci-Fi,Sport,Thriller,War}'::text[])))
                                             Rows Removed by Filter: 13
                                             Buffers: shared hit=388126 read=66918
                     ->  Index Scan using movie_id_cast_info on cast_info ci  (cost=0.44..43.98 rows=38 width=12) (actual time=0.040..0.312 rows=28 loops=19113)
                           Index Cond: (movie_id = t.id)
                           Buffers: shared hit=487822 read=101414
               ->  Hash  (cost=1.18..1.18 rows=4 width=4) (actual time=0.036..0.037 rows=4 loops=1)
                     Buckets: 1024  Batches: 1  Memory Usage: 9kB
                     Buffers: shared hit=1
                     ->  Seq Scan on role_type rt  (cost=0.00..1.18 rows=4 width=4) (actual time=0.027..0.030 rows=4 loops=1)
                           Filter: ((role)::text = ANY ('{cinematographer,"costume designer",editor,producer}'::text[]))
                           Rows Removed by Filter: 8
                           Buffers: shared hit=1
         ->  Index Scan using name_pkey on name n  (cost=0.43..2.32 rows=1 width=4) (actual time=0.038..0.038 rows=1 loops=62406)
               Index Cond: (id = ci.person_id)
               Filter: (((gender)::text = ANY ('{f,m}'::text[])) OR (gender IS NULL))
               Buffers: shared hit=233110 read=16514
 Planning:
   Buffers: shared hit=486 read=91
 Planning Time: 13.958 ms
 Execution Time: 20825.369 ms
(77 rows)

