                                                                                                                                                                                                                                                                                                               QUERY PLAN                                                                                                                                                                                                                                                                                                               
----------------------------------------------------------------------------------------------------------------------------------------------------------------------------------------------------------------------------------------------------------------------------------------------------------------------------------------------------------------------------------------------------------------------------------------------------------------------------------------------------------------------------------------------------------------------------------------------------------------------------------------
 Aggregate  (cost=412448.63..412448.64 rows=1 width=8) (actual time=1032.001..1032.008 rows=1 loops=1)
   Buffers: shared hit=82736 read=22783
   ->  Nested Loop  (cost=7082.09..412448.63 rows=2 width=0) (actual time=19.374..1031.915 rows=261 loops=1)
         Buffers: shared hit=82736 read=22783
         ->  Hash Join  (cost=7081.66..412437.03 rows=5 width=4) (actual time=19.330..990.629 rows=1200 loops=1)
               Hash Cond: (ci.role_id = rt.id)
               Buffers: shared hit=79141 read=21578
               ->  Nested Loop  (cost=7080.48..412435.76 rows=29 width=8) (actual time=19.101..989.197 rows=9369 loops=1)
                     Buffers: shared hit=79140 read=21578
                     ->  Nested Loop  (cost=7080.04..412348.37 rows=2 width=12) (actual time=18.941..887.881 rows=424 loops=1)
                           Buffers: shared hit=72357 read=18162
                           ->  Seq Scan on info_type it2  (cost=0.00..2.41 rows=1 width=4) (actual time=0.016..0.022 rows=1 loops=1)
                                 Filter: (id = 4)
                                 Rows Removed by Filter: 112
                                 Buffers: shared hit=1
                           ->  Nested Loop  (cost=7080.04..412345.93 rows=2 width=16) (actual time=18.924..887.760 rows=424 loops=1)
                                 Buffers: shared hit=72356 read=18162
                                 ->  Seq Scan on info_type it1  (cost=0.00..2.41 rows=1 width=4) (actual time=0.008..0.015 rows=1 loops=1)
                                       Filter: (id = 18)
                                       Rows Removed by Filter: 112
                                       Buffers: shared hit=1
                                 ->  Nested Loop  (cost=7080.04..412343.50 rows=2 width=20) (actual time=18.913..887.636 rows=424 loops=1)
                                       Buffers: shared hit=72355 read=18162
                                       ->  Hash Join  (cost=7079.61..387606.59 rows=578 width=12) (actual time=18.807..499.171 rows=4276 loops=1)
                                             Hash Cond: (t.kind_id = kt.id)
                                             Buffers: shared hit=34789 read=10452
                                             ->  Nested Loop  (cost=7078.45..387601.16 rows=1012 width=16) (actual time=18.777..496.932 rows=8883 loops=1)
                                                   Buffers: shared hit=34788 read=10452
                                                   ->  Bitmap Heap Scan on movie_info mi1  (cost=7078.02..377307.84 rows=1267 width=8) (actual time=18.736..196.153 rows=9437 loops=1)
                                                         Recheck Cond: (info_type_id = 18)
                                                         Filter: ((info)::text = ANY ('{"Auckland, New Zealand",Belgium,"Bucharest, Romania","Calgary, Alberta, Canada","Cleveland, Ohio, USA","Long Beach, California, USA","Melbourne, Victoria, Australia","Munich, Bavaria, Germany","New York, New York, USA",Portugal,"Stage 10, 20th Century Fox Studios - 10201 Pico Blvd., Century City, Los Angeles, California, USA","Stage 23, Metro-Goldwyn-Mayer Studios - 10202 W. Washington Blvd., Culver City, California, USA","Stage 37, Universal Studios - 100 Universal City Plaza, Universal City, California, USA"}'::text[]))
                                                         Rows Removed by Filter: 651486
                                                         Heap Blocks: exact=6972
                                                         Buffers: shared hit=1225 read=6267
                                                         ->  Bitmap Index Scan on info_type_id_movie_info  (cost=0.00..7077.68 rows=662032 width=0) (actual time=17.693..17.693 rows=660923 loops=1)
                                                               Index Cond: (info_type_id = 18)
                                                               Buffers: shared read=520
                                                   ->  Index Scan using title_pkey on title t  (cost=0.43..8.12 rows=1 width=8) (actual time=0.031..0.031 rows=1 loops=9437)
                                                         Index Cond: (id = mi1.movie_id)
                                                         Filter: ((production_year <= 2015) AND (production_year >= 1975))
                                                         Rows Removed by Filter: 0
                                                         Buffers: shared hit=33563 read=4185
                                             ->  Hash  (cost=1.10..1.10 rows=4 width=4) (actual time=0.011..0.012 rows=4 loops=1)
                                                   Buckets: 1024  Batches: 1  Memory Usage: 9kB
                                                   Buffers: shared hit=1
                                                   ->  Seq Scan on kind_type kt  (cost=0.00..1.10 rows=4 width=4) (actual time=0.006..0.007 rows=4 loops=1)
                                                         Filter: ((kind)::text = ANY ('{episode,"tv series","video game","video movie"}'::text[]))
                                                         Rows Removed by Filter: 3
                                                         Buffers: shared hit=1
                                       ->  Index Scan using movie_id_movie_info on movie_info mi2  (cost=0.43..42.79 rows=1 width=8) (actual time=0.088..0.090 rows=0 loops=4276)
                                             Index Cond: (movie_id = t.id)
                                             Filter: ((info_type_id = 4) AND ((info)::text = ANY ('{Arabic,Bengali,Croatian,Dutch,Filipino,German,Hebrew,None,Polish,Romanian,Russian,Serbo-Croatian,Telugu}'::text[])))
                                             Rows Removed by Filter: 14
                                             Buffers: shared hit=37566 read=7710
                     ->  Index Scan using movie_id_cast_info on cast_info ci  (cost=0.44..43.32 rows=38 width=12) (actual time=0.027..0.234 rows=22 loops=424)
                           Index Cond: (movie_id = t.id)
                           Buffers: shared hit=6783 read=3416
               ->  Hash  (cost=1.15..1.15 rows=2 width=4) (actual time=0.028..0.029 rows=2 loops=1)
                     Buckets: 1024  Batches: 1  Memory Usage: 9kB
                     Buffers: shared hit=1
                     ->  Seq Scan on role_type rt  (cost=0.00..1.15 rows=2 width=4) (actual time=0.022..0.023 rows=2 loops=1)
                           Filter: ((role)::text = ANY ('{director,"miscellaneous crew"}'::text[]))
                           Rows Removed by Filter: 10
                           Buffers: shared hit=1
         ->  Index Scan using name_pkey on name n  (cost=0.43..2.32 rows=1 width=4) (actual time=0.034..0.034 rows=0 loops=1200)
               Index Cond: (id = ci.person_id)
               Filter: ((gender)::text = 'm'::text)
               Rows Removed by Filter: 1
               Buffers: shared hit=3595 read=1205
 Planning:
   Buffers: shared hit=489 read=88
 Planning Time: 9.294 ms
 Execution Time: 1032.426 ms
(73 rows)

