                                                                                             QUERY PLAN                                                                                              
-----------------------------------------------------------------------------------------------------------------------------------------------------------------------------------------------------
 Aggregate  (cost=398404.76..398404.77 rows=1 width=8) (actual time=10845.713..10845.720 rows=1 loops=1)
   Buffers: shared hit=924927 read=187727
   ->  Nested Loop  (cost=8155.36..398404.75 rows=4 width=0) (actual time=26.550..10837.640 rows=46791 loops=1)
         Buffers: shared hit=924927 read=187727
         ->  Hash Join  (cost=8154.93..398390.83 rows=6 width=4) (actual time=26.140..7520.375 rows=94289 loops=1)
               Hash Cond: (ci.role_id = rt.id)
               Buffers: shared hit=575594 read=159904
               ->  Nested Loop  (cost=8153.67..398389.52 rows=14 width=8) (actual time=25.780..7456.757 rows=255229 loops=1)
                     Buffers: shared hit=575593 read=159904
                     ->  Nested Loop  (cost=8153.23..398344.67 rows=1 width=12) (actual time=25.745..4576.541 rows=11255 loops=1)
                           Buffers: shared hit=372040 read=79801
                           ->  Nested Loop  (cost=8153.23..398342.25 rows=1 width=16) (actual time=25.740..4333.351 rows=11255 loops=1)
                                 Buffers: shared hit=360785 read=79801
                                 ->  Nested Loop  (cost=8153.23..398339.82 rows=1 width=20) (actual time=25.723..4107.565 rows=11255 loops=1)
                                       Buffers: shared hit=349530 read=79801
                                       ->  Hash Join  (cost=8152.80..390621.03 rows=179 width=12) (actual time=25.413..2419.863 rows=14488 loops=1)
                                             Hash Cond: (t.kind_id = kt.id)
                                             Buffers: shared hit=232220 read=24985
                                             ->  Nested Loop  (cost=8151.60..390618.95 rows=209 width=16) (actual time=25.372..2412.006 rows=14488 loops=1)
                                                   Buffers: shared hit=232219 read=24985
                                                   ->  Bitmap Heap Scan on movie_info mi1  (cost=8151.17..378736.87 rows=1472 width=8) (actual time=24.834..274.916 rows=62895 loops=1)
                                                         Recheck Cond: (info_type_id = 1)
                                                         Filter: ((info)::text = ANY ('{11,15,18,51,65,72,82,88,91,97,Argentina:30,USA:20,USA:25,USA:30,USA:90}'::text[]))
                                                         Rows Removed by Filter: 739245
                                                         Heap Blocks: exact=4993
                                                         Buffers: shared hit=842 read=4782
                                                         ->  Bitmap Index Scan on info_type_id_movie_info  (cost=0.00..8150.77 rows=762444 width=0) (actual time=24.185..24.186 rows=802140 loops=1)
                                                               Index Cond: (info_type_id = 1)
                                                               Buffers: shared hit=1 read=630
                                                   ->  Index Scan using title_pkey on title t  (cost=0.43..8.07 rows=1 width=8) (actual time=0.034..0.034 rows=0 loops=62895)
                                                         Index Cond: (id = mi1.movie_id)
                                                         Filter: ((production_year <= 1975) AND (production_year >= 1925))
                                                         Rows Removed by Filter: 1
                                                         Buffers: shared hit=231377 read=20203
                                             ->  Hash  (cost=1.12..1.12 rows=6 width=4) (actual time=0.018..0.019 rows=6 loops=1)
                                                   Buckets: 1024  Batches: 1  Memory Usage: 9kB
                                                   Buffers: shared hit=1
                                                   ->  Seq Scan on kind_type kt  (cost=0.00..1.12 rows=6 width=4) (actual time=0.009..0.011 rows=6 loops=1)
                                                         Filter: ((kind)::text = ANY ('{episode,movie,"tv movie","tv series","video game","video movie"}'::text[]))
                                                         Rows Removed by Filter: 1
                                                         Buffers: shared hit=1
                                       ->  Index Scan using movie_id_movie_info on movie_info mi2  (cost=0.43..43.11 rows=1 width=8) (actual time=0.064..0.116 rows=1 loops=14488)
                                             Index Cond: (movie_id = t.id)
                                             Filter: ((info_type_id = 6) AND ((info)::text = ANY ('{"4-Track Stereo",Mono,Silent,Stereo}'::text[])))
                                             Rows Removed by Filter: 14
                                             Buffers: shared hit=117310 read=54816
                                 ->  Seq Scan on info_type it1  (cost=0.00..2.41 rows=1 width=4) (actual time=0.009..0.018 rows=1 loops=11255)
                                       Filter: (id = 1)
                                       Rows Removed by Filter: 112
                                       Buffers: shared hit=11255
                           ->  Seq Scan on info_type it2  (cost=0.00..2.41 rows=1 width=4) (actual time=0.011..0.020 rows=1 loops=11255)
                                 Filter: (id = 6)
                                 Rows Removed by Filter: 112
                                 Buffers: shared hit=11255
                     ->  Index Scan using movie_id_cast_info on cast_info ci  (cost=0.44..44.48 rows=38 width=12) (actual time=0.038..0.250 rows=23 loops=11255)
                           Index Cond: (movie_id = t.id)
                           Buffers: shared hit=203553 read=80103
               ->  Hash  (cost=1.20..1.20 rows=5 width=4) (actual time=0.037..0.038 rows=5 loops=1)
                     Buckets: 1024  Batches: 1  Memory Usage: 9kB
                     Buffers: shared hit=1
                     ->  Seq Scan on role_type rt  (cost=0.00..1.20 rows=5 width=4) (actual time=0.027..0.030 rows=5 loops=1)
                           Filter: ((role)::text = ANY ('{actress,cinematographer,"costume designer",director,writer}'::text[]))
                           Rows Removed by Filter: 7
                           Buffers: shared hit=1
         ->  Index Scan using name_pkey on name n  (cost=0.43..2.32 rows=1 width=4) (actual time=0.035..0.035 rows=0 loops=94289)
               Index Cond: (id = ci.person_id)
               Filter: (((gender)::text = 'm'::text) OR (gender IS NULL))
               Rows Removed by Filter: 1
               Buffers: shared hit=349333 read=27823
 Planning:
   Buffers: shared hit=577
 Planning Time: 13.920 ms
 Execution Time: 10846.265 ms
(73 rows)

