                                                                                                   QUERY PLAN                                                                                                   
----------------------------------------------------------------------------------------------------------------------------------------------------------------------------------------------------------------
 Aggregate  (cost=641673.71..641673.72 rows=1 width=8) (actual time=6848.112..6848.122 rows=1 loops=1)
   Buffers: shared hit=662951 read=42082
   ->  Nested Loop  (cost=14219.30..641673.52 rows=78 width=0) (actual time=38.048..6847.587 rows=3293 loops=1)
         Buffers: shared hit=662951 read=42082
         ->  Hash Join  (cost=14218.87..641395.18 rows=120 width=4) (actual time=37.999..6715.818 rows=3419 loops=1)
               Hash Cond: (ci.role_id = rt.id)
               Buffers: shared hit=651804 read=39553
               ->  Nested Loop  (cost=14217.61..641392.90 rows=287 width=8) (actual time=37.959..6714.311 rows=4517 loops=1)
                     Buffers: shared hit=651803 read=39553
                     ->  Nested Loop  (cost=14217.17..640501.81 rows=20 width=12) (actual time=37.918..6645.916 rows=604 loops=1)
                           Buffers: shared hit=648420 read=36704
                           ->  Seq Scan on info_type it2  (cost=0.00..2.41 rows=1 width=4) (actual time=0.016..0.027 rows=1 loops=1)
                                 Filter: (id = 8)
                                 Rows Removed by Filter: 112
                                 Buffers: shared hit=1
                           ->  Nested Loop  (cost=14217.17..640499.20 rows=20 width=16) (actual time=37.900..6645.713 rows=604 loops=1)
                                 Buffers: shared hit=648419 read=36704
                                 ->  Seq Scan on info_type it1  (cost=0.00..2.41 rows=1 width=4) (actual time=0.006..0.019 rows=1 loops=1)
                                       Filter: (id = 3)
                                       Rows Removed by Filter: 112
                                       Buffers: shared hit=1
                                 ->  Nested Loop  (cost=14217.17..640496.59 rows=20 width=20) (actual time=37.892..6645.508 rows=604 loops=1)
                                       Buffers: shared hit=648418 read=36704
                                       ->  Hash Join  (cost=14216.73..591869.50 rows=1129 width=12) (actual time=32.938..6452.681 rows=2585 loops=1)
                                             Hash Cond: (t.kind_id = kt.id)
                                             Buffers: shared hit=632313 read=30957
                                             ->  Nested Loop  (cost=14215.60..591857.27 rows=2634 width=16) (actual time=32.914..6441.319 rows=49270 loops=1)
                                                   Buffers: shared hit=632312 read=30957
                                                   ->  Bitmap Heap Scan on movie_info mi2  (cost=14215.16..507263.20 rows=14562 width=8) (actual time=32.632..890.289 rows=165263 loops=1)
                                                         Recheck Cond: (info_type_id = 8)
                                                         Filter: ((info)::text = ANY ('{Argentina,Australia,Belgium,Czechoslovakia,Finland,Italy,Mexico,Norway,Philippines,Taiwan,Turkey,Yugoslavia}'::text[]))
                                                         Rows Removed by Filter: 1160098
                                                         Heap Blocks: exact=7853
                                                         Buffers: shared hit=2337 read=6556
                                                         ->  Bitmap Index Scan on info_type_id_movie_info  (cost=0.00..14211.52 rows=1329478 width=0) (actual time=31.640..31.640 rows=1325361 loops=1)
                                                               Index Cond: (info_type_id = 8)
                                                               Buffers: shared read=1040
                                                   ->  Memoize  (cost=0.44..5.91 rows=1 width=8) (actual time=0.033..0.033 rows=0 loops=165263)
                                                         Cache Key: mi2.movie_id
                                                         Cache Mode: logical
                                                         Hits: 1669  Misses: 163594  Evictions: 63468  Overflows: 0  Memory Usage: 8193kB
                                                         Buffers: shared hit=629975 read=24401
                                                         ->  Index Scan using title_pkey on title t  (cost=0.43..5.90 rows=1 width=8) (actual time=0.032..0.032 rows=0 loops=163594)
                                                               Index Cond: (id = mi2.movie_id)
                                                               Filter: ((production_year <= 1975) AND (production_year >= 1875))
                                                               Rows Removed by Filter: 1
                                                               Buffers: shared hit=629975 read=24401
                                             ->  Hash  (cost=1.10..1.10 rows=3 width=4) (actual time=0.011..0.012 rows=3 loops=1)
                                                   Buckets: 1024  Batches: 1  Memory Usage: 9kB
                                                   Buffers: shared hit=1
                                                   ->  Seq Scan on kind_type kt  (cost=0.00..1.10 rows=3 width=4) (actual time=0.005..0.006 rows=3 loops=1)
                                                         Filter: ((kind)::text = ANY ('{episode,"tv series","video game"}'::text[]))
                                                         Rows Removed by Filter: 4
                                                         Buffers: shared hit=1
                                       ->  Index Scan using movie_id_movie_info on movie_info mi1  (cost=0.43..43.06 rows=1 width=8) (actual time=0.073..0.074 rows=0 loops=2585)
                                             Index Cond: (movie_id = t.id)
                                             Filter: ((info_type_id = 3) AND ((info)::text = ANY ('{Comedy,Documentary,Horror,News,Sci-Fi,Talk-Show,War}'::text[])))
                                             Rows Removed by Filter: 6
                                             Buffers: shared hit=16105 read=5747
                     ->  Index Scan using movie_id_cast_info on cast_info ci  (cost=0.44..44.17 rows=38 width=12) (actual time=0.035..0.110 rows=7 loops=604)
                           Index Cond: (movie_id = t.id)
                           Buffers: shared hit=3383 read=2849
               ->  Hash  (cost=1.20..1.20 rows=5 width=4) (actual time=0.024..0.024 rows=5 loops=1)
                     Buckets: 1024  Batches: 1  Memory Usage: 9kB
                     Buffers: shared hit=1
                     ->  Seq Scan on role_type rt  (cost=0.00..1.20 rows=5 width=4) (actual time=0.017..0.020 rows=5 loops=1)
                           Filter: ((role)::text = ANY ('{actor,actress,guest,producer,"production designer"}'::text[]))
                           Rows Removed by Filter: 7
                           Buffers: shared hit=1
         ->  Index Scan using name_pkey on name n  (cost=0.43..2.32 rows=1 width=4) (actual time=0.038..0.038 rows=1 loops=3419)
               Index Cond: (id = ci.person_id)
               Filter: ((gender)::text = ANY ('{f,m}'::text[]))
               Rows Removed by Filter: 0
               Buffers: shared hit=11147 read=2529
 Planning:
   Buffers: shared hit=483 read=91
 Planning Time: 7.286 ms
 Execution Time: 6850.624 ms
(78 rows)

