                                                                                            QUERY PLAN                                                                                            
--------------------------------------------------------------------------------------------------------------------------------------------------------------------------------------------------
 Aggregate  (cost=573489.96..573489.97 rows=1 width=8) (actual time=2029.126..2029.134 rows=1 loops=1)
   Buffers: shared hit=151706 read=36745, temp read=847 written=847
   ->  Nested Loop  (cost=93423.27..573489.73 rows=92 width=0) (actual time=540.348..2028.824 rows=1295 loops=1)
         Buffers: shared hit=151706 read=36745, temp read=847 written=847
         ->  Hash Join  (cost=93422.84..573060.61 rows=185 width=4) (actual time=538.985..1956.012 rows=2143 loops=1)
               Hash Cond: (ci.role_id = rt.id)
               Buffers: shared hit=144347 read=35532, temp read=847 written=847
               ->  Nested Loop  (cost=93421.59..573057.78 rows=444 width=8) (actual time=536.343..1953.209 rows=14795 loops=1)
                     Buffers: shared hit=144346 read=35532, temp read=847 written=847
                     ->  Nested Loop  (cost=93421.15..571667.22 rows=31 width=12) (actual time=536.230..1778.315 rows=1368 loops=1)
                           Buffers: shared hit=134549 read=26792, temp read=847 written=847
                           ->  Seq Scan on info_type it2  (cost=0.00..2.41 rows=1 width=4) (actual time=0.030..0.038 rows=1 loops=1)
                                 Filter: (id = 3)
                                 Rows Removed by Filter: 112
                                 Buffers: shared hit=1
                           ->  Nested Loop  (cost=93421.15..571664.50 rows=31 width=16) (actual time=536.198..1777.952 rows=1368 loops=1)
                                 Buffers: shared hit=134548 read=26792, temp read=847 written=847
                                 ->  Seq Scan on info_type it1  (cost=0.00..2.41 rows=1 width=4) (actual time=0.009..0.018 rows=1 loops=1)
                                       Filter: (id = 8)
                                       Rows Removed by Filter: 112
                                       Buffers: shared hit=1
                                 ->  Nested Loop  (cost=93421.15..571661.78 rows=31 width=20) (actual time=536.185..1777.615 rows=1368 loops=1)
                                       Buffers: shared hit=134547 read=26792, temp read=847 written=847
                                       ->  Hash Join  (cost=93420.71..467188.77 rows=2417 width=12) (actual time=534.461..856.001 rows=12914 loops=1)
                                             Hash Cond: (mi1.movie_id = t.id)
                                             Buffers: shared hit=39590 read=5695, temp read=847 written=847
                                             ->  Bitmap Heap Scan on movie_info mi1  (cost=14218.98..386814.28 rows=29759 width=8) (actual time=34.227..239.433 rows=325473 loops=1)
                                                   Recheck Cond: (info_type_id = 8)
                                                   Filter: ((info)::text = ANY ('{Albania,Brazil,France,Italy,Japan,Mexico,"Soviet Union",Sweden,UK}'::text[]))
                                                   Rows Removed by Filter: 999888
                                                   Heap Blocks: exact=7853
                                                   Buffers: shared hit=8893
                                                   ->  Bitmap Index Scan on info_type_id_movie_info  (cost=0.00..14211.52 rows=1329478 width=0) (actual time=33.251..33.251 rows=1325361 loops=1)
                                                         Index Cond: (info_type_id = 8)
                                                         Buffers: shared hit=1040
                                             ->  Hash  (cost=75831.67..75831.67 rows=205365 width=4) (actual time=498.952..498.954 rows=198696 loops=1)
                                                   Buckets: 262144  Batches: 2  Memory Usage: 5542kB
                                                   Buffers: shared hit=30697 read=5695, temp written=291
                                                   ->  Hash Join  (cost=1.16..75831.67 rows=205365 width=4) (actual time=0.043..462.005 rows=198696 loops=1)
                                                         Hash Cond: (t.kind_id = kt.id)
                                                         Buffers: shared hit=30697 read=5695
                                                         ->  Seq Scan on title t  (cost=0.00..74315.95 rows=359388 width=8) (actual time=0.023..425.505 rows=350375 loops=1)
                                                               Filter: ((production_year <= 1975) AND (production_year >= 1925))
                                                               Rows Removed by Filter: 2177937
                                                               Buffers: shared hit=30696 read=5695
                                                         ->  Hash  (cost=1.10..1.10 rows=4 width=4) (actual time=0.015..0.016 rows=4 loops=1)
                                                               Buckets: 1024  Batches: 1  Memory Usage: 9kB
                                                               Buffers: shared hit=1
                                                               ->  Seq Scan on kind_type kt  (cost=0.00..1.10 rows=4 width=4) (actual time=0.007..0.008 rows=4 loops=1)
                                                                     Filter: ((kind)::text = ANY ('{episode,"tv movie","tv series","video movie"}'::text[]))
                                                                     Rows Removed by Filter: 3
                                                                     Buffers: shared hit=1
                                       ->  Index Scan using movie_id_movie_info on movie_info mi2  (cost=0.43..43.21 rows=1 width=8) (actual time=0.071..0.071 rows=0 loops=12914)
                                             Index Cond: (movie_id = t.id)
                                             Filter: ((info_type_id = 3) AND ((info)::text = ANY ('{Animation,Biography,Documentary,Fantasy,Sport,Thriller}'::text[])))
                                             Rows Removed by Filter: 7
                                             Buffers: shared hit=94957 read=21097
                     ->  Index Scan using movie_id_cast_info on cast_info ci  (cost=0.44..44.48 rows=38 width=12) (actual time=0.030..0.125 rows=11 loops=1368)
                           Index Cond: (movie_id = t.id)
                           Buffers: shared hit=9797 read=8740
               ->  Hash  (cost=1.20..1.20 rows=5 width=4) (actual time=0.106..0.107 rows=5 loops=1)
                     Buckets: 1024  Batches: 1  Memory Usage: 9kB
                     Buffers: shared hit=1
                     ->  Seq Scan on role_type rt  (cost=0.00..1.20 rows=5 width=4) (actual time=0.031..0.099 rows=5 loops=1)
                           Filter: ((role)::text = ANY ('{composer,"costume designer",guest,"production designer",writer}'::text[]))
                           Rows Removed by Filter: 7
                           Buffers: shared hit=1
         ->  Index Scan using name_pkey on name n  (cost=0.43..2.32 rows=1 width=4) (actual time=0.033..0.033 rows=1 loops=2143)
               Index Cond: (id = ci.person_id)
               Filter: (((gender)::text = 'f'::text) OR (gender IS NULL))
               Rows Removed by Filter: 0
               Buffers: shared hit=7359 read=1213
 Planning:
   Buffers: shared hit=576 read=1
 Planning Time: 14.810 ms
 Execution Time: 2029.745 ms
(76 rows)

