                                                                                                                                                                                                                                                                                                                                                                                                            QUERY PLAN                                                                                                                                                                                                                                                                                                                                                                                                            
----------------------------------------------------------------------------------------------------------------------------------------------------------------------------------------------------------------------------------------------------------------------------------------------------------------------------------------------------------------------------------------------------------------------------------------------------------------------------------------------------------------------------------------------------------------------------------------------------------------------------------------------------------------------------------------------------------------------------------------------------------------------------------------------------------------------------------
 Aggregate  (cost=440577.44..440577.45 rows=1 width=8) (actual time=2276.779..2276.788 rows=1 loops=1)
   Buffers: shared hit=178544 read=37728
   ->  Nested Loop  (cost=8154.90..440577.44 rows=1 width=0) (actual time=45.880..2276.628 rows=180 loops=1)
         Buffers: shared hit=178544 read=37728
         ->  Hash Join  (cost=8154.47..440575.12 rows=1 width=4) (actual time=34.964..2261.509 rows=325 loops=1)
               Hash Cond: (ci.role_id = rt.id)
               Buffers: shared hit=177495 read=37477
               ->  Nested Loop  (cost=8153.31..440573.91 rows=14 width=8) (actual time=32.952..2259.021 rows=13394 loops=1)
                     Buffers: shared hit=177494 read=37477
                     ->  Nested Loop  (cost=8152.87..440529.05 rows=1 width=12) (actual time=32.917..2104.173 rows=378 loops=1)
                           Buffers: shared hit=169961 read=30680
                           ->  Nested Loop  (cost=8152.87..440526.63 rows=1 width=16) (actual time=32.911..2096.328 rows=378 loops=1)
                                 Buffers: shared hit=169583 read=30680
                                 ->  Nested Loop  (cost=8152.87..440524.21 rows=1 width=20) (actual time=32.890..2087.751 rows=378 loops=1)
                                       Buffers: shared hit=169205 read=30680
                                       ->  Hash Join  (cost=8152.43..439696.13 rows=19 width=12) (actual time=22.236..1236.524 rows=7123 loops=1)
                                             Hash Cond: (t.kind_id = kt.id)
                                             Buffers: shared hit=109038 read=3663
                                             ->  Nested Loop  (cost=8151.23..439694.84 rows=22 width=16) (actual time=22.203..1233.135 rows=7123 loops=1)
                                                   Buffers: shared hit=109037 read=3663
                                                   ->  Bitmap Heap Scan on movie_info mi1  (cost=8150.80..438388.70 rows=155 width=8) (actual time=21.976..395.905 rows=26769 loops=1)
                                                         Recheck Cond: (info_type_id = 1)
                                                         Filter: ((info)::text = ANY ('{105,13,58,67,74,84,95,USA:10}'::text[]))
                                                         Rows Removed by Filter: 775371
                                                         Heap Blocks: exact=4993
                                                         Buffers: shared hit=2297 read=3327
                                                         ->  Bitmap Index Scan on info_type_id_movie_info  (cost=0.00..8150.77 rows=762444 width=0) (actual time=21.323..21.324 rows=802140 loops=1)
                                                               Index Cond: (info_type_id = 1)
                                                               Buffers: shared hit=1 read=630
                                                   ->  Index Scan using title_pkey on title t  (cost=0.43..8.43 rows=1 width=8) (actual time=0.031..0.031 rows=0 loops=26769)
                                                         Index Cond: (id = mi1.movie_id)
                                                         Filter: ((production_year <= 1975) AND (production_year >= 1925))
                                                         Rows Removed by Filter: 1
                                                         Buffers: shared hit=106740 read=336
                                             ->  Hash  (cost=1.12..1.12 rows=6 width=4) (actual time=0.016..0.017 rows=6 loops=1)
                                                   Buckets: 1024  Batches: 1  Memory Usage: 9kB
                                                   Buffers: shared hit=1
                                                   ->  Seq Scan on kind_type kt  (cost=0.00..1.12 rows=6 width=4) (actual time=0.009..0.011 rows=6 loops=1)
                                                         Filter: ((kind)::text = ANY ('{episode,movie,"tv movie","tv series","video game","video movie"}'::text[]))
                                                         Rows Removed by Filter: 1
                                                         Buffers: shared hit=1
                                       ->  Index Scan using movie_id_movie_info on movie_info mi2  (cost=0.43..43.57 rows=1 width=8) (actual time=0.113..0.119 rows=0 loops=7123)
                                             Index Cond: (movie_id = t.id)
                                             Filter: ((info_type_id = 18) AND ((info)::text = ANY ('{"20th Century Fox Studios - 10201 Pico Blvd., Century City, Los Angeles, California, USA","Berlin, Germany","CBS Studio 50, New York City, New York, USA","Cinecittà Studios, Cinecittà, Rome, Lazio, Italy","General Service Studios - 1040 N. Las Palmas, Hollywood, Los Angeles, California, USA","London, England, UK","Los Angeles, California, USA","Mexico City, Distrito Federal, Mexico","Paris, France","Pinewood Studios, Iver Heath, Buckinghamshire, England, UK","Republic Studios - 4024 Radford Avenue, North Hollywood, Los Angeles, California, USA","Revue Studios, Hollywood, Los Angeles, California, USA","Universal Studios - 100 Universal City Plaza, Universal City, California, USA"}'::text[])))
                                             Rows Removed by Filter: 16
                                             Buffers: shared hit=60167 read=27017
                                 ->  Seq Scan on info_type it1  (cost=0.00..2.41 rows=1 width=4) (actual time=0.011..0.020 rows=1 loops=378)
                                       Filter: (id = 1)
                                       Rows Removed by Filter: 112
                                       Buffers: shared hit=378
                           ->  Seq Scan on info_type it2  (cost=0.00..2.41 rows=1 width=4) (actual time=0.011..0.019 rows=1 loops=378)
                                 Filter: (id = 18)
                                 Rows Removed by Filter: 112
                                 Buffers: shared hit=378
                     ->  Index Scan using movie_id_cast_info on cast_info ci  (cost=0.44..44.48 rows=38 width=12) (actual time=0.043..0.400 rows=35 loops=378)
                           Index Cond: (movie_id = t.id)
                           Buffers: shared hit=7533 read=6797
               ->  Hash  (cost=1.15..1.15 rows=1 width=4) (actual time=0.026..0.027 rows=1 loops=1)
                     Buckets: 1024  Batches: 1  Memory Usage: 9kB
                     Buffers: shared hit=1
                     ->  Seq Scan on role_type rt  (cost=0.00..1.15 rows=1 width=4) (actual time=0.021..0.022 rows=1 loops=1)
                           Filter: ((role)::text = 'composer'::text)
                           Rows Removed by Filter: 11
                           Buffers: shared hit=1
         ->  Index Scan using name_pkey on name n  (cost=0.43..2.32 rows=1 width=4) (actual time=0.045..0.045 rows=1 loops=325)
               Index Cond: (id = ci.person_id)
               Filter: (((gender)::text = 'f'::text) OR (gender IS NULL))
               Rows Removed by Filter: 0
               Buffers: shared hit=1049 read=251
 Planning:
   Buffers: shared hit=574
 Planning Time: 10.666 ms
 Execution Time: 2277.292 ms
(73 rows)

