                                                                                                                                           QUERY PLAN                                                                                                                                            
-------------------------------------------------------------------------------------------------------------------------------------------------------------------------------------------------------------------------------------------------------------------------------------------------
 Aggregate  (cost=343405.18..343405.19 rows=1 width=8) (actual time=582.874..582.880 rows=1 loops=1)
   Buffers: shared hit=42036 read=16549
   ->  Nested Loop  (cost=3725.52..343405.17 rows=4 width=0) (actual time=37.653..582.613 rows=2122 loops=1)
         Buffers: shared hit=42036 read=16549
         ->  Hash Join  (cost=3725.09..343393.57 rows=5 width=4) (actual time=37.621..520.194 rows=2122 loops=1)
               Hash Cond: (ci.role_id = rt.id)
               Buffers: shared hit=33887 read=16210
               ->  Nested Loop  (cost=3723.86..343392.29 rows=14 width=8) (actual time=37.336..517.003 rows=25413 loops=1)
                     Buffers: shared hit=33886 read=16210
                     ->  Nested Loop  (cost=3723.42..343347.44 rows=1 width=12) (actual time=37.297..277.588 rows=509 loops=1)
                           Buffers: shared hit=12381 read=11045
                           ->  Nested Loop  (cost=3723.42..343345.01 rows=1 width=16) (actual time=37.291..270.795 rows=509 loops=1)
                                 Buffers: shared hit=11872 read=11045
                                 ->  Nested Loop  (cost=3723.42..343342.59 rows=1 width=20) (actual time=37.273..263.727 rows=509 loops=1)
                                       Buffers: shared hit=11363 read=11045
                                       ->  Nested Loop  (cost=3722.98..343299.26 rows=1 width=12) (actual time=37.181..191.352 rows=512 loops=1)
                                             Buffers: shared hit=5154 read=9134
                                             ->  Nested Loop  (cost=3722.85..343299.10 rows=1 width=16) (actual time=37.156..183.265 rows=512 loops=1)
                                                   Buffers: shared hit=4130 read=9134
                                                   ->  Bitmap Heap Scan on movie_info mi2  (cost=3722.42..343223.03 rows=9 width=8) (actual time=37.101..170.078 rows=512 loops=1)
                                                         Recheck Cond: (info_type_id = 17)
                                                         Filter: ((info)::text = 'One of over 700 Paramount Productions, filmed between 1929 and 1949, which were sold to MCA/Universal in 1958 for television distribution, and have been owned and controlled by Universal ever since.'::text)
                                                         Rows Removed by Filter: 367706
                                                         Heap Blocks: exact=10925
                                                         Buffers: shared hit=2082 read=9134
                                                         ->  Bitmap Index Scan on info_type_id_movie_info  (cost=0.00..3722.42 rows=347998 width=0) (actual time=13.108..13.109 rows=368218 loops=1)
                                                               Index Cond: (info_type_id = 17)
                                                               Buffers: shared hit=1 read=290
                                                   ->  Index Scan using title_pkey on title t  (cost=0.43..8.45 rows=1 width=8) (actual time=0.025..0.025 rows=1 loops=512)
                                                         Index Cond: (id = mi2.movie_id)
                                                         Filter: ((production_year <= 1975) AND (production_year >= 1925))
                                                         Buffers: shared hit=2048
                                             ->  Index Scan using kind_type_pkey on kind_type kt  (cost=0.13..0.16 rows=1 width=4) (actual time=0.015..0.015 rows=1 loops=512)
                                                   Index Cond: (id = t.kind_id)
                                                   Filter: ((kind)::text = ANY ('{episode,movie,"video game","video movie"}'::text[]))
                                                   Buffers: shared hit=1024
                                       ->  Index Scan using movie_id_movie_info on movie_info mi1  (cost=0.43..43.32 rows=1 width=8) (actual time=0.133..0.141 rows=1 loops=512)
                                             Index Cond: (movie_id = t.id)
                                             Filter: ((info_type_id = 8) AND ((info)::text = ANY ('{Australia,France,Germany,Italy,Japan,Philippines,"Soviet Union",USA}'::text[])))
                                             Rows Removed by Filter: 27
                                             Buffers: shared hit=6209 read=1911
                                 ->  Seq Scan on info_type it1  (cost=0.00..2.41 rows=1 width=4) (actual time=0.007..0.012 rows=1 loops=509)
                                       Filter: (id = 8)
                                       Rows Removed by Filter: 112
                                       Buffers: shared hit=509
                           ->  Seq Scan on info_type it2  (cost=0.00..2.41 rows=1 width=4) (actual time=0.007..0.012 rows=1 loops=509)
                                 Filter: (id = 17)
                                 Rows Removed by Filter: 112
                                 Buffers: shared hit=509
                     ->  Index Scan using movie_id_cast_info on cast_info ci  (cost=0.44..44.48 rows=38 width=12) (actual time=0.037..0.462 rows=50 loops=509)
                           Index Cond: (movie_id = t.id)
                           Buffers: shared hit=21505 read=5165
               ->  Hash  (cost=1.18..1.18 rows=4 width=4) (actual time=0.043..0.043 rows=4 loops=1)
                     Buckets: 1024  Batches: 1  Memory Usage: 9kB
                     Buffers: shared hit=1
                     ->  Seq Scan on role_type rt  (cost=0.00..1.18 rows=4 width=4) (actual time=0.032..0.035 rows=4 loops=1)
                           Filter: ((role)::text = ANY ('{cinematographer,director,editor,producer}'::text[]))
                           Rows Removed by Filter: 8
                           Buffers: shared hit=1
         ->  Index Scan using name_pkey on name n  (cost=0.43..2.32 rows=1 width=4) (actual time=0.029..0.029 rows=1 loops=2122)
               Index Cond: (id = ci.person_id)
               Filter: (((gender)::text = ANY ('{f,m}'::text[])) OR (gender IS NULL))
               Buffers: shared hit=8149 read=339
 Planning:
   Buffers: shared hit=574
 Planning Time: 12.814 ms
 Execution Time: 583.438 ms
(67 rows)

