                                                                                               QUERY PLAN                                                                                                
---------------------------------------------------------------------------------------------------------------------------------------------------------------------------------------------------------
 Aggregate  (cost=440453.56..440453.57 rows=1 width=8) (actual time=3195.231..3195.238 rows=1 loops=1)
   Buffers: shared hit=232670 read=75296
   ->  Nested Loop  (cost=8154.95..440453.55 rows=3 width=0) (actual time=61.033..3193.758 rows=9884 loops=1)
         Buffers: shared hit=232670 read=75296
         ->  Hash Join  (cost=8154.52..440441.96 rows=5 width=4) (actual time=60.969..2804.907 rows=10193 loops=1)
               Hash Cond: (ci.role_id = rt.id)
               Buffers: shared hit=201831 read=65363
               ->  Nested Loop  (cost=8153.29..440440.68 rows=14 width=8) (actual time=60.914..2799.811 rows=15347 loops=1)
                     Buffers: shared hit=201830 read=65363
                     ->  Nested Loop  (cost=8152.85..440395.82 rows=1 width=12) (actual time=60.847..2598.371 rows=883 loops=1)
                           Buffers: shared hit=191720 read=57782
                           ->  Nested Loop  (cost=8152.85..440393.40 rows=1 width=16) (actual time=60.832..2580.990 rows=883 loops=1)
                                 Buffers: shared hit=190837 read=57782
                                 ->  Nested Loop  (cost=8152.85..440390.98 rows=1 width=20) (actual time=60.807..2561.711 rows=883 loops=1)
                                       Buffers: shared hit=189954 read=57782
                                       ->  Hash Join  (cost=8152.41..439696.11 rows=16 width=12) (actual time=23.396..1611.664 rows=8328 loops=1)
                                             Hash Cond: (t.kind_id = kt.id)
                                             Buffers: shared hit=128770 read=19747
                                             ->  Nested Loop  (cost=8151.23..439694.84 rows=22 width=16) (actual time=23.361..1607.676 rows=8849 loops=1)
                                                   Buffers: shared hit=128769 read=19747
                                                   ->  Bitmap Heap Scan on movie_info mi1  (cost=8150.80..438388.70 rows=155 width=8) (actual time=23.055..431.927 rows=35723 loops=1)
                                                         Recheck Cond: (info_type_id = 1)
                                                         Filter: ((info)::text = ANY ('{120,17,20,54,70,82,93,USA:30}'::text[]))
                                                         Rows Removed by Filter: 766417
                                                         Heap Blocks: exact=4993
                                                         Buffers: shared hit=1157 read=4467
                                                         ->  Bitmap Index Scan on info_type_id_movie_info  (cost=0.00..8150.77 rows=762444 width=0) (actual time=22.078..22.079 rows=802140 loops=1)
                                                               Index Cond: (info_type_id = 1)
                                                               Buffers: shared read=631
                                                   ->  Index Scan using title_pkey on title t  (cost=0.43..8.43 rows=1 width=8) (actual time=0.032..0.032 rows=0 loops=35723)
                                                         Index Cond: (id = mi1.movie_id)
                                                         Filter: ((production_year <= 1975) AND (production_year >= 1925))
                                                         Rows Removed by Filter: 1
                                                         Buffers: shared hit=127612 read=15280
                                             ->  Hash  (cost=1.11..1.11 rows=5 width=4) (actual time=0.016..0.017 rows=5 loops=1)
                                                   Buckets: 1024  Batches: 1  Memory Usage: 9kB
                                                   Buffers: shared hit=1
                                                   ->  Seq Scan on kind_type kt  (cost=0.00..1.11 rows=5 width=4) (actual time=0.008..0.010 rows=5 loops=1)
                                                         Filter: ((kind)::text = ANY ('{episode,movie,"tv series","video game","video movie"}'::text[]))
                                                         Rows Removed by Filter: 2
                                                         Buffers: shared hit=1
                                       ->  Index Scan using movie_id_movie_info on movie_info mi2  (cost=0.43..43.42 rows=1 width=8) (actual time=0.113..0.114 rows=0 loops=8328)
                                             Index Cond: (movie_id = t.id)
                                             Filter: ((info_type_id = 8) AND ((info)::text = ANY ('{Australia,Canada,"East Germany",Finland,Greece,India,Japan,Poland,"Soviet Union",Turkey}'::text[])))
                                             Rows Removed by Filter: 15
                                             Buffers: shared hit=61184 read=38035
                                 ->  Seq Scan on info_type it1  (cost=0.00..2.41 rows=1 width=4) (actual time=0.011..0.020 rows=1 loops=883)
                                       Filter: (id = 1)
                                       Rows Removed by Filter: 112
                                       Buffers: shared hit=883
                           ->  Seq Scan on info_type it2  (cost=0.00..2.41 rows=1 width=4) (actual time=0.009..0.018 rows=1 loops=883)
                                 Filter: (id = 8)
                                 Rows Removed by Filter: 112
                                 Buffers: shared hit=883
                     ->  Index Scan using movie_id_cast_info on cast_info ci  (cost=0.44..44.48 rows=38 width=12) (actual time=0.045..0.223 rows=17 loops=883)
                           Index Cond: (movie_id = t.id)
                           Buffers: shared hit=10110 read=7581
               ->  Hash  (cost=1.18..1.18 rows=4 width=4) (actual time=0.032..0.032 rows=4 loops=1)
                     Buckets: 1024  Batches: 1  Memory Usage: 9kB
                     Buffers: shared hit=1
                     ->  Seq Scan on role_type rt  (cost=0.00..1.18 rows=4 width=4) (actual time=0.022..0.026 rows=4 loops=1)
                           Filter: ((role)::text = ANY ('{actor,actress,"costume designer","miscellaneous crew"}'::text[]))
                           Rows Removed by Filter: 8
                           Buffers: shared hit=1
         ->  Index Scan using name_pkey on name n  (cost=0.43..2.32 rows=1 width=4) (actual time=0.038..0.038 rows=1 loops=10193)
               Index Cond: (id = ci.person_id)
               Filter: ((gender)::text = ANY ('{f,m}'::text[]))
               Rows Removed by Filter: 0
               Buffers: shared hit=30839 read=9933
 Planning:
   Buffers: shared hit=487 read=87
 Planning Time: 12.964 ms
 Execution Time: 3195.714 ms
(73 rows)

