                                                                                             QUERY PLAN                                                                                              
-----------------------------------------------------------------------------------------------------------------------------------------------------------------------------------------------------
 Aggregate  (cost=420897.30..420897.31 rows=1 width=8) (actual time=1704.344..1704.351 rows=1 loops=1)
   Buffers: shared hit=148871 read=26182
   ->  Nested Loop  (cost=8155.10..420897.29 rows=3 width=0) (actual time=37.735..1704.271 rows=92 loops=1)
         Buffers: shared hit=148871 read=26182
         ->  Hash Join  (cost=8154.67..420871.77 rows=11 width=4) (actual time=29.559..1601.843 rows=2630 loops=1)
               Hash Cond: (ci.role_id = rt.id)
               Buffers: shared hit=141204 read=23329
               ->  Nested Loop  (cost=8153.47..420870.41 rows=43 width=8) (actual time=26.680..1598.829 rows=17630 loops=1)
                     Buffers: shared hit=141203 read=23329
                     ->  Nested Loop  (cost=8153.03..420736.75 rows=3 width=12) (actual time=26.646..1388.134 rows=1069 loops=1)
                           Buffers: shared hit=131076 read=12850
                           ->  Seq Scan on info_type it2  (cost=0.00..2.41 rows=1 width=4) (actual time=0.018..0.026 rows=1 loops=1)
                                 Filter: (id = 4)
                                 Rows Removed by Filter: 112
                                 Buffers: shared hit=1
                           ->  Nested Loop  (cost=8153.03..420734.31 rows=3 width=16) (actual time=26.627..1387.897 rows=1069 loops=1)
                                 Buffers: shared hit=131075 read=12850
                                 ->  Seq Scan on info_type it1  (cost=0.00..2.41 rows=1 width=4) (actual time=0.006..0.015 rows=1 loops=1)
                                       Filter: (id = 1)
                                       Rows Removed by Filter: 112
                                       Buffers: shared hit=1
                                 ->  Nested Loop  (cost=8153.03..420731.87 rows=3 width=20) (actual time=26.619..1387.619 rows=1069 loops=1)
                                       Buffers: shared hit=131074 read=12850
                                       ->  Hash Join  (cost=8152.59..416447.55 rows=99 width=12) (actual time=26.520..1281.203 rows=1141 loops=1)
                                             Hash Cond: (t.kind_id = kt.id)
                                             Buffers: shared hit=123572 read=8905
                                             ->  Nested Loop  (cost=8151.44..416445.66 rows=174 width=16) (actual time=22.534..1279.590 rows=7199 loops=1)
                                                   Buffers: shared hit=123571 read=8905
                                                   ->  Bitmap Heap Scan on movie_info mi1  (cost=8151.01..408562.81 rows=961 width=8) (actual time=21.686..315.590 rows=31713 loops=1)
                                                         Recheck Cond: (info_type_id = 1)
                                                         Filter: ((info)::text = ANY ('{45,51,72,90,98,"West Germany:90"}'::text[]))
                                                         Rows Removed by Filter: 770427
                                                         Heap Blocks: exact=4993
                                                         Buffers: shared hit=3597 read=2027
                                                         ->  Bitmap Index Scan on info_type_id_movie_info  (cost=0.00..8150.77 rows=762444 width=0) (actual time=21.021..21.022 rows=802140 loops=1)
                                                               Index Cond: (info_type_id = 1)
                                                               Buffers: shared read=631
                                                   ->  Index Scan using title_pkey on title t  (cost=0.43..8.20 rows=1 width=8) (actual time=0.030..0.030 rows=0 loops=31713)
                                                         Index Cond: (id = mi1.movie_id)
                                                         Filter: ((production_year <= 1975) AND (production_year >= 1875))
                                                         Rows Removed by Filter: 1
                                                         Buffers: shared hit=119974 read=6878
                                             ->  Hash  (cost=1.10..1.10 rows=4 width=4) (actual time=0.016..0.017 rows=4 loops=1)
                                                   Buckets: 1024  Batches: 1  Memory Usage: 9kB
                                                   Buffers: shared hit=1
                                                   ->  Seq Scan on kind_type kt  (cost=0.00..1.10 rows=4 width=4) (actual time=0.007..0.009 rows=4 loops=1)
                                                         Filter: ((kind)::text = ANY ('{"tv movie","tv series","video game","video movie"}'::text[]))
                                                         Rows Removed by Filter: 3
                                                         Buffers: shared hit=1
                                       ->  Index Scan using movie_id_movie_info on movie_info mi2  (cost=0.43..43.27 rows=1 width=8) (actual time=0.045..0.093 rows=1 loops=1141)
                                             Index Cond: (movie_id = t.id)
                                             Filter: ((info_type_id = 4) AND ((info)::text = ANY ('{Dutch,English,Finnish,French,German,Greek,Japanese,Mandarin,Polish,Spanish,Swedish}'::text[])))
                                             Rows Removed by Filter: 9
                                             Buffers: shared hit=7502 read=3945
                     ->  Index Scan using movie_id_cast_info on cast_info ci  (cost=0.44..44.17 rows=38 width=12) (actual time=0.034..0.193 rows=16 loops=1069)
                           Index Cond: (movie_id = t.id)
                           Buffers: shared hit=10127 read=10479
               ->  Hash  (cost=1.17..1.17 rows=3 width=4) (actual time=0.028..0.028 rows=3 loops=1)
                     Buckets: 1024  Batches: 1  Memory Usage: 9kB
                     Buffers: shared hit=1
                     ->  Seq Scan on role_type rt  (cost=0.00..1.17 rows=3 width=4) (actual time=0.020..0.022 rows=3 loops=1)
                           Filter: ((role)::text = ANY ('{composer,producer,writer}'::text[]))
                           Rows Removed by Filter: 9
                           Buffers: shared hit=1
         ->  Index Scan using name_pkey on name n  (cost=0.43..2.32 rows=1 width=4) (actual time=0.039..0.039 rows=0 loops=2630)
               Index Cond: (id = ci.person_id)
               Filter: ((gender)::text = 'f'::text)
               Rows Removed by Filter: 1
               Buffers: shared hit=7667 read=2853
 Planning:
   Buffers: shared hit=529 read=45
 Planning Time: 11.231 ms
 Execution Time: 1704.771 ms
(73 rows)

