                                                                                                                                            QUERY PLAN                                                                                                                                             
---------------------------------------------------------------------------------------------------------------------------------------------------------------------------------------------------------------------------------------------------------------------------------------------------
 Aggregate  (cost=523457.38..523457.39 rows=1 width=8) (actual time=35083.895..35083.903 rows=1 loops=1)
   Buffers: shared hit=3316838 read=148752
   ->  Nested Loop  (cost=5096.32..523457.36 rows=10 width=0) (actual time=16.389..35070.086 rows=55204 loops=1)
         Buffers: shared hit=3316838 read=148752
         ->  Hash Join  (cost=5095.89..523399.37 rows=25 width=4) (actual time=16.297..30149.744 rows=127491 loops=1)
               Hash Cond: (ci.role_id = rt.id)
               Buffers: shared hit=2812693 read=142933
               ->  Nested Loop  (cost=5094.69..523397.81 rows=100 width=8) (actual time=15.914..29903.541 rows=1024511 loops=1)
                     Buffers: shared hit=2812692 read=142933
                     ->  Nested Loop  (cost=5094.25..523085.93 rows=7 width=12) (actual time=15.885..17465.696 rows=70478 loops=1)
                           Buffers: shared hit=1660590 read=75768
                           ->  Seq Scan on info_type it2  (cost=0.00..2.41 rows=1 width=4) (actual time=0.029..0.039 rows=1 loops=1)
                                 Filter: (id = 7)
                                 Rows Removed by Filter: 112
                                 Buffers: shared hit=1
                           ->  Nested Loop  (cost=5094.25..523083.45 rows=7 width=16) (actual time=15.856..17444.794 rows=70478 loops=1)
                                 Buffers: shared hit=1660589 read=75768
                                 ->  Seq Scan on info_type it1  (cost=0.00..2.41 rows=1 width=4) (actual time=0.006..0.020 rows=1 loops=1)
                                       Filter: (id = 6)
                                       Rows Removed by Filter: 112
                                       Buffers: shared hit=1
                                 ->  Nested Loop  (cost=5094.25..523080.97 rows=7 width=20) (actual time=15.846..17423.540 rows=70478 loops=1)
                                       Buffers: shared hit=1660588 read=75768
                                       ->  Hash Join  (cost=5093.81..487766.40 rows=817 width=12) (actual time=15.807..9830.861 rows=74599 loops=1)
                                             Hash Cond: (t.kind_id = kt.id)
                                             Buffers: shared hit=937336 read=31321
                                             ->  Nested Loop  (cost=5092.66..487759.22 rows=1431 width=16) (actual time=15.755..9766.901 rows=160582 loops=1)
                                                   Buffers: shared hit=937335 read=31321
                                                   ->  Bitmap Heap Scan on movie_info mi1  (cost=5092.22..434024.76 rows=7910 width=8) (actual time=15.188..384.504 rows=242837 loops=1)
                                                         Recheck Cond: (info_type_id = 6)
                                                         Filter: ((info)::text = ANY ('{"4-Track Stereo","70 mm 6-Track","AGA Sound System",Chronophone,Cinephone,"Dolby Digital",Mono,"Perspecta Stereo"}'::text[]))
                                                         Rows Removed by Filter: 231606
                                                         Heap Blocks: exact=3206
                                                         Buffers: shared hit=426 read=3154
                                                         ->  Bitmap Index Scan on info_type_id_movie_info  (cost=0.00..5090.24 rows=475974 width=0) (actual time=14.827..14.827 rows=474443 loops=1)
                                                               Index Cond: (info_type_id = 6)
                                                               Buffers: shared hit=1 read=373
                                                   ->  Memoize  (cost=0.44..6.85 rows=1 width=8) (actual time=0.038..0.038 rows=1 loops=242837)
                                                         Cache Key: mi1.movie_id
                                                         Cache Mode: logical
                                                         Hits: 1568  Misses: 241269  Evictions: 150524  Overflows: 0  Memory Usage: 8193kB
                                                         Buffers: shared hit=936909 read=28167
                                                         ->  Index Scan using title_pkey on title t  (cost=0.43..6.84 rows=1 width=8) (actual time=0.037..0.037 rows=1 loops=241269)
                                                               Index Cond: (id = mi1.movie_id)
                                                               Filter: ((production_year <= 1975) AND (production_year >= 1875))
                                                               Rows Removed by Filter: 0
                                                               Buffers: shared hit=936909 read=28167
                                             ->  Hash  (cost=1.10..1.10 rows=4 width=4) (actual time=0.019..0.020 rows=4 loops=1)
                                                   Buckets: 1024  Batches: 1  Memory Usage: 9kB
                                                   Buffers: shared hit=1
                                                   ->  Seq Scan on kind_type kt  (cost=0.00..1.10 rows=4 width=4) (actual time=0.012..0.013 rows=4 loops=1)
                                                         Filter: ((kind)::text = ANY ('{episode,"tv movie","video game","video movie"}'::text[]))
                                                         Rows Removed by Filter: 3
                                                         Buffers: shared hit=1
                                       ->  Index Scan using movie_id_movie_info on movie_info mi2  (cost=0.43..43.21 rows=1 width=8) (actual time=0.069..0.101 rows=1 loops=74599)
                                             Index Cond: (movie_id = t.id)
                                             Filter: ((info_type_id = 7) AND ((info)::text = ANY ('{"LAB:Consolidated Film Industries (CFI), Hollywood (CA), USA","MET:15.2 m","MET:15.24 m","MET:150 m","MET:200 m","MET:30 m","MET:600 m",PCS:Panavision,"PFM:16 mm","RAT:1.33 : 1"}'::text[])))
                                             Rows Removed by Filter: 9
                                             Buffers: shared hit=723252 read=44447
                     ->  Index Scan using movie_id_cast_info on cast_info ci  (cost=0.44..44.17 rows=38 width=12) (actual time=0.039..0.171 rows=15 loops=70478)
                           Index Cond: (movie_id = t.id)
                           Buffers: shared hit=1152102 read=67165
               ->  Hash  (cost=1.17..1.17 rows=3 width=4) (actual time=0.037..0.037 rows=3 loops=1)
                     Buckets: 1024  Batches: 1  Memory Usage: 9kB
                     Buffers: shared hit=1
                     ->  Seq Scan on role_type rt  (cost=0.00..1.17 rows=3 width=4) (actual time=0.028..0.030 rows=3 loops=1)
                           Filter: ((role)::text = ANY ('{"costume designer",editor,producer}'::text[]))
                           Rows Removed by Filter: 9
                           Buffers: shared hit=1
         ->  Index Scan using name_pkey on name n  (cost=0.43..2.32 rows=1 width=4) (actual time=0.038..0.038 rows=0 loops=127491)
               Index Cond: (id = ci.person_id)
               Filter: ((gender)::text = 'm'::text)
               Rows Removed by Filter: 1
               Buffers: shared hit=504145 read=5819
 Planning:
   Buffers: shared hit=574
 Planning Time: 13.024 ms
 Execution Time: 35086.255 ms
(78 rows)

