                                                                                                                QUERY PLAN                                                                                                                 
-------------------------------------------------------------------------------------------------------------------------------------------------------------------------------------------------------------------------------------------
 Aggregate  (cost=439328.61..439328.62 rows=1 width=8) (actual time=41566.812..41566.831 rows=1 loops=1)
   Buffers: shared hit=3879271 read=382570
   ->  Nested Loop  (cost=5096.69..439328.49 rows=49 width=0) (actual time=1552.850..41553.039 rows=60816 loops=1)
         Buffers: shared hit=3879271 read=382570
         ->  Hash Join  (cost=5096.26..439154.53 rows=75 width=4) (actual time=1552.768..36754.290 rows=122233 loops=1)
               Hash Cond: (ci.role_id = rt.id)
               Buffers: shared hit=3434908 read=338001
               ->  Nested Loop  (cost=5095.05..439152.25 rows=301 width=8) (actual time=1552.541..36459.550 rows=1410842 loops=1)
                     Buffers: shared hit=3434907 read=338001
                     ->  Nested Loop  (cost=5094.61..438210.27 rows=21 width=12) (actual time=1552.463..21029.194 rows=56164 loops=1)
                           Buffers: shared hit=2088068 read=132916
                           ->  Seq Scan on info_type it2  (cost=0.00..2.41 rows=1 width=4) (actual time=0.027..0.038 rows=1 loops=1)
                                 Filter: (id = 6)
                                 Rows Removed by Filter: 112
                                 Buffers: shared hit=1
                           ->  Nested Loop  (cost=5094.61..438207.64 rows=21 width=16) (actual time=1552.434..21013.749 rows=56164 loops=1)
                                 Buffers: shared hit=2088067 read=132916
                                 ->  Seq Scan on info_type it1  (cost=0.00..2.41 rows=1 width=4) (actual time=0.008..0.020 rows=1 loops=1)
                                       Filter: (id = 8)
                                       Rows Removed by Filter: 112
                                       Buffers: shared hit=1
                                 ->  Nested Loop  (cost=5094.61..438205.02 rows=21 width=20) (actual time=1552.422..20998.782 rows=56164 loops=1)
                                       Buffers: shared hit=2088066 read=132916
                                       ->  Hash Join  (cost=5094.14..405837.46 rows=750 width=12) (actual time=1552.274..11119.096 rows=86357 loops=1)
                                             Hash Cond: (t.kind_id = kt.id)
                                             Buffers: shared hit=1124402 read=27395
                                             ->  Nested Loop  (cost=5092.99..405830.77 rows=1313 width=16) (actual time=15.226..11055.256 rows=160015 loops=1)
                                                   Buffers: shared hit=1124401 read=27395
                                                   ->  Bitmap Heap Scan on movie_info mi2  (cost=5092.55..344981.91 rows=9234 width=8) (actual time=14.688..279.821 rows=288689 loops=1)
                                                         Recheck Cond: (info_type_id = 6)
                                                         Filter: ((info)::text = ANY ('{Mono,Stereo}'::text[]))
                                                         Rows Removed by Filter: 185754
                                                         Heap Blocks: exact=3206
                                                         Buffers: shared hit=8 read=3572
                                                         ->  Bitmap Index Scan on info_type_id_movie_info  (cost=0.00..5090.24 rows=475974 width=0) (actual time=14.337..14.338 rows=474443 loops=1)
                                                               Index Cond: (info_type_id = 6)
                                                               Buffers: shared read=374
                                                   ->  Memoize  (cost=0.44..6.66 rows=1 width=8) (actual time=0.037..0.037 rows=1 loops=288689)
                                                         Cache Key: mi2.movie_id
                                                         Cache Mode: logical
                                                         Hits: 1635  Misses: 287054  Evictions: 193953  Overflows: 0  Memory Usage: 8193kB
                                                         Buffers: shared hit=1124393 read=23823
                                                         ->  Index Scan using title_pkey on title t  (cost=0.43..6.65 rows=1 width=8) (actual time=0.035..0.035 rows=1 loops=287054)
                                                               Index Cond: (id = mi2.movie_id)
                                                               Filter: ((production_year <= 1975) AND (production_year >= 1925))
                                                               Rows Removed by Filter: 0
                                                               Buffers: shared hit=1124393 read=23823
                                             ->  Hash  (cost=1.10..1.10 rows=4 width=4) (actual time=0.020..0.021 rows=4 loops=1)
                                                   Buckets: 1024  Batches: 1  Memory Usage: 9kB
                                                   Buffers: shared hit=1
                                                   ->  Seq Scan on kind_type kt  (cost=0.00..1.10 rows=4 width=4) (actual time=0.009..0.011 rows=4 loops=1)
                                                         Filter: ((kind)::text = ANY ('{movie,"tv movie","video game","video movie"}'::text[]))
                                                         Rows Removed by Filter: 3
                                                         Buffers: shared hit=1
                                       ->  Index Scan using movie_id_movie_info on movie_info mi1  (cost=0.47..43.15 rows=1 width=8) (actual time=0.108..0.114 rows=1 loops=86357)
                                             Index Cond: (movie_id = t.id)
                                             Filter: ((info_type_id = 8) AND ((info)::text = ANY ('{Australia,Canada,Czechoslovakia,Denmark,"East Germany",France,"Hong Kong",Italy,Mexico,Poland,Portugal,Romania,Sweden,USA}'::text[])))
                                             Rows Removed by Filter: 16
                                             Buffers: shared hit=963664 read=105521
                     ->  Index Scan using movie_id_cast_info on cast_info ci  (cost=0.44..44.48 rows=38 width=12) (actual time=0.037..0.267 rows=25 loops=56164)
                           Index Cond: (movie_id = t.id)
                           Buffers: shared hit=1346839 read=205085
               ->  Hash  (cost=1.17..1.17 rows=3 width=4) (actual time=0.035..0.047 rows=3 loops=1)
                     Buckets: 1024  Batches: 1  Memory Usage: 9kB
                     Buffers: shared hit=1
                     ->  Seq Scan on role_type rt  (cost=0.00..1.17 rows=3 width=4) (actual time=0.027..0.029 rows=3 loops=1)
                           Filter: ((role)::text = ANY ('{director,"miscellaneous crew","production designer"}'::text[]))
                           Rows Removed by Filter: 9
                           Buffers: shared hit=1
         ->  Index Scan using name_pkey on name n  (cost=0.43..2.32 rows=1 width=4) (actual time=0.039..0.039 rows=0 loops=122233)
               Index Cond: (id = ci.person_id)
               Filter: ((gender)::text = ANY ('{f,m}'::text[]))
               Rows Removed by Filter: 1
               Buffers: shared hit=444363 read=44569
 Planning:
   Buffers: shared hit=490 read=87
 Planning Time: 12.607 ms
 Execution Time: 41569.269 ms
(78 rows)

