                                                                                                  QUERY PLAN                                                                                                  
--------------------------------------------------------------------------------------------------------------------------------------------------------------------------------------------------------------
 Aggregate  (cost=448163.74..448163.75 rows=1 width=8) (actual time=25621.922..25621.933 rows=1 loops=1)
   Buffers: shared hit=1954834 read=380194
   ->  Nested Loop  (cost=4697.61..448163.74 rows=1 width=0) (actual time=54.606..25620.290 rows=2701 loops=1)
         Buffers: shared hit=1954834 read=380194
         ->  Hash Join  (cost=4697.18..448154.46 rows=4 width=4) (actual time=22.873..21869.908 rows=96308 loops=1)
               Hash Cond: (ci.role_id = rt.id)
               Buffers: shared hit=1595840 read=353956
               ->  Nested Loop  (cost=4695.97..448153.21 rows=14 width=8) (actual time=22.775..21643.559 rows=1271763 loops=1)
                     Buffers: shared hit=1595839 read=353956
                     ->  Nested Loop  (cost=4695.53..448109.55 rows=1 width=12) (actual time=22.738..7707.373 rows=19668 loops=1)
                           Buffers: shared hit=508949 read=138432
                           ->  Nested Loop  (cost=4695.53..448107.13 rows=1 width=16) (actual time=22.732..7260.400 rows=19668 loops=1)
                                 Buffers: shared hit=489281 read=138432
                                 ->  Nested Loop  (cost=4695.53..448104.71 rows=1 width=20) (actual time=22.714..6801.446 rows=19668 loops=1)
                                       Buffers: shared hit=469613 read=138432
                                       ->  Hash Join  (cost=4695.08..436801.55 rows=267 width=12) (actual time=19.617..1499.972 rows=25941 loops=1)
                                             Hash Cond: (t.kind_id = kt.id)
                                             Buffers: shared hit=94211 read=31086
                                             ->  Nested Loop  (cost=4693.90..436798.80 rows=374 width=16) (actual time=19.579..1484.746 rows=26391 loops=1)
                                                   Buffers: shared hit=94210 read=31086
                                                   ->  Bitmap Heap Scan on movie_info mi2  (cost=4693.47..433457.80 rows=400 width=8) (actual time=19.531..477.357 rows=26431 loops=1)
                                                         Recheck Cond: (info_type_id = 5)
                                                         Filter: ((info)::text = ANY ('{Argentina:18,Finland:K-16,France:-12,"Hong Kong:I","Hong Kong:IIB",Switzerland:16,UK:PG,"West Germany:12"}'::text[]))
                                                         Rows Removed by Filter: 460123
                                                         Heap Blocks: exact=19164
                                                         Buffers: shared hit=4315 read=15257
                                                         ->  Bitmap Index Scan on info_type_id_movie_info  (cost=0.00..4693.37 rows=439058 width=0) (actual time=16.500..16.501 rows=486554 loops=1)
                                                               Index Cond: (info_type_id = 5)
                                                               Buffers: shared read=408
                                                   ->  Index Scan using title_pkey on title t  (cost=0.43..8.35 rows=1 width=8) (actual time=0.037..0.037 rows=1 loops=26431)
                                                         Index Cond: (id = mi2.movie_id)
                                                         Filter: ((production_year <= 2015) AND (production_year >= 1925))
                                                         Rows Removed by Filter: 0
                                                         Buffers: shared hit=89895 read=15829
                                             ->  Hash  (cost=1.11..1.11 rows=5 width=4) (actual time=0.015..0.017 rows=5 loops=1)
                                                   Buckets: 1024  Batches: 1  Memory Usage: 9kB
                                                   Buffers: shared hit=1
                                                   ->  Seq Scan on kind_type kt  (cost=0.00..1.11 rows=5 width=4) (actual time=0.008..0.010 rows=5 loops=1)
                                                         Filter: ((kind)::text = ANY ('{episode,movie,"tv movie","tv series","video game"}'::text[]))
                                                         Rows Removed by Filter: 2
                                                         Buffers: shared hit=1
                                       ->  Index Scan using movie_id_movie_info on movie_info mi1  (cost=0.46..42.32 rows=1 width=8) (actual time=0.102..0.204 rows=1 loops=25941)
                                             Index Cond: (movie_id = t.id)
                                             Filter: ((info_type_id = 6) AND ((info)::text = ANY ('{"4-Track Stereo","70 mm 6-Track",DTS,Datasat,"Dolby Digital EX","Dolby SR",Mono,SDDS,Silent}'::text[])))
                                             Rows Removed by Filter: 75
                                             Buffers: shared hit=375402 read=107346
                                 ->  Seq Scan on info_type it1  (cost=0.00..2.41 rows=1 width=4) (actual time=0.012..0.021 rows=1 loops=19668)
                                       Filter: (id = 6)
                                       Rows Removed by Filter: 112
                                       Buffers: shared hit=19668
                           ->  Seq Scan on info_type it2  (cost=0.00..2.41 rows=1 width=4) (actual time=0.012..0.021 rows=1 loops=19668)
                                 Filter: (id = 5)
                                 Rows Removed by Filter: 112
                                 Buffers: shared hit=19668
                     ->  Index Scan using movie_id_cast_info on cast_info ci  (cost=0.44..43.28 rows=38 width=12) (actual time=0.039..0.692 rows=65 loops=19668)
                           Index Cond: (movie_id = t.id)
                           Buffers: shared hit=1086890 read=215524
               ->  Hash  (cost=1.17..1.17 rows=3 width=4) (actual time=0.030..0.031 rows=3 loops=1)
                     Buckets: 1024  Batches: 1  Memory Usage: 9kB
                     Buffers: shared hit=1
                     ->  Seq Scan on role_type rt  (cost=0.00..1.17 rows=3 width=4) (actual time=0.022..0.025 rows=3 loops=1)
                           Filter: ((role)::text = ANY ('{cinematographer,director,writer}'::text[]))
                           Rows Removed by Filter: 9
                           Buffers: shared hit=1
         ->  Index Scan using name_pkey on name n  (cost=0.43..2.32 rows=1 width=4) (actual time=0.038..0.038 rows=0 loops=96308)
               Index Cond: (id = ci.person_id)
               Filter: ((gender)::text = 'f'::text)
               Rows Removed by Filter: 1
               Buffers: shared hit=358994 read=26238
 Planning:
   Buffers: shared hit=486 read=91
 Planning Time: 13.122 ms
 Execution Time: 25622.517 ms
(73 rows)

