                                                                                                                QUERY PLAN                                                                                                                
------------------------------------------------------------------------------------------------------------------------------------------------------------------------------------------------------------------------------------------
 Aggregate  (cost=444631.38..444631.39 rows=1 width=8) (actual time=15504.363..15504.370 rows=1 loops=1)
   Buffers: shared hit=1126618 read=277573
   ->  Nested Loop  (cost=7082.32..444631.37 rows=4 width=0) (actual time=19.143..15487.231 rows=105667 loops=1)
         Buffers: shared hit=1126618 read=277573
         ->  Hash Join  (cost=7081.89..444617.45 rows=6 width=4) (actual time=18.287..10126.018 rows=135516 loops=1)
               Hash Cond: (ci.role_id = rt.id)
               Buffers: shared hit=625329 read=236798
               ->  Nested Loop  (cost=7080.63..444616.15 rows=14 width=8) (actual time=18.023..10016.601 rows=469161 loops=1)
                     Buffers: shared hit=625328 read=236798
                     ->  Nested Loop  (cost=7080.19..444572.41 rows=1 width=12) (actual time=17.997..4553.641 rows=8191 loops=1)
                           Buffers: shared hit=270511 read=108159
                           ->  Nested Loop  (cost=7080.19..444569.99 rows=1 width=16) (actual time=17.992..4363.818 rows=8191 loops=1)
                                 Buffers: shared hit=262320 read=108159
                                 ->  Nested Loop  (cost=7080.19..444567.57 rows=1 width=20) (actual time=17.976..4165.840 rows=8191 loops=1)
                                       Buffers: shared hit=254129 read=108159
                                       ->  Hash Join  (cost=7079.73..406545.82 rows=897 width=12) (actual time=17.944..1487.762 rows=18704 loops=1)
                                             Hash Cond: (t.kind_id = kt.id)
                                             Buffers: shared hit=92124 read=28837
                                             ->  Nested Loop  (cost=7078.55..406539.36 rows=1255 width=16) (actual time=17.919..1477.464 rows=18715 loops=1)
                                                   Buffers: shared hit=92123 read=28837
                                                   ->  Bitmap Heap Scan on movie_info mi2  (cost=7078.12..392195.57 rows=1794 width=8) (actual time=17.891..371.608 rows=28367 loops=1)
                                                         Recheck Cond: (info_type_id = 18)
                                                         Filter: ((info)::text = ANY ('{Argentina,"California, USA","New York City, New York, USA","Paris, France","San Francisco, California, USA"}'::text[]))
                                                         Rows Removed by Filter: 632556
                                                         Heap Blocks: exact=6972
                                                         Buffers: shared hit=188 read=7304
                                                         ->  Bitmap Index Scan on info_type_id_movie_info  (cost=0.00..7077.68 rows=662032 width=0) (actual time=17.003..17.003 rows=660923 loops=1)
                                                               Index Cond: (info_type_id = 18)
                                                               Buffers: shared read=520
                                                   ->  Index Scan using title_pkey on title t  (cost=0.43..8.00 rows=1 width=8) (actual time=0.038..0.038 rows=1 loops=28367)
                                                         Index Cond: (id = mi2.movie_id)
                                                         Filter: ((production_year <= 2015) AND (production_year >= 1990))
                                                         Rows Removed by Filter: 0
                                                         Buffers: shared hit=91935 read=21533
                                             ->  Hash  (cost=1.11..1.11 rows=5 width=4) (actual time=0.010..0.011 rows=5 loops=1)
                                                   Buckets: 1024  Batches: 1  Memory Usage: 9kB
                                                   Buffers: shared hit=1
                                                   ->  Seq Scan on kind_type kt  (cost=0.00..1.11 rows=5 width=4) (actual time=0.005..0.007 rows=5 loops=1)
                                                         Filter: ((kind)::text = ANY ('{episode,movie,"tv movie","tv series","video movie"}'::text[]))
                                                         Rows Removed by Filter: 2
                                                         Buffers: shared hit=1
                                       ->  Index Scan using movie_id_movie_info on movie_info mi1  (cost=0.46..42.38 rows=1 width=8) (actual time=0.096..0.143 rows=0 loops=18704)
                                             Index Cond: (movie_id = t.id)
                                             Filter: ((info_type_id = 6) AND ((info)::text = ANY ('{"6-Track Stereo","70 mm 6-Track",DTS,DTS-ES,DTS-Stereo,"Dolby Digital","Dolby SR",Dolby,Sonics-DDP,Stereo,"Ultra Stereo"}'::text[])))
                                             Rows Removed by Filter: 25
                                             Buffers: shared hit=162005 read=79322
                                 ->  Seq Scan on info_type it1  (cost=0.00..2.41 rows=1 width=4) (actual time=0.013..0.022 rows=1 loops=8191)
                                       Filter: (id = 6)
                                       Rows Removed by Filter: 112
                                       Buffers: shared hit=8191
                           ->  Seq Scan on info_type it2  (cost=0.00..2.41 rows=1 width=4) (actual time=0.013..0.021 rows=1 loops=8191)
                                 Filter: (id = 18)
                                 Rows Removed by Filter: 112
                                 Buffers: shared hit=8191
                     ->  Index Scan using movie_id_cast_info on cast_info ci  (cost=0.44..43.35 rows=38 width=12) (actual time=0.043..0.652 rows=57 loops=8191)
                           Index Cond: (movie_id = t.id)
                           Buffers: shared hit=354817 read=128639
               ->  Hash  (cost=1.20..1.20 rows=5 width=4) (actual time=0.021..0.021 rows=5 loops=1)
                     Buckets: 1024  Batches: 1  Memory Usage: 9kB
                     Buffers: shared hit=1
                     ->  Seq Scan on role_type rt  (cost=0.00..1.20 rows=5 width=4) (actual time=0.014..0.017 rows=5 loops=1)
                           Filter: ((role)::text = ANY ('{actress,composer,director,guest,producer}'::text[]))
                           Rows Removed by Filter: 7
                           Buffers: shared hit=1
         ->  Index Scan using name_pkey on name n  (cost=0.43..2.32 rows=1 width=4) (actual time=0.039..0.039 rows=1 loops=135516)
               Index Cond: (id = ci.person_id)
               Filter: ((gender)::text = ANY ('{f,m}'::text[]))
               Rows Removed by Filter: 0
               Buffers: shared hit=501289 read=40775
 Planning:
   Buffers: shared hit=485 read=92
 Planning Time: 6.154 ms
 Execution Time: 15504.747 ms
(73 rows)

