                                                                                                            QUERY PLAN                                                                                                             
-----------------------------------------------------------------------------------------------------------------------------------------------------------------------------------------------------------------------------------
 Aggregate  (cost=426659.47..426659.48 rows=1 width=8) (actual time=7970.432..7970.438 rows=1 loops=1)
   Buffers: shared hit=616319 read=192410
   ->  Nested Loop  (cost=15874.52..426659.47 rows=1 width=0) (actual time=40.930..7969.208 rows=3898 loops=1)
         Buffers: shared hit=616319 read=192410
         ->  Hash Join  (cost=15874.09..426657.15 rows=1 width=4) (actual time=40.844..7732.691 rows=6808 loops=1)
               Hash Cond: (ci.role_id = rt.id)
               Buffers: shared hit=592652 read=188845
               ->  Nested Loop  (cost=15872.93..426655.94 rows=14 width=8) (actual time=40.478..7656.245 rows=549702 loops=1)
                     Buffers: shared hit=592651 read=188845
                     ->  Nested Loop  (cost=15872.49..426612.24 rows=1 width=12) (actual time=40.442..2784.901 rows=5978 loops=1)
                           Buffers: shared hit=151186 read=81152
                           ->  Nested Loop  (cost=15872.49..426609.82 rows=1 width=16) (actual time=40.436..2680.638 rows=5978 loops=1)
                                 Buffers: shared hit=145208 read=81152
                                 ->  Nested Loop  (cost=15872.49..426607.39 rows=1 width=20) (actual time=40.418..2570.020 rows=5978 loops=1)
                                       Buffers: shared hit=139230 read=81152
                                       ->  Hash Join  (cost=15872.05..421119.58 rows=129 width=12) (actual time=39.439..895.282 rows=9855 loops=1)
                                             Hash Cond: (t.kind_id = kt.id)
                                             Buffers: shared hit=37801 read=15121
                                             ->  Nested Loop  (cost=15870.87..421117.64 rows=181 width=16) (actual time=39.399..890.371 rows=10045 loops=1)
                                                   Buffers: shared hit=37800 read=15121
                                                   ->  Bitmap Heap Scan on movie_info mi2  (cost=15870.44..419206.92 rows=227 width=8) (actual time=39.362..562.629 rows=10443 loops=1)
                                                         Recheck Cond: (info_type_id = 7)
                                                         Filter: ((info)::text = ANY ('{"CAM:Canon XL-1","CAM:Canon XL-2","LAB:Tokyo Laboratory Ltd., Tokyo, Japan",OFM:Digital,"PCS:Digital Intermediate","PFM:70 mm"}'::text[]))
                                                         Rows Removed by Filter: 1391459
                                                         Heap Blocks: exact=10050
                                                         Buffers: shared hit=561 read=10588
                                                         ->  Bitmap Index Scan on info_type_id_movie_info  (cost=0.00..15870.39 rows=1484527 width=0) (actual time=37.848..37.848 rows=1401902 loops=1)
                                                               Index Cond: (info_type_id = 7)
                                                               Buffers: shared hit=1 read=1098
                                                   ->  Index Scan using title_pkey on title t  (cost=0.43..8.42 rows=1 width=8) (actual time=0.031..0.031 rows=1 loops=10443)
                                                         Index Cond: (id = mi2.movie_id)
                                                         Filter: ((production_year <= 2015) AND (production_year >= 1975))
                                                         Rows Removed by Filter: 0
                                                         Buffers: shared hit=37239 read=4533
                                             ->  Hash  (cost=1.11..1.11 rows=5 width=4) (actual time=0.017..0.018 rows=5 loops=1)
                                                   Buckets: 1024  Batches: 1  Memory Usage: 9kB
                                                   Buffers: shared hit=1
                                                   ->  Seq Scan on kind_type kt  (cost=0.00..1.11 rows=5 width=4) (actual time=0.008..0.011 rows=5 loops=1)
                                                         Filter: ((kind)::text = ANY ('{episode,movie,"tv series","video game","video movie"}'::text[]))
                                                         Rows Removed by Filter: 2
                                                         Buffers: shared hit=1
                                       ->  Index Scan using movie_id_movie_info on movie_info mi1  (cost=0.43..42.53 rows=1 width=8) (actual time=0.169..0.169 rows=1 loops=9855)
                                             Index Cond: (movie_id = t.id)
                                             Filter: ((info_type_id = 3) AND ((info)::text = ANY ('{Action,Biography,Family,Mystery,News,Sci-Fi,Thriller,Western}'::text[])))
                                             Rows Removed by Filter: 72
                                             Buffers: shared hit=101429 read=66031
                                 ->  Seq Scan on info_type it1  (cost=0.00..2.41 rows=1 width=4) (actual time=0.009..0.017 rows=1 loops=5978)
                                       Filter: (id = 3)
                                       Rows Removed by Filter: 112
                                       Buffers: shared hit=5978
                           ->  Seq Scan on info_type it2  (cost=0.00..2.41 rows=1 width=4) (actual time=0.008..0.016 rows=1 loops=5978)
                                 Filter: (id = 7)
                                 Rows Removed by Filter: 112
                                 Buffers: shared hit=5978
                     ->  Index Scan using movie_id_cast_info on cast_info ci  (cost=0.44..43.32 rows=38 width=12) (actual time=0.034..0.795 rows=92 loops=5978)
                           Index Cond: (movie_id = t.id)
                           Buffers: shared hit=441465 read=107693
               ->  Hash  (cost=1.15..1.15 rows=1 width=4) (actual time=0.032..0.032 rows=1 loops=1)
                     Buckets: 1024  Batches: 1  Memory Usage: 9kB
                     Buffers: shared hit=1
                     ->  Seq Scan on role_type rt  (cost=0.00..1.15 rows=1 width=4) (actual time=0.023..0.024 rows=1 loops=1)
                           Filter: ((role)::text = 'editor'::text)
                           Rows Removed by Filter: 11
                           Buffers: shared hit=1
         ->  Index Scan using name_pkey on name n  (cost=0.43..2.32 rows=1 width=4) (actual time=0.034..0.034 rows=1 loops=6808)
               Index Cond: (id = ci.person_id)
               Filter: (((gender)::text = 'f'::text) OR (gender IS NULL))
               Rows Removed by Filter: 0
               Buffers: shared hit=23667 read=3565
 Planning:
   Buffers: shared hit=574
 Planning Time: 13.757 ms
 Execution Time: 7970.938 ms
(73 rows)

