                                                                                                               QUERY PLAN                                                                                                               
----------------------------------------------------------------------------------------------------------------------------------------------------------------------------------------------------------------------------------------
 Aggregate  (cost=763514.57..763514.58 rows=1 width=8) (actual time=26645.687..26645.697 rows=1 loops=1)
   Buffers: shared hit=2480339 read=260179, temp read=1775 written=1775
   ->  Nested Loop  (cost=96038.99..763513.58 rows=396 width=0) (actual time=502.201..26592.669 rows=329241 loops=1)
         Buffers: shared hit=2480339 read=260179, temp read=1775 written=1775
         ->  Hash Join  (cost=96038.56..762325.98 rows=512 width=4) (actual time=502.171..14869.219 rows=329241 loops=1)
               Hash Cond: (ci.role_id = rt.id)
               Buffers: shared hit=1199103 read=224451, temp read=1775 written=1775
               ->  Nested Loop  (cost=96037.36..762317.50 rows=2050 width=8) (actual time=501.986..14671.079 rows=639207 loops=1)
                     Buffers: shared hit=1199102 read=224451, temp read=1775 written=1775
                     ->  Nested Loop  (cost=96036.92..755946.23 rows=143 width=12) (actual time=501.958..7035.156 rows=51597 loops=1)
                           Buffers: shared hit=524588 read=115942, temp read=1775 written=1775
                           ->  Seq Scan on info_type it2  (cost=0.00..2.41 rows=1 width=4) (actual time=0.026..0.037 rows=1 loops=1)
                                 Filter: (id = 8)
                                 Rows Removed by Filter: 112
                                 Buffers: shared hit=1
                           ->  Nested Loop  (cost=96036.92..755942.38 rows=143 width=16) (actual time=501.931..7022.732 rows=51597 loops=1)
                                 Buffers: shared hit=524587 read=115942, temp read=1775 written=1775
                                 ->  Seq Scan on info_type it1  (cost=0.00..2.41 rows=1 width=4) (actual time=0.008..0.022 rows=1 loops=1)
                                       Filter: (id = 3)
                                       Rows Removed by Filter: 112
                                       Buffers: shared hit=1
                                 ->  Nested Loop  (cost=96036.92..755938.54 rows=143 width=20) (actual time=501.919..7009.581 rows=51597 loops=1)
                                       Buffers: shared hit=524586 read=115942, temp read=1775 written=1775
                                       ->  Hash Join  (cost=96036.45..621213.21 rows=3137 width=12) (actual time=501.871..1423.343 rows=62600 loops=1)
                                             Hash Cond: (t.kind_id = kt.id)
                                             Buffers: shared hit=10626 read=34659, temp read=1775 written=1775
                                             ->  Hash Join  (cost=96035.25..621196.59 rows=3659 width=16) (actual time=501.830..1396.435 rows=62600 loops=1)
                                                   Hash Cond: (mi2.movie_id = t.id)
                                                   Buffers: shared hit=10625 read=34659, temp read=1775 written=1775
                                                   ->  Bitmap Heap Scan on movie_info mi2  (cost=14216.58..537377.80 rows=20234 width=8) (actual time=36.643..730.022 rows=239378 loops=1)
                                                         Recheck Cond: (info_type_id = 8)
                                                         Filter: ((info)::text = ANY ('{Argentina,Australia,Bulgaria,Egypt,France,Hungary,Japan,Netherlands,Norway,Philippines,Romania,"Soviet Union",Sweden,"West Germany"}'::text[]))
                                                         Rows Removed by Filter: 1085983
                                                         Heap Blocks: exact=7853
                                                         Buffers: shared hit=2807 read=6086
                                                         ->  Bitmap Index Scan on info_type_id_movie_info  (cost=0.00..14211.52 rows=1329478 width=0) (actual time=35.657..35.658 rows=1325361 loops=1)
                                                               Index Cond: (info_type_id = 8)
                                                               Buffers: shared read=1040
                                                   ->  Hash  (cost=74315.95..74315.95 rows=457258 width=8) (actual time=464.043..464.044 rows=451569 loops=1)
                                                         Buckets: 262144  Batches: 4  Memory Usage: 6450kB
                                                         Buffers: shared hit=7818 read=28573, temp written=1157
                                                         ->  Seq Scan on title t  (cost=0.00..74315.95 rows=457258 width=8) (actual time=0.025..391.320 rows=451569 loops=1)
                                                               Filter: ((production_year <= 1975) AND (production_year >= 1875))
                                                               Rows Removed by Filter: 2076743
                                                               Buffers: shared hit=7818 read=28573
                                             ->  Hash  (cost=1.12..1.12 rows=6 width=4) (actual time=0.020..0.021 rows=6 loops=1)
                                                   Buckets: 1024  Batches: 1  Memory Usage: 9kB
                                                   Buffers: shared hit=1
                                                   ->  Seq Scan on kind_type kt  (cost=0.00..1.12 rows=6 width=4) (actual time=0.008..0.011 rows=6 loops=1)
                                                         Filter: ((kind)::text = ANY ('{episode,movie,"tv movie","tv series","video game","video movie"}'::text[]))
                                                         Rows Removed by Filter: 1
                                                         Buffers: shared hit=1
                                       ->  Index Scan using movie_id_movie_info on movie_info mi1  (cost=0.46..42.94 rows=1 width=8) (actual time=0.088..0.088 rows=1 loops=62600)
                                             Index Cond: (movie_id = t.id)
                                             Filter: ((info_type_id = 3) AND ((info)::text = ANY ('{Action,Comedy,Documentary,Drama,Family,Musical,Mystery,News,Short,Sport,Talk-Show,War}'::text[])))
                                             Rows Removed by Filter: 9
                                             Buffers: shared hit=513960 read=81283
                     ->  Index Scan using movie_id_cast_info on cast_info ci  (cost=0.44..44.17 rows=38 width=12) (actual time=0.035..0.144 rows=12 loops=51597)
                           Index Cond: (movie_id = t.id)
                           Buffers: shared hit=674514 read=108509
               ->  Hash  (cost=1.17..1.17 rows=3 width=4) (actual time=0.034..0.035 rows=3 loops=1)
                     Buckets: 1024  Batches: 1  Memory Usage: 9kB
                     Buffers: shared hit=1
                     ->  Seq Scan on role_type rt  (cost=0.00..1.17 rows=3 width=4) (actual time=0.024..0.028 rows=3 loops=1)
                           Filter: ((role)::text = ANY ('{actor,cinematographer,editor}'::text[]))
                           Rows Removed by Filter: 9
                           Buffers: shared hit=1
         ->  Index Scan using name_pkey on name n  (cost=0.43..2.32 rows=1 width=4) (actual time=0.035..0.035 rows=1 loops=329241)
               Index Cond: (id = ci.person_id)
               Filter: (((gender)::text = ANY ('{f,m}'::text[])) OR (gender IS NULL))
               Buffers: shared hit=1281236 read=35728
 Planning:
   Buffers: shared hit=530 read=47
 Planning Time: 14.084 ms
 Execution Time: 26646.326 ms
(75 rows)

