                                                                                                                                                                                            QUERY PLAN                                                                                                                                                                                             
---------------------------------------------------------------------------------------------------------------------------------------------------------------------------------------------------------------------------------------------------------------------------------------------------------------------------------------------------------------------------------------------------
 Aggregate  (cost=387097.07..387097.08 rows=1 width=8) (actual time=6581.712..6581.719 rows=1 loops=1)
   Buffers: shared hit=519884 read=160909
   ->  Nested Loop  (cost=8154.95..387097.07 rows=1 width=0) (actual time=122.245..6581.536 rows=135 loops=1)
         Buffers: shared hit=519884 read=160909
         ->  Hash Join  (cost=8154.52..387092.43 rows=2 width=4) (actual time=23.926..5189.365 rows=39761 loops=1)
               Hash Cond: (ci.role_id = rt.id)
               Buffers: shared hit=373005 read=148744
               ->  Nested Loop  (cost=8153.34..387091.20 rows=14 width=8) (actual time=23.829..5163.527 rows=117430 loops=1)
                     Buffers: shared hit=373004 read=148744
                     ->  Nested Loop  (cost=8152.90..387047.51 rows=1 width=12) (actual time=23.797..3824.362 rows=1962 loops=1)
                           Buffers: shared hit=310832 read=90610
                           ->  Nested Loop  (cost=8152.90..387045.08 rows=1 width=16) (actual time=23.789..3788.687 rows=1962 loops=1)
                                 Buffers: shared hit=308870 read=90610
                                 ->  Nested Loop  (cost=8152.90..387042.66 rows=1 width=20) (actual time=23.773..3750.305 rows=1962 loops=1)
                                       Buffers: shared hit=306908 read=90610
                                       ->  Hash Join  (cost=8152.47..380865.07 rows=144 width=12) (actual time=22.834..1250.431 rows=24551 loops=1)
                                             Hash Cond: (t.kind_id = kt.id)
                                             Buffers: shared hit=106742 read=23787
                                             ->  Nested Loop  (cost=8151.29..380863.04 rows=202 width=16) (actual time=22.784..1240.290 rows=25555 loops=1)
                                                   Buffers: shared hit=106741 read=23787
                                                   ->  Bitmap Heap Scan on movie_info mi1  (cost=8150.86..378736.56 rows=253 width=8) (actual time=22.629..243.374 rows=31226 loops=1)
                                                         Recheck Cond: (info_type_id = 1)
                                                         Filter: ((info)::text = ANY ('{100,105,115,119,127,144,28,29,8,Argentina:95,Germany:42,UK:60,USA:4}'::text[]))
                                                         Rows Removed by Filter: 770914
                                                         Heap Blocks: exact=4993
                                                         Buffers: shared hit=1496 read=4128
                                                         ->  Bitmap Index Scan on info_type_id_movie_info  (cost=0.00..8150.77 rows=762444 width=0) (actual time=21.839..21.840 rows=802140 loops=1)
                                                               Index Cond: (info_type_id = 1)
                                                               Buffers: shared read=631
                                                   ->  Index Scan using title_pkey on title t  (cost=0.43..8.41 rows=1 width=8) (actual time=0.031..0.031 rows=1 loops=31226)
                                                         Index Cond: (id = mi1.movie_id)
                                                         Filter: ((production_year <= 2015) AND (production_year >= 1975))
                                                         Rows Removed by Filter: 0
                                                         Buffers: shared hit=105245 read=19659
                                             ->  Hash  (cost=1.11..1.11 rows=5 width=4) (actual time=0.026..0.027 rows=5 loops=1)
                                                   Buckets: 1024  Batches: 1  Memory Usage: 9kB
                                                   Buffers: shared hit=1
                                                   ->  Seq Scan on kind_type kt  (cost=0.00..1.11 rows=5 width=4) (actual time=0.010..0.013 rows=5 loops=1)
                                                         Filter: ((kind)::text = ANY ('{episode,movie,"tv movie","video game","video movie"}'::text[]))
                                                         Rows Removed by Filter: 2
                                                         Buffers: shared hit=1
                                       ->  Index Scan using movie_id_movie_info on movie_info mi2  (cost=0.43..42.89 rows=1 width=8) (actual time=0.094..0.101 rows=0 loops=24551)
                                             Index Cond: (movie_id = t.id)
                                             Filter: ((info_type_id = 7) AND ((info)::text = ANY ('{"CAM:Canon 7D","CAM:Panasonic AG-HVX200",LAB:DeLuxe,"LAB:DeLuxe, Hollywood (CA), USA","LAB:Rank Film Laboratories, Denham, UK","LAB:Technicolor, Hollywood (CA), USA",PCS:DV,PCS:DVCAM,PCS:Panavision,"PCS:Super 35","PFM:70 mm",PFM:Digital,"RAT:1.66 : 1","RAT:16:9 HD",RAT:4:3}'::text[])))
                                             Rows Removed by Filter: 16
                                             Buffers: shared hit=200166 read=66823
                                 ->  Seq Scan on info_type it1  (cost=0.00..2.41 rows=1 width=4) (actual time=0.009..0.017 rows=1 loops=1962)
                                       Filter: (id = 1)
                                       Rows Removed by Filter: 112
                                       Buffers: shared hit=1962
                           ->  Seq Scan on info_type it2  (cost=0.00..2.41 rows=1 width=4) (actual time=0.008..0.016 rows=1 loops=1962)
                                 Filter: (id = 7)
                                 Rows Removed by Filter: 112
                                 Buffers: shared hit=1962
                     ->  Index Scan using movie_id_cast_info on cast_info ci  (cost=0.44..43.32 rows=38 width=12) (actual time=0.038..0.667 rows=60 loops=1962)
                           Index Cond: (movie_id = t.id)
                           Buffers: shared hit=62172 read=58134
               ->  Hash  (cost=1.15..1.15 rows=2 width=4) (actual time=0.036..0.037 rows=2 loops=1)
                     Buckets: 1024  Batches: 1  Memory Usage: 9kB
                     Buffers: shared hit=1
                     ->  Seq Scan on role_type rt  (cost=0.00..1.15 rows=2 width=4) (actual time=0.024..0.028 rows=2 loops=1)
                           Filter: ((role)::text = ANY ('{actor,editor}'::text[]))
                           Rows Removed by Filter: 10
                           Buffers: shared hit=1
         ->  Index Scan using name_pkey on name n  (cost=0.43..2.32 rows=1 width=4) (actual time=0.035..0.035 rows=0 loops=39761)
               Index Cond: (id = ci.person_id)
               Filter: ((gender)::text = 'f'::text)
               Rows Removed by Filter: 1
               Buffers: shared hit=146879 read=12165
 Planning:
   Buffers: shared hit=486 read=91
 Planning Time: 13.142 ms
 Execution Time: 6582.260 ms
(73 rows)

