                                                                                             QUERY PLAN                                                                                              
-----------------------------------------------------------------------------------------------------------------------------------------------------------------------------------------------------
 Aggregate  (cost=393311.27..393311.28 rows=1 width=8) (actual time=9129.090..9129.097 rows=1 loops=1)
   Buffers: shared hit=736670 read=195241
   ->  Nested Loop  (cost=8155.17..393311.25 rows=8 width=0) (actual time=36.602..9126.569 rows=11373 loops=1)
         Buffers: shared hit=736670 read=195241
         ->  Hash Join  (cost=8154.74..393260.28 rows=22 width=4) (actual time=36.550..6844.231 rows=64223 loops=1)
               Hash Cond: (ci.role_id = rt.id)
               Buffers: shared hit=503935 read=171084
               ->  Nested Loop  (cost=8153.54..393258.77 rows=86 width=8) (actual time=34.524..6793.309 rows=223659 loops=1)
                     Buffers: shared hit=503934 read=171084
                     ->  Nested Loop  (cost=8153.10..392991.44 rows=6 width=12) (actual time=34.473..4112.015 rows=11606 loops=1)
                           Buffers: shared hit=340509 read=80060
                           ->  Seq Scan on info_type it2  (cost=0.00..2.41 rows=1 width=4) (actual time=0.026..0.036 rows=1 loops=1)
                                 Filter: (id = 2)
                                 Rows Removed by Filter: 112
                                 Buffers: shared hit=1
                           ->  Nested Loop  (cost=8153.10..392988.97 rows=6 width=16) (actual time=34.445..4109.358 rows=11606 loops=1)
                                 Buffers: shared hit=340508 read=80060
                                 ->  Seq Scan on info_type it1  (cost=0.00..2.41 rows=1 width=4) (actual time=0.009..0.020 rows=1 loops=1)
                                       Filter: (id = 1)
                                       Rows Removed by Filter: 112
                                       Buffers: shared hit=1
                                 ->  Nested Loop  (cost=8153.10..392986.50 rows=6 width=20) (actual time=34.433..4106.352 rows=11606 loops=1)
                                       Buffers: shared hit=340507 read=80060
                                       ->  Hash Join  (cost=8152.67..387249.33 rows=134 width=12) (actual time=23.609..2633.030 rows=11852 loops=1)
                                             Hash Cond: (t.kind_id = kt.id)
                                             Buffers: shared hit=250720 read=30885
                                             ->  Nested Loop  (cost=8151.49..387247.36 rows=188 width=16) (actual time=23.558..2625.744 rows=14779 loops=1)
                                                   Buffers: shared hit=250719 read=30885
                                                   ->  Bitmap Heap Scan on movie_info mi1  (cost=8151.06..378736.76 rows=1040 width=8) (actual time=22.864..284.799 rows=68995 loops=1)
                                                         Recheck Cond: (info_type_id = 1)
                                                         Filter: ((info)::text = ANY ('{12,19,20,45,52,58,75,8,84,87,94,USA:60,USA:80,USA:90}'::text[]))
                                                         Rows Removed by Filter: 733145
                                                         Heap Blocks: exact=4993
                                                         Buffers: shared hit=39 read=5585
                                                         ->  Bitmap Index Scan on info_type_id_movie_info  (cost=0.00..8150.77 rows=762444 width=0) (actual time=22.176..22.176 rows=802140 loops=1)
                                                               Index Cond: (info_type_id = 1)
                                                               Buffers: shared read=631
                                                   ->  Index Scan using title_pkey on title t  (cost=0.43..8.18 rows=1 width=8) (actual time=0.033..0.033 rows=0 loops=68995)
                                                         Index Cond: (id = mi1.movie_id)
                                                         Filter: ((production_year <= 1975) AND (production_year >= 1875))
                                                         Rows Removed by Filter: 1
                                                         Buffers: shared hit=250680 read=25300
                                             ->  Hash  (cost=1.11..1.11 rows=5 width=4) (actual time=0.022..0.023 rows=5 loops=1)
                                                   Buckets: 1024  Batches: 1  Memory Usage: 9kB
                                                   Buffers: shared hit=1
                                                   ->  Seq Scan on kind_type kt  (cost=0.00..1.11 rows=5 width=4) (actual time=0.012..0.015 rows=5 loops=1)
                                                         Filter: ((kind)::text = ANY ('{movie,"tv movie","tv series","video game","video movie"}'::text[]))
                                                         Rows Removed by Filter: 2
                                                         Buffers: shared hit=1
                                       ->  Index Scan using movie_id_movie_info on movie_info mi2  (cost=0.43..42.80 rows=1 width=8) (actual time=0.103..0.124 rows=1 loops=11852)
                                             Index Cond: (movie_id = t.id)
                                             Filter: (((info)::text = ANY ('{"Black and White",Color}'::text[])) AND (info_type_id = 2))
                                             Rows Removed by Filter: 14
                                             Buffers: shared hit=89787 read=49175
                     ->  Index Scan using movie_id_cast_info on cast_info ci  (cost=0.44..44.17 rows=38 width=12) (actual time=0.039..0.226 rows=19 loops=11606)
                           Index Cond: (movie_id = t.id)
                           Buffers: shared hit=163425 read=91024
               ->  Hash  (cost=1.17..1.17 rows=3 width=4) (actual time=0.039..0.040 rows=3 loops=1)
                     Buckets: 1024  Batches: 1  Memory Usage: 9kB
                     Buffers: shared hit=1
                     ->  Seq Scan on role_type rt  (cost=0.00..1.17 rows=3 width=4) (actual time=0.029..0.032 rows=3 loops=1)
                           Filter: ((role)::text = ANY ('{actress,guest,writer}'::text[]))
                           Rows Removed by Filter: 9
                           Buffers: shared hit=1
         ->  Index Scan using name_pkey on name n  (cost=0.43..2.32 rows=1 width=4) (actual time=0.035..0.035 rows=0 loops=64223)
               Index Cond: (id = ci.person_id)
               Filter: (gender IS NULL)
               Rows Removed by Filter: 1
               Buffers: shared hit=232735 read=24157
 Planning:
   Buffers: shared hit=505 read=72
 Planning Time: 13.776 ms
 Execution Time: 9129.708 ms
(73 rows)

