                                                                                                            QUERY PLAN                                                                                                            
----------------------------------------------------------------------------------------------------------------------------------------------------------------------------------------------------------------------------------
 Aggregate  (cost=590193.41..590193.42 rows=1 width=8) (actual time=98056.288..98056.297 rows=1 loops=1)
   Buffers: shared hit=9093451 read=886595
   ->  Nested Loop  (cost=5097.90..590192.67 rows=296 width=0) (actual time=17.596..97945.414 rows=628642 loops=1)
         Buffers: shared hit=9093451 read=886595
         ->  Hash Join  (cost=5097.47..589139.61 rows=454 width=4) (actual time=17.109..63556.391 rows=918075 loops=1)
               Hash Cond: (ci.role_id = rt.id)
               Buffers: shared hit=5574004 read=733742
               ->  Nested Loop  (cost=5096.24..589133.53 rows=1362 width=8) (actual time=16.292..62848.554 rows=2413017 loops=1)
                     Buffers: shared hit=5574003 read=733742
                     ->  Nested Loop  (cost=5095.80..584919.21 rows=95 width=12) (actual time=16.262..35074.612 rows=94198 loops=1)
                           Buffers: shared hit=3474155 read=189363
                           ->  Seq Scan on info_type it2  (cost=0.00..2.41 rows=1 width=4) (actual time=0.031..0.045 rows=1 loops=1)
                                 Filter: (id = 8)
                                 Rows Removed by Filter: 112
                                 Buffers: shared hit=1
                           ->  Nested Loop  (cost=5095.80..584915.85 rows=95 width=16) (actual time=16.229..35048.901 rows=94198 loops=1)
                                 Buffers: shared hit=3474154 read=189363
                                 ->  Seq Scan on info_type it1  (cost=0.00..2.41 rows=1 width=4) (actual time=0.011..0.028 rows=1 loops=1)
                                       Filter: (id = 6)
                                       Rows Removed by Filter: 112
                                       Buffers: shared hit=1
                                 ->  Nested Loop  (cost=5095.80..584912.49 rows=95 width=20) (actual time=16.215..35020.221 rows=94198 loops=1)
                                       Buffers: shared hit=3474153 read=189363
                                       ->  Hash Join  (cost=5095.36..471642.17 rows=2616 width=12) (actual time=15.989..16205.974 rows=174508 loops=1)
                                             Hash Cond: (t.kind_id = kt.id)
                                             Buffers: shared hit=1628728 read=45557
                                             ->  Nested Loop  (cost=5094.17..471628.12 rows=3052 width=16) (actual time=15.948..16109.430 rows=174508 loops=1)
                                                   Buffers: shared hit=1628727 read=45557
                                                   ->  Bitmap Heap Scan on movie_info mi1  (cost=5093.73..389504.68 rows=13942 width=8) (actual time=15.887..362.761 rows=420512 loops=1)
                                                         Recheck Cond: (info_type_id = 6)
                                                         Filter: ((info)::text = ANY ('{"70 mm 6-Track",Dolby,Mono,Silent,Stereo}'::text[]))
                                                         Rows Removed by Filter: 53931
                                                         Heap Blocks: exact=3206
                                                         Buffers: shared hit=132 read=3448
                                                         ->  Bitmap Index Scan on info_type_id_movie_info  (cost=0.00..5090.24 rows=475974 width=0) (actual time=15.532..15.533 rows=474443 loops=1)
                                                               Index Cond: (info_type_id = 6)
                                                               Buffers: shared hit=1 read=373
                                                   ->  Memoize  (cost=0.44..5.99 rows=1 width=8) (actual time=0.037..0.037 rows=0 loops=420512)
                                                         Cache Key: mi1.movie_id
                                                         Cache Mode: logical
                                                         Hits: 2836  Misses: 417676  Evictions: 310439  Overflows: 0  Memory Usage: 8193kB
                                                         Buffers: shared hit=1628595 read=42109
                                                         ->  Index Scan using title_pkey on title t  (cost=0.43..5.98 rows=1 width=8) (actual time=0.036..0.036 rows=0 loops=417676)
                                                               Index Cond: (id = mi1.movie_id)
                                                               Filter: ((production_year <= 1990) AND (production_year >= 1950))
                                                               Rows Removed by Filter: 1
                                                               Buffers: shared hit=1628595 read=42109
                                             ->  Hash  (cost=1.12..1.12 rows=6 width=4) (actual time=0.015..0.016 rows=6 loops=1)
                                                   Buckets: 1024  Batches: 1  Memory Usage: 9kB
                                                   Buffers: shared hit=1
                                                   ->  Seq Scan on kind_type kt  (cost=0.00..1.12 rows=6 width=4) (actual time=0.008..0.011 rows=6 loops=1)
                                                         Filter: ((kind)::text = ANY ('{episode,movie,"tv movie","tv series","video game","video movie"}'::text[]))
                                                         Rows Removed by Filter: 1
                                                         Buffers: shared hit=1
                                       ->  Index Scan using movie_id_movie_info on movie_info mi2  (cost=0.43..43.29 rows=1 width=8) (actual time=0.103..0.107 rows=1 loops=174508)
                                             Index Cond: (movie_id = t.id)
                                             Filter: ((info_type_id = 8) AND ((info)::text = ANY ('{Argentina,Australia,Belgium,Bulgaria,Canada,"East Germany",France,India,Italy,Japan,Mexico,"Soviet Union",UK,USA}'::text[])))
                                             Rows Removed by Filter: 14
                                             Buffers: shared hit=1845425 read=143806
                     ->  Index Scan using movie_id_cast_info on cast_info ci  (cost=0.44..43.98 rows=38 width=12) (actual time=0.038..0.287 rows=26 loops=94198)
                           Index Cond: (movie_id = t.id)
                           Buffers: shared hit=2099848 read=544379
               ->  Hash  (cost=1.18..1.18 rows=4 width=4) (actual time=0.039..0.040 rows=4 loops=1)
                     Buckets: 1024  Batches: 1  Memory Usage: 9kB
                     Buffers: shared hit=1
                     ->  Seq Scan on role_type rt  (cost=0.00..1.18 rows=4 width=4) (actual time=0.029..0.033 rows=4 loops=1)
                           Filter: ((role)::text = ANY ('{actress,editor,"miscellaneous crew",writer}'::text[]))
                           Rows Removed by Filter: 8
                           Buffers: shared hit=1
         ->  Index Scan using name_pkey on name n  (cost=0.43..2.32 rows=1 width=4) (actual time=0.037..0.037 rows=1 loops=918075)
               Index Cond: (id = ci.person_id)
               Filter: ((gender)::text = ANY ('{f,m}'::text[]))
               Rows Removed by Filter: 0
               Buffers: shared hit=3519447 read=152853
 Planning:
   Buffers: shared hit=574
 Planning Time: 13.913 ms
 Execution Time: 98058.763 ms
(78 rows)

