                                                                                                     QUERY PLAN                                                                                                     
--------------------------------------------------------------------------------------------------------------------------------------------------------------------------------------------------------------------
 Aggregate  (cost=403274.86..403274.87 rows=1 width=8) (actual time=13417.760..13417.765 rows=1 loops=1)
   Buffers: shared hit=1115682 read=252634
   ->  Nested Loop  (cost=4697.75..403274.86 rows=3 width=0) (actual time=20.593..13401.032 rows=107607 loops=1)
         Buffers: shared hit=1115682 read=252634
         ->  Hash Join  (cost=4697.32..403263.26 rows=5 width=4) (actual time=20.544..8947.210 rows=128367 loops=1)
               Hash Cond: (ci.role_id = rt.id)
               Buffers: shared hit=627573 read=227275
               ->  Nested Loop  (cost=4696.09..403261.98 rows=14 width=8) (actual time=20.393..8851.736 rows=426030 loops=1)
                     Buffers: shared hit=627572 read=227275
                     ->  Nested Loop  (cost=4695.65..403217.62 rows=1 width=12) (actual time=20.359..4411.822 rows=9286 loops=1)
                           Buffers: shared hit=300515 read=109678
                           ->  Nested Loop  (cost=4695.65..403215.20 rows=1 width=16) (actual time=20.353..4220.743 rows=9286 loops=1)
                                 Buffers: shared hit=291229 read=109678
                                 ->  Nested Loop  (cost=4695.65..403212.77 rows=1 width=20) (actual time=20.334..4017.067 rows=9286 loops=1)
                                       Buffers: shared hit=281943 read=109678
                                       ->  Hash Join  (cost=4695.22..396807.03 rows=149 width=12) (actual time=20.279..1848.728 rows=11811 loops=1)
                                             Hash Cond: (t.kind_id = kt.id)
                                             Buffers: shared hit=139954 read=40015
                                             ->  Nested Loop  (cost=4694.04..396804.97 rows=209 width=16) (actual time=20.221..1841.640 rows=13179 loops=1)
                                                   Buffers: shared hit=139953 read=40015
                                                   ->  Bitmap Heap Scan on movie_info mi2  (cost=4693.61..388964.38 rows=956 width=8) (actual time=19.600..443.569 rows=40099 loops=1)
                                                         Recheck Cond: (info_type_id = 5)
                                                         Filter: ((info)::text = ANY ('{Argentina:Atp,Germany:12,Norway:18,USA:R,"West Germany:16"}'::text[]))
                                                         Rows Removed by Filter: 446455
                                                         Heap Blocks: exact=19164
                                                         Buffers: shared hit=1804 read=17768
                                                         ->  Bitmap Index Scan on info_type_id_movie_info  (cost=0.00..4693.37 rows=439058 width=0) (actual time=16.348..16.349 rows=486554 loops=1)
                                                               Index Cond: (info_type_id = 5)
                                                               Buffers: shared read=408
                                                   ->  Index Scan using title_pkey on title t  (cost=0.43..8.20 rows=1 width=8) (actual time=0.034..0.034 rows=0 loops=40099)
                                                         Index Cond: (id = mi2.movie_id)
                                                         Filter: ((production_year <= 1990) AND (production_year >= 1950))
                                                         Rows Removed by Filter: 1
                                                         Buffers: shared hit=138149 read=22247
                                             ->  Hash  (cost=1.11..1.11 rows=5 width=4) (actual time=0.026..0.027 rows=5 loops=1)
                                                   Buckets: 1024  Batches: 1  Memory Usage: 9kB
                                                   Buffers: shared hit=1
                                                   ->  Seq Scan on kind_type kt  (cost=0.00..1.11 rows=5 width=4) (actual time=0.013..0.016 rows=5 loops=1)
                                                         Filter: ((kind)::text = ANY ('{movie,"tv movie","tv series","video game","video movie"}'::text[]))
                                                         Rows Removed by Filter: 2
                                                         Buffers: shared hit=1
                                       ->  Index Scan using movie_id_movie_info on movie_info mi1  (cost=0.43..42.98 rows=1 width=8) (actual time=0.090..0.183 rows=1 loops=11811)
                                             Index Cond: (movie_id = t.id)
                                             Filter: ((info_type_id = 6) AND ((info)::text = ANY ('{"4-Track Stereo","70 mm 6-Track",DTS,"Dolby Digital","Dolby SR","Dolby Stereo",Mono,"Ultra Stereo"}'::text[])))
                                             Rows Removed by Filter: 60
                                             Buffers: shared hit=141989 read=69663
                                 ->  Seq Scan on info_type it1  (cost=0.00..2.41 rows=1 width=4) (actual time=0.011..0.020 rows=1 loops=9286)
                                       Filter: (id = 6)
                                       Rows Removed by Filter: 112
                                       Buffers: shared hit=9286
                           ->  Seq Scan on info_type it2  (cost=0.00..2.41 rows=1 width=4) (actual time=0.010..0.019 rows=1 loops=9286)
                                 Filter: (id = 5)
                                 Rows Removed by Filter: 112
                                 Buffers: shared hit=9286
                     ->  Index Scan using movie_id_cast_info on cast_info ci  (cost=0.44..43.98 rows=38 width=12) (actual time=0.038..0.466 rows=46 loops=9286)
                           Index Cond: (movie_id = t.id)
                           Buffers: shared hit=327057 read=117597
               ->  Hash  (cost=1.18..1.18 rows=4 width=4) (actual time=0.037..0.038 rows=4 loops=1)
                     Buckets: 1024  Batches: 1  Memory Usage: 9kB
                     Buffers: shared hit=1
                     ->  Seq Scan on role_type rt  (cost=0.00..1.18 rows=4 width=4) (actual time=0.027..0.031 rows=4 loops=1)
                           Filter: ((role)::text = ANY ('{actress,producer,"production designer",writer}'::text[]))
                           Rows Removed by Filter: 8
                           Buffers: shared hit=1
         ->  Index Scan using name_pkey on name n  (cost=0.43..2.32 rows=1 width=4) (actual time=0.034..0.034 rows=1 loops=128367)
               Index Cond: (id = ci.person_id)
               Filter: ((gender)::text = ANY ('{f,m}'::text[]))
               Rows Removed by Filter: 0
               Buffers: shared hit=488109 read=25359
 Planning:
   Buffers: shared hit=483 read=91
 Planning Time: 13.106 ms
 Execution Time: 13418.373 ms
(73 rows)

