                                                                                                                      QUERY PLAN                                                                                                                       
-------------------------------------------------------------------------------------------------------------------------------------------------------------------------------------------------------------------------------------------------------
 Aggregate  (cost=489438.43..489438.44 rows=1 width=8) (actual time=2090.919..2090.929 rows=1 loops=1)
   Buffers: shared hit=168067 read=41070
   ->  Nested Loop  (cost=4697.68..489438.43 rows=1 width=0) (actual time=117.574..2090.864 rows=136 loops=1)
         Buffers: shared hit=168067 read=41070
         ->  Hash Join  (cost=4697.25..489433.79 rows=2 width=4) (actual time=117.531..2083.940 rows=187 loops=1)
               Hash Cond: (ci.role_id = rt.id)
               Buffers: shared hit=167523 read=40866
               ->  Nested Loop  (cost=4696.08..489432.56 rows=14 width=8) (actual time=117.413..2083.434 rows=2591 loops=1)
                     Buffers: shared hit=167522 read=40866
                     ->  Nested Loop  (cost=4695.64..489388.20 rows=1 width=12) (actual time=117.381..2054.069 rows=91 loops=1)
                           Buffers: shared hit=165518 read=40062
                           ->  Nested Loop  (cost=4695.64..489385.78 rows=1 width=16) (actual time=117.373..2052.720 rows=91 loops=1)
                                 Buffers: shared hit=165427 read=40062
                                 ->  Nested Loop  (cost=4695.64..489383.36 rows=1 width=20) (actual time=117.355..2050.282 rows=91 loops=1)
                                       Buffers: shared hit=165336 read=40062
                                       ->  Hash Join  (cost=4695.18..486557.63 rows=66 width=12) (actual time=117.258..2027.502 rows=141 loops=1)
                                             Hash Cond: (t.kind_id = kt.id)
                                             Buffers: shared hit=164105 read=39476
                                             ->  Nested Loop  (cost=4694.06..486555.55 rows=230 width=16) (actual time=19.086..2024.450 rows=15435 loops=1)
                                                   Buffers: shared hit=164104 read=39476
                                                   ->  Bitmap Heap Scan on movie_info mi2  (cost=4693.63..477951.52 rows=1052 width=8) (actual time=19.039..496.977 rows=46002 loops=1)
                                                         Recheck Cond: (info_type_id = 5)
                                                         Filter: ((info)::text = ANY ('{Argentina:Atp,Australia:R,Canada:18+,Finland:(Banned),Finland:S,France:-12,Iceland:16,"New Zealand:R18",Singapore:NC-16,UK:15,"West Germany:o.Al."}'::text[]))
                                                         Rows Removed by Filter: 440552
                                                         Heap Blocks: exact=19164
                                                         Buffers: shared hit=3710 read=15862
                                                         ->  Bitmap Index Scan on info_type_id_movie_info  (cost=0.00..4693.37 rows=439058 width=0) (actual time=16.073..16.074 rows=486554 loops=1)
                                                               Index Cond: (info_type_id = 5)
                                                               Buffers: shared read=408
                                                   ->  Index Scan using title_pkey on title t  (cost=0.43..8.18 rows=1 width=8) (actual time=0.033..0.033 rows=0 loops=46002)
                                                         Index Cond: (id = mi2.movie_id)
                                                         Filter: ((production_year <= 1990) AND (production_year >= 1950))
                                                         Rows Removed by Filter: 1
                                                         Buffers: shared hit=160394 read=23614
                                             ->  Hash  (cost=1.09..1.09 rows=2 width=4) (actual time=0.013..0.014 rows=2 loops=1)
                                                   Buckets: 1024  Batches: 1  Memory Usage: 9kB
                                                   Buffers: shared hit=1
                                                   ->  Seq Scan on kind_type kt  (cost=0.00..1.09 rows=2 width=4) (actual time=0.008..0.009 rows=2 loops=1)
                                                         Filter: ((kind)::text = ANY ('{"video game","video movie"}'::text[]))
                                                         Rows Removed by Filter: 5
                                                         Buffers: shared hit=1
                                       ->  Index Scan using movie_id_movie_info on movie_info mi1  (cost=0.46..42.80 rows=1 width=8) (actual time=0.160..0.160 rows=1 loops=141)
                                             Index Cond: (movie_id = t.id)
                                             Filter: ((info_type_id = 3) AND ((info)::text = ANY ('{Adventure,Animation,Comedy,Documentary,Film-Noir,History,Musical,Sci-Fi,Sport,War,Western}'::text[])))
                                             Rows Removed by Filter: 17
                                             Buffers: shared hit=1231 read=586
                                 ->  Seq Scan on info_type it1  (cost=0.00..2.41 rows=1 width=4) (actual time=0.017..0.024 rows=1 loops=91)
                                       Filter: (id = 3)
                                       Rows Removed by Filter: 112
                                       Buffers: shared hit=91
                           ->  Seq Scan on info_type it2  (cost=0.00..2.41 rows=1 width=4) (actual time=0.006..0.013 rows=1 loops=91)
                                 Filter: (id = 5)
                                 Rows Removed by Filter: 112
                                 Buffers: shared hit=91
                     ->  Index Scan using movie_id_cast_info on cast_info ci  (cost=0.44..43.98 rows=38 width=12) (actual time=0.027..0.315 rows=28 loops=91)
                           Index Cond: (movie_id = t.id)
                           Buffers: shared hit=2004 read=804
               ->  Hash  (cost=1.15..1.15 rows=2 width=4) (actual time=0.029..0.030 rows=2 loops=1)
                     Buckets: 1024  Batches: 1  Memory Usage: 9kB
                     Buffers: shared hit=1
                     ->  Seq Scan on role_type rt  (cost=0.00..1.15 rows=2 width=4) (actual time=0.022..0.024 rows=2 loops=1)
                           Filter: ((role)::text = ANY ('{director,editor}'::text[]))
                           Rows Removed by Filter: 10
                           Buffers: shared hit=1
         ->  Index Scan using name_pkey on name n  (cost=0.43..2.32 rows=1 width=4) (actual time=0.036..0.036 rows=1 loops=187)
               Index Cond: (id = ci.person_id)
               Filter: (((gender)::text = 'f'::text) OR (gender IS NULL))
               Rows Removed by Filter: 0
               Buffers: shared hit=544 read=204
 Planning:
   Buffers: shared hit=505 read=72
 Planning Time: 12.771 ms
 Execution Time: 2091.456 ms
(73 rows)

