                                                                                                                                                                          QUERY PLAN                                                                                                                                                                          
--------------------------------------------------------------------------------------------------------------------------------------------------------------------------------------------------------------------------------------------------------------------------------------------------------------------------------------------------------------
 Aggregate  (cost=513804.78..513804.79 rows=1 width=8) (actual time=58630.531..58630.540 rows=1 loops=1)
   Buffers: shared hit=5574277 read=156032
   ->  Nested Loop  (cost=5097.05..513804.66 rows=48 width=0) (actual time=15.205..58565.083 rows=320852 loops=1)
         Buffers: shared hit=5574277 read=156032
         ->  Hash Join  (cost=5096.62..513660.85 rows=62 width=4) (actual time=15.158..45853.776 rows=320852 loops=1)
               Hash Cond: (ci.role_id = rt.id)
               Buffers: shared hit=4306165 read=140736
               ->  Nested Loop  (cost=5095.44..513658.35 rows=373 width=8) (actual time=15.085..45352.602 rows=1960197 loops=1)
                     Buffers: shared hit=4306164 read=140736
                     ->  Nested Loop  (cost=5095.00..512492.07 rows=26 width=12) (actual time=15.053..21646.211 rows=135948 loops=1)
                           Buffers: shared hit=2039947 read=69309
                           ->  Seq Scan on info_type it2  (cost=0.00..2.41 rows=1 width=4) (actual time=0.027..0.039 rows=1 loops=1)
                                 Filter: (id = 7)
                                 Rows Removed by Filter: 112
                                 Buffers: shared hit=1
                           ->  Nested Loop  (cost=5095.00..512489.40 rows=26 width=16) (actual time=15.025..21609.271 rows=135948 loops=1)
                                 Buffers: shared hit=2039946 read=69309
                                 ->  Seq Scan on info_type it1  (cost=0.00..2.41 rows=1 width=4) (actual time=0.009..0.024 rows=1 loops=1)
                                       Filter: (id = 6)
                                       Rows Removed by Filter: 112
                                       Buffers: shared hit=1
                                 ->  Nested Loop  (cost=5095.00..512486.73 rows=26 width=20) (actual time=15.013..21570.256 rows=135948 loops=1)
                                       Buffers: shared hit=2039945 read=69309
                                       ->  Hash Join  (cost=5094.57..473785.03 rows=888 width=12) (actual time=14.980..13095.039 rows=79211 loops=1)
                                             Hash Cond: (t.kind_id = kt.id)
                                             Buffers: shared hit=1253124 read=34569
                                             ->  Nested Loop  (cost=5093.41..473777.32 rows=1554 width=16) (actual time=14.930..13022.676 rows=175046 loops=1)
                                                   Buffers: shared hit=1253123 read=34569
                                                   ->  Bitmap Heap Scan on movie_info mi1  (cost=5092.97..404344.45 rows=10932 width=8) (actual time=14.711..353.503 rows=322736 loops=1)
                                                         Recheck Cond: (info_type_id = 6)
                                                         Filter: ((info)::text = ANY ('{"4-Track Stereo","AGA Sound System",Mono,"Perspecta Stereo",Silent,Vitaphone}'::text[]))
                                                         Rows Removed by Filter: 151707
                                                         Heap Blocks: exact=3206
                                                         Buffers: shared hit=929 read=2651
                                                         ->  Bitmap Index Scan on info_type_id_movie_info  (cost=0.00..5090.24 rows=475974 width=0) (actual time=14.362..14.362 rows=474443 loops=1)
                                                               Index Cond: (info_type_id = 6)
                                                               Buffers: shared hit=1 read=373
                                                   ->  Memoize  (cost=0.44..6.43 rows=1 width=8) (actual time=0.039..0.039 rows=1 loops=322736)
                                                         Cache Key: mi1.movie_id
                                                         Cache Mode: logical
                                                         Hits: 1708  Misses: 321028  Evictions: 222301  Overflows: 0  Memory Usage: 8193kB
                                                         Buffers: shared hit=1252194 read=31918
                                                         ->  Index Scan using title_pkey on title t  (cost=0.43..6.42 rows=1 width=8) (actual time=0.037..0.037 rows=1 loops=321028)
                                                               Index Cond: (id = mi1.movie_id)
                                                               Filter: ((production_year <= 1975) AND (production_year >= 1925))
                                                               Rows Removed by Filter: 0
                                                               Buffers: shared hit=1252194 read=31918
                                             ->  Hash  (cost=1.10..1.10 rows=4 width=4) (actual time=0.015..0.017 rows=4 loops=1)
                                                   Buckets: 1024  Batches: 1  Memory Usage: 9kB
                                                   Buffers: shared hit=1
                                                   ->  Seq Scan on kind_type kt  (cost=0.00..1.10 rows=4 width=4) (actual time=0.009..0.011 rows=4 loops=1)
                                                         Filter: ((kind)::text = ANY ('{episode,"tv movie","tv series","video game"}'::text[]))
                                                         Rows Removed by Filter: 3
                                                         Buffers: shared hit=1
                                       ->  Index Scan using movie_id_movie_info on movie_info mi2  (cost=0.43..43.57 rows=1 width=8) (actual time=0.072..0.106 rows=2 loops=79211)
                                             Index Cond: (movie_id = t.id)
                                             Filter: ((info_type_id = 7) AND ((info)::text = ANY ('{"LAB:Consolidated Film Industries (CFI), Hollywood (CA), USA",LAB:Technicolor,"LAB:Technicolor, USA","MET:300 m","MET:600 m",OFM:Live,PCS:CinemaScope,PCS:Spherical,PCS:Techniscope,"PFM:35 mm","RAT:1.33 : 1","RAT:1.85 : 1","RAT:2.35 : 1"}'::text[])))
                                             Rows Removed by Filter: 8
                                             Buffers: shared hit=786821 read=34740
                     ->  Index Scan using movie_id_cast_info on cast_info ci  (cost=0.44..44.48 rows=38 width=12) (actual time=0.039..0.169 rows=14 loops=135948)
                           Index Cond: (movie_id = t.id)
                           Buffers: shared hit=2266217 read=71427
               ->  Hash  (cost=1.15..1.15 rows=2 width=4) (actual time=0.039..0.040 rows=2 loops=1)
                     Buckets: 1024  Batches: 1  Memory Usage: 9kB
                     Buffers: shared hit=1
                     ->  Seq Scan on role_type rt  (cost=0.00..1.15 rows=2 width=4) (actual time=0.030..0.033 rows=2 loops=1)
                           Filter: ((role)::text = ANY ('{"miscellaneous crew",writer}'::text[]))
                           Rows Removed by Filter: 10
                           Buffers: shared hit=1
         ->  Index Scan using name_pkey on name n  (cost=0.43..2.32 rows=1 width=4) (actual time=0.039..0.039 rows=1 loops=320852)
               Index Cond: (id = ci.person_id)
               Filter: (((gender)::text = ANY ('{f,m}'::text[])) OR (gender IS NULL))
               Buffers: shared hit=1268112 read=15296
 Planning:
   Buffers: shared hit=574
 Planning Time: 12.654 ms
 Execution Time: 58633.780 ms
(77 rows)

