                                                                                               QUERY PLAN                                                                                               
--------------------------------------------------------------------------------------------------------------------------------------------------------------------------------------------------------
 Aggregate  (cost=559836.69..559836.70 rows=1 width=8) (actual time=14220.668..14220.676 rows=1 loops=1)
   Buffers: shared hit=1186014 read=188103
   ->  Nested Loop  (cost=14216.88..559836.43 rows=105 width=0) (actual time=34.545..14199.797 rows=123449 loops=1)
         Buffers: shared hit=1186014 read=188103
         ->  Hash Join  (cost=14216.45..559462.98 rows=161 width=4) (actual time=34.512..8856.557 rows=140384 loops=1)
               Hash Cond: (ci.role_id = rt.id)
               Buffers: shared hit=656942 read=155639
               ->  Nested Loop  (cost=14215.24..559459.49 rows=645 width=8) (actual time=34.466..8764.375 rows=296507 loops=1)
                     Buffers: shared hit=656941 read=155639
                     ->  Nested Loop  (cost=14214.80..557493.18 rows=45 width=12) (actual time=34.435..5269.583 rows=10418 loops=1)
                           Buffers: shared hit=420279 read=71677
                           ->  Seq Scan on info_type it2  (cost=0.00..2.41 rows=1 width=4) (actual time=0.020..0.030 rows=1 loops=1)
                                 Filter: (id = 8)
                                 Rows Removed by Filter: 112
                                 Buffers: shared hit=1
                           ->  Nested Loop  (cost=14214.80..557490.32 rows=45 width=16) (actual time=34.414..5266.855 rows=10418 loops=1)
                                 Buffers: shared hit=420278 read=71677
                                 ->  Seq Scan on info_type it1  (cost=0.00..2.41 rows=1 width=4) (actual time=0.005..0.017 rows=1 loops=1)
                                       Filter: (id = 3)
                                       Rows Removed by Filter: 112
                                       Buffers: shared hit=1
                                 ->  Nested Loop  (cost=14214.80..557487.46 rows=45 width=20) (actual time=34.406..5263.967 rows=10418 loops=1)
                                       Buffers: shared hit=420277 read=71677
                                       ->  Hash Join  (cost=14214.37..437963.28 rows=2813 width=12) (actual time=34.295..2691.963 rows=25897 loops=1)
                                             Hash Cond: (t.kind_id = kt.id)
                                             Buffers: shared hit=218919 read=14143
                                             ->  Nested Loop  (cost=14213.19..437945.50 rows=3938 width=16) (actual time=34.257..2678.145 rows=27988 loops=1)
                                                   Buffers: shared hit=218918 read=14143
                                                   ->  Bitmap Heap Scan on movie_info mi2  (cost=14212.75..401864.64 rows=4932 width=8) (actual time=34.220..595.244 rows=57274 loops=1)
                                                         Recheck Cond: (info_type_id = 8)
                                                         Filter: ((info)::text = ANY ('{Hungary,Italy,Morocco,Pakistan,"West Germany"}'::text[]))
                                                         Rows Removed by Filter: 1268087
                                                         Heap Blocks: exact=7853
                                                         Buffers: shared hit=655 read=8238
                                                         ->  Bitmap Index Scan on info_type_id_movie_info  (cost=0.00..14211.52 rows=1329478 width=0) (actual time=33.234..33.235 rows=1325361 loops=1)
                                                               Index Cond: (info_type_id = 8)
                                                               Buffers: shared read=1040
                                                   ->  Memoize  (cost=0.44..7.35 rows=1 width=8) (actual time=0.036..0.036 rows=0 loops=57274)
                                                         Cache Key: mi2.movie_id
                                                         Cache Mode: logical
                                                         Hits: 1232  Misses: 56042  Evictions: 0  Overflows: 0  Memory Usage: 4794kB
                                                         Buffers: shared hit=218263 read=5905
                                                         ->  Index Scan using title_pkey on title t  (cost=0.43..7.34 rows=1 width=8) (actual time=0.035..0.035 rows=0 loops=56042)
                                                               Index Cond: (id = mi2.movie_id)
                                                               Filter: ((production_year <= 2015) AND (production_year >= 1975))
                                                               Rows Removed by Filter: 1
                                                               Buffers: shared hit=218263 read=5905
                                             ->  Hash  (cost=1.11..1.11 rows=5 width=4) (actual time=0.012..0.013 rows=5 loops=1)
                                                   Buckets: 1024  Batches: 1  Memory Usage: 9kB
                                                   Buffers: shared hit=1
                                                   ->  Seq Scan on kind_type kt  (cost=0.00..1.11 rows=5 width=4) (actual time=0.006..0.008 rows=5 loops=1)
                                                         Filter: ((kind)::text = ANY ('{episode,movie,"tv movie","tv series","video game"}'::text[]))
                                                         Rows Removed by Filter: 2
                                                         Buffers: shared hit=1
                                       ->  Index Scan using movie_id_movie_info on movie_info mi1  (cost=0.43..42.48 rows=1 width=8) (actual time=0.098..0.099 rows=0 loops=25897)
                                             Index Cond: (movie_id = t.id)
                                             Filter: ((info_type_id = 3) AND ((info)::text = ANY ('{Action,Drama,Family,Fantasy,Romance,Talk-Show,Western}'::text[])))
                                             Rows Removed by Filter: 12
                                             Buffers: shared hit=201358 read=57534
                     ->  Index Scan using movie_id_cast_info on cast_info ci  (cost=0.44..43.32 rows=38 width=12) (actual time=0.038..0.327 rows=28 loops=10418)
                           Index Cond: (movie_id = t.id)
                           Buffers: shared hit=236662 read=83962
               ->  Hash  (cost=1.17..1.17 rows=3 width=4) (actual time=0.030..0.031 rows=3 loops=1)
                     Buckets: 1024  Batches: 1  Memory Usage: 9kB
                     Buffers: shared hit=1
                     ->  Seq Scan on role_type rt  (cost=0.00..1.17 rows=3 width=4) (actual time=0.023..0.026 rows=3 loops=1)
                           Filter: ((role)::text = ANY ('{actor,cinematographer,writer}'::text[]))
                           Rows Removed by Filter: 9
                           Buffers: shared hit=1
         ->  Index Scan using name_pkey on name n  (cost=0.43..2.32 rows=1 width=4) (actual time=0.037..0.037 rows=1 loops=140384)
               Index Cond: (id = ci.person_id)
               Filter: ((gender)::text = ANY ('{f,m}'::text[]))
               Rows Removed by Filter: 0
               Buffers: shared hit=529072 read=32464
 Planning:
   Buffers: shared hit=485 read=89
 Planning Time: 9.814 ms
 Execution Time: 14222.345 ms
(78 rows)

