                                                                                                         QUERY PLAN                                                                                                         
----------------------------------------------------------------------------------------------------------------------------------------------------------------------------------------------------------------------------
 Aggregate  (cost=395382.54..395382.55 rows=1 width=8) (actual time=6013.653..6013.661 rows=1 loops=1)
   Buffers: shared hit=510161 read=107609
   ->  Nested Loop  (cost=8155.26..395382.54 rows=2 width=0) (actual time=153.995..6011.374 rows=11670 loops=1)
         Buffers: shared hit=510161 read=107609
         ->  Hash Join  (cost=8154.83..395373.26 rows=4 width=4) (actual time=153.899..5565.005 rows=11999 loops=1)
               Hash Cond: (ci.role_id = rt.id)
               Buffers: shared hit=467253 read=102521
               ->  Nested Loop  (cost=8153.63..395372.01 rows=14 width=8) (actual time=148.658..5544.168 rows=112906 loops=1)
                     Buffers: shared hit=467252 read=102521
                     ->  Nested Loop  (cost=8153.19..395327.15 rows=1 width=12) (actual time=148.565..4271.206 rows=4777 loops=1)
                           Buffers: shared hit=377066 read=67829
                           ->  Nested Loop  (cost=8153.19..395324.73 rows=1 width=16) (actual time=148.553..4180.638 rows=4777 loops=1)
                                 Buffers: shared hit=372289 read=67829
                                 ->  Nested Loop  (cost=8153.19..395322.31 rows=1 width=20) (actual time=148.519..4088.057 rows=4777 loops=1)
                                       Buffers: shared hit=367512 read=67829
                                       ->  Hash Join  (cost=8152.75..391215.87 rows=94 width=12) (actual time=24.450..2418.218 rows=13985 loops=1)
                                             Hash Cond: (t.kind_id = kt.id)
                                             Buffers: shared hit=248754 read=18119
                                             ->  Nested Loop  (cost=8151.62..391213.81 rows=220 width=16) (actual time=24.405..2411.031 rows=14741 loops=1)
                                                   Buffers: shared hit=248753 read=18119
                                                   ->  Bitmap Heap Scan on movie_info mi1  (cost=8151.19..378736.89 rows=1549 width=8) (actual time=23.877..251.771 rows=65312 loops=1)
                                                         Recheck Cond: (info_type_id = 1)
                                                         Filter: ((info)::text = ANY ('{106,11,12,45,61,62,8,80,81,85,89,94,95,97,USA:18}'::text[]))
                                                         Rows Removed by Filter: 736828
                                                         Heap Blocks: exact=4993
                                                         Buffers: shared hit=1708 read=3916
                                                         ->  Bitmap Index Scan on info_type_id_movie_info  (cost=0.00..8150.77 rows=762444 width=0) (actual time=23.277..23.278 rows=802140 loops=1)
                                                               Index Cond: (info_type_id = 1)
                                                               Buffers: shared read=631
                                                   ->  Index Scan using title_pkey on title t  (cost=0.43..8.05 rows=1 width=8) (actual time=0.033..0.033 rows=0 loops=65312)
                                                         Index Cond: (id = mi1.movie_id)
                                                         Filter: ((production_year <= 1975) AND (production_year >= 1925))
                                                         Rows Removed by Filter: 1
                                                         Buffers: shared hit=247045 read=14203
                                             ->  Hash  (cost=1.10..1.10 rows=3 width=4) (actual time=0.021..0.022 rows=3 loops=1)
                                                   Buckets: 1024  Batches: 1  Memory Usage: 9kB
                                                   Buffers: shared hit=1
                                                   ->  Seq Scan on kind_type kt  (cost=0.00..1.10 rows=3 width=4) (actual time=0.010..0.012 rows=3 loops=1)
                                                         Filter: ((kind)::text = ANY ('{episode,movie,"video movie"}'::text[]))
                                                         Rows Removed by Filter: 4
                                                         Buffers: shared hit=1
                                       ->  Index Scan using movie_id_movie_info on movie_info mi2  (cost=0.43..43.68 rows=1 width=8) (actual time=0.096..0.119 rows=0 loops=13985)
                                             Index Cond: (movie_id = t.id)
                                             Filter: ((info_type_id = 4) AND ((info)::text = ANY ('{Czech,Dutch,Finnish,German,Greek,Hindi,Italian,Korean,Mandarin,None,Polish,Russian,Spanish,Swedish,Turkish}'::text[])))
                                             Rows Removed by Filter: 15
                                             Buffers: shared hit=118758 read=49710
                                 ->  Seq Scan on info_type it1  (cost=0.00..2.41 rows=1 width=4) (actual time=0.009..0.017 rows=1 loops=4777)
                                       Filter: (id = 1)
                                       Rows Removed by Filter: 112
                                       Buffers: shared hit=4777
                           ->  Seq Scan on info_type it2  (cost=0.00..2.41 rows=1 width=4) (actual time=0.009..0.017 rows=1 loops=4777)
                                 Filter: (id = 4)
                                 Rows Removed by Filter: 112
                                 Buffers: shared hit=4777
                     ->  Index Scan using movie_id_cast_info on cast_info ci  (cost=0.44..44.48 rows=38 width=12) (actual time=0.040..0.260 rows=24 loops=4777)
                           Index Cond: (movie_id = t.id)
                           Buffers: shared hit=90186 read=34692
               ->  Hash  (cost=1.17..1.17 rows=3 width=4) (actual time=0.039..0.040 rows=3 loops=1)
                     Buckets: 1024  Batches: 1  Memory Usage: 9kB
                     Buffers: shared hit=1
                     ->  Seq Scan on role_type rt  (cost=0.00..1.17 rows=3 width=4) (actual time=0.026..0.029 rows=3 loops=1)
                           Filter: ((role)::text = ANY ('{cinematographer,"miscellaneous crew",producer}'::text[]))
                           Rows Removed by Filter: 9
                           Buffers: shared hit=1
         ->  Index Scan using name_pkey on name n  (cost=0.43..2.32 rows=1 width=4) (actual time=0.037..0.037 rows=1 loops=11999)
               Index Cond: (id = ci.person_id)
               Filter: (((gender)::text = 'm'::text) OR (gender IS NULL))
               Rows Removed by Filter: 0
               Buffers: shared hit=42908 read=5088
 Planning:
   Buffers: shared hit=486 read=91
 Planning Time: 14.450 ms
 Execution Time: 6014.241 ms
(73 rows)

