                                                                                                        QUERY PLAN                                                                                                         
---------------------------------------------------------------------------------------------------------------------------------------------------------------------------------------------------------------------------
 Aggregate  (cost=787136.99..787137.00 rows=1 width=8) (actual time=4715.556..4715.564 rows=1 loops=1)
   Buffers: shared hit=345059 read=75127, temp read=2406 written=2406
   ->  Nested Loop  (cost=489187.39..787136.74 rows=100 width=0) (actual time=1098.272..4713.482 rows=13925 loops=1)
         Buffers: shared hit=345059 read=75127, temp read=2406 written=2406
         ->  Seq Scan on info_type it2  (cost=0.00..2.41 rows=1 width=4) (actual time=0.033..0.040 rows=1 loops=1)
               Filter: (id = 4)
               Rows Removed by Filter: 112
               Buffers: shared hit=1
         ->  Nested Loop  (cost=489187.39..787133.32 rows=100 width=4) (actual time=1098.237..4711.335 rows=13925 loops=1)
               Buffers: shared hit=345058 read=75127, temp read=2406 written=2406
               ->  Seq Scan on info_type it1  (cost=0.00..2.41 rows=1 width=4) (actual time=0.008..0.015 rows=1 loops=1)
                     Filter: (id = 3)
                     Rows Removed by Filter: 112
                     Buffers: shared hit=1
               ->  Nested Loop  (cost=489187.39..787129.91 rows=100 width=8) (actual time=1098.229..4709.026 rows=13925 loops=1)
                     Join Filter: (t.id = mi2.movie_id)
                     Buffers: shared hit=345057 read=75127, temp read=2406 written=2406
                     ->  Nested Loop  (cost=489186.95..646466.71 rows=3291 width=16) (actual time=1098.193..2579.139 rows=20777 loops=1)
                           Buffers: shared hit=125600 read=41110, temp read=2406 written=2406
                           ->  Hash Join  (cost=489186.52..624570.88 rows=9450 width=20) (actual time=1098.075..1802.656 rows=28068 loops=1)
                                 Hash Cond: (ci.movie_id = t.id)
                                 Buffers: shared hit=18079 read=36359, temp read=2406 written=2406
                                 ->  Nested Loop  (cost=0.44..123965.00 rows=3020080 width=8) (actual time=0.091..419.237 rows=1093558 loops=1)
                                       Buffers: shared hit=773 read=6298
                                       ->  Seq Scan on role_type rt  (cost=0.00..1.15 rows=1 width=4) (actual time=0.009..0.011 rows=1 loops=1)
                                             Filter: ((role)::text = 'editor'::text)
                                             Rows Removed by Filter: 11
                                             Buffers: shared hit=1
                                       ->  Index Scan using role_id_cast_info on cast_info ci  (cost=0.44..91017.52 rows=3294633 width=12) (actual time=0.078..273.114 rows=1093558 loops=1)
                                             Index Cond: (role_id = rt.id)
                                             Buffers: shared hit=772 read=6298
                                 ->  Hash  (cost=489087.19..489087.19 rows=7911 width=12) (actual time=1097.869..1097.873 rows=142506 loops=1)
                                       Buckets: 262144 (originally 8192)  Batches: 1 (originally 1)  Memory Usage: 8172kB
                                       Buffers: shared hit=17306 read=30061, temp read=2406 written=2406
                                       ->  Hash Join  (cost=98281.10..489087.19 rows=7911 width=12) (actual time=508.175..1066.811 rows=142506 loops=1)
                                             Hash Cond: (t.kind_id = kt.id)
                                             Buffers: shared hit=17306 read=30061, temp read=2406 written=2406
                                             ->  Hash Join  (cost=98279.90..489047.09 rows=9230 width=16) (actual time=508.140..1040.242 rows=142506 loops=1)
                                                   Hash Cond: (mi1.movie_id = t.id)
                                                   Buffers: shared hit=17305 read=30061, temp read=2406 written=2406
                                                   ->  Bitmap Heap Scan on movie_info mi1  (cost=16461.23..404907.46 rows=51033 width=8) (actual time=41.333..374.209 rows=485509 loops=1)
                                                         Recheck Cond: (info_type_id = 3)
                                                         Filter: ((info)::text = ANY ('{Action,Mystery,Short,Sport,Thriller}'::text[]))
                                                         Rows Removed by Filter: 1048400
                                                         Heap Blocks: exact=9772
                                                         Buffers: shared hit=4996 read=5979
                                                         ->  Bitmap Index Scan on info_type_id_movie_info  (cost=0.00..16448.47 rows=1538671 width=0) (actual time=40.109..40.109 rows=1533909 loops=1)
                                                               Index Cond: (info_type_id = 3)
                                                               Buffers: shared read=1203
                                                   ->  Hash  (cost=74315.95..74315.95 rows=457258 width=8) (actual time=465.671..465.672 rows=451569 loops=1)
                                                         Buckets: 262144  Batches: 4  Memory Usage: 6450kB
                                                         Buffers: shared hit=12309 read=24082, temp written=1157
                                                         ->  Seq Scan on title t  (cost=0.00..74315.95 rows=457258 width=8) (actual time=0.030..391.843 rows=451569 loops=1)
                                                               Filter: ((production_year <= 1975) AND (production_year >= 1875))
                                                               Rows Removed by Filter: 2076743
                                                               Buffers: shared hit=12309 read=24082
                                             ->  Hash  (cost=1.12..1.12 rows=6 width=4) (actual time=0.017..0.017 rows=6 loops=1)
                                                   Buckets: 1024  Batches: 1  Memory Usage: 9kB
                                                   Buffers: shared hit=1
                                                   ->  Seq Scan on kind_type kt  (cost=0.00..1.12 rows=6 width=4) (actual time=0.008..0.011 rows=6 loops=1)
                                                         Filter: ((kind)::text = ANY ('{episode,movie,"tv movie","tv series","video game","video movie"}'::text[]))
                                                         Rows Removed by Filter: 1
                                                         Buffers: shared hit=1
                           ->  Index Scan using name_pkey on name n  (cost=0.43..2.32 rows=1 width=4) (actual time=0.027..0.027 rows=1 loops=28068)
                                 Index Cond: (id = ci.person_id)
                                 Filter: (gender IS NULL)
                                 Rows Removed by Filter: 0
                                 Buffers: shared hit=107521 read=4751
                     ->  Index Scan using movie_id_movie_info on movie_info mi2  (cost=0.43..42.73 rows=1 width=8) (actual time=0.051..0.102 rows=1 loops=20777)
                           Index Cond: (movie_id = ci.movie_id)
                           Filter: ((info_type_id = 4) AND ((info)::text = ANY ('{Albanian,Bulgarian,Cantonese,Danish,English,Georgian,German,Greek,Hindi,Italian,Japanese,Polish,Portuguese,Romanian,Turkish}'::text[])))
                           Rows Removed by Filter: 18
                           Buffers: shared hit=219457 read=34017
 Planning:
   Buffers: shared hit=519 read=55
 Planning Time: 13.504 ms
 Execution Time: 4716.081 ms
(77 rows)

