                                                                                                                                                                                                                               QUERY PLAN                                                                                                                                                                                                                               
------------------------------------------------------------------------------------------------------------------------------------------------------------------------------------------------------------------------------------------------------------------------------------------------------------------------------------------------------------------------------------------------------------------------------------------------------------------------
 Aggregate  (cost=774599.94..774599.95 rows=1 width=8) (actual time=7174.042..7174.049 rows=1 loops=1)
   Buffers: shared hit=597020 read=121633
   ->  Nested Loop  (cost=15876.25..774599.75 rows=78 width=0) (actual time=40.042..7172.178 rows=10371 loops=1)
         Buffers: shared hit=597020 read=121633
         ->  Hash Join  (cost=15875.82..774307.49 rows=126 width=4) (actual time=39.996..6772.497 rows=11176 loops=1)
               Hash Cond: (ci.role_id = rt.id)
               Buffers: shared hit=559498 read=114451
               ->  Nested Loop  (cost=15874.62..774304.50 rows=502 width=8) (actual time=39.929..6752.909 rows=119453 loops=1)
                     Buffers: shared hit=559497 read=114451
                     ->  Nested Loop  (cost=15874.18..772775.15 rows=35 width=12) (actual time=39.895..5380.327 rows=6828 loops=1)
                           Buffers: shared hit=469400 read=66855
                           ->  Seq Scan on info_type it2  (cost=0.00..2.41 rows=1 width=4) (actual time=0.026..0.033 rows=1 loops=1)
                                 Filter: (id = 7)
                                 Rows Removed by Filter: 112
                                 Buffers: shared hit=1
                           ->  Nested Loop  (cost=15874.18..772772.39 rows=35 width=16) (actual time=39.868..5378.745 rows=6828 loops=1)
                                 Buffers: shared hit=469399 read=66855
                                 ->  Seq Scan on info_type it1  (cost=0.00..2.41 rows=1 width=4) (actual time=0.008..0.017 rows=1 loops=1)
                                       Filter: (id = 3)
                                       Rows Removed by Filter: 112
                                       Buffers: shared hit=1
                                 ->  Nested Loop  (cost=15874.18..772769.63 rows=35 width=20) (actual time=39.856..5377.080 rows=6828 loops=1)
                                       Buffers: shared hit=469398 read=66855
                                       ->  Hash Join  (cost=15873.75..603540.81 rows=3978 width=12) (actual time=39.640..3486.821 rows=18946 loops=1)
                                             Hash Cond: (t.kind_id = kt.id)
                                             Buffers: shared hit=291759 read=30831
                                             ->  Nested Loop  (cost=15872.57..603516.16 rows=5569 width=16) (actual time=39.596..3476.098 rows=37149 loops=1)
                                                   Buffers: shared hit=291758 read=30831
                                                   ->  Bitmap Heap Scan on movie_info mi2  (cost=15872.13..555071.19 rows=6974 width=8) (actual time=39.557..999.210 rows=79521 loops=1)
                                                         Recheck Cond: (info_type_id = 7)
                                                         Filter: ((info)::text = ANY ('{"CAM:Arriflex Cameras and Lenses","CAM:Canon XH-A1","CAM:Panavision Camera and Lenses","CAM:Red One Camera","LAB:EFILM Digital Laboratories, Hollywood (CA), USA","LAB:FotoKem Laboratory, Burbank (CA), USA","LAB:Rank Film Laboratories, Denham, UK","OFM:65 mm","PCS:Digital Video",PCS:HDV,"PCS:Redcode RAW",PFM:CD-ROM,PFM:Video,"RAT:1.37 : 1","RAT:1.66 : 1"}'::text[]))
                                                         Rows Removed by Filter: 1322381
                                                         Heap Blocks: exact=10050
                                                         Buffers: shared hit=2584 read=8565
                                                         ->  Bitmap Index Scan on info_type_id_movie_info  (cost=0.00..15870.39 rows=1484527 width=0) (actual time=38.131..38.132 rows=1401902 loops=1)
                                                               Index Cond: (info_type_id = 7)
                                                               Buffers: shared hit=1 read=1098
                                                   ->  Memoize  (cost=0.44..7.00 rows=1 width=8) (actual time=0.031..0.031 rows=0 loops=79521)
                                                         Cache Key: mi2.movie_id
                                                         Cache Mode: logical
                                                         Hits: 1661  Misses: 77860  Evictions: 0  Overflows: 0  Memory Usage: 6562kB
                                                         Buffers: shared hit=289174 read=22266
                                                         ->  Index Scan using title_pkey on title t  (cost=0.43..6.99 rows=1 width=8) (actual time=0.030..0.030 rows=0 loops=77860)
                                                               Index Cond: (id = mi2.movie_id)
                                                               Filter: ((production_year <= 2015) AND (production_year >= 1975))
                                                               Rows Removed by Filter: 1
                                                               Buffers: shared hit=289174 read=22266
                                             ->  Hash  (cost=1.11..1.11 rows=5 width=4) (actual time=0.023..0.024 rows=5 loops=1)
                                                   Buckets: 1024  Batches: 1  Memory Usage: 9kB
                                                   Buffers: shared hit=1
                                                   ->  Seq Scan on kind_type kt  (cost=0.00..1.11 rows=5 width=4) (actual time=0.012..0.014 rows=5 loops=1)
                                                         Filter: ((kind)::text = ANY ('{episode,"tv movie","tv series","video game","video movie"}'::text[]))
                                                         Rows Removed by Filter: 2
                                                         Buffers: shared hit=1
                                       ->  Index Scan using movie_id_movie_info on movie_info mi1  (cost=0.43..42.53 rows=1 width=8) (actual time=0.099..0.099 rows=0 loops=18946)
                                             Index Cond: (movie_id = t.id)
                                             Filter: ((info_type_id = 3) AND ((info)::text = ANY ('{Adult,Family,Horror,Music,News,Sport,War,Western}'::text[])))
                                             Rows Removed by Filter: 14
                                             Buffers: shared hit=177639 read=36024
                     ->  Index Scan using movie_id_cast_info on cast_info ci  (cost=0.44..43.32 rows=38 width=12) (actual time=0.037..0.197 rows=17 loops=6828)
                           Index Cond: (movie_id = t.id)
                           Buffers: shared hit=90097 read=47596
               ->  Hash  (cost=1.17..1.17 rows=3 width=4) (actual time=0.040..0.040 rows=3 loops=1)
                     Buckets: 1024  Batches: 1  Memory Usage: 9kB
                     Buffers: shared hit=1
                     ->  Seq Scan on role_type rt  (cost=0.00..1.17 rows=3 width=4) (actual time=0.030..0.033 rows=3 loops=1)
                           Filter: ((role)::text = ANY ('{producer,"production designer",writer}'::text[]))
                           Rows Removed by Filter: 9
                           Buffers: shared hit=1
         ->  Index Scan using name_pkey on name n  (cost=0.43..2.32 rows=1 width=4) (actual time=0.035..0.035 rows=1 loops=11176)
               Index Cond: (id = ci.person_id)
               Filter: (((gender)::text = 'm'::text) OR (gender IS NULL))
               Rows Removed by Filter: 0
               Buffers: shared hit=37522 read=7182
 Planning:
   Buffers: shared hit=574
 Planning Time: 14.263 ms
 Execution Time: 7175.757 ms
(78 rows)

