                                                                                                                                                        QUERY PLAN                                                                                                                                                         
---------------------------------------------------------------------------------------------------------------------------------------------------------------------------------------------------------------------------------------------------------------------------------------------------------------------------
 Aggregate  (cost=928704.59..928704.60 rows=1 width=8) (actual time=149542.742..149542.752 rows=1 loops=1)
   Buffers: shared hit=13154755 read=1508618, temp read=7273 written=7267
   ->  Nested Loop  (cost=832665.54..928700.73 rows=1544 width=0) (actual time=1223.077..149352.275 rows=1088829 loops=1)
         Buffers: shared hit=13154755 read=1508618, temp read=7273 written=7267
         ->  Hash Join  (cost=832665.11..913280.57 rows=6648 width=4) (actual time=1222.452..84012.844 rows=1715692 loops=1)
               Hash Cond: (ci.role_id = rt.id)
               Buffers: shared hit=6486185 read=1314420, temp read=7273 written=7267
               ->  Nested Loop  (cost=832663.85..913222.63 rows=15954 width=8) (actual time=1222.348..82463.662 rows=6076192 loops=1)
                     Buffers: shared hit=6486184 read=1314420, temp read=7273 written=7267
                     ->  Nested Loop  (cost=832663.41..864630.00 rows=1113 width=12) (actual time=1222.318..13392.315 rows=217130 loops=1)
                           Buffers: shared hit=1141400 read=59242, temp read=7273 written=7267
                           ->  Nested Loop  (cost=832663.41..864613.67 rows=1113 width=16) (actual time=1222.312..13226.930 rows=217130 loops=1)
                                 Buffers: shared hit=1141399 read=59242, temp read=7273 written=7267
                                 ->  Nested Loop  (cost=832663.41..864597.34 rows=1113 width=20) (actual time=1222.290..13069.789 rows=217130 loops=1)
                                       Buffers: shared hit=1141398 read=59242, temp read=7273 written=7267
                                       ->  Nested Loop  (cost=832663.27..864565.78 rows=1299 width=24) (actual time=1222.273..12841.801 rows=217130 loops=1)
                                             Buffers: shared hit=1141386 read=59242, temp read=7273 written=7267
                                             ->  Merge Join  (cost=832662.84..833490.36 rows=10225 width=16) (actual time=1222.205..1970.574 rows=292984 loops=1)
                                                   Merge Cond: (mi1.movie_id = mi2.movie_id)
                                                   Buffers: shared hit=9664 read=19028, temp read=7273 written=7267
                                                   ->  Sort  (cost=365868.85..366154.62 rows=114308 width=8) (actual time=662.701..926.641 rows=1288875 loops=1)
                                                         Sort Key: mi1.movie_id
                                                         Sort Method: external merge  Disk: 22760kB
                                                         Buffers: shared hit=6205 read=11338, temp read=5684 written=5702
                                                         ->  Bitmap Heap Scan on movie_info mi1  (cost=13885.07..356265.51 rows=114308 width=8) (actual time=39.503..374.741 rows=1288928 loops=1)
                                                               Recheck Cond: (info_type_id = 2)
                                                               Filter: ((info)::text = ANY ('{"Black and White",Color}'::text[]))
                                                               Heap Blocks: exact=16526
                                                               Buffers: shared hit=6205 read=11338
                                                               ->  Bitmap Index Scan on info_type_id_movie_info  (cost=0.00..13856.49 rows=1296008 width=0) (actual time=37.254..37.254 rows=1288928 loops=1)
                                                                     Index Cond: (info_type_id = 2)
                                                                     Buffers: shared hit=1 read=1016
                                                   ->  Sort  (cost=466793.99..466870.85 rows=30747 width=8) (actual time=559.477..664.293 rows=295478 loops=1)
                                                         Sort Key: mi2.movie_id
                                                         Sort Method: external sort  Disk: 6256kB
                                                         Buffers: shared hit=3459 read=7690, temp read=1575 written=1565
                                                         ->  Bitmap Heap Scan on movie_info mi2  (cost=15878.07..464502.08 rows=30747 width=8) (actual time=33.766..481.801 rows=289462 loops=1)
                                                               Recheck Cond: (info_type_id = 7)
                                                               Filter: ((info)::text = ANY ('{"LAB:DuArt Film Laboratories Inc., New York, USA","LAB:Kinuta Laboratories, Tokyo, Japan","LAB:Rank Film Laboratories, Denham, UK",OFM:Video,PCS:Kinescope,"PCS:Super 16","PFM:35 mm","PFM:70 mm","RAT:1.20 : 1"}'::text[]))
                                                               Rows Removed by Filter: 1112440
                                                               Heap Blocks: exact=10050
                                                               Buffers: shared hit=3459 read=7690
                                                               ->  Bitmap Index Scan on info_type_id_movie_info  (cost=0.00..15870.39 rows=1484527 width=0) (actual time=32.461..32.461 rows=1401902 loops=1)
                                                                     Index Cond: (info_type_id = 7)
                                                                     Buffers: shared hit=1 read=1098
                                             ->  Index Scan using title_pkey on title t  (cost=0.43..3.04 rows=1 width=8) (actual time=0.036..0.036 rows=1 loops=292984)
                                                   Index Cond: (id = mi1.movie_id)
                                                   Filter: ((production_year <= 2015) AND (production_year >= 1925))
                                                   Rows Removed by Filter: 0
                                                   Buffers: shared hit=1131722 read=40214
                                       ->  Memoize  (cost=0.14..0.17 rows=1 width=4) (actual time=0.000..0.000 rows=1 loops=217130)
                                             Cache Key: t.kind_id
                                             Cache Mode: logical
                                             Hits: 217124  Misses: 6  Evictions: 0  Overflows: 0  Memory Usage: 1kB
                                             Buffers: shared hit=12
                                             ->  Index Scan using kind_type_pkey on kind_type kt  (cost=0.13..0.16 rows=1 width=4) (actual time=0.011..0.011 rows=1 loops=6)
                                                   Index Cond: (id = t.kind_id)
                                                   Filter: ((kind)::text = ANY ('{episode,movie,"tv movie","tv series","video game","video movie"}'::text[]))
                                                   Buffers: shared hit=12
                                 ->  Materialize  (cost=0.00..2.42 rows=1 width=4) (actual time=0.000..0.000 rows=1 loops=217130)
                                       Buffers: shared hit=1
                                       ->  Seq Scan on info_type it1  (cost=0.00..2.41 rows=1 width=4) (actual time=0.013..0.018 rows=1 loops=1)
                                             Filter: (id = 2)
                                             Rows Removed by Filter: 112
                                             Buffers: shared hit=1
                           ->  Materialize  (cost=0.00..2.42 rows=1 width=4) (actual time=0.000..0.000 rows=1 loops=217130)
                                 Buffers: shared hit=1
                                 ->  Seq Scan on info_type it2  (cost=0.00..2.41 rows=1 width=4) (actual time=0.005..0.010 rows=1 loops=1)
                                       Filter: (id = 7)
                                       Rows Removed by Filter: 112
                                       Buffers: shared hit=1
                     ->  Index Scan using movie_id_cast_info on cast_info ci  (cost=0.44..43.28 rows=38 width=12) (actual time=0.038..0.310 rows=28 loops=217130)
                           Index Cond: (movie_id = t.id)
                           Buffers: shared hit=5344784 read=1255178
               ->  Hash  (cost=1.20..1.20 rows=5 width=4) (actual time=0.037..0.039 rows=5 loops=1)
                     Buckets: 1024  Batches: 1  Memory Usage: 9kB
                     Buffers: shared hit=1
                     ->  Seq Scan on role_type rt  (cost=0.00..1.20 rows=5 width=4) (actual time=0.028..0.031 rows=5 loops=1)
                           Filter: ((role)::text = ANY ('{actress,cinematographer,"costume designer",guest,writer}'::text[]))
                           Rows Removed by Filter: 7
                           Buffers: shared hit=1
         ->  Index Scan using name_pkey on name n  (cost=0.43..2.32 rows=1 width=4) (actual time=0.037..0.037 rows=1 loops=1715692)
               Index Cond: (id = ci.person_id)
               Filter: ((gender)::text = 'f'::text)
               Rows Removed by Filter: 0
               Buffers: shared hit=6668570 read=194198
 Planning:
   Buffers: shared hit=574
 Planning Time: 13.906 ms
 Execution Time: 149551.743 ms
(90 rows)

