                                                                                                      QUERY PLAN                                                                                                       
-----------------------------------------------------------------------------------------------------------------------------------------------------------------------------------------------------------------------
 Aggregate  (cost=991259.82..991259.83 rows=1 width=8) (actual time=32243.633..32243.645 rows=1 loops=1)
   Buffers: shared hit=2996674 read=270986, temp read=8422 written=8422
   ->  Nested Loop  (cost=455557.81..991257.80 rows=808 width=0) (actual time=1290.023..32229.384 rows=68065 loops=1)
         Buffers: shared hit=2996674 read=270986, temp read=8422 written=8422
         ->  Hash Join  (cost=455557.38..988242.42 rows=1300 width=4) (actual time=1289.993..29746.050 rows=68327 loops=1)
               Hash Cond: (ci.role_id = rt.id)
               Buffers: shared hit=2732699 read=261653, temp read=8422 written=8422
               ->  Nested Loop  (cost=455556.21..988213.55 rows=7798 width=8) (actual time=1289.854..29314.965 rows=2433699 loops=1)
                     Buffers: shared hit=2732698 read=261653, temp read=8422 written=8422
                     ->  Nested Loop  (cost=455555.77..963975.99 rows=544 width=12) (actual time=1289.817..2863.734 rows=184667 loops=1)
                           Buffers: shared hit=1732 read=61098, temp read=8422 written=8422
                           ->  Seq Scan on info_type it2  (cost=0.00..2.41 rows=1 width=4) (actual time=0.028..0.039 rows=1 loops=1)
                                 Filter: (id = 8)
                                 Rows Removed by Filter: 112
                                 Buffers: shared read=1
                           ->  Nested Loop  (cost=455555.77..963968.14 rows=544 width=16) (actual time=1289.787..2823.721 rows=184667 loops=1)
                                 Buffers: shared hit=1732 read=61097, temp read=8422 written=8422
                                 ->  Seq Scan on info_type it1  (cost=0.00..2.41 rows=1 width=4) (actual time=0.006..0.020 rows=1 loops=1)
                                       Filter: (id = 2)
                                       Rows Removed by Filter: 112
                                       Buffers: shared hit=1
                                 ->  Hash Join  (cost=455555.77..963960.28 rows=544 width=20) (actual time=1289.778..2779.924 rows=184667 loops=1)
                                       Hash Cond: (t.kind_id = kt.id)
                                       Buffers: shared hit=1731 read=61097, temp read=8422 written=8422
                                       ->  Hash Join  (cost=455554.57..963956.41 rows=634 width=24) (actual time=1289.745..2702.551 rows=184667 loops=1)
                                             Hash Cond: (mi2.movie_id = t.id)
                                             Buffers: shared hit=1730 read=61097, temp read=8422 written=8422
                                             ->  Bitmap Heap Scan on movie_info mi2  (cost=14230.91..522335.54 rows=77566 width=8) (actual time=35.269..790.510 rows=835343 loops=1)
                                                   Recheck Cond: (info_type_id = 8)
                                                   Filter: ((info)::text = ANY ('{Australia,Austria,Belgium,Germany,Greece,Hungary,Netherlands,Philippines,"South Korea",Switzerland,UK,USA,"West Germany"}'::text[]))
                                                   Rows Removed by Filter: 490018
                                                   Heap Blocks: exact=7853
                                                   Buffers: shared hit=1 read=8892
                                                   ->  Bitmap Index Scan on info_type_id_movie_info  (cost=0.00..14211.52 rows=1329478 width=0) (actual time=34.292..34.292 rows=1325361 loops=1)
                                                         Index Cond: (info_type_id = 8)
                                                         Buffers: shared read=1040
                                             ->  Hash  (cost=441065.25..441065.25 rows=20673 width=16) (actual time=1254.183..1254.187 rows=339629 loops=1)
                                                   Buckets: 262144 (originally 32768)  Batches: 4 (originally 1)  Memory Usage: 6145kB
                                                   Buffers: shared hit=1729 read=52205, temp read=4466 written=5586
                                                   ->  Hash Join  (cost=95703.75..441065.25 rows=20673 width=16) (actual time=482.177..1185.770 rows=339629 loops=1)
                                                         Hash Cond: (mi1.movie_id = t.id)
                                                         Buffers: shared hit=1729 read=52205, temp read=4466 written=4466
                                                         ->  Bitmap Heap Scan on movie_info mi1  (cost=13885.07..356265.51 rows=114308 width=8) (actual time=33.946..371.258 rows=1288928 loops=1)
                                                               Recheck Cond: (info_type_id = 2)
                                                               Filter: ((info)::text = ANY ('{"Black and White",Color}'::text[]))
                                                               Heap Blocks: exact=16526
                                                               Buffers: shared hit=2 read=17541
                                                               ->  Bitmap Index Scan on info_type_id_movie_info  (cost=0.00..13856.49 rows=1296008 width=0) (actual time=31.769..31.769 rows=1288928 loops=1)
                                                                     Index Cond: (info_type_id = 2)
                                                                     Buffers: shared hit=1 read=1016
                                                         ->  Hash  (cost=74315.95..74315.95 rows=457258 width=8) (actual time=445.527..445.529 rows=451569 loops=1)
                                                               Buckets: 262144  Batches: 4  Memory Usage: 6450kB
                                                               Buffers: shared hit=1727 read=34664, temp written=1157
                                                               ->  Seq Scan on title t  (cost=0.00..74315.95 rows=457258 width=8) (actual time=0.029..371.628 rows=451569 loops=1)
                                                                     Filter: ((production_year <= 1975) AND (production_year >= 1875))
                                                                     Rows Removed by Filter: 2076743
                                                                     Buffers: shared hit=1727 read=34664
                                       ->  Hash  (cost=1.12..1.12 rows=6 width=4) (actual time=0.011..0.012 rows=6 loops=1)
                                             Buckets: 1024  Batches: 1  Memory Usage: 9kB
                                             Buffers: shared hit=1
                                             ->  Seq Scan on kind_type kt  (cost=0.00..1.12 rows=6 width=4) (actual time=0.006..0.008 rows=6 loops=1)
                                                   Filter: ((kind)::text = ANY ('{episode,movie,"tv movie","tv series","video game","video movie"}'::text[]))
                                                   Rows Removed by Filter: 1
                                                   Buffers: shared hit=1
                     ->  Index Scan using movie_id_cast_info on cast_info ci  (cost=0.44..44.17 rows=38 width=12) (actual time=0.034..0.139 rows=13 loops=184667)
                           Index Cond: (movie_id = t.id)
                           Buffers: shared hit=2730966 read=200555
               ->  Hash  (cost=1.15..1.15 rows=2 width=4) (actual time=0.035..0.036 rows=2 loops=1)
                     Buckets: 1024  Batches: 1  Memory Usage: 9kB
                     Buffers: shared hit=1
                     ->  Seq Scan on role_type rt  (cost=0.00..1.15 rows=2 width=4) (actual time=0.019..0.021 rows=2 loops=1)
                           Filter: ((role)::text = ANY ('{composer,"production designer"}'::text[]))
                           Rows Removed by Filter: 10
                           Buffers: shared hit=1
         ->  Index Scan using name_pkey on name n  (cost=0.43..2.32 rows=1 width=4) (actual time=0.036..0.036 rows=1 loops=68327)
               Index Cond: (id = ci.person_id)
               Filter: (((gender)::text = 'm'::text) OR (gender IS NULL))
               Rows Removed by Filter: 0
               Buffers: shared hit=263975 read=9333
 Planning:
   Buffers: shared hit=486 read=88
 Planning Time: 13.019 ms
 Execution Time: 32244.369 ms
(83 rows)

