                                                                                                                             QUERY PLAN                                                                                                                             
--------------------------------------------------------------------------------------------------------------------------------------------------------------------------------------------------------------------------------------------------------------------
 Aggregate  (cost=386455.83..386455.84 rows=1 width=8) (actual time=2645.469..2645.480 rows=1 loops=1)
   Buffers: shared hit=216644 read=55002
   ->  Nested Loop  (cost=4697.77..386455.83 rows=2 width=0) (actual time=681.898..2645.423 rows=409 loops=1)
         Buffers: shared hit=216644 read=55002
         ->  Hash Join  (cost=4697.34..386444.23 rows=5 width=4) (actual time=681.839..2629.178 rows=437 loops=1)
               Hash Cond: (ci.role_id = rt.id)
               Buffers: shared hit=215640 read=54258
               ->  Nested Loop  (cost=4696.11..386442.95 rows=14 width=8) (actual time=681.774..2628.933 rows=839 loops=1)
                     Buffers: shared hit=215639 read=54258
                     ->  Nested Loop  (cost=4695.67..386398.40 rows=1 width=12) (actual time=244.329..2617.900 rows=4 loops=1)
                           Buffers: shared hit=215104 read=53967
                           ->  Nested Loop  (cost=4695.67..386395.98 rows=1 width=16) (actual time=244.322..2617.839 rows=4 loops=1)
                                 Buffers: shared hit=215100 read=53967
                                 ->  Nested Loop  (cost=4695.67..386393.55 rows=1 width=20) (actual time=244.304..2617.746 rows=4 loops=1)
                                       Buffers: shared hit=215096 read=53967
                                       ->  Hash Join  (cost=4695.23..382106.96 rows=100 width=12) (actual time=20.437..2433.514 rows=1450 loops=1)
                                             Hash Cond: (t.kind_id = kt.id)
                                             Buffers: shared hit=205915 read=46438
                                             ->  Nested Loop  (cost=4694.08..382105.07 rows=176 width=16) (actual time=20.391..2427.307 rows=26615 loops=1)
                                                   Buffers: shared hit=205914 read=46438
                                                   ->  Bitmap Heap Scan on movie_info mi1  (cost=4693.65..374133.24 rows=972 width=8) (actual time=20.020..400.154 rows=58195 loops=1)
                                                         Recheck Cond: (info_type_id = 5)
                                                         Filter: ((info)::text = ANY ('{Argentina:18,Argentina:Atp,Australia:R,Belgium:KT,Finland:(Banned),India:U,Netherlands:18,Portugal:M/12,Sweden:Btl,UK:A,USA:Approved,USA:TV-PG,"West Germany:6"}'::text[]))
                                                         Rows Removed by Filter: 428359
                                                         Heap Blocks: exact=19164
                                                         Buffers: shared hit=14 read=19558
                                                         ->  Bitmap Index Scan on info_type_id_movie_info  (cost=0.00..4693.37 rows=439058 width=0) (actual time=17.438..17.438 rows=486554 loops=1)
                                                               Index Cond: (info_type_id = 5)
                                                               Buffers: shared read=408
                                                   ->  Index Scan using title_pkey on title t  (cost=0.43..8.20 rows=1 width=8) (actual time=0.034..0.034 rows=0 loops=58195)
                                                         Index Cond: (id = mi1.movie_id)
                                                         Filter: ((production_year <= 1975) AND (production_year >= 1875))
                                                         Rows Removed by Filter: 1
                                                         Buffers: shared hit=205900 read=26880
                                             ->  Hash  (cost=1.10..1.10 rows=4 width=4) (actual time=0.020..0.021 rows=4 loops=1)
                                                   Buckets: 1024  Batches: 1  Memory Usage: 9kB
                                                   Buffers: shared hit=1
                                                   ->  Seq Scan on kind_type kt  (cost=0.00..1.10 rows=4 width=4) (actual time=0.009..0.011 rows=4 loops=1)
                                                         Filter: ((kind)::text = ANY ('{"tv movie","tv series","video game","video movie"}'::text[]))
                                                         Rows Removed by Filter: 3
                                                         Buffers: shared hit=1
                                       ->  Index Scan using movie_id_movie_info on movie_info mi2  (cost=0.43..42.86 rows=1 width=8) (actual time=0.126..0.127 rows=0 loops=1450)
                                             Index Cond: (movie_id = t.id)
                                             Filter: ((info_type_id = 6) AND ((info)::text = ANY ('{"70 mm 6-Track","Dolby Digital",Silent}'::text[])))
                                             Rows Removed by Filter: 16
                                             Buffers: shared hit=9181 read=7529
                                 ->  Seq Scan on info_type it1  (cost=0.00..2.41 rows=1 width=4) (actual time=0.011..0.018 rows=1 loops=4)
                                       Filter: (id = 5)
                                       Rows Removed by Filter: 112
                                       Buffers: shared hit=4
                           ->  Seq Scan on info_type it2  (cost=0.00..2.41 rows=1 width=4) (actual time=0.006..0.013 rows=1 loops=4)
                                 Filter: (id = 6)
                                 Rows Removed by Filter: 112
                                 Buffers: shared hit=4
                     ->  Index Scan using movie_id_cast_info on cast_info ci  (cost=0.44..44.17 rows=38 width=12) (actual time=0.044..2.716 rows=210 loops=4)
                           Index Cond: (movie_id = t.id)
                           Buffers: shared hit=535 read=291
               ->  Hash  (cost=1.18..1.18 rows=4 width=4) (actual time=0.040..0.040 rows=4 loops=1)
                     Buckets: 1024  Batches: 1  Memory Usage: 9kB
                     Buffers: shared hit=1
                     ->  Seq Scan on role_type rt  (cost=0.00..1.18 rows=4 width=4) (actual time=0.029..0.033 rows=4 loops=1)
                           Filter: ((role)::text = ANY ('{actor,director,editor,guest}'::text[]))
                           Rows Removed by Filter: 8
                           Buffers: shared hit=1
         ->  Index Scan using name_pkey on name n  (cost=0.43..2.32 rows=1 width=4) (actual time=0.037..0.037 rows=1 loops=437)
               Index Cond: (id = ci.person_id)
               Filter: ((gender)::text = 'm'::text)
               Rows Removed by Filter: 0
               Buffers: shared hit=1004 read=744
 Planning:
   Buffers: shared hit=482 read=95
 Planning Time: 14.094 ms
 Execution Time: 2646.193 ms
(73 rows)

