                                                                                               QUERY PLAN                                                                                                
---------------------------------------------------------------------------------------------------------------------------------------------------------------------------------------------------------
 Aggregate  (cost=441007.54..441007.55 rows=1 width=8) (actual time=3264.518..3264.526 rows=1 loops=1)
   Buffers: shared hit=255913 read=68157
   ->  Nested Loop  (cost=4697.67..441007.53 rows=1 width=0) (actual time=90.321..3264.481 rows=53 loops=1)
         Buffers: shared hit=255913 read=68157
         ->  Hash Join  (cost=4697.24..441002.89 rows=2 width=4) (actual time=90.277..3236.087 rows=737 loops=1)
               Hash Cond: (ci.role_id = rt.id)
               Buffers: shared hit=253988 read=67134
               ->  Nested Loop  (cost=4696.07..441001.67 rows=14 width=8) (actual time=34.801..3235.082 rows=3976 loops=1)
                     Buffers: shared hit=253987 read=67134
                     ->  Nested Loop  (cost=4695.63..440957.94 rows=1 width=12) (actual time=34.746..3181.149 rows=141 loops=1)
                           Buffers: shared hit=252294 read=64566
                           ->  Nested Loop  (cost=4695.63..440955.52 rows=1 width=16) (actual time=34.735..3178.692 rows=141 loops=1)
                                 Buffers: shared hit=252153 read=64566
                                 ->  Nested Loop  (cost=4695.63..440953.10 rows=1 width=20) (actual time=34.714..3175.853 rows=141 loops=1)
                                       Buffers: shared hit=252012 read=64566
                                       ->  Hash Join  (cost=4695.17..424889.11 rows=379 width=12) (actual time=19.116..1669.036 rows=11665 loops=1)
                                             Hash Cond: (t.kind_id = kt.id)
                                             Buffers: shared hit=140008 read=25485
                                             ->  Nested Loop  (cost=4693.99..424885.70 rows=530 width=16) (actual time=19.070..1660.573 rows=27466 loops=1)
                                                   Buffers: shared hit=140007 read=25485
                                                   ->  Bitmap Heap Scan on movie_info mi2  (cost=4693.56..418626.70 rows=758 width=8) (actual time=19.025..455.075 rows=36480 loops=1)
                                                         Recheck Cond: (info_type_id = 5)
                                                         Filter: ((info)::text = ANY ('{Finland:K-12,Japan:R-15,"South Korea:12",Spain:13,USA:R,USA:TV-14,USA:Unrated}'::text[]))
                                                         Rows Removed by Filter: 450074
                                                         Heap Blocks: exact=19164
                                                         Buffers: shared hit=963 read=18609
                                                         ->  Bitmap Index Scan on info_type_id_movie_info  (cost=0.00..4693.37 rows=439058 width=0) (actual time=16.469..16.470 rows=486554 loops=1)
                                                               Index Cond: (info_type_id = 5)
                                                               Buffers: shared read=408
                                                   ->  Index Scan using title_pkey on title t  (cost=0.43..8.26 rows=1 width=8) (actual time=0.032..0.032 rows=1 loops=36480)
                                                         Index Cond: (id = mi2.movie_id)
                                                         Filter: ((production_year <= 2015) AND (production_year >= 1990))
                                                         Rows Removed by Filter: 0
                                                         Buffers: shared hit=139044 read=6876
                                             ->  Hash  (cost=1.11..1.11 rows=5 width=4) (actual time=0.019..0.020 rows=5 loops=1)
                                                   Buckets: 1024  Batches: 1  Memory Usage: 9kB
                                                   Buffers: shared hit=1
                                                   ->  Seq Scan on kind_type kt  (cost=0.00..1.11 rows=5 width=4) (actual time=0.009..0.012 rows=5 loops=1)
                                                         Filter: ((kind)::text = ANY ('{episode,"tv movie","tv series","video game","video movie"}'::text[]))
                                                         Rows Removed by Filter: 2
                                                         Buffers: shared hit=1
                                       ->  Index Scan using movie_id_movie_info on movie_info mi1  (cost=0.46..42.38 rows=1 width=8) (actual time=0.128..0.129 rows=0 loops=11665)
                                             Index Cond: (movie_id = t.id)
                                             Filter: ((info_type_id = 8) AND ((info)::text = ANY ('{Argentina,Belgium,Chile,Finland,Hungary,Luxembourg,Russia,Singapore,"South Korea",Spain}'::text[])))
                                             Rows Removed by Filter: 20
                                             Buffers: shared hit=112004 read=39081
                                 ->  Seq Scan on info_type it1  (cost=0.00..2.41 rows=1 width=4) (actual time=0.008..0.016 rows=1 loops=141)
                                       Filter: (id = 8)
                                       Rows Removed by Filter: 112
                                       Buffers: shared hit=141
                           ->  Seq Scan on info_type it2  (cost=0.00..2.41 rows=1 width=4) (actual time=0.006..0.015 rows=1 loops=141)
                                 Filter: (id = 5)
                                 Rows Removed by Filter: 112
                                 Buffers: shared hit=141
                     ->  Index Scan using movie_id_cast_info on cast_info ci  (cost=0.44..43.35 rows=38 width=12) (actual time=0.036..0.373 rows=28 loops=141)
                           Index Cond: (movie_id = t.id)
                           Buffers: shared hit=1693 read=2568
               ->  Hash  (cost=1.15..1.15 rows=2 width=4) (actual time=0.033..0.033 rows=2 loops=1)
                     Buckets: 1024  Batches: 1  Memory Usage: 9kB
                     Buffers: shared hit=1
                     ->  Seq Scan on role_type rt  (cost=0.00..1.15 rows=2 width=4) (actual time=0.025..0.026 rows=2 loops=1)
                           Filter: ((role)::text = ANY ('{editor,"miscellaneous crew"}'::text[]))
                           Rows Removed by Filter: 10
                           Buffers: shared hit=1
         ->  Index Scan using name_pkey on name n  (cost=0.43..2.32 rows=1 width=4) (actual time=0.038..0.038 rows=0 loops=737)
               Index Cond: (id = ci.person_id)
               Filter: ((gender)::text = 'f'::text)
               Rows Removed by Filter: 1
               Buffers: shared hit=1925 read=1023
 Planning:
   Buffers: shared hit=571 read=6
 Planning Time: 12.515 ms
 Execution Time: 3265.197 ms
(73 rows)

