                                                                                                                                                                                                                                                                             QUERY PLAN                                                                                                                                                                                                                                                                             
--------------------------------------------------------------------------------------------------------------------------------------------------------------------------------------------------------------------------------------------------------------------------------------------------------------------------------------------------------------------------------------------------------------------------------------------------------------------------------------------------------------------------------------------------------------------
 Aggregate  (cost=408675.89..408675.90 rows=1 width=8) (actual time=915.448..915.454 rows=1 loops=1)
   Buffers: shared hit=74418 read=13941
   ->  Nested Loop  (cost=7081.77..408675.89 rows=1 width=0) (actual time=28.748..915.264 rows=903 loops=1)
         Buffers: shared hit=74418 read=13941
         ->  Hash Join  (cost=7081.34..408673.57 rows=1 width=4) (actual time=28.705..869.972 rows=1301 loops=1)
               Hash Cond: (ci.role_id = rt.id)
               Buffers: shared hit=69268 read=13887
               ->  Nested Loop  (cost=7080.18..408672.36 rows=14 width=8) (actual time=21.613..865.067 rows=34912 loops=1)
                     Buffers: shared hit=69267 read=13887
                     ->  Nested Loop  (cost=7079.74..408628.00 rows=1 width=12) (actual time=21.577..511.076 rows=1353 loops=1)
                           Buffers: shared hit=35540 read=8880
                           ->  Nested Loop  (cost=7079.74..408625.58 rows=1 width=16) (actual time=21.571..490.242 rows=1353 loops=1)
                                 Buffers: shared hit=34187 read=8880
                                 ->  Nested Loop  (cost=7079.74..408623.15 rows=1 width=20) (actual time=21.556..463.530 rows=1353 loops=1)
                                       Buffers: shared hit=32834 read=8880
                                       ->  Hash Join  (cost=7079.31..407937.75 rows=16 width=12) (actual time=21.509..333.132 rows=1579 loops=1)
                                             Hash Cond: (t.kind_id = kt.id)
                                             Buffers: shared hit=17096 read=7293
                                             ->  Nested Loop  (cost=7078.13..407936.48 rows=22 width=16) (actual time=21.464..332.165 rows=1946 loops=1)
                                                   Buffers: shared hit=17095 read=7293
                                                   ->  Bitmap Heap Scan on movie_info mi2  (cost=7077.70..407082.78 rows=101 width=8) (actual time=21.107..227.764 rows=4224 loops=1)
                                                         Recheck Cond: (info_type_id = 18)
                                                         Filter: ((info)::text = ANY ('{"Bavaria Filmstudios, Geiselgasteig, GrÃ¼nwald, Bavaria, Germany","Old Tucson - 201 S. Kinney Road, Tucson, Arizona, USA","Stage 23, Metro-Goldwyn-Mayer Studios - 10202 W. Washington Blvd., Culver City, California, USA","Stage 25, Warner Brothers Burbank Studios - 4000 Warner Boulevard, Burbank, California, USA","Stage 27A, Warner Brothers Burbank Studios - 4000 Warner Boulevard, Burbank, California, USA","Washington, District of Columbia, USA"}'::text[]))
                                                         Rows Removed by Filter: 656699
                                                         Heap Blocks: exact=6972
                                                         Buffers: shared hit=2054 read=5438
                                                         ->  Bitmap Index Scan on info_type_id_movie_info  (cost=0.00..7077.68 rows=662032 width=0) (actual time=20.138..20.139 rows=660923 loops=1)
                                                               Index Cond: (info_type_id = 18)
                                                               Buffers: shared read=520
                                                   ->  Index Scan using title_pkey on title t  (cost=0.43..8.45 rows=1 width=8) (actual time=0.024..0.024 rows=0 loops=4224)
                                                         Index Cond: (id = mi2.movie_id)
                                                         Filter: ((production_year <= 1990) AND (production_year >= 1950))
                                                         Rows Removed by Filter: 1
                                                         Buffers: shared hit=15041 read=1855
                                             ->  Hash  (cost=1.11..1.11 rows=5 width=4) (actual time=0.020..0.021 rows=5 loops=1)
                                                   Buckets: 1024  Batches: 1  Memory Usage: 9kB
                                                   Buffers: shared hit=1
                                                   ->  Seq Scan on kind_type kt  (cost=0.00..1.11 rows=5 width=4) (actual time=0.009..0.011 rows=5 loops=1)
                                                         Filter: ((kind)::text = ANY ('{episode,"tv movie","tv series","video game","video movie"}'::text[]))
                                                         Rows Removed by Filter: 2
                                                         Buffers: shared hit=1
                                       ->  Index Scan using movie_id_movie_info on movie_info mi1  (cost=0.43..42.83 rows=1 width=8) (actual time=0.054..0.082 rows=1 loops=1579)
                                             Index Cond: (movie_id = t.id)
                                             Filter: ((info_type_id = 7) AND ((info)::text = ANY ('{"LAB:Consolidated Film Industries (CFI), Hollywood (CA), USA","LAB:DeLuxe, Hollywood (CA), USA","LAB:DeLuxe, USA",PCS:CinemaScope,"RAT:1.33 : 1"}'::text[])))
                                             Rows Removed by Filter: 13
                                             Buffers: shared hit=15738 read=1587
                                 ->  Seq Scan on info_type it1  (cost=0.00..2.41 rows=1 width=4) (actual time=0.011..0.018 rows=1 loops=1353)
                                       Filter: (id = 7)
                                       Rows Removed by Filter: 112
                                       Buffers: shared hit=1353
                           ->  Seq Scan on info_type it2  (cost=0.00..2.41 rows=1 width=4) (actual time=0.007..0.014 rows=1 loops=1353)
                                 Filter: (id = 18)
                                 Rows Removed by Filter: 112
                                 Buffers: shared hit=1353
                     ->  Index Scan using movie_id_cast_info on cast_info ci  (cost=0.44..43.98 rows=38 width=12) (actual time=0.034..0.256 rows=26 loops=1353)
                           Index Cond: (movie_id = t.id)
                           Buffers: shared hit=33727 read=5007
               ->  Hash  (cost=1.15..1.15 rows=1 width=4) (actual time=0.031..0.031 rows=1 loops=1)
                     Buckets: 1024  Batches: 1  Memory Usage: 9kB
                     Buffers: shared hit=1
                     ->  Seq Scan on role_type rt  (cost=0.00..1.15 rows=1 width=4) (actual time=0.023..0.025 rows=1 loops=1)
                           Filter: ((role)::text = 'composer'::text)
                           Rows Removed by Filter: 11
                           Buffers: shared hit=1
         ->  Index Scan using name_pkey on name n  (cost=0.43..2.32 rows=1 width=4) (actual time=0.034..0.034 rows=1 loops=1301)
               Index Cond: (id = ci.person_id)
               Filter: (((gender)::text = 'f'::text) OR (gender IS NULL))
               Rows Removed by Filter: 0
               Buffers: shared hit=5150 read=54
 Planning:
   Buffers: shared hit=529 read=45
 Planning Time: 13.975 ms
 Execution Time: 915.978 ms
(73 rows)

