                                                                                               QUERY PLAN                                                                                               
--------------------------------------------------------------------------------------------------------------------------------------------------------------------------------------------------------
 Aggregate  (cost=598996.39..598996.40 rows=1 width=8) (actual time=6326.581..6326.593 rows=1 loops=1)
   Buffers: shared hit=541420 read=89866, temp read=1647 written=1647
   ->  Nested Loop  (cost=96038.73..598996.30 rows=37 width=0) (actual time=516.554..6326.421 rows=163 loops=1)
         Buffers: shared hit=541420 read=89866, temp read=1647 written=1647
         ->  Hash Join  (cost=96038.30..598622.85 rows=161 width=4) (actual time=505.328..5848.836 rows=12878 loops=1)
               Hash Cond: (ci.role_id = rt.id)
               Buffers: shared hit=494550 read=85224, temp read=1647 written=1647
               ->  Nested Loop  (cost=96037.05..598620.22 rows=387 width=8) (actual time=504.806..5834.204 rows=58280 loops=1)
                     Buffers: shared hit=494549 read=85224, temp read=1647 written=1647
                     ->  Nested Loop  (cost=96036.61..597417.26 rows=27 width=12) (actual time=504.774..4886.007 rows=12283 loops=1)
                           Buffers: shared hit=419654 read=66199, temp read=1647 written=1647
                           ->  Seq Scan on info_type it2  (cost=0.00..2.41 rows=1 width=4) (actual time=0.024..0.036 rows=1 loops=1)
                                 Filter: (id = 7)
                                 Rows Removed by Filter: 112
                                 Buffers: shared hit=1
                           ->  Nested Loop  (cost=96036.61..597414.57 rows=27 width=16) (actual time=504.749..4882.936 rows=12283 loops=1)
                                 Buffers: shared hit=419653 read=66199, temp read=1647 written=1647
                                 ->  Seq Scan on info_type it1  (cost=0.00..2.41 rows=1 width=4) (actual time=0.009..0.023 rows=1 loops=1)
                                       Filter: (id = 8)
                                       Rows Removed by Filter: 112
                                       Buffers: shared hit=1
                                 ->  Nested Loop  (cost=96036.61..597411.89 rows=27 width=20) (actual time=504.737..4879.781 rows=12283 loops=1)
                                       Buffers: shared hit=419652 read=66199, temp read=1647 written=1647
                                       ->  Hash Join  (cost=96036.17..470632.87 rows=2947 width=12) (actual time=504.687..921.265 rows=45390 loops=1)
                                             Hash Cond: (t.kind_id = kt.id)
                                             Buffers: shared hit=14593 read=30692, temp read=1647 written=1647
                                             ->  Hash Join  (cost=96034.97..470617.18 rows=3439 width=16) (actual time=504.647..902.876 rows=45390 loops=1)
                                                   Hash Cond: (mi1.movie_id = t.id)
                                                   Buffers: shared hit=14592 read=30692, temp read=1647 written=1647
                                                   ->  Bitmap Heap Scan on movie_info mi1  (cost=14216.30..386811.59 rows=19014 width=8) (actual time=36.745..286.411 rows=189453 loops=1)
                                                         Recheck Cond: (info_type_id = 8)
                                                         Filter: ((info)::text = ANY ('{Albania,Argentina,Australia,Austria,Czechoslovakia,Egypt,France,Iran,"Soviet Union",Spain}'::text[]))
                                                         Rows Removed by Filter: 1135908
                                                         Heap Blocks: exact=7853
                                                         Buffers: shared hit=4660 read=4233
                                                         ->  Bitmap Index Scan on info_type_id_movie_info  (cost=0.00..14211.52 rows=1329478 width=0) (actual time=35.761..35.761 rows=1325361 loops=1)
                                                               Index Cond: (info_type_id = 8)
                                                               Buffers: shared hit=1 read=1039
                                                   ->  Hash  (cost=74315.95..74315.95 rows=457258 width=8) (actual time=465.947..465.948 rows=451569 loops=1)
                                                         Buckets: 262144  Batches: 4  Memory Usage: 6450kB
                                                         Buffers: shared hit=9932 read=26459, temp written=1157
                                                         ->  Seq Scan on title t  (cost=0.00..74315.95 rows=457258 width=8) (actual time=0.025..392.643 rows=451569 loops=1)
                                                               Filter: ((production_year <= 1975) AND (production_year >= 1875))
                                                               Rows Removed by Filter: 2076743
                                                               Buffers: shared hit=9932 read=26459
                                             ->  Hash  (cost=1.12..1.12 rows=6 width=4) (actual time=0.018..0.020 rows=6 loops=1)
                                                   Buckets: 1024  Batches: 1  Memory Usage: 9kB
                                                   Buffers: shared hit=1
                                                   ->  Seq Scan on kind_type kt  (cost=0.00..1.12 rows=6 width=4) (actual time=0.008..0.011 rows=6 loops=1)
                                                         Filter: ((kind)::text = ANY ('{episode,movie,"tv movie","tv series","video game","video movie"}'::text[]))
                                                         Rows Removed by Filter: 1
                                                         Buffers: shared hit=1
                                       ->  Index Scan using movie_id_movie_info on movie_info mi2  (cost=0.43..43.01 rows=1 width=8) (actual time=0.077..0.087 rows=0 loops=45390)
                                             Index Cond: (movie_id = t.id)
                                             Filter: ((info_type_id = 7) AND ((info)::text = ANY ('{"MET:150 m","MET:1500 m","MET:900 m",PCS:Panavision,"PFM:16 mm","RAT:1.33 : 1"}'::text[])))
                                             Rows Removed by Filter: 10
                                             Buffers: shared hit=405059 read=35507
                     ->  Index Scan using movie_id_cast_info on cast_info ci  (cost=0.44..44.17 rows=38 width=12) (actual time=0.032..0.075 rows=5 loops=12283)
                           Index Cond: (movie_id = t.id)
                           Buffers: shared hit=74895 read=19025
               ->  Hash  (cost=1.20..1.20 rows=5 width=4) (actual time=0.036..0.037 rows=5 loops=1)
                     Buckets: 1024  Batches: 1  Memory Usage: 9kB
                     Buffers: shared hit=1
                     ->  Seq Scan on role_type rt  (cost=0.00..1.20 rows=5 width=4) (actual time=0.025..0.029 rows=5 loops=1)
                           Filter: ((role)::text = ANY ('{cinematographer,composer,"costume designer",producer,writer}'::text[]))
                           Rows Removed by Filter: 7
                           Buffers: shared hit=1
         ->  Index Scan using name_pkey on name n  (cost=0.43..2.32 rows=1 width=4) (actual time=0.037..0.037 rows=0 loops=12878)
               Index Cond: (id = ci.person_id)
               Filter: ((gender)::text = 'f'::text)
               Rows Removed by Filter: 1
               Buffers: shared hit=46870 read=4642
 Planning:
   Buffers: shared hit=576 read=1
 Planning Time: 13.999 ms
 Execution Time: 6327.278 ms
(76 rows)

