                                                                                             QUERY PLAN                                                                                              
-----------------------------------------------------------------------------------------------------------------------------------------------------------------------------------------------------
 Aggregate  (cost=538093.89..538093.90 rows=1 width=8) (actual time=5040.163..5040.171 rows=1 loops=1)
   Buffers: shared hit=435995 read=87226
   ->  Nested Loop  (cost=8154.93..538093.89 rows=1 width=0) (actual time=204.503..5040.045 rows=110 loops=1)
         Buffers: shared hit=435995 read=87226
         ->  Hash Join  (cost=8154.50..538091.57 rows=1 width=4) (actual time=132.153..5019.761 rows=468 loops=1)
               Hash Cond: (ci.role_id = rt.id)
               Buffers: shared hit=434669 read=86680
               ->  Nested Loop  (cost=8153.34..538090.36 rows=14 width=8) (actual time=23.779..5009.216 rows=73965 loops=1)
                     Buffers: shared hit=434668 read=86680
                     ->  Nested Loop  (cost=8152.90..538046.66 rows=1 width=12) (actual time=23.746..4120.680 rows=7461 loops=1)
                           Buffers: shared hit=369353 read=57713
                           ->  Nested Loop  (cost=8152.90..538044.24 rows=1 width=16) (actual time=23.741..3984.367 rows=7461 loops=1)
                                 Buffers: shared hit=361892 read=57713
                                 ->  Nested Loop  (cost=8152.90..538041.82 rows=1 width=20) (actual time=23.723..3841.059 rows=7461 loops=1)
                                       Buffers: shared hit=354431 read=57713
                                       ->  Hash Join  (cost=8152.46..530148.23 rows=186 width=12) (actual time=23.118..1536.647 rows=24875 loops=1)
                                             Hash Cond: (t.kind_id = kt.id)
                                             Buffers: shared hit=116871 read=13878
                                             ->  Nested Loop  (cost=8151.26..530146.11 rows=217 width=16) (actual time=23.076..1527.073 rows=24875 loops=1)
                                                   Buffers: shared hit=116870 read=13878
                                                   ->  Bitmap Heap Scan on movie_info mi2  (cost=8150.83..527867.03 rows=272 width=8) (actual time=23.029..521.116 rows=31281 loops=1)
                                                         Recheck Cond: (info_type_id = 1)
                                                         Filter: ((info)::text = ANY ('{130,47,56,62,68,82,85,99,Argentina:60,USA:19,USA:21,USA:6,USA:8,USA:85}'::text[]))
                                                         Rows Removed by Filter: 770859
                                                         Heap Blocks: exact=4993
                                                         Buffers: shared hit=5213 read=411
                                                         ->  Bitmap Index Scan on info_type_id_movie_info  (cost=0.00..8150.77 rows=762444 width=0) (actual time=21.853..21.853 rows=802140 loops=1)
                                                               Index Cond: (info_type_id = 1)
                                                               Buffers: shared hit=631
                                                   ->  Index Scan using title_pkey on title t  (cost=0.43..8.38 rows=1 width=8) (actual time=0.032..0.032 rows=1 loops=31281)
                                                         Index Cond: (id = mi2.movie_id)
                                                         Filter: ((production_year <= 2015) AND (production_year >= 1975))
                                                         Rows Removed by Filter: 0
                                                         Buffers: shared hit=111657 read=13467
                                             ->  Hash  (cost=1.12..1.12 rows=6 width=4) (actual time=0.017..0.018 rows=6 loops=1)
                                                   Buckets: 1024  Batches: 1  Memory Usage: 9kB
                                                   Buffers: shared hit=1
                                                   ->  Seq Scan on kind_type kt  (cost=0.00..1.12 rows=6 width=4) (actual time=0.008..0.011 rows=6 loops=1)
                                                         Filter: ((kind)::text = ANY ('{episode,movie,"tv movie","tv series","video game","video movie"}'::text[]))
                                                         Rows Removed by Filter: 1
                                                         Buffers: shared hit=1
                                       ->  Index Scan using movie_id_movie_info on movie_info mi1  (cost=0.43..42.43 rows=1 width=8) (actual time=0.086..0.092 rows=0 loops=24875)
                                             Index Cond: (movie_id = t.id)
                                             Filter: ((info_type_id = 4) AND ((info)::text = ANY ('{Cantonese,Greek,Indonesian,Russian,Spanish,Turkish}'::text[])))
                                             Rows Removed by Filter: 13
                                             Buffers: shared hit=237560 read=43835
                                 ->  Seq Scan on info_type it1  (cost=0.00..2.41 rows=1 width=4) (actual time=0.010..0.017 rows=1 loops=7461)
                                       Filter: (id = 4)
                                       Rows Removed by Filter: 112
                                       Buffers: shared hit=7461
                           ->  Seq Scan on info_type it2  (cost=0.00..2.41 rows=1 width=4) (actual time=0.009..0.017 rows=1 loops=7461)
                                 Filter: (id = 1)
                                 Rows Removed by Filter: 112
                                 Buffers: shared hit=7461
                     ->  Index Scan using movie_id_cast_info on cast_info ci  (cost=0.44..43.32 rows=38 width=12) (actual time=0.031..0.117 rows=10 loops=7461)
                           Index Cond: (movie_id = t.id)
                           Buffers: shared hit=65315 read=28967
               ->  Hash  (cost=1.15..1.15 rows=1 width=4) (actual time=0.030..0.031 rows=1 loops=1)
                     Buckets: 1024  Batches: 1  Memory Usage: 9kB
                     Buffers: shared hit=1
                     ->  Seq Scan on role_type rt  (cost=0.00..1.15 rows=1 width=4) (actual time=0.024..0.025 rows=1 loops=1)
                           Filter: ((role)::text = 'production designer'::text)
                           Rows Removed by Filter: 11
                           Buffers: shared hit=1
         ->  Index Scan using name_pkey on name n  (cost=0.43..2.32 rows=1 width=4) (actual time=0.042..0.042 rows=0 loops=468)
               Index Cond: (id = ci.person_id)
               Filter: ((gender)::text = 'm'::text)
               Rows Removed by Filter: 1
               Buffers: shared hit=1326 read=546
 Planning:
   Buffers: shared hit=574
 Planning Time: 13.535 ms
 Execution Time: 5040.637 ms
(73 rows)

