                                                                                               QUERY PLAN                                                                                                
---------------------------------------------------------------------------------------------------------------------------------------------------------------------------------------------------------
 Aggregate  (cost=419697.89..419697.90 rows=1 width=8) (actual time=6700.661..6700.668 rows=1 loops=1)
   Buffers: shared hit=557795 read=127132
   ->  Nested Loop  (cost=4697.53..419697.89 rows=2 width=0) (actual time=33.271..6698.460 rows=10953 loops=1)
         Buffers: shared hit=557795 read=127132
         ->  Hash Join  (cost=4697.10..419686.29 rows=5 width=4) (actual time=33.156..5779.116 rows=25758 loops=1)
               Hash Cond: (ci.role_id = rt.id)
               Buffers: shared hit=463108 read=118787
               ->  Nested Loop  (cost=4695.87..419685.01 rows=14 width=8) (actual time=32.857..5728.077 rows=304812 loops=1)
                     Buffers: shared hit=463107 read=118787
                     ->  Nested Loop  (cost=4695.43..419640.16 rows=1 width=12) (actual time=32.808..2810.956 rows=6636 loops=1)
                           Buffers: shared hit=212718 read=52784
                           ->  Nested Loop  (cost=4695.43..419637.73 rows=1 width=16) (actual time=32.802..2678.130 rows=6636 loops=1)
                                 Buffers: shared hit=206082 read=52784
                                 ->  Nested Loop  (cost=4695.43..419635.31 rows=1 width=20) (actual time=32.783..2551.331 rows=6636 loops=1)
                                       Buffers: shared hit=199446 read=52784
                                       ->  Hash Join  (cost=4695.00..419287.06 rows=8 width=12) (actual time=28.693..1486.846 rows=5542 loops=1)
                                             Hash Cond: (t.kind_id = kt.id)
                                             Buffers: shared hit=121540 read=25545
                                             ->  Nested Loop  (cost=4693.82..419285.83 rows=11 width=16) (actual time=28.659..1483.422 rows=5564 loops=1)
                                                   Buffers: shared hit=121539 read=25545
                                                   ->  Bitmap Heap Scan on movie_info mi1  (cost=4693.39..418626.53 rows=78 width=8) (actual time=17.898..452.595 rows=31878 loops=1)
                                                         Recheck Cond: (info_type_id = 5)
                                                         Filter: ((info)::text = ANY ('{Canada:PG,Finland:K-12,France:U,Iceland:16,Portugal:M/12,Spain:13,USA:Unrated}'::text[]))
                                                         Rows Removed by Filter: 454676
                                                         Heap Blocks: exact=19164
                                                         Buffers: shared hit=3981 read=15591
                                                         ->  Bitmap Index Scan on info_type_id_movie_info  (cost=0.00..4693.37 rows=439058 width=0) (actual time=15.040..15.040 rows=486554 loops=1)
                                                               Index Cond: (info_type_id = 5)
                                                               Buffers: shared read=408
                                                   ->  Index Scan using title_pkey on title t  (cost=0.43..8.45 rows=1 width=8) (actual time=0.032..0.032 rows=0 loops=31878)
                                                         Index Cond: (id = mi1.movie_id)
                                                         Filter: ((production_year <= 1975) AND (production_year >= 1925))
                                                         Rows Removed by Filter: 1
                                                         Buffers: shared hit=117558 read=9954
                                             ->  Hash  (cost=1.11..1.11 rows=5 width=4) (actual time=0.015..0.016 rows=5 loops=1)
                                                   Buckets: 1024  Batches: 1  Memory Usage: 9kB
                                                   Buffers: shared hit=1
                                                   ->  Seq Scan on kind_type kt  (cost=0.00..1.11 rows=5 width=4) (actual time=0.007..0.008 rows=5 loops=1)
                                                         Filter: ((kind)::text = ANY ('{episode,movie,"tv movie","video game","video movie"}'::text[]))
                                                         Rows Removed by Filter: 2
                                                         Buffers: shared hit=1
                                       ->  Index Scan using movie_id_movie_info on movie_info mi2  (cost=0.43..43.52 rows=1 width=8) (actual time=0.042..0.191 rows=1 loops=5542)
                                             Index Cond: (movie_id = t.id)
                                             Filter: ((info_type_id = 4) AND ((info)::text = ANY ('{Danish,Dutch,English,Finnish,French,German,Hindi,Italian,Japanese,Latin,Russian,Spanish}'::text[])))
                                             Rows Removed by Filter: 67
                                             Buffers: shared hit=77906 read=27239
                                 ->  Seq Scan on info_type it1  (cost=0.00..2.41 rows=1 width=4) (actual time=0.009..0.017 rows=1 loops=6636)
                                       Filter: (id = 5)
                                       Rows Removed by Filter: 112
                                       Buffers: shared hit=6636
                           ->  Seq Scan on info_type it2  (cost=0.00..2.41 rows=1 width=4) (actual time=0.010..0.018 rows=1 loops=6636)
                                 Filter: (id = 4)
                                 Rows Removed by Filter: 112
                                 Buffers: shared hit=6636
                     ->  Index Scan using movie_id_cast_info on cast_info ci  (cost=0.44..44.48 rows=38 width=12) (actual time=0.034..0.429 rows=46 loops=6636)
                           Index Cond: (movie_id = t.id)
                           Buffers: shared hit=250389 read=66003
               ->  Hash  (cost=1.18..1.18 rows=4 width=4) (actual time=0.027..0.028 rows=4 loops=1)
                     Buckets: 1024  Batches: 1  Memory Usage: 9kB
                     Buffers: shared hit=1
                     ->  Seq Scan on role_type rt  (cost=0.00..1.18 rows=4 width=4) (actual time=0.020..0.022 rows=4 loops=1)
                           Filter: ((role)::text = ANY ('{"costume designer",director,producer,"production designer"}'::text[]))
                           Rows Removed by Filter: 8
                           Buffers: shared hit=1
         ->  Index Scan using name_pkey on name n  (cost=0.43..2.32 rows=1 width=4) (actual time=0.035..0.035 rows=0 loops=25758)
               Index Cond: (id = ci.person_id)
               Filter: (((gender)::text = 'f'::text) OR (gender IS NULL))
               Rows Removed by Filter: 1
               Buffers: shared hit=94687 read=8345
 Planning:
   Buffers: shared hit=529 read=45
 Planning Time: 11.199 ms
 Execution Time: 6701.218 ms
(73 rows)

