                                                                                                QUERY PLAN                                                                                                 
-----------------------------------------------------------------------------------------------------------------------------------------------------------------------------------------------------------
 Aggregate  (cost=560816.84..560816.85 rows=1 width=8) (actual time=8210.486..8210.495 rows=1 loops=1)
   Buffers: shared hit=601638 read=37866
   ->  Nested Loop  (cost=15878.00..560816.67 rows=68 width=0) (actual time=53.870..8210.131 rows=1412 loops=1)
         Buffers: shared hit=601638 read=37866
         ->  Hash Join  (cost=15877.57..560612.55 rows=88 width=4) (actual time=53.683..8159.916 rows=1412 loops=1)
               Hash Cond: (ci.role_id = rt.id)
               Buffers: shared hit=596729 read=37127
               ->  Nested Loop  (cost=15876.40..560609.49 rows=530 width=8) (actual time=47.376..8155.466 rows=22209 loops=1)
                     Buffers: shared hit=596728 read=37127
                     ->  Nested Loop  (cost=15875.96..558968.13 rows=37 width=12) (actual time=47.181..7811.634 rows=1983 loops=1)
                           Buffers: shared hit=578420 read=28118
                           ->  Seq Scan on info_type it2  (cost=0.00..2.41 rows=1 width=4) (actual time=0.015..0.024 rows=1 loops=1)
                                 Filter: (id = 7)
                                 Rows Removed by Filter: 112
                                 Buffers: shared hit=1
                           ->  Nested Loop  (cost=15875.96..558965.34 rows=37 width=16) (actual time=47.164..7811.152 rows=1983 loops=1)
                                 Buffers: shared hit=578419 read=28118
                                 ->  Seq Scan on info_type it1  (cost=0.00..2.41 rows=1 width=4) (actual time=0.005..0.016 rows=1 loops=1)
                                       Filter: (id = 3)
                                       Rows Removed by Filter: 112
                                       Buffers: shared hit=1
                                 ->  Nested Loop  (cost=15875.96..558962.56 rows=37 width=20) (actual time=47.156..7810.648 rows=1983 loops=1)
                                       Buffers: shared hit=578418 read=28118
                                       ->  Hash Join  (cost=15875.50..502151.64 rows=1327 width=12) (actual time=45.390..7474.854 rows=1656 loops=1)
                                             Hash Cond: (t.kind_id = kt.id)
                                             Buffers: shared hit=564435 read=17931
                                             ->  Nested Loop  (cost=15874.36..502137.46 rows=3097 width=16) (actual time=45.359..7467.825 rows=24158 loops=1)
                                                   Buffers: shared hit=564434 read=17931
                                                   ->  Bitmap Heap Scan on movie_info mi2  (cost=15873.92..419210.40 rows=14144 width=8) (actual time=44.179..871.711 rows=145024 loops=1)
                                                         Recheck Cond: (info_type_id = 7)
                                                         Filter: ((info)::text = ANY ('{"LAB:Rank Film Laboratories, Denham, UK",PCS:CinemaScope,PCS:Spherical,"PFM:16 mm","PFM:70 mm",RAT:4:3}'::text[]))
                                                         Rows Removed by Filter: 1256878
                                                         Heap Blocks: exact=10050
                                                         Buffers: shared hit=2257 read=8892
                                                         ->  Bitmap Index Scan on info_type_id_movie_info  (cost=0.00..15870.39 rows=1484527 width=0) (actual time=41.216..41.217 rows=1401902 loops=1)
                                                               Index Cond: (info_type_id = 7)
                                                               Buffers: shared read=1099
                                                   ->  Memoize  (cost=0.44..5.96 rows=1 width=8) (actual time=0.045..0.045 rows=0 loops=145024)
                                                         Cache Key: mi2.movie_id
                                                         Cache Mode: logical
                                                         Hits: 2220  Misses: 142804  Evictions: 29122  Overflows: 0  Memory Usage: 8193kB
                                                         Buffers: shared hit=562177 read=9039
                                                         ->  Index Scan using title_pkey on title t  (cost=0.43..5.95 rows=1 width=8) (actual time=0.045..0.045 rows=0 loops=142804)
                                                               Index Cond: (id = mi2.movie_id)
                                                               Filter: ((production_year <= 1990) AND (production_year >= 1950))
                                                               Rows Removed by Filter: 1
                                                               Buffers: shared hit=562177 read=9039
                                             ->  Hash  (cost=1.10..1.10 rows=3 width=4) (actual time=0.010..0.011 rows=3 loops=1)
                                                   Buckets: 1024  Batches: 1  Memory Usage: 9kB
                                                   Buffers: shared hit=1
                                                   ->  Seq Scan on kind_type kt  (cost=0.00..1.10 rows=3 width=4) (actual time=0.007..0.008 rows=3 loops=1)
                                                         Filter: ((kind)::text = ANY ('{"tv series","video game","video movie"}'::text[]))
                                                         Rows Removed by Filter: 4
                                                         Buffers: shared hit=1
                                       ->  Index Scan using movie_id_movie_info on movie_info mi1  (cost=0.46..42.80 rows=1 width=8) (actual time=0.196..0.202 rows=1 loops=1656)
                                             Index Cond: (movie_id = t.id)
                                             Filter: ((info_type_id = 3) AND ((info)::text = ANY ('{Adult,Animation,Biography,Comedy,Drama,Family,Fantasy,Mystery,Sci-Fi,Thriller}'::text[])))
                                             Rows Removed by Filter: 36
                                             Buffers: shared hit=13983 read=10187
                     ->  Index Scan using movie_id_cast_info on cast_info ci  (cost=0.44..43.98 rows=38 width=12) (actual time=0.043..0.170 rows=11 loops=1983)
                           Index Cond: (movie_id = t.id)
                           Buffers: shared hit=18308 read=9009
               ->  Hash  (cost=1.15..1.15 rows=2 width=4) (actual time=0.027..0.028 rows=2 loops=1)
                     Buckets: 1024  Batches: 1  Memory Usage: 9kB
                     Buffers: shared hit=1
                     ->  Seq Scan on role_type rt  (cost=0.00..1.15 rows=2 width=4) (actual time=0.022..0.023 rows=2 loops=1)
                           Filter: ((role)::text = ANY ('{director,"production designer"}'::text[]))
                           Rows Removed by Filter: 10
                           Buffers: shared hit=1
         ->  Index Scan using name_pkey on name n  (cost=0.43..2.32 rows=1 width=4) (actual time=0.035..0.035 rows=1 loops=1412)
               Index Cond: (id = ci.person_id)
               Filter: (((gender)::text = ANY ('{f,m}'::text[])) OR (gender IS NULL))
               Buffers: shared hit=4909 read=739
 Planning:
   Buffers: shared hit=532 read=45
 Planning Time: 6.191 ms
 Execution Time: 8212.898 ms
(77 rows)

