                                                                                                         QUERY PLAN                                                                                                         
----------------------------------------------------------------------------------------------------------------------------------------------------------------------------------------------------------------------------
 Aggregate  (cost=327784.14..327784.15 rows=1 width=8) (actual time=716.605..716.613 rows=1 loops=1)
   Buffers: shared hit=44141 read=28280
   ->  Nested Loop  (cost=1357.33..327784.13 rows=3 width=0) (actual time=365.065..716.562 rows=253 loops=1)
         Buffers: shared hit=44141 read=28280
         ->  Hash Join  (cost=1356.90..327774.85 rows=4 width=4) (actual time=365.008..708.535 rows=253 loops=1)
               Hash Cond: (ci.role_id = rt.id)
               Buffers: shared hit=43561 read=27848
               ->  Nested Loop  (cost=1355.70..327773.60 rows=14 width=8) (actual time=263.728..708.295 rows=767 loops=1)
                     Buffers: shared hit=43560 read=27848
                     ->  Nested Loop  (cost=1355.26..327729.91 rows=1 width=12) (actual time=263.689..699.015 rows=30 loops=1)
                           Buffers: shared hit=43341 read=27230
                           ->  Nested Loop  (cost=1355.26..327727.48 rows=1 width=16) (actual time=263.682..698.618 rows=30 loops=1)
                                 Buffers: shared hit=43311 read=27230
                                 ->  Nested Loop  (cost=1355.26..327725.06 rows=1 width=20) (actual time=263.656..698.128 rows=30 loops=1)
                                       Buffers: shared hit=43281 read=27230
                                       ->  Hash Join  (cost=1354.82..326964.85 rows=18 width=12) (actual time=6.728..221.795 rows=3741 loops=1)
                                             Hash Cond: (t.kind_id = kt.id)
                                             Buffers: shared hit=16935 read=5127
                                             ->  Nested Loop  (cost=1353.65..326963.57 rows=26 width=16) (actual time=6.687..220.554 rows=4113 loops=1)
                                                   Buffers: shared hit=16934 read=5127
                                                   ->  Bitmap Heap Scan on movie_info mi1  (cost=1353.22..326693.09 rows=32 width=8) (actual time=6.633..78.692 rows=4247 loops=1)
                                                         Recheck Cond: (info_type_id = 105)
                                                         Filter: ((info)::text = ANY ('{"$120,000","$150,000","$40,000,000","$500,000","$57,000,000","$700,000","$92,000,000","£1,000","€ 20,000","€ 4,000,000"}'::text[]))
                                                         Rows Removed by Filter: 117616
                                                         Heap Blocks: exact=4974
                                                         Buffers: shared hit=579 read=4494
                                                         ->  Bitmap Index Scan on info_type_id_movie_info  (cost=0.00..1353.18 rows=126500 width=0) (actual time=5.772..5.772 rows=121863 loops=1)
                                                               Index Cond: (info_type_id = 105)
                                                               Buffers: shared hit=1 read=98
                                                   ->  Index Scan using title_pkey on title t  (cost=0.43..8.45 rows=1 width=8) (actual time=0.033..0.033 rows=1 loops=4247)
                                                         Index Cond: (id = mi1.movie_id)
                                                         Filter: ((production_year <= 2015) AND (production_year >= 1975))
                                                         Rows Removed by Filter: 0
                                                         Buffers: shared hit=16355 read=633
                                             ->  Hash  (cost=1.11..1.11 rows=5 width=4) (actual time=0.019..0.020 rows=5 loops=1)
                                                   Buckets: 1024  Batches: 1  Memory Usage: 9kB
                                                   Buffers: shared hit=1
                                                   ->  Seq Scan on kind_type kt  (cost=0.00..1.11 rows=5 width=4) (actual time=0.010..0.012 rows=5 loops=1)
                                                         Filter: ((kind)::text = ANY ('{episode,movie,"tv movie","video game","video movie"}'::text[]))
                                                         Rows Removed by Filter: 2
                                                         Buffers: shared hit=1
                                       ->  Index Scan using movie_id_movie_info on movie_info mi2  (cost=0.43..42.22 rows=1 width=8) (actual time=0.127..0.127 rows=0 loops=3741)
                                             Index Cond: (movie_id = t.id)
                                             Filter: ((info_type_id = 16) AND ((info)::text = 'USA:2013'::text))
                                             Rows Removed by Filter: 23
                                             Buffers: shared hit=26346 read=22103
                                 ->  Seq Scan on info_type it1  (cost=0.00..2.41 rows=1 width=4) (actual time=0.012..0.013 rows=1 loops=30)
                                       Filter: (id = 105)
                                       Rows Removed by Filter: 112
                                       Buffers: shared hit=30
                           ->  Seq Scan on info_type it2  (cost=0.00..2.41 rows=1 width=4) (actual time=0.006..0.011 rows=1 loops=30)
                                 Filter: (id = 16)
                                 Rows Removed by Filter: 112
                                 Buffers: shared hit=30
                     ->  Index Scan using movie_id_cast_info on cast_info ci  (cost=0.44..43.32 rows=38 width=12) (actual time=0.053..0.302 rows=26 loops=30)
                           Index Cond: (movie_id = t.id)
                           Buffers: shared hit=219 read=618
               ->  Hash  (cost=1.17..1.17 rows=3 width=4) (actual time=0.041..0.042 rows=3 loops=1)
                     Buckets: 1024  Batches: 1  Memory Usage: 9kB
                     Buffers: shared hit=1
                     ->  Seq Scan on role_type rt  (cost=0.00..1.17 rows=3 width=4) (actual time=0.032..0.035 rows=3 loops=1)
                           Filter: ((role)::text = ANY ('{actress,"miscellaneous crew","production designer"}'::text[]))
                           Rows Removed by Filter: 9
                           Buffers: shared hit=1
         ->  Index Scan using name_pkey on name n  (cost=0.43..2.32 rows=1 width=4) (actual time=0.031..0.031 rows=1 loops=253)
               Index Cond: (id = ci.person_id)
               Filter: (((gender)::text = ANY ('{f,m}'::text[])) OR (gender IS NULL))
               Buffers: shared hit=580 read=432
 Planning:
   Buffers: shared hit=577
 Planning Time: 13.652 ms
 Execution Time: 717.145 ms
(72 rows)

