                                                                                              QUERY PLAN                                                                                               
-------------------------------------------------------------------------------------------------------------------------------------------------------------------------------------------------------
 Aggregate  (cost=378934.05..378934.06 rows=1 width=8) (actual time=3546.828..3546.838 rows=1 loops=1)
   Buffers: shared hit=319130 read=39194
   ->  Nested Loop  (cost=4697.59..378934.04 rows=3 width=0) (actual time=79.613..3543.807 rows=18311 loops=1)
         Buffers: shared hit=319130 read=39194
         ->  Hash Join  (cost=4697.16..378922.44 rows=5 width=4) (actual time=79.567..2852.078 rows=18711 loops=1)
               Hash Cond: (ci.role_id = rt.id)
               Buffers: shared hit=249444 read=34036
               ->  Nested Loop  (cost=4695.93..378921.16 rows=14 width=8) (actual time=79.503..2841.668 rows=34449 loops=1)
                     Buffers: shared hit=249443 read=34036
                     ->  Nested Loop  (cost=4695.49..378876.31 rows=1 width=12) (actual time=79.458..2469.789 rows=1704 loops=1)
                           Buffers: shared hit=214006 read=30515
                           ->  Nested Loop  (cost=4695.49..378873.88 rows=1 width=16) (actual time=79.451..2432.498 rows=1704 loops=1)
                                 Buffers: shared hit=212302 read=30515
                                 ->  Nested Loop  (cost=4695.49..378871.46 rows=1 width=20) (actual time=79.429..2393.312 rows=1704 loops=1)
                                       Buffers: shared hit=210598 read=30515
                                       ->  Hash Join  (cost=4695.05..378051.17 rows=19 width=12) (actual time=26.194..2124.785 rows=2550 loops=1)
                                             Hash Cond: (t.kind_id = kt.id)
                                             Buffers: shared hit=181674 read=29275
                                             ->  Nested Loop  (cost=4693.94..378049.78 rows=67 width=16) (actual time=21.190..2120.944 rows=12899 loops=1)
                                                   Buffers: shared hit=181673 read=29275
                                                   ->  Bitmap Heap Scan on movie_info mi1  (cost=4693.51..374133.10 rows=470 width=8) (actual time=21.082..399.042 rows=47844 loops=1)
                                                         Recheck Cond: (info_type_id = 5)
                                                         Filter: ((info)::text = ANY ('{Australia:G,Belgium:KT,Iceland:L,India:U,Netherlands:AL,Norway:18,Sweden:Btl,USA:TV-PG,USA:Unrated}'::text[]))
                                                         Rows Removed by Filter: 438710
                                                         Heap Blocks: exact=19164
                                                         Buffers: shared hit=2950 read=16622
                                                         ->  Bitmap Index Scan on info_type_id_movie_info  (cost=0.00..4693.37 rows=439058 width=0) (actual time=18.443..18.444 rows=486554 loops=1)
                                                               Index Cond: (info_type_id = 5)
                                                               Buffers: shared hit=1 read=407
                                                   ->  Index Scan using title_pkey on title t  (cost=0.43..8.33 rows=1 width=8) (actual time=0.036..0.036 rows=0 loops=47844)
                                                         Index Cond: (id = mi1.movie_id)
                                                         Filter: ((production_year <= 1975) AND (production_year >= 1925))
                                                         Rows Removed by Filter: 1
                                                         Buffers: shared hit=178723 read=12653
                                             ->  Hash  (cost=1.09..1.09 rows=2 width=4) (actual time=0.018..0.019 rows=2 loops=1)
                                                   Buckets: 1024  Batches: 1  Memory Usage: 9kB
                                                   Buffers: shared hit=1
                                                   ->  Seq Scan on kind_type kt  (cost=0.00..1.09 rows=2 width=4) (actual time=0.011..0.012 rows=2 loops=1)
                                                         Filter: ((kind)::text = ANY ('{episode,"video game"}'::text[]))
                                                         Rows Removed by Filter: 5
                                                         Buffers: shared hit=1
                                       ->  Index Scan using movie_id_movie_info on movie_info mi2  (cost=0.43..43.16 rows=1 width=8) (actual time=0.062..0.105 rows=1 loops=2550)
                                             Index Cond: (movie_id = t.id)
                                             Filter: ((info_type_id = 1) AND ((info)::text = ANY ('{105,30,51,60,78}'::text[])))
                                             Rows Removed by Filter: 12
                                             Buffers: shared hit=28924 read=1240
                                 ->  Seq Scan on info_type it1  (cost=0.00..2.41 rows=1 width=4) (actual time=0.011..0.021 rows=1 loops=1704)
                                       Filter: (id = 5)
                                       Rows Removed by Filter: 112
                                       Buffers: shared hit=1704
                           ->  Seq Scan on info_type it2  (cost=0.00..2.41 rows=1 width=4) (actual time=0.010..0.020 rows=1 loops=1704)
                                 Filter: (id = 1)
                                 Rows Removed by Filter: 112
                                 Buffers: shared hit=1704
                     ->  Index Scan using movie_id_cast_info on cast_info ci  (cost=0.44..44.48 rows=38 width=12) (actual time=0.036..0.212 rows=20 loops=1704)
                           Index Cond: (movie_id = t.id)
                           Buffers: shared hit=35437 read=3521
               ->  Hash  (cost=1.18..1.18 rows=4 width=4) (actual time=0.036..0.037 rows=4 loops=1)
                     Buckets: 1024  Batches: 1  Memory Usage: 9kB
                     Buffers: shared hit=1
                     ->  Seq Scan on role_type rt  (cost=0.00..1.18 rows=4 width=4) (actual time=0.026..0.030 rows=4 loops=1)
                           Filter: ((role)::text = ANY ('{actor,actress,director,"production designer"}'::text[]))
                           Rows Removed by Filter: 8
                           Buffers: shared hit=1
         ->  Index Scan using name_pkey on name n  (cost=0.43..2.32 rows=1 width=4) (actual time=0.036..0.036 rows=1 loops=18711)
               Index Cond: (id = ci.person_id)
               Filter: ((gender)::text = ANY ('{f,m}'::text[]))
               Rows Removed by Filter: 0
               Buffers: shared hit=69686 read=5158
 Planning:
   Buffers: shared hit=577
 Planning Time: 13.746 ms
 Execution Time: 3547.517 ms
(73 rows)

