                                                                                               QUERY PLAN                                                                                               
--------------------------------------------------------------------------------------------------------------------------------------------------------------------------------------------------------
 Aggregate  (cost=439667.99..439668.00 rows=1 width=8) (actual time=3269.252..3269.259 rows=1 loops=1)
   Buffers: shared hit=294878 read=39143
   ->  Nested Loop  (cost=13059.53..439667.99 rows=1 width=0) (actual time=285.149..3269.240 rows=35 loops=1)
         Buffers: shared hit=294878 read=39143
         ->  Hash Join  (cost=13059.10..439663.35 rows=2 width=4) (actual time=285.067..3268.101 rows=35 loops=1)
               Hash Cond: (ci.role_id = rt.id)
               Buffers: shared hit=294798 read=39083
               ->  Nested Loop  (cost=13057.92..439662.13 rows=14 width=8) (actual time=153.416..3267.980 rows=258 loops=1)
                     Buffers: shared hit=294797 read=39083
                     ->  Nested Loop  (cost=13057.48..439618.47 rows=1 width=12) (actual time=153.358..3264.180 rows=11 loops=1)
                           Buffers: shared hit=294766 read=38828
                           ->  Nested Loop  (cost=13057.48..439616.04 rows=1 width=16) (actual time=153.350..3263.984 rows=11 loops=1)
                                 Buffers: shared hit=294755 read=38828
                                 ->  Nested Loop  (cost=13057.48..439613.62 rows=1 width=20) (actual time=153.323..3263.717 rows=11 loops=1)
                                       Buffers: shared hit=294744 read=38828
                                       ->  Hash Join  (cost=13057.05..432191.18 rows=175 width=12) (actual time=38.264..1360.920 rows=25037 loops=1)
                                             Hash Cond: (t.kind_id = kt.id)
                                             Buffers: shared hit=102062 read=8111
                                             ->  Nested Loop  (cost=13055.85..432189.13 rows=204 width=16) (actual time=38.221..1350.215 rows=25037 loops=1)
                                                   Buffers: shared hit=102061 read=8111
                                                   ->  Bitmap Heap Scan on movie_info mi1  (cost=13055.42..430354.48 rows=218 width=8) (actual time=38.175..542.027 rows=25190 loops=1)
                                                         Recheck Cond: (info_type_id = 4)
                                                         Filter: ((info)::text = ANY ('{Bengali,Hawaiian,Hindi,Hokkien,Tagalog,Tamil,Vietnamese}'::text[]))
                                                         Rows Removed by Filter: 1273799
                                                         Heap Blocks: exact=8393
                                                         Buffers: shared hit=2307 read=7105
                                                         ->  Bitmap Index Scan on info_type_id_movie_info  (cost=0.00..13055.37 rows=1221191 width=0) (actual time=35.663..35.664 rows=1298989 loops=1)
                                                               Index Cond: (info_type_id = 4)
                                                               Buffers: shared hit=1 read=1018
                                                   ->  Index Scan using title_pkey on title t  (cost=0.43..8.42 rows=1 width=8) (actual time=0.031..0.031 rows=1 loops=25190)
                                                         Index Cond: (id = mi1.movie_id)
                                                         Filter: ((production_year <= 2015) AND (production_year >= 1925))
                                                         Rows Removed by Filter: 0
                                                         Buffers: shared hit=99754 read=1006
                                             ->  Hash  (cost=1.12..1.12 rows=6 width=4) (actual time=0.019..0.019 rows=6 loops=1)
                                                   Buckets: 1024  Batches: 1  Memory Usage: 9kB
                                                   Buffers: shared hit=1
                                                   ->  Seq Scan on kind_type kt  (cost=0.00..1.12 rows=6 width=4) (actual time=0.009..0.011 rows=6 loops=1)
                                                         Filter: ((kind)::text = ANY ('{episode,movie,"tv movie","tv series","video game","video movie"}'::text[]))
                                                         Rows Removed by Filter: 1
                                                         Buffers: shared hit=1
                                       ->  Index Scan using movie_id_movie_info on movie_info mi2  (cost=0.43..42.40 rows=1 width=8) (actual time=0.076..0.076 rows=0 loops=25037)
                                             Index Cond: (movie_id = t.id)
                                             Filter: ((info_type_id = 16) AND ((info)::text = ANY ('{USA:1993,USA:1996,USA:2001,USA:2007,USA:2014,"USA:April 2008"}'::text[])))
                                             Rows Removed by Filter: 9
                                             Buffers: shared hit=192682 read=30717
                                 ->  Seq Scan on info_type it1  (cost=0.00..2.41 rows=1 width=4) (actual time=0.011..0.019 rows=1 loops=11)
                                       Filter: (id = 4)
                                       Rows Removed by Filter: 112
                                       Buffers: shared hit=11
                           ->  Seq Scan on info_type it2  (cost=0.00..2.41 rows=1 width=4) (actual time=0.007..0.015 rows=1 loops=11)
                                 Filter: (id = 16)
                                 Rows Removed by Filter: 112
                                 Buffers: shared hit=11
                     ->  Index Scan using movie_id_cast_info on cast_info ci  (cost=0.44..43.28 rows=38 width=12) (actual time=0.041..0.337 rows=23 loops=11)
                           Index Cond: (movie_id = t.id)
                           Buffers: shared hit=31 read=255
               ->  Hash  (cost=1.15..1.15 rows=2 width=4) (actual time=0.034..0.035 rows=2 loops=1)
                     Buckets: 1024  Batches: 1  Memory Usage: 9kB
                     Buffers: shared hit=1
                     ->  Seq Scan on role_type rt  (cost=0.00..1.15 rows=2 width=4) (actual time=0.026..0.028 rows=2 loops=1)
                           Filter: ((role)::text = ANY ('{actress,guest}'::text[]))
                           Rows Removed by Filter: 10
                           Buffers: shared hit=1
         ->  Index Scan using name_pkey on name n  (cost=0.43..2.32 rows=1 width=4) (actual time=0.032..0.032 rows=1 loops=35)
               Index Cond: (id = ci.person_id)
               Filter: ((gender)::text = ANY ('{f,m}'::text[]))
               Buffers: shared hit=80 read=60
 Planning:
   Buffers: shared hit=574
 Planning Time: 13.799 ms
 Execution Time: 3269.759 ms
(72 rows)

