                                                                                                              QUERY PLAN                                                                                                              
--------------------------------------------------------------------------------------------------------------------------------------------------------------------------------------------------------------------------------------
 Aggregate  (cost=398279.57..398279.58 rows=1 width=8) (actual time=935.354..935.359 rows=1 loops=1)
   Buffers: shared hit=27789 read=27689
   ->  Nested Loop  (cost=32182.65..398279.57 rows=3 width=0) (actual time=471.752..935.308 rows=157 loops=1)
         Buffers: shared hit=27789 read=27689
         ->  Hash Join  (cost=32182.22..398267.97 rows=5 width=4) (actual time=469.050..929.819 rows=233 loops=1)
               Hash Cond: (ci.role_id = rt.id)
               Buffers: shared hit=26951 read=27595
               ->  Nested Loop  (cost=32180.99..398266.69 rows=14 width=8) (actual time=465.853..929.512 rows=1524 loops=1)
                     Buffers: shared hit=26950 read=27595
                     ->  Nested Loop  (cost=32180.55..398222.14 rows=1 width=12) (actual time=465.819..900.706 rows=1514 loops=1)
                           Buffers: shared hit=22185 read=26296
                           ->  Nested Loop  (cost=32180.55..398219.71 rows=1 width=16) (actual time=465.811..884.518 rows=1514 loops=1)
                                 Buffers: shared hit=20671 read=26296
                                 ->  Nested Loop  (cost=32180.55..398217.29 rows=1 width=20) (actual time=465.793..867.311 rows=1514 loops=1)
                                       Buffers: shared hit=19157 read=26296
                                       ->  Hash Join  (cost=32180.08..397186.38 rows=24 width=12) (actual time=465.722..792.398 rows=1256 loops=1)
                                             Hash Cond: (t.kind_id = kt.id)
                                             Buffers: shared hit=10236 read=22642
                                             ->  Nested Loop  (cost=32178.92..397185.05 rows=42 width=16) (actual time=465.683..791.993 rows=1256 loops=1)
                                                   Buffers: shared hit=10235 read=22642
                                                   ->  Bitmap Heap Scan on movie_info mi2  (cost=32178.49..395248.97 rows=230 width=8) (actual time=465.632..766.284 rows=1256 loops=1)
                                                         Recheck Cond: (info_type_id = 16)
                                                         Filter: ((info)::text = ANY ('{France:1908,Italy:1913,"USA:January 1903"}'::text[]))
                                                         Rows Removed by Filter: 3035463
                                                         Heap Blocks: exact=25474
                                                         Buffers: shared hit=5212 read=22641
                                                         ->  Bitmap Index Scan on info_type_id_movie_info  (cost=0.00..32178.44 rows=3010400 width=0) (actual time=76.929..76.930 rows=3036719 loops=1)
                                                               Index Cond: (info_type_id = 16)
                                                               Buffers: shared hit=1 read=2378
                                                   ->  Index Scan using title_pkey on title t  (cost=0.43..8.42 rows=1 width=8) (actual time=0.020..0.020 rows=1 loops=1256)
                                                         Index Cond: (id = mi2.movie_id)
                                                         Filter: ((production_year <= 1975) AND (production_year >= 1875))
                                                         Buffers: shared hit=5023 read=1
                                             ->  Hash  (cost=1.10..1.10 rows=4 width=4) (actual time=0.018..0.019 rows=4 loops=1)
                                                   Buckets: 1024  Batches: 1  Memory Usage: 9kB
                                                   Buffers: shared hit=1
                                                   ->  Seq Scan on kind_type kt  (cost=0.00..1.10 rows=4 width=4) (actual time=0.007..0.009 rows=4 loops=1)
                                                         Filter: ((kind)::text = ANY ('{movie,"tv movie","tv series","video movie"}'::text[]))
                                                         Rows Removed by Filter: 3
                                                         Buffers: shared hit=1
                                       ->  Index Scan using movie_id_movie_info on movie_info mi1  (cost=0.47..42.94 rows=1 width=8) (actual time=0.059..0.059 rows=1 loops=1256)
                                             Index Cond: (movie_id = t.id)
                                             Filter: ((info_type_id = 3) AND ((info)::text = ANY ('{Adult,Biography,Comedy,Family,Film-Noir,Game-Show,History,Horror,Musical,News,Romance,Sci-Fi,Short,Talk-Show,Western}'::text[])))
                                             Rows Removed by Filter: 11
                                             Buffers: shared hit=8921 read=3654
                                 ->  Seq Scan on info_type it1  (cost=0.00..2.41 rows=1 width=4) (actual time=0.006..0.010 rows=1 loops=1514)
                                       Filter: (id = 3)
                                       Rows Removed by Filter: 112
                                       Buffers: shared hit=1514
                           ->  Seq Scan on info_type it2  (cost=0.00..2.41 rows=1 width=4) (actual time=0.005..0.010 rows=1 loops=1514)
                                 Filter: (id = 16)
                                 Rows Removed by Filter: 112
                                 Buffers: shared hit=1514
                     ->  Index Scan using movie_id_cast_info on cast_info ci  (cost=0.44..44.17 rows=38 width=12) (actual time=0.015..0.019 rows=1 loops=1514)
                           Index Cond: (movie_id = t.id)
                           Buffers: shared hit=4765 read=1299
               ->  Hash  (cost=1.18..1.18 rows=4 width=4) (actual time=0.031..0.031 rows=4 loops=1)
                     Buckets: 1024  Batches: 1  Memory Usage: 9kB
                     Buffers: shared hit=1
                     ->  Seq Scan on role_type rt  (cost=0.00..1.18 rows=4 width=4) (actual time=0.023..0.025 rows=4 loops=1)
                           Filter: ((role)::text = ANY ('{cinematographer,composer,"costume designer",director}'::text[]))
                           Rows Removed by Filter: 8
                           Buffers: shared hit=1
         ->  Index Scan using name_pkey on name n  (cost=0.43..2.32 rows=1 width=4) (actual time=0.023..0.023 rows=1 loops=233)
               Index Cond: (id = ci.person_id)
               Filter: ((gender)::text = ANY ('{f,m}'::text[]))
               Rows Removed by Filter: 0
               Buffers: shared hit=838 read=94
 Planning:
   Buffers: shared hit=577
 Planning Time: 13.131 ms
 Execution Time: 935.934 ms
(72 rows)

