                                                                                                                                                                                               QUERY PLAN                                                                                                                                                                                                
---------------------------------------------------------------------------------------------------------------------------------------------------------------------------------------------------------------------------------------------------------------------------------------------------------------------------------------------------------------------------------------------------------
 Aggregate  (cost=393430.85..393430.86 rows=1 width=8) (actual time=658.132..658.140 rows=1 loops=1)
   Buffers: shared hit=50893 read=12851
   ->  Nested Loop  (cost=7081.77..393430.85 rows=1 width=0) (actual time=20.985..658.086 rows=149 loops=1)
         Buffers: shared hit=50893 read=12851
         ->  Hash Join  (cost=7081.34..393428.53 rows=1 width=4) (actual time=19.104..649.441 rows=267 loops=1)
               Hash Cond: (ci.role_id = rt.id)
               Buffers: shared hit=49926 read=12750
               ->  Nested Loop  (cost=7080.18..393427.32 rows=14 width=8) (actual time=18.920..647.625 rows=13414 loops=1)
                     Buffers: shared hit=49925 read=12750
                     ->  Nested Loop  (cost=7079.74..393382.76 rows=1 width=12) (actual time=18.886..496.846 rows=956 loops=1)
                           Buffers: shared hit=38948 read=7752
                           ->  Nested Loop  (cost=7079.74..393380.34 rows=1 width=16) (actual time=18.881..482.824 rows=956 loops=1)
                                 Buffers: shared hit=37992 read=7752
                                 ->  Nested Loop  (cost=7079.74..393377.92 rows=1 width=20) (actual time=18.863..468.505 rows=956 loops=1)
                                       Buffers: shared hit=37036 read=7752
                                       ->  Hash Join  (cost=7079.30..392906.39 rows=11 width=12) (actual time=18.822..382.577 rows=971 loops=1)
                                             Hash Cond: (t.kind_id = kt.id)
                                             Buffers: shared hit=27384 read=6825
                                             ->  Nested Loop  (cost=7078.13..392905.16 rows=15 width=16) (actual time=18.792..381.951 rows=2319 loops=1)
                                                   Buffers: shared hit=27383 read=6825
                                                   ->  Bitmap Heap Scan on movie_info mi1  (cost=7077.70..392195.15 rows=84 width=8) (actual time=18.445..217.637 rows=6679 loops=1)
                                                         Recheck Cond: (info_type_id = 18)
                                                         Filter: ((info)::text = ANY ('{"Alabama Hills, Lone Pine, California, USA","Corriganville, Ray Corrigan Ranch, Simi Valley, California, USA","Paris, France","Studio 8H, NBC Studios - 30 Rockefeller Plaza, Manhattan, New York City, New York, USA","Walt Disney Studios, 500 South Buena Vista Street, Burbank, California, USA"}'::text[]))
                                                         Rows Removed by Filter: 654244
                                                         Heap Blocks: exact=6972
                                                         Buffers: shared hit=1911 read=5581
                                                         ->  Bitmap Index Scan on info_type_id_movie_info  (cost=0.00..7077.68 rows=662032 width=0) (actual time=17.520..17.520 rows=660923 loops=1)
                                                               Index Cond: (info_type_id = 18)
                                                               Buffers: shared hit=1 read=519
                                                   ->  Index Scan using title_pkey on title t  (cost=0.43..8.45 rows=1 width=8) (actual time=0.024..0.024 rows=0 loops=6679)
                                                         Index Cond: (id = mi1.movie_id)
                                                         Filter: ((production_year <= 1975) AND (production_year >= 1875))
                                                         Rows Removed by Filter: 1
                                                         Buffers: shared hit=25472 read=1244
                                             ->  Hash  (cost=1.11..1.11 rows=5 width=4) (actual time=0.015..0.016 rows=5 loops=1)
                                                   Buckets: 1024  Batches: 1  Memory Usage: 9kB
                                                   Buffers: shared hit=1
                                                   ->  Seq Scan on kind_type kt  (cost=0.00..1.11 rows=5 width=4) (actual time=0.008..0.010 rows=5 loops=1)
                                                         Filter: ((kind)::text = ANY ('{episode,"tv movie","tv series","video game","video movie"}'::text[]))
                                                         Rows Removed by Filter: 2
                                                         Buffers: shared hit=1
                                       ->  Index Scan using movie_id_movie_info on movie_info mi2  (cost=0.43..42.86 rows=1 width=8) (actual time=0.050..0.088 rows=1 loops=971)
                                             Index Cond: (movie_id = t.id)
                                             Filter: ((info_type_id = 6) AND ((info)::text = ANY ('{"70 mm 6-Track",Mono,Silent}'::text[])))
                                             Rows Removed by Filter: 11
                                             Buffers: shared hit=9652 read=927
                                 ->  Seq Scan on info_type it1  (cost=0.00..2.41 rows=1 width=4) (actual time=0.008..0.013 rows=1 loops=956)
                                       Filter: (id = 18)
                                       Rows Removed by Filter: 112
                                       Buffers: shared hit=956
                           ->  Seq Scan on info_type it2  (cost=0.00..2.41 rows=1 width=4) (actual time=0.007..0.013 rows=1 loops=956)
                                 Filter: (id = 6)
                                 Rows Removed by Filter: 112
                                 Buffers: shared hit=956
                     ->  Index Scan using movie_id_cast_info on cast_info ci  (cost=0.44..44.17 rows=38 width=12) (actual time=0.031..0.155 rows=14 loops=956)
                           Index Cond: (movie_id = t.id)
                           Buffers: shared hit=10977 read=4998
               ->  Hash  (cost=1.15..1.15 rows=1 width=4) (actual time=0.029..0.030 rows=1 loops=1)
                     Buckets: 1024  Batches: 1  Memory Usage: 9kB
                     Buffers: shared hit=1
                     ->  Seq Scan on role_type rt  (cost=0.00..1.15 rows=1 width=4) (actual time=0.021..0.022 rows=1 loops=1)
                           Filter: ((role)::text = 'cinematographer'::text)
                           Rows Removed by Filter: 11
                           Buffers: shared hit=1
         ->  Index Scan using name_pkey on name n  (cost=0.43..2.32 rows=1 width=4) (actual time=0.032..0.032 rows=1 loops=267)
               Index Cond: (id = ci.person_id)
               Filter: ((gender)::text = ANY ('{f,m}'::text[]))
               Rows Removed by Filter: 0
               Buffers: shared hit=967 read=101
 Planning:
   Buffers: shared hit=574
 Planning Time: 7.559 ms
 Execution Time: 658.511 ms
(73 rows)

