                                                                                             QUERY PLAN                                                                                              
-----------------------------------------------------------------------------------------------------------------------------------------------------------------------------------------------------
 Aggregate  (cost=498493.43..498493.44 rows=1 width=8) (actual time=2429.950..2429.958 rows=1 loops=1)
   Buffers: shared hit=198588 read=50202
   ->  Nested Loop  (cost=7082.72..498493.41 rows=8 width=0) (actual time=598.639..2429.835 rows=237 loops=1)
         Buffers: shared hit=198588 read=50202
         ->  Hash Join  (cost=7082.29..498451.66 rows=18 width=4) (actual time=557.958..2363.097 rows=1856 loops=1)
               Hash Cond: (ci.role_id = rt.id)
               Buffers: shared hit=193832 read=47534
               ->  Nested Loop  (cost=7081.09..498450.21 rows=72 width=8) (actual time=557.792..2361.202 rows=9400 loops=1)
                     Buffers: shared hit=193831 read=47534
                     ->  Nested Loop  (cost=7080.65..498231.55 rows=5 width=12) (actual time=557.756..2247.948 rows=197 loops=1)
                           Buffers: shared hit=191793 read=39812
                           ->  Seq Scan on info_type it2  (cost=0.00..2.41 rows=1 width=4) (actual time=0.024..0.031 rows=1 loops=1)
                                 Filter: (id = 8)
                                 Rows Removed by Filter: 112
                                 Buffers: shared hit=1
                           ->  Nested Loop  (cost=7080.65..498229.09 rows=5 width=16) (actual time=557.730..2247.819 rows=197 loops=1)
                                 Buffers: shared hit=191792 read=39812
                                 ->  Seq Scan on info_type it1  (cost=0.00..2.41 rows=1 width=4) (actual time=0.010..0.019 rows=1 loops=1)
                                       Filter: (id = 18)
                                       Rows Removed by Filter: 112
                                       Buffers: shared hit=1
                                 ->  Nested Loop  (cost=7080.65..498226.62 rows=5 width=20) (actual time=557.717..2247.712 rows=197 loops=1)
                                       Buffers: shared hit=191791 read=39812
                                       ->  Hash Join  (cost=7080.21..420034.39 rows=1837 width=12) (actual time=20.019..900.721 rows=11312 loops=1)
                                             Hash Cond: (t.kind_id = kt.id)
                                             Buffers: shared hit=79655 read=4946
                                             ->  Nested Loop  (cost=7079.03..420022.38 rows=2572 width=16) (actual time=19.947..896.456 rows=12376 loops=1)
                                                   Buffers: shared hit=79654 read=4946
                                                   ->  Bitmap Heap Scan on movie_info mi1  (cost=7078.59..392196.04 rows=3675 width=8) (actual time=19.869..258.175 rows=19388 loops=1)
                                                         Recheck Cond: (info_type_id = 18)
                                                         Filter: ((info)::text = ANY ('{Belgium,Germany,"New York City, New York, USA","Oakland, California, USA","Tennessee, USA"}'::text[]))
                                                         Rows Removed by Filter: 641535
                                                         Heap Blocks: exact=6972
                                                         Buffers: shared hit=7487 read=5
                                                         ->  Bitmap Index Scan on info_type_id_movie_info  (cost=0.00..7077.68 rows=662032 width=0) (actual time=19.018..19.018 rows=660923 loops=1)
                                                               Index Cond: (info_type_id = 18)
                                                               Buffers: shared hit=520
                                                   ->  Memoize  (cost=0.44..7.59 rows=1 width=8) (actual time=0.033..0.033 rows=1 loops=19388)
                                                         Cache Key: mi1.movie_id
                                                         Cache Mode: logical
                                                         Hits: 111  Misses: 19277  Evictions: 0  Overflows: 0  Memory Usage: 1760kB
                                                         Buffers: shared hit=72167 read=4941
                                                         ->  Index Scan using title_pkey on title t  (cost=0.43..7.58 rows=1 width=8) (actual time=0.032..0.032 rows=1 loops=19277)
                                                               Index Cond: (id = mi1.movie_id)
                                                               Filter: ((production_year <= 2015) AND (production_year >= 1990))
                                                               Rows Removed by Filter: 0
                                                               Buffers: shared hit=72167 read=4941
                                             ->  Hash  (cost=1.11..1.11 rows=5 width=4) (actual time=0.016..0.016 rows=5 loops=1)
                                                   Buckets: 1024  Batches: 1  Memory Usage: 9kB
                                                   Buffers: shared hit=1
                                                   ->  Seq Scan on kind_type kt  (cost=0.00..1.11 rows=5 width=4) (actual time=0.008..0.011 rows=5 loops=1)
                                                         Filter: ((kind)::text = ANY ('{episode,movie,"tv movie","video game","video movie"}'::text[]))
                                                         Rows Removed by Filter: 2
                                                         Buffers: shared hit=1
                                       ->  Index Scan using movie_id_movie_info on movie_info mi2  (cost=0.43..42.56 rows=1 width=8) (actual time=0.118..0.119 rows=0 loops=11312)
                                             Index Cond: (movie_id = t.id)
                                             Filter: ((info_type_id = 8) AND ((info)::text = ANY ('{Argentina,Chile,Denmark,"Hong Kong",Iceland,Ireland,Italy,Turkey}'::text[])))
                                             Rows Removed by Filter: 25
                                             Buffers: shared hit=112136 read=34866
                     ->  Index Scan using movie_id_cast_info on cast_info ci  (cost=0.44..43.35 rows=38 width=12) (actual time=0.035..0.563 rows=48 loops=197)
                           Index Cond: (movie_id = t.id)
                           Buffers: shared hit=2038 read=7722
               ->  Hash  (cost=1.17..1.17 rows=3 width=4) (actual time=0.037..0.037 rows=3 loops=1)
                     Buckets: 1024  Batches: 1  Memory Usage: 9kB
                     Buffers: shared hit=1
                     ->  Seq Scan on role_type rt  (cost=0.00..1.17 rows=3 width=4) (actual time=0.027..0.030 rows=3 loops=1)
                           Filter: ((role)::text = ANY ('{actress,cinematographer,writer}'::text[]))
                           Rows Removed by Filter: 9
                           Buffers: shared hit=1
         ->  Index Scan using name_pkey on name n  (cost=0.43..2.32 rows=1 width=4) (actual time=0.035..0.035 rows=0 loops=1856)
               Index Cond: (id = ci.person_id)
               Filter: ((gender)::text = 'm'::text)
               Rows Removed by Filter: 1
               Buffers: shared hit=4756 read=2668
 Planning:
   Buffers: shared hit=574
 Planning Time: 13.523 ms
 Execution Time: 2430.863 ms
(78 rows)

