                                                                                                      QUERY PLAN                                                                                                      
----------------------------------------------------------------------------------------------------------------------------------------------------------------------------------------------------------------------
 Aggregate  (cost=363290.98..363290.99 rows=1 width=8) (actual time=8516.669..8516.674 rows=1 loops=1)
   Buffers: shared hit=599297 read=264757
   ->  Nested Loop  (cost=2.17..363290.98 rows=1 width=0) (actual time=2.298..8514.764 rows=8747 loops=1)
         Buffers: shared hit=599297 read=264757
         ->  Nested Loop  (cost=1.74..363286.34 rows=2 width=4) (actual time=1.442..6332.261 rows=66686 loops=1)
               Join Filter: (ci.role_id = rt.id)
               Rows Removed by Join Filter: 460311
               Buffers: shared hit=366743 read=230567
               ->  Nested Loop  (cost=1.74..363284.78 rows=14 width=8) (actual time=1.181..6187.185 rows=289521 loops=1)
                     Buffers: shared hit=366742 read=230567
                     ->  Nested Loop  (cost=1.30..363241.08 rows=1 width=12) (actual time=1.128..2886.839 rows=14389 loops=1)
                           Buffers: shared hit=202931 read=71760
                           ->  Nested Loop  (cost=1.30..363238.66 rows=1 width=16) (actual time=1.116..2637.022 rows=14389 loops=1)
                                 Buffers: shared hit=188542 read=71760
                                 ->  Nested Loop  (cost=1.30..363236.24 rows=1 width=20) (actual time=1.100..2382.044 rows=14389 loops=1)
                                       Buffers: shared hit=174153 read=71760
                                       ->  Nested Loop  (cost=0.86..362560.50 rows=16 width=12) (actual time=0.378..725.309 rows=13895 loops=1)
                                             Join Filter: (t.kind_id = kt.id)
                                             Rows Removed by Join Filter: 15062
                                             Buffers: shared hit=63237 read=12113
                                             ->  Nested Loop  (cost=0.86..362557.85 rows=28 width=16) (actual time=0.363..715.483 rows=17144 loops=1)
                                                   Buffers: shared hit=63236 read=12113
                                                   ->  Index Scan using info_type_id_movie_info on movie_info mi2  (cost=0.43..362262.01 rows=35 width=8) (actual time=0.296..125.868 rows=17569 loops=1)
                                                         Index Cond: (info_type_id = 105)
                                                         Filter: ((info)::text = ANY ('{"$1,000,000","$1,500","$15,000","$2,000","$200,000","$25,000","$5,000","$5,000,000","$50,000","$75,000","Â£10,000"}'::text[]))
                                                         Rows Removed by Filter: 104294
                                                         Buffers: shared hit=1516 read=3557
                                                   ->  Index Scan using title_pkey on title t  (cost=0.43..8.45 rows=1 width=8) (actual time=0.033..0.033 rows=1 loops=17569)
                                                         Index Cond: (id = mi2.movie_id)
                                                         Filter: ((production_year <= 2015) AND (production_year >= 1975))
                                                         Rows Removed by Filter: 0
                                                         Buffers: shared hit=61720 read=8556
                                             ->  Materialize  (cost=0.00..1.12 rows=4 width=4) (actual time=0.000..0.000 rows=2 loops=17144)
                                                   Buffers: shared hit=1
                                                   ->  Seq Scan on kind_type kt  (cost=0.00..1.10 rows=4 width=4) (actual time=0.009..0.013 rows=4 loops=1)
                                                         Filter: ((kind)::text = ANY ('{episode,movie,"tv series","video game"}'::text[]))
                                                         Rows Removed by Filter: 3
                                                         Buffers: shared hit=1
                                       ->  Index Scan using movie_id_movie_info on movie_info mi1  (cost=0.43..42.22 rows=1 width=8) (actual time=0.098..0.119 rows=1 loops=13895)
                                             Index Cond: (movie_id = t.id)
                                             Filter: (((info)::text = ANY ('{"Black and White",Color}'::text[])) AND (info_type_id = 2))
                                             Rows Removed by Filter: 13
                                             Buffers: shared hit=110916 read=59647
                                 ->  Seq Scan on info_type it1  (cost=0.00..2.41 rows=1 width=4) (actual time=0.009..0.016 rows=1 loops=14389)
                                       Filter: (id = 2)
                                       Rows Removed by Filter: 112
                                       Buffers: shared hit=14389
                           ->  Seq Scan on info_type it2  (cost=0.00..2.41 rows=1 width=4) (actual time=0.015..0.016 rows=1 loops=14389)
                                 Filter: (id = 105)
                                 Rows Removed by Filter: 112
                                 Buffers: shared hit=14389
                     ->  Index Scan using movie_id_cast_info on cast_info ci  (cost=0.44..43.32 rows=38 width=12) (actual time=0.037..0.225 rows=20 loops=14389)
                           Index Cond: (movie_id = t.id)
                           Buffers: shared hit=163811 read=158807
               ->  Materialize  (cost=0.00..1.16 rows=2 width=4) (actual time=0.000..0.000 rows=2 loops=289521)
                     Buffers: shared hit=1
                     ->  Seq Scan on role_type rt  (cost=0.00..1.15 rows=2 width=4) (actual time=0.007..0.009 rows=2 loops=1)
                           Filter: ((role)::text = ANY ('{actress,editor}'::text[]))
                           Rows Removed by Filter: 10
                           Buffers: shared hit=1
         ->  Index Scan using name_pkey on name n  (cost=0.43..2.32 rows=1 width=4) (actual time=0.032..0.032 rows=0 loops=66686)
               Index Cond: (id = ci.person_id)
               Filter: (gender IS NULL)
               Rows Removed by Filter: 1
               Buffers: shared hit=232554 read=34190
 Planning:
   Buffers: shared hit=574
 Planning Time: 13.003 ms
 Execution Time: 8517.047 ms
(69 rows)

