                                                                                              QUERY PLAN                                                                                              
------------------------------------------------------------------------------------------------------------------------------------------------------------------------------------------------------
 Aggregate  (cost=440004.17..440004.18 rows=1 width=8) (actual time=1950.242..1950.248 rows=1 loops=1)
   Buffers: shared hit=149772 read=50191
   ->  Nested Loop  (cost=4697.56..440004.17 rows=2 width=0) (actual time=28.054..1950.043 rows=667 loops=1)
         Buffers: shared hit=149772 read=50191
         ->  Hash Join  (cost=4697.13..439992.57 rows=5 width=4) (actual time=21.525..1905.072 rows=1458 loops=1)
               Hash Cond: (ci.role_id = rt.id)
               Buffers: shared hit=144776 read=49355
               ->  Nested Loop  (cost=4695.96..439991.29 rows=29 width=8) (actual time=21.376..1901.148 rows=24751 loops=1)
                     Buffers: shared hit=144775 read=49355
                     ->  Nested Loop  (cost=4695.52..439902.19 rows=2 width=12) (actual time=21.331..1627.788 rows=967 loops=1)
                           Buffers: shared hit=127194 read=39855
                           ->  Seq Scan on info_type it2  (cost=0.00..2.41 rows=1 width=4) (actual time=0.024..0.032 rows=1 loops=1)
                                 Filter: (id = 4)
                                 Rows Removed by Filter: 112
                                 Buffers: shared hit=1
                           ->  Nested Loop  (cost=4695.52..439899.75 rows=2 width=16) (actual time=21.305..1627.504 rows=967 loops=1)
                                 Buffers: shared hit=127193 read=39855
                                 ->  Seq Scan on info_type it1  (cost=0.00..2.41 rows=1 width=4) (actual time=0.008..0.017 rows=1 loops=1)
                                       Filter: (id = 5)
                                       Rows Removed by Filter: 112
                                       Buffers: shared hit=1
                                 ->  Nested Loop  (cost=4695.52..439897.32 rows=2 width=20) (actual time=21.294..1627.247 rows=967 loops=1)
                                       Buffers: shared hit=127192 read=39855
                                       ->  Hash Join  (cost=4695.08..437646.97 rows=52 width=12) (actual time=21.257..1480.864 rows=968 loops=1)
                                             Hash Cond: (t.kind_id = kt.id)
                                             Buffers: shared hit=116900 read=36065
                                             ->  Nested Loop  (cost=4693.93..437645.43 rows=91 width=16) (actual time=21.212..1478.301 rows=13045 loops=1)
                                                   Buffers: shared hit=116899 read=36065
                                                   ->  Bitmap Heap Scan on movie_info mi1  (cost=4693.50..433457.83 rows=503 width=8) (actual time=20.665..418.031 rows=33348 loops=1)
                                                         Recheck Cond: (info_type_id = 5)
                                                         Filter: ((info)::text = ANY ('{Australia:PG,Australia:R,Italy:VM18,Netherlands:AL,Sweden:11,UK:A,USA:Passed,USA:TV-PG}'::text[]))
                                                         Rows Removed by Filter: 453206
                                                         Heap Blocks: exact=19164
                                                         Buffers: shared hit=1068 read=18504
                                                         ->  Bitmap Index Scan on info_type_id_movie_info  (cost=0.00..4693.37 rows=439058 width=0) (actual time=18.059..18.059 rows=486554 loops=1)
                                                               Index Cond: (info_type_id = 5)
                                                               Buffers: shared read=408
                                                   ->  Index Scan using title_pkey on title t  (cost=0.43..8.33 rows=1 width=8) (actual time=0.031..0.031 rows=0 loops=33348)
                                                         Index Cond: (id = mi1.movie_id)
                                                         Filter: ((production_year <= 1975) AND (production_year >= 1875))
                                                         Rows Removed by Filter: 1
                                                         Buffers: shared hit=115831 read=17561
                                             ->  Hash  (cost=1.10..1.10 rows=4 width=4) (actual time=0.017..0.018 rows=4 loops=1)
                                                   Buckets: 1024  Batches: 1  Memory Usage: 9kB
                                                   Buffers: shared hit=1
                                                   ->  Seq Scan on kind_type kt  (cost=0.00..1.10 rows=4 width=4) (actual time=0.009..0.011 rows=4 loops=1)
                                                         Filter: ((kind)::text = ANY ('{episode,"tv movie","tv series","video game"}'::text[]))
                                                         Rows Removed by Filter: 3
                                                         Buffers: shared hit=1
                                       ->  Index Scan using movie_id_movie_info on movie_info mi2  (cost=0.43..43.27 rows=1 width=8) (actual time=0.086..0.150 rows=1 loops=968)
                                             Index Cond: (movie_id = t.id)
                                             Filter: ((info_type_id = 4) AND ((info)::text = ANY ('{Danish,Dutch,English,Finnish,Italian,Japanese,Latin,Mandarin,Russian,Spanish,Swedish}'::text[])))
                                             Rows Removed by Filter: 30
                                             Buffers: shared hit=10292 read=3790
                     ->  Index Scan using movie_id_cast_info on cast_info ci  (cost=0.44..44.17 rows=38 width=12) (actual time=0.032..0.277 rows=26 loops=967)
                           Index Cond: (movie_id = t.id)
                           Buffers: shared hit=17581 read=9500
               ->  Hash  (cost=1.15..1.15 rows=2 width=4) (actual time=0.036..0.037 rows=2 loops=1)
                     Buckets: 1024  Batches: 1  Memory Usage: 9kB
                     Buffers: shared hit=1
                     ->  Seq Scan on role_type rt  (cost=0.00..1.15 rows=2 width=4) (actual time=0.028..0.030 rows=2 loops=1)
                           Filter: ((role)::text = ANY ('{cinematographer,director}'::text[]))
                           Rows Removed by Filter: 10
                           Buffers: shared hit=1
         ->  Index Scan using name_pkey on name n  (cost=0.43..2.32 rows=1 width=4) (actual time=0.030..0.030 rows=0 loops=1458)
               Index Cond: (id = ci.person_id)
               Filter: ((gender)::text = 'm'::text)
               Rows Removed by Filter: 1
               Buffers: shared hit=4996 read=836
 Planning:
   Buffers: shared hit=487 read=87
 Planning Time: 14.890 ms
 Execution Time: 1950.862 ms
(73 rows)

