                                                                                                                                                               QUERY PLAN                                                                                                                                                               
----------------------------------------------------------------------------------------------------------------------------------------------------------------------------------------------------------------------------------------------------------------------------------------------------------------------------------------
 Aggregate  (cost=343514.48..343514.49 rows=1 width=8) (actual time=838.037..838.042 rows=1 loops=1)
   Buffers: shared hit=50607 read=33499
   ->  Nested Loop  (cost=3725.49..343514.48 rows=1 width=0) (actual time=17.405..837.929 rows=333 loops=1)
         Buffers: shared hit=50607 read=33499
         ->  Hash Join  (cost=3725.06..343512.16 rows=1 width=4) (actual time=15.339..815.999 rows=856 loops=1)
               Hash Cond: (ci.role_id = rt.id)
               Buffers: shared hit=47513 read=33169
               ->  Nested Loop  (cost=3723.89..343510.95 rows=14 width=8) (actual time=14.883..811.848 rows=37185 loops=1)
                     Buffers: shared hit=47512 read=33169
                     ->  Nested Loop  (cost=3723.45..343466.40 rows=1 width=12) (actual time=14.844..451.101 rows=1302 loops=1)
                           Buffers: shared hit=20147 read=19857
                           ->  Nested Loop  (cost=3723.45..343463.97 rows=1 width=16) (actual time=14.838..433.248 rows=1302 loops=1)
                                 Buffers: shared hit=18845 read=19857
                                 ->  Nested Loop  (cost=3723.45..343461.55 rows=1 width=20) (actual time=14.821..415.589 rows=1302 loops=1)
                                       Buffers: shared hit=17543 read=19857
                                       ->  Nested Loop  (cost=3722.99..343375.65 rows=2 width=12) (actual time=14.737..267.516 rows=1279 loops=1)
                                             Buffers: shared hit=9075 read=12039
                                             ->  Nested Loop  (cost=3722.85..343375.17 rows=3 width=16) (actual time=14.722..254.712 rows=1279 loops=1)
                                                   Buffers: shared hit=6517 read=12039
                                                   ->  Bitmap Heap Scan on movie_info mi2  (cost=3722.42..343223.03 rows=18 width=8) (actual time=14.340..183.068 rows=1835 loops=1)
                                                         Recheck Cond: (info_type_id = 17)
                                                         Filter: ((info)::text = ANY ('{"Last show of the series.","One of over 700 Paramount Productions, filmed between 1929 and 1949, which were sold to MCA/Universal in 1958 for television distribution, and have been owned and controlled by Universal ever since."}'::text[]))
                                                         Rows Removed by Filter: 366383
                                                         Heap Blocks: exact=10925
                                                         Buffers: shared hit=497 read=10719
                                                         ->  Bitmap Index Scan on info_type_id_movie_info  (cost=0.00..3722.42 rows=347998 width=0) (actual time=12.799..12.800 rows=368218 loops=1)
                                                               Index Cond: (info_type_id = 17)
                                                               Buffers: shared hit=1 read=290
                                                   ->  Index Scan using title_pkey on title t  (cost=0.43..8.45 rows=1 width=8) (actual time=0.039..0.039 rows=1 loops=1835)
                                                         Index Cond: (id = mi2.movie_id)
                                                         Filter: ((production_year <= 1975) AND (production_year >= 1875))
                                                         Rows Removed by Filter: 0
                                                         Buffers: shared hit=6020 read=1320
                                             ->  Index Scan using kind_type_pkey on kind_type kt  (cost=0.13..0.16 rows=1 width=4) (actual time=0.010..0.010 rows=1 loops=1279)
                                                   Index Cond: (id = t.kind_id)
                                                   Filter: ((kind)::text = ANY ('{episode,movie,"tv movie","tv series","video movie"}'::text[]))
                                                   Buffers: shared hit=2558
                                       ->  Index Scan using movie_id_movie_info on movie_info mi1  (cost=0.47..42.94 rows=1 width=8) (actual time=0.050..0.115 rows=1 loops=1279)
                                             Index Cond: (movie_id = t.id)
                                             Filter: ((info_type_id = 4) AND ((info)::text = ANY ('{Arabic,Dutch,English,French,German,Hindi,Italian,Japanese,Latin,Polish,Portuguese,Russian,Spanish}'::text[])))
                                             Rows Removed by Filter: 16
                                             Buffers: shared hit=8468 read=7818
                                 ->  Seq Scan on info_type it1  (cost=0.00..2.41 rows=1 width=4) (actual time=0.008..0.012 rows=1 loops=1302)
                                       Filter: (id = 4)
                                       Rows Removed by Filter: 112
                                       Buffers: shared hit=1302
                           ->  Seq Scan on info_type it2  (cost=0.00..2.41 rows=1 width=4) (actual time=0.008..0.013 rows=1 loops=1302)
                                 Filter: (id = 17)
                                 Rows Removed by Filter: 112
                                 Buffers: shared hit=1302
                     ->  Index Scan using movie_id_cast_info on cast_info ci  (cost=0.44..44.17 rows=38 width=12) (actual time=0.033..0.272 rows=29 loops=1302)
                           Index Cond: (movie_id = t.id)
                           Buffers: shared hit=27365 read=13312
               ->  Hash  (cost=1.15..1.15 rows=1 width=4) (actual time=0.030..0.031 rows=1 loops=1)
                     Buckets: 1024  Batches: 1  Memory Usage: 9kB
                     Buffers: shared hit=1
                     ->  Seq Scan on role_type rt  (cost=0.00..1.15 rows=1 width=4) (actual time=0.020..0.021 rows=1 loops=1)
                           Filter: ((role)::text = 'composer'::text)
                           Rows Removed by Filter: 11
                           Buffers: shared hit=1
         ->  Index Scan using name_pkey on name n  (cost=0.43..2.32 rows=1 width=4) (actual time=0.025..0.025 rows=0 loops=856)
               Index Cond: (id = ci.person_id)
               Filter: ((gender)::text = ANY ('{f,m}'::text[]))
               Rows Removed by Filter: 1
               Buffers: shared hit=3094 read=330
 Planning:
   Buffers: shared hit=576 read=1
 Planning Time: 12.171 ms
 Execution Time: 838.480 ms
(69 rows)

