                                                                                             QUERY PLAN                                                                                              
-----------------------------------------------------------------------------------------------------------------------------------------------------------------------------------------------------
 Aggregate  (cost=385768.87..385768.88 rows=1 width=8) (actual time=2657.319..2657.326 rows=1 loops=1)
   Buffers: shared hit=213252 read=53398
   ->  Nested Loop  (cost=8154.92..385768.86 rows=1 width=0) (actual time=1473.143..2657.312 rows=5 loops=1)
         Buffers: shared hit=213252 read=53398
         ->  Hash Join  (cost=8154.49..385766.54 rows=1 width=4) (actual time=772.504..2654.635 rows=72 loops=1)
               Hash Cond: (ci.role_id = rt.id)
               Buffers: shared hit=213055 read=53307
               ->  Nested Loop  (cost=8153.33..385765.33 rows=14 width=8) (actual time=27.650..2653.247 rows=7640 loops=1)
                     Buffers: shared hit=213054 read=53307
                     ->  Nested Loop  (cost=8152.89..385721.64 rows=1 width=12) (actual time=27.624..2547.613 rows=445 loops=1)
                           Buffers: shared hit=209734 read=47814
                           ->  Nested Loop  (cost=8152.89..385719.21 rows=1 width=16) (actual time=27.618..2539.580 rows=445 loops=1)
                                 Buffers: shared hit=209289 read=47814
                                 ->  Nested Loop  (cost=8152.89..385716.79 rows=1 width=20) (actual time=27.601..2532.681 rows=445 loops=1)
                                       Buffers: shared hit=208844 read=47814
                                       ->  Hash Join  (cost=8152.45..380539.27 rows=122 width=12) (actual time=23.291..930.346 rows=14742 loops=1)
                                             Hash Cond: (t.kind_id = kt.id)
                                             Buffers: shared hit=75601 read=10392
                                             ->  Nested Loop  (cost=8151.28..380537.38 rows=171 width=16) (actual time=23.246..923.358 rows=16146 loops=1)
                                                   Buffers: shared hit=75600 read=10392
                                                   ->  Bitmap Heap Scan on movie_info mi1  (cost=8150.85..378736.55 rows=214 width=8) (actual time=23.199..239.030 rows=20092 loops=1)
                                                         Recheck Cond: (info_type_id = 1)
                                                         Filter: ((info)::text = ANY ('{98,Argentina:60,Australia:7,Netherlands:55,USA:21,USA:23,USA:26,USA:50,USA:55,USA:6,USA:70}'::text[]))
                                                         Rows Removed by Filter: 782048
                                                         Heap Blocks: exact=4993
                                                         Buffers: shared hit=1491 read=4133
                                                         ->  Bitmap Index Scan on info_type_id_movie_info  (cost=0.00..8150.77 rows=762444 width=0) (actual time=22.521..22.522 rows=802140 loops=1)
                                                               Index Cond: (info_type_id = 1)
                                                               Buffers: shared hit=1 read=630
                                                   ->  Index Scan using title_pkey on title t  (cost=0.43..8.42 rows=1 width=8) (actual time=0.033..0.033 rows=1 loops=20092)
                                                         Index Cond: (id = mi1.movie_id)
                                                         Filter: ((production_year <= 2015) AND (production_year >= 1975))
                                                         Rows Removed by Filter: 0
                                                         Buffers: shared hit=74109 read=6259
                                             ->  Hash  (cost=1.11..1.11 rows=5 width=4) (actual time=0.022..0.023 rows=5 loops=1)
                                                   Buckets: 1024  Batches: 1  Memory Usage: 9kB
                                                   Buffers: shared hit=1
                                                   ->  Seq Scan on kind_type kt  (cost=0.00..1.11 rows=5 width=4) (actual time=0.012..0.015 rows=5 loops=1)
                                                         Filter: ((kind)::text = ANY ('{episode,movie,"tv movie","tv series","video game"}'::text[]))
                                                         Rows Removed by Filter: 2
                                                         Buffers: shared hit=1
                                       ->  Index Scan using movie_id_movie_info on movie_info mi2  (cost=0.43..42.43 rows=1 width=8) (actual time=0.108..0.108 rows=0 loops=14742)
                                             Index Cond: (movie_id = t.id)
                                             Filter: ((info_type_id = 8) AND ((info)::text = ANY ('{Australia,Chile,China,Finland,Indonesia,Thailand}'::text[])))
                                             Rows Removed by Filter: 13
                                             Buffers: shared hit=133243 read=37422
                                 ->  Seq Scan on info_type it1  (cost=0.00..2.41 rows=1 width=4) (actual time=0.006..0.013 rows=1 loops=445)
                                       Filter: (id = 1)
                                       Rows Removed by Filter: 112
                                       Buffers: shared hit=445
                           ->  Seq Scan on info_type it2  (cost=0.00..2.41 rows=1 width=4) (actual time=0.009..0.016 rows=1 loops=445)
                                 Filter: (id = 8)
                                 Rows Removed by Filter: 112
                                 Buffers: shared hit=445
                     ->  Index Scan using movie_id_cast_info on cast_info ci  (cost=0.44..43.32 rows=38 width=12) (actual time=0.041..0.232 rows=17 loops=445)
                           Index Cond: (movie_id = t.id)
                           Buffers: shared hit=3320 read=5493
               ->  Hash  (cost=1.15..1.15 rows=1 width=4) (actual time=0.032..0.033 rows=1 loops=1)
                     Buckets: 1024  Batches: 1  Memory Usage: 9kB
                     Buffers: shared hit=1
                     ->  Seq Scan on role_type rt  (cost=0.00..1.15 rows=1 width=4) (actual time=0.025..0.027 rows=1 loops=1)
                           Filter: ((role)::text = 'costume designer'::text)
                           Rows Removed by Filter: 11
                           Buffers: shared hit=1
         ->  Index Scan using name_pkey on name n  (cost=0.43..2.32 rows=1 width=4) (actual time=0.036..0.036 rows=0 loops=72)
               Index Cond: (id = ci.person_id)
               Filter: ((gender)::text = 'f'::text)
               Rows Removed by Filter: 1
               Buffers: shared hit=197 read=91
 Planning:
   Buffers: shared hit=577
 Planning Time: 12.829 ms
 Execution Time: 2657.848 ms
(73 rows)

