                                                                                                     QUERY PLAN                                                                                                     
--------------------------------------------------------------------------------------------------------------------------------------------------------------------------------------------------------------------
 Aggregate  (cost=457160.04..457160.05 rows=1 width=8) (actual time=2901.999..2902.006 rows=1 loops=1)
   Buffers: shared hit=223018 read=75332
   ->  Nested Loop  (cost=4697.61..457160.01 rows=12 width=0) (actual time=42.857..2901.102 rows=5219 loops=1)
         Buffers: shared hit=223018 read=75332
         ->  Hash Join  (cost=4697.18..457115.93 rows=19 width=4) (actual time=42.808..2576.410 rows=9623 loops=1)
               Hash Cond: (ci.role_id = rt.id)
               Buffers: shared hit=190064 read=69794
               ->  Nested Loop  (cost=4695.95..457114.50 rows=57 width=8) (actual time=41.128..2560.070 rows=111236 loops=1)
                     Buffers: shared hit=190063 read=69794
                     ->  Nested Loop  (cost=4695.51..456939.57 rows=4 width=12) (actual time=41.084..1482.470 rows=2364 loops=1)
                           Buffers: shared hit=115589 read=31464
                           ->  Seq Scan on info_type it2  (cost=0.00..2.41 rows=1 width=4) (actual time=0.021..0.030 rows=1 loops=1)
                                 Filter: (id = 5)
                                 Rows Removed by Filter: 112
                                 Buffers: shared hit=1
                           ->  Nested Loop  (cost=4695.51..456937.12 rows=4 width=16) (actual time=41.062..1481.974 rows=2364 loops=1)
                                 Buffers: shared hit=115588 read=31464
                                 ->  Seq Scan on info_type it1  (cost=0.00..2.41 rows=1 width=4) (actual time=0.008..0.019 rows=1 loops=1)
                                       Filter: (id = 3)
                                       Rows Removed by Filter: 112
                                       Buffers: shared hit=1
                                 ->  Nested Loop  (cost=4695.51..456934.67 rows=4 width=20) (actual time=41.051..1481.433 rows=2364 loops=1)
                                       Buffers: shared hit=115587 read=31464
                                       ->  Hash Join  (cost=4695.04..452568.22 rows=103 width=12) (actual time=40.949..1196.163 rows=2089 loops=1)
                                             Hash Cond: (t.kind_id = kt.id)
                                             Buffers: shared hit=93317 read=23184
                                             ->  Nested Loop  (cost=4693.93..452565.60 rows=360 width=16) (actual time=21.134..1192.824 rows=15386 loops=1)
                                                   Buffers: shared hit=93316 read=23184
                                                   ->  Bitmap Heap Scan on movie_info mi2  (cost=4693.50..448289.01 rows=514 width=8) (actual time=21.021..468.182 rows=24232 loops=1)
                                                         Recheck Cond: (info_type_id = 5)
                                                         Filter: ((info)::text = ANY ('{Australia:PG,Brazil:18,Canada:14+,Chile:18,Iceland:L,"New Zealand:M",Singapore:R21,Sweden:11,UK:12}'::text[]))
                                                         Rows Removed by Filter: 462322
                                                         Heap Blocks: exact=19164
                                                         Buffers: shared hit=2692 read=16880
                                                         ->  Bitmap Index Scan on info_type_id_movie_info  (cost=0.00..4693.37 rows=439058 width=0) (actual time=18.483..18.483 rows=486554 loops=1)
                                                               Index Cond: (info_type_id = 5)
                                                               Buffers: shared hit=1 read=407
                                                   ->  Index Scan using title_pkey on title t  (cost=0.43..8.32 rows=1 width=8) (actual time=0.029..0.029 rows=1 loops=24232)
                                                         Index Cond: (id = mi2.movie_id)
                                                         Filter: ((production_year <= 2015) AND (production_year >= 1990))
                                                         Rows Removed by Filter: 0
                                                         Buffers: shared hit=90624 read=6304
                                             ->  Hash  (cost=1.09..1.09 rows=2 width=4) (actual time=0.017..0.018 rows=2 loops=1)
                                                   Buckets: 1024  Batches: 1  Memory Usage: 9kB
                                                   Buffers: shared hit=1
                                                   ->  Seq Scan on kind_type kt  (cost=0.00..1.09 rows=2 width=4) (actual time=0.008..0.010 rows=2 loops=1)
                                                         Filter: ((kind)::text = ANY ('{"tv movie","video movie"}'::text[]))
                                                         Rows Removed by Filter: 5
                                                         Buffers: shared hit=1
                                       ->  Index Scan using movie_id_movie_info on movie_info mi1  (cost=0.47..42.38 rows=1 width=8) (actual time=0.135..0.136 rows=1 loops=2089)
                                             Index Cond: (movie_id = t.id)
                                             Filter: ((info_type_id = 3) AND ((info)::text = ANY ('{Action,Adult,Animation,Comedy,Crime,Documentary,History,Horror,Mystery,Sci-Fi,Short,Sport,Thriller}'::text[])))
                                             Rows Removed by Filter: 23
                                             Buffers: shared hit=22270 read=8280
                     ->  Index Scan using movie_id_cast_info on cast_info ci  (cost=0.44..43.35 rows=38 width=12) (actual time=0.034..0.446 rows=47 loops=2364)
                           Index Cond: (movie_id = t.id)
                           Buffers: shared hit=74474 read=38330
               ->  Hash  (cost=1.18..1.18 rows=4 width=4) (actual time=0.035..0.036 rows=4 loops=1)
                     Buckets: 1024  Batches: 1  Memory Usage: 9kB
                     Buffers: shared hit=1
                     ->  Seq Scan on role_type rt  (cost=0.00..1.18 rows=4 width=4) (actual time=0.026..0.028 rows=4 loops=1)
                           Filter: ((role)::text = ANY ('{cinematographer,director,guest,writer}'::text[]))
                           Rows Removed by Filter: 8
                           Buffers: shared hit=1
         ->  Index Scan using name_pkey on name n  (cost=0.43..2.32 rows=1 width=4) (actual time=0.033..0.033 rows=1 loops=9623)
               Index Cond: (id = ci.person_id)
               Filter: ((gender)::text = ANY ('{f,m}'::text[]))
               Rows Removed by Filter: 0
               Buffers: shared hit=32954 read=5538
 Planning:
   Buffers: shared hit=577
 Planning Time: 14.427 ms
 Execution Time: 2902.614 ms
(73 rows)

