                                                                                                                                                                                                                                                                                                                                                                                                                                                                                                        QUERY PLAN                                                                                                                                                                                                                                                                                                                                                                                                                                                                                                         
---------------------------------------------------------------------------------------------------------------------------------------------------------------------------------------------------------------------------------------------------------------------------------------------------------------------------------------------------------------------------------------------------------------------------------------------------------------------------------------------------------------------------------------------------------------------------------------------------------------------------------------------------------------------------------------------------------------------------------------------------------------------------------------------------------------------------------------------------------------------------------------------------------------------------------------------------------------------------------------------------------------------------
 Aggregate  (cost=536918.75..536918.76 rows=1 width=8) (actual time=9427.597..9427.605 rows=1 loops=1)
   Buffers: shared hit=868996 read=87234
   ->  Nested Loop  (cost=14218.49..536918.74 rows=5 width=0) (actual time=108.811..9422.423 rows=28930 loops=1)
         Buffers: shared hit=868996 read=87234
         ->  Hash Join  (cost=14218.06..536904.82 rows=6 width=4) (actual time=108.748..8335.436 rows=28930 loops=1)
               Hash Cond: (ci.role_id = rt.id)
               Buffers: shared hit=764168 read=76342
               ->  Nested Loop  (cost=14216.80..536903.51 rows=14 width=8) (actual time=108.694..8318.833 rows=47210 loops=1)
                     Buffers: shared hit=764167 read=76342
                     ->  Nested Loop  (cost=14216.36..536858.66 rows=1 width=12) (actual time=108.642..7772.340 rows=1339 loops=1)
                           Buffers: shared hit=728759 read=61813
                           ->  Nested Loop  (cost=14216.36..536856.23 rows=1 width=16) (actual time=108.635..7743.411 rows=1339 loops=1)
                                 Buffers: shared hit=727420 read=61813
                                 ->  Nested Loop  (cost=14216.36..536853.81 rows=1 width=20) (actual time=108.613..7714.009 rows=1339 loops=1)
                                       Buffers: shared hit=726081 read=61813
                                       ->  Hash Join  (cost=14215.92..487401.83 rows=1132 width=12) (actual time=36.726..4947.954 rows=27847 loops=1)
                                             Hash Cond: (t.kind_id = kt.id)
                                             Buffers: shared hit=473003 read=22151
                                             ->  Nested Loop  (cost=14214.75..487393.98 rows=1584 width=16) (actual time=36.690..4934.461 rows=27851 loops=1)
                                                   Buffers: shared hit=473002 read=22151
                                                   ->  Bitmap Heap Scan on movie_info mi1  (cost=14214.31..416922.79 rows=11147 width=8) (actual time=36.457..653.530 rows=127202 loops=1)
                                                         Recheck Cond: (info_type_id = 8)
                                                         Filter: ((info)::text = ANY ('{Austria,Belgium,Czechoslovakia,France,"Hong Kong",Italy}'::text[]))
                                                         Rows Removed by Filter: 1198159
                                                         Heap Blocks: exact=7853
                                                         Buffers: shared hit=1567 read=7326
                                                         ->  Bitmap Index Scan on info_type_id_movie_info  (cost=0.00..14211.52 rows=1329478 width=0) (actual time=35.481..35.482 rows=1325361 loops=1)
                                                               Index Cond: (info_type_id = 8)
                                                               Buffers: shared hit=1 read=1039
                                                   ->  Memoize  (cost=0.44..6.40 rows=1 width=8) (actual time=0.033..0.033 rows=0 loops=127202)
                                                         Cache Key: mi1.movie_id
                                                         Cache Mode: logical
                                                         Hits: 5637  Misses: 121565  Evictions: 12591  Overflows: 0  Memory Usage: 8193kB
                                                         Buffers: shared hit=471435 read=14825
                                                         ->  Index Scan using title_pkey on title t  (cost=0.43..6.39 rows=1 width=8) (actual time=0.034..0.034 rows=0 loops=121565)
                                                               Index Cond: (id = mi1.movie_id)
                                                               Filter: ((production_year <= 1975) AND (production_year >= 1925))
                                                               Rows Removed by Filter: 1
                                                               Buffers: shared hit=471435 read=14825
                                             ->  Hash  (cost=1.11..1.11 rows=5 width=4) (actual time=0.015..0.016 rows=5 loops=1)
                                                   Buckets: 1024  Batches: 1  Memory Usage: 9kB
                                                   Buffers: shared hit=1
                                                   ->  Seq Scan on kind_type kt  (cost=0.00..1.11 rows=5 width=4) (actual time=0.007..0.009 rows=5 loops=1)
                                                         Filter: ((kind)::text = ANY ('{episode,movie,"tv movie","tv series","video movie"}'::text[]))
                                                         Rows Removed by Filter: 2
                                                         Buffers: shared hit=1
                                       ->  Index Scan using movie_id_movie_info on movie_info mi2  (cost=0.43..43.68 rows=1 width=8) (actual time=0.094..0.099 rows=0 loops=27847)
                                             Index Cond: (movie_id = t.id)
                                             Filter: ((info_type_id = 18) AND ((info)::text = ANY ('{"20th Century Fox Studios - 10201 Pico Blvd., Century City, Los Angeles, California, USA","Berlin, Germany","CBS Studio 50, New York City, New York, USA","Desilu Studios - 9336 W. Washington Blvd., Culver City, California, USA","Los Angeles, California, USA","Metro-Goldwyn-Mayer Studios - 10202 W. Washington Blvd., Culver City, California, USA","Mexico City, Distrito Federal, Mexico","New York City, New York, USA","Paramount Studios - 5555 Melrose Avenue, Hollywood, Los Angeles, California, USA","Paris, France","Revue Studios, Hollywood, Los Angeles, California, USA","Rome, Lazio, Italy","Stage 3, 20th Century Fox Studios - 10201 Pico Blvd., Century City, Los Angeles, California, USA","Stage 9, 20th Century Fox Studios - 10201 Pico Blvd., Century City, Los Angeles, California, USA","Universal Studios - 100 Universal City Plaza, Universal City, California, USA"}'::text[])))
                                             Rows Removed by Filter: 13
                                             Buffers: shared hit=253078 read=39662
                                 ->  Seq Scan on info_type it1  (cost=0.00..2.41 rows=1 width=4) (actual time=0.010..0.019 rows=1 loops=1339)
                                       Filter: (id = 8)
                                       Rows Removed by Filter: 112
                                       Buffers: shared hit=1339
                           ->  Seq Scan on info_type it2  (cost=0.00..2.41 rows=1 width=4) (actual time=0.011..0.019 rows=1 loops=1339)
                                 Filter: (id = 18)
                                 Rows Removed by Filter: 112
                                 Buffers: shared hit=1339
                     ->  Index Scan using movie_id_cast_info on cast_info ci  (cost=0.44..44.48 rows=38 width=12) (actual time=0.039..0.396 rows=35 loops=1339)
                           Index Cond: (movie_id = t.id)
                           Buffers: shared hit=35408 read=14529
               ->  Hash  (cost=1.20..1.20 rows=5 width=4) (actual time=0.035..0.036 rows=5 loops=1)
                     Buckets: 1024  Batches: 1  Memory Usage: 9kB
                     Buffers: shared hit=1
                     ->  Seq Scan on role_type rt  (cost=0.00..1.20 rows=5 width=4) (actual time=0.026..0.030 rows=5 loops=1)
                           Filter: ((role)::text = ANY ('{actor,composer,"costume designer","production designer",writer}'::text[]))
                           Rows Removed by Filter: 7
                           Buffers: shared hit=1
         ->  Index Scan using name_pkey on name n  (cost=0.43..2.32 rows=1 width=4) (actual time=0.037..0.037 rows=1 loops=28930)
               Index Cond: (id = ci.person_id)
               Filter: (((gender)::text = ANY ('{f,m}'::text[])) OR (gender IS NULL))
               Buffers: shared hit=104828 read=10892
 Planning:
   Buffers: shared hit=574
 Planning Time: 13.194 ms
 Execution Time: 9430.318 ms
(77 rows)

