                                                                                                        QUERY PLAN                                                                                                        
--------------------------------------------------------------------------------------------------------------------------------------------------------------------------------------------------------------------------
 Aggregate  (cost=507732.42..507732.43 rows=1 width=8) (actual time=14774.000..14774.007 rows=1 loops=1)
   Buffers: shared hit=1268503 read=257733
   ->  Nested Loop  (cost=4697.86..507732.38 rows=15 width=0) (actual time=85.691..14768.680 rows=28974 loops=1)
         Buffers: shared hit=1268503 read=257733
         ->  Hash Join  (cost=4697.43..507676.72 rows=24 width=4) (actual time=85.373..12598.022 rows=61749 loops=1)
               Hash Cond: (ci.role_id = rt.id)
               Buffers: shared hit=1052251 read=226989
               ->  Nested Loop  (cost=4696.17..507675.25 rows=57 width=8) (actual time=85.226..12547.662 rows=218459 loops=1)
                     Buffers: shared hit=1052250 read=226989
                     ->  Nested Loop  (cost=4695.73..507500.47 rows=4 width=12) (actual time=84.498..10179.622 rows=3166 loops=1)
                           Buffers: shared hit=918589 read=139154
                           ->  Seq Scan on info_type it2  (cost=0.00..2.41 rows=1 width=4) (actual time=0.020..0.028 rows=1 loops=1)
                                 Filter: (id = 5)
                                 Rows Removed by Filter: 112
                                 Buffers: shared hit=1
                           ->  Nested Loop  (cost=4695.73..507498.02 rows=4 width=16) (actual time=84.476..10178.364 rows=3166 loops=1)
                                 Buffers: shared hit=918588 read=139154
                                 ->  Seq Scan on info_type it1  (cost=0.00..2.41 rows=1 width=4) (actual time=0.011..0.021 rows=1 loops=1)
                                       Filter: (id = 8)
                                       Rows Removed by Filter: 112
                                       Buffers: shared hit=1
                                 ->  Nested Loop  (cost=4695.73..507495.56 rows=4 width=20) (actual time=84.461..10176.949 rows=3166 loops=1)
                                       Buffers: shared hit=918587 read=139154
                                       ->  Hash Join  (cost=4695.30..472824.50 rows=815 width=12) (actual time=20.227..2787.532 rows=53972 loops=1)
                                             Hash Cond: (t.kind_id = kt.id)
                                             Buffers: shared hit=242314 read=29619
                                             ->  Nested Loop  (cost=4694.10..472819.30 rows=951 width=16) (actual time=20.182..2762.180 rows=53972 loops=1)
                                                   Buffers: shared hit=242313 read=29619
                                                   ->  Bitmap Heap Scan on movie_info mi2  (cost=4693.67..463120.37 rows=1191 width=8) (actual time=20.095..549.532 rows=63090 loops=1)
                                                         Recheck Cond: (info_type_id = 5)
                                                         Filter: ((info)::text = ANY ('{Australia:G,Germany:o.Al.,Iceland:12,Netherlands:16,"New Zealand:M",Norway:16,Philippines:G,Singapore:R21,USA:R,USA:X}'::text[]))
                                                         Rows Removed by Filter: 423464
                                                         Heap Blocks: exact=19164
                                                         Buffers: shared hit=5136 read=14436
                                                         ->  Bitmap Index Scan on info_type_id_movie_info  (cost=0.00..4693.37 rows=439058 width=0) (actual time=17.490..17.490 rows=486554 loops=1)
                                                               Index Cond: (info_type_id = 5)
                                                               Buffers: shared read=408
                                                   ->  Index Scan using title_pkey on title t  (cost=0.43..8.14 rows=1 width=8) (actual time=0.034..0.034 rows=1 loops=63090)
                                                         Index Cond: (id = mi2.movie_id)
                                                         Filter: ((production_year <= 2015) AND (production_year >= 1975))
                                                         Rows Removed by Filter: 0
                                                         Buffers: shared hit=237177 read=15183
                                             ->  Hash  (cost=1.12..1.12 rows=6 width=4) (actual time=0.017..0.018 rows=6 loops=1)
                                                   Buckets: 1024  Batches: 1  Memory Usage: 9kB
                                                   Buffers: shared hit=1
                                                   ->  Seq Scan on kind_type kt  (cost=0.00..1.12 rows=6 width=4) (actual time=0.008..0.011 rows=6 loops=1)
                                                         Filter: ((kind)::text = ANY ('{episode,movie,"tv movie","tv series","video game","video movie"}'::text[]))
                                                         Rows Removed by Filter: 1
                                                         Buffers: shared hit=1
                                       ->  Index Scan using movie_id_movie_info on movie_info mi1  (cost=0.43..42.53 rows=1 width=8) (actual time=0.136..0.136 rows=0 loops=53972)
                                             Index Cond: (movie_id = t.id)
                                             Filter: ((info_type_id = 8) AND ((info)::text = ANY ('{Austria,Germany,Greece,India,Netherlands,"New Zealand",Norway,"Soviet Union"}'::text[])))
                                             Rows Removed by Filter: 45
                                             Buffers: shared hit=676273 read=109535
                     ->  Index Scan using movie_id_cast_info on cast_info ci  (cost=0.44..43.32 rows=38 width=12) (actual time=0.041..0.730 rows=69 loops=3166)
                           Index Cond: (movie_id = t.id)
                           Buffers: shared hit=133661 read=87835
               ->  Hash  (cost=1.20..1.20 rows=5 width=4) (actual time=0.036..0.036 rows=5 loops=1)
                     Buckets: 1024  Batches: 1  Memory Usage: 9kB
                     Buffers: shared hit=1
                     ->  Seq Scan on role_type rt  (cost=0.00..1.20 rows=5 width=4) (actual time=0.025..0.029 rows=5 loops=1)
                           Filter: ((role)::text = ANY ('{actress,composer,director,producer,writer}'::text[]))
                           Rows Removed by Filter: 7
                           Buffers: shared hit=1
         ->  Index Scan using name_pkey on name n  (cost=0.43..2.32 rows=1 width=4) (actual time=0.035..0.035 rows=0 loops=61749)
               Index Cond: (id = ci.person_id)
               Filter: (((gender)::text = 'm'::text) OR (gender IS NULL))
               Rows Removed by Filter: 1
               Buffers: shared hit=216252 read=30744
 Planning:
   Buffers: shared hit=529 read=45
 Planning Time: 14.396 ms
 Execution Time: 14774.634 ms
(73 rows)

