                                                                                                                                                                                                                                                                    QUERY PLAN                                                                                                                                                                                                                                                                    
--------------------------------------------------------------------------------------------------------------------------------------------------------------------------------------------------------------------------------------------------------------------------------------------------------------------------------------------------------------------------------------------------------------------------------------------------------------------------------------------------------------------------------------------------
 Aggregate  (cost=387733.03..387733.04 rows=1 width=8) (actual time=2204.938..2204.944 rows=1 loops=1)
   Buffers: shared hit=170271 read=55765
   ->  Nested Loop  (cost=7081.97..387733.03 rows=2 width=0) (actual time=497.504..2204.861 rows=81 loops=1)
         Buffers: shared hit=170271 read=55765
         ->  Seq Scan on info_type it2  (cost=0.00..2.41 rows=1 width=4) (actual time=0.042..0.050 rows=1 loops=1)
               Filter: (id = 3)
               Rows Removed by Filter: 112
               Buffers: shared hit=1
         ->  Nested Loop  (cost=7081.97..387730.60 rows=2 width=4) (actual time=497.460..2204.761 rows=81 loops=1)
               Buffers: shared hit=170270 read=55765
               ->  Seq Scan on info_type it1  (cost=0.00..2.41 rows=1 width=4) (actual time=0.012..0.022 rows=1 loops=1)
                     Filter: (id = 18)
                     Rows Removed by Filter: 112
                     Buffers: shared hit=1
               ->  Nested Loop  (cost=7081.97..387728.16 rows=2 width=8) (actual time=497.445..2204.694 rows=81 loops=1)
                     Buffers: shared hit=170269 read=55765
                     ->  Hash Join  (cost=7081.54..387711.93 rows=7 width=12) (actual time=29.878..2142.989 rows=1755 loops=1)
                           Hash Cond: (ci.role_id = rt.id)
                           Buffers: shared hit=164005 read=55009
                           ->  Nested Loop  (cost=7080.37..387710.60 rows=43 width=16) (actual time=26.994..2132.862 rows=73707 loops=1)
                                 Buffers: shared hit=164004 read=55009
                                 ->  Nested Loop  (cost=7079.93..387576.93 rows=3 width=20) (actual time=26.948..1375.090 rows=2818 loops=1)
                                       Buffers: shared hit=105902 read=32550
                                       ->  Hash Join  (cost=7079.49..383437.20 rows=96 width=12) (actual time=20.222..703.021 rows=5971 loops=1)
                                             Hash Cond: (t.kind_id = kt.id)
                                             Buffers: shared hit=49075 read=15126
                                             ->  Nested Loop  (cost=7078.32..383435.46 rows=134 width=16) (actual time=20.182..700.629 rows=5971 loops=1)
                                                   Buffers: shared hit=49074 read=15126
                                                   ->  Bitmap Heap Scan on movie_info mi1  (cost=7077.89..377307.71 rows=742 width=8) (actual time=19.845..239.266 rows=14177 loops=1)
                                                         Recheck Cond: (info_type_id = 18)
                                                         Filter: ((info)::text = ANY ('{"Acapulco, Guerrero, Mexico","Alabama Hills, Lone Pine, California, USA","Biograph Studio, Manhattan, New York City, New York, USA","Hal Roach Studios - 8822 Washington Blvd., Culver City, California, USA","Hamburg, Germany","Helsinki, Finland","Iverson Ranch - 1 Iverson Lane, Chatsworth, Los Angeles, California, USA","Mexico City, Distrito Federal, Mexico",Philippines,"Prague, Czech Republic","San Francisco, California, USA"}'::text[]))
                                                         Rows Removed by Filter: 646746
                                                         Heap Blocks: exact=6972
                                                         Buffers: shared hit=2269 read=5223
                                                         ->  Bitmap Index Scan on info_type_id_movie_info  (cost=0.00..7077.68 rows=662032 width=0) (actual time=18.962..18.962 rows=660923 loops=1)
                                                               Index Cond: (info_type_id = 18)
                                                               Buffers: shared read=520
                                                   ->  Index Scan using title_pkey on title t  (cost=0.43..8.26 rows=1 width=8) (actual time=0.032..0.032 rows=0 loops=14177)
                                                         Index Cond: (id = mi1.movie_id)
                                                         Filter: ((production_year <= 1975) AND (production_year >= 1875))
                                                         Rows Removed by Filter: 1
                                                         Buffers: shared hit=46805 read=9903
                                             ->  Hash  (cost=1.11..1.11 rows=5 width=4) (actual time=0.014..0.015 rows=5 loops=1)
                                                   Buckets: 1024  Batches: 1  Memory Usage: 9kB
                                                   Buffers: shared hit=1
                                                   ->  Seq Scan on kind_type kt  (cost=0.00..1.11 rows=5 width=4) (actual time=0.008..0.011 rows=5 loops=1)
                                                         Filter: ((kind)::text = ANY ('{episode,movie,"tv movie","tv series","video movie"}'::text[]))
                                                         Rows Removed by Filter: 2
                                                         Buffers: shared hit=1
                                       ->  Index Scan using movie_id_movie_info on movie_info mi2  (cost=0.43..43.11 rows=1 width=8) (actual time=0.112..0.112 rows=0 loops=5971)
                                             Index Cond: (movie_id = t.id)
                                             Filter: ((info_type_id = 3) AND ((info)::text = ANY ('{Comedy,Documentary,Fantasy,History,Horror,Romance,Short,Sport}'::text[])))
                                             Rows Removed by Filter: 17
                                             Buffers: shared hit=56827 read=17424
                                 ->  Index Scan using movie_id_cast_info on cast_info ci  (cost=0.44..44.17 rows=38 width=12) (actual time=0.036..0.263 rows=26 loops=2818)
                                       Index Cond: (movie_id = t.id)
                                       Buffers: shared hit=58102 read=22459
                           ->  Hash  (cost=1.15..1.15 rows=2 width=4) (actual time=0.019..0.020 rows=2 loops=1)
                                 Buckets: 1024  Batches: 1  Memory Usage: 9kB
                                 Buffers: shared hit=1
                                 ->  Seq Scan on role_type rt  (cost=0.00..1.15 rows=2 width=4) (actual time=0.012..0.013 rows=2 loops=1)
                                       Filter: ((role)::text = ANY ('{editor,guest}'::text[]))
                                       Rows Removed by Filter: 10
                                       Buffers: shared hit=1
                     ->  Index Scan using name_pkey on name n  (cost=0.43..2.32 rows=1 width=4) (actual time=0.035..0.035 rows=0 loops=1755)
                           Index Cond: (id = ci.person_id)
                           Filter: ((gender)::text = 'f'::text)
                           Rows Removed by Filter: 1
                           Buffers: shared hit=6264 read=756
 Planning:
   Buffers: shared hit=485 read=92
 Planning Time: 12.064 ms
 Execution Time: 2205.484 ms
(73 rows)

