                                                                                                                                                                                          QUERY PLAN                                                                                                                                                                                          
----------------------------------------------------------------------------------------------------------------------------------------------------------------------------------------------------------------------------------------------------------------------------------------------------------------------------------------------------------------------------------------------
 Aggregate  (cost=497733.93..497733.94 rows=1 width=8) (actual time=1253.456..1253.462 rows=1 loops=1)
   Buffers: shared hit=41662 read=30710
   ->  Nested Loop  (cost=32182.75..497733.93 rows=2 width=0) (actual time=199.263..1253.288 rows=1281 loops=1)
         Buffers: shared hit=41662 read=30710
         ->  Hash Join  (cost=32182.32..497724.65 rows=4 width=4) (actual time=199.220..1216.031 rows=1483 loops=1)
               Hash Cond: (ci.role_id = rt.id)
               Buffers: shared hit=36533 read=29907
               ->  Nested Loop  (cost=32181.12..497723.40 rows=14 width=8) (actual time=171.186..1215.195 rows=5298 loops=1)
                     Buffers: shared hit=36532 read=29907
                     ->  Nested Loop  (cost=32180.68..497678.84 rows=1 width=12) (actual time=171.145..1153.246 rows=1400 loops=1)
                           Buffers: shared hit=29597 read=27409
                           ->  Nested Loop  (cost=32180.68..497676.42 rows=1 width=16) (actual time=171.138..1141.848 rows=1400 loops=1)
                                 Buffers: shared hit=28197 read=27409
                                 ->  Nested Loop  (cost=32180.68..497674.00 rows=1 width=20) (actual time=171.114..1130.044 rows=1400 loops=1)
                                       Buffers: shared hit=26797 read=27409
                                       ->  Hash Join  (cost=32180.21..493851.70 rows=89 width=12) (actual time=148.658..1021.905 rows=2074 loops=1)
                                             Hash Cond: (t.kind_id = kt.id)
                                             Buffers: shared hit=12109 read=24041
                                             ->  Nested Loop  (cost=32179.04..493849.99 rows=125 width=16) (actual time=148.612..1021.230 rows=2074 loops=1)
                                                   Buffers: shared hit=12108 read=24041
                                                   ->  Bitmap Heap Scan on movie_info mi2  (cost=32178.61..488141.77 rows=690 width=8) (actual time=148.560..972.684 rows=2074 loops=1)
                                                         Recheck Cond: (info_type_id = 16)
                                                         Filter: ((info)::text = ANY ('{France:1911,France:1912,France:1913,USA:1903,USA:1904,USA:1955,USA:1960,"USA:July 1901","USA:May 1902"}'::text[]))
                                                         Rows Removed by Filter: 3034645
                                                         Heap Blocks: exact=25474
                                                         Buffers: shared hit=5003 read=22850
                                                         ->  Bitmap Index Scan on info_type_id_movie_info  (cost=0.00..32178.44 rows=3010400 width=0) (actual time=77.776..77.777 rows=3036719 loops=1)
                                                               Index Cond: (info_type_id = 16)
                                                               Buffers: shared hit=1 read=2378
                                                   ->  Index Scan using title_pkey on title t  (cost=0.43..8.27 rows=1 width=8) (actual time=0.023..0.023 rows=1 loops=2074)
                                                         Index Cond: (id = mi2.movie_id)
                                                         Filter: ((production_year <= 1975) AND (production_year >= 1875))
                                                         Buffers: shared hit=7105 read=1191
                                             ->  Hash  (cost=1.11..1.11 rows=5 width=4) (actual time=0.020..0.021 rows=5 loops=1)
                                                   Buckets: 1024  Batches: 1  Memory Usage: 9kB
                                                   Buffers: shared hit=1
                                                   ->  Seq Scan on kind_type kt  (cost=0.00..1.11 rows=5 width=4) (actual time=0.010..0.012 rows=5 loops=1)
                                                         Filter: ((kind)::text = ANY ('{episode,movie,"tv movie","tv series","video movie"}'::text[]))
                                                         Rows Removed by Filter: 2
                                                         Buffers: shared hit=1
                                       ->  Index Scan using movie_id_movie_info on movie_info mi1  (cost=0.46..42.94 rows=1 width=8) (actual time=0.038..0.052 rows=1 loops=2074)
                                             Index Cond: (movie_id = t.id)
                                             Filter: ((info_type_id = 7) AND ((info)::text = ANY ('{"CAM:Bausch & Lomb Lenses","CAM:Panavision Cameras and Lenses","CAM:Panavision Lenses","LAB:DeLuxe, USA","LAB:Laboratoires Ã‰clair, Paris, France","LAB:Universal Studios Laboratory, USA","MET:135 m","OFM:35 mm",PCS:Shawscope,PCS:Ultrascope,"RAT:1.37 : 1","RAT:2.00 : 1"}'::text[])))
                                             Rows Removed by Filter: 8
                                             Buffers: shared hit=14688 read=3368
                                 ->  Seq Scan on info_type it1  (cost=0.00..2.41 rows=1 width=4) (actual time=0.004..0.007 rows=1 loops=1400)
                                       Filter: (id = 7)
                                       Rows Removed by Filter: 112
                                       Buffers: shared hit=1400
                           ->  Seq Scan on info_type it2  (cost=0.00..2.41 rows=1 width=4) (actual time=0.004..0.007 rows=1 loops=1400)
                                 Filter: (id = 16)
                                 Rows Removed by Filter: 112
                                 Buffers: shared hit=1400
                     ->  Index Scan using movie_id_cast_info on cast_info ci  (cost=0.44..44.17 rows=38 width=12) (actual time=0.014..0.043 rows=4 loops=1400)
                           Index Cond: (movie_id = t.id)
                           Buffers: shared hit=6935 read=2498
               ->  Hash  (cost=1.17..1.17 rows=3 width=4) (actual time=0.041..0.042 rows=3 loops=1)
                     Buckets: 1024  Batches: 1  Memory Usage: 9kB
                     Buffers: shared hit=1
                     ->  Seq Scan on role_type rt  (cost=0.00..1.17 rows=3 width=4) (actual time=0.028..0.032 rows=3 loops=1)
                           Filter: ((role)::text = ANY ('{actress,composer,producer}'::text[]))
                           Rows Removed by Filter: 9
                           Buffers: shared hit=1
         ->  Index Scan using name_pkey on name n  (cost=0.43..2.32 rows=1 width=4) (actual time=0.025..0.025 rows=1 loops=1483)
               Index Cond: (id = ci.person_id)
               Filter: (((gender)::text = 'f'::text) OR (gender IS NULL))
               Rows Removed by Filter: 0
               Buffers: shared hit=5129 read=803
 Planning:
   Buffers: shared hit=577
 Planning Time: 12.728 ms
 Execution Time: 1254.085 ms
(72 rows)

