                                                                                                                                                                                                   QUERY PLAN                                                                                                                                                                                                   
----------------------------------------------------------------------------------------------------------------------------------------------------------------------------------------------------------------------------------------------------------------------------------------------------------------------------------------------------------------------------------------------------------------
 Aggregate  (cost=481197.36..481197.37 rows=1 width=8) (actual time=8827.977..8827.985 rows=1 loops=1)
   Buffers: shared hit=749956 read=124125
   ->  Nested Loop  (cost=15876.60..481197.35 rows=3 width=0) (actual time=85.777..8821.819 rows=38156 loops=1)
         Buffers: shared hit=749956 read=124125
         ->  Hash Join  (cost=15876.17..481185.76 rows=5 width=4) (actual time=85.709..7424.718 rows=38409 loops=1)
               Hash Cond: (ci.role_id = rt.id)
               Buffers: shared hit=611988 read=108457
               ->  Nested Loop  (cost=15874.94..481184.48 rows=14 width=8) (actual time=85.638..7402.680 rows=71624 loops=1)
                     Buffers: shared hit=611987 read=108457
                     ->  Nested Loop  (cost=15874.50..481139.92 rows=1 width=12) (actual time=85.574..6589.357 rows=1412 loops=1)
                           Buffers: shared hit=561196 read=85544
                           ->  Nested Loop  (cost=15874.50..481137.50 rows=1 width=16) (actual time=85.565..6556.837 rows=1412 loops=1)
                                 Buffers: shared hit=559784 read=85544
                                 ->  Nested Loop  (cost=15874.50..481135.08 rows=1 width=20) (actual time=85.534..6523.313 rows=1412 loops=1)
                                       Buffers: shared hit=558372 read=85544
                                       ->  Hash Join  (cost=15874.06..444393.62 rows=848 width=12) (actual time=53.408..3855.656 rows=24833 loops=1)
                                             Hash Cond: (t.kind_id = kt.id)
                                             Buffers: shared hit=331295 read=38039
                                             ->  Nested Loop  (cost=15872.91..444386.21 rows=1484 width=16) (actual time=39.569..3842.196 rows=30425 loops=1)
                                                   Buffers: shared hit=331294 read=38039
                                                   ->  Bitmap Heap Scan on movie_info mi1  (cost=15872.47..389017.26 rows=8208 width=8) (actual time=38.974..532.223 rows=92272 loops=1)
                                                         Recheck Cond: (info_type_id = 7)
                                                         Filter: ((info)::text = ANY ('{"CAM:Panavision Cameras and Lenses","LAB:Laboratoires LTC, St. Cloud, France","LAB:PathÃ© Laboratory, USA","LAB:Rank Film Laboratories, Denham, UK","LAB:Technicolor S.p.a., Roma, Italy","LAB:Technicolor, Hollywood (CA), USA","MET:300 m","OFM:65 mm","PFM:16 mm",PFM:Video,"RAT:1.66 : 1","RAT:1.78 : 1"}'::text[]))
                                                         Rows Removed by Filter: 1309630
                                                         Heap Blocks: exact=10050
                                                         Buffers: shared hit=1738 read=9411
                                                         ->  Bitmap Index Scan on info_type_id_movie_info  (cost=0.00..15870.39 rows=1484527 width=0) (actual time=37.716..37.717 rows=1401902 loops=1)
                                                               Index Cond: (info_type_id = 7)
                                                               Buffers: shared hit=1 read=1098
                                                   ->  Memoize  (cost=0.44..6.81 rows=1 width=8) (actual time=0.035..0.035 rows=0 loops=92272)
                                                         Cache Key: mi1.movie_id
                                                         Cache Mode: logical
                                                         Hits: 2726  Misses: 89546  Evictions: 0  Overflows: 0  Memory Usage: 7129kB
                                                         Buffers: shared hit=329556 read=28628
                                                         ->  Index Scan using title_pkey on title t  (cost=0.43..6.80 rows=1 width=8) (actual time=0.035..0.035 rows=0 loops=89546)
                                                               Index Cond: (id = mi1.movie_id)
                                                               Filter: ((production_year <= 1975) AND (production_year >= 1875))
                                                               Rows Removed by Filter: 1
                                                               Buffers: shared hit=329556 read=28628
                                             ->  Hash  (cost=1.10..1.10 rows=4 width=4) (actual time=0.020..0.021 rows=4 loops=1)
                                                   Buckets: 1024  Batches: 1  Memory Usage: 9kB
                                                   Buffers: shared hit=1
                                                   ->  Seq Scan on kind_type kt  (cost=0.00..1.10 rows=4 width=4) (actual time=0.009..0.011 rows=4 loops=1)
                                                         Filter: ((kind)::text = ANY ('{movie,"tv movie","tv series","video movie"}'::text[]))
                                                         Rows Removed by Filter: 3
                                                         Buffers: shared hit=1
                                       ->  Index Scan using movie_id_movie_info on movie_info mi2  (cost=0.43..43.32 rows=1 width=8) (actual time=0.105..0.107 rows=0 loops=24833)
                                             Index Cond: (movie_id = t.id)
                                             Filter: ((info_type_id = 5) AND ((info)::text = ANY ('{Argentina:13,Argentina:18,Australia:PG,Australia:R,Canada:G,Finland:K-15,Italy:VM14,Italy:VM18,Norway:16,Portugal:M/6,UK:18,"West Germany:6"}'::text[])))
                                             Rows Removed by Filter: 17
                                             Buffers: shared hit=227077 read=47505
                                 ->  Seq Scan on info_type it1  (cost=0.00..2.41 rows=1 width=4) (actual time=0.012..0.021 rows=1 loops=1412)
                                       Filter: (id = 7)
                                       Rows Removed by Filter: 112
                                       Buffers: shared hit=1412
                           ->  Seq Scan on info_type it2  (cost=0.00..2.41 rows=1 width=4) (actual time=0.011..0.021 rows=1 loops=1412)
                                 Filter: (id = 5)
                                 Rows Removed by Filter: 112
                                 Buffers: shared hit=1412
                     ->  Index Scan using movie_id_cast_info on cast_info ci  (cost=0.44..44.17 rows=38 width=12) (actual time=0.042..0.561 rows=51 loops=1412)
                           Index Cond: (movie_id = t.id)
                           Buffers: shared hit=50791 read=22913
               ->  Hash  (cost=1.18..1.18 rows=4 width=4) (actual time=0.046..0.046 rows=4 loops=1)
                     Buckets: 1024  Batches: 1  Memory Usage: 9kB
                     Buffers: shared hit=1
                     ->  Seq Scan on role_type rt  (cost=0.00..1.18 rows=4 width=4) (actual time=0.032..0.036 rows=4 loops=1)
                           Filter: ((role)::text = ANY ('{actor,"costume designer",guest,producer}'::text[]))
                           Rows Removed by Filter: 8
                           Buffers: shared hit=1
         ->  Index Scan using name_pkey on name n  (cost=0.43..2.32 rows=1 width=4) (actual time=0.036..0.036 rows=1 loops=38409)
               Index Cond: (id = ci.person_id)
               Filter: (((gender)::text = 'm'::text) OR (gender IS NULL))
               Rows Removed by Filter: 0
               Buffers: shared hit=137968 read=15668
 Planning:
   Buffers: shared hit=577
 Planning Time: 13.825 ms
 Execution Time: 8830.371 ms
(78 rows)

