                                                                                               QUERY PLAN                                                                                               
--------------------------------------------------------------------------------------------------------------------------------------------------------------------------------------------------------
 Aggregate  (cost=405809.52..405809.53 rows=1 width=8) (actual time=1187.539..1187.548 rows=1 loops=1)
   Buffers: shared hit=98248 read=17046
   ->  Nested Loop  (cost=14215.66..405809.51 rows=4 width=0) (actual time=319.501..1187.539 rows=12 loops=1)
         Buffers: shared hit=98248 read=17046
         ->  Hash Join  (cost=14215.23..405797.91 rows=5 width=4) (actual time=319.447..1187.261 rows=12 loops=1)
               Hash Cond: (ci.role_id = rt.id)
               Buffers: shared hit=98206 read=17040
               ->  Nested Loop  (cost=14214.00..405796.63 rows=14 width=8) (actual time=249.954..1187.192 rows=60 loops=1)
                     Buffers: shared hit=98205 read=17040
                     ->  Nested Loop  (cost=14213.56..405752.94 rows=1 width=12) (actual time=249.911..1186.737 rows=3 loops=1)
                           Buffers: shared hit=98168 read=17010
                           ->  Nested Loop  (cost=14213.56..405750.52 rows=1 width=16) (actual time=249.904..1186.699 rows=3 loops=1)
                                 Buffers: shared hit=98165 read=17010
                                 ->  Nested Loop  (cost=14213.56..405748.09 rows=1 width=20) (actual time=249.875..1186.633 rows=3 loops=1)
                                       Buffers: shared hit=98162 read=17010
                                       ->  Hash Join  (cost=14213.13..403289.62 rows=58 width=12) (actual time=130.863..685.364 rows=6356 loops=1)
                                             Hash Cond: (t.kind_id = kt.id)
                                             Buffers: shared hit=47186 read=5640
                                             ->  Nested Loop  (cost=14211.99..403287.92 rows=135 width=16) (actual time=35.842..683.056 rows=7423 loops=1)
                                                   Buffers: shared hit=47185 read=5640
                                                   ->  Bitmap Heap Scan on movie_info mi1  (cost=14211.56..401863.45 rows=169 width=8) (actual time=35.805..369.050 rows=10983 loops=1)
                                                         Recheck Cond: (info_type_id = 8)
                                                         Filter: ((info)::text = ANY ('{Latvia,Pakistan,Poland,Romania,Singapore}'::text[]))
                                                         Rows Removed by Filter: 1314378
                                                         Heap Blocks: exact=7853
                                                         Buffers: shared hit=4402 read=4491
                                                         ->  Bitmap Index Scan on info_type_id_movie_info  (cost=0.00..14211.52 rows=1329478 width=0) (actual time=34.744..34.745 rows=1325361 loops=1)
                                                               Index Cond: (info_type_id = 8)
                                                               Buffers: shared read=1040
                                                   ->  Index Scan using title_pkey on title t  (cost=0.43..8.43 rows=1 width=8) (actual time=0.028..0.028 rows=1 loops=10983)
                                                         Index Cond: (id = mi1.movie_id)
                                                         Filter: ((production_year <= 2015) AND (production_year >= 1975))
                                                         Rows Removed by Filter: 0
                                                         Buffers: shared hit=42783 read=1149
                                             ->  Hash  (cost=1.10..1.10 rows=3 width=4) (actual time=0.019..0.021 rows=3 loops=1)
                                                   Buckets: 1024  Batches: 1  Memory Usage: 9kB
                                                   Buffers: shared hit=1
                                                   ->  Seq Scan on kind_type kt  (cost=0.00..1.10 rows=3 width=4) (actual time=0.008..0.010 rows=3 loops=1)
                                                         Filter: ((kind)::text = ANY ('{movie,"tv movie","video game"}'::text[]))
                                                         Rows Removed by Filter: 4
                                                         Buffers: shared hit=1
                                       ->  Index Scan using movie_id_movie_info on movie_info mi2  (cost=0.43..42.38 rows=1 width=8) (actual time=0.079..0.079 rows=0 loops=6356)
                                             Index Cond: (movie_id = t.id)
                                             Filter: ((info_type_id = 16) AND ((info)::text = ANY ('{Nigeria:2006,Nigeria:2007,USA:1993,USA:1996,USA:1999}'::text[])))
                                             Rows Removed by Filter: 11
                                             Buffers: shared hit=50976 read=11370
                                 ->  Seq Scan on info_type it1  (cost=0.00..2.41 rows=1 width=4) (actual time=0.014..0.019 rows=1 loops=3)
                                       Filter: (id = 8)
                                       Rows Removed by Filter: 112
                                       Buffers: shared hit=3
                           ->  Seq Scan on info_type it2  (cost=0.00..2.41 rows=1 width=4) (actual time=0.005..0.011 rows=1 loops=3)
                                 Filter: (id = 16)
                                 Rows Removed by Filter: 112
                                 Buffers: shared hit=3
                     ->  Index Scan using movie_id_cast_info on cast_info ci  (cost=0.44..43.32 rows=38 width=12) (actual time=0.029..0.146 rows=20 loops=3)
                           Index Cond: (movie_id = t.id)
                           Buffers: shared hit=37 read=30
               ->  Hash  (cost=1.18..1.18 rows=4 width=4) (actual time=0.034..0.035 rows=4 loops=1)
                     Buckets: 1024  Batches: 1  Memory Usage: 9kB
                     Buffers: shared hit=1
                     ->  Seq Scan on role_type rt  (cost=0.00..1.18 rows=4 width=4) (actual time=0.024..0.027 rows=4 loops=1)
                           Filter: ((role)::text = ANY ('{composer,"costume designer",producer,"production designer"}'::text[]))
                           Rows Removed by Filter: 8
                           Buffers: shared hit=1
         ->  Index Scan using name_pkey on name n  (cost=0.43..2.32 rows=1 width=4) (actual time=0.022..0.022 rows=1 loops=12)
               Index Cond: (id = ci.person_id)
               Filter: (((gender)::text = ANY ('{f,m}'::text[])) OR (gender IS NULL))
               Buffers: shared hit=42 read=6
 Planning:
   Buffers: shared hit=530 read=44
 Planning Time: 11.584 ms
 Execution Time: 1188.116 ms
(72 rows)

