                                                                                                      QUERY PLAN                                                                                                      
----------------------------------------------------------------------------------------------------------------------------------------------------------------------------------------------------------------------
 Aggregate  (cost=377884.38..377884.39 rows=1 width=8) (actual time=6859.981..6859.989 rows=1 loops=1)
   Buffers: shared hit=516407 read=180013
   ->  Nested Loop  (cost=4697.50..377884.38 rows=1 width=0) (actual time=22.924..6857.629 rows=12484 loops=1)
         Buffers: shared hit=516407 read=180013
         ->  Hash Join  (cost=4697.07..377879.74 rows=2 width=4) (actual time=22.749..4700.875 rows=62148 loops=1)
               Hash Cond: (ci.role_id = rt.id)
               Buffers: shared hit=291616 read=156212
               ->  Nested Loop  (cost=4695.90..377878.52 rows=14 width=8) (actual time=22.674..4658.811 rows=194085 loops=1)
                     Buffers: shared hit=291615 read=156212
                     ->  Nested Loop  (cost=4695.46..377834.86 rows=1 width=12) (actual time=22.636..2664.560 rows=2605 loops=1)
                           Buffers: shared hit=176577 read=75699
                           ->  Nested Loop  (cost=4695.46..377832.43 rows=1 width=16) (actual time=22.631..2618.037 rows=2605 loops=1)
                                 Buffers: shared hit=173972 read=75699
                                 ->  Nested Loop  (cost=4695.46..377830.01 rows=1 width=20) (actual time=22.611..2571.252 rows=2605 loops=1)
                                       Buffers: shared hit=171367 read=75699
                                       ->  Hash Join  (cost=4695.02..374988.28 rows=67 width=12) (actual time=22.548..658.254 rows=8979 loops=1)
                                             Hash Cond: (t.kind_id = kt.id)
                                             Buffers: shared hit=38142 read=17819
                                             ->  Nested Loop  (cost=4693.85..374986.71 rows=94 width=16) (actual time=22.503..653.682 rows=9095 loops=1)
                                                   Buffers: shared hit=38141 read=17819
                                                   ->  Bitmap Heap Scan on movie_info mi1  (cost=4693.42..374133.01 rows=101 width=8) (actual time=22.456..366.669 rows=9097 loops=1)
                                                         Recheck Cond: (info_type_id = 5)
                                                         Filter: ((info)::text = ANY ('{Canada:13+,Canada:18+,Chile:14,Chile:TE,Malaysia:18PL,"New Zealand:R13",Switzerland:12,USA:T,"West Germany:o.Al."}'::text[]))
                                                         Rows Removed by Filter: 477457
                                                         Heap Blocks: exact=19164
                                                         Buffers: shared hit=3729 read=15843
                                                         ->  Bitmap Index Scan on info_type_id_movie_info  (cost=0.00..4693.37 rows=439058 width=0) (actual time=17.985..17.985 rows=486554 loops=1)
                                                               Index Cond: (info_type_id = 5)
                                                               Buffers: shared hit=1 read=407
                                                   ->  Index Scan using title_pkey on title t  (cost=0.43..8.45 rows=1 width=8) (actual time=0.031..0.031 rows=1 loops=9097)
                                                         Index Cond: (id = mi1.movie_id)
                                                         Filter: ((production_year <= 2015) AND (production_year >= 1925))
                                                         Rows Removed by Filter: 0
                                                         Buffers: shared hit=34412 read=1976
                                             ->  Hash  (cost=1.11..1.11 rows=5 width=4) (actual time=0.022..0.022 rows=5 loops=1)
                                                   Buckets: 1024  Batches: 1  Memory Usage: 9kB
                                                   Buffers: shared hit=1
                                                   ->  Seq Scan on kind_type kt  (cost=0.00..1.11 rows=5 width=4) (actual time=0.010..0.012 rows=5 loops=1)
                                                         Filter: ((kind)::text = ANY ('{movie,"tv movie","tv series","video game","video movie"}'::text[]))
                                                         Rows Removed by Filter: 2
                                                         Buffers: shared hit=1
                                       ->  Index Scan using movie_id_movie_info on movie_info mi2  (cost=0.43..42.40 rows=1 width=8) (actual time=0.166..0.212 rows=0 loops=8979)
                                             Index Cond: (movie_id = t.id)
                                             Filter: ((info_type_id = 6) AND ((info)::text = ANY ('{"4-Track Stereo","70 mm 6-Track",Datasat,Dolby,Mono,Sonics-DDP}'::text[])))
                                             Rows Removed by Filter: 126
                                             Buffers: shared hit=133225 read=57880
                                 ->  Seq Scan on info_type it1  (cost=0.00..2.41 rows=1 width=4) (actual time=0.008..0.016 rows=1 loops=2605)
                                       Filter: (id = 5)
                                       Rows Removed by Filter: 112
                                       Buffers: shared hit=2605
                           ->  Seq Scan on info_type it2  (cost=0.00..2.41 rows=1 width=4) (actual time=0.008..0.016 rows=1 loops=2605)
                                 Filter: (id = 6)
                                 Rows Removed by Filter: 112
                                 Buffers: shared hit=2605
                     ->  Index Scan using movie_id_cast_info on cast_info ci  (cost=0.44..43.28 rows=38 width=12) (actual time=0.034..0.747 rows=75 loops=2605)
                           Index Cond: (movie_id = t.id)
                           Buffers: shared hit=115038 read=80513
               ->  Hash  (cost=1.15..1.15 rows=2 width=4) (actual time=0.041..0.041 rows=2 loops=1)
                     Buckets: 1024  Batches: 1  Memory Usage: 9kB
                     Buffers: shared hit=1
                     ->  Seq Scan on role_type rt  (cost=0.00..1.15 rows=2 width=4) (actual time=0.030..0.031 rows=2 loops=1)
                           Filter: ((role)::text = ANY ('{guest,"miscellaneous crew"}'::text[]))
                           Rows Removed by Filter: 10
                           Buffers: shared hit=1
         ->  Index Scan using name_pkey on name n  (cost=0.43..2.32 rows=1 width=4) (actual time=0.034..0.034 rows=0 loops=62148)
               Index Cond: (id = ci.person_id)
               Filter: ((gender)::text = 'm'::text)
               Rows Removed by Filter: 1
               Buffers: shared hit=224791 read=23801
 Planning:
   Buffers: shared hit=576 read=1
 Planning Time: 13.677 ms
 Execution Time: 6860.619 ms
(73 rows)

