                                                                                                                                                                                        QUERY PLAN                                                                                                                                                                                         
-------------------------------------------------------------------------------------------------------------------------------------------------------------------------------------------------------------------------------------------------------------------------------------------------------------------------------------------------------------------------------------------
 Aggregate  (cost=435960.95..435960.96 rows=1 width=8) (actual time=1221.368..1221.376 rows=1 loops=1)
   Buffers: shared hit=59080 read=46320
   ->  Nested Loop  (cost=32182.78..435960.95 rows=1 width=0) (actual time=389.583..1221.118 rows=2002 loops=1)
         Buffers: shared hit=59080 read=46320
         ->  Hash Join  (cost=32182.35..435956.31 rows=2 width=4) (actual time=389.542..999.405 rows=7047 loops=1)
               Hash Cond: (ci.role_id = rt.id)
               Buffers: shared hit=33252 read=43960
               ->  Nested Loop  (cost=32181.18..435955.08 rows=14 width=8) (actual time=389.249..996.898 rows=15863 loops=1)
                     Buffers: shared hit=33251 read=43960
                     ->  Nested Loop  (cost=32180.74..435911.35 rows=1 width=12) (actual time=389.204..862.900 rows=191 loops=1)
                           Buffers: shared hit=23007 read=38189
                           ->  Nested Loop  (cost=32180.74..435908.93 rows=1 width=16) (actual time=389.199..861.001 rows=191 loops=1)
                                 Buffers: shared hit=22816 read=38189
                                 ->  Nested Loop  (cost=32180.74..435906.51 rows=1 width=20) (actual time=389.175..858.486 rows=191 loops=1)
                                       Buffers: shared hit=22625 read=38189
                                       ->  Hash Join  (cost=32180.30..418902.55 rows=399 width=12) (actual time=85.248..693.309 rows=1592 loops=1)
                                             Hash Cond: (t.kind_id = kt.id)
                                             Buffers: shared hit=8944 read=28022
                                             ->  Nested Loop  (cost=32179.15..418898.45 rows=698 width=16) (actual time=80.451..692.663 rows=2257 loops=1)
                                                   Buffers: shared hit=8943 read=28022
                                                   ->  Bitmap Heap Scan on movie_info mi1  (cost=32178.72..410731.31 rows=997 width=8) (actual time=80.417..642.321 rows=2278 loops=1)
                                                         Recheck Cond: (info_type_id = 16)
                                                         Filter: ((info)::text = ANY ('{"Brazil:22 October 2010","Canada:6 September 2003",Finland:2001,"France:11 May 2005","France:12 May 2005","France:17 May 2007","Germany:10 February 2007","USA:10 June 2005","USA:16 April 2010","USA:18 January 2008","USA:19 October 2007","USA:28 October 2005","USA:November 2009"}'::text[]))
                                                         Rows Removed by Filter: 3034441
                                                         Heap Blocks: exact=25474
                                                         Buffers: shared hit=2427 read=25426
                                                         ->  Bitmap Index Scan on info_type_id_movie_info  (cost=0.00..32178.44 rows=3010400 width=0) (actual time=76.465..76.466 rows=3036719 loops=1)
                                                               Index Cond: (info_type_id = 16)
                                                               Buffers: shared read=2379
                                                   ->  Index Scan using title_pkey on title t  (cost=0.43..8.19 rows=1 width=8) (actual time=0.022..0.022 rows=1 loops=2278)
                                                         Index Cond: (id = mi1.movie_id)
                                                         Filter: ((production_year <= 2015) AND (production_year >= 1990))
                                                         Rows Removed by Filter: 0
                                                         Buffers: shared hit=6516 read=2596
                                             ->  Hash  (cost=1.10..1.10 rows=4 width=4) (actual time=0.016..0.018 rows=4 loops=1)
                                                   Buckets: 1024  Batches: 1  Memory Usage: 9kB
                                                   Buffers: shared hit=1
                                                   ->  Seq Scan on kind_type kt  (cost=0.00..1.10 rows=4 width=4) (actual time=0.007..0.008 rows=4 loops=1)
                                                         Filter: ((kind)::text = ANY ('{movie,"tv movie","tv series","video game"}'::text[]))
                                                         Rows Removed by Filter: 3
                                                         Buffers: shared hit=1
                                       ->  Index Scan using movie_id_movie_info on movie_info mi2  (cost=0.43..42.61 rows=1 width=8) (actual time=0.101..0.103 rows=0 loops=1592)
                                             Index Cond: (movie_id = t.id)
                                             Filter: ((info_type_id = 5) AND ((info)::text = ANY ('{Argentina:18,Canada:16+,Canada:F,Denmark:7,Finland:K-8/5,Germany:6,"New Zealand:G",Switzerland:14,Switzerland:7}'::text[])))
                                             Rows Removed by Filter: 44
                                             Buffers: shared hit=13681 read=10167
                                 ->  Seq Scan on info_type it1  (cost=0.00..2.41 rows=1 width=4) (actual time=0.007..0.011 rows=1 loops=191)
                                       Filter: (id = 16)
                                       Rows Removed by Filter: 112
                                       Buffers: shared hit=191
                           ->  Seq Scan on info_type it2  (cost=0.00..2.41 rows=1 width=4) (actual time=0.004..0.009 rows=1 loops=191)
                                 Filter: (id = 5)
                                 Rows Removed by Filter: 112
                                 Buffers: shared hit=191
                     ->  Index Scan using movie_id_cast_info on cast_info ci  (cost=0.44..43.35 rows=38 width=12) (actual time=0.040..0.689 rows=83 loops=191)
                           Index Cond: (movie_id = t.id)
                           Buffers: shared hit=10244 read=5771
               ->  Hash  (cost=1.15..1.15 rows=2 width=4) (actual time=0.030..0.031 rows=2 loops=1)
                     Buckets: 1024  Batches: 1  Memory Usage: 9kB
                     Buffers: shared hit=1
                     ->  Seq Scan on role_type rt  (cost=0.00..1.15 rows=2 width=4) (actual time=0.024..0.026 rows=2 loops=1)
                           Filter: ((role)::text = ANY ('{"miscellaneous crew",producer}'::text[]))
                           Rows Removed by Filter: 10
                           Buffers: shared hit=1
         ->  Index Scan using name_pkey on name n  (cost=0.43..2.32 rows=1 width=4) (actual time=0.031..0.031 rows=0 loops=7047)
               Index Cond: (id = ci.person_id)
               Filter: ((gender)::text = ANY ('{f,m}'::text[]))
               Rows Removed by Filter: 1
               Buffers: shared hit=25828 read=2360
 Planning:
   Buffers: shared hit=522 read=55
 Planning Time: 11.696 ms
 Execution Time: 1222.156 ms
(73 rows)

