                                                                                               QUERY PLAN                                                                                               
--------------------------------------------------------------------------------------------------------------------------------------------------------------------------------------------------------
 Aggregate  (cost=451980.32..451980.33 rows=1 width=8) (actual time=4103.076..4103.082 rows=1 loops=1)
   Buffers: shared hit=340759 read=82498
   ->  Nested Loop  (cost=15875.34..451980.31 rows=2 width=0) (actual time=132.904..4102.604 rows=1821 loops=1)
         Buffers: shared hit=340759 read=82498
         ->  Hash Join  (cost=15874.91..451971.04 rows=4 width=4) (actual time=132.829..4014.460 rows=2662 loops=1)
               Hash Cond: (ci.role_id = rt.id)
               Buffers: shared hit=331846 read=80763
               ->  Nested Loop  (cost=15873.71..451969.79 rows=14 width=8) (actual time=132.242..4011.026 rows=18305 loops=1)
                     Buffers: shared hit=331845 read=80763
                     ->  Nested Loop  (cost=15873.27..451925.42 rows=1 width=12) (actual time=132.153..3790.287 rows=1161 loops=1)
                           Buffers: shared hit=320948 read=70432
                           ->  Nested Loop  (cost=15873.27..451923.00 rows=1 width=16) (actual time=132.141..3769.906 rows=1161 loops=1)
                                 Buffers: shared hit=319787 read=70432
                                 ->  Nested Loop  (cost=15873.27..451920.58 rows=1 width=20) (actual time=132.102..3750.806 rows=1161 loops=1)
                                       Buffers: shared hit=318626 read=70432
                                       ->  Hash Join  (cost=15872.84..429575.39 rows=521 width=12) (actual time=38.971..1936.186 rows=18442 loops=1)
                                             Hash Cond: (t.kind_id = kt.id)
                                             Buffers: shared hit=146062 read=32412
                                             ->  Nested Loop  (cost=15871.66..429571.14 rows=729 width=16) (actual time=38.891..1929.000 rows=19451 loops=1)
                                                   Buffers: shared hit=146061 read=32412
                                                   ->  Bitmap Heap Scan on movie_info mi2  (cost=15871.22..404111.86 rows=3330 width=8) (actual time=38.836..550.765 rows=43122 loops=1)
                                                         Recheck Cond: (info_type_id = 7)
                                                         Filter: ((info)::text = ANY ('{"CAM:Arriflex Cameras","CAM:Panavision Cameras and Lenses","OFM:16 mm",OFM:Video,"PFM:70 mm"}'::text[]))
                                                         Rows Removed by Filter: 1358780
                                                         Heap Blocks: exact=10050
                                                         Buffers: shared hit=1509 read=9640
                                                         ->  Bitmap Index Scan on info_type_id_movie_info  (cost=0.00..15870.39 rows=1484527 width=0) (actual time=37.432..37.433 rows=1401902 loops=1)
                                                               Index Cond: (info_type_id = 7)
                                                               Buffers: shared hit=1 read=1098
                                                   ->  Memoize  (cost=0.44..7.66 rows=1 width=8) (actual time=0.032..0.032 rows=0 loops=43122)
                                                         Cache Key: mi2.movie_id
                                                         Cache Mode: logical
                                                         Hits: 1291  Misses: 41831  Evictions: 0  Overflows: 0  Memory Usage: 3526kB
                                                         Buffers: shared hit=144552 read=22772
                                                         ->  Index Scan using title_pkey on title t  (cost=0.43..7.65 rows=1 width=8) (actual time=0.032..0.032 rows=0 loops=41831)
                                                               Index Cond: (id = mi2.movie_id)
                                                               Filter: ((production_year <= 1990) AND (production_year >= 1950))
                                                               Rows Removed by Filter: 1
                                                               Buffers: shared hit=144552 read=22772
                                             ->  Hash  (cost=1.11..1.11 rows=5 width=4) (actual time=0.013..0.014 rows=5 loops=1)
                                                   Buckets: 1024  Batches: 1  Memory Usage: 9kB
                                                   Buffers: shared hit=1
                                                   ->  Seq Scan on kind_type kt  (cost=0.00..1.11 rows=5 width=4) (actual time=0.008..0.010 rows=5 loops=1)
                                                         Filter: ((kind)::text = ANY ('{episode,movie,"tv movie","video game","video movie"}'::text[]))
                                                         Rows Removed by Filter: 2
                                                         Buffers: shared hit=1
                                       ->  Index Scan using movie_id_movie_info on movie_info mi1  (cost=0.43..42.88 rows=1 width=8) (actual time=0.098..0.098 rows=0 loops=18442)
                                             Index Cond: (movie_id = t.id)
                                             Filter: ((info_type_id = 8) AND ((info)::text = ANY ('{Canada,"East Germany",Egypt,Greece,Philippines,Poland}'::text[])))
                                             Rows Removed by Filter: 19
                                             Buffers: shared hit=172564 read=38020
                                 ->  Seq Scan on info_type it1  (cost=0.00..2.41 rows=1 width=4) (actual time=0.008..0.014 rows=1 loops=1161)
                                       Filter: (id = 8)
                                       Rows Removed by Filter: 112
                                       Buffers: shared hit=1161
                           ->  Seq Scan on info_type it2  (cost=0.00..2.41 rows=1 width=4) (actual time=0.010..0.016 rows=1 loops=1161)
                                 Filter: (id = 7)
                                 Rows Removed by Filter: 112
                                 Buffers: shared hit=1161
                     ->  Index Scan using movie_id_cast_info on cast_info ci  (cost=0.44..43.98 rows=38 width=12) (actual time=0.031..0.186 rows=16 loops=1161)
                           Index Cond: (movie_id = t.id)
                           Buffers: shared hit=10897 read=10331
               ->  Hash  (cost=1.17..1.17 rows=3 width=4) (actual time=0.036..0.037 rows=3 loops=1)
                     Buckets: 1024  Batches: 1  Memory Usage: 9kB
                     Buffers: shared hit=1
                     ->  Seq Scan on role_type rt  (cost=0.00..1.17 rows=3 width=4) (actual time=0.026..0.029 rows=3 loops=1)
                           Filter: ((role)::text = ANY ('{editor,producer,"production designer"}'::text[]))
                           Rows Removed by Filter: 9
                           Buffers: shared hit=1
         ->  Index Scan using name_pkey on name n  (cost=0.43..2.32 rows=1 width=4) (actual time=0.032..0.032 rows=1 loops=2662)
               Index Cond: (id = ci.person_id)
               Filter: (((gender)::text = 'f'::text) OR (gender IS NULL))
               Rows Removed by Filter: 0
               Buffers: shared hit=8913 read=1735
 Planning:
   Buffers: shared hit=574
 Planning Time: 13.315 ms
 Execution Time: 4104.081 ms
(78 rows)

