                                                                                                                                                                                  QUERY PLAN                                                                                                                                                                                   
-------------------------------------------------------------------------------------------------------------------------------------------------------------------------------------------------------------------------------------------------------------------------------------------------------------------------------------------------------------------------------
 Aggregate  (cost=442013.89..442013.90 rows=1 width=8) (actual time=6257.596..6257.603 rows=1 loops=1)
   Buffers: shared hit=520899 read=121700
   ->  Nested Loop  (cost=15875.57..442013.88 rows=3 width=0) (actual time=89.096..6255.593 rows=10130 loops=1)
         Buffers: shared hit=520899 read=121700
         ->  Hash Join  (cost=15875.14..442002.29 rows=5 width=4) (actual time=89.029..5701.427 rows=15973 loops=1)
               Hash Cond: (ci.role_id = rt.id)
               Buffers: shared hit=464138 read=114569
               ->  Nested Loop  (cost=15873.91..442001.01 rows=14 width=8) (actual time=88.668..5668.815 rows=192438 loops=1)
                     Buffers: shared hit=464137 read=114569
                     ->  Nested Loop  (cost=15873.47..441956.65 rows=1 width=12) (actual time=88.607..3794.905 rows=2857 loops=1)
                           Buffers: shared hit=323358 read=59369
                           ->  Nested Loop  (cost=15873.47..441954.22 rows=1 width=16) (actual time=88.598..3739.175 rows=2857 loops=1)
                                 Buffers: shared hit=320501 read=59369
                                 ->  Nested Loop  (cost=15873.47..441951.80 rows=1 width=20) (actual time=88.567..3686.289 rows=2857 loops=1)
                                       Buffers: shared hit=317644 read=59369
                                       ->  Hash Join  (cost=15873.03..419784.76 rows=515 width=12) (actual time=38.365..1787.410 rows=11004 loops=1)
                                             Hash Cond: (t.kind_id = kt.id)
                                             Buffers: shared hit=167488 read=13226
                                             ->  Nested Loop  (cost=15871.88..419779.81 rows=900 width=16) (actual time=38.252..1782.493 rows=11574 loops=1)
                                                   Buffers: shared hit=167487 read=13226
                                                   ->  Bitmap Heap Scan on movie_info mi1  (cost=15871.44..389016.23 rows=4113 width=8) (actual time=38.028..418.461 rows=45969 loops=1)
                                                         Recheck Cond: (info_type_id = 7)
                                                         Filter: ((info)::text = ANY ('{"CAM:Panaflex Camera and Lenses by Panavision","CAM:Panavision Cameras and Lenses","LAB:Fotofilm S.A., Madrid, Spain","LAB:Metrocolor, Culver City (CA), USA","LAB:Metrocolor, USA","LAB:Rank Film Laboratories, Denham, UK",LAB:Technicolor,"RAT:1.85 : 1","RAT:2.00 : 1"}'::text[]))
                                                         Rows Removed by Filter: 1355933
                                                         Heap Blocks: exact=10050
                                                         Buffers: shared hit=3683 read=7466
                                                         ->  Bitmap Index Scan on info_type_id_movie_info  (cost=0.00..15870.39 rows=1484527 width=0) (actual time=36.618..36.618 rows=1401902 loops=1)
                                                               Index Cond: (info_type_id = 7)
                                                               Buffers: shared read=1099
                                                   ->  Memoize  (cost=0.44..7.51 rows=1 width=8) (actual time=0.029..0.029 rows=0 loops=45969)
                                                         Cache Key: mi1.movie_id
                                                         Cache Mode: logical
                                                         Hits: 3578  Misses: 42391  Evictions: 0  Overflows: 0  Memory Usage: 3207kB
                                                         Buffers: shared hit=163804 read=5760
                                                         ->  Index Scan using title_pkey on title t  (cost=0.43..7.50 rows=1 width=8) (actual time=0.031..0.031 rows=0 loops=42391)
                                                               Index Cond: (id = mi1.movie_id)
                                                               Filter: ((production_year <= 1990) AND (production_year >= 1950))
                                                               Rows Removed by Filter: 1
                                                               Buffers: shared hit=163804 read=5760
                                             ->  Hash  (cost=1.10..1.10 rows=4 width=4) (actual time=0.014..0.015 rows=4 loops=1)
                                                   Buckets: 1024  Batches: 1  Memory Usage: 9kB
                                                   Buffers: shared hit=1
                                                   ->  Seq Scan on kind_type kt  (cost=0.00..1.10 rows=4 width=4) (actual time=0.009..0.011 rows=4 loops=1)
                                                         Filter: ((kind)::text = ANY ('{episode,movie,"video game","video movie"}'::text[]))
                                                         Rows Removed by Filter: 3
                                                         Buffers: shared hit=1
                                       ->  Index Scan using movie_id_movie_info on movie_info mi2  (cost=0.43..43.03 rows=1 width=8) (actual time=0.165..0.172 rows=0 loops=11004)
                                             Index Cond: (movie_id = t.id)
                                             Filter: ((info_type_id = 5) AND ((info)::text = ANY ('{Belgium:KT,Canada:A,Germany:12,Iceland:14,Ireland:15,Italy:VM18,"South Korea:All",UK:15,USA:M}'::text[])))
                                             Rows Removed by Filter: 58
                                             Buffers: shared hit=150156 read=46143
                                 ->  Seq Scan on info_type it1  (cost=0.00..2.41 rows=1 width=4) (actual time=0.009..0.016 rows=1 loops=2857)
                                       Filter: (id = 7)
                                       Rows Removed by Filter: 112
                                       Buffers: shared hit=2857
                           ->  Seq Scan on info_type it2  (cost=0.00..2.41 rows=1 width=4) (actual time=0.010..0.018 rows=1 loops=2857)
                                 Filter: (id = 5)
                                 Rows Removed by Filter: 112
                                 Buffers: shared hit=2857
                     ->  Index Scan using movie_id_cast_info on cast_info ci  (cost=0.44..43.98 rows=38 width=12) (actual time=0.037..0.640 rows=67 loops=2857)
                           Index Cond: (movie_id = t.id)
                           Buffers: shared hit=140779 read=55200
               ->  Hash  (cost=1.18..1.18 rows=4 width=4) (actual time=0.033..0.034 rows=4 loops=1)
                     Buckets: 1024  Batches: 1  Memory Usage: 9kB
                     Buffers: shared hit=1
                     ->  Seq Scan on role_type rt  (cost=0.00..1.18 rows=4 width=4) (actual time=0.023..0.025 rows=4 loops=1)
                           Filter: ((role)::text = ANY ('{cinematographer,editor,"production designer",writer}'::text[]))
                           Rows Removed by Filter: 8
                           Buffers: shared hit=1
         ->  Index Scan using name_pkey on name n  (cost=0.43..2.32 rows=1 width=4) (actual time=0.034..0.034 rows=1 loops=15973)
               Index Cond: (id = ci.person_id)
               Filter: ((gender)::text = ANY ('{f,m}'::text[]))
               Rows Removed by Filter: 0
               Buffers: shared hit=56761 read=7131
 Planning:
   Buffers: shared hit=531 read=46
 Planning Time: 9.670 ms
 Execution Time: 6258.799 ms
(78 rows)

