                                                                                               QUERY PLAN                                                                                               
--------------------------------------------------------------------------------------------------------------------------------------------------------------------------------------------------------
 Aggregate  (cost=510425.83..510425.84 rows=1 width=8) (actual time=9302.345..9302.352 rows=1 loops=1)
   Buffers: shared hit=824537 read=124695
   ->  Nested Loop  (cost=13059.94..510425.83 rows=3 width=0) (actual time=55.651..9301.367 rows=2349 loops=1)
         Buffers: shared hit=824537 read=124695
         ->  Seq Scan on info_type it2  (cost=0.00..2.41 rows=1 width=4) (actual time=0.035..0.043 rows=1 loops=1)
               Filter: (id = 8)
               Rows Removed by Filter: 112
               Buffers: shared hit=1
         ->  Nested Loop  (cost=13059.94..510423.38 rows=3 width=4) (actual time=55.615..9300.707 rows=2349 loops=1)
               Buffers: shared hit=824536 read=124695
               ->  Seq Scan on info_type it1  (cost=0.00..2.41 rows=1 width=4) (actual time=0.006..0.016 rows=1 loops=1)
                     Filter: (id = 4)
                     Rows Removed by Filter: 112
                     Buffers: shared hit=1
               ->  Nested Loop  (cost=13059.94..510420.94 rows=3 width=8) (actual time=55.606..9299.966 rows=2349 loops=1)
                     Buffers: shared hit=824535 read=124695
                     ->  Hash Join  (cost=13059.51..510402.39 rows=8 width=12) (actual time=55.079..8899.237 rows=10266 loops=1)
                           Hash Cond: (ci.role_id = rt.id)
                           Buffers: shared hit=786867 read=121299
                           ->  Nested Loop  (cost=13058.34..510400.87 rows=100 width=16) (actual time=36.634..8830.454 rows=373670 loops=1)
                                 Buffers: shared hit=786866 read=121299
                                 ->  Nested Loop  (cost=13057.90..510095.26 rows=7 width=20) (actual time=36.594..4898.446 rows=15474 loops=1)
                                       Buffers: shared hit=420125 read=73604
                                       ->  Hash Join  (cost=13057.47..445477.51 rows=1518 width=12) (actual time=36.536..1996.953 rows=36392 loops=1)
                                             Hash Cond: (t.kind_id = kt.id)
                                             Buffers: shared hit=136328 read=23241
                                             ->  Nested Loop  (cost=13056.27..445468.84 rows=1772 width=16) (actual time=36.501..1980.247 rows=36392 loops=1)
                                                   Buffers: shared hit=136327 read=23241
                                                   ->  Bitmap Heap Scan on movie_info mi1  (cost=13055.84..430354.90 rows=1896 width=8) (actual time=36.448..639.341 rows=37539 loops=1)
                                                         Recheck Cond: (info_type_id = 4)
                                                         Filter: ((info)::text = ANY ('{Catalan,Flemish,Hebrew,Icelandic,Korean,Portuguese,Urdu}'::text[]))
                                                         Rows Removed by Filter: 1261450
                                                         Heap Blocks: exact=8393
                                                         Buffers: shared hit=1713 read=7699
                                                         ->  Bitmap Index Scan on info_type_id_movie_info  (cost=0.00..13055.37 rows=1221191 width=0) (actual time=33.958..33.959 rows=1298989 loops=1)
                                                               Index Cond: (info_type_id = 4)
                                                               Buffers: shared read=1019
                                                   ->  Index Scan using title_pkey on title t  (cost=0.43..7.97 rows=1 width=8) (actual time=0.035..0.035 rows=1 loops=37539)
                                                         Index Cond: (id = mi1.movie_id)
                                                         Filter: ((production_year <= 2015) AND (production_year >= 1925))
                                                         Rows Removed by Filter: 0
                                                         Buffers: shared hit=134614 read=15542
                                             ->  Hash  (cost=1.12..1.12 rows=6 width=4) (actual time=0.014..0.015 rows=6 loops=1)
                                                   Buckets: 1024  Batches: 1  Memory Usage: 9kB
                                                   Buffers: shared hit=1
                                                   ->  Seq Scan on kind_type kt  (cost=0.00..1.12 rows=6 width=4) (actual time=0.007..0.009 rows=6 loops=1)
                                                         Filter: ((kind)::text = ANY ('{episode,movie,"tv movie","tv series","video game","video movie"}'::text[]))
                                                         Rows Removed by Filter: 1
                                                         Buffers: shared hit=1
                                       ->  Index Scan using movie_id_movie_info on movie_info mi2  (cost=0.43..42.56 rows=1 width=8) (actual time=0.076..0.079 rows=0 loops=36392)
                                             Index Cond: (movie_id = t.id)
                                             Filter: ((info_type_id = 8) AND ((info)::text = ANY ('{Brazil,Cuba,Czechoslovakia,France,Japan,Pakistan,Philippines,Sweden,Taiwan}'::text[])))
                                             Rows Removed by Filter: 9
                                             Buffers: shared hit=283797 read=50363
                                 ->  Index Scan using movie_id_cast_info on cast_info ci  (cost=0.44..43.28 rows=38 width=12) (actual time=0.035..0.247 rows=24 loops=15474)
                                       Index Cond: (movie_id = t.id)
                                       Buffers: shared hit=366741 read=47695
                           ->  Hash  (cost=1.15..1.15 rows=1 width=4) (actual time=0.013..0.014 rows=1 loops=1)
                                 Buckets: 1024  Batches: 1  Memory Usage: 9kB
                                 Buffers: shared hit=1
                                 ->  Seq Scan on role_type rt  (cost=0.00..1.15 rows=1 width=4) (actual time=0.008..0.009 rows=1 loops=1)
                                       Filter: ((role)::text = 'editor'::text)
                                       Rows Removed by Filter: 11
                                       Buffers: shared hit=1
                     ->  Index Scan using name_pkey on name n  (cost=0.43..2.32 rows=1 width=4) (actual time=0.038..0.038 rows=0 loops=10266)
                           Index Cond: (id = ci.person_id)
                           Filter: ((gender)::text = 'm'::text)
                           Rows Removed by Filter: 1
                           Buffers: shared hit=37668 read=3396
 Planning:
   Buffers: shared hit=529 read=45
 Planning Time: 12.144 ms
 Execution Time: 9302.802 ms
(73 rows)

