                                                                                                                                                                                                     QUERY PLAN                                                                                                                                                                                                      
---------------------------------------------------------------------------------------------------------------------------------------------------------------------------------------------------------------------------------------------------------------------------------------------------------------------------------------------------------------------------------------------------------------------
 Aggregate  (cost=441015.42..441015.43 rows=1 width=8) (actual time=6007.660..6007.668 rows=1 loops=1)
   Buffers: shared hit=528729 read=86972
   ->  Nested Loop  (cost=8154.97..441015.41 rows=2 width=0) (actual time=24.020..6005.917 rows=7121 loops=1)
         Buffers: shared hit=528729 read=86972
         ->  Hash Join  (cost=8154.54..441003.83 rows=5 width=4) (actual time=23.246..3277.765 rows=81054 loops=1)
               Hash Cond: (ci.role_id = rt.id)
               Buffers: shared hit=225012 read=66473
               ->  Nested Loop  (cost=8153.31..441002.55 rows=14 width=8) (actual time=23.184..3237.034 rows=141925 loops=1)
                     Buffers: shared hit=225011 read=66473
                     ->  Nested Loop  (cost=8152.87..440958.19 rows=1 width=12) (actual time=23.146..1753.722 rows=4251 loops=1)
                           Buffers: shared hit=107429 read=32112
                           ->  Nested Loop  (cost=8152.87..440955.76 rows=1 width=16) (actual time=23.140..1673.691 rows=4251 loops=1)
                                 Buffers: shared hit=103178 read=32112
                                 ->  Nested Loop  (cost=8152.87..440953.34 rows=1 width=20) (actual time=23.119..1591.195 rows=4251 loops=1)
                                       Buffers: shared hit=98927 read=32112
                                       ->  Hash Join  (cost=8152.43..439696.18 rows=29 width=12) (actual time=23.032..1095.062 rows=4061 loops=1)
                                             Hash Cond: (t.kind_id = kt.id)
                                             Buffers: shared hit=72124 read=13537
                                             ->  Nested Loop  (cost=8151.23..439694.84 rows=34 width=16) (actual time=22.991..1092.498 rows=4061 loops=1)
                                                   Buffers: shared hit=72123 read=13537
                                                   ->  Bitmap Heap Scan on movie_info mi1  (cost=8150.80..438388.70 rows=155 width=8) (actual time=22.940..436.613 rows=20009 loops=1)
                                                         Recheck Cond: (info_type_id = 1)
                                                         Filter: ((info)::text = ANY ('{106,117,22,45,71,77,Germany:95,USA:105}'::text[]))
                                                         Rows Removed by Filter: 782131
                                                         Heap Blocks: exact=4993
                                                         Buffers: shared hit=2601 read=3023
                                                         ->  Bitmap Index Scan on info_type_id_movie_info  (cost=0.00..8150.77 rows=762444 width=0) (actual time=21.989..21.990 rows=802140 loops=1)
                                                               Index Cond: (info_type_id = 1)
                                                               Buffers: shared read=631
                                                   ->  Index Scan using title_pkey on title t  (cost=0.43..8.43 rows=1 width=8) (actual time=0.032..0.032 rows=0 loops=20009)
                                                         Index Cond: (id = mi1.movie_id)
                                                         Filter: ((production_year <= 1990) AND (production_year >= 1950))
                                                         Rows Removed by Filter: 1
                                                         Buffers: shared hit=69522 read=10514
                                             ->  Hash  (cost=1.12..1.12 rows=6 width=4) (actual time=0.021..0.022 rows=6 loops=1)
                                                   Buckets: 1024  Batches: 1  Memory Usage: 9kB
                                                   Buffers: shared hit=1
                                                   ->  Seq Scan on kind_type kt  (cost=0.00..1.12 rows=6 width=4) (actual time=0.008..0.011 rows=6 loops=1)
                                                         Filter: ((kind)::text = ANY ('{episode,movie,"tv movie","tv series","video game","video movie"}'::text[]))
                                                         Rows Removed by Filter: 1
                                                         Buffers: shared hit=1
                                       ->  Index Scan using movie_id_movie_info on movie_info mi2  (cost=0.43..43.34 rows=1 width=8) (actual time=0.080..0.121 rows=1 loops=4061)
                                             Index Cond: (movie_id = t.id)
                                             Filter: ((info_type_id = 7) AND ((info)::text = ANY ('{"CAM:Arriflex Cameras","CAM:Panaflex Camera and Lenses by Panavision","LAB:Consolidated Film Industries (CFI), Hollywood (CA), USA","LAB:Technicolor, USA","OFM:35 mm",OFM:Video,PCS:Kinescope,PCS:Panavision,PCS:Spherical,"PFM:35 mm","PFM:70 mm",PFM:Video,"RAT:1.33 : 1","RAT:1.37 : 1",RAT:4:3}'::text[])))
                                             Rows Removed by Filter: 16
                                             Buffers: shared hit=26803 read=18575
                                 ->  Seq Scan on info_type it1  (cost=0.00..2.41 rows=1 width=4) (actual time=0.009..0.017 rows=1 loops=4251)
                                       Filter: (id = 1)
                                       Rows Removed by Filter: 112
                                       Buffers: shared hit=4251
                           ->  Seq Scan on info_type it2  (cost=0.00..2.41 rows=1 width=4) (actual time=0.009..0.017 rows=1 loops=4251)
                                 Filter: (id = 7)
                                 Rows Removed by Filter: 112
                                 Buffers: shared hit=4251
                     ->  Index Scan using movie_id_cast_info on cast_info ci  (cost=0.44..43.98 rows=38 width=12) (actual time=0.033..0.340 rows=33 loops=4251)
                           Index Cond: (movie_id = t.id)
                           Buffers: shared hit=117582 read=34361
               ->  Hash  (cost=1.18..1.18 rows=4 width=4) (actual time=0.038..0.038 rows=4 loops=1)
                     Buckets: 1024  Batches: 1  Memory Usage: 9kB
                     Buffers: shared hit=1
                     ->  Seq Scan on role_type rt  (cost=0.00..1.18 rows=4 width=4) (actual time=0.024..0.028 rows=4 loops=1)
                           Filter: ((role)::text = ANY ('{actor,director,"production designer",writer}'::text[]))
                           Rows Removed by Filter: 8
                           Buffers: shared hit=1
         ->  Index Scan using name_pkey on name n  (cost=0.43..2.32 rows=1 width=4) (actual time=0.033..0.033 rows=0 loops=81054)
               Index Cond: (id = ci.person_id)
               Filter: (gender IS NULL)
               Rows Removed by Filter: 1
               Buffers: shared hit=303717 read=20499
 Planning:
   Buffers: shared hit=519 read=55
 Planning Time: 12.049 ms
 Execution Time: 6008.158 ms
(73 rows)

