                                                                                                QUERY PLAN                                                                                                
----------------------------------------------------------------------------------------------------------------------------------------------------------------------------------------------------------
 Aggregate  (cost=526940.04..526940.05 rows=1 width=8) (actual time=4702.790..4702.796 rows=1 loops=1)
   Buffers: shared hit=344758 read=116924
   ->  Nested Loop  (cost=32182.70..526940.01 rows=12 width=0) (actual time=82.540..4698.768 rows=33302 loops=1)
         Buffers: shared hit=344758 read=116924
         ->  Seq Scan on info_type it2  (cost=0.00..2.41 rows=1 width=4) (actual time=0.036..0.041 rows=1 loops=1)
               Filter: (id = 16)
               Rows Removed by Filter: 112
               Buffers: shared hit=1
         ->  Nested Loop  (cost=32182.70..526937.48 rows=12 width=4) (actual time=82.503..4694.393 rows=33302 loops=1)
               Buffers: shared hit=344757 read=116924
               ->  Seq Scan on info_type it1  (cost=0.00..2.41 rows=1 width=4) (actual time=0.006..0.014 rows=1 loops=1)
                     Filter: (id = 2)
                     Rows Removed by Filter: 112
                     Buffers: shared hit=1
               ->  Nested Loop  (cost=32182.70..526934.95 rows=12 width=8) (actual time=82.495..4689.517 rows=33302 loops=1)
                     Buffers: shared hit=344756 read=116924
                     ->  Hash Join  (cost=32182.27..526888.56 rows=20 width=12) (actual time=82.450..3643.876 rows=33302 loops=1)
                           Hash Cond: (ci.role_id = rt.id)
                           Buffers: shared hit=227578 read=100894
                           ->  Nested Loop  (cost=32181.11..526886.53 rows=244 width=16) (actual time=80.905..3625.352 rows=100949 loops=1)
                                 Buffers: shared hit=227577 read=100894
                                 ->  Nested Loop  (cost=32180.67..526143.10 rows=17 width=20) (actual time=80.875..2490.133 rows=8376 loops=1)
                                       Buffers: shared hit=145071 read=60011
                                       ->  Hash Join  (cost=32180.23..509958.41 rows=383 width=12) (actual time=79.919..1767.044 rows=14812 loops=1)
                                             Hash Cond: (t.kind_id = kt.id)
                                             Buffers: shared hit=63686 read=39940
                                             ->  Nested Loop  (cost=32179.06..509954.97 rows=537 width=16) (actual time=79.888..1761.730 rows=18885 loops=1)
                                                   Buffers: shared hit=63685 read=39940
                                                   ->  Bitmap Heap Scan on movie_info mi2  (cost=32178.63..503623.90 rows=767 width=8) (actual time=79.849..1239.895 rows=18943 loops=1)
                                                         Recheck Cond: (info_type_id = 16)
                                                         Filter: ((info)::text = ANY ('{Nigeria:2007,USA:1994,USA:1997,USA:1998,USA:1999,USA:2001,USA:2008,USA:2010,USA:2013,"USA:April 2009"}'::text[]))
                                                         Rows Removed by Filter: 3017776
                                                         Heap Blocks: exact=25474
                                                         Buffers: shared hit=2901 read=24952
                                                         ->  Bitmap Index Scan on info_type_id_movie_info  (cost=0.00..32178.44 rows=3010400 width=0) (actual time=75.804..75.804 rows=3036719 loops=1)
                                                               Index Cond: (info_type_id = 16)
                                                               Buffers: shared read=2379
                                                   ->  Index Scan using title_pkey on title t  (cost=0.43..8.25 rows=1 width=8) (actual time=0.027..0.027 rows=1 loops=18943)
                                                         Index Cond: (id = mi2.movie_id)
                                                         Filter: ((production_year <= 2015) AND (production_year >= 1990))
                                                         Rows Removed by Filter: 0
                                                         Buffers: shared hit=60784 read=14988
                                             ->  Hash  (cost=1.11..1.11 rows=5 width=4) (actual time=0.014..0.015 rows=5 loops=1)
                                                   Buckets: 1024  Batches: 1  Memory Usage: 9kB
                                                   Buffers: shared hit=1
                                                   ->  Seq Scan on kind_type kt  (cost=0.00..1.11 rows=5 width=4) (actual time=0.007..0.008 rows=5 loops=1)
                                                         Filter: ((kind)::text = ANY ('{episode,"tv movie","tv series","video game","video movie"}'::text[]))
                                                         Rows Removed by Filter: 2
                                                         Buffers: shared hit=1
                                       ->  Index Scan using movie_id_movie_info on movie_info mi1  (cost=0.43..42.25 rows=1 width=8) (actual time=0.039..0.048 rows=1 loops=14812)
                                             Index Cond: (movie_id = t.id)
                                             Filter: (((info)::text = ANY ('{"Black and White",Color}'::text[])) AND (info_type_id = 2))
                                             Rows Removed by Filter: 4
                                             Buffers: shared hit=81385 read=20071
                                 ->  Index Scan using movie_id_cast_info on cast_info ci  (cost=0.44..43.35 rows=38 width=12) (actual time=0.032..0.133 rows=12 loops=8376)
                                       Index Cond: (movie_id = t.id)
                                       Buffers: shared hit=82506 read=40883
                           ->  Hash  (cost=1.15..1.15 rows=1 width=4) (actual time=0.011..0.012 rows=1 loops=1)
                                 Buckets: 1024  Batches: 1  Memory Usage: 9kB
                                 Buffers: shared hit=1
                                 ->  Seq Scan on role_type rt  (cost=0.00..1.15 rows=1 width=4) (actual time=0.006..0.007 rows=1 loops=1)
                                       Filter: ((role)::text = 'actor'::text)
                                       Rows Removed by Filter: 11
                                       Buffers: shared hit=1
                     ->  Index Scan using name_pkey on name n  (cost=0.43..2.32 rows=1 width=4) (actual time=0.031..0.031 rows=1 loops=33302)
                           Index Cond: (id = ci.person_id)
                           Filter: (((gender)::text = 'm'::text) OR (gender IS NULL))
                           Buffers: shared hit=117178 read=16030
 Planning:
   Buffers: shared hit=483 read=91
 Planning Time: 10.267 ms
 Execution Time: 4703.355 ms
(72 rows)

