                                                                                                                                                                           QUERY PLAN                                                                                                                                                                           
----------------------------------------------------------------------------------------------------------------------------------------------------------------------------------------------------------------------------------------------------------------------------------------------------------------------------------------------------------------
 Aggregate  (cost=402468.18..402468.19 rows=1 width=8) (actual time=2991.734..2991.742 rows=1 loops=1)
   Buffers: shared hit=265178 read=40868
   ->  Nested Loop  (cost=7081.93..402468.17 rows=4 width=0) (actual time=30.713..2991.318 rows=1561 loops=1)
         Buffers: shared hit=265178 read=40868
         ->  Hash Join  (cost=7081.50..402456.58 rows=5 width=4) (actual time=30.668..2930.961 rows=1561 loops=1)
               Hash Cond: (ci.role_id = rt.id)
               Buffers: shared hit=259120 read=40682
               ->  Nested Loop  (cost=7080.33..402455.21 rows=57 width=8) (actual time=30.090..2916.333 rows=83344 loops=1)
                     Buffers: shared hit=259119 read=40682
                     ->  Nested Loop  (cost=7079.89..402276.99 rows=4 width=12) (actual time=30.054..1920.139 rows=6991 loops=1)
                           Buffers: shared hit=170893 read=25586
                           ->  Seq Scan on info_type it2  (cost=0.00..2.41 rows=1 width=4) (actual time=0.026..0.032 rows=1 loops=1)
                                 Filter: (id = 18)
                                 Rows Removed by Filter: 112
                                 Buffers: shared hit=1
                           ->  Nested Loop  (cost=7079.89..402274.54 rows=4 width=16) (actual time=30.026..1918.406 rows=6991 loops=1)
                                 Buffers: shared hit=170892 read=25586
                                 ->  Seq Scan on info_type it1  (cost=0.00..2.41 rows=1 width=4) (actual time=0.006..0.016 rows=1 loops=1)
                                       Filter: (id = 2)
                                       Rows Removed by Filter: 112
                                       Buffers: shared hit=1
                                 ->  Nested Loop  (cost=7079.89..402272.09 rows=4 width=20) (actual time=30.017..1916.763 rows=6991 loops=1)
                                       Buffers: shared hit=170891 read=25586
                                       ->  Hash Join  (cost=7079.46..398761.28 rows=82 width=12) (actual time=29.916..1286.035 rows=6974 loops=1)
                                             Hash Cond: (t.kind_id = kt.id)
                                             Buffers: shared hit=101640 read=21229
                                             ->  Nested Loop  (cost=7078.30..398759.51 rows=144 width=16) (actual time=29.878..1281.747 rows=10775 loops=1)
                                                   Buffers: shared hit=101639 read=21229
                                                   ->  Bitmap Heap Scan on movie_info mi2  (cost=7077.87..392195.32 rows=796 width=8) (actual time=29.760..307.264 rows=28844 loops=1)
                                                         Recheck Cond: (info_type_id = 18)
                                                         Filter: ((info)::text = ANY ('{"Berlin, Germany","Madrid, Spain","Metro-Goldwyn-Mayer Studios - 10202 W. Washington Blvd., Culver City, California, USA","New York City, New York, USA","Stage 3, 20th Century Fox Studios - 10201 Pico Blvd., Century City, Los Angeles, California, USA"}'::text[]))
                                                         Rows Removed by Filter: 632079
                                                         Heap Blocks: exact=6972
                                                         Buffers: shared hit=964 read=6528
                                                         ->  Bitmap Index Scan on info_type_id_movie_info  (cost=0.00..7077.68 rows=662032 width=0) (actual time=28.163..28.163 rows=660923 loops=1)
                                                               Index Cond: (info_type_id = 18)
                                                               Buffers: shared read=520
                                                   ->  Index Scan using title_pkey on title t  (cost=0.43..8.25 rows=1 width=8) (actual time=0.033..0.033 rows=0 loops=28844)
                                                         Index Cond: (id = mi2.movie_id)
                                                         Filter: ((production_year <= 1975) AND (production_year >= 1875))
                                                         Rows Removed by Filter: 1
                                                         Buffers: shared hit=100675 read=14701
                                             ->  Hash  (cost=1.10..1.10 rows=4 width=4) (actual time=0.015..0.017 rows=4 loops=1)
                                                   Buckets: 1024  Batches: 1  Memory Usage: 9kB
                                                   Buffers: shared hit=1
                                                   ->  Seq Scan on kind_type kt  (cost=0.00..1.10 rows=4 width=4) (actual time=0.008..0.009 rows=4 loops=1)
                                                         Filter: ((kind)::text = ANY ('{episode,"tv movie","tv series","video game"}'::text[]))
                                                         Rows Removed by Filter: 3
                                                         Buffers: shared hit=1
                                       ->  Index Scan using movie_id_movie_info on movie_info mi1  (cost=0.43..42.80 rows=1 width=8) (actual time=0.083..0.090 rows=1 loops=6974)
                                             Index Cond: (movie_id = t.id)
                                             Filter: (((info)::text = ANY ('{"Black and White",Color}'::text[])) AND (info_type_id = 2))
                                             Rows Removed by Filter: 9
                                             Buffers: shared hit=69251 read=4357
                     ->  Index Scan using movie_id_cast_info on cast_info ci  (cost=0.44..44.17 rows=38 width=12) (actual time=0.034..0.139 rows=12 loops=6991)
                           Index Cond: (movie_id = t.id)
                           Buffers: shared hit=88226 read=15096
               ->  Hash  (cost=1.15..1.15 rows=1 width=4) (actual time=0.029..0.030 rows=1 loops=1)
                     Buckets: 1024  Batches: 1  Memory Usage: 9kB
                     Buffers: shared hit=1
                     ->  Seq Scan on role_type rt  (cost=0.00..1.15 rows=1 width=4) (actual time=0.021..0.022 rows=1 loops=1)
                           Filter: ((role)::text = 'composer'::text)
                           Rows Removed by Filter: 11
                           Buffers: shared hit=1
         ->  Index Scan using name_pkey on name n  (cost=0.43..2.32 rows=1 width=4) (actual time=0.038..0.038 rows=1 loops=1561)
               Index Cond: (id = ci.person_id)
               Filter: (((gender)::text = ANY ('{f,m}'::text[])) OR (gender IS NULL))
               Buffers: shared hit=6058 read=186
 Planning:
   Buffers: shared hit=520 read=54
 Planning Time: 13.313 ms
 Execution Time: 2992.216 ms
(72 rows)

