                                                                                                           QUERY PLAN                                                                                                            
---------------------------------------------------------------------------------------------------------------------------------------------------------------------------------------------------------------------------------
 Aggregate  (cost=450592.80..450592.81 rows=1 width=8) (actual time=2126.350..2126.358 rows=1 loops=1)
   Buffers: shared hit=202320 read=12571
   ->  Nested Loop  (cost=15875.57..450592.79 rows=5 width=0) (actual time=58.991..2126.348 rows=13 loops=1)
         Buffers: shared hit=202320 read=12571
         ->  Hash Join  (cost=15875.14..450560.35 rows=14 width=4) (actual time=46.281..2125.211 rows=49 loops=1)
               Hash Cond: (ci.role_id = rt.id)
               Buffers: shared hit=202212 read=12483
               ->  Nested Loop  (cost=15873.91..450558.96 rows=43 width=8) (actual time=46.172..2125.113 rows=175 loops=1)
                     Buffers: shared hit=202211 read=12483
                     ->  Nested Loop  (cost=15873.47..450424.39 rows=3 width=12) (actual time=46.135..2123.605 rows=8 loops=1)
                           Buffers: shared hit=202161 read=12340
                           ->  Seq Scan on info_type it2  (cost=0.00..2.41 rows=1 width=4) (actual time=0.031..0.039 rows=1 loops=1)
                                 Filter: (id = 8)
                                 Rows Removed by Filter: 112
                                 Buffers: shared hit=1
                           ->  Nested Loop  (cost=15873.47..450421.95 rows=3 width=16) (actual time=46.103..2123.560 rows=8 loops=1)
                                 Buffers: shared hit=202160 read=12340
                                 ->  Seq Scan on info_type it1  (cost=0.00..2.41 rows=1 width=4) (actual time=0.012..0.023 rows=1 loops=1)
                                       Filter: (id = 7)
                                       Rows Removed by Filter: 112
                                       Buffers: shared hit=1
                                 ->  Nested Loop  (cost=15873.47..450419.51 rows=3 width=20) (actual time=46.087..2123.530 rows=8 loops=1)
                                       Buffers: shared hit=202159 read=12340
                                       ->  Hash Join  (cost=15873.03..435514.12 rows=342 width=12) (actual time=39.703..2110.649 rows=162 loops=1)
                                             Hash Cond: (t.kind_id = kt.id)
                                             Buffers: shared hit=200731 read=11999
                                             ->  Nested Loop  (cost=15871.88..435510.45 rows=598 width=16) (actual time=39.653..2104.003 rows=40037 loops=1)
                                                   Buffers: shared hit=200730 read=11999
                                                   ->  Bitmap Heap Scan on movie_info mi1  (cost=15871.44..404112.08 rows=4209 width=8) (actual time=38.302..542.588 rows=51817 loops=1)
                                                         Recheck Cond: (info_type_id = 7)
                                                         Filter: ((info)::text = ANY ('{MET:,PCS:Panavision,PCS:Techniscope,PCS:Totalscope,"RAT:1.37 : 1"}'::text[]))
                                                         Rows Removed by Filter: 1350085
                                                         Heap Blocks: exact=10050
                                                         Buffers: shared hit=1637 read=9512
                                                         ->  Bitmap Index Scan on info_type_id_movie_info  (cost=0.00..15870.39 rows=1484527 width=0) (actual time=36.929..36.929 rows=1401902 loops=1)
                                                               Index Cond: (info_type_id = 7)
                                                               Buffers: shared hit=1 read=1098
                                                   ->  Memoize  (cost=0.44..7.49 rows=1 width=8) (actual time=0.030..0.030 rows=1 loops=51817)
                                                         Cache Key: mi1.movie_id
                                                         Cache Mode: logical
                                                         Hits: 1422  Misses: 50395  Evictions: 0  Overflows: 0  Memory Usage: 4858kB
                                                         Buffers: shared hit=199093 read=2487
                                                         ->  Index Scan using title_pkey on title t  (cost=0.43..7.48 rows=1 width=8) (actual time=0.030..0.030 rows=1 loops=50395)
                                                               Index Cond: (id = mi1.movie_id)
                                                               Filter: ((production_year <= 1975) AND (production_year >= 1925))
                                                               Rows Removed by Filter: 0
                                                               Buffers: shared hit=199093 read=2487
                                             ->  Hash  (cost=1.10..1.10 rows=4 width=4) (actual time=0.022..0.023 rows=4 loops=1)
                                                   Buckets: 1024  Batches: 1  Memory Usage: 9kB
                                                   Buffers: shared hit=1
                                                   ->  Seq Scan on kind_type kt  (cost=0.00..1.10 rows=4 width=4) (actual time=0.008..0.011 rows=4 loops=1)
                                                         Filter: ((kind)::text = ANY ('{episode,"tv series","video game","video movie"}'::text[]))
                                                         Rows Removed by Filter: 3
                                                         Buffers: shared hit=1
                                       ->  Index Scan using movie_id_movie_info on movie_info mi2  (cost=0.43..43.57 rows=1 width=8) (actual time=0.078..0.079 rows=0 loops=162)
                                             Index Cond: (movie_id = t.id)
                                             Filter: ((info_type_id = 8) AND ((info)::text = ANY ('{Argentina,Belgium,Brazil,Canada,Czechoslovakia,"East Germany",Egypt,France,Iran,Japan,Netherlands,Taiwan,Turkey}'::text[])))
                                             Rows Removed by Filter: 12
                                             Buffers: shared hit=1428 read=341
                     ->  Index Scan using movie_id_cast_info on cast_info ci  (cost=0.44..44.48 rows=38 width=12) (actual time=0.031..0.184 rows=22 loops=8)
                           Index Cond: (movie_id = t.id)
                           Buffers: shared hit=50 read=143
               ->  Hash  (cost=1.18..1.18 rows=4 width=4) (actual time=0.039..0.039 rows=4 loops=1)
                     Buckets: 1024  Batches: 1  Memory Usage: 9kB
                     Buffers: shared hit=1
                     ->  Seq Scan on role_type rt  (cost=0.00..1.18 rows=4 width=4) (actual time=0.025..0.029 rows=4 loops=1)
                           Filter: ((role)::text = ANY ('{actress,cinematographer,guest,"miscellaneous crew"}'::text[]))
                           Rows Removed by Filter: 8
                           Buffers: shared hit=1
         ->  Index Scan using name_pkey on name n  (cost=0.43..2.32 rows=1 width=4) (actual time=0.023..0.023 rows=0 loops=49)
               Index Cond: (id = ci.person_id)
               Filter: (gender IS NULL)
               Rows Removed by Filter: 1
               Buffers: shared hit=108 read=88
 Planning:
   Buffers: shared hit=574
 Planning Time: 12.572 ms
 Execution Time: 2127.712 ms
(78 rows)

