                                                                                                                                                                                                                                          QUERY PLAN                                                                                                                                                                                                                                          
----------------------------------------------------------------------------------------------------------------------------------------------------------------------------------------------------------------------------------------------------------------------------------------------------------------------------------------------------------------------------------------------------------------------------------------------------------------------------------------------
 Aggregate  (cost=408522.20..408522.21 rows=1 width=8) (actual time=3949.247..3949.253 rows=1 loops=1)
   Buffers: shared hit=376727 read=28324
   ->  Nested Loop  (cost=7081.84..408522.20 rows=2 width=0) (actual time=28.859..3945.407 rows=22748 loops=1)
         Buffers: shared hit=376727 read=28324
         ->  Hash Join  (cost=7081.41..408512.92 rows=4 width=4) (actual time=28.816..3211.165 rows=22892 loops=1)
               Hash Cond: (ci.role_id = rt.id)
               Buffers: shared hit=286887 read=26596
               ->  Nested Loop  (cost=7080.20..408511.67 rows=14 width=8) (actual time=28.748..3175.765 rows=195143 loops=1)
                     Buffers: shared hit=286886 read=26596
                     ->  Nested Loop  (cost=7079.76..408466.81 rows=1 width=12) (actual time=28.710..1268.510 rows=8332 loops=1)
                           Buffers: shared hit=84154 read=10713
                           ->  Nested Loop  (cost=7079.76..408464.39 rows=1 width=16) (actual time=28.704..1094.065 rows=8332 loops=1)
                                 Buffers: shared hit=75822 read=10713
                                 ->  Nested Loop  (cost=7079.76..408461.97 rows=1 width=20) (actual time=28.680..907.010 rows=8332 loops=1)
                                       Buffers: shared hit=67490 read=10713
                                       ->  Hash Join  (cost=7079.33..407937.74 rows=12 width=12) (actual time=21.808..545.418 rows=3195 loops=1)
                                             Hash Cond: (t.kind_id = kt.id)
                                             Buffers: shared hit=35970 read=2923
                                             ->  Nested Loop  (cost=7078.13..407936.48 rows=14 width=16) (actual time=21.758..543.610 rows=3195 loops=1)
                                                   Buffers: shared hit=35969 read=2923
                                                   ->  Bitmap Heap Scan on movie_info mi1  (cost=7077.70..407082.78 rows=101 width=8) (actual time=19.745..291.351 rows=7850 loops=1)
                                                         Recheck Cond: (info_type_id = 18)
                                                         Filter: ((info)::text = ANY ('{"CBS Studio Center - 4024 Radford Avenue, Studio City, Los Angeles, California, USA","Milan, Lombardia, Italy","Munich, Bavaria, Germany","Pinewood Studios, Iver Heath, Buckinghamshire, England, UK","Stage 41, Universal Studios - 100 Universal City Plaza, Universal City, California, USA","Studio 8H, NBC Studios - 30 Rockefeller Plaza, Manhattan, New York City, New York, USA"}'::text[]))
                                                         Rows Removed by Filter: 653073
                                                         Heap Blocks: exact=6972
                                                         Buffers: shared hit=7489 read=3
                                                         ->  Bitmap Index Scan on info_type_id_movie_info  (cost=0.00..7077.68 rows=662032 width=0) (actual time=18.604..18.605 rows=660923 loops=1)
                                                               Index Cond: (info_type_id = 18)
                                                               Buffers: shared hit=520
                                                   ->  Index Scan using title_pkey on title t  (cost=0.43..8.45 rows=1 width=8) (actual time=0.032..0.032 rows=0 loops=7850)
                                                         Index Cond: (id = mi1.movie_id)
                                                         Filter: ((production_year <= 1975) AND (production_year >= 1925))
                                                         Rows Removed by Filter: 1
                                                         Buffers: shared hit=28480 read=2920
                                             ->  Hash  (cost=1.12..1.12 rows=6 width=4) (actual time=0.020..0.021 rows=6 loops=1)
                                                   Buckets: 1024  Batches: 1  Memory Usage: 9kB
                                                   Buffers: shared hit=1
                                                   ->  Seq Scan on kind_type kt  (cost=0.00..1.12 rows=6 width=4) (actual time=0.010..0.013 rows=6 loops=1)
                                                         Filter: ((kind)::text = ANY ('{episode,movie,"tv movie","tv series","video game","video movie"}'::text[]))
                                                         Rows Removed by Filter: 1
                                                         Buffers: shared hit=1
                                       ->  Index Scan using movie_id_movie_info on movie_info mi2  (cost=0.43..43.68 rows=1 width=8) (actual time=0.062..0.112 rows=3 loops=3195)
                                             Index Cond: (movie_id = t.id)
                                             Filter: ((info_type_id = 7) AND ((info)::text = ANY ('{"CAM:Panavision Cameras and Lenses","LAB:Consolidated Film Industries (CFI), Hollywood (CA), USA",LAB:Technicolor,"OFM:35 mm",OFM:Live,OFM:Video,PCS:Techniscope,"PFM:16 mm","PFM:35 mm","RAT:1.20 : 1","RAT:1.33 : 1","RAT:1.66 : 1","RAT:2.20 : 1","RAT:2.35 : 1",RAT:4:3}'::text[])))
                                             Rows Removed by Filter: 16
                                             Buffers: shared hit=31520 read=7790
                                 ->  Seq Scan on info_type it1  (cost=0.00..2.41 rows=1 width=4) (actual time=0.013..0.021 rows=1 loops=8332)
                                       Filter: (id = 18)
                                       Rows Removed by Filter: 112
                                       Buffers: shared hit=8332
                           ->  Seq Scan on info_type it2  (cost=0.00..2.41 rows=1 width=4) (actual time=0.011..0.019 rows=1 loops=8332)
                                 Filter: (id = 7)
                                 Rows Removed by Filter: 112
                                 Buffers: shared hit=8332
                     ->  Index Scan using movie_id_cast_info on cast_info ci  (cost=0.44..44.48 rows=38 width=12) (actual time=0.033..0.223 rows=23 loops=8332)
                           Index Cond: (movie_id = t.id)
                           Buffers: shared hit=202732 read=15883
               ->  Hash  (cost=1.17..1.17 rows=3 width=4) (actual time=0.036..0.036 rows=3 loops=1)
                     Buckets: 1024  Batches: 1  Memory Usage: 9kB
                     Buffers: shared hit=1
                     ->  Seq Scan on role_type rt  (cost=0.00..1.17 rows=3 width=4) (actual time=0.026..0.029 rows=3 loops=1)
                           Filter: ((role)::text = ANY ('{composer,producer,"production designer"}'::text[]))
                           Rows Removed by Filter: 9
                           Buffers: shared hit=1
         ->  Index Scan using name_pkey on name n  (cost=0.43..2.32 rows=1 width=4) (actual time=0.031..0.031 rows=1 loops=22892)
               Index Cond: (id = ci.person_id)
               Filter: (((gender)::text = 'm'::text) OR (gender IS NULL))
               Rows Removed by Filter: 0
               Buffers: shared hit=89840 read=1728
 Planning:
   Buffers: shared hit=574
 Planning Time: 12.849 ms
 Execution Time: 3949.817 ms
(73 rows)

