                                                                                                                                                                           QUERY PLAN                                                                                                                                                                            
-----------------------------------------------------------------------------------------------------------------------------------------------------------------------------------------------------------------------------------------------------------------------------------------------------------------------------------------------------------------
 Aggregate  (cost=547461.68..547461.69 rows=1 width=8) (actual time=17677.423..17677.431 rows=1 loops=1)
   Buffers: shared hit=1659069 read=133833
   ->  Nested Loop  (cost=13061.76..547461.64 rows=19 width=0) (actual time=39.842..17674.691 rows=9374 loops=1)
         Buffers: shared hit=1659069 read=133833
         ->  Hash Join  (cost=13061.33..547373.50 rows=38 width=4) (actual time=38.295..12007.716 rows=155402 loops=1)
               Hash Cond: (ci.role_id = rt.id)
               Buffers: shared hit=1059769 read=111525
               ->  Nested Loop  (cost=13060.15..547371.51 rows=229 width=8) (actual time=38.240..11911.045 rows=305666 loops=1)
                     Buffers: shared hit=1059768 read=111525
                     ->  Nested Loop  (cost=13059.71..546653.80 rows=16 width=12) (actual time=38.200..8608.507 rows=10552 loops=1)
                           Buffers: shared hit=771380 read=69009
                           ->  Seq Scan on info_type it2  (cost=0.00..2.41 rows=1 width=4) (actual time=0.032..0.041 rows=1 loops=1)
                                 Filter: (id = 7)
                                 Rows Removed by Filter: 112
                                 Buffers: shared hit=1
                           ->  Nested Loop  (cost=13059.71..546651.23 rows=16 width=16) (actual time=38.167..8605.499 rows=10552 loops=1)
                                 Buffers: shared hit=771379 read=69009
                                 ->  Seq Scan on info_type it1  (cost=0.00..2.41 rows=1 width=4) (actual time=0.008..0.020 rows=1 loops=1)
                                       Filter: (id = 4)
                                       Rows Removed by Filter: 112
                                       Buffers: shared hit=1
                                 ->  Nested Loop  (cost=13059.71..546648.66 rows=16 width=20) (actual time=38.155..8602.384 rows=10552 loops=1)
                                       Buffers: shared hit=771378 read=69009
                                       ->  Hash Join  (cost=13059.28..505981.54 rows=932 width=12) (actual time=38.123..6000.868 rows=24195 loops=1)
                                             Hash Cond: (t.kind_id = kt.id)
                                             Buffers: shared hit=553124 read=25901
                                             ->  Nested Loop  (cost=13058.10..505974.87 rows=1305 width=16) (actual time=38.081..5986.990 rows=26275 loops=1)
                                                   Buffers: shared hit=553123 read=25901
                                                   ->  Bitmap Heap Scan on movie_info mi1  (cost=13057.66..445385.90 rows=9183 width=8) (actual time=38.040..824.627 rows=144005 loops=1)
                                                         Recheck Cond: (info_type_id = 4)
                                                         Filter: ((info)::text = ANY ('{Czech,Georgian,Hebrew,Italian,Latin,Serbo-Croatian,Spanish,Swedish}'::text[]))
                                                         Rows Removed by Filter: 1154984
                                                         Heap Blocks: exact=8393
                                                         Buffers: shared hit=907 read=8505
                                                         ->  Bitmap Index Scan on info_type_id_movie_info  (cost=0.00..13055.37 rows=1221191 width=0) (actual time=35.456..35.456 rows=1298989 loops=1)
                                                               Index Cond: (info_type_id = 4)
                                                               Buffers: shared hit=1 read=1018
                                                   ->  Memoize  (cost=0.44..6.66 rows=1 width=8) (actual time=0.035..0.035 rows=0 loops=144005)
                                                         Cache Key: mi1.movie_id
                                                         Cache Mode: logical
                                                         Hits: 1602  Misses: 142403  Evictions: 31227  Overflows: 0  Memory Usage: 8193kB
                                                         Buffers: shared hit=552216 read=17396
                                                         ->  Index Scan using title_pkey on title t  (cost=0.43..6.65 rows=1 width=8) (actual time=0.035..0.035 rows=0 loops=142403)
                                                               Index Cond: (id = mi1.movie_id)
                                                               Filter: ((production_year <= 1975) AND (production_year >= 1925))
                                                               Rows Removed by Filter: 1
                                                               Buffers: shared hit=552216 read=17396
                                             ->  Hash  (cost=1.11..1.11 rows=5 width=4) (actual time=0.016..0.016 rows=5 loops=1)
                                                   Buckets: 1024  Batches: 1  Memory Usage: 9kB
                                                   Buffers: shared hit=1
                                                   ->  Seq Scan on kind_type kt  (cost=0.00..1.11 rows=5 width=4) (actual time=0.009..0.011 rows=5 loops=1)
                                                         Filter: ((kind)::text = ANY ('{episode,movie,"tv series","video game","video movie"}'::text[]))
                                                         Rows Removed by Filter: 2
                                                         Buffers: shared hit=1
                                       ->  Index Scan using movie_id_movie_info on movie_info mi2  (cost=0.43..43.62 rows=1 width=8) (actual time=0.089..0.107 rows=0 loops=24195)
                                             Index Cond: (movie_id = t.id)
                                             Filter: ((info_type_id = 7) AND ((info)::text = ANY ('{"LAB:Consolidated Film Industries (CFI), Hollywood (CA), USA",LAB:Technicolor,"MET:600 m","OFM:16 mm",PCS:CinemaScope,PCS:Kinescope,PCS:Panavision,PCS:Spherical,"PFM:16 mm","PFM:70 mm",PFM:Video,"RAT:1.33 : 1","RAT:1.37 : 1","RAT:1.66 : 1"}'::text[])))
                                             Rows Removed by Filter: 13
                                             Buffers: shared hit=218254 read=43108
                     ->  Index Scan using movie_id_cast_info on cast_info ci  (cost=0.44..44.48 rows=38 width=12) (actual time=0.038..0.304 rows=29 loops=10552)
                           Index Cond: (movie_id = t.id)
                           Buffers: shared hit=288388 read=42516
               ->  Hash  (cost=1.15..1.15 rows=2 width=4) (actual time=0.033..0.034 rows=2 loops=1)
                     Buckets: 1024  Batches: 1  Memory Usage: 9kB
                     Buffers: shared hit=1
                     ->  Seq Scan on role_type rt  (cost=0.00..1.15 rows=2 width=4) (actual time=0.024..0.027 rows=2 loops=1)
                           Filter: ((role)::text = ANY ('{actor,"miscellaneous crew"}'::text[]))
                           Rows Removed by Filter: 10
                           Buffers: shared hit=1
         ->  Index Scan using name_pkey on name n  (cost=0.43..2.32 rows=1 width=4) (actual time=0.036..0.036 rows=0 loops=155402)
               Index Cond: (id = ci.person_id)
               Filter: (((gender)::text = 'f'::text) OR (gender IS NULL))
               Rows Removed by Filter: 1
               Buffers: shared hit=599300 read=22308
 Planning:
   Buffers: shared hit=574
 Planning Time: 13.620 ms
 Execution Time: 17680.041 ms
(78 rows)

