                                                                                                                                                                                                   QUERY PLAN                                                                                                                                                                                                   
----------------------------------------------------------------------------------------------------------------------------------------------------------------------------------------------------------------------------------------------------------------------------------------------------------------------------------------------------------------------------------------------------------------
 Aggregate  (cost=442265.14..442265.15 rows=1 width=8) (actual time=338.051..338.057 rows=1 loops=1)
   Buffers: shared hit=17204 read=10814
   ->  Nested Loop  (cost=7081.93..442265.14 rows=2 width=0) (actual time=181.830..338.048 rows=3 loops=1)
         Buffers: shared hit=17204 read=10814
         ->  Hash Join  (cost=7081.50..442255.86 rows=4 width=4) (actual time=181.786..337.915 rows=4 loops=1)
               Hash Cond: (ci.role_id = rt.id)
               Buffers: shared hit=17195 read=10807
               ->  Nested Loop  (cost=7080.30..442254.61 rows=14 width=8) (actual time=173.507..337.851 rows=120 loops=1)
                     Buffers: shared hit=17194 read=10807
                     ->  Nested Loop  (cost=7079.86..442210.95 rows=1 width=12) (actual time=173.466..336.838 rows=4 loops=1)
                           Buffers: shared hit=17169 read=10701
                           ->  Nested Loop  (cost=7079.86..442208.53 rows=1 width=16) (actual time=173.459..336.796 rows=4 loops=1)
                                 Buffers: shared hit=17165 read=10701
                                 ->  Nested Loop  (cost=7079.86..442206.11 rows=1 width=20) (actual time=173.435..336.725 rows=4 loops=1)
                                       Buffers: shared hit=17161 read=10701
                                       ->  Hash Join  (cost=7079.42..427385.75 rows=349 width=12) (actual time=21.250..296.232 rows=517 loops=1)
                                             Hash Cond: (t.kind_id = kt.id)
                                             Buffers: shared hit=14234 read=6979
                                             ->  Nested Loop  (cost=7078.27..427382.03 rows=610 width=16) (actual time=21.212..295.672 rows=3407 loops=1)
                                                   Buffers: shared hit=14233 read=6979
                                                   ->  Bitmap Heap Scan on movie_info mi2  (cost=7077.84..421970.55 rows=653 width=8) (actual time=21.176..209.881 rows=3430 loops=1)
                                                         Recheck Cond: (info_type_id = 18)
                                                         Filter: ((info)::text = ANY ('{"Dublin, County Dublin, Ireland","Hamilton, Ontario, Canada","Marina del Rey, California, USA",Netherlands,"Oahu, Hawaii, USA","Ren-Mar Studios - 846 N. Cahuenga Blvd., Hollywood, Los Angeles, California, USA","Stage 37, Universal Studios - 100 Universal City Plaza, Universal City, California, USA"}'::text[]))
                                                         Rows Removed by Filter: 657493
                                                         Heap Blocks: exact=6972
                                                         Buffers: shared hit=1459 read=6033
                                                         ->  Bitmap Index Scan on info_type_id_movie_info  (cost=0.00..7077.68 rows=662032 width=0) (actual time=20.086..20.086 rows=660923 loops=1)
                                                               Index Cond: (info_type_id = 18)
                                                               Buffers: shared read=520
                                                   ->  Index Scan using title_pkey on title t  (cost=0.43..8.29 rows=1 width=8) (actual time=0.025..0.025 rows=1 loops=3430)
                                                         Index Cond: (id = mi2.movie_id)
                                                         Filter: ((production_year <= 2015) AND (production_year >= 1925))
                                                         Rows Removed by Filter: 0
                                                         Buffers: shared hit=12774 read=946
                                             ->  Hash  (cost=1.10..1.10 rows=4 width=4) (actual time=0.017..0.017 rows=4 loops=1)
                                                   Buckets: 1024  Batches: 1  Memory Usage: 9kB
                                                   Buffers: shared hit=1
                                                   ->  Seq Scan on kind_type kt  (cost=0.00..1.10 rows=4 width=4) (actual time=0.007..0.009 rows=4 loops=1)
                                                         Filter: ((kind)::text = ANY ('{"tv movie","tv series","video game","video movie"}'::text[]))
                                                         Rows Removed by Filter: 3
                                                         Buffers: shared hit=1
                                       ->  Index Scan using movie_id_movie_info on movie_info mi1  (cost=0.43..42.46 rows=1 width=8) (actual time=0.077..0.078 rows=0 loops=517)
                                             Index Cond: (movie_id = t.id)
                                             Filter: ((info_type_id = 7) AND ((info)::text = ANY ('{"CAM:Lenses and Panaflex Cameras by Panavision","CAM:Panasonic AG-HVX200","LAB:DeLuxe, London, UK","LAB:DeLuxe, USA",OFM:HD,OFM:HDCAM,"OFM:Super 16"}'::text[])))
                                             Rows Removed by Filter: 22
                                             Buffers: shared hit=2927 read=3722
                                 ->  Seq Scan on info_type it1  (cost=0.00..2.41 rows=1 width=4) (actual time=0.010..0.014 rows=1 loops=4)
                                       Filter: (id = 7)
                                       Rows Removed by Filter: 112
                                       Buffers: shared hit=4
                           ->  Seq Scan on info_type it2  (cost=0.00..2.41 rows=1 width=4) (actual time=0.004..0.008 rows=1 loops=4)
                                 Filter: (id = 18)
                                 Rows Removed by Filter: 112
                                 Buffers: shared hit=4
                     ->  Index Scan using movie_id_cast_info on cast_info ci  (cost=0.44..43.28 rows=38 width=12) (actual time=0.031..0.247 rows=30 loops=4)
                           Index Cond: (movie_id = t.id)
                           Buffers: shared hit=25 read=106
               ->  Hash  (cost=1.17..1.17 rows=3 width=4) (actual time=0.028..0.028 rows=3 loops=1)
                     Buckets: 1024  Batches: 1  Memory Usage: 9kB
                     Buffers: shared hit=1
                     ->  Seq Scan on role_type rt  (cost=0.00..1.17 rows=3 width=4) (actual time=0.022..0.023 rows=3 loops=1)
                           Filter: ((role)::text = ANY ('{"costume designer",director,guest}'::text[]))
                           Rows Removed by Filter: 9
                           Buffers: shared hit=1
         ->  Index Scan using name_pkey on name n  (cost=0.43..2.32 rows=1 width=4) (actual time=0.031..0.032 rows=1 loops=4)
               Index Cond: (id = ci.person_id)
               Filter: (((gender)::text = 'm'::text) OR (gender IS NULL))
               Rows Removed by Filter: 0
               Buffers: shared hit=9 read=7
 Planning:
   Buffers: shared hit=529 read=45
 Planning Time: 13.351 ms
 Execution Time: 338.489 ms
(73 rows)

