                                                                                                                    QUERY PLAN                                                                                                                     
---------------------------------------------------------------------------------------------------------------------------------------------------------------------------------------------------------------------------------------------------
 Aggregate  (cost=481402.15..481402.16 rows=1 width=8) (actual time=11341.607..11341.618 rows=1 loops=1)
   Buffers: shared hit=1100350 read=75018
   ->  Nested Loop  (cost=5096.28..481402.15 rows=3 width=0) (actual time=129.757..11340.663 rows=2973 loops=1)
         Buffers: shared hit=1100350 read=75018
         ->  Hash Join  (cost=5095.85..481392.87 rows=4 width=4) (actual time=129.525..11170.424 rows=4535 loops=1)
               Hash Cond: (ci.role_id = rt.id)
               Buffers: shared hit=1084195 read=73033
               ->  Nested Loop  (cost=5094.64..481391.62 rows=14 width=8) (actual time=129.149..11157.820 rows=58759 loops=1)
                     Buffers: shared hit=1084194 read=73033
                     ->  Nested Loop  (cost=5094.20..481346.76 rows=1 width=12) (actual time=129.073..10548.964 rows=915 loops=1)
                           Buffers: shared hit=1039258 read=58296
                           ->  Nested Loop  (cost=5094.20..481344.34 rows=1 width=16) (actual time=129.061..10528.373 rows=915 loops=1)
                                 Buffers: shared hit=1038343 read=58296
                                 ->  Nested Loop  (cost=5094.20..481341.92 rows=1 width=20) (actual time=129.023..10503.738 rows=915 loops=1)
                                       Buffers: shared hit=1037428 read=58296
                                       ->  Hash Join  (cost=5093.77..441296.38 rows=921 width=12) (actual time=53.637..8678.479 rows=16318 loops=1)
                                             Hash Cond: (t.kind_id = kt.id)
                                             Buffers: shared hit=913852 read=14269
                                             ->  Nested Loop  (cost=5092.57..441290.65 rows=1075 width=16) (actual time=53.595..8669.339 rows=16318 loops=1)
                                                   Buffers: shared hit=913851 read=14269
                                                   ->  Bitmap Heap Scan on movie_info mi1  (cost=5092.13..389503.08 rows=7561 width=8) (actual time=16.507..296.487 rows=233146 loops=1)
                                                         Recheck Cond: (info_type_id = 6)
                                                         Filter: ((info)::text = ANY ('{"4-Track Stereo","70 mm 6-Track","Dolby Digital",Silent,Stereo}'::text[]))
                                                         Rows Removed by Filter: 241297
                                                         Heap Blocks: exact=3206
                                                         Buffers: shared hit=1273 read=2307
                                                         ->  Bitmap Index Scan on info_type_id_movie_info  (cost=0.00..5090.24 rows=475974 width=0) (actual time=16.057..16.057 rows=474443 loops=1)
                                                               Index Cond: (info_type_id = 6)
                                                               Buffers: shared hit=1 read=373
                                                   ->  Memoize  (cost=0.44..6.90 rows=1 width=8) (actual time=0.036..0.036 rows=0 loops=233146)
                                                         Cache Key: mi1.movie_id
                                                         Cache Mode: logical
                                                         Hits: 2011  Misses: 231135  Evictions: 113766  Overflows: 0  Memory Usage: 8193kB
                                                         Buffers: shared hit=912578 read=11962
                                                         ->  Index Scan using title_pkey on title t  (cost=0.43..6.89 rows=1 width=8) (actual time=0.035..0.035 rows=0 loops=231135)
                                                               Index Cond: (id = mi1.movie_id)
                                                               Filter: ((production_year <= 1975) AND (production_year >= 1925))
                                                               Rows Removed by Filter: 1
                                                               Buffers: shared hit=912578 read=11962
                                             ->  Hash  (cost=1.12..1.12 rows=6 width=4) (actual time=0.016..0.017 rows=6 loops=1)
                                                   Buckets: 1024  Batches: 1  Memory Usage: 9kB
                                                   Buffers: shared hit=1
                                                   ->  Seq Scan on kind_type kt  (cost=0.00..1.12 rows=6 width=4) (actual time=0.010..0.012 rows=6 loops=1)
                                                         Filter: ((kind)::text = ANY ('{episode,movie,"tv movie","tv series","video game","video movie"}'::text[]))
                                                         Rows Removed by Filter: 1
                                                         Buffers: shared hit=1
                                       ->  Index Scan using movie_id_movie_info on movie_info mi2  (cost=0.43..43.47 rows=1 width=8) (actual time=0.110..0.111 rows=0 loops=16318)
                                             Index Cond: (movie_id = t.id)
                                             Filter: ((info_type_id = 5) AND ((info)::text = ANY ('{Argentina:16,Finland:(Banned),Finland:K-16,Germany:16,Iceland:16,Netherlands:AL,Sweden:Btl,UK:15,USA:TV-G,USA:X,"West Germany:18"}'::text[])))
                                             Rows Removed by Filter: 15
                                             Buffers: shared hit=123576 read=44027
                                 ->  Seq Scan on info_type it1  (cost=0.00..2.41 rows=1 width=4) (actual time=0.014..0.023 rows=1 loops=915)
                                       Filter: (id = 6)
                                       Rows Removed by Filter: 112
                                       Buffers: shared hit=915
                           ->  Seq Scan on info_type it2  (cost=0.00..2.41 rows=1 width=4) (actual time=0.010..0.020 rows=1 loops=915)
                                 Filter: (id = 5)
                                 Rows Removed by Filter: 112
                                 Buffers: shared hit=915
                     ->  Index Scan using movie_id_cast_info on cast_info ci  (cost=0.44..44.48 rows=38 width=12) (actual time=0.042..0.646 rows=64 loops=915)
                           Index Cond: (movie_id = t.id)
                           Buffers: shared hit=44936 read=14737
               ->  Hash  (cost=1.17..1.17 rows=3 width=4) (actual time=0.036..0.037 rows=3 loops=1)
                     Buckets: 1024  Batches: 1  Memory Usage: 9kB
                     Buffers: shared hit=1
                     ->  Seq Scan on role_type rt  (cost=0.00..1.17 rows=3 width=4) (actual time=0.025..0.027 rows=3 loops=1)
                           Filter: ((role)::text = ANY ('{composer,director,writer}'::text[]))
                           Rows Removed by Filter: 9
                           Buffers: shared hit=1
         ->  Index Scan using name_pkey on name n  (cost=0.43..2.32 rows=1 width=4) (actual time=0.037..0.037 rows=1 loops=4535)
               Index Cond: (id = ci.person_id)
               Filter: ((gender)::text = ANY ('{f,m}'::text[]))
               Rows Removed by Filter: 0
               Buffers: shared hit=16155 read=1985
 Planning:
   Buffers: shared hit=574
 Planning Time: 14.010 ms
 Execution Time: 11344.392 ms
(78 rows)

