                                                                                               QUERY PLAN                                                                                               
--------------------------------------------------------------------------------------------------------------------------------------------------------------------------------------------------------
 Aggregate  (cost=474616.90..474616.91 rows=1 width=8) (actual time=17928.742..17928.750 rows=1 loops=1)
   Buffers: shared hit=1662906 read=201043
   ->  Nested Loop  (cost=14217.97..474616.70 rows=77 width=0) (actual time=739.886..17913.819 rows=83530 loops=1)
         Buffers: shared hit=1662906 read=201043
         ->  Hash Join  (cost=14217.54..474329.08 rows=124 width=4) (actual time=739.753..14689.206 rows=87870 loops=1)
               Hash Cond: (ci.role_id = rt.id)
               Buffers: shared hit=1331658 read=180811
               ->  Nested Loop  (cost=14216.31..474326.53 rows=373 width=8) (actual time=739.272..14557.311 rows=620683 loops=1)
                     Buffers: shared hit=1331657 read=180811
                     ->  Nested Loop  (cost=14215.87..473173.14 rows=26 width=12) (actual time=739.213..7693.579 rows=31753 loops=1)
                           Buffers: shared hit=738103 read=69276
                           ->  Seq Scan on info_type it2  (cost=0.00..2.41 rows=1 width=4) (actual time=0.029..0.038 rows=1 loops=1)
                                 Filter: (id = 2)
                                 Rows Removed by Filter: 112
                                 Buffers: shared hit=1
                           ->  Nested Loop  (cost=14215.87..473170.46 rows=26 width=16) (actual time=739.183..7685.793 rows=31753 loops=1)
                                 Buffers: shared hit=738102 read=69276
                                 ->  Seq Scan on info_type it1  (cost=0.00..2.41 rows=1 width=4) (actual time=0.009..0.019 rows=1 loops=1)
                                       Filter: (id = 8)
                                       Rows Removed by Filter: 112
                                       Buffers: shared hit=1
                                 ->  Nested Loop  (cost=14215.87..473167.79 rows=26 width=20) (actual time=739.170..7677.605 rows=31753 loops=1)
                                       Buffers: shared hit=738101 read=69276
                                       ->  Hash Join  (cost=14215.43..448240.31 rows=584 width=12) (actual time=738.942..4229.789 rows=36777 loops=1)
                                             Hash Cond: (t.kind_id = kt.id)
                                             Buffers: shared hit=426526 read=18324
                                             ->  Nested Loop  (cost=14214.32..448230.58 rows=2045 width=16) (actual time=37.278..4209.738 rows=42337 loops=1)
                                                   Buffers: shared hit=426525 read=18324
                                                   ->  Bitmap Heap Scan on movie_info mi1  (cost=14213.88..386809.17 rows=9343 width=8) (actual time=37.074..417.000 rows=111972 loops=1)
                                                         Recheck Cond: (info_type_id = 8)
                                                         Filter: ((info)::text = ANY ('{Belgium,Bulgaria,Cuba,France,Iran,Ireland,Philippines,"South Africa","West Germany"}'::text[]))
                                                         Rows Removed by Filter: 1213389
                                                         Heap Blocks: exact=7853
                                                         Buffers: shared hit=1245 read=7648
                                                         ->  Bitmap Index Scan on info_type_id_movie_info  (cost=0.00..14211.52 rows=1329478 width=0) (actual time=36.076..36.076 rows=1325361 loops=1)
                                                               Index Cond: (info_type_id = 8)
                                                               Buffers: shared read=1040
                                                   ->  Memoize  (cost=0.44..6.64 rows=1 width=8) (actual time=0.033..0.033 rows=0 loops=111972)
                                                         Cache Key: mi1.movie_id
                                                         Cache Mode: logical
                                                         Hits: 2983  Misses: 108989  Evictions: 7926  Overflows: 0  Memory Usage: 8193kB
                                                         Buffers: shared hit=425280 read=10676
                                                         ->  Index Scan using title_pkey on title t  (cost=0.43..6.63 rows=1 width=8) (actual time=0.033..0.033 rows=0 loops=108989)
                                                               Index Cond: (id = mi1.movie_id)
                                                               Filter: ((production_year <= 1990) AND (production_year >= 1950))
                                                               Rows Removed by Filter: 1
                                                               Buffers: shared hit=425280 read=10676
                                             ->  Hash  (cost=1.09..1.09 rows=2 width=4) (actual time=0.018..0.019 rows=2 loops=1)
                                                   Buckets: 1024  Batches: 1  Memory Usage: 9kB
                                                   Buffers: shared hit=1
                                                   ->  Seq Scan on kind_type kt  (cost=0.00..1.09 rows=2 width=4) (actual time=0.007..0.009 rows=2 loops=1)
                                                         Filter: ((kind)::text = ANY ('{movie,"tv movie"}'::text[]))
                                                         Rows Removed by Filter: 5
                                                         Buffers: shared hit=1
                                       ->  Index Scan using movie_id_movie_info on movie_info mi2  (cost=0.43..42.67 rows=1 width=8) (actual time=0.079..0.093 rows=1 loops=36777)
                                             Index Cond: (movie_id = t.id)
                                             Filter: (((info)::text = ANY ('{"Black and White",Color}'::text[])) AND (info_type_id = 2))
                                             Rows Removed by Filter: 10
                                             Buffers: shared hit=311575 read=50952
                     ->  Index Scan using movie_id_cast_info on cast_info ci  (cost=0.44..43.98 rows=38 width=12) (actual time=0.036..0.210 rows=20 loops=31753)
                           Index Cond: (movie_id = t.id)
                           Buffers: shared hit=593554 read=111535
               ->  Hash  (cost=1.18..1.18 rows=4 width=4) (actual time=0.035..0.036 rows=4 loops=1)
                     Buckets: 1024  Batches: 1  Memory Usage: 9kB
                     Buffers: shared hit=1
                     ->  Seq Scan on role_type rt  (cost=0.00..1.18 rows=4 width=4) (actual time=0.025..0.029 rows=4 loops=1)
                           Filter: ((role)::text = ANY ('{director,editor,producer,"production designer"}'::text[]))
                           Rows Removed by Filter: 8
                           Buffers: shared hit=1
         ->  Index Scan using name_pkey on name n  (cost=0.43..2.32 rows=1 width=4) (actual time=0.036..0.036 rows=1 loops=87870)
               Index Cond: (id = ci.person_id)
               Filter: (((gender)::text = 'm'::text) OR (gender IS NULL))
               Rows Removed by Filter: 0
               Buffers: shared hit=331248 read=20232
 Planning:
   Buffers: shared hit=531 read=46
 Planning Time: 13.991 ms
 Execution Time: 17931.059 ms
(78 rows)

