                                                                                                                                                                                   QUERY PLAN                                                                                                                                                                                    
---------------------------------------------------------------------------------------------------------------------------------------------------------------------------------------------------------------------------------------------------------------------------------------------------------------------------------------------------------------------------------
 Aggregate  (cost=358450.88..358450.89 rows=1 width=8) (actual time=1445.080..1445.085 rows=1 loops=1)
   Buffers: shared hit=94844 read=49972
   ->  Nested Loop  (cost=3725.52..358450.87 rows=2 width=0) (actual time=15.073..1444.052 rows=8941 loops=1)
         Buffers: shared hit=94844 read=49972
         ->  Hash Join  (cost=3725.09..358439.27 rows=5 width=4) (actual time=15.032..1137.253 rows=9982 loops=1)
               Hash Cond: (ci.role_id = rt.id)
               Buffers: shared hit=60818 read=44070
               ->  Nested Loop  (cost=3723.86..358438.00 rows=14 width=8) (actual time=14.950..1131.169 rows=36175 loops=1)
                     Buffers: shared hit=60817 read=44070
                     ->  Nested Loop  (cost=3723.42..358393.44 rows=1 width=12) (actual time=14.912..711.424 rows=2460 loops=1)
                           Buffers: shared hit=29856 read=31886
                           ->  Nested Loop  (cost=3723.42..358391.02 rows=1 width=16) (actual time=14.907..672.437 rows=2460 loops=1)
                                 Buffers: shared hit=27396 read=31886
                                 ->  Nested Loop  (cost=3723.42..358388.60 rows=1 width=20) (actual time=14.891..638.698 rows=2460 loops=1)
                                       Buffers: shared hit=24937 read=31885
                                       ->  Nested Loop  (cost=3722.99..358260.15 rows=3 width=12) (actual time=14.822..357.549 rows=2457 loops=1)
                                             Buffers: shared hit=12900 read=15282
                                             ->  Nested Loop  (cost=3722.86..358259.38 rows=5 width=16) (actual time=14.806..323.567 rows=2457 loops=1)
                                                   Buffers: shared hit=7986 read=15282
                                                   ->  Bitmap Heap Scan on movie_info mi1  (cost=3722.43..358031.17 rows=27 width=8) (actual time=14.448..213.790 rows=3013 loops=1)
                                                         Recheck Cond: (info_type_id = 17)
                                                         Filter: ((info)::text = ANY ('{"Last show of the series.","One of over 700 Paramount Productions, filmed between 1929 and 1949, which were sold to MCA/Universal in 1958 for television distribution, and have been owned and controlled by Universal ever since.","Original French title is undetermined."}'::text[]))
                                                         Rows Removed by Filter: 365205
                                                         Heap Blocks: exact=10925
                                                         Buffers: shared hit=71 read=11145
                                                         ->  Bitmap Index Scan on info_type_id_movie_info  (cost=0.00..3722.42 rows=347998 width=0) (actual time=12.899..12.900 rows=368218 loops=1)
                                                               Index Cond: (info_type_id = 17)
                                                               Buffers: shared read=291
                                                   ->  Index Scan using title_pkey on title t  (cost=0.43..8.45 rows=1 width=8) (actual time=0.036..0.036 rows=1 loops=3013)
                                                         Index Cond: (id = mi1.movie_id)
                                                         Filter: ((production_year <= 1975) AND (production_year >= 1875))
                                                         Rows Removed by Filter: 0
                                                         Buffers: shared hit=7915 read=4137
                                             ->  Index Scan using kind_type_pkey on kind_type kt  (cost=0.13..0.16 rows=1 width=4) (actual time=0.013..0.013 rows=1 loops=2457)
                                                   Index Cond: (id = t.kind_id)
                                                   Filter: ((kind)::text = ANY ('{episode,movie,"tv series","video game","video movie"}'::text[]))
                                                   Buffers: shared hit=4914
                                       ->  Index Scan using movie_id_movie_info on movie_info mi2  (cost=0.43..42.80 rows=1 width=8) (actual time=0.097..0.114 rows=1 loops=2457)
                                             Index Cond: (movie_id = t.id)
                                             Filter: (((info)::text = ANY ('{"Black and White",Color}'::text[])) AND (info_type_id = 2))
                                             Rows Removed by Filter: 14
                                             Buffers: shared hit=12037 read=16603
                                 ->  Seq Scan on info_type it1  (cost=0.00..2.41 rows=1 width=4) (actual time=0.007..0.012 rows=1 loops=2460)
                                       Filter: (id = 17)
                                       Rows Removed by Filter: 112
                                       Buffers: shared hit=2459 read=1
                           ->  Seq Scan on info_type it2  (cost=0.00..2.41 rows=1 width=4) (actual time=0.009..0.015 rows=1 loops=2460)
                                 Filter: (id = 2)
                                 Rows Removed by Filter: 112
                                 Buffers: shared hit=2460
                     ->  Index Scan using movie_id_cast_info on cast_info ci  (cost=0.44..44.17 rows=38 width=12) (actual time=0.034..0.168 rows=15 loops=2460)
                           Index Cond: (movie_id = t.id)
                           Buffers: shared hit=30961 read=12184
               ->  Hash  (cost=1.18..1.18 rows=4 width=4) (actual time=0.035..0.035 rows=4 loops=1)
                     Buckets: 1024  Batches: 1  Memory Usage: 9kB
                     Buffers: shared hit=1
                     ->  Seq Scan on role_type rt  (cost=0.00..1.18 rows=4 width=4) (actual time=0.024..0.028 rows=4 loops=1)
                           Filter: ((role)::text = ANY ('{actress,cinematographer,composer,"miscellaneous crew"}'::text[]))
                           Rows Removed by Filter: 8
                           Buffers: shared hit=1
         ->  Index Scan using name_pkey on name n  (cost=0.43..2.32 rows=1 width=4) (actual time=0.030..0.030 rows=1 loops=9982)
               Index Cond: (id = ci.person_id)
               Filter: (((gender)::text = 'f'::text) OR (gender IS NULL))
               Rows Removed by Filter: 0
               Buffers: shared hit=34026 read=5902
 Planning:
   Buffers: shared hit=485 read=89
 Planning Time: 13.197 ms
 Execution Time: 1445.635 ms
(69 rows)

