                                                                                                                                     QUERY PLAN                                                                                                                                      
-------------------------------------------------------------------------------------------------------------------------------------------------------------------------------------------------------------------------------------------------------------------------------------
 Aggregate  (cost=445368.86..445368.87 rows=1 width=8) (actual time=2258.113..2258.119 rows=1 loops=1)
   Buffers: shared hit=144799 read=81576
   ->  Nested Loop  (cost=32182.89..445368.83 rows=12 width=0) (actual time=408.539..2257.700 rows=3450 loops=1)
         Buffers: shared hit=144799 read=81576
         ->  Hash Join  (cost=32182.46..445327.08 rows=18 width=4) (actual time=408.497..2136.314 rows=3804 loops=1)
               Hash Cond: (ci.role_id = rt.id)
               Buffers: shared hit=134422 read=76737
               ->  Nested Loop  (cost=32181.20..445325.66 rows=43 width=8) (actual time=408.440..2134.607 rows=8914 loops=1)
                     Buffers: shared hit=134421 read=76737
                     ->  Nested Loop  (cost=32180.76..445194.57 rows=3 width=12) (actual time=408.396..2037.586 rows=246 loops=1)
                           Buffers: shared hit=130067 read=71723
                           ->  Seq Scan on info_type it2  (cost=0.00..2.41 rows=1 width=4) (actual time=0.019..0.026 rows=1 loops=1)
                                 Filter: (id = 8)
                                 Rows Removed by Filter: 112
                                 Buffers: shared hit=1
                           ->  Nested Loop  (cost=32180.76..445192.13 rows=3 width=16) (actual time=408.376..2037.465 rows=246 loops=1)
                                 Buffers: shared hit=130066 read=71723
                                 ->  Seq Scan on info_type it1  (cost=0.00..2.41 rows=1 width=4) (actual time=0.007..0.016 rows=1 loops=1)
                                       Filter: (id = 16)
                                       Rows Removed by Filter: 112
                                       Buffers: shared hit=1
                                 ->  Nested Loop  (cost=32180.76..445189.69 rows=3 width=20) (actual time=408.365..2037.318 rows=246 loops=1)
                                       Buffers: shared hit=130065 read=71723
                                       ->  Hash Join  (cost=32180.32..418291.88 rows=630 width=12) (actual time=80.821..1157.119 rows=14733 loops=1)
                                             Hash Cond: (t.kind_id = kt.id)
                                             Buffers: shared hit=47269 read=39625
                                             ->  Nested Loop  (cost=32179.12..418287.59 rows=735 width=16) (actual time=80.777..1153.054 rows=14733 loops=1)
                                                   Buffers: shared hit=47268 read=39625
                                                   ->  Bitmap Heap Scan on movie_info mi1  (cost=32178.69..410731.29 rows=920 width=8) (actual time=80.733..747.078 rows=14760 loops=1)
                                                         Recheck Cond: (info_type_id = 16)
                                                         Filter: ((info)::text = ANY ('{Nigeria:2005,Nigeria:2006,USA:2006,USA:2011,USA:2012,"USA:April 2008","USA:April 2012","USA:August 2010","USA:January 2010","USA:May 2011","USA:October 2009","USA:October 2010"}'::text[]))
                                                         Rows Removed by Filter: 3021959
                                                         Heap Blocks: exact=25474
                                                         Buffers: shared hit=1458 read=26395
                                                         ->  Bitmap Index Scan on info_type_id_movie_info  (cost=0.00..32178.44 rows=3010400 width=0) (actual time=76.698..76.699 rows=3036719 loops=1)
                                                               Index Cond: (info_type_id = 16)
                                                               Buffers: shared read=2379
                                                   ->  Index Scan using title_pkey on title t  (cost=0.43..8.21 rows=1 width=8) (actual time=0.027..0.027 rows=1 loops=14760)
                                                         Index Cond: (id = mi1.movie_id)
                                                         Filter: ((production_year <= 2015) AND (production_year >= 1975))
                                                         Rows Removed by Filter: 0
                                                         Buffers: shared hit=45810 read=13230
                                             ->  Hash  (cost=1.12..1.12 rows=6 width=4) (actual time=0.017..0.018 rows=6 loops=1)
                                                   Buckets: 1024  Batches: 1  Memory Usage: 9kB
                                                   Buffers: shared hit=1
                                                   ->  Seq Scan on kind_type kt  (cost=0.00..1.12 rows=6 width=4) (actual time=0.007..0.009 rows=6 loops=1)
                                                         Filter: ((kind)::text = ANY ('{episode,movie,"tv movie","tv series","video game","video movie"}'::text[]))
                                                         Rows Removed by Filter: 1
                                                         Buffers: shared hit=1
                                       ->  Index Scan using movie_id_movie_info on movie_info mi2  (cost=0.43..42.68 rows=1 width=8) (actual time=0.059..0.059 rows=0 loops=14733)
                                             Index Cond: (movie_id = t.id)
                                             Filter: ((info_type_id = 8) AND ((info)::text = ANY ('{Austria,Belgium,"Bosnia and Herzegovina",Croatia,Egypt,France,Hungary,Mexico,Portugal,Slovakia,Tunisia}'::text[])))
                                             Rows Removed by Filter: 7
                                             Buffers: shared hit=82796 read=32098
                     ->  Index Scan using movie_id_cast_info on cast_info ci  (cost=0.44..43.32 rows=38 width=12) (actual time=0.044..0.387 rows=36 loops=246)
                           Index Cond: (movie_id = t.id)
                           Buffers: shared hit=4354 read=5014
               ->  Hash  (cost=1.20..1.20 rows=5 width=4) (actual time=0.035..0.036 rows=5 loops=1)
                     Buckets: 1024  Batches: 1  Memory Usage: 9kB
                     Buffers: shared hit=1
                     ->  Seq Scan on role_type rt  (cost=0.00..1.20 rows=5 width=4) (actual time=0.023..0.027 rows=5 loops=1)
                           Filter: ((role)::text = ANY ('{actor,cinematographer,director,guest,"production designer"}'::text[]))
                           Rows Removed by Filter: 7
                           Buffers: shared hit=1
         ->  Index Scan using name_pkey on name n  (cost=0.43..2.32 rows=1 width=4) (actual time=0.031..0.031 rows=1 loops=3804)
               Index Cond: (id = ci.person_id)
               Filter: ((gender)::text = ANY ('{f,m}'::text[]))
               Rows Removed by Filter: 0
               Buffers: shared hit=10377 read=4839
 Planning:
   Buffers: shared hit=485 read=92
 Planning Time: 11.064 ms
 Execution Time: 2258.789 ms
(73 rows)

