                                                                                                                                        QUERY PLAN                                                                                                                                        
------------------------------------------------------------------------------------------------------------------------------------------------------------------------------------------------------------------------------------------------------------------------------------------
 Aggregate  (cost=429573.56..429573.57 rows=1 width=8) (actual time=1593.947..1593.956 rows=1 loops=1)
   Buffers: shared hit=127548 read=35464
   ->  Nested Loop  (cost=4697.65..429573.55 rows=1 width=0) (actual time=42.445..1593.897 rows=147 loops=1)
         Buffers: shared hit=127548 read=35464
         ->  Hash Join  (cost=4697.22..429568.91 rows=2 width=4) (actual time=42.391..1578.617 rows=501 loops=1)
               Hash Cond: (ci.role_id = rt.id)
               Buffers: shared hit=125994 read=35014
               ->  Nested Loop  (cost=4696.05..429567.69 rows=14 width=8) (actual time=42.230..1577.667 rows=5749 loops=1)
                     Buffers: shared hit=125993 read=35014
                     ->  Nested Loop  (cost=4695.61..429523.14 rows=1 width=12) (actual time=42.179..1513.626 rows=73 loops=1)
                           Buffers: shared hit=122737 read=32453
                           ->  Nested Loop  (cost=4695.61..429520.71 rows=1 width=16) (actual time=42.170..1512.519 rows=73 loops=1)
                                 Buffers: shared hit=122664 read=32453
                                 ->  Nested Loop  (cost=4695.61..429518.29 rows=1 width=20) (actual time=42.145..1511.270 rows=73 loops=1)
                                       Buffers: shared hit=122591 read=32453
                                       ->  Hash Join  (cost=4695.17..425125.06 rows=102 width=12) (actual time=42.036..1495.778 rows=103 loops=1)
                                             Hash Cond: (t.kind_id = kt.id)
                                             Buffers: shared hit=121563 read=31810
                                             ->  Nested Loop  (cost=4694.00..425123.28 rows=143 width=16) (actual time=40.783..1495.090 rows=2392 loops=1)
                                                   Buffers: shared hit=121562 read=31810
                                                   ->  Bitmap Heap Scan on movie_info mi1  (cost=4693.57..418626.71 rows=788 width=8) (actual time=18.739..408.560 rows=33450 loops=1)
                                                         Recheck Cond: (info_type_id = 5)
                                                         Filter: ((info)::text = ANY ('{Canada:13+,India:U,Netherlands:12,Netherlands:6,"New Zealand:G",UK:15,USA:TV-14}'::text[]))
                                                         Rows Removed by Filter: 453104
                                                         Heap Blocks: exact=19164
                                                         Buffers: shared hit=2642 read=16930
                                                         ->  Bitmap Index Scan on info_type_id_movie_info  (cost=0.00..4693.37 rows=439058 width=0) (actual time=16.099..16.100 rows=486554 loops=1)
                                                               Index Cond: (info_type_id = 5)
                                                               Buffers: shared read=408
                                                   ->  Index Scan using title_pkey on title t  (cost=0.43..8.24 rows=1 width=8) (actual time=0.032..0.032 rows=0 loops=33450)
                                                         Index Cond: (id = mi1.movie_id)
                                                         Filter: ((production_year <= 1975) AND (production_year >= 1875))
                                                         Rows Removed by Filter: 1
                                                         Buffers: shared hit=118920 read=14880
                                             ->  Hash  (cost=1.11..1.11 rows=5 width=4) (actual time=0.026..0.027 rows=5 loops=1)
                                                   Buckets: 1024  Batches: 1  Memory Usage: 9kB
                                                   Buffers: shared hit=1
                                                   ->  Seq Scan on kind_type kt  (cost=0.00..1.11 rows=5 width=4) (actual time=0.013..0.016 rows=5 loops=1)
                                                         Filter: ((kind)::text = ANY ('{episode,"tv movie","tv series","video game","video movie"}'::text[]))
                                                         Rows Removed by Filter: 2
                                                         Buffers: shared hit=1
                                       ->  Index Scan using movie_id_movie_info on movie_info mi2  (cost=0.43..43.06 rows=1 width=8) (actual time=0.101..0.149 rows=1 loops=103)
                                             Index Cond: (movie_id = t.id)
                                             Filter: ((info_type_id = 7) AND ((info)::text = ANY ('{"CAM:Bausch & Lomb Lenses",LAB:Metrocolor,"LAB:Rank Film Laboratories, Denham, UK","LAB:Technicolor, Hollywood (CA), USA",PCS:Techniscope,PCS:VistaVision,"RAT:1.33 : 1"}'::text[])))
                                             Rows Removed by Filter: 45
                                             Buffers: shared hit=1028 read=643
                                 ->  Seq Scan on info_type it1  (cost=0.00..2.41 rows=1 width=4) (actual time=0.007..0.014 rows=1 loops=73)
                                       Filter: (id = 5)
                                       Rows Removed by Filter: 112
                                       Buffers: shared hit=73
                           ->  Seq Scan on info_type it2  (cost=0.00..2.41 rows=1 width=4) (actual time=0.006..0.013 rows=1 loops=73)
                                 Filter: (id = 7)
                                 Rows Removed by Filter: 112
                                 Buffers: shared hit=73
                     ->  Index Scan using movie_id_cast_info on cast_info ci  (cost=0.44..44.17 rows=38 width=12) (actual time=0.048..0.860 rows=79 loops=73)
                           Index Cond: (movie_id = t.id)
                           Buffers: shared hit=3256 read=2561
               ->  Hash  (cost=1.15..1.15 rows=2 width=4) (actual time=0.038..0.038 rows=2 loops=1)
                     Buckets: 1024  Batches: 1  Memory Usage: 9kB
                     Buffers: shared hit=1
                     ->  Seq Scan on role_type rt  (cost=0.00..1.15 rows=2 width=4) (actual time=0.028..0.030 rows=2 loops=1)
                           Filter: ((role)::text = ANY ('{"production designer",writer}'::text[]))
                           Rows Removed by Filter: 10
                           Buffers: shared hit=1
         ->  Index Scan using name_pkey on name n  (cost=0.43..2.32 rows=1 width=4) (actual time=0.030..0.030 rows=0 loops=501)
               Index Cond: (id = ci.person_id)
               Filter: ((gender)::text = 'm'::text)
               Rows Removed by Filter: 1
               Buffers: shared hit=1554 read=450
 Planning:
   Buffers: shared hit=529 read=45
 Planning Time: 12.381 ms
 Execution Time: 1594.595 ms
(73 rows)

