                                                                                            QUERY PLAN                                                                                            
--------------------------------------------------------------------------------------------------------------------------------------------------------------------------------------------------
 Aggregate  (cost=556582.83..556582.84 rows=1 width=8) (actual time=19943.411..19943.420 rows=1 loops=1)
   Buffers: shared hit=1619420 read=428518, temp read=909 written=909
   ->  Nested Loop  (cost=94816.45..556582.69 rows=56 width=0) (actual time=535.025..19939.653 rows=14608 loops=1)
         Buffers: shared hit=1619420 read=428518, temp read=909 written=909
         ->  Seq Scan on info_type it2  (cost=0.00..2.41 rows=1 width=4) (actual time=0.030..0.041 rows=1 loops=1)
               Filter: (id = 2)
               Rows Removed by Filter: 112
               Buffers: shared hit=1
         ->  Nested Loop  (cost=94816.45..556579.72 rows=56 width=4) (actual time=534.993..19936.203 rows=14608 loops=1)
               Buffers: shared hit=1619419 read=428518, temp read=909 written=909
               ->  Seq Scan on info_type it1  (cost=0.00..2.41 rows=1 width=4) (actual time=0.007..0.019 rows=1 loops=1)
                     Filter: (id = 3)
                     Rows Removed by Filter: 112
                     Buffers: shared hit=1
               ->  Nested Loop  (cost=94816.45..556576.74 rows=56 width=8) (actual time=534.983..19932.811 rows=14608 loops=1)
                     Buffers: shared hit=1619418 read=428518, temp read=909 written=909
                     ->  Hash Join  (cost=94816.02..556377.27 rows=86 width=12) (actual time=534.189..18459.450 rows=39656 loops=1)
                           Hash Cond: (ci.role_id = rt.id)
                           Buffers: shared hit=1488487 read=400825, temp read=909 written=909
                           ->  Nested Loop  (cost=94814.85..556372.44 rows=1032 width=16) (actual time=533.135..18283.167 rows=1139557 loops=1)
                                 Buffers: shared hit=1488486 read=400825, temp read=909 written=909
                                 ->  Nested Loop  (cost=94814.41..553142.76 rows=72 width=20) (actual time=532.911..6855.936 rows=45969 loops=1)
                                       Buffers: shared hit=452456 read=181641, temp read=909 written=909
                                       ->  Hash Join  (cost=94813.98..484182.91 rows=1603 width=12) (actual time=532.690..1303.182 rows=46099 loops=1)
                                             Hash Cond: (mi1.movie_id = t.id)
                                             Buffers: shared hit=21115 read=26252, temp read=909 written=909
                                             ->  Bitmap Heap Scan on movie_info mi1  (cost=16455.05..404901.28 rows=26311 width=8) (actual time=41.088..633.617 rows=246943 loops=1)
                                                   Recheck Cond: (info_type_id = 3)
                                                   Filter: ((info)::text = ANY ('{Biography,Comedy,Mystery,War,Western}'::text[]))
                                                   Rows Removed by Filter: 1286966
                                                   Heap Blocks: exact=9772
                                                   Buffers: shared hit=723 read=10252
                                                   ->  Bitmap Index Scan on info_type_id_movie_info  (cost=0.00..16448.47 rows=1538671 width=0) (actual time=39.870..39.870 rows=1533909 loops=1)
                                                         Index Cond: (info_type_id = 3)
                                                         Buffers: shared hit=1 read=1202
                                             ->  Hash  (cost=75831.65..75831.65 rows=154023 width=4) (actual time=490.506..490.509 rows=332440 loops=1)
                                                   Buckets: 262144  Batches: 2  Memory Usage: 7907kB
                                                   Buffers: shared hit=20392 read=16000, temp written=485
                                                   ->  Hash Join  (cost=1.13..75831.65 rows=154023 width=4) (actual time=0.053..432.901 rows=332440 loops=1)
                                                         Hash Cond: (t.kind_id = kt.id)
                                                         Buffers: shared hit=20392 read=16000
                                                         ->  Seq Scan on title t  (cost=0.00..74315.95 rows=359388 width=8) (actual time=0.029..392.040 rows=350375 loops=1)
                                                               Filter: ((production_year <= 1975) AND (production_year >= 1925))
                                                               Rows Removed by Filter: 2177937
                                                               Buffers: shared hit=20391 read=16000
                                                         ->  Hash  (cost=1.10..1.10 rows=3 width=4) (actual time=0.013..0.014 rows=3 loops=1)
                                                               Buckets: 1024  Batches: 1  Memory Usage: 9kB
                                                               Buffers: shared hit=1
                                                               ->  Seq Scan on kind_type kt  (cost=0.00..1.10 rows=3 width=4) (actual time=0.007..0.009 rows=3 loops=1)
                                                                     Filter: ((kind)::text = ANY ('{episode,movie,"tv series"}'::text[]))
                                                                     Rows Removed by Filter: 4
                                                                     Buffers: shared hit=1
                                       ->  Index Scan using movie_id_movie_info on movie_info mi2  (cost=0.43..43.01 rows=1 width=8) (actual time=0.101..0.120 rows=1 loops=46099)
                                             Index Cond: (movie_id = t.id)
                                             Filter: (((info)::text = ANY ('{"Black and White",Color}'::text[])) AND (info_type_id = 2))
                                             Rows Removed by Filter: 18
                                             Buffers: shared hit=431341 read=155389
                                 ->  Index Scan using movie_id_cast_info on cast_info ci  (cost=0.44..44.48 rows=38 width=12) (actual time=0.034..0.242 rows=25 loops=45969)
                                       Index Cond: (movie_id = t.id)
                                       Buffers: shared hit=1036030 read=219184
                           ->  Hash  (cost=1.15..1.15 rows=1 width=4) (actual time=0.017..0.018 rows=1 loops=1)
                                 Buckets: 1024  Batches: 1  Memory Usage: 9kB
                                 Buffers: shared hit=1
                                 ->  Seq Scan on role_type rt  (cost=0.00..1.15 rows=1 width=4) (actual time=0.011..0.012 rows=1 loops=1)
                                       Filter: ((role)::text = 'miscellaneous crew'::text)
                                       Rows Removed by Filter: 11
                                       Buffers: shared hit=1
                     ->  Index Scan using name_pkey on name n  (cost=0.43..2.32 rows=1 width=4) (actual time=0.037..0.037 rows=0 loops=39656)
                           Index Cond: (id = ci.person_id)
                           Filter: ((gender)::text = ANY ('{f,m}'::text[]))
                           Rows Removed by Filter: 1
                           Buffers: shared hit=130931 read=27693
 Planning:
   Buffers: shared hit=574
 Planning Time: 12.647 ms
 Execution Time: 19944.043 ms
(76 rows)

