                                                                                                                                                                                                                                                                                                                                                                                                                                          QUERY PLAN                                                                                                                                                                                                                                                                                                                                                                                                                                          
----------------------------------------------------------------------------------------------------------------------------------------------------------------------------------------------------------------------------------------------------------------------------------------------------------------------------------------------------------------------------------------------------------------------------------------------------------------------------------------------------------------------------------------------------------------------------------------------------------------------------------------------------------------------------------------------------------------------------------------------------------------------------------------------------------------------------------------------------------------------------------------------
 Aggregate  (cost=551601.20..551601.21 rows=1 width=8) (actual time=5714.186..5714.194 rows=1 loops=1)
   Buffers: shared hit=472978 read=85305
   ->  Nested Loop  (cost=7082.28..551601.20 rows=1 width=0) (actual time=76.214..5713.250 rows=2984 loops=1)
         Buffers: shared hit=472978 read=85305
         ->  Hash Join  (cost=7081.85..551596.56 rows=2 width=4) (actual time=76.119..5526.036 rows=4967 loops=1)
               Hash Cond: (ci.role_id = rt.id)
               Buffers: shared hit=455295 read=83120
               ->  Nested Loop  (cost=7080.67..551595.34 rows=14 width=8) (actual time=37.059..5509.634 rows=103621 loops=1)
                     Buffers: shared hit=455294 read=83120
                     ->  Nested Loop  (cost=7080.23..551550.48 rows=1 width=12) (actual time=37.005..4437.845 rows=4192 loops=1)
                           Buffers: shared hit=356483 read=67684
                           ->  Nested Loop  (cost=7080.23..551548.06 rows=1 width=16) (actual time=36.997..4350.502 rows=4192 loops=1)
                                 Buffers: shared hit=352291 read=67684
                                 ->  Nested Loop  (cost=7080.23..551545.64 rows=1 width=20) (actual time=36.973..4276.177 rows=4192 loops=1)
                                       Buffers: shared hit=348099 read=67684
                                       ->  Hash Join  (cost=7079.80..542501.06 rows=209 width=12) (actual time=20.251..2134.784 rows=18825 loops=1)
                                             Hash Cond: (t.kind_id = kt.id)
                                             Buffers: shared hit=153352 read=35569
                                             ->  Nested Loop  (cost=7078.62..542498.65 rows=292 width=16) (actual time=20.219..2125.545 rows=18825 loops=1)
                                                   Buffers: shared hit=153351 read=35569
                                                   ->  Bitmap Heap Scan on movie_info mi2  (cost=7078.19..526184.31 rows=2056 width=8) (actual time=19.719..494.258 rows=45357 loops=1)
                                                         Recheck Cond: (info_type_id = 18)
                                                         Filter: ((info)::text = ANY ('{"20th Century Fox Studios - 10201 Pico Blvd., Century City, Los Angeles, California, USA","Berlin, Germany","CBS Studio Center - 4024 Radford Avenue, Studio City, Los Angeles, California, USA","Desilu Studios - 9336 W. Washington Blvd., Culver City, California, USA","Iverson Ranch - 1 Iverson Lane, Chatsworth, Los Angeles, California, USA","London, England, UK","Madrid, Spain","Mexico City, Distrito Federal, Mexico",Mexico,Philippines,"Revue Studios, Hollywood, Los Angeles, California, USA","Samuel Goldwyn Studios - 7200 Santa Monica Boulevard, West Hollywood, California, USA","Stage 28, Warner Brothers Burbank Studios - 4000 Warner Boulevard, Burbank, California, USA","Warner Brothers Burbank Studios - 4000 Warner Boulevard, Burbank, California, USA"}'::text[]))
                                                         Rows Removed by Filter: 615566
                                                         Heap Blocks: exact=6972
                                                         Buffers: shared hit=853 read=6639
                                                         ->  Bitmap Index Scan on info_type_id_movie_info  (cost=0.00..7077.68 rows=662032 width=0) (actual time=18.828..18.829 rows=660923 loops=1)
                                                               Index Cond: (info_type_id = 18)
                                                               Buffers: shared read=520
                                                   ->  Index Scan using title_pkey on title t  (cost=0.43..7.93 rows=1 width=8) (actual time=0.035..0.035 rows=0 loops=45357)
                                                         Index Cond: (id = mi2.movie_id)
                                                         Filter: ((production_year <= 1975) AND (production_year >= 1925))
                                                         Rows Removed by Filter: 1
                                                         Buffers: shared hit=152498 read=28930
                                             ->  Hash  (cost=1.11..1.11 rows=5 width=4) (actual time=0.016..0.017 rows=5 loops=1)
                                                   Buckets: 1024  Batches: 1  Memory Usage: 9kB
                                                   Buffers: shared hit=1
                                                   ->  Seq Scan on kind_type kt  (cost=0.00..1.11 rows=5 width=4) (actual time=0.007..0.009 rows=5 loops=1)
                                                         Filter: ((kind)::text = ANY ('{episode,movie,"tv movie","tv series","video game"}'::text[]))
                                                         Rows Removed by Filter: 2
                                                         Buffers: shared hit=1
                                       ->  Index Scan using movie_id_movie_info on movie_info mi1  (cost=0.43..43.27 rows=1 width=8) (actual time=0.097..0.113 rows=0 loops=18825)
                                             Index Cond: (movie_id = t.id)
                                             Filter: ((info_type_id = 4) AND ((info)::text = ANY ('{Czech,Finnish,German,Hindi,Portuguese,Spanish,Tagalog}'::text[])))
                                             Rows Removed by Filter: 15
                                             Buffers: shared hit=194747 read=32115
                                 ->  Seq Scan on info_type it1  (cost=0.00..2.41 rows=1 width=4) (actual time=0.008..0.016 rows=1 loops=4192)
                                       Filter: (id = 4)
                                       Rows Removed by Filter: 112
                                       Buffers: shared hit=4192
                           ->  Seq Scan on info_type it2  (cost=0.00..2.41 rows=1 width=4) (actual time=0.012..0.019 rows=1 loops=4192)
                                 Filter: (id = 18)
                                 Rows Removed by Filter: 112
                                 Buffers: shared hit=4192
                     ->  Index Scan using movie_id_cast_info on cast_info ci  (cost=0.44..44.48 rows=38 width=12) (actual time=0.040..0.250 rows=25 loops=4192)
                           Index Cond: (movie_id = t.id)
                           Buffers: shared hit=98811 read=15436
               ->  Hash  (cost=1.15..1.15 rows=2 width=4) (actual time=0.030..0.030 rows=2 loops=1)
                     Buckets: 1024  Batches: 1  Memory Usage: 9kB
                     Buffers: shared hit=1
                     ->  Seq Scan on role_type rt  (cost=0.00..1.15 rows=2 width=4) (actual time=0.024..0.025 rows=2 loops=1)
                           Filter: ((role)::text = ANY ('{"costume designer",director}'::text[]))
                           Rows Removed by Filter: 10
                           Buffers: shared hit=1
         ->  Index Scan using name_pkey on name n  (cost=0.43..2.32 rows=1 width=4) (actual time=0.037..0.037 rows=1 loops=4967)
               Index Cond: (id = ci.person_id)
               Filter: ((gender)::text = ANY ('{f,m}'::text[]))
               Rows Removed by Filter: 0
               Buffers: shared hit=17683 read=2185
 Planning:
   Buffers: shared hit=482 read=92
 Planning Time: 11.792 ms
 Execution Time: 5714.682 ms
(73 rows)

