                                                                                             QUERY PLAN                                                                                              
-----------------------------------------------------------------------------------------------------------------------------------------------------------------------------------------------------
 Aggregate  (cost=778746.61..778746.62 rows=1 width=8) (actual time=182715.485..182715.493 rows=1 loops=1)
   Buffers: shared hit=16892441 read=1861966
   ->  Nested Loop  (cost=5097.36..778745.81 rows=321 width=0) (actual time=44.432..182701.917 rows=16111 loops=1)
         Buffers: shared hit=16892441 read=1861966
         ->  Hash Join  (cost=5096.93..775542.55 rows=1381 width=4) (actual time=17.445..98682.743 rows=2308003 loops=1)
               Hash Cond: (ci.role_id = rt.id)
               Buffers: shared hit=7848465 read=1673930
               ->  Nested Loop  (cost=5095.70..775526.61 rows=4143 width=8) (actual time=16.330..97138.625 rows=5341352 loops=1)
                     Buffers: shared hit=7848464 read=1673930
                     ->  Nested Loop  (cost=5095.26..762909.11 rows=289 width=12) (actual time=16.308..36278.448 rows=178806 loops=1)
                           Buffers: shared hit=3558358 read=214529
                           ->  Seq Scan on info_type it2  (cost=0.00..2.41 rows=1 width=4) (actual time=0.022..0.033 rows=1 loops=1)
                                 Filter: (id = 6)
                                 Rows Removed by Filter: 112
                                 Buffers: shared hit=1
                           ->  Nested Loop  (cost=5095.26..762903.81 rows=289 width=16) (actual time=16.285..36229.234 rows=178806 loops=1)
                                 Buffers: shared hit=3558357 read=214529
                                 ->  Seq Scan on info_type it1  (cost=0.00..2.41 rows=1 width=4) (actual time=0.007..0.021 rows=1 loops=1)
                                       Filter: (id = 2)
                                       Rows Removed by Filter: 112
                                       Buffers: shared hit=1
                                 ->  Nested Loop  (cost=5095.26..762898.51 rows=289 width=20) (actual time=16.274..36176.513 rows=178806 loops=1)
                                       Buffers: shared hit=3558356 read=214529
                                       ->  Hash Join  (cost=5094.83..493267.80 rows=6388 width=12) (actual time=16.205..13906.134 rows=175030 loops=1)
                                             Hash Cond: (t.kind_id = kt.id)
                                             Buffers: shared hit=1417399 read=43810
                                             ->  Nested Loop  (cost=5093.67..493219.54 rows=11179 width=16) (actual time=16.098..13782.423 rows=271584 loops=1)
                                                   Buffers: shared hit=1417398 read=43810
                                                   ->  Bitmap Heap Scan on movie_info mi2  (cost=5093.23..419185.24 rows=11964 width=8) (actual time=16.053..353.692 rows=372195 loops=1)
                                                         Recheck Cond: (info_type_id = 6)
                                                         Filter: ((info)::text = ANY ('{DTS,"Dolby Digital","Dolby SR",Mono,SDDS,Silent,"Ultra Stereo"}'::text[]))
                                                         Rows Removed by Filter: 102248
                                                         Heap Blocks: exact=3206
                                                         Buffers: shared hit=338 read=3242
                                                         ->  Bitmap Index Scan on info_type_id_movie_info  (cost=0.00..5090.24 rows=475974 width=0) (actual time=15.658..15.658 rows=474443 loops=1)
                                                               Index Cond: (info_type_id = 6)
                                                               Buffers: shared read=374
                                                   ->  Memoize  (cost=0.44..6.27 rows=1 width=8) (actual time=0.035..0.035 rows=1 loops=372195)
                                                         Cache Key: mi2.movie_id
                                                         Cache Mode: logical
                                                         Hits: 7788  Misses: 364407  Evictions: 272789  Overflows: 0  Memory Usage: 8193kB
                                                         Buffers: shared hit=1417060 read=40568
                                                         ->  Index Scan using title_pkey on title t  (cost=0.43..6.26 rows=1 width=8) (actual time=0.034..0.034 rows=1 loops=364407)
                                                               Index Cond: (id = mi2.movie_id)
                                                               Filter: ((production_year <= 2015) AND (production_year >= 1925))
                                                               Rows Removed by Filter: 0
                                                               Buffers: shared hit=1417060 read=40568
                                             ->  Hash  (cost=1.10..1.10 rows=4 width=4) (actual time=0.019..0.020 rows=4 loops=1)
                                                   Buckets: 1024  Batches: 1  Memory Usage: 9kB
                                                   Buffers: shared hit=1
                                                   ->  Seq Scan on kind_type kt  (cost=0.00..1.10 rows=4 width=4) (actual time=0.009..0.011 rows=4 loops=1)
                                                         Filter: ((kind)::text = ANY ('{movie,"tv movie","tv series","video game"}'::text[]))
                                                         Rows Removed by Filter: 3
                                                         Buffers: shared hit=1
                                       ->  Index Scan using movie_id_movie_info on movie_info mi1  (cost=0.43..42.20 rows=1 width=8) (actual time=0.109..0.126 rows=1 loops=175030)
                                             Index Cond: (movie_id = t.id)
                                             Filter: (((info)::text = ANY ('{"Black and White",Color}'::text[])) AND (info_type_id = 2))
                                             Rows Removed by Filter: 26
                                             Buffers: shared hit=2140957 read=170719
                     ->  Index Scan using movie_id_cast_info on cast_info ci  (cost=0.44..43.28 rows=38 width=12) (actual time=0.037..0.331 rows=30 loops=178806)
                           Index Cond: (movie_id = t.id)
                           Buffers: shared hit=4290106 read=1459401
               ->  Hash  (cost=1.18..1.18 rows=4 width=4) (actual time=0.036..0.037 rows=4 loops=1)
                     Buckets: 1024  Batches: 1  Memory Usage: 9kB
                     Buffers: shared hit=1
                     ->  Seq Scan on role_type rt  (cost=0.00..1.18 rows=4 width=4) (actual time=0.026..0.030 rows=4 loops=1)
                           Filter: ((role)::text = ANY ('{actor,"costume designer",editor,guest}'::text[]))
                           Rows Removed by Filter: 8
                           Buffers: shared hit=1
         ->  Index Scan using name_pkey on name n  (cost=0.43..2.32 rows=1 width=4) (actual time=0.036..0.036 rows=0 loops=2308003)
               Index Cond: (id = ci.person_id)
               Filter: ((gender)::text = 'f'::text)
               Rows Removed by Filter: 1
               Buffers: shared hit=9043976 read=188036
 Planning:
   Buffers: shared hit=529 read=45
 Planning Time: 13.746 ms
 Execution Time: 182718.329 ms
(78 rows)

