                                                                                                                                                                                                                                QUERY PLAN                                                                                                                                                                                                                                 
---------------------------------------------------------------------------------------------------------------------------------------------------------------------------------------------------------------------------------------------------------------------------------------------------------------------------------------------------------------------------------------------------------------------------------------------------------------------------
 Aggregate  (cost=571800.90..571800.91 rows=1 width=8) (actual time=18936.866..18936.875 rows=1 loops=1)
   Buffers: shared hit=1744772 read=189414
   ->  Nested Loop  (cost=5096.41..571800.88 rows=7 width=0) (actual time=17.362..18931.317 rows=31247 loops=1)
         Buffers: shared hit=1744772 read=189414
         ->  Hash Join  (cost=5095.98..571773.04 rows=12 width=4) (actual time=17.311..17742.373 rows=31305 loops=1)
               Hash Cond: (ci.role_id = rt.id)
               Buffers: shared hit=1630534 read=178432
               ->  Nested Loop  (cost=5094.81..571771.61 rows=72 width=8) (actual time=17.247..17713.247 rows=119170 loops=1)
                     Buffers: shared hit=1630533 read=178432
                     ->  Nested Loop  (cost=5094.37..571552.96 rows=5 width=12) (actual time=17.222..16332.473 rows=2271 loops=1)
                           Buffers: shared hit=1557941 read=131193
                           ->  Seq Scan on info_type it2  (cost=0.00..2.41 rows=1 width=4) (actual time=0.022..0.033 rows=1 loops=1)
                                 Filter: (id = 7)
                                 Rows Removed by Filter: 112
                                 Buffers: shared hit=1
                           ->  Nested Loop  (cost=5094.37..571550.50 rows=5 width=16) (actual time=17.198..16331.360 rows=2271 loops=1)
                                 Buffers: shared hit=1557940 read=131193
                                 ->  Seq Scan on info_type it1  (cost=0.00..2.41 rows=1 width=4) (actual time=0.010..0.023 rows=1 loops=1)
                                       Filter: (id = 6)
                                       Rows Removed by Filter: 112
                                       Buffers: shared hit=1
                                 ->  Nested Loop  (cost=5094.37..571548.03 rows=5 width=20) (actual time=17.184..16329.930 rows=2271 loops=1)
                                       Buffers: shared hit=1557939 read=131193
                                       ->  Hash Join  (cost=5093.93..430361.97 rows=3305 width=12) (actual time=16.093..9740.566 rows=56153 loops=1)
                                             Hash Cond: (t.kind_id = kt.id)
                                             Buffers: shared hit=979601 read=42604
                                             ->  Nested Loop  (cost=5092.78..430336.44 rows=5783 width=16) (actual time=16.045..9696.576 rows=133419 loops=1)
                                                   Buffers: shared hit=979600 read=42604
                                                   ->  Bitmap Heap Scan on movie_info mi1  (cost=5092.34..374662.76 rows=8264 width=8) (actual time=15.998..221.581 rows=261002 loops=1)
                                                         Recheck Cond: (info_type_id = 6)
                                                         Filter: ((info)::text = ANY ('{"6-Track Stereo","70 mm 6-Track",DTS-ES,DTS-Stereo,Datasat,"Dolby Digital EX","Dolby Digital","Dolby SR",Dolby,SDDS,Silent,Stereo,"Ultra Stereo"}'::text[]))
                                                         Rows Removed by Filter: 213441
                                                         Heap Blocks: exact=3206
                                                         Buffers: shared hit=97 read=3483
                                                         ->  Bitmap Index Scan on info_type_id_movie_info  (cost=0.00..5090.24 rows=475974 width=0) (actual time=15.620..15.620 rows=474443 loops=1)
                                                               Index Cond: (info_type_id = 6)
                                                               Buffers: shared read=374
                                                   ->  Memoize  (cost=0.44..6.80 rows=1 width=8) (actual time=0.036..0.036 rows=1 loops=261002)
                                                         Cache Key: mi1.movie_id
                                                         Cache Mode: logical
                                                         Hits: 6346  Misses: 254656  Evictions: 154689  Overflows: 0  Memory Usage: 8193kB
                                                         Buffers: shared hit=979503 read=39121
                                                         ->  Index Scan using title_pkey on title t  (cost=0.43..6.79 rows=1 width=8) (actual time=0.035..0.035 rows=1 loops=254656)
                                                               Index Cond: (id = mi1.movie_id)
                                                               Filter: ((production_year <= 2015) AND (production_year >= 1990))
                                                               Rows Removed by Filter: 0
                                                               Buffers: shared hit=979503 read=39121
                                             ->  Hash  (cost=1.10..1.10 rows=4 width=4) (actual time=0.021..0.023 rows=4 loops=1)
                                                   Buckets: 1024  Batches: 1  Memory Usage: 9kB
                                                   Buffers: shared hit=1
                                                   ->  Seq Scan on kind_type kt  (cost=0.00..1.10 rows=4 width=4) (actual time=0.008..0.010 rows=4 loops=1)
                                                         Filter: ((kind)::text = ANY ('{episode,"tv movie","tv series","video game"}'::text[]))
                                                         Rows Removed by Filter: 3
                                                         Buffers: shared hit=1
                                       ->  Index Scan using movie_id_movie_info on movie_info mi2  (cost=0.43..42.71 rows=1 width=8) (actual time=0.114..0.117 rows=0 loops=56153)
                                             Index Cond: (movie_id = t.id)
                                             Filter: ((info_type_id = 7) AND ((info)::text = ANY ('{"CAM:Panasonic AG-DVX100","CAM:Panavision Panaflex Platinum, Panavision Primo Lenses","LAB:DeLuxe, Hollywood (CA), USA","LAB:DuArt Film Laboratories Inc., New York, USA","LAB:EFILM Digital Laboratories, Hollywood (CA), USA","LAB:FotoKem Laboratory, Burbank (CA), USA",OFM:Digital,"PCS:Digital Intermediate","PFM:16 mm",PFM:DVD-ROM,"RAT:1.85 : 1"}'::text[])))
                                             Rows Removed by Filter: 14
                                             Buffers: shared hit=578338 read=88589
                     ->  Index Scan using movie_id_cast_info on cast_info ci  (cost=0.44..43.35 rows=38 width=12) (actual time=0.048..0.593 rows=52 loops=2271)
                           Index Cond: (movie_id = t.id)
                           Buffers: shared hit=72592 read=47239
               ->  Hash  (cost=1.15..1.15 rows=2 width=4) (actual time=0.037..0.038 rows=2 loops=1)
                     Buckets: 1024  Batches: 1  Memory Usage: 9kB
                     Buffers: shared hit=1
                     ->  Seq Scan on role_type rt  (cost=0.00..1.15 rows=2 width=4) (actual time=0.025..0.029 rows=2 loops=1)
                           Filter: ((role)::text = ANY ('{actor,editor}'::text[]))
                           Rows Removed by Filter: 10
                           Buffers: shared hit=1
         ->  Index Scan using name_pkey on name n  (cost=0.43..2.32 rows=1 width=4) (actual time=0.037..0.037 rows=1 loops=31305)
               Index Cond: (id = ci.person_id)
               Filter: (((gender)::text = 'm'::text) OR (gender IS NULL))
               Rows Removed by Filter: 0
               Buffers: shared hit=114238 read=10982
 Planning:
   Buffers: shared hit=532 read=45
 Planning Time: 14.165 ms
 Execution Time: 18939.923 ms
(78 rows)

