                                                                                                                                                                                                    QUERY PLAN                                                                                                                                                                                                     
-------------------------------------------------------------------------------------------------------------------------------------------------------------------------------------------------------------------------------------------------------------------------------------------------------------------------------------------------------------------------------------------------------------------
 Aggregate  (cost=351027.37..351027.38 rows=1 width=8) (actual time=543.474..543.482 rows=1 loops=1)
   Buffers: shared hit=43100 read=11161
   ->  Nested Loop  (cost=1357.36..351027.37 rows=3 width=0) (actual time=35.593..543.389 rows=574 loops=1)
         Buffers: shared hit=43100 read=11161
         ->  Hash Join  (cost=1356.93..351015.77 rows=5 width=4) (actual time=35.148..502.990 rows=1107 loops=1)
               Hash Cond: (ci.role_id = rt.id)
               Buffers: shared hit=40067 read=9766
               ->  Nested Loop  (cost=1355.70..351014.49 rows=14 width=8) (actual time=34.796..502.341 rows=2935 loops=1)
                     Buffers: shared hit=40066 read=9766
                     ->  Nested Loop  (cost=1355.26..350970.76 rows=1 width=12) (actual time=34.753..466.968 rows=104 loops=1)
                           Buffers: shared hit=38864 read=7817
                           ->  Nested Loop  (cost=1355.26..350968.34 rows=1 width=16) (actual time=34.735..465.684 rows=104 loops=1)
                                 Buffers: shared hit=38760 read=7817
                                 ->  Nested Loop  (cost=1355.26..350965.91 rows=1 width=20) (actual time=34.712..464.199 rows=104 loops=1)
                                       Buffers: shared hit=38656 read=7817
                                       ->  Hash Join  (cost=1354.80..350584.38 rows=9 width=12) (actual time=34.608..327.439 rows=1313 loops=1)
                                             Hash Cond: (t.kind_id = kt.id)
                                             Buffers: shared hit=27653 read=3933
                                             ->  Nested Loop  (cost=1353.62..350583.15 rows=13 width=16) (actual time=6.647..326.125 rows=6399 loops=1)
                                                   Buffers: shared hit=27652 read=3933
                                                   ->  Bitmap Heap Scan on movie_info mi2  (cost=1353.19..350422.55 rows=19 width=8) (actual time=6.591..103.762 rows=6628 loops=1)
                                                         Recheck Cond: (info_type_id = 105)
                                                         Filter: ((info)::text = ANY ('{"$1,000","$2,000","$20,000,000","$300,000","$45,000,000","$60,000,000"}'::text[]))
                                                         Rows Removed by Filter: 115235
                                                         Heap Blocks: exact=4974
                                                         Buffers: shared hit=1638 read=3435
                                                         ->  Bitmap Index Scan on info_type_id_movie_info  (cost=0.00..1353.18 rows=126500 width=0) (actual time=5.733..5.734 rows=121863 loops=1)
                                                               Index Cond: (info_type_id = 105)
                                                               Buffers: shared read=99
                                                   ->  Index Scan using title_pkey on title t  (cost=0.43..8.45 rows=1 width=8) (actual time=0.033..0.033 rows=1 loops=6628)
                                                         Index Cond: (id = mi2.movie_id)
                                                         Filter: ((production_year <= 2015) AND (production_year >= 1990))
                                                         Rows Removed by Filter: 0
                                                         Buffers: shared hit=26014 read=498
                                             ->  Hash  (cost=1.11..1.11 rows=5 width=4) (actual time=0.019..0.020 rows=5 loops=1)
                                                   Buckets: 1024  Batches: 1  Memory Usage: 9kB
                                                   Buffers: shared hit=1
                                                   ->  Seq Scan on kind_type kt  (cost=0.00..1.11 rows=5 width=4) (actual time=0.010..0.012 rows=5 loops=1)
                                                         Filter: ((kind)::text = ANY ('{episode,"tv movie","tv series","video game","video movie"}'::text[]))
                                                         Rows Removed by Filter: 2
                                                         Buffers: shared hit=1
                                       ->  Index Scan using movie_id_movie_info on movie_info mi1  (cost=0.47..42.38 rows=1 width=8) (actual time=0.099..0.104 rows=0 loops=1313)
                                             Index Cond: (movie_id = t.id)
                                             Filter: ((info_type_id = 7) AND ((info)::text = ANY ('{"CAM:Panavision Cameras and Lenses","CAM:Sony HDW-F900","LAB:Technicolor, Hollywood (CA), USA","OFM:16 mm","PCS:Redcode RAW",PCS:Spherical,"PFM:35 mm",PFM:Video,"RAT:1.78 : 1 / (anamorphic)","RAT:1.78 : 1 / (high definition)","RAT:1.78 : 1 / (letterbox)","RAT:1.78 : 1","RAT:4:3 Letterbox"}'::text[])))
                                             Rows Removed by Filter: 10
                                             Buffers: shared hit=11003 read=3884
                                 ->  Seq Scan on info_type it1  (cost=0.00..2.41 rows=1 width=4) (actual time=0.006..0.012 rows=1 loops=104)
                                       Filter: (id = 7)
                                       Rows Removed by Filter: 112
                                       Buffers: shared hit=104
                           ->  Seq Scan on info_type it2  (cost=0.00..2.41 rows=1 width=4) (actual time=0.010..0.011 rows=1 loops=104)
                                 Filter: (id = 105)
                                 Rows Removed by Filter: 112
                                 Buffers: shared hit=104
                     ->  Index Scan using movie_id_cast_info on cast_info ci  (cost=0.44..43.35 rows=38 width=12) (actual time=0.036..0.334 rows=28 loops=104)
                           Index Cond: (movie_id = t.id)
                           Buffers: shared hit=1202 read=1949
               ->  Hash  (cost=1.18..1.18 rows=4 width=4) (actual time=0.038..0.038 rows=4 loops=1)
                     Buckets: 1024  Batches: 1  Memory Usage: 9kB
                     Buffers: shared hit=1
                     ->  Seq Scan on role_type rt  (cost=0.00..1.18 rows=4 width=4) (actual time=0.027..0.031 rows=4 loops=1)
                           Filter: ((role)::text = ANY ('{actress,composer,"costume designer","miscellaneous crew"}'::text[]))
                           Rows Removed by Filter: 8
                           Buffers: shared hit=1
         ->  Index Scan using name_pkey on name n  (cost=0.43..2.32 rows=1 width=4) (actual time=0.036..0.036 rows=1 loops=1107)
               Index Cond: (id = ci.person_id)
               Filter: (((gender)::text = 'm'::text) OR (gender IS NULL))
               Rows Removed by Filter: 0
               Buffers: shared hit=3033 read=1395
 Planning:
   Buffers: shared hit=509 read=68
 Planning Time: 14.723 ms
 Execution Time: 544.046 ms
(73 rows)

