                                                                                                                                                                                           QUERY PLAN                                                                                                                                                                                            
-------------------------------------------------------------------------------------------------------------------------------------------------------------------------------------------------------------------------------------------------------------------------------------------------------------------------------------------------------------------------------------------------
 Aggregate  (cost=396564.38..396564.39 rows=1 width=8) (actual time=1495.787..1495.794 rows=1 loops=1)
   Buffers: shared hit=122577 read=31274
   ->  Nested Loop  (cost=8154.93..396564.37 rows=3 width=0) (actual time=70.774..1495.670 rows=539 loops=1)
         Buffers: shared hit=122577 read=31274
         ->  Hash Join  (cost=8154.50..396555.09 rows=4 width=4) (actual time=70.706..1473.018 rows=607 loops=1)
               Hash Cond: (ci.role_id = rt.id)
               Buffers: shared hit=121078 read=30345
               ->  Nested Loop  (cost=8153.29..396553.84 rows=14 width=8) (actual time=70.398..1472.403 rows=2858 loops=1)
                     Buffers: shared hit=121077 read=30345
                     ->  Nested Loop  (cost=8152.85..396510.11 rows=1 width=12) (actual time=69.960..1437.070 rows=88 loops=1)
                           Buffers: shared hit=120373 read=28004
                           ->  Nested Loop  (cost=8152.85..396507.69 rows=1 width=16) (actual time=69.952..1435.118 rows=88 loops=1)
                                 Buffers: shared hit=120285 read=28004
                                 ->  Nested Loop  (cost=8152.85..396505.27 rows=1 width=20) (actual time=69.926..1432.043 rows=88 loops=1)
                                       Buffers: shared hit=120197 read=28004
                                       ->  Hash Join  (cost=8152.40..394470.90 rows=48 width=12) (actual time=25.832..645.460 rows=7995 loops=1)
                                             Hash Cond: (t.kind_id = kt.id)
                                             Buffers: shared hit=50126 read=4219
                                             ->  Nested Loop  (cost=8151.22..394469.43 rows=68 width=16) (actual time=25.717..642.799 rows=8206 loops=1)
                                                   Buffers: shared hit=50125 read=4219
                                                   ->  Bitmap Heap Scan on movie_info mi2  (cost=8150.79..393649.54 rows=97 width=8) (actual time=25.563..282.283 rows=12180 loops=1)
                                                         Recheck Cond: (info_type_id = 1)
                                                         Filter: ((info)::text = ANY ('{112,121,44,85,USA:15}'::text[]))
                                                         Rows Removed by Filter: 789960
                                                         Heap Blocks: exact=4993
                                                         Buffers: shared hit=3391 read=2233
                                                         ->  Bitmap Index Scan on info_type_id_movie_info  (cost=0.00..8150.77 rows=762444 width=0) (actual time=23.813..23.814 rows=802140 loops=1)
                                                               Index Cond: (info_type_id = 1)
                                                               Buffers: shared hit=1 read=630
                                                   ->  Index Scan using title_pkey on title t  (cost=0.43..8.45 rows=1 width=8) (actual time=0.029..0.029 rows=1 loops=12180)
                                                         Index Cond: (id = mi2.movie_id)
                                                         Filter: ((production_year <= 2015) AND (production_year >= 1990))
                                                         Rows Removed by Filter: 0
                                                         Buffers: shared hit=46734 read=1986
                                             ->  Hash  (cost=1.11..1.11 rows=5 width=4) (actual time=0.021..0.022 rows=5 loops=1)
                                                   Buckets: 1024  Batches: 1  Memory Usage: 9kB
                                                   Buffers: shared hit=1
                                                   ->  Seq Scan on kind_type kt  (cost=0.00..1.11 rows=5 width=4) (actual time=0.012..0.015 rows=5 loops=1)
                                                         Filter: ((kind)::text = ANY ('{episode,movie,"tv movie","video game","video movie"}'::text[]))
                                                         Rows Removed by Filter: 2
                                                         Buffers: shared hit=1
                                       ->  Index Scan using movie_id_movie_info on movie_info mi1  (cost=0.46..42.37 rows=1 width=8) (actual time=0.097..0.098 rows=0 loops=7995)
                                             Index Cond: (movie_id = t.id)
                                             Filter: ((info_type_id = 18) AND ((info)::text = ANY ('{"Budapest, Hungary",Canada,France,"Melbourne, Victoria, Australia","Mumbai, Maharashtra, India","Philadelphia, Pennsylvania, USA","Phoenix, Arizona, USA","Stage 26, Warner Brothers Burbank Studios - 4000 Warner Boulevard, Burbank, California, USA","Tucson, Arizona, USA"}'::text[])))
                                             Rows Removed by Filter: 17
                                             Buffers: shared hit=70071 read=23785
                                 ->  Seq Scan on info_type it1  (cost=0.00..2.41 rows=1 width=4) (actual time=0.026..0.031 rows=1 loops=88)
                                       Filter: (id = 18)
                                       Rows Removed by Filter: 112
                                       Buffers: shared hit=88
                           ->  Seq Scan on info_type it2  (cost=0.00..2.41 rows=1 width=4) (actual time=0.013..0.020 rows=1 loops=88)
                                 Filter: (id = 1)
                                 Rows Removed by Filter: 112
                                 Buffers: shared hit=88
                     ->  Index Scan using movie_id_cast_info on cast_info ci  (cost=0.44..43.35 rows=38 width=12) (actual time=0.051..0.394 rows=32 loops=88)
                           Index Cond: (movie_id = t.id)
                           Buffers: shared hit=704 read=2341
               ->  Hash  (cost=1.17..1.17 rows=3 width=4) (actual time=0.037..0.037 rows=3 loops=1)
                     Buckets: 1024  Batches: 1  Memory Usage: 9kB
                     Buffers: shared hit=1
                     ->  Seq Scan on role_type rt  (cost=0.00..1.17 rows=3 width=4) (actual time=0.027..0.031 rows=3 loops=1)
                           Filter: ((role)::text = ANY ('{actress,"costume designer",writer}'::text[]))
                           Rows Removed by Filter: 9
                           Buffers: shared hit=1
         ->  Index Scan using name_pkey on name n  (cost=0.43..2.32 rows=1 width=4) (actual time=0.037..0.037 rows=1 loops=607)
               Index Cond: (id = ci.person_id)
               Filter: ((gender)::text = ANY ('{f,m}'::text[]))
               Rows Removed by Filter: 0
               Buffers: shared hit=1499 read=929
 Planning:
   Buffers: shared hit=577
 Planning Time: 13.962 ms
 Execution Time: 1496.335 ms
(73 rows)

