                                                                                             QUERY PLAN                                                                                              
-----------------------------------------------------------------------------------------------------------------------------------------------------------------------------------------------------
 Aggregate  (cost=383559.74..383559.75 rows=1 width=8) (actual time=2786.710..2786.721 rows=1 loops=1)
   Buffers: shared hit=265169 read=16520
   ->  Nested Loop  (cost=4697.72..383559.74 rows=1 width=0) (actual time=381.545..2786.712 rows=13 loops=1)
         Buffers: shared hit=265169 read=16520
         ->  Hash Join  (cost=4697.29..383545.82 rows=6 width=4) (actual time=381.508..2786.211 rows=19 loops=1)
               Hash Cond: (ci.role_id = rt.id)
               Buffers: shared hit=265121 read=16492
               ->  Nested Loop  (cost=4696.04..383544.52 rows=14 width=8) (actual time=381.356..2786.135 rows=55 loops=1)
                     Buffers: shared hit=265120 read=16492
                     ->  Nested Loop  (cost=4695.60..383499.96 rows=1 width=12) (actual time=381.313..2785.406 rows=7 loops=1)
                           Buffers: shared hit=265107 read=16429
                           ->  Nested Loop  (cost=4695.60..383497.54 rows=1 width=16) (actual time=381.302..2785.303 rows=7 loops=1)
                                 Buffers: shared hit=265100 read=16429
                                 ->  Nested Loop  (cost=4695.60..383495.12 rows=1 width=20) (actual time=381.282..2785.174 rows=7 loops=1)
                                       Buffers: shared hit=265093 read=16429
                                       ->  Hash Join  (cost=4695.16..380788.10 rows=63 width=12) (actual time=358.078..2741.605 rows=314 loops=1)
                                             Hash Cond: (t.kind_id = kt.id)
                                             Buffers: shared hit=260900 read=15757
                                             ->  Nested Loop  (cost=4694.03..380786.35 rows=146 width=16) (actual time=35.991..2733.973 rows=28593 loops=1)
                                                   Buffers: shared hit=260899 read=15757
                                                   ->  Bitmap Heap Scan on movie_info mi1  (cost=4693.60..374133.19 rows=807 width=8) (actual time=20.656..412.662 rows=64271 loops=1)
                                                         Recheck Cond: (info_type_id = 5)
                                                         Filter: ((info)::text = ANY ('{Canada:G,Finland:K-16,Finland:S,Germany:16,India:U,Sweden:15,USA:GP,USA:Passed,USA:R,USA:Unrated}'::text[]))
                                                         Rows Removed by Filter: 422283
                                                         Heap Blocks: exact=19164
                                                         Buffers: shared hit=5263 read=14309
                                                         ->  Bitmap Index Scan on info_type_id_movie_info  (cost=0.00..4693.37 rows=439058 width=0) (actual time=17.294..17.294 rows=486554 loops=1)
                                                               Index Cond: (info_type_id = 5)
                                                               Buffers: shared hit=1 read=407
                                                   ->  Index Scan using title_pkey on title t  (cost=0.43..8.24 rows=1 width=8) (actual time=0.036..0.036 rows=0 loops=64271)
                                                         Index Cond: (id = mi1.movie_id)
                                                         Filter: ((production_year <= 1975) AND (production_year >= 1875))
                                                         Rows Removed by Filter: 1
                                                         Buffers: shared hit=255636 read=1448
                                             ->  Hash  (cost=1.10..1.10 rows=3 width=4) (actual time=0.015..0.016 rows=3 loops=1)
                                                   Buckets: 1024  Batches: 1  Memory Usage: 9kB
                                                   Buffers: shared hit=1
                                                   ->  Seq Scan on kind_type kt  (cost=0.00..1.10 rows=3 width=4) (actual time=0.008..0.010 rows=3 loops=1)
                                                         Filter: ((kind)::text = ANY ('{episode,"tv series","video movie"}'::text[]))
                                                         Rows Removed by Filter: 4
                                                         Buffers: shared hit=1
                                       ->  Index Scan using movie_id_movie_info on movie_info mi2  (cost=0.43..42.96 rows=1 width=8) (actual time=0.135..0.138 rows=0 loops=314)
                                             Index Cond: (movie_id = t.id)
                                             Filter: ((info_type_id = 1) AND ((info)::text = ANY ('{120,74,78,8,Argentina:30}'::text[])))
                                             Rows Removed by Filter: 41
                                             Buffers: shared hit=4193 read=672
                                 ->  Seq Scan on info_type it1  (cost=0.00..2.41 rows=1 width=4) (actual time=0.009..0.015 rows=1 loops=7)
                                       Filter: (id = 5)
                                       Rows Removed by Filter: 112
                                       Buffers: shared hit=7
                           ->  Seq Scan on info_type it2  (cost=0.00..2.41 rows=1 width=4) (actual time=0.006..0.012 rows=1 loops=7)
                                 Filter: (id = 1)
                                 Rows Removed by Filter: 112
                                 Buffers: shared hit=7
                     ->  Index Scan using movie_id_cast_info on cast_info ci  (cost=0.44..44.17 rows=38 width=12) (actual time=0.036..0.100 rows=8 loops=7)
                           Index Cond: (movie_id = t.id)
                           Buffers: shared hit=13 read=63
               ->  Hash  (cost=1.20..1.20 rows=5 width=4) (actual time=0.035..0.036 rows=5 loops=1)
                     Buckets: 1024  Batches: 1  Memory Usage: 9kB
                     Buffers: shared hit=1
                     ->  Seq Scan on role_type rt  (cost=0.00..1.20 rows=5 width=4) (actual time=0.026..0.029 rows=5 loops=1)
                           Filter: ((role)::text = ANY ('{actress,cinematographer,director,guest,producer}'::text[]))
                           Rows Removed by Filter: 7
                           Buffers: shared hit=1
         ->  Index Scan using name_pkey on name n  (cost=0.43..2.32 rows=1 width=4) (actual time=0.026..0.026 rows=1 loops=19)
               Index Cond: (id = ci.person_id)
               Filter: ((gender)::text = 'f'::text)
               Rows Removed by Filter: 0
               Buffers: shared hit=48 read=28
 Planning:
   Buffers: shared hit=577
 Planning Time: 13.086 ms
 Execution Time: 2787.410 ms
(73 rows)

