                                                                                                                                                                                                                                                                                                                                                                                                                                                                                                                                    QUERY PLAN                                                                                                                                                                                                                                                                                                                                                                                                                                                                                                                                    
----------------------------------------------------------------------------------------------------------------------------------------------------------------------------------------------------------------------------------------------------------------------------------------------------------------------------------------------------------------------------------------------------------------------------------------------------------------------------------------------------------------------------------------------------------------------------------------------------------------------------------------------------------------------------------------------------------------------------------------------------------------------------------------------------------------------------------------------------------------------------------------------------------------------------------------------------------------------------------------------------------------------------------------------------------------------------------
 Aggregate  (cost=395183.04..395183.05 rows=1 width=8) (actual time=661.258..661.267 rows=1 loops=1)
   Buffers: shared hit=63351 read=3549
   ->  Nested Loop  (cost=8154.93..395183.03 rows=2 width=0) (actual time=32.728..661.251 rows=40 loops=1)
         Buffers: shared hit=63351 read=3549
         ->  Hash Join  (cost=8154.50..395171.44 rows=5 width=4) (actual time=32.548..656.937 rows=121 loops=1)
               Hash Cond: (ci.role_id = rt.id)
               Buffers: shared hit=63044 read=3372
               ->  Nested Loop  (cost=8153.27..395170.16 rows=14 width=8) (actual time=32.495..656.834 rows=178 loops=1)
                     Buffers: shared hit=63043 read=3372
                     ->  Nested Loop  (cost=8152.83..395125.80 rows=1 width=12) (actual time=32.452..654.387 rows=5 loops=1)
                           Buffers: shared hit=63016 read=3210
                           ->  Nested Loop  (cost=8152.83..395123.37 rows=1 width=16) (actual time=32.445..654.306 rows=5 loops=1)
                                 Buffers: shared hit=63011 read=3210
                                 ->  Nested Loop  (cost=8152.83..395120.95 rows=1 width=20) (actual time=32.423..654.191 rows=5 loops=1)
                                       Buffers: shared hit=63006 read=3210
                                       ->  Hash Join  (cost=8152.40..394470.70 rows=15 width=12) (actual time=22.761..573.235 rows=1003 loops=1)
                                             Hash Cond: (t.kind_id = kt.id)
                                             Buffers: shared hit=54762 read=1367
                                             ->  Nested Loop  (cost=8151.22..394469.43 rows=21 width=16) (actual time=21.599..572.518 rows=3713 loops=1)
                                                   Buffers: shared hit=54761 read=1367
                                                   ->  Bitmap Heap Scan on movie_info mi1  (cost=8150.79..393649.54 rows=97 width=8) (actual time=21.549..239.924 rows=12626 loops=1)
                                                         Recheck Cond: (info_type_id = 1)
                                                         Filter: ((info)::text = ANY ('{102,110,116,20,UK:50}'::text[]))
                                                         Rows Removed by Filter: 789514
                                                         Heap Blocks: exact=4993
                                                         Buffers: shared hit=5563 read=61
                                                         ->  Bitmap Index Scan on info_type_id_movie_info  (cost=0.00..8150.77 rows=762444 width=0) (actual time=20.400..20.400 rows=802140 loops=1)
                                                               Index Cond: (info_type_id = 1)
                                                               Buffers: shared hit=631
                                                   ->  Index Scan using title_pkey on title t  (cost=0.43..8.45 rows=1 width=8) (actual time=0.026..0.026 rows=0 loops=12626)
                                                         Index Cond: (id = mi1.movie_id)
                                                         Filter: ((production_year <= 1990) AND (production_year >= 1950))
                                                         Rows Removed by Filter: 1
                                                         Buffers: shared hit=49198 read=1306
                                             ->  Hash  (cost=1.11..1.11 rows=5 width=4) (actual time=0.014..0.015 rows=5 loops=1)
                                                   Buckets: 1024  Batches: 1  Memory Usage: 9kB
                                                   Buffers: shared hit=1
                                                   ->  Seq Scan on kind_type kt  (cost=0.00..1.11 rows=5 width=4) (actual time=0.007..0.009 rows=5 loops=1)
                                                         Filter: ((kind)::text = ANY ('{episode,"tv movie","tv series","video game","video movie"}'::text[]))
                                                         Rows Removed by Filter: 2
                                                         Buffers: shared hit=1
                                       ->  Index Scan using movie_id_movie_info on movie_info mi2  (cost=0.43..43.34 rows=1 width=8) (actual time=0.080..0.080 rows=0 loops=1003)
                                             Index Cond: (movie_id = t.id)
                                             Filter: ((info_type_id = 18) AND ((info)::text = ANY ('{"20th Century Fox Studios - 10201 Pico Blvd., Century City, Los Angeles, California, USA","Buenos Aires, Federal District, Argentina","CBS Studio Center - 4024 Radford Avenue, Studio City, Los Angeles, California, USA","Desilu Studios - 9336 W. Washington Blvd., Culver City, California, USA","Hollywood, Los Angeles, California, USA","Los Angeles, California, USA","Madrid, Spain","New York City, New York, USA","Samuel Goldwyn Studios - 7200 Santa Monica Boulevard, West Hollywood, California, USA","San Francisco, California, USA","Stage 22, Warner Brothers Burbank Studios - 4000 Warner Boulevard, Burbank, California, USA","Stage 3, 20th Century Fox Studios - 10201 Pico Blvd., Century City, Los Angeles, California, USA","Stage 30, Universal Studios - 100 Universal City Plaza, Universal City, California, USA","Toronto, Ontario, Canada","Warner Brothers Burbank Studios - 4000 Warner Boulevard, Burbank, California, USA"}'::text[])))
                                             Rows Removed by Filter: 9
                                             Buffers: shared hit=8244 read=1843
                                 ->  Seq Scan on info_type it1  (cost=0.00..2.41 rows=1 width=4) (actual time=0.010..0.019 rows=1 loops=5)
                                       Filter: (id = 1)
                                       Rows Removed by Filter: 112
                                       Buffers: shared hit=5
                           ->  Seq Scan on info_type it2  (cost=0.00..2.41 rows=1 width=4) (actual time=0.006..0.014 rows=1 loops=5)
                                 Filter: (id = 18)
                                 Rows Removed by Filter: 112
                                 Buffers: shared hit=5
                     ->  Index Scan using movie_id_cast_info on cast_info ci  (cost=0.44..43.98 rows=38 width=12) (actual time=0.038..0.479 rows=36 loops=5)
                           Index Cond: (movie_id = t.id)
                           Buffers: shared hit=27 read=162
               ->  Hash  (cost=1.18..1.18 rows=4 width=4) (actual time=0.035..0.036 rows=4 loops=1)
                     Buckets: 1024  Batches: 1  Memory Usage: 9kB
                     Buffers: shared hit=1
                     ->  Seq Scan on role_type rt  (cost=0.00..1.18 rows=4 width=4) (actual time=0.025..0.028 rows=4 loops=1)
                           Filter: ((role)::text = ANY ('{actor,actress,"costume designer",producer}'::text[]))
                           Rows Removed by Filter: 8
                           Buffers: shared hit=1
         ->  Index Scan using name_pkey on name n  (cost=0.43..2.32 rows=1 width=4) (actual time=0.035..0.035 rows=0 loops=121)
               Index Cond: (id = ci.person_id)
               Filter: (((gender)::text = 'f'::text) OR (gender IS NULL))
               Rows Removed by Filter: 1
               Buffers: shared hit=307 read=177
 Planning:
   Buffers: shared hit=574
 Planning Time: 11.814 ms
 Execution Time: 661.670 ms
(73 rows)

