                                                                                             QUERY PLAN                                                                                              
-----------------------------------------------------------------------------------------------------------------------------------------------------------------------------------------------------
 Aggregate  (cost=514386.31..514386.32 rows=1 width=8) (actual time=63824.395..63824.404 rows=1 loops=1)
   Buffers: shared hit=6144093 read=421767
   ->  Nested Loop  (cost=5097.67..514386.21 rows=39 width=0) (actual time=22.098..63805.028 rows=77088 loops=1)
         Buffers: shared hit=6144093 read=421767
         ->  Hash Join  (cost=5097.24..514202.97 rows=79 width=4) (actual time=22.021..59563.132 rows=111358 loops=1)
               Hash Cond: (ci.role_id = rt.id)
               Buffers: shared hit=5713092 read=407336
               ->  Nested Loop  (cost=5096.06..514200.12 rows=473 width=8) (actual time=21.348..59106.114 rows=2196528 loops=1)
                     Buffers: shared hit=5713091 read=407336
                     ->  Nested Loop  (cost=5095.62..512719.85 rows=33 width=12) (actual time=21.307..34192.371 rows=122316 loops=1)
                           Buffers: shared hit=3421964 read=173793
                           ->  Seq Scan on info_type it2  (cost=0.00..2.41 rows=1 width=4) (actual time=0.027..0.038 rows=1 loops=1)
                                 Filter: (id = 6)
                                 Rows Removed by Filter: 112
                                 Buffers: shared hit=1
                           ->  Nested Loop  (cost=5095.62..512717.11 rows=33 width=16) (actual time=21.279..34157.242 rows=122316 loops=1)
                                 Buffers: shared hit=3421963 read=173793
                                 ->  Seq Scan on info_type it1  (cost=0.00..2.41 rows=1 width=4) (actual time=0.008..0.021 rows=1 loops=1)
                                       Filter: (id = 4)
                                       Rows Removed by Filter: 112
                                       Buffers: shared hit=1
                                 ->  Nested Loop  (cost=5095.62..512714.37 rows=33 width=20) (actual time=21.268..34122.723 rows=122316 loops=1)
                                       Buffers: shared hit=3421962 read=173793
                                       ->  Hash Join  (cost=5095.19..454301.30 rows=1353 width=12) (actual time=21.115..15550.473 rows=175396 loops=1)
                                             Hash Cond: (t.kind_id = kt.id)
                                             Buffers: shared hit=1568861 read=42772
                                             ->  Nested Loop  (cost=5094.01..454292.14 rows=1894 width=16) (actual time=21.077..15452.521 rows=175404 loops=1)
                                                   Buffers: shared hit=1568860 read=42772
                                                   ->  Bitmap Heap Scan on movie_info mi2  (cost=5093.57..374663.99 rows=13324 width=8) (actual time=20.153..344.874 rows=404543 loops=1)
                                                         Recheck Cond: (info_type_id = 6)
                                                         Filter: ((info)::text = ANY ('{"4-Track Stereo",Mono,Silent,Stereo}'::text[]))
                                                         Rows Removed by Filter: 69900
                                                         Heap Blocks: exact=3206
                                                         Buffers: shared hit=174 read=3406
                                                         ->  Bitmap Index Scan on info_type_id_movie_info  (cost=0.00..5090.24 rows=475974 width=0) (actual time=19.424..19.424 rows=474443 loops=1)
                                                               Index Cond: (info_type_id = 6)
                                                               Buffers: shared hit=1 read=373
                                                   ->  Memoize  (cost=0.44..6.07 rows=1 width=8) (actual time=0.037..0.037 rows=0 loops=404543)
                                                         Cache Key: mi2.movie_id
                                                         Cache Mode: logical
                                                         Hits: 2530  Misses: 402013  Evictions: 300109  Overflows: 0  Memory Usage: 8193kB
                                                         Buffers: shared hit=1568686 read=39366
                                                         ->  Index Scan using title_pkey on title t  (cost=0.43..6.06 rows=1 width=8) (actual time=0.036..0.036 rows=0 loops=402013)
                                                               Index Cond: (id = mi2.movie_id)
                                                               Filter: ((production_year <= 1975) AND (production_year >= 1925))
                                                               Rows Removed by Filter: 1
                                                               Buffers: shared hit=1568686 read=39366
                                             ->  Hash  (cost=1.11..1.11 rows=5 width=4) (actual time=0.014..0.015 rows=5 loops=1)
                                                   Buckets: 1024  Batches: 1  Memory Usage: 9kB
                                                   Buffers: shared hit=1
                                                   ->  Seq Scan on kind_type kt  (cost=0.00..1.11 rows=5 width=4) (actual time=0.008..0.010 rows=5 loops=1)
                                                         Filter: ((kind)::text = ANY ('{episode,movie,"tv movie","tv series","video game"}'::text[]))
                                                         Rows Removed by Filter: 2
                                                         Buffers: shared hit=1
                                       ->  Index Scan using movie_id_movie_info on movie_info mi1  (cost=0.43..43.16 rows=1 width=8) (actual time=0.066..0.105 rows=1 loops=175396)
                                             Index Cond: (movie_id = t.id)
                                             Filter: ((info_type_id = 4) AND ((info)::text = ANY ('{Czech,English,Hindi,Russian,Tagalog}'::text[])))
                                             Rows Removed by Filter: 13
                                             Buffers: shared hit=1853101 read=131021
                     ->  Index Scan using movie_id_cast_info on cast_info ci  (cost=0.44..44.48 rows=38 width=12) (actual time=0.037..0.198 rows=18 loops=122316)
                           Index Cond: (movie_id = t.id)
                           Buffers: shared hit=2291127 read=233543
               ->  Hash  (cost=1.15..1.15 rows=2 width=4) (actual time=0.036..0.037 rows=2 loops=1)
                     Buckets: 1024  Batches: 1  Memory Usage: 9kB
                     Buffers: shared hit=1
                     ->  Seq Scan on role_type rt  (cost=0.00..1.15 rows=2 width=4) (actual time=0.028..0.030 rows=2 loops=1)
                           Filter: ((role)::text = ANY ('{composer,editor}'::text[]))
                           Rows Removed by Filter: 10
                           Buffers: shared hit=1
         ->  Index Scan using name_pkey on name n  (cost=0.43..2.32 rows=1 width=4) (actual time=0.037..0.037 rows=1 loops=111358)
               Index Cond: (id = ci.person_id)
               Filter: (((gender)::text = 'f'::text) OR (gender IS NULL))
               Rows Removed by Filter: 0
               Buffers: shared hit=431001 read=14431
 Planning:
   Buffers: shared hit=574
 Planning Time: 13.908 ms
 Execution Time: 63827.343 ms
(78 rows)

