                                                                                                        QUERY PLAN                                                                                                        
--------------------------------------------------------------------------------------------------------------------------------------------------------------------------------------------------------------------------
 Aggregate  (cost=505880.29..505880.30 rows=1 width=8) (actual time=15386.046..15386.054 rows=1 loops=1)
   Buffers: shared hit=1389428 read=202620
   ->  Nested Loop  (cost=13060.31..505880.17 rows=48 width=0) (actual time=35.044..15365.875 rows=126317 loops=1)
         Buffers: shared hit=1389428 read=202620
         ->  Hash Join  (cost=13059.88..505699.24 rows=78 width=4) (actual time=34.999..10677.846 rows=128481 loops=1)
               Hash Cond: (ci.role_id = rt.id)
               Buffers: shared hit=907932 read=170192
               ->  Nested Loop  (cost=13058.62..505697.32 rows=186 width=8) (actual time=34.938..10604.842 rows=236644 loops=1)
                     Buffers: shared hit=907931 read=170192
                     ->  Nested Loop  (cost=13058.18..505129.75 rows=13 width=12) (actual time=34.899..7799.293 rows=13916 loops=1)
                           Buffers: shared hit=692128 read=111955
                           ->  Seq Scan on info_type it2  (cost=0.00..2.41 rows=1 width=4) (actual time=0.019..0.028 rows=1 loops=1)
                                 Filter: (id = 8)
                                 Rows Removed by Filter: 112
                                 Buffers: shared hit=1
                           ->  Nested Loop  (cost=13058.18..505127.21 rows=13 width=16) (actual time=34.879..7795.488 rows=13916 loops=1)
                                 Buffers: shared hit=692127 read=111955
                                 ->  Seq Scan on info_type it1  (cost=0.00..2.41 rows=1 width=4) (actual time=0.007..0.018 rows=1 loops=1)
                                       Filter: (id = 4)
                                       Rows Removed by Filter: 112
                                       Buffers: shared hit=1
                                 ->  Nested Loop  (cost=13058.18..505124.67 rows=13 width=20) (actual time=34.868..7791.617 rows=13916 loops=1)
                                       Buffers: shared hit=692126 read=111955
                                       ->  Hash Join  (cost=13057.74..407474.39 rows=2294 width=12) (actual time=34.542..2702.644 rows=58715 loops=1)
                                             Hash Cond: (t.kind_id = kt.id)
                                             Buffers: shared hit=210699 read=36202
                                             ->  Nested Loop  (cost=13056.55..407461.91 rows=2676 width=16) (actual time=34.504..2675.924 rows=58715 loops=1)
                                                   Buffers: shared hit=210698 read=36202
                                                   ->  Bitmap Heap Scan on movie_info mi1  (cost=13056.11..385267.63 rows=2864 width=8) (actual time=34.458..402.831 rows=60295 loops=1)
                                                         Recheck Cond: (info_type_id = 4)
                                                         Filter: ((info)::text = ANY ('{Georgian,Greek,Hebrew,Indonesian,Latvian,Norwegian,Polish,Portuguese,Russian}'::text[]))
                                                         Rows Removed by Filter: 1238694
                                                         Heap Blocks: exact=8393
                                                         Buffers: shared hit=239 read=9173
                                                         ->  Bitmap Index Scan on info_type_id_movie_info  (cost=0.00..13055.37 rows=1221191 width=0) (actual time=32.652..32.652 rows=1298989 loops=1)
                                                               Index Cond: (info_type_id = 4)
                                                               Buffers: shared read=1019
                                                   ->  Memoize  (cost=0.44..7.76 rows=1 width=8) (actual time=0.037..0.037 rows=1 loops=60295)
                                                         Cache Key: mi1.movie_id
                                                         Cache Mode: logical
                                                         Hits: 923  Misses: 59372  Evictions: 0  Overflows: 0  Memory Usage: 6201kB
                                                         Buffers: shared hit=210459 read=27029
                                                         ->  Index Scan using title_pkey on title t  (cost=0.43..7.75 rows=1 width=8) (actual time=0.036..0.036 rows=1 loops=59372)
                                                               Index Cond: (id = mi1.movie_id)
                                                               Filter: ((production_year <= 2015) AND (production_year >= 1925))
                                                               Rows Removed by Filter: 0
                                                               Buffers: shared hit=210459 read=27029
                                             ->  Hash  (cost=1.12..1.12 rows=6 width=4) (actual time=0.017..0.018 rows=6 loops=1)
                                                   Buckets: 1024  Batches: 1  Memory Usage: 9kB
                                                   Buffers: shared hit=1
                                                   ->  Seq Scan on kind_type kt  (cost=0.00..1.12 rows=6 width=4) (actual time=0.010..0.013 rows=6 loops=1)
                                                         Filter: ((kind)::text = ANY ('{episode,movie,"tv movie","tv series","video game","video movie"}'::text[]))
                                                         Rows Removed by Filter: 1
                                                         Buffers: shared hit=1
                                       ->  Index Scan using movie_id_movie_info on movie_info mi2  (cost=0.43..42.56 rows=1 width=8) (actual time=0.084..0.086 rows=0 loops=58715)
                                             Index Cond: (movie_id = t.id)
                                             Filter: ((info_type_id = 8) AND ((info)::text = ANY ('{Czechoslovakia,Estonia,"Federal Republic of Yugoslavia",France,Greece,Israel,Japan,Mexico,"West Germany"}'::text[])))
                                             Rows Removed by Filter: 10
                                             Buffers: shared hit=481427 read=75753
                     ->  Index Scan using movie_id_cast_info on cast_info ci  (cost=0.44..43.28 rows=38 width=12) (actual time=0.038..0.196 rows=17 loops=13916)
                           Index Cond: (movie_id = t.id)
                           Buffers: shared hit=215803 read=58237
               ->  Hash  (cost=1.20..1.20 rows=5 width=4) (actual time=0.034..0.035 rows=5 loops=1)
                     Buckets: 1024  Batches: 1  Memory Usage: 9kB
                     Buffers: shared hit=1
                     ->  Seq Scan on role_type rt  (cost=0.00..1.20 rows=5 width=4) (actual time=0.023..0.028 rows=5 loops=1)
                           Filter: ((role)::text = ANY ('{actor,director,editor,guest,producer}'::text[]))
                           Rows Removed by Filter: 7
                           Buffers: shared hit=1
         ->  Index Scan using name_pkey on name n  (cost=0.43..2.32 rows=1 width=4) (actual time=0.036..0.036 rows=1 loops=128481)
               Index Cond: (id = ci.person_id)
               Filter: (((gender)::text = 'm'::text) OR (gender IS NULL))
               Rows Removed by Filter: 0
               Buffers: shared hit=481496 read=32428
 Planning:
   Buffers: shared hit=485 read=92
 Planning Time: 10.401 ms
 Execution Time: 15387.779 ms
(78 rows)

