                                                                                                                                QUERY PLAN                                                                                                                                
--------------------------------------------------------------------------------------------------------------------------------------------------------------------------------------------------------------------------------------------------------------------------
 Aggregate  (cost=416689.46..416689.47 rows=1 width=8) (actual time=8284.253..8284.262 rows=1 loops=1)
   Buffers: shared hit=791800 read=67797
   ->  Nested Loop  (cost=5095.29..416689.45 rows=4 width=0) (actual time=73.135..8273.859 rows=64754 loops=1)
         Buffers: shared hit=791800 read=67797
         ->  Hash Join  (cost=5094.86..416675.53 rows=6 width=4) (actual time=73.083..5931.462 rows=65072 loops=1)
               Hash Cond: (ci.role_id = rt.id)
               Buffers: shared hit=540909 read=58400
               ->  Nested Loop  (cost=5093.60..416674.23 rows=14 width=8) (actual time=73.034..5896.843 rows=105616 loops=1)
                     Buffers: shared hit=540908 read=58400
                     ->  Nested Loop  (cost=5093.16..416629.37 rows=1 width=12) (actual time=72.963..4847.230 rows=1197 loops=1)
                           Buffers: shared hit=455830 read=38530
                           ->  Nested Loop  (cost=5093.16..416626.95 rows=1 width=16) (actual time=72.950..4817.560 rows=1197 loops=1)
                                 Buffers: shared hit=454633 read=38530
                                 ->  Nested Loop  (cost=5093.16..416624.53 rows=1 width=20) (actual time=72.931..4786.954 rows=1197 loops=1)
                                       Buffers: shared hit=453436 read=38530
                                       ->  Hash Join  (cost=5092.73..401178.00 rows=354 width=12) (actual time=51.357..4465.543 rows=1376 loops=1)
                                             Hash Cond: (t.kind_id = kt.id)
                                             Buffers: shared hit=441581 read=27020
                                             ->  Nested Loop  (cost=5091.55..401174.74 rows=495 width=16) (actual time=51.322..4464.206 rows=1376 loops=1)
                                                   Buffers: shared hit=441580 read=27020
                                                   ->  Bitmap Heap Scan on movie_info mi1  (cost=5091.11..374661.53 rows=3483 width=8) (actual time=14.113..238.547 rows=117962 loops=1)
                                                         Recheck Cond: (info_type_id = 6)
                                                         Filter: ((info)::text = ANY ('{"4-Track Stereo","70 mm 6-Track","Dolby Digital",Stereo}'::text[]))
                                                         Rows Removed by Filter: 356481
                                                         Heap Blocks: exact=3206
                                                         Buffers: shared hit=1195 read=2385
                                                         ->  Bitmap Index Scan on info_type_id_movie_info  (cost=0.00..5090.24 rows=475974 width=0) (actual time=13.736..13.736 rows=474443 loops=1)
                                                               Index Cond: (info_type_id = 6)
                                                               Buffers: shared read=374
                                                   ->  Memoize  (cost=0.44..7.63 rows=1 width=8) (actual time=0.035..0.035 rows=0 loops=117962)
                                                         Cache Key: mi1.movie_id
                                                         Cache Mode: logical
                                                         Hits: 1707  Misses: 116255  Evictions: 0  Overflows: 0  Memory Usage: 7771kB
                                                         Buffers: shared hit=440385 read=24635
                                                         ->  Index Scan using title_pkey on title t  (cost=0.43..7.62 rows=1 width=8) (actual time=0.035..0.035 rows=0 loops=116255)
                                                               Index Cond: (id = mi1.movie_id)
                                                               Filter: ((production_year <= 1975) AND (production_year >= 1925))
                                                               Rows Removed by Filter: 1
                                                               Buffers: shared hit=440385 read=24635
                                             ->  Hash  (cost=1.11..1.11 rows=5 width=4) (actual time=0.013..0.014 rows=5 loops=1)
                                                   Buckets: 1024  Batches: 1  Memory Usage: 9kB
                                                   Buffers: shared hit=1
                                                   ->  Seq Scan on kind_type kt  (cost=0.00..1.11 rows=5 width=4) (actual time=0.006..0.008 rows=5 loops=1)
                                                         Filter: ((kind)::text = ANY ('{episode,movie,"tv movie","tv series","video game"}'::text[]))
                                                         Rows Removed by Filter: 2
                                                         Buffers: shared hit=1
                                       ->  Index Scan using movie_id_movie_info on movie_info mi2  (cost=0.43..43.62 rows=1 width=8) (actual time=0.213..0.232 rows=1 loops=1376)
                                             Index Cond: (movie_id = t.id)
                                             Filter: ((info_type_id = 5) AND ((info)::text = ANY ('{Argentina:Atp,Australia:G,Finland:(Banned),Finland:S,Germany:12,Germany:16,Iceland:L,Singapore:PG,Sweden:Btl,UK:15,UK:X,"USA:Not Rated",USA:PG,USA:TV-PG}'::text[])))
                                             Rows Removed by Filter: 65
                                             Buffers: shared hit=11855 read=11510
                                 ->  Seq Scan on info_type it1  (cost=0.00..2.41 rows=1 width=4) (actual time=0.013..0.023 rows=1 loops=1197)
                                       Filter: (id = 6)
                                       Rows Removed by Filter: 112
                                       Buffers: shared hit=1197
                           ->  Seq Scan on info_type it2  (cost=0.00..2.41 rows=1 width=4) (actual time=0.010..0.023 rows=1 loops=1197)
                                 Filter: (id = 5)
                                 Rows Removed by Filter: 112
                                 Buffers: shared hit=1197
                     ->  Index Scan using movie_id_cast_info on cast_info ci  (cost=0.44..44.48 rows=38 width=12) (actual time=0.037..0.851 rows=88 loops=1197)
                           Index Cond: (movie_id = t.id)
                           Buffers: shared hit=85078 read=19870
               ->  Hash  (cost=1.20..1.20 rows=5 width=4) (actual time=0.026..0.027 rows=5 loops=1)
                     Buckets: 1024  Batches: 1  Memory Usage: 9kB
                     Buffers: shared hit=1
                     ->  Seq Scan on role_type rt  (cost=0.00..1.20 rows=5 width=4) (actual time=0.018..0.021 rows=5 loops=1)
                           Filter: ((role)::text = ANY ('{actor,cinematographer,composer,producer,writer}'::text[]))
                           Rows Removed by Filter: 7
                           Buffers: shared hit=1
         ->  Index Scan using name_pkey on name n  (cost=0.43..2.32 rows=1 width=4) (actual time=0.035..0.035 rows=1 loops=65072)
               Index Cond: (id = ci.person_id)
               Filter: (((gender)::text = 'm'::text) OR (gender IS NULL))
               Rows Removed by Filter: 0
               Buffers: shared hit=250891 read=9397
 Planning:
   Buffers: shared hit=486 read=88
 Planning Time: 12.279 ms
 Execution Time: 8286.655 ms
(78 rows)

