                                                                                               QUERY PLAN                                                                                               
--------------------------------------------------------------------------------------------------------------------------------------------------------------------------------------------------------
 Aggregate  (cost=463891.46..463891.47 rows=1 width=8) (actual time=1108.724..1108.729 rows=1 loops=1)
   Buffers: shared hit=33382 read=39652
   ->  Nested Loop  (cost=32182.64..463891.46 rows=3 width=0) (actual time=95.839..1108.597 rows=856 loops=1)
         Buffers: shared hit=33382 read=39652
         ->  Hash Join  (cost=32182.21..463875.22 rows=7 width=4) (actual time=95.746..1081.071 rows=1573 loops=1)
               Hash Cond: (ci.role_id = rt.id)
               Buffers: shared hit=28160 read=38582
               ->  Nested Loop  (cost=32181.01..463873.92 rows=29 width=8) (actual time=88.451..1079.738 rows=11717 loops=1)
                     Buffers: shared hit=28159 read=38582
                     ->  Nested Loop  (cost=32180.57..463785.20 rows=2 width=12) (actual time=88.413..989.453 rows=878 loops=1)
                           Buffers: shared hit=22753 read=29925
                           ->  Seq Scan on info_type it2  (cost=0.00..2.41 rows=1 width=4) (actual time=0.021..0.025 rows=1 loops=1)
                                 Filter: (id = 2)
                                 Rows Removed by Filter: 112
                                 Buffers: shared hit=1
                           ->  Nested Loop  (cost=32180.57..463782.76 rows=2 width=16) (actual time=88.391..989.299 rows=878 loops=1)
                                 Buffers: shared hit=22752 read=29925
                                 ->  Seq Scan on info_type it1  (cost=0.00..2.41 rows=1 width=4) (actual time=0.008..0.015 rows=1 loops=1)
                                       Filter: (id = 16)
                                       Rows Removed by Filter: 112
                                       Buffers: shared hit=1
                                 ->  Nested Loop  (cost=32180.57..463780.33 rows=2 width=20) (actual time=88.380..989.152 rows=878 loops=1)
                                       Buffers: shared hit=22751 read=29925
                                       ->  Hash Join  (cost=32180.13..461646.13 rows=50 width=12) (actual time=88.353..942.771 rows=880 loops=1)
                                             Hash Cond: (t.kind_id = kt.id)
                                             Buffers: shared hit=17842 read=25852
                                             ->  Nested Loop  (cost=32179.00..461644.50 rows=118 width=16) (actual time=83.689..942.074 rows=3957 loops=1)
                                                   Buffers: shared hit=17841 read=25852
                                                   ->  Bitmap Heap Scan on movie_info mi1  (cost=32178.57..457177.50 rows=537 width=8) (actual time=83.647..869.491 rows=3960 loops=1)
                                                         Recheck Cond: (info_type_id = 16)
                                                         Filter: ((info)::text = ANY ('{Australia:1985,Australia:1986,USA:1984,USA:1985,USA:1987,USA:1989,USA:1990}'::text[]))
                                                         Rows Removed by Filter: 3032759
                                                         Heap Blocks: exact=25474
                                                         Buffers: shared hit=2878 read=24975
                                                         ->  Bitmap Index Scan on info_type_id_movie_info  (cost=0.00..32178.44 rows=3010400 width=0) (actual time=77.931..77.932 rows=3036719 loops=1)
                                                               Index Cond: (info_type_id = 16)
                                                               Buffers: shared read=2379
                                                   ->  Index Scan using title_pkey on title t  (cost=0.43..8.32 rows=1 width=8) (actual time=0.018..0.018 rows=1 loops=3960)
                                                         Index Cond: (id = mi1.movie_id)
                                                         Filter: ((production_year <= 1990) AND (production_year >= 1950))
                                                         Rows Removed by Filter: 0
                                                         Buffers: shared hit=14963 read=877
                                             ->  Hash  (cost=1.10..1.10 rows=3 width=4) (actual time=0.015..0.015 rows=3 loops=1)
                                                   Buckets: 1024  Batches: 1  Memory Usage: 9kB
                                                   Buffers: shared hit=1
                                                   ->  Seq Scan on kind_type kt  (cost=0.00..1.10 rows=3 width=4) (actual time=0.007..0.009 rows=3 loops=1)
                                                         Filter: ((kind)::text = ANY ('{movie,"tv movie","tv series"}'::text[]))
                                                         Rows Removed by Filter: 4
                                                         Buffers: shared hit=1
                                       ->  Index Scan using movie_id_movie_info on movie_info mi2  (cost=0.43..42.67 rows=1 width=8) (actual time=0.040..0.052 rows=1 loops=880)
                                             Index Cond: (movie_id = t.id)
                                             Filter: (((info)::text = ANY ('{"Black and White",Color}'::text[])) AND (info_type_id = 2))
                                             Rows Removed by Filter: 8
                                             Buffers: shared hit=4909 read=4073
                     ->  Index Scan using movie_id_cast_info on cast_info ci  (cost=0.44..43.98 rows=38 width=12) (actual time=0.020..0.101 rows=13 loops=878)
                           Index Cond: (movie_id = t.id)
                           Buffers: shared hit=5406 read=8657
               ->  Hash  (cost=1.17..1.17 rows=3 width=4) (actual time=0.031..0.032 rows=3 loops=1)
                     Buckets: 1024  Batches: 1  Memory Usage: 9kB
                     Buffers: shared hit=1
                     ->  Seq Scan on role_type rt  (cost=0.00..1.17 rows=3 width=4) (actual time=0.023..0.026 rows=3 loops=1)
                           Filter: ((role)::text = ANY ('{director,"production designer",writer}'::text[]))
                           Rows Removed by Filter: 9
                           Buffers: shared hit=1
         ->  Index Scan using name_pkey on name n  (cost=0.43..2.32 rows=1 width=4) (actual time=0.017..0.017 rows=1 loops=1573)
               Index Cond: (id = ci.person_id)
               Filter: (((gender)::text = 'f'::text) OR (gender IS NULL))
               Rows Removed by Filter: 0
               Buffers: shared hit=5222 read=1070
 Planning:
   Buffers: shared hit=529 read=45
 Planning Time: 13.752 ms
 Execution Time: 1109.345 ms
(73 rows)

