                                                                                                                                                                              QUERY PLAN                                                                                                                                                                              
----------------------------------------------------------------------------------------------------------------------------------------------------------------------------------------------------------------------------------------------------------------------------------------------------------------------------------------------------------------------
 Aggregate  (cost=315592.72..315592.73 rows=1 width=8) (actual time=41.753..41.759 rows=1 loops=1)
   Buffers: shared hit=1379 read=750
   ->  Nested Loop  (cost=1363.97..315592.71 rows=3 width=0) (actual time=8.125..41.753 rows=12 loops=1)
         Buffers: shared hit=1379 read=750
         ->  Hash Join  (cost=1363.54..315583.43 rows=4 width=4) (actual time=8.023..41.452 rows=18 loops=1)
               Hash Cond: (ci.role_id = rt.id)
               Buffers: shared hit=1313 read=744
               ->  Nested Loop  (cost=1362.34..315582.18 rows=14 width=8) (actual time=7.976..41.381 rows=168 loops=1)
                     Buffers: shared hit=1312 read=744
                     ->  Nested Loop  (cost=1361.90..315538.45 rows=1 width=12) (actual time=7.908..40.555 rows=6 loops=1)
                           Buffers: shared hit=1154 read=716
                           ->  Nested Loop  (cost=1361.90..315536.03 rows=1 width=16) (actual time=7.899..40.478 rows=6 loops=1)
                                 Buffers: shared hit=1148 read=716
                                 ->  Nested Loop  (cost=1361.90..315533.60 rows=1 width=20) (actual time=7.880..40.391 rows=6 loops=1)
                                       Buffers: shared hit=1142 read=716
                                       ->  Nested Loop  (cost=1361.44..315321.69 rows=5 width=12) (actual time=7.564..39.473 rows=1 loops=1)
                                             Buffers: shared hit=1133 read=670
                                             ->  Nested Loop  (cost=1361.31..315320.61 rows=7 width=16) (actual time=7.554..39.462 rows=1 loops=1)
                                                   Buffers: shared hit=1131 read=670
                                                   ->  Bitmap Heap Scan on movie_info mi2  (cost=1360.88..315236.08 rows=10 width=8) (actual time=7.501..39.409 rows=1 loops=1)
                                                         Recheck Cond: (info_type_id = 9)
                                                         Filter: ((info)::text = ANY ('{"Its not how far they go... its what happens along the way!","Its not how far they go...but what happens along the way!","The world is waiting... GO!"}'::text[]))
                                                         Rows Removed by Filter: 140064
                                                         Heap Blocks: exact=1685
                                                         Buffers: shared hit=1127 read=670
                                                         ->  Bitmap Index Scan on info_type_id_movie_info  (cost=0.00..1360.88 rows=126992 width=0) (actual time=5.297..5.297 rows=140065 loops=1)
                                                               Index Cond: (info_type_id = 9)
                                                               Buffers: shared read=112
                                                   ->  Index Scan using title_pkey on title t  (cost=0.43..8.45 rows=1 width=8) (actual time=0.049..0.049 rows=1 loops=1)
                                                         Index Cond: (id = mi2.movie_id)
                                                         Filter: ((production_year <= 2015) AND (production_year >= 1990))
                                                         Buffers: shared hit=4
                                             ->  Index Scan using kind_type_pkey on kind_type kt  (cost=0.13..0.16 rows=1 width=4) (actual time=0.009..0.009 rows=1 loops=1)
                                                   Index Cond: (id = t.kind_id)
                                                   Filter: ((kind)::text = ANY ('{episode,movie,"tv movie","tv series","video movie"}'::text[]))
                                                   Buffers: shared hit=2
                                       ->  Index Scan using movie_id_movie_info on movie_info mi1  (cost=0.46..42.37 rows=1 width=8) (actual time=0.315..0.915 rows=6 loops=1)
                                             Index Cond: (movie_id = t.id)
                                             Filter: ((info_type_id = 18) AND ((info)::text = ANY ('{"California, USA","Houston, Texas, USA","Long Beach, California, USA","Montréal, Québec, Canada","Orlando, Florida, USA","Philadelphia, Pennsylvania, USA","Prague, Czech Republic","Sydney, New South Wales, Australia","Toronto, Ontario, Canada"}'::text[])))
                                             Rows Removed by Filter: 1578
                                             Buffers: shared hit=9 read=46
                                 ->  Seq Scan on info_type it1  (cost=0.00..2.41 rows=1 width=4) (actual time=0.008..0.013 rows=1 loops=6)
                                       Filter: (id = 18)
                                       Rows Removed by Filter: 112
                                       Buffers: shared hit=6
                           ->  Seq Scan on info_type it2  (cost=0.00..2.41 rows=1 width=4) (actual time=0.006..0.011 rows=1 loops=6)
                                 Filter: (id = 9)
                                 Rows Removed by Filter: 112
                                 Buffers: shared hit=6
                     ->  Index Scan using movie_id_cast_info on cast_info ci  (cost=0.44..43.35 rows=38 width=12) (actual time=0.021..0.133 rows=28 loops=6)
                           Index Cond: (movie_id = t.id)
                           Buffers: shared hit=158 read=28
               ->  Hash  (cost=1.17..1.17 rows=3 width=4) (actual time=0.027..0.028 rows=3 loops=1)
                     Buckets: 1024  Batches: 1  Memory Usage: 9kB
                     Buffers: shared hit=1
                     ->  Seq Scan on role_type rt  (cost=0.00..1.17 rows=3 width=4) (actual time=0.020..0.022 rows=3 loops=1)
                           Filter: ((role)::text = ANY ('{composer,"costume designer",writer}'::text[]))
                           Rows Removed by Filter: 9
                           Buffers: shared hit=1
         ->  Index Scan using name_pkey on name n  (cost=0.43..2.32 rows=1 width=4) (actual time=0.016..0.016 rows=1 loops=18)
               Index Cond: (id = ci.person_id)
               Filter: ((gender)::text = ANY ('{f,m}'::text[]))
               Rows Removed by Filter: 0
               Buffers: shared hit=66 read=6
 Planning:
   Buffers: shared hit=522 read=55
 Planning Time: 13.022 ms
 Execution Time: 42.106 ms
(68 rows)

