                                                                                                                  QUERY PLAN                                                                                                                  
----------------------------------------------------------------------------------------------------------------------------------------------------------------------------------------------------------------------------------------------
 Aggregate  (cost=601843.57..601843.58 rows=1 width=8) (actual time=14700.152..14700.158 rows=1 loops=1)
   Buffers: shared hit=1213280 read=271300
   ->  Nested Loop  (cost=32182.87..601843.36 rows=83 width=0) (actual time=83.616..14681.029 rows=135037 loops=1)
         Buffers: shared hit=1213280 read=271300
         ->  Hash Join  (cost=32182.44..601456.00 rows=167 width=4) (actual time=83.570..9738.324 rows=143314 loops=1)
               Hash Cond: (ci.role_id = rt.id)
               Buffers: shared hit=672814 read=238510
               ->  Nested Loop  (cost=32181.18..601453.33 rows=401 width=8) (actual time=83.448..9646.628 rows=383979 loops=1)
                     Buffers: shared hit=672813 read=238510
                     ->  Nested Loop  (cost=32180.74..600229.85 rows=28 width=12) (actual time=83.417..5277.802 rows=24476 loops=1)
                           Buffers: shared hit=369668 read=93328
                           ->  Seq Scan on info_type it2  (cost=0.00..2.41 rows=1 width=4) (actual time=0.018..0.024 rows=1 loops=1)
                                 Filter: (id = 16)
                                 Rows Removed by Filter: 112
                                 Buffers: shared hit=1
                           ->  Nested Loop  (cost=32180.74..600227.15 rows=28 width=16) (actual time=83.397..5272.326 rows=24476 loops=1)
                                 Buffers: shared hit=369667 read=93328
                                 ->  Seq Scan on info_type it1  (cost=0.00..2.41 rows=1 width=4) (actual time=0.007..0.015 rows=1 loops=1)
                                       Filter: (id = 2)
                                       Rows Removed by Filter: 112
                                       Buffers: shared hit=1
                                 ->  Nested Loop  (cost=32180.74..600224.46 rows=28 width=20) (actual time=83.388..5266.528 rows=24476 loops=1)
                                       Buffers: shared hit=369666 read=93328
                                       ->  Hash Join  (cost=32180.31..574335.22 rows=613 width=12) (actual time=82.219..2869.123 rows=36850 loops=1)
                                             Hash Cond: (t.kind_id = kt.id)
                                             Buffers: shared hit=134492 read=45418
                                             ->  Nested Loop  (cost=32179.13..574330.42 rows=858 width=16) (actual time=82.177..2854.010 rows=37949 loops=1)
                                                   Buffers: shared hit=134491 read=45418
                                                   ->  Bitmap Heap Scan on movie_info mi2  (cost=32178.70..565552.43 rows=1074 width=8) (actual time=82.142..1696.898 rows=38014 loops=1)
                                                         Recheck Cond: (info_type_id = 16)
                                                         Filter: ((info)::text = ANY ('{Nigeria:2006,USA:1994,USA:1996,USA:1998,USA:1999,USA:2003,USA:2004,USA:2006,USA:2007,USA:2009,USA:2010,USA:2011,USA:2013,"USA:April 2009"}'::text[]))
                                                         Rows Removed by Filter: 2998705
                                                         Heap Blocks: exact=25474
                                                         Buffers: shared hit=1120 read=26733
                                                         ->  Bitmap Index Scan on info_type_id_movie_info  (cost=0.00..32178.44 rows=3010400 width=0) (actual time=78.198..78.198 rows=3036719 loops=1)
                                                               Index Cond: (info_type_id = 16)
                                                               Buffers: shared hit=1 read=2378
                                                   ->  Index Scan using title_pkey on title t  (cost=0.43..8.17 rows=1 width=8) (actual time=0.030..0.030 rows=1 loops=38014)
                                                         Index Cond: (id = mi2.movie_id)
                                                         Filter: ((production_year <= 2015) AND (production_year >= 1975))
                                                         Rows Removed by Filter: 0
                                                         Buffers: shared hit=133371 read=18685
                                             ->  Hash  (cost=1.11..1.11 rows=5 width=4) (actual time=0.016..0.017 rows=5 loops=1)
                                                   Buckets: 1024  Batches: 1  Memory Usage: 9kB
                                                   Buffers: shared hit=1
                                                   ->  Seq Scan on kind_type kt  (cost=0.00..1.11 rows=5 width=4) (actual time=0.008..0.010 rows=5 loops=1)
                                                         Filter: ((kind)::text = ANY ('{episode,movie,"tv movie","video game","video movie"}'::text[]))
                                                         Rows Removed by Filter: 2
                                                         Buffers: shared hit=1
                                       ->  Index Scan using movie_id_movie_info on movie_info mi1  (cost=0.43..42.22 rows=1 width=8) (actual time=0.053..0.064 rows=1 loops=36850)
                                             Index Cond: (movie_id = t.id)
                                             Filter: (((info)::text = ANY ('{"Black and White",Color}'::text[])) AND (info_type_id = 2))
                                             Rows Removed by Filter: 5
                                             Buffers: shared hit=235174 read=47910
                     ->  Index Scan using movie_id_cast_info on cast_info ci  (cost=0.44..43.32 rows=38 width=12) (actual time=0.035..0.174 rows=16 loops=24476)
                           Index Cond: (movie_id = t.id)
                           Buffers: shared hit=303145 read=145182
               ->  Hash  (cost=1.20..1.20 rows=5 width=4) (actual time=0.034..0.035 rows=5 loops=1)
                     Buckets: 1024  Batches: 1  Memory Usage: 9kB
                     Buffers: shared hit=1
                     ->  Seq Scan on role_type rt  (cost=0.00..1.20 rows=5 width=4) (actual time=0.024..0.028 rows=5 loops=1)
                           Filter: ((role)::text = ANY ('{actress,cinematographer,composer,editor,guest}'::text[]))
                           Rows Removed by Filter: 7
                           Buffers: shared hit=1
         ->  Index Scan using name_pkey on name n  (cost=0.43..2.32 rows=1 width=4) (actual time=0.034..0.034 rows=1 loops=143314)
               Index Cond: (id = ci.person_id)
               Filter: (((gender)::text = 'f'::text) OR (gender IS NULL))
               Rows Removed by Filter: 0
               Buffers: shared hit=540466 read=32790
 Planning:
   Buffers: shared hit=574
 Planning Time: 13.877 ms
 Execution Time: 14700.797 ms
(73 rows)

