                                                                                                     QUERY PLAN                                                                                                     
--------------------------------------------------------------------------------------------------------------------------------------------------------------------------------------------------------------------
 Aggregate  (cost=892987.66..892987.67 rows=1 width=8) (actual time=34046.272..34046.281 rows=1 loops=1)
   Buffers: shared hit=3053685 read=460111, temp read=2936 written=2936
   ->  Nested Loop  (cost=96049.18..892986.64 rows=408 width=0) (actual time=516.400..34022.810 rows=126656 loops=1)
         Buffers: shared hit=3053685 read=460111, temp read=2936 written=2936
         ->  Hash Join  (cost=96048.75..891534.62 rows=626 width=4) (actual time=516.358..29405.860 rows=126656 loops=1)
               Hash Cond: (ci.role_id = rt.id)
               Buffers: shared hit=2573949 read=433223, temp read=2936 written=2936
               ->  Nested Loop  (cost=96047.57..891520.11 rows=3755 width=8) (actual time=512.567..29234.986 rows=760517 loops=1)
                     Buffers: shared hit=2573948 read=433223, temp read=2936 written=2936
                     ->  Nested Loop  (cost=96047.13..879846.87 rows=262 width=12) (actual time=512.471..18580.777 rows=120462 loops=1)
                           Buffers: shared hit=1639409 read=263006, temp read=2936 written=2936
                           ->  Seq Scan on info_type it2  (cost=0.00..2.41 rows=1 width=4) (actual time=0.026..0.036 rows=1 loops=1)
                                 Filter: (id = 3)
                                 Rows Removed by Filter: 112
                                 Buffers: shared hit=1
                           ->  Nested Loop  (cost=96047.13..879841.84 rows=262 width=16) (actual time=512.444..18552.837 rows=120462 loops=1)
                                 Buffers: shared hit=1639408 read=263006, temp read=2936 written=2936
                                 ->  Seq Scan on info_type it1  (cost=0.00..2.41 rows=1 width=4) (actual time=0.012..0.025 rows=1 loops=1)
                                       Filter: (id = 8)
                                       Rows Removed by Filter: 112
                                       Buffers: shared hit=1
                                 ->  Nested Loop  (cost=96047.13..879836.80 rows=262 width=20) (actual time=512.428..18521.350 rows=120462 loops=1)
                                       Buffers: shared hit=1639407 read=263006, temp read=2936 written=2936
                                       ->  Hash Join  (cost=96046.70..471113.85 rows=9467 width=12) (actual time=512.232..1518.343 rows=169820 loops=1)
                                             Hash Cond: (t.kind_id = kt.id)
                                             Buffers: shared hit=18267 read=27018, temp read=2936 written=2936
                                             ->  Hash Join  (cost=96045.50..471066.11 rows=11045 width=16) (actual time=512.188..1445.821 rows=169820 loops=1)
                                                   Hash Cond: (mi1.movie_id = t.id)
                                                   Buffers: shared hit=18266 read=27018, temp read=2936 written=2936
                                                   ->  Bitmap Heap Scan on movie_info mi1  (cost=14226.82..386822.12 rows=61072 width=8) (actual time=36.875..460.569 rows=692691 loops=1)
                                                         Recheck Cond: (info_type_id = 8)
                                                         Filter: ((info)::text = ANY ('{Albania,Austria,Belgium,Brazil,Bulgaria,"Hong Kong",Italy,Japan,Norway,Russia,Switzerland,Taiwan,USA,Yugoslavia}'::text[]))
                                                         Rows Removed by Filter: 632670
                                                         Heap Blocks: exact=7853
                                                         Buffers: shared hit=652 read=8241
                                                         ->  Bitmap Index Scan on info_type_id_movie_info  (cost=0.00..14211.52 rows=1329478 width=0) (actual time=35.877..35.877 rows=1325361 loops=1)
                                                               Index Cond: (info_type_id = 8)
                                                               Buffers: shared hit=1 read=1039
                                                   ->  Hash  (cost=74315.95..74315.95 rows=457258 width=8) (actual time=474.017..474.018 rows=451569 loops=1)
                                                         Buckets: 262144  Batches: 4  Memory Usage: 6450kB
                                                         Buffers: shared hit=17614 read=18777, temp written=1157
                                                         ->  Seq Scan on title t  (cost=0.00..74315.95 rows=457258 width=8) (actual time=0.030..399.449 rows=451569 loops=1)
                                                               Filter: ((production_year <= 1975) AND (production_year >= 1875))
                                                               Rows Removed by Filter: 2076743
                                                               Buffers: shared hit=17614 read=18777
                                             ->  Hash  (cost=1.12..1.12 rows=6 width=4) (actual time=0.022..0.022 rows=6 loops=1)
                                                   Buckets: 1024  Batches: 1  Memory Usage: 9kB
                                                   Buffers: shared hit=1
                                                   ->  Seq Scan on kind_type kt  (cost=0.00..1.12 rows=6 width=4) (actual time=0.009..0.012 rows=6 loops=1)
                                                         Filter: ((kind)::text = ANY ('{episode,movie,"tv movie","tv series","video game","video movie"}'::text[]))
                                                         Rows Removed by Filter: 1
                                                         Buffers: shared hit=1
                                       ->  Index Scan using movie_id_movie_info on movie_info mi2  (cost=0.43..43.16 rows=1 width=8) (actual time=0.099..0.099 rows=1 loops=169820)
                                             Index Cond: (movie_id = t.id)
                                             Filter: ((info_type_id = 3) AND ((info)::text = ANY ('{Animation,Biography,Documentary,Game-Show,Horror,Musical,Mystery,Short,Sport}'::text[])))
                                             Rows Removed by Filter: 13
                                             Buffers: shared hit=1621140 read=235988
                     ->  Index Scan using movie_id_cast_info on cast_info ci  (cost=0.44..44.17 rows=38 width=12) (actual time=0.034..0.086 rows=6 loops=120462)
                           Index Cond: (movie_id = t.id)
                           Buffers: shared hit=934539 read=170217
               ->  Hash  (cost=1.15..1.15 rows=2 width=4) (actual time=0.038..0.039 rows=2 loops=1)
                     Buckets: 1024  Batches: 1  Memory Usage: 9kB
                     Buffers: shared hit=1
                     ->  Seq Scan on role_type rt  (cost=0.00..1.15 rows=2 width=4) (actual time=0.029..0.032 rows=2 loops=1)
                           Filter: ((role)::text = ANY ('{actress,guest}'::text[]))
                           Rows Removed by Filter: 10
                           Buffers: shared hit=1
         ->  Index Scan using name_pkey on name n  (cost=0.43..2.32 rows=1 width=4) (actual time=0.036..0.036 rows=1 loops=126656)
               Index Cond: (id = ci.person_id)
               Filter: ((gender)::text = ANY ('{f,m}'::text[]))
               Buffers: shared hit=479736 read=26888
 Planning:
   Buffers: shared hit=577
 Planning Time: 13.206 ms
 Execution Time: 34046.924 ms
(75 rows)

