                                                                                                                                      QUERY PLAN                                                                                                                                      
--------------------------------------------------------------------------------------------------------------------------------------------------------------------------------------------------------------------------------------------------------------------------------------
 Aggregate  (cost=528585.82..528585.83 rows=1 width=8) (actual time=2374.347..2374.353 rows=1 loops=1)
   Buffers: shared hit=163867 read=56739
   ->  Nested Loop  (cost=32182.78..528585.81 rows=3 width=0) (actual time=130.093..2374.268 rows=137 loops=1)
         Buffers: shared hit=163867 read=56739
         ->  Hash Join  (cost=32182.35..528569.58 rows=7 width=4) (actual time=130.004..2366.078 rows=220 loops=1)
               Hash Cond: (ci.role_id = rt.id)
               Buffers: shared hit=163357 read=56369
               ->  Nested Loop  (cost=32181.15..528568.28 rows=29 width=8) (actual time=129.809..2365.426 rows=4058 loops=1)
                     Buffers: shared hit=163356 read=56369
                     ->  Nested Loop  (cost=32180.71..528480.88 rows=2 width=12) (actual time=129.762..2322.177 rows=207 loops=1)
                           Buffers: shared hit=161706 read=53451
                           ->  Seq Scan on info_type it2  (cost=0.00..2.41 rows=1 width=4) (actual time=0.019..0.024 rows=1 loops=1)
                                 Filter: (id = 16)
                                 Rows Removed by Filter: 112
                                 Buffers: shared hit=1
                           ->  Nested Loop  (cost=32180.71..528478.45 rows=2 width=16) (actual time=129.742..2322.076 rows=207 loops=1)
                                 Buffers: shared hit=161705 read=53451
                                 ->  Seq Scan on info_type it1  (cost=0.00..2.41 rows=1 width=4) (actual time=0.008..0.015 rows=1 loops=1)
                                       Filter: (id = 8)
                                       Rows Removed by Filter: 112
                                       Buffers: shared hit=1
                                 ->  Nested Loop  (cost=32180.71..528476.02 rows=2 width=20) (actual time=129.732..2321.974 rows=207 loops=1)
                                       Buffers: shared hit=161704 read=53451
                                       ->  Hash Join  (cost=32180.23..509958.72 rows=437 width=12) (actual time=80.614..1548.124 rows=15932 loops=1)
                                             Hash Cond: (t.kind_id = kt.id)
                                             Buffers: shared hit=55676 read=38470
                                             ->  Nested Loop  (cost=32179.06..509954.97 rows=612 width=16) (actual time=80.582..1543.911 rows=16534 loops=1)
                                                   Buffers: shared hit=55675 read=38470
                                                   ->  Bitmap Heap Scan on movie_info mi2  (cost=32178.63..503623.90 rows=767 width=8) (actual time=80.544..1135.015 rows=16573 loops=1)
                                                         Recheck Cond: (info_type_id = 16)
                                                         Filter: ((info)::text = ANY ('{Nigeria:2006,USA:1993,USA:1995,USA:1997,USA:1998,USA:2000,USA:2004,USA:2012,USA:2014,"USA:April 2011"}'::text[]))
                                                         Rows Removed by Filter: 3020146
                                                         Heap Blocks: exact=25474
                                                         Buffers: shared hit=5671 read=22182
                                                         ->  Bitmap Index Scan on info_type_id_movie_info  (cost=0.00..32178.44 rows=3010400 width=0) (actual time=76.544..76.544 rows=3036719 loops=1)
                                                               Index Cond: (info_type_id = 16)
                                                               Buffers: shared read=2379
                                                   ->  Index Scan using title_pkey on title t  (cost=0.43..8.25 rows=1 width=8) (actual time=0.024..0.024 rows=1 loops=16573)
                                                         Index Cond: (id = mi2.movie_id)
                                                         Filter: ((production_year <= 2015) AND (production_year >= 1975))
                                                         Rows Removed by Filter: 0
                                                         Buffers: shared hit=50004 read=16288
                                             ->  Hash  (cost=1.11..1.11 rows=5 width=4) (actual time=0.012..0.013 rows=5 loops=1)
                                                   Buckets: 1024  Batches: 1  Memory Usage: 9kB
                                                   Buffers: shared hit=1
                                                   ->  Seq Scan on kind_type kt  (cost=0.00..1.11 rows=5 width=4) (actual time=0.006..0.008 rows=5 loops=1)
                                                         Filter: ((kind)::text = ANY ('{episode,movie,"tv movie","video game","video movie"}'::text[]))
                                                         Rows Removed by Filter: 2
                                                         Buffers: shared hit=1
                                       ->  Index Scan using movie_id_movie_info on movie_info mi1  (cost=0.47..42.36 rows=1 width=8) (actual time=0.048..0.048 rows=0 loops=15932)
                                             Index Cond: (movie_id = t.id)
                                             Filter: ((info_type_id = 8) AND ((info)::text = ANY ('{Albania,Brazil,Croatia,Denmark,Georgia,Hungary,Japan,"New Zealand","Occupied Palestinian Territory",Palestine,Slovakia,Slovenia,Spain,Ukraine,"United Arab Emirates"}'::text[])))
                                             Rows Removed by Filter: 6
                                             Buffers: shared hit=106028 read=14981
                     ->  Index Scan using movie_id_cast_info on cast_info ci  (cost=0.44..43.32 rows=38 width=12) (actual time=0.030..0.204 rows=20 loops=207)
                           Index Cond: (movie_id = t.id)
                           Buffers: shared hit=1650 read=2918
               ->  Hash  (cost=1.17..1.17 rows=3 width=4) (actual time=0.030..0.030 rows=3 loops=1)
                     Buckets: 1024  Batches: 1  Memory Usage: 9kB
                     Buffers: shared hit=1
                     ->  Seq Scan on role_type rt  (cost=0.00..1.17 rows=3 width=4) (actual time=0.022..0.024 rows=3 loops=1)
                           Filter: ((role)::text = ANY ('{"costume designer","production designer",writer}'::text[]))
                           Rows Removed by Filter: 9
                           Buffers: shared hit=1
         ->  Index Scan using name_pkey on name n  (cost=0.43..2.32 rows=1 width=4) (actual time=0.036..0.036 rows=1 loops=220)
               Index Cond: (id = ci.person_id)
               Filter: (((gender)::text = 'f'::text) OR (gender IS NULL))
               Rows Removed by Filter: 0
               Buffers: shared hit=510 read=370
 Planning:
   Buffers: shared hit=484 read=93
 Planning Time: 12.722 ms
 Execution Time: 2374.983 ms
(73 rows)

