                                                                                                                                    QUERY PLAN                                                                                                                                     
-----------------------------------------------------------------------------------------------------------------------------------------------------------------------------------------------------------------------------------------------------------------------------------
 Aggregate  (cost=392700.26..392700.27 rows=1 width=8) (actual time=37999.782..37999.790 rows=1 loops=1)
   Buffers: shared hit=3390132 read=523695
   ->  Nested Loop  (cost=4697.67..392700.24 rows=8 width=0) (actual time=34.866..37993.941 rows=14066 loops=1)
         Buffers: shared hit=3390132 read=523695
         ->  Hash Join  (cost=4697.24..392623.70 rows=33 width=4) (actual time=22.022..32875.913 rows=142687 loops=1)
               Hash Cond: (ci.role_id = rt.id)
               Buffers: shared hit=2863010 read=480069
               ->  Nested Loop  (cost=4696.01..392622.12 rows=100 width=8) (actual time=21.306..32422.801 rows=2474039 loops=1)
                     Buffers: shared hit=2863009 read=480069
                     ->  Nested Loop  (cost=4695.57..392316.50 rows=7 width=12) (actual time=21.270..8193.716 rows=45720 loops=1)
                           Buffers: shared hit=652717 read=146422
                           ->  Seq Scan on info_type it2  (cost=0.00..2.41 rows=1 width=4) (actual time=0.024..0.034 rows=1 loops=1)
                                 Filter: (id = 3)
                                 Rows Removed by Filter: 112
                                 Buffers: shared hit=1
                           ->  Nested Loop  (cost=4695.57..392314.02 rows=7 width=16) (actual time=21.244..8181.469 rows=45720 loops=1)
                                 Buffers: shared hit=652716 read=146422
                                 ->  Seq Scan on info_type it1  (cost=0.00..2.41 rows=1 width=4) (actual time=0.007..0.018 rows=1 loops=1)
                                       Filter: (id = 5)
                                       Rows Removed by Filter: 112
                                       Buffers: shared hit=1
                                 ->  Nested Loop  (cost=4695.57..392311.54 rows=7 width=20) (actual time=21.234..8169.091 rows=45720 loops=1)
                                       Buffers: shared hit=652715 read=146422
                                       ->  Hash Join  (cost=4695.14..378239.32 rows=329 width=12) (actual time=21.098..1958.726 rows=40668 loops=1)
                                             Hash Cond: (t.kind_id = kt.id)
                                             Buffers: shared hit=153340 read=32889
                                             ->  Nested Loop  (cost=4693.96..378236.20 rows=461 width=16) (actual time=21.060..1934.265 rows=41188 loops=1)
                                                   Buffers: shared hit=153339 read=32889
                                                   ->  Bitmap Heap Scan on movie_info mi1  (cost=4693.53..374133.12 rows=493 width=8) (actual time=21.007..425.167 rows=41664 loops=1)
                                                         Recheck Cond: (info_type_id = 5)
                                                         Filter: ((info)::text = ANY ('{Australia:MA,Belgium:KT,Canada:14,Canada:18,Finland:K-18,Ireland:15A,Netherlands:MG6,Portugal:M/16,Singapore:PG13,"South Africa:PG","South Korea:12",Spain:13,UK:AA,UK:E,USA:X}'::text[]))
                                                         Rows Removed by Filter: 444890
                                                         Heap Blocks: exact=19164
                                                         Buffers: shared hit=3507 read=16065
                                                         ->  Bitmap Index Scan on info_type_id_movie_info  (cost=0.00..4693.37 rows=439058 width=0) (actual time=18.066..18.066 rows=486554 loops=1)
                                                               Index Cond: (info_type_id = 5)
                                                               Buffers: shared hit=1 read=407
                                                   ->  Index Scan using title_pkey on title t  (cost=0.43..8.32 rows=1 width=8) (actual time=0.035..0.035 rows=1 loops=41664)
                                                         Index Cond: (id = mi1.movie_id)
                                                         Filter: ((production_year <= 2015) AND (production_year >= 1925))
                                                         Rows Removed by Filter: 0
                                                         Buffers: shared hit=149832 read=16824
                                             ->  Hash  (cost=1.11..1.11 rows=5 width=4) (actual time=0.016..0.017 rows=5 loops=1)
                                                   Buckets: 1024  Batches: 1  Memory Usage: 9kB
                                                   Buffers: shared hit=1
                                                   ->  Seq Scan on kind_type kt  (cost=0.00..1.11 rows=5 width=4) (actual time=0.008..0.010 rows=5 loops=1)
                                                         Filter: ((kind)::text = ANY ('{movie,"tv movie","tv series","video game","video movie"}'::text[]))
                                                         Rows Removed by Filter: 2
                                                         Buffers: shared hit=1
                                       ->  Index Scan using movie_id_movie_info on movie_info mi2  (cost=0.43..42.76 rows=1 width=8) (actual time=0.151..0.152 rows=1 loops=40668)
                                             Index Cond: (movie_id = t.id)
                                             Filter: ((info_type_id = 3) AND ((info)::text = ANY ('{Action,Adult,Animation,Biography,Drama,Game-Show,Music,Musical,Mystery,Reality-TV,Sci-Fi,Thriller,War}'::text[])))
                                             Rows Removed by Filter: 52
                                             Buffers: shared hit=499375 read=113533
                     ->  Index Scan using movie_id_cast_info on cast_info ci  (cost=0.44..43.28 rows=38 width=12) (actual time=0.037..0.515 rows=54 loops=45720)
                           Index Cond: (movie_id = t.id)
                           Buffers: shared hit=2210292 read=333647
               ->  Hash  (cost=1.18..1.18 rows=4 width=4) (actual time=0.035..0.036 rows=4 loops=1)
                     Buckets: 1024  Batches: 1  Memory Usage: 9kB
                     Buffers: shared hit=1
                     ->  Seq Scan on role_type rt  (cost=0.00..1.18 rows=4 width=4) (actual time=0.027..0.029 rows=4 loops=1)
                           Filter: ((role)::text = ANY ('{"costume designer",editor,"production designer",writer}'::text[]))
                           Rows Removed by Filter: 8
                           Buffers: shared hit=1
         ->  Index Scan using name_pkey on name n  (cost=0.43..2.32 rows=1 width=4) (actual time=0.035..0.035 rows=0 loops=142687)
               Index Cond: (id = ci.person_id)
               Filter: ((gender)::text = 'f'::text)
               Rows Removed by Filter: 1
               Buffers: shared hit=527122 read=43626
 Planning:
   Buffers: shared hit=577
 Planning Time: 13.653 ms
 Execution Time: 38000.399 ms
(73 rows)

