                                                                                               QUERY PLAN                                                                                                
---------------------------------------------------------------------------------------------------------------------------------------------------------------------------------------------------------
 Aggregate  (cost=362275.08..362275.09 rows=1 width=8) (actual time=884.861..884.866 rows=1 loops=1)
   Buffers: shared hit=59142 read=31950
   ->  Nested Loop  (cost=2.17..362275.07 rows=2 width=0) (actual time=1.868..884.529 rows=3352 loops=1)
         Buffers: shared hit=59142 read=31950
         ->  Nested Loop  (cost=1.74..362270.43 rows=2 width=4) (actual time=1.806..777.999 rows=3352 loops=1)
               Join Filter: (ci.role_id = rt.id)
               Rows Removed by Join Filter: 30421
               Buffers: shared hit=49095 read=28589
               ->  Nested Loop  (cost=1.74..362268.87 rows=14 width=8) (actual time=0.943..771.255 rows=18493 loops=1)
                     Buffers: shared hit=49094 read=28589
                     ->  Nested Loop  (cost=1.30..362225.14 rows=1 width=12) (actual time=0.861..555.958 rows=1141 loops=1)
                           Buffers: shared hit=36890 read=19373
                           ->  Nested Loop  (cost=1.30..362222.71 rows=1 width=16) (actual time=0.845..540.420 rows=1141 loops=1)
                                 Buffers: shared hit=35749 read=19373
                                 ->  Nested Loop  (cost=1.30..362220.29 rows=1 width=20) (actual time=0.824..526.438 rows=1141 loops=1)
                                       Buffers: shared hit=34608 read=19373
                                       ->  Nested Loop  (cost=0.86..362009.00 rows=5 width=12) (actual time=0.540..409.861 rows=1106 loops=1)
                                             Join Filter: (t.kind_id = kt.id)
                                             Rows Removed by Join Filter: 15504
                                             Buffers: shared hit=29261 read=12277
                                             ->  Nested Loop  (cost=0.86..362007.40 rows=18 width=16) (actual time=0.521..406.166 rows=8607 loops=1)
                                                   Buffers: shared hit=29260 read=12277
                                                   ->  Index Scan using info_type_id_movie_info on movie_info mi2  (cost=0.43..361787.64 rows=26 width=8) (actual time=0.433..100.911 rows=9116 loops=1)
                                                         Index Cond: (info_type_id = 105)
                                                         Filter: ((info)::text = ANY ('{"$1,000","$1,000,000","$2,000,000","$35,000","$40,000","$75,000","$8,000","Â£1,000"}'::text[]))
                                                         Rows Removed by Filter: 112747
                                                         Buffers: shared hit=1185 read=3888
                                                   ->  Index Scan using title_pkey on title t  (cost=0.43..8.45 rows=1 width=8) (actual time=0.033..0.033 rows=1 loops=9116)
                                                         Index Cond: (id = mi2.movie_id)
                                                         Filter: ((production_year <= 2015) AND (production_year >= 1990))
                                                         Rows Removed by Filter: 0
                                                         Buffers: shared hit=28075 read=8389
                                             ->  Materialize  (cost=0.00..1.10 rows=2 width=4) (actual time=0.000..0.000 rows=2 loops=8607)
                                                   Buffers: shared hit=1
                                                   ->  Seq Scan on kind_type kt  (cost=0.00..1.09 rows=2 width=4) (actual time=0.011..0.013 rows=2 loops=1)
                                                         Filter: ((kind)::text = ANY ('{"tv movie","tv series"}'::text[]))
                                                         Rows Removed by Filter: 5
                                                         Buffers: shared hit=1
                                       ->  Index Scan using movie_id_movie_info on movie_info mi1  (cost=0.43..42.25 rows=1 width=8) (actual time=0.080..0.105 rows=1 loops=1106)
                                             Index Cond: (movie_id = t.id)
                                             Filter: (((info)::text = ANY ('{"Black and White",Color}'::text[])) AND (info_type_id = 2))
                                             Rows Removed by Filter: 10
                                             Buffers: shared hit=5347 read=7096
                                 ->  Seq Scan on info_type it1  (cost=0.00..2.41 rows=1 width=4) (actual time=0.006..0.011 rows=1 loops=1141)
                                       Filter: (id = 2)
                                       Rows Removed by Filter: 112
                                       Buffers: shared hit=1141
                           ->  Seq Scan on info_type it2  (cost=0.00..2.41 rows=1 width=4) (actual time=0.012..0.013 rows=1 loops=1141)
                                 Filter: (id = 105)
                                 Rows Removed by Filter: 112
                                 Buffers: shared hit=1141
                     ->  Index Scan using movie_id_cast_info on cast_info ci  (cost=0.44..43.35 rows=38 width=12) (actual time=0.034..0.186 rows=16 loops=1141)
                           Index Cond: (movie_id = t.id)
                           Buffers: shared hit=12204 read=9216
               ->  Materialize  (cost=0.00..1.16 rows=2 width=4) (actual time=0.000..0.000 rows=2 loops=18493)
                     Buffers: shared hit=1
                     ->  Seq Scan on role_type rt  (cost=0.00..1.15 rows=2 width=4) (actual time=0.010..0.011 rows=2 loops=1)
                           Filter: ((role)::text = ANY ('{"miscellaneous crew","production designer"}'::text[]))
                           Rows Removed by Filter: 10
                           Buffers: shared hit=1
         ->  Index Scan using name_pkey on name n  (cost=0.43..2.32 rows=1 width=4) (actual time=0.031..0.031 rows=1 loops=3352)
               Index Cond: (id = ci.person_id)
               Filter: (((gender)::text = ANY ('{f,m}'::text[])) OR (gender IS NULL))
               Buffers: shared hit=10047 read=3361
 Planning:
   Buffers: shared hit=484 read=90
 Planning Time: 14.475 ms
 Execution Time: 885.287 ms
(68 rows)

