                                                                                                                                                               QUERY PLAN                                                                                                                                                               
----------------------------------------------------------------------------------------------------------------------------------------------------------------------------------------------------------------------------------------------------------------------------------------------------------------------------------------
 Aggregate  (cost=343477.90..343477.91 rows=1 width=8) (actual time=592.548..592.554 rows=1 loops=1)
   Buffers: shared hit=41128 read=18536
   ->  Nested Loop  (cost=3725.49..343477.90 rows=1 width=0) (actual time=119.685..592.459 rows=434 loops=1)
         Buffers: shared hit=41128 read=18536
         ->  Nested Loop  (cost=3725.49..343475.47 rows=1 width=4) (actual time=119.676..581.215 rows=434 loops=1)
               Buffers: shared hit=40694 read=18536
               ->  Nested Loop  (cost=3725.49..343473.05 rows=1 width=8) (actual time=119.658..574.409 rows=434 loops=1)
                     Join Filter: (t.id = mi1.movie_id)
                     Buffers: shared hit=40260 read=18536
                     ->  Nested Loop  (cost=3725.06..343430.72 rows=1 width=16) (actual time=119.618..520.976 rows=394 loops=1)
                           Buffers: shared hit=33532 read=17881
                           ->  Hash Join  (cost=3724.63..343421.45 rows=4 width=20) (actual time=119.577..486.408 rows=887 loops=1)
                                 Hash Cond: (ci.role_id = rt.id)
                                 Buffers: shared hit=30417 read=17448
                                 ->  Nested Loop  (cost=3723.43..343420.20 rows=14 width=24) (actual time=74.625..483.559 rows=25484 loops=1)
                                       Buffers: shared hit=30416 read=17448
                                       ->  Nested Loop  (cost=3722.99..343375.65 rows=1 width=12) (actual time=73.751..268.047 rows=512 loops=1)
                                             Buffers: shared hit=11752 read=9362
                                             ->  Nested Loop  (cost=3722.85..343375.17 rows=3 width=16) (actual time=15.625..249.605 rows=1279 loops=1)
                                                   Buffers: shared hit=9194 read=9362
                                                   ->  Bitmap Heap Scan on movie_info mi2  (cost=3722.42..343223.03 rows=18 width=8) (actual time=15.221..189.746 rows=1835 loops=1)
                                                         Recheck Cond: (info_type_id = 17)
                                                         Filter: ((info)::text = ANY ('{"Last show of the series.","One of over 700 Paramount Productions, filmed between 1929 and 1949, which were sold to MCA/Universal in 1958 for television distribution, and have been owned and controlled by Universal ever since."}'::text[]))
                                                         Rows Removed by Filter: 366383
                                                         Heap Blocks: exact=10925
                                                         Buffers: shared hit=3779 read=7437
                                                         ->  Bitmap Index Scan on info_type_id_movie_info  (cost=0.00..3722.42 rows=347998 width=0) (actual time=13.640..13.641 rows=368218 loops=1)
                                                               Index Cond: (info_type_id = 17)
                                                               Buffers: shared hit=1 read=290
                                                   ->  Index Scan using title_pkey on title t  (cost=0.43..8.45 rows=1 width=8) (actual time=0.032..0.032 rows=1 loops=1835)
                                                         Index Cond: (id = mi2.movie_id)
                                                         Filter: ((production_year <= 1975) AND (production_year >= 1875))
                                                         Rows Removed by Filter: 0
                                                         Buffers: shared hit=5415 read=1925
                                             ->  Index Scan using kind_type_pkey on kind_type kt  (cost=0.13..0.15 rows=1 width=4) (actual time=0.014..0.014 rows=0 loops=1279)
                                                   Index Cond: (id = t.kind_id)
                                                   Filter: ((kind)::text = ANY ('{movie,"tv series"}'::text[]))
                                                   Rows Removed by Filter: 1
                                                   Buffers: shared hit=2558
                                       ->  Index Scan using movie_id_cast_info on cast_info ci  (cost=0.44..44.17 rows=38 width=12) (actual time=0.030..0.412 rows=50 loops=512)
                                             Index Cond: (movie_id = t.id)
                                             Buffers: shared hit=18664 read=8086
                                 ->  Hash  (cost=1.17..1.17 rows=3 width=4) (actual time=0.036..0.037 rows=3 loops=1)
                                       Buckets: 1024  Batches: 1  Memory Usage: 9kB
                                       Buffers: shared hit=1
                                       ->  Seq Scan on role_type rt  (cost=0.00..1.17 rows=3 width=4) (actual time=0.028..0.030 rows=3 loops=1)
                                             Filter: ((role)::text = ANY ('{"costume designer",guest,"miscellaneous crew"}'::text[]))
                                             Rows Removed by Filter: 9
                                             Buffers: shared hit=1
                           ->  Index Scan using name_pkey on name n  (cost=0.43..2.32 rows=1 width=4) (actual time=0.039..0.039 rows=0 loops=887)
                                 Index Cond: (id = ci.person_id)
                                 Filter: (gender IS NULL)
                                 Rows Removed by Filter: 1
                                 Buffers: shared hit=3115 read=433
                     ->  Index Scan using movie_id_movie_info on movie_info mi1  (cost=0.43..42.32 rows=1 width=8) (actual time=0.028..0.135 rows=1 loops=394)
                           Index Cond: (movie_id = ci.movie_id)
                           Filter: ((info_type_id = 4) AND ((info)::text = ANY ('{Arabic,English,French,German,Hindi,Japanese,Swedish}'::text[])))
                           Rows Removed by Filter: 46
                           Buffers: shared hit=6728 read=655
               ->  Seq Scan on info_type it1  (cost=0.00..2.41 rows=1 width=4) (actual time=0.009..0.014 rows=1 loops=434)
                     Filter: (id = 4)
                     Rows Removed by Filter: 112
                     Buffers: shared hit=434
         ->  Seq Scan on info_type it2  (cost=0.00..2.41 rows=1 width=4) (actual time=0.020..0.025 rows=1 loops=434)
               Filter: (id = 17)
               Rows Removed by Filter: 112
               Buffers: shared hit=434
 Planning:
   Buffers: shared hit=574
 Planning Time: 13.104 ms
 Execution Time: 593.104 ms
(71 rows)

