                                                                                                            QUERY PLAN                                                                                                            
----------------------------------------------------------------------------------------------------------------------------------------------------------------------------------------------------------------------------------
 Aggregate  (cost=390108.91..390108.92 rows=1 width=8) (actual time=11035.227..11035.236 rows=1 loops=1)
   Buffers: shared hit=890248 read=236051
   ->  Nested Loop  (cost=4697.73..390108.90 rows=4 width=0) (actual time=21.966..11025.441 rows=62373 loops=1)
         Buffers: shared hit=890248 read=236051
         ->  Seq Scan on info_type it2  (cost=0.00..2.41 rows=1 width=4) (actual time=0.039..0.049 rows=1 loops=1)
               Filter: (id = 8)
               Rows Removed by Filter: 112
               Buffers: shared hit=1
         ->  Nested Loop  (cost=4697.73..390106.45 rows=4 width=4) (actual time=21.926..11014.515 rows=62373 loops=1)
               Buffers: shared hit=890247 read=236051
               ->  Seq Scan on info_type it1  (cost=0.00..2.41 rows=1 width=4) (actual time=0.009..0.021 rows=1 loops=1)
                     Filter: (id = 5)
                     Rows Removed by Filter: 112
                     Buffers: shared hit=1
               ->  Nested Loop  (cost=4697.73..390104.00 rows=4 width=8) (actual time=21.913..11002.982 rows=62373 loops=1)
                     Buffers: shared hit=890246 read=236051
                     ->  Hash Join  (cost=4697.30..390090.08 rows=6 width=12) (actual time=21.868..8602.742 rows=67994 loops=1)
                           Hash Cond: (ci.role_id = rt.id)
                           Buffers: shared hit=641691 read=212630
                           ->  Nested Loop  (cost=4696.14..390088.66 rows=72 width=16) (actual time=21.779..8519.973 rows=422654 loops=1)
                                 Buffers: shared hit=641690 read=212630
                                 ->  Nested Loop  (cost=4695.70..389866.86 rows=5 width=20) (actual time=21.744..4156.070 rows=9729 loops=1)
                                       Buffers: shared hit=314618 read=97859
                                       ->  Hash Join  (cost=4695.27..382739.43 rows=165 width=12) (actual time=20.176..2058.309 rows=11427 loops=1)
                                             Hash Cond: (t.kind_id = kt.id)
                                             Buffers: shared hit=175687 read=37894
                                             ->  Nested Loop  (cost=4694.09..382737.28 rows=230 width=16) (actual time=20.136..2051.386 rows=12933 loops=1)
                                                   Buffers: shared hit=175686 read=37894
                                                   ->  Bitmap Heap Scan on movie_info mi1  (cost=4693.66..374133.25 rows=1052 width=8) (actual time=20.091..366.219 rows=48502 loops=1)
                                                         Recheck Cond: (info_type_id = 5)
                                                         Filter: ((info)::text = ANY ('{Argentina:Atp,Canada:14A,Canada:18+,India:U,Netherlands:12,Netherlands:18,Portugal:M/18,UK:15,UK:X,USA:PG-13,"West Germany:6"}'::text[]))
                                                         Rows Removed by Filter: 438052
                                                         Heap Blocks: exact=19164
                                                         Buffers: shared hit=4065 read=15507
                                                         ->  Bitmap Index Scan on info_type_id_movie_info  (cost=0.00..4693.37 rows=439058 width=0) (actual time=17.274..17.275 rows=486554 loops=1)
                                                               Index Cond: (info_type_id = 5)
                                                               Buffers: shared hit=1 read=407
                                                   ->  Index Scan using title_pkey on title t  (cost=0.43..8.18 rows=1 width=8) (actual time=0.034..0.034 rows=0 loops=48502)
                                                         Index Cond: (id = mi1.movie_id)
                                                         Filter: ((production_year <= 1990) AND (production_year >= 1950))
                                                         Rows Removed by Filter: 1
                                                         Buffers: shared hit=171621 read=22387
                                             ->  Hash  (cost=1.11..1.11 rows=5 width=4) (actual time=0.018..0.019 rows=5 loops=1)
                                                   Buckets: 1024  Batches: 1  Memory Usage: 9kB
                                                   Buffers: shared hit=1
                                                   ->  Seq Scan on kind_type kt  (cost=0.00..1.11 rows=5 width=4) (actual time=0.009..0.012 rows=5 loops=1)
                                                         Filter: ((kind)::text = ANY ('{movie,"tv movie","tv series","video game","video movie"}'::text[]))
                                                         Rows Removed by Filter: 2
                                                         Buffers: shared hit=1
                                       ->  Index Scan using movie_id_movie_info on movie_info mi2  (cost=0.43..43.19 rows=1 width=8) (actual time=0.174..0.183 rows=1 loops=11427)
                                             Index Cond: (movie_id = t.id)
                                             Filter: ((info_type_id = 8) AND ((info)::text = ANY ('{Argentina,Austria,Belgium,India,Italy,Mexico,Netherlands,Spain,Sweden,Switzerland,USA,"West Germany"}'::text[])))
                                             Rows Removed by Filter: 62
                                             Buffers: shared hit=138931 read=59965
                                 ->  Index Scan using movie_id_cast_info on cast_info ci  (cost=0.44..43.98 rows=38 width=12) (actual time=0.038..0.437 rows=43 loops=9729)
                                       Index Cond: (movie_id = t.id)
                                       Buffers: shared hit=327072 read=114771
                           ->  Hash  (cost=1.15..1.15 rows=1 width=4) (actual time=0.019..0.019 rows=1 loops=1)
                                 Buckets: 1024  Batches: 1  Memory Usage: 9kB
                                 Buffers: shared hit=1
                                 ->  Seq Scan on role_type rt  (cost=0.00..1.15 rows=1 width=4) (actual time=0.010..0.011 rows=1 loops=1)
                                       Filter: ((role)::text = 'miscellaneous crew'::text)
                                       Rows Removed by Filter: 11
                                       Buffers: shared hit=1
                     ->  Index Scan using name_pkey on name n  (cost=0.43..2.32 rows=1 width=4) (actual time=0.035..0.035 rows=1 loops=67994)
                           Index Cond: (id = ci.person_id)
                           Filter: (((gender)::text = 'm'::text) OR (gender IS NULL))
                           Rows Removed by Filter: 0
                           Buffers: shared hit=248555 read=23421
 Planning:
   Buffers: shared hit=576 read=1
 Planning Time: 13.117 ms
 Execution Time: 11035.896 ms
(73 rows)

