                                                                                                         QUERY PLAN                                                                                                          
-----------------------------------------------------------------------------------------------------------------------------------------------------------------------------------------------------------------------------
 Aggregate  (cost=383690.48..383690.49 rows=1 width=8) (actual time=671.709..671.716 rows=1 loops=1)
   Buffers: shared hit=41532 read=23548
   ->  Nested Loop  (cost=8154.95..383690.47 rows=3 width=0) (actual time=126.221..671.647 rows=121 loops=1)
         Buffers: shared hit=41532 read=23548
         ->  Hash Join  (cost=8154.52..383678.88 rows=5 width=4) (actual time=125.971..650.689 rows=631 loops=1)
               Hash Cond: (ci.role_id = rt.id)
               Buffers: shared hit=39842 read=22714
               ->  Nested Loop  (cost=8153.29..383677.60 rows=14 width=8) (actual time=125.874..650.314 rows=1456 loops=1)
                     Buffers: shared hit=39841 read=22714
                     ->  Nested Loop  (cost=8152.85..383633.90 rows=1 width=12) (actual time=125.835..633.171 rows=97 loops=1)
                           Buffers: shared hit=39199 read=21624
                           ->  Nested Loop  (cost=8152.85..383631.48 rows=1 width=16) (actual time=125.824..632.142 rows=97 loops=1)
                                 Buffers: shared hit=39102 read=21624
                                 ->  Nested Loop  (cost=8152.85..383629.06 rows=1 width=20) (actual time=125.804..630.913 rows=97 loops=1)
                                       Buffers: shared hit=39005 read=21624
                                       ->  Hash Join  (cost=8152.42..380213.46 rows=80 width=12) (actual time=23.876..313.957 rows=3115 loops=1)
                                             Hash Cond: (t.kind_id = kt.id)
                                             Buffers: shared hit=18312 read=6673
                                             ->  Nested Loop  (cost=8151.26..380211.72 rows=140 width=16) (actual time=23.837..312.990 rows=3363 loops=1)
                                                   Buffers: shared hit=18311 read=6673
                                                   ->  Bitmap Heap Scan on movie_info mi1  (cost=8150.83..378736.53 rows=175 width=8) (actual time=23.788..171.664 rows=4840 loops=1)
                                                         Recheck Cond: (info_type_id = 1)
                                                         Filter: ((info)::text = ANY ('{117,67,72,Argentina:89,Argentina:92,UK:195,UK:8,UK:92,USA:133}'::text[]))
                                                         Rows Removed by Filter: 797300
                                                         Heap Blocks: exact=4993
                                                         Buffers: shared hit=1663 read=3961
                                                         ->  Bitmap Index Scan on info_type_id_movie_info  (cost=0.00..8150.77 rows=762444 width=0) (actual time=23.011..23.012 rows=802140 loops=1)
                                                               Index Cond: (info_type_id = 1)
                                                               Buffers: shared read=631
                                                   ->  Index Scan using title_pkey on title t  (cost=0.43..8.43 rows=1 width=8) (actual time=0.029..0.029 rows=1 loops=4840)
                                                         Index Cond: (id = mi1.movie_id)
                                                         Filter: ((production_year <= 2015) AND (production_year >= 1975))
                                                         Rows Removed by Filter: 0
                                                         Buffers: shared hit=16648 read=2712
                                             ->  Hash  (cost=1.10..1.10 rows=4 width=4) (actual time=0.016..0.018 rows=4 loops=1)
                                                   Buckets: 1024  Batches: 1  Memory Usage: 9kB
                                                   Buffers: shared hit=1
                                                   ->  Seq Scan on kind_type kt  (cost=0.00..1.10 rows=4 width=4) (actual time=0.008..0.010 rows=4 loops=1)
                                                         Filter: ((kind)::text = ANY ('{episode,movie,"tv series","video movie"}'::text[]))
                                                         Rows Removed by Filter: 3
                                                         Buffers: shared hit=1
                                       ->  Index Scan using movie_id_movie_info on movie_info mi2  (cost=0.43..42.68 rows=1 width=8) (actual time=0.100..0.101 rows=0 loops=3115)
                                             Index Cond: (movie_id = t.id)
                                             Filter: ((info_type_id = 16) AND ((info)::text = ANY ('{USA:1997,USA:1998,USA:1999,USA:2001,USA:2002,USA:2003,USA:2004,USA:2005,USA:2006,USA:2012,"USA:April 2009"}'::text[])))
                                             Rows Removed by Filter: 19
                                             Buffers: shared hit=20693 read=14951
                                 ->  Seq Scan on info_type it1  (cost=0.00..2.41 rows=1 width=4) (actual time=0.005..0.010 rows=1 loops=97)
                                       Filter: (id = 1)
                                       Rows Removed by Filter: 112
                                       Buffers: shared hit=97
                           ->  Seq Scan on info_type it2  (cost=0.00..2.41 rows=1 width=4) (actual time=0.005..0.009 rows=1 loops=97)
                                 Filter: (id = 16)
                                 Rows Removed by Filter: 112
                                 Buffers: shared hit=97
                     ->  Index Scan using movie_id_cast_info on cast_info ci  (cost=0.44..43.32 rows=38 width=12) (actual time=0.031..0.173 rows=15 loops=97)
                           Index Cond: (movie_id = t.id)
                           Buffers: shared hit=642 read=1090
               ->  Hash  (cost=1.18..1.18 rows=4 width=4) (actual time=0.034..0.035 rows=4 loops=1)
                     Buckets: 1024  Batches: 1  Memory Usage: 9kB
                     Buffers: shared hit=1
                     ->  Seq Scan on role_type rt  (cost=0.00..1.18 rows=4 width=4) (actual time=0.025..0.028 rows=4 loops=1)
                           Filter: ((role)::text = ANY ('{actress,cinematographer,composer,director}'::text[]))
                           Rows Removed by Filter: 8
                           Buffers: shared hit=1
         ->  Index Scan using name_pkey on name n  (cost=0.43..2.32 rows=1 width=4) (actual time=0.033..0.033 rows=0 loops=631)
               Index Cond: (id = ci.person_id)
               Filter: (((gender)::text = 'm'::text) OR (gender IS NULL))
               Rows Removed by Filter: 1
               Buffers: shared hit=1690 read=834
 Planning:
   Buffers: shared hit=486 read=91
 Planning Time: 13.574 ms
 Execution Time: 672.252 ms
(73 rows)

