                                                                                                                                                                                QUERY PLAN                                                                                                                                                                                
--------------------------------------------------------------------------------------------------------------------------------------------------------------------------------------------------------------------------------------------------------------------------------------------------------------------------------------------------------------------------
 Aggregate  (cost=362700.15..362700.16 rows=1 width=8) (actual time=1217.025..1217.031 rows=1 loops=1)
   Buffers: shared hit=103104 read=20701
   ->  Nested Loop  (cost=2.20..362700.15 rows=1 width=0) (actual time=32.764..1217.002 rows=19 loops=1)
         Buffers: shared hit=103104 read=20701
         ->  Nested Loop  (cost=1.77..362695.51 rows=2 width=4) (actual time=3.348..1215.280 rows=55 loops=1)
               Join Filter: (ci.role_id = rt.id)
               Rows Removed by Join Filter: 20216
               Buffers: shared hit=102979 read=20606
               ->  Nested Loop  (cost=1.77..362693.95 rows=14 width=8) (actual time=1.995..1210.187 rows=10163 loops=1)
                     Buffers: shared hit=102978 read=20606
                     ->  Nested Loop  (cost=1.33..362650.25 rows=1 width=12) (actual time=1.941..1079.295 rows=391 loops=1)
                           Buffers: shared hit=99944 read=12662
                           ->  Nested Loop  (cost=1.33..362647.83 rows=1 width=16) (actual time=1.929..1072.454 rows=391 loops=1)
                                 Buffers: shared hit=99553 read=12662
                                 ->  Nested Loop  (cost=1.33..362645.41 rows=1 width=20) (actual time=1.909..1063.557 rows=391 loops=1)
                                       Buffers: shared hit=99162 read=12662
                                       ->  Nested Loop  (cost=0.86..362009.95 rows=15 width=12) (actual time=0.466..354.399 rows=6438 loops=1)
                                             Join Filter: (t.kind_id = kt.id)
                                             Rows Removed by Join Filter: 4148
                                             Buffers: shared hit=30683 read=2067
                                             ->  Nested Loop  (cost=0.86..362007.40 rows=21 width=16) (actual time=0.446..350.782 rows=6793 loops=1)
                                                   Buffers: shared hit=30682 read=2067
                                                   ->  Index Scan using info_type_id_movie_info on movie_info mi2  (cost=0.43..361787.64 rows=26 width=8) (actual time=0.391..110.741 rows=6919 loops=1)
                                                         Index Cond: (info_type_id = 105)
                                                         Filter: ((info)::text = ANY ('{"$1,500",$100,"$200,000","$25,000",$300,"$35,000","$35,000,000","$60,000"}'::text[]))
                                                         Rows Removed by Filter: 114944
                                                         Buffers: shared hit=5056 read=17
                                                   ->  Index Scan using title_pkey on title t  (cost=0.43..8.45 rows=1 width=8) (actual time=0.034..0.034 rows=1 loops=6919)
                                                         Index Cond: (id = mi2.movie_id)
                                                         Filter: ((production_year <= 2015) AND (production_year >= 1975))
                                                         Rows Removed by Filter: 0
                                                         Buffers: shared hit=25626 read=2050
                                             ->  Materialize  (cost=0.00..1.14 rows=5 width=4) (actual time=0.000..0.000 rows=2 loops=6793)
                                                   Buffers: shared hit=1
                                                   ->  Seq Scan on kind_type kt  (cost=0.00..1.11 rows=5 width=4) (actual time=0.009..0.014 rows=5 loops=1)
                                                         Filter: ((kind)::text = ANY ('{episode,movie,"tv series","video game","video movie"}'::text[]))
                                                         Rows Removed by Filter: 2
                                                         Buffers: shared hit=1
                                       ->  Index Scan using movie_id_movie_info on movie_info mi1  (cost=0.46..42.35 rows=1 width=8) (actual time=0.105..0.110 rows=0 loops=6438)
                                             Index Cond: (movie_id = t.id)
                                             Filter: ((info_type_id = 18) AND ((info)::text = ANY ('{"Atlanta, Georgia, USA","Berlin, Germany","Boston, Massachusetts, USA","California, USA",India,Italy,"Madrid, Spain","Manhattan, New York City, New York, USA","Miami, Florida, USA","Seattle, Washington, USA","Washington, District of Columbia, USA"}'::text[])))
                                             Rows Removed by Filter: 15
                                             Buffers: shared hit=68479 read=10595
                                 ->  Seq Scan on info_type it1  (cost=0.00..2.41 rows=1 width=4) (actual time=0.015..0.020 rows=1 loops=391)
                                       Filter: (id = 18)
                                       Rows Removed by Filter: 112
                                       Buffers: shared hit=391
                           ->  Seq Scan on info_type it2  (cost=0.00..2.41 rows=1 width=4) (actual time=0.015..0.016 rows=1 loops=391)
                                 Filter: (id = 105)
                                 Rows Removed by Filter: 112
                                 Buffers: shared hit=391
                     ->  Index Scan using movie_id_cast_info on cast_info ci  (cost=0.44..43.32 rows=38 width=12) (actual time=0.054..0.329 rows=26 loops=391)
                           Index Cond: (movie_id = t.id)
                           Buffers: shared hit=3034 read=7944
               ->  Materialize  (cost=0.00..1.16 rows=2 width=4) (actual time=0.000..0.000 rows=2 loops=10163)
                     Buffers: shared hit=1
                     ->  Seq Scan on role_type rt  (cost=0.00..1.15 rows=2 width=4) (actual time=0.008..0.009 rows=2 loops=1)
                           Filter: ((role)::text = ANY ('{"costume designer",guest}'::text[]))
                           Rows Removed by Filter: 10
                           Buffers: shared hit=1
         ->  Index Scan using name_pkey on name n  (cost=0.43..2.32 rows=1 width=4) (actual time=0.030..0.030 rows=0 loops=55)
               Index Cond: (id = ci.person_id)
               Filter: ((gender)::text = ANY ('{f,m}'::text[]))
               Rows Removed by Filter: 1
               Buffers: shared hit=125 read=95
 Planning:
   Buffers: shared hit=577
 Planning Time: 13.340 ms
 Execution Time: 1217.535 ms
(69 rows)

