                                                                                                      QUERY PLAN                                                                                                       
-----------------------------------------------------------------------------------------------------------------------------------------------------------------------------------------------------------------------
 Aggregate  (cost=974443.47..974443.48 rows=1 width=8) (actual time=42124.919..42124.938 rows=1 loops=1)
   Buffers: shared hit=3660331 read=328518, temp read=12829 written=12765
   ->  Nested Loop  (cost=895181.33..974441.54 rows=771 width=0) (actual time=1412.476..42083.586 rows=222494 loops=1)
         Buffers: shared hit=3660331 read=328518, temp read=12829 written=12765
         ->  Seq Scan on info_type it2  (cost=0.00..2.41 rows=1 width=4) (actual time=0.035..0.055 rows=1 loops=1)
               Filter: (id = 3)
               Rows Removed by Filter: 112
               Buffers: shared hit=1
         ->  Nested Loop  (cost=895181.33..974431.42 rows=771 width=4) (actual time=1412.439..42034.397 rows=222494 loops=1)
               Buffers: shared hit=3660330 read=328518, temp read=12829 written=12765
               ->  Seq Scan on info_type it1  (cost=0.00..2.41 rows=1 width=4) (actual time=0.007..0.033 rows=1 loops=1)
                     Filter: (id = 2)
                     Rows Removed by Filter: 112
                     Buffers: shared hit=1
               ->  Nested Loop  (cost=895181.33..974421.30 rows=771 width=8) (actual time=1412.430..41983.694 rows=222494 loops=1)
                     Buffers: shared hit=3660329 read=328518, temp read=12829 written=12765
                     ->  Hash Join  (cost=895180.90..969291.42 rows=2214 width=12) (actual time=1412.163..31867.493 rows=260175 loops=1)
                           Hash Cond: (ci.role_id = rt.id)
                           Buffers: shared hit=2658210 read=289937, temp read=12829 written=12765
                           ->  Nested Loop  (cost=895179.69..969258.75 rows=8858 width=16) (actual time=1412.063..31567.097 rows=1124546 loops=1)
                                 Buffers: shared hit=2658209 read=289937, temp read=12829 written=12765
                                 ->  Nested Loop  (cost=895179.25..942232.88 rows=618 width=20) (actual time=1412.031..18511.773 rows=56797 loops=1)
                                       Buffers: shared hit=1688027 read=51239, temp read=12829 written=12765
                                       ->  Nested Loop  (cost=895179.11..942197.32 rows=1442 width=24) (actual time=1410.845..18295.464 rows=287430 loops=1)
                                             Buffers: shared hit=1688015 read=51239, temp read=12829 written=12765
                                             ->  Merge Join  (cost=895178.68..896129.72 rows=15158 width=16) (actual time=1410.797..2132.643 rows=427684 loops=1)
                                                   Merge Cond: (mi1.movie_id = mi2.movie_id)
                                                   Buffers: shared hit=13127 read=15391, temp read=12829 written=12765
                                                   ->  Sort  (cost=365868.85..366154.62 rows=114308 width=8) (actual time=772.423..984.161 rows=1288928 loops=1)
                                                         Sort Key: mi1.movie_id
                                                         Sort Method: external sort  Disk: 27832kB
                                                         Buffers: shared hit=6513 read=11030, temp read=10417 written=10435
                                                         ->  Bitmap Heap Scan on movie_info mi1  (cost=13885.07..356265.51 rows=114308 width=8) (actual time=39.034..374.307 rows=1288928 loops=1)
                                                               Recheck Cond: (info_type_id = 2)
                                                               Filter: ((info)::text = ANY ('{"Black and White",Color}'::text[]))
                                                               Heap Blocks: exact=16526
                                                               Buffers: shared hit=6513 read=11030
                                                               ->  Bitmap Index Scan on info_type_id_movie_info  (cost=0.00..13856.49 rows=1296008 width=0) (actual time=36.793..36.793 rows=1288928 loops=1)
                                                                     Index Cond: (info_type_id = 2)
                                                                     Buffers: shared hit=1 read=1016
                                                   ->  Sort  (cost=529309.83..529423.79 rows=45584 width=8) (actual time=638.364..749.399 rows=447866 loops=1)
                                                         Sort Key: mi2.movie_id
                                                         Sort Method: external sort  Disk: 9312kB
                                                         Buffers: shared hit=6614 read=4361, temp read=2368 written=2330
                                                         ->  Bitmap Heap Scan on movie_info mi2  (cost=16459.86..525782.48 rows=45584 width=8) (actual time=36.139..528.900 rows=430755 loops=1)
                                                               Recheck Cond: (info_type_id = 3)
                                                               Filter: ((info)::text = ANY ('{Action,Adventure,Animation,Biography,Documentary,History,Horror,Musical,Mystery,Sci-Fi,Talk-Show,War,Western}'::text[]))
                                                               Rows Removed by Filter: 1103154
                                                               Heap Blocks: exact=9772
                                                               Buffers: shared hit=6614 read=4361
                                                               ->  Bitmap Index Scan on info_type_id_movie_info  (cost=0.00..16448.47 rows=1538671 width=0) (actual time=34.936..34.937 rows=1533909 loops=1)
                                                                     Index Cond: (info_type_id = 3)
                                                                     Buffers: shared hit=1 read=1202
                                             ->  Index Scan using title_pkey on title t  (cost=0.43..3.04 rows=1 width=8) (actual time=0.037..0.037 rows=1 loops=427684)
                                                   Index Cond: (id = mi1.movie_id)
                                                   Filter: ((production_year <= 2015) AND (production_year >= 1990))
                                                   Rows Removed by Filter: 0
                                                   Buffers: shared hit=1674888 read=35848
                                       ->  Memoize  (cost=0.14..0.16 rows=1 width=4) (actual time=0.000..0.000 rows=0 loops=287430)
                                             Cache Key: t.kind_id
                                             Cache Mode: logical
                                             Hits: 287424  Misses: 6  Evictions: 0  Overflows: 0  Memory Usage: 1kB
                                             Buffers: shared hit=12
                                             ->  Index Scan using kind_type_pkey on kind_type kt  (cost=0.13..0.15 rows=1 width=4) (actual time=0.011..0.011 rows=0 loops=6)
                                                   Index Cond: (id = t.kind_id)
                                                   Filter: ((kind)::text = ANY ('{episode,"video game","video movie"}'::text[]))
                                                   Rows Removed by Filter: 0
                                                   Buffers: shared hit=12
                                 ->  Index Scan using movie_id_cast_info on cast_info ci  (cost=0.44..43.35 rows=38 width=12) (actual time=0.041..0.223 rows=20 loops=56797)
                                       Index Cond: (movie_id = t.id)
                                       Buffers: shared hit=970182 read=238698
                           ->  Hash  (cost=1.17..1.17 rows=3 width=4) (actual time=0.017..0.019 rows=3 loops=1)
                                 Buckets: 1024  Batches: 1  Memory Usage: 9kB
                                 Buffers: shared hit=1
                                 ->  Seq Scan on role_type rt  (cost=0.00..1.17 rows=3 width=4) (actual time=0.010..0.012 rows=3 loops=1)
                                       Filter: ((role)::text = ANY ('{guest,"miscellaneous crew","production designer"}'::text[]))
                                       Rows Removed by Filter: 9
                                       Buffers: shared hit=1
                     ->  Index Scan using name_pkey on name n  (cost=0.43..2.32 rows=1 width=4) (actual time=0.038..0.038 rows=1 loops=260175)
                           Index Cond: (id = ci.person_id)
                           Filter: (gender IS NULL)
                           Rows Removed by Filter: 0
                           Buffers: shared hit=1002119 read=38581
 Planning:
   Buffers: shared hit=574
 Planning Time: 13.644 ms
 Execution Time: 42137.435 ms
(87 rows)

