                                                                                             QUERY PLAN                                                                                              
-----------------------------------------------------------------------------------------------------------------------------------------------------------------------------------------------------
 Aggregate  (cost=403382.94..403382.95 rows=1 width=8) (actual time=7383.017..7383.025 rows=1 loops=1)
   Buffers: shared hit=583531 read=170781
   ->  Nested Loop  (cost=8155.37..403382.89 rows=22 width=0) (actual time=31.189..7380.338 rows=13755 loops=1)
         Buffers: shared hit=583531 read=170781
         ->  Hash Join  (cost=8154.94..403259.95 rows=53 width=4) (actual time=30.695..6209.516 rows=32220 loops=1)
               Hash Cond: (ci.role_id = rt.id)
               Buffers: shared hit=468149 read=157283
               ->  Nested Loop  (cost=8153.71..403258.16 rows=158 width=8) (actual time=27.689..6170.405 rows=202851 loops=1)
                     Buffers: shared hit=468148 read=157283
                     ->  Nested Loop  (cost=8153.27..402768.07 rows=11 width=12) (actual time=27.651..3746.836 rows=12023 loops=1)
                           Buffers: shared hit=309972 read=81250
                           ->  Seq Scan on info_type it2  (cost=0.00..2.41 rows=1 width=4) (actual time=0.033..0.043 rows=1 loops=1)
                                 Filter: (id = 2)
                                 Rows Removed by Filter: 112
                                 Buffers: shared hit=1
                           ->  Nested Loop  (cost=8153.27..402765.54 rows=11 width=16) (actual time=27.617..3744.129 rows=12023 loops=1)
                                 Buffers: shared hit=309971 read=81250
                                 ->  Seq Scan on info_type it1  (cost=0.00..2.41 rows=1 width=4) (actual time=0.008..0.018 rows=1 loops=1)
                                       Filter: (id = 1)
                                       Rows Removed by Filter: 112
                                       Buffers: shared hit=1
                                 ->  Nested Loop  (cost=8153.27..402763.02 rows=11 width=20) (actual time=27.606..3741.408 rows=12023 loops=1)
                                       Buffers: shared hit=309970 read=81250
                                       ->  Hash Join  (cost=8152.83..391888.09 rows=254 width=12) (actual time=27.549..2278.315 rows=12536 loops=1)
                                             Hash Cond: (t.kind_id = kt.id)
                                             Buffers: shared hit=223277 read=26540
                                             ->  Nested Loop  (cost=8151.64..391885.65 rows=296 width=16) (actual time=27.504..2271.723 rows=12536 loops=1)
                                                   Buffers: shared hit=223276 read=26540
                                                   ->  Bitmap Heap Scan on movie_info mi1  (cost=8151.21..378736.91 rows=1637 width=8) (actual time=22.528..262.265 rows=61048 loops=1)
                                                         Recheck Cond: (info_type_id = 1)
                                                         Filter: ((info)::text = ANY ('{10,100,102,15,16,21,26,3,55,56,64,65,89}'::text[]))
                                                         Rows Removed by Filter: 741092
                                                         Heap Blocks: exact=4993
                                                         Buffers: shared hit=5 read=5619
                                                         ->  Bitmap Index Scan on info_type_id_movie_info  (cost=0.00..8150.77 rows=762444 width=0) (actual time=21.931..21.931 rows=802140 loops=1)
                                                               Index Cond: (info_type_id = 1)
                                                               Buffers: shared read=631
                                                   ->  Index Scan using title_pkey on title t  (cost=0.43..8.03 rows=1 width=8) (actual time=0.032..0.032 rows=0 loops=61048)
                                                         Index Cond: (id = mi1.movie_id)
                                                         Filter: ((production_year <= 1975) AND (production_year >= 1875))
                                                         Rows Removed by Filter: 1
                                                         Buffers: shared hit=223271 read=20921
                                             ->  Hash  (cost=1.12..1.12 rows=6 width=4) (actual time=0.018..0.019 rows=6 loops=1)
                                                   Buckets: 1024  Batches: 1  Memory Usage: 9kB
                                                   Buffers: shared hit=1
                                                   ->  Seq Scan on kind_type kt  (cost=0.00..1.12 rows=6 width=4) (actual time=0.008..0.011 rows=6 loops=1)
                                                         Filter: ((kind)::text = ANY ('{episode,movie,"tv movie","tv series","video game","video movie"}'::text[]))
                                                         Rows Removed by Filter: 1
                                                         Buffers: shared hit=1
                                       ->  Index Scan using movie_id_movie_info on movie_info mi2  (cost=0.43..42.80 rows=1 width=8) (actual time=0.096..0.116 rows=1 loops=12536)
                                             Index Cond: (movie_id = t.id)
                                             Filter: (((info)::text = ANY ('{"Black and White",Color}'::text[])) AND (info_type_id = 2))
                                             Rows Removed by Filter: 12
                                             Buffers: shared hit=86693 read=54710
                     ->  Index Scan using movie_id_cast_info on cast_info ci  (cost=0.44..44.17 rows=38 width=12) (actual time=0.037..0.197 rows=17 loops=12023)
                           Index Cond: (movie_id = t.id)
                           Buffers: shared hit=158176 read=76033
               ->  Hash  (cost=1.18..1.18 rows=4 width=4) (actual time=0.035..0.036 rows=4 loops=1)
                     Buckets: 1024  Batches: 1  Memory Usage: 9kB
                     Buffers: shared hit=1
                     ->  Seq Scan on role_type rt  (cost=0.00..1.18 rows=4 width=4) (actual time=0.025..0.028 rows=4 loops=1)
                           Filter: ((role)::text = ANY ('{cinematographer,"costume designer",director,producer}'::text[]))
                           Rows Removed by Filter: 8
                           Buffers: shared hit=1
         ->  Index Scan using name_pkey on name n  (cost=0.43..2.32 rows=1 width=4) (actual time=0.036..0.036 rows=0 loops=32220)
               Index Cond: (id = ci.person_id)
               Filter: ((gender)::text = 'm'::text)
               Rows Removed by Filter: 1
               Buffers: shared hit=115382 read=13498
 Planning:
   Buffers: shared hit=487 read=90
 Planning Time: 12.809 ms
 Execution Time: 7383.575 ms
(73 rows)

