                                                                                                                                                                                                                                                                QUERY PLAN                                                                                                                                                                                                                                                                 
-------------------------------------------------------------------------------------------------------------------------------------------------------------------------------------------------------------------------------------------------------------------------------------------------------------------------------------------------------------------------------------------------------------------------------------------------------------------------------------------------------------------------------------------
 Aggregate  (cost=507306.29..507306.30 rows=1 width=8) (actual time=2743.374..2743.380 rows=1 loops=1)
   Buffers: shared hit=192853 read=72527
   ->  Nested Loop  (cost=32182.71..507306.29 rows=1 width=0) (actual time=966.903..2743.355 rows=15 loops=1)
         Buffers: shared hit=192853 read=72527
         ->  Nested Loop  (cost=32182.71..507303.87 rows=1 width=4) (actual time=966.889..2743.177 rows=15 loops=1)
               Buffers: shared hit=192838 read=72527
               ->  Nested Loop  (cost=32182.71..507301.45 rows=1 width=8) (actual time=966.868..2742.928 rows=15 loops=1)
                     Buffers: shared hit=192823 read=72527
                     ->  Hash Join  (cost=32182.28..507289.85 rows=5 width=12) (actual time=773.245..2726.105 rows=399 loops=1)
                           Hash Cond: (ci.role_id = rt.id)
                           Buffers: shared hit=191476 read=72278
                           ->  Nested Loop  (cost=32181.10..507288.58 rows=29 width=16) (actual time=773.027..2723.607 rows=19463 loops=1)
                                 Buffers: shared hit=191475 read=72278
                                 ->  Nested Loop  (cost=32180.67..507201.18 rows=2 width=20) (actual time=189.349..2530.617 rows=474 loops=1)
                                       Buffers: shared hit=182096 read=61208
                                       ->  Hash Join  (cost=32180.19..493853.47 rows=315 width=12) (actual time=82.077..1540.991 rows=17358 loops=1)
                                             Hash Cond: (t.kind_id = kt.id)
                                             Buffers: shared hit=66598 read=34216
                                             ->  Nested Loop  (cost=32179.04..493849.99 rows=551 width=16) (actual time=82.027..1536.140 rows=18233 loops=1)
                                                   Buffers: shared hit=66597 read=34216
                                                   ->  Bitmap Heap Scan on movie_info mi2  (cost=32178.61..488141.77 rows=690 width=8) (actual time=81.989..1083.322 rows=18240 loops=1)
                                                         Recheck Cond: (info_type_id = 16)
                                                         Filter: ((info)::text = ANY ('{Belgium:2011,"Brazil:23 October 2009","Brazil:25 September 2009","France:17 May 2007",USA:2003,USA:2004,USA:2005,USA:2010,"USA:April 2008"}'::text[]))
                                                         Rows Removed by Filter: 3018479
                                                         Heap Blocks: exact=25474
                                                         Buffers: shared hit=1501 read=26352
                                                         ->  Bitmap Index Scan on info_type_id_movie_info  (cost=0.00..32178.44 rows=3010400 width=0) (actual time=78.032..78.033 rows=3036719 loops=1)
                                                               Index Cond: (info_type_id = 16)
                                                               Buffers: shared read=2379
                                                   ->  Index Scan using title_pkey on title t  (cost=0.43..8.27 rows=1 width=8) (actual time=0.024..0.024 rows=1 loops=18240)
                                                         Index Cond: (id = mi2.movie_id)
                                                         Filter: ((production_year <= 2015) AND (production_year >= 1975))
                                                         Rows Removed by Filter: 0
                                                         Buffers: shared hit=65096 read=7864
                                             ->  Hash  (cost=1.10..1.10 rows=4 width=4) (actual time=0.023..0.024 rows=4 loops=1)
                                                   Buckets: 1024  Batches: 1  Memory Usage: 9kB
                                                   Buffers: shared hit=1
                                                   ->  Seq Scan on kind_type kt  (cost=0.00..1.10 rows=4 width=4) (actual time=0.011..0.015 rows=4 loops=1)
                                                         Filter: ((kind)::text = ANY ('{episode,movie,"video game","video movie"}'::text[]))
                                                         Rows Removed by Filter: 3
                                                         Buffers: shared hit=1
                                       ->  Index Scan using movie_id_movie_info on movie_info mi1  (cost=0.47..42.36 rows=1 width=8) (actual time=0.055..0.057 rows=0 loops=17358)
                                             Index Cond: (movie_id = t.id)
                                             Filter: ((info_type_id = 7) AND ((info)::text = ANY ('{"CAM:Arriflex 535B","CAM:Arriflex Cameras and Lenses","CAM:Clairmont Cameras and Lenses","LAB:Cinecolor S.A., Buenos Aires, Argentina","LAB:DeLuxe, New York (NY), USA","LAB:John E. Allen Associates, USA","LAB:Laboratoires GTC, Paris, France","LAB:Madrid Film S.A., Madrid, Spain","LAB:Technicolor, Madrid, Spain","LAB:Technicolor, Toronto, Canada","OFM:SxS Pro",OFM:Video,PCS:3-D,PCS:CinemaScope,PCS:Spherical}'::text[])))
                                             Rows Removed by Filter: 7
                                             Buffers: shared hit=115498 read=26992
                                 ->  Index Scan using movie_id_cast_info on cast_info ci  (cost=0.44..43.32 rows=38 width=12) (actual time=0.029..0.399 rows=41 loops=474)
                                       Index Cond: (movie_id = t.id)
                                       Buffers: shared hit=9379 read=11070
                           ->  Hash  (cost=1.15..1.15 rows=2 width=4) (actual time=0.041..0.041 rows=2 loops=1)
                                 Buckets: 1024  Batches: 1  Memory Usage: 9kB
                                 Buffers: shared hit=1
                                 ->  Seq Scan on role_type rt  (cost=0.00..1.15 rows=2 width=4) (actual time=0.030..0.034 rows=2 loops=1)
                                       Filter: ((role)::text = ANY ('{cinematographer,guest}'::text[]))
                                       Rows Removed by Filter: 10
                                       Buffers: shared hit=1
                     ->  Index Scan using name_pkey on name n  (cost=0.43..2.32 rows=1 width=4) (actual time=0.041..0.041 rows=0 loops=399)
                           Index Cond: (id = ci.person_id)
                           Filter: ((gender)::text = 'f'::text)
                           Rows Removed by Filter: 1
                           Buffers: shared hit=1347 read=249
               ->  Seq Scan on info_type it1  (cost=0.00..2.41 rows=1 width=4) (actual time=0.008..0.012 rows=1 loops=15)
                     Filter: (id = 7)
                     Rows Removed by Filter: 112
                     Buffers: shared hit=15
         ->  Seq Scan on info_type it2  (cost=0.00..2.41 rows=1 width=4) (actual time=0.005..0.010 rows=1 loops=15)
               Filter: (id = 16)
               Rows Removed by Filter: 112
               Buffers: shared hit=15
 Planning:
   Buffers: shared hit=504 read=73
 Planning Time: 14.174 ms
 Execution Time: 2744.123 ms
(73 rows)

