                                                                                               QUERY PLAN                                                                                               
--------------------------------------------------------------------------------------------------------------------------------------------------------------------------------------------------------
 Aggregate  (cost=441537.86..441537.87 rows=1 width=8) (actual time=4963.605..4963.613 rows=1 loops=1)
   Buffers: shared hit=414198 read=88221
   ->  Nested Loop  (cost=13060.50..441537.84 rows=9 width=0) (actual time=55.262..4963.058 rows=1539 loops=1)
         Buffers: shared hit=414198 read=88221
         ->  Hash Join  (cost=13060.07..441496.09 rows=18 width=4) (actual time=51.541..4841.443 rows=2903 loops=1)
               Hash Cond: (ci.role_id = rt.id)
               Buffers: shared hit=404487 read=86320
               ->  Nested Loop  (cost=13058.86..441494.63 rows=72 width=8) (actual time=41.647..4833.784 rows=40908 loops=1)
                     Buffers: shared hit=404486 read=86320
                     ->  Nested Loop  (cost=13058.42..441272.82 rows=5 width=12) (actual time=41.604..4324.238 rows=1923 loops=1)
                           Buffers: shared hit=372822 read=71907
                           ->  Seq Scan on info_type it2  (cost=0.00..2.41 rows=1 width=4) (actual time=0.028..0.037 rows=1 loops=1)
                                 Filter: (id = 3)
                                 Rows Removed by Filter: 112
                                 Buffers: shared hit=1
                           ->  Nested Loop  (cost=13058.42..441270.36 rows=5 width=16) (actual time=41.575..4323.641 rows=1923 loops=1)
                                 Buffers: shared hit=372821 read=71907
                                 ->  Seq Scan on info_type it1  (cost=0.00..2.41 rows=1 width=4) (actual time=0.007..0.019 rows=1 loops=1)
                                       Filter: (id = 4)
                                       Rows Removed by Filter: 112
                                       Buffers: shared hit=1
                                 ->  Nested Loop  (cost=13058.42..441267.90 rows=5 width=20) (actual time=41.565..4322.984 rows=1923 loops=1)
                                       Buffers: shared hit=372820 read=71907
                                       ->  Hash Join  (cost=13057.99..414828.09 rows=615 width=12) (actual time=37.009..2716.759 rows=18835 loops=1)
                                             Hash Cond: (t.kind_id = kt.id)
                                             Buffers: shared hit=235217 read=38684
                                             ->  Nested Loop  (cost=13056.81..414823.29 rows=861 width=16) (actual time=36.967..2708.043 rows=20389 loops=1)
                                                   Buffers: shared hit=235216 read=38684
                                                   ->  Bitmap Heap Scan on movie_info mi1  (cost=13056.37..385267.89 rows=3932 width=8) (actual time=36.883..394.510 rows=66752 loops=1)
                                                         Recheck Cond: (info_type_id = 4)
                                                         Filter: ((info)::text = ANY ('{Afrikaans,Dutch,Greek,Hebrew,Hungarian,Indonesian,Portuguese,Serbian,Telugu}'::text[]))
                                                         Rows Removed by Filter: 1232237
                                                         Heap Blocks: exact=8393
                                                         Buffers: shared hit=724 read=8688
                                                         ->  Bitmap Index Scan on info_type_id_movie_info  (cost=0.00..13055.37 rows=1221191 width=0) (actual time=35.082..35.082 rows=1298989 loops=1)
                                                               Index Cond: (info_type_id = 4)
                                                               Buffers: shared read=1019
                                                   ->  Memoize  (cost=0.44..7.54 rows=1 width=8) (actual time=0.034..0.034 rows=0 loops=66752)
                                                         Cache Key: mi1.movie_id
                                                         Cache Mode: logical
                                                         Hits: 630  Misses: 66122  Evictions: 0  Overflows: 0  Memory Usage: 5182kB
                                                         Buffers: shared hit=234492 read=29996
                                                         ->  Index Scan using title_pkey on title t  (cost=0.43..7.53 rows=1 width=8) (actual time=0.034..0.034 rows=0 loops=66122)
                                                               Index Cond: (id = mi1.movie_id)
                                                               Filter: ((production_year <= 1990) AND (production_year >= 1950))
                                                               Rows Removed by Filter: 1
                                                               Buffers: shared hit=234492 read=29996
                                             ->  Hash  (cost=1.11..1.11 rows=5 width=4) (actual time=0.016..0.018 rows=5 loops=1)
                                                   Buckets: 1024  Batches: 1  Memory Usage: 9kB
                                                   Buffers: shared hit=1
                                                   ->  Seq Scan on kind_type kt  (cost=0.00..1.11 rows=5 width=4) (actual time=0.010..0.013 rows=5 loops=1)
                                                         Filter: ((kind)::text = ANY ('{movie,"tv movie","tv series","video game","video movie"}'::text[]))
                                                         Rows Removed by Filter: 2
                                                         Buffers: shared hit=1
                                       ->  Index Scan using movie_id_movie_info on movie_info mi2  (cost=0.43..42.98 rows=1 width=8) (actual time=0.085..0.085 rows=0 loops=18835)
                                             Index Cond: (movie_id = t.id)
                                             Filter: ((info_type_id = 3) AND ((info)::text = ANY ('{Biography,Crime,Game-Show,Horror,Music,Mystery,Thriller,Western}'::text[])))
                                             Rows Removed by Filter: 8
                                             Buffers: shared hit=137603 read=33223
                     ->  Index Scan using movie_id_cast_info on cast_info ci  (cost=0.44..43.98 rows=38 width=12) (actual time=0.039..0.259 rows=21 loops=1923)
                           Index Cond: (movie_id = t.id)
                           Buffers: shared hit=31664 read=14413
               ->  Hash  (cost=1.17..1.17 rows=3 width=4) (actual time=0.032..0.033 rows=3 loops=1)
                     Buckets: 1024  Batches: 1  Memory Usage: 9kB
                     Buffers: shared hit=1
                     ->  Seq Scan on role_type rt  (cost=0.00..1.17 rows=3 width=4) (actual time=0.024..0.027 rows=3 loops=1)
                           Filter: ((role)::text = ANY ('{composer,"costume designer",producer}'::text[]))
                           Rows Removed by Filter: 9
                           Buffers: shared hit=1
         ->  Index Scan using name_pkey on name n  (cost=0.43..2.32 rows=1 width=4) (actual time=0.041..0.041 rows=1 loops=2903)
               Index Cond: (id = ci.person_id)
               Filter: (((gender)::text = 'f'::text) OR (gender IS NULL))
               Rows Removed by Filter: 0
               Buffers: shared hit=9711 read=1901
 Planning:
   Buffers: shared hit=485 read=92
 Planning Time: 13.464 ms
 Execution Time: 4965.198 ms
(78 rows)

