                                                                                             QUERY PLAN                                                                                              
-----------------------------------------------------------------------------------------------------------------------------------------------------------------------------------------------------
 Aggregate  (cost=419839.16..419839.17 rows=1 width=8) (actual time=1581.626..1581.633 rows=1 loops=1)
   Buffers: shared hit=131743 read=30293
   ->  Nested Loop  (cost=8155.13..419839.15 rows=4 width=0) (actual time=182.044..1581.395 rows=1177 loops=1)
         Buffers: shared hit=131743 read=30293
         ->  Hash Join  (cost=8154.70..419825.23 rows=6 width=4) (actual time=180.445..1464.426 rows=3285 loops=1)
               Hash Cond: (ci.role_id = rt.id)
               Buffers: shared hit=121565 read=27331
               ->  Nested Loop  (cost=8153.45..419823.93 rows=14 width=8) (actual time=180.271..1461.566 rows=16389 loops=1)
                     Buffers: shared hit=121564 read=27331
                     ->  Nested Loop  (cost=8153.01..419779.37 rows=1 width=12) (actual time=180.234..1264.409 rows=852 loops=1)
                           Buffers: shared hit=112636 read=17724
                           ->  Nested Loop  (cost=8153.01..419776.95 rows=1 width=16) (actual time=180.228..1249.938 rows=852 loops=1)
                                 Buffers: shared hit=111784 read=17724
                                 ->  Nested Loop  (cost=8153.01..419774.53 rows=1 width=20) (actual time=180.203..1235.458 rows=852 loops=1)
                                       Buffers: shared hit=110932 read=17724
                                       ->  Hash Join  (cost=8152.57..415841.08 rows=91 width=12) (actual time=23.151..908.116 rows=3157 loops=1)
                                             Hash Cond: (t.kind_id = kt.id)
                                             Buffers: shared hit=86279 read=6278
                                             ->  Nested Loop  (cost=8151.42..415839.25 rows=160 width=16) (actual time=23.100..906.815 rows=3752 loops=1)
                                                   Buffers: shared hit=86278 read=6278
                                                   ->  Bitmap Heap Scan on movie_info mi1  (cost=8150.99..408562.79 rows=885 width=8) (actual time=23.001..292.361 rows=21733 loops=1)
                                                         Recheck Cond: (info_type_id = 1)
                                                         Filter: ((info)::text = ANY ('{105,12,23,40,52,79}'::text[]))
                                                         Rows Removed by Filter: 780407
                                                         Heap Blocks: exact=4993
                                                         Buffers: shared hit=2601 read=3023
                                                         ->  Bitmap Index Scan on info_type_id_movie_info  (cost=0.00..8150.77 rows=762444 width=0) (actual time=22.255..22.255 rows=802140 loops=1)
                                                               Index Cond: (info_type_id = 1)
                                                               Buffers: shared read=631
                                                   ->  Index Scan using title_pkey on title t  (cost=0.43..8.22 rows=1 width=8) (actual time=0.028..0.028 rows=0 loops=21733)
                                                         Index Cond: (id = mi1.movie_id)
                                                         Filter: ((production_year <= 1975) AND (production_year >= 1875))
                                                         Rows Removed by Filter: 1
                                                         Buffers: shared hit=83677 read=3255
                                             ->  Hash  (cost=1.10..1.10 rows=4 width=4) (actual time=0.025..0.026 rows=4 loops=1)
                                                   Buckets: 1024  Batches: 1  Memory Usage: 9kB
                                                   Buffers: shared hit=1
                                                   ->  Seq Scan on kind_type kt  (cost=0.00..1.10 rows=4 width=4) (actual time=0.013..0.015 rows=4 loops=1)
                                                         Filter: ((kind)::text = ANY ('{movie,"tv movie","video game","video movie"}'::text[]))
                                                         Rows Removed by Filter: 3
                                                         Buffers: shared hit=1
                                       ->  Index Scan using movie_id_movie_info on movie_info mi2  (cost=0.43..43.21 rows=1 width=8) (actual time=0.101..0.103 rows=0 loops=3157)
                                             Index Cond: (movie_id = t.id)
                                             Filter: ((info_type_id = 8) AND ((info)::text = ANY ('{Brazil,Czechoslovakia,"East Germany",Hungary,Italy,Japan,Mexico,Poland,Spain,Turkey}'::text[])))
                                             Rows Removed by Filter: 14
                                             Buffers: shared hit=24653 read=11446
                                 ->  Seq Scan on info_type it1  (cost=0.00..2.41 rows=1 width=4) (actual time=0.009..0.015 rows=1 loops=852)
                                       Filter: (id = 1)
                                       Rows Removed by Filter: 112
                                       Buffers: shared hit=852
                           ->  Seq Scan on info_type it2  (cost=0.00..2.41 rows=1 width=4) (actual time=0.010..0.016 rows=1 loops=852)
                                 Filter: (id = 8)
                                 Rows Removed by Filter: 112
                                 Buffers: shared hit=852
                     ->  Index Scan using movie_id_cast_info on cast_info ci  (cost=0.44..44.17 rows=38 width=12) (actual time=0.038..0.227 rows=19 loops=852)
                           Index Cond: (movie_id = t.id)
                           Buffers: shared hit=8928 read=9607
               ->  Hash  (cost=1.20..1.20 rows=5 width=4) (actual time=0.038..0.039 rows=5 loops=1)
                     Buckets: 1024  Batches: 1  Memory Usage: 9kB
                     Buffers: shared hit=1
                     ->  Seq Scan on role_type rt  (cost=0.00..1.20 rows=5 width=4) (actual time=0.028..0.031 rows=5 loops=1)
                           Filter: ((role)::text = ANY ('{cinematographer,"costume designer",director,editor,"miscellaneous crew"}'::text[]))
                           Rows Removed by Filter: 7
                           Buffers: shared hit=1
         ->  Index Scan using name_pkey on name n  (cost=0.43..2.32 rows=1 width=4) (actual time=0.035..0.035 rows=0 loops=3285)
               Index Cond: (id = ci.person_id)
               Filter: ((gender)::text = ANY ('{f,m}'::text[]))
               Rows Removed by Filter: 1
               Buffers: shared hit=10178 read=2962
 Planning:
   Buffers: shared hit=529 read=45
 Planning Time: 13.151 ms
 Execution Time: 1582.160 ms
(73 rows)

