                                                                                                                                                                                                                                                                            QUERY PLAN                                                                                                                                                                                                                                                                             
-------------------------------------------------------------------------------------------------------------------------------------------------------------------------------------------------------------------------------------------------------------------------------------------------------------------------------------------------------------------------------------------------------------------------------------------------------------------------------------------------------------------------------------------------------------------
 Aggregate  (cost=425463.30..425463.31 rows=1 width=8) (actual time=2076.039..2076.045 rows=1 loops=1)
   Buffers: shared hit=167524 read=39605
   ->  Nested Loop  (cost=8154.97..425463.30 rows=3 width=0) (actual time=23.297..2075.610 rows=2584 loops=1)
         Buffers: shared hit=167524 read=39605
         ->  Hash Join  (cost=8154.54..425449.38 rows=6 width=4) (actual time=22.961..1734.808 rows=9005 loops=1)
               Hash Cond: (ci.role_id = rt.id)
               Buffers: shared hit=140162 read=30947
               ->  Nested Loop  (cost=8153.28..425448.07 rows=14 width=8) (actual time=22.892..1731.498 rows=10786 loops=1)
                     Buffers: shared hit=140161 read=30947
                     ->  Nested Loop  (cost=8152.84..425403.52 rows=1 width=12) (actual time=22.853..1605.175 rows=265 loops=1)
                           Buffers: shared hit=135481 read=24240
                           ->  Nested Loop  (cost=8152.84..425401.10 rows=1 width=16) (actual time=22.847..1601.326 rows=265 loops=1)
                                 Buffers: shared hit=135216 read=24240
                                 ->  Nested Loop  (cost=8152.84..425398.67 rows=1 width=20) (actual time=22.825..1596.600 rows=265 loops=1)
                                       Buffers: shared hit=134951 read=24240
                                       ->  Hash Join  (cost=8152.41..424622.48 rows=18 width=12) (actual time=22.790..889.841 rows=6112 loops=1)
                                             Hash Cond: (t.kind_id = kt.id)
                                             Buffers: shared hit=80681 read=1448
                                             ->  Nested Loop  (cost=8151.23..424621.19 rows=25 width=16) (actual time=22.600..887.257 rows=6152 loops=1)
                                                   Buffers: shared hit=80680 read=1448
                                                   ->  Bitmap Heap Scan on movie_info mi1  (cost=8150.80..423475.65 rows=136 width=8) (actual time=21.562..329.836 rows=19126 loops=1)
                                                         Recheck Cond: (info_type_id = 1)
                                                         Filter: ((info)::text = ANY ('{103,120,71,77,81,95,USA:50}'::text[]))
                                                         Rows Removed by Filter: 783014
                                                         Heap Blocks: exact=4993
                                                         Buffers: shared hit=5605 read=19
                                                         ->  Bitmap Index Scan on info_type_id_movie_info  (cost=0.00..8150.77 rows=762444 width=0) (actual time=20.599..20.600 rows=802140 loops=1)
                                                               Index Cond: (info_type_id = 1)
                                                               Buffers: shared hit=631
                                                   ->  Index Scan using title_pkey on title t  (cost=0.43..8.42 rows=1 width=8) (actual time=0.029..0.029 rows=0 loops=19126)
                                                         Index Cond: (id = mi1.movie_id)
                                                         Filter: ((production_year <= 1975) AND (production_year >= 1875))
                                                         Rows Removed by Filter: 1
                                                         Buffers: shared hit=75075 read=1429
                                             ->  Hash  (cost=1.11..1.11 rows=5 width=4) (actual time=0.022..0.023 rows=5 loops=1)
                                                   Buckets: 1024  Batches: 1  Memory Usage: 9kB
                                                   Buffers: shared hit=1
                                                   ->  Seq Scan on kind_type kt  (cost=0.00..1.11 rows=5 width=4) (actual time=0.012..0.014 rows=5 loops=1)
                                                         Filter: ((kind)::text = ANY ('{episode,movie,"tv movie","video game","video movie"}'::text[]))
                                                         Rows Removed by Filter: 2
                                                         Buffers: shared hit=1
                                       ->  Index Scan using movie_id_movie_info on movie_info mi2  (cost=0.43..43.11 rows=1 width=8) (actual time=0.110..0.115 rows=0 loops=6112)
                                             Index Cond: (movie_id = t.id)
                                             Filter: ((info_type_id = 18) AND ((info)::text = ANY ('{"Buenos Aires, Federal District, Argentina","General Service Studios - 1040 N. Las Palmas, Hollywood, Los Angeles, California, USA","Hal Roach Studios - 8822 Washington Blvd., Culver City, California, USA","Iverson Ranch - 1 Iverson Lane, Chatsworth, Los Angeles, California, USA","Los Angeles, California, USA","Madrid, Spain","Rome, Lazio, Italy","Warner Brothers Burbank Studios - 4000 Warner Boulevard, Burbank, California, USA"}'::text[])))
                                             Rows Removed by Filter: 18
                                             Buffers: shared hit=54270 read=22792
                                 ->  Seq Scan on info_type it1  (cost=0.00..2.41 rows=1 width=4) (actual time=0.008..0.015 rows=1 loops=265)
                                       Filter: (id = 1)
                                       Rows Removed by Filter: 112
                                       Buffers: shared hit=265
                           ->  Seq Scan on info_type it2  (cost=0.00..2.41 rows=1 width=4) (actual time=0.006..0.013 rows=1 loops=265)
                                 Filter: (id = 18)
                                 Rows Removed by Filter: 112
                                 Buffers: shared hit=265
                     ->  Index Scan using movie_id_cast_info on cast_info ci  (cost=0.44..44.17 rows=38 width=12) (actual time=0.045..0.466 rows=41 loops=265)
                           Index Cond: (movie_id = t.id)
                           Buffers: shared hit=4680 read=6707
               ->  Hash  (cost=1.20..1.20 rows=5 width=4) (actual time=0.045..0.046 rows=5 loops=1)
                     Buckets: 1024  Batches: 1  Memory Usage: 9kB
                     Buffers: shared hit=1
                     ->  Seq Scan on role_type rt  (cost=0.00..1.20 rows=5 width=4) (actual time=0.031..0.036 rows=5 loops=1)
                           Filter: ((role)::text = ANY ('{actor,actress,composer,"production designer",writer}'::text[]))
                           Rows Removed by Filter: 7
                           Buffers: shared hit=1
         ->  Index Scan using name_pkey on name n  (cost=0.43..2.32 rows=1 width=4) (actual time=0.037..0.037 rows=0 loops=9005)
               Index Cond: (id = ci.person_id)
               Filter: (((gender)::text = 'f'::text) OR (gender IS NULL))
               Rows Removed by Filter: 1
               Buffers: shared hit=27362 read=8658
 Planning:
   Buffers: shared hit=574
 Planning Time: 12.367 ms
 Execution Time: 2076.572 ms
(73 rows)

