                                                                                                    QUERY PLAN                                                                                                     
-------------------------------------------------------------------------------------------------------------------------------------------------------------------------------------------------------------------
 Aggregate  (cost=422151.21..422151.22 rows=1 width=8) (actual time=1457.757..1457.763 rows=1 loops=1)
   Buffers: shared hit=88026 read=49980
   ->  Nested Loop  (cost=32182.74..422151.20 rows=4 width=0) (actual time=102.604..1457.081 rows=6832 loops=1)
         Buffers: shared hit=88026 read=49980
         ->  Hash Join  (cost=32182.31..422134.96 rows=7 width=4) (actual time=102.566..1156.867 rows=10121 loops=1)
               Hash Cond: (ci.role_id = rt.id)
               Buffers: shared hit=54984 read=42538
               ->  Nested Loop  (cost=32181.13..422133.63 rows=43 width=8) (actual time=102.508..1153.818 rows=17345 loops=1)
                     Buffers: shared hit=54983 read=42538
                     ->  Nested Loop  (cost=32180.69..422000.54 rows=3 width=12) (actual time=102.468..973.993 rows=988 loops=1)
                           Buffers: shared hit=46492 read=31127
                           ->  Seq Scan on info_type it2  (cost=0.00..2.41 rows=1 width=4) (actual time=0.028..0.035 rows=1 loops=1)
                                 Filter: (id = 3)
                                 Rows Removed by Filter: 112
                                 Buffers: shared hit=1
                           ->  Nested Loop  (cost=32180.69..421998.10 rows=3 width=16) (actual time=102.439..973.793 rows=988 loops=1)
                                 Buffers: shared hit=46491 read=31127
                                 ->  Seq Scan on info_type it1  (cost=0.00..2.41 rows=1 width=4) (actual time=0.008..0.016 rows=1 loops=1)
                                       Filter: (id = 16)
                                       Rows Removed by Filter: 112
                                       Buffers: shared hit=1
                                 ->  Nested Loop  (cost=32180.69..421995.66 rows=3 width=20) (actual time=102.428..973.611 rows=988 loops=1)
                                       Buffers: shared hit=46490 read=31127
                                       ->  Hash Join  (cost=32180.26..418289.57 rows=86 width=12) (actual time=84.373..803.453 rows=3608 loops=1)
                                             Hash Cond: (t.kind_id = kt.id)
                                             Buffers: shared hit=24978 read=25200
                                             ->  Nested Loop  (cost=32179.12..418287.59 rows=201 width=16) (actual time=84.226..802.159 rows=5571 loops=1)
                                                   Buffers: shared hit=24977 read=25200
                                                   ->  Bitmap Heap Scan on movie_info mi1  (cost=32178.69..410731.29 rows=920 width=8) (actual time=84.183..668.102 rows=5581 loops=1)
                                                         Recheck Cond: (info_type_id = 16)
                                                         Filter: ((info)::text = ANY ('{Greece:1987,USA:1976,USA:1980,USA:1981,USA:1982,USA:1983,USA:1984,USA:1985,USA:1986,USA:1987,USA:1988,USA:1990}'::text[]))
                                                         Rows Removed by Filter: 3031138
                                                         Heap Blocks: exact=25474
                                                         Buffers: shared hit=4789 read=23064
                                                         ->  Bitmap Index Scan on info_type_id_movie_info  (cost=0.00..32178.44 rows=3010400 width=0) (actual time=79.086..79.086 rows=3036719 loops=1)
                                                               Index Cond: (info_type_id = 16)
                                                               Buffers: shared hit=1 read=2378
                                                   ->  Index Scan using title_pkey on title t  (cost=0.43..8.21 rows=1 width=8) (actual time=0.024..0.024 rows=1 loops=5581)
                                                         Index Cond: (id = mi1.movie_id)
                                                         Filter: ((production_year <= 1990) AND (production_year >= 1950))
                                                         Rows Removed by Filter: 0
                                                         Buffers: shared hit=20188 read=2136
                                             ->  Hash  (cost=1.10..1.10 rows=3 width=4) (actual time=0.021..0.021 rows=3 loops=1)
                                                   Buckets: 1024  Batches: 1  Memory Usage: 9kB
                                                   Buffers: shared hit=1
                                                   ->  Seq Scan on kind_type kt  (cost=0.00..1.10 rows=3 width=4) (actual time=0.008..0.009 rows=3 loops=1)
                                                         Filter: ((kind)::text = ANY ('{episode,movie,"tv movie"}'::text[]))
                                                         Rows Removed by Filter: 4
                                                         Buffers: shared hit=1
                                       ->  Index Scan using movie_id_movie_info on movie_info mi2  (cost=0.43..43.08 rows=1 width=8) (actual time=0.047..0.047 rows=0 loops=3608)
                                             Index Cond: (movie_id = t.id)
                                             Filter: ((info_type_id = 3) AND ((info)::text = ANY ('{Biography,Comedy,Documentary,Drama,Horror,Music,Mystery,Talk-Show,Thriller,Western}'::text[])))
                                             Rows Removed by Filter: 6
                                             Buffers: shared hit=21512 read=5927
                     ->  Index Scan using movie_id_cast_info on cast_info ci  (cost=0.44..43.98 rows=38 width=12) (actual time=0.031..0.179 rows=18 loops=988)
                           Index Cond: (movie_id = t.id)
                           Buffers: shared hit=8491 read=11411
               ->  Hash  (cost=1.15..1.15 rows=2 width=4) (actual time=0.034..0.034 rows=2 loops=1)
                     Buckets: 1024  Batches: 1  Memory Usage: 9kB
                     Buffers: shared hit=1
                     ->  Seq Scan on role_type rt  (cost=0.00..1.15 rows=2 width=4) (actual time=0.023..0.025 rows=2 loops=1)
                           Filter: ((role)::text = ANY ('{actor,actress}'::text[]))
                           Rows Removed by Filter: 10
                           Buffers: shared hit=1
         ->  Index Scan using name_pkey on name n  (cost=0.43..2.32 rows=1 width=4) (actual time=0.029..0.029 rows=1 loops=10121)
               Index Cond: (id = ci.person_id)
               Filter: (((gender)::text = 'm'::text) OR (gender IS NULL))
               Rows Removed by Filter: 0
               Buffers: shared hit=33042 read=7442
 Planning:
   Buffers: shared hit=576 read=1
 Planning Time: 13.354 ms
 Execution Time: 1458.391 ms
(73 rows)

