                                                                                                      QUERY PLAN                                                                                                       
-----------------------------------------------------------------------------------------------------------------------------------------------------------------------------------------------------------------------
 Aggregate  (cost=343479.35..343479.36 rows=1 width=8) (actual time=650.593..650.599 rows=1 loops=1)
   Buffers: shared hit=46850 read=18013
   ->  Nested Loop  (cost=3725.48..343479.35 rows=1 width=0) (actual time=14.546..650.016 rows=5632 loops=1)
         Buffers: shared hit=46850 read=18013
         ->  Hash Join  (cost=3725.05..343477.03 rows=1 width=4) (actual time=14.506..468.348 rows=5632 loops=1)
               Hash Cond: (ci.role_id = rt.id)
               Buffers: shared hit=28053 read=14282
               ->  Nested Loop  (cost=3723.89..343475.82 rows=14 width=8) (actual time=13.984..465.551 rows=15961 loops=1)
                     Buffers: shared hit=28052 read=14282
                     ->  Nested Loop  (cost=3723.45..343432.12 rows=1 width=12) (actual time=13.948..251.932 rows=559 loops=1)
                           Buffers: shared hit=24088 read=912
                           ->  Nested Loop  (cost=3723.45..343429.70 rows=1 width=16) (actual time=13.943..245.135 rows=559 loops=1)
                                 Buffers: shared hit=23529 read=912
                                 ->  Nested Loop  (cost=3723.45..343427.28 rows=1 width=20) (actual time=13.922..237.495 rows=559 loops=1)
                                       Buffers: shared hit=22970 read=912
                                       ->  Nested Loop  (cost=3722.98..343300.17 rows=3 width=12) (actual time=13.765..182.641 rows=575 loops=1)
                                             Buffers: shared hit=17658
                                             ->  Nested Loop  (cost=3722.85..343299.10 rows=7 width=16) (actual time=13.750..172.295 rows=575 loops=1)
                                                   Buffers: shared hit=16508
                                                   ->  Bitmap Heap Scan on movie_info mi2  (cost=3722.42..343223.03 rows=9 width=8) (actual time=13.707..126.356 rows=1323 loops=1)
                                                         Recheck Cond: (info_type_id = 17)
                                                         Filter: ((info)::text = 'Last show of the series.'::text)
                                                         Rows Removed by Filter: 366895
                                                         Heap Blocks: exact=10925
                                                         Buffers: shared hit=11216
                                                         ->  Bitmap Index Scan on info_type_id_movie_info  (cost=0.00..3722.42 rows=347998 width=0) (actual time=12.250..12.251 rows=368218 loops=1)
                                                               Index Cond: (info_type_id = 17)
                                                               Buffers: shared hit=291
                                                   ->  Index Scan using title_pkey on title t  (cost=0.43..8.45 rows=1 width=8) (actual time=0.034..0.034 rows=0 loops=1323)
                                                         Index Cond: (id = mi2.movie_id)
                                                         Filter: ((production_year <= 2015) AND (production_year >= 1975))
                                                         Rows Removed by Filter: 1
                                                         Buffers: shared hit=5292
                                             ->  Index Scan using kind_type_pkey on kind_type kt  (cost=0.13..0.15 rows=1 width=4) (actual time=0.017..0.017 rows=1 loops=575)
                                                   Index Cond: (id = t.kind_id)
                                                   Filter: ((kind)::text = ANY ('{episode,movie,"video game"}'::text[]))
                                                   Buffers: shared hit=1150
                                       ->  Index Scan using movie_id_movie_info on movie_info mi1  (cost=0.47..42.36 rows=1 width=8) (actual time=0.069..0.095 rows=1 loops=575)
                                             Index Cond: (movie_id = t.id)
                                             Filter: ((info_type_id = 4) AND ((info)::text = ANY ('{Arabic,Dutch,English,French,Greek,Hindi,Hungarian,Italian,Russian,Sindarin,Spanish,Tagalog,Vietnamese}'::text[])))
                                             Rows Removed by Filter: 10
                                             Buffers: shared hit=5312 read=912
                                 ->  Seq Scan on info_type it1  (cost=0.00..2.41 rows=1 width=4) (actual time=0.007..0.012 rows=1 loops=559)
                                       Filter: (id = 4)
                                       Rows Removed by Filter: 112
                                       Buffers: shared hit=559
                           ->  Seq Scan on info_type it2  (cost=0.00..2.41 rows=1 width=4) (actual time=0.006..0.011 rows=1 loops=559)
                                 Filter: (id = 17)
                                 Rows Removed by Filter: 112
                                 Buffers: shared hit=559
                     ->  Index Scan using movie_id_cast_info on cast_info ci  (cost=0.44..43.32 rows=38 width=12) (actual time=0.031..0.376 rows=29 loops=559)
                           Index Cond: (movie_id = t.id)
                           Buffers: shared hit=3964 read=13370
               ->  Hash  (cost=1.15..1.15 rows=1 width=4) (actual time=0.039..0.040 rows=1 loops=1)
                     Buckets: 1024  Batches: 1  Memory Usage: 9kB
                     Buffers: shared hit=1
                     ->  Seq Scan on role_type rt  (cost=0.00..1.15 rows=1 width=4) (actual time=0.025..0.027 rows=1 loops=1)
                           Filter: ((role)::text = 'actor'::text)
                           Rows Removed by Filter: 11
                           Buffers: shared hit=1
         ->  Index Scan using name_pkey on name n  (cost=0.43..2.32 rows=1 width=4) (actual time=0.032..0.032 rows=1 loops=5632)
               Index Cond: (id = ci.person_id)
               Filter: ((gender)::text = ANY ('{f,m}'::text[]))
               Buffers: shared hit=18797 read=3731
 Planning:
   Buffers: shared hit=577
 Planning Time: 12.615 ms
 Execution Time: 651.138 ms
(68 rows)

