                                                                                               QUERY PLAN                                                                                               
--------------------------------------------------------------------------------------------------------------------------------------------------------------------------------------------------------
 Aggregate  (cost=748155.08..748155.09 rows=1 width=8) (actual time=174332.964..174332.973 rows=1 loops=1)
   Buffers: shared hit=15521397 read=1353506, temp read=1963 written=1963
   ->  Nested Loop  (cost=97700.98..748153.65 rows=574 width=0) (actual time=504.251..174032.606 rows=1737869 loops=1)
         Buffers: shared hit=15521397 read=1353506, temp read=1963 written=1963
         ->  Hash Join  (cost=97700.55..744980.54 rows=1368 width=4) (actual time=504.227..71452.749 rows=2623135 loops=1)
               Hash Cond: (ci.role_id = rt.id)
               Buffers: shared hit=5254012 read=1128351, temp read=1963 written=1963
               ->  Nested Loop  (cost=97699.29..744967.62 rows=3282 width=8) (actual time=504.160..70165.876 rows=3152153 loops=1)
                     Buffers: shared hit=5254011 read=1128351, temp read=1963 written=1963
                     ->  Nested Loop  (cost=97698.85..734764.68 rows=229 width=12) (actual time=504.127..28862.203 rows=230122 loops=1)
                           Buffers: shared hit=2176691 read=416056, temp read=1963 written=1963
                           ->  Seq Scan on info_type it2  (cost=0.00..2.41 rows=1 width=4) (actual time=0.033..0.042 rows=1 loops=1)
                                 Filter: (id = 7)
                                 Rows Removed by Filter: 112
                                 Buffers: shared hit=1
                           ->  Nested Loop  (cost=97698.85..734759.98 rows=229 width=16) (actual time=504.094..28801.232 rows=230122 loops=1)
                                 Buffers: shared hit=2176690 read=416056, temp read=1963 written=1963
                                 ->  Seq Scan on info_type it1  (cost=0.00..2.41 rows=1 width=4) (actual time=0.012..0.025 rows=1 loops=1)
                                       Filter: (id = 2)
                                       Rows Removed by Filter: 112
                                       Buffers: shared hit=1
                                 ->  Nested Loop  (cost=97698.85..734755.28 rows=229 width=20) (actual time=504.077..28732.188 rows=230122 loops=1)
                                       Buffers: shared hit=2176689 read=416056, temp read=1963 written=1963
                                       ->  Hash Join  (cost=97698.41..518284.21 rows=5056 width=12) (actual time=504.005..1947.084 rows=228172 loops=1)
                                             Hash Cond: (t.kind_id = kt.id)
                                             Buffers: shared hit=14723 read=32818, temp read=1963 written=1963
                                             ->  Hash Join  (cost=97697.22..518258.15 rows=5898 width=16) (actual time=503.958..1832.240 rows=228172 loops=1)
                                                   Hash Cond: (mi2.movie_id = t.id)
                                                   Buffers: shared hit=14722 read=32818, temp read=1963 written=1963
                                                   ->  Bitmap Heap Scan on movie_info mi2  (cost=15878.54..434310.86 rows=32613 width=8) (actual time=40.628..957.915 rows=312575 loops=1)
                                                         Recheck Cond: (info_type_id = 7)
                                                         Filter: ((info)::text = ANY ('{"MET:1500 m","MET:23 m","MET:300 m","PFM:35 mm","PFM:68 mm",PFM:Video,"RAT:1.66 : 1"}'::text[]))
                                                         Rows Removed by Filter: 1089327
                                                         Heap Blocks: exact=10050
                                                         Buffers: shared hit=1363 read=9786
                                                         ->  Bitmap Index Scan on info_type_id_movie_info  (cost=0.00..15870.39 rows=1484527 width=0) (actual time=39.364..39.365 rows=1401902 loops=1)
                                                               Index Cond: (info_type_id = 7)
                                                               Buffers: shared hit=1 read=1098
                                                   ->  Hash  (cost=74315.95..74315.95 rows=457258 width=8) (actual time=462.187..462.188 rows=451569 loops=1)
                                                         Buckets: 262144  Batches: 4  Memory Usage: 6450kB
                                                         Buffers: shared hit=13359 read=23032, temp written=1157
                                                         ->  Seq Scan on title t  (cost=0.00..74315.95 rows=457258 width=8) (actual time=0.031..390.610 rows=451569 loops=1)
                                                               Filter: ((production_year <= 1975) AND (production_year >= 1875))
                                                               Rows Removed by Filter: 2076743
                                                               Buffers: shared hit=13359 read=23032
                                             ->  Hash  (cost=1.12..1.12 rows=6 width=4) (actual time=0.016..0.017 rows=6 loops=1)
                                                   Buckets: 1024  Batches: 1  Memory Usage: 9kB
                                                   Buffers: shared hit=1
                                                   ->  Seq Scan on kind_type kt  (cost=0.00..1.12 rows=6 width=4) (actual time=0.009..0.011 rows=6 loops=1)
                                                         Filter: ((kind)::text = ANY ('{episode,movie,"tv movie","tv series","video game","video movie"}'::text[]))
                                                         Rows Removed by Filter: 1
                                                         Buffers: shared hit=1
                                       ->  Index Scan using movie_id_movie_info on movie_info mi1  (cost=0.43..42.80 rows=1 width=8) (actual time=0.099..0.117 rows=1 loops=228172)
                                             Index Cond: (movie_id = t.id)
                                             Filter: (((info)::text = ANY ('{"Black and White",Color}'::text[])) AND (info_type_id = 2))
                                             Rows Removed by Filter: 13
                                             Buffers: shared hit=2161966 read=383238
                     ->  Index Scan using movie_id_cast_info on cast_info ci  (cost=0.44..44.17 rows=38 width=12) (actual time=0.039..0.175 rows=14 loops=230122)
                           Index Cond: (movie_id = t.id)
                           Buffers: shared hit=3077320 read=712295
               ->  Hash  (cost=1.20..1.20 rows=5 width=4) (actual time=0.039..0.039 rows=5 loops=1)
                     Buckets: 1024  Batches: 1  Memory Usage: 9kB
                     Buffers: shared hit=1
                     ->  Seq Scan on role_type rt  (cost=0.00..1.20 rows=5 width=4) (actual time=0.026..0.031 rows=5 loops=1)
                           Filter: ((role)::text = ANY ('{actor,actress,composer,producer,writer}'::text[]))
                           Rows Removed by Filter: 7
                           Buffers: shared hit=1
         ->  Index Scan using name_pkey on name n  (cost=0.43..2.32 rows=1 width=4) (actual time=0.038..0.038 rows=1 loops=2623135)
               Index Cond: (id = ci.person_id)
               Filter: ((gender)::text = 'm'::text)
               Rows Removed by Filter: 0
               Buffers: shared hit=10267385 read=225155
 Planning:
   Buffers: shared hit=574
 Planning Time: 13.916 ms
 Execution Time: 174333.618 ms
(76 rows)

