                                                                                                                                                         QUERY PLAN                                                                                                                                                         
----------------------------------------------------------------------------------------------------------------------------------------------------------------------------------------------------------------------------------------------------------------------------------------------------------------------------
 Aggregate  (cost=464612.71..464612.72 rows=1 width=8) (actual time=889.291..889.298 rows=1 loops=1)
   Buffers: shared hit=4567 read=26334
   ->  Nested Loop  (cost=32182.69..464612.70 rows=4 width=0) (actual time=546.280..889.278 rows=124 loops=1)
         Buffers: shared hit=4567 read=26334
         ->  Hash Join  (cost=32182.26..464601.10 rows=5 width=4) (actual time=546.242..887.066 rows=124 loops=1)
               Hash Cond: (ci.role_id = rt.id)
               Buffers: shared hit=4155 read=26250
               ->  Nested Loop  (cost=32181.03..464599.83 rows=14 width=8) (actual time=545.932..886.936 rows=446 loops=1)
                     Buffers: shared hit=4154 read=26250
                     ->  Nested Loop  (cost=32180.59..464555.46 rows=1 width=12) (actual time=545.891..884.085 rows=9 loops=1)
                           Buffers: shared hit=3947 read=25990
                           ->  Nested Loop  (cost=32180.59..464553.04 rows=1 width=16) (actual time=545.886..883.997 rows=9 loops=1)
                                 Buffers: shared hit=3938 read=25990
                                 ->  Nested Loop  (cost=32180.59..464550.62 rows=1 width=20) (actual time=545.858..883.866 rows=9 loops=1)
                                       Buffers: shared hit=3929 read=25990
                                       ->  Hash Join  (cost=32180.15..461646.15 rows=67 width=12) (actual time=152.311..880.704 rows=41 loops=1)
                                             Hash Cond: (t.kind_id = kt.id)
                                             Buffers: shared hit=3739 read=25707
                                             ->  Nested Loop  (cost=32179.00..461644.50 rows=118 width=16) (actual time=152.262..880.546 rows=309 loops=1)
                                                   Buffers: shared hit=3738 read=25707
                                                   ->  Bitmap Heap Scan on movie_info mi1  (cost=32178.57..457177.50 rows=537 width=8) (actual time=152.208..872.056 rows=398 loops=1)
                                                         Recheck Cond: (info_type_id = 16)
                                                         Filter: ((info)::text = ANY ('{Finland:1989,"France:September 2001","Germany:February 2004","Germany:February 2005",Peru:1987,Peru:1988,"Portugal:February 1990"}'::text[]))
                                                         Rows Removed by Filter: 3036321
                                                         Heap Blocks: exact=25474
                                                         Buffers: shared hit=2894 read=24959
                                                         ->  Bitmap Index Scan on info_type_id_movie_info  (cost=0.00..32178.44 rows=3010400 width=0) (actual time=77.054..77.054 rows=3036719 loops=1)
                                                               Index Cond: (info_type_id = 16)
                                                               Buffers: shared read=2379
                                                   ->  Index Scan using title_pkey on title t  (cost=0.43..8.32 rows=1 width=8) (actual time=0.021..0.021 rows=1 loops=398)
                                                         Index Cond: (id = mi1.movie_id)
                                                         Filter: ((production_year <= 1990) AND (production_year >= 1950))
                                                         Rows Removed by Filter: 0
                                                         Buffers: shared hit=844 read=748
                                             ->  Hash  (cost=1.10..1.10 rows=4 width=4) (actual time=0.023..0.023 rows=4 loops=1)
                                                   Buckets: 1024  Batches: 1  Memory Usage: 9kB
                                                   Buffers: shared hit=1
                                                   ->  Seq Scan on kind_type kt  (cost=0.00..1.10 rows=4 width=4) (actual time=0.011..0.013 rows=4 loops=1)
                                                         Filter: ((kind)::text = ANY ('{"tv movie","tv series","video game","video movie"}'::text[]))
                                                         Rows Removed by Filter: 3
                                                         Buffers: shared hit=1
                                       ->  Index Scan using movie_id_movie_info on movie_info mi2  (cost=0.43..43.34 rows=1 width=8) (actual time=0.072..0.076 rows=0 loops=41)
                                             Index Cond: (movie_id = t.id)
                                             Filter: ((info_type_id = 5) AND ((info)::text = ANY ('{Australia:PG,Canada:PG,"Germany:BPjM Restricted",Iceland:16,Ireland:18,Ireland:G,Japan:G,Mexico:C,Netherlands:18,Norway:12,Singapore:(Banned),UK:U,"West Germany:18","West Germany:6","West Germany:o.Al."}'::text[])))
                                             Rows Removed by Filter: 13
                                             Buffers: shared hit=190 read=283
                                 ->  Seq Scan on info_type it1  (cost=0.00..2.41 rows=1 width=4) (actual time=0.008..0.011 rows=1 loops=9)
                                       Filter: (id = 16)
                                       Rows Removed by Filter: 112
                                       Buffers: shared hit=9
                           ->  Seq Scan on info_type it2  (cost=0.00..2.41 rows=1 width=4) (actual time=0.004..0.008 rows=1 loops=9)
                                 Filter: (id = 5)
                                 Rows Removed by Filter: 112
                                 Buffers: shared hit=9
                     ->  Index Scan using movie_id_cast_info on cast_info ci  (cost=0.44..43.98 rows=38 width=12) (actual time=0.024..0.309 rows=50 loops=9)
                           Index Cond: (movie_id = t.id)
                           Buffers: shared hit=207 read=260
               ->  Hash  (cost=1.18..1.18 rows=4 width=4) (actual time=0.039..0.040 rows=4 loops=1)
                     Buckets: 1024  Batches: 1  Memory Usage: 9kB
                     Buffers: shared hit=1
                     ->  Seq Scan on role_type rt  (cost=0.00..1.18 rows=4 width=4) (actual time=0.029..0.033 rows=4 loops=1)
                           Filter: ((role)::text = ANY ('{cinematographer,"costume designer","miscellaneous crew",writer}'::text[]))
                           Rows Removed by Filter: 8
                           Buffers: shared hit=1
         ->  Index Scan using name_pkey on name n  (cost=0.43..2.32 rows=1 width=4) (actual time=0.017..0.017 rows=1 loops=124)
               Index Cond: (id = ci.person_id)
               Filter: (((gender)::text = ANY ('{f,m}'::text[])) OR (gender IS NULL))
               Buffers: shared hit=412 read=84
 Planning:
   Buffers: shared hit=482 read=92
 Planning Time: 13.396 ms
 Execution Time: 889.994 ms
(72 rows)

