                                                                                                                                                 QUERY PLAN                                                                                                                                                  
-------------------------------------------------------------------------------------------------------------------------------------------------------------------------------------------------------------------------------------------------------------------------------------------------------------
 Aggregate  (cost=514814.79..514814.80 rows=1 width=8) (actual time=10974.341..10974.349 rows=1 loops=1)
   Buffers: shared hit=892085 read=243285
   ->  Nested Loop  (cost=4697.60..514814.79 rows=1 width=0) (actual time=39.629..10973.536 rows=1216 loops=1)
         Buffers: shared hit=892085 read=243285
         ->  Nested Loop  (cost=4697.60..514812.37 rows=1 width=4) (actual time=39.622..10945.684 rows=1216 loops=1)
               Buffers: shared hit=890869 read=243285
               ->  Nested Loop  (cost=4697.60..514809.95 rows=1 width=8) (actual time=39.596..10920.142 rows=1216 loops=1)
                     Buffers: shared hit=889653 read=243285
                     ->  Hash Join  (cost=4697.17..514798.35 rows=5 width=12) (actual time=38.099..9996.009 rows=26528 loops=1)
                           Hash Cond: (ci.role_id = rt.id)
                           Buffers: shared hit=791315 read=235511
                           ->  Nested Loop  (cost=4695.99..514797.08 rows=29 width=16) (actual time=22.909..9909.189 rows=537567 loops=1)
                                 Buffers: shared hit=791314 read=235511
                                 ->  Nested Loop  (cost=4695.55..514708.35 rows=2 width=20) (actual time=22.863..4669.048 rows=10809 loops=1)
                                       Buffers: shared hit=357965 read=110503
                                       ->  Hash Join  (cost=4695.09..511540.48 rows=74 width=12) (actual time=21.042..2325.083 rows=14246 loops=1)
                                             Hash Cond: (t.kind_id = kt.id)
                                             Buffers: shared hit=189636 read=40365
                                             ->  Nested Loop  (cost=4693.92..511538.87 rows=103 width=16) (actual time=20.996..2317.489 rows=14746 loops=1)
                                                   Buffers: shared hit=189635 read=40365
                                                   ->  Bitmap Heap Scan on movie_info mi2  (cost=4693.49..507613.74 rows=471 width=8) (actual time=19.639..563.305 rows=52607 loops=1)
                                                         Recheck Cond: (info_type_id = 5)
                                                         Filter: ((info)::text = ANY ('{Canada:14A,Canada:PA,Chile:TE,Germany:12,Germany:18,Netherlands:6,Norway:18,Peru:PT,UK:18,USA:TV-PG,USA:X,"West Germany:12","West Germany:o.Al."}'::text[]))
                                                         Rows Removed by Filter: 433947
                                                         Heap Blocks: exact=19164
                                                         Buffers: shared hit=1322 read=18250
                                                         ->  Bitmap Index Scan on info_type_id_movie_info  (cost=0.00..4693.37 rows=439058 width=0) (actual time=17.050..17.050 rows=486554 loops=1)
                                                               Index Cond: (info_type_id = 5)
                                                               Buffers: shared hit=1 read=407
                                                   ->  Index Scan using title_pkey on title t  (cost=0.43..8.33 rows=1 width=8) (actual time=0.033..0.033 rows=0 loops=52607)
                                                         Index Cond: (id = mi2.movie_id)
                                                         Filter: ((production_year <= 1990) AND (production_year >= 1950))
                                                         Rows Removed by Filter: 1
                                                         Buffers: shared hit=188313 read=22115
                                             ->  Hash  (cost=1.11..1.11 rows=5 width=4) (actual time=0.021..0.022 rows=5 loops=1)
                                                   Buckets: 1024  Batches: 1  Memory Usage: 9kB
                                                   Buffers: shared hit=1
                                                   ->  Seq Scan on kind_type kt  (cost=0.00..1.11 rows=5 width=4) (actual time=0.011..0.013 rows=5 loops=1)
                                                         Filter: ((kind)::text = ANY ('{episode,movie,"tv series","video game","video movie"}'::text[]))
                                                         Rows Removed by Filter: 2
                                                         Buffers: shared hit=1
                                       ->  Index Scan using movie_id_movie_info on movie_info mi1  (cost=0.46..42.80 rows=1 width=8) (actual time=0.082..0.164 rows=1 loops=14246)
                                             Index Cond: (movie_id = t.id)
                                             Filter: ((info_type_id = 7) AND ((info)::text = ANY ('{LAB:DeLuxe,"LAB:DuArt Film Laboratories Inc., New York, USA","LAB:Laboratoires GTC, Joinville, France","LAB:Technicolor, USA","OFM:35 mm",OFM:Video,PCS:Franscope,"PFM:8 mm","RAT:1.33 : 1"}'::text[])))
                                             Rows Removed by Filter: 58
                                             Buffers: shared hit=168329 read=70138
                                 ->  Index Scan using movie_id_cast_info on cast_info ci  (cost=0.44..43.98 rows=38 width=12) (actual time=0.037..0.473 rows=50 loops=10809)
                                       Index Cond: (movie_id = t.id)
                                       Buffers: shared hit=433349 read=125008
                           ->  Hash  (cost=1.15..1.15 rows=2 width=4) (actual time=0.034..0.035 rows=2 loops=1)
                                 Buckets: 1024  Batches: 1  Memory Usage: 9kB
                                 Buffers: shared hit=1
                                 ->  Seq Scan on role_type rt  (cost=0.00..1.15 rows=2 width=4) (actual time=0.026..0.028 rows=2 loops=1)
                                       Filter: ((role)::text = ANY ('{guest,producer}'::text[]))
                                       Rows Removed by Filter: 10
                                       Buffers: shared hit=1
                     ->  Index Scan using name_pkey on name n  (cost=0.43..2.32 rows=1 width=4) (actual time=0.034..0.034 rows=0 loops=26528)
                           Index Cond: (id = ci.person_id)
                           Filter: ((gender)::text = 'f'::text)
                           Rows Removed by Filter: 1
                           Buffers: shared hit=98338 read=7774
               ->  Seq Scan on info_type it1  (cost=0.00..2.41 rows=1 width=4) (actual time=0.010..0.018 rows=1 loops=1216)
                     Filter: (id = 7)
                     Rows Removed by Filter: 112
                     Buffers: shared hit=1216
         ->  Seq Scan on info_type it2  (cost=0.00..2.41 rows=1 width=4) (actual time=0.013..0.021 rows=1 loops=1216)
               Filter: (id = 5)
               Rows Removed by Filter: 112
               Buffers: shared hit=1216
 Planning:
   Buffers: shared hit=576 read=1
 Planning Time: 13.072 ms
 Execution Time: 10975.032 ms
(73 rows)

