                                                                                                                                                                                                                                                                      QUERY PLAN                                                                                                                                                                                                                                                                      
------------------------------------------------------------------------------------------------------------------------------------------------------------------------------------------------------------------------------------------------------------------------------------------------------------------------------------------------------------------------------------------------------------------------------------------------------------------------------------------------------------------------------------------------------
 Aggregate  (cost=451791.83..451791.84 rows=1 width=8) (actual time=5053.422..5053.430 rows=1 loops=1)
   Buffers: shared hit=379905 read=144041
   ->  Nested Loop  (cost=4697.60..451791.82 rows=3 width=0) (actual time=22.931..5050.130 rows=24651 loops=1)
         Buffers: shared hit=379905 read=144041
         ->  Hash Join  (cost=4697.17..451780.22 rows=5 width=4) (actual time=22.443..3839.842 rows=34640 loops=1)
               Hash Cond: (ci.role_id = rt.id)
               Buffers: shared hit=263827 read=121559
               ->  Nested Loop  (cost=4695.94..451778.94 rows=14 width=8) (actual time=21.308..3825.352 rows=58286 loops=1)
                     Buffers: shared hit=263826 read=121559
                     ->  Nested Loop  (cost=4695.50..451735.21 rows=1 width=12) (actual time=21.275..3199.841 rows=679 loops=1)
                           Buffers: shared hit=231671 read=95053
                           ->  Nested Loop  (cost=4695.50..451732.79 rows=1 width=16) (actual time=21.269..3188.174 rows=679 loops=1)
                                 Buffers: shared hit=230992 read=95053
                                 ->  Nested Loop  (cost=4695.50..451730.37 rows=1 width=20) (actual time=21.246..3172.582 rows=679 loops=1)
                                       Buffers: shared hit=230313 read=95053
                                       ->  Hash Join  (cost=4695.02..449144.11 rows=61 width=12) (actual time=20.579..1095.444 rows=11663 loops=1)
                                             Hash Cond: (t.kind_id = kt.id)
                                             Buffers: shared hit=84826 read=20303
                                             ->  Nested Loop  (cost=4693.83..449142.61 rows=71 width=16) (actual time=20.527..1090.468 rows=11663 loops=1)
                                                   Buffers: shared hit=84825 read=20303
                                                   ->  Bitmap Heap Scan on movie_info mi2  (cost=4693.40..448288.91 rows=101 width=8) (actual time=20.403..447.561 rows=21389 loops=1)
                                                         Recheck Cond: (info_type_id = 5)
                                                         Filter: ((info)::text = ANY ('{Belgium:KT,Canada:16+,France:U,Iceland:12,Iceland:14,India:UA,Peru:18,Portugal:M/4,UK:PG}'::text[]))
                                                         Rows Removed by Filter: 465165
                                                         Heap Blocks: exact=19164
                                                         Buffers: shared hit=2946 read=16626
                                                         ->  Bitmap Index Scan on info_type_id_movie_info  (cost=0.00..4693.37 rows=439058 width=0) (actual time=17.459..17.460 rows=486554 loops=1)
                                                               Index Cond: (info_type_id = 5)
                                                               Buffers: shared read=408
                                                   ->  Index Scan using title_pkey on title t  (cost=0.43..8.45 rows=1 width=8) (actual time=0.030..0.030 rows=1 loops=21389)
                                                         Index Cond: (id = mi2.movie_id)
                                                         Filter: ((production_year <= 2015) AND (production_year >= 1990))
                                                         Rows Removed by Filter: 0
                                                         Buffers: shared hit=81879 read=3677
                                             ->  Hash  (cost=1.12..1.12 rows=6 width=4) (actual time=0.024..0.025 rows=6 loops=1)
                                                   Buckets: 1024  Batches: 1  Memory Usage: 9kB
                                                   Buffers: shared hit=1
                                                   ->  Seq Scan on kind_type kt  (cost=0.00..1.12 rows=6 width=4) (actual time=0.011..0.013 rows=6 loops=1)
                                                         Filter: ((kind)::text = ANY ('{episode,movie,"tv movie","tv series","video game","video movie"}'::text[]))
                                                         Rows Removed by Filter: 1
                                                         Buffers: shared hit=1
                                       ->  Index Scan using movie_id_movie_info on movie_info mi1  (cost=0.47..42.39 rows=1 width=8) (actual time=0.168..0.178 rows=0 loops=11663)
                                             Index Cond: (movie_id = t.id)
                                             Filter: ((info_type_id = 7) AND ((info)::text = ANY ('{"CAM:Arricam LT, Zeiss Master Prime Lenses","CAM:Arricam ST, Zeiss Ultra Prime and Angenieux Optimo Lenses","CAM:Clairmont Camera","CAM:Moviecam Cameras","LAB:ARRI Film & TV, München, Germany","LAB:Framestore CFC, London, UK","LAB:Laboratoires LTC, St. Cloud, France","LAB:Laboratoires Éclair, Paris, France","LAB:Technicolor, UK",PCS:(anamorphic),"PCS:Digital 3-D","PCS:Digital Betacam",PFM:CD-ROM,PFM:Digital,PFM:Video}'::text[])))
                                             Rows Removed by Filter: 92
                                             Buffers: shared hit=145487 read=74750
                                 ->  Seq Scan on info_type it1  (cost=0.00..2.41 rows=1 width=4) (actual time=0.013..0.020 rows=1 loops=679)
                                       Filter: (id = 7)
                                       Rows Removed by Filter: 112
                                       Buffers: shared hit=679
                           ->  Seq Scan on info_type it2  (cost=0.00..2.41 rows=1 width=4) (actual time=0.008..0.015 rows=1 loops=679)
                                 Filter: (id = 5)
                                 Rows Removed by Filter: 112
                                 Buffers: shared hit=679
                     ->  Index Scan using movie_id_cast_info on cast_info ci  (cost=0.44..43.35 rows=38 width=12) (actual time=0.044..0.901 rows=86 loops=679)
                           Index Cond: (movie_id = t.id)
                           Buffers: shared hit=32155 read=26506
               ->  Hash  (cost=1.18..1.18 rows=4 width=4) (actual time=0.038..0.039 rows=4 loops=1)
                     Buckets: 1024  Batches: 1  Memory Usage: 9kB
                     Buffers: shared hit=1
                     ->  Seq Scan on role_type rt  (cost=0.00..1.18 rows=4 width=4) (actual time=0.028..0.031 rows=4 loops=1)
                           Filter: ((role)::text = ANY ('{actress,"miscellaneous crew",producer,"production designer"}'::text[]))
                           Rows Removed by Filter: 8
                           Buffers: shared hit=1
         ->  Index Scan using name_pkey on name n  (cost=0.43..2.32 rows=1 width=4) (actual time=0.034..0.034 rows=1 loops=34640)
               Index Cond: (id = ci.person_id)
               Filter: (((gender)::text = 'm'::text) OR (gender IS NULL))
               Rows Removed by Filter: 0
               Buffers: shared hit=116078 read=22482
 Planning:
   Buffers: shared hit=531 read=46
 Planning Time: 14.011 ms
 Execution Time: 5054.094 ms
(73 rows)

