                                                                                                                                                                                                                                                                                                                                                    QUERY PLAN                                                                                                                                                                                                                                                                                                                                                     
-------------------------------------------------------------------------------------------------------------------------------------------------------------------------------------------------------------------------------------------------------------------------------------------------------------------------------------------------------------------------------------------------------------------------------------------------------------------------------------------------------------------------------------------------------------------------------------------------------------------------------------------------------------------------------------------------------------------
 Aggregate  (cost=390052.76..390052.77 rows=1 width=8) (actual time=3392.730..3392.738 rows=1 loops=1)
   Buffers: shared hit=279435 read=69854
   ->  Nested Loop  (cost=7082.04..390052.76 rows=3 width=0) (actual time=34.694..3390.896 rows=15325 loops=1)
         Buffers: shared hit=279435 read=69854
         ->  Hash Join  (cost=7081.61..390043.48 rows=4 width=4) (actual time=34.644..2864.221 rows=15574 loops=1)
               Hash Cond: (ci.role_id = rt.id)
               Buffers: shared hit=226448 read=60545
               ->  Nested Loop  (cost=7080.40..390042.23 rows=14 width=8) (actual time=34.576..2856.891 rows=32472 loops=1)
                     Buffers: shared hit=226447 read=60545
                     ->  Nested Loop  (cost=7079.96..389997.87 rows=1 width=12) (actual time=34.526..2485.769 rows=1007 loops=1)
                           Buffers: shared hit=207274 read=44715
                           ->  Nested Loop  (cost=7079.96..389995.44 rows=1 width=16) (actual time=34.520..2466.833 rows=1007 loops=1)
                                 Buffers: shared hit=206267 read=44715
                                 ->  Nested Loop  (cost=7079.96..389993.02 rows=1 width=20) (actual time=34.494..2450.379 rows=1007 loops=1)
                                       Buffers: shared hit=205260 read=44715
                                       ->  Hash Join  (cost=7079.53..383708.77 rows=146 width=12) (actual time=23.332..1201.519 rows=10694 loops=1)
                                             Hash Cond: (t.kind_id = kt.id)
                                             Buffers: shared hit=99877 read=17548
                                             ->  Nested Loop  (cost=7078.33..383706.86 rows=170 width=16) (actual time=23.286..1196.687 rows=10694 loops=1)
                                                   Buffers: shared hit=99876 read=17548
                                                   ->  Bitmap Heap Scan on movie_info mi1  (cost=7077.90..377307.72 rows=776 width=8) (actual time=21.377..269.158 rows=27483 loops=1)
                                                         Recheck Cond: (info_type_id = 18)
                                                         Filter: ((info)::text = ANY ('{"CBS Studio Center - 4024 Radford Avenue, Studio City, Los Angeles, California, USA","Chicago, Illinois, USA","General Service Studios - 1040 N. Las Palmas, Hollywood, Los Angeles, California, USA","Las Vegas, Nevada, USA","Madrid, Spain","Munich, Bavaria, Germany",Philippines,"Pinewood Studios, Iver Heath, Buckinghamshire, England, UK","Rome, Lazio, Italy","Stage 17, Paramount Studios - 5555 Melrose Avenue, Hollywood, Los Angeles, California, USA","Stage 18, Paramount Studios - 5555 Melrose Avenue, Hollywood, Los Angeles, California, USA","Toronto, Ontario, Canada","Vienna, Austria"}'::text[]))
                                                         Rows Removed by Filter: 633440
                                                         Heap Blocks: exact=6972
                                                         Buffers: shared hit=1629 read=5863
                                                         ->  Bitmap Index Scan on info_type_id_movie_info  (cost=0.00..7077.68 rows=662032 width=0) (actual time=20.510..20.510 rows=660923 loops=1)
                                                               Index Cond: (info_type_id = 18)
                                                               Buffers: shared read=520
                                                   ->  Index Scan using title_pkey on title t  (cost=0.43..8.25 rows=1 width=8) (actual time=0.033..0.033 rows=0 loops=27483)
                                                         Index Cond: (id = mi1.movie_id)
                                                         Filter: ((production_year <= 1990) AND (production_year >= 1950))
                                                         Rows Removed by Filter: 1
                                                         Buffers: shared hit=98247 read=11685
                                             ->  Hash  (cost=1.12..1.12 rows=6 width=4) (actual time=0.023..0.024 rows=6 loops=1)
                                                   Buckets: 1024  Batches: 1  Memory Usage: 9kB
                                                   Buffers: shared hit=1
                                                   ->  Seq Scan on kind_type kt  (cost=0.00..1.12 rows=6 width=4) (actual time=0.010..0.013 rows=6 loops=1)
                                                         Filter: ((kind)::text = ANY ('{episode,movie,"tv movie","tv series","video game","video movie"}'::text[]))
                                                         Rows Removed by Filter: 1
                                                         Buffers: shared hit=1
                                       ->  Index Scan using movie_id_movie_info on movie_info mi2  (cost=0.43..43.03 rows=1 width=8) (actual time=0.115..0.116 rows=0 loops=10694)
                                             Index Cond: (movie_id = t.id)
                                             Filter: ((info_type_id = 8) AND ((info)::text = ANY ('{Australia,Czechoslovakia,Denmark,Finland,India,Philippines,"Soviet Union",Sweden,UK}'::text[])))
                                             Rows Removed by Filter: 21
                                             Buffers: shared hit=105383 read=27167
                                 ->  Seq Scan on info_type it1  (cost=0.00..2.41 rows=1 width=4) (actual time=0.008..0.014 rows=1 loops=1007)
                                       Filter: (id = 18)
                                       Rows Removed by Filter: 112
                                       Buffers: shared hit=1007
                           ->  Seq Scan on info_type it2  (cost=0.00..2.41 rows=1 width=4) (actual time=0.010..0.017 rows=1 loops=1007)
                                 Filter: (id = 8)
                                 Rows Removed by Filter: 112
                                 Buffers: shared hit=1007
                     ->  Index Scan using movie_id_cast_info on cast_info ci  (cost=0.44..43.98 rows=38 width=12) (actual time=0.037..0.361 rows=32 loops=1007)
                           Index Cond: (movie_id = t.id)
                           Buffers: shared hit=19173 read=15830
               ->  Hash  (cost=1.17..1.17 rows=3 width=4) (actual time=0.037..0.039 rows=3 loops=1)
                     Buckets: 1024  Batches: 1  Memory Usage: 9kB
                     Buffers: shared hit=1
                     ->  Seq Scan on role_type rt  (cost=0.00..1.17 rows=3 width=4) (actual time=0.026..0.030 rows=3 loops=1)
                           Filter: ((role)::text = ANY ('{actor,"costume designer",guest}'::text[]))
                           Rows Removed by Filter: 9
                           Buffers: shared hit=1
         ->  Index Scan using name_pkey on name n  (cost=0.43..2.32 rows=1 width=4) (actual time=0.033..0.033 rows=1 loops=15574)
               Index Cond: (id = ci.person_id)
               Filter: ((gender)::text = ANY ('{f,m}'::text[]))
               Rows Removed by Filter: 0
               Buffers: shared hit=52987 read=9309
 Planning:
   Buffers: shared hit=522 read=55
 Planning Time: 14.433 ms
 Execution Time: 3393.353 ms
(73 rows)

