                                                                                                                                                                                                                                                                                                                                                                                                                                                                      QUERY PLAN                                                                                                                                                                                                                                                                                                                                                                                                                                                                       
-------------------------------------------------------------------------------------------------------------------------------------------------------------------------------------------------------------------------------------------------------------------------------------------------------------------------------------------------------------------------------------------------------------------------------------------------------------------------------------------------------------------------------------------------------------------------------------------------------------------------------------------------------------------------------------------------------------------------------------------------------------------------------------------------------------------------------------------------------------------------------------------------------------------------------------------------------
 Aggregate  (cost=474340.06..474340.07 rows=1 width=8) (actual time=30675.474..30675.485 rows=1 loops=1)
   Buffers: shared hit=2903825 read=220633
   ->  Nested Loop  (cost=5096.03..474340.06 rows=1 width=0) (actual time=73.065..30670.050 rows=22279 loops=1)
         Buffers: shared hit=2903825 read=220633
         ->  Hash Join  (cost=5095.60..474335.42 rows=2 width=4) (actual time=72.985..28860.732 rows=49344 loops=1)
               Hash Cond: (ci.role_id = rt.id)
               Buffers: shared hit=2716546 read=210536
               ->  Nested Loop  (cost=5094.42..474334.20 rows=14 width=8) (actual time=72.668..28794.073 rows=257634 loops=1)
                     Buffers: shared hit=2716545 read=210536
                     ->  Nested Loop  (cost=5093.98..474289.84 rows=1 width=12) (actual time=72.587..25841.305 rows=12977 loops=1)
                           Buffers: shared hit=2470743 read=163980
                           ->  Nested Loop  (cost=5093.98..474287.41 rows=1 width=16) (actual time=72.567..25543.791 rows=12977 loops=1)
                                 Buffers: shared hit=2457766 read=163980
                                 ->  Nested Loop  (cost=5093.98..474284.99 rows=1 width=20) (actual time=72.522..25239.822 rows=12977 loops=1)
                                       Buffers: shared hit=2444789 read=163980
                                       ->  Hash Join  (cost=5093.55..437266.33 rows=858 width=12) (actual time=15.566..8841.167 rows=153995 loops=1)
                                             Hash Cond: (t.kind_id = kt.id)
                                             Buffers: shared hit=826001 read=38408
                                             ->  Nested Loop  (cost=5092.39..437258.85 rows=1501 width=16) (actual time=15.520..8760.438 rows=161087 loops=1)
                                                   Buffers: shared hit=826000 read=38408
                                                   ->  Bitmap Heap Scan on movie_info mi1  (cost=5091.95..389502.90 rows=6855 width=8) (actual time=15.466..326.158 rows=216532 loops=1)
                                                         Recheck Cond: (info_type_id = 6)
                                                         Filter: ((info)::text = ANY ('{"4-Track Stereo","70 mm 6-Track","Dolby SR",Mono,"Ultra Stereo"}'::text[]))
                                                         Rows Removed by Filter: 257911
                                                         Heap Blocks: exact=3206
                                                         Buffers: shared hit=445 read=3135
                                                         ->  Bitmap Index Scan on info_type_id_movie_info  (cost=0.00..5090.24 rows=475974 width=0) (actual time=15.114..15.115 rows=474443 loops=1)
                                                               Index Cond: (info_type_id = 6)
                                                               Buffers: shared hit=1 read=373
                                                   ->  Memoize  (cost=0.44..7.02 rows=1 width=8) (actual time=0.038..0.038 rows=1 loops=216532)
                                                         Cache Key: mi1.movie_id
                                                         Cache Mode: logical
                                                         Hits: 1325  Misses: 215207  Evictions: 123091  Overflows: 0  Memory Usage: 8193kB
                                                         Buffers: shared hit=825555 read=35273
                                                         ->  Index Scan using title_pkey on title t  (cost=0.43..7.01 rows=1 width=8) (actual time=0.037..0.037 rows=1 loops=215207)
                                                               Index Cond: (id = mi1.movie_id)
                                                               Filter: ((production_year <= 1990) AND (production_year >= 1950))
                                                               Rows Removed by Filter: 0
                                                               Buffers: shared hit=825555 read=35273
                                             ->  Hash  (cost=1.10..1.10 rows=4 width=4) (actual time=0.023..0.024 rows=4 loops=1)
                                                   Buckets: 1024  Batches: 1  Memory Usage: 9kB
                                                   Buffers: shared hit=1
                                                   ->  Seq Scan on kind_type kt  (cost=0.00..1.10 rows=4 width=4) (actual time=0.011..0.013 rows=4 loops=1)
                                                         Filter: ((kind)::text = ANY ('{episode,movie,"tv movie","video game"}'::text[]))
                                                         Rows Removed by Filter: 3
                                                         Buffers: shared hit=1
                                       ->  Index Scan using movie_id_movie_info on movie_info mi2  (cost=0.43..43.14 rows=1 width=8) (actual time=0.101..0.106 rows=0 loops=153995)
                                             Index Cond: (movie_id = t.id)
                                             Filter: ((info_type_id = 18) AND ((info)::text = ANY ('{"Buenos Aires, Federal District, Argentina","CBS Studio Center - 4024 Radford Avenue, Studio City, Los Angeles, California, USA","General Service Studios - 1040 N. Las Palmas, Hollywood, Los Angeles, California, USA","Metromedia Square - 5746 W. Sunset Blvd., Hollywood, Los Angeles, California, USA","Pinewood Studios, Iver Heath, Buckinghamshire, England, UK","Republic Studios - 4024 Radford Avenue, North Hollywood, Los Angeles, California, USA","Revue Studios, Hollywood, Los Angeles, California, USA","Rome, Lazio, Italy","Stage 22, Warner Brothers Burbank Studios - 4000 Warner Boulevard, Burbank, California, USA","Stage 28, Warner Brothers Burbank Studios - 4000 Warner Boulevard, Burbank, California, USA","Studio 8H, NBC Studios - 30 Rockefeller Plaza, Manhattan, New York City, New York, USA"}'::text[])))
                                             Rows Removed by Filter: 14
                                             Buffers: shared hit=1618788 read=125572
                                 ->  Seq Scan on info_type it1  (cost=0.00..2.41 rows=1 width=4) (actual time=0.011..0.021 rows=1 loops=12977)
                                       Filter: (id = 6)
                                       Rows Removed by Filter: 112
                                       Buffers: shared hit=12977
                           ->  Seq Scan on info_type it2  (cost=0.00..2.41 rows=1 width=4) (actual time=0.012..0.021 rows=1 loops=12977)
                                 Filter: (id = 18)
                                 Rows Removed by Filter: 112
                                 Buffers: shared hit=12977
                     ->  Index Scan using movie_id_cast_info on cast_info ci  (cost=0.44..43.98 rows=38 width=12) (actual time=0.036..0.221 rows=20 loops=12977)
                           Index Cond: (movie_id = t.id)
                           Buffers: shared hit=245802 read=46556
               ->  Hash  (cost=1.15..1.15 rows=2 width=4) (actual time=0.038..0.039 rows=2 loops=1)
                     Buckets: 1024  Batches: 1  Memory Usage: 9kB
                     Buffers: shared hit=1
                     ->  Seq Scan on role_type rt  (cost=0.00..1.15 rows=2 width=4) (actual time=0.028..0.031 rows=2 loops=1)
                           Filter: ((role)::text = ANY ('{"miscellaneous crew",writer}'::text[]))
                           Rows Removed by Filter: 10
                           Buffers: shared hit=1
         ->  Index Scan using name_pkey on name n  (cost=0.43..2.32 rows=1 width=4) (actual time=0.036..0.036 rows=0 loops=49344)
               Index Cond: (id = ci.person_id)
               Filter: ((gender)::text = ANY ('{f,m}'::text[]))
               Rows Removed by Filter: 1
               Buffers: shared hit=187279 read=10097
 Planning:
   Buffers: shared hit=574
 Planning Time: 13.180 ms
 Execution Time: 30678.066 ms
(78 rows)

