                                                                                                                              QUERY PLAN                                                                                                                              
----------------------------------------------------------------------------------------------------------------------------------------------------------------------------------------------------------------------------------------------------------------------
 Aggregate  (cost=395082.03..395082.04 rows=1 width=8) (actual time=2481.474..2481.480 rows=1 loops=1)
   Buffers: shared hit=199414 read=54192
   ->  Nested Loop  (cost=8154.90..395082.03 rows=1 width=0) (actual time=29.736..2481.117 rows=1169 loops=1)
         Buffers: shared hit=199414 read=54192
         ->  Hash Join  (cost=8154.47..395079.71 rows=1 width=4) (actual time=26.792..2354.845 rows=3384 loops=1)
               Hash Cond: (ci.role_id = rt.id)
               Buffers: shared hit=188855 read=51215
               ->  Nested Loop  (cost=8153.31..395078.50 rows=14 width=8) (actual time=26.572..2344.025 rows=79351 loops=1)
                     Buffers: shared hit=188854 read=51215
                     ->  Nested Loop  (cost=8152.87..395033.94 rows=1 width=12) (actual time=26.540..1485.619 rows=3154 loops=1)
                           Buffers: shared hit=138668 read=13867
                           ->  Nested Loop  (cost=8152.87..395031.52 rows=1 width=16) (actual time=26.531..1433.847 rows=3154 loops=1)
                                 Buffers: shared hit=135514 read=13867
                                 ->  Nested Loop  (cost=8152.87..395029.10 rows=1 width=20) (actual time=26.507..1379.029 rows=3154 loops=1)
                                       Buffers: shared hit=132360 read=13867
                                       ->  Hash Join  (cost=8152.40..394470.69 rows=13 width=12) (actual time=24.830..875.730 rows=5107 loops=1)
                                             Hash Cond: (t.kind_id = kt.id)
                                             Buffers: shared hit=78750 read=6167
                                             ->  Nested Loop  (cost=8151.22..394469.43 rows=18 width=16) (actual time=24.772..873.607 rows=5265 loops=1)
                                                   Buffers: shared hit=78749 read=6167
                                                   ->  Bitmap Heap Scan on movie_info mi2  (cost=8150.79..393649.54 rows=97 width=8) (actual time=22.062..295.940 rows=19823 loops=1)
                                                         Recheck Cond: (info_type_id = 1)
                                                         Filter: ((info)::text = ANY ('{14,50,70,83,94}'::text[]))
                                                         Rows Removed by Filter: 782317
                                                         Heap Blocks: exact=4993
                                                         Buffers: shared hit=3675 read=1949
                                                         ->  Bitmap Index Scan on info_type_id_movie_info  (cost=0.00..8150.77 rows=762444 width=0) (actual time=21.294..21.294 rows=802140 loops=1)
                                                               Index Cond: (info_type_id = 1)
                                                               Buffers: shared read=631
                                                   ->  Index Scan using title_pkey on title t  (cost=0.43..8.45 rows=1 width=8) (actual time=0.029..0.029 rows=0 loops=19823)
                                                         Index Cond: (id = mi2.movie_id)
                                                         Filter: ((production_year <= 1975) AND (production_year >= 1875))
                                                         Rows Removed by Filter: 1
                                                         Buffers: shared hit=75074 read=4218
                                             ->  Hash  (cost=1.11..1.11 rows=5 width=4) (actual time=0.025..0.026 rows=5 loops=1)
                                                   Buckets: 1024  Batches: 1  Memory Usage: 9kB
                                                   Buffers: shared hit=1
                                                   ->  Seq Scan on kind_type kt  (cost=0.00..1.11 rows=5 width=4) (actual time=0.010..0.013 rows=5 loops=1)
                                                         Filter: ((kind)::text = ANY ('{episode,movie,"tv movie","video game","video movie"}'::text[]))
                                                         Rows Removed by Filter: 2
                                                         Buffers: shared hit=1
                                       ->  Index Scan using movie_id_movie_info on movie_info mi1  (cost=0.47..42.94 rows=1 width=8) (actual time=0.094..0.098 rows=1 loops=5107)
                                             Index Cond: (movie_id = t.id)
                                             Filter: ((info_type_id = 8) AND ((info)::text = ANY ('{Argentina,Australia,Czechoslovakia,"East Germany",France,Germany,"Hong Kong",Hungary,Italy,Mexico,Norway,"South Korea","Soviet Union",USA,Yugoslavia}'::text[])))
                                             Rows Removed by Filter: 15
                                             Buffers: shared hit=53610 read=7700
                                 ->  Seq Scan on info_type it1  (cost=0.00..2.41 rows=1 width=4) (actual time=0.010..0.016 rows=1 loops=3154)
                                       Filter: (id = 8)
                                       Rows Removed by Filter: 112
                                       Buffers: shared hit=3154
                           ->  Seq Scan on info_type it2  (cost=0.00..2.41 rows=1 width=4) (actual time=0.008..0.015 rows=1 loops=3154)
                                 Filter: (id = 1)
                                 Rows Removed by Filter: 112
                                 Buffers: shared hit=3154
                     ->  Index Scan using movie_id_cast_info on cast_info ci  (cost=0.44..44.17 rows=38 width=12) (actual time=0.036..0.267 rows=25 loops=3154)
                           Index Cond: (movie_id = t.id)
                           Buffers: shared hit=50186 read=37348
               ->  Hash  (cost=1.15..1.15 rows=1 width=4) (actual time=0.034..0.034 rows=1 loops=1)
                     Buckets: 1024  Batches: 1  Memory Usage: 9kB
                     Buffers: shared hit=1
                     ->  Seq Scan on role_type rt  (cost=0.00..1.15 rows=1 width=4) (actual time=0.027..0.028 rows=1 loops=1)
                           Filter: ((role)::text = 'director'::text)
                           Rows Removed by Filter: 11
                           Buffers: shared hit=1
         ->  Index Scan using name_pkey on name n  (cost=0.43..2.32 rows=1 width=4) (actual time=0.037..0.037 rows=0 loops=3384)
               Index Cond: (id = ci.person_id)
               Filter: (((gender)::text = 'f'::text) OR (gender IS NULL))
               Rows Removed by Filter: 1
               Buffers: shared hit=10559 read=2977
 Planning:
   Buffers: shared hit=487 read=90
 Planning Time: 12.070 ms
 Execution Time: 2482.040 ms
(73 rows)

