                                                                                                                                                                                    QUERY PLAN                                                                                                                                                                                    
----------------------------------------------------------------------------------------------------------------------------------------------------------------------------------------------------------------------------------------------------------------------------------------------------------------------------------------------------------------------------------
 Aggregate  (cost=427818.14..427818.15 rows=1 width=8) (actual time=5473.558..5473.566 rows=1 loops=1)
   Buffers: shared hit=495481 read=61901
   ->  Nested Loop  (cost=13059.90..427818.13 rows=5 width=0) (actual time=101.805..5472.561 rows=3123 loops=1)
         Buffers: shared hit=495481 read=61901
         ->  Seq Scan on info_type it2  (cost=0.00..2.41 rows=1 width=4) (actual time=0.046..0.053 rows=1 loops=1)
               Filter: (id = 7)
               Rows Removed by Filter: 112
               Buffers: shared hit=1
         ->  Nested Loop  (cost=13059.90..427815.66 rows=5 width=4) (actual time=101.757..5471.764 rows=3123 loops=1)
               Buffers: shared hit=495480 read=61901
               ->  Seq Scan on info_type it1  (cost=0.00..2.41 rows=1 width=4) (actual time=0.009..0.018 rows=1 loops=1)
                     Filter: (id = 4)
                     Rows Removed by Filter: 112
                     Buffers: shared hit=1
               ->  Nested Loop  (cost=13059.90..427813.20 rows=5 width=8) (actual time=101.745..5470.895 rows=3123 loops=1)
                     Buffers: shared hit=495479 read=61901
                     ->  Hash Join  (cost=13059.47..427787.69 rows=11 width=12) (actual time=101.665..5307.520 rows=4529 loops=1)
                           Hash Cond: (ci.role_id = rt.id)
                           Buffers: shared hit=478593 read=60671
                           ->  Nested Loop  (cost=13058.31..427786.06 rows=129 width=16) (actual time=49.959..5282.450 rows=144634 loops=1)
                                 Buffers: shared hit=478592 read=60671
                                 ->  Nested Loop  (cost=13057.87..427386.81 rows=9 width=20) (actual time=42.300..3769.606 rows=5691 loops=1)
                                       Buffers: shared hit=343091 read=38096
                                       ->  Hash Join  (cost=13057.43..414945.28 rows=287 width=12) (actual time=38.793..2347.225 rows=17450 loops=1)
                                             Hash Cond: (t.kind_id = kt.id)
                                             Buffers: shared hit=206448 read=20089
                                             ->  Nested Loop  (cost=13056.26..414942.41 rows=402 width=16) (actual time=38.745..2338.555 rows=17545 loops=1)
                                                   Buffers: shared hit=206447 read=20089
                                                   ->  Bitmap Heap Scan on movie_info mi1  (cost=13055.83..400296.53 rows=1834 width=8) (actual time=38.697..550.344 rows=54281 loops=1)
                                                         Recheck Cond: (info_type_id = 4)
                                                         Filter: ((info)::text = ANY ('{Arabic,Czech,Finnish,Hindi,Portuguese}'::text[]))
                                                         Rows Removed by Filter: 1244708
                                                         Heap Blocks: exact=8393
                                                         Buffers: shared hit=3592 read=5820
                                                         ->  Bitmap Index Scan on info_type_id_movie_info  (cost=0.00..13055.37 rows=1221191 width=0) (actual time=36.504..36.504 rows=1298989 loops=1)
                                                               Index Cond: (info_type_id = 4)
                                                               Buffers: shared hit=1 read=1018
                                                   ->  Index Scan using title_pkey on title t  (cost=0.43..7.99 rows=1 width=8) (actual time=0.032..0.032 rows=0 loops=54281)
                                                         Index Cond: (id = mi1.movie_id)
                                                         Filter: ((production_year <= 1990) AND (production_year >= 1950))
                                                         Rows Removed by Filter: 1
                                                         Buffers: shared hit=202855 read=14269
                                             ->  Hash  (cost=1.11..1.11 rows=5 width=4) (actual time=0.018..0.019 rows=5 loops=1)
                                                   Buckets: 1024  Batches: 1  Memory Usage: 9kB
                                                   Buffers: shared hit=1
                                                   ->  Seq Scan on kind_type kt  (cost=0.00..1.11 rows=5 width=4) (actual time=0.009..0.011 rows=5 loops=1)
                                                         Filter: ((kind)::text = ANY ('{episode,movie,"tv movie","tv series","video game"}'::text[]))
                                                         Rows Removed by Filter: 2
                                                         Buffers: shared hit=1
                                       ->  Index Scan using movie_id_movie_info on movie_info mi2  (cost=0.43..43.34 rows=1 width=8) (actual time=0.071..0.081 rows=0 loops=17450)
                                             Index Cond: (movie_id = t.id)
                                             Filter: ((info_type_id = 7) AND ((info)::text = ANY ('{"CAM:Arriflex Cameras","CAM:Panavision Cameras and Lenses",LAB:Technicolor,"LAB:Technicolor, USA","OFM:35 mm",PCS:(anamorphic),PCS:CinemaScope,PCS:Kinescope,PCS:Techniscope,"PFM:16 mm","PFM:35 mm","RAT:1.33 : 1","RAT:1.66 : 1","RAT:1.85 : 1","RAT:2.20 : 1"}'::text[])))
                                             Rows Removed by Filter: 8
                                             Buffers: shared hit=136643 read=18007
                                 ->  Index Scan using movie_id_cast_info on cast_info ci  (cost=0.44..43.98 rows=38 width=12) (actual time=0.035..0.259 rows=25 loops=5691)
                                       Index Cond: (movie_id = t.id)
                                       Buffers: shared hit=135501 read=22575
                           ->  Hash  (cost=1.15..1.15 rows=1 width=4) (actual time=0.018..0.018 rows=1 loops=1)
                                 Buckets: 1024  Batches: 1  Memory Usage: 9kB
                                 Buffers: shared hit=1
                                 ->  Seq Scan on role_type rt  (cost=0.00..1.15 rows=1 width=4) (actual time=0.011..0.012 rows=1 loops=1)
                                       Filter: ((role)::text = 'editor'::text)
                                       Rows Removed by Filter: 11
                                       Buffers: shared hit=1
                     ->  Index Scan using name_pkey on name n  (cost=0.43..2.32 rows=1 width=4) (actual time=0.035..0.035 rows=1 loops=4529)
                           Index Cond: (id = ci.person_id)
                           Filter: (((gender)::text = 'f'::text) OR (gender IS NULL))
                           Rows Removed by Filter: 0
                           Buffers: shared hit=16886 read=1230
 Planning:
   Buffers: shared hit=574
 Planning Time: 14.614 ms
 Execution Time: 5474.090 ms
(73 rows)

