                                                                                                                                                                            QUERY PLAN                                                                                                                                                                            
------------------------------------------------------------------------------------------------------------------------------------------------------------------------------------------------------------------------------------------------------------------------------------------------------------------------------------------------------------------
 Aggregate  (cost=404998.85..404998.86 rows=1 width=8) (actual time=772.443..772.450 rows=1 loops=1)
   Buffers: shared hit=71493 read=3278
   ->  Nested Loop  (cost=13059.49..404998.85 rows=1 width=0) (actual time=34.885..772.416 rows=304 loops=1)
         Buffers: shared hit=71493 read=3278
         ->  Hash Join  (cost=13059.06..404994.21 rows=2 width=4) (actual time=34.853..763.839 rows=304 loops=1)
               Hash Cond: (ci.role_id = rt.id)
               Buffers: shared hit=70560 read=2995
               ->  Nested Loop  (cost=13057.89..404992.99 rows=14 width=8) (actual time=34.817..763.707 rows=678 loops=1)
                     Buffers: shared hit=70559 read=2995
                     ->  Nested Loop  (cost=13057.45..404949.26 rows=1 width=12) (actual time=34.765..757.830 rows=8 loops=1)
                           Buffers: shared hit=70200 read=2675
                           ->  Nested Loop  (cost=13057.45..404946.84 rows=1 width=16) (actual time=34.759..757.744 rows=8 loops=1)
                                 Buffers: shared hit=70192 read=2675
                                 ->  Nested Loop  (cost=13057.45..404944.41 rows=1 width=20) (actual time=34.736..757.624 rows=8 loops=1)
                                       Buffers: shared hit=70184 read=2675
                                       ->  Hash Join  (cost=13057.01..401612.34 rows=78 width=12) (actual time=31.149..684.587 rows=1156 loops=1)
                                             Hash Cond: (t.kind_id = kt.id)
                                             Buffers: shared hit=61472 read=833
                                             ->  Nested Loop  (cost=13055.84..401610.70 rows=109 width=16) (actual time=31.124..683.702 rows=4781 loops=1)
                                                   Buffers: shared hit=61471 read=833
                                                   ->  Bitmap Heap Scan on movie_info mi1  (cost=13055.41..400296.11 rows=156 width=8) (actual time=31.068..336.004 rows=13223 loops=1)
                                                         Recheck Cond: (info_type_id = 4)
                                                         Filter: ((info)::text = ANY ('{Indonesian,Serbo-Croatian,Slovak,Telugu,Urdu}'::text[]))
                                                         Rows Removed by Filter: 1285766
                                                         Heap Blocks: exact=8393
                                                         Buffers: shared hit=9286 read=126
                                                         ->  Bitmap Index Scan on info_type_id_movie_info  (cost=0.00..13055.37 rows=1221191 width=0) (actual time=28.958..28.959 rows=1298989 loops=1)
                                                               Index Cond: (info_type_id = 4)
                                                               Buffers: shared hit=1018 read=1
                                                   ->  Index Scan using title_pkey on title t  (cost=0.43..8.43 rows=1 width=8) (actual time=0.026..0.026 rows=0 loops=13223)
                                                         Index Cond: (id = mi1.movie_id)
                                                         Filter: ((production_year <= 2015) AND (production_year >= 1990))
                                                         Rows Removed by Filter: 1
                                                         Buffers: shared hit=52185 read=707
                                             ->  Hash  (cost=1.11..1.11 rows=5 width=4) (actual time=0.010..0.011 rows=5 loops=1)
                                                   Buckets: 1024  Batches: 1  Memory Usage: 9kB
                                                   Buffers: shared hit=1
                                                   ->  Seq Scan on kind_type kt  (cost=0.00..1.11 rows=5 width=4) (actual time=0.006..0.007 rows=5 loops=1)
                                                         Filter: ((kind)::text = ANY ('{episode,"tv movie","tv series","video game","video movie"}'::text[]))
                                                         Rows Removed by Filter: 2
                                                         Buffers: shared hit=1
                                       ->  Index Scan using movie_id_movie_info on movie_info mi2  (cost=0.43..42.71 rows=1 width=8) (actual time=0.062..0.063 rows=0 loops=1156)
                                             Index Cond: (movie_id = t.id)
                                             Filter: ((info_type_id = 18) AND ((info)::text = ANY ('{"Atlanta, Georgia, USA",Australia,"Burbank, California, USA","California, USA","Las Vegas, Nevada, USA","Miami, Florida, USA","New York, USA","Rio de Janeiro, Rio de Janeiro, Brazil","Rome, Lazio, Italy",Thailand,"Toronto, Ontario, Canada"}'::text[])))
                                             Rows Removed by Filter: 8
                                             Buffers: shared hit=8712 read=1842
                                 ->  Seq Scan on info_type it1  (cost=0.00..2.41 rows=1 width=4) (actual time=0.007..0.012 rows=1 loops=8)
                                       Filter: (id = 4)
                                       Rows Removed by Filter: 112
                                       Buffers: shared hit=8
                           ->  Seq Scan on info_type it2  (cost=0.00..2.41 rows=1 width=4) (actual time=0.004..0.009 rows=1 loops=8)
                                 Filter: (id = 18)
                                 Rows Removed by Filter: 112
                                 Buffers: shared hit=8
                     ->  Index Scan using movie_id_cast_info on cast_info ci  (cost=0.44..43.35 rows=38 width=12) (actual time=0.027..0.722 rows=85 loops=8)
                           Index Cond: (movie_id = t.id)
                           Buffers: shared hit=359 read=320
               ->  Hash  (cost=1.15..1.15 rows=2 width=4) (actual time=0.021..0.022 rows=2 loops=1)
                     Buckets: 1024  Batches: 1  Memory Usage: 9kB
                     Buffers: shared hit=1
                     ->  Seq Scan on role_type rt  (cost=0.00..1.15 rows=2 width=4) (actual time=0.016..0.017 rows=2 loops=1)
                           Filter: ((role)::text = ANY ('{actor,"production designer"}'::text[]))
                           Rows Removed by Filter: 10
                           Buffers: shared hit=1
         ->  Index Scan using name_pkey on name n  (cost=0.43..2.32 rows=1 width=4) (actual time=0.028..0.028 rows=1 loops=304)
               Index Cond: (id = ci.person_id)
               Filter: (((gender)::text = 'm'::text) OR (gender IS NULL))
               Buffers: shared hit=933 read=283
 Planning:
   Buffers: shared hit=529 read=45
 Planning Time: 7.384 ms
 Execution Time: 772.950 ms
(72 rows)

