                                                                                                   QUERY PLAN                                                                                                   
----------------------------------------------------------------------------------------------------------------------------------------------------------------------------------------------------------------
 Aggregate  (cost=752172.31..752172.32 rows=1 width=8) (actual time=37774.654..37774.662 rows=1 loops=1)
   Buffers: shared hit=3128462 read=382553
   ->  Nested Loop  (cost=14218.06..752171.80 rows=203 width=0) (actual time=36.806..37722.428 rows=316713 loops=1)
         Buffers: shared hit=3128462 read=382553
         ->  Hash Join  (cost=14217.63..751049.16 rows=484 width=4) (actual time=36.769..23699.387 rows=346396 loops=1)
               Hash Cond: (ci.role_id = rt.id)
               Buffers: shared hit=1795781 read=329650
               ->  Nested Loop  (cost=14216.43..751041.08 rows=1935 width=8) (actual time=36.705..23450.744 rows=919056 loops=1)
                     Buffers: shared hit=1795780 read=329650
                     ->  Nested Loop  (cost=14215.99..745142.16 rows=135 width=12) (actual time=36.665..11806.234 rows=49143 loops=1)
                           Buffers: shared hit=965226 read=115546
                           ->  Seq Scan on info_type it2  (cost=0.00..2.41 rows=1 width=4) (actual time=0.032..0.042 rows=1 loops=1)
                                 Filter: (id = 8)
                                 Rows Removed by Filter: 112
                                 Buffers: shared hit=1
                           ->  Nested Loop  (cost=14215.99..745138.40 rows=135 width=16) (actual time=36.632..11793.937 rows=49143 loops=1)
                                 Buffers: shared hit=965225 read=115546
                                 ->  Seq Scan on info_type it1  (cost=0.00..2.41 rows=1 width=4) (actual time=0.014..0.026 rows=1 loops=1)
                                       Filter: (id = 3)
                                       Rows Removed by Filter: 112
                                       Buffers: shared hit=1
                                 ->  Nested Loop  (cost=14215.99..745134.64 rows=135 width=20) (actual time=36.614..11780.837 rows=49143 loops=1)
                                       Buffers: shared hit=965224 read=115546
                                       ->  Hash Join  (cost=14215.55..555783.84 rows=4451 width=12) (actual time=36.436..5552.236 rows=58956 loops=1)
                                             Hash Cond: (t.kind_id = kt.id)
                                             Buffers: shared hit=443645 read=30125
                                             ->  Nested Loop  (cost=14214.40..555749.86 rows=7789 width=16) (actual time=36.395..5517.002 rows=78981 loops=1)
                                                   Buffers: shared hit=443644 read=30125
                                                   ->  Bitmap Heap Scan on movie_info mi2  (cost=14213.96..492205.40 rows=9755 width=8) (actual time=36.349..880.743 rows=119136 loops=1)
                                                         Recheck Cond: (info_type_id = 8)
                                                         Filter: ((info)::text = ANY ('{"Bosnia and Herzegovina",Cuba,France,Georgia,Malaysia,Mexico,Peru,Sweden,Switzerland,Ukraine,"West Germany"}'::text[]))
                                                         Rows Removed by Filter: 1206225
                                                         Heap Blocks: exact=7853
                                                         Buffers: shared hit=971 read=7922
                                                         ->  Bitmap Index Scan on info_type_id_movie_info  (cost=0.00..14211.52 rows=1329478 width=0) (actual time=35.306..35.306 rows=1325361 loops=1)
                                                               Index Cond: (info_type_id = 8)
                                                               Buffers: shared hit=1 read=1039
                                                   ->  Memoize  (cost=0.44..6.59 rows=1 width=8) (actual time=0.038..0.038 rows=1 loops=119136)
                                                         Cache Key: mi2.movie_id
                                                         Cache Mode: logical
                                                         Hits: 2917  Misses: 116219  Evictions: 26049  Overflows: 0  Memory Usage: 8193kB
                                                         Buffers: shared hit=442673 read=22203
                                                         ->  Index Scan using title_pkey on title t  (cost=0.43..6.58 rows=1 width=8) (actual time=0.038..0.038 rows=1 loops=116219)
                                                               Index Cond: (id = mi2.movie_id)
                                                               Filter: ((production_year <= 2015) AND (production_year >= 1975))
                                                               Rows Removed by Filter: 0
                                                               Buffers: shared hit=442673 read=22203
                                             ->  Hash  (cost=1.10..1.10 rows=4 width=4) (actual time=0.016..0.017 rows=4 loops=1)
                                                   Buckets: 1024  Batches: 1  Memory Usage: 9kB
                                                   Buffers: shared hit=1
                                                   ->  Seq Scan on kind_type kt  (cost=0.00..1.10 rows=4 width=4) (actual time=0.009..0.012 rows=4 loops=1)
                                                         Filter: ((kind)::text = ANY ('{movie,"tv series","video game","video movie"}'::text[]))
                                                         Rows Removed by Filter: 3
                                                         Buffers: shared hit=1
                                       ->  Index Scan using movie_id_movie_info on movie_info mi1  (cost=0.43..42.53 rows=1 width=8) (actual time=0.104..0.105 rows=1 loops=58956)
                                             Index Cond: (movie_id = t.id)
                                             Filter: ((info_type_id = 3) AND ((info)::text = ANY ('{Action,Adventure,Drama,Fantasy,News,Romance,Short,Talk-Show}'::text[])))
                                             Rows Removed by Filter: 12
                                             Buffers: shared hit=521579 read=85421
                     ->  Index Scan using movie_id_cast_info on cast_info ci  (cost=0.44..43.32 rows=38 width=12) (actual time=0.042..0.231 rows=19 loops=49143)
                           Index Cond: (movie_id = t.id)
                           Buffers: shared hit=830554 read=214104
               ->  Hash  (cost=1.17..1.17 rows=3 width=4) (actual time=0.039..0.040 rows=3 loops=1)
                     Buckets: 1024  Batches: 1  Memory Usage: 9kB
                     Buffers: shared hit=1
                     ->  Seq Scan on role_type rt  (cost=0.00..1.17 rows=3 width=4) (actual time=0.028..0.032 rows=3 loops=1)
                           Filter: ((role)::text = ANY ('{actor,composer,"costume designer"}'::text[]))
                           Rows Removed by Filter: 9
                           Buffers: shared hit=1
         ->  Index Scan using name_pkey on name n  (cost=0.43..2.32 rows=1 width=4) (actual time=0.040..0.040 rows=1 loops=346396)
               Index Cond: (id = ci.person_id)
               Filter: ((gender)::text = 'm'::text)
               Rows Removed by Filter: 0
               Buffers: shared hit=1332681 read=52903
 Planning:
   Buffers: shared hit=574
 Planning Time: 12.618 ms
 Execution Time: 37777.045 ms
(78 rows)

