                                                                                                  QUERY PLAN                                                                                                  
--------------------------------------------------------------------------------------------------------------------------------------------------------------------------------------------------------------
 Aggregate  (cost=901289.41..901289.42 rows=1 width=8) (actual time=113337.146..113337.155 rows=1 loops=1)
   Buffers: shared hit=10155107 read=1559955, temp read=14549 written=13839
   ->  Nested Loop  (cost=791099.04..901287.23 rows=872 width=0) (actual time=1323.501..113284.389 rows=256247 loops=1)
         Buffers: shared hit=10155107 read=1559955, temp read=14549 written=13839
         ->  Seq Scan on info_type it2  (cost=0.00..2.41 rows=1 width=4) (actual time=0.045..0.056 rows=1 loops=1)
               Filter: (id = 2)
               Rows Removed by Filter: 112
               Buffers: shared hit=1
         ->  Nested Loop  (cost=791099.04..901276.10 rows=872 width=4) (actual time=1323.455..113227.206 rows=256247 loops=1)
               Buffers: shared hit=10155106 read=1559955, temp read=14549 written=13839
               ->  Seq Scan on info_type it1  (cost=0.00..2.41 rows=1 width=4) (actual time=0.014..0.027 rows=1 loops=1)
                     Filter: (id = 3)
                     Rows Removed by Filter: 112
                     Buffers: shared hit=1
               ->  Nested Loop  (cost=791099.04..901264.97 rows=872 width=8) (actual time=1323.439..113165.999 rows=256247 loops=1)
                     Buffers: shared hit=10155105 read=1559955, temp read=14549 written=13839
                     ->  Hash Join  (cost=791098.61..896445.01 rows=2078 width=12) (actual time=1322.588..88475.939 rows=673954 loops=1)
                           Hash Cond: (ci.role_id = rt.id)
                           Buffers: shared hit=7680408 read=1338836, temp read=14549 written=13839
                           ->  Nested Loop  (cost=791097.44..896399.54 rows=12471 width=16) (actual time=1322.463..87227.005 rows=5659868 loops=1)
                                 Buffers: shared hit=7680407 read=1338836, temp read=14549 written=13839
                                 ->  Nested Loop  (cost=791097.00..858349.61 rows=870 width=20) (actual time=1322.439..23443.557 rows=347867 loops=1)
                                       Buffers: shared hit=2455526 read=57680, temp read=14549 written=13839
                                       ->  Nested Loop  (cost=791096.85..858299.97 rows=2030 width=24) (actual time=1321.524..23108.575 rows=392591 loops=1)
                                             Join Filter: (t.id = mi1.movie_id)
                                             Buffers: shared hit=2455514 read=57680, temp read=14549 written=13839
                                             ->  Merge Join  (cost=791096.42..792210.16 rows=21657 width=16) (actual time=1321.467..2240.516 rows=621169 loops=1)
                                                   Merge Cond: (mi1.movie_id = mi2.movie_id)
                                                   Buffers: shared hit=8129 read=20389, temp read=14549 written=13839
                                                   ->  Sort  (cost=425227.57..425390.39 rows=65125 width=8) (actual time=573.933..700.159 rows=629770 loops=1)
                                                         Sort Key: mi1.movie_id
                                                         Sort Method: external sort  Disk: 13608kB
                                                         Buffers: shared hit=4285 read=6690, temp read=3396 written=3404
                                                         ->  Bitmap Heap Scan on movie_info mi1  (cost=16464.75..420020.53 rows=65125 width=8) (actual time=43.109..416.571 rows=629770 loops=1)
                                                               Recheck Cond: (info_type_id = 3)
                                                               Filter: ((info)::text = ANY ('{Comedy,Fantasy,Horror,Reality-TV,Sci-Fi,Short}'::text[]))
                                                               Rows Removed by Filter: 904139
                                                               Heap Blocks: exact=9772
                                                               Buffers: shared hit=4285 read=6690
                                                               ->  Bitmap Index Scan on info_type_id_movie_info  (cost=0.00..16448.47 rows=1538671 width=0) (actual time=41.919..41.919 rows=1533909 loops=1)
                                                                     Index Cond: (info_type_id = 3)
                                                                     Buffers: shared read=1203
                                                   ->  Sort  (cost=365868.85..366154.62 rows=114308 width=8) (actual time=747.521..1020.962 rows=1421323 loops=1)
                                                         Sort Key: mi2.movie_id
                                                         Sort Method: external sort  Disk: 27832kB
                                                         Buffers: shared hit=3844 read=13699, temp read=10785 written=10435
                                                         ->  Bitmap Heap Scan on movie_info mi2  (cost=13885.07..356265.51 rows=114308 width=8) (actual time=31.870..358.526 rows=1288928 loops=1)
                                                               Recheck Cond: (info_type_id = 2)
                                                               Filter: ((info)::text = ANY ('{"Black and White",Color}'::text[]))
                                                               Heap Blocks: exact=16526
                                                               Buffers: shared hit=3844 read=13699
                                                               ->  Bitmap Index Scan on info_type_id_movie_info  (cost=0.00..13856.49 rows=1296008 width=0) (actual time=29.677..29.678 rows=1288928 loops=1)
                                                                     Index Cond: (info_type_id = 2)
                                                                     Buffers: shared hit=1 read=1016
                                             ->  Index Scan using title_pkey on title t  (cost=0.43..3.04 rows=1 width=8) (actual time=0.033..0.033 rows=1 loops=621169)
                                                   Index Cond: (id = mi2.movie_id)
                                                   Filter: ((production_year <= 2015) AND (1990 < production_year))
                                                   Rows Removed by Filter: 0
                                                   Buffers: shared hit=2447385 read=37291
                                       ->  Memoize  (cost=0.14..0.16 rows=1 width=4) (actual time=0.000..0.000 rows=1 loops=392591)
                                             Cache Key: t.kind_id
                                             Cache Mode: logical
                                             Hits: 392585  Misses: 6  Evictions: 0  Overflows: 0  Memory Usage: 1kB
                                             Buffers: shared hit=12
                                             ->  Index Scan using kind_type_pkey on kind_type kt  (cost=0.13..0.15 rows=1 width=4) (actual time=0.010..0.010 rows=0 loops=6)
                                                   Index Cond: (id = t.kind_id)
                                                   Filter: ((kind)::text = ANY ('{episode,movie,"video movie"}'::text[]))
                                                   Rows Removed by Filter: 0
                                                   Buffers: shared hit=12
                                 ->  Index Scan using movie_id_cast_info on cast_info ci  (cost=0.44..43.36 rows=38 width=12) (actual time=0.035..0.179 rows=16 loops=347867)
                                       Index Cond: (movie_id = t.id)
                                       Buffers: shared hit=5224881 read=1281156
                           ->  Hash  (cost=1.15..1.15 rows=2 width=4) (actual time=0.021..0.022 rows=2 loops=1)
                                 Buckets: 1024  Batches: 1  Memory Usage: 9kB
                                 Buffers: shared hit=1
                                 ->  Seq Scan on role_type rt  (cost=0.00..1.15 rows=2 width=4) (actual time=0.010..0.012 rows=2 loops=1)
                                       Filter: ((role)::text = ANY ('{cinematographer,director}'::text[]))
                                       Rows Removed by Filter: 10
                                       Buffers: shared hit=1
                     ->  Index Scan using name_pkey on name n  (cost=0.43..2.32 rows=1 width=4) (actual time=0.036..0.036 rows=0 loops=673954)
                           Index Cond: (id = ci.person_id)
                           Filter: ((gender)::text = 'm'::text)
                           Rows Removed by Filter: 1
                           Buffers: shared hit=2474697 read=221119
 Planning:
   Buffers: shared hit=483 read=91
 Planning Time: 14.481 ms
 Execution Time: 113349.387 ms
(88 rows)

