                                                                                               QUERY PLAN                                                                                               
--------------------------------------------------------------------------------------------------------------------------------------------------------------------------------------------------------
 Aggregate  (cost=674146.13..674146.14 rows=1 width=8) (actual time=13236.798..13236.805 rows=1 loops=1)
   Buffers: shared hit=1068059 read=304051
   ->  Nested Loop  (cost=16455.86..674145.50 rows=252 width=0) (actual time=63.488..13235.892 rows=2222 loops=1)
         Buffers: shared hit=1068059 read=304051
         ->  Hash Join  (cost=16455.43..673247.85 rows=387 width=4) (actual time=50.825..12923.411 rows=8790 loops=1)
               Hash Cond: (ci.role_id = rt.id)
               Buffers: shared hit=1037151 read=299799
               ->  Nested Loop  (cost=16454.25..673238.42 rows=2322 width=8) (actual time=41.437..12860.067 rows=474309 loops=1)
                     Buffers: shared hit=1037150 read=299799
                     ->  Nested Loop  (cost=16453.81..666165.55 rows=162 width=12) (actual time=41.403..7480.616 rows=28285 loops=1)
                           Buffers: shared hit=681561 read=113051
                           ->  Seq Scan on info_type it2  (cost=0.00..2.41 rows=1 width=4) (actual time=0.026..0.034 rows=1 loops=1)
                                 Filter: (id = 2)
                                 Rows Removed by Filter: 112
                                 Buffers: shared hit=1
                           ->  Nested Loop  (cost=16453.81..666161.52 rows=162 width=16) (actual time=41.377..7475.751 rows=28285 loops=1)
                                 Buffers: shared hit=681560 read=113051
                                 ->  Seq Scan on info_type it1  (cost=0.00..2.41 rows=1 width=4) (actual time=0.006..0.017 rows=1 loops=1)
                                       Filter: (id = 3)
                                       Rows Removed by Filter: 112
                                       Buffers: shared hit=1
                                 ->  Nested Loop  (cost=16453.81..666157.49 rows=162 width=20) (actual time=41.368..7471.015 rows=28285 loops=1)
                                       Buffers: shared hit=681559 read=113051
                                       ->  Hash Join  (cost=16453.38..515217.05 rows=3576 width=12) (actual time=41.228..4802.250 rows=27881 loops=1)
                                             Hash Cond: (t.kind_id = kt.id)
                                             Buffers: shared hit=462375 read=43081
                                             ->  Nested Loop  (cost=16452.26..515163.20 rows=12515 width=16) (actual time=41.197..4775.530 rows=123268 loops=1)
                                                   Buffers: shared hit=462374 read=43081
                                                   ->  Bitmap Heap Scan on movie_info mi1  (cost=16451.82..435117.15 rows=13426 width=8) (actual time=41.165..763.273 rows=130856 loops=1)
                                                         Recheck Cond: (info_type_id = 3)
                                                         Filter: ((info)::text = ANY ('{Family,History,Horror,Musical,Talk-Show,War,Western}'::text[]))
                                                         Rows Removed by Filter: 1403053
                                                         Heap Blocks: exact=9772
                                                         Buffers: shared hit=46 read=10929
                                                         ->  Bitmap Index Scan on info_type_id_movie_info  (cost=0.00..16448.47 rows=1538671 width=0) (actual time=39.959..39.959 rows=1533909 loops=1)
                                                               Index Cond: (info_type_id = 3)
                                                               Buffers: shared read=1203
                                                   ->  Memoize  (cost=0.44..6.06 rows=1 width=8) (actual time=0.030..0.030 rows=1 loops=130856)
                                                         Cache Key: mi1.movie_id
                                                         Cache Mode: logical
                                                         Hits: 7236  Misses: 123620  Evictions: 43840  Overflows: 0  Memory Usage: 8193kB
                                                         Buffers: shared hit=462328 read=32152
                                                         ->  Index Scan using title_pkey on title t  (cost=0.43..6.05 rows=1 width=8) (actual time=0.031..0.031 rows=1 loops=123620)
                                                               Index Cond: (id = mi1.movie_id)
                                                               Filter: ((production_year <= 2015) AND (1925 < production_year))
                                                               Rows Removed by Filter: 0
                                                               Buffers: shared hit=462328 read=32152
                                             ->  Hash  (cost=1.09..1.09 rows=2 width=4) (actual time=0.013..0.013 rows=2 loops=1)
                                                   Buckets: 1024  Batches: 1  Memory Usage: 9kB
                                                   Buffers: shared hit=1
                                                   ->  Seq Scan on kind_type kt  (cost=0.00..1.09 rows=2 width=4) (actual time=0.006..0.007 rows=2 loops=1)
                                                         Filter: ((kind)::text = ANY ('{"tv movie","tv series"}'::text[]))
                                                         Rows Removed by Filter: 5
                                                         Buffers: shared hit=1
                                       ->  Index Scan using movie_id_movie_info on movie_info mi2  (cost=0.43..42.20 rows=1 width=8) (actual time=0.076..0.095 rows=1 loops=27881)
                                             Index Cond: (movie_id = t.id)
                                             Filter: (((info)::text = ANY ('{"Black and White",Color}'::text[])) AND (info_type_id = 2))
                                             Rows Removed by Filter: 10
                                             Buffers: shared hit=219184 read=69970
                     ->  Index Scan using movie_id_cast_info on cast_info ci  (cost=0.44..43.28 rows=38 width=12) (actual time=0.036..0.187 rows=17 loops=28285)
                           Index Cond: (movie_id = t.id)
                           Buffers: shared hit=355589 read=186748
               ->  Hash  (cost=1.15..1.15 rows=2 width=4) (actual time=0.026..0.026 rows=2 loops=1)
                     Buckets: 1024  Batches: 1  Memory Usage: 9kB
                     Buffers: shared hit=1
                     ->  Seq Scan on role_type rt  (cost=0.00..1.15 rows=2 width=4) (actual time=0.020..0.021 rows=2 loops=1)
                           Filter: ((role)::text = ANY ('{"costume designer","production designer"}'::text[]))
                           Rows Removed by Filter: 10
                           Buffers: shared hit=1
         ->  Index Scan using name_pkey on name n  (cost=0.43..2.32 rows=1 width=4) (actual time=0.035..0.035 rows=0 loops=8790)
               Index Cond: (id = ci.person_id)
               Filter: ((gender)::text = ANY ('{f,m}'::text[]))
               Rows Removed by Filter: 1
               Buffers: shared hit=30908 read=4252
 Planning:
   Buffers: shared hit=486 read=88
 Planning Time: 13.108 ms
 Execution Time: 13238.968 ms
(78 rows)

