                                                                                               QUERY PLAN                                                                                               
--------------------------------------------------------------------------------------------------------------------------------------------------------------------------------------------------------
 Aggregate  (cost=961122.50..961122.51 rows=1 width=8) (actual time=183496.749..183496.759 rows=1 loops=1)
   Buffers: shared hit=15841795 read=3028436, temp read=20955 written=20955
   ->  Nested Loop  (cost=479862.38..961119.47 rows=1210 width=0) (actual time=2114.811..183483.519 rows=30342 loops=1)
         Buffers: shared hit=15841795 read=3028436, temp read=20955 written=20955
         ->  Seq Scan on info_type it2  (cost=0.00..2.41 rows=1 width=4) (actual time=0.043..0.052 rows=1 loops=1)
               Filter: (id = 2)
               Rows Removed by Filter: 112
               Buffers: shared hit=1
         ->  Nested Loop  (cost=479862.38..961104.96 rows=1210 width=4) (actual time=2114.767..183474.519 rows=30342 loops=1)
               Buffers: shared hit=15841794 read=3028436, temp read=20955 written=20955
               ->  Seq Scan on info_type it1  (cost=0.00..2.41 rows=1 width=4) (actual time=0.008..0.021 rows=1 loops=1)
                     Filter: (id = 3)
                     Rows Removed by Filter: 112
                     Buffers: shared hit=1
               ->  Nested Loop  (cost=479862.38..961090.45 rows=1210 width=8) (actual time=2114.756..183464.783 rows=30342 loops=1)
                     Buffers: shared hit=15841793 read=3028436, temp read=20955 written=20955
                     ->  Hash Join  (cost=479861.95..949005.75 rows=5210 width=12) (actual time=2112.671..162616.884 rows=575917 loops=1)
                           Hash Cond: (ci.role_id = rt.id)
                           Buffers: shared hit=13715401 read=2851160, temp read=20955 written=20955
                           ->  Nested Loop  (cost=479860.77..948893.53 rows=31262 width=16) (actual time=2112.613..159964.513 rows=14449512 loops=1)
                                 Buffers: shared hit=13715400 read=2851160, temp read=20955 written=20955
                                 ->  Hash Join  (cost=479860.33..853671.78 rows=2181 width=20) (actual time=2112.576..4063.768 rows=823518 loops=1)
                                       Hash Cond: (mi1.movie_id = t.id)
                                       Buffers: shared hit=7949 read=56961, temp read=20955 written=20955
                                       ->  Bitmap Heap Scan on movie_info mi1  (cost=16478.69..389815.37 rows=120786 width=8) (actual time=43.169..630.285 rows=1144496 loops=1)
                                             Recheck Cond: (info_type_id = 3)
                                             Filter: ((info)::text = ANY ('{Action,Adult,Adventure,Comedy,Documentary,Drama,Family,Sci-Fi,Short}'::text[]))
                                             Rows Removed by Filter: 389413
                                             Heap Blocks: exact=9772
                                             Buffers: shared read=10975
                                             ->  Bitmap Index Scan on info_type_id_movie_info  (cost=0.00..16448.47 rows=1538671 width=0) (actual time=41.964..41.964 rows=1533909 loops=1)
                                                   Index Cond: (info_type_id = 3)
                                                   Buffers: shared read=1203
                                       ->  Hash  (cost=462810.85..462810.85 rows=45664 width=12) (actual time=2068.835..2068.840 rows=982641 loops=1)
                                             Buckets: 262144 (originally 65536)  Batches: 8 (originally 1)  Memory Usage: 7320kB
                                             Buffers: shared hit=7949 read=45986, temp read=11838 written=15193
                                             ->  Hash Join  (cost=114705.11..462810.85 rows=45664 width=12) (actual time=1030.947..1917.762 rows=982641 loops=1)
                                                   Hash Cond: (mi2.movie_id = t.id)
                                                   Buffers: shared hit=7949 read=45986, temp read=11838 written=11838
                                                   ->  Bitmap Heap Scan on movie_info mi2  (cost=13885.07..356265.51 rows=114308 width=8) (actual time=34.599..372.611 rows=1288928 loops=1)
                                                         Recheck Cond: (info_type_id = 2)
                                                         Filter: ((info)::text = ANY ('{"Black and White",Color}'::text[]))
                                                         Heap Blocks: exact=16526
                                                         Buffers: shared hit=2 read=17541
                                                         ->  Bitmap Index Scan on info_type_id_movie_info  (cost=0.00..13856.49 rows=1296008 width=0) (actual time=32.405..32.405 rows=1288928 loops=1)
                                                               Index Cond: (info_type_id = 2)
                                                               Buffers: shared hit=1 read=1016
                                                   ->  Hash  (cost=84248.88..84248.88 rows=1010013 width=4) (actual time=995.185..995.189 rows=2148656 loops=1)
                                                         Buckets: 262144 (originally 262144)  Batches: 16 (originally 8)  Memory Usage: 6773kB
                                                         Buffers: shared hit=7947 read=28445, temp written=5895
                                                         ->  Hash Join  (cost=1.13..84248.88 rows=1010013 width=4) (actual time=0.052..715.437 rows=2148656 loops=1)
                                                               Hash Cond: (t.kind_id = kt.id)
                                                               Buffers: shared hit=7947 read=28445
                                                               ->  Seq Scan on title t  (cost=0.00..74315.95 rows=2356696 width=8) (actual time=0.025..453.914 rows=2352201 loops=1)
                                                                     Filter: ((production_year <= 2015) AND (1925 < production_year))
                                                                     Rows Removed by Filter: 176111
                                                                     Buffers: shared hit=7946 read=28445
                                                               ->  Hash  (cost=1.10..1.10 rows=3 width=4) (actual time=0.013..0.014 rows=3 loops=1)
                                                                     Buckets: 1024  Batches: 1  Memory Usage: 9kB
                                                                     Buffers: shared hit=1
                                                                     ->  Seq Scan on kind_type kt  (cost=0.00..1.10 rows=3 width=4) (actual time=0.008..0.009 rows=3 loops=1)
                                                                           Filter: ((kind)::text = ANY ('{episode,movie,"video movie"}'::text[]))
                                                                           Rows Removed by Filter: 4
                                                                           Buffers: shared hit=1
                                 ->  Index Scan using movie_id_cast_info on cast_info ci  (cost=0.44..43.28 rows=38 width=12) (actual time=0.034..0.184 rows=18 loops=823518)
                                       Index Cond: (movie_id = t.id)
                                       Buffers: shared hit=13707451 read=2794199
                           ->  Hash  (cost=1.15..1.15 rows=2 width=4) (actual time=0.021..0.022 rows=2 loops=1)
                                 Buckets: 1024  Batches: 1  Memory Usage: 9kB
                                 Buffers: shared hit=1
                                 ->  Seq Scan on role_type rt  (cost=0.00..1.15 rows=2 width=4) (actual time=0.010..0.012 rows=2 loops=1)
                                       Filter: ((role)::text = ANY ('{composer,"costume designer"}'::text[]))
                                       Rows Removed by Filter: 10
                                       Buffers: shared hit=1
                     ->  Index Scan using name_pkey on name n  (cost=0.43..2.32 rows=1 width=4) (actual time=0.036..0.036 rows=0 loops=575917)
                           Index Cond: (id = ci.person_id)
                           Filter: ((gender)::text = 'f'::text)
                           Rows Removed by Filter: 1
                           Buffers: shared hit=2126392 read=177276
 Planning:
   Buffers: shared hit=488 read=89
 Planning Time: 14.059 ms
 Execution Time: 183497.537 ms
(83 rows)

