                                                                                            QUERY PLAN                                                                                            
--------------------------------------------------------------------------------------------------------------------------------------------------------------------------------------------------
 Aggregate  (cost=615058.56..615058.57 rows=1 width=8) (actual time=2667.004..2667.013 rows=1 loops=1)
   Buffers: shared hit=151569 read=105533, temp read=366 written=366
   ->  Nested Loop  (cost=96912.68..615058.50 rows=23 width=0) (actual time=741.502..2666.972 rows=40 loops=1)
         Buffers: shared hit=151569 read=105533, temp read=366 written=366
         ->  Seq Scan on info_type it2  (cost=0.00..2.41 rows=1 width=4) (actual time=0.038..0.048 rows=1 loops=1)
               Filter: (id = 2)
               Rows Removed by Filter: 112
               Buffers: shared hit=1
         ->  Nested Loop  (cost=96912.68..615055.86 rows=23 width=4) (actual time=741.462..2666.905 rows=40 loops=1)
               Buffers: shared hit=151568 read=105533, temp read=366 written=366
               ->  Seq Scan on info_type it1  (cost=0.00..2.41 rows=1 width=4) (actual time=0.010..0.021 rows=1 loops=1)
                     Filter: (id = 3)
                     Rows Removed by Filter: 112
                     Buffers: shared hit=1
               ->  Nested Loop  (cost=96912.68..615053.21 rows=23 width=8) (actual time=741.449..2666.864 rows=40 loops=1)
                     Buffers: shared hit=151567 read=105533, temp read=366 written=366
                     ->  Hash Join  (cost=96912.25..614821.26 rows=100 width=12) (actual time=443.043..2585.148 rows=2664 loops=1)
                           Hash Cond: (ci.role_id = rt.id)
                           Buffers: shared hit=142778 read=103666, temp read=366 written=366
                           ->  Nested Loop  (cost=96911.09..614815.83 rows=1204 width=16) (actual time=441.828..2574.249 rows=84473 loops=1)
                                 Buffers: shared hit=142777 read=103666, temp read=366 written=366
                                 ->  Nested Loop  (cost=96910.65..611088.41 rows=84 width=20) (actual time=441.798..1622.796 rows=8942 loops=1)
                                       Buffers: shared hit=77694 read=60498, temp read=366 written=366
                                       ->  Hash Join  (cost=96910.21..531850.85 rows=1856 width=12) (actual time=441.662..911.092 rows=8974 loops=1)
                                             Hash Cond: (mi1.movie_id = t.id)
                                             Buffers: shared hit=6306 read=41061, temp read=366 written=366
                                             ->  Bitmap Heap Scan on movie_info mi1  (cost=16453.48..450228.36 rows=20054 width=8) (actual time=41.841..459.582 rows=184642 loops=1)
                                                   Recheck Cond: (info_type_id = 3)
                                                   Filter: ((info)::text = ANY ('{Action,Adventure,History,Music,Mystery,Sport,War,Western}'::text[]))
                                                   Rows Removed by Filter: 1349267
                                                   Heap Blocks: exact=9772
                                                   Buffers: shared hit=6305 read=4670
                                                   ->  Bitmap Index Scan on info_type_id_movie_info  (cost=0.00..16448.47 rows=1538671 width=0) (actual time=40.639..40.639 rows=1533909 loops=1)
                                                         Index Cond: (info_type_id = 3)
                                                         Buffers: shared read=1203
                                             ->  Hash  (cost=76617.93..76617.93 rows=233984 width=4) (actual time=398.703..398.706 rows=33701 loops=1)
                                                   Buckets: 262144  Batches: 2  Memory Usage: 2644kB
                                                   Buffers: shared hit=1 read=36391, temp written=49
                                                   ->  Hash Join  (cost=1.13..76617.93 rows=233984 width=4) (actual time=0.064..391.707 rows=33701 loops=1)
                                                         Hash Cond: (t.kind_id = kt.id)
                                                         Buffers: shared hit=1 read=36391
                                                         ->  Seq Scan on title t  (cost=0.00..74315.95 rows=545963 width=8) (actual time=0.026..358.081 rows=538239 loops=1)
                                                               Filter: ((production_year <= 1990) AND (1950 < production_year))
                                                               Rows Removed by Filter: 1990073
                                                               Buffers: shared read=36391
                                                         ->  Hash  (cost=1.10..1.10 rows=3 width=4) (actual time=0.012..0.013 rows=3 loops=1)
                                                               Buckets: 1024  Batches: 1  Memory Usage: 9kB
                                                               Buffers: shared hit=1
                                                               ->  Seq Scan on kind_type kt  (cost=0.00..1.10 rows=3 width=4) (actual time=0.007..0.008 rows=3 loops=1)
                                                                     Filter: ((kind)::text = ANY ('{"tv series","video game","video movie"}'::text[]))
                                                                     Rows Removed by Filter: 4
                                                                     Buffers: shared hit=1
                                       ->  Index Scan using movie_id_movie_info on movie_info mi2  (cost=0.43..42.68 rows=1 width=8) (actual time=0.063..0.079 rows=1 loops=8974)
                                             Index Cond: (movie_id = t.id)
                                             Filter: (((info)::text = ANY ('{"Black and White",Color}'::text[])) AND (info_type_id = 2))
                                             Rows Removed by Filter: 12
                                             Buffers: shared hit=71388 read=19437
                                 ->  Index Scan using movie_id_cast_info on cast_info ci  (cost=0.44..43.99 rows=38 width=12) (actual time=0.028..0.104 rows=9 loops=8942)
                                       Index Cond: (movie_id = t.id)
                                       Buffers: shared hit=65083 read=43168
                           ->  Hash  (cost=1.15..1.15 rows=1 width=4) (actual time=0.014..0.015 rows=1 loops=1)
                                 Buckets: 1024  Batches: 1  Memory Usage: 9kB
                                 Buffers: shared hit=1
                                 ->  Seq Scan on role_type rt  (cost=0.00..1.15 rows=1 width=4) (actual time=0.008..0.009 rows=1 loops=1)
                                       Filter: ((role)::text = 'composer'::text)
                                       Rows Removed by Filter: 11
                                       Buffers: shared hit=1
                     ->  Index Scan using name_pkey on name n  (cost=0.43..2.32 rows=1 width=4) (actual time=0.030..0.030 rows=0 loops=2664)
                           Index Cond: (id = ci.person_id)
                           Filter: ((gender)::text = 'f'::text)
                           Rows Removed by Filter: 1
                           Buffers: shared hit=8789 read=1867
 Planning:
   Buffers: shared hit=482 read=92
 Planning Time: 13.629 ms
 Execution Time: 2667.553 ms
(76 rows)

