                                                                                            QUERY PLAN                                                                                            
--------------------------------------------------------------------------------------------------------------------------------------------------------------------------------------------------
 Aggregate  (cost=476701.21..476701.22 rows=1 width=8) (actual time=2339.638..2339.646 rows=1 loops=1)
   Buffers: shared hit=143362 read=82778, temp read=854 written=854
   ->  Nested Loop  (cost=93823.89..476701.16 rows=22 width=0) (actual time=587.316..2339.596 rows=65 loops=1)
         Buffers: shared hit=143362 read=82778, temp read=854 written=854
         ->  Seq Scan on info_type it2  (cost=0.00..2.41 rows=1 width=4) (actual time=0.045..0.053 rows=1 loops=1)
               Filter: (id = 2)
               Rows Removed by Filter: 112
               Buffers: shared hit=1
         ->  Nested Loop  (cost=93823.89..476698.52 rows=22 width=4) (actual time=587.269..2339.512 rows=65 loops=1)
               Buffers: shared hit=143361 read=82778, temp read=854 written=854
               ->  Seq Scan on info_type it1  (cost=0.00..2.41 rows=1 width=4) (actual time=0.013..0.023 rows=1 loops=1)
                     Filter: (id = 3)
                     Rows Removed by Filter: 112
                     Buffers: shared hit=1
               ->  Nested Loop  (cost=93823.89..476695.89 rows=22 width=8) (actual time=587.252..2339.465 rows=65 loops=1)
                     Buffers: shared hit=143360 read=82778, temp read=854 written=854
                     ->  Hash Join  (cost=93823.46..476473.22 rows=96 width=12) (actual time=515.797..2225.123 rows=3869 loops=1)
                           Hash Cond: (ci.role_id = rt.id)
                           Buffers: shared hit=130123 read=80539, temp read=854 written=854
                           ->  Nested Loop  (cost=93822.28..476470.00 rows=573 width=16) (actual time=514.817..2214.394 rows=90806 loops=1)
                                 Buffers: shared hit=130122 read=80539, temp read=854 written=854
                                 ->  Nested Loop  (cost=93821.84..474680.42 rows=40 width=20) (actual time=514.788..1317.449 rows=6184 loops=1)
                                       Buffers: shared hit=55291 read=48026, temp read=854 written=854
                                       ->  Hash Join  (cost=93821.41..437022.00 rows=877 width=12) (actual time=514.748..859.757 rows=5982 loops=1)
                                             Hash Cond: (mi1.movie_id = t.id)
                                             Buffers: shared hit=17009 read=30358, temp read=854 written=854
                                             ->  Bitmap Heap Scan on movie_info mi1  (cost=16453.42..359571.00 rows=19798 width=8) (actual time=42.267..306.049 rows=177497 loops=1)
                                                   Recheck Cond: (info_type_id = 3)
                                                   Filter: ((info)::text = ANY ('{Documentary,Sport}'::text[]))
                                                   Rows Removed by Filter: 1356412
                                                   Heap Blocks: exact=9772
                                                   Buffers: shared hit=4464 read=6511
                                                   ->  Bitmap Index Scan on info_type_id_movie_info  (cost=0.00..16448.47 rows=1538671 width=0) (actual time=41.077..41.078 rows=1533909 loops=1)
                                                         Index Cond: (info_type_id = 3)
                                                         Buffers: shared read=1203
                                             ->  Hash  (cost=75968.48..75968.48 rows=111961 width=4) (actual time=471.632..471.636 rows=260971 loops=1)
                                                   Buckets: 262144 (originally 131072)  Batches: 2 (originally 1)  Memory Usage: 6649kB
                                                   Buffers: shared hit=12545 read=23847, temp written=381
                                                   ->  Hash Join  (cost=1.11..75968.48 rows=111961 width=4) (actual time=0.042..425.853 rows=260971 loops=1)
                                                         Hash Cond: (t.kind_id = kt.id)
                                                         Buffers: shared hit=12545 read=23847
                                                         ->  Seq Scan on title t  (cost=0.00..74315.95 rows=391862 width=8) (actual time=0.024..386.581 rows=386415 loops=1)
                                                               Filter: ((production_year <= 1997) AND (1981 < production_year))
                                                               Rows Removed by Filter: 2141897
                                                               Buffers: shared hit=12544 read=23847
                                                         ->  Hash  (cost=1.09..1.09 rows=2 width=4) (actual time=0.011..0.012 rows=2 loops=1)
                                                               Buckets: 1024  Batches: 1  Memory Usage: 9kB
                                                               Buffers: shared hit=1
                                                               ->  Seq Scan on kind_type kt  (cost=0.00..1.09 rows=2 width=4) (actual time=0.007..0.008 rows=2 loops=1)
                                                                     Filter: ((kind)::text = ANY ('{episode,"tv movie"}'::text[]))
                                                                     Rows Removed by Filter: 5
                                                                     Buffers: shared hit=1
                                       ->  Index Scan using movie_id_movie_info on movie_info mi2  (cost=0.43..42.93 rows=1 width=8) (actual time=0.062..0.076 rows=1 loops=5982)
                                             Index Cond: (movie_id = t.id)
                                             Filter: (((info)::text = ANY ('{"Black and White",Color}'::text[])) AND (info_type_id = 2))
                                             Rows Removed by Filter: 6
                                             Buffers: shared hit=38282 read=17668
                                 ->  Index Scan using movie_id_cast_info on cast_info ci  (cost=0.44..44.36 rows=38 width=12) (actual time=0.029..0.142 rows=15 loops=6184)
                                       Index Cond: (movie_id = t.id)
                                       Buffers: shared hit=74831 read=32513
                           ->  Hash  (cost=1.15..1.15 rows=2 width=4) (actual time=0.021..0.022 rows=2 loops=1)
                                 Buckets: 1024  Batches: 1  Memory Usage: 9kB
                                 Buffers: shared hit=1
                                 ->  Seq Scan on role_type rt  (cost=0.00..1.15 rows=2 width=4) (actual time=0.012..0.015 rows=2 loops=1)
                                       Filter: ((role)::text = ANY ('{cinematographer,"production designer"}'::text[]))
                                       Rows Removed by Filter: 10
                                       Buffers: shared hit=1
                     ->  Index Scan using name_pkey on name n  (cost=0.43..2.32 rows=1 width=4) (actual time=0.029..0.029 rows=0 loops=3869)
                           Index Cond: (id = ci.person_id)
                           Filter: ((gender)::text = 'f'::text)
                           Rows Removed by Filter: 1
                           Buffers: shared hit=13237 read=2239
 Planning:
   Buffers: shared hit=505 read=69
 Planning Time: 14.121 ms
 Execution Time: 2340.305 ms
(76 rows)

