                                                                                            QUERY PLAN                                                                                            
--------------------------------------------------------------------------------------------------------------------------------------------------------------------------------------------------
 Aggregate  (cost=769722.07..769722.08 rows=1 width=8) (actual time=2826.301..2826.308 rows=1 loops=1)
   Buffers: shared hit=156996 read=35032, temp read=5540 written=5540
   ->  Nested Loop  (cost=482432.20..769721.74 rows=132 width=0) (actual time=1422.792..2826.115 rows=885 loops=1)
         Buffers: shared hit=156996 read=35032, temp read=5540 written=5540
         ->  Seq Scan on info_type it2  (cost=0.00..2.41 rows=1 width=4) (actual time=0.045..0.051 rows=1 loops=1)
               Filter: (id = 2)
               Rows Removed by Filter: 112
               Buffers: shared hit=1
         ->  Nested Loop  (cost=482432.20..769718.01 rows=132 width=4) (actual time=1422.746..2825.923 rows=885 loops=1)
               Buffers: shared hit=156995 read=35032, temp read=5540 written=5540
               ->  Seq Scan on info_type it1  (cost=0.00..2.41 rows=1 width=4) (actual time=0.009..0.016 rows=1 loops=1)
                     Filter: (id = 3)
                     Rows Removed by Filter: 112
                     Buffers: shared hit=1
               ->  Nested Loop  (cost=482432.20..769714.28 rows=132 width=8) (actual time=1422.735..2825.744 rows=885 loops=1)
                     Join Filter: (t.id = mi2.movie_id)
                     Buffers: shared hit=156994 read=35032, temp read=5540 written=5540
                     ->  Nested Loop  (cost=482431.76..646979.96 rows=2917 width=16) (actual time=1422.663..2738.686 rows=852 loops=1)
                           Buffers: shared hit=151724 read=31350, temp read=5540 written=5540
                           ->  Hash Join  (cost=482431.33..617846.79 rows=12560 width=20) (actual time=1422.620..1865.498 rows=32348 loops=1)
                                 Hash Cond: (ci.movie_id = t.id)
                                 Buffers: shared hit=31822 read=21860, temp read=5540 written=5540
                                 ->  Nested Loop  (cost=0.44..123965.00 rows=3020080 width=8) (actual time=0.162..306.708 rows=898389 loops=1)
                                       Buffers: shared hit=1178 read=5137
                                       ->  Seq Scan on role_type rt  (cost=0.00..1.15 rows=1 width=4) (actual time=0.009..0.012 rows=1 loops=1)
                                             Filter: ((role)::text = 'cinematographer'::text)
                                             Rows Removed by Filter: 11
                                             Buffers: shared hit=1
                                       ->  Index Scan using role_id_cast_info on cast_info ci  (cost=0.44..91017.52 rows=3294633 width=12) (actual time=0.150..203.913 rows=898389 loops=1)
                                             Index Cond: (role_id = rt.id)
                                             Buffers: shared hit=1177 read=5137
                                 ->  Hash  (cost=482299.46..482299.46 rows=10515 width=12) (actual time=1422.241..1422.245 rows=49206 loops=1)
                                       Buckets: 65536 (originally 16384)  Batches: 1 (originally 1)  Memory Usage: 2627kB
                                       Buffers: shared hit=30644 read=16723, temp read=5540 written=5540
                                       ->  Hash Join  (cost=106293.40..482299.46 rows=10515 width=12) (actual time=983.982..1413.541 rows=49206 loops=1)
                                             Hash Cond: (mi1.movie_id = t.id)
                                             Buffers: shared hit=30644 read=16723, temp read=5540 written=5540
                                             ->  Bitmap Heap Scan on movie_info mi1  (cost=16461.84..389798.52 rows=53392 width=8) (actual time=40.157..262.309 rows=500478 loops=1)
                                                   Recheck Cond: (info_type_id = 3)
                                                   Filter: ((info)::text = ANY ('{Comedy,Documentary,Fantasy,History,Horror,Music,Mystery,Sci-Fi,War}'::text[]))
                                                   Rows Removed by Filter: 1033431
                                                   Heap Blocks: exact=9772
                                                   Buffers: shared hit=10975
                                                   ->  Bitmap Index Scan on info_type_id_movie_info  (cost=0.00..16448.47 rows=1538671 width=0) (actual time=38.969..38.969 rows=1533909 loops=1)
                                                         Index Cond: (info_type_id = 3)
                                                         Buffers: shared hit=1203
                                             ->  Hash  (cost=81661.48..81661.48 rows=497927 width=4) (actual time=942.425..942.427 rows=1275301 loops=1)
                                                   Buckets: 262144 (originally 262144)  Batches: 8 (originally 4)  Memory Usage: 7664kB
                                                   Buffers: shared hit=19669 read=16723, temp written=3265
                                                   ->  Hash Join  (cost=1.11..81661.48 rows=497927 width=4) (actual time=0.049..737.362 rows=1275301 loops=1)
                                                         Hash Cond: (t.kind_id = kt.id)
                                                         Buffers: shared hit=19669 read=16723
                                                         ->  Seq Scan on title t  (cost=0.00..74315.95 rows=1742744 width=8) (actual time=0.027..512.444 rows=1748995 loops=1)
                                                               Filter: ((production_year <= 2015) AND (1990 < production_year))
                                                               Rows Removed by Filter: 779317
                                                               Buffers: shared hit=19668 read=16723
                                                         ->  Hash  (cost=1.09..1.09 rows=2 width=4) (actual time=0.013..0.014 rows=2 loops=1)
                                                               Buckets: 1024  Batches: 1  Memory Usage: 9kB
                                                               Buffers: shared hit=1
                                                               ->  Seq Scan on kind_type kt  (cost=0.00..1.09 rows=2 width=4) (actual time=0.008..0.009 rows=2 loops=1)
                                                                     Filter: ((kind)::text = ANY ('{episode,"video movie"}'::text[]))
                                                                     Rows Removed by Filter: 5
                                                                     Buffers: shared hit=1
                           ->  Index Scan using name_pkey on name n  (cost=0.43..2.32 rows=1 width=4) (actual time=0.027..0.027 rows=0 loops=32348)
                                 Index Cond: (id = ci.person_id)
                                 Filter: ((gender)::text = 'f'::text)
                                 Rows Removed by Filter: 1
                                 Buffers: shared hit=119902 read=9490
                     ->  Index Scan using movie_id_movie_info on movie_info mi2  (cost=0.43..42.06 rows=1 width=8) (actual time=0.087..0.102 rows=1 loops=852)
                           Index Cond: (movie_id = ci.movie_id)
                           Filter: (((info)::text = ANY ('{"Black and White",Color}'::text[])) AND (info_type_id = 2))
                           Rows Removed by Filter: 10
                           Buffers: shared hit=5270 read=3682
 Planning:
   Buffers: shared hit=576 read=1
 Planning Time: 13.534 ms
 Execution Time: 2826.968 ms
(77 rows)

