                                                                                               QUERY PLAN                                                                                               
--------------------------------------------------------------------------------------------------------------------------------------------------------------------------------------------------------
 Aggregate  (cost=497517.00..497517.01 rows=1 width=8) (actual time=4803.551..4803.560 rows=1 loops=1)
   Buffers: shared hit=459169 read=17175
   ->  Nested Loop  (cost=16455.44..497516.99 rows=5 width=0) (actual time=54.255..4803.537 rows=38 loops=1)
         Buffers: shared hit=459169 read=17175
         ->  Seq Scan on info_type it2  (cost=0.00..2.41 rows=1 width=4) (actual time=0.039..0.049 rows=1 loops=1)
               Filter: (id = 2)
               Rows Removed by Filter: 112
               Buffers: shared hit=1
         ->  Nested Loop  (cost=16455.44..497514.53 rows=5 width=4) (actual time=54.215..4803.477 rows=38 loops=1)
               Buffers: shared hit=459168 read=17175
               ->  Seq Scan on info_type it1  (cost=0.00..2.41 rows=1 width=4) (actual time=0.007..0.019 rows=1 loops=1)
                     Filter: (id = 3)
                     Rows Removed by Filter: 112
                     Buffers: shared hit=1
               ->  Nested Loop  (cost=16455.44..497512.06 rows=5 width=8) (actual time=54.206..4803.446 rows=38 loops=1)
                     Buffers: shared hit=459167 read=17175
                     ->  Hash Join  (cost=16455.01..497458.71 rows=23 width=12) (actual time=39.426..4771.506 rows=794 loops=1)
                           Hash Cond: (ci.role_id = rt.id)
                           Buffers: shared hit=456933 read=16233
                           ->  Nested Loop  (cost=16453.85..497456.58 rows=272 width=16) (actual time=39.375..4769.836 rows=10881 loops=1)
                                 Buffers: shared hit=456932 read=16233
                                 ->  Nested Loop  (cost=16453.41..496586.00 rows=19 width=20) (actual time=39.343..4611.936 rows=1214 loops=1)
                                       Buffers: shared hit=450353 read=8743
                                       ->  Hash Join  (cost=16452.98..478025.77 rows=425 width=12) (actual time=39.260..4489.255 rows=1178 loops=1)
                                             Hash Cond: (t.kind_id = kt.id)
                                             Buffers: shared hit=440589 read=5607
                                             ->  Nested Loop  (cost=16451.84..478020.45 rows=992 width=16) (actual time=39.229..4486.750 rows=9095 loops=1)
                                                   Buffers: shared hit=440588 read=5607
                                                   ->  Bitmap Heap Scan on movie_info mi1  (cost=16451.40..404897.64 rows=11745 width=8) (actual time=39.051..726.274 rows=117920 loops=1)
                                                         Recheck Cond: (info_type_id = 3)
                                                         Filter: ((info)::text = ANY ('{Horror,Music,Musical,Mystery,Sci-Fi}'::text[]))
                                                         Rows Removed by Filter: 1415989
                                                         Heap Blocks: exact=9772
                                                         Buffers: shared hit=10975
                                                         ->  Bitmap Index Scan on info_type_id_movie_info  (cost=0.00..16448.47 rows=1538671 width=0) (actual time=37.862..37.862 rows=1533909 loops=1)
                                                               Index Cond: (info_type_id = 3)
                                                               Buffers: shared hit=1203
                                                   ->  Memoize  (cost=0.44..6.31 rows=1 width=8) (actual time=0.032..0.032 rows=0 loops=117920)
                                                         Cache Key: mi1.movie_id
                                                         Cache Mode: logical
                                                         Hits: 9115  Misses: 108805  Evictions: 0  Overflows: 0  Memory Usage: 7555kB
                                                         Buffers: shared hit=429613 read=5607
                                                         ->  Index Scan using title_pkey on title t  (cost=0.43..6.30 rows=1 width=8) (actual time=0.033..0.033 rows=0 loops=108805)
                                                               Index Cond: (id = mi1.movie_id)
                                                               Filter: ((production_year <= 1970) AND (1950 < production_year))
                                                               Rows Removed by Filter: 1
                                                               Buffers: shared hit=429613 read=5607
                                             ->  Hash  (cost=1.10..1.10 rows=3 width=4) (actual time=0.013..0.014 rows=3 loops=1)
                                                   Buckets: 1024  Batches: 1  Memory Usage: 9kB
                                                   Buffers: shared hit=1
                                                   ->  Seq Scan on kind_type kt  (cost=0.00..1.10 rows=3 width=4) (actual time=0.007..0.009 rows=3 loops=1)
                                                         Filter: ((kind)::text = ANY ('{"tv series","video game","video movie"}'::text[]))
                                                         Rows Removed by Filter: 4
                                                         Buffers: shared hit=1
                                       ->  Index Scan using movie_id_movie_info on movie_info mi2  (cost=0.43..43.66 rows=1 width=8) (actual time=0.082..0.103 rows=1 loops=1178)
                                             Index Cond: (movie_id = t.id)
                                             Filter: (((info)::text = ANY ('{"Black and White",Color}'::text[])) AND (info_type_id = 2))
                                             Rows Removed by Filter: 18
                                             Buffers: shared hit=9764 read=3136
                                 ->  Index Scan using movie_id_cast_info on cast_info ci  (cost=0.44..45.44 rows=38 width=12) (actual time=0.040..0.128 rows=9 loops=1214)
                                       Index Cond: (movie_id = t.id)
                                       Buffers: shared hit=6579 read=7490
                           ->  Hash  (cost=1.15..1.15 rows=1 width=4) (actual time=0.013..0.014 rows=1 loops=1)
                                 Buckets: 1024  Batches: 1  Memory Usage: 9kB
                                 Buffers: shared hit=1
                                 ->  Seq Scan on role_type rt  (cost=0.00..1.15 rows=1 width=4) (actual time=0.008..0.008 rows=1 loops=1)
                                       Filter: ((role)::text = 'director'::text)
                                       Rows Removed by Filter: 11
                                       Buffers: shared hit=1
                     ->  Index Scan using name_pkey on name n  (cost=0.43..2.32 rows=1 width=4) (actual time=0.040..0.040 rows=0 loops=794)
                           Index Cond: (id = ci.person_id)
                           Filter: ((gender)::text = 'f'::text)
                           Rows Removed by Filter: 1
                           Buffers: shared hit=2234 read=942
 Planning:
   Buffers: shared hit=529 read=45
 Planning Time: 12.540 ms
 Execution Time: 4806.015 ms
(78 rows)

