                                                                                               QUERY PLAN                                                                                               
--------------------------------------------------------------------------------------------------------------------------------------------------------------------------------------------------------
 Aggregate  (cost=517876.26..517876.27 rows=1 width=8) (actual time=26464.398..26464.405 rows=1 loops=1)
   Buffers: shared hit=2243660 read=516318
   ->  Nested Loop  (cost=16455.11..517876.03 rows=95 width=0) (actual time=43.969..26427.655 rows=256114 loops=1)
         Buffers: shared hit=2243660 read=516318
         ->  Hash Join  (cost=16454.68..517537.38 rows=146 width=4) (actual time=43.934..16027.797 rows=302244 loops=1)
               Hash Cond: (ci.role_id = rt.id)
               Buffers: shared hit=1113261 read=437741
               ->  Nested Loop  (cost=16453.51..517533.09 rows=874 width=8) (actual time=43.872..15841.049 rows=731409 loops=1)
                     Buffers: shared hit=1113260 read=437741
                     ->  Nested Loop  (cost=16453.07..514851.63 rows=61 width=12) (actual time=43.840..7374.240 rows=29363 loops=1)
                           Buffers: shared hit=649761 read=110507
                           ->  Seq Scan on info_type it2  (cost=0.00..2.41 rows=1 width=4) (actual time=0.033..0.043 rows=1 loops=1)
                                 Filter: (id = 2)
                                 Rows Removed by Filter: 112
                                 Buffers: shared hit=1
                           ->  Nested Loop  (cost=16453.07..514848.61 rows=61 width=16) (actual time=43.806..7367.133 rows=29363 loops=1)
                                 Buffers: shared hit=649760 read=110507
                                 ->  Seq Scan on info_type it1  (cost=0.00..2.41 rows=1 width=4) (actual time=0.013..0.024 rows=1 loops=1)
                                       Filter: (id = 3)
                                       Rows Removed by Filter: 112
                                       Buffers: shared hit=1
                                 ->  Nested Loop  (cost=16453.07..514845.59 rows=61 width=20) (actual time=43.790..7359.562 rows=29363 loops=1)
                                       Buffers: shared hit=649759 read=110507
                                       ->  Hash Join  (cost=16452.63..441304.14 rows=1734 width=12) (actual time=43.669..3960.476 rows=30468 loops=1)
                                             Hash Cond: (t.kind_id = kt.id)
                                             Buffers: shared hit=362946 read=36214
                                             ->  Nested Loop  (cost=16451.50..441285.96 rows=4045 width=16) (actual time=42.663..3943.426 rows=36952 loops=1)
                                                   Buffers: shared hit=362945 read=36214
                                                   ->  Bitmap Heap Scan on movie_info mi1  (cost=16451.06..374678.19 rows=10360 width=8) (actual time=42.547..595.820 rows=105014 loops=1)
                                                         Recheck Cond: (info_type_id = 3)
                                                         Filter: ((info)::text = ANY ('{Animation,Mystery,Thriller}'::text[]))
                                                         Rows Removed by Filter: 1428895
                                                         Heap Blocks: exact=9772
                                                         Buffers: shared hit=1050 read=9925
                                                         ->  Bitmap Index Scan on info_type_id_movie_info  (cost=0.00..16448.47 rows=1538671 width=0) (actual time=41.355..41.355 rows=1533909 loops=1)
                                                               Index Cond: (info_type_id = 3)
                                                               Buffers: shared read=1203
                                                   ->  Memoize  (cost=0.44..6.50 rows=1 width=8) (actual time=0.031..0.031 rows=0 loops=105014)
                                                         Cache Key: mi1.movie_id
                                                         Cache Mode: logical
                                                         Hits: 7968  Misses: 97046  Evictions: 0  Overflows: 0  Memory Usage: 7762kB
                                                         Buffers: shared hit=361895 read=26289
                                                         ->  Index Scan using title_pkey on title t  (cost=0.43..6.49 rows=1 width=8) (actual time=0.033..0.033 rows=0 loops=97046)
                                                               Index Cond: (id = mi1.movie_id)
                                                               Filter: ((production_year <= 2010) AND (2000 < production_year))
                                                               Rows Removed by Filter: 1
                                                               Buffers: shared hit=361895 read=26289
                                             ->  Hash  (cost=1.10..1.10 rows=3 width=4) (actual time=0.024..0.024 rows=3 loops=1)
                                                   Buckets: 1024  Batches: 1  Memory Usage: 9kB
                                                   Buffers: shared hit=1
                                                   ->  Seq Scan on kind_type kt  (cost=0.00..1.10 rows=3 width=4) (actual time=0.009..0.011 rows=3 loops=1)
                                                         Filter: ((kind)::text = ANY ('{episode,movie,"video movie"}'::text[]))
                                                         Rows Removed by Filter: 4
                                                         Buffers: shared hit=1
                                       ->  Index Scan using movie_id_movie_info on movie_info mi2  (cost=0.43..42.40 rows=1 width=8) (actual time=0.095..0.111 rows=1 loops=30468)
                                             Index Cond: (movie_id = t.id)
                                             Filter: ((info_type_id = 2) AND ((info)::text = 'Color'::text))
                                             Rows Removed by Filter: 21
                                             Buffers: shared hit=286813 read=74293
                     ->  Index Scan using movie_id_cast_info on cast_info ci  (cost=0.44..43.58 rows=38 width=12) (actual time=0.037..0.281 rows=25 loops=29363)
                           Index Cond: (movie_id = t.id)
                           Buffers: shared hit=463499 read=327234
               ->  Hash  (cost=1.15..1.15 rows=2 width=4) (actual time=0.038..0.038 rows=2 loops=1)
                     Buckets: 1024  Batches: 1  Memory Usage: 9kB
                     Buffers: shared hit=1
                     ->  Seq Scan on role_type rt  (cost=0.00..1.15 rows=2 width=4) (actual time=0.027..0.031 rows=2 loops=1)
                           Filter: ((role)::text = ANY ('{actor,producer}'::text[]))
                           Rows Removed by Filter: 10
                           Buffers: shared hit=1
         ->  Index Scan using name_pkey on name n  (cost=0.43..2.32 rows=1 width=4) (actual time=0.034..0.034 rows=1 loops=302244)
               Index Cond: (id = ci.person_id)
               Filter: ((gender)::text = ANY ('{f,m}'::text[]))
               Rows Removed by Filter: 0
               Buffers: shared hit=1130399 read=78577
 Planning:
   Buffers: shared hit=503 read=71
 Planning Time: 13.935 ms
 Execution Time: 26466.668 ms
(78 rows)

