                                                                                            QUERY PLAN                                                                                            
--------------------------------------------------------------------------------------------------------------------------------------------------------------------------------------------------
 Aggregate  (cost=622649.95..622649.96 rows=1 width=8) (actual time=24735.044..24735.054 rows=1 loops=1)
   Buffers: shared hit=2160627 read=404326, temp read=3512 written=3512
   ->  Nested Loop  (cost=90249.55..622649.84 rows=44 width=0) (actual time=4170.101..24734.960 rows=76 loops=1)
         Buffers: shared hit=2160627 read=404326, temp read=3512 written=3512
         ->  Seq Scan on info_type it2  (cost=0.00..2.41 rows=1 width=4) (actual time=0.046..0.056 rows=1 loops=1)
               Filter: (id = 2)
               Rows Removed by Filter: 112
               Buffers: shared hit=1
         ->  Nested Loop  (cost=90249.55..622646.99 rows=44 width=4) (actual time=4170.053..24734.855 rows=76 loops=1)
               Buffers: shared hit=2160626 read=404326, temp read=3512 written=3512
               ->  Seq Scan on info_type it1  (cost=0.00..2.41 rows=1 width=4) (actual time=0.013..0.025 rows=1 loops=1)
                     Filter: (id = 3)
                     Rows Removed by Filter: 112
                     Buffers: shared hit=1
               ->  Nested Loop  (cost=90249.55..622644.14 rows=44 width=8) (actual time=4170.037..24734.781 rows=76 loops=1)
                     Buffers: shared hit=2160625 read=404326, temp read=3512 written=3512
                     ->  Hash Join  (cost=90249.12..622205.75 rows=189 width=12) (actual time=628.229..24376.793 rows=10171 loops=1)
                           Hash Cond: (ci.role_id = rt.id)
                           Buffers: shared hit=2122790 read=401477, temp read=3512 written=3512
                           ->  Nested Loop  (cost=90247.96..622196.54 rows=2265 width=16) (actual time=474.836..24219.008 rows=961764 loops=1)
                                 Buffers: shared hit=2122789 read=401477, temp read=3512 written=3512
                                 ->  Nested Loop  (cost=90247.52..614956.98 rows=158 width=20) (actual time=474.800..13891.954 rows=59957 loops=1)
                                       Buffers: shared hit=1190630 read=210875, temp read=3512 written=3512
                                       ->  Hash Join  (cost=90247.08..433097.58 rows=4140 width=12) (actual time=473.813..1821.943 rows=129491 loops=1)
                                             Hash Cond: (mi2.movie_id = t.id)
                                             Buffers: shared hit=5308 read=48627, temp read=3512 written=3512
                                             ->  Bitmap Heap Scan on movie_info mi2  (cost=13885.07..356265.51 rows=114308 width=8) (actual time=38.161..628.720 rows=1288928 loops=1)
                                                   Recheck Cond: (info_type_id = 2)
                                                   Filter: ((info)::text = ANY ('{"Black and White",Color}'::text[]))
                                                   Heap Blocks: exact=16526
                                                   Buffers: shared hit=892 read=16651
                                                   ->  Bitmap Index Scan on info_type_id_movie_info  (cost=0.00..13856.49 rows=1296008 width=0) (actual time=35.965..35.965 rows=1288928 loops=1)
                                                         Index Cond: (info_type_id = 2)
                                                         Buffers: shared read=1017
                                             ->  Hash  (cost=75217.46..75217.46 rows=91564 width=4) (actual time=432.756..432.760 rows=204688 loops=1)
                                                   Buckets: 262144 (originally 131072)  Batches: 2 (originally 1)  Memory Usage: 6145kB
                                                   Buffers: shared hit=4416 read=31976, temp written=299
                                                   ->  Hash Join  (cost=1.13..75217.46 rows=91564 width=4) (actual time=0.048..392.477 rows=204688 loops=1)
                                                         Hash Cond: (t.kind_id = kt.id)
                                                         Buffers: shared hit=4416 read=31976
                                                         ->  Seq Scan on title t  (cost=0.00..74315.95 rows=213650 width=8) (actual time=0.024..366.096 rows=212483 loops=1)
                                                               Filter: ((production_year <= 1970) AND (1950 < production_year))
                                                               Rows Removed by Filter: 2315829
                                                               Buffers: shared hit=4415 read=31976
                                                         ->  Hash  (cost=1.10..1.10 rows=3 width=4) (actual time=0.011..0.012 rows=3 loops=1)
                                                               Buckets: 1024  Batches: 1  Memory Usage: 9kB
                                                               Buffers: shared hit=1
                                                               ->  Seq Scan on kind_type kt  (cost=0.00..1.10 rows=3 width=4) (actual time=0.006..0.008 rows=3 loops=1)
                                                                     Filter: ((kind)::text = ANY ('{episode,movie,"tv movie"}'::text[]))
                                                                     Rows Removed by Filter: 4
                                                                     Buffers: shared hit=1
                                       ->  Index Scan using movie_id_movie_info on movie_info mi1  (cost=0.43..43.92 rows=1 width=8) (actual time=0.092..0.093 rows=0 loops=129491)
                                             Index Cond: (movie_id = t.id)
                                             Filter: ((info_type_id = 3) AND ((info)::text = ANY ('{Action,Adventure,Animation,Documentary,Drama,Romance,Short}'::text[])))
                                             Rows Removed by Filter: 11
                                             Buffers: shared hit=1185322 read=162248
                                 ->  Index Scan using movie_id_cast_info on cast_info ci  (cost=0.44..45.44 rows=38 width=12) (actual time=0.035..0.168 rows=16 loops=59957)
                                       Index Cond: (movie_id = t.id)
                                       Buffers: shared hit=932159 read=190602
                           ->  Hash  (cost=1.15..1.15 rows=1 width=4) (actual time=0.020..0.021 rows=1 loops=1)
                                 Buckets: 1024  Batches: 1  Memory Usage: 9kB
                                 Buffers: shared hit=1
                                 ->  Seq Scan on role_type rt  (cost=0.00..1.15 rows=1 width=4) (actual time=0.010..0.011 rows=1 loops=1)
                                       Filter: ((role)::text = 'production designer'::text)
                                       Rows Removed by Filter: 11
                                       Buffers: shared hit=1
                     ->  Index Scan using name_pkey on name n  (cost=0.43..2.32 rows=1 width=4) (actual time=0.035..0.035 rows=0 loops=10171)
                           Index Cond: (id = ci.person_id)
                           Filter: ((gender)::text = 'f'::text)
                           Rows Removed by Filter: 1
                           Buffers: shared hit=37835 read=2849
 Planning:
   Buffers: shared hit=504 read=70
 Planning Time: 14.101 ms
 Execution Time: 24735.768 ms
(75 rows)

