                                                                                            QUERY PLAN                                                                                            
--------------------------------------------------------------------------------------------------------------------------------------------------------------------------------------------------
 Aggregate  (cost=523829.19..523829.20 rows=1 width=8) (actual time=2484.953..2484.965 rows=1 loops=1)
   Buffers: shared hit=152791 read=95557
   ->  Nested Loop  (cost=93824.17..523829.06 rows=51 width=0) (actual time=444.696..2484.276 rows=4743 loops=1)
         Buffers: shared hit=152791 read=95557
         ->  Hash Join  (cost=93823.74..523645.82 rows=79 width=4) (actual time=444.663..1856.822 rows=21313 loops=1)
               Hash Cond: (ci.role_id = rt.id)
               Buffers: shared hit=79666 read=83430
               ->  Nested Loop  (cost=93822.56..523642.97 rows=473 width=8) (actual time=444.566..1846.883 rows=60372 loops=1)
                     Buffers: shared hit=79665 read=83430
                     ->  Nested Loop  (cost=93822.12..522166.57 rows=33 width=12) (actual time=444.531..1223.704 rows=4107 loops=1)
                           Buffers: shared hit=37297 read=56799
                           ->  Seq Scan on info_type it2  (cost=0.00..2.41 rows=1 width=4) (actual time=0.023..0.028 rows=1 loops=1)
                                 Filter: (id = 2)
                                 Rows Removed by Filter: 112
                                 Buffers: shared hit=1
                           ->  Nested Loop  (cost=93822.12..522163.82 rows=33 width=16) (actual time=444.508..1223.008 rows=4107 loops=1)
                                 Buffers: shared hit=37296 read=56799
                                 ->  Seq Scan on info_type it1  (cost=0.00..2.41 rows=1 width=4) (actual time=0.007..0.014 rows=1 loops=1)
                                       Filter: (id = 3)
                                       Rows Removed by Filter: 112
                                       Buffers: shared hit=1
                                 ->  Nested Loop  (cost=93822.12..522161.08 rows=33 width=20) (actual time=444.498..1222.344 rows=4107 loops=1)
                                       Buffers: shared hit=37295 read=56799
                                       ->  Hash Join  (cost=93821.69..482355.66 rows=927 width=12) (actual time=444.375..860.928 rows=4247 loops=1)
                                             Hash Cond: (mi1.movie_id = t.id)
                                             Buffers: shared hit=6330 read=41037
                                             ->  Bitmap Heap Scan on movie_info mi1  (cost=16453.70..404899.93 rows=20926 width=8) (actual time=40.047..426.185 rows=186191 loops=1)
                                                   Recheck Cond: (info_type_id = 3)
                                                   Filter: ((info)::text = ANY ('{Adult,Adventure,Crime,Sci-Fi,Thriller}'::text[]))
                                                   Rows Removed by Filter: 1347718
                                                   Heap Blocks: exact=9772
                                                   Buffers: shared hit=604 read=10371
                                                   ->  Bitmap Index Scan on info_type_id_movie_info  (cost=0.00..16448.47 rows=1538671 width=0) (actual time=38.848..38.848 rows=1533909 loops=1)
                                                         Index Cond: (info_type_id = 3)
                                                         Buffers: shared read=1203
                                             ->  Hash  (cost=75968.48..75968.48 rows=111961 width=4) (actual time=403.629..403.637 rows=23692 loops=1)
                                                   Buckets: 131072  Batches: 1  Memory Usage: 1857kB
                                                   Buffers: shared hit=5726 read=30666
                                                   ->  Hash Join  (cost=1.11..75968.48 rows=111961 width=4) (actual time=0.054..398.180 rows=23692 loops=1)
                                                         Hash Cond: (t.kind_id = kt.id)
                                                         Buffers: shared hit=5726 read=30666
                                                         ->  Seq Scan on title t  (cost=0.00..74315.95 rows=391862 width=8) (actual time=0.023..374.774 rows=386415 loops=1)
                                                               Filter: ((production_year <= 1997) AND (1981 < production_year))
                                                               Rows Removed by Filter: 2141897
                                                               Buffers: shared hit=5725 read=30666
                                                         ->  Hash  (cost=1.09..1.09 rows=2 width=4) (actual time=0.011..0.017 rows=2 loops=1)
                                                               Buckets: 1024  Batches: 1  Memory Usage: 9kB
                                                               Buffers: shared hit=1
                                                               ->  Seq Scan on kind_type kt  (cost=0.00..1.09 rows=2 width=4) (actual time=0.007..0.008 rows=2 loops=1)
                                                                     Filter: ((kind)::text = ANY ('{"tv series","video game"}'::text[]))
                                                                     Rows Removed by Filter: 5
                                                                     Buffers: shared hit=1
                                       ->  Index Scan using movie_id_movie_info on movie_info mi2  (cost=0.43..42.93 rows=1 width=8) (actual time=0.069..0.085 rows=1 loops=4247)
                                             Index Cond: (movie_id = t.id)
                                             Filter: ((info_type_id = 2) AND ((info)::text = 'Color'::text))
                                             Rows Removed by Filter: 19
                                             Buffers: shared hit=30965 read=15762
                     ->  Index Scan using movie_id_cast_info on cast_info ci  (cost=0.44..44.36 rows=38 width=12) (actual time=0.027..0.149 rows=15 loops=4107)
                           Index Cond: (movie_id = t.id)
                           Buffers: shared hit=42368 read=26631
               ->  Hash  (cost=1.15..1.15 rows=2 width=4) (actual time=0.028..0.028 rows=2 loops=1)
                     Buckets: 1024  Batches: 1  Memory Usage: 9kB
                     Buffers: shared hit=1
                     ->  Seq Scan on role_type rt  (cost=0.00..1.15 rows=2 width=4) (actual time=0.021..0.023 rows=2 loops=1)
                           Filter: ((role)::text = ANY ('{"miscellaneous crew",producer}'::text[]))
                           Rows Removed by Filter: 10
                           Buffers: shared hit=1
         ->  Index Scan using name_pkey on name n  (cost=0.43..2.32 rows=1 width=4) (actual time=0.029..0.029 rows=0 loops=21313)
               Index Cond: (id = ci.person_id)
               Filter: ((gender)::text = ANY ('{f,m}'::text[]))
               Rows Removed by Filter: 1
               Buffers: shared hit=73125 read=12127
 Planning:
   Buffers: shared hit=484 read=90
 Planning Time: 10.182 ms
 Execution Time: 2485.549 ms
(76 rows)

