                                                                                                                    QUERY PLAN                                                                                                                    
--------------------------------------------------------------------------------------------------------------------------------------------------------------------------------------------------------------------------------------------------
 Aggregate  (cost=519351.87..519351.88 rows=1 width=8) (actual time=5165.193..5165.199 rows=1 loops=1)
   Buffers: shared hit=435915 read=100374
   ->  Nested Loop  (cost=4697.53..519351.85 rows=7 width=0) (actual time=20.599..5161.506 rows=25241 loops=1)
         Buffers: shared hit=435915 read=100374
         ->  Hash Join  (cost=4697.10..519328.66 rows=10 width=4) (actual time=20.555..4255.674 rows=26546 loops=1)
               Hash Cond: (ci.role_id = rt.id)
               Buffers: shared hit=340533 read=89572
               ->  Nested Loop  (cost=4695.92..519327.28 rows=57 width=8) (actual time=20.458..4228.712 rows=144466 loops=1)
                     Buffers: shared hit=340532 read=89572
                     ->  Nested Loop  (cost=4695.48..519152.64 rows=4 width=12) (actual time=20.419..2779.699 rows=3622 loops=1)
                           Buffers: shared hit=224671 read=54503
                           ->  Seq Scan on info_type it2  (cost=0.00..2.41 rows=1 width=4) (actual time=0.026..0.034 rows=1 loops=1)
                                 Filter: (id = 5)
                                 Rows Removed by Filter: 112
                                 Buffers: shared hit=1
                           ->  Nested Loop  (cost=4695.48..519150.19 rows=4 width=16) (actual time=20.392..2778.838 rows=3622 loops=1)
                                 Buffers: shared hit=224670 read=54503
                                 ->  Seq Scan on info_type it1  (cost=0.00..2.41 rows=1 width=4) (actual time=0.005..0.015 rows=1 loops=1)
                                       Filter: (id = 3)
                                       Rows Removed by Filter: 112
                                       Buffers: shared hit=1
                                 ->  Nested Loop  (cost=4695.48..519147.74 rows=4 width=20) (actual time=20.383..2777.910 rows=3622 loops=1)
                                       Buffers: shared hit=224669 read=54503
                                       ->  Hash Join  (cost=4695.05..511419.01 rows=182 width=12) (actual time=19.633..2285.014 rows=3047 loops=1)
                                             Hash Cond: (t.kind_id = kt.id)
                                             Buffers: shared hit=202047 read=32982
                                             ->  Nested Loop  (cost=4693.91..511416.08 rows=425 width=16) (actual time=19.592..2273.542 rows=53336 loops=1)
                                                   Buffers: shared hit=202046 read=32982
                                                   ->  Bitmap Heap Scan on movie_info mi2  (cost=4693.48..507613.74 rows=456 width=8) (actual time=19.550..547.720 rows=53864 loops=1)
                                                         Recheck Cond: (info_type_id = 5)
                                                         Filter: ((info)::text = ANY ('{Canada:G,France:U,Iceland:16,Italy:T,"New Zealand:R16",Norway:16,Norway:18,Spain:13,Switzerland:14,USA:Approved,USA:PG,USA:Passed,USA:Unrated}'::text[]))
                                                         Rows Removed by Filter: 432690
                                                         Heap Blocks: exact=19164
                                                         Buffers: shared hit=1291 read=18281
                                                         ->  Bitmap Index Scan on info_type_id_movie_info  (cost=0.00..4693.37 rows=439058 width=0) (actual time=16.622..16.622 rows=486554 loops=1)
                                                               Index Cond: (info_type_id = 5)
                                                               Buffers: shared read=408
                                                   ->  Index Scan using title_pkey on title t  (cost=0.43..8.34 rows=1 width=8) (actual time=0.031..0.031 rows=1 loops=53864)
                                                         Index Cond: (id = mi2.movie_id)
                                                         Filter: ((production_year <= 2015) AND (1925 < production_year))
                                                         Rows Removed by Filter: 0
                                                         Buffers: shared hit=200755 read=14701
                                             ->  Hash  (cost=1.10..1.10 rows=3 width=4) (actual time=0.015..0.016 rows=3 loops=1)
                                                   Buckets: 1024  Batches: 1  Memory Usage: 9kB
                                                   Buffers: shared hit=1
                                                   ->  Seq Scan on kind_type kt  (cost=0.00..1.10 rows=3 width=4) (actual time=0.006..0.007 rows=3 loops=1)
                                                         Filter: ((kind)::text = ANY ('{"tv movie","tv series","video game"}'::text[]))
                                                         Rows Removed by Filter: 4
                                                         Buffers: shared hit=1
                                       ->  Index Scan using movie_id_movie_info on movie_info mi1  (cost=0.43..42.46 rows=1 width=8) (actual time=0.159..0.161 rows=1 loops=3047)
                                             Index Cond: (movie_id = t.id)
                                             Filter: ((info_type_id = 3) AND ((info)::text = ANY ('{Action,Comedy,Crime,Drama,Family,Musical,Thriller}'::text[])))
                                             Rows Removed by Filter: 28
                                             Buffers: shared hit=22622 read=21521
                     ->  Index Scan using movie_id_cast_info on cast_info ci  (cost=0.44..43.28 rows=38 width=12) (actual time=0.032..0.391 rows=40 loops=3622)
                           Index Cond: (movie_id = t.id)
                           Buffers: shared hit=115861 read=35069
               ->  Hash  (cost=1.15..1.15 rows=2 width=4) (actual time=0.029..0.029 rows=2 loops=1)
                     Buckets: 1024  Batches: 1  Memory Usage: 9kB
                     Buffers: shared hit=1
                     ->  Seq Scan on role_type rt  (cost=0.00..1.15 rows=2 width=4) (actual time=0.022..0.024 rows=2 loops=1)
                           Filter: ((role)::text = ANY ('{actress,composer}'::text[]))
                           Rows Removed by Filter: 10
                           Buffers: shared hit=1
         ->  Index Scan using name_pkey on name n  (cost=0.43..2.32 rows=1 width=4) (actual time=0.034..0.034 rows=1 loops=26546)
               Index Cond: (id = ci.person_id)
               Filter: ((gender)::text = ANY ('{f,m}'::text[]))
               Rows Removed by Filter: 0
               Buffers: shared hit=95382 read=10802
 Planning:
   Buffers: shared hit=483 read=91
 Planning Time: 13.225 ms
 Execution Time: 5165.875 ms
(73 rows)

