                                                                                             QUERY PLAN                                                                                              
-----------------------------------------------------------------------------------------------------------------------------------------------------------------------------------------------------
 Aggregate  (cost=390298.61..390298.62 rows=1 width=8) (actual time=18270.294..18270.301 rows=1 loops=1)
   Buffers: shared hit=1594025 read=301416
   ->  Nested Loop  (cost=4697.43..390298.61 rows=1 width=0) (actual time=36.308..18265.869 rows=14624 loops=1)
         Buffers: shared hit=1594025 read=301416
         ->  Hash Join  (cost=4697.00..390293.97 rows=2 width=4) (actual time=23.145..17192.018 rows=32466 loops=1)
               Hash Cond: (ci.role_id = rt.id)
               Buffers: shared hit=1472845 read=292732
               ->  Nested Loop  (cost=4695.82..390292.74 rows=14 width=8) (actual time=22.786..16977.396 rows=1354694 loops=1)
                     Buffers: shared hit=1472844 read=292732
                     ->  Nested Loop  (cost=4695.38..390249.05 rows=1 width=12) (actual time=22.747..4497.259 rows=15263 loops=1)
                           Buffers: shared hit=301630 read=97123
                           ->  Nested Loop  (cost=4695.38..390246.62 rows=1 width=16) (actual time=22.742..4190.252 rows=15263 loops=1)
                                 Buffers: shared hit=286367 read=97123
                                 ->  Nested Loop  (cost=4695.38..390244.20 rows=1 width=20) (actual time=22.717..3871.534 rows=15263 loops=1)
                                       Buffers: shared hit=271104 read=97123
                                       ->  Hash Join  (cost=4694.95..389438.82 rows=19 width=12) (actual time=19.846..1031.421 rows=14324 loops=1)
                                             Hash Cond: (t.kind_id = kt.id)
                                             Buffers: shared hit=81451 read=10906
                                             ->  Nested Loop  (cost=4693.81..389437.50 rows=44 width=16) (actual time=19.809..1022.640 rows=15845 loops=1)
                                                   Buffers: shared hit=81450 read=10906
                                                   ->  Bitmap Heap Scan on movie_info mi2  (cost=4693.38..388964.16 rows=56 width=8) (actual time=19.759..388.894 rows=18196 loops=1)
                                                         Recheck Cond: (info_type_id = 5)
                                                         Filter: ((info)::text = ANY ('{Argentina:16,Germany:12,"Hong Kong:III","New Zealand:R16",USA:PG}'::text[]))
                                                         Rows Removed by Filter: 468358
                                                         Heap Blocks: exact=19164
                                                         Buffers: shared hit=17653 read=1919
                                                         ->  Bitmap Index Scan on info_type_id_movie_info  (cost=0.00..4693.37 rows=439058 width=0) (actual time=16.768..16.768 rows=486554 loops=1)
                                                               Index Cond: (info_type_id = 5)
                                                               Buffers: shared hit=408
                                                   ->  Index Scan using title_pkey on title t  (cost=0.43..8.45 rows=1 width=8) (actual time=0.034..0.034 rows=1 loops=18196)
                                                         Index Cond: (id = mi2.movie_id)
                                                         Filter: ((production_year <= 2015) AND (1975 < production_year))
                                                         Rows Removed by Filter: 0
                                                         Buffers: shared hit=63797 read=8987
                                             ->  Hash  (cost=1.10..1.10 rows=3 width=4) (actual time=0.018..0.019 rows=3 loops=1)
                                                   Buckets: 1024  Batches: 1  Memory Usage: 9kB
                                                   Buffers: shared hit=1
                                                   ->  Seq Scan on kind_type kt  (cost=0.00..1.10 rows=3 width=4) (actual time=0.010..0.012 rows=3 loops=1)
                                                         Filter: ((kind)::text = ANY ('{episode,movie,"video movie"}'::text[]))
                                                         Rows Removed by Filter: 4
                                                         Buffers: shared hit=1
                                       ->  Index Scan using movie_id_movie_info on movie_info mi1  (cost=0.43..42.38 rows=1 width=8) (actual time=0.196..0.197 rows=1 loops=14324)
                                             Index Cond: (movie_id = t.id)
                                             Filter: ((info_type_id = 3) AND ((info)::text = ANY ('{Action,Crime,Drama,Romance,Thriller}'::text[])))
                                             Rows Removed by Filter: 89
                                             Buffers: shared hit=189653 read=86217
                                 ->  Seq Scan on info_type it1  (cost=0.00..2.41 rows=1 width=4) (actual time=0.010..0.019 rows=1 loops=15263)
                                       Filter: (id = 3)
                                       Rows Removed by Filter: 112
                                       Buffers: shared hit=15263
                           ->  Seq Scan on info_type it2  (cost=0.00..2.41 rows=1 width=4) (actual time=0.009..0.018 rows=1 loops=15263)
                                 Filter: (id = 5)
                                 Rows Removed by Filter: 112
                                 Buffers: shared hit=15263
                     ->  Index Scan using movie_id_cast_info on cast_info ci  (cost=0.44..43.32 rows=38 width=12) (actual time=0.036..0.796 rows=89 loops=15263)
                           Index Cond: (movie_id = t.id)
                           Buffers: shared hit=1171214 read=195609
               ->  Hash  (cost=1.15..1.15 rows=2 width=4) (actual time=0.033..0.034 rows=2 loops=1)
                     Buckets: 1024  Batches: 1  Memory Usage: 9kB
                     Buffers: shared hit=1
                     ->  Seq Scan on role_type rt  (cost=0.00..1.15 rows=2 width=4) (actual time=0.026..0.028 rows=2 loops=1)
                           Filter: ((role)::text = ANY ('{"costume designer",editor}'::text[]))
                           Rows Removed by Filter: 10
                           Buffers: shared hit=1
         ->  Index Scan using name_pkey on name n  (cost=0.43..2.32 rows=1 width=4) (actual time=0.032..0.032 rows=0 loops=32466)
               Index Cond: (id = ci.person_id)
               Filter: ((gender)::text = ANY ('{f,m}'::text[]))
               Rows Removed by Filter: 1
               Buffers: shared hit=121180 read=8684
 Planning:
   Buffers: shared hit=574
 Planning Time: 13.540 ms
 Execution Time: 18270.923 ms
(73 rows)

