                                                                                             QUERY PLAN                                                                                              
-----------------------------------------------------------------------------------------------------------------------------------------------------------------------------------------------------
 Aggregate  (cost=449776.18..449776.19 rows=1 width=8) (actual time=18036.197..18036.205 rows=1 loops=1)
   Buffers: shared hit=1657596 read=206209
   ->  Nested Loop  (cost=4697.77..449776.18 rows=1 width=0) (actual time=43.532..18035.732 rows=975 loops=1)
         Buffers: shared hit=1657596 read=206209
         ->  Nested Loop  (cost=4697.77..449773.76 rows=1 width=4) (actual time=43.526..18014.702 rows=975 loops=1)
               Buffers: shared hit=1656621 read=206209
               ->  Nested Loop  (cost=4697.77..449771.33 rows=1 width=8) (actual time=43.504..17990.688 rows=975 loops=1)
                     Buffers: shared hit=1655646 read=206209
                     ->  Hash Join  (cost=4697.34..449759.74 rows=5 width=12) (actual time=32.626..16437.021 rows=42912 loops=1)
                           Hash Cond: (ci.role_id = rt.id)
                           Buffers: shared hit=1492071 read=198136
                           ->  Nested Loop  (cost=4696.16..449758.46 rows=29 width=16) (actual time=32.359..16272.406 rows=876223 loops=1)
                                 Buffers: shared hit=1492070 read=198136
                                 ->  Nested Loop  (cost=4695.72..449669.35 rows=2 width=20) (actual time=32.323..7598.853 rows=20476 loops=1)
                                       Buffers: shared hit=649308 read=116732
                                       ->  Hash Join  (cost=4695.29..444942.83 rows=110 width=12) (actual time=32.104..2965.033 rows=28774 loops=1)
                                             Hash Cond: (t.kind_id = kt.id)
                                             Buffers: shared hit=262658 read=32483
                                             ->  Nested Loop  (cost=4694.15..444940.61 rows=257 width=16) (actual time=23.278..2948.945 rows=28834 loops=1)
                                                   Buffers: shared hit=262657 read=32483
                                                   ->  Bitmap Heap Scan on movie_info mi2  (cost=4693.72..433458.05 rows=1420 width=8) (actual time=20.991..533.157 rows=68892 loops=1)
                                                         Recheck Cond: (info_type_id = 5)
                                                         Filter: ((info)::text = ANY ('{Finland:K-16,India:U,Norway:16,Sweden:Btl,USA:Approved,USA:R,USA:X,"West Germany:12"}'::text[]))
                                                         Rows Removed by Filter: 417662
                                                         Heap Blocks: exact=19164
                                                         Buffers: shared hit=3402 read=16170
                                                         ->  Bitmap Index Scan on info_type_id_movie_info  (cost=0.00..4693.37 rows=439058 width=0) (actual time=17.738..17.739 rows=486554 loops=1)
                                                               Index Cond: (info_type_id = 5)
                                                               Buffers: shared read=408
                                                   ->  Index Scan using title_pkey on title t  (cost=0.43..8.09 rows=1 width=8) (actual time=0.034..0.034 rows=0 loops=68892)
                                                         Index Cond: (id = mi2.movie_id)
                                                         Filter: ((production_year <= 1975) AND (1875 < production_year))
                                                         Rows Removed by Filter: 1
                                                         Buffers: shared hit=259255 read=16313
                                             ->  Hash  (cost=1.10..1.10 rows=3 width=4) (actual time=0.018..0.019 rows=3 loops=1)
                                                   Buckets: 1024  Batches: 1  Memory Usage: 9kB
                                                   Buffers: shared hit=1
                                                   ->  Seq Scan on kind_type kt  (cost=0.00..1.10 rows=3 width=4) (actual time=0.010..0.012 rows=3 loops=1)
                                                         Filter: ((kind)::text = ANY ('{episode,movie,"tv movie"}'::text[]))
                                                         Rows Removed by Filter: 4
                                                         Buffers: shared hit=1
                                       ->  Index Scan using movie_id_movie_info on movie_info mi1  (cost=0.43..42.96 rows=1 width=8) (actual time=0.160..0.160 rows=1 loops=28774)
                                             Index Cond: (movie_id = t.id)
                                             Filter: ((info_type_id = 3) AND ((info)::text = ANY ('{Adult,Adventure,Drama,Thriller,War}'::text[])))
                                             Rows Removed by Filter: 38
                                             Buffers: shared hit=386650 read=84249
                                 ->  Index Scan using movie_id_cast_info on cast_info ci  (cost=0.44..44.17 rows=38 width=12) (actual time=0.036..0.411 rows=43 loops=20476)
                                       Index Cond: (movie_id = t.id)
                                       Buffers: shared hit=842762 read=81404
                           ->  Hash  (cost=1.15..1.15 rows=2 width=4) (actual time=0.033..0.034 rows=2 loops=1)
                                 Buckets: 1024  Batches: 1  Memory Usage: 9kB
                                 Buffers: shared hit=1
                                 ->  Seq Scan on role_type rt  (cost=0.00..1.15 rows=2 width=4) (actual time=0.026..0.027 rows=2 loops=1)
                                       Filter: ((role)::text = ANY ('{director,editor}'::text[]))
                                       Rows Removed by Filter: 10
                                       Buffers: shared hit=1
                     ->  Index Scan using name_pkey on name n  (cost=0.43..2.32 rows=1 width=4) (actual time=0.036..0.036 rows=0 loops=42912)
                           Index Cond: (id = ci.person_id)
                           Filter: ((gender)::text = 'f'::text)
                           Rows Removed by Filter: 1
                           Buffers: shared hit=163575 read=8073
               ->  Seq Scan on info_type it1  (cost=0.00..2.41 rows=1 width=4) (actual time=0.012..0.022 rows=1 loops=975)
                     Filter: (id = 3)
                     Rows Removed by Filter: 112
                     Buffers: shared hit=975
         ->  Seq Scan on info_type it2  (cost=0.00..2.41 rows=1 width=4) (actual time=0.010..0.019 rows=1 loops=975)
               Filter: (id = 5)
               Rows Removed by Filter: 112
               Buffers: shared hit=975
 Planning:
   Buffers: shared hit=484 read=90
 Planning Time: 14.501 ms
 Execution Time: 18036.906 ms
(73 rows)

