                                                                                             QUERY PLAN                                                                                              
-----------------------------------------------------------------------------------------------------------------------------------------------------------------------------------------------------
 Aggregate  (cost=398917.10..398917.11 rows=1 width=8) (actual time=18016.314..18016.322 rows=1 loops=1)
   Buffers: shared hit=1575642 read=303280
   ->  Nested Loop  (cost=4697.53..398917.09 rows=2 width=0) (actual time=49.115..18014.096 rows=4645 loops=1)
         Buffers: shared hit=1575642 read=303280
         ->  Seq Scan on info_type it2  (cost=0.00..2.41 rows=1 width=4) (actual time=0.048..0.059 rows=1 loops=1)
               Filter: (id = 5)
               Rows Removed by Filter: 112
               Buffers: shared hit=1
         ->  Nested Loop  (cost=4697.53..398914.66 rows=2 width=4) (actual time=49.065..18012.772 rows=4645 loops=1)
               Buffers: shared hit=1575641 read=303280
               ->  Seq Scan on info_type it1  (cost=0.00..2.41 rows=1 width=4) (actual time=0.009..0.021 rows=1 loops=1)
                     Filter: (id = 3)
                     Rows Removed by Filter: 112
                     Buffers: shared hit=1
               ->  Nested Loop  (cost=4697.53..398912.23 rows=2 width=8) (actual time=49.052..18011.352 rows=4645 loops=1)
                     Buffers: shared hit=1575640 read=303280
                     ->  Hash Join  (cost=4697.10..398895.99 rows=7 width=12) (actual time=33.651..17029.481 rows=27333 loops=1)
                           Hash Cond: (ci.role_id = rt.id)
                           Buffers: shared hit=1474528 read=295060
                           ->  Nested Loop  (cost=4695.93..398894.66 rows=43 width=16) (actual time=23.567..16796.450 rows=1378550 loops=1)
                                 Buffers: shared hit=1474527 read=295060
                                 ->  Nested Loop  (cost=4695.49..398763.45 rows=3 width=20) (actual time=23.517..4136.159 rows=14611 loops=1)
                                       Buffers: shared hit=287701 read=97809
                                       ->  Hash Join  (cost=4695.05..392874.98 rows=139 width=12) (actual time=22.663..1105.366 rows=14465 loops=1)
                                             Hash Cond: (t.kind_id = kt.id)
                                             Buffers: shared hit=89032 read=12205
                                             ->  Nested Loop  (cost=4693.92..392872.48 rows=323 width=16) (actual time=20.742..1096.117 rows=16325 loops=1)
                                                   Buffers: shared hit=89031 read=12205
                                                   ->  Bitmap Heap Scan on movie_info mi2  (cost=4693.49..388964.26 rows=469 width=8) (actual time=20.534..391.548 rows=20416 loops=1)
                                                         Recheck Cond: (info_type_id = 5)
                                                         Filter: ((info)::text = ANY ('{Brazil:14,Germany:o.Al.,"Hong Kong:IIB",UK:15,USA:PG-13}'::text[]))
                                                         Rows Removed by Filter: 466138
                                                         Heap Blocks: exact=19164
                                                         Buffers: shared hit=16850 read=2722
                                                         ->  Bitmap Index Scan on info_type_id_movie_info  (cost=0.00..4693.37 rows=439058 width=0) (actual time=17.703..17.703 rows=486554 loops=1)
                                                               Index Cond: (info_type_id = 5)
                                                               Buffers: shared hit=408
                                                   ->  Index Scan using title_pkey on title t  (cost=0.43..8.33 rows=1 width=8) (actual time=0.034..0.034 rows=1 loops=20416)
                                                         Index Cond: (id = mi2.movie_id)
                                                         Filter: ((production_year <= 2015) AND (1990 < production_year))
                                                         Rows Removed by Filter: 0
                                                         Buffers: shared hit=72181 read=9483
                                             ->  Hash  (cost=1.10..1.10 rows=3 width=4) (actual time=0.017..0.018 rows=3 loops=1)
                                                   Buckets: 1024  Batches: 1  Memory Usage: 9kB
                                                   Buffers: shared hit=1
                                                   ->  Seq Scan on kind_type kt  (cost=0.00..1.10 rows=3 width=4) (actual time=0.009..0.010 rows=3 loops=1)
                                                         Filter: ((kind)::text = ANY ('{episode,movie,"video movie"}'::text[]))
                                                         Rows Removed by Filter: 4
                                                         Buffers: shared hit=1
                                       ->  Index Scan using movie_id_movie_info on movie_info mi1  (cost=0.43..42.35 rows=1 width=8) (actual time=0.207..0.209 rows=1 loops=14465)
                                             Index Cond: (movie_id = t.id)
                                             Filter: ((info_type_id = 3) AND ((info)::text = ANY ('{Action,Comedy,Drama,Sci-Fi}'::text[])))
                                             Rows Removed by Filter: 96
                                             Buffers: shared hit=198669 read=85604
                                 ->  Index Scan using movie_id_cast_info on cast_info ci  (cost=0.44..43.36 rows=38 width=12) (actual time=0.037..0.842 rows=94 loops=14611)
                                       Index Cond: (movie_id = t.id)
                                       Buffers: shared hit=1186826 read=197251
                           ->  Hash  (cost=1.15..1.15 rows=2 width=4) (actual time=0.020..0.021 rows=2 loops=1)
                                 Buckets: 1024  Batches: 1  Memory Usage: 9kB
                                 Buffers: shared hit=1
                                 ->  Seq Scan on role_type rt  (cost=0.00..1.15 rows=2 width=4) (actual time=0.011..0.014 rows=2 loops=1)
                                       Filter: ((role)::text = ANY ('{cinematographer,"costume designer"}'::text[]))
                                       Rows Removed by Filter: 10
                                       Buffers: shared hit=1
                     ->  Index Scan using name_pkey on name n  (cost=0.43..2.32 rows=1 width=4) (actual time=0.035..0.035 rows=0 loops=27333)
                           Index Cond: (id = ci.person_id)
                           Filter: ((gender)::text = 'f'::text)
                           Rows Removed by Filter: 1
                           Buffers: shared hit=101112 read=8220
 Planning:
   Buffers: shared hit=574
 Planning Time: 14.330 ms
 Execution Time: 18017.012 ms
(73 rows)

