                                                                                                           QUERY PLAN                                                                                                            
---------------------------------------------------------------------------------------------------------------------------------------------------------------------------------------------------------------------------------
 Aggregate  (cost=472717.85..472717.86 rows=1 width=8) (actual time=2679.426..2679.432 rows=1 loops=1)
   Buffers: shared hit=213609 read=63802
   ->  Nested Loop  (cost=4697.51..472717.85 rows=2 width=0) (actual time=114.133..2679.338 rows=209 loops=1)
         Buffers: shared hit=213609 read=63802
         ->  Seq Scan on info_type it2  (cost=0.00..2.41 rows=1 width=4) (actual time=0.038..0.045 rows=1 loops=1)
               Filter: (id = 5)
               Rows Removed by Filter: 112
               Buffers: shared hit=1
         ->  Nested Loop  (cost=4697.51..472715.41 rows=2 width=4) (actual time=114.095..2679.242 rows=209 loops=1)
               Buffers: shared hit=213608 read=63802
               ->  Seq Scan on info_type it1  (cost=0.00..2.41 rows=1 width=4) (actual time=0.006..0.016 rows=1 loops=1)
                     Filter: (id = 3)
                     Rows Removed by Filter: 112
                     Buffers: shared hit=1
               ->  Nested Loop  (cost=4697.51..472712.98 rows=2 width=8) (actual time=114.085..2679.166 rows=209 loops=1)
                     Buffers: shared hit=213607 read=63802
                     ->  Hash Join  (cost=4697.08..472696.74 rows=7 width=12) (actual time=19.463..2585.476 rows=2592 loops=1)
                           Hash Cond: (ci.role_id = rt.id)
                           Buffers: shared hit=204996 read=62045
                           ->  Nested Loop  (cost=4695.91..472695.41 rows=43 width=16) (actual time=19.327..2575.056 rows=75110 loops=1)
                                 Buffers: shared hit=204995 read=62045
                                 ->  Nested Loop  (cost=4695.47..472564.43 rows=3 width=20) (actual time=19.289..1815.060 rows=2599 loops=1)
                                       Buffers: shared hit=145693 read=40969
                                       ->  Hash Join  (cost=4695.03..467128.84 rows=128 width=12) (actual time=19.132..1445.426 rows=2584 loops=1)
                                             Hash Cond: (t.kind_id = kt.id)
                                             Buffers: shared hit=121209 read=27648
                                             ->  Nested Loop  (cost=4693.92..467125.84 rows=448 width=16) (actual time=19.097..1439.444 rows=31598 loops=1)
                                                   Buffers: shared hit=121208 read=27648
                                                   ->  Bitmap Heap Scan on movie_info mi2  (cost=4693.49..463120.19 rows=481 width=8) (actual time=19.054..449.357 rows=32321 loops=1)
                                                         Recheck Cond: (info_type_id = 5)
                                                         Filter: ((info)::text = ANY ('{Australia:G,Finland:K-18,Germany:18,Germany:6,"New Zealand:M","New Zealand:R18",Norway:16,Singapore:M18,Switzerland:10,USA:T}'::text[]))
                                                         Rows Removed by Filter: 454233
                                                         Heap Blocks: exact=19164
                                                         Buffers: shared hit=3091 read=16481
                                                         ->  Bitmap Index Scan on info_type_id_movie_info  (cost=0.00..4693.37 rows=439058 width=0) (actual time=16.379..16.380 rows=486554 loops=1)
                                                               Index Cond: (info_type_id = 5)
                                                               Buffers: shared read=408
                                                   ->  Index Scan using title_pkey on title t  (cost=0.43..8.33 rows=1 width=8) (actual time=0.030..0.030 rows=1 loops=32321)
                                                         Index Cond: (id = mi2.movie_id)
                                                         Filter: ((production_year <= 2015) AND (1925 < production_year))
                                                         Rows Removed by Filter: 0
                                                         Buffers: shared hit=118117 read=11167
                                             ->  Hash  (cost=1.09..1.09 rows=2 width=4) (actual time=0.012..0.013 rows=2 loops=1)
                                                   Buckets: 1024  Batches: 1  Memory Usage: 9kB
                                                   Buffers: shared hit=1
                                                   ->  Seq Scan on kind_type kt  (cost=0.00..1.09 rows=2 width=4) (actual time=0.007..0.008 rows=2 loops=1)
                                                         Filter: ((kind)::text = ANY ('{"tv movie","tv series"}'::text[]))
                                                         Rows Removed by Filter: 5
                                                         Buffers: shared hit=1
                                       ->  Index Scan using movie_id_movie_info on movie_info mi1  (cost=0.43..42.46 rows=1 width=8) (actual time=0.139..0.142 rows=1 loops=2584)
                                             Index Cond: (movie_id = t.id)
                                             Filter: ((info_type_id = 3) AND ((info)::text = ANY ('{Adventure,Comedy,Crime,Drama,Fantasy,Horror,Thriller}'::text[])))
                                             Rows Removed by Filter: 38
                                             Buffers: shared hit=24484 read=13321
                                 ->  Index Scan using movie_id_cast_info on cast_info ci  (cost=0.44..43.28 rows=38 width=12) (actual time=0.036..0.286 rows=29 loops=2599)
                                       Index Cond: (movie_id = t.id)
                                       Buffers: shared hit=59302 read=21076
                           ->  Hash  (cost=1.15..1.15 rows=2 width=4) (actual time=0.014..0.014 rows=2 loops=1)
                                 Buckets: 1024  Batches: 1  Memory Usage: 9kB
                                 Buffers: shared hit=1
                                 ->  Seq Scan on role_type rt  (cost=0.00..1.15 rows=2 width=4) (actual time=0.008..0.010 rows=2 loops=1)
                                       Filter: ((role)::text = ANY ('{"costume designer",editor}'::text[]))
                                       Rows Removed by Filter: 10
                                       Buffers: shared hit=1
                     ->  Index Scan using name_pkey on name n  (cost=0.43..2.32 rows=1 width=4) (actual time=0.036..0.036 rows=0 loops=2592)
                           Index Cond: (id = ci.person_id)
                           Filter: ((gender)::text = 'f'::text)
                           Rows Removed by Filter: 1
                           Buffers: shared hit=8611 read=1757
 Planning:
   Buffers: shared hit=511 read=63
 Planning Time: 12.617 ms
 Execution Time: 2679.942 ms
(73 rows)

