                                                                                               QUERY PLAN                                                                                                
---------------------------------------------------------------------------------------------------------------------------------------------------------------------------------------------------------
 Aggregate  (cost=481895.81..481895.82 rows=1 width=8) (actual time=30761.265..30761.272 rows=1 loops=1)
   Buffers: shared hit=2859468 read=335205
   ->  Nested Loop  (cost=4697.79..481895.80 rows=2 width=0) (actual time=35.507..30751.796 rows=34329 loops=1)
         Buffers: shared hit=2859468 read=335205
         ->  Seq Scan on info_type it2  (cost=0.00..2.41 rows=1 width=4) (actual time=0.028..0.038 rows=1 loops=1)
               Filter: (id = 5)
               Rows Removed by Filter: 112
               Buffers: shared hit=1
         ->  Nested Loop  (cost=4697.79..481893.37 rows=2 width=4) (actual time=35.479..30743.670 rows=34329 loops=1)
               Buffers: shared hit=2859467 read=335205
               ->  Seq Scan on info_type it1  (cost=0.00..2.41 rows=1 width=4) (actual time=0.006..0.019 rows=1 loops=1)
                     Filter: (id = 3)
                     Rows Removed by Filter: 112
                     Buffers: shared hit=1
               ->  Nested Loop  (cost=4697.79..481890.94 rows=2 width=8) (actual time=35.470..30734.910 rows=34329 loops=1)
                     Buffers: shared hit=2859466 read=335205
                     ->  Hash Join  (cost=4697.36..481879.34 rows=5 width=12) (actual time=35.414..29094.516 rows=43608 loops=1)
                           Hash Cond: (ci.role_id = rt.id)
                           Buffers: shared hit=2698809 read=321430
                           ->  Nested Loop  (cost=4696.19..481877.97 rows=57 width=16) (actual time=35.130..28738.428 rows=1951914 loops=1)
                                 Buffers: shared hit=2698808 read=321430
                                 ->  Nested Loop  (cost=4695.76..481700.48 rows=4 width=20) (actual time=35.086..9595.629 rows=41834 loops=1)
                                       Buffers: shared hit=849804 read=129901
                                       ->  Hash Join  (cost=4695.32..475566.11 rows=143 width=12) (actual time=34.801..3669.970 rows=35315 loops=1)
                                             Hash Cond: (t.kind_id = kt.id)
                                             Buffers: shared hit=334543 read=38154
                                             ->  Nested Loop  (cost=4694.19..475563.57 rows=334 width=16) (actual time=16.500..3649.389 rows=37267 loops=1)
                                                   Buffers: shared hit=334542 read=38154
                                                   ->  Bitmap Heap Scan on movie_info mi2  (cost=4693.76..463120.46 rows=1545 width=8) (actual time=16.459..595.285 rows=88281 loops=1)
                                                         Recheck Cond: (info_type_id = 5)
                                                         Filter: ((info)::text = ANY ('{Australia:PG,Finland:K-16,Finland:S,Iceland:16,India:U,Sweden:15,UK:18,USA:R,USA:X,"West Germany:12"}'::text[]))
                                                         Rows Removed by Filter: 398273
                                                         Heap Blocks: exact=19164
                                                         Buffers: shared hit=2851 read=16721
                                                         ->  Bitmap Index Scan on info_type_id_movie_info  (cost=0.00..4693.37 rows=439058 width=0) (actual time=13.924..13.925 rows=486554 loops=1)
                                                               Index Cond: (info_type_id = 5)
                                                               Buffers: shared read=408
                                                   ->  Index Scan using title_pkey on title t  (cost=0.43..8.05 rows=1 width=8) (actual time=0.034..0.034 rows=0 loops=88281)
                                                         Index Cond: (id = mi2.movie_id)
                                                         Filter: ((production_year <= 1990) AND (1950 < production_year))
                                                         Rows Removed by Filter: 1
                                                         Buffers: shared hit=331691 read=21433
                                             ->  Hash  (cost=1.10..1.10 rows=3 width=4) (actual time=0.009..0.010 rows=3 loops=1)
                                                   Buckets: 1024  Batches: 1  Memory Usage: 9kB
                                                   Buffers: shared hit=1
                                                   ->  Seq Scan on kind_type kt  (cost=0.00..1.10 rows=3 width=4) (actual time=0.005..0.006 rows=3 loops=1)
                                                         Filter: ((kind)::text = ANY ('{episode,movie,"tv movie"}'::text[]))
                                                         Rows Removed by Filter: 4
                                                         Buffers: shared hit=1
                                       ->  Index Scan using movie_id_movie_info on movie_info mi1  (cost=0.43..42.89 rows=1 width=8) (actual time=0.166..0.167 rows=1 loops=35315)
                                             Index Cond: (movie_id = t.id)
                                             Filter: ((info_type_id = 3) AND ((info)::text = ANY ('{Action,Adult,Comedy,Drama,Horror,Thriller}'::text[])))
                                             Rows Removed by Filter: 52
                                             Buffers: shared hit=515261 read=91747
                                 ->  Index Scan using movie_id_cast_info on cast_info ci  (cost=0.44..43.99 rows=38 width=12) (actual time=0.037..0.444 rows=47 loops=41834)
                                       Index Cond: (movie_id = t.id)
                                       Buffers: shared hit=1849004 read=191529
                           ->  Hash  (cost=1.15..1.15 rows=1 width=4) (actual time=0.011..0.011 rows=1 loops=1)
                                 Buckets: 1024  Batches: 1  Memory Usage: 9kB
                                 Buffers: shared hit=1
                                 ->  Seq Scan on role_type rt  (cost=0.00..1.15 rows=1 width=4) (actual time=0.006..0.007 rows=1 loops=1)
                                       Filter: ((role)::text = 'director'::text)
                                       Rows Removed by Filter: 11
                                       Buffers: shared hit=1
                     ->  Index Scan using name_pkey on name n  (cost=0.43..2.32 rows=1 width=4) (actual time=0.037..0.037 rows=1 loops=43608)
                           Index Cond: (id = ci.person_id)
                           Filter: ((gender)::text = 'm'::text)
                           Rows Removed by Filter: 0
                           Buffers: shared hit=160657 read=13775
 Planning:
   Buffers: shared hit=483 read=91
 Planning Time: 7.665 ms
 Execution Time: 30761.778 ms
(73 rows)

