                                                                                             QUERY PLAN                                                                                              
-----------------------------------------------------------------------------------------------------------------------------------------------------------------------------------------------------
 Aggregate  (cost=447932.83..447932.84 rows=1 width=8) (actual time=2992.770..2992.779 rows=1 loops=1)
   Buffers: shared hit=269362 read=39233
   ->  Nested Loop  (cost=4697.75..447932.81 rows=8 width=0) (actual time=23.359..2992.746 rows=108 loops=1)
         Buffers: shared hit=269362 read=39233
         ->  Hash Join  (cost=4697.32..447904.98 rows=12 width=4) (actual time=23.318..2982.890 rows=271 loops=1)
               Hash Cond: (ci.role_id = rt.id)
               Buffers: shared hit=268588 read=38923
               ->  Nested Loop  (cost=4696.14..447903.55 rows=72 width=8) (actual time=23.127..2982.500 rows=2036 loops=1)
                     Buffers: shared hit=268587 read=38923
                     ->  Nested Loop  (cost=4695.70..447680.78 rows=5 width=12) (actual time=23.088..2961.406 rows=134 loops=1)
                           Buffers: shared hit=267162 read=37965
                           ->  Seq Scan on info_type it2  (cost=0.00..2.41 rows=1 width=4) (actual time=0.027..0.037 rows=1 loops=1)
                                 Filter: (id = 5)
                                 Rows Removed by Filter: 112
                                 Buffers: shared hit=1
                           ->  Nested Loop  (cost=4695.70..447678.31 rows=5 width=16) (actual time=23.060..2961.339 rows=134 loops=1)
                                 Buffers: shared hit=267161 read=37965
                                 ->  Seq Scan on info_type it1  (cost=0.00..2.41 rows=1 width=4) (actual time=0.006..0.019 rows=1 loops=1)
                                       Filter: (id = 3)
                                       Rows Removed by Filter: 112
                                       Buffers: shared hit=1
                                 ->  Nested Loop  (cost=4695.70..447675.85 rows=5 width=20) (actual time=23.051..2961.281 rows=134 loops=1)
                                       Buffers: shared hit=267160 read=37965
                                       ->  Hash Join  (cost=4695.24..443553.64 rows=96 width=12) (actual time=22.953..2922.462 rows=182 loops=1)
                                             Hash Cond: (t.kind_id = kt.id)
                                             Buffers: shared hit=266329 read=36104
                                             ->  Nested Loop  (cost=4694.11..443551.56 rows=224 width=16) (actual time=22.913..2914.862 rows=34158 loops=1)
                                                   Buffers: shared hit=266328 read=36104
                                                   ->  Bitmap Heap Scan on movie_info mi2  (cost=4693.68..433458.01 rows=1241 width=8) (actual time=21.246..516.284 rows=70715 loops=1)
                                                         Recheck Cond: (info_type_id = 5)
                                                         Filter: ((info)::text = ANY ('{Argentina:Atp,India:U,Sweden:15,Sweden:Btl,USA:Approved,USA:Passed,USA:X,"West Germany:12"}'::text[]))
                                                         Rows Removed by Filter: 415839
                                                         Heap Blocks: exact=19164
                                                         Buffers: shared hit=1859 read=17713
                                                         ->  Bitmap Index Scan on info_type_id_movie_info  (cost=0.00..4693.37 rows=439058 width=0) (actual time=16.888..16.888 rows=486554 loops=1)
                                                               Index Cond: (info_type_id = 5)
                                                               Buffers: shared read=408
                                                   ->  Index Scan using title_pkey on title t  (cost=0.43..8.13 rows=1 width=8) (actual time=0.033..0.033 rows=0 loops=70715)
                                                         Index Cond: (id = mi2.movie_id)
                                                         Filter: ((production_year <= 1975) AND (1875 < production_year))
                                                         Rows Removed by Filter: 1
                                                         Buffers: shared hit=264469 read=18391
                                             ->  Hash  (cost=1.10..1.10 rows=3 width=4) (actual time=0.014..0.015 rows=3 loops=1)
                                                   Buckets: 1024  Batches: 1  Memory Usage: 9kB
                                                   Buffers: shared hit=1
                                                   ->  Seq Scan on kind_type kt  (cost=0.00..1.10 rows=3 width=4) (actual time=0.006..0.008 rows=3 loops=1)
                                                         Filter: ((kind)::text = ANY ('{"tv series","video game","video movie"}'::text[]))
                                                         Rows Removed by Filter: 4
                                                         Buffers: shared hit=1
                                       ->  Index Scan using movie_id_movie_info on movie_info mi1  (cost=0.46..42.93 rows=1 width=8) (actual time=0.209..0.213 rows=1 loops=182)
                                             Index Cond: (movie_id = t.id)
                                             Filter: ((info_type_id = 3) AND ((info)::text = ANY ('{Adult,Comedy,Documentary,Drama,Music,Musical,Romance,Short,Thriller}'::text[])))
                                             Rows Removed by Filter: 44
                                             Buffers: shared hit=831 read=1861
                     ->  Index Scan using movie_id_cast_info on cast_info ci  (cost=0.44..44.17 rows=38 width=12) (actual time=0.033..0.154 rows=15 loops=134)
                           Index Cond: (movie_id = t.id)
                           Buffers: shared hit=1425 read=958
               ->  Hash  (cost=1.15..1.15 rows=2 width=4) (actual time=0.043..0.045 rows=2 loops=1)
                     Buckets: 1024  Batches: 1  Memory Usage: 9kB
                     Buffers: shared hit=1
                     ->  Seq Scan on role_type rt  (cost=0.00..1.15 rows=2 width=4) (actual time=0.037..0.039 rows=2 loops=1)
                           Filter: ((role)::text = ANY ('{director,"miscellaneous crew"}'::text[]))
                           Rows Removed by Filter: 10
                           Buffers: shared hit=1
         ->  Index Scan using name_pkey on name n  (cost=0.43..2.32 rows=1 width=4) (actual time=0.036..0.036 rows=0 loops=271)
               Index Cond: (id = ci.person_id)
               Filter: ((gender)::text = ANY ('{f,m}'::text[]))
               Rows Removed by Filter: 1
               Buffers: shared hit=774 read=310
 Planning:
   Buffers: shared hit=485 read=92
 Planning Time: 13.476 ms
 Execution Time: 2993.496 ms
(73 rows)

