                                                                                             QUERY PLAN                                                                                              
-----------------------------------------------------------------------------------------------------------------------------------------------------------------------------------------------------
 Aggregate  (cost=449175.74..449175.75 rows=1 width=8) (actual time=72514.280..72514.295 rows=1 loops=1)
   Buffers: shared hit=6847968 read=595033
   ->  Nested Loop  (cost=4697.60..449175.74 rows=2 width=0) (actual time=51.408..72349.262 rows=937437 loops=1)
         Buffers: shared hit=6847968 read=595033
         ->  Seq Scan on info_type it2  (cost=0.00..2.41 rows=1 width=4) (actual time=0.039..0.049 rows=1 loops=1)
               Filter: (id = 5)
               Rows Removed by Filter: 112
               Buffers: shared hit=1
         ->  Nested Loop  (cost=4697.60..449173.30 rows=2 width=4) (actual time=51.368..72148.761 rows=937437 loops=1)
               Buffers: shared hit=6847967 read=595033
               ->  Seq Scan on info_type it1  (cost=0.00..2.41 rows=1 width=4) (actual time=0.009..0.021 rows=1 loops=1)
                     Filter: (id = 3)
                     Rows Removed by Filter: 112
                     Buffers: shared hit=1
               ->  Nested Loop  (cost=4697.60..449170.87 rows=2 width=8) (actual time=51.356..71933.461 rows=937437 loops=1)
                     Buffers: shared hit=6847966 read=595033
                     ->  Hash Join  (cost=4697.17..449159.27 rows=5 width=12) (actual time=51.307..37890.628 rows=937437 loops=1)
                           Hash Cond: (ci.role_id = rt.id)
                           Buffers: shared hit=3160707 read=532544
                           ->  Nested Loop  (cost=4696.01..449157.91 rows=57 width=16) (actual time=51.274..37103.597 rows=2846659 loops=1)
                                 Buffers: shared hit=3160706 read=532544
                                 ->  Nested Loop  (cost=4695.57..448983.11 rows=4 width=20) (actual time=51.222..8889.702 rows=35550 loops=1)
                                       Buffers: shared hit=661040 read=153072
                                       ->  Hash Join  (cost=4695.13..440632.53 rows=197 width=12) (actual time=39.186..2536.018 rows=28926 loops=1)
                                             Hash Cond: (t.kind_id = kt.id)
                                             Buffers: shared hit=186855 read=42062
                                             ->  Nested Loop  (cost=4694.02..440628.50 rows=691 width=16) (actual time=19.382..2514.070 rows=42857 loops=1)
                                                   Buffers: shared hit=186854 read=42062
                                                   ->  Bitmap Heap Scan on movie_info mi2  (cost=4693.59..433457.92 rows=872 width=8) (actual time=19.304..556.319 rows=52336 loops=1)
                                                         Recheck Cond: (info_type_id = 5)
                                                         Filter: ((info)::text = ANY ('{Australia:G,Canada:PG,Germany:16,Iceland:16,Singapore:NC-16,"South Korea:18",UK:15,USA:PG}'::text[]))
                                                         Rows Removed by Filter: 434218
                                                         Heap Blocks: exact=19164
                                                         Buffers: shared hit=3999 read=15573
                                                         ->  Bitmap Index Scan on info_type_id_movie_info  (cost=0.00..4693.37 rows=439058 width=0) (actual time=16.639..16.639 rows=486554 loops=1)
                                                               Index Cond: (info_type_id = 5)
                                                               Buffers: shared read=408
                                                   ->  Index Scan using title_pkey on title t  (cost=0.43..8.22 rows=1 width=8) (actual time=0.037..0.037 rows=1 loops=52336)
                                                         Index Cond: (id = mi2.movie_id)
                                                         Filter: ((production_year <= 2015) AND (1975 < production_year))
                                                         Rows Removed by Filter: 0
                                                         Buffers: shared hit=182855 read=26489
                                             ->  Hash  (cost=1.09..1.09 rows=2 width=4) (actual time=0.013..0.022 rows=2 loops=1)
                                                   Buckets: 1024  Batches: 1  Memory Usage: 9kB
                                                   Buffers: shared hit=1
                                                   ->  Seq Scan on kind_type kt  (cost=0.00..1.09 rows=2 width=4) (actual time=0.007..0.008 rows=2 loops=1)
                                                         Filter: ((kind)::text = ANY ('{movie,"video movie"}'::text[]))
                                                         Rows Removed by Filter: 5
                                                         Buffers: shared hit=1
                                       ->  Index Scan using movie_id_movie_info on movie_info mi1  (cost=0.43..42.38 rows=1 width=8) (actual time=0.217..0.219 rows=1 loops=28926)
                                             Index Cond: (movie_id = t.id)
                                             Filter: ((info_type_id = 3) AND ((info)::text = ANY ('{Animation,Comedy,Drama,Horror,Thriller}'::text[])))
                                             Rows Removed by Filter: 95
                                             Buffers: shared hit=474185 read=111010
                                 ->  Index Scan using movie_id_cast_info on cast_info ci  (cost=0.44..43.32 rows=38 width=12) (actual time=0.038..0.770 rows=80 loops=35550)
                                       Index Cond: (movie_id = t.id)
                                       Buffers: shared hit=2499666 read=379472
                           ->  Hash  (cost=1.15..1.15 rows=1 width=4) (actual time=0.014..0.014 rows=1 loops=1)
                                 Buckets: 1024  Batches: 1  Memory Usage: 9kB
                                 Buffers: shared hit=1
                                 ->  Seq Scan on role_type rt  (cost=0.00..1.15 rows=1 width=4) (actual time=0.007..0.009 rows=1 loops=1)
                                       Filter: ((role)::text = 'actor'::text)
                                       Rows Removed by Filter: 11
                                       Buffers: shared hit=1
                     ->  Index Scan using name_pkey on name n  (cost=0.43..2.32 rows=1 width=4) (actual time=0.036..0.036 rows=1 loops=937437)
                           Index Cond: (id = ci.person_id)
                           Filter: ((gender)::text = 'm'::text)
                           Buffers: shared hit=3687259 read=62489
 Planning:
   Buffers: shared hit=483 read=91
 Planning Time: 12.850 ms
 Execution Time: 72514.877 ms
(72 rows)

