                                                                                                  QUERY PLAN                                                                                                   
---------------------------------------------------------------------------------------------------------------------------------------------------------------------------------------------------------------
 Aggregate  (cost=467637.64..467637.65 rows=1 width=8) (actual time=25693.970..25693.978 rows=1 loops=1)
   Buffers: shared hit=2359063 read=313186
   ->  Nested Loop  (cost=4697.80..467637.64 rows=1 width=0) (actual time=49.735..25692.928 rows=2592 loops=1)
         Buffers: shared hit=2359063 read=313186
         ->  Nested Loop  (cost=4697.80..467635.21 rows=1 width=4) (actual time=49.726..25637.211 rows=2592 loops=1)
               Buffers: shared hit=2356471 read=313186
               ->  Nested Loop  (cost=4697.80..467632.79 rows=1 width=8) (actual time=49.695..25576.867 rows=2592 loops=1)
                     Buffers: shared hit=2353879 read=313186
                     ->  Hash Join  (cost=4697.37..467618.87 rows=6 width=12) (actual time=47.794..23109.193 rows=67627 loops=1)
                           Hash Cond: (ci.role_id = rt.id)
                           Buffers: shared hit=2099245 read=297312
                           ->  Nested Loop  (cost=4696.21..467617.45 rows=72 width=16) (actual time=47.530..22848.190 rows=1416066 loops=1)
                                 Buffers: shared hit=2099244 read=297312
                                 ->  Nested Loop  (cost=4695.77..467395.58 rows=5 width=20) (actual time=47.482..9113.868 rows=28568 loops=1)
                                       Buffers: shared hit=787553 read=134317
                                       ->  Hash Join  (cost=4695.33..461104.70 rows=147 width=12) (actual time=30.632..3340.737 rows=32655 loops=1)
                                             Hash Cond: (t.kind_id = kt.id)
                                             Buffers: shared hit=290977 read=44028
                                             ->  Nested Loop  (cost=4694.20..461102.12 rows=344 width=16) (actual time=18.150..3322.926 rows=33572 loops=1)
                                                   Buffers: shared hit=290976 read=44028
                                                   ->  Bitmap Heap Scan on movie_info mi2  (cost=4693.77..448289.28 rows=1593 width=8) (actual time=17.843..579.252 rows=78858 loops=1)
                                                         Recheck Cond: (info_type_id = 5)
                                                         Filter: ((info)::text = ANY ('{Argentina:Atp,Australia:M,Finland:K-16,Iceland:16,Iceland:L,Sweden:15,UK:PG,USA:Approved,"West Germany:12"}'::text[]))
                                                         Rows Removed by Filter: 407696
                                                         Heap Blocks: exact=19164
                                                         Buffers: shared hit=3373 read=16199
                                                         ->  Bitmap Index Scan on info_type_id_movie_info  (cost=0.00..4693.37 rows=439058 width=0) (actual time=15.191..15.191 rows=486554 loops=1)
                                                               Index Cond: (info_type_id = 5)
                                                               Buffers: shared read=408
                                                   ->  Index Scan using title_pkey on title t  (cost=0.43..8.04 rows=1 width=8) (actual time=0.034..0.034 rows=0 loops=78858)
                                                         Index Cond: (id = mi2.movie_id)
                                                         Filter: ((production_year <= 1990) AND (1950 < production_year))
                                                         Rows Removed by Filter: 1
                                                         Buffers: shared hit=287603 read=27829
                                             ->  Hash  (cost=1.10..1.10 rows=3 width=4) (actual time=0.012..0.013 rows=3 loops=1)
                                                   Buckets: 1024  Batches: 1  Memory Usage: 9kB
                                                   Buffers: shared hit=1
                                                   ->  Seq Scan on kind_type kt  (cost=0.00..1.10 rows=3 width=4) (actual time=0.007..0.008 rows=3 loops=1)
                                                         Filter: ((kind)::text = ANY ('{episode,movie,"tv movie"}'::text[]))
                                                         Rows Removed by Filter: 4
                                                         Buffers: shared hit=1
                                       ->  Index Scan using movie_id_movie_info on movie_info mi1  (cost=0.43..42.79 rows=1 width=8) (actual time=0.175..0.176 rows=1 loops=32655)
                                             Index Cond: (movie_id = t.id)
                                             Filter: ((info_type_id = 3) AND ((info)::text = ANY ('{Comedy,Drama,Short,Thriller}'::text[])))
                                             Rows Removed by Filter: 60
                                             Buffers: shared hit=496576 read=90289
                                 ->  Index Scan using movie_id_cast_info on cast_info ci  (cost=0.44..43.99 rows=38 width=12) (actual time=0.037..0.467 rows=50 loops=28568)
                                       Index Cond: (movie_id = t.id)
                                       Buffers: shared hit=1311691 read=162995
                           ->  Hash  (cost=1.15..1.15 rows=1 width=4) (actual time=0.025..0.025 rows=1 loops=1)
                                 Buckets: 1024  Batches: 1  Memory Usage: 9kB
                                 Buffers: shared hit=1
                                 ->  Seq Scan on role_type rt  (cost=0.00..1.15 rows=1 width=4) (actual time=0.019..0.020 rows=1 loops=1)
                                       Filter: ((role)::text = 'producer'::text)
                                       Rows Removed by Filter: 11
                                       Buffers: shared hit=1
                     ->  Index Scan using name_pkey on name n  (cost=0.43..2.32 rows=1 width=4) (actual time=0.036..0.036 rows=0 loops=67627)
                           Index Cond: (id = ci.person_id)
                           Filter: ((gender)::text = 'f'::text)
                           Rows Removed by Filter: 1
                           Buffers: shared hit=254634 read=15874
               ->  Seq Scan on info_type it1  (cost=0.00..2.41 rows=1 width=4) (actual time=0.011..0.021 rows=1 loops=2592)
                     Filter: (id = 3)
                     Rows Removed by Filter: 112
                     Buffers: shared hit=2592
         ->  Seq Scan on info_type it2  (cost=0.00..2.41 rows=1 width=4) (actual time=0.010..0.019 rows=1 loops=2592)
               Filter: (id = 5)
               Rows Removed by Filter: 112
               Buffers: shared hit=2592
 Planning:
   Buffers: shared hit=483 read=91
 Planning Time: 10.076 ms
 Execution Time: 25694.535 ms
(73 rows)

