                                                                                             QUERY PLAN                                                                                              
-----------------------------------------------------------------------------------------------------------------------------------------------------------------------------------------------------
 Aggregate  (cost=423218.84..423218.85 rows=1 width=8) (actual time=24880.619..24880.626 rows=1 loops=1)
   Buffers: shared hit=2344822 read=235021
   ->  Nested Loop  (cost=4697.51..423218.84 rows=1 width=0) (actual time=38.611..24870.597 rows=48494 loops=1)
         Buffers: shared hit=2344822 read=235021
         ->  Hash Join  (cost=4697.08..423214.20 rows=2 width=4) (actual time=38.560..20802.040 rows=116228 loops=1)
               Hash Cond: (ci.role_id = rt.id)
               Buffers: shared hit=1896302 read=218629
               ->  Nested Loop  (cost=4695.91..423212.98 rows=14 width=8) (actual time=38.256..20577.466 rows=1162405 loops=1)
                     Buffers: shared hit=1896301 read=218629
                     ->  Nested Loop  (cost=4695.47..423168.42 rows=1 width=12) (actual time=38.211..9281.452 rows=29250 loops=1)
                           Buffers: shared hit=759874 read=122121
                           ->  Nested Loop  (cost=4695.47..423166.00 rows=1 width=16) (actual time=38.204..8632.846 rows=29250 loops=1)
                                 Buffers: shared hit=730624 read=122121
                                 ->  Nested Loop  (cost=4695.47..423163.58 rows=1 width=20) (actual time=38.182..7958.243 rows=29250 loops=1)
                                       Buffers: shared hit=701374 read=122121
                                       ->  Hash Join  (cost=4695.03..421876.06 rows=30 width=12) (actual time=37.911..2241.425 rows=38627 loops=1)
                                             Hash Cond: (t.kind_id = kt.id)
                                             Buffers: shared hit=182457 read=34608
                                             ->  Nested Loop  (cost=4693.90..421874.63 rows=70 width=16) (actual time=21.188..2221.404 rows=38847 loops=1)
                                                   Buffers: shared hit=182456 read=34608
                                                   ->  Bitmap Heap Scan on movie_info mi2  (cost=4693.47..418626.61 rows=389 width=8) (actual time=21.139..495.841 rows=49373 loops=1)
                                                         Recheck Cond: (info_type_id = 5)
                                                         Filter: ((info)::text = ANY ('{Belgium:KT,Finland:S,Sweden:15,UK:U,USA:Approved,USA:Passed,"West Germany:16"}'::text[]))
                                                         Rows Removed by Filter: 437181
                                                         Heap Blocks: exact=19164
                                                         Buffers: shared hit=2186 read=17386
                                                         ->  Bitmap Index Scan on info_type_id_movie_info  (cost=0.00..4693.37 rows=439058 width=0) (actual time=18.192..18.193 rows=486554 loops=1)
                                                               Index Cond: (info_type_id = 5)
                                                               Buffers: shared read=408
                                                   ->  Index Scan using title_pkey on title t  (cost=0.43..8.35 rows=1 width=8) (actual time=0.034..0.034 rows=1 loops=49373)
                                                         Index Cond: (id = mi2.movie_id)
                                                         Filter: ((production_year <= 1975) AND (1875 < production_year))
                                                         Rows Removed by Filter: 0
                                                         Buffers: shared hit=180270 read=17222
                                             ->  Hash  (cost=1.10..1.10 rows=3 width=4) (actual time=0.022..0.022 rows=3 loops=1)
                                                   Buckets: 1024  Batches: 1  Memory Usage: 9kB
                                                   Buffers: shared hit=1
                                                   ->  Seq Scan on kind_type kt  (cost=0.00..1.10 rows=3 width=4) (actual time=0.010..0.012 rows=3 loops=1)
                                                         Filter: ((kind)::text = ANY ('{episode,movie,"tv movie"}'::text[]))
                                                         Rows Removed by Filter: 4
                                                         Buffers: shared hit=1
                                       ->  Index Scan using movie_id_movie_info on movie_info mi1  (cost=0.43..42.91 rows=1 width=8) (actual time=0.147..0.147 rows=1 loops=38627)
                                             Index Cond: (movie_id = t.id)
                                             Filter: ((info_type_id = 3) AND ((info)::text = ANY ('{Crime,Documentary,Drama,Romance}'::text[])))
                                             Rows Removed by Filter: 33
                                             Buffers: shared hit=518917 read=87513
                                 ->  Seq Scan on info_type it1  (cost=0.00..2.41 rows=1 width=4) (actual time=0.011..0.021 rows=1 loops=29250)
                                       Filter: (id = 3)
                                       Rows Removed by Filter: 112
                                       Buffers: shared hit=29250
                           ->  Seq Scan on info_type it2  (cost=0.00..2.41 rows=1 width=4) (actual time=0.011..0.020 rows=1 loops=29250)
                                 Filter: (id = 5)
                                 Rows Removed by Filter: 112
                                 Buffers: shared hit=29250
                     ->  Index Scan using movie_id_cast_info on cast_info ci  (cost=0.44..44.17 rows=38 width=12) (actual time=0.036..0.375 rows=40 loops=29250)
                           Index Cond: (movie_id = t.id)
                           Buffers: shared hit=1136427 read=96508
               ->  Hash  (cost=1.15..1.15 rows=2 width=4) (actual time=0.039..0.039 rows=2 loops=1)
                     Buckets: 1024  Batches: 1  Memory Usage: 9kB
                     Buffers: shared hit=1
                     ->  Seq Scan on role_type rt  (cost=0.00..1.15 rows=2 width=4) (actual time=0.027..0.029 rows=2 loops=1)
                           Filter: ((role)::text = ANY ('{producer,writer}'::text[]))
                           Rows Removed by Filter: 10
                           Buffers: shared hit=1
         ->  Index Scan using name_pkey on name n  (cost=0.43..2.32 rows=1 width=4) (actual time=0.034..0.034 rows=0 loops=116228)
               Index Cond: (id = ci.person_id)
               Filter: ((gender)::text = 'm'::text)
               Rows Removed by Filter: 1
               Buffers: shared hit=448520 read=16392
 Planning:
   Buffers: shared hit=484 read=90
 Planning Time: 14.398 ms
 Execution Time: 24881.332 ms
(73 rows)

