                                                                                             QUERY PLAN                                                                                              
-----------------------------------------------------------------------------------------------------------------------------------------------------------------------------------------------------
 Aggregate  (cost=398612.05..398612.06 rows=1 width=8) (actual time=2145.334..2145.350 rows=1 loops=1)
   Buffers: shared hit=180919 read=41181
   ->  Nested Loop  (cost=4697.62..398612.05 rows=1 width=0) (actual time=325.989..2145.334 rows=15 loops=1)
         Buffers: shared hit=180919 read=41181
         ->  Nested Loop  (cost=4697.62..398609.63 rows=1 width=4) (actual time=325.983..2145.137 rows=15 loops=1)
               Buffers: shared hit=180904 read=41181
               ->  Nested Loop  (cost=4697.62..398607.21 rows=1 width=8) (actual time=325.960..2144.897 rows=15 loops=1)
                     Buffers: shared hit=180889 read=41181
                     ->  Hash Join  (cost=4697.19..398602.57 rows=2 width=12) (actual time=25.240..2130.144 rows=456 loops=1)
                           Hash Cond: (ci.role_id = rt.id)
                           Buffers: shared hit=179294 read=40952
                           ->  Nested Loop  (cost=4696.03..398601.31 rows=29 width=16) (actual time=25.163..2129.519 rows=2994 loops=1)
                                 Buffers: shared hit=179293 read=40952
                                 ->  Nested Loop  (cost=4695.59..398511.55 rows=2 width=20) (actual time=25.119..2090.989 rows=220 loops=1)
                                       Buffers: shared hit=176938 read=39767
                                       ->  Hash Join  (cost=4695.15..396217.13 rows=53 width=12) (actual time=24.366..2061.912 rows=157 loops=1)
                                             Hash Cond: (t.kind_id = kt.id)
                                             Buffers: shared hit=176103 read=38050
                                             ->  Nested Loop  (cost=4694.02..396215.47 rows=123 width=16) (actual time=24.322..2056.068 rows=29451 loops=1)
                                                   Buffers: shared hit=176102 read=38050
                                                   ->  Bitmap Heap Scan on movie_info mi2  (cost=4693.59..388964.37 rows=882 width=8) (actual time=22.020..432.142 rows=48645 loops=1)
                                                         Recheck Cond: (info_type_id = 5)
                                                         Filter: ((info)::text = ANY ('{Argentina:Atp,Sweden:15,UK:U,USA:Approved,USA:Passed}'::text[]))
                                                         Rows Removed by Filter: 437909
                                                         Heap Blocks: exact=19164
                                                         Buffers: shared hit=1306 read=18266
                                                         ->  Bitmap Index Scan on info_type_id_movie_info  (cost=0.00..4693.37 rows=439058 width=0) (actual time=18.245..18.246 rows=486554 loops=1)
                                                               Index Cond: (info_type_id = 5)
                                                               Buffers: shared read=408
                                                   ->  Index Scan using title_pkey on title t  (cost=0.43..8.22 rows=1 width=8) (actual time=0.033..0.033 rows=1 loops=48645)
                                                         Index Cond: (id = mi2.movie_id)
                                                         Filter: ((production_year <= 1975) AND (1925 < production_year))
                                                         Rows Removed by Filter: 0
                                                         Buffers: shared hit=174796 read=19784
                                             ->  Hash  (cost=1.10..1.10 rows=3 width=4) (actual time=0.017..0.024 rows=3 loops=1)
                                                   Buckets: 1024  Batches: 1  Memory Usage: 9kB
                                                   Buffers: shared hit=1
                                                   ->  Seq Scan on kind_type kt  (cost=0.00..1.10 rows=3 width=4) (actual time=0.009..0.011 rows=3 loops=1)
                                                         Filter: ((kind)::text = ANY ('{"tv series","video game","video movie"}'::text[]))
                                                         Rows Removed by Filter: 4
                                                         Buffers: shared hit=1
                                       ->  Index Scan using movie_id_movie_info on movie_info mi1  (cost=0.43..43.28 rows=1 width=8) (actual time=0.179..0.184 rows=1 loops=157)
                                             Index Cond: (movie_id = t.id)
                                             Filter: ((info_type_id = 3) AND ((info)::text = ANY ('{Adventure,Animation,Comedy,Crime,Drama,Romance,Short}'::text[])))
                                             Rows Removed by Filter: 65
                                             Buffers: shared hit=835 read=1717
                                 ->  Index Scan using movie_id_cast_info on cast_info ci  (cost=0.44..44.50 rows=38 width=12) (actual time=0.029..0.172 rows=14 loops=220)
                                       Index Cond: (movie_id = t.id)
                                       Buffers: shared hit=2355 read=1185
                           ->  Hash  (cost=1.15..1.15 rows=1 width=4) (actual time=0.035..0.035 rows=1 loops=1)
                                 Buckets: 1024  Batches: 1  Memory Usage: 9kB
                                 Buffers: shared hit=1
                                 ->  Seq Scan on role_type rt  (cost=0.00..1.15 rows=1 width=4) (actual time=0.024..0.026 rows=1 loops=1)
                                       Filter: ((role)::text = 'writer'::text)
                                       Rows Removed by Filter: 11
                                       Buffers: shared hit=1
                     ->  Index Scan using name_pkey on name n  (cost=0.43..2.32 rows=1 width=4) (actual time=0.032..0.032 rows=0 loops=456)
                           Index Cond: (id = ci.person_id)
                           Filter: ((gender)::text = 'f'::text)
                           Rows Removed by Filter: 1
                           Buffers: shared hit=1595 read=229
               ->  Seq Scan on info_type it1  (cost=0.00..2.41 rows=1 width=4) (actual time=0.007..0.013 rows=1 loops=15)
                     Filter: (id = 3)
                     Rows Removed by Filter: 112
                     Buffers: shared hit=15
         ->  Seq Scan on info_type it2  (cost=0.00..2.41 rows=1 width=4) (actual time=0.005..0.012 rows=1 loops=15)
               Filter: (id = 5)
               Rows Removed by Filter: 112
               Buffers: shared hit=15
 Planning:
   Buffers: shared hit=483 read=91
 Planning Time: 14.081 ms
 Execution Time: 2146.002 ms
(73 rows)

