                                                                                             QUERY PLAN                                                                                              
-----------------------------------------------------------------------------------------------------------------------------------------------------------------------------------------------------
 Aggregate  (cost=422723.42..422723.43 rows=1 width=8) (actual time=2869.553..2869.562 rows=1 loops=1)
   Buffers: shared hit=291410 read=5897
   ->  Nested Loop  (cost=4697.81..422723.41 rows=2 width=0) (actual time=983.800..2869.553 rows=2 loops=1)
         Buffers: shared hit=291410 read=5897
         ->  Seq Scan on info_type it2  (cost=0.00..2.41 rows=1 width=4) (actual time=0.052..0.062 rows=1 loops=1)
               Filter: (id = 5)
               Rows Removed by Filter: 112
               Buffers: shared hit=1
         ->  Nested Loop  (cost=4697.81..422720.98 rows=2 width=4) (actual time=983.746..2869.487 rows=2 loops=1)
               Buffers: shared hit=291409 read=5897
               ->  Seq Scan on info_type it1  (cost=0.00..2.41 rows=1 width=4) (actual time=0.009..0.021 rows=1 loops=1)
                     Filter: (id = 3)
                     Rows Removed by Filter: 112
                     Buffers: shared hit=1
               ->  Nested Loop  (cost=4697.81..422718.55 rows=2 width=8) (actual time=983.733..2869.461 rows=2 loops=1)
                     Buffers: shared hit=291408 read=5897
                     ->  Hash Join  (cost=4697.38..422706.95 rows=5 width=12) (actual time=49.275..2869.200 rows=6 loops=1)
                           Hash Cond: (ci.role_id = rt.id)
                           Buffers: shared hit=291388 read=5893
                           ->  Nested Loop  (cost=4696.22..422705.58 rows=57 width=16) (actual time=30.620..2868.902 rows=1211 loops=1)
                                 Buffers: shared hit=291387 read=5893
                                 ->  Nested Loop  (cost=4695.78..422527.36 rows=4 width=20) (actual time=30.131..2854.846 rows=110 loops=1)
                                       Buffers: shared hit=290274 read=5493
                                       ->  Hash Join  (cost=4695.35..417027.40 rows=128 width=12) (actual time=20.418..2804.988 rows=250 loops=1)
                                             Hash Cond: (t.kind_id = kt.id)
                                             Buffers: shared hit=286805 read=4796
                                             ->  Nested Loop  (cost=4694.21..417025.01 rows=298 width=16) (actual time=20.372..2798.578 rows=27736 loops=1)
                                                   Buffers: shared hit=286804 read=4796
                                                   ->  Bitmap Heap Scan on movie_info mi2  (cost=4693.78..403795.74 rows=1647 width=8) (actual time=20.326..448.683 rows=68007 loops=1)
                                                         Recheck Cond: (info_type_id = 5)
                                                         Filter: ((info)::text = ANY ('{Argentina:Atp,Australia:G,Norway:16,Sweden:15,USA:Approved,USA:R}'::text[]))
                                                         Rows Removed by Filter: 418547
                                                         Heap Blocks: exact=19164
                                                         Buffers: shared hit=19572
                                                         ->  Bitmap Index Scan on info_type_id_movie_info  (cost=0.00..4693.37 rows=439058 width=0) (actual time=17.690..17.690 rows=486554 loops=1)
                                                               Index Cond: (info_type_id = 5)
                                                               Buffers: shared hit=408
                                                   ->  Index Scan using title_pkey on title t  (cost=0.43..8.03 rows=1 width=8) (actual time=0.034..0.034 rows=0 loops=68007)
                                                         Index Cond: (id = mi2.movie_id)
                                                         Filter: ((production_year <= 1975) AND (1875 < production_year))
                                                         Rows Removed by Filter: 1
                                                         Buffers: shared hit=267232 read=4796
                                             ->  Hash  (cost=1.10..1.10 rows=3 width=4) (actual time=0.021..0.022 rows=3 loops=1)
                                                   Buckets: 1024  Batches: 1  Memory Usage: 9kB
                                                   Buffers: shared hit=1
                                                   ->  Seq Scan on kind_type kt  (cost=0.00..1.10 rows=3 width=4) (actual time=0.011..0.013 rows=3 loops=1)
                                                         Filter: ((kind)::text = ANY ('{"tv series","video game","video movie"}'::text[]))
                                                         Rows Removed by Filter: 4
                                                         Buffers: shared hit=1
                                       ->  Index Scan using movie_id_movie_info on movie_info mi1  (cost=0.43..42.96 rows=1 width=8) (actual time=0.196..0.199 rows=0 loops=250)
                                             Index Cond: (movie_id = t.id)
                                             Filter: ((info_type_id = 3) AND ((info)::text = ANY ('{Adventure,Drama,Musical,Romance,Short}'::text[])))
                                             Rows Removed by Filter: 62
                                             Buffers: shared hit=3469 read=697
                                 ->  Index Scan using movie_id_cast_info on cast_info ci  (cost=0.44..44.17 rows=38 width=12) (actual time=0.034..0.124 rows=11 loops=110)
                                       Index Cond: (movie_id = t.id)
                                       Buffers: shared hit=1113 read=400
                           ->  Hash  (cost=1.15..1.15 rows=1 width=4) (actual time=0.018..0.019 rows=1 loops=1)
                                 Buckets: 1024  Batches: 1  Memory Usage: 9kB
                                 Buffers: shared hit=1
                                 ->  Seq Scan on role_type rt  (cost=0.00..1.15 rows=1 width=4) (actual time=0.011..0.012 rows=1 loops=1)
                                       Filter: ((role)::text = 'costume designer'::text)
                                       Rows Removed by Filter: 11
                                       Buffers: shared hit=1
                     ->  Index Scan using name_pkey on name n  (cost=0.43..2.32 rows=1 width=4) (actual time=0.041..0.041 rows=0 loops=6)
                           Index Cond: (id = ci.person_id)
                           Filter: ((gender)::text = 'm'::text)
                           Rows Removed by Filter: 1
                           Buffers: shared hit=20 read=4
 Planning:
   Buffers: shared hit=574
 Planning Time: 13.931 ms
 Execution Time: 2870.253 ms
(73 rows)

