                                                                                             QUERY PLAN                                                                                              
-----------------------------------------------------------------------------------------------------------------------------------------------------------------------------------------------------
 Aggregate  (cost=470423.64..470423.65 rows=1 width=8) (actual time=32914.598..32914.606 rows=1 loops=1)
   Buffers: shared hit=3071626 read=306472
   ->  Nested Loop  (cost=4697.91..470423.63 rows=5 width=0) (actual time=50.285..32904.466 rows=40745 loops=1)
         Buffers: shared hit=3071626 read=306472
         ->  Hash Join  (cost=4697.48..470407.39 rows=7 width=4) (actual time=50.221..29699.039 rows=87043 loops=1)
               Hash Cond: (ci.role_id = rt.id)
               Buffers: shared hit=2734970 read=294956
               ->  Nested Loop  (cost=4696.31..470406.06 rows=43 width=8) (actual time=49.870..29315.355 rows=2031179 loops=1)
                     Buffers: shared hit=2734969 read=294956
                     ->  Nested Loop  (cost=4695.87..470272.94 rows=3 width=12) (actual time=49.819..9367.666 rows=39101 loops=1)
                           Buffers: shared hit=821656 read=98997
                           ->  Seq Scan on info_type it2  (cost=0.00..2.41 rows=1 width=4) (actual time=0.037..0.048 rows=1 loops=1)
                                 Filter: (id = 5)
                                 Rows Removed by Filter: 112
                                 Buffers: shared hit=1
                           ->  Nested Loop  (cost=4695.87..470270.50 rows=3 width=16) (actual time=49.781..9357.027 rows=39101 loops=1)
                                 Buffers: shared hit=821655 read=98997
                                 ->  Seq Scan on info_type it1  (cost=0.00..2.41 rows=1 width=4) (actual time=0.008..0.021 rows=1 loops=1)
                                       Filter: (id = 3)
                                       Rows Removed by Filter: 112
                                       Buffers: shared hit=1
                                 ->  Nested Loop  (cost=4695.87..470268.05 rows=3 width=20) (actual time=49.769..9346.052 rows=39101 loops=1)
                                       Buffers: shared hit=821654 read=98997
                                       ->  Hash Join  (cost=4695.43..464777.16 rows=128 width=12) (actual time=49.418..3659.898 rows=29687 loops=1)
                                             Hash Cond: (t.kind_id = kt.id)
                                             Buffers: shared hit=357412 read=13881
                                             ->  Nested Loop  (cost=4694.32..464774.15 rows=449 width=16) (actual time=19.518..3640.799 rows=33807 loops=1)
                                                   Buffers: shared hit=357411 read=13881
                                                   ->  Bitmap Heap Scan on movie_info mi2  (cost=4693.89..448289.40 rows=2079 width=8) (actual time=19.191..536.328 rows=87930 loops=1)
                                                         Recheck Cond: (info_type_id = 5)
                                                         Filter: ((info)::text = ANY ('{Argentina:Atp,Australia:M,Finland:K-16,Finland:S,Iceland:12,Sweden:15,UK:15,UK:PG,USA:R}'::text[]))
                                                         Rows Removed by Filter: 398624
                                                         Heap Blocks: exact=19164
                                                         Buffers: shared hit=17516 read=2056
                                                         ->  Bitmap Index Scan on info_type_id_movie_info  (cost=0.00..4693.37 rows=439058 width=0) (actual time=16.576..16.576 rows=486554 loops=1)
                                                               Index Cond: (info_type_id = 5)
                                                               Buffers: shared hit=408
                                                   ->  Index Scan using title_pkey on title t  (cost=0.43..7.93 rows=1 width=8) (actual time=0.035..0.035 rows=0 loops=87930)
                                                         Index Cond: (id = mi2.movie_id)
                                                         Filter: ((production_year <= 1990) AND (1950 < production_year))
                                                         Rows Removed by Filter: 1
                                                         Buffers: shared hit=339895 read=11825
                                             ->  Hash  (cost=1.09..1.09 rows=2 width=4) (actual time=0.018..0.019 rows=2 loops=1)
                                                   Buckets: 1024  Batches: 1  Memory Usage: 9kB
                                                   Buffers: shared hit=1
                                                   ->  Seq Scan on kind_type kt  (cost=0.00..1.09 rows=2 width=4) (actual time=0.009..0.010 rows=2 loops=1)
                                                         Filter: ((kind)::text = ANY ('{movie,"tv movie"}'::text[]))
                                                         Rows Removed by Filter: 5
                                                         Buffers: shared hit=1
                                       ->  Index Scan using movie_id_movie_info on movie_info mi1  (cost=0.43..42.89 rows=1 width=8) (actual time=0.189..0.191 rows=1 loops=29687)
                                             Index Cond: (movie_id = t.id)
                                             Filter: ((info_type_id = 3) AND ((info)::text = ANY ('{Adventure,Comedy,Crime,Drama,Horror,Thriller}'::text[])))
                                             Rows Removed by Filter: 64
                                             Buffers: shared hit=464242 read=85116
                     ->  Index Scan using movie_id_cast_info on cast_info ci  (cost=0.44..43.99 rows=38 width=12) (actual time=0.037..0.495 rows=52 loops=39101)
                           Index Cond: (movie_id = t.id)
                           Buffers: shared hit=1913313 read=195959
               ->  Hash  (cost=1.15..1.15 rows=2 width=4) (actual time=0.037..0.038 rows=2 loops=1)
                     Buckets: 1024  Batches: 1  Memory Usage: 9kB
                     Buffers: shared hit=1
                     ->  Seq Scan on role_type rt  (cost=0.00..1.15 rows=2 width=4) (actual time=0.029..0.031 rows=2 loops=1)
                           Filter: ((role)::text = ANY ('{cinematographer,editor}'::text[]))
                           Rows Removed by Filter: 10
                           Buffers: shared hit=1
         ->  Index Scan using name_pkey on name n  (cost=0.43..2.32 rows=1 width=4) (actual time=0.036..0.036 rows=0 loops=87043)
               Index Cond: (id = ci.person_id)
               Filter: ((gender)::text = ANY ('{f,m}'::text[]))
               Rows Removed by Filter: 1
               Buffers: shared hit=336656 read=11516
 Planning:
   Buffers: shared hit=574
 Planning Time: 12.821 ms
 Execution Time: 32915.314 ms
(73 rows)

