                                                                                             QUERY PLAN                                                                                              
-----------------------------------------------------------------------------------------------------------------------------------------------------------------------------------------------------
 Aggregate  (cost=382590.13..382590.14 rows=1 width=8) (actual time=1963.861..1963.870 rows=1 loops=1)
   Buffers: shared hit=172612 read=29899
   ->  Nested Loop  (cost=4697.59..382590.13 rows=1 width=0) (actual time=30.116..1963.798 rows=303 loops=1)
         Buffers: shared hit=172612 read=29899
         ->  Hash Join  (cost=4697.16..382585.49 rows=2 width=4) (actual time=30.037..1939.578 rows=765 loops=1)
               Hash Cond: (ci.role_id = rt.id)
               Buffers: shared hit=170155 read=29296
               ->  Nested Loop  (cost=4695.99..382584.26 rows=14 width=8) (actual time=29.971..1939.032 rows=2068 loops=1)
                     Buffers: shared hit=170154 read=29296
                     ->  Nested Loop  (cost=4695.55..382539.71 rows=1 width=12) (actual time=26.838..1914.091 rows=231 loops=1)
                           Buffers: shared hit=168420 read=28327
                           ->  Nested Loop  (cost=4695.55..382537.29 rows=1 width=16) (actual time=26.833..1908.641 rows=231 loops=1)
                                 Buffers: shared hit=168189 read=28327
                                 ->  Nested Loop  (cost=4695.55..382534.87 rows=1 width=20) (actual time=26.815..1904.451 rows=231 loops=1)
                                       Buffers: shared hit=167958 read=28327
                                       ->  Hash Join  (cost=4695.11..380122.89 rows=56 width=12) (actual time=20.776..1867.979 rows=156 loops=1)
                                             Hash Cond: (t.kind_id = kt.id)
                                             Buffers: shared hit=167022 read=26663
                                             ->  Nested Loop  (cost=4693.98..380121.20 rows=131 width=16) (actual time=20.738..1862.372 rows=27663 loops=1)
                                                   Buffers: shared hit=167021 read=26663
                                                   ->  Bitmap Heap Scan on movie_info mi2  (cost=4693.55..374133.14 rows=725 width=8) (actual time=20.689..392.407 rows=43528 loops=1)
                                                         Recheck Cond: (info_type_id = 5)
                                                         Filter: ((info)::text = ANY ('{Australia:G,Sweden:15,UK:U,USA:Approved}'::text[]))
                                                         Rows Removed by Filter: 443026
                                                         Heap Blocks: exact=19164
                                                         Buffers: shared hit=3093 read=16479
                                                         ->  Bitmap Index Scan on info_type_id_movie_info  (cost=0.00..4693.37 rows=439058 width=0) (actual time=18.033..18.034 rows=486554 loops=1)
                                                               Index Cond: (info_type_id = 5)
                                                               Buffers: shared read=408
                                                   ->  Index Scan using title_pkey on title t  (cost=0.43..8.26 rows=1 width=8) (actual time=0.033..0.033 rows=1 loops=43528)
                                                         Index Cond: (id = mi2.movie_id)
                                                         Filter: ((production_year <= 1975) AND (1875 < production_year))
                                                         Rows Removed by Filter: 0
                                                         Buffers: shared hit=163928 read=10184
                                             ->  Hash  (cost=1.10..1.10 rows=3 width=4) (actual time=0.015..0.016 rows=3 loops=1)
                                                   Buckets: 1024  Batches: 1  Memory Usage: 9kB
                                                   Buffers: shared hit=1
                                                   ->  Seq Scan on kind_type kt  (cost=0.00..1.10 rows=3 width=4) (actual time=0.008..0.009 rows=3 loops=1)
                                                         Filter: ((kind)::text = ANY ('{"tv series","video game","video movie"}'::text[]))
                                                         Rows Removed by Filter: 4
                                                         Buffers: shared hit=1
                                       ->  Index Scan using movie_id_movie_info on movie_info mi1  (cost=0.43..43.06 rows=1 width=8) (actual time=0.227..0.233 rows=1 loops=156)
                                             Index Cond: (movie_id = t.id)
                                             Filter: ((info_type_id = 3) AND ((info)::text = ANY ('{Adventure,Comedy,Drama,Family,Mystery,Romance,Western}'::text[])))
                                             Rows Removed by Filter: 68
                                             Buffers: shared hit=936 read=1664
                                 ->  Seq Scan on info_type it1  (cost=0.00..2.41 rows=1 width=4) (actual time=0.009..0.016 rows=1 loops=231)
                                       Filter: (id = 3)
                                       Rows Removed by Filter: 112
                                       Buffers: shared hit=231
                           ->  Seq Scan on info_type it2  (cost=0.00..2.41 rows=1 width=4) (actual time=0.015..0.022 rows=1 loops=231)
                                 Filter: (id = 5)
                                 Rows Removed by Filter: 112
                                 Buffers: shared hit=231
                     ->  Index Scan using movie_id_cast_info on cast_info ci  (cost=0.44..44.17 rows=38 width=12) (actual time=0.034..0.105 rows=9 loops=231)
                           Index Cond: (movie_id = t.id)
                           Buffers: shared hit=1734 read=969
               ->  Hash  (cost=1.15..1.15 rows=2 width=4) (actual time=0.033..0.034 rows=2 loops=1)
                     Buckets: 1024  Batches: 1  Memory Usage: 9kB
                     Buffers: shared hit=1
                     ->  Seq Scan on role_type rt  (cost=0.00..1.15 rows=2 width=4) (actual time=0.023..0.025 rows=2 loops=1)
                           Filter: ((role)::text = ANY ('{"miscellaneous crew",writer}'::text[]))
                           Rows Removed by Filter: 10
                           Buffers: shared hit=1
         ->  Index Scan using name_pkey on name n  (cost=0.43..2.32 rows=1 width=4) (actual time=0.031..0.031 rows=0 loops=765)
               Index Cond: (id = ci.person_id)
               Filter: ((gender)::text = 'm'::text)
               Rows Removed by Filter: 1
               Buffers: shared hit=2457 read=603
 Planning:
   Buffers: shared hit=505 read=69
 Planning Time: 13.870 ms
 Execution Time: 1964.505 ms
(73 rows)

