                                                                                             QUERY PLAN                                                                                              
-----------------------------------------------------------------------------------------------------------------------------------------------------------------------------------------------------
 Aggregate  (cost=474822.10..474822.11 rows=1 width=8) (actual time=31007.936..31007.943 rows=1 loops=1)
   Buffers: shared hit=2856715 read=318237
   ->  Nested Loop  (cost=4697.96..474822.08 rows=7 width=0) (actual time=37.991..30994.911 rows=55008 loops=1)
         Buffers: shared hit=2856715 read=318237
         ->  Seq Scan on info_type it2  (cost=0.00..2.41 rows=1 width=4) (actual time=0.046..0.056 rows=1 loops=1)
               Filter: (id = 5)
               Rows Removed by Filter: 112
               Buffers: shared hit=1
         ->  Nested Loop  (cost=4697.96..474819.60 rows=7 width=4) (actual time=37.944..30982.221 rows=55008 loops=1)
               Buffers: shared hit=2856714 read=318237
               ->  Seq Scan on info_type it1  (cost=0.00..2.41 rows=1 width=4) (actual time=0.011..0.024 rows=1 loops=1)
                     Filter: (id = 3)
                     Rows Removed by Filter: 112
                     Buffers: shared hit=1
               ->  Nested Loop  (cost=4697.96..474817.12 rows=7 width=8) (actual time=37.929..30968.820 rows=55008 loops=1)
                     Buffers: shared hit=2856713 read=318237
                     ->  Hash Join  (cost=4697.53..474793.92 rows=10 width=12) (actual time=37.873..27532.573 rows=93054 loops=1)
                           Hash Cond: (ci.role_id = rt.id)
                           Buffers: shared hit=2501506 read=301228
                           ->  Nested Loop  (cost=4696.37..474792.35 rows=115 width=16) (actual time=37.605..27167.504 rows=1866133 loops=1)
                                 Buffers: shared hit=2501505 read=301228
                                 ->  Nested Loop  (cost=4695.93..474437.36 rows=8 width=20) (actual time=37.556..8664.609 rows=39120 loops=1)
                                       Buffers: shared hit=750480 read=103738
                                       ->  Hash Join  (cost=4695.49..465675.78 rows=204 width=12) (actual time=37.249..3186.109 rows=30648 loops=1)
                                             Hash Cond: (t.kind_id = kt.id)
                                             Buffers: shared hit=296506 read=16103
                                             ->  Nested Loop  (cost=4694.36..465672.64 rows=475 width=16) (actual time=20.421..3169.117 rows=32380 loops=1)
                                                   Buffers: shared hit=296505 read=16103
                                                   ->  Bitmap Heap Scan on movie_info mi2  (cost=4693.92..448289.43 rows=2200 width=8) (actual time=20.115..511.032 rows=96431 loops=1)
                                                         Recheck Cond: (info_type_id = 5)
                                                         Filter: ((info)::text = ANY ('{Argentina:13,Australia:M,Finland:K-16,Iceland:L,UK:15,USA:Approved,USA:R,USA:X,"West Germany:16"}'::text[]))
                                                         Rows Removed by Filter: 390123
                                                         Heap Blocks: exact=19164
                                                         Buffers: shared hit=17460 read=2112
                                                         ->  Bitmap Index Scan on info_type_id_movie_info  (cost=0.00..4693.37 rows=439058 width=0) (actual time=17.519..17.519 rows=486554 loops=1)
                                                               Index Cond: (info_type_id = 5)
                                                               Buffers: shared hit=408
                                                   ->  Memoize  (cost=0.44..7.91 rows=1 width=8) (actual time=0.027..0.027 rows=0 loops=96431)
                                                         Cache Key: mi2.movie_id
                                                         Cache Mode: logical
                                                         Hits: 23172  Misses: 73259  Evictions: 0  Overflows: 0  Memory Usage: 5733kB
                                                         Buffers: shared hit=279045 read=13991
                                                         ->  Index Scan using title_pkey on title t  (cost=0.43..7.90 rows=1 width=8) (actual time=0.034..0.034 rows=0 loops=73259)
                                                               Index Cond: (id = mi2.movie_id)
                                                               Filter: ((production_year <= 1990) AND (1950 < production_year))
                                                               Rows Removed by Filter: 1
                                                               Buffers: shared hit=279045 read=13991
                                             ->  Hash  (cost=1.10..1.10 rows=3 width=4) (actual time=0.014..0.015 rows=3 loops=1)
                                                   Buckets: 1024  Batches: 1  Memory Usage: 9kB
                                                   Buffers: shared hit=1
                                                   ->  Seq Scan on kind_type kt  (cost=0.00..1.10 rows=3 width=4) (actual time=0.009..0.010 rows=3 loops=1)
                                                         Filter: ((kind)::text = ANY ('{episode,movie,"tv movie"}'::text[]))
                                                         Rows Removed by Filter: 4
                                                         Buffers: shared hit=1
                                       ->  Index Scan using movie_id_movie_info on movie_info mi1  (cost=0.43..42.94 rows=1 width=8) (actual time=0.177..0.178 rows=1 loops=30648)
                                             Index Cond: (movie_id = t.id)
                                             Filter: ((info_type_id = 3) AND ((info)::text = ANY ('{Action,Adult,Comedy,Crime,Drama,Short,Thriller}'::text[])))
                                             Rows Removed by Filter: 56
                                             Buffers: shared hit=453974 read=87635
                                 ->  Index Scan using movie_id_cast_info on cast_info ci  (cost=0.44..43.99 rows=38 width=12) (actual time=0.037..0.459 rows=48 loops=39120)
                                       Index Cond: (movie_id = t.id)
                                       Buffers: shared hit=1751025 read=197490
                           ->  Hash  (cost=1.15..1.15 rows=1 width=4) (actual time=0.017..0.018 rows=1 loops=1)
                                 Buckets: 1024  Batches: 1  Memory Usage: 9kB
                                 Buffers: shared hit=1
                                 ->  Seq Scan on role_type rt  (cost=0.00..1.15 rows=1 width=4) (actual time=0.010..0.012 rows=1 loops=1)
                                       Filter: ((role)::text = 'producer'::text)
                                       Rows Removed by Filter: 11
                                       Buffers: shared hit=1
                     ->  Index Scan using name_pkey on name n  (cost=0.43..2.32 rows=1 width=4) (actual time=0.036..0.036 rows=1 loops=93054)
                           Index Cond: (id = ci.person_id)
                           Filter: ((gender)::text = ANY ('{f,m}'::text[]))
                           Rows Removed by Filter: 0
                           Buffers: shared hit=355207 read=17009
 Planning:
   Buffers: shared hit=574
 Planning Time: 14.096 ms
 Execution Time: 31009.893 ms
(78 rows)

