                                                                                             QUERY PLAN                                                                                              
-----------------------------------------------------------------------------------------------------------------------------------------------------------------------------------------------------
 Aggregate  (cost=390286.70..390286.71 rows=1 width=8) (actual time=3262.876..3262.884 rows=1 loops=1)
   Buffers: shared hit=235663 read=100544
   ->  Nested Loop  (cost=4697.58..390286.69 rows=1 width=0) (actual time=101.391..3262.828 rows=46 loops=1)
         Buffers: shared hit=235663 read=100544
         ->  Nested Loop  (cost=4697.58..390284.27 rows=1 width=4) (actual time=101.386..3262.133 rows=46 loops=1)
               Buffers: shared hit=235617 read=100544
               ->  Nested Loop  (cost=4697.58..390281.85 rows=1 width=8) (actual time=101.366..3260.565 rows=46 loops=1)
                     Buffers: shared hit=235571 read=100544
                     ->  Hash Join  (cost=4697.15..390277.21 rows=2 width=12) (actual time=22.460..3230.802 rows=939 loops=1)
                           Hash Cond: (ci.role_id = rt.id)
                           Buffers: shared hit=232610 read=99749
                           ->  Nested Loop  (cost=4695.99..390275.95 rows=29 width=16) (actual time=20.647..3218.901 rows=85388 loops=1)
                                 Buffers: shared hit=232609 read=99749
                                 ->  Nested Loop  (cost=4695.55..390188.55 rows=2 width=20) (actual time=20.607..2304.196 rows=2299 loops=1)
                                       Buffers: shared hit=183440 read=60036
                                       ->  Hash Join  (cost=4695.11..380009.91 rows=241 width=12) (actual time=20.264..1535.681 rows=5173 loops=1)
                                             Hash Cond: (t.kind_id = kt.id)
                                             Buffers: shared hit=133871 read=31882
                                             ->  Nested Loop  (cost=4693.98..380006.41 rows=562 width=16) (actual time=20.211..1529.420 rows=27677 loops=1)
                                                   Buffers: shared hit=133870 read=31882
                                                   ->  Bitmap Heap Scan on movie_info mi2  (cost=4693.55..374133.14 rows=710 width=8) (actual time=20.161..374.172 rows=36545 loops=1)
                                                         Recheck Cond: (info_type_id = 5)
                                                         Filter: ((info)::text = ANY ('{Argentina:13,Australia:M,Australia:MA,Finland:K-16}'::text[]))
                                                         Rows Removed by Filter: 450009
                                                         Heap Blocks: exact=19164
                                                         Buffers: shared hit=2982 read=16590
                                                         ->  Bitmap Index Scan on info_type_id_movie_info  (cost=0.00..4693.37 rows=439058 width=0) (actual time=17.488..17.489 rows=486554 loops=1)
                                                               Index Cond: (info_type_id = 5)
                                                               Buffers: shared read=408
                                                   ->  Index Scan using title_pkey on title t  (cost=0.43..8.27 rows=1 width=8) (actual time=0.031..0.031 rows=1 loops=36545)
                                                         Index Cond: (id = mi2.movie_id)
                                                         Filter: ((production_year <= 2015) AND (1975 < production_year))
                                                         Rows Removed by Filter: 0
                                                         Buffers: shared hit=130888 read=15292
                                             ->  Hash  (cost=1.10..1.10 rows=3 width=4) (actual time=0.026..0.027 rows=3 loops=1)
                                                   Buckets: 1024  Batches: 1  Memory Usage: 9kB
                                                   Buffers: shared hit=1
                                                   ->  Seq Scan on kind_type kt  (cost=0.00..1.10 rows=3 width=4) (actual time=0.017..0.019 rows=3 loops=1)
                                                         Filter: ((kind)::text = ANY ('{"tv movie","tv series","video game"}'::text[]))
                                                         Rows Removed by Filter: 4
                                                         Buffers: shared hit=1
                                       ->  Index Scan using movie_id_movie_info on movie_info mi1  (cost=0.43..42.23 rows=1 width=8) (actual time=0.147..0.148 rows=0 loops=5173)
                                             Index Cond: (movie_id = t.id)
                                             Filter: (((info)::text = ANY ('{Comedy,Thriller}'::text[])) AND (info_type_id = 3))
                                             Rows Removed by Filter: 35
                                             Buffers: shared hit=49569 read=28154
                                 ->  Index Scan using movie_id_cast_info on cast_info ci  (cost=0.44..43.32 rows=38 width=12) (actual time=0.039..0.389 rows=37 loops=2299)
                                       Index Cond: (movie_id = t.id)
                                       Buffers: shared hit=49169 read=39713
                           ->  Hash  (cost=1.15..1.15 rows=1 width=4) (actual time=0.033..0.034 rows=1 loops=1)
                                 Buckets: 1024  Batches: 1  Memory Usage: 9kB
                                 Buffers: shared hit=1
                                 ->  Seq Scan on role_type rt  (cost=0.00..1.15 rows=1 width=4) (actual time=0.027..0.027 rows=1 loops=1)
                                       Filter: ((role)::text = 'production designer'::text)
                                       Rows Removed by Filter: 11
                                       Buffers: shared hit=1
                     ->  Index Scan using name_pkey on name n  (cost=0.43..2.32 rows=1 width=4) (actual time=0.031..0.031 rows=0 loops=939)
                           Index Cond: (id = ci.person_id)
                           Filter: ((gender)::text = 'f'::text)
                           Rows Removed by Filter: 1
                           Buffers: shared hit=2961 read=795
               ->  Seq Scan on info_type it1  (cost=0.00..2.41 rows=1 width=4) (actual time=0.023..0.030 rows=1 loops=46)
                     Filter: (id = 3)
                     Rows Removed by Filter: 112
                     Buffers: shared hit=46
         ->  Seq Scan on info_type it2  (cost=0.00..2.41 rows=1 width=4) (actual time=0.006..0.013 rows=1 loops=46)
               Filter: (id = 5)
               Rows Removed by Filter: 112
               Buffers: shared hit=46
 Planning:
   Buffers: shared hit=486 read=88
 Planning Time: 14.065 ms
 Execution Time: 3263.529 ms
(73 rows)

