                                                                                                                         QUERY PLAN                                                                                                                         
------------------------------------------------------------------------------------------------------------------------------------------------------------------------------------------------------------------------------------------------------------
 Aggregate  (cost=504150.82..504150.83 rows=1 width=8) (actual time=8731.467..8731.473 rows=1 loops=1)
   Buffers: shared hit=736642 read=167750
   ->  Nested Loop  (cost=4697.52..504150.82 rows=1 width=0) (actual time=23.807..8724.694 rows=46600 loops=1)
         Buffers: shared hit=736642 read=167750
         ->  Nested Loop  (cost=4697.52..504148.39 rows=1 width=4) (actual time=23.801..7941.162 rows=46600 loops=1)
               Buffers: shared hit=690042 read=167750
               ->  Nested Loop  (cost=4697.52..504145.97 rows=1 width=8) (actual time=23.785..7168.154 rows=46600 loops=1)
                     Buffers: shared hit=643442 read=167750
                     ->  Hash Join  (cost=4697.09..504132.05 rows=6 width=12) (actual time=23.742..5753.482 rows=46618 loops=1)
                           Hash Cond: (ci.role_id = rt.id)
                           Buffers: shared hit=471198 read=153522
                           ->  Nested Loop  (cost=4695.93..504130.64 rows=72 width=16) (actual time=21.557..5706.729 rows=277576 loops=1)
                                 Buffers: shared hit=471197 read=153522
                                 ->  Nested Loop  (cost=4695.49..503912.15 rows=5 width=20) (actual time=21.520..3138.990 rows=7511 loops=1)
                                       Buffers: shared hit=252940 read=79736
                                       ->  Hash Join  (cost=4695.06..496858.60 rows=166 width=12) (actual time=21.187..2204.573 rows=6387 loops=1)
                                             Hash Cond: (t.kind_id = kt.id)
                                             Buffers: shared hit=195940 read=39737
                                             ->  Nested Loop  (cost=4693.92..496855.83 rows=387 width=16) (actual time=21.145..2195.250 rows=43921 loops=1)
                                                   Buffers: shared hit=195939 read=39737
                                                   ->  Bitmap Heap Scan on movie_info mi2  (cost=4693.49..492782.56 rows=489 width=8) (actual time=21.077..507.947 rows=54026 loops=1)
                                                         Recheck Cond: (info_type_id = 5)
                                                         Filter: ((info)::text = ANY ('{Argentina:13,Australia:M,Canada:14A,Canada:PG,Chile:14,"Hong Kong:IIA",Iceland:L,Singapore:NC-16,"South Korea:18","South Korea:All",Switzerland:16,UK:U}'::text[]))
                                                         Rows Removed by Filter: 432528
                                                         Heap Blocks: exact=19164
                                                         Buffers: shared hit=2282 read=17290
                                                         ->  Bitmap Index Scan on info_type_id_movie_info  (cost=0.00..4693.37 rows=439058 width=0) (actual time=18.429..18.430 rows=486554 loops=1)
                                                               Index Cond: (info_type_id = 5)
                                                               Buffers: shared read=408
                                                   ->  Index Scan using title_pkey on title t  (cost=0.43..8.33 rows=1 width=8) (actual time=0.031..0.031 rows=1 loops=54026)
                                                         Index Cond: (id = mi2.movie_id)
                                                         Filter: ((production_year <= 2015) AND (1975 < production_year))
                                                         Rows Removed by Filter: 0
                                                         Buffers: shared hit=193657 read=22447
                                             ->  Hash  (cost=1.10..1.10 rows=3 width=4) (actual time=0.017..0.018 rows=3 loops=1)
                                                   Buckets: 1024  Batches: 1  Memory Usage: 9kB
                                                   Buffers: shared hit=1
                                                   ->  Seq Scan on kind_type kt  (cost=0.00..1.10 rows=3 width=4) (actual time=0.009..0.011 rows=3 loops=1)
                                                         Filter: ((kind)::text = ANY ('{"tv movie","tv series","video game"}'::text[]))
                                                         Rows Removed by Filter: 4
                                                         Buffers: shared hit=1
                                       ->  Index Scan using movie_id_movie_info on movie_info mi1  (cost=0.43..42.48 rows=1 width=8) (actual time=0.143..0.146 rows=1 loops=6387)
                                             Index Cond: (movie_id = t.id)
                                             Filter: ((info_type_id = 3) AND ((info)::text = ANY ('{Comedy,Crime,Documentary,Drama,Family,Horror,Romance}'::text[])))
                                             Rows Removed by Filter: 36
                                             Buffers: shared hit=57000 read=39999
                                 ->  Index Scan using movie_id_cast_info on cast_info ci  (cost=0.44..43.32 rows=38 width=12) (actual time=0.032..0.334 rows=37 loops=7511)
                                       Index Cond: (movie_id = t.id)
                                       Buffers: shared hit=218257 read=73786
                           ->  Hash  (cost=1.15..1.15 rows=1 width=4) (actual time=0.030..0.030 rows=1 loops=1)
                                 Buckets: 1024  Batches: 1  Memory Usage: 9kB
                                 Buffers: shared hit=1
                                 ->  Seq Scan on role_type rt  (cost=0.00..1.15 rows=1 width=4) (actual time=0.023..0.025 rows=1 loops=1)
                                       Filter: ((role)::text = 'actress'::text)
                                       Rows Removed by Filter: 11
                                       Buffers: shared hit=1
                     ->  Index Scan using name_pkey on name n  (cost=0.43..2.32 rows=1 width=4) (actual time=0.030..0.030 rows=1 loops=46618)
                           Index Cond: (id = ci.person_id)
                           Filter: ((gender)::text = 'f'::text)
                           Rows Removed by Filter: 0
                           Buffers: shared hit=172244 read=14228
               ->  Seq Scan on info_type it1  (cost=0.00..2.41 rows=1 width=4) (actual time=0.008..0.015 rows=1 loops=46600)
                     Filter: (id = 3)
                     Rows Removed by Filter: 112
                     Buffers: shared hit=46600
         ->  Seq Scan on info_type it2  (cost=0.00..2.41 rows=1 width=4) (actual time=0.009..0.015 rows=1 loops=46600)
               Filter: (id = 5)
               Rows Removed by Filter: 112
               Buffers: shared hit=46600
 Planning:
   Buffers: shared hit=484 read=90
 Planning Time: 13.902 ms
 Execution Time: 8732.059 ms
(73 rows)

