                                                                                                     QUERY PLAN                                                                                                     
--------------------------------------------------------------------------------------------------------------------------------------------------------------------------------------------------------------------
 Aggregate  (cost=461488.10..461488.11 rows=1 width=8) (actual time=34112.490..34112.498 rows=1 loops=1)
   Buffers: shared hit=3311618 read=223104
   ->  Nested Loop  (cost=4697.68..461488.10 rows=1 width=0) (actual time=3442.910..34112.444 rows=55 loops=1)
         Buffers: shared hit=3311618 read=223104
         ->  Nested Loop  (cost=4697.68..461485.68 rows=1 width=4) (actual time=3442.891..34111.254 rows=55 loops=1)
               Buffers: shared hit=3311563 read=223104
               ->  Nested Loop  (cost=4697.68..461483.25 rows=1 width=8) (actual time=3442.860..34109.948 rows=55 loops=1)
                     Buffers: shared hit=3311508 read=223104
                     ->  Hash Join  (cost=4697.25..461473.98 rows=4 width=12) (actual time=56.579..33701.975 rows=11272 loops=1)
                           Hash Cond: (ci.role_id = rt.id)
                           Buffers: shared hit=3268088 read=221436
                           ->  Nested Loop  (cost=4696.09..461472.66 rows=43 width=16) (actual time=39.177..33258.821 rows=2350012 loops=1)
                                 Buffers: shared hit=3268087 read=221436
                                 ->  Nested Loop  (cost=4695.65..461338.99 rows=3 width=20) (actual time=39.134..10167.708 rows=62736 loops=1)
                                       Buffers: shared hit=865593 read=126083
                                       ->  Hash Join  (cost=4695.22..457548.75 rows=88 width=12) (actual time=38.834..2932.622 rows=44543 loops=1)
                                             Hash Cond: (t.kind_id = kt.id)
                                             Buffers: shared hit=230330 read=37171
                                             ->  Nested Loop  (cost=4694.08..457546.76 rows=205 width=16) (actual time=24.562..2906.125 rows=44803 loops=1)
                                                   Buffers: shared hit=230329 read=37171
                                                   ->  Bitmap Heap Scan on movie_info mi2  (cost=4693.65..448289.17 rows=1135 width=8) (actual time=20.767..589.816 rows=61982 loops=1)
                                                         Recheck Cond: (info_type_id = 5)
                                                         Filter: ((info)::text = ANY ('{Australia:PG,Finland:K-16,Finland:S,Sweden:Btl,UK:U,USA:Approved,USA:Passed,"West Germany:12","West Germany:16"}'::text[]))
                                                         Rows Removed by Filter: 424572
                                                         Heap Blocks: exact=19164
                                                         Buffers: shared hit=3573 read=15999
                                                         ->  Bitmap Index Scan on info_type_id_movie_info  (cost=0.00..4693.37 rows=439058 width=0) (actual time=18.206..18.207 rows=486554 loops=1)
                                                               Index Cond: (info_type_id = 5)
                                                               Buffers: shared read=408
                                                   ->  Index Scan using title_pkey on title t  (cost=0.43..8.16 rows=1 width=8) (actual time=0.037..0.037 rows=1 loops=61982)
                                                         Index Cond: (id = mi2.movie_id)
                                                         Filter: ((production_year <= 1975) AND (1875 < production_year))
                                                         Rows Removed by Filter: 0
                                                         Buffers: shared hit=226756 read=21172
                                             ->  Hash  (cost=1.10..1.10 rows=3 width=4) (actual time=0.018..0.019 rows=3 loops=1)
                                                   Buckets: 1024  Batches: 1  Memory Usage: 9kB
                                                   Buffers: shared hit=1
                                                   ->  Seq Scan on kind_type kt  (cost=0.00..1.10 rows=3 width=4) (actual time=0.009..0.011 rows=3 loops=1)
                                                         Filter: ((kind)::text = ANY ('{episode,movie,"tv movie"}'::text[]))
                                                         Rows Removed by Filter: 4
                                                         Buffers: shared hit=1
                                       ->  Index Scan using movie_id_movie_info on movie_info mi1  (cost=0.43..43.06 rows=1 width=8) (actual time=0.160..0.161 rows=1 loops=44543)
                                             Index Cond: (movie_id = t.id)
                                             Filter: ((info_type_id = 3) AND ((info)::text = ANY ('{Adventure,Comedy,Crime,Drama,Mystery,Romance,Short}'::text[])))
                                             Rows Removed by Filter: 36
                                             Buffers: shared hit=635263 read=88912
                                 ->  Index Scan using movie_id_cast_info on cast_info ci  (cost=0.44..44.17 rows=38 width=12) (actual time=0.036..0.356 rows=37 loops=62736)
                                       Index Cond: (movie_id = t.id)
                                       Buffers: shared hit=2402494 read=95353
                           ->  Hash  (cost=1.15..1.15 rows=1 width=4) (actual time=0.033..0.034 rows=1 loops=1)
                                 Buckets: 1024  Batches: 1  Memory Usage: 9kB
                                 Buffers: shared hit=1
                                 ->  Seq Scan on role_type rt  (cost=0.00..1.15 rows=1 width=4) (actual time=0.026..0.027 rows=1 loops=1)
                                       Filter: ((role)::text = 'production designer'::text)
                                       Rows Removed by Filter: 11
                                       Buffers: shared hit=1
                     ->  Index Scan using name_pkey on name n  (cost=0.43..2.32 rows=1 width=4) (actual time=0.035..0.035 rows=0 loops=11272)
                           Index Cond: (id = ci.person_id)
                           Filter: ((gender)::text = 'f'::text)
                           Rows Removed by Filter: 1
                           Buffers: shared hit=43420 read=1668
               ->  Seq Scan on info_type it1  (cost=0.00..2.41 rows=1 width=4) (actual time=0.010..0.020 rows=1 loops=55)
                     Filter: (id = 3)
                     Rows Removed by Filter: 112
                     Buffers: shared hit=55
         ->  Seq Scan on info_type it2  (cost=0.00..2.41 rows=1 width=4) (actual time=0.009..0.019 rows=1 loops=55)
               Filter: (id = 5)
               Rows Removed by Filter: 112
               Buffers: shared hit=55
 Planning:
   Buffers: shared hit=483 read=91
 Planning Time: 14.379 ms
 Execution Time: 34113.209 ms
(73 rows)

