                                                                                                         QUERY PLAN                                                                                                         
----------------------------------------------------------------------------------------------------------------------------------------------------------------------------------------------------------------------------
 Aggregate  (cost=487915.86..487915.87 rows=1 width=8) (actual time=32437.983..32437.992 rows=1 loops=1)
   Buffers: shared hit=3070799 read=257837
   ->  Nested Loop  (cost=4698.00..487915.86 rows=2 width=0) (actual time=59.941..32427.753 rows=37014 loops=1)
         Buffers: shared hit=3070799 read=257837
         ->  Seq Scan on info_type it2  (cost=0.00..2.41 rows=1 width=4) (actual time=0.042..0.054 rows=1 loops=1)
               Filter: (id = 5)
               Rows Removed by Filter: 112
               Buffers: shared hit=1
         ->  Nested Loop  (cost=4698.00..487913.42 rows=2 width=4) (actual time=59.897..32418.705 rows=37014 loops=1)
               Buffers: shared hit=3070798 read=257837
               ->  Seq Scan on info_type it1  (cost=0.00..2.41 rows=1 width=4) (actual time=0.007..0.021 rows=1 loops=1)
                     Filter: (id = 3)
                     Rows Removed by Filter: 112
                     Buffers: shared hit=1
               ->  Nested Loop  (cost=4698.00..487910.99 rows=2 width=8) (actual time=59.886..32409.584 rows=37014 loops=1)
                     Buffers: shared hit=3070797 read=257837
                     ->  Hash Join  (cost=4697.57..487901.71 rows=4 width=12) (actual time=59.827..30589.164 rows=48368 loops=1)
                           Hash Cond: (ci.role_id = rt.id)
                           Buffers: shared hit=2884007 read=251155
                           ->  Nested Loop  (cost=4696.41..487900.39 rows=43 width=16) (actual time=59.330..30232.045 rows=1918715 loops=1)
                                 Buffers: shared hit=2884006 read=251155
                                 ->  Nested Loop  (cost=4695.97..487765.76 rows=3 width=20) (actual time=59.273..11285.612 rows=44273 loops=1)
                                       Buffers: shared hit=975898 read=139364
                                       ->  Hash Join  (cost=4695.53..481661.74 rows=141 width=12) (actual time=29.253..3689.924 rows=47476 loops=1)
                                             Hash Cond: (t.kind_id = kt.id)
                                             Buffers: shared hit=289283 read=48674
                                             ->  Nested Loop  (cost=4694.40..481659.21 rows=330 width=16) (actual time=20.029..3665.119 rows=47946 loops=1)
                                                   Buffers: shared hit=289282 read=48674
                                                   ->  Bitmap Heap Scan on movie_info mi2  (cost=4693.96..463120.66 rows=2357 width=8) (actual time=19.822..620.054 rows=102550 loops=1)
                                                         Recheck Cond: (info_type_id = 5)
                                                         Filter: ((info)::text = ANY ('{Argentina:Atp,Australia:G,Australia:PG,Finland:K-16,Finland:S,Sweden:15,USA:Approved,USA:Passed,USA:X,"West Germany:12"}'::text[]))
                                                         Rows Removed by Filter: 384004
                                                         Heap Blocks: exact=19164
                                                         Buffers: shared hit=2670 read=16902
                                                         ->  Bitmap Index Scan on info_type_id_movie_info  (cost=0.00..4693.37 rows=439058 width=0) (actual time=17.212..17.212 rows=486554 loops=1)
                                                               Index Cond: (info_type_id = 5)
                                                               Buffers: shared read=408
                                                   ->  Memoize  (cost=0.44..7.88 rows=1 width=8) (actual time=0.029..0.029 rows=0 loops=102550)
                                                         Cache Key: mi2.movie_id
                                                         Cache Mode: logical
                                                         Hits: 22954  Misses: 79596  Evictions: 0  Overflows: 0  Memory Usage: 6442kB
                                                         Buffers: shared hit=286612 read=31772
                                                         ->  Index Scan using title_pkey on title t  (cost=0.43..7.87 rows=1 width=8) (actual time=0.036..0.036 rows=0 loops=79596)
                                                               Index Cond: (id = mi2.movie_id)
                                                               Filter: ((production_year <= 1975) AND (1925 < production_year))
                                                               Rows Removed by Filter: 1
                                                               Buffers: shared hit=286612 read=31772
                                             ->  Hash  (cost=1.10..1.10 rows=3 width=4) (actual time=0.015..0.016 rows=3 loops=1)
                                                   Buckets: 1024  Batches: 1  Memory Usage: 9kB
                                                   Buffers: shared hit=1
                                                   ->  Seq Scan on kind_type kt  (cost=0.00..1.10 rows=3 width=4) (actual time=0.007..0.009 rows=3 loops=1)
                                                         Filter: ((kind)::text = ANY ('{episode,movie,"tv movie"}'::text[]))
                                                         Rows Removed by Filter: 4
                                                         Buffers: shared hit=1
                                       ->  Index Scan using movie_id_movie_info on movie_info mi1  (cost=0.43..43.28 rows=1 width=8) (actual time=0.158..0.159 rows=1 loops=47476)
                                             Index Cond: (movie_id = t.id)
                                             Filter: ((info_type_id = 3) AND ((info)::text = ANY ('{Adult,Adventure,Animation,Drama,Musical,Romance,Thriller}'::text[])))
                                             Rows Removed by Filter: 37
                                             Buffers: shared hit=686615 read=90690
                                 ->  Index Scan using movie_id_cast_info on cast_info ci  (cost=0.44..44.50 rows=38 width=12) (actual time=0.037..0.414 rows=43 loops=44273)
                                       Index Cond: (movie_id = t.id)
                                       Buffers: shared hit=1908108 read=111791
                           ->  Hash  (cost=1.15..1.15 rows=1 width=4) (actual time=0.015..0.015 rows=1 loops=1)
                                 Buckets: 1024  Batches: 1  Memory Usage: 9kB
                                 Buffers: shared hit=1
                                 ->  Seq Scan on role_type rt  (cost=0.00..1.15 rows=1 width=4) (actual time=0.008..0.009 rows=1 loops=1)
                                       Filter: ((role)::text = 'director'::text)
                                       Rows Removed by Filter: 11
                                       Buffers: shared hit=1
                     ->  Index Scan using name_pkey on name n  (cost=0.43..2.32 rows=1 width=4) (actual time=0.037..0.037 rows=1 loops=48368)
                           Index Cond: (id = ci.person_id)
                           Filter: ((gender)::text = 'm'::text)
                           Rows Removed by Filter: 0
                           Buffers: shared hit=186790 read=6682
 Planning:
   Buffers: shared hit=483 read=91
 Planning Time: 13.399 ms
 Execution Time: 32440.005 ms
(78 rows)

