                                                                                                           QUERY PLAN                                                                                                           
--------------------------------------------------------------------------------------------------------------------------------------------------------------------------------------------------------------------------------
 Aggregate  (cost=498585.50..498585.51 rows=1 width=8) (actual time=6253.667..6253.674 rows=1 loops=1)
   Buffers: shared hit=511690 read=138007
   ->  Nested Loop  (cost=4697.60..498585.49 rows=4 width=0) (actual time=32.807..6252.268 rows=6841 loops=1)
         Buffers: shared hit=511690 read=138007
         ->  Seq Scan on info_type it2  (cost=0.00..2.41 rows=1 width=4) (actual time=0.043..0.053 rows=1 loops=1)
               Filter: (id = 5)
               Rows Removed by Filter: 112
               Buffers: shared hit=1
         ->  Nested Loop  (cost=4697.60..498583.04 rows=4 width=4) (actual time=32.763..6250.914 rows=6841 loops=1)
               Buffers: shared hit=511689 read=138007
               ->  Seq Scan on info_type it1  (cost=0.00..2.41 rows=1 width=4) (actual time=0.008..0.021 rows=1 loops=1)
                     Filter: (id = 3)
                     Rows Removed by Filter: 112
                     Buffers: shared hit=1
               ->  Nested Loop  (cost=4697.60..498580.59 rows=4 width=8) (actual time=32.751..6249.474 rows=6841 loops=1)
                     Buffers: shared hit=511688 read=138007
                     ->  Hash Join  (cost=4697.17..498557.39 rows=10 width=12) (actual time=22.350..4815.910 rows=41390 loops=1)
                           Hash Cond: (ci.role_id = rt.id)
                           Buffers: shared hit=363791 read=120344
                           ->  Nested Loop  (cost=4696.01..498555.82 rows=115 width=16) (actual time=21.204..4783.626 rows=153993 loops=1)
                                 Buffers: shared hit=363790 read=120344
                                 ->  Nested Loop  (cost=4695.57..498206.54 rows=8 width=20) (actual time=21.162..3193.105 rows=4297 loops=1)
                                       Buffers: shared hit=248069 read=74227
                                       ->  Hash Join  (cost=4695.13..484575.10 rows=321 width=12) (actual time=20.999..2537.469 rows=4204 loops=1)
                                             Hash Cond: (t.kind_id = kt.id)
                                             Buffers: shared hit=218705 read=43776
                                             ->  Nested Loop  (cost=4694.00..484570.81 rows=748 width=16) (actual time=20.948..2524.901 rows=60025 loops=1)
                                                   Buffers: shared hit=218704 read=43776
                                                   ->  Bitmap Heap Scan on movie_info mi2  (cost=4693.57..477951.46 rows=803 width=8) (actual time=20.905..528.517 rows=60727 loops=1)
                                                         Recheck Cond: (info_type_id = 5)
                                                         Filter: ((info)::text = ANY ('{Argentina:13,Australia:G,Chile:14,Germany:12,India:U,Italy:VM14,Malaysia:U,Sweden:Btl,USA:Approved,USA:PG,"West Germany:16"}'::text[]))
                                                         Rows Removed by Filter: 425827
                                                         Heap Blocks: exact=19164
                                                         Buffers: shared hit=1358 read=18214
                                                         ->  Bitmap Index Scan on info_type_id_movie_info  (cost=0.00..4693.37 rows=439058 width=0) (actual time=18.248..18.248 rows=486554 loops=1)
                                                               Index Cond: (info_type_id = 5)
                                                               Buffers: shared read=408
                                                   ->  Index Scan using title_pkey on title t  (cost=0.43..8.24 rows=1 width=8) (actual time=0.032..0.032 rows=1 loops=60727)
                                                         Index Cond: (id = mi2.movie_id)
                                                         Filter: ((production_year <= 2015) AND (1925 < production_year))
                                                         Rows Removed by Filter: 0
                                                         Buffers: shared hit=217346 read=25562
                                             ->  Hash  (cost=1.10..1.10 rows=3 width=4) (actual time=0.020..0.020 rows=3 loops=1)
                                                   Buckets: 1024  Batches: 1  Memory Usage: 9kB
                                                   Buffers: shared hit=1
                                                   ->  Seq Scan on kind_type kt  (cost=0.00..1.10 rows=3 width=4) (actual time=0.009..0.010 rows=3 loops=1)
                                                         Filter: ((kind)::text = ANY ('{"tv movie","tv series","video game"}'::text[]))
                                                         Rows Removed by Filter: 4
                                                         Buffers: shared hit=1
                                       ->  Index Scan using movie_id_movie_info on movie_info mi1  (cost=0.43..42.46 rows=1 width=8) (actual time=0.153..0.155 rows=1 loops=4204)
                                             Index Cond: (movie_id = t.id)
                                             Filter: ((info_type_id = 3) AND ((info)::text = ANY ('{Action,Documentary,Drama,Family,Mystery,Romance,Thriller}'::text[])))
                                             Rows Removed by Filter: 30
                                             Buffers: shared hit=29364 read=30451
                                 ->  Index Scan using movie_id_cast_info on cast_info ci  (cost=0.44..43.28 rows=38 width=12) (actual time=0.036..0.361 rows=36 loops=4297)
                                       Index Cond: (movie_id = t.id)
                                       Buffers: shared hit=115721 read=46117
                           ->  Hash  (cost=1.15..1.15 rows=1 width=4) (actual time=0.016..0.016 rows=1 loops=1)
                                 Buckets: 1024  Batches: 1  Memory Usage: 9kB
                                 Buffers: shared hit=1
                                 ->  Seq Scan on role_type rt  (cost=0.00..1.15 rows=1 width=4) (actual time=0.009..0.011 rows=1 loops=1)
                                       Filter: ((role)::text = 'miscellaneous crew'::text)
                                       Rows Removed by Filter: 11
                                       Buffers: shared hit=1
                     ->  Index Scan using name_pkey on name n  (cost=0.43..2.32 rows=1 width=4) (actual time=0.034..0.034 rows=0 loops=41390)
                           Index Cond: (id = ci.person_id)
                           Filter: ((gender)::text = 'm'::text)
                           Rows Removed by Filter: 1
                           Buffers: shared hit=147897 read=17663
 Planning:
   Buffers: shared hit=483 read=91
 Planning Time: 14.169 ms
 Execution Time: 6254.341 ms
(73 rows)

