                                                                                             QUERY PLAN                                                                                              
-----------------------------------------------------------------------------------------------------------------------------------------------------------------------------------------------------
 Aggregate  (cost=412821.64..412821.65 rows=1 width=8) (actual time=2228.563..2228.571 rows=1 loops=1)
   Buffers: shared hit=219754 read=10795
   ->  Nested Loop  (cost=4697.60..412821.64 rows=1 width=0) (actual time=70.755..2228.472 rows=463 loops=1)
         Buffers: shared hit=219754 read=10795
         ->  Hash Join  (cost=4697.17..412817.00 rows=2 width=4) (actual time=21.917..2164.194 rows=1797 loops=1)
               Hash Cond: (ci.role_id = rt.id)
               Buffers: shared hit=214342 read=9019
               ->  Nested Loop  (cost=4695.99..412815.77 rows=14 width=8) (actual time=21.825..2162.810 rows=7515 loops=1)
                     Buffers: shared hit=214341 read=9019
                     ->  Nested Loop  (cost=4695.55..412771.40 rows=1 width=12) (actual time=21.786..2083.058 rows=403 loops=1)
                           Buffers: shared hit=208446 read=6376
                           ->  Nested Loop  (cost=4695.55..412768.98 rows=1 width=16) (actual time=21.781..2077.209 rows=403 loops=1)
                                 Buffers: shared hit=208043 read=6376
                                 ->  Nested Loop  (cost=4695.55..412766.56 rows=1 width=20) (actual time=21.756..2070.870 rows=403 loops=1)
                                       Buffers: shared hit=207640 read=6376
                                       ->  Hash Join  (cost=4695.12..409853.00 rows=68 width=12) (actual time=20.776..1988.702 rows=450 loops=1)
                                             Hash Cond: (t.kind_id = kt.id)
                                             Buffers: shared hit=202318 read=4335
                                             ->  Nested Loop  (cost=4693.98..409851.20 rows=158 width=16) (actual time=20.730..1984.256 rows=18642 loops=1)
                                                   Buffers: shared hit=202317 read=4335
                                                   ->  Bitmap Heap Scan on movie_info mi2  (cost=4693.55..403795.51 rows=733 width=8) (actual time=20.440..408.499 rows=46770 loops=1)
                                                         Recheck Cond: (info_type_id = 5)
                                                         Filter: ((info)::text = ANY ('{Australia:M,Finland:K-18,Norway:16,Sweden:15,UK:U,USA:Approved}'::text[]))
                                                         Rows Removed by Filter: 439784
                                                         Heap Blocks: exact=19164
                                                         Buffers: shared hit=19572
                                                         ->  Bitmap Index Scan on info_type_id_movie_info  (cost=0.00..4693.37 rows=439058 width=0) (actual time=17.758..17.759 rows=486554 loops=1)
                                                               Index Cond: (info_type_id = 5)
                                                               Buffers: shared hit=408
                                                   ->  Index Scan using title_pkey on title t  (cost=0.43..8.26 rows=1 width=8) (actual time=0.033..0.033 rows=0 loops=46770)
                                                         Index Cond: (id = mi2.movie_id)
                                                         Filter: ((production_year <= 1990) AND (1950 < production_year))
                                                         Rows Removed by Filter: 1
                                                         Buffers: shared hit=182745 read=4335
                                             ->  Hash  (cost=1.10..1.10 rows=3 width=4) (actual time=0.018..0.019 rows=3 loops=1)
                                                   Buckets: 1024  Batches: 1  Memory Usage: 9kB
                                                   Buffers: shared hit=1
                                                   ->  Seq Scan on kind_type kt  (cost=0.00..1.10 rows=3 width=4) (actual time=0.009..0.011 rows=3 loops=1)
                                                         Filter: ((kind)::text = ANY ('{"tv series","video game","video movie"}'::text[]))
                                                         Rows Removed by Filter: 4
                                                         Buffers: shared hit=1
                                       ->  Index Scan using movie_id_movie_info on movie_info mi1  (cost=0.43..42.84 rows=1 width=8) (actual time=0.179..0.182 rows=1 loops=450)
                                             Index Cond: (movie_id = t.id)
                                             Filter: ((info_type_id = 3) AND ((info)::text = ANY ('{Crime,Drama,Family,Romance,Western}'::text[])))
                                             Rows Removed by Filter: 64
                                             Buffers: shared hit=5322 read=2041
                                 ->  Seq Scan on info_type it1  (cost=0.00..2.41 rows=1 width=4) (actual time=0.007..0.014 rows=1 loops=403)
                                       Filter: (id = 3)
                                       Rows Removed by Filter: 112
                                       Buffers: shared hit=403
                           ->  Seq Scan on info_type it2  (cost=0.00..2.41 rows=1 width=4) (actual time=0.006..0.013 rows=1 loops=403)
                                 Filter: (id = 5)
                                 Rows Removed by Filter: 112
                                 Buffers: shared hit=403
                     ->  Index Scan using movie_id_cast_info on cast_info ci  (cost=0.44..43.99 rows=38 width=12) (actual time=0.033..0.194 rows=19 loops=403)
                           Index Cond: (movie_id = t.id)
                           Buffers: shared hit=5895 read=2643
               ->  Hash  (cost=1.15..1.15 rows=2 width=4) (actual time=0.036..0.036 rows=2 loops=1)
                     Buckets: 1024  Batches: 1  Memory Usage: 9kB
                     Buffers: shared hit=1
                     ->  Seq Scan on role_type rt  (cost=0.00..1.15 rows=2 width=4) (actual time=0.028..0.029 rows=2 loops=1)
                           Filter: ((role)::text = ANY ('{director,"miscellaneous crew"}'::text[]))
                           Rows Removed by Filter: 10
                           Buffers: shared hit=1
         ->  Index Scan using name_pkey on name n  (cost=0.43..2.32 rows=1 width=4) (actual time=0.035..0.035 rows=0 loops=1797)
               Index Cond: (id = ci.person_id)
               Filter: ((gender)::text = 'm'::text)
               Rows Removed by Filter: 1
               Buffers: shared hit=5412 read=1776
 Planning:
   Buffers: shared hit=574
 Planning Time: 14.184 ms
 Execution Time: 2229.234 ms
(73 rows)

