                                                                                             QUERY PLAN                                                                                              
-----------------------------------------------------------------------------------------------------------------------------------------------------------------------------------------------------
 Aggregate  (cost=416812.05..416812.06 rows=1 width=8) (actual time=31051.352..31051.360 rows=1 loops=1)
   Buffers: shared hit=3029494 read=201544
   ->  Nested Loop  (cost=4697.70..416812.04 rows=1 width=0) (actual time=62.602..31049.801 rows=4246 loops=1)
         Buffers: shared hit=3029494 read=201544
         ->  Nested Loop  (cost=4697.70..416809.62 rows=1 width=4) (actual time=62.594..30951.115 rows=4246 loops=1)
               Buffers: shared hit=3025248 read=201544
               ->  Nested Loop  (cost=4697.70..416807.20 rows=1 width=8) (actual time=62.565..30849.317 rows=4246 loops=1)
                     Buffers: shared hit=3021002 read=201544
                     ->  Hash Join  (cost=4697.27..416802.56 rows=2 width=12) (actual time=45.696..26463.186 rows=121245 loops=1)
                           Hash Cond: (ci.role_id = rt.id)
                           Buffers: shared hit=2545951 read=191615
                           ->  Nested Loop  (cost=4696.11..416801.30 rows=29 width=16) (actual time=45.344..26099.374 rows=1812054 loops=1)
                                 Buffers: shared hit=2545950 read=191615
                                 ->  Nested Loop  (cost=4695.67..416711.54 rows=2 width=20) (actual time=45.286..8401.226 rows=43795 loops=1)
                                       Buffers: shared hit=729166 read=93460
                                       ->  Hash Join  (cost=4695.23..413598.28 rows=72 width=12) (actual time=44.959..2601.398 rows=34501 loops=1)
                                             Hash Cond: (t.kind_id = kt.id)
                                             Buffers: shared hit=237980 read=10809
                                             ->  Nested Loop  (cost=4694.10..413596.44 rows=168 width=16) (actual time=21.576..2581.988 rows=34657 loops=1)
                                                   Buffers: shared hit=237979 read=10809
                                                   ->  Bitmap Heap Scan on movie_info mi2  (cost=4693.67..403795.63 rows=1204 width=8) (actual time=18.989..486.803 rows=57304 loops=1)
                                                         Recheck Cond: (info_type_id = 5)
                                                         Filter: ((info)::text = ANY ('{Argentina:Atp,Finland:K-16,Sweden:15,UK:PG,USA:Approved,USA:Passed}'::text[]))
                                                         Rows Removed by Filter: 429250
                                                         Heap Blocks: exact=19164
                                                         Buffers: shared hit=17135 read=2437
                                                         ->  Bitmap Index Scan on info_type_id_movie_info  (cost=0.00..4693.37 rows=439058 width=0) (actual time=16.078..16.079 rows=486554 loops=1)
                                                               Index Cond: (info_type_id = 5)
                                                               Buffers: shared hit=408
                                                   ->  Index Scan using title_pkey on title t  (cost=0.43..8.14 rows=1 width=8) (actual time=0.036..0.036 rows=1 loops=57304)
                                                         Index Cond: (id = mi2.movie_id)
                                                         Filter: ((production_year <= 1975) AND (1925 < production_year))
                                                         Rows Removed by Filter: 0
                                                         Buffers: shared hit=220844 read=8372
                                             ->  Hash  (cost=1.10..1.10 rows=3 width=4) (actual time=0.016..0.017 rows=3 loops=1)
                                                   Buckets: 1024  Batches: 1  Memory Usage: 9kB
                                                   Buffers: shared hit=1
                                                   ->  Seq Scan on kind_type kt  (cost=0.00..1.10 rows=3 width=4) (actual time=0.008..0.010 rows=3 loops=1)
                                                         Filter: ((kind)::text = ANY ('{episode,movie,"tv movie"}'::text[]))
                                                         Rows Removed by Filter: 4
                                                         Buffers: shared hit=1
                                       ->  Index Scan using movie_id_movie_info on movie_info mi1  (cost=0.43..43.23 rows=1 width=8) (actual time=0.166..0.167 rows=1 loops=34501)
                                             Index Cond: (movie_id = t.id)
                                             Filter: ((info_type_id = 3) AND ((info)::text = ANY ('{Action,Comedy,Drama,Mystery,Romance,Western}'::text[])))
                                             Rows Removed by Filter: 38
                                             Buffers: shared hit=491186 read=82651
                                 ->  Index Scan using movie_id_cast_info on cast_info ci  (cost=0.44..44.50 rows=38 width=12) (actual time=0.038..0.391 rows=41 loops=43795)
                                       Index Cond: (movie_id = t.id)
                                       Buffers: shared hit=1816784 read=98155
                           ->  Hash  (cost=1.15..1.15 rows=1 width=4) (actual time=0.029..0.030 rows=1 loops=1)
                                 Buckets: 1024  Batches: 1  Memory Usage: 9kB
                                 Buffers: shared hit=1
                                 ->  Seq Scan on role_type rt  (cost=0.00..1.15 rows=1 width=4) (actual time=0.023..0.024 rows=1 loops=1)
                                       Filter: ((role)::text = 'writer'::text)
                                       Rows Removed by Filter: 11
                                       Buffers: shared hit=1
                     ->  Index Scan using name_pkey on name n  (cost=0.43..2.32 rows=1 width=4) (actual time=0.036..0.036 rows=0 loops=121245)
                           Index Cond: (id = ci.person_id)
                           Filter: ((gender)::text = 'f'::text)
                           Rows Removed by Filter: 1
                           Buffers: shared hit=475051 read=9929
               ->  Seq Scan on info_type it1  (cost=0.00..2.41 rows=1 width=4) (actual time=0.011..0.021 rows=1 loops=4246)
                     Filter: (id = 3)
                     Rows Removed by Filter: 112
                     Buffers: shared hit=4246
         ->  Seq Scan on info_type it2  (cost=0.00..2.41 rows=1 width=4) (actual time=0.011..0.021 rows=1 loops=4246)
               Filter: (id = 5)
               Rows Removed by Filter: 112
               Buffers: shared hit=4246
 Planning:
   Buffers: shared hit=574
 Planning Time: 13.335 ms
 Execution Time: 31051.982 ms
(73 rows)

