                                                                                             QUERY PLAN                                                                                              
-----------------------------------------------------------------------------------------------------------------------------------------------------------------------------------------------------
 Aggregate  (cost=396133.57..396133.58 rows=1 width=8) (actual time=1644.594..1644.603 rows=1 loops=1)
   Buffers: shared hit=150362 read=18922
   ->  Nested Loop  (cost=4697.55..396133.57 rows=1 width=0) (actual time=283.212..1644.594 rows=10 loops=1)
         Buffers: shared hit=150362 read=18922
         ->  Hash Join  (cost=4697.12..396131.25 rows=1 width=4) (actual time=269.553..1644.288 rows=14 loops=1)
               Hash Cond: (ci.role_id = rt.id)
               Buffers: shared hit=150315 read=18913
               ->  Nested Loop  (cost=4695.96..396130.04 rows=14 width=8) (actual time=269.488..1644.205 rows=122 loops=1)
                     Buffers: shared hit=150314 read=18913
                     ->  Nested Loop  (cost=4695.52..396085.49 rows=1 width=12) (actual time=269.450..1643.287 rows=12 loops=1)
                           Buffers: shared hit=150262 read=18836
                           ->  Nested Loop  (cost=4695.52..396083.06 rows=1 width=16) (actual time=269.442..1643.178 rows=12 loops=1)
                                 Buffers: shared hit=150250 read=18836
                                 ->  Nested Loop  (cost=4695.52..396080.64 rows=1 width=20) (actual time=269.423..1643.044 rows=12 loops=1)
                                       Buffers: shared hit=150238 read=18836
                                       ->  Hash Join  (cost=4695.08..394576.75 rows=35 width=12) (actual time=269.260..1641.695 rows=14 loops=1)
                                             Hash Cond: (t.kind_id = kt.id)
                                             Buffers: shared hit=150157 read=18716
                                             ->  Nested Loop  (cost=4693.97..394575.11 rows=123 width=16) (actual time=34.507..1635.101 rows=31653 loops=1)
                                                   Buffers: shared hit=150156 read=18716
                                                   ->  Bitmap Heap Scan on movie_info mi2  (cost=4693.54..388964.31 rows=678 width=8) (actual time=20.821..405.507 rows=37325 loops=1)
                                                         Recheck Cond: (info_type_id = 5)
                                                         Filter: ((info)::text = ANY ('{Finland:K-16,Finland:S,Sweden:Btl,USA:Approved,USA:Passed}'::text[]))
                                                         Rows Removed by Filter: 449229
                                                         Heap Blocks: exact=19164
                                                         Buffers: shared hit=3254 read=16318
                                                         ->  Bitmap Index Scan on info_type_id_movie_info  (cost=0.00..4693.37 rows=439058 width=0) (actual time=17.666..17.667 rows=486554 loops=1)
                                                               Index Cond: (info_type_id = 5)
                                                               Buffers: shared read=408
                                                   ->  Index Scan using title_pkey on title t  (cost=0.43..8.28 rows=1 width=8) (actual time=0.032..0.032 rows=1 loops=37325)
                                                         Index Cond: (id = mi2.movie_id)
                                                         Filter: ((production_year <= 1975) AND (1875 < production_year))
                                                         Rows Removed by Filter: 0
                                                         Buffers: shared hit=146902 read=2398
                                             ->  Hash  (cost=1.09..1.09 rows=2 width=4) (actual time=0.017..0.018 rows=2 loops=1)
                                                   Buckets: 1024  Batches: 1  Memory Usage: 9kB
                                                   Buffers: shared hit=1
                                                   ->  Seq Scan on kind_type kt  (cost=0.00..1.09 rows=2 width=4) (actual time=0.011..0.013 rows=2 loops=1)
                                                         Filter: ((kind)::text = ANY ('{"tv series","video game"}'::text[]))
                                                         Rows Removed by Filter: 5
                                                         Buffers: shared hit=1
                                       ->  Index Scan using movie_id_movie_info on movie_info mi1  (cost=0.43..42.96 rows=1 width=8) (actual time=0.092..0.095 rows=1 loops=14)
                                             Index Cond: (movie_id = t.id)
                                             Filter: ((info_type_id = 3) AND ((info)::text = ANY ('{Comedy,Crime,Drama,Short,Western}'::text[])))
                                             Rows Removed by Filter: 21
                                             Buffers: shared hit=81 read=120
                                 ->  Seq Scan on info_type it1  (cost=0.00..2.41 rows=1 width=4) (actual time=0.005..0.009 rows=1 loops=12)
                                       Filter: (id = 3)
                                       Rows Removed by Filter: 112
                                       Buffers: shared hit=12
                           ->  Seq Scan on info_type it2  (cost=0.00..2.41 rows=1 width=4) (actual time=0.004..0.008 rows=1 loops=12)
                                 Filter: (id = 5)
                                 Rows Removed by Filter: 112
                                 Buffers: shared hit=12
                     ->  Index Scan using movie_id_cast_info on cast_info ci  (cost=0.44..44.17 rows=38 width=12) (actual time=0.023..0.074 rows=10 loops=12)
                           Index Cond: (movie_id = t.id)
                           Buffers: shared hit=52 read=77
               ->  Hash  (cost=1.15..1.15 rows=1 width=4) (actual time=0.035..0.036 rows=1 loops=1)
                     Buckets: 1024  Batches: 1  Memory Usage: 9kB
                     Buffers: shared hit=1
                     ->  Seq Scan on role_type rt  (cost=0.00..1.15 rows=1 width=4) (actual time=0.025..0.026 rows=1 loops=1)
                           Filter: ((role)::text = 'writer'::text)
                           Rows Removed by Filter: 11
                           Buffers: shared hit=1
         ->  Index Scan using name_pkey on name n  (cost=0.43..2.32 rows=1 width=4) (actual time=0.021..0.021 rows=1 loops=14)
               Index Cond: (id = ci.person_id)
               Filter: ((gender)::text = 'm'::text)
               Rows Removed by Filter: 0
               Buffers: shared hit=47 read=9
 Planning:
   Buffers: shared hit=520 read=54
 Planning Time: 13.939 ms
 Execution Time: 1645.317 ms
(73 rows)

