                                                                                                                          QUERY PLAN                                                                                                                           
---------------------------------------------------------------------------------------------------------------------------------------------------------------------------------------------------------------------------------------------------------------
 Aggregate  (cost=511397.40..511397.41 rows=1 width=8) (actual time=157927.483..157927.489 rows=1 loops=1)
   Buffers: shared hit=14889174 read=950653
   ->  Nested Loop  (cost=4697.47..511397.40 rows=1 width=0) (actual time=28.531..157881.451 rows=170823 loops=1)
         Buffers: shared hit=14889174 read=950653
         ->  Nested Loop  (cost=4697.47..511394.98 rows=1 width=4) (actual time=28.525..153743.449 rows=170823 loops=1)
               Buffers: shared hit=14718351 read=950653
               ->  Nested Loop  (cost=4697.47..511392.55 rows=1 width=8) (actual time=28.508..149538.858 rows=170823 loops=1)
                     Buffers: shared hit=14547528 read=950653
                     ->  Hash Join  (cost=4697.04..511380.95 rows=5 width=12) (actual time=28.430..70780.111 rows=2140643 loops=1)
                           Hash Cond: (ci.role_id = rt.id)
                           Buffers: shared hit=6130876 read=804733
                           ->  Nested Loop  (cost=4695.87..511379.68 rows=29 width=16) (actual time=28.092..69082.122 rows=5561587 loops=1)
                                 Buffers: shared hit=6130875 read=804733
                                 ->  Nested Loop  (cost=4695.43..511292.36 rows=2 width=20) (actual time=28.046..13914.758 rows=77479 loops=1)
                                       Buffers: shared hit=1118230 read=176892
                                       ->  Hash Join  (cost=4694.97..508836.97 rows=58 width=12) (actual time=21.226..3322.713 rows=57048 loops=1)
                                             Hash Cond: (t.kind_id = kt.id)
                                             Buffers: shared hit=242319 read=40774
                                             ->  Nested Loop  (cost=4693.84..508835.27 rows=135 width=16) (actual time=20.963..3283.479 rows=65169 loops=1)
                                                   Buffers: shared hit=242318 read=40774
                                                   ->  Bitmap Heap Scan on movie_info mi2  (cost=4693.41..507613.66 rows=145 width=8) (actual time=20.920..703.043 rows=65880 loops=1)
                                                         Recheck Cond: (info_type_id = 5)
                                                         Filter: ((info)::text = ANY ('{Argentina:13,Argentina:16,Belgium:KT,"Hong Kong:III",Portugal:M/16,Singapore:PG,UK:PG,USA:M,"USA:Not Rated",USA:PG,USA:PG-13,USA:Unrated,"West Germany:16"}'::text[]))
                                                         Rows Removed by Filter: 420674
                                                         Heap Blocks: exact=19164
                                                         Buffers: shared hit=5179 read=14393
                                                         ->  Bitmap Index Scan on info_type_id_movie_info  (cost=0.00..4693.37 rows=439058 width=0) (actual time=17.946..17.946 rows=486554 loops=1)
                                                               Index Cond: (info_type_id = 5)
                                                               Buffers: shared read=408
                                                   ->  Index Scan using title_pkey on title t  (cost=0.43..8.42 rows=1 width=8) (actual time=0.038..0.038 rows=1 loops=65880)
                                                         Index Cond: (id = mi2.movie_id)
                                                         Filter: ((production_year <= 2015) AND (1925 < production_year))
                                                         Rows Removed by Filter: 0
                                                         Buffers: shared hit=237139 read=26381
                                             ->  Hash  (cost=1.10..1.10 rows=3 width=4) (actual time=0.019..0.020 rows=3 loops=1)
                                                   Buckets: 1024  Batches: 1  Memory Usage: 9kB
                                                   Buffers: shared hit=1
                                                   ->  Seq Scan on kind_type kt  (cost=0.00..1.10 rows=3 width=4) (actual time=0.010..0.012 rows=3 loops=1)
                                                         Filter: ((kind)::text = ANY ('{episode,movie,"video movie"}'::text[]))
                                                         Rows Removed by Filter: 4
                                                         Buffers: shared hit=1
                                       ->  Index Scan using movie_id_movie_info on movie_info mi1  (cost=0.46..42.32 rows=1 width=8) (actual time=0.183..0.185 rows=1 loops=57048)
                                             Index Cond: (movie_id = t.id)
                                             Filter: ((info_type_id = 3) AND ((info)::text = ANY ('{Action,Adventure,Comedy,Drama,Fantasy,Romance,Sci-Fi,Short,Thriller}'::text[])))
                                             Rows Removed by Filter: 68
                                             Buffers: shared hit=875911 read=136118
                                 ->  Index Scan using movie_id_cast_info on cast_info ci  (cost=0.44..43.28 rows=38 width=12) (actual time=0.037..0.690 rows=72 loops=77479)
                                       Index Cond: (movie_id = t.id)
                                       Buffers: shared hit=5012645 read=627841
                           ->  Hash  (cost=1.15..1.15 rows=2 width=4) (actual time=0.040..0.041 rows=2 loops=1)
                                 Buckets: 1024  Batches: 1  Memory Usage: 9kB
                                 Buffers: shared hit=1
                                 ->  Seq Scan on role_type rt  (cost=0.00..1.15 rows=2 width=4) (actual time=0.027..0.030 rows=2 loops=1)
                                       Filter: ((role)::text = ANY ('{"miscellaneous crew",producer}'::text[]))
                                       Rows Removed by Filter: 10
                                       Buffers: shared hit=1
                     ->  Index Scan using name_pkey on name n  (cost=0.43..2.32 rows=1 width=4) (actual time=0.036..0.036 rows=0 loops=2140643)
                           Index Cond: (id = ci.person_id)
                           Filter: ((gender)::text = 'f'::text)
                           Rows Removed by Filter: 1
                           Buffers: shared hit=8416652 read=145920
               ->  Seq Scan on info_type it1  (cost=0.00..2.41 rows=1 width=4) (actual time=0.012..0.022 rows=1 loops=170823)
                     Filter: (id = 3)
                     Rows Removed by Filter: 112
                     Buffers: shared hit=170823
         ->  Seq Scan on info_type it2  (cost=0.00..2.41 rows=1 width=4) (actual time=0.012..0.022 rows=1 loops=170823)
               Filter: (id = 5)
               Rows Removed by Filter: 112
               Buffers: shared hit=170823
 Planning:
   Buffers: shared hit=485 read=92
 Planning Time: 14.694 ms
 Execution Time: 157928.225 ms
(73 rows)

