                                                                                               QUERY PLAN                                                                                               
--------------------------------------------------------------------------------------------------------------------------------------------------------------------------------------------------------
 Aggregate  (cost=430350.45..430350.46 rows=1 width=8) (actual time=5729.589..5729.595 rows=1 loops=1)
   Buffers: shared hit=413456 read=183359
   ->  Nested Loop  (cost=15875.05..430350.43 rows=10 width=0) (actual time=157.901..5728.842 rows=2115 loops=1)
         Buffers: shared hit=413456 read=183359
         ->  Seq Scan on info_type it2  (cost=0.00..2.41 rows=1 width=4) (actual time=0.048..0.055 rows=1 loops=1)
               Filter: (id = 7)
               Rows Removed by Filter: 112
               Buffers: shared hit=1
         ->  Nested Loop  (cost=15875.05..430347.92 rows=10 width=4) (actual time=157.851..5728.323 rows=2115 loops=1)
               Buffers: shared hit=413455 read=183359
               ->  Seq Scan on info_type it1  (cost=0.00..2.41 rows=1 width=4) (actual time=0.013..0.022 rows=1 loops=1)
                     Filter: (id = 3)
                     Rows Removed by Filter: 112
                     Buffers: shared hit=1
               ->  Nested Loop  (cost=15875.05..430345.40 rows=10 width=8) (actual time=157.834..5727.800 rows=2115 loops=1)
                     Buffers: shared hit=413454 read=183359
                     ->  Hash Join  (cost=15874.62..430289.73 rows=24 width=12) (actual time=65.676..5609.296 rows=3474 loops=1)
                           Hash Cond: (ci.role_id = rt.id)
                           Buffers: shared hit=402453 read=180464
                           ->  Nested Loop  (cost=15873.46..430287.55 rows=287 width=16) (actual time=64.821..5579.035 rows=238982 loops=1)
                                 Buffers: shared hit=402452 read=180464
                                 ->  Nested Loop  (cost=15873.02..429413.60 rows=20 width=20) (actual time=64.770..3365.643 rows=3909 loops=1)
                                       Buffers: shared hit=257686 read=80341
                                       ->  Hash Join  (cost=15872.59..393512.55 rows=849 width=12) (actual time=40.433..1480.752 rows=17206 loops=1)
                                             Hash Cond: (t.kind_id = kt.id)
                                             Buffers: shared hit=93113 read=30773
                                             ->  Nested Loop  (cost=15871.45..393503.07 rows=1981 width=16) (actual time=39.730..1473.850 rows=19532 loops=1)
                                                   Buffers: shared hit=93112 read=30773
                                                   ->  Bitmap Heap Scan on movie_info mi2  (cost=15871.01..373919.97 rows=2500 width=8) (actual time=39.696..476.879 rows=28393 loops=1)
                                                         Recheck Cond: (info_type_id = 7)
                                                         Filter: ((info)::text = ANY ('{LAB:DeLuxe,PCS:Panavision,PFM:Video}'::text[]))
                                                         Rows Removed by Filter: 1373509
                                                         Heap Blocks: exact=10050
                                                         Buffers: shared hit=3480 read=7669
                                                         ->  Bitmap Index Scan on info_type_id_movie_info  (cost=0.00..15870.39 rows=1484527 width=0) (actual time=38.311..38.311 rows=1401902 loops=1)
                                                               Index Cond: (info_type_id = 7)
                                                               Buffers: shared hit=1 read=1098
                                                   ->  Memoize  (cost=0.44..7.84 rows=1 width=8) (actual time=0.035..0.035 rows=1 loops=28393)
                                                         Cache Key: mi2.movie_id
                                                         Cache Mode: logical
                                                         Hits: 209  Misses: 28184  Evictions: 0  Overflows: 0  Memory Usage: 2630kB
                                                         Buffers: shared hit=89632 read=23104
                                                         ->  Index Scan using title_pkey on title t  (cost=0.43..7.83 rows=1 width=8) (actual time=0.034..0.034 rows=1 loops=28184)
                                                               Index Cond: (id = mi2.movie_id)
                                                               Filter: ((production_year <= 2015) AND (1975 < production_year))
                                                               Rows Removed by Filter: 0
                                                               Buffers: shared hit=89632 read=23104
                                             ->  Hash  (cost=1.10..1.10 rows=3 width=4) (actual time=0.019..0.019 rows=3 loops=1)
                                                   Buckets: 1024  Batches: 1  Memory Usage: 9kB
                                                   Buffers: shared hit=1
                                                   ->  Seq Scan on kind_type kt  (cost=0.00..1.10 rows=3 width=4) (actual time=0.010..0.012 rows=3 loops=1)
                                                         Filter: ((kind)::text = ANY ('{episode,movie,"video movie"}'::text[]))
                                                         Rows Removed by Filter: 4
                                                         Buffers: shared hit=1
                                       ->  Index Scan using movie_id_movie_info on movie_info mi1  (cost=0.43..42.28 rows=1 width=8) (actual time=0.109..0.109 rows=0 loops=17206)
                                             Index Cond: (movie_id = t.id)
                                             Filter: ((info_type_id = 3) AND ((info)::text = ANY ('{Comedy,Documentary,Drama}'::text[])))
                                             Rows Removed by Filter: 27
                                             Buffers: shared hit=164573 read=49568
                                 ->  Index Scan using movie_id_cast_info on cast_info ci  (cost=0.44..43.32 rows=38 width=12) (actual time=0.037..0.554 rows=61 loops=3909)
                                       Index Cond: (movie_id = t.id)
                                       Buffers: shared hit=144766 read=100123
                           ->  Hash  (cost=1.15..1.15 rows=1 width=4) (actual time=0.018..0.019 rows=1 loops=1)
                                 Buckets: 1024  Batches: 1  Memory Usage: 9kB
                                 Buffers: shared hit=1
                                 ->  Seq Scan on role_type rt  (cost=0.00..1.15 rows=1 width=4) (actual time=0.011..0.012 rows=1 loops=1)
                                       Filter: ((role)::text = 'composer'::text)
                                       Rows Removed by Filter: 11
                                       Buffers: shared hit=1
                     ->  Index Scan using name_pkey on name n  (cost=0.43..2.32 rows=1 width=4) (actual time=0.033..0.033 rows=1 loops=3474)
                           Index Cond: (id = ci.person_id)
                           Filter: ((gender)::text = 'm'::text)
                           Rows Removed by Filter: 0
                           Buffers: shared hit=11001 read=2895
 Planning:
   Buffers: shared hit=574
 Planning Time: 13.053 ms
 Execution Time: 5730.649 ms
(78 rows)

