                                                                                                  QUERY PLAN                                                                                                  
--------------------------------------------------------------------------------------------------------------------------------------------------------------------------------------------------------------
 Aggregate  (cost=904333.09..904333.10 rows=1 width=8) (actual time=18842.311..18842.321 rows=1 loops=1)
   Buffers: shared hit=1726642 read=129416, temp read=7962 written=7328
   ->  Nested Loop  (cost=835760.24..904331.50 rows=636 width=0) (actual time=1098.766..18840.051 rows=8118 loops=1)
         Buffers: shared hit=1726642 read=129416, temp read=7962 written=7328
         ->  Seq Scan on info_type it2  (cost=0.00..2.41 rows=1 width=4) (actual time=0.045..0.058 rows=1 loops=1)
               Filter: (id = 7)
               Rows Removed by Filter: 112
               Buffers: shared hit=1
         ->  Nested Loop  (cost=835760.24..904322.73 rows=636 width=4) (actual time=1098.718..18838.048 rows=8118 loops=1)
               Buffers: shared hit=1726641 read=129416, temp read=7962 written=7328
               ->  Seq Scan on info_type it1  (cost=0.00..2.41 rows=1 width=4) (actual time=0.012..0.026 rows=1 loops=1)
                     Filter: (id = 3)
                     Rows Removed by Filter: 112
                     Buffers: shared hit=1
               ->  Nested Loop  (cost=835760.24..904313.96 rows=636 width=8) (actual time=1098.705..18835.960 rows=8118 loops=1)
                     Buffers: shared hit=1726640 read=129416, temp read=7962 written=7328
                     ->  Hash Join  (cost=835759.81..900795.25 rows=1517 width=12) (actual time=1097.948..18190.207 rows=16850 loops=1)
                           Hash Cond: (ci.role_id = rt.id)
                           Buffers: shared hit=1668750 read=119906, temp read=7962 written=7328
                           ->  Nested Loop  (cost=835758.63..900761.75 rows=9102 width=16) (actual time=1097.866..18130.691 rows=277194 loops=1)
                                 Buffers: shared hit=1668749 read=119906, temp read=7962 written=7328
                                 ->  Nested Loop  (cost=835758.19..873037.85 rows=635 width=20) (actual time=1097.844..14862.832 rows=10416 loops=1)
                                       Buffers: shared hit=1449997 read=35143, temp read=7962 written=7328
                                       ->  Nested Loop  (cost=835758.05..873001.36 rows=1481 width=24) (actual time=1097.828..14706.664 rows=225844 loops=1)
                                             Buffers: shared hit=1449985 read=35143, temp read=7962 written=7328
                                             ->  Merge Join  (cost=835757.62..836587.46 rows=11685 width=16) (actual time=1097.787..1702.346 rows=365751 loops=1)
                                                   Merge Cond: (mi1.movie_id = mi2.movie_id)
                                                   Buffers: shared hit=8740 read=13384, temp read=7962 written=7328
                                                   ->  Sort  (cost=428693.32..428953.23 rows=103963 width=8) (actual time=656.210..830.964 rows=991873 loops=1)
                                                         Sort Key: mi1.movie_id
                                                         Sort Method: external sort  Disk: 21432kB
                                                         Buffers: shared hit=3388 read=7587, temp read=5348 written=5361
                                                         ->  Bitmap Heap Scan on movie_info mi1  (cost=16474.46..420030.24 rows=103963 width=8) (actual time=42.832..410.989 rows=991877 loops=1)
                                                               Recheck Cond: (info_type_id = 3)
                                                               Filter: ((info)::text = ANY ('{Adventure,Comedy,Documentary,Drama,Short,Western}'::text[]))
                                                               Rows Removed by Filter: 542032
                                                               Heap Blocks: exact=9772
                                                               Buffers: shared hit=3388 read=7587
                                                               ->  Bitmap Index Scan on info_type_id_movie_info  (cost=0.00..16448.47 rows=1538671 width=0) (actual time=41.627..41.628 rows=1533909 loops=1)
                                                                     Index Cond: (info_type_id = 3)
                                                                     Buffers: shared read=1203
                                                   ->  Sort  (cost=407064.29..407160.88 rows=38636 width=8) (actual time=441.568..537.818 rows=479222 loops=1)
                                                         Sort Key: mi2.movie_id
                                                         Sort Method: external sort  Disk: 7864kB
                                                         Buffers: shared hit=5352 read=5797, temp read=2288 written=1967
                                                         ->  Bitmap Heap Scan on movie_info mi2  (cost=15880.05..404120.68 rows=38636 width=8) (actual time=32.888..350.296 rows=363640 loops=1)
                                                               Recheck Cond: (info_type_id = 7)
                                                               Filter: ((info)::text = ANY ('{"MET:600 m","PFM:35 mm","RAT:1.37 : 1","RAT:1.85 : 1","RAT:16:9 HD"}'::text[]))
                                                               Rows Removed by Filter: 1038262
                                                               Heap Blocks: exact=10050
                                                               Buffers: shared hit=5352 read=5797
                                                               ->  Bitmap Index Scan on info_type_id_movie_info  (cost=0.00..15870.39 rows=1484527 width=0) (actual time=31.646..31.646 rows=1401902 loops=1)
                                                                     Index Cond: (info_type_id = 7)
                                                                     Buffers: shared hit=1 read=1098
                                             ->  Index Scan using title_pkey on title t  (cost=0.43..3.12 rows=1 width=8) (actual time=0.035..0.035 rows=1 loops=365751)
                                                   Index Cond: (id = mi1.movie_id)
                                                   Filter: ((production_year <= 2015) AND (1925 < production_year))
                                                   Rows Removed by Filter: 0
                                                   Buffers: shared hit=1441245 read=21759
                                       ->  Memoize  (cost=0.14..0.16 rows=1 width=4) (actual time=0.000..0.000 rows=0 loops=225844)
                                             Cache Key: t.kind_id
                                             Cache Mode: logical
                                             Hits: 225838  Misses: 6  Evictions: 0  Overflows: 0  Memory Usage: 1kB
                                             Buffers: shared hit=12
                                             ->  Index Scan using kind_type_pkey on kind_type kt  (cost=0.13..0.15 rows=1 width=4) (actual time=0.009..0.010 rows=0 loops=6)
                                                   Index Cond: (id = t.kind_id)
                                                   Filter: ((kind)::text = ANY ('{"tv movie","tv series","video game"}'::text[]))
                                                   Rows Removed by Filter: 0
                                                   Buffers: shared hit=12
                                 ->  Index Scan using movie_id_cast_info on cast_info ci  (cost=0.44..43.28 rows=38 width=12) (actual time=0.039..0.306 rows=27 loops=10416)
                                       Index Cond: (movie_id = t.id)
                                       Buffers: shared hit=218752 read=84763
                           ->  Hash  (cost=1.15..1.15 rows=2 width=4) (actual time=0.020..0.022 rows=2 loops=1)
                                 Buckets: 1024  Batches: 1  Memory Usage: 9kB
                                 Buffers: shared hit=1
                                 ->  Seq Scan on role_type rt  (cost=0.00..1.15 rows=2 width=4) (actual time=0.010..0.012 rows=2 loops=1)
                                       Filter: ((role)::text = ANY ('{cinematographer,director}'::text[]))
                                       Rows Removed by Filter: 10
                                       Buffers: shared hit=1
                     ->  Index Scan using name_pkey on name n  (cost=0.43..2.32 rows=1 width=4) (actual time=0.038..0.038 rows=0 loops=16850)
                           Index Cond: (id = ci.person_id)
                           Filter: ((gender)::text = 'm'::text)
                           Rows Removed by Filter: 1
                           Buffers: shared hit=57890 read=9510
 Planning:
   Buffers: shared hit=482 read=92
 Planning Time: 13.863 ms
 Execution Time: 18854.614 ms
(88 rows)

