                                                                                                                                                            QUERY PLAN                                                                                                                                                             
-----------------------------------------------------------------------------------------------------------------------------------------------------------------------------------------------------------------------------------------------------------------------------------------------------------------------------------
 Aggregate  (cost=1098721.85..1098721.86 rows=1 width=8) (actual time=12482.617..12482.626 rows=1 loops=1)
   Buffers: shared hit=1001460 read=218326, temp read=3876 written=3876
   ->  Nested Loop  (cost=504768.40..1098721.04 rows=324 width=0) (actual time=1174.397..12480.880 rows=5675 loops=1)
         Buffers: shared hit=1001460 read=218326, temp read=3876 written=3876
         ->  Seq Scan on info_type it2  (cost=0.00..2.41 rows=1 width=4) (actual time=0.034..0.041 rows=1 loops=1)
               Filter: (id = 7)
               Rows Removed by Filter: 112
               Buffers: shared hit=1
         ->  Nested Loop  (cost=504768.40..1098715.39 rows=324 width=4) (actual time=1174.361..12479.566 rows=5675 loops=1)
               Buffers: shared hit=1001459 read=218326, temp read=3876 written=3876
               ->  Seq Scan on info_type it1  (cost=0.00..2.41 rows=1 width=4) (actual time=0.006..0.016 rows=1 loops=1)
                     Filter: (id = 3)
                     Rows Removed by Filter: 112
                     Buffers: shared hit=1
               ->  Nested Loop  (cost=504768.40..1098709.73 rows=324 width=8) (actual time=1174.353..12478.230 rows=5675 loops=1)
                     Buffers: shared hit=1001458 read=218326, temp read=3876 written=3876
                     ->  Hash Join  (cost=504767.97..1095471.68 rows=1396 width=12) (actual time=1173.945..10060.165 rows=74988 loops=1)
                           Hash Cond: (ci.role_id = rt.id)
                           Buffers: shared hit=716408 read=203424, temp read=3876 written=3876
                           ->  Nested Loop  (cost=504766.80..1095411.01 rows=16756 width=16) (actual time=1173.666..9927.816 rows=801813 loops=1)
                                 Buffers: shared hit=716407 read=203424, temp read=3876 written=3876
                                 ->  Hash Join  (cost=504766.36..1044284.15 rows=1169 width=20) (actual time=1173.629..2342.919 rows=26385 loops=1)
                                       Hash Cond: (mi2.movie_id = t.id)
                                       Buffers: shared hit=2991 read=55525, temp read=3876 written=3876
                                       ->  Bitmap Heap Scan on movie_info mi2  (cost=15890.86..555089.92 rows=81876 width=8) (actual time=36.091..1016.879 rows=792298 loops=1)
                                             Recheck Cond: (info_type_id = 7)
                                             Filter: ((info)::text = ANY ('{"CAM:Red One Camera","LAB:DeLuxe, Hollywood (CA), USA","OFM:16 mm","OFM:Super 16",PCS:Spherical,"PCS:Super 35","PFM:35 mm",PFM:D-Cinema,PFM:Video,"RAT:1.33 : 1","RAT:1.66 : 1","RAT:1.78 : 1","RAT:1.85 : 1","RAT:16:9 HD","RAT:2.35 : 1"}'::text[]))
                                             Rows Removed by Filter: 609604
                                             Heap Blocks: exact=10050
                                             Buffers: shared hit=347 read=10802
                                             ->  Bitmap Index Scan on info_type_id_movie_info  (cost=0.00..15870.39 rows=1484527 width=0) (actual time=34.861..34.861 rows=1401902 loops=1)
                                                   Index Cond: (info_type_id = 7)
                                                   Buffers: shared read=1099
                                       ->  Hash  (cost=488424.38..488424.38 rows=36090 width=12) (actual time=1137.162..1137.167 rows=109701 loops=1)
                                             Buckets: 131072 (originally 65536)  Batches: 1 (originally 1)  Memory Usage: 5738kB
                                             Buffers: shared hit=2644 read=44723, temp read=3876 written=3876
                                             ->  Hash Join  (cost=110394.66..488424.38 rows=36090 width=12) (actual time=576.737..1117.939 rows=109701 loops=1)
                                                   Hash Cond: (mi1.movie_id = t.id)
                                                   Buffers: shared hit=2644 read=44723, temp read=3876 written=3876
                                                   ->  Bitmap Heap Scan on movie_info mi1  (cost=16479.04..389815.72 rows=122170 width=8) (actual time=37.183..330.469 rows=1175294 loops=1)
                                                         Recheck Cond: (info_type_id = 3)
                                                         Filter: ((info)::text = ANY ('{Animation,Comedy,Crime,Documentary,Drama,Fantasy,Horror,Music,Sci-Fi,Short,Thriller}'::text[]))
                                                         Rows Removed by Filter: 358615
                                                         Heap Blocks: exact=9772
                                                         Buffers: shared hit=2643 read=8332
                                                         ->  Bitmap Index Scan on info_type_id_movie_info  (cost=0.00..16448.47 rows=1538671 width=0) (actual time=35.995..35.996 rows=1533909 loops=1)
                                                               Index Cond: (info_type_id = 3)
                                                               Buffers: shared hit=1 read=1202
                                                   ->  Hash  (cost=81661.50..81661.50 rows=746890 width=4) (actual time=538.537..538.540 rows=138444 loops=1)
                                                         Buckets: 262144  Batches: 8  Memory Usage: 2656kB
                                                         Buffers: shared hit=1 read=36391, temp written=350
                                                         ->  Hash Join  (cost=1.13..81661.50 rows=746890 width=4) (actual time=0.048..518.037 rows=138444 loops=1)
                                                               Hash Cond: (t.kind_id = kt.id)
                                                               Buffers: shared hit=1 read=36391
                                                               ->  Seq Scan on title t  (cost=0.00..74315.95 rows=1742744 width=8) (actual time=0.026..414.579 rows=1748995 loops=1)
                                                                     Filter: ((production_year <= 2015) AND (1990 < production_year))
                                                                     Rows Removed by Filter: 779317
                                                                     Buffers: shared read=36391
                                                               ->  Hash  (cost=1.10..1.10 rows=3 width=4) (actual time=0.013..0.014 rows=3 loops=1)
                                                                     Buckets: 1024  Batches: 1  Memory Usage: 9kB
                                                                     Buffers: shared hit=1
                                                                     ->  Seq Scan on kind_type kt  (cost=0.00..1.10 rows=3 width=4) (actual time=0.008..0.009 rows=3 loops=1)
                                                                           Filter: ((kind)::text = ANY ('{"tv movie","tv series","video game"}'::text[]))
                                                                           Rows Removed by Filter: 4
                                                                           Buffers: shared hit=1
                                 ->  Index Scan using movie_id_cast_info on cast_info ci  (cost=0.44..43.36 rows=38 width=12) (actual time=0.033..0.280 rows=30 loops=26385)
                                       Index Cond: (movie_id = t.id)
                                       Buffers: shared hit=713416 read=147899
                           ->  Hash  (cost=1.15..1.15 rows=1 width=4) (actual time=0.013..0.014 rows=1 loops=1)
                                 Buckets: 1024  Batches: 1  Memory Usage: 9kB
                                 Buffers: shared hit=1
                                 ->  Seq Scan on role_type rt  (cost=0.00..1.15 rows=1 width=4) (actual time=0.007..0.008 rows=1 loops=1)
                                       Filter: ((role)::text = 'producer'::text)
                                       Rows Removed by Filter: 11
                                       Buffers: shared hit=1
                     ->  Index Scan using name_pkey on name n  (cost=0.43..2.32 rows=1 width=4) (actual time=0.032..0.032 rows=0 loops=74988)
                           Index Cond: (id = ci.person_id)
                           Filter: ((gender)::text = 'f'::text)
                           Rows Removed by Filter: 1
                           Buffers: shared hit=285050 read=14902
 Planning:
   Buffers: shared hit=531 read=46
 Planning Time: 10.748 ms
 Execution Time: 12483.240 ms
(84 rows)

