                                                                                                               QUERY PLAN                                                                                                               
----------------------------------------------------------------------------------------------------------------------------------------------------------------------------------------------------------------------------------------
 Aggregate  (cost=1024843.03..1024843.04 rows=1 width=8) (actual time=25749.813..25749.821 rows=1 loops=1)
   Buffers: shared hit=2486012 read=91284, temp read=9390 written=8841
   ->  Nested Loop  (cost=913771.80..1024841.85 rows=473 width=0) (actual time=1271.822..25749.593 rows=419 loops=1)
         Buffers: shared hit=2486012 read=91284, temp read=9390 written=8841
         ->  Seq Scan on info_type it2  (cost=0.00..2.41 rows=1 width=4) (actual time=0.048..0.061 rows=1 loops=1)
               Filter: (id = 7)
               Rows Removed by Filter: 112
               Buffers: shared hit=1
         ->  Nested Loop  (cost=913771.80..1024834.70 rows=473 width=4) (actual time=1271.772..25749.389 rows=419 loops=1)
               Buffers: shared hit=2486011 read=91284, temp read=9390 written=8841
               ->  Seq Scan on info_type it1  (cost=0.00..2.41 rows=1 width=4) (actual time=0.010..0.025 rows=1 loops=1)
                     Filter: (id = 3)
                     Rows Removed by Filter: 112
                     Buffers: shared hit=1
               ->  Nested Loop  (cost=913771.80..1024827.56 rows=473 width=8) (actual time=1271.761..25749.225 rows=419 loops=1)
                     Buffers: shared hit=2486010 read=91284, temp read=9390 written=8841
                     ->  Hash Join  (cost=913771.37..1020105.02 rows=2036 width=12) (actual time=1257.734..25102.017 rows=17164 loops=1)
                           Hash Cond: (ci.role_id = rt.id)
                           Buffers: shared hit=2423761 read=84877, temp read=9390 written=8841
                           ->  Nested Loop  (cost=913770.20..1020060.46 rows=12213 width=16) (actual time=1257.657..25026.554 rows=361330 loops=1)
                                 Buffers: shared hit=2423760 read=84877, temp read=9390 written=8841
                                 ->  Nested Loop  (cost=913769.76..982797.77 rows=852 width=20) (actual time=1257.628..21180.125 rows=9502 loops=1)
                                       Buffers: shared hit=2100917 read=25387, temp read=9390 written=8841
                                       ->  Nested Loop  (cost=913769.62..982749.12 rows=1989 width=24) (actual time=1257.613..21116.496 rows=81938 loops=1)
                                             Join Filter: (t.id = mi1.movie_id)
                                             Buffers: shared hit=2100905 read=25387, temp read=9390 written=8841
                                             ->  Merge Join  (cost=913769.19..914841.35 rows=21223 width=16) (actual time=1257.532..1988.785 rows=526042 loops=1)
                                                   Merge Cond: (mi1.movie_id = mi2.movie_id)
                                                   Buffers: shared hit=11202 read=10922, temp read=9390 written=8841
                                                   ->  Sort  (cost=456404.44..456594.47 rows=76010 width=8) (actual time=614.940..746.296 rows=713905 loops=1)
                                                         Sort Key: mi1.movie_id
                                                         Sort Method: external sort  Disk: 15424kB
                                                         Buffers: shared hit=10975, temp read=3849 written=3858
                                                         ->  Bitmap Heap Scan on movie_info mi1  (cost=16467.47..450242.35 rows=76010 width=8) (actual time=40.426..438.469 rows=713908 loops=1)
                                                               Recheck Cond: (info_type_id = 3)
                                                               Filter: ((info)::text = ANY ('{Action,Biography,Crime,Documentary,Horror,Mystery,Short,Thriller}'::text[]))
                                                               Rows Removed by Filter: 820001
                                                               Heap Blocks: exact=9772
                                                               Buffers: shared hit=10975
                                                               ->  Bitmap Index Scan on info_type_id_movie_info  (cost=0.00..16448.47 rows=1538671 width=0) (actual time=39.244..39.244 rows=1533909 loops=1)
                                                                     Index Cond: (info_type_id = 3)
                                                                     Buffers: shared hit=1203
                                                   ->  Sort  (cost=457364.75..457604.69 rows=95976 width=8) (actual time=642.577..846.705 rows=1020981 loops=1)
                                                         Sort Key: mi2.movie_id
                                                         Sort Method: external sort  Disk: 19920kB
                                                         Buffers: shared hit=227 read=10922, temp read=5256 written=4983
                                                         ->  Bitmap Heap Scan on movie_info mi2  (cost=15894.38..449422.55 rows=95976 width=8) (actual time=33.267..422.173 rows=921888 loops=1)
                                                               Recheck Cond: (info_type_id = 7)
                                                               Filter: ((info)::text = ANY ('{"CAM:Panavision Cameras and Lenses","OFM:16 mm","OFM:35 mm",PCS:Spherical,"PCS:Super 35","PFM:35 mm",PFM:Video,"RAT:1.33 : 1"}'::text[]))
                                                               Rows Removed by Filter: 480014
                                                               Heap Blocks: exact=10050
                                                               Buffers: shared hit=227 read=10922
                                                               ->  Bitmap Index Scan on info_type_id_movie_info  (cost=0.00..15870.39 rows=1484527 width=0) (actual time=32.027..32.027 rows=1401902 loops=1)
                                                                     Index Cond: (info_type_id = 7)
                                                                     Buffers: shared hit=1 read=1098
                                             ->  Index Scan using title_pkey on title t  (cost=0.43..3.19 rows=1 width=8) (actual time=0.036..0.036 rows=0 loops=526042)
                                                   Index Cond: (id = mi2.movie_id)
                                                   Filter: ((production_year <= 2015) AND (1990 < production_year))
                                                   Rows Removed by Filter: 1
                                                   Buffers: shared hit=2089703 read=14465
                                       ->  Memoize  (cost=0.14..0.16 rows=1 width=4) (actual time=0.000..0.000 rows=0 loops=81938)
                                             Cache Key: t.kind_id
                                             Cache Mode: logical
                                             Hits: 81932  Misses: 6  Evictions: 0  Overflows: 0  Memory Usage: 1kB
                                             Buffers: shared hit=12
                                             ->  Index Scan using kind_type_pkey on kind_type kt  (cost=0.13..0.15 rows=1 width=4) (actual time=0.010..0.010 rows=0 loops=6)
                                                   Index Cond: (id = t.kind_id)
                                                   Filter: ((kind)::text = ANY ('{"tv movie","tv series","video game"}'::text[]))
                                                   Rows Removed by Filter: 0
                                                   Buffers: shared hit=12
                                 ->  Index Scan using movie_id_cast_info on cast_info ci  (cost=0.44..43.36 rows=38 width=12) (actual time=0.038..0.393 rows=38 loops=9502)
                                       Index Cond: (movie_id = t.id)
                                       Buffers: shared hit=322843 read=59490
                           ->  Hash  (cost=1.15..1.15 rows=2 width=4) (actual time=0.020..0.021 rows=2 loops=1)
                                 Buckets: 1024  Batches: 1  Memory Usage: 9kB
                                 Buffers: shared hit=1
                                 ->  Seq Scan on role_type rt  (cost=0.00..1.15 rows=2 width=4) (actual time=0.011..0.013 rows=2 loops=1)
                                       Filter: ((role)::text = ANY ('{cinematographer,director}'::text[]))
                                       Rows Removed by Filter: 10
                                       Buffers: shared hit=1
                     ->  Index Scan using name_pkey on name n  (cost=0.43..2.32 rows=1 width=4) (actual time=0.037..0.037 rows=0 loops=17164)
                           Index Cond: (id = ci.person_id)
                           Filter: ((gender)::text = 'f'::text)
                           Rows Removed by Filter: 1
                           Buffers: shared hit=62249 read=6407
 Planning:
   Buffers: shared hit=574
 Planning Time: 13.368 ms
 Execution Time: 25764.551 ms
(89 rows)

