                                                                                                                    QUERY PLAN                                                                                                                     
---------------------------------------------------------------------------------------------------------------------------------------------------------------------------------------------------------------------------------------------------
 Aggregate  (cost=1052915.04..1052915.05 rows=1 width=8) (actual time=193715.621..193715.634 rows=1 loops=1)
   Buffers: shared hit=18550425 read=1181839, temp read=17175 written=17175
   ->  Nested Loop  (cost=523000.93..1052913.27 rows=709 width=0) (actual time=1821.441..193215.382 rows=2784914 loops=1)
         Buffers: shared hit=18550425 read=1181839, temp read=17175 written=17175
         ->  Seq Scan on info_type it2  (cost=0.00..2.41 rows=1 width=4) (actual time=0.043..0.055 rows=1 loops=1)
               Filter: (id = 7)
               Rows Removed by Filter: 112
               Buffers: shared hit=1
         ->  Nested Loop  (cost=523000.93..1052903.76 rows=709 width=4) (actual time=1821.396..192602.590 rows=2784914 loops=1)
               Buffers: shared hit=18550424 read=1181839, temp read=17175 written=17175
               ->  Seq Scan on info_type it1  (cost=0.00..2.41 rows=1 width=4) (actual time=0.008..0.023 rows=1 loops=1)
                     Filter: (id = 3)
                     Rows Removed by Filter: 112
                     Buffers: shared hit=1
               ->  Nested Loop  (cost=523000.93..1052894.26 rows=709 width=8) (actual time=1821.385..191945.900 rows=2784914 loops=1)
                     Buffers: shared hit=18550423 read=1181839, temp read=17175 written=17175
                     ->  Hash Join  (cost=523000.50..1048976.59 rows=1689 width=12) (actual time=1821.350..90691.535 rows=2784914 loops=1)
                           Hash Cond: (ci.role_id = rt.id)
                           Buffers: shared hit=7503362 read=1089244, temp read=17175 written=17175
                           ->  Nested Loop  (cost=522999.34..1048903.44 rows=20268 width=16) (actual time=1820.404..88357.386 rows=8145165 loops=1)
                                 Buffers: shared hit=7503361 read=1089244, temp read=17175 written=17175
                                 ->  Hash Join  (cost=522998.90..987114.89 rows=1414 width=20) (actual time=1820.368..3561.433 rows=196843 loops=1)
                                       Hash Cond: (mi2.movie_id = t.id)
                                       Buffers: shared hit=14302 read=44214, temp read=17175 written=17175
                                       ->  Bitmap Heap Scan on movie_info mi2  (cost=15895.85..479615.70 rows=101865 width=8) (actual time=38.843..893.060 rows=976910 loops=1)
                                             Recheck Cond: (info_type_id = 7)
                                             Filter: ((info)::text = ANY ('{"CAM:Panavision Cameras and Lenses","OFM:16 mm","OFM:35 mm",OFM:Video,PCS:Spherical,"PCS:Super 35","PFM:35 mm","RAT:1.33 : 1","RAT:1.85 : 1","RAT:16:9 HD"}'::text[]))
                                             Rows Removed by Filter: 424992
                                             Heap Blocks: exact=10050
                                             Buffers: shared hit=1184 read=9965
                                             ->  Bitmap Index Scan on info_type_id_movie_info  (cost=0.00..15870.39 rows=1484527 width=0) (actual time=37.575..37.576 rows=1401902 loops=1)
                                                   Index Cond: (info_type_id = 7)
                                                   Buffers: shared read=1099
                                       ->  Hash  (cost=506664.21..506664.21 rows=35107 width=12) (actual time=1780.604..1780.611 rows=583707 loops=1)
                                             Buckets: 262144 (originally 65536)  Batches: 8 (originally 1)  Memory Usage: 6145kB
                                             Buffers: shared hit=13118 read=34249, temp read=10003 written=11995
                                             ->  Hash Join  (cost=113317.16..506664.21 rows=35107 width=12) (actual time=938.564..1685.300 rows=583707 loops=1)
                                                   Hash Cond: (mi1.movie_id = t.id)
                                                   Buffers: shared hit=13118 read=34249, temp read=10003 written=10003
                                                   ->  Bitmap Heap Scan on movie_info mi1  (cost=16474.32..404920.55 rows=103399 width=8) (actual time=37.868..366.923 rows=990823 loops=1)
                                                         Recheck Cond: (info_type_id = 3)
                                                         Filter: ((info)::text = ANY ('{Comedy,Documentary,Drama,Short,Thriller}'::text[]))
                                                         Rows Removed by Filter: 543086
                                                         Heap Blocks: exact=9772
                                                         Buffers: shared hit=8753 read=2222
                                                         ->  Bitmap Index Scan on info_type_id_movie_info  (cost=0.00..16448.47 rows=1538671 width=0) (actual time=36.677..36.677 rows=1533909 loops=1)
                                                               Index Cond: (info_type_id = 3)
                                                               Buffers: shared hit=1 read=1202
                                                   ->  Hash  (cost=82758.38..82758.38 rows=858437 width=4) (actual time=898.876..898.880 rows=1830466 loops=1)
                                                         Buckets: 262144 (originally 262144)  Batches: 16 (originally 8)  Memory Usage: 6145kB
                                                         Buffers: shared hit=4365 read=32027, temp written=5019
                                                         ->  Hash Join  (cost=1.13..82758.38 rows=858437 width=4) (actual time=0.045..659.378 rows=1830466 loops=1)
                                                               Hash Cond: (t.kind_id = kt.id)
                                                               Buffers: shared hit=4365 read=32027
                                                               ->  Seq Scan on title t  (cost=0.00..74315.95 rows=2003019 width=8) (actual time=0.023..438.574 rows=2004612 loops=1)
                                                                     Filter: ((production_year <= 2015) AND (1975 < production_year))
                                                                     Rows Removed by Filter: 523700
                                                                     Buffers: shared hit=4364 read=32027
                                                               ->  Hash  (cost=1.10..1.10 rows=3 width=4) (actual time=0.014..0.015 rows=3 loops=1)
                                                                     Buckets: 1024  Batches: 1  Memory Usage: 9kB
                                                                     Buffers: shared hit=1
                                                                     ->  Seq Scan on kind_type kt  (cost=0.00..1.10 rows=3 width=4) (actual time=0.008..0.009 rows=3 loops=1)
                                                                           Filter: ((kind)::text = ANY ('{episode,movie,"video movie"}'::text[]))
                                                                           Rows Removed by Filter: 4
                                                                           Buffers: shared hit=1
                                 ->  Index Scan using movie_id_cast_info on cast_info ci  (cost=0.44..43.32 rows=38 width=12) (actual time=0.039..0.417 rows=41 loops=196843)
                                       Index Cond: (movie_id = t.id)
                                       Buffers: shared hit=7489059 read=1045030
                           ->  Hash  (cost=1.15..1.15 rows=1 width=4) (actual time=0.018..0.020 rows=1 loops=1)
                                 Buckets: 1024  Batches: 1  Memory Usage: 9kB
                                 Buffers: shared hit=1
                                 ->  Seq Scan on role_type rt  (cost=0.00..1.15 rows=1 width=4) (actual time=0.009..0.011 rows=1 loops=1)
                                       Filter: ((role)::text = 'actor'::text)
                                       Rows Removed by Filter: 11
                                       Buffers: shared hit=1
                     ->  Index Scan using name_pkey on name n  (cost=0.43..2.32 rows=1 width=4) (actual time=0.036..0.036 rows=1 loops=2784914)
                           Index Cond: (id = ci.person_id)
                           Filter: ((gender)::text = 'm'::text)
                           Buffers: shared hit=11047061 read=92595
 Planning:
   Buffers: shared hit=529 read=45
 Planning Time: 13.233 ms
 Execution Time: 193716.429 ms
(83 rows)

