                                                                                            QUERY PLAN                                                                                            
--------------------------------------------------------------------------------------------------------------------------------------------------------------------------------------------------
 Aggregate  (cost=661942.37..661942.38 rows=1 width=8) (actual time=1153.394..1153.402 rows=1 loops=1)
   Buffers: shared hit=29480 read=55137, temp read=720 written=720
   ->  Nested Loop  (cost=95343.18..661942.30 rows=30 width=0) (actual time=491.871..1153.392 rows=8 loops=1)
         Buffers: shared hit=29480 read=55137, temp read=720 written=720
         ->  Seq Scan on info_type it2  (cost=0.00..2.41 rows=1 width=4) (actual time=0.039..0.044 rows=1 loops=1)
               Filter: (id = 7)
               Rows Removed by Filter: 112
               Buffers: shared hit=1
         ->  Nested Loop  (cost=95343.18..661939.59 rows=30 width=4) (actual time=491.830..1153.344 rows=8 loops=1)
               Buffers: shared hit=29479 read=55137, temp read=720 written=720
               ->  Seq Scan on info_type it1  (cost=0.00..2.41 rows=1 width=4) (actual time=0.009..0.017 rows=1 loops=1)
                     Filter: (id = 3)
                     Rows Removed by Filter: 112
                     Buffers: shared hit=1
               ->  Nested Loop  (cost=95343.18..661936.87 rows=30 width=8) (actual time=491.818..1153.321 rows=8 loops=1)
                     Buffers: shared hit=29478 read=55137, temp read=720 written=720
                     ->  Hash Join  (cost=95342.75..661635.34 rows=130 width=12) (actual time=432.009..1152.530 rows=40 loops=1)
                           Hash Cond: (ci.role_id = rt.id)
                           Buffers: shared hit=29337 read=55118, temp read=720 written=720
                           ->  Nested Loop  (cost=95341.59..661628.63 rows=1562 width=16) (actual time=425.703..1151.667 rows=7321 loops=1)
                                 Buffers: shared hit=29336 read=55118, temp read=720 written=720
                                 ->  Nested Loop  (cost=95341.15..656772.20 rows=109 width=20) (actual time=425.671..1073.964 rows=960 loops=1)
                                       Buffers: shared hit=21673 read=53078, temp read=720 written=720
                                       ->  Hash Join  (cost=95340.72..515065.35 rows=3294 width=12) (actual time=424.393..875.848 rows=2006 loops=1)
                                             Hash Cond: (mi2.movie_id = t.id)
                                             Buffers: shared hit=3208 read=44333, temp read=720 written=720
                                             ->  Bitmap Heap Scan on movie_info mi2  (cost=15881.01..434313.33 rows=42498 width=8) (actual time=39.794..413.208 rows=409998 loops=1)
                                                   Recheck Cond: (info_type_id = 7)
                                                   Filter: ((info)::text = ANY ('{"MET:150 m","MET:200 m","MET:23 m",PCS:Spherical,"PFM:35 mm","RAT:1.20 : 1","RAT:1.66 : 1"}'::text[]))
                                                   Rows Removed by Filter: 991904
                                                   Heap Blocks: exact=10050
                                                   Buffers: shared hit=11 read=11138
                                                   ->  Bitmap Index Scan on info_type_id_movie_info  (cost=0.00..15870.39 rows=1484527 width=0) (actual time=38.533..38.533 rows=1401902 loops=1)
                                                         Index Cond: (info_type_id = 7)
                                                         Buffers: shared read=1099
                                             ->  Hash  (cost=76244.10..76244.10 rows=195968 width=4) (actual time=383.389..383.392 rows=11843 loops=1)
                                                   Buckets: 262144  Batches: 2  Memory Usage: 2260kB
                                                   Buffers: shared hit=3197 read=33195, temp written=17
                                                   ->  Hash Join  (cost=1.13..76244.10 rows=195968 width=4) (actual time=0.135..380.671 rows=11843 loops=1)
                                                         Hash Cond: (t.kind_id = kt.id)
                                                         Buffers: shared hit=3197 read=33195
                                                         ->  Seq Scan on title t  (cost=0.00..74315.95 rows=457258 width=8) (actual time=0.024..354.750 rows=451569 loops=1)
                                                               Filter: ((production_year <= 1975) AND (1875 < production_year))
                                                               Rows Removed by Filter: 2076743
                                                               Buffers: shared hit=3196 read=33195
                                                         ->  Hash  (cost=1.10..1.10 rows=3 width=4) (actual time=0.013..0.014 rows=3 loops=1)
                                                               Buckets: 1024  Batches: 1  Memory Usage: 9kB
                                                               Buffers: shared hit=1
                                                               ->  Seq Scan on kind_type kt  (cost=0.00..1.10 rows=3 width=4) (actual time=0.007..0.009 rows=3 loops=1)
                                                                     Filter: ((kind)::text = ANY ('{"tv series","video game","video movie"}'::text[]))
                                                                     Rows Removed by Filter: 4
                                                                     Buffers: shared hit=1
                                       ->  Index Scan using movie_id_movie_info on movie_info mi1  (cost=0.43..43.01 rows=1 width=8) (actual time=0.097..0.098 rows=0 loops=2006)
                                             Index Cond: (movie_id = t.id)
                                             Filter: ((info_type_id = 3) AND ((info)::text = ANY ('{Animation,Comedy,Documentary,Sci-Fi,Short,Sport}'::text[])))
                                             Rows Removed by Filter: 25
                                             Buffers: shared hit=18465 read=8745
                                 ->  Index Scan using movie_id_cast_info on cast_info ci  (cost=0.44..44.17 rows=38 width=12) (actual time=0.030..0.079 rows=8 loops=960)
                                       Index Cond: (movie_id = t.id)
                                       Buffers: shared hit=7663 read=2040
                           ->  Hash  (cost=1.15..1.15 rows=1 width=4) (actual time=0.017..0.017 rows=1 loops=1)
                                 Buckets: 1024  Batches: 1  Memory Usage: 9kB
                                 Buffers: shared hit=1
                                 ->  Seq Scan on role_type rt  (cost=0.00..1.15 rows=1 width=4) (actual time=0.010..0.011 rows=1 loops=1)
                                       Filter: ((role)::text = 'costume designer'::text)
                                       Rows Removed by Filter: 11
                                       Buffers: shared hit=1
                     ->  Index Scan using name_pkey on name n  (cost=0.43..2.32 rows=1 width=4) (actual time=0.019..0.019 rows=0 loops=40)
                           Index Cond: (id = ci.person_id)
                           Filter: ((gender)::text = 'f'::text)
                           Rows Removed by Filter: 1
                           Buffers: shared hit=141 read=19
 Planning:
   Buffers: shared hit=484 read=90
 Planning Time: 14.075 ms
 Execution Time: 1153.888 ms
(76 rows)

