                                                                                            QUERY PLAN                                                                                             
---------------------------------------------------------------------------------------------------------------------------------------------------------------------------------------------------
 Aggregate  (cost=399874.54..399874.55 rows=1 width=8) (actual time=2779.680..2779.685 rows=1 loops=1)
   Buffers: shared hit=251654 read=28324
   ->  Nested Loop  (cost=48622.87..399874.54 rows=1 width=0) (actual time=180.518..2779.464 rows=983 loops=1)
         Buffers: shared hit=251654 read=28324
         ->  Nested Loop  (cost=48622.87..399872.11 rows=1 width=4) (actual time=180.513..2765.628 rows=983 loops=1)
               Buffers: shared hit=250671 read=28324
               ->  Nested Loop  (cost=48622.87..399869.69 rows=1 width=8) (actual time=180.495..2745.267 rows=983 loops=1)
                     Join Filter: (t.id = mi1.movie_id)
                     Buffers: shared hit=249688 read=28324
                     ->  Nested Loop  (cost=48622.43..398016.11 rows=44 width=16) (actual time=178.942..2555.627 rows=2032 loops=1)
                           Join Filter: (t.id = mi2.movie_id)
                           Buffers: shared hit=228439 read=26699
                           ->  Nested Loop  (cost=48622.00..225085.68 rows=4105 width=8) (actual time=178.896..2355.389 rows=2406 loops=1)
                                 Buffers: shared hit=203213 read=25889
                                 ->  Hash Join  (cost=48621.57..184088.17 rows=17675 width=12) (actual time=174.686..1304.949 rows=48449 loops=1)
                                       Hash Cond: (ci.movie_id = t.id)
                                       Buffers: shared hit=16488 read=18818
                                       ->  Nested Loop  (cost=0.44..123965.00 rows=3020080 width=8) (actual time=0.085..780.224 rows=2728943 loops=1)
                                             Buffers: shared hit=3839 read=18080
                                             ->  Seq Scan on role_type rt  (cost=0.00..1.15 rows=1 width=4) (actual time=0.018..0.021 rows=1 loops=1)
                                                   Filter: ((role)::text = 'writer'::text)
                                                   Rows Removed by Filter: 11
                                                   Buffers: shared hit=1
                                             ->  Index Scan using role_id_cast_info on cast_info ci  (cost=0.44..91017.52 rows=3294633 width=12) (actual time=0.065..522.205 rows=2728943 loops=1)
                                                   Index Cond: (role_id = rt.id)
                                                   Buffers: shared hit=3838 read=18080
                                       ->  Hash  (cost=48436.16..48436.16 rows=14797 width=4) (actual time=174.194..174.196 rows=103977 loops=1)
                                             Buckets: 131072 (originally 16384)  Batches: 1 (originally 1)  Memory Usage: 4680kB
                                             Buffers: shared hit=12649 read=738
                                             ->  Nested Loop  (cost=4497.16..48436.16 rows=14797 width=4) (actual time=20.893..159.480 rows=103977 loops=1)
                                                   Buffers: shared hit=12649 read=738
                                                   ->  Seq Scan on kind_type kt  (cost=0.00..1.09 rows=1 width=4) (actual time=0.006..0.009 rows=1 loops=1)
                                                         Filter: ((kind)::text = 'movie'::text)
                                                         Rows Removed by Filter: 6
                                                         Buffers: shared hit=1
                                                   ->  Bitmap Heap Scan on title t  (cost=4497.16..48262.45 rows=17263 width=8) (actual time=20.885..153.249 rows=103977 loops=1)
                                                         Recheck Cond: (kind_id = kt.id)
                                                         Filter: ((production_year <= 1925) AND (1875 < production_year))
                                                         Rows Removed by Filter: 558848
                                                         Heap Blocks: exact=12865
                                                         Buffers: shared hit=12648 read=738
                                                         ->  Bitmap Index Scan on kind_id_title  (cost=0.00..4492.84 rows=421388 width=0) (actual time=18.569..18.569 rows=662825 loops=1)
                                                               Index Cond: (kind_id = kt.id)
                                                               Buffers: shared read=521
                                 ->  Index Scan using name_pkey on name n  (cost=0.43..2.32 rows=1 width=4) (actual time=0.021..0.021 rows=0 loops=48449)
                                       Index Cond: (id = ci.person_id)
                                       Filter: ((gender)::text = 'f'::text)
                                       Rows Removed by Filter: 1
                                       Buffers: shared hit=186725 read=7071
                           ->  Index Scan using movie_id_movie_info on movie_info mi2  (cost=0.43..42.11 rows=1 width=8) (actual time=0.053..0.083 rows=1 loops=2406)
                                 Index Cond: (movie_id = ci.movie_id)
                                 Filter: ((info_type_id = 7) AND ((info)::text = ANY ('{"MET:23 m","OFM:35 mm","PFM:68 mm"}'::text[])))
                                 Rows Removed by Filter: 12
                                 Buffers: shared hit=25226 read=810
                     ->  Index Scan using movie_id_movie_info on movie_info mi1  (cost=0.43..42.11 rows=1 width=8) (actual time=0.093..0.093 rows=0 loops=2032)
                           Index Cond: (movie_id = ci.movie_id)
                           Filter: ((info_type_id = 3) AND ((info)::text = ANY ('{Documentary,Fantasy,Short}'::text[])))
                           Rows Removed by Filter: 14
                           Buffers: shared hit=21249 read=1625
               ->  Seq Scan on info_type it1  (cost=0.00..2.41 rows=1 width=4) (actual time=0.014..0.019 rows=1 loops=983)
                     Filter: (id = 3)
                     Rows Removed by Filter: 112
                     Buffers: shared hit=983
         ->  Seq Scan on info_type it2  (cost=0.00..2.41 rows=1 width=4) (actual time=0.008..0.013 rows=1 loops=983)
               Filter: (id = 7)
               Rows Removed by Filter: 112
               Buffers: shared hit=983
 Planning:
   Buffers: shared hit=529 read=45
 Planning Time: 9.646 ms
 Execution Time: 2780.102 ms
(71 rows)

