                                                                                                    QUERY PLAN                                                                                                     
-------------------------------------------------------------------------------------------------------------------------------------------------------------------------------------------------------------------
 Aggregate  (cost=649052.53..649052.54 rows=1 width=8) (actual time=1544.206..1544.213 rows=1 loops=1)
   Buffers: shared hit=76367 read=53183
   ->  Nested Loop  (cost=93586.41..649052.40 rows=50 width=0) (actual time=439.025..1544.194 rows=23 loops=1)
         Buffers: shared hit=76367 read=53183
         ->  Seq Scan on info_type it2  (cost=0.00..2.41 rows=1 width=4) (actual time=0.037..0.042 rows=1 loops=1)
               Filter: (id = 7)
               Rows Removed by Filter: 112
               Buffers: shared hit=1
         ->  Nested Loop  (cost=93586.41..649049.49 rows=50 width=4) (actual time=438.986..1544.142 rows=23 loops=1)
               Buffers: shared hit=76366 read=53183
               ->  Seq Scan on info_type it1  (cost=0.00..2.41 rows=1 width=4) (actual time=0.006..0.013 rows=1 loops=1)
                     Filter: (id = 3)
                     Rows Removed by Filter: 112
                     Buffers: shared hit=1
               ->  Nested Loop  (cost=93586.41..649046.58 rows=50 width=8) (actual time=438.977..1544.116 rows=23 loops=1)
                     Buffers: shared hit=76365 read=53183
                     ->  Hash Join  (cost=93585.98..648772.87 rows=118 width=12) (actual time=418.114..1533.679 rows=192 loops=1)
                           Hash Cond: (ci.role_id = rt.id)
                           Buffers: shared hit=75764 read=53016
                           ->  Nested Loop  (cost=93584.81..648766.67 rows=1419 width=16) (actual time=417.952..1530.656 rows=28601 loops=1)
                                 Buffers: shared hit=75763 read=53016
                                 ->  Nested Loop  (cost=93584.37..644323.61 rows=99 width=20) (actual time=417.928..1231.835 rows=2837 loops=1)
                                       Buffers: shared hit=47371 read=45599
                                       ->  Hash Join  (cost=93583.94..527308.24 rows=2703 width=12) (actual time=417.830..878.548 rows=3572 loops=1)
                                             Hash Cond: (mi2.movie_id = t.id)
                                             Buffers: shared hit=15071 read=32470
                                             ->  Bitmap Heap Scan on movie_info mi2  (cost=15881.66..449409.83 rows=45095 width=8) (actual time=38.002..444.926 rows=458457 loops=1)
                                                   Recheck Cond: (info_type_id = 7)
                                                   Filter: ((info)::text = ANY ('{LAB:Technicolor,"OFM:16 mm",PCS:Spherical,"RAT:1.20 : 1","RAT:1.33 : 1","RAT:1.37 : 1","RAT:1.66 : 1","RAT:2.35 : 1"}'::text[]))
                                                   Rows Removed by Filter: 943445
                                                   Heap Blocks: exact=10050
                                                   Buffers: shared hit=779 read=10370
                                                   ->  Bitmap Index Scan on info_type_id_movie_info  (cost=0.00..15870.39 rows=1484527 width=0) (actual time=36.724..36.724 rows=1401902 loops=1)
                                                         Index Cond: (info_type_id = 7)
                                                         Buffers: shared hit=1 read=1098
                                             ->  Hash  (cost=75807.58..75807.58 rows=151576 width=4) (actual time=378.723..378.726 rows=11843 loops=1)
                                                   Buckets: 262144  Batches: 1  Memory Usage: 2465kB
                                                   Buffers: shared hit=14292 read=22100
                                                   ->  Hash Join  (cost=1.13..75807.58 rows=151576 width=4) (actual time=0.130..375.775 rows=11843 loops=1)
                                                         Hash Cond: (t.kind_id = kt.id)
                                                         Buffers: shared hit=14292 read=22100
                                                         ->  Seq Scan on title t  (cost=0.00..74315.95 rows=353677 width=8) (actual time=0.022..355.607 rows=347589 loops=1)
                                                               Filter: ((production_year <= 1975) AND (1925 < production_year))
                                                               Rows Removed by Filter: 2180723
                                                               Buffers: shared hit=14291 read=22100
                                                         ->  Hash  (cost=1.10..1.10 rows=3 width=4) (actual time=0.013..0.014 rows=3 loops=1)
                                                               Buckets: 1024  Batches: 1  Memory Usage: 9kB
                                                               Buffers: shared hit=1
                                                               ->  Seq Scan on kind_type kt  (cost=0.00..1.10 rows=3 width=4) (actual time=0.008..0.009 rows=3 loops=1)
                                                                     Filter: ((kind)::text = ANY ('{"tv series","video game","video movie"}'::text[]))
                                                                     Rows Removed by Filter: 4
                                                                     Buffers: shared hit=1
                                       ->  Index Scan using movie_id_movie_info on movie_info mi1  (cost=0.43..43.28 rows=1 width=8) (actual time=0.095..0.098 rows=1 loops=3572)
                                             Index Cond: (movie_id = t.id)
                                             Filter: ((info_type_id = 3) AND ((info)::text = ANY ('{Animation,Comedy,Drama,Sci-Fi,Short,Thriller,Western}'::text[])))
                                             Rows Removed by Filter: 19
                                             Buffers: shared hit=32300 read=13129
                                 ->  Index Scan using movie_id_cast_info on cast_info ci  (cost=0.44..44.50 rows=38 width=12) (actual time=0.027..0.103 rows=10 loops=2837)
                                       Index Cond: (movie_id = t.id)
                                       Buffers: shared hit=28392 read=7417
                           ->  Hash  (cost=1.15..1.15 rows=1 width=4) (actual time=0.015..0.015 rows=1 loops=1)
                                 Buckets: 1024  Batches: 1  Memory Usage: 9kB
                                 Buffers: shared hit=1
                                 ->  Seq Scan on role_type rt  (cost=0.00..1.15 rows=1 width=4) (actual time=0.010..0.011 rows=1 loops=1)
                                       Filter: ((role)::text = 'costume designer'::text)
                                       Rows Removed by Filter: 11
                                       Buffers: shared hit=1
                     ->  Index Scan using name_pkey on name n  (cost=0.43..2.32 rows=1 width=4) (actual time=0.054..0.054 rows=0 loops=192)
                           Index Cond: (id = ci.person_id)
                           Filter: ((gender)::text = 'm'::text)
                           Rows Removed by Filter: 1
                           Buffers: shared hit=601 read=167
 Planning:
   Buffers: shared hit=529 read=45
 Planning Time: 12.905 ms
 Execution Time: 1544.863 ms
(76 rows)

