                                                                                            QUERY PLAN                                                                                            
--------------------------------------------------------------------------------------------------------------------------------------------------------------------------------------------------
 Aggregate  (cost=470904.19..470904.20 rows=1 width=8) (actual time=24524.828..24524.838 rows=1 loops=1)
   Buffers: shared hit=2212989 read=301478, temp read=990 written=990
   ->  Nested Loop  (cost=66314.70..470904.17 rows=8 width=0) (actual time=306.580..24521.018 rows=11527 loops=1)
         Buffers: shared hit=2212989 read=301478, temp read=990 written=990
         ->  Seq Scan on info_type it2  (cost=0.00..2.41 rows=1 width=4) (actual time=0.040..0.051 rows=1 loops=1)
               Filter: (id = 7)
               Rows Removed by Filter: 112
               Buffers: shared hit=1
         ->  Nested Loop  (cost=66314.70..470901.68 rows=8 width=4) (actual time=306.537..24518.073 rows=11527 loops=1)
               Buffers: shared hit=2212988 read=301478, temp read=990 written=990
               ->  Seq Scan on info_type it1  (cost=0.00..2.41 rows=1 width=4) (actual time=0.008..0.021 rows=1 loops=1)
                     Filter: (id = 3)
                     Rows Removed by Filter: 112
                     Buffers: shared hit=1
               ->  Nested Loop  (cost=66314.70..470899.19 rows=8 width=8) (actual time=306.526..24514.925 rows=11527 loops=1)
                     Buffers: shared hit=2212987 read=301478, temp read=990 written=990
                     ->  Hash Join  (cost=66314.27..470857.44 rows=18 width=12) (actual time=306.488..23226.510 rows=36693 loops=1)
                           Hash Cond: (ci.role_id = rt.id)
                           Buffers: shared hit=2070553 read=297140, temp read=990 written=990
                           ->  Nested Loop  (cost=66313.11..470855.51 rows=215 width=16) (actual time=306.290..23009.194 rows=1229180 loops=1)
                                 Buffers: shared hit=2070552 read=297140, temp read=990 written=990
                                 ->  Nested Loop  (cost=66312.67..470187.19 rows=15 width=20) (actual time=306.244..9234.982 rows=96496 loops=1)
                                       Buffers: shared hit=710580 read=159867, temp read=990 written=990
                                       ->  Hash Join  (cost=66312.24..439758.91 rows=709 width=12) (actual time=306.169..1086.945 rows=72417 loops=1)
                                             Hash Cond: (mi1.movie_id = t.id)
                                             Buffers: shared hit=173 read=24189, temp read=990 written=990
                                             ->  Bitmap Heap Scan on movie_info mi1  (cost=16455.33..389792.01 rows=27440 width=8) (actual time=42.502..644.730 rows=256097 loops=1)
                                                   Recheck Cond: (info_type_id = 3)
                                                   Filter: ((info)::text = ANY ('{Biography,Comedy,Thriller,Western}'::text[]))
                                                   Rows Removed by Filter: 1277812
                                                   Heap Blocks: exact=9772
                                                   Buffers: shared hit=172 read=10803
                                                   ->  Bitmap Index Scan on info_type_id_movie_info  (cost=0.00..16448.47 rows=1538671 width=0) (actual time=41.262..41.263 rows=1533909 loops=1)
                                                         Index Cond: (info_type_id = 3)
                                                         Buffers: shared read=1203
                                             ->  Hash  (cost=49040.37..49040.37 rows=65323 width=4) (actual time=236.072..236.075 rows=252581 loops=1)
                                                   Buckets: 262144 (originally 65536)  Batches: 2 (originally 1)  Memory Usage: 6494kB
                                                   Buffers: shared hit=1 read=13386, temp written=369
                                                   ->  Nested Loop  (cost=4511.89..49040.37 rows=65323 width=4) (actual time=18.821..196.320 rows=252581 loops=1)
                                                         Buffers: shared hit=1 read=13386
                                                         ->  Seq Scan on kind_type kt  (cost=0.00..1.09 rows=1 width=4) (actual time=0.009..0.013 rows=1 loops=1)
                                                               Filter: ((kind)::text = 'movie'::text)
                                                               Rows Removed by Filter: 6
                                                               Buffers: shared hit=1
                                                         ->  Bitmap Heap Scan on title t  (cost=4511.89..48277.18 rows=76210 width=8) (actual time=18.808..180.870 rows=252581 loops=1)
                                                               Recheck Cond: (kind_id = kt.id)
                                                               Filter: ((production_year <= 1975) AND (1875 < production_year))
                                                               Rows Removed by Filter: 410244
                                                               Heap Blocks: exact=12865
                                                               Buffers: shared read=13386
                                                               ->  Bitmap Index Scan on kind_id_title  (cost=0.00..4492.84 rows=421388 width=0) (actual time=17.236..17.236 rows=662825 loops=1)
                                                                     Index Cond: (kind_id = kt.id)
                                                                     Buffers: shared read=521
                                       ->  Index Scan using movie_id_movie_info on movie_info mi2  (cost=0.43..42.91 rows=1 width=8) (actual time=0.065..0.112 rows=1 loops=72417)
                                             Index Cond: (movie_id = t.id)
                                             Filter: ((info_type_id = 7) AND ((info)::text = ANY ('{"MET:200 m","OFM:35 mm","RAT:1.33 : 1","RAT:2.35 : 1"}'::text[])))
                                             Rows Removed by Filter: 15
                                             Buffers: shared hit=710407 read=135678
                                 ->  Index Scan using movie_id_cast_info on cast_info ci  (cost=0.44..44.17 rows=38 width=12) (actual time=0.034..0.139 rows=13 loops=96496)
                                       Index Cond: (movie_id = t.id)
                                       Buffers: shared hit=1359972 read=137273
                           ->  Hash  (cost=1.15..1.15 rows=1 width=4) (actual time=0.020..0.021 rows=1 loops=1)
                                 Buckets: 1024  Batches: 1  Memory Usage: 9kB
                                 Buffers: shared hit=1
                                 ->  Seq Scan on role_type rt  (cost=0.00..1.15 rows=1 width=4) (actual time=0.011..0.013 rows=1 loops=1)
                                       Filter: ((role)::text = 'cinematographer'::text)
                                       Rows Removed by Filter: 11
                                       Buffers: shared hit=1
                     ->  Index Scan using name_pkey on name n  (cost=0.43..2.32 rows=1 width=4) (actual time=0.034..0.034 rows=0 loops=36693)
                           Index Cond: (id = ci.person_id)
                           Filter: ((gender)::text = 'm'::text)
                           Rows Removed by Filter: 1
                           Buffers: shared hit=142434 read=4338
 Planning:
   Buffers: shared hit=482 read=92
 Planning Time: 13.836 ms
 Execution Time: 24525.531 ms
(77 rows)

