                                                                                               QUERY PLAN                                                                                               
--------------------------------------------------------------------------------------------------------------------------------------------------------------------------------------------------------
 Aggregate  (cost=403108.60..403108.61 rows=1 width=8) (actual time=1371.638..1371.644 rows=1 loops=1)
   Buffers: shared hit=93724 read=46899
   ->  Nested Loop  (cost=15874.96..403108.60 rows=1 width=0) (actual time=734.820..1371.636 rows=2 loops=1)
         Buffers: shared hit=93724 read=46899
         ->  Nested Loop  (cost=15874.96..403106.18 rows=1 width=4) (actual time=734.814..1371.614 rows=2 loops=1)
               Buffers: shared hit=93722 read=46899
               ->  Nested Loop  (cost=15874.96..403103.75 rows=1 width=8) (actual time=734.795..1371.573 rows=2 loops=1)
                     Buffers: shared hit=93720 read=46899
                     ->  Hash Join  (cost=15874.53..403099.11 rows=2 width=12) (actual time=309.023..1366.473 rows=133 loops=1)
                           Hash Cond: (ci.role_id = rt.id)
                           Buffers: shared hit=93357 read=46730
                           ->  Nested Loop  (cost=15873.37..403097.85 rows=29 width=16) (actual time=42.009..1365.640 rows=7263 loops=1)
                                 Buffers: shared hit=93356 read=46730
                                 ->  Nested Loop  (cost=15872.93..403010.38 rows=2 width=20) (actual time=41.970..1291.407 rows=162 loops=1)
                                       Buffers: shared hit=90368 read=42156
                                       ->  Hash Join  (cost=15872.49..375963.58 rows=640 width=12) (actual time=40.669..1096.247 rows=1514 loops=1)
                                             Hash Cond: (t.kind_id = kt.id)
                                             Buffers: shared hit=80422 read=31736
                                             ->  Nested Loop  (cost=15871.36..375956.15 rows=1493 width=16) (actual time=40.620..1094.214 rows=13363 loops=1)
                                                   Buffers: shared hit=80421 read=31736
                                                   ->  Bitmap Heap Scan on movie_info mi2  (cost=15870.93..358824.04 rows=2166 width=8) (actual time=40.587..338.560 rows=25252 loops=1)
                                                         Recheck Cond: (info_type_id = 7)
                                                         Filter: ((info)::text = ANY ('{"CAM:Panavision Cameras and Lenses",OFM:Video}'::text[]))
                                                         Rows Removed by Filter: 1376650
                                                         Heap Blocks: exact=10050
                                                         Buffers: shared hit=1146 read=10003
                                                         ->  Bitmap Index Scan on info_type_id_movie_info  (cost=0.00..15870.39 rows=1484527 width=0) (actual time=39.181..39.181 rows=1401902 loops=1)
                                                               Index Cond: (info_type_id = 7)
                                                               Buffers: shared hit=1 read=1098
                                                   ->  Index Scan using title_pkey on title t  (cost=0.43..7.91 rows=1 width=8) (actual time=0.030..0.030 rows=1 loops=25252)
                                                         Index Cond: (id = mi2.movie_id)
                                                         Filter: ((production_year <= 2015) AND (1990 < production_year))
                                                         Rows Removed by Filter: 0
                                                         Buffers: shared hit=79275 read=21733
                                             ->  Hash  (cost=1.10..1.10 rows=3 width=4) (actual time=0.020..0.021 rows=3 loops=1)
                                                   Buckets: 1024  Batches: 1  Memory Usage: 9kB
                                                   Buffers: shared hit=1
                                                   ->  Seq Scan on kind_type kt  (cost=0.00..1.10 rows=3 width=4) (actual time=0.011..0.013 rows=3 loops=1)
                                                         Filter: ((kind)::text = ANY ('{"tv movie","tv series","video game"}'::text[]))
                                                         Rows Removed by Filter: 4
                                                         Buffers: shared hit=1
                                       ->  Index Scan using movie_id_movie_info on movie_info mi1  (cost=0.43..42.25 rows=1 width=8) (actual time=0.128..0.129 rows=0 loops=1514)
                                             Index Cond: (movie_id = t.id)
                                             Filter: (((info)::text = ANY ('{Horror,Thriller}'::text[])) AND (info_type_id = 3))
                                             Rows Removed by Filter: 25
                                             Buffers: shared hit=9946 read=10420
                                 ->  Index Scan using movie_id_cast_info on cast_info ci  (cost=0.44..43.36 rows=38 width=12) (actual time=0.029..0.450 rows=45 loops=162)
                                       Index Cond: (movie_id = t.id)
                                       Buffers: shared hit=2988 read=4574
                           ->  Hash  (cost=1.15..1.15 rows=1 width=4) (actual time=0.036..0.036 rows=1 loops=1)
                                 Buckets: 1024  Batches: 1  Memory Usage: 9kB
                                 Buffers: shared hit=1
                                 ->  Seq Scan on role_type rt  (cost=0.00..1.15 rows=1 width=4) (actual time=0.028..0.030 rows=1 loops=1)
                                       Filter: ((role)::text = 'composer'::text)
                                       Rows Removed by Filter: 11
                                       Buffers: shared hit=1
                     ->  Index Scan using name_pkey on name n  (cost=0.43..2.32 rows=1 width=4) (actual time=0.038..0.038 rows=0 loops=133)
                           Index Cond: (id = ci.person_id)
                           Filter: ((gender)::text = 'f'::text)
                           Rows Removed by Filter: 1
                           Buffers: shared hit=363 read=169
               ->  Seq Scan on info_type it1  (cost=0.00..2.41 rows=1 width=4) (actual time=0.012..0.017 rows=1 loops=2)
                     Filter: (id = 3)
                     Rows Removed by Filter: 112
                     Buffers: shared hit=2
         ->  Seq Scan on info_type it2  (cost=0.00..2.41 rows=1 width=4) (actual time=0.005..0.009 rows=1 loops=2)
               Filter: (id = 7)
               Rows Removed by Filter: 112
               Buffers: shared hit=2
 Planning:
   Buffers: shared hit=574
 Planning Time: 13.234 ms
 Execution Time: 1372.167 ms
(73 rows)

