                                                                                               QUERY PLAN                                                                                               
--------------------------------------------------------------------------------------------------------------------------------------------------------------------------------------------------------
 Aggregate  (cost=376194.37..376194.38 rows=1 width=8) (actual time=437.754..437.759 rows=1 loops=1)
   Buffers: shared hit=20852 read=17797
   ->  Nested Loop  (cost=15874.43..376194.37 rows=1 width=0) (actual time=265.384..437.751 rows=2 loops=1)
         Buffers: shared hit=20852 read=17797
         ->  Hash Join  (cost=15874.00..376192.05 rows=1 width=4) (actual time=113.021..435.802 rows=67 loops=1)
               Hash Cond: (ci.role_id = rt.id)
               Buffers: shared hit=20696 read=17685
               ->  Nested Loop  (cost=15872.83..376190.84 rows=14 width=8) (actual time=112.575..435.425 rows=3470 loops=1)
                     Buffers: shared hit=20695 read=17685
                     ->  Nested Loop  (cost=15872.39..376147.18 rows=1 width=12) (actual time=112.538..406.927 rows=66 loops=1)
                           Buffers: shared hit=19473 read=15316
                           ->  Nested Loop  (cost=15872.39..376144.76 rows=1 width=16) (actual time=112.532..406.345 rows=66 loops=1)
                                 Buffers: shared hit=19407 read=15316
                                 ->  Nested Loop  (cost=15872.39..376142.33 rows=1 width=20) (actual time=112.511..405.719 rows=66 loops=1)
                                       Buffers: shared hit=19341 read=15316
                                       ->  Hash Join  (cost=15871.96..374876.06 rows=30 width=12) (actual time=105.289..392.713 rows=154 loops=1)
                                             Hash Cond: (t.kind_id = kt.id)
                                             Buffers: shared hit=17999 read=14627
                                             ->  Nested Loop  (cost=15870.85..374874.50 rows=105 width=16) (actual time=37.954..392.092 rows=5350 loops=1)
                                                   Buffers: shared hit=17998 read=14627
                                                   ->  Bitmap Heap Scan on movie_info mi2  (cost=15870.42..373919.37 rows=113 width=8) (actual time=37.921..292.592 rows=5369 loops=1)
                                                         Recheck Cond: (info_type_id = 7)
                                                         Filter: ((info)::text = ANY ('{"CAM:Arriflex Cameras","CAM:Canon 7D","OFM:Redcode RAW"}'::text[]))
                                                         Rows Removed by Filter: 1396533
                                                         Heap Blocks: exact=10050
                                                         Buffers: shared hit=3626 read=7523
                                                         ->  Bitmap Index Scan on info_type_id_movie_info  (cost=0.00..15870.39 rows=1484527 width=0) (actual time=36.405..36.405 rows=1401902 loops=1)
                                                               Index Cond: (info_type_id = 7)
                                                               Buffers: shared read=1099
                                                   ->  Index Scan using title_pkey on title t  (cost=0.43..8.45 rows=1 width=8) (actual time=0.018..0.018 rows=1 loops=5369)
                                                         Index Cond: (id = mi2.movie_id)
                                                         Filter: ((production_year <= 2015) AND (1925 < production_year))
                                                         Rows Removed by Filter: 0
                                                         Buffers: shared hit=14372 read=7104
                                             ->  Hash  (cost=1.09..1.09 rows=2 width=4) (actual time=0.018..0.019 rows=2 loops=1)
                                                   Buckets: 1024  Batches: 1  Memory Usage: 9kB
                                                   Buffers: shared hit=1
                                                   ->  Seq Scan on kind_type kt  (cost=0.00..1.09 rows=2 width=4) (actual time=0.010..0.011 rows=2 loops=1)
                                                         Filter: ((kind)::text = ANY ('{"tv movie","video game"}'::text[]))
                                                         Rows Removed by Filter: 5
                                                         Buffers: shared hit=1
                                       ->  Index Scan using movie_id_movie_info on movie_info mi1  (cost=0.43..42.20 rows=1 width=8) (actual time=0.084..0.084 rows=0 loops=154)
                                             Index Cond: (movie_id = t.id)
                                             Filter: (((info)::text = ANY ('{Drama,Short}'::text[])) AND (info_type_id = 3))
                                             Rows Removed by Filter: 23
                                             Buffers: shared hit=1342 read=689
                                 ->  Seq Scan on info_type it1  (cost=0.00..2.41 rows=1 width=4) (actual time=0.004..0.008 rows=1 loops=66)
                                       Filter: (id = 3)
                                       Rows Removed by Filter: 112
                                       Buffers: shared hit=66
                           ->  Seq Scan on info_type it2  (cost=0.00..2.41 rows=1 width=4) (actual time=0.003..0.008 rows=1 loops=66)
                                 Filter: (id = 7)
                                 Rows Removed by Filter: 112
                                 Buffers: shared hit=66
                     ->  Index Scan using movie_id_cast_info on cast_info ci  (cost=0.44..43.28 rows=38 width=12) (actual time=0.025..0.424 rows=53 loops=66)
                           Index Cond: (movie_id = t.id)
                           Buffers: shared hit=1222 read=2369
               ->  Hash  (cost=1.15..1.15 rows=1 width=4) (actual time=0.030..0.030 rows=1 loops=1)
                     Buckets: 1024  Batches: 1  Memory Usage: 9kB
                     Buffers: shared hit=1
                     ->  Seq Scan on role_type rt  (cost=0.00..1.15 rows=1 width=4) (actual time=0.023..0.024 rows=1 loops=1)
                           Filter: ((role)::text = 'director'::text)
                           Rows Removed by Filter: 11
                           Buffers: shared hit=1
         ->  Index Scan using name_pkey on name n  (cost=0.43..2.32 rows=1 width=4) (actual time=0.028..0.028 rows=0 loops=67)
               Index Cond: (id = ci.person_id)
               Filter: ((gender)::text = 'f'::text)
               Rows Removed by Filter: 1
               Buffers: shared hit=156 read=112
 Planning:
   Buffers: shared hit=529 read=45
 Planning Time: 10.745 ms
 Execution Time: 438.232 ms
(73 rows)

