                                                                                                        QUERY PLAN                                                                                                        
--------------------------------------------------------------------------------------------------------------------------------------------------------------------------------------------------------------------------
 Aggregate  (cost=649206.03..649206.04 rows=1 width=8) (actual time=3797.360..3797.369 rows=1 loops=1)
   Buffers: shared hit=305960 read=77923, temp read=856 written=856
   ->  Nested Loop  (cost=95186.99..649205.96 rows=27 width=0) (actual time=447.659..3797.214 rows=437 loops=1)
         Buffers: shared hit=305960 read=77923, temp read=856 written=856
         ->  Seq Scan on info_type it2  (cost=0.00..2.41 rows=1 width=4) (actual time=0.039..0.048 rows=1 loops=1)
               Filter: (id = 7)
               Rows Removed by Filter: 112
               Buffers: shared hit=1
         ->  Nested Loop  (cost=95186.99..649203.28 rows=27 width=4) (actual time=447.618..3797.060 rows=437 loops=1)
               Buffers: shared hit=305959 read=77923, temp read=856 written=856
               ->  Seq Scan on info_type it1  (cost=0.00..2.41 rows=1 width=4) (actual time=0.007..0.019 rows=1 loops=1)
                     Filter: (id = 3)
                     Rows Removed by Filter: 112
                     Buffers: shared hit=1
               ->  Nested Loop  (cost=95186.99..649200.59 rows=27 width=8) (actual time=447.608..3796.933 rows=437 loops=1)
                     Buffers: shared hit=305958 read=77923, temp read=856 written=856
                     ->  Hash Join  (cost=95186.56..648929.21 rows=117 width=12) (actual time=447.567..3488.504 rows=9499 loops=1)
                           Hash Cond: (ci.role_id = rt.id)
                           Buffers: shared hit=272080 read=73805, temp read=856 written=856
                           ->  Nested Loop  (cost=95185.40..648923.06 rows=1405 width=16) (actual time=447.513..3471.146 rows=110894 loops=1)
                                 Buffers: shared hit=272079 read=73805, temp read=856 written=856
                                 ->  Nested Loop  (cost=95184.96..644538.58 rows=98 width=20) (actual time=447.486..2407.833 rows=4438 loops=1)
                                       Buffers: shared hit=172215 read=53243, temp read=856 written=856
                                       ->  Hash Join  (cost=95184.53..515060.31 rows=3001 width=12) (actual time=446.800..980.325 rows=17029 loops=1)
                                             Hash Cond: (mi1.movie_id = t.id)
                                             Buffers: shared hit=18085 read=29282, temp read=856 written=856
                                             ->  Bitmap Heap Scan on movie_info mi1  (cost=16459.76..435125.09 rows=45186 width=8) (actual time=42.483..450.101 rows=462972 loops=1)
                                                   Recheck Cond: (info_type_id = 3)
                                                   Filter: ((info)::text = ANY ('{Action,Animation,Drama,Family,Fantasy,Romance,Sci-Fi}'::text[]))
                                                   Rows Removed by Filter: 1070937
                                                   Heap Blocks: exact=9772
                                                   Buffers: shared hit=9754 read=1221
                                                   ->  Bitmap Index Scan on info_type_id_movie_info  (cost=0.00..16448.47 rows=1538671 width=0) (actual time=41.289..41.290 rows=1533909 loops=1)
                                                         Index Cond: (info_type_id = 3)
                                                         Buffers: shared read=1203
                                             ->  Hash  (cost=75968.50..75968.50 rows=167941 width=4) (actual time=403.177..403.180 rows=44292 loops=1)
                                                   Buckets: 262144  Batches: 2  Memory Usage: 2832kB
                                                   Buffers: shared hit=8331 read=28061, temp written=64
                                                   ->  Hash Join  (cost=1.13..75968.50 rows=167941 width=4) (actual time=0.063..394.316 rows=44292 loops=1)
                                                         Hash Cond: (t.kind_id = kt.id)
                                                         Buffers: shared hit=8331 read=28061
                                                         ->  Seq Scan on title t  (cost=0.00..74315.95 rows=391862 width=8) (actual time=0.028..369.161 rows=386415 loops=1)
                                                               Filter: ((production_year <= 1997) AND (1981 < production_year))
                                                               Rows Removed by Filter: 2141897
                                                               Buffers: shared hit=8330 read=28061
                                                         ->  Hash  (cost=1.10..1.10 rows=3 width=4) (actual time=0.013..0.014 rows=3 loops=1)
                                                               Buckets: 1024  Batches: 1  Memory Usage: 9kB
                                                               Buffers: shared hit=1
                                                               ->  Seq Scan on kind_type kt  (cost=0.00..1.10 rows=3 width=4) (actual time=0.008..0.009 rows=3 loops=1)
                                                                     Filter: ((kind)::text = ANY ('{"tv series","video game","video movie"}'::text[]))
                                                                     Rows Removed by Filter: 4
                                                                     Buffers: shared hit=1
                                       ->  Index Scan using movie_id_movie_info on movie_info mi2  (cost=0.43..43.14 rows=1 width=8) (actual time=0.071..0.083 rows=0 loops=17029)
                                             Index Cond: (movie_id = t.id)
                                             Filter: ((info_type_id = 7) AND ((info)::text = ANY ('{"CAM:Panavision Cameras and Lenses","OFM:35 mm","PFM:35 mm","RAT:1.33 : 1","RAT:1.66 : 1","RAT:1.85 : 1"}'::text[])))
                                             Rows Removed by Filter: 14
                                             Buffers: shared hit=154130 read=23961
                                 ->  Index Scan using movie_id_cast_info on cast_info ci  (cost=0.44..44.36 rows=38 width=12) (actual time=0.032..0.234 rows=25 loops=4438)
                                       Index Cond: (movie_id = t.id)
                                       Buffers: shared hit=99864 read=20562
                           ->  Hash  (cost=1.15..1.15 rows=1 width=4) (actual time=0.014..0.015 rows=1 loops=1)
                                 Buckets: 1024  Batches: 1  Memory Usage: 9kB
                                 Buffers: shared hit=1
                                 ->  Seq Scan on role_type rt  (cost=0.00..1.15 rows=1 width=4) (actual time=0.008..0.010 rows=1 loops=1)
                                       Filter: ((role)::text = 'writer'::text)
                                       Rows Removed by Filter: 11
                                       Buffers: shared hit=1
                     ->  Index Scan using name_pkey on name n  (cost=0.43..2.32 rows=1 width=4) (actual time=0.032..0.032 rows=0 loops=9499)
                           Index Cond: (id = ci.person_id)
                           Filter: ((gender)::text = 'f'::text)
                           Rows Removed by Filter: 1
                           Buffers: shared hit=33878 read=4118
 Planning:
   Buffers: shared hit=529 read=45
 Planning Time: 13.740 ms
 Execution Time: 3797.884 ms
(76 rows)

