                                                                                            QUERY PLAN                                                                                            
--------------------------------------------------------------------------------------------------------------------------------------------------------------------------------------------------
 Aggregate  (cost=717377.48..717377.49 rows=1 width=8) (actual time=1182.479..1182.486 rows=1 loops=1)
   Buffers: shared hit=10676 read=47366, temp read=1588 written=1588
   ->  Nested Loop  (cost=471348.12..717377.28 rows=81 width=0) (actual time=865.834..1182.479 rows=8 loops=1)
         Buffers: shared hit=10676 read=47366, temp read=1588 written=1588
         ->  Seq Scan on info_type it2  (cost=0.00..2.41 rows=1 width=4) (actual time=0.045..0.049 rows=1 loops=1)
               Filter: (id = 7)
               Rows Removed by Filter: 112
               Buffers: shared hit=1
         ->  Nested Loop  (cost=471348.12..717374.06 rows=81 width=4) (actual time=865.787..1182.425 rows=8 loops=1)
               Buffers: shared hit=10675 read=47366, temp read=1588 written=1588
               ->  Seq Scan on info_type it1  (cost=0.00..2.41 rows=1 width=4) (actual time=0.010..0.015 rows=1 loops=1)
                     Filter: (id = 3)
                     Rows Removed by Filter: 112
                     Buffers: shared hit=1
               ->  Nested Loop  (cost=471348.12..717370.84 rows=81 width=8) (actual time=865.776..1182.406 rows=8 loops=1)
                     Join Filter: (t.id = mi2.movie_id)
                     Buffers: shared hit=10674 read=47366, temp read=1588 written=1588
                     ->  Nested Loop  (cost=471347.69..627886.99 rows=2119 width=16) (actual time=865.708..1181.749 rows=8 loops=1)
                           Buffers: shared hit=10634 read=47304, temp read=1588 written=1588
                           ->  Hash Join  (cost=471347.26..606728.33 rows=9122 width=20) (actual time=850.337..1169.148 rows=875 loops=1)
                                 Hash Cond: (ci.movie_id = t.id)
                                 Buffers: shared hit=7795 read=46643, temp read=1588 written=1588
                                 ->  Nested Loop  (cost=0.44..123965.00 rows=3020080 width=8) (actual time=0.177..247.181 rows=1093558 loops=1)
                                       Buffers: shared hit=1079 read=5992
                                       ->  Seq Scan on role_type rt  (cost=0.00..1.15 rows=1 width=4) (actual time=0.010..0.012 rows=1 loops=1)
                                             Filter: ((role)::text = 'editor'::text)
                                             Rows Removed by Filter: 11
                                             Buffers: shared hit=1
                                       ->  Index Scan using role_id_cast_info on cast_info ci  (cost=0.44..91017.52 rows=3294633 width=12) (actual time=0.162..161.518 rows=1093558 loops=1)
                                             Index Cond: (role_id = rt.id)
                                             Buffers: shared hit=1078 read=5992
                                 ->  Hash  (cost=471251.35..471251.35 rows=7637 width=12) (actual time=848.865..848.869 rows=4868 loops=1)
                                       Buckets: 8192  Batches: 1  Memory Usage: 274kB
                                       Buffers: shared hit=6716 read=40651, temp read=1588 written=1588
                                       ->  Hash Join  (cost=95932.83..471251.35 rows=7637 width=12) (actual time=428.040..847.917 rows=4868 loops=1)
                                             Hash Cond: (mi1.movie_id = t.id)
                                             Buffers: shared hit=6716 read=40651, temp read=1588 written=1588
                                             ->  Bitmap Heap Scan on movie_info mi1  (cost=16473.12..389809.81 rows=98526 width=8) (actual time=41.428..318.346 rows=918765 loops=1)
                                                   Recheck Cond: (info_type_id = 3)
                                                   Filter: ((info)::text = ANY ('{Action,Animation,Comedy,Crime,Documentary,Mystery,Short,Thriller,War,Western}'::text[]))
                                                   Rows Removed by Filter: 615144
                                                   Heap Blocks: exact=9772
                                                   Buffers: shared hit=161 read=10814
                                                   ->  Bitmap Index Scan on info_type_id_movie_info  (cost=0.00..16448.47 rows=1538671 width=0) (actual time=40.244..40.245 rows=1533909 loops=1)
                                                         Index Cond: (info_type_id = 3)
                                                         Buffers: shared hit=1 read=1202
                                             ->  Hash  (cost=76244.10..76244.10 rows=195968 width=4) (actual time=385.496..385.498 rows=11843 loops=1)
                                                   Buckets: 262144  Batches: 2  Memory Usage: 2260kB
                                                   Buffers: shared hit=6555 read=29837, temp written=17
                                                   ->  Hash Join  (cost=1.13..76244.10 rows=195968 width=4) (actual time=0.116..382.748 rows=11843 loops=1)
                                                         Hash Cond: (t.kind_id = kt.id)
                                                         Buffers: shared hit=6555 read=29837
                                                         ->  Seq Scan on title t  (cost=0.00..74315.95 rows=457258 width=8) (actual time=0.024..356.555 rows=451569 loops=1)
                                                               Filter: ((production_year <= 1975) AND (1875 < production_year))
                                                               Rows Removed by Filter: 2076743
                                                               Buffers: shared hit=6554 read=29837
                                                         ->  Hash  (cost=1.10..1.10 rows=3 width=4) (actual time=0.013..0.014 rows=3 loops=1)
                                                               Buckets: 1024  Batches: 1  Memory Usage: 9kB
                                                               Buffers: shared hit=1
                                                               ->  Seq Scan on kind_type kt  (cost=0.00..1.10 rows=3 width=4) (actual time=0.007..0.008 rows=3 loops=1)
                                                                     Filter: ((kind)::text = ANY ('{"tv series","video game","video movie"}'::text[]))
                                                                     Rows Removed by Filter: 4
                                                                     Buffers: shared hit=1
                           ->  Index Scan using name_pkey on name n  (cost=0.43..2.32 rows=1 width=4) (actual time=0.014..0.014 rows=0 loops=875)
                                 Index Cond: (id = ci.person_id)
                                 Filter: ((gender)::text = 'f'::text)
                                 Rows Removed by Filter: 1
                                 Buffers: shared hit=2839 read=661
                     ->  Index Scan using movie_id_movie_info on movie_info mi2  (cost=0.43..42.22 rows=1 width=8) (actual time=0.058..0.081 rows=1 loops=8)
                           Index Cond: (movie_id = ci.movie_id)
                           Filter: ((info_type_id = 7) AND ((info)::text = ANY ('{"OFM:35 mm",PCS:Spherical,"PFM:35 mm","RAT:1.33 : 1","RAT:1.37 : 1"}'::text[])))
                           Rows Removed by Filter: 24
                           Buffers: shared hit=40 read=62
 Planning:
   Buffers: shared hit=576 read=1
 Planning Time: 12.856 ms
 Execution Time: 1183.039 ms
(77 rows)

