                                                                                            QUERY PLAN                                                                                            
--------------------------------------------------------------------------------------------------------------------------------------------------------------------------------------------------
 Aggregate  (cost=473398.21..473398.22 rows=1 width=8) (actual time=14685.561..14685.570 rows=1 loops=1)
   Buffers: shared hit=1381428 read=146754
   ->  Nested Loop  (cost=91194.78..473398.21 rows=2 width=0) (actual time=429.671..14683.039 rows=10442 loops=1)
         Buffers: shared hit=1381428 read=146754
         ->  Seq Scan on info_type it2  (cost=0.00..2.41 rows=1 width=4) (actual time=0.041..0.051 rows=1 loops=1)
               Filter: (id = 7)
               Rows Removed by Filter: 112
               Buffers: shared hit=1
         ->  Nested Loop  (cost=91194.78..473395.78 rows=2 width=4) (actual time=429.629..14680.547 rows=10442 loops=1)
               Buffers: shared hit=1381427 read=146754
               ->  Seq Scan on info_type it1  (cost=0.00..2.41 rows=1 width=4) (actual time=0.008..0.020 rows=1 loops=1)
                     Filter: (id = 3)
                     Rows Removed by Filter: 112
                     Buffers: shared hit=1
               ->  Nested Loop  (cost=91194.78..473393.34 rows=2 width=8) (actual time=429.618..14677.957 rows=10442 loops=1)
                     Buffers: shared hit=1381426 read=146754
                     ->  Hash Join  (cost=91194.35..473384.07 rows=4 width=12) (actual time=429.584..13666.658 rows=27874 loops=1)
                           Hash Cond: (ci.role_id = rt.id)
                           Buffers: shared hit=1275433 read=141251
                           ->  Nested Loop  (cost=91193.19..473382.75 rows=43 width=16) (actual time=429.166..13488.576 rows=1039850 loops=1)
                                 Buffers: shared hit=1275432 read=141251
                                 ->  Nested Loop  (cost=91192.75..473224.22 rows=3 width=20) (actual time=429.133..3500.084 rows=40072 loops=1)
                                       Buffers: shared hit=176577 read=100856
                                       ->  Hash Join  (cost=91192.31..464639.63 rows=177 width=12) (actual time=429.064..1126.670 rows=17264 loops=1)
                                             Hash Cond: (mi1.movie_id = t.id)
                                             Buffers: shared hit=804 read=46563
                                             ->  Bitmap Heap Scan on movie_info mi1  (cost=16455.73..389792.41 rows=29030 width=8) (actual time=42.127..678.321 rows=264534 loops=1)
                                                   Recheck Cond: (info_type_id = 3)
                                                   Filter: ((info)::text = ANY ('{Adventure,Comedy,Family,War}'::text[]))
                                                   Rows Removed by Filter: 1269375
                                                   Heap Blocks: exact=9772
                                                   Buffers: shared hit=803 read=10172
                                                   ->  Bitmap Index Scan on info_type_id_movie_info  (cost=0.00..16448.47 rows=1538671 width=0) (actual time=40.938..40.938 rows=1533909 loops=1)
                                                         Index Cond: (info_type_id = 3)
                                                         Buffers: shared read=1203
                                             ->  Hash  (cost=74544.15..74544.15 rows=15395 width=4) (actual time=359.794..359.797 rows=50824 loops=1)
                                                   Buckets: 65536 (originally 16384)  Batches: 1 (originally 1)  Memory Usage: 2299kB
                                                   Buffers: shared hit=1 read=36391
                                                   ->  Hash Join  (cost=1.11..74544.15 rows=15395 width=4) (actual time=0.516..351.620 rows=50824 loops=1)
                                                         Hash Cond: (t.kind_id = kt.id)
                                                         Buffers: shared hit=1 read=36391
                                                         ->  Seq Scan on title t  (cost=0.00..74315.95 rows=53884 width=8) (actual time=0.367..344.859 rows=51669 loops=1)
                                                               Filter: ((production_year <= 1949) AND (1928 < production_year))
                                                               Rows Removed by Filter: 2476643
                                                               Buffers: shared read=36391
                                                         ->  Hash  (cost=1.09..1.09 rows=2 width=4) (actual time=0.012..0.013 rows=2 loops=1)
                                                               Buckets: 1024  Batches: 1  Memory Usage: 9kB
                                                               Buffers: shared hit=1
                                                               ->  Seq Scan on kind_type kt  (cost=0.00..1.09 rows=2 width=4) (actual time=0.007..0.009 rows=2 loops=1)
                                                                     Filter: ((kind)::text = ANY ('{episode,movie}'::text[]))
                                                                     Rows Removed by Filter: 5
                                                                     Buffers: shared hit=1
                                       ->  Index Scan using movie_id_movie_info on movie_info mi2  (cost=0.43..48.49 rows=1 width=8) (actual time=0.073..0.136 rows=2 loops=17264)
                                             Index Cond: (movie_id = t.id)
                                             Filter: ((info_type_id = 7) AND ((info)::text = ANY ('{PCS:Spherical,"PFM:35 mm","RAT:1.20 : 1","RAT:1.37 : 1"}'::text[])))
                                             Rows Removed by Filter: 18
                                             Buffers: shared hit=175773 read=54293
                                 ->  Index Scan using movie_id_cast_info on cast_info ci  (cost=0.44..52.46 rows=38 width=12) (actual time=0.034..0.242 rows=26 loops=40072)
                                       Index Cond: (movie_id = t.id)
                                       Buffers: shared hit=1098855 read=40395
                           ->  Hash  (cost=1.15..1.15 rows=1 width=4) (actual time=0.017..0.018 rows=1 loops=1)
                                 Buckets: 1024  Batches: 1  Memory Usage: 9kB
                                 Buffers: shared hit=1
                                 ->  Seq Scan on role_type rt  (cost=0.00..1.15 rows=1 width=4) (actual time=0.011..0.012 rows=1 loops=1)
                                       Filter: ((role)::text = 'miscellaneous crew'::text)
                                       Rows Removed by Filter: 11
                                       Buffers: shared hit=1
                     ->  Index Scan using name_pkey on name n  (cost=0.43..2.32 rows=1 width=4) (actual time=0.036..0.036 rows=0 loops=27874)
                           Index Cond: (id = ci.person_id)
                           Filter: ((gender)::text = 'm'::text)
                           Rows Removed by Filter: 1
                           Buffers: shared hit=105993 read=5503
 Planning:
   Buffers: shared hit=482 read=92
 Planning Time: 12.992 ms
 Execution Time: 14686.165 ms
(76 rows)

