                                                                                            QUERY PLAN                                                                                            
--------------------------------------------------------------------------------------------------------------------------------------------------------------------------------------------------
 Aggregate  (cost=622534.22..622534.23 rows=1 width=8) (actual time=78420.587..78420.596 rows=1 loops=1)
   Buffers: shared hit=7420396 read=711511, temp read=2307 written=2307
   ->  Nested Loop  (cost=95343.57..622534.14 rows=33 width=0) (actual time=3493.692..78420.503 rows=81 loops=1)
         Buffers: shared hit=7420396 read=711511, temp read=2307 written=2307
         ->  Seq Scan on info_type it2  (cost=0.00..2.41 rows=1 width=4) (actual time=0.046..0.057 rows=1 loops=1)
               Filter: (id = 7)
               Rows Removed by Filter: 112
               Buffers: shared hit=1
         ->  Nested Loop  (cost=95343.57..622531.39 rows=33 width=4) (actual time=3493.644..78420.403 rows=81 loops=1)
               Buffers: shared hit=7420395 read=711511, temp read=2307 written=2307
               ->  Seq Scan on info_type it1  (cost=0.00..2.41 rows=1 width=4) (actual time=0.009..0.022 rows=1 loops=1)
                     Filter: (id = 3)
                     Rows Removed by Filter: 112
                     Buffers: shared hit=1
               ->  Nested Loop  (cost=95343.57..622528.65 rows=33 width=8) (actual time=3493.632..78420.332 rows=81 loops=1)
                     Buffers: shared hit=7420394 read=711511, temp read=2307 written=2307
                     ->  Hash Join  (cost=95343.14..622194.64 rows=144 width=12) (actual time=727.633..77922.518 rows=13295 loops=1)
                           Hash Cond: (ci.role_id = rt.id)
                           Buffers: shared hit=7371082 read=707643, temp read=2307 written=2307
                           ->  Nested Loop  (cost=95341.97..622187.32 rows=1734 width=16) (actual time=559.170..77298.923 rows=3217790 loops=1)
                                 Buffers: shared hit=7371081 read=707643, temp read=2307 written=2307
                                 ->  Nested Loop  (cost=95341.53..616796.25 rows=121 width=20) (actual time=559.143..38023.602 rows=344784 loops=1)
                                       Buffers: shared hit=3488597 read=395899, temp read=2307 written=2307
                                       ->  Hash Join  (cost=95341.10..469795.13 rows=3413 width=12) (actual time=552.345..1703.421 rows=342406 loops=1)
                                             Hash Cond: (mi2.movie_id = t.id)
                                             Buffers: shared hit=19018 read=28523, temp read=2307 written=2307
                                             ->  Bitmap Heap Scan on movie_info mi2  (cost=15881.39..389026.19 rows=44029 width=8) (actual time=38.932..737.056 rows=421658 loops=1)
                                                   Recheck Cond: (info_type_id = 7)
                                                   Filter: ((info)::text = ANY ('{MET:,"MET:300 m",PCS:Spherical,"PFM:35 mm"}'::text[]))
                                                   Rows Removed by Filter: 980244
                                                   Heap Blocks: exact=10050
                                                   Buffers: shared hit=5166 read=5983
                                                   ->  Bitmap Index Scan on info_type_id_movie_info  (cost=0.00..15870.39 rows=1484527 width=0) (actual time=37.643..37.643 rows=1401902 loops=1)
                                                         Index Cond: (info_type_id = 7)
                                                         Buffers: shared hit=1099
                                             ->  Hash  (cost=76244.10..76244.10 rows=195968 width=4) (actual time=512.315..512.318 rows=439726 loops=1)
                                                   Buckets: 262144 (originally 262144)  Batches: 4 (originally 2)  Memory Usage: 6145kB
                                                   Buffers: shared hit=13852 read=22540, temp written=966
                                                   ->  Hash Join  (cost=1.13..76244.10 rows=195968 width=4) (actual time=0.089..440.804 rows=439726 loops=1)
                                                         Hash Cond: (t.kind_id = kt.id)
                                                         Buffers: shared hit=13852 read=22540
                                                         ->  Seq Scan on title t  (cost=0.00..74315.95 rows=457258 width=8) (actual time=0.066..388.258 rows=451569 loops=1)
                                                               Filter: ((production_year <= 1975) AND (1875 < production_year))
                                                               Rows Removed by Filter: 2076743
                                                               Buffers: shared hit=13851 read=22540
                                                         ->  Hash  (cost=1.10..1.10 rows=3 width=4) (actual time=0.012..0.013 rows=3 loops=1)
                                                               Buckets: 1024  Batches: 1  Memory Usage: 9kB
                                                               Buffers: shared hit=1
                                                               ->  Seq Scan on kind_type kt  (cost=0.00..1.10 rows=3 width=4) (actual time=0.007..0.009 rows=3 loops=1)
                                                                     Filter: ((kind)::text = ANY ('{episode,movie,"tv movie"}'::text[]))
                                                                     Rows Removed by Filter: 4
                                                                     Buffers: shared hit=1
                                       ->  Index Scan using movie_id_movie_info on movie_info mi1  (cost=0.43..43.06 rows=1 width=8) (actual time=0.105..0.105 rows=1 loops=342406)
                                             Index Cond: (movie_id = t.id)
                                             Filter: ((info_type_id = 3) AND ((info)::text = ANY ('{Comedy,Crime,Documentary,Family,Musical,Romance,Short}'::text[])))
                                             Rows Removed by Filter: 14
                                             Buffers: shared hit=3469579 read=367376
                                 ->  Index Scan using movie_id_cast_info on cast_info ci  (cost=0.44..44.17 rows=38 width=12) (actual time=0.035..0.111 rows=9 loops=344784)
                                       Index Cond: (movie_id = t.id)
                                       Buffers: shared hit=3882484 read=311744
                           ->  Hash  (cost=1.15..1.15 rows=1 width=4) (actual time=0.017..0.018 rows=1 loops=1)
                                 Buckets: 1024  Batches: 1  Memory Usage: 9kB
                                 Buffers: shared hit=1
                                 ->  Seq Scan on role_type rt  (cost=0.00..1.15 rows=1 width=4) (actual time=0.010..0.011 rows=1 loops=1)
                                       Filter: ((role)::text = 'production designer'::text)
                                       Rows Removed by Filter: 11
                                       Buffers: shared hit=1
                     ->  Index Scan using name_pkey on name n  (cost=0.43..2.32 rows=1 width=4) (actual time=0.037..0.037 rows=0 loops=13295)
                           Index Cond: (id = ci.person_id)
                           Filter: ((gender)::text = 'f'::text)
                           Rows Removed by Filter: 1
                           Buffers: shared hit=49312 read=3868
 Planning:
   Buffers: shared hit=574
 Planning Time: 14.322 ms
 Execution Time: 78421.219 ms
(76 rows)

