                                                                                                  QUERY PLAN                                                                                                  
--------------------------------------------------------------------------------------------------------------------------------------------------------------------------------------------------------------
 Aggregate  (cost=889394.70..889394.71 rows=1 width=8) (actual time=24636.569..24636.577 rows=1 loops=1)
   Buffers: shared hit=2225670 read=260732, temp read=6626 written=6612
   ->  Nested Loop  (cost=855162.18..889393.95 rows=298 width=0) (actual time=975.084..24600.294 rows=224275 loops=1)
         Buffers: shared hit=2225670 read=260732, temp read=6626 written=6612
         ->  Seq Scan on info_type it2  (cost=0.00..2.41 rows=1 width=4) (actual time=0.051..0.062 rows=1 loops=1)
               Filter: (id = 4)
               Rows Removed by Filter: 112
               Buffers: shared hit=1
         ->  Nested Loop  (cost=855162.18..889388.56 rows=298 width=4) (actual time=975.031..24555.159 rows=224275 loops=1)
               Buffers: shared hit=2225669 read=260732, temp read=6626 written=6612
               ->  Seq Scan on info_type it1  (cost=0.00..2.41 rows=1 width=4) (actual time=0.009..0.023 rows=1 loops=1)
                     Filter: (id = 8)
                     Rows Removed by Filter: 112
                     Buffers: shared hit=1
               ->  Nested Loop  (cost=855162.18..889383.17 rows=298 width=8) (actual time=975.020..24509.004 rows=224275 loops=1)
                     Buffers: shared hit=2225668 read=260732, temp read=6626 written=6612
                     ->  Hash Join  (cost=855161.75..887736.31 rows=710 width=12) (actual time=974.989..14849.789 rows=270227 loops=1)
                           Hash Cond: (ci.role_id = rt.id)
                           Buffers: shared hit=1189843 read=215649, temp read=6626 written=6612
                           ->  Nested Loop  (cost=855160.58..887720.01 rows=4257 width=16) (actual time=974.943..14674.095 rows=571227 loops=1)
                                 Buffers: shared hit=1189842 read=215649, temp read=6626 written=6612
                                 ->  Nested Loop  (cost=855160.14..874753.09 rows=297 width=20) (actual time=974.917..7673.911 rows=40746 loops=1)
                                       Buffers: shared hit=674576 read=50297, temp read=6626 written=6612
                                       ->  Nested Loop  (cost=855159.99..874735.47 rows=692 width=24) (actual time=974.902..7559.256 rows=165453 loops=1)
                                             Join Filter: (t.id = mi1.movie_id)
                                             Buffers: shared hit=674564 read=50297, temp read=6626 written=6612
                                             ->  Merge Join  (cost=855159.56..855709.12 rows=5462 width=16) (actual time=974.853..1407.330 rows=176639 loops=1)
                                                   Merge Cond: (mi1.movie_id = mi2.movie_id)
                                                   Buffers: shared hit=9024 read=9281, temp read=6626 written=6612
                                                   ->  Sort  (cost=448911.82..448975.75 rows=25573 width=8) (actual time=451.832..501.174 rows=286165 loops=1)
                                                         Sort Key: mi1.movie_id
                                                         Sort Method: external sort  Disk: 6184kB
                                                         Buffers: shared hit=4603 read=4290, temp read=1544 written=1547
                                                         ->  Bitmap Heap Scan on movie_info mi1  (cost=14217.91..447039.58 rows=25573 width=8) (actual time=37.226..379.056 rows=286166 loops=1)
                                                               Recheck Cond: (info_type_id = 8)
                                                               Filter: ((info)::text = ANY ('{Finland,France,Georgia,Germany,Italy,Switzerland,UK,Venezuela}'::text[]))
                                                               Rows Removed by Filter: 1039195
                                                               Heap Blocks: exact=7853
                                                               Buffers: shared hit=4603 read=4290
                                                               ->  Bitmap Index Scan on info_type_id_movie_info  (cost=0.00..14211.52 rows=1329478 width=0) (actual time=36.230..36.230 rows=1325361 loops=1)
                                                                     Index Cond: (info_type_id = 8)
                                                                     Buffers: shared read=1040
                                                   ->  Sort  (cost=406247.74..406431.28 rows=73415 width=8) (actual time=523.011..681.575 rows=942847 loops=1)
                                                         Sort Key: mi2.movie_id
                                                         Sort Method: external sort  Disk: 20248kB
                                                         Buffers: shared hit=4421 read=4991, temp read=5067 written=5065
                                                         ->  Bitmap Heap Scan on movie_info mi2  (cost=13073.72..400314.42 rows=73415 width=8) (actual time=30.854..296.461 rows=936656 loops=1)
                                                               Recheck Cond: (info_type_id = 4)
                                                               Filter: ((info)::text = ANY ('{Arabic,English,Georgian,German,Spanish}'::text[]))
                                                               Rows Removed by Filter: 362333
                                                               Heap Blocks: exact=8393
                                                               Buffers: shared hit=4421 read=4991
                                                               ->  Bitmap Index Scan on info_type_id_movie_info  (cost=0.00..13055.37 rows=1221191 width=0) (actual time=29.823..29.824 rows=1298989 loops=1)
                                                                     Index Cond: (info_type_id = 4)
                                                                     Buffers: shared hit=1 read=1018
                                             ->  Index Scan using title_pkey on title t  (cost=0.43..3.47 rows=1 width=8) (actual time=0.034..0.034 rows=1 loops=176639)
                                                   Index Cond: (id = mi2.movie_id)
                                                   Filter: ((production_year <= 2015) AND (1925 < production_year))
                                                   Rows Removed by Filter: 0
                                                   Buffers: shared hit=665540 read=41016
                                       ->  Memoize  (cost=0.14..0.16 rows=1 width=4) (actual time=0.000..0.000 rows=0 loops=165453)
                                             Cache Key: t.kind_id
                                             Cache Mode: logical
                                             Hits: 165447  Misses: 6  Evictions: 0  Overflows: 0  Memory Usage: 1kB
                                             Buffers: shared hit=12
                                             ->  Index Scan using kind_type_pkey on kind_type kt  (cost=0.13..0.15 rows=1 width=4) (actual time=0.010..0.010 rows=0 loops=6)
                                                   Index Cond: (id = t.kind_id)
                                                   Filter: ((kind)::text = ANY ('{"tv movie","tv series","video game"}'::text[]))
                                                   Rows Removed by Filter: 0
                                                   Buffers: shared hit=12
                                 ->  Index Scan using movie_id_cast_info on cast_info ci  (cost=0.44..43.28 rows=38 width=12) (actual time=0.036..0.167 rows=14 loops=40746)
                                       Index Cond: (movie_id = t.id)
                                       Buffers: shared hit=515266 read=165352
                           ->  Hash  (cost=1.15..1.15 rows=2 width=4) (actual time=0.020..0.021 rows=2 loops=1)
                                 Buckets: 1024  Batches: 1  Memory Usage: 9kB
                                 Buffers: shared hit=1
                                 ->  Seq Scan on role_type rt  (cost=0.00..1.15 rows=2 width=4) (actual time=0.011..0.014 rows=2 loops=1)
                                       Filter: ((role)::text = ANY ('{actor,producer}'::text[]))
                                       Rows Removed by Filter: 10
                                       Buffers: shared hit=1
                     ->  Index Scan using name_pkey on name n  (cost=0.43..2.32 rows=1 width=4) (actual time=0.035..0.035 rows=1 loops=270227)
                           Index Cond: (id = ci.person_id)
                           Filter: ((gender)::text = 'm'::text)
                           Rows Removed by Filter: 0
                           Buffers: shared hit=1035825 read=45083
 Planning:
   Buffers: shared hit=483 read=91
 Planning Time: 13.618 ms
 Execution Time: 24647.369 ms
(89 rows)

