                                                                                                  QUERY PLAN                                                                                                  
--------------------------------------------------------------------------------------------------------------------------------------------------------------------------------------------------------------
 Aggregate  (cost=939101.42..939101.43 rows=1 width=8) (actual time=45819.415..45819.424 rows=1 loops=1)
   Buffers: shared hit=4213895 read=463920, temp read=8921 written=8847
   ->  Nested Loop  (cost=858234.49..939100.52 rows=362 width=0) (actual time=1060.862..45814.285 rows=14188 loops=1)
         Buffers: shared hit=4213895 read=463920, temp read=8921 written=8847
         ->  Seq Scan on info_type it2  (cost=0.00..2.41 rows=1 width=4) (actual time=0.031..0.042 rows=1 loops=1)
               Filter: (id = 4)
               Rows Removed by Filter: 112
               Buffers: shared hit=1
         ->  Nested Loop  (cost=858234.49..939094.48 rows=362 width=4) (actual time=1060.830..45810.375 rows=14188 loops=1)
               Buffers: shared hit=4213894 read=463920, temp read=8921 written=8847
               ->  Seq Scan on info_type it1  (cost=0.00..2.41 rows=1 width=4) (actual time=0.007..0.020 rows=1 loops=1)
                     Filter: (id = 8)
                     Rows Removed by Filter: 112
                     Buffers: shared hit=1
               ->  Nested Loop  (cost=858234.49..939088.45 rows=362 width=8) (actual time=1060.821..45806.404 rows=14188 loops=1)
                     Buffers: shared hit=4213893 read=463920, temp read=8921 written=8847
                     ->  Hash Join  (cost=858234.06..937084.39 rows=864 width=12) (actual time=1059.450..44488.533 rows=34796 loops=1)
                           Hash Cond: (ci.role_id = rt.id)
                           Buffers: shared hit=4089011 read=449618, temp read=8921 written=8847
                           ->  Nested Loop  (cost=858232.89..937046.41 rows=10363 width=16) (actual time=1059.282..44157.663 rows=1749463 loops=1)
                                 Buffers: shared hit=4089010 read=449618, temp read=8921 written=8847
                                 ->  Nested Loop  (cost=858232.45..905480.47 rows=723 width=20) (actual time=1059.259..24503.872 rows=91284 loops=1)
                                       Buffers: shared hit=2523580 read=53117, temp read=8921 written=8847
                                       ->  Nested Loop  (cost=858232.31..905439.04 rows=1687 width=24) (actual time=1059.243..24090.264 rows=593829 loops=1)
                                             Join Filter: (t.id = mi1.movie_id)
                                             Buffers: shared hit=2523569 read=53116, temp read=8921 written=8847
                                             ->  Merge Join  (cost=858231.88..859043.68 rows=13313 width=16) (actual time=1059.192..1854.945 rows=639595 loops=1)
                                                   Merge Cond: (mi1.movie_id = mi2.movie_id)
                                                   Buffers: shared hit=8980 read=9325, temp read=8921 written=8847
                                                   ->  Sort  (cost=436962.99..437119.02 rows=62410 width=8) (actual time=538.948..673.746 rows=692505 loops=1)
                                                         Sort Key: mi1.movie_id
                                                         Sort Method: external sort  Disk: 14968kB
                                                         Buffers: shared hit=5631 read=3262, temp read=3735 written=3744
                                                         ->  Bitmap Heap Scan on movie_info mi1  (cost=14227.12..431992.20 rows=62410 width=8) (actual time=36.511..369.718 rows=692505 loops=1)
                                                               Recheck Cond: (info_type_id = 8)
                                                               Filter: ((info)::text = ANY ('{Canada,France,"Hong Kong",Hungary,Mexico,Sweden,USA}'::text[]))
                                                               Rows Removed by Filter: 632856
                                                               Heap Blocks: exact=7853
                                                               Buffers: shared hit=5631 read=3262
                                                               ->  Bitmap Index Scan on info_type_id_movie_info  (cost=0.00..14211.52 rows=1329478 width=0) (actual time=35.527..35.527 rows=1325361 loops=1)
                                                                     Index Cond: (info_type_id = 8)
                                                                     Buffers: shared read=1040
                                                   ->  Sort  (cost=421268.89..421452.20 rows=73324 width=8) (actual time=520.236..714.137 rows=959322 loops=1)
                                                         Sort Key: mi2.movie_id
                                                         Sort Method: external sort  Disk: 20400kB
                                                         Buffers: shared hit=3349 read=6063, temp read=5138 written=5103
                                                         ->  Bitmap Heap Scan on movie_info mi2  (cost=13073.70..415343.58 rows=73324 width=8) (actual time=30.509..292.927 rows=943782 loops=1)
                                                               Recheck Cond: (info_type_id = 4)
                                                               Filter: ((info)::text = ANY ('{English,French,Hungarian,Mandarin,Spanish,Swedish}'::text[]))
                                                               Rows Removed by Filter: 355207
                                                               Heap Blocks: exact=8393
                                                               Buffers: shared hit=3349 read=6063
                                                               ->  Bitmap Index Scan on info_type_id_movie_info  (cost=0.00..13055.37 rows=1221191 width=0) (actual time=29.477..29.478 rows=1298989 loops=1)
                                                                     Index Cond: (info_type_id = 4)
                                                                     Buffers: shared hit=1 read=1018
                                             ->  Index Scan using title_pkey on title t  (cost=0.43..3.47 rows=1 width=8) (actual time=0.034..0.034 rows=1 loops=639595)
                                                   Index Cond: (id = mi2.movie_id)
                                                   Filter: ((production_year <= 2015) AND (1925 < production_year))
                                                   Rows Removed by Filter: 0
                                                   Buffers: shared hit=2514589 read=43791
                                       ->  Memoize  (cost=0.14..0.16 rows=1 width=4) (actual time=0.000..0.000 rows=0 loops=593829)
                                             Cache Key: t.kind_id
                                             Cache Mode: logical
                                             Hits: 593823  Misses: 6  Evictions: 0  Overflows: 0  Memory Usage: 1kB
                                             Buffers: shared hit=11 read=1
                                             ->  Index Scan using kind_type_pkey on kind_type kt  (cost=0.13..0.15 rows=1 width=4) (actual time=0.012..0.012 rows=0 loops=6)
                                                   Index Cond: (id = t.kind_id)
                                                   Filter: ((kind)::text = ANY ('{"tv movie","tv series","video game"}'::text[]))
                                                   Rows Removed by Filter: 0
                                                   Buffers: shared hit=11 read=1
                                 ->  Index Scan using movie_id_cast_info on cast_info ci  (cost=0.44..43.28 rows=38 width=12) (actual time=0.036..0.209 rows=19 loops=91284)
                                       Index Cond: (movie_id = t.id)
                                       Buffers: shared hit=1565430 read=396501
                           ->  Hash  (cost=1.15..1.15 rows=1 width=4) (actual time=0.019..0.020 rows=1 loops=1)
                                 Buckets: 1024  Batches: 1  Memory Usage: 9kB
                                 Buffers: shared hit=1
                                 ->  Seq Scan on role_type rt  (cost=0.00..1.15 rows=1 width=4) (actual time=0.011..0.012 rows=1 loops=1)
                                       Filter: ((role)::text = 'composer'::text)
                                       Rows Removed by Filter: 11
                                       Buffers: shared hit=1
                     ->  Index Scan using name_pkey on name n  (cost=0.43..2.32 rows=1 width=4) (actual time=0.037..0.037 rows=0 loops=34796)
                           Index Cond: (id = ci.person_id)
                           Filter: ((gender)::text = 'm'::text)
                           Rows Removed by Filter: 1
                           Buffers: shared hit=124882 read=14302
 Planning:
   Buffers: shared hit=519 read=55
 Planning Time: 13.413 ms
 Execution Time: 45830.352 ms
(89 rows)

