                                                                                            QUERY PLAN                                                                                            
--------------------------------------------------------------------------------------------------------------------------------------------------------------------------------------------------
 Aggregate  (cost=891975.73..891975.74 rows=1 width=8) (actual time=9262.693..9262.700 rows=1 loops=1)
   Buffers: shared hit=800053 read=107562, temp read=2451 written=2451
   ->  Nested Loop  (cost=484808.29..891975.36 rows=150 width=0) (actual time=984.241..9260.611 rows=12099 loops=1)
         Buffers: shared hit=800053 read=107562, temp read=2451 written=2451
         ->  Seq Scan on info_type it2  (cost=0.00..2.41 rows=1 width=4) (actual time=0.047..0.054 rows=1 loops=1)
               Filter: (id = 4)
               Rows Removed by Filter: 112
               Buffers: shared hit=1
         ->  Nested Loop  (cost=484808.29..891971.44 rows=150 width=4) (actual time=984.193..9258.651 rows=12099 loops=1)
               Buffers: shared hit=800052 read=107562, temp read=2451 written=2451
               ->  Seq Scan on info_type it1  (cost=0.00..2.41 rows=1 width=4) (actual time=0.009..0.017 rows=1 loops=1)
                     Filter: (id = 8)
                     Rows Removed by Filter: 112
                     Buffers: shared hit=1
               ->  Nested Loop  (cost=484808.29..891967.53 rows=150 width=8) (actual time=984.182..9256.360 rows=12099 loops=1)
                     Join Filter: (t.id = mi2.movie_id)
                     Buffers: shared hit=800051 read=107562, temp read=2451 written=2451
                     ->  Nested Loop  (cost=484807.85..672019.94 rows=5177 width=16) (actual time=984.156..8088.497 rows=12394 loops=1)
                           Buffers: shared hit=705787 read=70231, temp read=2451 written=2451
                           ->  Hash Join  (cost=484807.42..620320.17 rows=22289 width=20) (actual time=984.120..3287.612 rows=173798 loops=1)
                                 Hash Cond: (ci.movie_id = t.id)
                                 Buffers: shared hit=36165 read=44661, temp read=2451 written=2451
                                 ->  Nested Loop  (cost=0.44..123965.00 rows=3020080 width=8) (actual time=0.162..1593.159 rows=4008037 loops=1)
                                       Buffers: shared hit=1545 read=33996
                                       ->  Seq Scan on role_type rt  (cost=0.00..1.15 rows=1 width=4) (actual time=0.008..0.012 rows=1 loops=1)
                                             Filter: ((role)::text = 'producer'::text)
                                             Rows Removed by Filter: 11
                                             Buffers: shared hit=1
                                       ->  Index Scan using role_id_cast_info on cast_info ci  (cost=0.44..91017.52 rows=3294633 width=12) (actual time=0.151..1041.668 rows=4008037 loops=1)
                                             Index Cond: (role_id = rt.id)
                                             Buffers: shared hit=1544 read=33996
                                 ->  Hash  (cost=484573.73..484573.73 rows=18660 width=12) (actual time=983.660..983.664 rows=71477 loops=1)
                                       Buckets: 131072 (originally 32768)  Batches: 1 (originally 1)  Memory Usage: 4096kB
                                       Buffers: shared hit=34620 read=10665, temp read=2451 written=2451
                                       ->  Hash Join  (cost=108142.96..484573.73 rows=18660 width=12) (actual time=605.382..971.261 rows=71477 loops=1)
                                             Hash Cond: (mi1.movie_id = t.id)
                                             Buffers: shared hit=34620 read=10665, temp read=2451 written=2451
                                             ->  Bitmap Heap Scan on movie_info mi1  (cost=14227.34..386822.63 rows=63166 width=8) (actual time=36.295..246.392 rows=699194 loops=1)
                                                   Recheck Cond: (info_type_id = 8)
                                                   Filter: ((info)::text = ANY ('{China,Egypt,Estonia,France,Germany,India,Romania,"South Africa",Switzerland,Taiwan,USA}'::text[]))
                                                   Rows Removed by Filter: 626167
                                                   Heap Blocks: exact=7853
                                                   Buffers: shared hit=3320 read=5573
                                                   ->  Bitmap Index Scan on info_type_id_movie_info  (cost=0.00..14211.52 rows=1329478 width=0) (actual time=35.321..35.322 rows=1325361 loops=1)
                                                         Index Cond: (info_type_id = 8)
                                                         Buffers: shared hit=1 read=1039
                                             ->  Hash  (cost=81661.50..81661.50 rows=746890 width=4) (actual time=568.064..568.067 rows=138444 loops=1)
                                                   Buckets: 262144  Batches: 8  Memory Usage: 2656kB
                                                   Buffers: shared hit=31300 read=5092, temp written=350
                                                   ->  Hash Join  (cost=1.13..81661.50 rows=746890 width=4) (actual time=0.046..548.123 rows=138444 loops=1)
                                                         Hash Cond: (t.kind_id = kt.id)
                                                         Buffers: shared hit=31300 read=5092
                                                         ->  Seq Scan on title t  (cost=0.00..74315.95 rows=1742744 width=8) (actual time=0.024..444.889 rows=1748995 loops=1)
                                                               Filter: ((production_year <= 2015) AND (1990 < production_year))
                                                               Rows Removed by Filter: 779317
                                                               Buffers: shared hit=31299 read=5092
                                                         ->  Hash  (cost=1.10..1.10 rows=3 width=4) (actual time=0.016..0.017 rows=3 loops=1)
                                                               Buckets: 1024  Batches: 1  Memory Usage: 9kB
                                                               Buffers: shared hit=1
                                                               ->  Seq Scan on kind_type kt  (cost=0.00..1.10 rows=3 width=4) (actual time=0.006..0.007 rows=3 loops=1)
                                                                     Filter: ((kind)::text = ANY ('{"tv movie","tv series","video game"}'::text[]))
                                                                     Rows Removed by Filter: 4
                                                                     Buffers: shared hit=1
                           ->  Index Scan using name_pkey on name n  (cost=0.43..2.32 rows=1 width=4) (actual time=0.027..0.027 rows=0 loops=173798)
                                 Index Cond: (id = ci.person_id)
                                 Filter: ((gender)::text = 'f'::text)
                                 Rows Removed by Filter: 1
                                 Buffers: shared hit=669622 read=25570
                     ->  Index Scan using movie_id_movie_info on movie_info mi2  (cost=0.43..42.47 rows=1 width=8) (actual time=0.048..0.094 rows=1 loops=12394)
                           Index Cond: (movie_id = ci.movie_id)
                           Filter: ((info_type_id = 4) AND ((info)::text = ANY ('{Arabic,Bengali,English,Estonian,French,Mandarin,None,Romanian,Spanish,Telugu}'::text[])))
                           Rows Removed by Filter: 11
                           Buffers: shared hit=94264 read=37331
 Planning:
   Buffers: shared hit=576 read=1
 Planning Time: 12.864 ms
 Execution Time: 9263.373 ms
(77 rows)

