                                                                                               QUERY PLAN                                                                                               
--------------------------------------------------------------------------------------------------------------------------------------------------------------------------------------------------------
 Aggregate  (cost=608699.44..608699.45 rows=1 width=8) (actual time=9529.792..9529.800 rows=1 loops=1)
   Buffers: shared hit=843069 read=149039
   ->  Nested Loop  (cost=14218.19..608699.30 rows=55 width=0) (actual time=58.595..9528.922 rows=2588 loops=1)
         Buffers: shared hit=843069 read=149039
         ->  Seq Scan on info_type it2  (cost=0.00..2.41 rows=1 width=4) (actual time=0.044..0.055 rows=1 loops=1)
               Filter: (id = 4)
               Rows Removed by Filter: 112
               Buffers: shared hit=1
         ->  Nested Loop  (cost=14218.19..608696.34 rows=55 width=4) (actual time=58.550..9528.252 rows=2588 loops=1)
               Buffers: shared hit=843068 read=149039
               ->  Seq Scan on info_type it1  (cost=0.00..2.41 rows=1 width=4) (actual time=0.009..0.022 rows=1 loops=1)
                     Filter: (id = 8)
                     Rows Removed by Filter: 112
                     Buffers: shared hit=1
               ->  Nested Loop  (cost=14218.19..608693.38 rows=55 width=8) (actual time=58.537..9527.578 rows=2588 loops=1)
                     Buffers: shared hit=843067 read=149039
                     ->  Hash Join  (cost=14217.76..608391.84 rows=130 width=12) (actual time=39.298..8744.658 rows=21604 loops=1)
                           Hash Cond: (ci.role_id = rt.id)
                           Buffers: shared hit=766528 read=139162
                           ->  Nested Loop  (cost=14216.59..608385.13 rows=1562 width=16) (actual time=36.638..8696.766 rows=267241 loops=1)
                                 Buffers: shared hit=766527 read=139162
                                 ->  Nested Loop  (cost=14216.15..603622.08 rows=109 width=20) (actual time=36.607..5698.738 rows=15221 loops=1)
                                       Buffers: shared hit=527208 read=72070
                                       ->  Hash Join  (cost=14215.72..453681.47 rows=3533 width=12) (actual time=36.364..4313.987 rows=16340 loops=1)
                                             Hash Cond: (t.kind_id = kt.id)
                                             Buffers: shared hit=416493 read=34869
                                             ->  Nested Loop  (cost=14214.58..453645.59 rows=8244 width=16) (actual time=36.315..4293.639 rows=78589 loops=1)
                                                   Buffers: shared hit=416492 read=34869
                                                   ->  Bitmap Heap Scan on movie_info mi1  (cost=14214.14..386809.44 rows=10406 width=8) (actual time=36.280..418.269 rows=114235 loops=1)
                                                         Recheck Cond: (info_type_id = 8)
                                                         Filter: ((info)::text = ANY ('{Austria,Belgium,Cuba,France,Indonesia,Mexico,Peru,"South Africa",Switzerland}'::text[]))
                                                         Rows Removed by Filter: 1211126
                                                         Heap Blocks: exact=7853
                                                         Buffers: shared hit=16 read=8877
                                                         ->  Bitmap Index Scan on info_type_id_movie_info  (cost=0.00..14211.52 rows=1329478 width=0) (actual time=35.280..35.280 rows=1325361 loops=1)
                                                               Index Cond: (info_type_id = 8)
                                                               Buffers: shared read=1040
                                                   ->  Memoize  (cost=0.44..6.50 rows=1 width=8) (actual time=0.033..0.033 rows=1 loops=114235)
                                                         Cache Key: mi1.movie_id
                                                         Cache Mode: logical
                                                         Hits: 3618  Misses: 110617  Evictions: 21027  Overflows: 0  Memory Usage: 8193kB
                                                         Buffers: shared hit=416476 read=25992
                                                         ->  Index Scan using title_pkey on title t  (cost=0.43..6.49 rows=1 width=8) (actual time=0.033..0.033 rows=1 loops=110617)
                                                               Index Cond: (id = mi1.movie_id)
                                                               Filter: ((production_year <= 2015) AND (1975 < production_year))
                                                               Rows Removed by Filter: 0
                                                               Buffers: shared hit=416476 read=25992
                                             ->  Hash  (cost=1.10..1.10 rows=3 width=4) (actual time=0.022..0.023 rows=3 loops=1)
                                                   Buckets: 1024  Batches: 1  Memory Usage: 9kB
                                                   Buffers: shared hit=1
                                                   ->  Seq Scan on kind_type kt  (cost=0.00..1.10 rows=3 width=4) (actual time=0.010..0.012 rows=3 loops=1)
                                                         Filter: ((kind)::text = ANY ('{"tv movie","tv series","video game"}'::text[]))
                                                         Rows Removed by Filter: 4
                                                         Buffers: shared hit=1
                                       ->  Index Scan using movie_id_movie_info on movie_info mi2  (cost=0.43..42.43 rows=1 width=8) (actual time=0.052..0.084 rows=1 loops=16340)
                                             Index Cond: (movie_id = t.id)
                                             Filter: ((info_type_id = 4) AND ((info)::text = ANY ('{English,French,German,Indonesian,Spanish,"Swiss German"}'::text[])))
                                             Rows Removed by Filter: 7
                                             Buffers: shared hit=110715 read=37201
                                 ->  Index Scan using movie_id_cast_info on cast_info ci  (cost=0.44..43.32 rows=38 width=12) (actual time=0.035..0.192 rows=18 loops=15221)
                                       Index Cond: (movie_id = t.id)
                                       Buffers: shared hit=239319 read=67092
                           ->  Hash  (cost=1.15..1.15 rows=1 width=4) (actual time=0.020..0.021 rows=1 loops=1)
                                 Buckets: 1024  Batches: 1  Memory Usage: 9kB
                                 Buffers: shared hit=1
                                 ->  Seq Scan on role_type rt  (cost=0.00..1.15 rows=1 width=4) (actual time=0.013..0.015 rows=1 loops=1)
                                       Filter: ((role)::text = 'miscellaneous crew'::text)
                                       Rows Removed by Filter: 11
                                       Buffers: shared hit=1
                     ->  Index Scan using name_pkey on name n  (cost=0.43..2.32 rows=1 width=4) (actual time=0.036..0.036 rows=0 loops=21604)
                           Index Cond: (id = ci.person_id)
                           Filter: ((gender)::text = 'm'::text)
                           Rows Removed by Filter: 1
                           Buffers: shared hit=76539 read=9877
 Planning:
   Buffers: shared hit=488 read=89
 Planning Time: 13.379 ms
 Execution Time: 9532.414 ms
(78 rows)

