                                                                                               QUERY PLAN                                                                                               
--------------------------------------------------------------------------------------------------------------------------------------------------------------------------------------------------------
 Aggregate  (cost=576737.42..576737.43 rows=1 width=8) (actual time=19878.874..19878.883 rows=1 loops=1)
   Buffers: shared hit=1919690 read=144118
   ->  Nested Loop  (cost=14218.77..576737.34 rows=31 width=0) (actual time=70.083..19850.928 rows=161903 loops=1)
         Buffers: shared hit=1919690 read=144118
         ->  Hash Join  (cost=14218.34..576565.69 rows=74 width=4) (actual time=70.033..13293.873 rows=179531 loops=1)
               Hash Cond: (ci.role_id = rt.id)
               Buffers: shared hit=1230183 read=115501
               ->  Nested Loop  (cost=14217.16..576562.94 rows=444 width=8) (actual time=69.964..13183.511 rows=345160 loops=1)
                     Buffers: shared hit=1230182 read=115501
                     ->  Nested Loop  (cost=14216.72..575187.35 rows=31 width=12) (actual time=69.908..9292.338 rows=17244 loops=1)
                           Buffers: shared hit=901166 read=55691
                           ->  Seq Scan on info_type it2  (cost=0.00..2.41 rows=1 width=4) (actual time=0.030..0.042 rows=1 loops=1)
                                 Filter: (id = 4)
                                 Rows Removed by Filter: 112
                                 Buffers: shared hit=1
                           ->  Nested Loop  (cost=14216.72..575184.63 rows=31 width=16) (actual time=69.876..9287.382 rows=17244 loops=1)
                                 Buffers: shared hit=901165 read=55691
                                 ->  Seq Scan on info_type it1  (cost=0.00..2.41 rows=1 width=4) (actual time=0.009..0.023 rows=1 loops=1)
                                       Filter: (id = 8)
                                       Rows Removed by Filter: 112
                                       Buffers: shared hit=1
                                 ->  Nested Loop  (cost=14216.72..575181.90 rows=31 width=20) (actual time=69.864..9282.602 rows=17244 loops=1)
                                       Buffers: shared hit=901164 read=55691
                                       ->  Hash Join  (cost=14216.29..524398.73 rows=1181 width=12) (actual time=37.111..5647.125 rows=41982 loops=1)
                                             Hash Cond: (t.kind_id = kt.id)
                                             Buffers: shared hit=558732 read=8142
                                             ->  Nested Loop  (cost=14215.15..524385.97 rows=2757 width=16) (actual time=34.147..5624.843 rows=44530 loops=1)
                                                   Buffers: shared hit=558731 read=8142
                                                   ->  Bitmap Heap Scan on movie_info mi1  (cost=14214.71..447036.38 rows=12766 width=8) (actual time=33.954..738.334 rows=143906 loops=1)
                                                         Recheck Cond: (info_type_id = 8)
                                                         Filter: ((info)::text = ANY ('{Bulgaria,Egypt,France,India,Indonesia,Iran,Italy,Portugal}'::text[]))
                                                         Rows Removed by Filter: 1181455
                                                         Heap Blocks: exact=7853
                                                         Buffers: shared hit=4890 read=4003
                                                         ->  Bitmap Index Scan on info_type_id_movie_info  (cost=0.00..14211.52 rows=1329478 width=0) (actual time=32.994..32.994 rows=1325361 loops=1)
                                                               Index Cond: (info_type_id = 8)
                                                               Buffers: shared hit=1040
                                                   ->  Memoize  (cost=0.44..6.15 rows=1 width=8) (actual time=0.034..0.034 rows=0 loops=143906)
                                                         Cache Key: mi1.movie_id
                                                         Cache Mode: logical
                                                         Hits: 4411  Misses: 139495  Evictions: 35332  Overflows: 0  Memory Usage: 8193kB
                                                         Buffers: shared hit=553841 read=4139
                                                         ->  Index Scan using title_pkey on title t  (cost=0.43..6.14 rows=1 width=8) (actual time=0.033..0.033 rows=0 loops=139495)
                                                               Index Cond: (id = mi1.movie_id)
                                                               Filter: ((production_year <= 1990) AND (1950 < production_year))
                                                               Rows Removed by Filter: 1
                                                               Buffers: shared hit=553841 read=4139
                                             ->  Hash  (cost=1.10..1.10 rows=3 width=4) (actual time=0.028..0.029 rows=3 loops=1)
                                                   Buckets: 1024  Batches: 1  Memory Usage: 9kB
                                                   Buffers: shared hit=1
                                                   ->  Seq Scan on kind_type kt  (cost=0.00..1.10 rows=3 width=4) (actual time=0.008..0.013 rows=3 loops=1)
                                                         Filter: ((kind)::text = ANY ('{episode,movie,"tv movie"}'::text[]))
                                                         Rows Removed by Filter: 4
                                                         Buffers: shared hit=1
                                       ->  Index Scan using movie_id_movie_info on movie_info mi2  (cost=0.43..42.99 rows=1 width=8) (actual time=0.062..0.086 rows=0 loops=41982)
                                             Index Cond: (movie_id = t.id)
                                             Filter: ((info_type_id = 4) AND ((info)::text = ANY ('{Arabic,Bulgarian,English,Indonesian,Italian,Persian,Portuguese,Telugu}'::text[])))
                                             Rows Removed by Filter: 10
                                             Buffers: shared hit=342432 read=47549
                     ->  Index Scan using movie_id_cast_info on cast_info ci  (cost=0.44..43.99 rows=38 width=12) (actual time=0.037..0.219 rows=20 loops=17244)
                           Index Cond: (movie_id = t.id)
                           Buffers: shared hit=329016 read=59810
               ->  Hash  (cost=1.15..1.15 rows=2 width=4) (actual time=0.043..0.043 rows=2 loops=1)
                     Buckets: 1024  Batches: 1  Memory Usage: 9kB
                     Buffers: shared hit=1
                     ->  Seq Scan on role_type rt  (cost=0.00..1.15 rows=2 width=4) (actual time=0.028..0.032 rows=2 loops=1)
                           Filter: ((role)::text = ANY ('{actor,writer}'::text[]))
                           Rows Removed by Filter: 10
                           Buffers: shared hit=1
         ->  Index Scan using name_pkey on name n  (cost=0.43..2.32 rows=1 width=4) (actual time=0.036..0.036 rows=1 loops=179531)
               Index Cond: (id = ci.person_id)
               Filter: ((gender)::text = 'm'::text)
               Rows Removed by Filter: 0
               Buffers: shared hit=689507 read=28617
 Planning:
   Buffers: shared hit=574
 Planning Time: 12.273 ms
 Execution Time: 19882.371 ms
(78 rows)

