                                                                                               QUERY PLAN                                                                                               
--------------------------------------------------------------------------------------------------------------------------------------------------------------------------------------------------------
 Aggregate  (cost=356000.79..356000.80 rows=1 width=8) (actual time=2157.478..2157.484 rows=1 loops=1)
   Buffers: shared hit=201060 read=19319
   ->  Nested Loop  (cost=13059.41..356000.79 rows=1 width=0) (actual time=42.162..2157.429 rows=96 loops=1)
         Buffers: shared hit=201060 read=19319
         ->  Hash Join  (cost=13058.98..355998.47 rows=1 width=4) (actual time=42.122..2144.820 rows=476 loops=1)
               Hash Cond: (ci.role_id = rt.id)
               Buffers: shared hit=199333 read=19142
               ->  Nested Loop  (cost=13057.82..355997.26 rows=14 width=8) (actual time=41.370..2133.047 rows=86529 loops=1)
                     Buffers: shared hit=199332 read=19142
                     ->  Nested Loop  (cost=13057.38..355952.70 rows=1 width=12) (actual time=41.333..1345.880 rows=5279 loops=1)
                           Buffers: shared hit=104727 read=12466
                           ->  Nested Loop  (cost=13057.38..355950.28 rows=1 width=16) (actual time=41.328..1245.096 rows=5279 loops=1)
                                 Buffers: shared hit=99448 read=12466
                                 ->  Nested Loop  (cost=13057.38..355947.86 rows=1 width=20) (actual time=41.308..1134.000 rows=5279 loops=1)
                                       Buffers: shared hit=94169 read=12466
                                       ->  Hash Join  (cost=13056.95..355733.78 rows=5 width=12) (actual time=41.257..749.092 rows=5308 loops=1)
                                             Hash Cond: (t.kind_id = kt.id)
                                             Buffers: shared hit=54421 read=8392
                                             ->  Nested Loop  (cost=13055.81..355732.60 rows=11 width=16) (actual time=38.557..746.751 rows=5360 loops=1)
                                                   Buffers: shared hit=54420 read=8392
                                                   ->  Bitmap Heap Scan on movie_info mi2  (cost=13055.38..355208.54 rows=62 width=8) (actual time=38.505..343.753 rows=13350 loops=1)
                                                         Recheck Cond: (info_type_id = 4)
                                                         Filter: ((info)::text = ANY ('{Czech,Turkish}'::text[]))
                                                         Rows Removed by Filter: 1285639
                                                         Heap Blocks: exact=8393
                                                         Buffers: shared hit=4093 read=5319
                                                         ->  Bitmap Index Scan on info_type_id_movie_info  (cost=0.00..13055.37 rows=1221191 width=0) (actual time=36.526..36.526 rows=1298989 loops=1)
                                                               Index Cond: (info_type_id = 4)
                                                               Buffers: shared hit=1 read=1018
                                                   ->  Index Scan using title_pkey on title t  (cost=0.43..8.45 rows=1 width=8) (actual time=0.030..0.030 rows=0 loops=13350)
                                                         Index Cond: (id = mi2.movie_id)
                                                         Filter: ((production_year <= 1975) AND (1875 < production_year))
                                                         Rows Removed by Filter: 1
                                                         Buffers: shared hit=50327 read=3073
                                             ->  Hash  (cost=1.10..1.10 rows=3 width=4) (actual time=0.020..0.021 rows=3 loops=1)
                                                   Buckets: 1024  Batches: 1  Memory Usage: 9kB
                                                   Buffers: shared hit=1
                                                   ->  Seq Scan on kind_type kt  (cost=0.00..1.10 rows=3 width=4) (actual time=0.009..0.011 rows=3 loops=1)
                                                         Filter: ((kind)::text = ANY ('{episode,movie,"tv movie"}'::text[]))
                                                         Rows Removed by Filter: 4
                                                         Buffers: shared hit=1
                                       ->  Index Scan using movie_id_movie_info on movie_info mi1  (cost=0.43..42.80 rows=1 width=8) (actual time=0.064..0.072 rows=1 loops=5308)
                                             Index Cond: (movie_id = t.id)
                                             Filter: (((info)::text = ANY ('{Czechoslovakia,Turkey}'::text[])) AND (info_type_id = 8))
                                             Rows Removed by Filter: 6
                                             Buffers: shared hit=39748 read=4074
                                 ->  Seq Scan on info_type it1  (cost=0.00..2.41 rows=1 width=4) (actual time=0.012..0.019 rows=1 loops=5279)
                                       Filter: (id = 8)
                                       Rows Removed by Filter: 112
                                       Buffers: shared hit=5279
                           ->  Seq Scan on info_type it2  (cost=0.00..2.41 rows=1 width=4) (actual time=0.010..0.018 rows=1 loops=5279)
                                 Filter: (id = 4)
                                 Rows Removed by Filter: 112
                                 Buffers: shared hit=5279
                     ->  Index Scan using movie_id_cast_info on cast_info ci  (cost=0.44..44.17 rows=38 width=12) (actual time=0.031..0.145 rows=16 loops=5279)
                           Index Cond: (movie_id = t.id)
                           Buffers: shared hit=94605 read=6676
               ->  Hash  (cost=1.15..1.15 rows=1 width=4) (actual time=0.034..0.034 rows=1 loops=1)
                     Buckets: 1024  Batches: 1  Memory Usage: 9kB
                     Buffers: shared hit=1
                     ->  Seq Scan on role_type rt  (cost=0.00..1.15 rows=1 width=4) (actual time=0.027..0.028 rows=1 loops=1)
                           Filter: ((role)::text = 'costume designer'::text)
                           Rows Removed by Filter: 11
                           Buffers: shared hit=1
         ->  Index Scan using name_pkey on name n  (cost=0.43..2.32 rows=1 width=4) (actual time=0.026..0.026 rows=0 loops=476)
               Index Cond: (id = ci.person_id)
               Filter: ((gender)::text = 'm'::text)
               Rows Removed by Filter: 1
               Buffers: shared hit=1727 read=177
 Planning:
   Buffers: shared hit=574
 Planning Time: 13.804 ms
 Execution Time: 2157.988 ms
(73 rows)

