                                                                                               QUERY PLAN                                                                                               
--------------------------------------------------------------------------------------------------------------------------------------------------------------------------------------------------------
 Aggregate  (cost=448306.90..448306.91 rows=1 width=8) (actual time=3561.550..3561.559 rows=1 loops=1)
   Buffers: shared hit=328968 read=34880
   ->  Nested Loop  (cost=14217.31..448306.83 rows=25 width=0) (actual time=95.759..3561.543 rows=8 loops=1)
         Buffers: shared hit=328968 read=34880
         ->  Hash Join  (cost=14216.88..448218.69 rows=38 width=4) (actual time=38.760..3559.206 rows=58 loops=1)
               Hash Cond: (ci.role_id = rt.id)
               Buffers: shared hit=328801 read=34815
               ->  Nested Loop  (cost=14215.71..448216.70 rows=229 width=8) (actual time=38.636..3558.548 rows=4132 loops=1)
                     Buffers: shared hit=328800 read=34815
                     ->  Nested Loop  (cost=14215.27..447506.72 rows=16 width=12) (actual time=38.601..3505.907 rows=280 loops=1)
                           Buffers: shared hit=326640 read=32164
                           ->  Seq Scan on info_type it2  (cost=0.00..2.41 rows=1 width=4) (actual time=0.022..0.033 rows=1 loops=1)
                                 Filter: (id = 4)
                                 Rows Removed by Filter: 112
                                 Buffers: shared hit=1
                           ->  Nested Loop  (cost=14215.27..447504.15 rows=16 width=16) (actual time=38.578..3505.802 rows=280 loops=1)
                                 Buffers: shared hit=326639 read=32164
                                 ->  Seq Scan on info_type it1  (cost=0.00..2.41 rows=1 width=4) (actual time=0.009..0.021 rows=1 loops=1)
                                       Filter: (id = 8)
                                       Rows Removed by Filter: 112
                                       Buffers: shared hit=1
                                 ->  Nested Loop  (cost=14215.27..447501.58 rows=16 width=20) (actual time=38.566..3505.696 rows=280 loops=1)
                                       Buffers: shared hit=326638 read=32164
                                       ->  Hash Join  (cost=14214.83..420050.20 rows=643 width=12) (actual time=37.047..3272.754 rows=3069 loops=1)
                                             Hash Cond: (t.kind_id = kt.id)
                                             Buffers: shared hit=304865 read=26381
                                             ->  Nested Loop  (cost=14213.70..420042.75 rows=1500 width=16) (actual time=36.998..3265.338 rows=32983 loops=1)
                                                   Buffers: shared hit=304864 read=26381
                                                   ->  Bitmap Heap Scan on movie_info mi1  (cost=14213.26..371751.96 rows=6947 width=8) (actual time=36.911..463.856 rows=81793 loops=1)
                                                         Recheck Cond: (info_type_id = 8)
                                                         Filter: ((info)::text = ANY ('{Czechoslovakia,France,"West Germany"}'::text[]))
                                                         Rows Removed by Filter: 1243568
                                                         Heap Blocks: exact=7853
                                                         Buffers: shared hit=2603 read=6290
                                                         ->  Bitmap Index Scan on info_type_id_movie_info  (cost=0.00..14211.52 rows=1329478 width=0) (actual time=35.892..35.892 rows=1325361 loops=1)
                                                               Index Cond: (info_type_id = 8)
                                                               Buffers: shared hit=126 read=914
                                                   ->  Memoize  (cost=0.44..7.00 rows=1 width=8) (actual time=0.034..0.034 rows=0 loops=81793)
                                                         Cache Key: mi1.movie_id
                                                         Cache Mode: logical
                                                         Hits: 1205  Misses: 80588  Evictions: 0  Overflows: 0  Memory Usage: 6604kB
                                                         Buffers: shared hit=302261 read=20091
                                                         ->  Index Scan using title_pkey on title t  (cost=0.43..6.99 rows=1 width=8) (actual time=0.033..0.033 rows=0 loops=80588)
                                                               Index Cond: (id = mi1.movie_id)
                                                               Filter: ((production_year <= 1990) AND (1950 < production_year))
                                                               Rows Removed by Filter: 1
                                                               Buffers: shared hit=302261 read=20091
                                             ->  Hash  (cost=1.10..1.10 rows=3 width=4) (actual time=0.020..0.021 rows=3 loops=1)
                                                   Buckets: 1024  Batches: 1  Memory Usage: 9kB
                                                   Buffers: shared hit=1
                                                   ->  Seq Scan on kind_type kt  (cost=0.00..1.10 rows=3 width=4) (actual time=0.009..0.011 rows=3 loops=1)
                                                         Filter: ((kind)::text = ANY ('{"tv series","video game","video movie"}'::text[]))
                                                         Rows Removed by Filter: 4
                                                         Buffers: shared hit=1
                                       ->  Index Scan using movie_id_movie_info on movie_info mi2  (cost=0.43..42.68 rows=1 width=8) (actual time=0.073..0.075 rows=0 loops=3069)
                                             Index Cond: (movie_id = t.id)
                                             Filter: (((info)::text = ANY ('{Czech,English}'::text[])) AND (info_type_id = 4))
                                             Rows Removed by Filter: 7
                                             Buffers: shared hit=21773 read=5783
                     ->  Index Scan using movie_id_cast_info on cast_info ci  (cost=0.44..43.99 rows=38 width=12) (actual time=0.039..0.184 rows=15 loops=280)
                           Index Cond: (movie_id = t.id)
                           Buffers: shared hit=2160 read=2651
               ->  Hash  (cost=1.15..1.15 rows=2 width=4) (actual time=0.035..0.036 rows=2 loops=1)
                     Buckets: 1024  Batches: 1  Memory Usage: 9kB
                     Buffers: shared hit=1
                     ->  Seq Scan on role_type rt  (cost=0.00..1.15 rows=2 width=4) (actual time=0.027..0.029 rows=2 loops=1)
                           Filter: ((role)::text = ANY ('{"costume designer","production designer"}'::text[]))
                           Rows Removed by Filter: 10
                           Buffers: shared hit=1
         ->  Index Scan using name_pkey on name n  (cost=0.43..2.32 rows=1 width=4) (actual time=0.040..0.040 rows=0 loops=58)
               Index Cond: (id = ci.person_id)
               Filter: ((gender)::text = ANY ('{f,m}'::text[]))
               Rows Removed by Filter: 1
               Buffers: shared hit=167 read=65
 Planning:
   Buffers: shared hit=529 read=45
 Planning Time: 13.349 ms
 Execution Time: 3563.759 ms
(78 rows)

