                                                                                            QUERY PLAN                                                                                            
--------------------------------------------------------------------------------------------------------------------------------------------------------------------------------------------------
 Aggregate  (cost=565320.52..565320.53 rows=1 width=8) (actual time=27312.180..27312.188 rows=1 loops=1)
   Buffers: shared hit=2428136 read=355984, temp read=1817 written=1817
   ->  Nested Loop  (cost=91298.88..565320.44 rows=33 width=0) (actual time=499.494..27302.708 rows=45629 loops=1)
         Buffers: shared hit=2428136 read=355984, temp read=1817 written=1817
         ->  Seq Scan on info_type it2  (cost=0.00..2.41 rows=1 width=4) (actual time=0.035..0.044 rows=1 loops=1)
               Filter: (id = 4)
               Rows Removed by Filter: 112
               Buffers: shared hit=1
         ->  Nested Loop  (cost=91298.88..565317.70 rows=33 width=4) (actual time=499.458..27292.395 rows=45629 loops=1)
               Buffers: shared hit=2428135 read=355984, temp read=1817 written=1817
               ->  Seq Scan on info_type it1  (cost=0.00..2.41 rows=1 width=4) (actual time=0.006..0.017 rows=1 loops=1)
                     Filter: (id = 8)
                     Rows Removed by Filter: 112
                     Buffers: shared hit=1
               ->  Nested Loop  (cost=91298.88..565314.95 rows=33 width=8) (actual time=499.449..27281.849 rows=45629 loops=1)
                     Buffers: shared hit=2428134 read=355984, temp read=1817 written=1817
                     ->  Hash Join  (cost=91298.45..565131.71 rows=79 width=12) (actual time=499.418..23285.170 rows=109352 loops=1)
                           Hash Cond: (ci.role_id = rt.id)
                           Buffers: shared hit=2008658 read=338052, temp read=1817 written=1817
                           ->  Nested Loop  (cost=91297.29..565127.19 rows=946 width=16) (actual time=499.282..23034.311 rows=1301479 loops=1)
                                 Buffers: shared hit=2008657 read=338052, temp read=1817 written=1817
                                 ->  Nested Loop  (cost=91296.85..562165.15 rows=66 width=20) (actual time=499.255..9557.975 rows=62036 loops=1)
                                       Buffers: shared hit=708228 read=191828, temp read=1817 written=1817
                                       ->  Hash Join  (cost=91296.41..464127.42 rows=2270 width=12) (actual time=499.168..1449.353 rows=73321 loops=1)
                                             Hash Cond: (mi1.movie_id = t.id)
                                             Buffers: shared hit=2516 read=42769, temp read=1817 written=1817
                                             ->  Bitmap Heap Scan on movie_info mi1  (cost=14225.72..386821.02 rows=56803 width=8) (actual time=34.780..576.224 rows=606832 loops=1)
                                                   Recheck Cond: (info_type_id = 8)
                                                   Filter: ((info)::text = ANY ('{Australia,India,Iran,USA}'::text[]))
                                                   Rows Removed by Filter: 718529
                                                   Heap Blocks: exact=7853
                                                   Buffers: shared hit=1 read=8892
                                                   ->  Bitmap Index Scan on info_type_id_movie_info  (cost=0.00..14211.52 rows=1329478 width=0) (actual time=33.803..33.803 rows=1325361 loops=1)
                                                         Index Cond: (info_type_id = 8)
                                                         Buffers: shared read=1040
                                             ->  Hash  (cost=75807.56..75807.56 rows=101051 width=4) (actual time=463.587..463.590 rows=318145 loops=1)
                                                   Buckets: 262144 (originally 131072)  Batches: 2 (originally 1)  Memory Usage: 7652kB
                                                   Buffers: shared hit=2515 read=33877, temp written=465
                                                   ->  Hash Join  (cost=1.11..75807.56 rows=101051 width=4) (actual time=0.037..407.592 rows=318145 loops=1)
                                                         Hash Cond: (t.kind_id = kt.id)
                                                         Buffers: shared hit=2515 read=33877
                                                         ->  Seq Scan on title t  (cost=0.00..74315.95 rows=353677 width=8) (actual time=0.020..367.142 rows=347589 loops=1)
                                                               Filter: ((production_year <= 1975) AND (1925 < production_year))
                                                               Rows Removed by Filter: 2180723
                                                               Buffers: shared hit=2514 read=33877
                                                         ->  Hash  (cost=1.09..1.09 rows=2 width=4) (actual time=0.013..0.014 rows=2 loops=1)
                                                               Buckets: 1024  Batches: 1  Memory Usage: 9kB
                                                               Buffers: shared hit=1
                                                               ->  Seq Scan on kind_type kt  (cost=0.00..1.09 rows=2 width=4) (actual time=0.007..0.008 rows=2 loops=1)
                                                                     Filter: ((kind)::text = ANY ('{episode,movie}'::text[]))
                                                                     Rows Removed by Filter: 5
                                                                     Buffers: shared hit=1
                                       ->  Index Scan using movie_id_movie_info on movie_info mi2  (cost=0.43..43.18 rows=1 width=8) (actual time=0.050..0.110 rows=1 loops=73321)
                                             Index Cond: (movie_id = t.id)
                                             Filter: ((info_type_id = 4) AND ((info)::text = ANY ('{Bengali,English,French,Persian,Spanish}'::text[])))
                                             Rows Removed by Filter: 15
                                             Buffers: shared hit=705712 read=149059
                                 ->  Index Scan using movie_id_cast_info on cast_info ci  (cost=0.44..44.50 rows=38 width=12) (actual time=0.036..0.211 rows=21 loops=62036)
                                       Index Cond: (movie_id = t.id)
                                       Buffers: shared hit=1300429 read=146224
                           ->  Hash  (cost=1.15..1.15 rows=1 width=4) (actual time=0.012..0.013 rows=1 loops=1)
                                 Buckets: 1024  Batches: 1  Memory Usage: 9kB
                                 Buffers: shared hit=1
                                 ->  Seq Scan on role_type rt  (cost=0.00..1.15 rows=1 width=4) (actual time=0.007..0.008 rows=1 loops=1)
                                       Filter: ((role)::text = 'writer'::text)
                                       Rows Removed by Filter: 11
                                       Buffers: shared hit=1
                     ->  Index Scan using name_pkey on name n  (cost=0.43..2.32 rows=1 width=4) (actual time=0.036..0.036 rows=0 loops=109352)
                           Index Cond: (id = ci.person_id)
                           Filter: ((gender)::text = 'm'::text)
                           Rows Removed by Filter: 1
                           Buffers: shared hit=419476 read=17932
 Planning:
   Buffers: shared hit=486 read=88
 Planning Time: 9.702 ms
 Execution Time: 27312.670 ms
(76 rows)

