                                                                                               QUERY PLAN                                                                                               
--------------------------------------------------------------------------------------------------------------------------------------------------------------------------------------------------------
 Aggregate  (cost=412950.24..412950.25 rows=1 width=8) (actual time=7154.119..7154.126 rows=1 loops=1)
   Buffers: shared hit=658017 read=83035
   ->  Nested Loop  (cost=13060.44..412950.24 rows=1 width=0) (actual time=302.846..7153.909 rows=426 loops=1)
         Buffers: shared hit=658017 read=83035
         ->  Hash Join  (cost=13060.01..412947.92 rows=1 width=4) (actual time=260.809..7002.952 rows=4197 loops=1)
               Hash Cond: (ci.role_id = rt.id)
               Buffers: shared hit=642189 read=82075
               ->  Nested Loop  (cost=13058.85..412946.71 rows=14 width=8) (actual time=259.380..6960.498 rows=277770 loops=1)
                     Buffers: shared hit=642188 read=82075
                     ->  Nested Loop  (cost=13058.41..412902.33 rows=1 width=12) (actual time=259.328..4155.638 rows=12208 loops=1)
                           Buffers: shared hit=374662 read=41172
                           ->  Nested Loop  (cost=13058.41..412899.91 rows=1 width=16) (actual time=259.320..3916.674 rows=12208 loops=1)
                                 Buffers: shared hit=362454 read=41172
                                 ->  Nested Loop  (cost=13058.41..412897.49 rows=1 width=20) (actual time=259.304..3678.336 rows=12208 loops=1)
                                       Buffers: shared hit=350246 read=41172
                                       ->  Hash Join  (cost=13057.98..401741.33 rows=261 width=12) (actual time=259.025..2370.495 rows=14004 loops=1)
                                             Hash Cond: (t.kind_id = kt.id)
                                             Buffers: shared hit=224934 read=20191
                                             ->  Nested Loop  (cost=13056.86..401736.38 rows=912 width=16) (actual time=37.668..2363.776 rows=16285 loops=1)
                                                   Buffers: shared hit=224933 read=20191
                                                   ->  Bitmap Heap Scan on movie_info mi2  (cost=13056.42..370238.76 rows=4224 width=8) (actual time=37.621..444.686 rows=59353 loops=1)
                                                         Recheck Cond: (info_type_id = 4)
                                                         Filter: ((info)::text = ANY ('{Cantonese,Italian,Portuguese}'::text[]))
                                                         Rows Removed by Filter: 1239636
                                                         Heap Blocks: exact=8393
                                                         Buffers: shared hit=880 read=8532
                                                         ->  Bitmap Index Scan on info_type_id_movie_info  (cost=0.00..13055.37 rows=1221191 width=0) (actual time=35.549..35.550 rows=1298989 loops=1)
                                                               Index Cond: (info_type_id = 4)
                                                               Buffers: shared read=1019
                                                   ->  Memoize  (cost=0.44..7.48 rows=1 width=8) (actual time=0.032..0.032 rows=0 loops=59353)
                                                         Cache Key: mi2.movie_id
                                                         Cache Mode: logical
                                                         Hits: 425  Misses: 58928  Evictions: 0  Overflows: 0  Memory Usage: 4546kB
                                                         Buffers: shared hit=224053 read=11659
                                                         ->  Index Scan using title_pkey on title t  (cost=0.43..7.47 rows=1 width=8) (actual time=0.031..0.031 rows=0 loops=58928)
                                                               Index Cond: (id = mi2.movie_id)
                                                               Filter: ((production_year <= 1990) AND (1950 < production_year))
                                                               Rows Removed by Filter: 1
                                                               Buffers: shared hit=224053 read=11659
                                             ->  Hash  (cost=1.09..1.09 rows=2 width=4) (actual time=0.020..0.021 rows=2 loops=1)
                                                   Buckets: 1024  Batches: 1  Memory Usage: 9kB
                                                   Buffers: shared hit=1
                                                   ->  Seq Scan on kind_type kt  (cost=0.00..1.09 rows=2 width=4) (actual time=0.009..0.011 rows=2 loops=1)
                                                         Filter: ((kind)::text = ANY ('{movie,"tv movie"}'::text[]))
                                                         Rows Removed by Filter: 5
                                                         Buffers: shared hit=1
                                       ->  Index Scan using movie_id_movie_info on movie_info mi1  (cost=0.43..42.73 rows=1 width=8) (actual time=0.086..0.093 rows=1 loops=14004)
                                             Index Cond: (movie_id = t.id)
                                             Filter: ((info_type_id = 8) AND ((info)::text = ANY ('{Brazil,"Hong Kong",Italy}'::text[])))
                                             Rows Removed by Filter: 13
                                             Buffers: shared hit=125312 read=20981
                                 ->  Seq Scan on info_type it1  (cost=0.00..2.41 rows=1 width=4) (actual time=0.010..0.018 rows=1 loops=12208)
                                       Filter: (id = 8)
                                       Rows Removed by Filter: 112
                                       Buffers: shared hit=12208
                           ->  Seq Scan on info_type it2  (cost=0.00..2.41 rows=1 width=4) (actual time=0.009..0.018 rows=1 loops=12208)
                                 Filter: (id = 4)
                                 Rows Removed by Filter: 112
                                 Buffers: shared hit=12208
                     ->  Index Scan using movie_id_cast_info on cast_info ci  (cost=0.44..43.99 rows=38 width=12) (actual time=0.034..0.224 rows=23 loops=12208)
                           Index Cond: (movie_id = t.id)
                           Buffers: shared hit=267526 read=40903
               ->  Hash  (cost=1.15..1.15 rows=1 width=4) (actual time=0.033..0.033 rows=1 loops=1)
                     Buckets: 1024  Batches: 1  Memory Usage: 9kB
                     Buffers: shared hit=1
                     ->  Seq Scan on role_type rt  (cost=0.00..1.15 rows=1 width=4) (actual time=0.026..0.027 rows=1 loops=1)
                           Filter: ((role)::text = 'costume designer'::text)
                           Rows Removed by Filter: 11
                           Buffers: shared hit=1
         ->  Index Scan using name_pkey on name n  (cost=0.43..2.32 rows=1 width=4) (actual time=0.035..0.035 rows=0 loops=4197)
               Index Cond: (id = ci.person_id)
               Filter: ((gender)::text = 'f'::text)
               Rows Removed by Filter: 1
               Buffers: shared hit=15828 read=960
 Planning:
   Buffers: shared hit=529 read=45
 Planning Time: 13.842 ms
 Execution Time: 7155.545 ms
(78 rows)

