                                                                                               QUERY PLAN                                                                                               
--------------------------------------------------------------------------------------------------------------------------------------------------------------------------------------------------------
 Aggregate  (cost=728945.89..728945.90 rows=1 width=8) (actual time=36727.489..36727.497 rows=1 loops=1)
   Buffers: shared hit=3405881 read=394802
   ->  Nested Loop  (cost=14220.25..728945.67 rows=89 width=0) (actual time=132.608..36724.172 rows=8349 loops=1)
         Buffers: shared hit=3405881 read=394802
         ->  Seq Scan on info_type it2  (cost=0.00..2.41 rows=1 width=4) (actual time=0.042..0.052 rows=1 loops=1)
               Filter: (id = 4)
               Rows Removed by Filter: 112
               Buffers: shared hit=1
         ->  Nested Loop  (cost=14220.25..728942.36 rows=89 width=4) (actual time=132.565..36721.865 rows=8349 loops=1)
               Buffers: shared hit=3405880 read=394802
               ->  Seq Scan on info_type it1  (cost=0.00..2.41 rows=1 width=4) (actual time=0.010..0.022 rows=1 loops=1)
                     Filter: (id = 8)
                     Rows Removed by Filter: 112
                     Buffers: shared hit=1
               ->  Nested Loop  (cost=14220.25..728939.06 rows=89 width=8) (actual time=132.551..36719.435 rows=8349 loops=1)
                     Buffers: shared hit=3405879 read=394802
                     ->  Hash Join  (cost=14219.82..728053.00 rows=382 width=12) (actual time=38.387..33598.425 rows=82319 loops=1)
                           Hash Cond: (ci.role_id = rt.id)
                           Buffers: shared hit=3113879 read=357526
                           ->  Nested Loop  (cost=14218.64..728043.68 rows=2293 width=16) (actual time=38.067..33326.212 rows=1381368 loops=1)
                                 Buffers: shared hit=3113878 read=357526
                                 ->  Nested Loop  (cost=14218.20..721046.00 rows=160 width=20) (actual time=38.034..17964.617 rows=73655 loops=1)
                                       Buffers: shared hit=1775470 read=123992
                                       ->  Hash Join  (cost=14217.77..486963.83 rows=5499 width=12) (actual time=37.985..8640.093 rows=109358 loops=1)
                                             Hash Cond: (t.kind_id = kt.id)
                                             Buffers: shared hit=849426 read=35900
                                             ->  Nested Loop  (cost=14216.64..486908.63 rows=12831 width=16) (actual time=37.669..8578.500 rows=135284 loops=1)
                                                   Buffers: shared hit=849425 read=35900
                                                   ->  Bitmap Heap Scan on movie_info mi1  (cost=14216.20..386811.49 rows=18615 width=8) (actual time=37.631..500.196 rows=227617 loops=1)
                                                         Recheck Cond: (info_type_id = 8)
                                                         Filter: ((info)::text = ANY ('{Belgium,"Czech Republic",France,"Hong Kong",Hungary,Italy,Japan,Russia,Spain}'::text[]))
                                                         Rows Removed by Filter: 1097744
                                                         Heap Blocks: exact=7853
                                                         Buffers: shared hit=261 read=8632
                                                         ->  Bitmap Index Scan on info_type_id_movie_info  (cost=0.00..14211.52 rows=1329478 width=0) (actual time=36.645..36.645 rows=1325361 loops=1)
                                                               Index Cond: (info_type_id = 8)
                                                               Buffers: shared read=1040
                                                   ->  Memoize  (cost=0.44..5.50 rows=1 width=8) (actual time=0.035..0.035 rows=1 loops=227617)
                                                         Cache Key: mi1.movie_id
                                                         Cache Mode: logical
                                                         Hits: 8509  Misses: 219108  Evictions: 122919  Overflows: 0  Memory Usage: 8193kB
                                                         Buffers: shared hit=849164 read=27268
                                                         ->  Index Scan using title_pkey on title t  (cost=0.43..5.49 rows=1 width=8) (actual time=0.035..0.035 rows=1 loops=219108)
                                                               Index Cond: (id = mi1.movie_id)
                                                               Filter: ((production_year <= 2015) AND (1990 < production_year))
                                                               Rows Removed by Filter: 0
                                                               Buffers: shared hit=849164 read=27268
                                             ->  Hash  (cost=1.10..1.10 rows=3 width=4) (actual time=0.018..0.019 rows=3 loops=1)
                                                   Buckets: 1024  Batches: 1  Memory Usage: 9kB
                                                   Buffers: shared hit=1
                                                   ->  Seq Scan on kind_type kt  (cost=0.00..1.10 rows=3 width=4) (actual time=0.009..0.011 rows=3 loops=1)
                                                         Filter: ((kind)::text = ANY ('{episode,movie,"video movie"}'::text[]))
                                                         Rows Removed by Filter: 4
                                                         Buffers: shared hit=1
                                       ->  Index Scan using movie_id_movie_info on movie_info mi2  (cost=0.43..42.56 rows=1 width=8) (actual time=0.058..0.085 rows=1 loops=109358)
                                             Index Cond: (movie_id = t.id)
                                             Filter: ((info_type_id = 4) AND ((info)::text = ANY ('{Cantonese,Catalan,Czech,English,French,Hungarian,Russian,Spanish}'::text[])))
                                             Rows Removed by Filter: 10
                                             Buffers: shared hit=926044 read=88092
                                 ->  Index Scan using movie_id_cast_info on cast_info ci  (cost=0.44..43.36 rows=38 width=12) (actual time=0.036..0.203 rows=19 loops=73655)
                                       Index Cond: (movie_id = t.id)
                                       Buffers: shared hit=1338408 read=233534
                           ->  Hash  (cost=1.15..1.15 rows=2 width=4) (actual time=0.021..0.022 rows=2 loops=1)
                                 Buckets: 1024  Batches: 1  Memory Usage: 9kB
                                 Buffers: shared hit=1
                                 ->  Seq Scan on role_type rt  (cost=0.00..1.15 rows=2 width=4) (actual time=0.013..0.015 rows=2 loops=1)
                                       Filter: ((role)::text = ANY ('{"costume designer",director}'::text[]))
                                       Rows Removed by Filter: 10
                                       Buffers: shared hit=1
                     ->  Index Scan using name_pkey on name n  (cost=0.43..2.32 rows=1 width=4) (actual time=0.037..0.037 rows=0 loops=82319)
                           Index Cond: (id = ci.person_id)
                           Filter: ((gender)::text = 'f'::text)
                           Rows Removed by Filter: 1
                           Buffers: shared hit=292000 read=37276
 Planning:
   Buffers: shared hit=507 read=70
 Planning Time: 14.198 ms
 Execution Time: 36730.922 ms
(78 rows)

