                                                                                                  QUERY PLAN                                                                                                  
--------------------------------------------------------------------------------------------------------------------------------------------------------------------------------------------------------------
 Aggregate  (cost=902176.18..902176.19 rows=1 width=8) (actual time=171909.023..171909.031 rows=1 loops=1)
   Buffers: shared hit=15911225 read=1901186, temp read=9379 written=9340
   ->  Nested Loop  (cost=813928.63..902175.20 rows=393 width=0) (actual time=956.439..171887.504 rows=64711 loops=1)
         Buffers: shared hit=15911225 read=1901186, temp read=9379 written=9340
         ->  Seq Scan on info_type it2  (cost=0.00..2.41 rows=1 width=4) (actual time=0.037..0.047 rows=1 loops=1)
               Filter: (id = 4)
               Rows Removed by Filter: 112
               Buffers: shared hit=1
         ->  Nested Loop  (cost=813928.63..902168.86 rows=393 width=4) (actual time=956.401..171869.159 rows=64711 loops=1)
               Buffers: shared hit=15911224 read=1901186, temp read=9379 written=9340
               ->  Seq Scan on info_type it1  (cost=0.00..2.41 rows=1 width=4) (actual time=0.009..0.021 rows=1 loops=1)
                     Filter: (id = 8)
                     Rows Removed by Filter: 112
                     Buffers: shared hit=1
               ->  Nested Loop  (cost=813928.63..902162.52 rows=393 width=8) (actual time=956.390..171851.583 rows=64711 loops=1)
                     Buffers: shared hit=15911223 read=1901186, temp read=9379 written=9340
                     ->  Hash Join  (cost=813928.20..898240.21 rows=1691 width=12) (actual time=956.358..136955.930 rows=941428 loops=1)
                           Hash Cond: (ci.role_id = rt.id)
                           Buffers: shared hit=12416551 read=1630146, temp read=9379 written=9340
                           ->  Nested Loop  (cost=813927.03..898202.98 rows=10148 width=16) (actual time=956.175..134825.398 rows=10228454 loops=1)
                                 Buffers: shared hit=12416550 read=1630146, temp read=9379 written=9340
                                 ->  Nested Loop  (cost=813926.59..867265.01 rows=708 width=20) (actual time=956.153..25818.604 rows=448078 loops=1)
                                       Buffers: shared hit=2692234 read=47607, temp read=9379 written=9340
                                       ->  Nested Loop  (cost=813926.44..867224.42 rows=1652 width=24) (actual time=956.053..25351.968 rows=543710 loops=1)
                                             Join Filter: (t.id = mi1.movie_id)
                                             Buffers: shared hit=2692223 read=47606, temp read=9379 written=9340
                                             ->  Merge Join  (cost=813926.01..814807.23 rows=15340 width=16) (actual time=956.005..1889.715 rows=680381 loops=1)
                                                   Merge Cond: (mi1.movie_id = mi2.movie_id)
                                                   Buffers: shared hit=13314 read=4991, temp read=9379 written=9340
                                                   ->  Sort  (cost=392270.89..392440.58 rows=67874 width=8) (actual time=426.366..569.503 rows=736594 loops=1)
                                                         Sort Key: mi1.movie_id
                                                         Sort Method: external sort  Disk: 15920kB
                                                         Buffers: shared hit=8893, temp read=3973 written=3983
                                                         ->  Bitmap Heap Scan on movie_info mi1  (cost=14228.51..386823.81 rows=67874 width=8) (actual time=36.286..246.838 rows=736594 loops=1)
                                                               Recheck Cond: (info_type_id = 8)
                                                               Filter: ((info)::text = ANY ('{Belgium,Colombia,Cuba,"East Germany",Estonia,Germany,Israel,Thailand,UK,USA}'::text[]))
                                                               Rows Removed by Filter: 588767
                                                               Heap Blocks: exact=7853
                                                               Buffers: shared hit=8893
                                                               ->  Bitmap Index Scan on info_type_id_movie_info  (cost=0.00..14211.52 rows=1329478 width=0) (actual time=35.313..35.314 rows=1325361 loops=1)
                                                                     Index Cond: (info_type_id = 8)
                                                                     Buffers: shared hit=1040
                                                   ->  Sort  (cost=421655.12..421849.35 rows=77689 width=8) (actual time=529.631..780.342 rows=1003003 loops=1)
                                                         Sort Key: mi2.movie_id
                                                         Sort Method: external sort  Disk: 21416kB
                                                         Buffers: shared hit=4421 read=4991, temp read=5375 written=5357
                                                         ->  Bitmap Heap Scan on movie_info mi2  (cost=13074.79..415344.67 rows=77689 width=8) (actual time=30.936..291.468 rows=990786 loops=1)
                                                               Recheck Cond: (info_type_id = 4)
                                                               Filter: ((info)::text = ANY ('{English,Estonian,French,German,Spanish,Thai}'::text[]))
                                                               Rows Removed by Filter: 308203
                                                               Heap Blocks: exact=8393
                                                               Buffers: shared hit=4421 read=4991
                                                               ->  Bitmap Index Scan on info_type_id_movie_info  (cost=0.00..13055.37 rows=1221191 width=0) (actual time=29.901..29.901 rows=1298989 loops=1)
                                                                     Index Cond: (info_type_id = 4)
                                                                     Buffers: shared hit=1 read=1018
                                             ->  Index Scan using title_pkey on title t  (cost=0.43..3.40 rows=1 width=8) (actual time=0.034..0.034 rows=1 loops=680381)
                                                   Index Cond: (id = mi2.movie_id)
                                                   Filter: ((production_year <= 2015) AND (1975 < production_year))
                                                   Rows Removed by Filter: 0
                                                   Buffers: shared hit=2678909 read=42615
                                       ->  Memoize  (cost=0.14..0.16 rows=1 width=4) (actual time=0.000..0.000 rows=1 loops=543710)
                                             Cache Key: t.kind_id
                                             Cache Mode: logical
                                             Hits: 543704  Misses: 6  Evictions: 0  Overflows: 0  Memory Usage: 1kB
                                             Buffers: shared hit=11 read=1
                                             ->  Index Scan using kind_type_pkey on kind_type kt  (cost=0.13..0.15 rows=1 width=4) (actual time=0.012..0.012 rows=0 loops=6)
                                                   Index Cond: (id = t.kind_id)
                                                   Filter: ((kind)::text = ANY ('{episode,movie,"video movie"}'::text[]))
                                                   Rows Removed by Filter: 0
                                                   Buffers: shared hit=11 read=1
                                 ->  Index Scan using movie_id_cast_info on cast_info ci  (cost=0.44..43.32 rows=38 width=12) (actual time=0.035..0.237 rows=23 loops=448078)
                                       Index Cond: (movie_id = t.id)
                                       Buffers: shared hit=9724316 read=1582539
                           ->  Hash  (cost=1.15..1.15 rows=2 width=4) (actual time=0.021..0.022 rows=2 loops=1)
                                 Buckets: 1024  Batches: 1  Memory Usage: 9kB
                                 Buffers: shared hit=1
                                 ->  Seq Scan on role_type rt  (cost=0.00..1.15 rows=2 width=4) (actual time=0.012..0.015 rows=2 loops=1)
                                       Filter: ((role)::text = ANY ('{composer,writer}'::text[]))
                                       Rows Removed by Filter: 10
                                       Buffers: shared hit=1
                     ->  Index Scan using name_pkey on name n  (cost=0.43..2.32 rows=1 width=4) (actual time=0.037..0.037 rows=0 loops=941428)
                           Index Cond: (id = ci.person_id)
                           Filter: ((gender)::text = 'f'::text)
                           Rows Removed by Filter: 1
                           Buffers: shared hit=3494672 read=271040
 Planning:
   Buffers: shared hit=576 read=1
 Planning Time: 14.145 ms
 Execution Time: 171918.989 ms
(89 rows)

