                                                                                               QUERY PLAN                                                                                               
--------------------------------------------------------------------------------------------------------------------------------------------------------------------------------------------------------
 Aggregate  (cost=410143.21..410143.22 rows=1 width=8) (actual time=3634.716..3634.722 rows=1 loops=1)
   Buffers: shared hit=309916 read=44639
   ->  Nested Loop  (cost=13059.66..410143.20 rows=1 width=0) (actual time=38.623..3631.082 rows=25082 loops=1)
         Buffers: shared hit=309916 read=44639
         ->  Hash Join  (cost=13059.23..410138.57 rows=2 width=4) (actual time=38.577..2702.577 rows=26685 loops=1)
               Hash Cond: (ci.role_id = rt.id)
               Buffers: shared hit=213186 read=34629
               ->  Nested Loop  (cost=13058.05..410137.34 rows=14 width=8) (actual time=38.510..2686.685 rows=62910 loops=1)
                     Buffers: shared hit=213185 read=34629
                     ->  Nested Loop  (cost=13057.61..410093.68 rows=1 width=12) (actual time=38.474..1948.429 rows=3736 loops=1)
                           Buffers: shared hit=157686 read=17748
                           ->  Nested Loop  (cost=13057.61..410091.26 rows=1 width=16) (actual time=38.469..1877.827 rows=3736 loops=1)
                                 Buffers: shared hit=153950 read=17748
                                 ->  Nested Loop  (cost=13057.61..410088.84 rows=1 width=20) (actual time=38.451..1802.967 rows=3736 loops=1)
                                       Buffers: shared hit=150214 read=17748
                                       ->  Hash Join  (cost=13057.18..393375.68 rows=395 width=12) (actual time=38.265..1456.374 rows=4428 loops=1)
                                             Hash Cond: (t.kind_id = kt.id)
                                             Buffers: shared hit=117680 read=9849
                                             ->  Nested Loop  (cost=13056.04..393370.66 rows=922 width=16) (actual time=38.220..1449.214 rows=29237 loops=1)
                                                   Buffers: shared hit=117679 read=9849
                                                   ->  Bitmap Heap Scan on movie_info mi2  (cost=13055.61..385267.13 rows=989 width=8) (actual time=37.997..499.423 rows=29529 loops=1)
                                                         Recheck Cond: (info_type_id = 4)
                                                         Filter: ((info)::text = ANY ('{Filipino,Hungarian,Mandarin,Swedish}'::text[]))
                                                         Rows Removed by Filter: 1269460
                                                         Heap Blocks: exact=8393
                                                         Buffers: shared hit=3615 read=5797
                                                         ->  Bitmap Index Scan on info_type_id_movie_info  (cost=0.00..13055.37 rows=1221191 width=0) (actual time=35.881..35.882 rows=1298989 loops=1)
                                                               Index Cond: (info_type_id = 4)
                                                               Buffers: shared hit=1 read=1018
                                                   ->  Index Scan using title_pkey on title t  (cost=0.43..8.19 rows=1 width=8) (actual time=0.032..0.032 rows=1 loops=29529)
                                                         Index Cond: (id = mi2.movie_id)
                                                         Filter: ((production_year <= 2015) AND (1925 < production_year))
                                                         Rows Removed by Filter: 0
                                                         Buffers: shared hit=114064 read=4052
                                             ->  Hash  (cost=1.10..1.10 rows=3 width=4) (actual time=0.022..0.023 rows=3 loops=1)
                                                   Buckets: 1024  Batches: 1  Memory Usage: 9kB
                                                   Buffers: shared hit=1
                                                   ->  Seq Scan on kind_type kt  (cost=0.00..1.10 rows=3 width=4) (actual time=0.013..0.015 rows=3 loops=1)
                                                         Filter: ((kind)::text = ANY ('{"tv movie","tv series","video game"}'::text[]))
                                                         Rows Removed by Filter: 4
                                                         Buffers: shared hit=1
                                       ->  Index Scan using movie_id_movie_info on movie_info mi1  (cost=0.43..42.30 rows=1 width=8) (actual time=0.070..0.078 rows=1 loops=4428)
                                             Index Cond: (movie_id = t.id)
                                             Filter: ((info_type_id = 8) AND ((info)::text = ANY ('{Hungary,Philippines,Sweden,Taiwan}'::text[])))
                                             Rows Removed by Filter: 8
                                             Buffers: shared hit=32534 read=7899
                                 ->  Seq Scan on info_type it1  (cost=0.00..2.41 rows=1 width=4) (actual time=0.011..0.018 rows=1 loops=3736)
                                       Filter: (id = 8)
                                       Rows Removed by Filter: 112
                                       Buffers: shared hit=3736
                           ->  Seq Scan on info_type it2  (cost=0.00..2.41 rows=1 width=4) (actual time=0.009..0.017 rows=1 loops=3736)
                                 Filter: (id = 4)
                                 Rows Removed by Filter: 112
                                 Buffers: shared hit=3736
                     ->  Index Scan using movie_id_cast_info on cast_info ci  (cost=0.44..43.28 rows=38 width=12) (actual time=0.034..0.193 rows=17 loops=3736)
                           Index Cond: (movie_id = t.id)
                           Buffers: shared hit=55499 read=16881
               ->  Hash  (cost=1.15..1.15 rows=2 width=4) (actual time=0.039..0.039 rows=2 loops=1)
                     Buckets: 1024  Batches: 1  Memory Usage: 9kB
                     Buffers: shared hit=1
                     ->  Seq Scan on role_type rt  (cost=0.00..1.15 rows=2 width=4) (actual time=0.028..0.032 rows=2 loops=1)
                           Filter: ((role)::text = ANY ('{actor,producer}'::text[]))
                           Rows Removed by Filter: 10
                           Buffers: shared hit=1
         ->  Index Scan using name_pkey on name n  (cost=0.43..2.32 rows=1 width=4) (actual time=0.034..0.034 rows=1 loops=26685)
               Index Cond: (id = ci.person_id)
               Filter: ((gender)::text = ANY ('{f,m}'::text[]))
               Rows Removed by Filter: 0
               Buffers: shared hit=96730 read=10010
 Planning:
   Buffers: shared hit=574
 Planning Time: 12.315 ms
 Execution Time: 3635.306 ms
(73 rows)

