                                                                                                  QUERY PLAN                                                                                                  
--------------------------------------------------------------------------------------------------------------------------------------------------------------------------------------------------------------
 Aggregate  (cost=906418.56..906418.57 rows=1 width=8) (actual time=32467.497..32467.506 rows=1 loops=1)
   Buffers: shared hit=3007388 read=302357, temp read=8476 written=8467
   ->  Nested Loop  (cost=842668.52..906418.01 rows=221 width=0) (actual time=7171.151..32464.948 rows=6264 loops=1)
         Buffers: shared hit=3007388 read=302357, temp read=8476 written=8467
         ->  Seq Scan on info_type it2  (cost=0.00..2.41 rows=1 width=4) (actual time=0.033..0.044 rows=1 loops=1)
               Filter: (id = 4)
               Rows Removed by Filter: 112
               Buffers: shared hit=1
         ->  Nested Loop  (cost=842668.52..906413.39 rows=221 width=4) (actual time=7171.116..32463.202 rows=6264 loops=1)
               Buffers: shared hit=3007387 read=302357, temp read=8476 written=8467
               ->  Seq Scan on info_type it1  (cost=0.00..2.41 rows=1 width=4) (actual time=0.007..0.020 rows=1 loops=1)
                     Filter: (id = 8)
                     Rows Removed by Filter: 112
                     Buffers: shared hit=1
               ->  Nested Loop  (cost=842668.52..906408.77 rows=221 width=8) (actual time=7171.107..32461.346 rows=6264 loops=1)
                     Buffers: shared hit=3007386 read=302357, temp read=8476 written=8467
                     ->  Hash Join  (cost=842668.09..905186.38 rows=527 width=12) (actual time=7163.508..31667.685 rows=20187 loops=1)
                           Hash Cond: (ci.role_id = rt.id)
                           Buffers: shared hit=2936719 read=292276, temp read=8476 written=8467
                           ->  Nested Loop  (cost=842666.93..905162.76 rows=6321 width=16) (actual time=7162.007..31475.866 rows=1025942 loops=1)
                                 Buffers: shared hit=2936718 read=292276, temp read=8476 written=8467
                                 ->  Nested Loop  (cost=842666.49..885908.85 rows=441 width=20) (actual time=7161.961..20243.855 rows=40105 loops=1)
                                       Buffers: shared hit=2070375 read=50498, temp read=8476 written=8467
                                       ->  Nested Loop  (cost=842666.34..885870.29 rows=1544 width=24) (actual time=973.205..19900.929 rows=487883 loops=1)
                                             Join Filter: (t.id = mi1.movie_id)
                                             Buffers: shared hit=2070363 read=50498, temp read=8476 written=8467
                                             ->  Merge Join  (cost=842665.91..843440.24 rows=12186 width=16) (actual time=973.154..1678.750 rows=525639 loops=1)
                                                   Merge Cond: (mi1.movie_id = mi2.movie_id)
                                                   Buffers: shared hit=11452 read=6853, temp read=8476 written=8467
                                                   ->  Sort  (cost=391322.42..391464.88 rows=56985 width=8) (actual time=411.303..527.299 rows=627171 loops=1)
                                                         Sort Key: mi1.movie_id
                                                         Sort Method: external sort  Disk: 13552kB
                                                         Buffers: shared hit=5844 read=3049, temp read=3382 written=3390
                                                         ->  Bitmap Heap Scan on movie_info mi1  (cost=14225.80..386821.09 rows=56985 width=8) (actual time=37.216..256.535 rows=627171 loops=1)
                                                               Recheck Cond: (info_type_id = 8)
                                                               Filter: ((info)::text = ANY ('{Albania,Cuba,France,Georgia,Iceland,Nigeria,Peru,Philippines,Singapore,Switzerland,USA,Venezuela}'::text[]))
                                                               Rows Removed by Filter: 698190
                                                               Heap Blocks: exact=7853
                                                               Buffers: shared hit=5844 read=3049
                                                               ->  Bitmap Index Scan on info_type_id_movie_info  (cost=0.00..14211.52 rows=1329478 width=0) (actual time=36.219..36.219 rows=1325361 loops=1)
                                                                     Index Cond: (info_type_id = 8)
                                                                     Buffers: shared read=1040
                                                   ->  Sort  (cost=451343.49..451527.26 rows=73508 width=8) (actual time=561.842..744.842 rows=945328 loops=1)
                                                         Sort Key: mi2.movie_id
                                                         Sort Method: external sort  Disk: 20296kB
                                                         Buffers: shared hit=5608 read=3804, temp read=5079 written=5077
                                                         ->  Bitmap Heap Scan on movie_info mi2  (cost=13073.74..445401.98 rows=73508 width=8) (actual time=30.727..332.539 rows=938992 loops=1)
                                                               Recheck Cond: (info_type_id = 4)
                                                               Filter: ((info)::text = ANY ('{Albanian,Arabic,English,Georgian,German,Icelandic,Spanish,Yoruba}'::text[]))
                                                               Rows Removed by Filter: 359997
                                                               Heap Blocks: exact=8393
                                                               Buffers: shared hit=5608 read=3804
                                                               ->  Bitmap Index Scan on info_type_id_movie_info  (cost=0.00..13055.37 rows=1221191 width=0) (actual time=29.695..29.696 rows=1298989 loops=1)
                                                                     Index Cond: (info_type_id = 4)
                                                                     Buffers: shared hit=1 read=1018
                                             ->  Index Scan using title_pkey on title t  (cost=0.43..3.47 rows=1 width=8) (actual time=0.034..0.034 rows=1 loops=525639)
                                                   Index Cond: (id = mi2.movie_id)
                                                   Filter: ((production_year <= 2015) AND (1925 < production_year))
                                                   Rows Removed by Filter: 0
                                                   Buffers: shared hit=2058911 read=43645
                                       ->  Memoize  (cost=0.14..0.16 rows=1 width=4) (actual time=0.000..0.000 rows=0 loops=487883)
                                             Cache Key: t.kind_id
                                             Cache Mode: logical
                                             Hits: 487877  Misses: 6  Evictions: 0  Overflows: 0  Memory Usage: 1kB
                                             Buffers: shared hit=12
                                             ->  Index Scan using kind_type_pkey on kind_type kt  (cost=0.13..0.15 rows=1 width=4) (actual time=0.011..0.011 rows=0 loops=6)
                                                   Index Cond: (id = t.kind_id)
                                                   Filter: ((kind)::text = ANY ('{"tv movie","video game"}'::text[]))
                                                   Rows Removed by Filter: 1
                                                   Buffers: shared hit=12
                                 ->  Index Scan using movie_id_cast_info on cast_info ci  (cost=0.44..43.28 rows=38 width=12) (actual time=0.037..0.273 rows=26 loops=40105)
                                       Index Cond: (movie_id = t.id)
                                       Buffers: shared hit=866343 read=241778
                           ->  Hash  (cost=1.15..1.15 rows=1 width=4) (actual time=0.018..0.019 rows=1 loops=1)
                                 Buckets: 1024  Batches: 1  Memory Usage: 9kB
                                 Buffers: shared hit=1
                                 ->  Seq Scan on role_type rt  (cost=0.00..1.15 rows=1 width=4) (actual time=0.009..0.010 rows=1 loops=1)
                                       Filter: ((role)::text = 'cinematographer'::text)
                                       Rows Removed by Filter: 11
                                       Buffers: shared hit=1
                     ->  Index Scan using name_pkey on name n  (cost=0.43..2.32 rows=1 width=4) (actual time=0.039..0.039 rows=0 loops=20187)
                           Index Cond: (id = ci.person_id)
                           Filter: ((gender)::text = 'm'::text)
                           Rows Removed by Filter: 1
                           Buffers: shared hit=70667 read=10081
 Planning:
   Buffers: shared hit=484 read=93
 Planning Time: 12.722 ms
 Execution Time: 32480.840 ms
(89 rows)

