                                                                                            QUERY PLAN                                                                                            
--------------------------------------------------------------------------------------------------------------------------------------------------------------------------------------------------
 Aggregate  (cost=782600.89..782600.90 rows=1 width=8) (actual time=4714.359..4714.367 rows=1 loops=1)
   Buffers: shared hit=348813 read=132254, temp read=1588 written=1588
   ->  Nested Loop  (cost=93531.92..782600.66 rows=93 width=0) (actual time=458.272..4714.052 rows=826 loops=1)
         Buffers: shared hit=348813 read=132254, temp read=1588 written=1588
         ->  Seq Scan on info_type it2  (cost=0.00..2.41 rows=1 width=4) (actual time=0.048..0.057 rows=1 loops=1)
               Filter: (id = 4)
               Rows Removed by Filter: 112
               Buffers: shared hit=1
         ->  Nested Loop  (cost=93531.92..782597.32 rows=93 width=4) (actual time=458.223..4713.801 rows=826 loops=1)
               Buffers: shared hit=348812 read=132254, temp read=1588 written=1588
               ->  Seq Scan on info_type it1  (cost=0.00..2.41 rows=1 width=4) (actual time=0.010..0.021 rows=1 loops=1)
                     Filter: (id = 8)
                     Rows Removed by Filter: 112
                     Buffers: shared hit=1
               ->  Nested Loop  (cost=93531.92..782593.97 rows=93 width=8) (actual time=458.210..4713.567 rows=826 loops=1)
                     Buffers: shared hit=348811 read=132254, temp read=1588 written=1588
                     ->  Hash Join  (cost=93531.49..782079.04 rows=222 width=12) (actual time=456.932..4615.955 rows=3045 loops=1)
                           Hash Cond: (ci.role_id = rt.id)
                           Buffers: shared hit=338955 read=129930, temp read=1588 written=1588
                           ->  Nested Loop  (cost=93530.33..782068.41 rows=2666 width=16) (actual time=456.446..4593.470 rows=167954 loops=1)
                                 Buffers: shared hit=338954 read=129930, temp read=1588 written=1588
                                 ->  Nested Loop  (cost=93529.89..773814.85 rows=186 width=20) (actual time=456.415..2678.662 rows=17658 loops=1)
                                       Buffers: shared hit=197344 read=55772, temp read=1588 written=1588
                                       ->  Hash Join  (cost=93529.45..497581.88 rows=6424 width=12) (actual time=456.366..1036.118 rows=21237 loops=1)
                                             Hash Cond: (mi2.movie_id = t.id)
                                             Buffers: shared hit=28551 read=17253, temp read=1588 written=1588
                                             ->  Bitmap Heap Scan on movie_info mi2  (cost=13072.72..415342.60 rows=69416 width=8) (actual time=38.608..368.924 rows=900083 loops=1)
                                                   Recheck Cond: (info_type_id = 4)
                                                   Filter: ((info)::text = ANY ('{Cantonese,English,German,Hindi,Italian,Russian}'::text[]))
                                                   Rows Removed by Filter: 398906
                                                   Heap Blocks: exact=8393
                                                   Buffers: shared hit=1354 read=8058
                                                   ->  Bitmap Index Scan on info_type_id_movie_info  (cost=0.00..13055.37 rows=1221191 width=0) (actual time=37.546..37.546 rows=1298989 loops=1)
                                                         Index Cond: (info_type_id = 4)
                                                         Buffers: shared hit=1 read=1018
                                             ->  Hash  (cost=76617.93..76617.93 rows=233984 width=4) (actual time=414.781..414.784 rows=33701 loops=1)
                                                   Buckets: 262144  Batches: 2  Memory Usage: 2644kB
                                                   Buffers: shared hit=27197 read=9195, temp written=49
                                                   ->  Hash Join  (cost=1.13..76617.93 rows=233984 width=4) (actual time=0.066..408.232 rows=33701 loops=1)
                                                         Hash Cond: (t.kind_id = kt.id)
                                                         Buffers: shared hit=27197 read=9195
                                                         ->  Seq Scan on title t  (cost=0.00..74315.95 rows=545963 width=8) (actual time=0.026..376.636 rows=538239 loops=1)
                                                               Filter: ((production_year <= 1990) AND (1950 < production_year))
                                                               Rows Removed by Filter: 1990073
                                                               Buffers: shared hit=27196 read=9195
                                                         ->  Hash  (cost=1.10..1.10 rows=3 width=4) (actual time=0.014..0.015 rows=3 loops=1)
                                                               Buckets: 1024  Batches: 1  Memory Usage: 9kB
                                                               Buffers: shared hit=1
                                                               ->  Seq Scan on kind_type kt  (cost=0.00..1.10 rows=3 width=4) (actual time=0.006..0.007 rows=3 loops=1)
                                                                     Filter: ((kind)::text = ANY ('{"tv series","video game","video movie"}'::text[]))
                                                                     Rows Removed by Filter: 4
                                                                     Buffers: shared hit=1
                                       ->  Index Scan using movie_id_movie_info on movie_info mi1  (cost=0.43..42.99 rows=1 width=8) (actual time=0.070..0.077 rows=1 loops=21237)
                                             Index Cond: (movie_id = t.id)
                                             Filter: ((info_type_id = 8) AND ((info)::text = ANY ('{Australia,"East Germany","Hong Kong",India,Italy,"Soviet Union",UK,USA}'::text[])))
                                             Rows Removed by Filter: 9
                                             Buffers: shared hit=168793 read=38519
                                 ->  Index Scan using movie_id_cast_info on cast_info ci  (cost=0.44..43.99 rows=38 width=12) (actual time=0.031..0.106 rows=10 loops=17658)
                                       Index Cond: (movie_id = t.id)
                                       Buffers: shared hit=141610 read=74158
                           ->  Hash  (cost=1.15..1.15 rows=1 width=4) (actual time=0.017..0.018 rows=1 loops=1)
                                 Buckets: 1024  Batches: 1  Memory Usage: 9kB
                                 Buffers: shared hit=1
                                 ->  Seq Scan on role_type rt  (cost=0.00..1.15 rows=1 width=4) (actual time=0.010..0.011 rows=1 loops=1)
                                       Filter: ((role)::text = 'cinematographer'::text)
                                       Rows Removed by Filter: 11
                                       Buffers: shared hit=1
                     ->  Index Scan using name_pkey on name n  (cost=0.43..2.32 rows=1 width=4) (actual time=0.031..0.031 rows=0 loops=3045)
                           Index Cond: (id = ci.person_id)
                           Filter: ((gender)::text = 'm'::text)
                           Rows Removed by Filter: 1
                           Buffers: shared hit=9856 read=2324
 Planning:
   Buffers: shared hit=574
 Planning Time: 14.472 ms
 Execution Time: 4714.955 ms
(76 rows)

