                                                                                                  QUERY PLAN                                                                                                   
---------------------------------------------------------------------------------------------------------------------------------------------------------------------------------------------------------------
 Aggregate  (cost=908826.50..908826.51 rows=1 width=8) (actual time=43342.939..43342.948 rows=1 loops=1)
   Buffers: shared hit=3923502 read=493327, temp read=9105 written=9043
   ->  Nested Loop  (cost=828371.54..908825.61 rows=356 width=0) (actual time=990.304..43341.048 rows=3687 loops=1)
         Buffers: shared hit=3923502 read=493327, temp read=9105 written=9043
         ->  Seq Scan on info_type it2  (cost=0.00..2.41 rows=1 width=4) (actual time=0.036..0.047 rows=1 loops=1)
               Filter: (id = 4)
               Rows Removed by Filter: 112
               Buffers: shared hit=1
         ->  Nested Loop  (cost=828371.54..908819.64 rows=356 width=4) (actual time=990.267..43339.906 rows=3687 loops=1)
               Buffers: shared hit=3923501 read=493327, temp read=9105 written=9043
               ->  Seq Scan on info_type it1  (cost=0.00..2.41 rows=1 width=4) (actual time=0.009..0.022 rows=1 loops=1)
                     Filter: (id = 8)
                     Rows Removed by Filter: 112
                     Buffers: shared hit=1
               ->  Nested Loop  (cost=828371.54..908813.67 rows=356 width=8) (actual time=990.257..43338.536 rows=3687 loops=1)
                     Buffers: shared hit=3923500 read=493327, temp read=9105 written=9043
                     ->  Hash Join  (cost=828371.11..905255.52 rows=1534 width=12) (actual time=990.226..40091.508 rows=85289 loops=1)
                           Hash Cond: (ci.role_id = rt.id)
                           Buffers: shared hit=3627279 read=448392, temp read=9105 written=9043
                           ->  Nested Loop  (cost=828369.94..905221.66 rows=9202 width=16) (actual time=990.031..39787.315 rows=1472545 loops=1)
                                 Buffers: shared hit=3627278 read=448392, temp read=9105 written=9043
                                 ->  Nested Loop  (cost=828369.50..877167.74 rows=642 width=20) (actual time=990.004..23065.887 rows=73767 loops=1)
                                       Buffers: shared hit=2380314 read=53895, temp read=9105 written=9043
                                       ->  Nested Loop  (cost=828369.35..877130.83 rows=1498 width=24) (actual time=989.989..22738.053 rows=474022 loops=1)
                                             Join Filter: (t.id = mi1.movie_id)
                                             Buffers: shared hit=2380303 read=53894, temp read=9105 written=9043
                                             ->  Merge Join  (cost=828368.92..829202.45 rows=13911 width=16) (actual time=989.936..1768.268 rows=603973 loops=1)
                                                   Merge Cond: (mi1.movie_id = mi2.movie_id)
                                                   Buffers: shared hit=7978 read=10327, temp read=9105 written=9043
                                                   ->  Sort  (cost=391851.37..392009.06 rows=63077 width=8) (actual time=427.967..558.744 rows=704354 loops=1)
                                                         Sort Key: mi1.movie_id
                                                         Sort Method: external sort  Disk: 15224kB
                                                         Buffers: shared hit=3304 read=5589, temp read=3799 written=3808
                                                         ->  Bitmap Heap Scan on movie_info mi1  (cost=14227.32..386822.61 rows=63077 width=8) (actual time=37.741..256.326 rows=704354 loops=1)
                                                               Recheck Cond: (info_type_id = 8)
                                                               Filter: ((info)::text = ANY ('{Albania,Cuba,Czechoslovakia,Finland,France,Germany,"Hong Kong",Mexico,"South Africa",Switzerland,USA}'::text[]))
                                                               Rows Removed by Filter: 621007
                                                               Heap Blocks: exact=7853
                                                               Buffers: shared hit=3304 read=5589
                                                               ->  Bitmap Index Scan on info_type_id_movie_info  (cost=0.00..14211.52 rows=1329478 width=0) (actual time=36.762..36.762 rows=1325361 loops=1)
                                                                     Index Cond: (info_type_id = 8)
                                                                     Buffers: shared read=1040
                                                   ->  Sort  (cost=436517.55..436707.07 rows=75807 width=8) (actual time=561.960..760.021 rows=980163 loops=1)
                                                         Sort Key: mi2.movie_id
                                                         Sort Method: external sort  Disk: 20928kB
                                                         Buffers: shared hit=4674 read=4738, temp read=5264 written=5235
                                                         ->  Bitmap Heap Scan on movie_info mi2  (cost=13074.32..430373.38 rows=75807 width=8) (actual time=30.540..327.045 rows=968147 loops=1)
                                                               Recheck Cond: (info_type_id = 4)
                                                               Filter: ((info)::text = ANY ('{Albanian,Czech,English,French,Italian,Mandarin,Spanish}'::text[]))
                                                               Rows Removed by Filter: 330842
                                                               Heap Blocks: exact=8393
                                                               Buffers: shared hit=4674 read=4738
                                                               ->  Bitmap Index Scan on info_type_id_movie_info  (cost=0.00..13055.37 rows=1221191 width=0) (actual time=29.502..29.502 rows=1298989 loops=1)
                                                                     Index Cond: (info_type_id = 4)
                                                                     Buffers: shared hit=1 read=1018
                                             ->  Index Scan using title_pkey on title t  (cost=0.43..3.43 rows=1 width=8) (actual time=0.034..0.034 rows=1 loops=603973)
                                                   Index Cond: (id = mi2.movie_id)
                                                   Filter: ((production_year <= 2015) AND (1975 < production_year))
                                                   Rows Removed by Filter: 0
                                                   Buffers: shared hit=2372325 read=43567
                                       ->  Memoize  (cost=0.14..0.16 rows=1 width=4) (actual time=0.000..0.000 rows=0 loops=474022)
                                             Cache Key: t.kind_id
                                             Cache Mode: logical
                                             Hits: 474016  Misses: 6  Evictions: 0  Overflows: 0  Memory Usage: 1kB
                                             Buffers: shared hit=11 read=1
                                             ->  Index Scan using kind_type_pkey on kind_type kt  (cost=0.13..0.15 rows=1 width=4) (actual time=0.011..0.011 rows=0 loops=6)
                                                   Index Cond: (id = t.kind_id)
                                                   Filter: ((kind)::text = ANY ('{"tv movie","tv series","video game"}'::text[]))
                                                   Rows Removed by Filter: 0
                                                   Buffers: shared hit=11 read=1
                                 ->  Index Scan using movie_id_cast_info on cast_info ci  (cost=0.44..43.32 rows=38 width=12) (actual time=0.037..0.221 rows=20 loops=73767)
                                       Index Cond: (movie_id = t.id)
                                       Buffers: shared hit=1246964 read=394497
                           ->  Hash  (cost=1.15..1.15 rows=2 width=4) (actual time=0.022..0.023 rows=2 loops=1)
                                 Buckets: 1024  Batches: 1  Memory Usage: 9kB
                                 Buffers: shared hit=1
                                 ->  Seq Scan on role_type rt  (cost=0.00..1.15 rows=2 width=4) (actual time=0.011..0.013 rows=2 loops=1)
                                       Filter: ((role)::text = ANY ('{composer,director}'::text[]))
                                       Rows Removed by Filter: 10
                                       Buffers: shared hit=1
                     ->  Index Scan using name_pkey on name n  (cost=0.43..2.32 rows=1 width=4) (actual time=0.038..0.038 rows=0 loops=85289)
                           Index Cond: (id = ci.person_id)
                           Filter: ((gender)::text = 'f'::text)
                           Rows Removed by Filter: 1
                           Buffers: shared hit=296221 read=44935
 Planning:
   Buffers: shared hit=531 read=46
 Planning Time: 14.335 ms
 Execution Time: 43355.363 ms
(89 rows)

