                                                                                                  QUERY PLAN                                                                                                  
--------------------------------------------------------------------------------------------------------------------------------------------------------------------------------------------------------------
 Aggregate  (cost=909151.72..909151.73 rows=1 width=8) (actual time=183872.167..183872.175 rows=1 loops=1)
   Buffers: shared hit=17025785 read=1995762, temp read=9159 written=9109
   ->  Nested Loop  (cost=828565.09..909150.90 rows=331 width=0) (actual time=941.799..183807.465 rows=289074 loops=1)
         Buffers: shared hit=17025785 read=1995762, temp read=9159 written=9109
         ->  Seq Scan on info_type it2  (cost=0.00..2.41 rows=1 width=4) (actual time=0.036..0.046 rows=1 loops=1)
               Filter: (id = 4)
               Rows Removed by Filter: 112
               Buffers: shared hit=1
         ->  Nested Loop  (cost=828565.09..909145.17 rows=331 width=4) (actual time=941.762..183740.097 rows=289074 loops=1)
               Buffers: shared hit=17025784 read=1995762, temp read=9159 written=9109
               ->  Seq Scan on info_type it1  (cost=0.00..2.41 rows=1 width=4) (actual time=0.012..0.024 rows=1 loops=1)
                     Filter: (id = 8)
                     Rows Removed by Filter: 112
                     Buffers: shared hit=1
               ->  Nested Loop  (cost=828565.09..909139.45 rows=331 width=8) (actual time=941.748..183668.459 rows=289074 loops=1)
                     Buffers: shared hit=17025783 read=1995762, temp read=9159 written=9109
                     ->  Hash Join  (cost=828564.66..907307.03 rows=790 width=12) (actual time=941.511..126269.470 rows=1568765 loops=1)
                           Hash Cond: (ci.role_id = rt.id)
                           Buffers: shared hit=11053476 read=1693009, temp read=9159 written=9109
                           ->  Nested Loop  (cost=828563.50..907272.21 rows=9475 width=16) (actual time=941.212..124113.002 rows=9274805 loops=1)
                                 Buffers: shared hit=11053475 read=1693009, temp read=9159 written=9109
                                 ->  Nested Loop  (cost=828563.06..878388.03 rows=661 width=20) (actual time=941.176..23579.640 rows=416322 loops=1)
                                       Buffers: shared hit=2437471 read=37674, temp read=9159 written=9109
                                       ->  Nested Loop  (cost=828562.92..878350.04 rows=1543 width=24) (actual time=941.023..23150.778 rows=495678 loops=1)
                                             Join Filter: (t.id = mi1.movie_id)
                                             Buffers: shared hit=2437460 read=37673, temp read=9159 written=9109
                                             ->  Merge Join  (cost=828562.49..829411.09 rows=14324 width=16) (actual time=940.979..1838.951 rows=614207 loops=1)
                                                   Merge Cond: (mi1.movie_id = mi2.movie_id)
                                                   Buffers: shared hit=18305, temp read=9159 written=9109
                                                   ->  Sort  (cost=391875.44..392033.82 rows=63353 width=8) (actual time=409.122..545.451 rows=688783 loops=1)
                                                         Sort Key: mi1.movie_id
                                                         Sort Method: external sort  Disk: 14888kB
                                                         Buffers: shared hit=8893, temp read=3715 written=3724
                                                         ->  Bitmap Heap Scan on movie_info mi1  (cost=14227.38..386822.68 rows=63353 width=8) (actual time=34.680..239.960 rows=688783 loops=1)
                                                               Recheck Cond: (info_type_id = 8)
                                                               Filter: ((info)::text = ANY ('{Bulgaria,China,Cuba,"East Germany",Germany,Italy,Peru,Spain,Switzerland,USA}'::text[]))
                                                               Rows Removed by Filter: 636578
                                                               Heap Blocks: exact=7853
                                                               Buffers: shared hit=8893
                                                               ->  Bitmap Index Scan on info_type_id_movie_info  (cost=0.00..14211.52 rows=1329478 width=0) (actual time=33.708..33.709 rows=1325361 loops=1)
                                                                     Index Cond: (info_type_id = 8)
                                                                     Buffers: shared hit=1040
                                                   ->  Sort  (cost=436687.05..436881.35 rows=77720 width=8) (actual time=531.847..781.672 rows=1006278 loops=1)
                                                         Sort Key: mi2.movie_id
                                                         Sort Method: external sort  Disk: 21528kB
                                                         Buffers: shared hit=9412, temp read=5408 written=5385
                                                         ->  Bitmap Heap Scan on movie_info mi2  (cost=13074.80..430373.86 rows=77720 width=8) (actual time=26.967..292.802 rows=996049 loops=1)
                                                               Recheck Cond: (info_type_id = 4)
                                                               Filter: ((info)::text = ANY ('{Bulgarian,English,French,Galician,German,None,Spanish}'::text[]))
                                                               Rows Removed by Filter: 302940
                                                               Heap Blocks: exact=8393
                                                               Buffers: shared hit=9412
                                                               ->  Bitmap Index Scan on info_type_id_movie_info  (cost=0.00..13055.37 rows=1221191 width=0) (actual time=25.942..25.942 rows=1298989 loops=1)
                                                                     Index Cond: (info_type_id = 4)
                                                                     Buffers: shared hit=1019
                                             ->  Index Scan using title_pkey on title t  (cost=0.43..3.40 rows=1 width=8) (actual time=0.034..0.034 rows=1 loops=614207)
                                                   Index Cond: (id = mi2.movie_id)
                                                   Filter: ((production_year <= 2015) AND (1975 < production_year))
                                                   Rows Removed by Filter: 0
                                                   Buffers: shared hit=2419155 read=37673
                                       ->  Memoize  (cost=0.14..0.16 rows=1 width=4) (actual time=0.000..0.000 rows=1 loops=495678)
                                             Cache Key: t.kind_id
                                             Cache Mode: logical
                                             Hits: 495672  Misses: 6  Evictions: 0  Overflows: 0  Memory Usage: 1kB
                                             Buffers: shared hit=11 read=1
                                             ->  Index Scan using kind_type_pkey on kind_type kt  (cost=0.13..0.15 rows=1 width=4) (actual time=0.012..0.012 rows=0 loops=6)
                                                   Index Cond: (id = t.kind_id)
                                                   Filter: ((kind)::text = ANY ('{episode,movie,"video movie"}'::text[]))
                                                   Rows Removed by Filter: 0
                                                   Buffers: shared hit=11 read=1
                                 ->  Index Scan using movie_id_cast_info on cast_info ci  (cost=0.44..43.32 rows=38 width=12) (actual time=0.036..0.235 rows=22 loops=416322)
                                       Index Cond: (movie_id = t.id)
                                       Buffers: shared hit=8616004 read=1655335
                           ->  Hash  (cost=1.15..1.15 rows=1 width=4) (actual time=0.017..0.018 rows=1 loops=1)
                                 Buckets: 1024  Batches: 1  Memory Usage: 9kB
                                 Buffers: shared hit=1
                                 ->  Seq Scan on role_type rt  (cost=0.00..1.15 rows=1 width=4) (actual time=0.011..0.012 rows=1 loops=1)
                                       Filter: ((role)::text = 'miscellaneous crew'::text)
                                       Rows Removed by Filter: 11
                                       Buffers: shared hit=1
                     ->  Index Scan using name_pkey on name n  (cost=0.43..2.32 rows=1 width=4) (actual time=0.036..0.036 rows=0 loops=1568765)
                           Index Cond: (id = ci.person_id)
                           Filter: ((gender)::text = 'm'::text)
                           Rows Removed by Filter: 1
                           Buffers: shared hit=5972307 read=302753
 Planning:
   Buffers: shared hit=577
 Planning Time: 13.596 ms
 Execution Time: 183882.123 ms
(89 rows)

