                                                                                               QUERY PLAN                                                                                               
--------------------------------------------------------------------------------------------------------------------------------------------------------------------------------------------------------
 Aggregate  (cost=669397.84..669397.85 rows=1 width=8) (actual time=12692.214..12692.221 rows=1 loops=1)
   Buffers: shared hit=1175737 read=144211
   ->  Nested Loop  (cost=14219.41..669397.78 rows=25 width=0) (actual time=38.635..12686.555 rows=31805 loops=1)
         Buffers: shared hit=1175737 read=144211
         ->  Seq Scan on info_type it2  (cost=0.00..2.41 rows=1 width=4) (actual time=0.049..0.060 rows=1 loops=1)
               Filter: (id = 4)
               Rows Removed by Filter: 112
               Buffers: shared read=1
         ->  Nested Loop  (cost=14219.41..669395.12 rows=25 width=4) (actual time=38.584..12680.532 rows=31805 loops=1)
               Buffers: shared hit=1175737 read=144210
               ->  Seq Scan on info_type it1  (cost=0.00..2.41 rows=1 width=4) (actual time=0.010..0.021 rows=1 loops=1)
                     Filter: (id = 8)
                     Rows Removed by Filter: 112
                     Buffers: shared hit=1
               ->  Nested Loop  (cost=14219.41..669392.45 rows=25 width=8) (actual time=38.570..12674.153 rows=31805 loops=1)
                     Buffers: shared hit=1175736 read=144210
                     ->  Hash Join  (cost=14218.98..669141.94 rows=108 width=12) (actual time=38.522..11580.994 rows=31822 loops=1)
                           Hash Cond: (ci.role_id = rt.id)
                           Buffers: shared hit=1051522 read=141136
                           ->  Nested Loop  (cost=14217.82..669136.19 rows=1290 width=16) (actual time=37.714..11537.371 rows=208572 loops=1)
                                 Buffers: shared hit=1051521 read=141136
                                 ->  Nested Loop  (cost=14217.38..665200.00 rows=90 width=20) (actual time=37.678..9081.323 rows=15311 loops=1)
                                       Buffers: shared hit=872941 read=79139
                                       ->  Hash Join  (cost=14216.94..535324.62 rows=3051 width=12) (actual time=37.606..7434.931 rows=19870 loops=1)
                                             Hash Cond: (t.kind_id = kt.id)
                                             Buffers: shared hit=721335 read=46303
                                             ->  Nested Loop  (cost=14215.83..535278.52 rows=10677 width=16) (actual time=37.558..7402.008 rows=135528 loops=1)
                                                   Buffers: shared hit=721334 read=46303
                                                   ->  Bitmap Heap Scan on movie_info mi1  (cost=14215.39..447037.06 rows=15490 width=8) (actual time=37.525..777.443 rows=192352 loops=1)
                                                         Recheck Cond: (info_type_id = 8)
                                                         Filter: ((info)::text = ANY ('{Belgium,Canada,Denmark,Finland,Germany,Greece,Israel,Japan}'::text[]))
                                                         Rows Removed by Filter: 1133009
                                                         Heap Blocks: exact=7853
                                                         Buffers: shared hit=7 read=8886
                                                         ->  Bitmap Index Scan on info_type_id_movie_info  (cost=0.00..14211.52 rows=1329478 width=0) (actual time=36.549..36.549 rows=1325361 loops=1)
                                                               Index Cond: (info_type_id = 8)
                                                               Buffers: shared read=1040
                                                   ->  Memoize  (cost=0.44..5.80 rows=1 width=8) (actual time=0.034..0.034 rows=1 loops=192352)
                                                         Cache Key: mi1.movie_id
                                                         Cache Mode: logical
                                                         Hits: 2666  Misses: 189686  Evictions: 99645  Overflows: 0  Memory Usage: 8193kB
                                                         Buffers: shared hit=721327 read=37417
                                                         ->  Index Scan using title_pkey on title t  (cost=0.43..5.79 rows=1 width=8) (actual time=0.033..0.033 rows=1 loops=189686)
                                                               Index Cond: (id = mi1.movie_id)
                                                               Filter: ((production_year <= 2015) AND (1990 < production_year))
                                                               Rows Removed by Filter: 0
                                                               Buffers: shared hit=721327 read=37417
                                             ->  Hash  (cost=1.09..1.09 rows=2 width=4) (actual time=0.023..0.024 rows=2 loops=1)
                                                   Buckets: 1024  Batches: 1  Memory Usage: 9kB
                                                   Buffers: shared hit=1
                                                   ->  Seq Scan on kind_type kt  (cost=0.00..1.09 rows=2 width=4) (actual time=0.013..0.015 rows=2 loops=1)
                                                         Filter: ((kind)::text = ANY ('{"tv series","video game"}'::text[]))
                                                         Rows Removed by Filter: 5
                                                         Buffers: shared hit=1
                                       ->  Index Scan using movie_id_movie_info on movie_info mi2  (cost=0.43..42.56 rows=1 width=8) (actual time=0.064..0.082 rows=1 loops=19870)
                                             Index Cond: (movie_id = t.id)
                                             Filter: ((info_type_id = 4) AND ((info)::text = ANY ('{Danish,Dutch,English,Finnish,French,German,Greek,Hebrew}'::text[])))
                                             Rows Removed by Filter: 8
                                             Buffers: shared hit=151606 read=32836
                                 ->  Index Scan using movie_id_cast_info on cast_info ci  (cost=0.44..43.36 rows=38 width=12) (actual time=0.036..0.156 rows=14 loops=15311)
                                       Index Cond: (movie_id = t.id)
                                       Buffers: shared hit=178580 read=61997
                           ->  Hash  (cost=1.15..1.15 rows=1 width=4) (actual time=0.017..0.018 rows=1 loops=1)
                                 Buckets: 1024  Batches: 1  Memory Usage: 9kB
                                 Buffers: shared hit=1
                                 ->  Seq Scan on role_type rt  (cost=0.00..1.15 rows=1 width=4) (actual time=0.010..0.012 rows=1 loops=1)
                                       Filter: ((role)::text = 'actress'::text)
                                       Rows Removed by Filter: 11
                                       Buffers: shared hit=1
                     ->  Index Scan using name_pkey on name n  (cost=0.43..2.32 rows=1 width=4) (actual time=0.034..0.034 rows=1 loops=31822)
                           Index Cond: (id = ci.person_id)
                           Filter: ((gender)::text = 'f'::text)
                           Rows Removed by Filter: 0
                           Buffers: shared hit=124214 read=3074
 Planning:
   Buffers: shared hit=485 read=89
 Planning Time: 14.693 ms
 Execution Time: 12694.993 ms
(78 rows)

