                                                                                            QUERY PLAN                                                                                            
--------------------------------------------------------------------------------------------------------------------------------------------------------------------------------------------------
 Aggregate  (cost=604984.21..604984.22 rows=1 width=8) (actual time=28426.077..28426.100 rows=1 loops=1)
   Buffers: shared hit=2610796 read=322514, temp read=2113 written=2113
   ->  Nested Loop  (cost=93519.27..604984.16 rows=19 width=0) (actual time=590.392..28384.245 rows=241617 loops=1)
         Buffers: shared hit=2610796 read=322514, temp read=2113 written=2113
         ->  Seq Scan on info_type it2  (cost=0.00..2.41 rows=1 width=4) (actual time=0.039..0.050 rows=1 loops=1)
               Filter: (id = 4)
               Rows Removed by Filter: 112
               Buffers: shared hit=1
         ->  Nested Loop  (cost=93519.27..604981.56 rows=19 width=4) (actual time=590.352..28331.528 rows=241617 loops=1)
               Buffers: shared hit=2610795 read=322514, temp read=2113 written=2113
               ->  Seq Scan on info_type it1  (cost=0.00..2.41 rows=1 width=4) (actual time=0.007..0.020 rows=1 loops=1)
                     Filter: (id = 3)
                     Rows Removed by Filter: 112
                     Buffers: shared hit=1
               ->  Nested Loop  (cost=93519.27..604978.95 rows=19 width=8) (actual time=590.342..28279.301 rows=241617 loops=1)
                     Buffers: shared hit=2610794 read=322514, temp read=2113 written=2113
                     ->  Hash Join  (cost=93518.84..604791.07 rows=81 width=12) (actual time=590.300..19780.533 rows=241627 loops=1)
                           Hash Cond: (ci.role_id = rt.id)
                           Buffers: shared hit=1665559 read=301241, temp read=2113 written=2113
                           ->  Nested Loop  (cost=93517.68..604786.45 rows=975 width=16) (actual time=590.218..19510.676 rows=1143698 loops=1)
                                 Buffers: shared hit=1665558 read=301241, temp read=2113 written=2113
                                 ->  Nested Loop  (cost=93517.24..601769.02 rows=68 width=20) (actual time=590.189..7525.968 rows=49667 loops=1)
                                       Buffers: shared hit=555376 read=141881, temp read=2113 written=2113
                                       ->  Hash Join  (cost=93516.80..526994.98 rows=1741 width=12) (actual time=588.910..1369.599 rows=66528 loops=1)
                                             Hash Cond: (mi2.movie_id = t.id)
                                             Buffers: shared hit=17347 read=28457, temp read=2113 written=2113
                                             ->  Bitmap Heap Scan on movie_info mi2  (cost=13060.07..445388.31 rows=18809 width=8) (actual time=37.832..591.524 rows=291196 loops=1)
                                                   Recheck Cond: (info_type_id = 4)
                                                   Filter: ((info)::text = ANY ('{French,German,Hindi,Japanese,None,Spanish,Swedish,Tagalog}'::text[]))
                                                   Rows Removed by Filter: 1007793
                                                   Heap Blocks: exact=8393
                                                   Buffers: shared hit=8 read=9404
                                                   ->  Bitmap Index Scan on info_type_id_movie_info  (cost=0.00..13055.37 rows=1221191 width=0) (actual time=35.175..35.175 rows=1298989 loops=1)
                                                         Index Cond: (info_type_id = 4)
                                                         Buffers: shared read=1019
                                             ->  Hash  (cost=76617.93..76617.93 rows=233984 width=4) (actual time=549.071..549.087 rows=504538 loops=1)
                                                   Buckets: 262144 (originally 262144)  Batches: 4 (originally 2)  Memory Usage: 6483kB
                                                   Buffers: shared hit=17339 read=19053, temp written=1107
                                                   ->  Hash Join  (cost=1.13..76617.93 rows=233984 width=4) (actual time=0.043..469.014 rows=504538 loops=1)
                                                         Hash Cond: (t.kind_id = kt.id)
                                                         Buffers: shared hit=17339 read=19053
                                                         ->  Seq Scan on title t  (cost=0.00..74315.95 rows=545963 width=8) (actual time=0.024..407.448 rows=538239 loops=1)
                                                               Filter: ((production_year <= 1990) AND (1950 < production_year))
                                                               Rows Removed by Filter: 1990073
                                                               Buffers: shared hit=17338 read=19053
                                                         ->  Hash  (cost=1.10..1.10 rows=3 width=4) (actual time=0.013..0.014 rows=3 loops=1)
                                                               Buckets: 1024  Batches: 1  Memory Usage: 9kB
                                                               Buffers: shared hit=1
                                                               ->  Seq Scan on kind_type kt  (cost=0.00..1.10 rows=3 width=4) (actual time=0.006..0.007 rows=3 loops=1)
                                                                     Filter: ((kind)::text = ANY ('{episode,movie,"tv movie"}'::text[]))
                                                                     Rows Removed by Filter: 4
                                                                     Buffers: shared hit=1
                                       ->  Index Scan using movie_id_movie_info on movie_info mi1  (cost=0.43..42.94 rows=1 width=8) (actual time=0.091..0.092 rows=1 loops=66528)
                                             Index Cond: (movie_id = t.id)
                                             Filter: ((info_type_id = 3) AND ((info)::text = ANY ('{Action,Comedy,Crime,Drama,Family,Romance,Short}'::text[])))
                                             Rows Removed by Filter: 10
                                             Buffers: shared hit=538029 read=113424
                                 ->  Index Scan using movie_id_cast_info on cast_info ci  (cost=0.44..43.99 rows=38 width=12) (actual time=0.036..0.234 rows=23 loops=49667)
                                       Index Cond: (movie_id = t.id)
                                       Buffers: shared hit=1110182 read=159360
                           ->  Hash  (cost=1.15..1.15 rows=1 width=4) (actual time=0.014..0.015 rows=1 loops=1)
                                 Buckets: 1024  Batches: 1  Memory Usage: 9kB
                                 Buffers: shared hit=1
                                 ->  Seq Scan on role_type rt  (cost=0.00..1.15 rows=1 width=4) (actual time=0.008..0.009 rows=1 loops=1)
                                       Filter: ((role)::text = 'actress'::text)
                                       Rows Removed by Filter: 11
                                       Buffers: shared hit=1
                     ->  Index Scan using name_pkey on name n  (cost=0.43..2.32 rows=1 width=4) (actual time=0.034..0.034 rows=1 loops=241627)
                           Index Cond: (id = ci.person_id)
                           Filter: ((gender)::text = 'f'::text)
                           Rows Removed by Filter: 0
                           Buffers: shared hit=945235 read=21273
 Planning:
   Buffers: shared hit=487 read=87
 Planning Time: 13.281 ms
 Execution Time: 28426.652 ms
(76 rows)

