                                                                                            QUERY PLAN                                                                                            
--------------------------------------------------------------------------------------------------------------------------------------------------------------------------------------------------
 Aggregate  (cost=761606.22..761606.23 rows=1 width=8) (actual time=2348.663..2348.673 rows=1 loops=1)
   Buffers: shared hit=139909 read=74748, temp read=1759 written=1759
   ->  Nested Loop  (cost=92537.59..761605.87 rows=142 width=0) (actual time=454.256..2348.555 rows=375 loops=1)
         Buffers: shared hit=139909 read=74748, temp read=1759 written=1759
         ->  Seq Scan on info_type it2  (cost=0.00..2.41 rows=1 width=4) (actual time=0.030..0.039 rows=1 loops=1)
               Filter: (id = 4)
               Rows Removed by Filter: 112
               Buffers: shared hit=1
         ->  Nested Loop  (cost=92537.59..761602.04 rows=142 width=4) (actual time=454.224..2348.437 rows=375 loops=1)
               Buffers: shared hit=139908 read=74748, temp read=1759 written=1759
               ->  Seq Scan on info_type it1  (cost=0.00..2.41 rows=1 width=4) (actual time=0.007..0.019 rows=1 loops=1)
                     Filter: (id = 3)
                     Rows Removed by Filter: 112
                     Buffers: shared hit=1
               ->  Nested Loop  (cost=92537.59..761598.20 rows=142 width=8) (actual time=454.215..2348.329 rows=375 loops=1)
                     Buffers: shared hit=139907 read=74748, temp read=1759 written=1759
                     ->  Hash Join  (cost=92537.16..760811.89 rows=339 width=12) (actual time=432.969..2285.755 rows=1648 loops=1)
                           Hash Cond: (ci.role_id = rt.id)
                           Buffers: shared hit=135074 read=72989, temp read=1759 written=1759
                           ->  Nested Loop  (cost=92536.00..760796.27 rows=4071 width=16) (actual time=432.211..2278.817 rows=54619 loops=1)
                                 Buffers: shared hit=135073 read=72989, temp read=1759 written=1759
                                 ->  Nested Loop  (cost=92535.56..748142.83 rows=284 width=20) (actual time=432.182..1610.346 rows=5829 loops=1)
                                       Buffers: shared hit=90103 read=47157, temp read=1759 written=1759
                                       ->  Hash Join  (cost=92535.10..481530.30 rows=6209 width=12) (actual time=431.990..921.366 rows=9077 loops=1)
                                             Hash Cond: (mi2.movie_id = t.id)
                                             Buffers: shared hit=16879 read=28925, temp read=1759 written=1759
                                             ->  Bitmap Heap Scan on movie_info mi2  (cost=13075.39..400316.10 rows=80110 width=8) (actual time=35.585..315.723 rows=1018996 loops=1)
                                                   Recheck Cond: (info_type_id = 4)
                                                   Filter: ((info)::text = ANY ('{English,French,German,Italian,Spanish}'::text[]))
                                                   Rows Removed by Filter: 279993
                                                   Heap Blocks: exact=8393
                                                   Buffers: shared hit=1638 read=7774
                                                   ->  Bitmap Index Scan on info_type_id_movie_info  (cost=0.00..13055.37 rows=1221191 width=0) (actual time=34.554..34.555 rows=1298989 loops=1)
                                                         Index Cond: (info_type_id = 4)
                                                         Buffers: shared read=1019
                                             ->  Hash  (cost=76244.10..76244.10 rows=195968 width=4) (actual time=393.467..393.471 rows=11843 loops=1)
                                                   Buckets: 262144  Batches: 2  Memory Usage: 2260kB
                                                   Buffers: shared hit=15241 read=21151, temp written=17
                                                   ->  Hash Join  (cost=1.13..76244.10 rows=195968 width=4) (actual time=0.161..390.941 rows=11843 loops=1)
                                                         Hash Cond: (t.kind_id = kt.id)
                                                         Buffers: shared hit=15241 read=21151
                                                         ->  Seq Scan on title t  (cost=0.00..74315.95 rows=457258 width=8) (actual time=0.026..365.631 rows=451569 loops=1)
                                                               Filter: ((production_year <= 1975) AND (1875 < production_year))
                                                               Rows Removed by Filter: 2076743
                                                               Buffers: shared hit=15240 read=21151
                                                         ->  Hash  (cost=1.10..1.10 rows=3 width=4) (actual time=0.013..0.015 rows=3 loops=1)
                                                               Buckets: 1024  Batches: 1  Memory Usage: 9kB
                                                               Buffers: shared hit=1
                                                               ->  Seq Scan on kind_type kt  (cost=0.00..1.10 rows=3 width=4) (actual time=0.006..0.008 rows=3 loops=1)
                                                                     Filter: ((kind)::text = ANY ('{"tv series","video game","video movie"}'::text[]))
                                                                     Rows Removed by Filter: 4
                                                                     Buffers: shared hit=1
                                       ->  Index Scan using movie_id_movie_info on movie_info mi1  (cost=0.46..42.93 rows=1 width=8) (actual time=0.074..0.075 rows=1 loops=9077)
                                             Index Cond: (movie_id = t.id)
                                             Filter: ((info_type_id = 3) AND ((info)::text = ANY ('{Action,Comedy,Crime,Documentary,Drama,Musical,Romance,Short,War}'::text[])))
                                             Rows Removed by Filter: 10
                                             Buffers: shared hit=73224 read=18232
                                 ->  Index Scan using movie_id_cast_info on cast_info ci  (cost=0.44..44.17 rows=38 width=12) (actual time=0.032..0.112 rows=9 loops=5829)
                                       Index Cond: (movie_id = t.id)
                                       Buffers: shared hit=44970 read=25832
                           ->  Hash  (cost=1.15..1.15 rows=1 width=4) (actual time=0.012..0.013 rows=1 loops=1)
                                 Buckets: 1024  Batches: 1  Memory Usage: 9kB
                                 Buffers: shared hit=1
                                 ->  Seq Scan on role_type rt  (cost=0.00..1.15 rows=1 width=4) (actual time=0.007..0.008 rows=1 loops=1)
                                       Filter: ((role)::text = 'miscellaneous crew'::text)
                                       Rows Removed by Filter: 11
                                       Buffers: shared hit=1
                     ->  Index Scan using name_pkey on name n  (cost=0.43..2.32 rows=1 width=4) (actual time=0.037..0.037 rows=0 loops=1648)
                           Index Cond: (id = ci.person_id)
                           Filter: ((gender)::text = 'm'::text)
                           Rows Removed by Filter: 1
                           Buffers: shared hit=4833 read=1759
 Planning:
   Buffers: shared hit=490 read=87
 Planning Time: 13.461 ms
 Execution Time: 2349.220 ms
(76 rows)

