                                                                                               QUERY PLAN                                                                                               
--------------------------------------------------------------------------------------------------------------------------------------------------------------------------------------------------------
 Aggregate  (cost=616153.39..616153.40 rows=1 width=8) (actual time=24616.016..24616.023 rows=1 loops=1)
   Buffers: shared hit=2227571 read=337467
   ->  Nested Loop  (cost=13061.99..616153.29 rows=39 width=0) (actual time=141.603..24612.878 rows=8608 loops=1)
         Buffers: shared hit=2227571 read=337467
         ->  Seq Scan on info_type it2  (cost=0.00..2.41 rows=1 width=4) (actual time=0.038..0.049 rows=1 loops=1)
               Filter: (id = 4)
               Rows Removed by Filter: 112
               Buffers: shared hit=1
         ->  Nested Loop  (cost=13061.99..616150.49 rows=39 width=4) (actual time=141.563..24610.534 rows=8608 loops=1)
               Buffers: shared hit=2227570 read=337467
               ->  Seq Scan on info_type it1  (cost=0.00..2.41 rows=1 width=4) (actual time=0.010..0.023 rows=1 loops=1)
                     Filter: (id = 3)
                     Rows Removed by Filter: 112
                     Buffers: shared hit=1
               ->  Nested Loop  (cost=13061.99..616147.69 rows=39 width=8) (actual time=141.550..24608.272 rows=8608 loops=1)
                     Buffers: shared hit=2227569 read=337467
                     ->  Hash Join  (cost=13061.56..615934.29 rows=92 width=12) (actual time=45.436..23228.224 rows=37627 loops=1)
                           Hash Cond: (ci.role_id = rt.id)
                           Buffers: shared hit=2091320 read=323208
                           ->  Nested Loop  (cost=13060.40..615929.21 rows=1104 width=16) (actual time=45.360..23088.909 rows=756414 loops=1)
                                 Buffers: shared hit=2091319 read=323208
                                 ->  Nested Loop  (cost=13059.96..612564.49 rows=77 width=20) (actual time=45.320..14607.451 rows=43302 loops=1)
                                       Buffers: shared hit=1415089 read=133980
                                       ->  Hash Join  (cost=13059.52..512291.76 rows=2357 width=12) (actual time=38.699..6966.165 rows=85321 loops=1)
                                             Hash Cond: (t.kind_id = kt.id)
                                             Buffers: shared hit=652004 read=40989
                                             ->  Nested Loop  (cost=13058.41..512255.87 rows=8250 width=16) (actual time=38.551..6918.200 rows=118516 loops=1)
                                                   Buffers: shared hit=652003 read=40989
                                                   ->  Bitmap Heap Scan on movie_info mi2  (cost=13057.97..445386.21 rows=10414 width=8) (actual time=38.505..773.320 rows=174519 loops=1)
                                                         Recheck Cond: (info_type_id = 4)
                                                         Filter: ((info)::text = ANY ('{Cantonese,French,Hindi,Hungarian,Italian,Japanese,Russian,Serbo-Croatian}'::text[]))
                                                         Rows Removed by Filter: 1124470
                                                         Heap Blocks: exact=8393
                                                         Buffers: shared hit=66 read=9346
                                                         ->  Bitmap Index Scan on info_type_id_movie_info  (cost=0.00..13055.37 rows=1221191 width=0) (actual time=35.896..35.896 rows=1298989 loops=1)
                                                               Index Cond: (info_type_id = 4)
                                                               Buffers: shared read=1019
                                                   ->  Memoize  (cost=0.44..6.50 rows=1 width=8) (actual time=0.035..0.035 rows=1 loops=174519)
                                                         Cache Key: mi2.movie_id
                                                         Cache Mode: logical
                                                         Hits: 3624  Misses: 170895  Evictions: 82931  Overflows: 0  Memory Usage: 8193kB
                                                         Buffers: shared hit=651937 read=31643
                                                         ->  Index Scan using title_pkey on title t  (cost=0.43..6.49 rows=1 width=8) (actual time=0.034..0.034 rows=1 loops=170895)
                                                               Index Cond: (id = mi2.movie_id)
                                                               Filter: ((production_year <= 2015) AND (1975 < production_year))
                                                               Rows Removed by Filter: 0
                                                               Buffers: shared hit=651937 read=31643
                                             ->  Hash  (cost=1.09..1.09 rows=2 width=4) (actual time=0.018..0.019 rows=2 loops=1)
                                                   Buckets: 1024  Batches: 1  Memory Usage: 9kB
                                                   Buffers: shared hit=1
                                                   ->  Seq Scan on kind_type kt  (cost=0.00..1.09 rows=2 width=4) (actual time=0.010..0.011 rows=2 loops=1)
                                                         Filter: ((kind)::text = ANY ('{episode,movie}'::text[]))
                                                         Rows Removed by Filter: 5
                                                         Buffers: shared hit=1
                                       ->  Index Scan using movie_id_movie_info on movie_info mi1  (cost=0.43..42.53 rows=1 width=8) (actual time=0.089..0.089 rows=1 loops=85321)
                                             Index Cond: (movie_id = t.id)
                                             Filter: ((info_type_id = 3) AND ((info)::text = ANY ('{Adult,Animation,Crime,Documentary,Family,Music,Romance,Short}'::text[])))
                                             Rows Removed by Filter: 13
                                             Buffers: shared hit=763085 read=92991
                                 ->  Index Scan using movie_id_cast_info on cast_info ci  (cost=0.44..43.32 rows=38 width=12) (actual time=0.035..0.191 rows=17 loops=43302)
                                       Index Cond: (movie_id = t.id)
                                       Buffers: shared hit=676230 read=189228
                           ->  Hash  (cost=1.15..1.15 rows=1 width=4) (actual time=0.019..0.020 rows=1 loops=1)
                                 Buckets: 1024  Batches: 1  Memory Usage: 9kB
                                 Buffers: shared hit=1
                                 ->  Seq Scan on role_type rt  (cost=0.00..1.15 rows=1 width=4) (actual time=0.009..0.011 rows=1 loops=1)
                                       Filter: ((role)::text = 'cinematographer'::text)
                                       Rows Removed by Filter: 11
                                       Buffers: shared hit=1
                     ->  Index Scan using name_pkey on name n  (cost=0.43..2.32 rows=1 width=4) (actual time=0.036..0.036 rows=0 loops=37627)
                           Index Cond: (id = ci.person_id)
                           Filter: ((gender)::text = 'm'::text)
                           Rows Removed by Filter: 1
                           Buffers: shared hit=136249 read=14259
 Planning:
   Buffers: shared hit=505 read=69
 Planning Time: 14.249 ms
 Execution Time: 24618.861 ms
(78 rows)

