                                                                                               QUERY PLAN                                                                                               
--------------------------------------------------------------------------------------------------------------------------------------------------------------------------------------------------------
 Aggregate  (cost=437053.72..437053.73 rows=1 width=8) (actual time=3855.954..3855.962 rows=1 loops=1)
   Buffers: shared hit=356050 read=24645
   ->  Nested Loop  (cost=13060.91..437053.72 rows=1 width=0) (actual time=38.212..3855.528 rows=2230 loops=1)
         Buffers: shared hit=356050 read=24645
         ->  Nested Loop  (cost=13060.91..437051.30 rows=1 width=4) (actual time=38.207..3813.795 rows=2230 loops=1)
               Buffers: shared hit=353820 read=24645
               ->  Nested Loop  (cost=13060.91..437048.88 rows=1 width=8) (actual time=38.189..3772.807 rows=2230 loops=1)
                     Buffers: shared hit=351590 read=24645
                     ->  Hash Join  (cost=13060.48..437034.96 rows=6 width=12) (actual time=38.149..3698.357 rows=2231 loops=1)
                           Hash Cond: (ci.role_id = rt.id)
                           Buffers: shared hit=344664 read=22647
                           ->  Nested Loop  (cost=13059.32..437033.54 rows=72 width=16) (actual time=38.013..3696.253 rows=8976 loops=1)
                                 Buffers: shared hit=344663 read=22647
                                 ->  Nested Loop  (cost=13058.88..436811.67 rows=5 width=20) (actual time=37.976..3582.580 rows=614 loops=1)
                                       Buffers: shared hit=338950 read=17839
                                       ->  Hash Join  (cost=13058.44..413031.86 rows=557 width=12) (actual time=37.006..3353.811 rows=2594 loops=1)
                                             Hash Cond: (t.kind_id = kt.id)
                                             Buffers: shared hit=323142 read=10879
                                             ->  Nested Loop  (cost=13057.31..413025.25 rows=1299 width=16) (actual time=36.971..3348.101 rows=21433 loops=1)
                                                   Buffers: shared hit=323141 read=10879
                                                   ->  Bitmap Heap Scan on movie_info mi2  (cost=13056.87..370239.21 rows=6015 width=8) (actual time=36.905..492.454 rows=81815 loops=1)
                                                         Recheck Cond: (info_type_id = 4)
                                                         Filter: ((info)::text = ANY ('{Czech,Italian,Japanese}'::text[]))
                                                         Rows Removed by Filter: 1217174
                                                         Heap Blocks: exact=8393
                                                         Buffers: shared hit=3568 read=5844
                                                         ->  Bitmap Index Scan on info_type_id_movie_info  (cost=0.00..13055.37 rows=1221191 width=0) (actual time=34.861..34.862 rows=1298989 loops=1)
                                                               Index Cond: (info_type_id = 4)
                                                               Buffers: shared read=1019
                                                   ->  Memoize  (cost=0.44..7.16 rows=1 width=8) (actual time=0.035..0.035 rows=0 loops=81815)
                                                         Cache Key: mi2.movie_id
                                                         Cache Mode: logical
                                                         Hits: 663  Misses: 81152  Evictions: 0  Overflows: 0  Memory Usage: 6222kB
                                                         Buffers: shared hit=319573 read=5035
                                                         ->  Index Scan using title_pkey on title t  (cost=0.43..7.15 rows=1 width=8) (actual time=0.034..0.034 rows=0 loops=81152)
                                                               Index Cond: (id = mi2.movie_id)
                                                               Filter: ((production_year <= 1990) AND (1950 < production_year))
                                                               Rows Removed by Filter: 1
                                                               Buffers: shared hit=319573 read=5035
                                             ->  Hash  (cost=1.10..1.10 rows=3 width=4) (actual time=0.017..0.018 rows=3 loops=1)
                                                   Buckets: 1024  Batches: 1  Memory Usage: 9kB
                                                   Buffers: shared hit=1
                                                   ->  Seq Scan on kind_type kt  (cost=0.00..1.10 rows=3 width=4) (actual time=0.008..0.010 rows=3 loops=1)
                                                         Filter: ((kind)::text = ANY ('{"tv series","video game","video movie"}'::text[]))
                                                         Rows Removed by Filter: 4
                                                         Buffers: shared hit=1
                                       ->  Index Scan using movie_id_movie_info on movie_info mi1  (cost=0.43..42.68 rows=1 width=8) (actual time=0.087..0.088 rows=0 loops=2594)
                                             Index Cond: (movie_id = t.id)
                                             Filter: (((info)::text = ANY ('{Adventure,Comedy}'::text[])) AND (info_type_id = 3))
                                             Rows Removed by Filter: 8
                                             Buffers: shared hit=15808 read=6960
                                 ->  Index Scan using movie_id_cast_info on cast_info ci  (cost=0.44..43.99 rows=38 width=12) (actual time=0.040..0.181 rows=15 loops=614)
                                       Index Cond: (movie_id = t.id)
                                       Buffers: shared hit=5713 read=4808
                           ->  Hash  (cost=1.15..1.15 rows=1 width=4) (actual time=0.026..0.026 rows=1 loops=1)
                                 Buckets: 1024  Batches: 1  Memory Usage: 9kB
                                 Buffers: shared hit=1
                                 ->  Seq Scan on role_type rt  (cost=0.00..1.15 rows=1 width=4) (actual time=0.020..0.021 rows=1 loops=1)
                                       Filter: ((role)::text = 'actress'::text)
                                       Rows Removed by Filter: 11
                                       Buffers: shared hit=1
                     ->  Index Scan using name_pkey on name n  (cost=0.43..2.32 rows=1 width=4) (actual time=0.033..0.033 rows=1 loops=2231)
                           Index Cond: (id = ci.person_id)
                           Filter: ((gender)::text = 'f'::text)
                           Rows Removed by Filter: 0
                           Buffers: shared hit=6926 read=1998
               ->  Seq Scan on info_type it1  (cost=0.00..2.41 rows=1 width=4) (actual time=0.009..0.017 rows=1 loops=2230)
                     Filter: (id = 3)
                     Rows Removed by Filter: 112
                     Buffers: shared hit=2230
         ->  Seq Scan on info_type it2  (cost=0.00..2.41 rows=1 width=4) (actual time=0.009..0.017 rows=1 loops=2230)
               Filter: (id = 4)
               Rows Removed by Filter: 112
               Buffers: shared hit=2230
 Planning:
   Buffers: shared hit=503 read=71
 Planning Time: 13.263 ms
 Execution Time: 3857.883 ms
(78 rows)

