                                                                                            QUERY PLAN                                                                                            
--------------------------------------------------------------------------------------------------------------------------------------------------------------------------------------------------
 Aggregate  (cost=534977.68..534977.69 rows=1 width=8) (actual time=13109.621..13109.631 rows=1 loops=1)
   Buffers: shared hit=868107 read=373808, temp read=1989 written=1989
   ->  Nested Loop  (cost=96913.44..534977.64 rows=15 width=0) (actual time=666.965..13109.444 rows=149 loops=1)
         Buffers: shared hit=868107 read=373808, temp read=1989 written=1989
         ->  Seq Scan on info_type it2  (cost=0.00..2.41 rows=1 width=4) (actual time=0.043..0.056 rows=1 loops=1)
               Filter: (id = 4)
               Rows Removed by Filter: 112
               Buffers: shared hit=1
         ->  Nested Loop  (cost=96913.44..534975.08 rows=15 width=4) (actual time=666.921..13109.307 rows=149 loops=1)
               Buffers: shared hit=868106 read=373808, temp read=1989 written=1989
               ->  Seq Scan on info_type it1  (cost=0.00..2.41 rows=1 width=4) (actual time=0.008..0.026 rows=1 loops=1)
                     Filter: (id = 3)
                     Rows Removed by Filter: 112
                     Buffers: shared hit=1
               ->  Nested Loop  (cost=96913.44..534972.52 rows=15 width=8) (actual time=666.910..13109.174 rows=149 loops=1)
                     Buffers: shared hit=868105 read=373808, temp read=1989 written=1989
                     ->  Hash Join  (cost=96913.01..534824.07 rows=64 width=12) (actual time=662.514..12668.663 rows=12242 loops=1)
                           Hash Cond: (ci.role_id = rt.id)
                           Buffers: shared hit=825607 read=367338, temp read=1989 written=1989
                           ->  Nested Loop  (cost=96911.84..534820.16 rows=774 width=16) (actual time=662.190..12589.440 rows=525777 loops=1)
                                 Buffers: shared hit=825606 read=367338, temp read=1989 written=1989
                                 ->  Nested Loop  (cost=96911.40..532423.96 rows=54 width=20) (actual time=662.163..6803.865 rows=15516 loops=1)
                                       Buffers: shared hit=460948 read=167306, temp read=1989 written=1989
                                       ->  Hash Join  (cost=96910.97..441232.46 rows=2136 width=12) (actual time=662.103..1198.800 rows=50885 loops=1)
                                             Hash Cond: (mi1.movie_id = t.id)
                                             Buffers: shared hit=23836 read=23531, temp read=1989 written=1989
                                             ->  Bitmap Heap Scan on movie_info mi1  (cost=16454.24..359571.82 rows=23080 width=8) (actual time=38.591..385.562 rows=242307 loops=1)
                                                   Recheck Cond: (info_type_id = 3)
                                                   Filter: ((info)::text = 'Drama'::text)
                                                   Rows Removed by Filter: 1291602
                                                   Heap Blocks: exact=9772
                                                   Buffers: shared hit=2189 read=8786
                                                   ->  Bitmap Index Scan on info_type_id_movie_info  (cost=0.00..16448.47 rows=1538671 width=0) (actual time=37.375..37.375 rows=1533909 loops=1)
                                                         Index Cond: (info_type_id = 3)
                                                         Buffers: shared read=1203
                                             ->  Hash  (cost=76617.93..76617.93 rows=233984 width=4) (actual time=622.122..622.125 rows=504538 loops=1)
                                                   Buckets: 262144 (originally 262144)  Batches: 4 (originally 2)  Memory Usage: 6483kB
                                                   Buffers: shared hit=21647 read=14745, temp written=1107
                                                   ->  Hash Join  (cost=1.13..76617.93 rows=233984 width=4) (actual time=0.058..529.675 rows=504538 loops=1)
                                                         Hash Cond: (t.kind_id = kt.id)
                                                         Buffers: shared hit=21647 read=14745
                                                         ->  Seq Scan on title t  (cost=0.00..74315.95 rows=545963 width=8) (actual time=0.032..460.561 rows=538239 loops=1)
                                                               Filter: ((production_year <= 1990) AND (1950 < production_year))
                                                               Rows Removed by Filter: 1990073
                                                               Buffers: shared hit=21646 read=14745
                                                         ->  Hash  (cost=1.10..1.10 rows=3 width=4) (actual time=0.015..0.017 rows=3 loops=1)
                                                               Buckets: 1024  Batches: 1  Memory Usage: 9kB
                                                               Buffers: shared hit=1
                                                               ->  Seq Scan on kind_type kt  (cost=0.00..1.10 rows=3 width=4) (actual time=0.009..0.011 rows=3 loops=1)
                                                                     Filter: ((kind)::text = ANY ('{episode,movie,"tv movie"}'::text[]))
                                                                     Rows Removed by Filter: 4
                                                                     Buffers: shared hit=1
                                       ->  Index Scan using movie_id_movie_info on movie_info mi2  (cost=0.43..42.68 rows=1 width=8) (actual time=0.077..0.110 rows=0 loops=50885)
                                             Index Cond: (movie_id = t.id)
                                             Filter: (((info)::text = ANY ('{Dutch,English}'::text[])) AND (info_type_id = 4))
                                             Rows Removed by Filter: 16
                                             Buffers: shared hit=437112 read=143775
                                 ->  Index Scan using movie_id_cast_info on cast_info ci  (cost=0.44..43.99 rows=38 width=12) (actual time=0.037..0.364 rows=34 loops=15516)
                                       Index Cond: (movie_id = t.id)
                                       Buffers: shared hit=364658 read=200032
                           ->  Hash  (cost=1.15..1.15 rows=1 width=4) (actual time=0.016..0.017 rows=1 loops=1)
                                 Buckets: 1024  Batches: 1  Memory Usage: 9kB
                                 Buffers: shared hit=1
                                 ->  Seq Scan on role_type rt  (cost=0.00..1.15 rows=1 width=4) (actual time=0.009..0.010 rows=1 loops=1)
                                       Filter: ((role)::text = 'composer'::text)
                                       Rows Removed by Filter: 11
                                       Buffers: shared hit=1
                     ->  Index Scan using name_pkey on name n  (cost=0.43..2.32 rows=1 width=4) (actual time=0.035..0.035 rows=0 loops=12242)
                           Index Cond: (id = ci.person_id)
                           Filter: ((gender)::text = 'f'::text)
                           Rows Removed by Filter: 1
                           Buffers: shared hit=42498 read=6470
 Planning:
   Buffers: shared hit=485 read=89
 Planning Time: 9.875 ms
 Execution Time: 13110.158 ms
(76 rows)

