                                                                                               QUERY PLAN                                                                                               
--------------------------------------------------------------------------------------------------------------------------------------------------------------------------------------------------------
 Aggregate  (cost=994187.92..994187.93 rows=1 width=8) (actual time=142398.183..142398.195 rows=1 loops=1)
   Buffers: shared hit=11695640 read=1943391, temp read=14898 written=14898
   ->  Nested Loop  (cost=514995.31..994186.04 rows=752 width=0) (actual time=1657.993..142339.774 rows=297954 loops=1)
         Buffers: shared hit=11695640 read=1943391, temp read=14898 written=14898
         ->  Seq Scan on info_type it2  (cost=0.00..2.41 rows=1 width=4) (actual time=0.033..0.045 rows=1 loops=1)
               Filter: (id = 4)
               Rows Removed by Filter: 112
               Buffers: shared hit=1
         ->  Nested Loop  (cost=514995.31..994176.10 rows=752 width=4) (actual time=1657.958..142278.383 rows=297954 loops=1)
               Buffers: shared hit=11695639 read=1943391, temp read=14898 written=14898
               ->  Seq Scan on info_type it1  (cost=0.00..2.41 rows=1 width=4) (actual time=0.008..0.025 rows=1 loops=1)
                     Filter: (id = 3)
                     Rows Removed by Filter: 112
                     Buffers: shared hit=1
               ->  Nested Loop  (cost=514995.31..994166.17 rows=752 width=8) (actual time=1657.947..142210.419 rows=297954 loops=1)
                     Buffers: shared hit=11695638 read=1943391, temp read=14898 written=14898
                     ->  Hash Join  (cost=514994.88..991489.45 rows=1154 width=12) (actual time=1657.887..97991.296 rows=1134888 loops=1)
                           Hash Cond: (ci.role_id = rt.id)
                           Buffers: shared hit=7442389 read=1657088, temp read=14898 written=14898
                           ->  Nested Loop  (cost=514993.71..991439.10 rows=13847 width=16) (actual time=1657.610..96318.304 rows=7998036 loops=1)
                                 Buffers: shared hit=7442388 read=1657088, temp read=14898 written=14898
                                 ->  Hash Join  (cost=514993.27..949190.56 rows=966 width=20) (actual time=1657.573..3531.016 rows=434758 loops=1)
                                       Hash Cond: (mi1.movie_id = t.id)
                                       Buffers: shared hit=3820 read=52959, temp read=14898 written=14898
                                       ->  Bitmap Heap Scan on movie_info mi1  (cost=16475.98..450250.86 rows=110066 width=8) (actual time=42.361..900.771 rows=1060184 loops=1)
                                             Recheck Cond: (info_type_id = 3)
                                             Filter: ((info)::text = ANY ('{Biography,Comedy,Documentary,Drama,Music,Mystery,Short,Thriller}'::text[]))
                                             Rows Removed by Filter: 473725
                                             Heap Blocks: exact=9772
                                             Buffers: shared hit=93 read=10882
                                             ->  Bitmap Index Scan on info_type_id_movie_info  (cost=0.00..16448.47 rows=1538671 width=0) (actual time=41.168..41.168 rows=1533909 loops=1)
                                                   Index Cond: (info_type_id = 3)
                                                   Buffers: shared read=1203
                                       ->  Hash  (cost=498239.96..498239.96 rows=22186 width=12) (actual time=1614.707..1614.714 rows=535674 loops=1)
                                             Buckets: 262144 (originally 32768)  Batches: 4 (originally 1)  Memory Usage: 7801kB
                                             Buffers: shared hit=3727 read=42077, temp read=9252 written=10819
                                             ->  Hash Join  (cost=106989.77..498239.96 rows=22186 width=12) (actual time=861.818..1529.736 rows=535674 loops=1)
                                                   Hash Cond: (mi2.movie_id = t.id)
                                                   Buffers: shared hit=3727 read=42077, temp read=9252 written=9252
                                                   ->  Bitmap Heap Scan on movie_info mi2  (cost=13074.14..400314.84 rows=75103 width=8) (actual time=32.235..298.930 rows=944356 loops=1)
                                                         Recheck Cond: (info_type_id = 4)
                                                         Filter: ((info)::text = ANY ('{English,Greek,Japanese,Portuguese,Spanish}'::text[]))
                                                         Rows Removed by Filter: 354633
                                                         Heap Blocks: exact=8393
                                                         Buffers: shared hit=3726 read=5686
                                                         ->  Bitmap Index Scan on info_type_id_movie_info  (cost=0.00..13055.37 rows=1221191 width=0) (actual time=31.202..31.202 rows=1298989 loops=1)
                                                               Index Cond: (info_type_id = 4)
                                                               Buffers: shared hit=1 read=1018
                                                   ->  Hash  (cost=81661.50..81661.50 rows=746890 width=4) (actual time=828.484..828.488 rows=1610551 loops=1)
                                                         Buckets: 262144 (originally 262144)  Batches: 16 (originally 8)  Memory Usage: 6145kB
                                                         Buffers: shared hit=1 read=36391, temp written=4414
                                                         ->  Hash Join  (cost=1.13..81661.50 rows=746890 width=4) (actual time=0.042..615.251 rows=1610551 loops=1)
                                                               Hash Cond: (t.kind_id = kt.id)
                                                               Buffers: shared hit=1 read=36391
                                                               ->  Seq Scan on title t  (cost=0.00..74315.95 rows=1742744 width=8) (actual time=0.025..422.936 rows=1748995 loops=1)
                                                                     Filter: ((production_year <= 2015) AND (1990 < production_year))
                                                                     Rows Removed by Filter: 779317
                                                                     Buffers: shared read=36391
                                                               ->  Hash  (cost=1.10..1.10 rows=3 width=4) (actual time=0.013..0.015 rows=3 loops=1)
                                                                     Buckets: 1024  Batches: 1  Memory Usage: 9kB
                                                                     Buffers: shared hit=1
                                                                     ->  Seq Scan on kind_type kt  (cost=0.00..1.10 rows=3 width=4) (actual time=0.006..0.008 rows=3 loops=1)
                                                                           Filter: ((kind)::text = ANY ('{episode,movie,"video movie"}'::text[]))
                                                                           Rows Removed by Filter: 4
                                                                           Buffers: shared hit=1
                                 ->  Index Scan using movie_id_cast_info on cast_info ci  (cost=0.44..43.36 rows=38 width=12) (actual time=0.038..0.208 rows=18 loops=434758)
                                       Index Cond: (movie_id = t.id)
                                       Buffers: shared hit=7438568 read=1604129
                           ->  Hash  (cost=1.15..1.15 rows=1 width=4) (actual time=0.019..0.019 rows=1 loops=1)
                                 Buckets: 1024  Batches: 1  Memory Usage: 9kB
                                 Buffers: shared hit=1
                                 ->  Seq Scan on role_type rt  (cost=0.00..1.15 rows=1 width=4) (actual time=0.010..0.011 rows=1 loops=1)
                                       Filter: ((role)::text = 'miscellaneous crew'::text)
                                       Rows Removed by Filter: 11
                                       Buffers: shared hit=1
                     ->  Index Scan using name_pkey on name n  (cost=0.43..2.32 rows=1 width=4) (actual time=0.038..0.038 rows=0 loops=1134888)
                           Index Cond: (id = ci.person_id)
                           Filter: ((gender)::text = ANY ('{f,m}'::text[]))
                           Rows Removed by Filter: 1
                           Buffers: shared hit=4253249 read=286303
 Planning:
   Buffers: shared hit=483 read=91
 Planning Time: 14.809 ms
 Execution Time: 142399.026 ms
(84 rows)

