                                                                                            QUERY PLAN                                                                                            
--------------------------------------------------------------------------------------------------------------------------------------------------------------------------------------------------
 Aggregate  (cost=770917.24..770917.25 rows=1 width=8) (actual time=6015.725..6015.738 rows=1 loops=1)
   Buffers: shared hit=428487 read=59666, temp read=5963 written=5963
   ->  Nested Loop  (cost=542744.68..770917.04 rows=79 width=0) (actual time=1257.765..6015.066 rows=2503 loops=1)
         Buffers: shared hit=428487 read=59666, temp read=5963 written=5963
         ->  Seq Scan on info_type it2  (cost=0.00..2.41 rows=1 width=4) (actual time=0.047..0.059 rows=1 loops=1)
               Filter: (id = 4)
               Rows Removed by Filter: 112
               Buffers: shared hit=1
         ->  Nested Loop  (cost=542744.68..770913.84 rows=79 width=4) (actual time=1257.716..6014.417 rows=2503 loops=1)
               Buffers: shared hit=428486 read=59666, temp read=5963 written=5963
               ->  Seq Scan on info_type it1  (cost=0.00..2.41 rows=1 width=4) (actual time=0.009..0.025 rows=1 loops=1)
                     Filter: (id = 3)
                     Rows Removed by Filter: 112
                     Buffers: shared hit=1
               ->  Nested Loop  (cost=542744.68..770910.63 rows=79 width=8) (actual time=1257.706..6013.810 rows=2503 loops=1)
                     Join Filter: (t.id = mi1.movie_id)
                     Buffers: shared hit=428485 read=59666, temp read=5963 written=5963
                     ->  Nested Loop  (cost=542744.24..695807.91 rows=1772 width=16) (actual time=1257.570..5647.660 rows=2439 loops=1)
                           Buffers: shared hit=405317 read=50902, temp read=5963 written=5963
                           ->  Hash Join  (cost=542743.81..678109.97 rows=7630 width=20) (actual time=1255.758..2274.913 rows=100836 loops=1)
                                 Hash Cond: (ci.movie_id = t.id)
                                 Buffers: shared hit=5927 read=46948, temp read=5963 written=5963
                                 ->  Nested Loop  (cost=0.44..123965.00 rows=3020080 width=8) (actual time=0.106..498.084 rows=1093558 loops=1)
                                       Buffers: shared hit=1 read=7070
                                       ->  Seq Scan on role_type rt  (cost=0.00..1.15 rows=1 width=4) (actual time=0.010..0.013 rows=1 loops=1)
                                             Filter: ((role)::text = 'editor'::text)
                                             Rows Removed by Filter: 11
                                             Buffers: shared hit=1
                                       ->  Index Scan using role_id_cast_info on cast_info ci  (cost=0.44..91017.52 rows=3294633 width=12) (actual time=0.094..311.691 rows=1093558 loops=1)
                                             Index Cond: (role_id = rt.id)
                                             Buffers: shared read=7070
                                 ->  Hash  (cost=542663.52..542663.52 rows=6388 width=12) (actual time=1255.404..1255.410 rows=208318 loops=1)
                                       Buckets: 262144 (originally 8192)  Batches: 2 (originally 1)  Memory Usage: 6536kB
                                       Buffers: shared hit=5926 read=39878, temp read=3690 written=4095
                                       ->  Hash Join  (cost=93529.36..542663.52 rows=6388 width=12) (actual time=568.706..1219.931 rows=208318 loops=1)
                                             Hash Cond: (mi2.movie_id = t.id)
                                             Buffers: shared hit=5926 read=39878, temp read=3690 written=3690
                                             ->  Bitmap Heap Scan on movie_info mi2  (cost=13072.63..460430.05 rows=69031 width=8) (actual time=35.159..379.488 rows=906340 loops=1)
                                                   Recheck Cond: (info_type_id = 4)
                                                   Filter: ((info)::text = ANY ('{Cantonese,Dutch,English,Finnish,German,Greek,Hindi,Polish,Serbo-Croatian}'::text[]))
                                                   Rows Removed by Filter: 392649
                                                   Heap Blocks: exact=8393
                                                   Buffers: shared hit=5925 read=3487
                                                   ->  Bitmap Index Scan on info_type_id_movie_info  (cost=0.00..13055.37 rows=1221191 width=0) (actual time=34.122..34.122 rows=1298989 loops=1)
                                                         Index Cond: (info_type_id = 4)
                                                         Buffers: shared read=1019
                                             ->  Hash  (cost=76617.93..76617.93 rows=233984 width=4) (actual time=532.523..532.527 rows=504538 loops=1)
                                                   Buckets: 262144 (originally 262144)  Batches: 4 (originally 2)  Memory Usage: 6483kB
                                                   Buffers: shared hit=1 read=36391, temp written=1107
                                                   ->  Hash Join  (cost=1.13..76617.93 rows=233984 width=4) (actual time=0.048..446.051 rows=504538 loops=1)
                                                         Hash Cond: (t.kind_id = kt.id)
                                                         Buffers: shared hit=1 read=36391
                                                         ->  Seq Scan on title t  (cost=0.00..74315.95 rows=545963 width=8) (actual time=0.025..384.569 rows=538239 loops=1)
                                                               Filter: ((production_year <= 1990) AND (1950 < production_year))
                                                               Rows Removed by Filter: 1990073
                                                               Buffers: shared read=36391
                                                         ->  Hash  (cost=1.10..1.10 rows=3 width=4) (actual time=0.018..0.019 rows=3 loops=1)
                                                               Buckets: 1024  Batches: 1  Memory Usage: 9kB
                                                               Buffers: shared hit=1
                                                               ->  Seq Scan on kind_type kt  (cost=0.00..1.10 rows=3 width=4) (actual time=0.007..0.009 rows=3 loops=1)
                                                                     Filter: ((kind)::text = ANY ('{episode,movie,"tv movie"}'::text[]))
                                                                     Rows Removed by Filter: 4
                                                                     Buffers: shared hit=1
                           ->  Index Scan using name_pkey on name n  (cost=0.43..2.32 rows=1 width=4) (actual time=0.033..0.033 rows=0 loops=100836)
                                 Index Cond: (id = ci.person_id)
                                 Filter: ((gender)::text = 'f'::text)
                                 Rows Removed by Filter: 1
                                 Buffers: shared hit=399390 read=3954
                     ->  Index Scan using movie_id_movie_info on movie_info mi1  (cost=0.43..42.37 rows=1 width=8) (actual time=0.148..0.149 rows=1 loops=2439)
                           Index Cond: (movie_id = ci.movie_id)
                           Filter: ((info_type_id = 3) AND ((info)::text = ANY ('{Action,Comedy,Documentary,Drama,Game-Show,Music,Romance,Short}'::text[])))
                           Rows Removed by Filter: 27
                           Buffers: shared hit=23168 read=8764
 Planning:
   Buffers: shared hit=483 read=91
 Planning Time: 13.251 ms
 Execution Time: 6016.415 ms
(77 rows)

