                                                                                               QUERY PLAN                                                                                               
--------------------------------------------------------------------------------------------------------------------------------------------------------------------------------------------------------
 Aggregate  (cost=430208.34..430208.35 rows=1 width=8) (actual time=3486.975..3486.984 rows=1 loops=1)
   Buffers: shared hit=323531 read=30072
   ->  Nested Loop  (cost=13060.29..430208.31 rows=12 width=0) (actual time=430.249..3486.698 rows=809 loops=1)
         Buffers: shared hit=323531 read=30072
         ->  Hash Join  (cost=13059.86..430164.24 rows=19 width=4) (actual time=430.189..3371.422 rows=3191 loops=1)
               Hash Cond: (ci.role_id = rt.id)
               Buffers: shared hit=313006 read=27833
               ->  Nested Loop  (cost=13058.68..430162.65 rows=115 width=8) (actual time=426.565..3366.523 rows=24409 loops=1)
                     Buffers: shared hit=313005 read=27833
                     ->  Nested Loop  (cost=13058.24..429813.07 rows=8 width=12) (actual time=426.519..3041.002 rows=1486 loops=1)
                           Buffers: shared hit=294096 read=18232
                           ->  Seq Scan on info_type it2  (cost=0.00..2.41 rows=1 width=4) (actual time=0.020..0.028 rows=1 loops=1)
                                 Filter: (id = 4)
                                 Rows Removed by Filter: 112
                                 Buffers: shared hit=1
                           ->  Nested Loop  (cost=13058.24..429810.58 rows=8 width=16) (actual time=426.498..3040.559 rows=1486 loops=1)
                                 Buffers: shared hit=294095 read=18232
                                 ->  Seq Scan on info_type it1  (cost=0.00..2.41 rows=1 width=4) (actual time=0.006..0.018 rows=1 loops=1)
                                       Filter: (id = 3)
                                       Rows Removed by Filter: 112
                                       Buffers: shared hit=1
                                 ->  Nested Loop  (cost=13058.24..429808.09 rows=8 width=20) (actual time=426.489..3040.147 rows=1486 loops=1)
                                       Buffers: shared hit=294094 read=18232
                                       ->  Hash Join  (cost=13057.81..412555.85 rows=407 width=12) (actual time=426.390..2722.552 rows=3871 loops=1)
                                             Hash Cond: (t.kind_id = kt.id)
                                             Buffers: shared hit=265033 read=13768
                                             ->  Nested Loop  (cost=13056.71..412542.75 rows=2847 width=16) (actual time=36.401..2712.103 rows=50653 loops=1)
                                                   Buffers: shared hit=265032 read=13768
                                                   ->  Bitmap Heap Scan on movie_info mi2  (cost=13056.27..385267.79 rows=3594 width=8) (actual time=36.350..453.233 rows=67725 loops=1)
                                                         Recheck Cond: (info_type_id = 4)
                                                         Filter: ((info)::text = ANY ('{Czech,Hindi,Hungarian,Japanese}'::text[]))
                                                         Rows Removed by Filter: 1231264
                                                         Heap Blocks: exact=8393
                                                         Buffers: shared hit=5913 read=3499
                                                         ->  Bitmap Index Scan on info_type_id_movie_info  (cost=0.00..13055.37 rows=1221191 width=0) (actual time=34.356..34.357 rows=1298989 loops=1)
                                                               Index Cond: (info_type_id = 4)
                                                               Buffers: shared hit=66 read=953
                                                   ->  Memoize  (cost=0.44..7.61 rows=1 width=8) (actual time=0.033..0.033 rows=1 loops=67725)
                                                         Cache Key: mi2.movie_id
                                                         Cache Mode: logical
                                                         Hits: 378  Misses: 67347  Evictions: 0  Overflows: 0  Memory Usage: 6439kB
                                                         Buffers: shared hit=259119 read=10269
                                                         ->  Index Scan using title_pkey on title t  (cost=0.43..7.60 rows=1 width=8) (actual time=0.032..0.032 rows=1 loops=67347)
                                                               Index Cond: (id = mi2.movie_id)
                                                               Filter: ((production_year <= 2015) AND (1975 < production_year))
                                                               Rows Removed by Filter: 0
                                                               Buffers: shared hit=259119 read=10269
                                             ->  Hash  (cost=1.09..1.09 rows=1 width=4) (actual time=0.011..0.011 rows=1 loops=1)
                                                   Buckets: 1024  Batches: 1  Memory Usage: 9kB
                                                   Buffers: shared hit=1
                                                   ->  Seq Scan on kind_type kt  (cost=0.00..1.09 rows=1 width=4) (actual time=0.007..0.008 rows=1 loops=1)
                                                         Filter: ((kind)::text = 'tv movie'::text)
                                                         Rows Removed by Filter: 6
                                                         Buffers: shared hit=1
                                       ->  Index Scan using movie_id_movie_info on movie_info mi1  (cost=0.43..42.38 rows=1 width=8) (actual time=0.081..0.081 rows=0 loops=3871)
                                             Index Cond: (movie_id = t.id)
                                             Filter: ((info_type_id = 3) AND ((info)::text = ANY ('{Comedy,Documentary,Family,Mystery,Thriller}'::text[])))
                                             Rows Removed by Filter: 6
                                             Buffers: shared hit=29061 read=4464
                     ->  Index Scan using movie_id_cast_info on cast_info ci  (cost=0.44..43.32 rows=38 width=12) (actual time=0.043..0.214 rows=16 loops=1486)
                           Index Cond: (movie_id = t.id)
                           Buffers: shared hit=18909 read=9601
               ->  Hash  (cost=1.15..1.15 rows=2 width=4) (actual time=0.030..0.031 rows=2 loops=1)
                     Buckets: 1024  Batches: 1  Memory Usage: 9kB
                     Buffers: shared hit=1
                     ->  Seq Scan on role_type rt  (cost=0.00..1.15 rows=2 width=4) (actual time=0.023..0.025 rows=2 loops=1)
                           Filter: ((role)::text = ANY ('{producer,writer}'::text[]))
                           Rows Removed by Filter: 10
                           Buffers: shared hit=1
         ->  Index Scan using name_pkey on name n  (cost=0.43..2.32 rows=1 width=4) (actual time=0.036..0.036 rows=0 loops=3191)
               Index Cond: (id = ci.person_id)
               Filter: ((gender)::text = ANY ('{f,m}'::text[]))
               Rows Removed by Filter: 1
               Buffers: shared hit=10525 read=2239
 Planning:
   Buffers: shared hit=529 read=45
 Planning Time: 13.476 ms
 Execution Time: 3488.639 ms
(78 rows)

