                                                                                               QUERY PLAN                                                                                               
--------------------------------------------------------------------------------------------------------------------------------------------------------------------------------------------------------
 Aggregate  (cost=394675.57..394675.58 rows=1 width=8) (actual time=3173.369..3173.377 rows=1 loops=1)
   Buffers: shared hit=253516 read=68253
   ->  Nested Loop  (cost=16453.25..394675.57 rows=2 width=0) (actual time=462.631..3173.353 rows=14 loops=1)
         Buffers: shared hit=253516 read=68253
         ->  Seq Scan on info_type it2  (cost=0.00..2.41 rows=1 width=4) (actual time=0.027..0.036 rows=1 loops=1)
               Filter: (id = 4)
               Rows Removed by Filter: 112
               Buffers: shared hit=1
         ->  Nested Loop  (cost=16453.25..394673.14 rows=2 width=4) (actual time=462.602..3173.307 rows=14 loops=1)
               Buffers: shared hit=253515 read=68253
               ->  Seq Scan on info_type it1  (cost=0.00..2.41 rows=1 width=4) (actual time=0.006..0.017 rows=1 loops=1)
                     Filter: (id = 3)
                     Rows Removed by Filter: 112
                     Buffers: shared hit=1
               ->  Nested Loop  (cost=16453.25..394670.70 rows=2 width=8) (actual time=462.593..3173.280 rows=14 loops=1)
                     Buffers: shared hit=253514 read=68253
                     ->  Hash Join  (cost=16452.82..394647.51 rows=10 width=12) (actual time=51.158..3072.282 rows=2982 loops=1)
                           Hash Cond: (ci.role_id = rt.id)
                           Buffers: shared hit=242357 read=67482
                           ->  Nested Loop  (cost=16451.66..394645.93 rows=115 width=16) (actual time=50.935..3057.392 rows=111758 loops=1)
                                 Buffers: shared hit=242356 read=67482
                                 ->  Nested Loop  (cost=16451.22..394290.94 rows=8 width=20) (actual time=50.867..1943.491 rows=3196 loops=1)
                                       Buffers: shared hit=153263 read=37195
                                       ->  Hash Join  (cost=16450.78..382550.46 rows=275 width=12) (actual time=50.754..1316.354 rows=4981 loops=1)
                                             Hash Cond: (t.kind_id = kt.id)
                                             Buffers: shared hit=100371 read=22513
                                             ->  Nested Loop  (cost=16449.65..382546.62 rows=642 width=16) (actual time=48.329..1314.060 rows=5641 loops=1)
                                                   Buffers: shared hit=100370 read=22513
                                                   ->  Bitmap Heap Scan on movie_info mi1  (cost=16449.21..359566.80 rows=2975 width=8) (actual time=48.122..422.180 rows=28278 loops=1)
                                                         Recheck Cond: (info_type_id = 3)
                                                         Filter: ((info)::text = ANY ('{History,Western}'::text[]))
                                                         Rows Removed by Filter: 1505631
                                                         Heap Blocks: exact=9772
                                                         Buffers: shared hit=5754 read=5221
                                                         ->  Bitmap Index Scan on info_type_id_movie_info  (cost=0.00..16448.47 rows=1538671 width=0) (actual time=45.730..45.730 rows=1533909 loops=1)
                                                               Index Cond: (info_type_id = 3)
                                                               Buffers: shared read=1203
                                                   ->  Memoize  (cost=0.44..7.74 rows=1 width=8) (actual time=0.031..0.031 rows=0 loops=28278)
                                                         Cache Key: mi1.movie_id
                                                         Cache Mode: logical
                                                         Hits: 301  Misses: 27977  Evictions: 0  Overflows: 0  Memory Usage: 2076kB
                                                         Buffers: shared hit=94616 read=17292
                                                         ->  Index Scan using title_pkey on title t  (cost=0.43..7.73 rows=1 width=8) (actual time=0.031..0.031 rows=0 loops=27977)
                                                               Index Cond: (id = mi1.movie_id)
                                                               Filter: ((production_year <= 1990) AND (1950 < production_year))
                                                               Rows Removed by Filter: 1
                                                               Buffers: shared hit=94616 read=17292
                                             ->  Hash  (cost=1.10..1.10 rows=3 width=4) (actual time=0.013..0.014 rows=3 loops=1)
                                                   Buckets: 1024  Batches: 1  Memory Usage: 9kB
                                                   Buffers: shared hit=1
                                                   ->  Seq Scan on kind_type kt  (cost=0.00..1.10 rows=3 width=4) (actual time=0.007..0.008 rows=3 loops=1)
                                                         Filter: ((kind)::text = ANY ('{episode,movie,"tv movie"}'::text[]))
                                                         Rows Removed by Filter: 4
                                                         Buffers: shared hit=1
                                       ->  Index Scan using movie_id_movie_info on movie_info mi2  (cost=0.43..42.68 rows=1 width=8) (actual time=0.058..0.125 rows=1 loops=4981)
                                             Index Cond: (movie_id = t.id)
                                             Filter: (((info)::text = ANY ('{English,Spanish}'::text[])) AND (info_type_id = 4))
                                             Rows Removed by Filter: 26
                                             Buffers: shared hit=52892 read=14682
                                 ->  Index Scan using movie_id_cast_info on cast_info ci  (cost=0.44..43.99 rows=38 width=12) (actual time=0.033..0.341 rows=35 loops=3196)
                                       Index Cond: (movie_id = t.id)
                                       Buffers: shared hit=89093 read=30287
                           ->  Hash  (cost=1.15..1.15 rows=1 width=4) (actual time=0.013..0.014 rows=1 loops=1)
                                 Buckets: 1024  Batches: 1  Memory Usage: 9kB
                                 Buffers: shared hit=1
                                 ->  Seq Scan on role_type rt  (cost=0.00..1.15 rows=1 width=4) (actual time=0.008..0.009 rows=1 loops=1)
                                       Filter: ((role)::text = 'cinematographer'::text)
                                       Rows Removed by Filter: 11
                                       Buffers: shared hit=1
                     ->  Index Scan using name_pkey on name n  (cost=0.43..2.32 rows=1 width=4) (actual time=0.033..0.033 rows=0 loops=2982)
                           Index Cond: (id = ci.person_id)
                           Filter: ((gender)::text = 'f'::text)
                           Rows Removed by Filter: 1
                           Buffers: shared hit=11157 read=771
 Planning:
   Buffers: shared hit=482 read=92
 Planning Time: 11.903 ms
 Execution Time: 3174.245 ms
(78 rows)

