                                                                                               QUERY PLAN                                                                                               
--------------------------------------------------------------------------------------------------------------------------------------------------------------------------------------------------------
 Aggregate  (cost=549418.46..549418.47 rows=1 width=8) (actual time=25656.521..25656.532 rows=1 loops=1)
   Buffers: shared hit=2270053 read=317519
   ->  Nested Loop  (cost=13061.30..549418.35 rows=41 width=0) (actual time=58.775..25639.513 rows=91514 loops=1)
         Buffers: shared hit=2270053 read=317519
         ->  Seq Scan on info_type it2  (cost=0.00..2.41 rows=1 width=4) (actual time=0.051..0.063 rows=1 loops=1)
               Filter: (id = 4)
               Rows Removed by Filter: 112
               Buffers: shared hit=1
         ->  Nested Loop  (cost=13061.30..549415.53 rows=41 width=4) (actual time=58.723..25621.460 rows=91514 loops=1)
               Buffers: shared hit=2270052 read=317519
               ->  Seq Scan on info_type it1  (cost=0.00..2.41 rows=1 width=4) (actual time=0.013..0.027 rows=1 loops=1)
                     Filter: (id = 3)
                     Rows Removed by Filter: 112
                     Buffers: shared hit=1
               ->  Nested Loop  (cost=13061.30..549412.71 rows=41 width=8) (actual time=58.707..25601.917 rows=91514 loops=1)
                     Buffers: shared hit=2270051 read=317519
                     ->  Hash Join  (cost=13060.87..549002.15 rows=177 width=12) (actual time=58.645..19087.409 rows=175755 loops=1)
                           Hash Cond: (ci.role_id = rt.id)
                           Buffers: shared hit=1615115 read=269435
                           ->  Nested Loop  (cost=13059.69..548997.21 rows=1061 width=16) (actual time=33.645..18921.497 rows=627412 loops=1)
                                 Buffers: shared hit=1615114 read=269435
                                 ->  Nested Loop  (cost=13059.25..545760.78 rows=74 width=20) (actual time=33.616..11453.723 rows=38363 loops=1)
                                       Buffers: shared hit=1045448 read=115717
                                       ->  Hash Join  (cost=13058.82..451770.51 rows=2216 width=12) (actual time=33.543..5113.767 rows=71909 loops=1)
                                             Hash Cond: (t.kind_id = kt.id)
                                             Buffers: shared hit=441976 read=40685
                                             ->  Nested Loop  (cost=13057.68..451747.58 rows=5171 width=16) (actual time=33.413..5075.779 rows=82800 loops=1)
                                                   Buffers: shared hit=441975 read=40685
                                                   ->  Bitmap Heap Scan on movie_info mi2  (cost=13057.24..400297.94 rows=7502 width=8) (actual time=33.232..643.231 rows=118996 loops=1)
                                                         Recheck Cond: (info_type_id = 4)
                                                         Filter: ((info)::text = ANY ('{Arabic,Filipino,Hindi,Hungarian,Spanish}'::text[]))
                                                         Rows Removed by Filter: 1179993
                                                         Heap Blocks: exact=8393
                                                         Buffers: shared hit=2878 read=6534
                                                         ->  Bitmap Index Scan on info_type_id_movie_info  (cost=0.00..13055.37 rows=1221191 width=0) (actual time=31.120..31.120 rows=1298989 loops=1)
                                                               Index Cond: (info_type_id = 4)
                                                               Buffers: shared hit=1019
                                                   ->  Memoize  (cost=0.44..6.91 rows=1 width=8) (actual time=0.037..0.037 rows=1 loops=118996)
                                                         Cache Key: mi2.movie_id
                                                         Cache Mode: logical
                                                         Hits: 684  Misses: 118312  Evictions: 31291  Overflows: 0  Memory Usage: 8193kB
                                                         Buffers: shared hit=439097 read=34151
                                                         ->  Index Scan using title_pkey on title t  (cost=0.43..6.90 rows=1 width=8) (actual time=0.035..0.035 rows=1 loops=118312)
                                                               Index Cond: (id = mi2.movie_id)
                                                               Filter: ((production_year <= 2015) AND (1990 < production_year))
                                                               Rows Removed by Filter: 0
                                                               Buffers: shared hit=439097 read=34151
                                             ->  Hash  (cost=1.10..1.10 rows=3 width=4) (actual time=0.018..0.020 rows=3 loops=1)
                                                   Buckets: 1024  Batches: 1  Memory Usage: 9kB
                                                   Buffers: shared hit=1
                                                   ->  Seq Scan on kind_type kt  (cost=0.00..1.10 rows=3 width=4) (actual time=0.010..0.012 rows=3 loops=1)
                                                         Filter: ((kind)::text = ANY ('{episode,movie,"video movie"}'::text[]))
                                                         Rows Removed by Filter: 4
                                                         Buffers: shared hit=1
                                       ->  Index Scan using movie_id_movie_info on movie_info mi1  (cost=0.43..42.40 rows=1 width=8) (actual time=0.087..0.087 rows=1 loops=71909)
                                             Index Cond: (movie_id = t.id)
                                             Filter: ((info_type_id = 3) AND ((info)::text = ANY ('{Action,Adventure,Comedy,Documentary,Short}'::text[])))
                                             Rows Removed by Filter: 10
                                             Buffers: shared hit=603472 read=75032
                                 ->  Index Scan using movie_id_cast_info on cast_info ci  (cost=0.44..43.36 rows=38 width=12) (actual time=0.037..0.189 rows=16 loops=38363)
                                       Index Cond: (movie_id = t.id)
                                       Buffers: shared hit=569666 read=153718
                           ->  Hash  (cost=1.15..1.15 rows=2 width=4) (actual time=0.022..0.023 rows=2 loops=1)
                                 Buckets: 1024  Batches: 1  Memory Usage: 9kB
                                 Buffers: shared hit=1
                                 ->  Seq Scan on role_type rt  (cost=0.00..1.15 rows=2 width=4) (actual time=0.011..0.014 rows=2 loops=1)
                                       Filter: ((role)::text = ANY ('{actress,"miscellaneous crew"}'::text[]))
                                       Rows Removed by Filter: 10
                                       Buffers: shared hit=1
                     ->  Index Scan using name_pkey on name n  (cost=0.43..2.32 rows=1 width=4) (actual time=0.036..0.036 rows=1 loops=175755)
                           Index Cond: (id = ci.person_id)
                           Filter: ((gender)::text = 'f'::text)
                           Rows Removed by Filter: 0
                           Buffers: shared hit=654936 read=48084
 Planning:
   Buffers: shared hit=574
 Planning Time: 12.363 ms
 Execution Time: 25659.310 ms
(78 rows)

