                                                                                                  QUERY PLAN                                                                                                  
--------------------------------------------------------------------------------------------------------------------------------------------------------------------------------------------------------------
 Aggregate  (cost=916947.31..916947.32 rows=1 width=8) (actual time=35960.749..35960.759 rows=1 loops=1)
   Buffers: shared hit=3248514 read=343377, temp read=9585 written=9119
   ->  Nested Loop  (cost=832359.33..916945.85 rows=582 width=0) (actual time=1138.847..35950.600 rows=47188 loops=1)
         Buffers: shared hit=3248514 read=343377, temp read=9585 written=9119
         ->  Seq Scan on info_type it2  (cost=0.00..2.41 rows=1 width=4) (actual time=0.033..0.045 rows=1 loops=1)
               Filter: (id = 4)
               Rows Removed by Filter: 112
               Buffers: shared hit=1
         ->  Nested Loop  (cost=832359.33..916937.62 rows=582 width=4) (actual time=1138.812..35940.020 rows=47188 loops=1)
               Buffers: shared hit=3248513 read=343377, temp read=9585 written=9119
               ->  Seq Scan on info_type it1  (cost=0.00..2.41 rows=1 width=4) (actual time=0.006..0.020 rows=1 loops=1)
                     Filter: (id = 3)
                     Rows Removed by Filter: 112
                     Buffers: shared hit=1
               ->  Nested Loop  (cost=832359.33..916929.39 rows=582 width=8) (actual time=1138.805..35929.356 rows=47188 loops=1)
                     Buffers: shared hit=3248512 read=343377, temp read=9585 written=9119
                     ->  Hash Join  (cost=832358.90..913709.90 rows=1388 width=12) (actual time=1138.768..30784.090 rows=141052 loops=1)
                           Hash Cond: (ci.role_id = rt.id)
                           Buffers: shared hit=2719751 read=307930, temp read=9585 written=9119
                           ->  Nested Loop  (cost=832357.73..913679.14 rows=8328 width=16) (actual time=1138.578..30591.715 rows=846632 loops=1)
                                 Buffers: shared hit=2719750 read=307930, temp read=9585 written=9119
                                 ->  Nested Loop  (cost=832357.29..888312.87 rows=581 width=20) (actual time=1138.560..20602.126 rows=39813 loops=1)
                                       Buffers: shared hit=2033812 read=46555, temp read=9585 written=9119
                                       ->  Nested Loop  (cost=832357.15..888262.46 rows=2032 width=24) (actual time=1138.543..20286.102 rows=452346 loops=1)
                                             Join Filter: (t.id = mi1.movie_id)
                                             Buffers: shared hit=2033800 read=46555, temp read=9585 written=9119
                                             ->  Merge Join  (cost=832356.72..833259.82 rows=16032 width=16) (actual time=1138.482..1921.152 rows=514992 loops=1)
                                                   Merge Cond: (mi1.movie_id = mi2.movie_id)
                                                   Buffers: shared hit=2892 read=17495, temp read=9585 written=9119
                                                   ->  Sort  (cost=425812.86..425992.34 rows=71793 width=8) (actual time=603.677..745.384 rows=713767 loops=1)
                                                         Sort Key: mi1.movie_id
                                                         Sort Method: external sort  Disk: 15424kB
                                                         Buffers: shared hit=1227 read=9748, temp read=3849 written=3858
                                                         ->  Bitmap Heap Scan on movie_info mi1  (cost=16466.42..420022.20 rows=71793 width=8) (actual time=38.815..422.084 rows=713767 loops=1)
                                                               Recheck Cond: (info_type_id = 3)
                                                               Filter: ((info)::text = ANY ('{Adult,Drama,Mystery,Reality-TV,Sci-Fi,Short}'::text[]))
                                                               Rows Removed by Filter: 820142
                                                               Heap Blocks: exact=9772
                                                               Buffers: shared hit=1227 read=9748
                                                               ->  Bitmap Index Scan on info_type_id_movie_info  (cost=0.00..16448.47 rows=1538671 width=0) (actual time=37.605..37.606 rows=1533909 loops=1)
                                                                     Index Cond: (info_type_id = 3)
                                                                     Buffers: shared read=1203
                                                   ->  Sort  (cost=406543.86..406735.76 rows=76763 width=8) (actual time=534.794..737.476 rows=1067201 loops=1)
                                                         Sort Key: mi2.movie_id
                                                         Sort Method: external sort  Disk: 21032kB
                                                         Buffers: shared hit=1665 read=7747, temp read=5492 written=5261
                                                         ->  Bitmap Heap Scan on movie_info mi2  (cost=13074.56..400315.26 rows=76763 width=8) (actual time=31.125..295.385 rows=973003 loops=1)
                                                               Recheck Cond: (info_type_id = 4)
                                                               Filter: ((info)::text = ANY ('{English,French,Hebrew,Japanese,Spanish}'::text[]))
                                                               Rows Removed by Filter: 325986
                                                               Heap Blocks: exact=8393
                                                               Buffers: shared hit=1665 read=7747
                                                               ->  Bitmap Index Scan on info_type_id_movie_info  (cost=0.00..13055.37 rows=1221191 width=0) (actual time=30.080..30.080 rows=1298989 loops=1)
                                                                     Index Cond: (info_type_id = 4)
                                                                     Buffers: shared hit=1 read=1018
                                             ->  Index Scan using title_pkey on title t  (cost=0.43..3.42 rows=1 width=8) (actual time=0.035..0.035 rows=1 loops=514992)
                                                   Index Cond: (id = mi2.movie_id)
                                                   Filter: ((production_year <= 2015) AND (1925 < production_year))
                                                   Rows Removed by Filter: 0
                                                   Buffers: shared hit=2030908 read=29060
                                       ->  Memoize  (cost=0.14..0.16 rows=1 width=4) (actual time=0.000..0.000 rows=0 loops=452346)
                                             Cache Key: t.kind_id
                                             Cache Mode: logical
                                             Hits: 452340  Misses: 6  Evictions: 0  Overflows: 0  Memory Usage: 1kB
                                             Buffers: shared hit=12
                                             ->  Index Scan using kind_type_pkey on kind_type kt  (cost=0.13..0.15 rows=1 width=4) (actual time=0.012..0.012 rows=0 loops=6)
                                                   Index Cond: (id = t.kind_id)
                                                   Filter: ((kind)::text = ANY ('{"tv movie","tv series"}'::text[]))
                                                   Rows Removed by Filter: 1
                                                   Buffers: shared hit=12
                                 ->  Index Scan using movie_id_cast_info on cast_info ci  (cost=0.44..43.28 rows=38 width=12) (actual time=0.038..0.245 rows=21 loops=39813)
                                       Index Cond: (movie_id = t.id)
                                       Buffers: shared hit=685938 read=261375
                           ->  Hash  (cost=1.15..1.15 rows=2 width=4) (actual time=0.018..0.019 rows=2 loops=1)
                                 Buckets: 1024  Batches: 1  Memory Usage: 9kB
                                 Buffers: shared hit=1
                                 ->  Seq Scan on role_type rt  (cost=0.00..1.15 rows=2 width=4) (actual time=0.010..0.012 rows=2 loops=1)
                                       Filter: ((role)::text = ANY ('{producer,writer}'::text[]))
                                       Rows Removed by Filter: 10
                                       Buffers: shared hit=1
                     ->  Index Scan using name_pkey on name n  (cost=0.43..2.32 rows=1 width=4) (actual time=0.036..0.036 rows=0 loops=141052)
                           Index Cond: (id = ci.person_id)
                           Filter: ((gender)::text = 'm'::text)
                           Rows Removed by Filter: 1
                           Buffers: shared hit=528761 read=35447
 Planning:
   Buffers: shared hit=487 read=87
 Planning Time: 8.915 ms
 Execution Time: 35973.222 ms
(89 rows)

