                                                                                               QUERY PLAN                                                                                               
--------------------------------------------------------------------------------------------------------------------------------------------------------------------------------------------------------
 Aggregate  (cost=684888.51..684888.52 rows=1 width=8) (actual time=40314.914..40314.921 rows=1 loops=1)
   Buffers: shared hit=3662524 read=492619
   ->  Nested Loop  (cost=13062.10..684888.16 rows=141 width=0) (actual time=74.799..40300.038 rows=74621 loops=1)
         Buffers: shared hit=3662524 read=492619
         ->  Hash Join  (cost=13061.67..684384.82 rows=217 width=4) (actual time=74.602..30602.784 rows=264672 loops=1)
               Hash Cond: (ci.role_id = rt.id)
               Buffers: shared hit=2673286 read=423169
               ->  Nested Loop  (cost=13060.50..684379.01 rows=1304 width=8) (actual time=56.490..30309.626 rows=1295231 loops=1)
                     Buffers: shared hit=2673285 read=423169
                     ->  Nested Loop  (cost=13060.06..680405.98 rows=91 width=12) (actual time=56.437..16150.845 rows=50792 loops=1)
                           Buffers: shared hit=1538459 read=141098
                           ->  Seq Scan on info_type it2  (cost=0.00..2.41 rows=1 width=4) (actual time=0.052..0.060 rows=1 loops=1)
                                 Filter: (id = 4)
                                 Rows Removed by Filter: 112
                                 Buffers: shared hit=1
                           ->  Nested Loop  (cost=13060.06..680402.66 rows=91 width=16) (actual time=56.383..16138.036 rows=50792 loops=1)
                                 Buffers: shared hit=1538458 read=141098
                                 ->  Seq Scan on info_type it1  (cost=0.00..2.41 rows=1 width=4) (actual time=0.014..0.024 rows=1 loops=1)
                                       Filter: (id = 3)
                                       Rows Removed by Filter: 112
                                       Buffers: shared hit=1
                                 ->  Nested Loop  (cost=13060.06..680399.34 rows=91 width=20) (actual time=56.365..16124.133 rows=50792 loops=1)
                                       Buffers: shared hit=1538457 read=141098
                                       ->  Hash Join  (cost=13059.62..498781.33 rows=4282 width=12) (actual time=37.280..6465.158 rows=104281 loops=1)
                                             Hash Cond: (t.kind_id = kt.id)
                                             Buffers: shared hit=575374 read=43211
                                             ->  Nested Loop  (cost=13058.49..498738.10 rows=9990 width=16) (actual time=37.141..6405.266 rows=144341 loops=1)
                                                   Buffers: shared hit=575373 read=43211
                                                   ->  Bitmap Heap Scan on movie_info mi2  (cost=13058.05..430357.11 rows=10718 width=8) (actual time=37.034..723.748 rows=155126 loops=1)
                                                         Recheck Cond: (info_type_id = 4)
                                                         Filter: ((info)::text = ANY ('{Danish,Filipino,French,German,Hungarian,Indonesian,Korean}'::text[]))
                                                         Rows Removed by Filter: 1143863
                                                         Heap Blocks: exact=8393
                                                         Buffers: shared hit=903 read=8509
                                                         ->  Bitmap Index Scan on info_type_id_movie_info  (cost=0.00..13055.37 rows=1221191 width=0) (actual time=34.622..34.622 rows=1298989 loops=1)
                                                               Index Cond: (info_type_id = 4)
                                                               Buffers: shared read=1019
                                                   ->  Memoize  (cost=0.44..6.46 rows=1 width=8) (actual time=0.036..0.036 rows=1 loops=155126)
                                                         Cache Key: mi2.movie_id
                                                         Cache Mode: logical
                                                         Hits: 2833  Misses: 152293  Evictions: 72320  Overflows: 0  Memory Usage: 8193kB
                                                         Buffers: shared hit=574470 read=34702
                                                         ->  Index Scan using title_pkey on title t  (cost=0.43..6.45 rows=1 width=8) (actual time=0.035..0.035 rows=1 loops=152293)
                                                               Index Cond: (id = mi2.movie_id)
                                                               Filter: ((production_year <= 2015) AND (1925 < production_year))
                                                               Rows Removed by Filter: 0
                                                               Buffers: shared hit=574470 read=34702
                                             ->  Hash  (cost=1.10..1.10 rows=3 width=4) (actual time=0.019..0.020 rows=3 loops=1)
                                                   Buckets: 1024  Batches: 1  Memory Usage: 9kB
                                                   Buffers: shared hit=1
                                                   ->  Seq Scan on kind_type kt  (cost=0.00..1.10 rows=3 width=4) (actual time=0.009..0.012 rows=3 loops=1)
                                                         Filter: ((kind)::text = ANY ('{episode,movie,"video movie"}'::text[]))
                                                         Rows Removed by Filter: 4
                                                         Buffers: shared hit=1
                                       ->  Index Scan using movie_id_movie_info on movie_info mi1  (cost=0.43..42.40 rows=1 width=8) (actual time=0.092..0.092 rows=0 loops=104281)
                                             Index Cond: (movie_id = t.id)
                                             Filter: ((info_type_id = 3) AND ((info)::text = ANY ('{Action,Documentary,Drama,History,Musical,Romance}'::text[])))
                                             Rows Removed by Filter: 13
                                             Buffers: shared hit=963083 read=97887
                     ->  Index Scan using movie_id_cast_info on cast_info ci  (cost=0.44..43.28 rows=38 width=12) (actual time=0.036..0.271 rows=26 loops=50792)
                           Index Cond: (movie_id = t.id)
                           Buffers: shared hit=1134826 read=282071
               ->  Hash  (cost=1.15..1.15 rows=2 width=4) (actual time=0.055..0.056 rows=2 loops=1)
                     Buckets: 1024  Batches: 1  Memory Usage: 9kB
                     Buffers: shared hit=1
                     ->  Seq Scan on role_type rt  (cost=0.00..1.15 rows=2 width=4) (actual time=0.040..0.046 rows=2 loops=1)
                           Filter: ((role)::text = ANY ('{"miscellaneous crew",producer}'::text[]))
                           Rows Removed by Filter: 10
                           Buffers: shared hit=1
         ->  Index Scan using name_pkey on name n  (cost=0.43..2.32 rows=1 width=4) (actual time=0.036..0.036 rows=0 loops=264672)
               Index Cond: (id = ci.person_id)
               Filter: ((gender)::text = ANY ('{f,m}'::text[]))
               Rows Removed by Filter: 1
               Buffers: shared hit=989238 read=69450
 Planning:
   Buffers: shared hit=530 read=44
 Planning Time: 13.392 ms
 Execution Time: 40317.069 ms
(78 rows)

