                                                                                                                                                                                              QUERY PLAN                                                                                                                                                                                               
-------------------------------------------------------------------------------------------------------------------------------------------------------------------------------------------------------------------------------------------------------------------------------------------------------------------------------------------------------------------------------------------------------
 Aggregate  (cost=459901.22..459901.23 rows=1 width=8) (actual time=12692.901..12692.908 rows=1 loops=1)
   Buffers: shared hit=969900 read=156436
   ->  Nested Loop  (cost=4697.78..459901.21 rows=4 width=0) (actual time=40.714..12678.864 rows=81245 loops=1)
         Buffers: shared hit=969900 read=156436
         ->  Hash Join  (cost=4697.35..459887.29 rows=6 width=4) (actual time=40.677..8725.785 rows=97471 loops=1)
               Hash Cond: (ci.role_id = rt.id)
               Buffers: shared hit=602426 read=134026
               ->  Nested Loop  (cost=4696.09..459885.99 rows=14 width=8) (actual time=40.614..8646.317 rows=306321 loops=1)
                     Buffers: shared hit=602425 read=134026
                     ->  Nested Loop  (cost=4695.65..459841.43 rows=1 width=12) (actual time=40.580..5100.664 rows=8215 loops=1)
                           Buffers: shared hit=331989 read=80763
                           ->  Nested Loop  (cost=4695.65..459839.01 rows=1 width=16) (actual time=40.574..4909.242 rows=8215 loops=1)
                                 Buffers: shared hit=323774 read=80763
                                 ->  Nested Loop  (cost=4695.65..459836.59 rows=1 width=20) (actual time=40.555..4714.450 rows=8215 loops=1)
                                       Buffers: shared hit=315559 read=80763
                                       ->  Hash Join  (cost=4695.19..455198.56 rows=108 width=12) (actual time=40.309..2633.262 rows=10986 loops=1)
                                             Hash Cond: (t.kind_id = kt.id)
                                             Buffers: shared hit=188157 read=26688
                                             ->  Nested Loop  (cost=4694.01..455196.74 rows=152 width=16) (actual time=40.255..2626.037 rows=11053 loops=1)
                                                   Buffers: shared hit=188156 read=26688
                                                   ->  Bitmap Heap Scan on movie_info mi2  (cost=4693.58..448289.09 rows=839 width=8) (actual time=37.076..620.454 rows=48818 loops=1)
                                                         Recheck Cond: (info_type_id = 5)
                                                         Filter: ((info)::text = ANY ('{Australia:PG,Canada:R,Italy:VM14,"New Zealand:PG",Spain:T,UK:18,UK:U,USA:GP,USA:X}'::text[]))
                                                         Rows Removed by Filter: 437736
                                                         Heap Blocks: exact=19164
                                                         Buffers: shared hit=1570 read=18002
                                                         ->  Bitmap Index Scan on info_type_id_movie_info  (cost=0.00..4693.37 rows=439058 width=0) (actual time=34.552..34.552 rows=486554 loops=1)
                                                               Index Cond: (info_type_id = 5)
                                                               Buffers: shared read=408
                                                   ->  Index Scan using title_pkey on title t  (cost=0.43..8.23 rows=1 width=8) (actual time=0.041..0.041 rows=0 loops=48818)
                                                         Index Cond: (id = mi2.movie_id)
                                                         Filter: ((production_year <= 1975) AND (production_year >= 1875))
                                                         Rows Removed by Filter: 1
                                                         Buffers: shared hit=186586 read=8686
                                             ->  Hash  (cost=1.11..1.11 rows=5 width=4) (actual time=0.023..0.024 rows=5 loops=1)
                                                   Buckets: 1024  Batches: 1  Memory Usage: 9kB
                                                   Buffers: shared hit=1
                                                   ->  Seq Scan on kind_type kt  (cost=0.00..1.11 rows=5 width=4) (actual time=0.009..0.013 rows=5 loops=1)
                                                         Filter: ((kind)::text = ANY ('{episode,movie,"tv series","video game","video movie"}'::text[]))
                                                         Rows Removed by Filter: 2
                                                         Buffers: shared hit=1
                                       ->  Index Scan using movie_id_movie_info on movie_info mi1  (cost=0.46..42.93 rows=1 width=8) (actual time=0.110..0.189 rows=1 loops=10986)
                                             Index Cond: (movie_id = t.id)
                                             Filter: ((info_type_id = 7) AND ((info)::text = ANY ('{"CAM:Arriflex Cameras","CAM:Bausch & Lomb Lenses","LAB:Consolidated Film Industries (CFI), Hollywood (CA), USA",LAB:DeLuxe,"LAB:Laboratoires LTC, St. Cloud, France","LAB:Movielab, USA","LAB:Technicolor S.p.a., Roma, Italy",PCS:Franscope,PCS:Spherical,"PFM:70 mm","RAT:1.85 : 1"}'::text[])))
                                             Rows Removed by Filter: 48
                                             Buffers: shared hit=127402 read=54075
                                 ->  Seq Scan on info_type it1  (cost=0.00..2.41 rows=1 width=4) (actual time=0.012..0.021 rows=1 loops=8215)
                                       Filter: (id = 7)
                                       Rows Removed by Filter: 112
                                       Buffers: shared hit=8215
                           ->  Seq Scan on info_type it2  (cost=0.00..2.41 rows=1 width=4) (actual time=0.012..0.021 rows=1 loops=8215)
                                 Filter: (id = 5)
                                 Rows Removed by Filter: 112
                                 Buffers: shared hit=8215
                     ->  Index Scan using movie_id_cast_info on cast_info ci  (cost=0.44..44.17 rows=38 width=12) (actual time=0.041..0.421 rows=37 loops=8215)
                           Index Cond: (movie_id = t.id)
                           Buffers: shared hit=270436 read=53263
               ->  Hash  (cost=1.20..1.20 rows=5 width=4) (actual time=0.037..0.038 rows=5 loops=1)
                     Buckets: 1024  Batches: 1  Memory Usage: 9kB
                     Buffers: shared hit=1
                     ->  Seq Scan on role_type rt  (cost=0.00..1.20 rows=5 width=4) (actual time=0.024..0.030 rows=5 loops=1)
                           Filter: ((role)::text = ANY ('{actress,cinematographer,composer,director,writer}'::text[]))
                           Rows Removed by Filter: 7
                           Buffers: shared hit=1
         ->  Index Scan using name_pkey on name n  (cost=0.43..2.32 rows=1 width=4) (actual time=0.040..0.040 rows=1 loops=97471)
               Index Cond: (id = ci.person_id)
               Filter: ((gender)::text = ANY ('{f,m}'::text[]))
               Rows Removed by Filter: 0
               Buffers: shared hit=367474 read=22410
 Planning:
   Buffers: shared hit=521 read=56
 Planning Time: 14.725 ms
 Execution Time: 12693.596 ms
(73 rows)

