                                                                                                                                                                                                                                                                                                                                                                                                                                                                                                 QUERY PLAN                                                                                                                                                                                                                                                                                                                                                                                                                                                                                                  
-------------------------------------------------------------------------------------------------------------------------------------------------------------------------------------------------------------------------------------------------------------------------------------------------------------------------------------------------------------------------------------------------------------------------------------------------------------------------------------------------------------------------------------------------------------------------------------------------------------------------------------------------------------------------------------------------------------------------------------------------------------------------------------------------------------------------------------------------------------------------------------------------------------------------------------------------------------------------------------------------------------
 Aggregate  (cost=380625.87..380625.88 rows=1 width=8) (actual time=2971.486..2971.493 rows=1 loops=1)
   Buffers: shared hit=280143 read=27054
   ->  Nested Loop  (cost=7081.87..380625.86 rows=3 width=0) (actual time=97.835..2971.438 rows=110 loops=1)
         Buffers: shared hit=280143 read=27054
         ->  Hash Join  (cost=7081.44..380616.59 rows=4 width=4) (actual time=97.760..2962.270 rows=236 loops=1)
               Hash Cond: (ci.role_id = rt.id)
               Buffers: shared hit=279464 read=26789
               ->  Nested Loop  (cost=7080.24..380615.34 rows=14 width=8) (actual time=97.597..2961.793 rows=2005 loops=1)
                     Buffers: shared hit=279463 read=26789
                     ->  Nested Loop  (cost=7079.80..380570.78 rows=1 width=12) (actual time=97.539..2937.596 rows=101 loops=1)
                           Buffers: shared hit=278307 read=25661
                           ->  Nested Loop  (cost=7079.80..380568.36 rows=1 width=16) (actual time=97.529..2935.064 rows=101 loops=1)
                                 Buffers: shared hit=278206 read=25661
                                 ->  Nested Loop  (cost=7079.80..380565.94 rows=1 width=20) (actual time=97.502..2933.250 rows=101 loops=1)
                                       Buffers: shared hit=278105 read=25661
                                       ->  Hash Join  (cost=7079.36..379435.43 rows=26 width=12) (actual time=24.105..1629.523 rows=12705 loops=1)
                                             Hash Cond: (t.kind_id = kt.id)
                                             Buffers: shared hit=141894 read=19295
                                             ->  Nested Loop  (cost=7078.21..379434.08 rows=46 width=16) (actual time=24.066..1621.970 rows=18985 loops=1)
                                                   Buffers: shared hit=141893 read=19295
                                                   ->  Bitmap Heap Scan on movie_info mi1  (cost=7077.78..377307.60 rows=253 width=8) (actual time=22.507..291.231 rows=38424 loops=1)
                                                         Recheck Cond: (info_type_id = 18)
                                                         Filter: ((info)::text = ANY ('{"Barcelona, Cataluña, Spain","Berlin, Germany","Chicago, Illinois, USA","Cinecittà Studios, Cinecittà, Rome, Lazio, Italy","General Service Studios - 1040 N. Las Palmas, Hollywood, Los Angeles, California, USA","Hal Roach Studios - 8822 Washington Blvd., Culver City, California, USA","Madrid, Spain","Metro-Goldwyn-Mayer Studios - 10202 W. Washington Blvd., Culver City, California, USA","Niles, California, USA","Paramount Studios - 5555 Melrose Avenue, Hollywood, Los Angeles, California, USA","Paris, France","Samuel Goldwyn Studios - 7200 Santa Monica Boulevard, West Hollywood, California, USA","Stage 18, Paramount Studios - 5555 Melrose Avenue, Hollywood, Los Angeles, California, USA","Stage 9, 20th Century Fox Studios - 10201 Pico Blvd., Century City, Los Angeles, California, USA","Universal Studios - 100 Universal City Plaza, Universal City, California, USA"}'::text[]))
                                                         Rows Removed by Filter: 622499
                                                         Heap Blocks: exact=6972
                                                         Buffers: shared hit=2152 read=5340
                                                         ->  Bitmap Index Scan on info_type_id_movie_info  (cost=0.00..7077.68 rows=662032 width=0) (actual time=21.620..21.621 rows=660923 loops=1)
                                                               Index Cond: (info_type_id = 18)
                                                               Buffers: shared read=520
                                                   ->  Index Scan using title_pkey on title t  (cost=0.43..8.41 rows=1 width=8) (actual time=0.034..0.034 rows=0 loops=38424)
                                                         Index Cond: (id = mi1.movie_id)
                                                         Filter: ((production_year <= 1975) AND (production_year >= 1875))
                                                         Rows Removed by Filter: 1
                                                         Buffers: shared hit=139741 read=13955
                                             ->  Hash  (cost=1.10..1.10 rows=4 width=4) (actual time=0.019..0.019 rows=4 loops=1)
                                                   Buckets: 1024  Batches: 1  Memory Usage: 9kB
                                                   Buffers: shared hit=1
                                                   ->  Seq Scan on kind_type kt  (cost=0.00..1.10 rows=4 width=4) (actual time=0.008..0.010 rows=4 loops=1)
                                                         Filter: ((kind)::text = ANY ('{episode,"tv movie","tv series","video game"}'::text[]))
                                                         Rows Removed by Filter: 3
                                                         Buffers: shared hit=1
                                       ->  Index Scan using movie_id_movie_info on movie_info mi2  (cost=0.43..43.47 rows=1 width=8) (actual time=0.102..0.102 rows=0 loops=12705)
                                             Index Cond: (movie_id = t.id)
                                             Filter: ((info_type_id = 8) AND ((info)::text = ANY ('{Argentina,Australia,Canada,Czechoslovakia,Finland,France,Germany,India,Italy,Mexico,Philippines,Portugal,Spain,UK,"West Germany"}'::text[])))
                                             Rows Removed by Filter: 12
                                             Buffers: shared hit=136211 read=6366
                                 ->  Seq Scan on info_type it1  (cost=0.00..2.41 rows=1 width=4) (actual time=0.008..0.015 rows=1 loops=101)
                                       Filter: (id = 18)
                                       Rows Removed by Filter: 112
                                       Buffers: shared hit=101
                           ->  Seq Scan on info_type it2  (cost=0.00..2.41 rows=1 width=4) (actual time=0.015..0.023 rows=1 loops=101)
                                 Filter: (id = 8)
                                 Rows Removed by Filter: 112
                                 Buffers: shared hit=101
                     ->  Index Scan using movie_id_cast_info on cast_info ci  (cost=0.44..44.17 rows=38 width=12) (actual time=0.031..0.234 rows=20 loops=101)
                           Index Cond: (movie_id = t.id)
                           Buffers: shared hit=1156 read=1128
               ->  Hash  (cost=1.17..1.17 rows=3 width=4) (actual time=0.035..0.035 rows=3 loops=1)
                     Buckets: 1024  Batches: 1  Memory Usage: 9kB
                     Buffers: shared hit=1
                     ->  Seq Scan on role_type rt  (cost=0.00..1.17 rows=3 width=4) (actual time=0.027..0.029 rows=3 loops=1)
                           Filter: ((role)::text = ANY ('{director,"miscellaneous crew","production designer"}'::text[]))
                           Rows Removed by Filter: 9
                           Buffers: shared hit=1
         ->  Index Scan using name_pkey on name n  (cost=0.43..2.32 rows=1 width=4) (actual time=0.038..0.038 rows=0 loops=236)
               Index Cond: (id = ci.person_id)
               Filter: ((gender)::text = ANY ('{f,m}'::text[]))
               Rows Removed by Filter: 1
               Buffers: shared hit=679 read=265
 Planning:
   Buffers: shared hit=488 read=89
 Planning Time: 13.492 ms
 Execution Time: 2971.996 ms
(73 rows)

