                                                                                                                         QUERY PLAN                                                                                                                         
------------------------------------------------------------------------------------------------------------------------------------------------------------------------------------------------------------------------------------------------------------
 Aggregate  (cost=386116.64..386116.65 rows=1 width=8) (actual time=4849.234..4849.242 rows=1 loops=1)
   Buffers: shared hit=378215 read=124827
   ->  Nested Loop  (cost=8154.95..386116.63 rows=1 width=0) (actual time=61.493..4847.489 rows=9798 loops=1)
         Buffers: shared hit=378215 read=124827
         ->  Hash Join  (cost=8154.52..386111.99 rows=2 width=4) (actual time=50.513..3173.483 rows=48482 loops=1)
               Hash Cond: (ci.role_id = rt.id)
               Buffers: shared hit=205473 read=103641
               ->  Nested Loop  (cost=8153.34..386110.77 rows=14 width=8) (actual time=49.914..3144.012 rows=134970 loops=1)
                     Buffers: shared hit=205472 read=103641
                     ->  Nested Loop  (cost=8152.90..386067.08 rows=1 width=12) (actual time=49.867..1779.991 rows=1619 loops=1)
                           Buffers: shared hit=122117 read=50737
                           ->  Nested Loop  (cost=8152.90..386064.65 rows=1 width=16) (actual time=49.859..1749.443 rows=1619 loops=1)
                                 Buffers: shared hit=120498 read=50737
                                 ->  Nested Loop  (cost=8152.90..386062.23 rows=1 width=20) (actual time=49.838..1721.350 rows=1619 loops=1)
                                       Buffers: shared hit=118879 read=50737
                                       ->  Hash Join  (cost=8152.47..380370.17 rows=133 width=12) (actual time=25.081..611.166 rows=9314 loops=1)
                                             Hash Cond: (t.kind_id = kt.id)
                                             Buffers: shared hit=48311 read=6086
                                             ->  Nested Loop  (cost=8151.27..380368.32 rows=155 width=16) (actual time=25.046..607.367 rows=9314 loops=1)
                                                   Buffers: shared hit=48310 read=6086
                                                   ->  Bitmap Heap Scan on movie_info mi1  (cost=8150.84..378736.54 rows=194 width=8) (actual time=24.459..216.847 rows=12193 loops=1)
                                                         Recheck Cond: (info_type_id = 1)
                                                         Filter: ((info)::text = ANY ('{105,107,112,124,46,76,Germany:84,USA:75,USA:87,USA:98}'::text[]))
                                                         Rows Removed by Filter: 789947
                                                         Heap Blocks: exact=4993
                                                         Buffers: shared hit=1972 read=3652
                                                         ->  Bitmap Index Scan on info_type_id_movie_info  (cost=0.00..8150.77 rows=762444 width=0) (actual time=23.646..23.646 rows=802140 loops=1)
                                                               Index Cond: (info_type_id = 1)
                                                               Buffers: shared hit=1 read=630
                                                   ->  Index Scan using title_pkey on title t  (cost=0.43..8.41 rows=1 width=8) (actual time=0.031..0.031 rows=1 loops=12193)
                                                         Index Cond: (id = mi1.movie_id)
                                                         Filter: ((production_year <= 2015) AND (production_year >= 1975))
                                                         Rows Removed by Filter: 0
                                                         Buffers: shared hit=46338 read=2434
                                             ->  Hash  (cost=1.12..1.12 rows=6 width=4) (actual time=0.016..0.017 rows=6 loops=1)
                                                   Buckets: 1024  Batches: 1  Memory Usage: 9kB
                                                   Buffers: shared hit=1
                                                   ->  Seq Scan on kind_type kt  (cost=0.00..1.12 rows=6 width=4) (actual time=0.008..0.010 rows=6 loops=1)
                                                         Filter: ((kind)::text = ANY ('{episode,movie,"tv movie","tv series","video game","video movie"}'::text[]))
                                                         Rows Removed by Filter: 1
                                                         Buffers: shared hit=1
                                       ->  Index Scan using movie_id_movie_info on movie_info mi2  (cost=0.43..42.79 rows=1 width=8) (actual time=0.114..0.119 rows=0 loops=9314)
                                             Index Cond: (movie_id = t.id)
                                             Filter: ((info_type_id = 5) AND ((info)::text = ANY ('{Chile:14,Finland:K-16,Finland:S,"New Zealand:PG",Norway:15,Singapore:M18,Singapore:PG13,Singapore:R(A),UK:15,UK:E,UK:R18,USA:G,USA:Unrated}'::text[])))
                                             Rows Removed by Filter: 24
                                             Buffers: shared hit=70568 read=44651
                                 ->  Seq Scan on info_type it1  (cost=0.00..2.41 rows=1 width=4) (actual time=0.007..0.015 rows=1 loops=1619)
                                       Filter: (id = 1)
                                       Rows Removed by Filter: 112
                                       Buffers: shared hit=1619
                           ->  Seq Scan on info_type it2  (cost=0.00..2.41 rows=1 width=4) (actual time=0.009..0.017 rows=1 loops=1619)
                                 Filter: (id = 5)
                                 Rows Removed by Filter: 112
                                 Buffers: shared hit=1619
                     ->  Index Scan using movie_id_cast_info on cast_info ci  (cost=0.44..43.32 rows=38 width=12) (actual time=0.041..0.823 rows=83 loops=1619)
                           Index Cond: (movie_id = t.id)
                           Buffers: shared hit=83355 read=52904
               ->  Hash  (cost=1.15..1.15 rows=2 width=4) (actual time=0.031..0.032 rows=2 loops=1)
                     Buckets: 1024  Batches: 1  Memory Usage: 9kB
                     Buffers: shared hit=1
                     ->  Seq Scan on role_type rt  (cost=0.00..1.15 rows=2 width=4) (actual time=0.024..0.026 rows=2 loops=1)
                           Filter: ((role)::text = ANY ('{cinematographer,"miscellaneous crew"}'::text[]))
                           Rows Removed by Filter: 10
                           Buffers: shared hit=1
         ->  Index Scan using name_pkey on name n  (cost=0.43..2.32 rows=1 width=4) (actual time=0.034..0.034 rows=0 loops=48482)
               Index Cond: (id = ci.person_id)
               Filter: ((gender)::text = 'm'::text)
               Rows Removed by Filter: 1
               Buffers: shared hit=172742 read=21186
 Planning:
   Buffers: shared hit=577
 Planning Time: 13.309 ms
 Execution Time: 4849.752 ms
(73 rows)

