                                                                                             QUERY PLAN                                                                                              
-----------------------------------------------------------------------------------------------------------------------------------------------------------------------------------------------------
 Aggregate  (cost=485958.51..485958.52 rows=1 width=8) (actual time=19376.316..19376.322 rows=1 loops=1)
   Buffers: shared hit=1780949 read=139075
   ->  Nested Loop  (cost=5097.62..485958.29 rows=87 width=0) (actual time=17.130..19374.615 rows=4155 loops=1)
         Buffers: shared hit=1780949 read=139075
         ->  Hash Join  (cost=5097.19..485698.51 rows=112 width=4) (actual time=17.092..19214.943 rows=4155 loops=1)
               Hash Cond: (ci.role_id = rt.id)
               Buffers: shared hit=1766626 read=136778
               ->  Nested Loop  (cost=5096.02..485694.94 rows=674 width=8) (actual time=16.645..19184.277 rows=148552 loops=1)
                     Buffers: shared hit=1766625 read=136778
                     ->  Nested Loop  (cost=5095.58..483600.89 rows=47 width=12) (actual time=16.628..17127.787 rows=10600 loops=1)
                           Buffers: shared hit=1646389 read=80185
                           ->  Seq Scan on info_type it2  (cost=0.00..2.41 rows=1 width=4) (actual time=0.034..0.040 rows=1 loops=1)
                                 Filter: (id = 6)
                                 Rows Removed by Filter: 112
                                 Buffers: shared hit=1
                           ->  Nested Loop  (cost=5095.58..483598.00 rows=47 width=16) (actual time=16.593..17124.594 rows=10600 loops=1)
                                 Buffers: shared hit=1646388 read=80185
                                 ->  Seq Scan on info_type it1  (cost=0.00..2.41 rows=1 width=4) (actual time=0.008..0.017 rows=1 loops=1)
                                       Filter: (id = 2)
                                       Rows Removed by Filter: 112
                                       Buffers: shared hit=1
                                 ->  Nested Loop  (cost=5095.58..483595.12 rows=47 width=20) (actual time=16.581..17121.484 rows=10600 loops=1)
                                       Buffers: shared hit=1646387 read=80185
                                       ->  Hash Join  (cost=5095.14..439410.36 rows=1032 width=12) (actual time=16.540..15711.668 rows=10364 loops=1)
                                             Hash Cond: (t.kind_id = kt.id)
                                             Buffers: shared hit=1569399 read=40474
                                             ->  Nested Loop  (cost=5094.01..439399.08 rows=2407 width=16) (actual time=16.497..15645.626 rows=274705 loops=1)
                                                   Buffers: shared hit=1569398 read=40474
                                                   ->  Bitmap Heap Scan on movie_info mi2  (cost=5093.57..359823.46 rows=13311 width=8) (actual time=15.938..283.402 rows=403873 loops=1)
                                                         Recheck Cond: (info_type_id = 6)
                                                         Filter: ((info)::text = ANY ('{Mono,Silent,Stereo}'::text[]))
                                                         Rows Removed by Filter: 70570
                                                         Heap Blocks: exact=3206
                                                         Buffers: shared hit=1060 read=2520
                                                         ->  Bitmap Index Scan on info_type_id_movie_info  (cost=0.00..5090.24 rows=475974 width=0) (actual time=15.587..15.587 rows=474443 loops=1)
                                                               Index Cond: (info_type_id = 6)
                                                               Buffers: shared hit=1 read=373
                                                   ->  Memoize  (cost=0.44..6.07 rows=1 width=8) (actual time=0.038..0.038 rows=1 loops=403873)
                                                         Cache Key: mi2.movie_id
                                                         Cache Mode: logical
                                                         Hits: 2300  Misses: 401573  Evictions: 316128  Overflows: 0  Memory Usage: 8193kB
                                                         Buffers: shared hit=1568338 read=37954
                                                         ->  Index Scan using title_pkey on title t  (cost=0.43..6.06 rows=1 width=8) (actual time=0.036..0.036 rows=1 loops=401573)
                                                               Index Cond: (id = mi2.movie_id)
                                                               Filter: ((production_year <= 1975) AND (production_year >= 1875))
                                                               Rows Removed by Filter: 0
                                                               Buffers: shared hit=1568338 read=37954
                                             ->  Hash  (cost=1.10..1.10 rows=3 width=4) (actual time=0.015..0.016 rows=3 loops=1)
                                                   Buckets: 1024  Batches: 1  Memory Usage: 9kB
                                                   Buffers: shared hit=1
                                                   ->  Seq Scan on kind_type kt  (cost=0.00..1.10 rows=3 width=4) (actual time=0.009..0.011 rows=3 loops=1)
                                                         Filter: ((kind)::text = ANY ('{"tv movie","tv series","video movie"}'::text[]))
                                                         Rows Removed by Filter: 4
                                                         Buffers: shared hit=1
                                       ->  Index Scan using movie_id_movie_info on movie_info mi1  (cost=0.43..42.80 rows=1 width=8) (actual time=0.111..0.135 rows=1 loops=10364)
                                             Index Cond: (movie_id = t.id)
                                             Filter: (((info)::text = ANY ('{"Black and White",Color}'::text[])) AND (info_type_id = 2))
                                             Rows Removed by Filter: 11
                                             Buffers: shared hit=76988 read=39711
                     ->  Index Scan using movie_id_cast_info on cast_info ci  (cost=0.44..44.17 rows=38 width=12) (actual time=0.042..0.189 rows=14 loops=10600)
                           Index Cond: (movie_id = t.id)
                           Buffers: shared hit=120236 read=56593
               ->  Hash  (cost=1.15..1.15 rows=2 width=4) (actual time=0.035..0.036 rows=2 loops=1)
                     Buckets: 1024  Batches: 1  Memory Usage: 9kB
                     Buffers: shared hit=1
                     ->  Seq Scan on role_type rt  (cost=0.00..1.15 rows=2 width=4) (actual time=0.027..0.029 rows=2 loops=1)
                           Filter: ((role)::text = ANY ('{editor,"production designer"}'::text[]))
                           Rows Removed by Filter: 10
                           Buffers: shared hit=1
         ->  Index Scan using name_pkey on name n  (cost=0.43..2.32 rows=1 width=4) (actual time=0.037..0.037 rows=1 loops=4155)
               Index Cond: (id = ci.person_id)
               Filter: (((gender)::text = ANY ('{f,m}'::text[])) OR (gender IS NULL))
               Buffers: shared hit=14323 read=2297
 Planning:
   Buffers: shared hit=574
 Planning Time: 13.380 ms
 Execution Time: 19377.895 ms
(77 rows)

