                                                                                             QUERY PLAN                                                                                              
-----------------------------------------------------------------------------------------------------------------------------------------------------------------------------------------------------
 Aggregate  (cost=446333.72..446333.73 rows=1 width=8) (actual time=15826.953..15826.960 rows=1 loops=1)
   Buffers: shared hit=1375822 read=270268
   ->  Nested Loop  (cost=4697.70..446333.70 rows=9 width=0) (actual time=21.473..15825.039 rows=5535 loops=1)
         Buffers: shared hit=1375822 read=270268
         ->  Hash Join  (cost=4697.27..446275.78 rows=25 width=4) (actual time=20.369..11608.307 rows=123004 loops=1)
               Hash Cond: (ci.role_id = rt.id)
               Buffers: shared hit=905838 read=248236
               ->  Nested Loop  (cost=4696.07..446274.22 rows=100 width=8) (actual time=19.447..11471.455 rows=646776 loops=1)
                     Buffers: shared hit=905837 read=248236
                     ->  Nested Loop  (cost=4695.63..445963.69 rows=7 width=12) (actual time=19.412..4879.155 rows=17582 loops=1)
                           Buffers: shared hit=371821 read=98320
                           ->  Seq Scan on info_type it2  (cost=0.00..2.41 rows=1 width=4) (actual time=0.031..0.041 rows=1 loops=1)
                                 Filter: (id = 2)
                                 Rows Removed by Filter: 112
                                 Buffers: shared hit=1
                           ->  Nested Loop  (cost=4695.63..445961.21 rows=7 width=16) (actual time=19.379..4874.312 rows=17582 loops=1)
                                 Buffers: shared hit=371820 read=98320
                                 ->  Seq Scan on info_type it1  (cost=0.00..2.41 rows=1 width=4) (actual time=0.012..0.024 rows=1 loops=1)
                                       Filter: (id = 5)
                                       Rows Removed by Filter: 112
                                       Buffers: shared hit=1
                                 ->  Nested Loop  (cost=4695.63..445958.73 rows=7 width=20) (actual time=19.364..4869.844 rows=17582 loops=1)
                                       Buffers: shared hit=371819 read=98320
                                       ->  Hash Join  (cost=4695.19..439812.23 rows=144 width=12) (actual time=19.315..1846.856 rows=18909 loops=1)
                                             Hash Cond: (t.kind_id = kt.id)
                                             Buffers: shared hit=156779 read=22010
                                             ->  Nested Loop  (cost=4693.99..439810.32 rows=169 width=16) (actual time=19.270..1836.066 rows=18909 loops=1)
                                                   Buffers: shared hit=156778 read=22010
                                                   ->  Bitmap Heap Scan on movie_info mi1  (cost=4693.56..433457.89 rows=770 width=8) (actual time=19.231..469.947 rows=39804 loops=1)
                                                         Recheck Cond: (info_type_id = 5)
                                                         Filter: ((info)::text = ANY ('{Australia:G,Belgium:KT,Finland:K-16,Finland:K-18,France:-12,Portugal:M/16,Spain:13,USA:G}'::text[]))
                                                         Rows Removed by Filter: 446750
                                                         Heap Blocks: exact=19164
                                                         Buffers: shared hit=11827 read=7745
                                                         ->  Bitmap Index Scan on info_type_id_movie_info  (cost=0.00..4693.37 rows=439058 width=0) (actual time=16.555..16.555 rows=486554 loops=1)
                                                               Index Cond: (info_type_id = 5)
                                                               Buffers: shared hit=408
                                                   ->  Index Scan using title_pkey on title t  (cost=0.43..8.25 rows=1 width=8) (actual time=0.034..0.034 rows=0 loops=39804)
                                                         Index Cond: (id = mi1.movie_id)
                                                         Filter: ((production_year <= 1990) AND (production_year >= 1950))
                                                         Rows Removed by Filter: 1
                                                         Buffers: shared hit=144951 read=14265
                                             ->  Hash  (cost=1.12..1.12 rows=6 width=4) (actual time=0.019..0.020 rows=6 loops=1)
                                                   Buckets: 1024  Batches: 1  Memory Usage: 9kB
                                                   Buffers: shared hit=1
                                                   ->  Seq Scan on kind_type kt  (cost=0.00..1.12 rows=6 width=4) (actual time=0.009..0.011 rows=6 loops=1)
                                                         Filter: ((kind)::text = ANY ('{episode,movie,"tv movie","tv series","video game","video movie"}'::text[]))
                                                         Rows Removed by Filter: 1
                                                         Buffers: shared hit=1
                                       ->  Index Scan using movie_id_movie_info on movie_info mi2  (cost=0.43..42.67 rows=1 width=8) (actual time=0.140..0.159 rows=1 loops=18909)
                                             Index Cond: (movie_id = t.id)
                                             Filter: (((info)::text = ANY ('{"Black and White",Color}'::text[])) AND (info_type_id = 2))
                                             Rows Removed by Filter: 45
                                             Buffers: shared hit=215040 read=76310
                     ->  Index Scan using movie_id_cast_info on cast_info ci  (cost=0.44..43.98 rows=38 width=12) (actual time=0.037..0.365 rows=37 loops=17582)
                           Index Cond: (movie_id = t.id)
                           Buffers: shared hit=534016 read=149916
               ->  Hash  (cost=1.17..1.17 rows=3 width=4) (actual time=0.039..0.039 rows=3 loops=1)
                     Buckets: 1024  Batches: 1  Memory Usage: 9kB
                     Buffers: shared hit=1
                     ->  Seq Scan on role_type rt  (cost=0.00..1.17 rows=3 width=4) (actual time=0.028..0.032 rows=3 loops=1)
                           Filter: ((role)::text = ANY ('{actress,"costume designer",guest}'::text[]))
                           Rows Removed by Filter: 9
                           Buffers: shared hit=1
         ->  Index Scan using name_pkey on name n  (cost=0.43..2.32 rows=1 width=4) (actual time=0.034..0.034 rows=0 loops=123004)
               Index Cond: (id = ci.person_id)
               Filter: (gender IS NULL)
               Rows Removed by Filter: 1
               Buffers: shared hit=469984 read=22032
 Planning:
   Buffers: shared hit=574
 Planning Time: 13.149 ms
 Execution Time: 15827.637 ms
(73 rows)

