                                                                                                           QUERY PLAN                                                                                                            
---------------------------------------------------------------------------------------------------------------------------------------------------------------------------------------------------------------------------------
 Aggregate  (cost=395728.81..395728.82 rows=1 width=8) (actual time=8679.630..8679.637 rows=1 loops=1)
   Buffers: shared hit=748838 read=157134
   ->  Nested Loop  (cost=8155.24..395728.80 rows=3 width=0) (actual time=26.436..8673.754 rows=36021 loops=1)
         Buffers: shared hit=748838 read=157134
         ->  Hash Join  (cost=8154.81..395714.89 rows=6 width=4) (actual time=26.301..5137.131 rows=100184 loops=1)
               Hash Cond: (ci.role_id = rt.id)
               Buffers: shared hit=384782 read=120454
               ->  Nested Loop  (cost=8153.55..395713.58 rows=14 width=8) (actual time=26.197..5095.315 rows=123990 loops=1)
                     Buffers: shared hit=384781 read=120454
                     ->  Nested Loop  (cost=8153.11..395669.22 rows=1 width=12) (actual time=26.171..3744.556 rows=2589 loops=1)
                           Buffers: shared hit=294009 read=82093
                           ->  Nested Loop  (cost=8153.11..395666.80 rows=1 width=16) (actual time=26.166..3695.606 rows=2589 loops=1)
                                 Buffers: shared hit=291420 read=82093
                                 ->  Nested Loop  (cost=8153.11..395664.37 rows=1 width=20) (actual time=26.150..3639.728 rows=2589 loops=1)
                                       Buffers: shared hit=288831 read=82093
                                       ->  Hash Join  (cost=8152.68..387241.05 rows=195 width=12) (actual time=23.985..1878.858 rows=15350 loops=1)
                                             Hash Cond: (t.kind_id = kt.id)
                                             Buffers: shared hit=166290 read=25311
                                             ->  Nested Loop  (cost=8151.48..387238.90 rows=227 width=16) (actual time=23.946..1871.556 rows=15350 loops=1)
                                                   Buffers: shared hit=166289 read=25311
                                                   ->  Bitmap Heap Scan on movie_info mi1  (cost=8151.05..378736.75 rows=1039 width=8) (actual time=23.897..272.887 rows=46494 loops=1)
                                                         Recheck Cond: (info_type_id = 1)
                                                         Filter: ((info)::text = ANY ('{127,130,136,79,81,90,93,94,Argentina:60,USA:60}'::text[]))
                                                         Rows Removed by Filter: 755646
                                                         Heap Blocks: exact=4993
                                                         Buffers: shared hit=788 read=4836
                                                         ->  Bitmap Index Scan on info_type_id_movie_info  (cost=0.00..8150.77 rows=762444 width=0) (actual time=23.231..23.232 rows=802140 loops=1)
                                                               Index Cond: (info_type_id = 1)
                                                               Buffers: shared read=631
                                                   ->  Index Scan using title_pkey on title t  (cost=0.43..8.18 rows=1 width=8) (actual time=0.034..0.034 rows=0 loops=46494)
                                                         Index Cond: (id = mi1.movie_id)
                                                         Filter: ((production_year <= 1990) AND (production_year >= 1950))
                                                         Rows Removed by Filter: 1
                                                         Buffers: shared hit=165501 read=20475
                                             ->  Hash  (cost=1.12..1.12 rows=6 width=4) (actual time=0.020..0.021 rows=6 loops=1)
                                                   Buckets: 1024  Batches: 1  Memory Usage: 9kB
                                                   Buffers: shared hit=1
                                                   ->  Seq Scan on kind_type kt  (cost=0.00..1.12 rows=6 width=4) (actual time=0.010..0.012 rows=6 loops=1)
                                                         Filter: ((kind)::text = ANY ('{episode,movie,"tv movie","tv series","video game","video movie"}'::text[]))
                                                         Rows Removed by Filter: 1
                                                         Buffers: shared hit=1
                                       ->  Index Scan using movie_id_movie_info on movie_info mi2  (cost=0.43..43.19 rows=1 width=8) (actual time=0.110..0.114 rows=0 loops=15350)
                                             Index Cond: (movie_id = t.id)
                                             Filter: ((info_type_id = 5) AND ((info)::text = ANY ('{Australia:MA,Australia:PG,Canada:13+,Canada:G,France:-16,Iceland:16,Sweden:15,Sweden:Btl,UK:PG,UK:U,UK:X,USA:PG}'::text[])))
                                             Rows Removed by Filter: 15
                                             Buffers: shared hit=122541 read=56782
                                 ->  Seq Scan on info_type it1  (cost=0.00..2.41 rows=1 width=4) (actual time=0.010..0.019 rows=1 loops=2589)
                                       Filter: (id = 1)
                                       Rows Removed by Filter: 112
                                       Buffers: shared hit=2589
                           ->  Seq Scan on info_type it2  (cost=0.00..2.41 rows=1 width=4) (actual time=0.008..0.017 rows=1 loops=2589)
                                 Filter: (id = 5)
                                 Rows Removed by Filter: 112
                                 Buffers: shared hit=2589
                     ->  Index Scan using movie_id_cast_info on cast_info ci  (cost=0.44..43.98 rows=38 width=12) (actual time=0.036..0.508 rows=48 loops=2589)
                           Index Cond: (movie_id = t.id)
                           Buffers: shared hit=90772 read=38361
               ->  Hash  (cost=1.20..1.20 rows=5 width=4) (actual time=0.033..0.034 rows=5 loops=1)
                     Buckets: 1024  Batches: 1  Memory Usage: 9kB
                     Buffers: shared hit=1
                     ->  Seq Scan on role_type rt  (cost=0.00..1.20 rows=5 width=4) (actual time=0.022..0.026 rows=5 loops=1)
                           Filter: ((role)::text = ANY ('{actor,actress,composer,guest,"miscellaneous crew"}'::text[]))
                           Rows Removed by Filter: 7
                           Buffers: shared hit=1
         ->  Index Scan using name_pkey on name n  (cost=0.43..2.32 rows=1 width=4) (actual time=0.035..0.035 rows=0 loops=100184)
               Index Cond: (id = ci.person_id)
               Filter: (((gender)::text = 'f'::text) OR (gender IS NULL))
               Rows Removed by Filter: 1
               Buffers: shared hit=364056 read=36680
 Planning:
   Buffers: shared hit=531 read=46
 Planning Time: 13.548 ms
 Execution Time: 8680.120 ms
(73 rows)

