                                                                                                                  QUERY PLAN                                                                                                                   
-----------------------------------------------------------------------------------------------------------------------------------------------------------------------------------------------------------------------------------------------
 Aggregate  (cost=563753.58..563753.59 rows=1 width=8) (actual time=53461.553..53461.563 rows=1 loops=1)
   Buffers: shared hit=4857544 read=296972
   ->  Nested Loop  (cost=5097.83..563753.46 rows=48 width=0) (actual time=13.481..53400.949 rows=348576 loops=1)
         Buffers: shared hit=4857544 read=296972
         ->  Seq Scan on info_type it2  (cost=0.00..2.41 rows=1 width=4) (actual time=0.037..0.049 rows=1 loops=1)
               Filter: (id = 6)
               Rows Removed by Filter: 112
               Buffers: shared hit=1
         ->  Nested Loop  (cost=5097.83..563750.56 rows=48 width=4) (actual time=13.443..53322.412 rows=348576 loops=1)
               Buffers: shared hit=4857543 read=296972
               ->  Seq Scan on info_type it1  (cost=0.00..2.41 rows=1 width=4) (actual time=0.007..0.021 rows=1 loops=1)
                     Filter: (id = 8)
                     Rows Removed by Filter: 112
                     Buffers: shared hit=1
               ->  Nested Loop  (cost=5097.83..563747.67 rows=48 width=8) (actual time=13.434..53245.705 rows=348576 loops=1)
                     Buffers: shared hit=4857542 read=296972
                     ->  Hash Join  (cost=5097.40..563603.86 rows=62 width=12) (actual time=13.388..39126.612 rows=348576 loops=1)
                           Hash Cond: (ci.role_id = rt.id)
                           Buffers: shared hit=3486992 read=273218
                           ->  Nested Loop  (cost=5096.23..563600.05 rows=745 width=16) (actual time=13.358..38862.608 rows=850525 loops=1)
                                 Buffers: shared hit=3486991 read=273218
                                 ->  Nested Loop  (cost=5095.79..561293.27 rows=52 width=20) (actual time=13.332..28306.123 rows=38384 loops=1)
                                       Buffers: shared hit=2682741 read=128088
                                       ->  Hash Join  (cost=5095.32..486526.84 rows=1746 width=12) (actual time=13.115..16674.566 rows=107663 loops=1)
                                             Hash Cond: (t.kind_id = kt.id)
                                             Buffers: shared hit=1629121 read=46848
                                             ->  Nested Loop  (cost=5094.17..486512.82 rows=3055 width=16) (actual time=13.080..16598.312 rows=175008 loops=1)
                                                   Buffers: shared hit=1629120 read=46848
                                                   ->  Bitmap Heap Scan on movie_info mi2  (cost=5093.73..404345.21 rows=13954 width=8) (actual time=13.018..365.511 rows=421182 loops=1)
                                                         Recheck Cond: (info_type_id = 6)
                                                         Filter: ((info)::text = ANY ('{"4-Track Stereo","70 mm 6-Track",Dolby,Mono,Silent,Stereo}'::text[]))
                                                         Rows Removed by Filter: 53261
                                                         Heap Blocks: exact=3206
                                                         Buffers: shared hit=53 read=3527
                                                         ->  Bitmap Index Scan on info_type_id_movie_info  (cost=0.00..5090.24 rows=475974 width=0) (actual time=12.668..12.669 rows=474443 loops=1)
                                                               Index Cond: (info_type_id = 6)
                                                               Buffers: shared read=374
                                                   ->  Memoize  (cost=0.44..5.99 rows=1 width=8) (actual time=0.038..0.038 rows=0 loops=421182)
                                                         Cache Key: mi2.movie_id
                                                         Cache Mode: logical
                                                         Hits: 3085  Misses: 418097  Evictions: 310901  Overflows: 0  Memory Usage: 8193kB
                                                         Buffers: shared hit=1629067 read=43321
                                                         ->  Index Scan using title_pkey on title t  (cost=0.43..5.98 rows=1 width=8) (actual time=0.037..0.037 rows=0 loops=418097)
                                                               Index Cond: (id = mi2.movie_id)
                                                               Filter: ((production_year <= 1990) AND (production_year >= 1950))
                                                               Rows Removed by Filter: 1
                                                               Buffers: shared hit=1629067 read=43321
                                             ->  Hash  (cost=1.10..1.10 rows=4 width=4) (actual time=0.014..0.015 rows=4 loops=1)
                                                   Buckets: 1024  Batches: 1  Memory Usage: 9kB
                                                   Buffers: shared hit=1
                                                   ->  Seq Scan on kind_type kt  (cost=0.00..1.10 rows=4 width=4) (actual time=0.007..0.009 rows=4 loops=1)
                                                         Filter: ((kind)::text = ANY ('{episode,"tv movie","tv series","video game"}'::text[]))
                                                         Rows Removed by Filter: 3
                                                         Buffers: shared hit=1
                                       ->  Index Scan using movie_id_movie_info on movie_info mi1  (cost=0.47..42.81 rows=1 width=8) (actual time=0.104..0.107 rows=0 loops=107663)
                                             Index Cond: (movie_id = t.id)
                                             Filter: ((info_type_id = 8) AND ((info)::text = ANY ('{Bulgaria,Czechoslovakia,"East Germany",Georgia,"Hong Kong",India,Italy,Japan,Mexico,Romania,"Soviet Union",Switzerland,UK,USA}'::text[])))
                                             Rows Removed by Filter: 10
                                             Buffers: shared hit=1053620 read=81240
                                 ->  Index Scan using movie_id_cast_info on cast_info ci  (cost=0.44..43.98 rows=38 width=12) (actual time=0.042..0.267 rows=22 loops=38384)
                                       Index Cond: (movie_id = t.id)
                                       Buffers: shared hit=804250 read=145130
                           ->  Hash  (cost=1.15..1.15 rows=1 width=4) (actual time=0.013..0.014 rows=1 loops=1)
                                 Buckets: 1024  Batches: 1  Memory Usage: 9kB
                                 Buffers: shared hit=1
                                 ->  Seq Scan on role_type rt  (cost=0.00..1.15 rows=1 width=4) (actual time=0.007..0.008 rows=1 loops=1)
                                       Filter: ((role)::text = 'actor'::text)
                                       Rows Removed by Filter: 11
                                       Buffers: shared hit=1
                     ->  Index Scan using name_pkey on name n  (cost=0.43..2.32 rows=1 width=4) (actual time=0.040..0.040 rows=1 loops=348576)
                           Index Cond: (id = ci.person_id)
                           Filter: (((gender)::text = ANY ('{f,m}'::text[])) OR (gender IS NULL))
                           Buffers: shared hit=1370550 read=23754
 Planning:
   Buffers: shared hit=506 read=71
 Planning Time: 10.031 ms
 Execution Time: 53464.848 ms
(77 rows)

