                                                                                                                                                                                   QUERY PLAN                                                                                                                                                                                    
---------------------------------------------------------------------------------------------------------------------------------------------------------------------------------------------------------------------------------------------------------------------------------------------------------------------------------------------------------------------------------
 Aggregate  (cost=641918.44..641918.45 rows=1 width=8) (actual time=56761.492..56761.500 rows=1 loops=1)
   Buffers: shared hit=5101805 read=805944, temp read=1739 written=1739
   ->  Nested Loop  (cost=96094.16..641917.11 rows=529 width=0) (actual time=470.806..56734.119 rows=135431 loops=1)
         Buffers: shared hit=5101805 read=805944, temp read=1739 written=1739
         ->  Hash Join  (cost=96093.73..640033.66 rows=812 width=4) (actual time=470.771..45608.481 rows=309995 loops=1)
               Hash Cond: (ci.role_id = rt.id)
               Buffers: shared hit=3926854 read=740915, temp read=1739 written=1739
               ->  Nested Loop  (cost=96092.50..640023.78 rows=2437 width=8) (actual time=470.257..45082.020 rows=2576760 loops=1)
                     Buffers: shared hit=3926853 read=740915, temp read=1739 written=1739
                     ->  Nested Loop  (cost=96092.06..632398.15 rows=170 width=12) (actual time=470.230..17325.301 rows=146833 loops=1)
                           Buffers: shared hit=1335564 read=359741, temp read=1739 written=1739
                           ->  Seq Scan on info_type it2  (cost=0.00..2.41 rows=1 width=4) (actual time=0.024..0.033 rows=1 loops=1)
                                 Filter: (id = 2)
                                 Rows Removed by Filter: 112
                                 Buffers: shared hit=1
                           ->  Nested Loop  (cost=96092.06..632394.04 rows=170 width=16) (actual time=470.205..17287.670 rows=146833 loops=1)
                                 Buffers: shared hit=1335563 read=359741, temp read=1739 written=1739
                                 ->  Seq Scan on info_type it1  (cost=0.00..2.41 rows=1 width=4) (actual time=0.006..0.017 rows=1 loops=1)
                                       Filter: (id = 7)
                                       Rows Removed by Filter: 112
                                       Buffers: shared hit=1
                                 ->  Nested Loop  (cost=96092.06..632389.93 rows=170 width=20) (actual time=470.196..17247.690 rows=146833 loops=1)
                                       Buffers: shared hit=1335562 read=359741, temp read=1739 written=1739
                                       ->  Hash Join  (cost=96091.62..470981.71 rows=3752 width=12) (actual time=470.126..1287.234 rows=145833 loops=1)
                                             Hash Cond: (t.kind_id = kt.id)
                                             Buffers: shared hit=9630 read=37911, temp read=1739 written=1739
                                             ->  Hash Join  (cost=96090.42..470962.07 rows=4378 width=16) (actual time=470.092..1220.160 rows=145833 loops=1)
                                                   Hash Cond: (mi1.movie_id = t.id)
                                                   Buffers: shared hit=9629 read=37911, temp read=1739 written=1739
                                                   ->  Bitmap Heap Scan on movie_info mi1  (cost=15878.12..389022.92 rows=30799 width=8) (actual time=37.782..505.156 rows=327909 loops=1)
                                                         Recheck Cond: (info_type_id = 7)
                                                         Filter: ((info)::text = ANY ('{"LAB:Consolidated Film Industries (CFI), Hollywood (CA), USA","LAB:Kinuta Laboratories, Tokyo, Japan","MET:500 m",OFM:Live,PCS:CinemaScope,PCS:Kinescope,PCS:Panavision,PCS:Shawscope,"PFM:16 mm","PFM:70 mm",PFM:Video,"RAT:1.33 : 1","RAT:1.37 : 1","RAT:1.66 : 1",RAT:4:3}'::text[]))
                                                         Rows Removed by Filter: 1073993
                                                         Heap Blocks: exact=10050
                                                         Buffers: shared hit=115 read=11034
                                                         ->  Bitmap Index Scan on info_type_id_movie_info  (cost=0.00..15870.39 rows=1484527 width=0) (actual time=36.493..36.493 rows=1401902 loops=1)
                                                               Index Cond: (info_type_id = 7)
                                                               Buffers: shared read=1099
                                                   ->  Hash  (cost=74315.95..74315.95 rows=359388 width=8) (actual time=431.243..431.245 rows=350375 loops=1)
                                                         Buckets: 262144  Batches: 4  Memory Usage: 5467kB
                                                         Buffers: shared hit=9514 read=26877, temp written=896
                                                         ->  Seq Scan on title t  (cost=0.00..74315.95 rows=359388 width=8) (actual time=0.023..375.249 rows=350375 loops=1)
                                                               Filter: ((production_year <= 1975) AND (production_year >= 1925))
                                                               Rows Removed by Filter: 2177937
                                                               Buffers: shared hit=9514 read=26877
                                             ->  Hash  (cost=1.12..1.12 rows=6 width=4) (actual time=0.015..0.016 rows=6 loops=1)
                                                   Buckets: 1024  Batches: 1  Memory Usage: 9kB
                                                   Buffers: shared hit=1
                                                   ->  Seq Scan on kind_type kt  (cost=0.00..1.12 rows=6 width=4) (actual time=0.006..0.008 rows=6 loops=1)
                                                         Filter: ((kind)::text = ANY ('{episode,movie,"tv movie","tv series","video game","video movie"}'::text[]))
                                                         Rows Removed by Filter: 1
                                                         Buffers: shared hit=1
                                       ->  Index Scan using movie_id_movie_info on movie_info mi2  (cost=0.43..43.01 rows=1 width=8) (actual time=0.096..0.109 rows=1 loops=145833)
                                             Index Cond: (movie_id = t.id)
                                             Filter: (((info)::text = ANY ('{"Black and White",Color}'::text[])) AND (info_type_id = 2))
                                             Rows Removed by Filter: 13
                                             Buffers: shared hit=1325932 read=321830
                     ->  Index Scan using movie_id_cast_info on cast_info ci  (cost=0.44..44.48 rows=38 width=12) (actual time=0.036..0.184 rows=18 loops=146833)
                           Index Cond: (movie_id = t.id)
                           Buffers: shared hit=2591289 read=381174
               ->  Hash  (cost=1.18..1.18 rows=4 width=4) (actual time=0.028..0.028 rows=4 loops=1)
                     Buckets: 1024  Batches: 1  Memory Usage: 9kB
                     Buffers: shared hit=1
                     ->  Seq Scan on role_type rt  (cost=0.00..1.18 rows=4 width=4) (actual time=0.020..0.022 rows=4 loops=1)
                           Filter: ((role)::text = ANY ('{"costume designer","miscellaneous crew",producer,"production designer"}'::text[]))
                           Rows Removed by Filter: 8
                           Buffers: shared hit=1
         ->  Index Scan using name_pkey on name n  (cost=0.43..2.32 rows=1 width=4) (actual time=0.035..0.035 rows=0 loops=309995)
               Index Cond: (id = ci.person_id)
               Filter: ((gender)::text = ANY ('{f,m}'::text[]))
               Rows Removed by Filter: 1
               Buffers: shared hit=1174951 read=65029
 Planning:
   Buffers: shared hit=522 read=55
 Planning Time: 12.592 ms
 Execution Time: 56762.139 ms
(76 rows)

