                                                                                                            QUERY PLAN                                                                                                             
-----------------------------------------------------------------------------------------------------------------------------------------------------------------------------------------------------------------------------------
 Aggregate  (cost=411245.67..411245.68 rows=1 width=8) (actual time=1972.611..1972.616 rows=1 loops=1)
   Buffers: shared hit=107508 read=90454
   ->  Nested Loop  (cost=15874.55..411245.65 rows=6 width=0) (actual time=39.121..1972.159 rows=2753 loops=1)
         Buffers: shared hit=107508 read=90454
         ->  Hash Join  (cost=15874.12..411222.46 rows=10 width=4) (actual time=39.077..1879.737 rows=2888 loops=1)
               Hash Cond: (ci.role_id = rt.id)
               Buffers: shared hit=98050 read=88360
               ->  Nested Loop  (cost=15872.95..411221.08 rows=57 width=8) (actual time=38.901..1869.809 rows=100314 loops=1)
                     Buffers: shared hit=98049 read=88360
                     ->  Nested Loop  (cost=15872.51..411046.44 rows=4 width=12) (actual time=38.870..950.474 rows=2859 loops=1)
                           Buffers: shared hit=39850 read=40285
                           ->  Seq Scan on info_type it2  (cost=0.00..2.41 rows=1 width=4) (actual time=0.026..0.033 rows=1 loops=1)
                                 Filter: (id = 7)
                                 Rows Removed by Filter: 112
                                 Buffers: shared hit=1
                           ->  Nested Loop  (cost=15872.51..411043.99 rows=4 width=16) (actual time=38.843..950.019 rows=2859 loops=1)
                                 Buffers: shared hit=39849 read=40285
                                 ->  Seq Scan on info_type it1  (cost=0.00..2.41 rows=1 width=4) (actual time=0.007..0.016 rows=1 loops=1)
                                       Filter: (id = 4)
                                       Rows Removed by Filter: 112
                                       Buffers: shared hit=1
                                 ->  Nested Loop  (cost=15872.51..411041.54 rows=4 width=20) (actual time=38.834..949.551 rows=2859 loops=1)
                                       Buffers: shared hit=39848 read=40285
                                       ->  Hash Join  (cost=15872.04..405706.51 rows=126 width=12) (actual time=38.728..502.741 rows=3673 loops=1)
                                             Hash Cond: (t.kind_id = kt.id)
                                             Buffers: shared hit=13599 read=15007
                                             ->  Nested Loop  (cost=15870.86..405704.59 rows=177 width=16) (actual time=38.688..501.407 rows=4358 loops=1)
                                                   Buffers: shared hit=13598 read=15007
                                                   ->  Bitmap Heap Scan on movie_info mi2  (cost=15870.43..404111.07 rows=189 width=8) (actual time=38.654..383.904 rows=4364 loops=1)
                                                         Recheck Cond: (info_type_id = 7)
                                                         Filter: ((info)::text = ANY ('{"LAB:Kinuta Laboratories, Tokyo, Japan","LAB:Laboratoires Ã‰clair, Paris, France","OFM:Redcode RAW","RAT:4:3 Letterbox",RAT:4:3}'::text[]))
                                                         Rows Removed by Filter: 1397538
                                                         Heap Blocks: exact=10050
                                                         Buffers: shared hit=761 read=10388
                                                         ->  Bitmap Index Scan on info_type_id_movie_info  (cost=0.00..15870.39 rows=1484527 width=0) (actual time=37.214..37.214 rows=1401902 loops=1)
                                                               Index Cond: (info_type_id = 7)
                                                               Buffers: shared read=1099
                                                   ->  Index Scan using title_pkey on title t  (cost=0.43..8.43 rows=1 width=8) (actual time=0.026..0.026 rows=1 loops=4364)
                                                         Index Cond: (id = mi2.movie_id)
                                                         Filter: ((production_year <= 2015) AND (production_year >= 1925))
                                                         Rows Removed by Filter: 0
                                                         Buffers: shared hit=12837 read=4619
                                             ->  Hash  (cost=1.11..1.11 rows=5 width=4) (actual time=0.015..0.016 rows=5 loops=1)
                                                   Buckets: 1024  Batches: 1  Memory Usage: 9kB
                                                   Buffers: shared hit=1
                                                   ->  Seq Scan on kind_type kt  (cost=0.00..1.11 rows=5 width=4) (actual time=0.008..0.010 rows=5 loops=1)
                                                         Filter: ((kind)::text = ANY ('{movie,"tv movie","tv series","video game","video movie"}'::text[]))
                                                         Rows Removed by Filter: 2
                                                         Buffers: shared hit=1
                                       ->  Index Scan using movie_id_movie_info on movie_info mi1  (cost=0.46..42.33 rows=1 width=8) (actual time=0.056..0.121 rows=1 loops=3673)
                                             Index Cond: (movie_id = t.id)
                                             Filter: ((info_type_id = 4) AND ((info)::text = ANY ('{Bengali,Croatian,Dutch,English,Estonian,Filipino,Hindi,Japanese,Korean,Polish,Portuguese,Spanish}'::text[])))
                                             Rows Removed by Filter: 33
                                             Buffers: shared hit=26249 read=25278
                     ->  Index Scan using movie_id_cast_info on cast_info ci  (cost=0.44..43.28 rows=38 width=12) (actual time=0.028..0.316 rows=35 loops=2859)
                           Index Cond: (movie_id = t.id)
                           Buffers: shared hit=58199 read=48075
               ->  Hash  (cost=1.15..1.15 rows=2 width=4) (actual time=0.030..0.031 rows=2 loops=1)
                     Buckets: 1024  Batches: 1  Memory Usage: 9kB
                     Buffers: shared hit=1
                     ->  Seq Scan on role_type rt  (cost=0.00..1.15 rows=2 width=4) (actual time=0.024..0.025 rows=2 loops=1)
                           Filter: ((role)::text = ANY ('{director,guest}'::text[]))
                           Rows Removed by Filter: 10
                           Buffers: shared hit=1
         ->  Index Scan using name_pkey on name n  (cost=0.43..2.32 rows=1 width=4) (actual time=0.031..0.031 rows=1 loops=2888)
               Index Cond: (id = ci.person_id)
               Filter: (((gender)::text = 'm'::text) OR (gender IS NULL))
               Rows Removed by Filter: 0
               Buffers: shared hit=9458 read=2094
 Planning:
   Buffers: shared hit=532 read=45
 Planning Time: 13.206 ms
 Execution Time: 1973.120 ms
(73 rows)

