                                                                                                 QUERY PLAN                                                                                                  
-------------------------------------------------------------------------------------------------------------------------------------------------------------------------------------------------------------
 Aggregate  (cost=607969.37..607969.38 rows=1 width=8) (actual time=37186.078..37186.087 rows=1 loops=1)
   Buffers: shared hit=3249478 read=220714
   ->  Nested Loop  (cost=13061.82..607969.01 rows=144 width=0) (actual time=37.530..37122.018 rows=391677 loops=1)
         Buffers: shared hit=3249478 read=220714
         ->  Hash Join  (cost=13061.39..607456.40 rows=221 width=4) (actual time=37.487..19654.354 rows=425380 loops=1)
               Hash Cond: (ci.role_id = rt.id)
               Buffers: shared hit=1595815 read=172857
               ->  Nested Loop  (cost=13060.14..607453.26 rows=530 width=8) (actual time=37.427..19443.033 rows=557512 loops=1)
                     Buffers: shared hit=1595814 read=172857
                     ->  Nested Loop  (cost=13059.70..605804.75 rows=37 width=12) (actual time=37.386..12300.943 rows=29520 loops=1)
                           Buffers: shared hit=1038979 read=91907
                           ->  Seq Scan on info_type it2  (cost=0.00..2.41 rows=1 width=4) (actual time=0.024..0.033 rows=1 loops=1)
                                 Filter: (id = 4)
                                 Rows Removed by Filter: 112
                                 Buffers: shared hit=1
                           ->  Nested Loop  (cost=13059.70..605801.96 rows=37 width=16) (actual time=37.361..12292.921 rows=29520 loops=1)
                                 Buffers: shared hit=1038978 read=91907
                                 ->  Seq Scan on info_type it1  (cost=0.00..2.41 rows=1 width=4) (actual time=0.011..0.023 rows=1 loops=1)
                                       Filter: (id = 3)
                                       Rows Removed by Filter: 112
                                       Buffers: shared hit=1
                                 ->  Nested Loop  (cost=13059.70..605799.18 rows=37 width=20) (actual time=37.346..12284.253 rows=29520 loops=1)
                                       Buffers: shared hit=1038977 read=91907
                                       ->  Hash Join  (cost=13059.23..565514.72 rows=938 width=12) (actual time=37.257..7689.308 rows=46393 loops=1)
                                             Hash Cond: (t.kind_id = kt.id)
                                             Buffers: shared hit=648190 read=45055
                                             ->  Nested Loop  (cost=13058.08..565506.65 rows=1641 width=16) (actual time=37.213..7663.405 rows=47506 loops=1)
                                                   Buffers: shared hit=648189 read=45055
                                                   ->  Bitmap Heap Scan on movie_info mi2  (cost=13057.64..505502.60 rows=9073 width=8) (actual time=37.131..953.790 rows=173112 loops=1)
                                                         Recheck Cond: (info_type_id = 4)
                                                         Filter: ((info)::text = ANY ('{Bulgarian,Czech,Filipino,Georgian,German,Hindi,Hungarian,Japanese,Mandarin,None,Swedish,Turkish}'::text[]))
                                                         Rows Removed by Filter: 1125877
                                                         Heap Blocks: exact=8393
                                                         Buffers: shared hit=1429 read=7983
                                                         ->  Bitmap Index Scan on info_type_id_movie_info  (cost=0.00..13055.37 rows=1221191 width=0) (actual time=34.175..34.175 rows=1298989 loops=1)
                                                               Index Cond: (info_type_id = 4)
                                                               Buffers: shared read=1019
                                                   ->  Memoize  (cost=0.44..6.68 rows=1 width=8) (actual time=0.038..0.038 rows=0 loops=173112)
                                                         Cache Key: mi2.movie_id
                                                         Cache Mode: logical
                                                         Hits: 2154  Misses: 170958  Evictions: 64901  Overflows: 0  Memory Usage: 8193kB
                                                         Buffers: shared hit=646760 read=37072
                                                         ->  Index Scan using title_pkey on title t  (cost=0.43..6.67 rows=1 width=8) (actual time=0.037..0.037 rows=0 loops=170958)
                                                               Index Cond: (id = mi2.movie_id)
                                                               Filter: ((production_year <= 1975) AND (production_year >= 1875))
                                                               Rows Removed by Filter: 1
                                                               Buffers: shared hit=646760 read=37072
                                             ->  Hash  (cost=1.10..1.10 rows=4 width=4) (actual time=0.018..0.019 rows=4 loops=1)
                                                   Buckets: 1024  Batches: 1  Memory Usage: 9kB
                                                   Buffers: shared hit=1
                                                   ->  Seq Scan on kind_type kt  (cost=0.00..1.10 rows=4 width=4) (actual time=0.009..0.011 rows=4 loops=1)
                                                         Filter: ((kind)::text = ANY ('{movie,"tv movie","tv series","video game"}'::text[]))
                                                         Rows Removed by Filter: 3
                                                         Buffers: shared hit=1
                                       ->  Index Scan using movie_id_movie_info on movie_info mi1  (cost=0.46..42.94 rows=1 width=8) (actual time=0.098..0.098 rows=1 loops=46393)
                                             Index Cond: (movie_id = t.id)
                                             Filter: ((info_type_id = 3) AND ((info)::text = ANY ('{Adventure,Biography,Comedy,Drama,Family,Fantasy,History,Horror,Sci-Fi,Short,Sport,Talk-Show}'::text[])))
                                             Rows Removed by Filter: 9
                                             Buffers: shared hit=390787 read=46852
                     ->  Index Scan using movie_id_cast_info on cast_info ci  (cost=0.44..44.17 rows=38 width=12) (actual time=0.039..0.236 rows=19 loops=29520)
                           Index Cond: (movie_id = t.id)
                           Buffers: shared hit=556835 read=80950
               ->  Hash  (cost=1.20..1.20 rows=5 width=4) (actual time=0.037..0.038 rows=5 loops=1)
                     Buckets: 1024  Batches: 1  Memory Usage: 9kB
                     Buffers: shared hit=1
                     ->  Seq Scan on role_type rt  (cost=0.00..1.20 rows=5 width=4) (actual time=0.025..0.030 rows=5 loops=1)
                           Filter: ((role)::text = ANY ('{actor,actress,cinematographer,"costume designer",producer}'::text[]))
                           Rows Removed by Filter: 7
                           Buffers: shared hit=1
         ->  Index Scan using name_pkey on name n  (cost=0.43..2.32 rows=1 width=4) (actual time=0.040..0.040 rows=1 loops=425380)
               Index Cond: (id = ci.person_id)
               Filter: ((gender)::text = ANY ('{f,m}'::text[]))
               Rows Removed by Filter: 0
               Buffers: shared hit=1653663 read=47857
 Planning:
   Buffers: shared hit=484 read=93
 Planning Time: 13.569 ms
 Execution Time: 37188.970 ms
(78 rows)

