                                                                                                                                                                                                                          QUERY PLAN                                                                                                                                                                                                                          
--------------------------------------------------------------------------------------------------------------------------------------------------------------------------------------------------------------------------------------------------------------------------------------------------------------------------------------------------------------------------------------------------------------------------------------------------------------
 Aggregate  (cost=410217.10..410217.11 rows=1 width=8) (actual time=4768.681..4768.689 rows=1 loops=1)
   Buffers: shared hit=354710 read=94036
   ->  Nested Loop  (cost=8155.16..410217.09 rows=2 width=0) (actual time=38.652..4767.410 rows=5648 loops=1)
         Buffers: shared hit=354710 read=94036
         ->  Hash Join  (cost=8154.73..410207.82 rows=4 width=4) (actual time=38.598..4424.680 rows=8166 loops=1)
               Hash Cond: (ci.role_id = rt.id)
               Buffers: shared hit=331873 read=84209
               ->  Nested Loop  (cost=8153.53..410206.57 rows=14 width=8) (actual time=38.546..4418.777 rows=15635 loops=1)
                     Buffers: shared hit=331872 read=84209
                     ->  Nested Loop  (cost=8153.09..410162.83 rows=1 width=12) (actual time=38.504..4183.004 rows=583 loops=1)
                           Buffers: shared hit=327363 read=71813
                           ->  Nested Loop  (cost=8153.09..410160.41 rows=1 width=16) (actual time=38.492..4166.794 rows=583 loops=1)
                                 Buffers: shared hit=326780 read=71813
                                 ->  Nested Loop  (cost=8153.09..410157.99 rows=1 width=20) (actual time=38.455..4150.736 rows=583 loops=1)
                                       Buffers: shared hit=326197 read=71813
                                       ->  Hash Join  (cost=8152.65..386335.21 rows=555 width=12) (actual time=23.341..1580.035 rows=24713 loops=1)
                                             Hash Cond: (t.kind_id = kt.id)
                                             Buffers: shared hit=132282 read=10815
                                             ->  Nested Loop  (cost=8151.46..386331.29 rows=647 width=16) (actual time=23.303..1567.286 rows=24713 loops=1)
                                                   Buffers: shared hit=132281 read=10815
                                                   ->  Bitmap Heap Scan on movie_info mi1  (cost=8151.03..378736.73 rows=925 width=8) (actual time=23.166..271.716 rows=34368 loops=1)
                                                         Recheck Cond: (info_type_id = 1)
                                                         Filter: ((info)::text = ANY ('{10,105,124,57,6,USA:10,USA:107,USA:17,USA:57,USA:83,USA:9,USA:98}'::text[]))
                                                         Rows Removed by Filter: 767772
                                                         Heap Blocks: exact=4993
                                                         Buffers: shared hit=245 read=5379
                                                         ->  Bitmap Index Scan on info_type_id_movie_info  (cost=0.00..8150.77 rows=762444 width=0) (actual time=22.396..22.396 rows=802140 loops=1)
                                                               Index Cond: (info_type_id = 1)
                                                               Buffers: shared read=631
                                                   ->  Index Scan using title_pkey on title t  (cost=0.43..8.21 rows=1 width=8) (actual time=0.037..0.037 rows=1 loops=34368)
                                                         Index Cond: (id = mi1.movie_id)
                                                         Filter: ((production_year <= 2015) AND (production_year >= 1990))
                                                         Rows Removed by Filter: 0
                                                         Buffers: shared hit=132036 read=5436
                                             ->  Hash  (cost=1.12..1.12 rows=6 width=4) (actual time=0.018..0.019 rows=6 loops=1)
                                                   Buckets: 1024  Batches: 1  Memory Usage: 9kB
                                                   Buffers: shared hit=1
                                                   ->  Seq Scan on kind_type kt  (cost=0.00..1.12 rows=6 width=4) (actual time=0.008..0.010 rows=6 loops=1)
                                                         Filter: ((kind)::text = ANY ('{episode,movie,"tv movie","tv series","video game","video movie"}'::text[]))
                                                         Rows Removed by Filter: 1
                                                         Buffers: shared hit=1
                                       ->  Index Scan using movie_id_movie_info on movie_info mi2  (cost=0.43..42.91 rows=1 width=8) (actual time=0.101..0.104 rows=0 loops=24713)
                                             Index Cond: (movie_id = t.id)
                                             Filter: ((info_type_id = 18) AND ((info)::text = ANY ('{Argentina,Australia,"California, USA","Dallas, Texas, USA","Detroit, Michigan, USA","England, UK","Hollywood, Los Angeles, California, USA","Houston, Texas, USA","Las Vegas, Nevada, USA","Madrid, Spain","Melbourne, Victoria, Australia","Orlando, Florida, USA","Rome, Lazio, Italy","South Africa","Stockholm, Stockholms lÃ¤n, Sweden"}'::text[])))
                                             Rows Removed by Filter: 12
                                             Buffers: shared hit=193915 read=60998
                                 ->  Seq Scan on info_type it1  (cost=0.00..2.41 rows=1 width=4) (actual time=0.014..0.024 rows=1 loops=583)
                                       Filter: (id = 1)
                                       Rows Removed by Filter: 112
                                       Buffers: shared hit=583
                           ->  Seq Scan on info_type it2  (cost=0.00..2.41 rows=1 width=4) (actual time=0.016..0.026 rows=1 loops=583)
                                 Filter: (id = 18)
                                 Rows Removed by Filter: 112
                                 Buffers: shared hit=583
                     ->  Index Scan using movie_id_cast_info on cast_info ci  (cost=0.44..43.35 rows=38 width=12) (actual time=0.046..0.395 rows=27 loops=583)
                           Index Cond: (movie_id = t.id)
                           Buffers: shared hit=4509 read=12396
               ->  Hash  (cost=1.17..1.17 rows=3 width=4) (actual time=0.031..0.032 rows=3 loops=1)
                     Buckets: 1024  Batches: 1  Memory Usage: 9kB
                     Buffers: shared hit=1
                     ->  Seq Scan on role_type rt  (cost=0.00..1.17 rows=3 width=4) (actual time=0.022..0.025 rows=3 loops=1)
                           Filter: ((role)::text = ANY ('{actor,cinematographer,"miscellaneous crew"}'::text[]))
                           Rows Removed by Filter: 9
                           Buffers: shared hit=1
         ->  Index Scan using name_pkey on name n  (cost=0.43..2.32 rows=1 width=4) (actual time=0.041..0.041 rows=1 loops=8166)
               Index Cond: (id = ci.person_id)
               Filter: ((gender)::text = 'm'::text)
               Rows Removed by Filter: 0
               Buffers: shared hit=22837 read=9827
 Planning:
   Buffers: shared hit=522 read=55
 Planning Time: 13.169 ms
 Execution Time: 4769.154 ms
(73 rows)

