                                                                                                                                                                                                                                                                                                                                     QUERY PLAN                                                                                                                                                                                                                                                                                                                                      
-------------------------------------------------------------------------------------------------------------------------------------------------------------------------------------------------------------------------------------------------------------------------------------------------------------------------------------------------------------------------------------------------------------------------------------------------------------------------------------------------------------------------------------------------------------------------------------------------------------------------------------------------------------------------------------
 Aggregate  (cost=412565.76..412565.77 rows=1 width=8) (actual time=2269.227..2269.234 rows=1 loops=1)
   Buffers: shared hit=167191 read=64967
   ->  Nested Loop  (cost=7082.08..412565.76 rows=3 width=0) (actual time=45.623..2268.864 rows=1617 loops=1)
         Buffers: shared hit=167191 read=64967
         ->  Seq Scan on info_type it2  (cost=0.00..2.41 rows=1 width=4) (actual time=0.044..0.052 rows=1 loops=1)
               Filter: (id = 4)
               Rows Removed by Filter: 112
               Buffers: shared hit=1
         ->  Nested Loop  (cost=7082.08..412563.31 rows=3 width=4) (actual time=45.576..2268.496 rows=1617 loops=1)
               Buffers: shared hit=167190 read=64967
               ->  Seq Scan on info_type it1  (cost=0.00..2.41 rows=1 width=4) (actual time=0.014..0.024 rows=1 loops=1)
                     Filter: (id = 18)
                     Rows Removed by Filter: 112
                     Buffers: shared hit=1
               ->  Nested Loop  (cost=7082.08..412560.87 rows=3 width=8) (actual time=45.559..2268.168 rows=1617 loops=1)
                     Buffers: shared hit=167189 read=64967
                     ->  Hash Join  (cost=7081.65..412549.27 rows=5 width=12) (actual time=29.052..2151.435 rows=3524 loops=1)
                           Hash Cond: (ci.role_id = rt.id)
                           Buffers: shared hit=156143 read=61917
                           ->  Nested Loop  (cost=7080.48..412547.91 rows=57 width=16) (actual time=23.205..2145.316 rows=43346 loops=1)
                                 Buffers: shared hit=156142 read=61917
                                 ->  Nested Loop  (cost=7080.04..412373.12 rows=4 width=20) (actual time=23.153..1692.210 rows=1089 loops=1)
                                       Buffers: shared hit=133410 read=39262
                                       ->  Hash Join  (cost=7079.61..387606.59 rows=578 width=12) (actual time=21.383..634.841 rows=8881 loops=1)
                                             Hash Cond: (t.kind_id = kt.id)
                                             Buffers: shared hit=50321 read=8964
                                             ->  Nested Loop  (cost=7078.45..387601.16 rows=1012 width=16) (actual time=21.336..631.207 rows=10309 loops=1)
                                                   Buffers: shared hit=50320 read=8964
                                                   ->  Bitmap Heap Scan on movie_info mi1  (cost=7078.02..377307.84 rows=1267 width=8) (actual time=21.304..225.520 rows=12948 loops=1)
                                                         Recheck Cond: (info_type_id = 18)
                                                         Filter: ((info)::text = ANY ('{Belgium,"Bucharest, Romania","Burbank, California, USA","CBS Studio Center - 4024 Radford Avenue, Studio City, Los Angeles, California, USA","Frankfurt am Main, Hessen, Germany","Memphis, Tennessee, USA",Portugal,"Shanghai, China","South Korea","Stage 12, Warner Brothers Burbank Studios - 4000 Warner Boulevard, Burbank, California, USA","Stage 25, Warner Brothers Burbank Studios - 4000 Warner Boulevard, Burbank, California, USA","Stage 30, Universal Studios - 100 Universal City Plaza, Universal City, California, USA","Vancouver, British Columbia, Canada"}'::text[]))
                                                         Rows Removed by Filter: 647975
                                                         Heap Blocks: exact=6972
                                                         Buffers: shared hit=1875 read=5617
                                                         ->  Bitmap Index Scan on info_type_id_movie_info  (cost=0.00..7077.68 rows=662032 width=0) (actual time=20.441..20.441 rows=660923 loops=1)
                                                               Index Cond: (info_type_id = 18)
                                                               Buffers: shared hit=1 read=519
                                                   ->  Index Scan using title_pkey on title t  (cost=0.43..8.12 rows=1 width=8) (actual time=0.031..0.031 rows=1 loops=12948)
                                                         Index Cond: (id = mi1.movie_id)
                                                         Filter: ((production_year <= 2015) AND (production_year >= 1975))
                                                         Rows Removed by Filter: 0
                                                         Buffers: shared hit=48445 read=3347
                                             ->  Hash  (cost=1.10..1.10 rows=4 width=4) (actual time=0.021..0.023 rows=4 loops=1)
                                                   Buckets: 1024  Batches: 1  Memory Usage: 9kB
                                                   Buffers: shared hit=1
                                                   ->  Seq Scan on kind_type kt  (cost=0.00..1.10 rows=4 width=4) (actual time=0.009..0.012 rows=4 loops=1)
                                                         Filter: ((kind)::text = ANY ('{episode,movie,"tv series","video game"}'::text[]))
                                                         Rows Removed by Filter: 3
                                                         Buffers: shared hit=1
                                       ->  Index Scan using movie_id_movie_info on movie_info mi2  (cost=0.43..42.84 rows=1 width=8) (actual time=0.109..0.119 rows=0 loops=8881)
                                             Index Cond: (movie_id = t.id)
                                             Filter: ((info_type_id = 4) AND ((info)::text = ANY ('{Cantonese,Czech,German,Greek,Hebrew,Italian,Korean,Latin,Norwegian,Portuguese,Serbo-Croatian,Spanish,Tamil,Thai}'::text[])))
                                             Rows Removed by Filter: 26
                                             Buffers: shared hit=83089 read=30298
                                 ->  Index Scan using movie_id_cast_info on cast_info ci  (cost=0.44..43.32 rows=38 width=12) (actual time=0.034..0.408 rows=40 loops=1089)
                                       Index Cond: (movie_id = t.id)
                                       Buffers: shared hit=22732 read=22655
                           ->  Hash  (cost=1.15..1.15 rows=1 width=4) (actual time=0.018..0.019 rows=1 loops=1)
                                 Buckets: 1024  Batches: 1  Memory Usage: 9kB
                                 Buffers: shared hit=1
                                 ->  Seq Scan on role_type rt  (cost=0.00..1.15 rows=1 width=4) (actual time=0.010..0.012 rows=1 loops=1)
                                       Filter: ((role)::text = 'producer'::text)
                                       Rows Removed by Filter: 11
                                       Buffers: shared hit=1
                     ->  Index Scan using name_pkey on name n  (cost=0.43..2.32 rows=1 width=4) (actual time=0.033..0.033 rows=0 loops=3524)
                           Index Cond: (id = ci.person_id)
                           Filter: ((gender)::text = ANY ('{f,m}'::text[]))
                           Rows Removed by Filter: 1
                           Buffers: shared hit=11046 read=3050
 Planning:
   Buffers: shared hit=577
 Planning Time: 12.987 ms
 Execution Time: 2269.799 ms
(73 rows)

