                                                                                                                                                                QUERY PLAN                                                                                                                                                                 
-------------------------------------------------------------------------------------------------------------------------------------------------------------------------------------------------------------------------------------------------------------------------------------------------------------------------------------------
 Aggregate  (cost=503586.69..503586.70 rows=1 width=8) (actual time=21411.645..21411.653 rows=1 loops=1)
   Buffers: shared hit=1870810 read=225050
   ->  Nested Loop  (cost=5096.18..503586.60 rows=38 width=0) (actual time=19.487..21402.484 rows=43420 loops=1)
         Buffers: shared hit=1870810 read=225050
         ->  Hash Join  (cost=5095.75..503331.72 rows=110 width=4) (actual time=19.403..17411.773 rows=104546 loops=1)
               Hash Cond: (ci.role_id = rt.id)
               Buffers: shared hit=1467135 read=210541
               ->  Nested Loop  (cost=5094.52..503329.32 rows=330 width=8) (actual time=18.734..17270.930 rows=584924 loops=1)
                     Buffers: shared hit=1467134 read=210541
                     ->  Nested Loop  (cost=5094.08..502309.01 rows=23 width=12) (actual time=18.706..10860.034 rows=13341 loops=1)
                           Buffers: shared hit=965673 read=99431
                           ->  Seq Scan on info_type it2  (cost=0.00..2.41 rows=1 width=4) (actual time=0.021..0.031 rows=1 loops=1)
                                 Filter: (id = 7)
                                 Rows Removed by Filter: 112
                                 Buffers: shared hit=1
                           ->  Nested Loop  (cost=5094.08..502306.36 rows=23 width=16) (actual time=18.684..10855.989 rows=13341 loops=1)
                                 Buffers: shared hit=965672 read=99431
                                 ->  Seq Scan on info_type it1  (cost=0.00..2.41 rows=1 width=4) (actual time=0.007..0.018 rows=1 loops=1)
                                       Filter: (id = 6)
                                       Rows Removed by Filter: 112
                                       Buffers: shared hit=1
                                 ->  Nested Loop  (cost=5094.08..502303.72 rows=23 width=20) (actual time=18.674..10852.089 rows=13341 loops=1)
                                       Buffers: shared hit=965671 read=99431
                                       ->  Hash Join  (cost=5093.65..453866.19 rows=1120 width=12) (actual time=18.643..8773.914 rows=14041 loops=1)
                                             Hash Cond: (t.kind_id = kt.id)
                                             Buffers: shared hit=844862 read=42267
                                             ->  Nested Loop  (cost=5092.47..453858.40 rows=1568 width=16) (actual time=14.173..8764.059 rows=14899 loops=1)
                                                   Buffers: shared hit=844861 read=42267
                                                   ->  Bitmap Heap Scan on movie_info mi1  (cost=5092.03..404343.51 rows=7160 width=8) (actual time=14.093..320.645 rows=222258 loops=1)
                                                         Recheck Cond: (info_type_id = 6)
                                                         Filter: ((info)::text = ANY ('{"AGA Sound System","Dolby SR",Dolby,Silent,Stereo,"Ultra Stereo"}'::text[]))
                                                         Rows Removed by Filter: 252185
                                                         Heap Blocks: exact=3206
                                                         Buffers: shared hit=544 read=3036
                                                         ->  Bitmap Index Scan on info_type_id_movie_info  (cost=0.00..5090.24 rows=475974 width=0) (actual time=13.682..13.682 rows=474443 loops=1)
                                                               Index Cond: (info_type_id = 6)
                                                               Buffers: shared read=374
                                                   ->  Memoize  (cost=0.44..6.97 rows=1 width=8) (actual time=0.038..0.038 rows=0 loops=222258)
                                                         Cache Key: mi1.movie_id
                                                         Cache Mode: logical
                                                         Hits: 1371  Misses: 220887  Evictions: 100492  Overflows: 0  Memory Usage: 8193kB
                                                         Buffers: shared hit=844317 read=39231
                                                         ->  Index Scan using title_pkey on title t  (cost=0.43..6.96 rows=1 width=8) (actual time=0.037..0.037 rows=0 loops=220887)
                                                               Index Cond: (id = mi1.movie_id)
                                                               Filter: ((production_year <= 1990) AND (production_year >= 1950))
                                                               Rows Removed by Filter: 1
                                                               Buffers: shared hit=844317 read=39231
                                             ->  Hash  (cost=1.11..1.11 rows=5 width=4) (actual time=0.018..0.019 rows=5 loops=1)
                                                   Buckets: 1024  Batches: 1  Memory Usage: 9kB
                                                   Buffers: shared hit=1
                                                   ->  Seq Scan on kind_type kt  (cost=0.00..1.11 rows=5 width=4) (actual time=0.007..0.009 rows=5 loops=1)
                                                         Filter: ((kind)::text = ANY ('{episode,movie,"tv movie","video game","video movie"}'::text[]))
                                                         Rows Removed by Filter: 2
                                                         Buffers: shared hit=1
                                       ->  Index Scan using movie_id_movie_info on movie_info mi2  (cost=0.43..43.24 rows=1 width=8) (actual time=0.091..0.147 rows=1 loops=14041)
                                             Index Cond: (movie_id = t.id)
                                             Filter: ((info_type_id = 7) AND ((info)::text = ANY ('{"LAB:Consolidated Film Industries (CFI), Hollywood (CA), USA",LAB:Technicolor,"OFM:16 mm",OFM:Video,PCS:(anamorphic),PCS:Panavision,PCS:Spherical,"PFM:16 mm","PFM:35 mm",PFM:Video,"RAT:2.20 : 1","RAT:2.35 : 1",RAT:4:3}'::text[])))
                                             Rows Removed by Filter: 25
                                             Buffers: shared hit=120809 read=57164
                     ->  Index Scan using movie_id_cast_info on cast_info ci  (cost=0.44..43.98 rows=38 width=12) (actual time=0.039..0.467 rows=44 loops=13341)
                           Index Cond: (movie_id = t.id)
                           Buffers: shared hit=501461 read=111110
               ->  Hash  (cost=1.18..1.18 rows=4 width=4) (actual time=0.034..0.034 rows=4 loops=1)
                     Buckets: 1024  Batches: 1  Memory Usage: 9kB
                     Buffers: shared hit=1
                     ->  Seq Scan on role_type rt  (cost=0.00..1.18 rows=4 width=4) (actual time=0.025..0.028 rows=4 loops=1)
                           Filter: ((role)::text = ANY ('{cinematographer,composer,producer,writer}'::text[]))
                           Rows Removed by Filter: 8
                           Buffers: shared hit=1
         ->  Index Scan using name_pkey on name n  (cost=0.43..2.32 rows=1 width=4) (actual time=0.038..0.038 rows=0 loops=104546)
               Index Cond: (id = ci.person_id)
               Filter: (gender IS NULL)
               Rows Removed by Filter: 1
               Buffers: shared hit=403675 read=14509
 Planning:
   Buffers: shared hit=485 read=89
 Planning Time: 11.352 ms
 Execution Time: 21413.970 ms
(78 rows)

