                                                                                                                                                          QUERY PLAN                                                                                                                                                          
------------------------------------------------------------------------------------------------------------------------------------------------------------------------------------------------------------------------------------------------------------------------------------------------------------------------------
 Aggregate  (cost=768660.26..768660.27 rows=1 width=8) (actual time=29780.304..29780.314 rows=1 loops=1)
   Buffers: shared hit=2266034 read=270343, temp read=2131 written=2131
   ->  Nested Loop  (cost=96677.29..768659.45 rows=321 width=0) (actual time=458.970..29755.071 rows=141669 loops=1)
         Buffers: shared hit=2266034 read=270343, temp read=2131 written=2131
         ->  Hash Join  (cost=96676.86..767170.32 rows=642 width=4) (actual time=458.932..23453.660 rows=142616 loops=1)
               Hash Cond: (ci.role_id = rt.id)
               Buffers: shared hit=1712641 read=253272, temp read=2131 written=2131
               ->  Nested Loop  (cost=96675.66..767160.00 rows=2566 width=8) (actual time=458.425..23225.956 rows=1091717 loops=1)
                     Buffers: shared hit=1712640 read=253272, temp read=2131 written=2131
                     ->  Nested Loop  (cost=96675.22..759130.67 rows=179 width=12) (actual time=458.397..8993.763 rows=72520 loops=1)
                           Buffers: shared hit=510427 read=172135, temp read=2131 written=2131
                           ->  Seq Scan on info_type it2  (cost=0.00..2.41 rows=1 width=4) (actual time=0.023..0.034 rows=1 loops=1)
                                 Filter: (id = 7)
                                 Rows Removed by Filter: 112
                                 Buffers: shared hit=1
                           ->  Nested Loop  (cost=96675.22..759126.46 rows=179 width=16) (actual time=458.373..8977.881 rows=72520 loops=1)
                                 Buffers: shared hit=510426 read=172135, temp read=2131 written=2131
                                 ->  Seq Scan on info_type it1  (cost=0.00..2.41 rows=1 width=4) (actual time=0.008..0.022 rows=1 loops=1)
                                       Filter: (id = 3)
                                       Rows Removed by Filter: 112
                                       Buffers: shared hit=1
                                 ->  Nested Loop  (cost=96675.22..759122.26 rows=179 width=20) (actual time=458.362..8960.258 rows=72520 loops=1)
                                       Buffers: shared hit=510425 read=172135, temp read=2131 written=2131
                                       ->  Hash Join  (cost=96674.79..487092.37 rows=6249 width=12) (actual time=458.305..1448.682 rows=59899 loops=1)
                                             Hash Cond: (t.kind_id = kt.id)
                                             Buffers: shared hit=2335 read=45032, temp read=2131 written=2131
                                             ->  Hash Join  (cost=96673.59..487060.45 rows=7290 width=16) (actual time=458.261..1420.119 rows=59899 loops=1)
                                                   Hash Cond: (mi1.movie_id = t.id)
                                                   Buffers: shared hit=2334 read=45032, temp read=2131 written=2131
                                                   ->  Bitmap Heap Scan on movie_info mi1  (cost=16461.29..404907.52 rows=51289 width=8) (actual time=42.052..670.135 rows=480595 loops=1)
                                                         Recheck Cond: (info_type_id = 3)
                                                         Filter: ((info)::text = ANY ('{Adult,History,Music,Short,Western}'::text[]))
                                                         Rows Removed by Filter: 1053314
                                                         Heap Blocks: exact=9772
                                                         Buffers: shared hit=2334 read=8641
                                                         ->  Bitmap Index Scan on info_type_id_movie_info  (cost=0.00..16448.47 rows=1538671 width=0) (actual time=40.865..40.865 rows=1533909 loops=1)
                                                               Index Cond: (info_type_id = 3)
                                                               Buffers: shared read=1203
                                                   ->  Hash  (cost=74315.95..74315.95 rows=359388 width=8) (actual time=414.858..414.859 rows=350375 loops=1)
                                                         Buckets: 262144  Batches: 4  Memory Usage: 5467kB
                                                         Buffers: shared read=36391, temp written=896
                                                         ->  Seq Scan on title t  (cost=0.00..74315.95 rows=359388 width=8) (actual time=0.023..357.865 rows=350375 loops=1)
                                                               Filter: ((production_year <= 1975) AND (production_year >= 1925))
                                                               Rows Removed by Filter: 2177937
                                                               Buffers: shared read=36391
                                             ->  Hash  (cost=1.12..1.12 rows=6 width=4) (actual time=0.020..0.021 rows=6 loops=1)
                                                   Buckets: 1024  Batches: 1  Memory Usage: 9kB
                                                   Buffers: shared hit=1
                                                   ->  Seq Scan on kind_type kt  (cost=0.00..1.12 rows=6 width=4) (actual time=0.011..0.013 rows=6 loops=1)
                                                         Filter: ((kind)::text = ANY ('{episode,movie,"tv movie","tv series","video game","video movie"}'::text[]))
                                                         Rows Removed by Filter: 1
                                                         Buffers: shared hit=1
                                       ->  Index Scan using movie_id_movie_info on movie_info mi2  (cost=0.43..43.52 rows=1 width=8) (actual time=0.089..0.125 rows=1 loops=59899)
                                             Index Cond: (movie_id = t.id)
                                             Filter: ((info_type_id = 7) AND ((info)::text = ANY ('{"LAB:Consolidated Film Industries (CFI), Hollywood (CA), USA",LAB:Technicolor,MET:,"MET:200 m","MET:600 m",PCS:Spherical,PCS:Techniscope,"PFM:35 mm","PFM:8 mm","RAT:1.33 : 1","RAT:1.37 : 1","RAT:2.35 : 1"}'::text[])))
                                             Rows Removed by Filter: 11
                                             Buffers: shared hit=508090 read=127103
                     ->  Index Scan using movie_id_cast_info on cast_info ci  (cost=0.44..44.48 rows=38 width=12) (actual time=0.043..0.192 rows=15 loops=72520)
                           Index Cond: (movie_id = t.id)
                           Buffers: shared hit=1202213 read=81137
               ->  Hash  (cost=1.17..1.17 rows=3 width=4) (actual time=0.032..0.033 rows=3 loops=1)
                     Buckets: 1024  Batches: 1  Memory Usage: 9kB
                     Buffers: shared hit=1
                     ->  Seq Scan on role_type rt  (cost=0.00..1.17 rows=3 width=4) (actual time=0.023..0.026 rows=3 loops=1)
                           Filter: ((role)::text = ANY ('{actress,guest,"production designer"}'::text[]))
                           Rows Removed by Filter: 9
                           Buffers: shared hit=1
         ->  Index Scan using name_pkey on name n  (cost=0.43..2.32 rows=1 width=4) (actual time=0.043..0.043 rows=1 loops=142616)
               Index Cond: (id = ci.person_id)
               Filter: (((gender)::text = 'f'::text) OR (gender IS NULL))
               Rows Removed by Filter: 0
               Buffers: shared hit=553393 read=17071
 Planning:
   Buffers: shared hit=482 read=92
 Planning Time: 14.612 ms
 Execution Time: 29780.955 ms
(76 rows)

