                                                                                                                                                                                                QUERY PLAN                                                                                                                                                                                                 
-----------------------------------------------------------------------------------------------------------------------------------------------------------------------------------------------------------------------------------------------------------------------------------------------------------------------------------------------------------------------------------------------------------
 Aggregate  (cost=396568.47..396568.48 rows=1 width=8) (actual time=947.926..947.934 rows=1 loops=1)
   Buffers: shared hit=76533 read=20323
   ->  Nested Loop  (cost=8154.88..396568.46 rows=1 width=0) (actual time=348.796..947.925 rows=3 loops=1)
         Buffers: shared hit=76533 read=20323
         ->  Hash Join  (cost=8154.45..396563.83 rows=2 width=4) (actual time=70.896..946.550 rows=23 loops=1)
               Hash Cond: (ci.role_id = rt.id)
               Buffers: shared hit=76470 read=20294
               ->  Nested Loop  (cost=8153.27..396562.60 rows=14 width=8) (actual time=55.605..946.391 rows=592 loops=1)
                     Buffers: shared hit=76469 read=20294
                     ->  Nested Loop  (cost=8152.83..396518.87 rows=1 width=12) (actual time=55.570..938.844 rows=23 loops=1)
                           Buffers: shared hit=76366 read=19744
                           ->  Nested Loop  (cost=8152.83..396516.45 rows=1 width=16) (actual time=55.564..938.542 rows=23 loops=1)
                                 Buffers: shared hit=76343 read=19744
                                 ->  Nested Loop  (cost=8152.83..396514.03 rows=1 width=20) (actual time=55.541..938.135 rows=23 loops=1)
                                       Buffers: shared hit=76320 read=19744
                                       ->  Hash Join  (cost=8152.40..394470.90 rows=48 width=12) (actual time=25.419..640.856 rows=3837 loops=1)
                                             Hash Cond: (t.kind_id = kt.id)
                                             Buffers: shared hit=48705 read=10644
                                             ->  Nested Loop  (cost=8151.22..394469.43 rows=68 width=16) (actual time=24.908..638.720 rows=10654 loops=1)
                                                   Buffers: shared hit=48704 read=10644
                                                   ->  Bitmap Heap Scan on movie_info mi2  (cost=8150.79..393649.54 rows=97 width=8) (actual time=24.736..253.732 rows=13431 loops=1)
                                                         Recheck Cond: (info_type_id = 1)
                                                         Filter: ((info)::text = ANY ('{123,28,4,UK:30,USA:95}'::text[]))
                                                         Rows Removed by Filter: 788709
                                                         Heap Blocks: exact=4993
                                                         Buffers: shared hit=3675 read=1949
                                                         ->  Bitmap Index Scan on info_type_id_movie_info  (cost=0.00..8150.77 rows=762444 width=0) (actual time=23.553..23.554 rows=802140 loops=1)
                                                               Index Cond: (info_type_id = 1)
                                                               Buffers: shared read=631
                                                   ->  Index Scan using title_pkey on title t  (cost=0.43..8.45 rows=1 width=8) (actual time=0.028..0.028 rows=1 loops=13431)
                                                         Index Cond: (id = mi2.movie_id)
                                                         Filter: ((production_year <= 2015) AND (production_year >= 1990))
                                                         Rows Removed by Filter: 0
                                                         Buffers: shared hit=45029 read=8695
                                             ->  Hash  (cost=1.11..1.11 rows=5 width=4) (actual time=0.020..0.022 rows=5 loops=1)
                                                   Buckets: 1024  Batches: 1  Memory Usage: 9kB
                                                   Buffers: shared hit=1
                                                   ->  Seq Scan on kind_type kt  (cost=0.00..1.11 rows=5 width=4) (actual time=0.012..0.014 rows=5 loops=1)
                                                         Filter: ((kind)::text = ANY ('{episode,"tv movie","tv series","video game","video movie"}'::text[]))
                                                         Rows Removed by Filter: 2
                                                         Buffers: shared hit=1
                                       ->  Index Scan using movie_id_movie_info on movie_info mi1  (cost=0.43..42.56 rows=1 width=8) (actual time=0.077..0.077 rows=0 loops=3837)
                                             Index Cond: (movie_id = t.id)
                                             Filter: ((info_type_id = 18) AND ((info)::text = ANY ('{"Albuquerque, New Mexico, USA",Canada,"Dublin, County Dublin, Ireland","Melbourne, Victoria, Australia","New Orleans, Louisiana, USA","Pittsburgh, Pennsylvania, USA","Rome, Lazio, Italy","Stage 26, Warner Brothers Burbank Studios - 4000 Warner Boulevard, Burbank, California, USA"}'::text[])))
                                             Rows Removed by Filter: 8
                                             Buffers: shared hit=27615 read=9100
                                 ->  Seq Scan on info_type it1  (cost=0.00..2.41 rows=1 width=4) (actual time=0.008..0.013 rows=1 loops=23)
                                       Filter: (id = 18)
                                       Rows Removed by Filter: 112
                                       Buffers: shared hit=23
                           ->  Seq Scan on info_type it2  (cost=0.00..2.41 rows=1 width=4) (actual time=0.004..0.011 rows=1 loops=23)
                                 Filter: (id = 1)
                                 Rows Removed by Filter: 112
                                 Buffers: shared hit=23
                     ->  Index Scan using movie_id_cast_info on cast_info ci  (cost=0.44..43.35 rows=38 width=12) (actual time=0.032..0.321 rows=26 loops=23)
                           Index Cond: (movie_id = t.id)
                           Buffers: shared hit=103 read=550
               ->  Hash  (cost=1.15..1.15 rows=2 width=4) (actual time=0.031..0.031 rows=2 loops=1)
                     Buckets: 1024  Batches: 1  Memory Usage: 9kB
                     Buffers: shared hit=1
                     ->  Seq Scan on role_type rt  (cost=0.00..1.15 rows=2 width=4) (actual time=0.023..0.025 rows=2 loops=1)
                           Filter: ((role)::text = ANY ('{"costume designer",editor}'::text[]))
                           Rows Removed by Filter: 10
                           Buffers: shared hit=1
         ->  Index Scan using name_pkey on name n  (cost=0.43..2.32 rows=1 width=4) (actual time=0.058..0.058 rows=0 loops=23)
               Index Cond: (id = ci.person_id)
               Filter: ((gender)::text = 'f'::text)
               Rows Removed by Filter: 1
               Buffers: shared hit=63 read=29
 Planning:
   Buffers: shared hit=530 read=44
 Planning Time: 13.779 ms
 Execution Time: 948.384 ms
(73 rows)

