                                                                                                                                    QUERY PLAN                                                                                                                                     
-----------------------------------------------------------------------------------------------------------------------------------------------------------------------------------------------------------------------------------------------------------------------------------
 Aggregate  (cost=384669.16..384669.17 rows=1 width=8) (actual time=1899.303..1899.312 rows=1 loops=1)
   Buffers: shared hit=163738 read=31936
   ->  Nested Loop  (cost=4697.56..384669.16 rows=1 width=0) (actual time=497.943..1899.290 rows=59 loops=1)
         Buffers: shared hit=163738 read=31936
         ->  Hash Join  (cost=4697.13..384666.84 rows=1 width=4) (actual time=497.881..1896.925 rows=59 loops=1)
               Hash Cond: (ci.role_id = rt.id)
               Buffers: shared hit=163573 read=31865
               ->  Nested Loop  (cost=4695.97..384665.63 rows=14 width=8) (actual time=497.820..1896.792 rows=284 loops=1)
                     Buffers: shared hit=163572 read=31865
                     ->  Nested Loop  (cost=4695.53..384621.93 rows=1 width=12) (actual time=497.757..1893.283 rows=5 loops=1)
                           Buffers: shared hit=163541 read=31601
                           ->  Nested Loop  (cost=4695.53..384619.51 rows=1 width=16) (actual time=497.740..1893.178 rows=5 loops=1)
                                 Buffers: shared hit=163536 read=31601
                                 ->  Nested Loop  (cost=4695.53..384617.09 rows=1 width=20) (actual time=497.713..1893.045 rows=5 loops=1)
                                       Buffers: shared hit=163531 read=31601
                                       ->  Hash Join  (cost=4695.10..378959.11 rows=133 width=12) (actual time=19.973..1329.172 rows=4375 loops=1)
                                             Hash Cond: (t.kind_id = kt.id)
                                             Buffers: shared hit=121274 read=18679
                                             ->  Nested Loop  (cost=4693.98..378956.05 rows=464 width=16) (actual time=19.273..1323.053 rows=25980 loops=1)
                                                   Buffers: shared hit=121273 read=18679
                                                   ->  Bitmap Heap Scan on movie_info mi1  (cost=4693.55..374133.14 rows=581 width=8) (actual time=19.220..352.607 rows=30095 loops=1)
                                                         Recheck Cond: (info_type_id = 5)
                                                         Filter: ((info)::text = ANY ('{Australia:PG,Canada:F,Chile:Y7,Colombia:12,"Czech Republic:12",Finland:K-7,France:16,Iran:18+,Malaysia:18SG,Norway:7,Singapore:PG,"South Africa:16LV",Spain:X,UK:12,UK:18}'::text[]))
                                                         Rows Removed by Filter: 456459
                                                         Heap Blocks: exact=19164
                                                         Buffers: shared hit=4816 read=14756
                                                         ->  Bitmap Index Scan on info_type_id_movie_info  (cost=0.00..4693.37 rows=439058 width=0) (actual time=16.689..16.689 rows=486554 loops=1)
                                                               Index Cond: (info_type_id = 5)
                                                               Buffers: shared hit=1 read=407
                                                   ->  Index Scan using title_pkey on title t  (cost=0.43..8.30 rows=1 width=8) (actual time=0.032..0.032 rows=1 loops=30095)
                                                         Index Cond: (id = mi1.movie_id)
                                                         Filter: ((production_year <= 2015) AND (production_year >= 1975))
                                                         Rows Removed by Filter: 0
                                                         Buffers: shared hit=116457 read=3923
                                             ->  Hash  (cost=1.09..1.09 rows=2 width=4) (actual time=0.022..0.023 rows=2 loops=1)
                                                   Buckets: 1024  Batches: 1  Memory Usage: 9kB
                                                   Buffers: shared hit=1
                                                   ->  Seq Scan on kind_type kt  (cost=0.00..1.09 rows=2 width=4) (actual time=0.011..0.012 rows=2 loops=1)
                                                         Filter: ((kind)::text = ANY ('{episode,"tv movie"}'::text[]))
                                                         Rows Removed by Filter: 5
                                                         Buffers: shared hit=1
                                       ->  Index Scan using movie_id_movie_info on movie_info mi2  (cost=0.43..42.53 rows=1 width=8) (actual time=0.128..0.128 rows=0 loops=4375)
                                             Index Cond: (movie_id = t.id)
                                             Filter: ((info_type_id = 16) AND ((info)::text = ANY ('{"France:12 May 2005","France:14 May 2004","France:15 May 2003","Germany:8 February 2008","Taiwan:9 November 2012",USA:2003,"USA:January 2005","USA:October 2003"}'::text[])))
                                             Rows Removed by Filter: 19
                                             Buffers: shared hit=42257 read=12922
                                 ->  Seq Scan on info_type it1  (cost=0.00..2.41 rows=1 width=4) (actual time=0.013..0.021 rows=1 loops=5)
                                       Filter: (id = 5)
                                       Rows Removed by Filter: 112
                                       Buffers: shared hit=5
                           ->  Seq Scan on info_type it2  (cost=0.00..2.41 rows=1 width=4) (actual time=0.009..0.018 rows=1 loops=5)
                                 Filter: (id = 16)
                                 Rows Removed by Filter: 112
                                 Buffers: shared hit=5
                     ->  Index Scan using movie_id_cast_info on cast_info ci  (cost=0.44..43.32 rows=38 width=12) (actual time=0.044..0.683 rows=57 loops=5)
                           Index Cond: (movie_id = t.id)
                           Buffers: shared hit=31 read=264
               ->  Hash  (cost=1.15..1.15 rows=1 width=4) (actual time=0.034..0.035 rows=1 loops=1)
                     Buckets: 1024  Batches: 1  Memory Usage: 9kB
                     Buffers: shared hit=1
                     ->  Seq Scan on role_type rt  (cost=0.00..1.15 rows=1 width=4) (actual time=0.026..0.028 rows=1 loops=1)
                           Filter: ((role)::text = 'actor'::text)
                           Rows Removed by Filter: 11
                           Buffers: shared hit=1
         ->  Index Scan using name_pkey on name n  (cost=0.43..2.32 rows=1 width=4) (actual time=0.039..0.039 rows=1 loops=59)
               Index Cond: (id = ci.person_id)
               Filter: ((gender)::text = 'm'::text)
               Buffers: shared hit=165 read=71
 Planning:
   Buffers: shared hit=576 read=1
 Planning Time: 12.698 ms
 Execution Time: 1900.073 ms
(72 rows)

