                                                                                               QUERY PLAN                                                                                               
--------------------------------------------------------------------------------------------------------------------------------------------------------------------------------------------------------
 Aggregate  (cost=481209.67..481209.68 rows=1 width=8) (actual time=1693.077..1693.082 rows=1 loops=1)
   Buffers: shared hit=72134 read=40930
   ->  Nested Loop  (cost=32182.71..481209.66 rows=5 width=0) (actual time=112.225..1692.684 rows=2020 loops=1)
         Buffers: shared hit=72134 read=40930
         ->  Hash Join  (cost=32182.28..481177.22 rows=14 width=4) (actual time=112.157..1591.504 rows=3726 loops=1)
               Hash Cond: (ci.role_id = rt.id)
               Buffers: shared hit=58376 read=39784
               ->  Nested Loop  (cost=32181.05..481175.83 rows=43 width=8) (actual time=112.019..1586.122 rows=27713 loops=1)
                     Buffers: shared hit=58375 read=39784
                     ->  Nested Loop  (cost=32180.61..481042.75 rows=3 width=12) (actual time=111.958..1305.690 rows=1912 loops=1)
                           Buffers: shared hit=32354 read=32706
                           ->  Seq Scan on info_type it2  (cost=0.00..2.41 rows=1 width=4) (actual time=0.023..0.028 rows=1 loops=1)
                                 Filter: (id = 2)
                                 Rows Removed by Filter: 112
                                 Buffers: shared hit=1
                           ->  Nested Loop  (cost=32180.61..481040.30 rows=3 width=16) (actual time=111.933..1305.252 rows=1912 loops=1)
                                 Buffers: shared hit=32353 read=32706
                                 ->  Seq Scan on info_type it1  (cost=0.00..2.41 rows=1 width=4) (actual time=0.006..0.013 rows=1 loops=1)
                                       Filter: (id = 16)
                                       Rows Removed by Filter: 112
                                       Buffers: shared hit=1
                                 ->  Nested Loop  (cost=32180.61..481037.86 rows=3 width=20) (actual time=111.924..1304.852 rows=1912 loops=1)
                                       Buffers: shared hit=32352 read=32706
                                       ->  Hash Join  (cost=32180.17..477751.19 rows=77 width=12) (actual time=100.995..1176.408 rows=3072 loops=1)
                                             Hash Cond: (t.kind_id = kt.id)
                                             Buffers: shared hit=16117 read=28793
                                             ->  Nested Loop  (cost=32179.02..477749.47 rows=134 width=16) (actual time=100.964..1174.963 rows=4259 loops=1)
                                                   Buffers: shared hit=16116 read=28793
                                                   ->  Bitmap Heap Scan on movie_info mi1  (cost=32178.59..472659.64 rows=614 width=8) (actual time=100.896..1074.618 rows=4264 loops=1)
                                                         Recheck Cond: (info_type_id = 16)
                                                         Filter: ((info)::text = ANY ('{Australia:1984,Australia:1985,USA:1983,USA:1985,USA:1986,USA:1987,USA:1988,USA:1989}'::text[]))
                                                         Rows Removed by Filter: 3032455
                                                         Heap Blocks: exact=25474
                                                         Buffers: shared hit=2349 read=25504
                                                         ->  Bitmap Index Scan on info_type_id_movie_info  (cost=0.00..32178.44 rows=3010400 width=0) (actual time=89.221..89.221 rows=3036719 loops=1)
                                                               Index Cond: (info_type_id = 16)
                                                               Buffers: shared read=2379
                                                   ->  Index Scan using title_pkey on title t  (cost=0.43..8.29 rows=1 width=8) (actual time=0.023..0.023 rows=1 loops=4264)
                                                         Index Cond: (id = mi1.movie_id)
                                                         Filter: ((production_year <= 1990) AND (production_year >= 1950))
                                                         Rows Removed by Filter: 0
                                                         Buffers: shared hit=13767 read=3289
                                             ->  Hash  (cost=1.10..1.10 rows=4 width=4) (actual time=0.011..0.012 rows=4 loops=1)
                                                   Buckets: 1024  Batches: 1  Memory Usage: 9kB
                                                   Buffers: shared hit=1
                                                   ->  Seq Scan on kind_type kt  (cost=0.00..1.10 rows=4 width=4) (actual time=0.006..0.007 rows=4 loops=1)
                                                         Filter: ((kind)::text = ANY ('{episode,"tv movie","tv series","video game"}'::text[]))
                                                         Rows Removed by Filter: 3
                                                         Buffers: shared hit=1
                                       ->  Index Scan using movie_id_movie_info on movie_info mi2  (cost=0.43..42.67 rows=1 width=8) (actual time=0.035..0.041 rows=1 loops=3072)
                                             Index Cond: (movie_id = t.id)
                                             Filter: (((info)::text = ANY ('{"Black and White",Color}'::text[])) AND (info_type_id = 2))
                                             Rows Removed by Filter: 3
                                             Buffers: shared hit=16235 read=3913
                     ->  Index Scan using movie_id_cast_info on cast_info ci  (cost=0.44..43.98 rows=38 width=12) (actual time=0.030..0.143 rows=14 loops=1912)
                           Index Cond: (movie_id = t.id)
                           Buffers: shared hit=26021 read=7078
               ->  Hash  (cost=1.18..1.18 rows=4 width=4) (actual time=0.026..0.026 rows=4 loops=1)
                     Buckets: 1024  Batches: 1  Memory Usage: 9kB
                     Buffers: shared hit=1
                     ->  Seq Scan on role_type rt  (cost=0.00..1.18 rows=4 width=4) (actual time=0.019..0.021 rows=4 loops=1)
                           Filter: ((role)::text = ANY ('{composer,"costume designer",director,writer}'::text[]))
                           Rows Removed by Filter: 8
                           Buffers: shared hit=1
         ->  Index Scan using name_pkey on name n  (cost=0.43..2.32 rows=1 width=4) (actual time=0.027..0.027 rows=1 loops=3726)
               Index Cond: (id = ci.person_id)
               Filter: (gender IS NULL)
               Rows Removed by Filter: 0
               Buffers: shared hit=13758 read=1146
 Planning:
   Buffers: shared hit=529 read=45
 Planning Time: 9.812 ms
 Execution Time: 1693.558 ms
(73 rows)

