                                                                                                                                                 QUERY PLAN                                                                                                                                                  
-------------------------------------------------------------------------------------------------------------------------------------------------------------------------------------------------------------------------------------------------------------------------------------------------------------
 Aggregate  (cost=984049.63..984049.64 rows=1 width=8) (actual time=52674.588..52674.598 rows=1 loops=1)
   Buffers: shared hit=4650881 read=694969, temp read=5589 written=5519
   ->  Nested Loop  (cost=932575.89..984045.88 rows=1500 width=0) (actual time=980.194..52640.129 rows=176664 loops=1)
         Buffers: shared hit=4650881 read=694969, temp read=5589 written=5519
         ->  Hash Join  (cost=932575.46..978448.88 rows=2413 width=4) (actual time=980.163..45693.885 rows=185136 loops=1)
               Hash Cond: (ci.role_id = rt.id)
               Buffers: shared hit=3986664 read=618642, temp read=5589 written=5519
               ->  Nested Loop  (cost=932574.23..978421.94 rows=7239 width=8) (actual time=980.077..45058.670 rows=3596451 loops=1)
                     Buffers: shared hit=3986663 read=618642, temp read=5589 written=5519
                     ->  Nested Loop  (cost=932573.79..956355.60 rows=505 width=12) (actual time=980.047..9175.315 rows=75003 loops=1)
                           Buffers: shared hit=814397 read=53770, temp read=5589 written=5519
                           ->  Nested Loop  (cost=932573.79..956346.88 rows=505 width=16) (actual time=980.041..9120.285 rows=75003 loops=1)
                                 Buffers: shared hit=814396 read=53770, temp read=5589 written=5519
                                 ->  Nested Loop  (cost=932573.79..956338.15 rows=505 width=20) (actual time=980.016..9065.908 rows=75003 loops=1)
                                       Buffers: shared hit=814395 read=53770, temp read=5589 written=5519
                                       ->  Nested Loop  (cost=932573.65..956320.41 rows=707 width=24) (actual time=979.997..8988.287 rows=75458 loops=1)
                                             Join Filter: (t.id = mi1.movie_id)
                                             Buffers: shared hit=814383 read=53770, temp read=5589 written=5519
                                             ->  Merge Join  (cost=932573.22..933145.36 rows=6508 width=16) (actual time=979.929..1484.360 rows=211898 loops=1)
                                                   Merge Cond: (mi1.movie_id = mi2.movie_id)
                                                   Buffers: shared hit=5677 read=14884, temp read=5589 written=5519
                                                   ->  Sort  (cost=391453.14..391534.21 rows=32430 width=8) (actual time=329.815..396.390 rows=299625 loops=1)
                                                         Sort Key: mi1.movie_id
                                                         Sort Method: external merge  Disk: 5296kB
                                                         Buffers: shared hit=2425 read=8724, temp read=662 written=666
                                                         ->  Bitmap Heap Scan on movie_info mi1  (cost=15878.52..389023.31 rows=32430 width=8) (actual time=38.457..273.983 rows=299625 loops=1)
                                                               Recheck Cond: (info_type_id = 7)
                                                               Filter: ((info)::text = ANY ('{"CAM:Panavision Camera and Lenses","LAB:Laser Pacific Media Corporation, Los Angeles (CA), USA","LAB:Technicolor, USA","OFM:8 mm",PCS:(anamorphic),PCS:HDTV,"PFM:35 mm",PFM:DVD-ROM,"RAT:1.85 : 1"}'::text[]))
                                                               Rows Removed by Filter: 1102277
                                                               Heap Blocks: exact=10050
                                                               Buffers: shared hit=2425 read=8724
                                                               ->  Bitmap Index Scan on info_type_id_movie_info  (cost=0.00..15870.39 rows=1484527 width=0) (actual time=37.186..37.186 rows=1401902 loops=1)
                                                                     Index Cond: (info_type_id = 7)
                                                                     Buffers: shared read=1099
                                                   ->  Sort  (cost=541120.08..541292.54 rows=68983 width=8) (actual time=650.092..827.445 rows=912238 loops=1)
                                                         Sort Key: mi2.movie_id
                                                         Sort Method: external sort  Disk: 19400kB
                                                         Buffers: shared hit=3252 read=6160, temp read=4884 written=4853
                                                         ->  Bitmap Heap Scan on movie_info mi2  (cost=13072.61..535575.93 rows=68983 width=8) (actual time=31.998..429.782 rows=897550 loops=1)
                                                               Recheck Cond: (info_type_id = 4)
                                                               Filter: ((info)::text = ANY ('{Arabic,Catalan,Chinese,Czech,English,Estonian,Filipino,German,Greek,Korean,Persian,Russian,"Swiss German",Thai}'::text[]))
                                                               Rows Removed by Filter: 401439
                                                               Heap Blocks: exact=8393
                                                               Buffers: shared hit=3252 read=6160
                                                               ->  Bitmap Index Scan on info_type_id_movie_info  (cost=0.00..13055.37 rows=1221191 width=0) (actual time=30.957..30.958 rows=1298989 loops=1)
                                                                     Index Cond: (info_type_id = 4)
                                                                     Buffers: shared hit=1 read=1018
                                             ->  Index Scan using title_pkey on title t  (cost=0.43..3.55 rows=1 width=8) (actual time=0.035..0.035 rows=0 loops=211898)
                                                   Index Cond: (id = mi2.movie_id)
                                                   Filter: ((production_year <= 2015) AND (production_year >= 1975))
                                                   Rows Removed by Filter: 1
                                                   Buffers: shared hit=808706 read=38886
                                       ->  Memoize  (cost=0.14..0.17 rows=1 width=4) (actual time=0.000..0.000 rows=1 loops=75458)
                                             Cache Key: t.kind_id
                                             Cache Mode: logical
                                             Hits: 75452  Misses: 6  Evictions: 0  Overflows: 0  Memory Usage: 1kB
                                             Buffers: shared hit=12
                                             ->  Index Scan using kind_type_pkey on kind_type kt  (cost=0.13..0.16 rows=1 width=4) (actual time=0.010..0.010 rows=1 loops=6)
                                                   Index Cond: (id = t.kind_id)
                                                   Filter: ((kind)::text = ANY ('{episode,movie,"tv movie","tv series","video movie"}'::text[]))
                                                   Rows Removed by Filter: 0
                                                   Buffers: shared hit=12
                                 ->  Materialize  (cost=0.00..2.42 rows=1 width=4) (actual time=0.000..0.000 rows=1 loops=75003)
                                       Buffers: shared hit=1
                                       ->  Seq Scan on info_type it1  (cost=0.00..2.41 rows=1 width=4) (actual time=0.022..0.026 rows=1 loops=1)
                                             Filter: (id = 7)
                                             Rows Removed by Filter: 112
                                             Buffers: shared hit=1
                           ->  Materialize  (cost=0.00..2.42 rows=1 width=4) (actual time=0.000..0.000 rows=1 loops=75003)
                                 Buffers: shared hit=1
                                 ->  Seq Scan on info_type it2  (cost=0.00..2.41 rows=1 width=4) (actual time=0.005..0.009 rows=1 loops=1)
                                       Filter: (id = 4)
                                       Rows Removed by Filter: 112
                                       Buffers: shared hit=1
                     ->  Index Scan using movie_id_cast_info on cast_info ci  (cost=0.44..43.32 rows=38 width=12) (actual time=0.037..0.466 rows=48 loops=75003)
                           Index Cond: (movie_id = t.id)
                           Buffers: shared hit=3172266 read=564872
               ->  Hash  (cost=1.18..1.18 rows=4 width=4) (actual time=0.031..0.032 rows=4 loops=1)
                     Buckets: 1024  Batches: 1  Memory Usage: 9kB
                     Buffers: shared hit=1
                     ->  Seq Scan on role_type rt  (cost=0.00..1.18 rows=4 width=4) (actual time=0.023..0.026 rows=4 loops=1)
                           Filter: ((role)::text = ANY ('{composer,director,guest,"production designer"}'::text[]))
                           Rows Removed by Filter: 8
                           Buffers: shared hit=1
         ->  Index Scan using name_pkey on name n  (cost=0.43..2.32 rows=1 width=4) (actual time=0.037..0.037 rows=1 loops=185136)
               Index Cond: (id = ci.person_id)
               Filter: (((gender)::text = 'm'::text) OR (gender IS NULL))
               Rows Removed by Filter: 0
               Buffers: shared hit=664217 read=76327
 Planning:
   Buffers: shared hit=486 read=91
 Planning Time: 13.889 ms
 Execution Time: 52682.190 ms
(93 rows)

