                                                                                                  QUERY PLAN                                                                                                   
---------------------------------------------------------------------------------------------------------------------------------------------------------------------------------------------------------------
 Aggregate  (cost=647366.90..647366.91 rows=1 width=8) (actual time=11264.119..11264.128 rows=1 loops=1)
   Buffers: shared hit=858794 read=278363, temp read=1818 written=1818
   ->  Nested Loop  (cost=99854.58..647366.79 rows=47 width=0) (actual time=585.223..11263.139 rows=2597 loops=1)
         Buffers: shared hit=858794 read=278363, temp read=1818 written=1818
         ->  Hash Join  (cost=99854.15..646895.92 rows=203 width=4) (actual time=578.468..8646.167 rows=74649 loops=1)
               Hash Cond: (ci.role_id = rt.id)
               Buffers: shared hit=589494 read=249067, temp read=1818 written=1818
               ->  Nested Loop  (cost=99852.90..646892.93 rows=487 width=8) (actual time=578.391..8584.190 rows=288632 loops=1)
                     Buffers: shared hit=589493 read=249067, temp read=1818 written=1818
                     ->  Nested Loop  (cost=99852.46..645384.65 rows=34 width=12) (actual time=578.356..5487.038 rows=13199 loops=1)
                           Buffers: shared hit=357160 read=161376, temp read=1818 written=1818
                           ->  Seq Scan on info_type it2  (cost=0.00..2.41 rows=1 width=4) (actual time=0.028..0.038 rows=1 loops=1)
                                 Filter: (id = 8)
                                 Rows Removed by Filter: 112
                                 Buffers: shared hit=1
                           ->  Nested Loop  (cost=99852.46..645381.90 rows=34 width=16) (actual time=578.327..5484.022 rows=13199 loops=1)
                                 Buffers: shared hit=357159 read=161376, temp read=1818 written=1818
                                 ->  Seq Scan on info_type it1  (cost=0.00..2.41 rows=1 width=4) (actual time=0.008..0.022 rows=1 loops=1)
                                       Filter: (id = 3)
                                       Rows Removed by Filter: 112
                                       Buffers: shared hit=1
                                 ->  Nested Loop  (cost=99852.46..645379.14 rows=34 width=20) (actual time=578.315..5480.819 rows=13199 loops=1)
                                       Buffers: shared hit=357158 read=161376, temp read=1818 written=1818
                                       ->  Hash Join  (cost=99852.02..505767.90 rows=3232 width=12) (actual time=576.319..1201.691 rows=40326 loops=1)
                                             Hash Cond: (t.kind_id = kt.id)
                                             Buffers: shared hit=8426 read=38941, temp read=1818 written=1818
                                             ->  Hash Join  (cost=99850.82..505750.81 rows=3770 width=16) (actual time=576.279..1186.813 rows=40326 loops=1)
                                                   Hash Cond: (mi1.movie_id = t.id)
                                                   Buffers: shared hit=8425 read=38941, temp read=1818 written=1818
                                                   ->  Bitmap Heap Scan on movie_info mi1  (cost=16452.77..420008.55 rows=17221 width=8) (actual time=41.177..514.072 rows=165087 loops=1)
                                                         Recheck Cond: (info_type_id = 3)
                                                         Filter: ((info)::text = ANY ('{Action,Family,Musical,News,Sport,Thriller}'::text[]))
                                                         Rows Removed by Filter: 1368822
                                                         Heap Blocks: exact=9772
                                                         Buffers: shared hit=1006 read=9969
                                                         ->  Bitmap Index Scan on info_type_id_movie_info  (cost=0.00..16448.47 rows=1538671 width=0) (actual time=39.965..39.965 rows=1533909 loops=1)
                                                               Index Cond: (info_type_id = 3)
                                                               Buffers: shared hit=1 read=1202
                                                   ->  Hash  (cost=74315.95..74315.95 rows=553528 width=8) (actual time=534.028..534.029 rows=543002 loops=1)
                                                         Buckets: 262144  Batches: 4  Memory Usage: 7353kB
                                                         Buffers: shared hit=7419 read=28972, temp written=1390
                                                         ->  Seq Scan on title t  (cost=0.00..74315.95 rows=553528 width=8) (actual time=0.021..439.737 rows=543002 loops=1)
                                                               Filter: ((production_year <= 1990) AND (production_year >= 1950))
                                                               Rows Removed by Filter: 1985310
                                                               Buffers: shared hit=7419 read=28972
                                             ->  Hash  (cost=1.12..1.12 rows=6 width=4) (actual time=0.018..0.020 rows=6 loops=1)
                                                   Buckets: 1024  Batches: 1  Memory Usage: 9kB
                                                   Buffers: shared hit=1
                                                   ->  Seq Scan on kind_type kt  (cost=0.00..1.12 rows=6 width=4) (actual time=0.009..0.011 rows=6 loops=1)
                                                         Filter: ((kind)::text = ANY ('{episode,movie,"tv movie","tv series","video game","video movie"}'::text[]))
                                                         Rows Removed by Filter: 1
                                                         Buffers: shared hit=1
                                       ->  Index Scan using movie_id_movie_info on movie_info mi2  (cost=0.43..43.19 rows=1 width=8) (actual time=0.102..0.106 rows=0 loops=40326)
                                             Index Cond: (movie_id = t.id)
                                             Filter: ((info_type_id = 8) AND ((info)::text = ANY ('{Austria,France,India,Israel,Japan,Norway,Portugal,"Soviet Union",Sweden,Switzerland,Taiwan,UK}'::text[])))
                                             Rows Removed by Filter: 20
                                             Buffers: shared hit=348732 read=122435
                     ->  Index Scan using movie_id_cast_info on cast_info ci  (cost=0.44..43.98 rows=38 width=12) (actual time=0.036..0.229 rows=22 loops=13199)
                           Index Cond: (movie_id = t.id)
                           Buffers: shared hit=232333 read=87691
               ->  Hash  (cost=1.20..1.20 rows=5 width=4) (actual time=0.037..0.038 rows=5 loops=1)
                     Buckets: 1024  Batches: 1  Memory Usage: 9kB
                     Buffers: shared hit=1
                     ->  Seq Scan on role_type rt  (cost=0.00..1.20 rows=5 width=4) (actual time=0.027..0.031 rows=5 loops=1)
                           Filter: ((role)::text = ANY ('{composer,director,"miscellaneous crew","production designer",writer}'::text[]))
                           Rows Removed by Filter: 7
                           Buffers: shared hit=1
         ->  Index Scan using name_pkey on name n  (cost=0.43..2.32 rows=1 width=4) (actual time=0.035..0.035 rows=0 loops=74649)
               Index Cond: (id = ci.person_id)
               Filter: ((gender)::text = 'f'::text)
               Rows Removed by Filter: 1
               Buffers: shared hit=269300 read=29296
 Planning:
   Buffers: shared hit=574
 Planning Time: 12.594 ms
 Execution Time: 11264.744 ms
(76 rows)

