                                                                                                     QUERY PLAN                                                                                                     
--------------------------------------------------------------------------------------------------------------------------------------------------------------------------------------------------------------------
 Aggregate  (cost=715921.76..715921.77 rows=1 width=136) (actual time=11788.211..11788.221 rows=1 loops=1)
   Buffers: shared hit=1078039 read=437702
   ->  Hash Join  (cost=2574.36..715921.22 rows=36 width=58) (actual time=21.619..11784.114 rows=2053 loops=1)
         Hash Cond: (catalog_returns.cr_call_center_sk = call_center.cc_call_center_sk)
         Buffers: shared hit=1078039 read=437702
         ->  Nested Loop  (cost=2571.68..715918.44 rows=36 width=18) (actual time=21.512..11782.437 rows=2082 loops=1)
               Buffers: shared hit=1078037 read=437702
               ->  Nested Loop  (cost=2571.26..715863.88 rows=82 width=22) (actual time=21.465..11715.368 rows=2478 loops=1)
                     Buffers: shared hit=1068546 read=437281
                     ->  Nested Loop  (cost=2570.83..714805.30 rows=1478 width=26) (actual time=21.422..10889.300 rows=31625 loops=1)
                           Buffers: shared hit=965162 read=416501
                           ->  Nested Loop  (cost=2570.54..712473.67 rows=8871 width=30) (actual time=20.958..10618.053 rows=231836 loops=1)
                                 Buffers: shared hit=943580 read=416501
                                 ->  Hash Join  (cost=2570.11..706541.60 rows=8871 width=22) (actual time=20.887..5203.911 rows=236498 loops=1)
                                       Hash Cond: (catalog_returns.cr_returned_date_sk = date_dim.d_date_sk)
                                       Buffers: shared hit=18995 read=413742
                                       ->  Seq Scan on catalog_returns  (cost=0.00..647267.12 rows=21600412 width=26) (actual time=0.164..3446.503 rows=21598628 loops=1)
                                             Buffers: shared hit=17521 read=413742
                                       ->  Hash  (cost=2569.73..2569.73 rows=30 width=4) (actual time=20.636..20.638 rows=30 loops=1)
                                             Buckets: 1024  Batches: 1  Memory Usage: 10kB
                                             Buffers: shared hit=1474
                                             ->  Seq Scan on date_dim  (cost=0.00..2569.73 rows=30 width=4) (actual time=9.617..20.616 rows=30 loops=1)
                                                   Filter: ((d_year = 1998) AND (d_moy = 9))
                                                   Rows Removed by Filter: 73019
                                                   Buffers: shared hit=1474
                                 ->  Index Scan using customer_pkey on customer  (cost=0.43..0.67 rows=1 width=16) (actual time=0.022..0.022 rows=1 loops=236498)
                                       Index Cond: (c_customer_sk = catalog_returns.cr_returning_customer_sk)
                                       Buffers: shared hit=924585 read=2759
                           ->  Memoize  (cost=0.29..0.31 rows=1 width=4) (actual time=0.001..0.001 rows=0 loops=231836)
                                 Cache Key: customer.c_current_hdemo_sk
                                 Cache Mode: logical
                                 Hits: 224641  Misses: 7195  Evictions: 0  Overflows: 0  Memory Usage: 520kB
                                 Buffers: shared hit=21582
                                 ->  Index Scan using household_demographics_pkey on household_demographics  (cost=0.28..0.30 rows=1 width=4) (actual time=0.013..0.013 rows=0 loops=7195)
                                       Index Cond: (hd_demo_sk = customer.c_current_hdemo_sk)
                                       Filter: (hd_buy_potential ~~ '1001-5000%'::text)
                                       Rows Removed by Filter: 1
                                       Buffers: shared hit=21582
                     ->  Index Scan using customer_demographics_pkey on customer_demographics  (cost=0.43..0.72 rows=1 width=4) (actual time=0.026..0.026 rows=0 loops=31625)
                           Index Cond: (cd_demo_sk = customer.c_current_cdemo_sk)
                           Filter: (((cd_marital_status = 'M'::bpchar) AND (cd_education_status = 'Unknown'::bpchar)) OR ((cd_marital_status = 'W'::bpchar) AND (cd_education_status = 'Advanced Degree'::bpchar)))
                           Rows Removed by Filter: 1
                           Buffers: shared hit=103384 read=20780
               ->  Index Scan using customer_address_pkey on customer_address  (cost=0.42..0.67 rows=1 width=4) (actual time=0.026..0.026 rows=1 loops=2478)
                     Index Cond: (ca_address_sk = customer.c_current_addr_sk)
                     Filter: (ca_gmt_offset = '-6'::numeric)
                     Rows Removed by Filter: 0
                     Buffers: shared hit=9491 read=421
         ->  Hash  (cost=2.30..2.30 rows=30 width=48) (actual time=0.077..0.077 rows=30 loops=1)
               Buckets: 1024  Batches: 1  Memory Usage: 11kB
               Buffers: shared hit=2
               ->  Seq Scan on call_center  (cost=0.00..2.30 rows=30 width=48) (actual time=0.029..0.050 rows=30 loops=1)
                     Buffers: shared hit=2
 Planning:
   Buffers: shared hit=415
 Planning Time: 4.509 ms
 Execution Time: 11789.104 ms
(57 rows)

