                                                                                                     QUERY PLAN                                                                                                     
--------------------------------------------------------------------------------------------------------------------------------------------------------------------------------------------------------------------
 Aggregate  (cost=715437.52..715437.53 rows=1 width=136) (actual time=12428.801..12428.808 rows=1 loops=1)
   Buffers: shared hit=1186609 read=420634
   ->  Hash Join  (cost=2574.33..715437.01 rows=34 width=58) (actual time=952.144..12422.347 rows=3405 loops=1)
         Hash Cond: (catalog_returns.cr_call_center_sk = call_center.cc_call_center_sk)
         Buffers: shared hit=1186609 read=420634
         ->  Nested Loop  (cost=2571.66..715434.23 rows=34 width=18) (actual time=952.090..12419.804 rows=3443 loops=1)
               Buffers: shared hit=1186607 read=420634
               ->  Nested Loop  (cost=2571.23..715383.67 rows=76 width=22) (actual time=950.200..12244.230 rows=6414 loops=1)
                     Buffers: shared hit=1163450 read=418135
                     ->  Nested Loop  (cost=2570.80..714395.28 rows=1380 width=26) (actual time=946.645..11177.333 rows=42479 loops=1)
                           Buffers: shared hit=1005035 read=409714
                           ->  Nested Loop  (cost=2570.51..712078.44 rows=8280 width=30) (actual time=946.612..10882.491 rows=240106 loops=1)
                                 Buffers: shared hit=983447 read=409714
                                 ->  Hash Join  (cost=2570.08..706541.58 rows=8280 width=22) (actual time=946.558..5188.963 rows=244928 loops=1)
                                       Hash Cond: (catalog_returns.cr_returned_date_sk = date_dim.d_date_sk)
                                       Buffers: shared hit=24149 read=408588
                                       ->  Seq Scan on catalog_returns  (cost=0.00..647267.12 rows=21600412 width=26) (actual time=0.121..3414.520 rows=21598628 loops=1)
                                             Buffers: shared hit=22675 read=408588
                                       ->  Hash  (cost=2569.73..2569.73 rows=28 width=4) (actual time=11.316..11.317 rows=29 loops=1)
                                             Buckets: 1024  Batches: 1  Memory Usage: 10kB
                                             Buffers: shared hit=1474
                                             ->  Seq Scan on date_dim  (cost=0.00..2569.73 rows=28 width=4) (actual time=5.843..11.302 rows=29 loops=1)
                                                   Filter: ((d_year = 2000) AND (d_moy = 2))
                                                   Rows Removed by Filter: 73020
                                                   Buffers: shared hit=1474
                                 ->  Index Scan using customer_pkey on customer  (cost=0.43..0.67 rows=1 width=16) (actual time=0.023..0.023 rows=1 loops=244928)
                                       Index Cond: (c_customer_sk = catalog_returns.cr_returning_customer_sk)
                                       Buffers: shared hit=959298 read=1126
                           ->  Memoize  (cost=0.29..0.31 rows=1 width=4) (actual time=0.001..0.001 rows=0 loops=240106)
                                 Cache Key: customer.c_current_hdemo_sk
                                 Cache Mode: logical
                                 Hits: 232909  Misses: 7197  Evictions: 0  Overflows: 0  Memory Usage: 520kB
                                 Buffers: shared hit=21588
                                 ->  Index Scan using household_demographics_pkey on household_demographics  (cost=0.28..0.30 rows=1 width=4) (actual time=0.015..0.015 rows=0 loops=7197)
                                       Index Cond: (hd_demo_sk = customer.c_current_hdemo_sk)
                                       Filter: (hd_buy_potential ~~ '>10000%'::text)
                                       Rows Removed by Filter: 1
                                       Buffers: shared hit=21588
                     ->  Index Scan using customer_demographics_pkey on customer_demographics  (cost=0.43..0.72 rows=1 width=4) (actual time=0.025..0.025 rows=0 loops=42479)
                           Index Cond: (cd_demo_sk = customer.c_current_cdemo_sk)
                           Filter: (((cd_marital_status = 'M'::bpchar) AND (cd_education_status = 'Unknown'::bpchar)) OR ((cd_marital_status = 'W'::bpchar) AND (cd_education_status = 'Advanced Degree'::bpchar)))
                           Rows Removed by Filter: 1
                           Buffers: shared hit=158415 read=8421
               ->  Index Scan using customer_address_pkey on customer_address  (cost=0.42..0.67 rows=1 width=4) (actual time=0.027..0.027 rows=1 loops=6414)
                     Index Cond: (ca_address_sk = customer.c_current_addr_sk)
                     Filter: (ca_gmt_offset = '-6'::numeric)
                     Rows Removed by Filter: 0
                     Buffers: shared hit=23157 read=2499
         ->  Hash  (cost=2.30..2.30 rows=30 width=48) (actual time=0.038..0.039 rows=30 loops=1)
               Buckets: 1024  Batches: 1  Memory Usage: 11kB
               Buffers: shared hit=2
               ->  Seq Scan on call_center  (cost=0.00..2.30 rows=30 width=48) (actual time=0.015..0.026 rows=30 loops=1)
                     Buffers: shared hit=2
 Planning:
   Buffers: shared hit=415
 Planning Time: 2.022 ms
 Execution Time: 12429.288 ms
(57 rows)

