                                                                                                  QUERY PLAN                                                                                                  
--------------------------------------------------------------------------------------------------------------------------------------------------------------------------------------------------------------
 Aggregate  (cost=715903.32..715903.33 rows=1 width=136) (actual time=12935.047..12935.054 rows=1 loops=1)
   Buffers: shared hit=1253019 read=427529
   ->  Nested Loop  (cost=2571.82..715903.18 rows=9 width=58) (actual time=1955.004..12933.150 rows=670 loops=1)
         Buffers: shared hit=1253019 read=427529
         ->  Nested Loop  (cost=2571.68..715901.79 rows=9 width=18) (actual time=1954.990..12924.897 rows=674 loops=1)
               Buffers: shared hit=1251679 read=427529
               ->  Nested Loop  (cost=2571.25..715788.62 rows=158 width=22) (actual time=1929.194..12786.160 rows=5422 loops=1)
                     Buffers: shared hit=1231334 read=426606
                     ->  Nested Loop  (cost=2570.83..714805.30 rows=1478 width=26) (actual time=1925.894..11759.820 rows=40044 loops=1)
                           Buffers: shared hit=1084465 read=413299
                           ->  Nested Loop  (cost=2570.54..712473.67 rows=8871 width=30) (actual time=1925.868..11451.025 rows=260859 loops=1)
                                 Buffers: shared hit=1062874 read=413299
                                 ->  Hash Join  (cost=2570.11..706541.60 rows=8871 width=22) (actual time=1925.802..5255.763 rows=266327 loops=1)
                                       Hash Cond: (catalog_returns.cr_returned_date_sk = date_dim.d_date_sk)
                                       Buffers: shared hit=20242 read=412495
                                       ->  Seq Scan on catalog_returns  (cost=0.00..647267.12 rows=21600412 width=26) (actual time=0.577..3469.032 rows=21598628 loops=1)
                                             Buffers: shared hit=18768 read=412495
                                       ->  Hash  (cost=2569.73..2569.73 rows=30 width=4) (actual time=17.105..17.106 rows=30 loops=1)
                                             Buckets: 1024  Batches: 1  Memory Usage: 10kB
                                             Buffers: shared hit=1474
                                             ->  Seq Scan on date_dim  (cost=0.00..2569.73 rows=30 width=4) (actual time=9.065..17.088 rows=30 loops=1)
                                                   Filter: ((d_year = 2001) AND (d_moy = 9))
                                                   Rows Removed by Filter: 73019
                                                   Buffers: shared hit=1474
                                 ->  Index Scan using customer_pkey on customer  (cost=0.43..0.67 rows=1 width=16) (actual time=0.023..0.023 rows=1 loops=266327)
                                       Index Cond: (c_customer_sk = catalog_returns.cr_returning_customer_sk)
                                       Buffers: shared hit=1042632 read=804
                           ->  Memoize  (cost=0.29..0.31 rows=1 width=4) (actual time=0.001..0.001 rows=0 loops=260859)
                                 Cache Key: customer.c_current_hdemo_sk
                                 Cache Mode: logical
                                 Hits: 253661  Misses: 7198  Evictions: 0  Overflows: 0  Memory Usage: 521kB
                                 Buffers: shared hit=21591
                                 ->  Index Scan using household_demographics_pkey on household_demographics  (cost=0.28..0.30 rows=1 width=4) (actual time=0.015..0.015 rows=0 loops=7198)
                                       Index Cond: (hd_demo_sk = customer.c_current_hdemo_sk)
                                       Filter: (hd_buy_potential ~~ '0-500%'::text)
                                       Rows Removed by Filter: 1
                                       Buffers: shared hit=21591
                     ->  Index Scan using customer_address_pkey on customer_address  (cost=0.42..0.67 rows=1 width=4) (actual time=0.025..0.025 rows=0 loops=40044)
                           Index Cond: (ca_address_sk = customer.c_current_addr_sk)
                           Filter: (ca_gmt_offset = '-7'::numeric)
                           Rows Removed by Filter: 1
                           Buffers: shared hit=146869 read=13307
               ->  Index Scan using customer_demographics_pkey on customer_demographics  (cost=0.43..0.72 rows=1 width=4) (actual time=0.025..0.025 rows=0 loops=5422)
                     Index Cond: (cd_demo_sk = customer.c_current_cdemo_sk)
                     Filter: (((cd_marital_status = 'M'::bpchar) AND (cd_education_status = 'Unknown'::bpchar)) OR ((cd_marital_status = 'W'::bpchar) AND (cd_education_status = 'Advanced Degree'::bpchar)))
                     Rows Removed by Filter: 1
                     Buffers: shared hit=20345 read=923
         ->  Index Scan using call_center_pkey on call_center  (cost=0.14..0.16 rows=1 width=48) (actual time=0.011..0.011 rows=1 loops=674)
               Index Cond: (cc_call_center_sk = catalog_returns.cr_call_center_sk)
               Buffers: shared hit=1340
 Planning:
   Buffers: shared hit=415
 Planning Time: 4.142 ms
 Execution Time: 12935.709 ms
(54 rows)

