                                                                                                  QUERY PLAN                                                                                                  
--------------------------------------------------------------------------------------------------------------------------------------------------------------------------------------------------------------
 Aggregate  (cost=715903.32..715903.33 rows=1 width=136) (actual time=12473.764..12473.771 rows=1 loops=1)
   Buffers: shared hit=1202184 read=420295
   ->  Nested Loop  (cost=2571.82..715903.18 rows=9 width=58) (actual time=1100.992..12472.758 rows=280 loops=1)
         Buffers: shared hit=1202184 read=420295
         ->  Nested Loop  (cost=2571.68..715901.79 rows=9 width=18) (actual time=1100.977..12468.041 rows=281 loops=1)
               Buffers: shared hit=1201624 read=420295
               ->  Nested Loop  (cost=2571.25..715788.62 rows=158 width=22) (actual time=995.849..12379.012 rows=3055 loops=1)
                     Buffers: shared hit=1190412 read=419499
                     ->  Nested Loop  (cost=2570.83..714805.30 rows=1478 width=26) (actual time=989.319..11358.119 rows=41209 loops=1)
                           Buffers: shared hit=1035994 read=409081
                           ->  Nested Loop  (cost=2570.54..712473.67 rows=8871 width=30) (actual time=985.251..11067.151 rows=247689 loops=1)
                                 Buffers: shared hit=1014412 read=409081
                                 ->  Hash Join  (cost=2570.11..706541.60 rows=8871 width=22) (actual time=985.195..5245.924 rows=252693 loops=1)
                                       Hash Cond: (catalog_returns.cr_returned_date_sk = date_dim.d_date_sk)
                                       Buffers: shared hit=24283 read=408454
                                       ->  Seq Scan on catalog_returns  (cost=0.00..647267.12 rows=21600412 width=26) (actual time=0.605..3481.374 rows=21598628 loops=1)
                                             Buffers: shared hit=22809 read=408454
                                       ->  Hash  (cost=2569.73..2569.73 rows=30 width=4) (actual time=18.173..18.174 rows=31 loops=1)
                                             Buckets: 1024  Batches: 1  Memory Usage: 10kB
                                             Buffers: shared hit=1474
                                             ->  Seq Scan on date_dim  (cost=0.00..2569.73 rows=30 width=4) (actual time=8.534..18.157 rows=31 loops=1)
                                                   Filter: ((d_year = 2000) AND (d_moy = 5))
                                                   Rows Removed by Filter: 73018
                                                   Buffers: shared hit=1474
                                 ->  Index Scan using customer_pkey on customer  (cost=0.43..0.67 rows=1 width=16) (actual time=0.022..0.022 rows=1 loops=252693)
                                       Index Cond: (c_customer_sk = catalog_returns.cr_returning_customer_sk)
                                       Buffers: shared hit=990129 read=627
                           ->  Memoize  (cost=0.29..0.31 rows=1 width=4) (actual time=0.001..0.001 rows=0 loops=247689)
                                 Cache Key: customer.c_current_hdemo_sk
                                 Cache Mode: logical
                                 Hits: 240494  Misses: 7195  Evictions: 0  Overflows: 0  Memory Usage: 520kB
                                 Buffers: shared hit=21582
                                 ->  Index Scan using household_demographics_pkey on household_demographics  (cost=0.28..0.30 rows=1 width=4) (actual time=0.014..0.014 rows=0 loops=7195)
                                       Index Cond: (hd_demo_sk = customer.c_current_hdemo_sk)
                                       Filter: (hd_buy_potential ~~ '501-1000%'::text)
                                       Rows Removed by Filter: 1
                                       Buffers: shared hit=21582
                     ->  Index Scan using customer_address_pkey on customer_address  (cost=0.42..0.67 rows=1 width=4) (actual time=0.024..0.024 rows=0 loops=41209)
                           Index Cond: (ca_address_sk = customer.c_current_addr_sk)
                           Filter: (ca_gmt_offset = '-7'::numeric)
                           Rows Removed by Filter: 1
                           Buffers: shared hit=154418 read=10418
               ->  Index Scan using customer_demographics_pkey on customer_demographics  (cost=0.43..0.72 rows=1 width=4) (actual time=0.029..0.029 rows=0 loops=3055)
                     Index Cond: (cd_demo_sk = customer.c_current_cdemo_sk)
                     Filter: (((cd_marital_status = 'M'::bpchar) AND (cd_education_status = 'Unknown'::bpchar)) OR ((cd_marital_status = 'W'::bpchar) AND (cd_education_status = 'Advanced Degree'::bpchar)))
                     Rows Removed by Filter: 1
                     Buffers: shared hit=11212 read=796
         ->  Index Scan using call_center_pkey on call_center  (cost=0.14..0.16 rows=1 width=48) (actual time=0.015..0.015 rows=1 loops=281)
               Index Cond: (cc_call_center_sk = catalog_returns.cr_call_center_sk)
               Buffers: shared hit=560
 Planning:
   Buffers: shared hit=415
 Planning Time: 4.260 ms
 Execution Time: 12474.644 ms
(54 rows)

