                                                                                                     QUERY PLAN                                                                                                     
--------------------------------------------------------------------------------------------------------------------------------------------------------------------------------------------------------------------
 Aggregate  (cost=715921.76..715921.77 rows=1 width=136) (actual time=15634.454..15634.460 rows=1 loops=1)
   Buffers: shared hit=1657396 read=424428
   ->  Hash Join  (cost=2574.36..715921.22 rows=36 width=58) (actual time=2522.595..15627.673 rows=3184 loops=1)
         Hash Cond: (catalog_returns.cr_call_center_sk = call_center.cc_call_center_sk)
         Buffers: shared hit=1657396 read=424428
         ->  Nested Loop  (cost=2571.68..715918.44 rows=36 width=18) (actual time=2522.486..15624.908 rows=3221 loops=1)
               Buffers: shared hit=1657394 read=424428
               ->  Nested Loop  (cost=2571.26..715863.88 rows=82 width=22) (actual time=2517.730..15527.925 rows=3839 loops=1)
                     Buffers: shared hit=1642792 read=423674
                     ->  Nested Loop  (cost=2570.83..714805.30 rows=1478 width=26) (actual time=2503.902..14255.760 rows=48406 loops=1)
                           Buffers: shared hit=1471160 read=405278
                           ->  Nested Loop  (cost=2570.54..712473.67 rows=8871 width=30) (actual time=2503.701..13855.017 rows=355526 loops=1)
                                 Buffers: shared hit=1449563 read=405278
                                 ->  Hash Join  (cost=2570.11..706541.60 rows=8871 width=22) (actual time=2503.659..5575.495 rows=362762 loops=1)
                                       Hash Cond: (catalog_returns.cr_returned_date_sk = date_dim.d_date_sk)
                                       Buffers: shared hit=27927 read=404810
                                       ->  Seq Scan on catalog_returns  (cost=0.00..647267.12 rows=21600412 width=26) (actual time=0.043..3702.142 rows=21598628 loops=1)
                                             Buffers: shared hit=27693 read=403570
                                       ->  Hash  (cost=2569.73..2569.73 rows=30 width=4) (actual time=22.368..22.369 rows=31 loops=1)
                                             Buckets: 1024  Batches: 1  Memory Usage: 10kB
                                             Buffers: shared hit=234 read=1240
                                             ->  Seq Scan on date_dim  (cost=0.00..2569.73 rows=30 width=4) (actual time=12.891..22.351 rows=31 loops=1)
                                                   Filter: ((d_year = 2002) AND (d_moy = 5))
                                                   Rows Removed by Filter: 73018
                                                   Buffers: shared hit=234 read=1240
                                 ->  Index Scan using customer_pkey on customer  (cost=0.43..0.67 rows=1 width=16) (actual time=0.022..0.022 rows=1 loops=362762)
                                       Index Cond: (c_customer_sk = catalog_returns.cr_returning_customer_sk)
                                       Buffers: shared hit=1421636 read=468
                           ->  Memoize  (cost=0.29..0.31 rows=1 width=4) (actual time=0.001..0.001 rows=0 loops=355526)
                                 Cache Key: customer.c_current_hdemo_sk
                                 Cache Mode: logical
                                 Hits: 348326  Misses: 7200  Evictions: 0  Overflows: 0  Memory Usage: 521kB
                                 Buffers: shared hit=21597
                                 ->  Index Scan using household_demographics_pkey on household_demographics  (cost=0.28..0.30 rows=1 width=4) (actual time=0.018..0.018 rows=0 loops=7200)
                                       Index Cond: (hd_demo_sk = customer.c_current_hdemo_sk)
                                       Filter: (hd_buy_potential ~~ '1001-5000%'::text)
                                       Rows Removed by Filter: 1
                                       Buffers: shared hit=21597
                     ->  Index Scan using customer_demographics_pkey on customer_demographics  (cost=0.43..0.72 rows=1 width=4) (actual time=0.026..0.026 rows=0 loops=48406)
                           Index Cond: (cd_demo_sk = customer.c_current_cdemo_sk)
                           Filter: (((cd_marital_status = 'M'::bpchar) AND (cd_education_status = 'Unknown'::bpchar)) OR ((cd_marital_status = 'W'::bpchar) AND (cd_education_status = 'Advanced Degree'::bpchar)))
                           Rows Removed by Filter: 1
                           Buffers: shared hit=171632 read=18396
               ->  Index Scan using customer_address_pkey on customer_address  (cost=0.42..0.67 rows=1 width=4) (actual time=0.024..0.024 rows=1 loops=3839)
                     Index Cond: (ca_address_sk = customer.c_current_addr_sk)
                     Filter: (ca_gmt_offset = '-6'::numeric)
                     Rows Removed by Filter: 0
                     Buffers: shared hit=14602 read=754
         ->  Hash  (cost=2.30..2.30 rows=30 width=48) (actual time=0.079..0.079 rows=30 loops=1)
               Buckets: 1024  Batches: 1  Memory Usage: 11kB
               Buffers: shared hit=2
               ->  Seq Scan on call_center  (cost=0.00..2.30 rows=30 width=48) (actual time=0.029..0.048 rows=30 loops=1)
                     Buffers: shared hit=2
 Planning:
   Buffers: shared hit=384 read=31
 Planning Time: 4.754 ms
 Execution Time: 15635.259 ms
(57 rows)

