                                                                                                     QUERY PLAN                                                                                                     
--------------------------------------------------------------------------------------------------------------------------------------------------------------------------------------------------------------------
 Aggregate  (cost=715921.76..715921.77 rows=1 width=136) (actual time=14302.559..14302.567 rows=1 loops=1)
   Buffers: shared hit=1468288 read=428480
   ->  Hash Join  (cost=2574.36..715921.22 rows=36 width=58) (actual time=1685.441..14301.012 rows=545 loops=1)
         Hash Cond: (catalog_returns.cr_call_center_sk = call_center.cc_call_center_sk)
         Buffers: shared hit=1468288 read=428480
         ->  Nested Loop  (cost=2571.68..715918.44 rows=36 width=18) (actual time=1685.362..14300.336 rows=551 loops=1)
               Buffers: shared hit=1468286 read=428480
               ->  Nested Loop  (cost=2571.26..715863.88 rows=82 width=22) (actual time=1684.264..14206.382 rows=3485 loops=1)
                     Buffers: shared hit=1455131 read=427695
                     ->  Nested Loop  (cost=2570.83..714805.30 rows=1478 width=26) (actual time=1676.231..12972.780 rows=48973 loops=1)
                           Buffers: shared hit=1278409 read=411961
                           ->  Nested Loop  (cost=2570.54..712473.67 rows=8871 width=30) (actual time=1672.324..12644.613 rows=309009 loops=1)
                                 Buffers: shared hit=1256812 read=411961
                                 ->  Hash Join  (cost=2570.11..706541.60 rows=8871 width=22) (actual time=1672.282..5471.459 rows=315361 loops=1)
                                       Hash Cond: (catalog_returns.cr_returned_date_sk = date_dim.d_date_sk)
                                       Buffers: shared hit=21112 read=411625
                                       ->  Seq Scan on catalog_returns  (cost=0.00..647267.12 rows=21600412 width=26) (actual time=0.023..3584.320 rows=21598628 loops=1)
                                             Buffers: shared hit=19638 read=411625
                                       ->  Hash  (cost=2569.73..2569.73 rows=30 width=4) (actual time=20.725..20.726 rows=30 loops=1)
                                             Buckets: 1024  Batches: 1  Memory Usage: 10kB
                                             Buffers: shared hit=1474
                                             ->  Seq Scan on date_dim  (cost=0.00..2569.73 rows=30 width=4) (actual time=8.764..20.706 rows=30 loops=1)
                                                   Filter: ((d_year = 2001) AND (d_moy = 4))
                                                   Rows Removed by Filter: 73019
                                                   Buffers: shared hit=1474
                                 ->  Index Scan using customer_pkey on customer  (cost=0.43..0.67 rows=1 width=16) (actual time=0.022..0.022 rows=1 loops=315361)
                                       Index Cond: (c_customer_sk = catalog_returns.cr_returning_customer_sk)
                                       Buffers: shared hit=1235700 read=336
                           ->  Memoize  (cost=0.29..0.31 rows=1 width=4) (actual time=0.001..0.001 rows=0 loops=309009)
                                 Cache Key: customer.c_current_hdemo_sk
                                 Cache Mode: logical
                                 Hits: 301809  Misses: 7200  Evictions: 0  Overflows: 0  Memory Usage: 521kB
                                 Buffers: shared hit=21597
                                 ->  Index Scan using household_demographics_pkey on household_demographics  (cost=0.28..0.30 rows=1 width=4) (actual time=0.014..0.014 rows=0 loops=7200)
                                       Index Cond: (hd_demo_sk = customer.c_current_hdemo_sk)
                                       Filter: (hd_buy_potential ~~ '5001-10000%'::text)
                                       Rows Removed by Filter: 1
                                       Buffers: shared hit=21597
                     ->  Index Scan using customer_demographics_pkey on customer_demographics  (cost=0.43..0.72 rows=1 width=4) (actual time=0.025..0.025 rows=0 loops=48973)
                           Index Cond: (cd_demo_sk = customer.c_current_cdemo_sk)
                           Filter: (((cd_marital_status = 'M'::bpchar) AND (cd_education_status = 'Unknown'::bpchar)) OR ((cd_marital_status = 'W'::bpchar) AND (cd_education_status = 'Advanced Degree'::bpchar)))
                           Rows Removed by Filter: 1
                           Buffers: shared hit=176722 read=15734
               ->  Index Scan using customer_address_pkey on customer_address  (cost=0.42..0.67 rows=1 width=4) (actual time=0.026..0.026 rows=0 loops=3485)
                     Index Cond: (ca_address_sk = customer.c_current_addr_sk)
                     Filter: (ca_gmt_offset = '-6'::numeric)
                     Rows Removed by Filter: 1
                     Buffers: shared hit=13155 read=785
         ->  Hash  (cost=2.30..2.30 rows=30 width=48) (actual time=0.058..0.058 rows=30 loops=1)
               Buckets: 1024  Batches: 1  Memory Usage: 11kB
               Buffers: shared hit=2
               ->  Seq Scan on call_center  (cost=0.00..2.30 rows=30 width=48) (actual time=0.022..0.038 rows=30 loops=1)
                     Buffers: shared hit=2
 Planning:
   Buffers: shared hit=415
 Planning Time: 4.255 ms
 Execution Time: 14303.203 ms
(57 rows)

