                                                                                                     QUERY PLAN                                                                                                     
--------------------------------------------------------------------------------------------------------------------------------------------------------------------------------------------------------------------
 Aggregate  (cost=715921.76..715921.77 rows=1 width=136) (actual time=14486.593..14486.600 rows=1 loops=1)
   Buffers: shared hit=1496787 read=418806
   ->  Hash Join  (cost=2574.36..715921.22 rows=36 width=58) (actual time=1782.650..14478.743 rows=4277 loops=1)
         Hash Cond: (catalog_returns.cr_call_center_sk = call_center.cc_call_center_sk)
         Buffers: shared hit=1496787 read=418806
         ->  Nested Loop  (cost=2571.68..715918.44 rows=36 width=18) (actual time=1782.567..14475.665 rows=4321 loops=1)
               Buffers: shared hit=1496785 read=418806
               ->  Nested Loop  (cost=2571.26..715863.88 rows=82 width=22) (actual time=1782.533..14325.984 rows=5622 loops=1)
                     Buffers: shared hit=1476512 read=416591
                     ->  Nested Loop  (cost=2570.83..714805.30 rows=1478 width=26) (actual time=1769.615..12986.592 rows=52848 loops=1)
                           Buffers: shared hit=1277690 read=407821
                           ->  Nested Loop  (cost=2570.54..712473.67 rows=8871 width=30) (actual time=1765.354..12650.714 rows=307795 loops=1)
                                 Buffers: shared hit=1256096 read=407821
                                 ->  Hash Join  (cost=2570.11..706541.60 rows=8871 width=22) (actual time=1765.314..5402.064 rows=314076 loops=1)
                                       Hash Cond: (catalog_returns.cr_returned_date_sk = date_dim.d_date_sk)
                                       Buffers: shared hit=25204 read=407533
                                       ->  Seq Scan on catalog_returns  (cost=0.00..647267.12 rows=21600412 width=26) (actual time=0.022..3549.727 rows=21598628 loops=1)
                                             Buffers: shared hit=23730 read=407533
                                       ->  Hash  (cost=2569.73..2569.73 rows=30 width=4) (actual time=22.338..22.339 rows=30 loops=1)
                                             Buckets: 1024  Batches: 1  Memory Usage: 10kB
                                             Buffers: shared hit=1474
                                             ->  Seq Scan on date_dim  (cost=0.00..2569.73 rows=30 width=4) (actual time=13.652..22.321 rows=30 loops=1)
                                                   Filter: ((d_year = 2001) AND (d_moy = 6))
                                                   Rows Removed by Filter: 73019
                                                   Buffers: shared hit=1474
                                 ->  Index Scan using customer_pkey on customer  (cost=0.43..0.67 rows=1 width=16) (actual time=0.022..0.022 rows=1 loops=314076)
                                       Index Cond: (c_customer_sk = catalog_returns.cr_returning_customer_sk)
                                       Buffers: shared hit=1230892 read=288
                           ->  Memoize  (cost=0.29..0.31 rows=1 width=4) (actual time=0.001..0.001 rows=0 loops=307795)
                                 Cache Key: customer.c_current_hdemo_sk
                                 Cache Mode: logical
                                 Hits: 300596  Misses: 7199  Evictions: 0  Overflows: 0  Memory Usage: 521kB
                                 Buffers: shared hit=21594
                                 ->  Index Scan using household_demographics_pkey on household_demographics  (cost=0.28..0.30 rows=1 width=4) (actual time=0.013..0.013 rows=0 loops=7199)
                                       Index Cond: (hd_demo_sk = customer.c_current_hdemo_sk)
                                       Filter: (hd_buy_potential ~~ 'Unknown%'::text)
                                       Rows Removed by Filter: 1
                                       Buffers: shared hit=21594
                     ->  Index Scan using customer_demographics_pkey on customer_demographics  (cost=0.43..0.72 rows=1 width=4) (actual time=0.025..0.025 rows=0 loops=52848)
                           Index Cond: (cd_demo_sk = customer.c_current_cdemo_sk)
                           Filter: (((cd_marital_status = 'M'::bpchar) AND (cd_education_status = 'Unknown'::bpchar)) OR ((cd_marital_status = 'W'::bpchar) AND (cd_education_status = 'Advanced Degree'::bpchar)))
                           Rows Removed by Filter: 1
                           Buffers: shared hit=198822 read=8770
               ->  Index Scan using customer_address_pkey on customer_address  (cost=0.42..0.67 rows=1 width=4) (actual time=0.026..0.026 rows=1 loops=5622)
                     Index Cond: (ca_address_sk = customer.c_current_addr_sk)
                     Filter: (ca_gmt_offset = '-6'::numeric)
                     Rows Removed by Filter: 0
                     Buffers: shared hit=20273 read=2215
         ->  Hash  (cost=2.30..2.30 rows=30 width=48) (actual time=0.061..0.062 rows=30 loops=1)
               Buckets: 1024  Batches: 1  Memory Usage: 11kB
               Buffers: shared hit=2
               ->  Seq Scan on call_center  (cost=0.00..2.30 rows=30 width=48) (actual time=0.025..0.041 rows=30 loops=1)
                     Buffers: shared hit=2
 Planning:
   Buffers: shared hit=415
 Planning Time: 5.700 ms
 Execution Time: 14487.283 ms
(57 rows)

