                                                                                                  QUERY PLAN                                                                                                  
--------------------------------------------------------------------------------------------------------------------------------------------------------------------------------------------------------------
 Aggregate  (cost=716146.24..716146.25 rows=1 width=136) (actual time=14673.746..14673.752 rows=1 loops=1)
   Buffers: shared hit=1516503 read=422866
   ->  Nested Loop  (cost=2571.83..716146.10 rows=9 width=58) (actual time=2681.151..14671.603 rows=763 loops=1)
         Buffers: shared hit=1516503 read=422866
         ->  Nested Loop  (cost=2571.69..716144.71 rows=9 width=18) (actual time=2681.139..14663.127 rows=771 loops=1)
               Buffers: shared hit=1514977 read=422866
               ->  Nested Loop  (cost=2571.27..716027.25 rows=164 width=22) (actual time=2681.112..14518.473 rows=5612 loops=1)
                     Buffers: shared hit=1493724 read=422059
                     ->  Nested Loop  (cost=2570.84..715010.66 rows=1528 width=26) (actual time=2662.484..13272.773 rows=49796 loops=1)
                           Buffers: shared hit=1311685 read=404914
                           ->  Nested Loop  (cost=2570.55..712671.62 rows=9167 width=30) (actual time=2662.459..12937.584 rows=315567 loops=1)
                                 Buffers: shared hit=1290091 read=404914
                                 ->  Hash Join  (cost=2570.12..706541.62 rows=9167 width=22) (actual time=2662.412..5565.587 rows=321885 loops=1)
                                       Hash Cond: (catalog_returns.cr_returned_date_sk = date_dim.d_date_sk)
                                       Buffers: shared hit=28073 read=404664
                                       ->  Seq Scan on catalog_returns  (cost=0.00..647267.12 rows=21600412 width=26) (actual time=0.044..3673.112 rows=21598628 loops=1)
                                             Buffers: shared hit=26599 read=404664
                                       ->  Hash  (cost=2569.73..2569.73 rows=31 width=4) (actual time=22.711..22.712 rows=31 loops=1)
                                             Buckets: 1024  Batches: 1  Memory Usage: 10kB
                                             Buffers: shared hit=1474
                                             ->  Seq Scan on date_dim  (cost=0.00..2569.73 rows=31 width=4) (actual time=13.741..22.699 rows=31 loops=1)
                                                   Filter: ((d_year = 2002) AND (d_moy = 7))
                                                   Rows Removed by Filter: 73018
                                                   Buffers: shared hit=1474
                                 ->  Index Scan using customer_pkey on customer  (cost=0.43..0.67 rows=1 width=16) (actual time=0.022..0.022 rows=1 loops=321885)
                                       Index Cond: (c_customer_sk = catalog_returns.cr_returning_customer_sk)
                                       Buffers: shared hit=1262018 read=250
                           ->  Memoize  (cost=0.29..0.31 rows=1 width=4) (actual time=0.001..0.001 rows=0 loops=315567)
                                 Cache Key: customer.c_current_hdemo_sk
                                 Cache Mode: logical
                                 Hits: 308368  Misses: 7199  Evictions: 0  Overflows: 0  Memory Usage: 521kB
                                 Buffers: shared hit=21594
                                 ->  Index Scan using household_demographics_pkey on household_demographics  (cost=0.28..0.30 rows=1 width=4) (actual time=0.013..0.013 rows=0 loops=7199)
                                       Index Cond: (hd_demo_sk = customer.c_current_hdemo_sk)
                                       Filter: (hd_buy_potential ~~ '5001-10000%'::text)
                                       Rows Removed by Filter: 1
                                       Buffers: shared hit=21594
                     ->  Index Scan using customer_address_pkey on customer_address  (cost=0.42..0.67 rows=1 width=4) (actual time=0.025..0.025 rows=0 loops=49796)
                           Index Cond: (ca_address_sk = customer.c_current_addr_sk)
                           Filter: (ca_gmt_offset = '-7'::numeric)
                           Rows Removed by Filter: 1
                           Buffers: shared hit=182039 read=17145
               ->  Index Scan using customer_demographics_pkey on customer_demographics  (cost=0.43..0.72 rows=1 width=4) (actual time=0.025..0.025 rows=0 loops=5612)
                     Index Cond: (cd_demo_sk = customer.c_current_cdemo_sk)
                     Filter: (((cd_marital_status = 'M'::bpchar) AND (cd_education_status = 'Unknown'::bpchar)) OR ((cd_marital_status = 'W'::bpchar) AND (cd_education_status = 'Advanced Degree'::bpchar)))
                     Rows Removed by Filter: 1
                     Buffers: shared hit=21253 read=807
         ->  Index Scan using call_center_pkey on call_center  (cost=0.14..0.16 rows=1 width=48) (actual time=0.010..0.010 rows=1 loops=771)
               Index Cond: (cc_call_center_sk = catalog_returns.cr_call_center_sk)
               Buffers: shared hit=1526
 Planning:
   Buffers: shared hit=415
 Planning Time: 4.562 ms
 Execution Time: 14674.554 ms
(54 rows)

