                                                                                                     QUERY PLAN                                                                                                     
--------------------------------------------------------------------------------------------------------------------------------------------------------------------------------------------------------------------
 Aggregate  (cost=716164.96..716164.97 rows=1 width=136) (actual time=11513.365..11513.372 rows=1 loops=1)
   Buffers: shared hit=1052197 read=409441
   ->  Hash Join  (cost=2574.37..716164.39 rows=38 width=58) (actual time=63.603..11512.226 rows=365 loops=1)
         Hash Cond: (catalog_returns.cr_call_center_sk = call_center.cc_call_center_sk)
         Buffers: shared hit=1052197 read=409441
         ->  Nested Loop  (cost=2571.69..716161.60 rows=38 width=18) (actual time=63.480..11511.667 rows=370 loops=1)
               Buffers: shared hit=1052195 read=409441
               ->  Nested Loop  (cost=2571.27..716105.05 rows=85 width=22) (actual time=63.458..11452.612 rows=2400 loops=1)
                     Buffers: shared hit=1043419 read=408617
                     ->  Nested Loop  (cost=2570.84..715010.66 rows=1528 width=26) (actual time=39.524..10623.157 rows=33871 loops=1)
                           Buffers: shared hit=913731 read=405013
                           ->  Nested Loop  (cost=2570.55..712671.62 rows=9167 width=30) (actual time=35.178..10348.184 rows=216107 loops=1)
                                 Buffers: shared hit=892152 read=405013
                                 ->  Hash Join  (cost=2570.12..706541.62 rows=9167 width=22) (actual time=35.118..5304.297 rows=220552 loops=1)
                                       Hash Cond: (catalog_returns.cr_returned_date_sk = date_dim.d_date_sk)
                                       Buffers: shared hit=27815 read=404922
                                       ->  Seq Scan on catalog_returns  (cost=0.00..647267.12 rows=21600412 width=26) (actual time=0.590..3474.263 rows=21598628 loops=1)
                                             Buffers: shared hit=26468 read=404795
                                       ->  Hash  (cost=2569.73..2569.73 rows=31 width=4) (actual time=21.490..21.491 rows=31 loops=1)
                                             Buckets: 1024  Batches: 1  Memory Usage: 10kB
                                             Buffers: shared hit=1347 read=127
                                             ->  Seq Scan on date_dim  (cost=0.00..2569.73 rows=31 width=4) (actual time=9.384..21.474 rows=31 loops=1)
                                                   Filter: ((d_year = 1998) AND (d_moy = 10))
                                                   Rows Removed by Filter: 73018
                                                   Buffers: shared hit=1347 read=127
                                 ->  Index Scan using customer_pkey on customer  (cost=0.43..0.67 rows=1 width=16) (actual time=0.022..0.022 rows=1 loops=220552)
                                       Index Cond: (c_customer_sk = catalog_returns.cr_returning_customer_sk)
                                       Buffers: shared hit=864337 read=91
                           ->  Memoize  (cost=0.29..0.31 rows=1 width=4) (actual time=0.001..0.001 rows=0 loops=216107)
                                 Cache Key: customer.c_current_hdemo_sk
                                 Cache Mode: logical
                                 Hits: 208913  Misses: 7194  Evictions: 0  Overflows: 0  Memory Usage: 520kB
                                 Buffers: shared hit=21579
                                 ->  Index Scan using household_demographics_pkey on household_demographics  (cost=0.28..0.30 rows=1 width=4) (actual time=0.016..0.016 rows=0 loops=7194)
                                       Index Cond: (hd_demo_sk = customer.c_current_hdemo_sk)
                                       Filter: (hd_buy_potential ~~ '5001-10000%'::text)
                                       Rows Removed by Filter: 1
                                       Buffers: shared hit=21579
                     ->  Index Scan using customer_demographics_pkey on customer_demographics  (cost=0.43..0.72 rows=1 width=4) (actual time=0.024..0.024 rows=0 loops=33871)
                           Index Cond: (cd_demo_sk = customer.c_current_cdemo_sk)
                           Filter: (((cd_marital_status = 'M'::bpchar) AND (cd_education_status = 'Unknown'::bpchar)) OR ((cd_marital_status = 'W'::bpchar) AND (cd_education_status = 'Advanced Degree'::bpchar)))
                           Rows Removed by Filter: 1
                           Buffers: shared hit=129688 read=3604
               ->  Index Scan using customer_address_pkey on customer_address  (cost=0.42..0.67 rows=1 width=4) (actual time=0.024..0.024 rows=0 loops=2400)
                     Index Cond: (ca_address_sk = customer.c_current_addr_sk)
                     Filter: (ca_gmt_offset = '-6'::numeric)
                     Rows Removed by Filter: 1
                     Buffers: shared hit=8776 read=824
         ->  Hash  (cost=2.30..2.30 rows=30 width=48) (actual time=0.096..0.096 rows=30 loops=1)
               Buckets: 1024  Batches: 1  Memory Usage: 11kB
               Buffers: shared hit=2
               ->  Seq Scan on call_center  (cost=0.00..2.30 rows=30 width=48) (actual time=0.029..0.068 rows=30 loops=1)
                     Buffers: shared hit=2
 Planning:
   Buffers: shared hit=415
 Planning Time: 4.493 ms
 Execution Time: 11514.190 ms
(57 rows)

