                                                                                                     QUERY PLAN                                                                                                     
--------------------------------------------------------------------------------------------------------------------------------------------------------------------------------------------------------------------
 Aggregate  (cost=716164.96..716164.97 rows=1 width=136) (actual time=13350.677..13350.685 rows=1 loops=1)
   Buffers: shared hit=1342948 read=408253
   ->  Hash Join  (cost=2574.37..716164.39 rows=38 width=58) (actual time=13350.672..13350.680 rows=0 loops=1)
         Hash Cond: (catalog_returns.cr_call_center_sk = call_center.cc_call_center_sk)
         Buffers: shared hit=1342948 read=408253
         ->  Nested Loop  (cost=2571.69..716161.60 rows=38 width=18) (actual time=13350.590..13350.596 rows=0 loops=1)
               Buffers: shared hit=1342946 read=408253
               ->  Nested Loop  (cost=2571.27..716105.05 rows=85 width=22) (actual time=2126.663..13316.827 rows=1016 loops=1)
                     Buffers: shared hit=1339375 read=407760
                     ->  Nested Loop  (cost=2570.84..715010.66 rows=1528 width=26) (actual time=2107.339..12178.048 rows=46320 loops=1)
                           Buffers: shared hit=1161906 read=403517
                           ->  Nested Loop  (cost=2570.55..712671.62 rows=9167 width=30) (actual time=2104.338..11855.979 rows=277773 loops=1)
                                 Buffers: shared hit=1140312 read=403517
                                 ->  Hash Join  (cost=2570.12..706541.62 rows=9167 width=22) (actual time=2104.292..5360.605 rows=283537 loops=1)
                                       Hash Cond: (catalog_returns.cr_returned_date_sk = date_dim.d_date_sk)
                                       Buffers: shared hit=29311 read=403426
                                       ->  Seq Scan on catalog_returns  (cost=0.00..647267.12 rows=21600412 width=26) (actual time=0.343..3519.511 rows=21598628 loops=1)
                                             Buffers: shared hit=27964 read=403299
                                       ->  Hash  (cost=2569.73..2569.73 rows=31 width=4) (actual time=22.562..22.564 rows=31 loops=1)
                                             Buckets: 1024  Batches: 1  Memory Usage: 10kB
                                             Buffers: shared hit=1347 read=127
                                             ->  Seq Scan on date_dim  (cost=0.00..2569.73 rows=31 width=4) (actual time=9.471..22.546 rows=31 loops=1)
                                                   Filter: ((d_year = 2001) AND (d_moy = 10))
                                                   Rows Removed by Filter: 73018
                                                   Buffers: shared hit=1347 read=127
                                 ->  Index Scan using customer_pkey on customer  (cost=0.43..0.67 rows=1 width=16) (actual time=0.022..0.022 rows=1 loops=283537)
                                       Index Cond: (c_customer_sk = catalog_returns.cr_returning_customer_sk)
                                       Buffers: shared hit=1111001 read=91
                           ->  Memoize  (cost=0.29..0.31 rows=1 width=4) (actual time=0.001..0.001 rows=0 loops=277773)
                                 Cache Key: customer.c_current_hdemo_sk
                                 Cache Mode: logical
                                 Hits: 270574  Misses: 7199  Evictions: 0  Overflows: 0  Memory Usage: 521kB
                                 Buffers: shared hit=21594
                                 ->  Index Scan using household_demographics_pkey on household_demographics  (cost=0.28..0.30 rows=1 width=4) (actual time=0.015..0.015 rows=0 loops=7199)
                                       Index Cond: (hd_demo_sk = customer.c_current_hdemo_sk)
                                       Filter: (hd_buy_potential ~~ '501-1000%'::text)
                                       Rows Removed by Filter: 1
                                       Buffers: shared hit=21594
                     ->  Index Scan using customer_demographics_pkey on customer_demographics  (cost=0.43..0.72 rows=1 width=4) (actual time=0.024..0.024 rows=0 loops=46320)
                           Index Cond: (cd_demo_sk = customer.c_current_cdemo_sk)
                           Filter: (((cd_marital_status = 'M'::bpchar) AND (cd_education_status = 'Unknown'::bpchar)) OR ((cd_marital_status = 'W'::bpchar) AND (cd_education_status = 'Advanced Degree'::bpchar)))
                           Rows Removed by Filter: 1
                           Buffers: shared hit=177469 read=4243
               ->  Index Scan using customer_address_pkey on customer_address  (cost=0.42..0.67 rows=1 width=4) (actual time=0.033..0.033 rows=0 loops=1016)
                     Index Cond: (ca_address_sk = customer.c_current_addr_sk)
                     Filter: (ca_gmt_offset = '-6'::numeric)
                     Rows Removed by Filter: 1
                     Buffers: shared hit=3571 read=493
         ->  Hash  (cost=2.30..2.30 rows=30 width=48) (actual time=0.062..0.062 rows=30 loops=1)
               Buckets: 1024  Batches: 1  Memory Usage: 11kB
               Buffers: shared hit=2
               ->  Seq Scan on call_center  (cost=0.00..2.30 rows=30 width=48) (actual time=0.023..0.041 rows=30 loops=1)
                     Buffers: shared hit=2
 Planning:
   Buffers: shared hit=415
 Planning Time: 3.437 ms
 Execution Time: 13351.395 ms
(57 rows)

