                                                                                                  QUERY PLAN                                                                                                  
--------------------------------------------------------------------------------------------------------------------------------------------------------------------------------------------------------------
 Aggregate  (cost=716146.24..716146.25 rows=1 width=136) (actual time=13758.014..13758.020 rows=1 loops=1)
   Buffers: shared hit=1328363 read=431266
   ->  Nested Loop  (cost=2571.83..716146.10 rows=9 width=58) (actual time=2245.393..13756.057 rows=671 loops=1)
         Buffers: shared hit=1328363 read=431266
         ->  Nested Loop  (cost=2571.69..716144.71 rows=9 width=18) (actual time=2245.381..13746.427 rows=677 loops=1)
               Buffers: shared hit=1327021 read=431266
               ->  Nested Loop  (cost=2571.27..716027.25 rows=164 width=22) (actual time=2245.354..13591.723 rows=5668 loops=1)
                     Buffers: shared hit=1305333 read=430714
                     ->  Nested Loop  (cost=2570.84..715010.66 rows=1528 width=26) (actual time=2245.332..12484.070 rows=42656 loops=1)
                           Buffers: shared hit=1153194 read=412229
                           ->  Nested Loop  (cost=2570.55..712671.62 rows=9167 width=30) (actual time=2243.413..12149.862 rows=277773 loops=1)
                                 Buffers: shared hit=1131600 read=412229
                                 ->  Hash Join  (cost=2570.12..706541.62 rows=9167 width=22) (actual time=2243.360..5590.051 rows=283537 loops=1)
                                       Hash Cond: (catalog_returns.cr_returned_date_sk = date_dim.d_date_sk)
                                       Buffers: shared hit=20571 read=412166
                                       ->  Seq Scan on catalog_returns  (cost=0.00..647267.12 rows=21600412 width=26) (actual time=0.210..3698.146 rows=21598628 loops=1)
                                             Buffers: shared hit=19224 read=412039
                                       ->  Hash  (cost=2569.73..2569.73 rows=31 width=4) (actual time=20.445..20.446 rows=31 loops=1)
                                             Buckets: 1024  Batches: 1  Memory Usage: 10kB
                                             Buffers: shared hit=1347 read=127
                                             ->  Seq Scan on date_dim  (cost=0.00..2569.73 rows=31 width=4) (actual time=9.737..20.434 rows=31 loops=1)
                                                   Filter: ((d_year = 2001) AND (d_moy = 10))
                                                   Rows Removed by Filter: 73018
                                                   Buffers: shared hit=1347 read=127
                                 ->  Index Scan using customer_pkey on customer  (cost=0.43..0.67 rows=1 width=16) (actual time=0.023..0.023 rows=1 loops=283537)
                                       Index Cond: (c_customer_sk = catalog_returns.cr_returning_customer_sk)
                                       Buffers: shared hit=1111029 read=63
                           ->  Memoize  (cost=0.29..0.31 rows=1 width=4) (actual time=0.001..0.001 rows=0 loops=277773)
                                 Cache Key: customer.c_current_hdemo_sk
                                 Cache Mode: logical
                                 Hits: 270574  Misses: 7199  Evictions: 0  Overflows: 0  Memory Usage: 521kB
                                 Buffers: shared hit=21594
                                 ->  Index Scan using household_demographics_pkey on household_demographics  (cost=0.28..0.30 rows=1 width=4) (actual time=0.016..0.016 rows=0 loops=7199)
                                       Index Cond: (hd_demo_sk = customer.c_current_hdemo_sk)
                                       Filter: (hd_buy_potential ~~ '0-500%'::text)
                                       Rows Removed by Filter: 1
                                       Buffers: shared hit=21594
                     ->  Index Scan using customer_address_pkey on customer_address  (cost=0.42..0.67 rows=1 width=4) (actual time=0.026..0.026 rows=0 loops=42656)
                           Index Cond: (ca_address_sk = customer.c_current_addr_sk)
                           Filter: (ca_gmt_offset = '-7'::numeric)
                           Rows Removed by Filter: 1
                           Buffers: shared hit=152139 read=18485
               ->  Index Scan using customer_demographics_pkey on customer_demographics  (cost=0.43..0.72 rows=1 width=4) (actual time=0.027..0.027 rows=0 loops=5668)
                     Index Cond: (cd_demo_sk = customer.c_current_cdemo_sk)
                     Filter: (((cd_marital_status = 'M'::bpchar) AND (cd_education_status = 'Unknown'::bpchar)) OR ((cd_marital_status = 'W'::bpchar) AND (cd_education_status = 'Advanced Degree'::bpchar)))
                     Rows Removed by Filter: 1
                     Buffers: shared hit=21688 read=552
         ->  Index Scan using call_center_pkey on call_center  (cost=0.14..0.16 rows=1 width=48) (actual time=0.013..0.013 rows=1 loops=677)
               Index Cond: (cc_call_center_sk = catalog_returns.cr_call_center_sk)
               Buffers: shared hit=1342
 Planning:
   Buffers: shared hit=415
 Planning Time: 1.899 ms
 Execution Time: 13758.428 ms
(54 rows)

