                                                                                                  QUERY PLAN                                                                                                  
--------------------------------------------------------------------------------------------------------------------------------------------------------------------------------------------------------------
 Aggregate  (cost=716146.24..716146.25 rows=1 width=136) (actual time=13803.945..13803.952 rows=1 loops=1)
   Buffers: shared hit=1388703 read=422020
   ->  Nested Loop  (cost=2571.83..716146.10 rows=9 width=58) (actual time=1937.028..13801.883 rows=722 loops=1)
         Buffers: shared hit=1388703 read=422020
         ->  Nested Loop  (cost=2571.69..716144.71 rows=9 width=18) (actual time=1887.731..13794.821 rows=733 loops=1)
               Buffers: shared hit=1387259 read=422020
               ->  Nested Loop  (cost=2571.27..716027.25 rows=164 width=22) (actual time=1873.896..13634.347 rows=5855 loops=1)
                     Buffers: shared hit=1365197 read=421114
                     ->  Nested Loop  (cost=2570.84..715010.66 rows=1528 width=26) (actual time=1873.695..12486.593 rows=44516 loops=1)
                           Buffers: shared hit=1197806 read=410441
                           ->  Nested Loop  (cost=2570.55..712671.62 rows=9167 width=30) (actual time=1872.090..12166.666 rows=288479 loops=1)
                                 Buffers: shared hit=1176212 read=410441
                                 ->  Hash Join  (cost=2570.12..706541.62 rows=9167 width=22) (actual time=1872.044..5422.923 rows=294395 loops=1)
                                       Hash Cond: (catalog_returns.cr_returned_date_sk = date_dim.d_date_sk)
                                       Buffers: shared hit=22721 read=410016
                                       ->  Seq Scan on catalog_returns  (cost=0.00..647267.12 rows=21600412 width=26) (actual time=0.056..3568.764 rows=21598628 loops=1)
                                             Buffers: shared hit=22494 read=408769
                                       ->  Hash  (cost=2569.73..2569.73 rows=31 width=4) (actual time=23.269..23.270 rows=31 loops=1)
                                             Buckets: 1024  Batches: 1  Memory Usage: 10kB
                                             Buffers: shared hit=227 read=1247
                                             ->  Seq Scan on date_dim  (cost=0.00..2569.73 rows=31 width=4) (actual time=14.366..23.252 rows=31 loops=1)
                                                   Filter: ((d_year = 2001) AND (d_moy = 8))
                                                   Rows Removed by Filter: 73018
                                                   Buffers: shared hit=227 read=1247
                                 ->  Index Scan using customer_pkey on customer  (cost=0.43..0.67 rows=1 width=16) (actual time=0.022..0.022 rows=1 loops=294395)
                                       Index Cond: (c_customer_sk = catalog_returns.cr_returning_customer_sk)
                                       Buffers: shared hit=1153491 read=425
                           ->  Memoize  (cost=0.29..0.31 rows=1 width=4) (actual time=0.001..0.001 rows=0 loops=288479)
                                 Cache Key: customer.c_current_hdemo_sk
                                 Cache Mode: logical
                                 Hits: 281280  Misses: 7199  Evictions: 0  Overflows: 0  Memory Usage: 521kB
                                 Buffers: shared hit=21594
                                 ->  Index Scan using household_demographics_pkey on household_demographics  (cost=0.28..0.30 rows=1 width=4) (actual time=0.014..0.014 rows=0 loops=7199)
                                       Index Cond: (hd_demo_sk = customer.c_current_hdemo_sk)
                                       Filter: (hd_buy_potential ~~ '0-500%'::text)
                                       Rows Removed by Filter: 1
                                       Buffers: shared hit=21594
                     ->  Index Scan using customer_address_pkey on customer_address  (cost=0.42..0.67 rows=1 width=4) (actual time=0.025..0.025 rows=0 loops=44516)
                           Index Cond: (ca_address_sk = customer.c_current_addr_sk)
                           Filter: (ca_gmt_offset = '-7'::numeric)
                           Rows Removed by Filter: 1
                           Buffers: shared hit=167391 read=10673
               ->  Index Scan using customer_demographics_pkey on customer_demographics  (cost=0.43..0.72 rows=1 width=4) (actual time=0.027..0.027 rows=0 loops=5855)
                     Index Cond: (cd_demo_sk = customer.c_current_cdemo_sk)
                     Filter: (((cd_marital_status = 'M'::bpchar) AND (cd_education_status = 'Unknown'::bpchar)) OR ((cd_marital_status = 'W'::bpchar) AND (cd_education_status = 'Advanced Degree'::bpchar)))
                     Rows Removed by Filter: 1
                     Buffers: shared hit=22062 read=906
         ->  Index Scan using call_center_pkey on call_center  (cost=0.14..0.16 rows=1 width=48) (actual time=0.008..0.008 rows=1 loops=733)
               Index Cond: (cc_call_center_sk = catalog_returns.cr_call_center_sk)
               Buffers: shared hit=1444
 Planning:
   Buffers: shared hit=384 read=31
 Planning Time: 4.896 ms
 Execution Time: 13804.751 ms
(54 rows)

