                                                                                                     QUERY PLAN                                                                                                     
--------------------------------------------------------------------------------------------------------------------------------------------------------------------------------------------------------------------
 Aggregate  (cost=715921.76..715921.77 rows=1 width=136) (actual time=12661.949..12661.957 rows=1 loops=1)
   Buffers: shared hit=1213181 read=419209
   ->  Hash Join  (cost=2574.36..715921.22 rows=36 width=58) (actual time=995.850..12655.495 rows=3554 loops=1)
         Hash Cond: (catalog_returns.cr_call_center_sk = call_center.cc_call_center_sk)
         Buffers: shared hit=1213181 read=419209
         ->  Nested Loop  (cost=2571.68..715918.44 rows=36 width=18) (actual time=995.771..12652.962 rows=3596 loops=1)
               Buffers: shared hit=1213179 read=419209
               ->  Nested Loop  (cost=2571.26..715863.88 rows=82 width=22) (actual time=995.730..12529.528 rows=4604 loops=1)
                     Buffers: shared hit=1195826 read=418146
                     ->  Nested Loop  (cost=2570.83..714805.30 rows=1478 width=26) (actual time=988.040..11489.346 rows=42505 loops=1)
                           Buffers: shared hit=1035923 read=411065
                           ->  Nested Loop  (cost=2570.54..712473.67 rows=8871 width=30) (actual time=986.357..11172.234 rows=248168 loops=1)
                                 Buffers: shared hit=1014344 read=411065
                                 ->  Hash Join  (cost=2570.11..706541.60 rows=8871 width=22) (actual time=986.307..5365.885 rows=253475 loops=1)
                                       Hash Cond: (catalog_returns.cr_returned_date_sk = date_dim.d_date_sk)
                                       Buffers: shared hit=21990 read=410747
                                       ->  Seq Scan on catalog_returns  (cost=0.00..647267.12 rows=21600412 width=26) (actual time=0.027..3548.051 rows=21598628 loops=1)
                                             Buffers: shared hit=20743 read=410520
                                       ->  Hash  (cost=2569.73..2569.73 rows=30 width=4) (actual time=19.874..19.875 rows=30 loops=1)
                                             Buckets: 1024  Batches: 1  Memory Usage: 10kB
                                             Buffers: shared hit=1247 read=227
                                             ->  Seq Scan on date_dim  (cost=0.00..2569.73 rows=30 width=4) (actual time=9.603..19.855 rows=30 loops=1)
                                                   Filter: ((d_year = 2000) AND (d_moy = 4))
                                                   Rows Removed by Filter: 73019
                                                   Buffers: shared hit=1247 read=227
                                 ->  Index Scan using customer_pkey on customer  (cost=0.43..0.67 rows=1 width=16) (actual time=0.022..0.022 rows=1 loops=253475)
                                       Index Cond: (c_customer_sk = catalog_returns.cr_returning_customer_sk)
                                       Buffers: shared hit=992354 read=318
                           ->  Memoize  (cost=0.29..0.31 rows=1 width=4) (actual time=0.001..0.001 rows=0 loops=248168)
                                 Cache Key: customer.c_current_hdemo_sk
                                 Cache Mode: logical
                                 Hits: 240974  Misses: 7194  Evictions: 0  Overflows: 0  Memory Usage: 520kB
                                 Buffers: shared hit=21579
                                 ->  Index Scan using household_demographics_pkey on household_demographics  (cost=0.28..0.30 rows=1 width=4) (actual time=0.017..0.017 rows=0 loops=7194)
                                       Index Cond: (hd_demo_sk = customer.c_current_hdemo_sk)
                                       Filter: (hd_buy_potential ~~ 'Unknown%'::text)
                                       Rows Removed by Filter: 1
                                       Buffers: shared hit=21579
                     ->  Index Scan using customer_demographics_pkey on customer_demographics  (cost=0.43..0.72 rows=1 width=4) (actual time=0.024..0.024 rows=0 loops=42505)
                           Index Cond: (cd_demo_sk = customer.c_current_cdemo_sk)
                           Filter: (((cd_marital_status = 'M'::bpchar) AND (cd_education_status = 'Unknown'::bpchar)) OR ((cd_marital_status = 'W'::bpchar) AND (cd_education_status = 'Advanced Degree'::bpchar)))
                           Rows Removed by Filter: 1
                           Buffers: shared hit=159903 read=7081
               ->  Index Scan using customer_address_pkey on customer_address  (cost=0.42..0.67 rows=1 width=4) (actual time=0.026..0.026 rows=1 loops=4604)
                     Index Cond: (ca_address_sk = customer.c_current_addr_sk)
                     Filter: (ca_gmt_offset = '-6'::numeric)
                     Rows Removed by Filter: 0
                     Buffers: shared hit=17353 read=1063
         ->  Hash  (cost=2.30..2.30 rows=30 width=48) (actual time=0.058..0.059 rows=30 loops=1)
               Buckets: 1024  Batches: 1  Memory Usage: 11kB
               Buffers: shared hit=2
               ->  Seq Scan on call_center  (cost=0.00..2.30 rows=30 width=48) (actual time=0.022..0.039 rows=30 loops=1)
                     Buffers: shared hit=2
 Planning:
   Buffers: shared hit=415
 Planning Time: 3.401 ms
 Execution Time: 12662.655 ms
(57 rows)

