                                                                                                     QUERY PLAN                                                                                                     
--------------------------------------------------------------------------------------------------------------------------------------------------------------------------------------------------------------------
 Aggregate  (cost=715921.76..715921.77 rows=1 width=136) (actual time=16295.875..16295.882 rows=1 loops=1)
   Buffers: shared hit=1745952 read=420012
   ->  Hash Join  (cost=2574.36..715921.22 rows=36 width=58) (actual time=2624.958..16286.259 rows=5074 loops=1)
         Hash Cond: (catalog_returns.cr_call_center_sk = call_center.cc_call_center_sk)
         Buffers: shared hit=1745952 read=420012
         ->  Nested Loop  (cost=2571.68..715918.44 rows=36 width=18) (actual time=2624.863..16282.450 rows=5131 loops=1)
               Buffers: shared hit=1745950 read=420012
               ->  Nested Loop  (cost=2571.26..715863.88 rows=82 width=22) (actual time=2624.836..16036.278 rows=9661 loops=1)
                     Buffers: shared hit=1710366 read=416952
                     ->  Nested Loop  (cost=2570.83..714805.30 rows=1478 width=26) (actual time=2624.807..14478.817 rows=63911 loops=1)
                           Buffers: shared hit=1469434 read=407004
                           ->  Nested Loop  (cost=2570.54..712473.67 rows=8871 width=30) (actual time=2624.785..14090.264 rows=355526 loops=1)
                                 Buffers: shared hit=1447837 read=407004
                                 ->  Hash Join  (cost=2570.11..706541.60 rows=8871 width=22) (actual time=2624.745..5716.936 rows=362762 loops=1)
                                       Hash Cond: (catalog_returns.cr_returned_date_sk = date_dim.d_date_sk)
                                       Buffers: shared hit=26221 read=406516
                                       ->  Seq Scan on catalog_returns  (cost=0.00..647267.12 rows=21600412 width=26) (actual time=0.033..3722.061 rows=21598628 loops=1)
                                             Buffers: shared hit=24747 read=406516
                                       ->  Hash  (cost=2569.73..2569.73 rows=30 width=4) (actual time=25.749..25.750 rows=31 loops=1)
                                             Buckets: 1024  Batches: 1  Memory Usage: 10kB
                                             Buffers: shared hit=1474
                                             ->  Seq Scan on date_dim  (cost=0.00..2569.73 rows=30 width=4) (actual time=16.097..25.732 rows=31 loops=1)
                                                   Filter: ((d_year = 2002) AND (d_moy = 5))
                                                   Rows Removed by Filter: 73018
                                                   Buffers: shared hit=1474
                                 ->  Index Scan using customer_pkey on customer  (cost=0.43..0.67 rows=1 width=16) (actual time=0.023..0.023 rows=1 loops=362762)
                                       Index Cond: (c_customer_sk = catalog_returns.cr_returning_customer_sk)
                                       Buffers: shared hit=1421616 read=488
                           ->  Memoize  (cost=0.29..0.31 rows=1 width=4) (actual time=0.001..0.001 rows=0 loops=355526)
                                 Cache Key: customer.c_current_hdemo_sk
                                 Cache Mode: logical
                                 Hits: 348326  Misses: 7200  Evictions: 0  Overflows: 0  Memory Usage: 521kB
                                 Buffers: shared hit=21597
                                 ->  Index Scan using household_demographics_pkey on household_demographics  (cost=0.28..0.30 rows=1 width=4) (actual time=0.015..0.015 rows=0 loops=7200)
                                       Index Cond: (hd_demo_sk = customer.c_current_hdemo_sk)
                                       Filter: (hd_buy_potential ~~ '>10000%'::text)
                                       Rows Removed by Filter: 1
                                       Buffers: shared hit=21597
                     ->  Index Scan using customer_demographics_pkey on customer_demographics  (cost=0.43..0.72 rows=1 width=4) (actual time=0.024..0.024 rows=0 loops=63911)
                           Index Cond: (cd_demo_sk = customer.c_current_cdemo_sk)
                           Filter: (((cd_marital_status = 'M'::bpchar) AND (cd_education_status = 'Unknown'::bpchar)) OR ((cd_marital_status = 'W'::bpchar) AND (cd_education_status = 'Advanced Degree'::bpchar)))
                           Rows Removed by Filter: 1
                           Buffers: shared hit=240932 read=9948
               ->  Index Scan using customer_address_pkey on customer_address  (cost=0.42..0.67 rows=1 width=4) (actual time=0.025..0.025 rows=1 loops=9661)
                     Index Cond: (ca_address_sk = customer.c_current_addr_sk)
                     Filter: (ca_gmt_offset = '-6'::numeric)
                     Rows Removed by Filter: 0
                     Buffers: shared hit=35584 read=3060
         ->  Hash  (cost=2.30..2.30 rows=30 width=48) (actual time=0.074..0.075 rows=30 loops=1)
               Buckets: 1024  Batches: 1  Memory Usage: 11kB
               Buffers: shared hit=2
               ->  Seq Scan on call_center  (cost=0.00..2.30 rows=30 width=48) (actual time=0.025..0.047 rows=30 loops=1)
                     Buffers: shared hit=2
 Planning:
   Buffers: shared hit=415
 Planning Time: 4.477 ms
 Execution Time: 16296.506 ms
(57 rows)

