                                                                                                     QUERY PLAN                                                                                                     
--------------------------------------------------------------------------------------------------------------------------------------------------------------------------------------------------------------------
 Aggregate  (cost=715921.76..715921.77 rows=1 width=136) (actual time=11832.845..11832.851 rows=1 loops=1)
   Buffers: shared hit=1112062 read=410097
   ->  Hash Join  (cost=2574.36..715921.22 rows=36 width=58) (actual time=1060.486..11828.376 rows=2103 loops=1)
         Hash Cond: (catalog_returns.cr_call_center_sk = call_center.cc_call_center_sk)
         Buffers: shared hit=1112062 read=410097
         ->  Nested Loop  (cost=2571.68..715918.44 rows=36 width=18) (actual time=1060.381..11826.543 rows=2123 loops=1)
               Buffers: shared hit=1112060 read=410097
               ->  Nested Loop  (cost=2571.26..715863.88 rows=82 width=22) (actual time=1060.345..11758.653 rows=2550 loops=1)
                     Buffers: shared hit=1102754 read=409203
                     ->  Nested Loop  (cost=2570.83..714805.30 rows=1478 width=26) (actual time=1054.887..10967.733 rows=32111 loops=1)
                           Buffers: shared hit=979463 read=406506
                           ->  Nested Loop  (cost=2570.54..712473.67 rows=8871 width=30) (actual time=1051.721..10697.386 rows=232914 loops=1)
                                 Buffers: shared hit=957887 read=406506
                                 ->  Hash Join  (cost=2570.11..706541.60 rows=8871 width=22) (actual time=1051.667..5230.236 rows=237520 loops=1)
                                       Hash Cond: (catalog_returns.cr_returned_date_sk = date_dim.d_date_sk)
                                       Buffers: shared hit=26393 read=406344
                                       ->  Seq Scan on catalog_returns  (cost=0.00..647267.12 rows=21600412 width=26) (actual time=0.058..3525.850 rows=21598628 loops=1)
                                             Buffers: shared hit=26028 read=405235
                                       ->  Hash  (cost=2569.73..2569.73 rows=30 width=4) (actual time=23.956..23.957 rows=30 loops=1)
                                             Buckets: 1024  Batches: 1  Memory Usage: 10kB
                                             Buffers: shared hit=365 read=1109
                                             ->  Seq Scan on date_dim  (cost=0.00..2569.73 rows=30 width=4) (actual time=14.502..23.942 rows=30 loops=1)
                                                   Filter: ((d_year = 2000) AND (d_moy = 6))
                                                   Rows Removed by Filter: 73019
                                                   Buffers: shared hit=365 read=1109
                                 ->  Index Scan using customer_pkey on customer  (cost=0.43..0.67 rows=1 width=16) (actual time=0.022..0.022 rows=1 loops=237520)
                                       Index Cond: (c_customer_sk = catalog_returns.cr_returning_customer_sk)
                                       Buffers: shared hit=931494 read=162
                           ->  Memoize  (cost=0.29..0.31 rows=1 width=4) (actual time=0.001..0.001 rows=0 loops=232914)
                                 Cache Key: customer.c_current_hdemo_sk
                                 Cache Mode: logical
                                 Hits: 225721  Misses: 7193  Evictions: 0  Overflows: 0  Memory Usage: 520kB
                                 Buffers: shared hit=21576
                                 ->  Index Scan using household_demographics_pkey on household_demographics  (cost=0.28..0.30 rows=1 width=4) (actual time=0.013..0.013 rows=0 loops=7193)
                                       Index Cond: (hd_demo_sk = customer.c_current_hdemo_sk)
                                       Filter: (hd_buy_potential ~~ '1001-5000%'::text)
                                       Rows Removed by Filter: 1
                                       Buffers: shared hit=21576
                     ->  Index Scan using customer_demographics_pkey on customer_demographics  (cost=0.43..0.72 rows=1 width=4) (actual time=0.024..0.024 rows=0 loops=32111)
                           Index Cond: (cd_demo_sk = customer.c_current_cdemo_sk)
                           Filter: (((cd_marital_status = 'M'::bpchar) AND (cd_education_status = 'Unknown'::bpchar)) OR ((cd_marital_status = 'W'::bpchar) AND (cd_education_status = 'Advanced Degree'::bpchar)))
                           Rows Removed by Filter: 1
                           Buffers: shared hit=123291 read=2697
               ->  Index Scan using customer_address_pkey on customer_address  (cost=0.42..0.67 rows=1 width=4) (actual time=0.026..0.026 rows=1 loops=2550)
                     Index Cond: (ca_address_sk = customer.c_current_addr_sk)
                     Filter: (ca_gmt_offset = '-6'::numeric)
                     Rows Removed by Filter: 0
                     Buffers: shared hit=9306 read=894
         ->  Hash  (cost=2.30..2.30 rows=30 width=48) (actual time=0.079..0.079 rows=30 loops=1)
               Buckets: 1024  Batches: 1  Memory Usage: 11kB
               Buffers: shared hit=2
               ->  Seq Scan on call_center  (cost=0.00..2.30 rows=30 width=48) (actual time=0.031..0.051 rows=30 loops=1)
                     Buffers: shared hit=2
 Planning:
   Buffers: shared hit=384 read=31
 Planning Time: 4.767 ms
 Execution Time: 11833.650 ms
(57 rows)

