                                                                                                  QUERY PLAN                                                                                                  
--------------------------------------------------------------------------------------------------------------------------------------------------------------------------------------------------------------
 Aggregate  (cost=716146.24..716146.25 rows=1 width=136) (actual time=5992.638..5992.644 rows=1 loops=1)
   Buffers: shared hit=211692 read=402106
   ->  Nested Loop  (cost=2571.83..716146.10 rows=9 width=58) (actual time=37.139..5992.339 rows=101 loops=1)
         Buffers: shared hit=211692 read=402106
         ->  Nested Loop  (cost=2571.69..716144.71 rows=9 width=18) (actual time=37.121..5991.403 rows=101 loops=1)
               Buffers: shared hit=211490 read=402106
               ->  Nested Loop  (cost=2571.27..716027.25 rows=164 width=22) (actual time=24.011..5970.933 rows=716 loops=1)
                     Buffers: shared hit=208895 read=401885
                     ->  Nested Loop  (cost=2570.84..715010.66 rows=1528 width=26) (actual time=22.053..5832.138 rows=5274 loops=1)
                           Buffers: shared hit=189371 read=400313
                           ->  Nested Loop  (cost=2570.55..712671.62 rows=9167 width=30) (actual time=22.024..5708.686 rows=34091 loops=1)
                                 Buffers: shared hit=168788 read=400313
                                 ->  Hash Join  (cost=2570.12..706541.62 rows=9167 width=22) (actual time=21.987..4926.115 rows=34783 loops=1)
                                       Hash Cond: (catalog_returns.cr_returned_date_sk = date_dim.d_date_sk)
                                       Buffers: shared hit=32441 read=400296
                                       ->  Seq Scan on catalog_returns  (cost=0.00..647267.12 rows=21600412 width=26) (actual time=0.473..3286.662 rows=21598628 loops=1)
                                             Buffers: shared hit=30967 read=400296
                                       ->  Hash  (cost=2569.73..2569.73 rows=31 width=4) (actual time=21.474..21.475 rows=31 loops=1)
                                             Buckets: 1024  Batches: 1  Memory Usage: 10kB
                                             Buffers: shared hit=1474
                                             ->  Seq Scan on date_dim  (cost=0.00..2569.73 rows=31 width=4) (actual time=12.093..21.460 rows=31 loops=1)
                                                   Filter: ((d_year = 1998) AND (d_moy = 3))
                                                   Rows Removed by Filter: 73018
                                                   Buffers: shared hit=1474
                                 ->  Index Scan using customer_pkey on customer  (cost=0.43..0.67 rows=1 width=16) (actual time=0.022..0.022 rows=1 loops=34783)
                                       Index Cond: (c_customer_sk = catalog_returns.cr_returning_customer_sk)
                                       Buffers: shared hit=136347 read=17
                           ->  Memoize  (cost=0.29..0.31 rows=1 width=4) (actual time=0.003..0.003 rows=0 loops=34091)
                                 Cache Key: customer.c_current_hdemo_sk
                                 Cache Mode: logical
                                 Hits: 27229  Misses: 6862  Evictions: 0  Overflows: 0  Memory Usage: 497kB
                                 Buffers: shared hit=20583
                                 ->  Index Scan using household_demographics_pkey on household_demographics  (cost=0.28..0.30 rows=1 width=4) (actual time=0.014..0.014 rows=0 loops=6862)
                                       Index Cond: (hd_demo_sk = customer.c_current_hdemo_sk)
                                       Filter: (hd_buy_potential ~~ '0-500%'::text)
                                       Rows Removed by Filter: 1
                                       Buffers: shared hit=20583
                     ->  Index Scan using customer_address_pkey on customer_address  (cost=0.42..0.67 rows=1 width=4) (actual time=0.026..0.026 rows=0 loops=5274)
                           Index Cond: (ca_address_sk = customer.c_current_addr_sk)
                           Filter: (ca_gmt_offset = '-7'::numeric)
                           Rows Removed by Filter: 1
                           Buffers: shared hit=19524 read=1572
               ->  Index Scan using customer_demographics_pkey on customer_demographics  (cost=0.43..0.72 rows=1 width=4) (actual time=0.028..0.028 rows=0 loops=716)
                     Index Cond: (cd_demo_sk = customer.c_current_cdemo_sk)
                     Filter: (((cd_marital_status = 'M'::bpchar) AND (cd_education_status = 'Unknown'::bpchar)) OR ((cd_marital_status = 'W'::bpchar) AND (cd_education_status = 'Advanced Degree'::bpchar)))
                     Rows Removed by Filter: 1
                     Buffers: shared hit=2595 read=221
         ->  Index Scan using call_center_pkey on call_center  (cost=0.14..0.16 rows=1 width=48) (actual time=0.008..0.008 rows=1 loops=101)
               Index Cond: (cc_call_center_sk = catalog_returns.cr_call_center_sk)
               Buffers: shared hit=202
 Planning:
   Buffers: shared hit=415
 Planning Time: 4.536 ms
 Execution Time: 5993.463 ms
(54 rows)

