                                                                                                     QUERY PLAN                                                                                                     
--------------------------------------------------------------------------------------------------------------------------------------------------------------------------------------------------------------------
 Aggregate  (cost=715921.76..715921.77 rows=1 width=136) (actual time=4867.318..4867.325 rows=1 loops=1)
   Buffers: shared hit=45449 read=396826
   ->  Hash Join  (cost=2574.36..715921.22 rows=36 width=58) (actual time=4867.313..4867.320 rows=0 loops=1)
         Hash Cond: (catalog_returns.cr_call_center_sk = call_center.cc_call_center_sk)
         Buffers: shared hit=45449 read=396826
         ->  Nested Loop  (cost=2571.68..715918.44 rows=36 width=18) (actual time=4867.240..4867.245 rows=0 loops=1)
               Buffers: shared hit=45447 read=396826
               ->  Nested Loop  (cost=2571.26..715863.88 rows=82 width=22) (actual time=46.639..4867.210 rows=1 loops=1)
                     Buffers: shared hit=45444 read=396825
                     ->  Nested Loop  (cost=2570.83..714805.30 rows=1478 width=26) (actual time=21.008..4863.132 rows=217 loops=1)
                           Buffers: shared hit=44671 read=396746
                           ->  Nested Loop  (cost=2570.54..712473.67 rows=8871 width=30) (actual time=20.484..4850.129 rows=1306 loops=1)
                                 Buffers: shared hit=41215 read=396746
                                 ->  Hash Join  (cost=2570.11..706541.60 rows=8871 width=22) (actual time=20.453..4820.483 rows=1337 loops=1)
                                       Hash Cond: (catalog_returns.cr_returned_date_sk = date_dim.d_date_sk)
                                       Buffers: shared hit=35994 read=396743
                                       ->  Seq Scan on catalog_returns  (cost=0.00..647267.12 rows=21600412 width=26) (actual time=0.241..3217.187 rows=21598628 loops=1)
                                             Buffers: shared hit=34520 read=396743
                                       ->  Hash  (cost=2569.73..2569.73 rows=30 width=4) (actual time=20.117..20.118 rows=31 loops=1)
                                             Buckets: 1024  Batches: 1  Memory Usage: 10kB
                                             Buffers: shared hit=1474
                                             ->  Seq Scan on date_dim  (cost=0.00..2569.73 rows=30 width=4) (actual time=11.065..20.101 rows=31 loops=1)
                                                   Filter: ((d_year = 1998) AND (d_moy = 1))
                                                   Rows Removed by Filter: 73018
                                                   Buffers: shared hit=1474
                                 ->  Index Scan using customer_pkey on customer  (cost=0.43..0.67 rows=1 width=16) (actual time=0.022..0.022 rows=1 loops=1337)
                                       Index Cond: (c_customer_sk = catalog_returns.cr_returning_customer_sk)
                                       Buffers: shared hit=5221 read=3
                           ->  Memoize  (cost=0.29..0.31 rows=1 width=4) (actual time=0.010..0.010 rows=0 loops=1306)
                                 Cache Key: customer.c_current_hdemo_sk
                                 Cache Mode: logical
                                 Hits: 153  Misses: 1153  Evictions: 0  Overflows: 0  Memory Usage: 84kB
                                 Buffers: shared hit=3456
                                 ->  Index Scan using household_demographics_pkey on household_demographics  (cost=0.28..0.30 rows=1 width=4) (actual time=0.011..0.011 rows=0 loops=1153)
                                       Index Cond: (hd_demo_sk = customer.c_current_hdemo_sk)
                                       Filter: (hd_buy_potential ~~ '501-1000%'::text)
                                       Rows Removed by Filter: 1
                                       Buffers: shared hit=3456
                     ->  Index Scan using customer_demographics_pkey on customer_demographics  (cost=0.43..0.72 rows=1 width=4) (actual time=0.019..0.019 rows=0 loops=217)
                           Index Cond: (cd_demo_sk = customer.c_current_cdemo_sk)
                           Filter: (((cd_marital_status = 'M'::bpchar) AND (cd_education_status = 'Unknown'::bpchar)) OR ((cd_marital_status = 'W'::bpchar) AND (cd_education_status = 'Advanced Degree'::bpchar)))
                           Rows Removed by Filter: 1
                           Buffers: shared hit=773 read=79
               ->  Index Scan using customer_address_pkey on customer_address  (cost=0.42..0.67 rows=1 width=4) (actual time=0.033..0.033 rows=0 loops=1)
                     Index Cond: (ca_address_sk = customer.c_current_addr_sk)
                     Filter: (ca_gmt_offset = '-6'::numeric)
                     Rows Removed by Filter: 1
                     Buffers: shared hit=3 read=1
         ->  Hash  (cost=2.30..2.30 rows=30 width=48) (actual time=0.053..0.053 rows=30 loops=1)
               Buckets: 1024  Batches: 1  Memory Usage: 11kB
               Buffers: shared hit=2
               ->  Seq Scan on call_center  (cost=0.00..2.30 rows=30 width=48) (actual time=0.022..0.035 rows=30 loops=1)
                     Buffers: shared hit=2
 Planning:
   Buffers: shared hit=415
 Planning Time: 4.947 ms
 Execution Time: 4867.882 ms
(57 rows)

