                                                                                                     QUERY PLAN                                                                                                     
--------------------------------------------------------------------------------------------------------------------------------------------------------------------------------------------------------------------
 Aggregate  (cost=716164.96..716164.97 rows=1 width=136) (actual time=14796.410..14796.416 rows=1 loops=1)
   Buffers: shared hit=1506609 read=443279
   ->  Hash Join  (cost=2574.37..716164.39 rows=38 width=58) (actual time=1958.263..14788.668 rows=4514 loops=1)
         Hash Cond: (catalog_returns.cr_call_center_sk = call_center.cc_call_center_sk)
         Buffers: shared hit=1506609 read=443279
         ->  Nested Loop  (cost=2571.69..716161.60 rows=38 width=18) (actual time=1958.179..14785.531 rows=4554 loops=1)
               Buffers: shared hit=1506607 read=443279
               ->  Nested Loop  (cost=2571.27..716105.05 rows=85 width=22) (actual time=1955.252..14572.649 rows=8427 loops=1)
                     Buffers: shared hit=1474016 read=442162
                     ->  Nested Loop  (cost=2570.84..715010.66 rows=1528 width=26) (actual time=1945.093..13116.521 rows=55577 loops=1)
                           Buffers: shared hit=1284786 read=412760
                           ->  Nested Loop  (cost=2570.55..712671.62 rows=9167 width=30) (actual time=1939.242..12774.127 rows=310803 loops=1)
                                 Buffers: shared hit=1263189 read=412760
                                 ->  Hash Join  (cost=2570.12..706541.62 rows=9167 width=22) (actual time=1939.207..5589.909 rows=317153 loops=1)
                                       Hash Cond: (catalog_returns.cr_returned_date_sk = date_dim.d_date_sk)
                                       Buffers: shared hit=21019 read=411718
                                       ->  Seq Scan on catalog_returns  (cost=0.00..647267.12 rows=21600412 width=26) (actual time=0.400..3686.092 rows=21598628 loops=1)
                                             Buffers: shared hit=19545 read=411718
                                       ->  Hash  (cost=2569.73..2569.73 rows=31 width=4) (actual time=19.700..19.701 rows=31 loops=1)
                                             Buckets: 1024  Batches: 1  Memory Usage: 10kB
                                             Buffers: shared hit=1474
                                             ->  Seq Scan on date_dim  (cost=0.00..2569.73 rows=31 width=4) (actual time=10.986..19.683 rows=31 loops=1)
                                                   Filter: ((d_year = 2001) AND (d_moy = 7))
                                                   Rows Removed by Filter: 73018
                                                   Buffers: shared hit=1474
                                 ->  Index Scan using customer_pkey on customer  (cost=0.43..0.67 rows=1 width=16) (actual time=0.022..0.022 rows=1 loops=317153)
                                       Index Cond: (c_customer_sk = catalog_returns.cr_returning_customer_sk)
                                       Buffers: shared hit=1242170 read=1042
                           ->  Memoize  (cost=0.29..0.31 rows=1 width=4) (actual time=0.001..0.001 rows=0 loops=310803)
                                 Cache Key: customer.c_current_hdemo_sk
                                 Cache Mode: logical
                                 Hits: 303603  Misses: 7200  Evictions: 0  Overflows: 0  Memory Usage: 521kB
                                 Buffers: shared hit=21597
                                 ->  Index Scan using household_demographics_pkey on household_demographics  (cost=0.28..0.30 rows=1 width=4) (actual time=0.014..0.014 rows=0 loops=7200)
                                       Index Cond: (hd_demo_sk = customer.c_current_hdemo_sk)
                                       Filter: (hd_buy_potential ~~ '>10000%'::text)
                                       Rows Removed by Filter: 1
                                       Buffers: shared hit=21597
                     ->  Index Scan using customer_demographics_pkey on customer_demographics  (cost=0.43..0.72 rows=1 width=4) (actual time=0.026..0.026 rows=0 loops=55577)
                           Index Cond: (cd_demo_sk = customer.c_current_cdemo_sk)
                           Filter: (((cd_marital_status = 'M'::bpchar) AND (cd_education_status = 'Unknown'::bpchar)) OR ((cd_marital_status = 'W'::bpchar) AND (cd_education_status = 'Advanced Degree'::bpchar)))
                           Rows Removed by Filter: 1
                           Buffers: shared hit=189230 read=29402
               ->  Index Scan using customer_address_pkey on customer_address  (cost=0.42..0.67 rows=1 width=4) (actual time=0.025..0.025 rows=1 loops=8427)
                     Index Cond: (ca_address_sk = customer.c_current_addr_sk)
                     Filter: (ca_gmt_offset = '-6'::numeric)
                     Rows Removed by Filter: 0
                     Buffers: shared hit=32591 read=1117
         ->  Hash  (cost=2.30..2.30 rows=30 width=48) (actual time=0.059..0.059 rows=30 loops=1)
               Buckets: 1024  Batches: 1  Memory Usage: 11kB
               Buffers: shared hit=2
               ->  Seq Scan on call_center  (cost=0.00..2.30 rows=30 width=48) (actual time=0.023..0.038 rows=30 loops=1)
                     Buffers: shared hit=2
 Planning:
   Buffers: shared hit=415
 Planning Time: 3.791 ms
 Execution Time: 14797.075 ms
(57 rows)

