                                                                                                     QUERY PLAN                                                                                                     
--------------------------------------------------------------------------------------------------------------------------------------------------------------------------------------------------------------------
 Aggregate  (cost=715921.76..715921.77 rows=1 width=136) (actual time=12532.410..12532.417 rows=1 loops=1)
   Buffers: shared hit=1192302 read=423344
   ->  Hash Join  (cost=2574.36..715921.22 rows=36 width=58) (actual time=1444.527..12531.001 rows=468 loops=1)
         Hash Cond: (catalog_returns.cr_call_center_sk = call_center.cc_call_center_sk)
         Buffers: shared hit=1192302 read=423344
         ->  Nested Loop  (cost=2571.68..715918.44 rows=36 width=18) (actual time=1444.442..12530.392 rows=474 loops=1)
               Buffers: shared hit=1192300 read=423344
               ->  Nested Loop  (cost=2571.26..715863.88 rows=82 width=22) (actual time=1433.084..12456.688 rows=2845 loops=1)
                     Buffers: shared hit=1181397 read=422867
                     ->  Nested Loop  (cost=2570.83..714805.30 rows=1478 width=26) (actual time=1416.401..11468.421 rows=39289 loops=1)
                           Buffers: shared hit=1036693 read=413231
                           ->  Nested Loop  (cost=2570.54..712473.67 rows=8871 width=30) (actual time=1403.381..11191.015 rows=248899 loops=1)
                                 Buffers: shared hit=1015102 read=413231
                                 ->  Hash Join  (cost=2570.11..706541.60 rows=8871 width=22) (actual time=1403.320..5409.245 rows=254161 loops=1)
                                       Hash Cond: (catalog_returns.cr_returned_date_sk = date_dim.d_date_sk)
                                       Buffers: shared hit=19831 read=412906
                                       ->  Seq Scan on catalog_returns  (cost=0.00..647267.12 rows=21600412 width=26) (actual time=0.134..3594.161 rows=21598628 loops=1)
                                             Buffers: shared hit=18432 read=412831
                                       ->  Hash  (cost=2569.73..2569.73 rows=30 width=4) (actual time=20.011..20.012 rows=31 loops=1)
                                             Buckets: 1024  Batches: 1  Memory Usage: 10kB
                                             Buffers: shared hit=1399 read=75
                                             ->  Seq Scan on date_dim  (cost=0.00..2569.73 rows=30 width=4) (actual time=10.612..19.995 rows=31 loops=1)
                                                   Filter: ((d_year = 2000) AND (d_moy = 12))
                                                   Rows Removed by Filter: 73018
                                                   Buffers: shared hit=1399 read=75
                                 ->  Index Scan using customer_pkey on customer  (cost=0.43..0.67 rows=1 width=16) (actual time=0.022..0.022 rows=1 loops=254161)
                                       Index Cond: (c_customer_sk = catalog_returns.cr_returning_customer_sk)
                                       Buffers: shared hit=995271 read=325
                           ->  Memoize  (cost=0.29..0.31 rows=1 width=4) (actual time=0.001..0.001 rows=0 loops=248899)
                                 Cache Key: customer.c_current_hdemo_sk
                                 Cache Mode: logical
                                 Hits: 241701  Misses: 7198  Evictions: 0  Overflows: 0  Memory Usage: 521kB
                                 Buffers: shared hit=21591
                                 ->  Index Scan using household_demographics_pkey on household_demographics  (cost=0.28..0.30 rows=1 width=4) (actual time=0.013..0.013 rows=0 loops=7198)
                                       Index Cond: (hd_demo_sk = customer.c_current_hdemo_sk)
                                       Filter: (hd_buy_potential ~~ '5001-10000%'::text)
                                       Rows Removed by Filter: 1
                                       Buffers: shared hit=21591
                     ->  Index Scan using customer_demographics_pkey on customer_demographics  (cost=0.43..0.72 rows=1 width=4) (actual time=0.025..0.025 rows=0 loops=39289)
                           Index Cond: (cd_demo_sk = customer.c_current_cdemo_sk)
                           Filter: (((cd_marital_status = 'M'::bpchar) AND (cd_education_status = 'Unknown'::bpchar)) OR ((cd_marital_status = 'W'::bpchar) AND (cd_education_status = 'Advanced Degree'::bpchar)))
                           Rows Removed by Filter: 1
                           Buffers: shared hit=144704 read=9636
               ->  Index Scan using customer_address_pkey on customer_address  (cost=0.42..0.67 rows=1 width=4) (actual time=0.025..0.025 rows=0 loops=2845)
                     Index Cond: (ca_address_sk = customer.c_current_addr_sk)
                     Filter: (ca_gmt_offset = '-6'::numeric)
                     Rows Removed by Filter: 1
                     Buffers: shared hit=10903 read=477
         ->  Hash  (cost=2.30..2.30 rows=30 width=48) (actual time=0.062..0.063 rows=30 loops=1)
               Buckets: 1024  Batches: 1  Memory Usage: 11kB
               Buffers: shared hit=2
               ->  Seq Scan on call_center  (cost=0.00..2.30 rows=30 width=48) (actual time=0.023..0.041 rows=30 loops=1)
                     Buffers: shared hit=2
 Planning:
   Buffers: shared hit=415
 Planning Time: 3.676 ms
 Execution Time: 12533.091 ms
(57 rows)

