                                                                                                  QUERY PLAN                                                                                                  
--------------------------------------------------------------------------------------------------------------------------------------------------------------------------------------------------------------
 Aggregate  (cost=715661.61..715661.62 rows=1 width=136) (actual time=14480.196..14480.203 rows=1 loops=1)
   Buffers: shared hit=1483365 read=424253
   ->  Nested Loop  (cost=2571.81..715661.49 rows=8 width=58) (actual time=3131.697..14478.910 rows=361 loops=1)
         Buffers: shared hit=1483365 read=424253
         ->  Nested Loop  (cost=2571.67..715660.25 rows=8 width=18) (actual time=3131.681..14470.979 rows=365 loops=1)
               Buffers: shared hit=1482643 read=424253
               ->  Nested Loop  (cost=2571.24..715550.67 rows=153 width=22) (actual time=3072.429..14370.751 rows=3767 loops=1)
                     Buffers: shared hit=1468680 read=423356
                     ->  Nested Loop  (cost=2570.82..714599.95 rows=1429 width=26) (actual time=3066.327..13079.556 rows=51569 loops=1)
                           Buffers: shared hit=1273610 read=412150
                           ->  Nested Loop  (cost=2570.52..712275.72 rows=8575 width=30) (actual time=3059.182..12738.267 rows=307858 loops=1)
                                 Buffers: shared hit=1252019 read=412150
                                 ->  Hash Join  (cost=2570.10..706541.59 rows=8575 width=22) (actual time=3059.140..5476.446 rows=314133 loops=1)
                                       Hash Cond: (catalog_returns.cr_returned_date_sk = date_dim.d_date_sk)
                                       Buffers: shared hit=20952 read=411785
                                       ->  Seq Scan on catalog_returns  (cost=0.00..647267.12 rows=21600412 width=26) (actual time=1.105..3616.305 rows=21598628 loops=1)
                                             Buffers: shared hit=19553 read=411710
                                       ->  Hash  (cost=2569.73..2569.73 rows=29 width=4) (actual time=22.461..22.463 rows=30 loops=1)
                                             Buckets: 1024  Batches: 1  Memory Usage: 10kB
                                             Buffers: shared hit=1399 read=75
                                             ->  Seq Scan on date_dim  (cost=0.00..2569.73 rows=29 width=4) (actual time=11.386..22.450 rows=30 loops=1)
                                                   Filter: ((d_year = 2002) AND (d_moy = 11))
                                                   Rows Removed by Filter: 73019
                                                   Buffers: shared hit=1399 read=75
                                 ->  Index Scan using customer_pkey on customer  (cost=0.43..0.67 rows=1 width=16) (actual time=0.023..0.023 rows=1 loops=314133)
                                       Index Cond: (c_customer_sk = catalog_returns.cr_returning_customer_sk)
                                       Buffers: shared hit=1231067 read=365
                           ->  Memoize  (cost=0.29..0.31 rows=1 width=4) (actual time=0.001..0.001 rows=0 loops=307858)
                                 Cache Key: customer.c_current_hdemo_sk
                                 Cache Mode: logical
                                 Hits: 300660  Misses: 7198  Evictions: 0  Overflows: 0  Memory Usage: 521kB
                                 Buffers: shared hit=21591
                                 ->  Index Scan using household_demographics_pkey on household_demographics  (cost=0.28..0.30 rows=1 width=4) (actual time=0.015..0.015 rows=0 loops=7198)
                                       Index Cond: (hd_demo_sk = customer.c_current_hdemo_sk)
                                       Filter: (hd_buy_potential ~~ '501-1000%'::text)
                                       Rows Removed by Filter: 1
                                       Buffers: shared hit=21591
                     ->  Index Scan using customer_address_pkey on customer_address  (cost=0.42..0.67 rows=1 width=4) (actual time=0.025..0.025 rows=0 loops=51569)
                           Index Cond: (ca_address_sk = customer.c_current_addr_sk)
                           Filter: (ca_gmt_offset = '-7'::numeric)
                           Rows Removed by Filter: 1
                           Buffers: shared hit=195070 read=11206
               ->  Index Scan using customer_demographics_pkey on customer_demographics  (cost=0.43..0.72 rows=1 width=4) (actual time=0.026..0.026 rows=0 loops=3767)
                     Index Cond: (cd_demo_sk = customer.c_current_cdemo_sk)
                     Filter: (((cd_marital_status = 'M'::bpchar) AND (cd_education_status = 'Unknown'::bpchar)) OR ((cd_marital_status = 'W'::bpchar) AND (cd_education_status = 'Advanced Degree'::bpchar)))
                     Rows Removed by Filter: 1
                     Buffers: shared hit=13963 read=897
         ->  Index Scan using call_center_pkey on call_center  (cost=0.14..0.16 rows=1 width=48) (actual time=0.020..0.020 rows=1 loops=365)
               Index Cond: (cc_call_center_sk = catalog_returns.cr_call_center_sk)
               Buffers: shared hit=722
 Planning:
   Buffers: shared hit=415
 Planning Time: 4.663 ms
 Execution Time: 14481.027 ms
(54 rows)

