                                                                                                  QUERY PLAN                                                                                                  
--------------------------------------------------------------------------------------------------------------------------------------------------------------------------------------------------------------
 Aggregate  (cost=716146.24..716146.25 rows=1 width=136) (actual time=12034.110..12034.117 rows=1 loops=1)
   Buffers: shared hit=1100526 read=418971
   ->  Nested Loop  (cost=2571.83..716146.10 rows=9 width=58) (actual time=557.863..12032.496 rows=587 loops=1)
         Buffers: shared hit=1100526 read=418971
         ->  Nested Loop  (cost=2571.69..716144.71 rows=9 width=18) (actual time=557.845..12025.950 rows=597 loops=1)
               Buffers: shared hit=1099352 read=418971
               ->  Nested Loop  (cost=2571.27..716027.25 rows=164 width=22) (actual time=557.412..11906.110 rows=4614 loops=1)
                     Buffers: shared hit=1082072 read=418111
                     ->  Nested Loop  (cost=2570.84..715010.66 rows=1528 width=26) (actual time=532.896..10995.026 rows=34574 loops=1)
                           Buffers: shared hit=951800 read=410087
                           ->  Nested Loop  (cost=2570.55..712671.62 rows=9167 width=30) (actual time=528.086..10706.519 rows=226892 loops=1)
                                 Buffers: shared hit=930218 read=410087
                                 ->  Hash Join  (cost=2570.12..706541.62 rows=9167 width=22) (actual time=528.022..5281.897 rows=231553 loops=1)
                                       Hash Cond: (catalog_returns.cr_returned_date_sk = date_dim.d_date_sk)
                                       Buffers: shared hit=22751 read=409986
                                       ->  Seq Scan on catalog_returns  (cost=0.00..647267.12 rows=21600412 width=26) (actual time=0.036..3503.410 rows=21598628 loops=1)
                                             Buffers: shared hit=21490 read=409773
                                       ->  Hash  (cost=2569.73..2569.73 rows=31 width=4) (actual time=22.856..22.857 rows=31 loops=1)
                                             Buckets: 1024  Batches: 1  Memory Usage: 10kB
                                             Buffers: shared hit=1261 read=213
                                             ->  Seq Scan on date_dim  (cost=0.00..2569.73 rows=31 width=4) (actual time=12.897..22.842 rows=31 loops=1)
                                                   Filter: ((d_year = 1999) AND (d_moy = 8))
                                                   Rows Removed by Filter: 73018
                                                   Buffers: shared hit=1261 read=213
                                 ->  Index Scan using customer_pkey on customer  (cost=0.43..0.67 rows=1 width=16) (actual time=0.023..0.023 rows=1 loops=231553)
                                       Index Cond: (c_customer_sk = catalog_returns.cr_returning_customer_sk)
                                       Buffers: shared hit=907467 read=101
                           ->  Memoize  (cost=0.29..0.31 rows=1 width=4) (actual time=0.001..0.001 rows=0 loops=226892)
                                 Cache Key: customer.c_current_hdemo_sk
                                 Cache Mode: logical
                                 Hits: 219697  Misses: 7195  Evictions: 0  Overflows: 0  Memory Usage: 520kB
                                 Buffers: shared hit=21582
                                 ->  Index Scan using household_demographics_pkey on household_demographics  (cost=0.28..0.30 rows=1 width=4) (actual time=0.016..0.016 rows=0 loops=7195)
                                       Index Cond: (hd_demo_sk = customer.c_current_hdemo_sk)
                                       Filter: (hd_buy_potential ~~ '0-500%'::text)
                                       Rows Removed by Filter: 1
                                       Buffers: shared hit=21582
                     ->  Index Scan using customer_address_pkey on customer_address  (cost=0.42..0.67 rows=1 width=4) (actual time=0.026..0.026 rows=0 loops=34574)
                           Index Cond: (ca_address_sk = customer.c_current_addr_sk)
                           Filter: (ca_gmt_offset = '-7'::numeric)
                           Rows Removed by Filter: 1
                           Buffers: shared hit=130272 read=8024
               ->  Index Scan using customer_demographics_pkey on customer_demographics  (cost=0.43..0.72 rows=1 width=4) (actual time=0.025..0.025 rows=0 loops=4614)
                     Index Cond: (cd_demo_sk = customer.c_current_cdemo_sk)
                     Filter: (((cd_marital_status = 'M'::bpchar) AND (cd_education_status = 'Unknown'::bpchar)) OR ((cd_marital_status = 'W'::bpchar) AND (cd_education_status = 'Advanced Degree'::bpchar)))
                     Rows Removed by Filter: 1
                     Buffers: shared hit=17280 read=860
         ->  Index Scan using call_center_pkey on call_center  (cost=0.14..0.16 rows=1 width=48) (actual time=0.010..0.010 rows=1 loops=597)
               Index Cond: (cc_call_center_sk = catalog_returns.cr_call_center_sk)
               Buffers: shared hit=1174
 Planning:
   Buffers: shared hit=415
 Planning Time: 4.186 ms
 Execution Time: 12034.820 ms
(54 rows)

