                                                                                                     QUERY PLAN                                                                                                     
--------------------------------------------------------------------------------------------------------------------------------------------------------------------------------------------------------------------
 Aggregate  (cost=715921.76..715921.77 rows=1 width=136) (actual time=15037.252..15037.259 rows=1 loops=1)
   Buffers: shared hit=1556135 read=421092
   ->  Hash Join  (cost=2574.36..715921.22 rows=36 width=58) (actual time=2521.839..15028.993 rows=4457 loops=1)
         Hash Cond: (catalog_returns.cr_call_center_sk = call_center.cc_call_center_sk)
         Buffers: shared hit=1556135 read=421092
         ->  Nested Loop  (cost=2571.68..715918.44 rows=36 width=18) (actual time=2521.786..15025.793 rows=4503 loops=1)
               Buffers: shared hit=1556133 read=421092
               ->  Nested Loop  (cost=2571.26..715863.88 rows=82 width=22) (actual time=2521.751..14797.187 rows=8475 loops=1)
                     Buffers: shared hit=1523879 read=419446
                     ->  Nested Loop  (cost=2570.83..714805.30 rows=1478 width=26) (actual time=2521.719..13391.520 rows=56308 loops=1)
                           Buffers: shared hit=1313597 read=408424
                           ->  Nested Loop  (cost=2570.54..712473.67 rows=8871 width=30) (actual time=2521.694..13026.784 rows=316921 loops=1)
                                 Buffers: shared hit=1291997 read=408424
                                 ->  Hash Join  (cost=2570.11..706541.60 rows=8871 width=22) (actual time=2521.658..5537.842 rows=323430 loops=1)
                                       Hash Cond: (catalog_returns.cr_returned_date_sk = date_dim.d_date_sk)
                                       Buffers: shared hit=24434 read=408303
                                       ->  Seq Scan on catalog_returns  (cost=0.00..647267.12 rows=21600412 width=26) (actual time=0.017..3643.970 rows=21598628 loops=1)
                                             Buffers: shared hit=22960 read=408303
                                       ->  Hash  (cost=2569.73..2569.73 rows=30 width=4) (actual time=12.553..12.554 rows=30 loops=1)
                                             Buckets: 1024  Batches: 1  Memory Usage: 10kB
                                             Buffers: shared hit=1474
                                             ->  Seq Scan on date_dim  (cost=0.00..2569.73 rows=30 width=4) (actual time=6.902..12.543 rows=30 loops=1)
                                                   Filter: ((d_year = 2002) AND (d_moy = 6))
                                                   Rows Removed by Filter: 73019
                                                   Buffers: shared hit=1474
                                 ->  Index Scan using customer_pkey on customer  (cost=0.43..0.67 rows=1 width=16) (actual time=0.023..0.023 rows=1 loops=323430)
                                       Index Cond: (c_customer_sk = catalog_returns.cr_returning_customer_sk)
                                       Buffers: shared hit=1267563 read=121
                           ->  Memoize  (cost=0.29..0.31 rows=1 width=4) (actual time=0.001..0.001 rows=0 loops=316921)
                                 Cache Key: customer.c_current_hdemo_sk
                                 Cache Mode: logical
                                 Hits: 309720  Misses: 7201  Evictions: 0  Overflows: 0  Memory Usage: 521kB
                                 Buffers: shared hit=21600
                                 ->  Index Scan using household_demographics_pkey on household_demographics  (cost=0.28..0.30 rows=1 width=4) (actual time=0.016..0.016 rows=0 loops=7201)
                                       Index Cond: (hd_demo_sk = customer.c_current_hdemo_sk)
                                       Filter: (hd_buy_potential ~~ '>10000%'::text)
                                       Rows Removed by Filter: 1
                                       Buffers: shared hit=21600
                     ->  Index Scan using customer_demographics_pkey on customer_demographics  (cost=0.43..0.72 rows=1 width=4) (actual time=0.025..0.025 rows=0 loops=56308)
                           Index Cond: (cd_demo_sk = customer.c_current_cdemo_sk)
                           Filter: (((cd_marital_status = 'M'::bpchar) AND (cd_education_status = 'Unknown'::bpchar)) OR ((cd_marital_status = 'W'::bpchar) AND (cd_education_status = 'Advanced Degree'::bpchar)))
                           Rows Removed by Filter: 1
                           Buffers: shared hit=210282 read=11022
               ->  Index Scan using customer_address_pkey on customer_address  (cost=0.42..0.67 rows=1 width=4) (actual time=0.026..0.026 rows=1 loops=8475)
                     Index Cond: (ca_address_sk = customer.c_current_addr_sk)
                     Filter: (ca_gmt_offset = '-6'::numeric)
                     Rows Removed by Filter: 0
                     Buffers: shared hit=32254 read=1646
         ->  Hash  (cost=2.30..2.30 rows=30 width=48) (actual time=0.038..0.039 rows=30 loops=1)
               Buckets: 1024  Batches: 1  Memory Usage: 11kB
               Buffers: shared hit=2
               ->  Seq Scan on call_center  (cost=0.00..2.30 rows=30 width=48) (actual time=0.016..0.025 rows=30 loops=1)
                     Buffers: shared hit=2
 Planning:
   Buffers: shared hit=415
 Planning Time: 2.122 ms
 Execution Time: 15037.725 ms
(57 rows)

