                                                                                                  QUERY PLAN                                                                                                  
--------------------------------------------------------------------------------------------------------------------------------------------------------------------------------------------------------------
 Aggregate  (cost=715661.61..715661.62 rows=1 width=136) (actual time=12715.258..12715.265 rows=1 loops=1)
   Buffers: shared hit=1200549 read=422274
   ->  Nested Loop  (cost=2571.81..715661.49 rows=8 width=58) (actual time=1390.014..12713.963 rows=392 loops=1)
         Buffers: shared hit=1200549 read=422274
         ->  Nested Loop  (cost=2571.67..715660.25 rows=8 width=18) (actual time=1389.998..12708.196 rows=396 loops=1)
               Buffers: shared hit=1199765 read=422274
               ->  Nested Loop  (cost=2571.24..715550.67 rows=153 width=22) (actual time=1321.778..12556.198 rows=6106 loops=1)
                     Buffers: shared hit=1176954 read=421073
                     ->  Nested Loop  (cost=2570.82..714599.95 rows=1429 width=26) (actual time=1321.743..11464.550 rows=41861 loops=1)
                           Buffers: shared hit=1018735 read=411848
                           ->  Nested Loop  (cost=2570.52..712275.72 rows=8575 width=30) (actual time=1321.711..11169.044 rows=244063 loops=1)
                                 Buffers: shared hit=997141 read=411848
                                 ->  Hash Join  (cost=2570.10..706541.59 rows=8575 width=22) (actual time=1321.647..5346.612 rows=249074 loops=1)
                                       Hash Cond: (catalog_returns.cr_returned_date_sk = date_dim.d_date_sk)
                                       Buffers: shared hit=20973 read=411764
                                       ->  Seq Scan on catalog_returns  (cost=0.00..647267.12 rows=21600412 width=26) (actual time=0.135..3523.021 rows=21598628 loops=1)
                                             Buffers: shared hit=19775 read=411488
                                       ->  Hash  (cost=2569.73..2569.73 rows=29 width=4) (actual time=20.405..20.406 rows=30 loops=1)
                                             Buckets: 1024  Batches: 1  Memory Usage: 10kB
                                             Buffers: shared hit=1198 read=276
                                             ->  Seq Scan on date_dim  (cost=0.00..2569.73 rows=29 width=4) (actual time=10.325..20.393 rows=30 loops=1)
                                                   Filter: ((d_year = 2000) AND (d_moy = 11))
                                                   Rows Removed by Filter: 73019
                                                   Buffers: shared hit=1198 read=276
                                 ->  Index Scan using customer_pkey on customer  (cost=0.43..0.67 rows=1 width=16) (actual time=0.023..0.023 rows=1 loops=249074)
                                       Index Cond: (c_customer_sk = catalog_returns.cr_returning_customer_sk)
                                       Buffers: shared hit=976168 read=84
                           ->  Memoize  (cost=0.29..0.31 rows=1 width=4) (actual time=0.001..0.001 rows=0 loops=244063)
                                 Cache Key: customer.c_current_hdemo_sk
                                 Cache Mode: logical
                                 Hits: 236864  Misses: 7199  Evictions: 0  Overflows: 0  Memory Usage: 521kB
                                 Buffers: shared hit=21594
                                 ->  Index Scan using household_demographics_pkey on household_demographics  (cost=0.28..0.30 rows=1 width=4) (actual time=0.015..0.015 rows=0 loops=7199)
                                       Index Cond: (hd_demo_sk = customer.c_current_hdemo_sk)
                                       Filter: (hd_buy_potential ~~ 'Unknown%'::text)
                                       Rows Removed by Filter: 1
                                       Buffers: shared hit=21594
                     ->  Index Scan using customer_address_pkey on customer_address  (cost=0.42..0.67 rows=1 width=4) (actual time=0.026..0.026 rows=0 loops=41861)
                           Index Cond: (ca_address_sk = customer.c_current_addr_sk)
                           Filter: (ca_gmt_offset = '-7'::numeric)
                           Rows Removed by Filter: 1
                           Buffers: shared hit=158219 read=9225
               ->  Index Scan using customer_demographics_pkey on customer_demographics  (cost=0.43..0.72 rows=1 width=4) (actual time=0.024..0.024 rows=0 loops=6106)
                     Index Cond: (cd_demo_sk = customer.c_current_cdemo_sk)
                     Filter: (((cd_marital_status = 'M'::bpchar) AND (cd_education_status = 'Unknown'::bpchar)) OR ((cd_marital_status = 'W'::bpchar) AND (cd_education_status = 'Advanced Degree'::bpchar)))
                     Rows Removed by Filter: 1
                     Buffers: shared hit=22811 read=1201
         ->  Index Scan using call_center_pkey on call_center  (cost=0.14..0.16 rows=1 width=48) (actual time=0.013..0.013 rows=1 loops=396)
               Index Cond: (cc_call_center_sk = catalog_returns.cr_call_center_sk)
               Buffers: shared hit=784
 Planning:
   Buffers: shared hit=415
 Planning Time: 3.153 ms
 Execution Time: 12715.980 ms
(54 rows)

