                                                                                                  QUERY PLAN                                                                                                  
--------------------------------------------------------------------------------------------------------------------------------------------------------------------------------------------------------------
 Aggregate  (cost=715903.32..715903.33 rows=1 width=136) (actual time=4959.225..4959.234 rows=1 loops=1)
   Buffers: shared hit=39286 read=403069
   ->  Nested Loop  (cost=2571.82..715903.18 rows=9 width=58) (actual time=35.319..4959.218 rows=1 loops=1)
         Buffers: shared hit=39286 read=403069
         ->  Nested Loop  (cost=2571.68..715901.79 rows=9 width=18) (actual time=35.281..4959.179 rows=1 loops=1)
               Buffers: shared hit=39284 read=403069
               ->  Nested Loop  (cost=2571.25..715788.62 rows=158 width=22) (actual time=22.807..4958.014 rows=22 loops=1)
                     Buffers: shared hit=39203 read=403062
                     ->  Nested Loop  (cost=2570.83..714805.30 rows=1478 width=26) (actual time=20.208..4953.309 rows=212 loops=1)
                           Buffers: shared hit=38397 read=403020
                           ->  Nested Loop  (cost=2570.54..712473.67 rows=8871 width=30) (actual time=19.314..4939.276 rows=1306 loops=1)
                                 Buffers: shared hit=34941 read=403020
                                 ->  Hash Join  (cost=2570.11..706541.60 rows=8871 width=22) (actual time=19.240..4908.516 rows=1337 loops=1)
                                       Hash Cond: (catalog_returns.cr_returned_date_sk = date_dim.d_date_sk)
                                       Buffers: shared hit=29717 read=403020
                                       ->  Seq Scan on catalog_returns  (cost=0.00..647267.12 rows=21600412 width=26) (actual time=0.201..3286.023 rows=21598628 loops=1)
                                             Buffers: shared hit=28370 read=402893
                                       ->  Hash  (cost=2569.73..2569.73 rows=30 width=4) (actual time=18.879..18.880 rows=31 loops=1)
                                             Buckets: 1024  Batches: 1  Memory Usage: 10kB
                                             Buffers: shared hit=1347 read=127
                                             ->  Seq Scan on date_dim  (cost=0.00..2569.73 rows=30 width=4) (actual time=11.501..18.866 rows=31 loops=1)
                                                   Filter: ((d_year = 1998) AND (d_moy = 1))
                                                   Rows Removed by Filter: 73018
                                                   Buffers: shared hit=1347 read=127
                                 ->  Index Scan using customer_pkey on customer  (cost=0.43..0.67 rows=1 width=16) (actual time=0.022..0.022 rows=1 loops=1337)
                                       Index Cond: (c_customer_sk = catalog_returns.cr_returning_customer_sk)
                                       Buffers: shared hit=5224
                           ->  Memoize  (cost=0.29..0.31 rows=1 width=4) (actual time=0.010..0.010 rows=0 loops=1306)
                                 Cache Key: customer.c_current_hdemo_sk
                                 Cache Mode: logical
                                 Hits: 153  Misses: 1153  Evictions: 0  Overflows: 0  Memory Usage: 84kB
                                 Buffers: shared hit=3456
                                 ->  Index Scan using household_demographics_pkey on household_demographics  (cost=0.28..0.30 rows=1 width=4) (actual time=0.011..0.011 rows=0 loops=1153)
                                       Index Cond: (hd_demo_sk = customer.c_current_hdemo_sk)
                                       Filter: (hd_buy_potential ~~ '5001-10000%'::text)
                                       Rows Removed by Filter: 1
                                       Buffers: shared hit=3456
                     ->  Index Scan using customer_address_pkey on customer_address  (cost=0.42..0.67 rows=1 width=4) (actual time=0.022..0.022 rows=0 loops=212)
                           Index Cond: (ca_address_sk = customer.c_current_addr_sk)
                           Filter: (ca_gmt_offset = '-7'::numeric)
                           Rows Removed by Filter: 1
                           Buffers: shared hit=806 read=42
               ->  Index Scan using customer_demographics_pkey on customer_demographics  (cost=0.43..0.72 rows=1 width=4) (actual time=0.052..0.052 rows=0 loops=22)
                     Index Cond: (cd_demo_sk = customer.c_current_cdemo_sk)
                     Filter: (((cd_marital_status = 'M'::bpchar) AND (cd_education_status = 'Unknown'::bpchar)) OR ((cd_marital_status = 'W'::bpchar) AND (cd_education_status = 'Advanced Degree'::bpchar)))
                     Rows Removed by Filter: 1
                     Buffers: shared hit=81 read=7
         ->  Index Scan using call_center_pkey on call_center  (cost=0.14..0.16 rows=1 width=48) (actual time=0.033..0.033 rows=1 loops=1)
               Index Cond: (cc_call_center_sk = catalog_returns.cr_call_center_sk)
               Buffers: shared hit=2
 Planning:
   Buffers: shared hit=415
 Planning Time: 4.424 ms
 Execution Time: 4960.040 ms
(54 rows)

