                                                                                                  QUERY PLAN                                                                                                  
--------------------------------------------------------------------------------------------------------------------------------------------------------------------------------------------------------------
 Aggregate  (cost=716146.24..716146.25 rows=1 width=136) (actual time=13582.398..13582.404 rows=1 loops=1)
   Buffers: shared hit=1340821 read=418808
   ->  Nested Loop  (cost=2571.83..716146.10 rows=9 width=58) (actual time=2139.966..13580.542 rows=671 loops=1)
         Buffers: shared hit=1340821 read=418808
         ->  Nested Loop  (cost=2571.69..716144.71 rows=9 width=18) (actual time=2139.948..13572.618 rows=677 loops=1)
               Buffers: shared hit=1339479 read=418808
               ->  Nested Loop  (cost=2571.27..716027.25 rows=164 width=22) (actual time=2139.915..13431.665 rows=5668 loops=1)
                     Buffers: shared hit=1319304 read=416743
                     ->  Nested Loop  (cost=2570.84..715010.66 rows=1528 width=26) (actual time=2139.868..12352.321 rows=42656 loops=1)
                           Buffers: shared hit=1157777 read=407646
                           ->  Nested Loop  (cost=2570.55..712671.62 rows=9167 width=30) (actual time=2131.311..12020.307 rows=277773 loops=1)
                                 Buffers: shared hit=1136183 read=407646
                                 ->  Hash Join  (cost=2570.12..706541.62 rows=9167 width=22) (actual time=2131.259..5428.223 rows=283537 loops=1)
                                       Hash Cond: (catalog_returns.cr_returned_date_sk = date_dim.d_date_sk)
                                       Buffers: shared hit=25312 read=407425
                                       ->  Seq Scan on catalog_returns  (cost=0.00..647267.12 rows=21600412 width=26) (actual time=0.774..3593.932 rows=21598628 loops=1)
                                             Buffers: shared hit=23965 read=407298
                                       ->  Hash  (cost=2569.73..2569.73 rows=31 width=4) (actual time=21.551..21.552 rows=31 loops=1)
                                             Buckets: 1024  Batches: 1  Memory Usage: 10kB
                                             Buffers: shared hit=1347 read=127
                                             ->  Seq Scan on date_dim  (cost=0.00..2569.73 rows=31 width=4) (actual time=10.696..21.539 rows=31 loops=1)
                                                   Filter: ((d_year = 2001) AND (d_moy = 10))
                                                   Rows Removed by Filter: 73018
                                                   Buffers: shared hit=1347 read=127
                                 ->  Index Scan using customer_pkey on customer  (cost=0.43..0.67 rows=1 width=16) (actual time=0.023..0.023 rows=1 loops=283537)
                                       Index Cond: (c_customer_sk = catalog_returns.cr_returning_customer_sk)
                                       Buffers: shared hit=1110871 read=221
                           ->  Memoize  (cost=0.29..0.31 rows=1 width=4) (actual time=0.001..0.001 rows=0 loops=277773)
                                 Cache Key: customer.c_current_hdemo_sk
                                 Cache Mode: logical
                                 Hits: 270574  Misses: 7199  Evictions: 0  Overflows: 0  Memory Usage: 521kB
                                 Buffers: shared hit=21594
                                 ->  Index Scan using household_demographics_pkey on household_demographics  (cost=0.28..0.30 rows=1 width=4) (actual time=0.016..0.016 rows=0 loops=7199)
                                       Index Cond: (hd_demo_sk = customer.c_current_hdemo_sk)
                                       Filter: (hd_buy_potential ~~ '0-500%'::text)
                                       Rows Removed by Filter: 1
                                       Buffers: shared hit=21594
                     ->  Index Scan using customer_address_pkey on customer_address  (cost=0.42..0.67 rows=1 width=4) (actual time=0.025..0.025 rows=0 loops=42656)
                           Index Cond: (ca_address_sk = customer.c_current_addr_sk)
                           Filter: (ca_gmt_offset = '-7'::numeric)
                           Rows Removed by Filter: 1
                           Buffers: shared hit=161527 read=9097
               ->  Index Scan using customer_demographics_pkey on customer_demographics  (cost=0.43..0.72 rows=1 width=4) (actual time=0.024..0.024 rows=0 loops=5668)
                     Index Cond: (cd_demo_sk = customer.c_current_cdemo_sk)
                     Filter: (((cd_marital_status = 'M'::bpchar) AND (cd_education_status = 'Unknown'::bpchar)) OR ((cd_marital_status = 'W'::bpchar) AND (cd_education_status = 'Advanced Degree'::bpchar)))
                     Rows Removed by Filter: 1
                     Buffers: shared hit=20175 read=2065
         ->  Index Scan using call_center_pkey on call_center  (cost=0.14..0.16 rows=1 width=48) (actual time=0.010..0.010 rows=1 loops=677)
               Index Cond: (cc_call_center_sk = catalog_returns.cr_call_center_sk)
               Buffers: shared hit=1342
 Planning:
   Buffers: shared hit=415
 Planning Time: 4.402 ms
 Execution Time: 13583.207 ms
(54 rows)

