                                                                                                  QUERY PLAN                                                                                                  
--------------------------------------------------------------------------------------------------------------------------------------------------------------------------------------------------------------
 Aggregate  (cost=716146.24..716146.25 rows=1 width=136) (actual time=11699.653..11699.660 rows=1 loops=1)
   Buffers: shared hit=1069133 read=418779
   ->  Nested Loop  (cost=2571.83..716146.10 rows=9 width=58) (actual time=191.662..11698.671 rows=312 loops=1)
         Buffers: shared hit=1069133 read=418779
         ->  Nested Loop  (cost=2571.69..716144.71 rows=9 width=18) (actual time=191.643..11694.544 rows=317 loops=1)
               Buffers: shared hit=1068509 read=418779
               ->  Nested Loop  (cost=2571.27..716027.25 rows=164 width=22) (actual time=47.301..11555.272 rows=5425 loops=1)
                     Buffers: shared hit=1048718 read=417254
                     ->  Nested Loop  (cost=2570.84..715010.66 rows=1528 width=26) (actual time=34.871..10622.074 rows=36807 loops=1)
                           Buffers: shared hit=909634 read=409110
                           ->  Nested Loop  (cost=2570.55..712671.62 rows=9167 width=30) (actual time=33.687..10353.740 rows=216107 loops=1)
                                 Buffers: shared hit=888055 read=409110
                                 ->  Hash Join  (cost=2570.12..706541.62 rows=9167 width=22) (actual time=33.613..5258.699 rows=220552 loops=1)
                                       Hash Cond: (catalog_returns.cr_returned_date_sk = date_dim.d_date_sk)
                                       Buffers: shared hit=23789 read=408948
                                       ->  Seq Scan on catalog_returns  (cost=0.00..647267.12 rows=21600412 width=26) (actual time=0.375..3493.233 rows=21598628 loops=1)
                                             Buffers: shared hit=22442 read=408821
                                       ->  Hash  (cost=2569.73..2569.73 rows=31 width=4) (actual time=19.678..19.679 rows=31 loops=1)
                                             Buckets: 1024  Batches: 1  Memory Usage: 10kB
                                             Buffers: shared hit=1347 read=127
                                             ->  Seq Scan on date_dim  (cost=0.00..2569.73 rows=31 width=4) (actual time=11.003..19.664 rows=31 loops=1)
                                                   Filter: ((d_year = 1998) AND (d_moy = 10))
                                                   Rows Removed by Filter: 73018
                                                   Buffers: shared hit=1347 read=127
                                 ->  Index Scan using customer_pkey on customer  (cost=0.43..0.67 rows=1 width=16) (actual time=0.023..0.023 rows=1 loops=220552)
                                       Index Cond: (c_customer_sk = catalog_returns.cr_returning_customer_sk)
                                       Buffers: shared hit=864266 read=162
                           ->  Memoize  (cost=0.29..0.31 rows=1 width=4) (actual time=0.001..0.001 rows=0 loops=216107)
                                 Cache Key: customer.c_current_hdemo_sk
                                 Cache Mode: logical
                                 Hits: 208913  Misses: 7194  Evictions: 0  Overflows: 0  Memory Usage: 520kB
                                 Buffers: shared hit=21579
                                 ->  Index Scan using household_demographics_pkey on household_demographics  (cost=0.28..0.30 rows=1 width=4) (actual time=0.014..0.014 rows=0 loops=7194)
                                       Index Cond: (hd_demo_sk = customer.c_current_hdemo_sk)
                                       Filter: (hd_buy_potential ~~ 'Unknown%'::text)
                                       Rows Removed by Filter: 1
                                       Buffers: shared hit=21579
                     ->  Index Scan using customer_address_pkey on customer_address  (cost=0.42..0.67 rows=1 width=4) (actual time=0.025..0.025 rows=0 loops=36807)
                           Index Cond: (ca_address_sk = customer.c_current_addr_sk)
                           Filter: (ca_gmt_offset = '-7'::numeric)
                           Rows Removed by Filter: 1
                           Buffers: shared hit=139084 read=8144
               ->  Index Scan using customer_demographics_pkey on customer_demographics  (cost=0.43..0.72 rows=1 width=4) (actual time=0.025..0.025 rows=0 loops=5425)
                     Index Cond: (cd_demo_sk = customer.c_current_cdemo_sk)
                     Filter: (((cd_marital_status = 'M'::bpchar) AND (cd_education_status = 'Unknown'::bpchar)) OR ((cd_marital_status = 'W'::bpchar) AND (cd_education_status = 'Advanced Degree'::bpchar)))
                     Rows Removed by Filter: 1
                     Buffers: shared hit=19791 read=1525
         ->  Index Scan using call_center_pkey on call_center  (cost=0.14..0.16 rows=1 width=48) (actual time=0.011..0.011 rows=1 loops=317)
               Index Cond: (cc_call_center_sk = catalog_returns.cr_call_center_sk)
               Buffers: shared hit=624
 Planning:
   Buffers: shared hit=415
 Planning Time: 4.421 ms
 Execution Time: 11700.483 ms
(54 rows)

