                                                                                                  QUERY PLAN                                                                                                  
--------------------------------------------------------------------------------------------------------------------------------------------------------------------------------------------------------------
 Aggregate  (cost=715903.32..715903.33 rows=1 width=136) (actual time=12746.821..12746.827 rows=1 loops=1)
   Buffers: shared hit=1241378 read=414654
   ->  Nested Loop  (cost=2571.82..715903.18 rows=9 width=58) (actual time=12746.815..12746.821 rows=0 loops=1)
         Buffers: shared hit=1241378 read=414654
         ->  Nested Loop  (cost=2571.68..715901.79 rows=9 width=18) (actual time=12746.815..12746.820 rows=0 loops=1)
               Buffers: shared hit=1241378 read=414654
               ->  Nested Loop  (cost=2571.25..715788.62 rows=158 width=22) (actual time=1962.151..12641.183 rows=3797 loops=1)
                     Buffers: shared hit=1228235 read=412945
                     ->  Nested Loop  (cost=2570.83..714805.30 rows=1478 width=26) (actual time=1953.448..11750.467 rows=35854 loops=1)
                           Buffers: shared hit=1091821 read=405943
                           ->  Nested Loop  (cost=2570.54..712473.67 rows=8871 width=30) (actual time=1947.845..11443.024 rows=260859 loops=1)
                                 Buffers: shared hit=1070230 read=405943
                                 ->  Hash Join  (cost=2570.11..706541.60 rows=8871 width=22) (actual time=1947.803..5331.910 rows=266327 loops=1)
                                       Hash Cond: (catalog_returns.cr_returned_date_sk = date_dim.d_date_sk)
                                       Buffers: shared hit=27060 read=405677
                                       ->  Seq Scan on catalog_returns  (cost=0.00..647267.12 rows=21600412 width=26) (actual time=0.056..3516.142 rows=21598628 loops=1)
                                             Buffers: shared hit=26911 read=404352
                                       ->  Hash  (cost=2569.73..2569.73 rows=30 width=4) (actual time=23.374..23.375 rows=30 loops=1)
                                             Buckets: 1024  Batches: 1  Memory Usage: 10kB
                                             Buffers: shared hit=149 read=1325
                                             ->  Seq Scan on date_dim  (cost=0.00..2569.73 rows=30 width=4) (actual time=13.917..23.356 rows=30 loops=1)
                                                   Filter: ((d_year = 2001) AND (d_moy = 9))
                                                   Rows Removed by Filter: 73019
                                                   Buffers: shared hit=149 read=1325
                                 ->  Index Scan using customer_pkey on customer  (cost=0.43..0.67 rows=1 width=16) (actual time=0.022..0.022 rows=1 loops=266327)
                                       Index Cond: (c_customer_sk = catalog_returns.cr_returning_customer_sk)
                                       Buffers: shared hit=1043170 read=266
                           ->  Memoize  (cost=0.29..0.31 rows=1 width=4) (actual time=0.001..0.001 rows=0 loops=260859)
                                 Cache Key: customer.c_current_hdemo_sk
                                 Cache Mode: logical
                                 Hits: 253661  Misses: 7198  Evictions: 0  Overflows: 0  Memory Usage: 521kB
                                 Buffers: shared hit=21591
                                 ->  Index Scan using household_demographics_pkey on household_demographics  (cost=0.28..0.30 rows=1 width=4) (actual time=0.016..0.016 rows=0 loops=7198)
                                       Index Cond: (hd_demo_sk = customer.c_current_hdemo_sk)
                                       Filter: (hd_buy_potential ~~ '1001-5000%'::text)
                                       Rows Removed by Filter: 1
                                       Buffers: shared hit=21591
                     ->  Index Scan using customer_address_pkey on customer_address  (cost=0.42..0.67 rows=1 width=4) (actual time=0.024..0.024 rows=0 loops=35854)
                           Index Cond: (ca_address_sk = customer.c_current_addr_sk)
                           Filter: (ca_gmt_offset = '-7'::numeric)
                           Rows Removed by Filter: 1
                           Buffers: shared hit=136414 read=7002
               ->  Index Scan using customer_demographics_pkey on customer_demographics  (cost=0.43..0.72 rows=1 width=4) (actual time=0.027..0.027 rows=0 loops=3797)
                     Index Cond: (cd_demo_sk = customer.c_current_cdemo_sk)
                     Filter: (((cd_marital_status = 'M'::bpchar) AND (cd_education_status = 'Unknown'::bpchar)) OR ((cd_marital_status = 'W'::bpchar) AND (cd_education_status = 'Advanced Degree'::bpchar)))
                     Rows Removed by Filter: 1
                     Buffers: shared hit=13143 read=1709
         ->  Index Scan using call_center_pkey on call_center  (cost=0.14..0.16 rows=1 width=48) (never executed)
               Index Cond: (cc_call_center_sk = catalog_returns.cr_call_center_sk)
 Planning:
   Buffers: shared hit=384 read=31
 Planning Time: 5.097 ms
 Execution Time: 12747.646 ms
(53 rows)

