                                                                                                     QUERY PLAN                                                                                                     
--------------------------------------------------------------------------------------------------------------------------------------------------------------------------------------------------------------------
 Aggregate  (cost=715921.76..715921.77 rows=1 width=136) (actual time=12449.184..12449.190 rows=1 loops=1)
   Buffers: shared hit=1186479 read=420759
   ->  Hash Join  (cost=2574.36..715921.22 rows=36 width=58) (actual time=12449.179..12449.186 rows=0 loops=1)
         Hash Cond: (catalog_returns.cr_call_center_sk = call_center.cc_call_center_sk)
         Buffers: shared hit=1186479 read=420759
         ->  Nested Loop  (cost=2571.68..715918.44 rows=36 width=18) (actual time=12449.075..12449.080 rows=0 loops=1)
               Buffers: shared hit=1186477 read=420759
               ->  Nested Loop  (cost=2571.26..715863.88 rows=82 width=22) (actual time=903.739..12402.738 rows=1609 loops=1)
                     Buffers: shared hit=1180433 read=420367
                     ->  Nested Loop  (cost=2570.83..714805.30 rows=1478 width=26) (actual time=860.139..11394.934 rows=38011 loops=1)
                           Buffers: shared hit=1043571 read=407869
                           ->  Nested Loop  (cost=2570.54..712473.67 rows=8871 width=30) (actual time=859.583..11091.113 rows=249278 loops=1)
                                 Buffers: shared hit=1021980 read=407869
                                 ->  Hash Join  (cost=2570.11..706541.60 rows=8871 width=22) (actual time=859.534..5215.687 rows=254424 loops=1)
                                       Hash Cond: (catalog_returns.cr_returned_date_sk = date_dim.d_date_sk)
                                       Buffers: shared hit=25173 read=407564
                                       ->  Seq Scan on catalog_returns  (cost=0.00..647267.12 rows=21600412 width=26) (actual time=0.035..3439.681 rows=21598628 loops=1)
                                             Buffers: shared hit=24437 read=406826
                                       ->  Hash  (cost=2569.73..2569.73 rows=30 width=4) (actual time=28.956..28.957 rows=31 loops=1)
                                             Buckets: 1024  Batches: 1  Memory Usage: 10kB
                                             Buffers: shared hit=736 read=738
                                             ->  Seq Scan on date_dim  (cost=0.00..2569.73 rows=30 width=4) (actual time=17.026..28.946 rows=31 loops=1)
                                                   Filter: ((d_year = 2000) AND (d_moy = 1))
                                                   Rows Removed by Filter: 73018
                                                   Buffers: shared hit=736 read=738
                                 ->  Index Scan using customer_pkey on customer  (cost=0.43..0.67 rows=1 width=16) (actual time=0.023..0.023 rows=1 loops=254424)
                                       Index Cond: (c_customer_sk = catalog_returns.cr_returning_customer_sk)
                                       Buffers: shared hit=996807 read=305
                           ->  Memoize  (cost=0.29..0.31 rows=1 width=4) (actual time=0.001..0.001 rows=0 loops=249278)
                                 Cache Key: customer.c_current_hdemo_sk
                                 Cache Mode: logical
                                 Hits: 242080  Misses: 7198  Evictions: 0  Overflows: 0  Memory Usage: 521kB
                                 Buffers: shared hit=21591
                                 ->  Index Scan using household_demographics_pkey on household_demographics  (cost=0.28..0.30 rows=1 width=4) (actual time=0.016..0.016 rows=0 loops=7198)
                                       Index Cond: (hd_demo_sk = customer.c_current_hdemo_sk)
                                       Filter: (hd_buy_potential ~~ '0-500%'::text)
                                       Rows Removed by Filter: 1
                                       Buffers: shared hit=21591
                     ->  Index Scan using customer_demographics_pkey on customer_demographics  (cost=0.43..0.72 rows=1 width=4) (actual time=0.026..0.026 rows=0 loops=38011)
                           Index Cond: (cd_demo_sk = customer.c_current_cdemo_sk)
                           Filter: (((cd_marital_status = 'M'::bpchar) AND (cd_education_status = 'Unknown'::bpchar)) OR ((cd_marital_status = 'W'::bpchar) AND (cd_education_status = 'Advanced Degree'::bpchar)))
                           Rows Removed by Filter: 1
                           Buffers: shared hit=136862 read=12498
               ->  Index Scan using customer_address_pkey on customer_address  (cost=0.42..0.67 rows=1 width=4) (actual time=0.028..0.028 rows=0 loops=1609)
                     Index Cond: (ca_address_sk = customer.c_current_addr_sk)
                     Filter: (ca_gmt_offset = '-6'::numeric)
                     Rows Removed by Filter: 1
                     Buffers: shared hit=6044 read=392
         ->  Hash  (cost=2.30..2.30 rows=30 width=48) (actual time=0.083..0.083 rows=30 loops=1)
               Buckets: 1024  Batches: 1  Memory Usage: 11kB
               Buffers: shared hit=2
               ->  Seq Scan on call_center  (cost=0.00..2.30 rows=30 width=48) (actual time=0.027..0.052 rows=30 loops=1)
                     Buffers: shared hit=2
 Planning:
   Buffers: shared hit=415
 Planning Time: 3.829 ms
 Execution Time: 12449.860 ms
(57 rows)

