                                                                                                     QUERY PLAN                                                                                                     
--------------------------------------------------------------------------------------------------------------------------------------------------------------------------------------------------------------------
 Aggregate  (cost=715921.76..715921.77 rows=1 width=136) (actual time=12211.673..12211.680 rows=1 loops=1)
   Buffers: shared hit=1141741 read=433158
   ->  Hash Join  (cost=2574.36..715921.22 rows=36 width=58) (actual time=1188.748..12205.304 rows=3487 loops=1)
         Hash Cond: (catalog_returns.cr_call_center_sk = call_center.cc_call_center_sk)
         Buffers: shared hit=1141741 read=433158
         ->  Nested Loop  (cost=2571.68..715918.44 rows=36 width=18) (actual time=1188.653..12202.791 rows=3517 loops=1)
               Buffers: shared hit=1141739 read=433158
               ->  Nested Loop  (cost=2571.26..715863.88 rows=82 width=22) (actual time=1188.616..12038.343 rows=6499 loops=1)
                     Buffers: shared hit=1116920 read=431981
                     ->  Nested Loop  (cost=2570.83..714805.30 rows=1478 width=26) (actual time=1183.450..11006.917 rows=41447 loops=1)
                           Buffers: shared hit=974737 read=411232
                           ->  Nested Loop  (cost=2570.54..712473.67 rows=8871 width=30) (actual time=1179.544..10732.711 rows=232914 loops=1)
                                 Buffers: shared hit=953161 read=411232
                                 ->  Hash Join  (cost=2570.11..706541.60 rows=8871 width=22) (actual time=1179.510..5336.967 rows=237520 loops=1)
                                       Hash Cond: (catalog_returns.cr_returned_date_sk = date_dim.d_date_sk)
                                       Buffers: shared hit=21693 read=411044
                                       ->  Seq Scan on catalog_returns  (cost=0.00..647267.12 rows=21600412 width=26) (actual time=0.202..3530.155 rows=21598628 loops=1)
                                             Buffers: shared hit=20219 read=411044
                                       ->  Hash  (cost=2569.73..2569.73 rows=30 width=4) (actual time=27.107..27.108 rows=30 loops=1)
                                             Buckets: 1024  Batches: 1  Memory Usage: 10kB
                                             Buffers: shared hit=1474
                                             ->  Seq Scan on date_dim  (cost=0.00..2569.73 rows=30 width=4) (actual time=16.149..27.091 rows=30 loops=1)
                                                   Filter: ((d_year = 2000) AND (d_moy = 6))
                                                   Rows Removed by Filter: 73019
                                                   Buffers: shared hit=1474
                                 ->  Index Scan using customer_pkey on customer  (cost=0.43..0.67 rows=1 width=16) (actual time=0.022..0.022 rows=1 loops=237520)
                                       Index Cond: (c_customer_sk = catalog_returns.cr_returning_customer_sk)
                                       Buffers: shared hit=931468 read=188
                           ->  Memoize  (cost=0.29..0.31 rows=1 width=4) (actual time=0.001..0.001 rows=0 loops=232914)
                                 Cache Key: customer.c_current_hdemo_sk
                                 Cache Mode: logical
                                 Hits: 225721  Misses: 7193  Evictions: 0  Overflows: 0  Memory Usage: 520kB
                                 Buffers: shared hit=21576
                                 ->  Index Scan using household_demographics_pkey on household_demographics  (cost=0.28..0.30 rows=1 width=4) (actual time=0.013..0.013 rows=0 loops=7193)
                                       Index Cond: (hd_demo_sk = customer.c_current_hdemo_sk)
                                       Filter: (hd_buy_potential ~~ '>10000%'::text)
                                       Rows Removed by Filter: 1
                                       Buffers: shared hit=21576
                     ->  Index Scan using customer_demographics_pkey on customer_demographics  (cost=0.43..0.72 rows=1 width=4) (actual time=0.024..0.024 rows=0 loops=41447)
                           Index Cond: (cd_demo_sk = customer.c_current_cdemo_sk)
                           Filter: (((cd_marital_status = 'M'::bpchar) AND (cd_education_status = 'Unknown'::bpchar)) OR ((cd_marital_status = 'W'::bpchar) AND (cd_education_status = 'Advanced Degree'::bpchar)))
                           Rows Removed by Filter: 1
                           Buffers: shared hit=142183 read=20749
               ->  Index Scan using customer_address_pkey on customer_address  (cost=0.42..0.67 rows=1 width=4) (actual time=0.025..0.025 rows=1 loops=6499)
                     Index Cond: (ca_address_sk = customer.c_current_addr_sk)
                     Filter: (ca_gmt_offset = '-6'::numeric)
                     Rows Removed by Filter: 0
                     Buffers: shared hit=24819 read=1177
         ->  Hash  (cost=2.30..2.30 rows=30 width=48) (actual time=0.075..0.075 rows=30 loops=1)
               Buckets: 1024  Batches: 1  Memory Usage: 11kB
               Buffers: shared hit=2
               ->  Seq Scan on call_center  (cost=0.00..2.30 rows=30 width=48) (actual time=0.025..0.047 rows=30 loops=1)
                     Buffers: shared hit=2
 Planning:
   Buffers: shared hit=415
 Planning Time: 4.302 ms
 Execution Time: 12212.307 ms
(57 rows)

