                                                                                                  QUERY PLAN                                                                                                  
--------------------------------------------------------------------------------------------------------------------------------------------------------------------------------------------------------------
 Aggregate  (cost=716146.24..716146.25 rows=1 width=136) (actual time=13551.598..13551.604 rows=1 loops=1)
   Buffers: shared hit=1321521 read=411714
   ->  Nested Loop  (cost=2571.83..716146.10 rows=9 width=58) (actual time=13551.594..13551.600 rows=0 loops=1)
         Buffers: shared hit=1321521 read=411714
         ->  Nested Loop  (cost=2571.69..716144.71 rows=9 width=18) (actual time=13551.594..13551.599 rows=0 loops=1)
               Buffers: shared hit=1321521 read=411714
               ->  Nested Loop  (cost=2571.27..716027.25 rows=164 width=22) (actual time=2127.317..13428.682 rows=4128 loops=1)
                     Buffers: shared hit=1307105 read=409854
                     ->  Nested Loop  (cost=2570.84..715010.66 rows=1528 width=26) (actual time=2115.698..12460.031 rows=37884 loops=1)
                           Buffers: shared hit=1161650 read=403773
                           ->  Nested Loop  (cost=2570.55..712671.62 rows=9167 width=30) (actual time=2111.632..12121.612 rows=277773 loops=1)
                                 Buffers: shared hit=1140056 read=403773
                                 ->  Hash Join  (cost=2570.12..706541.62 rows=9167 width=22) (actual time=2111.592..5417.750 rows=283537 loops=1)
                                       Hash Cond: (catalog_returns.cr_returned_date_sk = date_dim.d_date_sk)
                                       Buffers: shared hit=29180 read=403557
                                       ->  Seq Scan on catalog_returns  (cost=0.00..647267.12 rows=21600412 width=26) (actual time=0.356..3574.593 rows=21598628 loops=1)
                                             Buffers: shared hit=27706 read=403557
                                       ->  Hash  (cost=2569.73..2569.73 rows=31 width=4) (actual time=12.684..12.685 rows=31 loops=1)
                                             Buckets: 1024  Batches: 1  Memory Usage: 10kB
                                             Buffers: shared hit=1474
                                             ->  Seq Scan on date_dim  (cost=0.00..2569.73 rows=31 width=4) (actual time=6.651..12.676 rows=31 loops=1)
                                                   Filter: ((d_year = 2001) AND (d_moy = 10))
                                                   Rows Removed by Filter: 73018
                                                   Buffers: shared hit=1474
                                 ->  Index Scan using customer_pkey on customer  (cost=0.43..0.67 rows=1 width=16) (actual time=0.023..0.023 rows=1 loops=283537)
                                       Index Cond: (c_customer_sk = catalog_returns.cr_returning_customer_sk)
                                       Buffers: shared hit=1110876 read=216
                           ->  Memoize  (cost=0.29..0.31 rows=1 width=4) (actual time=0.001..0.001 rows=0 loops=277773)
                                 Cache Key: customer.c_current_hdemo_sk
                                 Cache Mode: logical
                                 Hits: 270574  Misses: 7199  Evictions: 0  Overflows: 0  Memory Usage: 521kB
                                 Buffers: shared hit=21594
                                 ->  Index Scan using household_demographics_pkey on household_demographics  (cost=0.28..0.30 rows=1 width=4) (actual time=0.017..0.017 rows=0 loops=7199)
                                       Index Cond: (hd_demo_sk = customer.c_current_hdemo_sk)
                                       Filter: (hd_buy_potential ~~ '1001-5000%'::text)
                                       Rows Removed by Filter: 1
                                       Buffers: shared hit=21594
                     ->  Index Scan using customer_address_pkey on customer_address  (cost=0.42..0.67 rows=1 width=4) (actual time=0.025..0.025 rows=0 loops=37884)
                           Index Cond: (ca_address_sk = customer.c_current_addr_sk)
                           Filter: (ca_gmt_offset = '-7'::numeric)
                           Rows Removed by Filter: 1
                           Buffers: shared hit=145455 read=6081
               ->  Index Scan using customer_demographics_pkey on customer_demographics  (cost=0.43..0.72 rows=1 width=4) (actual time=0.029..0.029 rows=0 loops=4128)
                     Index Cond: (cd_demo_sk = customer.c_current_cdemo_sk)
                     Filter: (((cd_marital_status = 'M'::bpchar) AND (cd_education_status = 'Unknown'::bpchar)) OR ((cd_marital_status = 'W'::bpchar) AND (cd_education_status = 'Advanced Degree'::bpchar)))
                     Rows Removed by Filter: 1
                     Buffers: shared hit=14416 read=1860
         ->  Index Scan using call_center_pkey on call_center  (cost=0.14..0.16 rows=1 width=48) (never executed)
               Index Cond: (cc_call_center_sk = catalog_returns.cr_call_center_sk)
 Planning:
   Buffers: shared hit=415
 Planning Time: 1.807 ms
 Execution Time: 13552.031 ms
(53 rows)

