                                                                                                     QUERY PLAN                                                                                                     
--------------------------------------------------------------------------------------------------------------------------------------------------------------------------------------------------------------------
 Aggregate  (cost=715921.76..715921.77 rows=1 width=136) (actual time=12722.056..12722.063 rows=1 loops=1)
   Buffers: shared hit=1185490 read=424349
   ->  Hash Join  (cost=2574.36..715921.22 rows=36 width=58) (actual time=1293.698..12715.744 rows=3372 loops=1)
         Hash Cond: (catalog_returns.cr_call_center_sk = call_center.cc_call_center_sk)
         Buffers: shared hit=1185490 read=424349
         ->  Nested Loop  (cost=2571.68..715918.44 rows=36 width=18) (actual time=1293.588..12713.182 rows=3410 loops=1)
               Buffers: shared hit=1185488 read=424349
               ->  Nested Loop  (cost=2571.26..715863.88 rows=82 width=22) (actual time=1292.061..12594.570 rows=4392 loops=1)
                     Buffers: shared hit=1168711 read=423558
                     ->  Nested Loop  (cost=2570.83..714805.30 rows=1478 width=26) (actual time=1292.022..11498.090 rows=41364 loops=1)
                           Buffers: shared hit=1022943 read=406910
                           ->  Nested Loop  (cost=2570.54..712473.67 rows=8871 width=30) (actual time=1289.957..11201.509 rows=243882 loops=1)
                                 Buffers: shared hit=1001355 read=406910
                                 ->  Hash Join  (cost=2570.11..706541.60 rows=8871 width=22) (actual time=1289.913..5368.567 rows=248731 loops=1)
                                       Hash Cond: (catalog_returns.cr_returned_date_sk = date_dim.d_date_sk)
                                       Buffers: shared hit=25976 read=406761
                                       ->  Seq Scan on catalog_returns  (cost=0.00..647267.12 rows=21600412 width=26) (actual time=0.050..3629.342 rows=21598628 loops=1)
                                             Buffers: shared hit=25109 read=406154
                                       ->  Hash  (cost=2569.73..2569.73 rows=30 width=4) (actual time=22.002..22.003 rows=30 loops=1)
                                             Buckets: 1024  Batches: 1  Memory Usage: 10kB
                                             Buffers: shared hit=867 read=607
                                             ->  Seq Scan on date_dim  (cost=0.00..2569.73 rows=30 width=4) (actual time=13.965..21.988 rows=30 loops=1)
                                                   Filter: ((d_year = 2000) AND (d_moy = 9))
                                                   Rows Removed by Filter: 73019
                                                   Buffers: shared hit=867 read=607
                                 ->  Index Scan using customer_pkey on customer  (cost=0.43..0.67 rows=1 width=16) (actual time=0.023..0.023 rows=1 loops=248731)
                                       Index Cond: (c_customer_sk = catalog_returns.cr_returning_customer_sk)
                                       Buffers: shared hit=975379 read=149
                           ->  Memoize  (cost=0.29..0.31 rows=1 width=4) (actual time=0.001..0.001 rows=0 loops=243882)
                                 Cache Key: customer.c_current_hdemo_sk
                                 Cache Mode: logical
                                 Hits: 236685  Misses: 7197  Evictions: 0  Overflows: 0  Memory Usage: 521kB
                                 Buffers: shared hit=21588
                                 ->  Index Scan using household_demographics_pkey on household_demographics  (cost=0.28..0.30 rows=1 width=4) (actual time=0.015..0.015 rows=0 loops=7197)
                                       Index Cond: (hd_demo_sk = customer.c_current_hdemo_sk)
                                       Filter: (hd_buy_potential ~~ 'Unknown%'::text)
                                       Rows Removed by Filter: 1
                                       Buffers: shared hit=21588
                     ->  Index Scan using customer_demographics_pkey on customer_demographics  (cost=0.43..0.72 rows=1 width=4) (actual time=0.026..0.026 rows=0 loops=41364)
                           Index Cond: (cd_demo_sk = customer.c_current_cdemo_sk)
                           Filter: (((cd_marital_status = 'M'::bpchar) AND (cd_education_status = 'Unknown'::bpchar)) OR ((cd_marital_status = 'W'::bpchar) AND (cd_education_status = 'Advanced Degree'::bpchar)))
                           Rows Removed by Filter: 1
                           Buffers: shared hit=145768 read=16648
               ->  Index Scan using customer_address_pkey on customer_address  (cost=0.42..0.67 rows=1 width=4) (actual time=0.026..0.026 rows=1 loops=4392)
                     Index Cond: (ca_address_sk = customer.c_current_addr_sk)
                     Filter: (ca_gmt_offset = '-6'::numeric)
                     Rows Removed by Filter: 0
                     Buffers: shared hit=16777 read=791
         ->  Hash  (cost=2.30..2.30 rows=30 width=48) (actual time=0.083..0.083 rows=30 loops=1)
               Buckets: 1024  Batches: 1  Memory Usage: 11kB
               Buffers: shared hit=2
               ->  Seq Scan on call_center  (cost=0.00..2.30 rows=30 width=48) (actual time=0.028..0.048 rows=30 loops=1)
                     Buffers: shared hit=2
 Planning:
   Buffers: shared hit=384 read=31
 Planning Time: 4.826 ms
 Execution Time: 12722.857 ms
(57 rows)

