                                                                                                     QUERY PLAN                                                                                                     
--------------------------------------------------------------------------------------------------------------------------------------------------------------------------------------------------------------------
 Aggregate  (cost=715921.76..715921.77 rows=1 width=136) (actual time=13208.693..13208.700 rows=1 loops=1)
   Buffers: shared hit=1308822 read=422991
   ->  Hash Join  (cost=2574.36..715921.22 rows=36 width=58) (actual time=432.724..13201.772 rows=3827 loops=1)
         Hash Cond: (catalog_returns.cr_call_center_sk = call_center.cc_call_center_sk)
         Buffers: shared hit=1308822 read=422991
         ->  Nested Loop  (cost=2571.68..715918.44 rows=36 width=18) (actual time=432.610..13199.001 rows=3865 loops=1)
               Buffers: shared hit=1308820 read=422991
               ->  Nested Loop  (cost=2571.26..715863.88 rows=82 width=22) (actual time=432.563..13073.942 rows=5013 loops=1)
                     Buffers: shared hit=1289724 read=422035
                     ->  Nested Loop  (cost=2570.83..714805.30 rows=1478 width=26) (actual time=432.524..11931.011 rows=45849 loops=1)
                           Buffers: shared hit=1120423 read=411228
                           ->  Nested Loop  (cost=2570.54..712473.67 rows=8871 width=30) (actual time=432.499..11621.199 rows=269330 loops=1)
                                 Buffers: shared hit=1098829 read=411228
                                 ->  Hash Join  (cost=2570.11..706541.60 rows=8871 width=22) (actual time=432.438..5347.944 rows=274879 loops=1)
                                       Hash Cond: (catalog_returns.cr_returned_date_sk = date_dim.d_date_sk)
                                       Buffers: shared hit=21683 read=411054
                                       ->  Seq Scan on catalog_returns  (cost=0.00..647267.12 rows=21600412 width=26) (actual time=0.035..3515.396 rows=21598628 loops=1)
                                             Buffers: shared hit=20947 read=410316
                                       ->  Hash  (cost=2569.73..2569.73 rows=30 width=4) (actual time=23.025..23.026 rows=30 loops=1)
                                             Buckets: 1024  Batches: 1  Memory Usage: 10kB
                                             Buffers: shared hit=736 read=738
                                             ->  Seq Scan on date_dim  (cost=0.00..2569.73 rows=30 width=4) (actual time=12.936..23.011 rows=30 loops=1)
                                                   Filter: ((d_year = 1999) AND (d_moy = 6))
                                                   Rows Removed by Filter: 73019
                                                   Buffers: shared hit=736 read=738
                                 ->  Index Scan using customer_pkey on customer  (cost=0.43..0.67 rows=1 width=16) (actual time=0.022..0.022 rows=1 loops=274879)
                                       Index Cond: (c_customer_sk = catalog_returns.cr_returning_customer_sk)
                                       Buffers: shared hit=1077146 read=174
                           ->  Memoize  (cost=0.29..0.31 rows=1 width=4) (actual time=0.001..0.001 rows=0 loops=269330)
                                 Cache Key: customer.c_current_hdemo_sk
                                 Cache Mode: logical
                                 Hits: 262131  Misses: 7199  Evictions: 0  Overflows: 0  Memory Usage: 521kB
                                 Buffers: shared hit=21594
                                 ->  Index Scan using household_demographics_pkey on household_demographics  (cost=0.28..0.30 rows=1 width=4) (actual time=0.014..0.014 rows=0 loops=7199)
                                       Index Cond: (hd_demo_sk = customer.c_current_hdemo_sk)
                                       Filter: (hd_buy_potential ~~ 'Unknown%'::text)
                                       Rows Removed by Filter: 1
                                       Buffers: shared hit=21594
                     ->  Index Scan using customer_demographics_pkey on customer_demographics  (cost=0.43..0.72 rows=1 width=4) (actual time=0.025..0.025 rows=0 loops=45849)
                           Index Cond: (cd_demo_sk = customer.c_current_cdemo_sk)
                           Filter: (((cd_marital_status = 'M'::bpchar) AND (cd_education_status = 'Unknown'::bpchar)) OR ((cd_marital_status = 'W'::bpchar) AND (cd_education_status = 'Advanced Degree'::bpchar)))
                           Rows Removed by Filter: 1
                           Buffers: shared hit=169301 read=10807
               ->  Index Scan using customer_address_pkey on customer_address  (cost=0.42..0.67 rows=1 width=4) (actual time=0.024..0.024 rows=1 loops=5013)
                     Index Cond: (ca_address_sk = customer.c_current_addr_sk)
                     Filter: (ca_gmt_offset = '-6'::numeric)
                     Rows Removed by Filter: 0
                     Buffers: shared hit=19096 read=956
         ->  Hash  (cost=2.30..2.30 rows=30 width=48) (actual time=0.081..0.082 rows=30 loops=1)
               Buckets: 1024  Batches: 1  Memory Usage: 11kB
               Buffers: shared hit=2
               ->  Seq Scan on call_center  (cost=0.00..2.30 rows=30 width=48) (actual time=0.032..0.054 rows=30 loops=1)
                     Buffers: shared hit=2
 Planning:
   Buffers: shared hit=415
 Planning Time: 4.473 ms
 Execution Time: 13209.536 ms
(57 rows)

