                                                                                                  QUERY PLAN                                                                                                  
--------------------------------------------------------------------------------------------------------------------------------------------------------------------------------------------------------------
 Aggregate  (cost=715903.32..715903.33 rows=1 width=136) (actual time=4863.735..4863.742 rows=1 loops=1)
   Buffers: shared hit=41370 read=400959
   ->  Nested Loop  (cost=2571.82..715903.18 rows=9 width=58) (actual time=34.424..4863.715 rows=4 loops=1)
         Buffers: shared hit=41370 read=400959
         ->  Nested Loop  (cost=2571.68..715901.79 rows=9 width=18) (actual time=34.409..4863.682 rows=4 loops=1)
               Buffers: shared hit=41362 read=400959
               ->  Nested Loop  (cost=2571.25..715788.62 rows=158 width=22) (actual time=26.714..4862.341 rows=28 loops=1)
                     Buffers: shared hit=41262 read=400947
                     ->  Nested Loop  (cost=2570.83..714805.30 rows=1478 width=26) (actual time=23.528..4856.526 rows=198 loops=1)
                           Buffers: shared hit=40523 read=400894
                           ->  Nested Loop  (cost=2570.54..712473.67 rows=8871 width=30) (actual time=23.295..4842.717 rows=1306 loops=1)
                                 Buffers: shared hit=37067 read=400894
                                 ->  Hash Join  (cost=2570.11..706541.60 rows=8871 width=22) (actual time=22.515..4811.969 rows=1337 loops=1)
                                       Hash Cond: (catalog_returns.cr_returned_date_sk = date_dim.d_date_sk)
                                       Buffers: shared hit=31843 read=400894
                                       ->  Seq Scan on catalog_returns  (cost=0.00..647267.12 rows=21600412 width=26) (actual time=0.046..3218.625 rows=21598628 loops=1)
                                             Buffers: shared hit=31105 read=400158
                                       ->  Hash  (cost=2569.73..2569.73 rows=30 width=4) (actual time=22.370..22.371 rows=31 loops=1)
                                             Buckets: 1024  Batches: 1  Memory Usage: 10kB
                                             Buffers: shared hit=738 read=736
                                             ->  Seq Scan on date_dim  (cost=0.00..2569.73 rows=30 width=4) (actual time=12.652..22.354 rows=31 loops=1)
                                                   Filter: ((d_year = 1998) AND (d_moy = 1))
                                                   Rows Removed by Filter: 73018
                                                   Buffers: shared hit=738 read=736
                                 ->  Index Scan using customer_pkey on customer  (cost=0.43..0.67 rows=1 width=16) (actual time=0.023..0.023 rows=1 loops=1337)
                                       Index Cond: (c_customer_sk = catalog_returns.cr_returning_customer_sk)
                                       Buffers: shared hit=5224
                           ->  Memoize  (cost=0.29..0.31 rows=1 width=4) (actual time=0.010..0.010 rows=0 loops=1306)
                                 Cache Key: customer.c_current_hdemo_sk
                                 Cache Mode: logical
                                 Hits: 153  Misses: 1153  Evictions: 0  Overflows: 0  Memory Usage: 83kB
                                 Buffers: shared hit=3456
                                 ->  Index Scan using household_demographics_pkey on household_demographics  (cost=0.28..0.30 rows=1 width=4) (actual time=0.011..0.011 rows=0 loops=1153)
                                       Index Cond: (hd_demo_sk = customer.c_current_hdemo_sk)
                                       Filter: (hd_buy_potential ~~ '0-500%'::text)
                                       Rows Removed by Filter: 1
                                       Buffers: shared hit=3456
                     ->  Index Scan using customer_address_pkey on customer_address  (cost=0.42..0.67 rows=1 width=4) (actual time=0.029..0.029 rows=0 loops=198)
                           Index Cond: (ca_address_sk = customer.c_current_addr_sk)
                           Filter: (ca_gmt_offset = '-7'::numeric)
                           Rows Removed by Filter: 1
                           Buffers: shared hit=739 read=53
               ->  Index Scan using customer_demographics_pkey on customer_demographics  (cost=0.43..0.72 rows=1 width=4) (actual time=0.047..0.047 rows=0 loops=28)
                     Index Cond: (cd_demo_sk = customer.c_current_cdemo_sk)
                     Filter: (((cd_marital_status = 'M'::bpchar) AND (cd_education_status = 'Unknown'::bpchar)) OR ((cd_marital_status = 'W'::bpchar) AND (cd_education_status = 'Advanced Degree'::bpchar)))
                     Rows Removed by Filter: 1
                     Buffers: shared hit=100 read=12
         ->  Index Scan using call_center_pkey on call_center  (cost=0.14..0.16 rows=1 width=48) (actual time=0.006..0.007 rows=1 loops=4)
               Index Cond: (cc_call_center_sk = catalog_returns.cr_call_center_sk)
               Buffers: shared hit=8
 Planning:
   Buffers: shared hit=384 read=31
 Planning Time: 5.279 ms
 Execution Time: 4864.284 ms
(54 rows)

