                                                                                                     QUERY PLAN                                                                                                     
--------------------------------------------------------------------------------------------------------------------------------------------------------------------------------------------------------------------
 Aggregate  (cost=715921.76..715921.77 rows=1 width=136) (actual time=10846.133..10846.140 rows=1 loops=1)
   Buffers: shared hit=950444 read=411922
   ->  Hash Join  (cost=2574.36..715921.22 rows=36 width=58) (actual time=635.307..10842.509 rows=1837 loops=1)
         Hash Cond: (catalog_returns.cr_call_center_sk = call_center.cc_call_center_sk)
         Buffers: shared hit=950444 read=411922
         ->  Nested Loop  (cost=2571.68..715918.44 rows=36 width=18) (actual time=635.199..10841.015 rows=1854 loops=1)
               Buffers: shared hit=950442 read=411922
               ->  Nested Loop  (cost=2571.26..715863.88 rows=82 width=22) (actual time=635.172..10776.695 rows=2207 loops=1)
                     Buffers: shared hit=942340 read=411196
                     ->  Nested Loop  (cost=2570.83..714805.30 rows=1478 width=26) (actual time=611.698..10066.830 rows=27353 loops=1)
                           Buffers: shared hit=842218 read=403722
                           ->  Nested Loop  (cost=2570.54..712473.67 rows=8871 width=30) (actual time=611.676..9820.389 rows=197906 loops=1)
                                 Buffers: shared hit=820639 read=403722
                                 ->  Hash Join  (cost=2570.11..706541.60 rows=8871 width=22) (actual time=611.635..5273.090 rows=201935 loops=1)
                                       Hash Cond: (catalog_returns.cr_returned_date_sk = date_dim.d_date_sk)
                                       Buffers: shared hit=29241 read=403496
                                       ->  Seq Scan on catalog_returns  (cost=0.00..647267.12 rows=21600412 width=26) (actual time=0.035..3492.660 rows=21598628 loops=1)
                                             Buffers: shared hit=27767 read=403496
                                       ->  Hash  (cost=2569.73..2569.73 rows=30 width=4) (actual time=18.898..18.899 rows=30 loops=1)
                                             Buckets: 1024  Batches: 1  Memory Usage: 10kB
                                             Buffers: shared hit=1474
                                             ->  Seq Scan on date_dim  (cost=0.00..2569.73 rows=30 width=4) (actual time=10.047..18.880 rows=30 loops=1)
                                                   Filter: ((d_year = 1999) AND (d_moy = 9))
                                                   Rows Removed by Filter: 73019
                                                   Buffers: shared hit=1474
                                 ->  Index Scan using customer_pkey on customer  (cost=0.43..0.67 rows=1 width=16) (actual time=0.022..0.022 rows=1 loops=201935)
                                       Index Cond: (c_customer_sk = catalog_returns.cr_returning_customer_sk)
                                       Buffers: shared hit=791398 read=226
                           ->  Memoize  (cost=0.29..0.31 rows=1 width=4) (actual time=0.001..0.001 rows=0 loops=197906)
                                 Cache Key: customer.c_current_hdemo_sk
                                 Cache Mode: logical
                                 Hits: 190712  Misses: 7194  Evictions: 0  Overflows: 0  Memory Usage: 520kB
                                 Buffers: shared hit=21579
                                 ->  Index Scan using household_demographics_pkey on household_demographics  (cost=0.28..0.30 rows=1 width=4) (actual time=0.014..0.014 rows=0 loops=7194)
                                       Index Cond: (hd_demo_sk = customer.c_current_hdemo_sk)
                                       Filter: (hd_buy_potential ~~ '1001-5000%'::text)
                                       Rows Removed by Filter: 1
                                       Buffers: shared hit=21579
                     ->  Index Scan using customer_demographics_pkey on customer_demographics  (cost=0.43..0.72 rows=1 width=4) (actual time=0.026..0.026 rows=0 loops=27353)
                           Index Cond: (cd_demo_sk = customer.c_current_cdemo_sk)
                           Filter: (((cd_marital_status = 'M'::bpchar) AND (cd_education_status = 'Unknown'::bpchar)) OR ((cd_marital_status = 'W'::bpchar) AND (cd_education_status = 'Advanced Degree'::bpchar)))
                           Rows Removed by Filter: 1
                           Buffers: shared hit=100122 read=7474
               ->  Index Scan using customer_address_pkey on customer_address  (cost=0.42..0.67 rows=1 width=4) (actual time=0.028..0.028 rows=1 loops=2207)
                     Index Cond: (ca_address_sk = customer.c_current_addr_sk)
                     Filter: (ca_gmt_offset = '-6'::numeric)
                     Rows Removed by Filter: 0
                     Buffers: shared hit=8102 read=726
         ->  Hash  (cost=2.30..2.30 rows=30 width=48) (actual time=0.077..0.078 rows=30 loops=1)
               Buckets: 1024  Batches: 1  Memory Usage: 11kB
               Buffers: shared hit=2
               ->  Seq Scan on call_center  (cost=0.00..2.30 rows=30 width=48) (actual time=0.029..0.050 rows=30 loops=1)
                     Buffers: shared hit=2
 Planning:
   Buffers: shared hit=415
 Planning Time: 4.475 ms
 Execution Time: 10846.985 ms
(57 rows)

