                                                                                                  QUERY PLAN                                                                                                  
--------------------------------------------------------------------------------------------------------------------------------------------------------------------------------------------------------------
 Aggregate  (cost=715903.32..715903.33 rows=1 width=136) (actual time=15317.779..15317.785 rows=1 loops=1)
   Buffers: shared hit=1606211 read=423476
   ->  Nested Loop  (cost=2571.82..715903.18 rows=9 width=58) (actual time=2298.216..15316.445 rows=383 loops=1)
         Buffers: shared hit=1606211 read=423476
         ->  Nested Loop  (cost=2571.68..715901.79 rows=9 width=18) (actual time=2298.201..15309.025 rows=386 loops=1)
               Buffers: shared hit=1605445 read=423476
               ->  Nested Loop  (cost=2571.25..715788.62 rows=158 width=22) (actual time=2238.071..15196.549 rows=4141 loops=1)
                     Buffers: shared hit=1590006 read=422631
                     ->  Nested Loop  (cost=2570.83..714805.30 rows=1478 width=26) (actual time=2226.856..13711.445 rows=55806 loops=1)
                           Buffers: shared hit=1386909 read=402504
                           ->  Nested Loop  (cost=2570.54..712473.67 rows=8871 width=30) (actual time=2216.160..13353.317 rows=333772 loops=1)
                                 Buffers: shared hit=1365321 read=402504
                                 ->  Hash Join  (cost=2570.11..706541.60 rows=8871 width=22) (actual time=2216.101..5454.972 rows=340503 loops=1)
                                       Hash Cond: (catalog_returns.cr_returned_date_sk = date_dim.d_date_sk)
                                       Buffers: shared hit=30458 read=402279
                                       ->  Seq Scan on catalog_returns  (cost=0.00..647267.12 rows=21600412 width=26) (actual time=0.271..3553.850 rows=21598628 loops=1)
                                             Buffers: shared hit=28984 read=402279
                                       ->  Hash  (cost=2569.73..2569.73 rows=30 width=4) (actual time=19.628..19.630 rows=31 loops=1)
                                             Buckets: 1024  Batches: 1  Memory Usage: 10kB
                                             Buffers: shared hit=1474
                                             ->  Seq Scan on date_dim  (cost=0.00..2569.73 rows=30 width=4) (actual time=9.381..19.617 rows=31 loops=1)
                                                   Filter: ((d_year = 2002) AND (d_moy = 1))
                                                   Rows Removed by Filter: 73018
                                                   Buffers: shared hit=1474
                                 ->  Index Scan using customer_pkey on customer  (cost=0.43..0.67 rows=1 width=16) (actual time=0.023..0.023 rows=1 loops=340503)
                                       Index Cond: (c_customer_sk = catalog_returns.cr_returning_customer_sk)
                                       Buffers: shared hit=1334863 read=225
                           ->  Memoize  (cost=0.29..0.31 rows=1 width=4) (actual time=0.001..0.001 rows=0 loops=333772)
                                 Cache Key: customer.c_current_hdemo_sk
                                 Cache Mode: logical
                                 Hits: 326575  Misses: 7197  Evictions: 0  Overflows: 0  Memory Usage: 521kB
                                 Buffers: shared hit=21588
                                 ->  Index Scan using household_demographics_pkey on household_demographics  (cost=0.28..0.30 rows=1 width=4) (actual time=0.014..0.014 rows=0 loops=7197)
                                       Index Cond: (hd_demo_sk = customer.c_current_hdemo_sk)
                                       Filter: (hd_buy_potential ~~ '501-1000%'::text)
                                       Rows Removed by Filter: 1
                                       Buffers: shared hit=21588
                     ->  Index Scan using customer_address_pkey on customer_address  (cost=0.42..0.67 rows=1 width=4) (actual time=0.026..0.026 rows=0 loops=55806)
                           Index Cond: (ca_address_sk = customer.c_current_addr_sk)
                           Filter: (ca_gmt_offset = '-7'::numeric)
                           Rows Removed by Filter: 1
                           Buffers: shared hit=203097 read=20127
               ->  Index Scan using customer_demographics_pkey on customer_demographics  (cost=0.43..0.72 rows=1 width=4) (actual time=0.027..0.027 rows=0 loops=4141)
                     Index Cond: (cd_demo_sk = customer.c_current_cdemo_sk)
                     Filter: (((cd_marital_status = 'M'::bpchar) AND (cd_education_status = 'Unknown'::bpchar)) OR ((cd_marital_status = 'W'::bpchar) AND (cd_education_status = 'Advanced Degree'::bpchar)))
                     Rows Removed by Filter: 1
                     Buffers: shared hit=15439 read=845
         ->  Index Scan using call_center_pkey on call_center  (cost=0.14..0.16 rows=1 width=48) (actual time=0.017..0.017 rows=1 loops=386)
               Index Cond: (cc_call_center_sk = catalog_returns.cr_call_center_sk)
               Buffers: shared hit=766
 Planning:
   Buffers: shared hit=415
 Planning Time: 4.431 ms
 Execution Time: 15318.604 ms
(54 rows)

