                                                                                                  QUERY PLAN                                                                                                  
--------------------------------------------------------------------------------------------------------------------------------------------------------------------------------------------------------------
 Aggregate  (cost=715903.32..715903.33 rows=1 width=136) (actual time=14170.272..14170.278 rows=1 loops=1)
   Buffers: shared hit=1474036 read=417310
   ->  Nested Loop  (cost=2571.82..715903.18 rows=9 width=58) (actual time=2763.405..14168.122 rows=738 loops=1)
         Buffers: shared hit=1474036 read=417310
         ->  Nested Loop  (cost=2571.68..715901.79 rows=9 width=18) (actual time=2763.391..14157.705 rows=746 loops=1)
               Buffers: shared hit=1472560 read=417310
               ->  Nested Loop  (cost=2571.25..715788.62 rows=158 width=22) (actual time=2763.302..14011.493 rows=5292 loops=1)
                     Buffers: shared hit=1453884 read=415214
                     ->  Nested Loop  (cost=2570.83..714805.30 rows=1478 width=26) (actual time=2760.332..12795.192 rows=48275 loops=1)
                           Buffers: shared hit=1270891 read=405107
                           ->  Nested Loop  (cost=2570.54..712473.67 rows=8871 width=30) (actual time=2759.228..12460.725 rows=305416 loops=1)
                                 Buffers: shared hit=1249294 read=405107
                                 ->  Hash Join  (cost=2570.11..706541.60 rows=8871 width=22) (actual time=2759.181..5378.531 rows=311605 loops=1)
                                       Hash Cond: (catalog_returns.cr_returned_date_sk = date_dim.d_date_sk)
                                       Buffers: shared hit=28399 read=404338
                                       ->  Seq Scan on catalog_returns  (cost=0.00..647267.12 rows=21600412 width=26) (actual time=0.349..3531.189 rows=21598628 loops=1)
                                             Buffers: shared hit=27663 read=403600
                                       ->  Hash  (cost=2569.73..2569.73 rows=30 width=4) (actual time=22.443..22.444 rows=30 loops=1)
                                             Buckets: 1024  Batches: 1  Memory Usage: 10kB
                                             Buffers: shared hit=736 read=738
                                             ->  Seq Scan on date_dim  (cost=0.00..2569.73 rows=30 width=4) (actual time=10.855..22.429 rows=30 loops=1)
                                                   Filter: ((d_year = 2002) AND (d_moy = 9))
                                                   Rows Removed by Filter: 73019
                                                   Buffers: shared hit=736 read=738
                                 ->  Index Scan using customer_pkey on customer  (cost=0.43..0.67 rows=1 width=16) (actual time=0.022..0.022 rows=1 loops=311605)
                                       Index Cond: (c_customer_sk = catalog_returns.cr_returning_customer_sk)
                                       Buffers: shared hit=1220895 read=769
                           ->  Memoize  (cost=0.29..0.31 rows=1 width=4) (actual time=0.001..0.001 rows=0 loops=305416)
                                 Cache Key: customer.c_current_hdemo_sk
                                 Cache Mode: logical
                                 Hits: 298216  Misses: 7200  Evictions: 0  Overflows: 0  Memory Usage: 521kB
                                 Buffers: shared hit=21597
                                 ->  Index Scan using household_demographics_pkey on household_demographics  (cost=0.28..0.30 rows=1 width=4) (actual time=0.014..0.014 rows=0 loops=7200)
                                       Index Cond: (hd_demo_sk = customer.c_current_hdemo_sk)
                                       Filter: (hd_buy_potential ~~ '5001-10000%'::text)
                                       Rows Removed by Filter: 1
                                       Buffers: shared hit=21597
                     ->  Index Scan using customer_address_pkey on customer_address  (cost=0.42..0.67 rows=1 width=4) (actual time=0.025..0.025 rows=0 loops=48275)
                           Index Cond: (ca_address_sk = customer.c_current_addr_sk)
                           Filter: (ca_gmt_offset = '-7'::numeric)
                           Rows Removed by Filter: 1
                           Buffers: shared hit=182993 read=10107
               ->  Index Scan using customer_demographics_pkey on customer_demographics  (cost=0.43..0.72 rows=1 width=4) (actual time=0.027..0.027 rows=0 loops=5292)
                     Index Cond: (cd_demo_sk = customer.c_current_cdemo_sk)
                     Filter: (((cd_marital_status = 'M'::bpchar) AND (cd_education_status = 'Unknown'::bpchar)) OR ((cd_marital_status = 'W'::bpchar) AND (cd_education_status = 'Advanced Degree'::bpchar)))
                     Rows Removed by Filter: 1
                     Buffers: shared hit=18676 read=2096
         ->  Index Scan using call_center_pkey on call_center  (cost=0.14..0.16 rows=1 width=48) (actual time=0.013..0.013 rows=1 loops=746)
               Index Cond: (cc_call_center_sk = catalog_returns.cr_call_center_sk)
               Buffers: shared hit=1476
 Planning:
   Buffers: shared hit=415
 Planning Time: 4.081 ms
 Execution Time: 14171.062 ms
(54 rows)

