                                                                                                  QUERY PLAN                                                                                                  
--------------------------------------------------------------------------------------------------------------------------------------------------------------------------------------------------------------
 Aggregate  (cost=715661.61..715661.62 rows=1 width=136) (actual time=10666.727..10666.734 rows=1 loops=1)
   Buffers: shared hit=929240 read=412567
   ->  Nested Loop  (cost=2571.81..715661.49 rows=8 width=58) (actual time=80.737..10665.316 rows=485 loops=1)
         Buffers: shared hit=929240 read=412567
         ->  Nested Loop  (cost=2571.67..715660.25 rows=8 width=18) (actual time=80.725..10658.888 rows=490 loops=1)
               Buffers: shared hit=928270 read=412567
               ->  Nested Loop  (cost=2571.24..715550.67 rows=153 width=22) (actual time=79.675..10556.192 rows=3878 loops=1)
                     Buffers: shared hit=914649 read=410928
                     ->  Nested Loop  (cost=2570.82..714599.95 rows=1429 width=26) (actual time=76.561..9834.064 rows=28855 loops=1)
                           Buffers: shared hit=803861 read=406296
                           ->  Nested Loop  (cost=2570.52..712275.72 rows=8575 width=30) (actual time=74.545..9584.848 rows=188961 loops=1)
                                 Buffers: shared hit=782285 read=406296
                                 ->  Hash Join  (cost=2570.10..706541.59 rows=8575 width=22) (actual time=74.482..5161.338 rows=192746 loops=1)
                                       Hash Cond: (catalog_returns.cr_returned_date_sk = date_dim.d_date_sk)
                                       Buffers: shared hit=26818 read=405919
                                       ->  Seq Scan on catalog_returns  (cost=0.00..647267.12 rows=21600412 width=26) (actual time=0.062..3413.188 rows=21598628 loops=1)
                                             Buffers: shared hit=26207 read=405056
                                       ->  Hash  (cost=2569.73..2569.73 rows=29 width=4) (actual time=22.135..22.136 rows=30 loops=1)
                                             Buckets: 1024  Batches: 1  Memory Usage: 10kB
                                             Buffers: shared hit=611 read=863
                                             ->  Seq Scan on date_dim  (cost=0.00..2569.73 rows=29 width=4) (actual time=12.789..22.119 rows=30 loops=1)
                                                   Filter: ((d_year = 1998) AND (d_moy = 11))
                                                   Rows Removed by Filter: 73019
                                                   Buffers: shared hit=611 read=863
                                 ->  Index Scan using customer_pkey on customer  (cost=0.43..0.67 rows=1 width=16) (actual time=0.022..0.022 rows=1 loops=192746)
                                       Index Cond: (c_customer_sk = catalog_returns.cr_returning_customer_sk)
                                       Buffers: shared hit=755467 read=377
                           ->  Memoize  (cost=0.29..0.31 rows=1 width=4) (actual time=0.001..0.001 rows=0 loops=188961)
                                 Cache Key: customer.c_current_hdemo_sk
                                 Cache Mode: logical
                                 Hits: 181768  Misses: 7193  Evictions: 0  Overflows: 0  Memory Usage: 520kB
                                 Buffers: shared hit=21576
                                 ->  Index Scan using household_demographics_pkey on household_demographics  (cost=0.28..0.30 rows=1 width=4) (actual time=0.015..0.015 rows=0 loops=7193)
                                       Index Cond: (hd_demo_sk = customer.c_current_hdemo_sk)
                                       Filter: (hd_buy_potential ~~ '0-500%'::text)
                                       Rows Removed by Filter: 1
                                       Buffers: shared hit=21576
                     ->  Index Scan using customer_address_pkey on customer_address  (cost=0.42..0.67 rows=1 width=4) (actual time=0.025..0.025 rows=0 loops=28855)
                           Index Cond: (ca_address_sk = customer.c_current_addr_sk)
                           Filter: (ca_gmt_offset = '-7'::numeric)
                           Rows Removed by Filter: 1
                           Buffers: shared hit=110788 read=4632
               ->  Index Scan using customer_demographics_pkey on customer_demographics  (cost=0.43..0.72 rows=1 width=4) (actual time=0.026..0.026 rows=0 loops=3878)
                     Index Cond: (cd_demo_sk = customer.c_current_cdemo_sk)
                     Filter: (((cd_marital_status = 'M'::bpchar) AND (cd_education_status = 'Unknown'::bpchar)) OR ((cd_marital_status = 'W'::bpchar) AND (cd_education_status = 'Advanced Degree'::bpchar)))
                     Rows Removed by Filter: 1
                     Buffers: shared hit=13621 read=1639
         ->  Index Scan using call_center_pkey on call_center  (cost=0.14..0.16 rows=1 width=48) (actual time=0.012..0.012 rows=1 loops=490)
               Index Cond: (cc_call_center_sk = catalog_returns.cr_call_center_sk)
               Buffers: shared hit=970
 Planning:
   Buffers: shared hit=384 read=31
 Planning Time: 4.855 ms
 Execution Time: 10667.585 ms
(54 rows)

