                                                                                                     QUERY PLAN                                                                                                     
--------------------------------------------------------------------------------------------------------------------------------------------------------------------------------------------------------------------
 Aggregate  (cost=716164.96..716164.97 rows=1 width=136) (actual time=12974.593..12974.599 rows=1 loops=1)
   Buffers: shared hit=1277436 read=425015
   ->  Hash Join  (cost=2574.37..716164.39 rows=38 width=58) (actual time=930.961..12967.697 rows=3809 loops=1)
         Hash Cond: (catalog_returns.cr_call_center_sk = call_center.cc_call_center_sk)
         Buffers: shared hit=1277436 read=425015
         ->  Nested Loop  (cost=2571.69..716161.60 rows=38 width=18) (actual time=930.887..12965.028 rows=3843 loops=1)
               Buffers: shared hit=1277434 read=425015
               ->  Nested Loop  (cost=2571.27..716105.05 rows=85 width=22) (actual time=927.871..12764.114 rows=7051 loops=1)
                     Buffers: shared hit=1250925 read=423320
                     ->  Nested Loop  (cost=2570.84..715010.66 rows=1528 width=26) (actual time=925.830..11642.346 rows=46210 loops=1)
                           Buffers: shared hit=1080675 read=412058
                           ->  Nested Loop  (cost=2570.55..712671.62 rows=9167 width=30) (actual time=924.504..11337.451 rows=259602 loops=1)
                                 Buffers: shared hit=1059087 read=412058
                                 ->  Hash Join  (cost=2570.12..706541.62 rows=9167 width=22) (actual time=924.455..5312.255 rows=264842 loops=1)
                                       Hash Cond: (catalog_returns.cr_returned_date_sk = date_dim.d_date_sk)
                                       Buffers: shared hit=20950 read=411787
                                       ->  Seq Scan on catalog_returns  (cost=0.00..647267.12 rows=21600412 width=26) (actual time=0.025..3491.208 rows=21598628 loops=1)
                                             Buffers: shared hit=19476 read=411787
                                       ->  Hash  (cost=2569.73..2569.73 rows=31 width=4) (actual time=18.120..18.121 rows=31 loops=1)
                                             Buckets: 1024  Batches: 1  Memory Usage: 10kB
                                             Buffers: shared hit=1474
                                             ->  Seq Scan on date_dim  (cost=0.00..2569.73 rows=31 width=4) (actual time=9.191..18.101 rows=31 loops=1)
                                                   Filter: ((d_year = 2000) AND (d_moy = 3))
                                                   Rows Removed by Filter: 73018
                                                   Buffers: shared hit=1474
                                 ->  Index Scan using customer_pkey on customer  (cost=0.43..0.67 rows=1 width=16) (actual time=0.022..0.022 rows=1 loops=264842)
                                       Index Cond: (c_customer_sk = catalog_returns.cr_returning_customer_sk)
                                       Buffers: shared hit=1038137 read=271
                           ->  Memoize  (cost=0.29..0.31 rows=1 width=4) (actual time=0.001..0.001 rows=0 loops=259602)
                                 Cache Key: customer.c_current_hdemo_sk
                                 Cache Mode: logical
                                 Hits: 252405  Misses: 7197  Evictions: 0  Overflows: 0  Memory Usage: 520kB
                                 Buffers: shared hit=21588
                                 ->  Index Scan using household_demographics_pkey on household_demographics  (cost=0.28..0.30 rows=1 width=4) (actual time=0.014..0.014 rows=0 loops=7197)
                                       Index Cond: (hd_demo_sk = customer.c_current_hdemo_sk)
                                       Filter: (hd_buy_potential ~~ '>10000%'::text)
                                       Rows Removed by Filter: 1
                                       Buffers: shared hit=21588
                     ->  Index Scan using customer_demographics_pkey on customer_demographics  (cost=0.43..0.72 rows=1 width=4) (actual time=0.024..0.024 rows=0 loops=46210)
                           Index Cond: (cd_demo_sk = customer.c_current_cdemo_sk)
                           Filter: (((cd_marital_status = 'M'::bpchar) AND (cd_education_status = 'Unknown'::bpchar)) OR ((cd_marital_status = 'W'::bpchar) AND (cd_education_status = 'Advanced Degree'::bpchar)))
                           Rows Removed by Filter: 1
                           Buffers: shared hit=170250 read=11262
               ->  Index Scan using customer_address_pkey on customer_address  (cost=0.42..0.67 rows=1 width=4) (actual time=0.028..0.028 rows=1 loops=7051)
                     Index Cond: (ca_address_sk = customer.c_current_addr_sk)
                     Filter: (ca_gmt_offset = '-6'::numeric)
                     Rows Removed by Filter: 0
                     Buffers: shared hit=26509 read=1695
         ->  Hash  (cost=2.30..2.30 rows=30 width=48) (actual time=0.054..0.055 rows=30 loops=1)
               Buckets: 1024  Batches: 1  Memory Usage: 11kB
               Buffers: shared hit=2
               ->  Seq Scan on call_center  (cost=0.00..2.30 rows=30 width=48) (actual time=0.021..0.036 rows=30 loops=1)
                     Buffers: shared hit=2
 Planning:
   Buffers: shared hit=415
 Planning Time: 4.417 ms
 Execution Time: 12975.339 ms
(57 rows)

