                                                                                                     QUERY PLAN                                                                                                     
--------------------------------------------------------------------------------------------------------------------------------------------------------------------------------------------------------------------
 Aggregate  (cost=715921.76..715921.77 rows=1 width=136) (actual time=13316.460..13316.466 rows=1 loops=1)
   Buffers: shared hit=1317242 read=414571
   ->  Hash Join  (cost=2574.36..715921.22 rows=36 width=58) (actual time=456.951..13309.223 rows=3827 loops=1)
         Hash Cond: (catalog_returns.cr_call_center_sk = call_center.cc_call_center_sk)
         Buffers: shared hit=1317242 read=414571
         ->  Nested Loop  (cost=2571.68..715918.44 rows=36 width=18) (actual time=456.845..13306.384 rows=3865 loops=1)
               Buffers: shared hit=1317240 read=414571
               ->  Nested Loop  (cost=2571.26..715863.88 rows=82 width=22) (actual time=456.804..13173.834 rows=5013 loops=1)
                     Buffers: shared hit=1299515 read=412244
                     ->  Nested Loop  (cost=2570.83..714805.30 rows=1478 width=26) (actual time=456.770..12024.760 rows=45849 loops=1)
                           Buffers: shared hit=1125594 read=406057
                           ->  Nested Loop  (cost=2570.54..712473.67 rows=8871 width=30) (actual time=456.746..11715.379 rows=269330 loops=1)
                                 Buffers: shared hit=1104000 read=406057
                                 ->  Hash Join  (cost=2570.11..706541.60 rows=8871 width=22) (actual time=456.694..5410.346 rows=274879 loops=1)
                                       Hash Cond: (catalog_returns.cr_returned_date_sk = date_dim.d_date_sk)
                                       Buffers: shared hit=26903 read=405834
                                       ->  Seq Scan on catalog_returns  (cost=0.00..647267.12 rows=21600412 width=26) (actual time=1.100..3549.778 rows=21598628 loops=1)
                                             Buffers: shared hit=25429 read=405834
                                       ->  Hash  (cost=2569.73..2569.73 rows=30 width=4) (actual time=20.034..20.035 rows=30 loops=1)
                                             Buckets: 1024  Batches: 1  Memory Usage: 10kB
                                             Buffers: shared hit=1474
                                             ->  Seq Scan on date_dim  (cost=0.00..2569.73 rows=30 width=4) (actual time=9.237..20.014 rows=30 loops=1)
                                                   Filter: ((d_year = 1999) AND (d_moy = 6))
                                                   Rows Removed by Filter: 73019
                                                   Buffers: shared hit=1474
                                 ->  Index Scan using customer_pkey on customer  (cost=0.43..0.67 rows=1 width=16) (actual time=0.022..0.022 rows=1 loops=274879)
                                       Index Cond: (c_customer_sk = catalog_returns.cr_returning_customer_sk)
                                       Buffers: shared hit=1077097 read=223
                           ->  Memoize  (cost=0.29..0.31 rows=1 width=4) (actual time=0.001..0.001 rows=0 loops=269330)
                                 Cache Key: customer.c_current_hdemo_sk
                                 Cache Mode: logical
                                 Hits: 262131  Misses: 7199  Evictions: 0  Overflows: 0  Memory Usage: 521kB
                                 Buffers: shared hit=21594
                                 ->  Index Scan using household_demographics_pkey on household_demographics  (cost=0.28..0.30 rows=1 width=4) (actual time=0.014..0.014 rows=0 loops=7199)
                                       Index Cond: (hd_demo_sk = customer.c_current_hdemo_sk)
                                       Filter: (hd_buy_potential ~~ 'Unknown%'::text)
                                       Rows Removed by Filter: 1
                                       Buffers: shared hit=21594
                     ->  Index Scan using customer_demographics_pkey on customer_demographics  (cost=0.43..0.72 rows=1 width=4) (actual time=0.025..0.025 rows=0 loops=45849)
                           Index Cond: (cd_demo_sk = customer.c_current_cdemo_sk)
                           Filter: (((cd_marital_status = 'M'::bpchar) AND (cd_education_status = 'Unknown'::bpchar)) OR ((cd_marital_status = 'W'::bpchar) AND (cd_education_status = 'Advanced Degree'::bpchar)))
                           Rows Removed by Filter: 1
                           Buffers: shared hit=173921 read=6187
               ->  Index Scan using customer_address_pkey on customer_address  (cost=0.42..0.67 rows=1 width=4) (actual time=0.026..0.026 rows=1 loops=5013)
                     Index Cond: (ca_address_sk = customer.c_current_addr_sk)
                     Filter: (ca_gmt_offset = '-6'::numeric)
                     Rows Removed by Filter: 0
                     Buffers: shared hit=17725 read=2327
         ->  Hash  (cost=2.30..2.30 rows=30 width=48) (actual time=0.078..0.078 rows=30 loops=1)
               Buckets: 1024  Batches: 1  Memory Usage: 11kB
               Buffers: shared hit=2
               ->  Seq Scan on call_center  (cost=0.00..2.30 rows=30 width=48) (actual time=0.029..0.051 rows=30 loops=1)
                     Buffers: shared hit=2
 Planning:
   Buffers: shared hit=415
 Planning Time: 4.500 ms
 Execution Time: 13317.288 ms
(57 rows)

