                                                                                                  QUERY PLAN                                                                                                  
--------------------------------------------------------------------------------------------------------------------------------------------------------------------------------------------------------------
 Aggregate  (cost=715903.32..715903.33 rows=1 width=136) (actual time=7255.082..7255.089 rows=1 loops=1)
   Buffers: shared hit=416326 read=409946
   ->  Nested Loop  (cost=2571.82..715903.18 rows=9 width=58) (actual time=20.192..7254.615 rows=165 loops=1)
         Buffers: shared hit=416326 read=409946
         ->  Nested Loop  (cost=2571.68..715901.79 rows=9 width=18) (actual time=20.178..7253.434 rows=168 loops=1)
               Buffers: shared hit=415996 read=409946
               ->  Nested Loop  (cost=2571.25..715788.62 rows=158 width=22) (actual time=13.008..7214.522 rows=1601 loops=1)
                     Buffers: shared hit=409963 read=409711
                     ->  Nested Loop  (cost=2570.83..714805.30 rows=1478 width=26) (actual time=12.920..6907.470 rows=12061 loops=1)
                           Buffers: shared hit=368441 read=402989
                           ->  Nested Loop  (cost=2570.54..712473.67 rows=8871 width=30) (actual time=12.414..6739.931 rows=79319 loops=1)
                                 Buffers: shared hit=347024 read=402989
                                 ->  Hash Join  (cost=2570.11..706541.60 rows=8871 width=22) (actual time=12.371..4943.656 rows=80947 loops=1)
                                       Hash Cond: (catalog_returns.cr_returned_date_sk = date_dim.d_date_sk)
                                       Buffers: shared hit=29831 read=402906
                                       ->  Seq Scan on catalog_returns  (cost=0.00..647267.12 rows=21600412 width=26) (actual time=0.210..3318.798 rows=21598628 loops=1)
                                             Buffers: shared hit=28357 read=402906
                                       ->  Hash  (cost=2569.73..2569.73 rows=30 width=4) (actual time=12.142..12.143 rows=30 loops=1)
                                             Buckets: 1024  Batches: 1  Memory Usage: 10kB
                                             Buffers: shared hit=1474
                                             ->  Seq Scan on date_dim  (cost=0.00..2569.73 rows=30 width=4) (actual time=5.054..12.133 rows=30 loops=1)
                                                   Filter: ((d_year = 1998) AND (d_moy = 4))
                                                   Rows Removed by Filter: 73019
                                                   Buffers: shared hit=1474
                                 ->  Index Scan using customer_pkey on customer  (cost=0.43..0.67 rows=1 width=16) (actual time=0.022..0.022 rows=1 loops=80947)
                                       Index Cond: (c_customer_sk = catalog_returns.cr_returning_customer_sk)
                                       Buffers: shared hit=317193 read=83
                           ->  Memoize  (cost=0.29..0.31 rows=1 width=4) (actual time=0.002..0.002 rows=0 loops=79319)
                                 Cache Key: customer.c_current_hdemo_sk
                                 Cache Mode: logical
                                 Hits: 72179  Misses: 7140  Evictions: 0  Overflows: 0  Memory Usage: 517kB
                                 Buffers: shared hit=21417
                                 ->  Index Scan using household_demographics_pkey on household_demographics  (cost=0.28..0.30 rows=1 width=4) (actual time=0.016..0.016 rows=0 loops=7140)
                                       Index Cond: (hd_demo_sk = customer.c_current_hdemo_sk)
                                       Filter: (hd_buy_potential ~~ '0-500%'::text)
                                       Rows Removed by Filter: 1
                                       Buffers: shared hit=21417
                     ->  Index Scan using customer_address_pkey on customer_address  (cost=0.42..0.67 rows=1 width=4) (actual time=0.025..0.025 rows=0 loops=12061)
                           Index Cond: (ca_address_sk = customer.c_current_addr_sk)
                           Filter: (ca_gmt_offset = '-7'::numeric)
                           Rows Removed by Filter: 1
                           Buffers: shared hit=41522 read=6722
               ->  Index Scan using customer_demographics_pkey on customer_demographics  (cost=0.43..0.72 rows=1 width=4) (actual time=0.024..0.024 rows=0 loops=1601)
                     Index Cond: (cd_demo_sk = customer.c_current_cdemo_sk)
                     Filter: (((cd_marital_status = 'M'::bpchar) AND (cd_education_status = 'Unknown'::bpchar)) OR ((cd_marital_status = 'W'::bpchar) AND (cd_education_status = 'Advanced Degree'::bpchar)))
                     Rows Removed by Filter: 1
                     Buffers: shared hit=6033 read=235
         ->  Index Scan using call_center_pkey on call_center  (cost=0.14..0.16 rows=1 width=48) (actual time=0.006..0.006 rows=1 loops=168)
               Index Cond: (cc_call_center_sk = catalog_returns.cr_call_center_sk)
               Buffers: shared hit=330
 Planning:
   Buffers: shared hit=415
 Planning Time: 1.761 ms
 Execution Time: 7255.488 ms
(54 rows)

