                                                                                                  QUERY PLAN                                                                                                  
--------------------------------------------------------------------------------------------------------------------------------------------------------------------------------------------------------------
 Aggregate  (cost=715903.32..715903.33 rows=1 width=136) (actual time=13750.371..13750.378 rows=1 loops=1)
   Buffers: shared hit=1330997 read=435899
   ->  Nested Loop  (cost=2571.82..715903.18 rows=9 width=58) (actual time=431.553..13749.228 rows=328 loops=1)
         Buffers: shared hit=1330997 read=435899
         ->  Nested Loop  (cost=2571.68..715901.79 rows=9 width=18) (actual time=431.541..13745.407 rows=330 loops=1)
               Buffers: shared hit=1330341 read=435899
               ->  Nested Loop  (cost=2571.25..715788.62 rows=158 width=22) (actual time=431.514..13656.819 rows=3397 loops=1)
                     Buffers: shared hit=1317568 read=435332
                     ->  Nested Loop  (cost=2570.83..714805.30 rows=1478 width=26) (actual time=421.582..12431.997 rows=46586 loops=1)
                           Buffers: shared hit=1151461 read=415095
                           ->  Nested Loop  (cost=2570.54..712473.67 rows=8871 width=30) (actual time=418.514..12098.118 rows=278057 loops=1)
                                 Buffers: shared hit=1129870 read=415095
                                 ->  Hash Join  (cost=2570.11..706541.60 rows=8871 width=22) (actual time=418.468..5404.017 rows=283720 loops=1)
                                       Hash Cond: (catalog_returns.cr_returned_date_sk = date_dim.d_date_sk)
                                       Buffers: shared hit=17991 read=414746
                                       ->  Seq Scan on catalog_returns  (cost=0.00..647267.12 rows=21600412 width=26) (actual time=0.268..3574.905 rows=21598628 loops=1)
                                             Buffers: shared hit=16517 read=414746
                                       ->  Hash  (cost=2569.73..2569.73 rows=30 width=4) (actual time=22.497..22.498 rows=31 loops=1)
                                             Buckets: 1024  Batches: 1  Memory Usage: 10kB
                                             Buffers: shared hit=1474
                                             ->  Seq Scan on date_dim  (cost=0.00..2569.73 rows=30 width=4) (actual time=7.309..22.486 rows=31 loops=1)
                                                   Filter: ((d_year = 1999) AND (d_moy = 5))
                                                   Rows Removed by Filter: 73018
                                                   Buffers: shared hit=1474
                                 ->  Index Scan using customer_pkey on customer  (cost=0.43..0.67 rows=1 width=16) (actual time=0.023..0.023 rows=1 loops=283720)
                                       Index Cond: (c_customer_sk = catalog_returns.cr_returning_customer_sk)
                                       Buffers: shared hit=1111879 read=349
                           ->  Memoize  (cost=0.29..0.31 rows=1 width=4) (actual time=0.001..0.001 rows=0 loops=278057)
                                 Cache Key: customer.c_current_hdemo_sk
                                 Cache Mode: logical
                                 Hits: 270859  Misses: 7198  Evictions: 0  Overflows: 0  Memory Usage: 521kB
                                 Buffers: shared hit=21591
                                 ->  Index Scan using household_demographics_pkey on household_demographics  (cost=0.28..0.30 rows=1 width=4) (actual time=0.016..0.016 rows=0 loops=7198)
                                       Index Cond: (hd_demo_sk = customer.c_current_hdemo_sk)
                                       Filter: (hd_buy_potential ~~ '501-1000%'::text)
                                       Rows Removed by Filter: 1
                                       Buffers: shared hit=21591
                     ->  Index Scan using customer_address_pkey on customer_address  (cost=0.42..0.67 rows=1 width=4) (actual time=0.026..0.026 rows=0 loops=46586)
                           Index Cond: (ca_address_sk = customer.c_current_addr_sk)
                           Filter: (ca_gmt_offset = '-7'::numeric)
                           Rows Removed by Filter: 1
                           Buffers: shared hit=166107 read=20237
               ->  Index Scan using customer_demographics_pkey on customer_demographics  (cost=0.43..0.72 rows=1 width=4) (actual time=0.026..0.026 rows=0 loops=3397)
                     Index Cond: (cd_demo_sk = customer.c_current_cdemo_sk)
                     Filter: (((cd_marital_status = 'M'::bpchar) AND (cd_education_status = 'Unknown'::bpchar)) OR ((cd_marital_status = 'W'::bpchar) AND (cd_education_status = 'Advanced Degree'::bpchar)))
                     Rows Removed by Filter: 1
                     Buffers: shared hit=12773 read=567
         ->  Index Scan using call_center_pkey on call_center  (cost=0.14..0.16 rows=1 width=48) (actual time=0.010..0.010 rows=1 loops=330)
               Index Cond: (cc_call_center_sk = catalog_returns.cr_call_center_sk)
               Buffers: shared hit=656
 Planning:
   Buffers: shared hit=415
 Planning Time: 2.787 ms
 Execution Time: 13750.934 ms
(54 rows)

