                                                                                                  QUERY PLAN                                                                                                  
--------------------------------------------------------------------------------------------------------------------------------------------------------------------------------------------------------------
 Aggregate  (cost=716146.24..716146.25 rows=1 width=136) (actual time=11132.822..11132.829 rows=1 loops=1)
   Buffers: shared hit=993081 read=414463
   ->  Nested Loop  (cost=2571.83..716146.10 rows=9 width=58) (actual time=759.646..11131.425 rows=508 loops=1)
         Buffers: shared hit=993081 read=414463
         ->  Nested Loop  (cost=2571.69..716144.71 rows=9 width=18) (actual time=759.632..11126.094 rows=514 loops=1)
               Buffers: shared hit=992065 read=414463
               ->  Nested Loop  (cost=2571.27..716027.25 rows=164 width=22) (actual time=726.159..11015.637 rows=4163 loops=1)
                     Buffers: shared hit=977071 read=413125
                     ->  Nested Loop  (cost=2570.84..715010.66 rows=1528 width=26) (actual time=721.496..10230.386 rows=31146 loops=1)
                           Buffers: shared hit=860489 read=405123
                           ->  Nested Loop  (cost=2570.55..712671.62 rows=9167 width=30) (actual time=714.833..9979.702 rows=202827 loops=1)
                                 Buffers: shared hit=838922 read=405123
                                 ->  Hash Join  (cost=2570.12..706541.62 rows=9167 width=22) (actual time=714.784..5288.833 rows=206907 loops=1)
                                       Hash Cond: (catalog_returns.cr_returned_date_sk = date_dim.d_date_sk)
                                       Buffers: shared hit=27880 read=404857
                                       ->  Seq Scan on catalog_returns  (cost=0.00..647267.12 rows=21600412 width=26) (actual time=0.568..3510.190 rows=21598628 loops=1)
                                             Buffers: shared hit=26406 read=404857
                                       ->  Hash  (cost=2569.73..2569.73 rows=31 width=4) (actual time=18.906..18.907 rows=31 loops=1)
                                             Buckets: 1024  Batches: 1  Memory Usage: 10kB
                                             Buffers: shared hit=1474
                                             ->  Seq Scan on date_dim  (cost=0.00..2569.73 rows=31 width=4) (actual time=9.361..18.894 rows=31 loops=1)
                                                   Filter: ((d_year = 1999) AND (d_moy = 10))
                                                   Rows Removed by Filter: 73018
                                                   Buffers: shared hit=1474
                                 ->  Index Scan using customer_pkey on customer  (cost=0.43..0.67 rows=1 width=16) (actual time=0.022..0.022 rows=1 loops=206907)
                                       Index Cond: (c_customer_sk = catalog_returns.cr_returning_customer_sk)
                                       Buffers: shared hit=811042 read=266
                           ->  Memoize  (cost=0.29..0.31 rows=1 width=4) (actual time=0.001..0.001 rows=0 loops=202827)
                                 Cache Key: customer.c_current_hdemo_sk
                                 Cache Mode: logical
                                 Hits: 195637  Misses: 7190  Evictions: 0  Overflows: 0  Memory Usage: 520kB
                                 Buffers: shared hit=21567
                                 ->  Index Scan using household_demographics_pkey on household_demographics  (cost=0.28..0.30 rows=1 width=4) (actual time=0.014..0.014 rows=0 loops=7190)
                                       Index Cond: (hd_demo_sk = customer.c_current_hdemo_sk)
                                       Filter: (hd_buy_potential ~~ '0-500%'::text)
                                       Rows Removed by Filter: 1
                                       Buffers: shared hit=21567
                     ->  Index Scan using customer_address_pkey on customer_address  (cost=0.42..0.67 rows=1 width=4) (actual time=0.025..0.025 rows=0 loops=31146)
                           Index Cond: (ca_address_sk = customer.c_current_addr_sk)
                           Filter: (ca_gmt_offset = '-7'::numeric)
                           Rows Removed by Filter: 1
                           Buffers: shared hit=116582 read=8002
               ->  Index Scan using customer_demographics_pkey on customer_demographics  (cost=0.43..0.72 rows=1 width=4) (actual time=0.026..0.026 rows=0 loops=4163)
                     Index Cond: (cd_demo_sk = customer.c_current_cdemo_sk)
                     Filter: (((cd_marital_status = 'M'::bpchar) AND (cd_education_status = 'Unknown'::bpchar)) OR ((cd_marital_status = 'W'::bpchar) AND (cd_education_status = 'Advanced Degree'::bpchar)))
                     Rows Removed by Filter: 1
                     Buffers: shared hit=14994 read=1338
         ->  Index Scan using call_center_pkey on call_center  (cost=0.14..0.16 rows=1 width=48) (actual time=0.009..0.009 rows=1 loops=514)
               Index Cond: (cc_call_center_sk = catalog_returns.cr_call_center_sk)
               Buffers: shared hit=1016
 Planning:
   Buffers: shared hit=415
 Planning Time: 3.581 ms
 Execution Time: 11133.456 ms
(54 rows)

