                                                                                                  QUERY PLAN                                                                                                  
--------------------------------------------------------------------------------------------------------------------------------------------------------------------------------------------------------------
 Aggregate  (cost=716146.24..716146.25 rows=1 width=136) (actual time=14655.728..14655.734 rows=1 loops=1)
   Buffers: shared hit=1522447 read=414234
   ->  Nested Loop  (cost=2571.83..716146.10 rows=9 width=58) (actual time=2694.742..14653.441 rows=793 loops=1)
         Buffers: shared hit=1522447 read=414234
         ->  Nested Loop  (cost=2571.69..716144.71 rows=9 width=18) (actual time=2694.724..14642.706 rows=804 loops=1)
               Buffers: shared hit=1520861 read=414234
               ->  Nested Loop  (cost=2571.27..716027.25 rows=164 width=22) (actual time=2657.731..14473.337 rows=6437 loops=1)
                     Buffers: shared hit=1498669 read=411194
                     ->  Nested Loop  (cost=2570.84..715010.66 rows=1528 width=26) (actual time=2642.968..13282.120 rows=48316 loops=1)
                           Buffers: shared hit=1314579 read=402020
                           ->  Nested Loop  (cost=2570.55..712671.62 rows=9167 width=30) (actual time=2633.812..12948.477 rows=315567 loops=1)
                                 Buffers: shared hit=1292985 read=402020
                                 ->  Hash Join  (cost=2570.12..706541.62 rows=9167 width=22) (actual time=2633.764..5487.135 rows=321885 loops=1)
                                       Hash Cond: (catalog_returns.cr_returned_date_sk = date_dim.d_date_sk)
                                       Buffers: shared hit=31228 read=401509
                                       ->  Seq Scan on catalog_returns  (cost=0.00..647267.12 rows=21600412 width=26) (actual time=0.123..3614.991 rows=21598628 loops=1)
                                             Buffers: shared hit=30365 read=400898
                                       ->  Hash  (cost=2569.73..2569.73 rows=31 width=4) (actual time=18.815..18.816 rows=31 loops=1)
                                             Buckets: 1024  Batches: 1  Memory Usage: 10kB
                                             Buffers: shared hit=863 read=611
                                             ->  Seq Scan on date_dim  (cost=0.00..2569.73 rows=31 width=4) (actual time=7.683..18.806 rows=31 loops=1)
                                                   Filter: ((d_year = 2002) AND (d_moy = 7))
                                                   Rows Removed by Filter: 73018
                                                   Buffers: shared hit=863 read=611
                                 ->  Index Scan using customer_pkey on customer  (cost=0.43..0.67 rows=1 width=16) (actual time=0.023..0.023 rows=1 loops=321885)
                                       Index Cond: (c_customer_sk = catalog_returns.cr_returning_customer_sk)
                                       Buffers: shared hit=1261757 read=511
                           ->  Memoize  (cost=0.29..0.31 rows=1 width=4) (actual time=0.001..0.001 rows=0 loops=315567)
                                 Cache Key: customer.c_current_hdemo_sk
                                 Cache Mode: logical
                                 Hits: 308368  Misses: 7199  Evictions: 0  Overflows: 0  Memory Usage: 521kB
                                 Buffers: shared hit=21594
                                 ->  Index Scan using household_demographics_pkey on household_demographics  (cost=0.28..0.30 rows=1 width=4) (actual time=0.013..0.013 rows=0 loops=7199)
                                       Index Cond: (hd_demo_sk = customer.c_current_hdemo_sk)
                                       Filter: (hd_buy_potential ~~ '0-500%'::text)
                                       Rows Removed by Filter: 1
                                       Buffers: shared hit=21594
                     ->  Index Scan using customer_address_pkey on customer_address  (cost=0.42..0.67 rows=1 width=4) (actual time=0.024..0.024 rows=0 loops=48316)
                           Index Cond: (ca_address_sk = customer.c_current_addr_sk)
                           Filter: (ca_gmt_offset = '-7'::numeric)
                           Rows Removed by Filter: 1
                           Buffers: shared hit=184090 read=9174
               ->  Index Scan using customer_demographics_pkey on customer_demographics  (cost=0.43..0.72 rows=1 width=4) (actual time=0.026..0.026 rows=0 loops=6437)
                     Index Cond: (cd_demo_sk = customer.c_current_cdemo_sk)
                     Filter: (((cd_marital_status = 'M'::bpchar) AND (cd_education_status = 'Unknown'::bpchar)) OR ((cd_marital_status = 'W'::bpchar) AND (cd_education_status = 'Advanced Degree'::bpchar)))
                     Rows Removed by Filter: 1
                     Buffers: shared hit=22192 read=3040
         ->  Index Scan using call_center_pkey on call_center  (cost=0.14..0.16 rows=1 width=48) (actual time=0.012..0.012 rows=1 loops=804)
               Index Cond: (cc_call_center_sk = catalog_returns.cr_call_center_sk)
               Buffers: shared hit=1586
 Planning:
   Buffers: shared hit=415
 Planning Time: 2.624 ms
 Execution Time: 14656.276 ms
(54 rows)

