                                                                                                  QUERY PLAN                                                                                                  
--------------------------------------------------------------------------------------------------------------------------------------------------------------------------------------------------------------
 Aggregate  (cost=715903.32..715903.33 rows=1 width=136) (actual time=10244.044..10244.050 rows=1 loops=1)
   Buffers: shared hit=872247 read=402992
   ->  Nested Loop  (cost=2571.82..715903.18 rows=9 width=58) (actual time=38.290..10243.401 rows=170 loops=1)
         Buffers: shared hit=872247 read=402992
         ->  Nested Loop  (cost=2571.68..715901.79 rows=9 width=18) (actual time=38.276..10241.468 rows=172 loops=1)
               Buffers: shared hit=871907 read=402992
               ->  Nested Loop  (cost=2571.25..715788.62 rows=158 width=22) (actual time=17.235..10182.844 rows=2054 loops=1)
                     Buffers: shared hit=865496 read=401323
                     ->  Nested Loop  (cost=2570.83..714805.30 rows=1478 width=26) (actual time=11.377..9441.257 rows=29404 loops=1)
                           Buffers: shared hit=751036 read=398167
                           ->  Nested Loop  (cost=2570.54..712473.67 rows=8871 width=30) (actual time=11.359..9194.022 rows=173724 loops=1)
                                 Buffers: shared hit=729466 read=398167
                                 ->  Hash Join  (cost=2570.11..706541.60 rows=8871 width=22) (actual time=11.317..5049.262 rows=177321 loops=1)
                                       Hash Cond: (catalog_returns.cr_returned_date_sk = date_dim.d_date_sk)
                                       Buffers: shared hit=34689 read=398048
                                       ->  Seq Scan on catalog_returns  (cost=0.00..647267.12 rows=21600412 width=26) (actual time=0.026..3335.048 rows=21598628 loops=1)
                                             Buffers: shared hit=33215 read=398048
                                       ->  Hash  (cost=2569.73..2569.73 rows=30 width=4) (actual time=11.271..11.272 rows=30 loops=1)
                                             Buckets: 1024  Batches: 1  Memory Usage: 10kB
                                             Buffers: shared hit=1474
                                             ->  Seq Scan on date_dim  (cost=0.00..2569.73 rows=30 width=4) (actual time=5.254..11.262 rows=30 loops=1)
                                                   Filter: ((d_year = 1998) AND (d_moy = 6))
                                                   Rows Removed by Filter: 73019
                                                   Buffers: shared hit=1474
                                 ->  Index Scan using customer_pkey on customer  (cost=0.43..0.67 rows=1 width=16) (actual time=0.023..0.023 rows=1 loops=177321)
                                       Index Cond: (c_customer_sk = catalog_returns.cr_returning_customer_sk)
                                       Buffers: shared hit=694777 read=119
                           ->  Memoize  (cost=0.29..0.31 rows=1 width=4) (actual time=0.001..0.001 rows=0 loops=173724)
                                 Cache Key: customer.c_current_hdemo_sk
                                 Cache Mode: logical
                                 Hits: 166533  Misses: 7191  Evictions: 0  Overflows: 0  Memory Usage: 520kB
                                 Buffers: shared hit=21570
                                 ->  Index Scan using household_demographics_pkey on household_demographics  (cost=0.28..0.30 rows=1 width=4) (actual time=0.016..0.016 rows=0 loops=7191)
                                       Index Cond: (hd_demo_sk = customer.c_current_hdemo_sk)
                                       Filter: (hd_buy_potential ~~ '501-1000%'::text)
                                       Rows Removed by Filter: 1
                                       Buffers: shared hit=21570
                     ->  Index Scan using customer_address_pkey on customer_address  (cost=0.42..0.67 rows=1 width=4) (actual time=0.025..0.025 rows=0 loops=29404)
                           Index Cond: (ca_address_sk = customer.c_current_addr_sk)
                           Filter: (ca_gmt_offset = '-7'::numeric)
                           Rows Removed by Filter: 1
                           Buffers: shared hit=114460 read=3156
               ->  Index Scan using customer_demographics_pkey on customer_demographics  (cost=0.43..0.72 rows=1 width=4) (actual time=0.028..0.028 rows=0 loops=2054)
                     Index Cond: (cd_demo_sk = customer.c_current_cdemo_sk)
                     Filter: (((cd_marital_status = 'M'::bpchar) AND (cd_education_status = 'Unknown'::bpchar)) OR ((cd_marital_status = 'W'::bpchar) AND (cd_education_status = 'Advanced Degree'::bpchar)))
                     Rows Removed by Filter: 1
                     Buffers: shared hit=6411 read=1669
         ->  Index Scan using call_center_pkey on call_center  (cost=0.14..0.16 rows=1 width=48) (actual time=0.010..0.010 rows=1 loops=172)
               Index Cond: (cc_call_center_sk = catalog_returns.cr_call_center_sk)
               Buffers: shared hit=340
 Planning:
   Buffers: shared hit=415
 Planning Time: 2.089 ms
 Execution Time: 10244.523 ms
(54 rows)

