                                                                                                  QUERY PLAN                                                                                                  
--------------------------------------------------------------------------------------------------------------------------------------------------------------------------------------------------------------
 Aggregate  (cost=716146.24..716146.25 rows=1 width=136) (actual time=13064.197..13064.203 rows=1 loops=1)
   Buffers: shared hit=1254725 read=407400
   ->  Nested Loop  (cost=2571.83..716146.10 rows=9 width=58) (actual time=13064.192..13064.198 rows=0 loops=1)
         Buffers: shared hit=1254725 read=407400
         ->  Nested Loop  (cost=2571.69..716144.71 rows=9 width=18) (actual time=13064.192..13064.197 rows=0 loops=1)
               Buffers: shared hit=1254725 read=407400
               ->  Nested Loop  (cost=2571.27..716027.25 rows=164 width=22) (actual time=540.288..12951.895 rows=3881 loops=1)
                     Buffers: shared hit=1242304 read=404597
                     ->  Nested Loop  (cost=2570.84..715010.66 rows=1528 width=26) (actual time=540.252..12018.069 rows=36191 loops=1)
                           Buffers: shared hit=1100855 read=401282
                           ->  Nested Loop  (cost=2570.55..712671.62 rows=9167 width=30) (actual time=540.225..11711.198 rows=261953 loops=1)
                                 Buffers: shared hit=1079267 read=401282
                                 ->  Hash Join  (cost=2570.12..706541.62 rows=9167 width=22) (actual time=540.169..5372.112 rows=267212 loops=1)
                                       Hash Cond: (catalog_returns.cr_returned_date_sk = date_dim.d_date_sk)
                                       Buffers: shared hit=31648 read=401089
                                       ->  Seq Scan on catalog_returns  (cost=0.00..647267.12 rows=21600412 width=26) (actual time=0.178..3523.408 rows=21598628 loops=1)
                                             Buffers: shared hit=30174 read=401089
                                       ->  Hash  (cost=2569.73..2569.73 rows=31 width=4) (actual time=19.242..19.243 rows=31 loops=1)
                                             Buckets: 1024  Batches: 1  Memory Usage: 10kB
                                             Buffers: shared hit=1474
                                             ->  Seq Scan on date_dim  (cost=0.00..2569.73 rows=31 width=4) (actual time=9.957..19.227 rows=31 loops=1)
                                                   Filter: ((d_year = 1999) AND (d_moy = 7))
                                                   Rows Removed by Filter: 73018
                                                   Buffers: shared hit=1474
                                 ->  Index Scan using customer_pkey on customer  (cost=0.43..0.67 rows=1 width=16) (actual time=0.023..0.023 rows=1 loops=267212)
                                       Index Cond: (c_customer_sk = catalog_returns.cr_returning_customer_sk)
                                       Buffers: shared hit=1047619 read=193
                           ->  Memoize  (cost=0.29..0.31 rows=1 width=4) (actual time=0.001..0.001 rows=0 loops=261953)
                                 Cache Key: customer.c_current_hdemo_sk
                                 Cache Mode: logical
                                 Hits: 254756  Misses: 7197  Evictions: 0  Overflows: 0  Memory Usage: 521kB
                                 Buffers: shared hit=21588
                                 ->  Index Scan using household_demographics_pkey on household_demographics  (cost=0.28..0.30 rows=1 width=4) (actual time=0.014..0.014 rows=0 loops=7197)
                                       Index Cond: (hd_demo_sk = customer.c_current_hdemo_sk)
                                       Filter: (hd_buy_potential ~~ '1001-5000%'::text)
                                       Rows Removed by Filter: 1
                                       Buffers: shared hit=21588
                     ->  Index Scan using customer_address_pkey on customer_address  (cost=0.42..0.67 rows=1 width=4) (actual time=0.025..0.025 rows=0 loops=36191)
                           Index Cond: (ca_address_sk = customer.c_current_addr_sk)
                           Filter: (ca_gmt_offset = '-7'::numeric)
                           Rows Removed by Filter: 1
                           Buffers: shared hit=141449 read=3315
               ->  Index Scan using customer_demographics_pkey on customer_demographics  (cost=0.43..0.72 rows=1 width=4) (actual time=0.028..0.028 rows=0 loops=3881)
                     Index Cond: (cd_demo_sk = customer.c_current_cdemo_sk)
                     Filter: (((cd_marital_status = 'M'::bpchar) AND (cd_education_status = 'Unknown'::bpchar)) OR ((cd_marital_status = 'W'::bpchar) AND (cd_education_status = 'Advanced Degree'::bpchar)))
                     Rows Removed by Filter: 1
                     Buffers: shared hit=12421 read=2803
         ->  Index Scan using call_center_pkey on call_center  (cost=0.14..0.16 rows=1 width=48) (never executed)
               Index Cond: (cc_call_center_sk = catalog_returns.cr_call_center_sk)
 Planning:
   Buffers: shared hit=415
 Planning Time: 4.413 ms
 Execution Time: 13065.032 ms
(53 rows)

