                                                                                                  QUERY PLAN                                                                                                  
--------------------------------------------------------------------------------------------------------------------------------------------------------------------------------------------------------------
 Aggregate  (cost=715903.32..715903.33 rows=1 width=136) (actual time=12651.410..12651.416 rows=1 loops=1)
   Buffers: shared hit=1205449 read=414947
   ->  Nested Loop  (cost=2571.82..715903.18 rows=9 width=58) (actual time=999.870..12649.676 rows=624 loops=1)
         Buffers: shared hit=1205449 read=414947
         ->  Nested Loop  (cost=2571.68..715901.79 rows=9 width=18) (actual time=999.856..12642.648 rows=629 loops=1)
               Buffers: shared hit=1204201 read=414947
               ->  Nested Loop  (cost=2571.25..715788.62 rows=158 width=22) (actual time=997.700..12531.002 rows=4356 loops=1)
                     Buffers: shared hit=1188684 read=413384
                     ->  Nested Loop  (cost=2570.83..714805.30 rows=1478 width=26) (actual time=997.651..11529.512 rows=38770 loops=1)
                           Buffers: shared hit=1038437 read=408551
                           ->  Nested Loop  (cost=2570.54..712473.67 rows=8871 width=30) (actual time=993.837..11218.667 rows=248168 loops=1)
                                 Buffers: shared hit=1016858 read=408551
                                 ->  Hash Join  (cost=2570.11..706541.60 rows=8871 width=22) (actual time=993.783..5360.599 rows=253475 loops=1)
                                       Hash Cond: (catalog_returns.cr_returned_date_sk = date_dim.d_date_sk)
                                       Buffers: shared hit=24296 read=408441
                                       ->  Seq Scan on catalog_returns  (cost=0.00..647267.12 rows=21600412 width=26) (actual time=0.061..3534.185 rows=21598628 loops=1)
                                             Buffers: shared hit=24196 read=407067
                                       ->  Hash  (cost=2569.73..2569.73 rows=30 width=4) (actual time=22.450..22.451 rows=30 loops=1)
                                             Buckets: 1024  Batches: 1  Memory Usage: 10kB
                                             Buffers: shared hit=100 read=1374
                                             ->  Seq Scan on date_dim  (cost=0.00..2569.73 rows=30 width=4) (actual time=13.466..22.433 rows=30 loops=1)
                                                   Filter: ((d_year = 2000) AND (d_moy = 4))
                                                   Rows Removed by Filter: 73019
                                                   Buffers: shared hit=100 read=1374
                                 ->  Index Scan using customer_pkey on customer  (cost=0.43..0.67 rows=1 width=16) (actual time=0.023..0.023 rows=1 loops=253475)
                                       Index Cond: (c_customer_sk = catalog_returns.cr_returning_customer_sk)
                                       Buffers: shared hit=992562 read=110
                           ->  Memoize  (cost=0.29..0.31 rows=1 width=4) (actual time=0.001..0.001 rows=0 loops=248168)
                                 Cache Key: customer.c_current_hdemo_sk
                                 Cache Mode: logical
                                 Hits: 240974  Misses: 7194  Evictions: 0  Overflows: 0  Memory Usage: 520kB
                                 Buffers: shared hit=21579
                                 ->  Index Scan using household_demographics_pkey on household_demographics  (cost=0.28..0.30 rows=1 width=4) (actual time=0.017..0.017 rows=0 loops=7194)
                                       Index Cond: (hd_demo_sk = customer.c_current_hdemo_sk)
                                       Filter: (hd_buy_potential ~~ '5001-10000%'::text)
                                       Rows Removed by Filter: 1
                                       Buffers: shared hit=21579
                     ->  Index Scan using customer_address_pkey on customer_address  (cost=0.42..0.67 rows=1 width=4) (actual time=0.025..0.025 rows=0 loops=38770)
                           Index Cond: (ca_address_sk = customer.c_current_addr_sk)
                           Filter: (ca_gmt_offset = '-7'::numeric)
                           Rows Removed by Filter: 1
                           Buffers: shared hit=150247 read=4833
               ->  Index Scan using customer_demographics_pkey on customer_demographics  (cost=0.43..0.72 rows=1 width=4) (actual time=0.025..0.025 rows=0 loops=4356)
                     Index Cond: (cd_demo_sk = customer.c_current_cdemo_sk)
                     Filter: (((cd_marital_status = 'M'::bpchar) AND (cd_education_status = 'Unknown'::bpchar)) OR ((cd_marital_status = 'W'::bpchar) AND (cd_education_status = 'Advanced Degree'::bpchar)))
                     Rows Removed by Filter: 1
                     Buffers: shared hit=15517 read=1563
         ->  Index Scan using call_center_pkey on call_center  (cost=0.14..0.16 rows=1 width=48) (actual time=0.010..0.010 rows=1 loops=629)
               Index Cond: (cc_call_center_sk = catalog_returns.cr_call_center_sk)
               Buffers: shared hit=1248
 Planning:
   Buffers: shared hit=384 read=31
 Planning Time: 5.732 ms
 Execution Time: 12652.240 ms
(54 rows)

