                                                                                                  QUERY PLAN                                                                                                  
--------------------------------------------------------------------------------------------------------------------------------------------------------------------------------------------------------------
 Aggregate  (cost=716146.24..716146.25 rows=1 width=136) (actual time=14522.585..14522.592 rows=1 loops=1)
   Buffers: shared hit=1544504 read=413469
   ->  Nested Loop  (cost=2571.83..716146.10 rows=9 width=58) (actual time=2718.079..14520.386 rows=784 loops=1)
         Buffers: shared hit=1544504 read=413469
         ->  Nested Loop  (cost=2571.69..716144.71 rows=9 width=18) (actual time=2718.065..14513.040 rows=792 loops=1)
               Buffers: shared hit=1542936 read=413469
               ->  Nested Loop  (cost=2571.27..716027.25 rows=164 width=22) (actual time=2703.986..14361.950 rows=5656 loops=1)
                     Buffers: shared hit=1523017 read=411232
                     ->  Nested Loop  (cost=2570.84..715010.66 rows=1528 width=26) (actual time=2697.978..13142.680 rows=50282 loops=1)
                           Buffers: shared hit=1327577 read=405544
                           ->  Nested Loop  (cost=2570.55..712671.62 rows=9167 width=30) (actual time=2688.848..12797.904 rows=319696 loops=1)
                                 Buffers: shared hit=1305977 read=405544
                                 ->  Hash Join  (cost=2570.12..706541.62 rows=9167 width=22) (actual time=2688.801..5372.554 rows=326115 loops=1)
                                       Hash Cond: (catalog_returns.cr_returned_date_sk = date_dim.d_date_sk)
                                       Buffers: shared hit=27276 read=405461
                                       ->  Seq Scan on catalog_returns  (cost=0.00..647267.12 rows=21600412 width=26) (actual time=0.022..3532.180 rows=21598628 loops=1)
                                             Buffers: shared hit=25802 read=405461
                                       ->  Hash  (cost=2569.73..2569.73 rows=31 width=4) (actual time=11.211..11.212 rows=31 loops=1)
                                             Buckets: 1024  Batches: 1  Memory Usage: 10kB
                                             Buffers: shared hit=1474
                                             ->  Seq Scan on date_dim  (cost=0.00..2569.73 rows=31 width=4) (actual time=5.418..11.202 rows=31 loops=1)
                                                   Filter: ((d_year = 2002) AND (d_moy = 8))
                                                   Rows Removed by Filter: 73018
                                                   Buffers: shared hit=1474
                                 ->  Index Scan using customer_pkey on customer  (cost=0.43..0.67 rows=1 width=16) (actual time=0.022..0.022 rows=1 loops=326115)
                                       Index Cond: (c_customer_sk = catalog_returns.cr_returning_customer_sk)
                                       Buffers: shared hit=1278701 read=83
                           ->  Memoize  (cost=0.29..0.31 rows=1 width=4) (actual time=0.001..0.001 rows=0 loops=319696)
                                 Cache Key: customer.c_current_hdemo_sk
                                 Cache Mode: logical
                                 Hits: 312495  Misses: 7201  Evictions: 0  Overflows: 0  Memory Usage: 521kB
                                 Buffers: shared hit=21600
                                 ->  Index Scan using household_demographics_pkey on household_demographics  (cost=0.28..0.30 rows=1 width=4) (actual time=0.014..0.014 rows=0 loops=7201)
                                       Index Cond: (hd_demo_sk = customer.c_current_hdemo_sk)
                                       Filter: (hd_buy_potential ~~ '5001-10000%'::text)
                                       Rows Removed by Filter: 1
                                       Buffers: shared hit=21600
                     ->  Index Scan using customer_address_pkey on customer_address  (cost=0.42..0.67 rows=1 width=4) (actual time=0.024..0.024 rows=0 loops=50282)
                           Index Cond: (ca_address_sk = customer.c_current_addr_sk)
                           Filter: (ca_gmt_offset = '-7'::numeric)
                           Rows Removed by Filter: 1
                           Buffers: shared hit=195440 read=5688
               ->  Index Scan using customer_demographics_pkey on customer_demographics  (cost=0.43..0.72 rows=1 width=4) (actual time=0.026..0.026 rows=0 loops=5656)
                     Index Cond: (cd_demo_sk = customer.c_current_cdemo_sk)
                     Filter: (((cd_marital_status = 'M'::bpchar) AND (cd_education_status = 'Unknown'::bpchar)) OR ((cd_marital_status = 'W'::bpchar) AND (cd_education_status = 'Advanced Degree'::bpchar)))
                     Rows Removed by Filter: 1
                     Buffers: shared hit=19919 read=2237
         ->  Index Scan using call_center_pkey on call_center  (cost=0.14..0.16 rows=1 width=48) (actual time=0.008..0.008 rows=1 loops=792)
               Index Cond: (cc_call_center_sk = catalog_returns.cr_call_center_sk)
               Buffers: shared hit=1568
 Planning:
   Buffers: shared hit=415
 Planning Time: 1.689 ms
 Execution Time: 14522.996 ms
(54 rows)

