                                                                                                  QUERY PLAN                                                                                                  
--------------------------------------------------------------------------------------------------------------------------------------------------------------------------------------------------------------
 Aggregate  (cost=716146.24..716146.25 rows=1 width=136) (actual time=13796.442..13796.449 rows=1 loops=1)
   Buffers: shared hit=1399544 read=411179
   ->  Nested Loop  (cost=2571.83..716146.10 rows=9 width=58) (actual time=1930.258..13794.472 rows=722 loops=1)
         Buffers: shared hit=1399544 read=411179
         ->  Nested Loop  (cost=2571.69..716144.71 rows=9 width=18) (actual time=1893.954..13784.985 rows=733 loops=1)
               Buffers: shared hit=1398100 read=411179
               ->  Nested Loop  (cost=2571.27..716027.25 rows=164 width=22) (actual time=1878.311..13628.671 rows=5855 loops=1)
                     Buffers: shared hit=1379450 read=406861
                     ->  Nested Loop  (cost=2570.84..715010.66 rows=1528 width=26) (actual time=1878.074..12559.506 rows=44516 loops=1)
                           Buffers: shared hit=1205835 read=402412
                           ->  Nested Loop  (cost=2570.55..712671.62 rows=9167 width=30) (actual time=1876.448..12243.067 rows=288479 loops=1)
                                 Buffers: shared hit=1184241 read=402412
                                 ->  Hash Join  (cost=2570.12..706541.62 rows=9167 width=22) (actual time=1876.393..5417.577 rows=294395 loops=1)
                                       Hash Cond: (catalog_returns.cr_returned_date_sk = date_dim.d_date_sk)
                                       Buffers: shared hit=30367 read=402370
                                       ->  Seq Scan on catalog_returns  (cost=0.00..647267.12 rows=21600412 width=26) (actual time=0.235..3570.012 rows=21598628 loops=1)
                                             Buffers: shared hit=28893 read=402370
                                       ->  Hash  (cost=2569.73..2569.73 rows=31 width=4) (actual time=18.328..18.330 rows=31 loops=1)
                                             Buckets: 1024  Batches: 1  Memory Usage: 10kB
                                             Buffers: shared hit=1474
                                             ->  Seq Scan on date_dim  (cost=0.00..2569.73 rows=31 width=4) (actual time=8.199..18.314 rows=31 loops=1)
                                                   Filter: ((d_year = 2001) AND (d_moy = 8))
                                                   Rows Removed by Filter: 73018
                                                   Buffers: shared hit=1474
                                 ->  Index Scan using customer_pkey on customer  (cost=0.43..0.67 rows=1 width=16) (actual time=0.023..0.023 rows=1 loops=294395)
                                       Index Cond: (c_customer_sk = catalog_returns.cr_returning_customer_sk)
                                       Buffers: shared hit=1153874 read=42
                           ->  Memoize  (cost=0.29..0.31 rows=1 width=4) (actual time=0.001..0.001 rows=0 loops=288479)
                                 Cache Key: customer.c_current_hdemo_sk
                                 Cache Mode: logical
                                 Hits: 281280  Misses: 7199  Evictions: 0  Overflows: 0  Memory Usage: 521kB
                                 Buffers: shared hit=21594
                                 ->  Index Scan using household_demographics_pkey on household_demographics  (cost=0.28..0.30 rows=1 width=4) (actual time=0.014..0.014 rows=0 loops=7199)
                                       Index Cond: (hd_demo_sk = customer.c_current_hdemo_sk)
                                       Filter: (hd_buy_potential ~~ '0-500%'::text)
                                       Rows Removed by Filter: 1
                                       Buffers: shared hit=21594
                     ->  Index Scan using customer_address_pkey on customer_address  (cost=0.42..0.67 rows=1 width=4) (actual time=0.024..0.024 rows=0 loops=44516)
                           Index Cond: (ca_address_sk = customer.c_current_addr_sk)
                           Filter: (ca_gmt_offset = '-7'::numeric)
                           Rows Removed by Filter: 1
                           Buffers: shared hit=173615 read=4449
               ->  Index Scan using customer_demographics_pkey on customer_demographics  (cost=0.43..0.72 rows=1 width=4) (actual time=0.026..0.026 rows=0 loops=5855)
                     Index Cond: (cd_demo_sk = customer.c_current_cdemo_sk)
                     Filter: (((cd_marital_status = 'M'::bpchar) AND (cd_education_status = 'Unknown'::bpchar)) OR ((cd_marital_status = 'W'::bpchar) AND (cd_education_status = 'Advanced Degree'::bpchar)))
                     Rows Removed by Filter: 1
                     Buffers: shared hit=18650 read=4318
         ->  Index Scan using call_center_pkey on call_center  (cost=0.14..0.16 rows=1 width=48) (actual time=0.012..0.012 rows=1 loops=733)
               Index Cond: (cc_call_center_sk = catalog_returns.cr_call_center_sk)
               Buffers: shared hit=1444
 Planning:
   Buffers: shared hit=415
 Planning Time: 3.200 ms
 Execution Time: 13797.132 ms
(54 rows)

