                                                                                                  QUERY PLAN                                                                                                  
--------------------------------------------------------------------------------------------------------------------------------------------------------------------------------------------------------------
 Aggregate  (cost=715903.32..715903.33 rows=1 width=136) (actual time=14273.847..14273.853 rows=1 loops=1)
   Buffers: shared hit=1488885 read=410326
   ->  Nested Loop  (cost=2571.82..715903.18 rows=9 width=58) (actual time=1837.781..14271.677 rows=796 loops=1)
         Buffers: shared hit=1488885 read=410326
         ->  Nested Loop  (cost=2571.68..715901.79 rows=9 width=18) (actual time=1837.768..14263.592 rows=803 loops=1)
               Buffers: shared hit=1487293 read=410326
               ->  Nested Loop  (cost=2571.25..715788.62 rows=158 width=22) (actual time=1837.734..14084.135 rows=6320 loops=1)
                     Buffers: shared hit=1467303 read=405520
                     ->  Nested Loop  (cost=2570.83..714805.30 rows=1478 width=26) (actual time=1820.773..12927.563 rows=46828 loops=1)
                           Buffers: shared hit=1283904 read=401607
                           ->  Nested Loop  (cost=2570.54..712473.67 rows=8871 width=30) (actual time=1818.679..12590.431 rows=307795 loops=1)
                                 Buffers: shared hit=1262310 read=401607
                                 ->  Hash Join  (cost=2570.11..706541.60 rows=8871 width=22) (actual time=1818.627..5468.819 rows=314076 loops=1)
                                       Hash Cond: (catalog_returns.cr_returned_date_sk = date_dim.d_date_sk)
                                       Buffers: shared hit=31174 read=401563
                                       ->  Seq Scan on catalog_returns  (cost=0.00..647267.12 rows=21600412 width=26) (actual time=0.311..3610.905 rows=21598628 loops=1)
                                             Buffers: shared hit=29700 read=401563
                                       ->  Hash  (cost=2569.73..2569.73 rows=30 width=4) (actual time=18.367..18.368 rows=30 loops=1)
                                             Buckets: 1024  Batches: 1  Memory Usage: 10kB
                                             Buffers: shared hit=1474
                                             ->  Seq Scan on date_dim  (cost=0.00..2569.73 rows=30 width=4) (actual time=9.713..18.351 rows=30 loops=1)
                                                   Filter: ((d_year = 2001) AND (d_moy = 6))
                                                   Rows Removed by Filter: 73019
                                                   Buffers: shared hit=1474
                                 ->  Index Scan using customer_pkey on customer  (cost=0.43..0.67 rows=1 width=16) (actual time=0.022..0.022 rows=1 loops=314076)
                                       Index Cond: (c_customer_sk = catalog_returns.cr_returning_customer_sk)
                                       Buffers: shared hit=1231136 read=44
                           ->  Memoize  (cost=0.29..0.31 rows=1 width=4) (actual time=0.001..0.001 rows=0 loops=307795)
                                 Cache Key: customer.c_current_hdemo_sk
                                 Cache Mode: logical
                                 Hits: 300596  Misses: 7199  Evictions: 0  Overflows: 0  Memory Usage: 521kB
                                 Buffers: shared hit=21594
                                 ->  Index Scan using household_demographics_pkey on household_demographics  (cost=0.28..0.30 rows=1 width=4) (actual time=0.015..0.015 rows=0 loops=7199)
                                       Index Cond: (hd_demo_sk = customer.c_current_hdemo_sk)
                                       Filter: (hd_buy_potential ~~ '0-500%'::text)
                                       Rows Removed by Filter: 1
                                       Buffers: shared hit=21594
                     ->  Index Scan using customer_address_pkey on customer_address  (cost=0.42..0.67 rows=1 width=4) (actual time=0.024..0.024 rows=0 loops=46828)
                           Index Cond: (ca_address_sk = customer.c_current_addr_sk)
                           Filter: (ca_gmt_offset = '-7'::numeric)
                           Rows Removed by Filter: 1
                           Buffers: shared hit=183399 read=3913
               ->  Index Scan using customer_demographics_pkey on customer_demographics  (cost=0.43..0.72 rows=1 width=4) (actual time=0.028..0.028 rows=0 loops=6320)
                     Index Cond: (cd_demo_sk = customer.c_current_cdemo_sk)
                     Filter: (((cd_marital_status = 'M'::bpchar) AND (cd_education_status = 'Unknown'::bpchar)) OR ((cd_marital_status = 'W'::bpchar) AND (cd_education_status = 'Advanced Degree'::bpchar)))
                     Rows Removed by Filter: 1
                     Buffers: shared hit=19990 read=4806
         ->  Index Scan using call_center_pkey on call_center  (cost=0.14..0.16 rows=1 width=48) (actual time=0.009..0.009 rows=1 loops=803)
               Index Cond: (cc_call_center_sk = catalog_returns.cr_call_center_sk)
               Buffers: shared hit=1592
 Planning:
   Buffers: shared hit=415
 Planning Time: 4.482 ms
 Execution Time: 14274.669 ms
(54 rows)

