                                                                                                     QUERY PLAN                                                                                                     
--------------------------------------------------------------------------------------------------------------------------------------------------------------------------------------------------------------------
 Aggregate  (cost=715921.76..715921.77 rows=1 width=136) (actual time=10159.023..10159.032 rows=1 loops=1)
   Buffers: shared hit=827020 read=423289
   ->  Hash Join  (cost=2574.36..715921.22 rows=36 width=58) (actual time=31.495..10155.714 rows=1575 loops=1)
         Hash Cond: (catalog_returns.cr_call_center_sk = call_center.cc_call_center_sk)
         Buffers: shared hit=827020 read=423289
         ->  Nested Loop  (cost=2571.68..715918.44 rows=36 width=18) (actual time=31.450..10154.368 rows=1583 loops=1)
               Buffers: shared hit=827018 read=423289
               ->  Nested Loop  (cost=2571.26..715863.88 rows=82 width=22) (actual time=31.422..10101.995 rows=1898 loops=1)
                     Buffers: shared hit=819602 read=423113
                     ->  Nested Loop  (cost=2570.83..714805.30 rows=1478 width=26) (actual time=13.875..9485.963 rows=23804 loops=1)
                           Buffers: shared hit=740551 read=408652
                           ->  Nested Loop  (cost=2570.54..712473.67 rows=8871 width=30) (actual time=13.089..9243.376 rows=173724 loops=1)
                                 Buffers: shared hit=718981 read=408652
                                 ->  Hash Join  (cost=2570.11..706541.60 rows=8871 width=22) (actual time=13.047..5215.050 rows=177321 loops=1)
                                       Hash Cond: (catalog_returns.cr_returned_date_sk = date_dim.d_date_sk)
                                       Buffers: shared hit=24093 read=408644
                                       ->  Seq Scan on catalog_returns  (cost=0.00..647267.12 rows=21600412 width=26) (actual time=0.484..3446.080 rows=21598628 loops=1)
                                             Buffers: shared hit=22619 read=408644
                                       ->  Hash  (cost=2569.73..2569.73 rows=30 width=4) (actual time=12.546..12.548 rows=30 loops=1)
                                             Buckets: 1024  Batches: 1  Memory Usage: 10kB
                                             Buffers: shared hit=1474
                                             ->  Seq Scan on date_dim  (cost=0.00..2569.73 rows=30 width=4) (actual time=5.539..12.535 rows=30 loops=1)
                                                   Filter: ((d_year = 1998) AND (d_moy = 6))
                                                   Rows Removed by Filter: 73019
                                                   Buffers: shared hit=1474
                                 ->  Index Scan using customer_pkey on customer  (cost=0.43..0.67 rows=1 width=16) (actual time=0.022..0.022 rows=1 loops=177321)
                                       Index Cond: (c_customer_sk = catalog_returns.cr_returning_customer_sk)
                                       Buffers: shared hit=694888 read=8
                           ->  Memoize  (cost=0.29..0.31 rows=1 width=4) (actual time=0.001..0.001 rows=0 loops=173724)
                                 Cache Key: customer.c_current_hdemo_sk
                                 Cache Mode: logical
                                 Hits: 166533  Misses: 7191  Evictions: 0  Overflows: 0  Memory Usage: 520kB
                                 Buffers: shared hit=21570
                                 ->  Index Scan using household_demographics_pkey on household_demographics  (cost=0.28..0.30 rows=1 width=4) (actual time=0.016..0.016 rows=0 loops=7191)
                                       Index Cond: (hd_demo_sk = customer.c_current_hdemo_sk)
                                       Filter: (hd_buy_potential ~~ '1001-5000%'::text)
                                       Rows Removed by Filter: 1
                                       Buffers: shared hit=21570
                     ->  Index Scan using customer_demographics_pkey on customer_demographics  (cost=0.43..0.72 rows=1 width=4) (actual time=0.026..0.026 rows=0 loops=23804)
                           Index Cond: (cd_demo_sk = customer.c_current_cdemo_sk)
                           Filter: (((cd_marital_status = 'M'::bpchar) AND (cd_education_status = 'Unknown'::bpchar)) OR ((cd_marital_status = 'W'::bpchar) AND (cd_education_status = 'Advanced Degree'::bpchar)))
                           Rows Removed by Filter: 1
                           Buffers: shared hit=79051 read=14461
               ->  Index Scan using customer_address_pkey on customer_address  (cost=0.42..0.67 rows=1 width=4) (actual time=0.027..0.027 rows=1 loops=1898)
                     Index Cond: (ca_address_sk = customer.c_current_addr_sk)
                     Filter: (ca_gmt_offset = '-6'::numeric)
                     Rows Removed by Filter: 0
                     Buffers: shared hit=7416 read=176
         ->  Hash  (cost=2.30..2.30 rows=30 width=48) (actual time=0.033..0.034 rows=30 loops=1)
               Buckets: 1024  Batches: 1  Memory Usage: 11kB
               Buffers: shared hit=2
               ->  Seq Scan on call_center  (cost=0.00..2.30 rows=30 width=48) (actual time=0.013..0.023 rows=30 loops=1)
                     Buffers: shared hit=2
 Planning:
   Buffers: shared hit=415
 Planning Time: 1.804 ms
 Execution Time: 10159.495 ms
(57 rows)

