                                                                                                     QUERY PLAN                                                                                                     
--------------------------------------------------------------------------------------------------------------------------------------------------------------------------------------------------------------------
 Aggregate  (cost=715921.76..715921.77 rows=1 width=136) (actual time=14288.011..14288.018 rows=1 loops=1)
   Buffers: shared hit=1467943 read=435481
   ->  Hash Join  (cost=2574.36..715921.22 rows=36 width=58) (actual time=14288.007..14288.013 rows=0 loops=1)
         Hash Cond: (catalog_returns.cr_call_center_sk = call_center.cc_call_center_sk)
         Buffers: shared hit=1467943 read=435481
         ->  Nested Loop  (cost=2571.68..715918.44 rows=36 width=18) (actual time=14287.920..14287.925 rows=0 loops=1)
               Buffers: shared hit=1467941 read=435481
               ->  Nested Loop  (cost=2571.26..715863.88 rows=82 width=22) (actual time=1724.280..14232.630 rows=2061 loops=1)
                     Buffers: shared hit=1459970 read=435208
                     ->  Nested Loop  (cost=2570.83..714805.30 rows=1478 width=26) (actual time=1701.200..12971.081 rows=48032 loops=1)
                           Buffers: shared hit=1293968 read=412466
                           ->  Nested Loop  (cost=2570.54..712473.67 rows=8871 width=30) (actual time=1696.291..12622.706 rows=313025 loops=1)
                                 Buffers: shared hit=1272371 read=412466
                                 ->  Hash Join  (cost=2570.11..706541.60 rows=8871 width=22) (actual time=1696.245..5382.575 rows=319396 loops=1)
                                       Hash Cond: (catalog_returns.cr_returned_date_sk = date_dim.d_date_sk)
                                       Buffers: shared hit=20344 read=412393
                                       ->  Seq Scan on catalog_returns  (cost=0.00..647267.12 rows=21600412 width=26) (actual time=0.284..3555.862 rows=21598628 loops=1)
                                             Buffers: shared hit=18870 read=412393
                                       ->  Hash  (cost=2569.73..2569.73 rows=30 width=4) (actual time=19.523..19.524 rows=31 loops=1)
                                             Buckets: 1024  Batches: 1  Memory Usage: 10kB
                                             Buffers: shared hit=1474
                                             ->  Seq Scan on date_dim  (cost=0.00..2569.73 rows=30 width=4) (actual time=10.147..19.506 rows=31 loops=1)
                                                   Filter: ((d_year = 2001) AND (d_moy = 5))
                                                   Rows Removed by Filter: 73018
                                                   Buffers: shared hit=1474
                                 ->  Index Scan using customer_pkey on customer  (cost=0.43..0.67 rows=1 width=16) (actual time=0.022..0.022 rows=1 loops=319396)
                                       Index Cond: (c_customer_sk = catalog_returns.cr_returning_customer_sk)
                                       Buffers: shared hit=1252027 read=73
                           ->  Memoize  (cost=0.29..0.31 rows=1 width=4) (actual time=0.001..0.001 rows=0 loops=313025)
                                 Cache Key: customer.c_current_hdemo_sk
                                 Cache Mode: logical
                                 Hits: 305825  Misses: 7200  Evictions: 0  Overflows: 0  Memory Usage: 521kB
                                 Buffers: shared hit=21597
                                 ->  Index Scan using household_demographics_pkey on household_demographics  (cost=0.28..0.30 rows=1 width=4) (actual time=0.016..0.016 rows=0 loops=7200)
                                       Index Cond: (hd_demo_sk = customer.c_current_hdemo_sk)
                                       Filter: (hd_buy_potential ~~ '0-500%'::text)
                                       Rows Removed by Filter: 1
                                       Buffers: shared hit=21597
                     ->  Index Scan using customer_demographics_pkey on customer_demographics  (cost=0.43..0.72 rows=1 width=4) (actual time=0.026..0.026 rows=0 loops=48032)
                           Index Cond: (cd_demo_sk = customer.c_current_cdemo_sk)
                           Filter: (((cd_marital_status = 'M'::bpchar) AND (cd_education_status = 'Unknown'::bpchar)) OR ((cd_marital_status = 'W'::bpchar) AND (cd_education_status = 'Advanced Degree'::bpchar)))
                           Rows Removed by Filter: 1
                           Buffers: shared hit=166002 read=22742
               ->  Index Scan using customer_address_pkey on customer_address  (cost=0.42..0.67 rows=1 width=4) (actual time=0.026..0.026 rows=0 loops=2061)
                     Index Cond: (ca_address_sk = customer.c_current_addr_sk)
                     Filter: (ca_gmt_offset = '-6'::numeric)
                     Rows Removed by Filter: 1
                     Buffers: shared hit=7971 read=273
         ->  Hash  (cost=2.30..2.30 rows=30 width=48) (actual time=0.065..0.066 rows=30 loops=1)
               Buckets: 1024  Batches: 1  Memory Usage: 11kB
               Buffers: shared hit=2
               ->  Seq Scan on call_center  (cost=0.00..2.30 rows=30 width=48) (actual time=0.025..0.043 rows=30 loops=1)
                     Buffers: shared hit=2
 Planning:
   Buffers: shared hit=415
 Planning Time: 4.174 ms
 Execution Time: 14288.722 ms
(57 rows)

