                                                                                                     QUERY PLAN                                                                                                     
--------------------------------------------------------------------------------------------------------------------------------------------------------------------------------------------------------------------
 Aggregate  (cost=715921.76..715921.77 rows=1 width=136) (actual time=15234.750..15234.757 rows=1 loops=1)
   Buffers: shared hit=1597810 read=415801
   ->  Hash Join  (cost=2574.36..715921.22 rows=36 width=58) (actual time=15234.745..15234.752 rows=0 loops=1)
         Hash Cond: (catalog_returns.cr_call_center_sk = call_center.cc_call_center_sk)
         Buffers: shared hit=1597810 read=415801
         ->  Nested Loop  (cost=2571.68..715918.44 rows=36 width=18) (actual time=15234.661..15234.667 rows=0 loops=1)
               Buffers: shared hit=1597808 read=415801
               ->  Nested Loop  (cost=2571.26..715863.88 rows=82 width=22) (actual time=2414.032..15199.821 rows=1243 loops=1)
                     Buffers: shared hit=1593261 read=415376
                     ->  Nested Loop  (cost=2570.83..714805.30 rows=1478 width=26) (actual time=2376.853..13827.448 rows=55806 loops=1)
                           Buffers: shared hit=1385754 read=403659
                           ->  Nested Loop  (cost=2570.54..712473.67 rows=8871 width=30) (actual time=2365.838..13461.295 rows=333772 loops=1)
                                 Buffers: shared hit=1364166 read=403659
                                 ->  Hash Join  (cost=2570.11..706541.60 rows=8871 width=22) (actual time=2365.788..5693.550 rows=340503 loops=1)
                                       Hash Cond: (catalog_returns.cr_returned_date_sk = date_dim.d_date_sk)
                                       Buffers: shared hit=29229 read=403508
                                       ->  Seq Scan on catalog_returns  (cost=0.00..647267.12 rows=21600412 width=26) (actual time=0.029..3725.347 rows=21598628 loops=1)
                                             Buffers: shared hit=27755 read=403508
                                       ->  Hash  (cost=2569.73..2569.73 rows=30 width=4) (actual time=19.651..19.652 rows=31 loops=1)
                                             Buckets: 1024  Batches: 1  Memory Usage: 10kB
                                             Buffers: shared hit=1474
                                             ->  Seq Scan on date_dim  (cost=0.00..2569.73 rows=30 width=4) (actual time=11.138..19.635 rows=31 loops=1)
                                                   Filter: ((d_year = 2002) AND (d_moy = 1))
                                                   Rows Removed by Filter: 73018
                                                   Buffers: shared hit=1474
                                 ->  Index Scan using customer_pkey on customer  (cost=0.43..0.67 rows=1 width=16) (actual time=0.022..0.022 rows=1 loops=340503)
                                       Index Cond: (c_customer_sk = catalog_returns.cr_returning_customer_sk)
                                       Buffers: shared hit=1334937 read=151
                           ->  Memoize  (cost=0.29..0.31 rows=1 width=4) (actual time=0.001..0.001 rows=0 loops=333772)
                                 Cache Key: customer.c_current_hdemo_sk
                                 Cache Mode: logical
                                 Hits: 326575  Misses: 7197  Evictions: 0  Overflows: 0  Memory Usage: 521kB
                                 Buffers: shared hit=21588
                                 ->  Index Scan using household_demographics_pkey on household_demographics  (cost=0.28..0.30 rows=1 width=4) (actual time=0.016..0.016 rows=0 loops=7197)
                                       Index Cond: (hd_demo_sk = customer.c_current_hdemo_sk)
                                       Filter: (hd_buy_potential ~~ '501-1000%'::text)
                                       Rows Removed by Filter: 1
                                       Buffers: shared hit=21588
                     ->  Index Scan using customer_demographics_pkey on customer_demographics  (cost=0.43..0.72 rows=1 width=4) (actual time=0.024..0.024 rows=0 loops=55806)
                           Index Cond: (cd_demo_sk = customer.c_current_cdemo_sk)
                           Filter: (((cd_marital_status = 'M'::bpchar) AND (cd_education_status = 'Unknown'::bpchar)) OR ((cd_marital_status = 'W'::bpchar) AND (cd_education_status = 'Advanced Degree'::bpchar)))
                           Rows Removed by Filter: 1
                           Buffers: shared hit=207507 read=11717
               ->  Index Scan using customer_address_pkey on customer_address  (cost=0.42..0.67 rows=1 width=4) (actual time=0.027..0.027 rows=0 loops=1243)
                     Index Cond: (ca_address_sk = customer.c_current_addr_sk)
                     Filter: (ca_gmt_offset = '-6'::numeric)
                     Rows Removed by Filter: 1
                     Buffers: shared hit=4547 read=425
         ->  Hash  (cost=2.30..2.30 rows=30 width=48) (actual time=0.063..0.064 rows=30 loops=1)
               Buckets: 1024  Batches: 1  Memory Usage: 11kB
               Buffers: shared hit=2
               ->  Seq Scan on call_center  (cost=0.00..2.30 rows=30 width=48) (actual time=0.024..0.041 rows=30 loops=1)
                     Buffers: shared hit=2
 Planning:
   Buffers: shared hit=415
 Planning Time: 4.218 ms
 Execution Time: 15235.454 ms
(57 rows)

