                                                                                                  QUERY PLAN                                                                                                  
--------------------------------------------------------------------------------------------------------------------------------------------------------------------------------------------------------------
 Aggregate  (cost=715903.32..715903.33 rows=1 width=136) (actual time=14416.312..14416.318 rows=1 loops=1)
   Buffers: shared hit=1470775 read=425327
   ->  Nested Loop  (cost=2571.82..715903.18 rows=9 width=58) (actual time=14416.308..14416.313 rows=0 loops=1)
         Buffers: shared hit=1470775 read=425327
         ->  Nested Loop  (cost=2571.68..715901.79 rows=9 width=18) (actual time=14416.307..14416.312 rows=0 loops=1)
               Buffers: shared hit=1470775 read=425327
               ->  Nested Loop  (cost=2571.25..715788.62 rows=158 width=22) (actual time=1683.956..14290.706 rows=4609 loops=1)
                     Buffers: shared hit=1453559 read=424483
                     ->  Nested Loop  (cost=2570.83..714805.30 rows=1478 width=26) (actual time=1681.841..13152.846 rows=42902 loops=1)
                           Buffers: shared hit=1295414 read=411020
                           ->  Nested Loop  (cost=2570.54..712473.67 rows=8871 width=30) (actual time=1675.016..12818.464 rows=313025 loops=1)
                                 Buffers: shared hit=1273817 read=411020
                                 ->  Hash Join  (cost=2570.11..706541.60 rows=8871 width=22) (actual time=1674.963..5484.307 rows=319396 loops=1)
                                       Hash Cond: (catalog_returns.cr_returned_date_sk = date_dim.d_date_sk)
                                       Buffers: shared hit=21780 read=410957
                                       ->  Seq Scan on catalog_returns  (cost=0.00..647267.12 rows=21600412 width=26) (actual time=0.050..3611.497 rows=21598628 loops=1)
                                             Buffers: shared hit=20306 read=410957
                                       ->  Hash  (cost=2569.73..2569.73 rows=30 width=4) (actual time=20.006..20.007 rows=31 loops=1)
                                             Buckets: 1024  Batches: 1  Memory Usage: 10kB
                                             Buffers: shared hit=1474
                                             ->  Seq Scan on date_dim  (cost=0.00..2569.73 rows=30 width=4) (actual time=12.347..19.994 rows=31 loops=1)
                                                   Filter: ((d_year = 2001) AND (d_moy = 5))
                                                   Rows Removed by Filter: 73018
                                                   Buffers: shared hit=1474
                                 ->  Index Scan using customer_pkey on customer  (cost=0.43..0.67 rows=1 width=16) (actual time=0.022..0.022 rows=1 loops=319396)
                                       Index Cond: (c_customer_sk = catalog_returns.cr_returning_customer_sk)
                                       Buffers: shared hit=1252037 read=63
                           ->  Memoize  (cost=0.29..0.31 rows=1 width=4) (actual time=0.001..0.001 rows=0 loops=313025)
                                 Cache Key: customer.c_current_hdemo_sk
                                 Cache Mode: logical
                                 Hits: 305825  Misses: 7200  Evictions: 0  Overflows: 0  Memory Usage: 521kB
                                 Buffers: shared hit=21597
                                 ->  Index Scan using household_demographics_pkey on household_demographics  (cost=0.28..0.30 rows=1 width=4) (actual time=0.013..0.013 rows=0 loops=7200)
                                       Index Cond: (hd_demo_sk = customer.c_current_hdemo_sk)
                                       Filter: (hd_buy_potential ~~ '1001-5000%'::text)
                                       Rows Removed by Filter: 1
                                       Buffers: shared hit=21597
                     ->  Index Scan using customer_address_pkey on customer_address  (cost=0.42..0.67 rows=1 width=4) (actual time=0.026..0.026 rows=0 loops=42902)
                           Index Cond: (ca_address_sk = customer.c_current_addr_sk)
                           Filter: (ca_gmt_offset = '-7'::numeric)
                           Rows Removed by Filter: 1
                           Buffers: shared hit=158145 read=13463
               ->  Index Scan using customer_demographics_pkey on customer_demographics  (cost=0.43..0.72 rows=1 width=4) (actual time=0.027..0.027 rows=0 loops=4609)
                     Index Cond: (cd_demo_sk = customer.c_current_cdemo_sk)
                     Filter: (((cd_marital_status = 'M'::bpchar) AND (cd_education_status = 'Unknown'::bpchar)) OR ((cd_marital_status = 'W'::bpchar) AND (cd_education_status = 'Advanced Degree'::bpchar)))
                     Rows Removed by Filter: 1
                     Buffers: shared hit=17216 read=844
         ->  Index Scan using call_center_pkey on call_center  (cost=0.14..0.16 rows=1 width=48) (never executed)
               Index Cond: (cc_call_center_sk = catalog_returns.cr_call_center_sk)
 Planning:
   Buffers: shared hit=415
 Planning Time: 6.496 ms
 Execution Time: 14417.153 ms
(53 rows)

