                                                                                                     QUERY PLAN                                                                                                     
--------------------------------------------------------------------------------------------------------------------------------------------------------------------------------------------------------------------
 Aggregate  (cost=715921.76..715921.77 rows=1 width=136) (actual time=14607.031..14607.038 rows=1 loops=1)
   Buffers: shared hit=1519672 read=419888
   ->  Hash Join  (cost=2574.36..715921.22 rows=36 width=58) (actual time=1614.082..14598.706 rows=4432 loops=1)
         Hash Cond: (catalog_returns.cr_call_center_sk = call_center.cc_call_center_sk)
         Buffers: shared hit=1519672 read=419888
         ->  Nested Loop  (cost=2571.68..715918.44 rows=36 width=18) (actual time=1613.971..14595.288 rows=4473 loops=1)
               Buffers: shared hit=1519670 read=419888
               ->  Nested Loop  (cost=2571.26..715863.88 rows=82 width=22) (actual time=1610.469..14366.737 rows=8344 loops=1)
                     Buffers: shared hit=1489647 read=416535
                     ->  Nested Loop  (cost=2570.83..714805.30 rows=1478 width=26) (actual time=1598.033..12984.972 rows=54900 loops=1)
                           Buffers: shared hit=1280883 read=409487
                           ->  Nested Loop  (cost=2570.54..712473.67 rows=8871 width=30) (actual time=1598.003..12636.440 rows=309009 loops=1)
                                 Buffers: shared hit=1259286 read=409487
                                 ->  Hash Join  (cost=2570.11..706541.60 rows=8871 width=22) (actual time=1597.949..5355.496 rows=315361 loops=1)
                                       Hash Cond: (catalog_returns.cr_returned_date_sk = date_dim.d_date_sk)
                                       Buffers: shared hit=23419 read=409318
                                       ->  Seq Scan on catalog_returns  (cost=0.00..647267.12 rows=21600412 width=26) (actual time=0.045..3575.134 rows=21598628 loops=1)
                                             Buffers: shared hit=23264 read=407999
                                       ->  Hash  (cost=2569.73..2569.73 rows=30 width=4) (actual time=23.232..23.233 rows=30 loops=1)
                                             Buckets: 1024  Batches: 1  Memory Usage: 10kB
                                             Buffers: shared hit=155 read=1319
                                             ->  Seq Scan on date_dim  (cost=0.00..2569.73 rows=30 width=4) (actual time=13.669..23.216 rows=30 loops=1)
                                                   Filter: ((d_year = 2001) AND (d_moy = 4))
                                                   Rows Removed by Filter: 73019
                                                   Buffers: shared hit=155 read=1319
                                 ->  Index Scan using customer_pkey on customer  (cost=0.43..0.67 rows=1 width=16) (actual time=0.023..0.023 rows=1 loops=315361)
                                       Index Cond: (c_customer_sk = catalog_returns.cr_returning_customer_sk)
                                       Buffers: shared hit=1235867 read=169
                           ->  Memoize  (cost=0.29..0.31 rows=1 width=4) (actual time=0.001..0.001 rows=0 loops=309009)
                                 Cache Key: customer.c_current_hdemo_sk
                                 Cache Mode: logical
                                 Hits: 301809  Misses: 7200  Evictions: 0  Overflows: 0  Memory Usage: 521kB
                                 Buffers: shared hit=21597
                                 ->  Index Scan using household_demographics_pkey on household_demographics  (cost=0.28..0.30 rows=1 width=4) (actual time=0.015..0.015 rows=0 loops=7200)
                                       Index Cond: (hd_demo_sk = customer.c_current_hdemo_sk)
                                       Filter: (hd_buy_potential ~~ '>10000%'::text)
                                       Rows Removed by Filter: 1
                                       Buffers: shared hit=21597
                     ->  Index Scan using customer_demographics_pkey on customer_demographics  (cost=0.43..0.72 rows=1 width=4) (actual time=0.025..0.025 rows=0 loops=54900)
                           Index Cond: (cd_demo_sk = customer.c_current_cdemo_sk)
                           Filter: (((cd_marital_status = 'M'::bpchar) AND (cd_education_status = 'Unknown'::bpchar)) OR ((cd_marital_status = 'W'::bpchar) AND (cd_education_status = 'Advanced Degree'::bpchar)))
                           Rows Removed by Filter: 1
                           Buffers: shared hit=208764 read=7048
               ->  Index Scan using customer_address_pkey on customer_address  (cost=0.42..0.67 rows=1 width=4) (actual time=0.027..0.027 rows=1 loops=8344)
                     Index Cond: (ca_address_sk = customer.c_current_addr_sk)
                     Filter: (ca_gmt_offset = '-6'::numeric)
                     Rows Removed by Filter: 0
                     Buffers: shared hit=30023 read=3353
         ->  Hash  (cost=2.30..2.30 rows=30 width=48) (actual time=0.079..0.080 rows=30 loops=1)
               Buckets: 1024  Batches: 1  Memory Usage: 11kB
               Buffers: shared hit=2
               ->  Seq Scan on call_center  (cost=0.00..2.30 rows=30 width=48) (actual time=0.029..0.050 rows=30 loops=1)
                     Buffers: shared hit=2
 Planning:
   Buffers: shared hit=384 read=31
 Planning Time: 4.811 ms
 Execution Time: 14607.854 ms
(57 rows)

