                                                                                                     QUERY PLAN                                                                                                     
--------------------------------------------------------------------------------------------------------------------------------------------------------------------------------------------------------------------
 Aggregate  (cost=716164.96..716164.97 rows=1 width=136) (actual time=12615.563..12615.570 rows=1 loops=1)
   Buffers: shared hit=1245581 read=403612
   ->  Hash Join  (cost=2574.37..716164.39 rows=38 width=58) (actual time=12615.559..12615.565 rows=0 loops=1)
         Hash Cond: (catalog_returns.cr_call_center_sk = call_center.cc_call_center_sk)
         Buffers: shared hit=1245581 read=403612
         ->  Nested Loop  (cost=2571.69..716161.60 rows=38 width=18) (actual time=12615.488..12615.493 rows=0 loops=1)
               Buffers: shared hit=1245579 read=403612
               ->  Nested Loop  (cost=2571.27..716105.05 rows=85 width=22) (actual time=1287.457..12593.784 rows=984 loops=1)
                     Buffers: shared hit=1242229 read=403026
                     ->  Nested Loop  (cost=2570.84..715010.66 rows=1528 width=26) (actual time=1282.418..11553.001 rows=42915 loops=1)
                           Buffers: shared hit=1076369 read=400366
                           ->  Nested Loop  (cost=2570.55..712671.62 rows=9167 width=30) (actual time=1282.059..11251.227 rows=255601 loops=1)
                                 Buffers: shared hit=1054775 read=400366
                                 ->  Hash Join  (cost=2570.12..706541.62 rows=9167 width=22) (actual time=1281.999..5290.516 rows=260972 loops=1)
                                       Hash Cond: (catalog_returns.cr_returned_date_sk = date_dim.d_date_sk)
                                       Buffers: shared hit=32446 read=400291
                                       ->  Seq Scan on catalog_returns  (cost=0.00..647267.12 rows=21600412 width=26) (actual time=0.019..3463.160 rows=21598628 loops=1)
                                             Buffers: shared hit=30972 read=400291
                                       ->  Hash  (cost=2569.73..2569.73 rows=31 width=4) (actual time=20.155..20.156 rows=31 loops=1)
                                             Buckets: 1024  Batches: 1  Memory Usage: 10kB
                                             Buffers: shared hit=1474
                                             ->  Seq Scan on date_dim  (cost=0.00..2569.73 rows=31 width=4) (actual time=10.161..20.139 rows=31 loops=1)
                                                   Filter: ((d_year = 2000) AND (d_moy = 10))
                                                   Rows Removed by Filter: 73018
                                                   Buffers: shared hit=1474
                                 ->  Index Scan using customer_pkey on customer  (cost=0.43..0.67 rows=1 width=16) (actual time=0.022..0.022 rows=1 loops=260972)
                                       Index Cond: (c_customer_sk = catalog_returns.cr_returning_customer_sk)
                                       Buffers: shared hit=1022329 read=75
                           ->  Memoize  (cost=0.29..0.31 rows=1 width=4) (actual time=0.001..0.001 rows=0 loops=255601)
                                 Cache Key: customer.c_current_hdemo_sk
                                 Cache Mode: logical
                                 Hits: 248402  Misses: 7199  Evictions: 0  Overflows: 0  Memory Usage: 521kB
                                 Buffers: shared hit=21594
                                 ->  Index Scan using household_demographics_pkey on household_demographics  (cost=0.28..0.30 rows=1 width=4) (actual time=0.015..0.015 rows=0 loops=7199)
                                       Index Cond: (hd_demo_sk = customer.c_current_hdemo_sk)
                                       Filter: (hd_buy_potential ~~ '501-1000%'::text)
                                       Rows Removed by Filter: 1
                                       Buffers: shared hit=21594
                     ->  Index Scan using customer_demographics_pkey on customer_demographics  (cost=0.43..0.72 rows=1 width=4) (actual time=0.024..0.024 rows=0 loops=42915)
                           Index Cond: (cd_demo_sk = customer.c_current_cdemo_sk)
                           Filter: (((cd_marital_status = 'M'::bpchar) AND (cd_education_status = 'Unknown'::bpchar)) OR ((cd_marital_status = 'W'::bpchar) AND (cd_education_status = 'Advanced Degree'::bpchar)))
                           Rows Removed by Filter: 1
                           Buffers: shared hit=165860 read=2660
               ->  Index Scan using customer_address_pkey on customer_address  (cost=0.42..0.67 rows=1 width=4) (actual time=0.021..0.021 rows=0 loops=984)
                     Index Cond: (ca_address_sk = customer.c_current_addr_sk)
                     Filter: (ca_gmt_offset = '-6'::numeric)
                     Rows Removed by Filter: 1
                     Buffers: shared hit=3350 read=586
         ->  Hash  (cost=2.30..2.30 rows=30 width=48) (actual time=0.053..0.054 rows=30 loops=1)
               Buckets: 1024  Batches: 1  Memory Usage: 11kB
               Buffers: shared hit=2
               ->  Seq Scan on call_center  (cost=0.00..2.30 rows=30 width=48) (actual time=0.021..0.035 rows=30 loops=1)
                     Buffers: shared hit=2
 Planning:
   Buffers: shared hit=415
 Planning Time: 4.350 ms
 Execution Time: 12616.198 ms
(57 rows)

