                                                                                                     QUERY PLAN                                                                                                     
--------------------------------------------------------------------------------------------------------------------------------------------------------------------------------------------------------------------
 Aggregate  (cost=715921.76..715921.77 rows=1 width=136) (actual time=4939.125..4939.132 rows=1 loops=1)
   Buffers: shared hit=36649 read=405758
   ->  Hash Join  (cost=2574.36..715921.22 rows=36 width=58) (actual time=15.602..4939.088 rows=17 loops=1)
         Hash Cond: (catalog_returns.cr_call_center_sk = call_center.cc_call_center_sk)
         Buffers: shared hit=36649 read=405758
         ->  Nested Loop  (cost=2571.68..715918.44 rows=36 width=18) (actual time=15.545..4939.019 rows=17 loops=1)
               Buffers: shared hit=36647 read=405758
               ->  Nested Loop  (cost=2571.26..715863.88 rows=82 width=22) (actual time=15.508..4938.577 rows=24 loops=1)
                     Buffers: shared hit=36558 read=405751
                     ->  Nested Loop  (cost=2570.83..714805.30 rows=1478 width=26) (actual time=15.469..4932.710 rows=225 loops=1)
                           Buffers: shared hit=35690 read=405727
                           ->  Nested Loop  (cost=2570.54..712473.67 rows=8871 width=30) (actual time=15.396..4919.696 rows=1306 loops=1)
                                 Buffers: shared hit=32234 read=405727
                                 ->  Hash Join  (cost=2570.11..706541.60 rows=8871 width=22) (actual time=15.353..4893.345 rows=1337 loops=1)
                                       Hash Cond: (catalog_returns.cr_returned_date_sk = date_dim.d_date_sk)
                                       Buffers: shared hit=27010 read=405727
                                       ->  Seq Scan on catalog_returns  (cost=0.00..647267.12 rows=21600412 width=26) (actual time=0.017..3293.525 rows=21598628 loops=1)
                                             Buffers: shared hit=26928 read=404335
                                       ->  Hash  (cost=2569.73..2569.73 rows=30 width=4) (actual time=15.249..15.250 rows=31 loops=1)
                                             Buckets: 1024  Batches: 1  Memory Usage: 10kB
                                             Buffers: shared hit=82 read=1392
                                             ->  Seq Scan on date_dim  (cost=0.00..2569.73 rows=30 width=4) (actual time=7.768..15.241 rows=31 loops=1)
                                                   Filter: ((d_year = 1998) AND (d_moy = 1))
                                                   Rows Removed by Filter: 73018
                                                   Buffers: shared hit=82 read=1392
                                 ->  Index Scan using customer_pkey on customer  (cost=0.43..0.67 rows=1 width=16) (actual time=0.019..0.019 rows=1 loops=1337)
                                       Index Cond: (c_customer_sk = catalog_returns.cr_returning_customer_sk)
                                       Buffers: shared hit=5224
                           ->  Memoize  (cost=0.29..0.31 rows=1 width=4) (actual time=0.010..0.010 rows=0 loops=1306)
                                 Cache Key: customer.c_current_hdemo_sk
                                 Cache Mode: logical
                                 Hits: 153  Misses: 1153  Evictions: 0  Overflows: 0  Memory Usage: 84kB
                                 Buffers: shared hit=3456
                                 ->  Index Scan using household_demographics_pkey on household_demographics  (cost=0.28..0.30 rows=1 width=4) (actual time=0.011..0.011 rows=0 loops=1153)
                                       Index Cond: (hd_demo_sk = customer.c_current_hdemo_sk)
                                       Filter: (hd_buy_potential ~~ 'Unknown%'::text)
                                       Rows Removed by Filter: 1
                                       Buffers: shared hit=3456
                     ->  Index Scan using customer_demographics_pkey on customer_demographics  (cost=0.43..0.72 rows=1 width=4) (actual time=0.026..0.026 rows=0 loops=225)
                           Index Cond: (cd_demo_sk = customer.c_current_cdemo_sk)
                           Filter: (((cd_marital_status = 'M'::bpchar) AND (cd_education_status = 'Unknown'::bpchar)) OR ((cd_marital_status = 'W'::bpchar) AND (cd_education_status = 'Advanced Degree'::bpchar)))
                           Rows Removed by Filter: 1
                           Buffers: shared hit=868 read=24
               ->  Index Scan using customer_address_pkey on customer_address  (cost=0.42..0.67 rows=1 width=4) (actual time=0.018..0.018 rows=1 loops=24)
                     Index Cond: (ca_address_sk = customer.c_current_addr_sk)
                     Filter: (ca_gmt_offset = '-6'::numeric)
                     Rows Removed by Filter: 0
                     Buffers: shared hit=89 read=7
         ->  Hash  (cost=2.30..2.30 rows=30 width=48) (actual time=0.043..0.044 rows=30 loops=1)
               Buckets: 1024  Batches: 1  Memory Usage: 11kB
               Buffers: shared hit=2
               ->  Seq Scan on call_center  (cost=0.00..2.30 rows=30 width=48) (actual time=0.016..0.030 rows=30 loops=1)
                     Buffers: shared hit=2
 Planning:
   Buffers: shared hit=415
 Planning Time: 2.420 ms
 Execution Time: 4939.535 ms
(57 rows)

