                                                                                                  QUERY PLAN                                                                                                  
--------------------------------------------------------------------------------------------------------------------------------------------------------------------------------------------------------------
 Aggregate  (cost=716146.24..716146.25 rows=1 width=136) (actual time=12929.810..12929.816 rows=1 loops=1)
   Buffers: shared hit=1255371 read=423920
   ->  Nested Loop  (cost=2571.83..716146.10 rows=9 width=58) (actual time=1039.766..12928.750 rows=323 loops=1)
         Buffers: shared hit=1255371 read=423920
         ->  Nested Loop  (cost=2571.69..716144.71 rows=9 width=18) (actual time=1039.749..12924.392 rows=324 loops=1)
               Buffers: shared hit=1254725 read=423920
               ->  Nested Loop  (cost=2571.27..716027.25 rows=164 width=22) (actual time=972.471..12834.652 rows=3211 loops=1)
                     Buffers: shared hit=1242639 read=423354
                     ->  Nested Loop  (cost=2570.84..715010.66 rows=1528 width=26) (actual time=970.359..11736.450 rows=43315 loops=1)
                           Buffers: shared hit=1080501 read=412232
                           ->  Nested Loop  (cost=2570.55..712671.62 rows=9167 width=30) (actual time=969.025..11447.791 rows=259602 loops=1)
                                 Buffers: shared hit=1058913 read=412232
                                 ->  Hash Join  (cost=2570.12..706541.62 rows=9167 width=22) (actual time=968.967..5431.604 rows=264842 loops=1)
                                       Hash Cond: (catalog_returns.cr_returned_date_sk = date_dim.d_date_sk)
                                       Buffers: shared hit=20743 read=411994
                                       ->  Seq Scan on catalog_returns  (cost=0.00..647267.12 rows=21600412 width=26) (actual time=0.034..3594.088 rows=21598628 loops=1)
                                             Buffers: shared hit=19269 read=411994
                                       ->  Hash  (cost=2569.73..2569.73 rows=31 width=4) (actual time=25.521..25.522 rows=31 loops=1)
                                             Buckets: 1024  Batches: 1  Memory Usage: 10kB
                                             Buffers: shared hit=1474
                                             ->  Seq Scan on date_dim  (cost=0.00..2569.73 rows=31 width=4) (actual time=14.442..25.508 rows=31 loops=1)
                                                   Filter: ((d_year = 2000) AND (d_moy = 3))
                                                   Rows Removed by Filter: 73018
                                                   Buffers: shared hit=1474
                                 ->  Index Scan using customer_pkey on customer  (cost=0.43..0.67 rows=1 width=16) (actual time=0.022..0.022 rows=1 loops=264842)
                                       Index Cond: (c_customer_sk = catalog_returns.cr_returning_customer_sk)
                                       Buffers: shared hit=1038170 read=238
                           ->  Memoize  (cost=0.29..0.31 rows=1 width=4) (actual time=0.001..0.001 rows=0 loops=259602)
                                 Cache Key: customer.c_current_hdemo_sk
                                 Cache Mode: logical
                                 Hits: 252405  Misses: 7197  Evictions: 0  Overflows: 0  Memory Usage: 521kB
                                 Buffers: shared hit=21588
                                 ->  Index Scan using household_demographics_pkey on household_demographics  (cost=0.28..0.30 rows=1 width=4) (actual time=0.013..0.013 rows=0 loops=7197)
                                       Index Cond: (hd_demo_sk = customer.c_current_hdemo_sk)
                                       Filter: (hd_buy_potential ~~ '501-1000%'::text)
                                       Rows Removed by Filter: 1
                                       Buffers: shared hit=21588
                     ->  Index Scan using customer_address_pkey on customer_address  (cost=0.42..0.67 rows=1 width=4) (actual time=0.025..0.025 rows=0 loops=43315)
                           Index Cond: (ca_address_sk = customer.c_current_addr_sk)
                           Filter: (ca_gmt_offset = '-7'::numeric)
                           Rows Removed by Filter: 1
                           Buffers: shared hit=162138 read=11122
               ->  Index Scan using customer_demographics_pkey on customer_demographics  (cost=0.43..0.72 rows=1 width=4) (actual time=0.027..0.027 rows=0 loops=3211)
                     Index Cond: (cd_demo_sk = customer.c_current_cdemo_sk)
                     Filter: (((cd_marital_status = 'M'::bpchar) AND (cd_education_status = 'Unknown'::bpchar)) OR ((cd_marital_status = 'W'::bpchar) AND (cd_education_status = 'Advanced Degree'::bpchar)))
                     Rows Removed by Filter: 1
                     Buffers: shared hit=12086 read=566
         ->  Index Scan using call_center_pkey on call_center  (cost=0.14..0.16 rows=1 width=48) (actual time=0.012..0.012 rows=1 loops=324)
               Index Cond: (cc_call_center_sk = catalog_returns.cr_call_center_sk)
               Buffers: shared hit=646
 Planning:
   Buffers: shared hit=415
 Planning Time: 4.063 ms
 Execution Time: 12930.453 ms
(54 rows)

