                                                                                                  QUERY PLAN                                                                                                  
--------------------------------------------------------------------------------------------------------------------------------------------------------------------------------------------------------------
 Aggregate  (cost=715903.32..715903.33 rows=1 width=136) (actual time=14360.131..14360.137 rows=1 loops=1)
   Buffers: shared hit=1498973 read=415040
   ->  Nested Loop  (cost=2571.82..715903.18 rows=9 width=58) (actual time=14360.126..14360.132 rows=0 loops=1)
         Buffers: shared hit=1498973 read=415040
         ->  Nested Loop  (cost=2571.68..715901.79 rows=9 width=18) (actual time=14360.126..14360.131 rows=0 loops=1)
               Buffers: shared hit=1498973 read=415040
               ->  Nested Loop  (cost=2571.25..715788.62 rows=158 width=22) (actual time=2585.729..14226.890 rows=4667 loops=1)
                     Buffers: shared hit=1482717 read=412984
                     ->  Nested Loop  (cost=2570.83..714805.30 rows=1478 width=26) (actual time=2580.476..13169.837 rows=43420 loops=1)
                           Buffers: shared hit=1317615 read=404406
                           ->  Nested Loop  (cost=2570.54..712473.67 rows=8871 width=30) (actual time=2576.143..12834.195 rows=316921 loops=1)
                                 Buffers: shared hit=1296015 read=404406
                                 ->  Hash Join  (cost=2570.11..706541.60 rows=8871 width=22) (actual time=2576.098..5505.648 rows=323430 loops=1)
                                       Hash Cond: (catalog_returns.cr_returned_date_sk = date_dim.d_date_sk)
                                       Buffers: shared hit=28727 read=404010
                                       ->  Seq Scan on catalog_returns  (cost=0.00..647267.12 rows=21600412 width=26) (actual time=0.312..3643.363 rows=21598628 loops=1)
                                             Buffers: shared hit=27253 read=404010
                                       ->  Hash  (cost=2569.73..2569.73 rows=30 width=4) (actual time=20.500..20.501 rows=30 loops=1)
                                             Buckets: 1024  Batches: 1  Memory Usage: 10kB
                                             Buffers: shared hit=1474
                                             ->  Seq Scan on date_dim  (cost=0.00..2569.73 rows=30 width=4) (actual time=9.118..20.489 rows=30 loops=1)
                                                   Filter: ((d_year = 2002) AND (d_moy = 6))
                                                   Rows Removed by Filter: 73019
                                                   Buffers: shared hit=1474
                                 ->  Index Scan using customer_pkey on customer  (cost=0.43..0.67 rows=1 width=16) (actual time=0.022..0.022 rows=1 loops=323430)
                                       Index Cond: (c_customer_sk = catalog_returns.cr_returning_customer_sk)
                                       Buffers: shared hit=1267288 read=396
                           ->  Memoize  (cost=0.29..0.31 rows=1 width=4) (actual time=0.001..0.001 rows=0 loops=316921)
                                 Cache Key: customer.c_current_hdemo_sk
                                 Cache Mode: logical
                                 Hits: 309720  Misses: 7201  Evictions: 0  Overflows: 0  Memory Usage: 521kB
                                 Buffers: shared hit=21600
                                 ->  Index Scan using household_demographics_pkey on household_demographics  (cost=0.28..0.30 rows=1 width=4) (actual time=0.014..0.014 rows=0 loops=7201)
                                       Index Cond: (hd_demo_sk = customer.c_current_hdemo_sk)
                                       Filter: (hd_buy_potential ~~ '1001-5000%'::text)
                                       Rows Removed by Filter: 1
                                       Buffers: shared hit=21600
                     ->  Index Scan using customer_address_pkey on customer_address  (cost=0.42..0.67 rows=1 width=4) (actual time=0.024..0.024 rows=0 loops=43420)
                           Index Cond: (ca_address_sk = customer.c_current_addr_sk)
                           Filter: (ca_gmt_offset = '-7'::numeric)
                           Rows Removed by Filter: 1
                           Buffers: shared hit=165102 read=8578
               ->  Index Scan using customer_demographics_pkey on customer_demographics  (cost=0.43..0.72 rows=1 width=4) (actual time=0.028..0.028 rows=0 loops=4667)
                     Index Cond: (cd_demo_sk = customer.c_current_cdemo_sk)
                     Filter: (((cd_marital_status = 'M'::bpchar) AND (cd_education_status = 'Unknown'::bpchar)) OR ((cd_marital_status = 'W'::bpchar) AND (cd_education_status = 'Advanced Degree'::bpchar)))
                     Rows Removed by Filter: 1
                     Buffers: shared hit=16256 read=2056
         ->  Index Scan using call_center_pkey on call_center  (cost=0.14..0.16 rows=1 width=48) (never executed)
               Index Cond: (cc_call_center_sk = catalog_returns.cr_call_center_sk)
 Planning:
   Buffers: shared hit=415
 Planning Time: 4.105 ms
 Execution Time: 14360.853 ms
(53 rows)

