                                                                                                     QUERY PLAN                                                                                                     
--------------------------------------------------------------------------------------------------------------------------------------------------------------------------------------------------------------------
 Aggregate  (cost=715921.76..715921.77 rows=1 width=136) (actual time=12113.182..12113.189 rows=1 loops=1)
   Buffers: shared hit=1108179 read=429286
   ->  Hash Join  (cost=2574.36..715921.22 rows=36 width=58) (actual time=12113.178..12113.184 rows=0 loops=1)
         Hash Cond: (catalog_returns.cr_call_center_sk = call_center.cc_call_center_sk)
         Buffers: shared hit=1108179 read=429286
         ->  Nested Loop  (cost=2571.68..715918.44 rows=36 width=18) (actual time=12113.083..12113.089 rows=0 loops=1)
               Buffers: shared hit=1108177 read=429286
               ->  Nested Loop  (cost=2571.26..715863.88 rows=82 width=22) (actual time=49.314..12086.196 rows=839 loops=1)
                     Buffers: shared hit=1104964 read=429143
                     ->  Nested Loop  (cost=2570.83..714805.30 rows=1478 width=26) (actual time=22.532..11076.148 rows=38786 loops=1)
                           Buffers: shared hit=968994 read=412669
                           ->  Nested Loop  (cost=2570.54..712473.67 rows=8871 width=30) (actual time=20.704..10797.050 rows=231836 loops=1)
                                 Buffers: shared hit=947412 read=412669
                                 ->  Hash Join  (cost=2570.11..706541.60 rows=8871 width=22) (actual time=20.654..5353.743 rows=236498 loops=1)
                                       Hash Cond: (catalog_returns.cr_returned_date_sk = date_dim.d_date_sk)
                                       Buffers: shared hit=20295 read=412442
                                       ->  Seq Scan on catalog_returns  (cost=0.00..647267.12 rows=21600412 width=26) (actual time=0.232..3527.660 rows=21598628 loops=1)
                                             Buffers: shared hit=18821 read=412442
                                       ->  Hash  (cost=2569.73..2569.73 rows=30 width=4) (actual time=20.366..20.367 rows=30 loops=1)
                                             Buckets: 1024  Batches: 1  Memory Usage: 10kB
                                             Buffers: shared hit=1474
                                             ->  Seq Scan on date_dim  (cost=0.00..2569.73 rows=30 width=4) (actual time=10.622..20.347 rows=30 loops=1)
                                                   Filter: ((d_year = 1998) AND (d_moy = 9))
                                                   Rows Removed by Filter: 73019
                                                   Buffers: shared hit=1474
                                 ->  Index Scan using customer_pkey on customer  (cost=0.43..0.67 rows=1 width=16) (actual time=0.022..0.022 rows=1 loops=236498)
                                       Index Cond: (c_customer_sk = catalog_returns.cr_returning_customer_sk)
                                       Buffers: shared hit=927117 read=227
                           ->  Memoize  (cost=0.29..0.31 rows=1 width=4) (actual time=0.001..0.001 rows=0 loops=231836)
                                 Cache Key: customer.c_current_hdemo_sk
                                 Cache Mode: logical
                                 Hits: 224641  Misses: 7195  Evictions: 0  Overflows: 0  Memory Usage: 520kB
                                 Buffers: shared hit=21582
                                 ->  Index Scan using household_demographics_pkey on household_demographics  (cost=0.28..0.30 rows=1 width=4) (actual time=0.015..0.015 rows=0 loops=7195)
                                       Index Cond: (hd_demo_sk = customer.c_current_hdemo_sk)
                                       Filter: (hd_buy_potential ~~ '501-1000%'::text)
                                       Rows Removed by Filter: 1
                                       Buffers: shared hit=21582
                     ->  Index Scan using customer_demographics_pkey on customer_demographics  (cost=0.43..0.72 rows=1 width=4) (actual time=0.026..0.026 rows=0 loops=38786)
                           Index Cond: (cd_demo_sk = customer.c_current_cdemo_sk)
                           Filter: (((cd_marital_status = 'M'::bpchar) AND (cd_education_status = 'Unknown'::bpchar)) OR ((cd_marital_status = 'W'::bpchar) AND (cd_education_status = 'Advanced Degree'::bpchar)))
                           Rows Removed by Filter: 1
                           Buffers: shared hit=135970 read=16474
               ->  Index Scan using customer_address_pkey on customer_address  (cost=0.42..0.67 rows=1 width=4) (actual time=0.031..0.031 rows=0 loops=839)
                     Index Cond: (ca_address_sk = customer.c_current_addr_sk)
                     Filter: (ca_gmt_offset = '-6'::numeric)
                     Rows Removed by Filter: 1
                     Buffers: shared hit=3213 read=143
         ->  Hash  (cost=2.30..2.30 rows=30 width=48) (actual time=0.071..0.072 rows=30 loops=1)
               Buckets: 1024  Batches: 1  Memory Usage: 11kB
               Buffers: shared hit=2
               ->  Seq Scan on call_center  (cost=0.00..2.30 rows=30 width=48) (actual time=0.026..0.046 rows=30 loops=1)
                     Buffers: shared hit=2
 Planning:
   Buffers: shared hit=415
 Planning Time: 4.332 ms
 Execution Time: 12113.967 ms
(57 rows)

