                                                                                                     QUERY PLAN                                                                                                     
--------------------------------------------------------------------------------------------------------------------------------------------------------------------------------------------------------------------
 Aggregate  (cost=715437.52..715437.53 rows=1 width=136) (actual time=5029.974..5029.981 rows=1 loops=1)
   Buffers: shared hit=87859 read=400201
   ->  Hash Join  (cost=2574.33..715437.01 rows=34 width=58) (actual time=5029.970..5029.976 rows=0 loops=1)
         Hash Cond: (catalog_returns.cr_call_center_sk = call_center.cc_call_center_sk)
         Buffers: shared hit=87859 read=400201
         ->  Nested Loop  (cost=2571.66..715434.23 rows=34 width=18) (actual time=5029.885..5029.890 rows=0 loops=1)
               Buffers: shared hit=87857 read=400201
               ->  Nested Loop  (cost=2571.23..715383.67 rows=76 width=22) (actual time=20.468..5028.691 rows=60 loops=1)
                     Buffers: shared hit=87639 read=400179
                     ->  Nested Loop  (cost=2570.80..714395.28 rows=1380 width=26) (actual time=20.373..4987.597 rows=1360 loops=1)
                           Buffers: shared hit=82611 read=399855
                           ->  Nested Loop  (cost=2570.51..712078.44 rows=8280 width=30) (actual time=18.624..4914.130 rows=8902 loops=1)
                                 Buffers: shared hit=68490 read=399855
                                 ->  Hash Join  (cost=2570.08..706541.58 rows=8280 width=22) (actual time=18.585..4684.330 rows=9081 loops=1)
                                       Hash Cond: (catalog_returns.cr_returned_date_sk = date_dim.d_date_sk)
                                       Buffers: shared hit=32888 read=399849
                                       ->  Seq Scan on catalog_returns  (cost=0.00..647267.12 rows=21600412 width=26) (actual time=0.035..3172.573 rows=21598628 loops=1)
                                             Buffers: shared hit=31496 read=399767
                                       ->  Hash  (cost=2569.73..2569.73 rows=28 width=4) (actual time=18.523..18.523 rows=28 loops=1)
                                             Buckets: 1024  Batches: 1  Memory Usage: 9kB
                                             Buffers: shared hit=1392 read=82
                                             ->  Seq Scan on date_dim  (cost=0.00..2569.73 rows=28 width=4) (actual time=9.580..18.506 rows=28 loops=1)
                                                   Filter: ((d_year = 1998) AND (d_moy = 2))
                                                   Rows Removed by Filter: 73021
                                                   Buffers: shared hit=1392 read=82
                                 ->  Index Scan using customer_pkey on customer  (cost=0.43..0.67 rows=1 width=16) (actual time=0.025..0.025 rows=1 loops=9081)
                                       Index Cond: (c_customer_sk = catalog_returns.cr_returning_customer_sk)
                                       Buffers: shared hit=35602 read=6
                           ->  Memoize  (cost=0.29..0.31 rows=1 width=4) (actual time=0.008..0.008 rows=0 loops=8902)
                                 Cache Key: customer.c_current_hdemo_sk
                                 Cache Mode: logical
                                 Hits: 4194  Misses: 4708  Evictions: 0  Overflows: 0  Memory Usage: 341kB
                                 Buffers: shared hit=14121
                                 ->  Index Scan using household_demographics_pkey on household_demographics  (cost=0.28..0.30 rows=1 width=4) (actual time=0.014..0.014 rows=0 loops=4708)
                                       Index Cond: (hd_demo_sk = customer.c_current_hdemo_sk)
                                       Filter: (hd_buy_potential ~~ '0-500%'::text)
                                       Rows Removed by Filter: 1
                                       Buffers: shared hit=14121
                     ->  Index Scan using customer_demographics_pkey on customer_demographics  (cost=0.43..0.72 rows=1 width=4) (actual time=0.030..0.030 rows=0 loops=1360)
                           Index Cond: (cd_demo_sk = customer.c_current_cdemo_sk)
                           Filter: (((cd_marital_status = 'M'::bpchar) AND (cd_education_status = 'Unknown'::bpchar)) OR ((cd_marital_status = 'W'::bpchar) AND (cd_education_status = 'Advanced Degree'::bpchar)))
                           Rows Removed by Filter: 1
                           Buffers: shared hit=5028 read=324
               ->  Index Scan using customer_address_pkey on customer_address  (cost=0.42..0.67 rows=1 width=4) (actual time=0.019..0.019 rows=0 loops=60)
                     Index Cond: (ca_address_sk = customer.c_current_addr_sk)
                     Filter: (ca_gmt_offset = '-6'::numeric)
                     Rows Removed by Filter: 1
                     Buffers: shared hit=218 read=22
         ->  Hash  (cost=2.30..2.30 rows=30 width=48) (actual time=0.065..0.066 rows=30 loops=1)
               Buckets: 1024  Batches: 1  Memory Usage: 11kB
               Buffers: shared hit=2
               ->  Seq Scan on call_center  (cost=0.00..2.30 rows=30 width=48) (actual time=0.023..0.041 rows=30 loops=1)
                     Buffers: shared hit=2
 Planning:
   Buffers: shared hit=384 read=31
 Planning Time: 3.998 ms
 Execution Time: 5030.618 ms
(57 rows)

