                                                                                                     QUERY PLAN                                                                                                     
--------------------------------------------------------------------------------------------------------------------------------------------------------------------------------------------------------------------
 Aggregate  (cost=715921.76..715921.77 rows=1 width=136) (actual time=12791.442..12791.449 rows=1 loops=1)
   Buffers: shared hit=1251965 read=418101
   ->  Hash Join  (cost=2574.36..715921.22 rows=36 width=58) (actual time=1982.420..12789.981 rows=481 loops=1)
         Hash Cond: (catalog_returns.cr_call_center_sk = call_center.cc_call_center_sk)
         Buffers: shared hit=1251965 read=418101
         ->  Nested Loop  (cost=2571.68..715918.44 rows=36 width=18) (actual time=1982.313..12789.302 rows=483 loops=1)
               Buffers: shared hit=1251963 read=418101
               ->  Nested Loop  (cost=2571.26..715863.88 rows=82 width=22) (actual time=1964.113..12715.864 rows=2845 loops=1)
                     Buffers: shared hit=1242061 read=416623
                     ->  Nested Loop  (cost=2570.83..714805.30 rows=1478 width=26) (actual time=1950.881..11705.941 rows=41003 loops=1)
                           Buffers: shared hit=1092913 read=404851
                           ->  Nested Loop  (cost=2570.54..712473.67 rows=8871 width=30) (actual time=1937.478..11411.944 rows=260859 loops=1)
                                 Buffers: shared hit=1071322 read=404851
                                 ->  Hash Join  (cost=2570.11..706541.60 rows=8871 width=22) (actual time=1937.433..5363.640 rows=266327 loops=1)
                                       Hash Cond: (catalog_returns.cr_returned_date_sk = date_dim.d_date_sk)
                                       Buffers: shared hit=28398 read=404339
                                       ->  Seq Scan on catalog_returns  (cost=0.00..647267.12 rows=21600412 width=26) (actual time=0.035..3515.145 rows=21598628 loops=1)
                                             Buffers: shared hit=26924 read=404339
                                       ->  Hash  (cost=2569.73..2569.73 rows=30 width=4) (actual time=19.928..19.929 rows=30 loops=1)
                                             Buckets: 1024  Batches: 1  Memory Usage: 10kB
                                             Buffers: shared hit=1474
                                             ->  Seq Scan on date_dim  (cost=0.00..2569.73 rows=30 width=4) (actual time=9.769..19.907 rows=30 loops=1)
                                                   Filter: ((d_year = 2001) AND (d_moy = 9))
                                                   Rows Removed by Filter: 73019
                                                   Buffers: shared hit=1474
                                 ->  Index Scan using customer_pkey on customer  (cost=0.43..0.67 rows=1 width=16) (actual time=0.022..0.022 rows=1 loops=266327)
                                       Index Cond: (c_customer_sk = catalog_returns.cr_returning_customer_sk)
                                       Buffers: shared hit=1042924 read=512
                           ->  Memoize  (cost=0.29..0.31 rows=1 width=4) (actual time=0.001..0.001 rows=0 loops=260859)
                                 Cache Key: customer.c_current_hdemo_sk
                                 Cache Mode: logical
                                 Hits: 253661  Misses: 7198  Evictions: 0  Overflows: 0  Memory Usage: 521kB
                                 Buffers: shared hit=21591
                                 ->  Index Scan using household_demographics_pkey on household_demographics  (cost=0.28..0.30 rows=1 width=4) (actual time=0.014..0.014 rows=0 loops=7198)
                                       Index Cond: (hd_demo_sk = customer.c_current_hdemo_sk)
                                       Filter: (hd_buy_potential ~~ '5001-10000%'::text)
                                       Rows Removed by Filter: 1
                                       Buffers: shared hit=21591
                     ->  Index Scan using customer_demographics_pkey on customer_demographics  (cost=0.43..0.72 rows=1 width=4) (actual time=0.024..0.024 rows=0 loops=41003)
                           Index Cond: (cd_demo_sk = customer.c_current_cdemo_sk)
                           Filter: (((cd_marital_status = 'M'::bpchar) AND (cd_education_status = 'Unknown'::bpchar)) OR ((cd_marital_status = 'W'::bpchar) AND (cd_education_status = 'Advanced Degree'::bpchar)))
                           Rows Removed by Filter: 1
                           Buffers: shared hit=149148 read=11772
               ->  Index Scan using customer_address_pkey on customer_address  (cost=0.42..0.67 rows=1 width=4) (actual time=0.025..0.025 rows=0 loops=2845)
                     Index Cond: (ca_address_sk = customer.c_current_addr_sk)
                     Filter: (ca_gmt_offset = '-6'::numeric)
                     Rows Removed by Filter: 1
                     Buffers: shared hit=9902 read=1478
         ->  Hash  (cost=2.30..2.30 rows=30 width=48) (actual time=0.083..0.083 rows=30 loops=1)
               Buckets: 1024  Batches: 1  Memory Usage: 11kB
               Buffers: shared hit=2
               ->  Seq Scan on call_center  (cost=0.00..2.30 rows=30 width=48) (actual time=0.033..0.057 rows=30 loops=1)
                     Buffers: shared hit=2
 Planning:
   Buffers: shared hit=415
 Planning Time: 6.533 ms
 Execution Time: 12792.453 ms
(57 rows)

