                                                                                                     QUERY PLAN                                                                                                     
--------------------------------------------------------------------------------------------------------------------------------------------------------------------------------------------------------------------
 Aggregate  (cost=715921.76..715921.77 rows=1 width=136) (actual time=7330.487..7330.494 rows=1 loops=1)
   Buffers: shared hit=423196 read=397664
   ->  Hash Join  (cost=2574.36..715921.22 rows=36 width=58) (actual time=7330.483..7330.489 rows=0 loops=1)
         Hash Cond: (catalog_returns.cr_call_center_sk = call_center.cc_call_center_sk)
         Buffers: shared hit=423196 read=397664
         ->  Nested Loop  (cost=2571.68..715918.44 rows=36 width=18) (actual time=7330.419..7330.425 rows=0 loops=1)
               Buffers: shared hit=423194 read=397664
               ->  Nested Loop  (cost=2571.26..715863.88 rows=82 width=22) (actual time=15.342..7318.167 rows=503 loops=1)
                     Buffers: shared hit=421529 read=397317
                     ->  Nested Loop  (cost=2570.83..714805.30 rows=1478 width=26) (actual time=12.284..7015.452 rows=12061 loops=1)
                           Buffers: shared hit=376550 read=394880
                           ->  Nested Loop  (cost=2570.54..712473.67 rows=8871 width=30) (actual time=11.927..6858.016 rows=79319 loops=1)
                                 Buffers: shared hit=355133 read=394880
                                 ->  Hash Join  (cost=2570.11..706541.60 rows=8871 width=22) (actual time=11.889..5019.119 rows=80947 loops=1)
                                       Hash Cond: (catalog_returns.cr_returned_date_sk = date_dim.d_date_sk)
                                       Buffers: shared hit=37974 read=394763
                                       ->  Seq Scan on catalog_returns  (cost=0.00..647267.12 rows=21600412 width=26) (actual time=0.016..3354.443 rows=21598628 loops=1)
                                             Buffers: shared hit=36500 read=394763
                                       ->  Hash  (cost=2569.73..2569.73 rows=30 width=4) (actual time=11.858..11.859 rows=30 loops=1)
                                             Buckets: 1024  Batches: 1  Memory Usage: 10kB
                                             Buffers: shared hit=1474
                                             ->  Seq Scan on date_dim  (cost=0.00..2569.73 rows=30 width=4) (actual time=5.557..11.849 rows=30 loops=1)
                                                   Filter: ((d_year = 1998) AND (d_moy = 4))
                                                   Rows Removed by Filter: 73019
                                                   Buffers: shared hit=1474
                                 ->  Index Scan using customer_pkey on customer  (cost=0.43..0.67 rows=1 width=16) (actual time=0.022..0.022 rows=1 loops=80947)
                                       Index Cond: (c_customer_sk = catalog_returns.cr_returning_customer_sk)
                                       Buffers: shared hit=317159 read=117
                           ->  Memoize  (cost=0.29..0.31 rows=1 width=4) (actual time=0.002..0.002 rows=0 loops=79319)
                                 Cache Key: customer.c_current_hdemo_sk
                                 Cache Mode: logical
                                 Hits: 72179  Misses: 7140  Evictions: 0  Overflows: 0  Memory Usage: 517kB
                                 Buffers: shared hit=21417
                                 ->  Index Scan using household_demographics_pkey on household_demographics  (cost=0.28..0.30 rows=1 width=4) (actual time=0.014..0.014 rows=0 loops=7140)
                                       Index Cond: (hd_demo_sk = customer.c_current_hdemo_sk)
                                       Filter: (hd_buy_potential ~~ '0-500%'::text)
                                       Rows Removed by Filter: 1
                                       Buffers: shared hit=21417
                     ->  Index Scan using customer_demographics_pkey on customer_demographics  (cost=0.43..0.72 rows=1 width=4) (actual time=0.025..0.025 rows=0 loops=12061)
                           Index Cond: (cd_demo_sk = customer.c_current_cdemo_sk)
                           Filter: (((cd_marital_status = 'M'::bpchar) AND (cd_education_status = 'Unknown'::bpchar)) OR ((cd_marital_status = 'W'::bpchar) AND (cd_education_status = 'Advanced Degree'::bpchar)))
                           Rows Removed by Filter: 1
                           Buffers: shared hit=44979 read=2437
               ->  Index Scan using customer_address_pkey on customer_address  (cost=0.42..0.67 rows=1 width=4) (actual time=0.024..0.024 rows=0 loops=503)
                     Index Cond: (ca_address_sk = customer.c_current_addr_sk)
                     Filter: (ca_gmt_offset = '-6'::numeric)
                     Rows Removed by Filter: 1
                     Buffers: shared hit=1665 read=347
         ->  Hash  (cost=2.30..2.30 rows=30 width=48) (actual time=0.049..0.050 rows=30 loops=1)
               Buckets: 1024  Batches: 1  Memory Usage: 11kB
               Buffers: shared hit=2
               ->  Seq Scan on call_center  (cost=0.00..2.30 rows=30 width=48) (actual time=0.022..0.034 rows=30 loops=1)
                     Buffers: shared hit=2
 Planning:
   Buffers: shared hit=415
 Planning Time: 1.793 ms
 Execution Time: 7330.899 ms
(57 rows)

