                                                                                                     QUERY PLAN                                                                                                     
--------------------------------------------------------------------------------------------------------------------------------------------------------------------------------------------------------------------
 Aggregate  (cost=716164.96..716164.97 rows=1 width=136) (actual time=11216.498..11216.506 rows=1 loops=1)
   Buffers: shared hit=993933 read=406381
   ->  Hash Join  (cost=2574.37..716164.39 rows=38 width=58) (actual time=685.096..11215.503 rows=287 loops=1)
         Hash Cond: (catalog_returns.cr_call_center_sk = call_center.cc_call_center_sk)
         Buffers: shared hit=993933 read=406381
         ->  Nested Loop  (cost=2571.69..716161.60 rows=38 width=18) (actual time=685.038..11215.067 rows=291 loops=1)
               Buffers: shared hit=993931 read=406381
               ->  Nested Loop  (cost=2571.27..716105.05 rows=85 width=22) (actual time=662.791..11151.063 rows=2224 loops=1)
                     Buffers: shared hit=987138 read=404278
                     ->  Nested Loop  (cost=2570.84..715010.66 rows=1528 width=26) (actual time=657.752..10354.863 rows=32036 loops=1)
                           Buffers: shared hit=867539 read=398073
                           ->  Nested Loop  (cost=2570.55..712671.62 rows=9167 width=30) (actual time=657.728..10082.019 rows=202827 loops=1)
                                 Buffers: shared hit=845972 read=398073
                                 ->  Hash Join  (cost=2570.12..706541.62 rows=9167 width=22) (actual time=657.680..5336.135 rows=206907 loops=1)
                                       Hash Cond: (catalog_returns.cr_returned_date_sk = date_dim.d_date_sk)
                                       Buffers: shared hit=35061 read=397676
                                       ->  Seq Scan on catalog_returns  (cost=0.00..647267.12 rows=21600412 width=26) (actual time=0.019..3494.946 rows=21598628 loops=1)
                                             Buffers: shared hit=33587 read=397676
                                       ->  Hash  (cost=2569.73..2569.73 rows=31 width=4) (actual time=12.640..12.641 rows=31 loops=1)
                                             Buckets: 1024  Batches: 1  Memory Usage: 10kB
                                             Buffers: shared hit=1474
                                             ->  Seq Scan on date_dim  (cost=0.00..2569.73 rows=31 width=4) (actual time=6.614..12.628 rows=31 loops=1)
                                                   Filter: ((d_year = 1999) AND (d_moy = 10))
                                                   Rows Removed by Filter: 73018
                                                   Buffers: shared hit=1474
                                 ->  Index Scan using customer_pkey on customer  (cost=0.43..0.67 rows=1 width=16) (actual time=0.022..0.022 rows=1 loops=206907)
                                       Index Cond: (c_customer_sk = catalog_returns.cr_returning_customer_sk)
                                       Buffers: shared hit=810911 read=397
                           ->  Memoize  (cost=0.29..0.31 rows=1 width=4) (actual time=0.001..0.001 rows=0 loops=202827)
                                 Cache Key: customer.c_current_hdemo_sk
                                 Cache Mode: logical
                                 Hits: 195637  Misses: 7190  Evictions: 0  Overflows: 0  Memory Usage: 520kB
                                 Buffers: shared hit=21567
                                 ->  Index Scan using household_demographics_pkey on household_demographics  (cost=0.28..0.30 rows=1 width=4) (actual time=0.016..0.016 rows=0 loops=7190)
                                       Index Cond: (hd_demo_sk = customer.c_current_hdemo_sk)
                                       Filter: (hd_buy_potential ~~ '5001-10000%'::text)
                                       Rows Removed by Filter: 1
                                       Buffers: shared hit=21567
                     ->  Index Scan using customer_demographics_pkey on customer_demographics  (cost=0.43..0.72 rows=1 width=4) (actual time=0.024..0.024 rows=0 loops=32036)
                           Index Cond: (cd_demo_sk = customer.c_current_cdemo_sk)
                           Filter: (((cd_marital_status = 'M'::bpchar) AND (cd_education_status = 'Unknown'::bpchar)) OR ((cd_marital_status = 'W'::bpchar) AND (cd_education_status = 'Advanced Degree'::bpchar)))
                           Rows Removed by Filter: 1
                           Buffers: shared hit=119599 read=6205
               ->  Index Scan using customer_address_pkey on customer_address  (cost=0.42..0.67 rows=1 width=4) (actual time=0.028..0.028 rows=0 loops=2224)
                     Index Cond: (ca_address_sk = customer.c_current_addr_sk)
                     Filter: (ca_gmt_offset = '-6'::numeric)
                     Rows Removed by Filter: 1
                     Buffers: shared hit=6793 read=2103
         ->  Hash  (cost=2.30..2.30 rows=30 width=48) (actual time=0.040..0.041 rows=30 loops=1)
               Buckets: 1024  Batches: 1  Memory Usage: 11kB
               Buffers: shared hit=2
               ->  Seq Scan on call_center  (cost=0.00..2.30 rows=30 width=48) (actual time=0.016..0.027 rows=30 loops=1)
                     Buffers: shared hit=2
 Planning:
   Buffers: shared hit=415
 Planning Time: 2.319 ms
 Execution Time: 11217.050 ms
(57 rows)

