                                                                                                  QUERY PLAN                                                                                                  
--------------------------------------------------------------------------------------------------------------------------------------------------------------------------------------------------------------
 Aggregate  (cost=715661.61..715661.62 rows=1 width=136) (actual time=13436.997..13437.003 rows=1 loops=1)
   Buffers: shared hit=1344823 read=437507
   ->  Nested Loop  (cost=2571.81..715661.49 rows=8 width=58) (actual time=13436.992..13436.998 rows=0 loops=1)
         Buffers: shared hit=1344823 read=437507
         ->  Nested Loop  (cost=2571.67..715660.25 rows=8 width=18) (actual time=13436.991..13436.997 rows=0 loops=1)
               Buffers: shared hit=1344823 read=437507
               ->  Nested Loop  (cost=2571.24..715550.67 rows=153 width=22) (actual time=2119.471..13329.346 rows=4228 loops=1)
                     Buffers: shared hit=1328726 read=436940
                     ->  Nested Loop  (cost=2570.82..714599.95 rows=1429 width=26) (actual time=2106.715..12268.643 rows=39594 loops=1)
                           Buffers: shared hit=1193658 read=413632
                           ->  Nested Loop  (cost=2570.52..712275.72 rows=8575 width=30) (actual time=2106.496..11944.611 rows=288239 loops=1)
                                 Buffers: shared hit=1172061 read=413632
                                 ->  Hash Join  (cost=2570.10..706541.59 rows=8575 width=22) (actual time=2106.453..5360.787 rows=294240 loops=1)
                                       Hash Cond: (catalog_returns.cr_returned_date_sk = date_dim.d_date_sk)
                                       Buffers: shared hit=19589 read=413148
                                       ->  Seq Scan on catalog_returns  (cost=0.00..647267.12 rows=21600412 width=26) (actual time=1.717..3551.860 rows=21598628 loops=1)
                                             Buffers: shared hit=18115 read=413148
                                       ->  Hash  (cost=2569.73..2569.73 rows=29 width=4) (actual time=27.330..27.331 rows=30 loops=1)
                                             Buckets: 1024  Batches: 1  Memory Usage: 10kB
                                             Buffers: shared hit=1474
                                             ->  Seq Scan on date_dim  (cost=0.00..2569.73 rows=29 width=4) (actual time=15.889..27.318 rows=30 loops=1)
                                                   Filter: ((d_year = 2001) AND (d_moy = 11))
                                                   Rows Removed by Filter: 73019
                                                   Buffers: shared hit=1474
                                 ->  Index Scan using customer_pkey on customer  (cost=0.43..0.67 rows=1 width=16) (actual time=0.022..0.022 rows=1 loops=294240)
                                       Index Cond: (c_customer_sk = catalog_returns.cr_returning_customer_sk)
                                       Buffers: shared hit=1152472 read=484
                           ->  Memoize  (cost=0.29..0.31 rows=1 width=4) (actual time=0.001..0.001 rows=0 loops=288239)
                                 Cache Key: customer.c_current_hdemo_sk
                                 Cache Mode: logical
                                 Hits: 281039  Misses: 7200  Evictions: 0  Overflows: 0  Memory Usage: 521kB
                                 Buffers: shared hit=21597
                                 ->  Index Scan using household_demographics_pkey on household_demographics  (cost=0.28..0.30 rows=1 width=4) (actual time=0.016..0.016 rows=0 loops=7200)
                                       Index Cond: (hd_demo_sk = customer.c_current_hdemo_sk)
                                       Filter: (hd_buy_potential ~~ '1001-5000%'::text)
                                       Rows Removed by Filter: 1
                                       Buffers: shared hit=21597
                     ->  Index Scan using customer_address_pkey on customer_address  (cost=0.42..0.67 rows=1 width=4) (actual time=0.026..0.026 rows=0 loops=39594)
                           Index Cond: (ca_address_sk = customer.c_current_addr_sk)
                           Filter: (ca_gmt_offset = '-7'::numeric)
                           Rows Removed by Filter: 1
                           Buffers: shared hit=135068 read=23308
               ->  Index Scan using customer_demographics_pkey on customer_demographics  (cost=0.43..0.72 rows=1 width=4) (actual time=0.025..0.025 rows=0 loops=4228)
                     Index Cond: (cd_demo_sk = customer.c_current_cdemo_sk)
                     Filter: (((cd_marital_status = 'M'::bpchar) AND (cd_education_status = 'Unknown'::bpchar)) OR ((cd_marital_status = 'W'::bpchar) AND (cd_education_status = 'Advanced Degree'::bpchar)))
                     Rows Removed by Filter: 1
                     Buffers: shared hit=16097 read=567
         ->  Index Scan using call_center_pkey on call_center  (cost=0.14..0.16 rows=1 width=48) (never executed)
               Index Cond: (cc_call_center_sk = catalog_returns.cr_call_center_sk)
 Planning:
   Buffers: shared hit=415
 Planning Time: 5.080 ms
 Execution Time: 13437.859 ms
(53 rows)

