                                                                                                     QUERY PLAN                                                                                                     
--------------------------------------------------------------------------------------------------------------------------------------------------------------------------------------------------------------------
 Aggregate  (cost=716164.96..716164.97 rows=1 width=136) (actual time=12534.263..12534.270 rows=1 loops=1)
   Buffers: shared hit=1202716 read=415000
   ->  Hash Join  (cost=2574.37..716164.39 rows=38 width=58) (actual time=406.289..12532.911 rows=443 loops=1)
         Hash Cond: (catalog_returns.cr_call_center_sk = call_center.cc_call_center_sk)
         Buffers: shared hit=1202716 read=415000
         ->  Nested Loop  (cost=2571.69..716161.60 rows=38 width=18) (actual time=406.139..12532.257 rows=445 loops=1)
               Buffers: shared hit=1202714 read=415000
               ->  Nested Loop  (cost=2571.27..716105.05 rows=85 width=22) (actual time=382.718..12457.140 rows=2840 loops=1)
                     Buffers: shared hit=1192616 read=413738
                     ->  Nested Loop  (cost=2570.84..715010.66 rows=1528 width=26) (actual time=346.021..11464.757 rows=39445 loops=1)
                           Buffers: shared hit=1044684 read=406874
                           ->  Nested Loop  (cost=2570.55..712671.62 rows=9167 width=30) (actual time=343.847..11174.063 rows=249306 loops=1)
                                 Buffers: shared hit=1023087 read=406874
                                 ->  Hash Join  (cost=2570.12..706541.62 rows=9167 width=22) (actual time=343.811..5311.942 rows=254456 loops=1)
                                       Hash Cond: (catalog_returns.cr_returned_date_sk = date_dim.d_date_sk)
                                       Buffers: shared hit=26230 read=406507
                                       ->  Seq Scan on catalog_returns  (cost=0.00..647267.12 rows=21600412 width=26) (actual time=0.214..3492.121 rows=21598628 loops=1)
                                             Buffers: shared hit=24756 read=406507
                                       ->  Hash  (cost=2569.73..2569.73 rows=31 width=4) (actual time=20.232..20.233 rows=31 loops=1)
                                             Buckets: 1024  Batches: 1  Memory Usage: 10kB
                                             Buffers: shared hit=1474
                                             ->  Seq Scan on date_dim  (cost=0.00..2569.73 rows=31 width=4) (actual time=11.210..20.210 rows=31 loops=1)
                                                   Filter: ((d_year = 1999) AND (d_moy = 3))
                                                   Rows Removed by Filter: 73018
                                                   Buffers: shared hit=1474
                                 ->  Index Scan using customer_pkey on customer  (cost=0.43..0.67 rows=1 width=16) (actual time=0.022..0.022 rows=1 loops=254456)
                                       Index Cond: (c_customer_sk = catalog_returns.cr_returning_customer_sk)
                                       Buffers: shared hit=996857 read=367
                           ->  Memoize  (cost=0.29..0.31 rows=1 width=4) (actual time=0.001..0.001 rows=0 loops=249306)
                                 Cache Key: customer.c_current_hdemo_sk
                                 Cache Mode: logical
                                 Hits: 242106  Misses: 7200  Evictions: 0  Overflows: 0  Memory Usage: 521kB
                                 Buffers: shared hit=21597
                                 ->  Index Scan using household_demographics_pkey on household_demographics  (cost=0.28..0.30 rows=1 width=4) (actual time=0.014..0.014 rows=0 loops=7200)
                                       Index Cond: (hd_demo_sk = customer.c_current_hdemo_sk)
                                       Filter: (hd_buy_potential ~~ '5001-10000%'::text)
                                       Rows Removed by Filter: 1
                                       Buffers: shared hit=21597
                     ->  Index Scan using customer_demographics_pkey on customer_demographics  (cost=0.43..0.72 rows=1 width=4) (actual time=0.025..0.025 rows=0 loops=39445)
                           Index Cond: (cd_demo_sk = customer.c_current_cdemo_sk)
                           Filter: (((cd_marital_status = 'M'::bpchar) AND (cd_education_status = 'Unknown'::bpchar)) OR ((cd_marital_status = 'W'::bpchar) AND (cd_education_status = 'Advanced Degree'::bpchar)))
                           Rows Removed by Filter: 1
                           Buffers: shared hit=147932 read=6864
               ->  Index Scan using customer_address_pkey on customer_address  (cost=0.42..0.67 rows=1 width=4) (actual time=0.026..0.026 rows=0 loops=2840)
                     Index Cond: (ca_address_sk = customer.c_current_addr_sk)
                     Filter: (ca_gmt_offset = '-6'::numeric)
                     Rows Removed by Filter: 1
                     Buffers: shared hit=10098 read=1262
         ->  Hash  (cost=2.30..2.30 rows=30 width=48) (actual time=0.116..0.117 rows=30 loops=1)
               Buckets: 1024  Batches: 1  Memory Usage: 11kB
               Buffers: shared hit=2
               ->  Seq Scan on call_center  (cost=0.00..2.30 rows=30 width=48) (actual time=0.043..0.077 rows=30 loops=1)
                     Buffers: shared hit=2
 Planning:
   Buffers: shared hit=415
 Planning Time: 4.594 ms
 Execution Time: 12535.310 ms
(57 rows)

