                                                                                                  QUERY PLAN                                                                                                  
--------------------------------------------------------------------------------------------------------------------------------------------------------------------------------------------------------------
 Aggregate  (cost=715903.32..715903.33 rows=1 width=136) (actual time=11183.180..11183.187 rows=1 loops=1)
   Buffers: shared hit=963339 read=421497
   ->  Nested Loop  (cost=2571.82..715903.18 rows=9 width=58) (actual time=669.196..11181.654 rows=534 loops=1)
         Buffers: shared hit=963339 read=421497
         ->  Nested Loop  (cost=2571.68..715901.79 rows=9 width=18) (actual time=669.176..11174.319 rows=539 loops=1)
               Buffers: shared hit=962271 read=421497
               ->  Nested Loop  (cost=2571.25..715788.62 rows=158 width=22) (actual time=647.171..11056.880 rows=4196 loops=1)
                     Buffers: shared hit=946704 read=420608
                     ->  Nested Loop  (cost=2570.83..714805.30 rows=1478 width=26) (actual time=634.289..10235.942 rows=30343 loops=1)
                           Buffers: shared hit=837573 read=408367
                           ->  Nested Loop  (cost=2570.54..712473.67 rows=8871 width=30) (actual time=629.426..9971.300 rows=197906 loops=1)
                                 Buffers: shared hit=815994 read=408367
                                 ->  Hash Join  (cost=2570.11..706541.60 rows=8871 width=22) (actual time=629.371..5274.856 rows=201935 loops=1)
                                       Hash Cond: (catalog_returns.cr_returned_date_sk = date_dim.d_date_sk)
                                       Buffers: shared hit=24665 read=408072
                                       ->  Seq Scan on catalog_returns  (cost=0.00..647267.12 rows=21600412 width=26) (actual time=0.308..3500.640 rows=21598628 loops=1)
                                             Buffers: shared hit=23191 read=408072
                                       ->  Hash  (cost=2569.73..2569.73 rows=30 width=4) (actual time=21.350..21.352 rows=30 loops=1)
                                             Buckets: 1024  Batches: 1  Memory Usage: 10kB
                                             Buffers: shared hit=1474
                                             ->  Seq Scan on date_dim  (cost=0.00..2569.73 rows=30 width=4) (actual time=9.678..21.336 rows=30 loops=1)
                                                   Filter: ((d_year = 1999) AND (d_moy = 9))
                                                   Rows Removed by Filter: 73019
                                                   Buffers: shared hit=1474
                                 ->  Index Scan using customer_pkey on customer  (cost=0.43..0.67 rows=1 width=16) (actual time=0.023..0.023 rows=1 loops=201935)
                                       Index Cond: (c_customer_sk = catalog_returns.cr_returning_customer_sk)
                                       Buffers: shared hit=791329 read=295
                           ->  Memoize  (cost=0.29..0.31 rows=1 width=4) (actual time=0.001..0.001 rows=0 loops=197906)
                                 Cache Key: customer.c_current_hdemo_sk
                                 Cache Mode: logical
                                 Hits: 190712  Misses: 7194  Evictions: 0  Overflows: 0  Memory Usage: 520kB
                                 Buffers: shared hit=21579
                                 ->  Index Scan using household_demographics_pkey on household_demographics  (cost=0.28..0.30 rows=1 width=4) (actual time=0.016..0.016 rows=0 loops=7194)
                                       Index Cond: (hd_demo_sk = customer.c_current_hdemo_sk)
                                       Filter: (hd_buy_potential ~~ '0-500%'::text)
                                       Rows Removed by Filter: 1
                                       Buffers: shared hit=21579
                     ->  Index Scan using customer_address_pkey on customer_address  (cost=0.42..0.67 rows=1 width=4) (actual time=0.027..0.027 rows=0 loops=30343)
                           Index Cond: (ca_address_sk = customer.c_current_addr_sk)
                           Filter: (ca_gmt_offset = '-7'::numeric)
                           Rows Removed by Filter: 1
                           Buffers: shared hit=109131 read=12241
               ->  Index Scan using customer_demographics_pkey on customer_demographics  (cost=0.43..0.72 rows=1 width=4) (actual time=0.027..0.027 rows=0 loops=4196)
                     Index Cond: (cd_demo_sk = customer.c_current_cdemo_sk)
                     Filter: (((cd_marital_status = 'M'::bpchar) AND (cd_education_status = 'Unknown'::bpchar)) OR ((cd_marital_status = 'W'::bpchar) AND (cd_education_status = 'Advanced Degree'::bpchar)))
                     Rows Removed by Filter: 1
                     Buffers: shared hit=15567 read=889
         ->  Index Scan using call_center_pkey on call_center  (cost=0.14..0.16 rows=1 width=48) (actual time=0.012..0.012 rows=1 loops=539)
               Index Cond: (cc_call_center_sk = catalog_returns.cr_call_center_sk)
               Buffers: shared hit=1068
 Planning:
   Buffers: shared hit=415
 Planning Time: 4.445 ms
 Execution Time: 11184.002 ms
(54 rows)

