                                                                                                     QUERY PLAN                                                                                                     
--------------------------------------------------------------------------------------------------------------------------------------------------------------------------------------------------------------------
 Aggregate  (cost=715437.52..715437.53 rows=1 width=136) (actual time=11367.070..11367.077 rows=1 loops=1)
   Buffers: shared hit=1026729 read=418717
   ->  Hash Join  (cost=2574.33..715437.01 rows=34 width=58) (actual time=295.357..11361.681 rows=2926 loops=1)
         Hash Cond: (catalog_returns.cr_call_center_sk = call_center.cc_call_center_sk)
         Buffers: shared hit=1026729 read=418717
         ->  Nested Loop  (cost=2571.66..715434.23 rows=34 width=18) (actual time=295.254..11359.477 rows=2952 loops=1)
               Buffers: shared hit=1026727 read=418717
               ->  Nested Loop  (cost=2571.23..715383.67 rows=76 width=22) (actual time=295.217..11258.518 rows=3785 loops=1)
                     Buffers: shared hit=1012978 read=417326
                     ->  Nested Loop  (cost=2570.80..714395.28 rows=1380 width=26) (actual time=287.144..10386.270 rows=35721 loops=1)
                           Buffers: shared hit=880389 read=409515
                           ->  Nested Loop  (cost=2570.51..712078.44 rows=8280 width=30) (actual time=285.482..10114.742 rows=208897 loops=1)
                                 Buffers: shared hit=858810 read=409515
                                 ->  Hash Join  (cost=2570.08..706541.58 rows=8280 width=22) (actual time=285.429..5221.452 rows=213206 loops=1)
                                       Hash Cond: (catalog_returns.cr_returned_date_sk = date_dim.d_date_sk)
                                       Buffers: shared hit=23499 read=409238
                                       ->  Seq Scan on catalog_returns  (cost=0.00..647267.12 rows=21600412 width=26) (actual time=0.491..3448.938 rows=21598628 loops=1)
                                             Buffers: shared hit=23417 read=407846
                                       ->  Hash  (cost=2569.73..2569.73 rows=28 width=4) (actual time=22.258..22.259 rows=28 loops=1)
                                             Buckets: 1024  Batches: 1  Memory Usage: 9kB
                                             Buffers: shared hit=82 read=1392
                                             ->  Seq Scan on date_dim  (cost=0.00..2569.73 rows=28 width=4) (actual time=12.766..22.245 rows=28 loops=1)
                                                   Filter: ((d_year = 1999) AND (d_moy = 2))
                                                   Rows Removed by Filter: 73021
                                                   Buffers: shared hit=82 read=1392
                                 ->  Index Scan using customer_pkey on customer  (cost=0.43..0.67 rows=1 width=16) (actual time=0.022..0.022 rows=1 loops=213206)
                                       Index Cond: (c_customer_sk = catalog_returns.cr_returning_customer_sk)
                                       Buffers: shared hit=835311 read=277
                           ->  Memoize  (cost=0.29..0.31 rows=1 width=4) (actual time=0.001..0.001 rows=0 loops=208897)
                                 Cache Key: customer.c_current_hdemo_sk
                                 Cache Mode: logical
                                 Hits: 201703  Misses: 7194  Evictions: 0  Overflows: 0  Memory Usage: 520kB
                                 Buffers: shared hit=21579
                                 ->  Index Scan using household_demographics_pkey on household_demographics  (cost=0.28..0.30 rows=1 width=4) (actual time=0.016..0.016 rows=0 loops=7194)
                                       Index Cond: (hd_demo_sk = customer.c_current_hdemo_sk)
                                       Filter: (hd_buy_potential ~~ 'Unknown%'::text)
                                       Rows Removed by Filter: 1
                                       Buffers: shared hit=21579
                     ->  Index Scan using customer_demographics_pkey on customer_demographics  (cost=0.43..0.72 rows=1 width=4) (actual time=0.024..0.024 rows=0 loops=35721)
                           Index Cond: (cd_demo_sk = customer.c_current_cdemo_sk)
                           Filter: (((cd_marital_status = 'M'::bpchar) AND (cd_education_status = 'Unknown'::bpchar)) OR ((cd_marital_status = 'W'::bpchar) AND (cd_education_status = 'Advanced Degree'::bpchar)))
                           Rows Removed by Filter: 1
                           Buffers: shared hit=132589 read=7811
               ->  Index Scan using customer_address_pkey on customer_address  (cost=0.42..0.67 rows=1 width=4) (actual time=0.026..0.026 rows=1 loops=3785)
                     Index Cond: (ca_address_sk = customer.c_current_addr_sk)
                     Filter: (ca_gmt_offset = '-6'::numeric)
                     Rows Removed by Filter: 0
                     Buffers: shared hit=13749 read=1391
         ->  Hash  (cost=2.30..2.30 rows=30 width=48) (actual time=0.075..0.076 rows=30 loops=1)
               Buckets: 1024  Batches: 1  Memory Usage: 11kB
               Buffers: shared hit=2
               ->  Seq Scan on call_center  (cost=0.00..2.30 rows=30 width=48) (actual time=0.028..0.049 rows=30 loops=1)
                     Buffers: shared hit=2
 Planning:
   Buffers: shared hit=415
 Planning Time: 4.433 ms
 Execution Time: 11367.883 ms
(57 rows)

