                                                                                                  QUERY PLAN                                                                                                  
--------------------------------------------------------------------------------------------------------------------------------------------------------------------------------------------------------------
 Aggregate  (cost=715903.32..715903.33 rows=1 width=136) (actual time=16873.647..16873.653 rows=1 loops=1)
   Buffers: shared hit=1801835 read=418450
   ->  Nested Loop  (cost=2571.82..715903.18 rows=9 width=58) (actual time=2533.133..16871.974 rows=486 loops=1)
         Buffers: shared hit=1801835 read=418450
         ->  Nested Loop  (cost=2571.68..715901.79 rows=9 width=18) (actual time=2533.122..16865.522 rows=487 loops=1)
               Buffers: shared hit=1800863 read=418450
               ->  Nested Loop  (cost=2571.25..715788.62 rows=158 width=22) (actual time=2533.094..16690.410 rows=6572 loops=1)
                     Buffers: shared hit=1777701 read=415740
                     ->  Nested Loop  (cost=2570.83..714805.30 rows=1478 width=26) (actual time=2520.768..15034.398 rows=65741 loops=1)
                           Buffers: shared hit=1527061 read=403416
                           ->  Nested Loop  (cost=2570.54..712473.67 rows=8871 width=30) (actual time=2516.609..14634.144 rows=369035 loops=1)
                                 Buffers: shared hit=1505461 read=403416
                                 ->  Hash Join  (cost=2570.11..706541.60 rows=8871 width=22) (actual time=2516.566..5769.404 rows=376450 loops=1)
                                       Hash Cond: (catalog_returns.cr_returned_date_sk = date_dim.d_date_sk)
                                       Buffers: shared hit=29828 read=402909
                                       ->  Seq Scan on catalog_returns  (cost=0.00..647267.12 rows=21600412 width=26) (actual time=0.056..3754.326 rows=21598628 loops=1)
                                             Buffers: shared hit=28563 read=402700
                                       ->  Hash  (cost=2569.73..2569.73 rows=30 width=4) (actual time=25.287..25.288 rows=30 loops=1)
                                             Buckets: 1024  Batches: 1  Memory Usage: 10kB
                                             Buffers: shared hit=1265 read=209
                                             ->  Seq Scan on date_dim  (cost=0.00..2569.73 rows=30 width=4) (actual time=15.997..25.263 rows=30 loops=1)
                                                   Filter: ((d_year = 2002) AND (d_moy = 4))
                                                   Rows Removed by Filter: 73019
                                                   Buffers: shared hit=1265 read=209
                                 ->  Index Scan using customer_pkey on customer  (cost=0.43..0.67 rows=1 width=16) (actual time=0.023..0.023 rows=1 loops=376450)
                                       Index Cond: (c_customer_sk = catalog_returns.cr_returning_customer_sk)
                                       Buffers: shared hit=1475633 read=507
                           ->  Memoize  (cost=0.29..0.31 rows=1 width=4) (actual time=0.001..0.001 rows=0 loops=369035)
                                 Cache Key: customer.c_current_hdemo_sk
                                 Cache Mode: logical
                                 Hits: 361834  Misses: 7201  Evictions: 0  Overflows: 0  Memory Usage: 521kB
                                 Buffers: shared hit=21600
                                 ->  Index Scan using household_demographics_pkey on household_demographics  (cost=0.28..0.30 rows=1 width=4) (actual time=0.016..0.016 rows=0 loops=7201)
                                       Index Cond: (hd_demo_sk = customer.c_current_hdemo_sk)
                                       Filter: (hd_buy_potential ~~ '>10000%'::text)
                                       Rows Removed by Filter: 1
                                       Buffers: shared hit=21600
                     ->  Index Scan using customer_address_pkey on customer_address  (cost=0.42..0.67 rows=1 width=4) (actual time=0.025..0.025 rows=0 loops=65741)
                           Index Cond: (ca_address_sk = customer.c_current_addr_sk)
                           Filter: (ca_gmt_offset = '-7'::numeric)
                           Rows Removed by Filter: 1
                           Buffers: shared hit=250640 read=12324
               ->  Index Scan using customer_demographics_pkey on customer_demographics  (cost=0.43..0.72 rows=1 width=4) (actual time=0.026..0.026 rows=0 loops=6572)
                     Index Cond: (cd_demo_sk = customer.c_current_cdemo_sk)
                     Filter: (((cd_marital_status = 'M'::bpchar) AND (cd_education_status = 'Unknown'::bpchar)) OR ((cd_marital_status = 'W'::bpchar) AND (cd_education_status = 'Advanced Degree'::bpchar)))
                     Rows Removed by Filter: 1
                     Buffers: shared hit=23162 read=2710
         ->  Index Scan using call_center_pkey on call_center  (cost=0.14..0.16 rows=1 width=48) (actual time=0.012..0.012 rows=1 loops=487)
               Index Cond: (cc_call_center_sk = catalog_returns.cr_call_center_sk)
               Buffers: shared hit=972
 Planning:
   Buffers: shared hit=384 read=31
 Planning Time: 5.790 ms
 Execution Time: 16874.508 ms
(54 rows)

