                                                                                                     QUERY PLAN                                                                                                     
--------------------------------------------------------------------------------------------------------------------------------------------------------------------------------------------------------------------
 Aggregate  (cost=715679.29..715679.30 rows=1 width=136) (actual time=10448.988..10448.995 rows=1 loops=1)
   Buffers: shared hit=910626 read=417849
   ->  Hash Join  (cost=2574.34..715678.77 rows=35 width=58) (actual time=10448.983..10448.990 rows=0 loops=1)
         Hash Cond: (catalog_returns.cr_call_center_sk = call_center.cc_call_center_sk)
         Buffers: shared hit=910626 read=417849
         ->  Nested Loop  (cost=2571.67..715675.99 rows=35 width=18) (actual time=10448.905..10448.910 rows=0 loops=1)
               Buffers: shared hit=910624 read=417849
               ->  Nested Loop  (cost=2571.24..715623.43 rows=79 width=22) (actual time=84.280..10412.327 rows=1248 loops=1)
                     Buffers: shared hit=905877 read=417604
                     ->  Nested Loop  (cost=2570.82..714599.95 rows=1429 width=26) (actual time=80.135..9691.484 rows=28855 loops=1)
                           Buffers: shared hit=800446 read=409711
                           ->  Nested Loop  (cost=2570.52..712275.72 rows=8575 width=30) (actual time=78.106..9444.069 rows=188961 loops=1)
                                 Buffers: shared hit=778870 read=409711
                                 ->  Hash Join  (cost=2570.10..706541.59 rows=8575 width=22) (actual time=78.048..5125.596 rows=192746 loops=1)
                                       Hash Cond: (catalog_returns.cr_returned_date_sk = date_dim.d_date_sk)
                                       Buffers: shared hit=23085 read=409652
                                       ->  Seq Scan on catalog_returns  (cost=0.00..647267.12 rows=21600412 width=26) (actual time=0.028..3394.104 rows=21598628 loops=1)
                                             Buffers: shared hit=21611 read=409652
                                       ->  Hash  (cost=2569.73..2569.73 rows=29 width=4) (actual time=20.170..20.171 rows=30 loops=1)
                                             Buckets: 1024  Batches: 1  Memory Usage: 10kB
                                             Buffers: shared hit=1474
                                             ->  Seq Scan on date_dim  (cost=0.00..2569.73 rows=29 width=4) (actual time=11.406..20.156 rows=30 loops=1)
                                                   Filter: ((d_year = 1998) AND (d_moy = 11))
                                                   Rows Removed by Filter: 73019
                                                   Buffers: shared hit=1474
                                 ->  Index Scan using customer_pkey on customer  (cost=0.43..0.67 rows=1 width=16) (actual time=0.022..0.022 rows=1 loops=192746)
                                       Index Cond: (c_customer_sk = catalog_returns.cr_returning_customer_sk)
                                       Buffers: shared hit=755785 read=59
                           ->  Memoize  (cost=0.29..0.31 rows=1 width=4) (actual time=0.001..0.001 rows=0 loops=188961)
                                 Cache Key: customer.c_current_hdemo_sk
                                 Cache Mode: logical
                                 Hits: 181768  Misses: 7193  Evictions: 0  Overflows: 0  Memory Usage: 520kB
                                 Buffers: shared hit=21576
                                 ->  Index Scan using household_demographics_pkey on household_demographics  (cost=0.28..0.30 rows=1 width=4) (actual time=0.015..0.015 rows=0 loops=7193)
                                       Index Cond: (hd_demo_sk = customer.c_current_hdemo_sk)
                                       Filter: (hd_buy_potential ~~ '0-500%'::text)
                                       Rows Removed by Filter: 1
                                       Buffers: shared hit=21576
                     ->  Index Scan using customer_demographics_pkey on customer_demographics  (cost=0.43..0.72 rows=1 width=4) (actual time=0.025..0.025 rows=0 loops=28855)
                           Index Cond: (cd_demo_sk = customer.c_current_cdemo_sk)
                           Filter: (((cd_marital_status = 'M'::bpchar) AND (cd_education_status = 'Unknown'::bpchar)) OR ((cd_marital_status = 'W'::bpchar) AND (cd_education_status = 'Advanced Degree'::bpchar)))
                           Rows Removed by Filter: 1
                           Buffers: shared hit=105431 read=7893
               ->  Index Scan using customer_address_pkey on customer_address  (cost=0.42..0.67 rows=1 width=4) (actual time=0.029..0.029 rows=0 loops=1248)
                     Index Cond: (ca_address_sk = customer.c_current_addr_sk)
                     Filter: (ca_gmt_offset = '-6'::numeric)
                     Rows Removed by Filter: 1
                     Buffers: shared hit=4747 read=245
         ->  Hash  (cost=2.30..2.30 rows=30 width=48) (actual time=0.059..0.060 rows=30 loops=1)
               Buckets: 1024  Batches: 1  Memory Usage: 11kB
               Buffers: shared hit=2
               ->  Seq Scan on call_center  (cost=0.00..2.30 rows=30 width=48) (actual time=0.023..0.039 rows=30 loops=1)
                     Buffers: shared hit=2
 Planning:
   Buffers: shared hit=415
 Planning Time: 4.328 ms
 Execution Time: 10449.669 ms
(57 rows)

