                                                                                                  QUERY PLAN                                                                                                  
--------------------------------------------------------------------------------------------------------------------------------------------------------------------------------------------------------------
 Aggregate  (cost=715903.32..715903.33 rows=1 width=136) (actual time=14836.104..14836.111 rows=1 loops=1)
   Buffers: shared hit=1571464 read=420429
   ->  Nested Loop  (cost=2571.82..715903.18 rows=9 width=58) (actual time=14836.100..14836.106 rows=0 loops=1)
         Buffers: shared hit=1571464 read=420429
         ->  Nested Loop  (cost=2571.68..715901.79 rows=9 width=18) (actual time=14836.099..14836.105 rows=0 loops=1)
               Buffers: shared hit=1571464 read=420429
               ->  Nested Loop  (cost=2571.25..715788.62 rows=158 width=22) (actual time=2250.036..14717.907 rows=4826 loops=1)
                     Buffers: shared hit=1553873 read=419076
                     ->  Nested Loop  (cost=2570.83..714805.30 rows=1478 width=26) (actual time=2241.242..13563.120 rows=45884 loops=1)
                           Buffers: shared hit=1379460 read=409953
                           ->  Nested Loop  (cost=2570.54..712473.67 rows=8871 width=30) (actual time=2237.338..13212.399 rows=333772 loops=1)
                                 Buffers: shared hit=1357872 read=409953
                                 ->  Hash Join  (cost=2570.11..706541.60 rows=8871 width=22) (actual time=2237.283..5501.864 rows=340503 loops=1)
                                       Hash Cond: (catalog_returns.cr_returned_date_sk = date_dim.d_date_sk)
                                       Buffers: shared hit=23152 read=409585
                                       ->  Seq Scan on catalog_returns  (cost=0.00..647267.12 rows=21600412 width=26) (actual time=0.354..3627.203 rows=21598628 loops=1)
                                             Buffers: shared hit=21678 read=409585
                                       ->  Hash  (cost=2569.73..2569.73 rows=30 width=4) (actual time=21.677..21.679 rows=31 loops=1)
                                             Buckets: 1024  Batches: 1  Memory Usage: 10kB
                                             Buffers: shared hit=1474
                                             ->  Seq Scan on date_dim  (cost=0.00..2569.73 rows=30 width=4) (actual time=12.756..21.662 rows=31 loops=1)
                                                   Filter: ((d_year = 2002) AND (d_moy = 1))
                                                   Rows Removed by Filter: 73018
                                                   Buffers: shared hit=1474
                                 ->  Index Scan using customer_pkey on customer  (cost=0.43..0.67 rows=1 width=16) (actual time=0.022..0.022 rows=1 loops=340503)
                                       Index Cond: (c_customer_sk = catalog_returns.cr_returning_customer_sk)
                                       Buffers: shared hit=1334720 read=368
                           ->  Memoize  (cost=0.29..0.31 rows=1 width=4) (actual time=0.001..0.001 rows=0 loops=333772)
                                 Cache Key: customer.c_current_hdemo_sk
                                 Cache Mode: logical
                                 Hits: 326575  Misses: 7197  Evictions: 0  Overflows: 0  Memory Usage: 521kB
                                 Buffers: shared hit=21588
                                 ->  Index Scan using household_demographics_pkey on household_demographics  (cost=0.28..0.30 rows=1 width=4) (actual time=0.014..0.014 rows=0 loops=7197)
                                       Index Cond: (hd_demo_sk = customer.c_current_hdemo_sk)
                                       Filter: (hd_buy_potential ~~ '1001-5000%'::text)
                                       Rows Removed by Filter: 1
                                       Buffers: shared hit=21588
                     ->  Index Scan using customer_address_pkey on customer_address  (cost=0.42..0.67 rows=1 width=4) (actual time=0.025..0.025 rows=0 loops=45884)
                           Index Cond: (ca_address_sk = customer.c_current_addr_sk)
                           Filter: (ca_gmt_offset = '-7'::numeric)
                           Rows Removed by Filter: 1
                           Buffers: shared hit=174413 read=9123
               ->  Index Scan using customer_demographics_pkey on customer_demographics  (cost=0.43..0.72 rows=1 width=4) (actual time=0.024..0.024 rows=0 loops=4826)
                     Index Cond: (cd_demo_sk = customer.c_current_cdemo_sk)
                     Filter: (((cd_marital_status = 'M'::bpchar) AND (cd_education_status = 'Unknown'::bpchar)) OR ((cd_marital_status = 'W'::bpchar) AND (cd_education_status = 'Advanced Degree'::bpchar)))
                     Rows Removed by Filter: 1
                     Buffers: shared hit=17591 read=1353
         ->  Index Scan using call_center_pkey on call_center  (cost=0.14..0.16 rows=1 width=48) (never executed)
               Index Cond: (cc_call_center_sk = catalog_returns.cr_call_center_sk)
 Planning:
   Buffers: shared hit=415
 Planning Time: 4.410 ms
 Execution Time: 14836.930 ms
(53 rows)

