                                                                                                     QUERY PLAN                                                                                                     
--------------------------------------------------------------------------------------------------------------------------------------------------------------------------------------------------------------------
 Aggregate  (cost=715921.76..715921.77 rows=1 width=136) (actual time=10631.706..10631.713 rows=1 loops=1)
   Buffers: shared hit=931870 read=417809
   ->  Hash Join  (cost=2574.36..715921.22 rows=36 width=58) (actual time=10631.702..10631.708 rows=0 loops=1)
         Hash Cond: (catalog_returns.cr_call_center_sk = call_center.cc_call_center_sk)
         Buffers: shared hit=931870 read=417809
         ->  Nested Loop  (cost=2571.68..715918.44 rows=36 width=18) (actual time=10631.607..10631.612 rows=0 loops=1)
               Buffers: shared hit=931868 read=417809
               ->  Nested Loop  (cost=2571.26..715863.88 rows=82 width=22) (actual time=176.118..10595.340 rows=1307 loops=1)
                     Buffers: shared hit=926892 read=417557
                     ->  Nested Loop  (cost=2570.83..714805.30 rows=1478 width=26) (actual time=161.905..9862.719 rows=29798 loops=1)
                           Buffers: shared hit=818098 read=409387
                           ->  Nested Loop  (cost=2570.54..712473.67 rows=8871 width=30) (actual time=161.872..9619.257 rows=193296 loops=1)
                                 Buffers: shared hit=796534 read=409387
                                 ->  Hash Join  (cost=2570.11..706541.60 rows=8871 width=22) (actual time=161.821..5184.884 rows=197234 loops=1)
                                       Hash Cond: (catalog_returns.cr_returned_date_sk = date_dim.d_date_sk)
                                       Buffers: shared hit=23499 read=409238
                                       ->  Seq Scan on catalog_returns  (cost=0.00..647267.12 rows=21600412 width=26) (actual time=0.183..3414.434 rows=21598628 loops=1)
                                             Buffers: shared hit=23114 read=408149
                                       ->  Hash  (cost=2569.73..2569.73 rows=30 width=4) (actual time=23.665..23.667 rows=31 loops=1)
                                             Buckets: 1024  Batches: 1  Memory Usage: 10kB
                                             Buffers: shared hit=385 read=1089
                                             ->  Seq Scan on date_dim  (cost=0.00..2569.73 rows=30 width=4) (actual time=12.915..23.651 rows=31 loops=1)
                                                   Filter: ((d_year = 1998) AND (d_moy = 12))
                                                   Rows Removed by Filter: 73018
                                                   Buffers: shared hit=385 read=1089
                                 ->  Index Scan using customer_pkey on customer  (cost=0.43..0.67 rows=1 width=16) (actual time=0.022..0.022 rows=1 loops=197234)
                                       Index Cond: (c_customer_sk = catalog_returns.cr_returning_customer_sk)
                                       Buffers: shared hit=773035 read=149
                           ->  Memoize  (cost=0.29..0.31 rows=1 width=4) (actual time=0.001..0.001 rows=0 loops=193296)
                                 Cache Key: customer.c_current_hdemo_sk
                                 Cache Mode: logical
                                 Hits: 186107  Misses: 7189  Evictions: 0  Overflows: 0  Memory Usage: 520kB
                                 Buffers: shared hit=21564
                                 ->  Index Scan using household_demographics_pkey on household_demographics  (cost=0.28..0.30 rows=1 width=4) (actual time=0.014..0.014 rows=0 loops=7189)
                                       Index Cond: (hd_demo_sk = customer.c_current_hdemo_sk)
                                       Filter: (hd_buy_potential ~~ '0-500%'::text)
                                       Rows Removed by Filter: 1
                                       Buffers: shared hit=21564
                     ->  Index Scan using customer_demographics_pkey on customer_demographics  (cost=0.43..0.72 rows=1 width=4) (actual time=0.024..0.024 rows=0 loops=29798)
                           Index Cond: (cd_demo_sk = customer.c_current_cdemo_sk)
                           Filter: (((cd_marital_status = 'M'::bpchar) AND (cd_education_status = 'Unknown'::bpchar)) OR ((cd_marital_status = 'W'::bpchar) AND (cd_education_status = 'Advanced Degree'::bpchar)))
                           Rows Removed by Filter: 1
                           Buffers: shared hit=108794 read=8170
               ->  Index Scan using customer_address_pkey on customer_address  (cost=0.42..0.67 rows=1 width=4) (actual time=0.027..0.027 rows=0 loops=1307)
                     Index Cond: (ca_address_sk = customer.c_current_addr_sk)
                     Filter: (ca_gmt_offset = '-6'::numeric)
                     Rows Removed by Filter: 1
                     Buffers: shared hit=4976 read=252
         ->  Hash  (cost=2.30..2.30 rows=30 width=48) (actual time=0.069..0.069 rows=30 loops=1)
               Buckets: 1024  Batches: 1  Memory Usage: 11kB
               Buffers: shared hit=2
               ->  Seq Scan on call_center  (cost=0.00..2.30 rows=30 width=48) (actual time=0.026..0.046 rows=30 loops=1)
                     Buffers: shared hit=2
 Planning:
   Buffers: shared hit=415
 Planning Time: 4.175 ms
 Execution Time: 10632.453 ms
(57 rows)

