                                                                                                     QUERY PLAN                                                                                                     
--------------------------------------------------------------------------------------------------------------------------------------------------------------------------------------------------------------------
 Aggregate  (cost=715679.29..715679.30 rows=1 width=136) (actual time=13701.693..13701.698 rows=1 loops=1)
   Buffers: shared hit=1382033 read=419235
   ->  Hash Join  (cost=2574.34..715678.77 rows=35 width=58) (actual time=13701.689..13701.694 rows=0 loops=1)
         Hash Cond: (catalog_returns.cr_call_center_sk = call_center.cc_call_center_sk)
         Buffers: shared hit=1382033 read=419235
         ->  Nested Loop  (cost=2571.67..715675.99 rows=35 width=18) (actual time=13701.578..13701.582 rows=0 loops=1)
               Buffers: shared hit=1382031 read=419235
               ->  Nested Loop  (cost=2571.24..715623.43 rows=79 width=22) (actual time=2163.251..13673.686 rows=1069 loops=1)
                     Buffers: shared hit=1378032 read=418958
                     ->  Nested Loop  (cost=2570.82..714599.95 rows=1429 width=26) (actual time=2118.215..12450.711 rows=48317 loops=1)
                           Buffers: shared hit=1200309 read=406981
                           ->  Nested Loop  (cost=2570.52..712275.72 rows=8575 width=30) (actual time=2116.799..12131.371 rows=288239 loops=1)
                                 Buffers: shared hit=1178712 read=406981
                                 ->  Hash Join  (cost=2570.10..706541.59 rows=8575 width=22) (actual time=2116.752..5513.746 rows=294240 loops=1)
                                       Hash Cond: (catalog_returns.cr_returned_date_sk = date_dim.d_date_sk)
                                       Buffers: shared hit=25936 read=406801
                                       ->  Seq Scan on catalog_returns  (cost=0.00..647267.12 rows=21600412 width=26) (actual time=0.656..3615.099 rows=21598628 loops=1)
                                             Buffers: shared hit=24589 read=406674
                                       ->  Hash  (cost=2569.73..2569.73 rows=29 width=4) (actual time=24.037..24.038 rows=30 loops=1)
                                             Buckets: 1024  Batches: 1  Memory Usage: 10kB
                                             Buffers: shared hit=1347 read=127
                                             ->  Seq Scan on date_dim  (cost=0.00..2569.73 rows=29 width=4) (actual time=11.736..24.024 rows=30 loops=1)
                                                   Filter: ((d_year = 2001) AND (d_moy = 11))
                                                   Rows Removed by Filter: 73019
                                                   Buffers: shared hit=1347 read=127
                                 ->  Index Scan using customer_pkey on customer  (cost=0.43..0.67 rows=1 width=16) (actual time=0.022..0.022 rows=1 loops=294240)
                                       Index Cond: (c_customer_sk = catalog_returns.cr_returning_customer_sk)
                                       Buffers: shared hit=1152776 read=180
                           ->  Memoize  (cost=0.29..0.31 rows=1 width=4) (actual time=0.001..0.001 rows=0 loops=288239)
                                 Cache Key: customer.c_current_hdemo_sk
                                 Cache Mode: logical
                                 Hits: 281039  Misses: 7200  Evictions: 0  Overflows: 0  Memory Usage: 521kB
                                 Buffers: shared hit=21597
                                 ->  Index Scan using household_demographics_pkey on household_demographics  (cost=0.28..0.30 rows=1 width=4) (actual time=0.014..0.014 rows=0 loops=7200)
                                       Index Cond: (hd_demo_sk = customer.c_current_hdemo_sk)
                                       Filter: (hd_buy_potential ~~ '501-1000%'::text)
                                       Rows Removed by Filter: 1
                                       Buffers: shared hit=21597
                     ->  Index Scan using customer_demographics_pkey on customer_demographics  (cost=0.43..0.72 rows=1 width=4) (actual time=0.025..0.025 rows=0 loops=48317)
                           Index Cond: (cd_demo_sk = customer.c_current_cdemo_sk)
                           Filter: (((cd_marital_status = 'M'::bpchar) AND (cd_education_status = 'Unknown'::bpchar)) OR ((cd_marital_status = 'W'::bpchar) AND (cd_education_status = 'Advanced Degree'::bpchar)))
                           Rows Removed by Filter: 1
                           Buffers: shared hit=177723 read=11977
               ->  Index Scan using customer_address_pkey on customer_address  (cost=0.42..0.67 rows=1 width=4) (actual time=0.025..0.025 rows=0 loops=1069)
                     Index Cond: (ca_address_sk = customer.c_current_addr_sk)
                     Filter: (ca_gmt_offset = '-6'::numeric)
                     Rows Removed by Filter: 1
                     Buffers: shared hit=3999 read=277
         ->  Hash  (cost=2.30..2.30 rows=30 width=48) (actual time=0.080..0.080 rows=30 loops=1)
               Buckets: 1024  Batches: 1  Memory Usage: 11kB
               Buffers: shared hit=2
               ->  Seq Scan on call_center  (cost=0.00..2.30 rows=30 width=48) (actual time=0.032..0.053 rows=30 loops=1)
                     Buffers: shared hit=2
 Planning:
   Buffers: shared hit=415
 Planning Time: 4.444 ms
 Execution Time: 13702.566 ms
(57 rows)

