                                                                                                     QUERY PLAN                                                                                                     
--------------------------------------------------------------------------------------------------------------------------------------------------------------------------------------------------------------------
 Aggregate  (cost=716164.96..716164.97 rows=1 width=136) (actual time=14362.382..14362.388 rows=1 loops=1)
   Buffers: shared hit=1488804 read=411681
   ->  Hash Join  (cost=2574.37..716164.39 rows=38 width=58) (actual time=2785.083..14356.529 rows=2885 loops=1)
         Hash Cond: (catalog_returns.cr_call_center_sk = call_center.cc_call_center_sk)
         Buffers: shared hit=1488804 read=411681
         ->  Nested Loop  (cost=2571.69..716161.60 rows=38 width=18) (actual time=2784.984..14354.180 rows=2919 loops=1)
               Buffers: shared hit=1488802 read=411681
               ->  Nested Loop  (cost=2571.27..716105.05 rows=85 width=22) (actual time=2784.961..14261.007 rows=3509 loops=1)
                     Buffers: shared hit=1476152 read=410295
                     ->  Nested Loop  (cost=2570.84..715010.66 rows=1528 width=26) (actual time=2725.993..13218.822 rows=43250 loops=1)
                           Buffers: shared hit=1314499 read=402100
                           ->  Nested Loop  (cost=2570.55..712671.62 rows=9167 width=30) (actual time=2725.384..12871.963 rows=315567 loops=1)
                                 Buffers: shared hit=1292905 read=402100
                                 ->  Hash Join  (cost=2570.12..706541.62 rows=9167 width=22) (actual time=2725.351..5618.295 rows=321885 loops=1)
                                       Hash Cond: (catalog_returns.cr_returned_date_sk = date_dim.d_date_sk)
                                       Buffers: shared hit=30938 read=401799
                                       ->  Seq Scan on catalog_returns  (cost=0.00..647267.12 rows=21600412 width=26) (actual time=0.042..3751.293 rows=21598628 loops=1)
                                             Buffers: shared hit=29800 read=401463
                                       ->  Hash  (cost=2569.73..2569.73 rows=31 width=4) (actual time=22.113..22.114 rows=31 loops=1)
                                             Buckets: 1024  Batches: 1  Memory Usage: 10kB
                                             Buffers: shared hit=1138 read=336
                                             ->  Seq Scan on date_dim  (cost=0.00..2569.73 rows=31 width=4) (actual time=13.112..22.098 rows=31 loops=1)
                                                   Filter: ((d_year = 2002) AND (d_moy = 7))
                                                   Rows Removed by Filter: 73018
                                                   Buffers: shared hit=1138 read=336
                                 ->  Index Scan using customer_pkey on customer  (cost=0.43..0.67 rows=1 width=16) (actual time=0.022..0.022 rows=1 loops=321885)
                                       Index Cond: (c_customer_sk = catalog_returns.cr_returning_customer_sk)
                                       Buffers: shared hit=1261967 read=301
                           ->  Memoize  (cost=0.29..0.31 rows=1 width=4) (actual time=0.001..0.001 rows=0 loops=315567)
                                 Cache Key: customer.c_current_hdemo_sk
                                 Cache Mode: logical
                                 Hits: 308368  Misses: 7199  Evictions: 0  Overflows: 0  Memory Usage: 521kB
                                 Buffers: shared hit=21594
                                 ->  Index Scan using household_demographics_pkey on household_demographics  (cost=0.28..0.30 rows=1 width=4) (actual time=0.015..0.015 rows=0 loops=7199)
                                       Index Cond: (hd_demo_sk = customer.c_current_hdemo_sk)
                                       Filter: (hd_buy_potential ~~ '1001-5000%'::text)
                                       Rows Removed by Filter: 1
                                       Buffers: shared hit=21594
                     ->  Index Scan using customer_demographics_pkey on customer_demographics  (cost=0.43..0.72 rows=1 width=4) (actual time=0.024..0.024 rows=0 loops=43250)
                           Index Cond: (cd_demo_sk = customer.c_current_cdemo_sk)
                           Filter: (((cd_marital_status = 'M'::bpchar) AND (cd_education_status = 'Unknown'::bpchar)) OR ((cd_marital_status = 'W'::bpchar) AND (cd_education_status = 'Advanced Degree'::bpchar)))
                           Rows Removed by Filter: 1
                           Buffers: shared hit=161653 read=8195
               ->  Index Scan using customer_address_pkey on customer_address  (cost=0.42..0.67 rows=1 width=4) (actual time=0.026..0.026 rows=1 loops=3509)
                     Index Cond: (ca_address_sk = customer.c_current_addr_sk)
                     Filter: (ca_gmt_offset = '-6'::numeric)
                     Rows Removed by Filter: 0
                     Buffers: shared hit=12650 read=1386
         ->  Hash  (cost=2.30..2.30 rows=30 width=48) (actual time=0.073..0.074 rows=30 loops=1)
               Buckets: 1024  Batches: 1  Memory Usage: 11kB
               Buffers: shared hit=2
               ->  Seq Scan on call_center  (cost=0.00..2.30 rows=30 width=48) (actual time=0.026..0.046 rows=30 loops=1)
                     Buffers: shared hit=2
 Planning:
   Buffers: shared hit=384 read=31
 Planning Time: 4.584 ms
 Execution Time: 14363.148 ms
(57 rows)

