                                                                                                     QUERY PLAN                                                                                                     
--------------------------------------------------------------------------------------------------------------------------------------------------------------------------------------------------------------------
 Aggregate  (cost=715921.76..715921.77 rows=1 width=136) (actual time=12716.041..12716.049 rows=1 loops=1)
   Buffers: shared hit=1236598 read=412604
   ->  Hash Join  (cost=2574.36..715921.22 rows=36 width=58) (actual time=970.614..12709.192 rows=3714 loops=1)
         Hash Cond: (catalog_returns.cr_call_center_sk = call_center.cc_call_center_sk)
         Buffers: shared hit=1236598 read=412604
         ->  Nested Loop  (cost=2571.68..715918.44 rows=36 width=18) (actual time=970.509..12706.446 rows=3756 loops=1)
               Buffers: shared hit=1236596 read=412604
               ->  Nested Loop  (cost=2571.26..715863.88 rows=82 width=22) (actual time=970.475..12511.195 rows=6870 loops=1)
                     Buffers: shared hit=1213122 read=408598
                     ->  Nested Loop  (cost=2570.83..714805.30 rows=1478 width=26) (actual time=962.527..11421.590 rows=44484 loops=1)
                           Buffers: shared hit=1042792 read=404196
                           ->  Nested Loop  (cost=2570.54..712473.67 rows=8871 width=30) (actual time=962.261..11123.605 rows=248168 loops=1)
                                 Buffers: shared hit=1021213 read=404196
                                 ->  Hash Join  (cost=2570.11..706541.60 rows=8871 width=22) (actual time=962.219..5312.805 rows=253475 loops=1)
                                       Hash Cond: (catalog_returns.cr_returned_date_sk = date_dim.d_date_sk)
                                       Buffers: shared hit=28696 read=404041
                                       ->  Seq Scan on catalog_returns  (cost=0.00..647267.12 rows=21600412 width=26) (actual time=0.035..3508.890 rows=21598628 loops=1)
                                             Buffers: shared hit=27222 read=404041
                                       ->  Hash  (cost=2569.73..2569.73 rows=30 width=4) (actual time=20.373..20.374 rows=30 loops=1)
                                             Buckets: 1024  Batches: 1  Memory Usage: 10kB
                                             Buffers: shared hit=1474
                                             ->  Seq Scan on date_dim  (cost=0.00..2569.73 rows=30 width=4) (actual time=10.711..20.355 rows=30 loops=1)
                                                   Filter: ((d_year = 2000) AND (d_moy = 4))
                                                   Rows Removed by Filter: 73019
                                                   Buffers: shared hit=1474
                                 ->  Index Scan using customer_pkey on customer  (cost=0.43..0.67 rows=1 width=16) (actual time=0.022..0.022 rows=1 loops=253475)
                                       Index Cond: (c_customer_sk = catalog_returns.cr_returning_customer_sk)
                                       Buffers: shared hit=992517 read=155
                           ->  Memoize  (cost=0.29..0.31 rows=1 width=4) (actual time=0.001..0.001 rows=0 loops=248168)
                                 Cache Key: customer.c_current_hdemo_sk
                                 Cache Mode: logical
                                 Hits: 240974  Misses: 7194  Evictions: 0  Overflows: 0  Memory Usage: 520kB
                                 Buffers: shared hit=21579
                                 ->  Index Scan using household_demographics_pkey on household_demographics  (cost=0.28..0.30 rows=1 width=4) (actual time=0.015..0.015 rows=0 loops=7194)
                                       Index Cond: (hd_demo_sk = customer.c_current_hdemo_sk)
                                       Filter: (hd_buy_potential ~~ '>10000%'::text)
                                       Rows Removed by Filter: 1
                                       Buffers: shared hit=21579
                     ->  Index Scan using customer_demographics_pkey on customer_demographics  (cost=0.43..0.72 rows=1 width=4) (actual time=0.024..0.024 rows=0 loops=44484)
                           Index Cond: (cd_demo_sk = customer.c_current_cdemo_sk)
                           Filter: (((cd_marital_status = 'M'::bpchar) AND (cd_education_status = 'Unknown'::bpchar)) OR ((cd_marital_status = 'W'::bpchar) AND (cd_education_status = 'Advanced Degree'::bpchar)))
                           Rows Removed by Filter: 1
                           Buffers: shared hit=170330 read=4402
               ->  Index Scan using customer_address_pkey on customer_address  (cost=0.42..0.67 rows=1 width=4) (actual time=0.028..0.028 rows=1 loops=6870)
                     Index Cond: (ca_address_sk = customer.c_current_addr_sk)
                     Filter: (ca_gmt_offset = '-6'::numeric)
                     Rows Removed by Filter: 0
                     Buffers: shared hit=23474 read=4006
         ->  Hash  (cost=2.30..2.30 rows=30 width=48) (actual time=0.073..0.074 rows=30 loops=1)
               Buckets: 1024  Batches: 1  Memory Usage: 11kB
               Buffers: shared hit=2
               ->  Seq Scan on call_center  (cost=0.00..2.30 rows=30 width=48) (actual time=0.027..0.046 rows=30 loops=1)
                     Buffers: shared hit=2
 Planning:
   Buffers: shared hit=415
 Planning Time: 4.442 ms
 Execution Time: 12716.872 ms
(57 rows)

