                                                                                                  QUERY PLAN                                                                                                  
--------------------------------------------------------------------------------------------------------------------------------------------------------------------------------------------------------------
 Aggregate  (cost=715903.32..715903.33 rows=1 width=136) (actual time=12688.322..12688.328 rows=1 loops=1)
   Buffers: shared hit=1192893 read=430042
   ->  Nested Loop  (cost=2571.82..715903.18 rows=9 width=58) (actual time=1392.020..12687.239 rows=333 loops=1)
         Buffers: shared hit=1192893 read=430042
         ->  Nested Loop  (cost=2571.68..715901.79 rows=9 width=18) (actual time=1392.005..12682.268 rows=335 loops=1)
               Buffers: shared hit=1192227 read=430042
               ->  Nested Loop  (cost=2571.25..715788.62 rows=158 width=22) (actual time=1356.480..12574.882 rows=4421 loops=1)
                     Buffers: shared hit=1175315 read=429626
                     ->  Nested Loop  (cost=2570.83..714805.30 rows=1478 width=26) (actual time=1356.450..11471.013 rows=43772 loops=1)
                           Buffers: shared hit=1019898 read=409955
                           ->  Nested Loop  (cost=2570.54..712473.67 rows=8871 width=30) (actual time=1356.419..11187.725 rows=243882 loops=1)
                                 Buffers: shared hit=998310 read=409955
                                 ->  Hash Join  (cost=2570.11..706541.60 rows=8871 width=22) (actual time=1356.371..5453.914 rows=248731 loops=1)
                                       Hash Cond: (catalog_returns.cr_returned_date_sk = date_dim.d_date_sk)
                                       Buffers: shared hit=22903 read=409834
                                       ->  Seq Scan on catalog_returns  (cost=0.00..647267.12 rows=21600412 width=26) (actual time=0.259..3616.120 rows=21598628 loops=1)
                                             Buffers: shared hit=21429 read=409834
                                       ->  Hash  (cost=2569.73..2569.73 rows=30 width=4) (actual time=14.098..14.099 rows=30 loops=1)
                                             Buckets: 1024  Batches: 1  Memory Usage: 10kB
                                             Buffers: shared hit=1474
                                             ->  Seq Scan on date_dim  (cost=0.00..2569.73 rows=30 width=4) (actual time=7.458..14.088 rows=30 loops=1)
                                                   Filter: ((d_year = 2000) AND (d_moy = 9))
                                                   Rows Removed by Filter: 73019
                                                   Buffers: shared hit=1474
                                 ->  Index Scan using customer_pkey on customer  (cost=0.43..0.67 rows=1 width=16) (actual time=0.022..0.022 rows=1 loops=248731)
                                       Index Cond: (c_customer_sk = catalog_returns.cr_returning_customer_sk)
                                       Buffers: shared hit=975407 read=121
                           ->  Memoize  (cost=0.29..0.31 rows=1 width=4) (actual time=0.001..0.001 rows=0 loops=243882)
                                 Cache Key: customer.c_current_hdemo_sk
                                 Cache Mode: logical
                                 Hits: 236685  Misses: 7197  Evictions: 0  Overflows: 0  Memory Usage: 521kB
                                 Buffers: shared hit=21588
                                 ->  Index Scan using household_demographics_pkey on household_demographics  (cost=0.28..0.30 rows=1 width=4) (actual time=0.014..0.014 rows=0 loops=7197)
                                       Index Cond: (hd_demo_sk = customer.c_current_hdemo_sk)
                                       Filter: (hd_buy_potential ~~ '>10000%'::text)
                                       Rows Removed by Filter: 1
                                       Buffers: shared hit=21588
                     ->  Index Scan using customer_address_pkey on customer_address  (cost=0.42..0.67 rows=1 width=4) (actual time=0.025..0.025 rows=0 loops=43772)
                           Index Cond: (ca_address_sk = customer.c_current_addr_sk)
                           Filter: (ca_gmt_offset = '-7'::numeric)
                           Rows Removed by Filter: 1
                           Buffers: shared hit=155417 read=19671
               ->  Index Scan using customer_demographics_pkey on customer_demographics  (cost=0.43..0.72 rows=1 width=4) (actual time=0.024..0.024 rows=0 loops=4421)
                     Index Cond: (cd_demo_sk = customer.c_current_cdemo_sk)
                     Filter: (((cd_marital_status = 'M'::bpchar) AND (cd_education_status = 'Unknown'::bpchar)) OR ((cd_marital_status = 'W'::bpchar) AND (cd_education_status = 'Advanced Degree'::bpchar)))
                     Rows Removed by Filter: 1
                     Buffers: shared hit=16912 read=416
         ->  Index Scan using call_center_pkey on call_center  (cost=0.14..0.16 rows=1 width=48) (actual time=0.013..0.013 rows=1 loops=335)
               Index Cond: (cc_call_center_sk = catalog_returns.cr_call_center_sk)
               Buffers: shared hit=666
 Planning:
   Buffers: shared hit=415
 Planning Time: 2.433 ms
 Execution Time: 12688.801 ms
(54 rows)

