                                                                                                     QUERY PLAN                                                                                                     
--------------------------------------------------------------------------------------------------------------------------------------------------------------------------------------------------------------------
 Aggregate  (cost=715921.76..715921.77 rows=1 width=136) (actual time=15838.253..15838.260 rows=1 loops=1)
   Buffers: shared hit=1732387 read=411316
   ->  Hash Join  (cost=2574.36..715921.22 rows=36 width=58) (actual time=2452.768..15831.595 rows=3377 loops=1)
         Hash Cond: (catalog_returns.cr_call_center_sk = call_center.cc_call_center_sk)
         Buffers: shared hit=1732387 read=411316
         ->  Nested Loop  (cost=2571.68..715918.44 rows=36 width=18) (actual time=2452.611..15828.885 rows=3409 loops=1)
               Buffers: shared hit=1732385 read=411316
               ->  Nested Loop  (cost=2571.26..715863.88 rows=82 width=22) (actual time=2452.578..15720.844 rows=4050 loops=1)
                     Buffers: shared hit=1717738 read=409763
                     ->  Nested Loop  (cost=2570.83..714805.30 rows=1478 width=26) (actual time=2442.085..14472.456 rows=50228 loops=1)
                           Buffers: shared hit=1524960 read=405517
                           ->  Nested Loop  (cost=2570.54..712473.67 rows=8871 width=30) (actual time=2442.058..14090.065 rows=369035 loops=1)
                                 Buffers: shared hit=1503360 read=405517
                                 ->  Hash Join  (cost=2570.11..706541.60 rows=8871 width=22) (actual time=2442.007..5491.293 rows=376450 loops=1)
                                       Hash Cond: (catalog_returns.cr_returned_date_sk = date_dim.d_date_sk)
                                       Buffers: shared hit=27412 read=405325
                                       ->  Seq Scan on catalog_returns  (cost=0.00..647267.12 rows=21600412 width=26) (actual time=0.239..3591.873 rows=21598628 loops=1)
                                             Buffers: shared hit=26065 read=405198
                                       ->  Hash  (cost=2569.73..2569.73 rows=30 width=4) (actual time=19.298..19.299 rows=30 loops=1)
                                             Buckets: 1024  Batches: 1  Memory Usage: 10kB
                                             Buffers: shared hit=1347 read=127
                                             ->  Seq Scan on date_dim  (cost=0.00..2569.73 rows=30 width=4) (actual time=10.722..19.286 rows=30 loops=1)
                                                   Filter: ((d_year = 2002) AND (d_moy = 4))
                                                   Rows Removed by Filter: 73019
                                                   Buffers: shared hit=1347 read=127
                                 ->  Index Scan using customer_pkey on customer  (cost=0.43..0.67 rows=1 width=16) (actual time=0.022..0.022 rows=1 loops=376450)
                                       Index Cond: (c_customer_sk = catalog_returns.cr_returning_customer_sk)
                                       Buffers: shared hit=1475948 read=192
                           ->  Memoize  (cost=0.29..0.31 rows=1 width=4) (actual time=0.001..0.001 rows=0 loops=369035)
                                 Cache Key: customer.c_current_hdemo_sk
                                 Cache Mode: logical
                                 Hits: 361834  Misses: 7201  Evictions: 0  Overflows: 0  Memory Usage: 521kB
                                 Buffers: shared hit=21600
                                 ->  Index Scan using household_demographics_pkey on household_demographics  (cost=0.28..0.30 rows=1 width=4) (actual time=0.015..0.015 rows=0 loops=7201)
                                       Index Cond: (hd_demo_sk = customer.c_current_hdemo_sk)
                                       Filter: (hd_buy_potential ~~ '1001-5000%'::text)
                                       Rows Removed by Filter: 1
                                       Buffers: shared hit=21600
                     ->  Index Scan using customer_demographics_pkey on customer_demographics  (cost=0.43..0.72 rows=1 width=4) (actual time=0.024..0.024 rows=0 loops=50228)
                           Index Cond: (cd_demo_sk = customer.c_current_cdemo_sk)
                           Filter: (((cd_marital_status = 'M'::bpchar) AND (cd_education_status = 'Unknown'::bpchar)) OR ((cd_marital_status = 'W'::bpchar) AND (cd_education_status = 'Advanced Degree'::bpchar)))
                           Rows Removed by Filter: 1
                           Buffers: shared hit=192778 read=4246
               ->  Index Scan using customer_address_pkey on customer_address  (cost=0.42..0.67 rows=1 width=4) (actual time=0.026..0.026 rows=1 loops=4050)
                     Index Cond: (ca_address_sk = customer.c_current_addr_sk)
                     Filter: (ca_gmt_offset = '-6'::numeric)
                     Rows Removed by Filter: 0
                     Buffers: shared hit=14647 read=1553
         ->  Hash  (cost=2.30..2.30 rows=30 width=48) (actual time=0.122..0.123 rows=30 loops=1)
               Buckets: 1024  Batches: 1  Memory Usage: 11kB
               Buffers: shared hit=2
               ->  Seq Scan on call_center  (cost=0.00..2.30 rows=30 width=48) (actual time=0.048..0.084 rows=30 loops=1)
                     Buffers: shared hit=2
 Planning:
   Buffers: shared hit=415
 Planning Time: 6.378 ms
 Execution Time: 15839.282 ms
(57 rows)

