                                                                                                  QUERY PLAN                                                                                                  
--------------------------------------------------------------------------------------------------------------------------------------------------------------------------------------------------------------
 Aggregate  (cost=716146.24..716146.25 rows=1 width=136) (actual time=12811.540..12811.546 rows=1 loops=1)
   Buffers: shared hit=1248022 read=428921
   ->  Nested Loop  (cost=2571.83..716146.10 rows=9 width=58) (actual time=980.351..12809.633 rows=645 loops=1)
         Buffers: shared hit=1248022 read=428921
         ->  Nested Loop  (cost=2571.69..716144.71 rows=9 width=18) (actual time=980.338..12802.529 rows=650 loops=1)
               Buffers: shared hit=1246732 read=428921
               ->  Nested Loop  (cost=2571.27..716027.25 rows=164 width=22) (actual time=942.894..12675.672 rows=4565 loops=1)
                     Buffers: shared hit=1229188 read=428545
                     ->  Nested Loop  (cost=2570.84..715010.66 rows=1528 width=26) (actual time=940.297..11653.763 rows=41250 loops=1)
                           Buffers: shared hit=1077999 read=414734
                           ->  Nested Loop  (cost=2570.55..712671.62 rows=9167 width=30) (actual time=940.269..11362.646 rows=259602 loops=1)
                                 Buffers: shared hit=1056411 read=414734
                                 ->  Hash Join  (cost=2570.12..706541.62 rows=9167 width=22) (actual time=940.214..5240.791 rows=264842 loops=1)
                                       Hash Cond: (catalog_returns.cr_returned_date_sk = date_dim.d_date_sk)
                                       Buffers: shared hit=18102 read=414635
                                       ->  Seq Scan on catalog_returns  (cost=0.00..647267.12 rows=21600412 width=26) (actual time=0.036..3449.626 rows=21598628 loops=1)
                                             Buffers: shared hit=17091 read=414172
                                       ->  Hash  (cost=2569.73..2569.73 rows=31 width=4) (actual time=16.427..16.428 rows=31 loops=1)
                                             Buckets: 1024  Batches: 1  Memory Usage: 10kB
                                             Buffers: shared hit=1011 read=463
                                             ->  Seq Scan on date_dim  (cost=0.00..2569.73 rows=31 width=4) (actual time=10.147..16.414 rows=31 loops=1)
                                                   Filter: ((d_year = 2000) AND (d_moy = 3))
                                                   Rows Removed by Filter: 73018
                                                   Buffers: shared hit=1011 read=463
                                 ->  Index Scan using customer_pkey on customer  (cost=0.43..0.67 rows=1 width=16) (actual time=0.023..0.023 rows=1 loops=264842)
                                       Index Cond: (c_customer_sk = catalog_returns.cr_returning_customer_sk)
                                       Buffers: shared hit=1038309 read=99
                           ->  Memoize  (cost=0.29..0.31 rows=1 width=4) (actual time=0.001..0.001 rows=0 loops=259602)
                                 Cache Key: customer.c_current_hdemo_sk
                                 Cache Mode: logical
                                 Hits: 252405  Misses: 7197  Evictions: 0  Overflows: 0  Memory Usage: 521kB
                                 Buffers: shared hit=21588
                                 ->  Index Scan using household_demographics_pkey on household_demographics  (cost=0.28..0.30 rows=1 width=4) (actual time=0.013..0.013 rows=0 loops=7197)
                                       Index Cond: (hd_demo_sk = customer.c_current_hdemo_sk)
                                       Filter: (hd_buy_potential ~~ '5001-10000%'::text)
                                       Rows Removed by Filter: 1
                                       Buffers: shared hit=21588
                     ->  Index Scan using customer_address_pkey on customer_address  (cost=0.42..0.67 rows=1 width=4) (actual time=0.024..0.024 rows=0 loops=41250)
                           Index Cond: (ca_address_sk = customer.c_current_addr_sk)
                           Filter: (ca_gmt_offset = '-7'::numeric)
                           Rows Removed by Filter: 1
                           Buffers: shared hit=151189 read=13811
               ->  Index Scan using customer_demographics_pkey on customer_demographics  (cost=0.43..0.72 rows=1 width=4) (actual time=0.027..0.027 rows=0 loops=4565)
                     Index Cond: (cd_demo_sk = customer.c_current_cdemo_sk)
                     Filter: (((cd_marital_status = 'M'::bpchar) AND (cd_education_status = 'Unknown'::bpchar)) OR ((cd_marital_status = 'W'::bpchar) AND (cd_education_status = 'Advanced Degree'::bpchar)))
                     Rows Removed by Filter: 1
                     Buffers: shared hit=17544 read=376
         ->  Index Scan using call_center_pkey on call_center  (cost=0.14..0.16 rows=1 width=48) (actual time=0.010..0.010 rows=1 loops=650)
               Index Cond: (cc_call_center_sk = catalog_returns.cr_call_center_sk)
               Buffers: shared hit=1290
 Planning:
   Buffers: shared hit=384 read=31
 Planning Time: 2.633 ms
 Execution Time: 12812.075 ms
(54 rows)

