                                                                                                     QUERY PLAN                                                                                                     
--------------------------------------------------------------------------------------------------------------------------------------------------------------------------------------------------------------------
 Aggregate  (cost=715921.76..715921.77 rows=1 width=136) (actual time=11203.438..11203.445 rows=1 loops=1)
   Buffers: shared hit=996570 read=409208
   ->  Hash Join  (cost=2574.36..715921.22 rows=36 width=58) (actual time=662.276..11198.153 rows=2807 loops=1)
         Hash Cond: (catalog_returns.cr_call_center_sk = call_center.cc_call_center_sk)
         Buffers: shared hit=996570 read=409208
         ->  Nested Loop  (cost=2571.68..715918.44 rows=36 width=18) (actual time=662.128..11195.947 rows=2836 loops=1)
               Buffers: shared hit=996568 read=409208
               ->  Nested Loop  (cost=2571.26..715863.88 rows=82 width=22) (actual time=662.094..11030.189 rows=5183 loops=1)
                     Buffers: shared hit=980109 read=404935
                     ->  Nested Loop  (cost=2570.83..714805.30 rows=1478 width=26) (actual time=661.870..10160.823 rows=35391 loops=1)
                           Buffers: shared hit=844502 read=401438
                           ->  Nested Loop  (cost=2570.54..712473.67 rows=8871 width=30) (actual time=653.260..9910.482 rows=197906 loops=1)
                                 Buffers: shared hit=822923 read=401438
                                 ->  Hash Join  (cost=2570.11..706541.60 rows=8871 width=22) (actual time=653.207..5331.135 rows=201935 loops=1)
                                       Hash Cond: (catalog_returns.cr_returned_date_sk = date_dim.d_date_sk)
                                       Buffers: shared hit=31473 read=401264
                                       ->  Seq Scan on catalog_returns  (cost=0.00..647267.12 rows=21600412 width=26) (actual time=0.055..3513.959 rows=21598628 loops=1)
                                             Buffers: shared hit=29999 read=401264
                                       ->  Hash  (cost=2569.73..2569.73 rows=30 width=4) (actual time=21.115..21.116 rows=30 loops=1)
                                             Buckets: 1024  Batches: 1  Memory Usage: 10kB
                                             Buffers: shared hit=1474
                                             ->  Seq Scan on date_dim  (cost=0.00..2569.73 rows=30 width=4) (actual time=12.938..21.090 rows=30 loops=1)
                                                   Filter: ((d_year = 1999) AND (d_moy = 9))
                                                   Rows Removed by Filter: 73019
                                                   Buffers: shared hit=1474
                                 ->  Index Scan using customer_pkey on customer  (cost=0.43..0.67 rows=1 width=16) (actual time=0.022..0.022 rows=1 loops=201935)
                                       Index Cond: (c_customer_sk = catalog_returns.cr_returning_customer_sk)
                                       Buffers: shared hit=791450 read=174
                           ->  Memoize  (cost=0.29..0.31 rows=1 width=4) (actual time=0.001..0.001 rows=0 loops=197906)
                                 Cache Key: customer.c_current_hdemo_sk
                                 Cache Mode: logical
                                 Hits: 190712  Misses: 7194  Evictions: 0  Overflows: 0  Memory Usage: 520kB
                                 Buffers: shared hit=21579
                                 ->  Index Scan using household_demographics_pkey on household_demographics  (cost=0.28..0.30 rows=1 width=4) (actual time=0.014..0.014 rows=0 loops=7194)
                                       Index Cond: (hd_demo_sk = customer.c_current_hdemo_sk)
                                       Filter: (hd_buy_potential ~~ '>10000%'::text)
                                       Rows Removed by Filter: 1
                                       Buffers: shared hit=21579
                     ->  Index Scan using customer_demographics_pkey on customer_demographics  (cost=0.43..0.72 rows=1 width=4) (actual time=0.024..0.024 rows=0 loops=35391)
                           Index Cond: (cd_demo_sk = customer.c_current_cdemo_sk)
                           Filter: (((cd_marital_status = 'M'::bpchar) AND (cd_education_status = 'Unknown'::bpchar)) OR ((cd_marital_status = 'W'::bpchar) AND (cd_education_status = 'Advanced Degree'::bpchar)))
                           Rows Removed by Filter: 1
                           Buffers: shared hit=135607 read=3497
               ->  Index Scan using customer_address_pkey on customer_address  (cost=0.42..0.67 rows=1 width=4) (actual time=0.031..0.031 rows=1 loops=5183)
                     Index Cond: (ca_address_sk = customer.c_current_addr_sk)
                     Filter: (ca_gmt_offset = '-6'::numeric)
                     Rows Removed by Filter: 0
                     Buffers: shared hit=16459 read=4273
         ->  Hash  (cost=2.30..2.30 rows=30 width=48) (actual time=0.115..0.116 rows=30 loops=1)
               Buckets: 1024  Batches: 1  Memory Usage: 11kB
               Buffers: shared hit=2
               ->  Seq Scan on call_center  (cost=0.00..2.30 rows=30 width=48) (actual time=0.047..0.080 rows=30 loops=1)
                     Buffers: shared hit=2
 Planning:
   Buffers: shared hit=415
 Planning Time: 6.248 ms
 Execution Time: 11204.423 ms
(57 rows)

