                                                                                                     QUERY PLAN                                                                                                     
--------------------------------------------------------------------------------------------------------------------------------------------------------------------------------------------------------------------
 Aggregate  (cost=715921.76..715921.77 rows=1 width=136) (actual time=14234.922..14234.928 rows=1 loops=1)
   Buffers: shared hit=1493076 read=413299
   ->  Hash Join  (cost=2574.36..715921.22 rows=36 width=58) (actual time=2513.702..14229.087 rows=2848 loops=1)
         Hash Cond: (catalog_returns.cr_call_center_sk = call_center.cc_call_center_sk)
         Buffers: shared hit=1493076 read=413299
         ->  Nested Loop  (cost=2571.68..715918.44 rows=36 width=18) (actual time=2513.612..14226.801 rows=2878 loops=1)
               Buffers: shared hit=1493074 read=413299
               ->  Nested Loop  (cost=2571.26..715863.88 rows=82 width=22) (actual time=2513.591..14134.784 rows=3479 loops=1)
                     Buffers: shared hit=1480192 read=412265
                     ->  Nested Loop  (cost=2570.83..714805.30 rows=1478 width=26) (actual time=2508.157..13068.284 rows=43420 loops=1)
                           Buffers: shared hit=1316313 read=405708
                           ->  Nested Loop  (cost=2570.54..712473.67 rows=8871 width=30) (actual time=2503.670..12730.430 rows=316921 loops=1)
                                 Buffers: shared hit=1294713 read=405708
                                 ->  Hash Join  (cost=2570.11..706541.60 rows=8871 width=22) (actual time=2503.632..5384.507 rows=323430 loops=1)
                                       Hash Cond: (catalog_returns.cr_returned_date_sk = date_dim.d_date_sk)
                                       Buffers: shared hit=27261 read=405476
                                       ->  Seq Scan on catalog_returns  (cost=0.00..647267.12 rows=21600412 width=26) (actual time=0.039..3546.648 rows=21598628 loops=1)
                                             Buffers: shared hit=26892 read=404371
                                       ->  Hash  (cost=2569.73..2569.73 rows=30 width=4) (actual time=23.919..23.919 rows=30 loops=1)
                                             Buckets: 1024  Batches: 1  Memory Usage: 10kB
                                             Buffers: shared hit=369 read=1105
                                             ->  Seq Scan on date_dim  (cost=0.00..2569.73 rows=30 width=4) (actual time=12.761..23.896 rows=30 loops=1)
                                                   Filter: ((d_year = 2002) AND (d_moy = 6))
                                                   Rows Removed by Filter: 73019
                                                   Buffers: shared hit=369 read=1105
                                 ->  Index Scan using customer_pkey on customer  (cost=0.43..0.67 rows=1 width=16) (actual time=0.022..0.022 rows=1 loops=323430)
                                       Index Cond: (c_customer_sk = catalog_returns.cr_returning_customer_sk)
                                       Buffers: shared hit=1267452 read=232
                           ->  Memoize  (cost=0.29..0.31 rows=1 width=4) (actual time=0.001..0.001 rows=0 loops=316921)
                                 Cache Key: customer.c_current_hdemo_sk
                                 Cache Mode: logical
                                 Hits: 309720  Misses: 7201  Evictions: 0  Overflows: 0  Memory Usage: 521kB
                                 Buffers: shared hit=21600
                                 ->  Index Scan using household_demographics_pkey on household_demographics  (cost=0.28..0.30 rows=1 width=4) (actual time=0.014..0.014 rows=0 loops=7201)
                                       Index Cond: (hd_demo_sk = customer.c_current_hdemo_sk)
                                       Filter: (hd_buy_potential ~~ '1001-5000%'::text)
                                       Rows Removed by Filter: 1
                                       Buffers: shared hit=21600
                     ->  Index Scan using customer_demographics_pkey on customer_demographics  (cost=0.43..0.72 rows=1 width=4) (actual time=0.024..0.024 rows=0 loops=43420)
                           Index Cond: (cd_demo_sk = customer.c_current_cdemo_sk)
                           Filter: (((cd_marital_status = 'M'::bpchar) AND (cd_education_status = 'Unknown'::bpchar)) OR ((cd_marital_status = 'W'::bpchar) AND (cd_education_status = 'Advanced Degree'::bpchar)))
                           Rows Removed by Filter: 1
                           Buffers: shared hit=163879 read=6557
               ->  Index Scan using customer_address_pkey on customer_address  (cost=0.42..0.67 rows=1 width=4) (actual time=0.026..0.026 rows=1 loops=3479)
                     Index Cond: (ca_address_sk = customer.c_current_addr_sk)
                     Filter: (ca_gmt_offset = '-6'::numeric)
                     Rows Removed by Filter: 0
                     Buffers: shared hit=12882 read=1034
         ->  Hash  (cost=2.30..2.30 rows=30 width=48) (actual time=0.065..0.065 rows=30 loops=1)
               Buckets: 1024  Batches: 1  Memory Usage: 11kB
               Buffers: shared hit=2
               ->  Seq Scan on call_center  (cost=0.00..2.30 rows=30 width=48) (actual time=0.027..0.046 rows=30 loops=1)
                     Buffers: shared hit=2
 Planning:
   Buffers: shared hit=384 read=31
 Planning Time: 4.473 ms
 Execution Time: 14235.690 ms
(57 rows)

