                                                                                                  QUERY PLAN                                                                                                  
--------------------------------------------------------------------------------------------------------------------------------------------------------------------------------------------------------------
 Aggregate  (cost=715903.32..715903.33 rows=1 width=136) (actual time=7154.927..7154.933 rows=1 loops=1)
   Buffers: shared hit=409924 read=409754
   ->  Nested Loop  (cost=2571.82..715903.18 rows=9 width=58) (actual time=7154.923..7154.929 rows=0 loops=1)
         Buffers: shared hit=409924 read=409754
         ->  Nested Loop  (cost=2571.68..715901.79 rows=9 width=18) (actual time=7154.923..7154.928 rows=0 loops=1)
               Buffers: shared hit=409924 read=409754
               ->  Nested Loop  (cost=2571.25..715788.62 rows=158 width=22) (actual time=22.061..7123.532 rows=1183 loops=1)
                     Buffers: shared hit=405440 read=409586
                     ->  Nested Loop  (cost=2570.83..714805.30 rows=1478 width=26) (actual time=20.500..6864.350 rows=10899 loops=1)
                           Buffers: shared hit=364920 read=406510
                           ->  Nested Loop  (cost=2570.54..712473.67 rows=8871 width=30) (actual time=19.750..6704.834 rows=79319 loops=1)
                                 Buffers: shared hit=343503 read=406510
                                 ->  Hash Join  (cost=2570.11..706541.60 rows=8871 width=22) (actual time=19.691..4913.727 rows=80947 loops=1)
                                       Hash Cond: (catalog_returns.cr_returned_date_sk = date_dim.d_date_sk)
                                       Buffers: shared hit=26273 read=406464
                                       ->  Seq Scan on catalog_returns  (cost=0.00..647267.12 rows=21600412 width=26) (actual time=0.035..3296.736 rows=21598628 loops=1)
                                             Buffers: shared hit=24799 read=406464
                                       ->  Hash  (cost=2569.73..2569.73 rows=30 width=4) (actual time=19.619..19.620 rows=30 loops=1)
                                             Buckets: 1024  Batches: 1  Memory Usage: 10kB
                                             Buffers: shared hit=1474
                                             ->  Seq Scan on date_dim  (cost=0.00..2569.73 rows=30 width=4) (actual time=9.697..19.606 rows=30 loops=1)
                                                   Filter: ((d_year = 1998) AND (d_moy = 4))
                                                   Rows Removed by Filter: 73019
                                                   Buffers: shared hit=1474
                                 ->  Index Scan using customer_pkey on customer  (cost=0.43..0.67 rows=1 width=16) (actual time=0.022..0.022 rows=1 loops=80947)
                                       Index Cond: (c_customer_sk = catalog_returns.cr_returning_customer_sk)
                                       Buffers: shared hit=317230 read=46
                           ->  Memoize  (cost=0.29..0.31 rows=1 width=4) (actual time=0.002..0.002 rows=0 loops=79319)
                                 Cache Key: customer.c_current_hdemo_sk
                                 Cache Mode: logical
                                 Hits: 72179  Misses: 7140  Evictions: 0  Overflows: 0  Memory Usage: 517kB
                                 Buffers: shared hit=21417
                                 ->  Index Scan using household_demographics_pkey on household_demographics  (cost=0.28..0.30 rows=1 width=4) (actual time=0.014..0.014 rows=0 loops=7140)
                                       Index Cond: (hd_demo_sk = customer.c_current_hdemo_sk)
                                       Filter: (hd_buy_potential ~~ '1001-5000%'::text)
                                       Rows Removed by Filter: 1
                                       Buffers: shared hit=21417
                     ->  Index Scan using customer_address_pkey on customer_address  (cost=0.42..0.67 rows=1 width=4) (actual time=0.023..0.023 rows=0 loops=10899)
                           Index Cond: (ca_address_sk = customer.c_current_addr_sk)
                           Filter: (ca_gmt_offset = '-7'::numeric)
                           Rows Removed by Filter: 1
                           Buffers: shared hit=40520 read=3076
               ->  Index Scan using customer_demographics_pkey on customer_demographics  (cost=0.43..0.72 rows=1 width=4) (actual time=0.026..0.026 rows=0 loops=1183)
                     Index Cond: (cd_demo_sk = customer.c_current_cdemo_sk)
                     Filter: (((cd_marital_status = 'M'::bpchar) AND (cd_education_status = 'Unknown'::bpchar)) OR ((cd_marital_status = 'W'::bpchar) AND (cd_education_status = 'Advanced Degree'::bpchar)))
                     Rows Removed by Filter: 1
                     Buffers: shared hit=4484 read=168
         ->  Index Scan using call_center_pkey on call_center  (cost=0.14..0.16 rows=1 width=48) (never executed)
               Index Cond: (cc_call_center_sk = catalog_returns.cr_call_center_sk)
 Planning:
   Buffers: shared hit=415
 Planning Time: 4.158 ms
 Execution Time: 7155.628 ms
(53 rows)

