                                                                                                     QUERY PLAN                                                                                                     
--------------------------------------------------------------------------------------------------------------------------------------------------------------------------------------------------------------------
 Aggregate  (cost=716164.96..716164.97 rows=1 width=136) (actual time=14992.533..14992.541 rows=1 loops=1)
   Buffers: shared hit=1591066 read=421106
   ->  Hash Join  (cost=2574.37..716164.39 rows=38 width=58) (actual time=1641.676..14984.052 rows=4649 loops=1)
         Hash Cond: (catalog_returns.cr_call_center_sk = call_center.cc_call_center_sk)
         Buffers: shared hit=1591066 read=421106
         ->  Nested Loop  (cost=2571.69..716161.60 rows=38 width=18) (actual time=1641.596..14980.755 rows=4690 loops=1)
               Buffers: shared hit=1591064 read=421106
               ->  Nested Loop  (cost=2571.27..716105.05 rows=85 width=22) (actual time=1641.558..14804.973 rows=6007 loops=1)
                     Buffers: shared hit=1569124 read=419018
                     ->  Nested Loop  (cost=2570.84..715010.66 rows=1528 width=26) (actual time=1631.693..13419.274 rows=55806 loops=1)
                           Buffers: shared hit=1356648 read=412070
                           ->  Nested Loop  (cost=2570.55..712671.62 rows=9167 width=30) (actual time=1631.667..13066.193 rows=328596 loops=1)
                                 Buffers: shared hit=1335051 read=412070
                                 ->  Hash Join  (cost=2570.12..706541.62 rows=9167 width=22) (actual time=1631.622..5470.913 rows=335231 loops=1)
                                       Hash Cond: (catalog_returns.cr_returned_date_sk = date_dim.d_date_sk)
                                       Buffers: shared hit=20866 read=411871
                                       ->  Seq Scan on catalog_returns  (cost=0.00..647267.12 rows=21600412 width=26) (actual time=0.022..3612.239 rows=21598628 loops=1)
                                             Buffers: shared hit=19392 read=411871
                                       ->  Hash  (cost=2569.73..2569.73 rows=31 width=4) (actual time=19.505..19.506 rows=31 loops=1)
                                             Buckets: 1024  Batches: 1  Memory Usage: 10kB
                                             Buffers: shared hit=1474
                                             ->  Seq Scan on date_dim  (cost=0.00..2569.73 rows=31 width=4) (actual time=9.738..19.491 rows=31 loops=1)
                                                   Filter: ((d_year = 2001) AND (d_moy = 3))
                                                   Rows Removed by Filter: 73018
                                                   Buffers: shared hit=1474
                                 ->  Index Scan using customer_pkey on customer  (cost=0.43..0.67 rows=1 width=16) (actual time=0.022..0.022 rows=1 loops=335231)
                                       Index Cond: (c_customer_sk = catalog_returns.cr_returning_customer_sk)
                                       Buffers: shared hit=1314185 read=199
                           ->  Memoize  (cost=0.29..0.31 rows=1 width=4) (actual time=0.001..0.001 rows=0 loops=328596)
                                 Cache Key: customer.c_current_hdemo_sk
                                 Cache Mode: logical
                                 Hits: 321396  Misses: 7200  Evictions: 0  Overflows: 0  Memory Usage: 521kB
                                 Buffers: shared hit=21597
                                 ->  Index Scan using household_demographics_pkey on household_demographics  (cost=0.28..0.30 rows=1 width=4) (actual time=0.014..0.014 rows=0 loops=7200)
                                       Index Cond: (hd_demo_sk = customer.c_current_hdemo_sk)
                                       Filter: (hd_buy_potential ~~ 'Unknown%'::text)
                                       Rows Removed by Filter: 1
                                       Buffers: shared hit=21597
                     ->  Index Scan using customer_demographics_pkey on customer_demographics  (cost=0.43..0.72 rows=1 width=4) (actual time=0.024..0.024 rows=0 loops=55806)
                           Index Cond: (cd_demo_sk = customer.c_current_cdemo_sk)
                           Filter: (((cd_marital_status = 'M'::bpchar) AND (cd_education_status = 'Unknown'::bpchar)) OR ((cd_marital_status = 'W'::bpchar) AND (cd_education_status = 'Advanced Degree'::bpchar)))
                           Rows Removed by Filter: 1
                           Buffers: shared hit=212476 read=6948
               ->  Index Scan using customer_address_pkey on customer_address  (cost=0.42..0.67 rows=1 width=4) (actual time=0.028..0.028 rows=1 loops=6007)
                     Index Cond: (ca_address_sk = customer.c_current_addr_sk)
                     Filter: (ca_gmt_offset = '-6'::numeric)
                     Rows Removed by Filter: 0
                     Buffers: shared hit=21940 read=2088
         ->  Hash  (cost=2.30..2.30 rows=30 width=48) (actual time=0.058..0.059 rows=30 loops=1)
               Buckets: 1024  Batches: 1  Memory Usage: 11kB
               Buffers: shared hit=2
               ->  Seq Scan on call_center  (cost=0.00..2.30 rows=30 width=48) (actual time=0.023..0.038 rows=30 loops=1)
                     Buffers: shared hit=2
 Planning:
   Buffers: shared hit=415
 Planning Time: 4.327 ms
 Execution Time: 14993.278 ms
(57 rows)

