                                                                                                     QUERY PLAN                                                                                                     
--------------------------------------------------------------------------------------------------------------------------------------------------------------------------------------------------------------------
 Aggregate  (cost=716164.96..716164.97 rows=1 width=136) (actual time=13215.341..13215.348 rows=1 loops=1)
   Buffers: shared hit=1317945 read=408232
   ->  Hash Join  (cost=2574.37..716164.39 rows=38 width=58) (actual time=2134.283..13210.270 rows=2448 loops=1)
         Hash Cond: (catalog_returns.cr_call_center_sk = call_center.cc_call_center_sk)
         Buffers: shared hit=1317945 read=408232
         ->  Nested Loop  (cost=2571.69..716161.60 rows=38 width=18) (actual time=2134.206..13208.278 rows=2475 loops=1)
               Buffers: shared hit=1317943 read=408232
               ->  Nested Loop  (cost=2571.27..716105.05 rows=85 width=22) (actual time=2093.101..13123.264 rows=2949 loops=1)
                     Buffers: shared hit=1307566 read=406813
                     ->  Nested Loop  (cost=2570.84..715010.66 rows=1528 width=26) (actual time=2076.607..12190.226 rows=37884 loops=1)
                           Buffers: shared hit=1162986 read=402437
                           ->  Nested Loop  (cost=2570.55..712671.62 rows=9167 width=30) (actual time=2072.689..11865.262 rows=277773 loops=1)
                                 Buffers: shared hit=1141392 read=402437
                                 ->  Hash Join  (cost=2570.12..706541.62 rows=9167 width=22) (actual time=2072.644..5327.888 rows=283537 loops=1)
                                       Hash Cond: (catalog_returns.cr_returned_date_sk = date_dim.d_date_sk)
                                       Buffers: shared hit=30525 read=402212
                                       ->  Seq Scan on catalog_returns  (cost=0.00..647267.12 rows=21600412 width=26) (actual time=0.021..3505.364 rows=21598628 loops=1)
                                             Buffers: shared hit=29051 read=402212
                                       ->  Hash  (cost=2569.73..2569.73 rows=31 width=4) (actual time=18.753..18.754 rows=31 loops=1)
                                             Buckets: 1024  Batches: 1  Memory Usage: 10kB
                                             Buffers: shared hit=1474
                                             ->  Seq Scan on date_dim  (cost=0.00..2569.73 rows=31 width=4) (actual time=9.524..18.739 rows=31 loops=1)
                                                   Filter: ((d_year = 2001) AND (d_moy = 10))
                                                   Rows Removed by Filter: 73018
                                                   Buffers: shared hit=1474
                                 ->  Index Scan using customer_pkey on customer  (cost=0.43..0.67 rows=1 width=16) (actual time=0.022..0.022 rows=1 loops=283537)
                                       Index Cond: (c_customer_sk = catalog_returns.cr_returning_customer_sk)
                                       Buffers: shared hit=1110867 read=225
                           ->  Memoize  (cost=0.29..0.31 rows=1 width=4) (actual time=0.001..0.001 rows=0 loops=277773)
                                 Cache Key: customer.c_current_hdemo_sk
                                 Cache Mode: logical
                                 Hits: 270574  Misses: 7199  Evictions: 0  Overflows: 0  Memory Usage: 521kB
                                 Buffers: shared hit=21594
                                 ->  Index Scan using household_demographics_pkey on household_demographics  (cost=0.28..0.30 rows=1 width=4) (actual time=0.016..0.016 rows=0 loops=7199)
                                       Index Cond: (hd_demo_sk = customer.c_current_hdemo_sk)
                                       Filter: (hd_buy_potential ~~ '1001-5000%'::text)
                                       Rows Removed by Filter: 1
                                       Buffers: shared hit=21594
                     ->  Index Scan using customer_demographics_pkey on customer_demographics  (cost=0.43..0.72 rows=1 width=4) (actual time=0.024..0.024 rows=0 loops=37884)
                           Index Cond: (cd_demo_sk = customer.c_current_cdemo_sk)
                           Filter: (((cd_marital_status = 'M'::bpchar) AND (cd_education_status = 'Unknown'::bpchar)) OR ((cd_marital_status = 'W'::bpchar) AND (cd_education_status = 'Advanced Degree'::bpchar)))
                           Rows Removed by Filter: 1
                           Buffers: shared hit=144580 read=4376
               ->  Index Scan using customer_address_pkey on customer_address  (cost=0.42..0.67 rows=1 width=4) (actual time=0.028..0.028 rows=1 loops=2949)
                     Index Cond: (ca_address_sk = customer.c_current_addr_sk)
                     Filter: (ca_gmt_offset = '-6'::numeric)
                     Rows Removed by Filter: 0
                     Buffers: shared hit=10377 read=1419
         ->  Hash  (cost=2.30..2.30 rows=30 width=48) (actual time=0.056..0.056 rows=30 loops=1)
               Buckets: 1024  Batches: 1  Memory Usage: 11kB
               Buffers: shared hit=2
               ->  Seq Scan on call_center  (cost=0.00..2.30 rows=30 width=48) (actual time=0.022..0.037 rows=30 loops=1)
                     Buffers: shared hit=2
 Planning:
   Buffers: shared hit=415
 Planning Time: 4.055 ms
 Execution Time: 13215.980 ms
(57 rows)

