                                                                                                     QUERY PLAN                                                                                                     
--------------------------------------------------------------------------------------------------------------------------------------------------------------------------------------------------------------------
 Aggregate  (cost=715679.29..715679.30 rows=1 width=136) (actual time=12311.668..12311.675 rows=1 loops=1)
   Buffers: shared hit=1188044 read=406517
   ->  Hash Join  (cost=2574.34..715678.77 rows=35 width=58) (actual time=12311.663..12311.670 rows=0 loops=1)
         Hash Cond: (catalog_returns.cr_call_center_sk = call_center.cc_call_center_sk)
         Buffers: shared hit=1188044 read=406517
         ->  Nested Loop  (cost=2571.67..715675.99 rows=35 width=18) (actual time=12311.498..12311.503 rows=0 loops=1)
               Buffers: shared hit=1188042 read=406517
               ->  Nested Loop  (cost=2571.24..715623.43 rows=79 width=22) (actual time=1397.880..12283.259 rows=977 loops=1)
                     Buffers: shared hit=1184757 read=405894
                     ->  Nested Loop  (cost=2570.82..714599.95 rows=1429 width=26) (actual time=1373.109..11274.959 rows=40737 loops=1)
                           Buffers: shared hit=1029348 read=401235
                           ->  Nested Loop  (cost=2570.52..712275.72 rows=8575 width=30) (actual time=1371.900..10984.149 rows=244063 loops=1)
                                 Buffers: shared hit=1007754 read=401235
                                 ->  Hash Join  (cost=2570.10..706541.59 rows=8575 width=22) (actual time=1371.852..5243.304 rows=249074 loops=1)
                                       Hash Cond: (catalog_returns.cr_returned_date_sk = date_dim.d_date_sk)
                                       Buffers: shared hit=31692 read=401045
                                       ->  Seq Scan on catalog_returns  (cost=0.00..647267.12 rows=21600412 width=26) (actual time=0.039..3453.288 rows=21598628 loops=1)
                                             Buffers: shared hit=30218 read=401045
                                       ->  Hash  (cost=2569.73..2569.73 rows=29 width=4) (actual time=20.124..20.126 rows=30 loops=1)
                                             Buckets: 1024  Batches: 1  Memory Usage: 10kB
                                             Buffers: shared hit=1474
                                             ->  Seq Scan on date_dim  (cost=0.00..2569.73 rows=29 width=4) (actual time=10.790..20.104 rows=30 loops=1)
                                                   Filter: ((d_year = 2000) AND (d_moy = 11))
                                                   Rows Removed by Filter: 73019
                                                   Buffers: shared hit=1474
                                 ->  Index Scan using customer_pkey on customer  (cost=0.43..0.67 rows=1 width=16) (actual time=0.022..0.022 rows=1 loops=249074)
                                       Index Cond: (c_customer_sk = catalog_returns.cr_returning_customer_sk)
                                       Buffers: shared hit=976062 read=190
                           ->  Memoize  (cost=0.29..0.31 rows=1 width=4) (actual time=0.001..0.001 rows=0 loops=244063)
                                 Cache Key: customer.c_current_hdemo_sk
                                 Cache Mode: logical
                                 Hits: 236864  Misses: 7199  Evictions: 0  Overflows: 0  Memory Usage: 521kB
                                 Buffers: shared hit=21594
                                 ->  Index Scan using household_demographics_pkey on household_demographics  (cost=0.28..0.30 rows=1 width=4) (actual time=0.015..0.015 rows=0 loops=7199)
                                       Index Cond: (hd_demo_sk = customer.c_current_hdemo_sk)
                                       Filter: (hd_buy_potential ~~ '501-1000%'::text)
                                       Rows Removed by Filter: 1
                                       Buffers: shared hit=21594
                     ->  Index Scan using customer_demographics_pkey on customer_demographics  (cost=0.43..0.72 rows=1 width=4) (actual time=0.024..0.024 rows=0 loops=40737)
                           Index Cond: (cd_demo_sk = customer.c_current_cdemo_sk)
                           Filter: (((cd_marital_status = 'M'::bpchar) AND (cd_education_status = 'Unknown'::bpchar)) OR ((cd_marital_status = 'W'::bpchar) AND (cd_education_status = 'Advanced Degree'::bpchar)))
                           Rows Removed by Filter: 1
                           Buffers: shared hit=155409 read=4659
               ->  Index Scan using customer_address_pkey on customer_address  (cost=0.42..0.67 rows=1 width=4) (actual time=0.028..0.028 rows=0 loops=977)
                     Index Cond: (ca_address_sk = customer.c_current_addr_sk)
                     Filter: (ca_gmt_offset = '-6'::numeric)
                     Rows Removed by Filter: 1
                     Buffers: shared hit=3285 read=623
         ->  Hash  (cost=2.30..2.30 rows=30 width=48) (actual time=0.133..0.133 rows=30 loops=1)
               Buckets: 1024  Batches: 1  Memory Usage: 11kB
               Buffers: shared hit=2
               ->  Seq Scan on call_center  (cost=0.00..2.30 rows=30 width=48) (actual time=0.042..0.079 rows=30 loops=1)
                     Buffers: shared hit=2
 Planning:
   Buffers: shared hit=415
 Planning Time: 5.815 ms
 Execution Time: 12312.695 ms
(57 rows)

