                                                                                                  QUERY PLAN                                                                                                  
--------------------------------------------------------------------------------------------------------------------------------------------------------------------------------------------------------------
 Aggregate  (cost=716146.24..716146.25 rows=1 width=136) (actual time=13712.991..13712.998 rows=1 loops=1)
   Buffers: shared hit=1345875 read=439138
   ->  Nested Loop  (cost=2571.83..716146.10 rows=9 width=58) (actual time=2206.998..13711.546 rows=453 loops=1)
         Buffers: shared hit=1345875 read=439138
         ->  Nested Loop  (cost=2571.69..716144.71 rows=9 width=18) (actual time=2206.979..13706.178 rows=457 loops=1)
               Buffers: shared hit=1344969 read=439138
               ->  Nested Loop  (cost=2571.27..716027.25 rows=164 width=22) (actual time=2133.163..13521.144 rows=7101 loops=1)
                     Buffers: shared hit=1317979 read=438248
                     ->  Nested Loop  (cost=2570.84..715010.66 rows=1528 width=26) (actual time=2131.260..12251.302 rows=47701 loops=1)
                           Buffers: shared hit=1148996 read=416427
                           ->  Nested Loop  (cost=2570.55..712671.62 rows=9167 width=30) (actual time=2130.114..11939.040 rows=277773 loops=1)
                                 Buffers: shared hit=1127402 read=416427
                                 ->  Hash Join  (cost=2570.12..706541.62 rows=9167 width=22) (actual time=2130.070..5380.475 rows=283537 loops=1)
                                       Hash Cond: (catalog_returns.cr_returned_date_sk = date_dim.d_date_sk)
                                       Buffers: shared hit=16426 read=416311
                                       ->  Seq Scan on catalog_returns  (cost=0.00..647267.12 rows=21600412 width=26) (actual time=0.037..3579.276 rows=21598628 loops=1)
                                             Buffers: shared hit=14952 read=416311
                                       ->  Hash  (cost=2569.73..2569.73 rows=31 width=4) (actual time=20.126..20.127 rows=31 loops=1)
                                             Buckets: 1024  Batches: 1  Memory Usage: 10kB
                                             Buffers: shared hit=1474
                                             ->  Seq Scan on date_dim  (cost=0.00..2569.73 rows=31 width=4) (actual time=10.554..20.111 rows=31 loops=1)
                                                   Filter: ((d_year = 2001) AND (d_moy = 10))
                                                   Rows Removed by Filter: 73018
                                                   Buffers: shared hit=1474
                                 ->  Index Scan using customer_pkey on customer  (cost=0.43..0.67 rows=1 width=16) (actual time=0.023..0.023 rows=1 loops=283537)
                                       Index Cond: (c_customer_sk = catalog_returns.cr_returning_customer_sk)
                                       Buffers: shared hit=1110976 read=116
                           ->  Memoize  (cost=0.29..0.31 rows=1 width=4) (actual time=0.001..0.001 rows=0 loops=277773)
                                 Cache Key: customer.c_current_hdemo_sk
                                 Cache Mode: logical
                                 Hits: 270574  Misses: 7199  Evictions: 0  Overflows: 0  Memory Usage: 521kB
                                 Buffers: shared hit=21594
                                 ->  Index Scan using household_demographics_pkey on household_demographics  (cost=0.28..0.30 rows=1 width=4) (actual time=0.014..0.014 rows=0 loops=7199)
                                       Index Cond: (hd_demo_sk = customer.c_current_hdemo_sk)
                                       Filter: (hd_buy_potential ~~ 'Unknown%'::text)
                                       Rows Removed by Filter: 1
                                       Buffers: shared hit=21594
                     ->  Index Scan using customer_address_pkey on customer_address  (cost=0.42..0.67 rows=1 width=4) (actual time=0.026..0.026 rows=0 loops=47701)
                           Index Cond: (ca_address_sk = customer.c_current_addr_sk)
                           Filter: (ca_gmt_offset = '-7'::numeric)
                           Rows Removed by Filter: 1
                           Buffers: shared hit=168983 read=21821
               ->  Index Scan using customer_demographics_pkey on customer_demographics  (cost=0.43..0.72 rows=1 width=4) (actual time=0.026..0.026 rows=0 loops=7101)
                     Index Cond: (cd_demo_sk = customer.c_current_cdemo_sk)
                     Filter: (((cd_marital_status = 'M'::bpchar) AND (cd_education_status = 'Unknown'::bpchar)) OR ((cd_marital_status = 'W'::bpchar) AND (cd_education_status = 'Advanced Degree'::bpchar)))
                     Rows Removed by Filter: 1
                     Buffers: shared hit=26990 read=890
         ->  Index Scan using call_center_pkey on call_center  (cost=0.14..0.16 rows=1 width=48) (actual time=0.010..0.010 rows=1 loops=457)
               Index Cond: (cc_call_center_sk = catalog_returns.cr_call_center_sk)
               Buffers: shared hit=906
 Planning:
   Buffers: shared hit=415
 Planning Time: 4.288 ms
 Execution Time: 13713.730 ms
(54 rows)

