                                                                                                  QUERY PLAN                                                                                                  
--------------------------------------------------------------------------------------------------------------------------------------------------------------------------------------------------------------
 Aggregate  (cost=715903.32..715903.33 rows=1 width=136) (actual time=12519.982..12519.989 rows=1 loops=1)
   Buffers: shared hit=1215301 read=423822
   ->  Nested Loop  (cost=2571.82..715903.18 rows=9 width=58) (actual time=1068.277..12518.831 rows=372 loops=1)
         Buffers: shared hit=1215301 read=423822
         ->  Nested Loop  (cost=2571.68..715901.79 rows=9 width=18) (actual time=1068.262..12504.419 rows=376 loops=1)
               Buffers: shared hit=1214557 read=423822
               ->  Nested Loop  (cost=2571.25..715788.62 rows=158 width=22) (actual time=996.333..12343.223 rows=6153 loops=1)
                     Buffers: shared hit=1191228 read=422983
                     ->  Nested Loop  (cost=2570.83..714805.30 rows=1478 width=26) (actual time=996.082..11323.090 rows=42284 loops=1)
                           Buffers: shared hit=1031793 read=413282
                           ->  Nested Loop  (cost=2570.54..712473.67 rows=8871 width=30) (actual time=993.890..11024.363 rows=247689 loops=1)
                                 Buffers: shared hit=1010211 read=413282
                                 ->  Hash Join  (cost=2570.11..706541.60 rows=8871 width=22) (actual time=993.833..5313.426 rows=252693 loops=1)
                                       Hash Cond: (catalog_returns.cr_returned_date_sk = date_dim.d_date_sk)
                                       Buffers: shared hit=19671 read=413066
                                       ->  Seq Scan on catalog_returns  (cost=0.00..647267.12 rows=21600412 width=26) (actual time=0.247..3554.738 rows=21598628 loops=1)
                                             Buffers: shared hit=18197 read=413066
                                       ->  Hash  (cost=2569.73..2569.73 rows=30 width=4) (actual time=19.404..19.405 rows=31 loops=1)
                                             Buckets: 1024  Batches: 1  Memory Usage: 10kB
                                             Buffers: shared hit=1474
                                             ->  Seq Scan on date_dim  (cost=0.00..2569.73 rows=30 width=4) (actual time=10.592..19.387 rows=31 loops=1)
                                                   Filter: ((d_year = 2000) AND (d_moy = 5))
                                                   Rows Removed by Filter: 73018
                                                   Buffers: shared hit=1474
                                 ->  Index Scan using customer_pkey on customer  (cost=0.43..0.67 rows=1 width=16) (actual time=0.022..0.022 rows=1 loops=252693)
                                       Index Cond: (c_customer_sk = catalog_returns.cr_returning_customer_sk)
                                       Buffers: shared hit=990540 read=216
                           ->  Memoize  (cost=0.29..0.31 rows=1 width=4) (actual time=0.001..0.001 rows=0 loops=247689)
                                 Cache Key: customer.c_current_hdemo_sk
                                 Cache Mode: logical
                                 Hits: 240494  Misses: 7195  Evictions: 0  Overflows: 0  Memory Usage: 520kB
                                 Buffers: shared hit=21582
                                 ->  Index Scan using household_demographics_pkey on household_demographics  (cost=0.28..0.30 rows=1 width=4) (actual time=0.016..0.016 rows=0 loops=7195)
                                       Index Cond: (hd_demo_sk = customer.c_current_hdemo_sk)
                                       Filter: (hd_buy_potential ~~ 'Unknown%'::text)
                                       Rows Removed by Filter: 1
                                       Buffers: shared hit=21582
                     ->  Index Scan using customer_address_pkey on customer_address  (cost=0.42..0.67 rows=1 width=4) (actual time=0.024..0.024 rows=0 loops=42284)
                           Index Cond: (ca_address_sk = customer.c_current_addr_sk)
                           Filter: (ca_gmt_offset = '-7'::numeric)
                           Rows Removed by Filter: 1
                           Buffers: shared hit=159435 read=9701
               ->  Index Scan using customer_demographics_pkey on customer_demographics  (cost=0.43..0.72 rows=1 width=4) (actual time=0.026..0.026 rows=0 loops=6153)
                     Index Cond: (cd_demo_sk = customer.c_current_cdemo_sk)
                     Filter: (((cd_marital_status = 'M'::bpchar) AND (cd_education_status = 'Unknown'::bpchar)) OR ((cd_marital_status = 'W'::bpchar) AND (cd_education_status = 'Advanced Degree'::bpchar)))
                     Rows Removed by Filter: 1
                     Buffers: shared hit=23329 read=839
         ->  Index Scan using call_center_pkey on call_center  (cost=0.14..0.16 rows=1 width=48) (actual time=0.037..0.037 rows=1 loops=376)
               Index Cond: (cc_call_center_sk = catalog_returns.cr_call_center_sk)
               Buffers: shared hit=744
 Planning:
   Buffers: shared hit=415
 Planning Time: 5.043 ms
 Execution Time: 12521.013 ms
(54 rows)

