                                                                                                  QUERY PLAN                                                                                                  
--------------------------------------------------------------------------------------------------------------------------------------------------------------------------------------------------------------
 Aggregate  (cost=716146.24..716146.25 rows=1 width=136) (actual time=13314.867..13314.873 rows=1 loops=1)
   Buffers: shared hit=1285611 read=422074
   ->  Nested Loop  (cost=2571.83..716146.10 rows=9 width=58) (actual time=589.756..13313.598 rows=350 loops=1)
         Buffers: shared hit=1285611 read=422074
         ->  Nested Loop  (cost=2571.69..716144.71 rows=9 width=18) (actual time=589.737..13308.916 rows=353 loops=1)
               Buffers: shared hit=1284911 read=422074
               ->  Nested Loop  (cost=2571.27..716027.25 rows=164 width=22) (actual time=478.164..13178.647 rows=4706 loops=1)
                     Buffers: shared hit=1267834 read=420719
                     ->  Nested Loop  (cost=2570.84..715010.66 rows=1528 width=26) (actual time=471.417..12006.826 rows=46604 loops=1)
                           Buffers: shared hit=1089622 read=412515
                           ->  Nested Loop  (cost=2570.55..712671.62 rows=9167 width=30) (actual time=463.656..11704.012 rows=261953 loops=1)
                                 Buffers: shared hit=1068034 read=412515
                                 ->  Hash Join  (cost=2570.12..706541.62 rows=9167 width=22) (actual time=463.606..5458.692 rows=267212 loops=1)
                                       Hash Cond: (catalog_returns.cr_returned_date_sk = date_dim.d_date_sk)
                                       Buffers: shared hit=20578 read=412159
                                       ->  Seq Scan on catalog_returns  (cost=0.00..647267.12 rows=21600412 width=26) (actual time=0.034..3637.777 rows=21598628 loops=1)
                                             Buffers: shared hit=19473 read=411790
                                       ->  Hash  (cost=2569.73..2569.73 rows=31 width=4) (actual time=12.884..12.885 rows=31 loops=1)
                                             Buckets: 1024  Batches: 1  Memory Usage: 10kB
                                             Buffers: shared hit=1105 read=369
                                             ->  Seq Scan on date_dim  (cost=0.00..2569.73 rows=31 width=4) (actual time=6.732..12.873 rows=31 loops=1)
                                                   Filter: ((d_year = 1999) AND (d_moy = 7))
                                                   Rows Removed by Filter: 73018
                                                   Buffers: shared hit=1105 read=369
                                 ->  Index Scan using customer_pkey on customer  (cost=0.43..0.67 rows=1 width=16) (actual time=0.023..0.023 rows=1 loops=267212)
                                       Index Cond: (c_customer_sk = catalog_returns.cr_returning_customer_sk)
                                       Buffers: shared hit=1047456 read=356
                           ->  Memoize  (cost=0.29..0.31 rows=1 width=4) (actual time=0.001..0.001 rows=0 loops=261953)
                                 Cache Key: customer.c_current_hdemo_sk
                                 Cache Mode: logical
                                 Hits: 254756  Misses: 7197  Evictions: 0  Overflows: 0  Memory Usage: 521kB
                                 Buffers: shared hit=21588
                                 ->  Index Scan using household_demographics_pkey on household_demographics  (cost=0.28..0.30 rows=1 width=4) (actual time=0.014..0.014 rows=0 loops=7197)
                                       Index Cond: (hd_demo_sk = customer.c_current_hdemo_sk)
                                       Filter: (hd_buy_potential ~~ '>10000%'::text)
                                       Rows Removed by Filter: 1
                                       Buffers: shared hit=21588
                     ->  Index Scan using customer_address_pkey on customer_address  (cost=0.42..0.67 rows=1 width=4) (actual time=0.025..0.025 rows=0 loops=46604)
                           Index Cond: (ca_address_sk = customer.c_current_addr_sk)
                           Filter: (ca_gmt_offset = '-7'::numeric)
                           Rows Removed by Filter: 1
                           Buffers: shared hit=178212 read=8204
               ->  Index Scan using customer_demographics_pkey on customer_demographics  (cost=0.43..0.72 rows=1 width=4) (actual time=0.027..0.027 rows=0 loops=4706)
                     Index Cond: (cd_demo_sk = customer.c_current_cdemo_sk)
                     Filter: (((cd_marital_status = 'M'::bpchar) AND (cd_education_status = 'Unknown'::bpchar)) OR ((cd_marital_status = 'W'::bpchar) AND (cd_education_status = 'Advanced Degree'::bpchar)))
                     Rows Removed by Filter: 1
                     Buffers: shared hit=17077 read=1355
         ->  Index Scan using call_center_pkey on call_center  (cost=0.14..0.16 rows=1 width=48) (actual time=0.012..0.012 rows=1 loops=353)
               Index Cond: (cc_call_center_sk = catalog_returns.cr_call_center_sk)
               Buffers: shared hit=700
 Planning:
   Buffers: shared hit=415
 Planning Time: 1.941 ms
 Execution Time: 13315.289 ms
(54 rows)

