                                                                                                     QUERY PLAN                                                                                                     
--------------------------------------------------------------------------------------------------------------------------------------------------------------------------------------------------------------------
 Aggregate  (cost=715921.76..715921.77 rows=1 width=136) (actual time=12929.231..12929.238 rows=1 loops=1)
   Buffers: shared hit=1260858 read=426784
   ->  Hash Join  (cost=2574.36..715921.22 rows=36 width=58) (actual time=386.758..12922.280 rows=3690 loops=1)
         Hash Cond: (catalog_returns.cr_call_center_sk = call_center.cc_call_center_sk)
         Buffers: shared hit=1260858 read=426784
         ->  Nested Loop  (cost=2571.68..715918.44 rows=36 width=18) (actual time=386.657..12919.514 rows=3727 loops=1)
               Buffers: shared hit=1260856 read=426784
               ->  Nested Loop  (cost=2571.26..715863.88 rows=82 width=22) (actual time=378.213..12740.487 rows=6955 loops=1)
                     Buffers: shared hit=1234474 read=425346
                     ->  Nested Loop  (cost=2570.83..714805.30 rows=1478 width=26) (actual time=378.177..11561.390 rows=45736 loops=1)
                           Buffers: shared hit=1065565 read=414583
                           ->  Nested Loop  (cost=2570.54..712473.67 rows=8871 width=30) (actual time=375.225..11252.688 rows=256455 loops=1)
                                 Buffers: shared hit=1043974 read=414583
                                 ->  Hash Join  (cost=2570.11..706541.60 rows=8871 width=22) (actual time=375.170..5159.135 rows=261687 loops=1)
                                       Hash Cond: (catalog_returns.cr_returned_date_sk = date_dim.d_date_sk)
                                       Buffers: shared hit=18438 read=414299
                                       ->  Seq Scan on catalog_returns  (cost=0.00..647267.12 rows=21600412 width=26) (actual time=0.036..3396.520 rows=21598628 loops=1)
                                             Buffers: shared hit=18069 read=413194
                                       ->  Hash  (cost=2569.73..2569.73 rows=30 width=4) (actual time=22.796..22.797 rows=30 loops=1)
                                             Buckets: 1024  Batches: 1  Memory Usage: 10kB
                                             Buffers: shared hit=369 read=1105
                                             ->  Seq Scan on date_dim  (cost=0.00..2569.73 rows=30 width=4) (actual time=12.782..22.782 rows=30 loops=1)
                                                   Filter: ((d_year = 1999) AND (d_moy = 4))
                                                   Rows Removed by Filter: 73019
                                                   Buffers: shared hit=369 read=1105
                                 ->  Index Scan using customer_pkey on customer  (cost=0.43..0.67 rows=1 width=16) (actual time=0.023..0.023 rows=1 loops=261687)
                                       Index Cond: (c_customer_sk = catalog_returns.cr_returning_customer_sk)
                                       Buffers: shared hit=1025536 read=284
                           ->  Memoize  (cost=0.29..0.31 rows=1 width=4) (actual time=0.001..0.001 rows=0 loops=256455)
                                 Cache Key: customer.c_current_hdemo_sk
                                 Cache Mode: logical
                                 Hits: 249257  Misses: 7198  Evictions: 0  Overflows: 0  Memory Usage: 521kB
                                 Buffers: shared hit=21591
                                 ->  Index Scan using household_demographics_pkey on household_demographics  (cost=0.28..0.30 rows=1 width=4) (actual time=0.015..0.015 rows=0 loops=7198)
                                       Index Cond: (hd_demo_sk = customer.c_current_hdemo_sk)
                                       Filter: (hd_buy_potential ~~ '>10000%'::text)
                                       Rows Removed by Filter: 1
                                       Buffers: shared hit=21591
                     ->  Index Scan using customer_demographics_pkey on customer_demographics  (cost=0.43..0.72 rows=1 width=4) (actual time=0.025..0.025 rows=0 loops=45736)
                           Index Cond: (cd_demo_sk = customer.c_current_cdemo_sk)
                           Filter: (((cd_marital_status = 'M'::bpchar) AND (cd_education_status = 'Unknown'::bpchar)) OR ((cd_marital_status = 'W'::bpchar) AND (cd_education_status = 'Advanced Degree'::bpchar)))
                           Rows Removed by Filter: 1
                           Buffers: shared hit=168909 read=10763
               ->  Index Scan using customer_address_pkey on customer_address  (cost=0.42..0.67 rows=1 width=4) (actual time=0.025..0.025 rows=1 loops=6955)
                     Index Cond: (ca_address_sk = customer.c_current_addr_sk)
                     Filter: (ca_gmt_offset = '-6'::numeric)
                     Rows Removed by Filter: 0
                     Buffers: shared hit=26382 read=1438
         ->  Hash  (cost=2.30..2.30 rows=30 width=48) (actual time=0.074..0.074 rows=30 loops=1)
               Buckets: 1024  Batches: 1  Memory Usage: 11kB
               Buffers: shared hit=2
               ->  Seq Scan on call_center  (cost=0.00..2.30 rows=30 width=48) (actual time=0.028..0.048 rows=30 loops=1)
                     Buffers: shared hit=2
 Planning:
   Buffers: shared hit=384 read=31
 Planning Time: 4.778 ms
 Execution Time: 12930.061 ms
(57 rows)

