                                                                                                     QUERY PLAN                                                                                                     
--------------------------------------------------------------------------------------------------------------------------------------------------------------------------------------------------------------------
 Aggregate  (cost=715437.52..715437.53 rows=1 width=136) (actual time=12498.110..12498.117 rows=1 loops=1)
   Buffers: shared hit=1191907 read=415336
   ->  Hash Join  (cost=2574.33..715437.01 rows=34 width=58) (actual time=973.291..12491.809 rows=3405 loops=1)
         Hash Cond: (catalog_returns.cr_call_center_sk = call_center.cc_call_center_sk)
         Buffers: shared hit=1191907 read=415336
         ->  Nested Loop  (cost=2571.66..715434.23 rows=34 width=18) (actual time=973.192..12489.361 rows=3443 loops=1)
               Buffers: shared hit=1191905 read=415336
               ->  Nested Loop  (cost=2571.23..715383.67 rows=76 width=22) (actual time=971.336..12325.147 rows=6414 loops=1)
                     Buffers: shared hit=1167967 read=413618
                     ->  Nested Loop  (cost=2570.80..714395.28 rows=1380 width=26) (actual time=968.488..11256.530 rows=42479 loops=1)
                           Buffers: shared hit=1007750 read=406999
                           ->  Nested Loop  (cost=2570.51..712078.44 rows=8280 width=30) (actual time=968.460..10951.470 rows=240106 loops=1)
                                 Buffers: shared hit=986162 read=406999
                                 ->  Hash Join  (cost=2570.08..706541.58 rows=8280 width=22) (actual time=968.418..5307.893 rows=244928 loops=1)
                                       Hash Cond: (catalog_returns.cr_returned_date_sk = date_dim.d_date_sk)
                                       Buffers: shared hit=26058 read=406679
                                       ->  Seq Scan on catalog_returns  (cost=0.00..647267.12 rows=21600412 width=26) (actual time=0.040..3510.291 rows=21598628 loops=1)
                                             Buffers: shared hit=24584 read=406679
                                       ->  Hash  (cost=2569.73..2569.73 rows=28 width=4) (actual time=21.381..21.382 rows=29 loops=1)
                                             Buckets: 1024  Batches: 1  Memory Usage: 10kB
                                             Buffers: shared hit=1474
                                             ->  Seq Scan on date_dim  (cost=0.00..2569.73 rows=28 width=4) (actual time=12.241..21.360 rows=29 loops=1)
                                                   Filter: ((d_year = 2000) AND (d_moy = 2))
                                                   Rows Removed by Filter: 73020
                                                   Buffers: shared hit=1474
                                 ->  Index Scan using customer_pkey on customer  (cost=0.43..0.67 rows=1 width=16) (actual time=0.022..0.022 rows=1 loops=244928)
                                       Index Cond: (c_customer_sk = catalog_returns.cr_returning_customer_sk)
                                       Buffers: shared hit=960104 read=320
                           ->  Memoize  (cost=0.29..0.31 rows=1 width=4) (actual time=0.001..0.001 rows=0 loops=240106)
                                 Cache Key: customer.c_current_hdemo_sk
                                 Cache Mode: logical
                                 Hits: 232909  Misses: 7197  Evictions: 0  Overflows: 0  Memory Usage: 520kB
                                 Buffers: shared hit=21588
                                 ->  Index Scan using household_demographics_pkey on household_demographics  (cost=0.28..0.30 rows=1 width=4) (actual time=0.016..0.016 rows=0 loops=7197)
                                       Index Cond: (hd_demo_sk = customer.c_current_hdemo_sk)
                                       Filter: (hd_buy_potential ~~ '>10000%'::text)
                                       Rows Removed by Filter: 1
                                       Buffers: shared hit=21588
                     ->  Index Scan using customer_demographics_pkey on customer_demographics  (cost=0.43..0.72 rows=1 width=4) (actual time=0.025..0.025 rows=0 loops=42479)
                           Index Cond: (cd_demo_sk = customer.c_current_cdemo_sk)
                           Filter: (((cd_marital_status = 'M'::bpchar) AND (cd_education_status = 'Unknown'::bpchar)) OR ((cd_marital_status = 'W'::bpchar) AND (cd_education_status = 'Advanced Degree'::bpchar)))
                           Rows Removed by Filter: 1
                           Buffers: shared hit=160217 read=6619
               ->  Index Scan using customer_address_pkey on customer_address  (cost=0.42..0.67 rows=1 width=4) (actual time=0.025..0.025 rows=1 loops=6414)
                     Index Cond: (ca_address_sk = customer.c_current_addr_sk)
                     Filter: (ca_gmt_offset = '-6'::numeric)
                     Rows Removed by Filter: 0
                     Buffers: shared hit=23938 read=1718
         ->  Hash  (cost=2.30..2.30 rows=30 width=48) (actual time=0.073..0.074 rows=30 loops=1)
               Buckets: 1024  Batches: 1  Memory Usage: 11kB
               Buffers: shared hit=2
               ->  Seq Scan on call_center  (cost=0.00..2.30 rows=30 width=48) (actual time=0.028..0.048 rows=30 loops=1)
                     Buffers: shared hit=2
 Planning:
   Buffers: shared hit=415
 Planning Time: 4.206 ms
 Execution Time: 12498.902 ms
(57 rows)

