                                                                                                     QUERY PLAN                                                                                                     
--------------------------------------------------------------------------------------------------------------------------------------------------------------------------------------------------------------------
 Aggregate  (cost=715921.76..715921.77 rows=1 width=136) (actual time=14986.815..14986.822 rows=1 loops=1)
   Buffers: shared hit=1572724 read=411175
   ->  Hash Join  (cost=2574.36..715921.22 rows=36 width=58) (actual time=2370.324..14980.806 rows=2996 loops=1)
         Hash Cond: (catalog_returns.cr_call_center_sk = call_center.cc_call_center_sk)
         Buffers: shared hit=1572724 read=411175
         ->  Nested Loop  (cost=2571.68..715918.44 rows=36 width=18) (actual time=2370.220..14978.403 rows=3028 loops=1)
               Buffers: shared hit=1572722 read=411175
               ->  Nested Loop  (cost=2571.26..715863.88 rows=82 width=22) (actual time=2370.194..14876.454 rows=3623 loops=1)
                     Buffers: shared hit=1559750 read=409655
                     ->  Nested Loop  (cost=2570.83..714805.30 rows=1478 width=26) (actual time=2320.758..13775.860 rows=45884 loops=1)
                           Buffers: shared hit=1388716 read=400697
                           ->  Nested Loop  (cost=2570.54..712473.67 rows=8871 width=30) (actual time=2316.872..13422.963 rows=333772 loops=1)
                                 Buffers: shared hit=1367128 read=400697
                                 ->  Hash Join  (cost=2570.11..706541.60 rows=8871 width=22) (actual time=2316.823..5576.701 rows=340503 loops=1)
                                       Hash Cond: (catalog_returns.cr_returned_date_sk = date_dim.d_date_sk)
                                       Buffers: shared hit=32563 read=400174
                                       ->  Seq Scan on catalog_returns  (cost=0.00..647267.12 rows=21600412 width=26) (actual time=0.036..3631.729 rows=21598628 loops=1)
                                             Buffers: shared hit=31089 read=400174
                                       ->  Hash  (cost=2569.73..2569.73 rows=30 width=4) (actual time=20.797..20.798 rows=31 loops=1)
                                             Buckets: 1024  Batches: 1  Memory Usage: 10kB
                                             Buffers: shared hit=1474
                                             ->  Seq Scan on date_dim  (cost=0.00..2569.73 rows=30 width=4) (actual time=12.036..20.779 rows=31 loops=1)
                                                   Filter: ((d_year = 2002) AND (d_moy = 1))
                                                   Rows Removed by Filter: 73018
                                                   Buffers: shared hit=1474
                                 ->  Index Scan using customer_pkey on customer  (cost=0.43..0.67 rows=1 width=16) (actual time=0.022..0.022 rows=1 loops=340503)
                                       Index Cond: (c_customer_sk = catalog_returns.cr_returning_customer_sk)
                                       Buffers: shared hit=1334565 read=523
                           ->  Memoize  (cost=0.29..0.31 rows=1 width=4) (actual time=0.001..0.001 rows=0 loops=333772)
                                 Cache Key: customer.c_current_hdemo_sk
                                 Cache Mode: logical
                                 Hits: 326575  Misses: 7197  Evictions: 0  Overflows: 0  Memory Usage: 521kB
                                 Buffers: shared hit=21588
                                 ->  Index Scan using household_demographics_pkey on household_demographics  (cost=0.28..0.30 rows=1 width=4) (actual time=0.014..0.014 rows=0 loops=7197)
                                       Index Cond: (hd_demo_sk = customer.c_current_hdemo_sk)
                                       Filter: (hd_buy_potential ~~ '1001-5000%'::text)
                                       Rows Removed by Filter: 1
                                       Buffers: shared hit=21588
                     ->  Index Scan using customer_demographics_pkey on customer_demographics  (cost=0.43..0.72 rows=1 width=4) (actual time=0.024..0.024 rows=0 loops=45884)
                           Index Cond: (cd_demo_sk = customer.c_current_cdemo_sk)
                           Filter: (((cd_marital_status = 'M'::bpchar) AND (cd_education_status = 'Unknown'::bpchar)) OR ((cd_marital_status = 'W'::bpchar) AND (cd_education_status = 'Advanced Degree'::bpchar)))
                           Rows Removed by Filter: 1
                           Buffers: shared hit=171034 read=8958
               ->  Index Scan using customer_address_pkey on customer_address  (cost=0.42..0.67 rows=1 width=4) (actual time=0.027..0.027 rows=1 loops=3623)
                     Index Cond: (ca_address_sk = customer.c_current_addr_sk)
                     Filter: (ca_gmt_offset = '-6'::numeric)
                     Rows Removed by Filter: 0
                     Buffers: shared hit=12972 read=1520
         ->  Hash  (cost=2.30..2.30 rows=30 width=48) (actual time=0.077..0.078 rows=30 loops=1)
               Buckets: 1024  Batches: 1  Memory Usage: 11kB
               Buffers: shared hit=2
               ->  Seq Scan on call_center  (cost=0.00..2.30 rows=30 width=48) (actual time=0.029..0.051 rows=30 loops=1)
                     Buffers: shared hit=2
 Planning:
   Buffers: shared hit=415
 Planning Time: 4.412 ms
 Execution Time: 14987.655 ms
(57 rows)

