                                                                                                     QUERY PLAN                                                                                                     
--------------------------------------------------------------------------------------------------------------------------------------------------------------------------------------------------------------------
 Aggregate  (cost=716164.96..716164.97 rows=1 width=136) (actual time=12942.878..12942.885 rows=1 loops=1)
   Buffers: shared hit=1299031 read=414544
   ->  Hash Join  (cost=2574.37..716164.39 rows=38 width=58) (actual time=511.695..12936.111 rows=3820 loops=1)
         Hash Cond: (catalog_returns.cr_call_center_sk = call_center.cc_call_center_sk)
         Buffers: shared hit=1299031 read=414544
         ->  Nested Loop  (cost=2571.69..716161.60 rows=38 width=18) (actual time=511.549..12933.378 rows=3862 loops=1)
               Buffers: shared hit=1299029 read=414544
               ->  Nested Loop  (cost=2571.27..716105.05 rows=85 width=22) (actual time=494.759..12744.607 rows=7091 loops=1)
                     Buffers: shared hit=1274041 read=411168
                     ->  Nested Loop  (cost=2570.84..715010.66 rows=1528 width=26) (actual time=492.100..11631.095 rows=46604 loops=1)
                           Buffers: shared hit=1096558 read=405579
                           ->  Nested Loop  (cost=2570.55..712671.62 rows=9167 width=30) (actual time=484.320..11333.158 rows=261953 loops=1)
                                 Buffers: shared hit=1074970 read=405579
                                 ->  Hash Join  (cost=2570.12..706541.62 rows=9167 width=22) (actual time=484.268..5231.306 rows=267212 loops=1)
                                       Hash Cond: (catalog_returns.cr_returned_date_sk = date_dim.d_date_sk)
                                       Buffers: shared hit=27346 read=405391
                                       ->  Seq Scan on catalog_returns  (cost=0.00..647267.12 rows=21600412 width=26) (actual time=0.045..3434.813 rows=21598628 loops=1)
                                             Buffers: shared hit=25872 read=405391
                                       ->  Hash  (cost=2569.73..2569.73 rows=31 width=4) (actual time=22.723..22.724 rows=31 loops=1)
                                             Buckets: 1024  Batches: 1  Memory Usage: 10kB
                                             Buffers: shared hit=1474
                                             ->  Seq Scan on date_dim  (cost=0.00..2569.73 rows=31 width=4) (actual time=13.005..22.703 rows=31 loops=1)
                                                   Filter: ((d_year = 1999) AND (d_moy = 7))
                                                   Rows Removed by Filter: 73018
                                                   Buffers: shared hit=1474
                                 ->  Index Scan using customer_pkey on customer  (cost=0.43..0.67 rows=1 width=16) (actual time=0.022..0.022 rows=1 loops=267212)
                                       Index Cond: (c_customer_sk = catalog_returns.cr_returning_customer_sk)
                                       Buffers: shared hit=1047624 read=188
                           ->  Memoize  (cost=0.29..0.31 rows=1 width=4) (actual time=0.001..0.001 rows=0 loops=261953)
                                 Cache Key: customer.c_current_hdemo_sk
                                 Cache Mode: logical
                                 Hits: 254756  Misses: 7197  Evictions: 0  Overflows: 0  Memory Usage: 521kB
                                 Buffers: shared hit=21588
                                 ->  Index Scan using household_demographics_pkey on household_demographics  (cost=0.28..0.30 rows=1 width=4) (actual time=0.014..0.014 rows=0 loops=7197)
                                       Index Cond: (hd_demo_sk = customer.c_current_hdemo_sk)
                                       Filter: (hd_buy_potential ~~ '>10000%'::text)
                                       Rows Removed by Filter: 1
                                       Buffers: shared hit=21588
                     ->  Index Scan using customer_demographics_pkey on customer_demographics  (cost=0.43..0.72 rows=1 width=4) (actual time=0.024..0.024 rows=0 loops=46604)
                           Index Cond: (cd_demo_sk = customer.c_current_cdemo_sk)
                           Filter: (((cd_marital_status = 'M'::bpchar) AND (cd_education_status = 'Unknown'::bpchar)) OR ((cd_marital_status = 'W'::bpchar) AND (cd_education_status = 'Advanced Degree'::bpchar)))
                           Rows Removed by Filter: 1
                           Buffers: shared hit=177483 read=5589
               ->  Index Scan using customer_address_pkey on customer_address  (cost=0.42..0.67 rows=1 width=4) (actual time=0.026..0.026 rows=1 loops=7091)
                     Index Cond: (ca_address_sk = customer.c_current_addr_sk)
                     Filter: (ca_gmt_offset = '-6'::numeric)
                     Rows Removed by Filter: 0
                     Buffers: shared hit=24988 read=3376
         ->  Hash  (cost=2.30..2.30 rows=30 width=48) (actual time=0.110..0.111 rows=30 loops=1)
               Buckets: 1024  Batches: 1  Memory Usage: 11kB
               Buffers: shared hit=2
               ->  Seq Scan on call_center  (cost=0.00..2.30 rows=30 width=48) (actual time=0.041..0.073 rows=30 loops=1)
                     Buffers: shared hit=2
 Planning:
   Buffers: shared hit=415
 Planning Time: 4.657 ms
 Execution Time: 12943.845 ms
(57 rows)

