                                                                                                  QUERY PLAN                                                                                                  
--------------------------------------------------------------------------------------------------------------------------------------------------------------------------------------------------------------
 Aggregate  (cost=715903.32..715903.33 rows=1 width=136) (actual time=12434.552..12434.559 rows=1 loops=1)
   Buffers: shared hit=1185316 read=417028
   ->  Nested Loop  (cost=2571.82..715903.18 rows=9 width=58) (actual time=12434.547..12434.553 rows=0 loops=1)
         Buffers: shared hit=1185316 read=417028
         ->  Nested Loop  (cost=2571.68..715901.79 rows=9 width=18) (actual time=12434.546..12434.552 rows=0 loops=1)
               Buffers: shared hit=1185316 read=417028
               ->  Nested Loop  (cost=2571.25..715788.62 rows=158 width=22) (actual time=869.288..12342.343 rows=3739 loops=1)
                     Buffers: shared hit=1171266 read=416378
                     ->  Nested Loop  (cost=2570.83..714805.30 rows=1478 width=26) (actual time=858.375..11490.647 rows=34051 loops=1)
                           Buffers: shared hit=1043226 read=408214
                           ->  Nested Loop  (cost=2570.54..712473.67 rows=8871 width=30) (actual time=845.071..11190.716 rows=249278 loops=1)
                                 Buffers: shared hit=1021635 read=408214
                                 ->  Hash Join  (cost=2570.11..706541.60 rows=8871 width=22) (actual time=845.024..5321.915 rows=254424 loops=1)
                                       Hash Cond: (catalog_returns.cr_returned_date_sk = date_dim.d_date_sk)
                                       Buffers: shared hit=24622 read=408115
                                       ->  Seq Scan on catalog_returns  (cost=0.00..647267.12 rows=21600412 width=26) (actual time=0.051..3505.977 rows=21598628 loops=1)
                                             Buffers: shared hit=23307 read=407956
                                       ->  Hash  (cost=2569.73..2569.73 rows=30 width=4) (actual time=24.129..24.130 rows=31 loops=1)
                                             Buckets: 1024  Batches: 1  Memory Usage: 10kB
                                             Buffers: shared hit=1315 read=159
                                             ->  Seq Scan on date_dim  (cost=0.00..2569.73 rows=30 width=4) (actual time=14.060..24.113 rows=31 loops=1)
                                                   Filter: ((d_year = 2000) AND (d_moy = 1))
                                                   Rows Removed by Filter: 73018
                                                   Buffers: shared hit=1315 read=159
                                 ->  Index Scan using customer_pkey on customer  (cost=0.43..0.67 rows=1 width=16) (actual time=0.023..0.023 rows=1 loops=254424)
                                       Index Cond: (c_customer_sk = catalog_returns.cr_returning_customer_sk)
                                       Buffers: shared hit=997013 read=99
                           ->  Memoize  (cost=0.29..0.31 rows=1 width=4) (actual time=0.001..0.001 rows=0 loops=249278)
                                 Cache Key: customer.c_current_hdemo_sk
                                 Cache Mode: logical
                                 Hits: 242080  Misses: 7198  Evictions: 0  Overflows: 0  Memory Usage: 521kB
                                 Buffers: shared hit=21591
                                 ->  Index Scan using household_demographics_pkey on household_demographics  (cost=0.28..0.30 rows=1 width=4) (actual time=0.016..0.016 rows=0 loops=7198)
                                       Index Cond: (hd_demo_sk = customer.c_current_hdemo_sk)
                                       Filter: (hd_buy_potential ~~ '1001-5000%'::text)
                                       Rows Removed by Filter: 1
                                       Buffers: shared hit=21591
                     ->  Index Scan using customer_address_pkey on customer_address  (cost=0.42..0.67 rows=1 width=4) (actual time=0.025..0.025 rows=0 loops=34051)
                           Index Cond: (ca_address_sk = customer.c_current_addr_sk)
                           Filter: (ca_gmt_offset = '-7'::numeric)
                           Rows Removed by Filter: 1
                           Buffers: shared hit=128040 read=8164
               ->  Index Scan using customer_demographics_pkey on customer_demographics  (cost=0.43..0.72 rows=1 width=4) (actual time=0.024..0.024 rows=0 loops=3739)
                     Index Cond: (cd_demo_sk = customer.c_current_cdemo_sk)
                     Filter: (((cd_marital_status = 'M'::bpchar) AND (cd_education_status = 'Unknown'::bpchar)) OR ((cd_marital_status = 'W'::bpchar) AND (cd_education_status = 'Advanced Degree'::bpchar)))
                     Rows Removed by Filter: 1
                     Buffers: shared hit=14050 read=650
         ->  Index Scan using call_center_pkey on call_center  (cost=0.14..0.16 rows=1 width=48) (never executed)
               Index Cond: (cc_call_center_sk = catalog_returns.cr_call_center_sk)
 Planning:
   Buffers: shared hit=415
 Planning Time: 4.614 ms
 Execution Time: 12435.400 ms
(53 rows)

