                                                                                                     QUERY PLAN                                                                                                     
--------------------------------------------------------------------------------------------------------------------------------------------------------------------------------------------------------------------
 Aggregate  (cost=715679.29..715679.30 rows=1 width=136) (actual time=13401.642..13401.649 rows=1 loops=1)
   Buffers: shared hit=1359161 read=416771
   ->  Hash Join  (cost=2574.34..715678.77 rows=35 width=58) (actual time=2214.957..13396.478 rows=2727 loops=1)
         Hash Cond: (catalog_returns.cr_call_center_sk = call_center.cc_call_center_sk)
         Buffers: shared hit=1359161 read=416771
         ->  Nested Loop  (cost=2571.67..715675.99 rows=35 width=18) (actual time=2214.889..13394.450 rows=2757 loops=1)
               Buffers: shared hit=1359159 read=416771
               ->  Nested Loop  (cost=2571.24..715623.43 rows=79 width=22) (actual time=2214.871..13316.278 rows=3289 loops=1)
                     Buffers: shared hit=1346787 read=415987
                     ->  Nested Loop  (cost=2570.82..714599.95 rows=1429 width=26) (actual time=2190.203..12352.438 rows=39594 loops=1)
                           Buffers: shared hit=1203554 read=403736
                           ->  Nested Loop  (cost=2570.52..712275.72 rows=8575 width=30) (actual time=2189.973..12035.984 rows=288239 loops=1)
                                 Buffers: shared hit=1181957 read=403736
                                 ->  Hash Join  (cost=2570.10..706541.59 rows=8575 width=22) (actual time=2189.940..5440.885 rows=294240 loops=1)
                                       Hash Cond: (catalog_returns.cr_returned_date_sk = date_dim.d_date_sk)
                                       Buffers: shared hit=29278 read=403459
                                       ->  Seq Scan on catalog_returns  (cost=0.00..647267.12 rows=21600412 width=26) (actual time=0.024..3574.793 rows=21598628 loops=1)
                                             Buffers: shared hit=27804 read=403459
                                       ->  Hash  (cost=2569.73..2569.73 rows=29 width=4) (actual time=26.006..26.007 rows=30 loops=1)
                                             Buckets: 1024  Batches: 1  Memory Usage: 10kB
                                             Buffers: shared hit=1474
                                             ->  Seq Scan on date_dim  (cost=0.00..2569.73 rows=29 width=4) (actual time=14.186..25.987 rows=30 loops=1)
                                                   Filter: ((d_year = 2001) AND (d_moy = 11))
                                                   Rows Removed by Filter: 73019
                                                   Buffers: shared hit=1474
                                 ->  Index Scan using customer_pkey on customer  (cost=0.43..0.67 rows=1 width=16) (actual time=0.022..0.022 rows=1 loops=294240)
                                       Index Cond: (c_customer_sk = catalog_returns.cr_returning_customer_sk)
                                       Buffers: shared hit=1152679 read=277
                           ->  Memoize  (cost=0.29..0.31 rows=1 width=4) (actual time=0.001..0.001 rows=0 loops=288239)
                                 Cache Key: customer.c_current_hdemo_sk
                                 Cache Mode: logical
                                 Hits: 281039  Misses: 7200  Evictions: 0  Overflows: 0  Memory Usage: 521kB
                                 Buffers: shared hit=21597
                                 ->  Index Scan using household_demographics_pkey on household_demographics  (cost=0.28..0.30 rows=1 width=4) (actual time=0.015..0.015 rows=0 loops=7200)
                                       Index Cond: (hd_demo_sk = customer.c_current_hdemo_sk)
                                       Filter: (hd_buy_potential ~~ '1001-5000%'::text)
                                       Rows Removed by Filter: 1
                                       Buffers: shared hit=21597
                     ->  Index Scan using customer_demographics_pkey on customer_demographics  (cost=0.43..0.72 rows=1 width=4) (actual time=0.024..0.024 rows=0 loops=39594)
                           Index Cond: (cd_demo_sk = customer.c_current_cdemo_sk)
                           Filter: (((cd_marital_status = 'M'::bpchar) AND (cd_education_status = 'Unknown'::bpchar)) OR ((cd_marital_status = 'W'::bpchar) AND (cd_education_status = 'Advanced Degree'::bpchar)))
                           Rows Removed by Filter: 1
                           Buffers: shared hit=143233 read=12251
               ->  Index Scan using customer_address_pkey on customer_address  (cost=0.42..0.67 rows=1 width=4) (actual time=0.023..0.023 rows=1 loops=3289)
                     Index Cond: (ca_address_sk = customer.c_current_addr_sk)
                     Filter: (ca_gmt_offset = '-6'::numeric)
                     Rows Removed by Filter: 0
                     Buffers: shared hit=12372 read=784
         ->  Hash  (cost=2.30..2.30 rows=30 width=48) (actual time=0.050..0.050 rows=30 loops=1)
               Buckets: 1024  Batches: 1  Memory Usage: 11kB
               Buffers: shared hit=2
               ->  Seq Scan on call_center  (cost=0.00..2.30 rows=30 width=48) (actual time=0.021..0.034 rows=30 loops=1)
                     Buffers: shared hit=2
 Planning:
   Buffers: shared hit=415
 Planning Time: 2.876 ms
 Execution Time: 13402.209 ms
(57 rows)

