                                                                                                  QUERY PLAN                                                                                                  
--------------------------------------------------------------------------------------------------------------------------------------------------------------------------------------------------------------
 Aggregate  (cost=716146.24..716146.25 rows=1 width=136) (actual time=13083.198..13083.204 rows=1 loops=1)
   Buffers: shared hit=1257142 read=429507
   ->  Nested Loop  (cost=2571.83..716146.10 rows=9 width=58) (actual time=545.368..13081.381 rows=658 loops=1)
         Buffers: shared hit=1257142 read=429507
         ->  Nested Loop  (cost=2571.69..716144.71 rows=9 width=18) (actual time=545.356..13072.419 rows=662 loops=1)
               Buffers: shared hit=1255826 read=429507
               ->  Nested Loop  (cost=2571.27..716027.25 rows=164 width=22) (actual time=517.664..12941.031 rows=4656 loops=1)
                     Buffers: shared hit=1238287 read=428714
                     ->  Nested Loop  (cost=2570.84..715010.66 rows=1528 width=26) (actual time=510.855..11864.168 rows=41216 loops=1)
                           Buffers: shared hit=1088075 read=414062
                           ->  Nested Loop  (cost=2570.55..712671.62 rows=9167 width=30) (actual time=507.740..11548.759 rows=261953 loops=1)
                                 Buffers: shared hit=1066487 read=414062
                                 ->  Hash Join  (cost=2570.12..706541.62 rows=9167 width=22) (actual time=507.703..5398.354 rows=267212 loops=1)
                                       Hash Cond: (catalog_returns.cr_returned_date_sk = date_dim.d_date_sk)
                                       Buffers: shared hit=18782 read=413955
                                       ->  Seq Scan on catalog_returns  (cost=0.00..647267.12 rows=21600412 width=26) (actual time=0.050..3568.452 rows=21598628 loops=1)
                                             Buffers: shared hit=17308 read=413955
                                       ->  Hash  (cost=2569.73..2569.73 rows=31 width=4) (actual time=31.516..31.517 rows=31 loops=1)
                                             Buckets: 1024  Batches: 1  Memory Usage: 10kB
                                             Buffers: shared hit=1474
                                             ->  Seq Scan on date_dim  (cost=0.00..2569.73 rows=31 width=4) (actual time=18.183..31.501 rows=31 loops=1)
                                                   Filter: ((d_year = 1999) AND (d_moy = 7))
                                                   Rows Removed by Filter: 73018
                                                   Buffers: shared hit=1474
                                 ->  Index Scan using customer_pkey on customer  (cost=0.43..0.67 rows=1 width=16) (actual time=0.022..0.022 rows=1 loops=267212)
                                       Index Cond: (c_customer_sk = catalog_returns.cr_returning_customer_sk)
                                       Buffers: shared hit=1047705 read=107
                           ->  Memoize  (cost=0.29..0.31 rows=1 width=4) (actual time=0.001..0.001 rows=0 loops=261953)
                                 Cache Key: customer.c_current_hdemo_sk
                                 Cache Mode: logical
                                 Hits: 254756  Misses: 7197  Evictions: 0  Overflows: 0  Memory Usage: 521kB
                                 Buffers: shared hit=21588
                                 ->  Index Scan using household_demographics_pkey on household_demographics  (cost=0.28..0.30 rows=1 width=4) (actual time=0.016..0.016 rows=0 loops=7197)
                                       Index Cond: (hd_demo_sk = customer.c_current_hdemo_sk)
                                       Filter: (hd_buy_potential ~~ '5001-10000%'::text)
                                       Rows Removed by Filter: 1
                                       Buffers: shared hit=21588
                     ->  Index Scan using customer_address_pkey on customer_address  (cost=0.42..0.67 rows=1 width=4) (actual time=0.026..0.026 rows=0 loops=41216)
                           Index Cond: (ca_address_sk = customer.c_current_addr_sk)
                           Filter: (ca_gmt_offset = '-7'::numeric)
                           Rows Removed by Filter: 1
                           Buffers: shared hit=150212 read=14652
               ->  Index Scan using customer_demographics_pkey on customer_demographics  (cost=0.43..0.72 rows=1 width=4) (actual time=0.028..0.028 rows=0 loops=4656)
                     Index Cond: (cd_demo_sk = customer.c_current_cdemo_sk)
                     Filter: (((cd_marital_status = 'M'::bpchar) AND (cd_education_status = 'Unknown'::bpchar)) OR ((cd_marital_status = 'W'::bpchar) AND (cd_education_status = 'Advanced Degree'::bpchar)))
                     Rows Removed by Filter: 1
                     Buffers: shared hit=17539 read=793
         ->  Index Scan using call_center_pkey on call_center  (cost=0.14..0.16 rows=1 width=48) (actual time=0.012..0.012 rows=1 loops=662)
               Index Cond: (cc_call_center_sk = catalog_returns.cr_call_center_sk)
               Buffers: shared hit=1316
 Planning:
   Buffers: shared hit=415
 Planning Time: 5.084 ms
 Execution Time: 13084.062 ms
(54 rows)

