                                                                                                  QUERY PLAN                                                                                                  
--------------------------------------------------------------------------------------------------------------------------------------------------------------------------------------------------------------
 Aggregate  (cost=715903.32..715903.33 rows=1 width=136) (actual time=14978.287..14978.293 rows=1 loops=1)
   Buffers: shared hit=1537455 read=415961
   ->  Nested Loop  (cost=2571.82..715903.18 rows=9 width=58) (actual time=2429.203..14977.041 rows=363 loops=1)
         Buffers: shared hit=1537455 read=415961
         ->  Nested Loop  (cost=2571.68..715901.79 rows=9 width=18) (actual time=2429.187..14972.483 rows=364 loops=1)
               Buffers: shared hit=1536729 read=415961
               ->  Nested Loop  (cost=2571.25..715788.62 rows=158 width=22) (actual time=2329.289..14876.452 rows=3819 loops=1)
                     Buffers: shared hit=1522746 read=414908
                     ->  Nested Loop  (cost=2570.83..714805.30 rows=1478 width=26) (actual time=2329.255..13512.596 rows=52975 loops=1)
                           Buffers: shared hit=1321245 read=404509
                           ->  Nested Loop  (cost=2570.54..712473.67 rows=8871 width=30) (actual time=2327.331..13156.567 rows=317858 loops=1)
                                 Buffers: shared hit=1299660 read=404509
                                 ->  Hash Join  (cost=2570.11..706541.60 rows=8871 width=22) (actual time=2327.284..5600.323 rows=324351 loops=1)
                                       Hash Cond: (catalog_returns.cr_returned_date_sk = date_dim.d_date_sk)
                                       Buffers: shared hit=28350 read=404387
                                       ->  Seq Scan on catalog_returns  (cost=0.00..647267.12 rows=21600412 width=26) (actual time=0.187..3660.629 rows=21598628 loops=1)
                                             Buffers: shared hit=27003 read=404260
                                       ->  Hash  (cost=2569.73..2569.73 rows=30 width=4) (actual time=18.272..18.273 rows=31 loops=1)
                                             Buckets: 1024  Batches: 1  Memory Usage: 10kB
                                             Buffers: shared hit=1347 read=127
                                             ->  Seq Scan on date_dim  (cost=0.00..2569.73 rows=30 width=4) (actual time=9.856..18.258 rows=31 loops=1)
                                                   Filter: ((d_year = 2001) AND (d_moy = 12))
                                                   Rows Removed by Filter: 73018
                                                   Buffers: shared hit=1347 read=127
                                 ->  Index Scan using customer_pkey on customer  (cost=0.43..0.67 rows=1 width=16) (actual time=0.023..0.023 rows=1 loops=324351)
                                       Index Cond: (c_customer_sk = catalog_returns.cr_returning_customer_sk)
                                       Buffers: shared hit=1271310 read=122
                           ->  Memoize  (cost=0.29..0.31 rows=1 width=4) (actual time=0.001..0.001 rows=0 loops=317858)
                                 Cache Key: customer.c_current_hdemo_sk
                                 Cache Mode: logical
                                 Hits: 310662  Misses: 7196  Evictions: 0  Overflows: 0  Memory Usage: 521kB
                                 Buffers: shared hit=21585
                                 ->  Index Scan using household_demographics_pkey on household_demographics  (cost=0.28..0.30 rows=1 width=4) (actual time=0.015..0.015 rows=0 loops=7196)
                                       Index Cond: (hd_demo_sk = customer.c_current_hdemo_sk)
                                       Filter: (hd_buy_potential ~~ '501-1000%'::text)
                                       Rows Removed by Filter: 1
                                       Buffers: shared hit=21585
                     ->  Index Scan using customer_address_pkey on customer_address  (cost=0.42..0.67 rows=1 width=4) (actual time=0.025..0.025 rows=0 loops=52975)
                           Index Cond: (ca_address_sk = customer.c_current_addr_sk)
                           Filter: (ca_gmt_offset = '-7'::numeric)
                           Rows Removed by Filter: 1
                           Buffers: shared hit=201501 read=10399
               ->  Index Scan using customer_demographics_pkey on customer_demographics  (cost=0.43..0.72 rows=1 width=4) (actual time=0.025..0.025 rows=0 loops=3819)
                     Index Cond: (cd_demo_sk = customer.c_current_cdemo_sk)
                     Filter: (((cd_marital_status = 'M'::bpchar) AND (cd_education_status = 'Unknown'::bpchar)) OR ((cd_marital_status = 'W'::bpchar) AND (cd_education_status = 'Advanced Degree'::bpchar)))
                     Rows Removed by Filter: 1
                     Buffers: shared hit=13983 read=1053
         ->  Index Scan using call_center_pkey on call_center  (cost=0.14..0.16 rows=1 width=48) (actual time=0.011..0.011 rows=1 loops=364)
               Index Cond: (cc_call_center_sk = catalog_returns.cr_call_center_sk)
               Buffers: shared hit=726
 Planning:
   Buffers: shared hit=415
 Planning Time: 3.581 ms
 Execution Time: 14978.992 ms
(54 rows)

