                                                                                                  QUERY PLAN                                                                                                  
--------------------------------------------------------------------------------------------------------------------------------------------------------------------------------------------------------------
 Aggregate  (cost=716146.24..716146.25 rows=1 width=136) (actual time=16345.327..16345.333 rows=1 loops=1)
   Buffers: shared hit=1787795 read=425335
   ->  Nested Loop  (cost=2571.83..716146.10 rows=9 width=58) (actual time=2375.797..16343.869 rows=426 loops=1)
         Buffers: shared hit=1787795 read=425335
         ->  Nested Loop  (cost=2571.69..716144.71 rows=9 width=18) (actual time=2375.778..16339.447 rows=429 loops=1)
               Buffers: shared hit=1786943 read=425335
               ->  Nested Loop  (cost=2571.27..716027.25 rows=164 width=22) (actual time=2369.460..16221.288 rows=4598 loops=1)
                     Buffers: shared hit=1769856 read=424330
                     ->  Nested Loop  (cost=2570.84..715010.66 rows=1528 width=26) (actual time=2352.583..14639.822 rows=62353 loops=1)
                           Buffers: shared hit=1534921 read=409853
                           ->  Nested Loop  (cost=2570.55..712671.62 rows=9167 width=30) (actual time=2351.457..14248.040 rows=372610 loops=1)
                                 Buffers: shared hit=1513324 read=409853
                                 ->  Hash Join  (cost=2570.12..706541.62 rows=9167 width=22) (actual time=2351.414..5509.290 rows=380176 loops=1)
                                       Hash Cond: (catalog_returns.cr_returned_date_sk = date_dim.d_date_sk)
                                       Buffers: shared hit=23036 read=409701
                                       ->  Seq Scan on catalog_returns  (cost=0.00..647267.12 rows=21600412 width=26) (actual time=0.056..3629.375 rows=21598628 loops=1)
                                             Buffers: shared hit=22473 read=408790
                                       ->  Hash  (cost=2569.73..2569.73 rows=31 width=4) (actual time=21.852..21.853 rows=31 loops=1)
                                             Buckets: 1024  Batches: 1  Memory Usage: 10kB
                                             Buffers: shared hit=563 read=911
                                             ->  Seq Scan on date_dim  (cost=0.00..2569.73 rows=31 width=4) (actual time=12.190..21.840 rows=31 loops=1)
                                                   Filter: ((d_year = 2002) AND (d_moy = 3))
                                                   Rows Removed by Filter: 73018
                                                   Buffers: shared hit=563 read=911
                                 ->  Index Scan using customer_pkey on customer  (cost=0.43..0.67 rows=1 width=16) (actual time=0.022..0.022 rows=1 loops=380176)
                                       Index Cond: (c_customer_sk = catalog_returns.cr_returning_customer_sk)
                                       Buffers: shared hit=1490288 read=152
                           ->  Memoize  (cost=0.29..0.31 rows=1 width=4) (actual time=0.001..0.001 rows=0 loops=372610)
                                 Cache Key: customer.c_current_hdemo_sk
                                 Cache Mode: logical
                                 Hits: 365410  Misses: 7200  Evictions: 0  Overflows: 0  Memory Usage: 521kB
                                 Buffers: shared hit=21597
                                 ->  Index Scan using household_demographics_pkey on household_demographics  (cost=0.28..0.30 rows=1 width=4) (actual time=0.015..0.015 rows=0 loops=7200)
                                       Index Cond: (hd_demo_sk = customer.c_current_hdemo_sk)
                                       Filter: (hd_buy_potential ~~ '501-1000%'::text)
                                       Rows Removed by Filter: 1
                                       Buffers: shared hit=21597
                     ->  Index Scan using customer_address_pkey on customer_address  (cost=0.42..0.67 rows=1 width=4) (actual time=0.025..0.025 rows=0 loops=62353)
                           Index Cond: (ca_address_sk = customer.c_current_addr_sk)
                           Filter: (ca_gmt_offset = '-7'::numeric)
                           Rows Removed by Filter: 1
                           Buffers: shared hit=234935 read=14477
               ->  Index Scan using customer_demographics_pkey on customer_demographics  (cost=0.43..0.72 rows=1 width=4) (actual time=0.025..0.025 rows=0 loops=4598)
                     Index Cond: (cd_demo_sk = customer.c_current_cdemo_sk)
                     Filter: (((cd_marital_status = 'M'::bpchar) AND (cd_education_status = 'Unknown'::bpchar)) OR ((cd_marital_status = 'W'::bpchar) AND (cd_education_status = 'Advanced Degree'::bpchar)))
                     Rows Removed by Filter: 1
                     Buffers: shared hit=17087 read=1005
         ->  Index Scan using call_center_pkey on call_center  (cost=0.14..0.16 rows=1 width=48) (actual time=0.009..0.009 rows=1 loops=429)
               Index Cond: (cc_call_center_sk = catalog_returns.cr_call_center_sk)
               Buffers: shared hit=852
 Planning:
   Buffers: shared hit=415
 Planning Time: 4.596 ms
 Execution Time: 16346.163 ms
(54 rows)

