                                                                                                     QUERY PLAN                                                                                                     
--------------------------------------------------------------------------------------------------------------------------------------------------------------------------------------------------------------------
 Aggregate  (cost=715921.76..715921.77 rows=1 width=136) (actual time=16152.030..16152.037 rows=1 loops=1)
   Buffers: shared hit=1749415 read=413428
   ->  Hash Join  (cost=2574.36..715921.22 rows=36 width=58) (actual time=16152.025..16152.031 rows=0 loops=1)
         Hash Cond: (catalog_returns.cr_call_center_sk = call_center.cc_call_center_sk)
         Buffers: shared hit=1749415 read=413428
         ->  Nested Loop  (cost=2571.68..715918.44 rows=36 width=18) (actual time=16151.921..16151.926 rows=0 loops=1)
               Buffers: shared hit=1749413 read=413428
               ->  Nested Loop  (cost=2571.26..715863.88 rows=82 width=22) (actual time=2395.028..16087.621 rows=2459 loops=1)
                     Buffers: shared hit=1740356 read=412649
                     ->  Nested Loop  (cost=2570.83..714805.30 rows=1478 width=26) (actual time=2393.155..14680.892 rows=56671 loops=1)
                           Buffers: shared hit=1522838 read=407639
                           ->  Nested Loop  (cost=2570.54..712473.67 rows=8871 width=30) (actual time=2389.256..14297.391 rows=369035 loops=1)
                                 Buffers: shared hit=1501238 read=407639
                                 ->  Hash Join  (cost=2570.11..706541.60 rows=8871 width=22) (actual time=2389.204..5527.581 rows=376450 loops=1)
                                       Hash Cond: (catalog_returns.cr_returned_date_sk = date_dim.d_date_sk)
                                       Buffers: shared hit=25159 read=407578
                                       ->  Seq Scan on catalog_returns  (cost=0.00..647267.12 rows=21600412 width=26) (actual time=0.045..3585.777 rows=21598628 loops=1)
                                             Buffers: shared hit=23914 read=407349
                                       ->  Hash  (cost=2569.73..2569.73 rows=30 width=4) (actual time=24.314..24.315 rows=30 loops=1)
                                             Buckets: 1024  Batches: 1  Memory Usage: 10kB
                                             Buffers: shared hit=1245 read=229
                                             ->  Seq Scan on date_dim  (cost=0.00..2569.73 rows=30 width=4) (actual time=11.820..24.299 rows=30 loops=1)
                                                   Filter: ((d_year = 2002) AND (d_moy = 4))
                                                   Rows Removed by Filter: 73019
                                                   Buffers: shared hit=1245 read=229
                                 ->  Index Scan using customer_pkey on customer  (cost=0.43..0.67 rows=1 width=16) (actual time=0.023..0.023 rows=1 loops=376450)
                                       Index Cond: (c_customer_sk = catalog_returns.cr_returning_customer_sk)
                                       Buffers: shared hit=1476079 read=61
                           ->  Memoize  (cost=0.29..0.31 rows=1 width=4) (actual time=0.001..0.001 rows=0 loops=369035)
                                 Cache Key: customer.c_current_hdemo_sk
                                 Cache Mode: logical
                                 Hits: 361834  Misses: 7201  Evictions: 0  Overflows: 0  Memory Usage: 521kB
                                 Buffers: shared hit=21600
                                 ->  Index Scan using household_demographics_pkey on household_demographics  (cost=0.28..0.30 rows=1 width=4) (actual time=0.014..0.014 rows=0 loops=7201)
                                       Index Cond: (hd_demo_sk = customer.c_current_hdemo_sk)
                                       Filter: (hd_buy_potential ~~ '0-500%'::text)
                                       Rows Removed by Filter: 1
                                       Buffers: shared hit=21600
                     ->  Index Scan using customer_demographics_pkey on customer_demographics  (cost=0.43..0.72 rows=1 width=4) (actual time=0.024..0.024 rows=0 loops=56671)
                           Index Cond: (cd_demo_sk = customer.c_current_cdemo_sk)
                           Filter: (((cd_marital_status = 'M'::bpchar) AND (cd_education_status = 'Unknown'::bpchar)) OR ((cd_marital_status = 'W'::bpchar) AND (cd_education_status = 'Advanced Degree'::bpchar)))
                           Rows Removed by Filter: 1
                           Buffers: shared hit=217518 read=5010
               ->  Index Scan using customer_address_pkey on customer_address  (cost=0.42..0.67 rows=1 width=4) (actual time=0.026..0.026 rows=0 loops=2459)
                     Index Cond: (ca_address_sk = customer.c_current_addr_sk)
                     Filter: (ca_gmt_offset = '-6'::numeric)
                     Rows Removed by Filter: 1
                     Buffers: shared hit=9057 read=779
         ->  Hash  (cost=2.30..2.30 rows=30 width=48) (actual time=0.078..0.079 rows=30 loops=1)
               Buckets: 1024  Batches: 1  Memory Usage: 11kB
               Buffers: shared hit=2
               ->  Seq Scan on call_center  (cost=0.00..2.30 rows=30 width=48) (actual time=0.030..0.051 rows=30 loops=1)
                     Buffers: shared hit=2
 Planning:
   Buffers: shared hit=415
 Planning Time: 4.566 ms
 Execution Time: 16152.864 ms
(57 rows)

