                                                                                                  QUERY PLAN                                                                                                  
--------------------------------------------------------------------------------------------------------------------------------------------------------------------------------------------------------------
 Aggregate  (cost=716146.24..716146.25 rows=1 width=136) (actual time=15477.249..15477.254 rows=1 loops=1)
   Buffers: shared hit=1569765 read=431061
   ->  Nested Loop  (cost=2571.83..716146.10 rows=9 width=58) (actual time=1606.790..15474.889 rows=822 loops=1)
         Buffers: shared hit=1569765 read=431061
         ->  Nested Loop  (cost=2571.69..716144.71 rows=9 width=18) (actual time=1606.772..15464.925 rows=828 loops=1)
               Buffers: shared hit=1568121 read=431061
               ->  Nested Loop  (cost=2571.27..716027.25 rows=164 width=22) (actual time=1583.507..15309.941 rows=5741 loops=1)
                     Buffers: shared hit=1545990 read=430672
                     ->  Nested Loop  (cost=2570.84..715010.66 rows=1528 width=26) (actual time=1583.390..13916.755 rows=51986 loops=1)
                           Buffers: shared hit=1353654 read=415064
                           ->  Nested Loop  (cost=2570.55..712671.62 rows=9167 width=30) (actual time=1579.062..13557.048 rows=328596 loops=1)
                                 Buffers: shared hit=1332057 read=415064
                                 ->  Hash Join  (cost=2570.12..706541.62 rows=9167 width=22) (actual time=1579.010..5432.706 rows=335231 loops=1)
                                       Hash Cond: (catalog_returns.cr_returned_date_sk = date_dim.d_date_sk)
                                       Buffers: shared hit=17717 read=415020
                                       ->  Seq Scan on catalog_returns  (cost=0.00..647267.12 rows=21600412 width=26) (actual time=0.052..3585.434 rows=21598628 loops=1)
                                             Buffers: shared hit=16243 read=415020
                                       ->  Hash  (cost=2569.73..2569.73 rows=31 width=4) (actual time=25.400..25.401 rows=31 loops=1)
                                             Buckets: 1024  Batches: 1  Memory Usage: 10kB
                                             Buffers: shared hit=1474
                                             ->  Seq Scan on date_dim  (cost=0.00..2569.73 rows=31 width=4) (actual time=9.698..25.387 rows=31 loops=1)
                                                   Filter: ((d_year = 2001) AND (d_moy = 3))
                                                   Rows Removed by Filter: 73018
                                                   Buffers: shared hit=1474
                                 ->  Index Scan using customer_pkey on customer  (cost=0.43..0.67 rows=1 width=16) (actual time=0.024..0.024 rows=1 loops=335231)
                                       Index Cond: (c_customer_sk = catalog_returns.cr_returning_customer_sk)
                                       Buffers: shared hit=1314340 read=44
                           ->  Memoize  (cost=0.29..0.31 rows=1 width=4) (actual time=0.001..0.001 rows=0 loops=328596)
                                 Cache Key: customer.c_current_hdemo_sk
                                 Cache Mode: logical
                                 Hits: 321396  Misses: 7200  Evictions: 0  Overflows: 0  Memory Usage: 521kB
                                 Buffers: shared hit=21597
                                 ->  Index Scan using household_demographics_pkey on household_demographics  (cost=0.28..0.30 rows=1 width=4) (actual time=0.014..0.014 rows=0 loops=7200)
                                       Index Cond: (hd_demo_sk = customer.c_current_hdemo_sk)
                                       Filter: (hd_buy_potential ~~ '5001-10000%'::text)
                                       Rows Removed by Filter: 1
                                       Buffers: shared hit=21597
                     ->  Index Scan using customer_address_pkey on customer_address  (cost=0.42..0.67 rows=1 width=4) (actual time=0.026..0.026 rows=0 loops=51986)
                           Index Cond: (ca_address_sk = customer.c_current_addr_sk)
                           Filter: (ca_gmt_offset = '-7'::numeric)
                           Rows Removed by Filter: 1
                           Buffers: shared hit=192336 read=15608
               ->  Index Scan using customer_demographics_pkey on customer_demographics  (cost=0.43..0.72 rows=1 width=4) (actual time=0.026..0.026 rows=0 loops=5741)
                     Index Cond: (cd_demo_sk = customer.c_current_cdemo_sk)
                     Filter: (((cd_marital_status = 'M'::bpchar) AND (cd_education_status = 'Unknown'::bpchar)) OR ((cd_marital_status = 'W'::bpchar) AND (cd_education_status = 'Advanced Degree'::bpchar)))
                     Rows Removed by Filter: 1
                     Buffers: shared hit=22131 read=389
         ->  Index Scan using call_center_pkey on call_center  (cost=0.14..0.16 rows=1 width=48) (actual time=0.011..0.011 rows=1 loops=828)
               Index Cond: (cc_call_center_sk = catalog_returns.cr_call_center_sk)
               Buffers: shared hit=1644
 Planning:
   Buffers: shared hit=415
 Planning Time: 6.087 ms
 Execution Time: 15478.005 ms
(54 rows)

