                                                                                                     QUERY PLAN                                                                                                     
--------------------------------------------------------------------------------------------------------------------------------------------------------------------------------------------------------------------
 Aggregate  (cost=715921.76..715921.77 rows=1 width=136) (actual time=12284.774..12284.781 rows=1 loops=1)
   Buffers: shared hit=1188507 read=410934
   ->  Hash Join  (cost=2574.36..715921.22 rows=36 width=58) (actual time=12284.769..12284.775 rows=0 loops=1)
         Hash Cond: (catalog_returns.cr_call_center_sk = call_center.cc_call_center_sk)
         Buffers: shared hit=1188507 read=410934
         ->  Nested Loop  (cost=2571.68..715918.44 rows=36 width=18) (actual time=12284.632..12284.637 rows=0 loops=1)
               Buffers: shared hit=1188505 read=410934
               ->  Nested Loop  (cost=2571.26..715863.88 rows=82 width=22) (actual time=1022.778..12235.130 rows=1645 loops=1)
                     Buffers: shared hit=1182345 read=410514
                     ->  Nested Loop  (cost=2570.83..714805.30 rows=1478 width=26) (actual time=1022.416..11304.047 rows=37697 loops=1)
                           Buffers: shared hit=1037910 read=407165
                           ->  Nested Loop  (cost=2570.54..712473.67 rows=8871 width=30) (actual time=1019.049..11024.174 rows=247689 loops=1)
                                 Buffers: shared hit=1016328 read=407165
                                 ->  Hash Join  (cost=2570.11..706541.60 rows=8871 width=22) (actual time=1019.000..5281.443 rows=252693 loops=1)
                                       Hash Cond: (catalog_returns.cr_returned_date_sk = date_dim.d_date_sk)
                                       Buffers: shared hit=25604 read=407133
                                       ->  Seq Scan on catalog_returns  (cost=0.00..647267.12 rows=21600412 width=26) (actual time=0.059..3480.416 rows=21598628 loops=1)
                                             Buffers: shared hit=24130 read=407133
                                       ->  Hash  (cost=2569.73..2569.73 rows=30 width=4) (actual time=31.481..31.482 rows=31 loops=1)
                                             Buckets: 1024  Batches: 1  Memory Usage: 10kB
                                             Buffers: shared hit=1474
                                             ->  Seq Scan on date_dim  (cost=0.00..2569.73 rows=30 width=4) (actual time=17.657..31.461 rows=31 loops=1)
                                                   Filter: ((d_year = 2000) AND (d_moy = 5))
                                                   Rows Removed by Filter: 73018
                                                   Buffers: shared hit=1474
                                 ->  Index Scan using customer_pkey on customer  (cost=0.43..0.67 rows=1 width=16) (actual time=0.022..0.022 rows=1 loops=252693)
                                       Index Cond: (c_customer_sk = catalog_returns.cr_returning_customer_sk)
                                       Buffers: shared hit=990724 read=32
                           ->  Memoize  (cost=0.29..0.31 rows=1 width=4) (actual time=0.001..0.001 rows=0 loops=247689)
                                 Cache Key: customer.c_current_hdemo_sk
                                 Cache Mode: logical
                                 Hits: 240494  Misses: 7195  Evictions: 0  Overflows: 0  Memory Usage: 520kB
                                 Buffers: shared hit=21582
                                 ->  Index Scan using household_demographics_pkey on household_demographics  (cost=0.28..0.30 rows=1 width=4) (actual time=0.013..0.013 rows=0 loops=7195)
                                       Index Cond: (hd_demo_sk = customer.c_current_hdemo_sk)
                                       Filter: (hd_buy_potential ~~ '0-500%'::text)
                                       Rows Removed by Filter: 1
                                       Buffers: shared hit=21582
                     ->  Index Scan using customer_demographics_pkey on customer_demographics  (cost=0.43..0.72 rows=1 width=4) (actual time=0.024..0.024 rows=0 loops=37697)
                           Index Cond: (cd_demo_sk = customer.c_current_cdemo_sk)
                           Filter: (((cd_marital_status = 'M'::bpchar) AND (cd_education_status = 'Unknown'::bpchar)) OR ((cd_marital_status = 'W'::bpchar) AND (cd_education_status = 'Advanced Degree'::bpchar)))
                           Rows Removed by Filter: 1
                           Buffers: shared hit=144435 read=3349
               ->  Index Scan using customer_address_pkey on customer_address  (cost=0.42..0.67 rows=1 width=4) (actual time=0.030..0.030 rows=0 loops=1645)
                     Index Cond: (ca_address_sk = customer.c_current_addr_sk)
                     Filter: (ca_gmt_offset = '-6'::numeric)
                     Rows Removed by Filter: 1
                     Buffers: shared hit=6160 read=420
         ->  Hash  (cost=2.30..2.30 rows=30 width=48) (actual time=0.110..0.111 rows=30 loops=1)
               Buckets: 1024  Batches: 1  Memory Usage: 11kB
               Buffers: shared hit=2
               ->  Seq Scan on call_center  (cost=0.00..2.30 rows=30 width=48) (actual time=0.037..0.071 rows=30 loops=1)
                     Buffers: shared hit=2
 Planning:
   Buffers: shared hit=415
 Planning Time: 5.201 ms
 Execution Time: 12285.662 ms
(57 rows)

