                                                                                                  QUERY PLAN                                                                                                  
--------------------------------------------------------------------------------------------------------------------------------------------------------------------------------------------------------------
 Aggregate  (cost=716146.24..716146.25 rows=1 width=136) (actual time=11343.128..11343.136 rows=1 loops=1)
   Buffers: shared hit=993757 read=413787
   ->  Nested Loop  (cost=2571.83..716146.10 rows=9 width=58) (actual time=735.030..11341.711 rows=508 loops=1)
         Buffers: shared hit=993757 read=413787
         ->  Nested Loop  (cost=2571.69..716144.71 rows=9 width=18) (actual time=735.017..11335.880 rows=514 loops=1)
               Buffers: shared hit=992741 read=413787
               ->  Nested Loop  (cost=2571.27..716027.25 rows=164 width=22) (actual time=701.472..11222.411 rows=4163 loops=1)
                     Buffers: shared hit=977755 read=412441
                     ->  Nested Loop  (cost=2570.84..715010.66 rows=1528 width=26) (actual time=696.797..10410.777 rows=31146 loops=1)
                           Buffers: shared hit=860072 read=405540
                           ->  Nested Loop  (cost=2570.55..712671.62 rows=9167 width=30) (actual time=690.094..10157.938 rows=202827 loops=1)
                                 Buffers: shared hit=838505 read=405540
                                 ->  Hash Join  (cost=2570.12..706541.62 rows=9167 width=22) (actual time=690.044..5518.704 rows=206907 loops=1)
                                       Hash Cond: (catalog_returns.cr_returned_date_sk = date_dim.d_date_sk)
                                       Buffers: shared hit=27258 read=405479
                                       ->  Seq Scan on catalog_returns  (cost=0.00..647267.12 rows=21600412 width=26) (actual time=0.060..3644.564 rows=21598628 loops=1)
                                             Buffers: shared hit=25784 read=405479
                                       ->  Hash  (cost=2569.73..2569.73 rows=31 width=4) (actual time=21.276..21.278 rows=31 loops=1)
                                             Buckets: 1024  Batches: 1  Memory Usage: 10kB
                                             Buffers: shared hit=1474
                                             ->  Seq Scan on date_dim  (cost=0.00..2569.73 rows=31 width=4) (actual time=10.368..21.260 rows=31 loops=1)
                                                   Filter: ((d_year = 1999) AND (d_moy = 10))
                                                   Rows Removed by Filter: 73018
                                                   Buffers: shared hit=1474
                                 ->  Index Scan using customer_pkey on customer  (cost=0.43..0.67 rows=1 width=16) (actual time=0.022..0.022 rows=1 loops=206907)
                                       Index Cond: (c_customer_sk = catalog_returns.cr_returning_customer_sk)
                                       Buffers: shared hit=811247 read=61
                           ->  Memoize  (cost=0.29..0.31 rows=1 width=4) (actual time=0.001..0.001 rows=0 loops=202827)
                                 Cache Key: customer.c_current_hdemo_sk
                                 Cache Mode: logical
                                 Hits: 195637  Misses: 7190  Evictions: 0  Overflows: 0  Memory Usage: 520kB
                                 Buffers: shared hit=21567
                                 ->  Index Scan using household_demographics_pkey on household_demographics  (cost=0.28..0.30 rows=1 width=4) (actual time=0.014..0.014 rows=0 loops=7190)
                                       Index Cond: (hd_demo_sk = customer.c_current_hdemo_sk)
                                       Filter: (hd_buy_potential ~~ '0-500%'::text)
                                       Rows Removed by Filter: 1
                                       Buffers: shared hit=21567
                     ->  Index Scan using customer_address_pkey on customer_address  (cost=0.42..0.67 rows=1 width=4) (actual time=0.026..0.026 rows=0 loops=31146)
                           Index Cond: (ca_address_sk = customer.c_current_addr_sk)
                           Filter: (ca_gmt_offset = '-7'::numeric)
                           Rows Removed by Filter: 1
                           Buffers: shared hit=117683 read=6901
               ->  Index Scan using customer_demographics_pkey on customer_demographics  (cost=0.43..0.72 rows=1 width=4) (actual time=0.027..0.027 rows=0 loops=4163)
                     Index Cond: (cd_demo_sk = customer.c_current_cdemo_sk)
                     Filter: (((cd_marital_status = 'M'::bpchar) AND (cd_education_status = 'Unknown'::bpchar)) OR ((cd_marital_status = 'W'::bpchar) AND (cd_education_status = 'Advanced Degree'::bpchar)))
                     Rows Removed by Filter: 1
                     Buffers: shared hit=14986 read=1346
         ->  Index Scan using call_center_pkey on call_center  (cost=0.14..0.16 rows=1 width=48) (actual time=0.010..0.010 rows=1 loops=514)
               Index Cond: (cc_call_center_sk = catalog_returns.cr_call_center_sk)
               Buffers: shared hit=1016
 Planning:
   Buffers: shared hit=415
 Planning Time: 4.520 ms
 Execution Time: 11344.035 ms
(54 rows)

