                                                                                                  QUERY PLAN                                                                                                  
--------------------------------------------------------------------------------------------------------------------------------------------------------------------------------------------------------------
 Aggregate  (cost=716146.24..716146.25 rows=1 width=136) (actual time=14618.464..14618.470 rows=1 loops=1)
   Buffers: shared hit=1500179 read=416749
   ->  Nested Loop  (cost=2571.83..716146.10 rows=9 width=58) (actual time=1953.012..14616.177 rows=791 loops=1)
         Buffers: shared hit=1500179 read=416749
         ->  Nested Loop  (cost=2571.69..716144.71 rows=9 width=18) (actual time=1952.987..14606.220 rows=796 loops=1)
               Buffers: shared hit=1498597 read=416749
               ->  Nested Loop  (cost=2571.27..716027.25 rows=164 width=22) (actual time=1917.477..14453.061 rows=5463 loops=1)
                     Buffers: shared hit=1479830 read=414068
                     ->  Nested Loop  (cost=2570.84..715010.66 rows=1528 width=26) (actual time=1917.448..13201.852 rows=49088 loops=1)
                           Buffers: shared hit=1295484 read=402062
                           ->  Nested Loop  (cost=2570.55..712671.62 rows=9167 width=30) (actual time=1903.917..12856.622 rows=310803 loops=1)
                                 Buffers: shared hit=1273887 read=402062
                                 ->  Hash Join  (cost=2570.12..706541.62 rows=9167 width=22) (actual time=1903.878..5546.222 rows=317153 loops=1)
                                       Hash Cond: (catalog_returns.cr_returned_date_sk = date_dim.d_date_sk)
                                       Buffers: shared hit=31415 read=401322
                                       ->  Seq Scan on catalog_returns  (cost=0.00..647267.12 rows=21600412 width=26) (actual time=0.339..3660.802 rows=21598628 loops=1)
                                             Buffers: shared hit=30605 read=400658
                                       ->  Hash  (cost=2569.73..2569.73 rows=31 width=4) (actual time=20.102..20.103 rows=31 loops=1)
                                             Buckets: 1024  Batches: 1  Memory Usage: 10kB
                                             Buffers: shared hit=810 read=664
                                             ->  Seq Scan on date_dim  (cost=0.00..2569.73 rows=31 width=4) (actual time=10.409..20.089 rows=31 loops=1)
                                                   Filter: ((d_year = 2001) AND (d_moy = 7))
                                                   Rows Removed by Filter: 73018
                                                   Buffers: shared hit=810 read=664
                                 ->  Index Scan using customer_pkey on customer  (cost=0.43..0.67 rows=1 width=16) (actual time=0.022..0.022 rows=1 loops=317153)
                                       Index Cond: (c_customer_sk = catalog_returns.cr_returning_customer_sk)
                                       Buffers: shared hit=1242472 read=740
                           ->  Memoize  (cost=0.29..0.31 rows=1 width=4) (actual time=0.001..0.001 rows=0 loops=310803)
                                 Cache Key: customer.c_current_hdemo_sk
                                 Cache Mode: logical
                                 Hits: 303603  Misses: 7200  Evictions: 0  Overflows: 0  Memory Usage: 521kB
                                 Buffers: shared hit=21597
                                 ->  Index Scan using household_demographics_pkey on household_demographics  (cost=0.28..0.30 rows=1 width=4) (actual time=0.015..0.015 rows=0 loops=7200)
                                       Index Cond: (hd_demo_sk = customer.c_current_hdemo_sk)
                                       Filter: (hd_buy_potential ~~ '5001-10000%'::text)
                                       Rows Removed by Filter: 1
                                       Buffers: shared hit=21597
                     ->  Index Scan using customer_address_pkey on customer_address  (cost=0.42..0.67 rows=1 width=4) (actual time=0.025..0.025 rows=0 loops=49088)
                           Index Cond: (ca_address_sk = customer.c_current_addr_sk)
                           Filter: (ca_gmt_offset = '-7'::numeric)
                           Rows Removed by Filter: 1
                           Buffers: shared hit=184346 read=12006
               ->  Index Scan using customer_demographics_pkey on customer_demographics  (cost=0.43..0.72 rows=1 width=4) (actual time=0.028..0.028 rows=0 loops=5463)
                     Index Cond: (cd_demo_sk = customer.c_current_cdemo_sk)
                     Filter: (((cd_marital_status = 'M'::bpchar) AND (cd_education_status = 'Unknown'::bpchar)) OR ((cd_marital_status = 'W'::bpchar) AND (cd_education_status = 'Advanced Degree'::bpchar)))
                     Rows Removed by Filter: 1
                     Buffers: shared hit=18767 read=2681
         ->  Index Scan using call_center_pkey on call_center  (cost=0.14..0.16 rows=1 width=48) (actual time=0.011..0.011 rows=1 loops=796)
               Index Cond: (cc_call_center_sk = catalog_returns.cr_call_center_sk)
               Buffers: shared hit=1582
 Planning:
   Buffers: shared hit=415
 Planning Time: 3.688 ms
 Execution Time: 14619.160 ms
(54 rows)

