                                                                                                     QUERY PLAN                                                                                                     
--------------------------------------------------------------------------------------------------------------------------------------------------------------------------------------------------------------------
 Aggregate  (cost=715921.76..715921.77 rows=1 width=136) (actual time=15790.355..15790.362 rows=1 loops=1)
   Buffers: shared hit=1677359 read=424529
   ->  Hash Join  (cost=2574.36..715921.22 rows=36 width=58) (actual time=3191.043..15780.924 rows=5021 loops=1)
         Hash Cond: (catalog_returns.cr_call_center_sk = call_center.cc_call_center_sk)
         Buffers: shared hit=1677359 read=424529
         ->  Nested Loop  (cost=2571.68..715918.44 rows=36 width=18) (actual time=3190.936..15777.150 rows=5073 loops=1)
               Buffers: shared hit=1677357 read=424529
               ->  Nested Loop  (cost=2571.26..715863.88 rows=82 width=22) (actual time=3177.026..15532.367 rows=9306 loops=1)
                     Buffers: shared hit=1642292 read=422370
                     ->  Nested Loop  (cost=2570.83..714805.30 rows=1478 width=26) (actual time=3169.535..14001.496 rows=61229 loops=1)
                           Buffers: shared hit=1426067 read=398031
                           ->  Nested Loop  (cost=2570.54..712473.67 rows=8871 width=30) (actual time=3168.718..13623.019 rows=342441 loops=1)
                                 Buffers: shared hit=1404470 read=398031
                                 ->  Hash Join  (cost=2570.11..706541.60 rows=8871 width=22) (actual time=3166.982..5638.092 rows=349495 loops=1)
                                       Hash Cond: (catalog_returns.cr_returned_date_sk = date_dim.d_date_sk)
                                       Buffers: shared hit=35360 read=397377
                                       ->  Seq Scan on catalog_returns  (cost=0.00..647267.12 rows=21600412 width=26) (actual time=0.043..3749.396 rows=21598628 loops=1)
                                             Buffers: shared hit=34823 read=396440
                                       ->  Hash  (cost=2569.73..2569.73 rows=30 width=4) (actual time=23.653..23.654 rows=31 loops=1)
                                             Buckets: 1024  Batches: 1  Memory Usage: 10kB
                                             Buffers: shared hit=537 read=937
                                             ->  Seq Scan on date_dim  (cost=0.00..2569.73 rows=30 width=4) (actual time=14.603..23.636 rows=31 loops=1)
                                                   Filter: ((d_year = 2002) AND (d_moy = 12))
                                                   Rows Removed by Filter: 73018
                                                   Buffers: shared hit=537 read=937
                                 ->  Index Scan using customer_pkey on customer  (cost=0.43..0.67 rows=1 width=16) (actual time=0.022..0.022 rows=1 loops=349495)
                                       Index Cond: (c_customer_sk = catalog_returns.cr_returning_customer_sk)
                                       Buffers: shared hit=1369110 read=654
                           ->  Memoize  (cost=0.29..0.31 rows=1 width=4) (actual time=0.001..0.001 rows=0 loops=342441)
                                 Cache Key: customer.c_current_hdemo_sk
                                 Cache Mode: logical
                                 Hits: 335241  Misses: 7200  Evictions: 0  Overflows: 0  Memory Usage: 521kB
                                 Buffers: shared hit=21597
                                 ->  Index Scan using household_demographics_pkey on household_demographics  (cost=0.28..0.30 rows=1 width=4) (actual time=0.016..0.016 rows=0 loops=7200)
                                       Index Cond: (hd_demo_sk = customer.c_current_hdemo_sk)
                                       Filter: (hd_buy_potential ~~ '>10000%'::text)
                                       Rows Removed by Filter: 1
                                       Buffers: shared hit=21597
                     ->  Index Scan using customer_demographics_pkey on customer_demographics  (cost=0.43..0.72 rows=1 width=4) (actual time=0.025..0.025 rows=0 loops=61229)
                           Index Cond: (cd_demo_sk = customer.c_current_cdemo_sk)
                           Filter: (((cd_marital_status = 'M'::bpchar) AND (cd_education_status = 'Unknown'::bpchar)) OR ((cd_marital_status = 'W'::bpchar) AND (cd_education_status = 'Advanced Degree'::bpchar)))
                           Rows Removed by Filter: 1
                           Buffers: shared hit=216225 read=24339
               ->  Index Scan using customer_address_pkey on customer_address  (cost=0.42..0.67 rows=1 width=4) (actual time=0.026..0.026 rows=1 loops=9306)
                     Index Cond: (ca_address_sk = customer.c_current_addr_sk)
                     Filter: (ca_gmt_offset = '-6'::numeric)
                     Rows Removed by Filter: 0
                     Buffers: shared hit=35065 read=2159
         ->  Hash  (cost=2.30..2.30 rows=30 width=48) (actual time=0.080..0.080 rows=30 loops=1)
               Buckets: 1024  Batches: 1  Memory Usage: 11kB
               Buffers: shared hit=2
               ->  Seq Scan on call_center  (cost=0.00..2.30 rows=30 width=48) (actual time=0.029..0.050 rows=30 loops=1)
                     Buffers: shared hit=2
 Planning:
   Buffers: shared hit=384 read=31
 Planning Time: 4.842 ms
 Execution Time: 15791.165 ms
(57 rows)

