                                                                                                  QUERY PLAN                                                                                                  
--------------------------------------------------------------------------------------------------------------------------------------------------------------------------------------------------------------
 Aggregate  (cost=716146.24..716146.25 rows=1 width=136) (actual time=14264.139..14264.146 rows=1 loops=1)
   Buffers: shared hit=1459808 read=414247
   ->  Nested Loop  (cost=2571.83..716146.10 rows=9 width=58) (actual time=14264.134..14264.140 rows=0 loops=1)
         Buffers: shared hit=1459808 read=414247
         ->  Nested Loop  (cost=2571.69..716144.71 rows=9 width=18) (actual time=14264.133..14264.139 rows=0 loops=1)
               Buffers: shared hit=1459808 read=414247
               ->  Nested Loop  (cost=2571.27..716027.25 rows=164 width=22) (actual time=2821.929..14148.902 rows=4489 loops=1)
                     Buffers: shared hit=1443484 read=412899
                     ->  Nested Loop  (cost=2570.84..715010.66 rows=1528 width=26) (actual time=2804.407..13069.734 rows=42071 loops=1)
                           Buffers: shared hit=1284676 read=403423
                           ->  Nested Loop  (cost=2570.55..712671.62 rows=9167 width=30) (actual time=2798.803..12732.603 rows=308442 loops=1)
                                 Buffers: shared hit=1263082 read=403423
                                 ->  Hash Join  (cost=2570.12..706541.62 rows=9167 width=22) (actual time=2798.760..5352.604 rows=314722 loops=1)
                                       Hash Cond: (catalog_returns.cr_returned_date_sk = date_dim.d_date_sk)
                                       Buffers: shared hit=29683 read=403054
                                       ->  Seq Scan on catalog_returns  (cost=0.00..647267.12 rows=21600412 width=26) (actual time=0.046..3506.234 rows=21598628 loops=1)
                                             Buffers: shared hit=28746 read=402517
                                       ->  Hash  (cost=2569.73..2569.73 rows=31 width=4) (actual time=21.434..21.435 rows=31 loops=1)
                                             Buckets: 1024  Batches: 1  Memory Usage: 10kB
                                             Buffers: shared hit=937 read=537
                                             ->  Seq Scan on date_dim  (cost=0.00..2569.73 rows=31 width=4) (actual time=11.577..21.419 rows=31 loops=1)
                                                   Filter: ((d_year = 2002) AND (d_moy = 10))
                                                   Rows Removed by Filter: 73018
                                                   Buffers: shared hit=937 read=537
                                 ->  Index Scan using customer_pkey on customer  (cost=0.43..0.67 rows=1 width=16) (actual time=0.023..0.023 rows=1 loops=314722)
                                       Index Cond: (c_customer_sk = catalog_returns.cr_returning_customer_sk)
                                       Buffers: shared hit=1233399 read=369
                           ->  Memoize  (cost=0.29..0.31 rows=1 width=4) (actual time=0.001..0.001 rows=0 loops=308442)
                                 Cache Key: customer.c_current_hdemo_sk
                                 Cache Mode: logical
                                 Hits: 301243  Misses: 7199  Evictions: 0  Overflows: 0  Memory Usage: 521kB
                                 Buffers: shared hit=21594
                                 ->  Index Scan using household_demographics_pkey on household_demographics  (cost=0.28..0.30 rows=1 width=4) (actual time=0.014..0.014 rows=0 loops=7199)
                                       Index Cond: (hd_demo_sk = customer.c_current_hdemo_sk)
                                       Filter: (hd_buy_potential ~~ '1001-5000%'::text)
                                       Rows Removed by Filter: 1
                                       Buffers: shared hit=21594
                     ->  Index Scan using customer_address_pkey on customer_address  (cost=0.42..0.67 rows=1 width=4) (actual time=0.025..0.025 rows=0 loops=42071)
                           Index Cond: (ca_address_sk = customer.c_current_addr_sk)
                           Filter: (ca_gmt_offset = '-7'::numeric)
                           Rows Removed by Filter: 1
                           Buffers: shared hit=158808 read=9476
               ->  Index Scan using customer_demographics_pkey on customer_demographics  (cost=0.43..0.72 rows=1 width=4) (actual time=0.025..0.025 rows=0 loops=4489)
                     Index Cond: (cd_demo_sk = customer.c_current_cdemo_sk)
                     Filter: (((cd_marital_status = 'M'::bpchar) AND (cd_education_status = 'Unknown'::bpchar)) OR ((cd_marital_status = 'W'::bpchar) AND (cd_education_status = 'Advanced Degree'::bpchar)))
                     Rows Removed by Filter: 1
                     Buffers: shared hit=16324 read=1348
         ->  Index Scan using call_center_pkey on call_center  (cost=0.14..0.16 rows=1 width=48) (never executed)
               Index Cond: (cc_call_center_sk = catalog_returns.cr_call_center_sk)
 Planning:
   Buffers: shared hit=415
 Planning Time: 4.258 ms
 Execution Time: 14264.947 ms
(53 rows)

