                                                                                                  QUERY PLAN                                                                                                  
--------------------------------------------------------------------------------------------------------------------------------------------------------------------------------------------------------------
 Aggregate  (cost=715661.61..715661.62 rows=1 width=136) (actual time=14291.372..14291.378 rows=1 loops=1)
   Buffers: shared hit=1451218 read=421102
   ->  Nested Loop  (cost=2571.81..715661.49 rows=8 width=58) (actual time=14291.367..14291.373 rows=0 loops=1)
         Buffers: shared hit=1451218 read=421102
         ->  Nested Loop  (cost=2571.67..715660.25 rows=8 width=18) (actual time=14291.366..14291.372 rows=0 loops=1)
               Buffers: shared hit=1451218 read=421102
               ->  Nested Loop  (cost=2571.24..715550.67 rows=153 width=22) (actual time=3218.221..14166.839 rows=4596 loops=1)
                     Buffers: shared hit=1434571 read=419689
                     ->  Nested Loop  (cost=2570.82..714599.95 rows=1429 width=26) (actual time=3208.037..13122.663 rows=42125 loops=1)
                           Buffers: shared hit=1275873 read=409887
                           ->  Nested Loop  (cost=2570.52..712275.72 rows=8575 width=30) (actual time=3207.198..12783.352 rows=307858 loops=1)
                                 Buffers: shared hit=1254282 read=409887
                                 ->  Hash Join  (cost=2570.10..706541.59 rows=8575 width=22) (actual time=3207.156..5632.043 rows=314133 loops=1)
                                       Hash Cond: (catalog_returns.cr_returned_date_sk = date_dim.d_date_sk)
                                       Buffers: shared hit=23127 read=409610
                                       ->  Seq Scan on catalog_returns  (cost=0.00..647267.12 rows=21600412 width=26) (actual time=0.042..3698.681 rows=21598628 loops=1)
                                             Buffers: shared hit=22590 read=408673
                                       ->  Hash  (cost=2569.73..2569.73 rows=29 width=4) (actual time=21.898..21.899 rows=30 loops=1)
                                             Buckets: 1024  Batches: 1  Memory Usage: 10kB
                                             Buffers: shared hit=537 read=937
                                             ->  Seq Scan on date_dim  (cost=0.00..2569.73 rows=29 width=4) (actual time=12.650..21.881 rows=30 loops=1)
                                                   Filter: ((d_year = 2002) AND (d_moy = 11))
                                                   Rows Removed by Filter: 73019
                                                   Buffers: shared hit=537 read=937
                                 ->  Index Scan using customer_pkey on customer  (cost=0.43..0.67 rows=1 width=16) (actual time=0.022..0.022 rows=1 loops=314133)
                                       Index Cond: (c_customer_sk = catalog_returns.cr_returning_customer_sk)
                                       Buffers: shared hit=1231155 read=277
                           ->  Memoize  (cost=0.29..0.31 rows=1 width=4) (actual time=0.001..0.001 rows=0 loops=307858)
                                 Cache Key: customer.c_current_hdemo_sk
                                 Cache Mode: logical
                                 Hits: 300660  Misses: 7198  Evictions: 0  Overflows: 0  Memory Usage: 521kB
                                 Buffers: shared hit=21591
                                 ->  Index Scan using household_demographics_pkey on household_demographics  (cost=0.28..0.30 rows=1 width=4) (actual time=0.015..0.015 rows=0 loops=7198)
                                       Index Cond: (hd_demo_sk = customer.c_current_hdemo_sk)
                                       Filter: (hd_buy_potential ~~ '1001-5000%'::text)
                                       Rows Removed by Filter: 1
                                       Buffers: shared hit=21591
                     ->  Index Scan using customer_address_pkey on customer_address  (cost=0.42..0.67 rows=1 width=4) (actual time=0.024..0.024 rows=0 loops=42125)
                           Index Cond: (ca_address_sk = customer.c_current_addr_sk)
                           Filter: (ca_gmt_offset = '-7'::numeric)
                           Rows Removed by Filter: 1
                           Buffers: shared hit=158698 read=9802
               ->  Index Scan using customer_demographics_pkey on customer_demographics  (cost=0.43..0.72 rows=1 width=4) (actual time=0.027..0.027 rows=0 loops=4596)
                     Index Cond: (cd_demo_sk = customer.c_current_cdemo_sk)
                     Filter: (((cd_marital_status = 'M'::bpchar) AND (cd_education_status = 'Unknown'::bpchar)) OR ((cd_marital_status = 'W'::bpchar) AND (cd_education_status = 'Advanced Degree'::bpchar)))
                     Rows Removed by Filter: 1
                     Buffers: shared hit=16647 read=1413
         ->  Index Scan using call_center_pkey on call_center  (cost=0.14..0.16 rows=1 width=48) (never executed)
               Index Cond: (cc_call_center_sk = catalog_returns.cr_call_center_sk)
 Planning:
   Buffers: shared hit=384 read=31
 Planning Time: 4.866 ms
 Execution Time: 14291.970 ms
(53 rows)

