                                                                                                  QUERY PLAN                                                                                                  
--------------------------------------------------------------------------------------------------------------------------------------------------------------------------------------------------------------
 Aggregate  (cost=715903.32..715903.33 rows=1 width=136) (actual time=13570.335..13570.342 rows=1 loops=1)
   Buffers: shared hit=1334291 read=415334
   ->  Nested Loop  (cost=2571.82..715903.18 rows=9 width=58) (actual time=1567.875..13569.214 rows=315 loops=1)
         Buffers: shared hit=1334291 read=415334
         ->  Nested Loop  (cost=2571.68..715901.79 rows=9 width=18) (actual time=1567.862..13565.730 rows=318 loops=1)
               Buffers: shared hit=1333661 read=415334
               ->  Nested Loop  (cost=2571.25..715788.62 rows=158 width=22) (actual time=1537.980..13468.332 rows=3463 loops=1)
                     Buffers: shared hit=1321628 read=413759
                     ->  Nested Loop  (cost=2570.83..714805.30 rows=1478 width=26) (actual time=1517.375..12279.016 rows=45974 loops=1)
                           Buffers: shared hit=1146151 read=405340
                           ->  Nested Loop  (cost=2570.54..712473.67 rows=8871 width=30) (actual time=1512.367..11972.045 rows=274293 loops=1)
                                 Buffers: shared hit=1124569 read=405340
                                 ->  Hash Join  (cost=2570.11..706541.60 rows=8871 width=22) (actual time=1512.321..5401.547 rows=279797 loops=1)
                                       Hash Cond: (catalog_returns.cr_returned_date_sk = date_dim.d_date_sk)
                                       Buffers: shared hit=27582 read=405155
                                       ->  Seq Scan on catalog_returns  (cost=0.00..647267.12 rows=21600412 width=26) (actual time=0.048..3580.537 rows=21598628 loops=1)
                                             Buffers: shared hit=26108 read=405155
                                       ->  Hash  (cost=2569.73..2569.73 rows=30 width=4) (actual time=18.790..18.791 rows=31 loops=1)
                                             Buckets: 1024  Batches: 1  Memory Usage: 10kB
                                             Buffers: shared hit=1474
                                             ->  Seq Scan on date_dim  (cost=0.00..2569.73 rows=30 width=4) (actual time=11.597..18.776 rows=31 loops=1)
                                                   Filter: ((d_year = 2001) AND (d_moy = 1))
                                                   Rows Removed by Filter: 73018
                                                   Buffers: shared hit=1474
                                 ->  Index Scan using customer_pkey on customer  (cost=0.43..0.67 rows=1 width=16) (actual time=0.023..0.023 rows=1 loops=279797)
                                       Index Cond: (c_customer_sk = catalog_returns.cr_returning_customer_sk)
                                       Buffers: shared hit=1096987 read=185
                           ->  Memoize  (cost=0.29..0.31 rows=1 width=4) (actual time=0.001..0.001 rows=0 loops=274293)
                                 Cache Key: customer.c_current_hdemo_sk
                                 Cache Mode: logical
                                 Hits: 267098  Misses: 7195  Evictions: 0  Overflows: 0  Memory Usage: 520kB
                                 Buffers: shared hit=21582
                                 ->  Index Scan using household_demographics_pkey on household_demographics  (cost=0.28..0.30 rows=1 width=4) (actual time=0.014..0.014 rows=0 loops=7195)
                                       Index Cond: (hd_demo_sk = customer.c_current_hdemo_sk)
                                       Filter: (hd_buy_potential ~~ '501-1000%'::text)
                                       Rows Removed by Filter: 1
                                       Buffers: shared hit=21582
                     ->  Index Scan using customer_address_pkey on customer_address  (cost=0.42..0.67 rows=1 width=4) (actual time=0.026..0.026 rows=0 loops=45974)
                           Index Cond: (ca_address_sk = customer.c_current_addr_sk)
                           Filter: (ca_gmt_offset = '-7'::numeric)
                           Rows Removed by Filter: 1
                           Buffers: shared hit=175477 read=8419
               ->  Index Scan using customer_demographics_pkey on customer_demographics  (cost=0.43..0.72 rows=1 width=4) (actual time=0.028..0.028 rows=0 loops=3463)
                     Index Cond: (cd_demo_sk = customer.c_current_cdemo_sk)
                     Filter: (((cd_marital_status = 'M'::bpchar) AND (cd_education_status = 'Unknown'::bpchar)) OR ((cd_marital_status = 'W'::bpchar) AND (cd_education_status = 'Advanced Degree'::bpchar)))
                     Rows Removed by Filter: 1
                     Buffers: shared hit=12033 read=1575
         ->  Index Scan using call_center_pkey on call_center  (cost=0.14..0.16 rows=1 width=48) (actual time=0.009..0.009 rows=1 loops=318)
               Index Cond: (cc_call_center_sk = catalog_returns.cr_call_center_sk)
               Buffers: shared hit=630
 Planning:
   Buffers: shared hit=415
 Planning Time: 3.972 ms
 Execution Time: 13571.085 ms
(54 rows)

