                                                                                                  QUERY PLAN                                                                                                  
--------------------------------------------------------------------------------------------------------------------------------------------------------------------------------------------------------------
 Aggregate  (cost=715903.32..715903.33 rows=1 width=136) (actual time=15458.012..15458.018 rows=1 loops=1)
   Buffers: shared hit=1650140 read=415620
   ->  Nested Loop  (cost=2571.82..715903.18 rows=9 width=58) (actual time=3167.713..15455.605 rows=851 loops=1)
         Buffers: shared hit=1650140 read=415620
         ->  Nested Loop  (cost=2571.68..715901.79 rows=9 width=18) (actual time=3167.697..15444.297 rows=858 loops=1)
               Buffers: shared hit=1648438 read=415620
               ->  Nested Loop  (cost=2571.25..715788.62 rows=158 width=22) (actual time=3159.795..15283.811 rows=6036 loops=1)
                     Buffers: shared hit=1629003 read=411351
                     ->  Nested Loop  (cost=2570.83..714805.30 rows=1478 width=26) (actual time=3152.845..13946.121 rows=54064 loops=1)
                           Buffers: shared hit=1419292 read=404806
                           ->  Nested Loop  (cost=2570.54..712473.67 rows=8871 width=30) (actual time=3151.360..13569.288 rows=342441 loops=1)
                                 Buffers: shared hit=1397695 read=404806
                                 ->  Hash Join  (cost=2570.11..706541.60 rows=8871 width=22) (actual time=3149.627..5644.563 rows=349495 loops=1)
                                       Hash Cond: (catalog_returns.cr_returned_date_sk = date_dim.d_date_sk)
                                       Buffers: shared hit=28037 read=404700
                                       ->  Seq Scan on catalog_returns  (cost=0.00..647267.12 rows=21600412 width=26) (actual time=0.051..3720.880 rows=21598628 loops=1)
                                             Buffers: shared hit=26901 read=404362
                                       ->  Hash  (cost=2569.73..2569.73 rows=30 width=4) (actual time=23.115..23.116 rows=31 loops=1)
                                             Buckets: 1024  Batches: 1  Memory Usage: 10kB
                                             Buffers: shared hit=1136 read=338
                                             ->  Seq Scan on date_dim  (cost=0.00..2569.73 rows=30 width=4) (actual time=12.652..23.103 rows=31 loops=1)
                                                   Filter: ((d_year = 2002) AND (d_moy = 12))
                                                   Rows Removed by Filter: 73018
                                                   Buffers: shared hit=1136 read=338
                                 ->  Index Scan using customer_pkey on customer  (cost=0.43..0.67 rows=1 width=16) (actual time=0.022..0.022 rows=1 loops=349495)
                                       Index Cond: (c_customer_sk = catalog_returns.cr_returning_customer_sk)
                                       Buffers: shared hit=1369658 read=106
                           ->  Memoize  (cost=0.29..0.31 rows=1 width=4) (actual time=0.001..0.001 rows=0 loops=342441)
                                 Cache Key: customer.c_current_hdemo_sk
                                 Cache Mode: logical
                                 Hits: 335241  Misses: 7200  Evictions: 0  Overflows: 0  Memory Usage: 521kB
                                 Buffers: shared hit=21597
                                 ->  Index Scan using household_demographics_pkey on household_demographics  (cost=0.28..0.30 rows=1 width=4) (actual time=0.017..0.017 rows=0 loops=7200)
                                       Index Cond: (hd_demo_sk = customer.c_current_hdemo_sk)
                                       Filter: (hd_buy_potential ~~ '5001-10000%'::text)
                                       Rows Removed by Filter: 1
                                       Buffers: shared hit=21597
                     ->  Index Scan using customer_address_pkey on customer_address  (cost=0.42..0.67 rows=1 width=4) (actual time=0.024..0.024 rows=0 loops=54064)
                           Index Cond: (ca_address_sk = customer.c_current_addr_sk)
                           Filter: (ca_gmt_offset = '-7'::numeric)
                           Rows Removed by Filter: 1
                           Buffers: shared hit=209711 read=6545
               ->  Index Scan using customer_demographics_pkey on customer_demographics  (cost=0.43..0.72 rows=1 width=4) (actual time=0.026..0.026 rows=0 loops=6036)
                     Index Cond: (cd_demo_sk = customer.c_current_cdemo_sk)
                     Filter: (((cd_marital_status = 'M'::bpchar) AND (cd_education_status = 'Unknown'::bpchar)) OR ((cd_marital_status = 'W'::bpchar) AND (cd_education_status = 'Advanced Degree'::bpchar)))
                     Rows Removed by Filter: 1
                     Buffers: shared hit=19435 read=4269
         ->  Index Scan using call_center_pkey on call_center  (cost=0.14..0.16 rows=1 width=48) (actual time=0.012..0.012 rows=1 loops=858)
               Index Cond: (cc_call_center_sk = catalog_returns.cr_call_center_sk)
               Buffers: shared hit=1702
 Planning:
   Buffers: shared hit=415
 Planning Time: 4.549 ms
 Execution Time: 15458.839 ms
(54 rows)

