                                                                                                  QUERY PLAN                                                                                                  
--------------------------------------------------------------------------------------------------------------------------------------------------------------------------------------------------------------
 Aggregate  (cost=716146.24..716146.25 rows=1 width=136) (actual time=12360.543..12360.549 rows=1 loops=1)
   Buffers: shared hit=1193349 read=411589
   ->  Nested Loop  (cost=2571.83..716146.10 rows=9 width=58) (actual time=1319.614..12359.595 rows=277 loops=1)
         Buffers: shared hit=1193349 read=411589
         ->  Nested Loop  (cost=2571.69..716144.71 rows=9 width=18) (actual time=1319.597..12356.734 rows=279 loops=1)
               Buffers: shared hit=1192795 read=411589
               ->  Nested Loop  (cost=2571.27..716027.25 rows=164 width=22) (actual time=1181.655..12236.612 rows=4327 loops=1)
                     Buffers: shared hit=1178772 read=408640
                     ->  Nested Loop  (cost=2570.84..715010.66 rows=1528 width=26) (actual time=1158.709..11147.723 rows=42921 loops=1)
                           Buffers: shared hit=1012865 read=402863
                           ->  Nested Loop  (cost=2570.55..712671.62 rows=9167 width=30) (actual time=1158.675..10857.325 rows=240350 loops=1)
                                 Buffers: shared hit=991274 read=402863
                                 ->  Hash Join  (cost=2570.12..706541.62 rows=9167 width=22) (actual time=1158.623..5223.329 rows=245202 loops=1)
                                       Hash Cond: (catalog_returns.cr_returned_date_sk = date_dim.d_date_sk)
                                       Buffers: shared hit=30074 read=402663
                                       ->  Seq Scan on catalog_returns  (cost=0.00..647267.12 rows=21600412 width=26) (actual time=0.046..3463.738 rows=21598628 loops=1)
                                             Buffers: shared hit=28600 read=402663
                                       ->  Hash  (cost=2569.73..2569.73 rows=31 width=4) (actual time=24.533..24.535 rows=31 loops=1)
                                             Buckets: 1024  Batches: 1  Memory Usage: 10kB
                                             Buffers: shared hit=1474
                                             ->  Seq Scan on date_dim  (cost=0.00..2569.73 rows=31 width=4) (actual time=13.058..24.517 rows=31 loops=1)
                                                   Filter: ((d_year = 2000) AND (d_moy = 7))
                                                   Rows Removed by Filter: 73018
                                                   Buffers: shared hit=1474
                                 ->  Index Scan using customer_pkey on customer  (cost=0.43..0.67 rows=1 width=16) (actual time=0.022..0.022 rows=1 loops=245202)
                                       Index Cond: (c_customer_sk = catalog_returns.cr_returning_customer_sk)
                                       Buffers: shared hit=961200 read=200
                           ->  Memoize  (cost=0.29..0.31 rows=1 width=4) (actual time=0.001..0.001 rows=0 loops=240350)
                                 Cache Key: customer.c_current_hdemo_sk
                                 Cache Mode: logical
                                 Hits: 233152  Misses: 7198  Evictions: 0  Overflows: 0  Memory Usage: 521kB
                                 Buffers: shared hit=21591
                                 ->  Index Scan using household_demographics_pkey on household_demographics  (cost=0.28..0.30 rows=1 width=4) (actual time=0.015..0.015 rows=0 loops=7198)
                                       Index Cond: (hd_demo_sk = customer.c_current_hdemo_sk)
                                       Filter: (hd_buy_potential ~~ '>10000%'::text)
                                       Rows Removed by Filter: 1
                                       Buffers: shared hit=21591
                     ->  Index Scan using customer_address_pkey on customer_address  (cost=0.42..0.67 rows=1 width=4) (actual time=0.025..0.025 rows=0 loops=42921)
                           Index Cond: (ca_address_sk = customer.c_current_addr_sk)
                           Filter: (ca_gmt_offset = '-7'::numeric)
                           Rows Removed by Filter: 1
                           Buffers: shared hit=165907 read=5777
               ->  Index Scan using customer_demographics_pkey on customer_demographics  (cost=0.43..0.72 rows=1 width=4) (actual time=0.027..0.027 rows=0 loops=4327)
                     Index Cond: (cd_demo_sk = customer.c_current_cdemo_sk)
                     Filter: (((cd_marital_status = 'M'::bpchar) AND (cd_education_status = 'Unknown'::bpchar)) OR ((cd_marital_status = 'W'::bpchar) AND (cd_education_status = 'Advanced Degree'::bpchar)))
                     Rows Removed by Filter: 1
                     Buffers: shared hit=14023 read=2949
         ->  Index Scan using call_center_pkey on call_center  (cost=0.14..0.16 rows=1 width=48) (actual time=0.009..0.009 rows=1 loops=279)
               Index Cond: (cc_call_center_sk = catalog_returns.cr_call_center_sk)
               Buffers: shared hit=554
 Planning:
   Buffers: shared hit=415
 Planning Time: 4.370 ms
 Execution Time: 12361.213 ms
(54 rows)

