                                                                                                     QUERY PLAN                                                                                                     
--------------------------------------------------------------------------------------------------------------------------------------------------------------------------------------------------------------------
 Aggregate  (cost=715921.76..715921.77 rows=1 width=136) (actual time=13321.045..13321.052 rows=1 loops=1)
   Buffers: shared hit=1317174 read=434492
   ->  Hash Join  (cost=2574.36..715921.22 rows=36 width=58) (actual time=446.845..13319.539 rows=502 loops=1)
         Hash Cond: (catalog_returns.cr_call_center_sk = call_center.cc_call_center_sk)
         Buffers: shared hit=1317174 read=434492
         ->  Nested Loop  (cost=2571.68..715918.44 rows=36 width=18) (actual time=446.766..13318.867 rows=505 loops=1)
               Buffers: shared hit=1317172 read=434492
               ->  Nested Loop  (cost=2571.26..715863.88 rows=82 width=22) (actual time=436.199..13243.840 rows=3134 loops=1)
                     Buffers: shared hit=1305063 read=434065
                     ->  Nested Loop  (cost=2570.83..714805.30 rows=1478 width=26) (actual time=431.005..12096.810 rows=43897 loops=1)
                           Buffers: shared hit=1155180 read=411376
                           ->  Nested Loop  (cost=2570.54..712473.67 rows=8871 width=30) (actual time=430.983..11787.896 rows=278057 loops=1)
                                 Buffers: shared hit=1133589 read=411376
                                 ->  Hash Join  (cost=2570.11..706541.60 rows=8871 width=22) (actual time=430.939..5347.314 rows=283720 loops=1)
                                       Hash Cond: (catalog_returns.cr_returned_date_sk = date_dim.d_date_sk)
                                       Buffers: shared hit=21577 read=411160
                                       ->  Seq Scan on catalog_returns  (cost=0.00..647267.12 rows=21600412 width=26) (actual time=0.032..3548.102 rows=21598628 loops=1)
                                             Buffers: shared hit=20103 read=411160
                                       ->  Hash  (cost=2569.73..2569.73 rows=30 width=4) (actual time=19.497..19.498 rows=31 loops=1)
                                             Buckets: 1024  Batches: 1  Memory Usage: 10kB
                                             Buffers: shared hit=1474
                                             ->  Seq Scan on date_dim  (cost=0.00..2569.73 rows=30 width=4) (actual time=10.942..19.482 rows=31 loops=1)
                                                   Filter: ((d_year = 1999) AND (d_moy = 5))
                                                   Rows Removed by Filter: 73018
                                                   Buffers: shared hit=1474
                                 ->  Index Scan using customer_pkey on customer  (cost=0.43..0.67 rows=1 width=16) (actual time=0.022..0.022 rows=1 loops=283720)
                                       Index Cond: (c_customer_sk = catalog_returns.cr_returning_customer_sk)
                                       Buffers: shared hit=1112012 read=216
                           ->  Memoize  (cost=0.29..0.31 rows=1 width=4) (actual time=0.001..0.001 rows=0 loops=278057)
                                 Cache Key: customer.c_current_hdemo_sk
                                 Cache Mode: logical
                                 Hits: 270859  Misses: 7198  Evictions: 0  Overflows: 0  Memory Usage: 521kB
                                 Buffers: shared hit=21591
                                 ->  Index Scan using household_demographics_pkey on household_demographics  (cost=0.28..0.30 rows=1 width=4) (actual time=0.014..0.014 rows=0 loops=7198)
                                       Index Cond: (hd_demo_sk = customer.c_current_hdemo_sk)
                                       Filter: (hd_buy_potential ~~ '5001-10000%'::text)
                                       Rows Removed by Filter: 1
                                       Buffers: shared hit=21591
                     ->  Index Scan using customer_demographics_pkey on customer_demographics  (cost=0.43..0.72 rows=1 width=4) (actual time=0.026..0.026 rows=0 loops=43897)
                           Index Cond: (cd_demo_sk = customer.c_current_cdemo_sk)
                           Filter: (((cd_marital_status = 'M'::bpchar) AND (cd_education_status = 'Unknown'::bpchar)) OR ((cd_marital_status = 'W'::bpchar) AND (cd_education_status = 'Advanced Degree'::bpchar)))
                           Rows Removed by Filter: 1
                           Buffers: shared hit=149883 read=22689
               ->  Index Scan using customer_address_pkey on customer_address  (cost=0.42..0.67 rows=1 width=4) (actual time=0.023..0.023 rows=0 loops=3134)
                     Index Cond: (ca_address_sk = customer.c_current_addr_sk)
                     Filter: (ca_gmt_offset = '-6'::numeric)
                     Rows Removed by Filter: 1
                     Buffers: shared hit=12109 read=427
         ->  Hash  (cost=2.30..2.30 rows=30 width=48) (actual time=0.058..0.059 rows=30 loops=1)
               Buckets: 1024  Batches: 1  Memory Usage: 11kB
               Buffers: shared hit=2
               ->  Seq Scan on call_center  (cost=0.00..2.30 rows=30 width=48) (actual time=0.023..0.039 rows=30 loops=1)
                     Buffers: shared hit=2
 Planning:
   Buffers: shared hit=415
 Planning Time: 3.388 ms
 Execution Time: 13321.696 ms
(57 rows)

