                                                                                                     QUERY PLAN                                                                                                     
--------------------------------------------------------------------------------------------------------------------------------------------------------------------------------------------------------------------
 Aggregate  (cost=715679.29..715679.30 rows=1 width=136) (actual time=10904.690..10904.697 rows=1 loops=1)
   Buffers: shared hit=940778 read=422889
   ->  Hash Join  (cost=2574.34..715678.77 rows=35 width=58) (actual time=81.903..10899.662 rows=2730 loops=1)
         Hash Cond: (catalog_returns.cr_call_center_sk = call_center.cc_call_center_sk)
         Buffers: shared hit=940778 read=422889
         ->  Nested Loop  (cost=2571.67..715675.99 rows=35 width=18) (actual time=81.807..10897.618 rows=2754 loops=1)
               Buffers: shared hit=940776 read=422889
               ->  Nested Loop  (cost=2571.24..715623.43 rows=79 width=22) (actual time=81.770..10754.411 rows=5097 loops=1)
                     Buffers: shared hit=921425 read=421852
                     ->  Nested Loop  (cost=2570.82..714599.95 rows=1429 width=26) (actual time=78.775..9882.125 rows=33907 loops=1)
                           Buffers: shared hit=798688 read=411469
                           ->  Nested Loop  (cost=2570.52..712275.72 rows=8575 width=30) (actual time=78.489..9640.631 rows=188961 loops=1)
                                 Buffers: shared hit=777112 read=411469
                                 ->  Hash Join  (cost=2570.10..706541.59 rows=8575 width=22) (actual time=78.438..5210.678 rows=192746 loops=1)
                                       Hash Cond: (catalog_returns.cr_returned_date_sk = date_dim.d_date_sk)
                                       Buffers: shared hit=21395 read=411342
                                       ->  Seq Scan on catalog_returns  (cost=0.00..647267.12 rows=21600412 width=26) (actual time=0.323..3451.344 rows=21598628 loops=1)
                                             Buffers: shared hit=20742 read=410521
                                       ->  Hash  (cost=2569.73..2569.73 rows=29 width=4) (actual time=23.186..23.187 rows=30 loops=1)
                                             Buckets: 1024  Batches: 1  Memory Usage: 10kB
                                             Buffers: shared hit=653 read=821
                                             ->  Seq Scan on date_dim  (cost=0.00..2569.73 rows=29 width=4) (actual time=12.557..23.171 rows=30 loops=1)
                                                   Filter: ((d_year = 1998) AND (d_moy = 11))
                                                   Rows Removed by Filter: 73019
                                                   Buffers: shared hit=653 read=821
                                 ->  Index Scan using customer_pkey on customer  (cost=0.43..0.67 rows=1 width=16) (actual time=0.022..0.022 rows=1 loops=192746)
                                       Index Cond: (c_customer_sk = catalog_returns.cr_returning_customer_sk)
                                       Buffers: shared hit=755717 read=127
                           ->  Memoize  (cost=0.29..0.31 rows=1 width=4) (actual time=0.001..0.001 rows=0 loops=188961)
                                 Cache Key: customer.c_current_hdemo_sk
                                 Cache Mode: logical
                                 Hits: 181768  Misses: 7193  Evictions: 0  Overflows: 0  Memory Usage: 520kB
                                 Buffers: shared hit=21576
                                 ->  Index Scan using household_demographics_pkey on household_demographics  (cost=0.28..0.30 rows=1 width=4) (actual time=0.013..0.013 rows=0 loops=7193)
                                       Index Cond: (hd_demo_sk = customer.c_current_hdemo_sk)
                                       Filter: (hd_buy_potential ~~ '>10000%'::text)
                                       Rows Removed by Filter: 1
                                       Buffers: shared hit=21576
                     ->  Index Scan using customer_demographics_pkey on customer_demographics  (cost=0.43..0.72 rows=1 width=4) (actual time=0.025..0.025 rows=0 loops=33907)
                           Index Cond: (cd_demo_sk = customer.c_current_cdemo_sk)
                           Filter: (((cd_marital_status = 'M'::bpchar) AND (cd_education_status = 'Unknown'::bpchar)) OR ((cd_marital_status = 'W'::bpchar) AND (cd_education_status = 'Advanced Degree'::bpchar)))
                           Rows Removed by Filter: 1
                           Buffers: shared hit=122737 read=10383
               ->  Index Scan using customer_address_pkey on customer_address  (cost=0.42..0.67 rows=1 width=4) (actual time=0.027..0.027 rows=1 loops=5097)
                     Index Cond: (ca_address_sk = customer.c_current_addr_sk)
                     Filter: (ca_gmt_offset = '-6'::numeric)
                     Rows Removed by Filter: 0
                     Buffers: shared hit=19351 read=1037
         ->  Hash  (cost=2.30..2.30 rows=30 width=48) (actual time=0.070..0.071 rows=30 loops=1)
               Buckets: 1024  Batches: 1  Memory Usage: 11kB
               Buffers: shared hit=2
               ->  Seq Scan on call_center  (cost=0.00..2.30 rows=30 width=48) (actual time=0.026..0.046 rows=30 loops=1)
                     Buffers: shared hit=2
 Planning:
   Buffers: shared hit=415
 Planning Time: 4.349 ms
 Execution Time: 10905.470 ms
(57 rows)

