                                                                                                  QUERY PLAN                                                                                                  
--------------------------------------------------------------------------------------------------------------------------------------------------------------------------------------------------------------
 Aggregate  (cost=716146.24..716146.25 rows=1 width=136) (actual time=12437.882..12437.888 rows=1 loops=1)
   Buffers: shared hit=1185976 read=416914
   ->  Nested Loop  (cost=2571.83..716146.10 rows=9 width=58) (actual time=12437.877..12437.883 rows=0 loops=1)
         Buffers: shared hit=1185976 read=416914
         ->  Nested Loop  (cost=2571.69..716144.71 rows=9 width=18) (actual time=12437.877..12437.882 rows=0 loops=1)
               Buffers: shared hit=1185976 read=416914
               ->  Nested Loop  (cost=2571.27..716027.25 rows=164 width=22) (actual time=379.107..12348.019 rows=3744 loops=1)
                     Buffers: shared hit=1172419 read=415767
                     ->  Nested Loop  (cost=2570.84..715010.66 rows=1528 width=26) (actual time=372.784..11475.595 rows=34157 loops=1)
                           Buffers: shared hit=1046459 read=405099
                           ->  Nested Loop  (cost=2570.55..712671.62 rows=9167 width=30) (actual time=366.200..11181.684 rows=249306 loops=1)
                                 Buffers: shared hit=1024862 read=405099
                                 ->  Hash Join  (cost=2570.12..706541.62 rows=9167 width=22) (actual time=366.154..5370.470 rows=254456 loops=1)
                                       Hash Cond: (catalog_returns.cr_returned_date_sk = date_dim.d_date_sk)
                                       Buffers: shared hit=28064 read=404673
                                       ->  Seq Scan on catalog_returns  (cost=0.00..647267.12 rows=21600412 width=26) (actual time=0.309..3534.176 rows=21598628 loops=1)
                                             Buffers: shared hit=26717 read=404546
                                       ->  Hash  (cost=2569.73..2569.73 rows=31 width=4) (actual time=20.973..20.974 rows=31 loops=1)
                                             Buckets: 1024  Batches: 1  Memory Usage: 10kB
                                             Buffers: shared hit=1347 read=127
                                             ->  Seq Scan on date_dim  (cost=0.00..2569.73 rows=31 width=4) (actual time=12.411..20.958 rows=31 loops=1)
                                                   Filter: ((d_year = 1999) AND (d_moy = 3))
                                                   Rows Removed by Filter: 73018
                                                   Buffers: shared hit=1347 read=127
                                 ->  Index Scan using customer_pkey on customer  (cost=0.43..0.67 rows=1 width=16) (actual time=0.022..0.022 rows=1 loops=254456)
                                       Index Cond: (c_customer_sk = catalog_returns.cr_returning_customer_sk)
                                       Buffers: shared hit=996798 read=426
                           ->  Memoize  (cost=0.29..0.31 rows=1 width=4) (actual time=0.001..0.001 rows=0 loops=249306)
                                 Cache Key: customer.c_current_hdemo_sk
                                 Cache Mode: logical
                                 Hits: 242106  Misses: 7200  Evictions: 0  Overflows: 0  Memory Usage: 521kB
                                 Buffers: shared hit=21597
                                 ->  Index Scan using household_demographics_pkey on household_demographics  (cost=0.28..0.30 rows=1 width=4) (actual time=0.015..0.015 rows=0 loops=7200)
                                       Index Cond: (hd_demo_sk = customer.c_current_hdemo_sk)
                                       Filter: (hd_buy_potential ~~ '1001-5000%'::text)
                                       Rows Removed by Filter: 1
                                       Buffers: shared hit=21597
                     ->  Index Scan using customer_address_pkey on customer_address  (cost=0.42..0.67 rows=1 width=4) (actual time=0.025..0.025 rows=0 loops=34157)
                           Index Cond: (ca_address_sk = customer.c_current_addr_sk)
                           Filter: (ca_gmt_offset = '-7'::numeric)
                           Rows Removed by Filter: 1
                           Buffers: shared hit=125960 read=10668
               ->  Index Scan using customer_demographics_pkey on customer_demographics  (cost=0.43..0.72 rows=1 width=4) (actual time=0.024..0.024 rows=0 loops=3744)
                     Index Cond: (cd_demo_sk = customer.c_current_cdemo_sk)
                     Filter: (((cd_marital_status = 'M'::bpchar) AND (cd_education_status = 'Unknown'::bpchar)) OR ((cd_marital_status = 'W'::bpchar) AND (cd_education_status = 'Advanced Degree'::bpchar)))
                     Rows Removed by Filter: 1
                     Buffers: shared hit=13557 read=1147
         ->  Index Scan using call_center_pkey on call_center  (cost=0.14..0.16 rows=1 width=48) (never executed)
               Index Cond: (cc_call_center_sk = catalog_returns.cr_call_center_sk)
 Planning:
   Buffers: shared hit=415
 Planning Time: 3.805 ms
 Execution Time: 12438.450 ms
(53 rows)

