                                                                                                  QUERY PLAN                                                                                                  
--------------------------------------------------------------------------------------------------------------------------------------------------------------------------------------------------------------
 Aggregate  (cost=715903.32..715903.33 rows=1 width=136) (actual time=13340.569..13340.574 rows=1 loops=1)
   Buffers: shared hit=1310429 read=417138
   ->  Nested Loop  (cost=2571.82..715903.18 rows=9 width=58) (actual time=476.673..13339.468 rows=330 loops=1)
         Buffers: shared hit=1310429 read=417138
         ->  Nested Loop  (cost=2571.68..715901.79 rows=9 width=18) (actual time=476.653..13336.133 rows=336 loops=1)
               Buffers: shared hit=1309769 read=417138
               ->  Nested Loop  (cost=2571.25..715788.62 rows=158 width=22) (actual time=456.761..13248.851 rows=3365 loops=1)
                     Buffers: shared hit=1297597 read=416074
                     ->  Nested Loop  (cost=2570.83..714805.30 rows=1478 width=26) (actual time=454.059..12058.954 rows=45505 loops=1)
                           Buffers: shared hit=1127982 read=403669
                           ->  Nested Loop  (cost=2570.54..712473.67 rows=8871 width=30) (actual time=450.664..11734.270 rows=269330 loops=1)
                                 Buffers: shared hit=1106388 read=403669
                                 ->  Hash Join  (cost=2570.11..706541.60 rows=8871 width=22) (actual time=450.620..5350.137 rows=274879 loops=1)
                                       Hash Cond: (catalog_returns.cr_returned_date_sk = date_dim.d_date_sk)
                                       Buffers: shared hit=29473 read=403264
                                       ->  Seq Scan on catalog_returns  (cost=0.00..647267.12 rows=21600412 width=26) (actual time=0.054..3547.201 rows=21598628 loops=1)
                                             Buffers: shared hit=27999 read=403264
                                       ->  Hash  (cost=2569.73..2569.73 rows=30 width=4) (actual time=20.623..20.624 rows=30 loops=1)
                                             Buckets: 1024  Batches: 1  Memory Usage: 10kB
                                             Buffers: shared hit=1474
                                             ->  Seq Scan on date_dim  (cost=0.00..2569.73 rows=30 width=4) (actual time=11.148..20.608 rows=30 loops=1)
                                                   Filter: ((d_year = 1999) AND (d_moy = 6))
                                                   Rows Removed by Filter: 73019
                                                   Buffers: shared hit=1474
                                 ->  Index Scan using customer_pkey on customer  (cost=0.43..0.67 rows=1 width=16) (actual time=0.023..0.023 rows=1 loops=274879)
                                       Index Cond: (c_customer_sk = catalog_returns.cr_returning_customer_sk)
                                       Buffers: shared hit=1076915 read=405
                           ->  Memoize  (cost=0.29..0.31 rows=1 width=4) (actual time=0.001..0.001 rows=0 loops=269330)
                                 Cache Key: customer.c_current_hdemo_sk
                                 Cache Mode: logical
                                 Hits: 262131  Misses: 7199  Evictions: 0  Overflows: 0  Memory Usage: 521kB
                                 Buffers: shared hit=21594
                                 ->  Index Scan using household_demographics_pkey on household_demographics  (cost=0.28..0.30 rows=1 width=4) (actual time=0.016..0.016 rows=0 loops=7199)
                                       Index Cond: (hd_demo_sk = customer.c_current_hdemo_sk)
                                       Filter: (hd_buy_potential ~~ '501-1000%'::text)
                                       Rows Removed by Filter: 1
                                       Buffers: shared hit=21594
                     ->  Index Scan using customer_address_pkey on customer_address  (cost=0.42..0.67 rows=1 width=4) (actual time=0.026..0.026 rows=0 loops=45505)
                           Index Cond: (ca_address_sk = customer.c_current_addr_sk)
                           Filter: (ca_gmt_offset = '-7'::numeric)
                           Rows Removed by Filter: 1
                           Buffers: shared hit=169615 read=12405
               ->  Index Scan using customer_demographics_pkey on customer_demographics  (cost=0.43..0.72 rows=1 width=4) (actual time=0.025..0.025 rows=0 loops=3365)
                     Index Cond: (cd_demo_sk = customer.c_current_cdemo_sk)
                     Filter: (((cd_marital_status = 'M'::bpchar) AND (cd_education_status = 'Unknown'::bpchar)) OR ((cd_marital_status = 'W'::bpchar) AND (cd_education_status = 'Advanced Degree'::bpchar)))
                     Rows Removed by Filter: 1
                     Buffers: shared hit=12172 read=1064
         ->  Index Scan using call_center_pkey on call_center  (cost=0.14..0.16 rows=1 width=48) (actual time=0.008..0.008 rows=1 loops=336)
               Index Cond: (cc_call_center_sk = catalog_returns.cr_call_center_sk)
               Buffers: shared hit=660
 Planning:
   Buffers: shared hit=415
 Planning Time: 4.476 ms
 Execution Time: 13341.391 ms
(54 rows)

