                                                                                                     QUERY PLAN                                                                                                     
--------------------------------------------------------------------------------------------------------------------------------------------------------------------------------------------------------------------
 Aggregate  (cost=716164.96..716164.97 rows=1 width=136) (actual time=14664.746..14664.753 rows=1 loops=1)
   Buffers: shared hit=1555067 read=416278
   ->  Hash Join  (cost=2574.37..716164.39 rows=38 width=58) (actual time=2612.543..14656.537 rows=4507 loops=1)
         Hash Cond: (catalog_returns.cr_call_center_sk = call_center.cc_call_center_sk)
         Buffers: shared hit=1555067 read=416278
         ->  Nested Loop  (cost=2571.69..716161.60 rows=38 width=18) (actual time=2612.460..14653.405 rows=4560 loops=1)
               Buffers: shared hit=1555065 read=416278
               ->  Nested Loop  (cost=2571.27..716105.05 rows=85 width=22) (actual time=2602.898..14416.901 rows=8471 loops=1)
                     Buffers: shared hit=1524064 read=413395
                     ->  Nested Loop  (cost=2570.84..715010.66 rows=1528 width=26) (actual time=2594.537..13073.116 rows=56234 loops=1)
                           Buffers: shared hit=1313710 read=402889
                           ->  Nested Loop  (cost=2570.55..712671.62 rows=9167 width=30) (actual time=2588.125..12740.947 rows=315567 loops=1)
                                 Buffers: shared hit=1292116 read=402889
                                 ->  Hash Join  (cost=2570.12..706541.62 rows=9167 width=22) (actual time=2588.088..5395.488 rows=321885 loops=1)
                                       Hash Cond: (catalog_returns.cr_returned_date_sk = date_dim.d_date_sk)
                                       Buffers: shared hit=30136 read=402601
                                       ->  Seq Scan on catalog_returns  (cost=0.00..647267.12 rows=21600412 width=26) (actual time=0.030..3526.059 rows=21598628 loops=1)
                                             Buffers: shared hit=28662 read=402601
                                       ->  Hash  (cost=2569.73..2569.73 rows=31 width=4) (actual time=20.179..20.180 rows=31 loops=1)
                                             Buckets: 1024  Batches: 1  Memory Usage: 10kB
                                             Buffers: shared hit=1474
                                             ->  Seq Scan on date_dim  (cost=0.00..2569.73 rows=31 width=4) (actual time=11.321..20.164 rows=31 loops=1)
                                                   Filter: ((d_year = 2002) AND (d_moy = 7))
                                                   Rows Removed by Filter: 73018
                                                   Buffers: shared hit=1474
                                 ->  Index Scan using customer_pkey on customer  (cost=0.43..0.67 rows=1 width=16) (actual time=0.022..0.022 rows=1 loops=321885)
                                       Index Cond: (c_customer_sk = catalog_returns.cr_returning_customer_sk)
                                       Buffers: shared hit=1261980 read=288
                           ->  Memoize  (cost=0.29..0.31 rows=1 width=4) (actual time=0.001..0.001 rows=0 loops=315567)
                                 Cache Key: customer.c_current_hdemo_sk
                                 Cache Mode: logical
                                 Hits: 308368  Misses: 7199  Evictions: 0  Overflows: 0  Memory Usage: 521kB
                                 Buffers: shared hit=21594
                                 ->  Index Scan using household_demographics_pkey on household_demographics  (cost=0.28..0.30 rows=1 width=4) (actual time=0.013..0.013 rows=0 loops=7199)
                                       Index Cond: (hd_demo_sk = customer.c_current_hdemo_sk)
                                       Filter: (hd_buy_potential ~~ '>10000%'::text)
                                       Rows Removed by Filter: 1
                                       Buffers: shared hit=21594
                     ->  Index Scan using customer_demographics_pkey on customer_demographics  (cost=0.43..0.72 rows=1 width=4) (actual time=0.023..0.023 rows=0 loops=56234)
                           Index Cond: (cd_demo_sk = customer.c_current_cdemo_sk)
                           Filter: (((cd_marital_status = 'M'::bpchar) AND (cd_education_status = 'Unknown'::bpchar)) OR ((cd_marital_status = 'W'::bpchar) AND (cd_education_status = 'Advanced Degree'::bpchar)))
                           Rows Removed by Filter: 1
                           Buffers: shared hit=210354 read=10506
               ->  Index Scan using customer_address_pkey on customer_address  (cost=0.42..0.67 rows=1 width=4) (actual time=0.027..0.027 rows=1 loops=8471)
                     Index Cond: (ca_address_sk = customer.c_current_addr_sk)
                     Filter: (ca_gmt_offset = '-6'::numeric)
                     Rows Removed by Filter: 0
                     Buffers: shared hit=31001 read=2883
         ->  Hash  (cost=2.30..2.30 rows=30 width=48) (actual time=0.060..0.061 rows=30 loops=1)
               Buckets: 1024  Batches: 1  Memory Usage: 11kB
               Buffers: shared hit=2
               ->  Seq Scan on call_center  (cost=0.00..2.30 rows=30 width=48) (actual time=0.023..0.040 rows=30 loops=1)
                     Buffers: shared hit=2
 Planning:
   Buffers: shared hit=415
 Planning Time: 4.386 ms
 Execution Time: 14665.431 ms
(57 rows)

