                                                                                                  QUERY PLAN                                                                                                  
--------------------------------------------------------------------------------------------------------------------------------------------------------------------------------------------------------------
 Aggregate  (cost=715420.76..715420.77 rows=1 width=136) (actual time=11242.765..11242.771 rows=1 loops=1)
   Buffers: shared hit=1017083 read=422975
   ->  Nested Loop  (cost=2571.79..715420.64 rows=8 width=58) (actual time=319.350..11241.859 rows=247 loops=1)
         Buffers: shared hit=1017083 read=422975
         ->  Nested Loop  (cost=2571.66..715419.40 rows=8 width=18) (actual time=319.337..11236.618 rows=247 loops=1)
               Buffers: shared hit=1016589 read=422975
               ->  Nested Loop  (cost=2571.23..715313.40 rows=148 width=22) (actual time=300.738..11166.250 rows=2570 loops=1)
                     Buffers: shared hit=1006791 read=422605
                     ->  Nested Loop  (cost=2570.80..714395.28 rows=1380 width=26) (actual time=292.234..10304.526 rows=34873 loops=1)
                           Buffers: shared hit=877919 read=411985
                           ->  Nested Loop  (cost=2570.51..712078.44 rows=8280 width=30) (actual time=289.747..10047.804 rows=208897 loops=1)
                                 Buffers: shared hit=856340 read=411985
                                 ->  Hash Join  (cost=2570.08..706541.58 rows=8280 width=22) (actual time=289.684..5224.389 rows=213206 loops=1)
                                       Hash Cond: (catalog_returns.cr_returned_date_sk = date_dim.d_date_sk)
                                       Buffers: shared hit=20817 read=411920
                                       ->  Seq Scan on catalog_returns  (cost=0.00..647267.12 rows=21600412 width=26) (actual time=0.095..3484.965 rows=21598628 loops=1)
                                             Buffers: shared hit=20123 read=411140
                                       ->  Hash  (cost=2569.73..2569.73 rows=28 width=4) (actual time=22.198..22.199 rows=28 loops=1)
                                             Buckets: 1024  Batches: 1  Memory Usage: 9kB
                                             Buffers: shared hit=694 read=780
                                             ->  Seq Scan on date_dim  (cost=0.00..2569.73 rows=28 width=4) (actual time=14.144..22.177 rows=28 loops=1)
                                                   Filter: ((d_year = 1999) AND (d_moy = 2))
                                                   Rows Removed by Filter: 73021
                                                   Buffers: shared hit=694 read=780
                                 ->  Index Scan using customer_pkey on customer  (cost=0.43..0.67 rows=1 width=16) (actual time=0.022..0.022 rows=1 loops=213206)
                                       Index Cond: (c_customer_sk = catalog_returns.cr_returning_customer_sk)
                                       Buffers: shared hit=835523 read=65
                           ->  Memoize  (cost=0.29..0.31 rows=1 width=4) (actual time=0.001..0.001 rows=0 loops=208897)
                                 Cache Key: customer.c_current_hdemo_sk
                                 Cache Mode: logical
                                 Hits: 201703  Misses: 7194  Evictions: 0  Overflows: 0  Memory Usage: 520kB
                                 Buffers: shared hit=21579
                                 ->  Index Scan using household_demographics_pkey on household_demographics  (cost=0.28..0.30 rows=1 width=4) (actual time=0.014..0.014 rows=0 loops=7194)
                                       Index Cond: (hd_demo_sk = customer.c_current_hdemo_sk)
                                       Filter: (hd_buy_potential ~~ '501-1000%'::text)
                                       Rows Removed by Filter: 1
                                       Buffers: shared hit=21579
                     ->  Index Scan using customer_address_pkey on customer_address  (cost=0.42..0.67 rows=1 width=4) (actual time=0.024..0.024 rows=0 loops=34873)
                           Index Cond: (ca_address_sk = customer.c_current_addr_sk)
                           Filter: (ca_gmt_offset = '-7'::numeric)
                           Rows Removed by Filter: 1
                           Buffers: shared hit=128872 read=10620
               ->  Index Scan using customer_demographics_pkey on customer_demographics  (cost=0.43..0.72 rows=1 width=4) (actual time=0.027..0.027 rows=0 loops=2570)
                     Index Cond: (cd_demo_sk = customer.c_current_cdemo_sk)
                     Filter: (((cd_marital_status = 'M'::bpchar) AND (cd_education_status = 'Unknown'::bpchar)) OR ((cd_marital_status = 'W'::bpchar) AND (cd_education_status = 'Advanced Degree'::bpchar)))
                     Rows Removed by Filter: 1
                     Buffers: shared hit=9798 read=370
         ->  Index Scan using call_center_pkey on call_center  (cost=0.14..0.16 rows=1 width=48) (actual time=0.019..0.019 rows=1 loops=247)
               Index Cond: (cc_call_center_sk = catalog_returns.cr_call_center_sk)
               Buffers: shared hit=494
 Planning:
   Buffers: shared hit=384 read=31
 Planning Time: 4.797 ms
 Execution Time: 11243.574 ms
(54 rows)

