                                                                                                  QUERY PLAN                                                                                                  
--------------------------------------------------------------------------------------------------------------------------------------------------------------------------------------------------------------
 Aggregate  (cost=715903.32..715903.33 rows=1 width=136) (actual time=10765.033..10765.039 rows=1 loops=1)
   Buffers: shared hit=951873 read=416094
   ->  Nested Loop  (cost=2571.82..715903.18 rows=9 width=58) (actual time=216.424..10764.187 rows=231 loops=1)
         Buffers: shared hit=951873 read=416094
         ->  Nested Loop  (cost=2571.68..715901.79 rows=9 width=18) (actual time=216.407..10761.561 rows=233 loops=1)
               Buffers: shared hit=951411 read=416094
               ->  Nested Loop  (cost=2571.25..715788.62 rows=158 width=22) (actual time=167.733..10691.827 rows=2478 loops=1)
                     Buffers: shared hit=942275 read=415510
                     ->  Nested Loop  (cost=2570.83..714805.30 rows=1478 width=26) (actual time=157.621..9891.346 rows=32575 loops=1)
                           Buffers: shared hit=819911 read=407574
                           ->  Nested Loop  (cost=2570.54..712473.67 rows=8871 width=30) (actual time=156.206..9630.690 rows=193296 loops=1)
                                 Buffers: shared hit=798347 read=407574
                                 ->  Hash Join  (cost=2570.11..706541.60 rows=8871 width=22) (actual time=156.140..5125.672 rows=197234 loops=1)
                                       Hash Cond: (catalog_returns.cr_returned_date_sk = date_dim.d_date_sk)
                                       Buffers: shared hit=25297 read=407440
                                       ->  Seq Scan on catalog_returns  (cost=0.00..647267.12 rows=21600412 width=26) (actual time=0.781..3413.818 rows=21598628 loops=1)
                                             Buffers: shared hit=23823 read=407440
                                       ->  Hash  (cost=2569.73..2569.73 rows=30 width=4) (actual time=20.750..20.751 rows=31 loops=1)
                                             Buckets: 1024  Batches: 1  Memory Usage: 10kB
                                             Buffers: shared hit=1474
                                             ->  Seq Scan on date_dim  (cost=0.00..2569.73 rows=30 width=4) (actual time=11.096..20.735 rows=31 loops=1)
                                                   Filter: ((d_year = 1998) AND (d_moy = 12))
                                                   Rows Removed by Filter: 73018
                                                   Buffers: shared hit=1474
                                 ->  Index Scan using customer_pkey on customer  (cost=0.43..0.67 rows=1 width=16) (actual time=0.022..0.022 rows=1 loops=197234)
                                       Index Cond: (c_customer_sk = catalog_returns.cr_returning_customer_sk)
                                       Buffers: shared hit=773050 read=134
                           ->  Memoize  (cost=0.29..0.31 rows=1 width=4) (actual time=0.001..0.001 rows=0 loops=193296)
                                 Cache Key: customer.c_current_hdemo_sk
                                 Cache Mode: logical
                                 Hits: 186107  Misses: 7189  Evictions: 0  Overflows: 0  Memory Usage: 520kB
                                 Buffers: shared hit=21564
                                 ->  Index Scan using household_demographics_pkey on household_demographics  (cost=0.28..0.30 rows=1 width=4) (actual time=0.016..0.016 rows=0 loops=7189)
                                       Index Cond: (hd_demo_sk = customer.c_current_hdemo_sk)
                                       Filter: (hd_buy_potential ~~ '501-1000%'::text)
                                       Rows Removed by Filter: 1
                                       Buffers: shared hit=21564
                     ->  Index Scan using customer_address_pkey on customer_address  (cost=0.42..0.67 rows=1 width=4) (actual time=0.024..0.024 rows=0 loops=32575)
                           Index Cond: (ca_address_sk = customer.c_current_addr_sk)
                           Filter: (ca_gmt_offset = '-7'::numeric)
                           Rows Removed by Filter: 1
                           Buffers: shared hit=122364 read=7936
               ->  Index Scan using customer_demographics_pkey on customer_demographics  (cost=0.43..0.72 rows=1 width=4) (actual time=0.028..0.028 rows=0 loops=2478)
                     Index Cond: (cd_demo_sk = customer.c_current_cdemo_sk)
                     Filter: (((cd_marital_status = 'M'::bpchar) AND (cd_education_status = 'Unknown'::bpchar)) OR ((cd_marital_status = 'W'::bpchar) AND (cd_education_status = 'Advanced Degree'::bpchar)))
                     Rows Removed by Filter: 1
                     Buffers: shared hit=9136 read=584
         ->  Index Scan using call_center_pkey on call_center  (cost=0.14..0.16 rows=1 width=48) (actual time=0.010..0.010 rows=1 loops=233)
               Index Cond: (cc_call_center_sk = catalog_returns.cr_call_center_sk)
               Buffers: shared hit=462
 Planning:
   Buffers: shared hit=415
 Planning Time: 4.313 ms
 Execution Time: 10765.806 ms
(54 rows)

