                                                                                                     QUERY PLAN                                                                                                     
--------------------------------------------------------------------------------------------------------------------------------------------------------------------------------------------------------------------
 Aggregate  (cost=715921.76..715921.77 rows=1 width=136) (actual time=16333.113..16333.120 rows=1 loops=1)
   Buffers: shared hit=1729956 read=412832
   ->  Hash Join  (cost=2574.36..715921.22 rows=36 width=58) (actual time=2511.977..16323.616 rows=5166 loops=1)
         Hash Cond: (catalog_returns.cr_call_center_sk = call_center.cc_call_center_sk)
         Buffers: shared hit=1729956 read=412832
         ->  Nested Loop  (cost=2571.68..715918.44 rows=36 width=18) (actual time=2511.871..16319.883 rows=5215 loops=1)
               Buffers: shared hit=1729954 read=412832
               ->  Nested Loop  (cost=2571.26..715863.88 rows=82 width=22) (actual time=2511.838..16120.397 rows=6635 loops=1)
                     Buffers: shared hit=1706988 read=409258
                     ->  Nested Loop  (cost=2570.83..714805.30 rows=1478 width=26) (actual time=2505.423..14603.041 rows=61036 loops=1)
                           Buffers: shared hit=1473508 read=402930
                           ->  Nested Loop  (cost=2570.54..712473.67 rows=8871 width=30) (actual time=2502.963..14207.742 rows=355526 loops=1)
                                 Buffers: shared hit=1451911 read=402930
                                 ->  Hash Join  (cost=2570.11..706541.60 rows=8871 width=22) (actual time=2502.922..5636.952 rows=362762 loops=1)
                                       Hash Cond: (catalog_returns.cr_returned_date_sk = date_dim.d_date_sk)
                                       Buffers: shared hit=30423 read=402314
                                       ->  Seq Scan on catalog_returns  (cost=0.00..647267.12 rows=21600412 width=26) (actual time=0.035..3702.350 rows=21598628 loops=1)
                                             Buffers: shared hit=28949 read=402314
                                       ->  Hash  (cost=2569.73..2569.73 rows=30 width=4) (actual time=20.113..20.114 rows=31 loops=1)
                                             Buckets: 1024  Batches: 1  Memory Usage: 10kB
                                             Buffers: shared hit=1474
                                             ->  Seq Scan on date_dim  (cost=0.00..2569.73 rows=30 width=4) (actual time=10.728..20.096 rows=31 loops=1)
                                                   Filter: ((d_year = 2002) AND (d_moy = 5))
                                                   Rows Removed by Filter: 73018
                                                   Buffers: shared hit=1474
                                 ->  Index Scan using customer_pkey on customer  (cost=0.43..0.67 rows=1 width=16) (actual time=0.023..0.023 rows=1 loops=362762)
                                       Index Cond: (c_customer_sk = catalog_returns.cr_returning_customer_sk)
                                       Buffers: shared hit=1421488 read=616
                           ->  Memoize  (cost=0.29..0.31 rows=1 width=4) (actual time=0.001..0.001 rows=0 loops=355526)
                                 Cache Key: customer.c_current_hdemo_sk
                                 Cache Mode: logical
                                 Hits: 348326  Misses: 7200  Evictions: 0  Overflows: 0  Memory Usage: 521kB
                                 Buffers: shared hit=21597
                                 ->  Index Scan using household_demographics_pkey on household_demographics  (cost=0.28..0.30 rows=1 width=4) (actual time=0.016..0.016 rows=0 loops=7200)
                                       Index Cond: (hd_demo_sk = customer.c_current_hdemo_sk)
                                       Filter: (hd_buy_potential ~~ 'Unknown%'::text)
                                       Rows Removed by Filter: 1
                                       Buffers: shared hit=21597
                     ->  Index Scan using customer_demographics_pkey on customer_demographics  (cost=0.43..0.72 rows=1 width=4) (actual time=0.024..0.024 rows=0 loops=61036)
                           Index Cond: (cd_demo_sk = customer.c_current_cdemo_sk)
                           Filter: (((cd_marital_status = 'M'::bpchar) AND (cd_education_status = 'Unknown'::bpchar)) OR ((cd_marital_status = 'W'::bpchar) AND (cd_education_status = 'Advanced Degree'::bpchar)))
                           Rows Removed by Filter: 1
                           Buffers: shared hit=233480 read=6328
               ->  Index Scan using customer_address_pkey on customer_address  (cost=0.42..0.67 rows=1 width=4) (actual time=0.029..0.029 rows=1 loops=6635)
                     Index Cond: (ca_address_sk = customer.c_current_addr_sk)
                     Filter: (ca_gmt_offset = '-6'::numeric)
                     Rows Removed by Filter: 0
                     Buffers: shared hit=22966 read=3574
         ->  Hash  (cost=2.30..2.30 rows=30 width=48) (actual time=0.078..0.079 rows=30 loops=1)
               Buckets: 1024  Batches: 1  Memory Usage: 11kB
               Buffers: shared hit=2
               ->  Seq Scan on call_center  (cost=0.00..2.30 rows=30 width=48) (actual time=0.031..0.052 rows=30 loops=1)
                     Buffers: shared hit=2
 Planning:
   Buffers: shared hit=415
 Planning Time: 4.519 ms
 Execution Time: 16333.950 ms
(57 rows)

