                                                                                                  QUERY PLAN                                                                                                  
--------------------------------------------------------------------------------------------------------------------------------------------------------------------------------------------------------------
 Aggregate  (cost=716146.24..716146.25 rows=1 width=136) (actual time=12724.941..12724.947 rows=1 loops=1)
   Buffers: shared hit=1222016 read=433267
   ->  Nested Loop  (cost=2571.83..716146.10 rows=9 width=58) (actual time=1314.760..12723.095 rows=668 loops=1)
         Buffers: shared hit=1222016 read=433267
         ->  Nested Loop  (cost=2571.69..716144.71 rows=9 width=18) (actual time=1314.747..12714.996 rows=674 loops=1)
               Buffers: shared hit=1220680 read=433267
               ->  Nested Loop  (cost=2571.27..716027.25 rows=164 width=22) (actual time=1314.709..12571.952 rows=5283 loops=1)
                     Buffers: shared hit=1200450 read=432693
                     ->  Nested Loop  (cost=2570.84..715010.66 rows=1528 width=26) (actual time=1311.610..11546.326 rows=39102 loops=1)
                           Buffers: shared hit=1061841 read=414894
                           ->  Nested Loop  (cost=2570.55..712671.62 rows=9167 width=30) (actual time=1311.359..11231.221 rows=255601 loops=1)
                                 Buffers: shared hit=1040247 read=414894
                                 ->  Hash Join  (cost=2570.12..706541.62 rows=9167 width=22) (actual time=1311.299..5291.836 rows=260972 loops=1)
                                       Hash Cond: (catalog_returns.cr_returned_date_sk = date_dim.d_date_sk)
                                       Buffers: shared hit=18149 read=414588
                                       ->  Seq Scan on catalog_returns  (cost=0.00..647267.12 rows=21600412 width=26) (actual time=0.134..3528.937 rows=21598628 loops=1)
                                             Buffers: shared hit=16675 read=414588
                                       ->  Hash  (cost=2569.73..2569.73 rows=31 width=4) (actual time=25.985..25.987 rows=31 loops=1)
                                             Buckets: 1024  Batches: 1  Memory Usage: 10kB
                                             Buffers: shared hit=1474
                                             ->  Seq Scan on date_dim  (cost=0.00..2569.73 rows=31 width=4) (actual time=16.906..25.973 rows=31 loops=1)
                                                   Filter: ((d_year = 2000) AND (d_moy = 10))
                                                   Rows Removed by Filter: 73018
                                                   Buffers: shared hit=1474
                                 ->  Index Scan using customer_pkey on customer  (cost=0.43..0.67 rows=1 width=16) (actual time=0.022..0.022 rows=1 loops=260972)
                                       Index Cond: (c_customer_sk = catalog_returns.cr_returning_customer_sk)
                                       Buffers: shared hit=1022098 read=306
                           ->  Memoize  (cost=0.29..0.31 rows=1 width=4) (actual time=0.001..0.001 rows=0 loops=255601)
                                 Cache Key: customer.c_current_hdemo_sk
                                 Cache Mode: logical
                                 Hits: 248402  Misses: 7199  Evictions: 0  Overflows: 0  Memory Usage: 521kB
                                 Buffers: shared hit=21594
                                 ->  Index Scan using household_demographics_pkey on household_demographics  (cost=0.28..0.30 rows=1 width=4) (actual time=0.017..0.017 rows=0 loops=7199)
                                       Index Cond: (hd_demo_sk = customer.c_current_hdemo_sk)
                                       Filter: (hd_buy_potential ~~ '0-500%'::text)
                                       Rows Removed by Filter: 1
                                       Buffers: shared hit=21594
                     ->  Index Scan using customer_address_pkey on customer_address  (cost=0.42..0.67 rows=1 width=4) (actual time=0.026..0.026 rows=0 loops=39102)
                           Index Cond: (ca_address_sk = customer.c_current_addr_sk)
                           Filter: (ca_gmt_offset = '-7'::numeric)
                           Rows Removed by Filter: 1
                           Buffers: shared hit=138609 read=17799
               ->  Index Scan using customer_demographics_pkey on customer_demographics  (cost=0.43..0.72 rows=1 width=4) (actual time=0.027..0.027 rows=0 loops=5283)
                     Index Cond: (cd_demo_sk = customer.c_current_cdemo_sk)
                     Filter: (((cd_marital_status = 'M'::bpchar) AND (cd_education_status = 'Unknown'::bpchar)) OR ((cd_marital_status = 'W'::bpchar) AND (cd_education_status = 'Advanced Degree'::bpchar)))
                     Rows Removed by Filter: 1
                     Buffers: shared hit=20230 read=574
         ->  Index Scan using call_center_pkey on call_center  (cost=0.14..0.16 rows=1 width=48) (actual time=0.011..0.011 rows=1 loops=674)
               Index Cond: (cc_call_center_sk = catalog_returns.cr_call_center_sk)
               Buffers: shared hit=1336
 Planning:
   Buffers: shared hit=415
 Planning Time: 3.941 ms
 Execution Time: 12725.654 ms
(54 rows)

