                                                                                                  QUERY PLAN                                                                                                  
--------------------------------------------------------------------------------------------------------------------------------------------------------------------------------------------------------------
 Aggregate  (cost=716146.24..716146.25 rows=1 width=136) (actual time=14600.614..14600.620 rows=1 loops=1)
   Buffers: shared hit=1508743 read=422352
   ->  Nested Loop  (cost=2571.83..716146.10 rows=9 width=58) (actual time=2972.166..14599.013 rows=486 loops=1)
         Buffers: shared hit=1508743 read=422352
         ->  Nested Loop  (cost=2571.69..716144.71 rows=9 width=18) (actual time=2972.153..14591.200 rows=490 loops=1)
               Buffers: shared hit=1507771 read=422352
               ->  Nested Loop  (cost=2571.27..716027.25 rows=164 width=22) (actual time=2920.874..14395.265 rows=7693 loops=1)
                     Buffers: shared hit=1478780 read=421083
                     ->  Nested Loop  (cost=2570.84..715010.66 rows=1528 width=26) (actual time=2907.971..13017.213 rows=52941 loops=1)
                           Buffers: shared hit=1281550 read=406549
                           ->  Nested Loop  (cost=2570.55..712671.62 rows=9167 width=30) (actual time=2898.413..12663.089 rows=308442 loops=1)
                                 Buffers: shared hit=1259956 read=406549
                                 ->  Hash Join  (cost=2570.12..706541.62 rows=9167 width=22) (actual time=2898.365..5419.545 rows=314722 loops=1)
                                       Hash Cond: (catalog_returns.cr_returned_date_sk = date_dim.d_date_sk)
                                       Buffers: shared hit=26572 read=406165
                                       ->  Seq Scan on catalog_returns  (cost=0.00..647267.12 rows=21600412 width=26) (actual time=0.225..3587.954 rows=21598628 loops=1)
                                             Buffers: shared hit=25098 read=406165
                                       ->  Hash  (cost=2569.73..2569.73 rows=31 width=4) (actual time=17.532..17.533 rows=31 loops=1)
                                             Buckets: 1024  Batches: 1  Memory Usage: 10kB
                                             Buffers: shared hit=1474
                                             ->  Seq Scan on date_dim  (cost=0.00..2569.73 rows=31 width=4) (actual time=10.596..17.517 rows=31 loops=1)
                                                   Filter: ((d_year = 2002) AND (d_moy = 10))
                                                   Rows Removed by Filter: 73018
                                                   Buffers: shared hit=1474
                                 ->  Index Scan using customer_pkey on customer  (cost=0.43..0.67 rows=1 width=16) (actual time=0.022..0.022 rows=1 loops=314722)
                                       Index Cond: (c_customer_sk = catalog_returns.cr_returning_customer_sk)
                                       Buffers: shared hit=1233384 read=384
                           ->  Memoize  (cost=0.29..0.31 rows=1 width=4) (actual time=0.001..0.001 rows=0 loops=308442)
                                 Cache Key: customer.c_current_hdemo_sk
                                 Cache Mode: logical
                                 Hits: 301243  Misses: 7199  Evictions: 0  Overflows: 0  Memory Usage: 521kB
                                 Buffers: shared hit=21594
                                 ->  Index Scan using household_demographics_pkey on household_demographics  (cost=0.28..0.30 rows=1 width=4) (actual time=0.016..0.016 rows=0 loops=7199)
                                       Index Cond: (hd_demo_sk = customer.c_current_hdemo_sk)
                                       Filter: (hd_buy_potential ~~ 'Unknown%'::text)
                                       Rows Removed by Filter: 1
                                       Buffers: shared hit=21594
                     ->  Index Scan using customer_address_pkey on customer_address  (cost=0.42..0.67 rows=1 width=4) (actual time=0.026..0.026 rows=0 loops=52941)
                           Index Cond: (ca_address_sk = customer.c_current_addr_sk)
                           Filter: (ca_gmt_offset = '-7'::numeric)
                           Rows Removed by Filter: 1
                           Buffers: shared hit=197230 read=14534
               ->  Index Scan using customer_demographics_pkey on customer_demographics  (cost=0.43..0.72 rows=1 width=4) (actual time=0.025..0.025 rows=0 loops=7693)
                     Index Cond: (cd_demo_sk = customer.c_current_cdemo_sk)
                     Filter: (((cd_marital_status = 'M'::bpchar) AND (cd_education_status = 'Unknown'::bpchar)) OR ((cd_marital_status = 'W'::bpchar) AND (cd_education_status = 'Advanced Degree'::bpchar)))
                     Rows Removed by Filter: 1
                     Buffers: shared hit=28991 read=1269
         ->  Index Scan using call_center_pkey on call_center  (cost=0.14..0.16 rows=1 width=48) (actual time=0.014..0.014 rows=1 loops=490)
               Index Cond: (cc_call_center_sk = catalog_returns.cr_call_center_sk)
               Buffers: shared hit=972
 Planning:
   Buffers: shared hit=415
 Planning Time: 4.484 ms
 Execution Time: 14601.448 ms
(54 rows)

