                                                                                                  QUERY PLAN                                                                                                  
--------------------------------------------------------------------------------------------------------------------------------------------------------------------------------------------------------------
 Aggregate  (cost=716146.24..716146.25 rows=1 width=136) (actual time=12600.368..12600.374 rows=1 loops=1)
   Buffers: shared hit=1225083 read=423109
   ->  Nested Loop  (cost=2571.83..716146.10 rows=9 width=58) (actual time=438.615..12599.313 rows=309 loops=1)
         Buffers: shared hit=1225083 read=423109
         ->  Nested Loop  (cost=2571.69..716144.71 rows=9 width=18) (actual time=438.591..12595.379 rows=313 loops=1)
               Buffers: shared hit=1224465 read=423109
               ->  Nested Loop  (cost=2571.27..716027.25 rows=164 width=22) (actual time=373.784..12489.728 rows=4435 loops=1)
                     Buffers: shared hit=1208149 read=421985
                     ->  Nested Loop  (cost=2570.84..715010.66 rows=1528 width=26) (actual time=344.058..11371.240 rows=44644 loops=1)
                           Buffers: shared hit=1037040 read=414518
                           ->  Nested Loop  (cost=2570.55..712671.62 rows=9167 width=30) (actual time=343.494..11083.388 rows=249306 loops=1)
                                 Buffers: shared hit=1015443 read=414518
                                 ->  Hash Join  (cost=2570.12..706541.62 rows=9167 width=22) (actual time=343.434..5281.785 rows=254456 loops=1)
                                       Hash Cond: (catalog_returns.cr_returned_date_sk = date_dim.d_date_sk)
                                       Buffers: shared hit=18414 read=414323
                                       ->  Seq Scan on catalog_returns  (cost=0.00..647267.12 rows=21600412 width=26) (actual time=0.025..3486.428 rows=21598628 loops=1)
                                             Buffers: shared hit=18414 read=412849
                                       ->  Hash  (cost=2569.73..2569.73 rows=31 width=4) (actual time=17.076..17.077 rows=31 loops=1)
                                             Buckets: 1024  Batches: 1  Memory Usage: 10kB
                                             Buffers: shared read=1474
                                             ->  Seq Scan on date_dim  (cost=0.00..2569.73 rows=31 width=4) (actual time=7.641..17.062 rows=31 loops=1)
                                                   Filter: ((d_year = 1999) AND (d_moy = 3))
                                                   Rows Removed by Filter: 73018
                                                   Buffers: shared read=1474
                                 ->  Index Scan using customer_pkey on customer  (cost=0.43..0.67 rows=1 width=16) (actual time=0.022..0.022 rows=1 loops=254456)
                                       Index Cond: (c_customer_sk = catalog_returns.cr_returning_customer_sk)
                                       Buffers: shared hit=997029 read=195
                           ->  Memoize  (cost=0.29..0.31 rows=1 width=4) (actual time=0.001..0.001 rows=0 loops=249306)
                                 Cache Key: customer.c_current_hdemo_sk
                                 Cache Mode: logical
                                 Hits: 242106  Misses: 7200  Evictions: 0  Overflows: 0  Memory Usage: 521kB
                                 Buffers: shared hit=21597
                                 ->  Index Scan using household_demographics_pkey on household_demographics  (cost=0.28..0.30 rows=1 width=4) (actual time=0.014..0.014 rows=0 loops=7200)
                                       Index Cond: (hd_demo_sk = customer.c_current_hdemo_sk)
                                       Filter: (hd_buy_potential ~~ '>10000%'::text)
                                       Rows Removed by Filter: 1
                                       Buffers: shared hit=21597
                     ->  Index Scan using customer_address_pkey on customer_address  (cost=0.42..0.67 rows=1 width=4) (actual time=0.025..0.025 rows=0 loops=44644)
                           Index Cond: (ca_address_sk = customer.c_current_addr_sk)
                           Filter: (ca_gmt_offset = '-7'::numeric)
                           Rows Removed by Filter: 1
                           Buffers: shared hit=171109 read=7467
               ->  Index Scan using customer_demographics_pkey on customer_demographics  (cost=0.43..0.72 rows=1 width=4) (actual time=0.023..0.023 rows=0 loops=4435)
                     Index Cond: (cd_demo_sk = customer.c_current_cdemo_sk)
                     Filter: (((cd_marital_status = 'M'::bpchar) AND (cd_education_status = 'Unknown'::bpchar)) OR ((cd_marital_status = 'W'::bpchar) AND (cd_education_status = 'Advanced Degree'::bpchar)))
                     Rows Removed by Filter: 1
                     Buffers: shared hit=16316 read=1124
         ->  Index Scan using call_center_pkey on call_center  (cost=0.14..0.16 rows=1 width=48) (actual time=0.011..0.011 rows=1 loops=313)
               Index Cond: (cc_call_center_sk = catalog_returns.cr_call_center_sk)
               Buffers: shared hit=618
 Planning:
   Buffers: shared hit=384 read=31
 Planning Time: 2.136 ms
 Execution Time: 12600.769 ms
(54 rows)

