                                                                                                     QUERY PLAN                                                                                                     
--------------------------------------------------------------------------------------------------------------------------------------------------------------------------------------------------------------------
 Aggregate  (cost=716164.96..716164.97 rows=1 width=136) (actual time=14290.717..14290.724 rows=1 loops=1)
   Buffers: shared hit=1455341 read=426388
   ->  Hash Join  (cost=2574.37..716164.39 rows=38 width=58) (actual time=14290.712..14290.718 rows=0 loops=1)
         Hash Cond: (catalog_returns.cr_call_center_sk = call_center.cc_call_center_sk)
         Buffers: shared hit=1455341 read=426388
         ->  Nested Loop  (cost=2571.69..716161.60 rows=38 width=18) (actual time=14290.604..14290.610 rows=0 loops=1)
               Buffers: shared hit=1455339 read=426388
               ->  Nested Loop  (cost=2571.27..716105.05 rows=85 width=22) (actual time=2961.775..14238.003 rows=2003 loops=1)
                     Buffers: shared hit=1447631 read=426084
                     ->  Nested Loop  (cost=2570.84..715010.66 rows=1528 width=26) (actual time=2952.194..13073.241 rows=47340 loops=1)
                           Buffers: shared hit=1274387 read=413712
                           ->  Nested Loop  (cost=2570.55..712671.62 rows=9167 width=30) (actual time=2946.789..12727.097 rows=308442 loops=1)
                                 Buffers: shared hit=1252793 read=413712
                                 ->  Hash Join  (cost=2570.12..706541.62 rows=9167 width=22) (actual time=2946.733..5481.827 rows=314722 loops=1)
                                       Hash Cond: (catalog_returns.cr_returned_date_sk = date_dim.d_date_sk)
                                       Buffers: shared hit=19137 read=413600
                                       ->  Seq Scan on catalog_returns  (cost=0.00..647267.12 rows=21600412 width=26) (actual time=0.036..3602.177 rows=21598628 loops=1)
                                             Buffers: shared hit=17663 read=413600
                                       ->  Hash  (cost=2569.73..2569.73 rows=31 width=4) (actual time=20.588..20.589 rows=31 loops=1)
                                             Buckets: 1024  Batches: 1  Memory Usage: 10kB
                                             Buffers: shared hit=1474
                                             ->  Seq Scan on date_dim  (cost=0.00..2569.73 rows=31 width=4) (actual time=12.186..20.570 rows=31 loops=1)
                                                   Filter: ((d_year = 2002) AND (d_moy = 10))
                                                   Rows Removed by Filter: 73018
                                                   Buffers: shared hit=1474
                                 ->  Index Scan using customer_pkey on customer  (cost=0.43..0.67 rows=1 width=16) (actual time=0.022..0.022 rows=1 loops=314722)
                                       Index Cond: (c_customer_sk = catalog_returns.cr_returning_customer_sk)
                                       Buffers: shared hit=1233656 read=112
                           ->  Memoize  (cost=0.29..0.31 rows=1 width=4) (actual time=0.001..0.001 rows=0 loops=308442)
                                 Cache Key: customer.c_current_hdemo_sk
                                 Cache Mode: logical
                                 Hits: 301243  Misses: 7199  Evictions: 0  Overflows: 0  Memory Usage: 521kB
                                 Buffers: shared hit=21594
                                 ->  Index Scan using household_demographics_pkey on household_demographics  (cost=0.28..0.30 rows=1 width=4) (actual time=0.015..0.015 rows=0 loops=7199)
                                       Index Cond: (hd_demo_sk = customer.c_current_hdemo_sk)
                                       Filter: (hd_buy_potential ~~ '0-500%'::text)
                                       Rows Removed by Filter: 1
                                       Buffers: shared hit=21594
                     ->  Index Scan using customer_demographics_pkey on customer_demographics  (cost=0.43..0.72 rows=1 width=4) (actual time=0.024..0.024 rows=0 loops=47340)
                           Index Cond: (cd_demo_sk = customer.c_current_cdemo_sk)
                           Filter: (((cd_marital_status = 'M'::bpchar) AND (cd_education_status = 'Unknown'::bpchar)) OR ((cd_marital_status = 'W'::bpchar) AND (cd_education_status = 'Advanced Degree'::bpchar)))
                           Rows Removed by Filter: 1
                           Buffers: shared hit=173244 read=12372
               ->  Index Scan using customer_address_pkey on customer_address  (cost=0.42..0.67 rows=1 width=4) (actual time=0.026..0.026 rows=0 loops=2003)
                     Index Cond: (ca_address_sk = customer.c_current_addr_sk)
                     Filter: (ca_gmt_offset = '-6'::numeric)
                     Rows Removed by Filter: 1
                     Buffers: shared hit=7708 read=304
         ->  Hash  (cost=2.30..2.30 rows=30 width=48) (actual time=0.081..0.082 rows=30 loops=1)
               Buckets: 1024  Batches: 1  Memory Usage: 11kB
               Buffers: shared hit=2
               ->  Seq Scan on call_center  (cost=0.00..2.30 rows=30 width=48) (actual time=0.031..0.055 rows=30 loops=1)
                     Buffers: shared hit=2
 Planning:
   Buffers: shared hit=415
 Planning Time: 4.596 ms
 Execution Time: 14291.564 ms
(57 rows)

