                                                                                                     QUERY PLAN                                                                                                     
--------------------------------------------------------------------------------------------------------------------------------------------------------------------------------------------------------------------
 Aggregate  (cost=715921.76..715921.77 rows=1 width=136) (actual time=13271.015..13271.023 rows=1 loops=1)
   Buffers: shared hit=1313084 read=417598
   ->  Hash Join  (cost=2574.36..715921.22 rows=36 width=58) (actual time=442.437..13265.843 rows=2662 loops=1)
         Hash Cond: (catalog_returns.cr_call_center_sk = call_center.cc_call_center_sk)
         Buffers: shared hit=1313084 read=417598
         ->  Nested Loop  (cost=2571.68..715918.44 rows=36 width=18) (actual time=442.366..13263.779 rows=2688 loops=1)
               Buffers: shared hit=1313082 read=417598
               ->  Nested Loop  (cost=2571.26..715863.88 rows=82 width=22) (actual time=442.330..13176.478 rows=3222 loops=1)
                     Buffers: shared hit=1300980 read=416812
                     ->  Nested Loop  (cost=2570.83..714805.30 rows=1478 width=26) (actual time=437.583..12228.000 rows=38507 loops=1)
                           Buffers: shared hit=1156757 read=409799
                           ->  Nested Loop  (cost=2570.54..712473.67 rows=8871 width=30) (actual time=431.862..11919.642 rows=278057 loops=1)
                                 Buffers: shared hit=1135166 read=409799
                                 ->  Hash Join  (cost=2570.11..706541.60 rows=8871 width=22) (actual time=431.817..5331.464 rows=283720 loops=1)
                                       Hash Cond: (catalog_returns.cr_returned_date_sk = date_dim.d_date_sk)
                                       Buffers: shared hit=23501 read=409236
                                       ->  Seq Scan on catalog_returns  (cost=0.00..647267.12 rows=21600412 width=26) (actual time=0.131..3504.733 rows=21598628 loops=1)
                                             Buffers: shared hit=22027 read=409236
                                       ->  Hash  (cost=2569.73..2569.73 rows=30 width=4) (actual time=16.810..16.811 rows=31 loops=1)
                                             Buckets: 1024  Batches: 1  Memory Usage: 10kB
                                             Buffers: shared hit=1474
                                             ->  Seq Scan on date_dim  (cost=0.00..2569.73 rows=30 width=4) (actual time=9.839..16.795 rows=31 loops=1)
                                                   Filter: ((d_year = 1999) AND (d_moy = 5))
                                                   Rows Removed by Filter: 73018
                                                   Buffers: shared hit=1474
                                 ->  Index Scan using customer_pkey on customer  (cost=0.43..0.67 rows=1 width=16) (actual time=0.023..0.023 rows=1 loops=283720)
                                       Index Cond: (c_customer_sk = catalog_returns.cr_returning_customer_sk)
                                       Buffers: shared hit=1111665 read=563
                           ->  Memoize  (cost=0.29..0.31 rows=1 width=4) (actual time=0.001..0.001 rows=0 loops=278057)
                                 Cache Key: customer.c_current_hdemo_sk
                                 Cache Mode: logical
                                 Hits: 270859  Misses: 7198  Evictions: 0  Overflows: 0  Memory Usage: 521kB
                                 Buffers: shared hit=21591
                                 ->  Index Scan using household_demographics_pkey on household_demographics  (cost=0.28..0.30 rows=1 width=4) (actual time=0.014..0.014 rows=0 loops=7198)
                                       Index Cond: (hd_demo_sk = customer.c_current_hdemo_sk)
                                       Filter: (hd_buy_potential ~~ '1001-5000%'::text)
                                       Rows Removed by Filter: 1
                                       Buffers: shared hit=21591
                     ->  Index Scan using customer_demographics_pkey on customer_demographics  (cost=0.43..0.72 rows=1 width=4) (actual time=0.024..0.024 rows=0 loops=38507)
                           Index Cond: (cd_demo_sk = customer.c_current_cdemo_sk)
                           Filter: (((cd_marital_status = 'M'::bpchar) AND (cd_education_status = 'Unknown'::bpchar)) OR ((cd_marital_status = 'W'::bpchar) AND (cd_education_status = 'Advanced Degree'::bpchar)))
                           Rows Removed by Filter: 1
                           Buffers: shared hit=144223 read=7013
               ->  Index Scan using customer_address_pkey on customer_address  (cost=0.42..0.67 rows=1 width=4) (actual time=0.026..0.026 rows=1 loops=3222)
                     Index Cond: (ca_address_sk = customer.c_current_addr_sk)
                     Filter: (ca_gmt_offset = '-6'::numeric)
                     Rows Removed by Filter: 0
                     Buffers: shared hit=12102 read=786
         ->  Hash  (cost=2.30..2.30 rows=30 width=48) (actual time=0.050..0.050 rows=30 loops=1)
               Buckets: 1024  Batches: 1  Memory Usage: 11kB
               Buffers: shared hit=2
               ->  Seq Scan on call_center  (cost=0.00..2.30 rows=30 width=48) (actual time=0.020..0.033 rows=30 loops=1)
                     Buffers: shared hit=2
 Planning:
   Buffers: shared hit=415
 Planning Time: 2.843 ms
 Execution Time: 13271.636 ms
(57 rows)

