                                                                                                  QUERY PLAN                                                                                                  
--------------------------------------------------------------------------------------------------------------------------------------------------------------------------------------------------------------
 Aggregate  (cost=716146.24..716146.25 rows=1 width=136) (actual time=11427.962..11427.969 rows=1 loops=1)
   Buffers: shared hit=1032417 read=417723
   ->  Nested Loop  (cost=2571.83..716146.10 rows=9 width=58) (actual time=11427.958..11427.964 rows=0 loops=1)
         Buffers: shared hit=1032417 read=417723
         ->  Nested Loop  (cost=2571.69..716144.71 rows=9 width=18) (actual time=11427.958..11427.963 rows=0 loops=1)
               Buffers: shared hit=1032417 read=417723
               ->  Nested Loop  (cost=2571.27..716027.25 rows=164 width=22) (actual time=39.291..11344.347 rows=3137 loops=1)
                     Buffers: shared hit=1020615 read=417193
                     ->  Nested Loop  (cost=2570.84..715010.66 rows=1528 width=26) (actual time=28.376..10546.811 rows=29766 loops=1)
                           Buffers: shared hit=909915 read=408829
                           ->  Nested Loop  (cost=2570.55..712671.62 rows=9167 width=30) (actual time=27.437..10268.283 rows=216107 loops=1)
                                 Buffers: shared hit=888336 read=408829
                                 ->  Hash Join  (cost=2570.12..706541.62 rows=9167 width=22) (actual time=27.393..5215.060 rows=220552 loops=1)
                                       Hash Cond: (catalog_returns.cr_returned_date_sk = date_dim.d_date_sk)
                                       Buffers: shared hit=24241 read=408496
                                       ->  Seq Scan on catalog_returns  (cost=0.00..647267.12 rows=21600412 width=26) (actual time=0.220..3460.748 rows=21598628 loops=1)
                                             Buffers: shared hit=22767 read=408496
                                       ->  Hash  (cost=2569.73..2569.73 rows=31 width=4) (actual time=14.092..14.092 rows=31 loops=1)
                                             Buckets: 1024  Batches: 1  Memory Usage: 10kB
                                             Buffers: shared hit=1474
                                             ->  Seq Scan on date_dim  (cost=0.00..2569.73 rows=31 width=4) (actual time=7.738..14.082 rows=31 loops=1)
                                                   Filter: ((d_year = 1998) AND (d_moy = 10))
                                                   Rows Removed by Filter: 73018
                                                   Buffers: shared hit=1474
                                 ->  Index Scan using customer_pkey on customer  (cost=0.43..0.67 rows=1 width=16) (actual time=0.022..0.022 rows=1 loops=220552)
                                       Index Cond: (c_customer_sk = catalog_returns.cr_returning_customer_sk)
                                       Buffers: shared hit=864095 read=333
                           ->  Memoize  (cost=0.29..0.31 rows=1 width=4) (actual time=0.001..0.001 rows=0 loops=216107)
                                 Cache Key: customer.c_current_hdemo_sk
                                 Cache Mode: logical
                                 Hits: 208913  Misses: 7194  Evictions: 0  Overflows: 0  Memory Usage: 520kB
                                 Buffers: shared hit=21579
                                 ->  Index Scan using household_demographics_pkey on household_demographics  (cost=0.28..0.30 rows=1 width=4) (actual time=0.016..0.016 rows=0 loops=7194)
                                       Index Cond: (hd_demo_sk = customer.c_current_hdemo_sk)
                                       Filter: (hd_buy_potential ~~ '1001-5000%'::text)
                                       Rows Removed by Filter: 1
                                       Buffers: shared hit=21579
                     ->  Index Scan using customer_address_pkey on customer_address  (cost=0.42..0.67 rows=1 width=4) (actual time=0.026..0.026 rows=0 loops=29766)
                           Index Cond: (ca_address_sk = customer.c_current_addr_sk)
                           Filter: (ca_gmt_offset = '-7'::numeric)
                           Rows Removed by Filter: 1
                           Buffers: shared hit=110700 read=8364
               ->  Index Scan using customer_demographics_pkey on customer_demographics  (cost=0.43..0.72 rows=1 width=4) (actual time=0.026..0.026 rows=0 loops=3137)
                     Index Cond: (cd_demo_sk = customer.c_current_cdemo_sk)
                     Filter: (((cd_marital_status = 'M'::bpchar) AND (cd_education_status = 'Unknown'::bpchar)) OR ((cd_marital_status = 'W'::bpchar) AND (cd_education_status = 'Advanced Degree'::bpchar)))
                     Rows Removed by Filter: 1
                     Buffers: shared hit=11802 read=530
         ->  Index Scan using call_center_pkey on call_center  (cost=0.14..0.16 rows=1 width=48) (never executed)
               Index Cond: (cc_call_center_sk = catalog_returns.cr_call_center_sk)
 Planning:
   Buffers: shared hit=415
 Planning Time: 2.034 ms
 Execution Time: 11428.425 ms
(53 rows)

