                                                                                                     QUERY PLAN                                                                                                     
--------------------------------------------------------------------------------------------------------------------------------------------------------------------------------------------------------------------
 Aggregate  (cost=715921.76..715921.77 rows=1 width=136) (actual time=12283.869..12283.876 rows=1 loops=1)
   Buffers: shared hit=1177745 read=416582
   ->  Hash Join  (cost=2574.36..715921.22 rows=36 width=58) (actual time=12283.863..12283.871 rows=0 loops=1)
         Hash Cond: (catalog_returns.cr_call_center_sk = call_center.cc_call_center_sk)
         Buffers: shared hit=1177745 read=416582
         ->  Nested Loop  (cost=2571.68..715918.44 rows=36 width=18) (actual time=12283.770..12283.777 rows=0 loops=1)
               Buffers: shared hit=1177743 read=416582
               ->  Nested Loop  (cost=2571.26..715863.88 rows=82 width=22) (actual time=1345.450..12262.982 rows=904 loops=1)
                     Buffers: shared hit=1174405 read=416304
                     ->  Nested Loop  (cost=2570.83..714805.30 rows=1478 width=26) (actual time=1345.420..11244.148 rows=40972 loops=1)
                           Buffers: shared hit=1022403 read=407450
                           ->  Nested Loop  (cost=2570.54..712473.67 rows=8871 width=30) (actual time=1343.182..10954.014 rows=243882 loops=1)
                                 Buffers: shared hit=1000815 read=407450
                                 ->  Hash Join  (cost=2570.11..706541.60 rows=8871 width=22) (actual time=1343.138..5341.739 rows=248731 loops=1)
                                       Hash Cond: (catalog_returns.cr_returned_date_sk = date_dim.d_date_sk)
                                       Buffers: shared hit=25660 read=407077
                                       ->  Seq Scan on catalog_returns  (cost=0.00..647267.12 rows=21600412 width=26) (actual time=0.388..3537.563 rows=21598628 loops=1)
                                             Buffers: shared hit=24186 read=407077
                                       ->  Hash  (cost=2569.73..2569.73 rows=30 width=4) (actual time=27.662..27.663 rows=30 loops=1)
                                             Buckets: 1024  Batches: 1  Memory Usage: 10kB
                                             Buffers: shared hit=1474
                                             ->  Seq Scan on date_dim  (cost=0.00..2569.73 rows=30 width=4) (actual time=16.302..27.641 rows=30 loops=1)
                                                   Filter: ((d_year = 2000) AND (d_moy = 9))
                                                   Rows Removed by Filter: 73019
                                                   Buffers: shared hit=1474
                                 ->  Index Scan using customer_pkey on customer  (cost=0.43..0.67 rows=1 width=16) (actual time=0.022..0.022 rows=1 loops=248731)
                                       Index Cond: (c_customer_sk = catalog_returns.cr_returning_customer_sk)
                                       Buffers: shared hit=975155 read=373
                           ->  Memoize  (cost=0.29..0.31 rows=1 width=4) (actual time=0.001..0.001 rows=0 loops=243882)
                                 Cache Key: customer.c_current_hdemo_sk
                                 Cache Mode: logical
                                 Hits: 236685  Misses: 7197  Evictions: 0  Overflows: 0  Memory Usage: 521kB
                                 Buffers: shared hit=21588
                                 ->  Index Scan using household_demographics_pkey on household_demographics  (cost=0.28..0.30 rows=1 width=4) (actual time=0.015..0.015 rows=0 loops=7197)
                                       Index Cond: (hd_demo_sk = customer.c_current_hdemo_sk)
                                       Filter: (hd_buy_potential ~~ '501-1000%'::text)
                                       Rows Removed by Filter: 1
                                       Buffers: shared hit=21588
                     ->  Index Scan using customer_demographics_pkey on customer_demographics  (cost=0.43..0.72 rows=1 width=4) (actual time=0.025..0.025 rows=0 loops=40972)
                           Index Cond: (cd_demo_sk = customer.c_current_cdemo_sk)
                           Filter: (((cd_marital_status = 'M'::bpchar) AND (cd_education_status = 'Unknown'::bpchar)) OR ((cd_marital_status = 'W'::bpchar) AND (cd_education_status = 'Advanced Degree'::bpchar)))
                           Rows Removed by Filter: 1
                           Buffers: shared hit=152002 read=8854
               ->  Index Scan using customer_address_pkey on customer_address  (cost=0.42..0.67 rows=1 width=4) (actual time=0.022..0.022 rows=0 loops=904)
                     Index Cond: (ca_address_sk = customer.c_current_addr_sk)
                     Filter: (ca_gmt_offset = '-6'::numeric)
                     Rows Removed by Filter: 1
                     Buffers: shared hit=3338 read=278
         ->  Hash  (cost=2.30..2.30 rows=30 width=48) (actual time=0.069..0.070 rows=30 loops=1)
               Buckets: 1024  Batches: 1  Memory Usage: 11kB
               Buffers: shared hit=2
               ->  Seq Scan on call_center  (cost=0.00..2.30 rows=30 width=48) (actual time=0.026..0.046 rows=30 loops=1)
                     Buffers: shared hit=2
 Planning:
   Buffers: shared hit=415
 Planning Time: 4.174 ms
 Execution Time: 12284.569 ms
(57 rows)

