                                                                                                     QUERY PLAN                                                                                                     
--------------------------------------------------------------------------------------------------------------------------------------------------------------------------------------------------------------------
 Aggregate  (cost=716164.96..716164.97 rows=1 width=136) (actual time=12682.107..12682.113 rows=1 loops=1)
   Buffers: shared hit=1178451 read=415311
   ->  Hash Join  (cost=2574.37..716164.39 rows=38 width=58) (actual time=1219.173..12676.025 rows=3327 loops=1)
         Hash Cond: (catalog_returns.cr_call_center_sk = call_center.cc_call_center_sk)
         Buffers: shared hit=1178451 read=415311
         ->  Nested Loop  (cost=2571.69..716161.60 rows=38 width=18) (actual time=1219.097..12673.590 rows=3351 loops=1)
               Buffers: shared hit=1178449 read=415311
               ->  Nested Loop  (cost=2571.27..716105.05 rows=85 width=22) (actual time=1219.071..12551.517 rows=4370 loops=1)
                     Buffers: shared hit=1162811 read=413469
                     ->  Nested Loop  (cost=2570.84..715010.66 rows=1528 width=26) (actual time=1203.440..11533.923 rows=40899 loops=1)
                           Buffers: shared hit=1008372 read=407356
                           ->  Nested Loop  (cost=2570.55..712671.62 rows=9167 width=30) (actual time=1201.020..11239.530 rows=240350 loops=1)
                                 Buffers: shared hit=986781 read=407356
                                 ->  Hash Join  (cost=2570.12..706541.62 rows=9167 width=22) (actual time=1200.961..5435.349 rows=245202 loops=1)
                                       Hash Cond: (catalog_returns.cr_returned_date_sk = date_dim.d_date_sk)
                                       Buffers: shared hit=25636 read=407101
                                       ->  Seq Scan on catalog_returns  (cost=0.00..647267.12 rows=21600412 width=26) (actual time=0.032..3626.265 rows=21598628 loops=1)
                                             Buffers: shared hit=25636 read=405627
                                       ->  Hash  (cost=2569.73..2569.73 rows=31 width=4) (actual time=22.490..22.491 rows=31 loops=1)
                                             Buckets: 1024  Batches: 1  Memory Usage: 10kB
                                             Buffers: shared read=1474
                                             ->  Seq Scan on date_dim  (cost=0.00..2569.73 rows=31 width=4) (actual time=13.077..22.478 rows=31 loops=1)
                                                   Filter: ((d_year = 2000) AND (d_moy = 7))
                                                   Rows Removed by Filter: 73018
                                                   Buffers: shared read=1474
                                 ->  Index Scan using customer_pkey on customer  (cost=0.43..0.67 rows=1 width=16) (actual time=0.023..0.023 rows=1 loops=245202)
                                       Index Cond: (c_customer_sk = catalog_returns.cr_returning_customer_sk)
                                       Buffers: shared hit=961145 read=255
                           ->  Memoize  (cost=0.29..0.31 rows=1 width=4) (actual time=0.001..0.001 rows=0 loops=240350)
                                 Cache Key: customer.c_current_hdemo_sk
                                 Cache Mode: logical
                                 Hits: 233152  Misses: 7198  Evictions: 0  Overflows: 0  Memory Usage: 521kB
                                 Buffers: shared hit=21591
                                 ->  Index Scan using household_demographics_pkey on household_demographics  (cost=0.28..0.30 rows=1 width=4) (actual time=0.015..0.015 rows=0 loops=7198)
                                       Index Cond: (hd_demo_sk = customer.c_current_hdemo_sk)
                                       Filter: (hd_buy_potential ~~ 'Unknown%'::text)
                                       Rows Removed by Filter: 1
                                       Buffers: shared hit=21591
                     ->  Index Scan using customer_demographics_pkey on customer_demographics  (cost=0.43..0.72 rows=1 width=4) (actual time=0.025..0.025 rows=0 loops=40899)
                           Index Cond: (cd_demo_sk = customer.c_current_cdemo_sk)
                           Filter: (((cd_marital_status = 'M'::bpchar) AND (cd_education_status = 'Unknown'::bpchar)) OR ((cd_marital_status = 'W'::bpchar) AND (cd_education_status = 'Advanced Degree'::bpchar)))
                           Rows Removed by Filter: 1
                           Buffers: shared hit=154439 read=6113
               ->  Index Scan using customer_address_pkey on customer_address  (cost=0.42..0.67 rows=1 width=4) (actual time=0.027..0.027 rows=1 loops=4370)
                     Index Cond: (ca_address_sk = customer.c_current_addr_sk)
                     Filter: (ca_gmt_offset = '-6'::numeric)
                     Rows Removed by Filter: 0
                     Buffers: shared hit=15638 read=1842
         ->  Hash  (cost=2.30..2.30 rows=30 width=48) (actual time=0.056..0.057 rows=30 loops=1)
               Buckets: 1024  Batches: 1  Memory Usage: 11kB
               Buffers: shared hit=2
               ->  Seq Scan on call_center  (cost=0.00..2.30 rows=30 width=48) (actual time=0.020..0.035 rows=30 loops=1)
                     Buffers: shared hit=2
 Planning:
   Buffers: shared hit=384 read=31
 Planning Time: 4.812 ms
 Execution Time: 12682.699 ms
(57 rows)

