                                                                                                     QUERY PLAN                                                                                                     
--------------------------------------------------------------------------------------------------------------------------------------------------------------------------------------------------------------------
 Aggregate  (cost=716164.96..716164.97 rows=1 width=136) (actual time=12939.388..12939.395 rows=1 loops=1)
   Buffers: shared hit=1263259 read=403860
   ->  Hash Join  (cost=2574.37..716164.39 rows=38 width=58) (actual time=12939.384..12939.390 rows=0 loops=1)
         Hash Cond: (catalog_returns.cr_call_center_sk = call_center.cc_call_center_sk)
         Buffers: shared hit=1263259 read=403860
         ->  Nested Loop  (cost=2571.69..716161.60 rows=38 width=18) (actual time=12939.282..12939.287 rows=0 loops=1)
               Buffers: shared hit=1263257 read=403860
               ->  Nested Loop  (cost=2571.27..716105.05 rows=85 width=22) (actual time=978.829..12908.763 rows=1019 loops=1)
                     Buffers: shared hit=1259871 read=403170
                     ->  Nested Loop  (cost=2570.84..715010.66 rows=1528 width=26) (actual time=970.346..11820.060 rows=43315 loops=1)
                           Buffers: shared hit=1092562 read=400171
                           ->  Nested Loop  (cost=2570.55..712671.62 rows=9167 width=30) (actual time=969.080..11513.699 rows=259602 loops=1)
                                 Buffers: shared hit=1070974 read=400171
                                 ->  Hash Join  (cost=2570.12..706541.62 rows=9167 width=22) (actual time=969.020..5378.023 rows=264842 loops=1)
                                       Hash Cond: (catalog_returns.cr_returned_date_sk = date_dim.d_date_sk)
                                       Buffers: shared hit=32712 read=400025
                                       ->  Seq Scan on catalog_returns  (cost=0.00..647267.12 rows=21600412 width=26) (actual time=0.037..3532.173 rows=21598628 loops=1)
                                             Buffers: shared hit=31238 read=400025
                                       ->  Hash  (cost=2569.73..2569.73 rows=31 width=4) (actual time=22.448..22.449 rows=31 loops=1)
                                             Buckets: 1024  Batches: 1  Memory Usage: 10kB
                                             Buffers: shared hit=1474
                                             ->  Seq Scan on date_dim  (cost=0.00..2569.73 rows=31 width=4) (actual time=13.060..22.430 rows=31 loops=1)
                                                   Filter: ((d_year = 2000) AND (d_moy = 3))
                                                   Rows Removed by Filter: 73018
                                                   Buffers: shared hit=1474
                                 ->  Index Scan using customer_pkey on customer  (cost=0.43..0.67 rows=1 width=16) (actual time=0.023..0.023 rows=1 loops=264842)
                                       Index Cond: (c_customer_sk = catalog_returns.cr_returning_customer_sk)
                                       Buffers: shared hit=1038262 read=146
                           ->  Memoize  (cost=0.29..0.31 rows=1 width=4) (actual time=0.001..0.001 rows=0 loops=259602)
                                 Cache Key: customer.c_current_hdemo_sk
                                 Cache Mode: logical
                                 Hits: 252405  Misses: 7197  Evictions: 0  Overflows: 0  Memory Usage: 521kB
                                 Buffers: shared hit=21588
                                 ->  Index Scan using household_demographics_pkey on household_demographics  (cost=0.28..0.30 rows=1 width=4) (actual time=0.015..0.015 rows=0 loops=7197)
                                       Index Cond: (hd_demo_sk = customer.c_current_hdemo_sk)
                                       Filter: (hd_buy_potential ~~ '501-1000%'::text)
                                       Rows Removed by Filter: 1
                                       Buffers: shared hit=21588
                     ->  Index Scan using customer_demographics_pkey on customer_demographics  (cost=0.43..0.72 rows=1 width=4) (actual time=0.025..0.025 rows=0 loops=43315)
                           Index Cond: (cd_demo_sk = customer.c_current_cdemo_sk)
                           Filter: (((cd_marital_status = 'M'::bpchar) AND (cd_education_status = 'Unknown'::bpchar)) OR ((cd_marital_status = 'W'::bpchar) AND (cd_education_status = 'Advanced Degree'::bpchar)))
                           Rows Removed by Filter: 1
                           Buffers: shared hit=167309 read=2999
               ->  Index Scan using customer_address_pkey on customer_address  (cost=0.42..0.67 rows=1 width=4) (actual time=0.029..0.029 rows=0 loops=1019)
                     Index Cond: (ca_address_sk = customer.c_current_addr_sk)
                     Filter: (ca_gmt_offset = '-6'::numeric)
                     Rows Removed by Filter: 1
                     Buffers: shared hit=3386 read=690
         ->  Hash  (cost=2.30..2.30 rows=30 width=48) (actual time=0.077..0.078 rows=30 loops=1)
               Buckets: 1024  Batches: 1  Memory Usage: 11kB
               Buffers: shared hit=2
               ->  Seq Scan on call_center  (cost=0.00..2.30 rows=30 width=48) (actual time=0.029..0.050 rows=30 loops=1)
                     Buffers: shared hit=2
 Planning:
   Buffers: shared hit=415
 Planning Time: 4.634 ms
 Execution Time: 12940.214 ms
(57 rows)

