                                                                                                     QUERY PLAN                                                                                                     
--------------------------------------------------------------------------------------------------------------------------------------------------------------------------------------------------------------------
 Aggregate  (cost=715679.29..715679.30 rows=1 width=136) (actual time=14312.672..14312.678 rows=1 loops=1)
   Buffers: shared hit=1492200 read=400626
   ->  Hash Join  (cost=2574.34..715678.77 rows=35 width=58) (actual time=14312.667..14312.673 rows=0 loops=1)
         Hash Cond: (catalog_returns.cr_call_center_sk = call_center.cc_call_center_sk)
         Buffers: shared hit=1492200 read=400626
         ->  Nested Loop  (cost=2571.67..715675.99 rows=35 width=18) (actual time=14312.593..14312.598 rows=0 loops=1)
               Buffers: shared hit=1492198 read=400626
               ->  Nested Loop  (cost=2571.24..715623.43 rows=79 width=22) (actual time=3130.622..14276.113 rows=1115 loops=1)
                     Buffers: shared hit=1488703 read=399661
                     ->  Nested Loop  (cost=2570.82..714599.95 rows=1429 width=26) (actual time=3075.318..13024.251 rows=51569 loops=1)
                           Buffers: shared hit=1288736 read=397024
                           ->  Nested Loop  (cost=2570.52..712275.72 rows=8575 width=30) (actual time=3068.563..12671.515 rows=307858 loops=1)
                                 Buffers: shared hit=1267145 read=397024
                                 ->  Hash Join  (cost=2570.10..706541.59 rows=8575 width=22) (actual time=3068.525..5497.099 rows=314133 loops=1)
                                       Hash Cond: (catalog_returns.cr_returned_date_sk = date_dim.d_date_sk)
                                       Buffers: shared hit=35872 read=396865
                                       ->  Seq Scan on catalog_returns  (cost=0.00..647267.12 rows=21600412 width=26) (actual time=0.025..3594.245 rows=21598628 loops=1)
                                             Buffers: shared hit=34398 read=396865
                                       ->  Hash  (cost=2569.73..2569.73 rows=29 width=4) (actual time=22.002..22.003 rows=30 loops=1)
                                             Buckets: 1024  Batches: 1  Memory Usage: 10kB
                                             Buffers: shared hit=1474
                                             ->  Seq Scan on date_dim  (cost=0.00..2569.73 rows=29 width=4) (actual time=12.679..21.984 rows=30 loops=1)
                                                   Filter: ((d_year = 2002) AND (d_moy = 11))
                                                   Rows Removed by Filter: 73019
                                                   Buffers: shared hit=1474
                                 ->  Index Scan using customer_pkey on customer  (cost=0.43..0.67 rows=1 width=16) (actual time=0.022..0.022 rows=1 loops=314133)
                                       Index Cond: (c_customer_sk = catalog_returns.cr_returning_customer_sk)
                                       Buffers: shared hit=1231273 read=159
                           ->  Memoize  (cost=0.29..0.31 rows=1 width=4) (actual time=0.001..0.001 rows=0 loops=307858)
                                 Cache Key: customer.c_current_hdemo_sk
                                 Cache Mode: logical
                                 Hits: 300660  Misses: 7198  Evictions: 0  Overflows: 0  Memory Usage: 521kB
                                 Buffers: shared hit=21591
                                 ->  Index Scan using household_demographics_pkey on household_demographics  (cost=0.28..0.30 rows=1 width=4) (actual time=0.016..0.016 rows=0 loops=7198)
                                       Index Cond: (hd_demo_sk = customer.c_current_hdemo_sk)
                                       Filter: (hd_buy_potential ~~ '501-1000%'::text)
                                       Rows Removed by Filter: 1
                                       Buffers: shared hit=21591
                     ->  Index Scan using customer_demographics_pkey on customer_demographics  (cost=0.43..0.72 rows=1 width=4) (actual time=0.024..0.024 rows=0 loops=51569)
                           Index Cond: (cd_demo_sk = customer.c_current_cdemo_sk)
                           Filter: (((cd_marital_status = 'M'::bpchar) AND (cd_education_status = 'Unknown'::bpchar)) OR ((cd_marital_status = 'W'::bpchar) AND (cd_education_status = 'Advanced Degree'::bpchar)))
                           Rows Removed by Filter: 1
                           Buffers: shared hit=199967 read=2637
               ->  Index Scan using customer_address_pkey on customer_address  (cost=0.42..0.67 rows=1 width=4) (actual time=0.032..0.032 rows=0 loops=1115)
                     Index Cond: (ca_address_sk = customer.c_current_addr_sk)
                     Filter: (ca_gmt_offset = '-6'::numeric)
                     Rows Removed by Filter: 1
                     Buffers: shared hit=3495 read=965
         ->  Hash  (cost=2.30..2.30 rows=30 width=48) (actual time=0.054..0.054 rows=30 loops=1)
               Buckets: 1024  Batches: 1  Memory Usage: 11kB
               Buffers: shared hit=2
               ->  Seq Scan on call_center  (cost=0.00..2.30 rows=30 width=48) (actual time=0.023..0.036 rows=30 loops=1)
                     Buffers: shared hit=2
 Planning:
   Buffers: shared hit=415
 Planning Time: 5.033 ms
 Execution Time: 14313.292 ms
(57 rows)

