                                                                                                  QUERY PLAN                                                                                                  
--------------------------------------------------------------------------------------------------------------------------------------------------------------------------------------------------------------
 Aggregate  (cost=716146.24..716146.25 rows=1 width=136) (actual time=14598.420..14598.427 rows=1 loops=1)
   Buffers: shared hit=1485302 read=435398
   ->  Nested Loop  (cost=2571.83..716146.10 rows=9 width=58) (actual time=1880.132..14597.149 rows=359 loops=1)
         Buffers: shared hit=1485302 read=435398
         ->  Nested Loop  (cost=2571.69..716144.71 rows=9 width=18) (actual time=1880.113..14594.179 rows=362 loops=1)
               Buffers: shared hit=1484584 read=435398
               ->  Nested Loop  (cost=2571.27..716027.25 rows=164 width=22) (actual time=1871.019..14491.239 rows=3798 loops=1)
                     Buffers: shared hit=1469891 read=435187
                     ->  Nested Loop  (cost=2570.84..715010.66 rows=1528 width=26) (actual time=1856.284..13128.766 rows=51883 loops=1)
                           Buffers: shared hit=1289531 read=408015
                           ->  Nested Loop  (cost=2570.55..712671.62 rows=9167 width=30) (actual time=1848.879..12781.084 rows=310803 loops=1)
                                 Buffers: shared hit=1267934 read=408015
                                 ->  Hash Join  (cost=2570.12..706541.62 rows=9167 width=22) (actual time=1848.843..5550.912 rows=317153 loops=1)
                                       Hash Cond: (catalog_returns.cr_returned_date_sk = date_dim.d_date_sk)
                                       Buffers: shared hit=24814 read=407923
                                       ->  Seq Scan on catalog_returns  (cost=0.00..647267.12 rows=21600412 width=26) (actual time=0.055..3674.236 rows=21598628 loops=1)
                                             Buffers: shared hit=23340 read=407923
                                       ->  Hash  (cost=2569.73..2569.73 rows=31 width=4) (actual time=27.710..27.711 rows=31 loops=1)
                                             Buckets: 1024  Batches: 1  Memory Usage: 10kB
                                             Buffers: shared hit=1474
                                             ->  Seq Scan on date_dim  (cost=0.00..2569.73 rows=31 width=4) (actual time=16.324..27.694 rows=31 loops=1)
                                                   Filter: ((d_year = 2001) AND (d_moy = 7))
                                                   Rows Removed by Filter: 73018
                                                   Buffers: shared hit=1474
                                 ->  Index Scan using customer_pkey on customer  (cost=0.43..0.67 rows=1 width=16) (actual time=0.022..0.022 rows=1 loops=317153)
                                       Index Cond: (c_customer_sk = catalog_returns.cr_returning_customer_sk)
                                       Buffers: shared hit=1243120 read=92
                           ->  Memoize  (cost=0.29..0.31 rows=1 width=4) (actual time=0.001..0.001 rows=0 loops=310803)
                                 Cache Key: customer.c_current_hdemo_sk
                                 Cache Mode: logical
                                 Hits: 303603  Misses: 7200  Evictions: 0  Overflows: 0  Memory Usage: 521kB
                                 Buffers: shared hit=21597
                                 ->  Index Scan using household_demographics_pkey on household_demographics  (cost=0.28..0.30 rows=1 width=4) (actual time=0.016..0.016 rows=0 loops=7200)
                                       Index Cond: (hd_demo_sk = customer.c_current_hdemo_sk)
                                       Filter: (hd_buy_potential ~~ '501-1000%'::text)
                                       Rows Removed by Filter: 1
                                       Buffers: shared hit=21597
                     ->  Index Scan using customer_address_pkey on customer_address  (cost=0.42..0.67 rows=1 width=4) (actual time=0.026..0.026 rows=0 loops=51883)
                           Index Cond: (ca_address_sk = customer.c_current_addr_sk)
                           Filter: (ca_gmt_offset = '-7'::numeric)
                           Rows Removed by Filter: 1
                           Buffers: shared hit=180360 read=27172
               ->  Index Scan using customer_demographics_pkey on customer_demographics  (cost=0.43..0.72 rows=1 width=4) (actual time=0.027..0.027 rows=0 loops=3798)
                     Index Cond: (cd_demo_sk = customer.c_current_cdemo_sk)
                     Filter: (((cd_marital_status = 'M'::bpchar) AND (cd_education_status = 'Unknown'::bpchar)) OR ((cd_marital_status = 'W'::bpchar) AND (cd_education_status = 'Advanced Degree'::bpchar)))
                     Rows Removed by Filter: 1
                     Buffers: shared hit=14693 read=211
         ->  Index Scan using call_center_pkey on call_center  (cost=0.14..0.16 rows=1 width=48) (actual time=0.006..0.006 rows=1 loops=362)
               Index Cond: (cc_call_center_sk = catalog_returns.cr_call_center_sk)
               Buffers: shared hit=718
 Planning:
   Buffers: shared hit=415
 Planning Time: 4.675 ms
 Execution Time: 14599.301 ms
(54 rows)

