                                                                                                  QUERY PLAN                                                                                                  
--------------------------------------------------------------------------------------------------------------------------------------------------------------------------------------------------------------
 Aggregate  (cost=716146.24..716146.25 rows=1 width=136) (actual time=12509.057..12509.064 rows=1 loops=1)
   Buffers: shared hit=1179438 read=424296
   ->  Nested Loop  (cost=2571.83..716146.10 rows=9 width=58) (actual time=1308.632..12507.315 rows=572 loops=1)
         Buffers: shared hit=1179438 read=424296
         ->  Nested Loop  (cost=2571.69..716144.71 rows=9 width=18) (actual time=1308.611..12499.359 rows=580 loops=1)
               Buffers: shared hit=1178294 read=424296
               ->  Nested Loop  (cost=2571.27..716027.25 rows=164 width=22) (actual time=1262.551..12377.408 rows=4900 loops=1)
                     Buffers: shared hit=1159570 read=423796
                     ->  Nested Loop  (cost=2570.84..715010.66 rows=1528 width=26) (actual time=1262.521..11423.347 rows=37579 loops=1)
                           Buffers: shared hit=1018560 read=414490
                           ->  Nested Loop  (cost=2570.55..712671.62 rows=9167 width=30) (actual time=1261.518..11117.249 rows=244682 loops=1)
                                 Buffers: shared hit=996975 read=414490
                                 ->  Hash Join  (cost=2570.12..706541.62 rows=9167 width=22) (actual time=1261.473..5259.260 rows=249569 loops=1)
                                       Hash Cond: (catalog_returns.cr_returned_date_sk = date_dim.d_date_sk)
                                       Buffers: shared hit=18308 read=414429
                                       ->  Seq Scan on catalog_returns  (cost=0.00..647267.12 rows=21600412 width=26) (actual time=0.099..3481.952 rows=21598628 loops=1)
                                             Buffers: shared hit=18128 read=413135
                                       ->  Hash  (cost=2569.73..2569.73 rows=31 width=4) (actual time=23.774..23.775 rows=31 loops=1)
                                             Buckets: 1024  Batches: 1  Memory Usage: 10kB
                                             Buffers: shared hit=180 read=1294
                                             ->  Seq Scan on date_dim  (cost=0.00..2569.73 rows=31 width=4) (actual time=13.526..23.754 rows=31 loops=1)
                                                   Filter: ((d_year = 2000) AND (d_moy = 8))
                                                   Rows Removed by Filter: 73018
                                                   Buffers: shared hit=180 read=1294
                                 ->  Index Scan using customer_pkey on customer  (cost=0.43..0.67 rows=1 width=16) (actual time=0.023..0.023 rows=1 loops=249569)
                                       Index Cond: (c_customer_sk = catalog_returns.cr_returning_customer_sk)
                                       Buffers: shared hit=978667 read=61
                           ->  Memoize  (cost=0.29..0.31 rows=1 width=4) (actual time=0.001..0.001 rows=0 loops=244682)
                                 Cache Key: customer.c_current_hdemo_sk
                                 Cache Mode: logical
                                 Hits: 237486  Misses: 7196  Evictions: 0  Overflows: 0  Memory Usage: 521kB
                                 Buffers: shared hit=21585
                                 ->  Index Scan using household_demographics_pkey on household_demographics  (cost=0.28..0.30 rows=1 width=4) (actual time=0.017..0.017 rows=0 loops=7196)
                                       Index Cond: (hd_demo_sk = customer.c_current_hdemo_sk)
                                       Filter: (hd_buy_potential ~~ '0-500%'::text)
                                       Rows Removed by Filter: 1
                                       Buffers: shared hit=21585
                     ->  Index Scan using customer_address_pkey on customer_address  (cost=0.42..0.67 rows=1 width=4) (actual time=0.025..0.025 rows=0 loops=37579)
                           Index Cond: (ca_address_sk = customer.c_current_addr_sk)
                           Filter: (ca_gmt_offset = '-7'::numeric)
                           Rows Removed by Filter: 1
                           Buffers: shared hit=141010 read=9306
               ->  Index Scan using customer_demographics_pkey on customer_demographics  (cost=0.43..0.72 rows=1 width=4) (actual time=0.024..0.024 rows=0 loops=4900)
                     Index Cond: (cd_demo_sk = customer.c_current_cdemo_sk)
                     Filter: (((cd_marital_status = 'M'::bpchar) AND (cd_education_status = 'Unknown'::bpchar)) OR ((cd_marital_status = 'W'::bpchar) AND (cd_education_status = 'Advanced Degree'::bpchar)))
                     Rows Removed by Filter: 1
                     Buffers: shared hit=18724 read=500
         ->  Index Scan using call_center_pkey on call_center  (cost=0.14..0.16 rows=1 width=48) (actual time=0.012..0.012 rows=1 loops=580)
               Index Cond: (cc_call_center_sk = catalog_returns.cr_call_center_sk)
               Buffers: shared hit=1144
 Planning:
   Buffers: shared hit=384 read=31
 Planning Time: 5.853 ms
 Execution Time: 12510.078 ms
(54 rows)

