                                                                                                  QUERY PLAN                                                                                                  
--------------------------------------------------------------------------------------------------------------------------------------------------------------------------------------------------------------
 Aggregate  (cost=716146.24..716146.25 rows=1 width=136) (actual time=16346.961..16346.968 rows=1 loops=1)
   Buffers: shared hit=1757359 read=414619
   ->  Nested Loop  (cost=2571.83..716146.10 rows=9 width=58) (actual time=16346.956..16346.962 rows=0 loops=1)
         Buffers: shared hit=1757359 read=414619
         ->  Nested Loop  (cost=2571.69..716144.71 rows=9 width=18) (actual time=16346.955..16346.961 rows=0 loops=1)
               Buffers: shared hit=1757359 read=414619
               ->  Nested Loop  (cost=2571.27..716027.25 rows=164 width=22) (actual time=2459.575..16199.028 rows=5487 loops=1)
                     Buffers: shared hit=1738069 read=412289
                     ->  Nested Loop  (cost=2570.84..715010.66 rows=1528 width=26) (actual time=2455.481..14895.683 rows=51396 loops=1)
                           Buffers: shared hit=1540071 read=404703
                           ->  Nested Loop  (cost=2570.55..712671.62 rows=9167 width=30) (actual time=2449.399..14504.763 rows=372610 loops=1)
                                 Buffers: shared hit=1518474 read=404703
                                 ->  Hash Join  (cost=2570.12..706541.62 rows=9167 width=22) (actual time=2449.352..5645.283 rows=380176 loops=1)
                                       Hash Cond: (catalog_returns.cr_returned_date_sk = date_dim.d_date_sk)
                                       Buffers: shared hit=28133 read=404604
                                       ->  Seq Scan on catalog_returns  (cost=0.00..647267.12 rows=21600412 width=26) (actual time=0.035..3674.529 rows=21598628 loops=1)
                                             Buffers: shared hit=26659 read=404604
                                       ->  Hash  (cost=2569.73..2569.73 rows=31 width=4) (actual time=20.228..20.229 rows=31 loops=1)
                                             Buckets: 1024  Batches: 1  Memory Usage: 10kB
                                             Buffers: shared hit=1474
                                             ->  Seq Scan on date_dim  (cost=0.00..2569.73 rows=31 width=4) (actual time=10.369..20.214 rows=31 loops=1)
                                                   Filter: ((d_year = 2002) AND (d_moy = 3))
                                                   Rows Removed by Filter: 73018
                                                   Buffers: shared hit=1474
                                 ->  Index Scan using customer_pkey on customer  (cost=0.43..0.67 rows=1 width=16) (actual time=0.023..0.023 rows=1 loops=380176)
                                       Index Cond: (c_customer_sk = catalog_returns.cr_returning_customer_sk)
                                       Buffers: shared hit=1490341 read=99
                           ->  Memoize  (cost=0.29..0.31 rows=1 width=4) (actual time=0.001..0.001 rows=0 loops=372610)
                                 Cache Key: customer.c_current_hdemo_sk
                                 Cache Mode: logical
                                 Hits: 365410  Misses: 7200  Evictions: 0  Overflows: 0  Memory Usage: 521kB
                                 Buffers: shared hit=21597
                                 ->  Index Scan using household_demographics_pkey on household_demographics  (cost=0.28..0.30 rows=1 width=4) (actual time=0.015..0.015 rows=0 loops=7200)
                                       Index Cond: (hd_demo_sk = customer.c_current_hdemo_sk)
                                       Filter: (hd_buy_potential ~~ '1001-5000%'::text)
                                       Rows Removed by Filter: 1
                                       Buffers: shared hit=21597
                     ->  Index Scan using customer_address_pkey on customer_address  (cost=0.42..0.67 rows=1 width=4) (actual time=0.025..0.025 rows=0 loops=51396)
                           Index Cond: (ca_address_sk = customer.c_current_addr_sk)
                           Filter: (ca_gmt_offset = '-7'::numeric)
                           Rows Removed by Filter: 1
                           Buffers: shared hit=197998 read=7586
               ->  Index Scan using customer_demographics_pkey on customer_demographics  (cost=0.43..0.72 rows=1 width=4) (actual time=0.027..0.027 rows=0 loops=5487)
                     Index Cond: (cd_demo_sk = customer.c_current_cdemo_sk)
                     Filter: (((cd_marital_status = 'M'::bpchar) AND (cd_education_status = 'Unknown'::bpchar)) OR ((cd_marital_status = 'W'::bpchar) AND (cd_education_status = 'Advanced Degree'::bpchar)))
                     Rows Removed by Filter: 1
                     Buffers: shared hit=19290 read=2330
         ->  Index Scan using call_center_pkey on call_center  (cost=0.14..0.16 rows=1 width=48) (never executed)
               Index Cond: (cc_call_center_sk = catalog_returns.cr_call_center_sk)
 Planning:
   Buffers: shared hit=415
 Planning Time: 4.322 ms
 Execution Time: 16347.703 ms
(53 rows)

