                                                                                                  QUERY PLAN                                                                                                  
--------------------------------------------------------------------------------------------------------------------------------------------------------------------------------------------------------------
 Aggregate  (cost=715903.32..715903.33 rows=1 width=136) (actual time=7071.262..7071.268 rows=1 loops=1)
   Buffers: shared hit=417030 read=402648
   ->  Nested Loop  (cost=2571.82..715903.18 rows=9 width=58) (actual time=7071.257..7071.263 rows=0 loops=1)
         Buffers: shared hit=417030 read=402648
         ->  Nested Loop  (cost=2571.68..715901.79 rows=9 width=18) (actual time=7071.257..7071.262 rows=0 loops=1)
               Buffers: shared hit=417030 read=402648
               ->  Nested Loop  (cost=2571.25..715788.62 rows=158 width=22) (actual time=12.247..7040.242 rows=1183 loops=1)
                     Buffers: shared hit=412982 read=402044
                     ->  Nested Loop  (cost=2570.83..714805.30 rows=1478 width=26) (actual time=11.890..6788.034 rows=10899 loops=1)
                           Buffers: shared hit=370680 read=400750
                           ->  Nested Loop  (cost=2570.54..712473.67 rows=8871 width=30) (actual time=11.290..6621.772 rows=79319 loops=1)
                                 Buffers: shared hit=349263 read=400750
                                 ->  Hash Join  (cost=2570.11..706541.60 rows=8871 width=22) (actual time=11.246..4807.483 rows=80947 loops=1)
                                       Hash Cond: (catalog_returns.cr_returned_date_sk = date_dim.d_date_sk)
                                       Buffers: shared hit=32003 read=400734
                                       ->  Seq Scan on catalog_returns  (cost=0.00..647267.12 rows=21600412 width=26) (actual time=0.019..3204.009 rows=21598628 loops=1)
                                             Buffers: shared hit=30529 read=400734
                                       ->  Hash  (cost=2569.73..2569.73 rows=30 width=4) (actual time=11.208..11.209 rows=30 loops=1)
                                             Buckets: 1024  Batches: 1  Memory Usage: 10kB
                                             Buffers: shared hit=1474
                                             ->  Seq Scan on date_dim  (cost=0.00..2569.73 rows=30 width=4) (actual time=5.309..11.198 rows=30 loops=1)
                                                   Filter: ((d_year = 1998) AND (d_moy = 4))
                                                   Rows Removed by Filter: 73019
                                                   Buffers: shared hit=1474
                                 ->  Index Scan using customer_pkey on customer  (cost=0.43..0.67 rows=1 width=16) (actual time=0.022..0.022 rows=1 loops=80947)
                                       Index Cond: (c_customer_sk = catalog_returns.cr_returning_customer_sk)
                                       Buffers: shared hit=317260 read=16
                           ->  Memoize  (cost=0.29..0.31 rows=1 width=4) (actual time=0.002..0.002 rows=0 loops=79319)
                                 Cache Key: customer.c_current_hdemo_sk
                                 Cache Mode: logical
                                 Hits: 72179  Misses: 7140  Evictions: 0  Overflows: 0  Memory Usage: 517kB
                                 Buffers: shared hit=21417
                                 ->  Index Scan using household_demographics_pkey on household_demographics  (cost=0.28..0.30 rows=1 width=4) (actual time=0.015..0.015 rows=0 loops=7140)
                                       Index Cond: (hd_demo_sk = customer.c_current_hdemo_sk)
                                       Filter: (hd_buy_potential ~~ '1001-5000%'::text)
                                       Rows Removed by Filter: 1
                                       Buffers: shared hit=21417
                     ->  Index Scan using customer_address_pkey on customer_address  (cost=0.42..0.67 rows=1 width=4) (actual time=0.023..0.023 rows=0 loops=10899)
                           Index Cond: (ca_address_sk = customer.c_current_addr_sk)
                           Filter: (ca_gmt_offset = '-7'::numeric)
                           Rows Removed by Filter: 1
                           Buffers: shared hit=42302 read=1294
               ->  Index Scan using customer_demographics_pkey on customer_demographics  (cost=0.43..0.72 rows=1 width=4) (actual time=0.026..0.026 rows=0 loops=1183)
                     Index Cond: (cd_demo_sk = customer.c_current_cdemo_sk)
                     Filter: (((cd_marital_status = 'M'::bpchar) AND (cd_education_status = 'Unknown'::bpchar)) OR ((cd_marital_status = 'W'::bpchar) AND (cd_education_status = 'Advanced Degree'::bpchar)))
                     Rows Removed by Filter: 1
                     Buffers: shared hit=4048 read=604
         ->  Index Scan using call_center_pkey on call_center  (cost=0.14..0.16 rows=1 width=48) (never executed)
               Index Cond: (cc_call_center_sk = catalog_returns.cr_call_center_sk)
 Planning:
   Buffers: shared hit=415
 Planning Time: 1.760 ms
 Execution Time: 7071.682 ms
(53 rows)

