                                                                                                     QUERY PLAN                                                                                                     
--------------------------------------------------------------------------------------------------------------------------------------------------------------------------------------------------------------------
 Aggregate  (cost=715921.76..715921.77 rows=1 width=136) (actual time=14453.860..14453.866 rows=1 loops=1)
   Buffers: shared hit=1516085 read=417006
   ->  Hash Join  (cost=2574.36..715921.22 rows=36 width=58) (actual time=2552.797..14452.132 rows=569 loops=1)
         Hash Cond: (catalog_returns.cr_call_center_sk = call_center.cc_call_center_sk)
         Buffers: shared hit=1516085 read=417006
         ->  Nested Loop  (cost=2571.68..715918.44 rows=36 width=18) (actual time=2552.717..14451.386 rows=574 loops=1)
               Buffers: shared hit=1516083 read=417006
               ->  Nested Loop  (cost=2571.26..715863.88 rows=82 width=22) (actual time=2527.623..14352.722 rows=3532 loops=1)
                     Buffers: shared hit=1502948 read=416013
                     ->  Nested Loop  (cost=2570.83..714805.30 rows=1478 width=26) (actual time=2514.136..13139.350 rows=50157 loops=1)
                           Buffers: shared hit=1314879 read=407142
                           ->  Nested Loop  (cost=2570.54..712473.67 rows=8871 width=30) (actual time=2508.070..12788.260 rows=316921 loops=1)
                                 Buffers: shared hit=1293279 read=407142
                                 ->  Hash Join  (cost=2570.11..706541.60 rows=8871 width=22) (actual time=2508.024..5422.882 rows=323430 loops=1)
                                       Hash Cond: (catalog_returns.cr_returned_date_sk = date_dim.d_date_sk)
                                       Buffers: shared hit=25651 read=407086
                                       ->  Seq Scan on catalog_returns  (cost=0.00..647267.12 rows=21600412 width=26) (actual time=0.290..3565.808 rows=21598628 loops=1)
                                             Buffers: shared hit=24177 read=407086
                                       ->  Hash  (cost=2569.73..2569.73 rows=30 width=4) (actual time=19.858..19.858 rows=30 loops=1)
                                             Buckets: 1024  Batches: 1  Memory Usage: 10kB
                                             Buffers: shared hit=1474
                                             ->  Seq Scan on date_dim  (cost=0.00..2569.73 rows=30 width=4) (actual time=9.920..19.841 rows=30 loops=1)
                                                   Filter: ((d_year = 2002) AND (d_moy = 6))
                                                   Rows Removed by Filter: 73019
                                                   Buffers: shared hit=1474
                                 ->  Index Scan using customer_pkey on customer  (cost=0.43..0.67 rows=1 width=16) (actual time=0.022..0.022 rows=1 loops=323430)
                                       Index Cond: (c_customer_sk = catalog_returns.cr_returning_customer_sk)
                                       Buffers: shared hit=1267628 read=56
                           ->  Memoize  (cost=0.29..0.31 rows=1 width=4) (actual time=0.001..0.001 rows=0 loops=316921)
                                 Cache Key: customer.c_current_hdemo_sk
                                 Cache Mode: logical
                                 Hits: 309720  Misses: 7201  Evictions: 0  Overflows: 0  Memory Usage: 521kB
                                 Buffers: shared hit=21600
                                 ->  Index Scan using household_demographics_pkey on household_demographics  (cost=0.28..0.30 rows=1 width=4) (actual time=0.016..0.016 rows=0 loops=7201)
                                       Index Cond: (hd_demo_sk = customer.c_current_hdemo_sk)
                                       Filter: (hd_buy_potential ~~ '5001-10000%'::text)
                                       Rows Removed by Filter: 1
                                       Buffers: shared hit=21600
                     ->  Index Scan using customer_demographics_pkey on customer_demographics  (cost=0.43..0.72 rows=1 width=4) (actual time=0.024..0.024 rows=0 loops=50157)
                           Index Cond: (cd_demo_sk = customer.c_current_cdemo_sk)
                           Filter: (((cd_marital_status = 'M'::bpchar) AND (cd_education_status = 'Unknown'::bpchar)) OR ((cd_marital_status = 'W'::bpchar) AND (cd_education_status = 'Advanced Degree'::bpchar)))
                           Rows Removed by Filter: 1
                           Buffers: shared hit=188069 read=8871
               ->  Index Scan using customer_address_pkey on customer_address  (cost=0.42..0.67 rows=1 width=4) (actual time=0.027..0.027 rows=0 loops=3532)
                     Index Cond: (ca_address_sk = customer.c_current_addr_sk)
                     Filter: (ca_gmt_offset = '-6'::numeric)
                     Rows Removed by Filter: 1
                     Buffers: shared hit=13135 read=993
         ->  Hash  (cost=2.30..2.30 rows=30 width=48) (actual time=0.059..0.060 rows=30 loops=1)
               Buckets: 1024  Batches: 1  Memory Usage: 11kB
               Buffers: shared hit=2
               ->  Seq Scan on call_center  (cost=0.00..2.30 rows=30 width=48) (actual time=0.023..0.039 rows=30 loops=1)
                     Buffers: shared hit=2
 Planning:
   Buffers: shared hit=415
 Planning Time: 4.366 ms
 Execution Time: 14454.535 ms
(57 rows)

