                                                                                                  QUERY PLAN                                                                                                  
--------------------------------------------------------------------------------------------------------------------------------------------------------------------------------------------------------------
 Aggregate  (cost=716146.24..716146.25 rows=1 width=136) (actual time=12923.699..12923.705 rows=1 loops=1)
   Buffers: shared hit=1253909 read=430652
   ->  Nested Loop  (cost=2571.83..716146.10 rows=9 width=58) (actual time=496.847..12921.913 rows=646 loops=1)
         Buffers: shared hit=1253909 read=430652
         ->  Nested Loop  (cost=2571.69..716144.71 rows=9 width=18) (actual time=496.827..12913.443 rows=658 loops=1)
               Buffers: shared hit=1252617 read=430652
               ->  Nested Loop  (cost=2571.27..716027.25 rows=164 width=22) (actual time=478.118..12778.417 rows=5305 loops=1)
                     Buffers: shared hit=1232520 read=429949
                     ->  Nested Loop  (cost=2570.84..715010.66 rows=1528 width=26) (actual time=469.521..11733.404 rows=40083 loops=1)
                           Buffers: shared hit=1088374 read=413763
                           ->  Nested Loop  (cost=2570.55..712671.62 rows=9167 width=30) (actual time=467.454..11424.863 rows=261953 loops=1)
                                 Buffers: shared hit=1066786 read=413763
                                 ->  Hash Join  (cost=2570.12..706541.62 rows=9167 width=22) (actual time=467.392..5281.010 rows=267212 loops=1)
                                       Hash Cond: (catalog_returns.cr_returned_date_sk = date_dim.d_date_sk)
                                       Buffers: shared hit=19027 read=413710
                                       ->  Seq Scan on catalog_returns  (cost=0.00..647267.12 rows=21600412 width=26) (actual time=0.049..3504.584 rows=21598628 loops=1)
                                             Buffers: shared hit=17553 read=413710
                                       ->  Hash  (cost=2569.73..2569.73 rows=31 width=4) (actual time=19.109..19.110 rows=31 loops=1)
                                             Buckets: 1024  Batches: 1  Memory Usage: 10kB
                                             Buffers: shared hit=1474
                                             ->  Seq Scan on date_dim  (cost=0.00..2569.73 rows=31 width=4) (actual time=10.427..19.093 rows=31 loops=1)
                                                   Filter: ((d_year = 1999) AND (d_moy = 7))
                                                   Rows Removed by Filter: 73018
                                                   Buffers: shared hit=1474
                                 ->  Index Scan using customer_pkey on customer  (cost=0.43..0.67 rows=1 width=16) (actual time=0.022..0.022 rows=1 loops=267212)
                                       Index Cond: (c_customer_sk = catalog_returns.cr_returning_customer_sk)
                                       Buffers: shared hit=1047759 read=53
                           ->  Memoize  (cost=0.29..0.31 rows=1 width=4) (actual time=0.001..0.001 rows=0 loops=261953)
                                 Cache Key: customer.c_current_hdemo_sk
                                 Cache Mode: logical
                                 Hits: 254756  Misses: 7197  Evictions: 0  Overflows: 0  Memory Usage: 521kB
                                 Buffers: shared hit=21588
                                 ->  Index Scan using household_demographics_pkey on household_demographics  (cost=0.28..0.30 rows=1 width=4) (actual time=0.015..0.015 rows=0 loops=7197)
                                       Index Cond: (hd_demo_sk = customer.c_current_hdemo_sk)
                                       Filter: (hd_buy_potential ~~ '0-500%'::text)
                                       Rows Removed by Filter: 1
                                       Buffers: shared hit=21588
                     ->  Index Scan using customer_address_pkey on customer_address  (cost=0.42..0.67 rows=1 width=4) (actual time=0.026..0.026 rows=0 loops=40083)
                           Index Cond: (ca_address_sk = customer.c_current_addr_sk)
                           Filter: (ca_gmt_offset = '-7'::numeric)
                           Rows Removed by Filter: 1
                           Buffers: shared hit=144146 read=16186
               ->  Index Scan using customer_demographics_pkey on customer_demographics  (cost=0.43..0.72 rows=1 width=4) (actual time=0.025..0.025 rows=0 loops=5305)
                     Index Cond: (cd_demo_sk = customer.c_current_cdemo_sk)
                     Filter: (((cd_marital_status = 'M'::bpchar) AND (cd_education_status = 'Unknown'::bpchar)) OR ((cd_marital_status = 'W'::bpchar) AND (cd_education_status = 'Advanced Degree'::bpchar)))
                     Rows Removed by Filter: 1
                     Buffers: shared hit=20097 read=703
         ->  Index Scan using call_center_pkey on call_center  (cost=0.14..0.16 rows=1 width=48) (actual time=0.011..0.011 rows=1 loops=658)
               Index Cond: (cc_call_center_sk = catalog_returns.cr_call_center_sk)
               Buffers: shared hit=1292
 Planning:
   Buffers: shared hit=415
 Planning Time: 4.469 ms
 Execution Time: 12924.516 ms
(54 rows)

