                                                                                                  QUERY PLAN                                                                                                  
--------------------------------------------------------------------------------------------------------------------------------------------------------------------------------------------------------------
 Aggregate  (cost=716146.24..716146.25 rows=1 width=136) (actual time=11086.434..11086.439 rows=1 loops=1)
   Buffers: shared hit=989251 read=418293
   ->  Nested Loop  (cost=2571.83..716146.10 rows=9 width=58) (actual time=771.105..11085.040 rows=508 loops=1)
         Buffers: shared hit=989251 read=418293
         ->  Nested Loop  (cost=2571.69..716144.71 rows=9 width=18) (actual time=771.092..11079.573 rows=514 loops=1)
               Buffers: shared hit=988235 read=418293
               ->  Nested Loop  (cost=2571.27..716027.25 rows=164 width=22) (actual time=735.437..10972.318 rows=4163 loops=1)
                     Buffers: shared hit=972750 read=417446
                     ->  Nested Loop  (cost=2570.84..715010.66 rows=1528 width=26) (actual time=730.539..10216.499 rows=31146 loops=1)
                           Buffers: shared hit=855360 read=410252
                           ->  Nested Loop  (cost=2570.55..712671.62 rows=9167 width=30) (actual time=723.426..9943.597 rows=202827 loops=1)
                                 Buffers: shared hit=833793 read=410252
                                 ->  Hash Join  (cost=2570.12..706541.62 rows=9167 width=22) (actual time=723.377..5229.662 rows=206907 loops=1)
                                       Hash Cond: (catalog_returns.cr_returned_date_sk = date_dim.d_date_sk)
                                       Buffers: shared hit=22525 read=410212
                                       ->  Seq Scan on catalog_returns  (cost=0.00..647267.12 rows=21600412 width=26) (actual time=0.607..3487.842 rows=21598628 loops=1)
                                             Buffers: shared hit=21205 read=410058
                                       ->  Hash  (cost=2569.73..2569.73 rows=31 width=4) (actual time=19.128..19.129 rows=31 loops=1)
                                             Buckets: 1024  Batches: 1  Memory Usage: 10kB
                                             Buffers: shared hit=1320 read=154
                                             ->  Seq Scan on date_dim  (cost=0.00..2569.73 rows=31 width=4) (actual time=9.981..19.113 rows=31 loops=1)
                                                   Filter: ((d_year = 1999) AND (d_moy = 10))
                                                   Rows Removed by Filter: 73018
                                                   Buffers: shared hit=1320 read=154
                                 ->  Index Scan using customer_pkey on customer  (cost=0.43..0.67 rows=1 width=16) (actual time=0.022..0.022 rows=1 loops=206907)
                                       Index Cond: (c_customer_sk = catalog_returns.cr_returning_customer_sk)
                                       Buffers: shared hit=811268 read=40
                           ->  Memoize  (cost=0.29..0.31 rows=1 width=4) (actual time=0.001..0.001 rows=0 loops=202827)
                                 Cache Key: customer.c_current_hdemo_sk
                                 Cache Mode: logical
                                 Hits: 195637  Misses: 7190  Evictions: 0  Overflows: 0  Memory Usage: 520kB
                                 Buffers: shared hit=21567
                                 ->  Index Scan using household_demographics_pkey on household_demographics  (cost=0.28..0.30 rows=1 width=4) (actual time=0.017..0.017 rows=0 loops=7190)
                                       Index Cond: (hd_demo_sk = customer.c_current_hdemo_sk)
                                       Filter: (hd_buy_potential ~~ '0-500%'::text)
                                       Rows Removed by Filter: 1
                                       Buffers: shared hit=21567
                     ->  Index Scan using customer_address_pkey on customer_address  (cost=0.42..0.67 rows=1 width=4) (actual time=0.024..0.024 rows=0 loops=31146)
                           Index Cond: (ca_address_sk = customer.c_current_addr_sk)
                           Filter: (ca_gmt_offset = '-7'::numeric)
                           Rows Removed by Filter: 1
                           Buffers: shared hit=117390 read=7194
               ->  Index Scan using customer_demographics_pkey on customer_demographics  (cost=0.43..0.72 rows=1 width=4) (actual time=0.025..0.025 rows=0 loops=4163)
                     Index Cond: (cd_demo_sk = customer.c_current_cdemo_sk)
                     Filter: (((cd_marital_status = 'M'::bpchar) AND (cd_education_status = 'Unknown'::bpchar)) OR ((cd_marital_status = 'W'::bpchar) AND (cd_education_status = 'Advanced Degree'::bpchar)))
                     Rows Removed by Filter: 1
                     Buffers: shared hit=15485 read=847
         ->  Index Scan using call_center_pkey on call_center  (cost=0.14..0.16 rows=1 width=48) (actual time=0.009..0.009 rows=1 loops=514)
               Index Cond: (cc_call_center_sk = catalog_returns.cr_call_center_sk)
               Buffers: shared hit=1016
 Planning:
   Buffers: shared hit=415
 Planning Time: 3.998 ms
 Execution Time: 11087.178 ms
(54 rows)

