                                                                                                     QUERY PLAN                                                                                                     
--------------------------------------------------------------------------------------------------------------------------------------------------------------------------------------------------------------------
 Aggregate  (cost=716164.96..716164.97 rows=1 width=136) (actual time=11035.913..11035.920 rows=1 loops=1)
   Buffers: shared hit=985755 read=414559
   ->  Hash Join  (cost=2574.37..716164.39 rows=38 width=58) (actual time=822.646..11035.024 rows=287 loops=1)
         Hash Cond: (catalog_returns.cr_call_center_sk = call_center.cc_call_center_sk)
         Buffers: shared hit=985755 read=414559
         ->  Nested Loop  (cost=2571.69..716161.60 rows=38 width=18) (actual time=822.574..11034.600 rows=291 loops=1)
               Buffers: shared hit=985753 read=414559
               ->  Nested Loop  (cost=2571.27..716105.05 rows=85 width=22) (actual time=797.594..10977.213 rows=2224 loops=1)
                     Buffers: shared hit=977399 read=414017
                     ->  Nested Loop  (cost=2570.84..715010.66 rows=1528 width=26) (actual time=791.313..10186.024 rows=32036 loops=1)
                           Buffers: shared hit=858683 read=406929
                           ->  Nested Loop  (cost=2570.55..712671.62 rows=9167 width=30) (actual time=791.284..9937.486 rows=202827 loops=1)
                                 Buffers: shared hit=837116 read=406929
                                 ->  Hash Join  (cost=2570.12..706541.62 rows=9167 width=22) (actual time=791.237..5282.143 rows=206907 loops=1)
                                       Hash Cond: (catalog_returns.cr_returned_date_sk = date_dim.d_date_sk)
                                       Buffers: shared hit=25835 read=406902
                                       ->  Seq Scan on catalog_returns  (cost=0.00..647267.12 rows=21600412 width=26) (actual time=0.577..3496.460 rows=21598628 loops=1)
                                             Buffers: shared hit=24488 read=406775
                                       ->  Hash  (cost=2569.73..2569.73 rows=31 width=4) (actual time=17.384..17.385 rows=31 loops=1)
                                             Buckets: 1024  Batches: 1  Memory Usage: 10kB
                                             Buffers: shared hit=1347 read=127
                                             ->  Seq Scan on date_dim  (cost=0.00..2569.73 rows=31 width=4) (actual time=9.340..17.370 rows=31 loops=1)
                                                   Filter: ((d_year = 1999) AND (d_moy = 10))
                                                   Rows Removed by Filter: 73018
                                                   Buffers: shared hit=1347 read=127
                                 ->  Index Scan using customer_pkey on customer  (cost=0.43..0.67 rows=1 width=16) (actual time=0.022..0.022 rows=1 loops=206907)
                                       Index Cond: (c_customer_sk = catalog_returns.cr_returning_customer_sk)
                                       Buffers: shared hit=811281 read=27
                           ->  Memoize  (cost=0.29..0.31 rows=1 width=4) (actual time=0.001..0.001 rows=0 loops=202827)
                                 Cache Key: customer.c_current_hdemo_sk
                                 Cache Mode: logical
                                 Hits: 195637  Misses: 7190  Evictions: 0  Overflows: 0  Memory Usage: 520kB
                                 Buffers: shared hit=21567
                                 ->  Index Scan using household_demographics_pkey on household_demographics  (cost=0.28..0.30 rows=1 width=4) (actual time=0.014..0.014 rows=0 loops=7190)
                                       Index Cond: (hd_demo_sk = customer.c_current_hdemo_sk)
                                       Filter: (hd_buy_potential ~~ '5001-10000%'::text)
                                       Rows Removed by Filter: 1
                                       Buffers: shared hit=21567
                     ->  Index Scan using customer_demographics_pkey on customer_demographics  (cost=0.43..0.72 rows=1 width=4) (actual time=0.024..0.024 rows=0 loops=32036)
                           Index Cond: (cd_demo_sk = customer.c_current_cdemo_sk)
                           Filter: (((cd_marital_status = 'M'::bpchar) AND (cd_education_status = 'Unknown'::bpchar)) OR ((cd_marital_status = 'W'::bpchar) AND (cd_education_status = 'Advanced Degree'::bpchar)))
                           Rows Removed by Filter: 1
                           Buffers: shared hit=118716 read=7088
               ->  Index Scan using customer_address_pkey on customer_address  (cost=0.42..0.67 rows=1 width=4) (actual time=0.025..0.025 rows=0 loops=2224)
                     Index Cond: (ca_address_sk = customer.c_current_addr_sk)
                     Filter: (ca_gmt_offset = '-6'::numeric)
                     Rows Removed by Filter: 1
                     Buffers: shared hit=8354 read=542
         ->  Hash  (cost=2.30..2.30 rows=30 width=48) (actual time=0.053..0.053 rows=30 loops=1)
               Buckets: 1024  Batches: 1  Memory Usage: 11kB
               Buffers: shared hit=2
               ->  Seq Scan on call_center  (cost=0.00..2.30 rows=30 width=48) (actual time=0.020..0.035 rows=30 loops=1)
                     Buffers: shared hit=2
 Planning:
   Buffers: shared hit=415
 Planning Time: 2.869 ms
 Execution Time: 11036.539 ms
(57 rows)

