                                                                                                  QUERY PLAN                                                                                                  
--------------------------------------------------------------------------------------------------------------------------------------------------------------------------------------------------------------
 Aggregate  (cost=715903.32..715903.33 rows=1 width=136) (actual time=10330.026..10330.035 rows=1 loops=1)
   Buffers: shared hit=863758 read=421167
   ->  Nested Loop  (cost=2571.82..715903.18 rows=9 width=58) (actual time=34.048..10329.255 rows=231 loops=1)
         Buffers: shared hit=863758 read=421167
         ->  Nested Loop  (cost=2571.68..715901.79 rows=9 width=18) (actual time=34.027..10326.116 rows=231 loops=1)
               Buffers: shared hit=863296 read=421167
               ->  Nested Loop  (cost=2571.25..715788.62 rows=158 width=22) (actual time=28.350..10225.237 rows=3120 loops=1)
                     Buffers: shared hit=851726 read=420497
                     ->  Nested Loop  (cost=2570.83..714805.30 rows=1478 width=26) (actual time=26.924..9416.094 rows=30755 loops=1)
                           Buffers: shared hit=739017 read=410186
                           ->  Nested Loop  (cost=2570.54..712473.67 rows=8871 width=30) (actual time=26.781..9168.297 rows=173724 loops=1)
                                 Buffers: shared hit=717447 read=410186
                                 ->  Hash Join  (cost=2570.11..706541.60 rows=8871 width=22) (actual time=26.726..5143.151 rows=177321 loops=1)
                                       Hash Cond: (catalog_returns.cr_returned_date_sk = date_dim.d_date_sk)
                                       Buffers: shared hit=23227 read=409510
                                       ->  Seq Scan on catalog_returns  (cost=0.00..647267.12 rows=21600412 width=26) (actual time=0.243..3408.335 rows=21598628 loops=1)
                                             Buffers: shared hit=22808 read=408455
                                       ->  Hash  (cost=2569.73..2569.73 rows=30 width=4) (actual time=26.431..26.432 rows=30 loops=1)
                                             Buckets: 1024  Batches: 1  Memory Usage: 10kB
                                             Buffers: shared hit=419 read=1055
                                             ->  Seq Scan on date_dim  (cost=0.00..2569.73 rows=30 width=4) (actual time=15.149..26.413 rows=30 loops=1)
                                                   Filter: ((d_year = 1998) AND (d_moy = 6))
                                                   Rows Removed by Filter: 73019
                                                   Buffers: shared hit=419 read=1055
                                 ->  Index Scan using customer_pkey on customer  (cost=0.43..0.67 rows=1 width=16) (actual time=0.022..0.022 rows=1 loops=177321)
                                       Index Cond: (c_customer_sk = catalog_returns.cr_returning_customer_sk)
                                       Buffers: shared hit=694220 read=676
                           ->  Memoize  (cost=0.29..0.31 rows=1 width=4) (actual time=0.001..0.001 rows=0 loops=173724)
                                 Cache Key: customer.c_current_hdemo_sk
                                 Cache Mode: logical
                                 Hits: 166533  Misses: 7191  Evictions: 0  Overflows: 0  Memory Usage: 520kB
                                 Buffers: shared hit=21570
                                 ->  Index Scan using household_demographics_pkey on household_demographics  (cost=0.28..0.30 rows=1 width=4) (actual time=0.016..0.016 rows=0 loops=7191)
                                       Index Cond: (hd_demo_sk = customer.c_current_hdemo_sk)
                                       Filter: (hd_buy_potential ~~ '>10000%'::text)
                                       Rows Removed by Filter: 1
                                       Buffers: shared hit=21570
                     ->  Index Scan using customer_address_pkey on customer_address  (cost=0.42..0.67 rows=1 width=4) (actual time=0.026..0.026 rows=0 loops=30755)
                           Index Cond: (ca_address_sk = customer.c_current_addr_sk)
                           Filter: (ca_gmt_offset = '-7'::numeric)
                           Rows Removed by Filter: 1
                           Buffers: shared hit=112709 read=10311
               ->  Index Scan using customer_demographics_pkey on customer_demographics  (cost=0.43..0.72 rows=1 width=4) (actual time=0.032..0.032 rows=0 loops=3120)
                     Index Cond: (cd_demo_sk = customer.c_current_cdemo_sk)
                     Filter: (((cd_marital_status = 'M'::bpchar) AND (cd_education_status = 'Unknown'::bpchar)) OR ((cd_marital_status = 'W'::bpchar) AND (cd_education_status = 'Advanced Degree'::bpchar)))
                     Rows Removed by Filter: 1
                     Buffers: shared hit=11570 read=670
         ->  Index Scan using call_center_pkey on call_center  (cost=0.14..0.16 rows=1 width=48) (actual time=0.012..0.012 rows=1 loops=231)
               Index Cond: (cc_call_center_sk = catalog_returns.cr_call_center_sk)
               Buffers: shared hit=462
 Planning:
   Buffers: shared hit=415
 Planning Time: 4.484 ms
 Execution Time: 10330.913 ms
(54 rows)

