                                                                                                     QUERY PLAN                                                                                                     
--------------------------------------------------------------------------------------------------------------------------------------------------------------------------------------------------------------------
 Aggregate  (cost=715921.76..715921.77 rows=1 width=136) (actual time=8873.254..8873.261 rows=1 loops=1)
   Buffers: shared hit=667369 read=405389
   ->  Hash Join  (cost=2574.36..715921.22 rows=36 width=58) (actual time=8873.250..8873.256 rows=0 loops=1)
         Hash Cond: (catalog_returns.cr_call_center_sk = call_center.cc_call_center_sk)
         Buffers: shared hit=667369 read=405389
         ->  Nested Loop  (cost=2571.68..715918.44 rows=36 width=18) (actual time=8873.147..8873.152 rows=0 loops=1)
               Buffers: shared hit=667367 read=405389
               ->  Nested Loop  (cost=2571.26..715863.88 rows=82 width=22) (actual time=20.680..8849.689 rows=908 loops=1)
                     Buffers: shared hit=664102 read=405022
                     ->  Nested Loop  (cost=2570.83..714805.30 rows=1478 width=26) (actual time=20.397..8343.493 rows=20401 loops=1)
                           Buffers: shared hit=588832 read=400240
                           ->  Nested Loop  (cost=2570.54..712473.67 rows=8871 width=30) (actual time=20.037..8131.383 rows=133698 loops=1)
                                 Buffers: shared hit=567289 read=400240
                                 ->  Hash Join  (cost=2570.11..706541.60 rows=8871 width=22) (actual time=19.979..5047.599 rows=136344 loops=1)
                                       Hash Cond: (catalog_returns.cr_returned_date_sk = date_dim.d_date_sk)
                                       Buffers: shared hit=33215 read=399522
                                       ->  Seq Scan on catalog_returns  (cost=0.00..647267.12 rows=21600412 width=26) (actual time=0.206..3321.586 rows=21598628 loops=1)
                                             Buffers: shared hit=31868 read=399395
                                       ->  Hash  (cost=2569.73..2569.73 rows=30 width=4) (actual time=19.738..19.739 rows=31 loops=1)
                                             Buckets: 1024  Batches: 1  Memory Usage: 10kB
                                             Buffers: shared hit=1347 read=127
                                             ->  Seq Scan on date_dim  (cost=0.00..2569.73 rows=30 width=4) (actual time=11.082..19.723 rows=31 loops=1)
                                                   Filter: ((d_year = 1998) AND (d_moy = 5))
                                                   Rows Removed by Filter: 73018
                                                   Buffers: shared hit=1347 read=127
                                 ->  Index Scan using customer_pkey on customer  (cost=0.43..0.67 rows=1 width=16) (actual time=0.022..0.022 rows=1 loops=136344)
                                       Index Cond: (c_customer_sk = catalog_returns.cr_returning_customer_sk)
                                       Buffers: shared hit=534074 read=718
                           ->  Memoize  (cost=0.29..0.31 rows=1 width=4) (actual time=0.001..0.001 rows=0 loops=133698)
                                 Cache Key: customer.c_current_hdemo_sk
                                 Cache Mode: logical
                                 Hits: 126516  Misses: 7182  Evictions: 0  Overflows: 0  Memory Usage: 520kB
                                 Buffers: shared hit=21543
                                 ->  Index Scan using household_demographics_pkey on household_demographics  (cost=0.28..0.30 rows=1 width=4) (actual time=0.016..0.016 rows=0 loops=7182)
                                       Index Cond: (hd_demo_sk = customer.c_current_hdemo_sk)
                                       Filter: (hd_buy_potential ~~ '0-500%'::text)
                                       Rows Removed by Filter: 1
                                       Buffers: shared hit=21543
                     ->  Index Scan using customer_demographics_pkey on customer_demographics  (cost=0.43..0.72 rows=1 width=4) (actual time=0.024..0.024 rows=0 loops=20401)
                           Index Cond: (cd_demo_sk = customer.c_current_cdemo_sk)
                           Filter: (((cd_marital_status = 'M'::bpchar) AND (cd_education_status = 'Unknown'::bpchar)) OR ((cd_marital_status = 'W'::bpchar) AND (cd_education_status = 'Advanced Degree'::bpchar)))
                           Rows Removed by Filter: 1
                           Buffers: shared hit=75270 read=4782
               ->  Index Scan using customer_address_pkey on customer_address  (cost=0.42..0.67 rows=1 width=4) (actual time=0.025..0.025 rows=0 loops=908)
                     Index Cond: (ca_address_sk = customer.c_current_addr_sk)
                     Filter: (ca_gmt_offset = '-6'::numeric)
                     Rows Removed by Filter: 1
                     Buffers: shared hit=3265 read=367
         ->  Hash  (cost=2.30..2.30 rows=30 width=48) (actual time=0.078..0.078 rows=30 loops=1)
               Buckets: 1024  Batches: 1  Memory Usage: 11kB
               Buffers: shared hit=2
               ->  Seq Scan on call_center  (cost=0.00..2.30 rows=30 width=48) (actual time=0.030..0.051 rows=30 loops=1)
                     Buffers: shared hit=2
 Planning:
   Buffers: shared hit=415
 Planning Time: 4.451 ms
 Execution Time: 8874.088 ms
(57 rows)

