                                                                                                  QUERY PLAN                                                                                                  
--------------------------------------------------------------------------------------------------------------------------------------------------------------------------------------------------------------
 Aggregate  (cost=715903.32..715903.33 rows=1 width=136) (actual time=4832.444..4832.450 rows=1 loops=1)
   Buffers: shared hit=48100 read=394153
   ->  Nested Loop  (cost=2571.82..715903.18 rows=9 width=58) (actual time=4832.440..4832.445 rows=0 loops=1)
         Buffers: shared hit=48100 read=394153
         ->  Nested Loop  (cost=2571.68..715901.79 rows=9 width=18) (actual time=4832.439..4832.444 rows=0 loops=1)
               Buffers: shared hit=48100 read=394153
               ->  Nested Loop  (cost=2571.25..715788.62 rows=158 width=22) (actual time=24.694..4831.896 rows=22 loops=1)
                     Buffers: shared hit=48021 read=394148
                     ->  Nested Loop  (cost=2570.83..714805.30 rows=1478 width=26) (actual time=21.255..4827.874 rows=188 loops=1)
                           Buffers: shared hit=47367 read=394050
                           ->  Nested Loop  (cost=2570.54..712473.67 rows=8871 width=30) (actual time=21.222..4813.142 rows=1306 loops=1)
                                 Buffers: shared hit=43911 read=394050
                                 ->  Hash Join  (cost=2570.11..706541.60 rows=8871 width=22) (actual time=21.165..4785.464 rows=1337 loops=1)
                                       Hash Cond: (catalog_returns.cr_returned_date_sk = date_dim.d_date_sk)
                                       Buffers: shared hit=38691 read=394046
                                       ->  Seq Scan on catalog_returns  (cost=0.00..647267.12 rows=21600412 width=26) (actual time=0.533..3219.445 rows=21598628 loops=1)
                                             Buffers: shared hit=37344 read=393919
                                       ->  Hash  (cost=2569.73..2569.73 rows=30 width=4) (actual time=20.509..20.510 rows=31 loops=1)
                                             Buckets: 1024  Batches: 1  Memory Usage: 10kB
                                             Buffers: shared hit=1347 read=127
                                             ->  Seq Scan on date_dim  (cost=0.00..2569.73 rows=30 width=4) (actual time=11.614..20.495 rows=31 loops=1)
                                                   Filter: ((d_year = 1998) AND (d_moy = 1))
                                                   Rows Removed by Filter: 73018
                                                   Buffers: shared hit=1347 read=127
                                 ->  Index Scan using customer_pkey on customer  (cost=0.43..0.67 rows=1 width=16) (actual time=0.020..0.020 rows=1 loops=1337)
                                       Index Cond: (c_customer_sk = catalog_returns.cr_returning_customer_sk)
                                       Buffers: shared hit=5220 read=4
                           ->  Memoize  (cost=0.29..0.31 rows=1 width=4) (actual time=0.011..0.011 rows=0 loops=1306)
                                 Cache Key: customer.c_current_hdemo_sk
                                 Cache Mode: logical
                                 Hits: 153  Misses: 1153  Evictions: 0  Overflows: 0  Memory Usage: 83kB
                                 Buffers: shared hit=3456
                                 ->  Index Scan using household_demographics_pkey on household_demographics  (cost=0.28..0.30 rows=1 width=4) (actual time=0.012..0.012 rows=0 loops=1153)
                                       Index Cond: (hd_demo_sk = customer.c_current_hdemo_sk)
                                       Filter: (hd_buy_potential ~~ '1001-5000%'::text)
                                       Rows Removed by Filter: 1
                                       Buffers: shared hit=3456
                     ->  Index Scan using customer_address_pkey on customer_address  (cost=0.42..0.67 rows=1 width=4) (actual time=0.021..0.021 rows=0 loops=188)
                           Index Cond: (ca_address_sk = customer.c_current_addr_sk)
                           Filter: (ca_gmt_offset = '-7'::numeric)
                           Rows Removed by Filter: 1
                           Buffers: shared hit=654 read=98
               ->  Index Scan using customer_demographics_pkey on customer_demographics  (cost=0.43..0.72 rows=1 width=4) (actual time=0.024..0.024 rows=0 loops=22)
                     Index Cond: (cd_demo_sk = customer.c_current_cdemo_sk)
                     Filter: (((cd_marital_status = 'M'::bpchar) AND (cd_education_status = 'Unknown'::bpchar)) OR ((cd_marital_status = 'W'::bpchar) AND (cd_education_status = 'Advanced Degree'::bpchar)))
                     Rows Removed by Filter: 1
                     Buffers: shared hit=79 read=5
         ->  Index Scan using call_center_pkey on call_center  (cost=0.14..0.16 rows=1 width=48) (never executed)
               Index Cond: (cc_call_center_sk = catalog_returns.cr_call_center_sk)
 Planning:
   Buffers: shared hit=415
 Planning Time: 4.227 ms
 Execution Time: 4833.115 ms
(53 rows)

