                                                                                                  QUERY PLAN                                                                                                  
--------------------------------------------------------------------------------------------------------------------------------------------------------------------------------------------------------------
 Aggregate  (cost=715903.32..715903.33 rows=1 width=136) (actual time=12750.572..12750.578 rows=1 loops=1)
   Buffers: shared hit=1212588 read=407706
   ->  Nested Loop  (cost=2571.82..715903.18 rows=9 width=58) (actual time=1070.451..12748.909 rows=589 loops=1)
         Buffers: shared hit=1212588 read=407706
         ->  Nested Loop  (cost=2571.68..715901.79 rows=9 width=18) (actual time=1070.435..12739.388 rows=594 loops=1)
               Buffers: shared hit=1211410 read=407706
               ->  Nested Loop  (cost=2571.25..715788.62 rows=158 width=22) (actual time=1006.736..12591.888 rows=5037 loops=1)
                     Buffers: shared hit=1194988 read=404324
                     ->  Nested Loop  (cost=2570.83..714805.30 rows=1478 width=26) (actual time=994.091..11647.630 rows=38081 loops=1)
                           Buffers: shared hit=1048812 read=398176
                           ->  Nested Loop  (cost=2570.54..712473.67 rows=8871 width=30) (actual time=992.041..11350.375 rows=248168 loops=1)
                                 Buffers: shared hit=1027233 read=398176
                                 ->  Hash Join  (cost=2570.11..706541.60 rows=8871 width=22) (actual time=991.993..5525.567 rows=253475 loops=1)
                                       Hash Cond: (catalog_returns.cr_returned_date_sk = date_dim.d_date_sk)
                                       Buffers: shared hit=35388 read=397349
                                       ->  Seq Scan on catalog_returns  (cost=0.00..647267.12 rows=21600412 width=26) (actual time=0.153..3619.161 rows=21598628 loops=1)
                                             Buffers: shared hit=34041 read=397222
                                       ->  Hash  (cost=2569.73..2569.73 rows=30 width=4) (actual time=19.850..19.851 rows=30 loops=1)
                                             Buckets: 1024  Batches: 1  Memory Usage: 10kB
                                             Buffers: shared hit=1347 read=127
                                             ->  Seq Scan on date_dim  (cost=0.00..2569.73 rows=30 width=4) (actual time=11.366..19.834 rows=30 loops=1)
                                                   Filter: ((d_year = 2000) AND (d_moy = 4))
                                                   Rows Removed by Filter: 73019
                                                   Buffers: shared hit=1347 read=127
                                 ->  Index Scan using customer_pkey on customer  (cost=0.43..0.67 rows=1 width=16) (actual time=0.022..0.022 rows=1 loops=253475)
                                       Index Cond: (c_customer_sk = catalog_returns.cr_returning_customer_sk)
                                       Buffers: shared hit=991845 read=827
                           ->  Memoize  (cost=0.29..0.31 rows=1 width=4) (actual time=0.001..0.001 rows=0 loops=248168)
                                 Cache Key: customer.c_current_hdemo_sk
                                 Cache Mode: logical
                                 Hits: 240974  Misses: 7194  Evictions: 0  Overflows: 0  Memory Usage: 520kB
                                 Buffers: shared hit=21579
                                 ->  Index Scan using household_demographics_pkey on household_demographics  (cost=0.28..0.30 rows=1 width=4) (actual time=0.015..0.015 rows=0 loops=7194)
                                       Index Cond: (hd_demo_sk = customer.c_current_hdemo_sk)
                                       Filter: (hd_buy_potential ~~ '0-500%'::text)
                                       Rows Removed by Filter: 1
                                       Buffers: shared hit=21579
                     ->  Index Scan using customer_address_pkey on customer_address  (cost=0.42..0.67 rows=1 width=4) (actual time=0.024..0.024 rows=0 loops=38081)
                           Index Cond: (ca_address_sk = customer.c_current_addr_sk)
                           Filter: (ca_gmt_offset = '-7'::numeric)
                           Rows Removed by Filter: 1
                           Buffers: shared hit=146176 read=6148
               ->  Index Scan using customer_demographics_pkey on customer_demographics  (cost=0.43..0.72 rows=1 width=4) (actual time=0.029..0.029 rows=0 loops=5037)
                     Index Cond: (cd_demo_sk = customer.c_current_cdemo_sk)
                     Filter: (((cd_marital_status = 'M'::bpchar) AND (cd_education_status = 'Unknown'::bpchar)) OR ((cd_marital_status = 'W'::bpchar) AND (cd_education_status = 'Advanced Degree'::bpchar)))
                     Rows Removed by Filter: 1
                     Buffers: shared hit=16422 read=3382
         ->  Index Scan using call_center_pkey on call_center  (cost=0.14..0.16 rows=1 width=48) (actual time=0.015..0.015 rows=1 loops=594)
               Index Cond: (cc_call_center_sk = catalog_returns.cr_call_center_sk)
               Buffers: shared hit=1178
 Planning:
   Buffers: shared hit=415
 Planning Time: 4.526 ms
 Execution Time: 12751.406 ms
(54 rows)

