                                                                                                  QUERY PLAN                                                                                                  
--------------------------------------------------------------------------------------------------------------------------------------------------------------------------------------------------------------
 Aggregate  (cost=715903.32..715903.33 rows=1 width=136) (actual time=13427.129..13427.135 rows=1 loops=1)
   Buffers: shared hit=1328222 read=414483
   ->  Nested Loop  (cost=2571.82..715903.18 rows=9 width=58) (actual time=486.266..13425.814 rows=419 loops=1)
         Buffers: shared hit=1328222 read=414483
         ->  Nested Loop  (cost=2571.68..715901.79 rows=9 width=18) (actual time=486.250..13420.895 rows=421 loops=1)
               Buffers: shared hit=1327384 read=414483
               ->  Nested Loop  (cost=2571.25..715788.62 rows=158 width=22) (actual time=464.175..13237.667 rows=6814 loops=1)
                     Buffers: shared hit=1305619 read=409428
                     ->  Nested Loop  (cost=2570.83..714805.30 rows=1478 width=26) (actual time=452.239..12109.505 rows=45849 loops=1)
                           Buffers: shared hit=1127731 read=403920
                           ->  Nested Loop  (cost=2570.54..712473.67 rows=8871 width=30) (actual time=452.215..11799.163 rows=269330 loops=1)
                                 Buffers: shared hit=1106137 read=403920
                                 ->  Hash Join  (cost=2570.11..706541.60 rows=8871 width=22) (actual time=452.146..5372.494 rows=274879 loops=1)
                                       Hash Cond: (catalog_returns.cr_returned_date_sk = date_dim.d_date_sk)
                                       Buffers: shared hit=29139 read=403598
                                       ->  Seq Scan on catalog_returns  (cost=0.00..647267.12 rows=21600412 width=26) (actual time=0.143..3538.056 rows=21598628 loops=1)
                                             Buffers: shared hit=27819 read=403444
                                       ->  Hash  (cost=2569.73..2569.73 rows=30 width=4) (actual time=24.944..24.945 rows=30 loops=1)
                                             Buckets: 1024  Batches: 1  Memory Usage: 10kB
                                             Buffers: shared hit=1320 read=154
                                             ->  Seq Scan on date_dim  (cost=0.00..2569.73 rows=30 width=4) (actual time=14.093..24.931 rows=30 loops=1)
                                                   Filter: ((d_year = 1999) AND (d_moy = 6))
                                                   Rows Removed by Filter: 73019
                                                   Buffers: shared hit=1320 read=154
                                 ->  Index Scan using customer_pkey on customer  (cost=0.43..0.67 rows=1 width=16) (actual time=0.023..0.023 rows=1 loops=274879)
                                       Index Cond: (c_customer_sk = catalog_returns.cr_returning_customer_sk)
                                       Buffers: shared hit=1076998 read=322
                           ->  Memoize  (cost=0.29..0.31 rows=1 width=4) (actual time=0.001..0.001 rows=0 loops=269330)
                                 Cache Key: customer.c_current_hdemo_sk
                                 Cache Mode: logical
                                 Hits: 262131  Misses: 7199  Evictions: 0  Overflows: 0  Memory Usage: 521kB
                                 Buffers: shared hit=21594
                                 ->  Index Scan using household_demographics_pkey on household_demographics  (cost=0.28..0.30 rows=1 width=4) (actual time=0.015..0.015 rows=0 loops=7199)
                                       Index Cond: (hd_demo_sk = customer.c_current_hdemo_sk)
                                       Filter: (hd_buy_potential ~~ 'Unknown%'::text)
                                       Rows Removed by Filter: 1
                                       Buffers: shared hit=21594
                     ->  Index Scan using customer_address_pkey on customer_address  (cost=0.42..0.67 rows=1 width=4) (actual time=0.024..0.024 rows=0 loops=45849)
                           Index Cond: (ca_address_sk = customer.c_current_addr_sk)
                           Filter: (ca_gmt_offset = '-7'::numeric)
                           Rows Removed by Filter: 1
                           Buffers: shared hit=177888 read=5508
               ->  Index Scan using customer_demographics_pkey on customer_demographics  (cost=0.43..0.72 rows=1 width=4) (actual time=0.026..0.026 rows=0 loops=6814)
                     Index Cond: (cd_demo_sk = customer.c_current_cdemo_sk)
                     Filter: (((cd_marital_status = 'M'::bpchar) AND (cd_education_status = 'Unknown'::bpchar)) OR ((cd_marital_status = 'W'::bpchar) AND (cd_education_status = 'Advanced Degree'::bpchar)))
                     Rows Removed by Filter: 1
                     Buffers: shared hit=21765 read=5055
         ->  Index Scan using call_center_pkey on call_center  (cost=0.14..0.16 rows=1 width=48) (actual time=0.010..0.010 rows=1 loops=421)
               Index Cond: (cc_call_center_sk = catalog_returns.cr_call_center_sk)
               Buffers: shared hit=838
 Planning:
   Buffers: shared hit=415
 Planning Time: 3.401 ms
 Execution Time: 13427.734 ms
(54 rows)

