                                                                                                     QUERY PLAN                                                                                                     
--------------------------------------------------------------------------------------------------------------------------------------------------------------------------------------------------------------------
 Aggregate  (cost=716164.96..716164.97 rows=1 width=136) (actual time=11618.746..11618.752 rows=1 loops=1)
   Buffers: shared hit=1072605 read=421852
   ->  Hash Join  (cost=2574.37..716164.39 rows=38 width=58) (actual time=597.935..11614.453 rows=2106 loops=1)
         Hash Cond: (catalog_returns.cr_call_center_sk = call_center.cc_call_center_sk)
         Buffers: shared hit=1072605 read=421852
         ->  Nested Loop  (cost=2571.69..716161.60 rows=38 width=18) (actual time=597.803..11612.691 rows=2128 loops=1)
               Buffers: shared hit=1072603 read=421852
               ->  Nested Loop  (cost=2571.27..716105.05 rows=85 width=22) (actual time=597.763..11540.277 rows=2520 loops=1)
                     Buffers: shared hit=1062923 read=421452
                     ->  Nested Loop  (cost=2570.84..715010.66 rows=1528 width=26) (actual time=581.448..10778.533 rows=31188 loops=1)
                           Buffers: shared hit=950636 read=411251
                           ->  Nested Loop  (cost=2570.55..712671.62 rows=9167 width=30) (actual time=576.587..10510.928 rows=226892 loops=1)
                                 Buffers: shared hit=929054 read=411251
                                 ->  Hash Join  (cost=2570.12..706541.62 rows=9167 width=22) (actual time=576.530..5269.539 rows=231553 loops=1)
                                       Hash Cond: (catalog_returns.cr_returned_date_sk = date_dim.d_date_sk)
                                       Buffers: shared hit=21871 read=410866
                                       ->  Seq Scan on catalog_returns  (cost=0.00..647267.12 rows=21600412 width=26) (actual time=0.182..3491.917 rows=21598628 loops=1)
                                             Buffers: shared hit=20524 read=410739
                                       ->  Hash  (cost=2569.73..2569.73 rows=31 width=4) (actual time=27.142..27.143 rows=31 loops=1)
                                             Buckets: 1024  Batches: 1  Memory Usage: 10kB
                                             Buffers: shared hit=1347 read=127
                                             ->  Seq Scan on date_dim  (cost=0.00..2569.73 rows=31 width=4) (actual time=15.508..27.115 rows=31 loops=1)
                                                   Filter: ((d_year = 1999) AND (d_moy = 8))
                                                   Rows Removed by Filter: 73018
                                                   Buffers: shared hit=1347 read=127
                                 ->  Index Scan using customer_pkey on customer  (cost=0.43..0.67 rows=1 width=16) (actual time=0.022..0.022 rows=1 loops=231553)
                                       Index Cond: (c_customer_sk = catalog_returns.cr_returning_customer_sk)
                                       Buffers: shared hit=907183 read=385
                           ->  Memoize  (cost=0.29..0.31 rows=1 width=4) (actual time=0.001..0.001 rows=0 loops=226892)
                                 Cache Key: customer.c_current_hdemo_sk
                                 Cache Mode: logical
                                 Hits: 219697  Misses: 7195  Evictions: 0  Overflows: 0  Memory Usage: 520kB
                                 Buffers: shared hit=21582
                                 ->  Index Scan using household_demographics_pkey on household_demographics  (cost=0.28..0.30 rows=1 width=4) (actual time=0.014..0.014 rows=0 loops=7195)
                                       Index Cond: (hd_demo_sk = customer.c_current_hdemo_sk)
                                       Filter: (hd_buy_potential ~~ '1001-5000%'::text)
                                       Rows Removed by Filter: 1
                                       Buffers: shared hit=21582
                     ->  Index Scan using customer_demographics_pkey on customer_demographics  (cost=0.43..0.72 rows=1 width=4) (actual time=0.024..0.024 rows=0 loops=31188)
                           Index Cond: (cd_demo_sk = customer.c_current_cdemo_sk)
                           Filter: (((cd_marital_status = 'M'::bpchar) AND (cd_education_status = 'Unknown'::bpchar)) OR ((cd_marital_status = 'W'::bpchar) AND (cd_education_status = 'Advanced Degree'::bpchar)))
                           Rows Removed by Filter: 1
                           Buffers: shared hit=112287 read=10201
               ->  Index Scan using customer_address_pkey on customer_address  (cost=0.42..0.67 rows=1 width=4) (actual time=0.028..0.028 rows=1 loops=2520)
                     Index Cond: (ca_address_sk = customer.c_current_addr_sk)
                     Filter: (ca_gmt_offset = '-6'::numeric)
                     Rows Removed by Filter: 0
                     Buffers: shared hit=9680 read=400
         ->  Hash  (cost=2.30..2.30 rows=30 width=48) (actual time=0.099..0.099 rows=30 loops=1)
               Buckets: 1024  Batches: 1  Memory Usage: 11kB
               Buffers: shared hit=2
               ->  Seq Scan on call_center  (cost=0.00..2.30 rows=30 width=48) (actual time=0.035..0.063 rows=30 loops=1)
                     Buffers: shared hit=2
 Planning:
   Buffers: shared hit=415
 Planning Time: 6.345 ms
 Execution Time: 11619.749 ms
(57 rows)

