                                                                                                  QUERY PLAN                                                                                                  
--------------------------------------------------------------------------------------------------------------------------------------------------------------------------------------------------------------
 Aggregate  (cost=715903.32..715903.33 rows=1 width=136) (actual time=12470.029..12470.036 rows=1 loops=1)
   Buffers: shared hit=1206526 read=415953
   ->  Nested Loop  (cost=2571.82..715903.18 rows=9 width=58) (actual time=1157.268..12469.098 rows=280 loops=1)
         Buffers: shared hit=1206526 read=415953
         ->  Nested Loop  (cost=2571.68..715901.79 rows=9 width=18) (actual time=1157.251..12464.757 rows=281 loops=1)
               Buffers: shared hit=1205966 read=415953
               ->  Nested Loop  (cost=2571.25..715788.62 rows=158 width=22) (actual time=1051.206..12386.536 rows=3055 loops=1)
                     Buffers: shared hit=1194966 read=414945
                     ->  Nested Loop  (cost=2570.83..714805.30 rows=1478 width=26) (actual time=1045.114..11354.714 rows=41209 loops=1)
                           Buffers: shared hit=1038931 read=406144
                           ->  Nested Loop  (cost=2570.54..712473.67 rows=8871 width=30) (actual time=1041.271..11074.972 rows=247689 loops=1)
                                 Buffers: shared hit=1017349 read=406144
                                 ->  Hash Join  (cost=2570.11..706541.60 rows=8871 width=22) (actual time=1041.225..5319.680 rows=252693 loops=1)
                                       Hash Cond: (catalog_returns.cr_returned_date_sk = date_dim.d_date_sk)
                                       Buffers: shared hit=27028 read=405709
                                       ->  Seq Scan on catalog_returns  (cost=0.00..647267.12 rows=21600412 width=26) (actual time=0.270..3530.328 rows=21598628 loops=1)
                                             Buffers: shared hit=25681 read=405582
                                       ->  Hash  (cost=2569.73..2569.73 rows=30 width=4) (actual time=19.382..19.384 rows=31 loops=1)
                                             Buckets: 1024  Batches: 1  Memory Usage: 10kB
                                             Buffers: shared hit=1347 read=127
                                             ->  Seq Scan on date_dim  (cost=0.00..2569.73 rows=30 width=4) (actual time=10.135..19.370 rows=31 loops=1)
                                                   Filter: ((d_year = 2000) AND (d_moy = 5))
                                                   Rows Removed by Filter: 73018
                                                   Buffers: shared hit=1347 read=127
                                 ->  Index Scan using customer_pkey on customer  (cost=0.43..0.67 rows=1 width=16) (actual time=0.022..0.022 rows=1 loops=252693)
                                       Index Cond: (c_customer_sk = catalog_returns.cr_returning_customer_sk)
                                       Buffers: shared hit=990321 read=435
                           ->  Memoize  (cost=0.29..0.31 rows=1 width=4) (actual time=0.001..0.001 rows=0 loops=247689)
                                 Cache Key: customer.c_current_hdemo_sk
                                 Cache Mode: logical
                                 Hits: 240494  Misses: 7195  Evictions: 0  Overflows: 0  Memory Usage: 520kB
                                 Buffers: shared hit=21582
                                 ->  Index Scan using household_demographics_pkey on household_demographics  (cost=0.28..0.30 rows=1 width=4) (actual time=0.013..0.013 rows=0 loops=7195)
                                       Index Cond: (hd_demo_sk = customer.c_current_hdemo_sk)
                                       Filter: (hd_buy_potential ~~ '501-1000%'::text)
                                       Rows Removed by Filter: 1
                                       Buffers: shared hit=21582
                     ->  Index Scan using customer_address_pkey on customer_address  (cost=0.42..0.67 rows=1 width=4) (actual time=0.025..0.025 rows=0 loops=41209)
                           Index Cond: (ca_address_sk = customer.c_current_addr_sk)
                           Filter: (ca_gmt_offset = '-7'::numeric)
                           Rows Removed by Filter: 1
                           Buffers: shared hit=156035 read=8801
               ->  Index Scan using customer_demographics_pkey on customer_demographics  (cost=0.43..0.72 rows=1 width=4) (actual time=0.025..0.025 rows=0 loops=3055)
                     Index Cond: (cd_demo_sk = customer.c_current_cdemo_sk)
                     Filter: (((cd_marital_status = 'M'::bpchar) AND (cd_education_status = 'Unknown'::bpchar)) OR ((cd_marital_status = 'W'::bpchar) AND (cd_education_status = 'Advanced Degree'::bpchar)))
                     Rows Removed by Filter: 1
                     Buffers: shared hit=11000 read=1008
         ->  Index Scan using call_center_pkey on call_center  (cost=0.14..0.16 rows=1 width=48) (actual time=0.014..0.014 rows=1 loops=281)
               Index Cond: (cc_call_center_sk = catalog_returns.cr_call_center_sk)
               Buffers: shared hit=560
 Planning:
   Buffers: shared hit=415
 Planning Time: 4.499 ms
 Execution Time: 12470.656 ms
(54 rows)

