                                                                                                     QUERY PLAN                                                                                                     
--------------------------------------------------------------------------------------------------------------------------------------------------------------------------------------------------------------------
 Aggregate  (cost=716164.96..716164.97 rows=1 width=136) (actual time=12919.095..12919.102 rows=1 loops=1)
   Buffers: shared hit=1240563 read=426212
   ->  Hash Join  (cost=2574.37..716164.39 rows=38 width=58) (actual time=1013.361..12917.632 rows=475 loops=1)
         Hash Cond: (catalog_returns.cr_call_center_sk = call_center.cc_call_center_sk)
         Buffers: shared hit=1240563 read=426212
         ->  Nested Loop  (cost=2571.69..716161.60 rows=38 width=18) (actual time=1013.263..12916.950 rows=481 loops=1)
               Buffers: shared hit=1240561 read=426212
               ->  Nested Loop  (cost=2571.27..716105.05 rows=85 width=22) (actual time=999.003..12838.615 rows=2980 loops=1)
                     Buffers: shared hit=1229310 read=425543
                     ->  Nested Loop  (cost=2570.84..715010.66 rows=1528 width=26) (actual time=988.581..11814.903 rows=41250 loops=1)
                           Buffers: shared hit=1081672 read=411061
                           ->  Nested Loop  (cost=2570.55..712671.62 rows=9167 width=30) (actual time=988.555..11507.932 rows=259602 loops=1)
                                 Buffers: shared hit=1060084 read=411061
                                 ->  Hash Join  (cost=2570.12..706541.62 rows=9167 width=22) (actual time=988.512..5425.958 rows=264842 loops=1)
                                       Hash Cond: (catalog_returns.cr_returned_date_sk = date_dim.d_date_sk)
                                       Buffers: shared hit=22040 read=410697
                                       ->  Seq Scan on catalog_returns  (cost=0.00..647267.12 rows=21600412 width=26) (actual time=0.038..3657.671 rows=21598628 loops=1)
                                             Buffers: shared hit=22013 read=409250
                                       ->  Hash  (cost=2569.73..2569.73 rows=31 width=4) (actual time=22.334..22.335 rows=31 loops=1)
                                             Buckets: 1024  Batches: 1  Memory Usage: 10kB
                                             Buffers: shared hit=27 read=1447
                                             ->  Seq Scan on date_dim  (cost=0.00..2569.73 rows=31 width=4) (actual time=13.410..22.318 rows=31 loops=1)
                                                   Filter: ((d_year = 2000) AND (d_moy = 3))
                                                   Rows Removed by Filter: 73018
                                                   Buffers: shared hit=27 read=1447
                                 ->  Index Scan using customer_pkey on customer  (cost=0.43..0.67 rows=1 width=16) (actual time=0.022..0.022 rows=1 loops=264842)
                                       Index Cond: (c_customer_sk = catalog_returns.cr_returning_customer_sk)
                                       Buffers: shared hit=1038044 read=364
                           ->  Memoize  (cost=0.29..0.31 rows=1 width=4) (actual time=0.001..0.001 rows=0 loops=259602)
                                 Cache Key: customer.c_current_hdemo_sk
                                 Cache Mode: logical
                                 Hits: 252405  Misses: 7197  Evictions: 0  Overflows: 0  Memory Usage: 521kB
                                 Buffers: shared hit=21588
                                 ->  Index Scan using household_demographics_pkey on household_demographics  (cost=0.28..0.30 rows=1 width=4) (actual time=0.015..0.015 rows=0 loops=7197)
                                       Index Cond: (hd_demo_sk = customer.c_current_hdemo_sk)
                                       Filter: (hd_buy_potential ~~ '5001-10000%'::text)
                                       Rows Removed by Filter: 1
                                       Buffers: shared hit=21588
                     ->  Index Scan using customer_demographics_pkey on customer_demographics  (cost=0.43..0.72 rows=1 width=4) (actual time=0.024..0.024 rows=0 loops=41250)
                           Index Cond: (cd_demo_sk = customer.c_current_cdemo_sk)
                           Filter: (((cd_marital_status = 'M'::bpchar) AND (cd_education_status = 'Unknown'::bpchar)) OR ((cd_marital_status = 'W'::bpchar) AND (cd_education_status = 'Advanced Degree'::bpchar)))
                           Rows Removed by Filter: 1
                           Buffers: shared hit=147638 read=14482
               ->  Index Scan using customer_address_pkey on customer_address  (cost=0.42..0.67 rows=1 width=4) (actual time=0.026..0.026 rows=0 loops=2980)
                     Index Cond: (ca_address_sk = customer.c_current_addr_sk)
                     Filter: (ca_gmt_offset = '-6'::numeric)
                     Rows Removed by Filter: 1
                     Buffers: shared hit=11251 read=669
         ->  Hash  (cost=2.30..2.30 rows=30 width=48) (actual time=0.071..0.071 rows=30 loops=1)
               Buckets: 1024  Batches: 1  Memory Usage: 11kB
               Buffers: shared hit=2
               ->  Seq Scan on call_center  (cost=0.00..2.30 rows=30 width=48) (actual time=0.026..0.044 rows=30 loops=1)
                     Buffers: shared hit=2
 Planning:
   Buffers: shared hit=384 read=31
 Planning Time: 4.481 ms
 Execution Time: 12919.816 ms
(57 rows)

