                                                                                                  QUERY PLAN                                                                                                  
--------------------------------------------------------------------------------------------------------------------------------------------------------------------------------------------------------------
 Aggregate  (cost=715903.32..715903.33 rows=1 width=136) (actual time=11282.815..11282.820 rows=1 loops=1)
   Buffers: shared hit=1035623 read=414297
   ->  Nested Loop  (cost=2571.82..715903.18 rows=9 width=58) (actual time=276.401..11281.964 rows=260 loops=1)
         Buffers: shared hit=1035623 read=414297
         ->  Nested Loop  (cost=2571.68..715901.79 rows=9 width=18) (actual time=276.388..11278.391 rows=263 loops=1)
               Buffers: shared hit=1035103 read=414297
               ->  Nested Loop  (cost=2571.25..715788.62 rows=158 width=22) (actual time=245.913..11210.636 rows=2559 loops=1)
                     Buffers: shared hit=1026008 read=413396
                     ->  Nested Loop  (cost=2570.83..714805.30 rows=1478 width=26) (actual time=236.249..10369.686 rows=35476 loops=1)
                           Buffers: shared hit=890914 read=406586
                           ->  Nested Loop  (cost=2570.54..712473.67 rows=8871 width=30) (actual time=234.801..10110.018 rows=210796 loops=1)
                                 Buffers: shared hit=869335 read=406586
                                 ->  Hash Join  (cost=2570.11..706541.60 rows=8871 width=22) (actual time=234.752..5263.995 rows=215069 loops=1)
                                       Hash Cond: (catalog_returns.cr_returned_date_sk = date_dim.d_date_sk)
                                       Buffers: shared hit=26302 read=406435
                                       ->  Seq Scan on catalog_returns  (cost=0.00..647267.12 rows=21600412 width=26) (actual time=0.023..3510.545 rows=21598628 loops=1)
                                             Buffers: shared hit=24828 read=406435
                                       ->  Hash  (cost=2569.73..2569.73 rows=30 width=4) (actual time=12.914..12.915 rows=31 loops=1)
                                             Buckets: 1024  Batches: 1  Memory Usage: 10kB
                                             Buffers: shared hit=1474
                                             ->  Seq Scan on date_dim  (cost=0.00..2569.73 rows=30 width=4) (actual time=6.604..12.905 rows=31 loops=1)
                                                   Filter: ((d_year = 1999) AND (d_moy = 1))
                                                   Rows Removed by Filter: 73018
                                                   Buffers: shared hit=1474
                                 ->  Index Scan using customer_pkey on customer  (cost=0.43..0.67 rows=1 width=16) (actual time=0.022..0.022 rows=1 loops=215069)
                                       Index Cond: (c_customer_sk = catalog_returns.cr_returning_customer_sk)
                                       Buffers: shared hit=843033 read=151
                           ->  Memoize  (cost=0.29..0.31 rows=1 width=4) (actual time=0.001..0.001 rows=0 loops=210796)
                                 Cache Key: customer.c_current_hdemo_sk
                                 Cache Mode: logical
                                 Hits: 203602  Misses: 7194  Evictions: 0  Overflows: 0  Memory Usage: 520kB
                                 Buffers: shared hit=21579
                                 ->  Index Scan using household_demographics_pkey on household_demographics  (cost=0.28..0.30 rows=1 width=4) (actual time=0.014..0.014 rows=0 loops=7194)
                                       Index Cond: (hd_demo_sk = customer.c_current_hdemo_sk)
                                       Filter: (hd_buy_potential ~~ '501-1000%'::text)
                                       Rows Removed by Filter: 1
                                       Buffers: shared hit=21579
                     ->  Index Scan using customer_address_pkey on customer_address  (cost=0.42..0.67 rows=1 width=4) (actual time=0.023..0.023 rows=0 loops=35476)
                           Index Cond: (ca_address_sk = customer.c_current_addr_sk)
                           Filter: (ca_gmt_offset = '-7'::numeric)
                           Rows Removed by Filter: 1
                           Buffers: shared hit=135094 read=6810
               ->  Index Scan using customer_demographics_pkey on customer_demographics  (cost=0.43..0.72 rows=1 width=4) (actual time=0.026..0.026 rows=0 loops=2559)
                     Index Cond: (cd_demo_sk = customer.c_current_cdemo_sk)
                     Filter: (((cd_marital_status = 'M'::bpchar) AND (cd_education_status = 'Unknown'::bpchar)) OR ((cd_marital_status = 'W'::bpchar) AND (cd_education_status = 'Advanced Degree'::bpchar)))
                     Rows Removed by Filter: 1
                     Buffers: shared hit=9095 read=901
         ->  Index Scan using call_center_pkey on call_center  (cost=0.14..0.16 rows=1 width=48) (actual time=0.012..0.012 rows=1 loops=263)
               Index Cond: (cc_call_center_sk = catalog_returns.cr_call_center_sk)
               Buffers: shared hit=520
 Planning:
   Buffers: shared hit=415
 Planning Time: 1.733 ms
 Execution Time: 11283.220 ms
(54 rows)

