                                                                                                  QUERY PLAN                                                                                                  
--------------------------------------------------------------------------------------------------------------------------------------------------------------------------------------------------------------
 Aggregate  (cost=715903.32..715903.33 rows=1 width=136) (actual time=15331.701..15331.708 rows=1 loops=1)
   Buffers: shared hit=1636912 read=415079
   ->  Nested Loop  (cost=2571.82..715903.18 rows=9 width=58) (actual time=2301.768..15330.238 rows=439 loops=1)
         Buffers: shared hit=1636912 read=415079
         ->  Nested Loop  (cost=2571.68..715901.79 rows=9 width=18) (actual time=2301.753..15324.574 rows=443 loops=1)
               Buffers: shared hit=1636034 read=415079
               ->  Nested Loop  (cost=2571.25..715788.62 rows=158 width=22) (actual time=2256.592..15167.551 rows=6031 loops=1)
                     Buffers: shared hit=1614320 read=413097
                     ->  Nested Loop  (cost=2570.83..714805.30 rows=1478 width=26) (actual time=2240.044..13707.651 rows=59501 loops=1)
                           Buffers: shared hit=1384449 read=404964
                           ->  Nested Loop  (cost=2570.54..712473.67 rows=8871 width=30) (actual time=2234.592..13340.697 rows=333772 loops=1)
                                 Buffers: shared hit=1362861 read=404964
                                 ->  Hash Join  (cost=2570.11..706541.60 rows=8871 width=22) (actual time=2234.524..5490.111 rows=340503 loops=1)
                                       Hash Cond: (catalog_returns.cr_returned_date_sk = date_dim.d_date_sk)
                                       Buffers: shared hit=27902 read=404835
                                       ->  Seq Scan on catalog_returns  (cost=0.00..647267.12 rows=21600412 width=26) (actual time=0.128..3577.540 rows=21598628 loops=1)
                                             Buffers: shared hit=26455 read=404808
                                       ->  Hash  (cost=2569.73..2569.73 rows=30 width=4) (actual time=22.049..22.051 rows=31 loops=1)
                                             Buckets: 1024  Batches: 1  Memory Usage: 10kB
                                             Buffers: shared hit=1447 read=27
                                             ->  Seq Scan on date_dim  (cost=0.00..2569.73 rows=30 width=4) (actual time=11.430..22.038 rows=31 loops=1)
                                                   Filter: ((d_year = 2002) AND (d_moy = 1))
                                                   Rows Removed by Filter: 73018
                                                   Buffers: shared hit=1447 read=27
                                 ->  Index Scan using customer_pkey on customer  (cost=0.43..0.67 rows=1 width=16) (actual time=0.022..0.022 rows=1 loops=340503)
                                       Index Cond: (c_customer_sk = catalog_returns.cr_returning_customer_sk)
                                       Buffers: shared hit=1334959 read=129
                           ->  Memoize  (cost=0.29..0.31 rows=1 width=4) (actual time=0.001..0.001 rows=0 loops=333772)
                                 Cache Key: customer.c_current_hdemo_sk
                                 Cache Mode: logical
                                 Hits: 326575  Misses: 7197  Evictions: 0  Overflows: 0  Memory Usage: 520kB
                                 Buffers: shared hit=21588
                                 ->  Index Scan using household_demographics_pkey on household_demographics  (cost=0.28..0.30 rows=1 width=4) (actual time=0.015..0.015 rows=0 loops=7197)
                                       Index Cond: (hd_demo_sk = customer.c_current_hdemo_sk)
                                       Filter: (hd_buy_potential ~~ '>10000%'::text)
                                       Rows Removed by Filter: 1
                                       Buffers: shared hit=21588
                     ->  Index Scan using customer_address_pkey on customer_address  (cost=0.42..0.67 rows=1 width=4) (actual time=0.024..0.024 rows=0 loops=59501)
                           Index Cond: (ca_address_sk = customer.c_current_addr_sk)
                           Filter: (ca_gmt_offset = '-7'::numeric)
                           Rows Removed by Filter: 1
                           Buffers: shared hit=229871 read=8133
               ->  Index Scan using customer_demographics_pkey on customer_demographics  (cost=0.43..0.72 rows=1 width=4) (actual time=0.026..0.026 rows=0 loops=6031)
                     Index Cond: (cd_demo_sk = customer.c_current_cdemo_sk)
                     Filter: (((cd_marital_status = 'M'::bpchar) AND (cd_education_status = 'Unknown'::bpchar)) OR ((cd_marital_status = 'W'::bpchar) AND (cd_education_status = 'Advanced Degree'::bpchar)))
                     Rows Removed by Filter: 1
                     Buffers: shared hit=21714 read=1982
         ->  Index Scan using call_center_pkey on call_center  (cost=0.14..0.16 rows=1 width=48) (actual time=0.011..0.011 rows=1 loops=443)
               Index Cond: (cc_call_center_sk = catalog_returns.cr_call_center_sk)
               Buffers: shared hit=878
 Planning:
   Buffers: shared hit=415
 Planning Time: 5.109 ms
 Execution Time: 15332.546 ms
(54 rows)

