                                                                                                     QUERY PLAN                                                                                                     
--------------------------------------------------------------------------------------------------------------------------------------------------------------------------------------------------------------------
 Aggregate  (cost=715921.76..715921.77 rows=1 width=136) (actual time=12370.616..12370.622 rows=1 loops=1)
   Buffers: shared hit=1186768 read=427506
   ->  Hash Join  (cost=2574.36..715921.22 rows=36 width=58) (actual time=12370.610..12370.616 rows=0 loops=1)
         Hash Cond: (catalog_returns.cr_call_center_sk = call_center.cc_call_center_sk)
         Buffers: shared hit=1186768 read=427506
         ->  Nested Loop  (cost=2571.68..715918.44 rows=36 width=18) (actual time=12370.505..12370.510 rows=0 loops=1)
               Buffers: shared hit=1186766 read=427506
               ->  Nested Loop  (cost=2571.26..715863.88 rows=82 width=22) (actual time=998.655..12345.242 rows=882 loops=1)
                     Buffers: shared hit=1183343 read=427401
                     ->  Nested Loop  (cost=2570.83..714805.30 rows=1478 width=26) (actual time=992.070..11260.414 rows=41678 loops=1)
                           Buffers: shared hit=1033913 read=413075
                           ->  Nested Loop  (cost=2570.54..712473.67 rows=8871 width=30) (actual time=992.037..10974.059 rows=248168 loops=1)
                                 Buffers: shared hit=1012334 read=413075
                                 ->  Hash Join  (cost=2570.11..706541.60 rows=8871 width=22) (actual time=991.975..5248.693 rows=253475 loops=1)
                                       Hash Cond: (catalog_returns.cr_returned_date_sk = date_dim.d_date_sk)
                                       Buffers: shared hit=19738 read=412999
                                       ->  Seq Scan on catalog_returns  (cost=0.00..647267.12 rows=21600412 width=26) (actual time=0.156..3470.520 rows=21598628 loops=1)
                                             Buffers: shared hit=18291 read=412972
                                       ->  Hash  (cost=2569.73..2569.73 rows=30 width=4) (actual time=21.285..21.286 rows=30 loops=1)
                                             Buckets: 1024  Batches: 1  Memory Usage: 10kB
                                             Buffers: shared hit=1447 read=27
                                             ->  Seq Scan on date_dim  (cost=0.00..2569.73 rows=30 width=4) (actual time=11.755..21.265 rows=30 loops=1)
                                                   Filter: ((d_year = 2000) AND (d_moy = 4))
                                                   Rows Removed by Filter: 73019
                                                   Buffers: shared hit=1447 read=27
                                 ->  Index Scan using customer_pkey on customer  (cost=0.43..0.67 rows=1 width=16) (actual time=0.022..0.022 rows=1 loops=253475)
                                       Index Cond: (c_customer_sk = catalog_returns.cr_returning_customer_sk)
                                       Buffers: shared hit=992596 read=76
                           ->  Memoize  (cost=0.29..0.31 rows=1 width=4) (actual time=0.001..0.001 rows=0 loops=248168)
                                 Cache Key: customer.c_current_hdemo_sk
                                 Cache Mode: logical
                                 Hits: 240974  Misses: 7194  Evictions: 0  Overflows: 0  Memory Usage: 520kB
                                 Buffers: shared hit=21579
                                 ->  Index Scan using household_demographics_pkey on household_demographics  (cost=0.28..0.30 rows=1 width=4) (actual time=0.014..0.014 rows=0 loops=7194)
                                       Index Cond: (hd_demo_sk = customer.c_current_hdemo_sk)
                                       Filter: (hd_buy_potential ~~ '501-1000%'::text)
                                       Rows Removed by Filter: 1
                                       Buffers: shared hit=21579
                     ->  Index Scan using customer_demographics_pkey on customer_demographics  (cost=0.43..0.72 rows=1 width=4) (actual time=0.026..0.026 rows=0 loops=41678)
                           Index Cond: (cd_demo_sk = customer.c_current_cdemo_sk)
                           Filter: (((cd_marital_status = 'M'::bpchar) AND (cd_education_status = 'Unknown'::bpchar)) OR ((cd_marital_status = 'W'::bpchar) AND (cd_education_status = 'Advanced Degree'::bpchar)))
                           Rows Removed by Filter: 1
                           Buffers: shared hit=149430 read=14326
               ->  Index Scan using customer_address_pkey on customer_address  (cost=0.42..0.67 rows=1 width=4) (actual time=0.028..0.028 rows=0 loops=882)
                     Index Cond: (ca_address_sk = customer.c_current_addr_sk)
                     Filter: (ca_gmt_offset = '-6'::numeric)
                     Rows Removed by Filter: 1
                     Buffers: shared hit=3423 read=105
         ->  Hash  (cost=2.30..2.30 rows=30 width=48) (actual time=0.076..0.077 rows=30 loops=1)
               Buckets: 1024  Batches: 1  Memory Usage: 11kB
               Buffers: shared hit=2
               ->  Seq Scan on call_center  (cost=0.00..2.30 rows=30 width=48) (actual time=0.030..0.049 rows=30 loops=1)
                     Buffers: shared hit=2
 Planning:
   Buffers: shared hit=415
 Planning Time: 4.530 ms
 Execution Time: 12371.447 ms
(57 rows)

