                                                                                                  QUERY PLAN                                                                                                  
--------------------------------------------------------------------------------------------------------------------------------------------------------------------------------------------------------------
 Aggregate  (cost=716146.24..716146.25 rows=1 width=136) (actual time=12042.197..12042.203 rows=1 loops=1)
   Buffers: shared hit=1126344 read=413983
   ->  Nested Loop  (cost=2571.83..716146.10 rows=9 width=58) (actual time=671.725..12041.200 rows=296 loops=1)
         Buffers: shared hit=1126344 read=413983
         ->  Nested Loop  (cost=2571.69..716144.71 rows=9 width=18) (actual time=671.706..12036.737 rows=298 loops=1)
               Buffers: shared hit=1125752 read=413983
               ->  Nested Loop  (cost=2571.27..716027.25 rows=164 width=22) (actual time=529.475..11926.983 rows=4096 loops=1)
                     Buffers: shared hit=1110977 read=412750
                     ->  Nested Loop  (cost=2570.84..715010.66 rows=1528 width=26) (actual time=527.636..10905.598 rows=40460 loops=1)
                           Buffers: shared hit=955240 read=406647
                           ->  Nested Loop  (cost=2570.55..712671.62 rows=9167 width=30) (actual time=520.970..10640.590 rows=226892 loops=1)
                                 Buffers: shared hit=933658 read=406647
                                 ->  Hash Join  (cost=2570.12..706541.62 rows=9167 width=22) (actual time=520.910..5282.218 rows=231553 loops=1)
                                       Hash Cond: (catalog_returns.cr_returned_date_sk = date_dim.d_date_sk)
                                       Buffers: shared hit=26156 read=406581
                                       ->  Seq Scan on catalog_returns  (cost=0.00..647267.12 rows=21600412 width=26) (actual time=0.576..3493.034 rows=21598628 loops=1)
                                             Buffers: shared hit=24709 read=406554
                                       ->  Hash  (cost=2569.73..2569.73 rows=31 width=4) (actual time=20.957..20.958 rows=31 loops=1)
                                             Buckets: 1024  Batches: 1  Memory Usage: 10kB
                                             Buffers: shared hit=1447 read=27
                                             ->  Seq Scan on date_dim  (cost=0.00..2569.73 rows=31 width=4) (actual time=10.918..20.941 rows=31 loops=1)
                                                   Filter: ((d_year = 1999) AND (d_moy = 8))
                                                   Rows Removed by Filter: 73018
                                                   Buffers: shared hit=1447 read=27
                                 ->  Index Scan using customer_pkey on customer  (cost=0.43..0.67 rows=1 width=16) (actual time=0.023..0.023 rows=1 loops=231553)
                                       Index Cond: (c_customer_sk = catalog_returns.cr_returning_customer_sk)
                                       Buffers: shared hit=907502 read=66
                           ->  Memoize  (cost=0.29..0.31 rows=1 width=4) (actual time=0.001..0.001 rows=0 loops=226892)
                                 Cache Key: customer.c_current_hdemo_sk
                                 Cache Mode: logical
                                 Hits: 219697  Misses: 7195  Evictions: 0  Overflows: 0  Memory Usage: 520kB
                                 Buffers: shared hit=21582
                                 ->  Index Scan using household_demographics_pkey on household_demographics  (cost=0.28..0.30 rows=1 width=4) (actual time=0.013..0.013 rows=0 loops=7195)
                                       Index Cond: (hd_demo_sk = customer.c_current_hdemo_sk)
                                       Filter: (hd_buy_potential ~~ '>10000%'::text)
                                       Rows Removed by Filter: 1
                                       Buffers: shared hit=21582
                     ->  Index Scan using customer_address_pkey on customer_address  (cost=0.42..0.67 rows=1 width=4) (actual time=0.025..0.025 rows=0 loops=40460)
                           Index Cond: (ca_address_sk = customer.c_current_addr_sk)
                           Filter: (ca_gmt_offset = '-7'::numeric)
                           Rows Removed by Filter: 1
                           Buffers: shared hit=155737 read=6103
               ->  Index Scan using customer_demographics_pkey on customer_demographics  (cost=0.43..0.72 rows=1 width=4) (actual time=0.026..0.026 rows=0 loops=4096)
                     Index Cond: (cd_demo_sk = customer.c_current_cdemo_sk)
                     Filter: (((cd_marital_status = 'M'::bpchar) AND (cd_education_status = 'Unknown'::bpchar)) OR ((cd_marital_status = 'W'::bpchar) AND (cd_education_status = 'Advanced Degree'::bpchar)))
                     Rows Removed by Filter: 1
                     Buffers: shared hit=14775 read=1233
         ->  Index Scan using call_center_pkey on call_center  (cost=0.14..0.16 rows=1 width=48) (actual time=0.013..0.013 rows=1 loops=298)
               Index Cond: (cc_call_center_sk = catalog_returns.cr_call_center_sk)
               Buffers: shared hit=592
 Planning:
   Buffers: shared hit=415
 Planning Time: 3.871 ms
 Execution Time: 12042.922 ms
(54 rows)

