                                                                                                  QUERY PLAN                                                                                                  
--------------------------------------------------------------------------------------------------------------------------------------------------------------------------------------------------------------
 Aggregate  (cost=715903.32..715903.33 rows=1 width=136) (actual time=15157.593..15157.599 rows=1 loops=1)
   Buffers: shared hit=1604690 read=416131
   ->  Nested Loop  (cost=2571.82..715903.18 rows=9 width=58) (actual time=2271.268..15155.322 rows=818 loops=1)
         Buffers: shared hit=1604690 read=416131
         ->  Nested Loop  (cost=2571.68..715901.79 rows=9 width=18) (actual time=2271.255..15145.244 rows=826 loops=1)
               Buffers: shared hit=1603054 read=416131
               ->  Nested Loop  (cost=2571.25..715788.62 rows=158 width=22) (actual time=2256.784..14941.542 rows=6827 loops=1)
                     Buffers: shared hit=1580361 read=412004
                     ->  Nested Loop  (cost=2570.83..714805.30 rows=1478 width=26) (actual time=2246.545..13717.553 rows=50738 loops=1)
                           Buffers: shared hit=1383728 read=405685
                           ->  Nested Loop  (cost=2570.54..712473.67 rows=8871 width=30) (actual time=2242.002..13361.894 rows=333772 loops=1)
                                 Buffers: shared hit=1362140 read=405685
                                 ->  Hash Join  (cost=2570.11..706541.60 rows=8871 width=22) (actual time=2241.953..5513.074 rows=340503 loops=1)
                                       Hash Cond: (catalog_returns.cr_returned_date_sk = date_dim.d_date_sk)
                                       Buffers: shared hit=27136 read=405601
                                       ->  Seq Scan on catalog_returns  (cost=0.00..647267.12 rows=21600412 width=26) (actual time=0.049..3620.207 rows=21598628 loops=1)
                                             Buffers: shared hit=25662 read=405601
                                       ->  Hash  (cost=2569.73..2569.73 rows=30 width=4) (actual time=23.626..23.628 rows=31 loops=1)
                                             Buckets: 1024  Batches: 1  Memory Usage: 10kB
                                             Buffers: shared hit=1474
                                             ->  Seq Scan on date_dim  (cost=0.00..2569.73 rows=30 width=4) (actual time=11.293..23.613 rows=31 loops=1)
                                                   Filter: ((d_year = 2002) AND (d_moy = 1))
                                                   Rows Removed by Filter: 73018
                                                   Buffers: shared hit=1474
                                 ->  Index Scan using customer_pkey on customer  (cost=0.43..0.67 rows=1 width=16) (actual time=0.022..0.022 rows=1 loops=340503)
                                       Index Cond: (c_customer_sk = catalog_returns.cr_returning_customer_sk)
                                       Buffers: shared hit=1335004 read=84
                           ->  Memoize  (cost=0.29..0.31 rows=1 width=4) (actual time=0.001..0.001 rows=0 loops=333772)
                                 Cache Key: customer.c_current_hdemo_sk
                                 Cache Mode: logical
                                 Hits: 326575  Misses: 7197  Evictions: 0  Overflows: 0  Memory Usage: 521kB
                                 Buffers: shared hit=21588
                                 ->  Index Scan using household_demographics_pkey on household_demographics  (cost=0.28..0.30 rows=1 width=4) (actual time=0.014..0.014 rows=0 loops=7197)
                                       Index Cond: (hd_demo_sk = customer.c_current_hdemo_sk)
                                       Filter: (hd_buy_potential ~~ '0-500%'::text)
                                       Rows Removed by Filter: 1
                                       Buffers: shared hit=21588
                     ->  Index Scan using customer_address_pkey on customer_address  (cost=0.42..0.67 rows=1 width=4) (actual time=0.024..0.024 rows=0 loops=50738)
                           Index Cond: (ca_address_sk = customer.c_current_addr_sk)
                           Filter: (ca_gmt_offset = '-7'::numeric)
                           Rows Removed by Filter: 1
                           Buffers: shared hit=196633 read=6319
               ->  Index Scan using customer_demographics_pkey on customer_demographics  (cost=0.43..0.72 rows=1 width=4) (actual time=0.029..0.029 rows=0 loops=6827)
                     Index Cond: (cd_demo_sk = customer.c_current_cdemo_sk)
                     Filter: (((cd_marital_status = 'M'::bpchar) AND (cd_education_status = 'Unknown'::bpchar)) OR ((cd_marital_status = 'W'::bpchar) AND (cd_education_status = 'Advanced Degree'::bpchar)))
                     Rows Removed by Filter: 1
                     Buffers: shared hit=22693 read=4127
         ->  Index Scan using call_center_pkey on call_center  (cost=0.14..0.16 rows=1 width=48) (actual time=0.011..0.011 rows=1 loops=826)
               Index Cond: (cc_call_center_sk = catalog_returns.cr_call_center_sk)
               Buffers: shared hit=1636
 Planning:
   Buffers: shared hit=415
 Planning Time: 4.398 ms
 Execution Time: 15158.309 ms
(54 rows)

