                                                                                                     QUERY PLAN                                                                                                     
--------------------------------------------------------------------------------------------------------------------------------------------------------------------------------------------------------------------
 Aggregate  (cost=715921.76..715921.77 rows=1 width=136) (actual time=12321.648..12321.654 rows=1 loops=1)
   Buffers: shared hit=1167122 read=424405
   ->  Hash Join  (cost=2574.36..715921.22 rows=36 width=58) (actual time=1371.802..12320.402 rows=411 loops=1)
         Hash Cond: (catalog_returns.cr_call_center_sk = call_center.cc_call_center_sk)
         Buffers: shared hit=1167122 read=424405
         ->  Nested Loop  (cost=2571.68..715918.44 rows=36 width=18) (actual time=1371.717..12319.851 rows=415 loops=1)
               Buffers: shared hit=1167120 read=424405
               ->  Nested Loop  (cost=2571.26..715863.88 rows=82 width=22) (actual time=1322.363..12250.947 rows=2637 loops=1)
                     Buffers: shared hit=1156937 read=424040
                     ->  Nested Loop  (cost=2570.83..714805.30 rows=1478 width=26) (actual time=1317.764..11291.266 rows=38494 loops=1)
                           Buffers: shared hit=1022127 read=407726
                           ->  Nested Loop  (cost=2570.54..712473.67 rows=8871 width=30) (actual time=1311.578..11007.388 rows=243882 loops=1)
                                 Buffers: shared hit=1000539 read=407726
                                 ->  Hash Join  (cost=2570.11..706541.60 rows=8871 width=22) (actual time=1311.518..5358.869 rows=248731 loops=1)
                                       Hash Cond: (catalog_returns.cr_returned_date_sk = date_dim.d_date_sk)
                                       Buffers: shared hit=25147 read=407590
                                       ->  Seq Scan on catalog_returns  (cost=0.00..647267.12 rows=21600412 width=26) (actual time=0.027..3559.850 rows=21598628 loops=1)
                                             Buffers: shared hit=23673 read=407590
                                       ->  Hash  (cost=2569.73..2569.73 rows=30 width=4) (actual time=20.346..20.347 rows=30 loops=1)
                                             Buckets: 1024  Batches: 1  Memory Usage: 10kB
                                             Buffers: shared hit=1474
                                             ->  Seq Scan on date_dim  (cost=0.00..2569.73 rows=30 width=4) (actual time=12.038..20.331 rows=30 loops=1)
                                                   Filter: ((d_year = 2000) AND (d_moy = 9))
                                                   Rows Removed by Filter: 73019
                                                   Buffers: shared hit=1474
                                 ->  Index Scan using customer_pkey on customer  (cost=0.43..0.67 rows=1 width=16) (actual time=0.022..0.022 rows=1 loops=248731)
                                       Index Cond: (c_customer_sk = catalog_returns.cr_returning_customer_sk)
                                       Buffers: shared hit=975392 read=136
                           ->  Memoize  (cost=0.29..0.31 rows=1 width=4) (actual time=0.001..0.001 rows=0 loops=243882)
                                 Cache Key: customer.c_current_hdemo_sk
                                 Cache Mode: logical
                                 Hits: 236685  Misses: 7197  Evictions: 0  Overflows: 0  Memory Usage: 521kB
                                 Buffers: shared hit=21588
                                 ->  Index Scan using household_demographics_pkey on household_demographics  (cost=0.28..0.30 rows=1 width=4) (actual time=0.014..0.014 rows=0 loops=7197)
                                       Index Cond: (hd_demo_sk = customer.c_current_hdemo_sk)
                                       Filter: (hd_buy_potential ~~ '5001-10000%'::text)
                                       Rows Removed by Filter: 1
                                       Buffers: shared hit=21588
                     ->  Index Scan using customer_demographics_pkey on customer_demographics  (cost=0.43..0.72 rows=1 width=4) (actual time=0.025..0.025 rows=0 loops=38494)
                           Index Cond: (cd_demo_sk = customer.c_current_cdemo_sk)
                           Filter: (((cd_marital_status = 'M'::bpchar) AND (cd_education_status = 'Unknown'::bpchar)) OR ((cd_marital_status = 'W'::bpchar) AND (cd_education_status = 'Advanced Degree'::bpchar)))
                           Rows Removed by Filter: 1
                           Buffers: shared hit=134810 read=16314
               ->  Index Scan using customer_address_pkey on customer_address  (cost=0.42..0.67 rows=1 width=4) (actual time=0.026..0.026 rows=0 loops=2637)
                     Index Cond: (ca_address_sk = customer.c_current_addr_sk)
                     Filter: (ca_gmt_offset = '-6'::numeric)
                     Rows Removed by Filter: 1
                     Buffers: shared hit=10183 read=365
         ->  Hash  (cost=2.30..2.30 rows=30 width=48) (actual time=0.062..0.063 rows=30 loops=1)
               Buckets: 1024  Batches: 1  Memory Usage: 11kB
               Buffers: shared hit=2
               ->  Seq Scan on call_center  (cost=0.00..2.30 rows=30 width=48) (actual time=0.024..0.040 rows=30 loops=1)
                     Buffers: shared hit=2
 Planning:
   Buffers: shared hit=415
 Planning Time: 4.266 ms
 Execution Time: 12322.354 ms
(57 rows)

