                                                                                                     QUERY PLAN                                                                                                     
--------------------------------------------------------------------------------------------------------------------------------------------------------------------------------------------------------------------
 Aggregate  (cost=715921.76..715921.77 rows=1 width=136) (actual time=15285.224..15285.231 rows=1 loops=1)
   Buffers: shared hit=1620782 read=419698
   ->  Hash Join  (cost=2574.36..715921.22 rows=36 width=58) (actual time=15285.220..15285.226 rows=0 loops=1)
         Hash Cond: (catalog_returns.cr_call_center_sk = call_center.cc_call_center_sk)
         Buffers: shared hit=1620782 read=419698
         ->  Nested Loop  (cost=2571.68..715918.44 rows=36 width=18) (actual time=15285.112..15285.118 rows=0 loops=1)
               Buffers: shared hit=1620780 read=419698
               ->  Nested Loop  (cost=2571.26..715863.88 rows=82 width=22) (actual time=3139.956..15224.700 rows=2290 loops=1)
                     Buffers: shared hit=1612134 read=419184
                     ->  Nested Loop  (cost=2570.83..714805.30 rows=1478 width=26) (actual time=3134.186..13925.088 rows=52735 loops=1)
                           Buffers: shared hit=1419903 read=404195
                           ->  Nested Loop  (cost=2570.54..712473.67 rows=8871 width=30) (actual time=3133.646..13566.462 rows=342441 loops=1)
                                 Buffers: shared hit=1398306 read=404195
                                 ->  Hash Join  (cost=2570.11..706541.60 rows=8871 width=22) (actual time=3131.907..5619.980 rows=349495 loops=1)
                                       Hash Cond: (catalog_returns.cr_returned_date_sk = date_dim.d_date_sk)
                                       Buffers: shared hit=28768 read=403969
                                       ->  Seq Scan on catalog_returns  (cost=0.00..647267.12 rows=21600412 width=26) (actual time=0.042..3747.814 rows=21598628 loops=1)
                                             Buffers: shared hit=28768 read=402495
                                       ->  Hash  (cost=2569.73..2569.73 rows=30 width=4) (actual time=23.277..23.278 rows=31 loops=1)
                                             Buckets: 1024  Batches: 1  Memory Usage: 10kB
                                             Buffers: shared read=1474
                                             ->  Seq Scan on date_dim  (cost=0.00..2569.73 rows=30 width=4) (actual time=14.282..23.263 rows=31 loops=1)
                                                   Filter: ((d_year = 2002) AND (d_moy = 12))
                                                   Rows Removed by Filter: 73018
                                                   Buffers: shared read=1474
                                 ->  Index Scan using customer_pkey on customer  (cost=0.43..0.67 rows=1 width=16) (actual time=0.022..0.022 rows=1 loops=349495)
                                       Index Cond: (c_customer_sk = catalog_returns.cr_returning_customer_sk)
                                       Buffers: shared hit=1369538 read=226
                           ->  Memoize  (cost=0.29..0.31 rows=1 width=4) (actual time=0.001..0.001 rows=0 loops=342441)
                                 Cache Key: customer.c_current_hdemo_sk
                                 Cache Mode: logical
                                 Hits: 335241  Misses: 7200  Evictions: 0  Overflows: 0  Memory Usage: 521kB
                                 Buffers: shared hit=21597
                                 ->  Index Scan using household_demographics_pkey on household_demographics  (cost=0.28..0.30 rows=1 width=4) (actual time=0.014..0.014 rows=0 loops=7200)
                                       Index Cond: (hd_demo_sk = customer.c_current_hdemo_sk)
                                       Filter: (hd_buy_potential ~~ '0-500%'::text)
                                       Rows Removed by Filter: 1
                                       Buffers: shared hit=21597
                     ->  Index Scan using customer_demographics_pkey on customer_demographics  (cost=0.43..0.72 rows=1 width=4) (actual time=0.024..0.024 rows=0 loops=52735)
                           Index Cond: (cd_demo_sk = customer.c_current_cdemo_sk)
                           Filter: (((cd_marital_status = 'M'::bpchar) AND (cd_education_status = 'Unknown'::bpchar)) OR ((cd_marital_status = 'W'::bpchar) AND (cd_education_status = 'Advanced Degree'::bpchar)))
                           Rows Removed by Filter: 1
                           Buffers: shared hit=192231 read=14989
               ->  Index Scan using customer_address_pkey on customer_address  (cost=0.42..0.67 rows=1 width=4) (actual time=0.026..0.026 rows=0 loops=2290)
                     Index Cond: (ca_address_sk = customer.c_current_addr_sk)
                     Filter: (ca_gmt_offset = '-6'::numeric)
                     Rows Removed by Filter: 1
                     Buffers: shared hit=8646 read=514
         ->  Hash  (cost=2.30..2.30 rows=30 width=48) (actual time=0.083..0.083 rows=30 loops=1)
               Buckets: 1024  Batches: 1  Memory Usage: 11kB
               Buffers: shared hit=2
               ->  Seq Scan on call_center  (cost=0.00..2.30 rows=30 width=48) (actual time=0.029..0.049 rows=30 loops=1)
                     Buffers: shared hit=2
 Planning:
   Buffers: shared hit=384 read=31
 Planning Time: 4.828 ms
 Execution Time: 15286.021 ms
(57 rows)

