                                                                                                     QUERY PLAN                                                                                                     
--------------------------------------------------------------------------------------------------------------------------------------------------------------------------------------------------------------------
 Aggregate  (cost=716164.96..716164.97 rows=1 width=136) (actual time=13051.190..13051.197 rows=1 loops=1)
   Buffers: shared hit=1251712 read=415407
   ->  Hash Join  (cost=2574.37..716164.39 rows=38 width=58) (actual time=13051.186..13051.192 rows=0 loops=1)
         Hash Cond: (catalog_returns.cr_call_center_sk = call_center.cc_call_center_sk)
         Buffers: shared hit=1251712 read=415407
         ->  Nested Loop  (cost=2571.69..716161.60 rows=38 width=18) (actual time=13051.111..13051.116 rows=0 loops=1)
               Buffers: shared hit=1251710 read=415407
               ->  Nested Loop  (cost=2571.27..716105.05 rows=85 width=22) (actual time=1005.469..13021.750 rows=1019 loops=1)
                     Buffers: shared hit=1247968 read=415073
                     ->  Nested Loop  (cost=2570.84..715010.66 rows=1528 width=26) (actual time=1000.043..11927.664 rows=43315 loops=1)
                           Buffers: shared hit=1084074 read=408659
                           ->  Nested Loop  (cost=2570.55..712671.62 rows=9167 width=30) (actual time=998.723..11610.934 rows=259602 loops=1)
                                 Buffers: shared hit=1062486 read=408659
                                 ->  Hash Join  (cost=2570.12..706541.62 rows=9167 width=22) (actual time=998.675..5443.513 rows=264842 loops=1)
                                       Hash Cond: (catalog_returns.cr_returned_date_sk = date_dim.d_date_sk)
                                       Buffers: shared hit=24192 read=408545
                                       ->  Seq Scan on catalog_returns  (cost=0.00..647267.12 rows=21600412 width=26) (actual time=0.031..3646.772 rows=21598628 loops=1)
                                             Buffers: shared hit=23972 read=407291
                                       ->  Hash  (cost=2569.73..2569.73 rows=31 width=4) (actual time=20.812..20.813 rows=31 loops=1)
                                             Buckets: 1024  Batches: 1  Memory Usage: 10kB
                                             Buffers: shared hit=220 read=1254
                                             ->  Seq Scan on date_dim  (cost=0.00..2569.73 rows=31 width=4) (actual time=12.069..20.800 rows=31 loops=1)
                                                   Filter: ((d_year = 2000) AND (d_moy = 3))
                                                   Rows Removed by Filter: 73018
                                                   Buffers: shared hit=220 read=1254
                                 ->  Index Scan using customer_pkey on customer  (cost=0.43..0.67 rows=1 width=16) (actual time=0.023..0.023 rows=1 loops=264842)
                                       Index Cond: (c_customer_sk = catalog_returns.cr_returning_customer_sk)
                                       Buffers: shared hit=1038294 read=114
                           ->  Memoize  (cost=0.29..0.31 rows=1 width=4) (actual time=0.001..0.001 rows=0 loops=259602)
                                 Cache Key: customer.c_current_hdemo_sk
                                 Cache Mode: logical
                                 Hits: 252405  Misses: 7197  Evictions: 0  Overflows: 0  Memory Usage: 521kB
                                 Buffers: shared hit=21588
                                 ->  Index Scan using household_demographics_pkey on household_demographics  (cost=0.28..0.30 rows=1 width=4) (actual time=0.016..0.016 rows=0 loops=7197)
                                       Index Cond: (hd_demo_sk = customer.c_current_hdemo_sk)
                                       Filter: (hd_buy_potential ~~ '501-1000%'::text)
                                       Rows Removed by Filter: 1
                                       Buffers: shared hit=21588
                     ->  Index Scan using customer_demographics_pkey on customer_demographics  (cost=0.43..0.72 rows=1 width=4) (actual time=0.025..0.025 rows=0 loops=43315)
                           Index Cond: (cd_demo_sk = customer.c_current_cdemo_sk)
                           Filter: (((cd_marital_status = 'M'::bpchar) AND (cd_education_status = 'Unknown'::bpchar)) OR ((cd_marital_status = 'W'::bpchar) AND (cd_education_status = 'Advanced Degree'::bpchar)))
                           Rows Removed by Filter: 1
                           Buffers: shared hit=163894 read=6414
               ->  Index Scan using customer_address_pkey on customer_address  (cost=0.42..0.67 rows=1 width=4) (actual time=0.028..0.028 rows=0 loops=1019)
                     Index Cond: (ca_address_sk = customer.c_current_addr_sk)
                     Filter: (ca_gmt_offset = '-6'::numeric)
                     Rows Removed by Filter: 1
                     Buffers: shared hit=3742 read=334
         ->  Hash  (cost=2.30..2.30 rows=30 width=48) (actual time=0.057..0.058 rows=30 loops=1)
               Buckets: 1024  Batches: 1  Memory Usage: 11kB
               Buffers: shared hit=2
               ->  Seq Scan on call_center  (cost=0.00..2.30 rows=30 width=48) (actual time=0.021..0.036 rows=30 loops=1)
                     Buffers: shared hit=2
 Planning:
   Buffers: shared hit=384 read=31
 Planning Time: 3.358 ms
 Execution Time: 13051.811 ms
(57 rows)

