                                                                                                  QUERY PLAN                                                                                                  
--------------------------------------------------------------------------------------------------------------------------------------------------------------------------------------------------------------
 Aggregate  (cost=715903.32..715903.33 rows=1 width=136) (actual time=11844.755..11844.761 rows=1 loops=1)
   Buffers: shared hit=1103652 read=424601
   ->  Nested Loop  (cost=2571.82..715903.18 rows=9 width=58) (actual time=11844.750..11844.756 rows=0 loops=1)
         Buffers: shared hit=1103652 read=424601
         ->  Nested Loop  (cost=2571.68..715901.79 rows=9 width=18) (actual time=11844.749..11844.755 rows=0 loops=1)
               Buffers: shared hit=1103652 read=424601
               ->  Nested Loop  (cost=2571.25..715788.62 rows=158 width=22) (actual time=1061.789..11742.751 rows=3530 loops=1)
                     Buffers: shared hit=1090626 read=423787
                     ->  Nested Loop  (cost=2570.83..714805.30 rows=1478 width=26) (actual time=1053.999..10936.279 rows=32111 loops=1)
                           Buffers: shared hit=976220 read=409749
                           ->  Nested Loop  (cost=2570.54..712473.67 rows=8871 width=30) (actual time=1049.719..10668.003 rows=232914 loops=1)
                                 Buffers: shared hit=954644 read=409749
                                 ->  Hash Join  (cost=2570.11..706541.60 rows=8871 width=22) (actual time=1049.660..5309.003 rows=237520 loops=1)
                                       Hash Cond: (catalog_returns.cr_returned_date_sk = date_dim.d_date_sk)
                                       Buffers: shared hit=23228 read=409509
                                       ->  Seq Scan on catalog_returns  (cost=0.00..647267.12 rows=21600412 width=26) (actual time=0.050..3541.932 rows=21598628 loops=1)
                                             Buffers: shared hit=21754 read=409509
                                       ->  Hash  (cost=2569.73..2569.73 rows=30 width=4) (actual time=20.431..20.432 rows=30 loops=1)
                                             Buckets: 1024  Batches: 1  Memory Usage: 10kB
                                             Buffers: shared hit=1474
                                             ->  Seq Scan on date_dim  (cost=0.00..2569.73 rows=30 width=4) (actual time=9.591..20.416 rows=30 loops=1)
                                                   Filter: ((d_year = 2000) AND (d_moy = 6))
                                                   Rows Removed by Filter: 73019
                                                   Buffers: shared hit=1474
                                 ->  Index Scan using customer_pkey on customer  (cost=0.43..0.67 rows=1 width=16) (actual time=0.022..0.022 rows=1 loops=237520)
                                       Index Cond: (c_customer_sk = catalog_returns.cr_returning_customer_sk)
                                       Buffers: shared hit=931416 read=240
                           ->  Memoize  (cost=0.29..0.31 rows=1 width=4) (actual time=0.001..0.001 rows=0 loops=232914)
                                 Cache Key: customer.c_current_hdemo_sk
                                 Cache Mode: logical
                                 Hits: 225721  Misses: 7193  Evictions: 0  Overflows: 0  Memory Usage: 520kB
                                 Buffers: shared hit=21576
                                 ->  Index Scan using household_demographics_pkey on household_demographics  (cost=0.28..0.30 rows=1 width=4) (actual time=0.014..0.014 rows=0 loops=7193)
                                       Index Cond: (hd_demo_sk = customer.c_current_hdemo_sk)
                                       Filter: (hd_buy_potential ~~ '1001-5000%'::text)
                                       Rows Removed by Filter: 1
                                       Buffers: shared hit=21576
                     ->  Index Scan using customer_address_pkey on customer_address  (cost=0.42..0.67 rows=1 width=4) (actual time=0.025..0.025 rows=0 loops=32111)
                           Index Cond: (ca_address_sk = customer.c_current_addr_sk)
                           Filter: (ca_gmt_offset = '-7'::numeric)
                           Rows Removed by Filter: 1
                           Buffers: shared hit=114406 read=14038
               ->  Index Scan using customer_demographics_pkey on customer_demographics  (cost=0.43..0.72 rows=1 width=4) (actual time=0.028..0.028 rows=0 loops=3530)
                     Index Cond: (cd_demo_sk = customer.c_current_cdemo_sk)
                     Filter: (((cd_marital_status = 'M'::bpchar) AND (cd_education_status = 'Unknown'::bpchar)) OR ((cd_marital_status = 'W'::bpchar) AND (cd_education_status = 'Advanced Degree'::bpchar)))
                     Rows Removed by Filter: 1
                     Buffers: shared hit=13026 read=814
         ->  Index Scan using call_center_pkey on call_center  (cost=0.14..0.16 rows=1 width=48) (never executed)
               Index Cond: (cc_call_center_sk = catalog_returns.cr_call_center_sk)
 Planning:
   Buffers: shared hit=415
 Planning Time: 4.414 ms
 Execution Time: 11845.595 ms
(53 rows)

