                                                                                                  QUERY PLAN                                                                                                  
--------------------------------------------------------------------------------------------------------------------------------------------------------------------------------------------------------------
 Aggregate  (cost=715903.32..715903.33 rows=1 width=136) (actual time=12679.290..12679.297 rows=1 loops=1)
   Buffers: shared hit=1186729 read=433565
   ->  Nested Loop  (cost=2571.82..715903.18 rows=9 width=58) (actual time=1083.048..12677.491 rows=589 loops=1)
         Buffers: shared hit=1186729 read=433565
         ->  Nested Loop  (cost=2571.68..715901.79 rows=9 width=18) (actual time=1083.029..12670.417 rows=594 loops=1)
               Buffers: shared hit=1185551 read=433565
               ->  Nested Loop  (cost=2571.25..715788.62 rows=158 width=22) (actual time=1019.601..12533.844 rows=5037 loops=1)
                     Buffers: shared hit=1166537 read=432775
                     ->  Nested Loop  (cost=2570.83..714805.30 rows=1478 width=26) (actual time=1006.235..11499.099 rows=38081 loops=1)
                           Buffers: shared hit=1032530 read=414458
                           ->  Nested Loop  (cost=2570.54..712473.67 rows=8871 width=30) (actual time=1003.991..11213.854 rows=248168 loops=1)
                                 Buffers: shared hit=1010951 read=414458
                                 ->  Hash Join  (cost=2570.11..706541.60 rows=8871 width=22) (actual time=1003.947..5375.483 rows=253475 loops=1)
                                       Hash Cond: (catalog_returns.cr_returned_date_sk = date_dim.d_date_sk)
                                       Buffers: shared hit=18498 read=414239
                                       ->  Seq Scan on catalog_returns  (cost=0.00..647267.12 rows=21600412 width=26) (actual time=0.055..3527.969 rows=21598628 loops=1)
                                             Buffers: shared hit=18494 read=412769
                                       ->  Hash  (cost=2569.73..2569.73 rows=30 width=4) (actual time=22.005..22.006 rows=30 loops=1)
                                             Buckets: 1024  Batches: 1  Memory Usage: 10kB
                                             Buffers: shared hit=4 read=1470
                                             ->  Seq Scan on date_dim  (cost=0.00..2569.73 rows=30 width=4) (actual time=12.419..21.984 rows=30 loops=1)
                                                   Filter: ((d_year = 2000) AND (d_moy = 4))
                                                   Rows Removed by Filter: 73019
                                                   Buffers: shared hit=4 read=1470
                                 ->  Index Scan using customer_pkey on customer  (cost=0.43..0.67 rows=1 width=16) (actual time=0.022..0.022 rows=1 loops=253475)
                                       Index Cond: (c_customer_sk = catalog_returns.cr_returning_customer_sk)
                                       Buffers: shared hit=992453 read=219
                           ->  Memoize  (cost=0.29..0.31 rows=1 width=4) (actual time=0.001..0.001 rows=0 loops=248168)
                                 Cache Key: customer.c_current_hdemo_sk
                                 Cache Mode: logical
                                 Hits: 240974  Misses: 7194  Evictions: 0  Overflows: 0  Memory Usage: 520kB
                                 Buffers: shared hit=21579
                                 ->  Index Scan using household_demographics_pkey on household_demographics  (cost=0.28..0.30 rows=1 width=4) (actual time=0.013..0.013 rows=0 loops=7194)
                                       Index Cond: (hd_demo_sk = customer.c_current_hdemo_sk)
                                       Filter: (hd_buy_potential ~~ '0-500%'::text)
                                       Rows Removed by Filter: 1
                                       Buffers: shared hit=21579
                     ->  Index Scan using customer_address_pkey on customer_address  (cost=0.42..0.67 rows=1 width=4) (actual time=0.027..0.027 rows=0 loops=38081)
                           Index Cond: (ca_address_sk = customer.c_current_addr_sk)
                           Filter: (ca_gmt_offset = '-7'::numeric)
                           Rows Removed by Filter: 1
                           Buffers: shared hit=134007 read=18317
               ->  Index Scan using customer_demographics_pkey on customer_demographics  (cost=0.43..0.72 rows=1 width=4) (actual time=0.027..0.027 rows=0 loops=5037)
                     Index Cond: (cd_demo_sk = customer.c_current_cdemo_sk)
                     Filter: (((cd_marital_status = 'M'::bpchar) AND (cd_education_status = 'Unknown'::bpchar)) OR ((cd_marital_status = 'W'::bpchar) AND (cd_education_status = 'Advanced Degree'::bpchar)))
                     Rows Removed by Filter: 1
                     Buffers: shared hit=19014 read=790
         ->  Index Scan using call_center_pkey on call_center  (cost=0.14..0.16 rows=1 width=48) (actual time=0.010..0.010 rows=1 loops=594)
               Index Cond: (cc_call_center_sk = catalog_returns.cr_call_center_sk)
               Buffers: shared hit=1178
 Planning:
   Buffers: shared hit=384 read=31
 Planning Time: 4.663 ms
 Execution Time: 12679.899 ms
(54 rows)

