                                                                                                     QUERY PLAN                                                                                                     
--------------------------------------------------------------------------------------------------------------------------------------------------------------------------------------------------------------------
 Aggregate  (cost=715921.76..715921.77 rows=1 width=136) (actual time=14513.518..14513.524 rows=1 loops=1)
   Buffers: shared hit=1500039 read=419401
   ->  Hash Join  (cost=2574.36..715921.22 rows=36 width=58) (actual time=1617.362..14505.779 rows=4302 loops=1)
         Hash Cond: (catalog_returns.cr_call_center_sk = call_center.cc_call_center_sk)
         Buffers: shared hit=1500039 read=419401
         ->  Nested Loop  (cost=2571.68..715918.44 rows=36 width=18) (actual time=1617.250..14502.594 rows=4342 loops=1)
               Buffers: shared hit=1500037 read=419401
               ->  Nested Loop  (cost=2571.26..715863.88 rows=82 width=22) (actual time=1609.992..14346.982 rows=5604 loops=1)
                     Buffers: shared hit=1479511 read=417511
                     ->  Nested Loop  (cost=2570.83..714805.30 rows=1478 width=26) (actual time=1603.756..13038.146 rows=52591 loops=1)
                           Buffers: shared hit=1281386 read=408984
                           ->  Nested Loop  (cost=2570.54..712473.67 rows=8871 width=30) (actual time=1601.132..12687.725 rows=309009 loops=1)
                                 Buffers: shared hit=1259789 read=408984
                                 ->  Hash Join  (cost=2570.11..706541.60 rows=8871 width=22) (actual time=1601.085..5395.264 rows=315361 loops=1)
                                       Hash Cond: (catalog_returns.cr_returned_date_sk = date_dim.d_date_sk)
                                       Buffers: shared hit=23928 read=408809
                                       ->  Seq Scan on catalog_returns  (cost=0.00..647267.12 rows=21600412 width=26) (actual time=0.045..3595.881 rows=21598628 loops=1)
                                             Buffers: shared hit=23928 read=407335
                                       ->  Hash  (cost=2569.73..2569.73 rows=30 width=4) (actual time=24.502..24.503 rows=30 loops=1)
                                             Buckets: 1024  Batches: 1  Memory Usage: 10kB
                                             Buffers: shared read=1474
                                             ->  Seq Scan on date_dim  (cost=0.00..2569.73 rows=30 width=4) (actual time=14.503..24.487 rows=30 loops=1)
                                                   Filter: ((d_year = 2001) AND (d_moy = 4))
                                                   Rows Removed by Filter: 73019
                                                   Buffers: shared read=1474
                                 ->  Index Scan using customer_pkey on customer  (cost=0.43..0.67 rows=1 width=16) (actual time=0.023..0.023 rows=1 loops=315361)
                                       Index Cond: (c_customer_sk = catalog_returns.cr_returning_customer_sk)
                                       Buffers: shared hit=1235861 read=175
                           ->  Memoize  (cost=0.29..0.31 rows=1 width=4) (actual time=0.001..0.001 rows=0 loops=309009)
                                 Cache Key: customer.c_current_hdemo_sk
                                 Cache Mode: logical
                                 Hits: 301809  Misses: 7200  Evictions: 0  Overflows: 0  Memory Usage: 521kB
                                 Buffers: shared hit=21597
                                 ->  Index Scan using household_demographics_pkey on household_demographics  (cost=0.28..0.30 rows=1 width=4) (actual time=0.016..0.016 rows=0 loops=7200)
                                       Index Cond: (hd_demo_sk = customer.c_current_hdemo_sk)
                                       Filter: (hd_buy_potential ~~ 'Unknown%'::text)
                                       Rows Removed by Filter: 1
                                       Buffers: shared hit=21597
                     ->  Index Scan using customer_demographics_pkey on customer_demographics  (cost=0.43..0.72 rows=1 width=4) (actual time=0.025..0.025 rows=0 loops=52591)
                           Index Cond: (cd_demo_sk = customer.c_current_cdemo_sk)
                           Filter: (((cd_marital_status = 'M'::bpchar) AND (cd_education_status = 'Unknown'::bpchar)) OR ((cd_marital_status = 'W'::bpchar) AND (cd_education_status = 'Advanced Degree'::bpchar)))
                           Rows Removed by Filter: 1
                           Buffers: shared hit=198125 read=8527
               ->  Index Scan using customer_address_pkey on customer_address  (cost=0.42..0.67 rows=1 width=4) (actual time=0.027..0.027 rows=1 loops=5604)
                     Index Cond: (ca_address_sk = customer.c_current_addr_sk)
                     Filter: (ca_gmt_offset = '-6'::numeric)
                     Rows Removed by Filter: 0
                     Buffers: shared hit=20526 read=1890
         ->  Hash  (cost=2.30..2.30 rows=30 width=48) (actual time=0.085..0.086 rows=30 loops=1)
               Buckets: 1024  Batches: 1  Memory Usage: 11kB
               Buffers: shared hit=2
               ->  Seq Scan on call_center  (cost=0.00..2.30 rows=30 width=48) (actual time=0.030..0.051 rows=30 loops=1)
                     Buffers: shared hit=2
 Planning:
   Buffers: shared hit=384 read=31
 Planning Time: 4.818 ms
 Execution Time: 14514.359 ms
(57 rows)

