                                                                                                     QUERY PLAN                                                                                                     
--------------------------------------------------------------------------------------------------------------------------------------------------------------------------------------------------------------------
 Aggregate  (cost=715921.76..715921.77 rows=1 width=136) (actual time=12007.759..12007.765 rows=1 loops=1)
   Buffers: shared hit=1131079 read=409841
   ->  Hash Join  (cost=2574.36..715921.22 rows=36 width=58) (actual time=772.981..12003.534 rows=2104 loops=1)
         Hash Cond: (catalog_returns.cr_call_center_sk = call_center.cc_call_center_sk)
         Buffers: shared hit=1131079 read=409841
         ->  Nested Loop  (cost=2571.68..715918.44 rows=36 width=18) (actual time=772.878..12001.790 rows=2125 loops=1)
               Buffers: shared hit=1131077 read=409841
               ->  Nested Loop  (cost=2571.26..715863.88 rows=82 width=22) (actual time=772.840..11931.878 rows=2544 loops=1)
                     Buffers: shared hit=1122013 read=408729
                     ->  Nested Loop  (cost=2570.83..714805.30 rows=1478 width=26) (actual time=764.704..11122.982 rows=32250 loops=1)
                           Buffers: shared hit=999017 read=405021
                           ->  Nested Loop  (cost=2570.54..712473.67 rows=8871 width=30) (actual time=759.821..10824.180 rows=237429 loops=1)
                                 Buffers: shared hit=977432 read=405021
                                 ->  Hash Join  (cost=2570.11..706541.60 rows=8871 width=22) (actual time=759.769..5188.368 rows=242285 loops=1)
                                       Hash Cond: (catalog_returns.cr_returned_date_sk = date_dim.d_date_sk)
                                       Buffers: shared hit=27855 read=404882
                                       ->  Seq Scan on catalog_returns  (cost=0.00..647267.12 rows=21600412 width=26) (actual time=0.034..3422.974 rows=21598628 loops=1)
                                             Buffers: shared hit=26381 read=404882
                                       ->  Hash  (cost=2569.73..2569.73 rows=30 width=4) (actual time=23.175..23.176 rows=31 loops=1)
                                             Buckets: 1024  Batches: 1  Memory Usage: 10kB
                                             Buffers: shared hit=1474
                                             ->  Seq Scan on date_dim  (cost=0.00..2569.73 rows=30 width=4) (actual time=10.704..23.158 rows=31 loops=1)
                                                   Filter: ((d_year = 1999) AND (d_moy = 12))
                                                   Rows Removed by Filter: 73018
                                                   Buffers: shared hit=1474
                                 ->  Index Scan using customer_pkey on customer  (cost=0.43..0.67 rows=1 width=16) (actual time=0.023..0.023 rows=1 loops=242285)
                                       Index Cond: (c_customer_sk = catalog_returns.cr_returning_customer_sk)
                                       Buffers: shared hit=949577 read=139
                           ->  Memoize  (cost=0.29..0.31 rows=1 width=4) (actual time=0.001..0.001 rows=0 loops=237429)
                                 Cache Key: customer.c_current_hdemo_sk
                                 Cache Mode: logical
                                 Hits: 230233  Misses: 7196  Evictions: 0  Overflows: 0  Memory Usage: 521kB
                                 Buffers: shared hit=21585
                                 ->  Index Scan using household_demographics_pkey on household_demographics  (cost=0.28..0.30 rows=1 width=4) (actual time=0.016..0.016 rows=0 loops=7196)
                                       Index Cond: (hd_demo_sk = customer.c_current_hdemo_sk)
                                       Filter: (hd_buy_potential ~~ '1001-5000%'::text)
                                       Rows Removed by Filter: 1
                                       Buffers: shared hit=21585
                     ->  Index Scan using customer_demographics_pkey on customer_demographics  (cost=0.43..0.72 rows=1 width=4) (actual time=0.025..0.025 rows=0 loops=32250)
                           Index Cond: (cd_demo_sk = customer.c_current_cdemo_sk)
                           Filter: (((cd_marital_status = 'M'::bpchar) AND (cd_education_status = 'Unknown'::bpchar)) OR ((cd_marital_status = 'W'::bpchar) AND (cd_education_status = 'Advanced Degree'::bpchar)))
                           Rows Removed by Filter: 1
                           Buffers: shared hit=122996 read=3708
               ->  Index Scan using customer_address_pkey on customer_address  (cost=0.42..0.67 rows=1 width=4) (actual time=0.027..0.027 rows=1 loops=2544)
                     Index Cond: (ca_address_sk = customer.c_current_addr_sk)
                     Filter: (ca_gmt_offset = '-6'::numeric)
                     Rows Removed by Filter: 0
                     Buffers: shared hit=9064 read=1112
         ->  Hash  (cost=2.30..2.30 rows=30 width=48) (actual time=0.076..0.076 rows=30 loops=1)
               Buckets: 1024  Batches: 1  Memory Usage: 11kB
               Buffers: shared hit=2
               ->  Seq Scan on call_center  (cost=0.00..2.30 rows=30 width=48) (actual time=0.029..0.049 rows=30 loops=1)
                     Buffers: shared hit=2
 Planning:
   Buffers: shared hit=415
 Planning Time: 4.425 ms
 Execution Time: 12008.590 ms
(57 rows)

