                                                                                                     QUERY PLAN                                                                                                     
--------------------------------------------------------------------------------------------------------------------------------------------------------------------------------------------------------------------
 Aggregate  (cost=715921.76..715921.77 rows=1 width=136) (actual time=13310.744..13310.751 rows=1 loops=1)
   Buffers: shared hit=1332925 read=415012
   ->  Hash Join  (cost=2574.36..715921.22 rows=36 width=58) (actual time=458.906..13303.375 rows=3864 loops=1)
         Hash Cond: (catalog_returns.cr_call_center_sk = call_center.cc_call_center_sk)
         Buffers: shared hit=1332925 read=415012
         ->  Nested Loop  (cost=2571.68..715918.44 rows=36 width=18) (actual time=458.841..13300.531 rows=3905 loops=1)
               Buffers: shared hit=1332923 read=415012
               ->  Nested Loop  (cost=2571.26..715863.88 rows=82 width=22) (actual time=458.806..13100.852 rows=7190 loops=1)
                     Buffers: shared hit=1308035 read=411140
                     ->  Nested Loop  (cost=2570.83..714805.30 rows=1478 width=26) (actual time=453.019..11949.180 rows=47735 loops=1)
                           Buffers: shared hit=1125379 read=406272
                           ->  Nested Loop  (cost=2570.54..712473.67 rows=8871 width=30) (actual time=447.505..11640.521 rows=269330 loops=1)
                                 Buffers: shared hit=1103785 read=406272
                                 ->  Hash Join  (cost=2570.11..706541.60 rows=8871 width=22) (actual time=447.455..5326.931 rows=274879 loops=1)
                                       Hash Cond: (catalog_returns.cr_returned_date_sk = date_dim.d_date_sk)
                                       Buffers: shared hit=26643 read=406094
                                       ->  Seq Scan on catalog_returns  (cost=0.00..647267.12 rows=21600412 width=26) (actual time=0.022..3485.175 rows=21598628 loops=1)
                                             Buffers: shared hit=25169 read=406094
                                       ->  Hash  (cost=2569.73..2569.73 rows=30 width=4) (actual time=19.296..19.297 rows=30 loops=1)
                                             Buckets: 1024  Batches: 1  Memory Usage: 10kB
                                             Buffers: shared hit=1474
                                             ->  Seq Scan on date_dim  (cost=0.00..2569.73 rows=30 width=4) (actual time=8.606..19.280 rows=30 loops=1)
                                                   Filter: ((d_year = 1999) AND (d_moy = 6))
                                                   Rows Removed by Filter: 73019
                                                   Buffers: shared hit=1474
                                 ->  Index Scan using customer_pkey on customer  (cost=0.43..0.67 rows=1 width=16) (actual time=0.022..0.022 rows=1 loops=274879)
                                       Index Cond: (c_customer_sk = catalog_returns.cr_returning_customer_sk)
                                       Buffers: shared hit=1077142 read=178
                           ->  Memoize  (cost=0.29..0.31 rows=1 width=4) (actual time=0.001..0.001 rows=0 loops=269330)
                                 Cache Key: customer.c_current_hdemo_sk
                                 Cache Mode: logical
                                 Hits: 262131  Misses: 7199  Evictions: 0  Overflows: 0  Memory Usage: 521kB
                                 Buffers: shared hit=21594
                                 ->  Index Scan using household_demographics_pkey on household_demographics  (cost=0.28..0.30 rows=1 width=4) (actual time=0.014..0.014 rows=0 loops=7199)
                                       Index Cond: (hd_demo_sk = customer.c_current_hdemo_sk)
                                       Filter: (hd_buy_potential ~~ '>10000%'::text)
                                       Rows Removed by Filter: 1
                                       Buffers: shared hit=21594
                     ->  Index Scan using customer_demographics_pkey on customer_demographics  (cost=0.43..0.72 rows=1 width=4) (actual time=0.024..0.024 rows=0 loops=47735)
                           Index Cond: (cd_demo_sk = customer.c_current_cdemo_sk)
                           Filter: (((cd_marital_status = 'M'::bpchar) AND (cd_education_status = 'Unknown'::bpchar)) OR ((cd_marital_status = 'W'::bpchar) AND (cd_education_status = 'Advanced Degree'::bpchar)))
                           Rows Removed by Filter: 1
                           Buffers: shared hit=182656 read=4868
               ->  Index Scan using customer_address_pkey on customer_address  (cost=0.42..0.67 rows=1 width=4) (actual time=0.027..0.027 rows=1 loops=7190)
                     Index Cond: (ca_address_sk = customer.c_current_addr_sk)
                     Filter: (ca_gmt_offset = '-6'::numeric)
                     Rows Removed by Filter: 0
                     Buffers: shared hit=24888 read=3872
         ->  Hash  (cost=2.30..2.30 rows=30 width=48) (actual time=0.047..0.047 rows=30 loops=1)
               Buckets: 1024  Batches: 1  Memory Usage: 11kB
               Buffers: shared hit=2
               ->  Seq Scan on call_center  (cost=0.00..2.30 rows=30 width=48) (actual time=0.019..0.031 rows=30 loops=1)
                     Buffers: shared hit=2
 Planning:
   Buffers: shared hit=415
 Planning Time: 2.618 ms
 Execution Time: 13311.294 ms
(57 rows)

