                                                                                                     QUERY PLAN                                                                                                     
--------------------------------------------------------------------------------------------------------------------------------------------------------------------------------------------------------------------
 Aggregate  (cost=716164.96..716164.97 rows=1 width=136) (actual time=12334.096..12334.102 rows=1 loops=1)
   Buffers: shared hit=1178642 read=417914
   ->  Hash Join  (cost=2574.37..716164.39 rows=38 width=58) (actual time=391.869..12329.602 rows=2311 loops=1)
         Hash Cond: (catalog_returns.cr_call_center_sk = call_center.cc_call_center_sk)
         Buffers: shared hit=1178642 read=417914
         ->  Nested Loop  (cost=2571.69..716161.60 rows=38 width=18) (actual time=391.818..12327.825 rows=2327 loops=1)
               Buffers: shared hit=1178640 read=417914
               ->  Nested Loop  (cost=2571.27..716105.05 rows=85 width=22) (actual time=391.796..12250.519 rows=2745 loops=1)
                     Buffers: shared hit=1168634 read=416940
                     ->  Nested Loop  (cost=2570.84..715010.66 rows=1528 width=26) (actual time=375.633..11395.187 rows=34157 loops=1)
                           Buffers: shared hit=1041614 read=409944
                           ->  Nested Loop  (cost=2570.55..712671.62 rows=9167 width=30) (actual time=364.668..11097.987 rows=249306 loops=1)
                                 Buffers: shared hit=1020017 read=409944
                                 ->  Hash Join  (cost=2570.12..706541.62 rows=9167 width=22) (actual time=364.625..5303.663 rows=254456 loops=1)
                                       Hash Cond: (catalog_returns.cr_returned_date_sk = date_dim.d_date_sk)
                                       Buffers: shared hit=23294 read=409443
                                       ->  Seq Scan on catalog_returns  (cost=0.00..647267.12 rows=21600412 width=26) (actual time=0.021..3570.549 rows=21598628 loops=1)
                                             Buffers: shared hit=23294 read=407969
                                       ->  Hash  (cost=2569.73..2569.73 rows=31 width=4) (actual time=18.372..18.373 rows=31 loops=1)
                                             Buckets: 1024  Batches: 1  Memory Usage: 10kB
                                             Buffers: shared read=1474
                                             ->  Seq Scan on date_dim  (cost=0.00..2569.73 rows=31 width=4) (actual time=9.948..18.356 rows=31 loops=1)
                                                   Filter: ((d_year = 1999) AND (d_moy = 3))
                                                   Rows Removed by Filter: 73018
                                                   Buffers: shared read=1474
                                 ->  Index Scan using customer_pkey on customer  (cost=0.43..0.67 rows=1 width=16) (actual time=0.022..0.022 rows=1 loops=254456)
                                       Index Cond: (c_customer_sk = catalog_returns.cr_returning_customer_sk)
                                       Buffers: shared hit=996723 read=501
                           ->  Memoize  (cost=0.29..0.31 rows=1 width=4) (actual time=0.001..0.001 rows=0 loops=249306)
                                 Cache Key: customer.c_current_hdemo_sk
                                 Cache Mode: logical
                                 Hits: 242106  Misses: 7200  Evictions: 0  Overflows: 0  Memory Usage: 521kB
                                 Buffers: shared hit=21597
                                 ->  Index Scan using household_demographics_pkey on household_demographics  (cost=0.28..0.30 rows=1 width=4) (actual time=0.016..0.016 rows=0 loops=7200)
                                       Index Cond: (hd_demo_sk = customer.c_current_hdemo_sk)
                                       Filter: (hd_buy_potential ~~ '1001-5000%'::text)
                                       Rows Removed by Filter: 1
                                       Buffers: shared hit=21597
                     ->  Index Scan using customer_demographics_pkey on customer_demographics  (cost=0.43..0.72 rows=1 width=4) (actual time=0.025..0.025 rows=0 loops=34157)
                           Index Cond: (cd_demo_sk = customer.c_current_cdemo_sk)
                           Filter: (((cd_marital_status = 'M'::bpchar) AND (cd_education_status = 'Unknown'::bpchar)) OR ((cd_marital_status = 'W'::bpchar) AND (cd_education_status = 'Advanced Degree'::bpchar)))
                           Rows Removed by Filter: 1
                           Buffers: shared hit=127020 read=6996
               ->  Index Scan using customer_address_pkey on customer_address  (cost=0.42..0.67 rows=1 width=4) (actual time=0.027..0.027 rows=1 loops=2745)
                     Index Cond: (ca_address_sk = customer.c_current_addr_sk)
                     Filter: (ca_gmt_offset = '-6'::numeric)
                     Rows Removed by Filter: 0
                     Buffers: shared hit=10006 read=974
         ->  Hash  (cost=2.30..2.30 rows=30 width=48) (actual time=0.037..0.037 rows=30 loops=1)
               Buckets: 1024  Batches: 1  Memory Usage: 11kB
               Buffers: shared hit=2
               ->  Seq Scan on call_center  (cost=0.00..2.30 rows=30 width=48) (actual time=0.014..0.024 rows=30 loops=1)
                     Buffers: shared hit=2
 Planning:
   Buffers: shared hit=384 read=31
 Planning Time: 2.213 ms
 Execution Time: 12334.540 ms
(57 rows)

