                                                                                                  QUERY PLAN                                                                                                  
--------------------------------------------------------------------------------------------------------------------------------------------------------------------------------------------------------------
 Aggregate  (cost=716146.24..716146.25 rows=1 width=136) (actual time=12275.883..12275.889 rows=1 loops=1)
   Buffers: shared hit=1161253 read=411764
   ->  Nested Loop  (cost=2571.83..716146.10 rows=9 width=58) (actual time=37.256..12274.239 rows=584 loops=1)
         Buffers: shared hit=1161253 read=411764
         ->  Nested Loop  (cost=2571.69..716144.71 rows=9 width=18) (actual time=37.241..12265.565 rows=591 loops=1)
               Buffers: shared hit=1160085 read=411764
               ->  Nested Loop  (cost=2571.27..716027.25 rows=164 width=22) (actual time=37.203..12142.373 rows=4186 loops=1)
                     Buffers: shared hit=1145589 read=409800
                     ->  Nested Loop  (cost=2570.84..715010.66 rows=1528 width=26) (actual time=29.637..11183.152 rows=37507 loops=1)
                           Buffers: shared hit=1001878 read=403483
                           ->  Nested Loop  (cost=2570.55..712671.62 rows=9167 width=30) (actual time=29.387..10887.689 rows=237759 loops=1)
                                 Buffers: shared hit=980290 read=403483
                                 ->  Hash Join  (cost=2570.12..706541.62 rows=9167 width=22) (actual time=29.324..5352.074 rows=242522 loops=1)
                                       Hash Cond: (catalog_returns.cr_returned_date_sk = date_dim.d_date_sk)
                                       Buffers: shared hit=29603 read=403134
                                       ->  Seq Scan on catalog_returns  (cost=0.00..647267.12 rows=21600412 width=26) (actual time=0.047..3524.259 rows=21598628 loops=1)
                                             Buffers: shared hit=28129 read=403134
                                       ->  Hash  (cost=2569.73..2569.73 rows=31 width=4) (actual time=29.245..29.246 rows=31 loops=1)
                                             Buckets: 1024  Batches: 1  Memory Usage: 10kB
                                             Buffers: shared hit=1474
                                             ->  Seq Scan on date_dim  (cost=0.00..2569.73 rows=31 width=4) (actual time=16.806..29.232 rows=31 loops=1)
                                                   Filter: ((d_year = 1998) AND (d_moy = 8))
                                                   Rows Removed by Filter: 73018
                                                   Buffers: shared hit=1474
                                 ->  Index Scan using customer_pkey on customer  (cost=0.43..0.67 rows=1 width=16) (actual time=0.022..0.022 rows=1 loops=242522)
                                       Index Cond: (c_customer_sk = catalog_returns.cr_returning_customer_sk)
                                       Buffers: shared hit=950687 read=349
                           ->  Memoize  (cost=0.29..0.31 rows=1 width=4) (actual time=0.001..0.001 rows=0 loops=237759)
                                 Cache Key: customer.c_current_hdemo_sk
                                 Cache Mode: logical
                                 Hits: 230562  Misses: 7197  Evictions: 0  Overflows: 0  Memory Usage: 521kB
                                 Buffers: shared hit=21588
                                 ->  Index Scan using household_demographics_pkey on household_demographics  (cost=0.28..0.30 rows=1 width=4) (actual time=0.016..0.016 rows=0 loops=7197)
                                       Index Cond: (hd_demo_sk = customer.c_current_hdemo_sk)
                                       Filter: (hd_buy_potential ~~ '5001-10000%'::text)
                                       Rows Removed by Filter: 1
                                       Buffers: shared hit=21588
                     ->  Index Scan using customer_address_pkey on customer_address  (cost=0.42..0.67 rows=1 width=4) (actual time=0.025..0.025 rows=0 loops=37507)
                           Index Cond: (ca_address_sk = customer.c_current_addr_sk)
                           Filter: (ca_gmt_offset = '-7'::numeric)
                           Rows Removed by Filter: 1
                           Buffers: shared hit=143711 read=6317
               ->  Index Scan using customer_demographics_pkey on customer_demographics  (cost=0.43..0.72 rows=1 width=4) (actual time=0.029..0.029 rows=0 loops=4186)
                     Index Cond: (cd_demo_sk = customer.c_current_cdemo_sk)
                     Filter: (((cd_marital_status = 'M'::bpchar) AND (cd_education_status = 'Unknown'::bpchar)) OR ((cd_marital_status = 'W'::bpchar) AND (cd_education_status = 'Advanced Degree'::bpchar)))
                     Rows Removed by Filter: 1
                     Buffers: shared hit=14496 read=1964
         ->  Index Scan using call_center_pkey on call_center  (cost=0.14..0.16 rows=1 width=48) (actual time=0.013..0.013 rows=1 loops=591)
               Index Cond: (cc_call_center_sk = catalog_returns.cr_call_center_sk)
               Buffers: shared hit=1168
 Planning:
   Buffers: shared hit=415
 Planning Time: 5.118 ms
 Execution Time: 12276.500 ms
(54 rows)

