                                                                                                  QUERY PLAN                                                                                                  
--------------------------------------------------------------------------------------------------------------------------------------------------------------------------------------------------------------
 Aggregate  (cost=716146.24..716146.25 rows=1 width=136) (actual time=12087.620..12087.626 rows=1 loops=1)
   Buffers: shared hit=1141868 read=407065
   ->  Nested Loop  (cost=2571.83..716146.10 rows=9 width=58) (actual time=12087.615..12087.621 rows=0 loops=1)
         Buffers: shared hit=1141868 read=407065
         ->  Nested Loop  (cost=2571.69..716144.71 rows=9 width=18) (actual time=12087.615..12087.620 rows=0 loops=1)
               Buffers: shared hit=1141868 read=407065
               ->  Nested Loop  (cost=2571.27..716027.25 rows=164 width=22) (actual time=27.519..11976.647 rows=3482 loops=1)
                     Buffers: shared hit=1130327 read=404966
                     ->  Nested Loop  (cost=2570.84..715010.66 rows=1528 width=26) (actual time=21.683..11121.417 rows=32483 loops=1)
                           Buffers: shared hit=1004838 read=400523
                           ->  Nested Loop  (cost=2570.55..712671.62 rows=9167 width=30) (actual time=21.542..10816.047 rows=237759 loops=1)
                                 Buffers: shared hit=983250 read=400523
                                 ->  Hash Join  (cost=2570.12..706541.62 rows=9167 width=22) (actual time=21.494..5144.508 rows=242522 loops=1)
                                       Hash Cond: (catalog_returns.cr_returned_date_sk = date_dim.d_date_sk)
                                       Buffers: shared hit=32383 read=400354
                                       ->  Seq Scan on catalog_returns  (cost=0.00..647267.12 rows=21600412 width=26) (actual time=0.041..3387.432 rows=21598628 loops=1)
                                             Buffers: shared hit=30909 read=400354
                                       ->  Hash  (cost=2569.73..2569.73 rows=31 width=4) (actual time=21.426..21.427 rows=31 loops=1)
                                             Buckets: 1024  Batches: 1  Memory Usage: 10kB
                                             Buffers: shared hit=1474
                                             ->  Seq Scan on date_dim  (cost=0.00..2569.73 rows=31 width=4) (actual time=10.490..21.414 rows=31 loops=1)
                                                   Filter: ((d_year = 1998) AND (d_moy = 8))
                                                   Rows Removed by Filter: 73018
                                                   Buffers: shared hit=1474
                                 ->  Index Scan using customer_pkey on customer  (cost=0.43..0.67 rows=1 width=16) (actual time=0.023..0.023 rows=1 loops=242522)
                                       Index Cond: (c_customer_sk = catalog_returns.cr_returning_customer_sk)
                                       Buffers: shared hit=950867 read=169
                           ->  Memoize  (cost=0.29..0.31 rows=1 width=4) (actual time=0.001..0.001 rows=0 loops=237759)
                                 Cache Key: customer.c_current_hdemo_sk
                                 Cache Mode: logical
                                 Hits: 230562  Misses: 7197  Evictions: 0  Overflows: 0  Memory Usage: 521kB
                                 Buffers: shared hit=21588
                                 ->  Index Scan using household_demographics_pkey on household_demographics  (cost=0.28..0.30 rows=1 width=4) (actual time=0.017..0.017 rows=0 loops=7197)
                                       Index Cond: (hd_demo_sk = customer.c_current_hdemo_sk)
                                       Filter: (hd_buy_potential ~~ '1001-5000%'::text)
                                       Rows Removed by Filter: 1
                                       Buffers: shared hit=21588
                     ->  Index Scan using customer_address_pkey on customer_address  (cost=0.42..0.67 rows=1 width=4) (actual time=0.026..0.026 rows=0 loops=32483)
                           Index Cond: (ca_address_sk = customer.c_current_addr_sk)
                           Filter: (ca_gmt_offset = '-7'::numeric)
                           Rows Removed by Filter: 1
                           Buffers: shared hit=125489 read=4443
               ->  Index Scan using customer_demographics_pkey on customer_demographics  (cost=0.43..0.72 rows=1 width=4) (actual time=0.031..0.031 rows=0 loops=3482)
                     Index Cond: (cd_demo_sk = customer.c_current_cdemo_sk)
                     Filter: (((cd_marital_status = 'M'::bpchar) AND (cd_education_status = 'Unknown'::bpchar)) OR ((cd_marital_status = 'W'::bpchar) AND (cd_education_status = 'Advanced Degree'::bpchar)))
                     Rows Removed by Filter: 1
                     Buffers: shared hit=11541 read=2099
         ->  Index Scan using call_center_pkey on call_center  (cost=0.14..0.16 rows=1 width=48) (never executed)
               Index Cond: (cc_call_center_sk = catalog_returns.cr_call_center_sk)
 Planning:
   Buffers: shared hit=415
 Planning Time: 3.118 ms
 Execution Time: 12088.239 ms
(53 rows)

