                                                                                                     QUERY PLAN                                                                                                     
--------------------------------------------------------------------------------------------------------------------------------------------------------------------------------------------------------------------
 Aggregate  (cost=715921.76..715921.77 rows=1 width=136) (actual time=9398.335..9398.342 rows=1 loops=1)
   Buffers: shared hit=681124 read=416066
   ->  Hash Join  (cost=2574.36..715921.22 rows=36 width=58) (actual time=25.705..9394.767 rows=1944 loops=1)
         Hash Cond: (catalog_returns.cr_call_center_sk = call_center.cc_call_center_sk)
         Buffers: shared hit=681124 read=416066
         ->  Nested Loop  (cost=2571.68..715918.44 rows=36 width=18) (actual time=25.598..9393.261 rows=1961 loops=1)
               Buffers: shared hit=681122 read=416066
               ->  Nested Loop  (cost=2571.26..715863.88 rows=82 width=22) (actual time=25.562..9295.315 rows=3604 loops=1)
                     Buffers: shared hit=667521 read=415251
                     ->  Nested Loop  (cost=2570.83..714805.30 rows=1478 width=26) (actual time=24.075..8670.466 rows=23837 loops=1)
                           Buffers: shared hit=581361 read=407711
                           ->  Nested Loop  (cost=2570.54..712473.67 rows=8871 width=30) (actual time=24.037..8448.914 rows=133698 loops=1)
                                 Buffers: shared hit=559818 read=407711
                                 ->  Hash Join  (cost=2570.11..706541.60 rows=8871 width=22) (actual time=23.975..5214.029 rows=136344 loops=1)
                                       Hash Cond: (catalog_returns.cr_returned_date_sk = date_dim.d_date_sk)
                                       Buffers: shared hit=25136 read=407601
                                       ->  Seq Scan on catalog_returns  (cost=0.00..647267.12 rows=21600412 width=26) (actual time=0.049..3509.275 rows=21598628 loops=1)
                                             Buffers: shared hit=25136 read=406127
                                       ->  Hash  (cost=2569.73..2569.73 rows=30 width=4) (actual time=23.894..23.895 rows=31 loops=1)
                                             Buckets: 1024  Batches: 1  Memory Usage: 10kB
                                             Buffers: shared read=1474
                                             ->  Seq Scan on date_dim  (cost=0.00..2569.73 rows=30 width=4) (actual time=14.068..23.879 rows=31 loops=1)
                                                   Filter: ((d_year = 1998) AND (d_moy = 5))
                                                   Rows Removed by Filter: 73018
                                                   Buffers: shared read=1474
                                 ->  Index Scan using customer_pkey on customer  (cost=0.43..0.67 rows=1 width=16) (actual time=0.023..0.023 rows=1 loops=136344)
                                       Index Cond: (c_customer_sk = catalog_returns.cr_returning_customer_sk)
                                       Buffers: shared hit=534682 read=110
                           ->  Memoize  (cost=0.29..0.31 rows=1 width=4) (actual time=0.001..0.001 rows=0 loops=133698)
                                 Cache Key: customer.c_current_hdemo_sk
                                 Cache Mode: logical
                                 Hits: 126516  Misses: 7182  Evictions: 0  Overflows: 0  Memory Usage: 519kB
                                 Buffers: shared hit=21543
                                 ->  Index Scan using household_demographics_pkey on household_demographics  (cost=0.28..0.30 rows=1 width=4) (actual time=0.016..0.016 rows=0 loops=7182)
                                       Index Cond: (hd_demo_sk = customer.c_current_hdemo_sk)
                                       Filter: (hd_buy_potential ~~ '>10000%'::text)
                                       Rows Removed by Filter: 1
                                       Buffers: shared hit=21543
                     ->  Index Scan using customer_demographics_pkey on customer_demographics  (cost=0.43..0.72 rows=1 width=4) (actual time=0.026..0.026 rows=0 loops=23837)
                           Index Cond: (cd_demo_sk = customer.c_current_cdemo_sk)
                           Filter: (((cd_marital_status = 'M'::bpchar) AND (cd_education_status = 'Unknown'::bpchar)) OR ((cd_marital_status = 'W'::bpchar) AND (cd_education_status = 'Advanced Degree'::bpchar)))
                           Rows Removed by Filter: 1
                           Buffers: shared hit=86160 read=7540
               ->  Index Scan using customer_address_pkey on customer_address  (cost=0.42..0.67 rows=1 width=4) (actual time=0.027..0.027 rows=1 loops=3604)
                     Index Cond: (ca_address_sk = customer.c_current_addr_sk)
                     Filter: (ca_gmt_offset = '-6'::numeric)
                     Rows Removed by Filter: 0
                     Buffers: shared hit=13601 read=815
         ->  Hash  (cost=2.30..2.30 rows=30 width=48) (actual time=0.081..0.081 rows=30 loops=1)
               Buckets: 1024  Batches: 1  Memory Usage: 11kB
               Buffers: shared hit=2
               ->  Seq Scan on call_center  (cost=0.00..2.30 rows=30 width=48) (actual time=0.029..0.050 rows=30 loops=1)
                     Buffers: shared hit=2
 Planning:
   Buffers: shared hit=384 read=31
 Planning Time: 4.782 ms
 Execution Time: 9399.137 ms
(57 rows)

