                                                                                                     QUERY PLAN                                                                                                     
--------------------------------------------------------------------------------------------------------------------------------------------------------------------------------------------------------------------
 Aggregate  (cost=715921.76..715921.77 rows=1 width=136) (actual time=7232.189..7232.195 rows=1 loops=1)
   Buffers: shared hit=414244 read=406616
   ->  Hash Join  (cost=2574.36..715921.22 rows=36 width=58) (actual time=7232.183..7232.190 rows=0 loops=1)
         Hash Cond: (catalog_returns.cr_call_center_sk = call_center.cc_call_center_sk)
         Buffers: shared hit=414244 read=406616
         ->  Nested Loop  (cost=2571.68..715918.44 rows=36 width=18) (actual time=7232.136..7232.141 rows=0 loops=1)
               Buffers: shared hit=414242 read=406616
               ->  Nested Loop  (cost=2571.26..715863.88 rows=82 width=22) (actual time=15.209..7218.851 rows=503 loops=1)
                     Buffers: shared hit=412358 read=406488
                     ->  Nested Loop  (cost=2570.83..714805.30 rows=1478 width=26) (actual time=12.191..6892.067 rows=12061 loops=1)
                           Buffers: shared hit=370505 read=400925
                           ->  Nested Loop  (cost=2570.54..712473.67 rows=8871 width=30) (actual time=11.794..6726.706 rows=79319 loops=1)
                                 Buffers: shared hit=349088 read=400925
                                 ->  Hash Join  (cost=2570.11..706541.60 rows=8871 width=22) (actual time=11.744..4945.429 rows=80947 loops=1)
                                       Hash Cond: (catalog_returns.cr_returned_date_sk = date_dim.d_date_sk)
                                       Buffers: shared hit=31956 read=400781
                                       ->  Seq Scan on catalog_returns  (cost=0.00..647267.12 rows=21600412 width=26) (actual time=0.019..3297.488 rows=21598628 loops=1)
                                             Buffers: shared hit=30482 read=400781
                                       ->  Hash  (cost=2569.73..2569.73 rows=30 width=4) (actual time=11.704..11.705 rows=30 loops=1)
                                             Buckets: 1024  Batches: 1  Memory Usage: 10kB
                                             Buffers: shared hit=1474
                                             ->  Seq Scan on date_dim  (cost=0.00..2569.73 rows=30 width=4) (actual time=5.340..11.694 rows=30 loops=1)
                                                   Filter: ((d_year = 1998) AND (d_moy = 4))
                                                   Rows Removed by Filter: 73019
                                                   Buffers: shared hit=1474
                                 ->  Index Scan using customer_pkey on customer  (cost=0.43..0.67 rows=1 width=16) (actual time=0.021..0.021 rows=1 loops=80947)
                                       Index Cond: (c_customer_sk = catalog_returns.cr_returning_customer_sk)
                                       Buffers: shared hit=317132 read=144
                           ->  Memoize  (cost=0.29..0.31 rows=1 width=4) (actual time=0.002..0.002 rows=0 loops=79319)
                                 Cache Key: customer.c_current_hdemo_sk
                                 Cache Mode: logical
                                 Hits: 72179  Misses: 7140  Evictions: 0  Overflows: 0  Memory Usage: 517kB
                                 Buffers: shared hit=21417
                                 ->  Index Scan using household_demographics_pkey on household_demographics  (cost=0.28..0.30 rows=1 width=4) (actual time=0.015..0.015 rows=0 loops=7140)
                                       Index Cond: (hd_demo_sk = customer.c_current_hdemo_sk)
                                       Filter: (hd_buy_potential ~~ '0-500%'::text)
                                       Rows Removed by Filter: 1
                                       Buffers: shared hit=21417
                     ->  Index Scan using customer_demographics_pkey on customer_demographics  (cost=0.43..0.72 rows=1 width=4) (actual time=0.027..0.027 rows=0 loops=12061)
                           Index Cond: (cd_demo_sk = customer.c_current_cdemo_sk)
                           Filter: (((cd_marital_status = 'M'::bpchar) AND (cd_education_status = 'Unknown'::bpchar)) OR ((cd_marital_status = 'W'::bpchar) AND (cd_education_status = 'Advanced Degree'::bpchar)))
                           Rows Removed by Filter: 1
                           Buffers: shared hit=41853 read=5563
               ->  Index Scan using customer_address_pkey on customer_address  (cost=0.42..0.67 rows=1 width=4) (actual time=0.026..0.026 rows=0 loops=503)
                     Index Cond: (ca_address_sk = customer.c_current_addr_sk)
                     Filter: (ca_gmt_offset = '-6'::numeric)
                     Rows Removed by Filter: 1
                     Buffers: shared hit=1884 read=128
         ->  Hash  (cost=2.30..2.30 rows=30 width=48) (actual time=0.037..0.038 rows=30 loops=1)
               Buckets: 1024  Batches: 1  Memory Usage: 11kB
               Buffers: shared hit=2
               ->  Seq Scan on call_center  (cost=0.00..2.30 rows=30 width=48) (actual time=0.013..0.025 rows=30 loops=1)
                     Buffers: shared hit=2
 Planning:
   Buffers: shared hit=415
 Planning Time: 1.744 ms
 Execution Time: 7232.597 ms
(57 rows)

