                                                                                                     QUERY PLAN                                                                                                     
--------------------------------------------------------------------------------------------------------------------------------------------------------------------------------------------------------------------
 Aggregate  (cost=716164.96..716164.97 rows=1 width=136) (actual time=11753.190..11753.197 rows=1 loops=1)
   Buffers: shared hit=1074052 read=419698
   ->  Hash Join  (cost=2574.37..716164.39 rows=38 width=58) (actual time=32.422..11747.610 rows=3162 loops=1)
         Hash Cond: (catalog_returns.cr_call_center_sk = call_center.cc_call_center_sk)
         Buffers: shared hit=1074052 read=419698
         ->  Nested Loop  (cost=2571.69..716161.60 rows=38 width=18) (actual time=32.324..11745.378 rows=3197 loops=1)
               Buffers: shared hit=1074050 read=419698
               ->  Nested Loop  (cost=2571.27..716105.05 rows=85 width=22) (actual time=32.291..11581.612 rows=5882 loops=1)
                     Buffers: shared hit=1052722 read=417498
                     ->  Nested Loop  (cost=2570.84..715010.66 rows=1528 width=26) (actual time=32.249..10584.492 rows=38525 loops=1)
                           Buffers: shared hit=910562 read=408182
                           ->  Nested Loop  (cost=2570.55..712671.62 rows=9167 width=30) (actual time=32.221..10313.964 rows=216107 loops=1)
                                 Buffers: shared hit=888983 read=408182
                                 ->  Hash Join  (cost=2570.12..706541.62 rows=9167 width=22) (actual time=32.168..5205.439 rows=220552 loops=1)
                                       Hash Cond: (catalog_returns.cr_returned_date_sk = date_dim.d_date_sk)
                                       Buffers: shared hit=25004 read=407733
                                       ->  Seq Scan on catalog_returns  (cost=0.00..647267.12 rows=21600412 width=26) (actual time=0.143..3428.015 rows=21598628 loops=1)
                                             Buffers: shared hit=23530 read=407733
                                       ->  Hash  (cost=2569.73..2569.73 rows=31 width=4) (actual time=18.785..18.786 rows=31 loops=1)
                                             Buckets: 1024  Batches: 1  Memory Usage: 10kB
                                             Buffers: shared hit=1474
                                             ->  Seq Scan on date_dim  (cost=0.00..2569.73 rows=31 width=4) (actual time=8.485..18.759 rows=31 loops=1)
                                                   Filter: ((d_year = 1998) AND (d_moy = 10))
                                                   Rows Removed by Filter: 73018
                                                   Buffers: shared hit=1474
                                 ->  Index Scan using customer_pkey on customer  (cost=0.43..0.67 rows=1 width=16) (actual time=0.023..0.023 rows=1 loops=220552)
                                       Index Cond: (c_customer_sk = catalog_returns.cr_returning_customer_sk)
                                       Buffers: shared hit=863979 read=449
                           ->  Memoize  (cost=0.29..0.31 rows=1 width=4) (actual time=0.001..0.001 rows=0 loops=216107)
                                 Cache Key: customer.c_current_hdemo_sk
                                 Cache Mode: logical
                                 Hits: 208913  Misses: 7194  Evictions: 0  Overflows: 0  Memory Usage: 520kB
                                 Buffers: shared hit=21579
                                 ->  Index Scan using household_demographics_pkey on household_demographics  (cost=0.28..0.30 rows=1 width=4) (actual time=0.014..0.014 rows=0 loops=7194)
                                       Index Cond: (hd_demo_sk = customer.c_current_hdemo_sk)
                                       Filter: (hd_buy_potential ~~ '>10000%'::text)
                                       Rows Removed by Filter: 1
                                       Buffers: shared hit=21579
                     ->  Index Scan using customer_demographics_pkey on customer_demographics  (cost=0.43..0.72 rows=1 width=4) (actual time=0.025..0.025 rows=0 loops=38525)
                           Index Cond: (cd_demo_sk = customer.c_current_cdemo_sk)
                           Filter: (((cd_marital_status = 'M'::bpchar) AND (cd_education_status = 'Unknown'::bpchar)) OR ((cd_marital_status = 'W'::bpchar) AND (cd_education_status = 'Advanced Degree'::bpchar)))
                           Rows Removed by Filter: 1
                           Buffers: shared hit=142160 read=9316
               ->  Index Scan using customer_address_pkey on customer_address  (cost=0.42..0.67 rows=1 width=4) (actual time=0.027..0.027 rows=1 loops=5882)
                     Index Cond: (ca_address_sk = customer.c_current_addr_sk)
                     Filter: (ca_gmt_offset = '-6'::numeric)
                     Rows Removed by Filter: 0
                     Buffers: shared hit=21328 read=2200
         ->  Hash  (cost=2.30..2.30 rows=30 width=48) (actual time=0.073..0.073 rows=30 loops=1)
               Buckets: 1024  Batches: 1  Memory Usage: 11kB
               Buffers: shared hit=2
               ->  Seq Scan on call_center  (cost=0.00..2.30 rows=30 width=48) (actual time=0.028..0.049 rows=30 loops=1)
                     Buffers: shared hit=2
 Planning:
   Buffers: shared hit=415
 Planning Time: 4.895 ms
 Execution Time: 11753.988 ms
(57 rows)

