                                                                                                  QUERY PLAN                                                                                                  
--------------------------------------------------------------------------------------------------------------------------------------------------------------------------------------------------------------
 Aggregate  (cost=716146.24..716146.25 rows=1 width=136) (actual time=12846.548..12846.554 rows=1 loops=1)
   Buffers: shared hit=1220735 read=427457
   ->  Nested Loop  (cost=2571.83..716146.10 rows=9 width=58) (actual time=421.283..12845.521 rows=309 loops=1)
         Buffers: shared hit=1220735 read=427457
         ->  Nested Loop  (cost=2571.69..716144.71 rows=9 width=18) (actual time=421.269..12840.813 rows=313 loops=1)
               Buffers: shared hit=1220117 read=427457
               ->  Nested Loop  (cost=2571.27..716027.25 rows=164 width=22) (actual time=374.013..12728.893 rows=4435 loops=1)
                     Buffers: shared hit=1203668 read=426466
                     ->  Nested Loop  (cost=2570.84..715010.66 rows=1528 width=26) (actual time=349.650..11545.417 rows=44644 loops=1)
                           Buffers: shared hit=1039714 read=411844
                           ->  Nested Loop  (cost=2570.55..712671.62 rows=9167 width=30) (actual time=349.069..11241.840 rows=249306 loops=1)
                                 Buffers: shared hit=1018117 read=411844
                                 ->  Hash Join  (cost=2570.12..706541.62 rows=9167 width=22) (actual time=349.022..5392.025 rows=254456 loops=1)
                                       Hash Cond: (catalog_returns.cr_returned_date_sk = date_dim.d_date_sk)
                                       Buffers: shared hit=21276 read=411461
                                       ->  Seq Scan on catalog_returns  (cost=0.00..647267.12 rows=21600412 width=26) (actual time=0.894..3591.316 rows=21598628 loops=1)
                                             Buffers: shared hit=19802 read=411461
                                       ->  Hash  (cost=2569.73..2569.73 rows=31 width=4) (actual time=20.377..20.378 rows=31 loops=1)
                                             Buckets: 1024  Batches: 1  Memory Usage: 10kB
                                             Buffers: shared hit=1474
                                             ->  Seq Scan on date_dim  (cost=0.00..2569.73 rows=31 width=4) (actual time=8.971..20.362 rows=31 loops=1)
                                                   Filter: ((d_year = 1999) AND (d_moy = 3))
                                                   Rows Removed by Filter: 73018
                                                   Buffers: shared hit=1474
                                 ->  Index Scan using customer_pkey on customer  (cost=0.43..0.67 rows=1 width=16) (actual time=0.022..0.022 rows=1 loops=254456)
                                       Index Cond: (c_customer_sk = catalog_returns.cr_returning_customer_sk)
                                       Buffers: shared hit=996841 read=383
                           ->  Memoize  (cost=0.29..0.31 rows=1 width=4) (actual time=0.001..0.001 rows=0 loops=249306)
                                 Cache Key: customer.c_current_hdemo_sk
                                 Cache Mode: logical
                                 Hits: 242106  Misses: 7200  Evictions: 0  Overflows: 0  Memory Usage: 521kB
                                 Buffers: shared hit=21597
                                 ->  Index Scan using household_demographics_pkey on household_demographics  (cost=0.28..0.30 rows=1 width=4) (actual time=0.015..0.015 rows=0 loops=7200)
                                       Index Cond: (hd_demo_sk = customer.c_current_hdemo_sk)
                                       Filter: (hd_buy_potential ~~ '>10000%'::text)
                                       Rows Removed by Filter: 1
                                       Buffers: shared hit=21597
                     ->  Index Scan using customer_address_pkey on customer_address  (cost=0.42..0.67 rows=1 width=4) (actual time=0.026..0.026 rows=0 loops=44644)
                           Index Cond: (ca_address_sk = customer.c_current_addr_sk)
                           Filter: (ca_gmt_offset = '-7'::numeric)
                           Rows Removed by Filter: 1
                           Buffers: shared hit=163954 read=14622
               ->  Index Scan using customer_demographics_pkey on customer_demographics  (cost=0.43..0.72 rows=1 width=4) (actual time=0.025..0.025 rows=0 loops=4435)
                     Index Cond: (cd_demo_sk = customer.c_current_cdemo_sk)
                     Filter: (((cd_marital_status = 'M'::bpchar) AND (cd_education_status = 'Unknown'::bpchar)) OR ((cd_marital_status = 'W'::bpchar) AND (cd_education_status = 'Advanced Degree'::bpchar)))
                     Rows Removed by Filter: 1
                     Buffers: shared hit=16449 read=991
         ->  Index Scan using call_center_pkey on call_center  (cost=0.14..0.16 rows=1 width=48) (actual time=0.013..0.013 rows=1 loops=313)
               Index Cond: (cc_call_center_sk = catalog_returns.cr_call_center_sk)
               Buffers: shared hit=618
 Planning:
   Buffers: shared hit=415
 Planning Time: 4.151 ms
 Execution Time: 12847.172 ms
(54 rows)

