                                                                                                  QUERY PLAN                                                                                                  
--------------------------------------------------------------------------------------------------------------------------------------------------------------------------------------------------------------
 Aggregate  (cost=715903.32..715903.33 rows=1 width=136) (actual time=12591.498..12591.504 rows=1 loops=1)
   Buffers: shared hit=1211420 read=411059
   ->  Nested Loop  (cost=2571.82..715903.18 rows=9 width=58) (actual time=1169.776..12590.490 rows=280 loops=1)
         Buffers: shared hit=1211420 read=411059
         ->  Nested Loop  (cost=2571.68..715901.79 rows=9 width=18) (actual time=1169.753..12587.242 rows=281 loops=1)
               Buffers: shared hit=1210860 read=411059
               ->  Nested Loop  (cost=2571.25..715788.62 rows=158 width=22) (actual time=1063.284..12504.906 rows=3055 loops=1)
                     Buffers: shared hit=1200593 read=409318
                     ->  Nested Loop  (cost=2570.83..714805.30 rows=1478 width=26) (actual time=1057.078..11501.876 rows=41209 loops=1)
                           Buffers: shared hit=1044667 read=400408
                           ->  Nested Loop  (cost=2570.54..712473.67 rows=8871 width=30) (actual time=1053.058..11214.588 rows=247689 loops=1)
                                 Buffers: shared hit=1023085 read=400408
                                 ->  Hash Join  (cost=2570.11..706541.60 rows=8871 width=22) (actual time=1053.011..5478.641 rows=252693 loops=1)
                                       Hash Cond: (catalog_returns.cr_returned_date_sk = date_dim.d_date_sk)
                                       Buffers: shared hit=32721 read=400016
                                       ->  Seq Scan on catalog_returns  (cost=0.00..647267.12 rows=21600412 width=26) (actual time=0.184..3616.750 rows=21598628 loops=1)
                                             Buffers: shared hit=31247 read=400016
                                       ->  Hash  (cost=2569.73..2569.73 rows=30 width=4) (actual time=24.420..24.421 rows=31 loops=1)
                                             Buckets: 1024  Batches: 1  Memory Usage: 10kB
                                             Buffers: shared hit=1474
                                             ->  Seq Scan on date_dim  (cost=0.00..2569.73 rows=30 width=4) (actual time=13.316..24.400 rows=31 loops=1)
                                                   Filter: ((d_year = 2000) AND (d_moy = 5))
                                                   Rows Removed by Filter: 73018
                                                   Buffers: shared hit=1474
                                 ->  Index Scan using customer_pkey on customer  (cost=0.43..0.67 rows=1 width=16) (actual time=0.022..0.022 rows=1 loops=252693)
                                       Index Cond: (c_customer_sk = catalog_returns.cr_returning_customer_sk)
                                       Buffers: shared hit=990364 read=392
                           ->  Memoize  (cost=0.29..0.31 rows=1 width=4) (actual time=0.001..0.001 rows=0 loops=247689)
                                 Cache Key: customer.c_current_hdemo_sk
                                 Cache Mode: logical
                                 Hits: 240494  Misses: 7195  Evictions: 0  Overflows: 0  Memory Usage: 520kB
                                 Buffers: shared hit=21582
                                 ->  Index Scan using household_demographics_pkey on household_demographics  (cost=0.28..0.30 rows=1 width=4) (actual time=0.013..0.013 rows=0 loops=7195)
                                       Index Cond: (hd_demo_sk = customer.c_current_hdemo_sk)
                                       Filter: (hd_buy_potential ~~ '501-1000%'::text)
                                       Rows Removed by Filter: 1
                                       Buffers: shared hit=21582
                     ->  Index Scan using customer_address_pkey on customer_address  (cost=0.42..0.67 rows=1 width=4) (actual time=0.024..0.024 rows=0 loops=41209)
                           Index Cond: (ca_address_sk = customer.c_current_addr_sk)
                           Filter: (ca_gmt_offset = '-7'::numeric)
                           Rows Removed by Filter: 1
                           Buffers: shared hit=155926 read=8910
               ->  Index Scan using customer_demographics_pkey on customer_demographics  (cost=0.43..0.72 rows=1 width=4) (actual time=0.026..0.026 rows=0 loops=3055)
                     Index Cond: (cd_demo_sk = customer.c_current_cdemo_sk)
                     Filter: (((cd_marital_status = 'M'::bpchar) AND (cd_education_status = 'Unknown'::bpchar)) OR ((cd_marital_status = 'W'::bpchar) AND (cd_education_status = 'Advanced Degree'::bpchar)))
                     Rows Removed by Filter: 1
                     Buffers: shared hit=10267 read=1741
         ->  Index Scan using call_center_pkey on call_center  (cost=0.14..0.16 rows=1 width=48) (actual time=0.010..0.010 rows=1 loops=281)
               Index Cond: (cc_call_center_sk = catalog_returns.cr_call_center_sk)
               Buffers: shared hit=560
 Planning:
   Buffers: shared hit=415
 Planning Time: 4.316 ms
 Execution Time: 12592.233 ms
(54 rows)

