                                                                                                     QUERY PLAN                                                                                                     
--------------------------------------------------------------------------------------------------------------------------------------------------------------------------------------------------------------------
 Aggregate  (cost=716164.96..716164.97 rows=1 width=136) (actual time=15351.641..15351.648 rows=1 loops=1)
   Buffers: shared hit=1566260 read=445912
   ->  Hash Join  (cost=2574.37..716164.39 rows=38 width=58) (actual time=1701.162..15343.038 rows=4649 loops=1)
         Hash Cond: (catalog_returns.cr_call_center_sk = call_center.cc_call_center_sk)
         Buffers: shared hit=1566260 read=445912
         ->  Nested Loop  (cost=2571.69..716161.60 rows=38 width=18) (actual time=1701.117..15339.701 rows=4690 loops=1)
               Buffers: shared hit=1566258 read=445912
               ->  Nested Loop  (cost=2571.27..716105.05 rows=85 width=22) (actual time=1701.080..15187.558 rows=6007 loops=1)
                     Buffers: shared hit=1543177 read=444965
                     ->  Nested Loop  (cost=2570.84..715010.66 rows=1528 width=26) (actual time=1691.301..13760.284 rows=55806 loops=1)
                           Buffers: shared hit=1349716 read=419002
                           ->  Nested Loop  (cost=2570.55..712671.62 rows=9167 width=30) (actual time=1691.280..13410.148 rows=328596 loops=1)
                                 Buffers: shared hit=1328119 read=419002
                                 ->  Hash Join  (cost=2570.12..706541.62 rows=9167 width=22) (actual time=1691.236..5596.090 rows=335231 loops=1)
                                       Hash Cond: (catalog_returns.cr_returned_date_sk = date_dim.d_date_sk)
                                       Buffers: shared hit=14105 read=418632
                                       ->  Seq Scan on catalog_returns  (cost=0.00..647267.12 rows=21600412 width=26) (actual time=0.261..3681.118 rows=21598628 loops=1)
                                             Buffers: shared hit=12631 read=418632
                                       ->  Hash  (cost=2569.73..2569.73 rows=31 width=4) (actual time=11.469..11.470 rows=31 loops=1)
                                             Buckets: 1024  Batches: 1  Memory Usage: 10kB
                                             Buffers: shared hit=1474
                                             ->  Seq Scan on date_dim  (cost=0.00..2569.73 rows=31 width=4) (actual time=5.684..11.457 rows=31 loops=1)
                                                   Filter: ((d_year = 2001) AND (d_moy = 3))
                                                   Rows Removed by Filter: 73018
                                                   Buffers: shared hit=1474
                                 ->  Index Scan using customer_pkey on customer  (cost=0.43..0.67 rows=1 width=16) (actual time=0.023..0.023 rows=1 loops=335231)
                                       Index Cond: (c_customer_sk = catalog_returns.cr_returning_customer_sk)
                                       Buffers: shared hit=1314014 read=370
                           ->  Memoize  (cost=0.29..0.31 rows=1 width=4) (actual time=0.001..0.001 rows=0 loops=328596)
                                 Cache Key: customer.c_current_hdemo_sk
                                 Cache Mode: logical
                                 Hits: 321396  Misses: 7200  Evictions: 0  Overflows: 0  Memory Usage: 521kB
                                 Buffers: shared hit=21597
                                 ->  Index Scan using household_demographics_pkey on household_demographics  (cost=0.28..0.30 rows=1 width=4) (actual time=0.013..0.013 rows=0 loops=7200)
                                       Index Cond: (hd_demo_sk = customer.c_current_hdemo_sk)
                                       Filter: (hd_buy_potential ~~ 'Unknown%'::text)
                                       Rows Removed by Filter: 1
                                       Buffers: shared hit=21597
                     ->  Index Scan using customer_demographics_pkey on customer_demographics  (cost=0.43..0.72 rows=1 width=4) (actual time=0.025..0.025 rows=0 loops=55806)
                           Index Cond: (cd_demo_sk = customer.c_current_cdemo_sk)
                           Filter: (((cd_marital_status = 'M'::bpchar) AND (cd_education_status = 'Unknown'::bpchar)) OR ((cd_marital_status = 'W'::bpchar) AND (cd_education_status = 'Advanced Degree'::bpchar)))
                           Rows Removed by Filter: 1
                           Buffers: shared hit=193461 read=25963
               ->  Index Scan using customer_address_pkey on customer_address  (cost=0.42..0.67 rows=1 width=4) (actual time=0.025..0.025 rows=1 loops=6007)
                     Index Cond: (ca_address_sk = customer.c_current_addr_sk)
                     Filter: (ca_gmt_offset = '-6'::numeric)
                     Rows Removed by Filter: 0
                     Buffers: shared hit=23081 read=947
         ->  Hash  (cost=2.30..2.30 rows=30 width=48) (actual time=0.031..0.032 rows=30 loops=1)
               Buckets: 1024  Batches: 1  Memory Usage: 11kB
               Buffers: shared hit=2
               ->  Seq Scan on call_center  (cost=0.00..2.30 rows=30 width=48) (actual time=0.013..0.022 rows=30 loops=1)
                     Buffers: shared hit=2
 Planning:
   Buffers: shared hit=415
 Planning Time: 1.691 ms
 Execution Time: 15352.048 ms
(57 rows)

