                                                                                                  QUERY PLAN                                                                                                  
--------------------------------------------------------------------------------------------------------------------------------------------------------------------------------------------------------------
 Aggregate  (cost=716146.24..716146.25 rows=1 width=136) (actual time=11475.427..11475.432 rows=1 loops=1)
   Buffers: shared hit=1042596 read=414828
   ->  Nested Loop  (cost=2571.83..716146.10 rows=9 width=58) (actual time=31.475..11473.920 rows=540 loops=1)
         Buffers: shared hit=1042596 read=414828
         ->  Nested Loop  (cost=2571.69..716144.71 rows=9 width=18) (actual time=31.460..11465.484 rows=546 loops=1)
               Buffers: shared hit=1041516 read=414828
               ->  Nested Loop  (cost=2571.27..716027.25 rows=164 width=22) (actual time=22.225..11358.876 rows=3776 loops=1)
                     Buffers: shared hit=1027829 read=413651
                     ->  Nested Loop  (cost=2570.84..715010.66 rows=1528 width=26) (actual time=20.297..10522.701 rows=33475 loops=1)
                           Buffers: shared hit=899395 read=408185
                           ->  Nested Loop  (cost=2570.55..712671.62 rows=9167 width=30) (actual time=19.593..10237.059 rows=213316 loops=1)
                                 Buffers: shared hit=877816 read=408185
                                 ->  Hash Join  (cost=2570.12..706541.62 rows=9167 width=22) (actual time=19.538..5176.779 rows=217679 loops=1)
                                       Hash Cond: (catalog_returns.cr_returned_date_sk = date_dim.d_date_sk)
                                       Buffers: shared hit=24698 read=408039
                                       ->  Seq Scan on catalog_returns  (cost=0.00..647267.12 rows=21600412 width=26) (actual time=0.151..3429.429 rows=21598628 loops=1)
                                             Buffers: shared hit=23224 read=408039
                                       ->  Hash  (cost=2569.73..2569.73 rows=31 width=4) (actual time=19.353..19.354 rows=31 loops=1)
                                             Buckets: 1024  Batches: 1  Memory Usage: 10kB
                                             Buffers: shared hit=1474
                                             ->  Seq Scan on date_dim  (cost=0.00..2569.73 rows=31 width=4) (actual time=10.773..19.339 rows=31 loops=1)
                                                   Filter: ((d_year = 1998) AND (d_moy = 7))
                                                   Rows Removed by Filter: 73018
                                                   Buffers: shared hit=1474
                                 ->  Index Scan using customer_pkey on customer  (cost=0.43..0.67 rows=1 width=16) (actual time=0.023..0.023 rows=1 loops=217679)
                                       Index Cond: (c_customer_sk = catalog_returns.cr_returning_customer_sk)
                                       Buffers: shared hit=853118 read=146
                           ->  Memoize  (cost=0.29..0.31 rows=1 width=4) (actual time=0.001..0.001 rows=0 loops=213316)
                                 Cache Key: customer.c_current_hdemo_sk
                                 Cache Mode: logical
                                 Hits: 206122  Misses: 7194  Evictions: 0  Overflows: 0  Memory Usage: 520kB
                                 Buffers: shared hit=21579
                                 ->  Index Scan using household_demographics_pkey on household_demographics  (cost=0.28..0.30 rows=1 width=4) (actual time=0.017..0.017 rows=0 loops=7194)
                                       Index Cond: (hd_demo_sk = customer.c_current_hdemo_sk)
                                       Filter: (hd_buy_potential ~~ '5001-10000%'::text)
                                       Rows Removed by Filter: 1
                                       Buffers: shared hit=21579
                     ->  Index Scan using customer_address_pkey on customer_address  (cost=0.42..0.67 rows=1 width=4) (actual time=0.025..0.025 rows=0 loops=33475)
                           Index Cond: (ca_address_sk = customer.c_current_addr_sk)
                           Filter: (ca_gmt_offset = '-7'::numeric)
                           Rows Removed by Filter: 1
                           Buffers: shared hit=128434 read=5466
               ->  Index Scan using customer_demographics_pkey on customer_demographics  (cost=0.43..0.72 rows=1 width=4) (actual time=0.028..0.028 rows=0 loops=3776)
                     Index Cond: (cd_demo_sk = customer.c_current_cdemo_sk)
                     Filter: (((cd_marital_status = 'M'::bpchar) AND (cd_education_status = 'Unknown'::bpchar)) OR ((cd_marital_status = 'W'::bpchar) AND (cd_education_status = 'Advanced Degree'::bpchar)))
                     Rows Removed by Filter: 1
                     Buffers: shared hit=13687 read=1177
         ->  Index Scan using call_center_pkey on call_center  (cost=0.14..0.16 rows=1 width=48) (actual time=0.014..0.014 rows=1 loops=546)
               Index Cond: (cc_call_center_sk = catalog_returns.cr_call_center_sk)
               Buffers: shared hit=1080
 Planning:
   Buffers: shared hit=415
 Planning Time: 4.203 ms
 Execution Time: 11476.169 ms
(54 rows)

