                                                                                                     QUERY PLAN                                                                                                     
--------------------------------------------------------------------------------------------------------------------------------------------------------------------------------------------------------------------
 Aggregate  (cost=716164.96..716164.97 rows=1 width=136) (actual time=12504.063..12504.070 rows=1 loops=1)
   Buffers: shared hit=1201381 read=417971
   ->  Hash Join  (cost=2574.37..716164.39 rows=38 width=58) (actual time=12504.058..12504.064 rows=0 loops=1)
         Hash Cond: (catalog_returns.cr_call_center_sk = call_center.cc_call_center_sk)
         Buffers: shared hit=1201381 read=417971
         ->  Nested Loop  (cost=2571.69..716161.60 rows=38 width=18) (actual time=12503.955..12503.960 rows=0 loops=1)
               Buffers: shared hit=1201379 read=417971
               ->  Nested Loop  (cost=2571.27..716105.05 rows=85 width=22) (actual time=338.791..12477.766 rows=928 loops=1)
                     Buffers: shared hit=1197919 read=417719
                     ->  Nested Loop  (cost=2570.84..715010.66 rows=1528 width=26) (actual time=334.797..11412.600 rows=41764 loops=1)
                           Buffers: shared hit=1041215 read=410343
                           ->  Nested Loop  (cost=2570.55..712671.62 rows=9167 width=30) (actual time=330.576..11126.252 rows=249306 loops=1)
                                 Buffers: shared hit=1019618 read=410343
                                 ->  Hash Join  (cost=2570.12..706541.62 rows=9167 width=22) (actual time=330.539..5299.204 rows=254456 loops=1)
                                       Hash Cond: (catalog_returns.cr_returned_date_sk = date_dim.d_date_sk)
                                       Buffers: shared hit=22528 read=410209
                                       ->  Seq Scan on catalog_returns  (cost=0.00..647267.12 rows=21600412 width=26) (actual time=0.042..3560.519 rows=21598628 loops=1)
                                             Buffers: shared hit=22365 read=408898
                                       ->  Hash  (cost=2569.73..2569.73 rows=31 width=4) (actual time=23.223..23.224 rows=31 loops=1)
                                             Buckets: 1024  Batches: 1  Memory Usage: 10kB
                                             Buffers: shared hit=163 read=1311
                                             ->  Seq Scan on date_dim  (cost=0.00..2569.73 rows=31 width=4) (actual time=13.882..23.207 rows=31 loops=1)
                                                   Filter: ((d_year = 1999) AND (d_moy = 3))
                                                   Rows Removed by Filter: 73018
                                                   Buffers: shared hit=163 read=1311
                                 ->  Index Scan using customer_pkey on customer  (cost=0.43..0.67 rows=1 width=16) (actual time=0.022..0.022 rows=1 loops=254456)
                                       Index Cond: (c_customer_sk = catalog_returns.cr_returning_customer_sk)
                                       Buffers: shared hit=997090 read=134
                           ->  Memoize  (cost=0.29..0.31 rows=1 width=4) (actual time=0.001..0.001 rows=0 loops=249306)
                                 Cache Key: customer.c_current_hdemo_sk
                                 Cache Mode: logical
                                 Hits: 242106  Misses: 7200  Evictions: 0  Overflows: 0  Memory Usage: 521kB
                                 Buffers: shared hit=21597
                                 ->  Index Scan using household_demographics_pkey on household_demographics  (cost=0.28..0.30 rows=1 width=4) (actual time=0.014..0.014 rows=0 loops=7200)
                                       Index Cond: (hd_demo_sk = customer.c_current_hdemo_sk)
                                       Filter: (hd_buy_potential ~~ '501-1000%'::text)
                                       Rows Removed by Filter: 1
                                       Buffers: shared hit=21597
                     ->  Index Scan using customer_demographics_pkey on customer_demographics  (cost=0.43..0.72 rows=1 width=4) (actual time=0.025..0.025 rows=0 loops=41764)
                           Index Cond: (cd_demo_sk = customer.c_current_cdemo_sk)
                           Filter: (((cd_marital_status = 'M'::bpchar) AND (cd_education_status = 'Unknown'::bpchar)) OR ((cd_marital_status = 'W'::bpchar) AND (cd_education_status = 'Advanced Degree'::bpchar)))
                           Rows Removed by Filter: 1
                           Buffers: shared hit=156704 read=7376
               ->  Index Scan using customer_address_pkey on customer_address  (cost=0.42..0.67 rows=1 width=4) (actual time=0.028..0.028 rows=0 loops=928)
                     Index Cond: (ca_address_sk = customer.c_current_addr_sk)
                     Filter: (ca_gmt_offset = '-6'::numeric)
                     Rows Removed by Filter: 1
                     Buffers: shared hit=3460 read=252
         ->  Hash  (cost=2.30..2.30 rows=30 width=48) (actual time=0.078..0.079 rows=30 loops=1)
               Buckets: 1024  Batches: 1  Memory Usage: 11kB
               Buffers: shared hit=2
               ->  Seq Scan on call_center  (cost=0.00..2.30 rows=30 width=48) (actual time=0.028..0.049 rows=30 loops=1)
                     Buffers: shared hit=2
 Planning:
   Buffers: shared hit=384 read=31
 Planning Time: 4.765 ms
 Execution Time: 12504.860 ms
(57 rows)

