                                                                                                     QUERY PLAN                                                                                                     
--------------------------------------------------------------------------------------------------------------------------------------------------------------------------------------------------------------------
 Aggregate  (cost=716164.96..716164.97 rows=1 width=136) (actual time=12443.310..12443.318 rows=1 loops=1)
   Buffers: shared hit=1206553 read=418792
   ->  Hash Join  (cost=2574.37..716164.39 rows=38 width=58) (actual time=1299.813..12438.436 rows=2341 loops=1)
         Hash Cond: (catalog_returns.cr_call_center_sk = call_center.cc_call_center_sk)
         Buffers: shared hit=1206553 read=418792
         ->  Nested Loop  (cost=2571.69..716161.60 rows=38 width=18) (actual time=1299.710..12436.453 rows=2358 loops=1)
               Buffers: shared hit=1206551 read=418792
               ->  Nested Loop  (cost=2571.27..716105.05 rows=85 width=22) (actual time=1299.671..12358.074 rows=2810 loops=1)
                     Buffers: shared hit=1195881 read=418222
                     ->  Nested Loop  (cost=2570.84..715010.66 rows=1528 width=26) (actual time=1296.371..11502.564 rows=34986 loops=1)
                           Buffers: shared hit=1067195 read=409540
                           ->  Nested Loop  (cost=2570.55..712671.62 rows=9167 width=30) (actual time=1293.847..11207.632 rows=255601 loops=1)
                                 Buffers: shared hit=1045601 read=409540
                                 ->  Hash Join  (cost=2570.12..706541.62 rows=9167 width=22) (actual time=1293.798..5275.326 rows=260972 loops=1)
                                       Hash Cond: (catalog_returns.cr_returned_date_sk = date_dim.d_date_sk)
                                       Buffers: shared hit=23238 read=409499
                                       ->  Seq Scan on catalog_returns  (cost=0.00..647267.12 rows=21600412 width=26) (actual time=0.034..3464.561 rows=21598628 loops=1)
                                             Buffers: shared hit=21764 read=409499
                                       ->  Hash  (cost=2569.73..2569.73 rows=31 width=4) (actual time=23.413..23.415 rows=31 loops=1)
                                             Buckets: 1024  Batches: 1  Memory Usage: 10kB
                                             Buffers: shared hit=1474
                                             ->  Seq Scan on date_dim  (cost=0.00..2569.73 rows=31 width=4) (actual time=10.775..23.396 rows=31 loops=1)
                                                   Filter: ((d_year = 2000) AND (d_moy = 10))
                                                   Rows Removed by Filter: 73018
                                                   Buffers: shared hit=1474
                                 ->  Index Scan using customer_pkey on customer  (cost=0.43..0.67 rows=1 width=16) (actual time=0.022..0.022 rows=1 loops=260972)
                                       Index Cond: (c_customer_sk = catalog_returns.cr_returning_customer_sk)
                                       Buffers: shared hit=1022363 read=41
                           ->  Memoize  (cost=0.29..0.31 rows=1 width=4) (actual time=0.001..0.001 rows=0 loops=255601)
                                 Cache Key: customer.c_current_hdemo_sk
                                 Cache Mode: logical
                                 Hits: 248402  Misses: 7199  Evictions: 0  Overflows: 0  Memory Usage: 521kB
                                 Buffers: shared hit=21594
                                 ->  Index Scan using household_demographics_pkey on household_demographics  (cost=0.28..0.30 rows=1 width=4) (actual time=0.014..0.014 rows=0 loops=7199)
                                       Index Cond: (hd_demo_sk = customer.c_current_hdemo_sk)
                                       Filter: (hd_buy_potential ~~ '1001-5000%'::text)
                                       Rows Removed by Filter: 1
                                       Buffers: shared hit=21594
                     ->  Index Scan using customer_demographics_pkey on customer_demographics  (cost=0.43..0.72 rows=1 width=4) (actual time=0.024..0.024 rows=0 loops=34986)
                           Index Cond: (cd_demo_sk = customer.c_current_cdemo_sk)
                           Filter: (((cd_marital_status = 'M'::bpchar) AND (cd_education_status = 'Unknown'::bpchar)) OR ((cd_marital_status = 'W'::bpchar) AND (cd_education_status = 'Advanced Degree'::bpchar)))
                           Rows Removed by Filter: 1
                           Buffers: shared hit=128686 read=8682
               ->  Index Scan using customer_address_pkey on customer_address  (cost=0.42..0.67 rows=1 width=4) (actual time=0.027..0.027 rows=1 loops=2810)
                     Index Cond: (ca_address_sk = customer.c_current_addr_sk)
                     Filter: (ca_gmt_offset = '-6'::numeric)
                     Rows Removed by Filter: 0
                     Buffers: shared hit=10670 read=570
         ->  Hash  (cost=2.30..2.30 rows=30 width=48) (actual time=0.076..0.077 rows=30 loops=1)
               Buckets: 1024  Batches: 1  Memory Usage: 11kB
               Buffers: shared hit=2
               ->  Seq Scan on call_center  (cost=0.00..2.30 rows=30 width=48) (actual time=0.029..0.050 rows=30 loops=1)
                     Buffers: shared hit=2
 Planning:
   Buffers: shared hit=415
 Planning Time: 4.540 ms
 Execution Time: 12444.138 ms
(57 rows)

