                                                                                                  QUERY PLAN                                                                                                  
--------------------------------------------------------------------------------------------------------------------------------------------------------------------------------------------------------------
 Aggregate  (cost=715661.61..715661.62 rows=1 width=136) (actual time=14240.244..14240.251 rows=1 loops=1)
   Buffers: shared hit=1456196 read=416124
   ->  Nested Loop  (cost=2571.81..715661.49 rows=8 width=58) (actual time=14240.239..14240.246 rows=0 loops=1)
         Buffers: shared hit=1456196 read=416124
         ->  Nested Loop  (cost=2571.67..715660.25 rows=8 width=18) (actual time=14240.238..14240.245 rows=0 loops=1)
               Buffers: shared hit=1456196 read=416124
               ->  Nested Loop  (cost=2571.24..715550.67 rows=153 width=22) (actual time=3077.149..14121.722 rows=4596 loops=1)
                     Buffers: shared hit=1439453 read=414807
                     ->  Nested Loop  (cost=2570.82..714599.95 rows=1429 width=26) (actual time=3065.796..13085.588 rows=42125 loops=1)
                           Buffers: shared hit=1278080 read=407680
                           ->  Nested Loop  (cost=2570.52..712275.72 rows=8575 width=30) (actual time=3064.494..12751.936 rows=307858 loops=1)
                                 Buffers: shared hit=1256489 read=407680
                                 ->  Hash Join  (cost=2570.10..706541.59 rows=8575 width=22) (actual time=3064.431..5500.118 rows=314133 loops=1)
                                       Hash Cond: (catalog_returns.cr_returned_date_sk = date_dim.d_date_sk)
                                       Buffers: shared hit=25269 read=407468
                                       ->  Seq Scan on catalog_returns  (cost=0.00..647267.12 rows=21600412 width=26) (actual time=0.030..3639.886 rows=21598628 loops=1)
                                             Buffers: shared hit=23795 read=407468
                                       ->  Hash  (cost=2569.73..2569.73 rows=29 width=4) (actual time=13.989..13.990 rows=30 loops=1)
                                             Buckets: 1024  Batches: 1  Memory Usage: 10kB
                                             Buffers: shared hit=1474
                                             ->  Seq Scan on date_dim  (cost=0.00..2569.73 rows=29 width=4) (actual time=8.006..13.979 rows=30 loops=1)
                                                   Filter: ((d_year = 2002) AND (d_moy = 11))
                                                   Rows Removed by Filter: 73019
                                                   Buffers: shared hit=1474
                                 ->  Index Scan using customer_pkey on customer  (cost=0.43..0.67 rows=1 width=16) (actual time=0.023..0.023 rows=1 loops=314133)
                                       Index Cond: (c_customer_sk = catalog_returns.cr_returning_customer_sk)
                                       Buffers: shared hit=1231220 read=212
                           ->  Memoize  (cost=0.29..0.31 rows=1 width=4) (actual time=0.001..0.001 rows=0 loops=307858)
                                 Cache Key: customer.c_current_hdemo_sk
                                 Cache Mode: logical
                                 Hits: 300660  Misses: 7198  Evictions: 0  Overflows: 0  Memory Usage: 521kB
                                 Buffers: shared hit=21591
                                 ->  Index Scan using household_demographics_pkey on household_demographics  (cost=0.28..0.30 rows=1 width=4) (actual time=0.014..0.014 rows=0 loops=7198)
                                       Index Cond: (hd_demo_sk = customer.c_current_hdemo_sk)
                                       Filter: (hd_buy_potential ~~ '1001-5000%'::text)
                                       Rows Removed by Filter: 1
                                       Buffers: shared hit=21591
                     ->  Index Scan using customer_address_pkey on customer_address  (cost=0.42..0.67 rows=1 width=4) (actual time=0.024..0.024 rows=0 loops=42125)
                           Index Cond: (ca_address_sk = customer.c_current_addr_sk)
                           Filter: (ca_gmt_offset = '-7'::numeric)
                           Rows Removed by Filter: 1
                           Buffers: shared hit=161373 read=7127
               ->  Index Scan using customer_demographics_pkey on customer_demographics  (cost=0.43..0.72 rows=1 width=4) (actual time=0.025..0.025 rows=0 loops=4596)
                     Index Cond: (cd_demo_sk = customer.c_current_cdemo_sk)
                     Filter: (((cd_marital_status = 'M'::bpchar) AND (cd_education_status = 'Unknown'::bpchar)) OR ((cd_marital_status = 'W'::bpchar) AND (cd_education_status = 'Advanced Degree'::bpchar)))
                     Rows Removed by Filter: 1
                     Buffers: shared hit=16743 read=1317
         ->  Index Scan using call_center_pkey on call_center  (cost=0.14..0.16 rows=1 width=48) (never executed)
               Index Cond: (cc_call_center_sk = catalog_returns.cr_call_center_sk)
 Planning:
   Buffers: shared hit=415
 Planning Time: 2.392 ms
 Execution Time: 14240.762 ms
(53 rows)

