                                                                                                  QUERY PLAN                                                                                                  
--------------------------------------------------------------------------------------------------------------------------------------------------------------------------------------------------------------
 Aggregate  (cost=716146.24..716146.25 rows=1 width=136) (actual time=12278.703..12278.709 rows=1 loops=1)
   Buffers: shared hit=1184791 read=420147
   ->  Nested Loop  (cost=2571.83..716146.10 rows=9 width=58) (actual time=1273.500..12277.733 rows=277 loops=1)
         Buffers: shared hit=1184791 read=420147
         ->  Nested Loop  (cost=2571.69..716144.71 rows=9 width=18) (actual time=1273.480..12274.679 rows=279 loops=1)
               Buffers: shared hit=1184237 read=420147
               ->  Nested Loop  (cost=2571.27..716027.25 rows=164 width=22) (actual time=1178.034..12154.169 rows=4327 loops=1)
                     Buffers: shared hit=1168422 read=418990
                     ->  Nested Loop  (cost=2570.84..715010.66 rows=1528 width=26) (actual time=1154.838..11087.144 rows=42921 loops=1)
                           Buffers: shared hit=1005072 read=410656
                           ->  Nested Loop  (cost=2570.55..712671.62 rows=9167 width=30) (actual time=1154.807..10800.756 rows=240350 loops=1)
                                 Buffers: shared hit=983481 read=410656
                                 ->  Hash Join  (cost=2570.12..706541.62 rows=9167 width=22) (actual time=1154.747..5169.669 rows=245202 loops=1)
                                       Hash Cond: (catalog_returns.cr_returned_date_sk = date_dim.d_date_sk)
                                       Buffers: shared hit=22183 read=410554
                                       ->  Seq Scan on catalog_returns  (cost=0.00..647267.12 rows=21600412 width=26) (actual time=0.061..3414.548 rows=21598628 loops=1)
                                             Buffers: shared hit=22020 read=409243
                                       ->  Hash  (cost=2569.73..2569.73 rows=31 width=4) (actual time=22.077..22.078 rows=31 loops=1)
                                             Buckets: 1024  Batches: 1  Memory Usage: 10kB
                                             Buffers: shared hit=163 read=1311
                                             ->  Seq Scan on date_dim  (cost=0.00..2569.73 rows=31 width=4) (actual time=12.980..22.059 rows=31 loops=1)
                                                   Filter: ((d_year = 2000) AND (d_moy = 7))
                                                   Rows Removed by Filter: 73018
                                                   Buffers: shared hit=163 read=1311
                                 ->  Index Scan using customer_pkey on customer  (cost=0.43..0.67 rows=1 width=16) (actual time=0.022..0.022 rows=1 loops=245202)
                                       Index Cond: (c_customer_sk = catalog_returns.cr_returning_customer_sk)
                                       Buffers: shared hit=961298 read=102
                           ->  Memoize  (cost=0.29..0.31 rows=1 width=4) (actual time=0.001..0.001 rows=0 loops=240350)
                                 Cache Key: customer.c_current_hdemo_sk
                                 Cache Mode: logical
                                 Hits: 233152  Misses: 7198  Evictions: 0  Overflows: 0  Memory Usage: 521kB
                                 Buffers: shared hit=21591
                                 ->  Index Scan using household_demographics_pkey on household_demographics  (cost=0.28..0.30 rows=1 width=4) (actual time=0.015..0.015 rows=0 loops=7198)
                                       Index Cond: (hd_demo_sk = customer.c_current_hdemo_sk)
                                       Filter: (hd_buy_potential ~~ '>10000%'::text)
                                       Rows Removed by Filter: 1
                                       Buffers: shared hit=21591
                     ->  Index Scan using customer_address_pkey on customer_address  (cost=0.42..0.67 rows=1 width=4) (actual time=0.024..0.024 rows=0 loops=42921)
                           Index Cond: (ca_address_sk = customer.c_current_addr_sk)
                           Filter: (ca_gmt_offset = '-7'::numeric)
                           Rows Removed by Filter: 1
                           Buffers: shared hit=163350 read=8334
               ->  Index Scan using customer_demographics_pkey on customer_demographics  (cost=0.43..0.72 rows=1 width=4) (actual time=0.027..0.027 rows=0 loops=4327)
                     Index Cond: (cd_demo_sk = customer.c_current_cdemo_sk)
                     Filter: (((cd_marital_status = 'M'::bpchar) AND (cd_education_status = 'Unknown'::bpchar)) OR ((cd_marital_status = 'W'::bpchar) AND (cd_education_status = 'Advanced Degree'::bpchar)))
                     Rows Removed by Filter: 1
                     Buffers: shared hit=15815 read=1157
         ->  Index Scan using call_center_pkey on call_center  (cost=0.14..0.16 rows=1 width=48) (actual time=0.009..0.009 rows=1 loops=279)
               Index Cond: (cc_call_center_sk = catalog_returns.cr_call_center_sk)
               Buffers: shared hit=554
 Planning:
   Buffers: shared hit=384 read=31
 Planning Time: 4.953 ms
 Execution Time: 12279.540 ms
(54 rows)

