                                                                                                  QUERY PLAN                                                                                                  
--------------------------------------------------------------------------------------------------------------------------------------------------------------------------------------------------------------
 Aggregate  (cost=716146.24..716146.25 rows=1 width=136) (actual time=14802.995..14803.003 rows=1 loops=1)
   Buffers: shared hit=1551565 read=415485
   ->  Nested Loop  (cost=2571.83..716146.10 rows=9 width=58) (actual time=14802.990..14802.997 rows=0 loops=1)
         Buffers: shared hit=1551565 read=415485
         ->  Nested Loop  (cost=2571.69..716144.71 rows=9 width=18) (actual time=14802.989..14802.996 rows=0 loops=1)
               Buffers: shared hit=1551565 read=415485
               ->  Nested Loop  (cost=2571.27..716027.25 rows=164 width=22) (actual time=1665.813..14684.249 rows=4847 loops=1)
                     Buffers: shared hit=1534089 read=413937
                     ->  Nested Loop  (cost=2570.84..715010.66 rows=1528 width=26) (actual time=1664.693..13569.230 rows=44827 loops=1)
                           Buffers: shared hit=1363310 read=405408
                           ->  Nested Loop  (cost=2570.55..712671.62 rows=9167 width=30) (actual time=1662.708..13217.632 rows=328596 loops=1)
                                 Buffers: shared hit=1341713 read=405408
                                 ->  Hash Join  (cost=2570.12..706541.62 rows=9167 width=22) (actual time=1662.665..5493.524 rows=335231 loops=1)
                                       Hash Cond: (catalog_returns.cr_returned_date_sk = date_dim.d_date_sk)
                                       Buffers: shared hit=27425 read=405312
                                       ->  Seq Scan on catalog_returns  (cost=0.00..647267.12 rows=21600412 width=26) (actual time=0.046..3611.926 rows=21598628 loops=1)
                                             Buffers: shared hit=26114 read=405149
                                       ->  Hash  (cost=2569.73..2569.73 rows=31 width=4) (actual time=19.660..19.661 rows=31 loops=1)
                                             Buckets: 1024  Batches: 1  Memory Usage: 10kB
                                             Buffers: shared hit=1311 read=163
                                             ->  Seq Scan on date_dim  (cost=0.00..2569.73 rows=31 width=4) (actual time=11.222..19.647 rows=31 loops=1)
                                                   Filter: ((d_year = 2001) AND (d_moy = 3))
                                                   Rows Removed by Filter: 73018
                                                   Buffers: shared hit=1311 read=163
                                 ->  Index Scan using customer_pkey on customer  (cost=0.43..0.67 rows=1 width=16) (actual time=0.022..0.022 rows=1 loops=335231)
                                       Index Cond: (c_customer_sk = catalog_returns.cr_returning_customer_sk)
                                       Buffers: shared hit=1314288 read=96
                           ->  Memoize  (cost=0.29..0.31 rows=1 width=4) (actual time=0.001..0.001 rows=0 loops=328596)
                                 Cache Key: customer.c_current_hdemo_sk
                                 Cache Mode: logical
                                 Hits: 321396  Misses: 7200  Evictions: 0  Overflows: 0  Memory Usage: 521kB
                                 Buffers: shared hit=21597
                                 ->  Index Scan using household_demographics_pkey on household_demographics  (cost=0.28..0.30 rows=1 width=4) (actual time=0.015..0.015 rows=0 loops=7200)
                                       Index Cond: (hd_demo_sk = customer.c_current_hdemo_sk)
                                       Filter: (hd_buy_potential ~~ '1001-5000%'::text)
                                       Rows Removed by Filter: 1
                                       Buffers: shared hit=21597
                     ->  Index Scan using customer_address_pkey on customer_address  (cost=0.42..0.67 rows=1 width=4) (actual time=0.025..0.025 rows=0 loops=44827)
                           Index Cond: (ca_address_sk = customer.c_current_addr_sk)
                           Filter: (ca_gmt_offset = '-7'::numeric)
                           Rows Removed by Filter: 1
                           Buffers: shared hit=170779 read=8529
               ->  Index Scan using customer_demographics_pkey on customer_demographics  (cost=0.43..0.72 rows=1 width=4) (actual time=0.024..0.024 rows=0 loops=4847)
                     Index Cond: (cd_demo_sk = customer.c_current_cdemo_sk)
                     Filter: (((cd_marital_status = 'M'::bpchar) AND (cd_education_status = 'Unknown'::bpchar)) OR ((cd_marital_status = 'W'::bpchar) AND (cd_education_status = 'Advanced Degree'::bpchar)))
                     Rows Removed by Filter: 1
                     Buffers: shared hit=17476 read=1548
         ->  Index Scan using call_center_pkey on call_center  (cost=0.14..0.16 rows=1 width=48) (never executed)
               Index Cond: (cc_call_center_sk = catalog_returns.cr_call_center_sk)
 Planning:
   Buffers: shared hit=415
 Planning Time: 4.327 ms
 Execution Time: 14803.821 ms
(53 rows)

