                                                                                                  QUERY PLAN                                                                                                  
--------------------------------------------------------------------------------------------------------------------------------------------------------------------------------------------------------------
 Aggregate  (cost=716146.24..716146.25 rows=1 width=136) (actual time=12827.265..12827.271 rows=1 loops=1)
   Buffers: shared hit=1241703 read=419782
   ->  Nested Loop  (cost=2571.83..716146.10 rows=9 width=58) (actual time=1296.049..12826.189 rows=297 loops=1)
         Buffers: shared hit=1241703 read=419782
         ->  Nested Loop  (cost=2571.69..716144.71 rows=9 width=18) (actual time=1296.037..12823.557 rows=298 loops=1)
               Buffers: shared hit=1241109 read=419782
               ->  Nested Loop  (cost=2571.27..716027.25 rows=164 width=22) (actual time=1296.001..12741.024 rows=3175 loops=1)
                     Buffers: shared hit=1229552 read=418843
                     ->  Nested Loop  (cost=2570.84..715010.66 rows=1528 width=26) (actual time=1291.162..11660.671 rows=42915 loops=1)
                           Buffers: shared hit=1066072 read=410663
                           ->  Nested Loop  (cost=2570.55..712671.62 rows=9167 width=30) (actual time=1290.799..11345.319 rows=255601 loops=1)
                                 Buffers: shared hit=1044478 read=410663
                                 ->  Hash Join  (cost=2570.12..706541.62 rows=9167 width=22) (actual time=1290.741..5264.117 rows=260972 loops=1)
                                       Hash Cond: (catalog_returns.cr_returned_date_sk = date_dim.d_date_sk)
                                       Buffers: shared hit=22125 read=410612
                                       ->  Seq Scan on catalog_returns  (cost=0.00..647267.12 rows=21600412 width=26) (actual time=0.032..3492.868 rows=21598628 loops=1)
                                             Buffers: shared hit=20651 read=410612
                                       ->  Hash  (cost=2569.73..2569.73 rows=31 width=4) (actual time=24.544..24.545 rows=31 loops=1)
                                             Buckets: 1024  Batches: 1  Memory Usage: 10kB
                                             Buffers: shared hit=1474
                                             ->  Seq Scan on date_dim  (cost=0.00..2569.73 rows=31 width=4) (actual time=13.586..24.530 rows=31 loops=1)
                                                   Filter: ((d_year = 2000) AND (d_moy = 10))
                                                   Rows Removed by Filter: 73018
                                                   Buffers: shared hit=1474
                                 ->  Index Scan using customer_pkey on customer  (cost=0.43..0.67 rows=1 width=16) (actual time=0.023..0.023 rows=1 loops=260972)
                                       Index Cond: (c_customer_sk = catalog_returns.cr_returning_customer_sk)
                                       Buffers: shared hit=1022353 read=51
                           ->  Memoize  (cost=0.29..0.31 rows=1 width=4) (actual time=0.001..0.001 rows=0 loops=255601)
                                 Cache Key: customer.c_current_hdemo_sk
                                 Cache Mode: logical
                                 Hits: 248402  Misses: 7199  Evictions: 0  Overflows: 0  Memory Usage: 521kB
                                 Buffers: shared hit=21594
                                 ->  Index Scan using household_demographics_pkey on household_demographics  (cost=0.28..0.30 rows=1 width=4) (actual time=0.016..0.016 rows=0 loops=7199)
                                       Index Cond: (hd_demo_sk = customer.c_current_hdemo_sk)
                                       Filter: (hd_buy_potential ~~ '501-1000%'::text)
                                       Rows Removed by Filter: 1
                                       Buffers: shared hit=21594
                     ->  Index Scan using customer_address_pkey on customer_address  (cost=0.42..0.67 rows=1 width=4) (actual time=0.025..0.025 rows=0 loops=42915)
                           Index Cond: (ca_address_sk = customer.c_current_addr_sk)
                           Filter: (ca_gmt_offset = '-7'::numeric)
                           Rows Removed by Filter: 1
                           Buffers: shared hit=163480 read=8180
               ->  Index Scan using customer_demographics_pkey on customer_demographics  (cost=0.43..0.72 rows=1 width=4) (actual time=0.025..0.025 rows=0 loops=3175)
                     Index Cond: (cd_demo_sk = customer.c_current_cdemo_sk)
                     Filter: (((cd_marital_status = 'M'::bpchar) AND (cd_education_status = 'Unknown'::bpchar)) OR ((cd_marital_status = 'W'::bpchar) AND (cd_education_status = 'Advanced Degree'::bpchar)))
                     Rows Removed by Filter: 1
                     Buffers: shared hit=11557 read=939
         ->  Index Scan using call_center_pkey on call_center  (cost=0.14..0.16 rows=1 width=48) (actual time=0.007..0.007 rows=1 loops=298)
               Index Cond: (cc_call_center_sk = catalog_returns.cr_call_center_sk)
               Buffers: shared hit=594
 Planning:
   Buffers: shared hit=415
 Planning Time: 4.328 ms
 Execution Time: 12827.868 ms
(54 rows)

