                                                                                                     QUERY PLAN                                                                                                     
--------------------------------------------------------------------------------------------------------------------------------------------------------------------------------------------------------------------
 Aggregate  (cost=716164.96..716164.97 rows=1 width=136) (actual time=12505.056..12505.063 rows=1 loops=1)
   Buffers: shared hit=1147218 read=416109
   ->  Hash Join  (cost=2574.37..716164.39 rows=38 width=58) (actual time=80.884..12503.703 rows=451 loops=1)
         Hash Cond: (catalog_returns.cr_call_center_sk = call_center.cc_call_center_sk)
         Buffers: shared hit=1147218 read=416109
         ->  Nested Loop  (cost=2571.69..716161.60 rows=38 width=18) (actual time=80.800..12503.098 rows=455 loops=1)
               Buffers: shared hit=1147216 read=416109
               ->  Nested Loop  (cost=2571.27..716105.05 rows=85 width=22) (actual time=31.731..12431.856 rows=2627 loops=1)
                     Buffers: shared hit=1137388 read=415429
                     ->  Nested Loop  (cost=2570.84..715010.66 rows=1528 width=26) (actual time=20.890..11428.219 rows=37507 loops=1)
                           Buffers: shared hit=996562 read=408799
                           ->  Nested Loop  (cost=2570.55..712671.62 rows=9167 width=30) (actual time=19.854..11131.706 rows=237759 loops=1)
                                 Buffers: shared hit=974974 read=408799
                                 ->  Hash Join  (cost=2570.12..706541.62 rows=9167 width=22) (actual time=19.792..5392.219 rows=242522 loops=1)
                                       Hash Cond: (catalog_returns.cr_returned_date_sk = date_dim.d_date_sk)
                                       Buffers: shared hit=24108 read=408629
                                       ->  Seq Scan on catalog_returns  (cost=0.00..647267.12 rows=21600412 width=26) (actual time=0.022..3534.642 rows=21598628 loops=1)
                                             Buffers: shared hit=22634 read=408629
                                       ->  Hash  (cost=2569.73..2569.73 rows=31 width=4) (actual time=19.745..19.746 rows=31 loops=1)
                                             Buckets: 1024  Batches: 1  Memory Usage: 10kB
                                             Buffers: shared hit=1474
                                             ->  Seq Scan on date_dim  (cost=0.00..2569.73 rows=31 width=4) (actual time=9.386..19.731 rows=31 loops=1)
                                                   Filter: ((d_year = 1998) AND (d_moy = 8))
                                                   Rows Removed by Filter: 73018
                                                   Buffers: shared hit=1474
                                 ->  Index Scan using customer_pkey on customer  (cost=0.43..0.67 rows=1 width=16) (actual time=0.023..0.023 rows=1 loops=242522)
                                       Index Cond: (c_customer_sk = catalog_returns.cr_returning_customer_sk)
                                       Buffers: shared hit=950866 read=170
                           ->  Memoize  (cost=0.29..0.31 rows=1 width=4) (actual time=0.001..0.001 rows=0 loops=237759)
                                 Cache Key: customer.c_current_hdemo_sk
                                 Cache Mode: logical
                                 Hits: 230562  Misses: 7197  Evictions: 0  Overflows: 0  Memory Usage: 521kB
                                 Buffers: shared hit=21588
                                 ->  Index Scan using household_demographics_pkey on household_demographics  (cost=0.28..0.30 rows=1 width=4) (actual time=0.015..0.015 rows=0 loops=7197)
                                       Index Cond: (hd_demo_sk = customer.c_current_hdemo_sk)
                                       Filter: (hd_buy_potential ~~ '5001-10000%'::text)
                                       Rows Removed by Filter: 1
                                       Buffers: shared hit=21588
                     ->  Index Scan using customer_demographics_pkey on customer_demographics  (cost=0.43..0.72 rows=1 width=4) (actual time=0.026..0.026 rows=0 loops=37507)
                           Index Cond: (cd_demo_sk = customer.c_current_cdemo_sk)
                           Filter: (((cd_marital_status = 'M'::bpchar) AND (cd_education_status = 'Unknown'::bpchar)) OR ((cd_marital_status = 'W'::bpchar) AND (cd_education_status = 'Advanced Degree'::bpchar)))
                           Rows Removed by Filter: 1
                           Buffers: shared hit=140826 read=6630
               ->  Index Scan using customer_address_pkey on customer_address  (cost=0.42..0.67 rows=1 width=4) (actual time=0.026..0.026 rows=0 loops=2627)
                     Index Cond: (ca_address_sk = customer.c_current_addr_sk)
                     Filter: (ca_gmt_offset = '-6'::numeric)
                     Rows Removed by Filter: 1
                     Buffers: shared hit=9828 read=680
         ->  Hash  (cost=2.30..2.30 rows=30 width=48) (actual time=0.060..0.061 rows=30 loops=1)
               Buckets: 1024  Batches: 1  Memory Usage: 11kB
               Buffers: shared hit=2
               ->  Seq Scan on call_center  (cost=0.00..2.30 rows=30 width=48) (actual time=0.024..0.039 rows=30 loops=1)
                     Buffers: shared hit=2
 Planning:
   Buffers: shared hit=415
 Planning Time: 4.281 ms
 Execution Time: 12505.736 ms
(57 rows)

