                                                                                                  QUERY PLAN                                                                                                  
--------------------------------------------------------------------------------------------------------------------------------------------------------------------------------------------------------------
 Aggregate  (cost=715903.32..715903.33 rows=1 width=136) (actual time=12045.738..12045.743 rows=1 loops=1)
   Buffers: shared hit=1127976 read=418942
   ->  Nested Loop  (cost=2571.82..715903.18 rows=9 width=58) (actual time=12045.733..12045.739 rows=0 loops=1)
         Buffers: shared hit=1127976 read=418942
         ->  Nested Loop  (cost=2571.68..715901.79 rows=9 width=18) (actual time=12045.732..12045.737 rows=0 loops=1)
               Buffers: shared hit=1127976 read=418942
               ->  Nested Loop  (cost=2571.25..715788.62 rows=158 width=22) (actual time=775.981..11956.640 rows=3524 loops=1)
                     Buffers: shared hit=1114776 read=418262
                     ->  Nested Loop  (cost=2570.83..714805.30 rows=1478 width=26) (actual time=766.843..11120.461 rows=32250 loops=1)
                           Buffers: shared hit=994602 read=409436
                           ->  Nested Loop  (cost=2570.54..712473.67 rows=8871 width=30) (actual time=761.855..10853.832 rows=237429 loops=1)
                                 Buffers: shared hit=973017 read=409436
                                 ->  Hash Join  (cost=2570.11..706541.60 rows=8871 width=22) (actual time=761.812..5244.190 rows=242285 loops=1)
                                       Hash Cond: (catalog_returns.cr_returned_date_sk = date_dim.d_date_sk)
                                       Buffers: shared hit=23457 read=409280
                                       ->  Seq Scan on catalog_returns  (cost=0.00..647267.12 rows=21600412 width=26) (actual time=0.032..3500.106 rows=21598628 loops=1)
                                             Buffers: shared hit=21983 read=409280
                                       ->  Hash  (cost=2569.73..2569.73 rows=30 width=4) (actual time=13.717..13.718 rows=31 loops=1)
                                             Buckets: 1024  Batches: 1  Memory Usage: 10kB
                                             Buffers: shared hit=1474
                                             ->  Seq Scan on date_dim  (cost=0.00..2569.73 rows=30 width=4) (actual time=7.188..13.705 rows=31 loops=1)
                                                   Filter: ((d_year = 1999) AND (d_moy = 12))
                                                   Rows Removed by Filter: 73018
                                                   Buffers: shared hit=1474
                                 ->  Index Scan using customer_pkey on customer  (cost=0.43..0.67 rows=1 width=16) (actual time=0.023..0.023 rows=1 loops=242285)
                                       Index Cond: (c_customer_sk = catalog_returns.cr_returning_customer_sk)
                                       Buffers: shared hit=949560 read=156
                           ->  Memoize  (cost=0.29..0.31 rows=1 width=4) (actual time=0.001..0.001 rows=0 loops=237429)
                                 Cache Key: customer.c_current_hdemo_sk
                                 Cache Mode: logical
                                 Hits: 230233  Misses: 7196  Evictions: 0  Overflows: 0  Memory Usage: 521kB
                                 Buffers: shared hit=21585
                                 ->  Index Scan using household_demographics_pkey on household_demographics  (cost=0.28..0.30 rows=1 width=4) (actual time=0.012..0.012 rows=0 loops=7196)
                                       Index Cond: (hd_demo_sk = customer.c_current_hdemo_sk)
                                       Filter: (hd_buy_potential ~~ '1001-5000%'::text)
                                       Rows Removed by Filter: 1
                                       Buffers: shared hit=21585
                     ->  Index Scan using customer_address_pkey on customer_address  (cost=0.42..0.67 rows=1 width=4) (actual time=0.026..0.026 rows=0 loops=32250)
                           Index Cond: (ca_address_sk = customer.c_current_addr_sk)
                           Filter: (ca_gmt_offset = '-7'::numeric)
                           Rows Removed by Filter: 1
                           Buffers: shared hit=120174 read=8826
               ->  Index Scan using customer_demographics_pkey on customer_demographics  (cost=0.43..0.72 rows=1 width=4) (actual time=0.025..0.025 rows=0 loops=3524)
                     Index Cond: (cd_demo_sk = customer.c_current_cdemo_sk)
                     Filter: (((cd_marital_status = 'M'::bpchar) AND (cd_education_status = 'Unknown'::bpchar)) OR ((cd_marital_status = 'W'::bpchar) AND (cd_education_status = 'Advanced Degree'::bpchar)))
                     Rows Removed by Filter: 1
                     Buffers: shared hit=13200 read=680
         ->  Index Scan using call_center_pkey on call_center  (cost=0.14..0.16 rows=1 width=48) (never executed)
               Index Cond: (cc_call_center_sk = catalog_returns.cr_call_center_sk)
 Planning:
   Buffers: shared hit=415
 Planning Time: 2.924 ms
 Execution Time: 12046.312 ms
(53 rows)

