                                                                                                  QUERY PLAN                                                                                                  
--------------------------------------------------------------------------------------------------------------------------------------------------------------------------------------------------------------
 Aggregate  (cost=716146.24..716146.25 rows=1 width=136) (actual time=13074.484..13074.490 rows=1 loops=1)
   Buffers: shared hit=1286565 read=420662
   ->  Nested Loop  (cost=2571.83..716146.10 rows=9 width=58) (actual time=475.023..13073.152 rows=407 loops=1)
         Buffers: shared hit=1286565 read=420662
         ->  Nested Loop  (cost=2571.69..716144.71 rows=9 width=18) (actual time=475.011..13069.278 rows=413 loops=1)
               Buffers: shared hit=1285751 read=420662
               ->  Nested Loop  (cost=2571.27..716027.25 rows=164 width=22) (actual time=473.899..12895.928 rows=6554 loops=1)
                     Buffers: shared hit=1261828 read=418757
                     ->  Nested Loop  (cost=2570.84..715010.66 rows=1528 width=26) (actual time=470.351..11780.177 rows=44612 loops=1)
                           Buffers: shared hit=1092923 read=409214
                           ->  Nested Loop  (cost=2570.55..712671.62 rows=9167 width=30) (actual time=463.339..11475.724 rows=261953 loops=1)
                                 Buffers: shared hit=1071335 read=409214
                                 ->  Hash Join  (cost=2570.12..706541.62 rows=9167 width=22) (actual time=463.295..5304.867 rows=267212 loops=1)
                                       Hash Cond: (catalog_returns.cr_returned_date_sk = date_dim.d_date_sk)
                                       Buffers: shared hit=23602 read=409135
                                       ->  Seq Scan on catalog_returns  (cost=0.00..647267.12 rows=21600412 width=26) (actual time=0.043..3503.389 rows=21598628 loops=1)
                                             Buffers: shared hit=22128 read=409135
                                       ->  Hash  (cost=2569.73..2569.73 rows=31 width=4) (actual time=19.365..19.366 rows=31 loops=1)
                                             Buckets: 1024  Batches: 1  Memory Usage: 10kB
                                             Buffers: shared hit=1474
                                             ->  Seq Scan on date_dim  (cost=0.00..2569.73 rows=31 width=4) (actual time=9.847..19.350 rows=31 loops=1)
                                                   Filter: ((d_year = 1999) AND (d_moy = 7))
                                                   Rows Removed by Filter: 73018
                                                   Buffers: shared hit=1474
                                 ->  Index Scan using customer_pkey on customer  (cost=0.43..0.67 rows=1 width=16) (actual time=0.023..0.023 rows=1 loops=267212)
                                       Index Cond: (c_customer_sk = catalog_returns.cr_returning_customer_sk)
                                       Buffers: shared hit=1047733 read=79
                           ->  Memoize  (cost=0.29..0.31 rows=1 width=4) (actual time=0.001..0.001 rows=0 loops=261953)
                                 Cache Key: customer.c_current_hdemo_sk
                                 Cache Mode: logical
                                 Hits: 254756  Misses: 7197  Evictions: 0  Overflows: 0  Memory Usage: 521kB
                                 Buffers: shared hit=21588
                                 ->  Index Scan using household_demographics_pkey on household_demographics  (cost=0.28..0.30 rows=1 width=4) (actual time=0.015..0.015 rows=0 loops=7197)
                                       Index Cond: (hd_demo_sk = customer.c_current_hdemo_sk)
                                       Filter: (hd_buy_potential ~~ 'Unknown%'::text)
                                       Rows Removed by Filter: 1
                                       Buffers: shared hit=21588
                     ->  Index Scan using customer_address_pkey on customer_address  (cost=0.42..0.67 rows=1 width=4) (actual time=0.025..0.025 rows=0 loops=44612)
                           Index Cond: (ca_address_sk = customer.c_current_addr_sk)
                           Filter: (ca_gmt_offset = '-7'::numeric)
                           Rows Removed by Filter: 1
                           Buffers: shared hit=168905 read=9543
               ->  Index Scan using customer_demographics_pkey on customer_demographics  (cost=0.43..0.72 rows=1 width=4) (actual time=0.026..0.026 rows=0 loops=6554)
                     Index Cond: (cd_demo_sk = customer.c_current_cdemo_sk)
                     Filter: (((cd_marital_status = 'M'::bpchar) AND (cd_education_status = 'Unknown'::bpchar)) OR ((cd_marital_status = 'W'::bpchar) AND (cd_education_status = 'Advanced Degree'::bpchar)))
                     Rows Removed by Filter: 1
                     Buffers: shared hit=23923 read=1905
         ->  Index Scan using call_center_pkey on call_center  (cost=0.14..0.16 rows=1 width=48) (actual time=0.008..0.008 rows=1 loops=413)
               Index Cond: (cc_call_center_sk = catalog_returns.cr_call_center_sk)
               Buffers: shared hit=814
 Planning:
   Buffers: shared hit=415
 Planning Time: 4.490 ms
 Execution Time: 13075.308 ms
(54 rows)

