                                                                                                     QUERY PLAN                                                                                                     
--------------------------------------------------------------------------------------------------------------------------------------------------------------------------------------------------------------------
 Aggregate  (cost=715921.76..715921.77 rows=1 width=136) (actual time=12411.141..12411.148 rows=1 loops=1)
   Buffers: shared hit=1175152 read=419175
   ->  Hash Join  (cost=2574.36..715921.22 rows=36 width=58) (actual time=12411.137..12411.144 rows=0 loops=1)
         Hash Cond: (catalog_returns.cr_call_center_sk = call_center.cc_call_center_sk)
         Buffers: shared hit=1175152 read=419175
         ->  Nested Loop  (cost=2571.68..715918.44 rows=36 width=18) (actual time=12411.001..12411.006 rows=0 loops=1)
               Buffers: shared hit=1175150 read=419175
               ->  Nested Loop  (cost=2571.26..715863.88 rows=82 width=22) (actual time=1371.986..12374.642 rows=904 loops=1)
                     Buffers: shared hit=1171711 read=418998
                     ->  Nested Loop  (cost=2570.83..714805.30 rows=1478 width=26) (actual time=1371.959..11368.860 rows=40972 loops=1)
                           Buffers: shared hit=1026282 read=403571
                           ->  Nested Loop  (cost=2570.54..712473.67 rows=8871 width=30) (actual time=1369.801..11076.166 rows=243882 loops=1)
                                 Buffers: shared hit=1004694 read=403571
                                 ->  Hash Join  (cost=2570.11..706541.60 rows=8871 width=22) (actual time=1369.751..5462.352 rows=248731 loops=1)
                                       Hash Cond: (catalog_returns.cr_returned_date_sk = date_dim.d_date_sk)
                                       Buffers: shared hit=29447 read=403290
                                       ->  Seq Scan on catalog_returns  (cost=0.00..647267.12 rows=21600412 width=26) (actual time=0.045..3608.673 rows=21598628 loops=1)
                                             Buffers: shared hit=27973 read=403290
                                       ->  Hash  (cost=2569.73..2569.73 rows=30 width=4) (actual time=25.817..25.818 rows=30 loops=1)
                                             Buckets: 1024  Batches: 1  Memory Usage: 10kB
                                             Buffers: shared hit=1474
                                             ->  Seq Scan on date_dim  (cost=0.00..2569.73 rows=30 width=4) (actual time=15.064..25.801 rows=30 loops=1)
                                                   Filter: ((d_year = 2000) AND (d_moy = 9))
                                                   Rows Removed by Filter: 73019
                                                   Buffers: shared hit=1474
                                 ->  Index Scan using customer_pkey on customer  (cost=0.43..0.67 rows=1 width=16) (actual time=0.022..0.022 rows=1 loops=248731)
                                       Index Cond: (c_customer_sk = catalog_returns.cr_returning_customer_sk)
                                       Buffers: shared hit=975247 read=281
                           ->  Memoize  (cost=0.29..0.31 rows=1 width=4) (actual time=0.001..0.001 rows=0 loops=243882)
                                 Cache Key: customer.c_current_hdemo_sk
                                 Cache Mode: logical
                                 Hits: 236685  Misses: 7197  Evictions: 0  Overflows: 0  Memory Usage: 521kB
                                 Buffers: shared hit=21588
                                 ->  Index Scan using household_demographics_pkey on household_demographics  (cost=0.28..0.30 rows=1 width=4) (actual time=0.015..0.015 rows=0 loops=7197)
                                       Index Cond: (hd_demo_sk = customer.c_current_hdemo_sk)
                                       Filter: (hd_buy_potential ~~ '501-1000%'::text)
                                       Rows Removed by Filter: 1
                                       Buffers: shared hit=21588
                     ->  Index Scan using customer_demographics_pkey on customer_demographics  (cost=0.43..0.72 rows=1 width=4) (actual time=0.024..0.024 rows=0 loops=40972)
                           Index Cond: (cd_demo_sk = customer.c_current_cdemo_sk)
                           Filter: (((cd_marital_status = 'M'::bpchar) AND (cd_education_status = 'Unknown'::bpchar)) OR ((cd_marital_status = 'W'::bpchar) AND (cd_education_status = 'Advanced Degree'::bpchar)))
                           Rows Removed by Filter: 1
                           Buffers: shared hit=145429 read=15427
               ->  Index Scan using customer_address_pkey on customer_address  (cost=0.42..0.67 rows=1 width=4) (actual time=0.040..0.040 rows=0 loops=904)
                     Index Cond: (ca_address_sk = customer.c_current_addr_sk)
                     Filter: (ca_gmt_offset = '-6'::numeric)
                     Rows Removed by Filter: 1
                     Buffers: shared hit=3439 read=177
         ->  Hash  (cost=2.30..2.30 rows=30 width=48) (actual time=0.109..0.110 rows=30 loops=1)
               Buckets: 1024  Batches: 1  Memory Usage: 11kB
               Buffers: shared hit=2
               ->  Seq Scan on call_center  (cost=0.00..2.30 rows=30 width=48) (actual time=0.035..0.070 rows=30 loops=1)
                     Buffers: shared hit=2
 Planning:
   Buffers: shared hit=415
 Planning Time: 5.129 ms
 Execution Time: 12411.998 ms
(57 rows)

