                                                                                                  QUERY PLAN                                                                                                  
--------------------------------------------------------------------------------------------------------------------------------------------------------------------------------------------------------------
 Aggregate  (cost=715903.32..715903.33 rows=1 width=136) (actual time=10833.297..10833.303 rows=1 loops=1)
   Buffers: shared hit=971748 read=413088
   ->  Nested Loop  (cost=2571.82..715903.18 rows=9 width=58) (actual time=666.678..10831.879 rows=534 loops=1)
         Buffers: shared hit=971748 read=413088
         ->  Nested Loop  (cost=2571.68..715901.79 rows=9 width=18) (actual time=666.657..10824.667 rows=539 loops=1)
               Buffers: shared hit=970680 read=413088
               ->  Nested Loop  (cost=2571.25..715788.62 rows=158 width=22) (actual time=646.222..10715.049 rows=4196 loops=1)
                     Buffers: shared hit=955608 read=411704
                     ->  Nested Loop  (cost=2570.83..714805.30 rows=1478 width=26) (actual time=633.106..9959.243 rows=30343 loops=1)
                           Buffers: shared hit=839296 read=406644
                           ->  Nested Loop  (cost=2570.54..712473.67 rows=8871 width=30) (actual time=628.038..9716.573 rows=197906 loops=1)
                                 Buffers: shared hit=817717 read=406644
                                 ->  Hash Join  (cost=2570.11..706541.60 rows=8871 width=22) (actual time=627.995..5166.978 rows=201935 loops=1)
                                       Hash Cond: (catalog_returns.cr_returned_date_sk = date_dim.d_date_sk)
                                       Buffers: shared hit=26165 read=406572
                                       ->  Seq Scan on catalog_returns  (cost=0.00..647267.12 rows=21600412 width=26) (actual time=0.179..3448.659 rows=21598628 loops=1)
                                             Buffers: shared hit=24691 read=406572
                                       ->  Hash  (cost=2569.73..2569.73 rows=30 width=4) (actual time=18.452..18.453 rows=30 loops=1)
                                             Buckets: 1024  Batches: 1  Memory Usage: 10kB
                                             Buffers: shared hit=1474
                                             ->  Seq Scan on date_dim  (cost=0.00..2569.73 rows=30 width=4) (actual time=7.669..18.439 rows=30 loops=1)
                                                   Filter: ((d_year = 1999) AND (d_moy = 9))
                                                   Rows Removed by Filter: 73019
                                                   Buffers: shared hit=1474
                                 ->  Index Scan using customer_pkey on customer  (cost=0.43..0.67 rows=1 width=16) (actual time=0.022..0.022 rows=1 loops=201935)
                                       Index Cond: (c_customer_sk = catalog_returns.cr_returning_customer_sk)
                                       Buffers: shared hit=791552 read=72
                           ->  Memoize  (cost=0.29..0.31 rows=1 width=4) (actual time=0.001..0.001 rows=0 loops=197906)
                                 Cache Key: customer.c_current_hdemo_sk
                                 Cache Mode: logical
                                 Hits: 190712  Misses: 7194  Evictions: 0  Overflows: 0  Memory Usage: 520kB
                                 Buffers: shared hit=21579
                                 ->  Index Scan using household_demographics_pkey on household_demographics  (cost=0.28..0.30 rows=1 width=4) (actual time=0.013..0.013 rows=0 loops=7194)
                                       Index Cond: (hd_demo_sk = customer.c_current_hdemo_sk)
                                       Filter: (hd_buy_potential ~~ '0-500%'::text)
                                       Rows Removed by Filter: 1
                                       Buffers: shared hit=21579
                     ->  Index Scan using customer_address_pkey on customer_address  (cost=0.42..0.67 rows=1 width=4) (actual time=0.025..0.025 rows=0 loops=30343)
                           Index Cond: (ca_address_sk = customer.c_current_addr_sk)
                           Filter: (ca_gmt_offset = '-7'::numeric)
                           Rows Removed by Filter: 1
                           Buffers: shared hit=116312 read=5060
               ->  Index Scan using customer_demographics_pkey on customer_demographics  (cost=0.43..0.72 rows=1 width=4) (actual time=0.026..0.026 rows=0 loops=4196)
                     Index Cond: (cd_demo_sk = customer.c_current_cdemo_sk)
                     Filter: (((cd_marital_status = 'M'::bpchar) AND (cd_education_status = 'Unknown'::bpchar)) OR ((cd_marital_status = 'W'::bpchar) AND (cd_education_status = 'Advanced Degree'::bpchar)))
                     Rows Removed by Filter: 1
                     Buffers: shared hit=15072 read=1384
         ->  Index Scan using call_center_pkey on call_center  (cost=0.14..0.16 rows=1 width=48) (actual time=0.012..0.012 rows=1 loops=539)
               Index Cond: (cc_call_center_sk = catalog_returns.cr_call_center_sk)
               Buffers: shared hit=1068
 Planning:
   Buffers: shared hit=415
 Planning Time: 2.151 ms
 Execution Time: 10833.780 ms
(54 rows)

