                                                                                                  QUERY PLAN                                                                                                  
--------------------------------------------------------------------------------------------------------------------------------------------------------------------------------------------------------------
 Aggregate  (cost=715903.32..715903.33 rows=1 width=136) (actual time=12663.637..12663.642 rows=1 loops=1)
   Buffers: shared hit=1203442 read=416852
   ->  Nested Loop  (cost=2571.82..715903.18 rows=9 width=58) (actual time=1105.625..12661.921 rows=589 loops=1)
         Buffers: shared hit=1203442 read=416852
         ->  Nested Loop  (cost=2571.68..715901.79 rows=9 width=18) (actual time=1105.608..12654.071 rows=594 loops=1)
               Buffers: shared hit=1202264 read=416852
               ->  Nested Loop  (cost=2571.25..715788.62 rows=158 width=22) (actual time=1038.647..12524.288 rows=5037 loops=1)
                     Buffers: shared hit=1184335 read=414977
                     ->  Nested Loop  (cost=2570.83..714805.30 rows=1478 width=26) (actual time=1024.695..11534.641 rows=38081 loops=1)
                           Buffers: shared hit=1040411 read=406577
                           ->  Nested Loop  (cost=2570.54..712473.67 rows=8871 width=30) (actual time=1022.655..11223.467 rows=248168 loops=1)
                                 Buffers: shared hit=1018832 read=406577
                                 ->  Hash Join  (cost=2570.11..706541.60 rows=8871 width=22) (actual time=1022.608..5389.245 rows=253475 loops=1)
                                       Hash Cond: (catalog_returns.cr_returned_date_sk = date_dim.d_date_sk)
                                       Buffers: shared hit=26304 read=406433
                                       ->  Seq Scan on catalog_returns  (cost=0.00..647267.12 rows=21600412 width=26) (actual time=0.036..3571.791 rows=21598628 loops=1)
                                             Buffers: shared hit=24830 read=406433
                                       ->  Hash  (cost=2569.73..2569.73 rows=30 width=4) (actual time=19.598..19.598 rows=30 loops=1)
                                             Buckets: 1024  Batches: 1  Memory Usage: 10kB
                                             Buffers: shared hit=1474
                                             ->  Seq Scan on date_dim  (cost=0.00..2569.73 rows=30 width=4) (actual time=9.741..19.582 rows=30 loops=1)
                                                   Filter: ((d_year = 2000) AND (d_moy = 4))
                                                   Rows Removed by Filter: 73019
                                                   Buffers: shared hit=1474
                                 ->  Index Scan using customer_pkey on customer  (cost=0.43..0.67 rows=1 width=16) (actual time=0.022..0.022 rows=1 loops=253475)
                                       Index Cond: (c_customer_sk = catalog_returns.cr_returning_customer_sk)
                                       Buffers: shared hit=992528 read=144
                           ->  Memoize  (cost=0.29..0.31 rows=1 width=4) (actual time=0.001..0.001 rows=0 loops=248168)
                                 Cache Key: customer.c_current_hdemo_sk
                                 Cache Mode: logical
                                 Hits: 240974  Misses: 7194  Evictions: 0  Overflows: 0  Memory Usage: 520kB
                                 Buffers: shared hit=21579
                                 ->  Index Scan using household_demographics_pkey on household_demographics  (cost=0.28..0.30 rows=1 width=4) (actual time=0.016..0.016 rows=0 loops=7194)
                                       Index Cond: (hd_demo_sk = customer.c_current_hdemo_sk)
                                       Filter: (hd_buy_potential ~~ '0-500%'::text)
                                       Rows Removed by Filter: 1
                                       Buffers: shared hit=21579
                     ->  Index Scan using customer_address_pkey on customer_address  (cost=0.42..0.67 rows=1 width=4) (actual time=0.026..0.026 rows=0 loops=38081)
                           Index Cond: (ca_address_sk = customer.c_current_addr_sk)
                           Filter: (ca_gmt_offset = '-7'::numeric)
                           Rows Removed by Filter: 1
                           Buffers: shared hit=143924 read=8400
               ->  Index Scan using customer_demographics_pkey on customer_demographics  (cost=0.43..0.72 rows=1 width=4) (actual time=0.025..0.025 rows=0 loops=5037)
                     Index Cond: (cd_demo_sk = customer.c_current_cdemo_sk)
                     Filter: (((cd_marital_status = 'M'::bpchar) AND (cd_education_status = 'Unknown'::bpchar)) OR ((cd_marital_status = 'W'::bpchar) AND (cd_education_status = 'Advanced Degree'::bpchar)))
                     Rows Removed by Filter: 1
                     Buffers: shared hit=17929 read=1875
         ->  Index Scan using call_center_pkey on call_center  (cost=0.14..0.16 rows=1 width=48) (actual time=0.012..0.012 rows=1 loops=594)
               Index Cond: (cc_call_center_sk = catalog_returns.cr_call_center_sk)
               Buffers: shared hit=1178
 Planning:
   Buffers: shared hit=415
 Planning Time: 4.447 ms
 Execution Time: 12664.304 ms
(54 rows)

