                                                                                                     QUERY PLAN                                                                                                     
--------------------------------------------------------------------------------------------------------------------------------------------------------------------------------------------------------------------
 Aggregate  (cost=716164.96..716164.97 rows=1 width=136) (actual time=14273.437..14273.443 rows=1 loops=1)
   Buffers: shared hit=1482379 read=418106
   ->  Hash Join  (cost=2574.37..716164.39 rows=38 width=58) (actual time=2760.590..14267.432 rows=2885 loops=1)
         Hash Cond: (catalog_returns.cr_call_center_sk = call_center.cc_call_center_sk)
         Buffers: shared hit=1482379 read=418106
         ->  Nested Loop  (cost=2571.69..716161.60 rows=38 width=18) (actual time=2760.508..14265.032 rows=2919 loops=1)
               Buffers: shared hit=1482377 read=418106
               ->  Nested Loop  (cost=2571.27..716105.05 rows=85 width=22) (actual time=2760.470..14178.803 rows=3509 loops=1)
                     Buffers: shared hit=1469055 read=417392
                     ->  Nested Loop  (cost=2570.84..715010.66 rows=1528 width=26) (actual time=2712.425..13105.655 rows=43250 loops=1)
                           Buffers: shared hit=1311880 read=404719
                           ->  Nested Loop  (cost=2570.55..712671.62 rows=9167 width=30) (actual time=2711.792..12775.512 rows=315567 loops=1)
                                 Buffers: shared hit=1290286 read=404719
                                 ->  Hash Join  (cost=2570.12..706541.62 rows=9167 width=22) (actual time=2711.740..5492.114 rows=321885 loops=1)
                                       Hash Cond: (catalog_returns.cr_returned_date_sk = date_dim.d_date_sk)
                                       Buffers: shared hit=28108 read=404629
                                       ->  Seq Scan on catalog_returns  (cost=0.00..647267.12 rows=21600412 width=26) (actual time=0.155..3591.005 rows=21598628 loops=1)
                                             Buffers: shared hit=26634 read=404629
                                       ->  Hash  (cost=2569.73..2569.73 rows=31 width=4) (actual time=18.646..18.647 rows=31 loops=1)
                                             Buckets: 1024  Batches: 1  Memory Usage: 10kB
                                             Buffers: shared hit=1474
                                             ->  Seq Scan on date_dim  (cost=0.00..2569.73 rows=31 width=4) (actual time=10.325..18.630 rows=31 loops=1)
                                                   Filter: ((d_year = 2002) AND (d_moy = 7))
                                                   Rows Removed by Filter: 73018
                                                   Buffers: shared hit=1474
                                 ->  Index Scan using customer_pkey on customer  (cost=0.43..0.67 rows=1 width=16) (actual time=0.022..0.022 rows=1 loops=321885)
                                       Index Cond: (c_customer_sk = catalog_returns.cr_returning_customer_sk)
                                       Buffers: shared hit=1262178 read=90
                           ->  Memoize  (cost=0.29..0.31 rows=1 width=4) (actual time=0.001..0.001 rows=0 loops=315567)
                                 Cache Key: customer.c_current_hdemo_sk
                                 Cache Mode: logical
                                 Hits: 308368  Misses: 7199  Evictions: 0  Overflows: 0  Memory Usage: 521kB
                                 Buffers: shared hit=21594
                                 ->  Index Scan using household_demographics_pkey on household_demographics  (cost=0.28..0.30 rows=1 width=4) (actual time=0.013..0.013 rows=0 loops=7199)
                                       Index Cond: (hd_demo_sk = customer.c_current_hdemo_sk)
                                       Filter: (hd_buy_potential ~~ '1001-5000%'::text)
                                       Rows Removed by Filter: 1
                                       Buffers: shared hit=21594
                     ->  Index Scan using customer_demographics_pkey on customer_demographics  (cost=0.43..0.72 rows=1 width=4) (actual time=0.024..0.024 rows=0 loops=43250)
                           Index Cond: (cd_demo_sk = customer.c_current_cdemo_sk)
                           Filter: (((cd_marital_status = 'M'::bpchar) AND (cd_education_status = 'Unknown'::bpchar)) OR ((cd_marital_status = 'W'::bpchar) AND (cd_education_status = 'Advanced Degree'::bpchar)))
                           Rows Removed by Filter: 1
                           Buffers: shared hit=157175 read=12673
               ->  Index Scan using customer_address_pkey on customer_address  (cost=0.42..0.67 rows=1 width=4) (actual time=0.024..0.024 rows=1 loops=3509)
                     Index Cond: (ca_address_sk = customer.c_current_addr_sk)
                     Filter: (ca_gmt_offset = '-6'::numeric)
                     Rows Removed by Filter: 0
                     Buffers: shared hit=13322 read=714
         ->  Hash  (cost=2.30..2.30 rows=30 width=48) (actual time=0.060..0.060 rows=30 loops=1)
               Buckets: 1024  Batches: 1  Memory Usage: 11kB
               Buffers: shared hit=2
               ->  Seq Scan on call_center  (cost=0.00..2.30 rows=30 width=48) (actual time=0.023..0.040 rows=30 loops=1)
                     Buffers: shared hit=2
 Planning:
   Buffers: shared hit=415
 Planning Time: 4.328 ms
 Execution Time: 14274.114 ms
(57 rows)

