                                                                                                     QUERY PLAN                                                                                                     
--------------------------------------------------------------------------------------------------------------------------------------------------------------------------------------------------------------------
 Aggregate  (cost=716164.96..716164.97 rows=1 width=136) (actual time=13803.810..13803.818 rows=1 loops=1)
   Buffers: shared hit=1367584 read=423625
   ->  Hash Join  (cost=2574.37..716164.39 rows=38 width=58) (actual time=2130.039..13796.518 rows=4060 loops=1)
         Hash Cond: (catalog_returns.cr_call_center_sk = call_center.cc_call_center_sk)
         Buffers: shared hit=1367584 read=423625
         ->  Nested Loop  (cost=2571.69..716161.60 rows=38 width=18) (actual time=2129.931..13793.497 rows=4104 loops=1)
               Buffers: shared hit=1367582 read=423625
               ->  Nested Loop  (cost=2571.27..716105.05 rows=85 width=22) (actual time=2127.109..13597.476 rows=7541 loops=1)
                     Buffers: shared hit=1339303 read=421740
                     ->  Nested Loop  (cost=2570.84..715010.66 rows=1528 width=26) (actual time=2126.760..12379.845 rows=49832 loops=1)
                           Buffers: shared hit=1152294 read=413129
                           ->  Nested Loop  (cost=2570.55..712671.62 rows=9167 width=30) (actual time=2121.862..12060.980 rows=277773 loops=1)
                                 Buffers: shared hit=1130700 read=413129
                                 ->  Hash Join  (cost=2570.12..706541.62 rows=9167 width=22) (actual time=2121.819..5424.921 rows=283537 loops=1)
                                       Hash Cond: (catalog_returns.cr_returned_date_sk = date_dim.d_date_sk)
                                       Buffers: shared hit=19777 read=412960
                                       ->  Seq Scan on catalog_returns  (cost=0.00..647267.12 rows=21600412 width=26) (actual time=0.042..3635.639 rows=21598628 loops=1)
                                             Buffers: shared hit=19777 read=411486
                                       ->  Hash  (cost=2569.73..2569.73 rows=31 width=4) (actual time=23.725..23.726 rows=31 loops=1)
                                             Buckets: 1024  Batches: 1  Memory Usage: 10kB
                                             Buffers: shared read=1474
                                             ->  Seq Scan on date_dim  (cost=0.00..2569.73 rows=31 width=4) (actual time=14.047..23.711 rows=31 loops=1)
                                                   Filter: ((d_year = 2001) AND (d_moy = 10))
                                                   Rows Removed by Filter: 73018
                                                   Buffers: shared read=1474
                                 ->  Index Scan using customer_pkey on customer  (cost=0.43..0.67 rows=1 width=16) (actual time=0.023..0.023 rows=1 loops=283537)
                                       Index Cond: (c_customer_sk = catalog_returns.cr_returning_customer_sk)
                                       Buffers: shared hit=1110923 read=169
                           ->  Memoize  (cost=0.29..0.31 rows=1 width=4) (actual time=0.001..0.001 rows=0 loops=277773)
                                 Cache Key: customer.c_current_hdemo_sk
                                 Cache Mode: logical
                                 Hits: 270574  Misses: 7199  Evictions: 0  Overflows: 0  Memory Usage: 521kB
                                 Buffers: shared hit=21594
                                 ->  Index Scan using household_demographics_pkey on household_demographics  (cost=0.28..0.30 rows=1 width=4) (actual time=0.014..0.014 rows=0 loops=7199)
                                       Index Cond: (hd_demo_sk = customer.c_current_hdemo_sk)
                                       Filter: (hd_buy_potential ~~ '>10000%'::text)
                                       Rows Removed by Filter: 1
                                       Buffers: shared hit=21594
                     ->  Index Scan using customer_demographics_pkey on customer_demographics  (cost=0.43..0.72 rows=1 width=4) (actual time=0.024..0.024 rows=0 loops=49832)
                           Index Cond: (cd_demo_sk = customer.c_current_cdemo_sk)
                           Filter: (((cd_marital_status = 'M'::bpchar) AND (cd_education_status = 'Unknown'::bpchar)) OR ((cd_marital_status = 'W'::bpchar) AND (cd_education_status = 'Advanced Degree'::bpchar)))
                           Rows Removed by Filter: 1
                           Buffers: shared hit=187009 read=8611
               ->  Index Scan using customer_address_pkey on customer_address  (cost=0.42..0.67 rows=1 width=4) (actual time=0.025..0.025 rows=1 loops=7541)
                     Index Cond: (ca_address_sk = customer.c_current_addr_sk)
                     Filter: (ca_gmt_offset = '-6'::numeric)
                     Rows Removed by Filter: 0
                     Buffers: shared hit=28279 read=1885
         ->  Hash  (cost=2.30..2.30 rows=30 width=48) (actual time=0.081..0.081 rows=30 loops=1)
               Buckets: 1024  Batches: 1  Memory Usage: 11kB
               Buffers: shared hit=2
               ->  Seq Scan on call_center  (cost=0.00..2.30 rows=30 width=48) (actual time=0.030..0.051 rows=30 loops=1)
                     Buffers: shared hit=2
 Planning:
   Buffers: shared hit=384 read=31
 Planning Time: 5.071 ms
 Execution Time: 13804.635 ms
(57 rows)

