                                                                                                     QUERY PLAN                                                                                                     
--------------------------------------------------------------------------------------------------------------------------------------------------------------------------------------------------------------------
 Aggregate  (cost=716164.96..716164.97 rows=1 width=136) (actual time=14954.545..14954.554 rows=1 loops=1)
   Buffers: shared hit=1567305 read=420859
   ->  Hash Join  (cost=2574.37..716164.39 rows=38 width=58) (actual time=1629.166..14952.707 rows=623 loops=1)
         Hash Cond: (catalog_returns.cr_call_center_sk = call_center.cc_call_center_sk)
         Buffers: shared hit=1567305 read=420859
         ->  Nested Loop  (cost=2571.69..716161.60 rows=38 width=18) (actual time=1629.059..14951.898 rows=626 loops=1)
               Buffers: shared hit=1567303 read=420859
               ->  Nested Loop  (cost=2571.27..716105.05 rows=85 width=22) (actual time=1628.138..14847.265 rows=3809 loops=1)
                     Buffers: shared hit=1553216 read=419710
                     ->  Nested Loop  (cost=2570.84..715010.66 rows=1528 width=26) (actual time=1622.179..13550.445 rows=51986 loops=1)
                           Buffers: shared hit=1357757 read=410961
                           ->  Nested Loop  (cost=2570.55..712671.62 rows=9167 width=30) (actual time=1617.954..13188.530 rows=328596 loops=1)
                                 Buffers: shared hit=1336160 read=410961
                                 ->  Hash Join  (cost=2570.12..706541.62 rows=9167 width=22) (actual time=1617.903..5393.241 rows=335231 loops=1)
                                       Hash Cond: (catalog_returns.cr_returned_date_sk = date_dim.d_date_sk)
                                       Buffers: shared hit=22129 read=410608
                                       ->  Seq Scan on catalog_returns  (cost=0.00..647267.12 rows=21600412 width=26) (actual time=0.028..3530.234 rows=21598628 loops=1)
                                             Buffers: shared hit=20655 read=410608
                                       ->  Hash  (cost=2569.73..2569.73 rows=31 width=4) (actual time=20.036..20.037 rows=31 loops=1)
                                             Buckets: 1024  Batches: 1  Memory Usage: 10kB
                                             Buffers: shared hit=1474
                                             ->  Seq Scan on date_dim  (cost=0.00..2569.73 rows=31 width=4) (actual time=11.015..20.017 rows=31 loops=1)
                                                   Filter: ((d_year = 2001) AND (d_moy = 3))
                                                   Rows Removed by Filter: 73018
                                                   Buffers: shared hit=1474
                                 ->  Index Scan using customer_pkey on customer  (cost=0.43..0.67 rows=1 width=16) (actual time=0.023..0.023 rows=1 loops=335231)
                                       Index Cond: (c_customer_sk = catalog_returns.cr_returning_customer_sk)
                                       Buffers: shared hit=1314031 read=353
                           ->  Memoize  (cost=0.29..0.31 rows=1 width=4) (actual time=0.001..0.001 rows=0 loops=328596)
                                 Cache Key: customer.c_current_hdemo_sk
                                 Cache Mode: logical
                                 Hits: 321396  Misses: 7200  Evictions: 0  Overflows: 0  Memory Usage: 521kB
                                 Buffers: shared hit=21597
                                 ->  Index Scan using household_demographics_pkey on household_demographics  (cost=0.28..0.30 rows=1 width=4) (actual time=0.015..0.015 rows=0 loops=7200)
                                       Index Cond: (hd_demo_sk = customer.c_current_hdemo_sk)
                                       Filter: (hd_buy_potential ~~ '5001-10000%'::text)
                                       Rows Removed by Filter: 1
                                       Buffers: shared hit=21597
                     ->  Index Scan using customer_demographics_pkey on customer_demographics  (cost=0.43..0.72 rows=1 width=4) (actual time=0.025..0.025 rows=0 loops=51986)
                           Index Cond: (cd_demo_sk = customer.c_current_cdemo_sk)
                           Filter: (((cd_marital_status = 'M'::bpchar) AND (cd_education_status = 'Unknown'::bpchar)) OR ((cd_marital_status = 'W'::bpchar) AND (cd_education_status = 'Advanced Degree'::bpchar)))
                           Rows Removed by Filter: 1
                           Buffers: shared hit=195459 read=8749
               ->  Index Scan using customer_address_pkey on customer_address  (cost=0.42..0.67 rows=1 width=4) (actual time=0.027..0.027 rows=0 loops=3809)
                     Index Cond: (ca_address_sk = customer.c_current_addr_sk)
                     Filter: (ca_gmt_offset = '-6'::numeric)
                     Rows Removed by Filter: 1
                     Buffers: shared hit=14087 read=1149
         ->  Hash  (cost=2.30..2.30 rows=30 width=48) (actual time=0.080..0.081 rows=30 loops=1)
               Buckets: 1024  Batches: 1  Memory Usage: 11kB
               Buffers: shared hit=2
               ->  Seq Scan on call_center  (cost=0.00..2.30 rows=30 width=48) (actual time=0.030..0.053 rows=30 loops=1)
                     Buffers: shared hit=2
 Planning:
   Buffers: shared hit=415
 Planning Time: 4.411 ms
 Execution Time: 14955.446 ms
(57 rows)

