                                                                                                  QUERY PLAN                                                                                                  
--------------------------------------------------------------------------------------------------------------------------------------------------------------------------------------------------------------
 Aggregate  (cost=715661.61..715661.62 rows=1 width=136) (actual time=10546.980..10546.986 rows=1 loops=1)
   Buffers: shared hit=925796 read=418769
   ->  Nested Loop  (cost=2571.81..715661.49 rows=8 width=58) (actual time=80.273..10545.513 rows=528 loops=1)
         Buffers: shared hit=925796 read=418769
         ->  Nested Loop  (cost=2571.67..715660.25 rows=8 width=18) (actual time=80.260..10539.865 rows=531 loops=1)
               Buffers: shared hit=924740 read=418769
               ->  Nested Loop  (cost=2571.24..715550.67 rows=153 width=22) (actual time=69.023..10446.603 rows=3419 loops=1)
                     Buffers: shared hit=911800 read=418281
                     ->  Nested Loop  (cost=2570.82..714599.95 rows=1429 width=26) (actual time=64.433..9696.953 rows=29981 loops=1)
                           Buffers: shared hit=801277 read=408880
                           ->  Nested Loop  (cost=2570.52..712275.72 rows=8575 width=30) (actual time=64.407..9474.409 rows=188961 loops=1)
                                 Buffers: shared hit=779701 read=408880
                                 ->  Hash Join  (cost=2570.10..706541.59 rows=8575 width=22) (actual time=64.345..5118.991 rows=192746 loops=1)
                                       Hash Cond: (catalog_returns.cr_returned_date_sk = date_dim.d_date_sk)
                                       Buffers: shared hit=24014 read=408723
                                       ->  Seq Scan on catalog_returns  (cost=0.00..647267.12 rows=21600412 width=26) (actual time=0.372..3402.656 rows=21598628 loops=1)
                                             Buffers: shared hit=22540 read=408723
                                       ->  Hash  (cost=2569.73..2569.73 rows=29 width=4) (actual time=12.319..12.320 rows=30 loops=1)
                                             Buckets: 1024  Batches: 1  Memory Usage: 10kB
                                             Buffers: shared hit=1474
                                             ->  Seq Scan on date_dim  (cost=0.00..2569.73 rows=29 width=4) (actual time=6.545..12.310 rows=30 loops=1)
                                                   Filter: ((d_year = 1998) AND (d_moy = 11))
                                                   Rows Removed by Filter: 73019
                                                   Buffers: shared hit=1474
                                 ->  Index Scan using customer_pkey on customer  (cost=0.43..0.67 rows=1 width=16) (actual time=0.022..0.022 rows=1 loops=192746)
                                       Index Cond: (c_customer_sk = catalog_returns.cr_returning_customer_sk)
                                       Buffers: shared hit=755687 read=157
                           ->  Memoize  (cost=0.29..0.31 rows=1 width=4) (actual time=0.001..0.001 rows=0 loops=188961)
                                 Cache Key: customer.c_current_hdemo_sk
                                 Cache Mode: logical
                                 Hits: 181768  Misses: 7193  Evictions: 0  Overflows: 0  Memory Usage: 520kB
                                 Buffers: shared hit=21576
                                 ->  Index Scan using household_demographics_pkey on household_demographics  (cost=0.28..0.30 rows=1 width=4) (actual time=0.012..0.012 rows=0 loops=7193)
                                       Index Cond: (hd_demo_sk = customer.c_current_hdemo_sk)
                                       Filter: (hd_buy_potential ~~ '5001-10000%'::text)
                                       Rows Removed by Filter: 1
                                       Buffers: shared hit=21576
                     ->  Index Scan using customer_address_pkey on customer_address  (cost=0.42..0.67 rows=1 width=4) (actual time=0.025..0.025 rows=0 loops=29981)
                           Index Cond: (ca_address_sk = customer.c_current_addr_sk)
                           Filter: (ca_gmt_offset = '-7'::numeric)
                           Rows Removed by Filter: 1
                           Buffers: shared hit=110523 read=9401
               ->  Index Scan using customer_demographics_pkey on customer_demographics  (cost=0.43..0.72 rows=1 width=4) (actual time=0.027..0.027 rows=0 loops=3419)
                     Index Cond: (cd_demo_sk = customer.c_current_cdemo_sk)
                     Filter: (((cd_marital_status = 'M'::bpchar) AND (cd_education_status = 'Unknown'::bpchar)) OR ((cd_marital_status = 'W'::bpchar) AND (cd_education_status = 'Advanced Degree'::bpchar)))
                     Rows Removed by Filter: 1
                     Buffers: shared hit=12940 read=488
         ->  Index Scan using call_center_pkey on call_center  (cost=0.14..0.16 rows=1 width=48) (actual time=0.009..0.009 rows=1 loops=531)
               Index Cond: (cc_call_center_sk = catalog_returns.cr_call_center_sk)
               Buffers: shared hit=1056
 Planning:
   Buffers: shared hit=415
 Planning Time: 1.849 ms
 Execution Time: 10547.424 ms
(54 rows)

