                                                                                                  QUERY PLAN                                                                                                  
--------------------------------------------------------------------------------------------------------------------------------------------------------------------------------------------------------------
 Aggregate  (cost=715661.61..715661.62 rows=1 width=136) (actual time=11714.703..11714.711 rows=1 loops=1)
   Buffers: shared hit=1046377 read=421874
   ->  Nested Loop  (cost=2571.81..715661.49 rows=8 width=58) (actual time=773.752..11713.829 rows=269 loops=1)
         Buffers: shared hit=1046377 read=421874
         ->  Nested Loop  (cost=2571.67..715660.25 rows=8 width=18) (actual time=773.740..11710.168 rows=274 loops=1)
               Buffers: shared hit=1045839 read=421874
               ->  Nested Loop  (cost=2571.24..715550.67 rows=153 width=22) (actual time=773.718..11648.212 rows=2620 loops=1)
                     Buffers: shared hit=1036142 read=421263
                     ->  Nested Loop  (cost=2570.82..714599.95 rows=1429 width=26) (actual time=763.630..10705.386 rows=35934 loops=1)
                           Buffers: shared hit=904496 read=409173
                           ->  Nested Loop  (cost=2570.52..712275.72 rows=8575 width=30) (actual time=761.303..10435.741 rows=214839 loops=1)
                                 Buffers: shared hit=882920 read=409173
                                 ->  Hash Join  (cost=2570.10..706541.59 rows=8575 width=22) (actual time=761.258..5411.686 rows=219252 loops=1)
                                       Hash Cond: (catalog_returns.cr_returned_date_sk = date_dim.d_date_sk)
                                       Buffers: shared hit=23725 read=409012
                                       ->  Seq Scan on catalog_returns  (cost=0.00..647267.12 rows=21600412 width=26) (actual time=1.180..3602.634 rows=21598628 loops=1)
                                             Buffers: shared hit=22251 read=409012
                                       ->  Hash  (cost=2569.73..2569.73 rows=29 width=4) (actual time=20.210..20.211 rows=30 loops=1)
                                             Buckets: 1024  Batches: 1  Memory Usage: 10kB
                                             Buffers: shared hit=1474
                                             ->  Seq Scan on date_dim  (cost=0.00..2569.73 rows=29 width=4) (actual time=11.168..20.195 rows=30 loops=1)
                                                   Filter: ((d_year = 1999) AND (d_moy = 11))
                                                   Rows Removed by Filter: 73019
                                                   Buffers: shared hit=1474
                                 ->  Index Scan using customer_pkey on customer  (cost=0.43..0.67 rows=1 width=16) (actual time=0.022..0.022 rows=1 loops=219252)
                                       Index Cond: (c_customer_sk = catalog_returns.cr_returning_customer_sk)
                                       Buffers: shared hit=859195 read=161
                           ->  Memoize  (cost=0.29..0.31 rows=1 width=4) (actual time=0.001..0.001 rows=0 loops=214839)
                                 Cache Key: customer.c_current_hdemo_sk
                                 Cache Mode: logical
                                 Hits: 207646  Misses: 7193  Evictions: 0  Overflows: 0  Memory Usage: 520kB
                                 Buffers: shared hit=21576
                                 ->  Index Scan using household_demographics_pkey on household_demographics  (cost=0.28..0.30 rows=1 width=4) (actual time=0.015..0.015 rows=0 loops=7193)
                                       Index Cond: (hd_demo_sk = customer.c_current_hdemo_sk)
                                       Filter: (hd_buy_potential ~~ '501-1000%'::text)
                                       Rows Removed by Filter: 1
                                       Buffers: shared hit=21576
                     ->  Index Scan using customer_address_pkey on customer_address  (cost=0.42..0.67 rows=1 width=4) (actual time=0.026..0.026 rows=0 loops=35934)
                           Index Cond: (ca_address_sk = customer.c_current_addr_sk)
                           Filter: (ca_gmt_offset = '-7'::numeric)
                           Rows Removed by Filter: 1
                           Buffers: shared hit=131646 read=12090
               ->  Index Scan using customer_demographics_pkey on customer_demographics  (cost=0.43..0.72 rows=1 width=4) (actual time=0.023..0.023 rows=0 loops=2620)
                     Index Cond: (cd_demo_sk = customer.c_current_cdemo_sk)
                     Filter: (((cd_marital_status = 'M'::bpchar) AND (cd_education_status = 'Unknown'::bpchar)) OR ((cd_marital_status = 'W'::bpchar) AND (cd_education_status = 'Advanced Degree'::bpchar)))
                     Rows Removed by Filter: 1
                     Buffers: shared hit=9697 read=611
         ->  Index Scan using call_center_pkey on call_center  (cost=0.14..0.16 rows=1 width=48) (actual time=0.012..0.012 rows=1 loops=274)
               Index Cond: (cc_call_center_sk = catalog_returns.cr_call_center_sk)
               Buffers: shared hit=538
 Planning:
   Buffers: shared hit=415
 Planning Time: 4.242 ms
 Execution Time: 11715.514 ms
(54 rows)

