                                                                                                  QUERY PLAN                                                                                                  
--------------------------------------------------------------------------------------------------------------------------------------------------------------------------------------------------------------
 Aggregate  (cost=715903.32..715903.33 rows=1 width=136) (actual time=10858.034..10858.039 rows=1 loops=1)
   Buffers: shared hit=926677 read=417048
   ->  Nested Loop  (cost=2571.82..715903.18 rows=9 width=58) (actual time=10858.029..10858.035 rows=0 loops=1)
         Buffers: shared hit=926677 read=417048
         ->  Nested Loop  (cost=2571.68..715901.79 rows=9 width=18) (actual time=10858.029..10858.034 rows=0 loops=1)
               Buffers: shared hit=926677 read=417048
               ->  Nested Loop  (cost=2571.25..715788.62 rows=158 width=22) (actual time=180.744..10782.698 rows=2834 loops=1)
                     Buffers: shared hit=916096 read=416489
                     ->  Nested Loop  (cost=2570.83..714805.30 rows=1478 width=26) (actual time=172.651..10098.328 rows=26275 loops=1)
                           Buffers: shared hit=819429 read=408056
                           ->  Nested Loop  (cost=2570.54..712473.67 rows=8871 width=30) (actual time=156.909..9851.491 rows=193296 loops=1)
                                 Buffers: shared hit=797865 read=408056
                                 ->  Hash Join  (cost=2570.11..706541.60 rows=8871 width=22) (actual time=156.850..5315.549 rows=197234 loops=1)
                                       Hash Cond: (catalog_returns.cr_returned_date_sk = date_dim.d_date_sk)
                                       Buffers: shared hit=24783 read=407954
                                       ->  Seq Scan on catalog_returns  (cost=0.00..647267.12 rows=21600412 width=26) (actual time=0.047..3530.398 rows=21598628 loops=1)
                                             Buffers: shared hit=23309 read=407954
                                       ->  Hash  (cost=2569.73..2569.73 rows=30 width=4) (actual time=20.173..20.174 rows=31 loops=1)
                                             Buckets: 1024  Batches: 1  Memory Usage: 10kB
                                             Buffers: shared hit=1474
                                             ->  Seq Scan on date_dim  (cost=0.00..2569.73 rows=30 width=4) (actual time=11.493..20.158 rows=31 loops=1)
                                                   Filter: ((d_year = 1998) AND (d_moy = 12))
                                                   Rows Removed by Filter: 73018
                                                   Buffers: shared hit=1474
                                 ->  Index Scan using customer_pkey on customer  (cost=0.43..0.67 rows=1 width=16) (actual time=0.022..0.022 rows=1 loops=197234)
                                       Index Cond: (c_customer_sk = catalog_returns.cr_returning_customer_sk)
                                       Buffers: shared hit=773082 read=102
                           ->  Memoize  (cost=0.29..0.31 rows=1 width=4) (actual time=0.001..0.001 rows=0 loops=193296)
                                 Cache Key: customer.c_current_hdemo_sk
                                 Cache Mode: logical
                                 Hits: 186107  Misses: 7189  Evictions: 0  Overflows: 0  Memory Usage: 520kB
                                 Buffers: shared hit=21564
                                 ->  Index Scan using household_demographics_pkey on household_demographics  (cost=0.28..0.30 rows=1 width=4) (actual time=0.014..0.014 rows=0 loops=7189)
                                       Index Cond: (hd_demo_sk = customer.c_current_hdemo_sk)
                                       Filter: (hd_buy_potential ~~ '1001-5000%'::text)
                                       Rows Removed by Filter: 1
                                       Buffers: shared hit=21564
                     ->  Index Scan using customer_address_pkey on customer_address  (cost=0.42..0.67 rows=1 width=4) (actual time=0.026..0.026 rows=0 loops=26275)
                           Index Cond: (ca_address_sk = customer.c_current_addr_sk)
                           Filter: (ca_gmt_offset = '-7'::numeric)
                           Rows Removed by Filter: 1
                           Buffers: shared hit=96667 read=8433
               ->  Index Scan using customer_demographics_pkey on customer_demographics  (cost=0.43..0.72 rows=1 width=4) (actual time=0.026..0.026 rows=0 loops=2834)
                     Index Cond: (cd_demo_sk = customer.c_current_cdemo_sk)
                     Filter: (((cd_marital_status = 'M'::bpchar) AND (cd_education_status = 'Unknown'::bpchar)) OR ((cd_marital_status = 'W'::bpchar) AND (cd_education_status = 'Advanced Degree'::bpchar)))
                     Rows Removed by Filter: 1
                     Buffers: shared hit=10581 read=559
         ->  Index Scan using call_center_pkey on call_center  (cost=0.14..0.16 rows=1 width=48) (never executed)
               Index Cond: (cc_call_center_sk = catalog_returns.cr_call_center_sk)
 Planning:
   Buffers: shared hit=415
 Planning Time: 4.253 ms
 Execution Time: 10858.809 ms
(53 rows)

