                                                                                                     QUERY PLAN                                                                                                     
--------------------------------------------------------------------------------------------------------------------------------------------------------------------------------------------------------------------
 Aggregate  (cost=716164.96..716164.97 rows=1 width=136) (actual time=5986.556..5986.563 rows=1 loops=1)
   Buffers: shared hit=206636 read=402910
   ->  Hash Join  (cost=2574.37..716164.39 rows=38 width=58) (actual time=27.044..5985.970 rows=300 loops=1)
         Hash Cond: (catalog_returns.cr_call_center_sk = call_center.cc_call_center_sk)
         Buffers: shared hit=206636 read=402910
         ->  Nested Loop  (cost=2571.69..716161.60 rows=38 width=18) (actual time=26.941..5985.639 rows=303 loops=1)
               Buffers: shared hit=206634 read=402910
               ->  Nested Loop  (cost=2571.27..716105.05 rows=85 width=22) (actual time=26.908..5975.426 rows=367 loops=1)
                     Buffers: shared hit=205251 read=402825
                     ->  Nested Loop  (cost=2570.84..715010.66 rows=1528 width=26) (actual time=21.424..5850.933 rows=4707 loops=1)
                           Buffers: shared hit=188231 read=401453
                           ->  Nested Loop  (cost=2570.55..712671.62 rows=9167 width=30) (actual time=21.313..5721.254 rows=34091 loops=1)
                                 Buffers: shared hit=167648 read=401453
                                 ->  Hash Join  (cost=2570.12..706541.62 rows=9167 width=22) (actual time=21.244..4983.486 rows=34783 loops=1)
                                       Hash Cond: (catalog_returns.cr_returned_date_sk = date_dim.d_date_sk)
                                       Buffers: shared hit=31301 read=401436
                                       ->  Seq Scan on catalog_returns  (cost=0.00..647267.12 rows=21600412 width=26) (actual time=0.036..3306.973 rows=21598628 loops=1)
                                             Buffers: shared hit=29827 read=401436
                                       ->  Hash  (cost=2569.73..2569.73 rows=31 width=4) (actual time=21.173..21.175 rows=31 loops=1)
                                             Buckets: 1024  Batches: 1  Memory Usage: 10kB
                                             Buffers: shared hit=1474
                                             ->  Seq Scan on date_dim  (cost=0.00..2569.73 rows=31 width=4) (actual time=12.588..21.159 rows=31 loops=1)
                                                   Filter: ((d_year = 1998) AND (d_moy = 3))
                                                   Rows Removed by Filter: 73018
                                                   Buffers: shared hit=1474
                                 ->  Index Scan using customer_pkey on customer  (cost=0.43..0.67 rows=1 width=16) (actual time=0.021..0.021 rows=1 loops=34783)
                                       Index Cond: (c_customer_sk = catalog_returns.cr_returning_customer_sk)
                                       Buffers: shared hit=136347 read=17
                           ->  Memoize  (cost=0.29..0.31 rows=1 width=4) (actual time=0.004..0.004 rows=0 loops=34091)
                                 Cache Key: customer.c_current_hdemo_sk
                                 Cache Mode: logical
                                 Hits: 27229  Misses: 6862  Evictions: 0  Overflows: 0  Memory Usage: 497kB
                                 Buffers: shared hit=20583
                                 ->  Index Scan using household_demographics_pkey on household_demographics  (cost=0.28..0.30 rows=1 width=4) (actual time=0.015..0.015 rows=0 loops=6862)
                                       Index Cond: (hd_demo_sk = customer.c_current_hdemo_sk)
                                       Filter: (hd_buy_potential ~~ '1001-5000%'::text)
                                       Rows Removed by Filter: 1
                                       Buffers: shared hit=20583
                     ->  Index Scan using customer_demographics_pkey on customer_demographics  (cost=0.43..0.72 rows=1 width=4) (actual time=0.026..0.026 rows=0 loops=4707)
                           Index Cond: (cd_demo_sk = customer.c_current_cdemo_sk)
                           Filter: (((cd_marital_status = 'M'::bpchar) AND (cd_education_status = 'Unknown'::bpchar)) OR ((cd_marital_status = 'W'::bpchar) AND (cd_education_status = 'Advanced Degree'::bpchar)))
                           Rows Removed by Filter: 1
                           Buffers: shared hit=17020 read=1372
               ->  Index Scan using customer_address_pkey on customer_address  (cost=0.42..0.67 rows=1 width=4) (actual time=0.027..0.027 rows=1 loops=367)
                     Index Cond: (ca_address_sk = customer.c_current_addr_sk)
                     Filter: (ca_gmt_offset = '-6'::numeric)
                     Rows Removed by Filter: 0
                     Buffers: shared hit=1383 read=85
         ->  Hash  (cost=2.30..2.30 rows=30 width=48) (actual time=0.076..0.077 rows=30 loops=1)
               Buckets: 1024  Batches: 1  Memory Usage: 11kB
               Buffers: shared hit=2
               ->  Seq Scan on call_center  (cost=0.00..2.30 rows=30 width=48) (actual time=0.031..0.050 rows=30 loops=1)
                     Buffers: shared hit=2
 Planning:
   Buffers: shared hit=415
 Planning Time: 4.638 ms
 Execution Time: 5987.387 ms
(57 rows)

