                                                                                                  QUERY PLAN                                                                                                  
--------------------------------------------------------------------------------------------------------------------------------------------------------------------------------------------------------------
 Aggregate  (cost=715903.32..715903.33 rows=1 width=136) (actual time=12801.341..12801.348 rows=1 loops=1)
   Buffers: shared hit=1240566 read=420086
   ->  Nested Loop  (cost=2571.82..715903.18 rows=9 width=58) (actual time=385.886..12799.506 rows=654 loops=1)
         Buffers: shared hit=1240566 read=420086
         ->  Nested Loop  (cost=2571.68..715901.79 rows=9 width=18) (actual time=385.873..12793.005 rows=656 loops=1)
               Buffers: shared hit=1239258 read=420086
               ->  Nested Loop  (cost=2571.25..715788.62 rows=158 width=22) (actual time=363.637..12664.284 rows=4505 loops=1)
                     Buffers: shared hit=1222762 read=418906
                     ->  Nested Loop  (cost=2570.83..714805.30 rows=1478 width=26) (actual time=363.601..11628.746 rows=40380 loops=1)
                           Buffers: shared hit=1069638 read=410510
                           ->  Nested Loop  (cost=2570.54..712473.67 rows=8871 width=30) (actual time=361.539..11329.178 rows=256455 loops=1)
                                 Buffers: shared hit=1048047 read=410510
                                 ->  Hash Join  (cost=2570.11..706541.60 rows=8871 width=22) (actual time=361.481..5430.655 rows=261687 loops=1)
                                       Hash Cond: (catalog_returns.cr_returned_date_sk = date_dim.d_date_sk)
                                       Buffers: shared hit=22350 read=410387
                                       ->  Seq Scan on catalog_returns  (cost=0.00..647267.12 rows=21600412 width=26) (actual time=0.043..3570.271 rows=21598628 loops=1)
                                             Buffers: shared hit=21016 read=410247
                                       ->  Hash  (cost=2569.73..2569.73 rows=30 width=4) (actual time=21.045..21.046 rows=30 loops=1)
                                             Buckets: 1024  Batches: 1  Memory Usage: 10kB
                                             Buffers: shared hit=1334 read=140
                                             ->  Seq Scan on date_dim  (cost=0.00..2569.73 rows=30 width=4) (actual time=10.645..21.030 rows=30 loops=1)
                                                   Filter: ((d_year = 1999) AND (d_moy = 4))
                                                   Rows Removed by Filter: 73019
                                                   Buffers: shared hit=1334 read=140
                                 ->  Index Scan using customer_pkey on customer  (cost=0.43..0.67 rows=1 width=16) (actual time=0.022..0.022 rows=1 loops=261687)
                                       Index Cond: (c_customer_sk = catalog_returns.cr_returning_customer_sk)
                                       Buffers: shared hit=1025697 read=123
                           ->  Memoize  (cost=0.29..0.31 rows=1 width=4) (actual time=0.001..0.001 rows=0 loops=256455)
                                 Cache Key: customer.c_current_hdemo_sk
                                 Cache Mode: logical
                                 Hits: 249257  Misses: 7198  Evictions: 0  Overflows: 0  Memory Usage: 521kB
                                 Buffers: shared hit=21591
                                 ->  Index Scan using household_demographics_pkey on household_demographics  (cost=0.28..0.30 rows=1 width=4) (actual time=0.015..0.015 rows=0 loops=7198)
                                       Index Cond: (hd_demo_sk = customer.c_current_hdemo_sk)
                                       Filter: (hd_buy_potential ~~ '5001-10000%'::text)
                                       Rows Removed by Filter: 1
                                       Buffers: shared hit=21591
                     ->  Index Scan using customer_address_pkey on customer_address  (cost=0.42..0.67 rows=1 width=4) (actual time=0.025..0.025 rows=0 loops=40380)
                           Index Cond: (ca_address_sk = customer.c_current_addr_sk)
                           Filter: (ca_gmt_offset = '-7'::numeric)
                           Rows Removed by Filter: 1
                           Buffers: shared hit=153124 read=8396
               ->  Index Scan using customer_demographics_pkey on customer_demographics  (cost=0.43..0.72 rows=1 width=4) (actual time=0.028..0.028 rows=0 loops=4505)
                     Index Cond: (cd_demo_sk = customer.c_current_cdemo_sk)
                     Filter: (((cd_marital_status = 'M'::bpchar) AND (cd_education_status = 'Unknown'::bpchar)) OR ((cd_marital_status = 'W'::bpchar) AND (cd_education_status = 'Advanced Degree'::bpchar)))
                     Rows Removed by Filter: 1
                     Buffers: shared hit=16496 read=1180
         ->  Index Scan using call_center_pkey on call_center  (cost=0.14..0.16 rows=1 width=48) (actual time=0.009..0.009 rows=1 loops=656)
               Index Cond: (cc_call_center_sk = catalog_returns.cr_call_center_sk)
               Buffers: shared hit=1308
 Planning:
   Buffers: shared hit=384 read=31
 Planning Time: 4.472 ms
 Execution Time: 12801.958 ms
(54 rows)

