                                                                                                     QUERY PLAN                                                                                                     
--------------------------------------------------------------------------------------------------------------------------------------------------------------------------------------------------------------------
 Aggregate  (cost=716164.96..716164.97 rows=1 width=136) (actual time=12829.684..12829.691 rows=1 loops=1)
   Buffers: shared hit=1224453 read=422076
   ->  Hash Join  (cost=2574.37..716164.39 rows=38 width=58) (actual time=1314.620..12828.208 rows=473 loops=1)
         Hash Cond: (catalog_returns.cr_call_center_sk = call_center.cc_call_center_sk)
         Buffers: shared hit=1224453 read=422076
         ->  Nested Loop  (cost=2571.69..716161.60 rows=38 width=18) (actual time=1314.516..12827.536 rows=477 loops=1)
               Buffers: shared hit=1224451 read=422076
               ->  Nested Loop  (cost=2571.27..716105.05 rows=85 width=22) (actual time=1310.592..12752.599 rows=2885 loops=1)
                     Buffers: shared hit=1213456 read=421531
                     ->  Nested Loop  (cost=2570.84..715010.66 rows=1528 width=26) (actual time=1310.563..11739.147 rows=40299 loops=1)
                           Buffers: shared hit=1065399 read=411336
                           ->  Nested Loop  (cost=2570.55..712671.62 rows=9167 width=30) (actual time=1308.313..11427.179 rows=255601 loops=1)
                                 Buffers: shared hit=1043805 read=411336
                                 ->  Hash Join  (cost=2570.12..706541.62 rows=9167 width=22) (actual time=1308.262..5300.669 rows=260972 loops=1)
                                       Hash Cond: (catalog_returns.cr_returned_date_sk = date_dim.d_date_sk)
                                       Buffers: shared hit=21505 read=411232
                                       ->  Seq Scan on catalog_returns  (cost=0.00..647267.12 rows=21600412 width=26) (actual time=0.028..3490.808 rows=21598628 loops=1)
                                             Buffers: shared hit=20031 read=411232
                                       ->  Hash  (cost=2569.73..2569.73 rows=31 width=4) (actual time=21.990..21.991 rows=31 loops=1)
                                             Buckets: 1024  Batches: 1  Memory Usage: 10kB
                                             Buffers: shared hit=1474
                                             ->  Seq Scan on date_dim  (cost=0.00..2569.73 rows=31 width=4) (actual time=10.890..21.976 rows=31 loops=1)
                                                   Filter: ((d_year = 2000) AND (d_moy = 10))
                                                   Rows Removed by Filter: 73018
                                                   Buffers: shared hit=1474
                                 ->  Index Scan using customer_pkey on customer  (cost=0.43..0.67 rows=1 width=16) (actual time=0.023..0.023 rows=1 loops=260972)
                                       Index Cond: (c_customer_sk = catalog_returns.cr_returning_customer_sk)
                                       Buffers: shared hit=1022300 read=104
                           ->  Memoize  (cost=0.29..0.31 rows=1 width=4) (actual time=0.001..0.001 rows=0 loops=255601)
                                 Cache Key: customer.c_current_hdemo_sk
                                 Cache Mode: logical
                                 Hits: 248402  Misses: 7199  Evictions: 0  Overflows: 0  Memory Usage: 521kB
                                 Buffers: shared hit=21594
                                 ->  Index Scan using household_demographics_pkey on household_demographics  (cost=0.28..0.30 rows=1 width=4) (actual time=0.016..0.016 rows=0 loops=7199)
                                       Index Cond: (hd_demo_sk = customer.c_current_hdemo_sk)
                                       Filter: (hd_buy_potential ~~ '5001-10000%'::text)
                                       Rows Removed by Filter: 1
                                       Buffers: shared hit=21594
                     ->  Index Scan using customer_demographics_pkey on customer_demographics  (cost=0.43..0.72 rows=1 width=4) (actual time=0.025..0.025 rows=0 loops=40299)
                           Index Cond: (cd_demo_sk = customer.c_current_cdemo_sk)
                           Filter: (((cd_marital_status = 'M'::bpchar) AND (cd_education_status = 'Unknown'::bpchar)) OR ((cd_marital_status = 'W'::bpchar) AND (cd_education_status = 'Advanced Degree'::bpchar)))
                           Rows Removed by Filter: 1
                           Buffers: shared hit=148057 read=10195
               ->  Index Scan using customer_address_pkey on customer_address  (cost=0.42..0.67 rows=1 width=4) (actual time=0.025..0.025 rows=0 loops=2885)
                     Index Cond: (ca_address_sk = customer.c_current_addr_sk)
                     Filter: (ca_gmt_offset = '-6'::numeric)
                     Rows Removed by Filter: 1
                     Buffers: shared hit=10995 read=545
         ->  Hash  (cost=2.30..2.30 rows=30 width=48) (actual time=0.077..0.078 rows=30 loops=1)
               Buckets: 1024  Batches: 1  Memory Usage: 11kB
               Buffers: shared hit=2
               ->  Seq Scan on call_center  (cost=0.00..2.30 rows=30 width=48) (actual time=0.029..0.050 rows=30 loops=1)
                     Buffers: shared hit=2
 Planning:
   Buffers: shared hit=415
 Planning Time: 4.462 ms
 Execution Time: 12830.519 ms
(57 rows)

