                                                                                                  QUERY PLAN                                                                                                  
--------------------------------------------------------------------------------------------------------------------------------------------------------------------------------------------------------------
 Aggregate  (cost=716146.24..716146.25 rows=1 width=136) (actual time=11573.179..11573.187 rows=1 loops=1)
   Buffers: shared hit=1056763 read=418135
   ->  Nested Loop  (cost=2571.83..716146.10 rows=9 width=58) (actual time=88.636..11572.131 rows=325 loops=1)
         Buffers: shared hit=1056763 read=418135
         ->  Nested Loop  (cost=2571.69..716144.71 rows=9 width=18) (actual time=88.619..11566.525 rows=325 loops=1)
               Buffers: shared hit=1056113 read=418135
               ->  Nested Loop  (cost=2571.27..716027.25 rows=164 width=22) (actual time=37.173..11430.134 rows=5293 loops=1)
                     Buffers: shared hit=1036532 read=416904
                     ->  Nested Loop  (cost=2570.84..715010.66 rows=1528 width=26) (actual time=30.851..10527.226 rows=36464 loops=1)
                           Buffers: shared hit=898764 read=408816
                           ->  Nested Loop  (cost=2570.55..712671.62 rows=9167 width=30) (actual time=30.702..10241.724 rows=213316 loops=1)
                                 Buffers: shared hit=877185 read=408816
                                 ->  Hash Join  (cost=2570.12..706541.62 rows=9167 width=22) (actual time=30.640..5215.156 rows=217679 loops=1)
                                       Hash Cond: (catalog_returns.cr_returned_date_sk = date_dim.d_date_sk)
                                       Buffers: shared hit=24017 read=408720
                                       ->  Seq Scan on catalog_returns  (cost=0.00..647267.12 rows=21600412 width=26) (actual time=0.048..3456.246 rows=21598628 loops=1)
                                             Buffers: shared hit=22543 read=408720
                                       ->  Hash  (cost=2569.73..2569.73 rows=31 width=4) (actual time=30.534..30.535 rows=31 loops=1)
                                             Buckets: 1024  Batches: 1  Memory Usage: 10kB
                                             Buffers: shared hit=1474
                                             ->  Seq Scan on date_dim  (cost=0.00..2569.73 rows=31 width=4) (actual time=18.128..30.520 rows=31 loops=1)
                                                   Filter: ((d_year = 1998) AND (d_moy = 7))
                                                   Rows Removed by Filter: 73018
                                                   Buffers: shared hit=1474
                                 ->  Index Scan using customer_pkey on customer  (cost=0.43..0.67 rows=1 width=16) (actual time=0.023..0.023 rows=1 loops=217679)
                                       Index Cond: (c_customer_sk = catalog_returns.cr_returning_customer_sk)
                                       Buffers: shared hit=853168 read=96
                           ->  Memoize  (cost=0.29..0.31 rows=1 width=4) (actual time=0.001..0.001 rows=0 loops=213316)
                                 Cache Key: customer.c_current_hdemo_sk
                                 Cache Mode: logical
                                 Hits: 206122  Misses: 7194  Evictions: 0  Overflows: 0  Memory Usage: 520kB
                                 Buffers: shared hit=21579
                                 ->  Index Scan using household_demographics_pkey on household_demographics  (cost=0.28..0.30 rows=1 width=4) (actual time=0.017..0.017 rows=0 loops=7194)
                                       Index Cond: (hd_demo_sk = customer.c_current_hdemo_sk)
                                       Filter: (hd_buy_potential ~~ 'Unknown%'::text)
                                       Rows Removed by Filter: 1
                                       Buffers: shared hit=21579
                     ->  Index Scan using customer_address_pkey on customer_address  (cost=0.42..0.67 rows=1 width=4) (actual time=0.024..0.024 rows=0 loops=36464)
                           Index Cond: (ca_address_sk = customer.c_current_addr_sk)
                           Filter: (ca_gmt_offset = '-7'::numeric)
                           Rows Removed by Filter: 1
                           Buffers: shared hit=137768 read=8088
               ->  Index Scan using customer_demographics_pkey on customer_demographics  (cost=0.43..0.72 rows=1 width=4) (actual time=0.025..0.025 rows=0 loops=5293)
                     Index Cond: (cd_demo_sk = customer.c_current_cdemo_sk)
                     Filter: (((cd_marital_status = 'M'::bpchar) AND (cd_education_status = 'Unknown'::bpchar)) OR ((cd_marital_status = 'W'::bpchar) AND (cd_education_status = 'Advanced Degree'::bpchar)))
                     Rows Removed by Filter: 1
                     Buffers: shared hit=19581 read=1231
         ->  Index Scan using call_center_pkey on call_center  (cost=0.14..0.16 rows=1 width=48) (actual time=0.016..0.016 rows=1 loops=325)
               Index Cond: (cc_call_center_sk = catalog_returns.cr_call_center_sk)
               Buffers: shared hit=650
 Planning:
   Buffers: shared hit=415
 Planning Time: 5.063 ms
 Execution Time: 11574.059 ms
(54 rows)

