                                                                                                     QUERY PLAN                                                                                                     
--------------------------------------------------------------------------------------------------------------------------------------------------------------------------------------------------------------------
 Aggregate  (cost=715921.76..715921.77 rows=1 width=136) (actual time=12474.979..12474.985 rows=1 loops=1)
   Buffers: shared hit=1191035 read=419111
   ->  Hash Join  (cost=2574.36..715921.22 rows=36 width=58) (actual time=1034.059..12473.611 rows=457 loops=1)
         Hash Cond: (catalog_returns.cr_call_center_sk = call_center.cc_call_center_sk)
         Buffers: shared hit=1191035 read=419111
         ->  Nested Loop  (cost=2571.68..715918.44 rows=36 width=18) (actual time=1033.952..12472.991 rows=463 loops=1)
               Buffers: shared hit=1191033 read=419111
               ->  Nested Loop  (cost=2571.26..715863.88 rows=82 width=22) (actual time=1010.806..12406.856 rows=2741 loops=1)
                     Buffers: shared hit=1180651 read=418529
                     ->  Nested Loop  (cost=2570.83..714805.30 rows=1478 width=26) (actual time=1010.356..11447.312 rows=38770 loops=1)
                           Buffers: shared hit=1039072 read=407916
                           ->  Nested Loop  (cost=2570.54..712473.67 rows=8871 width=30) (actual time=1006.751..11147.658 rows=248168 loops=1)
                                 Buffers: shared hit=1017493 read=407916
                                 ->  Hash Join  (cost=2570.11..706541.60 rows=8871 width=22) (actual time=1006.702..5369.970 rows=253475 loops=1)
                                       Hash Cond: (catalog_returns.cr_returned_date_sk = date_dim.d_date_sk)
                                       Buffers: shared hit=24969 read=407768
                                       ->  Seq Scan on catalog_returns  (cost=0.00..647267.12 rows=21600412 width=26) (actual time=0.222..3573.728 rows=21598628 loops=1)
                                             Buffers: shared hit=23495 read=407768
                                       ->  Hash  (cost=2569.73..2569.73 rows=30 width=4) (actual time=20.263..20.264 rows=30 loops=1)
                                             Buckets: 1024  Batches: 1  Memory Usage: 10kB
                                             Buffers: shared hit=1474
                                             ->  Seq Scan on date_dim  (cost=0.00..2569.73 rows=30 width=4) (actual time=11.552..20.246 rows=30 loops=1)
                                                   Filter: ((d_year = 2000) AND (d_moy = 4))
                                                   Rows Removed by Filter: 73019
                                                   Buffers: shared hit=1474
                                 ->  Index Scan using customer_pkey on customer  (cost=0.43..0.67 rows=1 width=16) (actual time=0.022..0.022 rows=1 loops=253475)
                                       Index Cond: (c_customer_sk = catalog_returns.cr_returning_customer_sk)
                                       Buffers: shared hit=992524 read=148
                           ->  Memoize  (cost=0.29..0.31 rows=1 width=4) (actual time=0.001..0.001 rows=0 loops=248168)
                                 Cache Key: customer.c_current_hdemo_sk
                                 Cache Mode: logical
                                 Hits: 240974  Misses: 7194  Evictions: 0  Overflows: 0  Memory Usage: 520kB
                                 Buffers: shared hit=21579
                                 ->  Index Scan using household_demographics_pkey on household_demographics  (cost=0.28..0.30 rows=1 width=4) (actual time=0.016..0.016 rows=0 loops=7194)
                                       Index Cond: (hd_demo_sk = customer.c_current_hdemo_sk)
                                       Filter: (hd_buy_potential ~~ '5001-10000%'::text)
                                       Rows Removed by Filter: 1
                                       Buffers: shared hit=21579
                     ->  Index Scan using customer_demographics_pkey on customer_demographics  (cost=0.43..0.72 rows=1 width=4) (actual time=0.024..0.024 rows=0 loops=38770)
                           Index Cond: (cd_demo_sk = customer.c_current_cdemo_sk)
                           Filter: (((cd_marital_status = 'M'::bpchar) AND (cd_education_status = 'Unknown'::bpchar)) OR ((cd_marital_status = 'W'::bpchar) AND (cd_education_status = 'Advanced Degree'::bpchar)))
                           Rows Removed by Filter: 1
                           Buffers: shared hit=141579 read=10613
               ->  Index Scan using customer_address_pkey on customer_address  (cost=0.42..0.67 rows=1 width=4) (actual time=0.024..0.024 rows=0 loops=2741)
                     Index Cond: (ca_address_sk = customer.c_current_addr_sk)
                     Filter: (ca_gmt_offset = '-6'::numeric)
                     Rows Removed by Filter: 1
                     Buffers: shared hit=10382 read=582
         ->  Hash  (cost=2.30..2.30 rows=30 width=48) (actual time=0.079..0.080 rows=30 loops=1)
               Buckets: 1024  Batches: 1  Memory Usage: 11kB
               Buffers: shared hit=2
               ->  Seq Scan on call_center  (cost=0.00..2.30 rows=30 width=48) (actual time=0.030..0.052 rows=30 loops=1)
                     Buffers: shared hit=2
 Planning:
   Buffers: shared hit=415
 Planning Time: 4.505 ms
 Execution Time: 12475.845 ms
(57 rows)

