                                                                                                     QUERY PLAN                                                                                                     
--------------------------------------------------------------------------------------------------------------------------------------------------------------------------------------------------------------------
 Aggregate  (cost=716164.96..716164.97 rows=1 width=136) (actual time=5884.989..5884.996 rows=1 loops=1)
   Buffers: shared hit=210144 read=401238
   ->  Hash Join  (cost=2574.37..716164.39 rows=38 width=58) (actual time=5884.985..5884.991 rows=0 loops=1)
         Hash Cond: (catalog_returns.cr_call_center_sk = call_center.cc_call_center_sk)
         Buffers: shared hit=210144 read=401238
         ->  Nested Loop  (cost=2571.69..716161.60 rows=38 width=18) (actual time=5884.877..5884.882 rows=0 loops=1)
               Buffers: shared hit=210142 read=401238
               ->  Nested Loop  (cost=2571.27..716105.05 rows=85 width=22) (actual time=36.842..5876.737 rows=247 loops=1)
                     Buffers: shared hit=209255 read=401137
                     ->  Nested Loop  (cost=2570.84..715010.66 rows=1528 width=26) (actual time=20.955..5753.388 rows=5274 loops=1)
                           Buffers: shared hit=189583 read=400101
                           ->  Nested Loop  (cost=2570.55..712671.62 rows=9167 width=30) (actual time=20.928..5619.882 rows=34091 loops=1)
                                 Buffers: shared hit=169000 read=400101
                                 ->  Hash Join  (cost=2570.12..706541.62 rows=9167 width=22) (actual time=20.881..4850.261 rows=34783 loops=1)
                                       Hash Cond: (catalog_returns.cr_returned_date_sk = date_dim.d_date_sk)
                                       Buffers: shared hit=32660 read=400077
                                       ->  Seq Scan on catalog_returns  (cost=0.00..647267.12 rows=21600412 width=26) (actual time=0.041..3296.097 rows=21598628 loops=1)
                                             Buffers: shared hit=31478 read=399785
                                       ->  Hash  (cost=2569.73..2569.73 rows=31 width=4) (actual time=20.809..20.809 rows=31 loops=1)
                                             Buckets: 1024  Batches: 1  Memory Usage: 10kB
                                             Buffers: shared hit=1182 read=292
                                             ->  Seq Scan on date_dim  (cost=0.00..2569.73 rows=31 width=4) (actual time=11.527..20.797 rows=31 loops=1)
                                                   Filter: ((d_year = 1998) AND (d_moy = 3))
                                                   Rows Removed by Filter: 73018
                                                   Buffers: shared hit=1182 read=292
                                 ->  Index Scan using customer_pkey on customer  (cost=0.43..0.67 rows=1 width=16) (actual time=0.022..0.022 rows=1 loops=34783)
                                       Index Cond: (c_customer_sk = catalog_returns.cr_returning_customer_sk)
                                       Buffers: shared hit=136340 read=24
                           ->  Memoize  (cost=0.29..0.31 rows=1 width=4) (actual time=0.004..0.004 rows=0 loops=34091)
                                 Cache Key: customer.c_current_hdemo_sk
                                 Cache Mode: logical
                                 Hits: 27229  Misses: 6862  Evictions: 0  Overflows: 0  Memory Usage: 497kB
                                 Buffers: shared hit=20583
                                 ->  Index Scan using household_demographics_pkey on household_demographics  (cost=0.28..0.30 rows=1 width=4) (actual time=0.016..0.016 rows=0 loops=6862)
                                       Index Cond: (hd_demo_sk = customer.c_current_hdemo_sk)
                                       Filter: (hd_buy_potential ~~ '0-500%'::text)
                                       Rows Removed by Filter: 1
                                       Buffers: shared hit=20583
                     ->  Index Scan using customer_demographics_pkey on customer_demographics  (cost=0.43..0.72 rows=1 width=4) (actual time=0.023..0.023 rows=0 loops=5274)
                           Index Cond: (cd_demo_sk = customer.c_current_cdemo_sk)
                           Filter: (((cd_marital_status = 'M'::bpchar) AND (cd_education_status = 'Unknown'::bpchar)) OR ((cd_marital_status = 'W'::bpchar) AND (cd_education_status = 'Advanced Degree'::bpchar)))
                           Rows Removed by Filter: 1
                           Buffers: shared hit=19672 read=1036
               ->  Index Scan using customer_address_pkey on customer_address  (cost=0.42..0.67 rows=1 width=4) (actual time=0.032..0.032 rows=0 loops=247)
                     Index Cond: (ca_address_sk = customer.c_current_addr_sk)
                     Filter: (ca_gmt_offset = '-6'::numeric)
                     Rows Removed by Filter: 1
                     Buffers: shared hit=887 read=101
         ->  Hash  (cost=2.30..2.30 rows=30 width=48) (actual time=0.085..0.086 rows=30 loops=1)
               Buckets: 1024  Batches: 1  Memory Usage: 11kB
               Buffers: shared hit=2
               ->  Seq Scan on call_center  (cost=0.00..2.30 rows=30 width=48) (actual time=0.031..0.055 rows=30 loops=1)
                     Buffers: shared hit=2
 Planning:
   Buffers: shared hit=384 read=31
 Planning Time: 5.759 ms
 Execution Time: 5885.701 ms
(57 rows)

