                                                                                                  QUERY PLAN                                                                                                  
--------------------------------------------------------------------------------------------------------------------------------------------------------------------------------------------------------------
 Aggregate  (cost=716146.24..716146.25 rows=1 width=136) (actual time=12395.422..12395.428 rows=1 loops=1)
   Buffers: shared hit=1165388 read=424800
   ->  Nested Loop  (cost=2571.83..716146.10 rows=9 width=58) (actual time=1189.755..12394.445 rows=290 loops=1)
         Buffers: shared hit=1165388 read=424800
         ->  Nested Loop  (cost=2571.69..716144.71 rows=9 width=18) (actual time=1189.733..12390.958 rows=294 loops=1)
               Buffers: shared hit=1164808 read=424800
               ->  Nested Loop  (cost=2571.27..716027.25 rows=164 width=22) (actual time=1155.431..12303.816 rows=2973 loops=1)
                     Buffers: shared hit=1154003 read=423981
                     ->  Nested Loop  (cost=2570.84..715010.66 rows=1528 width=26) (actual time=1151.328..11223.395 rows=40564 loops=1)
                           Buffers: shared hit=1004847 read=410881
                           ->  Nested Loop  (cost=2570.55..712671.62 rows=9167 width=30) (actual time=1144.762..10928.732 rows=240350 loops=1)
                                 Buffers: shared hit=983256 read=410881
                                 ->  Hash Join  (cost=2570.12..706541.62 rows=9167 width=22) (actual time=1144.691..5217.149 rows=245202 loops=1)
                                       Hash Cond: (catalog_returns.cr_returned_date_sk = date_dim.d_date_sk)
                                       Buffers: shared hit=22044 read=410693
                                       ->  Seq Scan on catalog_returns  (cost=0.00..647267.12 rows=21600412 width=26) (actual time=0.202..3456.393 rows=21598628 loops=1)
                                             Buffers: shared hit=20570 read=410693
                                       ->  Hash  (cost=2569.73..2569.73 rows=31 width=4) (actual time=21.546..21.547 rows=31 loops=1)
                                             Buckets: 1024  Batches: 1  Memory Usage: 10kB
                                             Buffers: shared hit=1474
                                             ->  Seq Scan on date_dim  (cost=0.00..2569.73 rows=31 width=4) (actual time=11.977..21.530 rows=31 loops=1)
                                                   Filter: ((d_year = 2000) AND (d_moy = 7))
                                                   Rows Removed by Filter: 73018
                                                   Buffers: shared hit=1474
                                 ->  Index Scan using customer_pkey on customer  (cost=0.43..0.67 rows=1 width=16) (actual time=0.023..0.023 rows=1 loops=245202)
                                       Index Cond: (c_customer_sk = catalog_returns.cr_returning_customer_sk)
                                       Buffers: shared hit=961212 read=188
                           ->  Memoize  (cost=0.29..0.31 rows=1 width=4) (actual time=0.001..0.001 rows=0 loops=240350)
                                 Cache Key: customer.c_current_hdemo_sk
                                 Cache Mode: logical
                                 Hits: 233152  Misses: 7198  Evictions: 0  Overflows: 0  Memory Usage: 521kB
                                 Buffers: shared hit=21591
                                 ->  Index Scan using household_demographics_pkey on household_demographics  (cost=0.28..0.30 rows=1 width=4) (actual time=0.015..0.015 rows=0 loops=7198)
                                       Index Cond: (hd_demo_sk = customer.c_current_hdemo_sk)
                                       Filter: (hd_buy_potential ~~ '501-1000%'::text)
                                       Rows Removed by Filter: 1
                                       Buffers: shared hit=21591
                     ->  Index Scan using customer_address_pkey on customer_address  (cost=0.42..0.67 rows=1 width=4) (actual time=0.026..0.026 rows=0 loops=40564)
                           Index Cond: (ca_address_sk = customer.c_current_addr_sk)
                           Filter: (ca_gmt_offset = '-7'::numeric)
                           Rows Removed by Filter: 1
                           Buffers: shared hit=149156 read=13100
               ->  Index Scan using customer_demographics_pkey on customer_demographics  (cost=0.43..0.72 rows=1 width=4) (actual time=0.029..0.029 rows=0 loops=2973)
                     Index Cond: (cd_demo_sk = customer.c_current_cdemo_sk)
                     Filter: (((cd_marital_status = 'M'::bpchar) AND (cd_education_status = 'Unknown'::bpchar)) OR ((cd_marital_status = 'W'::bpchar) AND (cd_education_status = 'Advanced Degree'::bpchar)))
                     Rows Removed by Filter: 1
                     Buffers: shared hit=10805 read=819
         ->  Index Scan using call_center_pkey on call_center  (cost=0.14..0.16 rows=1 width=48) (actual time=0.010..0.010 rows=1 loops=294)
               Index Cond: (cc_call_center_sk = catalog_returns.cr_call_center_sk)
               Buffers: shared hit=580
 Planning:
   Buffers: shared hit=415
 Planning Time: 4.397 ms
 Execution Time: 12396.235 ms
(54 rows)

