                                                                                                     QUERY PLAN                                                                                                     
--------------------------------------------------------------------------------------------------------------------------------------------------------------------------------------------------------------------
 Aggregate  (cost=715921.76..715921.77 rows=1 width=136) (actual time=13075.376..13075.383 rows=1 loops=1)
   Buffers: shared hit=1286710 read=404724
   ->  Hash Join  (cost=2574.36..715921.22 rows=36 width=58) (actual time=2092.997..13068.403 rows=3725 loops=1)
         Hash Cond: (catalog_returns.cr_call_center_sk = call_center.cc_call_center_sk)
         Buffers: shared hit=1286710 read=404724
         ->  Nested Loop  (cost=2571.68..715918.44 rows=36 width=18) (actual time=2092.892..13065.583 rows=3767 loops=1)
               Buffers: shared hit=1286708 read=404724
               ->  Nested Loop  (cost=2571.26..715863.88 rows=82 width=22) (actual time=2092.858..12918.668 rows=4781 loops=1)
                     Buffers: shared hit=1271732 read=400576
                     ->  Nested Loop  (cost=2570.83..714805.30 rows=1478 width=26) (actual time=2067.564..11859.428 rows=44450 loops=1)
                           Buffers: shared hit=1100896 read=396868
                           ->  Nested Loop  (cost=2570.54..712473.67 rows=8871 width=30) (actual time=2053.583..11544.433 rows=260859 loops=1)
                                 Buffers: shared hit=1079305 read=396868
                                 ->  Hash Join  (cost=2570.11..706541.60 rows=8871 width=22) (actual time=2053.543..5461.866 rows=266327 loops=1)
                                       Hash Cond: (catalog_returns.cr_returned_date_sk = date_dim.d_date_sk)
                                       Buffers: shared hit=36136 read=396601
                                       ->  Seq Scan on catalog_returns  (cost=0.00..647267.12 rows=21600412 width=26) (actual time=0.036..3561.825 rows=21598628 loops=1)
                                             Buffers: shared hit=35487 read=395776
                                       ->  Hash  (cost=2569.73..2569.73 rows=30 width=4) (actual time=24.406..24.407 rows=30 loops=1)
                                             Buckets: 1024  Batches: 1  Memory Usage: 10kB
                                             Buffers: shared hit=649 read=825
                                             ->  Seq Scan on date_dim  (cost=0.00..2569.73 rows=30 width=4) (actual time=13.093..24.394 rows=30 loops=1)
                                                   Filter: ((d_year = 2001) AND (d_moy = 9))
                                                   Rows Removed by Filter: 73019
                                                   Buffers: shared hit=649 read=825
                                 ->  Index Scan using customer_pkey on customer  (cost=0.43..0.67 rows=1 width=16) (actual time=0.022..0.022 rows=1 loops=266327)
                                       Index Cond: (c_customer_sk = catalog_returns.cr_returning_customer_sk)
                                       Buffers: shared hit=1043169 read=267
                           ->  Memoize  (cost=0.29..0.31 rows=1 width=4) (actual time=0.001..0.001 rows=0 loops=260859)
                                 Cache Key: customer.c_current_hdemo_sk
                                 Cache Mode: logical
                                 Hits: 253661  Misses: 7198  Evictions: 0  Overflows: 0  Memory Usage: 521kB
                                 Buffers: shared hit=21591
                                 ->  Index Scan using household_demographics_pkey on household_demographics  (cost=0.28..0.30 rows=1 width=4) (actual time=0.016..0.016 rows=0 loops=7198)
                                       Index Cond: (hd_demo_sk = customer.c_current_hdemo_sk)
                                       Filter: (hd_buy_potential ~~ 'Unknown%'::text)
                                       Rows Removed by Filter: 1
                                       Buffers: shared hit=21591
                     ->  Index Scan using customer_demographics_pkey on customer_demographics  (cost=0.43..0.72 rows=1 width=4) (actual time=0.023..0.023 rows=0 loops=44450)
                           Index Cond: (cd_demo_sk = customer.c_current_cdemo_sk)
                           Filter: (((cd_marital_status = 'M'::bpchar) AND (cd_education_status = 'Unknown'::bpchar)) OR ((cd_marital_status = 'W'::bpchar) AND (cd_education_status = 'Advanced Degree'::bpchar)))
                           Rows Removed by Filter: 1
                           Buffers: shared hit=170836 read=3708
               ->  Index Scan using customer_address_pkey on customer_address  (cost=0.42..0.67 rows=1 width=4) (actual time=0.030..0.030 rows=1 loops=4781)
                     Index Cond: (ca_address_sk = customer.c_current_addr_sk)
                     Filter: (ca_gmt_offset = '-6'::numeric)
                     Rows Removed by Filter: 0
                     Buffers: shared hit=14976 read=4148
         ->  Hash  (cost=2.30..2.30 rows=30 width=48) (actual time=0.077..0.078 rows=30 loops=1)
               Buckets: 1024  Batches: 1  Memory Usage: 11kB
               Buffers: shared hit=2
               ->  Seq Scan on call_center  (cost=0.00..2.30 rows=30 width=48) (actual time=0.030..0.051 rows=30 loops=1)
                     Buffers: shared hit=2
 Planning:
   Buffers: shared hit=415
 Planning Time: 4.636 ms
 Execution Time: 13076.223 ms
(57 rows)

