                                                                                                  QUERY PLAN                                                                                                  
--------------------------------------------------------------------------------------------------------------------------------------------------------------------------------------------------------------
 Aggregate  (cost=715903.32..715903.33 rows=1 width=136) (actual time=15432.901..15432.906 rows=1 loops=1)
   Buffers: shared hit=1636616 read=427920
   ->  Nested Loop  (cost=2571.82..715903.18 rows=9 width=58) (actual time=3154.496..15430.522 rows=849 loops=1)
         Buffers: shared hit=1636616 read=427920
         ->  Nested Loop  (cost=2571.68..715901.79 rows=9 width=18) (actual time=3154.473..15419.123 rows=856 loops=1)
               Buffers: shared hit=1634918 read=427920
               ->  Nested Loop  (cost=2571.25..715788.62 rows=158 width=22) (actual time=3143.426..15247.786 rows=7087 loops=1)
                     Buffers: shared hit=1607695 read=427343
                     ->  Nested Loop  (cost=2570.83..714805.30 rows=1478 width=26) (actual time=3136.476..13907.128 rows=52735 loops=1)
                           Buffers: shared hit=1423629 read=400469
                           ->  Nested Loop  (cost=2570.54..712473.67 rows=8871 width=30) (actual time=3135.940..13552.722 rows=342441 loops=1)
                                 Buffers: shared hit=1402032 read=400469
                                 ->  Hash Join  (cost=2570.11..706541.60 rows=8871 width=22) (actual time=3134.230..5666.718 rows=349495 loops=1)
                                       Hash Cond: (catalog_returns.cr_returned_date_sk = date_dim.d_date_sk)
                                       Buffers: shared hit=32580 read=400157
                                       ->  Seq Scan on catalog_returns  (cost=0.00..647267.12 rows=21600412 width=26) (actual time=0.052..3727.369 rows=21598628 loops=1)
                                             Buffers: shared hit=31106 read=400157
                                       ->  Hash  (cost=2569.73..2569.73 rows=30 width=4) (actual time=19.351..19.352 rows=31 loops=1)
                                             Buckets: 1024  Batches: 1  Memory Usage: 10kB
                                             Buffers: shared hit=1474
                                             ->  Seq Scan on date_dim  (cost=0.00..2569.73 rows=30 width=4) (actual time=12.382..19.333 rows=31 loops=1)
                                                   Filter: ((d_year = 2002) AND (d_moy = 12))
                                                   Rows Removed by Filter: 73018
                                                   Buffers: shared hit=1474
                                 ->  Index Scan using customer_pkey on customer  (cost=0.43..0.67 rows=1 width=16) (actual time=0.022..0.022 rows=1 loops=349495)
                                       Index Cond: (c_customer_sk = catalog_returns.cr_returning_customer_sk)
                                       Buffers: shared hit=1369452 read=312
                           ->  Memoize  (cost=0.29..0.31 rows=1 width=4) (actual time=0.001..0.001 rows=0 loops=342441)
                                 Cache Key: customer.c_current_hdemo_sk
                                 Cache Mode: logical
                                 Hits: 335241  Misses: 7200  Evictions: 0  Overflows: 0  Memory Usage: 521kB
                                 Buffers: shared hit=21597
                                 ->  Index Scan using household_demographics_pkey on household_demographics  (cost=0.28..0.30 rows=1 width=4) (actual time=0.014..0.014 rows=0 loops=7200)
                                       Index Cond: (hd_demo_sk = customer.c_current_hdemo_sk)
                                       Filter: (hd_buy_potential ~~ '0-500%'::text)
                                       Rows Removed by Filter: 1
                                       Buffers: shared hit=21597
                     ->  Index Scan using customer_address_pkey on customer_address  (cost=0.42..0.67 rows=1 width=4) (actual time=0.025..0.025 rows=0 loops=52735)
                           Index Cond: (ca_address_sk = customer.c_current_addr_sk)
                           Filter: (ca_gmt_offset = '-7'::numeric)
                           Rows Removed by Filter: 1
                           Buffers: shared hit=184066 read=26874
               ->  Index Scan using customer_demographics_pkey on customer_demographics  (cost=0.43..0.72 rows=1 width=4) (actual time=0.024..0.024 rows=0 loops=7087)
                     Index Cond: (cd_demo_sk = customer.c_current_cdemo_sk)
                     Filter: (((cd_marital_status = 'M'::bpchar) AND (cd_education_status = 'Unknown'::bpchar)) OR ((cd_marital_status = 'W'::bpchar) AND (cd_education_status = 'Advanced Degree'::bpchar)))
                     Rows Removed by Filter: 1
                     Buffers: shared hit=27223 read=577
         ->  Index Scan using call_center_pkey on call_center  (cost=0.14..0.16 rows=1 width=48) (actual time=0.012..0.012 rows=1 loops=856)
               Index Cond: (cc_call_center_sk = catalog_returns.cr_call_center_sk)
               Buffers: shared hit=1698
 Planning:
   Buffers: shared hit=415
 Planning Time: 4.623 ms
 Execution Time: 15433.741 ms
(54 rows)

