                                                                                                     QUERY PLAN                                                                                                     
--------------------------------------------------------------------------------------------------------------------------------------------------------------------------------------------------------------------
 Aggregate  (cost=715921.76..715921.77 rows=1 width=136) (actual time=12533.145..12533.152 rows=1 loops=1)
   Buffers: shared hit=1196286 read=414839
   ->  Hash Join  (cost=2574.36..715921.22 rows=36 width=58) (actual time=1022.553..12531.716 rows=464 loops=1)
         Hash Cond: (catalog_returns.cr_call_center_sk = call_center.cc_call_center_sk)
         Buffers: shared hit=1196286 read=414839
         ->  Nested Loop  (cost=2571.68..715918.44 rows=36 width=18) (actual time=1022.461..12531.084 rows=465 loops=1)
               Buffers: shared hit=1196284 read=414839
               ->  Nested Loop  (cost=2571.26..715863.88 rows=82 width=22) (actual time=980.987..12458.698 rows=2808 loops=1)
                     Buffers: shared hit=1185976 read=413915
                     ->  Nested Loop  (cost=2570.83..714805.30 rows=1478 width=26) (actual time=978.426..11493.036 rows=39412 loops=1)
                           Buffers: shared hit=1034174 read=410901
                           ->  Nested Loop  (cost=2570.54..712473.67 rows=8871 width=30) (actual time=978.399..11201.827 rows=247689 loops=1)
                                 Buffers: shared hit=1012592 read=410901
                                 ->  Hash Join  (cost=2570.11..706541.60 rows=8871 width=22) (actual time=978.334..5374.186 rows=252693 loops=1)
                                       Hash Cond: (catalog_returns.cr_returned_date_sk = date_dim.d_date_sk)
                                       Buffers: shared hit=21966 read=410771
                                       ->  Seq Scan on catalog_returns  (cost=0.00..647267.12 rows=21600412 width=26) (actual time=0.037..3611.644 rows=21598628 loops=1)
                                             Buffers: shared hit=21775 read=409488
                                       ->  Hash  (cost=2569.73..2569.73 rows=30 width=4) (actual time=22.793..22.795 rows=31 loops=1)
                                             Buckets: 1024  Batches: 1  Memory Usage: 10kB
                                             Buffers: shared hit=191 read=1283
                                             ->  Seq Scan on date_dim  (cost=0.00..2569.73 rows=30 width=4) (actual time=12.940..22.776 rows=31 loops=1)
                                                   Filter: ((d_year = 2000) AND (d_moy = 5))
                                                   Rows Removed by Filter: 73018
                                                   Buffers: shared hit=191 read=1283
                                 ->  Index Scan using customer_pkey on customer  (cost=0.43..0.67 rows=1 width=16) (actual time=0.023..0.023 rows=1 loops=252693)
                                       Index Cond: (c_customer_sk = catalog_returns.cr_returning_customer_sk)
                                       Buffers: shared hit=990626 read=130
                           ->  Memoize  (cost=0.29..0.31 rows=1 width=4) (actual time=0.001..0.001 rows=0 loops=247689)
                                 Cache Key: customer.c_current_hdemo_sk
                                 Cache Mode: logical
                                 Hits: 240494  Misses: 7195  Evictions: 0  Overflows: 0  Memory Usage: 520kB
                                 Buffers: shared hit=21582
                                 ->  Index Scan using household_demographics_pkey on household_demographics  (cost=0.28..0.30 rows=1 width=4) (actual time=0.015..0.015 rows=0 loops=7195)
                                       Index Cond: (hd_demo_sk = customer.c_current_hdemo_sk)
                                       Filter: (hd_buy_potential ~~ '5001-10000%'::text)
                                       Rows Removed by Filter: 1
                                       Buffers: shared hit=21582
                     ->  Index Scan using customer_demographics_pkey on customer_demographics  (cost=0.43..0.72 rows=1 width=4) (actual time=0.024..0.024 rows=0 loops=39412)
                           Index Cond: (cd_demo_sk = customer.c_current_cdemo_sk)
                           Filter: (((cd_marital_status = 'M'::bpchar) AND (cd_education_status = 'Unknown'::bpchar)) OR ((cd_marital_status = 'W'::bpchar) AND (cd_education_status = 'Advanced Degree'::bpchar)))
                           Rows Removed by Filter: 1
                           Buffers: shared hit=151802 read=3014
               ->  Index Scan using customer_address_pkey on customer_address  (cost=0.42..0.67 rows=1 width=4) (actual time=0.025..0.025 rows=0 loops=2808)
                     Index Cond: (ca_address_sk = customer.c_current_addr_sk)
                     Filter: (ca_gmt_offset = '-6'::numeric)
                     Rows Removed by Filter: 1
                     Buffers: shared hit=10308 read=924
         ->  Hash  (cost=2.30..2.30 rows=30 width=48) (actual time=0.068..0.068 rows=30 loops=1)
               Buckets: 1024  Batches: 1  Memory Usage: 11kB
               Buffers: shared hit=2
               ->  Seq Scan on call_center  (cost=0.00..2.30 rows=30 width=48) (actual time=0.025..0.043 rows=30 loops=1)
                     Buffers: shared hit=2
 Planning:
   Buffers: shared hit=384 read=31
 Planning Time: 4.458 ms
 Execution Time: 12533.836 ms
(57 rows)

