                                                                                                  QUERY PLAN                                                                                                  
--------------------------------------------------------------------------------------------------------------------------------------------------------------------------------------------------------------
 Aggregate  (cost=715903.32..715903.33 rows=1 width=136) (actual time=11984.953..11984.959 rows=1 loops=1)
   Buffers: shared hit=1122351 read=421886
   ->  Nested Loop  (cost=2571.82..715903.18 rows=9 width=58) (actual time=34.335..11983.373 rows=563 loops=1)
         Buffers: shared hit=1122351 read=421886
         ->  Nested Loop  (cost=2571.68..715901.79 rows=9 width=18) (actual time=34.323..11975.544 rows=574 loops=1)
               Buffers: shared hit=1121225 read=421886
               ->  Nested Loop  (cost=2571.25..715788.62 rows=158 width=22) (actual time=30.668..11846.331 rows=4804 loops=1)
                     Buffers: shared hit=1102798 read=421485
                     ->  Nested Loop  (cost=2570.83..714805.30 rows=1478 width=26) (actual time=27.520..10950.649 rows=35655 loops=1)
                           Buffers: shared hit=968950 read=412713
                           ->  Nested Loop  (cost=2570.54..712473.67 rows=8871 width=30) (actual time=27.394..10653.518 rows=231836 loops=1)
                                 Buffers: shared hit=947368 read=412713
                                 ->  Hash Join  (cost=2570.11..706541.60 rows=8871 width=22) (actual time=27.347..5255.038 rows=236498 loops=1)
                                       Hash Cond: (catalog_returns.cr_returned_date_sk = date_dim.d_date_sk)
                                       Buffers: shared hit=20117 read=412620
                                       ->  Seq Scan on catalog_returns  (cost=0.00..647267.12 rows=21600412 width=26) (actual time=0.050..3491.520 rows=21598628 loops=1)
                                             Buffers: shared hit=18643 read=412620
                                       ->  Hash  (cost=2569.73..2569.73 rows=30 width=4) (actual time=27.227..27.228 rows=30 loops=1)
                                             Buckets: 1024  Batches: 1  Memory Usage: 10kB
                                             Buffers: shared hit=1474
                                             ->  Seq Scan on date_dim  (cost=0.00..2569.73 rows=30 width=4) (actual time=16.770..27.214 rows=30 loops=1)
                                                   Filter: ((d_year = 1998) AND (d_moy = 9))
                                                   Rows Removed by Filter: 73019
                                                   Buffers: shared hit=1474
                                 ->  Index Scan using customer_pkey on customer  (cost=0.43..0.67 rows=1 width=16) (actual time=0.022..0.022 rows=1 loops=236498)
                                       Index Cond: (c_customer_sk = catalog_returns.cr_returning_customer_sk)
                                       Buffers: shared hit=927251 read=93
                           ->  Memoize  (cost=0.29..0.31 rows=1 width=4) (actual time=0.001..0.001 rows=0 loops=231836)
                                 Cache Key: customer.c_current_hdemo_sk
                                 Cache Mode: logical
                                 Hits: 224641  Misses: 7195  Evictions: 0  Overflows: 0  Memory Usage: 520kB
                                 Buffers: shared hit=21582
                                 ->  Index Scan using household_demographics_pkey on household_demographics  (cost=0.28..0.30 rows=1 width=4) (actual time=0.017..0.017 rows=0 loops=7195)
                                       Index Cond: (hd_demo_sk = customer.c_current_hdemo_sk)
                                       Filter: (hd_buy_potential ~~ '0-500%'::text)
                                       Rows Removed by Filter: 1
                                       Buffers: shared hit=21582
                     ->  Index Scan using customer_address_pkey on customer_address  (cost=0.42..0.67 rows=1 width=4) (actual time=0.025..0.025 rows=0 loops=35655)
                           Index Cond: (ca_address_sk = customer.c_current_addr_sk)
                           Filter: (ca_gmt_offset = '-7'::numeric)
                           Rows Removed by Filter: 1
                           Buffers: shared hit=133848 read=8772
               ->  Index Scan using customer_demographics_pkey on customer_demographics  (cost=0.43..0.72 rows=1 width=4) (actual time=0.026..0.026 rows=0 loops=4804)
                     Index Cond: (cd_demo_sk = customer.c_current_cdemo_sk)
                     Filter: (((cd_marital_status = 'M'::bpchar) AND (cd_education_status = 'Unknown'::bpchar)) OR ((cd_marital_status = 'W'::bpchar) AND (cd_education_status = 'Advanced Degree'::bpchar)))
                     Rows Removed by Filter: 1
                     Buffers: shared hit=18427 read=401
         ->  Index Scan using call_center_pkey on call_center  (cost=0.14..0.16 rows=1 width=48) (actual time=0.012..0.012 rows=1 loops=574)
               Index Cond: (cc_call_center_sk = catalog_returns.cr_call_center_sk)
               Buffers: shared hit=1126
 Planning:
   Buffers: shared hit=415
 Planning Time: 5.082 ms
 Execution Time: 11985.799 ms
(54 rows)

