                                                                                                     QUERY PLAN                                                                                                     
--------------------------------------------------------------------------------------------------------------------------------------------------------------------------------------------------------------------
 Aggregate  (cost=715921.76..715921.77 rows=1 width=136) (actual time=13565.330..13565.336 rows=1 loops=1)
   Buffers: shared hit=1346548 read=427117
   ->  Hash Join  (cost=2574.36..715921.22 rows=36 width=58) (actual time=1503.907..13557.875 rows=3964 loops=1)
         Hash Cond: (catalog_returns.cr_call_center_sk = call_center.cc_call_center_sk)
         Buffers: shared hit=1346548 read=427117
         ->  Nested Loop  (cost=2571.68..715918.44 rows=36 width=18) (actual time=1503.819..13554.880 rows=4012 loops=1)
               Buffers: shared hit=1346546 read=427117
               ->  Nested Loop  (cost=2571.26..715863.88 rows=82 width=22) (actual time=1503.787..13358.505 rows=7479 loops=1)
                     Buffers: shared hit=1318167 read=425580
                     ->  Nested Loop  (cost=2570.83..714805.30 rows=1478 width=26) (actual time=1503.758..12148.094 rows=48977 loops=1)
                           Buffers: shared hit=1140704 read=410787
                           ->  Nested Loop  (cost=2570.54..712473.67 rows=8871 width=30) (actual time=1495.756..11822.931 rows=274293 loops=1)
                                 Buffers: shared hit=1119122 read=410787
                                 ->  Hash Join  (cost=2570.11..706541.60 rows=8871 width=22) (actual time=1495.712..5376.673 rows=279797 loops=1)
                                       Hash Cond: (catalog_returns.cr_returned_date_sk = date_dim.d_date_sk)
                                       Buffers: shared hit=22104 read=410633
                                       ->  Seq Scan on catalog_returns  (cost=0.00..647267.12 rows=21600412 width=26) (actual time=0.451..3554.931 rows=21598628 loops=1)
                                             Buffers: shared hit=20757 read=410506
                                       ->  Hash  (cost=2569.73..2569.73 rows=30 width=4) (actual time=20.493..20.494 rows=31 loops=1)
                                             Buckets: 1024  Batches: 1  Memory Usage: 10kB
                                             Buffers: shared hit=1347 read=127
                                             ->  Seq Scan on date_dim  (cost=0.00..2569.73 rows=30 width=4) (actual time=10.177..20.480 rows=31 loops=1)
                                                   Filter: ((d_year = 2001) AND (d_moy = 1))
                                                   Rows Removed by Filter: 73018
                                                   Buffers: shared hit=1347 read=127
                                 ->  Index Scan using customer_pkey on customer  (cost=0.43..0.67 rows=1 width=16) (actual time=0.022..0.022 rows=1 loops=279797)
                                       Index Cond: (c_customer_sk = catalog_returns.cr_returning_customer_sk)
                                       Buffers: shared hit=1097018 read=154
                           ->  Memoize  (cost=0.29..0.31 rows=1 width=4) (actual time=0.001..0.001 rows=0 loops=274293)
                                 Cache Key: customer.c_current_hdemo_sk
                                 Cache Mode: logical
                                 Hits: 267098  Misses: 7195  Evictions: 0  Overflows: 0  Memory Usage: 520kB
                                 Buffers: shared hit=21582
                                 ->  Index Scan using household_demographics_pkey on household_demographics  (cost=0.28..0.30 rows=1 width=4) (actual time=0.016..0.016 rows=0 loops=7195)
                                       Index Cond: (hd_demo_sk = customer.c_current_hdemo_sk)
                                       Filter: (hd_buy_potential ~~ '>10000%'::text)
                                       Rows Removed by Filter: 1
                                       Buffers: shared hit=21582
                     ->  Index Scan using customer_demographics_pkey on customer_demographics  (cost=0.43..0.72 rows=1 width=4) (actual time=0.024..0.024 rows=0 loops=48977)
                           Index Cond: (cd_demo_sk = customer.c_current_cdemo_sk)
                           Filter: (((cd_marital_status = 'M'::bpchar) AND (cd_education_status = 'Unknown'::bpchar)) OR ((cd_marital_status = 'W'::bpchar) AND (cd_education_status = 'Advanced Degree'::bpchar)))
                           Rows Removed by Filter: 1
                           Buffers: shared hit=177463 read=14793
               ->  Index Scan using customer_address_pkey on customer_address  (cost=0.42..0.67 rows=1 width=4) (actual time=0.026..0.026 rows=1 loops=7479)
                     Index Cond: (ca_address_sk = customer.c_current_addr_sk)
                     Filter: (ca_gmt_offset = '-6'::numeric)
                     Rows Removed by Filter: 0
                     Buffers: shared hit=28379 read=1537
         ->  Hash  (cost=2.30..2.30 rows=30 width=48) (actual time=0.065..0.066 rows=30 loops=1)
               Buckets: 1024  Batches: 1  Memory Usage: 11kB
               Buffers: shared hit=2
               ->  Seq Scan on call_center  (cost=0.00..2.30 rows=30 width=48) (actual time=0.026..0.044 rows=30 loops=1)
                     Buffers: shared hit=2
 Planning:
   Buffers: shared hit=415
 Planning Time: 4.192 ms
 Execution Time: 13566.070 ms
(57 rows)

