                                                                                                     QUERY PLAN                                                                                                     
--------------------------------------------------------------------------------------------------------------------------------------------------------------------------------------------------------------------
 Aggregate  (cost=715921.76..715921.77 rows=1 width=136) (actual time=14556.437..14556.444 rows=1 loops=1)
   Buffers: shared hit=1520836 read=414811
   ->  Hash Join  (cost=2574.36..715921.22 rows=36 width=58) (actual time=14556.431..14556.439 rows=0 loops=1)
         Hash Cond: (catalog_returns.cr_call_center_sk = call_center.cc_call_center_sk)
         Buffers: shared hit=1520836 read=414811
         ->  Nested Loop  (cost=2571.68..715918.44 rows=36 width=18) (actual time=14556.345..14556.352 rows=0 loops=1)
               Buffers: shared hit=1520834 read=414811
               ->  Nested Loop  (cost=2571.26..715863.88 rows=82 width=22) (actual time=2580.158..14525.672 rows=1236 loops=1)
                     Buffers: shared hit=1516283 read=414418
                     ->  Nested Loop  (cost=2570.83..714805.30 rows=1478 width=26) (actual time=2553.253..13229.601 rows=53169 loops=1)
                           Buffers: shared hit=1317938 read=404083
                           ->  Nested Loop  (cost=2570.54..712473.67 rows=8871 width=30) (actual time=2550.230..12886.904 rows=316921 loops=1)
                                 Buffers: shared hit=1296338 read=404083
                                 ->  Hash Join  (cost=2570.11..706541.60 rows=8871 width=22) (actual time=2550.189..5506.549 rows=323430 loops=1)
                                       Hash Cond: (catalog_returns.cr_returned_date_sk = date_dim.d_date_sk)
                                       Buffers: shared hit=29248 read=403489
                                       ->  Seq Scan on catalog_returns  (cost=0.00..647267.12 rows=21600412 width=26) (actual time=0.140..3618.318 rows=21598628 loops=1)
                                             Buffers: shared hit=27774 read=403489
                                       ->  Hash  (cost=2569.73..2569.73 rows=30 width=4) (actual time=19.977..19.979 rows=30 loops=1)
                                             Buckets: 1024  Batches: 1  Memory Usage: 10kB
                                             Buffers: shared hit=1474
                                             ->  Seq Scan on date_dim  (cost=0.00..2569.73 rows=30 width=4) (actual time=11.509..19.959 rows=30 loops=1)
                                                   Filter: ((d_year = 2002) AND (d_moy = 6))
                                                   Rows Removed by Filter: 73019
                                                   Buffers: shared hit=1474
                                 ->  Index Scan using customer_pkey on customer  (cost=0.43..0.67 rows=1 width=16) (actual time=0.022..0.022 rows=1 loops=323430)
                                       Index Cond: (c_customer_sk = catalog_returns.cr_returning_customer_sk)
                                       Buffers: shared hit=1267090 read=594
                           ->  Memoize  (cost=0.29..0.31 rows=1 width=4) (actual time=0.001..0.001 rows=0 loops=316921)
                                 Cache Key: customer.c_current_hdemo_sk
                                 Cache Mode: logical
                                 Hits: 309720  Misses: 7201  Evictions: 0  Overflows: 0  Memory Usage: 521kB
                                 Buffers: shared hit=21600
                                 ->  Index Scan using household_demographics_pkey on household_demographics  (cost=0.28..0.30 rows=1 width=4) (actual time=0.014..0.014 rows=0 loops=7201)
                                       Index Cond: (hd_demo_sk = customer.c_current_hdemo_sk)
                                       Filter: (hd_buy_potential ~~ '501-1000%'::text)
                                       Rows Removed by Filter: 1
                                       Buffers: shared hit=21600
                     ->  Index Scan using customer_demographics_pkey on customer_demographics  (cost=0.43..0.72 rows=1 width=4) (actual time=0.024..0.024 rows=0 loops=53169)
                           Index Cond: (cd_demo_sk = customer.c_current_cdemo_sk)
                           Filter: (((cd_marital_status = 'M'::bpchar) AND (cd_education_status = 'Unknown'::bpchar)) OR ((cd_marital_status = 'W'::bpchar) AND (cd_education_status = 'Advanced Degree'::bpchar)))
                           Rows Removed by Filter: 1
                           Buffers: shared hit=198345 read=10335
               ->  Index Scan using customer_address_pkey on customer_address  (cost=0.42..0.67 rows=1 width=4) (actual time=0.024..0.024 rows=0 loops=1236)
                     Index Cond: (ca_address_sk = customer.c_current_addr_sk)
                     Filter: (ca_gmt_offset = '-6'::numeric)
                     Rows Removed by Filter: 1
                     Buffers: shared hit=4551 read=393
         ->  Hash  (cost=2.30..2.30 rows=30 width=48) (actual time=0.064..0.065 rows=30 loops=1)
               Buckets: 1024  Batches: 1  Memory Usage: 11kB
               Buffers: shared hit=2
               ->  Seq Scan on call_center  (cost=0.00..2.30 rows=30 width=48) (actual time=0.025..0.043 rows=30 loops=1)
                     Buffers: shared hit=2
 Planning:
   Buffers: shared hit=415
 Planning Time: 4.413 ms
 Execution Time: 14557.150 ms
(57 rows)

