                                                                                                  QUERY PLAN                                                                                                  
--------------------------------------------------------------------------------------------------------------------------------------------------------------------------------------------------------------
 Aggregate  (cost=716146.24..716146.25 rows=1 width=136) (actual time=12775.523..12775.530 rows=1 loops=1)
   Buffers: shared hit=1201983 read=426067
   ->  Nested Loop  (cost=2571.83..716146.10 rows=9 width=58) (actual time=398.827..12773.638 rows=660 loops=1)
         Buffers: shared hit=1201983 read=426067
         ->  Nested Loop  (cost=2571.69..716144.71 rows=9 width=18) (actual time=398.814..12768.005 rows=667 loops=1)
               Buffers: shared hit=1200663 read=426067
               ->  Nested Loop  (cost=2571.27..716027.25 rows=164 width=22) (actual time=364.024..12646.089 rows=4427 loops=1)
                     Buffers: shared hit=1183968 read=425370
                     ->  Nested Loop  (cost=2570.84..715010.66 rows=1528 width=26) (actual time=347.956..11622.123 rows=39445 loops=1)
                           Buffers: shared hit=1037382 read=414176
                           ->  Nested Loop  (cost=2570.55..712671.62 rows=9167 width=30) (actual time=346.022..11335.865 rows=249306 loops=1)
                                 Buffers: shared hit=1015785 read=414176
                                 ->  Hash Join  (cost=2570.12..706541.62 rows=9167 width=22) (actual time=345.972..5403.867 rows=254456 loops=1)
                                       Hash Cond: (catalog_returns.cr_returned_date_sk = date_dim.d_date_sk)
                                       Buffers: shared hit=18878 read=413859
                                       ->  Seq Scan on catalog_returns  (cost=0.00..647267.12 rows=21600412 width=26) (actual time=0.058..3582.069 rows=21598628 loops=1)
                                             Buffers: shared hit=18878 read=412385
                                       ->  Hash  (cost=2569.73..2569.73 rows=31 width=4) (actual time=24.294..24.295 rows=31 loops=1)
                                             Buckets: 1024  Batches: 1  Memory Usage: 10kB
                                             Buffers: shared read=1474
                                             ->  Seq Scan on date_dim  (cost=0.00..2569.73 rows=31 width=4) (actual time=14.298..24.270 rows=31 loops=1)
                                                   Filter: ((d_year = 1999) AND (d_moy = 3))
                                                   Rows Removed by Filter: 73018
                                                   Buffers: shared read=1474
                                 ->  Index Scan using customer_pkey on customer  (cost=0.43..0.67 rows=1 width=16) (actual time=0.023..0.023 rows=1 loops=254456)
                                       Index Cond: (c_customer_sk = catalog_returns.cr_returning_customer_sk)
                                       Buffers: shared hit=996907 read=317
                           ->  Memoize  (cost=0.29..0.31 rows=1 width=4) (actual time=0.001..0.001 rows=0 loops=249306)
                                 Cache Key: customer.c_current_hdemo_sk
                                 Cache Mode: logical
                                 Hits: 242106  Misses: 7200  Evictions: 0  Overflows: 0  Memory Usage: 521kB
                                 Buffers: shared hit=21597
                                 ->  Index Scan using household_demographics_pkey on household_demographics  (cost=0.28..0.30 rows=1 width=4) (actual time=0.014..0.014 rows=0 loops=7200)
                                       Index Cond: (hd_demo_sk = customer.c_current_hdemo_sk)
                                       Filter: (hd_buy_potential ~~ '5001-10000%'::text)
                                       Rows Removed by Filter: 1
                                       Buffers: shared hit=21597
                     ->  Index Scan using customer_address_pkey on customer_address  (cost=0.42..0.67 rows=1 width=4) (actual time=0.026..0.026 rows=0 loops=39445)
                           Index Cond: (ca_address_sk = customer.c_current_addr_sk)
                           Filter: (ca_gmt_offset = '-7'::numeric)
                           Rows Removed by Filter: 1
                           Buffers: shared hit=146586 read=11194
               ->  Index Scan using customer_demographics_pkey on customer_demographics  (cost=0.43..0.72 rows=1 width=4) (actual time=0.027..0.027 rows=0 loops=4427)
                     Index Cond: (cd_demo_sk = customer.c_current_cdemo_sk)
                     Filter: (((cd_marital_status = 'M'::bpchar) AND (cd_education_status = 'Unknown'::bpchar)) OR ((cd_marital_status = 'W'::bpchar) AND (cd_education_status = 'Advanced Degree'::bpchar)))
                     Rows Removed by Filter: 1
                     Buffers: shared hit=16695 read=697
         ->  Index Scan using call_center_pkey on call_center  (cost=0.14..0.16 rows=1 width=48) (actual time=0.007..0.007 rows=1 loops=667)
               Index Cond: (cc_call_center_sk = catalog_returns.cr_call_center_sk)
               Buffers: shared hit=1320
 Planning:
   Buffers: shared hit=384 read=31
 Planning Time: 4.842 ms
 Execution Time: 12776.331 ms
(54 rows)

