                                                                                                  QUERY PLAN                                                                                                  
--------------------------------------------------------------------------------------------------------------------------------------------------------------------------------------------------------------
 Aggregate  (cost=715661.61..715661.62 rows=1 width=136) (actual time=11574.233..11574.238 rows=1 loops=1)
   Buffers: shared hit=1070161 read=412508
   ->  Nested Loop  (cost=2571.81..715661.49 rows=8 width=58) (actual time=928.951..11573.299 rows=280 loops=1)
         Buffers: shared hit=1070161 read=412508
         ->  Nested Loop  (cost=2571.67..715660.25 rows=8 width=18) (actual time=928.934..11569.337 rows=291 loops=1)
               Buffers: shared hit=1069601 read=412508
               ->  Nested Loop  (cost=2571.24..715550.67 rows=153 width=22) (actual time=828.960..11464.287 rows=3761 loops=1)
                     Buffers: shared hit=1056240 read=411089
                     ->  Nested Loop  (cost=2570.82..714599.95 rows=1429 width=26) (actual time=826.621..10524.105 rows=38415 loops=1)
                           Buffers: shared hit=908731 read=404938
                           ->  Nested Loop  (cost=2570.52..712275.72 rows=8575 width=30) (actual time=826.371..10242.182 rows=214839 loops=1)
                                 Buffers: shared hit=887155 read=404938
                                 ->  Hash Join  (cost=2570.10..706541.59 rows=8575 width=22) (actual time=826.325..5272.328 rows=219252 loops=1)
                                       Hash Cond: (catalog_returns.cr_returned_date_sk = date_dim.d_date_sk)
                                       Buffers: shared hit=27989 read=404748
                                       ->  Seq Scan on catalog_returns  (cost=0.00..647267.12 rows=21600412 width=26) (actual time=0.026..3484.194 rows=21598628 loops=1)
                                             Buffers: shared hit=26515 read=404748
                                       ->  Hash  (cost=2569.73..2569.73 rows=29 width=4) (actual time=13.957..13.958 rows=30 loops=1)
                                             Buckets: 1024  Batches: 1  Memory Usage: 10kB
                                             Buffers: shared hit=1474
                                             ->  Seq Scan on date_dim  (cost=0.00..2569.73 rows=29 width=4) (actual time=7.047..13.944 rows=30 loops=1)
                                                   Filter: ((d_year = 1999) AND (d_moy = 11))
                                                   Rows Removed by Filter: 73019
                                                   Buffers: shared hit=1474
                                 ->  Index Scan using customer_pkey on customer  (cost=0.43..0.67 rows=1 width=16) (actual time=0.022..0.022 rows=1 loops=219252)
                                       Index Cond: (c_customer_sk = catalog_returns.cr_returning_customer_sk)
                                       Buffers: shared hit=859166 read=190
                           ->  Memoize  (cost=0.29..0.31 rows=1 width=4) (actual time=0.001..0.001 rows=0 loops=214839)
                                 Cache Key: customer.c_current_hdemo_sk
                                 Cache Mode: logical
                                 Hits: 207646  Misses: 7193  Evictions: 0  Overflows: 0  Memory Usage: 520kB
                                 Buffers: shared hit=21576
                                 ->  Index Scan using household_demographics_pkey on household_demographics  (cost=0.28..0.30 rows=1 width=4) (actual time=0.016..0.016 rows=0 loops=7193)
                                       Index Cond: (hd_demo_sk = customer.c_current_hdemo_sk)
                                       Filter: (hd_buy_potential ~~ '>10000%'::text)
                                       Rows Removed by Filter: 1
                                       Buffers: shared hit=21576
                     ->  Index Scan using customer_address_pkey on customer_address  (cost=0.42..0.67 rows=1 width=4) (actual time=0.024..0.024 rows=0 loops=38415)
                           Index Cond: (ca_address_sk = customer.c_current_addr_sk)
                           Filter: (ca_gmt_offset = '-7'::numeric)
                           Rows Removed by Filter: 1
                           Buffers: shared hit=147509 read=6151
               ->  Index Scan using customer_demographics_pkey on customer_demographics  (cost=0.43..0.72 rows=1 width=4) (actual time=0.027..0.027 rows=0 loops=3761)
                     Index Cond: (cd_demo_sk = customer.c_current_cdemo_sk)
                     Filter: (((cd_marital_status = 'M'::bpchar) AND (cd_education_status = 'Unknown'::bpchar)) OR ((cd_marital_status = 'W'::bpchar) AND (cd_education_status = 'Advanced Degree'::bpchar)))
                     Rows Removed by Filter: 1
                     Buffers: shared hit=13361 read=1419
         ->  Index Scan using call_center_pkey on call_center  (cost=0.14..0.16 rows=1 width=48) (actual time=0.012..0.012 rows=1 loops=291)
               Index Cond: (cc_call_center_sk = catalog_returns.cr_call_center_sk)
               Buffers: shared hit=560
 Planning:
   Buffers: shared hit=415
 Planning Time: 2.488 ms
 Execution Time: 11574.673 ms
(54 rows)

