                                                                                                     QUERY PLAN                                                                                                     
--------------------------------------------------------------------------------------------------------------------------------------------------------------------------------------------------------------------
 Aggregate  (cost=715437.52..715437.53 rows=1 width=136) (actual time=10947.897..10947.904 rows=1 loops=1)
   Buffers: shared hit=989500 read=420694
   ->  Hash Join  (cost=2574.33..715437.01 rows=34 width=58) (actual time=282.667..10944.194 rows=1922 loops=1)
         Hash Cond: (catalog_returns.cr_call_center_sk = call_center.cc_call_center_sk)
         Buffers: shared hit=989500 read=420694
         ->  Nested Loop  (cost=2571.66..715434.23 rows=34 width=18) (actual time=282.622..10942.727 rows=1937 loops=1)
               Buffers: shared hit=989498 read=420694
               ->  Nested Loop  (cost=2571.23..715383.67 rows=76 width=22) (actual time=282.586..10887.304 rows=2300 loops=1)
                     Buffers: shared hit=980861 read=420131
                     ->  Nested Loop  (cost=2570.80..714395.28 rows=1380 width=26) (actual time=275.860..10163.691 rows=28307 loops=1)
                           Buffers: shared hit=883125 read=406779
                           ->  Nested Loop  (cost=2570.51..712078.44 rows=8280 width=30) (actual time=270.386..9906.239 rows=208897 loops=1)
                                 Buffers: shared hit=861546 read=406779
                                 ->  Hash Join  (cost=2570.08..706541.58 rows=8280 width=22) (actual time=270.340..5181.859 rows=213206 loops=1)
                                       Hash Cond: (catalog_returns.cr_returned_date_sk = date_dim.d_date_sk)
                                       Buffers: shared hit=26211 read=406526
                                       ->  Seq Scan on catalog_returns  (cost=0.00..647267.12 rows=21600412 width=26) (actual time=0.016..3450.447 rows=21598628 loops=1)
                                             Buffers: shared hit=24737 read=406526
                                       ->  Hash  (cost=2569.73..2569.73 rows=28 width=4) (actual time=13.698..13.699 rows=28 loops=1)
                                             Buckets: 1024  Batches: 1  Memory Usage: 9kB
                                             Buffers: shared hit=1474
                                             ->  Seq Scan on date_dim  (cost=0.00..2569.73 rows=28 width=4) (actual time=5.426..13.688 rows=28 loops=1)
                                                   Filter: ((d_year = 1999) AND (d_moy = 2))
                                                   Rows Removed by Filter: 73021
                                                   Buffers: shared hit=1474
                                 ->  Index Scan using customer_pkey on customer  (cost=0.43..0.67 rows=1 width=16) (actual time=0.022..0.022 rows=1 loops=213206)
                                       Index Cond: (c_customer_sk = catalog_returns.cr_returning_customer_sk)
                                       Buffers: shared hit=835335 read=253
                           ->  Memoize  (cost=0.29..0.31 rows=1 width=4) (actual time=0.001..0.001 rows=0 loops=208897)
                                 Cache Key: customer.c_current_hdemo_sk
                                 Cache Mode: logical
                                 Hits: 201703  Misses: 7194  Evictions: 0  Overflows: 0  Memory Usage: 520kB
                                 Buffers: shared hit=21579
                                 ->  Index Scan using household_demographics_pkey on household_demographics  (cost=0.28..0.30 rows=1 width=4) (actual time=0.015..0.015 rows=0 loops=7194)
                                       Index Cond: (hd_demo_sk = customer.c_current_hdemo_sk)
                                       Filter: (hd_buy_potential ~~ '1001-5000%'::text)
                                       Rows Removed by Filter: 1
                                       Buffers: shared hit=21579
                     ->  Index Scan using customer_demographics_pkey on customer_demographics  (cost=0.43..0.72 rows=1 width=4) (actual time=0.025..0.025 rows=0 loops=28307)
                           Index Cond: (cd_demo_sk = customer.c_current_cdemo_sk)
                           Filter: (((cd_marital_status = 'M'::bpchar) AND (cd_education_status = 'Unknown'::bpchar)) OR ((cd_marital_status = 'W'::bpchar) AND (cd_education_status = 'Advanced Degree'::bpchar)))
                           Rows Removed by Filter: 1
                           Buffers: shared hit=97736 read=13352
               ->  Index Scan using customer_address_pkey on customer_address  (cost=0.42..0.67 rows=1 width=4) (actual time=0.023..0.023 rows=1 loops=2300)
                     Index Cond: (ca_address_sk = customer.c_current_addr_sk)
                     Filter: (ca_gmt_offset = '-6'::numeric)
                     Rows Removed by Filter: 0
                     Buffers: shared hit=8637 read=563
         ->  Hash  (cost=2.30..2.30 rows=30 width=48) (actual time=0.030..0.031 rows=30 loops=1)
               Buckets: 1024  Batches: 1  Memory Usage: 11kB
               Buffers: shared hit=2
               ->  Seq Scan on call_center  (cost=0.00..2.30 rows=30 width=48) (actual time=0.013..0.021 rows=30 loops=1)
                     Buffers: shared hit=2
 Planning:
   Buffers: shared hit=415
 Planning Time: 1.643 ms
 Execution Time: 10948.307 ms
(57 rows)

