                                                                                                  QUERY PLAN                                                                                                  
--------------------------------------------------------------------------------------------------------------------------------------------------------------------------------------------------------------
 Aggregate  (cost=715903.32..715903.33 rows=1 width=136) (actual time=14212.139..14212.145 rows=1 loops=1)
   Buffers: shared hit=1473073 read=416135
   ->  Nested Loop  (cost=2571.82..715903.18 rows=9 width=58) (actual time=2880.386..14209.981 rows=753 loops=1)
         Buffers: shared hit=1473073 read=416135
         ->  Nested Loop  (cost=2571.68..715901.79 rows=9 width=18) (actual time=2880.372..14201.688 rows=760 loops=1)
               Buffers: shared hit=1471567 read=416135
               ->  Nested Loop  (cost=2571.25..715788.62 rows=158 width=22) (actual time=2815.044..14034.520 rows=6222 loops=1)
                     Buffers: shared hit=1450172 read=413094
                     ->  Nested Loop  (cost=2570.83..714805.30 rows=1478 width=26) (actual time=2815.025..12863.613 rows=46817 loops=1)
                           Buffers: shared hit=1274123 read=401875
                           ->  Nested Loop  (cost=2570.54..712473.67 rows=8871 width=30) (actual time=2815.002..12533.128 rows=305416 loops=1)
                                 Buffers: shared hit=1252526 read=401875
                                 ->  Hash Join  (cost=2570.11..706541.60 rows=8871 width=22) (actual time=2814.953..5492.911 rows=311605 loops=1)
                                       Hash Cond: (catalog_returns.cr_returned_date_sk = date_dim.d_date_sk)
                                       Buffers: shared hit=31281 read=401456
                                       ->  Seq Scan on catalog_returns  (cost=0.00..647267.12 rows=21600412 width=26) (actual time=0.050..3634.530 rows=21598628 loops=1)
                                             Buffers: shared hit=29807 read=401456
                                       ->  Hash  (cost=2569.73..2569.73 rows=30 width=4) (actual time=19.859..19.860 rows=30 loops=1)
                                             Buckets: 1024  Batches: 1  Memory Usage: 10kB
                                             Buffers: shared hit=1474
                                             ->  Seq Scan on date_dim  (cost=0.00..2569.73 rows=30 width=4) (actual time=11.655..19.844 rows=30 loops=1)
                                                   Filter: ((d_year = 2002) AND (d_moy = 9))
                                                   Rows Removed by Filter: 73019
                                                   Buffers: shared hit=1474
                                 ->  Index Scan using customer_pkey on customer  (cost=0.43..0.67 rows=1 width=16) (actual time=0.022..0.022 rows=1 loops=311605)
                                       Index Cond: (c_customer_sk = catalog_returns.cr_returning_customer_sk)
                                       Buffers: shared hit=1221245 read=419
                           ->  Memoize  (cost=0.29..0.31 rows=1 width=4) (actual time=0.001..0.001 rows=0 loops=305416)
                                 Cache Key: customer.c_current_hdemo_sk
                                 Cache Mode: logical
                                 Hits: 298216  Misses: 7200  Evictions: 0  Overflows: 0  Memory Usage: 521kB
                                 Buffers: shared hit=21597
                                 ->  Index Scan using household_demographics_pkey on household_demographics  (cost=0.28..0.30 rows=1 width=4) (actual time=0.014..0.014 rows=0 loops=7200)
                                       Index Cond: (hd_demo_sk = customer.c_current_hdemo_sk)
                                       Filter: (hd_buy_potential ~~ '0-500%'::text)
                                       Rows Removed by Filter: 1
                                       Buffers: shared hit=21597
                     ->  Index Scan using customer_address_pkey on customer_address  (cost=0.42..0.67 rows=1 width=4) (actual time=0.025..0.025 rows=0 loops=46817)
                           Index Cond: (ca_address_sk = customer.c_current_addr_sk)
                           Filter: (ca_gmt_offset = '-7'::numeric)
                           Rows Removed by Filter: 1
                           Buffers: shared hit=176049 read=11219
               ->  Index Scan using customer_demographics_pkey on customer_demographics  (cost=0.43..0.72 rows=1 width=4) (actual time=0.026..0.026 rows=0 loops=6222)
                     Index Cond: (cd_demo_sk = customer.c_current_cdemo_sk)
                     Filter: (((cd_marital_status = 'M'::bpchar) AND (cd_education_status = 'Unknown'::bpchar)) OR ((cd_marital_status = 'W'::bpchar) AND (cd_education_status = 'Advanced Degree'::bpchar)))
                     Rows Removed by Filter: 1
                     Buffers: shared hit=21395 read=3041
         ->  Index Scan using call_center_pkey on call_center  (cost=0.14..0.16 rows=1 width=48) (actual time=0.010..0.010 rows=1 loops=760)
               Index Cond: (cc_call_center_sk = catalog_returns.cr_call_center_sk)
               Buffers: shared hit=1506
 Planning:
   Buffers: shared hit=415
 Planning Time: 4.430 ms
 Execution Time: 14212.952 ms
(54 rows)

