                                                                                                  QUERY PLAN                                                                                                  
--------------------------------------------------------------------------------------------------------------------------------------------------------------------------------------------------------------
 Aggregate  (cost=716146.24..716146.25 rows=1 width=136) (actual time=5842.302..5842.308 rows=1 loops=1)
   Buffers: shared hit=211688 read=401682
   ->  Nested Loop  (cost=2571.83..716146.10 rows=9 width=58) (actual time=106.382..5842.165 rows=33 loops=1)
         Buffers: shared hit=211688 read=401682
         ->  Nested Loop  (cost=2571.69..716144.71 rows=9 width=18) (actual time=106.362..5841.248 rows=33 loops=1)
               Buffers: shared hit=211622 read=401682
               ->  Nested Loop  (cost=2571.27..716027.25 rows=164 width=22) (actual time=32.077..5830.671 rows=393 loops=1)
                     Buffers: shared hit=210209 read=401535
                     ->  Nested Loop  (cost=2570.84..715010.66 rows=1528 width=26) (actual time=30.304..5692.441 rows=5515 loops=1)
                           Buffers: shared hit=189444 read=400240
                           ->  Nested Loop  (cost=2570.55..712671.62 rows=9167 width=30) (actual time=29.789..5571.390 rows=34091 loops=1)
                                 Buffers: shared hit=168861 read=400240
                                 ->  Hash Join  (cost=2570.12..706541.62 rows=9167 width=22) (actual time=29.720..4803.692 rows=34783 loops=1)
                                       Hash Cond: (catalog_returns.cr_returned_date_sk = date_dim.d_date_sk)
                                       Buffers: shared hit=32560 read=400177
                                       ->  Seq Scan on catalog_returns  (cost=0.00..647267.12 rows=21600412 width=26) (actual time=0.073..3219.535 rows=21598628 loops=1)
                                             Buffers: shared hit=31086 read=400177
                                       ->  Hash  (cost=2569.73..2569.73 rows=31 width=4) (actual time=29.595..29.596 rows=31 loops=1)
                                             Buckets: 1024  Batches: 1  Memory Usage: 10kB
                                             Buffers: shared hit=1474
                                             ->  Seq Scan on date_dim  (cost=0.00..2569.73 rows=31 width=4) (actual time=14.495..29.577 rows=31 loops=1)
                                                   Filter: ((d_year = 1998) AND (d_moy = 3))
                                                   Rows Removed by Filter: 73018
                                                   Buffers: shared hit=1474
                                 ->  Index Scan using customer_pkey on customer  (cost=0.43..0.67 rows=1 width=16) (actual time=0.022..0.022 rows=1 loops=34783)
                                       Index Cond: (c_customer_sk = catalog_returns.cr_returning_customer_sk)
                                       Buffers: shared hit=136301 read=63
                           ->  Memoize  (cost=0.29..0.31 rows=1 width=4) (actual time=0.003..0.003 rows=0 loops=34091)
                                 Cache Key: customer.c_current_hdemo_sk
                                 Cache Mode: logical
                                 Hits: 27229  Misses: 6862  Evictions: 0  Overflows: 0  Memory Usage: 496kB
                                 Buffers: shared hit=20583
                                 ->  Index Scan using household_demographics_pkey on household_demographics  (cost=0.28..0.30 rows=1 width=4) (actual time=0.014..0.014 rows=0 loops=6862)
                                       Index Cond: (hd_demo_sk = customer.c_current_hdemo_sk)
                                       Filter: (hd_buy_potential ~~ '501-1000%'::text)
                                       Rows Removed by Filter: 1
                                       Buffers: shared hit=20583
                     ->  Index Scan using customer_address_pkey on customer_address  (cost=0.42..0.67 rows=1 width=4) (actual time=0.025..0.025 rows=0 loops=5515)
                           Index Cond: (ca_address_sk = customer.c_current_addr_sk)
                           Filter: (ca_gmt_offset = '-7'::numeric)
                           Rows Removed by Filter: 1
                           Buffers: shared hit=20765 read=1295
               ->  Index Scan using customer_demographics_pkey on customer_demographics  (cost=0.43..0.72 rows=1 width=4) (actual time=0.026..0.026 rows=0 loops=393)
                     Index Cond: (cd_demo_sk = customer.c_current_cdemo_sk)
                     Filter: (((cd_marital_status = 'M'::bpchar) AND (cd_education_status = 'Unknown'::bpchar)) OR ((cd_marital_status = 'W'::bpchar) AND (cd_education_status = 'Advanced Degree'::bpchar)))
                     Rows Removed by Filter: 1
                     Buffers: shared hit=1413 read=147
         ->  Index Scan using call_center_pkey on call_center  (cost=0.14..0.16 rows=1 width=48) (actual time=0.026..0.026 rows=1 loops=33)
               Index Cond: (cc_call_center_sk = catalog_returns.cr_call_center_sk)
               Buffers: shared hit=66
 Planning:
   Buffers: shared hit=415
 Planning Time: 4.669 ms
 Execution Time: 5843.326 ms
(54 rows)

