                                                                                                  QUERY PLAN                                                                                                  
--------------------------------------------------------------------------------------------------------------------------------------------------------------------------------------------------------------
 Aggregate  (cost=716146.24..716146.25 rows=1 width=136) (actual time=14785.666..14785.673 rows=1 loops=1)
   Buffers: shared hit=1548366 read=418684
   ->  Nested Loop  (cost=2571.83..716146.10 rows=9 width=58) (actual time=14785.660..14785.667 rows=0 loops=1)
         Buffers: shared hit=1548366 read=418684
         ->  Nested Loop  (cost=2571.69..716144.71 rows=9 width=18) (actual time=14785.659..14785.665 rows=0 loops=1)
               Buffers: shared hit=1548366 read=418684
               ->  Nested Loop  (cost=2571.27..716027.25 rows=164 width=22) (actual time=1635.921..14657.423 rows=4847 loops=1)
                     Buffers: shared hit=1530775 read=417251
                     ->  Nested Loop  (cost=2570.84..715010.66 rows=1528 width=26) (actual time=1634.999..13483.763 rows=44827 loops=1)
                           Buffers: shared hit=1365291 read=403427
                           ->  Nested Loop  (cost=2570.55..712671.62 rows=9167 width=30) (actual time=1633.247..13135.305 rows=328596 loops=1)
                                 Buffers: shared hit=1343694 read=403427
                                 ->  Hash Join  (cost=2570.12..706541.62 rows=9167 width=22) (actual time=1633.207..5456.398 rows=335231 loops=1)
                                       Hash Cond: (catalog_returns.cr_returned_date_sk = date_dim.d_date_sk)
                                       Buffers: shared hit=30058 read=402679
                                       ->  Seq Scan on catalog_returns  (cost=0.00..647267.12 rows=21600412 width=26) (actual time=0.162..3559.812 rows=21598628 loops=1)
                                             Buffers: shared hit=28584 read=402679
                                       ->  Hash  (cost=2569.73..2569.73 rows=31 width=4) (actual time=19.790..19.791 rows=31 loops=1)
                                             Buckets: 1024  Batches: 1  Memory Usage: 10kB
                                             Buffers: shared hit=1474
                                             ->  Seq Scan on date_dim  (cost=0.00..2569.73 rows=31 width=4) (actual time=10.251..19.771 rows=31 loops=1)
                                                   Filter: ((d_year = 2001) AND (d_moy = 3))
                                                   Rows Removed by Filter: 73018
                                                   Buffers: shared hit=1474
                                 ->  Index Scan using customer_pkey on customer  (cost=0.43..0.67 rows=1 width=16) (actual time=0.022..0.022 rows=1 loops=335231)
                                       Index Cond: (c_customer_sk = catalog_returns.cr_returning_customer_sk)
                                       Buffers: shared hit=1313636 read=748
                           ->  Memoize  (cost=0.29..0.31 rows=1 width=4) (actual time=0.001..0.001 rows=0 loops=328596)
                                 Cache Key: customer.c_current_hdemo_sk
                                 Cache Mode: logical
                                 Hits: 321396  Misses: 7200  Evictions: 0  Overflows: 0  Memory Usage: 521kB
                                 Buffers: shared hit=21597
                                 ->  Index Scan using household_demographics_pkey on household_demographics  (cost=0.28..0.30 rows=1 width=4) (actual time=0.014..0.014 rows=0 loops=7200)
                                       Index Cond: (hd_demo_sk = customer.c_current_hdemo_sk)
                                       Filter: (hd_buy_potential ~~ '1001-5000%'::text)
                                       Rows Removed by Filter: 1
                                       Buffers: shared hit=21597
                     ->  Index Scan using customer_address_pkey on customer_address  (cost=0.42..0.67 rows=1 width=4) (actual time=0.026..0.026 rows=0 loops=44827)
                           Index Cond: (ca_address_sk = customer.c_current_addr_sk)
                           Filter: (ca_gmt_offset = '-7'::numeric)
                           Rows Removed by Filter: 1
                           Buffers: shared hit=165484 read=13824
               ->  Index Scan using customer_demographics_pkey on customer_demographics  (cost=0.43..0.72 rows=1 width=4) (actual time=0.026..0.026 rows=0 loops=4847)
                     Index Cond: (cd_demo_sk = customer.c_current_cdemo_sk)
                     Filter: (((cd_marital_status = 'M'::bpchar) AND (cd_education_status = 'Unknown'::bpchar)) OR ((cd_marital_status = 'W'::bpchar) AND (cd_education_status = 'Advanced Degree'::bpchar)))
                     Rows Removed by Filter: 1
                     Buffers: shared hit=17591 read=1433
         ->  Index Scan using call_center_pkey on call_center  (cost=0.14..0.16 rows=1 width=48) (never executed)
               Index Cond: (cc_call_center_sk = catalog_returns.cr_call_center_sk)
 Planning:
   Buffers: shared hit=415
 Planning Time: 4.456 ms
 Execution Time: 14786.527 ms
(53 rows)

