                                                                                                     QUERY PLAN                                                                                                     
--------------------------------------------------------------------------------------------------------------------------------------------------------------------------------------------------------------------
 Aggregate  (cost=715921.76..715921.77 rows=1 width=136) (actual time=14832.279..14832.287 rows=1 loops=1)
   Buffers: shared hit=1543493 read=416519
   ->  Hash Join  (cost=2574.36..715921.22 rows=36 width=58) (actual time=1758.448..14824.012 rows=4549 loops=1)
         Hash Cond: (catalog_returns.cr_call_center_sk = call_center.cc_call_center_sk)
         Buffers: shared hit=1543493 read=416519
         ->  Nested Loop  (cost=2571.68..715918.44 rows=36 width=18) (actual time=1758.374..14820.707 rows=4592 loops=1)
               Buffers: shared hit=1543491 read=416519
               ->  Nested Loop  (cost=2571.26..715863.88 rows=82 width=22) (actual time=1758.339..14582.119 rows=8459 loops=1)
                     Buffers: shared hit=1511816 read=414358
                     ->  Nested Loop  (cost=2570.83..714805.30 rows=1478 width=26) (actual time=1752.658..13212.278 rows=55951 loops=1)
                           Buffers: shared hit=1305090 read=401344
                           ->  Nested Loop  (cost=2570.54..712473.67 rows=8871 width=30) (actual time=1749.952..12859.306 rows=313025 loops=1)
                                 Buffers: shared hit=1283493 read=401344
                                 ->  Hash Join  (cost=2570.11..706541.60 rows=8871 width=22) (actual time=1749.911..5483.377 rows=319396 loops=1)
                                       Hash Cond: (catalog_returns.cr_returned_date_sk = date_dim.d_date_sk)
                                       Buffers: shared hit=31844 read=400893
                                       ->  Seq Scan on catalog_returns  (cost=0.00..647267.12 rows=21600412 width=26) (actual time=0.114..3579.180 rows=21598628 loops=1)
                                             Buffers: shared hit=30370 read=400893
                                       ->  Hash  (cost=2569.73..2569.73 rows=30 width=4) (actual time=13.910..13.911 rows=31 loops=1)
                                             Buckets: 1024  Batches: 1  Memory Usage: 10kB
                                             Buffers: shared hit=1474
                                             ->  Seq Scan on date_dim  (cost=0.00..2569.73 rows=30 width=4) (actual time=7.579..13.895 rows=31 loops=1)
                                                   Filter: ((d_year = 2001) AND (d_moy = 5))
                                                   Rows Removed by Filter: 73018
                                                   Buffers: shared hit=1474
                                 ->  Index Scan using customer_pkey on customer  (cost=0.43..0.67 rows=1 width=16) (actual time=0.023..0.023 rows=1 loops=319396)
                                       Index Cond: (c_customer_sk = catalog_returns.cr_returning_customer_sk)
                                       Buffers: shared hit=1251649 read=451
                           ->  Memoize  (cost=0.29..0.31 rows=1 width=4) (actual time=0.001..0.001 rows=0 loops=313025)
                                 Cache Key: customer.c_current_hdemo_sk
                                 Cache Mode: logical
                                 Hits: 305825  Misses: 7200  Evictions: 0  Overflows: 0  Memory Usage: 521kB
                                 Buffers: shared hit=21597
                                 ->  Index Scan using household_demographics_pkey on household_demographics  (cost=0.28..0.30 rows=1 width=4) (actual time=0.015..0.015 rows=0 loops=7200)
                                       Index Cond: (hd_demo_sk = customer.c_current_hdemo_sk)
                                       Filter: (hd_buy_potential ~~ '>10000%'::text)
                                       Rows Removed by Filter: 1
                                       Buffers: shared hit=21597
                     ->  Index Scan using customer_demographics_pkey on customer_demographics  (cost=0.43..0.72 rows=1 width=4) (actual time=0.024..0.024 rows=0 loops=55951)
                           Index Cond: (cd_demo_sk = customer.c_current_cdemo_sk)
                           Filter: (((cd_marital_status = 'M'::bpchar) AND (cd_education_status = 'Unknown'::bpchar)) OR ((cd_marital_status = 'W'::bpchar) AND (cd_education_status = 'Advanced Degree'::bpchar)))
                           Rows Removed by Filter: 1
                           Buffers: shared hit=206726 read=13014
               ->  Index Scan using customer_address_pkey on customer_address  (cost=0.42..0.67 rows=1 width=4) (actual time=0.028..0.028 rows=1 loops=8459)
                     Index Cond: (ca_address_sk = customer.c_current_addr_sk)
                     Filter: (ca_gmt_offset = '-6'::numeric)
                     Rows Removed by Filter: 0
                     Buffers: shared hit=31675 read=2161
         ->  Hash  (cost=2.30..2.30 rows=30 width=48) (actual time=0.051..0.052 rows=30 loops=1)
               Buckets: 1024  Batches: 1  Memory Usage: 11kB
               Buffers: shared hit=2
               ->  Seq Scan on call_center  (cost=0.00..2.30 rows=30 width=48) (actual time=0.021..0.035 rows=30 loops=1)
                     Buffers: shared hit=2
 Planning:
   Buffers: shared hit=415
 Planning Time: 2.877 ms
 Execution Time: 14832.896 ms
(57 rows)

