                                                                                                  QUERY PLAN                                                                                                  
--------------------------------------------------------------------------------------------------------------------------------------------------------------------------------------------------------------
 Aggregate  (cost=716146.24..716146.25 rows=1 width=136) (actual time=5881.723..5881.729 rows=1 loops=1)
   Buffers: shared hit=209107 read=404263
   ->  Nested Loop  (cost=2571.83..716146.10 rows=9 width=58) (actual time=97.053..5881.599 rows=33 loops=1)
         Buffers: shared hit=209107 read=404263
         ->  Nested Loop  (cost=2571.69..716144.71 rows=9 width=18) (actual time=97.037..5881.348 rows=33 loops=1)
               Buffers: shared hit=209041 read=404263
               ->  Nested Loop  (cost=2571.27..716027.25 rows=164 width=22) (actual time=25.315..5870.594 rows=393 loops=1)
                     Buffers: shared hit=207526 read=404218
                     ->  Nested Loop  (cost=2570.84..715010.66 rows=1528 width=26) (actual time=21.181..5736.614 rows=5515 loops=1)
                           Buffers: shared hit=187266 read=402418
                           ->  Nested Loop  (cost=2570.55..712671.62 rows=9167 width=30) (actual time=20.719..5606.281 rows=34091 loops=1)
                                 Buffers: shared hit=166683 read=402418
                                 ->  Hash Join  (cost=2570.12..706541.62 rows=9167 width=22) (actual time=20.663..4865.124 rows=34783 loops=1)
                                       Hash Cond: (catalog_returns.cr_returned_date_sk = date_dim.d_date_sk)
                                       Buffers: shared hit=30335 read=402402
                                       ->  Seq Scan on catalog_returns  (cost=0.00..647267.12 rows=21600412 width=26) (actual time=1.201..3287.419 rows=21598628 loops=1)
                                             Buffers: shared hit=28861 read=402402
                                       ->  Hash  (cost=2569.73..2569.73 rows=31 width=4) (actual time=19.420..19.421 rows=31 loops=1)
                                             Buckets: 1024  Batches: 1  Memory Usage: 10kB
                                             Buffers: shared hit=1474
                                             ->  Seq Scan on date_dim  (cost=0.00..2569.73 rows=31 width=4) (actual time=10.233..19.405 rows=31 loops=1)
                                                   Filter: ((d_year = 1998) AND (d_moy = 3))
                                                   Rows Removed by Filter: 73018
                                                   Buffers: shared hit=1474
                                 ->  Index Scan using customer_pkey on customer  (cost=0.43..0.67 rows=1 width=16) (actual time=0.021..0.021 rows=1 loops=34783)
                                       Index Cond: (c_customer_sk = catalog_returns.cr_returning_customer_sk)
                                       Buffers: shared hit=136348 read=16
                           ->  Memoize  (cost=0.29..0.31 rows=1 width=4) (actual time=0.004..0.004 rows=0 loops=34091)
                                 Cache Key: customer.c_current_hdemo_sk
                                 Cache Mode: logical
                                 Hits: 27229  Misses: 6862  Evictions: 0  Overflows: 0  Memory Usage: 496kB
                                 Buffers: shared hit=20583
                                 ->  Index Scan using household_demographics_pkey on household_demographics  (cost=0.28..0.30 rows=1 width=4) (actual time=0.016..0.016 rows=0 loops=6862)
                                       Index Cond: (hd_demo_sk = customer.c_current_hdemo_sk)
                                       Filter: (hd_buy_potential ~~ '501-1000%'::text)
                                       Rows Removed by Filter: 1
                                       Buffers: shared hit=20583
                     ->  Index Scan using customer_address_pkey on customer_address  (cost=0.42..0.67 rows=1 width=4) (actual time=0.024..0.024 rows=0 loops=5515)
                           Index Cond: (ca_address_sk = customer.c_current_addr_sk)
                           Filter: (ca_gmt_offset = '-7'::numeric)
                           Rows Removed by Filter: 1
                           Buffers: shared hit=20260 read=1800
               ->  Index Scan using customer_demographics_pkey on customer_demographics  (cost=0.43..0.72 rows=1 width=4) (actual time=0.027..0.027 rows=0 loops=393)
                     Index Cond: (cd_demo_sk = customer.c_current_cdemo_sk)
                     Filter: (((cd_marital_status = 'M'::bpchar) AND (cd_education_status = 'Unknown'::bpchar)) OR ((cd_marital_status = 'W'::bpchar) AND (cd_education_status = 'Advanced Degree'::bpchar)))
                     Rows Removed by Filter: 1
                     Buffers: shared hit=1515 read=45
         ->  Index Scan using call_center_pkey on call_center  (cost=0.14..0.16 rows=1 width=48) (actual time=0.006..0.006 rows=1 loops=33)
               Index Cond: (cc_call_center_sk = catalog_returns.cr_call_center_sk)
               Buffers: shared hit=66
 Planning:
   Buffers: shared hit=415
 Planning Time: 4.475 ms
 Execution Time: 5882.564 ms
(54 rows)

