                                                                                                  QUERY PLAN                                                                                                  
--------------------------------------------------------------------------------------------------------------------------------------------------------------------------------------------------------------
 Aggregate  (cost=715903.32..715903.33 rows=1 width=136) (actual time=14510.075..14510.082 rows=1 loops=1)
   Buffers: shared hit=1497121 read=417945
   ->  Nested Loop  (cost=2571.82..715903.18 rows=9 width=58) (actual time=2888.306..14508.755 rows=378 loops=1)
         Buffers: shared hit=1497121 read=417945
         ->  Nested Loop  (cost=2571.68..715901.79 rows=9 width=18) (actual time=2888.287..14503.352 rows=380 loops=1)
               Buffers: shared hit=1496365 read=417945
               ->  Nested Loop  (cost=2571.25..715788.62 rows=158 width=22) (actual time=2788.025..14360.384 rows=5503 loops=1)
                     Buffers: shared hit=1476737 read=415957
                     ->  Nested Loop  (cost=2570.83..714805.30 rows=1478 width=26) (actual time=2776.780..12960.100 rows=54174 loops=1)
                           Buffers: shared hit=1270642 read=405356
                           ->  Nested Loop  (cost=2570.54..712473.67 rows=8871 width=30) (actual time=2776.098..12621.576 rows=305416 loops=1)
                                 Buffers: shared hit=1249045 read=405356
                                 ->  Hash Join  (cost=2570.11..706541.60 rows=8871 width=22) (actual time=2776.038..5416.372 rows=311605 loops=1)
                                       Hash Cond: (catalog_returns.cr_returned_date_sk = date_dim.d_date_sk)
                                       Buffers: shared hit=27665 read=405072
                                       ->  Seq Scan on catalog_returns  (cost=0.00..647267.12 rows=21600412 width=26) (actual time=0.057..3540.708 rows=21598628 loops=1)
                                             Buffers: shared hit=27665 read=403598
                                       ->  Hash  (cost=2569.73..2569.73 rows=30 width=4) (actual time=18.397..18.398 rows=30 loops=1)
                                             Buckets: 1024  Batches: 1  Memory Usage: 10kB
                                             Buffers: shared read=1474
                                             ->  Seq Scan on date_dim  (cost=0.00..2569.73 rows=30 width=4) (actual time=10.639..18.383 rows=30 loops=1)
                                                   Filter: ((d_year = 2002) AND (d_moy = 9))
                                                   Rows Removed by Filter: 73019
                                                   Buffers: shared read=1474
                                 ->  Index Scan using customer_pkey on customer  (cost=0.43..0.67 rows=1 width=16) (actual time=0.023..0.023 rows=1 loops=311605)
                                       Index Cond: (c_customer_sk = catalog_returns.cr_returning_customer_sk)
                                       Buffers: shared hit=1221380 read=284
                           ->  Memoize  (cost=0.29..0.31 rows=1 width=4) (actual time=0.001..0.001 rows=0 loops=305416)
                                 Cache Key: customer.c_current_hdemo_sk
                                 Cache Mode: logical
                                 Hits: 298216  Misses: 7200  Evictions: 0  Overflows: 0  Memory Usage: 521kB
                                 Buffers: shared hit=21597
                                 ->  Index Scan using household_demographics_pkey on household_demographics  (cost=0.28..0.30 rows=1 width=4) (actual time=0.013..0.013 rows=0 loops=7200)
                                       Index Cond: (hd_demo_sk = customer.c_current_hdemo_sk)
                                       Filter: (hd_buy_potential ~~ '>10000%'::text)
                                       Rows Removed by Filter: 1
                                       Buffers: shared hit=21597
                     ->  Index Scan using customer_address_pkey on customer_address  (cost=0.42..0.67 rows=1 width=4) (actual time=0.025..0.025 rows=0 loops=54174)
                           Index Cond: (ca_address_sk = customer.c_current_addr_sk)
                           Filter: (ca_gmt_offset = '-7'::numeric)
                           Rows Removed by Filter: 1
                           Buffers: shared hit=206095 read=10601
               ->  Index Scan using customer_demographics_pkey on customer_demographics  (cost=0.43..0.72 rows=1 width=4) (actual time=0.026..0.026 rows=0 loops=5503)
                     Index Cond: (cd_demo_sk = customer.c_current_cdemo_sk)
                     Filter: (((cd_marital_status = 'M'::bpchar) AND (cd_education_status = 'Unknown'::bpchar)) OR ((cd_marital_status = 'W'::bpchar) AND (cd_education_status = 'Advanced Degree'::bpchar)))
                     Rows Removed by Filter: 1
                     Buffers: shared hit=19628 read=1988
         ->  Index Scan using call_center_pkey on call_center  (cost=0.14..0.16 rows=1 width=48) (actual time=0.012..0.012 rows=1 loops=380)
               Index Cond: (cc_call_center_sk = catalog_returns.cr_call_center_sk)
               Buffers: shared hit=756
 Planning:
   Buffers: shared hit=384 read=31
 Planning Time: 3.932 ms
 Execution Time: 14510.771 ms
(54 rows)

