                                                                                                     QUERY PLAN                                                                                                     
--------------------------------------------------------------------------------------------------------------------------------------------------------------------------------------------------------------------
 Aggregate  (cost=715921.76..715921.77 rows=1 width=136) (actual time=10729.801..10729.809 rows=1 loops=1)
   Buffers: shared hit=929525 read=420154
   ->  Hash Join  (cost=2574.36..715921.22 rows=36 width=58) (actual time=10729.796..10729.804 rows=0 loops=1)
         Hash Cond: (catalog_returns.cr_call_center_sk = call_center.cc_call_center_sk)
         Buffers: shared hit=929525 read=420154
         ->  Nested Loop  (cost=2571.68..715918.44 rows=36 width=18) (actual time=10729.711..10729.718 rows=0 loops=1)
               Buffers: shared hit=929523 read=420154
               ->  Nested Loop  (cost=2571.26..715863.88 rows=82 width=22) (actual time=168.424..10689.806 rows=1307 loops=1)
                     Buffers: shared hit=924489 read=419960
                     ->  Nested Loop  (cost=2570.83..714805.30 rows=1478 width=26) (actual time=154.924..9933.468 rows=29798 loops=1)
                           Buffers: shared hit=818432 read=409053
                           ->  Nested Loop  (cost=2570.54..712473.67 rows=8871 width=30) (actual time=154.890..9688.582 rows=193296 loops=1)
                                 Buffers: shared hit=796868 read=409053
                                 ->  Hash Join  (cost=2570.11..706541.60 rows=8871 width=22) (actual time=154.841..5228.106 rows=197234 loops=1)
                                       Hash Cond: (catalog_returns.cr_returned_date_sk = date_dim.d_date_sk)
                                       Buffers: shared hit=23847 read=408890
                                       ->  Seq Scan on catalog_returns  (cost=0.00..647267.12 rows=21600412 width=26) (actual time=0.027..3459.641 rows=21598628 loops=1)
                                             Buffers: shared hit=22373 read=408890
                                       ->  Hash  (cost=2569.73..2569.73 rows=30 width=4) (actual time=22.792..22.793 rows=31 loops=1)
                                             Buckets: 1024  Batches: 1  Memory Usage: 10kB
                                             Buffers: shared hit=1474
                                             ->  Seq Scan on date_dim  (cost=0.00..2569.73 rows=30 width=4) (actual time=10.693..22.778 rows=31 loops=1)
                                                   Filter: ((d_year = 1998) AND (d_moy = 12))
                                                   Rows Removed by Filter: 73018
                                                   Buffers: shared hit=1474
                                 ->  Index Scan using customer_pkey on customer  (cost=0.43..0.67 rows=1 width=16) (actual time=0.022..0.022 rows=1 loops=197234)
                                       Index Cond: (c_customer_sk = catalog_returns.cr_returning_customer_sk)
                                       Buffers: shared hit=773021 read=163
                           ->  Memoize  (cost=0.29..0.31 rows=1 width=4) (actual time=0.001..0.001 rows=0 loops=193296)
                                 Cache Key: customer.c_current_hdemo_sk
                                 Cache Mode: logical
                                 Hits: 186107  Misses: 7189  Evictions: 0  Overflows: 0  Memory Usage: 520kB
                                 Buffers: shared hit=21564
                                 ->  Index Scan using household_demographics_pkey on household_demographics  (cost=0.28..0.30 rows=1 width=4) (actual time=0.014..0.014 rows=0 loops=7189)
                                       Index Cond: (hd_demo_sk = customer.c_current_hdemo_sk)
                                       Filter: (hd_buy_potential ~~ '0-500%'::text)
                                       Rows Removed by Filter: 1
                                       Buffers: shared hit=21564
                     ->  Index Scan using customer_demographics_pkey on customer_demographics  (cost=0.43..0.72 rows=1 width=4) (actual time=0.025..0.025 rows=0 loops=29798)
                           Index Cond: (cd_demo_sk = customer.c_current_cdemo_sk)
                           Filter: (((cd_marital_status = 'M'::bpchar) AND (cd_education_status = 'Unknown'::bpchar)) OR ((cd_marital_status = 'W'::bpchar) AND (cd_education_status = 'Advanced Degree'::bpchar)))
                           Rows Removed by Filter: 1
                           Buffers: shared hit=106057 read=10907
               ->  Index Scan using customer_address_pkey on customer_address  (cost=0.42..0.67 rows=1 width=4) (actual time=0.030..0.030 rows=0 loops=1307)
                     Index Cond: (ca_address_sk = customer.c_current_addr_sk)
                     Filter: (ca_gmt_offset = '-6'::numeric)
                     Rows Removed by Filter: 1
                     Buffers: shared hit=5034 read=194
         ->  Hash  (cost=2.30..2.30 rows=30 width=48) (actual time=0.063..0.063 rows=30 loops=1)
               Buckets: 1024  Batches: 1  Memory Usage: 11kB
               Buffers: shared hit=2
               ->  Seq Scan on call_center  (cost=0.00..2.30 rows=30 width=48) (actual time=0.025..0.041 rows=30 loops=1)
                     Buffers: shared hit=2
 Planning:
   Buffers: shared hit=415
 Planning Time: 4.029 ms
 Execution Time: 10730.560 ms
(57 rows)

