                                                                                                  QUERY PLAN                                                                                                  
--------------------------------------------------------------------------------------------------------------------------------------------------------------------------------------------------------------
 Aggregate  (cost=715903.32..715903.33 rows=1 width=136) (actual time=14790.456..14790.462 rows=1 loops=1)
   Buffers: shared hit=1533077 read=418142
   ->  Nested Loop  (cost=2571.82..715903.18 rows=9 width=58) (actual time=2614.937..14789.127 rows=397 loops=1)
         Buffers: shared hit=1533077 read=418142
         ->  Nested Loop  (cost=2571.68..715901.79 rows=9 width=18) (actual time=2614.921..14785.109 rows=402 loops=1)
               Buffers: shared hit=1532283 read=418142
               ->  Nested Loop  (cost=2571.25..715788.62 rows=158 width=22) (actual time=2535.939..14683.170 rows=4000 loops=1)
                     Buffers: shared hit=1518299 read=416398
                     ->  Nested Loop  (cost=2570.83..714805.30 rows=1478 width=26) (actual time=2514.236..13361.178 rows=53169 loops=1)
                           Buffers: shared hit=1314222 read=407799
                           ->  Nested Loop  (cost=2570.54..712473.67 rows=8871 width=30) (actual time=2511.096..13018.623 rows=316921 loops=1)
                                 Buffers: shared hit=1292622 read=407799
                                 ->  Hash Join  (cost=2570.11..706541.60 rows=8871 width=22) (actual time=2511.032..5625.716 rows=323430 loops=1)
                                       Hash Cond: (catalog_returns.cr_returned_date_sk = date_dim.d_date_sk)
                                       Buffers: shared hit=25363 read=407374
                                       ->  Seq Scan on catalog_returns  (cost=0.00..647267.12 rows=21600412 width=26) (actual time=0.058..3706.455 rows=21598628 loops=1)
                                             Buffers: shared hit=23889 read=407374
                                       ->  Hash  (cost=2569.73..2569.73 rows=30 width=4) (actual time=28.206..28.207 rows=30 loops=1)
                                             Buckets: 1024  Batches: 1  Memory Usage: 10kB
                                             Buffers: shared hit=1474
                                             ->  Seq Scan on date_dim  (cost=0.00..2569.73 rows=30 width=4) (actual time=16.886..28.192 rows=30 loops=1)
                                                   Filter: ((d_year = 2002) AND (d_moy = 6))
                                                   Rows Removed by Filter: 73019
                                                   Buffers: shared hit=1474
                                 ->  Index Scan using customer_pkey on customer  (cost=0.43..0.67 rows=1 width=16) (actual time=0.022..0.022 rows=1 loops=323430)
                                       Index Cond: (c_customer_sk = catalog_returns.cr_returning_customer_sk)
                                       Buffers: shared hit=1267259 read=425
                           ->  Memoize  (cost=0.29..0.31 rows=1 width=4) (actual time=0.001..0.001 rows=0 loops=316921)
                                 Cache Key: customer.c_current_hdemo_sk
                                 Cache Mode: logical
                                 Hits: 309720  Misses: 7201  Evictions: 0  Overflows: 0  Memory Usage: 521kB
                                 Buffers: shared hit=21600
                                 ->  Index Scan using household_demographics_pkey on household_demographics  (cost=0.28..0.30 rows=1 width=4) (actual time=0.014..0.014 rows=0 loops=7201)
                                       Index Cond: (hd_demo_sk = customer.c_current_hdemo_sk)
                                       Filter: (hd_buy_potential ~~ '501-1000%'::text)
                                       Rows Removed by Filter: 1
                                       Buffers: shared hit=21600
                     ->  Index Scan using customer_address_pkey on customer_address  (cost=0.42..0.67 rows=1 width=4) (actual time=0.024..0.024 rows=0 loops=53169)
                           Index Cond: (ca_address_sk = customer.c_current_addr_sk)
                           Filter: (ca_gmt_offset = '-7'::numeric)
                           Rows Removed by Filter: 1
                           Buffers: shared hit=204077 read=8599
               ->  Index Scan using customer_demographics_pkey on customer_demographics  (cost=0.43..0.72 rows=1 width=4) (actual time=0.025..0.025 rows=0 loops=4000)
                     Index Cond: (cd_demo_sk = customer.c_current_cdemo_sk)
                     Filter: (((cd_marital_status = 'M'::bpchar) AND (cd_education_status = 'Unknown'::bpchar)) OR ((cd_marital_status = 'W'::bpchar) AND (cd_education_status = 'Advanced Degree'::bpchar)))
                     Rows Removed by Filter: 1
                     Buffers: shared hit=13984 read=1744
         ->  Index Scan using call_center_pkey on call_center  (cost=0.14..0.16 rows=1 width=48) (actual time=0.008..0.008 rows=1 loops=402)
               Index Cond: (cc_call_center_sk = catalog_returns.cr_call_center_sk)
               Buffers: shared hit=794
 Planning:
   Buffers: shared hit=415
 Planning Time: 5.141 ms
 Execution Time: 14791.930 ms
(54 rows)

