                                                                                                     QUERY PLAN                                                                                                     
--------------------------------------------------------------------------------------------------------------------------------------------------------------------------------------------------------------------
 Aggregate  (cost=716164.96..716164.97 rows=1 width=136) (actual time=12244.502..12244.509 rows=1 loops=1)
   Buffers: shared hit=1156639 read=430493
   ->  Hash Join  (cost=2574.37..716164.39 rows=38 width=58) (actual time=12244.496..12244.503 rows=0 loops=1)
         Hash Cond: (catalog_returns.cr_call_center_sk = call_center.cc_call_center_sk)
         Buffers: shared hit=1156639 read=430493
         ->  Nested Loop  (cost=2571.69..716161.60 rows=38 width=18) (actual time=12244.419..12244.424 rows=0 loops=1)
               Buffers: shared hit=1156637 read=430493
               ->  Nested Loop  (cost=2571.27..716105.05 rows=85 width=22) (actual time=1286.813..12203.585 rows=1635 loops=1)
                     Buffers: shared hit=1150327 read=430263
                     ->  Nested Loop  (cost=2570.84..715010.66 rows=1528 width=26) (actual time=1284.012..11216.203 rows=37579 loops=1)
                           Buffers: shared hit=1023766 read=409284
                           ->  Nested Loop  (cost=2570.55..712671.62 rows=9167 width=30) (actual time=1282.968..10926.943 rows=244682 loops=1)
                                 Buffers: shared hit=1002181 read=409284
                                 ->  Hash Join  (cost=2570.12..706541.62 rows=9167 width=22) (actual time=1282.918..5269.170 rows=249569 loops=1)
                                       Hash Cond: (catalog_returns.cr_returned_date_sk = date_dim.d_date_sk)
                                       Buffers: shared hit=23616 read=409121
                                       ->  Seq Scan on catalog_returns  (cost=0.00..647267.12 rows=21600412 width=26) (actual time=0.027..3496.670 rows=21598628 loops=1)
                                             Buffers: shared hit=22142 read=409121
                                       ->  Hash  (cost=2569.73..2569.73 rows=31 width=4) (actual time=20.108..20.109 rows=31 loops=1)
                                             Buckets: 1024  Batches: 1  Memory Usage: 10kB
                                             Buffers: shared hit=1474
                                             ->  Seq Scan on date_dim  (cost=0.00..2569.73 rows=31 width=4) (actual time=10.233..20.085 rows=31 loops=1)
                                                   Filter: ((d_year = 2000) AND (d_moy = 8))
                                                   Rows Removed by Filter: 73018
                                                   Buffers: shared hit=1474
                                 ->  Index Scan using customer_pkey on customer  (cost=0.43..0.67 rows=1 width=16) (actual time=0.022..0.022 rows=1 loops=249569)
                                       Index Cond: (c_customer_sk = catalog_returns.cr_returning_customer_sk)
                                       Buffers: shared hit=978565 read=163
                           ->  Memoize  (cost=0.29..0.31 rows=1 width=4) (actual time=0.001..0.001 rows=0 loops=244682)
                                 Cache Key: customer.c_current_hdemo_sk
                                 Cache Mode: logical
                                 Hits: 237486  Misses: 7196  Evictions: 0  Overflows: 0  Memory Usage: 521kB
                                 Buffers: shared hit=21585
                                 ->  Index Scan using household_demographics_pkey on household_demographics  (cost=0.28..0.30 rows=1 width=4) (actual time=0.015..0.015 rows=0 loops=7196)
                                       Index Cond: (hd_demo_sk = customer.c_current_hdemo_sk)
                                       Filter: (hd_buy_potential ~~ '0-500%'::text)
                                       Rows Removed by Filter: 1
                                       Buffers: shared hit=21585
                     ->  Index Scan using customer_demographics_pkey on customer_demographics  (cost=0.43..0.72 rows=1 width=4) (actual time=0.026..0.026 rows=0 loops=37579)
                           Index Cond: (cd_demo_sk = customer.c_current_cdemo_sk)
                           Filter: (((cd_marital_status = 'M'::bpchar) AND (cd_education_status = 'Unknown'::bpchar)) OR ((cd_marital_status = 'W'::bpchar) AND (cd_education_status = 'Advanced Degree'::bpchar)))
                           Rows Removed by Filter: 1
                           Buffers: shared hit=126561 read=20979
               ->  Index Scan using customer_address_pkey on customer_address  (cost=0.42..0.67 rows=1 width=4) (actual time=0.024..0.024 rows=0 loops=1635)
                     Index Cond: (ca_address_sk = customer.c_current_addr_sk)
                     Filter: (ca_gmt_offset = '-6'::numeric)
                     Rows Removed by Filter: 1
                     Buffers: shared hit=6310 read=230
         ->  Hash  (cost=2.30..2.30 rows=30 width=48) (actual time=0.058..0.059 rows=30 loops=1)
               Buckets: 1024  Batches: 1  Memory Usage: 11kB
               Buffers: shared hit=2
               ->  Seq Scan on call_center  (cost=0.00..2.30 rows=30 width=48) (actual time=0.025..0.040 rows=30 loops=1)
                     Buffers: shared hit=2
 Planning:
   Buffers: shared hit=415
 Planning Time: 6.398 ms
 Execution Time: 12245.223 ms
(57 rows)

