                                                                                                  QUERY PLAN                                                                                                  
--------------------------------------------------------------------------------------------------------------------------------------------------------------------------------------------------------------
 Aggregate  (cost=715661.61..715661.62 rows=1 width=136) (actual time=10694.342..10694.347 rows=1 loops=1)
   Buffers: shared hit=928990 read=412817
   ->  Nested Loop  (cost=2571.81..715661.49 rows=8 width=58) (actual time=81.357..10692.952 rows=485 loops=1)
         Buffers: shared hit=928990 read=412817
         ->  Nested Loop  (cost=2571.67..715660.25 rows=8 width=18) (actual time=81.346..10688.102 rows=490 loops=1)
               Buffers: shared hit=928020 read=412817
               ->  Nested Loop  (cost=2571.24..715550.67 rows=153 width=22) (actual time=80.247..10584.160 rows=3878 loops=1)
                     Buffers: shared hit=914303 read=411274
                     ->  Nested Loop  (cost=2570.82..714599.95 rows=1429 width=26) (actual time=76.982..9870.603 rows=28855 loops=1)
                           Buffers: shared hit=803169 read=406988
                           ->  Nested Loop  (cost=2570.52..712275.72 rows=8575 width=30) (actual time=74.936..9620.976 rows=188961 loops=1)
                                 Buffers: shared hit=781593 read=406988
                                 ->  Hash Join  (cost=2570.10..706541.59 rows=8575 width=22) (actual time=74.873..5212.419 rows=192746 loops=1)
                                       Hash Cond: (catalog_returns.cr_returned_date_sk = date_dim.d_date_sk)
                                       Buffers: shared hit=25850 read=406887
                                       ->  Seq Scan on catalog_returns  (cost=0.00..647267.12 rows=21600412 width=26) (actual time=0.043..3448.909 rows=21598628 loops=1)
                                             Buffers: shared hit=25850 read=405413
                                       ->  Hash  (cost=2569.73..2569.73 rows=29 width=4) (actual time=21.844..21.845 rows=30 loops=1)
                                             Buckets: 1024  Batches: 1  Memory Usage: 10kB
                                             Buffers: shared read=1474
                                             ->  Seq Scan on date_dim  (cost=0.00..2569.73 rows=29 width=4) (actual time=12.257..21.827 rows=30 loops=1)
                                                   Filter: ((d_year = 1998) AND (d_moy = 11))
                                                   Rows Removed by Filter: 73019
                                                   Buffers: shared read=1474
                                 ->  Index Scan using customer_pkey on customer  (cost=0.43..0.67 rows=1 width=16) (actual time=0.022..0.022 rows=1 loops=192746)
                                       Index Cond: (c_customer_sk = catalog_returns.cr_returning_customer_sk)
                                       Buffers: shared hit=755743 read=101
                           ->  Memoize  (cost=0.29..0.31 rows=1 width=4) (actual time=0.001..0.001 rows=0 loops=188961)
                                 Cache Key: customer.c_current_hdemo_sk
                                 Cache Mode: logical
                                 Hits: 181768  Misses: 7193  Evictions: 0  Overflows: 0  Memory Usage: 520kB
                                 Buffers: shared hit=21576
                                 ->  Index Scan using household_demographics_pkey on household_demographics  (cost=0.28..0.30 rows=1 width=4) (actual time=0.015..0.015 rows=0 loops=7193)
                                       Index Cond: (hd_demo_sk = customer.c_current_hdemo_sk)
                                       Filter: (hd_buy_potential ~~ '0-500%'::text)
                                       Rows Removed by Filter: 1
                                       Buffers: shared hit=21576
                     ->  Index Scan using customer_address_pkey on customer_address  (cost=0.42..0.67 rows=1 width=4) (actual time=0.024..0.024 rows=0 loops=28855)
                           Index Cond: (ca_address_sk = customer.c_current_addr_sk)
                           Filter: (ca_gmt_offset = '-7'::numeric)
                           Rows Removed by Filter: 1
                           Buffers: shared hit=111134 read=4286
               ->  Index Scan using customer_demographics_pkey on customer_demographics  (cost=0.43..0.72 rows=1 width=4) (actual time=0.026..0.026 rows=0 loops=3878)
                     Index Cond: (cd_demo_sk = customer.c_current_cdemo_sk)
                     Filter: (((cd_marital_status = 'M'::bpchar) AND (cd_education_status = 'Unknown'::bpchar)) OR ((cd_marital_status = 'W'::bpchar) AND (cd_education_status = 'Advanced Degree'::bpchar)))
                     Rows Removed by Filter: 1
                     Buffers: shared hit=13717 read=1543
         ->  Index Scan using call_center_pkey on call_center  (cost=0.14..0.16 rows=1 width=48) (actual time=0.009..0.009 rows=1 loops=490)
               Index Cond: (cc_call_center_sk = catalog_returns.cr_call_center_sk)
               Buffers: shared hit=970
 Planning:
   Buffers: shared hit=384 read=31
 Planning Time: 4.875 ms
 Execution Time: 10695.059 ms
(54 rows)

