                                                                                                     QUERY PLAN                                                                                                     
--------------------------------------------------------------------------------------------------------------------------------------------------------------------------------------------------------------------
 Aggregate  (cost=715921.76..715921.77 rows=1 width=136) (actual time=13544.983..13544.990 rows=1 loops=1)
   Buffers: shared hit=1311560 read=424725
   ->  Hash Join  (cost=2574.36..715921.22 rows=36 width=58) (actual time=13544.978..13544.985 rows=0 loops=1)
         Hash Cond: (catalog_returns.cr_call_center_sk = call_center.cc_call_center_sk)
         Buffers: shared hit=1311560 read=424725
         ->  Nested Loop  (cost=2571.68..715918.44 rows=36 width=18) (actual time=13544.874..13544.880 rows=0 loops=1)
               Buffers: shared hit=1311558 read=424725
               ->  Nested Loop  (cost=2571.26..715863.88 rows=82 width=22) (actual time=1550.827..13513.357 rows=1060 loops=1)
                     Buffers: shared hit=1307454 read=424589
                     ->  Nested Loop  (cost=2570.83..714805.30 rows=1478 width=26) (actual time=1538.757..12309.241 rows=45974 loops=1)
                           Buffers: shared hit=1145609 read=405882
                           ->  Nested Loop  (cost=2570.54..712473.67 rows=8871 width=30) (actual time=1533.669..11988.829 rows=274293 loops=1)
                                 Buffers: shared hit=1124027 read=405882
                                 ->  Hash Join  (cost=2570.11..706541.60 rows=8871 width=22) (actual time=1533.630..5506.501 rows=279797 loops=1)
                                       Hash Cond: (catalog_returns.cr_returned_date_sk = date_dim.d_date_sk)
                                       Buffers: shared hit=27048 read=405689
                                       ->  Seq Scan on catalog_returns  (cost=0.00..647267.12 rows=21600412 width=26) (actual time=0.037..3639.037 rows=21598628 loops=1)
                                             Buffers: shared hit=25574 read=405689
                                       ->  Hash  (cost=2569.73..2569.73 rows=30 width=4) (actual time=19.363..19.365 rows=31 loops=1)
                                             Buckets: 1024  Batches: 1  Memory Usage: 10kB
                                             Buffers: shared hit=1474
                                             ->  Seq Scan on date_dim  (cost=0.00..2569.73 rows=30 width=4) (actual time=10.240..19.344 rows=31 loops=1)
                                                   Filter: ((d_year = 2001) AND (d_moy = 1))
                                                   Rows Removed by Filter: 73018
                                                   Buffers: shared hit=1474
                                 ->  Index Scan using customer_pkey on customer  (cost=0.43..0.67 rows=1 width=16) (actual time=0.023..0.023 rows=1 loops=279797)
                                       Index Cond: (c_customer_sk = catalog_returns.cr_returning_customer_sk)
                                       Buffers: shared hit=1096979 read=193
                           ->  Memoize  (cost=0.29..0.31 rows=1 width=4) (actual time=0.001..0.001 rows=0 loops=274293)
                                 Cache Key: customer.c_current_hdemo_sk
                                 Cache Mode: logical
                                 Hits: 267098  Misses: 7195  Evictions: 0  Overflows: 0  Memory Usage: 520kB
                                 Buffers: shared hit=21582
                                 ->  Index Scan using household_demographics_pkey on household_demographics  (cost=0.28..0.30 rows=1 width=4) (actual time=0.015..0.015 rows=0 loops=7195)
                                       Index Cond: (hd_demo_sk = customer.c_current_hdemo_sk)
                                       Filter: (hd_buy_potential ~~ '501-1000%'::text)
                                       Rows Removed by Filter: 1
                                       Buffers: shared hit=21582
                     ->  Index Scan using customer_demographics_pkey on customer_demographics  (cost=0.43..0.72 rows=1 width=4) (actual time=0.026..0.026 rows=0 loops=45974)
                           Index Cond: (cd_demo_sk = customer.c_current_cdemo_sk)
                           Filter: (((cd_marital_status = 'M'::bpchar) AND (cd_education_status = 'Unknown'::bpchar)) OR ((cd_marital_status = 'W'::bpchar) AND (cd_education_status = 'Advanced Degree'::bpchar)))
                           Rows Removed by Filter: 1
                           Buffers: shared hit=161845 read=18707
               ->  Index Scan using customer_address_pkey on customer_address  (cost=0.42..0.67 rows=1 width=4) (actual time=0.029..0.029 rows=0 loops=1060)
                     Index Cond: (ca_address_sk = customer.c_current_addr_sk)
                     Filter: (ca_gmt_offset = '-6'::numeric)
                     Rows Removed by Filter: 1
                     Buffers: shared hit=4104 read=136
         ->  Hash  (cost=2.30..2.30 rows=30 width=48) (actual time=0.079..0.079 rows=30 loops=1)
               Buckets: 1024  Batches: 1  Memory Usage: 11kB
               Buffers: shared hit=2
               ->  Seq Scan on call_center  (cost=0.00..2.30 rows=30 width=48) (actual time=0.030..0.052 rows=30 loops=1)
                     Buffers: shared hit=2
 Planning:
   Buffers: shared hit=415
 Planning Time: 4.540 ms
 Execution Time: 13545.816 ms
(57 rows)

