                                                                                                  QUERY PLAN                                                                                                  
--------------------------------------------------------------------------------------------------------------------------------------------------------------------------------------------------------------
 Aggregate  (cost=715420.76..715420.77 rows=1 width=136) (actual time=5269.322..5269.328 rows=1 loops=1)
   Buffers: shared hit=85900 read=402914
   ->  Nested Loop  (cost=2571.79..715420.64 rows=8 width=58) (actual time=78.813..5269.268 rows=12 loops=1)
         Buffers: shared hit=85900 read=402914
         ->  Nested Loop  (cost=2571.66..715419.40 rows=8 width=18) (actual time=78.795..5269.168 rows=14 loops=1)
               Buffers: shared hit=85876 read=402914
               ->  Nested Loop  (cost=2571.23..715313.40 rows=148 width=22) (actual time=28.894..5266.274 rows=134 loops=1)
                     Buffers: shared hit=85371 read=402895
                     ->  Nested Loop  (cost=2570.80..714395.28 rows=1380 width=26) (actual time=20.794..5235.617 rows=1450 loops=1)
                           Buffers: shared hit=79897 read=402569
                           ->  Nested Loop  (cost=2570.51..712078.44 rows=8280 width=30) (actual time=20.501..5150.172 rows=8902 loops=1)
                                 Buffers: shared hit=65776 read=402569
                                 ->  Hash Join  (cost=2570.08..706541.58 rows=8280 width=22) (actual time=20.441..4943.671 rows=9081 loops=1)
                                       Hash Cond: (catalog_returns.cr_returned_date_sk = date_dim.d_date_sk)
                                       Buffers: shared hit=30176 read=402561
                                       ->  Seq Scan on catalog_returns  (cost=0.00..647267.12 rows=21600412 width=26) (actual time=0.174..3314.606 rows=21598628 loops=1)
                                             Buffers: shared hit=28702 read=402561
                                       ->  Hash  (cost=2569.73..2569.73 rows=28 width=4) (actual time=20.222..20.223 rows=28 loops=1)
                                             Buckets: 1024  Batches: 1  Memory Usage: 9kB
                                             Buffers: shared hit=1474
                                             ->  Seq Scan on date_dim  (cost=0.00..2569.73 rows=28 width=4) (actual time=10.798..20.207 rows=28 loops=1)
                                                   Filter: ((d_year = 1998) AND (d_moy = 2))
                                                   Rows Removed by Filter: 73021
                                                   Buffers: shared hit=1474
                                 ->  Index Scan using customer_pkey on customer  (cost=0.43..0.67 rows=1 width=16) (actual time=0.022..0.022 rows=1 loops=9081)
                                       Index Cond: (c_customer_sk = catalog_returns.cr_returning_customer_sk)
                                       Buffers: shared hit=35600 read=8
                           ->  Memoize  (cost=0.29..0.31 rows=1 width=4) (actual time=0.009..0.009 rows=0 loops=8902)
                                 Cache Key: customer.c_current_hdemo_sk
                                 Cache Mode: logical
                                 Hits: 4194  Misses: 4708  Evictions: 0  Overflows: 0  Memory Usage: 340kB
                                 Buffers: shared hit=14121
                                 ->  Index Scan using household_demographics_pkey on household_demographics  (cost=0.28..0.30 rows=1 width=4) (actual time=0.017..0.017 rows=0 loops=4708)
                                       Index Cond: (hd_demo_sk = customer.c_current_hdemo_sk)
                                       Filter: (hd_buy_potential ~~ '501-1000%'::text)
                                       Rows Removed by Filter: 1
                                       Buffers: shared hit=14121
                     ->  Index Scan using customer_address_pkey on customer_address  (cost=0.42..0.67 rows=1 width=4) (actual time=0.021..0.021 rows=0 loops=1450)
                           Index Cond: (ca_address_sk = customer.c_current_addr_sk)
                           Filter: (ca_gmt_offset = '-7'::numeric)
                           Rows Removed by Filter: 1
                           Buffers: shared hit=5474 read=326
               ->  Index Scan using customer_demographics_pkey on customer_demographics  (cost=0.43..0.72 rows=1 width=4) (actual time=0.021..0.021 rows=0 loops=134)
                     Index Cond: (cd_demo_sk = customer.c_current_cdemo_sk)
                     Filter: (((cd_marital_status = 'M'::bpchar) AND (cd_education_status = 'Unknown'::bpchar)) OR ((cd_marital_status = 'W'::bpchar) AND (cd_education_status = 'Advanced Degree'::bpchar)))
                     Rows Removed by Filter: 1
                     Buffers: shared hit=505 read=19
         ->  Index Scan using call_center_pkey on call_center  (cost=0.14..0.16 rows=1 width=48) (actual time=0.005..0.005 rows=1 loops=14)
               Index Cond: (cc_call_center_sk = catalog_returns.cr_call_center_sk)
               Buffers: shared hit=24
 Planning:
   Buffers: shared hit=415
 Planning Time: 4.221 ms
 Execution Time: 5270.062 ms
(54 rows)

