                                                                                                     QUERY PLAN                                                                                                     
--------------------------------------------------------------------------------------------------------------------------------------------------------------------------------------------------------------------
 Aggregate  (cost=716164.96..716164.97 rows=1 width=136) (actual time=12319.664..12319.671 rows=1 loops=1)
   Buffers: shared hit=1182800 read=413756
   ->  Hash Join  (cost=2574.37..716164.39 rows=38 width=58) (actual time=364.726..12314.967 rows=2311 loops=1)
         Hash Cond: (catalog_returns.cr_call_center_sk = call_center.cc_call_center_sk)
         Buffers: shared hit=1182800 read=413756
         ->  Nested Loop  (cost=2571.69..716161.60 rows=38 width=18) (actual time=364.562..12313.030 rows=2327 loops=1)
               Buffers: shared hit=1182798 read=413756
               ->  Nested Loop  (cost=2571.27..716105.05 rows=85 width=22) (actual time=364.527..12236.058 rows=2745 loops=1)
                     Buffers: shared hit=1172735 read=412839
                     ->  Nested Loop  (cost=2570.84..715010.66 rows=1528 width=26) (actual time=351.110..11375.333 rows=34157 loops=1)
                           Buffers: shared hit=1044788 read=406770
                           ->  Nested Loop  (cost=2570.55..712671.62 rows=9167 width=30) (actual time=343.947..11079.955 rows=249306 loops=1)
                                 Buffers: shared hit=1023191 read=406770
                                 ->  Hash Join  (cost=2570.12..706541.62 rows=9167 width=22) (actual time=343.894..5244.287 rows=254456 loops=1)
                                       Hash Cond: (catalog_returns.cr_returned_date_sk = date_dim.d_date_sk)
                                       Buffers: shared hit=26099 read=406638
                                       ->  Seq Scan on catalog_returns  (cost=0.00..647267.12 rows=21600412 width=26) (actual time=1.265..3464.206 rows=21598628 loops=1)
                                             Buffers: shared hit=24625 read=406638
                                       ->  Hash  (cost=2569.73..2569.73 rows=31 width=4) (actual time=19.427..19.428 rows=31 loops=1)
                                             Buckets: 1024  Batches: 1  Memory Usage: 10kB
                                             Buffers: shared hit=1474
                                             ->  Seq Scan on date_dim  (cost=0.00..2569.73 rows=31 width=4) (actual time=11.020..19.397 rows=31 loops=1)
                                                   Filter: ((d_year = 1999) AND (d_moy = 3))
                                                   Rows Removed by Filter: 73018
                                                   Buffers: shared hit=1474
                                 ->  Index Scan using customer_pkey on customer  (cost=0.43..0.67 rows=1 width=16) (actual time=0.022..0.022 rows=1 loops=254456)
                                       Index Cond: (c_customer_sk = catalog_returns.cr_returning_customer_sk)
                                       Buffers: shared hit=997092 read=132
                           ->  Memoize  (cost=0.29..0.31 rows=1 width=4) (actual time=0.001..0.001 rows=0 loops=249306)
                                 Cache Key: customer.c_current_hdemo_sk
                                 Cache Mode: logical
                                 Hits: 242106  Misses: 7200  Evictions: 0  Overflows: 0  Memory Usage: 521kB
                                 Buffers: shared hit=21597
                                 ->  Index Scan using household_demographics_pkey on household_demographics  (cost=0.28..0.30 rows=1 width=4) (actual time=0.015..0.015 rows=0 loops=7200)
                                       Index Cond: (hd_demo_sk = customer.c_current_hdemo_sk)
                                       Filter: (hd_buy_potential ~~ '1001-5000%'::text)
                                       Rows Removed by Filter: 1
                                       Buffers: shared hit=21597
                     ->  Index Scan using customer_demographics_pkey on customer_demographics  (cost=0.43..0.72 rows=1 width=4) (actual time=0.025..0.025 rows=0 loops=34157)
                           Index Cond: (cd_demo_sk = customer.c_current_cdemo_sk)
                           Filter: (((cd_marital_status = 'M'::bpchar) AND (cd_education_status = 'Unknown'::bpchar)) OR ((cd_marital_status = 'W'::bpchar) AND (cd_education_status = 'Advanced Degree'::bpchar)))
                           Rows Removed by Filter: 1
                           Buffers: shared hit=127947 read=6069
               ->  Index Scan using customer_address_pkey on customer_address  (cost=0.42..0.67 rows=1 width=4) (actual time=0.027..0.027 rows=1 loops=2745)
                     Index Cond: (ca_address_sk = customer.c_current_addr_sk)
                     Filter: (ca_gmt_offset = '-6'::numeric)
                     Rows Removed by Filter: 0
                     Buffers: shared hit=10063 read=917
         ->  Hash  (cost=2.30..2.30 rows=30 width=48) (actual time=0.126..0.127 rows=30 loops=1)
               Buckets: 1024  Batches: 1  Memory Usage: 11kB
               Buffers: shared hit=2
               ->  Seq Scan on call_center  (cost=0.00..2.30 rows=30 width=48) (actual time=0.049..0.086 rows=30 loops=1)
                     Buffers: shared hit=2
 Planning:
   Buffers: shared hit=415
 Planning Time: 6.484 ms
 Execution Time: 12320.733 ms
(57 rows)

