                                                                                                  QUERY PLAN                                                                                                  
--------------------------------------------------------------------------------------------------------------------------------------------------------------------------------------------------------------
 Aggregate  (cost=715903.32..715903.33 rows=1 width=136) (actual time=13565.588..13565.594 rows=1 loops=1)
   Buffers: shared hit=1328771 read=434235
   ->  Nested Loop  (cost=2571.82..715903.18 rows=9 width=58) (actual time=407.021..13563.569 rows=691 loops=1)
         Buffers: shared hit=1328771 read=434235
         ->  Nested Loop  (cost=2571.68..715901.79 rows=9 width=18) (actual time=407.008..13554.591 rows=698 loops=1)
               Buffers: shared hit=1327389 read=434235
               ->  Nested Loop  (cost=2571.25..715788.62 rows=158 width=22) (actual time=406.970..13426.479 rows=4950 loops=1)
                     Buffers: shared hit=1308495 read=433649
                     ->  Nested Loop  (cost=2570.83..714805.30 rows=1478 width=26) (actual time=401.363..12274.593 rows=43897 loops=1)
                           Buffers: shared hit=1150211 read=416345
                           ->  Nested Loop  (cost=2570.54..712473.67 rows=8871 width=30) (actual time=401.332..11944.249 rows=278057 loops=1)
                                 Buffers: shared hit=1128620 read=416345
                                 ->  Hash Join  (cost=2570.11..706541.60 rows=8871 width=22) (actual time=401.278..5302.667 rows=283720 loops=1)
                                       Hash Cond: (catalog_returns.cr_returned_date_sk = date_dim.d_date_sk)
                                       Buffers: shared hit=16602 read=416135
                                       ->  Seq Scan on catalog_returns  (cost=0.00..647267.12 rows=21600412 width=26) (actual time=0.176..3527.029 rows=21598628 loops=1)
                                             Buffers: shared hit=15128 read=416135
                                       ->  Hash  (cost=2569.73..2569.73 rows=30 width=4) (actual time=19.595..19.596 rows=31 loops=1)
                                             Buckets: 1024  Batches: 1  Memory Usage: 10kB
                                             Buffers: shared hit=1474
                                             ->  Seq Scan on date_dim  (cost=0.00..2569.73 rows=30 width=4) (actual time=10.082..19.581 rows=31 loops=1)
                                                   Filter: ((d_year = 1999) AND (d_moy = 5))
                                                   Rows Removed by Filter: 73018
                                                   Buffers: shared hit=1474
                                 ->  Index Scan using customer_pkey on customer  (cost=0.43..0.67 rows=1 width=16) (actual time=0.023..0.023 rows=1 loops=283720)
                                       Index Cond: (c_customer_sk = catalog_returns.cr_returning_customer_sk)
                                       Buffers: shared hit=1112018 read=210
                           ->  Memoize  (cost=0.29..0.31 rows=1 width=4) (actual time=0.001..0.001 rows=0 loops=278057)
                                 Cache Key: customer.c_current_hdemo_sk
                                 Cache Mode: logical
                                 Hits: 270859  Misses: 7198  Evictions: 0  Overflows: 0  Memory Usage: 521kB
                                 Buffers: shared hit=21591
                                 ->  Index Scan using household_demographics_pkey on household_demographics  (cost=0.28..0.30 rows=1 width=4) (actual time=0.016..0.016 rows=0 loops=7198)
                                       Index Cond: (hd_demo_sk = customer.c_current_hdemo_sk)
                                       Filter: (hd_buy_potential ~~ '5001-10000%'::text)
                                       Rows Removed by Filter: 1
                                       Buffers: shared hit=21591
                     ->  Index Scan using customer_address_pkey on customer_address  (cost=0.42..0.67 rows=1 width=4) (actual time=0.026..0.026 rows=0 loops=43897)
                           Index Cond: (ca_address_sk = customer.c_current_addr_sk)
                           Filter: (ca_gmt_offset = '-7'::numeric)
                           Rows Removed by Filter: 1
                           Buffers: shared hit=158284 read=17304
               ->  Index Scan using customer_demographics_pkey on customer_demographics  (cost=0.43..0.72 rows=1 width=4) (actual time=0.025..0.025 rows=0 loops=4950)
                     Index Cond: (cd_demo_sk = customer.c_current_cdemo_sk)
                     Filter: (((cd_marital_status = 'M'::bpchar) AND (cd_education_status = 'Unknown'::bpchar)) OR ((cd_marital_status = 'W'::bpchar) AND (cd_education_status = 'Advanced Degree'::bpchar)))
                     Rows Removed by Filter: 1
                     Buffers: shared hit=18894 read=586
         ->  Index Scan using call_center_pkey on call_center  (cost=0.14..0.16 rows=1 width=48) (actual time=0.011..0.011 rows=1 loops=698)
               Index Cond: (cc_call_center_sk = catalog_returns.cr_call_center_sk)
               Buffers: shared hit=1382
 Planning:
   Buffers: shared hit=415
 Planning Time: 4.246 ms
 Execution Time: 13566.359 ms
(54 rows)

