                                                                                                     QUERY PLAN                                                                                                     
--------------------------------------------------------------------------------------------------------------------------------------------------------------------------------------------------------------------
 Aggregate  (cost=715921.76..715921.77 rows=1 width=136) (actual time=12996.228..12996.235 rows=1 loops=1)
   Buffers: shared hit=1255087 read=414979
   ->  Hash Join  (cost=2574.36..715921.22 rows=36 width=58) (actual time=2031.522..12994.844 rows=481 loops=1)
         Hash Cond: (catalog_returns.cr_call_center_sk = call_center.cc_call_center_sk)
         Buffers: shared hit=1255087 read=414979
         ->  Nested Loop  (cost=2571.68..715918.44 rows=36 width=18) (actual time=2031.446..12994.225 rows=483 loops=1)
               Buffers: shared hit=1255085 read=414979
               ->  Nested Loop  (cost=2571.26..715863.88 rows=82 width=22) (actual time=2012.922..12913.629 rows=2845 loops=1)
                     Buffers: shared hit=1244550 read=414134
                     ->  Nested Loop  (cost=2570.83..714805.30 rows=1478 width=26) (actual time=1999.266..11919.786 rows=41003 loops=1)
                           Buffers: shared hit=1089171 read=408593
                           ->  Nested Loop  (cost=2570.54..712473.67 rows=8871 width=30) (actual time=1985.473..11611.927 rows=260859 loops=1)
                                 Buffers: shared hit=1067580 read=408593
                                 ->  Hash Join  (cost=2570.11..706541.60 rows=8871 width=22) (actual time=1985.423..5391.064 rows=266327 loops=1)
                                       Hash Cond: (catalog_returns.cr_returned_date_sk = date_dim.d_date_sk)
                                       Buffers: shared hit=24317 read=408420
                                       ->  Seq Scan on catalog_returns  (cost=0.00..647267.12 rows=21600412 width=26) (actual time=0.895..3560.956 rows=21598628 loops=1)
                                             Buffers: shared hit=22843 read=408420
                                       ->  Hash  (cost=2569.73..2569.73 rows=30 width=4) (actual time=20.377..20.379 rows=30 loops=1)
                                             Buckets: 1024  Batches: 1  Memory Usage: 10kB
                                             Buffers: shared hit=1474
                                             ->  Seq Scan on date_dim  (cost=0.00..2569.73 rows=30 width=4) (actual time=10.131..20.361 rows=30 loops=1)
                                                   Filter: ((d_year = 2001) AND (d_moy = 9))
                                                   Rows Removed by Filter: 73019
                                                   Buffers: shared hit=1474
                                 ->  Index Scan using customer_pkey on customer  (cost=0.43..0.67 rows=1 width=16) (actual time=0.023..0.023 rows=1 loops=266327)
                                       Index Cond: (c_customer_sk = catalog_returns.cr_returning_customer_sk)
                                       Buffers: shared hit=1043263 read=173
                           ->  Memoize  (cost=0.29..0.31 rows=1 width=4) (actual time=0.001..0.001 rows=0 loops=260859)
                                 Cache Key: customer.c_current_hdemo_sk
                                 Cache Mode: logical
                                 Hits: 253661  Misses: 7198  Evictions: 0  Overflows: 0  Memory Usage: 521kB
                                 Buffers: shared hit=21591
                                 ->  Index Scan using household_demographics_pkey on household_demographics  (cost=0.28..0.30 rows=1 width=4) (actual time=0.015..0.015 rows=0 loops=7198)
                                       Index Cond: (hd_demo_sk = customer.c_current_hdemo_sk)
                                       Filter: (hd_buy_potential ~~ '5001-10000%'::text)
                                       Rows Removed by Filter: 1
                                       Buffers: shared hit=21591
                     ->  Index Scan using customer_demographics_pkey on customer_demographics  (cost=0.43..0.72 rows=1 width=4) (actual time=0.024..0.024 rows=0 loops=41003)
                           Index Cond: (cd_demo_sk = customer.c_current_cdemo_sk)
                           Filter: (((cd_marital_status = 'M'::bpchar) AND (cd_education_status = 'Unknown'::bpchar)) OR ((cd_marital_status = 'W'::bpchar) AND (cd_education_status = 'Advanced Degree'::bpchar)))
                           Rows Removed by Filter: 1
                           Buffers: shared hit=155379 read=5541
               ->  Index Scan using customer_address_pkey on customer_address  (cost=0.42..0.67 rows=1 width=4) (actual time=0.028..0.028 rows=0 loops=2845)
                     Index Cond: (ca_address_sk = customer.c_current_addr_sk)
                     Filter: (ca_gmt_offset = '-6'::numeric)
                     Rows Removed by Filter: 1
                     Buffers: shared hit=10535 read=845
         ->  Hash  (cost=2.30..2.30 rows=30 width=48) (actual time=0.057..0.057 rows=30 loops=1)
               Buckets: 1024  Batches: 1  Memory Usage: 11kB
               Buffers: shared hit=2
               ->  Seq Scan on call_center  (cost=0.00..2.30 rows=30 width=48) (actual time=0.022..0.039 rows=30 loops=1)
                     Buffers: shared hit=2
 Planning:
   Buffers: shared hit=415
 Planning Time: 4.279 ms
 Execution Time: 12996.881 ms
(57 rows)

