                                                                                                  QUERY PLAN                                                                                                  
--------------------------------------------------------------------------------------------------------------------------------------------------------------------------------------------------------------
 Aggregate  (cost=715903.32..715903.33 rows=1 width=136) (actual time=16215.906..16215.912 rows=1 loops=1)
   Buffers: shared hit=1732016 read=420765
   ->  Nested Loop  (cost=2571.82..715903.18 rows=9 width=58) (actual time=16215.901..16215.907 rows=0 loops=1)
         Buffers: shared hit=1732016 read=420765
         ->  Nested Loop  (cost=2571.68..715901.79 rows=9 width=18) (actual time=16215.901..16215.906 rows=0 loops=1)
               Buffers: shared hit=1732016 read=420765
               ->  Nested Loop  (cost=2571.25..715788.62 rows=158 width=22) (actual time=2546.300..16052.732 rows=5438 loops=1)
                     Buffers: shared hit=1711500 read=419889
                     ->  Nested Loop  (cost=2570.83..714805.30 rows=1478 width=26) (actual time=2539.311..14775.679 rows=50228 loops=1)
                           Buffers: shared hit=1525428 read=405049
                           ->  Nested Loop  (cost=2570.54..712473.67 rows=8871 width=30) (actual time=2539.290..14389.088 rows=369035 loops=1)
                                 Buffers: shared hit=1503828 read=405049
                                 ->  Hash Join  (cost=2570.11..706541.60 rows=8871 width=22) (actual time=2539.240..5776.396 rows=376450 loops=1)
                                       Hash Cond: (catalog_returns.cr_returned_date_sk = date_dim.d_date_sk)
                                       Buffers: shared hit=27904 read=404833
                                       ->  Seq Scan on catalog_returns  (cost=0.00..647267.12 rows=21600412 width=26) (actual time=0.196..3781.471 rows=21598628 loops=1)
                                             Buffers: shared hit=26430 read=404833
                                       ->  Hash  (cost=2569.73..2569.73 rows=30 width=4) (actual time=18.230..18.231 rows=30 loops=1)
                                             Buckets: 1024  Batches: 1  Memory Usage: 10kB
                                             Buffers: shared hit=1474
                                             ->  Seq Scan on date_dim  (cost=0.00..2569.73 rows=30 width=4) (actual time=10.206..18.215 rows=30 loops=1)
                                                   Filter: ((d_year = 2002) AND (d_moy = 4))
                                                   Rows Removed by Filter: 73019
                                                   Buffers: shared hit=1474
                                 ->  Index Scan using customer_pkey on customer  (cost=0.43..0.67 rows=1 width=16) (actual time=0.022..0.022 rows=1 loops=376450)
                                       Index Cond: (c_customer_sk = catalog_returns.cr_returning_customer_sk)
                                       Buffers: shared hit=1475924 read=216
                           ->  Memoize  (cost=0.29..0.31 rows=1 width=4) (actual time=0.001..0.001 rows=0 loops=369035)
                                 Cache Key: customer.c_current_hdemo_sk
                                 Cache Mode: logical
                                 Hits: 361834  Misses: 7201  Evictions: 0  Overflows: 0  Memory Usage: 521kB
                                 Buffers: shared hit=21600
                                 ->  Index Scan using household_demographics_pkey on household_demographics  (cost=0.28..0.30 rows=1 width=4) (actual time=0.015..0.015 rows=0 loops=7201)
                                       Index Cond: (hd_demo_sk = customer.c_current_hdemo_sk)
                                       Filter: (hd_buy_potential ~~ '1001-5000%'::text)
                                       Rows Removed by Filter: 1
                                       Buffers: shared hit=21600
                     ->  Index Scan using customer_address_pkey on customer_address  (cost=0.42..0.67 rows=1 width=4) (actual time=0.025..0.025 rows=0 loops=50228)
                           Index Cond: (ca_address_sk = customer.c_current_addr_sk)
                           Filter: (ca_gmt_offset = '-7'::numeric)
                           Rows Removed by Filter: 1
                           Buffers: shared hit=186072 read=14840
               ->  Index Scan using customer_demographics_pkey on customer_demographics  (cost=0.43..0.72 rows=1 width=4) (actual time=0.030..0.030 rows=0 loops=5438)
                     Index Cond: (cd_demo_sk = customer.c_current_cdemo_sk)
                     Filter: (((cd_marital_status = 'M'::bpchar) AND (cd_education_status = 'Unknown'::bpchar)) OR ((cd_marital_status = 'W'::bpchar) AND (cd_education_status = 'Advanced Degree'::bpchar)))
                     Rows Removed by Filter: 1
                     Buffers: shared hit=20516 read=876
         ->  Index Scan using call_center_pkey on call_center  (cost=0.14..0.16 rows=1 width=48) (never executed)
               Index Cond: (cc_call_center_sk = catalog_returns.cr_call_center_sk)
 Planning:
   Buffers: shared hit=415
 Planning Time: 4.465 ms
 Execution Time: 16216.801 ms
(53 rows)

