                                                                                                     QUERY PLAN                                                                                                     
--------------------------------------------------------------------------------------------------------------------------------------------------------------------------------------------------------------------
 Aggregate  (cost=716164.96..716164.97 rows=1 width=136) (actual time=13294.570..13294.577 rows=1 loops=1)
   Buffers: shared hit=1284956 read=417495
   ->  Hash Join  (cost=2574.37..716164.39 rows=38 width=58) (actual time=1002.698..13287.142 rows=3809 loops=1)
         Hash Cond: (catalog_returns.cr_call_center_sk = call_center.cc_call_center_sk)
         Buffers: shared hit=1284956 read=417495
         ->  Nested Loop  (cost=2571.69..716161.60 rows=38 width=18) (actual time=1002.595..13284.193 rows=3843 loops=1)
               Buffers: shared hit=1284954 read=417495
               ->  Nested Loop  (cost=2571.27..716105.05 rows=85 width=22) (actual time=999.688..13089.682 rows=7051 loops=1)
                     Buffers: shared hit=1258713 read=415532
                     ->  Nested Loop  (cost=2570.84..715010.66 rows=1528 width=26) (actual time=997.748..11924.790 rows=46210 loops=1)
                           Buffers: shared hit=1082789 read=409944
                           ->  Nested Loop  (cost=2570.55..712671.62 rows=9167 width=30) (actual time=996.418..11600.071 rows=259602 loops=1)
                                 Buffers: shared hit=1061201 read=409944
                                 ->  Hash Join  (cost=2570.12..706541.62 rows=9167 width=22) (actual time=996.368..5354.515 rows=264842 loops=1)
                                       Hash Cond: (catalog_returns.cr_returned_date_sk = date_dim.d_date_sk)
                                       Buffers: shared hit=22871 read=409866
                                       ->  Seq Scan on catalog_returns  (cost=0.00..647267.12 rows=21600412 width=26) (actual time=0.034..3515.130 rows=21598628 loops=1)
                                             Buffers: shared hit=21397 read=409866
                                       ->  Hash  (cost=2569.73..2569.73 rows=31 width=4) (actual time=19.619..19.620 rows=31 loops=1)
                                             Buckets: 1024  Batches: 1  Memory Usage: 10kB
                                             Buffers: shared hit=1474
                                             ->  Seq Scan on date_dim  (cost=0.00..2569.73 rows=31 width=4) (actual time=11.829..19.600 rows=31 loops=1)
                                                   Filter: ((d_year = 2000) AND (d_moy = 3))
                                                   Rows Removed by Filter: 73018
                                                   Buffers: shared hit=1474
                                 ->  Index Scan using customer_pkey on customer  (cost=0.43..0.67 rows=1 width=16) (actual time=0.023..0.023 rows=1 loops=264842)
                                       Index Cond: (c_customer_sk = catalog_returns.cr_returning_customer_sk)
                                       Buffers: shared hit=1038330 read=78
                           ->  Memoize  (cost=0.29..0.31 rows=1 width=4) (actual time=0.001..0.001 rows=0 loops=259602)
                                 Cache Key: customer.c_current_hdemo_sk
                                 Cache Mode: logical
                                 Hits: 252405  Misses: 7197  Evictions: 0  Overflows: 0  Memory Usage: 520kB
                                 Buffers: shared hit=21588
                                 ->  Index Scan using household_demographics_pkey on household_demographics  (cost=0.28..0.30 rows=1 width=4) (actual time=0.016..0.016 rows=0 loops=7197)
                                       Index Cond: (hd_demo_sk = customer.c_current_hdemo_sk)
                                       Filter: (hd_buy_potential ~~ '>10000%'::text)
                                       Rows Removed by Filter: 1
                                       Buffers: shared hit=21588
                     ->  Index Scan using customer_demographics_pkey on customer_demographics  (cost=0.43..0.72 rows=1 width=4) (actual time=0.025..0.025 rows=0 loops=46210)
                           Index Cond: (cd_demo_sk = customer.c_current_cdemo_sk)
                           Filter: (((cd_marital_status = 'M'::bpchar) AND (cd_education_status = 'Unknown'::bpchar)) OR ((cd_marital_status = 'W'::bpchar) AND (cd_education_status = 'Advanced Degree'::bpchar)))
                           Rows Removed by Filter: 1
                           Buffers: shared hit=175924 read=5588
               ->  Index Scan using customer_address_pkey on customer_address  (cost=0.42..0.67 rows=1 width=4) (actual time=0.027..0.027 rows=1 loops=7051)
                     Index Cond: (ca_address_sk = customer.c_current_addr_sk)
                     Filter: (ca_gmt_offset = '-6'::numeric)
                     Rows Removed by Filter: 0
                     Buffers: shared hit=26241 read=1963
         ->  Hash  (cost=2.30..2.30 rows=30 width=48) (actual time=0.076..0.076 rows=30 loops=1)
               Buckets: 1024  Batches: 1  Memory Usage: 11kB
               Buffers: shared hit=2
               ->  Seq Scan on call_center  (cost=0.00..2.30 rows=30 width=48) (actual time=0.029..0.049 rows=30 loops=1)
                     Buffers: shared hit=2
 Planning:
   Buffers: shared hit=415
 Planning Time: 4.559 ms
 Execution Time: 13295.395 ms
(57 rows)

