                                                                                                     QUERY PLAN                                                                                                     
--------------------------------------------------------------------------------------------------------------------------------------------------------------------------------------------------------------------
 Aggregate  (cost=715921.76..715921.77 rows=1 width=136) (actual time=12066.352..12066.359 rows=1 loops=1)
   Buffers: shared hit=1152360 read=413500
   ->  Hash Join  (cost=2574.36..715921.22 rows=36 width=58) (actual time=12066.347..12066.354 rows=0 loops=1)
         Hash Cond: (catalog_returns.cr_call_center_sk = call_center.cc_call_center_sk)
         Buffers: shared hit=1152360 read=413500
         ->  Nested Loop  (cost=2571.68..715918.44 rows=36 width=18) (actual time=12066.279..12066.284 rows=0 loops=1)
               Buffers: shared hit=1152358 read=413500
               ->  Nested Loop  (cost=2571.26..715863.88 rows=82 width=22) (actual time=772.994..12034.892 rows=946 loops=1)
                     Buffers: shared hit=1148829 read=413245
                     ->  Nested Loop  (cost=2570.83..714805.30 rows=1478 width=26) (actual time=761.607..11079.462 rows=40284 loops=1)
                           Buffers: shared hit=996598 read=407440
                           ->  Nested Loop  (cost=2570.54..712473.67 rows=8871 width=30) (actual time=761.578..10798.743 rows=237429 loops=1)
                                 Buffers: shared hit=975013 read=407440
                                 ->  Hash Join  (cost=2570.11..706541.60 rows=8871 width=22) (actual time=761.534..5237.342 rows=242285 loops=1)
                                       Hash Cond: (catalog_returns.cr_returned_date_sk = date_dim.d_date_sk)
                                       Buffers: shared hit=25410 read=407327
                                       ->  Seq Scan on catalog_returns  (cost=0.00..647267.12 rows=21600412 width=26) (actual time=0.436..3455.304 rows=21598628 loops=1)
                                             Buffers: shared hit=23936 read=407327
                                       ->  Hash  (cost=2569.73..2569.73 rows=30 width=4) (actual time=19.414..19.415 rows=31 loops=1)
                                             Buckets: 1024  Batches: 1  Memory Usage: 10kB
                                             Buffers: shared hit=1474
                                             ->  Seq Scan on date_dim  (cost=0.00..2569.73 rows=30 width=4) (actual time=9.667..19.396 rows=31 loops=1)
                                                   Filter: ((d_year = 1999) AND (d_moy = 12))
                                                   Rows Removed by Filter: 73018
                                                   Buffers: shared hit=1474
                                 ->  Index Scan using customer_pkey on customer  (cost=0.43..0.67 rows=1 width=16) (actual time=0.022..0.022 rows=1 loops=242285)
                                       Index Cond: (c_customer_sk = catalog_returns.cr_returning_customer_sk)
                                       Buffers: shared hit=949603 read=113
                           ->  Memoize  (cost=0.29..0.31 rows=1 width=4) (actual time=0.001..0.001 rows=0 loops=237429)
                                 Cache Key: customer.c_current_hdemo_sk
                                 Cache Mode: logical
                                 Hits: 230233  Misses: 7196  Evictions: 0  Overflows: 0  Memory Usage: 521kB
                                 Buffers: shared hit=21585
                                 ->  Index Scan using household_demographics_pkey on household_demographics  (cost=0.28..0.30 rows=1 width=4) (actual time=0.014..0.014 rows=0 loops=7196)
                                       Index Cond: (hd_demo_sk = customer.c_current_hdemo_sk)
                                       Filter: (hd_buy_potential ~~ '501-1000%'::text)
                                       Rows Removed by Filter: 1
                                       Buffers: shared hit=21585
                     ->  Index Scan using customer_demographics_pkey on customer_demographics  (cost=0.43..0.72 rows=1 width=4) (actual time=0.023..0.023 rows=0 loops=40284)
                           Index Cond: (cd_demo_sk = customer.c_current_cdemo_sk)
                           Filter: (((cd_marital_status = 'M'::bpchar) AND (cd_education_status = 'Unknown'::bpchar)) OR ((cd_marital_status = 'W'::bpchar) AND (cd_education_status = 'Advanced Degree'::bpchar)))
                           Rows Removed by Filter: 1
                           Buffers: shared hit=152231 read=5805
               ->  Index Scan using customer_address_pkey on customer_address  (cost=0.42..0.67 rows=1 width=4) (actual time=0.033..0.033 rows=0 loops=946)
                     Index Cond: (ca_address_sk = customer.c_current_addr_sk)
                     Filter: (ca_gmt_offset = '-6'::numeric)
                     Rows Removed by Filter: 1
                     Buffers: shared hit=3529 read=255
         ->  Hash  (cost=2.30..2.30 rows=30 width=48) (actual time=0.052..0.053 rows=30 loops=1)
               Buckets: 1024  Batches: 1  Memory Usage: 11kB
               Buffers: shared hit=2
               ->  Seq Scan on call_center  (cost=0.00..2.30 rows=30 width=48) (actual time=0.021..0.036 rows=30 loops=1)
                     Buffers: shared hit=2
 Planning:
   Buffers: shared hit=415
 Planning Time: 2.993 ms
 Execution Time: 12066.941 ms
(57 rows)

