                                                                                                  QUERY PLAN                                                                                                  
--------------------------------------------------------------------------------------------------------------------------------------------------------------------------------------------------------------
 Aggregate  (cost=716146.24..716146.25 rows=1 width=136) (actual time=11626.705..11626.711 rows=1 loops=1)
   Buffers: shared hit=1048859 read=421737
   ->  Nested Loop  (cost=2571.83..716146.10 rows=9 width=58) (actual time=97.428..11625.143 rows=548 loops=1)
         Buffers: shared hit=1048859 read=421737
         ->  Nested Loop  (cost=2571.69..716144.71 rows=9 width=18) (actual time=97.415..11618.976 rows=554 loops=1)
               Buffers: shared hit=1047763 read=421737
               ->  Nested Loop  (cost=2571.27..716027.25 rows=164 width=22) (actual time=60.440..11511.018 rows=3868 loops=1)
                     Buffers: shared hit=1033091 read=421137
                     ->  Nested Loop  (cost=2570.84..715010.66 rows=1528 width=26) (actual time=39.630..10637.264 rows=33871 loops=1)
                           Buffers: shared hit=907266 read=411478
                           ->  Nested Loop  (cost=2570.55..712671.62 rows=9167 width=30) (actual time=35.057..10366.956 rows=216107 loops=1)
                                 Buffers: shared hit=885687 read=411478
                                 ->  Hash Join  (cost=2570.12..706541.62 rows=9167 width=22) (actual time=35.003..5226.094 rows=220552 loops=1)
                                       Hash Cond: (catalog_returns.cr_returned_date_sk = date_dim.d_date_sk)
                                       Buffers: shared hit=21356 read=411381
                                       ->  Seq Scan on catalog_returns  (cost=0.00..647267.12 rows=21600412 width=26) (actual time=1.007..3497.709 rows=21598628 loops=1)
                                             Buffers: shared hit=19882 read=411381
                                       ->  Hash  (cost=2569.73..2569.73 rows=31 width=4) (actual time=18.720..18.721 rows=31 loops=1)
                                             Buckets: 1024  Batches: 1  Memory Usage: 10kB
                                             Buffers: shared hit=1474
                                             ->  Seq Scan on date_dim  (cost=0.00..2569.73 rows=31 width=4) (actual time=9.530..18.703 rows=31 loops=1)
                                                   Filter: ((d_year = 1998) AND (d_moy = 10))
                                                   Rows Removed by Filter: 73018
                                                   Buffers: shared hit=1474
                                 ->  Index Scan using customer_pkey on customer  (cost=0.43..0.67 rows=1 width=16) (actual time=0.023..0.023 rows=1 loops=220552)
                                       Index Cond: (c_customer_sk = catalog_returns.cr_returning_customer_sk)
                                       Buffers: shared hit=864331 read=97
                           ->  Memoize  (cost=0.29..0.31 rows=1 width=4) (actual time=0.001..0.001 rows=0 loops=216107)
                                 Cache Key: customer.c_current_hdemo_sk
                                 Cache Mode: logical
                                 Hits: 208913  Misses: 7194  Evictions: 0  Overflows: 0  Memory Usage: 520kB
                                 Buffers: shared hit=21579
                                 ->  Index Scan using household_demographics_pkey on household_demographics  (cost=0.28..0.30 rows=1 width=4) (actual time=0.015..0.015 rows=0 loops=7194)
                                       Index Cond: (hd_demo_sk = customer.c_current_hdemo_sk)
                                       Filter: (hd_buy_potential ~~ '5001-10000%'::text)
                                       Rows Removed by Filter: 1
                                       Buffers: shared hit=21579
                     ->  Index Scan using customer_address_pkey on customer_address  (cost=0.42..0.67 rows=1 width=4) (actual time=0.025..0.025 rows=0 loops=33871)
                           Index Cond: (ca_address_sk = customer.c_current_addr_sk)
                           Filter: (ca_gmt_offset = '-7'::numeric)
                           Rows Removed by Filter: 1
                           Buffers: shared hit=125825 read=9659
               ->  Index Scan using customer_demographics_pkey on customer_demographics  (cost=0.43..0.72 rows=1 width=4) (actual time=0.027..0.027 rows=0 loops=3868)
                     Index Cond: (cd_demo_sk = customer.c_current_cdemo_sk)
                     Filter: (((cd_marital_status = 'M'::bpchar) AND (cd_education_status = 'Unknown'::bpchar)) OR ((cd_marital_status = 'W'::bpchar) AND (cd_education_status = 'Advanced Degree'::bpchar)))
                     Rows Removed by Filter: 1
                     Buffers: shared hit=14672 read=600
         ->  Index Scan using call_center_pkey on call_center  (cost=0.14..0.16 rows=1 width=48) (actual time=0.010..0.010 rows=1 loops=554)
               Index Cond: (cc_call_center_sk = catalog_returns.cr_call_center_sk)
               Buffers: shared hit=1096
 Planning:
   Buffers: shared hit=415
 Planning Time: 4.401 ms
 Execution Time: 11627.540 ms
(54 rows)

