                                                                                                  QUERY PLAN                                                                                                  
--------------------------------------------------------------------------------------------------------------------------------------------------------------------------------------------------------------
 Aggregate  (cost=715903.32..715903.33 rows=1 width=136) (actual time=10420.946..10420.951 rows=1 loops=1)
   Buffers: shared hit=868938 read=416001
   ->  Nested Loop  (cost=2571.82..715903.18 rows=9 width=58) (actual time=25.681..10419.994 rows=304 loops=1)
         Buffers: shared hit=868938 read=416001
         ->  Nested Loop  (cost=2571.68..715901.79 rows=9 width=18) (actual time=25.667..10416.442 rows=308 loops=1)
               Buffers: shared hit=868330 read=416001
               ->  Nested Loop  (cost=2571.25..715788.62 rows=158 width=22) (actual time=24.728..10304.866 rows=4289 loops=1)
                     Buffers: shared hit=852569 read=414902
                     ->  Nested Loop  (cost=2570.83..714805.30 rows=1478 width=26) (actual time=22.114..9532.099 rows=29567 loops=1)
                           Buffers: shared hit=740809 read=408394
                           ->  Nested Loop  (cost=2570.54..712473.67 rows=8871 width=30) (actual time=20.846..9285.861 rows=173724 loops=1)
                                 Buffers: shared hit=719239 read=408394
                                 ->  Hash Join  (cost=2570.11..706541.60 rows=8871 width=22) (actual time=20.789..5296.121 rows=177321 loops=1)
                                       Hash Cond: (catalog_returns.cr_returned_date_sk = date_dim.d_date_sk)
                                       Buffers: shared hit=24417 read=408320
                                       ->  Seq Scan on catalog_returns  (cost=0.00..647267.12 rows=21600412 width=26) (actual time=0.702..3517.659 rows=21598628 loops=1)
                                             Buffers: shared hit=22943 read=408320
                                       ->  Hash  (cost=2569.73..2569.73 rows=30 width=4) (actual time=20.052..20.053 rows=30 loops=1)
                                             Buckets: 1024  Batches: 1  Memory Usage: 10kB
                                             Buffers: shared hit=1474
                                             ->  Seq Scan on date_dim  (cost=0.00..2569.73 rows=30 width=4) (actual time=9.935..20.037 rows=30 loops=1)
                                                   Filter: ((d_year = 1998) AND (d_moy = 6))
                                                   Rows Removed by Filter: 73019
                                                   Buffers: shared hit=1474
                                 ->  Index Scan using customer_pkey on customer  (cost=0.43..0.67 rows=1 width=16) (actual time=0.022..0.022 rows=1 loops=177321)
                                       Index Cond: (c_customer_sk = catalog_returns.cr_returning_customer_sk)
                                       Buffers: shared hit=694822 read=74
                           ->  Memoize  (cost=0.29..0.31 rows=1 width=4) (actual time=0.001..0.001 rows=0 loops=173724)
                                 Cache Key: customer.c_current_hdemo_sk
                                 Cache Mode: logical
                                 Hits: 166533  Misses: 7191  Evictions: 0  Overflows: 0  Memory Usage: 520kB
                                 Buffers: shared hit=21570
                                 ->  Index Scan using household_demographics_pkey on household_demographics  (cost=0.28..0.30 rows=1 width=4) (actual time=0.016..0.016 rows=0 loops=7191)
                                       Index Cond: (hd_demo_sk = customer.c_current_hdemo_sk)
                                       Filter: (hd_buy_potential ~~ 'Unknown%'::text)
                                       Rows Removed by Filter: 1
                                       Buffers: shared hit=21570
                     ->  Index Scan using customer_address_pkey on customer_address  (cost=0.42..0.67 rows=1 width=4) (actual time=0.026..0.026 rows=0 loops=29567)
                           Index Cond: (ca_address_sk = customer.c_current_addr_sk)
                           Filter: (ca_gmt_offset = '-7'::numeric)
                           Rows Removed by Filter: 1
                           Buffers: shared hit=111760 read=6508
               ->  Index Scan using customer_demographics_pkey on customer_demographics  (cost=0.43..0.72 rows=1 width=4) (actual time=0.026..0.026 rows=0 loops=4289)
                     Index Cond: (cd_demo_sk = customer.c_current_cdemo_sk)
                     Filter: (((cd_marital_status = 'M'::bpchar) AND (cd_education_status = 'Unknown'::bpchar)) OR ((cd_marital_status = 'W'::bpchar) AND (cd_education_status = 'Advanced Degree'::bpchar)))
                     Rows Removed by Filter: 1
                     Buffers: shared hit=15761 read=1099
         ->  Index Scan using call_center_pkey on call_center  (cost=0.14..0.16 rows=1 width=48) (actual time=0.010..0.010 rows=1 loops=308)
               Index Cond: (cc_call_center_sk = catalog_returns.cr_call_center_sk)
               Buffers: shared hit=608
 Planning:
   Buffers: shared hit=415
 Planning Time: 4.154 ms
 Execution Time: 10421.684 ms
(54 rows)

