                                                                                                  QUERY PLAN                                                                                                  
--------------------------------------------------------------------------------------------------------------------------------------------------------------------------------------------------------------
 Aggregate  (cost=715903.32..715903.33 rows=1 width=136) (actual time=14870.609..14870.615 rows=1 loops=1)
   Buffers: shared hit=1556511 read=417917
   ->  Nested Loop  (cost=2571.82..715903.18 rows=9 width=58) (actual time=2152.168..14869.181 rows=421 loops=1)
         Buffers: shared hit=1556511 read=417917
         ->  Nested Loop  (cost=2571.68..715901.79 rows=9 width=18) (actual time=2152.155..14862.331 rows=427 loops=1)
               Buffers: shared hit=1555669 read=417917
               ->  Nested Loop  (cost=2571.25..715788.62 rows=158 width=22) (actual time=2152.132..14705.181 rows=5697 loops=1)
                     Buffers: shared hit=1535601 read=415589
                     ->  Nested Loop  (cost=2570.83..714805.30 rows=1478 width=26) (actual time=2147.203..13308.017 rows=56359 loops=1)
                           Buffers: shared hit=1320365 read=405389
                           ->  Nested Loop  (cost=2570.54..712473.67 rows=8871 width=30) (actual time=2145.771..12952.470 rows=317858 loops=1)
                                 Buffers: shared hit=1298780 read=405389
                                 ->  Hash Join  (cost=2570.11..706541.60 rows=8871 width=22) (actual time=2145.725..5470.626 rows=324351 loops=1)
                                       Hash Cond: (catalog_returns.cr_returned_date_sk = date_dim.d_date_sk)
                                       Buffers: shared hit=27537 read=405200
                                       ->  Seq Scan on catalog_returns  (cost=0.00..647267.12 rows=21600412 width=26) (actual time=0.378..3598.686 rows=21598628 loops=1)
                                             Buffers: shared hit=26063 read=405200
                                       ->  Hash  (cost=2569.73..2569.73 rows=30 width=4) (actual time=22.728..22.729 rows=31 loops=1)
                                             Buckets: 1024  Batches: 1  Memory Usage: 10kB
                                             Buffers: shared hit=1474
                                             ->  Seq Scan on date_dim  (cost=0.00..2569.73 rows=30 width=4) (actual time=10.287..22.713 rows=31 loops=1)
                                                   Filter: ((d_year = 2001) AND (d_moy = 12))
                                                   Rows Removed by Filter: 73018
                                                   Buffers: shared hit=1474
                                 ->  Index Scan using customer_pkey on customer  (cost=0.43..0.67 rows=1 width=16) (actual time=0.022..0.022 rows=1 loops=324351)
                                       Index Cond: (c_customer_sk = catalog_returns.cr_returning_customer_sk)
                                       Buffers: shared hit=1271243 read=189
                           ->  Memoize  (cost=0.29..0.31 rows=1 width=4) (actual time=0.001..0.001 rows=0 loops=317858)
                                 Cache Key: customer.c_current_hdemo_sk
                                 Cache Mode: logical
                                 Hits: 310662  Misses: 7196  Evictions: 0  Overflows: 0  Memory Usage: 520kB
                                 Buffers: shared hit=21585
                                 ->  Index Scan using household_demographics_pkey on household_demographics  (cost=0.28..0.30 rows=1 width=4) (actual time=0.015..0.015 rows=0 loops=7196)
                                       Index Cond: (hd_demo_sk = customer.c_current_hdemo_sk)
                                       Filter: (hd_buy_potential ~~ '>10000%'::text)
                                       Rows Removed by Filter: 1
                                       Buffers: shared hit=21585
                     ->  Index Scan using customer_address_pkey on customer_address  (cost=0.42..0.67 rows=1 width=4) (actual time=0.024..0.024 rows=0 loops=56359)
                           Index Cond: (ca_address_sk = customer.c_current_addr_sk)
                           Filter: (ca_gmt_offset = '-7'::numeric)
                           Rows Removed by Filter: 1
                           Buffers: shared hit=215236 read=10200
               ->  Index Scan using customer_demographics_pkey on customer_demographics  (cost=0.43..0.72 rows=1 width=4) (actual time=0.027..0.027 rows=0 loops=5697)
                     Index Cond: (cd_demo_sk = customer.c_current_cdemo_sk)
                     Filter: (((cd_marital_status = 'M'::bpchar) AND (cd_education_status = 'Unknown'::bpchar)) OR ((cd_marital_status = 'W'::bpchar) AND (cd_education_status = 'Advanced Degree'::bpchar)))
                     Rows Removed by Filter: 1
                     Buffers: shared hit=20068 read=2328
         ->  Index Scan using call_center_pkey on call_center  (cost=0.14..0.16 rows=1 width=48) (actual time=0.014..0.014 rows=1 loops=427)
               Index Cond: (cc_call_center_sk = catalog_returns.cr_call_center_sk)
               Buffers: shared hit=842
 Planning:
   Buffers: shared hit=415
 Planning Time: 4.410 ms
 Execution Time: 14871.426 ms
(54 rows)

