                                                                                                     QUERY PLAN                                                                                                     
--------------------------------------------------------------------------------------------------------------------------------------------------------------------------------------------------------------------
 Aggregate  (cost=716164.96..716164.97 rows=1 width=136) (actual time=13980.797..13980.804 rows=1 loops=1)
   Buffers: shared hit=1395337 read=427408
   ->  Hash Join  (cost=2574.37..716164.39 rows=38 width=58) (actual time=2022.532..13973.516 rows=4058 loops=1)
         Hash Cond: (catalog_returns.cr_call_center_sk = call_center.cc_call_center_sk)
         Buffers: shared hit=1395337 read=427408
         ->  Nested Loop  (cost=2571.69..716161.60 rows=38 width=18) (actual time=2022.444..13970.555 rows=4096 loops=1)
               Buffers: shared hit=1395335 read=427408
               ->  Nested Loop  (cost=2571.27..716105.05 rows=85 width=22) (actual time=2022.416..13829.189 rows=5184 loops=1)
                     Buffers: shared hit=1375523 read=426484
                     ->  Nested Loop  (cost=2570.84..715010.66 rows=1528 width=26) (actual time=2005.077..12592.432 rows=49292 loops=1)
                           Buffers: shared hit=1201806 read=406441
                           ->  Nested Loop  (cost=2570.55..712671.62 rows=9167 width=30) (actual time=1999.898..12277.381 rows=288479 loops=1)
                                 Buffers: shared hit=1180212 read=406441
                                 ->  Hash Join  (cost=2570.12..706541.62 rows=9167 width=22) (actual time=1999.827..5585.997 rows=294395 loops=1)
                                       Hash Cond: (catalog_returns.cr_returned_date_sk = date_dim.d_date_sk)
                                       Buffers: shared hit=26534 read=406203
                                       ->  Seq Scan on catalog_returns  (cost=0.00..647267.12 rows=21600412 width=26) (actual time=0.034..3737.131 rows=21598628 loops=1)
                                             Buffers: shared hit=26534 read=404729
                                       ->  Hash  (cost=2569.73..2569.73 rows=31 width=4) (actual time=22.979..22.980 rows=31 loops=1)
                                             Buckets: 1024  Batches: 1  Memory Usage: 10kB
                                             Buffers: shared read=1474
                                             ->  Seq Scan on date_dim  (cost=0.00..2569.73 rows=31 width=4) (actual time=11.929..22.966 rows=31 loops=1)
                                                   Filter: ((d_year = 2001) AND (d_moy = 8))
                                                   Rows Removed by Filter: 73018
                                                   Buffers: shared read=1474
                                 ->  Index Scan using customer_pkey on customer  (cost=0.43..0.67 rows=1 width=16) (actual time=0.022..0.022 rows=1 loops=294395)
                                       Index Cond: (c_customer_sk = catalog_returns.cr_returning_customer_sk)
                                       Buffers: shared hit=1153678 read=238
                           ->  Memoize  (cost=0.29..0.31 rows=1 width=4) (actual time=0.001..0.001 rows=0 loops=288479)
                                 Cache Key: customer.c_current_hdemo_sk
                                 Cache Mode: logical
                                 Hits: 281280  Misses: 7199  Evictions: 0  Overflows: 0  Memory Usage: 521kB
                                 Buffers: shared hit=21594
                                 ->  Index Scan using household_demographics_pkey on household_demographics  (cost=0.28..0.30 rows=1 width=4) (actual time=0.013..0.013 rows=0 loops=7199)
                                       Index Cond: (hd_demo_sk = customer.c_current_hdemo_sk)
                                       Filter: (hd_buy_potential ~~ 'Unknown%'::text)
                                       Rows Removed by Filter: 1
                                       Buffers: shared hit=21594
                     ->  Index Scan using customer_demographics_pkey on customer_demographics  (cost=0.43..0.72 rows=1 width=4) (actual time=0.025..0.025 rows=0 loops=49292)
                           Index Cond: (cd_demo_sk = customer.c_current_cdemo_sk)
                           Filter: (((cd_marital_status = 'M'::bpchar) AND (cd_education_status = 'Unknown'::bpchar)) OR ((cd_marital_status = 'W'::bpchar) AND (cd_education_status = 'Advanced Degree'::bpchar)))
                           Rows Removed by Filter: 1
                           Buffers: shared hit=173717 read=20043
               ->  Index Scan using customer_address_pkey on customer_address  (cost=0.42..0.67 rows=1 width=4) (actual time=0.026..0.026 rows=1 loops=5184)
                     Index Cond: (ca_address_sk = customer.c_current_addr_sk)
                     Filter: (ca_gmt_offset = '-6'::numeric)
                     Rows Removed by Filter: 0
                     Buffers: shared hit=19812 read=924
         ->  Hash  (cost=2.30..2.30 rows=30 width=48) (actual time=0.064..0.065 rows=30 loops=1)
               Buckets: 1024  Batches: 1  Memory Usage: 11kB
               Buffers: shared hit=2
               ->  Seq Scan on call_center  (cost=0.00..2.30 rows=30 width=48) (actual time=0.024..0.040 rows=30 loops=1)
                     Buffers: shared hit=2
 Planning:
   Buffers: shared hit=384 read=31
 Planning Time: 3.938 ms
 Execution Time: 13981.482 ms
(57 rows)

