                                                                                                     QUERY PLAN                                                                                                     
--------------------------------------------------------------------------------------------------------------------------------------------------------------------------------------------------------------------
 Aggregate  (cost=716164.96..716164.97 rows=1 width=136) (actual time=12311.385..12311.391 rows=1 loops=1)
   Buffers: shared hit=1175772 read=417990
   ->  Hash Join  (cost=2574.37..716164.39 rows=38 width=58) (actual time=1177.405..12305.176 rows=3327 loops=1)
         Hash Cond: (catalog_returns.cr_call_center_sk = call_center.cc_call_center_sk)
         Buffers: shared hit=1175772 read=417990
         ->  Nested Loop  (cost=2571.69..716161.60 rows=38 width=18) (actual time=1177.279..12302.690 rows=3351 loops=1)
               Buffers: shared hit=1175770 read=417990
               ->  Nested Loop  (cost=2571.27..716105.05 rows=85 width=22) (actual time=1177.245..12187.467 rows=4370 loops=1)
                     Buffers: shared hit=1159258 read=417022
                     ->  Nested Loop  (cost=2570.84..715010.66 rows=1528 width=26) (actual time=1162.184..11159.332 rows=40899 loops=1)
                           Buffers: shared hit=1007963 read=407765
                           ->  Nested Loop  (cost=2570.55..712671.62 rows=9167 width=30) (actual time=1159.744..10862.123 rows=240350 loops=1)
                                 Buffers: shared hit=986372 read=407765
                                 ->  Hash Join  (cost=2570.12..706541.62 rows=9167 width=22) (actual time=1159.695..5280.527 rows=245202 loops=1)
                                       Hash Cond: (catalog_returns.cr_returned_date_sk = date_dim.d_date_sk)
                                       Buffers: shared hit=25170 read=407567
                                       ->  Seq Scan on catalog_returns  (cost=0.00..647267.12 rows=21600412 width=26) (actual time=0.042..3483.944 rows=21598628 loops=1)
                                             Buffers: shared hit=23696 read=407567
                                       ->  Hash  (cost=2569.73..2569.73 rows=31 width=4) (actual time=26.787..26.788 rows=31 loops=1)
                                             Buckets: 1024  Batches: 1  Memory Usage: 10kB
                                             Buffers: shared hit=1474
                                             ->  Seq Scan on date_dim  (cost=0.00..2569.73 rows=31 width=4) (actual time=15.318..26.773 rows=31 loops=1)
                                                   Filter: ((d_year = 2000) AND (d_moy = 7))
                                                   Rows Removed by Filter: 73018
                                                   Buffers: shared hit=1474
                                 ->  Index Scan using customer_pkey on customer  (cost=0.43..0.67 rows=1 width=16) (actual time=0.022..0.022 rows=1 loops=245202)
                                       Index Cond: (c_customer_sk = catalog_returns.cr_returning_customer_sk)
                                       Buffers: shared hit=961202 read=198
                           ->  Memoize  (cost=0.29..0.31 rows=1 width=4) (actual time=0.001..0.001 rows=0 loops=240350)
                                 Cache Key: customer.c_current_hdemo_sk
                                 Cache Mode: logical
                                 Hits: 233152  Misses: 7198  Evictions: 0  Overflows: 0  Memory Usage: 521kB
                                 Buffers: shared hit=21591
                                 ->  Index Scan using household_demographics_pkey on household_demographics  (cost=0.28..0.30 rows=1 width=4) (actual time=0.016..0.016 rows=0 loops=7198)
                                       Index Cond: (hd_demo_sk = customer.c_current_hdemo_sk)
                                       Filter: (hd_buy_potential ~~ 'Unknown%'::text)
                                       Rows Removed by Filter: 1
                                       Buffers: shared hit=21591
                     ->  Index Scan using customer_demographics_pkey on customer_demographics  (cost=0.43..0.72 rows=1 width=4) (actual time=0.025..0.025 rows=0 loops=40899)
                           Index Cond: (cd_demo_sk = customer.c_current_cdemo_sk)
                           Filter: (((cd_marital_status = 'M'::bpchar) AND (cd_education_status = 'Unknown'::bpchar)) OR ((cd_marital_status = 'W'::bpchar) AND (cd_education_status = 'Advanced Degree'::bpchar)))
                           Rows Removed by Filter: 1
                           Buffers: shared hit=151295 read=9257
               ->  Index Scan using customer_address_pkey on customer_address  (cost=0.42..0.67 rows=1 width=4) (actual time=0.026..0.026 rows=1 loops=4370)
                     Index Cond: (ca_address_sk = customer.c_current_addr_sk)
                     Filter: (ca_gmt_offset = '-6'::numeric)
                     Rows Removed by Filter: 0
                     Buffers: shared hit=16512 read=968
         ->  Hash  (cost=2.30..2.30 rows=30 width=48) (actual time=0.100..0.101 rows=30 loops=1)
               Buckets: 1024  Batches: 1  Memory Usage: 11kB
               Buffers: shared hit=2
               ->  Seq Scan on call_center  (cost=0.00..2.30 rows=30 width=48) (actual time=0.032..0.063 rows=30 loops=1)
                     Buffers: shared hit=2
 Planning:
   Buffers: shared hit=415
 Planning Time: 4.735 ms
 Execution Time: 12312.175 ms
(57 rows)

