                                                                                                  QUERY PLAN                                                                                                  
--------------------------------------------------------------------------------------------------------------------------------------------------------------------------------------------------------------
 Aggregate  (cost=715420.76..715420.77 rows=1 width=136) (actual time=14897.092..14897.098 rows=1 loops=1)
   Buffers: shared hit=1553355 read=421590
   ->  Nested Loop  (cost=2571.79..715420.64 rows=8 width=58) (actual time=2399.842..14895.422 rows=516 loops=1)
         Buffers: shared hit=1553355 read=421590
         ->  Nested Loop  (cost=2571.66..715419.40 rows=8 width=18) (actual time=2399.831..14889.634 rows=520 loops=1)
               Buffers: shared hit=1552323 read=421590
               ->  Nested Loop  (cost=2571.23..715313.40 rows=148 width=22) (actual time=2370.045..14670.574 rows=7974 loops=1)
                     Buffers: shared hit=1523639 read=418918
                     ->  Nested Loop  (cost=2570.80..714395.28 rows=1380 width=26) (actual time=2368.382..13310.827 rows=54156 loops=1)
                           Buffers: shared hit=1319530 read=406403
                           ->  Nested Loop  (cost=2570.51..712078.44 rows=8280 width=30) (actual time=2366.313..12962.697 rows=317899 loops=1)
                                 Buffers: shared hit=1297930 read=406403
                                 ->  Hash Join  (cost=2570.08..706541.58 rows=8280 width=22) (actual time=2366.281..5563.992 rows=324457 loops=1)
                                       Hash Cond: (catalog_returns.cr_returned_date_sk = date_dim.d_date_sk)
                                       Buffers: shared hit=26735 read=406002
                                       ->  Seq Scan on catalog_returns  (cost=0.00..647267.12 rows=21600412 width=26) (actual time=0.042..3653.464 rows=21598628 loops=1)
                                             Buffers: shared hit=26735 read=404528
                                       ->  Hash  (cost=2569.73..2569.73 rows=28 width=4) (actual time=22.459..22.460 rows=28 loops=1)
                                             Buckets: 1024  Batches: 1  Memory Usage: 9kB
                                             Buffers: shared read=1474
                                             ->  Seq Scan on date_dim  (cost=0.00..2569.73 rows=28 width=4) (actual time=13.311..22.441 rows=28 loops=1)
                                                   Filter: ((d_year = 2002) AND (d_moy = 2))
                                                   Rows Removed by Filter: 73021
                                                   Buffers: shared read=1474
                                 ->  Index Scan using customer_pkey on customer  (cost=0.43..0.67 rows=1 width=16) (actual time=0.022..0.022 rows=1 loops=324457)
                                       Index Cond: (c_customer_sk = catalog_returns.cr_returning_customer_sk)
                                       Buffers: shared hit=1271195 read=401
                           ->  Memoize  (cost=0.29..0.31 rows=1 width=4) (actual time=0.001..0.001 rows=0 loops=317899)
                                 Cache Key: customer.c_current_hdemo_sk
                                 Cache Mode: logical
                                 Hits: 310698  Misses: 7201  Evictions: 0  Overflows: 0  Memory Usage: 521kB
                                 Buffers: shared hit=21600
                                 ->  Index Scan using household_demographics_pkey on household_demographics  (cost=0.28..0.30 rows=1 width=4) (actual time=0.015..0.015 rows=0 loops=7201)
                                       Index Cond: (hd_demo_sk = customer.c_current_hdemo_sk)
                                       Filter: (hd_buy_potential ~~ 'Unknown%'::text)
                                       Rows Removed by Filter: 1
                                       Buffers: shared hit=21600
                     ->  Index Scan using customer_address_pkey on customer_address  (cost=0.42..0.67 rows=1 width=4) (actual time=0.025..0.025 rows=0 loops=54156)
                           Index Cond: (ca_address_sk = customer.c_current_addr_sk)
                           Filter: (ca_gmt_offset = '-7'::numeric)
                           Rows Removed by Filter: 1
                           Buffers: shared hit=204109 read=12515
               ->  Index Scan using customer_demographics_pkey on customer_demographics  (cost=0.43..0.72 rows=1 width=4) (actual time=0.027..0.027 rows=0 loops=7974)
                     Index Cond: (cd_demo_sk = customer.c_current_cdemo_sk)
                     Filter: (((cd_marital_status = 'M'::bpchar) AND (cd_education_status = 'Unknown'::bpchar)) OR ((cd_marital_status = 'W'::bpchar) AND (cd_education_status = 'Advanced Degree'::bpchar)))
                     Rows Removed by Filter: 1
                     Buffers: shared hit=28684 read=2672
         ->  Index Scan using call_center_pkey on call_center  (cost=0.14..0.16 rows=1 width=48) (actual time=0.010..0.010 rows=1 loops=520)
               Index Cond: (cc_call_center_sk = catalog_returns.cr_call_center_sk)
               Buffers: shared hit=1032
 Planning:
   Buffers: shared hit=384 read=31
 Planning Time: 3.955 ms
 Execution Time: 14897.691 ms
(54 rows)

