                                                                                                  QUERY PLAN                                                                                                  
--------------------------------------------------------------------------------------------------------------------------------------------------------------------------------------------------------------
 Aggregate  (cost=716146.24..716146.25 rows=1 width=136) (actual time=14301.364..14301.370 rows=1 loops=1)
   Buffers: shared hit=1497078 read=410489
   ->  Nested Loop  (cost=2571.83..716146.10 rows=9 width=58) (actual time=14301.360..14301.365 rows=0 loops=1)
         Buffers: shared hit=1497078 read=410489
         ->  Nested Loop  (cost=2571.69..716144.71 rows=9 width=18) (actual time=14301.359..14301.364 rows=0 loops=1)
               Buffers: shared hit=1497078 read=410489
               ->  Nested Loop  (cost=2571.27..716027.25 rows=164 width=22) (actual time=2627.908..14174.180 rows=4575 loops=1)
                     Buffers: shared hit=1481369 read=408230
                     ->  Nested Loop  (cost=2570.84..715010.66 rows=1528 width=26) (actual time=2576.774..13117.940 rows=43250 loops=1)
                           Buffers: shared hit=1316171 read=400428
                           ->  Nested Loop  (cost=2570.55..712671.62 rows=9167 width=30) (actual time=2576.129..12772.114 rows=315567 loops=1)
                                 Buffers: shared hit=1294577 read=400428
                                 ->  Hash Join  (cost=2570.12..706541.62 rows=9167 width=22) (actual time=2576.083..5425.688 rows=321885 loops=1)
                                       Hash Cond: (catalog_returns.cr_returned_date_sk = date_dim.d_date_sk)
                                       Buffers: shared hit=32666 read=400071
                                       ->  Seq Scan on catalog_returns  (cost=0.00..647267.12 rows=21600412 width=26) (actual time=0.045..3573.821 rows=21598628 loops=1)
                                             Buffers: shared hit=31192 read=400071
                                       ->  Hash  (cost=2569.73..2569.73 rows=31 width=4) (actual time=20.594..20.596 rows=31 loops=1)
                                             Buckets: 1024  Batches: 1  Memory Usage: 10kB
                                             Buffers: shared hit=1474
                                             ->  Seq Scan on date_dim  (cost=0.00..2569.73 rows=31 width=4) (actual time=11.770..20.582 rows=31 loops=1)
                                                   Filter: ((d_year = 2002) AND (d_moy = 7))
                                                   Rows Removed by Filter: 73018
                                                   Buffers: shared hit=1474
                                 ->  Index Scan using customer_pkey on customer  (cost=0.43..0.67 rows=1 width=16) (actual time=0.022..0.022 rows=1 loops=321885)
                                       Index Cond: (c_customer_sk = catalog_returns.cr_returning_customer_sk)
                                       Buffers: shared hit=1261911 read=357
                           ->  Memoize  (cost=0.29..0.31 rows=1 width=4) (actual time=0.001..0.001 rows=0 loops=315567)
                                 Cache Key: customer.c_current_hdemo_sk
                                 Cache Mode: logical
                                 Hits: 308368  Misses: 7199  Evictions: 0  Overflows: 0  Memory Usage: 521kB
                                 Buffers: shared hit=21594
                                 ->  Index Scan using household_demographics_pkey on household_demographics  (cost=0.28..0.30 rows=1 width=4) (actual time=0.015..0.015 rows=0 loops=7199)
                                       Index Cond: (hd_demo_sk = customer.c_current_hdemo_sk)
                                       Filter: (hd_buy_potential ~~ '1001-5000%'::text)
                                       Rows Removed by Filter: 1
                                       Buffers: shared hit=21594
                     ->  Index Scan using customer_address_pkey on customer_address  (cost=0.42..0.67 rows=1 width=4) (actual time=0.024..0.024 rows=0 loops=43250)
                           Index Cond: (ca_address_sk = customer.c_current_addr_sk)
                           Filter: (ca_gmt_offset = '-7'::numeric)
                           Rows Removed by Filter: 1
                           Buffers: shared hit=165198 read=7802
               ->  Index Scan using customer_demographics_pkey on customer_demographics  (cost=0.43..0.72 rows=1 width=4) (actual time=0.027..0.027 rows=0 loops=4575)
                     Index Cond: (cd_demo_sk = customer.c_current_cdemo_sk)
                     Filter: (((cd_marital_status = 'M'::bpchar) AND (cd_education_status = 'Unknown'::bpchar)) OR ((cd_marital_status = 'W'::bpchar) AND (cd_education_status = 'Advanced Degree'::bpchar)))
                     Rows Removed by Filter: 1
                     Buffers: shared hit=15709 read=2259
         ->  Index Scan using call_center_pkey on call_center  (cost=0.14..0.16 rows=1 width=48) (never executed)
               Index Cond: (cc_call_center_sk = catalog_returns.cr_call_center_sk)
 Planning:
   Buffers: shared hit=415
 Planning Time: 4.652 ms
 Execution Time: 14302.167 ms
(53 rows)

