                                                                                                  QUERY PLAN                                                                                                  
--------------------------------------------------------------------------------------------------------------------------------------------------------------------------------------------------------------
 Aggregate  (cost=715420.76..715420.77 rows=1 width=136) (actual time=13566.959..13566.965 rows=1 loops=1)
   Buffers: shared hit=1370624 read=415703
   ->  Nested Loop  (cost=2571.79..715420.64 rows=8 width=58) (actual time=1639.492..13565.597 rows=415 loops=1)
         Buffers: shared hit=1370624 read=415703
         ->  Nested Loop  (cost=2571.66..715419.40 rows=8 width=18) (actual time=1639.472..13560.030 rows=417 loops=1)
               Buffers: shared hit=1369794 read=415703
               ->  Nested Loop  (cost=2571.23..715313.40 rows=148 width=22) (actual time=1542.456..13370.727 rows=7021 loops=1)
                     Buffers: shared hit=1345473 read=412396
                     ->  Nested Loop  (cost=2570.80..714395.28 rows=1380 width=26) (actual time=1542.426..12198.634 rows=47452 loops=1)
                           Buffers: shared hit=1161602 read=406459
                           ->  Nested Loop  (cost=2570.51..712078.44 rows=8280 width=30) (actual time=1540.296..11861.935 rows=278431 loops=1)
                                 Buffers: shared hit=1140002 read=406459
                                 ->  Hash Join  (cost=2570.08..706541.58 rows=8280 width=22) (actual time=1540.248..5384.288 rows=283886 loops=1)
                                       Hash Cond: (catalog_returns.cr_returned_date_sk = date_dim.d_date_sk)
                                       Buffers: shared hit=26499 read=406238
                                       ->  Seq Scan on catalog_returns  (cost=0.00..647267.12 rows=21600412 width=26) (actual time=0.056..3561.071 rows=21598628 loops=1)
                                             Buffers: shared hit=25025 read=406238
                                       ->  Hash  (cost=2569.73..2569.73 rows=28 width=4) (actual time=20.137..20.139 rows=28 loops=1)
                                             Buckets: 1024  Batches: 1  Memory Usage: 9kB
                                             Buffers: shared hit=1474
                                             ->  Seq Scan on date_dim  (cost=0.00..2569.73 rows=28 width=4) (actual time=11.872..20.123 rows=28 loops=1)
                                                   Filter: ((d_year = 2001) AND (d_moy = 2))
                                                   Rows Removed by Filter: 73021
                                                   Buffers: shared hit=1474
                                 ->  Index Scan using customer_pkey on customer  (cost=0.43..0.67 rows=1 width=16) (actual time=0.022..0.022 rows=1 loops=283886)
                                       Index Cond: (c_customer_sk = catalog_returns.cr_returning_customer_sk)
                                       Buffers: shared hit=1113503 read=221
                           ->  Memoize  (cost=0.29..0.31 rows=1 width=4) (actual time=0.001..0.001 rows=0 loops=278431)
                                 Cache Key: customer.c_current_hdemo_sk
                                 Cache Mode: logical
                                 Hits: 271230  Misses: 7201  Evictions: 0  Overflows: 0  Memory Usage: 521kB
                                 Buffers: shared hit=21600
                                 ->  Index Scan using household_demographics_pkey on household_demographics  (cost=0.28..0.30 rows=1 width=4) (actual time=0.018..0.018 rows=0 loops=7201)
                                       Index Cond: (hd_demo_sk = customer.c_current_hdemo_sk)
                                       Filter: (hd_buy_potential ~~ 'Unknown%'::text)
                                       Rows Removed by Filter: 1
                                       Buffers: shared hit=21600
                     ->  Index Scan using customer_address_pkey on customer_address  (cost=0.42..0.67 rows=1 width=4) (actual time=0.024..0.024 rows=0 loops=47452)
                           Index Cond: (ca_address_sk = customer.c_current_addr_sk)
                           Filter: (ca_gmt_offset = '-7'::numeric)
                           Rows Removed by Filter: 1
                           Buffers: shared hit=183871 read=5937
               ->  Index Scan using customer_demographics_pkey on customer_demographics  (cost=0.43..0.72 rows=1 width=4) (actual time=0.027..0.027 rows=0 loops=7021)
                     Index Cond: (cd_demo_sk = customer.c_current_cdemo_sk)
                     Filter: (((cd_marital_status = 'M'::bpchar) AND (cd_education_status = 'Unknown'::bpchar)) OR ((cd_marital_status = 'W'::bpchar) AND (cd_education_status = 'Advanced Degree'::bpchar)))
                     Rows Removed by Filter: 1
                     Buffers: shared hit=24321 read=3307
         ->  Index Scan using call_center_pkey on call_center  (cost=0.14..0.16 rows=1 width=48) (actual time=0.012..0.012 rows=1 loops=417)
               Index Cond: (cc_call_center_sk = catalog_returns.cr_call_center_sk)
               Buffers: shared hit=830
 Planning:
   Buffers: shared hit=415
 Planning Time: 4.565 ms
 Execution Time: 13567.768 ms
(54 rows)

