                                                                                                     QUERY PLAN                                                                                                     
--------------------------------------------------------------------------------------------------------------------------------------------------------------------------------------------------------------------
 Aggregate  (cost=715921.76..715921.77 rows=1 width=136) (actual time=12846.459..12846.466 rows=1 loops=1)
   Buffers: shared hit=1226204 read=424058
   ->  Hash Join  (cost=2574.36..715921.22 rows=36 width=58) (actual time=444.085..12845.038 rows=477 loops=1)
         Hash Cond: (catalog_returns.cr_call_center_sk = call_center.cc_call_center_sk)
         Buffers: shared hit=1226204 read=424058
         ->  Nested Loop  (cost=2571.68..715918.44 rows=36 width=18) (actual time=443.933..12844.335 rows=482 loops=1)
               Buffers: shared hit=1226202 read=424058
               ->  Nested Loop  (cost=2571.26..715863.88 rows=82 width=22) (actual time=433.455..12763.382 rows=2900 loops=1)
                     Buffers: shared hit=1215005 read=423655
                     ->  Nested Loop  (cost=2570.83..714805.30 rows=1478 width=26) (actual time=410.624..11717.979 rows=40380 loops=1)
                           Buffers: shared hit=1067776 read=412372
                           ->  Nested Loop  (cost=2570.54..712473.67 rows=8871 width=30) (actual time=408.355..11418.106 rows=256455 loops=1)
                                 Buffers: shared hit=1046185 read=412372
                                 ->  Hash Join  (cost=2570.11..706541.60 rows=8871 width=22) (actual time=408.292..5382.690 rows=261687 loops=1)
                                       Hash Cond: (catalog_returns.cr_returned_date_sk = date_dim.d_date_sk)
                                       Buffers: shared hit=20458 read=412279
                                       ->  Seq Scan on catalog_returns  (cost=0.00..647267.12 rows=21600412 width=26) (actual time=0.059..3617.252 rows=21598628 loops=1)
                                             Buffers: shared hit=19484 read=411779
                                       ->  Hash  (cost=2569.73..2569.73 rows=30 width=4) (actual time=22.822..22.823 rows=30 loops=1)
                                             Buckets: 1024  Batches: 1  Memory Usage: 10kB
                                             Buffers: shared hit=974 read=500
                                             ->  Seq Scan on date_dim  (cost=0.00..2569.73 rows=30 width=4) (actual time=13.353..22.809 rows=30 loops=1)
                                                   Filter: ((d_year = 1999) AND (d_moy = 4))
                                                   Rows Removed by Filter: 73019
                                                   Buffers: shared hit=974 read=500
                                 ->  Index Scan using customer_pkey on customer  (cost=0.43..0.67 rows=1 width=16) (actual time=0.023..0.023 rows=1 loops=261687)
                                       Index Cond: (c_customer_sk = catalog_returns.cr_returning_customer_sk)
                                       Buffers: shared hit=1025727 read=93
                           ->  Memoize  (cost=0.29..0.31 rows=1 width=4) (actual time=0.001..0.001 rows=0 loops=256455)
                                 Cache Key: customer.c_current_hdemo_sk
                                 Cache Mode: logical
                                 Hits: 249257  Misses: 7198  Evictions: 0  Overflows: 0  Memory Usage: 521kB
                                 Buffers: shared hit=21591
                                 ->  Index Scan using household_demographics_pkey on household_demographics  (cost=0.28..0.30 rows=1 width=4) (actual time=0.015..0.015 rows=0 loops=7198)
                                       Index Cond: (hd_demo_sk = customer.c_current_hdemo_sk)
                                       Filter: (hd_buy_potential ~~ '5001-10000%'::text)
                                       Rows Removed by Filter: 1
                                       Buffers: shared hit=21591
                     ->  Index Scan using customer_demographics_pkey on customer_demographics  (cost=0.43..0.72 rows=1 width=4) (actual time=0.026..0.026 rows=0 loops=40380)
                           Index Cond: (cd_demo_sk = customer.c_current_cdemo_sk)
                           Filter: (((cd_marital_status = 'M'::bpchar) AND (cd_education_status = 'Unknown'::bpchar)) OR ((cd_marital_status = 'W'::bpchar) AND (cd_education_status = 'Advanced Degree'::bpchar)))
                           Rows Removed by Filter: 1
                           Buffers: shared hit=147229 read=11283
               ->  Index Scan using customer_address_pkey on customer_address  (cost=0.42..0.67 rows=1 width=4) (actual time=0.027..0.027 rows=0 loops=2900)
                     Index Cond: (ca_address_sk = customer.c_current_addr_sk)
                     Filter: (ca_gmt_offset = '-6'::numeric)
                     Rows Removed by Filter: 1
                     Buffers: shared hit=11197 read=403
         ->  Hash  (cost=2.30..2.30 rows=30 width=48) (actual time=0.118..0.118 rows=30 loops=1)
               Buckets: 1024  Batches: 1  Memory Usage: 11kB
               Buffers: shared hit=2
               ->  Seq Scan on call_center  (cost=0.00..2.30 rows=30 width=48) (actual time=0.041..0.075 rows=30 loops=1)
                     Buffers: shared hit=2
 Planning:
   Buffers: shared hit=384 read=31
 Planning Time: 5.039 ms
 Execution Time: 12847.446 ms
(57 rows)

