                                                                                                  QUERY PLAN                                                                                                  
--------------------------------------------------------------------------------------------------------------------------------------------------------------------------------------------------------------
 Aggregate  (cost=715903.32..715903.33 rows=1 width=136) (actual time=12455.813..12455.820 rows=1 loops=1)
   Buffers: shared hit=1202989 read=419946
   ->  Nested Loop  (cost=2571.82..715903.18 rows=9 width=58) (actual time=1310.409..12454.756 rows=333 loops=1)
         Buffers: shared hit=1202989 read=419946
         ->  Nested Loop  (cost=2571.68..715901.79 rows=9 width=18) (actual time=1310.394..12450.223 rows=335 loops=1)
               Buffers: shared hit=1202323 read=419946
               ->  Nested Loop  (cost=2571.25..715788.62 rows=158 width=22) (actual time=1275.376..12332.220 rows=4421 loops=1)
                     Buffers: shared hit=1186310 read=418631
                     ->  Nested Loop  (cost=2570.83..714805.30 rows=1478 width=26) (actual time=1275.342..11237.793 rows=43772 loops=1)
                           Buffers: shared hit=1019539 read=410314
                           ->  Nested Loop  (cost=2570.54..712473.67 rows=8871 width=30) (actual time=1275.314..10938.659 rows=243882 loops=1)
                                 Buffers: shared hit=997951 read=410314
                                 ->  Hash Join  (cost=2570.11..706541.60 rows=8871 width=22) (actual time=1275.264..5317.197 rows=248731 loops=1)
                                       Hash Cond: (catalog_returns.cr_returned_date_sk = date_dim.d_date_sk)
                                       Buffers: shared hit=22532 read=410205
                                       ->  Seq Scan on catalog_returns  (cost=0.00..647267.12 rows=21600412 width=26) (actual time=0.030..3533.956 rows=21598628 loops=1)
                                             Buffers: shared hit=21944 read=409319
                                       ->  Hash  (cost=2569.73..2569.73 rows=30 width=4) (actual time=20.897..20.898 rows=30 loops=1)
                                             Buckets: 1024  Batches: 1  Memory Usage: 10kB
                                             Buffers: shared hit=588 read=886
                                             ->  Seq Scan on date_dim  (cost=0.00..2569.73 rows=30 width=4) (actual time=10.241..20.886 rows=30 loops=1)
                                                   Filter: ((d_year = 2000) AND (d_moy = 9))
                                                   Rows Removed by Filter: 73019
                                                   Buffers: shared hit=588 read=886
                                 ->  Index Scan using customer_pkey on customer  (cost=0.43..0.67 rows=1 width=16) (actual time=0.022..0.022 rows=1 loops=248731)
                                       Index Cond: (c_customer_sk = catalog_returns.cr_returning_customer_sk)
                                       Buffers: shared hit=975419 read=109
                           ->  Memoize  (cost=0.29..0.31 rows=1 width=4) (actual time=0.001..0.001 rows=0 loops=243882)
                                 Cache Key: customer.c_current_hdemo_sk
                                 Cache Mode: logical
                                 Hits: 236685  Misses: 7197  Evictions: 0  Overflows: 0  Memory Usage: 521kB
                                 Buffers: shared hit=21588
                                 ->  Index Scan using household_demographics_pkey on household_demographics  (cost=0.28..0.30 rows=1 width=4) (actual time=0.016..0.016 rows=0 loops=7197)
                                       Index Cond: (hd_demo_sk = customer.c_current_hdemo_sk)
                                       Filter: (hd_buy_potential ~~ '>10000%'::text)
                                       Rows Removed by Filter: 1
                                       Buffers: shared hit=21588
                     ->  Index Scan using customer_address_pkey on customer_address  (cost=0.42..0.67 rows=1 width=4) (actual time=0.025..0.025 rows=0 loops=43772)
                           Index Cond: (ca_address_sk = customer.c_current_addr_sk)
                           Filter: (ca_gmt_offset = '-7'::numeric)
                           Rows Removed by Filter: 1
                           Buffers: shared hit=166771 read=8317
               ->  Index Scan using customer_demographics_pkey on customer_demographics  (cost=0.43..0.72 rows=1 width=4) (actual time=0.026..0.026 rows=0 loops=4421)
                     Index Cond: (cd_demo_sk = customer.c_current_cdemo_sk)
                     Filter: (((cd_marital_status = 'M'::bpchar) AND (cd_education_status = 'Unknown'::bpchar)) OR ((cd_marital_status = 'W'::bpchar) AND (cd_education_status = 'Advanced Degree'::bpchar)))
                     Rows Removed by Filter: 1
                     Buffers: shared hit=16013 read=1315
         ->  Index Scan using call_center_pkey on call_center  (cost=0.14..0.16 rows=1 width=48) (actual time=0.012..0.012 rows=1 loops=335)
               Index Cond: (cc_call_center_sk = catalog_returns.cr_call_center_sk)
               Buffers: shared hit=666
 Planning:
   Buffers: shared hit=415
 Planning Time: 4.384 ms
 Execution Time: 12456.461 ms
(54 rows)

