                                                                                                     QUERY PLAN                                                                                                     
--------------------------------------------------------------------------------------------------------------------------------------------------------------------------------------------------------------------
 Aggregate  (cost=715921.76..715921.77 rows=1 width=136) (actual time=12760.704..12760.711 rows=1 loops=1)
   Buffers: shared hit=1251771 read=418295
   ->  Hash Join  (cost=2574.36..715921.22 rows=36 width=58) (actual time=2008.484..12759.214 rows=481 loops=1)
         Hash Cond: (catalog_returns.cr_call_center_sk = call_center.cc_call_center_sk)
         Buffers: shared hit=1251771 read=418295
         ->  Nested Loop  (cost=2571.68..715918.44 rows=36 width=18) (actual time=2008.393..12758.553 rows=483 loops=1)
               Buffers: shared hit=1251769 read=418295
               ->  Nested Loop  (cost=2571.26..715863.88 rows=82 width=22) (actual time=1990.655..12680.505 rows=2845 loops=1)
                     Buffers: shared hit=1241076 read=417608
                     ->  Nested Loop  (cost=2570.83..714805.30 rows=1478 width=26) (actual time=1977.480..11647.807 rows=41003 loops=1)
                           Buffers: shared hit=1092098 read=405666
                           ->  Nested Loop  (cost=2570.54..712473.67 rows=8871 width=30) (actual time=1964.074..11345.469 rows=260859 loops=1)
                                 Buffers: shared hit=1070507 read=405666
                                 ->  Hash Join  (cost=2570.11..706541.60 rows=8871 width=22) (actual time=1964.031..5393.950 rows=266327 loops=1)
                                       Hash Cond: (catalog_returns.cr_returned_date_sk = date_dim.d_date_sk)
                                       Buffers: shared hit=27312 read=405425
                                       ->  Seq Scan on catalog_returns  (cost=0.00..647267.12 rows=21600412 width=26) (actual time=0.025..3568.431 rows=21598628 loops=1)
                                             Buffers: shared hit=25838 read=405425
                                       ->  Hash  (cost=2569.73..2569.73 rows=30 width=4) (actual time=20.345..20.346 rows=30 loops=1)
                                             Buckets: 1024  Batches: 1  Memory Usage: 10kB
                                             Buffers: shared hit=1474
                                             ->  Seq Scan on date_dim  (cost=0.00..2569.73 rows=30 width=4) (actual time=10.983..20.330 rows=30 loops=1)
                                                   Filter: ((d_year = 2001) AND (d_moy = 9))
                                                   Rows Removed by Filter: 73019
                                                   Buffers: shared hit=1474
                                 ->  Index Scan using customer_pkey on customer  (cost=0.43..0.67 rows=1 width=16) (actual time=0.022..0.022 rows=1 loops=266327)
                                       Index Cond: (c_customer_sk = catalog_returns.cr_returning_customer_sk)
                                       Buffers: shared hit=1043195 read=241
                           ->  Memoize  (cost=0.29..0.31 rows=1 width=4) (actual time=0.001..0.001 rows=0 loops=260859)
                                 Cache Key: customer.c_current_hdemo_sk
                                 Cache Mode: logical
                                 Hits: 253661  Misses: 7198  Evictions: 0  Overflows: 0  Memory Usage: 521kB
                                 Buffers: shared hit=21591
                                 ->  Index Scan using household_demographics_pkey on household_demographics  (cost=0.28..0.30 rows=1 width=4) (actual time=0.015..0.015 rows=0 loops=7198)
                                       Index Cond: (hd_demo_sk = customer.c_current_hdemo_sk)
                                       Filter: (hd_buy_potential ~~ '5001-10000%'::text)
                                       Rows Removed by Filter: 1
                                       Buffers: shared hit=21591
                     ->  Index Scan using customer_demographics_pkey on customer_demographics  (cost=0.43..0.72 rows=1 width=4) (actual time=0.025..0.025 rows=0 loops=41003)
                           Index Cond: (cd_demo_sk = customer.c_current_cdemo_sk)
                           Filter: (((cd_marital_status = 'M'::bpchar) AND (cd_education_status = 'Unknown'::bpchar)) OR ((cd_marital_status = 'W'::bpchar) AND (cd_education_status = 'Advanced Degree'::bpchar)))
                           Rows Removed by Filter: 1
                           Buffers: shared hit=148978 read=11942
               ->  Index Scan using customer_address_pkey on customer_address  (cost=0.42..0.67 rows=1 width=4) (actual time=0.027..0.027 rows=0 loops=2845)
                     Index Cond: (ca_address_sk = customer.c_current_addr_sk)
                     Filter: (ca_gmt_offset = '-6'::numeric)
                     Rows Removed by Filter: 1
                     Buffers: shared hit=10693 read=687
         ->  Hash  (cost=2.30..2.30 rows=30 width=48) (actual time=0.066..0.067 rows=30 loops=1)
               Buckets: 1024  Batches: 1  Memory Usage: 11kB
               Buffers: shared hit=2
               ->  Seq Scan on call_center  (cost=0.00..2.30 rows=30 width=48) (actual time=0.025..0.043 rows=30 loops=1)
                     Buffers: shared hit=2
 Planning:
   Buffers: shared hit=415
 Planning Time: 4.164 ms
 Execution Time: 12761.451 ms
(57 rows)

