                                                                                                  QUERY PLAN                                                                                                  
--------------------------------------------------------------------------------------------------------------------------------------------------------------------------------------------------------------
 Aggregate  (cost=716146.24..716146.25 rows=1 width=136) (actual time=14935.658..14935.665 rows=1 loops=1)
   Buffers: shared hit=1561790 read=420945
   ->  Nested Loop  (cost=2571.83..716146.10 rows=9 width=58) (actual time=2792.086..14934.106 rows=479 loops=1)
         Buffers: shared hit=1561790 read=420945
         ->  Nested Loop  (cost=2571.69..716144.71 rows=9 width=18) (actual time=2792.074..14928.628 rows=484 loops=1)
               Buffers: shared hit=1560832 read=420945
               ->  Nested Loop  (cost=2571.27..716027.25 rows=164 width=22) (actual time=2752.153..14720.097 rows=7970 loops=1)
                     Buffers: shared hit=1532213 read=418200
                     ->  Nested Loop  (cost=2570.84..715010.66 rows=1528 width=26) (actual time=2751.933..13333.438 rows=54323 loops=1)
                           Buffers: shared hit=1330413 read=402708
                           ->  Nested Loop  (cost=2570.55..712671.62 rows=9167 width=30) (actual time=2742.904..12985.165 rows=319696 loops=1)
                                 Buffers: shared hit=1308813 read=402708
                                 ->  Hash Join  (cost=2570.12..706541.62 rows=9167 width=22) (actual time=2742.870..5489.428 rows=326115 loops=1)
                                       Hash Cond: (catalog_returns.cr_returned_date_sk = date_dim.d_date_sk)
                                       Buffers: shared hit=30496 read=402241
                                       ->  Seq Scan on catalog_returns  (cost=0.00..647267.12 rows=21600412 width=26) (actual time=0.043..3591.127 rows=21598628 loops=1)
                                             Buffers: shared hit=30496 read=400767
                                       ->  Hash  (cost=2569.73..2569.73 rows=31 width=4) (actual time=24.095..24.096 rows=31 loops=1)
                                             Buckets: 1024  Batches: 1  Memory Usage: 10kB
                                             Buffers: shared read=1474
                                             ->  Seq Scan on date_dim  (cost=0.00..2569.73 rows=31 width=4) (actual time=10.803..24.077 rows=31 loops=1)
                                                   Filter: ((d_year = 2002) AND (d_moy = 8))
                                                   Rows Removed by Filter: 73018
                                                   Buffers: shared read=1474
                                 ->  Index Scan using customer_pkey on customer  (cost=0.43..0.67 rows=1 width=16) (actual time=0.022..0.022 rows=1 loops=326115)
                                       Index Cond: (c_customer_sk = catalog_returns.cr_returning_customer_sk)
                                       Buffers: shared hit=1278317 read=467
                           ->  Memoize  (cost=0.29..0.31 rows=1 width=4) (actual time=0.001..0.001 rows=0 loops=319696)
                                 Cache Key: customer.c_current_hdemo_sk
                                 Cache Mode: logical
                                 Hits: 312495  Misses: 7201  Evictions: 0  Overflows: 0  Memory Usage: 521kB
                                 Buffers: shared hit=21600
                                 ->  Index Scan using household_demographics_pkey on household_demographics  (cost=0.28..0.30 rows=1 width=4) (actual time=0.015..0.015 rows=0 loops=7201)
                                       Index Cond: (hd_demo_sk = customer.c_current_hdemo_sk)
                                       Filter: (hd_buy_potential ~~ 'Unknown%'::text)
                                       Rows Removed by Filter: 1
                                       Buffers: shared hit=21600
                     ->  Index Scan using customer_address_pkey on customer_address  (cost=0.42..0.67 rows=1 width=4) (actual time=0.025..0.025 rows=0 loops=54323)
                           Index Cond: (ca_address_sk = customer.c_current_addr_sk)
                           Filter: (ca_gmt_offset = '-7'::numeric)
                           Rows Removed by Filter: 1
                           Buffers: shared hit=201800 read=15492
               ->  Index Scan using customer_demographics_pkey on customer_demographics  (cost=0.43..0.72 rows=1 width=4) (actual time=0.026..0.026 rows=0 loops=7970)
                     Index Cond: (cd_demo_sk = customer.c_current_cdemo_sk)
                     Filter: (((cd_marital_status = 'M'::bpchar) AND (cd_education_status = 'Unknown'::bpchar)) OR ((cd_marital_status = 'W'::bpchar) AND (cd_education_status = 'Advanced Degree'::bpchar)))
                     Rows Removed by Filter: 1
                     Buffers: shared hit=28619 read=2745
         ->  Index Scan using call_center_pkey on call_center  (cost=0.14..0.16 rows=1 width=48) (actual time=0.010..0.010 rows=1 loops=484)
               Index Cond: (cc_call_center_sk = catalog_returns.cr_call_center_sk)
               Buffers: shared hit=958
 Planning:
   Buffers: shared hit=384 read=31
 Planning Time: 3.638 ms
 Execution Time: 14936.284 ms
(54 rows)

