                                                                                                  QUERY PLAN                                                                                                  
--------------------------------------------------------------------------------------------------------------------------------------------------------------------------------------------------------------
 Aggregate  (cost=715903.32..715903.33 rows=1 width=136) (actual time=13605.933..13605.941 rows=1 loops=1)
   Buffers: shared hit=1343180 read=423716
   ->  Nested Loop  (cost=2571.82..715903.18 rows=9 width=58) (actual time=422.825..13604.762 rows=328 loops=1)
         Buffers: shared hit=1343180 read=423716
         ->  Nested Loop  (cost=2571.68..715901.79 rows=9 width=18) (actual time=422.812..13599.711 rows=330 loops=1)
               Buffers: shared hit=1342524 read=423716
               ->  Nested Loop  (cost=2571.25..715788.62 rows=158 width=22) (actual time=422.780..13514.190 rows=3397 loops=1)
                     Buffers: shared hit=1330044 read=422856
                     ->  Nested Loop  (cost=2570.83..714805.30 rows=1478 width=26) (actual time=412.280..12358.109 rows=46586 loops=1)
                           Buffers: shared hit=1153864 read=412692
                           ->  Nested Loop  (cost=2570.54..712473.67 rows=8871 width=30) (actual time=409.102..12042.954 rows=278057 loops=1)
                                 Buffers: shared hit=1132273 read=412692
                                 ->  Hash Join  (cost=2570.11..706541.60 rows=8871 width=22) (actual time=409.052..5487.399 rows=283720 loops=1)
                                       Hash Cond: (catalog_returns.cr_returned_date_sk = date_dim.d_date_sk)
                                       Buffers: shared hit=20229 read=412508
                                       ->  Seq Scan on catalog_returns  (cost=0.00..647267.12 rows=21600412 width=26) (actual time=0.047..3616.492 rows=21598628 loops=1)
                                             Buffers: shared hit=20229 read=411034
                                       ->  Hash  (cost=2569.73..2569.73 rows=30 width=4) (actual time=22.616..22.618 rows=31 loops=1)
                                             Buckets: 1024  Batches: 1  Memory Usage: 10kB
                                             Buffers: shared read=1474
                                             ->  Seq Scan on date_dim  (cost=0.00..2569.73 rows=30 width=4) (actual time=13.187..22.598 rows=31 loops=1)
                                                   Filter: ((d_year = 1999) AND (d_moy = 5))
                                                   Rows Removed by Filter: 73018
                                                   Buffers: shared read=1474
                                 ->  Index Scan using customer_pkey on customer  (cost=0.43..0.67 rows=1 width=16) (actual time=0.023..0.023 rows=1 loops=283720)
                                       Index Cond: (c_customer_sk = catalog_returns.cr_returning_customer_sk)
                                       Buffers: shared hit=1112044 read=184
                           ->  Memoize  (cost=0.29..0.31 rows=1 width=4) (actual time=0.001..0.001 rows=0 loops=278057)
                                 Cache Key: customer.c_current_hdemo_sk
                                 Cache Mode: logical
                                 Hits: 270859  Misses: 7198  Evictions: 0  Overflows: 0  Memory Usage: 521kB
                                 Buffers: shared hit=21591
                                 ->  Index Scan using household_demographics_pkey on household_demographics  (cost=0.28..0.30 rows=1 width=4) (actual time=0.014..0.014 rows=0 loops=7198)
                                       Index Cond: (hd_demo_sk = customer.c_current_hdemo_sk)
                                       Filter: (hd_buy_potential ~~ '501-1000%'::text)
                                       Rows Removed by Filter: 1
                                       Buffers: shared hit=21591
                     ->  Index Scan using customer_address_pkey on customer_address  (cost=0.42..0.67 rows=1 width=4) (actual time=0.024..0.024 rows=0 loops=46586)
                           Index Cond: (ca_address_sk = customer.c_current_addr_sk)
                           Filter: (ca_gmt_offset = '-7'::numeric)
                           Rows Removed by Filter: 1
                           Buffers: shared hit=176180 read=10164
               ->  Index Scan using customer_demographics_pkey on customer_demographics  (cost=0.43..0.72 rows=1 width=4) (actual time=0.025..0.025 rows=0 loops=3397)
                     Index Cond: (cd_demo_sk = customer.c_current_cdemo_sk)
                     Filter: (((cd_marital_status = 'M'::bpchar) AND (cd_education_status = 'Unknown'::bpchar)) OR ((cd_marital_status = 'W'::bpchar) AND (cd_education_status = 'Advanced Degree'::bpchar)))
                     Rows Removed by Filter: 1
                     Buffers: shared hit=12480 read=860
         ->  Index Scan using call_center_pkey on call_center  (cost=0.14..0.16 rows=1 width=48) (actual time=0.014..0.014 rows=1 loops=330)
               Index Cond: (cc_call_center_sk = catalog_returns.cr_call_center_sk)
               Buffers: shared hit=656
 Planning:
   Buffers: shared hit=384 read=31
 Planning Time: 4.452 ms
 Execution Time: 13606.678 ms
(54 rows)

