                                                                                                  QUERY PLAN                                                                                                  
--------------------------------------------------------------------------------------------------------------------------------------------------------------------------------------------------------------
 Aggregate  (cost=715903.32..715903.33 rows=1 width=136) (actual time=12481.932..12481.937 rows=1 loops=1)
   Buffers: shared hit=1181816 read=414287
   ->  Nested Loop  (cost=2571.82..715903.18 rows=9 width=58) (actual time=12481.927..12481.932 rows=0 loops=1)
         Buffers: shared hit=1181816 read=414287
         ->  Nested Loop  (cost=2571.68..715901.79 rows=9 width=18) (actual time=12481.927..12481.931 rows=0 loops=1)
               Buffers: shared hit=1181816 read=414287
               ->  Nested Loop  (cost=2571.25..715788.62 rows=158 width=22) (actual time=1009.289..12375.261 rows=3711 loops=1)
                     Buffers: shared hit=1168604 read=412931
                     ->  Nested Loop  (cost=2570.83..714805.30 rows=1478 width=26) (actual time=999.847..11528.458 rows=34115 loops=1)
                           Buffers: shared hit=1038576 read=406499
                           ->  Nested Loop  (cost=2570.54..712473.67 rows=8871 width=30) (actual time=997.231..11238.206 rows=247689 loops=1)
                                 Buffers: shared hit=1016994 read=406499
                                 ->  Hash Join  (cost=2570.11..706541.60 rows=8871 width=22) (actual time=997.170..5407.433 rows=252693 loops=1)
                                       Hash Cond: (catalog_returns.cr_returned_date_sk = date_dim.d_date_sk)
                                       Buffers: shared hit=26393 read=406344
                                       ->  Seq Scan on catalog_returns  (cost=0.00..647267.12 rows=21600412 width=26) (actual time=0.027..3586.287 rows=21598628 loops=1)
                                             Buffers: shared hit=24919 read=406344
                                       ->  Hash  (cost=2569.73..2569.73 rows=30 width=4) (actual time=14.384..14.385 rows=31 loops=1)
                                             Buckets: 1024  Batches: 1  Memory Usage: 10kB
                                             Buffers: shared hit=1474
                                             ->  Seq Scan on date_dim  (cost=0.00..2569.73 rows=30 width=4) (actual time=7.871..14.375 rows=31 loops=1)
                                                   Filter: ((d_year = 2000) AND (d_moy = 5))
                                                   Rows Removed by Filter: 73018
                                                   Buffers: shared hit=1474
                                 ->  Index Scan using customer_pkey on customer  (cost=0.43..0.67 rows=1 width=16) (actual time=0.023..0.023 rows=1 loops=252693)
                                       Index Cond: (c_customer_sk = catalog_returns.cr_returning_customer_sk)
                                       Buffers: shared hit=990601 read=155
                           ->  Memoize  (cost=0.29..0.31 rows=1 width=4) (actual time=0.001..0.001 rows=0 loops=247689)
                                 Cache Key: customer.c_current_hdemo_sk
                                 Cache Mode: logical
                                 Hits: 240494  Misses: 7195  Evictions: 0  Overflows: 0  Memory Usage: 520kB
                                 Buffers: shared hit=21582
                                 ->  Index Scan using household_demographics_pkey on household_demographics  (cost=0.28..0.30 rows=1 width=4) (actual time=0.015..0.015 rows=0 loops=7195)
                                       Index Cond: (hd_demo_sk = customer.c_current_hdemo_sk)
                                       Filter: (hd_buy_potential ~~ '1001-5000%'::text)
                                       Rows Removed by Filter: 1
                                       Buffers: shared hit=21582
                     ->  Index Scan using customer_address_pkey on customer_address  (cost=0.42..0.67 rows=1 width=4) (actual time=0.024..0.024 rows=0 loops=34115)
                           Index Cond: (ca_address_sk = customer.c_current_addr_sk)
                           Filter: (ca_gmt_offset = '-7'::numeric)
                           Rows Removed by Filter: 1
                           Buffers: shared hit=130028 read=6432
               ->  Index Scan using customer_demographics_pkey on customer_demographics  (cost=0.43..0.72 rows=1 width=4) (actual time=0.028..0.028 rows=0 loops=3711)
                     Index Cond: (cd_demo_sk = customer.c_current_cdemo_sk)
                     Filter: (((cd_marital_status = 'M'::bpchar) AND (cd_education_status = 'Unknown'::bpchar)) OR ((cd_marital_status = 'W'::bpchar) AND (cd_education_status = 'Advanced Degree'::bpchar)))
                     Rows Removed by Filter: 1
                     Buffers: shared hit=13212 read=1356
         ->  Index Scan using call_center_pkey on call_center  (cost=0.14..0.16 rows=1 width=48) (never executed)
               Index Cond: (cc_call_center_sk = catalog_returns.cr_call_center_sk)
 Planning:
   Buffers: shared hit=415
 Planning Time: 2.324 ms
 Execution Time: 12482.397 ms
(53 rows)

