                                                                                                  QUERY PLAN                                                                                                  
--------------------------------------------------------------------------------------------------------------------------------------------------------------------------------------------------------------
 Aggregate  (cost=715661.61..715661.62 rows=1 width=136) (actual time=10856.977..10856.983 rows=1 loops=1)
   Buffers: shared hit=947188 read=413139
   ->  Nested Loop  (cost=2571.81..715661.49 rows=8 width=58) (actual time=121.307..10855.943 rows=325 loops=1)
         Buffers: shared hit=947188 read=413139
         ->  Nested Loop  (cost=2571.67..715660.25 rows=8 width=18) (actual time=121.294..10852.447 rows=327 loops=1)
               Buffers: shared hit=946538 read=413139
               ->  Nested Loop  (cost=2571.24..715550.67 rows=153 width=22) (actual time=79.151..10715.002 rows=4848 loops=1)
                     Buffers: shared hit=929673 read=411044
                     ->  Nested Loop  (cost=2570.82..714599.95 rows=1429 width=26) (actual time=77.014..9896.358 rows=32640 loops=1)
                           Buffers: shared hit=806306 read=403851
                           ->  Nested Loop  (cost=2570.52..712275.72 rows=8575 width=30) (actual time=75.600..9639.885 rows=188961 loops=1)
                                 Buffers: shared hit=784730 read=403851
                                 ->  Hash Join  (cost=2570.10..706541.59 rows=8575 width=22) (actual time=75.553..5255.191 rows=192746 loops=1)
                                       Hash Cond: (catalog_returns.cr_returned_date_sk = date_dim.d_date_sk)
                                       Buffers: shared hit=29049 read=403688
                                       ->  Seq Scan on catalog_returns  (cost=0.00..647267.12 rows=21600412 width=26) (actual time=0.042..3493.781 rows=21598628 loops=1)
                                             Buffers: shared hit=27575 read=403688
                                       ->  Hash  (cost=2569.73..2569.73 rows=29 width=4) (actual time=19.476..19.477 rows=30 loops=1)
                                             Buckets: 1024  Batches: 1  Memory Usage: 10kB
                                             Buffers: shared hit=1474
                                             ->  Seq Scan on date_dim  (cost=0.00..2569.73 rows=29 width=4) (actual time=9.767..19.463 rows=30 loops=1)
                                                   Filter: ((d_year = 1998) AND (d_moy = 11))
                                                   Rows Removed by Filter: 73019
                                                   Buffers: shared hit=1474
                                 ->  Index Scan using customer_pkey on customer  (cost=0.43..0.67 rows=1 width=16) (actual time=0.022..0.022 rows=1 loops=192746)
                                       Index Cond: (c_customer_sk = catalog_returns.cr_returning_customer_sk)
                                       Buffers: shared hit=755681 read=163
                           ->  Memoize  (cost=0.29..0.31 rows=1 width=4) (actual time=0.001..0.001 rows=0 loops=188961)
                                 Cache Key: customer.c_current_hdemo_sk
                                 Cache Mode: logical
                                 Hits: 181768  Misses: 7193  Evictions: 0  Overflows: 0  Memory Usage: 520kB
                                 Buffers: shared hit=21576
                                 ->  Index Scan using household_demographics_pkey on household_demographics  (cost=0.28..0.30 rows=1 width=4) (actual time=0.015..0.015 rows=0 loops=7193)
                                       Index Cond: (hd_demo_sk = customer.c_current_hdemo_sk)
                                       Filter: (hd_buy_potential ~~ 'Unknown%'::text)
                                       Rows Removed by Filter: 1
                                       Buffers: shared hit=21576
                     ->  Index Scan using customer_address_pkey on customer_address  (cost=0.42..0.67 rows=1 width=4) (actual time=0.025..0.025 rows=0 loops=32640)
                           Index Cond: (ca_address_sk = customer.c_current_addr_sk)
                           Filter: (ca_gmt_offset = '-7'::numeric)
                           Rows Removed by Filter: 1
                           Buffers: shared hit=123367 read=7193
               ->  Index Scan using customer_demographics_pkey on customer_demographics  (cost=0.43..0.72 rows=1 width=4) (actual time=0.028..0.028 rows=0 loops=4848)
                     Index Cond: (cd_demo_sk = customer.c_current_cdemo_sk)
                     Filter: (((cd_marital_status = 'M'::bpchar) AND (cd_education_status = 'Unknown'::bpchar)) OR ((cd_marital_status = 'W'::bpchar) AND (cd_education_status = 'Advanced Degree'::bpchar)))
                     Rows Removed by Filter: 1
                     Buffers: shared hit=16865 read=2095
         ->  Index Scan using call_center_pkey on call_center  (cost=0.14..0.16 rows=1 width=48) (actual time=0.009..0.009 rows=1 loops=327)
               Index Cond: (cc_call_center_sk = catalog_returns.cr_call_center_sk)
               Buffers: shared hit=650
 Planning:
   Buffers: shared hit=415
 Planning Time: 3.641 ms
 Execution Time: 10857.689 ms
(54 rows)

