                                                                                                     QUERY PLAN                                                                                                     
--------------------------------------------------------------------------------------------------------------------------------------------------------------------------------------------------------------------
 Aggregate  (cost=715437.52..715437.53 rows=1 width=136) (actual time=5269.039..5269.048 rows=1 loops=1)
   Buffers: shared hit=92910 read=395150
   ->  Hash Join  (cost=2574.33..715437.01 rows=34 width=58) (actual time=5269.033..5269.041 rows=0 loops=1)
         Hash Cond: (catalog_returns.cr_call_center_sk = call_center.cc_call_center_sk)
         Buffers: shared hit=92910 read=395150
         ->  Nested Loop  (cost=2571.66..715434.23 rows=34 width=18) (actual time=5268.930..5268.936 rows=0 loops=1)
               Buffers: shared hit=92908 read=395150
               ->  Nested Loop  (cost=2571.23..715383.67 rows=76 width=22) (actual time=22.760..5267.375 rows=60 loops=1)
                     Buffers: shared hit=92686 read=395132
                     ->  Nested Loop  (cost=2570.80..714395.28 rows=1380 width=26) (actual time=22.367..5223.978 rows=1360 loops=1)
                           Buffers: shared hit=88177 read=394289
                           ->  Nested Loop  (cost=2570.51..712078.44 rows=8280 width=30) (actual time=20.745..5146.559 rows=8902 loops=1)
                                 Buffers: shared hit=74056 read=394289
                                 ->  Hash Join  (cost=2570.08..706541.58 rows=8280 width=22) (actual time=20.689..4944.010 rows=9081 loops=1)
                                       Hash Cond: (catalog_returns.cr_returned_date_sk = date_dim.d_date_sk)
                                       Buffers: shared hit=38460 read=394277
                                       ->  Seq Scan on catalog_returns  (cost=0.00..647267.12 rows=21600412 width=26) (actual time=0.035..3271.491 rows=21598628 loops=1)
                                             Buffers: shared hit=36986 read=394277
                                       ->  Hash  (cost=2569.73..2569.73 rows=28 width=4) (actual time=20.620..20.621 rows=28 loops=1)
                                             Buckets: 1024  Batches: 1  Memory Usage: 9kB
                                             Buffers: shared hit=1474
                                             ->  Seq Scan on date_dim  (cost=0.00..2569.73 rows=28 width=4) (actual time=11.951..20.601 rows=28 loops=1)
                                                   Filter: ((d_year = 1998) AND (d_moy = 2))
                                                   Rows Removed by Filter: 73021
                                                   Buffers: shared hit=1474
                                 ->  Index Scan using customer_pkey on customer  (cost=0.43..0.67 rows=1 width=16) (actual time=0.022..0.022 rows=1 loops=9081)
                                       Index Cond: (c_customer_sk = catalog_returns.cr_returning_customer_sk)
                                       Buffers: shared hit=35596 read=12
                           ->  Memoize  (cost=0.29..0.31 rows=1 width=4) (actual time=0.008..0.008 rows=0 loops=8902)
                                 Cache Key: customer.c_current_hdemo_sk
                                 Cache Mode: logical
                                 Hits: 4194  Misses: 4708  Evictions: 0  Overflows: 0  Memory Usage: 341kB
                                 Buffers: shared hit=14121
                                 ->  Index Scan using household_demographics_pkey on household_demographics  (cost=0.28..0.30 rows=1 width=4) (actual time=0.015..0.015 rows=0 loops=4708)
                                       Index Cond: (hd_demo_sk = customer.c_current_hdemo_sk)
                                       Filter: (hd_buy_potential ~~ '0-500%'::text)
                                       Rows Removed by Filter: 1
                                       Buffers: shared hit=14121
                     ->  Index Scan using customer_demographics_pkey on customer_demographics  (cost=0.43..0.72 rows=1 width=4) (actual time=0.032..0.032 rows=0 loops=1360)
                           Index Cond: (cd_demo_sk = customer.c_current_cdemo_sk)
                           Filter: (((cd_marital_status = 'M'::bpchar) AND (cd_education_status = 'Unknown'::bpchar)) OR ((cd_marital_status = 'W'::bpchar) AND (cd_education_status = 'Advanced Degree'::bpchar)))
                           Rows Removed by Filter: 1
                           Buffers: shared hit=4509 read=843
               ->  Index Scan using customer_address_pkey on customer_address  (cost=0.42..0.67 rows=1 width=4) (actual time=0.025..0.025 rows=0 loops=60)
                     Index Cond: (ca_address_sk = customer.c_current_addr_sk)
                     Filter: (ca_gmt_offset = '-6'::numeric)
                     Rows Removed by Filter: 1
                     Buffers: shared hit=222 read=18
         ->  Hash  (cost=2.30..2.30 rows=30 width=48) (actual time=0.078..0.078 rows=30 loops=1)
               Buckets: 1024  Batches: 1  Memory Usage: 11kB
               Buffers: shared hit=2
               ->  Seq Scan on call_center  (cost=0.00..2.30 rows=30 width=48) (actual time=0.030..0.052 rows=30 loops=1)
                     Buffers: shared hit=2
 Planning:
   Buffers: shared hit=415
 Planning Time: 4.512 ms
 Execution Time: 5269.876 ms
(57 rows)

