                                                                                                  QUERY PLAN                                                                                                  
--------------------------------------------------------------------------------------------------------------------------------------------------------------------------------------------------------------
 Aggregate  (cost=715903.32..715903.33 rows=1 width=136) (actual time=14542.183..14542.190 rows=1 loops=1)
   Buffers: shared hit=1509763 read=416311
   ->  Nested Loop  (cost=2571.82..715903.18 rows=9 width=58) (actual time=1788.159..14539.986 rows=786 loops=1)
         Buffers: shared hit=1509763 read=416311
         ->  Nested Loop  (cost=2571.68..715901.79 rows=9 width=18) (actual time=1788.139..14531.389 rows=789 loops=1)
               Buffers: shared hit=1508191 read=416311
               ->  Nested Loop  (cost=2571.25..715788.62 rows=158 width=22) (actual time=1773.398..14349.187 rows=6589 loops=1)
                     Buffers: shared hit=1488185 read=410377
                     ->  Nested Loop  (cost=2570.83..714805.30 rows=1478 width=26) (actual time=1758.873..13162.845 rows=48032 loops=1)
                           Buffers: shared hit=1305453 read=400981
                           ->  Nested Loop  (cost=2570.54..712473.67 rows=8871 width=30) (actual time=1753.920..12802.061 rows=313025 loops=1)
                                 Buffers: shared hit=1283856 read=400981
                                 ->  Hash Join  (cost=2570.11..706541.60 rows=8871 width=22) (actual time=1753.880..5494.270 rows=319396 loops=1)
                                       Hash Cond: (catalog_returns.cr_returned_date_sk = date_dim.d_date_sk)
                                       Buffers: shared hit=33421 read=399316
                                       ->  Seq Scan on catalog_returns  (cost=0.00..647267.12 rows=21600412 width=26) (actual time=0.066..3613.866 rows=21598628 loops=1)
                                             Buffers: shared hit=31947 read=399316
                                       ->  Hash  (cost=2569.73..2569.73 rows=30 width=4) (actual time=22.735..22.736 rows=31 loops=1)
                                             Buckets: 1024  Batches: 1  Memory Usage: 10kB
                                             Buffers: shared hit=1474
                                             ->  Seq Scan on date_dim  (cost=0.00..2569.73 rows=30 width=4) (actual time=13.697..22.719 rows=31 loops=1)
                                                   Filter: ((d_year = 2001) AND (d_moy = 5))
                                                   Rows Removed by Filter: 73018
                                                   Buffers: shared hit=1474
                                 ->  Index Scan using customer_pkey on customer  (cost=0.43..0.67 rows=1 width=16) (actual time=0.022..0.022 rows=1 loops=319396)
                                       Index Cond: (c_customer_sk = catalog_returns.cr_returning_customer_sk)
                                       Buffers: shared hit=1250435 read=1665
                           ->  Memoize  (cost=0.29..0.31 rows=1 width=4) (actual time=0.001..0.001 rows=0 loops=313025)
                                 Cache Key: customer.c_current_hdemo_sk
                                 Cache Mode: logical
                                 Hits: 305825  Misses: 7200  Evictions: 0  Overflows: 0  Memory Usage: 521kB
                                 Buffers: shared hit=21597
                                 ->  Index Scan using household_demographics_pkey on household_demographics  (cost=0.28..0.30 rows=1 width=4) (actual time=0.017..0.017 rows=0 loops=7200)
                                       Index Cond: (hd_demo_sk = customer.c_current_hdemo_sk)
                                       Filter: (hd_buy_potential ~~ '0-500%'::text)
                                       Rows Removed by Filter: 1
                                       Buffers: shared hit=21597
                     ->  Index Scan using customer_address_pkey on customer_address  (cost=0.42..0.67 rows=1 width=4) (actual time=0.024..0.024 rows=0 loops=48032)
                           Index Cond: (ca_address_sk = customer.c_current_addr_sk)
                           Filter: (ca_gmt_offset = '-7'::numeric)
                           Rows Removed by Filter: 1
                           Buffers: shared hit=182732 read=9396
               ->  Index Scan using customer_demographics_pkey on customer_demographics  (cost=0.43..0.72 rows=1 width=4) (actual time=0.027..0.027 rows=0 loops=6589)
                     Index Cond: (cd_demo_sk = customer.c_current_cdemo_sk)
                     Filter: (((cd_marital_status = 'M'::bpchar) AND (cd_education_status = 'Unknown'::bpchar)) OR ((cd_marital_status = 'W'::bpchar) AND (cd_education_status = 'Advanced Degree'::bpchar)))
                     Rows Removed by Filter: 1
                     Buffers: shared hit=20006 read=5934
         ->  Index Scan using call_center_pkey on call_center  (cost=0.14..0.16 rows=1 width=48) (actual time=0.009..0.009 rows=1 loops=789)
               Index Cond: (cc_call_center_sk = catalog_returns.cr_call_center_sk)
               Buffers: shared hit=1572
 Planning:
   Buffers: shared hit=415
 Planning Time: 4.325 ms
 Execution Time: 14543.034 ms
(54 rows)

