                                                                                                     QUERY PLAN                                                                                                     
--------------------------------------------------------------------------------------------------------------------------------------------------------------------------------------------------------------------
 Aggregate  (cost=715921.76..715921.77 rows=1 width=136) (actual time=13122.433..13122.440 rows=1 loops=1)
   Buffers: shared hit=1314787 read=415895
   ->  Hash Join  (cost=2574.36..715921.22 rows=36 width=58) (actual time=408.241..13117.115 rows=2662 loops=1)
         Hash Cond: (catalog_returns.cr_call_center_sk = call_center.cc_call_center_sk)
         Buffers: shared hit=1314787 read=415895
         ->  Nested Loop  (cost=2571.68..715918.44 rows=36 width=18) (actual time=408.183..13114.990 rows=2688 loops=1)
               Buffers: shared hit=1314785 read=415895
               ->  Nested Loop  (cost=2571.26..715863.88 rows=82 width=22) (actual time=408.144..13027.483 rows=3222 loops=1)
                     Buffers: shared hit=1302905 read=414887
                     ->  Nested Loop  (cost=2570.83..714805.30 rows=1478 width=26) (actual time=403.400..12061.573 rows=38507 loops=1)
                           Buffers: shared hit=1157939 read=408617
                           ->  Nested Loop  (cost=2570.54..712473.67 rows=8871 width=30) (actual time=397.702..11742.729 rows=278057 loops=1)
                                 Buffers: shared hit=1136348 read=408617
                                 ->  Hash Join  (cost=2570.11..706541.60 rows=8871 width=22) (actual time=397.660..5269.478 rows=283720 loops=1)
                                       Hash Cond: (catalog_returns.cr_returned_date_sk = date_dim.d_date_sk)
                                       Buffers: shared hit=24601 read=408136
                                       ->  Seq Scan on catalog_returns  (cost=0.00..647267.12 rows=21600412 width=26) (actual time=0.016..3487.553 rows=21598628 loops=1)
                                             Buffers: shared hit=23127 read=408136
                                       ->  Hash  (cost=2569.73..2569.73 rows=30 width=4) (actual time=12.522..12.523 rows=31 loops=1)
                                             Buckets: 1024  Batches: 1  Memory Usage: 10kB
                                             Buffers: shared hit=1474
                                             ->  Seq Scan on date_dim  (cost=0.00..2569.73 rows=30 width=4) (actual time=7.011..12.509 rows=31 loops=1)
                                                   Filter: ((d_year = 1999) AND (d_moy = 5))
                                                   Rows Removed by Filter: 73018
                                                   Buffers: shared hit=1474
                                 ->  Index Scan using customer_pkey on customer  (cost=0.43..0.67 rows=1 width=16) (actual time=0.022..0.022 rows=1 loops=283720)
                                       Index Cond: (c_customer_sk = catalog_returns.cr_returning_customer_sk)
                                       Buffers: shared hit=1111747 read=481
                           ->  Memoize  (cost=0.29..0.31 rows=1 width=4) (actual time=0.001..0.001 rows=0 loops=278057)
                                 Cache Key: customer.c_current_hdemo_sk
                                 Cache Mode: logical
                                 Hits: 270859  Misses: 7198  Evictions: 0  Overflows: 0  Memory Usage: 521kB
                                 Buffers: shared hit=21591
                                 ->  Index Scan using household_demographics_pkey on household_demographics  (cost=0.28..0.30 rows=1 width=4) (actual time=0.015..0.015 rows=0 loops=7198)
                                       Index Cond: (hd_demo_sk = customer.c_current_hdemo_sk)
                                       Filter: (hd_buy_potential ~~ '1001-5000%'::text)
                                       Rows Removed by Filter: 1
                                       Buffers: shared hit=21591
                     ->  Index Scan using customer_demographics_pkey on customer_demographics  (cost=0.43..0.72 rows=1 width=4) (actual time=0.025..0.025 rows=0 loops=38507)
                           Index Cond: (cd_demo_sk = customer.c_current_cdemo_sk)
                           Filter: (((cd_marital_status = 'M'::bpchar) AND (cd_education_status = 'Unknown'::bpchar)) OR ((cd_marital_status = 'W'::bpchar) AND (cd_education_status = 'Advanced Degree'::bpchar)))
                           Rows Removed by Filter: 1
                           Buffers: shared hit=144966 read=6270
               ->  Index Scan using customer_address_pkey on customer_address  (cost=0.42..0.67 rows=1 width=4) (actual time=0.026..0.026 rows=1 loops=3222)
                     Index Cond: (ca_address_sk = customer.c_current_addr_sk)
                     Filter: (ca_gmt_offset = '-6'::numeric)
                     Rows Removed by Filter: 0
                     Buffers: shared hit=11880 read=1008
         ->  Hash  (cost=2.30..2.30 rows=30 width=48) (actual time=0.043..0.044 rows=30 loops=1)
               Buckets: 1024  Batches: 1  Memory Usage: 11kB
               Buffers: shared hit=2
               ->  Seq Scan on call_center  (cost=0.00..2.30 rows=30 width=48) (actual time=0.017..0.029 rows=30 loops=1)
                     Buffers: shared hit=2
 Planning:
   Buffers: shared hit=415
 Planning Time: 2.408 ms
 Execution Time: 13122.930 ms
(57 rows)

