                                                                                                     QUERY PLAN                                                                                                     
--------------------------------------------------------------------------------------------------------------------------------------------------------------------------------------------------------------------
 Aggregate  (cost=715921.76..715921.77 rows=1 width=136) (actual time=13000.731..13000.738 rows=1 loops=1)
   Buffers: shared hit=1230533 read=415548
   ->  Hash Join  (cost=2574.36..715921.22 rows=36 width=58) (actual time=1010.400..12994.153 rows=3625 loops=1)
         Hash Cond: (catalog_returns.cr_call_center_sk = call_center.cc_call_center_sk)
         Buffers: shared hit=1230533 read=415548
         ->  Nested Loop  (cost=2571.68..715918.44 rows=36 width=18) (actual time=1010.357..12991.542 rows=3669 loops=1)
               Buffers: shared hit=1230531 read=415548
               ->  Nested Loop  (cost=2571.26..715863.88 rows=82 width=22) (actual time=1010.329..12798.249 rows=6761 loops=1)
                     Buffers: shared hit=1206639 read=412396
                     ->  Nested Loop  (cost=2570.83..714805.30 rows=1478 width=26) (actual time=1010.297..11713.504 rows=44283 loops=1)
                           Buffers: shared hit=1038526 read=406549
                           ->  Nested Loop  (cost=2570.54..712473.67 rows=8871 width=30) (actual time=1010.227..11409.481 rows=247689 loops=1)
                                 Buffers: shared hit=1016944 read=406549
                                 ->  Hash Join  (cost=2570.11..706541.60 rows=8871 width=22) (actual time=1010.176..5615.552 rows=252693 loops=1)
                                       Hash Cond: (catalog_returns.cr_returned_date_sk = date_dim.d_date_sk)
                                       Buffers: shared hit=26563 read=406174
                                       ->  Seq Scan on catalog_returns  (cost=0.00..647267.12 rows=21600412 width=26) (actual time=0.012..3672.440 rows=21598628 loops=1)
                                             Buffers: shared hit=25089 read=406174
                                       ->  Hash  (cost=2569.73..2569.73 rows=30 width=4) (actual time=10.591..10.592 rows=31 loops=1)
                                             Buckets: 1024  Batches: 1  Memory Usage: 10kB
                                             Buffers: shared hit=1474
                                             ->  Seq Scan on date_dim  (cost=0.00..2569.73 rows=30 width=4) (actual time=5.305..10.582 rows=31 loops=1)
                                                   Filter: ((d_year = 2000) AND (d_moy = 5))
                                                   Rows Removed by Filter: 73018
                                                   Buffers: shared hit=1474
                                 ->  Index Scan using customer_pkey on customer  (cost=0.43..0.67 rows=1 width=16) (actual time=0.022..0.022 rows=1 loops=252693)
                                       Index Cond: (c_customer_sk = catalog_returns.cr_returning_customer_sk)
                                       Buffers: shared hit=990381 read=375
                           ->  Memoize  (cost=0.29..0.31 rows=1 width=4) (actual time=0.001..0.001 rows=0 loops=247689)
                                 Cache Key: customer.c_current_hdemo_sk
                                 Cache Mode: logical
                                 Hits: 240494  Misses: 7195  Evictions: 0  Overflows: 0  Memory Usage: 520kB
                                 Buffers: shared hit=21582
                                 ->  Index Scan using household_demographics_pkey on household_demographics  (cost=0.28..0.30 rows=1 width=4) (actual time=0.016..0.016 rows=0 loops=7195)
                                       Index Cond: (hd_demo_sk = customer.c_current_hdemo_sk)
                                       Filter: (hd_buy_potential ~~ '>10000%'::text)
                                       Rows Removed by Filter: 1
                                       Buffers: shared hit=21582
                     ->  Index Scan using customer_demographics_pkey on customer_demographics  (cost=0.43..0.72 rows=1 width=4) (actual time=0.024..0.024 rows=0 loops=44283)
                           Index Cond: (cd_demo_sk = customer.c_current_cdemo_sk)
                           Filter: (((cd_marital_status = 'M'::bpchar) AND (cd_education_status = 'Unknown'::bpchar)) OR ((cd_marital_status = 'W'::bpchar) AND (cd_education_status = 'Advanced Degree'::bpchar)))
                           Rows Removed by Filter: 1
                           Buffers: shared hit=168113 read=5847
               ->  Index Scan using customer_address_pkey on customer_address  (cost=0.42..0.67 rows=1 width=4) (actual time=0.028..0.028 rows=1 loops=6761)
                     Index Cond: (ca_address_sk = customer.c_current_addr_sk)
                     Filter: (ca_gmt_offset = '-6'::numeric)
                     Rows Removed by Filter: 0
                     Buffers: shared hit=23892 read=3152
         ->  Hash  (cost=2.30..2.30 rows=30 width=48) (actual time=0.031..0.032 rows=30 loops=1)
               Buckets: 1024  Batches: 1  Memory Usage: 11kB
               Buffers: shared hit=2
               ->  Seq Scan on call_center  (cost=0.00..2.30 rows=30 width=48) (actual time=0.013..0.022 rows=30 loops=1)
                     Buffers: shared hit=2
 Planning:
   Buffers: shared hit=415
 Planning Time: 1.670 ms
 Execution Time: 13001.135 ms
(57 rows)

