                                                                                                  QUERY PLAN                                                                                                  
--------------------------------------------------------------------------------------------------------------------------------------------------------------------------------------------------------------
 Aggregate  (cost=715903.32..715903.33 rows=1 width=136) (actual time=16201.061..16201.068 rows=1 loops=1)
   Buffers: shared hit=1727714 read=428870
   ->  Nested Loop  (cost=2571.82..715903.18 rows=9 width=58) (actual time=2732.905..16199.322 rows=529 loops=1)
         Buffers: shared hit=1727714 read=428870
         ->  Nested Loop  (cost=2571.68..715901.79 rows=9 width=18) (actual time=2732.892..16191.765 rows=535 loops=1)
               Buffers: shared hit=1726656 read=428870
               ->  Nested Loop  (cost=2571.25..715788.62 rows=158 width=22) (actual time=2686.879..15965.615 rows=8888 loops=1)
                     Buffers: shared hit=1693033 read=427549
                     ->  Nested Loop  (cost=2570.83..714805.30 rows=1478 width=26) (actual time=2675.439..14374.198 rows=61036 loops=1)
                           Buffers: shared hit=1473613 read=402825
                           ->  Nested Loop  (cost=2570.54..712473.67 rows=8871 width=30) (actual time=2672.998..13987.427 rows=355526 loops=1)
                                 Buffers: shared hit=1452016 read=402825
                                 ->  Hash Join  (cost=2570.11..706541.60 rows=8871 width=22) (actual time=2672.957..5739.592 rows=362762 loops=1)
                                       Hash Cond: (catalog_returns.cr_returned_date_sk = date_dim.d_date_sk)
                                       Buffers: shared hit=30413 read=402324
                                       ->  Seq Scan on catalog_returns  (cost=0.00..647267.12 rows=21600412 width=26) (actual time=0.059..3770.265 rows=21598628 loops=1)
                                             Buffers: shared hit=28939 read=402324
                                       ->  Hash  (cost=2569.73..2569.73 rows=30 width=4) (actual time=21.291..21.293 rows=31 loops=1)
                                             Buckets: 1024  Batches: 1  Memory Usage: 10kB
                                             Buffers: shared hit=1474
                                             ->  Seq Scan on date_dim  (cost=0.00..2569.73 rows=30 width=4) (actual time=12.222..21.275 rows=31 loops=1)
                                                   Filter: ((d_year = 2002) AND (d_moy = 5))
                                                   Rows Removed by Filter: 73018
                                                   Buffers: shared hit=1474
                                 ->  Index Scan using customer_pkey on customer  (cost=0.43..0.67 rows=1 width=16) (actual time=0.022..0.022 rows=1 loops=362762)
                                       Index Cond: (c_customer_sk = catalog_returns.cr_returning_customer_sk)
                                       Buffers: shared hit=1421603 read=501
                           ->  Memoize  (cost=0.29..0.31 rows=1 width=4) (actual time=0.001..0.001 rows=0 loops=355526)
                                 Cache Key: customer.c_current_hdemo_sk
                                 Cache Mode: logical
                                 Hits: 348326  Misses: 7200  Evictions: 0  Overflows: 0  Memory Usage: 521kB
                                 Buffers: shared hit=21597
                                 ->  Index Scan using household_demographics_pkey on household_demographics  (cost=0.28..0.30 rows=1 width=4) (actual time=0.016..0.016 rows=0 loops=7200)
                                       Index Cond: (hd_demo_sk = customer.c_current_hdemo_sk)
                                       Filter: (hd_buy_potential ~~ 'Unknown%'::text)
                                       Rows Removed by Filter: 1
                                       Buffers: shared hit=21597
                     ->  Index Scan using customer_address_pkey on customer_address  (cost=0.42..0.67 rows=1 width=4) (actual time=0.026..0.026 rows=0 loops=61036)
                           Index Cond: (ca_address_sk = customer.c_current_addr_sk)
                           Filter: (ca_gmt_offset = '-7'::numeric)
                           Rows Removed by Filter: 1
                           Buffers: shared hit=219420 read=24724
               ->  Index Scan using customer_demographics_pkey on customer_demographics  (cost=0.43..0.72 rows=1 width=4) (actual time=0.025..0.025 rows=0 loops=8888)
                     Index Cond: (cd_demo_sk = customer.c_current_cdemo_sk)
                     Filter: (((cd_marital_status = 'M'::bpchar) AND (cd_education_status = 'Unknown'::bpchar)) OR ((cd_marital_status = 'W'::bpchar) AND (cd_education_status = 'Advanced Degree'::bpchar)))
                     Rows Removed by Filter: 1
                     Buffers: shared hit=33623 read=1321
         ->  Index Scan using call_center_pkey on call_center  (cost=0.14..0.16 rows=1 width=48) (actual time=0.013..0.013 rows=1 loops=535)
               Index Cond: (cc_call_center_sk = catalog_returns.cr_call_center_sk)
               Buffers: shared hit=1058
 Planning:
   Buffers: shared hit=415
 Planning Time: 4.876 ms
 Execution Time: 16202.073 ms
(54 rows)

