                                                                                                  QUERY PLAN                                                                                                  
--------------------------------------------------------------------------------------------------------------------------------------------------------------------------------------------------------------
 Aggregate  (cost=716146.24..716146.25 rows=1 width=136) (actual time=13620.455..13620.461 rows=1 loops=1)
   Buffers: shared hit=1342864 read=421975
   ->  Nested Loop  (cost=2571.83..716146.10 rows=9 width=58) (actual time=2153.859..13619.355 rows=316 loops=1)
         Buffers: shared hit=1342864 read=421975
         ->  Nested Loop  (cost=2571.69..716144.71 rows=9 width=18) (actual time=2153.840..13616.076 rows=317 loops=1)
               Buffers: shared hit=1342232 read=421975
               ->  Nested Loop  (cost=2571.27..716027.25 rows=164 width=22) (actual time=2134.749..13526.183 rows=3441 loops=1)
                     Buffers: shared hit=1329209 read=421494
                     ->  Nested Loop  (cost=2570.84..715010.66 rows=1528 width=26) (actual time=2134.719..12347.630 rows=46320 loops=1)
                           Buffers: shared hit=1160977 read=404446
                           ->  Nested Loop  (cost=2570.55..712671.62 rows=9167 width=30) (actual time=2130.679..12025.874 rows=277773 loops=1)
                                 Buffers: shared hit=1139383 read=404446
                                 ->  Hash Join  (cost=2570.12..706541.62 rows=9167 width=22) (actual time=2130.638..5535.496 rows=283537 loops=1)
                                       Hash Cond: (catalog_returns.cr_returned_date_sk = date_dim.d_date_sk)
                                       Buffers: shared hit=28537 read=404200
                                       ->  Seq Scan on catalog_returns  (cost=0.00..647267.12 rows=21600412 width=26) (actual time=0.423..3658.941 rows=21598628 loops=1)
                                             Buffers: shared hit=27063 read=404200
                                       ->  Hash  (cost=2569.73..2569.73 rows=31 width=4) (actual time=18.787..18.788 rows=31 loops=1)
                                             Buckets: 1024  Batches: 1  Memory Usage: 10kB
                                             Buffers: shared hit=1474
                                             ->  Seq Scan on date_dim  (cost=0.00..2569.73 rows=31 width=4) (actual time=9.785..18.772 rows=31 loops=1)
                                                   Filter: ((d_year = 2001) AND (d_moy = 10))
                                                   Rows Removed by Filter: 73018
                                                   Buffers: shared hit=1474
                                 ->  Index Scan using customer_pkey on customer  (cost=0.43..0.67 rows=1 width=16) (actual time=0.022..0.022 rows=1 loops=283537)
                                       Index Cond: (c_customer_sk = catalog_returns.cr_returning_customer_sk)
                                       Buffers: shared hit=1110846 read=246
                           ->  Memoize  (cost=0.29..0.31 rows=1 width=4) (actual time=0.001..0.001 rows=0 loops=277773)
                                 Cache Key: customer.c_current_hdemo_sk
                                 Cache Mode: logical
                                 Hits: 270574  Misses: 7199  Evictions: 0  Overflows: 0  Memory Usage: 521kB
                                 Buffers: shared hit=21594
                                 ->  Index Scan using household_demographics_pkey on household_demographics  (cost=0.28..0.30 rows=1 width=4) (actual time=0.015..0.015 rows=0 loops=7199)
                                       Index Cond: (hd_demo_sk = customer.c_current_hdemo_sk)
                                       Filter: (hd_buy_potential ~~ '501-1000%'::text)
                                       Rows Removed by Filter: 1
                                       Buffers: shared hit=21594
                     ->  Index Scan using customer_address_pkey on customer_address  (cost=0.42..0.67 rows=1 width=4) (actual time=0.025..0.025 rows=0 loops=46320)
                           Index Cond: (ca_address_sk = customer.c_current_addr_sk)
                           Filter: (ca_gmt_offset = '-7'::numeric)
                           Rows Removed by Filter: 1
                           Buffers: shared hit=168232 read=17048
               ->  Index Scan using customer_demographics_pkey on customer_demographics  (cost=0.43..0.72 rows=1 width=4) (actual time=0.026..0.026 rows=0 loops=3441)
                     Index Cond: (cd_demo_sk = customer.c_current_cdemo_sk)
                     Filter: (((cd_marital_status = 'M'::bpchar) AND (cd_education_status = 'Unknown'::bpchar)) OR ((cd_marital_status = 'W'::bpchar) AND (cd_education_status = 'Advanced Degree'::bpchar)))
                     Rows Removed by Filter: 1
                     Buffers: shared hit=13023 read=481
         ->  Index Scan using call_center_pkey on call_center  (cost=0.14..0.16 rows=1 width=48) (actual time=0.009..0.009 rows=1 loops=317)
               Index Cond: (cc_call_center_sk = catalog_returns.cr_call_center_sk)
               Buffers: shared hit=632
 Planning:
   Buffers: shared hit=415
 Planning Time: 4.413 ms
 Execution Time: 13621.281 ms
(54 rows)

