                                                                                                  QUERY PLAN                                                                                                  
--------------------------------------------------------------------------------------------------------------------------------------------------------------------------------------------------------------
 Aggregate  (cost=715661.61..715661.62 rows=1 width=136) (actual time=13958.202..13958.208 rows=1 loops=1)
   Buffers: shared hit=1407946 read=423846
   ->  Nested Loop  (cost=2571.81..715661.49 rows=8 width=58) (actual time=2144.313..13956.816 rows=429 loops=1)
         Buffers: shared hit=1407946 read=423846
         ->  Nested Loop  (cost=2571.67..715660.25 rows=8 width=18) (actual time=2144.299..13949.372 rows=430 loops=1)
               Buffers: shared hit=1407088 read=423846
               ->  Nested Loop  (cost=2571.24..715550.67 rows=153 width=22) (actual time=2135.305..13771.829 rows=7161 loops=1)
                     Buffers: shared hit=1380502 read=422308
                     ->  Nested Loop  (cost=2570.82..714599.95 rows=1429 width=26) (actual time=2125.965..12523.091 rows=48880 loops=1)
                           Buffers: shared hit=1195443 read=411847
                           ->  Nested Loop  (cost=2570.52..712275.72 rows=8575 width=30) (actual time=2125.938..12195.041 rows=288239 loops=1)
                                 Buffers: shared hit=1173846 read=411847
                                 ->  Hash Join  (cost=2570.10..706541.59 rows=8575 width=22) (actual time=2125.883..5406.972 rows=294240 loops=1)
                                       Hash Cond: (catalog_returns.cr_returned_date_sk = date_dim.d_date_sk)
                                       Buffers: shared hit=21070 read=411667
                                       ->  Seq Scan on catalog_returns  (cost=0.00..647267.12 rows=21600412 width=26) (actual time=0.069..3580.261 rows=21598628 loops=1)
                                             Buffers: shared hit=19596 read=411667
                                       ->  Hash  (cost=2569.73..2569.73 rows=29 width=4) (actual time=28.524..28.525 rows=30 loops=1)
                                             Buckets: 1024  Batches: 1  Memory Usage: 10kB
                                             Buffers: shared hit=1474
                                             ->  Seq Scan on date_dim  (cost=0.00..2569.73 rows=29 width=4) (actual time=18.774..28.502 rows=30 loops=1)
                                                   Filter: ((d_year = 2001) AND (d_moy = 11))
                                                   Rows Removed by Filter: 73019
                                                   Buffers: shared hit=1474
                                 ->  Index Scan using customer_pkey on customer  (cost=0.43..0.67 rows=1 width=16) (actual time=0.023..0.023 rows=1 loops=294240)
                                       Index Cond: (c_customer_sk = catalog_returns.cr_returning_customer_sk)
                                       Buffers: shared hit=1152776 read=180
                           ->  Memoize  (cost=0.29..0.31 rows=1 width=4) (actual time=0.001..0.001 rows=0 loops=288239)
                                 Cache Key: customer.c_current_hdemo_sk
                                 Cache Mode: logical
                                 Hits: 281039  Misses: 7200  Evictions: 0  Overflows: 0  Memory Usage: 521kB
                                 Buffers: shared hit=21597
                                 ->  Index Scan using household_demographics_pkey on household_demographics  (cost=0.28..0.30 rows=1 width=4) (actual time=0.015..0.015 rows=0 loops=7200)
                                       Index Cond: (hd_demo_sk = customer.c_current_hdemo_sk)
                                       Filter: (hd_buy_potential ~~ 'Unknown%'::text)
                                       Rows Removed by Filter: 1
                                       Buffers: shared hit=21597
                     ->  Index Scan using customer_address_pkey on customer_address  (cost=0.42..0.67 rows=1 width=4) (actual time=0.025..0.025 rows=0 loops=48880)
                           Index Cond: (ca_address_sk = customer.c_current_addr_sk)
                           Filter: (ca_gmt_offset = '-7'::numeric)
                           Rows Removed by Filter: 1
                           Buffers: shared hit=185059 read=10461
               ->  Index Scan using customer_demographics_pkey on customer_demographics  (cost=0.43..0.72 rows=1 width=4) (actual time=0.024..0.024 rows=0 loops=7161)
                     Index Cond: (cd_demo_sk = customer.c_current_cdemo_sk)
                     Filter: (((cd_marital_status = 'M'::bpchar) AND (cd_education_status = 'Unknown'::bpchar)) OR ((cd_marital_status = 'W'::bpchar) AND (cd_education_status = 'Advanced Degree'::bpchar)))
                     Rows Removed by Filter: 1
                     Buffers: shared hit=26586 read=1538
         ->  Index Scan using call_center_pkey on call_center  (cost=0.14..0.16 rows=1 width=48) (actual time=0.016..0.016 rows=1 loops=430)
               Index Cond: (cc_call_center_sk = catalog_returns.cr_call_center_sk)
               Buffers: shared hit=858
 Planning:
   Buffers: shared hit=415
 Planning Time: 4.757 ms
 Execution Time: 13959.163 ms
(54 rows)

