                                                                                                     QUERY PLAN                                                                                                     
--------------------------------------------------------------------------------------------------------------------------------------------------------------------------------------------------------------------
 Aggregate  (cost=715921.76..715921.77 rows=1 width=136) (actual time=12624.801..12624.808 rows=1 loops=1)
   Buffers: shared hit=1208322 read=421324
   ->  Hash Join  (cost=2574.36..715921.22 rows=36 width=58) (actual time=429.488..12619.860 rows=2414 loops=1)
         Hash Cond: (catalog_returns.cr_call_center_sk = call_center.cc_call_center_sk)
         Buffers: shared hit=1208322 read=421324
         ->  Nested Loop  (cost=2571.68..715918.44 rows=36 width=18) (actual time=429.385..12617.844 rows=2432 loops=1)
               Buffers: shared hit=1208320 read=421324
               ->  Nested Loop  (cost=2571.26..715863.88 rows=82 width=22) (actual time=429.342..12535.630 rows=2858 loops=1)
                     Buffers: shared hit=1197505 read=420707
                     ->  Nested Loop  (cost=2570.83..714805.30 rows=1478 width=26) (actual time=419.225..11630.300 rows=35137 loops=1)
                           Buffers: shared hit=1071118 read=409030
                           ->  Nested Loop  (cost=2570.54..712473.67 rows=8871 width=30) (actual time=414.817..11339.669 rows=256455 loops=1)
                                 Buffers: shared hit=1049527 read=409030
                                 ->  Hash Join  (cost=2570.11..706541.60 rows=8871 width=22) (actual time=414.749..5287.836 rows=261687 loops=1)
                                       Hash Cond: (catalog_returns.cr_returned_date_sk = date_dim.d_date_sk)
                                       Buffers: shared hit=23882 read=408855
                                       ->  Seq Scan on catalog_returns  (cost=0.00..647267.12 rows=21600412 width=26) (actual time=0.446..3496.691 rows=21598628 loops=1)
                                             Buffers: shared hit=22408 read=408855
                                       ->  Hash  (cost=2569.73..2569.73 rows=30 width=4) (actual time=19.921..19.922 rows=30 loops=1)
                                             Buckets: 1024  Batches: 1  Memory Usage: 10kB
                                             Buffers: shared hit=1474
                                             ->  Seq Scan on date_dim  (cost=0.00..2569.73 rows=30 width=4) (actual time=11.211..19.902 rows=30 loops=1)
                                                   Filter: ((d_year = 1999) AND (d_moy = 4))
                                                   Rows Removed by Filter: 73019
                                                   Buffers: shared hit=1474
                                 ->  Index Scan using customer_pkey on customer  (cost=0.43..0.67 rows=1 width=16) (actual time=0.023..0.023 rows=1 loops=261687)
                                       Index Cond: (c_customer_sk = catalog_returns.cr_returning_customer_sk)
                                       Buffers: shared hit=1025645 read=175
                           ->  Memoize  (cost=0.29..0.31 rows=1 width=4) (actual time=0.001..0.001 rows=0 loops=256455)
                                 Cache Key: customer.c_current_hdemo_sk
                                 Cache Mode: logical
                                 Hits: 249257  Misses: 7198  Evictions: 0  Overflows: 0  Memory Usage: 521kB
                                 Buffers: shared hit=21591
                                 ->  Index Scan using household_demographics_pkey on household_demographics  (cost=0.28..0.30 rows=1 width=4) (actual time=0.013..0.013 rows=0 loops=7198)
                                       Index Cond: (hd_demo_sk = customer.c_current_hdemo_sk)
                                       Filter: (hd_buy_potential ~~ '1001-5000%'::text)
                                       Rows Removed by Filter: 1
                                       Buffers: shared hit=21591
                     ->  Index Scan using customer_demographics_pkey on customer_demographics  (cost=0.43..0.72 rows=1 width=4) (actual time=0.025..0.025 rows=0 loops=35137)
                           Index Cond: (cd_demo_sk = customer.c_current_cdemo_sk)
                           Filter: (((cd_marital_status = 'M'::bpchar) AND (cd_education_status = 'Unknown'::bpchar)) OR ((cd_marital_status = 'W'::bpchar) AND (cd_education_status = 'Advanced Degree'::bpchar)))
                           Rows Removed by Filter: 1
                           Buffers: shared hit=126387 read=11677
               ->  Index Scan using customer_address_pkey on customer_address  (cost=0.42..0.67 rows=1 width=4) (actual time=0.028..0.028 rows=1 loops=2858)
                     Index Cond: (ca_address_sk = customer.c_current_addr_sk)
                     Filter: (ca_gmt_offset = '-6'::numeric)
                     Rows Removed by Filter: 0
                     Buffers: shared hit=10815 read=617
         ->  Hash  (cost=2.30..2.30 rows=30 width=48) (actual time=0.075..0.076 rows=30 loops=1)
               Buckets: 1024  Batches: 1  Memory Usage: 11kB
               Buffers: shared hit=2
               ->  Seq Scan on call_center  (cost=0.00..2.30 rows=30 width=48) (actual time=0.028..0.049 rows=30 loops=1)
                     Buffers: shared hit=2
 Planning:
   Buffers: shared hit=415
 Planning Time: 4.446 ms
 Execution Time: 12625.614 ms
(57 rows)

