                                                                                                  QUERY PLAN                                                                                                  
--------------------------------------------------------------------------------------------------------------------------------------------------------------------------------------------------------------
 Aggregate  (cost=715420.76..715420.77 rows=1 width=136) (actual time=5109.179..5109.185 rows=1 loops=1)
   Buffers: shared hit=89772 read=399740
   ->  Nested Loop  (cost=2571.79..715420.64 rows=8 width=58) (actual time=29.000..5109.113 rows=23 loops=1)
         Buffers: shared hit=89772 read=399740
         ->  Nested Loop  (cost=2571.66..715419.40 rows=8 width=18) (actual time=28.988..5108.972 rows=23 loops=1)
               Buffers: shared hit=89726 read=399740
               ->  Nested Loop  (cost=2571.23..715313.40 rows=148 width=22) (actual time=20.129..5103.025 rows=226 loops=1)
                     Buffers: shared hit=88910 read=399668
                     ->  Nested Loop  (cost=2570.80..714395.28 rows=1380 width=26) (actual time=20.086..5067.186 rows=1528 loops=1)
                           Buffers: shared hit=83112 read=399354
                           ->  Nested Loop  (cost=2570.51..712078.44 rows=8280 width=30) (actual time=20.008..4996.150 rows=8902 loops=1)
                                 Buffers: shared hit=68991 read=399354
                                 ->  Hash Join  (cost=2570.08..706541.58 rows=8280 width=22) (actual time=19.956..4801.004 rows=9081 loops=1)
                                       Hash Cond: (catalog_returns.cr_returned_date_sk = date_dim.d_date_sk)
                                       Buffers: shared hit=33387 read=399350
                                       ->  Seq Scan on catalog_returns  (cost=0.00..647267.12 rows=21600412 width=26) (actual time=0.045..3252.151 rows=21598628 loops=1)
                                             Buffers: shared hit=31913 read=399350
                                       ->  Hash  (cost=2569.73..2569.73 rows=28 width=4) (actual time=19.873..19.874 rows=28 loops=1)
                                             Buckets: 1024  Batches: 1  Memory Usage: 9kB
                                             Buffers: shared hit=1474
                                             ->  Seq Scan on date_dim  (cost=0.00..2569.73 rows=28 width=4) (actual time=10.990..19.860 rows=28 loops=1)
                                                   Filter: ((d_year = 1998) AND (d_moy = 2))
                                                   Rows Removed by Filter: 73021
                                                   Buffers: shared hit=1474
                                 ->  Index Scan using customer_pkey on customer  (cost=0.43..0.67 rows=1 width=16) (actual time=0.021..0.021 rows=1 loops=9081)
                                       Index Cond: (c_customer_sk = catalog_returns.cr_returning_customer_sk)
                                       Buffers: shared hit=35604 read=4
                           ->  Memoize  (cost=0.29..0.31 rows=1 width=4) (actual time=0.008..0.008 rows=0 loops=8902)
                                 Cache Key: customer.c_current_hdemo_sk
                                 Cache Mode: logical
                                 Hits: 4194  Misses: 4708  Evictions: 0  Overflows: 0  Memory Usage: 342kB
                                 Buffers: shared hit=14121
                                 ->  Index Scan using household_demographics_pkey on household_demographics  (cost=0.28..0.30 rows=1 width=4) (actual time=0.014..0.014 rows=0 loops=4708)
                                       Index Cond: (hd_demo_sk = customer.c_current_hdemo_sk)
                                       Filter: (hd_buy_potential ~~ 'Unknown%'::text)
                                       Rows Removed by Filter: 1
                                       Buffers: shared hit=14121
                     ->  Index Scan using customer_address_pkey on customer_address  (cost=0.42..0.67 rows=1 width=4) (actual time=0.023..0.023 rows=0 loops=1528)
                           Index Cond: (ca_address_sk = customer.c_current_addr_sk)
                           Filter: (ca_gmt_offset = '-7'::numeric)
                           Rows Removed by Filter: 1
                           Buffers: shared hit=5798 read=314
               ->  Index Scan using customer_demographics_pkey on customer_demographics  (cost=0.43..0.72 rows=1 width=4) (actual time=0.026..0.026 rows=0 loops=226)
                     Index Cond: (cd_demo_sk = customer.c_current_cdemo_sk)
                     Filter: (((cd_marital_status = 'M'::bpchar) AND (cd_education_status = 'Unknown'::bpchar)) OR ((cd_marital_status = 'W'::bpchar) AND (cd_education_status = 'Advanced Degree'::bpchar)))
                     Rows Removed by Filter: 1
                     Buffers: shared hit=816 read=72
         ->  Index Scan using call_center_pkey on call_center  (cost=0.14..0.16 rows=1 width=48) (actual time=0.005..0.005 rows=1 loops=23)
               Index Cond: (cc_call_center_sk = catalog_returns.cr_call_center_sk)
               Buffers: shared hit=46
 Planning:
   Buffers: shared hit=415
 Planning Time: 4.411 ms
 Execution Time: 5109.902 ms
(54 rows)

