                                                                                                     QUERY PLAN                                                                                                     
--------------------------------------------------------------------------------------------------------------------------------------------------------------------------------------------------------------------
 Aggregate  (cost=716164.96..716164.97 rows=1 width=136) (actual time=11315.970..11315.976 rows=1 loops=1)
   Buffers: shared hit=1005831 read=423587
   ->  Hash Join  (cost=2574.37..716164.39 rows=38 width=58) (actual time=686.155..11310.572 rows=3028 loops=1)
         Hash Cond: (catalog_returns.cr_call_center_sk = call_center.cc_call_center_sk)
         Buffers: shared hit=1005831 read=423587
         ->  Nested Loop  (cost=2571.69..716161.60 rows=38 width=18) (actual time=686.071..11308.436 rows=3054 loops=1)
               Buffers: shared hit=1005829 read=423587
               ->  Nested Loop  (cost=2571.27..716105.05 rows=85 width=22) (actual time=686.031..11163.547 rows=5561 loops=1)
                     Buffers: shared hit=985030 read=422142
                     ->  Nested Loop  (cost=2570.84..715010.66 rows=1528 width=26) (actual time=681.908..10254.203 rows=36018 loops=1)
                           Buffers: shared hit=857441 read=408171
                           ->  Nested Loop  (cost=2570.55..712671.62 rows=9167 width=30) (actual time=676.503..9987.491 rows=202827 loops=1)
                                 Buffers: shared hit=835874 read=408171
                                 ->  Hash Join  (cost=2570.12..706541.62 rows=9167 width=22) (actual time=676.456..5324.079 rows=206907 loops=1)
                                       Hash Cond: (catalog_returns.cr_returned_date_sk = date_dim.d_date_sk)
                                       Buffers: shared hit=24774 read=407963
                                       ->  Seq Scan on catalog_returns  (cost=0.00..647267.12 rows=21600412 width=26) (actual time=0.028..3522.437 rows=21598628 loops=1)
                                             Buffers: shared hit=23300 read=407963
                                       ->  Hash  (cost=2569.73..2569.73 rows=31 width=4) (actual time=20.090..20.091 rows=31 loops=1)
                                             Buckets: 1024  Batches: 1  Memory Usage: 10kB
                                             Buffers: shared hit=1474
                                             ->  Seq Scan on date_dim  (cost=0.00..2569.73 rows=31 width=4) (actual time=9.721..20.072 rows=31 loops=1)
                                                   Filter: ((d_year = 1999) AND (d_moy = 10))
                                                   Rows Removed by Filter: 73018
                                                   Buffers: shared hit=1474
                                 ->  Index Scan using customer_pkey on customer  (cost=0.43..0.67 rows=1 width=16) (actual time=0.022..0.022 rows=1 loops=206907)
                                       Index Cond: (c_customer_sk = catalog_returns.cr_returning_customer_sk)
                                       Buffers: shared hit=811100 read=208
                           ->  Memoize  (cost=0.29..0.31 rows=1 width=4) (actual time=0.001..0.001 rows=0 loops=202827)
                                 Cache Key: customer.c_current_hdemo_sk
                                 Cache Mode: logical
                                 Hits: 195637  Misses: 7190  Evictions: 0  Overflows: 0  Memory Usage: 520kB
                                 Buffers: shared hit=21567
                                 ->  Index Scan using household_demographics_pkey on household_demographics  (cost=0.28..0.30 rows=1 width=4) (actual time=0.016..0.016 rows=0 loops=7190)
                                       Index Cond: (hd_demo_sk = customer.c_current_hdemo_sk)
                                       Filter: (hd_buy_potential ~~ '>10000%'::text)
                                       Rows Removed by Filter: 1
                                       Buffers: shared hit=21567
                     ->  Index Scan using customer_demographics_pkey on customer_demographics  (cost=0.43..0.72 rows=1 width=4) (actual time=0.025..0.025 rows=0 loops=36018)
                           Index Cond: (cd_demo_sk = customer.c_current_cdemo_sk)
                           Filter: (((cd_marital_status = 'M'::bpchar) AND (cd_education_status = 'Unknown'::bpchar)) OR ((cd_marital_status = 'W'::bpchar) AND (cd_education_status = 'Advanced Degree'::bpchar)))
                           Rows Removed by Filter: 1
                           Buffers: shared hit=127589 read=13971
               ->  Index Scan using customer_address_pkey on customer_address  (cost=0.42..0.67 rows=1 width=4) (actual time=0.025..0.025 rows=1 loops=5561)
                     Index Cond: (ca_address_sk = customer.c_current_addr_sk)
                     Filter: (ca_gmt_offset = '-6'::numeric)
                     Rows Removed by Filter: 0
                     Buffers: shared hit=20799 read=1445
         ->  Hash  (cost=2.30..2.30 rows=30 width=48) (actual time=0.061..0.062 rows=30 loops=1)
               Buckets: 1024  Batches: 1  Memory Usage: 11kB
               Buffers: shared hit=2
               ->  Seq Scan on call_center  (cost=0.00..2.30 rows=30 width=48) (actual time=0.023..0.039 rows=30 loops=1)
                     Buffers: shared hit=2
 Planning:
   Buffers: shared hit=415
 Planning Time: 3.642 ms
 Execution Time: 11316.660 ms
(57 rows)

