                                                                                                     QUERY PLAN                                                                                                     
--------------------------------------------------------------------------------------------------------------------------------------------------------------------------------------------------------------------
 Aggregate  (cost=715437.52..715437.53 rows=1 width=136) (actual time=11136.514..11136.521 rows=1 loops=1)
   Buffers: shared hit=996266 read=413928
   ->  Hash Join  (cost=2574.33..715437.01 rows=34 width=58) (actual time=297.624..11132.582 rows=1922 loops=1)
         Hash Cond: (catalog_returns.cr_call_center_sk = call_center.cc_call_center_sk)
         Buffers: shared hit=996266 read=413928
         ->  Nested Loop  (cost=2571.66..715434.23 rows=34 width=18) (actual time=297.543..11130.989 rows=1937 loops=1)
               Buffers: shared hit=996264 read=413928
               ->  Nested Loop  (cost=2571.23..715383.67 rows=76 width=22) (actual time=297.508..11071.863 rows=2300 loops=1)
                     Buffers: shared hit=987791 read=413201
                     ->  Nested Loop  (cost=2570.80..714395.28 rows=1380 width=26) (actual time=289.428..10358.690 rows=28307 loops=1)
                           Buffers: shared hit=883750 read=406154
                           ->  Nested Loop  (cost=2570.51..712078.44 rows=8280 width=30) (actual time=283.705..10096.396 rows=208897 loops=1)
                                 Buffers: shared hit=862171 read=406154
                                 ->  Hash Join  (cost=2570.08..706541.58 rows=8280 width=22) (actual time=283.641..5233.084 rows=213206 loops=1)
                                       Hash Cond: (catalog_returns.cr_returned_date_sk = date_dim.d_date_sk)
                                       Buffers: shared hit=26927 read=405810
                                       ->  Seq Scan on catalog_returns  (cost=0.00..647267.12 rows=21600412 width=26) (actual time=0.028..3458.220 rows=21598628 loops=1)
                                             Buffers: shared hit=25453 read=405810
                                       ->  Hash  (cost=2569.73..2569.73 rows=28 width=4) (actual time=20.367..20.368 rows=28 loops=1)
                                             Buckets: 1024  Batches: 1  Memory Usage: 9kB
                                             Buffers: shared hit=1474
                                             ->  Seq Scan on date_dim  (cost=0.00..2569.73 rows=28 width=4) (actual time=12.580..20.350 rows=28 loops=1)
                                                   Filter: ((d_year = 1999) AND (d_moy = 2))
                                                   Rows Removed by Filter: 73021
                                                   Buffers: shared hit=1474
                                 ->  Index Scan using customer_pkey on customer  (cost=0.43..0.67 rows=1 width=16) (actual time=0.022..0.022 rows=1 loops=213206)
                                       Index Cond: (c_customer_sk = catalog_returns.cr_returning_customer_sk)
                                       Buffers: shared hit=835244 read=344
                           ->  Memoize  (cost=0.29..0.31 rows=1 width=4) (actual time=0.001..0.001 rows=0 loops=208897)
                                 Cache Key: customer.c_current_hdemo_sk
                                 Cache Mode: logical
                                 Hits: 201703  Misses: 7194  Evictions: 0  Overflows: 0  Memory Usage: 520kB
                                 Buffers: shared hit=21579
                                 ->  Index Scan using household_demographics_pkey on household_demographics  (cost=0.28..0.30 rows=1 width=4) (actual time=0.015..0.015 rows=0 loops=7194)
                                       Index Cond: (hd_demo_sk = customer.c_current_hdemo_sk)
                                       Filter: (hd_buy_potential ~~ '1001-5000%'::text)
                                       Rows Removed by Filter: 1
                                       Buffers: shared hit=21579
                     ->  Index Scan using customer_demographics_pkey on customer_demographics  (cost=0.43..0.72 rows=1 width=4) (actual time=0.025..0.025 rows=0 loops=28307)
                           Index Cond: (cd_demo_sk = customer.c_current_cdemo_sk)
                           Filter: (((cd_marital_status = 'M'::bpchar) AND (cd_education_status = 'Unknown'::bpchar)) OR ((cd_marital_status = 'W'::bpchar) AND (cd_education_status = 'Advanced Degree'::bpchar)))
                           Rows Removed by Filter: 1
                           Buffers: shared hit=104041 read=7047
               ->  Index Scan using customer_address_pkey on customer_address  (cost=0.42..0.67 rows=1 width=4) (actual time=0.025..0.025 rows=1 loops=2300)
                     Index Cond: (ca_address_sk = customer.c_current_addr_sk)
                     Filter: (ca_gmt_offset = '-6'::numeric)
                     Rows Removed by Filter: 0
                     Buffers: shared hit=8473 read=727
         ->  Hash  (cost=2.30..2.30 rows=30 width=48) (actual time=0.059..0.060 rows=30 loops=1)
               Buckets: 1024  Batches: 1  Memory Usage: 11kB
               Buffers: shared hit=2
               ->  Seq Scan on call_center  (cost=0.00..2.30 rows=30 width=48) (actual time=0.023..0.039 rows=30 loops=1)
                     Buffers: shared hit=2
 Planning:
   Buffers: shared hit=415
 Planning Time: 4.427 ms
 Execution Time: 11137.182 ms
(57 rows)

