                                                                                                  QUERY PLAN                                                                                                  
--------------------------------------------------------------------------------------------------------------------------------------------------------------------------------------------------------------
 Aggregate  (cost=715903.32..715903.33 rows=1 width=136) (actual time=12502.279..12502.285 rows=1 loops=1)
   Buffers: shared hit=1181273 read=424636
   ->  Nested Loop  (cost=2571.82..715903.18 rows=9 width=58) (actual time=1323.163..12501.303 rows=280 loops=1)
         Buffers: shared hit=1181273 read=424636
         ->  Nested Loop  (cost=2571.68..715901.79 rows=9 width=18) (actual time=1323.142..12497.952 rows=283 loops=1)
               Buffers: shared hit=1180713 read=424636
               ->  Nested Loop  (cost=2571.25..715788.62 rows=158 width=22) (actual time=1310.938..12419.725 rows=2955 loops=1)
                     Buffers: shared hit=1169822 read=423919
                     ->  Nested Loop  (cost=2570.83..714805.30 rows=1478 width=26) (actual time=1292.506..11396.651 rows=40972 loops=1)
                           Buffers: shared hit=1019550 read=410303
                           ->  Nested Loop  (cost=2570.54..712473.67 rows=8871 width=30) (actual time=1290.338..11109.418 rows=243882 loops=1)
                                 Buffers: shared hit=997962 read=410303
                                 ->  Hash Join  (cost=2570.11..706541.60 rows=8871 width=22) (actual time=1290.290..5376.375 rows=248731 loops=1)
                                       Hash Cond: (catalog_returns.cr_returned_date_sk = date_dim.d_date_sk)
                                       Buffers: shared hit=22800 read=409937
                                       ->  Seq Scan on catalog_returns  (cost=0.00..647267.12 rows=21600412 width=26) (actual time=0.031..3589.271 rows=21598628 loops=1)
                                             Buffers: shared hit=21326 read=409937
                                       ->  Hash  (cost=2569.73..2569.73 rows=30 width=4) (actual time=16.971..16.972 rows=30 loops=1)
                                             Buckets: 1024  Batches: 1  Memory Usage: 10kB
                                             Buffers: shared hit=1474
                                             ->  Seq Scan on date_dim  (cost=0.00..2569.73 rows=30 width=4) (actual time=7.696..16.963 rows=30 loops=1)
                                                   Filter: ((d_year = 2000) AND (d_moy = 9))
                                                   Rows Removed by Filter: 73019
                                                   Buffers: shared hit=1474
                                 ->  Index Scan using customer_pkey on customer  (cost=0.43..0.67 rows=1 width=16) (actual time=0.022..0.022 rows=1 loops=248731)
                                       Index Cond: (c_customer_sk = catalog_returns.cr_returning_customer_sk)
                                       Buffers: shared hit=975162 read=366
                           ->  Memoize  (cost=0.29..0.31 rows=1 width=4) (actual time=0.001..0.001 rows=0 loops=243882)
                                 Cache Key: customer.c_current_hdemo_sk
                                 Cache Mode: logical
                                 Hits: 236685  Misses: 7197  Evictions: 0  Overflows: 0  Memory Usage: 521kB
                                 Buffers: shared hit=21588
                                 ->  Index Scan using household_demographics_pkey on household_demographics  (cost=0.28..0.30 rows=1 width=4) (actual time=0.014..0.014 rows=0 loops=7197)
                                       Index Cond: (hd_demo_sk = customer.c_current_hdemo_sk)
                                       Filter: (hd_buy_potential ~~ '501-1000%'::text)
                                       Rows Removed by Filter: 1
                                       Buffers: shared hit=21588
                     ->  Index Scan using customer_address_pkey on customer_address  (cost=0.42..0.67 rows=1 width=4) (actual time=0.025..0.025 rows=0 loops=40972)
                           Index Cond: (ca_address_sk = customer.c_current_addr_sk)
                           Filter: (ca_gmt_offset = '-7'::numeric)
                           Rows Removed by Filter: 1
                           Buffers: shared hit=150272 read=13616
               ->  Index Scan using customer_demographics_pkey on customer_demographics  (cost=0.43..0.72 rows=1 width=4) (actual time=0.026..0.026 rows=0 loops=2955)
                     Index Cond: (cd_demo_sk = customer.c_current_cdemo_sk)
                     Filter: (((cd_marital_status = 'M'::bpchar) AND (cd_education_status = 'Unknown'::bpchar)) OR ((cd_marital_status = 'W'::bpchar) AND (cd_education_status = 'Advanced Degree'::bpchar)))
                     Rows Removed by Filter: 1
                     Buffers: shared hit=10891 read=717
         ->  Index Scan using call_center_pkey on call_center  (cost=0.14..0.16 rows=1 width=48) (actual time=0.010..0.010 rows=1 loops=283)
               Index Cond: (cc_call_center_sk = catalog_returns.cr_call_center_sk)
               Buffers: shared hit=560
 Planning:
   Buffers: shared hit=415
 Planning Time: 2.221 ms
 Execution Time: 12502.752 ms
(54 rows)

