                                                                                                     QUERY PLAN                                                                                                     
--------------------------------------------------------------------------------------------------------------------------------------------------------------------------------------------------------------------
 Aggregate  (cost=716164.96..716164.97 rows=1 width=136) (actual time=11410.878..11410.884 rows=1 loops=1)
   Buffers: shared hit=1048697 read=417713
   ->  Hash Join  (cost=2574.37..716164.39 rows=38 width=58) (actual time=25.387..11405.073 rows=3054 loops=1)
         Hash Cond: (catalog_returns.cr_call_center_sk = call_center.cc_call_center_sk)
         Buffers: shared hit=1048697 read=417713
         ->  Nested Loop  (cost=2571.69..716161.60 rows=38 width=18) (actual time=25.323..11402.762 rows=3086 loops=1)
               Buffers: shared hit=1048695 read=417713
               ->  Nested Loop  (cost=2571.27..716105.05 rows=85 width=22) (actual time=25.286..11296.946 rows=3927 loops=1)
                     Buffers: shared hit=1034164 read=416536
                     ->  Nested Loop  (cost=2570.84..715010.66 rows=1528 width=26) (actual time=20.454..10358.590 rows=36464 loops=1)
                           Buffers: shared hit=899607 read=407973
                           ->  Nested Loop  (cost=2570.55..712671.62 rows=9167 width=30) (actual time=20.350..10073.585 rows=213316 loops=1)
                                 Buffers: shared hit=878028 read=407973
                                 ->  Hash Join  (cost=2570.12..706541.62 rows=9167 width=22) (actual time=20.301..5113.454 rows=217679 loops=1)
                                       Hash Cond: (catalog_returns.cr_returned_date_sk = date_dim.d_date_sk)
                                       Buffers: shared hit=24997 read=407740
                                       ->  Seq Scan on catalog_returns  (cost=0.00..647267.12 rows=21600412 width=26) (actual time=0.294..3366.048 rows=21598628 loops=1)
                                             Buffers: shared hit=23523 read=407740
                                       ->  Hash  (cost=2569.73..2569.73 rows=31 width=4) (actual time=19.984..19.985 rows=31 loops=1)
                                             Buckets: 1024  Batches: 1  Memory Usage: 10kB
                                             Buffers: shared hit=1474
                                             ->  Seq Scan on date_dim  (cost=0.00..2569.73 rows=31 width=4) (actual time=9.213..19.971 rows=31 loops=1)
                                                   Filter: ((d_year = 1998) AND (d_moy = 7))
                                                   Rows Removed by Filter: 73018
                                                   Buffers: shared hit=1474
                                 ->  Index Scan using customer_pkey on customer  (cost=0.43..0.67 rows=1 width=16) (actual time=0.022..0.022 rows=1 loops=217679)
                                       Index Cond: (c_customer_sk = catalog_returns.cr_returning_customer_sk)
                                       Buffers: shared hit=853031 read=233
                           ->  Memoize  (cost=0.29..0.31 rows=1 width=4) (actual time=0.001..0.001 rows=0 loops=213316)
                                 Cache Key: customer.c_current_hdemo_sk
                                 Cache Mode: logical
                                 Hits: 206122  Misses: 7194  Evictions: 0  Overflows: 0  Memory Usage: 520kB
                                 Buffers: shared hit=21579
                                 ->  Index Scan using household_demographics_pkey on household_demographics  (cost=0.28..0.30 rows=1 width=4) (actual time=0.017..0.017 rows=0 loops=7194)
                                       Index Cond: (hd_demo_sk = customer.c_current_hdemo_sk)
                                       Filter: (hd_buy_potential ~~ 'Unknown%'::text)
                                       Rows Removed by Filter: 1
                                       Buffers: shared hit=21579
                     ->  Index Scan using customer_demographics_pkey on customer_demographics  (cost=0.43..0.72 rows=1 width=4) (actual time=0.025..0.025 rows=0 loops=36464)
                           Index Cond: (cd_demo_sk = customer.c_current_cdemo_sk)
                           Filter: (((cd_marital_status = 'M'::bpchar) AND (cd_education_status = 'Unknown'::bpchar)) OR ((cd_marital_status = 'W'::bpchar) AND (cd_education_status = 'Advanced Degree'::bpchar)))
                           Rows Removed by Filter: 1
                           Buffers: shared hit=134557 read=8563
               ->  Index Scan using customer_address_pkey on customer_address  (cost=0.42..0.67 rows=1 width=4) (actual time=0.026..0.026 rows=1 loops=3927)
                     Index Cond: (ca_address_sk = customer.c_current_addr_sk)
                     Filter: (ca_gmt_offset = '-6'::numeric)
                     Rows Removed by Filter: 0
                     Buffers: shared hit=14531 read=1177
         ->  Hash  (cost=2.30..2.30 rows=30 width=48) (actual time=0.047..0.048 rows=30 loops=1)
               Buckets: 1024  Batches: 1  Memory Usage: 11kB
               Buffers: shared hit=2
               ->  Seq Scan on call_center  (cost=0.00..2.30 rows=30 width=48) (actual time=0.019..0.031 rows=30 loops=1)
                     Buffers: shared hit=2
 Planning:
   Buffers: shared hit=415
 Planning Time: 2.900 ms
 Execution Time: 11411.457 ms
(57 rows)

