                                                                                                  QUERY PLAN                                                                                                  
--------------------------------------------------------------------------------------------------------------------------------------------------------------------------------------------------------------
 Aggregate  (cost=715903.32..715903.33 rows=1 width=136) (actual time=12431.291..12431.299 rows=1 loops=1)
   Buffers: shared hit=1148280 read=422454
   ->  Nested Loop  (cost=2571.82..715903.18 rows=9 width=58) (actual time=890.076..12429.588 rows=608 loops=1)
         Buffers: shared hit=1148280 read=422454
         ->  Nested Loop  (cost=2571.68..715901.79 rows=9 width=18) (actual time=890.062..12421.598 rows=615 loops=1)
               Buffers: shared hit=1147064 read=422454
               ->  Nested Loop  (cost=2571.25..715788.62 rows=158 width=22) (actual time=815.076..12299.403 rows=4882 loops=1)
                     Buffers: shared hit=1129144 read=421234
                     ->  Nested Loop  (cost=2570.83..714805.30 rows=1478 width=26) (actual time=806.516..11364.960 rows=36585 loops=1)
                           Buffers: shared hit=993714 read=410324
                           ->  Nested Loop  (cost=2570.54..712473.67 rows=8871 width=30) (actual time=805.808..11087.730 rows=237429 loops=1)
                                 Buffers: shared hit=972129 read=410324
                                 ->  Hash Join  (cost=2570.11..706541.60 rows=8871 width=22) (actual time=805.746..5437.963 rows=242285 loops=1)
                                       Hash Cond: (catalog_returns.cr_returned_date_sk = date_dim.d_date_sk)
                                       Buffers: shared hit=22688 read=410049
                                       ->  Seq Scan on catalog_returns  (cost=0.00..647267.12 rows=21600412 width=26) (actual time=0.437..3631.281 rows=21598628 loops=1)
                                             Buffers: shared hit=21214 read=410049
                                       ->  Hash  (cost=2569.73..2569.73 rows=30 width=4) (actual time=20.868..20.869 rows=31 loops=1)
                                             Buckets: 1024  Batches: 1  Memory Usage: 10kB
                                             Buffers: shared hit=1474
                                             ->  Seq Scan on date_dim  (cost=0.00..2569.73 rows=30 width=4) (actual time=11.301..20.856 rows=31 loops=1)
                                                   Filter: ((d_year = 1999) AND (d_moy = 12))
                                                   Rows Removed by Filter: 73018
                                                   Buffers: shared hit=1474
                                 ->  Index Scan using customer_pkey on customer  (cost=0.43..0.67 rows=1 width=16) (actual time=0.023..0.023 rows=1 loops=242285)
                                       Index Cond: (c_customer_sk = catalog_returns.cr_returning_customer_sk)
                                       Buffers: shared hit=949441 read=275
                           ->  Memoize  (cost=0.29..0.31 rows=1 width=4) (actual time=0.001..0.001 rows=0 loops=237429)
                                 Cache Key: customer.c_current_hdemo_sk
                                 Cache Mode: logical
                                 Hits: 230233  Misses: 7196  Evictions: 0  Overflows: 0  Memory Usage: 521kB
                                 Buffers: shared hit=21585
                                 ->  Index Scan using household_demographics_pkey on household_demographics  (cost=0.28..0.30 rows=1 width=4) (actual time=0.013..0.013 rows=0 loops=7196)
                                       Index Cond: (hd_demo_sk = customer.c_current_hdemo_sk)
                                       Filter: (hd_buy_potential ~~ '0-500%'::text)
                                       Rows Removed by Filter: 1
                                       Buffers: shared hit=21585
                     ->  Index Scan using customer_address_pkey on customer_address  (cost=0.42..0.67 rows=1 width=4) (actual time=0.025..0.025 rows=0 loops=36585)
                           Index Cond: (ca_address_sk = customer.c_current_addr_sk)
                           Filter: (ca_gmt_offset = '-7'::numeric)
                           Rows Removed by Filter: 1
                           Buffers: shared hit=135430 read=10910
               ->  Index Scan using customer_demographics_pkey on customer_demographics  (cost=0.43..0.72 rows=1 width=4) (actual time=0.025..0.025 rows=0 loops=4882)
                     Index Cond: (cd_demo_sk = customer.c_current_cdemo_sk)
                     Filter: (((cd_marital_status = 'M'::bpchar) AND (cd_education_status = 'Unknown'::bpchar)) OR ((cd_marital_status = 'W'::bpchar) AND (cd_education_status = 'Advanced Degree'::bpchar)))
                     Rows Removed by Filter: 1
                     Buffers: shared hit=17920 read=1220
         ->  Index Scan using call_center_pkey on call_center  (cost=0.14..0.16 rows=1 width=48) (actual time=0.012..0.012 rows=1 loops=615)
               Index Cond: (cc_call_center_sk = catalog_returns.cr_call_center_sk)
               Buffers: shared hit=1216
 Planning:
   Buffers: shared hit=415
 Planning Time: 3.985 ms
 Execution Time: 12432.025 ms
(54 rows)

