                                                                                                     QUERY PLAN                                                                                                     
--------------------------------------------------------------------------------------------------------------------------------------------------------------------------------------------------------------------
 Aggregate  (cost=716164.96..716164.97 rows=1 width=136) (actual time=12748.855..12748.861 rows=1 loops=1)
   Buffers: shared hit=1224859 read=424334
   ->  Hash Join  (cost=2574.37..716164.39 rows=38 width=58) (actual time=12748.850..12748.856 rows=0 loops=1)
         Hash Cond: (catalog_returns.cr_call_center_sk = call_center.cc_call_center_sk)
         Buffers: shared hit=1224859 read=424334
         ->  Nested Loop  (cost=2571.69..716161.60 rows=38 width=18) (actual time=12748.777..12748.781 rows=0 loops=1)
               Buffers: shared hit=1224857 read=424334
               ->  Nested Loop  (cost=2571.27..716105.05 rows=85 width=22) (actual time=1298.758..12723.992 rows=984 loops=1)
                     Buffers: shared hit=1221154 read=424101
                     ->  Nested Loop  (cost=2570.84..715010.66 rows=1528 width=26) (actual time=1294.199..11610.498 rows=42915 loops=1)
                           Buffers: shared hit=1071603 read=405132
                           ->  Nested Loop  (cost=2570.55..712671.62 rows=9167 width=30) (actual time=1293.888..11313.725 rows=255601 loops=1)
                                 Buffers: shared hit=1050009 read=405132
                                 ->  Hash Join  (cost=2570.12..706541.62 rows=9167 width=22) (actual time=1293.845..5356.346 rows=260972 loops=1)
                                       Hash Cond: (catalog_returns.cr_returned_date_sk = date_dim.d_date_sk)
                                       Buffers: shared hit=28146 read=404591
                                       ->  Seq Scan on catalog_returns  (cost=0.00..647267.12 rows=21600412 width=26) (actual time=0.030..3605.895 rows=21598628 loops=1)
                                             Buffers: shared hit=28146 read=403117
                                       ->  Hash  (cost=2569.73..2569.73 rows=31 width=4) (actual time=20.519..20.520 rows=31 loops=1)
                                             Buckets: 1024  Batches: 1  Memory Usage: 10kB
                                             Buffers: shared read=1474
                                             ->  Seq Scan on date_dim  (cost=0.00..2569.73 rows=31 width=4) (actual time=11.648..20.504 rows=31 loops=1)
                                                   Filter: ((d_year = 2000) AND (d_moy = 10))
                                                   Rows Removed by Filter: 73018
                                                   Buffers: shared read=1474
                                 ->  Index Scan using customer_pkey on customer  (cost=0.43..0.67 rows=1 width=16) (actual time=0.022..0.022 rows=1 loops=260972)
                                       Index Cond: (c_customer_sk = catalog_returns.cr_returning_customer_sk)
                                       Buffers: shared hit=1021863 read=541
                           ->  Memoize  (cost=0.29..0.31 rows=1 width=4) (actual time=0.001..0.001 rows=0 loops=255601)
                                 Cache Key: customer.c_current_hdemo_sk
                                 Cache Mode: logical
                                 Hits: 248402  Misses: 7199  Evictions: 0  Overflows: 0  Memory Usage: 521kB
                                 Buffers: shared hit=21594
                                 ->  Index Scan using household_demographics_pkey on household_demographics  (cost=0.28..0.30 rows=1 width=4) (actual time=0.015..0.015 rows=0 loops=7199)
                                       Index Cond: (hd_demo_sk = customer.c_current_hdemo_sk)
                                       Filter: (hd_buy_potential ~~ '501-1000%'::text)
                                       Rows Removed by Filter: 1
                                       Buffers: shared hit=21594
                     ->  Index Scan using customer_demographics_pkey on customer_demographics  (cost=0.43..0.72 rows=1 width=4) (actual time=0.026..0.026 rows=0 loops=42915)
                           Index Cond: (cd_demo_sk = customer.c_current_cdemo_sk)
                           Filter: (((cd_marital_status = 'M'::bpchar) AND (cd_education_status = 'Unknown'::bpchar)) OR ((cd_marital_status = 'W'::bpchar) AND (cd_education_status = 'Advanced Degree'::bpchar)))
                           Rows Removed by Filter: 1
                           Buffers: shared hit=149551 read=18969
               ->  Index Scan using customer_address_pkey on customer_address  (cost=0.42..0.67 rows=1 width=4) (actual time=0.025..0.025 rows=0 loops=984)
                     Index Cond: (ca_address_sk = customer.c_current_addr_sk)
                     Filter: (ca_gmt_offset = '-6'::numeric)
                     Rows Removed by Filter: 1
                     Buffers: shared hit=3703 read=233
         ->  Hash  (cost=2.30..2.30 rows=30 width=48) (actual time=0.055..0.056 rows=30 loops=1)
               Buckets: 1024  Batches: 1  Memory Usage: 11kB
               Buffers: shared hit=2
               ->  Seq Scan on call_center  (cost=0.00..2.30 rows=30 width=48) (actual time=0.021..0.036 rows=30 loops=1)
                     Buffers: shared hit=2
 Planning:
   Buffers: shared hit=384 read=31
 Planning Time: 4.379 ms
 Execution Time: 12749.447 ms
(57 rows)

