                                                                                                  QUERY PLAN                                                                                                  
--------------------------------------------------------------------------------------------------------------------------------------------------------------------------------------------------------------
 Aggregate  (cost=715903.32..715903.33 rows=1 width=136) (actual time=12352.331..12352.338 rows=1 loops=1)
   Buffers: shared hit=1173653 read=417117
   ->  Nested Loop  (cost=2571.82..715903.18 rows=9 width=58) (actual time=858.765..12351.328 rows=290 loops=1)
         Buffers: shared hit=1173653 read=417117
         ->  Nested Loop  (cost=2571.68..715901.79 rows=9 width=18) (actual time=858.751..12347.723 rows=296 loops=1)
               Buffers: shared hit=1173073 read=417117
               ->  Nested Loop  (cost=2571.25..715788.62 rows=158 width=22) (actual time=814.922..12229.891 rows=4267 loops=1)
                     Buffers: shared hit=1157910 read=415524
                     ->  Nested Loop  (cost=2570.83..714805.30 rows=1478 width=26) (actual time=811.853..11156.632 rows=42349 loops=1)
                           Buffers: shared hit=997923 read=406115
                           ->  Nested Loop  (cost=2570.54..712473.67 rows=8871 width=30) (actual time=809.463..10845.195 rows=237429 loops=1)
                                 Buffers: shared hit=976338 read=406115
                                 ->  Hash Join  (cost=2570.11..706541.60 rows=8871 width=22) (actual time=809.406..5315.543 rows=242285 loops=1)
                                       Hash Cond: (catalog_returns.cr_returned_date_sk = date_dim.d_date_sk)
                                       Buffers: shared hit=26840 read=405897
                                       ->  Seq Scan on catalog_returns  (cost=0.00..647267.12 rows=21600412 width=26) (actual time=0.031..3521.217 rows=21598628 loops=1)
                                             Buffers: shared hit=25366 read=405897
                                       ->  Hash  (cost=2569.73..2569.73 rows=30 width=4) (actual time=18.015..18.017 rows=31 loops=1)
                                             Buckets: 1024  Batches: 1  Memory Usage: 10kB
                                             Buffers: shared hit=1474
                                             ->  Seq Scan on date_dim  (cost=0.00..2569.73 rows=30 width=4) (actual time=8.085..18.003 rows=31 loops=1)
                                                   Filter: ((d_year = 1999) AND (d_moy = 12))
                                                   Rows Removed by Filter: 73018
                                                   Buffers: shared hit=1474
                                 ->  Index Scan using customer_pkey on customer  (cost=0.43..0.67 rows=1 width=16) (actual time=0.022..0.022 rows=1 loops=242285)
                                       Index Cond: (c_customer_sk = catalog_returns.cr_returning_customer_sk)
                                       Buffers: shared hit=949498 read=218
                           ->  Memoize  (cost=0.29..0.31 rows=1 width=4) (actual time=0.001..0.001 rows=0 loops=237429)
                                 Cache Key: customer.c_current_hdemo_sk
                                 Cache Mode: logical
                                 Hits: 230233  Misses: 7196  Evictions: 0  Overflows: 0  Memory Usage: 520kB
                                 Buffers: shared hit=21585
                                 ->  Index Scan using household_demographics_pkey on household_demographics  (cost=0.28..0.30 rows=1 width=4) (actual time=0.018..0.018 rows=0 loops=7196)
                                       Index Cond: (hd_demo_sk = customer.c_current_hdemo_sk)
                                       Filter: (hd_buy_potential ~~ '>10000%'::text)
                                       Rows Removed by Filter: 1
                                       Buffers: shared hit=21585
                     ->  Index Scan using customer_address_pkey on customer_address  (cost=0.42..0.67 rows=1 width=4) (actual time=0.025..0.025 rows=0 loops=42349)
                           Index Cond: (ca_address_sk = customer.c_current_addr_sk)
                           Filter: (ca_gmt_offset = '-7'::numeric)
                           Rows Removed by Filter: 1
                           Buffers: shared hit=159987 read=9409
               ->  Index Scan using customer_demographics_pkey on customer_demographics  (cost=0.43..0.72 rows=1 width=4) (actual time=0.027..0.027 rows=0 loops=4267)
                     Index Cond: (cd_demo_sk = customer.c_current_cdemo_sk)
                     Filter: (((cd_marital_status = 'M'::bpchar) AND (cd_education_status = 'Unknown'::bpchar)) OR ((cd_marital_status = 'W'::bpchar) AND (cd_education_status = 'Advanced Degree'::bpchar)))
                     Rows Removed by Filter: 1
                     Buffers: shared hit=15163 read=1593
         ->  Index Scan using call_center_pkey on call_center  (cost=0.14..0.16 rows=1 width=48) (actual time=0.010..0.010 rows=1 loops=296)
               Index Cond: (cc_call_center_sk = catalog_returns.cr_call_center_sk)
               Buffers: shared hit=580
 Planning:
   Buffers: shared hit=415
 Planning Time: 2.480 ms
 Execution Time: 12352.905 ms
(54 rows)

