                                                                                                  QUERY PLAN                                                                                                  
--------------------------------------------------------------------------------------------------------------------------------------------------------------------------------------------------------------
 Aggregate  (cost=716146.24..716146.25 rows=1 width=136) (actual time=14714.968..14714.974 rows=1 loops=1)
   Buffers: shared hit=1552988 read=414062
   ->  Nested Loop  (cost=2571.83..716146.10 rows=9 width=58) (actual time=14714.964..14714.969 rows=0 loops=1)
         Buffers: shared hit=1552988 read=414062
         ->  Nested Loop  (cost=2571.69..716144.71 rows=9 width=18) (actual time=14714.963..14714.967 rows=0 loops=1)
               Buffers: shared hit=1552988 read=414062
               ->  Nested Loop  (cost=2571.27..716027.25 rows=164 width=22) (actual time=1587.206..14591.750 rows=4847 loops=1)
                     Buffers: shared hit=1536287 read=411739
                     ->  Nested Loop  (cost=2570.84..715010.66 rows=1528 width=26) (actual time=1585.829..13470.854 rows=44827 loops=1)
                           Buffers: shared hit=1365368 read=403350
                           ->  Nested Loop  (cost=2570.55..712671.62 rows=9167 width=30) (actual time=1584.022..13111.238 rows=328596 loops=1)
                                 Buffers: shared hit=1343771 read=403350
                                 ->  Hash Join  (cost=2570.12..706541.62 rows=9167 width=22) (actual time=1583.971..5412.027 rows=335231 loops=1)
                                       Hash Cond: (catalog_returns.cr_returned_date_sk = date_dim.d_date_sk)
                                       Buffers: shared hit=30184 read=402553
                                       ->  Seq Scan on catalog_returns  (cost=0.00..647267.12 rows=21600412 width=26) (actual time=0.052..3545.394 rows=21598628 loops=1)
                                             Buffers: shared hit=28710 read=402553
                                       ->  Hash  (cost=2569.73..2569.73 rows=31 width=4) (actual time=19.507..19.508 rows=31 loops=1)
                                             Buckets: 1024  Batches: 1  Memory Usage: 10kB
                                             Buffers: shared hit=1474
                                             ->  Seq Scan on date_dim  (cost=0.00..2569.73 rows=31 width=4) (actual time=10.615..19.492 rows=31 loops=1)
                                                   Filter: ((d_year = 2001) AND (d_moy = 3))
                                                   Rows Removed by Filter: 73018
                                                   Buffers: shared hit=1474
                                 ->  Index Scan using customer_pkey on customer  (cost=0.43..0.67 rows=1 width=16) (actual time=0.022..0.022 rows=1 loops=335231)
                                       Index Cond: (c_customer_sk = catalog_returns.cr_returning_customer_sk)
                                       Buffers: shared hit=1313587 read=797
                           ->  Memoize  (cost=0.29..0.31 rows=1 width=4) (actual time=0.001..0.001 rows=0 loops=328596)
                                 Cache Key: customer.c_current_hdemo_sk
                                 Cache Mode: logical
                                 Hits: 321396  Misses: 7200  Evictions: 0  Overflows: 0  Memory Usage: 521kB
                                 Buffers: shared hit=21597
                                 ->  Index Scan using household_demographics_pkey on household_demographics  (cost=0.28..0.30 rows=1 width=4) (actual time=0.015..0.015 rows=0 loops=7200)
                                       Index Cond: (hd_demo_sk = customer.c_current_hdemo_sk)
                                       Filter: (hd_buy_potential ~~ '1001-5000%'::text)
                                       Rows Removed by Filter: 1
                                       Buffers: shared hit=21597
                     ->  Index Scan using customer_address_pkey on customer_address  (cost=0.42..0.67 rows=1 width=4) (actual time=0.025..0.025 rows=0 loops=44827)
                           Index Cond: (ca_address_sk = customer.c_current_addr_sk)
                           Filter: (ca_gmt_offset = '-7'::numeric)
                           Rows Removed by Filter: 1
                           Buffers: shared hit=170919 read=8389
               ->  Index Scan using customer_demographics_pkey on customer_demographics  (cost=0.43..0.72 rows=1 width=4) (actual time=0.025..0.025 rows=0 loops=4847)
                     Index Cond: (cd_demo_sk = customer.c_current_cdemo_sk)
                     Filter: (((cd_marital_status = 'M'::bpchar) AND (cd_education_status = 'Unknown'::bpchar)) OR ((cd_marital_status = 'W'::bpchar) AND (cd_education_status = 'Advanced Degree'::bpchar)))
                     Rows Removed by Filter: 1
                     Buffers: shared hit=16701 read=2323
         ->  Index Scan using call_center_pkey on call_center  (cost=0.14..0.16 rows=1 width=48) (never executed)
               Index Cond: (cc_call_center_sk = catalog_returns.cr_call_center_sk)
 Planning:
   Buffers: shared hit=415
 Planning Time: 4.408 ms
 Execution Time: 14715.793 ms
(53 rows)

