                                                                                                  QUERY PLAN                                                                                                  
--------------------------------------------------------------------------------------------------------------------------------------------------------------------------------------------------------------
 Aggregate  (cost=715903.32..715903.33 rows=1 width=136) (actual time=10931.260..10931.265 rows=1 loops=1)
   Buffers: shared hit=950516 read=413155
   ->  Nested Loop  (cost=2571.82..715903.18 rows=9 width=58) (actual time=185.443..10929.867 rows=487 loops=1)
         Buffers: shared hit=950516 read=413155
         ->  Nested Loop  (cost=2571.68..715901.79 rows=9 width=18) (actual time=185.431..10924.112 rows=496 loops=1)
               Buffers: shared hit=949542 read=413155
               ->  Nested Loop  (cost=2571.25..715788.62 rows=158 width=22) (actual time=185.402..10815.473 rows=4084 loops=1)
                     Buffers: shared hit=935004 read=411673
                     ->  Nested Loop  (cost=2570.83..714805.30 rows=1478 width=26) (actual time=170.927..10067.981 rows=29798 loops=1)
                           Buffers: shared hit=821734 read=405751
                           ->  Nested Loop  (cost=2570.54..712473.67 rows=8871 width=30) (actual time=170.899..9821.469 rows=193296 loops=1)
                                 Buffers: shared hit=800170 read=405751
                                 ->  Hash Join  (cost=2570.11..706541.60 rows=8871 width=22) (actual time=170.847..5322.825 rows=197234 loops=1)
                                       Hash Cond: (catalog_returns.cr_returned_date_sk = date_dim.d_date_sk)
                                       Buffers: shared hit=27281 read=405456
                                       ->  Seq Scan on catalog_returns  (cost=0.00..647267.12 rows=21600412 width=26) (actual time=0.057..3532.601 rows=21598628 loops=1)
                                             Buffers: shared hit=25807 read=405456
                                       ->  Hash  (cost=2569.73..2569.73 rows=30 width=4) (actual time=26.893..26.894 rows=31 loops=1)
                                             Buckets: 1024  Batches: 1  Memory Usage: 10kB
                                             Buffers: shared hit=1474
                                             ->  Seq Scan on date_dim  (cost=0.00..2569.73 rows=30 width=4) (actual time=15.485..26.878 rows=31 loops=1)
                                                   Filter: ((d_year = 1998) AND (d_moy = 12))
                                                   Rows Removed by Filter: 73018
                                                   Buffers: shared hit=1474
                                 ->  Index Scan using customer_pkey on customer  (cost=0.43..0.67 rows=1 width=16) (actual time=0.022..0.022 rows=1 loops=197234)
                                       Index Cond: (c_customer_sk = catalog_returns.cr_returning_customer_sk)
                                       Buffers: shared hit=772889 read=295
                           ->  Memoize  (cost=0.29..0.31 rows=1 width=4) (actual time=0.001..0.001 rows=0 loops=193296)
                                 Cache Key: customer.c_current_hdemo_sk
                                 Cache Mode: logical
                                 Hits: 186107  Misses: 7189  Evictions: 0  Overflows: 0  Memory Usage: 520kB
                                 Buffers: shared hit=21564
                                 ->  Index Scan using household_demographics_pkey on household_demographics  (cost=0.28..0.30 rows=1 width=4) (actual time=0.014..0.014 rows=0 loops=7189)
                                       Index Cond: (hd_demo_sk = customer.c_current_hdemo_sk)
                                       Filter: (hd_buy_potential ~~ '0-500%'::text)
                                       Rows Removed by Filter: 1
                                       Buffers: shared hit=21564
                     ->  Index Scan using customer_address_pkey on customer_address  (cost=0.42..0.67 rows=1 width=4) (actual time=0.025..0.025 rows=0 loops=29798)
                           Index Cond: (ca_address_sk = customer.c_current_addr_sk)
                           Filter: (ca_gmt_offset = '-7'::numeric)
                           Rows Removed by Filter: 1
                           Buffers: shared hit=113270 read=5922
               ->  Index Scan using customer_demographics_pkey on customer_demographics  (cost=0.43..0.72 rows=1 width=4) (actual time=0.026..0.026 rows=0 loops=4084)
                     Index Cond: (cd_demo_sk = customer.c_current_cdemo_sk)
                     Filter: (((cd_marital_status = 'M'::bpchar) AND (cd_education_status = 'Unknown'::bpchar)) OR ((cd_marital_status = 'W'::bpchar) AND (cd_education_status = 'Advanced Degree'::bpchar)))
                     Rows Removed by Filter: 1
                     Buffers: shared hit=14538 read=1482
         ->  Index Scan using call_center_pkey on call_center  (cost=0.14..0.16 rows=1 width=48) (actual time=0.010..0.010 rows=1 loops=496)
               Index Cond: (cc_call_center_sk = catalog_returns.cr_call_center_sk)
               Buffers: shared hit=974
 Planning:
   Buffers: shared hit=415
 Planning Time: 5.123 ms
 Execution Time: 10932.093 ms
(54 rows)

