                                                                                                  QUERY PLAN                                                                                                  
--------------------------------------------------------------------------------------------------------------------------------------------------------------------------------------------------------------
 Aggregate  (cost=715903.32..715903.33 rows=1 width=136) (actual time=4830.460..4830.466 rows=1 loops=1)
   Buffers: shared hit=41454 read=400799
   ->  Nested Loop  (cost=2571.82..715903.18 rows=9 width=58) (actual time=4830.456..4830.461 rows=0 loops=1)
         Buffers: shared hit=41454 read=400799
         ->  Nested Loop  (cost=2571.68..715901.79 rows=9 width=18) (actual time=4830.455..4830.460 rows=0 loops=1)
               Buffers: shared hit=41454 read=400799
               ->  Nested Loop  (cost=2571.25..715788.62 rows=158 width=22) (actual time=27.320..4830.042 rows=22 loops=1)
                     Buffers: shared hit=41378 read=400791
                     ->  Nested Loop  (cost=2570.83..714805.30 rows=1478 width=26) (actual time=24.304..4824.727 rows=188 loops=1)
                           Buffers: shared hit=40672 read=400745
                           ->  Nested Loop  (cost=2570.54..712473.67 rows=8871 width=30) (actual time=24.259..4812.422 rows=1306 loops=1)
                                 Buffers: shared hit=37216 read=400745
                                 ->  Hash Join  (cost=2570.11..706541.60 rows=8871 width=22) (actual time=24.207..4784.118 rows=1337 loops=1)
                                       Hash Cond: (catalog_returns.cr_returned_date_sk = date_dim.d_date_sk)
                                       Buffers: shared hit=31993 read=400744
                                       ->  Seq Scan on catalog_returns  (cost=0.00..647267.12 rows=21600412 width=26) (actual time=0.056..3197.680 rows=21598628 loops=1)
                                             Buffers: shared hit=31993 read=399270
                                       ->  Hash  (cost=2569.73..2569.73 rows=30 width=4) (actual time=24.024..24.024 rows=31 loops=1)
                                             Buckets: 1024  Batches: 1  Memory Usage: 10kB
                                             Buffers: shared read=1474
                                             ->  Seq Scan on date_dim  (cost=0.00..2569.73 rows=30 width=4) (actual time=14.015..24.002 rows=31 loops=1)
                                                   Filter: ((d_year = 1998) AND (d_moy = 1))
                                                   Rows Removed by Filter: 73018
                                                   Buffers: shared read=1474
                                 ->  Index Scan using customer_pkey on customer  (cost=0.43..0.67 rows=1 width=16) (actual time=0.021..0.021 rows=1 loops=1337)
                                       Index Cond: (c_customer_sk = catalog_returns.cr_returning_customer_sk)
                                       Buffers: shared hit=5223 read=1
                           ->  Memoize  (cost=0.29..0.31 rows=1 width=4) (actual time=0.009..0.009 rows=0 loops=1306)
                                 Cache Key: customer.c_current_hdemo_sk
                                 Cache Mode: logical
                                 Hits: 153  Misses: 1153  Evictions: 0  Overflows: 0  Memory Usage: 83kB
                                 Buffers: shared hit=3456
                                 ->  Index Scan using household_demographics_pkey on household_demographics  (cost=0.28..0.30 rows=1 width=4) (actual time=0.010..0.010 rows=0 loops=1153)
                                       Index Cond: (hd_demo_sk = customer.c_current_hdemo_sk)
                                       Filter: (hd_buy_potential ~~ '1001-5000%'::text)
                                       Rows Removed by Filter: 1
                                       Buffers: shared hit=3456
                     ->  Index Scan using customer_address_pkey on customer_address  (cost=0.42..0.67 rows=1 width=4) (actual time=0.028..0.028 rows=0 loops=188)
                           Index Cond: (ca_address_sk = customer.c_current_addr_sk)
                           Filter: (ca_gmt_offset = '-7'::numeric)
                           Rows Removed by Filter: 1
                           Buffers: shared hit=706 read=46
               ->  Index Scan using customer_demographics_pkey on customer_demographics  (cost=0.43..0.72 rows=1 width=4) (actual time=0.019..0.019 rows=0 loops=22)
                     Index Cond: (cd_demo_sk = customer.c_current_cdemo_sk)
                     Filter: (((cd_marital_status = 'M'::bpchar) AND (cd_education_status = 'Unknown'::bpchar)) OR ((cd_marital_status = 'W'::bpchar) AND (cd_education_status = 'Advanced Degree'::bpchar)))
                     Rows Removed by Filter: 1
                     Buffers: shared hit=76 read=8
         ->  Index Scan using call_center_pkey on call_center  (cost=0.14..0.16 rows=1 width=48) (never executed)
               Index Cond: (cc_call_center_sk = catalog_returns.cr_call_center_sk)
 Planning:
   Buffers: shared hit=384 read=31
 Planning Time: 4.877 ms
 Execution Time: 4831.219 ms
(53 rows)

