                                                                                                  QUERY PLAN                                                                                                  
--------------------------------------------------------------------------------------------------------------------------------------------------------------------------------------------------------------
 Aggregate  (cost=715903.32..715903.33 rows=1 width=136) (actual time=13728.708..13728.714 rows=1 loops=1)
   Buffers: shared hit=1341323 read=443041
   ->  Nested Loop  (cost=2571.82..715903.18 rows=9 width=58) (actual time=509.626..13727.499 rows=360 loops=1)
         Buffers: shared hit=1341323 read=443041
         ->  Nested Loop  (cost=2571.68..715901.79 rows=9 width=18) (actual time=509.154..13723.152 rows=363 loops=1)
               Buffers: shared hit=1340603 read=443041
               ->  Nested Loop  (cost=2571.25..715788.62 rows=158 width=22) (actual time=397.041..13599.117 rows=4861 loops=1)
                     Buffers: shared hit=1321989 read=442523
                     ->  Nested Loop  (cost=2570.83..714805.30 rows=1478 width=26) (actual time=397.002..12325.401 rows=49489 loops=1)
                           Buffers: shared hit=1144845 read=421711
                           ->  Nested Loop  (cost=2570.54..712473.67 rows=8871 width=30) (actual time=396.614..12012.455 rows=278057 loops=1)
                                 Buffers: shared hit=1123254 read=421711
                                 ->  Hash Join  (cost=2570.11..706541.60 rows=8871 width=22) (actual time=396.567..5497.288 rows=283720 loops=1)
                                       Hash Cond: (catalog_returns.cr_returned_date_sk = date_dim.d_date_sk)
                                       Buffers: shared hit=11254 read=421483
                                       ->  Seq Scan on catalog_returns  (cost=0.00..647267.12 rows=21600412 width=26) (actual time=0.030..3652.807 rows=21598628 loops=1)
                                             Buffers: shared hit=11254 read=420009
                                       ->  Hash  (cost=2569.73..2569.73 rows=30 width=4) (actual time=17.956..17.957 rows=31 loops=1)
                                             Buckets: 1024  Batches: 1  Memory Usage: 10kB
                                             Buffers: shared read=1474
                                             ->  Seq Scan on date_dim  (cost=0.00..2569.73 rows=30 width=4) (actual time=10.679..17.943 rows=31 loops=1)
                                                   Filter: ((d_year = 1999) AND (d_moy = 5))
                                                   Rows Removed by Filter: 73018
                                                   Buffers: shared read=1474
                                 ->  Index Scan using customer_pkey on customer  (cost=0.43..0.67 rows=1 width=16) (actual time=0.022..0.022 rows=1 loops=283720)
                                       Index Cond: (c_customer_sk = catalog_returns.cr_returning_customer_sk)
                                       Buffers: shared hit=1112000 read=228
                           ->  Memoize  (cost=0.29..0.31 rows=1 width=4) (actual time=0.001..0.001 rows=0 loops=278057)
                                 Cache Key: customer.c_current_hdemo_sk
                                 Cache Mode: logical
                                 Hits: 270859  Misses: 7198  Evictions: 0  Overflows: 0  Memory Usage: 521kB
                                 Buffers: shared hit=21591
                                 ->  Index Scan using household_demographics_pkey on household_demographics  (cost=0.28..0.30 rows=1 width=4) (actual time=0.014..0.014 rows=0 loops=7198)
                                       Index Cond: (hd_demo_sk = customer.c_current_hdemo_sk)
                                       Filter: (hd_buy_potential ~~ '>10000%'::text)
                                       Rows Removed by Filter: 1
                                       Buffers: shared hit=21591
                     ->  Index Scan using customer_address_pkey on customer_address  (cost=0.42..0.67 rows=1 width=4) (actual time=0.025..0.025 rows=0 loops=49489)
                           Index Cond: (ca_address_sk = customer.c_current_addr_sk)
                           Filter: (ca_gmt_offset = '-7'::numeric)
                           Rows Removed by Filter: 1
                           Buffers: shared hit=177144 read=20812
               ->  Index Scan using customer_demographics_pkey on customer_demographics  (cost=0.43..0.72 rows=1 width=4) (actual time=0.025..0.025 rows=0 loops=4861)
                     Index Cond: (cd_demo_sk = customer.c_current_cdemo_sk)
                     Filter: (((cd_marital_status = 'M'::bpchar) AND (cd_education_status = 'Unknown'::bpchar)) OR ((cd_marital_status = 'W'::bpchar) AND (cd_education_status = 'Advanced Degree'::bpchar)))
                     Rows Removed by Filter: 1
                     Buffers: shared hit=18614 read=518
         ->  Index Scan using call_center_pkey on call_center  (cost=0.14..0.16 rows=1 width=48) (actual time=0.010..0.010 rows=1 loops=363)
               Index Cond: (cc_call_center_sk = catalog_returns.cr_call_center_sk)
               Buffers: shared hit=720
 Planning:
   Buffers: shared hit=384 read=31
 Planning Time: 2.697 ms
 Execution Time: 13729.168 ms
(54 rows)

