                                                                                                  QUERY PLAN                                                                                                  
--------------------------------------------------------------------------------------------------------------------------------------------------------------------------------------------------------------
 Aggregate  (cost=715903.32..715903.33 rows=1 width=136) (actual time=15778.358..15778.364 rows=1 loops=1)
   Buffers: shared hit=1669312 read=424688
   ->  Nested Loop  (cost=2571.82..715903.18 rows=9 width=58) (actual time=3251.111..15776.673 rows=539 loops=1)
         Buffers: shared hit=1669312 read=424688
         ->  Nested Loop  (cost=2571.68..715901.79 rows=9 width=18) (actual time=3251.096..15768.224 rows=551 loops=1)
               Buffers: shared hit=1668234 read=424688
               ->  Nested Loop  (cost=2571.25..715788.62 rows=158 width=22) (actual time=3153.371..15551.183 rows=8610 loops=1)
                     Buffers: shared hit=1636271 read=422835
                     ->  Nested Loop  (cost=2570.83..714805.30 rows=1478 width=26) (actual time=3153.339..14083.515 rows=58752 loops=1)
                           Buffers: shared hit=1414971 read=409127
                           ->  Nested Loop  (cost=2570.54..712473.67 rows=8871 width=30) (actual time=3147.665..13721.817 rows=342441 loops=1)
                                 Buffers: shared hit=1393374 read=409127
                                 ->  Hash Join  (cost=2570.11..706541.60 rows=8871 width=22) (actual time=3145.952..5726.754 rows=349495 loops=1)
                                       Hash Cond: (catalog_returns.cr_returned_date_sk = date_dim.d_date_sk)
                                       Buffers: shared hit=23867 read=408870
                                       ->  Seq Scan on catalog_returns  (cost=0.00..647267.12 rows=21600412 width=26) (actual time=0.041..3797.940 rows=21598628 loops=1)
                                             Buffers: shared hit=22393 read=408870
                                       ->  Hash  (cost=2569.73..2569.73 rows=30 width=4) (actual time=19.507..19.508 rows=31 loops=1)
                                             Buckets: 1024  Batches: 1  Memory Usage: 10kB
                                             Buffers: shared hit=1474
                                             ->  Seq Scan on date_dim  (cost=0.00..2569.73 rows=30 width=4) (actual time=10.577..19.494 rows=31 loops=1)
                                                   Filter: ((d_year = 2002) AND (d_moy = 12))
                                                   Rows Removed by Filter: 73018
                                                   Buffers: shared hit=1474
                                 ->  Index Scan using customer_pkey on customer  (cost=0.43..0.67 rows=1 width=16) (actual time=0.022..0.022 rows=1 loops=349495)
                                       Index Cond: (c_customer_sk = catalog_returns.cr_returning_customer_sk)
                                       Buffers: shared hit=1369507 read=257
                           ->  Memoize  (cost=0.29..0.31 rows=1 width=4) (actual time=0.001..0.001 rows=0 loops=342441)
                                 Cache Key: customer.c_current_hdemo_sk
                                 Cache Mode: logical
                                 Hits: 335241  Misses: 7200  Evictions: 0  Overflows: 0  Memory Usage: 521kB
                                 Buffers: shared hit=21597
                                 ->  Index Scan using household_demographics_pkey on household_demographics  (cost=0.28..0.30 rows=1 width=4) (actual time=0.014..0.014 rows=0 loops=7200)
                                       Index Cond: (hd_demo_sk = customer.c_current_hdemo_sk)
                                       Filter: (hd_buy_potential ~~ 'Unknown%'::text)
                                       Rows Removed by Filter: 1
                                       Buffers: shared hit=21597
                     ->  Index Scan using customer_address_pkey on customer_address  (cost=0.42..0.67 rows=1 width=4) (actual time=0.025..0.025 rows=0 loops=58752)
                           Index Cond: (ca_address_sk = customer.c_current_addr_sk)
                           Filter: (ca_gmt_offset = '-7'::numeric)
                           Rows Removed by Filter: 1
                           Buffers: shared hit=221300 read=13708
               ->  Index Scan using customer_demographics_pkey on customer_demographics  (cost=0.43..0.72 rows=1 width=4) (actual time=0.025..0.025 rows=0 loops=8610)
                     Index Cond: (cd_demo_sk = customer.c_current_cdemo_sk)
                     Filter: (((cd_marital_status = 'M'::bpchar) AND (cd_education_status = 'Unknown'::bpchar)) OR ((cd_marital_status = 'W'::bpchar) AND (cd_education_status = 'Advanced Degree'::bpchar)))
                     Rows Removed by Filter: 1
                     Buffers: shared hit=31963 read=1853
         ->  Index Scan using call_center_pkey on call_center  (cost=0.14..0.16 rows=1 width=48) (actual time=0.014..0.014 rows=1 loops=551)
               Index Cond: (cc_call_center_sk = catalog_returns.cr_call_center_sk)
               Buffers: shared hit=1078
 Planning:
   Buffers: shared hit=415
 Planning Time: 4.214 ms
 Execution Time: 15779.119 ms
(54 rows)

