                                                                                                  QUERY PLAN                                                                                                  
--------------------------------------------------------------------------------------------------------------------------------------------------------------------------------------------------------------
 Aggregate  (cost=716146.24..716146.25 rows=1 width=136) (actual time=14685.314..14685.320 rows=1 loops=1)
   Buffers: shared hit=1515224 read=421457
   ->  Nested Loop  (cost=2571.83..716146.10 rows=9 width=58) (actual time=2685.402..14682.993 rows=793 loops=1)
         Buffers: shared hit=1515224 read=421457
         ->  Nested Loop  (cost=2571.69..716144.71 rows=9 width=18) (actual time=2685.390..14672.459 rows=804 loops=1)
               Buffers: shared hit=1513638 read=421457
               ->  Nested Loop  (cost=2571.27..716027.25 rows=164 width=22) (actual time=2648.718..14505.315 rows=6437 loops=1)
                     Buffers: shared hit=1490363 read=419500
                     ->  Nested Loop  (cost=2570.84..715010.66 rows=1528 width=26) (actual time=2633.570..13283.531 rows=48316 loops=1)
                           Buffers: shared hit=1305205 read=411394
                           ->  Nested Loop  (cost=2570.55..712671.62 rows=9167 width=30) (actual time=2624.320..12947.869 rows=315567 loops=1)
                                 Buffers: shared hit=1283611 read=411394
                                 ->  Hash Join  (cost=2570.12..706541.62 rows=9167 width=22) (actual time=2624.278..5573.331 rows=321885 loops=1)
                                       Hash Cond: (catalog_returns.cr_returned_date_sk = date_dim.d_date_sk)
                                       Buffers: shared hit=21564 read=411173
                                       ->  Seq Scan on catalog_returns  (cost=0.00..647267.12 rows=21600412 width=26) (actual time=0.048..3646.947 rows=21598628 loops=1)
                                             Buffers: shared hit=21564 read=409699
                                       ->  Hash  (cost=2569.73..2569.73 rows=31 width=4) (actual time=25.011..25.012 rows=31 loops=1)
                                             Buckets: 1024  Batches: 1  Memory Usage: 10kB
                                             Buffers: shared read=1474
                                             ->  Seq Scan on date_dim  (cost=0.00..2569.73 rows=31 width=4) (actual time=13.351..24.988 rows=31 loops=1)
                                                   Filter: ((d_year = 2002) AND (d_moy = 7))
                                                   Rows Removed by Filter: 73018
                                                   Buffers: shared read=1474
                                 ->  Index Scan using customer_pkey on customer  (cost=0.43..0.67 rows=1 width=16) (actual time=0.022..0.022 rows=1 loops=321885)
                                       Index Cond: (c_customer_sk = catalog_returns.cr_returning_customer_sk)
                                       Buffers: shared hit=1262047 read=221
                           ->  Memoize  (cost=0.29..0.31 rows=1 width=4) (actual time=0.001..0.001 rows=0 loops=315567)
                                 Cache Key: customer.c_current_hdemo_sk
                                 Cache Mode: logical
                                 Hits: 308368  Misses: 7199  Evictions: 0  Overflows: 0  Memory Usage: 521kB
                                 Buffers: shared hit=21594
                                 ->  Index Scan using household_demographics_pkey on household_demographics  (cost=0.28..0.30 rows=1 width=4) (actual time=0.013..0.013 rows=0 loops=7199)
                                       Index Cond: (hd_demo_sk = customer.c_current_hdemo_sk)
                                       Filter: (hd_buy_potential ~~ '0-500%'::text)
                                       Rows Removed by Filter: 1
                                       Buffers: shared hit=21594
                     ->  Index Scan using customer_address_pkey on customer_address  (cost=0.42..0.67 rows=1 width=4) (actual time=0.025..0.025 rows=0 loops=48316)
                           Index Cond: (ca_address_sk = customer.c_current_addr_sk)
                           Filter: (ca_gmt_offset = '-7'::numeric)
                           Rows Removed by Filter: 1
                           Buffers: shared hit=185158 read=8106
               ->  Index Scan using customer_demographics_pkey on customer_demographics  (cost=0.43..0.72 rows=1 width=4) (actual time=0.025..0.025 rows=0 loops=6437)
                     Index Cond: (cd_demo_sk = customer.c_current_cdemo_sk)
                     Filter: (((cd_marital_status = 'M'::bpchar) AND (cd_education_status = 'Unknown'::bpchar)) OR ((cd_marital_status = 'W'::bpchar) AND (cd_education_status = 'Advanced Degree'::bpchar)))
                     Rows Removed by Filter: 1
                     Buffers: shared hit=23275 read=1957
         ->  Index Scan using call_center_pkey on call_center  (cost=0.14..0.16 rows=1 width=48) (actual time=0.012..0.012 rows=1 loops=804)
               Index Cond: (cc_call_center_sk = catalog_returns.cr_call_center_sk)
               Buffers: shared hit=1586
 Planning:
   Buffers: shared hit=384 read=31
 Planning Time: 4.566 ms
 Execution Time: 14685.906 ms
(54 rows)

