                                                                                                     QUERY PLAN                                                                                                     
--------------------------------------------------------------------------------------------------------------------------------------------------------------------------------------------------------------------
 Aggregate  (cost=715921.76..715921.77 rows=1 width=136) (actual time=12863.010..12863.018 rows=1 loops=1)
   Buffers: shared hit=1199586 read=436944
   ->  Hash Join  (cost=2574.36..715921.22 rows=36 width=58) (actual time=878.611..12856.471 rows=3505 loops=1)
         Hash Cond: (catalog_returns.cr_call_center_sk = call_center.cc_call_center_sk)
         Buffers: shared hit=1199586 read=436944
         ->  Nested Loop  (cost=2571.68..715918.44 rows=36 width=18) (actual time=878.510..12853.869 rows=3548 loops=1)
               Buffers: shared hit=1199584 read=436944
               ->  Nested Loop  (cost=2571.26..715863.88 rows=82 width=22) (actual time=878.477..12735.868 rows=4590 loops=1)
                     Buffers: shared hit=1181816 read=436352
                     ->  Nested Loop  (cost=2570.83..714805.30 rows=1478 width=26) (actual time=866.176..11591.339 rows=42435 loops=1)
                           Buffers: shared hit=1036168 read=415272
                           ->  Nested Loop  (cost=2570.54..712473.67 rows=8871 width=30) (actual time=858.695..11276.750 rows=249278 loops=1)
                                 Buffers: shared hit=1014577 read=415272
                                 ->  Hash Join  (cost=2570.11..706541.60 rows=8871 width=22) (actual time=858.654..5349.764 rows=254424 loops=1)
                                       Hash Cond: (catalog_returns.cr_returned_date_sk = date_dim.d_date_sk)
                                       Buffers: shared hit=17567 read=415170
                                       ->  Seq Scan on catalog_returns  (cost=0.00..647267.12 rows=21600412 width=26) (actual time=0.035..3546.940 rows=21598628 loops=1)
                                             Buffers: shared hit=16093 read=415170
                                       ->  Hash  (cost=2569.73..2569.73 rows=30 width=4) (actual time=20.359..20.360 rows=31 loops=1)
                                             Buckets: 1024  Batches: 1  Memory Usage: 10kB
                                             Buffers: shared hit=1474
                                             ->  Seq Scan on date_dim  (cost=0.00..2569.73 rows=30 width=4) (actual time=10.524..20.339 rows=31 loops=1)
                                                   Filter: ((d_year = 2000) AND (d_moy = 1))
                                                   Rows Removed by Filter: 73018
                                                   Buffers: shared hit=1474
                                 ->  Index Scan using customer_pkey on customer  (cost=0.43..0.67 rows=1 width=16) (actual time=0.023..0.023 rows=1 loops=254424)
                                       Index Cond: (c_customer_sk = catalog_returns.cr_returning_customer_sk)
                                       Buffers: shared hit=997010 read=102
                           ->  Memoize  (cost=0.29..0.31 rows=1 width=4) (actual time=0.001..0.001 rows=0 loops=249278)
                                 Cache Key: customer.c_current_hdemo_sk
                                 Cache Mode: logical
                                 Hits: 242080  Misses: 7198  Evictions: 0  Overflows: 0  Memory Usage: 521kB
                                 Buffers: shared hit=21591
                                 ->  Index Scan using household_demographics_pkey on household_demographics  (cost=0.28..0.30 rows=1 width=4) (actual time=0.017..0.017 rows=0 loops=7198)
                                       Index Cond: (hd_demo_sk = customer.c_current_hdemo_sk)
                                       Filter: (hd_buy_potential ~~ 'Unknown%'::text)
                                       Rows Removed by Filter: 1
                                       Buffers: shared hit=21591
                     ->  Index Scan using customer_demographics_pkey on customer_demographics  (cost=0.43..0.72 rows=1 width=4) (actual time=0.027..0.027 rows=0 loops=42435)
                           Index Cond: (cd_demo_sk = customer.c_current_cdemo_sk)
                           Filter: (((cd_marital_status = 'M'::bpchar) AND (cd_education_status = 'Unknown'::bpchar)) OR ((cd_marital_status = 'W'::bpchar) AND (cd_education_status = 'Advanced Degree'::bpchar)))
                           Rows Removed by Filter: 1
                           Buffers: shared hit=145648 read=21080
               ->  Index Scan using customer_address_pkey on customer_address  (cost=0.42..0.67 rows=1 width=4) (actual time=0.025..0.025 rows=1 loops=4590)
                     Index Cond: (ca_address_sk = customer.c_current_addr_sk)
                     Filter: (ca_gmt_offset = '-6'::numeric)
                     Rows Removed by Filter: 0
                     Buffers: shared hit=17768 read=592
         ->  Hash  (cost=2.30..2.30 rows=30 width=48) (actual time=0.073..0.074 rows=30 loops=1)
               Buckets: 1024  Batches: 1  Memory Usage: 11kB
               Buffers: shared hit=2
               ->  Seq Scan on call_center  (cost=0.00..2.30 rows=30 width=48) (actual time=0.027..0.047 rows=30 loops=1)
                     Buffers: shared hit=2
 Planning:
   Buffers: shared hit=415
 Planning Time: 4.507 ms
 Execution Time: 12863.839 ms
(57 rows)

