                                                                                                  QUERY PLAN                                                                                                  
--------------------------------------------------------------------------------------------------------------------------------------------------------------------------------------------------------------
 Aggregate  (cost=715661.61..715661.62 rows=1 width=136) (actual time=10690.648..10690.654 rows=1 loops=1)
   Buffers: shared hit=913142 read=410807
   ->  Nested Loop  (cost=2571.81..715661.49 rows=8 width=58) (actual time=10690.644..10690.649 rows=0 loops=1)
         Buffers: shared hit=913142 read=410807
         ->  Nested Loop  (cost=2571.67..715660.25 rows=8 width=18) (actual time=10690.643..10690.648 rows=0 loops=1)
               Buffers: shared hit=913142 read=410807
               ->  Nested Loop  (cost=2571.24..715550.67 rows=153 width=22) (actual time=96.022..10616.602 rows=2814 loops=1)
                     Buffers: shared hit=903262 read=409667
                     ->  Nested Loop  (cost=2570.82..714599.95 rows=1429 width=26) (actual time=78.320..9963.644 rows=25693 loops=1)
                           Buffers: shared hit=804202 read=405955
                           ->  Nested Loop  (cost=2570.52..712275.72 rows=8575 width=30) (actual time=75.980..9706.638 rows=188961 loops=1)
                                 Buffers: shared hit=782626 read=405955
                                 ->  Hash Join  (cost=2570.10..706541.59 rows=8575 width=22) (actual time=75.915..5223.192 rows=192746 loops=1)
                                       Hash Cond: (catalog_returns.cr_returned_date_sk = date_dim.d_date_sk)
                                       Buffers: shared hit=26840 read=405897
                                       ->  Seq Scan on catalog_returns  (cost=0.00..647267.12 rows=21600412 width=26) (actual time=0.206..3467.068 rows=21598628 loops=1)
                                             Buffers: shared hit=25366 read=405897
                                       ->  Hash  (cost=2569.73..2569.73 rows=29 width=4) (actual time=22.757..22.758 rows=30 loops=1)
                                             Buckets: 1024  Batches: 1  Memory Usage: 10kB
                                             Buffers: shared hit=1474
                                             ->  Seq Scan on date_dim  (cost=0.00..2569.73 rows=29 width=4) (actual time=8.969..22.746 rows=30 loops=1)
                                                   Filter: ((d_year = 1998) AND (d_moy = 11))
                                                   Rows Removed by Filter: 73019
                                                   Buffers: shared hit=1474
                                 ->  Index Scan using customer_pkey on customer  (cost=0.43..0.67 rows=1 width=16) (actual time=0.023..0.023 rows=1 loops=192746)
                                       Index Cond: (c_customer_sk = catalog_returns.cr_returning_customer_sk)
                                       Buffers: shared hit=755786 read=58
                           ->  Memoize  (cost=0.29..0.31 rows=1 width=4) (actual time=0.001..0.001 rows=0 loops=188961)
                                 Cache Key: customer.c_current_hdemo_sk
                                 Cache Mode: logical
                                 Hits: 181768  Misses: 7193  Evictions: 0  Overflows: 0  Memory Usage: 520kB
                                 Buffers: shared hit=21576
                                 ->  Index Scan using household_demographics_pkey on household_demographics  (cost=0.28..0.30 rows=1 width=4) (actual time=0.016..0.016 rows=0 loops=7193)
                                       Index Cond: (hd_demo_sk = customer.c_current_hdemo_sk)
                                       Filter: (hd_buy_potential ~~ '1001-5000%'::text)
                                       Rows Removed by Filter: 1
                                       Buffers: shared hit=21576
                     ->  Index Scan using customer_address_pkey on customer_address  (cost=0.42..0.67 rows=1 width=4) (actual time=0.025..0.025 rows=0 loops=25693)
                           Index Cond: (ca_address_sk = customer.c_current_addr_sk)
                           Filter: (ca_gmt_offset = '-7'::numeric)
                           Rows Removed by Filter: 1
                           Buffers: shared hit=99060 read=3712
               ->  Index Scan using customer_demographics_pkey on customer_demographics  (cost=0.43..0.72 rows=1 width=4) (actual time=0.026..0.026 rows=0 loops=2814)
                     Index Cond: (cd_demo_sk = customer.c_current_cdemo_sk)
                     Filter: (((cd_marital_status = 'M'::bpchar) AND (cd_education_status = 'Unknown'::bpchar)) OR ((cd_marital_status = 'W'::bpchar) AND (cd_education_status = 'Advanced Degree'::bpchar)))
                     Rows Removed by Filter: 1
                     Buffers: shared hit=9880 read=1140
         ->  Index Scan using call_center_pkey on call_center  (cost=0.14..0.16 rows=1 width=48) (never executed)
               Index Cond: (cc_call_center_sk = catalog_returns.cr_call_center_sk)
 Planning:
   Buffers: shared hit=415
 Planning Time: 2.986 ms
 Execution Time: 10691.240 ms
(53 rows)

