                                                                                                     QUERY PLAN                                                                                                     
--------------------------------------------------------------------------------------------------------------------------------------------------------------------------------------------------------------------
 Aggregate  (cost=715921.76..715921.77 rows=1 width=136) (actual time=13652.150..13652.157 rows=1 loops=1)
   Buffers: shared hit=1354390 read=437376
   ->  Hash Join  (cost=2574.36..715921.22 rows=36 width=58) (actual time=450.174..13644.612 rows=4121 loops=1)
         Hash Cond: (catalog_returns.cr_call_center_sk = call_center.cc_call_center_sk)
         Buffers: shared hit=1354390 read=437376
         ->  Nested Loop  (cost=2571.68..715918.44 rows=36 width=18) (actual time=450.083..13641.675 rows=4160 loops=1)
               Buffers: shared hit=1354388 read=437376
               ->  Nested Loop  (cost=2571.26..715863.88 rows=82 width=22) (actual time=450.049..13444.228 rows=7699 loops=1)
                     Buffers: shared hit=1324571 read=436397
                     ->  Nested Loop  (cost=2570.83..714805.30 rows=1478 width=26) (actual time=443.676..12183.956 rows=49489 loops=1)
                           Buffers: shared hit=1149998 read=416558
                           ->  Nested Loop  (cost=2570.54..712473.67 rows=8871 width=30) (actual time=443.266..11866.756 rows=278057 loops=1)
                                 Buffers: shared hit=1128407 read=416558
                                 ->  Hash Join  (cost=2570.11..706541.60 rows=8871 width=22) (actual time=443.225..5290.217 rows=283720 loops=1)
                                       Hash Cond: (catalog_returns.cr_returned_date_sk = date_dim.d_date_sk)
                                       Buffers: shared hit=16225 read=416512
                                       ->  Seq Scan on catalog_returns  (cost=0.00..647267.12 rows=21600412 width=26) (actual time=0.243..3493.537 rows=21598628 loops=1)
                                             Buffers: shared hit=14751 read=416512
                                       ->  Hash  (cost=2569.73..2569.73 rows=30 width=4) (actual time=19.910..19.912 rows=31 loops=1)
                                             Buckets: 1024  Batches: 1  Memory Usage: 10kB
                                             Buffers: shared hit=1474
                                             ->  Seq Scan on date_dim  (cost=0.00..2569.73 rows=30 width=4) (actual time=10.337..19.893 rows=31 loops=1)
                                                   Filter: ((d_year = 1999) AND (d_moy = 5))
                                                   Rows Removed by Filter: 73018
                                                   Buffers: shared hit=1474
                                 ->  Index Scan using customer_pkey on customer  (cost=0.43..0.67 rows=1 width=16) (actual time=0.023..0.023 rows=1 loops=283720)
                                       Index Cond: (c_customer_sk = catalog_returns.cr_returning_customer_sk)
                                       Buffers: shared hit=1112182 read=46
                           ->  Memoize  (cost=0.29..0.31 rows=1 width=4) (actual time=0.001..0.001 rows=0 loops=278057)
                                 Cache Key: customer.c_current_hdemo_sk
                                 Cache Mode: logical
                                 Hits: 270859  Misses: 7198  Evictions: 0  Overflows: 0  Memory Usage: 521kB
                                 Buffers: shared hit=21591
                                 ->  Index Scan using household_demographics_pkey on household_demographics  (cost=0.28..0.30 rows=1 width=4) (actual time=0.014..0.014 rows=0 loops=7198)
                                       Index Cond: (hd_demo_sk = customer.c_current_hdemo_sk)
                                       Filter: (hd_buy_potential ~~ '>10000%'::text)
                                       Rows Removed by Filter: 1
                                       Buffers: shared hit=21591
                     ->  Index Scan using customer_demographics_pkey on customer_demographics  (cost=0.43..0.72 rows=1 width=4) (actual time=0.025..0.025 rows=0 loops=49489)
                           Index Cond: (cd_demo_sk = customer.c_current_cdemo_sk)
                           Filter: (((cd_marital_status = 'M'::bpchar) AND (cd_education_status = 'Unknown'::bpchar)) OR ((cd_marital_status = 'W'::bpchar) AND (cd_education_status = 'Advanced Degree'::bpchar)))
                           Rows Removed by Filter: 1
                           Buffers: shared hit=174573 read=19839
               ->  Index Scan using customer_address_pkey on customer_address  (cost=0.42..0.67 rows=1 width=4) (actual time=0.025..0.025 rows=1 loops=7699)
                     Index Cond: (ca_address_sk = customer.c_current_addr_sk)
                     Filter: (ca_gmt_offset = '-6'::numeric)
                     Rows Removed by Filter: 0
                     Buffers: shared hit=29817 read=979
         ->  Hash  (cost=2.30..2.30 rows=30 width=48) (actual time=0.067..0.068 rows=30 loops=1)
               Buckets: 1024  Batches: 1  Memory Usage: 11kB
               Buffers: shared hit=2
               ->  Seq Scan on call_center  (cost=0.00..2.30 rows=30 width=48) (actual time=0.025..0.044 rows=30 loops=1)
                     Buffers: shared hit=2
 Planning:
   Buffers: shared hit=415
 Planning Time: 3.668 ms
 Execution Time: 13652.885 ms
(57 rows)

