                                                                                                     QUERY PLAN                                                                                                     
--------------------------------------------------------------------------------------------------------------------------------------------------------------------------------------------------------------------
 Aggregate  (cost=716164.96..716164.97 rows=1 width=136) (actual time=12862.907..12862.915 rows=1 loops=1)
   Buffers: shared hit=1236748 read=417192
   ->  Hash Join  (cost=2574.37..716164.39 rows=38 width=58) (actual time=326.266..12855.976 rows=3597 loops=1)
         Hash Cond: (catalog_returns.cr_call_center_sk = call_center.cc_call_center_sk)
         Buffers: shared hit=1236748 read=417192
         ->  Nested Loop  (cost=2571.69..716161.60 rows=38 width=18) (actual time=326.170..12853.173 rows=3638 loops=1)
               Buffers: shared hit=1236746 read=417192
               ->  Nested Loop  (cost=2571.27..716105.05 rows=85 width=22) (actual time=326.131..12685.320 rows=6776 loops=1)
                     Buffers: shared hit=1210715 read=416119
                     ->  Nested Loop  (cost=2570.84..715010.66 rows=1528 width=26) (actual time=319.941..11618.190 rows=44644 loops=1)
                           Buffers: shared hit=1043266 read=408292
                           ->  Nested Loop  (cost=2570.55..712671.62 rows=9167 width=30) (actual time=319.396..11323.737 rows=249306 loops=1)
                                 Buffers: shared hit=1021669 read=408292
                                 ->  Hash Join  (cost=2570.12..706541.62 rows=9167 width=22) (actual time=319.338..5334.873 rows=254456 loops=1)
                                       Hash Cond: (catalog_returns.cr_returned_date_sk = date_dim.d_date_sk)
                                       Buffers: shared hit=24483 read=408254
                                       ->  Seq Scan on catalog_returns  (cost=0.00..647267.12 rows=21600412 width=26) (actual time=0.421..3504.827 rows=21598628 loops=1)
                                             Buffers: shared hit=23009 read=408254
                                       ->  Hash  (cost=2569.73..2569.73 rows=31 width=4) (actual time=22.342..22.343 rows=31 loops=1)
                                             Buckets: 1024  Batches: 1  Memory Usage: 10kB
                                             Buffers: shared hit=1474
                                             ->  Seq Scan on date_dim  (cost=0.00..2569.73 rows=31 width=4) (actual time=11.039..22.313 rows=31 loops=1)
                                                   Filter: ((d_year = 1999) AND (d_moy = 3))
                                                   Rows Removed by Filter: 73018
                                                   Buffers: shared hit=1474
                                 ->  Index Scan using customer_pkey on customer  (cost=0.43..0.67 rows=1 width=16) (actual time=0.023..0.023 rows=1 loops=254456)
                                       Index Cond: (c_customer_sk = catalog_returns.cr_returning_customer_sk)
                                       Buffers: shared hit=997186 read=38
                           ->  Memoize  (cost=0.29..0.31 rows=1 width=4) (actual time=0.001..0.001 rows=0 loops=249306)
                                 Cache Key: customer.c_current_hdemo_sk
                                 Cache Mode: logical
                                 Hits: 242106  Misses: 7200  Evictions: 0  Overflows: 0  Memory Usage: 521kB
                                 Buffers: shared hit=21597
                                 ->  Index Scan using household_demographics_pkey on household_demographics  (cost=0.28..0.30 rows=1 width=4) (actual time=0.014..0.014 rows=0 loops=7200)
                                       Index Cond: (hd_demo_sk = customer.c_current_hdemo_sk)
                                       Filter: (hd_buy_potential ~~ '>10000%'::text)
                                       Rows Removed by Filter: 1
                                       Buffers: shared hit=21597
                     ->  Index Scan using customer_demographics_pkey on customer_demographics  (cost=0.43..0.72 rows=1 width=4) (actual time=0.023..0.023 rows=0 loops=44644)
                           Index Cond: (cd_demo_sk = customer.c_current_cdemo_sk)
                           Filter: (((cd_marital_status = 'M'::bpchar) AND (cd_education_status = 'Unknown'::bpchar)) OR ((cd_marital_status = 'W'::bpchar) AND (cd_education_status = 'Advanced Degree'::bpchar)))
                           Rows Removed by Filter: 1
                           Buffers: shared hit=167449 read=7827
               ->  Index Scan using customer_address_pkey on customer_address  (cost=0.42..0.67 rows=1 width=4) (actual time=0.024..0.024 rows=1 loops=6776)
                     Index Cond: (ca_address_sk = customer.c_current_addr_sk)
                     Filter: (ca_gmt_offset = '-6'::numeric)
                     Rows Removed by Filter: 0
                     Buffers: shared hit=26031 read=1073
         ->  Hash  (cost=2.30..2.30 rows=30 width=48) (actual time=0.071..0.071 rows=30 loops=1)
               Buckets: 1024  Batches: 1  Memory Usage: 11kB
               Buffers: shared hit=2
               ->  Seq Scan on call_center  (cost=0.00..2.30 rows=30 width=48) (actual time=0.028..0.046 rows=30 loops=1)
                     Buffers: shared hit=2
 Planning:
   Buffers: shared hit=415
 Planning Time: 4.277 ms
 Execution Time: 12863.712 ms
(57 rows)

