                                                                                                  QUERY PLAN                                                                                                  
--------------------------------------------------------------------------------------------------------------------------------------------------------------------------------------------------------------
 Aggregate  (cost=715903.32..715903.33 rows=1 width=136) (actual time=12299.962..12299.969 rows=1 loops=1)
   Buffers: shared hit=1142368 read=420503
   ->  Nested Loop  (cost=2571.82..715903.18 rows=9 width=58) (actual time=29.466..12298.729 rows=386 loops=1)
         Buffers: shared hit=1142368 read=420503
         ->  Nested Loop  (cost=2571.68..715901.79 rows=9 width=18) (actual time=29.453..12292.924 rows=389 loops=1)
               Buffers: shared hit=1141596 read=420503
               ->  Nested Loop  (cost=2571.25..715788.62 rows=158 width=22) (actual time=16.051..12145.577 rows=5800 loops=1)
                     Buffers: shared hit=1120091 read=419212
                     ->  Nested Loop  (cost=2570.83..714805.30 rows=1478 width=26) (actual time=15.831..11122.217 rows=39410 loops=1)
                           Buffers: shared hit=971775 read=409888
                           ->  Nested Loop  (cost=2570.54..712473.67 rows=8871 width=30) (actual time=15.804..10841.873 rows=231836 loops=1)
                                 Buffers: shared hit=950193 read=409888
                                 ->  Hash Join  (cost=2570.11..706541.60 rows=8871 width=22) (actual time=15.769..5333.041 rows=236498 loops=1)
                                       Hash Cond: (catalog_returns.cr_returned_date_sk = date_dim.d_date_sk)
                                       Buffers: shared hit=23069 read=409668
                                       ->  Seq Scan on catalog_returns  (cost=0.00..647267.12 rows=21600412 width=26) (actual time=0.028..3510.414 rows=21598628 loops=1)
                                             Buffers: shared hit=21595 read=409668
                                       ->  Hash  (cost=2569.73..2569.73 rows=30 width=4) (actual time=15.704..15.706 rows=30 loops=1)
                                             Buckets: 1024  Batches: 1  Memory Usage: 10kB
                                             Buffers: shared hit=1474
                                             ->  Seq Scan on date_dim  (cost=0.00..2569.73 rows=30 width=4) (actual time=9.261..15.695 rows=30 loops=1)
                                                   Filter: ((d_year = 1998) AND (d_moy = 9))
                                                   Rows Removed by Filter: 73019
                                                   Buffers: shared hit=1474
                                 ->  Index Scan using customer_pkey on customer  (cost=0.43..0.67 rows=1 width=16) (actual time=0.023..0.023 rows=1 loops=236498)
                                       Index Cond: (c_customer_sk = catalog_returns.cr_returning_customer_sk)
                                       Buffers: shared hit=927124 read=220
                           ->  Memoize  (cost=0.29..0.31 rows=1 width=4) (actual time=0.001..0.001 rows=0 loops=231836)
                                 Cache Key: customer.c_current_hdemo_sk
                                 Cache Mode: logical
                                 Hits: 224641  Misses: 7195  Evictions: 0  Overflows: 0  Memory Usage: 520kB
                                 Buffers: shared hit=21582
                                 ->  Index Scan using household_demographics_pkey on household_demographics  (cost=0.28..0.30 rows=1 width=4) (actual time=0.014..0.014 rows=0 loops=7195)
                                       Index Cond: (hd_demo_sk = customer.c_current_hdemo_sk)
                                       Filter: (hd_buy_potential ~~ 'Unknown%'::text)
                                       Rows Removed by Filter: 1
                                       Buffers: shared hit=21582
                     ->  Index Scan using customer_address_pkey on customer_address  (cost=0.42..0.67 rows=1 width=4) (actual time=0.026..0.026 rows=0 loops=39410)
                           Index Cond: (ca_address_sk = customer.c_current_addr_sk)
                           Filter: (ca_gmt_offset = '-7'::numeric)
                           Rows Removed by Filter: 1
                           Buffers: shared hit=148316 read=9324
               ->  Index Scan using customer_demographics_pkey on customer_demographics  (cost=0.43..0.72 rows=1 width=4) (actual time=0.025..0.025 rows=0 loops=5800)
                     Index Cond: (cd_demo_sk = customer.c_current_cdemo_sk)
                     Filter: (((cd_marital_status = 'M'::bpchar) AND (cd_education_status = 'Unknown'::bpchar)) OR ((cd_marital_status = 'W'::bpchar) AND (cd_education_status = 'Advanced Degree'::bpchar)))
                     Rows Removed by Filter: 1
                     Buffers: shared hit=21505 read=1291
         ->  Index Scan using call_center_pkey on call_center  (cost=0.14..0.16 rows=1 width=48) (actual time=0.013..0.013 rows=1 loops=389)
               Index Cond: (cc_call_center_sk = catalog_returns.cr_call_center_sk)
               Buffers: shared hit=772
 Planning:
   Buffers: shared hit=415
 Planning Time: 2.430 ms
 Execution Time: 12300.422 ms
(54 rows)

