                                                                                                     QUERY PLAN                                                                                                     
--------------------------------------------------------------------------------------------------------------------------------------------------------------------------------------------------------------------
 Aggregate  (cost=715679.29..715679.30 rows=1 width=136) (actual time=12737.680..12737.687 rows=1 loops=1)
   Buffers: shared hit=1204803 read=422534
   ->  Hash Join  (cost=2574.34..715678.77 rows=35 width=58) (actual time=1380.789..12731.334 rows=3498 loops=1)
         Hash Cond: (catalog_returns.cr_call_center_sk = call_center.cc_call_center_sk)
         Buffers: shared hit=1204803 read=422534
         ->  Nested Loop  (cost=2571.67..715675.99 rows=35 width=18) (actual time=1380.697..12728.791 rows=3524 loops=1)
               Buffers: shared hit=1204801 read=422534
               ->  Nested Loop  (cost=2571.24..715623.43 rows=79 width=22) (actual time=1380.663..12568.179 rows=6543 loops=1)
                     Buffers: shared hit=1180142 read=421021
                     ->  Nested Loop  (cost=2570.82..714599.95 rows=1429 width=26) (actual time=1374.989..11462.805 rows=43467 loops=1)
                           Buffers: shared hit=1020082 read=410501
                           ->  Nested Loop  (cost=2570.52..712275.72 rows=8575 width=30) (actual time=1372.636..11170.016 rows=244063 loops=1)
                                 Buffers: shared hit=998488 read=410501
                                 ->  Hash Join  (cost=2570.10..706541.59 rows=8575 width=22) (actual time=1372.594..5477.676 rows=249074 loops=1)
                                       Hash Cond: (catalog_returns.cr_returned_date_sk = date_dim.d_date_sk)
                                       Buffers: shared hit=22481 read=410256
                                       ->  Seq Scan on catalog_returns  (cost=0.00..647267.12 rows=21600412 width=26) (actual time=0.031..3620.042 rows=21598628 loops=1)
                                             Buffers: shared hit=21007 read=410256
                                       ->  Hash  (cost=2569.73..2569.73 rows=29 width=4) (actual time=20.701..20.703 rows=30 loops=1)
                                             Buckets: 1024  Batches: 1  Memory Usage: 10kB
                                             Buffers: shared hit=1474
                                             ->  Seq Scan on date_dim  (cost=0.00..2569.73 rows=29 width=4) (actual time=11.717..20.683 rows=30 loops=1)
                                                   Filter: ((d_year = 2000) AND (d_moy = 11))
                                                   Rows Removed by Filter: 73019
                                                   Buffers: shared hit=1474
                                 ->  Index Scan using customer_pkey on customer  (cost=0.43..0.67 rows=1 width=16) (actual time=0.022..0.022 rows=1 loops=249074)
                                       Index Cond: (c_customer_sk = catalog_returns.cr_returning_customer_sk)
                                       Buffers: shared hit=976007 read=245
                           ->  Memoize  (cost=0.29..0.31 rows=1 width=4) (actual time=0.001..0.001 rows=0 loops=244063)
                                 Cache Key: customer.c_current_hdemo_sk
                                 Cache Mode: logical
                                 Hits: 236864  Misses: 7199  Evictions: 0  Overflows: 0  Memory Usage: 521kB
                                 Buffers: shared hit=21594
                                 ->  Index Scan using household_demographics_pkey on household_demographics  (cost=0.28..0.30 rows=1 width=4) (actual time=0.014..0.014 rows=0 loops=7199)
                                       Index Cond: (hd_demo_sk = customer.c_current_hdemo_sk)
                                       Filter: (hd_buy_potential ~~ '>10000%'::text)
                                       Rows Removed by Filter: 1
                                       Buffers: shared hit=21594
                     ->  Index Scan using customer_demographics_pkey on customer_demographics  (cost=0.43..0.72 rows=1 width=4) (actual time=0.025..0.025 rows=0 loops=43467)
                           Index Cond: (cd_demo_sk = customer.c_current_cdemo_sk)
                           Filter: (((cd_marital_status = 'M'::bpchar) AND (cd_education_status = 'Unknown'::bpchar)) OR ((cd_marital_status = 'W'::bpchar) AND (cd_education_status = 'Advanced Degree'::bpchar)))
                           Rows Removed by Filter: 1
                           Buffers: shared hit=160060 read=10520
               ->  Index Scan using customer_address_pkey on customer_address  (cost=0.42..0.67 rows=1 width=4) (actual time=0.024..0.024 rows=1 loops=6543)
                     Index Cond: (ca_address_sk = customer.c_current_addr_sk)
                     Filter: (ca_gmt_offset = '-6'::numeric)
                     Rows Removed by Filter: 0
                     Buffers: shared hit=24659 read=1513
         ->  Hash  (cost=2.30..2.30 rows=30 width=48) (actual time=0.067..0.067 rows=30 loops=1)
               Buckets: 1024  Batches: 1  Memory Usage: 11kB
               Buffers: shared hit=2
               ->  Seq Scan on call_center  (cost=0.00..2.30 rows=30 width=48) (actual time=0.026..0.044 rows=30 loops=1)
                     Buffers: shared hit=2
 Planning:
   Buffers: shared hit=415
 Planning Time: 4.272 ms
 Execution Time: 12738.416 ms
(57 rows)

