                                                                                                     QUERY PLAN                                                                                                     
--------------------------------------------------------------------------------------------------------------------------------------------------------------------------------------------------------------------
 Aggregate  (cost=715921.76..715921.77 rows=1 width=136) (actual time=12603.845..12603.853 rows=1 loops=1)
   Buffers: shared hit=1226213 read=415417
   ->  Hash Join  (cost=2574.36..715921.22 rows=36 width=58) (actual time=12603.841..12603.848 rows=0 loops=1)
         Hash Cond: (catalog_returns.cr_call_center_sk = call_center.cc_call_center_sk)
         Buffers: shared hit=1226213 read=415417
         ->  Nested Loop  (cost=2571.68..715918.44 rows=36 width=18) (actual time=12603.737..12603.743 rows=0 loops=1)
               Buffers: shared hit=1226211 read=415417
               ->  Nested Loop  (cost=2571.26..715863.88 rows=82 width=22) (actual time=404.570..12551.484 rows=1761 loops=1)
                     Buffers: shared hit=1219715 read=414869
                     ->  Nested Loop  (cost=2570.83..714805.30 rows=1478 width=26) (actual time=391.347..11565.831 rows=39367 loops=1)
                           Buffers: shared hit=1072864 read=407284
                           ->  Nested Loop  (cost=2570.54..712473.67 rows=8871 width=30) (actual time=389.950..11268.757 rows=256455 loops=1)
                                 Buffers: shared hit=1051273 read=407284
                                 ->  Hash Join  (cost=2570.11..706541.60 rows=8871 width=22) (actual time=389.905..5267.043 rows=261687 loops=1)
                                       Hash Cond: (catalog_returns.cr_returned_date_sk = date_dim.d_date_sk)
                                       Buffers: shared hit=25676 read=407061
                                       ->  Seq Scan on catalog_returns  (cost=0.00..647267.12 rows=21600412 width=26) (actual time=0.034..3461.720 rows=21598628 loops=1)
                                             Buffers: shared hit=24202 read=407061
                                       ->  Hash  (cost=2569.73..2569.73 rows=30 width=4) (actual time=20.019..20.021 rows=30 loops=1)
                                             Buckets: 1024  Batches: 1  Memory Usage: 10kB
                                             Buffers: shared hit=1474
                                             ->  Seq Scan on date_dim  (cost=0.00..2569.73 rows=30 width=4) (actual time=11.064..20.002 rows=30 loops=1)
                                                   Filter: ((d_year = 1999) AND (d_moy = 4))
                                                   Rows Removed by Filter: 73019
                                                   Buffers: shared hit=1474
                                 ->  Index Scan using customer_pkey on customer  (cost=0.43..0.67 rows=1 width=16) (actual time=0.022..0.022 rows=1 loops=261687)
                                       Index Cond: (c_customer_sk = catalog_returns.cr_returning_customer_sk)
                                       Buffers: shared hit=1025597 read=223
                           ->  Memoize  (cost=0.29..0.31 rows=1 width=4) (actual time=0.001..0.001 rows=0 loops=256455)
                                 Cache Key: customer.c_current_hdemo_sk
                                 Cache Mode: logical
                                 Hits: 249257  Misses: 7198  Evictions: 0  Overflows: 0  Memory Usage: 521kB
                                 Buffers: shared hit=21591
                                 ->  Index Scan using household_demographics_pkey on household_demographics  (cost=0.28..0.30 rows=1 width=4) (actual time=0.015..0.015 rows=0 loops=7198)
                                       Index Cond: (hd_demo_sk = customer.c_current_hdemo_sk)
                                       Filter: (hd_buy_potential ~~ '0-500%'::text)
                                       Rows Removed by Filter: 1
                                       Buffers: shared hit=21591
                     ->  Index Scan using customer_demographics_pkey on customer_demographics  (cost=0.43..0.72 rows=1 width=4) (actual time=0.025..0.025 rows=0 loops=39367)
                           Index Cond: (cd_demo_sk = customer.c_current_cdemo_sk)
                           Filter: (((cd_marital_status = 'M'::bpchar) AND (cd_education_status = 'Unknown'::bpchar)) OR ((cd_marital_status = 'W'::bpchar) AND (cd_education_status = 'Advanced Degree'::bpchar)))
                           Rows Removed by Filter: 1
                           Buffers: shared hit=146851 read=7585
               ->  Index Scan using customer_address_pkey on customer_address  (cost=0.42..0.67 rows=1 width=4) (actual time=0.029..0.029 rows=0 loops=1761)
                     Index Cond: (ca_address_sk = customer.c_current_addr_sk)
                     Filter: (ca_gmt_offset = '-6'::numeric)
                     Rows Removed by Filter: 1
                     Buffers: shared hit=6496 read=548
         ->  Hash  (cost=2.30..2.30 rows=30 width=48) (actual time=0.076..0.076 rows=30 loops=1)
               Buckets: 1024  Batches: 1  Memory Usage: 11kB
               Buffers: shared hit=2
               ->  Seq Scan on call_center  (cost=0.00..2.30 rows=30 width=48) (actual time=0.029..0.049 rows=30 loops=1)
                     Buffers: shared hit=2
 Planning:
   Buffers: shared hit=415
 Planning Time: 4.567 ms
 Execution Time: 12604.667 ms
(57 rows)

