                                                                                                  QUERY PLAN                                                                                                  
--------------------------------------------------------------------------------------------------------------------------------------------------------------------------------------------------------------
 Aggregate  (cost=715903.32..715903.33 rows=1 width=136) (actual time=12303.682..12303.688 rows=1 loops=1)
   Buffers: shared hit=1161837 read=428273
   ->  Nested Loop  (cost=2571.82..715903.18 rows=9 width=58) (actual time=867.942..12302.542 rows=364 loops=1)
         Buffers: shared hit=1161837 read=428273
         ->  Nested Loop  (cost=2571.68..715901.79 rows=9 width=18) (actual time=867.929..12298.350 rows=368 loops=1)
               Buffers: shared hit=1161109 read=428273
               ->  Nested Loop  (cost=2571.25..715788.62 rows=158 width=22) (actual time=822.613..12141.227 rows=6013 loops=1)
                     Buffers: shared hit=1138517 read=427317
                     ->  Nested Loop  (cost=2570.83..714805.30 rows=1478 width=26) (actual time=818.901..11102.362 rows=40449 loops=1)
                           Buffers: shared hit=992016 read=412022
                           ->  Nested Loop  (cost=2570.54..712473.67 rows=8871 width=30) (actual time=816.359..10829.499 rows=237429 loops=1)
                                 Buffers: shared hit=970431 read=412022
                                 ->  Hash Join  (cost=2570.11..706541.60 rows=8871 width=22) (actual time=816.315..5313.091 rows=242285 loops=1)
                                       Hash Cond: (catalog_returns.cr_returned_date_sk = date_dim.d_date_sk)
                                       Buffers: shared hit=21057 read=411680
                                       ->  Seq Scan on catalog_returns  (cost=0.00..647267.12 rows=21600412 width=26) (actual time=0.040..3551.348 rows=21598628 loops=1)
                                             Buffers: shared hit=19583 read=411680
                                       ->  Hash  (cost=2569.73..2569.73 rows=30 width=4) (actual time=19.333..19.334 rows=31 loops=1)
                                             Buckets: 1024  Batches: 1  Memory Usage: 10kB
                                             Buffers: shared hit=1474
                                             ->  Seq Scan on date_dim  (cost=0.00..2569.73 rows=30 width=4) (actual time=10.686..19.320 rows=31 loops=1)
                                                   Filter: ((d_year = 1999) AND (d_moy = 12))
                                                   Rows Removed by Filter: 73018
                                                   Buffers: shared hit=1474
                                 ->  Index Scan using customer_pkey on customer  (cost=0.43..0.67 rows=1 width=16) (actual time=0.022..0.022 rows=1 loops=242285)
                                       Index Cond: (c_customer_sk = catalog_returns.cr_returning_customer_sk)
                                       Buffers: shared hit=949374 read=342
                           ->  Memoize  (cost=0.29..0.31 rows=1 width=4) (actual time=0.001..0.001 rows=0 loops=237429)
                                 Cache Key: customer.c_current_hdemo_sk
                                 Cache Mode: logical
                                 Hits: 230233  Misses: 7196  Evictions: 0  Overflows: 0  Memory Usage: 521kB
                                 Buffers: shared hit=21585
                                 ->  Index Scan using household_demographics_pkey on household_demographics  (cost=0.28..0.30 rows=1 width=4) (actual time=0.013..0.013 rows=0 loops=7196)
                                       Index Cond: (hd_demo_sk = customer.c_current_hdemo_sk)
                                       Filter: (hd_buy_potential ~~ 'Unknown%'::text)
                                       Rows Removed by Filter: 1
                                       Buffers: shared hit=21585
                     ->  Index Scan using customer_address_pkey on customer_address  (cost=0.42..0.67 rows=1 width=4) (actual time=0.025..0.025 rows=0 loops=40449)
                           Index Cond: (ca_address_sk = customer.c_current_addr_sk)
                           Filter: (ca_gmt_offset = '-7'::numeric)
                           Rows Removed by Filter: 1
                           Buffers: shared hit=146501 read=15295
               ->  Index Scan using customer_demographics_pkey on customer_demographics  (cost=0.43..0.72 rows=1 width=4) (actual time=0.026..0.026 rows=0 loops=6013)
                     Index Cond: (cd_demo_sk = customer.c_current_cdemo_sk)
                     Filter: (((cd_marital_status = 'M'::bpchar) AND (cd_education_status = 'Unknown'::bpchar)) OR ((cd_marital_status = 'W'::bpchar) AND (cd_education_status = 'Advanced Degree'::bpchar)))
                     Rows Removed by Filter: 1
                     Buffers: shared hit=22592 read=956
         ->  Index Scan using call_center_pkey on call_center  (cost=0.14..0.16 rows=1 width=48) (actual time=0.010..0.010 rows=1 loops=368)
               Index Cond: (cc_call_center_sk = catalog_returns.cr_call_center_sk)
               Buffers: shared hit=728
 Planning:
   Buffers: shared hit=415
 Planning Time: 3.210 ms
 Execution Time: 12304.362 ms
(54 rows)

