                                                                                                     QUERY PLAN                                                                                                     
--------------------------------------------------------------------------------------------------------------------------------------------------------------------------------------------------------------------
 Aggregate  (cost=715921.76..715921.77 rows=1 width=136) (actual time=12756.154..12756.162 rows=1 loops=1)
   Buffers: shared hit=1251242 read=420096
   ->  Hash Join  (cost=2574.36..715921.22 rows=36 width=58) (actual time=392.494..12749.426 rows=3664 loops=1)
         Hash Cond: (catalog_returns.cr_call_center_sk = call_center.cc_call_center_sk)
         Buffers: shared hit=1251242 read=420096
         ->  Nested Loop  (cost=2571.68..715918.44 rows=36 width=18) (actual time=392.384..12746.702 rows=3700 loops=1)
               Buffers: shared hit=1251240 read=420096
               ->  Nested Loop  (cost=2571.26..715863.88 rows=82 width=22) (actual time=392.354..12620.410 rows=4755 loops=1)
                     Buffers: shared hit=1233558 read=418758
                     ->  Nested Loop  (cost=2570.83..714805.30 rows=1478 width=26) (actual time=384.153..11542.736 rows=43842 loops=1)
                           Buffers: shared hit=1069151 read=410997
                           ->  Nested Loop  (cost=2570.54..712473.67 rows=8871 width=30) (actual time=380.113..11246.016 rows=256455 loops=1)
                                 Buffers: shared hit=1047560 read=410997
                                 ->  Hash Join  (cost=2570.11..706541.60 rows=8871 width=22) (actual time=380.066..5228.066 rows=261687 loops=1)
                                       Hash Cond: (catalog_returns.cr_returned_date_sk = date_dim.d_date_sk)
                                       Buffers: shared hit=21922 read=410815
                                       ->  Seq Scan on catalog_returns  (cost=0.00..647267.12 rows=21600412 width=26) (actual time=0.045..3493.442 rows=21598628 loops=1)
                                             Buffers: shared hit=21922 read=409341
                                       ->  Hash  (cost=2569.73..2569.73 rows=30 width=4) (actual time=23.245..23.246 rows=30 loops=1)
                                             Buckets: 1024  Batches: 1  Memory Usage: 10kB
                                             Buffers: shared read=1474
                                             ->  Seq Scan on date_dim  (cost=0.00..2569.73 rows=30 width=4) (actual time=11.981..23.235 rows=30 loops=1)
                                                   Filter: ((d_year = 1999) AND (d_moy = 4))
                                                   Rows Removed by Filter: 73019
                                                   Buffers: shared read=1474
                                 ->  Index Scan using customer_pkey on customer  (cost=0.43..0.67 rows=1 width=16) (actual time=0.022..0.022 rows=1 loops=261687)
                                       Index Cond: (c_customer_sk = catalog_returns.cr_returning_customer_sk)
                                       Buffers: shared hit=1025638 read=182
                           ->  Memoize  (cost=0.29..0.31 rows=1 width=4) (actual time=0.001..0.001 rows=0 loops=256455)
                                 Cache Key: customer.c_current_hdemo_sk
                                 Cache Mode: logical
                                 Hits: 249257  Misses: 7198  Evictions: 0  Overflows: 0  Memory Usage: 521kB
                                 Buffers: shared hit=21591
                                 ->  Index Scan using household_demographics_pkey on household_demographics  (cost=0.28..0.30 rows=1 width=4) (actual time=0.014..0.014 rows=0 loops=7198)
                                       Index Cond: (hd_demo_sk = customer.c_current_hdemo_sk)
                                       Filter: (hd_buy_potential ~~ 'Unknown%'::text)
                                       Rows Removed by Filter: 1
                                       Buffers: shared hit=21591
                     ->  Index Scan using customer_demographics_pkey on customer_demographics  (cost=0.43..0.72 rows=1 width=4) (actual time=0.024..0.024 rows=0 loops=43842)
                           Index Cond: (cd_demo_sk = customer.c_current_cdemo_sk)
                           Filter: (((cd_marital_status = 'M'::bpchar) AND (cd_education_status = 'Unknown'::bpchar)) OR ((cd_marital_status = 'W'::bpchar) AND (cd_education_status = 'Advanced Degree'::bpchar)))
                           Rows Removed by Filter: 1
                           Buffers: shared hit=164407 read=7761
               ->  Index Scan using customer_address_pkey on customer_address  (cost=0.42..0.67 rows=1 width=4) (actual time=0.026..0.026 rows=1 loops=4755)
                     Index Cond: (ca_address_sk = customer.c_current_addr_sk)
                     Filter: (ca_gmt_offset = '-6'::numeric)
                     Rows Removed by Filter: 0
                     Buffers: shared hit=17682 read=1338
         ->  Hash  (cost=2.30..2.30 rows=30 width=48) (actual time=0.088..0.089 rows=30 loops=1)
               Buckets: 1024  Batches: 1  Memory Usage: 11kB
               Buffers: shared hit=2
               ->  Seq Scan on call_center  (cost=0.00..2.30 rows=30 width=48) (actual time=0.029..0.055 rows=30 loops=1)
                     Buffers: shared hit=2
 Planning:
   Buffers: shared hit=384 read=31
 Planning Time: 4.251 ms
 Execution Time: 12756.873 ms
(57 rows)

