                                                                                                  QUERY PLAN                                                                                                  
--------------------------------------------------------------------------------------------------------------------------------------------------------------------------------------------------------------
 Aggregate  (cost=715903.32..715903.33 rows=1 width=136) (actual time=14344.830..14344.836 rows=1 loops=1)
   Buffers: shared hit=1474625 read=414583
   ->  Nested Loop  (cost=2571.82..715903.18 rows=9 width=58) (actual time=3059.771..14342.766 rows=753 loops=1)
         Buffers: shared hit=1474625 read=414583
         ->  Nested Loop  (cost=2571.68..715901.79 rows=9 width=18) (actual time=3059.754..14321.828 rows=760 loops=1)
               Buffers: shared hit=1473119 read=414583
               ->  Nested Loop  (cost=2571.25..715788.62 rows=158 width=22) (actual time=2996.198..14161.848 rows=6222 loops=1)
                     Buffers: shared hit=1450862 read=412404
                     ->  Nested Loop  (cost=2570.83..714805.30 rows=1478 width=26) (actual time=2996.179..13010.145 rows=46817 loops=1)
                           Buffers: shared hit=1272715 read=403283
                           ->  Nested Loop  (cost=2570.54..712473.67 rows=8871 width=30) (actual time=2996.156..12678.447 rows=305416 loops=1)
                                 Buffers: shared hit=1251118 read=403283
                                 ->  Hash Join  (cost=2570.11..706541.60 rows=8871 width=22) (actual time=2996.111..5596.535 rows=311605 loops=1)
                                       Hash Cond: (catalog_returns.cr_returned_date_sk = date_dim.d_date_sk)
                                       Buffers: shared hit=30185 read=402552
                                       ->  Seq Scan on catalog_returns  (cost=0.00..647267.12 rows=21600412 width=26) (actual time=0.047..3677.256 rows=21598628 loops=1)
                                             Buffers: shared hit=28711 read=402552
                                       ->  Hash  (cost=2569.73..2569.73 rows=30 width=4) (actual time=29.971..29.972 rows=30 loops=1)
                                             Buckets: 1024  Batches: 1  Memory Usage: 10kB
                                             Buffers: shared hit=1474
                                             ->  Seq Scan on date_dim  (cost=0.00..2569.73 rows=30 width=4) (actual time=18.975..29.959 rows=30 loops=1)
                                                   Filter: ((d_year = 2002) AND (d_moy = 9))
                                                   Rows Removed by Filter: 73019
                                                   Buffers: shared hit=1474
                                 ->  Index Scan using customer_pkey on customer  (cost=0.43..0.67 rows=1 width=16) (actual time=0.022..0.022 rows=1 loops=311605)
                                       Index Cond: (c_customer_sk = catalog_returns.cr_returning_customer_sk)
                                       Buffers: shared hit=1220933 read=731
                           ->  Memoize  (cost=0.29..0.31 rows=1 width=4) (actual time=0.001..0.001 rows=0 loops=305416)
                                 Cache Key: customer.c_current_hdemo_sk
                                 Cache Mode: logical
                                 Hits: 298216  Misses: 7200  Evictions: 0  Overflows: 0  Memory Usage: 521kB
                                 Buffers: shared hit=21597
                                 ->  Index Scan using household_demographics_pkey on household_demographics  (cost=0.28..0.30 rows=1 width=4) (actual time=0.014..0.014 rows=0 loops=7200)
                                       Index Cond: (hd_demo_sk = customer.c_current_hdemo_sk)
                                       Filter: (hd_buy_potential ~~ '0-500%'::text)
                                       Rows Removed by Filter: 1
                                       Buffers: shared hit=21597
                     ->  Index Scan using customer_address_pkey on customer_address  (cost=0.42..0.67 rows=1 width=4) (actual time=0.024..0.024 rows=0 loops=46817)
                           Index Cond: (ca_address_sk = customer.c_current_addr_sk)
                           Filter: (ca_gmt_offset = '-7'::numeric)
                           Rows Removed by Filter: 1
                           Buffers: shared hit=178147 read=9121
               ->  Index Scan using customer_demographics_pkey on customer_demographics  (cost=0.43..0.72 rows=1 width=4) (actual time=0.025..0.025 rows=0 loops=6222)
                     Index Cond: (cd_demo_sk = customer.c_current_cdemo_sk)
                     Filter: (((cd_marital_status = 'M'::bpchar) AND (cd_education_status = 'Unknown'::bpchar)) OR ((cd_marital_status = 'W'::bpchar) AND (cd_education_status = 'Advanced Degree'::bpchar)))
                     Rows Removed by Filter: 1
                     Buffers: shared hit=22257 read=2179
         ->  Index Scan using call_center_pkey on call_center  (cost=0.14..0.16 rows=1 width=48) (actual time=0.026..0.026 rows=1 loops=760)
               Index Cond: (cc_call_center_sk = catalog_returns.cr_call_center_sk)
               Buffers: shared hit=1506
 Planning:
   Buffers: shared hit=415
 Planning Time: 5.246 ms
 Execution Time: 14345.684 ms
(54 rows)

