                                                                                                     QUERY PLAN                                                                                                     
--------------------------------------------------------------------------------------------------------------------------------------------------------------------------------------------------------------------
 Aggregate  (cost=716164.96..716164.97 rows=1 width=136) (actual time=11553.510..11553.517 rows=1 loops=1)
   Buffers: shared hit=1024589 read=423945
   ->  Hash Join  (cost=2574.37..716164.39 rows=38 width=58) (actual time=42.178..11552.379 rows=371 loops=1)
         Hash Cond: (catalog_returns.cr_call_center_sk = call_center.cc_call_center_sk)
         Buffers: shared hit=1024589 read=423945
         ->  Nested Loop  (cost=2571.69..716161.60 rows=38 width=18) (actual time=42.098..11551.846 rows=376 loops=1)
               Buffers: shared hit=1024587 read=423945
               ->  Nested Loop  (cost=2571.27..716105.05 rows=85 width=22) (actual time=22.512..11489.703 rows=2391 loops=1)
                     Buffers: shared hit=1015468 read=423500
                     ->  Nested Loop  (cost=2570.84..715010.66 rows=1528 width=26) (actual time=21.941..10637.012 rows=33475 loops=1)
                           Buffers: shared hit=894750 read=412830
                           ->  Nested Loop  (cost=2570.55..712671.62 rows=9167 width=30) (actual time=21.322..10353.207 rows=213316 loops=1)
                                 Buffers: shared hit=873171 read=412830
                                 ->  Hash Join  (cost=2570.12..706541.62 rows=9167 width=22) (actual time=21.268..5223.997 rows=217679 loops=1)
                                       Hash Cond: (catalog_returns.cr_returned_date_sk = date_dim.d_date_sk)
                                       Buffers: shared hit=20220 read=412517
                                       ->  Seq Scan on catalog_returns  (cost=0.00..647267.12 rows=21600412 width=26) (actual time=0.031..3531.422 rows=21598628 loops=1)
                                             Buffers: shared hit=20220 read=411043
                                       ->  Hash  (cost=2569.73..2569.73 rows=31 width=4) (actual time=21.212..21.213 rows=31 loops=1)
                                             Buckets: 1024  Batches: 1  Memory Usage: 10kB
                                             Buffers: shared read=1474
                                             ->  Seq Scan on date_dim  (cost=0.00..2569.73 rows=31 width=4) (actual time=11.794..21.200 rows=31 loops=1)
                                                   Filter: ((d_year = 1998) AND (d_moy = 7))
                                                   Rows Removed by Filter: 73018
                                                   Buffers: shared read=1474
                                 ->  Index Scan using customer_pkey on customer  (cost=0.43..0.67 rows=1 width=16) (actual time=0.023..0.023 rows=1 loops=217679)
                                       Index Cond: (c_customer_sk = catalog_returns.cr_returning_customer_sk)
                                       Buffers: shared hit=852951 read=313
                           ->  Memoize  (cost=0.29..0.31 rows=1 width=4) (actual time=0.001..0.001 rows=0 loops=213316)
                                 Cache Key: customer.c_current_hdemo_sk
                                 Cache Mode: logical
                                 Hits: 206122  Misses: 7194  Evictions: 0  Overflows: 0  Memory Usage: 520kB
                                 Buffers: shared hit=21579
                                 ->  Index Scan using household_demographics_pkey on household_demographics  (cost=0.28..0.30 rows=1 width=4) (actual time=0.017..0.017 rows=0 loops=7194)
                                       Index Cond: (hd_demo_sk = customer.c_current_hdemo_sk)
                                       Filter: (hd_buy_potential ~~ '5001-10000%'::text)
                                       Rows Removed by Filter: 1
                                       Buffers: shared hit=21579
                     ->  Index Scan using customer_demographics_pkey on customer_demographics  (cost=0.43..0.72 rows=1 width=4) (actual time=0.025..0.025 rows=0 loops=33475)
                           Index Cond: (cd_demo_sk = customer.c_current_cdemo_sk)
                           Filter: (((cd_marital_status = 'M'::bpchar) AND (cd_education_status = 'Unknown'::bpchar)) OR ((cd_marital_status = 'W'::bpchar) AND (cd_education_status = 'Advanced Degree'::bpchar)))
                           Rows Removed by Filter: 1
                           Buffers: shared hit=120718 read=10670
               ->  Index Scan using customer_address_pkey on customer_address  (cost=0.42..0.67 rows=1 width=4) (actual time=0.025..0.025 rows=0 loops=2391)
                     Index Cond: (ca_address_sk = customer.c_current_addr_sk)
                     Filter: (ca_gmt_offset = '-6'::numeric)
                     Rows Removed by Filter: 1
                     Buffers: shared hit=9119 read=445
         ->  Hash  (cost=2.30..2.30 rows=30 width=48) (actual time=0.059..0.060 rows=30 loops=1)
               Buckets: 1024  Batches: 1  Memory Usage: 11kB
               Buffers: shared hit=2
               ->  Seq Scan on call_center  (cost=0.00..2.30 rows=30 width=48) (actual time=0.021..0.035 rows=30 loops=1)
                     Buffers: shared hit=2
 Planning:
   Buffers: shared hit=384 read=31
 Planning Time: 4.803 ms
 Execution Time: 11554.268 ms
(57 rows)

