                                                                                                     QUERY PLAN                                                                                                     
--------------------------------------------------------------------------------------------------------------------------------------------------------------------------------------------------------------------
 Aggregate  (cost=716164.96..716164.97 rows=1 width=136) (actual time=16279.016..16279.023 rows=1 loops=1)
   Buffers: shared hit=1776045 read=417115
   ->  Hash Join  (cost=2574.37..716164.39 rows=38 width=58) (actual time=2526.707..16276.974 rows=685 loops=1)
         Hash Cond: (catalog_returns.cr_call_center_sk = call_center.cc_call_center_sk)
         Buffers: shared hit=1776045 read=417115
         ->  Nested Loop  (cost=2571.69..716161.60 rows=38 width=18) (actual time=2526.552..16276.040 rows=688 loops=1)
               Buffers: shared hit=1776043 read=417115
               ->  Nested Loop  (cost=2571.27..716105.05 rows=85 width=22) (actual time=2526.522..16152.532 rows=4183 loops=1)
                     Buffers: shared hit=1760890 read=415536
                     ->  Nested Loop  (cost=2570.84..715010.66 rows=1528 width=26) (actual time=2518.692..14770.249 rows=58943 loops=1)
                           Buffers: shared hit=1536435 read=408339
                           ->  Nested Loop  (cost=2570.55..712671.62 rows=9167 width=30) (actual time=2515.805..14379.326 rows=372610 loops=1)
                                 Buffers: shared hit=1514838 read=408339
                                 ->  Hash Join  (cost=2570.12..706541.62 rows=9167 width=22) (actual time=2515.766..5691.866 rows=380176 loops=1)
                                       Hash Cond: (catalog_returns.cr_returned_date_sk = date_dim.d_date_sk)
                                       Buffers: shared hit=24682 read=408055
                                       ->  Seq Scan on catalog_returns  (cost=0.00..647267.12 rows=21600412 width=26) (actual time=0.038..3732.908 rows=21598628 loops=1)
                                             Buffers: shared hit=23208 read=408055
                                       ->  Hash  (cost=2569.73..2569.73 rows=31 width=4) (actual time=26.095..26.096 rows=31 loops=1)
                                             Buckets: 1024  Batches: 1  Memory Usage: 10kB
                                             Buffers: shared hit=1474
                                             ->  Seq Scan on date_dim  (cost=0.00..2569.73 rows=31 width=4) (actual time=12.375..26.075 rows=31 loops=1)
                                                   Filter: ((d_year = 2002) AND (d_moy = 3))
                                                   Rows Removed by Filter: 73018
                                                   Buffers: shared hit=1474
                                 ->  Index Scan using customer_pkey on customer  (cost=0.43..0.67 rows=1 width=16) (actual time=0.022..0.022 rows=1 loops=380176)
                                       Index Cond: (c_customer_sk = catalog_returns.cr_returning_customer_sk)
                                       Buffers: shared hit=1490156 read=284
                           ->  Memoize  (cost=0.29..0.31 rows=1 width=4) (actual time=0.001..0.001 rows=0 loops=372610)
                                 Cache Key: customer.c_current_hdemo_sk
                                 Cache Mode: logical
                                 Hits: 365410  Misses: 7200  Evictions: 0  Overflows: 0  Memory Usage: 521kB
                                 Buffers: shared hit=21597
                                 ->  Index Scan using household_demographics_pkey on household_demographics  (cost=0.28..0.30 rows=1 width=4) (actual time=0.015..0.015 rows=0 loops=7200)
                                       Index Cond: (hd_demo_sk = customer.c_current_hdemo_sk)
                                       Filter: (hd_buy_potential ~~ '5001-10000%'::text)
                                       Rows Removed by Filter: 1
                                       Buffers: shared hit=21597
                     ->  Index Scan using customer_demographics_pkey on customer_demographics  (cost=0.43..0.72 rows=1 width=4) (actual time=0.023..0.023 rows=0 loops=58943)
                           Index Cond: (cd_demo_sk = customer.c_current_cdemo_sk)
                           Filter: (((cd_marital_status = 'M'::bpchar) AND (cd_education_status = 'Unknown'::bpchar)) OR ((cd_marital_status = 'W'::bpchar) AND (cd_education_status = 'Advanced Degree'::bpchar)))
                           Rows Removed by Filter: 1
                           Buffers: shared hit=224455 read=7197
               ->  Index Scan using customer_address_pkey on customer_address  (cost=0.42..0.67 rows=1 width=4) (actual time=0.029..0.029 rows=0 loops=4183)
                     Index Cond: (ca_address_sk = customer.c_current_addr_sk)
                     Filter: (ca_gmt_offset = '-6'::numeric)
                     Rows Removed by Filter: 1
                     Buffers: shared hit=15153 read=1579
         ->  Hash  (cost=2.30..2.30 rows=30 width=48) (actual time=0.120..0.121 rows=30 loops=1)
               Buckets: 1024  Batches: 1  Memory Usage: 11kB
               Buffers: shared hit=2
               ->  Seq Scan on call_center  (cost=0.00..2.30 rows=30 width=48) (actual time=0.047..0.082 rows=30 loops=1)
                     Buffers: shared hit=2
 Planning:
   Buffers: shared hit=415
 Planning Time: 4.387 ms
 Execution Time: 16279.893 ms
(57 rows)

