                                                                                                     QUERY PLAN                                                                                                     
--------------------------------------------------------------------------------------------------------------------------------------------------------------------------------------------------------------------
 Aggregate  (cost=715679.29..715679.30 rows=1 width=136) (actual time=10771.787..10771.794 rows=1 loops=1)
   Buffers: shared hit=953886 read=409781
   ->  Hash Join  (cost=2574.34..715678.77 rows=35 width=58) (actual time=78.934..10766.804 rows=2730 loops=1)
         Hash Cond: (catalog_returns.cr_call_center_sk = call_center.cc_call_center_sk)
         Buffers: shared hit=953886 read=409781
         ->  Nested Loop  (cost=2571.67..715675.99 rows=35 width=18) (actual time=78.847..10764.848 rows=2754 loops=1)
               Buffers: shared hit=953884 read=409781
               ->  Nested Loop  (cost=2571.24..715623.43 rows=79 width=22) (actual time=78.804..10627.970 rows=5097 loops=1)
                     Buffers: shared hit=935568 read=407709
                     ->  Nested Loop  (cost=2570.82..714599.95 rows=1429 width=26) (actual time=75.677..9817.526 rows=33907 loops=1)
                           Buffers: shared hit=805272 read=404885
                           ->  Nested Loop  (cost=2570.52..712275.72 rows=8575 width=30) (actual time=75.385..9578.153 rows=188961 loops=1)
                                 Buffers: shared hit=783696 read=404885
                                 ->  Hash Join  (cost=2570.10..706541.59 rows=8575 width=22) (actual time=75.323..5170.655 rows=192746 loops=1)
                                       Hash Cond: (catalog_returns.cr_returned_date_sk = date_dim.d_date_sk)
                                       Buffers: shared hit=27947 read=404790
                                       ->  Seq Scan on catalog_returns  (cost=0.00..647267.12 rows=21600412 width=26) (actual time=0.157..3412.517 rows=21598628 loops=1)
                                             Buffers: shared hit=26473 read=404790
                                       ->  Hash  (cost=2569.73..2569.73 rows=29 width=4) (actual time=19.491..19.492 rows=30 loops=1)
                                             Buckets: 1024  Batches: 1  Memory Usage: 10kB
                                             Buffers: shared hit=1474
                                             ->  Seq Scan on date_dim  (cost=0.00..2569.73 rows=29 width=4) (actual time=9.619..19.474 rows=30 loops=1)
                                                   Filter: ((d_year = 1998) AND (d_moy = 11))
                                                   Rows Removed by Filter: 73019
                                                   Buffers: shared hit=1474
                                 ->  Index Scan using customer_pkey on customer  (cost=0.43..0.67 rows=1 width=16) (actual time=0.022..0.022 rows=1 loops=192746)
                                       Index Cond: (c_customer_sk = catalog_returns.cr_returning_customer_sk)
                                       Buffers: shared hit=755749 read=95
                           ->  Memoize  (cost=0.29..0.31 rows=1 width=4) (actual time=0.001..0.001 rows=0 loops=188961)
                                 Cache Key: customer.c_current_hdemo_sk
                                 Cache Mode: logical
                                 Hits: 181768  Misses: 7193  Evictions: 0  Overflows: 0  Memory Usage: 520kB
                                 Buffers: shared hit=21576
                                 ->  Index Scan using household_demographics_pkey on household_demographics  (cost=0.28..0.30 rows=1 width=4) (actual time=0.013..0.013 rows=0 loops=7193)
                                       Index Cond: (hd_demo_sk = customer.c_current_hdemo_sk)
                                       Filter: (hd_buy_potential ~~ '>10000%'::text)
                                       Rows Removed by Filter: 1
                                       Buffers: shared hit=21576
                     ->  Index Scan using customer_demographics_pkey on customer_demographics  (cost=0.43..0.72 rows=1 width=4) (actual time=0.024..0.024 rows=0 loops=33907)
                           Index Cond: (cd_demo_sk = customer.c_current_cdemo_sk)
                           Filter: (((cd_marital_status = 'M'::bpchar) AND (cd_education_status = 'Unknown'::bpchar)) OR ((cd_marital_status = 'W'::bpchar) AND (cd_education_status = 'Advanced Degree'::bpchar)))
                           Rows Removed by Filter: 1
                           Buffers: shared hit=130296 read=2824
               ->  Index Scan using customer_address_pkey on customer_address  (cost=0.42..0.67 rows=1 width=4) (actual time=0.026..0.026 rows=1 loops=5097)
                     Index Cond: (ca_address_sk = customer.c_current_addr_sk)
                     Filter: (ca_gmt_offset = '-6'::numeric)
                     Rows Removed by Filter: 0
                     Buffers: shared hit=18316 read=2072
         ->  Hash  (cost=2.30..2.30 rows=30 width=48) (actual time=0.065..0.065 rows=30 loops=1)
               Buckets: 1024  Batches: 1  Memory Usage: 11kB
               Buffers: shared hit=2
               ->  Seq Scan on call_center  (cost=0.00..2.30 rows=30 width=48) (actual time=0.026..0.043 rows=30 loops=1)
                     Buffers: shared hit=2
 Planning:
   Buffers: shared hit=415
 Planning Time: 4.116 ms
 Execution Time: 10772.504 ms
(57 rows)

