                                                                                                  QUERY PLAN                                                                                                  
--------------------------------------------------------------------------------------------------------------------------------------------------------------------------------------------------------------
 Aggregate  (cost=715903.32..715903.33 rows=1 width=136) (actual time=13232.008..13232.015 rows=1 loops=1)
   Buffers: shared hit=1307544 read=434517
   ->  Nested Loop  (cost=2571.82..715903.18 rows=9 width=58) (actual time=560.666..13230.700 rows=377 loops=1)
         Buffers: shared hit=1307544 read=434517
         ->  Nested Loop  (cost=2571.68..715901.79 rows=9 width=18) (actual time=560.649..13226.361 rows=384 loops=1)
               Buffers: shared hit=1306790 read=434517
               ->  Nested Loop  (cost=2571.25..715788.62 rows=158 width=22) (actual time=452.776..13093.821 rows=4766 loops=1)
                     Buffers: shared hit=1288504 read=434087
                     ->  Nested Loop  (cost=2570.83..714805.30 rows=1478 width=26) (actual time=450.664..11869.977 rows=47735 loops=1)
                           Buffers: shared hit=1116360 read=415291
                           ->  Nested Loop  (cost=2570.54..712473.67 rows=8871 width=30) (actual time=446.114..11552.849 rows=269330 loops=1)
                                 Buffers: shared hit=1094766 read=415291
                                 ->  Hash Join  (cost=2570.11..706541.60 rows=8871 width=22) (actual time=446.070..5354.769 rows=274879 loops=1)
                                       Hash Cond: (catalog_returns.cr_returned_date_sk = date_dim.d_date_sk)
                                       Buffers: shared hit=17571 read=415166
                                       ->  Seq Scan on catalog_returns  (cost=0.00..647267.12 rows=21600412 width=26) (actual time=0.547..3576.412 rows=21598628 loops=1)
                                             Buffers: shared hit=16097 read=415166
                                       ->  Hash  (cost=2569.73..2569.73 rows=30 width=4) (actual time=15.934..15.935 rows=30 loops=1)
                                             Buckets: 1024  Batches: 1  Memory Usage: 10kB
                                             Buffers: shared hit=1474
                                             ->  Seq Scan on date_dim  (cost=0.00..2569.73 rows=30 width=4) (actual time=7.523..15.923 rows=30 loops=1)
                                                   Filter: ((d_year = 1999) AND (d_moy = 6))
                                                   Rows Removed by Filter: 73019
                                                   Buffers: shared hit=1474
                                 ->  Index Scan using customer_pkey on customer  (cost=0.43..0.67 rows=1 width=16) (actual time=0.022..0.022 rows=1 loops=274879)
                                       Index Cond: (c_customer_sk = catalog_returns.cr_returning_customer_sk)
                                       Buffers: shared hit=1077195 read=125
                           ->  Memoize  (cost=0.29..0.31 rows=1 width=4) (actual time=0.001..0.001 rows=0 loops=269330)
                                 Cache Key: customer.c_current_hdemo_sk
                                 Cache Mode: logical
                                 Hits: 262131  Misses: 7199  Evictions: 0  Overflows: 0  Memory Usage: 521kB
                                 Buffers: shared hit=21594
                                 ->  Index Scan using household_demographics_pkey on household_demographics  (cost=0.28..0.30 rows=1 width=4) (actual time=0.015..0.015 rows=0 loops=7199)
                                       Index Cond: (hd_demo_sk = customer.c_current_hdemo_sk)
                                       Filter: (hd_buy_potential ~~ '>10000%'::text)
                                       Rows Removed by Filter: 1
                                       Buffers: shared hit=21594
                     ->  Index Scan using customer_address_pkey on customer_address  (cost=0.42..0.67 rows=1 width=4) (actual time=0.025..0.025 rows=0 loops=47735)
                           Index Cond: (ca_address_sk = customer.c_current_addr_sk)
                           Filter: (ca_gmt_offset = '-7'::numeric)
                           Rows Removed by Filter: 1
                           Buffers: shared hit=172144 read=18796
               ->  Index Scan using customer_demographics_pkey on customer_demographics  (cost=0.43..0.72 rows=1 width=4) (actual time=0.027..0.027 rows=0 loops=4766)
                     Index Cond: (cd_demo_sk = customer.c_current_cdemo_sk)
                     Filter: (((cd_marital_status = 'M'::bpchar) AND (cd_education_status = 'Unknown'::bpchar)) OR ((cd_marital_status = 'W'::bpchar) AND (cd_education_status = 'Advanced Degree'::bpchar)))
                     Rows Removed by Filter: 1
                     Buffers: shared hit=18286 read=430
         ->  Index Scan using call_center_pkey on call_center  (cost=0.14..0.16 rows=1 width=48) (actual time=0.010..0.010 rows=1 loops=384)
               Index Cond: (cc_call_center_sk = catalog_returns.cr_call_center_sk)
               Buffers: shared hit=754
 Planning:
   Buffers: shared hit=415
 Planning Time: 3.174 ms
 Execution Time: 13232.645 ms
(54 rows)

