                                                                                                  QUERY PLAN                                                                                                  
--------------------------------------------------------------------------------------------------------------------------------------------------------------------------------------------------------------
 Aggregate  (cost=716146.24..716146.25 rows=1 width=136) (actual time=14811.985..14811.991 rows=1 loops=1)
   Buffers: shared hit=1549737 read=414300
   ->  Nested Loop  (cost=2571.83..716146.10 rows=9 width=58) (actual time=2811.617..14810.613 rows=404 loops=1)
         Buffers: shared hit=1549737 read=414300
         ->  Nested Loop  (cost=2571.69..716144.71 rows=9 width=18) (actual time=2811.605..14804.987 rows=409 loops=1)
               Buffers: shared hit=1548929 read=414300
               ->  Nested Loop  (cost=2571.27..716027.25 rows=164 width=22) (actual time=2811.585..14698.624 rows=3953 loops=1)
                     Buffers: shared hit=1535135 read=412550
                     ->  Nested Loop  (cost=2570.84..715010.66 rows=1528 width=26) (actual time=2794.836..13372.410 rows=53641 loops=1)
                           Buffers: shared hit=1331228 read=401893
                           ->  Nested Loop  (cost=2570.55..712671.62 rows=9167 width=30) (actual time=2791.011..13027.928 rows=319696 loops=1)
                                 Buffers: shared hit=1309628 read=401893
                                 ->  Hash Join  (cost=2570.12..706541.62 rows=9167 width=22) (actual time=2790.963..5480.747 rows=326115 loops=1)
                                       Hash Cond: (catalog_returns.cr_returned_date_sk = date_dim.d_date_sk)
                                       Buffers: shared hit=31048 read=401689
                                       ->  Seq Scan on catalog_returns  (cost=0.00..647267.12 rows=21600412 width=26) (actual time=0.226..3561.665 rows=21598628 loops=1)
                                             Buffers: shared hit=29574 read=401689
                                       ->  Hash  (cost=2569.73..2569.73 rows=31 width=4) (actual time=29.170..29.171 rows=31 loops=1)
                                             Buckets: 1024  Batches: 1  Memory Usage: 10kB
                                             Buffers: shared hit=1474
                                             ->  Seq Scan on date_dim  (cost=0.00..2569.73 rows=31 width=4) (actual time=18.104..29.155 rows=31 loops=1)
                                                   Filter: ((d_year = 2002) AND (d_moy = 8))
                                                   Rows Removed by Filter: 73018
                                                   Buffers: shared hit=1474
                                 ->  Index Scan using customer_pkey on customer  (cost=0.43..0.67 rows=1 width=16) (actual time=0.023..0.023 rows=1 loops=326115)
                                       Index Cond: (c_customer_sk = catalog_returns.cr_returning_customer_sk)
                                       Buffers: shared hit=1278580 read=204
                           ->  Memoize  (cost=0.29..0.31 rows=1 width=4) (actual time=0.001..0.001 rows=0 loops=319696)
                                 Cache Key: customer.c_current_hdemo_sk
                                 Cache Mode: logical
                                 Hits: 312495  Misses: 7201  Evictions: 0  Overflows: 0  Memory Usage: 521kB
                                 Buffers: shared hit=21600
                                 ->  Index Scan using household_demographics_pkey on household_demographics  (cost=0.28..0.30 rows=1 width=4) (actual time=0.014..0.014 rows=0 loops=7201)
                                       Index Cond: (hd_demo_sk = customer.c_current_hdemo_sk)
                                       Filter: (hd_buy_potential ~~ '501-1000%'::text)
                                       Rows Removed by Filter: 1
                                       Buffers: shared hit=21600
                     ->  Index Scan using customer_address_pkey on customer_address  (cost=0.42..0.67 rows=1 width=4) (actual time=0.024..0.024 rows=0 loops=53641)
                           Index Cond: (ca_address_sk = customer.c_current_addr_sk)
                           Filter: (ca_gmt_offset = '-7'::numeric)
                           Rows Removed by Filter: 1
                           Buffers: shared hit=203907 read=10657
               ->  Index Scan using customer_demographics_pkey on customer_demographics  (cost=0.43..0.72 rows=1 width=4) (actual time=0.026..0.026 rows=0 loops=3953)
                     Index Cond: (cd_demo_sk = customer.c_current_cdemo_sk)
                     Filter: (((cd_marital_status = 'M'::bpchar) AND (cd_education_status = 'Unknown'::bpchar)) OR ((cd_marital_status = 'W'::bpchar) AND (cd_education_status = 'Advanced Degree'::bpchar)))
                     Rows Removed by Filter: 1
                     Buffers: shared hit=13794 read=1750
         ->  Index Scan using call_center_pkey on call_center  (cost=0.14..0.16 rows=1 width=48) (actual time=0.012..0.012 rows=1 loops=409)
               Index Cond: (cc_call_center_sk = catalog_returns.cr_call_center_sk)
               Buffers: shared hit=808
 Planning:
   Buffers: shared hit=415
 Planning Time: 5.114 ms
 Execution Time: 14812.865 ms
(54 rows)

