                                                                                                     QUERY PLAN                                                                                                     
--------------------------------------------------------------------------------------------------------------------------------------------------------------------------------------------------------------------
 Aggregate  (cost=715437.52..715437.53 rows=1 width=136) (actual time=12164.289..12164.296 rows=1 loops=1)
   Buffers: shared hit=1157820 read=419423
   ->  Hash Join  (cost=2574.33..715437.01 rows=34 width=58) (actual time=12164.284..12164.291 rows=0 loops=1)
         Hash Cond: (catalog_returns.cr_call_center_sk = call_center.cc_call_center_sk)
         Buffers: shared hit=1157820 read=419423
         ->  Nested Loop  (cost=2571.66..715434.23 rows=34 width=18) (actual time=12164.211..12164.216 rows=0 loops=1)
               Buffers: shared hit=1157818 read=419423
               ->  Nested Loop  (cost=2571.23..715383.67 rows=76 width=22) (actual time=950.259..12136.998 rows=911 loops=1)
                     Buffers: shared hit=1154408 read=419189
                     ->  Nested Loop  (cost=2570.80..714395.28 rows=1380 width=26) (actual time=938.525..11123.143 rows=40475 loops=1)
                           Buffers: shared hit=1004468 read=410281
                           ->  Nested Loop  (cost=2570.51..712078.44 rows=8280 width=30) (actual time=933.487..10843.881 rows=240106 loops=1)
                                 Buffers: shared hit=982880 read=410281
                                 ->  Hash Join  (cost=2570.08..706541.58 rows=8280 width=22) (actual time=933.426..5291.374 rows=244928 loops=1)
                                       Hash Cond: (catalog_returns.cr_returned_date_sk = date_dim.d_date_sk)
                                       Buffers: shared hit=22490 read=410247
                                       ->  Seq Scan on catalog_returns  (cost=0.00..647267.12 rows=21600412 width=26) (actual time=0.035..3576.403 rows=21598628 loops=1)
                                             Buffers: shared hit=22490 read=408773
                                       ->  Hash  (cost=2569.73..2569.73 rows=28 width=4) (actual time=23.656..23.657 rows=29 loops=1)
                                             Buckets: 1024  Batches: 1  Memory Usage: 10kB
                                             Buffers: shared read=1474
                                             ->  Seq Scan on date_dim  (cost=0.00..2569.73 rows=28 width=4) (actual time=12.486..23.644 rows=29 loops=1)
                                                   Filter: ((d_year = 2000) AND (d_moy = 2))
                                                   Rows Removed by Filter: 73020
                                                   Buffers: shared read=1474
                                 ->  Index Scan using customer_pkey on customer  (cost=0.43..0.67 rows=1 width=16) (actual time=0.022..0.022 rows=1 loops=244928)
                                       Index Cond: (c_customer_sk = catalog_returns.cr_returning_customer_sk)
                                       Buffers: shared hit=960390 read=34
                           ->  Memoize  (cost=0.29..0.31 rows=1 width=4) (actual time=0.001..0.001 rows=0 loops=240106)
                                 Cache Key: customer.c_current_hdemo_sk
                                 Cache Mode: logical
                                 Hits: 232909  Misses: 7197  Evictions: 0  Overflows: 0  Memory Usage: 521kB
                                 Buffers: shared hit=21588
                                 ->  Index Scan using household_demographics_pkey on household_demographics  (cost=0.28..0.30 rows=1 width=4) (actual time=0.014..0.014 rows=0 loops=7197)
                                       Index Cond: (hd_demo_sk = customer.c_current_hdemo_sk)
                                       Filter: (hd_buy_potential ~~ '501-1000%'::text)
                                       Rows Removed by Filter: 1
                                       Buffers: shared hit=21588
                     ->  Index Scan using customer_demographics_pkey on customer_demographics  (cost=0.43..0.72 rows=1 width=4) (actual time=0.025..0.025 rows=0 loops=40475)
                           Index Cond: (cd_demo_sk = customer.c_current_cdemo_sk)
                           Filter: (((cd_marital_status = 'M'::bpchar) AND (cd_education_status = 'Unknown'::bpchar)) OR ((cd_marital_status = 'W'::bpchar) AND (cd_education_status = 'Advanced Degree'::bpchar)))
                           Rows Removed by Filter: 1
                           Buffers: shared hit=149940 read=8908
               ->  Index Scan using customer_address_pkey on customer_address  (cost=0.42..0.67 rows=1 width=4) (actual time=0.029..0.029 rows=0 loops=911)
                     Index Cond: (ca_address_sk = customer.c_current_addr_sk)
                     Filter: (ca_gmt_offset = '-6'::numeric)
                     Rows Removed by Filter: 1
                     Buffers: shared hit=3410 read=234
         ->  Hash  (cost=2.30..2.30 rows=30 width=48) (actual time=0.055..0.056 rows=30 loops=1)
               Buckets: 1024  Batches: 1  Memory Usage: 11kB
               Buffers: shared hit=2
               ->  Seq Scan on call_center  (cost=0.00..2.30 rows=30 width=48) (actual time=0.021..0.035 rows=30 loops=1)
                     Buffers: shared hit=2
 Planning:
   Buffers: shared hit=384 read=31
 Planning Time: 4.827 ms
 Execution Time: 12164.891 ms
(57 rows)

