                                                                                                     QUERY PLAN                                                                                                     
--------------------------------------------------------------------------------------------------------------------------------------------------------------------------------------------------------------------
 Aggregate  (cost=715921.76..715921.77 rows=1 width=136) (actual time=15942.521..15942.528 rows=1 loops=1)
   Buffers: shared hit=1728345 read=415358
   ->  Hash Join  (cost=2574.36..715921.22 rows=36 width=58) (actual time=2458.084..15935.727 rows=3377 loops=1)
         Hash Cond: (catalog_returns.cr_call_center_sk = call_center.cc_call_center_sk)
         Buffers: shared hit=1728345 read=415358
         ->  Nested Loop  (cost=2571.68..715918.44 rows=36 width=18) (actual time=2457.978..15933.003 rows=3409 loops=1)
               Buffers: shared hit=1728343 read=415358
               ->  Nested Loop  (cost=2571.26..715863.88 rows=82 width=22) (actual time=2457.939..15823.847 rows=4050 loops=1)
                     Buffers: shared hit=1713545 read=413956
                     ->  Nested Loop  (cost=2570.83..714805.30 rows=1478 width=26) (actual time=2445.961..14586.705 rows=50228 loops=1)
                           Buffers: shared hit=1523845 read=406632
                           ->  Nested Loop  (cost=2570.54..712473.67 rows=8871 width=30) (actual time=2445.936..14206.391 rows=369035 loops=1)
                                 Buffers: shared hit=1502245 read=406632
                                 ->  Hash Join  (cost=2570.11..706541.60 rows=8871 width=22) (actual time=2445.891..5511.804 rows=376450 loops=1)
                                       Hash Cond: (catalog_returns.cr_returned_date_sk = date_dim.d_date_sk)
                                       Buffers: shared hit=26303 read=406434
                                       ->  Seq Scan on catalog_returns  (cost=0.00..647267.12 rows=21600412 width=26) (actual time=0.035..3591.427 rows=21598628 loops=1)
                                             Buffers: shared hit=24829 read=406434
                                       ->  Hash  (cost=2569.73..2569.73 rows=30 width=4) (actual time=22.172..22.172 rows=30 loops=1)
                                             Buckets: 1024  Batches: 1  Memory Usage: 10kB
                                             Buffers: shared hit=1474
                                             ->  Seq Scan on date_dim  (cost=0.00..2569.73 rows=30 width=4) (actual time=12.971..22.153 rows=30 loops=1)
                                                   Filter: ((d_year = 2002) AND (d_moy = 4))
                                                   Rows Removed by Filter: 73019
                                                   Buffers: shared hit=1474
                                 ->  Index Scan using customer_pkey on customer  (cost=0.43..0.67 rows=1 width=16) (actual time=0.023..0.023 rows=1 loops=376450)
                                       Index Cond: (c_customer_sk = catalog_returns.cr_returning_customer_sk)
                                       Buffers: shared hit=1475942 read=198
                           ->  Memoize  (cost=0.29..0.31 rows=1 width=4) (actual time=0.001..0.001 rows=0 loops=369035)
                                 Cache Key: customer.c_current_hdemo_sk
                                 Cache Mode: logical
                                 Hits: 361834  Misses: 7201  Evictions: 0  Overflows: 0  Memory Usage: 521kB
                                 Buffers: shared hit=21600
                                 ->  Index Scan using household_demographics_pkey on household_demographics  (cost=0.28..0.30 rows=1 width=4) (actual time=0.014..0.014 rows=0 loops=7201)
                                       Index Cond: (hd_demo_sk = customer.c_current_hdemo_sk)
                                       Filter: (hd_buy_potential ~~ '1001-5000%'::text)
                                       Rows Removed by Filter: 1
                                       Buffers: shared hit=21600
                     ->  Index Scan using customer_demographics_pkey on customer_demographics  (cost=0.43..0.72 rows=1 width=4) (actual time=0.024..0.024 rows=0 loops=50228)
                           Index Cond: (cd_demo_sk = customer.c_current_cdemo_sk)
                           Filter: (((cd_marital_status = 'M'::bpchar) AND (cd_education_status = 'Unknown'::bpchar)) OR ((cd_marital_status = 'W'::bpchar) AND (cd_education_status = 'Advanced Degree'::bpchar)))
                           Rows Removed by Filter: 1
                           Buffers: shared hit=189700 read=7324
               ->  Index Scan using customer_address_pkey on customer_address  (cost=0.42..0.67 rows=1 width=4) (actual time=0.026..0.026 rows=1 loops=4050)
                     Index Cond: (ca_address_sk = customer.c_current_addr_sk)
                     Filter: (ca_gmt_offset = '-6'::numeric)
                     Rows Removed by Filter: 0
                     Buffers: shared hit=14798 read=1402
         ->  Hash  (cost=2.30..2.30 rows=30 width=48) (actual time=0.077..0.077 rows=30 loops=1)
               Buckets: 1024  Batches: 1  Memory Usage: 11kB
               Buffers: shared hit=2
               ->  Seq Scan on call_center  (cost=0.00..2.30 rows=30 width=48) (actual time=0.029..0.051 rows=30 loops=1)
                     Buffers: shared hit=2
 Planning:
   Buffers: shared hit=415
 Planning Time: 4.542 ms
 Execution Time: 15943.357 ms
(57 rows)

