                                                                                                  QUERY PLAN                                                                                                  
--------------------------------------------------------------------------------------------------------------------------------------------------------------------------------------------------------------
 Aggregate  (cost=715903.32..715903.33 rows=1 width=136) (actual time=14459.032..14459.038 rows=1 loops=1)
   Buffers: shared hit=1466529 read=429573
   ->  Nested Loop  (cost=2571.82..715903.18 rows=9 width=58) (actual time=14459.027..14459.033 rows=0 loops=1)
         Buffers: shared hit=1466529 read=429573
         ->  Nested Loop  (cost=2571.68..715901.79 rows=9 width=18) (actual time=14459.027..14459.032 rows=0 loops=1)
               Buffers: shared hit=1466529 read=429573
               ->  Nested Loop  (cost=2571.25..715788.62 rows=158 width=22) (actual time=1715.736..14339.294 rows=4609 loops=1)
                     Buffers: shared hit=1449088 read=428954
                     ->  Nested Loop  (cost=2570.83..714805.30 rows=1478 width=26) (actual time=1713.570..13246.780 rows=42902 loops=1)
                           Buffers: shared hit=1292462 read=413972
                           ->  Nested Loop  (cost=2570.54..712473.67 rows=8871 width=30) (actual time=1706.717..12920.157 rows=313025 loops=1)
                                 Buffers: shared hit=1270865 read=413972
                                 ->  Hash Join  (cost=2570.11..706541.60 rows=8871 width=22) (actual time=1706.662..5581.774 rows=319396 loops=1)
                                       Hash Cond: (catalog_returns.cr_returned_date_sk = date_dim.d_date_sk)
                                       Buffers: shared hit=18880 read=413857
                                       ->  Seq Scan on catalog_returns  (cost=0.00..647267.12 rows=21600412 width=26) (actual time=0.048..3698.214 rows=21598628 loops=1)
                                             Buffers: shared hit=17406 read=413857
                                       ->  Hash  (cost=2569.73..2569.73 rows=30 width=4) (actual time=20.794..20.795 rows=31 loops=1)
                                             Buckets: 1024  Batches: 1  Memory Usage: 10kB
                                             Buffers: shared hit=1474
                                             ->  Seq Scan on date_dim  (cost=0.00..2569.73 rows=30 width=4) (actual time=11.176..20.782 rows=31 loops=1)
                                                   Filter: ((d_year = 2001) AND (d_moy = 5))
                                                   Rows Removed by Filter: 73018
                                                   Buffers: shared hit=1474
                                 ->  Index Scan using customer_pkey on customer  (cost=0.43..0.67 rows=1 width=16) (actual time=0.022..0.022 rows=1 loops=319396)
                                       Index Cond: (c_customer_sk = catalog_returns.cr_returning_customer_sk)
                                       Buffers: shared hit=1251985 read=115
                           ->  Memoize  (cost=0.29..0.31 rows=1 width=4) (actual time=0.001..0.001 rows=0 loops=313025)
                                 Cache Key: customer.c_current_hdemo_sk
                                 Cache Mode: logical
                                 Hits: 305825  Misses: 7200  Evictions: 0  Overflows: 0  Memory Usage: 521kB
                                 Buffers: shared hit=21597
                                 ->  Index Scan using household_demographics_pkey on household_demographics  (cost=0.28..0.30 rows=1 width=4) (actual time=0.013..0.013 rows=0 loops=7200)
                                       Index Cond: (hd_demo_sk = customer.c_current_hdemo_sk)
                                       Filter: (hd_buy_potential ~~ '1001-5000%'::text)
                                       Rows Removed by Filter: 1
                                       Buffers: shared hit=21597
                     ->  Index Scan using customer_address_pkey on customer_address  (cost=0.42..0.67 rows=1 width=4) (actual time=0.025..0.025 rows=0 loops=42902)
                           Index Cond: (ca_address_sk = customer.c_current_addr_sk)
                           Filter: (ca_gmt_offset = '-7'::numeric)
                           Rows Removed by Filter: 1
                           Buffers: shared hit=156626 read=14982
               ->  Index Scan using customer_demographics_pkey on customer_demographics  (cost=0.43..0.72 rows=1 width=4) (actual time=0.026..0.026 rows=0 loops=4609)
                     Index Cond: (cd_demo_sk = customer.c_current_cdemo_sk)
                     Filter: (((cd_marital_status = 'M'::bpchar) AND (cd_education_status = 'Unknown'::bpchar)) OR ((cd_marital_status = 'W'::bpchar) AND (cd_education_status = 'Advanced Degree'::bpchar)))
                     Rows Removed by Filter: 1
                     Buffers: shared hit=17441 read=619
         ->  Index Scan using call_center_pkey on call_center  (cost=0.14..0.16 rows=1 width=48) (never executed)
               Index Cond: (cc_call_center_sk = catalog_returns.cr_call_center_sk)
 Planning:
   Buffers: shared hit=415
 Planning Time: 4.506 ms
 Execution Time: 14459.850 ms
(53 rows)

