                                                                                                     QUERY PLAN                                                                                                     
--------------------------------------------------------------------------------------------------------------------------------------------------------------------------------------------------------------------
 Aggregate  (cost=716164.96..716164.97 rows=1 width=136) (actual time=14484.164..14484.171 rows=1 loops=1)
   Buffers: shared hit=1515529 read=410732
   ->  Hash Join  (cost=2574.37..716164.39 rows=38 width=58) (actual time=2757.418..14482.451 rows=574 loops=1)
         Hash Cond: (catalog_returns.cr_call_center_sk = call_center.cc_call_center_sk)
         Buffers: shared hit=1515529 read=410732
         ->  Nested Loop  (cost=2571.69..716161.60 rows=38 width=18) (actual time=2738.855..14481.654 rows=582 loops=1)
               Buffers: shared hit=1515527 read=410732
               ->  Nested Loop  (cost=2571.27..716105.05 rows=85 width=22) (actual time=2698.111..14393.078 rows=3516 loops=1)
                     Buffers: shared hit=1503432 read=408763
                     ->  Nested Loop  (cost=2570.84..715010.66 rows=1528 width=26) (actual time=2672.589..13173.079 rows=49796 loops=1)
                           Buffers: shared hit=1314241 read=402358
                           ->  Nested Loop  (cost=2570.55..712671.62 rows=9167 width=30) (actual time=2672.558..12830.454 rows=315567 loops=1)
                                 Buffers: shared hit=1292647 read=402358
                                 ->  Hash Join  (cost=2570.12..706541.62 rows=9167 width=22) (actual time=2672.526..5603.423 rows=321885 loops=1)
                                       Hash Cond: (catalog_returns.cr_returned_date_sk = date_dim.d_date_sk)
                                       Buffers: shared hit=30470 read=402267
                                       ->  Seq Scan on catalog_returns  (cost=0.00..647267.12 rows=21600412 width=26) (actual time=0.046..3664.309 rows=21598628 loops=1)
                                             Buffers: shared hit=28996 read=402267
                                       ->  Hash  (cost=2569.73..2569.73 rows=31 width=4) (actual time=29.673..29.674 rows=31 loops=1)
                                             Buckets: 1024  Batches: 1  Memory Usage: 10kB
                                             Buffers: shared hit=1474
                                             ->  Seq Scan on date_dim  (cost=0.00..2569.73 rows=31 width=4) (actual time=17.870..29.657 rows=31 loops=1)
                                                   Filter: ((d_year = 2002) AND (d_moy = 7))
                                                   Rows Removed by Filter: 73018
                                                   Buffers: shared hit=1474
                                 ->  Index Scan using customer_pkey on customer  (cost=0.43..0.67 rows=1 width=16) (actual time=0.022..0.022 rows=1 loops=321885)
                                       Index Cond: (c_customer_sk = catalog_returns.cr_returning_customer_sk)
                                       Buffers: shared hit=1262177 read=91
                           ->  Memoize  (cost=0.29..0.31 rows=1 width=4) (actual time=0.001..0.001 rows=0 loops=315567)
                                 Cache Key: customer.c_current_hdemo_sk
                                 Cache Mode: logical
                                 Hits: 308368  Misses: 7199  Evictions: 0  Overflows: 0  Memory Usage: 521kB
                                 Buffers: shared hit=21594
                                 ->  Index Scan using household_demographics_pkey on household_demographics  (cost=0.28..0.30 rows=1 width=4) (actual time=0.015..0.015 rows=0 loops=7199)
                                       Index Cond: (hd_demo_sk = customer.c_current_hdemo_sk)
                                       Filter: (hd_buy_potential ~~ '5001-10000%'::text)
                                       Rows Removed by Filter: 1
                                       Buffers: shared hit=21594
                     ->  Index Scan using customer_demographics_pkey on customer_demographics  (cost=0.43..0.72 rows=1 width=4) (actual time=0.024..0.024 rows=0 loops=49796)
                           Index Cond: (cd_demo_sk = customer.c_current_cdemo_sk)
                           Filter: (((cd_marital_status = 'M'::bpchar) AND (cd_education_status = 'Unknown'::bpchar)) OR ((cd_marital_status = 'W'::bpchar) AND (cd_education_status = 'Advanced Degree'::bpchar)))
                           Rows Removed by Filter: 1
                           Buffers: shared hit=189191 read=6405
               ->  Index Scan using customer_address_pkey on customer_address  (cost=0.42..0.67 rows=1 width=4) (actual time=0.025..0.025 rows=0 loops=3516)
                     Index Cond: (ca_address_sk = customer.c_current_addr_sk)
                     Filter: (ca_gmt_offset = '-6'::numeric)
                     Rows Removed by Filter: 1
                     Buffers: shared hit=12095 read=1969
         ->  Hash  (cost=2.30..2.30 rows=30 width=48) (actual time=0.123..0.123 rows=30 loops=1)
               Buckets: 1024  Batches: 1  Memory Usage: 11kB
               Buffers: shared hit=2
               ->  Seq Scan on call_center  (cost=0.00..2.30 rows=30 width=48) (actual time=0.046..0.083 rows=30 loops=1)
                     Buffers: shared hit=2
 Planning:
   Buffers: shared hit=415
 Planning Time: 5.222 ms
 Execution Time: 14485.015 ms
(57 rows)

