                                                                                                     QUERY PLAN                                                                                                     
--------------------------------------------------------------------------------------------------------------------------------------------------------------------------------------------------------------------
 Aggregate  (cost=716164.96..716164.97 rows=1 width=136) (actual time=11480.060..11480.067 rows=1 loops=1)
   Buffers: shared hit=1039583 read=405519
   ->  Hash Join  (cost=2574.37..716164.39 rows=38 width=58) (actual time=40.818..11476.059 rows=1961 loops=1)
         Hash Cond: (catalog_returns.cr_call_center_sk = call_center.cc_call_center_sk)
         Buffers: shared hit=1039583 read=405519
         ->  Nested Loop  (cost=2571.69..716161.60 rows=38 width=18) (actual time=40.743..11474.480 rows=1982 loops=1)
               Buffers: shared hit=1039581 read=405519
               ->  Nested Loop  (cost=2571.27..716105.05 rows=85 width=22) (actual time=40.715..11407.731 rows=2389 loops=1)
                     Buffers: shared hit=1031325 read=404219
                     ->  Nested Loop  (cost=2570.84..715010.66 rows=1528 width=26) (actual time=32.344..10692.946 rows=29766 loops=1)
                           Buffers: shared hit=917503 read=401241
                           ->  Nested Loop  (cost=2570.55..712671.62 rows=9167 width=30) (actual time=31.383..10411.454 rows=216107 loops=1)
                                 Buffers: shared hit=895924 read=401241
                                 ->  Hash Join  (cost=2570.12..706541.62 rows=9167 width=22) (actual time=31.334..5392.372 rows=220552 loops=1)
                                       Hash Cond: (catalog_returns.cr_returned_date_sk = date_dim.d_date_sk)
                                       Buffers: shared hit=31559 read=401178
                                       ->  Seq Scan on catalog_returns  (cost=0.00..647267.12 rows=21600412 width=26) (actual time=0.024..3549.379 rows=21598628 loops=1)
                                             Buffers: shared hit=30085 read=401178
                                       ->  Hash  (cost=2569.73..2569.73 rows=31 width=4) (actual time=19.862..19.863 rows=31 loops=1)
                                             Buckets: 1024  Batches: 1  Memory Usage: 10kB
                                             Buffers: shared hit=1474
                                             ->  Seq Scan on date_dim  (cost=0.00..2569.73 rows=31 width=4) (actual time=10.805..19.846 rows=31 loops=1)
                                                   Filter: ((d_year = 1998) AND (d_moy = 10))
                                                   Rows Removed by Filter: 73018
                                                   Buffers: shared hit=1474
                                 ->  Index Scan using customer_pkey on customer  (cost=0.43..0.67 rows=1 width=16) (actual time=0.022..0.022 rows=1 loops=220552)
                                       Index Cond: (c_customer_sk = catalog_returns.cr_returning_customer_sk)
                                       Buffers: shared hit=864365 read=63
                           ->  Memoize  (cost=0.29..0.31 rows=1 width=4) (actual time=0.001..0.001 rows=0 loops=216107)
                                 Cache Key: customer.c_current_hdemo_sk
                                 Cache Mode: logical
                                 Hits: 208913  Misses: 7194  Evictions: 0  Overflows: 0  Memory Usage: 520kB
                                 Buffers: shared hit=21579
                                 ->  Index Scan using household_demographics_pkey on household_demographics  (cost=0.28..0.30 rows=1 width=4) (actual time=0.017..0.017 rows=0 loops=7194)
                                       Index Cond: (hd_demo_sk = customer.c_current_hdemo_sk)
                                       Filter: (hd_buy_potential ~~ '1001-5000%'::text)
                                       Rows Removed by Filter: 1
                                       Buffers: shared hit=21579
                     ->  Index Scan using customer_demographics_pkey on customer_demographics  (cost=0.43..0.72 rows=1 width=4) (actual time=0.024..0.024 rows=0 loops=29766)
                           Index Cond: (cd_demo_sk = customer.c_current_cdemo_sk)
                           Filter: (((cd_marital_status = 'M'::bpchar) AND (cd_education_status = 'Unknown'::bpchar)) OR ((cd_marital_status = 'W'::bpchar) AND (cd_education_status = 'Advanced Degree'::bpchar)))
                           Rows Removed by Filter: 1
                           Buffers: shared hit=113822 read=2978
               ->  Index Scan using customer_address_pkey on customer_address  (cost=0.42..0.67 rows=1 width=4) (actual time=0.027..0.027 rows=1 loops=2389)
                     Index Cond: (ca_address_sk = customer.c_current_addr_sk)
                     Filter: (ca_gmt_offset = '-6'::numeric)
                     Rows Removed by Filter: 0
                     Buffers: shared hit=8256 read=1300
         ->  Hash  (cost=2.30..2.30 rows=30 width=48) (actual time=0.056..0.057 rows=30 loops=1)
               Buckets: 1024  Batches: 1  Memory Usage: 11kB
               Buffers: shared hit=2
               ->  Seq Scan on call_center  (cost=0.00..2.30 rows=30 width=48) (actual time=0.023..0.038 rows=30 loops=1)
                     Buffers: shared hit=2
 Planning:
   Buffers: shared hit=415
 Planning Time: 4.489 ms
 Execution Time: 11480.691 ms
(57 rows)

