                                                                                                     QUERY PLAN                                                                                                     
--------------------------------------------------------------------------------------------------------------------------------------------------------------------------------------------------------------------
 Aggregate  (cost=715437.52..715437.53 rows=1 width=136) (actual time=14831.514..14831.521 rows=1 loops=1)
   Buffers: shared hit=1566235 read=416068
   ->  Hash Join  (cost=2574.33..715437.01 rows=34 width=58) (actual time=2343.702..14823.279 rows=4486 loops=1)
         Hash Cond: (catalog_returns.cr_call_center_sk = call_center.cc_call_center_sk)
         Buffers: shared hit=1566235 read=416068
         ->  Nested Loop  (cost=2571.66..715434.23 rows=34 width=18) (actual time=2343.606..14819.996 rows=4532 loops=1)
               Buffers: shared hit=1566233 read=416068
               ->  Nested Loop  (cost=2571.23..715383.67 rows=76 width=22) (actual time=2343.574..14580.124 rows=8494 loops=1)
                     Buffers: shared hit=1539161 read=409164
                     ->  Nested Loop  (cost=2570.80..714395.28 rows=1380 width=26) (actual time=2333.089..13230.874 rows=56618 loops=1)
                           Buffers: shared hit=1321017 read=404916
                           ->  Nested Loop  (cost=2570.51..712078.44 rows=8280 width=30) (actual time=2328.533..12864.106 rows=317899 loops=1)
                                 Buffers: shared hit=1299417 read=404916
                                 ->  Hash Join  (cost=2570.08..706541.58 rows=8280 width=22) (actual time=2328.483..5474.347 rows=324457 loops=1)
                                       Hash Cond: (catalog_returns.cr_returned_date_sk = date_dim.d_date_sk)
                                       Buffers: shared hit=27909 read=404828
                                       ->  Seq Scan on catalog_returns  (cost=0.00..647267.12 rows=21600412 width=26) (actual time=0.032..3591.482 rows=21598628 loops=1)
                                             Buffers: shared hit=26435 read=404828
                                       ->  Hash  (cost=2569.73..2569.73 rows=28 width=4) (actual time=24.700..24.702 rows=28 loops=1)
                                             Buckets: 1024  Batches: 1  Memory Usage: 9kB
                                             Buffers: shared hit=1474
                                             ->  Seq Scan on date_dim  (cost=0.00..2569.73 rows=28 width=4) (actual time=16.740..24.686 rows=28 loops=1)
                                                   Filter: ((d_year = 2002) AND (d_moy = 2))
                                                   Rows Removed by Filter: 73021
                                                   Buffers: shared hit=1474
                                 ->  Index Scan using customer_pkey on customer  (cost=0.43..0.67 rows=1 width=16) (actual time=0.022..0.022 rows=1 loops=324457)
                                       Index Cond: (c_customer_sk = catalog_returns.cr_returning_customer_sk)
                                       Buffers: shared hit=1271508 read=88
                           ->  Memoize  (cost=0.29..0.31 rows=1 width=4) (actual time=0.001..0.001 rows=0 loops=317899)
                                 Cache Key: customer.c_current_hdemo_sk
                                 Cache Mode: logical
                                 Hits: 310698  Misses: 7201  Evictions: 0  Overflows: 0  Memory Usage: 521kB
                                 Buffers: shared hit=21600
                                 ->  Index Scan using household_demographics_pkey on household_demographics  (cost=0.28..0.30 rows=1 width=4) (actual time=0.017..0.017 rows=0 loops=7201)
                                       Index Cond: (hd_demo_sk = customer.c_current_hdemo_sk)
                                       Filter: (hd_buy_potential ~~ '>10000%'::text)
                                       Rows Removed by Filter: 1
                                       Buffers: shared hit=21600
                     ->  Index Scan using customer_demographics_pkey on customer_demographics  (cost=0.43..0.72 rows=1 width=4) (actual time=0.023..0.023 rows=0 loops=56618)
                           Index Cond: (cd_demo_sk = customer.c_current_cdemo_sk)
                           Filter: (((cd_marital_status = 'M'::bpchar) AND (cd_education_status = 'Unknown'::bpchar)) OR ((cd_marital_status = 'W'::bpchar) AND (cd_education_status = 'Advanced Degree'::bpchar)))
                           Rows Removed by Filter: 1
                           Buffers: shared hit=218144 read=4248
               ->  Index Scan using customer_address_pkey on customer_address  (cost=0.42..0.67 rows=1 width=4) (actual time=0.028..0.028 rows=1 loops=8494)
                     Index Cond: (ca_address_sk = customer.c_current_addr_sk)
                     Filter: (ca_gmt_offset = '-6'::numeric)
                     Rows Removed by Filter: 0
                     Buffers: shared hit=27072 read=6904
         ->  Hash  (cost=2.30..2.30 rows=30 width=48) (actual time=0.075..0.076 rows=30 loops=1)
               Buckets: 1024  Batches: 1  Memory Usage: 11kB
               Buffers: shared hit=2
               ->  Seq Scan on call_center  (cost=0.00..2.30 rows=30 width=48) (actual time=0.026..0.048 rows=30 loops=1)
                     Buffers: shared hit=2
 Planning:
   Buffers: shared hit=415
 Planning Time: 4.129 ms
 Execution Time: 14832.145 ms
(57 rows)

