                                                                                                  QUERY PLAN                                                                                                  
--------------------------------------------------------------------------------------------------------------------------------------------------------------------------------------------------------------
 Aggregate  (cost=716146.24..716146.25 rows=1 width=136) (actual time=14825.559..14825.565 rows=1 loops=1)
   Buffers: shared hit=1541168 read=424727
   ->  Nested Loop  (cost=2571.83..716146.10 rows=9 width=58) (actual time=2690.346..14823.907 rows=512 loops=1)
         Buffers: shared hit=1541168 read=424727
         ->  Nested Loop  (cost=2571.69..716144.71 rows=9 width=18) (actual time=2690.334..14812.800 rows=520 loops=1)
               Buffers: shared hit=1540144 read=424727
               ->  Nested Loop  (cost=2571.27..716027.25 rows=164 width=22) (actual time=2627.996..14610.042 rows=8059 loops=1)
                     Buffers: shared hit=1509635 read=423520
                     ->  Nested Loop  (cost=2570.84..715010.66 rows=1528 width=26) (actual time=2616.988..13262.925 rows=54139 loops=1)
                           Buffers: shared hit=1307254 read=409345
                           ->  Nested Loop  (cost=2570.55..712671.62 rows=9167 width=30) (actual time=2615.328..12924.444 rows=315567 loops=1)
                                 Buffers: shared hit=1285660 read=409345
                                 ->  Hash Join  (cost=2570.12..706541.62 rows=9167 width=22) (actual time=2615.291..5521.218 rows=321885 loops=1)
                                       Hash Cond: (catalog_returns.cr_returned_date_sk = date_dim.d_date_sk)
                                       Buffers: shared hit=23484 read=409253
                                       ->  Seq Scan on catalog_returns  (cost=0.00..647267.12 rows=21600412 width=26) (actual time=0.044..3644.420 rows=21598628 loops=1)
                                             Buffers: shared hit=23366 read=407897
                                       ->  Hash  (cost=2569.73..2569.73 rows=31 width=4) (actual time=22.241..22.243 rows=31 loops=1)
                                             Buckets: 1024  Batches: 1  Memory Usage: 10kB
                                             Buffers: shared hit=118 read=1356
                                             ->  Seq Scan on date_dim  (cost=0.00..2569.73 rows=31 width=4) (actual time=13.214..22.221 rows=31 loops=1)
                                                   Filter: ((d_year = 2002) AND (d_moy = 7))
                                                   Rows Removed by Filter: 73018
                                                   Buffers: shared hit=118 read=1356
                                 ->  Index Scan using customer_pkey on customer  (cost=0.43..0.67 rows=1 width=16) (actual time=0.022..0.022 rows=1 loops=321885)
                                       Index Cond: (c_customer_sk = catalog_returns.cr_returning_customer_sk)
                                       Buffers: shared hit=1262176 read=92
                           ->  Memoize  (cost=0.29..0.31 rows=1 width=4) (actual time=0.001..0.001 rows=0 loops=315567)
                                 Cache Key: customer.c_current_hdemo_sk
                                 Cache Mode: logical
                                 Hits: 308368  Misses: 7199  Evictions: 0  Overflows: 0  Memory Usage: 521kB
                                 Buffers: shared hit=21594
                                 ->  Index Scan using household_demographics_pkey on household_demographics  (cost=0.28..0.30 rows=1 width=4) (actual time=0.014..0.014 rows=0 loops=7199)
                                       Index Cond: (hd_demo_sk = customer.c_current_hdemo_sk)
                                       Filter: (hd_buy_potential ~~ 'Unknown%'::text)
                                       Rows Removed by Filter: 1
                                       Buffers: shared hit=21594
                     ->  Index Scan using customer_address_pkey on customer_address  (cost=0.42..0.67 rows=1 width=4) (actual time=0.024..0.024 rows=0 loops=54139)
                           Index Cond: (ca_address_sk = customer.c_current_addr_sk)
                           Filter: (ca_gmt_offset = '-7'::numeric)
                           Rows Removed by Filter: 1
                           Buffers: shared hit=202381 read=14175
               ->  Index Scan using customer_demographics_pkey on customer_demographics  (cost=0.43..0.72 rows=1 width=4) (actual time=0.025..0.025 rows=0 loops=8059)
                     Index Cond: (cd_demo_sk = customer.c_current_cdemo_sk)
                     Filter: (((cd_marital_status = 'M'::bpchar) AND (cd_education_status = 'Unknown'::bpchar)) OR ((cd_marital_status = 'W'::bpchar) AND (cd_education_status = 'Advanced Degree'::bpchar)))
                     Rows Removed by Filter: 1
                     Buffers: shared hit=30509 read=1207
         ->  Index Scan using call_center_pkey on call_center  (cost=0.14..0.16 rows=1 width=48) (actual time=0.020..0.020 rows=1 loops=520)
               Index Cond: (cc_call_center_sk = catalog_returns.cr_call_center_sk)
               Buffers: shared hit=1024
 Planning:
   Buffers: shared hit=384 read=31
 Planning Time: 4.976 ms
 Execution Time: 14826.190 ms
(54 rows)

