                                                                                                  QUERY PLAN                                                                                                  
--------------------------------------------------------------------------------------------------------------------------------------------------------------------------------------------------------------
 Aggregate  (cost=715420.76..715420.77 rows=1 width=136) (actual time=12367.472..12367.479 rows=1 loops=1)
   Buffers: shared hit=1167240 read=415025
   ->  Nested Loop  (cost=2571.79..715420.64 rows=8 width=58) (actual time=928.328..12365.700 rows=632 loops=1)
         Buffers: shared hit=1167240 read=415025
         ->  Nested Loop  (cost=2571.66..715419.40 rows=8 width=18) (actual time=928.309..12352.671 rows=635 loops=1)
               Buffers: shared hit=1165976 read=415025
               ->  Nested Loop  (cost=2571.23..715313.40 rows=148 width=22) (actual time=912.203..12226.899 rows=4846 loops=1)
                     Buffers: shared hit=1148735 read=413170
                     ->  Nested Loop  (cost=2570.80..714395.28 rows=1380 width=26) (actual time=903.819..11290.421 rows=36789 loops=1)
                           Buffers: shared hit=1007860 read=406889
                           ->  Nested Loop  (cost=2570.51..712078.44 rows=8280 width=30) (actual time=903.451..11010.155 rows=240106 loops=1)
                                 Buffers: shared hit=986272 read=406889
                                 ->  Hash Join  (cost=2570.08..706541.58 rows=8280 width=22) (actual time=903.399..5408.420 rows=244928 loops=1)
                                       Hash Cond: (catalog_returns.cr_returned_date_sk = date_dim.d_date_sk)
                                       Buffers: shared hit=25962 read=406775
                                       ->  Seq Scan on catalog_returns  (cost=0.00..647267.12 rows=21600412 width=26) (actual time=0.024..3581.070 rows=21598628 loops=1)
                                             Buffers: shared hit=24488 read=406775
                                       ->  Hash  (cost=2569.73..2569.73 rows=28 width=4) (actual time=15.373..15.373 rows=29 loops=1)
                                             Buckets: 1024  Batches: 1  Memory Usage: 10kB
                                             Buffers: shared hit=1474
                                             ->  Seq Scan on date_dim  (cost=0.00..2569.73 rows=28 width=4) (actual time=8.330..15.358 rows=29 loops=1)
                                                   Filter: ((d_year = 2000) AND (d_moy = 2))
                                                   Rows Removed by Filter: 73020
                                                   Buffers: shared hit=1474
                                 ->  Index Scan using customer_pkey on customer  (cost=0.43..0.67 rows=1 width=16) (actual time=0.022..0.022 rows=1 loops=244928)
                                       Index Cond: (c_customer_sk = catalog_returns.cr_returning_customer_sk)
                                       Buffers: shared hit=960310 read=114
                           ->  Memoize  (cost=0.29..0.31 rows=1 width=4) (actual time=0.001..0.001 rows=0 loops=240106)
                                 Cache Key: customer.c_current_hdemo_sk
                                 Cache Mode: logical
                                 Hits: 232909  Misses: 7197  Evictions: 0  Overflows: 0  Memory Usage: 521kB
                                 Buffers: shared hit=21588
                                 ->  Index Scan using household_demographics_pkey on household_demographics  (cost=0.28..0.30 rows=1 width=4) (actual time=0.014..0.014 rows=0 loops=7197)
                                       Index Cond: (hd_demo_sk = customer.c_current_hdemo_sk)
                                       Filter: (hd_buy_potential ~~ '0-500%'::text)
                                       Rows Removed by Filter: 1
                                       Buffers: shared hit=21588
                     ->  Index Scan using customer_address_pkey on customer_address  (cost=0.42..0.67 rows=1 width=4) (actual time=0.025..0.025 rows=0 loops=36789)
                           Index Cond: (ca_address_sk = customer.c_current_addr_sk)
                           Filter: (ca_gmt_offset = '-7'::numeric)
                           Rows Removed by Filter: 1
                           Buffers: shared hit=140875 read=6281
               ->  Index Scan using customer_demographics_pkey on customer_demographics  (cost=0.43..0.72 rows=1 width=4) (actual time=0.025..0.025 rows=0 loops=4846)
                     Index Cond: (cd_demo_sk = customer.c_current_cdemo_sk)
                     Filter: (((cd_marital_status = 'M'::bpchar) AND (cd_education_status = 'Unknown'::bpchar)) OR ((cd_marital_status = 'W'::bpchar) AND (cd_education_status = 'Advanced Degree'::bpchar)))
                     Rows Removed by Filter: 1
                     Buffers: shared hit=17241 read=1855
         ->  Index Scan using call_center_pkey on call_center  (cost=0.14..0.16 rows=1 width=48) (actual time=0.019..0.019 rows=1 loops=635)
               Index Cond: (cc_call_center_sk = catalog_returns.cr_call_center_sk)
               Buffers: shared hit=1264
 Planning:
   Buffers: shared hit=415
 Planning Time: 2.951 ms
 Execution Time: 12368.892 ms
(54 rows)

