                                                                                                  QUERY PLAN                                                                                                  
--------------------------------------------------------------------------------------------------------------------------------------------------------------------------------------------------------------
 Aggregate  (cost=716146.24..716146.25 rows=1 width=136) (actual time=16305.173..16305.179 rows=1 loops=1)
   Buffers: shared hit=1804102 read=409028
   ->  Nested Loop  (cost=2571.83..716146.10 rows=9 width=58) (actual time=2382.344..16303.721 rows=426 loops=1)
         Buffers: shared hit=1804102 read=409028
         ->  Nested Loop  (cost=2571.69..716144.71 rows=9 width=18) (actual time=2382.324..16299.529 rows=429 loops=1)
               Buffers: shared hit=1803250 read=409028
               ->  Nested Loop  (cost=2571.27..716027.25 rows=164 width=22) (actual time=2375.671..16176.767 rows=4598 loops=1)
                     Buffers: shared hit=1787930 read=406256
                     ->  Nested Loop  (cost=2570.84..715010.66 rows=1528 width=26) (actual time=2358.983..14667.428 rows=62353 loops=1)
                           Buffers: shared hit=1545748 read=399026
                           ->  Nested Loop  (cost=2570.55..712671.62 rows=9167 width=30) (actual time=2357.834..14282.858 rows=372610 loops=1)
                                 Buffers: shared hit=1524151 read=399026
                                 ->  Hash Join  (cost=2570.12..706541.62 rows=9167 width=22) (actual time=2357.797..5545.752 rows=380176 loops=1)
                                       Hash Cond: (catalog_returns.cr_returned_date_sk = date_dim.d_date_sk)
                                       Buffers: shared hit=33912 read=398825
                                       ->  Seq Scan on catalog_returns  (cost=0.00..647267.12 rows=21600412 width=26) (actual time=0.050..3622.667 rows=21598628 loops=1)
                                             Buffers: shared hit=32438 read=398825
                                       ->  Hash  (cost=2569.73..2569.73 rows=31 width=4) (actual time=18.252..18.253 rows=31 loops=1)
                                             Buckets: 1024  Batches: 1  Memory Usage: 10kB
                                             Buffers: shared hit=1474
                                             ->  Seq Scan on date_dim  (cost=0.00..2569.73 rows=31 width=4) (actual time=9.813..18.235 rows=31 loops=1)
                                                   Filter: ((d_year = 2002) AND (d_moy = 3))
                                                   Rows Removed by Filter: 73018
                                                   Buffers: shared hit=1474
                                 ->  Index Scan using customer_pkey on customer  (cost=0.43..0.67 rows=1 width=16) (actual time=0.022..0.022 rows=1 loops=380176)
                                       Index Cond: (c_customer_sk = catalog_returns.cr_returning_customer_sk)
                                       Buffers: shared hit=1490239 read=201
                           ->  Memoize  (cost=0.29..0.31 rows=1 width=4) (actual time=0.001..0.001 rows=0 loops=372610)
                                 Cache Key: customer.c_current_hdemo_sk
                                 Cache Mode: logical
                                 Hits: 365410  Misses: 7200  Evictions: 0  Overflows: 0  Memory Usage: 521kB
                                 Buffers: shared hit=21597
                                 ->  Index Scan using household_demographics_pkey on household_demographics  (cost=0.28..0.30 rows=1 width=4) (actual time=0.014..0.014 rows=0 loops=7200)
                                       Index Cond: (hd_demo_sk = customer.c_current_hdemo_sk)
                                       Filter: (hd_buy_potential ~~ '501-1000%'::text)
                                       Rows Removed by Filter: 1
                                       Buffers: shared hit=21597
                     ->  Index Scan using customer_address_pkey on customer_address  (cost=0.42..0.67 rows=1 width=4) (actual time=0.024..0.024 rows=0 loops=62353)
                           Index Cond: (ca_address_sk = customer.c_current_addr_sk)
                           Filter: (ca_gmt_offset = '-7'::numeric)
                           Rows Removed by Filter: 1
                           Buffers: shared hit=242182 read=7230
               ->  Index Scan using customer_demographics_pkey on customer_demographics  (cost=0.43..0.72 rows=1 width=4) (actual time=0.026..0.026 rows=0 loops=4598)
                     Index Cond: (cd_demo_sk = customer.c_current_cdemo_sk)
                     Filter: (((cd_marital_status = 'M'::bpchar) AND (cd_education_status = 'Unknown'::bpchar)) OR ((cd_marital_status = 'W'::bpchar) AND (cd_education_status = 'Advanced Degree'::bpchar)))
                     Rows Removed by Filter: 1
                     Buffers: shared hit=15320 read=2772
         ->  Index Scan using call_center_pkey on call_center  (cost=0.14..0.16 rows=1 width=48) (actual time=0.008..0.008 rows=1 loops=429)
               Index Cond: (cc_call_center_sk = catalog_returns.cr_call_center_sk)
               Buffers: shared hit=852
 Planning:
   Buffers: shared hit=415
 Planning Time: 4.406 ms
 Execution Time: 16305.998 ms
(54 rows)

