                                                                                                     QUERY PLAN                                                                                                     
--------------------------------------------------------------------------------------------------------------------------------------------------------------------------------------------------------------------
 Aggregate  (cost=716164.96..716164.97 rows=1 width=136) (actual time=13886.569..13886.577 rows=1 loops=1)
   Buffers: shared hit=1400831 read=421914
   ->  Hash Join  (cost=2574.37..716164.39 rows=38 width=58) (actual time=1885.603..13879.222 rows=4058 loops=1)
         Hash Cond: (catalog_returns.cr_call_center_sk = call_center.cc_call_center_sk)
         Buffers: shared hit=1400831 read=421914
         ->  Nested Loop  (cost=2571.69..716161.60 rows=38 width=18) (actual time=1885.514..13876.311 rows=4096 loops=1)
               Buffers: shared hit=1400829 read=421914
               ->  Nested Loop  (cost=2571.27..716105.05 rows=85 width=22) (actual time=1885.485..13744.789 rows=5184 loops=1)
                     Buffers: shared hit=1381261 read=420746
                     ->  Nested Loop  (cost=2570.84..715010.66 rows=1528 width=26) (actual time=1874.407..12532.694 rows=49292 loops=1)
                           Buffers: shared hit=1197107 read=411140
                           ->  Nested Loop  (cost=2570.55..712671.62 rows=9167 width=30) (actual time=1871.139..12214.145 rows=288479 loops=1)
                                 Buffers: shared hit=1175513 read=411140
                                 ->  Hash Join  (cost=2570.12..706541.62 rows=9167 width=22) (actual time=1871.099..5482.460 rows=294395 loops=1)
                                       Hash Cond: (catalog_returns.cr_returned_date_sk = date_dim.d_date_sk)
                                       Buffers: shared hit=21805 read=410932
                                       ->  Seq Scan on catalog_returns  (cost=0.00..647267.12 rows=21600412 width=26) (actual time=0.025..3586.640 rows=21598628 loops=1)
                                             Buffers: shared hit=20331 read=410932
                                       ->  Hash  (cost=2569.73..2569.73 rows=31 width=4) (actual time=20.810..20.811 rows=31 loops=1)
                                             Buckets: 1024  Batches: 1  Memory Usage: 10kB
                                             Buffers: shared hit=1474
                                             ->  Seq Scan on date_dim  (cost=0.00..2569.73 rows=31 width=4) (actual time=11.211..20.797 rows=31 loops=1)
                                                   Filter: ((d_year = 2001) AND (d_moy = 8))
                                                   Rows Removed by Filter: 73018
                                                   Buffers: shared hit=1474
                                 ->  Index Scan using customer_pkey on customer  (cost=0.43..0.67 rows=1 width=16) (actual time=0.022..0.022 rows=1 loops=294395)
                                       Index Cond: (c_customer_sk = catalog_returns.cr_returning_customer_sk)
                                       Buffers: shared hit=1153708 read=208
                           ->  Memoize  (cost=0.29..0.31 rows=1 width=4) (actual time=0.001..0.001 rows=0 loops=288479)
                                 Cache Key: customer.c_current_hdemo_sk
                                 Cache Mode: logical
                                 Hits: 281280  Misses: 7199  Evictions: 0  Overflows: 0  Memory Usage: 521kB
                                 Buffers: shared hit=21594
                                 ->  Index Scan using household_demographics_pkey on household_demographics  (cost=0.28..0.30 rows=1 width=4) (actual time=0.014..0.014 rows=0 loops=7199)
                                       Index Cond: (hd_demo_sk = customer.c_current_hdemo_sk)
                                       Filter: (hd_buy_potential ~~ 'Unknown%'::text)
                                       Rows Removed by Filter: 1
                                       Buffers: shared hit=21594
                     ->  Index Scan using customer_demographics_pkey on customer_demographics  (cost=0.43..0.72 rows=1 width=4) (actual time=0.024..0.024 rows=0 loops=49292)
                           Index Cond: (cd_demo_sk = customer.c_current_cdemo_sk)
                           Filter: (((cd_marital_status = 'M'::bpchar) AND (cd_education_status = 'Unknown'::bpchar)) OR ((cd_marital_status = 'W'::bpchar) AND (cd_education_status = 'Advanced Degree'::bpchar)))
                           Rows Removed by Filter: 1
                           Buffers: shared hit=184154 read=9606
               ->  Index Scan using customer_address_pkey on customer_address  (cost=0.42..0.67 rows=1 width=4) (actual time=0.025..0.025 rows=1 loops=5184)
                     Index Cond: (ca_address_sk = customer.c_current_addr_sk)
                     Filter: (ca_gmt_offset = '-6'::numeric)
                     Rows Removed by Filter: 0
                     Buffers: shared hit=19568 read=1168
         ->  Hash  (cost=2.30..2.30 rows=30 width=48) (actual time=0.056..0.057 rows=30 loops=1)
               Buckets: 1024  Batches: 1  Memory Usage: 11kB
               Buffers: shared hit=2
               ->  Seq Scan on call_center  (cost=0.00..2.30 rows=30 width=48) (actual time=0.024..0.038 rows=30 loops=1)
                     Buffers: shared hit=2
 Planning:
   Buffers: shared hit=415
 Planning Time: 4.436 ms
 Execution Time: 13887.400 ms
(57 rows)

