                                                                                                  QUERY PLAN                                                                                                  
--------------------------------------------------------------------------------------------------------------------------------------------------------------------------------------------------------------
 Aggregate  (cost=715903.32..715903.33 rows=1 width=136) (actual time=14947.004..14947.011 rows=1 loops=1)
   Buffers: shared hit=1551905 read=418876
   ->  Nested Loop  (cost=2571.82..715903.18 rows=9 width=58) (actual time=2784.071..14945.365 rows=504 loops=1)
         Buffers: shared hit=1551905 read=418876
         ->  Nested Loop  (cost=2571.68..715901.79 rows=9 width=18) (actual time=2784.059..14940.162 rows=508 loops=1)
               Buffers: shared hit=1550897 read=418876
               ->  Nested Loop  (cost=2571.25..715788.62 rows=158 width=22) (actual time=2784.031..14741.790 rows=7962 loops=1)
                     Buffers: shared hit=1521104 read=417345
                     ->  Nested Loop  (cost=2570.83..714805.30 rows=1478 width=26) (actual time=2775.572..13423.490 rows=54107 loops=1)
                           Buffers: shared hit=1317520 read=404501
                           ->  Nested Loop  (cost=2570.54..712473.67 rows=8871 width=30) (actual time=2772.312..13083.784 rows=316921 loops=1)
                                 Buffers: shared hit=1295920 read=404501
                                 ->  Hash Join  (cost=2570.11..706541.60 rows=8871 width=22) (actual time=2772.265..5745.842 rows=323430 loops=1)
                                       Hash Cond: (catalog_returns.cr_returned_date_sk = date_dim.d_date_sk)
                                       Buffers: shared hit=28447 read=404290
                                       ->  Seq Scan on catalog_returns  (cost=0.00..647267.12 rows=21600412 width=26) (actual time=0.034..3741.922 rows=21598628 loops=1)
                                             Buffers: shared hit=26973 read=404290
                                       ->  Hash  (cost=2569.73..2569.73 rows=30 width=4) (actual time=29.990..29.992 rows=30 loops=1)
                                             Buckets: 1024  Batches: 1  Memory Usage: 10kB
                                             Buffers: shared hit=1474
                                             ->  Seq Scan on date_dim  (cost=0.00..2569.73 rows=30 width=4) (actual time=17.370..29.976 rows=30 loops=1)
                                                   Filter: ((d_year = 2002) AND (d_moy = 6))
                                                   Rows Removed by Filter: 73019
                                                   Buffers: shared hit=1474
                                 ->  Index Scan using customer_pkey on customer  (cost=0.43..0.67 rows=1 width=16) (actual time=0.022..0.022 rows=1 loops=323430)
                                       Index Cond: (c_customer_sk = catalog_returns.cr_returning_customer_sk)
                                       Buffers: shared hit=1267473 read=211
                           ->  Memoize  (cost=0.29..0.31 rows=1 width=4) (actual time=0.001..0.001 rows=0 loops=316921)
                                 Cache Key: customer.c_current_hdemo_sk
                                 Cache Mode: logical
                                 Hits: 309720  Misses: 7201  Evictions: 0  Overflows: 0  Memory Usage: 521kB
                                 Buffers: shared hit=21600
                                 ->  Index Scan using household_demographics_pkey on household_demographics  (cost=0.28..0.30 rows=1 width=4) (actual time=0.014..0.014 rows=0 loops=7201)
                                       Index Cond: (hd_demo_sk = customer.c_current_hdemo_sk)
                                       Filter: (hd_buy_potential ~~ 'Unknown%'::text)
                                       Rows Removed by Filter: 1
                                       Buffers: shared hit=21600
                     ->  Index Scan using customer_address_pkey on customer_address  (cost=0.42..0.67 rows=1 width=4) (actual time=0.024..0.024 rows=0 loops=54107)
                           Index Cond: (ca_address_sk = customer.c_current_addr_sk)
                           Filter: (ca_gmt_offset = '-7'::numeric)
                           Rows Removed by Filter: 1
                           Buffers: shared hit=203584 read=12844
               ->  Index Scan using customer_demographics_pkey on customer_demographics  (cost=0.43..0.72 rows=1 width=4) (actual time=0.024..0.024 rows=0 loops=7962)
                     Index Cond: (cd_demo_sk = customer.c_current_cdemo_sk)
                     Filter: (((cd_marital_status = 'M'::bpchar) AND (cd_education_status = 'Unknown'::bpchar)) OR ((cd_marital_status = 'W'::bpchar) AND (cd_education_status = 'Advanced Degree'::bpchar)))
                     Rows Removed by Filter: 1
                     Buffers: shared hit=29793 read=1531
         ->  Index Scan using call_center_pkey on call_center  (cost=0.14..0.16 rows=1 width=48) (actual time=0.009..0.009 rows=1 loops=508)
               Index Cond: (cc_call_center_sk = catalog_returns.cr_call_center_sk)
               Buffers: shared hit=1008
 Planning:
   Buffers: shared hit=415
 Planning Time: 5.130 ms
 Execution Time: 14947.736 ms
(54 rows)

