                                                                                                     QUERY PLAN                                                                                                     
--------------------------------------------------------------------------------------------------------------------------------------------------------------------------------------------------------------------
 Aggregate  (cost=716164.96..716164.97 rows=1 width=136) (actual time=14793.879..14793.889 rows=1 loops=1)
   Buffers: shared hit=1513106 read=415975
   ->  Hash Join  (cost=2574.37..716164.39 rows=38 width=58) (actual time=14793.872..14793.882 rows=0 loops=1)
         Hash Cond: (catalog_returns.cr_call_center_sk = call_center.cc_call_center_sk)
         Buffers: shared hit=1513106 read=415975
         ->  Nested Loop  (cost=2571.69..716161.60 rows=38 width=18) (actual time=14793.783..14793.791 rows=0 loops=1)
               Buffers: shared hit=1513104 read=415975
               ->  Nested Loop  (cost=2571.27..716105.05 rows=85 width=22) (actual time=2793.395..14759.896 rows=1208 loops=1)
                     Buffers: shared hit=1508551 read=415696
                     ->  Nested Loop  (cost=2570.84..715010.66 rows=1528 width=26) (actual time=2716.449..13425.478 rows=52854 loops=1)
                           Buffers: shared hit=1310836 read=405763
                           ->  Nested Loop  (cost=2570.55..712671.62 rows=9167 width=30) (actual time=2710.029..13074.451 rows=315567 loops=1)
                                 Buffers: shared hit=1289242 read=405763
                                 ->  Hash Join  (cost=2570.12..706541.62 rows=9167 width=22) (actual time=2709.985..5555.972 rows=321885 loops=1)
                                       Hash Cond: (catalog_returns.cr_returned_date_sk = date_dim.d_date_sk)
                                       Buffers: shared hit=27183 read=405554
                                       ->  Seq Scan on catalog_returns  (cost=0.00..647267.12 rows=21600412 width=26) (actual time=0.037..3703.651 rows=21598628 loops=1)
                                             Buffers: shared hit=26459 read=404804
                                       ->  Hash  (cost=2569.73..2569.73 rows=31 width=4) (actual time=22.773..22.774 rows=31 loops=1)
                                             Buckets: 1024  Batches: 1  Memory Usage: 10kB
                                             Buffers: shared hit=724 read=750
                                             ->  Seq Scan on date_dim  (cost=0.00..2569.73 rows=31 width=4) (actual time=13.409..22.757 rows=31 loops=1)
                                                   Filter: ((d_year = 2002) AND (d_moy = 7))
                                                   Rows Removed by Filter: 73018
                                                   Buffers: shared hit=724 read=750
                                 ->  Index Scan using customer_pkey on customer  (cost=0.43..0.67 rows=1 width=16) (actual time=0.023..0.023 rows=1 loops=321885)
                                       Index Cond: (c_customer_sk = catalog_returns.cr_returning_customer_sk)
                                       Buffers: shared hit=1262059 read=209
                           ->  Memoize  (cost=0.29..0.31 rows=1 width=4) (actual time=0.001..0.001 rows=0 loops=315567)
                                 Cache Key: customer.c_current_hdemo_sk
                                 Cache Mode: logical
                                 Hits: 308368  Misses: 7199  Evictions: 0  Overflows: 0  Memory Usage: 521kB
                                 Buffers: shared hit=21594
                                 ->  Index Scan using household_demographics_pkey on household_demographics  (cost=0.28..0.30 rows=1 width=4) (actual time=0.015..0.015 rows=0 loops=7199)
                                       Index Cond: (hd_demo_sk = customer.c_current_hdemo_sk)
                                       Filter: (hd_buy_potential ~~ '501-1000%'::text)
                                       Rows Removed by Filter: 1
                                       Buffers: shared hit=21594
                     ->  Index Scan using customer_demographics_pkey on customer_demographics  (cost=0.43..0.72 rows=1 width=4) (actual time=0.025..0.025 rows=0 loops=52854)
                           Index Cond: (cd_demo_sk = customer.c_current_cdemo_sk)
                           Filter: (((cd_marital_status = 'M'::bpchar) AND (cd_education_status = 'Unknown'::bpchar)) OR ((cd_marital_status = 'W'::bpchar) AND (cd_education_status = 'Advanced Degree'::bpchar)))
                           Rows Removed by Filter: 1
                           Buffers: shared hit=197715 read=9933
               ->  Index Scan using customer_address_pkey on customer_address  (cost=0.42..0.67 rows=1 width=4) (actual time=0.027..0.027 rows=0 loops=1208)
                     Index Cond: (ca_address_sk = customer.c_current_addr_sk)
                     Filter: (ca_gmt_offset = '-6'::numeric)
                     Rows Removed by Filter: 1
                     Buffers: shared hit=4553 read=279
         ->  Hash  (cost=2.30..2.30 rows=30 width=48) (actual time=0.068..0.069 rows=30 loops=1)
               Buckets: 1024  Batches: 1  Memory Usage: 11kB
               Buffers: shared hit=2
               ->  Seq Scan on call_center  (cost=0.00..2.30 rows=30 width=48) (actual time=0.025..0.043 rows=30 loops=1)
                     Buffers: shared hit=2
 Planning:
   Buffers: shared hit=384 read=31
 Planning Time: 4.472 ms
 Execution Time: 14794.637 ms
(57 rows)

