                                                                                                  QUERY PLAN                                                                                                  
--------------------------------------------------------------------------------------------------------------------------------------------------------------------------------------------------------------
 Aggregate  (cost=716146.24..716146.25 rows=1 width=136) (actual time=11448.856..11448.863 rows=1 loops=1)
   Buffers: shared hit=1051389 read=419207
   ->  Nested Loop  (cost=2571.83..716146.10 rows=9 width=58) (actual time=81.800..11447.256 rows=548 loops=1)
         Buffers: shared hit=1051389 read=419207
         ->  Nested Loop  (cost=2571.69..716144.71 rows=9 width=18) (actual time=81.787..11440.328 rows=554 loops=1)
               Buffers: shared hit=1050293 read=419207
               ->  Nested Loop  (cost=2571.27..716027.25 rows=164 width=22) (actual time=50.289..11343.153 rows=3868 loops=1)
                     Buffers: shared hit=1035702 read=418526
                     ->  Nested Loop  (cost=2570.84..715010.66 rows=1528 width=26) (actual time=39.826..10513.715 rows=33871 loops=1)
                           Buffers: shared hit=907113 read=411631
                           ->  Nested Loop  (cost=2570.55..712671.62 rows=9167 width=30) (actual time=35.401..10256.515 rows=216107 loops=1)
                                 Buffers: shared hit=885534 read=411631
                                 ->  Hash Join  (cost=2570.12..706541.62 rows=9167 width=22) (actual time=35.339..5247.211 rows=220552 loops=1)
                                       Hash Cond: (catalog_returns.cr_returned_date_sk = date_dim.d_date_sk)
                                       Buffers: shared hit=21194 read=411543
                                       ->  Seq Scan on catalog_returns  (cost=0.00..647267.12 rows=21600412 width=26) (actual time=0.051..3466.844 rows=21598628 loops=1)
                                             Buffers: shared hit=20417 read=410846
                                       ->  Hash  (cost=2569.73..2569.73 rows=31 width=4) (actual time=23.033..23.034 rows=31 loops=1)
                                             Buckets: 1024  Batches: 1  Memory Usage: 10kB
                                             Buffers: shared hit=777 read=697
                                             ->  Seq Scan on date_dim  (cost=0.00..2569.73 rows=31 width=4) (actual time=11.809..23.017 rows=31 loops=1)
                                                   Filter: ((d_year = 1998) AND (d_moy = 10))
                                                   Rows Removed by Filter: 73018
                                                   Buffers: shared hit=777 read=697
                                 ->  Index Scan using customer_pkey on customer  (cost=0.43..0.67 rows=1 width=16) (actual time=0.022..0.022 rows=1 loops=220552)
                                       Index Cond: (c_customer_sk = catalog_returns.cr_returning_customer_sk)
                                       Buffers: shared hit=864340 read=88
                           ->  Memoize  (cost=0.29..0.31 rows=1 width=4) (actual time=0.001..0.001 rows=0 loops=216107)
                                 Cache Key: customer.c_current_hdemo_sk
                                 Cache Mode: logical
                                 Hits: 208913  Misses: 7194  Evictions: 0  Overflows: 0  Memory Usage: 520kB
                                 Buffers: shared hit=21579
                                 ->  Index Scan using household_demographics_pkey on household_demographics  (cost=0.28..0.30 rows=1 width=4) (actual time=0.013..0.013 rows=0 loops=7194)
                                       Index Cond: (hd_demo_sk = customer.c_current_hdemo_sk)
                                       Filter: (hd_buy_potential ~~ '5001-10000%'::text)
                                       Rows Removed by Filter: 1
                                       Buffers: shared hit=21579
                     ->  Index Scan using customer_address_pkey on customer_address  (cost=0.42..0.67 rows=1 width=4) (actual time=0.024..0.024 rows=0 loops=33871)
                           Index Cond: (ca_address_sk = customer.c_current_addr_sk)
                           Filter: (ca_gmt_offset = '-7'::numeric)
                           Rows Removed by Filter: 1
                           Buffers: shared hit=128589 read=6895
               ->  Index Scan using customer_demographics_pkey on customer_demographics  (cost=0.43..0.72 rows=1 width=4) (actual time=0.025..0.025 rows=0 loops=3868)
                     Index Cond: (cd_demo_sk = customer.c_current_cdemo_sk)
                     Filter: (((cd_marital_status = 'M'::bpchar) AND (cd_education_status = 'Unknown'::bpchar)) OR ((cd_marital_status = 'W'::bpchar) AND (cd_education_status = 'Advanced Degree'::bpchar)))
                     Rows Removed by Filter: 1
                     Buffers: shared hit=14591 read=681
         ->  Index Scan using call_center_pkey on call_center  (cost=0.14..0.16 rows=1 width=48) (actual time=0.011..0.011 rows=1 loops=554)
               Index Cond: (cc_call_center_sk = catalog_returns.cr_call_center_sk)
               Buffers: shared hit=1096
 Planning:
   Buffers: shared hit=415
 Planning Time: 4.498 ms
 Execution Time: 11449.689 ms
(54 rows)

