                                                                                                  QUERY PLAN                                                                                                  
--------------------------------------------------------------------------------------------------------------------------------------------------------------------------------------------------------------
 Aggregate  (cost=715903.32..715903.33 rows=1 width=136) (actual time=14782.363..14782.370 rows=1 loops=1)
   Buffers: shared hit=1528761 read=421939
   ->  Nested Loop  (cost=2571.82..715903.18 rows=9 width=58) (actual time=2214.904..14780.294 rows=725 loops=1)
         Buffers: shared hit=1528761 read=421939
         ->  Nested Loop  (cost=2571.68..715901.79 rows=9 width=18) (actual time=2214.885..14770.530 rows=734 loops=1)
               Buffers: shared hit=1527311 read=421939
               ->  Nested Loop  (cost=2571.25..715788.62 rows=158 width=22) (actual time=2198.977..14625.452 rows=5580 loops=1)
                     Buffers: shared hit=1506794 read=420548
                     ->  Nested Loop  (cost=2570.83..714805.30 rows=1478 width=26) (actual time=2197.663..13353.785 rows=50397 loops=1)
                           Buffers: shared hit=1314693 read=411061
                           ->  Nested Loop  (cost=2570.54..712473.67 rows=8871 width=30) (actual time=2196.785..13014.475 rows=317858 loops=1)
                                 Buffers: shared hit=1293108 read=411061
                                 ->  Hash Join  (cost=2570.11..706541.60 rows=8871 width=22) (actual time=2196.731..5544.608 rows=324351 loops=1)
                                       Hash Cond: (catalog_returns.cr_returned_date_sk = date_dim.d_date_sk)
                                       Buffers: shared hit=21836 read=410901
                                       ->  Seq Scan on catalog_returns  (cost=0.00..647267.12 rows=21600412 width=26) (actual time=0.049..3667.545 rows=21598628 loops=1)
                                             Buffers: shared hit=20362 read=410901
                                       ->  Hash  (cost=2569.73..2569.73 rows=30 width=4) (actual time=19.207..19.208 rows=31 loops=1)
                                             Buckets: 1024  Batches: 1  Memory Usage: 10kB
                                             Buffers: shared hit=1474
                                             ->  Seq Scan on date_dim  (cost=0.00..2569.73 rows=30 width=4) (actual time=11.071..19.192 rows=31 loops=1)
                                                   Filter: ((d_year = 2001) AND (d_moy = 12))
                                                   Rows Removed by Filter: 73018
                                                   Buffers: shared hit=1474
                                 ->  Index Scan using customer_pkey on customer  (cost=0.43..0.67 rows=1 width=16) (actual time=0.022..0.022 rows=1 loops=324351)
                                       Index Cond: (c_customer_sk = catalog_returns.cr_returning_customer_sk)
                                       Buffers: shared hit=1271272 read=160
                           ->  Memoize  (cost=0.29..0.31 rows=1 width=4) (actual time=0.001..0.001 rows=0 loops=317858)
                                 Cache Key: customer.c_current_hdemo_sk
                                 Cache Mode: logical
                                 Hits: 310662  Misses: 7196  Evictions: 0  Overflows: 0  Memory Usage: 521kB
                                 Buffers: shared hit=21585
                                 ->  Index Scan using household_demographics_pkey on household_demographics  (cost=0.28..0.30 rows=1 width=4) (actual time=0.013..0.013 rows=0 loops=7196)
                                       Index Cond: (hd_demo_sk = customer.c_current_hdemo_sk)
                                       Filter: (hd_buy_potential ~~ '5001-10000%'::text)
                                       Rows Removed by Filter: 1
                                       Buffers: shared hit=21585
                     ->  Index Scan using customer_address_pkey on customer_address  (cost=0.42..0.67 rows=1 width=4) (actual time=0.025..0.025 rows=0 loops=50397)
                           Index Cond: (ca_address_sk = customer.c_current_addr_sk)
                           Filter: (ca_gmt_offset = '-7'::numeric)
                           Rows Removed by Filter: 1
                           Buffers: shared hit=192101 read=9487
               ->  Index Scan using customer_demographics_pkey on customer_demographics  (cost=0.43..0.72 rows=1 width=4) (actual time=0.025..0.025 rows=0 loops=5580)
                     Index Cond: (cd_demo_sk = customer.c_current_cdemo_sk)
                     Filter: (((cd_marital_status = 'M'::bpchar) AND (cd_education_status = 'Unknown'::bpchar)) OR ((cd_marital_status = 'W'::bpchar) AND (cd_education_status = 'Advanced Degree'::bpchar)))
                     Rows Removed by Filter: 1
                     Buffers: shared hit=20517 read=1391
         ->  Index Scan using call_center_pkey on call_center  (cost=0.14..0.16 rows=1 width=48) (actual time=0.012..0.012 rows=1 loops=734)
               Index Cond: (cc_call_center_sk = catalog_returns.cr_call_center_sk)
               Buffers: shared hit=1450
 Planning:
   Buffers: shared hit=415
 Planning Time: 4.471 ms
 Execution Time: 14783.232 ms
(54 rows)

