                                                                                                  QUERY PLAN                                                                                                  
--------------------------------------------------------------------------------------------------------------------------------------------------------------------------------------------------------------
 Aggregate  (cost=716146.24..716146.25 rows=1 width=136) (actual time=14770.581..14770.587 rows=1 loops=1)
   Buffers: shared hit=1538714 read=418877
   ->  Nested Loop  (cost=2571.83..716146.10 rows=9 width=58) (actual time=2786.063..14768.283 rows=803 loops=1)
         Buffers: shared hit=1538714 read=418877
         ->  Nested Loop  (cost=2571.69..716144.71 rows=9 width=18) (actual time=2786.050..14758.451 rows=816 loops=1)
               Buffers: shared hit=1537108 read=418877
               ->  Nested Loop  (cost=2571.27..716027.25 rows=164 width=22) (actual time=2744.592..14580.200 rows=6539 loops=1)
                     Buffers: shared hit=1513212 read=417057
                     ->  Nested Loop  (cost=2570.84..715010.66 rows=1528 width=26) (actual time=2744.568..13366.266 rows=49287 loops=1)
                           Buffers: shared hit=1326949 read=406172
                           ->  Nested Loop  (cost=2570.55..712671.62 rows=9167 width=30) (actual time=2740.230..13004.899 rows=319696 loops=1)
                                 Buffers: shared hit=1305349 read=406172
                                 ->  Hash Join  (cost=2570.12..706541.62 rows=9167 width=22) (actual time=2740.197..5533.343 rows=326115 loops=1)
                                       Hash Cond: (catalog_returns.cr_returned_date_sk = date_dim.d_date_sk)
                                       Buffers: shared hit=26713 read=406024
                                       ->  Seq Scan on catalog_returns  (cost=0.00..647267.12 rows=21600412 width=26) (actual time=0.070..3623.708 rows=21598628 loops=1)
                                             Buffers: shared hit=26016 read=405247
                                       ->  Hash  (cost=2569.73..2569.73 rows=31 width=4) (actual time=21.487..21.488 rows=31 loops=1)
                                             Buckets: 1024  Batches: 1  Memory Usage: 10kB
                                             Buffers: shared hit=697 read=777
                                             ->  Seq Scan on date_dim  (cost=0.00..2569.73 rows=31 width=4) (actual time=13.775..21.468 rows=31 loops=1)
                                                   Filter: ((d_year = 2002) AND (d_moy = 8))
                                                   Rows Removed by Filter: 73018
                                                   Buffers: shared hit=697 read=777
                                 ->  Index Scan using customer_pkey on customer  (cost=0.43..0.67 rows=1 width=16) (actual time=0.022..0.022 rows=1 loops=326115)
                                       Index Cond: (c_customer_sk = catalog_returns.cr_returning_customer_sk)
                                       Buffers: shared hit=1278636 read=148
                           ->  Memoize  (cost=0.29..0.31 rows=1 width=4) (actual time=0.001..0.001 rows=0 loops=319696)
                                 Cache Key: customer.c_current_hdemo_sk
                                 Cache Mode: logical
                                 Hits: 312495  Misses: 7201  Evictions: 0  Overflows: 0  Memory Usage: 521kB
                                 Buffers: shared hit=21600
                                 ->  Index Scan using household_demographics_pkey on household_demographics  (cost=0.28..0.30 rows=1 width=4) (actual time=0.017..0.017 rows=0 loops=7201)
                                       Index Cond: (hd_demo_sk = customer.c_current_hdemo_sk)
                                       Filter: (hd_buy_potential ~~ '0-500%'::text)
                                       Rows Removed by Filter: 1
                                       Buffers: shared hit=21600
                     ->  Index Scan using customer_address_pkey on customer_address  (cost=0.42..0.67 rows=1 width=4) (actual time=0.024..0.024 rows=0 loops=49287)
                           Index Cond: (ca_address_sk = customer.c_current_addr_sk)
                           Filter: (ca_gmt_offset = '-7'::numeric)
                           Rows Removed by Filter: 1
                           Buffers: shared hit=186263 read=10885
               ->  Index Scan using customer_demographics_pkey on customer_demographics  (cost=0.43..0.72 rows=1 width=4) (actual time=0.027..0.027 rows=0 loops=6539)
                     Index Cond: (cd_demo_sk = customer.c_current_cdemo_sk)
                     Filter: (((cd_marital_status = 'M'::bpchar) AND (cd_education_status = 'Unknown'::bpchar)) OR ((cd_marital_status = 'W'::bpchar) AND (cd_education_status = 'Advanced Degree'::bpchar)))
                     Rows Removed by Filter: 1
                     Buffers: shared hit=23896 read=1820
         ->  Index Scan using call_center_pkey on call_center  (cost=0.14..0.16 rows=1 width=48) (actual time=0.011..0.011 rows=1 loops=816)
               Index Cond: (cc_call_center_sk = catalog_returns.cr_call_center_sk)
               Buffers: shared hit=1606
 Planning:
   Buffers: shared hit=384 read=31
 Planning Time: 4.921 ms
 Execution Time: 14771.385 ms
(54 rows)

