                                                                                                     QUERY PLAN                                                                                                     
--------------------------------------------------------------------------------------------------------------------------------------------------------------------------------------------------------------------
 Aggregate  (cost=716164.96..716164.97 rows=1 width=136) (actual time=11863.165..11863.172 rows=1 loops=1)
   Buffers: shared hit=1093139 read=422010
   ->  Hash Join  (cost=2574.37..716164.39 rows=38 width=58) (actual time=11863.160..11863.167 rows=0 loops=1)
         Hash Cond: (catalog_returns.cr_call_center_sk = call_center.cc_call_center_sk)
         Buffers: shared hit=1093139 read=422010
         ->  Nested Loop  (cost=2571.69..716161.60 rows=38 width=18) (actual time=11863.052..11863.057 rows=0 loops=1)
               Buffers: shared hit=1093137 read=422010
               ->  Nested Loop  (cost=2571.27..716105.05 rows=85 width=22) (actual time=615.935..11841.216 rows=832 loops=1)
                     Buffers: shared hit=1089972 read=421847
                     ->  Nested Loop  (cost=2570.84..715010.66 rows=1528 width=26) (actual time=539.054..10849.629 rows=38206 loops=1)
                           Buffers: shared hit=950000 read=411887
                           ->  Nested Loop  (cost=2570.55..712671.62 rows=9167 width=30) (actual time=539.026..10570.357 rows=226892 loops=1)
                                 Buffers: shared hit=928418 read=411887
                                 ->  Hash Join  (cost=2570.12..706541.62 rows=9167 width=22) (actual time=538.971..5247.823 rows=231553 loops=1)
                                       Hash Cond: (catalog_returns.cr_returned_date_sk = date_dim.d_date_sk)
                                       Buffers: shared hit=20932 read=411805
                                       ->  Seq Scan on catalog_returns  (cost=0.00..647267.12 rows=21600412 width=26) (actual time=0.044..3472.849 rows=21598628 loops=1)
                                             Buffers: shared hit=20155 read=411108
                                       ->  Hash  (cost=2569.73..2569.73 rows=31 width=4) (actual time=21.154..21.155 rows=31 loops=1)
                                             Buckets: 1024  Batches: 1  Memory Usage: 10kB
                                             Buffers: shared hit=777 read=697
                                             ->  Seq Scan on date_dim  (cost=0.00..2569.73 rows=31 width=4) (actual time=11.214..21.139 rows=31 loops=1)
                                                   Filter: ((d_year = 1999) AND (d_moy = 8))
                                                   Rows Removed by Filter: 73018
                                                   Buffers: shared hit=777 read=697
                                 ->  Index Scan using customer_pkey on customer  (cost=0.43..0.67 rows=1 width=16) (actual time=0.022..0.022 rows=1 loops=231553)
                                       Index Cond: (c_customer_sk = catalog_returns.cr_returning_customer_sk)
                                       Buffers: shared hit=907486 read=82
                           ->  Memoize  (cost=0.29..0.31 rows=1 width=4) (actual time=0.001..0.001 rows=0 loops=226892)
                                 Cache Key: customer.c_current_hdemo_sk
                                 Cache Mode: logical
                                 Hits: 219697  Misses: 7195  Evictions: 0  Overflows: 0  Memory Usage: 520kB
                                 Buffers: shared hit=21582
                                 ->  Index Scan using household_demographics_pkey on household_demographics  (cost=0.28..0.30 rows=1 width=4) (actual time=0.015..0.015 rows=0 loops=7195)
                                       Index Cond: (hd_demo_sk = customer.c_current_hdemo_sk)
                                       Filter: (hd_buy_potential ~~ '501-1000%'::text)
                                       Rows Removed by Filter: 1
                                       Buffers: shared hit=21582
                     ->  Index Scan using customer_demographics_pkey on customer_demographics  (cost=0.43..0.72 rows=1 width=4) (actual time=0.026..0.026 rows=0 loops=38206)
                           Index Cond: (cd_demo_sk = customer.c_current_cdemo_sk)
                           Filter: (((cd_marital_status = 'M'::bpchar) AND (cd_education_status = 'Unknown'::bpchar)) OR ((cd_marital_status = 'W'::bpchar) AND (cd_education_status = 'Advanced Degree'::bpchar)))
                           Rows Removed by Filter: 1
                           Buffers: shared hit=139972 read=9960
               ->  Index Scan using customer_address_pkey on customer_address  (cost=0.42..0.67 rows=1 width=4) (actual time=0.026..0.026 rows=0 loops=832)
                     Index Cond: (ca_address_sk = customer.c_current_addr_sk)
                     Filter: (ca_gmt_offset = '-6'::numeric)
                     Rows Removed by Filter: 1
                     Buffers: shared hit=3165 read=163
         ->  Hash  (cost=2.30..2.30 rows=30 width=48) (actual time=0.079..0.079 rows=30 loops=1)
               Buckets: 1024  Batches: 1  Memory Usage: 11kB
               Buffers: shared hit=2
               ->  Seq Scan on call_center  (cost=0.00..2.30 rows=30 width=48) (actual time=0.030..0.052 rows=30 loops=1)
                     Buffers: shared hit=2
 Planning:
   Buffers: shared hit=415
 Planning Time: 4.515 ms
 Execution Time: 11864.029 ms
(57 rows)

