                                                                                                     QUERY PLAN                                                                                                     
--------------------------------------------------------------------------------------------------------------------------------------------------------------------------------------------------------------------
 Aggregate  (cost=715921.76..715921.77 rows=1 width=136) (actual time=11878.939..11878.946 rows=1 loops=1)
   Buffers: shared hit=1117288 read=420177
   ->  Hash Join  (cost=2574.36..715921.22 rows=36 width=58) (actual time=11878.934..11878.940 rows=0 loops=1)
         Hash Cond: (catalog_returns.cr_call_center_sk = call_center.cc_call_center_sk)
         Buffers: shared hit=1117288 read=420177
         ->  Nested Loop  (cost=2571.68..715918.44 rows=36 width=18) (actual time=11878.856..11878.861 rows=0 loops=1)
               Buffers: shared hit=1117286 read=420177
               ->  Nested Loop  (cost=2571.26..715863.88 rows=82 width=22) (actual time=46.810..11852.849 rows=839 loops=1)
                     Buffers: shared hit=1114045 read=420062
                     ->  Nested Loop  (cost=2570.83..714805.30 rows=1478 width=26) (actual time=20.823..10889.456 rows=38786 loops=1)
                           Buffers: shared hit=972352 read=409311
                           ->  Nested Loop  (cost=2570.54..712473.67 rows=8871 width=30) (actual time=19.326..10603.844 rows=231836 loops=1)
                                 Buffers: shared hit=950770 read=409311
                                 ->  Hash Join  (cost=2570.11..706541.60 rows=8871 width=22) (actual time=19.272..5116.656 rows=236498 loops=1)
                                       Hash Cond: (catalog_returns.cr_returned_date_sk = date_dim.d_date_sk)
                                       Buffers: shared hit=23481 read=409256
                                       ->  Seq Scan on catalog_returns  (cost=0.00..647267.12 rows=21600412 width=26) (actual time=0.034..3361.120 rows=21598628 loops=1)
                                             Buffers: shared hit=22007 read=409256
                                       ->  Hash  (cost=2569.73..2569.73 rows=30 width=4) (actual time=19.187..19.188 rows=30 loops=1)
                                             Buckets: 1024  Batches: 1  Memory Usage: 10kB
                                             Buffers: shared hit=1474
                                             ->  Seq Scan on date_dim  (cost=0.00..2569.73 rows=30 width=4) (actual time=11.364..19.172 rows=30 loops=1)
                                                   Filter: ((d_year = 1998) AND (d_moy = 9))
                                                   Rows Removed by Filter: 73019
                                                   Buffers: shared hit=1474
                                 ->  Index Scan using customer_pkey on customer  (cost=0.43..0.67 rows=1 width=16) (actual time=0.023..0.023 rows=1 loops=236498)
                                       Index Cond: (c_customer_sk = catalog_returns.cr_returning_customer_sk)
                                       Buffers: shared hit=927289 read=55
                           ->  Memoize  (cost=0.29..0.31 rows=1 width=4) (actual time=0.001..0.001 rows=0 loops=231836)
                                 Cache Key: customer.c_current_hdemo_sk
                                 Cache Mode: logical
                                 Hits: 224641  Misses: 7195  Evictions: 0  Overflows: 0  Memory Usage: 520kB
                                 Buffers: shared hit=21582
                                 ->  Index Scan using household_demographics_pkey on household_demographics  (cost=0.28..0.30 rows=1 width=4) (actual time=0.015..0.015 rows=0 loops=7195)
                                       Index Cond: (hd_demo_sk = customer.c_current_hdemo_sk)
                                       Filter: (hd_buy_potential ~~ '501-1000%'::text)
                                       Rows Removed by Filter: 1
                                       Buffers: shared hit=21582
                     ->  Index Scan using customer_demographics_pkey on customer_demographics  (cost=0.43..0.72 rows=1 width=4) (actual time=0.024..0.024 rows=0 loops=38786)
                           Index Cond: (cd_demo_sk = customer.c_current_cdemo_sk)
                           Filter: (((cd_marital_status = 'M'::bpchar) AND (cd_education_status = 'Unknown'::bpchar)) OR ((cd_marital_status = 'W'::bpchar) AND (cd_education_status = 'Advanced Degree'::bpchar)))
                           Rows Removed by Filter: 1
                           Buffers: shared hit=141693 read=10751
               ->  Index Scan using customer_address_pkey on customer_address  (cost=0.42..0.67 rows=1 width=4) (actual time=0.030..0.030 rows=0 loops=839)
                     Index Cond: (ca_address_sk = customer.c_current_addr_sk)
                     Filter: (ca_gmt_offset = '-6'::numeric)
                     Rows Removed by Filter: 1
                     Buffers: shared hit=3241 read=115
         ->  Hash  (cost=2.30..2.30 rows=30 width=48) (actual time=0.059..0.059 rows=30 loops=1)
               Buckets: 1024  Batches: 1  Memory Usage: 11kB
               Buffers: shared hit=2
               ->  Seq Scan on call_center  (cost=0.00..2.30 rows=30 width=48) (actual time=0.023..0.038 rows=30 loops=1)
                     Buffers: shared hit=2
 Planning:
   Buffers: shared hit=415
 Planning Time: 4.256 ms
 Execution Time: 11879.615 ms
(57 rows)

