                                                                                                  QUERY PLAN                                                                                                  
--------------------------------------------------------------------------------------------------------------------------------------------------------------------------------------------------------------
 Aggregate  (cost=715420.76..715420.77 rows=1 width=136) (actual time=13348.741..13348.749 rows=1 loops=1)
   Buffers: shared hit=1319783 read=417126
   ->  Nested Loop  (cost=2571.79..715420.64 rows=8 width=58) (actual time=13348.735..13348.743 rows=0 loops=1)
         Buffers: shared hit=1319783 read=417126
         ->  Nested Loop  (cost=2571.66..715419.40 rows=8 width=18) (actual time=13348.734..13348.742 rows=0 loops=1)
               Buffers: shared hit=1319783 read=417126
               ->  Nested Loop  (cost=2571.23..715313.40 rows=148 width=22) (actual time=1580.221..13236.658 rows=4177 loops=1)
                     Buffers: shared hit=1304724 read=415725
                     ->  Nested Loop  (cost=2570.80..714395.28 rows=1380 width=26) (actual time=1580.192..12285.255 rows=38097 loops=1)
                           Buffers: shared hit=1160422 read=407639
                           ->  Nested Loop  (cost=2570.51..712078.44 rows=8280 width=30) (actual time=1577.082..11968.522 rows=278431 loops=1)
                                 Buffers: shared hit=1138822 read=407639
                                 ->  Hash Join  (cost=2570.08..706541.58 rows=8280 width=22) (actual time=1577.030..5392.648 rows=283886 loops=1)
                                       Hash Cond: (catalog_returns.cr_returned_date_sk = date_dim.d_date_sk)
                                       Buffers: shared hit=25177 read=407560
                                       ->  Seq Scan on catalog_returns  (cost=0.00..647267.12 rows=21600412 width=26) (actual time=0.042..3550.673 rows=21598628 loops=1)
                                             Buffers: shared hit=23703 read=407560
                                       ->  Hash  (cost=2569.73..2569.73 rows=28 width=4) (actual time=19.279..19.280 rows=28 loops=1)
                                             Buckets: 1024  Batches: 1  Memory Usage: 9kB
                                             Buffers: shared hit=1474
                                             ->  Seq Scan on date_dim  (cost=0.00..2569.73 rows=28 width=4) (actual time=11.127..19.267 rows=28 loops=1)
                                                   Filter: ((d_year = 2001) AND (d_moy = 2))
                                                   Rows Removed by Filter: 73021
                                                   Buffers: shared hit=1474
                                 ->  Index Scan using customer_pkey on customer  (cost=0.43..0.67 rows=1 width=16) (actual time=0.023..0.023 rows=1 loops=283886)
                                       Index Cond: (c_customer_sk = catalog_returns.cr_returning_customer_sk)
                                       Buffers: shared hit=1113645 read=79
                           ->  Memoize  (cost=0.29..0.31 rows=1 width=4) (actual time=0.001..0.001 rows=0 loops=278431)
                                 Cache Key: customer.c_current_hdemo_sk
                                 Cache Mode: logical
                                 Hits: 271230  Misses: 7201  Evictions: 0  Overflows: 0  Memory Usage: 521kB
                                 Buffers: shared hit=21600
                                 ->  Index Scan using household_demographics_pkey on household_demographics  (cost=0.28..0.30 rows=1 width=4) (actual time=0.015..0.015 rows=0 loops=7201)
                                       Index Cond: (hd_demo_sk = customer.c_current_hdemo_sk)
                                       Filter: (hd_buy_potential ~~ '1001-5000%'::text)
                                       Rows Removed by Filter: 1
                                       Buffers: shared hit=21600
                     ->  Index Scan using customer_address_pkey on customer_address  (cost=0.42..0.67 rows=1 width=4) (actual time=0.025..0.025 rows=0 loops=38097)
                           Index Cond: (ca_address_sk = customer.c_current_addr_sk)
                           Filter: (ca_gmt_offset = '-7'::numeric)
                           Rows Removed by Filter: 1
                           Buffers: shared hit=144302 read=8086
               ->  Index Scan using customer_demographics_pkey on customer_demographics  (cost=0.43..0.72 rows=1 width=4) (actual time=0.026..0.026 rows=0 loops=4177)
                     Index Cond: (cd_demo_sk = customer.c_current_cdemo_sk)
                     Filter: (((cd_marital_status = 'M'::bpchar) AND (cd_education_status = 'Unknown'::bpchar)) OR ((cd_marital_status = 'W'::bpchar) AND (cd_education_status = 'Advanced Degree'::bpchar)))
                     Rows Removed by Filter: 1
                     Buffers: shared hit=15059 read=1401
         ->  Index Scan using call_center_pkey on call_center  (cost=0.14..0.16 rows=1 width=48) (never executed)
               Index Cond: (cc_call_center_sk = catalog_returns.cr_call_center_sk)
 Planning:
   Buffers: shared hit=415
 Planning Time: 4.315 ms
 Execution Time: 13349.413 ms
(53 rows)

