                                                                                                  QUERY PLAN                                                                                                  
--------------------------------------------------------------------------------------------------------------------------------------------------------------------------------------------------------------
 Aggregate  (cost=715661.61..715661.62 rows=1 width=136) (actual time=10824.936..10824.942 rows=1 loops=1)
   Buffers: shared hit=932136 read=412429
   ->  Nested Loop  (cost=2571.81..715661.49 rows=8 width=58) (actual time=92.324..10823.451 rows=528 loops=1)
         Buffers: shared hit=932136 read=412429
         ->  Nested Loop  (cost=2571.67..715660.25 rows=8 width=18) (actual time=92.308..10813.601 rows=531 loops=1)
               Buffers: shared hit=931080 read=412429
               ->  Nested Loop  (cost=2571.24..715550.67 rows=153 width=22) (actual time=80.922..10720.167 rows=3419 loops=1)
                     Buffers: shared hit=919066 read=411015
                     ->  Nested Loop  (cost=2570.82..714599.95 rows=1429 width=26) (actual time=76.152..9987.359 rows=29981 loops=1)
                           Buffers: shared hit=804614 read=405543
                           ->  Nested Loop  (cost=2570.52..712275.72 rows=8575 width=30) (actual time=76.128..9754.183 rows=188961 loops=1)
                                 Buffers: shared hit=783038 read=405543
                                 ->  Hash Join  (cost=2570.10..706541.59 rows=8575 width=22) (actual time=76.072..5402.907 rows=192746 loops=1)
                                       Hash Cond: (catalog_returns.cr_returned_date_sk = date_dim.d_date_sk)
                                       Buffers: shared hit=27243 read=405494
                                       ->  Seq Scan on catalog_returns  (cost=0.00..647267.12 rows=21600412 width=26) (actual time=0.049..3567.755 rows=21598628 loops=1)
                                             Buffers: shared hit=26539 read=404724
                                       ->  Hash  (cost=2569.73..2569.73 rows=29 width=4) (actual time=21.303..21.304 rows=30 loops=1)
                                             Buckets: 1024  Batches: 1  Memory Usage: 10kB
                                             Buffers: shared hit=704 read=770
                                             ->  Seq Scan on date_dim  (cost=0.00..2569.73 rows=29 width=4) (actual time=14.284..21.284 rows=30 loops=1)
                                                   Filter: ((d_year = 1998) AND (d_moy = 11))
                                                   Rows Removed by Filter: 73019
                                                   Buffers: shared hit=704 read=770
                                 ->  Index Scan using customer_pkey on customer  (cost=0.43..0.67 rows=1 width=16) (actual time=0.022..0.022 rows=1 loops=192746)
                                       Index Cond: (c_customer_sk = catalog_returns.cr_returning_customer_sk)
                                       Buffers: shared hit=755795 read=49
                           ->  Memoize  (cost=0.29..0.31 rows=1 width=4) (actual time=0.001..0.001 rows=0 loops=188961)
                                 Cache Key: customer.c_current_hdemo_sk
                                 Cache Mode: logical
                                 Hits: 181768  Misses: 7193  Evictions: 0  Overflows: 0  Memory Usage: 520kB
                                 Buffers: shared hit=21576
                                 ->  Index Scan using household_demographics_pkey on household_demographics  (cost=0.28..0.30 rows=1 width=4) (actual time=0.013..0.013 rows=0 loops=7193)
                                       Index Cond: (hd_demo_sk = customer.c_current_hdemo_sk)
                                       Filter: (hd_buy_potential ~~ '5001-10000%'::text)
                                       Rows Removed by Filter: 1
                                       Buffers: shared hit=21576
                     ->  Index Scan using customer_address_pkey on customer_address  (cost=0.42..0.67 rows=1 width=4) (actual time=0.024..0.024 rows=0 loops=29981)
                           Index Cond: (ca_address_sk = customer.c_current_addr_sk)
                           Filter: (ca_gmt_offset = '-7'::numeric)
                           Rows Removed by Filter: 1
                           Buffers: shared hit=114452 read=5472
               ->  Index Scan using customer_demographics_pkey on customer_demographics  (cost=0.43..0.72 rows=1 width=4) (actual time=0.027..0.027 rows=0 loops=3419)
                     Index Cond: (cd_demo_sk = customer.c_current_cdemo_sk)
                     Filter: (((cd_marital_status = 'M'::bpchar) AND (cd_education_status = 'Unknown'::bpchar)) OR ((cd_marital_status = 'W'::bpchar) AND (cd_education_status = 'Advanced Degree'::bpchar)))
                     Rows Removed by Filter: 1
                     Buffers: shared hit=12014 read=1414
         ->  Index Scan using call_center_pkey on call_center  (cost=0.14..0.16 rows=1 width=48) (actual time=0.017..0.017 rows=1 loops=531)
               Index Cond: (cc_call_center_sk = catalog_returns.cr_call_center_sk)
               Buffers: shared hit=1056
 Planning:
   Buffers: shared hit=384 read=31
 Planning Time: 4.562 ms
 Execution Time: 10825.629 ms
(54 rows)

