                                                                                                     QUERY PLAN                                                                                                     
--------------------------------------------------------------------------------------------------------------------------------------------------------------------------------------------------------------------
 Aggregate  (cost=715437.52..715437.53 rows=1 width=136) (actual time=13295.204..13295.211 rows=1 loops=1)
   Buffers: shared hit=1313253 read=416346
   ->  Hash Join  (cost=2574.33..715437.01 rows=34 width=58) (actual time=1561.038..13290.145 rows=2478 loops=1)
         Hash Cond: (catalog_returns.cr_call_center_sk = call_center.cc_call_center_sk)
         Buffers: shared hit=1313253 read=416346
         ->  Nested Loop  (cost=2571.66..715434.23 rows=34 width=18) (actual time=1560.964..13288.142 rows=2507 loops=1)
               Buffers: shared hit=1313251 read=416346
               ->  Nested Loop  (cost=2571.23..715383.67 rows=76 width=22) (actual time=1560.939..13214.398 rows=3016 loops=1)
                     Buffers: shared hit=1301735 read=415798
                     ->  Nested Loop  (cost=2570.80..714395.28 rows=1380 width=26) (actual time=1546.146..12251.945 rows=38097 loops=1)
                           Buffers: shared hit=1161164 read=406897
                           ->  Nested Loop  (cost=2570.51..712078.44 rows=8280 width=30) (actual time=1542.888..11928.233 rows=278431 loops=1)
                                 Buffers: shared hit=1139564 read=406897
                                 ->  Hash Join  (cost=2570.08..706541.58 rows=8280 width=22) (actual time=1542.842..5386.387 rows=283886 loops=1)
                                       Hash Cond: (catalog_returns.cr_returned_date_sk = date_dim.d_date_sk)
                                       Buffers: shared hit=25884 read=406853
                                       ->  Seq Scan on catalog_returns  (cost=0.00..647267.12 rows=21600412 width=26) (actual time=0.396..3541.405 rows=21598628 loops=1)
                                             Buffers: shared hit=24410 read=406853
                                       ->  Hash  (cost=2569.73..2569.73 rows=28 width=4) (actual time=20.747..20.748 rows=28 loops=1)
                                             Buckets: 1024  Batches: 1  Memory Usage: 9kB
                                             Buffers: shared hit=1474
                                             ->  Seq Scan on date_dim  (cost=0.00..2569.73 rows=28 width=4) (actual time=11.456..20.731 rows=28 loops=1)
                                                   Filter: ((d_year = 2001) AND (d_moy = 2))
                                                   Rows Removed by Filter: 73021
                                                   Buffers: shared hit=1474
                                 ->  Index Scan using customer_pkey on customer  (cost=0.43..0.67 rows=1 width=16) (actual time=0.022..0.022 rows=1 loops=283886)
                                       Index Cond: (c_customer_sk = catalog_returns.cr_returning_customer_sk)
                                       Buffers: shared hit=1113680 read=44
                           ->  Memoize  (cost=0.29..0.31 rows=1 width=4) (actual time=0.001..0.001 rows=0 loops=278431)
                                 Cache Key: customer.c_current_hdemo_sk
                                 Cache Mode: logical
                                 Hits: 271230  Misses: 7201  Evictions: 0  Overflows: 0  Memory Usage: 521kB
                                 Buffers: shared hit=21600
                                 ->  Index Scan using household_demographics_pkey on household_demographics  (cost=0.28..0.30 rows=1 width=4) (actual time=0.015..0.015 rows=0 loops=7201)
                                       Index Cond: (hd_demo_sk = customer.c_current_hdemo_sk)
                                       Filter: (hd_buy_potential ~~ '1001-5000%'::text)
                                       Rows Removed by Filter: 1
                                       Buffers: shared hit=21600
                     ->  Index Scan using customer_demographics_pkey on customer_demographics  (cost=0.43..0.72 rows=1 width=4) (actual time=0.025..0.025 rows=0 loops=38097)
                           Index Cond: (cd_demo_sk = customer.c_current_cdemo_sk)
                           Filter: (((cd_marital_status = 'M'::bpchar) AND (cd_education_status = 'Unknown'::bpchar)) OR ((cd_marital_status = 'W'::bpchar) AND (cd_education_status = 'Advanced Degree'::bpchar)))
                           Rows Removed by Filter: 1
                           Buffers: shared hit=140571 read=8901
               ->  Index Scan using customer_address_pkey on customer_address  (cost=0.42..0.67 rows=1 width=4) (actual time=0.024..0.024 rows=1 loops=3016)
                     Index Cond: (ca_address_sk = customer.c_current_addr_sk)
                     Filter: (ca_gmt_offset = '-6'::numeric)
                     Rows Removed by Filter: 0
                     Buffers: shared hit=11516 read=548
         ->  Hash  (cost=2.30..2.30 rows=30 width=48) (actual time=0.054..0.054 rows=30 loops=1)
               Buckets: 1024  Batches: 1  Memory Usage: 11kB
               Buffers: shared hit=2
               ->  Seq Scan on call_center  (cost=0.00..2.30 rows=30 width=48) (actual time=0.022..0.036 rows=30 loops=1)
                     Buffers: shared hit=2
 Planning:
   Buffers: shared hit=415
 Planning Time: 4.560 ms
 Execution Time: 13295.836 ms
(57 rows)

