                                                                                                     QUERY PLAN                                                                                                     
--------------------------------------------------------------------------------------------------------------------------------------------------------------------------------------------------------------------
 Aggregate  (cost=715921.76..715921.77 rows=1 width=136) (actual time=4870.781..4870.788 rows=1 loops=1)
   Buffers: shared hit=40668 read=401527
   ->  Hash Join  (cost=2574.36..715921.22 rows=36 width=58) (actual time=25.181..4870.754 rows=7 loops=1)
         Hash Cond: (catalog_returns.cr_call_center_sk = call_center.cc_call_center_sk)
         Buffers: shared hit=40668 read=401527
         ->  Nested Loop  (cost=2571.68..715918.44 rows=36 width=18) (actual time=25.101..4870.666 rows=7 loops=1)
               Buffers: shared hit=40666 read=401527
               ->  Nested Loop  (cost=2571.26..715863.88 rows=82 width=22) (actual time=25.063..4870.397 rows=12 loops=1)
                     Buffers: shared hit=40620 read=401525
                     ->  Nested Loop  (cost=2570.83..714805.30 rows=1478 width=26) (actual time=21.709..4863.883 rows=188 loops=1)
                           Buffers: shared hit=39932 read=401485
                           ->  Nested Loop  (cost=2570.54..712473.67 rows=8871 width=30) (actual time=21.678..4852.272 rows=1306 loops=1)
                                 Buffers: shared hit=36476 read=401485
                                 ->  Hash Join  (cost=2570.11..706541.60 rows=8871 width=22) (actual time=21.631..4823.008 rows=1337 loops=1)
                                       Hash Cond: (catalog_returns.cr_returned_date_sk = date_dim.d_date_sk)
                                       Buffers: shared hit=31253 read=401484
                                       ->  Seq Scan on catalog_returns  (cost=0.00..647267.12 rows=21600412 width=26) (actual time=0.125..3224.373 rows=21598628 loops=1)
                                             Buffers: shared hit=30398 read=400865
                                       ->  Hash  (cost=2569.73..2569.73 rows=30 width=4) (actual time=21.408..21.409 rows=31 loops=1)
                                             Buckets: 1024  Batches: 1  Memory Usage: 10kB
                                             Buffers: shared hit=855 read=619
                                             ->  Seq Scan on date_dim  (cost=0.00..2569.73 rows=30 width=4) (actual time=11.514..21.391 rows=31 loops=1)
                                                   Filter: ((d_year = 1998) AND (d_moy = 1))
                                                   Rows Removed by Filter: 73018
                                                   Buffers: shared hit=855 read=619
                                 ->  Index Scan using customer_pkey on customer  (cost=0.43..0.67 rows=1 width=16) (actual time=0.022..0.022 rows=1 loops=1337)
                                       Index Cond: (c_customer_sk = catalog_returns.cr_returning_customer_sk)
                                       Buffers: shared hit=5223 read=1
                           ->  Memoize  (cost=0.29..0.31 rows=1 width=4) (actual time=0.009..0.009 rows=0 loops=1306)
                                 Cache Key: customer.c_current_hdemo_sk
                                 Cache Mode: logical
                                 Hits: 153  Misses: 1153  Evictions: 0  Overflows: 0  Memory Usage: 83kB
                                 Buffers: shared hit=3456
                                 ->  Index Scan using household_demographics_pkey on household_demographics  (cost=0.28..0.30 rows=1 width=4) (actual time=0.009..0.009 rows=0 loops=1153)
                                       Index Cond: (hd_demo_sk = customer.c_current_hdemo_sk)
                                       Filter: (hd_buy_potential ~~ '1001-5000%'::text)
                                       Rows Removed by Filter: 1
                                       Buffers: shared hit=3456
                     ->  Index Scan using customer_demographics_pkey on customer_demographics  (cost=0.43..0.72 rows=1 width=4) (actual time=0.034..0.034 rows=0 loops=188)
                           Index Cond: (cd_demo_sk = customer.c_current_cdemo_sk)
                           Filter: (((cd_marital_status = 'M'::bpchar) AND (cd_education_status = 'Unknown'::bpchar)) OR ((cd_marital_status = 'W'::bpchar) AND (cd_education_status = 'Advanced Degree'::bpchar)))
                           Rows Removed by Filter: 1
                           Buffers: shared hit=688 read=40
               ->  Index Scan using customer_address_pkey on customer_address  (cost=0.42..0.67 rows=1 width=4) (actual time=0.022..0.022 rows=1 loops=12)
                     Index Cond: (ca_address_sk = customer.c_current_addr_sk)
                     Filter: (ca_gmt_offset = '-6'::numeric)
                     Rows Removed by Filter: 0
                     Buffers: shared hit=46 read=2
         ->  Hash  (cost=2.30..2.30 rows=30 width=48) (actual time=0.058..0.058 rows=30 loops=1)
               Buckets: 1024  Batches: 1  Memory Usage: 11kB
               Buffers: shared hit=2
               ->  Seq Scan on call_center  (cost=0.00..2.30 rows=30 width=48) (actual time=0.022..0.038 rows=30 loops=1)
                     Buffers: shared hit=2
 Planning:
   Buffers: shared hit=415
 Planning Time: 4.599 ms
 Execution Time: 4871.469 ms
(57 rows)

