                                                                                                  QUERY PLAN                                                                                                  
--------------------------------------------------------------------------------------------------------------------------------------------------------------------------------------------------------------
 Aggregate  (cost=716146.24..716146.25 rows=1 width=136) (actual time=12731.643..12731.650 rows=1 loops=1)
   Buffers: shared hit=1199352 read=424650
   ->  Nested Loop  (cost=2571.83..716146.10 rows=9 width=58) (actual time=1420.892..12730.442 rows=360 loops=1)
         Buffers: shared hit=1199352 read=424650
         ->  Nested Loop  (cost=2571.69..716144.71 rows=9 width=18) (actual time=1420.875..12724.896 rows=366 loops=1)
               Buffers: shared hit=1198632 read=424650
               ->  Nested Loop  (cost=2571.27..716027.25 rows=164 width=22) (actual time=1376.583..12558.763 rows=5984 loops=1)
                     Buffers: shared hit=1176970 read=422780
                     ->  Nested Loop  (cost=2570.84..715010.66 rows=1528 width=26) (actual time=1371.295..11435.425 rows=41675 loops=1)
                           Buffers: shared hit=1022058 read=410992
                           ->  Nested Loop  (cost=2570.55..712671.62 rows=9167 width=30) (actual time=1370.828..11128.558 rows=244682 loops=1)
                                 Buffers: shared hit=1000473 read=410992
                                 ->  Hash Join  (cost=2570.12..706541.62 rows=9167 width=22) (actual time=1370.789..5352.833 rows=249569 loops=1)
                                       Hash Cond: (catalog_returns.cr_returned_date_sk = date_dim.d_date_sk)
                                       Buffers: shared hit=22139 read=410598
                                       ->  Seq Scan on catalog_returns  (cost=0.00..647267.12 rows=21600412 width=26) (actual time=0.407..3537.363 rows=21598628 loops=1)
                                             Buffers: shared hit=20792 read=410471
                                       ->  Hash  (cost=2569.73..2569.73 rows=31 width=4) (actual time=21.881..21.882 rows=31 loops=1)
                                             Buckets: 1024  Batches: 1  Memory Usage: 10kB
                                             Buffers: shared hit=1347 read=127
                                             ->  Seq Scan on date_dim  (cost=0.00..2569.73 rows=31 width=4) (actual time=13.577..21.870 rows=31 loops=1)
                                                   Filter: ((d_year = 2000) AND (d_moy = 8))
                                                   Rows Removed by Filter: 73018
                                                   Buffers: shared hit=1347 read=127
                                 ->  Index Scan using customer_pkey on customer  (cost=0.43..0.67 rows=1 width=16) (actual time=0.023..0.023 rows=1 loops=249569)
                                       Index Cond: (c_customer_sk = catalog_returns.cr_returning_customer_sk)
                                       Buffers: shared hit=978334 read=394
                           ->  Memoize  (cost=0.29..0.31 rows=1 width=4) (actual time=0.001..0.001 rows=0 loops=244682)
                                 Cache Key: customer.c_current_hdemo_sk
                                 Cache Mode: logical
                                 Hits: 237486  Misses: 7196  Evictions: 0  Overflows: 0  Memory Usage: 521kB
                                 Buffers: shared hit=21585
                                 ->  Index Scan using household_demographics_pkey on household_demographics  (cost=0.28..0.30 rows=1 width=4) (actual time=0.017..0.017 rows=0 loops=7196)
                                       Index Cond: (hd_demo_sk = customer.c_current_hdemo_sk)
                                       Filter: (hd_buy_potential ~~ 'Unknown%'::text)
                                       Rows Removed by Filter: 1
                                       Buffers: shared hit=21585
                     ->  Index Scan using customer_address_pkey on customer_address  (cost=0.42..0.67 rows=1 width=4) (actual time=0.027..0.027 rows=0 loops=41675)
                           Index Cond: (ca_address_sk = customer.c_current_addr_sk)
                           Filter: (ca_gmt_offset = '-7'::numeric)
                           Rows Removed by Filter: 1
                           Buffers: shared hit=154912 read=11788
               ->  Index Scan using customer_demographics_pkey on customer_demographics  (cost=0.43..0.72 rows=1 width=4) (actual time=0.027..0.027 rows=0 loops=5984)
                     Index Cond: (cd_demo_sk = customer.c_current_cdemo_sk)
                     Filter: (((cd_marital_status = 'M'::bpchar) AND (cd_education_status = 'Unknown'::bpchar)) OR ((cd_marital_status = 'W'::bpchar) AND (cd_education_status = 'Advanced Degree'::bpchar)))
                     Rows Removed by Filter: 1
                     Buffers: shared hit=21662 read=1870
         ->  Index Scan using call_center_pkey on call_center  (cost=0.14..0.16 rows=1 width=48) (actual time=0.014..0.014 rows=1 loops=366)
               Index Cond: (cc_call_center_sk = catalog_returns.cr_call_center_sk)
               Buffers: shared hit=720
 Planning:
   Buffers: shared hit=415
 Planning Time: 4.692 ms
 Execution Time: 12732.453 ms
(54 rows)

