                                                                                                  QUERY PLAN                                                                                                  
--------------------------------------------------------------------------------------------------------------------------------------------------------------------------------------------------------------
 Aggregate  (cost=715903.32..715903.33 rows=1 width=136) (actual time=15710.892..15710.898 rows=1 loops=1)
   Buffers: shared hit=1715697 read=416397
   ->  Nested Loop  (cost=2571.82..715903.18 rows=9 width=58) (actual time=2488.787..15709.561 rows=388 loops=1)
         Buffers: shared hit=1715697 read=416397
         ->  Nested Loop  (cost=2571.68..715901.79 rows=9 width=18) (actual time=2488.769..15704.443 rows=394 loops=1)
               Buffers: shared hit=1714921 read=416397
               ->  Nested Loop  (cost=2571.25..715788.62 rows=158 width=22) (actual time=2481.468..15593.788 rows=4257 loops=1)
                     Buffers: shared hit=1700068 read=414578
                     ->  Nested Loop  (cost=2570.83..714805.30 rows=1478 width=26) (actual time=2462.795..14139.659 rows=59552 loops=1)
                           Buffers: shared hit=1473696 read=402742
                           ->  Nested Loop  (cost=2570.54..712473.67 rows=8871 width=30) (actual time=2458.512..13756.096 rows=355526 loops=1)
                                 Buffers: shared hit=1452099 read=402742
                                 ->  Hash Join  (cost=2570.11..706541.60 rows=8871 width=22) (actual time=2458.466..5511.317 rows=362762 loops=1)
                                       Hash Cond: (catalog_returns.cr_returned_date_sk = date_dim.d_date_sk)
                                       Buffers: shared hit=30548 read=402189
                                       ->  Seq Scan on catalog_returns  (cost=0.00..647267.12 rows=21600412 width=26) (actual time=0.468..3604.431 rows=21598628 loops=1)
                                             Buffers: shared hit=29201 read=402062
                                       ->  Hash  (cost=2569.73..2569.73 rows=30 width=4) (actual time=20.053..20.054 rows=31 loops=1)
                                             Buckets: 1024  Batches: 1  Memory Usage: 10kB
                                             Buffers: shared hit=1347 read=127
                                             ->  Seq Scan on date_dim  (cost=0.00..2569.73 rows=30 width=4) (actual time=11.695..20.041 rows=31 loops=1)
                                                   Filter: ((d_year = 2002) AND (d_moy = 5))
                                                   Rows Removed by Filter: 73018
                                                   Buffers: shared hit=1347 read=127
                                 ->  Index Scan using customer_pkey on customer  (cost=0.43..0.67 rows=1 width=16) (actual time=0.022..0.022 rows=1 loops=362762)
                                       Index Cond: (c_customer_sk = catalog_returns.cr_returning_customer_sk)
                                       Buffers: shared hit=1421551 read=553
                           ->  Memoize  (cost=0.29..0.31 rows=1 width=4) (actual time=0.001..0.001 rows=0 loops=355526)
                                 Cache Key: customer.c_current_hdemo_sk
                                 Cache Mode: logical
                                 Hits: 348326  Misses: 7200  Evictions: 0  Overflows: 0  Memory Usage: 521kB
                                 Buffers: shared hit=21597
                                 ->  Index Scan using household_demographics_pkey on household_demographics  (cost=0.28..0.30 rows=1 width=4) (actual time=0.016..0.016 rows=0 loops=7200)
                                       Index Cond: (hd_demo_sk = customer.c_current_hdemo_sk)
                                       Filter: (hd_buy_potential ~~ '501-1000%'::text)
                                       Rows Removed by Filter: 1
                                       Buffers: shared hit=21597
                     ->  Index Scan using customer_address_pkey on customer_address  (cost=0.42..0.67 rows=1 width=4) (actual time=0.024..0.024 rows=0 loops=59552)
                           Index Cond: (ca_address_sk = customer.c_current_addr_sk)
                           Filter: (ca_gmt_offset = '-7'::numeric)
                           Rows Removed by Filter: 1
                           Buffers: shared hit=226372 read=11836
               ->  Index Scan using customer_demographics_pkey on customer_demographics  (cost=0.43..0.72 rows=1 width=4) (actual time=0.025..0.025 rows=0 loops=4257)
                     Index Cond: (cd_demo_sk = customer.c_current_cdemo_sk)
                     Filter: (((cd_marital_status = 'M'::bpchar) AND (cd_education_status = 'Unknown'::bpchar)) OR ((cd_marital_status = 'W'::bpchar) AND (cd_education_status = 'Advanced Degree'::bpchar)))
                     Rows Removed by Filter: 1
                     Buffers: shared hit=14853 read=1819
         ->  Index Scan using call_center_pkey on call_center  (cost=0.14..0.16 rows=1 width=48) (actual time=0.011..0.011 rows=1 loops=394)
               Index Cond: (cc_call_center_sk = catalog_returns.cr_call_center_sk)
               Buffers: shared hit=776
 Planning:
   Buffers: shared hit=415
 Planning Time: 4.608 ms
 Execution Time: 15711.710 ms
(54 rows)

