                                                                                                  QUERY PLAN                                                                                                  
--------------------------------------------------------------------------------------------------------------------------------------------------------------------------------------------------------------
 Aggregate  (cost=716146.24..716146.25 rows=1 width=136) (actual time=13548.135..13548.140 rows=1 loops=1)
   Buffers: shared hit=1371024 read=413811
   ->  Nested Loop  (cost=2571.83..716146.10 rows=9 width=58) (actual time=2182.929..13546.963 rows=346 loops=1)
         Buffers: shared hit=1371024 read=413811
         ->  Nested Loop  (cost=2571.69..716144.71 rows=9 width=18) (actual time=2182.915..13540.636 rows=354 loops=1)
               Buffers: shared hit=1370332 read=413811
               ->  Nested Loop  (cost=2571.27..716027.25 rows=164 width=22) (actual time=2138.420..13410.064 rows=4951 loops=1)
                     Buffers: shared hit=1354169 read=410582
                     ->  Nested Loop  (cost=2570.84..715010.66 rows=1528 width=26) (actual time=2132.320..12174.949 rows=49832 loops=1)
                           Buffers: shared hit=1161247 read=404176
                           ->  Nested Loop  (cost=2570.55..712671.62 rows=9167 width=30) (actual time=2127.867..11855.307 rows=277773 loops=1)
                                 Buffers: shared hit=1139653 read=404176
                                 ->  Hash Join  (cost=2570.12..706541.62 rows=9167 width=22) (actual time=2127.820..5410.740 rows=283537 loops=1)
                                       Hash Cond: (catalog_returns.cr_returned_date_sk = date_dim.d_date_sk)
                                       Buffers: shared hit=28817 read=403920
                                       ->  Seq Scan on catalog_returns  (cost=0.00..647267.12 rows=21600412 width=26) (actual time=0.516..3586.381 rows=21598628 loops=1)
                                             Buffers: shared hit=27470 read=403793
                                       ->  Hash  (cost=2569.73..2569.73 rows=31 width=4) (actual time=20.682..20.683 rows=31 loops=1)
                                             Buckets: 1024  Batches: 1  Memory Usage: 10kB
                                             Buffers: shared hit=1347 read=127
                                             ->  Seq Scan on date_dim  (cost=0.00..2569.73 rows=31 width=4) (actual time=12.087..20.671 rows=31 loops=1)
                                                   Filter: ((d_year = 2001) AND (d_moy = 10))
                                                   Rows Removed by Filter: 73018
                                                   Buffers: shared hit=1347 read=127
                                 ->  Index Scan using customer_pkey on customer  (cost=0.43..0.67 rows=1 width=16) (actual time=0.022..0.022 rows=1 loops=283537)
                                       Index Cond: (c_customer_sk = catalog_returns.cr_returning_customer_sk)
                                       Buffers: shared hit=1110836 read=256
                           ->  Memoize  (cost=0.29..0.31 rows=1 width=4) (actual time=0.001..0.001 rows=0 loops=277773)
                                 Cache Key: customer.c_current_hdemo_sk
                                 Cache Mode: logical
                                 Hits: 270574  Misses: 7199  Evictions: 0  Overflows: 0  Memory Usage: 521kB
                                 Buffers: shared hit=21594
                                 ->  Index Scan using household_demographics_pkey on household_demographics  (cost=0.28..0.30 rows=1 width=4) (actual time=0.015..0.015 rows=0 loops=7199)
                                       Index Cond: (hd_demo_sk = customer.c_current_hdemo_sk)
                                       Filter: (hd_buy_potential ~~ '>10000%'::text)
                                       Rows Removed by Filter: 1
                                       Buffers: shared hit=21594
                     ->  Index Scan using customer_address_pkey on customer_address  (cost=0.42..0.67 rows=1 width=4) (actual time=0.024..0.024 rows=0 loops=49832)
                           Index Cond: (ca_address_sk = customer.c_current_addr_sk)
                           Filter: (ca_gmt_offset = '-7'::numeric)
                           Rows Removed by Filter: 1
                           Buffers: shared hit=192922 read=6406
               ->  Index Scan using customer_demographics_pkey on customer_demographics  (cost=0.43..0.72 rows=1 width=4) (actual time=0.026..0.026 rows=0 loops=4951)
                     Index Cond: (cd_demo_sk = customer.c_current_cdemo_sk)
                     Filter: (((cd_marital_status = 'M'::bpchar) AND (cd_education_status = 'Unknown'::bpchar)) OR ((cd_marital_status = 'W'::bpchar) AND (cd_education_status = 'Advanced Degree'::bpchar)))
                     Rows Removed by Filter: 1
                     Buffers: shared hit=16163 read=3229
         ->  Index Scan using call_center_pkey on call_center  (cost=0.14..0.16 rows=1 width=48) (actual time=0.016..0.016 rows=1 loops=354)
               Index Cond: (cc_call_center_sk = catalog_returns.cr_call_center_sk)
               Buffers: shared hit=692
 Planning:
   Buffers: shared hit=415
 Planning Time: 4.552 ms
 Execution Time: 13548.953 ms
(54 rows)

