                                                                                                     QUERY PLAN                                                                                                     
--------------------------------------------------------------------------------------------------------------------------------------------------------------------------------------------------------------------
 Aggregate  (cost=715921.76..715921.77 rows=1 width=136) (actual time=13401.495..13401.502 rows=1 loops=1)
   Buffers: shared hit=1320611 read=434426
   ->  Hash Join  (cost=2574.36..715921.22 rows=36 width=58) (actual time=1545.659..13394.160 rows=3862 loops=1)
         Hash Cond: (catalog_returns.cr_call_center_sk = call_center.cc_call_center_sk)
         Buffers: shared hit=1320611 read=434426
         ->  Nested Loop  (cost=2571.68..715918.44 rows=36 width=18) (actual time=1545.542..13391.172 rows=3904 loops=1)
               Buffers: shared hit=1320609 read=434426
               ->  Nested Loop  (cost=2571.26..715863.88 rows=82 width=22) (actual time=1545.509..13266.239 rows=4986 loops=1)
                     Buffers: shared hit=1301103 read=433988
                     ->  Nested Loop  (cost=2570.83..714805.30 rows=1478 width=26) (actual time=1536.796..12039.354 rows=46766 loops=1)
                           Buffers: shared hit=1142357 read=409134
                           ->  Nested Loop  (cost=2570.54..712473.67 rows=8871 width=30) (actual time=1528.930..11718.014 rows=274293 loops=1)
                                 Buffers: shared hit=1120775 read=409134
                                 ->  Hash Join  (cost=2570.11..706541.60 rows=8871 width=22) (actual time=1528.882..5309.656 rows=279797 loops=1)
                                       Hash Cond: (catalog_returns.cr_returned_date_sk = date_dim.d_date_sk)
                                       Buffers: shared hit=23745 read=408992
                                       ->  Seq Scan on catalog_returns  (cost=0.00..647267.12 rows=21600412 width=26) (actual time=0.047..3540.685 rows=21598628 loops=1)
                                             Buffers: shared hit=23142 read=408121
                                       ->  Hash  (cost=2569.73..2569.73 rows=30 width=4) (actual time=22.489..22.490 rows=31 loops=1)
                                             Buckets: 1024  Batches: 1  Memory Usage: 10kB
                                             Buffers: shared hit=603 read=871
                                             ->  Seq Scan on date_dim  (cost=0.00..2569.73 rows=30 width=4) (actual time=14.048..22.478 rows=31 loops=1)
                                                   Filter: ((d_year = 2001) AND (d_moy = 1))
                                                   Rows Removed by Filter: 73018
                                                   Buffers: shared hit=603 read=871
                                 ->  Index Scan using customer_pkey on customer  (cost=0.43..0.67 rows=1 width=16) (actual time=0.022..0.022 rows=1 loops=279797)
                                       Index Cond: (c_customer_sk = catalog_returns.cr_returning_customer_sk)
                                       Buffers: shared hit=1097030 read=142
                           ->  Memoize  (cost=0.29..0.31 rows=1 width=4) (actual time=0.001..0.001 rows=0 loops=274293)
                                 Cache Key: customer.c_current_hdemo_sk
                                 Cache Mode: logical
                                 Hits: 267098  Misses: 7195  Evictions: 0  Overflows: 0  Memory Usage: 520kB
                                 Buffers: shared hit=21582
                                 ->  Index Scan using household_demographics_pkey on household_demographics  (cost=0.28..0.30 rows=1 width=4) (actual time=0.015..0.015 rows=0 loops=7195)
                                       Index Cond: (hd_demo_sk = customer.c_current_hdemo_sk)
                                       Filter: (hd_buy_potential ~~ 'Unknown%'::text)
                                       Rows Removed by Filter: 1
                                       Buffers: shared hit=21582
                     ->  Index Scan using customer_demographics_pkey on customer_demographics  (cost=0.43..0.72 rows=1 width=4) (actual time=0.026..0.026 rows=0 loops=46766)
                           Index Cond: (cd_demo_sk = customer.c_current_cdemo_sk)
                           Filter: (((cd_marital_status = 'M'::bpchar) AND (cd_education_status = 'Unknown'::bpchar)) OR ((cd_marital_status = 'W'::bpchar) AND (cd_education_status = 'Advanced Degree'::bpchar)))
                           Rows Removed by Filter: 1
                           Buffers: shared hit=158746 read=24854
               ->  Index Scan using customer_address_pkey on customer_address  (cost=0.42..0.67 rows=1 width=4) (actual time=0.024..0.024 rows=1 loops=4986)
                     Index Cond: (ca_address_sk = customer.c_current_addr_sk)
                     Filter: (ca_gmt_offset = '-6'::numeric)
                     Rows Removed by Filter: 0
                     Buffers: shared hit=19506 read=438
         ->  Hash  (cost=2.30..2.30 rows=30 width=48) (actual time=0.084..0.084 rows=30 loops=1)
               Buckets: 1024  Batches: 1  Memory Usage: 11kB
               Buffers: shared hit=2
               ->  Seq Scan on call_center  (cost=0.00..2.30 rows=30 width=48) (actual time=0.039..0.059 rows=30 loops=1)
                     Buffers: shared hit=2
 Planning:
   Buffers: shared hit=384 read=31
 Planning Time: 4.937 ms
 Execution Time: 13402.311 ms
(57 rows)

