                                                                                                     QUERY PLAN                                                                                                     
--------------------------------------------------------------------------------------------------------------------------------------------------------------------------------------------------------------------
 Aggregate  (cost=715921.76..715921.77 rows=1 width=136) (actual time=10193.674..10193.683 rows=1 loops=1)
   Buffers: shared hit=840513 read=418444
   ->  Hash Join  (cost=2574.36..715921.22 rows=36 width=58) (actual time=10193.669..10193.677 rows=0 loops=1)
         Hash Cond: (catalog_returns.cr_call_center_sk = call_center.cc_call_center_sk)
         Buffers: shared hit=840513 read=418444
         ->  Nested Loop  (cost=2571.68..715918.44 rows=36 width=18) (actual time=10193.607..10193.614 rows=0 loops=1)
               Buffers: shared hit=840511 read=418444
               ->  Nested Loop  (cost=2571.26..715863.88 rows=82 width=22) (actual time=24.343..10158.429 rows=1204 loops=1)
                     Buffers: shared hit=835876 read=418263
                     ->  Nested Loop  (cost=2570.83..714805.30 rows=1478 width=26) (actual time=19.719..9476.504 rows=26764 loops=1)
                           Buffers: shared hit=738947 read=410256
                           ->  Nested Loop  (cost=2570.54..712473.67 rows=8871 width=30) (actual time=19.561..9239.379 rows=173724 loops=1)
                                 Buffers: shared hit=717377 read=410256
                                 ->  Hash Join  (cost=2570.11..706541.60 rows=8871 width=22) (actual time=19.523..5221.152 rows=177321 loops=1)
                                       Hash Cond: (catalog_returns.cr_returned_date_sk = date_dim.d_date_sk)
                                       Buffers: shared hit=22574 read=410163
                                       ->  Seq Scan on catalog_returns  (cost=0.00..647267.12 rows=21600412 width=26) (actual time=0.020..3469.014 rows=21598628 loops=1)
                                             Buffers: shared hit=21673 read=409590
                                       ->  Hash  (cost=2569.73..2569.73 rows=30 width=4) (actual time=19.483..19.484 rows=30 loops=1)
                                             Buckets: 1024  Batches: 1  Memory Usage: 10kB
                                             Buffers: shared hit=901 read=573
                                             ->  Seq Scan on date_dim  (cost=0.00..2569.73 rows=30 width=4) (actual time=9.506..19.470 rows=30 loops=1)
                                                   Filter: ((d_year = 1998) AND (d_moy = 6))
                                                   Rows Removed by Filter: 73019
                                                   Buffers: shared hit=901 read=573
                                 ->  Index Scan using customer_pkey on customer  (cost=0.43..0.67 rows=1 width=16) (actual time=0.022..0.022 rows=1 loops=177321)
                                       Index Cond: (c_customer_sk = catalog_returns.cr_returning_customer_sk)
                                       Buffers: shared hit=694803 read=93
                           ->  Memoize  (cost=0.29..0.31 rows=1 width=4) (actual time=0.001..0.001 rows=0 loops=173724)
                                 Cache Key: customer.c_current_hdemo_sk
                                 Cache Mode: logical
                                 Hits: 166533  Misses: 7191  Evictions: 0  Overflows: 0  Memory Usage: 520kB
                                 Buffers: shared hit=21570
                                 ->  Index Scan using household_demographics_pkey on household_demographics  (cost=0.28..0.30 rows=1 width=4) (actual time=0.015..0.015 rows=0 loops=7191)
                                       Index Cond: (hd_demo_sk = customer.c_current_hdemo_sk)
                                       Filter: (hd_buy_potential ~~ '0-500%'::text)
                                       Rows Removed by Filter: 1
                                       Buffers: shared hit=21570
                     ->  Index Scan using customer_demographics_pkey on customer_demographics  (cost=0.43..0.72 rows=1 width=4) (actual time=0.025..0.025 rows=0 loops=26764)
                           Index Cond: (cd_demo_sk = customer.c_current_cdemo_sk)
                           Filter: (((cd_marital_status = 'M'::bpchar) AND (cd_education_status = 'Unknown'::bpchar)) OR ((cd_marital_status = 'W'::bpchar) AND (cd_education_status = 'Advanced Degree'::bpchar)))
                           Rows Removed by Filter: 1
                           Buffers: shared hit=96929 read=8007
               ->  Index Scan using customer_address_pkey on customer_address  (cost=0.42..0.67 rows=1 width=4) (actual time=0.029..0.029 rows=0 loops=1204)
                     Index Cond: (ca_address_sk = customer.c_current_addr_sk)
                     Filter: (ca_gmt_offset = '-6'::numeric)
                     Rows Removed by Filter: 1
                     Buffers: shared hit=4635 read=181
         ->  Hash  (cost=2.30..2.30 rows=30 width=48) (actual time=0.049..0.050 rows=30 loops=1)
               Buckets: 1024  Batches: 1  Memory Usage: 11kB
               Buffers: shared hit=2
               ->  Seq Scan on call_center  (cost=0.00..2.30 rows=30 width=48) (actual time=0.017..0.030 rows=30 loops=1)
                     Buffers: shared hit=2
 Planning:
   Buffers: shared hit=415
 Planning Time: 2.451 ms
 Execution Time: 10194.211 ms
(57 rows)

