                                                                                                     QUERY PLAN                                                                                                     
--------------------------------------------------------------------------------------------------------------------------------------------------------------------------------------------------------------------
 Aggregate  (cost=715921.76..715921.77 rows=1 width=136) (actual time=13221.060..13221.067 rows=1 loops=1)
   Buffers: shared hit=1289336 read=422313
   ->  Hash Join  (cost=2574.36..715921.22 rows=36 width=58) (actual time=462.466..13219.557 rows=505 loops=1)
         Hash Cond: (catalog_returns.cr_call_center_sk = call_center.cc_call_center_sk)
         Buffers: shared hit=1289336 read=422313
         ->  Nested Loop  (cost=2571.68..715918.44 rows=36 width=18) (actual time=462.411..13218.906 rows=511 loops=1)
               Buffers: shared hit=1289334 read=422313
               ->  Nested Loop  (cost=2571.26..715863.88 rows=82 width=22) (actual time=457.805..13137.396 rows=3049 loops=1)
                     Buffers: shared hit=1277765 read=421686
                     ->  Nested Loop  (cost=2570.83..714805.30 rows=1478 width=26) (actual time=448.163..12082.873 rows=42725 loops=1)
                           Buffers: shared hit=1120610 read=411041
                           ->  Nested Loop  (cost=2570.54..712473.67 rows=8871 width=30) (actual time=445.207..11766.046 rows=269330 loops=1)
                                 Buffers: shared hit=1099016 read=411041
                                 ->  Hash Join  (cost=2570.11..706541.60 rows=8871 width=22) (actual time=445.160..5373.793 rows=274879 loops=1)
                                       Hash Cond: (catalog_returns.cr_returned_date_sk = date_dim.d_date_sk)
                                       Buffers: shared hit=21893 read=410844
                                       ->  Seq Scan on catalog_returns  (cost=0.00..647267.12 rows=21600412 width=26) (actual time=0.021..3570.337 rows=21598628 loops=1)
                                             Buffers: shared hit=20419 read=410844
                                       ->  Hash  (cost=2569.73..2569.73 rows=30 width=4) (actual time=13.360..13.361 rows=30 loops=1)
                                             Buckets: 1024  Batches: 1  Memory Usage: 10kB
                                             Buffers: shared hit=1474
                                             ->  Seq Scan on date_dim  (cost=0.00..2569.73 rows=30 width=4) (actual time=6.488..13.349 rows=30 loops=1)
                                                   Filter: ((d_year = 1999) AND (d_moy = 6))
                                                   Rows Removed by Filter: 73019
                                                   Buffers: shared hit=1474
                                 ->  Index Scan using customer_pkey on customer  (cost=0.43..0.67 rows=1 width=16) (actual time=0.023..0.023 rows=1 loops=274879)
                                       Index Cond: (c_customer_sk = catalog_returns.cr_returning_customer_sk)
                                       Buffers: shared hit=1077123 read=197
                           ->  Memoize  (cost=0.29..0.31 rows=1 width=4) (actual time=0.001..0.001 rows=0 loops=269330)
                                 Cache Key: customer.c_current_hdemo_sk
                                 Cache Mode: logical
                                 Hits: 262131  Misses: 7199  Evictions: 0  Overflows: 0  Memory Usage: 521kB
                                 Buffers: shared hit=21594
                                 ->  Index Scan using household_demographics_pkey on household_demographics  (cost=0.28..0.30 rows=1 width=4) (actual time=0.016..0.016 rows=0 loops=7199)
                                       Index Cond: (hd_demo_sk = customer.c_current_hdemo_sk)
                                       Filter: (hd_buy_potential ~~ '5001-10000%'::text)
                                       Rows Removed by Filter: 1
                                       Buffers: shared hit=21594
                     ->  Index Scan using customer_demographics_pkey on customer_demographics  (cost=0.43..0.72 rows=1 width=4) (actual time=0.024..0.024 rows=0 loops=42725)
                           Index Cond: (cd_demo_sk = customer.c_current_cdemo_sk)
                           Filter: (((cd_marital_status = 'M'::bpchar) AND (cd_education_status = 'Unknown'::bpchar)) OR ((cd_marital_status = 'W'::bpchar) AND (cd_education_status = 'Advanced Degree'::bpchar)))
                           Rows Removed by Filter: 1
                           Buffers: shared hit=157155 read=10645
               ->  Index Scan using customer_address_pkey on customer_address  (cost=0.42..0.67 rows=1 width=4) (actual time=0.026..0.026 rows=0 loops=3049)
                     Index Cond: (ca_address_sk = customer.c_current_addr_sk)
                     Filter: (ca_gmt_offset = '-6'::numeric)
                     Rows Removed by Filter: 1
                     Buffers: shared hit=11569 read=627
         ->  Hash  (cost=2.30..2.30 rows=30 width=48) (actual time=0.039..0.040 rows=30 loops=1)
               Buckets: 1024  Batches: 1  Memory Usage: 11kB
               Buffers: shared hit=2
               ->  Seq Scan on call_center  (cost=0.00..2.30 rows=30 width=48) (actual time=0.017..0.027 rows=30 loops=1)
                     Buffers: shared hit=2
 Planning:
   Buffers: shared hit=415
 Planning Time: 2.121 ms
 Execution Time: 13221.557 ms
(57 rows)

