                                                                                                     QUERY PLAN                                                                                                     
--------------------------------------------------------------------------------------------------------------------------------------------------------------------------------------------------------------------
 Aggregate  (cost=715437.52..715437.53 rows=1 width=136) (actual time=12406.166..12406.172 rows=1 loops=1)
   Buffers: shared hit=1178882 read=415109
   ->  Hash Join  (cost=2574.33..715437.01 rows=34 width=58) (actual time=921.641..12399.547 rows=3419 loops=1)
         Hash Cond: (catalog_returns.cr_call_center_sk = call_center.cc_call_center_sk)
         Buffers: shared hit=1178882 read=415109
         ->  Nested Loop  (cost=2571.66..715434.23 rows=34 width=18) (actual time=921.567..12396.899 rows=3455 loops=1)
               Buffers: shared hit=1178880 read=415109
               ->  Nested Loop  (cost=2571.23..715383.67 rows=76 width=22) (actual time=921.542..12277.085 rows=4447 loops=1)
                     Buffers: shared hit=1162790 read=413411
                     ->  Nested Loop  (cost=2570.80..714395.28 rows=1380 width=26) (actual time=910.460..11247.271 rows=41144 loops=1)
                           Buffers: shared hit=1007867 read=406882
                           ->  Nested Loop  (cost=2570.51..712078.44 rows=8280 width=30) (actual time=908.273..10954.993 rows=240106 loops=1)
                                 Buffers: shared hit=986279 read=406882
                                 ->  Hash Join  (cost=2570.08..706541.58 rows=8280 width=22) (actual time=908.221..5310.789 rows=244928 loops=1)
                                       Hash Cond: (catalog_returns.cr_returned_date_sk = date_dim.d_date_sk)
                                       Buffers: shared hit=26156 read=406581
                                       ->  Seq Scan on catalog_returns  (cost=0.00..647267.12 rows=21600412 width=26) (actual time=0.036..3553.583 rows=21598628 loops=1)
                                             Buffers: shared hit=25494 read=405769
                                       ->  Hash  (cost=2569.73..2569.73 rows=28 width=4) (actual time=21.094..21.095 rows=29 loops=1)
                                             Buckets: 1024  Batches: 1  Memory Usage: 10kB
                                             Buffers: shared hit=662 read=812
                                             ->  Seq Scan on date_dim  (cost=0.00..2569.73 rows=28 width=4) (actual time=11.356..21.083 rows=29 loops=1)
                                                   Filter: ((d_year = 2000) AND (d_moy = 2))
                                                   Rows Removed by Filter: 73020
                                                   Buffers: shared hit=662 read=812
                                 ->  Index Scan using customer_pkey on customer  (cost=0.43..0.67 rows=1 width=16) (actual time=0.022..0.022 rows=1 loops=244928)
                                       Index Cond: (c_customer_sk = catalog_returns.cr_returning_customer_sk)
                                       Buffers: shared hit=960123 read=301
                           ->  Memoize  (cost=0.29..0.31 rows=1 width=4) (actual time=0.001..0.001 rows=0 loops=240106)
                                 Cache Key: customer.c_current_hdemo_sk
                                 Cache Mode: logical
                                 Hits: 232909  Misses: 7197  Evictions: 0  Overflows: 0  Memory Usage: 521kB
                                 Buffers: shared hit=21588
                                 ->  Index Scan using household_demographics_pkey on household_demographics  (cost=0.28..0.30 rows=1 width=4) (actual time=0.015..0.015 rows=0 loops=7197)
                                       Index Cond: (hd_demo_sk = customer.c_current_hdemo_sk)
                                       Filter: (hd_buy_potential ~~ 'Unknown%'::text)
                                       Rows Removed by Filter: 1
                                       Buffers: shared hit=21588
                     ->  Index Scan using customer_demographics_pkey on customer_demographics  (cost=0.43..0.72 rows=1 width=4) (actual time=0.025..0.025 rows=0 loops=41144)
                           Index Cond: (cd_demo_sk = customer.c_current_cdemo_sk)
                           Filter: (((cd_marital_status = 'M'::bpchar) AND (cd_education_status = 'Unknown'::bpchar)) OR ((cd_marital_status = 'W'::bpchar) AND (cd_education_status = 'Advanced Degree'::bpchar)))
                           Rows Removed by Filter: 1
                           Buffers: shared hit=154923 read=6529
               ->  Index Scan using customer_address_pkey on customer_address  (cost=0.42..0.67 rows=1 width=4) (actual time=0.026..0.026 rows=1 loops=4447)
                     Index Cond: (ca_address_sk = customer.c_current_addr_sk)
                     Filter: (ca_gmt_offset = '-6'::numeric)
                     Rows Removed by Filter: 0
                     Buffers: shared hit=16090 read=1698
         ->  Hash  (cost=2.30..2.30 rows=30 width=48) (actual time=0.054..0.055 rows=30 loops=1)
               Buckets: 1024  Batches: 1  Memory Usage: 11kB
               Buffers: shared hit=2
               ->  Seq Scan on call_center  (cost=0.00..2.30 rows=30 width=48) (actual time=0.021..0.035 rows=30 loops=1)
                     Buffers: shared hit=2
 Planning:
   Buffers: shared hit=384 read=31
 Planning Time: 4.364 ms
 Execution Time: 12406.788 ms
(57 rows)

