                                                                                                  QUERY PLAN                                                                                                  
--------------------------------------------------------------------------------------------------------------------------------------------------------------------------------------------------------------
 Aggregate  (cost=715420.76..715420.77 rows=1 width=136) (actual time=14768.905..14768.911 rows=1 loops=1)
   Buffers: shared hit=1526603 read=422390
   ->  Nested Loop  (cost=2571.79..715420.64 rows=8 width=58) (actual time=2374.492..14766.527 rows=814 loops=1)
         Buffers: shared hit=1526603 read=422390
         ->  Nested Loop  (cost=2571.66..715419.40 rows=8 width=18) (actual time=2374.475..14755.143 rows=822 loops=1)
               Buffers: shared hit=1524975 read=422390
               ->  Nested Loop  (cost=2571.23..715313.40 rows=148 width=22) (actual time=2356.312..14598.830 rows=6668 loops=1)
                     Buffers: shared hit=1499987 read=421218
                     ->  Nested Loop  (cost=2570.80..714395.28 rows=1380 width=26) (actual time=2352.476..13328.072 rows=48818 loops=1)
                           Buffers: shared hit=1322744 read=403189
                           ->  Nested Loop  (cost=2570.51..712078.44 rows=8280 width=30) (actual time=2352.103..12972.871 rows=317899 loops=1)
                                 Buffers: shared hit=1301144 read=403189
                                 ->  Hash Join  (cost=2570.08..706541.58 rows=8280 width=22) (actual time=2352.055..5593.067 rows=324457 loops=1)
                                       Hash Cond: (catalog_returns.cr_returned_date_sk = date_dim.d_date_sk)
                                       Buffers: shared hit=29961 read=402776
                                       ->  Seq Scan on catalog_returns  (cost=0.00..647267.12 rows=21600412 width=26) (actual time=0.041..3700.021 rows=21598628 loops=1)
                                             Buffers: shared hit=28487 read=402776
                                       ->  Hash  (cost=2569.73..2569.73 rows=28 width=4) (actual time=20.397..20.398 rows=28 loops=1)
                                             Buckets: 1024  Batches: 1  Memory Usage: 9kB
                                             Buffers: shared hit=1474
                                             ->  Seq Scan on date_dim  (cost=0.00..2569.73 rows=28 width=4) (actual time=11.575..20.381 rows=28 loops=1)
                                                   Filter: ((d_year = 2002) AND (d_moy = 2))
                                                   Rows Removed by Filter: 73021
                                                   Buffers: shared hit=1474
                                 ->  Index Scan using customer_pkey on customer  (cost=0.43..0.67 rows=1 width=16) (actual time=0.022..0.022 rows=1 loops=324457)
                                       Index Cond: (c_customer_sk = catalog_returns.cr_returning_customer_sk)
                                       Buffers: shared hit=1271183 read=413
                           ->  Memoize  (cost=0.29..0.31 rows=1 width=4) (actual time=0.001..0.001 rows=0 loops=317899)
                                 Cache Key: customer.c_current_hdemo_sk
                                 Cache Mode: logical
                                 Hits: 310698  Misses: 7201  Evictions: 0  Overflows: 0  Memory Usage: 521kB
                                 Buffers: shared hit=21600
                                 ->  Index Scan using household_demographics_pkey on household_demographics  (cost=0.28..0.30 rows=1 width=4) (actual time=0.015..0.015 rows=0 loops=7201)
                                       Index Cond: (hd_demo_sk = customer.c_current_hdemo_sk)
                                       Filter: (hd_buy_potential ~~ '0-500%'::text)
                                       Rows Removed by Filter: 1
                                       Buffers: shared hit=21600
                     ->  Index Scan using customer_address_pkey on customer_address  (cost=0.42..0.67 rows=1 width=4) (actual time=0.026..0.026 rows=0 loops=48818)
                           Index Cond: (ca_address_sk = customer.c_current_addr_sk)
                           Filter: (ca_gmt_offset = '-7'::numeric)
                           Rows Removed by Filter: 1
                           Buffers: shared hit=177243 read=18029
               ->  Index Scan using customer_demographics_pkey on customer_demographics  (cost=0.43..0.72 rows=1 width=4) (actual time=0.023..0.023 rows=0 loops=6668)
                     Index Cond: (cd_demo_sk = customer.c_current_cdemo_sk)
                     Filter: (((cd_marital_status = 'M'::bpchar) AND (cd_education_status = 'Unknown'::bpchar)) OR ((cd_marital_status = 'W'::bpchar) AND (cd_education_status = 'Advanced Degree'::bpchar)))
                     Rows Removed by Filter: 1
                     Buffers: shared hit=24988 read=1172
         ->  Index Scan using call_center_pkey on call_center  (cost=0.14..0.16 rows=1 width=48) (actual time=0.012..0.012 rows=1 loops=822)
               Index Cond: (cc_call_center_sk = catalog_returns.cr_call_center_sk)
               Buffers: shared hit=1628
 Planning:
   Buffers: shared hit=415
 Planning Time: 4.432 ms
 Execution Time: 14769.721 ms
(54 rows)

