                                                                                                  QUERY PLAN                                                                                                  
--------------------------------------------------------------------------------------------------------------------------------------------------------------------------------------------------------------
 Aggregate  (cost=716146.24..716146.25 rows=1 width=136) (actual time=14801.936..14801.942 rows=1 loops=1)
   Buffers: shared hit=1540683 read=417290
   ->  Nested Loop  (cost=2571.83..716146.10 rows=9 width=58) (actual time=2785.796..14799.700 rows=784 loops=1)
         Buffers: shared hit=1540683 read=417290
         ->  Nested Loop  (cost=2571.69..716144.71 rows=9 width=18) (actual time=2785.781..14790.691 rows=792 loops=1)
               Buffers: shared hit=1539115 read=417290
               ->  Nested Loop  (cost=2571.27..716027.25 rows=164 width=22) (actual time=2770.891..14650.509 rows=5656 loops=1)
                     Buffers: shared hit=1518632 read=415617
                     ->  Nested Loop  (cost=2570.84..715010.66 rows=1528 width=26) (actual time=2765.123..13379.811 rows=50282 loops=1)
                           Buffers: shared hit=1328700 read=404421
                           ->  Nested Loop  (cost=2570.55..712671.62 rows=9167 width=30) (actual time=2755.675..13035.552 rows=319696 loops=1)
                                 Buffers: shared hit=1307100 read=404421
                                 ->  Hash Join  (cost=2570.12..706541.62 rows=9167 width=22) (actual time=2755.624..5523.606 rows=326115 loops=1)
                                       Hash Cond: (catalog_returns.cr_returned_date_sk = date_dim.d_date_sk)
                                       Buffers: shared hit=28669 read=404068
                                       ->  Seq Scan on catalog_returns  (cost=0.00..647267.12 rows=21600412 width=26) (actual time=0.127..3615.136 rows=21598628 loops=1)
                                             Buffers: shared hit=27857 read=403406
                                       ->  Hash  (cost=2569.73..2569.73 rows=31 width=4) (actual time=21.472..21.473 rows=31 loops=1)
                                             Buckets: 1024  Batches: 1  Memory Usage: 10kB
                                             Buffers: shared hit=812 read=662
                                             ->  Seq Scan on date_dim  (cost=0.00..2569.73 rows=31 width=4) (actual time=11.847..21.459 rows=31 loops=1)
                                                   Filter: ((d_year = 2002) AND (d_moy = 8))
                                                   Rows Removed by Filter: 73018
                                                   Buffers: shared hit=812 read=662
                                 ->  Index Scan using customer_pkey on customer  (cost=0.43..0.67 rows=1 width=16) (actual time=0.022..0.022 rows=1 loops=326115)
                                       Index Cond: (c_customer_sk = catalog_returns.cr_returning_customer_sk)
                                       Buffers: shared hit=1278431 read=353
                           ->  Memoize  (cost=0.29..0.31 rows=1 width=4) (actual time=0.001..0.001 rows=0 loops=319696)
                                 Cache Key: customer.c_current_hdemo_sk
                                 Cache Mode: logical
                                 Hits: 312495  Misses: 7201  Evictions: 0  Overflows: 0  Memory Usage: 521kB
                                 Buffers: shared hit=21600
                                 ->  Index Scan using household_demographics_pkey on household_demographics  (cost=0.28..0.30 rows=1 width=4) (actual time=0.014..0.014 rows=0 loops=7201)
                                       Index Cond: (hd_demo_sk = customer.c_current_hdemo_sk)
                                       Filter: (hd_buy_potential ~~ '5001-10000%'::text)
                                       Rows Removed by Filter: 1
                                       Buffers: shared hit=21600
                     ->  Index Scan using customer_address_pkey on customer_address  (cost=0.42..0.67 rows=1 width=4) (actual time=0.025..0.025 rows=0 loops=50282)
                           Index Cond: (ca_address_sk = customer.c_current_addr_sk)
                           Filter: (ca_gmt_offset = '-7'::numeric)
                           Rows Removed by Filter: 1
                           Buffers: shared hit=189932 read=11196
               ->  Index Scan using customer_demographics_pkey on customer_demographics  (cost=0.43..0.72 rows=1 width=4) (actual time=0.024..0.024 rows=0 loops=5656)
                     Index Cond: (cd_demo_sk = customer.c_current_cdemo_sk)
                     Filter: (((cd_marital_status = 'M'::bpchar) AND (cd_education_status = 'Unknown'::bpchar)) OR ((cd_marital_status = 'W'::bpchar) AND (cd_education_status = 'Advanced Degree'::bpchar)))
                     Rows Removed by Filter: 1
                     Buffers: shared hit=20483 read=1673
         ->  Index Scan using call_center_pkey on call_center  (cost=0.14..0.16 rows=1 width=48) (actual time=0.010..0.010 rows=1 loops=792)
               Index Cond: (cc_call_center_sk = catalog_returns.cr_call_center_sk)
               Buffers: shared hit=1568
 Planning:
   Buffers: shared hit=415
 Planning Time: 4.212 ms
 Execution Time: 14802.680 ms
(54 rows)

