                                                                                                  QUERY PLAN                                                                                                  
--------------------------------------------------------------------------------------------------------------------------------------------------------------------------------------------------------------
 Aggregate  (cost=716146.24..716146.25 rows=1 width=136) (actual time=11559.897..11559.903 rows=1 loops=1)
   Buffers: shared hit=1071821 read=416091
   ->  Nested Loop  (cost=2571.83..716146.10 rows=9 width=58) (actual time=203.550..11558.880 rows=312 loops=1)
         Buffers: shared hit=1071821 read=416091
         ->  Nested Loop  (cost=2571.69..716144.71 rows=9 width=18) (actual time=203.531..11554.625 rows=317 loops=1)
               Buffers: shared hit=1071197 read=416091
               ->  Nested Loop  (cost=2571.27..716027.25 rows=164 width=22) (actual time=50.917..11415.035 rows=5425 loops=1)
                     Buffers: shared hit=1051738 read=414234
                     ->  Nested Loop  (cost=2570.84..715010.66 rows=1528 width=26) (actual time=36.741..10509.529 rows=36807 loops=1)
                           Buffers: shared hit=910306 read=408438
                           ->  Nested Loop  (cost=2570.55..712671.62 rows=9167 width=30) (actual time=35.806..10241.659 rows=216107 loops=1)
                                 Buffers: shared hit=888727 read=408438
                                 ->  Hash Join  (cost=2570.12..706541.62 rows=9167 width=22) (actual time=35.756..5173.704 rows=220552 loops=1)
                                       Hash Cond: (catalog_returns.cr_returned_date_sk = date_dim.d_date_sk)
                                       Buffers: shared hit=24389 read=408348
                                       ->  Seq Scan on catalog_returns  (cost=0.00..647267.12 rows=21600412 width=26) (actual time=0.149..3423.271 rows=21598628 loops=1)
                                             Buffers: shared hit=23042 read=408221
                                       ->  Hash  (cost=2569.73..2569.73 rows=31 width=4) (actual time=22.980..22.981 rows=31 loops=1)
                                             Buckets: 1024  Batches: 1  Memory Usage: 10kB
                                             Buffers: shared hit=1347 read=127
                                             ->  Seq Scan on date_dim  (cost=0.00..2569.73 rows=31 width=4) (actual time=9.991..22.965 rows=31 loops=1)
                                                   Filter: ((d_year = 1998) AND (d_moy = 10))
                                                   Rows Removed by Filter: 73018
                                                   Buffers: shared hit=1347 read=127
                                 ->  Index Scan using customer_pkey on customer  (cost=0.43..0.67 rows=1 width=16) (actual time=0.022..0.022 rows=1 loops=220552)
                                       Index Cond: (c_customer_sk = catalog_returns.cr_returning_customer_sk)
                                       Buffers: shared hit=864338 read=90
                           ->  Memoize  (cost=0.29..0.31 rows=1 width=4) (actual time=0.001..0.001 rows=0 loops=216107)
                                 Cache Key: customer.c_current_hdemo_sk
                                 Cache Mode: logical
                                 Hits: 208913  Misses: 7194  Evictions: 0  Overflows: 0  Memory Usage: 520kB
                                 Buffers: shared hit=21579
                                 ->  Index Scan using household_demographics_pkey on household_demographics  (cost=0.28..0.30 rows=1 width=4) (actual time=0.014..0.014 rows=0 loops=7194)
                                       Index Cond: (hd_demo_sk = customer.c_current_hdemo_sk)
                                       Filter: (hd_buy_potential ~~ 'Unknown%'::text)
                                       Rows Removed by Filter: 1
                                       Buffers: shared hit=21579
                     ->  Index Scan using customer_address_pkey on customer_address  (cost=0.42..0.67 rows=1 width=4) (actual time=0.024..0.024 rows=0 loops=36807)
                           Index Cond: (ca_address_sk = customer.c_current_addr_sk)
                           Filter: (ca_gmt_offset = '-7'::numeric)
                           Rows Removed by Filter: 1
                           Buffers: shared hit=141432 read=5796
               ->  Index Scan using customer_demographics_pkey on customer_demographics  (cost=0.43..0.72 rows=1 width=4) (actual time=0.025..0.025 rows=0 loops=5425)
                     Index Cond: (cd_demo_sk = customer.c_current_cdemo_sk)
                     Filter: (((cd_marital_status = 'M'::bpchar) AND (cd_education_status = 'Unknown'::bpchar)) OR ((cd_marital_status = 'W'::bpchar) AND (cd_education_status = 'Advanced Degree'::bpchar)))
                     Rows Removed by Filter: 1
                     Buffers: shared hit=19459 read=1857
         ->  Index Scan using call_center_pkey on call_center  (cost=0.14..0.16 rows=1 width=48) (actual time=0.012..0.012 rows=1 loops=317)
               Index Cond: (cc_call_center_sk = catalog_returns.cr_call_center_sk)
               Buffers: shared hit=624
 Planning:
   Buffers: shared hit=415
 Planning Time: 4.538 ms
 Execution Time: 11560.726 ms
(54 rows)

