                                                                                                  QUERY PLAN                                                                                                  
--------------------------------------------------------------------------------------------------------------------------------------------------------------------------------------------------------------
 Aggregate  (cost=715903.32..715903.33 rows=1 width=136) (actual time=13471.270..13471.276 rows=1 loops=1)
   Buffers: shared hit=1313521 read=414046
   ->  Nested Loop  (cost=2571.82..715903.18 rows=9 width=58) (actual time=491.642..13470.093 rows=330 loops=1)
         Buffers: shared hit=1313521 read=414046
         ->  Nested Loop  (cost=2571.68..715901.79 rows=9 width=18) (actual time=491.622..13464.628 rows=336 loops=1)
               Buffers: shared hit=1312861 read=414046
               ->  Nested Loop  (cost=2571.25..715788.62 rows=158 width=22) (actual time=471.373..13361.167 rows=3365 loops=1)
                     Buffers: shared hit=1301228 read=412443
                     ->  Nested Loop  (cost=2570.83..714805.30 rows=1478 width=26) (actual time=468.809..12182.516 rows=45505 loops=1)
                           Buffers: shared hit=1124867 read=406784
                           ->  Nested Loop  (cost=2570.54..712473.67 rows=8871 width=30) (actual time=465.692..11854.626 rows=269330 loops=1)
                                 Buffers: shared hit=1103273 read=406784
                                 ->  Hash Join  (cost=2570.11..706541.60 rows=8871 width=22) (actual time=465.646..5428.120 rows=274879 loops=1)
                                       Hash Cond: (catalog_returns.cr_returned_date_sk = date_dim.d_date_sk)
                                       Buffers: shared hit=26120 read=406617
                                       ->  Seq Scan on catalog_returns  (cost=0.00..647267.12 rows=21600412 width=26) (actual time=0.516..3592.937 rows=21598628 loops=1)
                                             Buffers: shared hit=24773 read=406490
                                       ->  Hash  (cost=2569.73..2569.73 rows=30 width=4) (actual time=18.245..18.246 rows=30 loops=1)
                                             Buckets: 1024  Batches: 1  Memory Usage: 10kB
                                             Buffers: shared hit=1347 read=127
                                             ->  Seq Scan on date_dim  (cost=0.00..2569.73 rows=30 width=4) (actual time=10.024..18.230 rows=30 loops=1)
                                                   Filter: ((d_year = 1999) AND (d_moy = 6))
                                                   Rows Removed by Filter: 73019
                                                   Buffers: shared hit=1347 read=127
                                 ->  Index Scan using customer_pkey on customer  (cost=0.43..0.67 rows=1 width=16) (actual time=0.023..0.023 rows=1 loops=274879)
                                       Index Cond: (c_customer_sk = catalog_returns.cr_returning_customer_sk)
                                       Buffers: shared hit=1077153 read=167
                           ->  Memoize  (cost=0.29..0.31 rows=1 width=4) (actual time=0.001..0.001 rows=0 loops=269330)
                                 Cache Key: customer.c_current_hdemo_sk
                                 Cache Mode: logical
                                 Hits: 262131  Misses: 7199  Evictions: 0  Overflows: 0  Memory Usage: 521kB
                                 Buffers: shared hit=21594
                                 ->  Index Scan using household_demographics_pkey on household_demographics  (cost=0.28..0.30 rows=1 width=4) (actual time=0.017..0.017 rows=0 loops=7199)
                                       Index Cond: (hd_demo_sk = customer.c_current_hdemo_sk)
                                       Filter: (hd_buy_potential ~~ '501-1000%'::text)
                                       Rows Removed by Filter: 1
                                       Buffers: shared hit=21594
                     ->  Index Scan using customer_address_pkey on customer_address  (cost=0.42..0.67 rows=1 width=4) (actual time=0.026..0.026 rows=0 loops=45505)
                           Index Cond: (ca_address_sk = customer.c_current_addr_sk)
                           Filter: (ca_gmt_offset = '-7'::numeric)
                           Rows Removed by Filter: 1
                           Buffers: shared hit=176361 read=5659
               ->  Index Scan using customer_demographics_pkey on customer_demographics  (cost=0.43..0.72 rows=1 width=4) (actual time=0.030..0.030 rows=0 loops=3365)
                     Index Cond: (cd_demo_sk = customer.c_current_cdemo_sk)
                     Filter: (((cd_marital_status = 'M'::bpchar) AND (cd_education_status = 'Unknown'::bpchar)) OR ((cd_marital_status = 'W'::bpchar) AND (cd_education_status = 'Advanced Degree'::bpchar)))
                     Rows Removed by Filter: 1
                     Buffers: shared hit=11633 read=1603
         ->  Index Scan using call_center_pkey on call_center  (cost=0.14..0.16 rows=1 width=48) (actual time=0.015..0.015 rows=1 loops=336)
               Index Cond: (cc_call_center_sk = catalog_returns.cr_call_center_sk)
               Buffers: shared hit=660
 Planning:
   Buffers: shared hit=415
 Planning Time: 4.576 ms
 Execution Time: 13472.008 ms
(54 rows)

