                                                                                                     QUERY PLAN                                                                                                     
--------------------------------------------------------------------------------------------------------------------------------------------------------------------------------------------------------------------
 Aggregate  (cost=715921.76..715921.77 rows=1 width=136) (actual time=11434.653..11434.660 rows=1 loops=1)
   Buffers: shared hit=1021848 read=432218
   ->  Hash Join  (cost=2574.36..715921.22 rows=36 width=58) (actual time=262.118..11429.046 rows=3001 loops=1)
         Hash Cond: (catalog_returns.cr_call_center_sk = call_center.cc_call_center_sk)
         Buffers: shared hit=1021848 read=432218
         ->  Nested Loop  (cost=2571.68..715918.44 rows=36 width=18) (actual time=262.024..11426.820 rows=3026 loops=1)
               Buffers: shared hit=1021846 read=432218
               ->  Nested Loop  (cost=2571.26..715863.88 rows=82 width=22) (actual time=254.127..11328.738 rows=3882 loops=1)
                     Buffers: shared hit=1006738 read=431798
                     ->  Nested Loop  (cost=2570.83..714805.30 rows=1478 width=26) (actual time=252.166..10391.418 rows=35949 loops=1)
                           Buffers: shared hit=885396 read=412104
                           ->  Nested Loop  (cost=2570.54..712473.67 rows=8871 width=30) (actual time=252.009..10103.248 rows=210796 loops=1)
                                 Buffers: shared hit=863817 read=412104
                                 ->  Hash Join  (cost=2570.11..706541.60 rows=8871 width=22) (actual time=251.974..5192.465 rows=215069 loops=1)
                                       Hash Cond: (catalog_returns.cr_returned_date_sk = date_dim.d_date_sk)
                                       Buffers: shared hit=20811 read=411926
                                       ->  Seq Scan on catalog_returns  (cost=0.00..647267.12 rows=21600412 width=26) (actual time=0.359..3431.704 rows=21598628 loops=1)
                                             Buffers: shared hit=19464 read=411799
                                       ->  Hash  (cost=2569.73..2569.73 rows=30 width=4) (actual time=19.392..19.393 rows=31 loops=1)
                                             Buckets: 1024  Batches: 1  Memory Usage: 10kB
                                             Buffers: shared hit=1347 read=127
                                             ->  Seq Scan on date_dim  (cost=0.00..2569.73 rows=30 width=4) (actual time=10.684..19.375 rows=31 loops=1)
                                                   Filter: ((d_year = 1999) AND (d_moy = 1))
                                                   Rows Removed by Filter: 73018
                                                   Buffers: shared hit=1347 read=127
                                 ->  Index Scan using customer_pkey on customer  (cost=0.43..0.67 rows=1 width=16) (actual time=0.022..0.022 rows=1 loops=215069)
                                       Index Cond: (c_customer_sk = catalog_returns.cr_returning_customer_sk)
                                       Buffers: shared hit=843006 read=178
                           ->  Memoize  (cost=0.29..0.31 rows=1 width=4) (actual time=0.001..0.001 rows=0 loops=210796)
                                 Cache Key: customer.c_current_hdemo_sk
                                 Cache Mode: logical
                                 Hits: 203602  Misses: 7194  Evictions: 0  Overflows: 0  Memory Usage: 520kB
                                 Buffers: shared hit=21579
                                 ->  Index Scan using household_demographics_pkey on household_demographics  (cost=0.28..0.30 rows=1 width=4) (actual time=0.018..0.018 rows=0 loops=7194)
                                       Index Cond: (hd_demo_sk = customer.c_current_hdemo_sk)
                                       Filter: (hd_buy_potential ~~ 'Unknown%'::text)
                                       Rows Removed by Filter: 1
                                       Buffers: shared hit=21579
                     ->  Index Scan using customer_demographics_pkey on customer_demographics  (cost=0.43..0.72 rows=1 width=4) (actual time=0.026..0.026 rows=0 loops=35949)
                           Index Cond: (cd_demo_sk = customer.c_current_cdemo_sk)
                           Filter: (((cd_marital_status = 'M'::bpchar) AND (cd_education_status = 'Unknown'::bpchar)) OR ((cd_marital_status = 'W'::bpchar) AND (cd_education_status = 'Advanced Degree'::bpchar)))
                           Rows Removed by Filter: 1
                           Buffers: shared hit=121342 read=19694
               ->  Index Scan using customer_address_pkey on customer_address  (cost=0.42..0.67 rows=1 width=4) (actual time=0.024..0.024 rows=1 loops=3882)
                     Index Cond: (ca_address_sk = customer.c_current_addr_sk)
                     Filter: (ca_gmt_offset = '-6'::numeric)
                     Rows Removed by Filter: 0
                     Buffers: shared hit=15108 read=420
         ->  Hash  (cost=2.30..2.30 rows=30 width=48) (actual time=0.067..0.067 rows=30 loops=1)
               Buckets: 1024  Batches: 1  Memory Usage: 11kB
               Buffers: shared hit=2
               ->  Seq Scan on call_center  (cost=0.00..2.30 rows=30 width=48) (actual time=0.025..0.044 rows=30 loops=1)
                     Buffers: shared hit=2
 Planning:
   Buffers: shared hit=415
 Planning Time: 3.676 ms
 Execution Time: 11435.381 ms
(57 rows)

