                                                                                                  QUERY PLAN                                                                                                  
--------------------------------------------------------------------------------------------------------------------------------------------------------------------------------------------------------------
 Aggregate  (cost=716146.24..716146.25 rows=1 width=136) (actual time=14788.261..14788.268 rows=1 loops=1)
   Buffers: shared hit=1570658 read=415349
   ->  Nested Loop  (cost=2571.83..716146.10 rows=9 width=58) (actual time=2823.099..14786.899 rows=381 loops=1)
         Buffers: shared hit=1570658 read=415349
         ->  Nested Loop  (cost=2571.69..716144.71 rows=9 width=18) (actual time=2823.083..14782.096 rows=385 loops=1)
               Buffers: shared hit=1569896 read=415349
               ->  Nested Loop  (cost=2571.27..716027.25 rows=164 width=22) (actual time=2777.085..14640.045 rows=5801 loops=1)
                     Buffers: shared hit=1549908 read=412545
                     ->  Nested Loop  (cost=2570.84..715010.66 rows=1528 width=26) (actual time=2772.188..13251.153 rows=57333 loops=1)
                           Buffers: shared hit=1329379 read=403742
                           ->  Nested Loop  (cost=2570.55..712671.62 rows=9167 width=30) (actual time=2772.163..12902.093 rows=319696 loops=1)
                                 Buffers: shared hit=1307779 read=403742
                                 ->  Hash Join  (cost=2570.12..706541.62 rows=9167 width=22) (actual time=2772.118..5463.654 rows=326115 loops=1)
                                       Hash Cond: (catalog_returns.cr_returned_date_sk = date_dim.d_date_sk)
                                       Buffers: shared hit=29285 read=403452
                                       ->  Seq Scan on catalog_returns  (cost=0.00..647267.12 rows=21600412 width=26) (actual time=0.047..3571.761 rows=21598628 loops=1)
                                             Buffers: shared hit=28750 read=402513
                                       ->  Hash  (cost=2569.73..2569.73 rows=31 width=4) (actual time=22.158..22.159 rows=31 loops=1)
                                             Buckets: 1024  Batches: 1  Memory Usage: 10kB
                                             Buffers: shared hit=535 read=939
                                             ->  Seq Scan on date_dim  (cost=0.00..2569.73 rows=31 width=4) (actual time=13.122..22.136 rows=31 loops=1)
                                                   Filter: ((d_year = 2002) AND (d_moy = 8))
                                                   Rows Removed by Filter: 73018
                                                   Buffers: shared hit=535 read=939
                                 ->  Index Scan using customer_pkey on customer  (cost=0.43..0.67 rows=1 width=16) (actual time=0.022..0.022 rows=1 loops=326115)
                                       Index Cond: (c_customer_sk = catalog_returns.cr_returning_customer_sk)
                                       Buffers: shared hit=1278494 read=290
                           ->  Memoize  (cost=0.29..0.31 rows=1 width=4) (actual time=0.001..0.001 rows=0 loops=319696)
                                 Cache Key: customer.c_current_hdemo_sk
                                 Cache Mode: logical
                                 Hits: 312495  Misses: 7201  Evictions: 0  Overflows: 0  Memory Usage: 521kB
                                 Buffers: shared hit=21600
                                 ->  Index Scan using household_demographics_pkey on household_demographics  (cost=0.28..0.30 rows=1 width=4) (actual time=0.015..0.015 rows=0 loops=7201)
                                       Index Cond: (hd_demo_sk = customer.c_current_hdemo_sk)
                                       Filter: (hd_buy_potential ~~ '>10000%'::text)
                                       Rows Removed by Filter: 1
                                       Buffers: shared hit=21600
                     ->  Index Scan using customer_address_pkey on customer_address  (cost=0.42..0.67 rows=1 width=4) (actual time=0.024..0.024 rows=0 loops=57333)
                           Index Cond: (ca_address_sk = customer.c_current_addr_sk)
                           Filter: (ca_gmt_offset = '-7'::numeric)
                           Rows Removed by Filter: 1
                           Buffers: shared hit=220529 read=8803
               ->  Index Scan using customer_demographics_pkey on customer_demographics  (cost=0.43..0.72 rows=1 width=4) (actual time=0.024..0.024 rows=0 loops=5801)
                     Index Cond: (cd_demo_sk = customer.c_current_cdemo_sk)
                     Filter: (((cd_marital_status = 'M'::bpchar) AND (cd_education_status = 'Unknown'::bpchar)) OR ((cd_marital_status = 'W'::bpchar) AND (cd_education_status = 'Advanced Degree'::bpchar)))
                     Rows Removed by Filter: 1
                     Buffers: shared hit=19988 read=2804
         ->  Index Scan using call_center_pkey on call_center  (cost=0.14..0.16 rows=1 width=48) (actual time=0.011..0.011 rows=1 loops=385)
               Index Cond: (cc_call_center_sk = catalog_returns.cr_call_center_sk)
               Buffers: shared hit=762
 Planning:
   Buffers: shared hit=384 read=31
 Planning Time: 7.247 ms
 Execution Time: 14789.048 ms
(54 rows)

