                                                                                                  QUERY PLAN                                                                                                  
--------------------------------------------------------------------------------------------------------------------------------------------------------------------------------------------------------------
 Aggregate  (cost=715661.61..715661.62 rows=1 width=136) (actual time=10532.279..10532.285 rows=1 loops=1)
   Buffers: shared hit=939885 read=405450
   ->  Nested Loop  (cost=2571.81..715661.49 rows=8 width=58) (actual time=108.500..10531.528 rows=225 loops=1)
         Buffers: shared hit=939885 read=405450
         ->  Nested Loop  (cost=2571.67..715660.25 rows=8 width=18) (actual time=108.486..10527.978 rows=227 loops=1)
               Buffers: shared hit=939435 read=405450
               ->  Nested Loop  (cost=2571.24..715550.67 rows=153 width=22) (actual time=95.559..10455.995 rows=2373 loops=1)
                     Buffers: shared hit=931685 read=403896
                     ->  Nested Loop  (cost=2570.82..714599.95 rows=1429 width=26) (actual time=78.798..9697.179 rows=31356 loops=1)
                           Buffers: shared hit=809602 read=400555
                           ->  Nested Loop  (cost=2570.52..712275.72 rows=8575 width=30) (actual time=74.706..9449.455 rows=188961 loops=1)
                                 Buffers: shared hit=788026 read=400555
                                 ->  Hash Join  (cost=2570.10..706541.59 rows=8575 width=22) (actual time=74.644..5100.524 rows=192746 loops=1)
                                       Hash Cond: (catalog_returns.cr_returned_date_sk = date_dim.d_date_sk)
                                       Buffers: shared hit=32398 read=400339
                                       ->  Seq Scan on catalog_returns  (cost=0.00..647267.12 rows=21600412 width=26) (actual time=0.068..3374.965 rows=21598628 loops=1)
                                             Buffers: shared hit=30924 read=400339
                                       ->  Hash  (cost=2569.73..2569.73 rows=29 width=4) (actual time=20.102..20.103 rows=30 loops=1)
                                             Buckets: 1024  Batches: 1  Memory Usage: 10kB
                                             Buffers: shared hit=1474
                                             ->  Seq Scan on date_dim  (cost=0.00..2569.73 rows=29 width=4) (actual time=11.524..20.090 rows=30 loops=1)
                                                   Filter: ((d_year = 1998) AND (d_moy = 11))
                                                   Rows Removed by Filter: 73019
                                                   Buffers: shared hit=1474
                                 ->  Index Scan using customer_pkey on customer  (cost=0.43..0.67 rows=1 width=16) (actual time=0.022..0.022 rows=1 loops=192746)
                                       Index Cond: (c_customer_sk = catalog_returns.cr_returning_customer_sk)
                                       Buffers: shared hit=755628 read=216
                           ->  Memoize  (cost=0.29..0.31 rows=1 width=4) (actual time=0.001..0.001 rows=0 loops=188961)
                                 Cache Key: customer.c_current_hdemo_sk
                                 Cache Mode: logical
                                 Hits: 181768  Misses: 7193  Evictions: 0  Overflows: 0  Memory Usage: 520kB
                                 Buffers: shared hit=21576
                                 ->  Index Scan using household_demographics_pkey on household_demographics  (cost=0.28..0.30 rows=1 width=4) (actual time=0.015..0.015 rows=0 loops=7193)
                                       Index Cond: (hd_demo_sk = customer.c_current_hdemo_sk)
                                       Filter: (hd_buy_potential ~~ '501-1000%'::text)
                                       Rows Removed by Filter: 1
                                       Buffers: shared hit=21576
                     ->  Index Scan using customer_address_pkey on customer_address  (cost=0.42..0.67 rows=1 width=4) (actual time=0.024..0.024 rows=0 loops=31356)
                           Index Cond: (ca_address_sk = customer.c_current_addr_sk)
                           Filter: (ca_gmt_offset = '-7'::numeric)
                           Rows Removed by Filter: 1
                           Buffers: shared hit=122083 read=3341
               ->  Index Scan using customer_demographics_pkey on customer_demographics  (cost=0.43..0.72 rows=1 width=4) (actual time=0.030..0.030 rows=0 loops=2373)
                     Index Cond: (cd_demo_sk = customer.c_current_cdemo_sk)
                     Filter: (((cd_marital_status = 'M'::bpchar) AND (cd_education_status = 'Unknown'::bpchar)) OR ((cd_marital_status = 'W'::bpchar) AND (cd_education_status = 'Advanced Degree'::bpchar)))
                     Rows Removed by Filter: 1
                     Buffers: shared hit=7750 read=1554
         ->  Index Scan using call_center_pkey on call_center  (cost=0.14..0.16 rows=1 width=48) (actual time=0.014..0.014 rows=1 loops=227)
               Index Cond: (cc_call_center_sk = catalog_returns.cr_call_center_sk)
               Buffers: shared hit=450
 Planning:
   Buffers: shared hit=415
 Planning Time: 5.942 ms
 Execution Time: 10533.290 ms
(54 rows)

