                                                                                                  QUERY PLAN                                                                                                  
--------------------------------------------------------------------------------------------------------------------------------------------------------------------------------------------------------------
 Aggregate  (cost=715903.32..715903.33 rows=1 width=136) (actual time=14391.677..14391.684 rows=1 loops=1)
   Buffers: shared hit=1503026 read=412722
   ->  Nested Loop  (cost=2571.82..715903.18 rows=9 width=58) (actual time=2827.030..14390.166 rows=475 loops=1)
         Buffers: shared hit=1503026 read=412722
         ->  Nested Loop  (cost=2571.68..715901.79 rows=9 width=18) (actual time=2827.016..14385.181 rows=482 loops=1)
               Buffers: shared hit=1502076 read=412722
               ->  Nested Loop  (cost=2571.25..715788.62 rows=158 width=22) (actual time=2809.823..14177.693 rows=7600 loops=1)
                     Buffers: shared hit=1475627 read=409355
                     ->  Nested Loop  (cost=2570.83..714805.30 rows=1478 width=26) (actual time=2788.622..12885.046 rows=52246 loops=1)
                           Buffers: shared hit=1274564 read=401434
                           ->  Nested Loop  (cost=2570.54..712473.67 rows=8871 width=30) (actual time=2788.379..12549.491 rows=305416 loops=1)
                                 Buffers: shared hit=1252967 read=401434
                                 ->  Hash Join  (cost=2570.11..706541.60 rows=8871 width=22) (actual time=2788.330..5418.767 rows=311605 loops=1)
                                       Hash Cond: (catalog_returns.cr_returned_date_sk = date_dim.d_date_sk)
                                       Buffers: shared hit=31683 read=401054
                                       ->  Seq Scan on catalog_returns  (cost=0.00..647267.12 rows=21600412 width=26) (actual time=0.050..3573.682 rows=21598628 loops=1)
                                             Buffers: shared hit=30209 read=401054
                                       ->  Hash  (cost=2569.73..2569.73 rows=30 width=4) (actual time=19.520..19.521 rows=30 loops=1)
                                             Buckets: 1024  Batches: 1  Memory Usage: 10kB
                                             Buffers: shared hit=1474
                                             ->  Seq Scan on date_dim  (cost=0.00..2569.73 rows=30 width=4) (actual time=11.984..19.501 rows=30 loops=1)
                                                   Filter: ((d_year = 2002) AND (d_moy = 9))
                                                   Rows Removed by Filter: 73019
                                                   Buffers: shared hit=1474
                                 ->  Index Scan using customer_pkey on customer  (cost=0.43..0.67 rows=1 width=16) (actual time=0.022..0.022 rows=1 loops=311605)
                                       Index Cond: (c_customer_sk = catalog_returns.cr_returning_customer_sk)
                                       Buffers: shared hit=1221284 read=380
                           ->  Memoize  (cost=0.29..0.31 rows=1 width=4) (actual time=0.001..0.001 rows=0 loops=305416)
                                 Cache Key: customer.c_current_hdemo_sk
                                 Cache Mode: logical
                                 Hits: 298216  Misses: 7200  Evictions: 0  Overflows: 0  Memory Usage: 521kB
                                 Buffers: shared hit=21597
                                 ->  Index Scan using household_demographics_pkey on household_demographics  (cost=0.28..0.30 rows=1 width=4) (actual time=0.015..0.015 rows=0 loops=7200)
                                       Index Cond: (hd_demo_sk = customer.c_current_hdemo_sk)
                                       Filter: (hd_buy_potential ~~ 'Unknown%'::text)
                                       Rows Removed by Filter: 1
                                       Buffers: shared hit=21597
                     ->  Index Scan using customer_address_pkey on customer_address  (cost=0.42..0.67 rows=1 width=4) (actual time=0.024..0.024 rows=0 loops=52246)
                           Index Cond: (ca_address_sk = customer.c_current_addr_sk)
                           Filter: (ca_gmt_offset = '-7'::numeric)
                           Rows Removed by Filter: 1
                           Buffers: shared hit=201063 read=7921
               ->  Index Scan using customer_demographics_pkey on customer_demographics  (cost=0.43..0.72 rows=1 width=4) (actual time=0.027..0.027 rows=0 loops=7600)
                     Index Cond: (cd_demo_sk = customer.c_current_cdemo_sk)
                     Filter: (((cd_marital_status = 'M'::bpchar) AND (cd_education_status = 'Unknown'::bpchar)) OR ((cd_marital_status = 'W'::bpchar) AND (cd_education_status = 'Advanced Degree'::bpchar)))
                     Rows Removed by Filter: 1
                     Buffers: shared hit=26449 read=3367
         ->  Index Scan using call_center_pkey on call_center  (cost=0.14..0.16 rows=1 width=48) (actual time=0.009..0.009 rows=1 loops=482)
               Index Cond: (cc_call_center_sk = catalog_returns.cr_call_center_sk)
               Buffers: shared hit=950
 Planning:
   Buffers: shared hit=415
 Planning Time: 4.540 ms
 Execution Time: 14392.492 ms
(54 rows)

