                                                                                                     QUERY PLAN                                                                                                     
--------------------------------------------------------------------------------------------------------------------------------------------------------------------------------------------------------------------
 Aggregate  (cost=716164.96..716164.97 rows=1 width=136) (actual time=12202.897..12202.904 rows=1 loops=1)
   Buffers: shared hit=1174019 read=419743
   ->  Hash Join  (cost=2574.37..716164.39 rows=38 width=58) (actual time=1202.882..12196.785 rows=3327 loops=1)
         Hash Cond: (catalog_returns.cr_call_center_sk = call_center.cc_call_center_sk)
         Buffers: shared hit=1174019 read=419743
         ->  Nested Loop  (cost=2571.69..716161.60 rows=38 width=18) (actual time=1202.789..12194.396 rows=3351 loops=1)
               Buffers: shared hit=1174017 read=419743
               ->  Nested Loop  (cost=2571.27..716105.05 rows=85 width=22) (actual time=1202.751..12085.601 rows=4370 loops=1)
                     Buffers: shared hit=1157106 read=419174
                     ->  Nested Loop  (cost=2570.84..715010.66 rows=1528 width=26) (actual time=1186.087..11025.484 rows=40899 loops=1)
                           Buffers: shared hit=1015416 read=400312
                           ->  Nested Loop  (cost=2570.55..712671.62 rows=9167 width=30) (actual time=1181.836..10735.768 rows=240350 loops=1)
                                 Buffers: shared hit=993825 read=400312
                                 ->  Hash Join  (cost=2570.12..706541.62 rows=9167 width=22) (actual time=1181.804..5161.491 rows=245202 loops=1)
                                       Hash Cond: (catalog_returns.cr_returned_date_sk = date_dim.d_date_sk)
                                       Buffers: shared hit=32608 read=400129
                                       ->  Seq Scan on catalog_returns  (cost=0.00..647267.12 rows=21600412 width=26) (actual time=0.025..3396.738 rows=21598628 loops=1)
                                             Buffers: shared hit=31134 read=400129
                                       ->  Hash  (cost=2569.73..2569.73 rows=31 width=4) (actual time=19.794..19.795 rows=31 loops=1)
                                             Buckets: 1024  Batches: 1  Memory Usage: 10kB
                                             Buffers: shared hit=1474
                                             ->  Seq Scan on date_dim  (cost=0.00..2569.73 rows=31 width=4) (actual time=10.024..19.778 rows=31 loops=1)
                                                   Filter: ((d_year = 2000) AND (d_moy = 7))
                                                   Rows Removed by Filter: 73018
                                                   Buffers: shared hit=1474
                                 ->  Index Scan using customer_pkey on customer  (cost=0.43..0.67 rows=1 width=16) (actual time=0.022..0.022 rows=1 loops=245202)
                                       Index Cond: (c_customer_sk = catalog_returns.cr_returning_customer_sk)
                                       Buffers: shared hit=961217 read=183
                           ->  Memoize  (cost=0.29..0.31 rows=1 width=4) (actual time=0.001..0.001 rows=0 loops=240350)
                                 Cache Key: customer.c_current_hdemo_sk
                                 Cache Mode: logical
                                 Hits: 233152  Misses: 7198  Evictions: 0  Overflows: 0  Memory Usage: 521kB
                                 Buffers: shared hit=21591
                                 ->  Index Scan using household_demographics_pkey on household_demographics  (cost=0.28..0.30 rows=1 width=4) (actual time=0.015..0.015 rows=0 loops=7198)
                                       Index Cond: (hd_demo_sk = customer.c_current_hdemo_sk)
                                       Filter: (hd_buy_potential ~~ 'Unknown%'::text)
                                       Rows Removed by Filter: 1
                                       Buffers: shared hit=21591
                     ->  Index Scan using customer_demographics_pkey on customer_demographics  (cost=0.43..0.72 rows=1 width=4) (actual time=0.026..0.026 rows=0 loops=40899)
                           Index Cond: (cd_demo_sk = customer.c_current_cdemo_sk)
                           Filter: (((cd_marital_status = 'M'::bpchar) AND (cd_education_status = 'Unknown'::bpchar)) OR ((cd_marital_status = 'W'::bpchar) AND (cd_education_status = 'Advanced Degree'::bpchar)))
                           Rows Removed by Filter: 1
                           Buffers: shared hit=141690 read=18862
               ->  Index Scan using customer_address_pkey on customer_address  (cost=0.42..0.67 rows=1 width=4) (actual time=0.024..0.024 rows=1 loops=4370)
                     Index Cond: (ca_address_sk = customer.c_current_addr_sk)
                     Filter: (ca_gmt_offset = '-6'::numeric)
                     Rows Removed by Filter: 0
                     Buffers: shared hit=16911 read=569
         ->  Hash  (cost=2.30..2.30 rows=30 width=48) (actual time=0.067..0.068 rows=30 loops=1)
               Buckets: 1024  Batches: 1  Memory Usage: 11kB
               Buffers: shared hit=2
               ->  Seq Scan on call_center  (cost=0.00..2.30 rows=30 width=48) (actual time=0.026..0.044 rows=30 loops=1)
                     Buffers: shared hit=2
 Planning:
   Buffers: shared hit=415
 Planning Time: 4.060 ms
 Execution Time: 12203.637 ms
(57 rows)

