                                                                                                     QUERY PLAN                                                                                                     
--------------------------------------------------------------------------------------------------------------------------------------------------------------------------------------------------------------------
 Aggregate  (cost=715437.52..715437.53 rows=1 width=136) (actual time=13141.017..13141.025 rows=1 loops=1)
   Buffers: shared hit=1319460 read=422679
   ->  Hash Join  (cost=2574.33..715437.01 rows=34 width=58) (actual time=13141.012..13141.019 rows=0 loops=1)
         Hash Cond: (catalog_returns.cr_call_center_sk = call_center.cc_call_center_sk)
         Buffers: shared hit=1319460 read=422679
         ->  Nested Loop  (cost=2571.66..715434.23 rows=34 width=18) (actual time=13140.944..13140.950 rows=0 loops=1)
               Buffers: shared hit=1319458 read=422679
               ->  Nested Loop  (cost=2571.23..715383.67 rows=76 width=22) (actual time=1549.789..13094.693 rows=1803 loops=1)
                     Buffers: shared hit=1312648 read=422277
                     ->  Nested Loop  (cost=2570.80..714395.28 rows=1380 width=26) (actual time=1519.767..12034.523 rows=42507 loops=1)
                           Buffers: shared hit=1157748 read=410313
                           ->  Nested Loop  (cost=2570.51..712078.44 rows=8280 width=30) (actual time=1518.336..11718.373 rows=278431 loops=1)
                                 Buffers: shared hit=1136148 read=410313
                                 ->  Hash Join  (cost=2570.08..706541.58 rows=8280 width=22) (actual time=1518.297..5328.813 rows=283886 loops=1)
                                       Hash Cond: (catalog_returns.cr_returned_date_sk = date_dim.d_date_sk)
                                       Buffers: shared hit=22695 read=410042
                                       ->  Seq Scan on catalog_returns  (cost=0.00..647267.12 rows=21600412 width=26) (actual time=0.020..3504.930 rows=21598628 loops=1)
                                             Buffers: shared hit=21756 read=409507
                                       ->  Hash  (cost=2569.73..2569.73 rows=28 width=4) (actual time=16.942..16.944 rows=28 loops=1)
                                             Buckets: 1024  Batches: 1  Memory Usage: 9kB
                                             Buffers: shared hit=939 read=535
                                             ->  Seq Scan on date_dim  (cost=0.00..2569.73 rows=28 width=4) (actual time=8.467..16.930 rows=28 loops=1)
                                                   Filter: ((d_year = 2001) AND (d_moy = 2))
                                                   Rows Removed by Filter: 73021
                                                   Buffers: shared hit=939 read=535
                                 ->  Index Scan using customer_pkey on customer  (cost=0.43..0.67 rows=1 width=16) (actual time=0.022..0.022 rows=1 loops=283886)
                                       Index Cond: (c_customer_sk = catalog_returns.cr_returning_customer_sk)
                                       Buffers: shared hit=1113453 read=271
                           ->  Memoize  (cost=0.29..0.31 rows=1 width=4) (actual time=0.001..0.001 rows=0 loops=278431)
                                 Cache Key: customer.c_current_hdemo_sk
                                 Cache Mode: logical
                                 Hits: 271230  Misses: 7201  Evictions: 0  Overflows: 0  Memory Usage: 521kB
                                 Buffers: shared hit=21600
                                 ->  Index Scan using household_demographics_pkey on household_demographics  (cost=0.28..0.30 rows=1 width=4) (actual time=0.015..0.015 rows=0 loops=7201)
                                       Index Cond: (hd_demo_sk = customer.c_current_hdemo_sk)
                                       Filter: (hd_buy_potential ~~ '0-500%'::text)
                                       Rows Removed by Filter: 1
                                       Buffers: shared hit=21600
                     ->  Index Scan using customer_demographics_pkey on customer_demographics  (cost=0.43..0.72 rows=1 width=4) (actual time=0.025..0.025 rows=0 loops=42507)
                           Index Cond: (cd_demo_sk = customer.c_current_cdemo_sk)
                           Filter: (((cd_marital_status = 'M'::bpchar) AND (cd_education_status = 'Unknown'::bpchar)) OR ((cd_marital_status = 'W'::bpchar) AND (cd_education_status = 'Advanced Degree'::bpchar)))
                           Rows Removed by Filter: 1
                           Buffers: shared hit=154900 read=11964
               ->  Index Scan using customer_address_pkey on customer_address  (cost=0.42..0.67 rows=1 width=4) (actual time=0.025..0.025 rows=0 loops=1803)
                     Index Cond: (ca_address_sk = customer.c_current_addr_sk)
                     Filter: (ca_gmt_offset = '-6'::numeric)
                     Rows Removed by Filter: 1
                     Buffers: shared hit=6810 read=402
         ->  Hash  (cost=2.30..2.30 rows=30 width=48) (actual time=0.051..0.052 rows=30 loops=1)
               Buckets: 1024  Batches: 1  Memory Usage: 11kB
               Buffers: shared hit=2
               ->  Seq Scan on call_center  (cost=0.00..2.30 rows=30 width=48) (actual time=0.020..0.034 rows=30 loops=1)
                     Buffers: shared hit=2
 Planning:
   Buffers: shared hit=415
 Planning Time: 2.831 ms
 Execution Time: 13141.687 ms
(57 rows)

