                                                                                                  QUERY PLAN                                                                                                  
--------------------------------------------------------------------------------------------------------------------------------------------------------------------------------------------------------------
 Aggregate  (cost=715903.32..715903.33 rows=1 width=136) (actual time=13105.988..13105.994 rows=1 loops=1)
   Buffers: shared hit=1300705 read=421600
   ->  Nested Loop  (cost=2571.82..715903.18 rows=9 width=58) (actual time=461.683..13104.199 rows=651 loops=1)
         Buffers: shared hit=1300705 read=421600
         ->  Nested Loop  (cost=2571.68..715901.79 rows=9 width=18) (actual time=461.663..13096.692 rows=657 loops=1)
               Buffers: shared hit=1299403 read=421600
               ->  Nested Loop  (cost=2571.25..715788.62 rows=158 width=22) (actual time=443.383..12975.306 rows=4701 loops=1)
                     Buffers: shared hit=1282120 read=420431
                     ->  Nested Loop  (cost=2570.83..714805.30 rows=1478 width=26) (actual time=441.719..11898.932 rows=42725 loops=1)
                           Buffers: shared hit=1119923 read=411728
                           ->  Nested Loop  (cost=2570.54..712473.67 rows=8871 width=30) (actual time=438.752..11585.815 rows=269330 loops=1)
                                 Buffers: shared hit=1098329 read=411728
                                 ->  Hash Join  (cost=2570.11..706541.60 rows=8871 width=22) (actual time=438.685..5281.693 rows=274879 loops=1)
                                       Hash Cond: (catalog_returns.cr_returned_date_sk = date_dim.d_date_sk)
                                       Buffers: shared hit=21201 read=411536
                                       ->  Seq Scan on catalog_returns  (cost=0.00..647267.12 rows=21600412 width=26) (actual time=0.039..3480.695 rows=21598628 loops=1)
                                             Buffers: shared hit=19727 read=411536
                                       ->  Hash  (cost=2569.73..2569.73 rows=30 width=4) (actual time=33.234..33.235 rows=30 loops=1)
                                             Buckets: 1024  Batches: 1  Memory Usage: 10kB
                                             Buffers: shared hit=1474
                                             ->  Seq Scan on date_dim  (cost=0.00..2569.73 rows=30 width=4) (actual time=10.538..33.218 rows=30 loops=1)
                                                   Filter: ((d_year = 1999) AND (d_moy = 6))
                                                   Rows Removed by Filter: 73019
                                                   Buffers: shared hit=1474
                                 ->  Index Scan using customer_pkey on customer  (cost=0.43..0.67 rows=1 width=16) (actual time=0.022..0.022 rows=1 loops=274879)
                                       Index Cond: (c_customer_sk = catalog_returns.cr_returning_customer_sk)
                                       Buffers: shared hit=1077128 read=192
                           ->  Memoize  (cost=0.29..0.31 rows=1 width=4) (actual time=0.001..0.001 rows=0 loops=269330)
                                 Cache Key: customer.c_current_hdemo_sk
                                 Cache Mode: logical
                                 Hits: 262131  Misses: 7199  Evictions: 0  Overflows: 0  Memory Usage: 521kB
                                 Buffers: shared hit=21594
                                 ->  Index Scan using household_demographics_pkey on household_demographics  (cost=0.28..0.30 rows=1 width=4) (actual time=0.015..0.015 rows=0 loops=7199)
                                       Index Cond: (hd_demo_sk = customer.c_current_hdemo_sk)
                                       Filter: (hd_buy_potential ~~ '5001-10000%'::text)
                                       Rows Removed by Filter: 1
                                       Buffers: shared hit=21594
                     ->  Index Scan using customer_address_pkey on customer_address  (cost=0.42..0.67 rows=1 width=4) (actual time=0.025..0.025 rows=0 loops=42725)
                           Index Cond: (ca_address_sk = customer.c_current_addr_sk)
                           Filter: (ca_gmt_offset = '-7'::numeric)
                           Rows Removed by Filter: 1
                           Buffers: shared hit=162197 read=8703
               ->  Index Scan using customer_demographics_pkey on customer_demographics  (cost=0.43..0.72 rows=1 width=4) (actual time=0.025..0.025 rows=0 loops=4701)
                     Index Cond: (cd_demo_sk = customer.c_current_cdemo_sk)
                     Filter: (((cd_marital_status = 'M'::bpchar) AND (cd_education_status = 'Unknown'::bpchar)) OR ((cd_marital_status = 'W'::bpchar) AND (cd_education_status = 'Advanced Degree'::bpchar)))
                     Rows Removed by Filter: 1
                     Buffers: shared hit=17283 read=1169
         ->  Index Scan using call_center_pkey on call_center  (cost=0.14..0.16 rows=1 width=48) (actual time=0.010..0.010 rows=1 loops=657)
               Index Cond: (cc_call_center_sk = catalog_returns.cr_call_center_sk)
               Buffers: shared hit=1302
 Planning:
   Buffers: shared hit=415
 Planning Time: 4.239 ms
 Execution Time: 13106.771 ms
(54 rows)

