                                                                                                  QUERY PLAN                                                                                                  
--------------------------------------------------------------------------------------------------------------------------------------------------------------------------------------------------------------
 Aggregate  (cost=715661.61..715661.62 rows=1 width=136) (actual time=13744.802..13744.808 rows=1 loops=1)
   Buffers: shared hit=1389129 read=418373
   ->  Nested Loop  (cost=2571.81..715661.49 rows=8 width=58) (actual time=2176.409..13742.715 rows=760 loops=1)
         Buffers: shared hit=1389129 read=418373
         ->  Nested Loop  (cost=2571.67..715660.25 rows=8 width=18) (actual time=2176.395..13734.691 rows=767 loops=1)
               Buffers: shared hit=1387609 read=418373
               ->  Nested Loop  (cost=2571.24..715550.67 rows=153 width=22) (actual time=2162.403..13580.645 rows=5856 loops=1)
                     Buffers: shared hit=1366566 read=416476
                     ->  Nested Loop  (cost=2570.82..714599.95 rows=1429 width=26) (actual time=2158.749..12482.128 rows=43938 loops=1)
                           Buffers: shared hit=1198560 read=408730
                           ->  Nested Loop  (cost=2570.52..712275.72 rows=8575 width=30) (actual time=2152.907..12151.825 rows=288239 loops=1)
                                 Buffers: shared hit=1176963 read=408730
                                 ->  Hash Join  (cost=2570.10..706541.59 rows=8575 width=22) (actual time=2152.871..5442.437 rows=294240 loops=1)
                                       Hash Cond: (catalog_returns.cr_returned_date_sk = date_dim.d_date_sk)
                                       Buffers: shared hit=24203 read=408534
                                       ->  Seq Scan on catalog_returns  (cost=0.00..647267.12 rows=21600412 width=26) (actual time=0.018..3624.247 rows=21598628 loops=1)
                                             Buffers: shared hit=22729 read=408534
                                       ->  Hash  (cost=2569.73..2569.73 rows=29 width=4) (actual time=10.784..10.786 rows=30 loops=1)
                                             Buckets: 1024  Batches: 1  Memory Usage: 10kB
                                             Buffers: shared hit=1474
                                             ->  Seq Scan on date_dim  (cost=0.00..2569.73 rows=29 width=4) (actual time=5.211..10.776 rows=30 loops=1)
                                                   Filter: ((d_year = 2001) AND (d_moy = 11))
                                                   Rows Removed by Filter: 73019
                                                   Buffers: shared hit=1474
                                 ->  Index Scan using customer_pkey on customer  (cost=0.43..0.67 rows=1 width=16) (actual time=0.022..0.022 rows=1 loops=294240)
                                       Index Cond: (c_customer_sk = catalog_returns.cr_returning_customer_sk)
                                       Buffers: shared hit=1152760 read=196
                           ->  Memoize  (cost=0.29..0.31 rows=1 width=4) (actual time=0.001..0.001 rows=0 loops=288239)
                                 Cache Key: customer.c_current_hdemo_sk
                                 Cache Mode: logical
                                 Hits: 281039  Misses: 7200  Evictions: 0  Overflows: 0  Memory Usage: 521kB
                                 Buffers: shared hit=21597
                                 ->  Index Scan using household_demographics_pkey on household_demographics  (cost=0.28..0.30 rows=1 width=4) (actual time=0.016..0.016 rows=0 loops=7200)
                                       Index Cond: (hd_demo_sk = customer.c_current_hdemo_sk)
                                       Filter: (hd_buy_potential ~~ '0-500%'::text)
                                       Rows Removed by Filter: 1
                                       Buffers: shared hit=21597
                     ->  Index Scan using customer_address_pkey on customer_address  (cost=0.42..0.67 rows=1 width=4) (actual time=0.025..0.025 rows=0 loops=43938)
                           Index Cond: (ca_address_sk = customer.c_current_addr_sk)
                           Filter: (ca_gmt_offset = '-7'::numeric)
                           Rows Removed by Filter: 1
                           Buffers: shared hit=168006 read=7746
               ->  Index Scan using customer_demographics_pkey on customer_demographics  (cost=0.43..0.72 rows=1 width=4) (actual time=0.026..0.026 rows=0 loops=5856)
                     Index Cond: (cd_demo_sk = customer.c_current_cdemo_sk)
                     Filter: (((cd_marital_status = 'M'::bpchar) AND (cd_education_status = 'Unknown'::bpchar)) OR ((cd_marital_status = 'W'::bpchar) AND (cd_education_status = 'Advanced Degree'::bpchar)))
                     Rows Removed by Filter: 1
                     Buffers: shared hit=21043 read=1897
         ->  Index Scan using call_center_pkey on call_center  (cost=0.14..0.16 rows=1 width=48) (actual time=0.009..0.009 rows=1 loops=767)
               Index Cond: (cc_call_center_sk = catalog_returns.cr_call_center_sk)
               Buffers: shared hit=1520
 Planning:
   Buffers: shared hit=415
 Planning Time: 1.643 ms
 Execution Time: 13745.225 ms
(54 rows)

