                                                                                                  QUERY PLAN                                                                                                  
--------------------------------------------------------------------------------------------------------------------------------------------------------------------------------------------------------------
 Aggregate  (cost=715903.32..715903.33 rows=1 width=136) (actual time=14240.019..14240.025 rows=1 loops=1)
   Buffers: shared hit=1482669 read=413433
   ->  Nested Loop  (cost=2571.82..715903.18 rows=9 width=58) (actual time=14240.014..14240.020 rows=0 loops=1)
         Buffers: shared hit=1482669 read=413433
         ->  Nested Loop  (cost=2571.68..715901.79 rows=9 width=18) (actual time=14240.014..14240.019 rows=0 loops=1)
               Buffers: shared hit=1482669 read=413433
               ->  Nested Loop  (cost=2571.25..715788.62 rows=158 width=22) (actual time=1704.909..14112.941 rows=4609 loops=1)
                     Buffers: shared hit=1467096 read=410946
                     ->  Nested Loop  (cost=2570.83..714805.30 rows=1478 width=26) (actual time=1702.878..13064.157 rows=42902 loops=1)
                           Buffers: shared hit=1300614 read=405820
                           ->  Nested Loop  (cost=2570.54..712473.67 rows=8871 width=30) (actual time=1696.194..12725.718 rows=313025 loops=1)
                                 Buffers: shared hit=1279017 read=405820
                                 ->  Hash Join  (cost=2570.11..706541.60 rows=8871 width=22) (actual time=1696.154..5384.654 rows=319396 loops=1)
                                       Hash Cond: (catalog_returns.cr_returned_date_sk = date_dim.d_date_sk)
                                       Buffers: shared hit=27055 read=405682
                                       ->  Seq Scan on catalog_returns  (cost=0.00..647267.12 rows=21600412 width=26) (actual time=0.037..3530.948 rows=21598628 loops=1)
                                             Buffers: shared hit=25581 read=405682
                                       ->  Hash  (cost=2569.73..2569.73 rows=30 width=4) (actual time=20.524..20.526 rows=31 loops=1)
                                             Buckets: 1024  Batches: 1  Memory Usage: 10kB
                                             Buffers: shared hit=1474
                                             ->  Seq Scan on date_dim  (cost=0.00..2569.73 rows=30 width=4) (actual time=12.169..20.511 rows=31 loops=1)
                                                   Filter: ((d_year = 2001) AND (d_moy = 5))
                                                   Rows Removed by Filter: 73018
                                                   Buffers: shared hit=1474
                                 ->  Index Scan using customer_pkey on customer  (cost=0.43..0.67 rows=1 width=16) (actual time=0.022..0.022 rows=1 loops=319396)
                                       Index Cond: (c_customer_sk = catalog_returns.cr_returning_customer_sk)
                                       Buffers: shared hit=1251962 read=138
                           ->  Memoize  (cost=0.29..0.31 rows=1 width=4) (actual time=0.001..0.001 rows=0 loops=313025)
                                 Cache Key: customer.c_current_hdemo_sk
                                 Cache Mode: logical
                                 Hits: 305825  Misses: 7200  Evictions: 0  Overflows: 0  Memory Usage: 521kB
                                 Buffers: shared hit=21597
                                 ->  Index Scan using household_demographics_pkey on household_demographics  (cost=0.28..0.30 rows=1 width=4) (actual time=0.014..0.014 rows=0 loops=7200)
                                       Index Cond: (hd_demo_sk = customer.c_current_hdemo_sk)
                                       Filter: (hd_buy_potential ~~ '1001-5000%'::text)
                                       Rows Removed by Filter: 1
                                       Buffers: shared hit=21597
                     ->  Index Scan using customer_address_pkey on customer_address  (cost=0.42..0.67 rows=1 width=4) (actual time=0.024..0.024 rows=0 loops=42902)
                           Index Cond: (ca_address_sk = customer.c_current_addr_sk)
                           Filter: (ca_gmt_offset = '-7'::numeric)
                           Rows Removed by Filter: 1
                           Buffers: shared hit=166482 read=5126
               ->  Index Scan using customer_demographics_pkey on customer_demographics  (cost=0.43..0.72 rows=1 width=4) (actual time=0.027..0.027 rows=0 loops=4609)
                     Index Cond: (cd_demo_sk = customer.c_current_cdemo_sk)
                     Filter: (((cd_marital_status = 'M'::bpchar) AND (cd_education_status = 'Unknown'::bpchar)) OR ((cd_marital_status = 'W'::bpchar) AND (cd_education_status = 'Advanced Degree'::bpchar)))
                     Rows Removed by Filter: 1
                     Buffers: shared hit=15573 read=2487
         ->  Index Scan using call_center_pkey on call_center  (cost=0.14..0.16 rows=1 width=48) (never executed)
               Index Cond: (cc_call_center_sk = catalog_returns.cr_call_center_sk)
 Planning:
   Buffers: shared hit=415
 Planning Time: 4.235 ms
 Execution Time: 14240.726 ms
(53 rows)

