                                                                                                  QUERY PLAN                                                                                                  
--------------------------------------------------------------------------------------------------------------------------------------------------------------------------------------------------------------
 Aggregate  (cost=716146.24..716146.25 rows=1 width=136) (actual time=15190.206..15190.213 rows=1 loops=1)
   Buffers: shared hit=1596302 read=411278
   ->  Nested Loop  (cost=2571.83..716146.10 rows=9 width=58) (actual time=1718.868..15188.897 rows=395 loops=1)
         Buffers: shared hit=1596302 read=411278
         ->  Nested Loop  (cost=2571.69..716144.71 rows=9 width=18) (actual time=1718.856..15183.589 rows=400 loops=1)
               Buffers: shared hit=1595512 read=411278
               ->  Nested Loop  (cost=2571.27..716027.25 rows=164 width=22) (actual time=1718.832..15071.921 rows=4167 loops=1)
                     Buffers: shared hit=1581866 read=408624
                     ->  Nested Loop  (cost=2570.84..715010.66 rows=1528 width=26) (actual time=1708.784..13700.558 rows=55443 loops=1)
                           Buffers: shared hit=1366304 read=402414
                           ->  Nested Loop  (cost=2570.55..712671.62 rows=9167 width=30) (actual time=1706.614..13334.162 rows=328596 loops=1)
                                 Buffers: shared hit=1344707 read=402414
                                 ->  Hash Join  (cost=2570.12..706541.62 rows=9167 width=22) (actual time=1706.571..5603.191 rows=335231 loops=1)
                                       Hash Cond: (catalog_returns.cr_returned_date_sk = date_dim.d_date_sk)
                                       Buffers: shared hit=30588 read=402149
                                       ->  Seq Scan on catalog_returns  (cost=0.00..647267.12 rows=21600412 width=26) (actual time=0.215..3688.908 rows=21598628 loops=1)
                                             Buffers: shared hit=29649 read=401614
                                       ->  Hash  (cost=2569.73..2569.73 rows=31 width=4) (actual time=22.694..22.695 rows=31 loops=1)
                                             Buckets: 1024  Batches: 1  Memory Usage: 10kB
                                             Buffers: shared hit=939 read=535
                                             ->  Seq Scan on date_dim  (cost=0.00..2569.73 rows=31 width=4) (actual time=12.633..22.680 rows=31 loops=1)
                                                   Filter: ((d_year = 2001) AND (d_moy = 3))
                                                   Rows Removed by Filter: 73018
                                                   Buffers: shared hit=939 read=535
                                 ->  Index Scan using customer_pkey on customer  (cost=0.43..0.67 rows=1 width=16) (actual time=0.022..0.022 rows=1 loops=335231)
                                       Index Cond: (c_customer_sk = catalog_returns.cr_returning_customer_sk)
                                       Buffers: shared hit=1314119 read=265
                           ->  Memoize  (cost=0.29..0.31 rows=1 width=4) (actual time=0.001..0.001 rows=0 loops=328596)
                                 Cache Key: customer.c_current_hdemo_sk
                                 Cache Mode: logical
                                 Hits: 321396  Misses: 7200  Evictions: 0  Overflows: 0  Memory Usage: 521kB
                                 Buffers: shared hit=21597
                                 ->  Index Scan using household_demographics_pkey on household_demographics  (cost=0.28..0.30 rows=1 width=4) (actual time=0.016..0.016 rows=0 loops=7200)
                                       Index Cond: (hd_demo_sk = customer.c_current_hdemo_sk)
                                       Filter: (hd_buy_potential ~~ '501-1000%'::text)
                                       Rows Removed by Filter: 1
                                       Buffers: shared hit=21597
                     ->  Index Scan using customer_address_pkey on customer_address  (cost=0.42..0.67 rows=1 width=4) (actual time=0.024..0.024 rows=0 loops=55443)
                           Index Cond: (ca_address_sk = customer.c_current_addr_sk)
                           Filter: (ca_gmt_offset = '-7'::numeric)
                           Rows Removed by Filter: 1
                           Buffers: shared hit=215562 read=6210
               ->  Index Scan using customer_demographics_pkey on customer_demographics  (cost=0.43..0.72 rows=1 width=4) (actual time=0.026..0.026 rows=0 loops=4167)
                     Index Cond: (cd_demo_sk = customer.c_current_cdemo_sk)
                     Filter: (((cd_marital_status = 'M'::bpchar) AND (cd_education_status = 'Unknown'::bpchar)) OR ((cd_marital_status = 'W'::bpchar) AND (cd_education_status = 'Advanced Degree'::bpchar)))
                     Rows Removed by Filter: 1
                     Buffers: shared hit=13646 read=2654
         ->  Index Scan using call_center_pkey on call_center  (cost=0.14..0.16 rows=1 width=48) (actual time=0.012..0.012 rows=1 loops=400)
               Index Cond: (cc_call_center_sk = catalog_returns.cr_call_center_sk)
               Buffers: shared hit=790
 Planning:
   Buffers: shared hit=415
 Planning Time: 4.528 ms
 Execution Time: 15191.028 ms
(54 rows)

