                                                                                                  QUERY PLAN                                                                                                  
--------------------------------------------------------------------------------------------------------------------------------------------------------------------------------------------------------------
 Aggregate  (cost=715420.76..715420.77 rows=1 width=136) (actual time=14593.145..14593.153 rows=1 loops=1)
   Buffers: shared hit=1538713 read=410280
   ->  Nested Loop  (cost=2571.79..715420.64 rows=8 width=58) (actual time=2367.778..14590.884 rows=814 loops=1)
         Buffers: shared hit=1538713 read=410280
         ->  Nested Loop  (cost=2571.66..715419.40 rows=8 width=18) (actual time=2367.761..14582.892 rows=822 loops=1)
               Buffers: shared hit=1537085 read=410280
               ->  Nested Loop  (cost=2571.23..715313.40 rows=148 width=22) (actual time=2349.741..14387.090 rows=6668 loops=1)
                     Buffers: shared hit=1516892 read=404313
                     ->  Nested Loop  (cost=2570.80..714395.28 rows=1380 width=26) (actual time=2346.675..13211.822 rows=48818 loops=1)
                           Buffers: shared hit=1326823 read=399110
                           ->  Nested Loop  (cost=2570.51..712078.44 rows=8280 width=30) (actual time=2346.307..12849.869 rows=317899 loops=1)
                                 Buffers: shared hit=1305223 read=399110
                                 ->  Hash Join  (cost=2570.08..706541.58 rows=8280 width=22) (actual time=2346.263..5503.612 rows=324457 loops=1)
                                       Hash Cond: (catalog_returns.cr_returned_date_sk = date_dim.d_date_sk)
                                       Buffers: shared hit=33796 read=398941
                                       ->  Seq Scan on catalog_returns  (cost=0.00..647267.12 rows=21600412 width=26) (actual time=0.785..3630.534 rows=21598628 loops=1)
                                             Buffers: shared hit=32449 read=398814
                                       ->  Hash  (cost=2569.73..2569.73 rows=28 width=4) (actual time=21.088..21.089 rows=28 loops=1)
                                             Buckets: 1024  Batches: 1  Memory Usage: 9kB
                                             Buffers: shared hit=1347 read=127
                                             ->  Seq Scan on date_dim  (cost=0.00..2569.73 rows=28 width=4) (actual time=11.884..21.072 rows=28 loops=1)
                                                   Filter: ((d_year = 2002) AND (d_moy = 2))
                                                   Rows Removed by Filter: 73021
                                                   Buffers: shared hit=1347 read=127
                                 ->  Index Scan using customer_pkey on customer  (cost=0.43..0.67 rows=1 width=16) (actual time=0.022..0.022 rows=1 loops=324457)
                                       Index Cond: (c_customer_sk = catalog_returns.cr_returning_customer_sk)
                                       Buffers: shared hit=1271427 read=169
                           ->  Memoize  (cost=0.29..0.31 rows=1 width=4) (actual time=0.001..0.001 rows=0 loops=317899)
                                 Cache Key: customer.c_current_hdemo_sk
                                 Cache Mode: logical
                                 Hits: 310698  Misses: 7201  Evictions: 0  Overflows: 0  Memory Usage: 521kB
                                 Buffers: shared hit=21600
                                 ->  Index Scan using household_demographics_pkey on household_demographics  (cost=0.28..0.30 rows=1 width=4) (actual time=0.017..0.017 rows=0 loops=7201)
                                       Index Cond: (hd_demo_sk = customer.c_current_hdemo_sk)
                                       Filter: (hd_buy_potential ~~ '0-500%'::text)
                                       Rows Removed by Filter: 1
                                       Buffers: shared hit=21600
                     ->  Index Scan using customer_address_pkey on customer_address  (cost=0.42..0.67 rows=1 width=4) (actual time=0.024..0.024 rows=0 loops=48818)
                           Index Cond: (ca_address_sk = customer.c_current_addr_sk)
                           Filter: (ca_gmt_offset = '-7'::numeric)
                           Rows Removed by Filter: 1
                           Buffers: shared hit=190069 read=5203
               ->  Index Scan using customer_demographics_pkey on customer_demographics  (cost=0.43..0.72 rows=1 width=4) (actual time=0.029..0.029 rows=0 loops=6668)
                     Index Cond: (cd_demo_sk = customer.c_current_cdemo_sk)
                     Filter: (((cd_marital_status = 'M'::bpchar) AND (cd_education_status = 'Unknown'::bpchar)) OR ((cd_marital_status = 'W'::bpchar) AND (cd_education_status = 'Advanced Degree'::bpchar)))
                     Rows Removed by Filter: 1
                     Buffers: shared hit=20193 read=5967
         ->  Index Scan using call_center_pkey on call_center  (cost=0.14..0.16 rows=1 width=48) (actual time=0.008..0.008 rows=1 loops=822)
               Index Cond: (cc_call_center_sk = catalog_returns.cr_call_center_sk)
               Buffers: shared hit=1628
 Planning:
   Buffers: shared hit=415
 Planning Time: 4.308 ms
 Execution Time: 14593.897 ms
(54 rows)

