                                                                                                  QUERY PLAN                                                                                                  
--------------------------------------------------------------------------------------------------------------------------------------------------------------------------------------------------------------
 Aggregate  (cost=716146.24..716146.25 rows=1 width=136) (actual time=13248.794..13248.801 rows=1 loops=1)
   Buffers: shared hit=1286603 read=409914
   ->  Nested Loop  (cost=2571.83..716146.10 rows=9 width=58) (actual time=955.561..13247.590 rows=342 loops=1)
         Buffers: shared hit=1286603 read=409914
         ->  Nested Loop  (cost=2571.69..716144.71 rows=9 width=18) (actual time=955.547..13242.209 rows=349 loops=1)
               Buffers: shared hit=1285919 read=409914
               ->  Nested Loop  (cost=2571.27..716027.25 rows=164 width=22) (actual time=946.890..13117.216 rows=4646 loops=1)
                     Buffers: shared hit=1271941 read=405632
                     ->  Nested Loop  (cost=2570.84..715010.66 rows=1528 width=26) (actual time=944.937..11965.763 rows=46210 loops=1)
                           Buffers: shared hit=1091373 read=401360
                           ->  Nested Loop  (cost=2570.55..712671.62 rows=9167 width=30) (actual time=943.727..11625.761 rows=259602 loops=1)
                                 Buffers: shared hit=1069785 read=401360
                                 ->  Hash Join  (cost=2570.12..706541.62 rows=9167 width=22) (actual time=943.689..5366.865 rows=264842 loops=1)
                                       Hash Cond: (catalog_returns.cr_returned_date_sk = date_dim.d_date_sk)
                                       Buffers: shared hit=31484 read=401253
                                       ->  Seq Scan on catalog_returns  (cost=0.00..647267.12 rows=21600412 width=26) (actual time=0.057..3518.628 rows=21598628 loops=1)
                                             Buffers: shared hit=31076 read=400187
                                       ->  Hash  (cost=2569.73..2569.73 rows=31 width=4) (actual time=21.680..21.681 rows=31 loops=1)
                                             Buckets: 1024  Batches: 1  Memory Usage: 10kB
                                             Buffers: shared hit=408 read=1066
                                             ->  Seq Scan on date_dim  (cost=0.00..2569.73 rows=31 width=4) (actual time=13.174..21.663 rows=31 loops=1)
                                                   Filter: ((d_year = 2000) AND (d_moy = 3))
                                                   Rows Removed by Filter: 73018
                                                   Buffers: shared hit=408 read=1066
                                 ->  Index Scan using customer_pkey on customer  (cost=0.43..0.67 rows=1 width=16) (actual time=0.023..0.023 rows=1 loops=264842)
                                       Index Cond: (c_customer_sk = catalog_returns.cr_returning_customer_sk)
                                       Buffers: shared hit=1038301 read=107
                           ->  Memoize  (cost=0.29..0.31 rows=1 width=4) (actual time=0.001..0.001 rows=0 loops=259602)
                                 Cache Key: customer.c_current_hdemo_sk
                                 Cache Mode: logical
                                 Hits: 252405  Misses: 7197  Evictions: 0  Overflows: 0  Memory Usage: 520kB
                                 Buffers: shared hit=21588
                                 ->  Index Scan using household_demographics_pkey on household_demographics  (cost=0.28..0.30 rows=1 width=4) (actual time=0.019..0.019 rows=0 loops=7197)
                                       Index Cond: (hd_demo_sk = customer.c_current_hdemo_sk)
                                       Filter: (hd_buy_potential ~~ '>10000%'::text)
                                       Rows Removed by Filter: 1
                                       Buffers: shared hit=21588
                     ->  Index Scan using customer_address_pkey on customer_address  (cost=0.42..0.67 rows=1 width=4) (actual time=0.025..0.025 rows=0 loops=46210)
                           Index Cond: (ca_address_sk = customer.c_current_addr_sk)
                           Filter: (ca_gmt_offset = '-7'::numeric)
                           Rows Removed by Filter: 1
                           Buffers: shared hit=180568 read=4272
               ->  Index Scan using customer_demographics_pkey on customer_demographics  (cost=0.43..0.72 rows=1 width=4) (actual time=0.026..0.026 rows=0 loops=4646)
                     Index Cond: (cd_demo_sk = customer.c_current_cdemo_sk)
                     Filter: (((cd_marital_status = 'M'::bpchar) AND (cd_education_status = 'Unknown'::bpchar)) OR ((cd_marital_status = 'W'::bpchar) AND (cd_education_status = 'Advanced Degree'::bpchar)))
                     Rows Removed by Filter: 1
                     Buffers: shared hit=13978 read=4282
         ->  Index Scan using call_center_pkey on call_center  (cost=0.14..0.16 rows=1 width=48) (actual time=0.014..0.014 rows=1 loops=349)
               Index Cond: (cc_call_center_sk = catalog_returns.cr_call_center_sk)
               Buffers: shared hit=684
 Planning:
   Buffers: shared hit=384 read=31
 Planning Time: 4.833 ms
 Execution Time: 13249.599 ms
(54 rows)

