                                                                                                  QUERY PLAN                                                                                                  
--------------------------------------------------------------------------------------------------------------------------------------------------------------------------------------------------------------
 Aggregate  (cost=715903.32..715903.33 rows=1 width=136) (actual time=8953.255..8953.261 rows=1 loops=1)
   Buffers: shared hit=694086 read=399908
   ->  Nested Loop  (cost=2571.82..715903.18 rows=9 width=58) (actual time=51.354..8952.727 rows=155 loops=1)
         Buffers: shared hit=694086 read=399908
         ->  Nested Loop  (cost=2571.68..715901.79 rows=9 width=18) (actual time=51.339..8950.966 rows=156 loops=1)
               Buffers: shared hit=693776 read=399908
               ->  Nested Loop  (cost=2571.25..715788.62 rows=158 width=22) (actual time=20.486..8881.365 rows=2351 loops=1)
                     Buffers: shared hit=686649 read=397771
                     ->  Nested Loop  (cost=2570.83..714805.30 rows=1478 width=26) (actual time=18.934..8308.807 rows=23837 loops=1)
                           Buffers: shared hit=593102 read=395970
                           ->  Nested Loop  (cost=2570.54..712473.67 rows=8871 width=30) (actual time=18.894..8083.367 rows=133698 loops=1)
                                 Buffers: shared hit=571559 read=395970
                                 ->  Hash Join  (cost=2570.11..706541.60 rows=8871 width=22) (actual time=18.850..4902.701 rows=136344 loops=1)
                                       Hash Cond: (catalog_returns.cr_returned_date_sk = date_dim.d_date_sk)
                                       Buffers: shared hit=36817 read=395920
                                       ->  Seq Scan on catalog_returns  (cost=0.00..647267.12 rows=21600412 width=26) (actual time=0.050..3256.465 rows=21598628 loops=1)
                                             Buffers: shared hit=35343 read=395920
                                       ->  Hash  (cost=2569.73..2569.73 rows=30 width=4) (actual time=18.761..18.762 rows=31 loops=1)
                                             Buckets: 1024  Batches: 1  Memory Usage: 10kB
                                             Buffers: shared hit=1474
                                             ->  Seq Scan on date_dim  (cost=0.00..2569.73 rows=30 width=4) (actual time=10.498..18.746 rows=31 loops=1)
                                                   Filter: ((d_year = 1998) AND (d_moy = 5))
                                                   Rows Removed by Filter: 73018
                                                   Buffers: shared hit=1474
                                 ->  Index Scan using customer_pkey on customer  (cost=0.43..0.67 rows=1 width=16) (actual time=0.023..0.023 rows=1 loops=136344)
                                       Index Cond: (c_customer_sk = catalog_returns.cr_returning_customer_sk)
                                       Buffers: shared hit=534742 read=50
                           ->  Memoize  (cost=0.29..0.31 rows=1 width=4) (actual time=0.001..0.001 rows=0 loops=133698)
                                 Cache Key: customer.c_current_hdemo_sk
                                 Cache Mode: logical
                                 Hits: 126516  Misses: 7182  Evictions: 0  Overflows: 0  Memory Usage: 519kB
                                 Buffers: shared hit=21543
                                 ->  Index Scan using household_demographics_pkey on household_demographics  (cost=0.28..0.30 rows=1 width=4) (actual time=0.017..0.017 rows=0 loops=7182)
                                       Index Cond: (hd_demo_sk = customer.c_current_hdemo_sk)
                                       Filter: (hd_buy_potential ~~ '>10000%'::text)
                                       Rows Removed by Filter: 1
                                       Buffers: shared hit=21543
                     ->  Index Scan using customer_address_pkey on customer_address  (cost=0.42..0.67 rows=1 width=4) (actual time=0.024..0.024 rows=0 loops=23837)
                           Index Cond: (ca_address_sk = customer.c_current_addr_sk)
                           Filter: (ca_gmt_offset = '-7'::numeric)
                           Rows Removed by Filter: 1
                           Buffers: shared hit=93547 read=1801
               ->  Index Scan using customer_demographics_pkey on customer_demographics  (cost=0.43..0.72 rows=1 width=4) (actual time=0.029..0.029 rows=0 loops=2351)
                     Index Cond: (cd_demo_sk = customer.c_current_cdemo_sk)
                     Filter: (((cd_marital_status = 'M'::bpchar) AND (cd_education_status = 'Unknown'::bpchar)) OR ((cd_marital_status = 'W'::bpchar) AND (cd_education_status = 'Advanced Degree'::bpchar)))
                     Rows Removed by Filter: 1
                     Buffers: shared hit=7127 read=2137
         ->  Index Scan using call_center_pkey on call_center  (cost=0.14..0.16 rows=1 width=48) (actual time=0.010..0.010 rows=1 loops=156)
               Index Cond: (cc_call_center_sk = catalog_returns.cr_call_center_sk)
               Buffers: shared hit=310
 Planning:
   Buffers: shared hit=415
 Planning Time: 4.475 ms
 Execution Time: 8954.080 ms
(54 rows)

