                                                                                                  QUERY PLAN                                                                                                  
--------------------------------------------------------------------------------------------------------------------------------------------------------------------------------------------------------------
 Aggregate  (cost=715903.32..715903.33 rows=1 width=136) (actual time=15826.102..15826.108 rows=1 loops=1)
   Buffers: shared hit=1712226 read=411812
   ->  Nested Loop  (cost=2571.82..715903.18 rows=9 width=58) (actual time=2488.977..15823.734 rows=844 loops=1)
         Buffers: shared hit=1712226 read=411812
         ->  Nested Loop  (cost=2571.68..715901.79 rows=9 width=18) (actual time=2488.963..15813.450 rows=853 loops=1)
               Buffers: shared hit=1710538 read=411812
               ->  Nested Loop  (cost=2571.25..715788.62 rows=158 width=22) (actual time=2486.577..15610.305 rows=7267 loops=1)
                     Buffers: shared hit=1687060 read=406738
                     ->  Nested Loop  (cost=2570.83..714805.30 rows=1478 width=26) (actual time=2479.734..14284.520 rows=54340 loops=1)
                           Buffers: shared hit=1475008 read=401430
                           ->  Nested Loop  (cost=2570.54..712473.67 rows=8871 width=30) (actual time=2473.576..13910.308 rows=355526 loops=1)
                                 Buffers: shared hit=1453411 read=401430
                                 ->  Hash Join  (cost=2570.11..706541.60 rows=8871 width=22) (actual time=2473.532..5485.167 rows=362762 loops=1)
                                       Hash Cond: (catalog_returns.cr_returned_date_sk = date_dim.d_date_sk)
                                       Buffers: shared hit=31551 read=401186
                                       ->  Seq Scan on catalog_returns  (cost=0.00..647267.12 rows=21600412 width=26) (actual time=0.246..3595.478 rows=21598628 loops=1)
                                             Buffers: shared hit=30485 read=400778
                                       ->  Hash  (cost=2569.73..2569.73 rows=30 width=4) (actual time=23.494..23.495 rows=31 loops=1)
                                             Buckets: 1024  Batches: 1  Memory Usage: 10kB
                                             Buffers: shared hit=1066 read=408
                                             ->  Seq Scan on date_dim  (cost=0.00..2569.73 rows=30 width=4) (actual time=11.056..23.478 rows=31 loops=1)
                                                   Filter: ((d_year = 2002) AND (d_moy = 5))
                                                   Rows Removed by Filter: 73018
                                                   Buffers: shared hit=1066 read=408
                                 ->  Index Scan using customer_pkey on customer  (cost=0.43..0.67 rows=1 width=16) (actual time=0.023..0.023 rows=1 loops=362762)
                                       Index Cond: (c_customer_sk = catalog_returns.cr_returning_customer_sk)
                                       Buffers: shared hit=1421860 read=244
                           ->  Memoize  (cost=0.29..0.31 rows=1 width=4) (actual time=0.001..0.001 rows=0 loops=355526)
                                 Cache Key: customer.c_current_hdemo_sk
                                 Cache Mode: logical
                                 Hits: 348326  Misses: 7200  Evictions: 0  Overflows: 0  Memory Usage: 521kB
                                 Buffers: shared hit=21597
                                 ->  Index Scan using household_demographics_pkey on household_demographics  (cost=0.28..0.30 rows=1 width=4) (actual time=0.014..0.014 rows=0 loops=7200)
                                       Index Cond: (hd_demo_sk = customer.c_current_hdemo_sk)
                                       Filter: (hd_buy_potential ~~ '0-500%'::text)
                                       Rows Removed by Filter: 1
                                       Buffers: shared hit=21597
                     ->  Index Scan using customer_address_pkey on customer_address  (cost=0.42..0.67 rows=1 width=4) (actual time=0.024..0.024 rows=0 loops=54340)
                           Index Cond: (ca_address_sk = customer.c_current_addr_sk)
                           Filter: (ca_gmt_offset = '-7'::numeric)
                           Rows Removed by Filter: 1
                           Buffers: shared hit=212052 read=5308
               ->  Index Scan using customer_demographics_pkey on customer_demographics  (cost=0.43..0.72 rows=1 width=4) (actual time=0.027..0.027 rows=0 loops=7267)
                     Index Cond: (cd_demo_sk = customer.c_current_cdemo_sk)
                     Filter: (((cd_marital_status = 'M'::bpchar) AND (cd_education_status = 'Unknown'::bpchar)) OR ((cd_marital_status = 'W'::bpchar) AND (cd_education_status = 'Advanced Degree'::bpchar)))
                     Rows Removed by Filter: 1
                     Buffers: shared hit=23478 read=5074
         ->  Index Scan using call_center_pkey on call_center  (cost=0.14..0.16 rows=1 width=48) (actual time=0.011..0.011 rows=1 loops=853)
               Index Cond: (cc_call_center_sk = catalog_returns.cr_call_center_sk)
               Buffers: shared hit=1688
 Planning:
   Buffers: shared hit=415
 Planning Time: 4.447 ms
 Execution Time: 15826.916 ms
(54 rows)

