                                                                                                     QUERY PLAN                                                                                                     
--------------------------------------------------------------------------------------------------------------------------------------------------------------------------------------------------------------------
 Aggregate  (cost=716164.96..716164.97 rows=1 width=136) (actual time=12152.545..12152.553 rows=1 loops=1)
   Buffers: shared hit=1104650 read=440351
   ->  Hash Join  (cost=2574.37..716164.39 rows=38 width=58) (actual time=539.929..12146.518 rows=3195 loops=1)
         Hash Cond: (catalog_returns.cr_call_center_sk = call_center.cc_call_center_sk)
         Buffers: shared hit=1104650 read=440351
         ->  Nested Loop  (cost=2571.69..716161.60 rows=38 width=18) (actual time=539.886..12144.138 rows=3238 loops=1)
               Buffers: shared hit=1104648 read=440351
               ->  Nested Loop  (cost=2571.27..716105.05 rows=85 width=22) (actual time=539.854..11989.820 rows=6065 loops=1)
                     Buffers: shared hit=1081164 read=439575
                     ->  Nested Loop  (cost=2570.84..715010.66 rows=1528 width=26) (actual time=527.527..10935.489 rows=40460 loops=1)
                           Buffers: shared hit=946663 read=415224
                           ->  Nested Loop  (cost=2570.55..712671.62 rows=9167 width=30) (actual time=520.831..10667.811 rows=226892 loops=1)
                                 Buffers: shared hit=925081 read=415224
                                 ->  Hash Join  (cost=2570.12..706541.62 rows=9167 width=22) (actual time=520.781..5338.274 rows=231553 loops=1)
                                       Hash Cond: (catalog_returns.cr_returned_date_sk = date_dim.d_date_sk)
                                       Buffers: shared hit=17723 read=415014
                                       ->  Seq Scan on catalog_returns  (cost=0.00..647267.12 rows=21600412 width=26) (actual time=0.189..3564.067 rows=21598628 loops=1)
                                             Buffers: shared hit=16376 read=414887
                                       ->  Hash  (cost=2569.73..2569.73 rows=31 width=4) (actual time=12.472..12.473 rows=31 loops=1)
                                             Buckets: 1024  Batches: 1  Memory Usage: 10kB
                                             Buffers: shared hit=1347 read=127
                                             ->  Seq Scan on date_dim  (cost=0.00..2569.73 rows=31 width=4) (actual time=5.774..12.460 rows=31 loops=1)
                                                   Filter: ((d_year = 1999) AND (d_moy = 8))
                                                   Rows Removed by Filter: 73018
                                                   Buffers: shared hit=1347 read=127
                                 ->  Index Scan using customer_pkey on customer  (cost=0.43..0.67 rows=1 width=16) (actual time=0.022..0.022 rows=1 loops=231553)
                                       Index Cond: (c_customer_sk = catalog_returns.cr_returning_customer_sk)
                                       Buffers: shared hit=907358 read=210
                           ->  Memoize  (cost=0.29..0.31 rows=1 width=4) (actual time=0.001..0.001 rows=0 loops=226892)
                                 Cache Key: customer.c_current_hdemo_sk
                                 Cache Mode: logical
                                 Hits: 219697  Misses: 7195  Evictions: 0  Overflows: 0  Memory Usage: 520kB
                                 Buffers: shared hit=21582
                                 ->  Index Scan using household_demographics_pkey on household_demographics  (cost=0.28..0.30 rows=1 width=4) (actual time=0.013..0.013 rows=0 loops=7195)
                                       Index Cond: (hd_demo_sk = customer.c_current_hdemo_sk)
                                       Filter: (hd_buy_potential ~~ '>10000%'::text)
                                       Rows Removed by Filter: 1
                                       Buffers: shared hit=21582
                     ->  Index Scan using customer_demographics_pkey on customer_demographics  (cost=0.43..0.72 rows=1 width=4) (actual time=0.026..0.026 rows=0 loops=40460)
                           Index Cond: (cd_demo_sk = customer.c_current_cdemo_sk)
                           Filter: (((cd_marital_status = 'M'::bpchar) AND (cd_education_status = 'Unknown'::bpchar)) OR ((cd_marital_status = 'W'::bpchar) AND (cd_education_status = 'Advanced Degree'::bpchar)))
                           Rows Removed by Filter: 1
                           Buffers: shared hit=134501 read=24351
               ->  Index Scan using customer_address_pkey on customer_address  (cost=0.42..0.67 rows=1 width=4) (actual time=0.025..0.025 rows=1 loops=6065)
                     Index Cond: (ca_address_sk = customer.c_current_addr_sk)
                     Filter: (ca_gmt_offset = '-6'::numeric)
                     Rows Removed by Filter: 0
                     Buffers: shared hit=23484 read=776
         ->  Hash  (cost=2.30..2.30 rows=30 width=48) (actual time=0.031..0.031 rows=30 loops=1)
               Buckets: 1024  Batches: 1  Memory Usage: 11kB
               Buffers: shared hit=2
               ->  Seq Scan on call_center  (cost=0.00..2.30 rows=30 width=48) (actual time=0.013..0.021 rows=30 loops=1)
                     Buffers: shared hit=2
 Planning:
   Buffers: shared hit=415
 Planning Time: 1.643 ms
 Execution Time: 12152.959 ms
(57 rows)

