                                                                                                  QUERY PLAN                                                                                                  
--------------------------------------------------------------------------------------------------------------------------------------------------------------------------------------------------------------
 Aggregate  (cost=716146.24..716146.25 rows=1 width=136) (actual time=14522.794..14522.799 rows=1 loops=1)
   Buffers: shared hit=1481617 read=422234
   ->  Nested Loop  (cost=2571.83..716146.10 rows=9 width=58) (actual time=2920.022..14520.658 rows=760 loops=1)
         Buffers: shared hit=1481617 read=422234
         ->  Nested Loop  (cost=2571.69..716144.71 rows=9 width=18) (actual time=2920.003..14509.957 rows=771 loops=1)
               Buffers: shared hit=1480097 read=422234
               ->  Nested Loop  (cost=2571.27..716027.25 rows=164 width=22) (actual time=2899.378..14343.809 rows=6352 loops=1)
                     Buffers: shared hit=1456650 read=420809
                     ->  Nested Loop  (cost=2570.84..715010.66 rows=1528 width=26) (actual time=2889.185..13103.386 rows=47340 loops=1)
                           Buffers: shared hit=1284459 read=403640
                           ->  Nested Loop  (cost=2570.55..712671.62 rows=9167 width=30) (actual time=2884.521..12756.748 rows=308442 loops=1)
                                 Buffers: shared hit=1262865 read=403640
                                 ->  Hash Join  (cost=2570.12..706541.62 rows=9167 width=22) (actual time=2884.463..5412.887 rows=314722 loops=1)
                                       Hash Cond: (catalog_returns.cr_returned_date_sk = date_dim.d_date_sk)
                                       Buffers: shared hit=29536 read=403201
                                       ->  Seq Scan on catalog_returns  (cost=0.00..647267.12 rows=21600412 width=26) (actual time=0.030..3548.292 rows=21598628 loops=1)
                                             Buffers: shared hit=28062 read=403201
                                       ->  Hash  (cost=2569.73..2569.73 rows=31 width=4) (actual time=22.358..22.359 rows=31 loops=1)
                                             Buckets: 1024  Batches: 1  Memory Usage: 10kB
                                             Buffers: shared hit=1474
                                             ->  Seq Scan on date_dim  (cost=0.00..2569.73 rows=31 width=4) (actual time=11.946..22.347 rows=31 loops=1)
                                                   Filter: ((d_year = 2002) AND (d_moy = 10))
                                                   Rows Removed by Filter: 73018
                                                   Buffers: shared hit=1474
                                 ->  Index Scan using customer_pkey on customer  (cost=0.43..0.67 rows=1 width=16) (actual time=0.023..0.023 rows=1 loops=314722)
                                       Index Cond: (c_customer_sk = catalog_returns.cr_returning_customer_sk)
                                       Buffers: shared hit=1233329 read=439
                           ->  Memoize  (cost=0.29..0.31 rows=1 width=4) (actual time=0.001..0.001 rows=0 loops=308442)
                                 Cache Key: customer.c_current_hdemo_sk
                                 Cache Mode: logical
                                 Hits: 301243  Misses: 7199  Evictions: 0  Overflows: 0  Memory Usage: 521kB
                                 Buffers: shared hit=21594
                                 ->  Index Scan using household_demographics_pkey on household_demographics  (cost=0.28..0.30 rows=1 width=4) (actual time=0.015..0.015 rows=0 loops=7199)
                                       Index Cond: (hd_demo_sk = customer.c_current_hdemo_sk)
                                       Filter: (hd_buy_potential ~~ '0-500%'::text)
                                       Rows Removed by Filter: 1
                                       Buffers: shared hit=21594
                     ->  Index Scan using customer_address_pkey on customer_address  (cost=0.42..0.67 rows=1 width=4) (actual time=0.026..0.026 rows=0 loops=47340)
                           Index Cond: (ca_address_sk = customer.c_current_addr_sk)
                           Filter: (ca_gmt_offset = '-7'::numeric)
                           Rows Removed by Filter: 1
                           Buffers: shared hit=172191 read=17169
               ->  Index Scan using customer_demographics_pkey on customer_demographics  (cost=0.43..0.72 rows=1 width=4) (actual time=0.026..0.026 rows=0 loops=6352)
                     Index Cond: (cd_demo_sk = customer.c_current_cdemo_sk)
                     Filter: (((cd_marital_status = 'M'::bpchar) AND (cd_education_status = 'Unknown'::bpchar)) OR ((cd_marital_status = 'W'::bpchar) AND (cd_education_status = 'Advanced Degree'::bpchar)))
                     Rows Removed by Filter: 1
                     Buffers: shared hit=23447 read=1425
         ->  Index Scan using call_center_pkey on call_center  (cost=0.14..0.16 rows=1 width=48) (actual time=0.012..0.012 rows=1 loops=771)
               Index Cond: (cc_call_center_sk = catalog_returns.cr_call_center_sk)
               Buffers: shared hit=1520
 Planning:
   Buffers: shared hit=415
 Planning Time: 2.749 ms
 Execution Time: 14523.316 ms
(54 rows)

