                                                                                                  QUERY PLAN                                                                                                  
--------------------------------------------------------------------------------------------------------------------------------------------------------------------------------------------------------------
 Aggregate  (cost=716146.24..716146.25 rows=1 width=136) (actual time=12990.164..12990.171 rows=1 loops=1)
   Buffers: shared hit=1265500 read=412947
   ->  Nested Loop  (cost=2571.83..716146.10 rows=9 width=58) (actual time=1323.516..12989.076 rows=328 loops=1)
         Buffers: shared hit=1265500 read=412947
         ->  Nested Loop  (cost=2571.69..716144.71 rows=9 width=18) (actual time=1323.503..12985.828 rows=332 loops=1)
               Buffers: shared hit=1264844 read=412947
               ->  Nested Loop  (cost=2571.27..716027.25 rows=164 width=22) (actual time=1297.434..12864.680 rows=4566 loops=1)
                     Buffers: shared hit=1248973 read=410878
                     ->  Nested Loop  (cost=2570.84..715010.66 rows=1528 width=26) (actual time=1292.036..11713.858 rows=45779 loops=1)
                           Buffers: shared hit=1071843 read=404892
                           ->  Nested Loop  (cost=2570.55..712671.62 rows=9167 width=30) (actual time=1291.852..11413.569 rows=255601 loops=1)
                                 Buffers: shared hit=1050249 read=404892
                                 ->  Hash Join  (cost=2570.12..706541.62 rows=9167 width=22) (actual time=1291.780..5360.777 rows=260972 loops=1)
                                       Hash Cond: (catalog_returns.cr_returned_date_sk = date_dim.d_date_sk)
                                       Buffers: shared hit=28120 read=404617
                                       ->  Seq Scan on catalog_returns  (cost=0.00..647267.12 rows=21600412 width=26) (actual time=0.041..3531.275 rows=21598628 loops=1)
                                             Buffers: shared hit=27734 read=403529
                                       ->  Hash  (cost=2569.73..2569.73 rows=31 width=4) (actual time=20.141..20.142 rows=31 loops=1)
                                             Buckets: 1024  Batches: 1  Memory Usage: 10kB
                                             Buffers: shared hit=386 read=1088
                                             ->  Seq Scan on date_dim  (cost=0.00..2569.73 rows=31 width=4) (actual time=11.935..20.124 rows=31 loops=1)
                                                   Filter: ((d_year = 2000) AND (d_moy = 10))
                                                   Rows Removed by Filter: 73018
                                                   Buffers: shared hit=386 read=1088
                                 ->  Index Scan using customer_pkey on customer  (cost=0.43..0.67 rows=1 width=16) (actual time=0.023..0.023 rows=1 loops=260972)
                                       Index Cond: (c_customer_sk = catalog_returns.cr_returning_customer_sk)
                                       Buffers: shared hit=1022129 read=275
                           ->  Memoize  (cost=0.29..0.31 rows=1 width=4) (actual time=0.001..0.001 rows=0 loops=255601)
                                 Cache Key: customer.c_current_hdemo_sk
                                 Cache Mode: logical
                                 Hits: 248402  Misses: 7199  Evictions: 0  Overflows: 0  Memory Usage: 521kB
                                 Buffers: shared hit=21594
                                 ->  Index Scan using household_demographics_pkey on household_demographics  (cost=0.28..0.30 rows=1 width=4) (actual time=0.014..0.014 rows=0 loops=7199)
                                       Index Cond: (hd_demo_sk = customer.c_current_hdemo_sk)
                                       Filter: (hd_buy_potential ~~ '>10000%'::text)
                                       Rows Removed by Filter: 1
                                       Buffers: shared hit=21594
                     ->  Index Scan using customer_address_pkey on customer_address  (cost=0.42..0.67 rows=1 width=4) (actual time=0.025..0.025 rows=0 loops=45779)
                           Index Cond: (ca_address_sk = customer.c_current_addr_sk)
                           Filter: (ca_gmt_offset = '-7'::numeric)
                           Rows Removed by Filter: 1
                           Buffers: shared hit=177130 read=5986
               ->  Index Scan using customer_demographics_pkey on customer_demographics  (cost=0.43..0.72 rows=1 width=4) (actual time=0.026..0.026 rows=0 loops=4566)
                     Index Cond: (cd_demo_sk = customer.c_current_cdemo_sk)
                     Filter: (((cd_marital_status = 'M'::bpchar) AND (cd_education_status = 'Unknown'::bpchar)) OR ((cd_marital_status = 'W'::bpchar) AND (cd_education_status = 'Advanced Degree'::bpchar)))
                     Rows Removed by Filter: 1
                     Buffers: shared hit=15871 read=2069
         ->  Index Scan using call_center_pkey on call_center  (cost=0.14..0.16 rows=1 width=48) (actual time=0.008..0.008 rows=1 loops=332)
               Index Cond: (cc_call_center_sk = catalog_returns.cr_call_center_sk)
               Buffers: shared hit=656
 Planning:
   Buffers: shared hit=415
 Planning Time: 3.604 ms
 Execution Time: 12990.870 ms
(54 rows)

