                                                                                                     QUERY PLAN                                                                                                     
--------------------------------------------------------------------------------------------------------------------------------------------------------------------------------------------------------------------
 Aggregate  (cost=716164.96..716164.97 rows=1 width=136) (actual time=13252.925..13252.932 rows=1 loops=1)
   Buffers: shared hit=1297781 read=428396
   ->  Hash Join  (cost=2574.37..716164.39 rows=38 width=58) (actual time=2206.346..13247.970 rows=2448 loops=1)
         Hash Cond: (catalog_returns.cr_call_center_sk = call_center.cc_call_center_sk)
         Buffers: shared hit=1297781 read=428396
         ->  Nested Loop  (cost=2571.69..716161.60 rows=38 width=18) (actual time=2206.241..13245.921 rows=2475 loops=1)
               Buffers: shared hit=1297779 read=428396
               ->  Nested Loop  (cost=2571.27..716105.05 rows=85 width=22) (actual time=2167.706..13163.945 rows=2949 loops=1)
                     Buffers: shared hit=1286428 read=427951
                     ->  Nested Loop  (cost=2570.84..715010.66 rows=1528 width=26) (actual time=2152.056..12187.563 rows=37884 loops=1)
                           Buffers: shared hit=1155577 read=409846
                           ->  Nested Loop  (cost=2570.55..712671.62 rows=9167 width=30) (actual time=2147.893..11866.814 rows=277773 loops=1)
                                 Buffers: shared hit=1133983 read=409846
                                 ->  Hash Join  (cost=2570.12..706541.62 rows=9167 width=22) (actual time=2147.854..5422.288 rows=283537 loops=1)
                                       Hash Cond: (catalog_returns.cr_returned_date_sk = date_dim.d_date_sk)
                                       Buffers: shared hit=23152 read=409585
                                       ->  Seq Scan on catalog_returns  (cost=0.00..647267.12 rows=21600412 width=26) (actual time=0.035..3585.953 rows=21598628 loops=1)
                                             Buffers: shared hit=21959 read=409304
                                       ->  Hash  (cost=2569.73..2569.73 rows=31 width=4) (actual time=21.525..21.526 rows=31 loops=1)
                                             Buckets: 1024  Batches: 1  Memory Usage: 10kB
                                             Buffers: shared hit=1193 read=281
                                             ->  Seq Scan on date_dim  (cost=0.00..2569.73 rows=31 width=4) (actual time=12.127..21.510 rows=31 loops=1)
                                                   Filter: ((d_year = 2001) AND (d_moy = 10))
                                                   Rows Removed by Filter: 73018
                                                   Buffers: shared hit=1193 read=281
                                 ->  Index Scan using customer_pkey on customer  (cost=0.43..0.67 rows=1 width=16) (actual time=0.022..0.022 rows=1 loops=283537)
                                       Index Cond: (c_customer_sk = catalog_returns.cr_returning_customer_sk)
                                       Buffers: shared hit=1110831 read=261
                           ->  Memoize  (cost=0.29..0.31 rows=1 width=4) (actual time=0.001..0.001 rows=0 loops=277773)
                                 Cache Key: customer.c_current_hdemo_sk
                                 Cache Mode: logical
                                 Hits: 270574  Misses: 7199  Evictions: 0  Overflows: 0  Memory Usage: 521kB
                                 Buffers: shared hit=21594
                                 ->  Index Scan using household_demographics_pkey on household_demographics  (cost=0.28..0.30 rows=1 width=4) (actual time=0.016..0.016 rows=0 loops=7199)
                                       Index Cond: (hd_demo_sk = customer.c_current_hdemo_sk)
                                       Filter: (hd_buy_potential ~~ '1001-5000%'::text)
                                       Rows Removed by Filter: 1
                                       Buffers: shared hit=21594
                     ->  Index Scan using customer_demographics_pkey on customer_demographics  (cost=0.43..0.72 rows=1 width=4) (actual time=0.025..0.025 rows=0 loops=37884)
                           Index Cond: (cd_demo_sk = customer.c_current_cdemo_sk)
                           Filter: (((cd_marital_status = 'M'::bpchar) AND (cd_education_status = 'Unknown'::bpchar)) OR ((cd_marital_status = 'W'::bpchar) AND (cd_education_status = 'Advanced Degree'::bpchar)))
                           Rows Removed by Filter: 1
                           Buffers: shared hit=130851 read=18105
               ->  Index Scan using customer_address_pkey on customer_address  (cost=0.42..0.67 rows=1 width=4) (actual time=0.027..0.027 rows=1 loops=2949)
                     Index Cond: (ca_address_sk = customer.c_current_addr_sk)
                     Filter: (ca_gmt_offset = '-6'::numeric)
                     Rows Removed by Filter: 0
                     Buffers: shared hit=11351 read=445
         ->  Hash  (cost=2.30..2.30 rows=30 width=48) (actual time=0.077..0.078 rows=30 loops=1)
               Buckets: 1024  Batches: 1  Memory Usage: 11kB
               Buffers: shared hit=2
               ->  Seq Scan on call_center  (cost=0.00..2.30 rows=30 width=48) (actual time=0.029..0.050 rows=30 loops=1)
                     Buffers: shared hit=2
 Planning:
   Buffers: shared hit=415
 Planning Time: 4.448 ms
 Execution Time: 13253.781 ms
(57 rows)

