                                                                                                     QUERY PLAN                                                                                                     
--------------------------------------------------------------------------------------------------------------------------------------------------------------------------------------------------------------------
 Aggregate  (cost=715437.52..715437.53 rows=1 width=136) (actual time=11202.080..11202.086 rows=1 loops=1)
   Buffers: shared hit=995820 read=414374
   ->  Hash Join  (cost=2574.33..715437.01 rows=34 width=58) (actual time=318.964..11198.244 rows=1922 loops=1)
         Hash Cond: (catalog_returns.cr_call_center_sk = call_center.cc_call_center_sk)
         Buffers: shared hit=995820 read=414374
         ->  Nested Loop  (cost=2571.66..715434.23 rows=34 width=18) (actual time=318.863..11196.658 rows=1937 loops=1)
               Buffers: shared hit=995818 read=414374
               ->  Nested Loop  (cost=2571.23..715383.67 rows=76 width=22) (actual time=318.828..11126.573 rows=2300 loops=1)
                     Buffers: shared hit=987186 read=413806
                     ->  Nested Loop  (cost=2570.80..714395.28 rows=1380 width=26) (actual time=309.840..10410.876 rows=28307 loops=1)
                           Buffers: shared hit=881553 read=408351
                           ->  Nested Loop  (cost=2570.51..712078.44 rows=8280 width=30) (actual time=304.089..10149.914 rows=208897 loops=1)
                                 Buffers: shared hit=859974 read=408351
                                 ->  Hash Join  (cost=2570.08..706541.58 rows=8280 width=22) (actual time=304.028..5269.380 rows=213206 loops=1)
                                       Hash Cond: (catalog_returns.cr_returned_date_sk = date_dim.d_date_sk)
                                       Buffers: shared hit=24580 read=408157
                                       ->  Seq Scan on catalog_returns  (cost=0.00..647267.12 rows=21600412 width=26) (actual time=0.047..3524.020 rows=21598628 loops=1)
                                             Buffers: shared hit=24299 read=406964
                                       ->  Hash  (cost=2569.73..2569.73 rows=28 width=4) (actual time=21.906..21.907 rows=28 loops=1)
                                             Buckets: 1024  Batches: 1  Memory Usage: 9kB
                                             Buffers: shared hit=281 read=1193
                                             ->  Seq Scan on date_dim  (cost=0.00..2569.73 rows=28 width=4) (actual time=13.188..21.892 rows=28 loops=1)
                                                   Filter: ((d_year = 1999) AND (d_moy = 2))
                                                   Rows Removed by Filter: 73021
                                                   Buffers: shared hit=281 read=1193
                                 ->  Index Scan using customer_pkey on customer  (cost=0.43..0.67 rows=1 width=16) (actual time=0.022..0.022 rows=1 loops=213206)
                                       Index Cond: (c_customer_sk = catalog_returns.cr_returning_customer_sk)
                                       Buffers: shared hit=835394 read=194
                           ->  Memoize  (cost=0.29..0.31 rows=1 width=4) (actual time=0.001..0.001 rows=0 loops=208897)
                                 Cache Key: customer.c_current_hdemo_sk
                                 Cache Mode: logical
                                 Hits: 201703  Misses: 7194  Evictions: 0  Overflows: 0  Memory Usage: 520kB
                                 Buffers: shared hit=21579
                                 ->  Index Scan using household_demographics_pkey on household_demographics  (cost=0.28..0.30 rows=1 width=4) (actual time=0.015..0.015 rows=0 loops=7194)
                                       Index Cond: (hd_demo_sk = customer.c_current_hdemo_sk)
                                       Filter: (hd_buy_potential ~~ '1001-5000%'::text)
                                       Rows Removed by Filter: 1
                                       Buffers: shared hit=21579
                     ->  Index Scan using customer_demographics_pkey on customer_demographics  (cost=0.43..0.72 rows=1 width=4) (actual time=0.025..0.025 rows=0 loops=28307)
                           Index Cond: (cd_demo_sk = customer.c_current_cdemo_sk)
                           Filter: (((cd_marital_status = 'M'::bpchar) AND (cd_education_status = 'Unknown'::bpchar)) OR ((cd_marital_status = 'W'::bpchar) AND (cd_education_status = 'Advanced Degree'::bpchar)))
                           Rows Removed by Filter: 1
                           Buffers: shared hit=105633 read=5455
               ->  Index Scan using customer_address_pkey on customer_address  (cost=0.42..0.67 rows=1 width=4) (actual time=0.030..0.030 rows=1 loops=2300)
                     Index Cond: (ca_address_sk = customer.c_current_addr_sk)
                     Filter: (ca_gmt_offset = '-6'::numeric)
                     Rows Removed by Filter: 0
                     Buffers: shared hit=8632 read=568
         ->  Hash  (cost=2.30..2.30 rows=30 width=48) (actual time=0.075..0.075 rows=30 loops=1)
               Buckets: 1024  Batches: 1  Memory Usage: 11kB
               Buffers: shared hit=2
               ->  Seq Scan on call_center  (cost=0.00..2.30 rows=30 width=48) (actual time=0.027..0.047 rows=30 loops=1)
                     Buffers: shared hit=2
 Planning:
   Buffers: shared hit=384 read=31
 Planning Time: 4.487 ms
 Execution Time: 11202.842 ms
(57 rows)

