                                                                                                     QUERY PLAN                                                                                                     
--------------------------------------------------------------------------------------------------------------------------------------------------------------------------------------------------------------------
 Aggregate  (cost=716164.96..716164.97 rows=1 width=136) (actual time=12435.624..12435.630 rows=1 loops=1)
   Buffers: shared hit=1178892 read=418208
   ->  Hash Join  (cost=2574.37..716164.39 rows=38 width=58) (actual time=12435.619..12435.626 rows=0 loops=1)
         Hash Cond: (catalog_returns.cr_call_center_sk = call_center.cc_call_center_sk)
         Buffers: shared hit=1178892 read=418208
         ->  Nested Loop  (cost=2571.69..716161.60 rows=38 width=18) (actual time=12435.514..12435.519 rows=0 loops=1)
               Buffers: shared hit=1178890 read=418208
               ->  Nested Loop  (cost=2571.27..716105.05 rows=85 width=22) (actual time=1247.567..12413.152 rows=896 loops=1)
                     Buffers: shared hit=1175540 read=417974
                     ->  Nested Loop  (cost=2570.84..715010.66 rows=1528 width=26) (actual time=1238.611..11410.402 rows=40882 loops=1)
                           Buffers: shared hit=1023487 read=409563
                           ->  Nested Loop  (cost=2570.55..712671.62 rows=9167 width=30) (actual time=1236.087..11126.615 rows=244682 loops=1)
                                 Buffers: shared hit=1001902 read=409563
                                 ->  Hash Join  (cost=2570.12..706541.62 rows=9167 width=22) (actual time=1236.032..5322.807 rows=249569 loops=1)
                                       Hash Cond: (catalog_returns.cr_returned_date_sk = date_dim.d_date_sk)
                                       Buffers: shared hit=23344 read=409393
                                       ->  Seq Scan on catalog_returns  (cost=0.00..647267.12 rows=21600412 width=26) (actual time=0.034..3505.265 rows=21598628 loops=1)
                                             Buffers: shared hit=21870 read=409393
                                       ->  Hash  (cost=2569.73..2569.73 rows=31 width=4) (actual time=19.651..19.653 rows=31 loops=1)
                                             Buckets: 1024  Batches: 1  Memory Usage: 10kB
                                             Buffers: shared hit=1474
                                             ->  Seq Scan on date_dim  (cost=0.00..2569.73 rows=31 width=4) (actual time=9.772..19.635 rows=31 loops=1)
                                                   Filter: ((d_year = 2000) AND (d_moy = 8))
                                                   Rows Removed by Filter: 73018
                                                   Buffers: shared hit=1474
                                 ->  Index Scan using customer_pkey on customer  (cost=0.43..0.67 rows=1 width=16) (actual time=0.023..0.023 rows=1 loops=249569)
                                       Index Cond: (c_customer_sk = catalog_returns.cr_returning_customer_sk)
                                       Buffers: shared hit=978558 read=170
                           ->  Memoize  (cost=0.29..0.31 rows=1 width=4) (actual time=0.001..0.001 rows=0 loops=244682)
                                 Cache Key: customer.c_current_hdemo_sk
                                 Cache Mode: logical
                                 Hits: 237486  Misses: 7196  Evictions: 0  Overflows: 0  Memory Usage: 521kB
                                 Buffers: shared hit=21585
                                 ->  Index Scan using household_demographics_pkey on household_demographics  (cost=0.28..0.30 rows=1 width=4) (actual time=0.014..0.014 rows=0 loops=7196)
                                       Index Cond: (hd_demo_sk = customer.c_current_hdemo_sk)
                                       Filter: (hd_buy_potential ~~ '501-1000%'::text)
                                       Rows Removed by Filter: 1
                                       Buffers: shared hit=21585
                     ->  Index Scan using customer_demographics_pkey on customer_demographics  (cost=0.43..0.72 rows=1 width=4) (actual time=0.024..0.024 rows=0 loops=40882)
                           Index Cond: (cd_demo_sk = customer.c_current_cdemo_sk)
                           Filter: (((cd_marital_status = 'M'::bpchar) AND (cd_education_status = 'Unknown'::bpchar)) OR ((cd_marital_status = 'W'::bpchar) AND (cd_education_status = 'Advanced Degree'::bpchar)))
                           Rows Removed by Filter: 1
                           Buffers: shared hit=152053 read=8411
               ->  Index Scan using customer_address_pkey on customer_address  (cost=0.42..0.67 rows=1 width=4) (actual time=0.024..0.024 rows=0 loops=896)
                     Index Cond: (ca_address_sk = customer.c_current_addr_sk)
                     Filter: (ca_gmt_offset = '-6'::numeric)
                     Rows Removed by Filter: 1
                     Buffers: shared hit=3350 read=234
         ->  Hash  (cost=2.30..2.30 rows=30 width=48) (actual time=0.080..0.080 rows=30 loops=1)
               Buckets: 1024  Batches: 1  Memory Usage: 11kB
               Buffers: shared hit=2
               ->  Seq Scan on call_center  (cost=0.00..2.30 rows=30 width=48) (actual time=0.029..0.050 rows=30 loops=1)
                     Buffers: shared hit=2
 Planning:
   Buffers: shared hit=415
 Planning Time: 4.393 ms
 Execution Time: 12436.441 ms
(57 rows)

