                                                                                                     QUERY PLAN                                                                                                     
--------------------------------------------------------------------------------------------------------------------------------------------------------------------------------------------------------------------
 Aggregate  (cost=716164.96..716164.97 rows=1 width=136) (actual time=11460.581..11460.588 rows=1 loops=1)
   Buffers: shared hit=1051286 read=410352
   ->  Hash Join  (cost=2574.37..716164.39 rows=38 width=58) (actual time=63.055..11459.440 rows=365 loops=1)
         Hash Cond: (catalog_returns.cr_call_center_sk = call_center.cc_call_center_sk)
         Buffers: shared hit=1051286 read=410352
         ->  Nested Loop  (cost=2571.69..716161.60 rows=38 width=18) (actual time=62.945..11458.879 rows=370 loops=1)
               Buffers: shared hit=1051284 read=410352
               ->  Nested Loop  (cost=2571.27..716105.05 rows=85 width=22) (actual time=62.920..11389.622 rows=2400 loops=1)
                     Buffers: shared hit=1042756 read=409280
                     ->  Nested Loop  (cost=2570.84..715010.66 rows=1528 width=26) (actual time=38.612..10562.832 rows=33871 loops=1)
                           Buffers: shared hit=914851 read=403893
                           ->  Nested Loop  (cost=2570.55..712671.62 rows=9167 width=30) (actual time=33.908..10289.298 rows=216107 loops=1)
                                 Buffers: shared hit=893272 read=403893
                                 ->  Hash Join  (cost=2570.12..706541.62 rows=9167 width=22) (actual time=33.857..5261.385 rows=220552 loops=1)
                                       Hash Cond: (catalog_returns.cr_returned_date_sk = date_dim.d_date_sk)
                                       Buffers: shared hit=28961 read=403776
                                       ->  Seq Scan on catalog_returns  (cost=0.00..647267.12 rows=21600412 width=26) (actual time=0.161..3460.334 rows=21598628 loops=1)
                                             Buffers: shared hit=27549 read=403714
                                       ->  Hash  (cost=2569.73..2569.73 rows=31 width=4) (actual time=20.094..20.095 rows=31 loops=1)
                                             Buckets: 1024  Batches: 1  Memory Usage: 10kB
                                             Buffers: shared hit=1412 read=62
                                             ->  Seq Scan on date_dim  (cost=0.00..2569.73 rows=31 width=4) (actual time=10.056..20.075 rows=31 loops=1)
                                                   Filter: ((d_year = 1998) AND (d_moy = 10))
                                                   Rows Removed by Filter: 73018
                                                   Buffers: shared hit=1412 read=62
                                 ->  Index Scan using customer_pkey on customer  (cost=0.43..0.67 rows=1 width=16) (actual time=0.022..0.022 rows=1 loops=220552)
                                       Index Cond: (c_customer_sk = catalog_returns.cr_returning_customer_sk)
                                       Buffers: shared hit=864311 read=117
                           ->  Memoize  (cost=0.29..0.31 rows=1 width=4) (actual time=0.001..0.001 rows=0 loops=216107)
                                 Cache Key: customer.c_current_hdemo_sk
                                 Cache Mode: logical
                                 Hits: 208913  Misses: 7194  Evictions: 0  Overflows: 0  Memory Usage: 520kB
                                 Buffers: shared hit=21579
                                 ->  Index Scan using household_demographics_pkey on household_demographics  (cost=0.28..0.30 rows=1 width=4) (actual time=0.015..0.015 rows=0 loops=7194)
                                       Index Cond: (hd_demo_sk = customer.c_current_hdemo_sk)
                                       Filter: (hd_buy_potential ~~ '5001-10000%'::text)
                                       Rows Removed by Filter: 1
                                       Buffers: shared hit=21579
                     ->  Index Scan using customer_demographics_pkey on customer_demographics  (cost=0.43..0.72 rows=1 width=4) (actual time=0.024..0.024 rows=0 loops=33871)
                           Index Cond: (cd_demo_sk = customer.c_current_cdemo_sk)
                           Filter: (((cd_marital_status = 'M'::bpchar) AND (cd_education_status = 'Unknown'::bpchar)) OR ((cd_marital_status = 'W'::bpchar) AND (cd_education_status = 'Advanced Degree'::bpchar)))
                           Rows Removed by Filter: 1
                           Buffers: shared hit=127905 read=5387
               ->  Index Scan using customer_address_pkey on customer_address  (cost=0.42..0.67 rows=1 width=4) (actual time=0.028..0.028 rows=0 loops=2400)
                     Index Cond: (ca_address_sk = customer.c_current_addr_sk)
                     Filter: (ca_gmt_offset = '-6'::numeric)
                     Rows Removed by Filter: 1
                     Buffers: shared hit=8528 read=1072
         ->  Hash  (cost=2.30..2.30 rows=30 width=48) (actual time=0.068..0.068 rows=30 loops=1)
               Buckets: 1024  Batches: 1  Memory Usage: 11kB
               Buffers: shared hit=2
               ->  Seq Scan on call_center  (cost=0.00..2.30 rows=30 width=48) (actual time=0.027..0.045 rows=30 loops=1)
                     Buffers: shared hit=2
 Planning:
   Buffers: shared hit=415
 Planning Time: 4.219 ms
 Execution Time: 11461.339 ms
(57 rows)

