                                                                                                  QUERY PLAN                                                                                                  
--------------------------------------------------------------------------------------------------------------------------------------------------------------------------------------------------------------
 Aggregate  (cost=715903.32..715903.33 rows=1 width=136) (actual time=7448.292..7448.300 rows=1 loops=1)
   Buffers: shared hit=418132 read=409278
   ->  Nested Loop  (cost=2571.82..715903.18 rows=9 width=58) (actual time=71.626..7447.650 rows=238 loops=1)
         Buffers: shared hit=418132 read=409278
         ->  Nested Loop  (cost=2571.68..715901.79 rows=9 width=18) (actual time=71.604..7444.535 rows=242 loops=1)
               Buffers: shared hit=417656 read=409278
               ->  Nested Loop  (cost=2571.25..715788.62 rows=158 width=22) (actual time=34.257..7409.531 rows=1399 loops=1)
                     Buffers: shared hit=412465 read=408953
                     ->  Nested Loop  (cost=2570.83..714805.30 rows=1478 width=26) (actual time=30.518..7112.718 rows=12497 loops=1)
                           Buffers: shared hit=365798 read=405632
                           ->  Nested Loop  (cost=2570.54..712473.67 rows=8871 width=30) (actual time=30.485..6938.151 rows=79319 loops=1)
                                 Buffers: shared hit=344381 read=405632
                                 ->  Hash Join  (cost=2570.11..706541.60 rows=8871 width=22) (actual time=30.420..5122.651 rows=80947 loops=1)
                                       Hash Cond: (catalog_returns.cr_returned_date_sk = date_dim.d_date_sk)
                                       Buffers: shared hit=27142 read=405595
                                       ->  Seq Scan on catalog_returns  (cost=0.00..647267.12 rows=21600412 width=26) (actual time=0.055..3389.457 rows=21598628 loops=1)
                                             Buffers: shared hit=27142 read=404121
                                       ->  Hash  (cost=2569.73..2569.73 rows=30 width=4) (actual time=30.328..30.329 rows=30 loops=1)
                                             Buckets: 1024  Batches: 1  Memory Usage: 10kB
                                             Buffers: shared read=1474
                                             ->  Seq Scan on date_dim  (cost=0.00..2569.73 rows=30 width=4) (actual time=17.191..30.309 rows=30 loops=1)
                                                   Filter: ((d_year = 1998) AND (d_moy = 4))
                                                   Rows Removed by Filter: 73019
                                                   Buffers: shared read=1474
                                 ->  Index Scan using customer_pkey on customer  (cost=0.43..0.67 rows=1 width=16) (actual time=0.022..0.022 rows=1 loops=80947)
                                       Index Cond: (c_customer_sk = catalog_returns.cr_returning_customer_sk)
                                       Buffers: shared hit=317239 read=37
                           ->  Memoize  (cost=0.29..0.31 rows=1 width=4) (actual time=0.002..0.002 rows=0 loops=79319)
                                 Cache Key: customer.c_current_hdemo_sk
                                 Cache Mode: logical
                                 Hits: 72179  Misses: 7140  Evictions: 0  Overflows: 0  Memory Usage: 516kB
                                 Buffers: shared hit=21417
                                 ->  Index Scan using household_demographics_pkey on household_demographics  (cost=0.28..0.30 rows=1 width=4) (actual time=0.016..0.016 rows=0 loops=7140)
                                       Index Cond: (hd_demo_sk = customer.c_current_hdemo_sk)
                                       Filter: (hd_buy_potential ~~ '5001-10000%'::text)
                                       Rows Removed by Filter: 1
                                       Buffers: shared hit=21417
                     ->  Index Scan using customer_address_pkey on customer_address  (cost=0.42..0.67 rows=1 width=4) (actual time=0.023..0.023 rows=0 loops=12497)
                           Index Cond: (ca_address_sk = customer.c_current_addr_sk)
                           Filter: (ca_gmt_offset = '-7'::numeric)
                           Rows Removed by Filter: 1
                           Buffers: shared hit=46667 read=3321
               ->  Index Scan using customer_demographics_pkey on customer_demographics  (cost=0.43..0.72 rows=1 width=4) (actual time=0.025..0.025 rows=0 loops=1399)
                     Index Cond: (cd_demo_sk = customer.c_current_cdemo_sk)
                     Filter: (((cd_marital_status = 'M'::bpchar) AND (cd_education_status = 'Unknown'::bpchar)) OR ((cd_marital_status = 'W'::bpchar) AND (cd_education_status = 'Advanced Degree'::bpchar)))
                     Rows Removed by Filter: 1
                     Buffers: shared hit=5191 read=325
         ->  Index Scan using call_center_pkey on call_center  (cost=0.14..0.16 rows=1 width=48) (actual time=0.012..0.012 rows=1 loops=242)
               Index Cond: (cc_call_center_sk = catalog_returns.cr_call_center_sk)
               Buffers: shared hit=476
 Planning:
   Buffers: shared hit=384 read=31
 Planning Time: 4.820 ms
 Execution Time: 7448.926 ms
(54 rows)

