                                                                                                  QUERY PLAN                                                                                                  
--------------------------------------------------------------------------------------------------------------------------------------------------------------------------------------------------------------
 Aggregate  (cost=715420.76..715420.77 rows=1 width=136) (actual time=12586.250..12586.256 rows=1 loops=1)
   Buffers: shared hit=1188905 read=414942
   ->  Nested Loop  (cost=2571.79..715420.64 rows=8 width=58) (actual time=951.407..12585.051 rows=373 loops=1)
         Buffers: shared hit=1188905 read=414942
         ->  Nested Loop  (cost=2571.66..715419.40 rows=8 width=18) (actual time=951.391..12580.290 rows=377 loops=1)
               Buffers: shared hit=1188159 read=414942
               ->  Nested Loop  (cost=2571.23..715313.40 rows=148 width=22) (actual time=897.404..12412.044 rows=6050 loops=1)
                     Buffers: shared hit=1167196 read=412129
                     ->  Nested Loop  (cost=2570.80..714395.28 rows=1380 width=26) (actual time=896.235..11360.201 rows=41144 loops=1)
                           Buffers: shared hit=1008635 read=406114
                           ->  Nested Loop  (cost=2570.51..712078.44 rows=8280 width=30) (actual time=894.083..11065.315 rows=240106 loops=1)
                                 Buffers: shared hit=987047 read=406114
                                 ->  Hash Join  (cost=2570.08..706541.58 rows=8280 width=22) (actual time=894.042..5336.435 rows=244928 loops=1)
                                       Hash Cond: (catalog_returns.cr_returned_date_sk = date_dim.d_date_sk)
                                       Buffers: shared hit=26774 read=405963
                                       ->  Seq Scan on catalog_returns  (cost=0.00..647267.12 rows=21600412 width=26) (actual time=0.027..3517.077 rows=21598628 loops=1)
                                             Buffers: shared hit=25300 read=405963
                                       ->  Hash  (cost=2569.73..2569.73 rows=28 width=4) (actual time=14.146..14.147 rows=29 loops=1)
                                             Buckets: 1024  Batches: 1  Memory Usage: 10kB
                                             Buffers: shared hit=1474
                                             ->  Seq Scan on date_dim  (cost=0.00..2569.73 rows=28 width=4) (actual time=6.973..14.135 rows=29 loops=1)
                                                   Filter: ((d_year = 2000) AND (d_moy = 2))
                                                   Rows Removed by Filter: 73020
                                                   Buffers: shared hit=1474
                                 ->  Index Scan using customer_pkey on customer  (cost=0.43..0.67 rows=1 width=16) (actual time=0.023..0.023 rows=1 loops=244928)
                                       Index Cond: (c_customer_sk = catalog_returns.cr_returning_customer_sk)
                                       Buffers: shared hit=960273 read=151
                           ->  Memoize  (cost=0.29..0.31 rows=1 width=4) (actual time=0.001..0.001 rows=0 loops=240106)
                                 Cache Key: customer.c_current_hdemo_sk
                                 Cache Mode: logical
                                 Hits: 232909  Misses: 7197  Evictions: 0  Overflows: 0  Memory Usage: 521kB
                                 Buffers: shared hit=21588
                                 ->  Index Scan using household_demographics_pkey on household_demographics  (cost=0.28..0.30 rows=1 width=4) (actual time=0.015..0.015 rows=0 loops=7197)
                                       Index Cond: (hd_demo_sk = customer.c_current_hdemo_sk)
                                       Filter: (hd_buy_potential ~~ 'Unknown%'::text)
                                       Rows Removed by Filter: 1
                                       Buffers: shared hit=21588
                     ->  Index Scan using customer_address_pkey on customer_address  (cost=0.42..0.67 rows=1 width=4) (actual time=0.025..0.025 rows=0 loops=41144)
                           Index Cond: (ca_address_sk = customer.c_current_addr_sk)
                           Filter: (ca_gmt_offset = '-7'::numeric)
                           Rows Removed by Filter: 1
                           Buffers: shared hit=158561 read=6015
               ->  Index Scan using customer_demographics_pkey on customer_demographics  (cost=0.43..0.72 rows=1 width=4) (actual time=0.027..0.027 rows=0 loops=6050)
                     Index Cond: (cd_demo_sk = customer.c_current_cdemo_sk)
                     Filter: (((cd_marital_status = 'M'::bpchar) AND (cd_education_status = 'Unknown'::bpchar)) OR ((cd_marital_status = 'W'::bpchar) AND (cd_education_status = 'Advanced Degree'::bpchar)))
                     Rows Removed by Filter: 1
                     Buffers: shared hit=20963 read=2813
         ->  Index Scan using call_center_pkey on call_center  (cost=0.14..0.16 rows=1 width=48) (actual time=0.011..0.011 rows=1 loops=377)
               Index Cond: (cc_call_center_sk = catalog_returns.cr_call_center_sk)
               Buffers: shared hit=746
 Planning:
   Buffers: shared hit=415
 Planning Time: 3.368 ms
 Execution Time: 12586.754 ms
(54 rows)

