                                                                                                  QUERY PLAN                                                                                                  
--------------------------------------------------------------------------------------------------------------------------------------------------------------------------------------------------------------
 Aggregate  (cost=716146.24..716146.25 rows=1 width=136) (actual time=12618.250..12618.257 rows=1 loops=1)
   Buffers: shared hit=1238676 read=409516
   ->  Nested Loop  (cost=2571.83..716146.10 rows=9 width=58) (actual time=410.765..12617.229 rows=309 loops=1)
         Buffers: shared hit=1238676 read=409516
         ->  Nested Loop  (cost=2571.69..716144.71 rows=9 width=18) (actual time=410.751..12614.080 rows=313 loops=1)
               Buffers: shared hit=1238058 read=409516
               ->  Nested Loop  (cost=2571.27..716027.25 rows=164 width=22) (actual time=363.289..12476.786 rows=4435 loops=1)
                     Buffers: shared hit=1224034 read=406100
                     ->  Nested Loop  (cost=2570.84..715010.66 rows=1528 width=26) (actual time=338.978..11380.387 rows=44644 loops=1)
                           Buffers: shared hit=1050040 read=401518
                           ->  Nested Loop  (cost=2570.55..712671.62 rows=9167 width=30) (actual time=338.401..11081.326 rows=249306 loops=1)
                                 Buffers: shared hit=1028443 read=401518
                                 ->  Hash Join  (cost=2570.12..706541.62 rows=9167 width=22) (actual time=338.346..5192.887 rows=254456 loops=1)
                                       Hash Cond: (catalog_returns.cr_returned_date_sk = date_dim.d_date_sk)
                                       Buffers: shared hit=31325 read=401412
                                       ->  Seq Scan on catalog_returns  (cost=0.00..647267.12 rows=21600412 width=26) (actual time=0.301..3423.151 rows=21598628 loops=1)
                                             Buffers: shared hit=29851 read=401412
                                       ->  Hash  (cost=2569.73..2569.73 rows=31 width=4) (actual time=20.298..20.299 rows=31 loops=1)
                                             Buckets: 1024  Batches: 1  Memory Usage: 10kB
                                             Buffers: shared hit=1474
                                             ->  Seq Scan on date_dim  (cost=0.00..2569.73 rows=31 width=4) (actual time=10.014..20.287 rows=31 loops=1)
                                                   Filter: ((d_year = 1999) AND (d_moy = 3))
                                                   Rows Removed by Filter: 73018
                                                   Buffers: shared hit=1474
                                 ->  Index Scan using customer_pkey on customer  (cost=0.43..0.67 rows=1 width=16) (actual time=0.023..0.023 rows=1 loops=254456)
                                       Index Cond: (c_customer_sk = catalog_returns.cr_returning_customer_sk)
                                       Buffers: shared hit=997118 read=106
                           ->  Memoize  (cost=0.29..0.31 rows=1 width=4) (actual time=0.001..0.001 rows=0 loops=249306)
                                 Cache Key: customer.c_current_hdemo_sk
                                 Cache Mode: logical
                                 Hits: 242106  Misses: 7200  Evictions: 0  Overflows: 0  Memory Usage: 521kB
                                 Buffers: shared hit=21597
                                 ->  Index Scan using household_demographics_pkey on household_demographics  (cost=0.28..0.30 rows=1 width=4) (actual time=0.015..0.015 rows=0 loops=7200)
                                       Index Cond: (hd_demo_sk = customer.c_current_hdemo_sk)
                                       Filter: (hd_buy_potential ~~ '>10000%'::text)
                                       Rows Removed by Filter: 1
                                       Buffers: shared hit=21597
                     ->  Index Scan using customer_address_pkey on customer_address  (cost=0.42..0.67 rows=1 width=4) (actual time=0.024..0.024 rows=0 loops=44644)
                           Index Cond: (ca_address_sk = customer.c_current_addr_sk)
                           Filter: (ca_gmt_offset = '-7'::numeric)
                           Rows Removed by Filter: 1
                           Buffers: shared hit=173994 read=4582
               ->  Index Scan using customer_demographics_pkey on customer_demographics  (cost=0.43..0.72 rows=1 width=4) (actual time=0.030..0.030 rows=0 loops=4435)
                     Index Cond: (cd_demo_sk = customer.c_current_cdemo_sk)
                     Filter: (((cd_marital_status = 'M'::bpchar) AND (cd_education_status = 'Unknown'::bpchar)) OR ((cd_marital_status = 'W'::bpchar) AND (cd_education_status = 'Advanced Degree'::bpchar)))
                     Rows Removed by Filter: 1
                     Buffers: shared hit=14024 read=3416
         ->  Index Scan using call_center_pkey on call_center  (cost=0.14..0.16 rows=1 width=48) (actual time=0.008..0.008 rows=1 loops=313)
               Index Cond: (cc_call_center_sk = catalog_returns.cr_call_center_sk)
               Buffers: shared hit=618
 Planning:
   Buffers: shared hit=415
 Planning Time: 2.803 ms
 Execution Time: 12618.846 ms
(54 rows)

