                                                                                                  QUERY PLAN                                                                                                  
--------------------------------------------------------------------------------------------------------------------------------------------------------------------------------------------------------------
 Aggregate  (cost=715903.32..715903.33 rows=1 width=136) (actual time=13290.264..13290.270 rows=1 loops=1)
   Buffers: shared hit=1327884 read=414821
   ->  Nested Loop  (cost=2571.82..715903.18 rows=9 width=58) (actual time=496.954..13288.922 rows=419 loops=1)
         Buffers: shared hit=1327884 read=414821
         ->  Nested Loop  (cost=2571.68..715901.79 rows=9 width=18) (actual time=496.941..13284.396 rows=421 loops=1)
               Buffers: shared hit=1327046 read=414821
               ->  Nested Loop  (cost=2571.25..715788.62 rows=158 width=22) (actual time=475.972..13089.885 rows=6814 loops=1)
                     Buffers: shared hit=1303474 read=411573
                     ->  Nested Loop  (cost=2570.83..714805.30 rows=1478 width=26) (actual time=464.333..11949.435 rows=45849 loops=1)
                           Buffers: shared hit=1124749 read=406902
                           ->  Nested Loop  (cost=2570.54..712473.67 rows=8871 width=30) (actual time=464.308..11627.179 rows=269330 loops=1)
                                 Buffers: shared hit=1103155 read=406902
                                 ->  Hash Join  (cost=2570.11..706541.60 rows=8871 width=22) (actual time=464.256..5268.971 rows=274879 loops=1)
                                       Hash Cond: (catalog_returns.cr_returned_date_sk = date_dim.d_date_sk)
                                       Buffers: shared hit=25898 read=406839
                                       ->  Seq Scan on catalog_returns  (cost=0.00..647267.12 rows=21600412 width=26) (actual time=1.054..3452.720 rows=21598628 loops=1)
                                             Buffers: shared hit=24424 read=406839
                                       ->  Hash  (cost=2569.73..2569.73 rows=30 width=4) (actual time=19.430..19.431 rows=30 loops=1)
                                             Buckets: 1024  Batches: 1  Memory Usage: 10kB
                                             Buffers: shared hit=1474
                                             ->  Seq Scan on date_dim  (cost=0.00..2569.73 rows=30 width=4) (actual time=10.574..19.415 rows=30 loops=1)
                                                   Filter: ((d_year = 1999) AND (d_moy = 6))
                                                   Rows Removed by Filter: 73019
                                                   Buffers: shared hit=1474
                                 ->  Index Scan using customer_pkey on customer  (cost=0.43..0.67 rows=1 width=16) (actual time=0.023..0.023 rows=1 loops=274879)
                                       Index Cond: (c_customer_sk = catalog_returns.cr_returning_customer_sk)
                                       Buffers: shared hit=1077257 read=63
                           ->  Memoize  (cost=0.29..0.31 rows=1 width=4) (actual time=0.001..0.001 rows=0 loops=269330)
                                 Cache Key: customer.c_current_hdemo_sk
                                 Cache Mode: logical
                                 Hits: 262131  Misses: 7199  Evictions: 0  Overflows: 0  Memory Usage: 521kB
                                 Buffers: shared hit=21594
                                 ->  Index Scan using household_demographics_pkey on household_demographics  (cost=0.28..0.30 rows=1 width=4) (actual time=0.016..0.016 rows=0 loops=7199)
                                       Index Cond: (hd_demo_sk = customer.c_current_hdemo_sk)
                                       Filter: (hd_buy_potential ~~ 'Unknown%'::text)
                                       Rows Removed by Filter: 1
                                       Buffers: shared hit=21594
                     ->  Index Scan using customer_address_pkey on customer_address  (cost=0.42..0.67 rows=1 width=4) (actual time=0.024..0.024 rows=0 loops=45849)
                           Index Cond: (ca_address_sk = customer.c_current_addr_sk)
                           Filter: (ca_gmt_offset = '-7'::numeric)
                           Rows Removed by Filter: 1
                           Buffers: shared hit=178725 read=4671
               ->  Index Scan using customer_demographics_pkey on customer_demographics  (cost=0.43..0.72 rows=1 width=4) (actual time=0.028..0.028 rows=0 loops=6814)
                     Index Cond: (cd_demo_sk = customer.c_current_cdemo_sk)
                     Filter: (((cd_marital_status = 'M'::bpchar) AND (cd_education_status = 'Unknown'::bpchar)) OR ((cd_marital_status = 'W'::bpchar) AND (cd_education_status = 'Advanced Degree'::bpchar)))
                     Rows Removed by Filter: 1
                     Buffers: shared hit=23572 read=3248
         ->  Index Scan using call_center_pkey on call_center  (cost=0.14..0.16 rows=1 width=48) (actual time=0.009..0.009 rows=1 loops=421)
               Index Cond: (cc_call_center_sk = catalog_returns.cr_call_center_sk)
               Buffers: shared hit=838
 Planning:
   Buffers: shared hit=415
 Planning Time: 4.477 ms
 Execution Time: 13291.082 ms
(54 rows)

