                                                                                                     QUERY PLAN                                                                                                     
--------------------------------------------------------------------------------------------------------------------------------------------------------------------------------------------------------------------
 Aggregate  (cost=715679.29..715679.30 rows=1 width=136) (actual time=11591.442..11591.449 rows=1 loops=1)
   Buffers: shared hit=1033289 read=422986
   ->  Hash Join  (cost=2574.34..715678.77 rows=35 width=58) (actual time=781.237..11590.274 rows=380 loops=1)
         Hash Cond: (catalog_returns.cr_call_center_sk = call_center.cc_call_center_sk)
         Buffers: shared hit=1033289 read=422986
         ->  Nested Loop  (cost=2571.67..715675.99 rows=35 width=18) (actual time=781.153..11589.719 rows=385 loops=1)
               Buffers: shared hit=1033287 read=422986
               ->  Nested Loop  (cost=2571.24..715623.43 rows=79 width=22) (actual time=777.004..11506.970 rows=2402 loops=1)
                     Buffers: shared hit=1023992 read=422673
                     ->  Nested Loop  (cost=2570.82..714599.95 rows=1429 width=26) (actual time=772.419..10639.105 rows=33892 loops=1)
                           Buffers: shared hit=904547 read=409122
                           ->  Nested Loop  (cost=2570.52..712275.72 rows=8575 width=30) (actual time=772.390..10386.666 rows=214839 loops=1)
                                 Buffers: shared hit=882971 read=409122
                                 ->  Hash Join  (cost=2570.10..706541.59 rows=8575 width=22) (actual time=772.346..5467.784 rows=219252 loops=1)
                                       Hash Cond: (catalog_returns.cr_returned_date_sk = date_dim.d_date_sk)
                                       Buffers: shared hit=23663 read=409074
                                       ->  Seq Scan on catalog_returns  (cost=0.00..647267.12 rows=21600412 width=26) (actual time=1.076..3606.536 rows=21598628 loops=1)
                                             Buffers: shared hit=22189 read=409074
                                       ->  Hash  (cost=2569.73..2569.73 rows=29 width=4) (actual time=18.044..18.045 rows=30 loops=1)
                                             Buckets: 1024  Batches: 1  Memory Usage: 10kB
                                             Buffers: shared hit=1474
                                             ->  Seq Scan on date_dim  (cost=0.00..2569.73 rows=29 width=4) (actual time=10.370..18.026 rows=30 loops=1)
                                                   Filter: ((d_year = 1999) AND (d_moy = 11))
                                                   Rows Removed by Filter: 73019
                                                   Buffers: shared hit=1474
                                 ->  Index Scan using customer_pkey on customer  (cost=0.43..0.67 rows=1 width=16) (actual time=0.022..0.022 rows=1 loops=219252)
                                       Index Cond: (c_customer_sk = catalog_returns.cr_returning_customer_sk)
                                       Buffers: shared hit=859308 read=48
                           ->  Memoize  (cost=0.29..0.31 rows=1 width=4) (actual time=0.001..0.001 rows=0 loops=214839)
                                 Cache Key: customer.c_current_hdemo_sk
                                 Cache Mode: logical
                                 Hits: 207646  Misses: 7193  Evictions: 0  Overflows: 0  Memory Usage: 520kB
                                 Buffers: shared hit=21576
                                 ->  Index Scan using household_demographics_pkey on household_demographics  (cost=0.28..0.30 rows=1 width=4) (actual time=0.013..0.013 rows=0 loops=7193)
                                       Index Cond: (hd_demo_sk = customer.c_current_hdemo_sk)
                                       Filter: (hd_buy_potential ~~ '5001-10000%'::text)
                                       Rows Removed by Filter: 1
                                       Buffers: shared hit=21576
                     ->  Index Scan using customer_demographics_pkey on customer_demographics  (cost=0.43..0.72 rows=1 width=4) (actual time=0.025..0.025 rows=0 loops=33892)
                           Index Cond: (cd_demo_sk = customer.c_current_cdemo_sk)
                           Filter: (((cd_marital_status = 'M'::bpchar) AND (cd_education_status = 'Unknown'::bpchar)) OR ((cd_marital_status = 'W'::bpchar) AND (cd_education_status = 'Advanced Degree'::bpchar)))
                           Rows Removed by Filter: 1
                           Buffers: shared hit=119445 read=13551
               ->  Index Scan using customer_address_pkey on customer_address  (cost=0.42..0.67 rows=1 width=4) (actual time=0.034..0.034 rows=0 loops=2402)
                     Index Cond: (ca_address_sk = customer.c_current_addr_sk)
                     Filter: (ca_gmt_offset = '-6'::numeric)
                     Rows Removed by Filter: 1
                     Buffers: shared hit=9295 read=313
         ->  Hash  (cost=2.30..2.30 rows=30 width=48) (actual time=0.062..0.063 rows=30 loops=1)
               Buckets: 1024  Batches: 1  Memory Usage: 11kB
               Buffers: shared hit=2
               ->  Seq Scan on call_center  (cost=0.00..2.30 rows=30 width=48) (actual time=0.023..0.040 rows=30 loops=1)
                     Buffers: shared hit=2
 Planning:
   Buffers: shared hit=415
 Planning Time: 3.699 ms
 Execution Time: 11592.135 ms
(57 rows)

