                                                                                                  QUERY PLAN                                                                                                  
--------------------------------------------------------------------------------------------------------------------------------------------------------------------------------------------------------------
 Aggregate  (cost=715903.32..715903.33 rows=1 width=136) (actual time=14307.261..14307.267 rows=1 loops=1)
   Buffers: shared hit=1473230 read=418116
   ->  Nested Loop  (cost=2571.82..715903.18 rows=9 width=58) (actual time=2816.836..14305.151 rows=738 loops=1)
         Buffers: shared hit=1473230 read=418116
         ->  Nested Loop  (cost=2571.68..715901.79 rows=9 width=18) (actual time=2816.823..14293.982 rows=746 loops=1)
               Buffers: shared hit=1471754 read=418116
               ->  Nested Loop  (cost=2571.25..715788.62 rows=158 width=22) (actual time=2816.800..14156.155 rows=5292 loops=1)
                     Buffers: shared hit=1452307 read=416791
                     ->  Nested Loop  (cost=2570.83..714805.30 rows=1478 width=26) (actual time=2813.771..12986.253 rows=48275 loops=1)
                           Buffers: shared hit=1268475 read=407523
                           ->  Nested Loop  (cost=2570.54..712473.67 rows=8871 width=30) (actual time=2812.671..12642.687 rows=305416 loops=1)
                                 Buffers: shared hit=1246878 read=407523
                                 ->  Hash Join  (cost=2570.11..706541.60 rows=8871 width=22) (actual time=2812.625..5488.939 rows=311605 loops=1)
                                       Hash Cond: (catalog_returns.cr_returned_date_sk = date_dim.d_date_sk)
                                       Buffers: shared hit=25330 read=407407
                                       ->  Seq Scan on catalog_returns  (cost=0.00..647267.12 rows=21600412 width=26) (actual time=0.738..3642.255 rows=21598628 loops=1)
                                             Buffers: shared hit=23856 read=407407
                                       ->  Hash  (cost=2569.73..2569.73 rows=30 width=4) (actual time=18.660..18.661 rows=30 loops=1)
                                             Buckets: 1024  Batches: 1  Memory Usage: 10kB
                                             Buffers: shared hit=1474
                                             ->  Seq Scan on date_dim  (cost=0.00..2569.73 rows=30 width=4) (actual time=9.547..18.646 rows=30 loops=1)
                                                   Filter: ((d_year = 2002) AND (d_moy = 9))
                                                   Rows Removed by Filter: 73019
                                                   Buffers: shared hit=1474
                                 ->  Index Scan using customer_pkey on customer  (cost=0.43..0.67 rows=1 width=16) (actual time=0.022..0.022 rows=1 loops=311605)
                                       Index Cond: (c_customer_sk = catalog_returns.cr_returning_customer_sk)
                                       Buffers: shared hit=1221548 read=116
                           ->  Memoize  (cost=0.29..0.31 rows=1 width=4) (actual time=0.001..0.001 rows=0 loops=305416)
                                 Cache Key: customer.c_current_hdemo_sk
                                 Cache Mode: logical
                                 Hits: 298216  Misses: 7200  Evictions: 0  Overflows: 0  Memory Usage: 521kB
                                 Buffers: shared hit=21597
                                 ->  Index Scan using household_demographics_pkey on household_demographics  (cost=0.28..0.30 rows=1 width=4) (actual time=0.015..0.015 rows=0 loops=7200)
                                       Index Cond: (hd_demo_sk = customer.c_current_hdemo_sk)
                                       Filter: (hd_buy_potential ~~ '5001-10000%'::text)
                                       Rows Removed by Filter: 1
                                       Buffers: shared hit=21597
                     ->  Index Scan using customer_address_pkey on customer_address  (cost=0.42..0.67 rows=1 width=4) (actual time=0.024..0.024 rows=0 loops=48275)
                           Index Cond: (ca_address_sk = customer.c_current_addr_sk)
                           Filter: (ca_gmt_offset = '-7'::numeric)
                           Rows Removed by Filter: 1
                           Buffers: shared hit=183832 read=9268
               ->  Index Scan using customer_demographics_pkey on customer_demographics  (cost=0.43..0.72 rows=1 width=4) (actual time=0.026..0.026 rows=0 loops=5292)
                     Index Cond: (cd_demo_sk = customer.c_current_cdemo_sk)
                     Filter: (((cd_marital_status = 'M'::bpchar) AND (cd_education_status = 'Unknown'::bpchar)) OR ((cd_marital_status = 'W'::bpchar) AND (cd_education_status = 'Advanced Degree'::bpchar)))
                     Rows Removed by Filter: 1
                     Buffers: shared hit=19447 read=1325
         ->  Index Scan using call_center_pkey on call_center  (cost=0.14..0.16 rows=1 width=48) (actual time=0.014..0.014 rows=1 loops=746)
               Index Cond: (cc_call_center_sk = catalog_returns.cr_call_center_sk)
               Buffers: shared hit=1476
 Planning:
   Buffers: shared hit=415
 Planning Time: 3.827 ms
 Execution Time: 14307.993 ms
(54 rows)

