                                                                                                  QUERY PLAN                                                                                                  
--------------------------------------------------------------------------------------------------------------------------------------------------------------------------------------------------------------
 Aggregate  (cost=715903.32..715903.33 rows=1 width=136) (actual time=12161.433..12161.440 rows=1 loops=1)
   Buffers: shared hit=1139199 read=410748
   ->  Nested Loop  (cost=2571.82..715903.18 rows=9 width=58) (actual time=1049.839..12159.883 rows=543 loops=1)
         Buffers: shared hit=1139199 read=410748
         ->  Nested Loop  (cost=2571.68..715901.79 rows=9 width=18) (actual time=1049.819..12153.318 rows=550 loops=1)
               Buffers: shared hit=1138113 read=410748
               ->  Nested Loop  (cost=2571.25..715788.62 rows=158 width=22) (actual time=1033.028..12046.093 rows=3985 loops=1)
                     Buffers: shared hit=1123861 read=409348
                     ->  Nested Loop  (cost=2570.83..714805.30 rows=1478 width=26) (actual time=1026.493..11100.000 rows=36810 loops=1)
                           Buffers: shared hit=982513 read=403456
                           ->  Nested Loop  (cost=2570.54..712473.67 rows=8871 width=30) (actual time=1021.091..10813.799 rows=232914 loops=1)
                                 Buffers: shared hit=960937 read=403456
                                 ->  Hash Join  (cost=2570.11..706541.60 rows=8871 width=22) (actual time=1021.047..5368.456 rows=237520 loops=1)
                                       Hash Cond: (catalog_returns.cr_returned_date_sk = date_dim.d_date_sk)
                                       Buffers: shared hit=29374 read=403363
                                       ->  Seq Scan on catalog_returns  (cost=0.00..647267.12 rows=21600412 width=26) (actual time=0.107..3552.450 rows=21598628 loops=1)
                                             Buffers: shared hit=27900 read=403363
                                       ->  Hash  (cost=2569.73..2569.73 rows=30 width=4) (actual time=13.476..13.477 rows=30 loops=1)
                                             Buckets: 1024  Batches: 1  Memory Usage: 10kB
                                             Buffers: shared hit=1474
                                             ->  Seq Scan on date_dim  (cost=0.00..2569.73 rows=30 width=4) (actual time=6.976..13.465 rows=30 loops=1)
                                                   Filter: ((d_year = 2000) AND (d_moy = 6))
                                                   Rows Removed by Filter: 73019
                                                   Buffers: shared hit=1474
                                 ->  Index Scan using customer_pkey on customer  (cost=0.43..0.67 rows=1 width=16) (actual time=0.022..0.022 rows=1 loops=237520)
                                       Index Cond: (c_customer_sk = catalog_returns.cr_returning_customer_sk)
                                       Buffers: shared hit=931563 read=93
                           ->  Memoize  (cost=0.29..0.31 rows=1 width=4) (actual time=0.001..0.001 rows=0 loops=232914)
                                 Cache Key: customer.c_current_hdemo_sk
                                 Cache Mode: logical
                                 Hits: 225721  Misses: 7193  Evictions: 0  Overflows: 0  Memory Usage: 520kB
                                 Buffers: shared hit=21576
                                 ->  Index Scan using household_demographics_pkey on household_demographics  (cost=0.28..0.30 rows=1 width=4) (actual time=0.015..0.015 rows=0 loops=7193)
                                       Index Cond: (hd_demo_sk = customer.c_current_hdemo_sk)
                                       Filter: (hd_buy_potential ~~ '5001-10000%'::text)
                                       Rows Removed by Filter: 1
                                       Buffers: shared hit=21576
                     ->  Index Scan using customer_address_pkey on customer_address  (cost=0.42..0.67 rows=1 width=4) (actual time=0.025..0.025 rows=0 loops=36810)
                           Index Cond: (ca_address_sk = customer.c_current_addr_sk)
                           Filter: (ca_gmt_offset = '-7'::numeric)
                           Rows Removed by Filter: 1
                           Buffers: shared hit=141348 read=5892
               ->  Index Scan using customer_demographics_pkey on customer_demographics  (cost=0.43..0.72 rows=1 width=4) (actual time=0.026..0.026 rows=0 loops=3985)
                     Index Cond: (cd_demo_sk = customer.c_current_cdemo_sk)
                     Filter: (((cd_marital_status = 'M'::bpchar) AND (cd_education_status = 'Unknown'::bpchar)) OR ((cd_marital_status = 'W'::bpchar) AND (cd_education_status = 'Advanced Degree'::bpchar)))
                     Rows Removed by Filter: 1
                     Buffers: shared hit=14252 read=1400
         ->  Index Scan using call_center_pkey on call_center  (cost=0.14..0.16 rows=1 width=48) (actual time=0.011..0.011 rows=1 loops=550)
               Index Cond: (cc_call_center_sk = catalog_returns.cr_call_center_sk)
               Buffers: shared hit=1086
 Planning:
   Buffers: shared hit=415
 Planning Time: 2.760 ms
 Execution Time: 12161.920 ms
(54 rows)

