                                                                                                  QUERY PLAN                                                                                                  
--------------------------------------------------------------------------------------------------------------------------------------------------------------------------------------------------------------
 Aggregate  (cost=715903.32..715903.33 rows=1 width=136) (actual time=14813.780..14813.787 rows=1 loops=1)
   Buffers: shared hit=1527013 read=419186
   ->  Nested Loop  (cost=2571.82..715903.18 rows=9 width=58) (actual time=2623.947..14811.573 rows=803 loops=1)
         Buffers: shared hit=1527013 read=419186
         ->  Nested Loop  (cost=2571.68..715901.79 rows=9 width=18) (actual time=2623.935..14800.708 rows=813 loops=1)
               Buffers: shared hit=1525407 read=419186
               ->  Nested Loop  (cost=2571.25..715788.62 rows=158 width=22) (actual time=2623.911..14639.903 rows=5589 loops=1)
                     Buffers: shared hit=1505615 read=417034
                     ->  Nested Loop  (cost=2570.83..714805.30 rows=1478 width=26) (actual time=2607.167..13382.606 rows=50157 loops=1)
                           Buffers: shared hit=1313228 read=408793
                           ->  Nested Loop  (cost=2570.54..712473.67 rows=8871 width=30) (actual time=2601.103..13033.494 rows=316921 loops=1)
                                 Buffers: shared hit=1291628 read=408793
                                 ->  Hash Join  (cost=2570.11..706541.60 rows=8871 width=22) (actual time=2601.052..5570.273 rows=323430 loops=1)
                                       Hash Cond: (catalog_returns.cr_returned_date_sk = date_dim.d_date_sk)
                                       Buffers: shared hit=24128 read=408609
                                       ->  Seq Scan on catalog_returns  (cost=0.00..647267.12 rows=21600412 width=26) (actual time=0.043..3674.329 rows=21598628 loops=1)
                                             Buffers: shared hit=22654 read=408609
                                       ->  Hash  (cost=2569.73..2569.73 rows=30 width=4) (actual time=20.042..20.043 rows=30 loops=1)
                                             Buckets: 1024  Batches: 1  Memory Usage: 10kB
                                             Buffers: shared hit=1474
                                             ->  Seq Scan on date_dim  (cost=0.00..2569.73 rows=30 width=4) (actual time=11.663..20.027 rows=30 loops=1)
                                                   Filter: ((d_year = 2002) AND (d_moy = 6))
                                                   Rows Removed by Filter: 73019
                                                   Buffers: shared hit=1474
                                 ->  Index Scan using customer_pkey on customer  (cost=0.43..0.67 rows=1 width=16) (actual time=0.023..0.023 rows=1 loops=323430)
                                       Index Cond: (c_customer_sk = catalog_returns.cr_returning_customer_sk)
                                       Buffers: shared hit=1267500 read=184
                           ->  Memoize  (cost=0.29..0.31 rows=1 width=4) (actual time=0.001..0.001 rows=0 loops=316921)
                                 Cache Key: customer.c_current_hdemo_sk
                                 Cache Mode: logical
                                 Hits: 309720  Misses: 7201  Evictions: 0  Overflows: 0  Memory Usage: 521kB
                                 Buffers: shared hit=21600
                                 ->  Index Scan using household_demographics_pkey on household_demographics  (cost=0.28..0.30 rows=1 width=4) (actual time=0.015..0.015 rows=0 loops=7201)
                                       Index Cond: (hd_demo_sk = customer.c_current_hdemo_sk)
                                       Filter: (hd_buy_potential ~~ '5001-10000%'::text)
                                       Rows Removed by Filter: 1
                                       Buffers: shared hit=21600
                     ->  Index Scan using customer_address_pkey on customer_address  (cost=0.42..0.67 rows=1 width=4) (actual time=0.025..0.025 rows=0 loops=50157)
                           Index Cond: (ca_address_sk = customer.c_current_addr_sk)
                           Filter: (ca_gmt_offset = '-7'::numeric)
                           Rows Removed by Filter: 1
                           Buffers: shared hit=192387 read=8241
               ->  Index Scan using customer_demographics_pkey on customer_demographics  (cost=0.43..0.72 rows=1 width=4) (actual time=0.028..0.028 rows=0 loops=5589)
                     Index Cond: (cd_demo_sk = customer.c_current_cdemo_sk)
                     Filter: (((cd_marital_status = 'M'::bpchar) AND (cd_education_status = 'Unknown'::bpchar)) OR ((cd_marital_status = 'W'::bpchar) AND (cd_education_status = 'Advanced Degree'::bpchar)))
                     Rows Removed by Filter: 1
                     Buffers: shared hit=19792 read=2152
         ->  Index Scan using call_center_pkey on call_center  (cost=0.14..0.16 rows=1 width=48) (actual time=0.012..0.012 rows=1 loops=813)
               Index Cond: (cc_call_center_sk = catalog_returns.cr_call_center_sk)
               Buffers: shared hit=1606
 Planning:
   Buffers: shared hit=415
 Planning Time: 4.604 ms
 Execution Time: 14814.613 ms
(54 rows)

