                                                                                                  QUERY PLAN                                                                                                  
--------------------------------------------------------------------------------------------------------------------------------------------------------------------------------------------------------------
 Aggregate  (cost=716146.24..716146.25 rows=1 width=136) (actual time=5861.393..5861.398 rows=1 loops=1)
   Buffers: shared hit=214168 read=402570
   ->  Nested Loop  (cost=2571.83..716146.10 rows=9 width=58) (actual time=116.120..5861.227 rows=49 loops=1)
         Buffers: shared hit=214168 read=402570
         ->  Nested Loop  (cost=2571.69..716144.71 rows=9 width=18) (actual time=116.102..5859.875 rows=49 loops=1)
               Buffers: shared hit=214070 read=402570
               ->  Nested Loop  (cost=2571.27..716027.25 rows=164 width=22) (actual time=20.593..5839.735 rows=841 loops=1)
                     Buffers: shared hit=211109 read=402223
                     ->  Nested Loop  (cost=2570.84..715010.66 rows=1528 width=26) (actual time=20.351..5699.090 rows=5912 loops=1)
                           Buffers: shared hit=188441 read=401243
                           ->  Nested Loop  (cost=2570.55..712671.62 rows=9167 width=30) (actual time=20.191..5578.678 rows=34091 loops=1)
                                 Buffers: shared hit=167858 read=401243
                                 ->  Hash Join  (cost=2570.12..706541.62 rows=9167 width=22) (actual time=20.139..4811.120 rows=34783 loops=1)
                                       Hash Cond: (catalog_returns.cr_returned_date_sk = date_dim.d_date_sk)
                                       Buffers: shared hit=31518 read=401219
                                       ->  Seq Scan on catalog_returns  (cost=0.00..647267.12 rows=21600412 width=26) (actual time=0.027..3230.221 rows=21598628 loops=1)
                                             Buffers: shared hit=30044 read=401219
                                       ->  Hash  (cost=2569.73..2569.73 rows=31 width=4) (actual time=20.084..20.085 rows=31 loops=1)
                                             Buckets: 1024  Batches: 1  Memory Usage: 10kB
                                             Buffers: shared hit=1474
                                             ->  Seq Scan on date_dim  (cost=0.00..2569.73 rows=31 width=4) (actual time=8.215..20.073 rows=31 loops=1)
                                                   Filter: ((d_year = 1998) AND (d_moy = 3))
                                                   Rows Removed by Filter: 73018
                                                   Buffers: shared hit=1474
                                 ->  Index Scan using customer_pkey on customer  (cost=0.43..0.67 rows=1 width=16) (actual time=0.022..0.022 rows=1 loops=34783)
                                       Index Cond: (c_customer_sk = catalog_returns.cr_returning_customer_sk)
                                       Buffers: shared hit=136340 read=24
                           ->  Memoize  (cost=0.29..0.31 rows=1 width=4) (actual time=0.003..0.003 rows=0 loops=34091)
                                 Cache Key: customer.c_current_hdemo_sk
                                 Cache Mode: logical
                                 Hits: 27229  Misses: 6862  Evictions: 0  Overflows: 0  Memory Usage: 497kB
                                 Buffers: shared hit=20583
                                 ->  Index Scan using household_demographics_pkey on household_demographics  (cost=0.28..0.30 rows=1 width=4) (actual time=0.014..0.014 rows=0 loops=6862)
                                       Index Cond: (hd_demo_sk = customer.c_current_hdemo_sk)
                                       Filter: (hd_buy_potential ~~ 'Unknown%'::text)
                                       Rows Removed by Filter: 1
                                       Buffers: shared hit=20583
                     ->  Index Scan using customer_address_pkey on customer_address  (cost=0.42..0.67 rows=1 width=4) (actual time=0.023..0.023 rows=0 loops=5912)
                           Index Cond: (ca_address_sk = customer.c_current_addr_sk)
                           Filter: (ca_gmt_offset = '-7'::numeric)
                           Rows Removed by Filter: 1
                           Buffers: shared hit=22668 read=980
               ->  Index Scan using customer_demographics_pkey on customer_demographics  (cost=0.43..0.72 rows=1 width=4) (actual time=0.024..0.024 rows=0 loops=841)
                     Index Cond: (cd_demo_sk = customer.c_current_cdemo_sk)
                     Filter: (((cd_marital_status = 'M'::bpchar) AND (cd_education_status = 'Unknown'::bpchar)) OR ((cd_marital_status = 'W'::bpchar) AND (cd_education_status = 'Advanced Degree'::bpchar)))
                     Rows Removed by Filter: 1
                     Buffers: shared hit=2961 read=347
         ->  Index Scan using call_center_pkey on call_center  (cost=0.14..0.16 rows=1 width=48) (actual time=0.026..0.026 rows=1 loops=49)
               Index Cond: (cc_call_center_sk = catalog_returns.cr_call_center_sk)
               Buffers: shared hit=98
 Planning:
   Buffers: shared hit=415
 Planning Time: 2.821 ms
 Execution Time: 5861.949 ms
(54 rows)

