                                                                                                  QUERY PLAN                                                                                                  
--------------------------------------------------------------------------------------------------------------------------------------------------------------------------------------------------------------
 Aggregate  (cost=715903.32..715903.33 rows=1 width=136) (actual time=13645.547..13645.554 rows=1 loops=1)
   Buffers: shared hit=1343330 read=423566
   ->  Nested Loop  (cost=2571.82..715903.18 rows=9 width=58) (actual time=410.718..13644.432 rows=328 loops=1)
         Buffers: shared hit=1343330 read=423566
         ->  Nested Loop  (cost=2571.68..715901.79 rows=9 width=18) (actual time=410.706..13637.989 rows=330 loops=1)
               Buffers: shared hit=1342674 read=423566
               ->  Nested Loop  (cost=2571.25..715788.62 rows=158 width=22) (actual time=410.679..13552.198 rows=3397 loops=1)
                     Buffers: shared hit=1330085 read=422815
                     ->  Nested Loop  (cost=2570.83..714805.30 rows=1478 width=26) (actual time=400.450..12362.553 rows=46586 loops=1)
                           Buffers: shared hit=1154849 read=411707
                           ->  Nested Loop  (cost=2570.54..712473.67 rows=8871 width=30) (actual time=397.285..12036.584 rows=278057 loops=1)
                                 Buffers: shared hit=1133258 read=411707
                                 ->  Hash Join  (cost=2570.11..706541.60 rows=8871 width=22) (actual time=397.236..5445.686 rows=283720 loops=1)
                                       Hash Cond: (catalog_returns.cr_returned_date_sk = date_dim.d_date_sk)
                                       Buffers: shared hit=21233 read=411504
                                       ->  Seq Scan on catalog_returns  (cost=0.00..647267.12 rows=21600412 width=26) (actual time=0.184..3606.054 rows=21598628 loops=1)
                                             Buffers: shared hit=19759 read=411504
                                       ->  Hash  (cost=2569.73..2569.73 rows=30 width=4) (actual time=13.187..13.189 rows=31 loops=1)
                                             Buckets: 1024  Batches: 1  Memory Usage: 10kB
                                             Buffers: shared hit=1474
                                             ->  Seq Scan on date_dim  (cost=0.00..2569.73 rows=30 width=4) (actual time=6.712..13.177 rows=31 loops=1)
                                                   Filter: ((d_year = 1999) AND (d_moy = 5))
                                                   Rows Removed by Filter: 73018
                                                   Buffers: shared hit=1474
                                 ->  Index Scan using customer_pkey on customer  (cost=0.43..0.67 rows=1 width=16) (actual time=0.023..0.023 rows=1 loops=283720)
                                       Index Cond: (c_customer_sk = catalog_returns.cr_returning_customer_sk)
                                       Buffers: shared hit=1112025 read=203
                           ->  Memoize  (cost=0.29..0.31 rows=1 width=4) (actual time=0.001..0.001 rows=0 loops=278057)
                                 Cache Key: customer.c_current_hdemo_sk
                                 Cache Mode: logical
                                 Hits: 270859  Misses: 7198  Evictions: 0  Overflows: 0  Memory Usage: 521kB
                                 Buffers: shared hit=21591
                                 ->  Index Scan using household_demographics_pkey on household_demographics  (cost=0.28..0.30 rows=1 width=4) (actual time=0.016..0.016 rows=0 loops=7198)
                                       Index Cond: (hd_demo_sk = customer.c_current_hdemo_sk)
                                       Filter: (hd_buy_potential ~~ '501-1000%'::text)
                                       Rows Removed by Filter: 1
                                       Buffers: shared hit=21591
                     ->  Index Scan using customer_address_pkey on customer_address  (cost=0.42..0.67 rows=1 width=4) (actual time=0.025..0.025 rows=0 loops=46586)
                           Index Cond: (ca_address_sk = customer.c_current_addr_sk)
                           Filter: (ca_gmt_offset = '-7'::numeric)
                           Rows Removed by Filter: 1
                           Buffers: shared hit=175236 read=11108
               ->  Index Scan using customer_demographics_pkey on customer_demographics  (cost=0.43..0.72 rows=1 width=4) (actual time=0.025..0.025 rows=0 loops=3397)
                     Index Cond: (cd_demo_sk = customer.c_current_cdemo_sk)
                     Filter: (((cd_marital_status = 'M'::bpchar) AND (cd_education_status = 'Unknown'::bpchar)) OR ((cd_marital_status = 'W'::bpchar) AND (cd_education_status = 'Advanced Degree'::bpchar)))
                     Rows Removed by Filter: 1
                     Buffers: shared hit=12589 read=751
         ->  Index Scan using call_center_pkey on call_center  (cost=0.14..0.16 rows=1 width=48) (actual time=0.018..0.018 rows=1 loops=330)
               Index Cond: (cc_call_center_sk = catalog_returns.cr_call_center_sk)
               Buffers: shared hit=656
 Planning:
   Buffers: shared hit=415
 Planning Time: 1.853 ms
 Execution Time: 13645.970 ms
(54 rows)

