                                                                                                  QUERY PLAN                                                                                                  
--------------------------------------------------------------------------------------------------------------------------------------------------------------------------------------------------------------
 Aggregate  (cost=715903.32..715903.33 rows=1 width=136) (actual time=10419.413..10419.419 rows=1 loops=1)
   Buffers: shared hit=863318 read=411921
   ->  Nested Loop  (cost=2571.82..715903.18 rows=9 width=58) (actual time=63.574..10418.747 rows=170 loops=1)
         Buffers: shared hit=863318 read=411921
         ->  Nested Loop  (cost=2571.68..715901.79 rows=9 width=18) (actual time=63.559..10416.718 rows=172 loops=1)
               Buffers: shared hit=862978 read=411921
               ->  Nested Loop  (cost=2571.25..715788.62 rows=158 width=22) (actual time=39.193..10356.454 rows=2054 loops=1)
                     Buffers: shared hit=855483 read=411336
                     ->  Nested Loop  (cost=2570.83..714805.30 rows=1478 width=26) (actual time=20.428..9565.015 rows=29404 loops=1)
                           Buffers: shared hit=743108 read=406095
                           ->  Nested Loop  (cost=2570.54..712473.67 rows=8871 width=30) (actual time=20.408..9302.385 rows=173724 loops=1)
                                 Buffers: shared hit=721538 read=406095
                                 ->  Hash Join  (cost=2570.11..706541.60 rows=8871 width=22) (actual time=20.362..5132.539 rows=177321 loops=1)
                                       Hash Cond: (catalog_returns.cr_returned_date_sk = date_dim.d_date_sk)
                                       Buffers: shared hit=26820 read=405917
                                       ->  Seq Scan on catalog_returns  (cost=0.00..647267.12 rows=21600412 width=26) (actual time=0.239..3429.677 rows=21598628 loops=1)
                                             Buffers: shared hit=25346 read=405917
                                       ->  Hash  (cost=2569.73..2569.73 rows=30 width=4) (actual time=20.086..20.087 rows=30 loops=1)
                                             Buckets: 1024  Batches: 1  Memory Usage: 10kB
                                             Buffers: shared hit=1474
                                             ->  Seq Scan on date_dim  (cost=0.00..2569.73 rows=30 width=4) (actual time=11.366..20.072 rows=30 loops=1)
                                                   Filter: ((d_year = 1998) AND (d_moy = 6))
                                                   Rows Removed by Filter: 73019
                                                   Buffers: shared hit=1474
                                 ->  Index Scan using customer_pkey on customer  (cost=0.43..0.67 rows=1 width=16) (actual time=0.023..0.023 rows=1 loops=177321)
                                       Index Cond: (c_customer_sk = catalog_returns.cr_returning_customer_sk)
                                       Buffers: shared hit=694718 read=178
                           ->  Memoize  (cost=0.29..0.31 rows=1 width=4) (actual time=0.001..0.001 rows=0 loops=173724)
                                 Cache Key: customer.c_current_hdemo_sk
                                 Cache Mode: logical
                                 Hits: 166533  Misses: 7191  Evictions: 0  Overflows: 0  Memory Usage: 520kB
                                 Buffers: shared hit=21570
                                 ->  Index Scan using household_demographics_pkey on household_demographics  (cost=0.28..0.30 rows=1 width=4) (actual time=0.018..0.018 rows=0 loops=7191)
                                       Index Cond: (hd_demo_sk = customer.c_current_hdemo_sk)
                                       Filter: (hd_buy_potential ~~ '501-1000%'::text)
                                       Rows Removed by Filter: 1
                                       Buffers: shared hit=21570
                     ->  Index Scan using customer_address_pkey on customer_address  (cost=0.42..0.67 rows=1 width=4) (actual time=0.027..0.027 rows=0 loops=29404)
                           Index Cond: (ca_address_sk = customer.c_current_addr_sk)
                           Filter: (ca_gmt_offset = '-7'::numeric)
                           Rows Removed by Filter: 1
                           Buffers: shared hit=112375 read=5241
               ->  Index Scan using customer_demographics_pkey on customer_demographics  (cost=0.43..0.72 rows=1 width=4) (actual time=0.029..0.029 rows=0 loops=2054)
                     Index Cond: (cd_demo_sk = customer.c_current_cdemo_sk)
                     Filter: (((cd_marital_status = 'M'::bpchar) AND (cd_education_status = 'Unknown'::bpchar)) OR ((cd_marital_status = 'W'::bpchar) AND (cd_education_status = 'Advanced Degree'::bpchar)))
                     Rows Removed by Filter: 1
                     Buffers: shared hit=7495 read=585
         ->  Index Scan using call_center_pkey on call_center  (cost=0.14..0.16 rows=1 width=48) (actual time=0.010..0.010 rows=1 loops=172)
               Index Cond: (cc_call_center_sk = catalog_returns.cr_call_center_sk)
               Buffers: shared hit=340
 Planning:
   Buffers: shared hit=415
 Planning Time: 4.295 ms
 Execution Time: 10420.181 ms
(54 rows)

