                                                                                                  QUERY PLAN                                                                                                  
--------------------------------------------------------------------------------------------------------------------------------------------------------------------------------------------------------------
 Aggregate  (cost=716146.24..716146.25 rows=1 width=136) (actual time=11298.319..11298.325 rows=1 loops=1)
   Buffers: shared hit=1048982 read=413230
   ->  Nested Loop  (cost=2571.83..716146.10 rows=9 width=58) (actual time=42.145..11297.429 rows=250 loops=1)
         Buffers: shared hit=1048982 read=413230
         ->  Nested Loop  (cost=2571.69..716144.71 rows=9 width=18) (actual time=42.127..11294.875 rows=253 loops=1)
               Buffers: shared hit=1048482 read=413230
               ->  Nested Loop  (cost=2571.27..716027.25 rows=164 width=22) (actual time=20.474..11224.350 rows=2562 loops=1)
                     Buffers: shared hit=1039315 read=412353
                     ->  Nested Loop  (cost=2570.84..715010.66 rows=1528 width=26) (actual time=20.120..10305.899 rows=36022 loops=1)
                           Buffers: shared hit=901267 read=406313
                           ->  Nested Loop  (cost=2570.55..712671.62 rows=9167 width=30) (actual time=20.028..10034.954 rows=213316 loops=1)
                                 Buffers: shared hit=879688 read=406313
                                 ->  Hash Join  (cost=2570.12..706541.62 rows=9167 width=22) (actual time=19.973..5025.330 rows=217679 loops=1)
                                       Hash Cond: (catalog_returns.cr_returned_date_sk = date_dim.d_date_sk)
                                       Buffers: shared hit=26621 read=406116
                                       ->  Seq Scan on catalog_returns  (cost=0.00..647267.12 rows=21600412 width=26) (actual time=0.068..3317.214 rows=21598628 loops=1)
                                             Buffers: shared hit=25147 read=406116
                                       ->  Hash  (cost=2569.73..2569.73 rows=31 width=4) (actual time=19.863..19.864 rows=31 loops=1)
                                             Buckets: 1024  Batches: 1  Memory Usage: 10kB
                                             Buffers: shared hit=1474
                                             ->  Seq Scan on date_dim  (cost=0.00..2569.73 rows=31 width=4) (actual time=11.419..19.847 rows=31 loops=1)
                                                   Filter: ((d_year = 1998) AND (d_moy = 7))
                                                   Rows Removed by Filter: 73018
                                                   Buffers: shared hit=1474
                                 ->  Index Scan using customer_pkey on customer  (cost=0.43..0.67 rows=1 width=16) (actual time=0.022..0.022 rows=1 loops=217679)
                                       Index Cond: (c_customer_sk = catalog_returns.cr_returning_customer_sk)
                                       Buffers: shared hit=853067 read=197
                           ->  Memoize  (cost=0.29..0.31 rows=1 width=4) (actual time=0.001..0.001 rows=0 loops=213316)
                                 Cache Key: customer.c_current_hdemo_sk
                                 Cache Mode: logical
                                 Hits: 206122  Misses: 7194  Evictions: 0  Overflows: 0  Memory Usage: 520kB
                                 Buffers: shared hit=21579
                                 ->  Index Scan using household_demographics_pkey on household_demographics  (cost=0.28..0.30 rows=1 width=4) (actual time=0.015..0.015 rows=0 loops=7194)
                                       Index Cond: (hd_demo_sk = customer.c_current_hdemo_sk)
                                       Filter: (hd_buy_potential ~~ '501-1000%'::text)
                                       Rows Removed by Filter: 1
                                       Buffers: shared hit=21579
                     ->  Index Scan using customer_address_pkey on customer_address  (cost=0.42..0.67 rows=1 width=4) (actual time=0.025..0.025 rows=0 loops=36022)
                           Index Cond: (ca_address_sk = customer.c_current_addr_sk)
                           Filter: (ca_gmt_offset = '-7'::numeric)
                           Rows Removed by Filter: 1
                           Buffers: shared hit=138048 read=6040
               ->  Index Scan using customer_demographics_pkey on customer_demographics  (cost=0.43..0.72 rows=1 width=4) (actual time=0.027..0.027 rows=0 loops=2562)
                     Index Cond: (cd_demo_sk = customer.c_current_cdemo_sk)
                     Filter: (((cd_marital_status = 'M'::bpchar) AND (cd_education_status = 'Unknown'::bpchar)) OR ((cd_marital_status = 'W'::bpchar) AND (cd_education_status = 'Advanced Degree'::bpchar)))
                     Rows Removed by Filter: 1
                     Buffers: shared hit=9167 read=877
         ->  Index Scan using call_center_pkey on call_center  (cost=0.14..0.16 rows=1 width=48) (actual time=0.008..0.008 rows=1 loops=253)
               Index Cond: (cc_call_center_sk = catalog_returns.cr_call_center_sk)
               Buffers: shared hit=500
 Planning:
   Buffers: shared hit=415
 Planning Time: 4.613 ms
 Execution Time: 11299.145 ms
(54 rows)

