                                                                                                     QUERY PLAN                                                                                                     
--------------------------------------------------------------------------------------------------------------------------------------------------------------------------------------------------------------------
 Aggregate  (cost=716164.96..716164.97 rows=1 width=136) (actual time=14774.649..14774.657 rows=1 loops=1)
   Buffers: shared hit=1529172 read=419543
   ->  Hash Join  (cost=2574.37..716164.39 rows=38 width=58) (actual time=14774.643..14774.651 rows=0 loops=1)
         Hash Cond: (catalog_returns.cr_call_center_sk = call_center.cc_call_center_sk)
         Buffers: shared hit=1529172 read=419543
         ->  Nested Loop  (cost=2571.69..716161.60 rows=38 width=18) (actual time=14774.540..14774.547 rows=0 loops=1)
               Buffers: shared hit=1529170 read=419543
               ->  Nested Loop  (cost=2571.27..716105.05 rows=85 width=22) (actual time=2826.581..14738.986 rows=1246 loops=1)
                     Buffers: shared hit=1524526 read=419203
                     ->  Nested Loop  (cost=2570.84..715010.66 rows=1528 width=26) (actual time=2811.345..13389.894 rows=53641 loops=1)
                           Buffers: shared hit=1332023 read=401098
                           ->  Nested Loop  (cost=2570.55..712671.62 rows=9167 width=30) (actual time=2807.469..13032.489 rows=319696 loops=1)
                                 Buffers: shared hit=1310423 read=401098
                                 ->  Hash Join  (cost=2570.12..706541.62 rows=9167 width=22) (actual time=2807.415..5477.457 rows=326115 loops=1)
                                       Hash Cond: (catalog_returns.cr_returned_date_sk = date_dim.d_date_sk)
                                       Buffers: shared hit=32003 read=400734
                                       ->  Seq Scan on catalog_returns  (cost=0.00..647267.12 rows=21600412 width=26) (actual time=0.178..3569.870 rows=21598628 loops=1)
                                             Buffers: shared hit=30529 read=400734
                                       ->  Hash  (cost=2569.73..2569.73 rows=31 width=4) (actual time=19.014..19.015 rows=31 loops=1)
                                             Buckets: 1024  Batches: 1  Memory Usage: 10kB
                                             Buffers: shared hit=1474
                                             ->  Seq Scan on date_dim  (cost=0.00..2569.73 rows=31 width=4) (actual time=10.667..18.999 rows=31 loops=1)
                                                   Filter: ((d_year = 2002) AND (d_moy = 8))
                                                   Rows Removed by Filter: 73018
                                                   Buffers: shared hit=1474
                                 ->  Index Scan using customer_pkey on customer  (cost=0.43..0.67 rows=1 width=16) (actual time=0.023..0.023 rows=1 loops=326115)
                                       Index Cond: (c_customer_sk = catalog_returns.cr_returning_customer_sk)
                                       Buffers: shared hit=1278420 read=364
                           ->  Memoize  (cost=0.29..0.31 rows=1 width=4) (actual time=0.001..0.001 rows=0 loops=319696)
                                 Cache Key: customer.c_current_hdemo_sk
                                 Cache Mode: logical
                                 Hits: 312495  Misses: 7201  Evictions: 0  Overflows: 0  Memory Usage: 521kB
                                 Buffers: shared hit=21600
                                 ->  Index Scan using household_demographics_pkey on household_demographics  (cost=0.28..0.30 rows=1 width=4) (actual time=0.016..0.016 rows=0 loops=7201)
                                       Index Cond: (hd_demo_sk = customer.c_current_hdemo_sk)
                                       Filter: (hd_buy_potential ~~ '501-1000%'::text)
                                       Rows Removed by Filter: 1
                                       Buffers: shared hit=21600
                     ->  Index Scan using customer_demographics_pkey on customer_demographics  (cost=0.43..0.72 rows=1 width=4) (actual time=0.025..0.025 rows=0 loops=53641)
                           Index Cond: (cd_demo_sk = customer.c_current_cdemo_sk)
                           Filter: (((cd_marital_status = 'M'::bpchar) AND (cd_education_status = 'Unknown'::bpchar)) OR ((cd_marital_status = 'W'::bpchar) AND (cd_education_status = 'Advanced Degree'::bpchar)))
                           Rows Removed by Filter: 1
                           Buffers: shared hit=192503 read=18105
               ->  Index Scan using customer_address_pkey on customer_address  (cost=0.42..0.67 rows=1 width=4) (actual time=0.028..0.028 rows=0 loops=1246)
                     Index Cond: (ca_address_sk = customer.c_current_addr_sk)
                     Filter: (ca_gmt_offset = '-6'::numeric)
                     Rows Removed by Filter: 1
                     Buffers: shared hit=4644 read=340
         ->  Hash  (cost=2.30..2.30 rows=30 width=48) (actual time=0.078..0.078 rows=30 loops=1)
               Buckets: 1024  Batches: 1  Memory Usage: 11kB
               Buffers: shared hit=2
               ->  Seq Scan on call_center  (cost=0.00..2.30 rows=30 width=48) (actual time=0.030..0.051 rows=30 loops=1)
                     Buffers: shared hit=2
 Planning:
   Buffers: shared hit=415
 Planning Time: 4.607 ms
 Execution Time: 14775.506 ms
(57 rows)

