                                                                                                  QUERY PLAN                                                                                                  
--------------------------------------------------------------------------------------------------------------------------------------------------------------------------------------------------------------
 Aggregate  (cost=716146.24..716146.25 rows=1 width=136) (actual time=12902.363..12902.369 rows=1 loops=1)
   Buffers: shared hit=1273289 read=423228
   ->  Nested Loop  (cost=2571.83..716146.10 rows=9 width=58) (actual time=956.115..12901.140 rows=342 loops=1)
         Buffers: shared hit=1273289 read=423228
         ->  Nested Loop  (cost=2571.69..716144.71 rows=9 width=18) (actual time=956.104..12898.288 rows=349 loops=1)
               Buffers: shared hit=1272605 read=423228
               ->  Nested Loop  (cost=2571.27..716027.25 rows=164 width=22) (actual time=946.635..12773.683 rows=4646 loops=1)
                     Buffers: shared hit=1255613 read=421960
                     ->  Nested Loop  (cost=2570.84..715010.66 rows=1528 width=26) (actual time=944.408..11591.734 rows=46210 loops=1)
                           Buffers: shared hit=1081354 read=411379
                           ->  Nested Loop  (cost=2570.55..712671.62 rows=9167 width=30) (actual time=943.043..11291.367 rows=259602 loops=1)
                                 Buffers: shared hit=1059766 read=411379
                                 ->  Hash Join  (cost=2570.12..706541.62 rows=9167 width=22) (actual time=942.979..5262.599 rows=264842 loops=1)
                                       Hash Cond: (catalog_returns.cr_returned_date_sk = date_dim.d_date_sk)
                                       Buffers: shared hit=21423 read=411314
                                       ->  Seq Scan on catalog_returns  (cost=0.00..647267.12 rows=21600412 width=26) (actual time=0.049..3472.444 rows=21598628 loops=1)
                                             Buffers: shared hit=21423 read=409840
                                       ->  Hash  (cost=2569.73..2569.73 rows=31 width=4) (actual time=27.041..27.042 rows=31 loops=1)
                                             Buckets: 1024  Batches: 1  Memory Usage: 10kB
                                             Buffers: shared read=1474
                                             ->  Seq Scan on date_dim  (cost=0.00..2569.73 rows=31 width=4) (actual time=13.597..27.020 rows=31 loops=1)
                                                   Filter: ((d_year = 2000) AND (d_moy = 3))
                                                   Rows Removed by Filter: 73018
                                                   Buffers: shared read=1474
                                 ->  Index Scan using customer_pkey on customer  (cost=0.43..0.67 rows=1 width=16) (actual time=0.022..0.022 rows=1 loops=264842)
                                       Index Cond: (c_customer_sk = catalog_returns.cr_returning_customer_sk)
                                       Buffers: shared hit=1038343 read=65
                           ->  Memoize  (cost=0.29..0.31 rows=1 width=4) (actual time=0.001..0.001 rows=0 loops=259602)
                                 Cache Key: customer.c_current_hdemo_sk
                                 Cache Mode: logical
                                 Hits: 252405  Misses: 7197  Evictions: 0  Overflows: 0  Memory Usage: 520kB
                                 Buffers: shared hit=21588
                                 ->  Index Scan using household_demographics_pkey on household_demographics  (cost=0.28..0.30 rows=1 width=4) (actual time=0.014..0.014 rows=0 loops=7197)
                                       Index Cond: (hd_demo_sk = customer.c_current_hdemo_sk)
                                       Filter: (hd_buy_potential ~~ '>10000%'::text)
                                       Rows Removed by Filter: 1
                                       Buffers: shared hit=21588
                     ->  Index Scan using customer_address_pkey on customer_address  (cost=0.42..0.67 rows=1 width=4) (actual time=0.025..0.025 rows=0 loops=46210)
                           Index Cond: (ca_address_sk = customer.c_current_addr_sk)
                           Filter: (ca_gmt_offset = '-7'::numeric)
                           Rows Removed by Filter: 1
                           Buffers: shared hit=174259 read=10581
               ->  Index Scan using customer_demographics_pkey on customer_demographics  (cost=0.43..0.72 rows=1 width=4) (actual time=0.026..0.026 rows=0 loops=4646)
                     Index Cond: (cd_demo_sk = customer.c_current_cdemo_sk)
                     Filter: (((cd_marital_status = 'M'::bpchar) AND (cd_education_status = 'Unknown'::bpchar)) OR ((cd_marital_status = 'W'::bpchar) AND (cd_education_status = 'Advanced Degree'::bpchar)))
                     Rows Removed by Filter: 1
                     Buffers: shared hit=16992 read=1268
         ->  Index Scan using call_center_pkey on call_center  (cost=0.14..0.16 rows=1 width=48) (actual time=0.006..0.006 rows=1 loops=349)
               Index Cond: (cc_call_center_sk = catalog_returns.cr_call_center_sk)
               Buffers: shared hit=684
 Planning:
   Buffers: shared hit=384 read=31
 Planning Time: 4.385 ms
 Execution Time: 12903.078 ms
(54 rows)

