                                                                                                     QUERY PLAN                                                                                                     
--------------------------------------------------------------------------------------------------------------------------------------------------------------------------------------------------------------------
 Aggregate  (cost=716164.96..716164.97 rows=1 width=136) (actual time=14259.344..14259.351 rows=1 loops=1)
   Buffers: shared hit=1442832 read=423965
   ->  Hash Join  (cost=2574.37..716164.39 rows=38 width=58) (actual time=2883.539..14253.858 rows=2763 loops=1)
         Hash Cond: (catalog_returns.cr_call_center_sk = call_center.cc_call_center_sk)
         Buffers: shared hit=1442832 read=423965
         ->  Nested Loop  (cost=2571.69..716161.60 rows=38 width=18) (actual time=2883.433..14251.667 rows=2790 loops=1)
               Buffers: shared hit=1442830 read=423965
               ->  Nested Loop  (cost=2571.27..716105.05 rows=85 width=22) (actual time=2883.404..14168.596 rows=3330 loops=1)
                     Buffers: shared hit=1429999 read=423476
                     ->  Nested Loop  (cost=2570.84..715010.66 rows=1528 width=26) (actual time=2872.875..13088.077 rows=42071 loops=1)
                           Buffers: shared hit=1280698 read=407401
                           ->  Nested Loop  (cost=2570.55..712671.62 rows=9167 width=30) (actual time=2866.966..12763.497 rows=308442 loops=1)
                                 Buffers: shared hit=1259104 read=407401
                                 ->  Hash Join  (cost=2570.12..706541.62 rows=9167 width=22) (actual time=2866.913..5392.114 rows=314722 loops=1)
                                       Hash Cond: (catalog_returns.cr_returned_date_sk = date_dim.d_date_sk)
                                       Buffers: shared hit=25610 read=407127
                                       ->  Seq Scan on catalog_returns  (cost=0.00..647267.12 rows=21600412 width=26) (actual time=0.027..3529.986 rows=21598628 loops=1)
                                             Buffers: shared hit=24136 read=407127
                                       ->  Hash  (cost=2569.73..2569.73 rows=31 width=4) (actual time=19.885..19.886 rows=31 loops=1)
                                             Buckets: 1024  Batches: 1  Memory Usage: 10kB
                                             Buffers: shared hit=1474
                                             ->  Seq Scan on date_dim  (cost=0.00..2569.73 rows=31 width=4) (actual time=10.822..19.865 rows=31 loops=1)
                                                   Filter: ((d_year = 2002) AND (d_moy = 10))
                                                   Rows Removed by Filter: 73018
                                                   Buffers: shared hit=1474
                                 ->  Index Scan using customer_pkey on customer  (cost=0.43..0.67 rows=1 width=16) (actual time=0.023..0.023 rows=1 loops=314722)
                                       Index Cond: (c_customer_sk = catalog_returns.cr_returning_customer_sk)
                                       Buffers: shared hit=1233494 read=274
                           ->  Memoize  (cost=0.29..0.31 rows=1 width=4) (actual time=0.001..0.001 rows=0 loops=308442)
                                 Cache Key: customer.c_current_hdemo_sk
                                 Cache Mode: logical
                                 Hits: 301243  Misses: 7199  Evictions: 0  Overflows: 0  Memory Usage: 521kB
                                 Buffers: shared hit=21594
                                 ->  Index Scan using household_demographics_pkey on household_demographics  (cost=0.28..0.30 rows=1 width=4) (actual time=0.013..0.013 rows=0 loops=7199)
                                       Index Cond: (hd_demo_sk = customer.c_current_hdemo_sk)
                                       Filter: (hd_buy_potential ~~ '1001-5000%'::text)
                                       Rows Removed by Filter: 1
                                       Buffers: shared hit=21594
                     ->  Index Scan using customer_demographics_pkey on customer_demographics  (cost=0.43..0.72 rows=1 width=4) (actual time=0.025..0.025 rows=0 loops=42071)
                           Index Cond: (cd_demo_sk = customer.c_current_cdemo_sk)
                           Filter: (((cd_marital_status = 'M'::bpchar) AND (cd_education_status = 'Unknown'::bpchar)) OR ((cd_marital_status = 'W'::bpchar) AND (cd_education_status = 'Advanced Degree'::bpchar)))
                           Rows Removed by Filter: 1
                           Buffers: shared hit=149301 read=16075
               ->  Index Scan using customer_address_pkey on customer_address  (cost=0.42..0.67 rows=1 width=4) (actual time=0.024..0.024 rows=1 loops=3330)
                     Index Cond: (ca_address_sk = customer.c_current_addr_sk)
                     Filter: (ca_gmt_offset = '-6'::numeric)
                     Rows Removed by Filter: 0
                     Buffers: shared hit=12831 read=489
         ->  Hash  (cost=2.30..2.30 rows=30 width=48) (actual time=0.078..0.078 rows=30 loops=1)
               Buckets: 1024  Batches: 1  Memory Usage: 11kB
               Buffers: shared hit=2
               ->  Seq Scan on call_center  (cost=0.00..2.30 rows=30 width=48) (actual time=0.030..0.051 rows=30 loops=1)
                     Buffers: shared hit=2
 Planning:
   Buffers: shared hit=415
 Planning Time: 4.391 ms
 Execution Time: 14260.170 ms
(57 rows)

