                                                                                                     QUERY PLAN                                                                                                     
--------------------------------------------------------------------------------------------------------------------------------------------------------------------------------------------------------------------
 Aggregate  (cost=716164.96..716164.97 rows=1 width=136) (actual time=14504.518..14504.525 rows=1 loops=1)
   Buffers: shared hit=1474381 read=419540
   ->  Hash Join  (cost=2574.37..716164.39 rows=38 width=58) (actual time=2946.128..14502.737 rows=590 loops=1)
         Hash Cond: (catalog_returns.cr_call_center_sk = call_center.cc_call_center_sk)
         Buffers: shared hit=1474381 read=419540
         ->  Nested Loop  (cost=2571.69..716161.60 rows=38 width=18) (actual time=2943.545..14501.976 rows=595 loops=1)
               Buffers: shared hit=1474379 read=419540
               ->  Nested Loop  (cost=2571.27..716105.05 rows=85 width=22) (actual time=2916.273..14393.394 rows=3537 loops=1)
                     Buffers: shared hit=1461159 read=418612
                     ->  Nested Loop  (cost=2570.84..715010.66 rows=1528 width=26) (actual time=2916.223..13162.468 rows=48795 loops=1)
                           Buffers: shared hit=1279478 read=408621
                           ->  Nested Loop  (cost=2570.55..712671.62 rows=9167 width=30) (actual time=2905.734..12823.958 rows=308442 loops=1)
                                 Buffers: shared hit=1257884 read=408621
                                 ->  Hash Join  (cost=2570.12..706541.62 rows=9167 width=22) (actual time=2905.671..5419.882 rows=314722 loops=1)
                                       Hash Cond: (catalog_returns.cr_returned_date_sk = date_dim.d_date_sk)
                                       Buffers: shared hit=24337 read=408400
                                       ->  Seq Scan on catalog_returns  (cost=0.00..647267.12 rows=21600412 width=26) (actual time=0.024..3575.454 rows=21598628 loops=1)
                                             Buffers: shared hit=24337 read=406926
                                       ->  Hash  (cost=2569.73..2569.73 rows=31 width=4) (actual time=23.311..23.312 rows=31 loops=1)
                                             Buckets: 1024  Batches: 1  Memory Usage: 10kB
                                             Buffers: shared read=1474
                                             ->  Seq Scan on date_dim  (cost=0.00..2569.73 rows=31 width=4) (actual time=11.786..23.298 rows=31 loops=1)
                                                   Filter: ((d_year = 2002) AND (d_moy = 10))
                                                   Rows Removed by Filter: 73018
                                                   Buffers: shared read=1474
                                 ->  Index Scan using customer_pkey on customer  (cost=0.43..0.67 rows=1 width=16) (actual time=0.023..0.023 rows=1 loops=314722)
                                       Index Cond: (c_customer_sk = catalog_returns.cr_returning_customer_sk)
                                       Buffers: shared hit=1233547 read=221
                           ->  Memoize  (cost=0.29..0.31 rows=1 width=4) (actual time=0.001..0.001 rows=0 loops=308442)
                                 Cache Key: customer.c_current_hdemo_sk
                                 Cache Mode: logical
                                 Hits: 301243  Misses: 7199  Evictions: 0  Overflows: 0  Memory Usage: 521kB
                                 Buffers: shared hit=21594
                                 ->  Index Scan using household_demographics_pkey on household_demographics  (cost=0.28..0.30 rows=1 width=4) (actual time=0.014..0.014 rows=0 loops=7199)
                                       Index Cond: (hd_demo_sk = customer.c_current_hdemo_sk)
                                       Filter: (hd_buy_potential ~~ '5001-10000%'::text)
                                       Rows Removed by Filter: 1
                                       Buffers: shared hit=21594
                     ->  Index Scan using customer_demographics_pkey on customer_demographics  (cost=0.43..0.72 rows=1 width=4) (actual time=0.025..0.025 rows=0 loops=48795)
                           Index Cond: (cd_demo_sk = customer.c_current_cdemo_sk)
                           Filter: (((cd_marital_status = 'M'::bpchar) AND (cd_education_status = 'Unknown'::bpchar)) OR ((cd_marital_status = 'W'::bpchar) AND (cd_education_status = 'Advanced Degree'::bpchar)))
                           Rows Removed by Filter: 1
                           Buffers: shared hit=181681 read=9991
               ->  Index Scan using customer_address_pkey on customer_address  (cost=0.42..0.67 rows=1 width=4) (actual time=0.030..0.030 rows=0 loops=3537)
                     Index Cond: (ca_address_sk = customer.c_current_addr_sk)
                     Filter: (ca_gmt_offset = '-6'::numeric)
                     Rows Removed by Filter: 1
                     Buffers: shared hit=13220 read=928
         ->  Hash  (cost=2.30..2.30 rows=30 width=48) (actual time=0.043..0.044 rows=30 loops=1)
               Buckets: 1024  Batches: 1  Memory Usage: 11kB
               Buffers: shared hit=2
               ->  Seq Scan on call_center  (cost=0.00..2.30 rows=30 width=48) (actual time=0.016..0.028 rows=30 loops=1)
                     Buffers: shared hit=2
 Planning:
   Buffers: shared hit=384 read=31
 Planning Time: 1.997 ms
 Execution Time: 14504.915 ms
(57 rows)

