                                                                                                     QUERY PLAN                                                                                                     
--------------------------------------------------------------------------------------------------------------------------------------------------------------------------------------------------------------------
 Aggregate  (cost=715679.29..715679.30 rows=1 width=136) (actual time=10418.182..10418.189 rows=1 loops=1)
   Buffers: shared hit=925267 read=410948
   ->  Hash Join  (cost=2574.34..715678.77 rows=35 width=58) (actual time=10418.177..10418.183 rows=0 loops=1)
         Hash Cond: (catalog_returns.cr_call_center_sk = call_center.cc_call_center_sk)
         Buffers: shared hit=925267 read=410948
         ->  Nested Loop  (cost=2571.67..715675.99 rows=35 width=18) (actual time=10418.078..10418.083 rows=0 loops=1)
               Buffers: shared hit=925265 read=410948
               ->  Nested Loop  (cost=2571.24..715623.43 rows=79 width=22) (actual time=118.196..10394.788 rows=717 loops=1)
                     Buffers: shared hit=922596 read=410749
                     ->  Nested Loop  (cost=2570.82..714599.95 rows=1429 width=26) (actual time=78.797..9632.392 rows=31356 loops=1)
                           Buffers: shared hit=803765 read=406392
                           ->  Nested Loop  (cost=2570.52..712275.72 rows=8575 width=30) (actual time=74.651..9393.894 rows=188961 loops=1)
                                 Buffers: shared hit=782189 read=406392
                                 ->  Hash Join  (cost=2570.10..706541.59 rows=8575 width=22) (actual time=74.594..5086.649 rows=192746 loops=1)
                                       Hash Cond: (catalog_returns.cr_returned_date_sk = date_dim.d_date_sk)
                                       Buffers: shared hit=27321 read=405416
                                       ->  Seq Scan on catalog_returns  (cost=0.00..647267.12 rows=21600412 width=26) (actual time=0.026..3355.557 rows=21598628 loops=1)
                                             Buffers: shared hit=25847 read=405416
                                       ->  Hash  (cost=2569.73..2569.73 rows=29 width=4) (actual time=20.052..20.053 rows=30 loops=1)
                                             Buckets: 1024  Batches: 1  Memory Usage: 10kB
                                             Buffers: shared hit=1474
                                             ->  Seq Scan on date_dim  (cost=0.00..2569.73 rows=29 width=4) (actual time=10.674..20.036 rows=30 loops=1)
                                                   Filter: ((d_year = 1998) AND (d_moy = 11))
                                                   Rows Removed by Filter: 73019
                                                   Buffers: shared hit=1474
                                 ->  Index Scan using customer_pkey on customer  (cost=0.43..0.67 rows=1 width=16) (actual time=0.022..0.022 rows=1 loops=192746)
                                       Index Cond: (c_customer_sk = catalog_returns.cr_returning_customer_sk)
                                       Buffers: shared hit=754868 read=976
                           ->  Memoize  (cost=0.29..0.31 rows=1 width=4) (actual time=0.001..0.001 rows=0 loops=188961)
                                 Cache Key: customer.c_current_hdemo_sk
                                 Cache Mode: logical
                                 Hits: 181768  Misses: 7193  Evictions: 0  Overflows: 0  Memory Usage: 520kB
                                 Buffers: shared hit=21576
                                 ->  Index Scan using household_demographics_pkey on household_demographics  (cost=0.28..0.30 rows=1 width=4) (actual time=0.014..0.014 rows=0 loops=7193)
                                       Index Cond: (hd_demo_sk = customer.c_current_hdemo_sk)
                                       Filter: (hd_buy_potential ~~ '501-1000%'::text)
                                       Rows Removed by Filter: 1
                                       Buffers: shared hit=21576
                     ->  Index Scan using customer_demographics_pkey on customer_demographics  (cost=0.43..0.72 rows=1 width=4) (actual time=0.024..0.024 rows=0 loops=31356)
                           Index Cond: (cd_demo_sk = customer.c_current_cdemo_sk)
                           Filter: (((cd_marital_status = 'M'::bpchar) AND (cd_education_status = 'Unknown'::bpchar)) OR ((cd_marital_status = 'W'::bpchar) AND (cd_education_status = 'Advanced Degree'::bpchar)))
                           Rows Removed by Filter: 1
                           Buffers: shared hit=118831 read=4357
               ->  Index Scan using customer_address_pkey on customer_address  (cost=0.42..0.67 rows=1 width=4) (actual time=0.032..0.032 rows=0 loops=717)
                     Index Cond: (ca_address_sk = customer.c_current_addr_sk)
                     Filter: (ca_gmt_offset = '-6'::numeric)
                     Rows Removed by Filter: 1
                     Buffers: shared hit=2669 read=199
         ->  Hash  (cost=2.30..2.30 rows=30 width=48) (actual time=0.072..0.073 rows=30 loops=1)
               Buckets: 1024  Batches: 1  Memory Usage: 11kB
               Buffers: shared hit=2
               ->  Seq Scan on call_center  (cost=0.00..2.30 rows=30 width=48) (actual time=0.028..0.048 rows=30 loops=1)
                     Buffers: shared hit=2
 Planning:
   Buffers: shared hit=415
 Planning Time: 4.329 ms
 Execution Time: 10418.973 ms
(57 rows)

