                                                                                                     QUERY PLAN                                                                                                     
--------------------------------------------------------------------------------------------------------------------------------------------------------------------------------------------------------------------
 Aggregate  (cost=715921.76..715921.77 rows=1 width=136) (actual time=16004.323..16004.330 rows=1 loops=1)
   Buffers: shared hit=1723360 read=419428
   ->  Hash Join  (cost=2574.36..715921.22 rows=36 width=58) (actual time=2554.348..15994.795 rows=5166 loops=1)
         Hash Cond: (catalog_returns.cr_call_center_sk = call_center.cc_call_center_sk)
         Buffers: shared hit=1723360 read=419428
         ->  Nested Loop  (cost=2571.68..715918.44 rows=36 width=18) (actual time=2554.243..15991.052 rows=5215 loops=1)
               Buffers: shared hit=1723358 read=419428
               ->  Nested Loop  (cost=2571.26..715863.88 rows=82 width=22) (actual time=2554.209..15807.884 rows=6635 loops=1)
                     Buffers: shared hit=1699436 read=416810
                     ->  Nested Loop  (cost=2570.83..714805.30 rows=1478 width=26) (actual time=2547.062..14326.773 rows=61036 loops=1)
                           Buffers: shared hit=1466658 read=409780
                           ->  Nested Loop  (cost=2570.54..712473.67 rows=8871 width=30) (actual time=2544.400..13947.224 rows=355526 loops=1)
                                 Buffers: shared hit=1445061 read=409780
                                 ->  Hash Join  (cost=2570.11..706541.60 rows=8871 width=22) (actual time=2544.332..5548.624 rows=362762 loops=1)
                                       Hash Cond: (catalog_returns.cr_returned_date_sk = date_dim.d_date_sk)
                                       Buffers: shared hit=24559 read=408178
                                       ->  Seq Scan on catalog_returns  (cost=0.00..647267.12 rows=21600412 width=26) (actual time=0.028..3647.567 rows=21598628 loops=1)
                                             Buffers: shared hit=23085 read=408178
                                       ->  Hash  (cost=2569.73..2569.73 rows=30 width=4) (actual time=18.513..18.514 rows=31 loops=1)
                                             Buckets: 1024  Batches: 1  Memory Usage: 10kB
                                             Buffers: shared hit=1474
                                             ->  Seq Scan on date_dim  (cost=0.00..2569.73 rows=30 width=4) (actual time=10.709..18.496 rows=31 loops=1)
                                                   Filter: ((d_year = 2002) AND (d_moy = 5))
                                                   Rows Removed by Filter: 73018
                                                   Buffers: shared hit=1474
                                 ->  Index Scan using customer_pkey on customer  (cost=0.43..0.67 rows=1 width=16) (actual time=0.023..0.023 rows=1 loops=362762)
                                       Index Cond: (c_customer_sk = catalog_returns.cr_returning_customer_sk)
                                       Buffers: shared hit=1420502 read=1602
                           ->  Memoize  (cost=0.29..0.31 rows=1 width=4) (actual time=0.001..0.001 rows=0 loops=355526)
                                 Cache Key: customer.c_current_hdemo_sk
                                 Cache Mode: logical
                                 Hits: 348326  Misses: 7200  Evictions: 0  Overflows: 0  Memory Usage: 521kB
                                 Buffers: shared hit=21597
                                 ->  Index Scan using household_demographics_pkey on household_demographics  (cost=0.28..0.30 rows=1 width=4) (actual time=0.015..0.015 rows=0 loops=7200)
                                       Index Cond: (hd_demo_sk = customer.c_current_hdemo_sk)
                                       Filter: (hd_buy_potential ~~ 'Unknown%'::text)
                                       Rows Removed by Filter: 1
                                       Buffers: shared hit=21597
                     ->  Index Scan using customer_demographics_pkey on customer_demographics  (cost=0.43..0.72 rows=1 width=4) (actual time=0.024..0.024 rows=0 loops=61036)
                           Index Cond: (cd_demo_sk = customer.c_current_cdemo_sk)
                           Filter: (((cd_marital_status = 'M'::bpchar) AND (cd_education_status = 'Unknown'::bpchar)) OR ((cd_marital_status = 'W'::bpchar) AND (cd_education_status = 'Advanced Degree'::bpchar)))
                           Rows Removed by Filter: 1
                           Buffers: shared hit=232778 read=7030
               ->  Index Scan using customer_address_pkey on customer_address  (cost=0.42..0.67 rows=1 width=4) (actual time=0.027..0.027 rows=1 loops=6635)
                     Index Cond: (ca_address_sk = customer.c_current_addr_sk)
                     Filter: (ca_gmt_offset = '-6'::numeric)
                     Rows Removed by Filter: 0
                     Buffers: shared hit=23922 read=2618
         ->  Hash  (cost=2.30..2.30 rows=30 width=48) (actual time=0.078..0.078 rows=30 loops=1)
               Buckets: 1024  Batches: 1  Memory Usage: 11kB
               Buffers: shared hit=2
               ->  Seq Scan on call_center  (cost=0.00..2.30 rows=30 width=48) (actual time=0.029..0.051 rows=30 loops=1)
                     Buffers: shared hit=2
 Planning:
   Buffers: shared hit=415
 Planning Time: 4.428 ms
 Execution Time: 16005.162 ms
(57 rows)

