                                                                                                  QUERY PLAN                                                                                                  
--------------------------------------------------------------------------------------------------------------------------------------------------------------------------------------------------------------
 Aggregate  (cost=715903.32..715903.33 rows=1 width=136) (actual time=12177.326..12177.332 rows=1 loops=1)
   Buffers: shared hit=1118295 read=428623
   ->  Nested Loop  (cost=2571.82..715903.18 rows=9 width=58) (actual time=12177.322..12177.327 rows=0 loops=1)
         Buffers: shared hit=1118295 read=428623
         ->  Nested Loop  (cost=2571.68..715901.79 rows=9 width=18) (actual time=12177.322..12177.326 rows=0 loops=1)
               Buffers: shared hit=1118295 read=428623
               ->  Nested Loop  (cost=2571.25..715788.62 rows=158 width=22) (actual time=822.167..12078.640 rows=3524 loops=1)
                     Buffers: shared hit=1104731 read=428307
                     ->  Nested Loop  (cost=2570.83..714805.30 rows=1478 width=26) (actual time=814.749..11276.391 rows=32250 loops=1)
                           Buffers: shared hit=989884 read=414154
                           ->  Nested Loop  (cost=2570.54..712473.67 rows=8871 width=30) (actual time=810.135..10989.870 rows=237429 loops=1)
                                 Buffers: shared hit=968299 read=414154
                                 ->  Hash Join  (cost=2570.11..706541.60 rows=8871 width=22) (actual time=810.079..5374.620 rows=242285 loops=1)
                                       Hash Cond: (catalog_returns.cr_returned_date_sk = date_dim.d_date_sk)
                                       Buffers: shared hit=19252 read=413485
                                       ->  Seq Scan on catalog_returns  (cost=0.00..647267.12 rows=21600412 width=26) (actual time=0.513..3576.573 rows=21598628 loops=1)
                                             Buffers: shared hit=17778 read=413485
                                       ->  Hash  (cost=2569.73..2569.73 rows=30 width=4) (actual time=23.820..23.821 rows=31 loops=1)
                                             Buckets: 1024  Batches: 1  Memory Usage: 10kB
                                             Buffers: shared hit=1474
                                             ->  Seq Scan on date_dim  (cost=0.00..2569.73 rows=30 width=4) (actual time=9.715..23.805 rows=31 loops=1)
                                                   Filter: ((d_year = 1999) AND (d_moy = 12))
                                                   Rows Removed by Filter: 73018
                                                   Buffers: shared hit=1474
                                 ->  Index Scan using customer_pkey on customer  (cost=0.43..0.67 rows=1 width=16) (actual time=0.023..0.023 rows=1 loops=242285)
                                       Index Cond: (c_customer_sk = catalog_returns.cr_returning_customer_sk)
                                       Buffers: shared hit=949047 read=669
                           ->  Memoize  (cost=0.29..0.31 rows=1 width=4) (actual time=0.001..0.001 rows=0 loops=237429)
                                 Cache Key: customer.c_current_hdemo_sk
                                 Cache Mode: logical
                                 Hits: 230233  Misses: 7196  Evictions: 0  Overflows: 0  Memory Usage: 521kB
                                 Buffers: shared hit=21585
                                 ->  Index Scan using household_demographics_pkey on household_demographics  (cost=0.28..0.30 rows=1 width=4) (actual time=0.015..0.015 rows=0 loops=7196)
                                       Index Cond: (hd_demo_sk = customer.c_current_hdemo_sk)
                                       Filter: (hd_buy_potential ~~ '1001-5000%'::text)
                                       Rows Removed by Filter: 1
                                       Buffers: shared hit=21585
                     ->  Index Scan using customer_address_pkey on customer_address  (cost=0.42..0.67 rows=1 width=4) (actual time=0.024..0.024 rows=0 loops=32250)
                           Index Cond: (ca_address_sk = customer.c_current_addr_sk)
                           Filter: (ca_gmt_offset = '-7'::numeric)
                           Rows Removed by Filter: 1
                           Buffers: shared hit=114847 read=14153
               ->  Index Scan using customer_demographics_pkey on customer_demographics  (cost=0.43..0.72 rows=1 width=4) (actual time=0.028..0.028 rows=0 loops=3524)
                     Index Cond: (cd_demo_sk = customer.c_current_cdemo_sk)
                     Filter: (((cd_marital_status = 'M'::bpchar) AND (cd_education_status = 'Unknown'::bpchar)) OR ((cd_marital_status = 'W'::bpchar) AND (cd_education_status = 'Advanced Degree'::bpchar)))
                     Rows Removed by Filter: 1
                     Buffers: shared hit=13564 read=316
         ->  Index Scan using call_center_pkey on call_center  (cost=0.14..0.16 rows=1 width=48) (never executed)
               Index Cond: (cc_call_center_sk = catalog_returns.cr_call_center_sk)
 Planning:
   Buffers: shared hit=415
 Planning Time: 4.663 ms
 Execution Time: 12177.934 ms
(53 rows)

