                                                                                                  QUERY PLAN                                                                                                  
--------------------------------------------------------------------------------------------------------------------------------------------------------------------------------------------------------------
 Aggregate  (cost=715903.32..715903.33 rows=1 width=136) (actual time=11888.045..11888.052 rows=1 loops=1)
   Buffers: shared hit=1106012 read=422241
   ->  Nested Loop  (cost=2571.82..715903.18 rows=9 width=58) (actual time=11888.041..11888.047 rows=0 loops=1)
         Buffers: shared hit=1106012 read=422241
         ->  Nested Loop  (cost=2571.68..715901.79 rows=9 width=18) (actual time=11888.040..11888.046 rows=0 loops=1)
               Buffers: shared hit=1106012 read=422241
               ->  Nested Loop  (cost=2571.25..715788.62 rows=158 width=22) (actual time=1098.515..11794.242 rows=3530 loops=1)
                     Buffers: shared hit=1092580 read=421833
                     ->  Nested Loop  (cost=2570.83..714805.30 rows=1478 width=26) (actual time=1091.108..10957.356 rows=32111 loops=1)
                           Buffers: shared hit=976168 read=409801
                           ->  Nested Loop  (cost=2570.54..712473.67 rows=8871 width=30) (actual time=1087.763..10692.395 rows=232914 loops=1)
                                 Buffers: shared hit=954592 read=409801
                                 ->  Hash Join  (cost=2570.11..706541.60 rows=8871 width=22) (actual time=1087.725..5333.005 rows=237520 loops=1)
                                       Hash Cond: (catalog_returns.cr_returned_date_sk = date_dim.d_date_sk)
                                       Buffers: shared hit=23232 read=409505
                                       ->  Seq Scan on catalog_returns  (cost=0.00..647267.12 rows=21600412 width=26) (actual time=0.336..3544.783 rows=21598628 loops=1)
                                             Buffers: shared hit=21758 read=409505
                                       ->  Hash  (cost=2569.73..2569.73 rows=30 width=4) (actual time=26.224..26.225 rows=30 loops=1)
                                             Buckets: 1024  Batches: 1  Memory Usage: 10kB
                                             Buffers: shared hit=1474
                                             ->  Seq Scan on date_dim  (cost=0.00..2569.73 rows=30 width=4) (actual time=15.419..26.210 rows=30 loops=1)
                                                   Filter: ((d_year = 2000) AND (d_moy = 6))
                                                   Rows Removed by Filter: 73019
                                                   Buffers: shared hit=1474
                                 ->  Index Scan using customer_pkey on customer  (cost=0.43..0.67 rows=1 width=16) (actual time=0.022..0.022 rows=1 loops=237520)
                                       Index Cond: (c_customer_sk = catalog_returns.cr_returning_customer_sk)
                                       Buffers: shared hit=931360 read=296
                           ->  Memoize  (cost=0.29..0.31 rows=1 width=4) (actual time=0.001..0.001 rows=0 loops=232914)
                                 Cache Key: customer.c_current_hdemo_sk
                                 Cache Mode: logical
                                 Hits: 225721  Misses: 7193  Evictions: 0  Overflows: 0  Memory Usage: 520kB
                                 Buffers: shared hit=21576
                                 ->  Index Scan using household_demographics_pkey on household_demographics  (cost=0.28..0.30 rows=1 width=4) (actual time=0.013..0.013 rows=0 loops=7193)
                                       Index Cond: (hd_demo_sk = customer.c_current_hdemo_sk)
                                       Filter: (hd_buy_potential ~~ '1001-5000%'::text)
                                       Rows Removed by Filter: 1
                                       Buffers: shared hit=21576
                     ->  Index Scan using customer_address_pkey on customer_address  (cost=0.42..0.67 rows=1 width=4) (actual time=0.026..0.026 rows=0 loops=32111)
                           Index Cond: (ca_address_sk = customer.c_current_addr_sk)
                           Filter: (ca_gmt_offset = '-7'::numeric)
                           Rows Removed by Filter: 1
                           Buffers: shared hit=116412 read=12032
               ->  Index Scan using customer_demographics_pkey on customer_demographics  (cost=0.43..0.72 rows=1 width=4) (actual time=0.026..0.026 rows=0 loops=3530)
                     Index Cond: (cd_demo_sk = customer.c_current_cdemo_sk)
                     Filter: (((cd_marital_status = 'M'::bpchar) AND (cd_education_status = 'Unknown'::bpchar)) OR ((cd_marital_status = 'W'::bpchar) AND (cd_education_status = 'Advanced Degree'::bpchar)))
                     Rows Removed by Filter: 1
                     Buffers: shared hit=13432 read=408
         ->  Index Scan using call_center_pkey on call_center  (cost=0.14..0.16 rows=1 width=48) (never executed)
               Index Cond: (cc_call_center_sk = catalog_returns.cr_call_center_sk)
 Planning:
   Buffers: shared hit=415
 Planning Time: 5.030 ms
 Execution Time: 11888.884 ms
(53 rows)

