                                                                                                  QUERY PLAN                                                                                                  
--------------------------------------------------------------------------------------------------------------------------------------------------------------------------------------------------------------
 Aggregate  (cost=715903.32..715903.33 rows=1 width=136) (actual time=13632.076..13632.083 rows=1 loops=1)
   Buffers: shared hit=1332395 read=427363
   ->  Nested Loop  (cost=2571.82..715903.18 rows=9 width=58) (actual time=457.356..13630.004 rows=715 loops=1)
         Buffers: shared hit=1332395 read=427363
         ->  Nested Loop  (cost=2571.68..715901.79 rows=9 width=18) (actual time=457.345..13621.540 rows=727 loops=1)
               Buffers: shared hit=1330965 read=427363
               ->  Nested Loop  (cost=2571.25..715788.62 rows=158 width=22) (actual time=457.313..13473.445 rows=5588 loops=1)
                     Buffers: shared hit=1310183 read=426161
                     ->  Nested Loop  (cost=2570.83..714805.30 rows=1478 width=26) (actual time=444.667..12389.854 rows=42447 loops=1)
                           Buffers: shared hit=1151775 read=414781
                           ->  Nested Loop  (cost=2570.54..712473.67 rows=8871 width=30) (actual time=442.939..12056.270 rows=278057 loops=1)
                                 Buffers: shared hit=1130184 read=414781
                                 ->  Hash Join  (cost=2570.11..706541.60 rows=8871 width=22) (actual time=442.897..5474.996 rows=283720 loops=1)
                                       Hash Cond: (catalog_returns.cr_returned_date_sk = date_dim.d_date_sk)
                                       Buffers: shared hit=18221 read=414516
                                       ->  Seq Scan on catalog_returns  (cost=0.00..647267.12 rows=21600412 width=26) (actual time=0.041..3605.250 rows=21598628 loops=1)
                                             Buffers: shared hit=18221 read=413042
                                       ->  Hash  (cost=2569.73..2569.73 rows=30 width=4) (actual time=22.765..22.766 rows=31 loops=1)
                                             Buckets: 1024  Batches: 1  Memory Usage: 10kB
                                             Buffers: shared read=1474
                                             ->  Seq Scan on date_dim  (cost=0.00..2569.73 rows=30 width=4) (actual time=13.383..22.747 rows=31 loops=1)
                                                   Filter: ((d_year = 1999) AND (d_moy = 5))
                                                   Rows Removed by Filter: 73018
                                                   Buffers: shared read=1474
                                 ->  Index Scan using customer_pkey on customer  (cost=0.43..0.67 rows=1 width=16) (actual time=0.023..0.023 rows=1 loops=283720)
                                       Index Cond: (c_customer_sk = catalog_returns.cr_returning_customer_sk)
                                       Buffers: shared hit=1111963 read=265
                           ->  Memoize  (cost=0.29..0.31 rows=1 width=4) (actual time=0.001..0.001 rows=0 loops=278057)
                                 Cache Key: customer.c_current_hdemo_sk
                                 Cache Mode: logical
                                 Hits: 270859  Misses: 7198  Evictions: 0  Overflows: 0  Memory Usage: 521kB
                                 Buffers: shared hit=21591
                                 ->  Index Scan using household_demographics_pkey on household_demographics  (cost=0.28..0.30 rows=1 width=4) (actual time=0.017..0.017 rows=0 loops=7198)
                                       Index Cond: (hd_demo_sk = customer.c_current_hdemo_sk)
                                       Filter: (hd_buy_potential ~~ '0-500%'::text)
                                       Rows Removed by Filter: 1
                                       Buffers: shared hit=21591
                     ->  Index Scan using customer_address_pkey on customer_address  (cost=0.42..0.67 rows=1 width=4) (actual time=0.025..0.025 rows=0 loops=42447)
                           Index Cond: (ca_address_sk = customer.c_current_addr_sk)
                           Filter: (ca_gmt_offset = '-7'::numeric)
                           Rows Removed by Filter: 1
                           Buffers: shared hit=158408 read=11380
               ->  Index Scan using customer_demographics_pkey on customer_demographics  (cost=0.43..0.72 rows=1 width=4) (actual time=0.026..0.026 rows=0 loops=5588)
                     Index Cond: (cd_demo_sk = customer.c_current_cdemo_sk)
                     Filter: (((cd_marital_status = 'M'::bpchar) AND (cd_education_status = 'Unknown'::bpchar)) OR ((cd_marital_status = 'W'::bpchar) AND (cd_education_status = 'Advanced Degree'::bpchar)))
                     Rows Removed by Filter: 1
                     Buffers: shared hit=20782 read=1202
         ->  Index Scan using call_center_pkey on call_center  (cost=0.14..0.16 rows=1 width=48) (actual time=0.010..0.010 rows=1 loops=727)
               Index Cond: (cc_call_center_sk = catalog_returns.cr_call_center_sk)
               Buffers: shared hit=1430
 Planning:
   Buffers: shared hit=384 read=31
 Planning Time: 5.184 ms
 Execution Time: 13632.720 ms
(54 rows)

