                                                                                                  QUERY PLAN                                                                                                  
--------------------------------------------------------------------------------------------------------------------------------------------------------------------------------------------------------------
 Aggregate  (cost=715420.76..715420.77 rows=1 width=136) (actual time=13599.027..13599.034 rows=1 loops=1)
   Buffers: shared hit=1356235 read=409708
   ->  Nested Loop  (cost=2571.79..715420.64 rows=8 width=58) (actual time=1662.165..13597.056 rows=715 loops=1)
         Buffers: shared hit=1356235 read=409708
         ->  Nested Loop  (cost=2571.66..715419.40 rows=8 width=18) (actual time=1662.149..13582.206 rows=724 loops=1)
               Buffers: shared hit=1354805 read=409708
               ->  Nested Loop  (cost=2571.23..715313.40 rows=148 width=22) (actual time=1618.017..13451.282 rows=4899 loops=1)
                     Buffers: shared hit=1339688 read=405525
                     ->  Nested Loop  (cost=2570.80..714395.28 rows=1380 width=26) (actual time=1617.995..12363.580 rows=44288 loops=1)
                           Buffers: shared hit=1168297 read=399764
                           ->  Nested Loop  (cost=2570.51..712078.44 rows=8280 width=30) (actual time=1616.527..12033.402 rows=278431 loops=1)
                                 Buffers: shared hit=1146697 read=399764
                                 ->  Hash Join  (cost=2570.08..706541.58 rows=8280 width=22) (actual time=1616.482..5438.123 rows=283886 loops=1)
                                       Hash Cond: (catalog_returns.cr_returned_date_sk = date_dim.d_date_sk)
                                       Buffers: shared hit=33320 read=399417
                                       ->  Seq Scan on catalog_returns  (cost=0.00..647267.12 rows=21600412 width=26) (actual time=0.041..3574.705 rows=21598628 loops=1)
                                             Buffers: shared hit=31846 read=399417
                                       ->  Hash  (cost=2569.73..2569.73 rows=28 width=4) (actual time=24.261..24.262 rows=28 loops=1)
                                             Buckets: 1024  Batches: 1  Memory Usage: 9kB
                                             Buffers: shared hit=1474
                                             ->  Seq Scan on date_dim  (cost=0.00..2569.73 rows=28 width=4) (actual time=9.824..24.247 rows=28 loops=1)
                                                   Filter: ((d_year = 2001) AND (d_moy = 2))
                                                   Rows Removed by Filter: 73021
                                                   Buffers: shared hit=1474
                                 ->  Index Scan using customer_pkey on customer  (cost=0.43..0.67 rows=1 width=16) (actual time=0.023..0.023 rows=1 loops=283886)
                                       Index Cond: (c_customer_sk = catalog_returns.cr_returning_customer_sk)
                                       Buffers: shared hit=1113377 read=347
                           ->  Memoize  (cost=0.29..0.31 rows=1 width=4) (actual time=0.001..0.001 rows=0 loops=278431)
                                 Cache Key: customer.c_current_hdemo_sk
                                 Cache Mode: logical
                                 Hits: 271230  Misses: 7201  Evictions: 0  Overflows: 0  Memory Usage: 521kB
                                 Buffers: shared hit=21600
                                 ->  Index Scan using household_demographics_pkey on household_demographics  (cost=0.28..0.30 rows=1 width=4) (actual time=0.016..0.016 rows=0 loops=7201)
                                       Index Cond: (hd_demo_sk = customer.c_current_hdemo_sk)
                                       Filter: (hd_buy_potential ~~ '5001-10000%'::text)
                                       Rows Removed by Filter: 1
                                       Buffers: shared hit=21600
                     ->  Index Scan using customer_address_pkey on customer_address  (cost=0.42..0.67 rows=1 width=4) (actual time=0.024..0.024 rows=0 loops=44288)
                           Index Cond: (ca_address_sk = customer.c_current_addr_sk)
                           Filter: (ca_gmt_offset = '-7'::numeric)
                           Rows Removed by Filter: 1
                           Buffers: shared hit=171391 read=5761
               ->  Index Scan using customer_demographics_pkey on customer_demographics  (cost=0.43..0.72 rows=1 width=4) (actual time=0.026..0.026 rows=0 loops=4899)
                     Index Cond: (cd_demo_sk = customer.c_current_cdemo_sk)
                     Filter: (((cd_marital_status = 'M'::bpchar) AND (cd_education_status = 'Unknown'::bpchar)) OR ((cd_marital_status = 'W'::bpchar) AND (cd_education_status = 'Advanced Degree'::bpchar)))
                     Rows Removed by Filter: 1
                     Buffers: shared hit=15117 read=4183
         ->  Index Scan using call_center_pkey on call_center  (cost=0.14..0.16 rows=1 width=48) (actual time=0.019..0.019 rows=1 loops=724)
               Index Cond: (cc_call_center_sk = catalog_returns.cr_call_center_sk)
               Buffers: shared hit=1430
 Planning:
   Buffers: shared hit=415
 Planning Time: 3.427 ms
 Execution Time: 13599.697 ms
(54 rows)

