                                                                                                     QUERY PLAN                                                                                                     
--------------------------------------------------------------------------------------------------------------------------------------------------------------------------------------------------------------------
 Aggregate  (cost=716164.96..716164.97 rows=1 width=136) (actual time=14557.393..14557.401 rows=1 loops=1)
   Buffers: shared hit=1464726 read=431415
   ->  Hash Join  (cost=2574.37..716164.39 rows=38 width=58) (actual time=14557.387..14557.394 rows=0 loops=1)
         Hash Cond: (catalog_returns.cr_call_center_sk = call_center.cc_call_center_sk)
         Buffers: shared hit=1464726 read=431415
         ->  Nested Loop  (cost=2571.69..716161.60 rows=38 width=18) (actual time=14557.264..14557.270 rows=0 loops=1)
               Buffers: shared hit=1464724 read=431415
               ->  Nested Loop  (cost=2571.27..716105.05 rows=85 width=22) (actual time=2967.790..14526.741 rows=1170 loops=1)
                     Buffers: shared hit=1460227 read=431232
                     ->  Nested Loop  (cost=2570.84..715010.66 rows=1528 width=26) (actual time=2948.915..13195.462 rows=51756 loops=1)
                           Buffers: shared hit=1284720 read=403379
                           ->  Nested Loop  (cost=2570.55..712671.62 rows=9167 width=30) (actual time=2936.147..12858.940 rows=308442 loops=1)
                                 Buffers: shared hit=1263126 read=403379
                                 ->  Hash Join  (cost=2570.12..706541.62 rows=9167 width=22) (actual time=2936.111..5596.518 rows=314722 loops=1)
                                       Hash Cond: (catalog_returns.cr_returned_date_sk = date_dim.d_date_sk)
                                       Buffers: shared hit=29628 read=403109
                                       ->  Seq Scan on catalog_returns  (cost=0.00..647267.12 rows=21600412 width=26) (actual time=0.286..3666.385 rows=21598628 loops=1)
                                             Buffers: shared hit=28290 read=402973
                                       ->  Hash  (cost=2569.73..2569.73 rows=31 width=4) (actual time=20.951..20.952 rows=31 loops=1)
                                             Buckets: 1024  Batches: 1  Memory Usage: 10kB
                                             Buffers: shared hit=1338 read=136
                                             ->  Seq Scan on date_dim  (cost=0.00..2569.73 rows=31 width=4) (actual time=12.315..20.933 rows=31 loops=1)
                                                   Filter: ((d_year = 2002) AND (d_moy = 10))
                                                   Rows Removed by Filter: 73018
                                                   Buffers: shared hit=1338 read=136
                                 ->  Index Scan using customer_pkey on customer  (cost=0.43..0.67 rows=1 width=16) (actual time=0.023..0.023 rows=1 loops=314722)
                                       Index Cond: (c_customer_sk = catalog_returns.cr_returning_customer_sk)
                                       Buffers: shared hit=1233498 read=270
                           ->  Memoize  (cost=0.29..0.31 rows=1 width=4) (actual time=0.001..0.001 rows=0 loops=308442)
                                 Cache Key: customer.c_current_hdemo_sk
                                 Cache Mode: logical
                                 Hits: 301243  Misses: 7199  Evictions: 0  Overflows: 0  Memory Usage: 521kB
                                 Buffers: shared hit=21594
                                 ->  Index Scan using household_demographics_pkey on household_demographics  (cost=0.28..0.30 rows=1 width=4) (actual time=0.014..0.014 rows=0 loops=7199)
                                       Index Cond: (hd_demo_sk = customer.c_current_hdemo_sk)
                                       Filter: (hd_buy_potential ~~ '501-1000%'::text)
                                       Rows Removed by Filter: 1
                                       Buffers: shared hit=21594
                     ->  Index Scan using customer_demographics_pkey on customer_demographics  (cost=0.43..0.72 rows=1 width=4) (actual time=0.025..0.025 rows=0 loops=51756)
                           Index Cond: (cd_demo_sk = customer.c_current_cdemo_sk)
                           Filter: (((cd_marital_status = 'M'::bpchar) AND (cd_education_status = 'Unknown'::bpchar)) OR ((cd_marital_status = 'W'::bpchar) AND (cd_education_status = 'Advanced Degree'::bpchar)))
                           Rows Removed by Filter: 1
                           Buffers: shared hit=175507 read=27853
               ->  Index Scan using customer_address_pkey on customer_address  (cost=0.42..0.67 rows=1 width=4) (actual time=0.025..0.025 rows=0 loops=1170)
                     Index Cond: (ca_address_sk = customer.c_current_addr_sk)
                     Filter: (ca_gmt_offset = '-6'::numeric)
                     Rows Removed by Filter: 1
                     Buffers: shared hit=4497 read=183
         ->  Hash  (cost=2.30..2.30 rows=30 width=48) (actual time=0.094..0.095 rows=30 loops=1)
               Buckets: 1024  Batches: 1  Memory Usage: 11kB
               Buffers: shared hit=2
               ->  Seq Scan on call_center  (cost=0.00..2.30 rows=30 width=48) (actual time=0.037..0.064 rows=30 loops=1)
                     Buffers: shared hit=2
 Planning:
   Buffers: shared hit=415
 Planning Time: 5.375 ms
 Execution Time: 14558.289 ms
(57 rows)

