                                                                                                     QUERY PLAN                                                                                                     
--------------------------------------------------------------------------------------------------------------------------------------------------------------------------------------------------------------------
 Aggregate  (cost=715679.29..715679.30 rows=1 width=136) (actual time=12362.392..12362.399 rows=1 loops=1)
   Buffers: shared hit=1170683 read=423234
   ->  Hash Join  (cost=2574.34..715678.77 rows=35 width=58) (actual time=1441.480..12361.086 rows=445 loops=1)
         Hash Cond: (catalog_returns.cr_call_center_sk = call_center.cc_call_center_sk)
         Buffers: shared hit=1170683 read=423234
         ->  Nested Loop  (cost=2571.67..715675.99 rows=35 width=18) (actual time=1441.379..12360.473 rows=449 loops=1)
               Buffers: shared hit=1170681 read=423234
               ->  Nested Loop  (cost=2571.24..715623.43 rows=79 width=22) (actual time=1395.867..12282.681 rows=2805 loops=1)
                     Buffers: shared hit=1159954 read=422741
                     ->  Nested Loop  (cost=2570.82..714599.95 rows=1429 width=26) (actual time=1384.005..11311.669 rows=38747 loops=1)
                           Buffers: shared hit=1018411 read=412172
                           ->  Nested Loop  (cost=2570.52..712275.72 rows=8575 width=30) (actual time=1382.535..11014.786 rows=244063 loops=1)
                                 Buffers: shared hit=996817 read=412172
                                 ->  Hash Join  (cost=2570.10..706541.59 rows=8575 width=22) (actual time=1382.479..5307.711 rows=249074 loops=1)
                                       Hash Cond: (catalog_returns.cr_returned_date_sk = date_dim.d_date_sk)
                                       Buffers: shared hit=20723 read=412014
                                       ->  Seq Scan on catalog_returns  (cost=0.00..647267.12 rows=21600412 width=26) (actual time=0.120..3506.526 rows=21598628 loops=1)
                                             Buffers: shared hit=20155 read=411108
                                       ->  Hash  (cost=2569.73..2569.73 rows=29 width=4) (actual time=28.904..28.905 rows=30 loops=1)
                                             Buckets: 1024  Batches: 1  Memory Usage: 10kB
                                             Buffers: shared hit=568 read=906
                                             ->  Seq Scan on date_dim  (cost=0.00..2569.73 rows=29 width=4) (actual time=16.563..28.892 rows=30 loops=1)
                                                   Filter: ((d_year = 2000) AND (d_moy = 11))
                                                   Rows Removed by Filter: 73019
                                                   Buffers: shared hit=568 read=906
                                 ->  Index Scan using customer_pkey on customer  (cost=0.43..0.67 rows=1 width=16) (actual time=0.022..0.022 rows=1 loops=249074)
                                       Index Cond: (c_customer_sk = catalog_returns.cr_returning_customer_sk)
                                       Buffers: shared hit=976094 read=158
                           ->  Memoize  (cost=0.29..0.31 rows=1 width=4) (actual time=0.001..0.001 rows=0 loops=244063)
                                 Cache Key: customer.c_current_hdemo_sk
                                 Cache Mode: logical
                                 Hits: 236864  Misses: 7199  Evictions: 0  Overflows: 0  Memory Usage: 521kB
                                 Buffers: shared hit=21594
                                 ->  Index Scan using household_demographics_pkey on household_demographics  (cost=0.28..0.30 rows=1 width=4) (actual time=0.015..0.015 rows=0 loops=7199)
                                       Index Cond: (hd_demo_sk = customer.c_current_hdemo_sk)
                                       Filter: (hd_buy_potential ~~ '5001-10000%'::text)
                                       Rows Removed by Filter: 1
                                       Buffers: shared hit=21594
                     ->  Index Scan using customer_demographics_pkey on customer_demographics  (cost=0.43..0.72 rows=1 width=4) (actual time=0.025..0.025 rows=0 loops=38747)
                           Index Cond: (cd_demo_sk = customer.c_current_cdemo_sk)
                           Filter: (((cd_marital_status = 'M'::bpchar) AND (cd_education_status = 'Unknown'::bpchar)) OR ((cd_marital_status = 'W'::bpchar) AND (cd_education_status = 'Advanced Degree'::bpchar)))
                           Rows Removed by Filter: 1
                           Buffers: shared hit=141543 read=10569
               ->  Index Scan using customer_address_pkey on customer_address  (cost=0.42..0.67 rows=1 width=4) (actual time=0.027..0.027 rows=0 loops=2805)
                     Index Cond: (ca_address_sk = customer.c_current_addr_sk)
                     Filter: (ca_gmt_offset = '-6'::numeric)
                     Rows Removed by Filter: 1
                     Buffers: shared hit=10727 read=493
         ->  Hash  (cost=2.30..2.30 rows=30 width=48) (actual time=0.077..0.077 rows=30 loops=1)
               Buckets: 1024  Batches: 1  Memory Usage: 11kB
               Buffers: shared hit=2
               ->  Seq Scan on call_center  (cost=0.00..2.30 rows=30 width=48) (actual time=0.027..0.049 rows=30 loops=1)
                     Buffers: shared hit=2
 Planning:
   Buffers: shared hit=415
 Planning Time: 3.967 ms
 Execution Time: 12363.032 ms
(57 rows)

