                                                                                                  QUERY PLAN                                                                                                  
--------------------------------------------------------------------------------------------------------------------------------------------------------------------------------------------------------------
 Aggregate  (cost=715903.32..715903.33 rows=1 width=136) (actual time=13424.108..13424.114 rows=1 loops=1)
   Buffers: shared hit=1321023 read=422188
   ->  Nested Loop  (cost=2571.82..715903.18 rows=9 width=58) (actual time=1634.569..13422.173 rows=648 loops=1)
         Buffers: shared hit=1321023 read=422188
         ->  Nested Loop  (cost=2571.68..715901.79 rows=9 width=18) (actual time=1634.556..13416.060 rows=657 loops=1)
               Buffers: shared hit=1319727 read=422188
               ->  Nested Loop  (cost=2571.25..715788.62 rows=158 width=22) (actual time=1562.079..13268.331 rows=5549 loops=1)
                     Buffers: shared hit=1299538 read=420517
                     ->  Nested Loop  (cost=2570.83..714805.30 rows=1478 width=26) (actual time=1562.046..12238.207 rows=42141 loops=1)
                           Buffers: shared hit=1140902 read=410589
                           ->  Nested Loop  (cost=2570.54..712473.67 rows=8871 width=30) (actual time=1556.040..11921.566 rows=274293 loops=1)
                                 Buffers: shared hit=1119320 read=410589
                                 ->  Hash Join  (cost=2570.11..706541.60 rows=8871 width=22) (actual time=1555.981..5466.664 rows=279797 loops=1)
                                       Hash Cond: (catalog_returns.cr_returned_date_sk = date_dim.d_date_sk)
                                       Buffers: shared hit=22374 read=410363
                                       ->  Seq Scan on catalog_returns  (cost=0.00..647267.12 rows=21600412 width=26) (actual time=0.728..3625.665 rows=21598628 loops=1)
                                             Buffers: shared hit=21027 read=410236
                                       ->  Hash  (cost=2569.73..2569.73 rows=30 width=4) (actual time=20.342..20.343 rows=31 loops=1)
                                             Buckets: 1024  Batches: 1  Memory Usage: 10kB
                                             Buffers: shared hit=1347 read=127
                                             ->  Seq Scan on date_dim  (cost=0.00..2569.73 rows=30 width=4) (actual time=13.432..20.325 rows=31 loops=1)
                                                   Filter: ((d_year = 2001) AND (d_moy = 1))
                                                   Rows Removed by Filter: 73018
                                                   Buffers: shared hit=1347 read=127
                                 ->  Index Scan using customer_pkey on customer  (cost=0.43..0.67 rows=1 width=16) (actual time=0.023..0.023 rows=1 loops=279797)
                                       Index Cond: (c_customer_sk = catalog_returns.cr_returning_customer_sk)
                                       Buffers: shared hit=1096946 read=226
                           ->  Memoize  (cost=0.29..0.31 rows=1 width=4) (actual time=0.001..0.001 rows=0 loops=274293)
                                 Cache Key: customer.c_current_hdemo_sk
                                 Cache Mode: logical
                                 Hits: 267098  Misses: 7195  Evictions: 0  Overflows: 0  Memory Usage: 520kB
                                 Buffers: shared hit=21582
                                 ->  Index Scan using household_demographics_pkey on household_demographics  (cost=0.28..0.30 rows=1 width=4) (actual time=0.015..0.015 rows=0 loops=7195)
                                       Index Cond: (hd_demo_sk = customer.c_current_hdemo_sk)
                                       Filter: (hd_buy_potential ~~ '0-500%'::text)
                                       Rows Removed by Filter: 1
                                       Buffers: shared hit=21582
                     ->  Index Scan using customer_address_pkey on customer_address  (cost=0.42..0.67 rows=1 width=4) (actual time=0.024..0.024 rows=0 loops=42141)
                           Index Cond: (ca_address_sk = customer.c_current_addr_sk)
                           Filter: (ca_gmt_offset = '-7'::numeric)
                           Rows Removed by Filter: 1
                           Buffers: shared hit=158636 read=9928
               ->  Index Scan using customer_demographics_pkey on customer_demographics  (cost=0.43..0.72 rows=1 width=4) (actual time=0.026..0.026 rows=0 loops=5549)
                     Index Cond: (cd_demo_sk = customer.c_current_cdemo_sk)
                     Filter: (((cd_marital_status = 'M'::bpchar) AND (cd_education_status = 'Unknown'::bpchar)) OR ((cd_marital_status = 'W'::bpchar) AND (cd_education_status = 'Advanced Degree'::bpchar)))
                     Rows Removed by Filter: 1
                     Buffers: shared hit=20189 read=1671
         ->  Index Scan using call_center_pkey on call_center  (cost=0.14..0.16 rows=1 width=48) (actual time=0.008..0.008 rows=1 loops=657)
               Index Cond: (cc_call_center_sk = catalog_returns.cr_call_center_sk)
               Buffers: shared hit=1296
 Planning:
   Buffers: shared hit=415
 Planning Time: 4.421 ms
 Execution Time: 13424.919 ms
(54 rows)

