                                                                                                  QUERY PLAN                                                                                                  
--------------------------------------------------------------------------------------------------------------------------------------------------------------------------------------------------------------
 Aggregate  (cost=715661.61..715661.62 rows=1 width=136) (actual time=14861.281..14861.287 rows=1 loops=1)
   Buffers: shared hit=1508091 read=420731
   ->  Nested Loop  (cost=2571.81..715661.49 rows=8 width=58) (actual time=3152.868..14859.674 rows=477 loops=1)
         Buffers: shared hit=1508091 read=420731
         ->  Nested Loop  (cost=2571.67..715660.25 rows=8 width=18) (actual time=3152.852..14852.428 rows=483 loops=1)
               Buffers: shared hit=1507137 read=420731
               ->  Nested Loop  (cost=2571.24..715550.67 rows=153 width=22) (actual time=3075.337..14652.924 rows=7818 loops=1)
                     Buffers: shared hit=1480006 read=417154
                     ->  Nested Loop  (cost=2570.82..714599.95 rows=1429 width=26) (actual time=3071.947..13310.288 rows=52850 loops=1)
                           Buffers: shared hit=1278474 read=407286
                           ->  Nested Loop  (cost=2570.52..712275.72 rows=8575 width=30) (actual time=3062.790..12961.826 rows=307858 loops=1)
                                 Buffers: shared hit=1256883 read=407286
                                 ->  Hash Join  (cost=2570.10..706541.59 rows=8575 width=22) (actual time=3062.748..5519.319 rows=314133 loops=1)
                                       Hash Cond: (catalog_returns.cr_returned_date_sk = date_dim.d_date_sk)
                                       Buffers: shared hit=25749 read=406988
                                       ->  Seq Scan on catalog_returns  (cost=0.00..647267.12 rows=21600412 width=26) (actual time=0.269..3646.536 rows=21598628 loops=1)
                                             Buffers: shared hit=24402 read=406861
                                       ->  Hash  (cost=2569.73..2569.73 rows=29 width=4) (actual time=16.882..16.883 rows=30 loops=1)
                                             Buckets: 1024  Batches: 1  Memory Usage: 10kB
                                             Buffers: shared hit=1347 read=127
                                             ->  Seq Scan on date_dim  (cost=0.00..2569.73 rows=29 width=4) (actual time=11.564..16.866 rows=30 loops=1)
                                                   Filter: ((d_year = 2002) AND (d_moy = 11))
                                                   Rows Removed by Filter: 73019
                                                   Buffers: shared hit=1347 read=127
                                 ->  Index Scan using customer_pkey on customer  (cost=0.43..0.67 rows=1 width=16) (actual time=0.023..0.023 rows=1 loops=314133)
                                       Index Cond: (c_customer_sk = catalog_returns.cr_returning_customer_sk)
                                       Buffers: shared hit=1231134 read=298
                           ->  Memoize  (cost=0.29..0.31 rows=1 width=4) (actual time=0.001..0.001 rows=0 loops=307858)
                                 Cache Key: customer.c_current_hdemo_sk
                                 Cache Mode: logical
                                 Hits: 300660  Misses: 7198  Evictions: 0  Overflows: 0  Memory Usage: 521kB
                                 Buffers: shared hit=21591
                                 ->  Index Scan using household_demographics_pkey on household_demographics  (cost=0.28..0.30 rows=1 width=4) (actual time=0.015..0.015 rows=0 loops=7198)
                                       Index Cond: (hd_demo_sk = customer.c_current_hdemo_sk)
                                       Filter: (hd_buy_potential ~~ 'Unknown%'::text)
                                       Rows Removed by Filter: 1
                                       Buffers: shared hit=21591
                     ->  Index Scan using customer_address_pkey on customer_address  (cost=0.42..0.67 rows=1 width=4) (actual time=0.025..0.025 rows=0 loops=52850)
                           Index Cond: (ca_address_sk = customer.c_current_addr_sk)
                           Filter: (ca_gmt_offset = '-7'::numeric)
                           Rows Removed by Filter: 1
                           Buffers: shared hit=201532 read=9868
               ->  Index Scan using customer_demographics_pkey on customer_demographics  (cost=0.43..0.72 rows=1 width=4) (actual time=0.025..0.025 rows=0 loops=7818)
                     Index Cond: (cd_demo_sk = customer.c_current_cdemo_sk)
                     Filter: (((cd_marital_status = 'M'::bpchar) AND (cd_education_status = 'Unknown'::bpchar)) OR ((cd_marital_status = 'W'::bpchar) AND (cd_education_status = 'Advanced Degree'::bpchar)))
                     Rows Removed by Filter: 1
                     Buffers: shared hit=27131 read=3577
         ->  Index Scan using call_center_pkey on call_center  (cost=0.14..0.16 rows=1 width=48) (actual time=0.013..0.013 rows=1 loops=483)
               Index Cond: (cc_call_center_sk = catalog_returns.cr_call_center_sk)
               Buffers: shared hit=954
 Planning:
   Buffers: shared hit=415
 Planning Time: 3.833 ms
 Execution Time: 14861.896 ms
(54 rows)

