                                                                                                     QUERY PLAN                                                                                                     
--------------------------------------------------------------------------------------------------------------------------------------------------------------------------------------------------------------------
 Aggregate  (cost=715921.76..715921.77 rows=1 width=136) (actual time=10801.601..10801.609 rows=1 loops=1)
   Buffers: shared hit=933187 read=422720
   ->  Hash Join  (cost=2574.36..715921.22 rows=36 width=58) (actual time=267.889..10800.527 rows=345 loops=1)
         Hash Cond: (catalog_returns.cr_call_center_sk = call_center.cc_call_center_sk)
         Buffers: shared hit=933187 read=422720
         ->  Nested Loop  (cost=2571.68..715918.44 rows=36 width=18) (actual time=267.796..10800.032 rows=348 loops=1)
               Buffers: shared hit=933185 read=422720
               ->  Nested Loop  (cost=2571.26..715863.88 rows=82 width=22) (actual time=194.683..10743.731 rows=2248 loops=1)
                     Buffers: shared hit=924553 read=422360
                     ->  Nested Loop  (cost=2570.83..714805.30 rows=1478 width=26) (actual time=163.906..9928.013 rows=30411 loops=1)
                           Buffers: shared hit=817164 read=410321
                           ->  Nested Loop  (cost=2570.54..712473.67 rows=8871 width=30) (actual time=160.701..9685.003 rows=193296 loops=1)
                                 Buffers: shared hit=795600 read=410321
                                 ->  Hash Join  (cost=2570.11..706541.60 rows=8871 width=22) (actual time=160.642..5259.403 rows=197234 loops=1)
                                       Hash Cond: (catalog_returns.cr_returned_date_sk = date_dim.d_date_sk)
                                       Buffers: shared hit=22555 read=410182
                                       ->  Seq Scan on catalog_returns  (cost=0.00..647267.12 rows=21600412 width=26) (actual time=0.037..3541.125 rows=21598628 loops=1)
                                             Buffers: shared hit=21776 read=409487
                                       ->  Hash  (cost=2569.73..2569.73 rows=30 width=4) (actual time=20.027..20.028 rows=31 loops=1)
                                             Buckets: 1024  Batches: 1  Memory Usage: 10kB
                                             Buffers: shared hit=779 read=695
                                             ->  Seq Scan on date_dim  (cost=0.00..2569.73 rows=30 width=4) (actual time=12.701..20.012 rows=31 loops=1)
                                                   Filter: ((d_year = 1998) AND (d_moy = 12))
                                                   Rows Removed by Filter: 73018
                                                   Buffers: shared hit=779 read=695
                                 ->  Index Scan using customer_pkey on customer  (cost=0.43..0.67 rows=1 width=16) (actual time=0.022..0.022 rows=1 loops=197234)
                                       Index Cond: (c_customer_sk = catalog_returns.cr_returning_customer_sk)
                                       Buffers: shared hit=773045 read=139
                           ->  Memoize  (cost=0.29..0.31 rows=1 width=4) (actual time=0.001..0.001 rows=0 loops=193296)
                                 Cache Key: customer.c_current_hdemo_sk
                                 Cache Mode: logical
                                 Hits: 186107  Misses: 7189  Evictions: 0  Overflows: 0  Memory Usage: 520kB
                                 Buffers: shared hit=21564
                                 ->  Index Scan using household_demographics_pkey on household_demographics  (cost=0.28..0.30 rows=1 width=4) (actual time=0.014..0.014 rows=0 loops=7189)
                                       Index Cond: (hd_demo_sk = customer.c_current_hdemo_sk)
                                       Filter: (hd_buy_potential ~~ '5001-10000%'::text)
                                       Rows Removed by Filter: 1
                                       Buffers: shared hit=21564
                     ->  Index Scan using customer_demographics_pkey on customer_demographics  (cost=0.43..0.72 rows=1 width=4) (actual time=0.026..0.026 rows=0 loops=30411)
                           Index Cond: (cd_demo_sk = customer.c_current_cdemo_sk)
                           Filter: (((cd_marital_status = 'M'::bpchar) AND (cd_education_status = 'Unknown'::bpchar)) OR ((cd_marital_status = 'W'::bpchar) AND (cd_education_status = 'Advanced Degree'::bpchar)))
                           Rows Removed by Filter: 1
                           Buffers: shared hit=107389 read=12039
               ->  Index Scan using customer_address_pkey on customer_address  (cost=0.42..0.67 rows=1 width=4) (actual time=0.024..0.024 rows=0 loops=2248)
                     Index Cond: (ca_address_sk = customer.c_current_addr_sk)
                     Filter: (ca_gmt_offset = '-6'::numeric)
                     Rows Removed by Filter: 1
                     Buffers: shared hit=8632 read=360
         ->  Hash  (cost=2.30..2.30 rows=30 width=48) (actual time=0.071..0.071 rows=30 loops=1)
               Buckets: 1024  Batches: 1  Memory Usage: 11kB
               Buffers: shared hit=2
               ->  Seq Scan on call_center  (cost=0.00..2.30 rows=30 width=48) (actual time=0.025..0.042 rows=30 loops=1)
                     Buffers: shared hit=2
 Planning:
   Buffers: shared hit=384 read=31
 Planning Time: 4.350 ms
 Execution Time: 10802.289 ms
(57 rows)

