                                                                                                  QUERY PLAN                                                                                                  
--------------------------------------------------------------------------------------------------------------------------------------------------------------------------------------------------------------
 Aggregate  (cost=715903.32..715903.33 rows=1 width=136) (actual time=4825.790..4825.796 rows=1 loops=1)
   Buffers: shared hit=43192 read=399213
   ->  Nested Loop  (cost=2571.82..715903.18 rows=9 width=58) (actual time=73.013..4825.775 rows=2 loops=1)
         Buffers: shared hit=43192 read=399213
         ->  Nested Loop  (cost=2571.68..715901.79 rows=9 width=18) (actual time=72.999..4825.754 rows=2 loops=1)
               Buffers: shared hit=43188 read=399213
               ->  Nested Loop  (cost=2571.25..715788.62 rows=158 width=22) (actual time=16.725..4825.037 rows=17 loops=1)
                     Buffers: shared hit=43126 read=399207
                     ->  Nested Loop  (cost=2570.83..714805.30 rows=1478 width=26) (actual time=11.266..4819.993 rows=229 loops=1)
                           Buffers: shared hit=42252 read=399165
                           ->  Nested Loop  (cost=2570.54..712473.67 rows=8871 width=30) (actual time=10.971..4808.525 rows=1306 loops=1)
                                 Buffers: shared hit=38796 read=399165
                                 ->  Hash Join  (cost=2570.11..706541.60 rows=8871 width=22) (actual time=10.929..4780.488 rows=1337 loops=1)
                                       Hash Cond: (catalog_returns.cr_returned_date_sk = date_dim.d_date_sk)
                                       Buffers: shared hit=33572 read=399165
                                       ->  Seq Scan on catalog_returns  (cost=0.00..647267.12 rows=21600412 width=26) (actual time=0.023..3250.229 rows=21598628 loops=1)
                                             Buffers: shared hit=32098 read=399165
                                       ->  Hash  (cost=2569.73..2569.73 rows=30 width=4) (actual time=10.831..10.832 rows=31 loops=1)
                                             Buckets: 1024  Batches: 1  Memory Usage: 10kB
                                             Buffers: shared hit=1474
                                             ->  Seq Scan on date_dim  (cost=0.00..2569.73 rows=30 width=4) (actual time=5.711..10.822 rows=31 loops=1)
                                                   Filter: ((d_year = 1998) AND (d_moy = 1))
                                                   Rows Removed by Filter: 73018
                                                   Buffers: shared hit=1474
                                 ->  Index Scan using customer_pkey on customer  (cost=0.43..0.67 rows=1 width=16) (actual time=0.021..0.021 rows=1 loops=1337)
                                       Index Cond: (c_customer_sk = catalog_returns.cr_returning_customer_sk)
                                       Buffers: shared hit=5224
                           ->  Memoize  (cost=0.29..0.31 rows=1 width=4) (actual time=0.009..0.009 rows=0 loops=1306)
                                 Cache Key: customer.c_current_hdemo_sk
                                 Cache Mode: logical
                                 Hits: 153  Misses: 1153  Evictions: 0  Overflows: 0  Memory Usage: 84kB
                                 Buffers: shared hit=3456
                                 ->  Index Scan using household_demographics_pkey on household_demographics  (cost=0.28..0.30 rows=1 width=4) (actual time=0.009..0.009 rows=0 loops=1153)
                                       Index Cond: (hd_demo_sk = customer.c_current_hdemo_sk)
                                       Filter: (hd_buy_potential ~~ '>10000%'::text)
                                       Rows Removed by Filter: 1
                                       Buffers: shared hit=3456
                     ->  Index Scan using customer_address_pkey on customer_address  (cost=0.42..0.67 rows=1 width=4) (actual time=0.022..0.022 rows=0 loops=229)
                           Index Cond: (ca_address_sk = customer.c_current_addr_sk)
                           Filter: (ca_gmt_offset = '-7'::numeric)
                           Rows Removed by Filter: 1
                           Buffers: shared hit=874 read=42
               ->  Index Scan using customer_demographics_pkey on customer_demographics  (cost=0.43..0.72 rows=1 width=4) (actual time=0.042..0.042 rows=0 loops=17)
                     Index Cond: (cd_demo_sk = customer.c_current_cdemo_sk)
                     Filter: (((cd_marital_status = 'M'::bpchar) AND (cd_education_status = 'Unknown'::bpchar)) OR ((cd_marital_status = 'W'::bpchar) AND (cd_education_status = 'Advanced Degree'::bpchar)))
                     Rows Removed by Filter: 1
                     Buffers: shared hit=62 read=6
         ->  Index Scan using call_center_pkey on call_center  (cost=0.14..0.16 rows=1 width=48) (actual time=0.008..0.008 rows=1 loops=2)
               Index Cond: (cc_call_center_sk = catalog_returns.cr_call_center_sk)
               Buffers: shared hit=4
 Planning:
   Buffers: shared hit=415
 Planning Time: 1.662 ms
 Execution Time: 4826.130 ms
(54 rows)

