                                                                                                  QUERY PLAN                                                                                                  
--------------------------------------------------------------------------------------------------------------------------------------------------------------------------------------------------------------
 Aggregate  (cost=716146.24..716146.25 rows=1 width=136) (actual time=13401.721..13401.727 rows=1 loops=1)
   Buffers: shared hit=1344913 read=415356
   ->  Nested Loop  (cost=2571.83..716146.10 rows=9 width=58) (actual time=2081.808..13399.788 rows=689 loops=1)
         Buffers: shared hit=1344913 read=415356
         ->  Nested Loop  (cost=2571.69..716144.71 rows=9 width=18) (actual time=2081.793..13388.480 rows=693 loops=1)
               Buffers: shared hit=1343535 read=415356
               ->  Nested Loop  (cost=2571.27..716027.25 rows=164 width=22) (actual time=2081.762..13260.446 rows=4817 loops=1)
                     Buffers: shared hit=1326972 read=412987
                     ->  Nested Loop  (cost=2570.84..715010.66 rows=1528 width=26) (actual time=2075.363..12182.457 rows=43634 loops=1)
                           Buffers: shared hit=1162035 read=403388
                           ->  Nested Loop  (cost=2570.55..712671.62 rows=9167 width=30) (actual time=2075.338..11862.272 rows=277773 loops=1)
                                 Buffers: shared hit=1140441 read=403388
                                 ->  Hash Join  (cost=2570.12..706541.62 rows=9167 width=22) (actual time=2075.299..5326.478 rows=283537 loops=1)
                                       Hash Cond: (catalog_returns.cr_returned_date_sk = date_dim.d_date_sk)
                                       Buffers: shared hit=29819 read=402918
                                       ->  Seq Scan on catalog_returns  (cost=0.00..647267.12 rows=21600412 width=26) (actual time=0.051..3521.169 rows=21598628 loops=1)
                                             Buffers: shared hit=28345 read=402918
                                       ->  Hash  (cost=2569.73..2569.73 rows=31 width=4) (actual time=20.950..20.951 rows=31 loops=1)
                                             Buckets: 1024  Batches: 1  Memory Usage: 10kB
                                             Buffers: shared hit=1474
                                             ->  Seq Scan on date_dim  (cost=0.00..2569.73 rows=31 width=4) (actual time=11.143..20.934 rows=31 loops=1)
                                                   Filter: ((d_year = 2001) AND (d_moy = 10))
                                                   Rows Removed by Filter: 73018
                                                   Buffers: shared hit=1474
                                 ->  Index Scan using customer_pkey on customer  (cost=0.43..0.67 rows=1 width=16) (actual time=0.022..0.022 rows=1 loops=283537)
                                       Index Cond: (c_customer_sk = catalog_returns.cr_returning_customer_sk)
                                       Buffers: shared hit=1110622 read=470
                           ->  Memoize  (cost=0.29..0.31 rows=1 width=4) (actual time=0.001..0.001 rows=0 loops=277773)
                                 Cache Key: customer.c_current_hdemo_sk
                                 Cache Mode: logical
                                 Hits: 270574  Misses: 7199  Evictions: 0  Overflows: 0  Memory Usage: 521kB
                                 Buffers: shared hit=21594
                                 ->  Index Scan using household_demographics_pkey on household_demographics  (cost=0.28..0.30 rows=1 width=4) (actual time=0.015..0.015 rows=0 loops=7199)
                                       Index Cond: (hd_demo_sk = customer.c_current_hdemo_sk)
                                       Filter: (hd_buy_potential ~~ '5001-10000%'::text)
                                       Rows Removed by Filter: 1
                                       Buffers: shared hit=21594
                     ->  Index Scan using customer_address_pkey on customer_address  (cost=0.42..0.67 rows=1 width=4) (actual time=0.024..0.024 rows=0 loops=43634)
                           Index Cond: (ca_address_sk = customer.c_current_addr_sk)
                           Filter: (ca_gmt_offset = '-7'::numeric)
                           Rows Removed by Filter: 1
                           Buffers: shared hit=164937 read=9599
               ->  Index Scan using customer_demographics_pkey on customer_demographics  (cost=0.43..0.72 rows=1 width=4) (actual time=0.026..0.026 rows=0 loops=4817)
                     Index Cond: (cd_demo_sk = customer.c_current_cdemo_sk)
                     Filter: (((cd_marital_status = 'M'::bpchar) AND (cd_education_status = 'Unknown'::bpchar)) OR ((cd_marital_status = 'W'::bpchar) AND (cd_education_status = 'Advanced Degree'::bpchar)))
                     Rows Removed by Filter: 1
                     Buffers: shared hit=16563 read=2369
         ->  Index Scan using call_center_pkey on call_center  (cost=0.14..0.16 rows=1 width=48) (actual time=0.015..0.015 rows=1 loops=693)
               Index Cond: (cc_call_center_sk = catalog_returns.cr_call_center_sk)
               Buffers: shared hit=1378
 Planning:
   Buffers: shared hit=415
 Planning Time: 4.436 ms
 Execution Time: 13402.550 ms
(54 rows)

