                                                                                                  QUERY PLAN                                                                                                  
--------------------------------------------------------------------------------------------------------------------------------------------------------------------------------------------------------------
 Aggregate  (cost=716146.24..716146.25 rows=1 width=136) (actual time=14338.468..14338.474 rows=1 loops=1)
   Buffers: shared hit=1468784 read=405271
   ->  Nested Loop  (cost=2571.83..716146.10 rows=9 width=58) (actual time=14338.463..14338.468 rows=0 loops=1)
         Buffers: shared hit=1468784 read=405271
         ->  Nested Loop  (cost=2571.69..716144.71 rows=9 width=18) (actual time=14338.462..14338.467 rows=0 loops=1)
               Buffers: shared hit=1468784 read=405271
               ->  Nested Loop  (cost=2571.27..716027.25 rows=164 width=22) (actual time=2910.698..14192.964 rows=4489 loops=1)
                     Buffers: shared hit=1454411 read=401972
                     ->  Nested Loop  (cost=2570.84..715010.66 rows=1528 width=26) (actual time=2889.587..13128.925 rows=42071 loops=1)
                           Buffers: shared hit=1291340 read=396759
                           ->  Nested Loop  (cost=2570.55..712671.62 rows=9167 width=30) (actual time=2884.202..12788.931 rows=308442 loops=1)
                                 Buffers: shared hit=1269746 read=396759
                                 ->  Hash Join  (cost=2570.12..706541.62 rows=9167 width=22) (actual time=2884.158..5407.750 rows=314722 loops=1)
                                       Hash Cond: (catalog_returns.cr_returned_date_sk = date_dim.d_date_sk)
                                       Buffers: shared hit=36189 read=396548
                                       ->  Seq Scan on catalog_returns  (cost=0.00..647267.12 rows=21600412 width=26) (actual time=0.176..3527.225 rows=21598628 loops=1)
                                             Buffers: shared hit=34715 read=396548
                                       ->  Hash  (cost=2569.73..2569.73 rows=31 width=4) (actual time=19.920..19.921 rows=31 loops=1)
                                             Buckets: 1024  Batches: 1  Memory Usage: 10kB
                                             Buffers: shared hit=1474
                                             ->  Seq Scan on date_dim  (cost=0.00..2569.73 rows=31 width=4) (actual time=11.058..19.906 rows=31 loops=1)
                                                   Filter: ((d_year = 2002) AND (d_moy = 10))
                                                   Rows Removed by Filter: 73018
                                                   Buffers: shared hit=1474
                                 ->  Index Scan using customer_pkey on customer  (cost=0.43..0.67 rows=1 width=16) (actual time=0.023..0.023 rows=1 loops=314722)
                                       Index Cond: (c_customer_sk = catalog_returns.cr_returning_customer_sk)
                                       Buffers: shared hit=1233557 read=211
                           ->  Memoize  (cost=0.29..0.31 rows=1 width=4) (actual time=0.001..0.001 rows=0 loops=308442)
                                 Cache Key: customer.c_current_hdemo_sk
                                 Cache Mode: logical
                                 Hits: 301243  Misses: 7199  Evictions: 0  Overflows: 0  Memory Usage: 521kB
                                 Buffers: shared hit=21594
                                 ->  Index Scan using household_demographics_pkey on household_demographics  (cost=0.28..0.30 rows=1 width=4) (actual time=0.014..0.014 rows=0 loops=7199)
                                       Index Cond: (hd_demo_sk = customer.c_current_hdemo_sk)
                                       Filter: (hd_buy_potential ~~ '1001-5000%'::text)
                                       Rows Removed by Filter: 1
                                       Buffers: shared hit=21594
                     ->  Index Scan using customer_address_pkey on customer_address  (cost=0.42..0.67 rows=1 width=4) (actual time=0.025..0.025 rows=0 loops=42071)
                           Index Cond: (ca_address_sk = customer.c_current_addr_sk)
                           Filter: (ca_gmt_offset = '-7'::numeric)
                           Rows Removed by Filter: 1
                           Buffers: shared hit=163071 read=5213
               ->  Index Scan using customer_demographics_pkey on customer_demographics  (cost=0.43..0.72 rows=1 width=4) (actual time=0.032..0.032 rows=0 loops=4489)
                     Index Cond: (cd_demo_sk = customer.c_current_cdemo_sk)
                     Filter: (((cd_marital_status = 'M'::bpchar) AND (cd_education_status = 'Unknown'::bpchar)) OR ((cd_marital_status = 'W'::bpchar) AND (cd_education_status = 'Advanced Degree'::bpchar)))
                     Rows Removed by Filter: 1
                     Buffers: shared hit=14373 read=3299
         ->  Index Scan using call_center_pkey on call_center  (cost=0.14..0.16 rows=1 width=48) (never executed)
               Index Cond: (cc_call_center_sk = catalog_returns.cr_call_center_sk)
 Planning:
   Buffers: shared hit=415
 Planning Time: 4.108 ms
 Execution Time: 14339.177 ms
(53 rows)

