                                                                                                     QUERY PLAN                                                                                                     
--------------------------------------------------------------------------------------------------------------------------------------------------------------------------------------------------------------------
 Aggregate  (cost=715921.76..715921.77 rows=1 width=136) (actual time=14828.949..14828.956 rows=1 loops=1)
   Buffers: shared hit=1515220 read=448020
   ->  Hash Join  (cost=2574.36..715921.22 rows=36 width=58) (actual time=2251.977..14820.605 rows=4447 loops=1)
         Hash Cond: (catalog_returns.cr_call_center_sk = call_center.cc_call_center_sk)
         Buffers: shared hit=1515220 read=448020
         ->  Nested Loop  (cost=2571.68..715918.44 rows=36 width=18) (actual time=2251.911..14817.321 rows=4480 loops=1)
               Buffers: shared hit=1515218 read=448020
               ->  Nested Loop  (cost=2571.26..715863.88 rows=82 width=22) (actual time=2238.482..14673.038 rows=5779 loops=1)
                     Buffers: shared hit=1492945 read=447177
                     ->  Nested Loop  (cost=2570.83..714805.30 rows=1478 width=26) (actual time=2238.455..13272.731 rows=54581 loops=1)
                           Buffers: shared hit=1306200 read=419554
                           ->  Nested Loop  (cost=2570.54..712473.67 rows=8871 width=30) (actual time=2235.777..12918.028 rows=317858 loops=1)
                                 Buffers: shared hit=1284615 read=419554
                                 ->  Hash Join  (cost=2570.11..706541.60 rows=8871 width=22) (actual time=2235.734..5568.330 rows=324351 loops=1)
                                       Hash Cond: (catalog_returns.cr_returned_date_sk = date_dim.d_date_sk)
                                       Buffers: shared hit=13539 read=419198
                                       ->  Seq Scan on catalog_returns  (cost=0.00..647267.12 rows=21600412 width=26) (actual time=0.458..3685.262 rows=21598628 loops=1)
                                             Buffers: shared hit=12192 read=419071
                                       ->  Hash  (cost=2569.73..2569.73 rows=30 width=4) (actual time=13.313..13.314 rows=31 loops=1)
                                             Buckets: 1024  Batches: 1  Memory Usage: 10kB
                                             Buffers: shared hit=1347 read=127
                                             ->  Seq Scan on date_dim  (cost=0.00..2569.73 rows=30 width=4) (actual time=7.581..13.305 rows=31 loops=1)
                                                   Filter: ((d_year = 2001) AND (d_moy = 12))
                                                   Rows Removed by Filter: 73018
                                                   Buffers: shared hit=1347 read=127
                                 ->  Index Scan using customer_pkey on customer  (cost=0.43..0.67 rows=1 width=16) (actual time=0.022..0.022 rows=1 loops=324351)
                                       Index Cond: (c_customer_sk = catalog_returns.cr_returning_customer_sk)
                                       Buffers: shared hit=1271076 read=356
                           ->  Memoize  (cost=0.29..0.31 rows=1 width=4) (actual time=0.001..0.001 rows=0 loops=317858)
                                 Cache Key: customer.c_current_hdemo_sk
                                 Cache Mode: logical
                                 Hits: 310662  Misses: 7196  Evictions: 0  Overflows: 0  Memory Usage: 521kB
                                 Buffers: shared hit=21585
                                 ->  Index Scan using household_demographics_pkey on household_demographics  (cost=0.28..0.30 rows=1 width=4) (actual time=0.015..0.015 rows=0 loops=7196)
                                       Index Cond: (hd_demo_sk = customer.c_current_hdemo_sk)
                                       Filter: (hd_buy_potential ~~ 'Unknown%'::text)
                                       Rows Removed by Filter: 1
                                       Buffers: shared hit=21585
                     ->  Index Scan using customer_demographics_pkey on customer_demographics  (cost=0.43..0.72 rows=1 width=4) (actual time=0.025..0.025 rows=0 loops=54581)
                           Index Cond: (cd_demo_sk = customer.c_current_cdemo_sk)
                           Filter: (((cd_marital_status = 'M'::bpchar) AND (cd_education_status = 'Unknown'::bpchar)) OR ((cd_marital_status = 'W'::bpchar) AND (cd_education_status = 'Advanced Degree'::bpchar)))
                           Rows Removed by Filter: 1
                           Buffers: shared hit=186745 read=27623
               ->  Index Scan using customer_address_pkey on customer_address  (cost=0.42..0.67 rows=1 width=4) (actual time=0.024..0.024 rows=1 loops=5779)
                     Index Cond: (ca_address_sk = customer.c_current_addr_sk)
                     Filter: (ca_gmt_offset = '-6'::numeric)
                     Rows Removed by Filter: 0
                     Buffers: shared hit=22273 read=843
         ->  Hash  (cost=2.30..2.30 rows=30 width=48) (actual time=0.046..0.047 rows=30 loops=1)
               Buckets: 1024  Batches: 1  Memory Usage: 11kB
               Buffers: shared hit=2
               ->  Seq Scan on call_center  (cost=0.00..2.30 rows=30 width=48) (actual time=0.020..0.032 rows=30 loops=1)
                     Buffers: shared hit=2
 Planning:
   Buffers: shared hit=415
 Planning Time: 2.003 ms
 Execution Time: 14829.412 ms
(57 rows)

