                                                                                                     QUERY PLAN                                                                                                     
--------------------------------------------------------------------------------------------------------------------------------------------------------------------------------------------------------------------
 Aggregate  (cost=716164.96..716164.97 rows=1 width=136) (actual time=13349.552..13349.559 rows=1 loops=1)
   Buffers: shared hit=1334322 read=416879
   ->  Hash Join  (cost=2574.37..716164.39 rows=38 width=58) (actual time=13349.548..13349.554 rows=0 loops=1)
         Hash Cond: (catalog_returns.cr_call_center_sk = call_center.cc_call_center_sk)
         Buffers: shared hit=1334322 read=416879
         ->  Nested Loop  (cost=2571.69..716161.60 rows=38 width=18) (actual time=13349.455..13349.460 rows=0 loops=1)
               Buffers: shared hit=1334320 read=416879
               ->  Nested Loop  (cost=2571.27..716105.05 rows=85 width=22) (actual time=2187.614..13322.013 rows=1016 loops=1)
                     Buffers: shared hit=1330576 read=416559
                     ->  Nested Loop  (cost=2570.84..715010.66 rows=1528 width=26) (actual time=2168.733..12166.728 rows=46320 loops=1)
                           Buffers: shared hit=1157656 read=407767
                           ->  Nested Loop  (cost=2570.55..712671.62 rows=9167 width=30) (actual time=2165.410..11852.492 rows=277773 loops=1)
                                 Buffers: shared hit=1136062 read=407767
                                 ->  Hash Join  (cost=2570.12..706541.62 rows=9167 width=22) (actual time=2165.374..5384.752 rows=283537 loops=1)
                                       Hash Cond: (catalog_returns.cr_returned_date_sk = date_dim.d_date_sk)
                                       Buffers: shared hit=25302 read=407435
                                       ->  Seq Scan on catalog_returns  (cost=0.00..647267.12 rows=21600412 width=26) (actual time=0.040..3538.628 rows=21598628 loops=1)
                                             Buffers: shared hit=23828 read=407435
                                       ->  Hash  (cost=2569.73..2569.73 rows=31 width=4) (actual time=20.610..20.611 rows=31 loops=1)
                                             Buckets: 1024  Batches: 1  Memory Usage: 10kB
                                             Buffers: shared hit=1474
                                             ->  Seq Scan on date_dim  (cost=0.00..2569.73 rows=31 width=4) (actual time=10.201..20.594 rows=31 loops=1)
                                                   Filter: ((d_year = 2001) AND (d_moy = 10))
                                                   Rows Removed by Filter: 73018
                                                   Buffers: shared hit=1474
                                 ->  Index Scan using customer_pkey on customer  (cost=0.43..0.67 rows=1 width=16) (actual time=0.022..0.022 rows=1 loops=283537)
                                       Index Cond: (c_customer_sk = catalog_returns.cr_returning_customer_sk)
                                       Buffers: shared hit=1110760 read=332
                           ->  Memoize  (cost=0.29..0.31 rows=1 width=4) (actual time=0.001..0.001 rows=0 loops=277773)
                                 Cache Key: customer.c_current_hdemo_sk
                                 Cache Mode: logical
                                 Hits: 270574  Misses: 7199  Evictions: 0  Overflows: 0  Memory Usage: 521kB
                                 Buffers: shared hit=21594
                                 ->  Index Scan using household_demographics_pkey on household_demographics  (cost=0.28..0.30 rows=1 width=4) (actual time=0.015..0.015 rows=0 loops=7199)
                                       Index Cond: (hd_demo_sk = customer.c_current_hdemo_sk)
                                       Filter: (hd_buy_potential ~~ '501-1000%'::text)
                                       Rows Removed by Filter: 1
                                       Buffers: shared hit=21594
                     ->  Index Scan using customer_demographics_pkey on customer_demographics  (cost=0.43..0.72 rows=1 width=4) (actual time=0.025..0.025 rows=0 loops=46320)
                           Index Cond: (cd_demo_sk = customer.c_current_cdemo_sk)
                           Filter: (((cd_marital_status = 'M'::bpchar) AND (cd_education_status = 'Unknown'::bpchar)) OR ((cd_marital_status = 'W'::bpchar) AND (cd_education_status = 'Advanced Degree'::bpchar)))
                           Rows Removed by Filter: 1
                           Buffers: shared hit=172920 read=8792
               ->  Index Scan using customer_address_pkey on customer_address  (cost=0.42..0.67 rows=1 width=4) (actual time=0.026..0.026 rows=0 loops=1016)
                     Index Cond: (ca_address_sk = customer.c_current_addr_sk)
                     Filter: (ca_gmt_offset = '-6'::numeric)
                     Rows Removed by Filter: 1
                     Buffers: shared hit=3744 read=320
         ->  Hash  (cost=2.30..2.30 rows=30 width=48) (actual time=0.069..0.070 rows=30 loops=1)
               Buckets: 1024  Batches: 1  Memory Usage: 11kB
               Buffers: shared hit=2
               ->  Seq Scan on call_center  (cost=0.00..2.30 rows=30 width=48) (actual time=0.027..0.045 rows=30 loops=1)
                     Buffers: shared hit=2
 Planning:
   Buffers: shared hit=415
 Planning Time: 4.273 ms
 Execution Time: 13350.329 ms
(57 rows)

