                                                                                                  QUERY PLAN                                                                                                  
--------------------------------------------------------------------------------------------------------------------------------------------------------------------------------------------------------------
 Aggregate  (cost=716146.24..716146.25 rows=1 width=136) (actual time=12173.027..12173.033 rows=1 loops=1)
   Buffers: shared hit=1142979 read=417901
   ->  Nested Loop  (cost=2571.83..716146.10 rows=9 width=58) (actual time=12173.022..12173.027 rows=0 loops=1)
         Buffers: shared hit=1142979 read=417901
         ->  Nested Loop  (cost=2571.69..716144.71 rows=9 width=18) (actual time=12173.021..12173.026 rows=0 loops=1)
               Buffers: shared hit=1142979 read=417901
               ->  Nested Loop  (cost=2571.27..716027.25 rows=164 width=22) (actual time=1247.688..12078.002 rows=3483 loops=1)
                     Buffers: shared hit=1129966 read=417242
                     ->  Nested Loop  (cost=2570.84..715010.66 rows=1528 width=26) (actual time=1227.141..11255.308 rows=32870 loops=1)
                           Buffers: shared hit=1006395 read=409333
                           ->  Nested Loop  (cost=2570.55..712671.62 rows=9167 width=30) (actual time=1219.062..10967.328 rows=240350 loops=1)
                                 Buffers: shared hit=984804 read=409333
                                 ->  Hash Join  (cost=2570.12..706541.62 rows=9167 width=22) (actual time=1219.011..5253.338 rows=245202 loops=1)
                                       Hash Cond: (catalog_returns.cr_returned_date_sk = date_dim.d_date_sk)
                                       Buffers: shared hit=23658 read=409079
                                       ->  Seq Scan on catalog_returns  (cost=0.00..647267.12 rows=21600412 width=26) (actual time=0.043..3483.902 rows=21598628 loops=1)
                                             Buffers: shared hit=22184 read=409079
                                       ->  Hash  (cost=2569.73..2569.73 rows=31 width=4) (actual time=19.198..19.199 rows=31 loops=1)
                                             Buckets: 1024  Batches: 1  Memory Usage: 10kB
                                             Buffers: shared hit=1474
                                             ->  Seq Scan on date_dim  (cost=0.00..2569.73 rows=31 width=4) (actual time=10.039..19.182 rows=31 loops=1)
                                                   Filter: ((d_year = 2000) AND (d_moy = 7))
                                                   Rows Removed by Filter: 73018
                                                   Buffers: shared hit=1474
                                 ->  Index Scan using customer_pkey on customer  (cost=0.43..0.67 rows=1 width=16) (actual time=0.023..0.023 rows=1 loops=245202)
                                       Index Cond: (c_customer_sk = catalog_returns.cr_returning_customer_sk)
                                       Buffers: shared hit=961146 read=254
                           ->  Memoize  (cost=0.29..0.31 rows=1 width=4) (actual time=0.001..0.001 rows=0 loops=240350)
                                 Cache Key: customer.c_current_hdemo_sk
                                 Cache Mode: logical
                                 Hits: 233152  Misses: 7198  Evictions: 0  Overflows: 0  Memory Usage: 521kB
                                 Buffers: shared hit=21591
                                 ->  Index Scan using household_demographics_pkey on household_demographics  (cost=0.28..0.30 rows=1 width=4) (actual time=0.015..0.015 rows=0 loops=7198)
                                       Index Cond: (hd_demo_sk = customer.c_current_hdemo_sk)
                                       Filter: (hd_buy_potential ~~ '1001-5000%'::text)
                                       Rows Removed by Filter: 1
                                       Buffers: shared hit=21591
                     ->  Index Scan using customer_address_pkey on customer_address  (cost=0.42..0.67 rows=1 width=4) (actual time=0.025..0.025 rows=0 loops=32870)
                           Index Cond: (ca_address_sk = customer.c_current_addr_sk)
                           Filter: (ca_gmt_offset = '-7'::numeric)
                           Rows Removed by Filter: 1
                           Buffers: shared hit=123571 read=7909
               ->  Index Scan using customer_demographics_pkey on customer_demographics  (cost=0.43..0.72 rows=1 width=4) (actual time=0.027..0.027 rows=0 loops=3483)
                     Index Cond: (cd_demo_sk = customer.c_current_cdemo_sk)
                     Filter: (((cd_marital_status = 'M'::bpchar) AND (cd_education_status = 'Unknown'::bpchar)) OR ((cd_marital_status = 'W'::bpchar) AND (cd_education_status = 'Advanced Degree'::bpchar)))
                     Rows Removed by Filter: 1
                     Buffers: shared hit=13013 read=659
         ->  Index Scan using call_center_pkey on call_center  (cost=0.14..0.16 rows=1 width=48) (never executed)
               Index Cond: (cc_call_center_sk = catalog_returns.cr_call_center_sk)
 Planning:
   Buffers: shared hit=415
 Planning Time: 4.429 ms
 Execution Time: 12173.842 ms
(53 rows)

