                                                                                                  QUERY PLAN                                                                                                  
--------------------------------------------------------------------------------------------------------------------------------------------------------------------------------------------------------------
 Aggregate  (cost=715903.32..715903.33 rows=1 width=136) (actual time=12761.371..12761.379 rows=1 loops=1)
   Buffers: shared hit=1204548 read=416647
   ->  Nested Loop  (cost=2571.82..715903.18 rows=9 width=58) (actual time=1146.458..12759.649 rows=610 loops=1)
         Buffers: shared hit=1204548 read=416647
         ->  Nested Loop  (cost=2571.68..715901.79 rows=9 width=18) (actual time=1146.439..12751.174 rows=614 loops=1)
               Buffers: shared hit=1203328 read=416647
               ->  Nested Loop  (cost=2571.25..715788.62 rows=158 width=22) (actual time=1123.704..12639.550 rows=4396 loops=1)
                     Buffers: shared hit=1187382 read=415341
                     ->  Nested Loop  (cost=2570.83..714805.30 rows=1478 width=26) (actual time=1123.676..11639.680 rows=39412 loops=1)
                           Buffers: shared hit=1037791 read=407284
                           ->  Nested Loop  (cost=2570.54..712473.67 rows=8871 width=30) (actual time=1123.645..11355.668 rows=247689 loops=1)
                                 Buffers: shared hit=1016209 read=407284
                                 ->  Hash Join  (cost=2570.11..706541.60 rows=8871 width=22) (actual time=1123.585..5637.173 rows=252693 loops=1)
                                       Hash Cond: (catalog_returns.cr_returned_date_sk = date_dim.d_date_sk)
                                       Buffers: shared hit=25649 read=407088
                                       ->  Seq Scan on catalog_returns  (cost=0.00..647267.12 rows=21600412 width=26) (actual time=0.402..3717.445 rows=21598628 loops=1)
                                             Buffers: shared hit=24199 read=407064
                                       ->  Hash  (cost=2569.73..2569.73 rows=30 width=4) (actual time=20.002..20.003 rows=31 loops=1)
                                             Buckets: 1024  Batches: 1  Memory Usage: 10kB
                                             Buffers: shared hit=1450 read=24
                                             ->  Seq Scan on date_dim  (cost=0.00..2569.73 rows=30 width=4) (actual time=10.198..19.986 rows=31 loops=1)
                                                   Filter: ((d_year = 2000) AND (d_moy = 5))
                                                   Rows Removed by Filter: 73018
                                                   Buffers: shared hit=1450 read=24
                                 ->  Index Scan using customer_pkey on customer  (cost=0.43..0.67 rows=1 width=16) (actual time=0.022..0.022 rows=1 loops=252693)
                                       Index Cond: (c_customer_sk = catalog_returns.cr_returning_customer_sk)
                                       Buffers: shared hit=990560 read=196
                           ->  Memoize  (cost=0.29..0.31 rows=1 width=4) (actual time=0.001..0.001 rows=0 loops=247689)
                                 Cache Key: customer.c_current_hdemo_sk
                                 Cache Mode: logical
                                 Hits: 240494  Misses: 7195  Evictions: 0  Overflows: 0  Memory Usage: 520kB
                                 Buffers: shared hit=21582
                                 ->  Index Scan using household_demographics_pkey on household_demographics  (cost=0.28..0.30 rows=1 width=4) (actual time=0.014..0.014 rows=0 loops=7195)
                                       Index Cond: (hd_demo_sk = customer.c_current_hdemo_sk)
                                       Filter: (hd_buy_potential ~~ '5001-10000%'::text)
                                       Rows Removed by Filter: 1
                                       Buffers: shared hit=21582
                     ->  Index Scan using customer_address_pkey on customer_address  (cost=0.42..0.67 rows=1 width=4) (actual time=0.025..0.025 rows=0 loops=39412)
                           Index Cond: (ca_address_sk = customer.c_current_addr_sk)
                           Filter: (ca_gmt_offset = '-7'::numeric)
                           Rows Removed by Filter: 1
                           Buffers: shared hit=149591 read=8057
               ->  Index Scan using customer_demographics_pkey on customer_demographics  (cost=0.43..0.72 rows=1 width=4) (actual time=0.025..0.025 rows=0 loops=4396)
                     Index Cond: (cd_demo_sk = customer.c_current_cdemo_sk)
                     Filter: (((cd_marital_status = 'M'::bpchar) AND (cd_education_status = 'Unknown'::bpchar)) OR ((cd_marital_status = 'W'::bpchar) AND (cd_education_status = 'Advanced Degree'::bpchar)))
                     Rows Removed by Filter: 1
                     Buffers: shared hit=15946 read=1306
         ->  Index Scan using call_center_pkey on call_center  (cost=0.14..0.16 rows=1 width=48) (actual time=0.012..0.012 rows=1 loops=614)
               Index Cond: (cc_call_center_sk = catalog_returns.cr_call_center_sk)
               Buffers: shared hit=1220
 Planning:
   Buffers: shared hit=415
 Planning Time: 5.758 ms
 Execution Time: 12762.441 ms
(54 rows)

