                                                                                                  QUERY PLAN                                                                                                  
--------------------------------------------------------------------------------------------------------------------------------------------------------------------------------------------------------------
 Aggregate  (cost=715903.32..715903.33 rows=1 width=136) (actual time=12945.291..12945.298 rows=1 loops=1)
   Buffers: shared hit=1239020 read=420690
   ->  Nested Loop  (cost=2571.82..715903.18 rows=9 width=58) (actual time=447.460..12943.373 rows=691 loops=1)
         Buffers: shared hit=1239020 read=420690
         ->  Nested Loop  (cost=2571.68..715901.79 rows=9 width=18) (actual time=447.446..12934.986 rows=698 loops=1)
               Buffers: shared hit=1237638 read=420690
               ->  Nested Loop  (cost=2571.25..715788.62 rows=158 width=22) (actual time=438.500..12789.526 rows=5293 loops=1)
                     Buffers: shared hit=1218502 read=419114
                     ->  Nested Loop  (cost=2570.83..714805.30 rows=1478 width=26) (actual time=432.828..11793.550 rows=39367 loops=1)
                           Buffers: shared hit=1069782 read=410366
                           ->  Nested Loop  (cost=2570.54..712473.67 rows=8871 width=30) (actual time=431.417..11493.618 rows=256455 loops=1)
                                 Buffers: shared hit=1048191 read=410366
                                 ->  Hash Join  (cost=2570.11..706541.60 rows=8871 width=22) (actual time=431.357..5369.597 rows=261687 loops=1)
                                       Hash Cond: (catalog_returns.cr_returned_date_sk = date_dim.d_date_sk)
                                       Buffers: shared hit=22705 read=410032
                                       ->  Seq Scan on catalog_returns  (cost=0.00..647267.12 rows=21600412 width=26) (actual time=0.270..3535.728 rows=21598628 loops=1)
                                             Buffers: shared hit=21358 read=409905
                                       ->  Hash  (cost=2569.73..2569.73 rows=30 width=4) (actual time=27.338..27.339 rows=30 loops=1)
                                             Buckets: 1024  Batches: 1  Memory Usage: 10kB
                                             Buffers: shared hit=1347 read=127
                                             ->  Seq Scan on date_dim  (cost=0.00..2569.73 rows=30 width=4) (actual time=14.511..27.323 rows=30 loops=1)
                                                   Filter: ((d_year = 1999) AND (d_moy = 4))
                                                   Rows Removed by Filter: 73019
                                                   Buffers: shared hit=1347 read=127
                                 ->  Index Scan using customer_pkey on customer  (cost=0.43..0.67 rows=1 width=16) (actual time=0.023..0.023 rows=1 loops=261687)
                                       Index Cond: (c_customer_sk = catalog_returns.cr_returning_customer_sk)
                                       Buffers: shared hit=1025486 read=334
                           ->  Memoize  (cost=0.29..0.31 rows=1 width=4) (actual time=0.001..0.001 rows=0 loops=256455)
                                 Cache Key: customer.c_current_hdemo_sk
                                 Cache Mode: logical
                                 Hits: 249257  Misses: 7198  Evictions: 0  Overflows: 0  Memory Usage: 521kB
                                 Buffers: shared hit=21591
                                 ->  Index Scan using household_demographics_pkey on household_demographics  (cost=0.28..0.30 rows=1 width=4) (actual time=0.014..0.014 rows=0 loops=7198)
                                       Index Cond: (hd_demo_sk = customer.c_current_hdemo_sk)
                                       Filter: (hd_buy_potential ~~ '0-500%'::text)
                                       Rows Removed by Filter: 1
                                       Buffers: shared hit=21591
                     ->  Index Scan using customer_address_pkey on customer_address  (cost=0.42..0.67 rows=1 width=4) (actual time=0.025..0.025 rows=0 loops=39367)
                           Index Cond: (ca_address_sk = customer.c_current_addr_sk)
                           Filter: (ca_gmt_offset = '-7'::numeric)
                           Rows Removed by Filter: 1
                           Buffers: shared hit=148720 read=8748
               ->  Index Scan using customer_demographics_pkey on customer_demographics  (cost=0.43..0.72 rows=1 width=4) (actual time=0.027..0.027 rows=0 loops=5293)
                     Index Cond: (cd_demo_sk = customer.c_current_cdemo_sk)
                     Filter: (((cd_marital_status = 'M'::bpchar) AND (cd_education_status = 'Unknown'::bpchar)) OR ((cd_marital_status = 'W'::bpchar) AND (cd_education_status = 'Advanced Degree'::bpchar)))
                     Rows Removed by Filter: 1
                     Buffers: shared hit=19136 read=1576
         ->  Index Scan using call_center_pkey on call_center  (cost=0.14..0.16 rows=1 width=48) (actual time=0.011..0.011 rows=1 loops=698)
               Index Cond: (cc_call_center_sk = catalog_returns.cr_call_center_sk)
               Buffers: shared hit=1382
 Planning:
   Buffers: shared hit=415
 Planning Time: 5.022 ms
 Execution Time: 12945.899 ms
(54 rows)

