                                                                                                     QUERY PLAN                                                                                                     
--------------------------------------------------------------------------------------------------------------------------------------------------------------------------------------------------------------------
 Aggregate  (cost=716164.96..716164.97 rows=1 width=136) (actual time=14473.025..14473.032 rows=1 loops=1)
   Buffers: shared hit=1484000 read=421788
   ->  Hash Join  (cost=2574.37..716164.39 rows=38 width=58) (actual time=14473.021..14473.027 rows=0 loops=1)
         Hash Cond: (catalog_returns.cr_call_center_sk = call_center.cc_call_center_sk)
         Buffers: shared hit=1484000 read=421788
         ->  Nested Loop  (cost=2571.69..716161.60 rows=38 width=18) (actual time=14472.958..14472.963 rows=0 loops=1)
               Buffers: shared hit=1483998 read=421788
               ->  Nested Loop  (cost=2571.27..716105.05 rows=85 width=22) (actual time=1876.166..14437.938 rows=1138 loops=1)
                     Buffers: shared hit=1479759 read=421475
                     ->  Nested Loop  (cost=2570.84..715010.66 rows=1528 width=26) (actual time=1851.763..13140.177 rows=51883 loops=1)
                           Buffers: shared hit=1293188 read=404358
                           ->  Nested Loop  (cost=2570.55..712671.62 rows=9167 width=30) (actual time=1844.573..12792.419 rows=310803 loops=1)
                                 Buffers: shared hit=1271591 read=404358
                                 ->  Hash Join  (cost=2570.12..706541.62 rows=9167 width=22) (actual time=1844.539..5541.994 rows=317153 loops=1)
                                       Hash Cond: (catalog_returns.cr_returned_date_sk = date_dim.d_date_sk)
                                       Buffers: shared hit=28912 read=403825
                                       ->  Seq Scan on catalog_returns  (cost=0.00..647267.12 rows=21600412 width=26) (actual time=0.244..3626.673 rows=21598628 loops=1)
                                             Buffers: shared hit=27565 read=403698
                                       ->  Hash  (cost=2569.73..2569.73 rows=31 width=4) (actual time=17.851..17.852 rows=31 loops=1)
                                             Buckets: 1024  Batches: 1  Memory Usage: 10kB
                                             Buffers: shared hit=1347 read=127
                                             ->  Seq Scan on date_dim  (cost=0.00..2569.73 rows=31 width=4) (actual time=9.012..17.835 rows=31 loops=1)
                                                   Filter: ((d_year = 2001) AND (d_moy = 7))
                                                   Rows Removed by Filter: 73018
                                                   Buffers: shared hit=1347 read=127
                                 ->  Index Scan using customer_pkey on customer  (cost=0.43..0.67 rows=1 width=16) (actual time=0.022..0.022 rows=1 loops=317153)
                                       Index Cond: (c_customer_sk = catalog_returns.cr_returning_customer_sk)
                                       Buffers: shared hit=1242679 read=533
                           ->  Memoize  (cost=0.29..0.31 rows=1 width=4) (actual time=0.001..0.001 rows=0 loops=310803)
                                 Cache Key: customer.c_current_hdemo_sk
                                 Cache Mode: logical
                                 Hits: 303603  Misses: 7200  Evictions: 0  Overflows: 0  Memory Usage: 521kB
                                 Buffers: shared hit=21597
                                 ->  Index Scan using household_demographics_pkey on household_demographics  (cost=0.28..0.30 rows=1 width=4) (actual time=0.016..0.016 rows=0 loops=7200)
                                       Index Cond: (hd_demo_sk = customer.c_current_hdemo_sk)
                                       Filter: (hd_buy_potential ~~ '501-1000%'::text)
                                       Rows Removed by Filter: 1
                                       Buffers: shared hit=21597
                     ->  Index Scan using customer_demographics_pkey on customer_demographics  (cost=0.43..0.72 rows=1 width=4) (actual time=0.025..0.025 rows=0 loops=51883)
                           Index Cond: (cd_demo_sk = customer.c_current_cdemo_sk)
                           Filter: (((cd_marital_status = 'M'::bpchar) AND (cd_education_status = 'Unknown'::bpchar)) OR ((cd_marital_status = 'W'::bpchar) AND (cd_education_status = 'Advanced Degree'::bpchar)))
                           Rows Removed by Filter: 1
                           Buffers: shared hit=186571 read=17117
               ->  Index Scan using customer_address_pkey on customer_address  (cost=0.42..0.67 rows=1 width=4) (actual time=0.030..0.030 rows=0 loops=1138)
                     Index Cond: (ca_address_sk = customer.c_current_addr_sk)
                     Filter: (ca_gmt_offset = '-6'::numeric)
                     Rows Removed by Filter: 1
                     Buffers: shared hit=4239 read=313
         ->  Hash  (cost=2.30..2.30 rows=30 width=48) (actual time=0.050..0.051 rows=30 loops=1)
               Buckets: 1024  Batches: 1  Memory Usage: 11kB
               Buffers: shared hit=2
               ->  Seq Scan on call_center  (cost=0.00..2.30 rows=30 width=48) (actual time=0.020..0.033 rows=30 loops=1)
                     Buffers: shared hit=2
 Planning:
   Buffers: shared hit=415
 Planning Time: 3.090 ms
 Execution Time: 14473.537 ms
(57 rows)

