                                                                                                  QUERY PLAN                                                                                                  
--------------------------------------------------------------------------------------------------------------------------------------------------------------------------------------------------------------
 Aggregate  (cost=715903.32..715903.33 rows=1 width=136) (actual time=13762.004..13762.010 rows=1 loops=1)
   Buffers: shared hit=1358166 read=426198
   ->  Nested Loop  (cost=2571.82..715903.18 rows=9 width=58) (actual time=554.634..13760.710 rows=360 loops=1)
         Buffers: shared hit=1358166 read=426198
         ->  Nested Loop  (cost=2571.68..715901.79 rows=9 width=18) (actual time=554.613..13751.556 rows=363 loops=1)
               Buffers: shared hit=1357446 read=426198
               ->  Nested Loop  (cost=2571.25..715788.62 rows=158 width=22) (actual time=439.985..13615.519 rows=4861 loops=1)
                     Buffers: shared hit=1339618 read=424894
                     ->  Nested Loop  (cost=2570.83..714805.30 rows=1478 width=26) (actual time=439.947..12340.496 rows=49489 loops=1)
                           Buffers: shared hit=1152664 read=413892
                           ->  Nested Loop  (cost=2570.54..712473.67 rows=8871 width=30) (actual time=439.463..12014.388 rows=278057 loops=1)
                                 Buffers: shared hit=1131073 read=413892
                                 ->  Hash Join  (cost=2570.11..706541.60 rows=8871 width=22) (actual time=439.416..5279.371 rows=283720 loops=1)
                                       Hash Cond: (catalog_returns.cr_returned_date_sk = date_dim.d_date_sk)
                                       Buffers: shared hit=19131 read=413606
                                       ->  Seq Scan on catalog_returns  (cost=0.00..647267.12 rows=21600412 width=26) (actual time=0.030..3463.203 rows=21598628 loops=1)
                                             Buffers: shared hit=19131 read=412132
                                       ->  Hash  (cost=2569.73..2569.73 rows=30 width=4) (actual time=17.020..17.021 rows=31 loops=1)
                                             Buckets: 1024  Batches: 1  Memory Usage: 10kB
                                             Buffers: shared read=1474
                                             ->  Seq Scan on date_dim  (cost=0.00..2569.73 rows=30 width=4) (actual time=9.534..17.004 rows=31 loops=1)
                                                   Filter: ((d_year = 1999) AND (d_moy = 5))
                                                   Rows Removed by Filter: 73018
                                                   Buffers: shared read=1474
                                 ->  Index Scan using customer_pkey on customer  (cost=0.43..0.67 rows=1 width=16) (actual time=0.023..0.023 rows=1 loops=283720)
                                       Index Cond: (c_customer_sk = catalog_returns.cr_returning_customer_sk)
                                       Buffers: shared hit=1111942 read=286
                           ->  Memoize  (cost=0.29..0.31 rows=1 width=4) (actual time=0.001..0.001 rows=0 loops=278057)
                                 Cache Key: customer.c_current_hdemo_sk
                                 Cache Mode: logical
                                 Hits: 270859  Misses: 7198  Evictions: 0  Overflows: 0  Memory Usage: 521kB
                                 Buffers: shared hit=21591
                                 ->  Index Scan using household_demographics_pkey on household_demographics  (cost=0.28..0.30 rows=1 width=4) (actual time=0.015..0.015 rows=0 loops=7198)
                                       Index Cond: (hd_demo_sk = customer.c_current_hdemo_sk)
                                       Filter: (hd_buy_potential ~~ '>10000%'::text)
                                       Rows Removed by Filter: 1
                                       Buffers: shared hit=21591
                     ->  Index Scan using customer_address_pkey on customer_address  (cost=0.42..0.67 rows=1 width=4) (actual time=0.025..0.025 rows=0 loops=49489)
                           Index Cond: (ca_address_sk = customer.c_current_addr_sk)
                           Filter: (ca_gmt_offset = '-7'::numeric)
                           Rows Removed by Filter: 1
                           Buffers: shared hit=186954 read=11002
               ->  Index Scan using customer_demographics_pkey on customer_demographics  (cost=0.43..0.72 rows=1 width=4) (actual time=0.028..0.028 rows=0 loops=4861)
                     Index Cond: (cd_demo_sk = customer.c_current_cdemo_sk)
                     Filter: (((cd_marital_status = 'M'::bpchar) AND (cd_education_status = 'Unknown'::bpchar)) OR ((cd_marital_status = 'W'::bpchar) AND (cd_education_status = 'Advanced Degree'::bpchar)))
                     Rows Removed by Filter: 1
                     Buffers: shared hit=17828 read=1304
         ->  Index Scan using call_center_pkey on call_center  (cost=0.14..0.16 rows=1 width=48) (actual time=0.023..0.023 rows=1 loops=363)
               Index Cond: (cc_call_center_sk = catalog_returns.cr_call_center_sk)
               Buffers: shared hit=720
 Planning:
   Buffers: shared hit=384 read=31
 Planning Time: 2.319 ms
 Execution Time: 13762.476 ms
(54 rows)

