                                                                                                     QUERY PLAN                                                                                                     
--------------------------------------------------------------------------------------------------------------------------------------------------------------------------------------------------------------------
 Aggregate  (cost=715921.76..715921.77 rows=1 width=136) (actual time=13593.835..13593.842 rows=1 loops=1)
   Buffers: shared hit=1350446 read=422812
   ->  Hash Join  (cost=2574.36..715921.22 rows=36 width=58) (actual time=440.869..13586.855 rows=3911 loops=1)
         Hash Cond: (catalog_returns.cr_call_center_sk = call_center.cc_call_center_sk)
         Buffers: shared hit=1350446 read=422812
         ->  Nested Loop  (cost=2571.68..715918.44 rows=36 width=18) (actual time=440.787..13584.152 rows=3963 loops=1)
               Buffers: shared hit=1350444 read=422812
               ->  Nested Loop  (cost=2571.26..715863.88 rows=82 width=22) (actual time=437.815..13445.439 rows=5077 loops=1)
                     Buffers: shared hit=1331138 read=421810
                     ->  Nested Loop  (cost=2570.83..714805.30 rows=1478 width=26) (actual time=437.075..12233.361 rows=47449 loops=1)
                           Buffers: shared hit=1154937 read=411619
                           ->  Nested Loop  (cost=2570.54..712473.67 rows=8871 width=30) (actual time=431.247..11923.877 rows=278057 loops=1)
                                 Buffers: shared hit=1133346 read=411619
                                 ->  Hash Join  (cost=2570.11..706541.60 rows=8871 width=22) (actual time=431.199..5410.786 rows=283720 loops=1)
                                       Hash Cond: (catalog_returns.cr_returned_date_sk = date_dim.d_date_sk)
                                       Buffers: shared hit=21251 read=411486
                                       ->  Seq Scan on catalog_returns  (cost=0.00..647267.12 rows=21600412 width=26) (actual time=0.021..3554.691 rows=21598628 loops=1)
                                             Buffers: shared hit=19777 read=411486
                                       ->  Hash  (cost=2569.73..2569.73 rows=30 width=4) (actual time=23.793..23.794 rows=31 loops=1)
                                             Buckets: 1024  Batches: 1  Memory Usage: 10kB
                                             Buffers: shared hit=1474
                                             ->  Seq Scan on date_dim  (cost=0.00..2569.73 rows=30 width=4) (actual time=9.025..23.776 rows=31 loops=1)
                                                   Filter: ((d_year = 1999) AND (d_moy = 5))
                                                   Rows Removed by Filter: 73018
                                                   Buffers: shared hit=1474
                                 ->  Index Scan using customer_pkey on customer  (cost=0.43..0.67 rows=1 width=16) (actual time=0.022..0.022 rows=1 loops=283720)
                                       Index Cond: (c_customer_sk = catalog_returns.cr_returning_customer_sk)
                                       Buffers: shared hit=1112095 read=133
                           ->  Memoize  (cost=0.29..0.31 rows=1 width=4) (actual time=0.001..0.001 rows=0 loops=278057)
                                 Cache Key: customer.c_current_hdemo_sk
                                 Cache Mode: logical
                                 Hits: 270859  Misses: 7198  Evictions: 0  Overflows: 0  Memory Usage: 521kB
                                 Buffers: shared hit=21591
                                 ->  Index Scan using household_demographics_pkey on household_demographics  (cost=0.28..0.30 rows=1 width=4) (actual time=0.013..0.013 rows=0 loops=7198)
                                       Index Cond: (hd_demo_sk = customer.c_current_hdemo_sk)
                                       Filter: (hd_buy_potential ~~ 'Unknown%'::text)
                                       Rows Removed by Filter: 1
                                       Buffers: shared hit=21591
                     ->  Index Scan using customer_demographics_pkey on customer_demographics  (cost=0.43..0.72 rows=1 width=4) (actual time=0.025..0.025 rows=0 loops=47449)
                           Index Cond: (cd_demo_sk = customer.c_current_cdemo_sk)
                           Filter: (((cd_marital_status = 'M'::bpchar) AND (cd_education_status = 'Unknown'::bpchar)) OR ((cd_marital_status = 'W'::bpchar) AND (cd_education_status = 'Advanced Degree'::bpchar)))
                           Rows Removed by Filter: 1
                           Buffers: shared hit=176201 read=10191
               ->  Index Scan using customer_address_pkey on customer_address  (cost=0.42..0.67 rows=1 width=4) (actual time=0.027..0.027 rows=1 loops=5077)
                     Index Cond: (ca_address_sk = customer.c_current_addr_sk)
                     Filter: (ca_gmt_offset = '-6'::numeric)
                     Rows Removed by Filter: 0
                     Buffers: shared hit=19306 read=1002
         ->  Hash  (cost=2.30..2.30 rows=30 width=48) (actual time=0.058..0.059 rows=30 loops=1)
               Buckets: 1024  Batches: 1  Memory Usage: 11kB
               Buffers: shared hit=2
               ->  Seq Scan on call_center  (cost=0.00..2.30 rows=30 width=48) (actual time=0.022..0.038 rows=30 loops=1)
                     Buffers: shared hit=2
 Planning:
   Buffers: shared hit=415
 Planning Time: 3.237 ms
 Execution Time: 13594.474 ms
(57 rows)

