                                                                                                  QUERY PLAN                                                                                                  
--------------------------------------------------------------------------------------------------------------------------------------------------------------------------------------------------------------
 Aggregate  (cost=715903.32..715903.33 rows=1 width=136) (actual time=12664.428..12664.435 rows=1 loops=1)
   Buffers: shared hit=1224501 read=422549
   ->  Nested Loop  (cost=2571.82..715903.18 rows=9 width=58) (actual time=1439.238..12663.353 rows=317 loops=1)
         Buffers: shared hit=1224501 read=422549
         ->  Nested Loop  (cost=2571.68..715901.79 rows=9 width=18) (actual time=1439.224..12658.627 rows=318 loops=1)
               Buffers: shared hit=1223867 read=422549
               ->  Nested Loop  (cost=2571.25..715788.62 rows=158 width=22) (actual time=1425.086..12547.764 rows=4499 loops=1)
                     Buffers: shared hit=1207360 read=421492
                     ->  Nested Loop  (cost=2570.83..714805.30 rows=1478 width=26) (actual time=1417.101..11439.420 rows=44732 loops=1)
                           Buffers: shared hit=1040926 read=408998
                           ->  Nested Loop  (cost=2570.54..712473.67 rows=8871 width=30) (actual time=1411.349..11149.775 rows=248899 loops=1)
                                 Buffers: shared hit=1019335 read=408998
                                 ->  Hash Join  (cost=2570.11..706541.60 rows=8871 width=22) (actual time=1411.297..5324.595 rows=254161 loops=1)
                                       Hash Cond: (catalog_returns.cr_returned_date_sk = date_dim.d_date_sk)
                                       Buffers: shared hit=24259 read=408478
                                       ->  Seq Scan on catalog_returns  (cost=0.00..647267.12 rows=21600412 width=26) (actual time=0.349..3559.648 rows=21598628 loops=1)
                                             Buffers: shared hit=22785 read=408478
                                       ->  Hash  (cost=2569.73..2569.73 rows=30 width=4) (actual time=19.090..19.092 rows=31 loops=1)
                                             Buckets: 1024  Batches: 1  Memory Usage: 10kB
                                             Buffers: shared hit=1474
                                             ->  Seq Scan on date_dim  (cost=0.00..2569.73 rows=30 width=4) (actual time=9.979..19.073 rows=31 loops=1)
                                                   Filter: ((d_year = 2000) AND (d_moy = 12))
                                                   Rows Removed by Filter: 73018
                                                   Buffers: shared hit=1474
                                 ->  Index Scan using customer_pkey on customer  (cost=0.43..0.67 rows=1 width=16) (actual time=0.022..0.022 rows=1 loops=254161)
                                       Index Cond: (c_customer_sk = catalog_returns.cr_returning_customer_sk)
                                       Buffers: shared hit=995076 read=520
                           ->  Memoize  (cost=0.29..0.31 rows=1 width=4) (actual time=0.001..0.001 rows=0 loops=248899)
                                 Cache Key: customer.c_current_hdemo_sk
                                 Cache Mode: logical
                                 Hits: 241701  Misses: 7198  Evictions: 0  Overflows: 0  Memory Usage: 521kB
                                 Buffers: shared hit=21591
                                 ->  Index Scan using household_demographics_pkey on household_demographics  (cost=0.28..0.30 rows=1 width=4) (actual time=0.014..0.014 rows=0 loops=7198)
                                       Index Cond: (hd_demo_sk = customer.c_current_hdemo_sk)
                                       Filter: (hd_buy_potential ~~ '>10000%'::text)
                                       Rows Removed by Filter: 1
                                       Buffers: shared hit=21591
                     ->  Index Scan using customer_address_pkey on customer_address  (cost=0.42..0.67 rows=1 width=4) (actual time=0.024..0.024 rows=0 loops=44732)
                           Index Cond: (ca_address_sk = customer.c_current_addr_sk)
                           Filter: (ca_gmt_offset = '-7'::numeric)
                           Rows Removed by Filter: 1
                           Buffers: shared hit=166434 read=12494
               ->  Index Scan using customer_demographics_pkey on customer_demographics  (cost=0.43..0.72 rows=1 width=4) (actual time=0.024..0.024 rows=0 loops=4499)
                     Index Cond: (cd_demo_sk = customer.c_current_cdemo_sk)
                     Filter: (((cd_marital_status = 'M'::bpchar) AND (cd_education_status = 'Unknown'::bpchar)) OR ((cd_marital_status = 'W'::bpchar) AND (cd_education_status = 'Advanced Degree'::bpchar)))
                     Rows Removed by Filter: 1
                     Buffers: shared hit=16507 read=1057
         ->  Index Scan using call_center_pkey on call_center  (cost=0.14..0.16 rows=1 width=48) (actual time=0.013..0.013 rows=1 loops=318)
               Index Cond: (cc_call_center_sk = catalog_returns.cr_call_center_sk)
               Buffers: shared hit=634
 Planning:
   Buffers: shared hit=415
 Planning Time: 4.359 ms
 Execution Time: 12665.269 ms
(54 rows)

