                                                                                                     QUERY PLAN                                                                                                     
--------------------------------------------------------------------------------------------------------------------------------------------------------------------------------------------------------------------
 Aggregate  (cost=716164.96..716164.97 rows=1 width=136) (actual time=14659.140..14659.147 rows=1 loops=1)
   Buffers: shared hit=1520148 read=415235
   ->  Hash Join  (cost=2574.37..716164.39 rows=38 width=58) (actual time=14659.135..14659.142 rows=0 loops=1)
         Hash Cond: (catalog_returns.cr_call_center_sk = call_center.cc_call_center_sk)
         Buffers: shared hit=1520148 read=415235
         ->  Nested Loop  (cost=2571.69..716161.60 rows=38 width=18) (actual time=14659.047..14659.052 rows=0 loops=1)
               Buffers: shared hit=1520146 read=415235
               ->  Nested Loop  (cost=2571.27..716105.05 rows=85 width=22) (actual time=2937.111..14602.498 rows=2142 loops=1)
                     Buffers: shared hit=1512319 read=414494
                     ->  Nested Loop  (cost=2570.84..715010.66 rows=1528 width=26) (actual time=2916.014..13410.604 rows=49287 loops=1)
                           Buffers: shared hit=1328613 read=404508
                           ->  Nested Loop  (cost=2570.55..712671.62 rows=9167 width=30) (actual time=2911.111..13054.425 rows=319696 loops=1)
                                 Buffers: shared hit=1307013 read=404508
                                 ->  Hash Join  (cost=2570.12..706541.62 rows=9167 width=22) (actual time=2911.062..5663.626 rows=326115 loops=1)
                                       Hash Cond: (catalog_returns.cr_returned_date_sk = date_dim.d_date_sk)
                                       Buffers: shared hit=28812 read=403925
                                       ->  Seq Scan on catalog_returns  (cost=0.00..647267.12 rows=21600412 width=26) (actual time=0.038..3767.590 rows=21598628 loops=1)
                                             Buffers: shared hit=28812 read=402451
                                       ->  Hash  (cost=2569.73..2569.73 rows=31 width=4) (actual time=22.012..22.013 rows=31 loops=1)
                                             Buckets: 1024  Batches: 1  Memory Usage: 10kB
                                             Buffers: shared read=1474
                                             ->  Seq Scan on date_dim  (cost=0.00..2569.73 rows=31 width=4) (actual time=13.045..21.998 rows=31 loops=1)
                                                   Filter: ((d_year = 2002) AND (d_moy = 8))
                                                   Rows Removed by Filter: 73018
                                                   Buffers: shared read=1474
                                 ->  Index Scan using customer_pkey on customer  (cost=0.43..0.67 rows=1 width=16) (actual time=0.022..0.022 rows=1 loops=326115)
                                       Index Cond: (c_customer_sk = catalog_returns.cr_returning_customer_sk)
                                       Buffers: shared hit=1278201 read=583
                           ->  Memoize  (cost=0.29..0.31 rows=1 width=4) (actual time=0.001..0.001 rows=0 loops=319696)
                                 Cache Key: customer.c_current_hdemo_sk
                                 Cache Mode: logical
                                 Hits: 312495  Misses: 7201  Evictions: 0  Overflows: 0  Memory Usage: 521kB
                                 Buffers: shared hit=21600
                                 ->  Index Scan using household_demographics_pkey on household_demographics  (cost=0.28..0.30 rows=1 width=4) (actual time=0.016..0.016 rows=0 loops=7201)
                                       Index Cond: (hd_demo_sk = customer.c_current_hdemo_sk)
                                       Filter: (hd_buy_potential ~~ '0-500%'::text)
                                       Rows Removed by Filter: 1
                                       Buffers: shared hit=21600
                     ->  Index Scan using customer_demographics_pkey on customer_demographics  (cost=0.43..0.72 rows=1 width=4) (actual time=0.024..0.024 rows=0 loops=49287)
                           Index Cond: (cd_demo_sk = customer.c_current_cdemo_sk)
                           Filter: (((cd_marital_status = 'M'::bpchar) AND (cd_education_status = 'Unknown'::bpchar)) OR ((cd_marital_status = 'W'::bpchar) AND (cd_education_status = 'Advanced Degree'::bpchar)))
                           Rows Removed by Filter: 1
                           Buffers: shared hit=183706 read=9986
               ->  Index Scan using customer_address_pkey on customer_address  (cost=0.42..0.67 rows=1 width=4) (actual time=0.026..0.026 rows=0 loops=2142)
                     Index Cond: (ca_address_sk = customer.c_current_addr_sk)
                     Filter: (ca_gmt_offset = '-6'::numeric)
                     Rows Removed by Filter: 1
                     Buffers: shared hit=7827 read=741
         ->  Hash  (cost=2.30..2.30 rows=30 width=48) (actual time=0.068..0.069 rows=30 loops=1)
               Buckets: 1024  Batches: 1  Memory Usage: 11kB
               Buffers: shared hit=2
               ->  Seq Scan on call_center  (cost=0.00..2.30 rows=30 width=48) (actual time=0.025..0.043 rows=30 loops=1)
                     Buffers: shared hit=2
 Planning:
   Buffers: shared hit=384 read=31
 Planning Time: 4.427 ms
 Execution Time: 14659.832 ms
(57 rows)

