                                                                                                  QUERY PLAN                                                                                                  
--------------------------------------------------------------------------------------------------------------------------------------------------------------------------------------------------------------
 Aggregate  (cost=715903.32..715903.33 rows=1 width=136) (actual time=4955.701..4955.707 rows=1 loops=1)
   Buffers: shared hit=42570 read=399683
   ->  Nested Loop  (cost=2571.82..715903.18 rows=9 width=58) (actual time=4955.697..4955.702 rows=0 loops=1)
         Buffers: shared hit=42570 read=399683
         ->  Nested Loop  (cost=2571.68..715901.79 rows=9 width=18) (actual time=4955.696..4955.702 rows=0 loops=1)
               Buffers: shared hit=42570 read=399683
               ->  Nested Loop  (cost=2571.25..715788.62 rows=158 width=22) (actual time=22.965..4955.264 rows=22 loops=1)
                     Buffers: shared hit=42490 read=399679
                     ->  Nested Loop  (cost=2570.83..714805.30 rows=1478 width=26) (actual time=17.296..4951.050 rows=188 loops=1)
                           Buffers: shared hit=41815 read=399602
                           ->  Nested Loop  (cost=2570.54..712473.67 rows=8871 width=30) (actual time=17.267..4937.551 rows=1306 loops=1)
                                 Buffers: shared hit=38359 read=399602
                                 ->  Hash Join  (cost=2570.11..706541.60 rows=8871 width=22) (actual time=16.311..4905.723 rows=1337 loops=1)
                                       Hash Cond: (catalog_returns.cr_returned_date_sk = date_dim.d_date_sk)
                                       Buffers: shared hit=33137 read=399600
                                       ->  Seq Scan on catalog_returns  (cost=0.00..647267.12 rows=21600412 width=26) (actual time=0.027..3278.311 rows=21598628 loops=1)
                                             Buffers: shared hit=31663 read=399600
                                       ->  Hash  (cost=2569.73..2569.73 rows=30 width=4) (actual time=16.205..16.206 rows=31 loops=1)
                                             Buckets: 1024  Batches: 1  Memory Usage: 10kB
                                             Buffers: shared hit=1474
                                             ->  Seq Scan on date_dim  (cost=0.00..2569.73 rows=30 width=4) (actual time=7.856..16.190 rows=31 loops=1)
                                                   Filter: ((d_year = 1998) AND (d_moy = 1))
                                                   Rows Removed by Filter: 73018
                                                   Buffers: shared hit=1474
                                 ->  Index Scan using customer_pkey on customer  (cost=0.43..0.67 rows=1 width=16) (actual time=0.023..0.023 rows=1 loops=1337)
                                       Index Cond: (c_customer_sk = catalog_returns.cr_returning_customer_sk)
                                       Buffers: shared hit=5222 read=2
                           ->  Memoize  (cost=0.29..0.31 rows=1 width=4) (actual time=0.010..0.010 rows=0 loops=1306)
                                 Cache Key: customer.c_current_hdemo_sk
                                 Cache Mode: logical
                                 Hits: 153  Misses: 1153  Evictions: 0  Overflows: 0  Memory Usage: 83kB
                                 Buffers: shared hit=3456
                                 ->  Index Scan using household_demographics_pkey on household_demographics  (cost=0.28..0.30 rows=1 width=4) (actual time=0.011..0.011 rows=0 loops=1153)
                                       Index Cond: (hd_demo_sk = customer.c_current_hdemo_sk)
                                       Filter: (hd_buy_potential ~~ '1001-5000%'::text)
                                       Rows Removed by Filter: 1
                                       Buffers: shared hit=3456
                     ->  Index Scan using customer_address_pkey on customer_address  (cost=0.42..0.67 rows=1 width=4) (actual time=0.022..0.022 rows=0 loops=188)
                           Index Cond: (ca_address_sk = customer.c_current_addr_sk)
                           Filter: (ca_gmt_offset = '-7'::numeric)
                           Rows Removed by Filter: 1
                           Buffers: shared hit=675 read=77
               ->  Index Scan using customer_demographics_pkey on customer_demographics  (cost=0.43..0.72 rows=1 width=4) (actual time=0.019..0.019 rows=0 loops=22)
                     Index Cond: (cd_demo_sk = customer.c_current_cdemo_sk)
                     Filter: (((cd_marital_status = 'M'::bpchar) AND (cd_education_status = 'Unknown'::bpchar)) OR ((cd_marital_status = 'W'::bpchar) AND (cd_education_status = 'Advanced Degree'::bpchar)))
                     Rows Removed by Filter: 1
                     Buffers: shared hit=80 read=4
         ->  Index Scan using call_center_pkey on call_center  (cost=0.14..0.16 rows=1 width=48) (never executed)
               Index Cond: (cc_call_center_sk = catalog_returns.cr_call_center_sk)
 Planning:
   Buffers: shared hit=415
 Planning Time: 2.171 ms
 Execution Time: 4956.117 ms
(53 rows)

