                                                                                                  QUERY PLAN                                                                                                  
--------------------------------------------------------------------------------------------------------------------------------------------------------------------------------------------------------------
 Aggregate  (cost=716146.24..716146.25 rows=1 width=136) (actual time=12730.105..12730.111 rows=1 loops=1)
   Buffers: shared hit=1201085 read=430331
   ->  Nested Loop  (cost=2571.83..716146.10 rows=9 width=58) (actual time=396.446..12729.073 rows=289 loops=1)
         Buffers: shared hit=1201085 read=430331
         ->  Nested Loop  (cost=2571.69..716144.71 rows=9 width=18) (actual time=396.432..12726.159 rows=291 loops=1)
               Buffers: shared hit=1200507 read=430331
               ->  Nested Loop  (cost=2571.27..716027.25 rows=164 width=22) (actual time=354.646..12643.162 rows=3102 loops=1)
                     Buffers: shared hit=1188756 read=429858
                     ->  Nested Loop  (cost=2570.84..715010.66 rows=1528 width=26) (actual time=341.596..11600.959 rows=41764 loops=1)
                           Buffers: shared hit=1037723 read=413835
                           ->  Nested Loop  (cost=2570.55..712671.62 rows=9167 width=30) (actual time=337.490..11313.358 rows=249306 loops=1)
                                 Buffers: shared hit=1016126 read=413835
                                 ->  Hash Join  (cost=2570.12..706541.62 rows=9167 width=22) (actual time=337.432..5355.536 rows=254456 loops=1)
                                       Hash Cond: (catalog_returns.cr_returned_date_sk = date_dim.d_date_sk)
                                       Buffers: shared hit=19270 read=413467
                                       ->  Seq Scan on catalog_returns  (cost=0.00..647267.12 rows=21600412 width=26) (actual time=0.049..3561.393 rows=21598628 loops=1)
                                             Buffers: shared hit=17796 read=413467
                                       ->  Hash  (cost=2569.73..2569.73 rows=31 width=4) (actual time=19.379..19.380 rows=31 loops=1)
                                             Buckets: 1024  Batches: 1  Memory Usage: 10kB
                                             Buffers: shared hit=1474
                                             ->  Seq Scan on date_dim  (cost=0.00..2569.73 rows=31 width=4) (actual time=10.019..19.364 rows=31 loops=1)
                                                   Filter: ((d_year = 1999) AND (d_moy = 3))
                                                   Rows Removed by Filter: 73018
                                                   Buffers: shared hit=1474
                                 ->  Index Scan using customer_pkey on customer  (cost=0.43..0.67 rows=1 width=16) (actual time=0.023..0.023 rows=1 loops=254456)
                                       Index Cond: (c_customer_sk = catalog_returns.cr_returning_customer_sk)
                                       Buffers: shared hit=996856 read=368
                           ->  Memoize  (cost=0.29..0.31 rows=1 width=4) (actual time=0.001..0.001 rows=0 loops=249306)
                                 Cache Key: customer.c_current_hdemo_sk
                                 Cache Mode: logical
                                 Hits: 242106  Misses: 7200  Evictions: 0  Overflows: 0  Memory Usage: 521kB
                                 Buffers: shared hit=21597
                                 ->  Index Scan using household_demographics_pkey on household_demographics  (cost=0.28..0.30 rows=1 width=4) (actual time=0.014..0.014 rows=0 loops=7200)
                                       Index Cond: (hd_demo_sk = customer.c_current_hdemo_sk)
                                       Filter: (hd_buy_potential ~~ '501-1000%'::text)
                                       Rows Removed by Filter: 1
                                       Buffers: shared hit=21597
                     ->  Index Scan using customer_address_pkey on customer_address  (cost=0.42..0.67 rows=1 width=4) (actual time=0.025..0.025 rows=0 loops=41764)
                           Index Cond: (ca_address_sk = customer.c_current_addr_sk)
                           Filter: (ca_gmt_offset = '-7'::numeric)
                           Rows Removed by Filter: 1
                           Buffers: shared hit=151033 read=16023
               ->  Index Scan using customer_demographics_pkey on customer_demographics  (cost=0.43..0.72 rows=1 width=4) (actual time=0.026..0.026 rows=0 loops=3102)
                     Index Cond: (cd_demo_sk = customer.c_current_cdemo_sk)
                     Filter: (((cd_marital_status = 'M'::bpchar) AND (cd_education_status = 'Unknown'::bpchar)) OR ((cd_marital_status = 'W'::bpchar) AND (cd_education_status = 'Advanced Degree'::bpchar)))
                     Rows Removed by Filter: 1
                     Buffers: shared hit=11751 read=473
         ->  Index Scan using call_center_pkey on call_center  (cost=0.14..0.16 rows=1 width=48) (actual time=0.008..0.008 rows=1 loops=291)
               Index Cond: (cc_call_center_sk = catalog_returns.cr_call_center_sk)
               Buffers: shared hit=578
 Planning:
   Buffers: shared hit=415
 Planning Time: 4.385 ms
 Execution Time: 12730.931 ms
(54 rows)

