                                                                                                  QUERY PLAN                                                                                                  
--------------------------------------------------------------------------------------------------------------------------------------------------------------------------------------------------------------
 Aggregate  (cost=715661.61..715661.62 rows=1 width=136) (actual time=13891.330..13891.336 rows=1 loops=1)
   Buffers: shared hit=1386076 read=424084
   ->  Nested Loop  (cost=2571.81..715661.49 rows=8 width=58) (actual time=2356.268..13889.289 rows=735 loops=1)
         Buffers: shared hit=1386076 read=424084
         ->  Nested Loop  (cost=2571.67..715660.25 rows=8 width=18) (actual time=2356.254..13880.666 rows=751 loops=1)
               Buffers: shared hit=1384606 read=424084
               ->  Nested Loop  (cost=2571.24..715550.67 rows=153 width=22) (actual time=2305.363..13749.527 rows=5089 loops=1)
                     Buffers: shared hit=1366034 read=422756
                     ->  Nested Loop  (cost=2570.82..714599.95 rows=1429 width=26) (actual time=2277.398..12635.509 rows=45375 loops=1)
                           Buffers: shared hit=1195418 read=411872
                           ->  Nested Loop  (cost=2570.52..712275.72 rows=8575 width=30) (actual time=2277.057..12319.087 rows=288239 loops=1)
                                 Buffers: shared hit=1173821 read=411872
                                 ->  Hash Join  (cost=2570.10..706541.59 rows=8575 width=22) (actual time=2277.008..5596.206 rows=294240 loops=1)
                                       Hash Cond: (catalog_returns.cr_returned_date_sk = date_dim.d_date_sk)
                                       Buffers: shared hit=21267 read=411470
                                       ->  Seq Scan on catalog_returns  (cost=0.00..647267.12 rows=21600412 width=26) (actual time=0.430..3723.901 rows=21598628 loops=1)
                                             Buffers: shared hit=19793 read=411470
                                       ->  Hash  (cost=2569.73..2569.73 rows=29 width=4) (actual time=19.059..19.060 rows=30 loops=1)
                                             Buckets: 1024  Batches: 1  Memory Usage: 10kB
                                             Buffers: shared hit=1474
                                             ->  Seq Scan on date_dim  (cost=0.00..2569.73 rows=29 width=4) (actual time=9.791..19.047 rows=30 loops=1)
                                                   Filter: ((d_year = 2001) AND (d_moy = 11))
                                                   Rows Removed by Filter: 73019
                                                   Buffers: shared hit=1474
                                 ->  Index Scan using customer_pkey on customer  (cost=0.43..0.67 rows=1 width=16) (actual time=0.022..0.022 rows=1 loops=294240)
                                       Index Cond: (c_customer_sk = catalog_returns.cr_returning_customer_sk)
                                       Buffers: shared hit=1152554 read=402
                           ->  Memoize  (cost=0.29..0.31 rows=1 width=4) (actual time=0.001..0.001 rows=0 loops=288239)
                                 Cache Key: customer.c_current_hdemo_sk
                                 Cache Mode: logical
                                 Hits: 281039  Misses: 7200  Evictions: 0  Overflows: 0  Memory Usage: 521kB
                                 Buffers: shared hit=21597
                                 ->  Index Scan using household_demographics_pkey on household_demographics  (cost=0.28..0.30 rows=1 width=4) (actual time=0.014..0.014 rows=0 loops=7200)
                                       Index Cond: (hd_demo_sk = customer.c_current_hdemo_sk)
                                       Filter: (hd_buy_potential ~~ '5001-10000%'::text)
                                       Rows Removed by Filter: 1
                                       Buffers: shared hit=21597
                     ->  Index Scan using customer_address_pkey on customer_address  (cost=0.42..0.67 rows=1 width=4) (actual time=0.024..0.024 rows=0 loops=45375)
                           Index Cond: (ca_address_sk = customer.c_current_addr_sk)
                           Filter: (ca_gmt_offset = '-7'::numeric)
                           Rows Removed by Filter: 1
                           Buffers: shared hit=170616 read=10884
               ->  Index Scan using customer_demographics_pkey on customer_demographics  (cost=0.43..0.72 rows=1 width=4) (actual time=0.025..0.025 rows=0 loops=5089)
                     Index Cond: (cd_demo_sk = customer.c_current_cdemo_sk)
                     Filter: (((cd_marital_status = 'M'::bpchar) AND (cd_education_status = 'Unknown'::bpchar)) OR ((cd_marital_status = 'W'::bpchar) AND (cd_education_status = 'Advanced Degree'::bpchar)))
                     Rows Removed by Filter: 1
                     Buffers: shared hit=18572 read=1328
         ->  Index Scan using call_center_pkey on call_center  (cost=0.14..0.16 rows=1 width=48) (actual time=0.010..0.010 rows=1 loops=751)
               Index Cond: (cc_call_center_sk = catalog_returns.cr_call_center_sk)
               Buffers: shared hit=1470
 Planning:
   Buffers: shared hit=415
 Planning Time: 3.626 ms
 Execution Time: 13892.025 ms
(54 rows)

