                                                                                                     QUERY PLAN                                                                                                     
--------------------------------------------------------------------------------------------------------------------------------------------------------------------------------------------------------------------
 Aggregate  (cost=715921.76..715921.77 rows=1 width=136) (actual time=9161.659..9161.666 rows=1 loops=1)
   Buffers: shared hit=684174 read=413016
   ->  Hash Join  (cost=2574.36..715921.22 rows=36 width=58) (actual time=23.643..9158.207 rows=1944 loops=1)
         Hash Cond: (catalog_returns.cr_call_center_sk = call_center.cc_call_center_sk)
         Buffers: shared hit=684174 read=413016
         ->  Nested Loop  (cost=2571.68..715918.44 rows=36 width=18) (actual time=23.571..9156.797 rows=1961 loops=1)
               Buffers: shared hit=684172 read=413016
               ->  Nested Loop  (cost=2571.26..715863.88 rows=82 width=22) (actual time=23.529..9051.366 rows=3604 loops=1)
                     Buffers: shared hit=670705 read=412067
                     ->  Nested Loop  (cost=2570.83..714805.30 rows=1478 width=26) (actual time=21.686..8474.541 rows=23837 loops=1)
                           Buffers: shared hit=580775 read=408297
                           ->  Nested Loop  (cost=2570.54..712473.67 rows=8871 width=30) (actual time=21.652..8262.714 rows=133698 loops=1)
                                 Buffers: shared hit=559232 read=408297
                                 ->  Hash Join  (cost=2570.11..706541.60 rows=8871 width=22) (actual time=21.591..5143.051 rows=136344 loops=1)
                                       Hash Cond: (catalog_returns.cr_returned_date_sk = date_dim.d_date_sk)
                                       Buffers: shared hit=24523 read=408214
                                       ->  Seq Scan on catalog_returns  (cost=0.00..647267.12 rows=21600412 width=26) (actual time=0.028..3492.513 rows=21598628 loops=1)
                                             Buffers: shared hit=24523 read=406740
                                       ->  Hash  (cost=2569.73..2569.73 rows=30 width=4) (actual time=21.539..21.540 rows=31 loops=1)
                                             Buckets: 1024  Batches: 1  Memory Usage: 10kB
                                             Buffers: shared read=1474
                                             ->  Seq Scan on date_dim  (cost=0.00..2569.73 rows=30 width=4) (actual time=12.712..21.526 rows=31 loops=1)
                                                   Filter: ((d_year = 1998) AND (d_moy = 5))
                                                   Rows Removed by Filter: 73018
                                                   Buffers: shared read=1474
                                 ->  Index Scan using customer_pkey on customer  (cost=0.43..0.67 rows=1 width=16) (actual time=0.022..0.022 rows=1 loops=136344)
                                       Index Cond: (c_customer_sk = catalog_returns.cr_returning_customer_sk)
                                       Buffers: shared hit=534709 read=83
                           ->  Memoize  (cost=0.29..0.31 rows=1 width=4) (actual time=0.001..0.001 rows=0 loops=133698)
                                 Cache Key: customer.c_current_hdemo_sk
                                 Cache Mode: logical
                                 Hits: 126516  Misses: 7182  Evictions: 0  Overflows: 0  Memory Usage: 519kB
                                 Buffers: shared hit=21543
                                 ->  Index Scan using household_demographics_pkey on household_demographics  (cost=0.28..0.30 rows=1 width=4) (actual time=0.015..0.015 rows=0 loops=7182)
                                       Index Cond: (hd_demo_sk = customer.c_current_hdemo_sk)
                                       Filter: (hd_buy_potential ~~ '>10000%'::text)
                                       Rows Removed by Filter: 1
                                       Buffers: shared hit=21543
                     ->  Index Scan using customer_demographics_pkey on customer_demographics  (cost=0.43..0.72 rows=1 width=4) (actual time=0.024..0.024 rows=0 loops=23837)
                           Index Cond: (cd_demo_sk = customer.c_current_cdemo_sk)
                           Filter: (((cd_marital_status = 'M'::bpchar) AND (cd_education_status = 'Unknown'::bpchar)) OR ((cd_marital_status = 'W'::bpchar) AND (cd_education_status = 'Advanced Degree'::bpchar)))
                           Rows Removed by Filter: 1
                           Buffers: shared hit=89930 read=3770
               ->  Index Scan using customer_address_pkey on customer_address  (cost=0.42..0.67 rows=1 width=4) (actual time=0.029..0.029 rows=1 loops=3604)
                     Index Cond: (ca_address_sk = customer.c_current_addr_sk)
                     Filter: (ca_gmt_offset = '-6'::numeric)
                     Rows Removed by Filter: 0
                     Buffers: shared hit=13467 read=949
         ->  Hash  (cost=2.30..2.30 rows=30 width=48) (actual time=0.052..0.053 rows=30 loops=1)
               Buckets: 1024  Batches: 1  Memory Usage: 11kB
               Buffers: shared hit=2
               ->  Seq Scan on call_center  (cost=0.00..2.30 rows=30 width=48) (actual time=0.020..0.033 rows=30 loops=1)
                     Buffers: shared hit=2
 Planning:
   Buffers: shared hit=384 read=31
 Planning Time: 4.139 ms
 Execution Time: 9162.240 ms
(57 rows)

