                                                                                                     QUERY PLAN                                                                                                     
--------------------------------------------------------------------------------------------------------------------------------------------------------------------------------------------------------------------
 Aggregate  (cost=716164.96..716164.97 rows=1 width=136) (actual time=12327.258..12327.265 rows=1 loops=1)
   Buffers: shared hit=1154065 read=411754
   ->  Hash Join  (cost=2574.37..716164.39 rows=38 width=58) (actual time=12327.254..12327.261 rows=0 loops=1)
         Hash Cond: (catalog_returns.cr_call_center_sk = call_center.cc_call_center_sk)
         Buffers: shared hit=1154065 read=411754
         ->  Nested Loop  (cost=2571.69..716161.60 rows=38 width=18) (actual time=12327.202..12327.208 rows=0 loops=1)
               Buffers: shared hit=1154063 read=411754
               ->  Nested Loop  (cost=2571.27..716105.05 rows=85 width=22) (actual time=14.663..12303.595 rows=907 loops=1)
                     Buffers: shared hit=1150761 read=411428
                     ->  Nested Loop  (cost=2570.84..715010.66 rows=1528 width=26) (actual time=14.626..11301.381 rows=39915 loops=1)
                           Buffers: shared hit=999058 read=406303
                           ->  Nested Loop  (cost=2570.55..712671.62 rows=9167 width=30) (actual time=14.520..11008.440 rows=237759 loops=1)
                                 Buffers: shared hit=977470 read=406303
                                 ->  Hash Join  (cost=2570.12..706541.62 rows=9167 width=22) (actual time=14.476..5336.385 rows=242522 loops=1)
                                       Hash Cond: (catalog_returns.cr_returned_date_sk = date_dim.d_date_sk)
                                       Buffers: shared hit=26657 read=406080
                                       ->  Seq Scan on catalog_returns  (cost=0.00..647267.12 rows=21600412 width=26) (actual time=0.016..3500.125 rows=21598628 loops=1)
                                             Buffers: shared hit=25183 read=406080
                                       ->  Hash  (cost=2569.73..2569.73 rows=31 width=4) (actual time=14.443..14.444 rows=31 loops=1)
                                             Buckets: 1024  Batches: 1  Memory Usage: 10kB
                                             Buffers: shared hit=1474
                                             ->  Seq Scan on date_dim  (cost=0.00..2569.73 rows=31 width=4) (actual time=6.915..14.433 rows=31 loops=1)
                                                   Filter: ((d_year = 1998) AND (d_moy = 8))
                                                   Rows Removed by Filter: 73018
                                                   Buffers: shared hit=1474
                                 ->  Index Scan using customer_pkey on customer  (cost=0.43..0.67 rows=1 width=16) (actual time=0.023..0.023 rows=1 loops=242522)
                                       Index Cond: (c_customer_sk = catalog_returns.cr_returning_customer_sk)
                                       Buffers: shared hit=950813 read=223
                           ->  Memoize  (cost=0.29..0.31 rows=1 width=4) (actual time=0.001..0.001 rows=0 loops=237759)
                                 Cache Key: customer.c_current_hdemo_sk
                                 Cache Mode: logical
                                 Hits: 230562  Misses: 7197  Evictions: 0  Overflows: 0  Memory Usage: 521kB
                                 Buffers: shared hit=21588
                                 ->  Index Scan using household_demographics_pkey on household_demographics  (cost=0.28..0.30 rows=1 width=4) (actual time=0.016..0.016 rows=0 loops=7197)
                                       Index Cond: (hd_demo_sk = customer.c_current_hdemo_sk)
                                       Filter: (hd_buy_potential ~~ '501-1000%'::text)
                                       Rows Removed by Filter: 1
                                       Buffers: shared hit=21588
                     ->  Index Scan using customer_demographics_pkey on customer_demographics  (cost=0.43..0.72 rows=1 width=4) (actual time=0.025..0.025 rows=0 loops=39915)
                           Index Cond: (cd_demo_sk = customer.c_current_cdemo_sk)
                           Filter: (((cd_marital_status = 'M'::bpchar) AND (cd_education_status = 'Unknown'::bpchar)) OR ((cd_marital_status = 'W'::bpchar) AND (cd_education_status = 'Advanced Degree'::bpchar)))
                           Rows Removed by Filter: 1
                           Buffers: shared hit=151703 read=5125
               ->  Index Scan using customer_address_pkey on customer_address  (cost=0.42..0.67 rows=1 width=4) (actual time=0.025..0.025 rows=0 loops=907)
                     Index Cond: (ca_address_sk = customer.c_current_addr_sk)
                     Filter: (ca_gmt_offset = '-6'::numeric)
                     Rows Removed by Filter: 1
                     Buffers: shared hit=3302 read=326
         ->  Hash  (cost=2.30..2.30 rows=30 width=48) (actual time=0.033..0.034 rows=30 loops=1)
               Buckets: 1024  Batches: 1  Memory Usage: 11kB
               Buffers: shared hit=2
               ->  Seq Scan on call_center  (cost=0.00..2.30 rows=30 width=48) (actual time=0.015..0.023 rows=30 loops=1)
                     Buffers: shared hit=2
 Planning:
   Buffers: shared hit=415
 Planning Time: 1.787 ms
 Execution Time: 12327.671 ms
(57 rows)

