                                                                                                     QUERY PLAN                                                                                                     
--------------------------------------------------------------------------------------------------------------------------------------------------------------------------------------------------------------------
 Aggregate  (cost=716164.96..716164.97 rows=1 width=136) (actual time=12098.840..12098.847 rows=1 loops=1)
   Buffers: shared hit=1138522 read=404457
   ->  Hash Join  (cost=2574.37..716164.39 rows=38 width=58) (actual time=20.781..12094.655 rows=2059 loops=1)
         Hash Cond: (catalog_returns.cr_call_center_sk = call_center.cc_call_center_sk)
         Buffers: shared hit=1138522 read=404457
         ->  Nested Loop  (cost=2571.69..716161.60 rows=38 width=18) (actual time=20.707..12092.983 rows=2083 loops=1)
               Buffers: shared hit=1138520 read=404457
               ->  Nested Loop  (cost=2571.27..716105.05 rows=85 width=22) (actual time=20.527..12017.984 rows=2529 loops=1)
                     Buffers: shared hit=1130103 read=402758
                     ->  Nested Loop  (cost=2570.84..715010.66 rows=1528 width=26) (actual time=20.329..11198.128 rows=32483 loops=1)
                           Buffers: shared hit=1005151 read=400210
                           ->  Nested Loop  (cost=2570.55..712671.62 rows=9167 width=30) (actual time=20.158..10908.031 rows=237759 loops=1)
                                 Buffers: shared hit=983563 read=400210
                                 ->  Hash Join  (cost=2570.12..706541.62 rows=9167 width=22) (actual time=20.104..5240.224 rows=242522 loops=1)
                                       Hash Cond: (catalog_returns.cr_returned_date_sk = date_dim.d_date_sk)
                                       Buffers: shared hit=32609 read=400128
                                       ->  Seq Scan on catalog_returns  (cost=0.00..647267.12 rows=21600412 width=26) (actual time=0.024..3444.745 rows=21598628 loops=1)
                                             Buffers: shared hit=31135 read=400128
                                       ->  Hash  (cost=2569.73..2569.73 rows=31 width=4) (actual time=20.056..20.057 rows=31 loops=1)
                                             Buckets: 1024  Batches: 1  Memory Usage: 10kB
                                             Buffers: shared hit=1474
                                             ->  Seq Scan on date_dim  (cost=0.00..2569.73 rows=31 width=4) (actual time=10.965..20.042 rows=31 loops=1)
                                                   Filter: ((d_year = 1998) AND (d_moy = 8))
                                                   Rows Removed by Filter: 73018
                                                   Buffers: shared hit=1474
                                 ->  Index Scan using customer_pkey on customer  (cost=0.43..0.67 rows=1 width=16) (actual time=0.023..0.023 rows=1 loops=242522)
                                       Index Cond: (c_customer_sk = catalog_returns.cr_returning_customer_sk)
                                       Buffers: shared hit=950954 read=82
                           ->  Memoize  (cost=0.29..0.31 rows=1 width=4) (actual time=0.001..0.001 rows=0 loops=237759)
                                 Cache Key: customer.c_current_hdemo_sk
                                 Cache Mode: logical
                                 Hits: 230562  Misses: 7197  Evictions: 0  Overflows: 0  Memory Usage: 521kB
                                 Buffers: shared hit=21588
                                 ->  Index Scan using household_demographics_pkey on household_demographics  (cost=0.28..0.30 rows=1 width=4) (actual time=0.015..0.015 rows=0 loops=7197)
                                       Index Cond: (hd_demo_sk = customer.c_current_hdemo_sk)
                                       Filter: (hd_buy_potential ~~ '1001-5000%'::text)
                                       Rows Removed by Filter: 1
                                       Buffers: shared hit=21588
                     ->  Index Scan using customer_demographics_pkey on customer_demographics  (cost=0.43..0.72 rows=1 width=4) (actual time=0.025..0.025 rows=0 loops=32483)
                           Index Cond: (cd_demo_sk = customer.c_current_cdemo_sk)
                           Filter: (((cd_marital_status = 'M'::bpchar) AND (cd_education_status = 'Unknown'::bpchar)) OR ((cd_marital_status = 'W'::bpchar) AND (cd_education_status = 'Advanced Degree'::bpchar)))
                           Rows Removed by Filter: 1
                           Buffers: shared hit=124952 read=2548
               ->  Index Scan using customer_address_pkey on customer_address  (cost=0.42..0.67 rows=1 width=4) (actual time=0.029..0.029 rows=1 loops=2529)
                     Index Cond: (ca_address_sk = customer.c_current_addr_sk)
                     Filter: (ca_gmt_offset = '-6'::numeric)
                     Rows Removed by Filter: 0
                     Buffers: shared hit=8417 read=1699
         ->  Hash  (cost=2.30..2.30 rows=30 width=48) (actual time=0.055..0.055 rows=30 loops=1)
               Buckets: 1024  Batches: 1  Memory Usage: 11kB
               Buffers: shared hit=2
               ->  Seq Scan on call_center  (cost=0.00..2.30 rows=30 width=48) (actual time=0.023..0.036 rows=30 loops=1)
                     Buffers: shared hit=2
 Planning:
   Buffers: shared hit=415
 Planning Time: 4.732 ms
 Execution Time: 12099.699 ms
(57 rows)

