                                                                                                  QUERY PLAN                                                                                                  
--------------------------------------------------------------------------------------------------------------------------------------------------------------------------------------------------------------
 Aggregate  (cost=715903.32..715903.33 rows=1 width=136) (actual time=15662.376..15662.382 rows=1 loops=1)
   Buffers: shared hit=1687329 read=436709
   ->  Nested Loop  (cost=2571.82..715903.18 rows=9 width=58) (actual time=2507.261..15659.986 rows=844 loops=1)
         Buffers: shared hit=1687329 read=436709
         ->  Nested Loop  (cost=2571.68..715901.79 rows=9 width=18) (actual time=2507.247..15651.253 rows=853 loops=1)
               Buffers: shared hit=1685641 read=436709
               ->  Nested Loop  (cost=2571.25..715788.62 rows=158 width=22) (actual time=2505.719..15474.102 rows=7267 loops=1)
                     Buffers: shared hit=1657932 read=435866
                     ->  Nested Loop  (cost=2570.83..714805.30 rows=1478 width=26) (actual time=2500.776..14068.943 rows=54340 loops=1)
                           Buffers: shared hit=1466979 read=409459
                           ->  Nested Loop  (cost=2570.54..712473.67 rows=8871 width=30) (actual time=2497.093..13705.053 rows=355526 loops=1)
                                 Buffers: shared hit=1445382 read=409459
                                 ->  Hash Join  (cost=2570.11..706541.60 rows=8871 width=22) (actual time=2497.051..5521.581 rows=362762 loops=1)
                                       Hash Cond: (catalog_returns.cr_returned_date_sk = date_dim.d_date_sk)
                                       Buffers: shared hit=23755 read=408982
                                       ->  Seq Scan on catalog_returns  (cost=0.00..647267.12 rows=21600412 width=26) (actual time=0.050..3647.242 rows=21598628 loops=1)
                                             Buffers: shared hit=22281 read=408982
                                       ->  Hash  (cost=2569.73..2569.73 rows=30 width=4) (actual time=22.557..22.558 rows=31 loops=1)
                                             Buckets: 1024  Batches: 1  Memory Usage: 10kB
                                             Buffers: shared hit=1474
                                             ->  Seq Scan on date_dim  (cost=0.00..2569.73 rows=30 width=4) (actual time=13.756..22.545 rows=31 loops=1)
                                                   Filter: ((d_year = 2002) AND (d_moy = 5))
                                                   Rows Removed by Filter: 73018
                                                   Buffers: shared hit=1474
                                 ->  Index Scan using customer_pkey on customer  (cost=0.43..0.67 rows=1 width=16) (actual time=0.022..0.022 rows=1 loops=362762)
                                       Index Cond: (c_customer_sk = catalog_returns.cr_returning_customer_sk)
                                       Buffers: shared hit=1421627 read=477
                           ->  Memoize  (cost=0.29..0.31 rows=1 width=4) (actual time=0.001..0.001 rows=0 loops=355526)
                                 Cache Key: customer.c_current_hdemo_sk
                                 Cache Mode: logical
                                 Hits: 348326  Misses: 7200  Evictions: 0  Overflows: 0  Memory Usage: 521kB
                                 Buffers: shared hit=21597
                                 ->  Index Scan using household_demographics_pkey on household_demographics  (cost=0.28..0.30 rows=1 width=4) (actual time=0.014..0.014 rows=0 loops=7200)
                                       Index Cond: (hd_demo_sk = customer.c_current_hdemo_sk)
                                       Filter: (hd_buy_potential ~~ '0-500%'::text)
                                       Rows Removed by Filter: 1
                                       Buffers: shared hit=21597
                     ->  Index Scan using customer_address_pkey on customer_address  (cost=0.42..0.67 rows=1 width=4) (actual time=0.025..0.025 rows=0 loops=54340)
                           Index Cond: (ca_address_sk = customer.c_current_addr_sk)
                           Filter: (ca_gmt_offset = '-7'::numeric)
                           Rows Removed by Filter: 1
                           Buffers: shared hit=190953 read=26407
               ->  Index Scan using customer_demographics_pkey on customer_demographics  (cost=0.43..0.72 rows=1 width=4) (actual time=0.024..0.024 rows=0 loops=7267)
                     Index Cond: (cd_demo_sk = customer.c_current_cdemo_sk)
                     Filter: (((cd_marital_status = 'M'::bpchar) AND (cd_education_status = 'Unknown'::bpchar)) OR ((cd_marital_status = 'W'::bpchar) AND (cd_education_status = 'Advanced Degree'::bpchar)))
                     Rows Removed by Filter: 1
                     Buffers: shared hit=27709 read=843
         ->  Index Scan using call_center_pkey on call_center  (cost=0.14..0.16 rows=1 width=48) (actual time=0.009..0.009 rows=1 loops=853)
               Index Cond: (cc_call_center_sk = catalog_returns.cr_call_center_sk)
               Buffers: shared hit=1688
 Planning:
   Buffers: shared hit=415
 Planning Time: 4.682 ms
 Execution Time: 15663.196 ms
(54 rows)

