                                                                                                     QUERY PLAN                                                                                                     
--------------------------------------------------------------------------------------------------------------------------------------------------------------------------------------------------------------------
 Aggregate  (cost=715921.76..715921.77 rows=1 width=136) (actual time=12051.171..12051.177 rows=1 loops=1)
   Buffers: shared hit=1126284 read=414636
   ->  Hash Join  (cost=2574.36..715921.22 rows=36 width=58) (actual time=748.690..12046.718 rows=2104 loops=1)
         Hash Cond: (catalog_returns.cr_call_center_sk = call_center.cc_call_center_sk)
         Buffers: shared hit=1126284 read=414636
         ->  Nested Loop  (cost=2571.68..715918.44 rows=36 width=18) (actual time=748.631..12044.955 rows=2125 loops=1)
               Buffers: shared hit=1126282 read=414636
               ->  Nested Loop  (cost=2571.26..715863.88 rows=82 width=22) (actual time=748.596..11976.135 rows=2544 loops=1)
                     Buffers: shared hit=1116767 read=413975
                     ->  Nested Loop  (cost=2570.83..714805.30 rows=1478 width=26) (actual time=740.535..11154.271 rows=32250 loops=1)
                           Buffers: shared hit=995670 read=408368
                           ->  Nested Loop  (cost=2570.54..712473.67 rows=8871 width=30) (actual time=736.014..10873.127 rows=237429 loops=1)
                                 Buffers: shared hit=974085 read=408368
                                 ->  Hash Join  (cost=2570.11..706541.60 rows=8871 width=22) (actual time=735.952..5263.750 rows=242285 loops=1)
                                       Hash Cond: (catalog_returns.cr_returned_date_sk = date_dim.d_date_sk)
                                       Buffers: shared hit=24495 read=408242
                                       ->  Seq Scan on catalog_returns  (cost=0.00..647267.12 rows=21600412 width=26) (actual time=0.020..3466.777 rows=21598628 loops=1)
                                             Buffers: shared hit=23021 read=408242
                                       ->  Hash  (cost=2569.73..2569.73 rows=30 width=4) (actual time=14.649..14.650 rows=31 loops=1)
                                             Buckets: 1024  Batches: 1  Memory Usage: 10kB
                                             Buffers: shared hit=1474
                                             ->  Seq Scan on date_dim  (cost=0.00..2569.73 rows=30 width=4) (actual time=8.489..14.638 rows=31 loops=1)
                                                   Filter: ((d_year = 1999) AND (d_moy = 12))
                                                   Rows Removed by Filter: 73018
                                                   Buffers: shared hit=1474
                                 ->  Index Scan using customer_pkey on customer  (cost=0.43..0.67 rows=1 width=16) (actual time=0.023..0.023 rows=1 loops=242285)
                                       Index Cond: (c_customer_sk = catalog_returns.cr_returning_customer_sk)
                                       Buffers: shared hit=949590 read=126
                           ->  Memoize  (cost=0.29..0.31 rows=1 width=4) (actual time=0.001..0.001 rows=0 loops=237429)
                                 Cache Key: customer.c_current_hdemo_sk
                                 Cache Mode: logical
                                 Hits: 230233  Misses: 7196  Evictions: 0  Overflows: 0  Memory Usage: 521kB
                                 Buffers: shared hit=21585
                                 ->  Index Scan using household_demographics_pkey on household_demographics  (cost=0.28..0.30 rows=1 width=4) (actual time=0.014..0.014 rows=0 loops=7196)
                                       Index Cond: (hd_demo_sk = customer.c_current_hdemo_sk)
                                       Filter: (hd_buy_potential ~~ '1001-5000%'::text)
                                       Rows Removed by Filter: 1
                                       Buffers: shared hit=21585
                     ->  Index Scan using customer_demographics_pkey on customer_demographics  (cost=0.43..0.72 rows=1 width=4) (actual time=0.025..0.025 rows=0 loops=32250)
                           Index Cond: (cd_demo_sk = customer.c_current_cdemo_sk)
                           Filter: (((cd_marital_status = 'M'::bpchar) AND (cd_education_status = 'Unknown'::bpchar)) OR ((cd_marital_status = 'W'::bpchar) AND (cd_education_status = 'Advanced Degree'::bpchar)))
                           Rows Removed by Filter: 1
                           Buffers: shared hit=121097 read=5607
               ->  Index Scan using customer_address_pkey on customer_address  (cost=0.42..0.67 rows=1 width=4) (actual time=0.026..0.026 rows=1 loops=2544)
                     Index Cond: (ca_address_sk = customer.c_current_addr_sk)
                     Filter: (ca_gmt_offset = '-6'::numeric)
                     Rows Removed by Filter: 0
                     Buffers: shared hit=9515 read=661
         ->  Hash  (cost=2.30..2.30 rows=30 width=48) (actual time=0.045..0.046 rows=30 loops=1)
               Buckets: 1024  Batches: 1  Memory Usage: 11kB
               Buffers: shared hit=2
               ->  Seq Scan on call_center  (cost=0.00..2.30 rows=30 width=48) (actual time=0.017..0.031 rows=30 loops=1)
                     Buffers: shared hit=2
 Planning:
   Buffers: shared hit=415
 Planning Time: 2.549 ms
 Execution Time: 12051.646 ms
(57 rows)

