                                                                                                  QUERY PLAN                                                                                                  
--------------------------------------------------------------------------------------------------------------------------------------------------------------------------------------------------------------
 Aggregate  (cost=715661.61..715661.62 rows=1 width=136) (actual time=14682.058..14682.065 rows=1 loops=1)
   Buffers: shared hit=1498016 read=428918
   ->  Nested Loop  (cost=2571.81..715661.49 rows=8 width=58) (actual time=3169.013..14680.737 rows=411 loops=1)
         Buffers: shared hit=1498016 read=428918
         ->  Nested Loop  (cost=2571.67..715660.25 rows=8 width=18) (actual time=3168.999..14675.418 rows=419 loops=1)
               Buffers: shared hit=1497194 read=428918
               ->  Nested Loop  (cost=2571.24..715550.67 rows=153 width=22) (actual time=3137.360..14526.887 rows=5464 loops=1)
                     Buffers: shared hit=1476800 read=427780
                     ->  Nested Loop  (cost=2570.82..714599.95 rows=1429 width=26) (actual time=3134.295..13119.767 rows=54705 loops=1)
                           Buffers: shared hit=1275378 read=410382
                           ->  Nested Loop  (cost=2570.52..712275.72 rows=8575 width=30) (actual time=3134.266..12754.175 rows=307858 loops=1)
                                 Buffers: shared hit=1253787 read=410382
                                 ->  Hash Join  (cost=2570.10..706541.59 rows=8575 width=22) (actual time=3134.217..5610.276 rows=314133 loops=1)
                                       Hash Cond: (catalog_returns.cr_returned_date_sk = date_dim.d_date_sk)
                                       Buffers: shared hit=22513 read=410224
                                       ->  Seq Scan on catalog_returns  (cost=0.00..647267.12 rows=21600412 width=26) (actual time=0.049..3716.940 rows=21598628 loops=1)
                                             Buffers: shared hit=21039 read=410224
                                       ->  Hash  (cost=2569.73..2569.73 rows=29 width=4) (actual time=21.434..21.435 rows=30 loops=1)
                                             Buckets: 1024  Batches: 1  Memory Usage: 10kB
                                             Buffers: shared hit=1474
                                             ->  Seq Scan on date_dim  (cost=0.00..2569.73 rows=29 width=4) (actual time=13.239..21.419 rows=30 loops=1)
                                                   Filter: ((d_year = 2002) AND (d_moy = 11))
                                                   Rows Removed by Filter: 73019
                                                   Buffers: shared hit=1474
                                 ->  Index Scan using customer_pkey on customer  (cost=0.43..0.67 rows=1 width=16) (actual time=0.022..0.022 rows=1 loops=314133)
                                       Index Cond: (c_customer_sk = catalog_returns.cr_returning_customer_sk)
                                       Buffers: shared hit=1231274 read=158
                           ->  Memoize  (cost=0.29..0.31 rows=1 width=4) (actual time=0.001..0.001 rows=0 loops=307858)
                                 Cache Key: customer.c_current_hdemo_sk
                                 Cache Mode: logical
                                 Hits: 300660  Misses: 7198  Evictions: 0  Overflows: 0  Memory Usage: 521kB
                                 Buffers: shared hit=21591
                                 ->  Index Scan using household_demographics_pkey on household_demographics  (cost=0.28..0.30 rows=1 width=4) (actual time=0.018..0.018 rows=0 loops=7198)
                                       Index Cond: (hd_demo_sk = customer.c_current_hdemo_sk)
                                       Filter: (hd_buy_potential ~~ '>10000%'::text)
                                       Rows Removed by Filter: 1
                                       Buffers: shared hit=21591
                     ->  Index Scan using customer_address_pkey on customer_address  (cost=0.42..0.67 rows=1 width=4) (actual time=0.025..0.025 rows=0 loops=54705)
                           Index Cond: (ca_address_sk = customer.c_current_addr_sk)
                           Filter: (ca_gmt_offset = '-7'::numeric)
                           Rows Removed by Filter: 1
                           Buffers: shared hit=201422 read=17398
               ->  Index Scan using customer_demographics_pkey on customer_demographics  (cost=0.43..0.72 rows=1 width=4) (actual time=0.027..0.027 rows=0 loops=5464)
                     Index Cond: (cd_demo_sk = customer.c_current_cdemo_sk)
                     Filter: (((cd_marital_status = 'M'::bpchar) AND (cd_education_status = 'Unknown'::bpchar)) OR ((cd_marital_status = 'W'::bpchar) AND (cd_education_status = 'Advanced Degree'::bpchar)))
                     Rows Removed by Filter: 1
                     Buffers: shared hit=20394 read=1138
         ->  Index Scan using call_center_pkey on call_center  (cost=0.14..0.16 rows=1 width=48) (actual time=0.011..0.011 rows=1 loops=419)
               Index Cond: (cc_call_center_sk = catalog_returns.cr_call_center_sk)
               Buffers: shared hit=822
 Planning:
   Buffers: shared hit=415
 Planning Time: 4.541 ms
 Execution Time: 14682.885 ms
(54 rows)

