                                                                                                  QUERY PLAN                                                                                                  
--------------------------------------------------------------------------------------------------------------------------------------------------------------------------------------------------------------
 Aggregate  (cost=715661.61..715661.62 rows=1 width=136) (actual time=13840.646..13840.652 rows=1 loops=1)
   Buffers: shared hit=1380189 read=427313
   ->  Nested Loop  (cost=2571.81..715661.49 rows=8 width=58) (actual time=2144.723..13838.518 rows=760 loops=1)
         Buffers: shared hit=1380189 read=427313
         ->  Nested Loop  (cost=2571.67..715660.25 rows=8 width=18) (actual time=2144.706..13831.739 rows=767 loops=1)
               Buffers: shared hit=1378669 read=427313
               ->  Nested Loop  (cost=2571.24..715550.67 rows=153 width=22) (actual time=2135.278..13683.797 rows=5856 loops=1)
                     Buffers: shared hit=1356804 read=426238
                     ->  Nested Loop  (cost=2570.82..714599.95 rows=1429 width=26) (actual time=2132.497..12542.203 rows=43938 loops=1)
                           Buffers: shared hit=1194698 read=412592
                           ->  Nested Loop  (cost=2570.52..712275.72 rows=8575 width=30) (actual time=2129.943..12207.314 rows=288239 loops=1)
                                 Buffers: shared hit=1173101 read=412592
                                 ->  Hash Join  (cost=2570.10..706541.59 rows=8575 width=22) (actual time=2129.903..5409.465 rows=294240 loops=1)
                                       Hash Cond: (catalog_returns.cr_returned_date_sk = date_dim.d_date_sk)
                                       Buffers: shared hit=20255 read=412482
                                       ->  Seq Scan on catalog_returns  (cost=0.00..647267.12 rows=21600412 width=26) (actual time=0.036..3596.123 rows=21598628 loops=1)
                                             Buffers: shared hit=18781 read=412482
                                       ->  Hash  (cost=2569.73..2569.73 rows=29 width=4) (actual time=20.036..20.037 rows=30 loops=1)
                                             Buckets: 1024  Batches: 1  Memory Usage: 10kB
                                             Buffers: shared hit=1474
                                             ->  Seq Scan on date_dim  (cost=0.00..2569.73 rows=29 width=4) (actual time=11.476..20.025 rows=30 loops=1)
                                                   Filter: ((d_year = 2001) AND (d_moy = 11))
                                                   Rows Removed by Filter: 73019
                                                   Buffers: shared hit=1474
                                 ->  Index Scan using customer_pkey on customer  (cost=0.43..0.67 rows=1 width=16) (actual time=0.023..0.023 rows=1 loops=294240)
                                       Index Cond: (c_customer_sk = catalog_returns.cr_returning_customer_sk)
                                       Buffers: shared hit=1152846 read=110
                           ->  Memoize  (cost=0.29..0.31 rows=1 width=4) (actual time=0.001..0.001 rows=0 loops=288239)
                                 Cache Key: customer.c_current_hdemo_sk
                                 Cache Mode: logical
                                 Hits: 281039  Misses: 7200  Evictions: 0  Overflows: 0  Memory Usage: 521kB
                                 Buffers: shared hit=21597
                                 ->  Index Scan using household_demographics_pkey on household_demographics  (cost=0.28..0.30 rows=1 width=4) (actual time=0.016..0.016 rows=0 loops=7200)
                                       Index Cond: (hd_demo_sk = customer.c_current_hdemo_sk)
                                       Filter: (hd_buy_potential ~~ '0-500%'::text)
                                       Rows Removed by Filter: 1
                                       Buffers: shared hit=21597
                     ->  Index Scan using customer_address_pkey on customer_address  (cost=0.42..0.67 rows=1 width=4) (actual time=0.026..0.026 rows=0 loops=43938)
                           Index Cond: (ca_address_sk = customer.c_current_addr_sk)
                           Filter: (ca_gmt_offset = '-7'::numeric)
                           Rows Removed by Filter: 1
                           Buffers: shared hit=162106 read=13646
               ->  Index Scan using customer_demographics_pkey on customer_demographics  (cost=0.43..0.72 rows=1 width=4) (actual time=0.025..0.025 rows=0 loops=5856)
                     Index Cond: (cd_demo_sk = customer.c_current_cdemo_sk)
                     Filter: (((cd_marital_status = 'M'::bpchar) AND (cd_education_status = 'Unknown'::bpchar)) OR ((cd_marital_status = 'W'::bpchar) AND (cd_education_status = 'Advanced Degree'::bpchar)))
                     Rows Removed by Filter: 1
                     Buffers: shared hit=21865 read=1075
         ->  Index Scan using call_center_pkey on call_center  (cost=0.14..0.16 rows=1 width=48) (actual time=0.007..0.007 rows=1 loops=767)
               Index Cond: (cc_call_center_sk = catalog_returns.cr_call_center_sk)
               Buffers: shared hit=1520
 Planning:
   Buffers: shared hit=415
 Planning Time: 3.977 ms
 Execution Time: 13841.236 ms
(54 rows)

