                                                                                                  QUERY PLAN                                                                                                  
--------------------------------------------------------------------------------------------------------------------------------------------------------------------------------------------------------------
 Aggregate  (cost=715903.32..715903.33 rows=1 width=136) (actual time=13466.424..13466.430 rows=1 loops=1)
   Buffers: shared hit=1316093 read=420815
   ->  Nested Loop  (cost=2571.82..715903.18 rows=9 width=58) (actual time=13466.419..13466.425 rows=0 loops=1)
         Buffers: shared hit=1316093 read=420815
         ->  Nested Loop  (cost=2571.68..715901.79 rows=9 width=18) (actual time=13466.419..13466.424 rows=0 loops=1)
               Buffers: shared hit=1316093 read=420815
               ->  Nested Loop  (cost=2571.25..715788.62 rows=158 width=22) (actual time=453.930..13355.582 rows=4152 loops=1)
                     Buffers: shared hit=1300579 read=420005
                     ->  Nested Loop  (cost=2570.83..714805.30 rows=1478 width=26) (actual time=446.602..12342.009 rows=38507 loops=1)
                           Buffers: shared hit=1155643 read=410913
                           ->  Nested Loop  (cost=2570.54..712473.67 rows=8871 width=30) (actual time=440.904..12010.913 rows=278057 loops=1)
                                 Buffers: shared hit=1134052 read=410913
                                 ->  Hash Join  (cost=2570.11..706541.60 rows=8871 width=22) (actual time=440.858..5379.589 rows=283720 loops=1)
                                       Hash Cond: (catalog_returns.cr_returned_date_sk = date_dim.d_date_sk)
                                       Buffers: shared hit=21911 read=410826
                                       ->  Seq Scan on catalog_returns  (cost=0.00..647267.12 rows=21600412 width=26) (actual time=0.050..3571.006 rows=21598628 loops=1)
                                             Buffers: shared hit=20437 read=410826
                                       ->  Hash  (cost=2569.73..2569.73 rows=30 width=4) (actual time=18.822..18.823 rows=31 loops=1)
                                             Buckets: 1024  Batches: 1  Memory Usage: 10kB
                                             Buffers: shared hit=1474
                                             ->  Seq Scan on date_dim  (cost=0.00..2569.73 rows=30 width=4) (actual time=11.666..18.805 rows=31 loops=1)
                                                   Filter: ((d_year = 1999) AND (d_moy = 5))
                                                   Rows Removed by Filter: 73018
                                                   Buffers: shared hit=1474
                                 ->  Index Scan using customer_pkey on customer  (cost=0.43..0.67 rows=1 width=16) (actual time=0.023..0.023 rows=1 loops=283720)
                                       Index Cond: (c_customer_sk = catalog_returns.cr_returning_customer_sk)
                                       Buffers: shared hit=1112141 read=87
                           ->  Memoize  (cost=0.29..0.31 rows=1 width=4) (actual time=0.001..0.001 rows=0 loops=278057)
                                 Cache Key: customer.c_current_hdemo_sk
                                 Cache Mode: logical
                                 Hits: 270859  Misses: 7198  Evictions: 0  Overflows: 0  Memory Usage: 521kB
                                 Buffers: shared hit=21591
                                 ->  Index Scan using household_demographics_pkey on household_demographics  (cost=0.28..0.30 rows=1 width=4) (actual time=0.016..0.016 rows=0 loops=7198)
                                       Index Cond: (hd_demo_sk = customer.c_current_hdemo_sk)
                                       Filter: (hd_buy_potential ~~ '1001-5000%'::text)
                                       Rows Removed by Filter: 1
                                       Buffers: shared hit=21591
                     ->  Index Scan using customer_address_pkey on customer_address  (cost=0.42..0.67 rows=1 width=4) (actual time=0.026..0.026 rows=0 loops=38507)
                           Index Cond: (ca_address_sk = customer.c_current_addr_sk)
                           Filter: (ca_gmt_offset = '-7'::numeric)
                           Rows Removed by Filter: 1
                           Buffers: shared hit=144936 read=9092
               ->  Index Scan using customer_demographics_pkey on customer_demographics  (cost=0.43..0.72 rows=1 width=4) (actual time=0.026..0.026 rows=0 loops=4152)
                     Index Cond: (cd_demo_sk = customer.c_current_cdemo_sk)
                     Filter: (((cd_marital_status = 'M'::bpchar) AND (cd_education_status = 'Unknown'::bpchar)) OR ((cd_marital_status = 'W'::bpchar) AND (cd_education_status = 'Advanced Degree'::bpchar)))
                     Rows Removed by Filter: 1
                     Buffers: shared hit=15514 read=810
         ->  Index Scan using call_center_pkey on call_center  (cost=0.14..0.16 rows=1 width=48) (never executed)
               Index Cond: (cc_call_center_sk = catalog_returns.cr_call_center_sk)
 Planning:
   Buffers: shared hit=415
 Planning Time: 4.628 ms
 Execution Time: 13467.249 ms
(53 rows)

