                                                                                                     QUERY PLAN                                                                                                     
--------------------------------------------------------------------------------------------------------------------------------------------------------------------------------------------------------------------
 Aggregate  (cost=715679.29..715679.30 rows=1 width=136) (actual time=11641.413..11641.419 rows=1 loops=1)
   Buffers: shared hit=1066842 read=421161
   ->  Hash Join  (cost=2574.34..715678.77 rows=35 width=58) (actual time=780.104..11635.995 rows=3033 loops=1)
         Hash Cond: (catalog_returns.cr_call_center_sk = call_center.cc_call_center_sk)
         Buffers: shared hit=1066842 read=421161
         ->  Nested Loop  (cost=2571.67..715675.99 rows=35 width=18) (actual time=780.041..11633.875 rows=3068 loops=1)
               Buffers: shared hit=1066840 read=421161
               ->  Nested Loop  (cost=2571.24..715623.43 rows=79 width=22) (actual time=776.016..11483.311 rows=5841 loops=1)
                     Buffers: shared hit=1044456 read=420181
                     ->  Nested Loop  (cost=2570.82..714599.95 rows=1429 width=26) (actual time=767.130..10515.703 rows=38415 loops=1)
                           Buffers: shared hit=909280 read=404389
                           ->  Nested Loop  (cost=2570.52..712275.72 rows=8575 width=30) (actual time=766.882..10255.561 rows=214839 loops=1)
                                 Buffers: shared hit=887704 read=404389
                                 ->  Hash Join  (cost=2570.10..706541.59 rows=8575 width=22) (actual time=766.842..5315.130 rows=219252 loops=1)
                                       Hash Cond: (catalog_returns.cr_returned_date_sk = date_dim.d_date_sk)
                                       Buffers: shared hit=28448 read=404289
                                       ->  Seq Scan on catalog_returns  (cost=0.00..647267.12 rows=21600412 width=26) (actual time=0.355..3505.391 rows=21598628 loops=1)
                                             Buffers: shared hit=26974 read=404289
                                       ->  Hash  (cost=2569.73..2569.73 rows=29 width=4) (actual time=14.408..14.409 rows=30 loops=1)
                                             Buckets: 1024  Batches: 1  Memory Usage: 10kB
                                             Buffers: shared hit=1474
                                             ->  Seq Scan on date_dim  (cost=0.00..2569.73 rows=29 width=4) (actual time=7.517..14.392 rows=30 loops=1)
                                                   Filter: ((d_year = 1999) AND (d_moy = 11))
                                                   Rows Removed by Filter: 73019
                                                   Buffers: shared hit=1474
                                 ->  Index Scan using customer_pkey on customer  (cost=0.43..0.67 rows=1 width=16) (actual time=0.022..0.022 rows=1 loops=219252)
                                       Index Cond: (c_customer_sk = catalog_returns.cr_returning_customer_sk)
                                       Buffers: shared hit=859256 read=100
                           ->  Memoize  (cost=0.29..0.31 rows=1 width=4) (actual time=0.001..0.001 rows=0 loops=214839)
                                 Cache Key: customer.c_current_hdemo_sk
                                 Cache Mode: logical
                                 Hits: 207646  Misses: 7193  Evictions: 0  Overflows: 0  Memory Usage: 520kB
                                 Buffers: shared hit=21576
                                 ->  Index Scan using household_demographics_pkey on household_demographics  (cost=0.28..0.30 rows=1 width=4) (actual time=0.014..0.014 rows=0 loops=7193)
                                       Index Cond: (hd_demo_sk = customer.c_current_hdemo_sk)
                                       Filter: (hd_buy_potential ~~ '>10000%'::text)
                                       Rows Removed by Filter: 1
                                       Buffers: shared hit=21576
                     ->  Index Scan using customer_demographics_pkey on customer_demographics  (cost=0.43..0.72 rows=1 width=4) (actual time=0.025..0.025 rows=0 loops=38415)
                           Index Cond: (cd_demo_sk = customer.c_current_cdemo_sk)
                           Filter: (((cd_marital_status = 'M'::bpchar) AND (cd_education_status = 'Unknown'::bpchar)) OR ((cd_marital_status = 'W'::bpchar) AND (cd_education_status = 'Advanced Degree'::bpchar)))
                           Rows Removed by Filter: 1
                           Buffers: shared hit=135176 read=15792
               ->  Index Scan using customer_address_pkey on customer_address  (cost=0.42..0.67 rows=1 width=4) (actual time=0.025..0.025 rows=1 loops=5841)
                     Index Cond: (ca_address_sk = customer.c_current_addr_sk)
                     Filter: (ca_gmt_offset = '-6'::numeric)
                     Rows Removed by Filter: 0
                     Buffers: shared hit=22384 read=980
         ->  Hash  (cost=2.30..2.30 rows=30 width=48) (actual time=0.044..0.044 rows=30 loops=1)
               Buckets: 1024  Batches: 1  Memory Usage: 11kB
               Buffers: shared hit=2
               ->  Seq Scan on call_center  (cost=0.00..2.30 rows=30 width=48) (actual time=0.017..0.029 rows=30 loops=1)
                     Buffers: shared hit=2
 Planning:
   Buffers: shared hit=415
 Planning Time: 3.393 ms
 Execution Time: 11641.940 ms
(57 rows)

