                                                                                                     QUERY PLAN                                                                                                     
--------------------------------------------------------------------------------------------------------------------------------------------------------------------------------------------------------------------
 Aggregate  (cost=715921.76..715921.77 rows=1 width=136) (actual time=14614.377..14614.384 rows=1 loops=1)
   Buffers: shared hit=1524216 read=415344
   ->  Hash Join  (cost=2574.36..715921.22 rows=36 width=58) (actual time=1649.390..14606.262 rows=4432 loops=1)
         Hash Cond: (catalog_returns.cr_call_center_sk = call_center.cc_call_center_sk)
         Buffers: shared hit=1524216 read=415344
         ->  Nested Loop  (cost=2571.68..715918.44 rows=36 width=18) (actual time=1649.317..14603.032 rows=4473 loops=1)
               Buffers: shared hit=1524214 read=415344
               ->  Nested Loop  (cost=2571.26..715863.88 rows=82 width=22) (actual time=1644.802..14394.465 rows=8344 loops=1)
                     Buffers: shared hit=1493151 read=413031
                     ->  Nested Loop  (cost=2570.83..714805.30 rows=1478 width=26) (actual time=1631.879..13058.206 rows=54900 loops=1)
                           Buffers: shared hit=1285904 read=404466
                           ->  Nested Loop  (cost=2570.54..712473.67 rows=8871 width=30) (actual time=1631.853..12716.017 rows=309009 loops=1)
                                 Buffers: shared hit=1264307 read=404466
                                 ->  Hash Join  (cost=2570.11..706541.60 rows=8871 width=22) (actual time=1631.814..5462.213 rows=315361 loops=1)
                                       Hash Cond: (catalog_returns.cr_returned_date_sk = date_dim.d_date_sk)
                                       Buffers: shared hit=28524 read=404213
                                       ->  Seq Scan on catalog_returns  (cost=0.00..647267.12 rows=21600412 width=26) (actual time=0.030..3646.571 rows=21598628 loops=1)
                                             Buffers: shared hit=28361 read=402902
                                       ->  Hash  (cost=2569.73..2569.73 rows=30 width=4) (actual time=19.521..19.522 rows=30 loops=1)
                                             Buckets: 1024  Batches: 1  Memory Usage: 10kB
                                             Buffers: shared hit=163 read=1311
                                             ->  Seq Scan on date_dim  (cost=0.00..2569.73 rows=30 width=4) (actual time=9.490..19.511 rows=30 loops=1)
                                                   Filter: ((d_year = 2001) AND (d_moy = 4))
                                                   Rows Removed by Filter: 73019
                                                   Buffers: shared hit=163 read=1311
                                 ->  Index Scan using customer_pkey on customer  (cost=0.43..0.67 rows=1 width=16) (actual time=0.022..0.022 rows=1 loops=315361)
                                       Index Cond: (c_customer_sk = catalog_returns.cr_returning_customer_sk)
                                       Buffers: shared hit=1235783 read=253
                           ->  Memoize  (cost=0.29..0.31 rows=1 width=4) (actual time=0.001..0.001 rows=0 loops=309009)
                                 Cache Key: customer.c_current_hdemo_sk
                                 Cache Mode: logical
                                 Hits: 301809  Misses: 7200  Evictions: 0  Overflows: 0  Memory Usage: 521kB
                                 Buffers: shared hit=21597
                                 ->  Index Scan using household_demographics_pkey on household_demographics  (cost=0.28..0.30 rows=1 width=4) (actual time=0.014..0.014 rows=0 loops=7200)
                                       Index Cond: (hd_demo_sk = customer.c_current_hdemo_sk)
                                       Filter: (hd_buy_potential ~~ '>10000%'::text)
                                       Rows Removed by Filter: 1
                                       Buffers: shared hit=21597
                     ->  Index Scan using customer_demographics_pkey on customer_demographics  (cost=0.43..0.72 rows=1 width=4) (actual time=0.024..0.024 rows=0 loops=54900)
                           Index Cond: (cd_demo_sk = customer.c_current_cdemo_sk)
                           Filter: (((cd_marital_status = 'M'::bpchar) AND (cd_education_status = 'Unknown'::bpchar)) OR ((cd_marital_status = 'W'::bpchar) AND (cd_education_status = 'Advanced Degree'::bpchar)))
                           Rows Removed by Filter: 1
                           Buffers: shared hit=207247 read=8565
               ->  Index Scan using customer_address_pkey on customer_address  (cost=0.42..0.67 rows=1 width=4) (actual time=0.024..0.024 rows=1 loops=8344)
                     Index Cond: (ca_address_sk = customer.c_current_addr_sk)
                     Filter: (ca_gmt_offset = '-6'::numeric)
                     Rows Removed by Filter: 0
                     Buffers: shared hit=31063 read=2313
         ->  Hash  (cost=2.30..2.30 rows=30 width=48) (actual time=0.054..0.055 rows=30 loops=1)
               Buckets: 1024  Batches: 1  Memory Usage: 11kB
               Buffers: shared hit=2
               ->  Seq Scan on call_center  (cost=0.00..2.30 rows=30 width=48) (actual time=0.019..0.033 rows=30 loops=1)
                     Buffers: shared hit=2
 Planning:
   Buffers: shared hit=384 read=31
 Planning Time: 3.055 ms
 Execution Time: 14614.932 ms
(57 rows)

