                                                                                                     QUERY PLAN                                                                                                     
--------------------------------------------------------------------------------------------------------------------------------------------------------------------------------------------------------------------
 Aggregate  (cost=715921.76..715921.77 rows=1 width=136) (actual time=15590.111..15590.118 rows=1 loops=1)
   Buffers: shared hit=1689158 read=409906
   ->  Hash Join  (cost=2574.36..715921.22 rows=36 width=58) (actual time=15590.106..15590.112 rows=0 loops=1)
         Hash Cond: (catalog_returns.cr_call_center_sk = call_center.cc_call_center_sk)
         Buffers: shared hit=1689158 read=409906
         ->  Nested Loop  (cost=2571.68..715918.44 rows=36 width=18) (actual time=15590.007..15590.012 rows=0 loops=1)
               Buffers: shared hit=1689156 read=409906
               ->  Nested Loop  (cost=2571.26..715863.88 rows=82 width=22) (actual time=2570.137..15525.017 rows=2340 loops=1)
                     Buffers: shared hit=1680751 read=408951
                     ->  Nested Loop  (cost=2570.83..714805.30 rows=1478 width=26) (actual time=2560.150..14173.945 rows=54340 loops=1)
                           Buffers: shared hit=1474218 read=402220
                           ->  Nested Loop  (cost=2570.54..712473.67 rows=8871 width=30) (actual time=2554.163..13807.090 rows=355526 loops=1)
                                 Buffers: shared hit=1452621 read=402220
                                 ->  Hash Join  (cost=2570.11..706541.60 rows=8871 width=22) (actual time=2554.117..5513.622 rows=362762 loops=1)
                                       Hash Cond: (catalog_returns.cr_returned_date_sk = date_dim.d_date_sk)
                                       Buffers: shared hit=30753 read=401984
                                       ->  Seq Scan on catalog_returns  (cost=0.00..647267.12 rows=21600412 width=26) (actual time=0.025..3584.776 rows=21598628 loops=1)
                                             Buffers: shared hit=29279 read=401984
                                       ->  Hash  (cost=2569.73..2569.73 rows=30 width=4) (actual time=19.750..19.751 rows=31 loops=1)
                                             Buckets: 1024  Batches: 1  Memory Usage: 10kB
                                             Buffers: shared hit=1474
                                             ->  Seq Scan on date_dim  (cost=0.00..2569.73 rows=30 width=4) (actual time=11.091..19.731 rows=31 loops=1)
                                                   Filter: ((d_year = 2002) AND (d_moy = 5))
                                                   Rows Removed by Filter: 73018
                                                   Buffers: shared hit=1474
                                 ->  Index Scan using customer_pkey on customer  (cost=0.43..0.67 rows=1 width=16) (actual time=0.022..0.022 rows=1 loops=362762)
                                       Index Cond: (c_customer_sk = catalog_returns.cr_returning_customer_sk)
                                       Buffers: shared hit=1421868 read=236
                           ->  Memoize  (cost=0.29..0.31 rows=1 width=4) (actual time=0.001..0.001 rows=0 loops=355526)
                                 Cache Key: customer.c_current_hdemo_sk
                                 Cache Mode: logical
                                 Hits: 348326  Misses: 7200  Evictions: 0  Overflows: 0  Memory Usage: 521kB
                                 Buffers: shared hit=21597
                                 ->  Index Scan using household_demographics_pkey on household_demographics  (cost=0.28..0.30 rows=1 width=4) (actual time=0.014..0.014 rows=0 loops=7200)
                                       Index Cond: (hd_demo_sk = customer.c_current_hdemo_sk)
                                       Filter: (hd_buy_potential ~~ '0-500%'::text)
                                       Rows Removed by Filter: 1
                                       Buffers: shared hit=21597
                     ->  Index Scan using customer_demographics_pkey on customer_demographics  (cost=0.43..0.72 rows=1 width=4) (actual time=0.024..0.024 rows=0 loops=54340)
                           Index Cond: (cd_demo_sk = customer.c_current_cdemo_sk)
                           Filter: (((cd_marital_status = 'M'::bpchar) AND (cd_education_status = 'Unknown'::bpchar)) OR ((cd_marital_status = 'W'::bpchar) AND (cd_education_status = 'Advanced Degree'::bpchar)))
                           Rows Removed by Filter: 1
                           Buffers: shared hit=206533 read=6731
               ->  Index Scan using customer_address_pkey on customer_address  (cost=0.42..0.67 rows=1 width=4) (actual time=0.027..0.027 rows=0 loops=2340)
                     Index Cond: (ca_address_sk = customer.c_current_addr_sk)
                     Filter: (ca_gmt_offset = '-6'::numeric)
                     Rows Removed by Filter: 1
                     Buffers: shared hit=8405 read=955
         ->  Hash  (cost=2.30..2.30 rows=30 width=48) (actual time=0.078..0.079 rows=30 loops=1)
               Buckets: 1024  Batches: 1  Memory Usage: 11kB
               Buffers: shared hit=2
               ->  Seq Scan on call_center  (cost=0.00..2.30 rows=30 width=48) (actual time=0.027..0.052 rows=30 loops=1)
                     Buffers: shared hit=2
 Planning:
   Buffers: shared hit=415
 Planning Time: 6.476 ms
 Execution Time: 15590.837 ms
(57 rows)

