                                                                                                     QUERY PLAN                                                                                                     
--------------------------------------------------------------------------------------------------------------------------------------------------------------------------------------------------------------------
 Aggregate  (cost=716164.96..716164.97 rows=1 width=136) (actual time=12828.128..12828.135 rows=1 loops=1)
   Buffers: shared hit=1230964 read=418229
   ->  Hash Join  (cost=2574.37..716164.39 rows=38 width=58) (actual time=12828.123..12828.130 rows=0 loops=1)
         Hash Cond: (catalog_returns.cr_call_center_sk = call_center.cc_call_center_sk)
         Buffers: shared hit=1230964 read=418229
         ->  Nested Loop  (cost=2571.69..716161.60 rows=38 width=18) (actual time=12828.049..12828.054 rows=0 loops=1)
               Buffers: shared hit=1230962 read=418229
               ->  Nested Loop  (cost=2571.27..716105.05 rows=85 width=22) (actual time=1337.628..12797.297 rows=984 loops=1)
                     Buffers: shared hit=1227310 read=417945
                     ->  Nested Loop  (cost=2570.84..715010.66 rows=1528 width=26) (actual time=1332.745..11749.043 rows=42915 loops=1)
                           Buffers: shared hit=1065148 read=411587
                           ->  Nested Loop  (cost=2570.55..712671.62 rows=9167 width=30) (actual time=1332.409..11453.142 rows=255601 loops=1)
                                 Buffers: shared hit=1043554 read=411587
                                 ->  Hash Join  (cost=2570.12..706541.62 rows=9167 width=22) (actual time=1332.364..5451.098 rows=260972 loops=1)
                                       Hash Cond: (catalog_returns.cr_returned_date_sk = date_dim.d_date_sk)
                                       Buffers: shared hit=21242 read=411495
                                       ->  Seq Scan on catalog_returns  (cost=0.00..647267.12 rows=21600412 width=26) (actual time=0.031..3663.077 rows=21598628 loops=1)
                                             Buffers: shared hit=21242 read=410021
                                       ->  Hash  (cost=2569.73..2569.73 rows=31 width=4) (actual time=22.326..22.328 rows=31 loops=1)
                                             Buckets: 1024  Batches: 1  Memory Usage: 10kB
                                             Buffers: shared read=1474
                                             ->  Seq Scan on date_dim  (cost=0.00..2569.73 rows=31 width=4) (actual time=9.460..22.314 rows=31 loops=1)
                                                   Filter: ((d_year = 2000) AND (d_moy = 10))
                                                   Rows Removed by Filter: 73018
                                                   Buffers: shared read=1474
                                 ->  Index Scan using customer_pkey on customer  (cost=0.43..0.67 rows=1 width=16) (actual time=0.022..0.022 rows=1 loops=260972)
                                       Index Cond: (c_customer_sk = catalog_returns.cr_returning_customer_sk)
                                       Buffers: shared hit=1022312 read=92
                           ->  Memoize  (cost=0.29..0.31 rows=1 width=4) (actual time=0.001..0.001 rows=0 loops=255601)
                                 Cache Key: customer.c_current_hdemo_sk
                                 Cache Mode: logical
                                 Hits: 248402  Misses: 7199  Evictions: 0  Overflows: 0  Memory Usage: 521kB
                                 Buffers: shared hit=21594
                                 ->  Index Scan using household_demographics_pkey on household_demographics  (cost=0.28..0.30 rows=1 width=4) (actual time=0.014..0.014 rows=0 loops=7199)
                                       Index Cond: (hd_demo_sk = customer.c_current_hdemo_sk)
                                       Filter: (hd_buy_potential ~~ '501-1000%'::text)
                                       Rows Removed by Filter: 1
                                       Buffers: shared hit=21594
                     ->  Index Scan using customer_demographics_pkey on customer_demographics  (cost=0.43..0.72 rows=1 width=4) (actual time=0.024..0.024 rows=0 loops=42915)
                           Index Cond: (cd_demo_sk = customer.c_current_cdemo_sk)
                           Filter: (((cd_marital_status = 'M'::bpchar) AND (cd_education_status = 'Unknown'::bpchar)) OR ((cd_marital_status = 'W'::bpchar) AND (cd_education_status = 'Advanced Degree'::bpchar)))
                           Rows Removed by Filter: 1
                           Buffers: shared hit=162162 read=6358
               ->  Index Scan using customer_address_pkey on customer_address  (cost=0.42..0.67 rows=1 width=4) (actual time=0.031..0.031 rows=0 loops=984)
                     Index Cond: (ca_address_sk = customer.c_current_addr_sk)
                     Filter: (ca_gmt_offset = '-6'::numeric)
                     Rows Removed by Filter: 1
                     Buffers: shared hit=3652 read=284
         ->  Hash  (cost=2.30..2.30 rows=30 width=48) (actual time=0.055..0.055 rows=30 loops=1)
               Buckets: 1024  Batches: 1  Memory Usage: 11kB
               Buffers: shared hit=2
               ->  Seq Scan on call_center  (cost=0.00..2.30 rows=30 width=48) (actual time=0.020..0.036 rows=30 loops=1)
                     Buffers: shared hit=2
 Planning:
   Buffers: shared hit=384 read=31
 Planning Time: 3.101 ms
 Execution Time: 12828.703 ms
(57 rows)

