                                                                                                     QUERY PLAN                                                                                                     
--------------------------------------------------------------------------------------------------------------------------------------------------------------------------------------------------------------------
 Aggregate  (cost=715437.52..715437.53 rows=1 width=136) (actual time=12418.615..12418.621 rows=1 loops=1)
   Buffers: shared hit=1155329 read=421914
   ->  Hash Join  (cost=2574.33..715437.01 rows=34 width=58) (actual time=12418.609..12418.615 rows=0 loops=1)
         Hash Cond: (catalog_returns.cr_call_center_sk = call_center.cc_call_center_sk)
         Buffers: shared hit=1155329 read=421914
         ->  Nested Loop  (cost=2571.66..715434.23 rows=34 width=18) (actual time=12418.509..12418.514 rows=0 loops=1)
               Buffers: shared hit=1155327 read=421914
               ->  Nested Loop  (cost=2571.23..715383.67 rows=76 width=22) (actual time=963.897..12392.619 rows=911 loops=1)
                     Buffers: shared hit=1151969 read=421628
                     ->  Nested Loop  (cost=2570.80..714395.28 rows=1380 width=26) (actual time=953.175..11348.871 rows=40475 loops=1)
                           Buffers: shared hit=1008423 read=406326
                           ->  Nested Loop  (cost=2570.51..712078.44 rows=8280 width=30) (actual time=948.373..11066.567 rows=240106 loops=1)
                                 Buffers: shared hit=986835 read=406326
                                 ->  Hash Join  (cost=2570.08..706541.58 rows=8280 width=22) (actual time=948.330..5302.461 rows=244928 loops=1)
                                       Hash Cond: (catalog_returns.cr_returned_date_sk = date_dim.d_date_sk)
                                       Buffers: shared hit=26708 read=406029
                                       ->  Seq Scan on catalog_returns  (cost=0.00..647267.12 rows=21600412 width=26) (actual time=0.027..3519.378 rows=21598628 loops=1)
                                             Buffers: shared hit=25234 read=406029
                                       ->  Hash  (cost=2569.73..2569.73 rows=28 width=4) (actual time=20.269..20.270 rows=29 loops=1)
                                             Buckets: 1024  Batches: 1  Memory Usage: 10kB
                                             Buffers: shared hit=1474
                                             ->  Seq Scan on date_dim  (cost=0.00..2569.73 rows=28 width=4) (actual time=11.677..20.249 rows=29 loops=1)
                                                   Filter: ((d_year = 2000) AND (d_moy = 2))
                                                   Rows Removed by Filter: 73020
                                                   Buffers: shared hit=1474
                                 ->  Index Scan using customer_pkey on customer  (cost=0.43..0.67 rows=1 width=16) (actual time=0.023..0.023 rows=1 loops=244928)
                                       Index Cond: (c_customer_sk = catalog_returns.cr_returning_customer_sk)
                                       Buffers: shared hit=960127 read=297
                           ->  Memoize  (cost=0.29..0.31 rows=1 width=4) (actual time=0.001..0.001 rows=0 loops=240106)
                                 Cache Key: customer.c_current_hdemo_sk
                                 Cache Mode: logical
                                 Hits: 232909  Misses: 7197  Evictions: 0  Overflows: 0  Memory Usage: 521kB
                                 Buffers: shared hit=21588
                                 ->  Index Scan using household_demographics_pkey on household_demographics  (cost=0.28..0.30 rows=1 width=4) (actual time=0.014..0.014 rows=0 loops=7197)
                                       Index Cond: (hd_demo_sk = customer.c_current_hdemo_sk)
                                       Filter: (hd_buy_potential ~~ '501-1000%'::text)
                                       Rows Removed by Filter: 1
                                       Buffers: shared hit=21588
                     ->  Index Scan using customer_demographics_pkey on customer_demographics  (cost=0.43..0.72 rows=1 width=4) (actual time=0.025..0.025 rows=0 loops=40475)
                           Index Cond: (cd_demo_sk = customer.c_current_cdemo_sk)
                           Filter: (((cd_marital_status = 'M'::bpchar) AND (cd_education_status = 'Unknown'::bpchar)) OR ((cd_marital_status = 'W'::bpchar) AND (cd_education_status = 'Advanced Degree'::bpchar)))
                           Rows Removed by Filter: 1
                           Buffers: shared hit=143546 read=15302
               ->  Index Scan using customer_address_pkey on customer_address  (cost=0.42..0.67 rows=1 width=4) (actual time=0.028..0.028 rows=0 loops=911)
                     Index Cond: (ca_address_sk = customer.c_current_addr_sk)
                     Filter: (ca_gmt_offset = '-6'::numeric)
                     Rows Removed by Filter: 1
                     Buffers: shared hit=3358 read=286
         ->  Hash  (cost=2.30..2.30 rows=30 width=48) (actual time=0.075..0.076 rows=30 loops=1)
               Buckets: 1024  Batches: 1  Memory Usage: 11kB
               Buffers: shared hit=2
               ->  Seq Scan on call_center  (cost=0.00..2.30 rows=30 width=48) (actual time=0.028..0.049 rows=30 loops=1)
                     Buffers: shared hit=2
 Planning:
   Buffers: shared hit=415
 Planning Time: 4.503 ms
 Execution Time: 12419.447 ms
(57 rows)

