                                                                                                     QUERY PLAN                                                                                                     
--------------------------------------------------------------------------------------------------------------------------------------------------------------------------------------------------------------------
 Aggregate  (cost=715437.52..715437.53 rows=1 width=136) (actual time=14474.035..14474.042 rows=1 loops=1)
   Buffers: shared hit=1519887 read=417604
   ->  Hash Join  (cost=2574.33..715437.01 rows=34 width=58) (actual time=2438.851..14472.213 rows=584 loops=1)
         Hash Cond: (catalog_returns.cr_call_center_sk = call_center.cc_call_center_sk)
         Buffers: shared hit=1519887 read=417604
         ->  Nested Loop  (cost=2571.66..715434.23 rows=34 width=18) (actual time=2438.687..14471.352 rows=593 loops=1)
               Buffers: shared hit=1519885 read=417604
               ->  Nested Loop  (cost=2571.23..715383.67 rows=76 width=22) (actual time=2436.256..14383.815 rows=3546 loops=1)
                     Buffers: shared hit=1507178 read=416127
                     ->  Nested Loop  (cost=2570.80..714395.28 rows=1380 width=26) (actual time=2404.677..13154.559 rows=50249 loops=1)
                           Buffers: shared hit=1322388 read=403545
                           ->  Nested Loop  (cost=2570.51..712078.44 rows=8280 width=30) (actual time=2400.452..12816.604 rows=317899 loops=1)
                                 Buffers: shared hit=1300788 read=403545
                                 ->  Hash Join  (cost=2570.08..706541.58 rows=8280 width=22) (actual time=2400.402..5496.831 rows=324457 loops=1)
                                       Hash Cond: (catalog_returns.cr_returned_date_sk = date_dim.d_date_sk)
                                       Buffers: shared hit=29694 read=403043
                                       ->  Seq Scan on catalog_returns  (cost=0.00..647267.12 rows=21600412 width=26) (actual time=0.037..3588.814 rows=21598628 loops=1)
                                             Buffers: shared hit=28220 read=403043
                                       ->  Hash  (cost=2569.73..2569.73 rows=28 width=4) (actual time=20.403..20.404 rows=28 loops=1)
                                             Buckets: 1024  Batches: 1  Memory Usage: 9kB
                                             Buffers: shared hit=1474
                                             ->  Seq Scan on date_dim  (cost=0.00..2569.73 rows=28 width=4) (actual time=11.688..20.388 rows=28 loops=1)
                                                   Filter: ((d_year = 2002) AND (d_moy = 2))
                                                   Rows Removed by Filter: 73021
                                                   Buffers: shared hit=1474
                                 ->  Index Scan using customer_pkey on customer  (cost=0.43..0.67 rows=1 width=16) (actual time=0.022..0.022 rows=1 loops=324457)
                                       Index Cond: (c_customer_sk = catalog_returns.cr_returning_customer_sk)
                                       Buffers: shared hit=1271094 read=502
                           ->  Memoize  (cost=0.29..0.31 rows=1 width=4) (actual time=0.001..0.001 rows=0 loops=317899)
                                 Cache Key: customer.c_current_hdemo_sk
                                 Cache Mode: logical
                                 Hits: 310698  Misses: 7201  Evictions: 0  Overflows: 0  Memory Usage: 521kB
                                 Buffers: shared hit=21600
                                 ->  Index Scan using household_demographics_pkey on household_demographics  (cost=0.28..0.30 rows=1 width=4) (actual time=0.014..0.014 rows=0 loops=7201)
                                       Index Cond: (hd_demo_sk = customer.c_current_hdemo_sk)
                                       Filter: (hd_buy_potential ~~ '5001-10000%'::text)
                                       Rows Removed by Filter: 1
                                       Buffers: shared hit=21600
                     ->  Index Scan using customer_demographics_pkey on customer_demographics  (cost=0.43..0.72 rows=1 width=4) (actual time=0.024..0.024 rows=0 loops=50249)
                           Index Cond: (cd_demo_sk = customer.c_current_cdemo_sk)
                           Filter: (((cd_marital_status = 'M'::bpchar) AND (cd_education_status = 'Unknown'::bpchar)) OR ((cd_marital_status = 'W'::bpchar) AND (cd_education_status = 'Advanced Degree'::bpchar)))
                           Rows Removed by Filter: 1
                           Buffers: shared hit=184790 read=12582
               ->  Index Scan using customer_address_pkey on customer_address  (cost=0.42..0.67 rows=1 width=4) (actual time=0.024..0.024 rows=0 loops=3546)
                     Index Cond: (ca_address_sk = customer.c_current_addr_sk)
                     Filter: (ca_gmt_offset = '-6'::numeric)
                     Rows Removed by Filter: 1
                     Buffers: shared hit=12707 read=1477
         ->  Hash  (cost=2.30..2.30 rows=30 width=48) (actual time=0.115..0.115 rows=30 loops=1)
               Buckets: 1024  Batches: 1  Memory Usage: 11kB
               Buffers: shared hit=2
               ->  Seq Scan on call_center  (cost=0.00..2.30 rows=30 width=48) (actual time=0.042..0.076 rows=30 loops=1)
                     Buffers: shared hit=2
 Planning:
   Buffers: shared hit=415
 Planning Time: 4.740 ms
 Execution Time: 14475.048 ms
(57 rows)

