                                                                                                     QUERY PLAN                                                                                                     
--------------------------------------------------------------------------------------------------------------------------------------------------------------------------------------------------------------------
 Aggregate  (cost=715921.76..715921.77 rows=1 width=136) (actual time=11090.982..11090.991 rows=1 loops=1)
   Buffers: shared hit=945437 read=410470
   ->  Hash Join  (cost=2574.36..715921.22 rows=36 width=58) (actual time=269.448..11089.856 rows=345 loops=1)
         Hash Cond: (catalog_returns.cr_call_center_sk = call_center.cc_call_center_sk)
         Buffers: shared hit=945437 read=410470
         ->  Nested Loop  (cost=2571.68..715918.44 rows=36 width=18) (actual time=269.334..11089.323 rows=348 loops=1)
               Buffers: shared hit=945435 read=410470
               ->  Nested Loop  (cost=2571.26..715863.88 rows=82 width=22) (actual time=196.183..11023.445 rows=2248 loops=1)
                     Buffers: shared hit=937351 read=409562
                     ->  Nested Loop  (cost=2570.83..714805.30 rows=1478 width=26) (actual time=165.610..10278.609 rows=30411 loops=1)
                           Buffers: shared hit=822944 read=404541
                           ->  Nested Loop  (cost=2570.54..712473.67 rows=8871 width=30) (actual time=162.366..10013.175 rows=193296 loops=1)
                                 Buffers: shared hit=801380 read=404541
                                 ->  Hash Join  (cost=2570.11..706541.60 rows=8871 width=22) (actual time=162.310..5352.249 rows=197234 loops=1)
                                       Hash Cond: (catalog_returns.cr_returned_date_sk = date_dim.d_date_sk)
                                       Buffers: shared hit=28385 read=404352
                                       ->  Seq Scan on catalog_returns  (cost=0.00..647267.12 rows=21600412 width=26) (actual time=0.044..3569.056 rows=21598628 loops=1)
                                             Buffers: shared hit=28273 read=402990
                                       ->  Hash  (cost=2569.73..2569.73 rows=30 width=4) (actual time=20.975..20.976 rows=31 loops=1)
                                             Buckets: 1024  Batches: 1  Memory Usage: 10kB
                                             Buffers: shared hit=112 read=1362
                                             ->  Seq Scan on date_dim  (cost=0.00..2569.73 rows=30 width=4) (actual time=12.424..20.962 rows=31 loops=1)
                                                   Filter: ((d_year = 1998) AND (d_moy = 12))
                                                   Rows Removed by Filter: 73018
                                                   Buffers: shared hit=112 read=1362
                                 ->  Index Scan using customer_pkey on customer  (cost=0.43..0.67 rows=1 width=16) (actual time=0.023..0.023 rows=1 loops=197234)
                                       Index Cond: (c_customer_sk = catalog_returns.cr_returning_customer_sk)
                                       Buffers: shared hit=772995 read=189
                           ->  Memoize  (cost=0.29..0.31 rows=1 width=4) (actual time=0.001..0.001 rows=0 loops=193296)
                                 Cache Key: customer.c_current_hdemo_sk
                                 Cache Mode: logical
                                 Hits: 186107  Misses: 7189  Evictions: 0  Overflows: 0  Memory Usage: 520kB
                                 Buffers: shared hit=21564
                                 ->  Index Scan using household_demographics_pkey on household_demographics  (cost=0.28..0.30 rows=1 width=4) (actual time=0.016..0.016 rows=0 loops=7189)
                                       Index Cond: (hd_demo_sk = customer.c_current_hdemo_sk)
                                       Filter: (hd_buy_potential ~~ '5001-10000%'::text)
                                       Rows Removed by Filter: 1
                                       Buffers: shared hit=21564
                     ->  Index Scan using customer_demographics_pkey on customer_demographics  (cost=0.43..0.72 rows=1 width=4) (actual time=0.024..0.024 rows=0 loops=30411)
                           Index Cond: (cd_demo_sk = customer.c_current_cdemo_sk)
                           Filter: (((cd_marital_status = 'M'::bpchar) AND (cd_education_status = 'Unknown'::bpchar)) OR ((cd_marital_status = 'W'::bpchar) AND (cd_education_status = 'Advanced Degree'::bpchar)))
                           Rows Removed by Filter: 1
                           Buffers: shared hit=114407 read=5021
               ->  Index Scan using customer_address_pkey on customer_address  (cost=0.42..0.67 rows=1 width=4) (actual time=0.029..0.029 rows=0 loops=2248)
                     Index Cond: (ca_address_sk = customer.c_current_addr_sk)
                     Filter: (ca_gmt_offset = '-6'::numeric)
                     Rows Removed by Filter: 1
                     Buffers: shared hit=8084 read=908
         ->  Hash  (cost=2.30..2.30 rows=30 width=48) (actual time=0.087..0.088 rows=30 loops=1)
               Buckets: 1024  Batches: 1  Memory Usage: 11kB
               Buffers: shared hit=2
               ->  Seq Scan on call_center  (cost=0.00..2.30 rows=30 width=48) (actual time=0.028..0.061 rows=30 loops=1)
                     Buffers: shared hit=2
 Planning:
   Buffers: shared hit=384 read=31
 Planning Time: 5.304 ms
 Execution Time: 11091.807 ms
(57 rows)

