                                                                                                  QUERY PLAN                                                                                                  
--------------------------------------------------------------------------------------------------------------------------------------------------------------------------------------------------------------
 Aggregate  (cost=715903.32..715903.33 rows=1 width=136) (actual time=12895.267..12895.273 rows=1 loops=1)
   Buffers: shared hit=1220594 read=421926
   ->  Nested Loop  (cost=2571.82..715903.18 rows=9 width=58) (actual time=984.285..12893.998 rows=396 loops=1)
         Buffers: shared hit=1220594 read=421926
         ->  Nested Loop  (cost=2571.68..715901.79 rows=9 width=18) (actual time=984.272..12889.737 rows=402 loops=1)
               Buffers: shared hit=1219802 read=421926
               ->  Nested Loop  (cost=2571.25..715788.62 rows=158 width=22) (actual time=971.313..12701.988 rows=6290 loops=1)
                     Buffers: shared hit=1196872 read=420136
                     ->  Nested Loop  (cost=2570.83..714805.30 rows=1478 width=26) (actual time=965.824..11574.831 rows=42505 loops=1)
                           Buffers: shared hit=1037398 read=409590
                           ->  Nested Loop  (cost=2570.54..712473.67 rows=8871 width=30) (actual time=963.180..11264.554 rows=248168 loops=1)
                                 Buffers: shared hit=1015819 read=409590
                                 ->  Hash Join  (cost=2570.11..706541.60 rows=8871 width=22) (actual time=963.116..5311.532 rows=253475 loops=1)
                                       Hash Cond: (catalog_returns.cr_returned_date_sk = date_dim.d_date_sk)
                                       Buffers: shared hit=23414 read=409323
                                       ->  Seq Scan on catalog_returns  (cost=0.00..647267.12 rows=21600412 width=26) (actual time=0.038..3507.335 rows=21598628 loops=1)
                                             Buffers: shared hit=21940 read=409323
                                       ->  Hash  (cost=2569.73..2569.73 rows=30 width=4) (actual time=19.726..19.728 rows=30 loops=1)
                                             Buckets: 1024  Batches: 1  Memory Usage: 10kB
                                             Buffers: shared hit=1474
                                             ->  Seq Scan on date_dim  (cost=0.00..2569.73 rows=30 width=4) (actual time=9.561..19.715 rows=30 loops=1)
                                                   Filter: ((d_year = 2000) AND (d_moy = 4))
                                                   Rows Removed by Filter: 73019
                                                   Buffers: shared hit=1474
                                 ->  Index Scan using customer_pkey on customer  (cost=0.43..0.67 rows=1 width=16) (actual time=0.023..0.023 rows=1 loops=253475)
                                       Index Cond: (c_customer_sk = catalog_returns.cr_returning_customer_sk)
                                       Buffers: shared hit=992405 read=267
                           ->  Memoize  (cost=0.29..0.31 rows=1 width=4) (actual time=0.001..0.001 rows=0 loops=248168)
                                 Cache Key: customer.c_current_hdemo_sk
                                 Cache Mode: logical
                                 Hits: 240974  Misses: 7194  Evictions: 0  Overflows: 0  Memory Usage: 520kB
                                 Buffers: shared hit=21579
                                 ->  Index Scan using household_demographics_pkey on household_demographics  (cost=0.28..0.30 rows=1 width=4) (actual time=0.016..0.016 rows=0 loops=7194)
                                       Index Cond: (hd_demo_sk = customer.c_current_hdemo_sk)
                                       Filter: (hd_buy_potential ~~ 'Unknown%'::text)
                                       Rows Removed by Filter: 1
                                       Buffers: shared hit=21579
                     ->  Index Scan using customer_address_pkey on customer_address  (cost=0.42..0.67 rows=1 width=4) (actual time=0.026..0.026 rows=0 loops=42505)
                           Index Cond: (ca_address_sk = customer.c_current_addr_sk)
                           Filter: (ca_gmt_offset = '-7'::numeric)
                           Rows Removed by Filter: 1
                           Buffers: shared hit=159474 read=10546
               ->  Index Scan using customer_demographics_pkey on customer_demographics  (cost=0.43..0.72 rows=1 width=4) (actual time=0.029..0.029 rows=0 loops=6290)
                     Index Cond: (cd_demo_sk = customer.c_current_cdemo_sk)
                     Filter: (((cd_marital_status = 'M'::bpchar) AND (cd_education_status = 'Unknown'::bpchar)) OR ((cd_marital_status = 'W'::bpchar) AND (cd_education_status = 'Advanced Degree'::bpchar)))
                     Rows Removed by Filter: 1
                     Buffers: shared hit=22930 read=1790
         ->  Index Scan using call_center_pkey on call_center  (cost=0.14..0.16 rows=1 width=48) (actual time=0.009..0.009 rows=1 loops=402)
               Index Cond: (cc_call_center_sk = catalog_returns.cr_call_center_sk)
               Buffers: shared hit=792
 Planning:
   Buffers: shared hit=415
 Planning Time: 3.219 ms
 Execution Time: 12895.927 ms
(54 rows)

