                                                                                                  QUERY PLAN                                                                                                  
--------------------------------------------------------------------------------------------------------------------------------------------------------------------------------------------------------------
 Aggregate  (cost=716146.24..716146.25 rows=1 width=136) (actual time=12591.593..12591.601 rows=1 loops=1)
   Buffers: shared hit=1187577 read=415313
   ->  Nested Loop  (cost=2571.83..716146.10 rows=9 width=58) (actual time=12591.589..12591.595 rows=0 loops=1)
         Buffers: shared hit=1187577 read=415313
         ->  Nested Loop  (cost=2571.69..716144.71 rows=9 width=18) (actual time=12591.588..12591.594 rows=0 loops=1)
               Buffers: shared hit=1187577 read=415313
               ->  Nested Loop  (cost=2571.27..716027.25 rows=164 width=22) (actual time=395.653..12490.288 rows=3744 loops=1)
                     Buffers: shared hit=1174313 read=413873
                     ->  Nested Loop  (cost=2570.84..715010.66 rows=1528 width=26) (actual time=389.241..11645.731 rows=34157 loops=1)
                           Buffers: shared hit=1043582 read=407976
                           ->  Nested Loop  (cost=2570.55..712671.62 rows=9167 width=30) (actual time=379.898..11344.193 rows=249306 loops=1)
                                 Buffers: shared hit=1021985 read=407976
                                 ->  Hash Join  (cost=2570.12..706541.62 rows=9167 width=22) (actual time=379.776..5430.535 rows=254456 loops=1)
                                       Hash Cond: (catalog_returns.cr_returned_date_sk = date_dim.d_date_sk)
                                       Buffers: shared hit=24934 read=407803
                                       ->  Seq Scan on catalog_returns  (cost=0.00..647267.12 rows=21600412 width=26) (actual time=0.029..3569.295 rows=21598628 loops=1)
                                             Buffers: shared hit=24934 read=406329
                                       ->  Hash  (cost=2569.73..2569.73 rows=31 width=4) (actual time=23.676..23.678 rows=31 loops=1)
                                             Buckets: 1024  Batches: 1  Memory Usage: 10kB
                                             Buffers: shared read=1474
                                             ->  Seq Scan on date_dim  (cost=0.00..2569.73 rows=31 width=4) (actual time=11.430..23.661 rows=31 loops=1)
                                                   Filter: ((d_year = 1999) AND (d_moy = 3))
                                                   Rows Removed by Filter: 73018
                                                   Buffers: shared read=1474
                                 ->  Index Scan using customer_pkey on customer  (cost=0.43..0.67 rows=1 width=16) (actual time=0.023..0.023 rows=1 loops=254456)
                                       Index Cond: (c_customer_sk = catalog_returns.cr_returning_customer_sk)
                                       Buffers: shared hit=997051 read=173
                           ->  Memoize  (cost=0.29..0.31 rows=1 width=4) (actual time=0.001..0.001 rows=0 loops=249306)
                                 Cache Key: customer.c_current_hdemo_sk
                                 Cache Mode: logical
                                 Hits: 242106  Misses: 7200  Evictions: 0  Overflows: 0  Memory Usage: 521kB
                                 Buffers: shared hit=21597
                                 ->  Index Scan using household_demographics_pkey on household_demographics  (cost=0.28..0.30 rows=1 width=4) (actual time=0.016..0.016 rows=0 loops=7200)
                                       Index Cond: (hd_demo_sk = customer.c_current_hdemo_sk)
                                       Filter: (hd_buy_potential ~~ '1001-5000%'::text)
                                       Rows Removed by Filter: 1
                                       Buffers: shared hit=21597
                     ->  Index Scan using customer_address_pkey on customer_address  (cost=0.42..0.67 rows=1 width=4) (actual time=0.024..0.024 rows=0 loops=34157)
                           Index Cond: (ca_address_sk = customer.c_current_addr_sk)
                           Filter: (ca_gmt_offset = '-7'::numeric)
                           Rows Removed by Filter: 1
                           Buffers: shared hit=130731 read=5897
               ->  Index Scan using customer_demographics_pkey on customer_demographics  (cost=0.43..0.72 rows=1 width=4) (actual time=0.027..0.027 rows=0 loops=3744)
                     Index Cond: (cd_demo_sk = customer.c_current_cdemo_sk)
                     Filter: (((cd_marital_status = 'M'::bpchar) AND (cd_education_status = 'Unknown'::bpchar)) OR ((cd_marital_status = 'W'::bpchar) AND (cd_education_status = 'Advanced Degree'::bpchar)))
                     Rows Removed by Filter: 1
                     Buffers: shared hit=13264 read=1440
         ->  Index Scan using call_center_pkey on call_center  (cost=0.14..0.16 rows=1 width=48) (never executed)
               Index Cond: (cc_call_center_sk = catalog_returns.cr_call_center_sk)
 Planning:
   Buffers: shared hit=384 read=31
 Planning Time: 2.064 ms
 Execution Time: 12592.058 ms
(53 rows)

