                                                                                                  QUERY PLAN                                                                                                  
--------------------------------------------------------------------------------------------------------------------------------------------------------------------------------------------------------------
 Aggregate  (cost=716146.24..716146.25 rows=1 width=136) (actual time=14396.689..14396.696 rows=1 loops=1)
   Buffers: shared hit=1488837 read=415014
   ->  Nested Loop  (cost=2571.83..716146.10 rows=9 width=58) (actual time=3006.325..14394.602 rows=760 loops=1)
         Buffers: shared hit=1488837 read=415014
         ->  Nested Loop  (cost=2571.69..716144.71 rows=9 width=18) (actual time=3006.306..14384.680 rows=771 loops=1)
               Buffers: shared hit=1487317 read=415014
               ->  Nested Loop  (cost=2571.27..716027.25 rows=164 width=22) (actual time=2985.384..14207.837 rows=6352 loops=1)
                     Buffers: shared hit=1465932 read=411527
                     ->  Nested Loop  (cost=2570.84..715010.66 rows=1528 width=26) (actual time=2974.973..13044.672 rows=47340 loops=1)
                           Buffers: shared hit=1284328 read=403771
                           ->  Nested Loop  (cost=2570.55..712671.62 rows=9167 width=30) (actual time=2970.338..12708.335 rows=308442 loops=1)
                                 Buffers: shared hit=1262734 read=403771
                                 ->  Hash Join  (cost=2570.12..706541.62 rows=9167 width=22) (actual time=2970.294..5494.208 rows=314722 loops=1)
                                       Hash Cond: (catalog_returns.cr_returned_date_sk = date_dim.d_date_sk)
                                       Buffers: shared hit=29213 read=403524
                                       ->  Seq Scan on catalog_returns  (cost=0.00..647267.12 rows=21600412 width=26) (actual time=0.070..3633.712 rows=21598628 loops=1)
                                             Buffers: shared hit=27739 read=403524
                                       ->  Hash  (cost=2569.73..2569.73 rows=31 width=4) (actual time=17.985..17.987 rows=31 loops=1)
                                             Buckets: 1024  Batches: 1  Memory Usage: 10kB
                                             Buffers: shared hit=1474
                                             ->  Seq Scan on date_dim  (cost=0.00..2569.73 rows=31 width=4) (actual time=10.194..17.973 rows=31 loops=1)
                                                   Filter: ((d_year = 2002) AND (d_moy = 10))
                                                   Rows Removed by Filter: 73018
                                                   Buffers: shared hit=1474
                                 ->  Index Scan using customer_pkey on customer  (cost=0.43..0.67 rows=1 width=16) (actual time=0.022..0.022 rows=1 loops=314722)
                                       Index Cond: (c_customer_sk = catalog_returns.cr_returning_customer_sk)
                                       Buffers: shared hit=1233521 read=247
                           ->  Memoize  (cost=0.29..0.31 rows=1 width=4) (actual time=0.001..0.001 rows=0 loops=308442)
                                 Cache Key: customer.c_current_hdemo_sk
                                 Cache Mode: logical
                                 Hits: 301243  Misses: 7199  Evictions: 0  Overflows: 0  Memory Usage: 521kB
                                 Buffers: shared hit=21594
                                 ->  Index Scan using household_demographics_pkey on household_demographics  (cost=0.28..0.30 rows=1 width=4) (actual time=0.014..0.014 rows=0 loops=7199)
                                       Index Cond: (hd_demo_sk = customer.c_current_hdemo_sk)
                                       Filter: (hd_buy_potential ~~ '0-500%'::text)
                                       Rows Removed by Filter: 1
                                       Buffers: shared hit=21594
                     ->  Index Scan using customer_address_pkey on customer_address  (cost=0.42..0.67 rows=1 width=4) (actual time=0.024..0.024 rows=0 loops=47340)
                           Index Cond: (ca_address_sk = customer.c_current_addr_sk)
                           Filter: (ca_gmt_offset = '-7'::numeric)
                           Rows Removed by Filter: 1
                           Buffers: shared hit=181604 read=7756
               ->  Index Scan using customer_demographics_pkey on customer_demographics  (cost=0.43..0.72 rows=1 width=4) (actual time=0.027..0.027 rows=0 loops=6352)
                     Index Cond: (cd_demo_sk = customer.c_current_cdemo_sk)
                     Filter: (((cd_marital_status = 'M'::bpchar) AND (cd_education_status = 'Unknown'::bpchar)) OR ((cd_marital_status = 'W'::bpchar) AND (cd_education_status = 'Advanced Degree'::bpchar)))
                     Rows Removed by Filter: 1
                     Buffers: shared hit=21385 read=3487
         ->  Index Scan using call_center_pkey on call_center  (cost=0.14..0.16 rows=1 width=48) (actual time=0.011..0.011 rows=1 loops=771)
               Index Cond: (cc_call_center_sk = catalog_returns.cr_call_center_sk)
               Buffers: shared hit=1520
 Planning:
   Buffers: shared hit=415
 Planning Time: 4.438 ms
 Execution Time: 14397.614 ms
(54 rows)

