                                                                                                  QUERY PLAN                                                                                                  
--------------------------------------------------------------------------------------------------------------------------------------------------------------------------------------------------------------
 Aggregate  (cost=715420.76..715420.77 rows=1 width=136) (actual time=13591.202..13591.209 rows=1 loops=1)
   Buffers: shared hit=1370614 read=415713
   ->  Nested Loop  (cost=2571.79..715420.64 rows=8 width=58) (actual time=1652.178..13589.836 rows=415 loops=1)
         Buffers: shared hit=1370614 read=415713
         ->  Nested Loop  (cost=2571.66..715419.40 rows=8 width=18) (actual time=1652.161..13584.706 rows=417 loops=1)
               Buffers: shared hit=1369784 read=415713
               ->  Nested Loop  (cost=2571.23..715313.40 rows=148 width=22) (actual time=1558.595..13382.154 rows=7021 loops=1)
                     Buffers: shared hit=1346764 read=411105
                     ->  Nested Loop  (cost=2570.80..714395.28 rows=1380 width=26) (actual time=1558.569..12237.892 rows=47452 loops=1)
                           Buffers: shared hit=1163082 read=404979
                           ->  Nested Loop  (cost=2570.51..712078.44 rows=8280 width=30) (actual time=1556.443..11916.408 rows=278431 loops=1)
                                 Buffers: shared hit=1141482 read=404979
                                 ->  Hash Join  (cost=2570.08..706541.58 rows=8280 width=22) (actual time=1556.395..5375.977 rows=283886 loops=1)
                                       Hash Cond: (catalog_returns.cr_returned_date_sk = date_dim.d_date_sk)
                                       Buffers: shared hit=27907 read=404830
                                       ->  Seq Scan on catalog_returns  (cost=0.00..647267.12 rows=21600412 width=26) (actual time=0.048..3539.958 rows=21598628 loops=1)
                                             Buffers: shared hit=26433 read=404830
                                       ->  Hash  (cost=2569.73..2569.73 rows=28 width=4) (actual time=21.986..21.987 rows=28 loops=1)
                                             Buckets: 1024  Batches: 1  Memory Usage: 9kB
                                             Buffers: shared hit=1474
                                             ->  Seq Scan on date_dim  (cost=0.00..2569.73 rows=28 width=4) (actual time=11.292..21.972 rows=28 loops=1)
                                                   Filter: ((d_year = 2001) AND (d_moy = 2))
                                                   Rows Removed by Filter: 73021
                                                   Buffers: shared hit=1474
                                 ->  Index Scan using customer_pkey on customer  (cost=0.43..0.67 rows=1 width=16) (actual time=0.022..0.022 rows=1 loops=283886)
                                       Index Cond: (c_customer_sk = catalog_returns.cr_returning_customer_sk)
                                       Buffers: shared hit=1113575 read=149
                           ->  Memoize  (cost=0.29..0.31 rows=1 width=4) (actual time=0.001..0.001 rows=0 loops=278431)
                                 Cache Key: customer.c_current_hdemo_sk
                                 Cache Mode: logical
                                 Hits: 271230  Misses: 7201  Evictions: 0  Overflows: 0  Memory Usage: 521kB
                                 Buffers: shared hit=21600
                                 ->  Index Scan using household_demographics_pkey on household_demographics  (cost=0.28..0.30 rows=1 width=4) (actual time=0.015..0.015 rows=0 loops=7201)
                                       Index Cond: (hd_demo_sk = customer.c_current_hdemo_sk)
                                       Filter: (hd_buy_potential ~~ 'Unknown%'::text)
                                       Rows Removed by Filter: 1
                                       Buffers: shared hit=21600
                     ->  Index Scan using customer_address_pkey on customer_address  (cost=0.42..0.67 rows=1 width=4) (actual time=0.024..0.024 rows=0 loops=47452)
                           Index Cond: (ca_address_sk = customer.c_current_addr_sk)
                           Filter: (ca_gmt_offset = '-7'::numeric)
                           Rows Removed by Filter: 1
                           Buffers: shared hit=183682 read=6126
               ->  Index Scan using customer_demographics_pkey on customer_demographics  (cost=0.43..0.72 rows=1 width=4) (actual time=0.028..0.028 rows=0 loops=7021)
                     Index Cond: (cd_demo_sk = customer.c_current_cdemo_sk)
                     Filter: (((cd_marital_status = 'M'::bpchar) AND (cd_education_status = 'Unknown'::bpchar)) OR ((cd_marital_status = 'W'::bpchar) AND (cd_education_status = 'Advanced Degree'::bpchar)))
                     Rows Removed by Filter: 1
                     Buffers: shared hit=23020 read=4608
         ->  Index Scan using call_center_pkey on call_center  (cost=0.14..0.16 rows=1 width=48) (actual time=0.011..0.011 rows=1 loops=417)
               Index Cond: (cc_call_center_sk = catalog_returns.cr_call_center_sk)
               Buffers: shared hit=830
 Planning:
   Buffers: shared hit=415
 Planning Time: 4.448 ms
 Execution Time: 13592.019 ms
(54 rows)

