                                                                                                  QUERY PLAN                                                                                                  
--------------------------------------------------------------------------------------------------------------------------------------------------------------------------------------------------------------
 Aggregate  (cost=715903.32..715903.33 rows=1 width=136) (actual time=8986.843..8986.849 rows=1 loops=1)
   Buffers: shared hit=671599 read=410329
   ->  Nested Loop  (cost=2571.82..715903.18 rows=9 width=58) (actual time=24.097..8985.826 rows=352 loops=1)
         Buffers: shared hit=671599 read=410329
         ->  Nested Loop  (cost=2571.68..715901.79 rows=9 width=18) (actual time=24.085..8981.658 rows=356 loops=1)
               Buffers: shared hit=670895 read=410329
               ->  Nested Loop  (cost=2571.25..715788.62 rows=158 width=22) (actual time=24.046..8906.316 rows=2688 loops=1)
                     Buffers: shared hit=661374 read=409302
                     ->  Nested Loop  (cost=2570.83..714805.30 rows=1478 width=26) (actual time=23.768..8401.256 rows=20401 loops=1)
                           Buffers: shared hit=582319 read=406753
                           ->  Nested Loop  (cost=2570.54..712473.67 rows=8871 width=30) (actual time=23.414..8188.727 rows=133698 loops=1)
                                 Buffers: shared hit=560776 read=406753
                                 ->  Hash Join  (cost=2570.11..706541.60 rows=8871 width=22) (actual time=23.357..5000.025 rows=136344 loops=1)
                                       Hash Cond: (catalog_returns.cr_returned_date_sk = date_dim.d_date_sk)
                                       Buffers: shared hit=26022 read=406715
                                       ->  Seq Scan on catalog_returns  (cost=0.00..647267.12 rows=21600412 width=26) (actual time=0.058..3301.984 rows=21598628 loops=1)
                                             Buffers: shared hit=26022 read=405241
                                       ->  Hash  (cost=2569.73..2569.73 rows=30 width=4) (actual time=23.265..23.265 rows=31 loops=1)
                                             Buckets: 1024  Batches: 1  Memory Usage: 10kB
                                             Buffers: shared read=1474
                                             ->  Seq Scan on date_dim  (cost=0.00..2569.73 rows=30 width=4) (actual time=13.559..23.244 rows=31 loops=1)
                                                   Filter: ((d_year = 1998) AND (d_moy = 5))
                                                   Rows Removed by Filter: 73018
                                                   Buffers: shared read=1474
                                 ->  Index Scan using customer_pkey on customer  (cost=0.43..0.67 rows=1 width=16) (actual time=0.023..0.023 rows=1 loops=136344)
                                       Index Cond: (c_customer_sk = catalog_returns.cr_returning_customer_sk)
                                       Buffers: shared hit=534754 read=38
                           ->  Memoize  (cost=0.29..0.31 rows=1 width=4) (actual time=0.001..0.001 rows=0 loops=133698)
                                 Cache Key: customer.c_current_hdemo_sk
                                 Cache Mode: logical
                                 Hits: 126516  Misses: 7182  Evictions: 0  Overflows: 0  Memory Usage: 520kB
                                 Buffers: shared hit=21543
                                 ->  Index Scan using household_demographics_pkey on household_demographics  (cost=0.28..0.30 rows=1 width=4) (actual time=0.015..0.015 rows=0 loops=7182)
                                       Index Cond: (hd_demo_sk = customer.c_current_hdemo_sk)
                                       Filter: (hd_buy_potential ~~ '0-500%'::text)
                                       Rows Removed by Filter: 1
                                       Buffers: shared hit=21543
                     ->  Index Scan using customer_address_pkey on customer_address  (cost=0.42..0.67 rows=1 width=4) (actual time=0.024..0.024 rows=0 loops=20401)
                           Index Cond: (ca_address_sk = customer.c_current_addr_sk)
                           Filter: (ca_gmt_offset = '-7'::numeric)
                           Rows Removed by Filter: 1
                           Buffers: shared hit=79055 read=2549
               ->  Index Scan using customer_demographics_pkey on customer_demographics  (cost=0.43..0.72 rows=1 width=4) (actual time=0.028..0.028 rows=0 loops=2688)
                     Index Cond: (cd_demo_sk = customer.c_current_cdemo_sk)
                     Filter: (((cd_marital_status = 'M'::bpchar) AND (cd_education_status = 'Unknown'::bpchar)) OR ((cd_marital_status = 'W'::bpchar) AND (cd_education_status = 'Advanced Degree'::bpchar)))
                     Rows Removed by Filter: 1
                     Buffers: shared hit=9521 read=1027
         ->  Index Scan using call_center_pkey on call_center  (cost=0.14..0.16 rows=1 width=48) (actual time=0.010..0.010 rows=1 loops=356)
               Index Cond: (cc_call_center_sk = catalog_returns.cr_call_center_sk)
               Buffers: shared hit=704
 Planning:
   Buffers: shared hit=384 read=31
 Planning Time: 4.849 ms
 Execution Time: 8987.650 ms
(54 rows)

