                                                                                                  QUERY PLAN                                                                                                  
--------------------------------------------------------------------------------------------------------------------------------------------------------------------------------------------------------------
 Aggregate  (cost=715903.32..715903.33 rows=1 width=136) (actual time=12588.538..12588.544 rows=1 loops=1)
   Buffers: shared hit=1210077 read=414437
   ->  Nested Loop  (cost=2571.82..715903.18 rows=9 width=58) (actual time=899.039..12586.888 rows=575 loops=1)
         Buffers: shared hit=1210077 read=414437
         ->  Nested Loop  (cost=2571.68..715901.79 rows=9 width=18) (actual time=899.024..12579.260 rows=579 loops=1)
               Buffers: shared hit=1208927 read=414437
               ->  Nested Loop  (cost=2571.25..715788.62 rows=158 width=22) (actual time=892.131..12444.781 rows=5051 loops=1)
                     Buffers: shared hit=1191026 read=412458
                     ->  Nested Loop  (cost=2570.83..714805.30 rows=1478 width=26) (actual time=865.617..11521.536 rows=38011 loops=1)
                           Buffers: shared hit=1044096 read=407344
                           ->  Nested Loop  (cost=2570.54..712473.67 rows=8871 width=30) (actual time=865.074..11239.070 rows=249278 loops=1)
                                 Buffers: shared hit=1022505 read=407344
                                 ->  Hash Join  (cost=2570.11..706541.60 rows=8871 width=22) (actual time=865.020..5414.656 rows=254424 loops=1)
                                       Hash Cond: (catalog_returns.cr_returned_date_sk = date_dim.d_date_sk)
                                       Buffers: shared hit=25457 read=407280
                                       ->  Seq Scan on catalog_returns  (cost=0.00..647267.12 rows=21600412 width=26) (actual time=0.029..3588.067 rows=21598628 loops=1)
                                             Buffers: shared hit=23983 read=407280
                                       ->  Hash  (cost=2569.73..2569.73 rows=30 width=4) (actual time=14.938..14.939 rows=31 loops=1)
                                             Buckets: 1024  Batches: 1  Memory Usage: 10kB
                                             Buffers: shared hit=1474
                                             ->  Seq Scan on date_dim  (cost=0.00..2569.73 rows=30 width=4) (actual time=7.613..14.929 rows=31 loops=1)
                                                   Filter: ((d_year = 2000) AND (d_moy = 1))
                                                   Rows Removed by Filter: 73018
                                                   Buffers: shared hit=1474
                                 ->  Index Scan using customer_pkey on customer  (cost=0.43..0.67 rows=1 width=16) (actual time=0.022..0.022 rows=1 loops=254424)
                                       Index Cond: (c_customer_sk = catalog_returns.cr_returning_customer_sk)
                                       Buffers: shared hit=997048 read=64
                           ->  Memoize  (cost=0.29..0.31 rows=1 width=4) (actual time=0.001..0.001 rows=0 loops=249278)
                                 Cache Key: customer.c_current_hdemo_sk
                                 Cache Mode: logical
                                 Hits: 242080  Misses: 7198  Evictions: 0  Overflows: 0  Memory Usage: 521kB
                                 Buffers: shared hit=21591
                                 ->  Index Scan using household_demographics_pkey on household_demographics  (cost=0.28..0.30 rows=1 width=4) (actual time=0.013..0.013 rows=0 loops=7198)
                                       Index Cond: (hd_demo_sk = customer.c_current_hdemo_sk)
                                       Filter: (hd_buy_potential ~~ '0-500%'::text)
                                       Rows Removed by Filter: 1
                                       Buffers: shared hit=21591
                     ->  Index Scan using customer_address_pkey on customer_address  (cost=0.42..0.67 rows=1 width=4) (actual time=0.024..0.024 rows=0 loops=38011)
                           Index Cond: (ca_address_sk = customer.c_current_addr_sk)
                           Filter: (ca_gmt_offset = '-7'::numeric)
                           Rows Removed by Filter: 1
                           Buffers: shared hit=146930 read=5114
               ->  Index Scan using customer_demographics_pkey on customer_demographics  (cost=0.43..0.72 rows=1 width=4) (actual time=0.026..0.026 rows=0 loops=5051)
                     Index Cond: (cd_demo_sk = customer.c_current_cdemo_sk)
                     Filter: (((cd_marital_status = 'M'::bpchar) AND (cd_education_status = 'Unknown'::bpchar)) OR ((cd_marital_status = 'W'::bpchar) AND (cd_education_status = 'Advanced Degree'::bpchar)))
                     Rows Removed by Filter: 1
                     Buffers: shared hit=17901 read=1979
         ->  Index Scan using call_center_pkey on call_center  (cost=0.14..0.16 rows=1 width=48) (actual time=0.012..0.012 rows=1 loops=579)
               Index Cond: (cc_call_center_sk = catalog_returns.cr_call_center_sk)
               Buffers: shared hit=1150
 Planning:
   Buffers: shared hit=415
 Planning Time: 2.465 ms
 Execution Time: 12589.062 ms
(54 rows)

