                                                                                                     QUERY PLAN                                                                                                     
--------------------------------------------------------------------------------------------------------------------------------------------------------------------------------------------------------------------
 Aggregate  (cost=715921.76..715921.77 rows=1 width=136) (actual time=13075.006..13075.013 rows=1 loops=1)
   Buffers: shared hit=1275576 read=432598
   ->  Hash Join  (cost=2574.36..715921.22 rows=36 width=58) (actual time=1909.775..13068.224 rows=3745 loops=1)
         Hash Cond: (catalog_returns.cr_call_center_sk = call_center.cc_call_center_sk)
         Buffers: shared hit=1275576 read=432598
         ->  Nested Loop  (cost=2571.68..715918.44 rows=36 width=18) (actual time=1909.674..13065.482 rows=3783 loops=1)
               Buffers: shared hit=1275574 read=432598
               ->  Nested Loop  (cost=2571.26..715863.88 rows=82 width=22) (actual time=1909.641..12875.666 rows=6969 loops=1)
                     Buffers: shared hit=1248802 read=431494
                     ->  Nested Loop  (cost=2570.83..714805.30 rows=1478 width=26) (actual time=1907.749..11672.701 rows=46444 loops=1)
                           Buffers: shared hit=1083784 read=413980
                           ->  Nested Loop  (cost=2570.54..712473.67 rows=8871 width=30) (actual time=1897.159..11364.740 rows=260859 loops=1)
                                 Buffers: shared hit=1062193 read=413980
                                 ->  Hash Join  (cost=2570.11..706541.60 rows=8871 width=22) (actual time=1897.116..5291.945 rows=266327 loops=1)
                                       Hash Cond: (catalog_returns.cr_returned_date_sk = date_dim.d_date_sk)
                                       Buffers: shared hit=18797 read=413940
                                       ->  Seq Scan on catalog_returns  (cost=0.00..647267.12 rows=21600412 width=26) (actual time=0.034..3501.708 rows=21598628 loops=1)
                                             Buffers: shared hit=17323 read=413940
                                       ->  Hash  (cost=2569.73..2569.73 rows=30 width=4) (actual time=22.469..22.470 rows=30 loops=1)
                                             Buckets: 1024  Batches: 1  Memory Usage: 10kB
                                             Buffers: shared hit=1474
                                             ->  Seq Scan on date_dim  (cost=0.00..2569.73 rows=30 width=4) (actual time=9.933..22.452 rows=30 loops=1)
                                                   Filter: ((d_year = 2001) AND (d_moy = 9))
                                                   Rows Removed by Filter: 73019
                                                   Buffers: shared hit=1474
                                 ->  Index Scan using customer_pkey on customer  (cost=0.43..0.67 rows=1 width=16) (actual time=0.022..0.022 rows=1 loops=266327)
                                       Index Cond: (c_customer_sk = catalog_returns.cr_returning_customer_sk)
                                       Buffers: shared hit=1043396 read=40
                           ->  Memoize  (cost=0.29..0.31 rows=1 width=4) (actual time=0.001..0.001 rows=0 loops=260859)
                                 Cache Key: customer.c_current_hdemo_sk
                                 Cache Mode: logical
                                 Hits: 253661  Misses: 7198  Evictions: 0  Overflows: 0  Memory Usage: 521kB
                                 Buffers: shared hit=21591
                                 ->  Index Scan using household_demographics_pkey on household_demographics  (cost=0.28..0.30 rows=1 width=4) (actual time=0.014..0.014 rows=0 loops=7198)
                                       Index Cond: (hd_demo_sk = customer.c_current_hdemo_sk)
                                       Filter: (hd_buy_potential ~~ '>10000%'::text)
                                       Rows Removed by Filter: 1
                                       Buffers: shared hit=21591
                     ->  Index Scan using customer_demographics_pkey on customer_demographics  (cost=0.43..0.72 rows=1 width=4) (actual time=0.026..0.026 rows=0 loops=46444)
                           Index Cond: (cd_demo_sk = customer.c_current_cdemo_sk)
                           Filter: (((cd_marital_status = 'M'::bpchar) AND (cd_education_status = 'Unknown'::bpchar)) OR ((cd_marital_status = 'W'::bpchar) AND (cd_education_status = 'Advanced Degree'::bpchar)))
                           Rows Removed by Filter: 1
                           Buffers: shared hit=165018 read=17514
               ->  Index Scan using customer_address_pkey on customer_address  (cost=0.42..0.67 rows=1 width=4) (actual time=0.027..0.027 rows=1 loops=6969)
                     Index Cond: (ca_address_sk = customer.c_current_addr_sk)
                     Filter: (ca_gmt_offset = '-6'::numeric)
                     Rows Removed by Filter: 0
                     Buffers: shared hit=26772 read=1104
         ->  Hash  (cost=2.30..2.30 rows=30 width=48) (actual time=0.074..0.075 rows=30 loops=1)
               Buckets: 1024  Batches: 1  Memory Usage: 11kB
               Buffers: shared hit=2
               ->  Seq Scan on call_center  (cost=0.00..2.30 rows=30 width=48) (actual time=0.027..0.048 rows=30 loops=1)
                     Buffers: shared hit=2
 Planning:
   Buffers: shared hit=415
 Planning Time: 4.383 ms
 Execution Time: 13075.845 ms
(57 rows)

