                                                                                                     QUERY PLAN                                                                                                     
--------------------------------------------------------------------------------------------------------------------------------------------------------------------------------------------------------------------
 Aggregate  (cost=715921.76..715921.77 rows=1 width=136) (actual time=16005.890..16005.897 rows=1 loops=1)
   Buffers: shared hit=1639192 read=419983
   ->  Hash Join  (cost=2574.36..715921.22 rows=36 width=58) (actual time=2324.076..15996.718 rows=4825 loops=1)
         Hash Cond: (catalog_returns.cr_call_center_sk = call_center.cc_call_center_sk)
         Buffers: shared hit=1639192 read=419983
         ->  Nested Loop  (cost=2571.68..715918.44 rows=36 width=18) (actual time=2323.979..15993.122 rows=4872 loops=1)
               Buffers: shared hit=1639190 read=419983
               ->  Nested Loop  (cost=2571.26..715863.88 rows=82 width=22) (actual time=2323.112..15744.733 rows=9002 loops=1)
                     Buffers: shared hit=1604952 read=418213
                     ->  Nested Loop  (cost=2570.83..714805.30 rows=1478 width=26) (actual time=2311.667..14233.583 rows=59501 loops=1)
                           Buffers: shared hit=1382918 read=406495
                           ->  Nested Loop  (cost=2570.54..712473.67 rows=8871 width=30) (actual time=2306.031..13853.547 rows=333772 loops=1)
                                 Buffers: shared hit=1361330 read=406495
                                 ->  Hash Join  (cost=2570.11..706541.60 rows=8871 width=22) (actual time=2305.990..5564.563 rows=340503 loops=1)
                                       Hash Cond: (catalog_returns.cr_returned_date_sk = date_dim.d_date_sk)
                                       Buffers: shared hit=26575 read=406162
                                       ->  Seq Scan on catalog_returns  (cost=0.00..647267.12 rows=21600412 width=26) (actual time=0.161..3617.328 rows=21598628 loops=1)
                                             Buffers: shared hit=25101 read=406162
                                       ->  Hash  (cost=2569.73..2569.73 rows=30 width=4) (actual time=25.198..25.199 rows=31 loops=1)
                                             Buckets: 1024  Batches: 1  Memory Usage: 10kB
                                             Buffers: shared hit=1474
                                             ->  Seq Scan on date_dim  (cost=0.00..2569.73 rows=30 width=4) (actual time=14.582..25.180 rows=31 loops=1)
                                                   Filter: ((d_year = 2002) AND (d_moy = 1))
                                                   Rows Removed by Filter: 73018
                                                   Buffers: shared hit=1474
                                 ->  Index Scan using customer_pkey on customer  (cost=0.43..0.67 rows=1 width=16) (actual time=0.024..0.024 rows=1 loops=340503)
                                       Index Cond: (c_customer_sk = catalog_returns.cr_returning_customer_sk)
                                       Buffers: shared hit=1334755 read=333
                           ->  Memoize  (cost=0.29..0.31 rows=1 width=4) (actual time=0.001..0.001 rows=0 loops=333772)
                                 Cache Key: customer.c_current_hdemo_sk
                                 Cache Mode: logical
                                 Hits: 326575  Misses: 7197  Evictions: 0  Overflows: 0  Memory Usage: 520kB
                                 Buffers: shared hit=21588
                                 ->  Index Scan using household_demographics_pkey on household_demographics  (cost=0.28..0.30 rows=1 width=4) (actual time=0.015..0.015 rows=0 loops=7197)
                                       Index Cond: (hd_demo_sk = customer.c_current_hdemo_sk)
                                       Filter: (hd_buy_potential ~~ '>10000%'::text)
                                       Rows Removed by Filter: 1
                                       Buffers: shared hit=21588
                     ->  Index Scan using customer_demographics_pkey on customer_demographics  (cost=0.43..0.72 rows=1 width=4) (actual time=0.025..0.025 rows=0 loops=59501)
                           Index Cond: (cd_demo_sk = customer.c_current_cdemo_sk)
                           Filter: (((cd_marital_status = 'M'::bpchar) AND (cd_education_status = 'Unknown'::bpchar)) OR ((cd_marital_status = 'W'::bpchar) AND (cd_education_status = 'Advanced Degree'::bpchar)))
                           Rows Removed by Filter: 1
                           Buffers: shared hit=222034 read=11718
               ->  Index Scan using customer_address_pkey on customer_address  (cost=0.42..0.67 rows=1 width=4) (actual time=0.027..0.027 rows=1 loops=9002)
                     Index Cond: (ca_address_sk = customer.c_current_addr_sk)
                     Filter: (ca_gmt_offset = '-6'::numeric)
                     Rows Removed by Filter: 0
                     Buffers: shared hit=34238 read=1770
         ->  Hash  (cost=2.30..2.30 rows=30 width=48) (actual time=0.077..0.078 rows=30 loops=1)
               Buckets: 1024  Batches: 1  Memory Usage: 11kB
               Buffers: shared hit=2
               ->  Seq Scan on call_center  (cost=0.00..2.30 rows=30 width=48) (actual time=0.027..0.050 rows=30 loops=1)
                     Buffers: shared hit=2
 Planning:
   Buffers: shared hit=415
 Planning Time: 3.989 ms
 Execution Time: 16006.522 ms
(57 rows)

