                                                                                                  QUERY PLAN                                                                                                  
--------------------------------------------------------------------------------------------------------------------------------------------------------------------------------------------------------------
 Aggregate  (cost=716146.24..716146.25 rows=1 width=136) (actual time=13066.237..13066.245 rows=1 loops=1)
   Buffers: shared hit=1256397 read=420546
   ->  Nested Loop  (cost=2571.83..716146.10 rows=9 width=58) (actual time=1098.489..13064.467 rows=645 loops=1)
         Buffers: shared hit=1256397 read=420546
         ->  Nested Loop  (cost=2571.69..716144.71 rows=9 width=18) (actual time=1098.475..13058.009 rows=650 loops=1)
               Buffers: shared hit=1255107 read=420546
               ->  Nested Loop  (cost=2571.27..716027.25 rows=164 width=22) (actual time=1060.645..12944.412 rows=4565 loops=1)
                     Buffers: shared hit=1237947 read=419786
                     ->  Nested Loop  (cost=2570.84..715010.66 rows=1528 width=26) (actual time=1057.420..11911.482 rows=41250 loops=1)
                           Buffers: shared hit=1080986 read=411747
                           ->  Nested Loop  (cost=2570.55..712671.62 rows=9167 width=30) (actual time=1057.386..11611.103 rows=259602 loops=1)
                                 Buffers: shared hit=1059398 read=411747
                                 ->  Hash Join  (cost=2570.12..706541.62 rows=9167 width=22) (actual time=1057.317..5581.884 rows=264842 loops=1)
                                       Hash Cond: (catalog_returns.cr_returned_date_sk = date_dim.d_date_sk)
                                       Buffers: shared hit=21153 read=411584
                                       ->  Seq Scan on catalog_returns  (cost=0.00..647267.12 rows=21600412 width=26) (actual time=0.221..3675.447 rows=21598628 loops=1)
                                             Buffers: shared hit=19679 read=411584
                                       ->  Hash  (cost=2569.73..2569.73 rows=31 width=4) (actual time=28.738..28.739 rows=31 loops=1)
                                             Buckets: 1024  Batches: 1  Memory Usage: 10kB
                                             Buffers: shared hit=1474
                                             ->  Seq Scan on date_dim  (cost=0.00..2569.73 rows=31 width=4) (actual time=16.710..28.722 rows=31 loops=1)
                                                   Filter: ((d_year = 2000) AND (d_moy = 3))
                                                   Rows Removed by Filter: 73018
                                                   Buffers: shared hit=1474
                                 ->  Index Scan using customer_pkey on customer  (cost=0.43..0.67 rows=1 width=16) (actual time=0.022..0.022 rows=1 loops=264842)
                                       Index Cond: (c_customer_sk = catalog_returns.cr_returning_customer_sk)
                                       Buffers: shared hit=1038245 read=163
                           ->  Memoize  (cost=0.29..0.31 rows=1 width=4) (actual time=0.001..0.001 rows=0 loops=259602)
                                 Cache Key: customer.c_current_hdemo_sk
                                 Cache Mode: logical
                                 Hits: 252405  Misses: 7197  Evictions: 0  Overflows: 0  Memory Usage: 521kB
                                 Buffers: shared hit=21588
                                 ->  Index Scan using household_demographics_pkey on household_demographics  (cost=0.28..0.30 rows=1 width=4) (actual time=0.015..0.015 rows=0 loops=7197)
                                       Index Cond: (hd_demo_sk = customer.c_current_hdemo_sk)
                                       Filter: (hd_buy_potential ~~ '5001-10000%'::text)
                                       Rows Removed by Filter: 1
                                       Buffers: shared hit=21588
                     ->  Index Scan using customer_address_pkey on customer_address  (cost=0.42..0.67 rows=1 width=4) (actual time=0.025..0.025 rows=0 loops=41250)
                           Index Cond: (ca_address_sk = customer.c_current_addr_sk)
                           Filter: (ca_gmt_offset = '-7'::numeric)
                           Rows Removed by Filter: 1
                           Buffers: shared hit=156961 read=8039
               ->  Index Scan using customer_demographics_pkey on customer_demographics  (cost=0.43..0.72 rows=1 width=4) (actual time=0.024..0.024 rows=0 loops=4565)
                     Index Cond: (cd_demo_sk = customer.c_current_cdemo_sk)
                     Filter: (((cd_marital_status = 'M'::bpchar) AND (cd_education_status = 'Unknown'::bpchar)) OR ((cd_marital_status = 'W'::bpchar) AND (cd_education_status = 'Advanced Degree'::bpchar)))
                     Rows Removed by Filter: 1
                     Buffers: shared hit=17160 read=760
         ->  Index Scan using call_center_pkey on call_center  (cost=0.14..0.16 rows=1 width=48) (actual time=0.009..0.009 rows=1 loops=650)
               Index Cond: (cc_call_center_sk = catalog_returns.cr_call_center_sk)
               Buffers: shared hit=1290
 Planning:
   Buffers: shared hit=415
 Planning Time: 5.131 ms
 Execution Time: 13067.131 ms
(54 rows)

