                                                                                                     QUERY PLAN                                                                                                     
--------------------------------------------------------------------------------------------------------------------------------------------------------------------------------------------------------------------
 Aggregate  (cost=716164.96..716164.97 rows=1 width=136) (actual time=13889.469..13889.475 rows=1 loops=1)
   Buffers: shared hit=1380875 read=410334
   ->  Hash Join  (cost=2574.37..716164.39 rows=38 width=58) (actual time=2074.798..13882.036 rows=4060 loops=1)
         Hash Cond: (catalog_returns.cr_call_center_sk = call_center.cc_call_center_sk)
         Buffers: shared hit=1380875 read=410334
         ->  Nested Loop  (cost=2571.69..716161.60 rows=38 width=18) (actual time=2074.730..13879.083 rows=4104 loops=1)
               Buffers: shared hit=1380873 read=410334
               ->  Nested Loop  (cost=2571.27..716105.05 rows=85 width=22) (actual time=2071.999..13669.548 rows=7541 loops=1)
                     Buffers: shared hit=1353426 read=407617
                     ->  Nested Loop  (cost=2570.84..715010.66 rows=1528 width=26) (actual time=2071.709..12457.552 rows=49832 loops=1)
                           Buffers: shared hit=1163408 read=402015
                           ->  Nested Loop  (cost=2570.55..712671.62 rows=9167 width=30) (actual time=2067.260..12136.106 rows=277773 loops=1)
                                 Buffers: shared hit=1141814 read=402015
                                 ->  Hash Join  (cost=2570.12..706541.62 rows=9167 width=22) (actual time=2067.230..5477.784 rows=283537 loops=1)
                                       Hash Cond: (catalog_returns.cr_returned_date_sk = date_dim.d_date_sk)
                                       Buffers: shared hit=30816 read=401921
                                       ->  Seq Scan on catalog_returns  (cost=0.00..647267.12 rows=21600412 width=26) (actual time=0.031..3671.658 rows=21598628 loops=1)
                                             Buffers: shared hit=29444 read=401819
                                       ->  Hash  (cost=2569.73..2569.73 rows=31 width=4) (actual time=18.965..18.966 rows=31 loops=1)
                                             Buckets: 1024  Batches: 1  Memory Usage: 10kB
                                             Buffers: shared hit=1372 read=102
                                             ->  Seq Scan on date_dim  (cost=0.00..2569.73 rows=31 width=4) (actual time=7.540..18.954 rows=31 loops=1)
                                                   Filter: ((d_year = 2001) AND (d_moy = 10))
                                                   Rows Removed by Filter: 73018
                                                   Buffers: shared hit=1372 read=102
                                 ->  Index Scan using customer_pkey on customer  (cost=0.43..0.67 rows=1 width=16) (actual time=0.023..0.023 rows=1 loops=283537)
                                       Index Cond: (c_customer_sk = catalog_returns.cr_returning_customer_sk)
                                       Buffers: shared hit=1110998 read=94
                           ->  Memoize  (cost=0.29..0.31 rows=1 width=4) (actual time=0.001..0.001 rows=0 loops=277773)
                                 Cache Key: customer.c_current_hdemo_sk
                                 Cache Mode: logical
                                 Hits: 270574  Misses: 7199  Evictions: 0  Overflows: 0  Memory Usage: 521kB
                                 Buffers: shared hit=21594
                                 ->  Index Scan using household_demographics_pkey on household_demographics  (cost=0.28..0.30 rows=1 width=4) (actual time=0.014..0.014 rows=0 loops=7199)
                                       Index Cond: (hd_demo_sk = customer.c_current_hdemo_sk)
                                       Filter: (hd_buy_potential ~~ '>10000%'::text)
                                       Rows Removed by Filter: 1
                                       Buffers: shared hit=21594
                     ->  Index Scan using customer_demographics_pkey on customer_demographics  (cost=0.43..0.72 rows=1 width=4) (actual time=0.024..0.024 rows=0 loops=49832)
                           Index Cond: (cd_demo_sk = customer.c_current_cdemo_sk)
                           Filter: (((cd_marital_status = 'M'::bpchar) AND (cd_education_status = 'Unknown'::bpchar)) OR ((cd_marital_status = 'W'::bpchar) AND (cd_education_status = 'Advanced Degree'::bpchar)))
                           Rows Removed by Filter: 1
                           Buffers: shared hit=190018 read=5602
               ->  Index Scan using customer_address_pkey on customer_address  (cost=0.42..0.67 rows=1 width=4) (actual time=0.027..0.027 rows=1 loops=7541)
                     Index Cond: (ca_address_sk = customer.c_current_addr_sk)
                     Filter: (ca_gmt_offset = '-6'::numeric)
                     Rows Removed by Filter: 0
                     Buffers: shared hit=27447 read=2717
         ->  Hash  (cost=2.30..2.30 rows=30 width=48) (actual time=0.050..0.050 rows=30 loops=1)
               Buckets: 1024  Batches: 1  Memory Usage: 11kB
               Buffers: shared hit=2
               ->  Seq Scan on call_center  (cost=0.00..2.30 rows=30 width=48) (actual time=0.018..0.031 rows=30 loops=1)
                     Buffers: shared hit=2
 Planning:
   Buffers: shared hit=384 read=31
 Planning Time: 3.004 ms
 Execution Time: 13890.022 ms
(57 rows)

