                                                                                                     QUERY PLAN                                                                                                     
--------------------------------------------------------------------------------------------------------------------------------------------------------------------------------------------------------------------
 Aggregate  (cost=716164.96..716164.97 rows=1 width=136) (actual time=12964.119..12964.126 rows=1 loops=1)
   Buffers: shared hit=1284156 read=412583
   ->  Hash Join  (cost=2574.37..716164.39 rows=38 width=58) (actual time=513.091..12957.464 rows=3713 loops=1)
         Hash Cond: (catalog_returns.cr_call_center_sk = call_center.cc_call_center_sk)
         Buffers: shared hit=1284156 read=412583
         ->  Nested Loop  (cost=2571.69..716161.60 rows=38 width=18) (actual time=512.980..12954.822 rows=3743 loops=1)
               Buffers: shared hit=1284154 read=412583
               ->  Nested Loop  (cost=2571.27..716105.05 rows=85 width=22) (actual time=512.941..12828.421 rows=4804 loops=1)
                     Buffers: shared hit=1267075 read=410446
                     ->  Nested Loop  (cost=2570.84..715010.66 rows=1528 width=26) (actual time=512.904..11780.563 rows=44612 loops=1)
                           Buffers: shared hit=1095624 read=406513
                           ->  Nested Loop  (cost=2570.55..712671.62 rows=9167 width=30) (actual time=506.057..11473.265 rows=261953 loops=1)
                                 Buffers: shared hit=1074036 read=406513
                                 ->  Hash Join  (cost=2570.12..706541.62 rows=9167 width=22) (actual time=506.002..5301.314 rows=267212 loops=1)
                                       Hash Cond: (catalog_returns.cr_returned_date_sk = date_dim.d_date_sk)
                                       Buffers: shared hit=26314 read=406423
                                       ->  Seq Scan on catalog_returns  (cost=0.00..647267.12 rows=21600412 width=26) (actual time=0.042..3480.102 rows=21598628 loops=1)
                                             Buffers: shared hit=26044 read=405219
                                       ->  Hash  (cost=2569.73..2569.73 rows=31 width=4) (actual time=25.661..25.662 rows=31 loops=1)
                                             Buckets: 1024  Batches: 1  Memory Usage: 10kB
                                             Buffers: shared hit=270 read=1204
                                             ->  Seq Scan on date_dim  (cost=0.00..2569.73 rows=31 width=4) (actual time=12.860..25.643 rows=31 loops=1)
                                                   Filter: ((d_year = 1999) AND (d_moy = 7))
                                                   Rows Removed by Filter: 73018
                                                   Buffers: shared hit=270 read=1204
                                 ->  Index Scan using customer_pkey on customer  (cost=0.43..0.67 rows=1 width=16) (actual time=0.023..0.023 rows=1 loops=267212)
                                       Index Cond: (c_customer_sk = catalog_returns.cr_returning_customer_sk)
                                       Buffers: shared hit=1047722 read=90
                           ->  Memoize  (cost=0.29..0.31 rows=1 width=4) (actual time=0.001..0.001 rows=0 loops=261953)
                                 Cache Key: customer.c_current_hdemo_sk
                                 Cache Mode: logical
                                 Hits: 254756  Misses: 7197  Evictions: 0  Overflows: 0  Memory Usage: 521kB
                                 Buffers: shared hit=21588
                                 ->  Index Scan using household_demographics_pkey on household_demographics  (cost=0.28..0.30 rows=1 width=4) (actual time=0.015..0.015 rows=0 loops=7197)
                                       Index Cond: (hd_demo_sk = customer.c_current_hdemo_sk)
                                       Filter: (hd_buy_potential ~~ 'Unknown%'::text)
                                       Rows Removed by Filter: 1
                                       Buffers: shared hit=21588
                     ->  Index Scan using customer_demographics_pkey on customer_demographics  (cost=0.43..0.72 rows=1 width=4) (actual time=0.023..0.023 rows=0 loops=44612)
                           Index Cond: (cd_demo_sk = customer.c_current_cdemo_sk)
                           Filter: (((cd_marital_status = 'M'::bpchar) AND (cd_education_status = 'Unknown'::bpchar)) OR ((cd_marital_status = 'W'::bpchar) AND (cd_education_status = 'Advanced Degree'::bpchar)))
                           Rows Removed by Filter: 1
                           Buffers: shared hit=171451 read=3933
               ->  Index Scan using customer_address_pkey on customer_address  (cost=0.42..0.67 rows=1 width=4) (actual time=0.026..0.026 rows=1 loops=4804)
                     Index Cond: (ca_address_sk = customer.c_current_addr_sk)
                     Filter: (ca_gmt_offset = '-6'::numeric)
                     Rows Removed by Filter: 0
                     Buffers: shared hit=17079 read=2137
         ->  Hash  (cost=2.30..2.30 rows=30 width=48) (actual time=0.083..0.084 rows=30 loops=1)
               Buckets: 1024  Batches: 1  Memory Usage: 11kB
               Buffers: shared hit=2
               ->  Seq Scan on call_center  (cost=0.00..2.30 rows=30 width=48) (actual time=0.031..0.054 rows=30 loops=1)
                     Buffers: shared hit=2
 Planning:
   Buffers: shared hit=415
 Planning Time: 5.136 ms
 Execution Time: 12964.967 ms
(57 rows)

