                                                                                                     QUERY PLAN                                                                                                     
--------------------------------------------------------------------------------------------------------------------------------------------------------------------------------------------------------------------
 Aggregate  (cost=715921.76..715921.77 rows=1 width=136) (actual time=12422.552..12422.559 rows=1 loops=1)
   Buffers: shared hit=1217387 read=412594
   ->  Hash Join  (cost=2574.36..715921.22 rows=36 width=58) (actual time=998.675..12415.893 rows=3660 loops=1)
         Hash Cond: (catalog_returns.cr_call_center_sk = call_center.cc_call_center_sk)
         Buffers: shared hit=1217387 read=412594
         ->  Nested Loop  (cost=2571.68..715918.44 rows=36 width=18) (actual time=998.550..12413.215 rows=3697 loops=1)
               Buffers: shared hit=1217385 read=412594
               ->  Nested Loop  (cost=2571.26..715863.88 rows=82 width=22) (actual time=998.509..12286.761 rows=4681 loops=1)
                     Buffers: shared hit=1200487 read=410768
                     ->  Nested Loop  (cost=2570.83..714805.30 rows=1478 width=26) (actual time=990.626..11250.879 rows=42284 loops=1)
                           Buffers: shared hit=1037312 read=407763
                           ->  Nested Loop  (cost=2570.54..712473.67 rows=8871 width=30) (actual time=988.310..10963.254 rows=247689 loops=1)
                                 Buffers: shared hit=1015730 read=407763
                                 ->  Hash Join  (cost=2570.11..706541.60 rows=8871 width=22) (actual time=988.260..5279.872 rows=252693 loops=1)
                                       Hash Cond: (catalog_returns.cr_returned_date_sk = date_dim.d_date_sk)
                                       Buffers: shared hit=25024 read=407713
                                       ->  Seq Scan on catalog_returns  (cost=0.00..647267.12 rows=21600412 width=26) (actual time=0.170..3485.448 rows=21598628 loops=1)
                                             Buffers: shared hit=23550 read=407713
                                       ->  Hash  (cost=2569.73..2569.73 rows=30 width=4) (actual time=20.632..20.633 rows=31 loops=1)
                                             Buckets: 1024  Batches: 1  Memory Usage: 10kB
                                             Buffers: shared hit=1474
                                             ->  Seq Scan on date_dim  (cost=0.00..2569.73 rows=30 width=4) (actual time=11.562..20.613 rows=31 loops=1)
                                                   Filter: ((d_year = 2000) AND (d_moy = 5))
                                                   Rows Removed by Filter: 73018
                                                   Buffers: shared hit=1474
                                 ->  Index Scan using customer_pkey on customer  (cost=0.43..0.67 rows=1 width=16) (actual time=0.022..0.022 rows=1 loops=252693)
                                       Index Cond: (c_customer_sk = catalog_returns.cr_returning_customer_sk)
                                       Buffers: shared hit=990706 read=50
                           ->  Memoize  (cost=0.29..0.31 rows=1 width=4) (actual time=0.001..0.001 rows=0 loops=247689)
                                 Cache Key: customer.c_current_hdemo_sk
                                 Cache Mode: logical
                                 Hits: 240494  Misses: 7195  Evictions: 0  Overflows: 0  Memory Usage: 520kB
                                 Buffers: shared hit=21582
                                 ->  Index Scan using household_demographics_pkey on household_demographics  (cost=0.28..0.30 rows=1 width=4) (actual time=0.014..0.014 rows=0 loops=7195)
                                       Index Cond: (hd_demo_sk = customer.c_current_hdemo_sk)
                                       Filter: (hd_buy_potential ~~ 'Unknown%'::text)
                                       Rows Removed by Filter: 1
                                       Buffers: shared hit=21582
                     ->  Index Scan using customer_demographics_pkey on customer_demographics  (cost=0.43..0.72 rows=1 width=4) (actual time=0.024..0.024 rows=0 loops=42284)
                           Index Cond: (cd_demo_sk = customer.c_current_cdemo_sk)
                           Filter: (((cd_marital_status = 'M'::bpchar) AND (cd_education_status = 'Unknown'::bpchar)) OR ((cd_marital_status = 'W'::bpchar) AND (cd_education_status = 'Advanced Degree'::bpchar)))
                           Rows Removed by Filter: 1
                           Buffers: shared hit=163175 read=3005
               ->  Index Scan using customer_address_pkey on customer_address  (cost=0.42..0.67 rows=1 width=4) (actual time=0.026..0.026 rows=1 loops=4681)
                     Index Cond: (ca_address_sk = customer.c_current_addr_sk)
                     Filter: (ca_gmt_offset = '-6'::numeric)
                     Rows Removed by Filter: 0
                     Buffers: shared hit=16898 read=1826
         ->  Hash  (cost=2.30..2.30 rows=30 width=48) (actual time=0.098..0.099 rows=30 loops=1)
               Buckets: 1024  Batches: 1  Memory Usage: 11kB
               Buffers: shared hit=2
               ->  Seq Scan on call_center  (cost=0.00..2.30 rows=30 width=48) (actual time=0.029..0.056 rows=30 loops=1)
                     Buffers: shared hit=2
 Planning:
   Buffers: shared hit=415
 Planning Time: 4.414 ms
 Execution Time: 12423.381 ms
(57 rows)

