                                                                                                     QUERY PLAN                                                                                                     
--------------------------------------------------------------------------------------------------------------------------------------------------------------------------------------------------------------------
 Aggregate  (cost=715921.76..715921.77 rows=1 width=136) (actual time=10798.247..10798.256 rows=1 loops=1)
   Buffers: shared hit=941151 read=417292
   ->  Hash Join  (cost=2574.36..715921.22 rows=36 width=58) (actual time=10798.242..10798.250 rows=0 loops=1)
         Hash Cond: (catalog_returns.cr_call_center_sk = call_center.cc_call_center_sk)
         Buffers: shared hit=941151 read=417292
         ->  Nested Loop  (cost=2571.68..715918.44 rows=36 width=18) (actual time=10798.165..10798.172 rows=0 loops=1)
               Buffers: shared hit=941149 read=417292
               ->  Nested Loop  (cost=2571.26..715863.88 rows=82 width=22) (actual time=195.361..10776.023 rows=768 loops=1)
                     Buffers: shared hit=938249 read=417120
                     ->  Nested Loop  (cost=2570.83..714805.30 rows=1478 width=26) (actual time=163.737..9962.871 rows=32575 loops=1)
                           Buffers: shared hit=816688 read=410797
                           ->  Nested Loop  (cost=2570.54..712473.67 rows=8871 width=30) (actual time=162.326..9699.477 rows=193296 loops=1)
                                 Buffers: shared hit=795124 read=410797
                                 ->  Hash Join  (cost=2570.11..706541.60 rows=8871 width=22) (actual time=162.264..5282.955 rows=197234 loops=1)
                                       Hash Cond: (catalog_returns.cr_returned_date_sk = date_dim.d_date_sk)
                                       Buffers: shared hit=22011 read=410726
                                       ->  Seq Scan on catalog_returns  (cost=0.00..647267.12 rows=21600412 width=26) (actual time=0.032..3553.593 rows=21598628 loops=1)
                                             Buffers: shared hit=21831 read=409432
                                       ->  Hash  (cost=2569.73..2569.73 rows=30 width=4) (actual time=21.758..21.758 rows=31 loops=1)
                                             Buckets: 1024  Batches: 1  Memory Usage: 10kB
                                             Buffers: shared hit=180 read=1294
                                             ->  Seq Scan on date_dim  (cost=0.00..2569.73 rows=30 width=4) (actual time=12.567..21.743 rows=31 loops=1)
                                                   Filter: ((d_year = 1998) AND (d_moy = 12))
                                                   Rows Removed by Filter: 73018
                                                   Buffers: shared hit=180 read=1294
                                 ->  Index Scan using customer_pkey on customer  (cost=0.43..0.67 rows=1 width=16) (actual time=0.022..0.022 rows=1 loops=197234)
                                       Index Cond: (c_customer_sk = catalog_returns.cr_returning_customer_sk)
                                       Buffers: shared hit=773113 read=71
                           ->  Memoize  (cost=0.29..0.31 rows=1 width=4) (actual time=0.001..0.001 rows=0 loops=193296)
                                 Cache Key: customer.c_current_hdemo_sk
                                 Cache Mode: logical
                                 Hits: 186107  Misses: 7189  Evictions: 0  Overflows: 0  Memory Usage: 520kB
                                 Buffers: shared hit=21564
                                 ->  Index Scan using household_demographics_pkey on household_demographics  (cost=0.28..0.30 rows=1 width=4) (actual time=0.017..0.017 rows=0 loops=7189)
                                       Index Cond: (hd_demo_sk = customer.c_current_hdemo_sk)
                                       Filter: (hd_buy_potential ~~ '501-1000%'::text)
                                       Rows Removed by Filter: 1
                                       Buffers: shared hit=21564
                     ->  Index Scan using customer_demographics_pkey on customer_demographics  (cost=0.43..0.72 rows=1 width=4) (actual time=0.025..0.025 rows=0 loops=32575)
                           Index Cond: (cd_demo_sk = customer.c_current_cdemo_sk)
                           Filter: (((cd_marital_status = 'M'::bpchar) AND (cd_education_status = 'Unknown'::bpchar)) OR ((cd_marital_status = 'W'::bpchar) AND (cd_education_status = 'Advanced Degree'::bpchar)))
                           Rows Removed by Filter: 1
                           Buffers: shared hit=121561 read=6323
               ->  Index Scan using customer_address_pkey on customer_address  (cost=0.42..0.67 rows=1 width=4) (actual time=0.028..0.028 rows=0 loops=768)
                     Index Cond: (ca_address_sk = customer.c_current_addr_sk)
                     Filter: (ca_gmt_offset = '-6'::numeric)
                     Rows Removed by Filter: 1
                     Buffers: shared hit=2900 read=172
         ->  Hash  (cost=2.30..2.30 rows=30 width=48) (actual time=0.057..0.058 rows=30 loops=1)
               Buckets: 1024  Batches: 1  Memory Usage: 11kB
               Buffers: shared hit=2
               ->  Seq Scan on call_center  (cost=0.00..2.30 rows=30 width=48) (actual time=0.021..0.037 rows=30 loops=1)
                     Buffers: shared hit=2
 Planning:
   Buffers: shared hit=384 read=31
 Planning Time: 3.682 ms
 Execution Time: 10798.904 ms
(57 rows)

