                                                                                                  QUERY PLAN                                                                                                  
--------------------------------------------------------------------------------------------------------------------------------------------------------------------------------------------------------------
 Aggregate  (cost=715903.32..715903.33 rows=1 width=136) (actual time=12349.748..12349.754 rows=1 loops=1)
   Buffers: shared hit=1178400 read=427509
   ->  Nested Loop  (cost=2571.82..715903.18 rows=9 width=58) (actual time=1281.167..12348.730 rows=280 loops=1)
         Buffers: shared hit=1178400 read=427509
         ->  Nested Loop  (cost=2571.68..715901.79 rows=9 width=18) (actual time=1281.148..12345.309 rows=283 loops=1)
               Buffers: shared hit=1177840 read=427509
               ->  Nested Loop  (cost=2571.25..715788.62 rows=158 width=22) (actual time=1269.237..12266.153 rows=2955 loops=1)
                     Buffers: shared hit=1166721 read=427020
                     ->  Nested Loop  (cost=2570.83..714805.30 rows=1478 width=26) (actual time=1250.555..11217.435 rows=40972 loops=1)
                           Buffers: shared hit=1016530 read=413323
                           ->  Nested Loop  (cost=2570.54..712473.67 rows=8871 width=30) (actual time=1248.386..10928.925 rows=243882 loops=1)
                                 Buffers: shared hit=994942 read=413323
                                 ->  Hash Join  (cost=2570.11..706541.60 rows=8871 width=22) (actual time=1248.332..5234.108 rows=248731 loops=1)
                                       Hash Cond: (catalog_returns.cr_returned_date_sk = date_dim.d_date_sk)
                                       Buffers: shared hit=19497 read=413240
                                       ->  Seq Scan on catalog_returns  (cost=0.00..647267.12 rows=21600412 width=26) (actual time=0.918..3504.910 rows=21598628 loops=1)
                                             Buffers: shared hit=18023 read=413240
                                       ->  Hash  (cost=2569.73..2569.73 rows=30 width=4) (actual time=12.114..12.115 rows=30 loops=1)
                                             Buckets: 1024  Batches: 1  Memory Usage: 10kB
                                             Buffers: shared hit=1474
                                             ->  Seq Scan on date_dim  (cost=0.00..2569.73 rows=30 width=4) (actual time=6.085..12.105 rows=30 loops=1)
                                                   Filter: ((d_year = 2000) AND (d_moy = 9))
                                                   Rows Removed by Filter: 73019
                                                   Buffers: shared hit=1474
                                 ->  Index Scan using customer_pkey on customer  (cost=0.43..0.67 rows=1 width=16) (actual time=0.022..0.022 rows=1 loops=248731)
                                       Index Cond: (c_customer_sk = catalog_returns.cr_returning_customer_sk)
                                       Buffers: shared hit=975445 read=83
                           ->  Memoize  (cost=0.29..0.31 rows=1 width=4) (actual time=0.001..0.001 rows=0 loops=243882)
                                 Cache Key: customer.c_current_hdemo_sk
                                 Cache Mode: logical
                                 Hits: 236685  Misses: 7197  Evictions: 0  Overflows: 0  Memory Usage: 521kB
                                 Buffers: shared hit=21588
                                 ->  Index Scan using household_demographics_pkey on household_demographics  (cost=0.28..0.30 rows=1 width=4) (actual time=0.014..0.014 rows=0 loops=7197)
                                       Index Cond: (hd_demo_sk = customer.c_current_hdemo_sk)
                                       Filter: (hd_buy_potential ~~ '501-1000%'::text)
                                       Rows Removed by Filter: 1
                                       Buffers: shared hit=21588
                     ->  Index Scan using customer_address_pkey on customer_address  (cost=0.42..0.67 rows=1 width=4) (actual time=0.025..0.025 rows=0 loops=40972)
                           Index Cond: (ca_address_sk = customer.c_current_addr_sk)
                           Filter: (ca_gmt_offset = '-7'::numeric)
                           Rows Removed by Filter: 1
                           Buffers: shared hit=150191 read=13697
               ->  Index Scan using customer_demographics_pkey on customer_demographics  (cost=0.43..0.72 rows=1 width=4) (actual time=0.026..0.026 rows=0 loops=2955)
                     Index Cond: (cd_demo_sk = customer.c_current_cdemo_sk)
                     Filter: (((cd_marital_status = 'M'::bpchar) AND (cd_education_status = 'Unknown'::bpchar)) OR ((cd_marital_status = 'W'::bpchar) AND (cd_education_status = 'Advanced Degree'::bpchar)))
                     Rows Removed by Filter: 1
                     Buffers: shared hit=11119 read=489
         ->  Index Scan using call_center_pkey on call_center  (cost=0.14..0.16 rows=1 width=48) (actual time=0.010..0.010 rows=1 loops=283)
               Index Cond: (cc_call_center_sk = catalog_returns.cr_call_center_sk)
               Buffers: shared hit=560
 Planning:
   Buffers: shared hit=415
 Planning Time: 2.132 ms
 Execution Time: 12350.219 ms
(54 rows)

