                                                                                                  QUERY PLAN                                                                                                  
--------------------------------------------------------------------------------------------------------------------------------------------------------------------------------------------------------------
 Aggregate  (cost=716146.24..716146.25 rows=1 width=136) (actual time=11469.155..11469.162 rows=1 loops=1)
   Buffers: shared hit=1041385 read=416039
   ->  Nested Loop  (cost=2571.83..716146.10 rows=9 width=58) (actual time=34.395..11467.588 rows=540 loops=1)
         Buffers: shared hit=1041385 read=416039
         ->  Nested Loop  (cost=2571.69..716144.71 rows=9 width=18) (actual time=34.383..11459.758 rows=546 loops=1)
               Buffers: shared hit=1040305 read=416039
               ->  Nested Loop  (cost=2571.27..716027.25 rows=164 width=22) (actual time=24.547..11360.938 rows=3776 loops=1)
                     Buffers: shared hit=1026476 read=415004
                     ->  Nested Loop  (cost=2570.84..715010.66 rows=1528 width=26) (actual time=23.204..10534.696 rows=33475 loops=1)
                           Buffers: shared hit=898154 read=409426
                           ->  Nested Loop  (cost=2570.55..712671.62 rows=9167 width=30) (actual time=22.578..10266.871 rows=213316 loops=1)
                                 Buffers: shared hit=876575 read=409426
                                 ->  Hash Join  (cost=2570.12..706541.62 rows=9167 width=22) (actual time=22.524..5275.652 rows=217679 loops=1)
                                       Hash Cond: (catalog_returns.cr_returned_date_sk = date_dim.d_date_sk)
                                       Buffers: shared hit=23390 read=409347
                                       ->  Seq Scan on catalog_returns  (cost=0.00..647267.12 rows=21600412 width=26) (actual time=0.065..3461.006 rows=21598628 loops=1)
                                             Buffers: shared hit=23390 read=407873
                                       ->  Hash  (cost=2569.73..2569.73 rows=31 width=4) (actual time=22.422..22.423 rows=31 loops=1)
                                             Buckets: 1024  Batches: 1  Memory Usage: 10kB
                                             Buffers: shared read=1474
                                             ->  Seq Scan on date_dim  (cost=0.00..2569.73 rows=31 width=4) (actual time=12.569..22.404 rows=31 loops=1)
                                                   Filter: ((d_year = 1998) AND (d_moy = 7))
                                                   Rows Removed by Filter: 73018
                                                   Buffers: shared read=1474
                                 ->  Index Scan using customer_pkey on customer  (cost=0.43..0.67 rows=1 width=16) (actual time=0.022..0.022 rows=1 loops=217679)
                                       Index Cond: (c_customer_sk = catalog_returns.cr_returning_customer_sk)
                                       Buffers: shared hit=853185 read=79
                           ->  Memoize  (cost=0.29..0.31 rows=1 width=4) (actual time=0.001..0.001 rows=0 loops=213316)
                                 Cache Key: customer.c_current_hdemo_sk
                                 Cache Mode: logical
                                 Hits: 206122  Misses: 7194  Evictions: 0  Overflows: 0  Memory Usage: 520kB
                                 Buffers: shared hit=21579
                                 ->  Index Scan using household_demographics_pkey on household_demographics  (cost=0.28..0.30 rows=1 width=4) (actual time=0.015..0.015 rows=0 loops=7194)
                                       Index Cond: (hd_demo_sk = customer.c_current_hdemo_sk)
                                       Filter: (hd_buy_potential ~~ '5001-10000%'::text)
                                       Rows Removed by Filter: 1
                                       Buffers: shared hit=21579
                     ->  Index Scan using customer_address_pkey on customer_address  (cost=0.42..0.67 rows=1 width=4) (actual time=0.024..0.024 rows=0 loops=33475)
                           Index Cond: (ca_address_sk = customer.c_current_addr_sk)
                           Filter: (ca_gmt_offset = '-7'::numeric)
                           Rows Removed by Filter: 1
                           Buffers: shared hit=128322 read=5578
               ->  Index Scan using customer_demographics_pkey on customer_demographics  (cost=0.43..0.72 rows=1 width=4) (actual time=0.026..0.026 rows=0 loops=3776)
                     Index Cond: (cd_demo_sk = customer.c_current_cdemo_sk)
                     Filter: (((cd_marital_status = 'M'::bpchar) AND (cd_education_status = 'Unknown'::bpchar)) OR ((cd_marital_status = 'W'::bpchar) AND (cd_education_status = 'Advanced Degree'::bpchar)))
                     Rows Removed by Filter: 1
                     Buffers: shared hit=13829 read=1035
         ->  Index Scan using call_center_pkey on call_center  (cost=0.14..0.16 rows=1 width=48) (actual time=0.013..0.013 rows=1 loops=546)
               Index Cond: (cc_call_center_sk = catalog_returns.cr_call_center_sk)
               Buffers: shared hit=1080
 Planning:
   Buffers: shared hit=384 read=31
 Planning Time: 4.831 ms
 Execution Time: 11469.973 ms
(54 rows)

