                                                                                                  QUERY PLAN                                                                                                  
--------------------------------------------------------------------------------------------------------------------------------------------------------------------------------------------------------------
 Aggregate  (cost=715903.32..715903.33 rows=1 width=136) (actual time=12622.027..12622.032 rows=1 loops=1)
   Buffers: shared hit=1210563 read=412625
   ->  Nested Loop  (cost=2571.82..715903.18 rows=9 width=58) (actual time=1440.730..12620.178 rows=626 loops=1)
         Buffers: shared hit=1210563 read=412625
         ->  Nested Loop  (cost=2571.68..715901.79 rows=9 width=18) (actual time=1440.714..12610.918 rows=639 loops=1)
               Buffers: shared hit=1209311 read=412625
               ->  Nested Loop  (cost=2571.25..715788.62 rows=158 width=22) (actual time=1433.690..12479.784 rows=4985 loops=1)
                     Buffers: shared hit=1192069 read=410403
                     ->  Nested Loop  (cost=2570.83..714805.30 rows=1478 width=26) (actual time=1415.189..11535.821 rows=38137 loops=1)
                           Buffers: shared hit=1044743 read=405181
                           ->  Nested Loop  (cost=2570.54..712473.67 rows=8871 width=30) (actual time=1410.688..11247.454 rows=248899 loops=1)
                                 Buffers: shared hit=1023152 read=405181
                                 ->  Hash Join  (cost=2570.11..706541.60 rows=8871 width=22) (actual time=1410.644..5299.874 rows=254161 loops=1)
                                       Hash Cond: (catalog_returns.cr_returned_date_sk = date_dim.d_date_sk)
                                       Buffers: shared hit=27641 read=405096
                                       ->  Seq Scan on catalog_returns  (cost=0.00..647267.12 rows=21600412 width=26) (actual time=0.074..3510.165 rows=21598628 loops=1)
                                             Buffers: shared hit=26167 read=405096
                                       ->  Hash  (cost=2569.73..2569.73 rows=30 width=4) (actual time=17.827..17.828 rows=31 loops=1)
                                             Buckets: 1024  Batches: 1  Memory Usage: 10kB
                                             Buffers: shared hit=1474
                                             ->  Seq Scan on date_dim  (cost=0.00..2569.73 rows=30 width=4) (actual time=9.790..17.811 rows=31 loops=1)
                                                   Filter: ((d_year = 2000) AND (d_moy = 12))
                                                   Rows Removed by Filter: 73018
                                                   Buffers: shared hit=1474
                                 ->  Index Scan using customer_pkey on customer  (cost=0.43..0.67 rows=1 width=16) (actual time=0.023..0.023 rows=1 loops=254161)
                                       Index Cond: (c_customer_sk = catalog_returns.cr_returning_customer_sk)
                                       Buffers: shared hit=995511 read=85
                           ->  Memoize  (cost=0.29..0.31 rows=1 width=4) (actual time=0.001..0.001 rows=0 loops=248899)
                                 Cache Key: customer.c_current_hdemo_sk
                                 Cache Mode: logical
                                 Hits: 241701  Misses: 7198  Evictions: 0  Overflows: 0  Memory Usage: 521kB
                                 Buffers: shared hit=21591
                                 ->  Index Scan using household_demographics_pkey on household_demographics  (cost=0.28..0.30 rows=1 width=4) (actual time=0.014..0.014 rows=0 loops=7198)
                                       Index Cond: (hd_demo_sk = customer.c_current_hdemo_sk)
                                       Filter: (hd_buy_potential ~~ '0-500%'::text)
                                       Rows Removed by Filter: 1
                                       Buffers: shared hit=21591
                     ->  Index Scan using customer_address_pkey on customer_address  (cost=0.42..0.67 rows=1 width=4) (actual time=0.024..0.024 rows=0 loops=38137)
                           Index Cond: (ca_address_sk = customer.c_current_addr_sk)
                           Filter: (ca_gmt_offset = '-7'::numeric)
                           Rows Removed by Filter: 1
                           Buffers: shared hit=147326 read=5222
               ->  Index Scan using customer_demographics_pkey on customer_demographics  (cost=0.43..0.72 rows=1 width=4) (actual time=0.026..0.026 rows=0 loops=4985)
                     Index Cond: (cd_demo_sk = customer.c_current_cdemo_sk)
                     Filter: (((cd_marital_status = 'M'::bpchar) AND (cd_education_status = 'Unknown'::bpchar)) OR ((cd_marital_status = 'W'::bpchar) AND (cd_education_status = 'Advanced Degree'::bpchar)))
                     Rows Removed by Filter: 1
                     Buffers: shared hit=17242 read=2222
         ->  Index Scan using call_center_pkey on call_center  (cost=0.14..0.16 rows=1 width=48) (actual time=0.013..0.013 rows=1 loops=639)
               Index Cond: (cc_call_center_sk = catalog_returns.cr_call_center_sk)
               Buffers: shared hit=1252
 Planning:
   Buffers: shared hit=415
 Planning Time: 6.523 ms
 Execution Time: 12623.015 ms
(54 rows)

