                                                                                                  QUERY PLAN                                                                                                  
--------------------------------------------------------------------------------------------------------------------------------------------------------------------------------------------------------------
 Aggregate  (cost=715903.32..715903.33 rows=1 width=136) (actual time=7268.424..7268.431 rows=1 loops=1)
   Buffers: shared hit=427102 read=400308
   ->  Nested Loop  (cost=2571.82..715903.18 rows=9 width=58) (actual time=50.082..7267.780 rows=238 loops=1)
         Buffers: shared hit=427102 read=400308
         ->  Nested Loop  (cost=2571.68..715901.79 rows=9 width=18) (actual time=50.065..7266.054 rows=242 loops=1)
               Buffers: shared hit=426626 read=400308
               ->  Nested Loop  (cost=2571.25..715788.62 rows=158 width=22) (actual time=27.677..7230.238 rows=1399 loops=1)
                     Buffers: shared hit=422022 read=399396
                     ->  Nested Loop  (cost=2570.83..714805.30 rows=1478 width=26) (actual time=21.748..6920.045 rows=12497 loops=1)
                           Buffers: shared hit=373333 read=398097
                           ->  Nested Loop  (cost=2570.54..712473.67 rows=8871 width=30) (actual time=21.715..6741.469 rows=79319 loops=1)
                                 Buffers: shared hit=351916 read=398097
                                 ->  Hash Join  (cost=2570.11..706541.60 rows=8871 width=22) (actual time=21.655..4927.527 rows=80947 loops=1)
                                       Hash Cond: (catalog_returns.cr_returned_date_sk = date_dim.d_date_sk)
                                       Buffers: shared hit=34663 read=398074
                                       ->  Seq Scan on catalog_returns  (cost=0.00..647267.12 rows=21600412 width=26) (actual time=0.198..3278.646 rows=21598628 loops=1)
                                             Buffers: shared hit=33189 read=398074
                                       ->  Hash  (cost=2569.73..2569.73 rows=30 width=4) (actual time=21.416..21.417 rows=30 loops=1)
                                             Buckets: 1024  Batches: 1  Memory Usage: 10kB
                                             Buffers: shared hit=1474
                                             ->  Seq Scan on date_dim  (cost=0.00..2569.73 rows=30 width=4) (actual time=9.891..21.401 rows=30 loops=1)
                                                   Filter: ((d_year = 1998) AND (d_moy = 4))
                                                   Rows Removed by Filter: 73019
                                                   Buffers: shared hit=1474
                                 ->  Index Scan using customer_pkey on customer  (cost=0.43..0.67 rows=1 width=16) (actual time=0.022..0.022 rows=1 loops=80947)
                                       Index Cond: (c_customer_sk = catalog_returns.cr_returning_customer_sk)
                                       Buffers: shared hit=317253 read=23
                           ->  Memoize  (cost=0.29..0.31 rows=1 width=4) (actual time=0.002..0.002 rows=0 loops=79319)
                                 Cache Key: customer.c_current_hdemo_sk
                                 Cache Mode: logical
                                 Hits: 72179  Misses: 7140  Evictions: 0  Overflows: 0  Memory Usage: 516kB
                                 Buffers: shared hit=21417
                                 ->  Index Scan using household_demographics_pkey on household_demographics  (cost=0.28..0.30 rows=1 width=4) (actual time=0.017..0.017 rows=0 loops=7140)
                                       Index Cond: (hd_demo_sk = customer.c_current_hdemo_sk)
                                       Filter: (hd_buy_potential ~~ '5001-10000%'::text)
                                       Rows Removed by Filter: 1
                                       Buffers: shared hit=21417
                     ->  Index Scan using customer_address_pkey on customer_address  (cost=0.42..0.67 rows=1 width=4) (actual time=0.024..0.024 rows=0 loops=12497)
                           Index Cond: (ca_address_sk = customer.c_current_addr_sk)
                           Filter: (ca_gmt_offset = '-7'::numeric)
                           Rows Removed by Filter: 1
                           Buffers: shared hit=48689 read=1299
               ->  Index Scan using customer_demographics_pkey on customer_demographics  (cost=0.43..0.72 rows=1 width=4) (actual time=0.025..0.025 rows=0 loops=1399)
                     Index Cond: (cd_demo_sk = customer.c_current_cdemo_sk)
                     Filter: (((cd_marital_status = 'M'::bpchar) AND (cd_education_status = 'Unknown'::bpchar)) OR ((cd_marital_status = 'W'::bpchar) AND (cd_education_status = 'Advanced Degree'::bpchar)))
                     Rows Removed by Filter: 1
                     Buffers: shared hit=4604 read=912
         ->  Index Scan using call_center_pkey on call_center  (cost=0.14..0.16 rows=1 width=48) (actual time=0.006..0.006 rows=1 loops=242)
               Index Cond: (cc_call_center_sk = catalog_returns.cr_call_center_sk)
               Buffers: shared hit=476
 Planning:
   Buffers: shared hit=415
 Planning Time: 4.475 ms
 Execution Time: 7269.307 ms
(54 rows)

