                                                                                                     QUERY PLAN                                                                                                     
--------------------------------------------------------------------------------------------------------------------------------------------------------------------------------------------------------------------
 Aggregate  (cost=715921.76..715921.77 rows=1 width=136) (actual time=14838.053..14838.061 rows=1 loops=1)
   Buffers: shared hit=1474334 read=425302
   ->  Hash Join  (cost=2574.36..715921.22 rows=36 width=58) (actual time=14838.048..14838.056 rows=0 loops=1)
         Hash Cond: (catalog_returns.cr_call_center_sk = call_center.cc_call_center_sk)
         Buffers: shared hit=1474334 read=425302
         ->  Nested Loop  (cost=2571.68..715918.44 rows=36 width=18) (actual time=14838.001..14838.008 rows=0 loops=1)
               Buffers: shared hit=1474332 read=425302
               ->  Nested Loop  (cost=2571.26..715863.88 rows=82 width=22) (actual time=1594.455..14803.171 rows=1146 loops=1)
                     Buffers: shared hit=1469937 read=425113
                     ->  Nested Loop  (cost=2570.83..714805.30 rows=1478 width=26) (actual time=1564.600..13429.594 rows=52092 loops=1)
                           Buffers: shared hit=1277240 read=413130
                           ->  Nested Loop  (cost=2570.54..712473.67 rows=8871 width=30) (actual time=1563.201..13080.136 rows=309009 loops=1)
                                 Buffers: shared hit=1255643 read=413130
                                 ->  Hash Join  (cost=2570.11..706541.60 rows=8871 width=22) (actual time=1563.139..5456.782 rows=315361 loops=1)
                                       Hash Cond: (catalog_returns.cr_returned_date_sk = date_dim.d_date_sk)
                                       Buffers: shared hit=19676 read=413061
                                       ->  Seq Scan on catalog_returns  (cost=0.00..647267.12 rows=21600412 width=26) (actual time=0.076..3582.177 rows=21598628 loops=1)
                                             Buffers: shared hit=18202 read=413061
                                       ->  Hash  (cost=2569.73..2569.73 rows=30 width=4) (actual time=12.448..12.449 rows=30 loops=1)
                                             Buckets: 1024  Batches: 1  Memory Usage: 10kB
                                             Buffers: shared hit=1474
                                             ->  Seq Scan on date_dim  (cost=0.00..2569.73 rows=30 width=4) (actual time=6.823..12.431 rows=30 loops=1)
                                                   Filter: ((d_year = 2001) AND (d_moy = 4))
                                                   Rows Removed by Filter: 73019
                                                   Buffers: shared hit=1474
                                 ->  Index Scan using customer_pkey on customer  (cost=0.43..0.67 rows=1 width=16) (actual time=0.024..0.024 rows=1 loops=315361)
                                       Index Cond: (c_customer_sk = catalog_returns.cr_returning_customer_sk)
                                       Buffers: shared hit=1235967 read=69
                           ->  Memoize  (cost=0.29..0.31 rows=1 width=4) (actual time=0.001..0.001 rows=0 loops=309009)
                                 Cache Key: customer.c_current_hdemo_sk
                                 Cache Mode: logical
                                 Hits: 301809  Misses: 7200  Evictions: 0  Overflows: 0  Memory Usage: 521kB
                                 Buffers: shared hit=21597
                                 ->  Index Scan using household_demographics_pkey on household_demographics  (cost=0.28..0.30 rows=1 width=4) (actual time=0.015..0.015 rows=0 loops=7200)
                                       Index Cond: (hd_demo_sk = customer.c_current_hdemo_sk)
                                       Filter: (hd_buy_potential ~~ '501-1000%'::text)
                                       Rows Removed by Filter: 1
                                       Buffers: shared hit=21597
                     ->  Index Scan using customer_demographics_pkey on customer_demographics  (cost=0.43..0.72 rows=1 width=4) (actual time=0.026..0.026 rows=0 loops=52092)
                           Index Cond: (cd_demo_sk = customer.c_current_cdemo_sk)
                           Filter: (((cd_marital_status = 'M'::bpchar) AND (cd_education_status = 'Unknown'::bpchar)) OR ((cd_marital_status = 'W'::bpchar) AND (cd_education_status = 'Advanced Degree'::bpchar)))
                           Rows Removed by Filter: 1
                           Buffers: shared hit=192697 read=11983
               ->  Index Scan using customer_address_pkey on customer_address  (cost=0.42..0.67 rows=1 width=4) (actual time=0.030..0.030 rows=0 loops=1146)
                     Index Cond: (ca_address_sk = customer.c_current_addr_sk)
                     Filter: (ca_gmt_offset = '-6'::numeric)
                     Rows Removed by Filter: 1
                     Buffers: shared hit=4395 read=189
         ->  Hash  (cost=2.30..2.30 rows=30 width=48) (actual time=0.037..0.037 rows=30 loops=1)
               Buckets: 1024  Batches: 1  Memory Usage: 11kB
               Buffers: shared hit=2
               ->  Seq Scan on call_center  (cost=0.00..2.30 rows=30 width=48) (actual time=0.015..0.024 rows=30 loops=1)
                     Buffers: shared hit=2
 Planning:
   Buffers: shared hit=415
 Planning Time: 1.795 ms
 Execution Time: 14838.533 ms
(57 rows)

