                                                                                                  QUERY PLAN                                                                                                  
--------------------------------------------------------------------------------------------------------------------------------------------------------------------------------------------------------------
 Aggregate  (cost=716146.24..716146.25 rows=1 width=136) (actual time=12468.866..12468.872 rows=1 loops=1)
   Buffers: shared hit=1163605 read=418665
   ->  Nested Loop  (cost=2571.83..716146.10 rows=9 width=58) (actual time=12468.861..12468.866 rows=0 loops=1)
         Buffers: shared hit=1163605 read=418665
         ->  Nested Loop  (cost=2571.69..716144.71 rows=9 width=18) (actual time=12468.860..12468.865 rows=0 loops=1)
               Buffers: shared hit=1163605 read=418665
               ->  Nested Loop  (cost=2571.27..716027.25 rows=164 width=22) (actual time=1253.082..12369.610 rows=3624 loops=1)
                     Buffers: shared hit=1150074 read=417944
                     ->  Nested Loop  (cost=2570.84..715010.66 rows=1528 width=26) (actual time=1249.203..11482.103 rows=33742 loops=1)
                           Buffers: shared hit=1022658 read=410392
                           ->  Nested Loop  (cost=2570.55..712671.62 rows=9167 width=30) (actual time=1248.017..11197.942 rows=244682 loops=1)
                                 Buffers: shared hit=1001073 read=410392
                                 ->  Hash Join  (cost=2570.12..706541.62 rows=9167 width=22) (actual time=1247.967..5274.229 rows=249569 loops=1)
                                       Hash Cond: (catalog_returns.cr_returned_date_sk = date_dim.d_date_sk)
                                       Buffers: shared hit=22409 read=410328
                                       ->  Seq Scan on catalog_returns  (cost=0.00..647267.12 rows=21600412 width=26) (actual time=0.831..3496.167 rows=21598628 loops=1)
                                             Buffers: shared hit=20935 read=410328
                                       ->  Hash  (cost=2569.73..2569.73 rows=31 width=4) (actual time=28.079..28.080 rows=31 loops=1)
                                             Buckets: 1024  Batches: 1  Memory Usage: 10kB
                                             Buffers: shared hit=1474
                                             ->  Seq Scan on date_dim  (cost=0.00..2569.73 rows=31 width=4) (actual time=18.783..28.055 rows=31 loops=1)
                                                   Filter: ((d_year = 2000) AND (d_moy = 8))
                                                   Rows Removed by Filter: 73018
                                                   Buffers: shared hit=1474
                                 ->  Index Scan using customer_pkey on customer  (cost=0.43..0.67 rows=1 width=16) (actual time=0.023..0.023 rows=1 loops=249569)
                                       Index Cond: (c_customer_sk = catalog_returns.cr_returning_customer_sk)
                                       Buffers: shared hit=978664 read=64
                           ->  Memoize  (cost=0.29..0.31 rows=1 width=4) (actual time=0.001..0.001 rows=0 loops=244682)
                                 Cache Key: customer.c_current_hdemo_sk
                                 Cache Mode: logical
                                 Hits: 237486  Misses: 7196  Evictions: 0  Overflows: 0  Memory Usage: 521kB
                                 Buffers: shared hit=21585
                                 ->  Index Scan using household_demographics_pkey on household_demographics  (cost=0.28..0.30 rows=1 width=4) (actual time=0.014..0.014 rows=0 loops=7196)
                                       Index Cond: (hd_demo_sk = customer.c_current_hdemo_sk)
                                       Filter: (hd_buy_potential ~~ '1001-5000%'::text)
                                       Rows Removed by Filter: 1
                                       Buffers: shared hit=21585
                     ->  Index Scan using customer_address_pkey on customer_address  (cost=0.42..0.67 rows=1 width=4) (actual time=0.026..0.026 rows=0 loops=33742)
                           Index Cond: (ca_address_sk = customer.c_current_addr_sk)
                           Filter: (ca_gmt_offset = '-7'::numeric)
                           Rows Removed by Filter: 1
                           Buffers: shared hit=127416 read=7552
               ->  Index Scan using customer_demographics_pkey on customer_demographics  (cost=0.43..0.72 rows=1 width=4) (actual time=0.027..0.027 rows=0 loops=3624)
                     Index Cond: (cd_demo_sk = customer.c_current_cdemo_sk)
                     Filter: (((cd_marital_status = 'M'::bpchar) AND (cd_education_status = 'Unknown'::bpchar)) OR ((cd_marital_status = 'W'::bpchar) AND (cd_education_status = 'Advanced Degree'::bpchar)))
                     Rows Removed by Filter: 1
                     Buffers: shared hit=13531 read=721
         ->  Index Scan using call_center_pkey on call_center  (cost=0.14..0.16 rows=1 width=48) (never executed)
               Index Cond: (cc_call_center_sk = catalog_returns.cr_call_center_sk)
 Planning:
   Buffers: shared hit=415
 Planning Time: 5.135 ms
 Execution Time: 12469.852 ms
(53 rows)

