                                                                                                     QUERY PLAN                                                                                                     
--------------------------------------------------------------------------------------------------------------------------------------------------------------------------------------------------------------------
 Aggregate  (cost=715921.76..715921.77 rows=1 width=136) (actual time=8801.160..8801.168 rows=1 loops=1)
   Buffers: shared hit=662181 read=410577
   ->  Hash Join  (cost=2574.36..715921.22 rows=36 width=58) (actual time=8801.155..8801.163 rows=0 loops=1)
         Hash Cond: (catalog_returns.cr_call_center_sk = call_center.cc_call_center_sk)
         Buffers: shared hit=662181 read=410577
         ->  Nested Loop  (cost=2571.68..715918.44 rows=36 width=18) (actual time=8801.068..8801.074 rows=0 loops=1)
               Buffers: shared hit=662179 read=410577
               ->  Nested Loop  (cost=2571.26..715863.88 rows=82 width=22) (actual time=23.056..8775.581 rows=908 loops=1)
                     Buffers: shared hit=658762 read=410362
                     ->  Nested Loop  (cost=2570.83..714805.30 rows=1478 width=26) (actual time=22.503..8253.152 rows=20401 loops=1)
                           Buffers: shared hit=583652 read=405420
                           ->  Nested Loop  (cost=2570.54..712473.67 rows=8871 width=30) (actual time=22.159..8045.259 rows=133698 loops=1)
                                 Buffers: shared hit=562109 read=405420
                                 ->  Hash Join  (cost=2570.11..706541.60 rows=8871 width=22) (actual time=22.101..4958.870 rows=136344 loops=1)
                                       Hash Cond: (catalog_returns.cr_returned_date_sk = date_dim.d_date_sk)
                                       Buffers: shared hit=27364 read=405373
                                       ->  Seq Scan on catalog_returns  (cost=0.00..647267.12 rows=21600412 width=26) (actual time=0.682..3294.658 rows=21598628 loops=1)
                                             Buffers: shared hit=25890 read=405373
                                       ->  Hash  (cost=2569.73..2569.73 rows=30 width=4) (actual time=21.388..21.389 rows=31 loops=1)
                                             Buckets: 1024  Batches: 1  Memory Usage: 10kB
                                             Buffers: shared hit=1474
                                             ->  Seq Scan on date_dim  (cost=0.00..2569.73 rows=30 width=4) (actual time=10.658..21.366 rows=31 loops=1)
                                                   Filter: ((d_year = 1998) AND (d_moy = 5))
                                                   Rows Removed by Filter: 73018
                                                   Buffers: shared hit=1474
                                 ->  Index Scan using customer_pkey on customer  (cost=0.43..0.67 rows=1 width=16) (actual time=0.022..0.022 rows=1 loops=136344)
                                       Index Cond: (c_customer_sk = catalog_returns.cr_returning_customer_sk)
                                       Buffers: shared hit=534745 read=47
                           ->  Memoize  (cost=0.29..0.31 rows=1 width=4) (actual time=0.001..0.001 rows=0 loops=133698)
                                 Cache Key: customer.c_current_hdemo_sk
                                 Cache Mode: logical
                                 Hits: 126516  Misses: 7182  Evictions: 0  Overflows: 0  Memory Usage: 520kB
                                 Buffers: shared hit=21543
                                 ->  Index Scan using household_demographics_pkey on household_demographics  (cost=0.28..0.30 rows=1 width=4) (actual time=0.015..0.015 rows=0 loops=7182)
                                       Index Cond: (hd_demo_sk = customer.c_current_hdemo_sk)
                                       Filter: (hd_buy_potential ~~ '0-500%'::text)
                                       Rows Removed by Filter: 1
                                       Buffers: shared hit=21543
                     ->  Index Scan using customer_demographics_pkey on customer_demographics  (cost=0.43..0.72 rows=1 width=4) (actual time=0.025..0.025 rows=0 loops=20401)
                           Index Cond: (cd_demo_sk = customer.c_current_cdemo_sk)
                           Filter: (((cd_marital_status = 'M'::bpchar) AND (cd_education_status = 'Unknown'::bpchar)) OR ((cd_marital_status = 'W'::bpchar) AND (cd_education_status = 'Advanced Degree'::bpchar)))
                           Rows Removed by Filter: 1
                           Buffers: shared hit=75110 read=4942
               ->  Index Scan using customer_address_pkey on customer_address  (cost=0.42..0.67 rows=1 width=4) (actual time=0.028..0.028 rows=0 loops=908)
                     Index Cond: (ca_address_sk = customer.c_current_addr_sk)
                     Filter: (ca_gmt_offset = '-6'::numeric)
                     Rows Removed by Filter: 1
                     Buffers: shared hit=3417 read=215
         ->  Hash  (cost=2.30..2.30 rows=30 width=48) (actual time=0.065..0.066 rows=30 loops=1)
               Buckets: 1024  Batches: 1  Memory Usage: 11kB
               Buffers: shared hit=2
               ->  Seq Scan on call_center  (cost=0.00..2.30 rows=30 width=48) (actual time=0.026..0.042 rows=30 loops=1)
                     Buffers: shared hit=2
 Planning:
   Buffers: shared hit=415
 Planning Time: 4.268 ms
 Execution Time: 8801.931 ms
(57 rows)

