                                                                                                     QUERY PLAN                                                                                                     
--------------------------------------------------------------------------------------------------------------------------------------------------------------------------------------------------------------------
 Aggregate  (cost=715921.76..715921.77 rows=1 width=136) (actual time=12461.231..12461.238 rows=1 loops=1)
   Buffers: shared hit=1170533 read=412354
   ->  Hash Join  (cost=2574.36..715921.22 rows=36 width=58) (actual time=12461.225..12461.231 rows=0 loops=1)
         Hash Cond: (catalog_returns.cr_call_center_sk = call_center.cc_call_center_sk)
         Buffers: shared hit=1170533 read=412354
         ->  Nested Loop  (cost=2571.68..715918.44 rows=36 width=18) (actual time=12461.088..12461.093 rows=0 loops=1)
               Buffers: shared hit=1170531 read=412354
               ->  Nested Loop  (cost=2571.26..715863.88 rows=82 width=22) (actual time=1362.204..12418.646 rows=1562 loops=1)
                     Buffers: shared hit=1164994 read=411643
                     ->  Nested Loop  (cost=2570.83..714805.30 rows=1478 width=26) (actual time=1361.129..11473.120 rows=37413 loops=1)
                           Buffers: shared hit=1027820 read=402033
                           ->  Nested Loop  (cost=2570.54..712473.67 rows=8871 width=30) (actual time=1357.086..11167.303 rows=243882 loops=1)
                                 Buffers: shared hit=1006232 read=402033
                                 ->  Hash Join  (cost=2570.11..706541.60 rows=8871 width=22) (actual time=1357.034..5371.639 rows=248731 loops=1)
                                       Hash Cond: (catalog_returns.cr_returned_date_sk = date_dim.d_date_sk)
                                       Buffers: shared hit=30956 read=401781
                                       ->  Seq Scan on catalog_returns  (cost=0.00..647267.12 rows=21600412 width=26) (actual time=0.381..3514.118 rows=21598628 loops=1)
                                             Buffers: shared hit=29482 read=401781
                                       ->  Hash  (cost=2569.73..2569.73 rows=30 width=4) (actual time=26.921..26.922 rows=30 loops=1)
                                             Buckets: 1024  Batches: 1  Memory Usage: 10kB
                                             Buffers: shared hit=1474
                                             ->  Seq Scan on date_dim  (cost=0.00..2569.73 rows=30 width=4) (actual time=15.924..26.904 rows=30 loops=1)
                                                   Filter: ((d_year = 2000) AND (d_moy = 9))
                                                   Rows Removed by Filter: 73019
                                                   Buffers: shared hit=1474
                                 ->  Index Scan using customer_pkey on customer  (cost=0.43..0.67 rows=1 width=16) (actual time=0.023..0.023 rows=1 loops=248731)
                                       Index Cond: (c_customer_sk = catalog_returns.cr_returning_customer_sk)
                                       Buffers: shared hit=975276 read=252
                           ->  Memoize  (cost=0.29..0.31 rows=1 width=4) (actual time=0.001..0.001 rows=0 loops=243882)
                                 Cache Key: customer.c_current_hdemo_sk
                                 Cache Mode: logical
                                 Hits: 236685  Misses: 7197  Evictions: 0  Overflows: 0  Memory Usage: 521kB
                                 Buffers: shared hit=21588
                                 ->  Index Scan using household_demographics_pkey on household_demographics  (cost=0.28..0.30 rows=1 width=4) (actual time=0.017..0.017 rows=0 loops=7197)
                                       Index Cond: (hd_demo_sk = customer.c_current_hdemo_sk)
                                       Filter: (hd_buy_potential ~~ '0-500%'::text)
                                       Rows Removed by Filter: 1
                                       Buffers: shared hit=21588
                     ->  Index Scan using customer_demographics_pkey on customer_demographics  (cost=0.43..0.72 rows=1 width=4) (actual time=0.025..0.025 rows=0 loops=37413)
                           Index Cond: (cd_demo_sk = customer.c_current_cdemo_sk)
                           Filter: (((cd_marital_status = 'M'::bpchar) AND (cd_education_status = 'Unknown'::bpchar)) OR ((cd_marital_status = 'W'::bpchar) AND (cd_education_status = 'Advanced Degree'::bpchar)))
                           Rows Removed by Filter: 1
                           Buffers: shared hit=137174 read=9610
               ->  Index Scan using customer_address_pkey on customer_address  (cost=0.42..0.67 rows=1 width=4) (actual time=0.027..0.027 rows=0 loops=1562)
                     Index Cond: (ca_address_sk = customer.c_current_addr_sk)
                     Filter: (ca_gmt_offset = '-6'::numeric)
                     Rows Removed by Filter: 1
                     Buffers: shared hit=5537 read=711
         ->  Hash  (cost=2.30..2.30 rows=30 width=48) (actual time=0.109..0.110 rows=30 loops=1)
               Buckets: 1024  Batches: 1  Memory Usage: 11kB
               Buffers: shared hit=2
               ->  Seq Scan on call_center  (cost=0.00..2.30 rows=30 width=48) (actual time=0.035..0.069 rows=30 loops=1)
                     Buffers: shared hit=2
 Planning:
   Buffers: shared hit=415
 Planning Time: 5.048 ms
 Execution Time: 12462.079 ms
(57 rows)

