                                                                                                     QUERY PLAN                                                                                                     
--------------------------------------------------------------------------------------------------------------------------------------------------------------------------------------------------------------------
 Aggregate  (cost=716164.96..716164.97 rows=1 width=136) (actual time=12795.657..12795.665 rows=1 loops=1)
   Buffers: shared hit=1214943 read=416133
   ->  Hash Join  (cost=2574.37..716164.39 rows=38 width=58) (actual time=1335.339..12789.240 rows=3534 loops=1)
         Hash Cond: (catalog_returns.cr_call_center_sk = call_center.cc_call_center_sk)
         Buffers: shared hit=1214943 read=416133
         ->  Nested Loop  (cost=2571.69..716161.60 rows=38 width=18) (actual time=1335.264..12786.692 rows=3575 loops=1)
               Buffers: shared hit=1214941 read=416133
               ->  Nested Loop  (cost=2571.27..716105.05 rows=85 width=22) (actual time=1333.548..12612.306 rows=6594 loops=1)
                     Buffers: shared hit=1192526 read=412172
                     ->  Nested Loop  (cost=2570.84..715010.66 rows=1528 width=26) (actual time=1325.380..11488.238 rows=43678 loops=1)
                           Buffers: shared hit=1029450 read=403600
                           ->  Nested Loop  (cost=2570.55..712671.62 rows=9167 width=30) (actual time=1325.354..11177.798 rows=244682 loops=1)
                                 Buffers: shared hit=1007865 read=403600
                                 ->  Hash Join  (cost=2570.12..706541.62 rows=9167 width=22) (actual time=1325.311..5400.303 rows=249569 loops=1)
                                       Hash Cond: (catalog_returns.cr_returned_date_sk = date_dim.d_date_sk)
                                       Buffers: shared hit=29289 read=403448
                                       ->  Seq Scan on catalog_returns  (cost=0.00..647267.12 rows=21600412 width=26) (actual time=0.249..3554.271 rows=21598628 loops=1)
                                             Buffers: shared hit=27815 read=403448
                                       ->  Hash  (cost=2569.73..2569.73 rows=31 width=4) (actual time=21.104..21.105 rows=31 loops=1)
                                             Buckets: 1024  Batches: 1  Memory Usage: 10kB
                                             Buffers: shared hit=1474
                                             ->  Seq Scan on date_dim  (cost=0.00..2569.73 rows=31 width=4) (actual time=11.383..21.090 rows=31 loops=1)
                                                   Filter: ((d_year = 2000) AND (d_moy = 8))
                                                   Rows Removed by Filter: 73018
                                                   Buffers: shared hit=1474
                                 ->  Index Scan using customer_pkey on customer  (cost=0.43..0.67 rows=1 width=16) (actual time=0.023..0.023 rows=1 loops=249569)
                                       Index Cond: (c_customer_sk = catalog_returns.cr_returning_customer_sk)
                                       Buffers: shared hit=978576 read=152
                           ->  Memoize  (cost=0.29..0.31 rows=1 width=4) (actual time=0.001..0.001 rows=0 loops=244682)
                                 Cache Key: customer.c_current_hdemo_sk
                                 Cache Mode: logical
                                 Hits: 237486  Misses: 7196  Evictions: 0  Overflows: 0  Memory Usage: 520kB
                                 Buffers: shared hit=21585
                                 ->  Index Scan using household_demographics_pkey on household_demographics  (cost=0.28..0.30 rows=1 width=4) (actual time=0.017..0.017 rows=0 loops=7196)
                                       Index Cond: (hd_demo_sk = customer.c_current_hdemo_sk)
                                       Filter: (hd_buy_potential ~~ '>10000%'::text)
                                       Rows Removed by Filter: 1
                                       Buffers: shared hit=21585
                     ->  Index Scan using customer_demographics_pkey on customer_demographics  (cost=0.43..0.72 rows=1 width=4) (actual time=0.025..0.025 rows=0 loops=43678)
                           Index Cond: (cd_demo_sk = customer.c_current_cdemo_sk)
                           Filter: (((cd_marital_status = 'M'::bpchar) AND (cd_education_status = 'Unknown'::bpchar)) OR ((cd_marital_status = 'W'::bpchar) AND (cd_education_status = 'Advanced Degree'::bpchar)))
                           Rows Removed by Filter: 1
                           Buffers: shared hit=163076 read=8572
               ->  Index Scan using customer_address_pkey on customer_address  (cost=0.42..0.67 rows=1 width=4) (actual time=0.026..0.026 rows=1 loops=6594)
                     Index Cond: (ca_address_sk = customer.c_current_addr_sk)
                     Filter: (ca_gmt_offset = '-6'::numeric)
                     Rows Removed by Filter: 0
                     Buffers: shared hit=22415 read=3961
         ->  Hash  (cost=2.30..2.30 rows=30 width=48) (actual time=0.061..0.062 rows=30 loops=1)
               Buckets: 1024  Batches: 1  Memory Usage: 11kB
               Buffers: shared hit=2
               ->  Seq Scan on call_center  (cost=0.00..2.30 rows=30 width=48) (actual time=0.029..0.044 rows=30 loops=1)
                     Buffers: shared hit=2
 Planning:
   Buffers: shared hit=415
 Planning Time: 1.976 ms
 Execution Time: 12796.154 ms
(57 rows)

