                                                                                                  QUERY PLAN                                                                                                  
--------------------------------------------------------------------------------------------------------------------------------------------------------------------------------------------------------------
 Aggregate  (cost=715903.32..715903.33 rows=1 width=136) (actual time=13007.858..13007.864 rows=1 loops=1)
   Buffers: shared hit=1247932 read=432616
   ->  Nested Loop  (cost=2571.82..715903.18 rows=9 width=58) (actual time=1958.653..13006.036 rows=670 loops=1)
         Buffers: shared hit=1247932 read=432616
         ->  Nested Loop  (cost=2571.68..715901.79 rows=9 width=18) (actual time=1958.640..12996.402 rows=674 loops=1)
               Buffers: shared hit=1246592 read=432616
               ->  Nested Loop  (cost=2571.25..715788.62 rows=158 width=22) (actual time=1934.241..12864.283 rows=5422 loops=1)
                     Buffers: shared hit=1226310 read=431630
                     ->  Nested Loop  (cost=2570.83..714805.30 rows=1478 width=26) (actual time=1931.173..11837.876 rows=40044 loops=1)
                           Buffers: shared hit=1084752 read=413012
                           ->  Nested Loop  (cost=2570.54..712473.67 rows=8871 width=30) (actual time=1931.155..11546.785 rows=260859 loops=1)
                                 Buffers: shared hit=1063161 read=413012
                                 ->  Hash Join  (cost=2570.11..706541.60 rows=8871 width=22) (actual time=1931.118..5435.803 rows=266327 loops=1)
                                       Hash Cond: (catalog_returns.cr_returned_date_sk = date_dim.d_date_sk)
                                       Buffers: shared hit=20715 read=412022
                                       ->  Seq Scan on catalog_returns  (cost=0.00..647267.12 rows=21600412 width=26) (actual time=0.048..3579.546 rows=21598628 loops=1)
                                             Buffers: shared hit=20715 read=410548
                                       ->  Hash  (cost=2569.73..2569.73 rows=30 width=4) (actual time=23.866..23.867 rows=30 loops=1)
                                             Buckets: 1024  Batches: 1  Memory Usage: 10kB
                                             Buffers: shared read=1474
                                             ->  Seq Scan on date_dim  (cost=0.00..2569.73 rows=30 width=4) (actual time=14.115..23.848 rows=30 loops=1)
                                                   Filter: ((d_year = 2001) AND (d_moy = 9))
                                                   Rows Removed by Filter: 73019
                                                   Buffers: shared read=1474
                                 ->  Index Scan using customer_pkey on customer  (cost=0.43..0.67 rows=1 width=16) (actual time=0.022..0.022 rows=1 loops=266327)
                                       Index Cond: (c_customer_sk = catalog_returns.cr_returning_customer_sk)
                                       Buffers: shared hit=1042446 read=990
                           ->  Memoize  (cost=0.29..0.31 rows=1 width=4) (actual time=0.001..0.001 rows=0 loops=260859)
                                 Cache Key: customer.c_current_hdemo_sk
                                 Cache Mode: logical
                                 Hits: 253661  Misses: 7198  Evictions: 0  Overflows: 0  Memory Usage: 521kB
                                 Buffers: shared hit=21591
                                 ->  Index Scan using household_demographics_pkey on household_demographics  (cost=0.28..0.30 rows=1 width=4) (actual time=0.013..0.013 rows=0 loops=7198)
                                       Index Cond: (hd_demo_sk = customer.c_current_hdemo_sk)
                                       Filter: (hd_buy_potential ~~ '0-500%'::text)
                                       Rows Removed by Filter: 1
                                       Buffers: shared hit=21591
                     ->  Index Scan using customer_address_pkey on customer_address  (cost=0.42..0.67 rows=1 width=4) (actual time=0.025..0.025 rows=0 loops=40044)
                           Index Cond: (ca_address_sk = customer.c_current_addr_sk)
                           Filter: (ca_gmt_offset = '-7'::numeric)
                           Rows Removed by Filter: 1
                           Buffers: shared hit=141558 read=18618
               ->  Index Scan using customer_demographics_pkey on customer_demographics  (cost=0.43..0.72 rows=1 width=4) (actual time=0.024..0.024 rows=0 loops=5422)
                     Index Cond: (cd_demo_sk = customer.c_current_cdemo_sk)
                     Filter: (((cd_marital_status = 'M'::bpchar) AND (cd_education_status = 'Unknown'::bpchar)) OR ((cd_marital_status = 'W'::bpchar) AND (cd_education_status = 'Advanced Degree'::bpchar)))
                     Rows Removed by Filter: 1
                     Buffers: shared hit=20282 read=986
         ->  Index Scan using call_center_pkey on call_center  (cost=0.14..0.16 rows=1 width=48) (actual time=0.013..0.013 rows=1 loops=674)
               Index Cond: (cc_call_center_sk = catalog_returns.cr_call_center_sk)
               Buffers: shared hit=1340
 Planning:
   Buffers: shared hit=384 read=31
 Planning Time: 4.245 ms
 Execution Time: 13008.570 ms
(54 rows)

