                                                                                                  QUERY PLAN                                                                                                  
--------------------------------------------------------------------------------------------------------------------------------------------------------------------------------------------------------------
 Aggregate  (cost=716146.24..716146.25 rows=1 width=136) (actual time=12828.156..12828.163 rows=1 loops=1)
   Buffers: shared hit=1255687 read=422108
   ->  Nested Loop  (cost=2571.83..716146.10 rows=9 width=58) (actual time=1399.511..12826.939 rows=398 loops=1)
         Buffers: shared hit=1255687 read=422108
         ->  Nested Loop  (cost=2571.69..716144.71 rows=9 width=18) (actual time=1399.498..12822.671 rows=404 loops=1)
               Buffers: shared hit=1254891 read=422108
               ->  Nested Loop  (cost=2571.27..716027.25 rows=164 width=22) (actual time=1351.851..12653.507 rows=6530 loops=1)
                     Buffers: shared hit=1231258 read=420137
                     ->  Nested Loop  (cost=2570.84..715010.66 rows=1528 width=26) (actual time=1346.560..11534.046 rows=43665 loops=1)
                           Buffers: shared hit=1067259 read=409476
                           ->  Nested Loop  (cost=2570.55..712671.62 rows=9167 width=30) (actual time=1346.537..11249.574 rows=255601 loops=1)
                                 Buffers: shared hit=1045665 read=409476
                                 ->  Hash Join  (cost=2570.12..706541.62 rows=9167 width=22) (actual time=1346.479..5324.028 rows=260972 loops=1)
                                       Hash Cond: (catalog_returns.cr_returned_date_sk = date_dim.d_date_sk)
                                       Buffers: shared hit=23894 read=408843
                                       ->  Seq Scan on catalog_returns  (cost=0.00..647267.12 rows=21600412 width=26) (actual time=0.051..3547.738 rows=21598628 loops=1)
                                             Buffers: shared hit=22420 read=408843
                                       ->  Hash  (cost=2569.73..2569.73 rows=31 width=4) (actual time=21.745..21.747 rows=31 loops=1)
                                             Buckets: 1024  Batches: 1  Memory Usage: 10kB
                                             Buffers: shared hit=1474
                                             ->  Seq Scan on date_dim  (cost=0.00..2569.73 rows=31 width=4) (actual time=12.678..21.729 rows=31 loops=1)
                                                   Filter: ((d_year = 2000) AND (d_moy = 10))
                                                   Rows Removed by Filter: 73018
                                                   Buffers: shared hit=1474
                                 ->  Index Scan using customer_pkey on customer  (cost=0.43..0.67 rows=1 width=16) (actual time=0.022..0.022 rows=1 loops=260972)
                                       Index Cond: (c_customer_sk = catalog_returns.cr_returning_customer_sk)
                                       Buffers: shared hit=1021771 read=633
                           ->  Memoize  (cost=0.29..0.31 rows=1 width=4) (actual time=0.001..0.001 rows=0 loops=255601)
                                 Cache Key: customer.c_current_hdemo_sk
                                 Cache Mode: logical
                                 Hits: 248402  Misses: 7199  Evictions: 0  Overflows: 0  Memory Usage: 521kB
                                 Buffers: shared hit=21594
                                 ->  Index Scan using household_demographics_pkey on household_demographics  (cost=0.28..0.30 rows=1 width=4) (actual time=0.013..0.013 rows=0 loops=7199)
                                       Index Cond: (hd_demo_sk = customer.c_current_hdemo_sk)
                                       Filter: (hd_buy_potential ~~ 'Unknown%'::text)
                                       Rows Removed by Filter: 1
                                       Buffers: shared hit=21594
                     ->  Index Scan using customer_address_pkey on customer_address  (cost=0.42..0.67 rows=1 width=4) (actual time=0.025..0.025 rows=0 loops=43665)
                           Index Cond: (ca_address_sk = customer.c_current_addr_sk)
                           Filter: (ca_gmt_offset = '-7'::numeric)
                           Rows Removed by Filter: 1
                           Buffers: shared hit=163999 read=10661
               ->  Index Scan using customer_demographics_pkey on customer_demographics  (cost=0.43..0.72 rows=1 width=4) (actual time=0.025..0.025 rows=0 loops=6530)
                     Index Cond: (cd_demo_sk = customer.c_current_cdemo_sk)
                     Filter: (((cd_marital_status = 'M'::bpchar) AND (cd_education_status = 'Unknown'::bpchar)) OR ((cd_marital_status = 'W'::bpchar) AND (cd_education_status = 'Advanced Degree'::bpchar)))
                     Rows Removed by Filter: 1
                     Buffers: shared hit=23633 read=1971
         ->  Index Scan using call_center_pkey on call_center  (cost=0.14..0.16 rows=1 width=48) (actual time=0.009..0.009 rows=1 loops=404)
               Index Cond: (cc_call_center_sk = catalog_returns.cr_call_center_sk)
               Buffers: shared hit=796
 Planning:
   Buffers: shared hit=415
 Planning Time: 4.624 ms
 Execution Time: 12829.041 ms
(54 rows)

