                                                                                                  QUERY PLAN                                                                                                  
--------------------------------------------------------------------------------------------------------------------------------------------------------------------------------------------------------------
 Aggregate  (cost=716146.24..716146.25 rows=1 width=136) (actual time=14731.214..14731.221 rows=1 loops=1)
   Buffers: shared hit=1516315 read=413384
   ->  Nested Loop  (cost=2571.83..716146.10 rows=9 width=58) (actual time=2979.744..14729.914 rows=380 loops=1)
         Buffers: shared hit=1516315 read=413384
         ->  Nested Loop  (cost=2571.69..716144.71 rows=9 width=18) (actual time=2979.722..14724.588 rows=384 loops=1)
               Buffers: shared hit=1515555 read=413384
               ->  Nested Loop  (cost=2571.27..716027.25 rows=164 width=22) (actual time=2891.264..14578.751 rows=5400 loops=1)
                     Buffers: shared hit=1497156 read=410587
                     ->  Nested Loop  (cost=2570.84..715010.66 rows=1528 width=26) (actual time=2891.245..13196.441 rows=54911 loops=1)
                           Buffers: shared hit=1287174 read=400925
                           ->  Nested Loop  (cost=2570.55..712671.62 rows=9167 width=30) (actual time=2891.226..12839.720 rows=308442 loops=1)
                                 Buffers: shared hit=1265580 read=400925
                                 ->  Hash Join  (cost=2570.12..706541.62 rows=9167 width=22) (actual time=2891.192..5489.657 rows=314722 loops=1)
                                       Hash Cond: (catalog_returns.cr_returned_date_sk = date_dim.d_date_sk)
                                       Buffers: shared hit=32530 read=400207
                                       ->  Seq Scan on catalog_returns  (cost=0.00..647267.12 rows=21600412 width=26) (actual time=0.056..3605.714 rows=21598628 loops=1)
                                             Buffers: shared hit=31124 read=400139
                                       ->  Hash  (cost=2569.73..2569.73 rows=31 width=4) (actual time=28.986..28.987 rows=31 loops=1)
                                             Buckets: 1024  Batches: 1  Memory Usage: 10kB
                                             Buffers: shared hit=1406 read=68
                                             ->  Seq Scan on date_dim  (cost=0.00..2569.73 rows=31 width=4) (actual time=17.477..28.965 rows=31 loops=1)
                                                   Filter: ((d_year = 2002) AND (d_moy = 10))
                                                   Rows Removed by Filter: 73018
                                                   Buffers: shared hit=1406 read=68
                                 ->  Index Scan using customer_pkey on customer  (cost=0.43..0.67 rows=1 width=16) (actual time=0.023..0.023 rows=1 loops=314722)
                                       Index Cond: (c_customer_sk = catalog_returns.cr_returning_customer_sk)
                                       Buffers: shared hit=1233050 read=718
                           ->  Memoize  (cost=0.29..0.31 rows=1 width=4) (actual time=0.001..0.001 rows=0 loops=308442)
                                 Cache Key: customer.c_current_hdemo_sk
                                 Cache Mode: logical
                                 Hits: 301243  Misses: 7199  Evictions: 0  Overflows: 0  Memory Usage: 521kB
                                 Buffers: shared hit=21594
                                 ->  Index Scan using household_demographics_pkey on household_demographics  (cost=0.28..0.30 rows=1 width=4) (actual time=0.016..0.016 rows=0 loops=7199)
                                       Index Cond: (hd_demo_sk = customer.c_current_hdemo_sk)
                                       Filter: (hd_buy_potential ~~ '>10000%'::text)
                                       Rows Removed by Filter: 1
                                       Buffers: shared hit=21594
                     ->  Index Scan using customer_address_pkey on customer_address  (cost=0.42..0.67 rows=1 width=4) (actual time=0.025..0.025 rows=0 loops=54911)
                           Index Cond: (ca_address_sk = customer.c_current_addr_sk)
                           Filter: (ca_gmt_offset = '-7'::numeric)
                           Rows Removed by Filter: 1
                           Buffers: shared hit=209982 read=9662
               ->  Index Scan using customer_demographics_pkey on customer_demographics  (cost=0.43..0.72 rows=1 width=4) (actual time=0.027..0.027 rows=0 loops=5400)
                     Index Cond: (cd_demo_sk = customer.c_current_cdemo_sk)
                     Filter: (((cd_marital_status = 'M'::bpchar) AND (cd_education_status = 'Unknown'::bpchar)) OR ((cd_marital_status = 'W'::bpchar) AND (cd_education_status = 'Advanced Degree'::bpchar)))
                     Rows Removed by Filter: 1
                     Buffers: shared hit=18399 read=2797
         ->  Index Scan using call_center_pkey on call_center  (cost=0.14..0.16 rows=1 width=48) (actual time=0.012..0.012 rows=1 loops=384)
               Index Cond: (cc_call_center_sk = catalog_returns.cr_call_center_sk)
               Buffers: shared hit=760
 Planning:
   Buffers: shared hit=384 read=31
 Planning Time: 5.408 ms
 Execution Time: 14731.998 ms
(54 rows)

