                                                                                                     QUERY PLAN                                                                                                     
--------------------------------------------------------------------------------------------------------------------------------------------------------------------------------------------------------------------
 Aggregate  (cost=715921.76..715921.77 rows=1 width=136) (actual time=10898.328..10898.335 rows=1 loops=1)
   Buffers: shared hit=953892 read=429015
   ->  Hash Join  (cost=2574.36..715921.22 rows=36 width=58) (actual time=189.888..10893.497 rows=2737 loops=1)
         Hash Cond: (catalog_returns.cr_call_center_sk = call_center.cc_call_center_sk)
         Buffers: shared hit=953892 read=429015
         ->  Nested Loop  (cost=2571.68..715918.44 rows=36 width=18) (actual time=189.805..10891.544 rows=2769 loops=1)
               Buffers: shared hit=953890 read=429015
               ->  Nested Loop  (cost=2571.26..715863.88 rows=82 width=22) (actual time=185.179..10748.533 rows=5138 loops=1)
                     Buffers: shared hit=934103 read=428250
                     ->  Nested Loop  (cost=2570.83..714805.30 rows=1478 width=26) (actual time=166.472..9875.934 rows=34295 loops=1)
                           Buffers: shared hit=813328 read=414157
                           ->  Nested Loop  (cost=2570.54..712473.67 rows=8871 width=30) (actual time=166.046..9627.332 rows=193296 loops=1)
                                 Buffers: shared hit=791764 read=414157
                                 ->  Hash Join  (cost=2570.11..706541.60 rows=8871 width=22) (actual time=165.992..5116.446 rows=197234 loops=1)
                                       Hash Cond: (catalog_returns.cr_returned_date_sk = date_dim.d_date_sk)
                                       Buffers: shared hit=18894 read=413843
                                       ->  Seq Scan on catalog_returns  (cost=0.00..647267.12 rows=21600412 width=26) (actual time=0.028..3392.703 rows=21598628 loops=1)
                                             Buffers: shared hit=18632 read=412631
                                       ->  Hash  (cost=2569.73..2569.73 rows=30 width=4) (actual time=21.361..21.362 rows=31 loops=1)
                                             Buckets: 1024  Batches: 1  Memory Usage: 10kB
                                             Buffers: shared hit=262 read=1212
                                             ->  Seq Scan on date_dim  (cost=0.00..2569.73 rows=30 width=4) (actual time=11.969..21.348 rows=31 loops=1)
                                                   Filter: ((d_year = 1998) AND (d_moy = 12))
                                                   Rows Removed by Filter: 73018
                                                   Buffers: shared hit=262 read=1212
                                 ->  Index Scan using customer_pkey on customer  (cost=0.43..0.67 rows=1 width=16) (actual time=0.022..0.022 rows=1 loops=197234)
                                       Index Cond: (c_customer_sk = catalog_returns.cr_returning_customer_sk)
                                       Buffers: shared hit=772870 read=314
                           ->  Memoize  (cost=0.29..0.31 rows=1 width=4) (actual time=0.001..0.001 rows=0 loops=193296)
                                 Cache Key: customer.c_current_hdemo_sk
                                 Cache Mode: logical
                                 Hits: 186107  Misses: 7189  Evictions: 0  Overflows: 0  Memory Usage: 520kB
                                 Buffers: shared hit=21564
                                 ->  Index Scan using household_demographics_pkey on household_demographics  (cost=0.28..0.30 rows=1 width=4) (actual time=0.014..0.014 rows=0 loops=7189)
                                       Index Cond: (hd_demo_sk = customer.c_current_hdemo_sk)
                                       Filter: (hd_buy_potential ~~ '>10000%'::text)
                                       Rows Removed by Filter: 1
                                       Buffers: shared hit=21564
                     ->  Index Scan using customer_demographics_pkey on customer_demographics  (cost=0.43..0.72 rows=1 width=4) (actual time=0.025..0.025 rows=0 loops=34295)
                           Index Cond: (cd_demo_sk = customer.c_current_cdemo_sk)
                           Filter: (((cd_marital_status = 'M'::bpchar) AND (cd_education_status = 'Unknown'::bpchar)) OR ((cd_marital_status = 'W'::bpchar) AND (cd_education_status = 'Advanced Degree'::bpchar)))
                           Rows Removed by Filter: 1
                           Buffers: shared hit=120775 read=14093
               ->  Index Scan using customer_address_pkey on customer_address  (cost=0.42..0.67 rows=1 width=4) (actual time=0.027..0.027 rows=1 loops=5138)
                     Index Cond: (ca_address_sk = customer.c_current_addr_sk)
                     Filter: (ca_gmt_offset = '-6'::numeric)
                     Rows Removed by Filter: 0
                     Buffers: shared hit=19787 read=765
         ->  Hash  (cost=2.30..2.30 rows=30 width=48) (actual time=0.061..0.062 rows=30 loops=1)
               Buckets: 1024  Batches: 1  Memory Usage: 11kB
               Buffers: shared hit=2
               ->  Seq Scan on call_center  (cost=0.00..2.30 rows=30 width=48) (actual time=0.022..0.039 rows=30 loops=1)
                     Buffers: shared hit=2
 Planning:
   Buffers: shared hit=415
 Planning Time: 4.340 ms
 Execution Time: 10898.978 ms
(57 rows)

