                                                                                                  QUERY PLAN                                                                                                  
--------------------------------------------------------------------------------------------------------------------------------------------------------------------------------------------------------------
 Aggregate  (cost=715903.32..715903.33 rows=1 width=136) (actual time=10942.378..10942.386 rows=1 loops=1)
   Buffers: shared hit=956343 read=411624
   ->  Nested Loop  (cost=2571.82..715903.18 rows=9 width=58) (actual time=250.993..10941.576 rows=231 loops=1)
         Buffers: shared hit=956343 read=411624
         ->  Nested Loop  (cost=2571.68..715901.79 rows=9 width=18) (actual time=250.977..10937.144 rows=233 loops=1)
               Buffers: shared hit=955881 read=411624
               ->  Nested Loop  (cost=2571.25..715788.62 rows=158 width=22) (actual time=212.690..10864.745 rows=2478 loops=1)
                     Buffers: shared hit=947155 read=410630
                     ->  Nested Loop  (cost=2570.83..714805.30 rows=1478 width=26) (actual time=202.786..10040.243 rows=32575 loops=1)
                           Buffers: shared hit=821890 read=405595
                           ->  Nested Loop  (cost=2570.54..712473.67 rows=8871 width=30) (actual time=201.429..9780.007 rows=193296 loops=1)
                                 Buffers: shared hit=800326 read=405595
                                 ->  Hash Join  (cost=2570.11..706541.60 rows=8871 width=22) (actual time=201.375..5183.871 rows=197234 loops=1)
                                       Hash Cond: (catalog_returns.cr_returned_date_sk = date_dim.d_date_sk)
                                       Buffers: shared hit=27300 read=405437
                                       ->  Seq Scan on catalog_returns  (cost=0.00..647267.12 rows=21600412 width=26) (actual time=0.059..3424.070 rows=21598628 loops=1)
                                             Buffers: shared hit=25826 read=405437
                                       ->  Hash  (cost=2569.73..2569.73 rows=30 width=4) (actual time=30.573..30.574 rows=31 loops=1)
                                             Buckets: 1024  Batches: 1  Memory Usage: 10kB
                                             Buffers: shared hit=1474
                                             ->  Seq Scan on date_dim  (cost=0.00..2569.73 rows=30 width=4) (actual time=18.145..30.558 rows=31 loops=1)
                                                   Filter: ((d_year = 1998) AND (d_moy = 12))
                                                   Rows Removed by Filter: 73018
                                                   Buffers: shared hit=1474
                                 ->  Index Scan using customer_pkey on customer  (cost=0.43..0.67 rows=1 width=16) (actual time=0.023..0.023 rows=1 loops=197234)
                                       Index Cond: (c_customer_sk = catalog_returns.cr_returning_customer_sk)
                                       Buffers: shared hit=773026 read=158
                           ->  Memoize  (cost=0.29..0.31 rows=1 width=4) (actual time=0.001..0.001 rows=0 loops=193296)
                                 Cache Key: customer.c_current_hdemo_sk
                                 Cache Mode: logical
                                 Hits: 186107  Misses: 7189  Evictions: 0  Overflows: 0  Memory Usage: 520kB
                                 Buffers: shared hit=21564
                                 ->  Index Scan using household_demographics_pkey on household_demographics  (cost=0.28..0.30 rows=1 width=4) (actual time=0.015..0.015 rows=0 loops=7189)
                                       Index Cond: (hd_demo_sk = customer.c_current_hdemo_sk)
                                       Filter: (hd_buy_potential ~~ '501-1000%'::text)
                                       Rows Removed by Filter: 1
                                       Buffers: shared hit=21564
                     ->  Index Scan using customer_address_pkey on customer_address  (cost=0.42..0.67 rows=1 width=4) (actual time=0.025..0.025 rows=0 loops=32575)
                           Index Cond: (ca_address_sk = customer.c_current_addr_sk)
                           Filter: (ca_gmt_offset = '-7'::numeric)
                           Rows Removed by Filter: 1
                           Buffers: shared hit=125265 read=5035
               ->  Index Scan using customer_demographics_pkey on customer_demographics  (cost=0.43..0.72 rows=1 width=4) (actual time=0.029..0.029 rows=0 loops=2478)
                     Index Cond: (cd_demo_sk = customer.c_current_cdemo_sk)
                     Filter: (((cd_marital_status = 'M'::bpchar) AND (cd_education_status = 'Unknown'::bpchar)) OR ((cd_marital_status = 'W'::bpchar) AND (cd_education_status = 'Advanced Degree'::bpchar)))
                     Rows Removed by Filter: 1
                     Buffers: shared hit=8726 read=994
         ->  Index Scan using call_center_pkey on call_center  (cost=0.14..0.16 rows=1 width=48) (actual time=0.017..0.017 rows=1 loops=233)
               Index Cond: (cc_call_center_sk = catalog_returns.cr_call_center_sk)
               Buffers: shared hit=462
 Planning:
   Buffers: shared hit=415
 Planning Time: 5.179 ms
 Execution Time: 10943.328 ms
(54 rows)

