                                                                                                     QUERY PLAN                                                                                                     
--------------------------------------------------------------------------------------------------------------------------------------------------------------------------------------------------------------------
 Aggregate  (cost=716164.96..716164.97 rows=1 width=136) (actual time=16437.911..16437.918 rows=1 loops=1)
   Buffers: shared hit=1769492 read=423668
   ->  Hash Join  (cost=2574.37..716164.39 rows=38 width=58) (actual time=2514.763..16435.962 rows=685 loops=1)
         Hash Cond: (catalog_returns.cr_call_center_sk = call_center.cc_call_center_sk)
         Buffers: shared hit=1769492 read=423668
         ->  Nested Loop  (cost=2571.69..716161.60 rows=38 width=18) (actual time=2514.658..16435.124 rows=688 loops=1)
               Buffers: shared hit=1769490 read=423668
               ->  Nested Loop  (cost=2571.27..716105.05 rows=85 width=22) (actual time=2514.620..16308.578 rows=4183 loops=1)
                     Buffers: shared hit=1753841 read=422585
                     ->  Nested Loop  (cost=2570.84..715010.66 rows=1528 width=26) (actual time=2506.899..14805.618 rows=58943 loops=1)
                           Buffers: shared hit=1536631 read=408143
                           ->  Nested Loop  (cost=2570.55..712671.62 rows=9167 width=30) (actual time=2504.072..14413.615 rows=372610 loops=1)
                                 Buffers: shared hit=1515034 read=408143
                                 ->  Hash Join  (cost=2570.12..706541.62 rows=9167 width=22) (actual time=2504.031..5737.299 rows=380176 loops=1)
                                       Hash Cond: (catalog_returns.cr_returned_date_sk = date_dim.d_date_sk)
                                       Buffers: shared hit=25422 read=407315
                                       ->  Seq Scan on catalog_returns  (cost=0.00..647267.12 rows=21600412 width=26) (actual time=0.036..3756.642 rows=21598628 loops=1)
                                             Buffers: shared hit=24065 read=407198
                                       ->  Hash  (cost=2569.73..2569.73 rows=31 width=4) (actual time=20.708..20.709 rows=31 loops=1)
                                             Buckets: 1024  Batches: 1  Memory Usage: 10kB
                                             Buffers: shared hit=1357 read=117
                                             ->  Seq Scan on date_dim  (cost=0.00..2569.73 rows=31 width=4) (actual time=11.312..20.691 rows=31 loops=1)
                                                   Filter: ((d_year = 2002) AND (d_moy = 3))
                                                   Rows Removed by Filter: 73018
                                                   Buffers: shared hit=1357 read=117
                                 ->  Index Scan using customer_pkey on customer  (cost=0.43..0.67 rows=1 width=16) (actual time=0.022..0.022 rows=1 loops=380176)
                                       Index Cond: (c_customer_sk = catalog_returns.cr_returning_customer_sk)
                                       Buffers: shared hit=1489612 read=828
                           ->  Memoize  (cost=0.29..0.31 rows=1 width=4) (actual time=0.001..0.001 rows=0 loops=372610)
                                 Cache Key: customer.c_current_hdemo_sk
                                 Cache Mode: logical
                                 Hits: 365410  Misses: 7200  Evictions: 0  Overflows: 0  Memory Usage: 521kB
                                 Buffers: shared hit=21597
                                 ->  Index Scan using household_demographics_pkey on household_demographics  (cost=0.28..0.30 rows=1 width=4) (actual time=0.015..0.015 rows=0 loops=7200)
                                       Index Cond: (hd_demo_sk = customer.c_current_hdemo_sk)
                                       Filter: (hd_buy_potential ~~ '5001-10000%'::text)
                                       Rows Removed by Filter: 1
                                       Buffers: shared hit=21597
                     ->  Index Scan using customer_demographics_pkey on customer_demographics  (cost=0.43..0.72 rows=1 width=4) (actual time=0.025..0.025 rows=0 loops=58943)
                           Index Cond: (cd_demo_sk = customer.c_current_cdemo_sk)
                           Filter: (((cd_marital_status = 'M'::bpchar) AND (cd_education_status = 'Unknown'::bpchar)) OR ((cd_marital_status = 'W'::bpchar) AND (cd_education_status = 'Advanced Degree'::bpchar)))
                           Rows Removed by Filter: 1
                           Buffers: shared hit=217210 read=14442
               ->  Index Scan using customer_address_pkey on customer_address  (cost=0.42..0.67 rows=1 width=4) (actual time=0.030..0.030 rows=0 loops=4183)
                     Index Cond: (ca_address_sk = customer.c_current_addr_sk)
                     Filter: (ca_gmt_offset = '-6'::numeric)
                     Rows Removed by Filter: 1
                     Buffers: shared hit=15649 read=1083
         ->  Hash  (cost=2.30..2.30 rows=30 width=48) (actual time=0.078..0.079 rows=30 loops=1)
               Buckets: 1024  Batches: 1  Memory Usage: 11kB
               Buffers: shared hit=2
               ->  Seq Scan on call_center  (cost=0.00..2.30 rows=30 width=48) (actual time=0.030..0.052 rows=30 loops=1)
                     Buffers: shared hit=2
 Planning:
   Buffers: shared hit=415
 Planning Time: 4.532 ms
 Execution Time: 16438.739 ms
(57 rows)

