                                                                                                  QUERY PLAN                                                                                                  
--------------------------------------------------------------------------------------------------------------------------------------------------------------------------------------------------------------
 Aggregate  (cost=715903.32..715903.33 rows=1 width=136) (actual time=13518.195..13518.201 rows=1 loops=1)
   Buffers: shared hit=1322038 read=421521
   ->  Nested Loop  (cost=2571.82..715903.18 rows=9 width=58) (actual time=1576.460..13516.295 rows=670 loops=1)
         Buffers: shared hit=1322038 read=421521
         ->  Nested Loop  (cost=2571.68..715901.79 rows=9 width=18) (actual time=1576.445..13506.444 rows=678 loops=1)
               Buffers: shared hit=1320698 read=421521
               ->  Nested Loop  (cost=2571.25..715788.62 rows=158 width=22) (actual time=1509.695..13392.937 rows=4829 loops=1)
                     Buffers: shared hit=1302748 read=420491
                     ->  Nested Loop  (cost=2570.83..714805.30 rows=1478 width=26) (actual time=1485.405..12339.685 rows=42937 loops=1)
                           Buffers: shared hit=1139723 read=411768
                           ->  Nested Loop  (cost=2570.54..712473.67 rows=8871 width=30) (actual time=1485.374..12016.107 rows=274293 loops=1)
                                 Buffers: shared hit=1118141 read=411768
                                 ->  Hash Join  (cost=2570.11..706541.60 rows=8871 width=22) (actual time=1485.312..5493.345 rows=279797 loops=1)
                                       Hash Cond: (catalog_returns.cr_returned_date_sk = date_dim.d_date_sk)
                                       Buffers: shared hit=21201 read=411536
                                       ->  Seq Scan on catalog_returns  (cost=0.00..647267.12 rows=21600412 width=26) (actual time=0.023..3623.243 rows=21598628 loops=1)
                                             Buffers: shared hit=19727 read=411536
                                       ->  Hash  (cost=2569.73..2569.73 rows=30 width=4) (actual time=21.588..21.589 rows=31 loops=1)
                                             Buckets: 1024  Batches: 1  Memory Usage: 10kB
                                             Buffers: shared hit=1474
                                             ->  Seq Scan on date_dim  (cost=0.00..2569.73 rows=30 width=4) (actual time=8.022..21.579 rows=31 loops=1)
                                                   Filter: ((d_year = 2001) AND (d_moy = 1))
                                                   Rows Removed by Filter: 73018
                                                   Buffers: shared hit=1474
                                 ->  Index Scan using customer_pkey on customer  (cost=0.43..0.67 rows=1 width=16) (actual time=0.023..0.023 rows=1 loops=279797)
                                       Index Cond: (c_customer_sk = catalog_returns.cr_returning_customer_sk)
                                       Buffers: shared hit=1096940 read=232
                           ->  Memoize  (cost=0.29..0.31 rows=1 width=4) (actual time=0.001..0.001 rows=0 loops=274293)
                                 Cache Key: customer.c_current_hdemo_sk
                                 Cache Mode: logical
                                 Hits: 267098  Misses: 7195  Evictions: 0  Overflows: 0  Memory Usage: 520kB
                                 Buffers: shared hit=21582
                                 ->  Index Scan using household_demographics_pkey on household_demographics  (cost=0.28..0.30 rows=1 width=4) (actual time=0.016..0.016 rows=0 loops=7195)
                                       Index Cond: (hd_demo_sk = customer.c_current_hdemo_sk)
                                       Filter: (hd_buy_potential ~~ '5001-10000%'::text)
                                       Rows Removed by Filter: 1
                                       Buffers: shared hit=21582
                     ->  Index Scan using customer_address_pkey on customer_address  (cost=0.42..0.67 rows=1 width=4) (actual time=0.024..0.024 rows=0 loops=42937)
                           Index Cond: (ca_address_sk = customer.c_current_addr_sk)
                           Filter: (ca_gmt_offset = '-7'::numeric)
                           Rows Removed by Filter: 1
                           Buffers: shared hit=163025 read=8723
               ->  Index Scan using customer_demographics_pkey on customer_demographics  (cost=0.43..0.72 rows=1 width=4) (actual time=0.023..0.023 rows=0 loops=4829)
                     Index Cond: (cd_demo_sk = customer.c_current_cdemo_sk)
                     Filter: (((cd_marital_status = 'M'::bpchar) AND (cd_education_status = 'Unknown'::bpchar)) OR ((cd_marital_status = 'W'::bpchar) AND (cd_education_status = 'Advanced Degree'::bpchar)))
                     Rows Removed by Filter: 1
                     Buffers: shared hit=17950 read=1030
         ->  Index Scan using call_center_pkey on call_center  (cost=0.14..0.16 rows=1 width=48) (actual time=0.013..0.013 rows=1 loops=678)
               Index Cond: (cc_call_center_sk = catalog_returns.cr_call_center_sk)
               Buffers: shared hit=1340
 Planning:
   Buffers: shared hit=415
 Planning Time: 2.167 ms
 Execution Time: 13518.668 ms
(54 rows)

