                                                                                                  QUERY PLAN                                                                                                  
--------------------------------------------------------------------------------------------------------------------------------------------------------------------------------------------------------------
 Aggregate  (cost=716146.24..716146.25 rows=1 width=136) (actual time=13482.550..13482.556 rows=1 loops=1)
   Buffers: shared hit=1349516 read=415323
   ->  Nested Loop  (cost=2571.83..716146.10 rows=9 width=58) (actual time=2199.534..13481.462 rows=316 loops=1)
         Buffers: shared hit=1349516 read=415323
         ->  Nested Loop  (cost=2571.69..716144.71 rows=9 width=18) (actual time=2199.511..13478.384 rows=317 loops=1)
               Buffers: shared hit=1348884 read=415323
               ->  Nested Loop  (cost=2571.27..716027.25 rows=164 width=22) (actual time=2177.558..13391.169 rows=3441 loops=1)
                     Buffers: shared hit=1336904 read=413799
                     ->  Nested Loop  (cost=2570.84..715010.66 rows=1528 width=26) (actual time=2177.531..12242.093 rows=46320 loops=1)
                           Buffers: shared hit=1157886 read=407537
                           ->  Nested Loop  (cost=2570.55..712671.62 rows=9167 width=30) (actual time=2174.528..11930.204 rows=277773 loops=1)
                                 Buffers: shared hit=1136292 read=407537
                                 ->  Hash Join  (cost=2570.12..706541.62 rows=9167 width=22) (actual time=2174.483..5429.731 rows=283537 loops=1)
                                       Hash Cond: (catalog_returns.cr_returned_date_sk = date_dim.d_date_sk)
                                       Buffers: shared hit=25285 read=407452
                                       ->  Seq Scan on catalog_returns  (cost=0.00..647267.12 rows=21600412 width=26) (actual time=0.052..3595.248 rows=21598628 loops=1)
                                             Buffers: shared hit=23811 read=407452
                                       ->  Hash  (cost=2569.73..2569.73 rows=31 width=4) (actual time=19.975..19.976 rows=31 loops=1)
                                             Buckets: 1024  Batches: 1  Memory Usage: 10kB
                                             Buffers: shared hit=1474
                                             ->  Seq Scan on date_dim  (cost=0.00..2569.73 rows=31 width=4) (actual time=10.724..19.961 rows=31 loops=1)
                                                   Filter: ((d_year = 2001) AND (d_moy = 10))
                                                   Rows Removed by Filter: 73018
                                                   Buffers: shared hit=1474
                                 ->  Index Scan using customer_pkey on customer  (cost=0.43..0.67 rows=1 width=16) (actual time=0.022..0.022 rows=1 loops=283537)
                                       Index Cond: (c_customer_sk = catalog_returns.cr_returning_customer_sk)
                                       Buffers: shared hit=1111007 read=85
                           ->  Memoize  (cost=0.29..0.31 rows=1 width=4) (actual time=0.001..0.001 rows=0 loops=277773)
                                 Cache Key: customer.c_current_hdemo_sk
                                 Cache Mode: logical
                                 Hits: 270574  Misses: 7199  Evictions: 0  Overflows: 0  Memory Usage: 521kB
                                 Buffers: shared hit=21594
                                 ->  Index Scan using household_demographics_pkey on household_demographics  (cost=0.28..0.30 rows=1 width=4) (actual time=0.014..0.014 rows=0 loops=7199)
                                       Index Cond: (hd_demo_sk = customer.c_current_hdemo_sk)
                                       Filter: (hd_buy_potential ~~ '501-1000%'::text)
                                       Rows Removed by Filter: 1
                                       Buffers: shared hit=21594
                     ->  Index Scan using customer_address_pkey on customer_address  (cost=0.42..0.67 rows=1 width=4) (actual time=0.024..0.024 rows=0 loops=46320)
                           Index Cond: (ca_address_sk = customer.c_current_addr_sk)
                           Filter: (ca_gmt_offset = '-7'::numeric)
                           Rows Removed by Filter: 1
                           Buffers: shared hit=179018 read=6262
               ->  Index Scan using customer_demographics_pkey on customer_demographics  (cost=0.43..0.72 rows=1 width=4) (actual time=0.025..0.025 rows=0 loops=3441)
                     Index Cond: (cd_demo_sk = customer.c_current_cdemo_sk)
                     Filter: (((cd_marital_status = 'M'::bpchar) AND (cd_education_status = 'Unknown'::bpchar)) OR ((cd_marital_status = 'W'::bpchar) AND (cd_education_status = 'Advanced Degree'::bpchar)))
                     Rows Removed by Filter: 1
                     Buffers: shared hit=11980 read=1524
         ->  Index Scan using call_center_pkey on call_center  (cost=0.14..0.16 rows=1 width=48) (actual time=0.008..0.008 rows=1 loops=317)
               Index Cond: (cc_call_center_sk = catalog_returns.cr_call_center_sk)
               Buffers: shared hit=632
 Planning:
   Buffers: shared hit=415
 Planning Time: 4.370 ms
 Execution Time: 13483.274 ms
(54 rows)

