                                                                                                     QUERY PLAN                                                                                                     
--------------------------------------------------------------------------------------------------------------------------------------------------------------------------------------------------------------------
 Aggregate  (cost=715921.76..715921.77 rows=1 width=136) (actual time=14778.150..14778.156 rows=1 loops=1)
   Buffers: shared hit=1501420 read=425644
   ->  Hash Join  (cost=2574.36..715921.22 rows=36 width=58) (actual time=14778.145..14778.151 rows=0 loops=1)
         Hash Cond: (catalog_returns.cr_call_center_sk = call_center.cc_call_center_sk)
         Buffers: shared hit=1501420 read=425644
         ->  Nested Loop  (cost=2571.68..715918.44 rows=36 width=18) (actual time=14778.073..14778.078 rows=0 loops=1)
               Buffers: shared hit=1501418 read=425644
               ->  Nested Loop  (cost=2571.26..715863.88 rows=82 width=22) (actual time=2249.481..14721.448 rows=2207 loops=1)
                     Buffers: shared hit=1492944 read=425290
                     ->  Nested Loop  (cost=2570.83..714805.30 rows=1478 width=26) (actual time=2249.453..13477.348 rows=49017 loops=1)
                           Buffers: shared hit=1317771 read=407983
                           ->  Nested Loop  (cost=2570.54..712473.67 rows=8871 width=30) (actual time=2248.247..13131.184 rows=317858 loops=1)
                                 Buffers: shared hit=1296186 read=407983
                                 ->  Hash Join  (cost=2570.11..706541.60 rows=8871 width=22) (actual time=2248.202..5546.037 rows=324351 loops=1)
                                       Hash Cond: (catalog_returns.cr_returned_date_sk = date_dim.d_date_sk)
                                       Buffers: shared hit=24879 read=407858
                                       ->  Seq Scan on catalog_returns  (cost=0.00..647267.12 rows=21600412 width=26) (actual time=0.149..3642.604 rows=21598628 loops=1)
                                             Buffers: shared hit=23405 read=407858
                                       ->  Hash  (cost=2569.73..2569.73 rows=30 width=4) (actual time=20.163..20.164 rows=31 loops=1)
                                             Buckets: 1024  Batches: 1  Memory Usage: 10kB
                                             Buffers: shared hit=1474
                                             ->  Seq Scan on date_dim  (cost=0.00..2569.73 rows=30 width=4) (actual time=9.871..20.145 rows=31 loops=1)
                                                   Filter: ((d_year = 2001) AND (d_moy = 12))
                                                   Rows Removed by Filter: 73018
                                                   Buffers: shared hit=1474
                                 ->  Index Scan using customer_pkey on customer  (cost=0.43..0.67 rows=1 width=16) (actual time=0.023..0.023 rows=1 loops=324351)
                                       Index Cond: (c_customer_sk = catalog_returns.cr_returning_customer_sk)
                                       Buffers: shared hit=1271307 read=125
                           ->  Memoize  (cost=0.29..0.31 rows=1 width=4) (actual time=0.001..0.001 rows=0 loops=317858)
                                 Cache Key: customer.c_current_hdemo_sk
                                 Cache Mode: logical
                                 Hits: 310662  Misses: 7196  Evictions: 0  Overflows: 0  Memory Usage: 521kB
                                 Buffers: shared hit=21585
                                 ->  Index Scan using household_demographics_pkey on household_demographics  (cost=0.28..0.30 rows=1 width=4) (actual time=0.015..0.015 rows=0 loops=7196)
                                       Index Cond: (hd_demo_sk = customer.c_current_hdemo_sk)
                                       Filter: (hd_buy_potential ~~ '0-500%'::text)
                                       Rows Removed by Filter: 1
                                       Buffers: shared hit=21585
                     ->  Index Scan using customer_demographics_pkey on customer_demographics  (cost=0.43..0.72 rows=1 width=4) (actual time=0.025..0.025 rows=0 loops=49017)
                           Index Cond: (cd_demo_sk = customer.c_current_cdemo_sk)
                           Filter: (((cd_marital_status = 'M'::bpchar) AND (cd_education_status = 'Unknown'::bpchar)) OR ((cd_marital_status = 'W'::bpchar) AND (cd_education_status = 'Advanced Degree'::bpchar)))
                           Rows Removed by Filter: 1
                           Buffers: shared hit=175173 read=17307
               ->  Index Scan using customer_address_pkey on customer_address  (cost=0.42..0.67 rows=1 width=4) (actual time=0.025..0.025 rows=0 loops=2207)
                     Index Cond: (ca_address_sk = customer.c_current_addr_sk)
                     Filter: (ca_gmt_offset = '-6'::numeric)
                     Rows Removed by Filter: 1
                     Buffers: shared hit=8474 read=354
         ->  Hash  (cost=2.30..2.30 rows=30 width=48) (actual time=0.053..0.054 rows=30 loops=1)
               Buckets: 1024  Batches: 1  Memory Usage: 11kB
               Buffers: shared hit=2
               ->  Seq Scan on call_center  (cost=0.00..2.30 rows=30 width=48) (actual time=0.022..0.035 rows=30 loops=1)
                     Buffers: shared hit=2
 Planning:
   Buffers: shared hit=415
 Planning Time: 4.498 ms
 Execution Time: 14778.974 ms
(57 rows)

