                                                                                                  QUERY PLAN                                                                                                  
--------------------------------------------------------------------------------------------------------------------------------------------------------------------------------------------------------------
 Aggregate  (cost=715903.32..715903.33 rows=1 width=136) (actual time=7181.022..7181.028 rows=1 loops=1)
   Buffers: shared hit=419669 read=406603
   ->  Nested Loop  (cost=2571.82..715903.18 rows=9 width=58) (actual time=36.705..7180.554 rows=165 loops=1)
         Buffers: shared hit=419669 read=406603
         ->  Nested Loop  (cost=2571.68..715901.79 rows=9 width=18) (actual time=36.690..7178.393 rows=168 loops=1)
               Buffers: shared hit=419339 read=406603
               ->  Nested Loop  (cost=2571.25..715788.62 rows=158 width=22) (actual time=24.250..7140.787 rows=1601 loops=1)
                     Buffers: shared hit=413594 read=406080
                     ->  Nested Loop  (cost=2570.83..714805.30 rows=1478 width=26) (actual time=24.209..6836.612 rows=12061 loops=1)
                           Buffers: shared hit=367457 read=403973
                           ->  Nested Loop  (cost=2570.54..712473.67 rows=8871 width=30) (actual time=23.711..6664.355 rows=79319 loops=1)
                                 Buffers: shared hit=346040 read=403973
                                 ->  Hash Join  (cost=2570.11..706541.60 rows=8871 width=22) (actual time=23.650..4858.094 rows=80947 loops=1)
                                       Hash Cond: (catalog_returns.cr_returned_date_sk = date_dim.d_date_sk)
                                       Buffers: shared hit=28795 read=403942
                                       ->  Seq Scan on catalog_returns  (cost=0.00..647267.12 rows=21600412 width=26) (actual time=0.218..3251.784 rows=21598628 loops=1)
                                             Buffers: shared hit=27448 read=403815
                                       ->  Hash  (cost=2569.73..2569.73 rows=30 width=4) (actual time=23.388..23.389 rows=30 loops=1)
                                             Buckets: 1024  Batches: 1  Memory Usage: 10kB
                                             Buffers: shared hit=1347 read=127
                                             ->  Seq Scan on date_dim  (cost=0.00..2569.73 rows=30 width=4) (actual time=13.532..23.373 rows=30 loops=1)
                                                   Filter: ((d_year = 1998) AND (d_moy = 4))
                                                   Rows Removed by Filter: 73019
                                                   Buffers: shared hit=1347 read=127
                                 ->  Index Scan using customer_pkey on customer  (cost=0.43..0.67 rows=1 width=16) (actual time=0.022..0.022 rows=1 loops=80947)
                                       Index Cond: (c_customer_sk = catalog_returns.cr_returning_customer_sk)
                                       Buffers: shared hit=317245 read=31
                           ->  Memoize  (cost=0.29..0.31 rows=1 width=4) (actual time=0.002..0.002 rows=0 loops=79319)
                                 Cache Key: customer.c_current_hdemo_sk
                                 Cache Mode: logical
                                 Hits: 72179  Misses: 7140  Evictions: 0  Overflows: 0  Memory Usage: 517kB
                                 Buffers: shared hit=21417
                                 ->  Index Scan using household_demographics_pkey on household_demographics  (cost=0.28..0.30 rows=1 width=4) (actual time=0.016..0.016 rows=0 loops=7140)
                                       Index Cond: (hd_demo_sk = customer.c_current_hdemo_sk)
                                       Filter: (hd_buy_potential ~~ '0-500%'::text)
                                       Rows Removed by Filter: 1
                                       Buffers: shared hit=21417
                     ->  Index Scan using customer_address_pkey on customer_address  (cost=0.42..0.67 rows=1 width=4) (actual time=0.025..0.025 rows=0 loops=12061)
                           Index Cond: (ca_address_sk = customer.c_current_addr_sk)
                           Filter: (ca_gmt_offset = '-7'::numeric)
                           Rows Removed by Filter: 1
                           Buffers: shared hit=46137 read=2107
               ->  Index Scan using customer_demographics_pkey on customer_demographics  (cost=0.43..0.72 rows=1 width=4) (actual time=0.023..0.023 rows=0 loops=1601)
                     Index Cond: (cd_demo_sk = customer.c_current_cdemo_sk)
                     Filter: (((cd_marital_status = 'M'::bpchar) AND (cd_education_status = 'Unknown'::bpchar)) OR ((cd_marital_status = 'W'::bpchar) AND (cd_education_status = 'Advanced Degree'::bpchar)))
                     Rows Removed by Filter: 1
                     Buffers: shared hit=5745 read=523
         ->  Index Scan using call_center_pkey on call_center  (cost=0.14..0.16 rows=1 width=48) (actual time=0.011..0.011 rows=1 loops=168)
               Index Cond: (cc_call_center_sk = catalog_returns.cr_call_center_sk)
               Buffers: shared hit=330
 Planning:
   Buffers: shared hit=415
 Planning Time: 4.362 ms
 Execution Time: 7181.803 ms
(54 rows)

