                                                                                                  QUERY PLAN                                                                                                  
--------------------------------------------------------------------------------------------------------------------------------------------------------------------------------------------------------------
 Aggregate  (cost=715903.32..715903.33 rows=1 width=136) (actual time=14322.144..14322.150 rows=1 loops=1)
   Buffers: shared hit=1479550 read=419661
   ->  Nested Loop  (cost=2571.82..715903.18 rows=9 width=58) (actual time=1784.880..14319.913 rows=796 loops=1)
         Buffers: shared hit=1479550 read=419661
         ->  Nested Loop  (cost=2571.68..715901.79 rows=9 width=18) (actual time=1784.862..14310.016 rows=803 loops=1)
               Buffers: shared hit=1477958 read=419661
               ->  Nested Loop  (cost=2571.25..715788.62 rows=158 width=22) (actual time=1784.833..14150.126 rows=6320 loops=1)
                     Buffers: shared hit=1455537 read=417286
                     ->  Nested Loop  (cost=2570.83..714805.30 rows=1478 width=26) (actual time=1765.626..12975.403 rows=46828 loops=1)
                           Buffers: shared hit=1276685 read=408826
                           ->  Nested Loop  (cost=2570.54..712473.67 rows=8871 width=30) (actual time=1763.534..12636.828 rows=307795 loops=1)
                                 Buffers: shared hit=1255091 read=408826
                                 ->  Hash Join  (cost=2570.11..706541.60 rows=8871 width=22) (actual time=1763.488..5514.395 rows=314076 loops=1)
                                       Hash Cond: (catalog_returns.cr_returned_date_sk = date_dim.d_date_sk)
                                       Buffers: shared hit=23987 read=408750
                                       ->  Seq Scan on catalog_returns  (cost=0.00..647267.12 rows=21600412 width=26) (actual time=0.038..3643.496 rows=21598628 loops=1)
                                             Buffers: shared hit=22513 read=408750
                                       ->  Hash  (cost=2569.73..2569.73 rows=30 width=4) (actual time=21.409..21.410 rows=30 loops=1)
                                             Buckets: 1024  Batches: 1  Memory Usage: 10kB
                                             Buffers: shared hit=1474
                                             ->  Seq Scan on date_dim  (cost=0.00..2569.73 rows=30 width=4) (actual time=9.492..21.396 rows=30 loops=1)
                                                   Filter: ((d_year = 2001) AND (d_moy = 6))
                                                   Rows Removed by Filter: 73019
                                                   Buffers: shared hit=1474
                                 ->  Index Scan using customer_pkey on customer  (cost=0.43..0.67 rows=1 width=16) (actual time=0.022..0.022 rows=1 loops=314076)
                                       Index Cond: (c_customer_sk = catalog_returns.cr_returning_customer_sk)
                                       Buffers: shared hit=1231104 read=76
                           ->  Memoize  (cost=0.29..0.31 rows=1 width=4) (actual time=0.001..0.001 rows=0 loops=307795)
                                 Cache Key: customer.c_current_hdemo_sk
                                 Cache Mode: logical
                                 Hits: 300596  Misses: 7199  Evictions: 0  Overflows: 0  Memory Usage: 521kB
                                 Buffers: shared hit=21594
                                 ->  Index Scan using household_demographics_pkey on household_demographics  (cost=0.28..0.30 rows=1 width=4) (actual time=0.015..0.015 rows=0 loops=7199)
                                       Index Cond: (hd_demo_sk = customer.c_current_hdemo_sk)
                                       Filter: (hd_buy_potential ~~ '0-500%'::text)
                                       Rows Removed by Filter: 1
                                       Buffers: shared hit=21594
                     ->  Index Scan using customer_address_pkey on customer_address  (cost=0.42..0.67 rows=1 width=4) (actual time=0.025..0.025 rows=0 loops=46828)
                           Index Cond: (ca_address_sk = customer.c_current_addr_sk)
                           Filter: (ca_gmt_offset = '-7'::numeric)
                           Rows Removed by Filter: 1
                           Buffers: shared hit=178852 read=8460
               ->  Index Scan using customer_demographics_pkey on customer_demographics  (cost=0.43..0.72 rows=1 width=4) (actual time=0.025..0.025 rows=0 loops=6320)
                     Index Cond: (cd_demo_sk = customer.c_current_cdemo_sk)
                     Filter: (((cd_marital_status = 'M'::bpchar) AND (cd_education_status = 'Unknown'::bpchar)) OR ((cd_marital_status = 'W'::bpchar) AND (cd_education_status = 'Advanced Degree'::bpchar)))
                     Rows Removed by Filter: 1
                     Buffers: shared hit=22421 read=2375
         ->  Index Scan using call_center_pkey on call_center  (cost=0.14..0.16 rows=1 width=48) (actual time=0.011..0.011 rows=1 loops=803)
               Index Cond: (cc_call_center_sk = catalog_returns.cr_call_center_sk)
               Buffers: shared hit=1592
 Planning:
   Buffers: shared hit=415
 Planning Time: 3.852 ms
 Execution Time: 14322.880 ms
(54 rows)

