                                                                                                  QUERY PLAN                                                                                                  
--------------------------------------------------------------------------------------------------------------------------------------------------------------------------------------------------------------
 Aggregate  (cost=715903.32..715903.33 rows=1 width=136) (actual time=11321.234..11321.241 rows=1 loops=1)
   Buffers: shared hit=1013817 read=411351
   ->  Nested Loop  (cost=2571.82..715903.18 rows=9 width=58) (actual time=11321.230..11321.236 rows=0 loops=1)
         Buffers: shared hit=1013817 read=411351
         ->  Nested Loop  (cost=2571.68..715901.79 rows=9 width=18) (actual time=11321.229..11321.235 rows=0 loops=1)
               Buffers: shared hit=1013817 read=411351
               ->  Nested Loop  (cost=2571.25..715788.62 rows=158 width=22) (actual time=251.391..11240.341 rows=3057 loops=1)
                     Buffers: shared hit=1003157 read=410019
                     ->  Nested Loop  (cost=2570.83..714805.30 rows=1478 width=26) (actual time=251.361..10517.818 rows=28919 loops=1)
                           Buffers: shared hit=892020 read=405480
                           ->  Nested Loop  (cost=2570.54..712473.67 rows=8871 width=30) (actual time=246.762..10241.298 rows=210796 loops=1)
                                 Buffers: shared hit=870441 read=405480
                                 ->  Hash Join  (cost=2570.11..706541.60 rows=8871 width=22) (actual time=246.700..5283.854 rows=215069 loops=1)
                                       Hash Cond: (catalog_returns.cr_returned_date_sk = date_dim.d_date_sk)
                                       Buffers: shared hit=27331 read=405406
                                       ->  Seq Scan on catalog_returns  (cost=0.00..647267.12 rows=21600412 width=26) (actual time=0.418..3479.102 rows=21598628 loops=1)
                                             Buffers: shared hit=25857 read=405406
                                       ->  Hash  (cost=2569.73..2569.73 rows=30 width=4) (actual time=19.123..19.124 rows=31 loops=1)
                                             Buckets: 1024  Batches: 1  Memory Usage: 10kB
                                             Buffers: shared hit=1474
                                             ->  Seq Scan on date_dim  (cost=0.00..2569.73 rows=30 width=4) (actual time=11.090..19.110 rows=31 loops=1)
                                                   Filter: ((d_year = 1999) AND (d_moy = 1))
                                                   Rows Removed by Filter: 73018
                                                   Buffers: shared hit=1474
                                 ->  Index Scan using customer_pkey on customer  (cost=0.43..0.67 rows=1 width=16) (actual time=0.022..0.022 rows=1 loops=215069)
                                       Index Cond: (c_customer_sk = catalog_returns.cr_returning_customer_sk)
                                       Buffers: shared hit=843110 read=74
                           ->  Memoize  (cost=0.29..0.31 rows=1 width=4) (actual time=0.001..0.001 rows=0 loops=210796)
                                 Cache Key: customer.c_current_hdemo_sk
                                 Cache Mode: logical
                                 Hits: 203602  Misses: 7194  Evictions: 0  Overflows: 0  Memory Usage: 520kB
                                 Buffers: shared hit=21579
                                 ->  Index Scan using household_demographics_pkey on household_demographics  (cost=0.28..0.30 rows=1 width=4) (actual time=0.016..0.016 rows=0 loops=7194)
                                       Index Cond: (hd_demo_sk = customer.c_current_hdemo_sk)
                                       Filter: (hd_buy_potential ~~ '1001-5000%'::text)
                                       Rows Removed by Filter: 1
                                       Buffers: shared hit=21579
                     ->  Index Scan using customer_address_pkey on customer_address  (cost=0.42..0.67 rows=1 width=4) (actual time=0.025..0.025 rows=0 loops=28919)
                           Index Cond: (ca_address_sk = customer.c_current_addr_sk)
                           Filter: (ca_gmt_offset = '-7'::numeric)
                           Rows Removed by Filter: 1
                           Buffers: shared hit=111137 read=4539
               ->  Index Scan using customer_demographics_pkey on customer_demographics  (cost=0.43..0.72 rows=1 width=4) (actual time=0.026..0.026 rows=0 loops=3057)
                     Index Cond: (cd_demo_sk = customer.c_current_cdemo_sk)
                     Filter: (((cd_marital_status = 'M'::bpchar) AND (cd_education_status = 'Unknown'::bpchar)) OR ((cd_marital_status = 'W'::bpchar) AND (cd_education_status = 'Advanced Degree'::bpchar)))
                     Rows Removed by Filter: 1
                     Buffers: shared hit=10660 read=1332
         ->  Index Scan using call_center_pkey on call_center  (cost=0.14..0.16 rows=1 width=48) (never executed)
               Index Cond: (cc_call_center_sk = catalog_returns.cr_call_center_sk)
 Planning:
   Buffers: shared hit=415
 Planning Time: 5.199 ms
 Execution Time: 11322.095 ms
(53 rows)

