                                                                                                  QUERY PLAN                                                                                                  
--------------------------------------------------------------------------------------------------------------------------------------------------------------------------------------------------------------
 Aggregate  (cost=716146.24..716146.25 rows=1 width=136) (actual time=6014.120..6014.126 rows=1 loops=1)
   Buffers: shared hit=217098 read=397216
   ->  Nested Loop  (cost=2571.83..716146.10 rows=9 width=58) (actual time=21.408..6013.892 rows=75 loops=1)
         Buffers: shared hit=217098 read=397216
         ->  Nested Loop  (cost=2571.69..716144.71 rows=9 width=18) (actual time=21.387..6012.831 rows=78 loops=1)
               Buffers: shared hit=216948 read=397216
               ->  Nested Loop  (cost=2571.27..716027.25 rows=164 width=22) (actual time=21.229..5994.502 rows=651 loops=1)
                     Buffers: shared hit=214826 read=396782
                     ->  Nested Loop  (cost=2570.84..715010.66 rows=1528 width=26) (actual time=20.519..5861.861 rows=5481 loops=1)
                           Buffers: shared hit=193620 read=396064
                           ->  Nested Loop  (cost=2570.55..712671.62 rows=9167 width=30) (actual time=20.194..5719.809 rows=34091 loops=1)
                                 Buffers: shared hit=173037 read=396064
                                 ->  Hash Join  (cost=2570.12..706541.62 rows=9167 width=22) (actual time=20.138..4893.576 rows=34783 loops=1)
                                       Hash Cond: (catalog_returns.cr_returned_date_sk = date_dim.d_date_sk)
                                       Buffers: shared hit=36684 read=396053
                                       ->  Seq Scan on catalog_returns  (cost=0.00..647267.12 rows=21600412 width=26) (actual time=0.338..3287.960 rows=21598628 loops=1)
                                             Buffers: shared hit=35210 read=396053
                                       ->  Hash  (cost=2569.73..2569.73 rows=31 width=4) (actual time=19.770..19.771 rows=31 loops=1)
                                             Buckets: 1024  Batches: 1  Memory Usage: 10kB
                                             Buffers: shared hit=1474
                                             ->  Seq Scan on date_dim  (cost=0.00..2569.73 rows=31 width=4) (actual time=9.888..19.739 rows=31 loops=1)
                                                   Filter: ((d_year = 1998) AND (d_moy = 3))
                                                   Rows Removed by Filter: 73018
                                                   Buffers: shared hit=1474
                                 ->  Index Scan using customer_pkey on customer  (cost=0.43..0.67 rows=1 width=16) (actual time=0.023..0.023 rows=1 loops=34783)
                                       Index Cond: (c_customer_sk = catalog_returns.cr_returning_customer_sk)
                                       Buffers: shared hit=136353 read=11
                           ->  Memoize  (cost=0.29..0.31 rows=1 width=4) (actual time=0.004..0.004 rows=0 loops=34091)
                                 Cache Key: customer.c_current_hdemo_sk
                                 Cache Mode: logical
                                 Hits: 27229  Misses: 6862  Evictions: 0  Overflows: 0  Memory Usage: 496kB
                                 Buffers: shared hit=20583
                                 ->  Index Scan using household_demographics_pkey on household_demographics  (cost=0.28..0.30 rows=1 width=4) (actual time=0.017..0.017 rows=0 loops=6862)
                                       Index Cond: (hd_demo_sk = customer.c_current_hdemo_sk)
                                       Filter: (hd_buy_potential ~~ '5001-10000%'::text)
                                       Rows Removed by Filter: 1
                                       Buffers: shared hit=20583
                     ->  Index Scan using customer_address_pkey on customer_address  (cost=0.42..0.67 rows=1 width=4) (actual time=0.024..0.024 rows=0 loops=5481)
                           Index Cond: (ca_address_sk = customer.c_current_addr_sk)
                           Filter: (ca_gmt_offset = '-7'::numeric)
                           Rows Removed by Filter: 1
                           Buffers: shared hit=21206 read=718
               ->  Index Scan using customer_demographics_pkey on customer_demographics  (cost=0.43..0.72 rows=1 width=4) (actual time=0.028..0.028 rows=0 loops=651)
                     Index Cond: (cd_demo_sk = customer.c_current_cdemo_sk)
                     Filter: (((cd_marital_status = 'M'::bpchar) AND (cd_education_status = 'Unknown'::bpchar)) OR ((cd_marital_status = 'W'::bpchar) AND (cd_education_status = 'Advanced Degree'::bpchar)))
                     Rows Removed by Filter: 1
                     Buffers: shared hit=2122 read=434
         ->  Index Scan using call_center_pkey on call_center  (cost=0.14..0.16 rows=1 width=48) (actual time=0.012..0.012 rows=1 loops=78)
               Index Cond: (cc_call_center_sk = catalog_returns.cr_call_center_sk)
               Buffers: shared hit=150
 Planning:
   Buffers: shared hit=415
 Planning Time: 3.932 ms
 Execution Time: 6014.700 ms
(54 rows)

