                                                                                                  QUERY PLAN                                                                                                  
--------------------------------------------------------------------------------------------------------------------------------------------------------------------------------------------------------------
 Aggregate  (cost=715903.32..715903.33 rows=1 width=136) (actual time=14484.556..14484.562 rows=1 loops=1)
   Buffers: shared hit=1490227 read=424839
   ->  Nested Loop  (cost=2571.82..715903.18 rows=9 width=58) (actual time=2940.616..14483.225 rows=378 loops=1)
         Buffers: shared hit=1490227 read=424839
         ->  Nested Loop  (cost=2571.68..715901.79 rows=9 width=18) (actual time=2940.600..14478.073 rows=380 loops=1)
               Buffers: shared hit=1489471 read=424839
               ->  Nested Loop  (cost=2571.25..715788.62 rows=158 width=22) (actual time=2841.004..14331.454 rows=5503 loops=1)
                     Buffers: shared hit=1469022 read=423672
                     ->  Nested Loop  (cost=2570.83..714805.30 rows=1478 width=26) (actual time=2830.470..12957.307 rows=54174 loops=1)
                           Buffers: shared hit=1273254 read=402744
                           ->  Nested Loop  (cost=2570.54..712473.67 rows=8871 width=30) (actual time=2829.848..12620.272 rows=305416 loops=1)
                                 Buffers: shared hit=1251657 read=402744
                                 ->  Hash Join  (cost=2570.11..706541.60 rows=8871 width=22) (actual time=2829.803..5528.674 rows=311605 loops=1)
                                       Hash Cond: (catalog_returns.cr_returned_date_sk = date_dim.d_date_sk)
                                       Buffers: shared hit=30349 read=402388
                                       ->  Seq Scan on catalog_returns  (cost=0.00..647267.12 rows=21600412 width=26) (actual time=0.184..3626.318 rows=21598628 loops=1)
                                             Buffers: shared hit=30097 read=401166
                                       ->  Hash  (cost=2569.73..2569.73 rows=30 width=4) (actual time=23.457..23.458 rows=30 loops=1)
                                             Buckets: 1024  Batches: 1  Memory Usage: 10kB
                                             Buffers: shared hit=252 read=1222
                                             ->  Seq Scan on date_dim  (cost=0.00..2569.73 rows=30 width=4) (actual time=14.446..23.442 rows=30 loops=1)
                                                   Filter: ((d_year = 2002) AND (d_moy = 9))
                                                   Rows Removed by Filter: 73019
                                                   Buffers: shared hit=252 read=1222
                                 ->  Index Scan using customer_pkey on customer  (cost=0.43..0.67 rows=1 width=16) (actual time=0.022..0.022 rows=1 loops=311605)
                                       Index Cond: (c_customer_sk = catalog_returns.cr_returning_customer_sk)
                                       Buffers: shared hit=1221308 read=356
                           ->  Memoize  (cost=0.29..0.31 rows=1 width=4) (actual time=0.001..0.001 rows=0 loops=305416)
                                 Cache Key: customer.c_current_hdemo_sk
                                 Cache Mode: logical
                                 Hits: 298216  Misses: 7200  Evictions: 0  Overflows: 0  Memory Usage: 521kB
                                 Buffers: shared hit=21597
                                 ->  Index Scan using household_demographics_pkey on household_demographics  (cost=0.28..0.30 rows=1 width=4) (actual time=0.015..0.015 rows=0 loops=7200)
                                       Index Cond: (hd_demo_sk = customer.c_current_hdemo_sk)
                                       Filter: (hd_buy_potential ~~ '>10000%'::text)
                                       Rows Removed by Filter: 1
                                       Buffers: shared hit=21597
                     ->  Index Scan using customer_address_pkey on customer_address  (cost=0.42..0.67 rows=1 width=4) (actual time=0.025..0.025 rows=0 loops=54174)
                           Index Cond: (ca_address_sk = customer.c_current_addr_sk)
                           Filter: (ca_gmt_offset = '-7'::numeric)
                           Rows Removed by Filter: 1
                           Buffers: shared hit=195768 read=20928
               ->  Index Scan using customer_demographics_pkey on customer_demographics  (cost=0.43..0.72 rows=1 width=4) (actual time=0.026..0.026 rows=0 loops=5503)
                     Index Cond: (cd_demo_sk = customer.c_current_cdemo_sk)
                     Filter: (((cd_marital_status = 'M'::bpchar) AND (cd_education_status = 'Unknown'::bpchar)) OR ((cd_marital_status = 'W'::bpchar) AND (cd_education_status = 'Advanced Degree'::bpchar)))
                     Rows Removed by Filter: 1
                     Buffers: shared hit=20449 read=1167
         ->  Index Scan using call_center_pkey on call_center  (cost=0.14..0.16 rows=1 width=48) (actual time=0.012..0.012 rows=1 loops=380)
               Index Cond: (cc_call_center_sk = catalog_returns.cr_call_center_sk)
               Buffers: shared hit=756
 Planning:
   Buffers: shared hit=415
 Planning Time: 6.433 ms
 Execution Time: 14485.455 ms
(54 rows)

