                                                                                                     QUERY PLAN                                                                                                     
--------------------------------------------------------------------------------------------------------------------------------------------------------------------------------------------------------------------
 Aggregate  (cost=716164.96..716164.97 rows=1 width=136) (actual time=13764.298..13764.305 rows=1 loops=1)
   Buffers: shared hit=1371294 read=419427
   ->  Hash Join  (cost=2574.37..716164.39 rows=38 width=58) (actual time=13764.294..13764.300 rows=0 loops=1)
         Hash Cond: (catalog_returns.cr_call_center_sk = call_center.cc_call_center_sk)
         Buffers: shared hit=1371294 read=419427
         ->  Nested Loop  (cost=2571.69..716161.60 rows=38 width=18) (actual time=13764.203..13764.208 rows=0 loops=1)
               Buffers: shared hit=1371292 read=419427
               ->  Nested Loop  (cost=2571.27..716105.05 rows=85 width=22) (actual time=1920.365..13705.231 rows=1949 loops=1)
                     Buffers: shared hit=1364040 read=418883
                     ->  Nested Loop  (cost=2570.84..715010.66 rows=1528 width=26) (actual time=1908.583..12605.075 rows=44516 loops=1)
                           Buffers: shared hit=1198476 read=409771
                           ->  Nested Loop  (cost=2570.55..712671.62 rows=9167 width=30) (actual time=1906.943..12284.401 rows=288479 loops=1)
                                 Buffers: shared hit=1176882 read=409771
                                 ->  Hash Join  (cost=2570.12..706541.62 rows=9167 width=22) (actual time=1906.903..5458.757 rows=294395 loops=1)
                                       Hash Cond: (catalog_returns.cr_returned_date_sk = date_dim.d_date_sk)
                                       Buffers: shared hit=23213 read=409524
                                       ->  Seq Scan on catalog_returns  (cost=0.00..647267.12 rows=21600412 width=26) (actual time=0.045..3666.887 rows=21598628 loops=1)
                                             Buffers: shared hit=22118 read=409145
                                       ->  Hash  (cost=2569.73..2569.73 rows=31 width=4) (actual time=22.769..22.770 rows=31 loops=1)
                                             Buckets: 1024  Batches: 1  Memory Usage: 10kB
                                             Buffers: shared hit=1095 read=379
                                             ->  Seq Scan on date_dim  (cost=0.00..2569.73 rows=31 width=4) (actual time=15.525..22.750 rows=31 loops=1)
                                                   Filter: ((d_year = 2001) AND (d_moy = 8))
                                                   Rows Removed by Filter: 73018
                                                   Buffers: shared hit=1095 read=379
                                 ->  Index Scan using customer_pkey on customer  (cost=0.43..0.67 rows=1 width=16) (actual time=0.023..0.023 rows=1 loops=294395)
                                       Index Cond: (c_customer_sk = catalog_returns.cr_returning_customer_sk)
                                       Buffers: shared hit=1153669 read=247
                           ->  Memoize  (cost=0.29..0.31 rows=1 width=4) (actual time=0.001..0.001 rows=0 loops=288479)
                                 Cache Key: customer.c_current_hdemo_sk
                                 Cache Mode: logical
                                 Hits: 281280  Misses: 7199  Evictions: 0  Overflows: 0  Memory Usage: 521kB
                                 Buffers: shared hit=21594
                                 ->  Index Scan using household_demographics_pkey on household_demographics  (cost=0.28..0.30 rows=1 width=4) (actual time=0.014..0.014 rows=0 loops=7199)
                                       Index Cond: (hd_demo_sk = customer.c_current_hdemo_sk)
                                       Filter: (hd_buy_potential ~~ '0-500%'::text)
                                       Rows Removed by Filter: 1
                                       Buffers: shared hit=21594
                     ->  Index Scan using customer_demographics_pkey on customer_demographics  (cost=0.43..0.72 rows=1 width=4) (actual time=0.024..0.024 rows=0 loops=44516)
                           Index Cond: (cd_demo_sk = customer.c_current_cdemo_sk)
                           Filter: (((cd_marital_status = 'M'::bpchar) AND (cd_education_status = 'Unknown'::bpchar)) OR ((cd_marital_status = 'W'::bpchar) AND (cd_education_status = 'Advanced Degree'::bpchar)))
                           Rows Removed by Filter: 1
                           Buffers: shared hit=165564 read=9112
               ->  Index Scan using customer_address_pkey on customer_address  (cost=0.42..0.67 rows=1 width=4) (actual time=0.030..0.030 rows=0 loops=1949)
                     Index Cond: (ca_address_sk = customer.c_current_addr_sk)
                     Filter: (ca_gmt_offset = '-6'::numeric)
                     Rows Removed by Filter: 1
                     Buffers: shared hit=7252 read=544
         ->  Hash  (cost=2.30..2.30 rows=30 width=48) (actual time=0.071..0.071 rows=30 loops=1)
               Buckets: 1024  Batches: 1  Memory Usage: 11kB
               Buffers: shared hit=2
               ->  Seq Scan on call_center  (cost=0.00..2.30 rows=30 width=48) (actual time=0.025..0.044 rows=30 loops=1)
                     Buffers: shared hit=2
 Planning:
   Buffers: shared hit=384 read=31
 Planning Time: 5.640 ms
 Execution Time: 13764.973 ms
(57 rows)

