                                                                                                     QUERY PLAN                                                                                                     
--------------------------------------------------------------------------------------------------------------------------------------------------------------------------------------------------------------------
 Aggregate  (cost=716164.96..716164.97 rows=1 width=136) (actual time=14811.235..14811.243 rows=1 loops=1)
   Buffers: shared hit=1544010 read=415186
   ->  Hash Join  (cost=2574.37..716164.39 rows=38 width=58) (actual time=1585.428..14805.254 rows=3001 loops=1)
         Hash Cond: (catalog_returns.cr_call_center_sk = call_center.cc_call_center_sk)
         Buffers: shared hit=1544010 read=415186
         ->  Nested Loop  (cost=2571.69..716161.60 rows=38 width=18) (actual time=1585.313..14802.885 rows=3034 loops=1)
               Buffers: shared hit=1544008 read=415186
               ->  Nested Loop  (cost=2571.27..716105.05 rows=85 width=22) (actual time=1585.280..14697.779 rows=3651 loops=1)
                     Buffers: shared hit=1530716 read=413874
                     ->  Nested Loop  (cost=2570.84..715010.66 rows=1528 width=26) (actual time=1575.081..13569.220 rows=44827 loops=1)
                           Buffers: shared hit=1362784 read=405934
                           ->  Nested Loop  (cost=2570.55..712671.62 rows=9167 width=30) (actual time=1573.266..13223.927 rows=328596 loops=1)
                                 Buffers: shared hit=1341187 read=405934
                                 ->  Hash Join  (cost=2570.12..706541.62 rows=9167 width=22) (actual time=1573.212..5428.411 rows=335231 loops=1)
                                       Hash Cond: (catalog_returns.cr_returned_date_sk = date_dim.d_date_sk)
                                       Buffers: shared hit=27015 read=405722
                                       ->  Seq Scan on catalog_returns  (cost=0.00..647267.12 rows=21600412 width=26) (actual time=0.028..3545.485 rows=21598628 loops=1)
                                             Buffers: shared hit=25541 read=405722
                                       ->  Hash  (cost=2569.73..2569.73 rows=31 width=4) (actual time=19.735..19.736 rows=31 loops=1)
                                             Buckets: 1024  Batches: 1  Memory Usage: 10kB
                                             Buffers: shared hit=1474
                                             ->  Seq Scan on date_dim  (cost=0.00..2569.73 rows=31 width=4) (actual time=10.641..19.719 rows=31 loops=1)
                                                   Filter: ((d_year = 2001) AND (d_moy = 3))
                                                   Rows Removed by Filter: 73018
                                                   Buffers: shared hit=1474
                                 ->  Index Scan using customer_pkey on customer  (cost=0.43..0.67 rows=1 width=16) (actual time=0.023..0.023 rows=1 loops=335231)
                                       Index Cond: (c_customer_sk = catalog_returns.cr_returning_customer_sk)
                                       Buffers: shared hit=1314172 read=212
                           ->  Memoize  (cost=0.29..0.31 rows=1 width=4) (actual time=0.001..0.001 rows=0 loops=328596)
                                 Cache Key: customer.c_current_hdemo_sk
                                 Cache Mode: logical
                                 Hits: 321396  Misses: 7200  Evictions: 0  Overflows: 0  Memory Usage: 521kB
                                 Buffers: shared hit=21597
                                 ->  Index Scan using household_demographics_pkey on household_demographics  (cost=0.28..0.30 rows=1 width=4) (actual time=0.013..0.013 rows=0 loops=7200)
                                       Index Cond: (hd_demo_sk = customer.c_current_hdemo_sk)
                                       Filter: (hd_buy_potential ~~ '1001-5000%'::text)
                                       Rows Removed by Filter: 1
                                       Buffers: shared hit=21597
                     ->  Index Scan using customer_demographics_pkey on customer_demographics  (cost=0.43..0.72 rows=1 width=4) (actual time=0.025..0.025 rows=0 loops=44827)
                           Index Cond: (cd_demo_sk = customer.c_current_cdemo_sk)
                           Filter: (((cd_marital_status = 'M'::bpchar) AND (cd_education_status = 'Unknown'::bpchar)) OR ((cd_marital_status = 'W'::bpchar) AND (cd_education_status = 'Advanced Degree'::bpchar)))
                           Rows Removed by Filter: 1
                           Buffers: shared hit=167932 read=7940
               ->  Index Scan using customer_address_pkey on customer_address  (cost=0.42..0.67 rows=1 width=4) (actual time=0.028..0.028 rows=1 loops=3651)
                     Index Cond: (ca_address_sk = customer.c_current_addr_sk)
                     Filter: (ca_gmt_offset = '-6'::numeric)
                     Rows Removed by Filter: 0
                     Buffers: shared hit=13292 read=1312
         ->  Hash  (cost=2.30..2.30 rows=30 width=48) (actual time=0.087..0.088 rows=30 loops=1)
               Buckets: 1024  Batches: 1  Memory Usage: 11kB
               Buffers: shared hit=2
               ->  Seq Scan on call_center  (cost=0.00..2.30 rows=30 width=48) (actual time=0.033..0.059 rows=30 loops=1)
                     Buffers: shared hit=2
 Planning:
   Buffers: shared hit=415
 Planning Time: 4.824 ms
 Execution Time: 14812.059 ms
(57 rows)

