                                                                                                     QUERY PLAN                                                                                                     
--------------------------------------------------------------------------------------------------------------------------------------------------------------------------------------------------------------------
 Aggregate  (cost=716164.96..716164.97 rows=1 width=136) (actual time=12259.057..12259.067 rows=1 loops=1)
   Buffers: shared hit=1178836 read=408296
   ->  Hash Join  (cost=2574.37..716164.39 rows=38 width=58) (actual time=12259.051..12259.060 rows=0 loops=1)
         Hash Cond: (catalog_returns.cr_call_center_sk = call_center.cc_call_center_sk)
         Buffers: shared hit=1178836 read=408296
         ->  Nested Loop  (cost=2571.69..716161.60 rows=38 width=18) (actual time=12258.916..12258.923 rows=0 loops=1)
               Buffers: shared hit=1178834 read=408296
               ->  Nested Loop  (cost=2571.27..716105.05 rows=85 width=22) (actual time=1276.353..12211.466 rows=1635 loops=1)
                     Buffers: shared hit=1173083 read=407507
                     ->  Nested Loop  (cost=2570.84..715010.66 rows=1528 width=26) (actual time=1272.582..11272.916 rows=37579 loops=1)
                           Buffers: shared hit=1030550 read=402500
                           ->  Nested Loop  (cost=2570.55..712671.62 rows=9167 width=30) (actual time=1271.529..10988.880 rows=244682 loops=1)
                                 Buffers: shared hit=1008965 read=402500
                                 ->  Hash Join  (cost=2570.12..706541.62 rows=9167 width=22) (actual time=1271.475..5254.355 rows=249569 loops=1)
                                       Hash Cond: (catalog_returns.cr_returned_date_sk = date_dim.d_date_sk)
                                       Buffers: shared hit=30376 read=402361
                                       ->  Seq Scan on catalog_returns  (cost=0.00..647267.12 rows=21600412 width=26) (actual time=0.034..3464.381 rows=21598628 loops=1)
                                             Buffers: shared hit=28902 read=402361
                                       ->  Hash  (cost=2569.73..2569.73 rows=31 width=4) (actual time=28.865..28.866 rows=31 loops=1)
                                             Buckets: 1024  Batches: 1  Memory Usage: 10kB
                                             Buffers: shared hit=1474
                                             ->  Seq Scan on date_dim  (cost=0.00..2569.73 rows=31 width=4) (actual time=18.280..28.850 rows=31 loops=1)
                                                   Filter: ((d_year = 2000) AND (d_moy = 8))
                                                   Rows Removed by Filter: 73018
                                                   Buffers: shared hit=1474
                                 ->  Index Scan using customer_pkey on customer  (cost=0.43..0.67 rows=1 width=16) (actual time=0.022..0.022 rows=1 loops=249569)
                                       Index Cond: (c_customer_sk = catalog_returns.cr_returning_customer_sk)
                                       Buffers: shared hit=978589 read=139
                           ->  Memoize  (cost=0.29..0.31 rows=1 width=4) (actual time=0.001..0.001 rows=0 loops=244682)
                                 Cache Key: customer.c_current_hdemo_sk
                                 Cache Mode: logical
                                 Hits: 237486  Misses: 7196  Evictions: 0  Overflows: 0  Memory Usage: 521kB
                                 Buffers: shared hit=21585
                                 ->  Index Scan using household_demographics_pkey on household_demographics  (cost=0.28..0.30 rows=1 width=4) (actual time=0.014..0.014 rows=0 loops=7196)
                                       Index Cond: (hd_demo_sk = customer.c_current_hdemo_sk)
                                       Filter: (hd_buy_potential ~~ '0-500%'::text)
                                       Rows Removed by Filter: 1
                                       Buffers: shared hit=21585
                     ->  Index Scan using customer_demographics_pkey on customer_demographics  (cost=0.43..0.72 rows=1 width=4) (actual time=0.025..0.025 rows=0 loops=37579)
                           Index Cond: (cd_demo_sk = customer.c_current_cdemo_sk)
                           Filter: (((cd_marital_status = 'M'::bpchar) AND (cd_education_status = 'Unknown'::bpchar)) OR ((cd_marital_status = 'W'::bpchar) AND (cd_education_status = 'Advanced Degree'::bpchar)))
                           Rows Removed by Filter: 1
                           Buffers: shared hit=142533 read=5007
               ->  Index Scan using customer_address_pkey on customer_address  (cost=0.42..0.67 rows=1 width=4) (actual time=0.028..0.028 rows=0 loops=1635)
                     Index Cond: (ca_address_sk = customer.c_current_addr_sk)
                     Filter: (ca_gmt_offset = '-6'::numeric)
                     Rows Removed by Filter: 1
                     Buffers: shared hit=5751 read=789
         ->  Hash  (cost=2.30..2.30 rows=30 width=48) (actual time=0.109..0.110 rows=30 loops=1)
               Buckets: 1024  Batches: 1  Memory Usage: 11kB
               Buffers: shared hit=2
               ->  Seq Scan on call_center  (cost=0.00..2.30 rows=30 width=48) (actual time=0.035..0.069 rows=30 loops=1)
                     Buffers: shared hit=2
 Planning:
   Buffers: shared hit=415
 Planning Time: 5.165 ms
 Execution Time: 12259.953 ms
(57 rows)

