                                                                                                     QUERY PLAN                                                                                                     
--------------------------------------------------------------------------------------------------------------------------------------------------------------------------------------------------------------------
 Aggregate  (cost=715921.76..715921.77 rows=1 width=136) (actual time=15312.850..15312.857 rows=1 loops=1)
   Buffers: shared hit=1614895 read=407689
   ->  Hash Join  (cost=2574.36..715921.22 rows=36 width=58) (actual time=3057.614..15306.231 rows=3135 loops=1)
         Hash Cond: (catalog_returns.cr_call_center_sk = call_center.cc_call_center_sk)
         Buffers: shared hit=1614895 read=407689
         ->  Nested Loop  (cost=2571.68..715918.44 rows=36 width=18) (actual time=3057.555..15303.632 rows=3165 loops=1)
               Buffers: shared hit=1614893 read=407689
               ->  Nested Loop  (cost=2571.26..715863.88 rows=82 width=22) (actual time=3057.520..15192.138 rows=3792 loops=1)
                     Buffers: shared hit=1602384 read=405030
                     ->  Nested Loop  (cost=2570.83..714805.30 rows=1478 width=26) (actual time=3056.832..14026.568 rows=46657 loops=1)
                           Buffers: shared hit=1423005 read=401093
                           ->  Nested Loop  (cost=2570.54..712473.67 rows=8871 width=30) (actual time=3055.270..13644.336 rows=342441 loops=1)
                                 Buffers: shared hit=1401408 read=401093
                                 ->  Hash Join  (cost=2570.11..706541.60 rows=8871 width=22) (actual time=3053.554..5532.271 rows=349495 loops=1)
                                       Hash Cond: (catalog_returns.cr_returned_date_sk = date_dim.d_date_sk)
                                       Buffers: shared hit=31830 read=400907
                                       ->  Seq Scan on catalog_returns  (cost=0.00..647267.12 rows=21600412 width=26) (actual time=0.016..3626.579 rows=21598628 loops=1)
                                             Buffers: shared hit=30356 read=400907
                                       ->  Hash  (cost=2569.73..2569.73 rows=30 width=4) (actual time=15.451..15.452 rows=31 loops=1)
                                             Buckets: 1024  Batches: 1  Memory Usage: 10kB
                                             Buffers: shared hit=1474
                                             ->  Seq Scan on date_dim  (cost=0.00..2569.73 rows=30 width=4) (actual time=8.522..15.440 rows=31 loops=1)
                                                   Filter: ((d_year = 2002) AND (d_moy = 12))
                                                   Rows Removed by Filter: 73018
                                                   Buffers: shared hit=1474
                                 ->  Index Scan using customer_pkey on customer  (cost=0.43..0.67 rows=1 width=16) (actual time=0.023..0.023 rows=1 loops=349495)
                                       Index Cond: (c_customer_sk = catalog_returns.cr_returning_customer_sk)
                                       Buffers: shared hit=1369578 read=186
                           ->  Memoize  (cost=0.29..0.31 rows=1 width=4) (actual time=0.001..0.001 rows=0 loops=342441)
                                 Cache Key: customer.c_current_hdemo_sk
                                 Cache Mode: logical
                                 Hits: 335241  Misses: 7200  Evictions: 0  Overflows: 0  Memory Usage: 521kB
                                 Buffers: shared hit=21597
                                 ->  Index Scan using household_demographics_pkey on household_demographics  (cost=0.28..0.30 rows=1 width=4) (actual time=0.017..0.017 rows=0 loops=7200)
                                       Index Cond: (hd_demo_sk = customer.c_current_hdemo_sk)
                                       Filter: (hd_buy_potential ~~ '1001-5000%'::text)
                                       Rows Removed by Filter: 1
                                       Buffers: shared hit=21597
                     ->  Index Scan using customer_demographics_pkey on customer_demographics  (cost=0.43..0.72 rows=1 width=4) (actual time=0.025..0.025 rows=0 loops=46657)
                           Index Cond: (cd_demo_sk = customer.c_current_cdemo_sk)
                           Filter: (((cd_marital_status = 'M'::bpchar) AND (cd_education_status = 'Unknown'::bpchar)) OR ((cd_marital_status = 'W'::bpchar) AND (cd_education_status = 'Advanced Degree'::bpchar)))
                           Rows Removed by Filter: 1
                           Buffers: shared hit=179379 read=3937
               ->  Index Scan using customer_address_pkey on customer_address  (cost=0.42..0.67 rows=1 width=4) (actual time=0.028..0.028 rows=1 loops=3792)
                     Index Cond: (ca_address_sk = customer.c_current_addr_sk)
                     Filter: (ca_gmt_offset = '-6'::numeric)
                     Rows Removed by Filter: 0
                     Buffers: shared hit=12509 read=2659
         ->  Hash  (cost=2.30..2.30 rows=30 width=48) (actual time=0.042..0.043 rows=30 loops=1)
               Buckets: 1024  Batches: 1  Memory Usage: 11kB
               Buffers: shared hit=2
               ->  Seq Scan on call_center  (cost=0.00..2.30 rows=30 width=48) (actual time=0.017..0.029 rows=30 loops=1)
                     Buffers: shared hit=2
 Planning:
   Buffers: shared hit=415
 Planning Time: 2.050 ms
 Execution Time: 15313.369 ms
(57 rows)

