                                                                                                  QUERY PLAN                                                                                                  
--------------------------------------------------------------------------------------------------------------------------------------------------------------------------------------------------------------
 Aggregate  (cost=715903.32..715903.33 rows=1 width=136) (actual time=14490.953..14490.960 rows=1 loops=1)
   Buffers: shared hit=1498895 read=426676
   ->  Nested Loop  (cost=2571.82..715903.18 rows=9 width=58) (actual time=1954.303..14489.625 rows=388 loops=1)
         Buffers: shared hit=1498895 read=426676
         ->  Nested Loop  (cost=2571.68..715901.79 rows=9 width=18) (actual time=1954.288..14483.403 rows=389 loops=1)
               Buffers: shared hit=1498119 read=426676
               ->  Nested Loop  (cost=2571.25..715788.62 rows=158 width=22) (actual time=1843.897..14340.958 rows=5409 loops=1)
                     Buffers: shared hit=1477835 read=425756
                     ->  Nested Loop  (cost=2570.83..714805.30 rows=1478 width=26) (actual time=1822.524..12969.195 rows=54520 loops=1)
                           Buffers: shared hit=1276610 read=408901
                           ->  Nested Loop  (cost=2570.54..712473.67 rows=8871 width=30) (actual time=1808.777..12631.945 rows=307795 loops=1)
                                 Buffers: shared hit=1255016 read=408901
                                 ->  Hash Join  (cost=2570.11..706541.60 rows=8871 width=22) (actual time=1808.636..5476.481 rows=314076 loops=1)
                                       Hash Cond: (catalog_returns.cr_returned_date_sk = date_dim.d_date_sk)
                                       Buffers: shared hit=24086 read=408651
                                       ->  Seq Scan on catalog_returns  (cost=0.00..647267.12 rows=21600412 width=26) (actual time=0.038..3619.650 rows=21598628 loops=1)
                                             Buffers: shared hit=22627 read=408636
                                       ->  Hash  (cost=2569.73..2569.73 rows=30 width=4) (actual time=19.115..19.116 rows=30 loops=1)
                                             Buckets: 1024  Batches: 1  Memory Usage: 10kB
                                             Buffers: shared hit=1459 read=15
                                             ->  Seq Scan on date_dim  (cost=0.00..2569.73 rows=30 width=4) (actual time=10.824..19.103 rows=30 loops=1)
                                                   Filter: ((d_year = 2001) AND (d_moy = 6))
                                                   Rows Removed by Filter: 73019
                                                   Buffers: shared hit=1459 read=15
                                 ->  Index Scan using customer_pkey on customer  (cost=0.43..0.67 rows=1 width=16) (actual time=0.022..0.022 rows=1 loops=314076)
                                       Index Cond: (c_customer_sk = catalog_returns.cr_returning_customer_sk)
                                       Buffers: shared hit=1230930 read=250
                           ->  Memoize  (cost=0.29..0.31 rows=1 width=4) (actual time=0.001..0.001 rows=0 loops=307795)
                                 Cache Key: customer.c_current_hdemo_sk
                                 Cache Mode: logical
                                 Hits: 300596  Misses: 7199  Evictions: 0  Overflows: 0  Memory Usage: 521kB
                                 Buffers: shared hit=21594
                                 ->  Index Scan using household_demographics_pkey on household_demographics  (cost=0.28..0.30 rows=1 width=4) (actual time=0.014..0.014 rows=0 loops=7199)
                                       Index Cond: (hd_demo_sk = customer.c_current_hdemo_sk)
                                       Filter: (hd_buy_potential ~~ '>10000%'::text)
                                       Rows Removed by Filter: 1
                                       Buffers: shared hit=21594
                     ->  Index Scan using customer_address_pkey on customer_address  (cost=0.42..0.67 rows=1 width=4) (actual time=0.025..0.025 rows=0 loops=54520)
                           Index Cond: (ca_address_sk = customer.c_current_addr_sk)
                           Filter: (ca_gmt_offset = '-7'::numeric)
                           Rows Removed by Filter: 1
                           Buffers: shared hit=201225 read=16855
               ->  Index Scan using customer_demographics_pkey on customer_demographics  (cost=0.43..0.72 rows=1 width=4) (actual time=0.026..0.026 rows=0 loops=5409)
                     Index Cond: (cd_demo_sk = customer.c_current_cdemo_sk)
                     Filter: (((cd_marital_status = 'M'::bpchar) AND (cd_education_status = 'Unknown'::bpchar)) OR ((cd_marital_status = 'W'::bpchar) AND (cd_education_status = 'Advanced Degree'::bpchar)))
                     Rows Removed by Filter: 1
                     Buffers: shared hit=20284 read=920
         ->  Index Scan using call_center_pkey on call_center  (cost=0.14..0.16 rows=1 width=48) (actual time=0.014..0.014 rows=1 loops=389)
               Index Cond: (cc_call_center_sk = catalog_returns.cr_call_center_sk)
               Buffers: shared hit=776
 Planning:
   Buffers: shared hit=415
 Planning Time: 3.239 ms
 Execution Time: 14491.580 ms
(54 rows)

