                                                                                                     QUERY PLAN                                                                                                     
--------------------------------------------------------------------------------------------------------------------------------------------------------------------------------------------------------------------
 Aggregate  (cost=716164.96..716164.97 rows=1 width=136) (actual time=12746.293..12746.300 rows=1 loops=1)
   Buffers: shared hit=1229425 read=417104
   ->  Hash Join  (cost=2574.37..716164.39 rows=38 width=58) (actual time=1437.366..12744.859 rows=473 loops=1)
         Hash Cond: (catalog_returns.cr_call_center_sk = call_center.cc_call_center_sk)
         Buffers: shared hit=1229425 read=417104
         ->  Nested Loop  (cost=2571.69..716161.60 rows=38 width=18) (actual time=1437.268..12744.209 rows=477 loops=1)
               Buffers: shared hit=1229423 read=417104
               ->  Nested Loop  (cost=2571.27..716105.05 rows=85 width=22) (actual time=1433.308..12666.512 rows=2885 loops=1)
                     Buffers: shared hit=1218600 read=416387
                     ->  Nested Loop  (cost=2570.84..715010.66 rows=1528 width=26) (actual time=1433.261..11646.671 rows=40299 loops=1)
                           Buffers: shared hit=1068259 read=408476
                           ->  Nested Loop  (cost=2570.55..712671.62 rows=9167 width=30) (actual time=1430.917..11337.631 rows=255601 loops=1)
                                 Buffers: shared hit=1046665 read=408476
                                 ->  Hash Join  (cost=2570.12..706541.62 rows=9167 width=22) (actual time=1430.872..5435.210 rows=260972 loops=1)
                                       Hash Cond: (catalog_returns.cr_returned_date_sk = date_dim.d_date_sk)
                                       Buffers: shared hit=24431 read=408306
                                       ->  Seq Scan on catalog_returns  (cost=0.00..647267.12 rows=21600412 width=26) (actual time=0.038..3627.645 rows=21598628 loops=1)
                                             Buffers: shared hit=23053 read=408210
                                       ->  Hash  (cost=2569.73..2569.73 rows=31 width=4) (actual time=29.125..29.126 rows=31 loops=1)
                                             Buckets: 1024  Batches: 1  Memory Usage: 10kB
                                             Buffers: shared hit=1378 read=96
                                             ->  Seq Scan on date_dim  (cost=0.00..2569.73 rows=31 width=4) (actual time=17.202..29.111 rows=31 loops=1)
                                                   Filter: ((d_year = 2000) AND (d_moy = 10))
                                                   Rows Removed by Filter: 73018
                                                   Buffers: shared hit=1378 read=96
                                 ->  Index Scan using customer_pkey on customer  (cost=0.43..0.67 rows=1 width=16) (actual time=0.022..0.022 rows=1 loops=260972)
                                       Index Cond: (c_customer_sk = catalog_returns.cr_returning_customer_sk)
                                       Buffers: shared hit=1022234 read=170
                           ->  Memoize  (cost=0.29..0.31 rows=1 width=4) (actual time=0.001..0.001 rows=0 loops=255601)
                                 Cache Key: customer.c_current_hdemo_sk
                                 Cache Mode: logical
                                 Hits: 248402  Misses: 7199  Evictions: 0  Overflows: 0  Memory Usage: 521kB
                                 Buffers: shared hit=21594
                                 ->  Index Scan using household_demographics_pkey on household_demographics  (cost=0.28..0.30 rows=1 width=4) (actual time=0.016..0.016 rows=0 loops=7199)
                                       Index Cond: (hd_demo_sk = customer.c_current_hdemo_sk)
                                       Filter: (hd_buy_potential ~~ '5001-10000%'::text)
                                       Rows Removed by Filter: 1
                                       Buffers: shared hit=21594
                     ->  Index Scan using customer_demographics_pkey on customer_demographics  (cost=0.43..0.72 rows=1 width=4) (actual time=0.025..0.025 rows=0 loops=40299)
                           Index Cond: (cd_demo_sk = customer.c_current_cdemo_sk)
                           Filter: (((cd_marital_status = 'M'::bpchar) AND (cd_education_status = 'Unknown'::bpchar)) OR ((cd_marital_status = 'W'::bpchar) AND (cd_education_status = 'Advanced Degree'::bpchar)))
                           Rows Removed by Filter: 1
                           Buffers: shared hit=150341 read=7911
               ->  Index Scan using customer_address_pkey on customer_address  (cost=0.42..0.67 rows=1 width=4) (actual time=0.026..0.026 rows=0 loops=2885)
                     Index Cond: (ca_address_sk = customer.c_current_addr_sk)
                     Filter: (ca_gmt_offset = '-6'::numeric)
                     Rows Removed by Filter: 1
                     Buffers: shared hit=10823 read=717
         ->  Hash  (cost=2.30..2.30 rows=30 width=48) (actual time=0.075..0.076 rows=30 loops=1)
               Buckets: 1024  Batches: 1  Memory Usage: 11kB
               Buffers: shared hit=2
               ->  Seq Scan on call_center  (cost=0.00..2.30 rows=30 width=48) (actual time=0.025..0.047 rows=30 loops=1)
                     Buffers: shared hit=2
 Planning:
   Buffers: shared hit=383 read=32
 Planning Time: 5.540 ms
 Execution Time: 12746.922 ms
(57 rows)

