                                                                                                  QUERY PLAN                                                                                                  
--------------------------------------------------------------------------------------------------------------------------------------------------------------------------------------------------------------
 Aggregate  (cost=715903.32..715903.33 rows=1 width=136) (actual time=15116.572..15116.578 rows=1 loops=1)
   Buffers: shared hit=1574244 read=417649
   ->  Nested Loop  (cost=2571.82..715903.18 rows=9 width=58) (actual time=15116.568..15116.574 rows=0 loops=1)
         Buffers: shared hit=1574244 read=417649
         ->  Nested Loop  (cost=2571.68..715901.79 rows=9 width=18) (actual time=15116.567..15116.573 rows=0 loops=1)
               Buffers: shared hit=1574244 read=417649
               ->  Nested Loop  (cost=2571.25..715788.62 rows=158 width=22) (actual time=2307.684..14989.512 rows=4826 loops=1)
                     Buffers: shared hit=1557134 read=415815
                     ->  Nested Loop  (cost=2570.83..714805.30 rows=1478 width=26) (actual time=2298.639..13806.817 rows=45884 loops=1)
                           Buffers: shared hit=1383683 read=405730
                           ->  Nested Loop  (cost=2570.54..712473.67 rows=8871 width=30) (actual time=2294.454..13451.369 rows=333772 loops=1)
                                 Buffers: shared hit=1362095 read=405730
                                 ->  Hash Join  (cost=2570.11..706541.60 rows=8871 width=22) (actual time=2294.408..5592.540 rows=340503 loops=1)
                                       Hash Cond: (catalog_returns.cr_returned_date_sk = date_dim.d_date_sk)
                                       Buffers: shared hit=27252 read=405485
                                       ->  Seq Scan on catalog_returns  (cost=0.00..647267.12 rows=21600412 width=26) (actual time=0.041..3687.187 rows=21598628 loops=1)
                                             Buffers: shared hit=26333 read=404930
                                       ->  Hash  (cost=2569.73..2569.73 rows=30 width=4) (actual time=19.774..19.775 rows=31 loops=1)
                                             Buckets: 1024  Batches: 1  Memory Usage: 10kB
                                             Buffers: shared hit=919 read=555
                                             ->  Seq Scan on date_dim  (cost=0.00..2569.73 rows=30 width=4) (actual time=9.961..19.760 rows=31 loops=1)
                                                   Filter: ((d_year = 2002) AND (d_moy = 1))
                                                   Rows Removed by Filter: 73018
                                                   Buffers: shared hit=919 read=555
                                 ->  Index Scan using customer_pkey on customer  (cost=0.43..0.67 rows=1 width=16) (actual time=0.023..0.023 rows=1 loops=340503)
                                       Index Cond: (c_customer_sk = catalog_returns.cr_returning_customer_sk)
                                       Buffers: shared hit=1334843 read=245
                           ->  Memoize  (cost=0.29..0.31 rows=1 width=4) (actual time=0.001..0.001 rows=0 loops=333772)
                                 Cache Key: customer.c_current_hdemo_sk
                                 Cache Mode: logical
                                 Hits: 326575  Misses: 7197  Evictions: 0  Overflows: 0  Memory Usage: 521kB
                                 Buffers: shared hit=21588
                                 ->  Index Scan using household_demographics_pkey on household_demographics  (cost=0.28..0.30 rows=1 width=4) (actual time=0.014..0.014 rows=0 loops=7197)
                                       Index Cond: (hd_demo_sk = customer.c_current_hdemo_sk)
                                       Filter: (hd_buy_potential ~~ '1001-5000%'::text)
                                       Rows Removed by Filter: 1
                                       Buffers: shared hit=21588
                     ->  Index Scan using customer_address_pkey on customer_address  (cost=0.42..0.67 rows=1 width=4) (actual time=0.025..0.025 rows=0 loops=45884)
                           Index Cond: (ca_address_sk = customer.c_current_addr_sk)
                           Filter: (ca_gmt_offset = '-7'::numeric)
                           Rows Removed by Filter: 1
                           Buffers: shared hit=173451 read=10085
               ->  Index Scan using customer_demographics_pkey on customer_demographics  (cost=0.43..0.72 rows=1 width=4) (actual time=0.026..0.026 rows=0 loops=4826)
                     Index Cond: (cd_demo_sk = customer.c_current_cdemo_sk)
                     Filter: (((cd_marital_status = 'M'::bpchar) AND (cd_education_status = 'Unknown'::bpchar)) OR ((cd_marital_status = 'W'::bpchar) AND (cd_education_status = 'Advanced Degree'::bpchar)))
                     Rows Removed by Filter: 1
                     Buffers: shared hit=17110 read=1834
         ->  Index Scan using call_center_pkey on call_center  (cost=0.14..0.16 rows=1 width=48) (never executed)
               Index Cond: (cc_call_center_sk = catalog_returns.cr_call_center_sk)
 Planning:
   Buffers: shared hit=415
 Planning Time: 4.478 ms
 Execution Time: 15117.493 ms
(53 rows)

