                                                                                                     QUERY PLAN                                                                                                     
--------------------------------------------------------------------------------------------------------------------------------------------------------------------------------------------------------------------
 Aggregate  (cost=715921.76..715921.77 rows=1 width=136) (actual time=10076.638..10076.646 rows=1 loops=1)
   Buffers: shared hit=860019 read=418146
   ->  Hash Join  (cost=2574.36..715921.22 rows=36 width=58) (actual time=26.001..10072.274 rows=2431 loops=1)
         Hash Cond: (catalog_returns.cr_call_center_sk = call_center.cc_call_center_sk)
         Buffers: shared hit=860019 read=418146
         ->  Nested Loop  (cost=2571.68..715918.44 rows=36 width=18) (actual time=25.905..10070.494 rows=2454 loops=1)
               Buffers: shared hit=860017 read=418146
               ->  Nested Loop  (cost=2571.26..715863.88 rows=82 width=22) (actual time=24.197..9987.901 rows=3175 loops=1)
                     Buffers: shared hit=847956 read=417507
                     ->  Nested Loop  (cost=2570.83..714805.30 rows=1478 width=26) (actual time=20.798..9237.102 rows=29567 loops=1)
                           Buffers: shared hit=740888 read=408315
                           ->  Nested Loop  (cost=2570.54..712473.67 rows=8871 width=30) (actual time=20.307..8984.938 rows=173724 loops=1)
                                 Buffers: shared hit=719318 read=408315
                                 ->  Hash Join  (cost=2570.11..706541.60 rows=8871 width=22) (actual time=20.253..4976.013 rows=177321 loops=1)
                                       Hash Cond: (catalog_returns.cr_returned_date_sk = date_dim.d_date_sk)
                                       Buffers: shared hit=24502 read=408235
                                       ->  Seq Scan on catalog_returns  (cost=0.00..647267.12 rows=21600412 width=26) (actual time=0.039..3283.850 rows=21598628 loops=1)
                                             Buffers: shared hit=23028 read=408235
                                       ->  Hash  (cost=2569.73..2569.73 rows=30 width=4) (actual time=20.185..20.186 rows=30 loops=1)
                                             Buckets: 1024  Batches: 1  Memory Usage: 10kB
                                             Buffers: shared hit=1474
                                             ->  Seq Scan on date_dim  (cost=0.00..2569.73 rows=30 width=4) (actual time=10.986..20.169 rows=30 loops=1)
                                                   Filter: ((d_year = 1998) AND (d_moy = 6))
                                                   Rows Removed by Filter: 73019
                                                   Buffers: shared hit=1474
                                 ->  Index Scan using customer_pkey on customer  (cost=0.43..0.67 rows=1 width=16) (actual time=0.022..0.022 rows=1 loops=177321)
                                       Index Cond: (c_customer_sk = catalog_returns.cr_returning_customer_sk)
                                       Buffers: shared hit=694816 read=80
                           ->  Memoize  (cost=0.29..0.31 rows=1 width=4) (actual time=0.001..0.001 rows=0 loops=173724)
                                 Cache Key: customer.c_current_hdemo_sk
                                 Cache Mode: logical
                                 Hits: 166533  Misses: 7191  Evictions: 0  Overflows: 0  Memory Usage: 520kB
                                 Buffers: shared hit=21570
                                 ->  Index Scan using household_demographics_pkey on household_demographics  (cost=0.28..0.30 rows=1 width=4) (actual time=0.017..0.017 rows=0 loops=7191)
                                       Index Cond: (hd_demo_sk = customer.c_current_hdemo_sk)
                                       Filter: (hd_buy_potential ~~ 'Unknown%'::text)
                                       Rows Removed by Filter: 1
                                       Buffers: shared hit=21570
                     ->  Index Scan using customer_demographics_pkey on customer_demographics  (cost=0.43..0.72 rows=1 width=4) (actual time=0.025..0.025 rows=0 loops=29567)
                           Index Cond: (cd_demo_sk = customer.c_current_cdemo_sk)
                           Filter: (((cd_marital_status = 'M'::bpchar) AND (cd_education_status = 'Unknown'::bpchar)) OR ((cd_marital_status = 'W'::bpchar) AND (cd_education_status = 'Advanced Degree'::bpchar)))
                           Rows Removed by Filter: 1
                           Buffers: shared hit=107068 read=9192
               ->  Index Scan using customer_address_pkey on customer_address  (cost=0.42..0.67 rows=1 width=4) (actual time=0.025..0.025 rows=1 loops=3175)
                     Index Cond: (ca_address_sk = customer.c_current_addr_sk)
                     Filter: (ca_gmt_offset = '-6'::numeric)
                     Rows Removed by Filter: 0
                     Buffers: shared hit=12061 read=639
         ->  Hash  (cost=2.30..2.30 rows=30 width=48) (actual time=0.070..0.071 rows=30 loops=1)
               Buckets: 1024  Batches: 1  Memory Usage: 11kB
               Buffers: shared hit=2
               ->  Seq Scan on call_center  (cost=0.00..2.30 rows=30 width=48) (actual time=0.026..0.046 rows=30 loops=1)
                     Buffers: shared hit=2
 Planning:
   Buffers: shared hit=415
 Planning Time: 4.261 ms
 Execution Time: 10077.415 ms
(57 rows)

