                                                                                                     QUERY PLAN                                                                                                     
--------------------------------------------------------------------------------------------------------------------------------------------------------------------------------------------------------------------
 Aggregate  (cost=715921.76..715921.77 rows=1 width=136) (actual time=13232.979..13232.987 rows=1 loops=1)
   Buffers: shared hit=1310829 read=413028
   ->  Hash Join  (cost=2574.36..715921.22 rows=36 width=58) (actual time=13232.975..13232.982 rows=0 loops=1)
         Hash Cond: (catalog_returns.cr_call_center_sk = call_center.cc_call_center_sk)
         Buffers: shared hit=1310829 read=413028
         ->  Nested Loop  (cost=2571.68..715918.44 rows=36 width=18) (actual time=13232.919..13232.925 rows=0 loops=1)
               Buffers: shared hit=1310827 read=413028
               ->  Nested Loop  (cost=2571.26..715863.88 rows=82 width=22) (actual time=1555.690..13180.335 rows=1720 loops=1)
                     Buffers: shared hit=1304691 read=412284
                     ->  Nested Loop  (cost=2570.83..714805.30 rows=1478 width=26) (actual time=1530.199..12136.238 rows=42141 loops=1)
                           Buffers: shared hit=1147178 read=404313
                           ->  Nested Loop  (cost=2570.54..712473.67 rows=8871 width=30) (actual time=1525.202..11818.322 rows=274293 loops=1)
                                 Buffers: shared hit=1125596 read=404313
                                 ->  Hash Join  (cost=2570.11..706541.60 rows=8871 width=22) (actual time=1525.167..5461.089 rows=279797 loops=1)
                                       Hash Cond: (catalog_returns.cr_returned_date_sk = date_dim.d_date_sk)
                                       Buffers: shared hit=28662 read=404075
                                       ->  Seq Scan on catalog_returns  (cost=0.00..647267.12 rows=21600412 width=26) (actual time=0.024..3684.554 rows=21598628 loops=1)
                                             Buffers: shared hit=27522 read=403741
                                       ->  Hash  (cost=2569.73..2569.73 rows=30 width=4) (actual time=14.798..14.799 rows=31 loops=1)
                                             Buckets: 1024  Batches: 1  Memory Usage: 10kB
                                             Buffers: shared hit=1140 read=334
                                             ->  Seq Scan on date_dim  (cost=0.00..2569.73 rows=30 width=4) (actual time=8.728..14.789 rows=31 loops=1)
                                                   Filter: ((d_year = 2001) AND (d_moy = 1))
                                                   Rows Removed by Filter: 73018
                                                   Buffers: shared hit=1140 read=334
                                 ->  Index Scan using customer_pkey on customer  (cost=0.43..0.67 rows=1 width=16) (actual time=0.022..0.022 rows=1 loops=279797)
                                       Index Cond: (c_customer_sk = catalog_returns.cr_returning_customer_sk)
                                       Buffers: shared hit=1096934 read=238
                           ->  Memoize  (cost=0.29..0.31 rows=1 width=4) (actual time=0.001..0.001 rows=0 loops=274293)
                                 Cache Key: customer.c_current_hdemo_sk
                                 Cache Mode: logical
                                 Hits: 267098  Misses: 7195  Evictions: 0  Overflows: 0  Memory Usage: 520kB
                                 Buffers: shared hit=21582
                                 ->  Index Scan using household_demographics_pkey on household_demographics  (cost=0.28..0.30 rows=1 width=4) (actual time=0.016..0.016 rows=0 loops=7195)
                                       Index Cond: (hd_demo_sk = customer.c_current_hdemo_sk)
                                       Filter: (hd_buy_potential ~~ '0-500%'::text)
                                       Rows Removed by Filter: 1
                                       Buffers: shared hit=21582
                     ->  Index Scan using customer_demographics_pkey on customer_demographics  (cost=0.43..0.72 rows=1 width=4) (actual time=0.024..0.024 rows=0 loops=42141)
                           Index Cond: (cd_demo_sk = customer.c_current_cdemo_sk)
                           Filter: (((cd_marital_status = 'M'::bpchar) AND (cd_education_status = 'Unknown'::bpchar)) OR ((cd_marital_status = 'W'::bpchar) AND (cd_education_status = 'Advanced Degree'::bpchar)))
                           Rows Removed by Filter: 1
                           Buffers: shared hit=157513 read=7971
               ->  Index Scan using customer_address_pkey on customer_address  (cost=0.42..0.67 rows=1 width=4) (actual time=0.030..0.030 rows=0 loops=1720)
                     Index Cond: (ca_address_sk = customer.c_current_addr_sk)
                     Filter: (ca_gmt_offset = '-6'::numeric)
                     Rows Removed by Filter: 1
                     Buffers: shared hit=6136 read=744
         ->  Hash  (cost=2.30..2.30 rows=30 width=48) (actual time=0.044..0.045 rows=30 loops=1)
               Buckets: 1024  Batches: 1  Memory Usage: 11kB
               Buffers: shared hit=2
               ->  Seq Scan on call_center  (cost=0.00..2.30 rows=30 width=48) (actual time=0.017..0.030 rows=30 loops=1)
                     Buffers: shared hit=2
 Planning:
   Buffers: shared hit=384 read=31
 Planning Time: 2.649 ms
 Execution Time: 13233.418 ms
(57 rows)

