                                                                                                     QUERY PLAN                                                                                                     
--------------------------------------------------------------------------------------------------------------------------------------------------------------------------------------------------------------------
 Aggregate  (cost=715921.76..715921.77 rows=1 width=136) (actual time=12537.316..12537.323 rows=1 loops=1)
   Buffers: shared hit=1208288 read=408450
   ->  Hash Join  (cost=2574.36..715921.22 rows=36 width=58) (actual time=12537.311..12537.317 rows=0 loops=1)
         Hash Cond: (catalog_returns.cr_call_center_sk = call_center.cc_call_center_sk)
         Buffers: shared hit=1208288 read=408450
         ->  Nested Loop  (cost=2571.68..715918.44 rows=36 width=18) (actual time=12537.205..12537.210 rows=0 loops=1)
               Buffers: shared hit=1208286 read=408450
               ->  Nested Loop  (cost=2571.26..715863.88 rows=82 width=22) (actual time=1432.444..12502.271 rows=930 loops=1)
                     Buffers: shared hit=1204972 read=408044
                     ->  Nested Loop  (cost=2570.83..714805.30 rows=1478 width=26) (actual time=1411.306..11492.396 rows=41535 loops=1)
                           Buffers: shared hit=1045612 read=404312
                           ->  Nested Loop  (cost=2570.54..712473.67 rows=8871 width=30) (actual time=1405.950..11206.393 rows=248899 loops=1)
                                 Buffers: shared hit=1024021 read=404312
                                 ->  Hash Join  (cost=2570.11..706541.60 rows=8871 width=22) (actual time=1405.913..5355.355 rows=254161 loops=1)
                                       Hash Cond: (catalog_returns.cr_returned_date_sk = date_dim.d_date_sk)
                                       Buffers: shared hit=28542 read=404195
                                       ->  Seq Scan on catalog_returns  (cost=0.00..647267.12 rows=21600412 width=26) (actual time=0.043..3578.791 rows=21598628 loops=1)
                                             Buffers: shared hit=27626 read=403637
                                       ->  Hash  (cost=2569.73..2569.73 rows=30 width=4) (actual time=21.575..21.576 rows=31 loops=1)
                                             Buckets: 1024  Batches: 1  Memory Usage: 10kB
                                             Buffers: shared hit=916 read=558
                                             ->  Seq Scan on date_dim  (cost=0.00..2569.73 rows=30 width=4) (actual time=13.066..21.562 rows=31 loops=1)
                                                   Filter: ((d_year = 2000) AND (d_moy = 12))
                                                   Rows Removed by Filter: 73018
                                                   Buffers: shared hit=916 read=558
                                 ->  Index Scan using customer_pkey on customer  (cost=0.43..0.67 rows=1 width=16) (actual time=0.022..0.022 rows=1 loops=254161)
                                       Index Cond: (c_customer_sk = catalog_returns.cr_returning_customer_sk)
                                       Buffers: shared hit=995479 read=117
                           ->  Memoize  (cost=0.29..0.31 rows=1 width=4) (actual time=0.001..0.001 rows=0 loops=248899)
                                 Cache Key: customer.c_current_hdemo_sk
                                 Cache Mode: logical
                                 Hits: 241701  Misses: 7198  Evictions: 0  Overflows: 0  Memory Usage: 521kB
                                 Buffers: shared hit=21591
                                 ->  Index Scan using household_demographics_pkey on household_demographics  (cost=0.28..0.30 rows=1 width=4) (actual time=0.014..0.014 rows=0 loops=7198)
                                       Index Cond: (hd_demo_sk = customer.c_current_hdemo_sk)
                                       Filter: (hd_buy_potential ~~ '501-1000%'::text)
                                       Rows Removed by Filter: 1
                                       Buffers: shared hit=21591
                     ->  Index Scan using customer_demographics_pkey on customer_demographics  (cost=0.43..0.72 rows=1 width=4) (actual time=0.024..0.024 rows=0 loops=41535)
                           Index Cond: (cd_demo_sk = customer.c_current_cdemo_sk)
                           Filter: (((cd_marital_status = 'M'::bpchar) AND (cd_education_status = 'Unknown'::bpchar)) OR ((cd_marital_status = 'W'::bpchar) AND (cd_education_status = 'Advanced Degree'::bpchar)))
                           Rows Removed by Filter: 1
                           Buffers: shared hit=159360 read=3732
               ->  Index Scan using customer_address_pkey on customer_address  (cost=0.42..0.67 rows=1 width=4) (actual time=0.037..0.037 rows=0 loops=930)
                     Index Cond: (ca_address_sk = customer.c_current_addr_sk)
                     Filter: (ca_gmt_offset = '-6'::numeric)
                     Rows Removed by Filter: 1
                     Buffers: shared hit=3314 read=406
         ->  Hash  (cost=2.30..2.30 rows=30 width=48) (actual time=0.081..0.082 rows=30 loops=1)
               Buckets: 1024  Batches: 1  Memory Usage: 11kB
               Buffers: shared hit=2
               ->  Seq Scan on call_center  (cost=0.00..2.30 rows=30 width=48) (actual time=0.029..0.051 rows=30 loops=1)
                     Buffers: shared hit=2
 Planning:
   Buffers: shared hit=384 read=31
 Planning Time: 4.839 ms
 Execution Time: 12538.113 ms
(57 rows)

