                                                                                                  QUERY PLAN                                                                                                  
--------------------------------------------------------------------------------------------------------------------------------------------------------------------------------------------------------------
 Aggregate  (cost=715661.61..715661.62 rows=1 width=136) (actual time=12532.130..12532.136 rows=1 loops=1)
   Buffers: shared hit=1200910 read=421913
   ->  Nested Loop  (cost=2571.81..715661.49 rows=8 width=58) (actual time=1399.146..12530.900 rows=392 loops=1)
         Buffers: shared hit=1200910 read=421913
         ->  Nested Loop  (cost=2571.67..715660.25 rows=8 width=18) (actual time=1399.130..12524.490 rows=396 loops=1)
               Buffers: shared hit=1200126 read=421913
               ->  Nested Loop  (cost=2571.24..715550.67 rows=153 width=22) (actual time=1331.187..12374.460 rows=6106 loops=1)
                     Buffers: shared hit=1176795 read=421232
                     ->  Nested Loop  (cost=2570.82..714599.95 rows=1429 width=26) (actual time=1331.156..11302.143 rows=41861 loops=1)
                           Buffers: shared hit=1027270 read=403313
                           ->  Nested Loop  (cost=2570.52..712275.72 rows=8575 width=30) (actual time=1331.135..11019.454 rows=244063 loops=1)
                                 Buffers: shared hit=1005676 read=403313
                                 ->  Hash Join  (cost=2570.10..706541.59 rows=8575 width=22) (actual time=1331.088..5349.022 rows=249074 loops=1)
                                       Hash Cond: (catalog_returns.cr_returned_date_sk = date_dim.d_date_sk)
                                       Buffers: shared hit=29540 read=403197
                                       ->  Seq Scan on catalog_returns  (cost=0.00..647267.12 rows=21600412 width=26) (actual time=0.050..3512.392 rows=21598628 loops=1)
                                             Buffers: shared hit=28066 read=403197
                                       ->  Hash  (cost=2569.73..2569.73 rows=29 width=4) (actual time=19.359..19.360 rows=30 loops=1)
                                             Buckets: 1024  Batches: 1  Memory Usage: 10kB
                                             Buffers: shared hit=1474
                                             ->  Seq Scan on date_dim  (cost=0.00..2569.73 rows=29 width=4) (actual time=9.818..19.345 rows=30 loops=1)
                                                   Filter: ((d_year = 2000) AND (d_moy = 11))
                                                   Rows Removed by Filter: 73019
                                                   Buffers: shared hit=1474
                                 ->  Index Scan using customer_pkey on customer  (cost=0.43..0.67 rows=1 width=16) (actual time=0.022..0.022 rows=1 loops=249074)
                                       Index Cond: (c_customer_sk = catalog_returns.cr_returning_customer_sk)
                                       Buffers: shared hit=976136 read=116
                           ->  Memoize  (cost=0.29..0.31 rows=1 width=4) (actual time=0.001..0.001 rows=0 loops=244063)
                                 Cache Key: customer.c_current_hdemo_sk
                                 Cache Mode: logical
                                 Hits: 236864  Misses: 7199  Evictions: 0  Overflows: 0  Memory Usage: 521kB
                                 Buffers: shared hit=21594
                                 ->  Index Scan using household_demographics_pkey on household_demographics  (cost=0.28..0.30 rows=1 width=4) (actual time=0.014..0.014 rows=0 loops=7199)
                                       Index Cond: (hd_demo_sk = customer.c_current_hdemo_sk)
                                       Filter: (hd_buy_potential ~~ 'Unknown%'::text)
                                       Rows Removed by Filter: 1
                                       Buffers: shared hit=21594
                     ->  Index Scan using customer_address_pkey on customer_address  (cost=0.42..0.67 rows=1 width=4) (actual time=0.025..0.025 rows=0 loops=41861)
                           Index Cond: (ca_address_sk = customer.c_current_addr_sk)
                           Filter: (ca_gmt_offset = '-7'::numeric)
                           Rows Removed by Filter: 1
                           Buffers: shared hit=149525 read=17919
               ->  Index Scan using customer_demographics_pkey on customer_demographics  (cost=0.43..0.72 rows=1 width=4) (actual time=0.024..0.024 rows=0 loops=6106)
                     Index Cond: (cd_demo_sk = customer.c_current_cdemo_sk)
                     Filter: (((cd_marital_status = 'M'::bpchar) AND (cd_education_status = 'Unknown'::bpchar)) OR ((cd_marital_status = 'W'::bpchar) AND (cd_education_status = 'Advanced Degree'::bpchar)))
                     Rows Removed by Filter: 1
                     Buffers: shared hit=23331 read=681
         ->  Index Scan using call_center_pkey on call_center  (cost=0.14..0.16 rows=1 width=48) (actual time=0.015..0.015 rows=1 loops=396)
               Index Cond: (cc_call_center_sk = catalog_returns.cr_call_center_sk)
               Buffers: shared hit=784
 Planning:
   Buffers: shared hit=415
 Planning Time: 4.462 ms
 Execution Time: 12532.948 ms
(54 rows)

