                                                                                                     QUERY PLAN                                                                                                     
--------------------------------------------------------------------------------------------------------------------------------------------------------------------------------------------------------------------
 Aggregate  (cost=716164.96..716164.97 rows=1 width=136) (actual time=14389.944..14389.951 rows=1 loops=1)
   Buffers: shared hit=1483493 read=410387
   ->  Hash Join  (cost=2574.37..716164.39 rows=38 width=58) (actual time=14389.940..14389.946 rows=0 loops=1)
         Hash Cond: (catalog_returns.cr_call_center_sk = call_center.cc_call_center_sk)
         Buffers: shared hit=1483493 read=410387
         ->  Nested Loop  (cost=2571.69..716161.60 rows=38 width=18) (actual time=14389.838..14389.843 rows=0 loops=1)
               Buffers: shared hit=1483491 read=410387
               ->  Nested Loop  (cost=2571.27..716105.05 rows=85 width=22) (actual time=1912.532..14317.539 rows=2188 loops=1)
                     Buffers: shared hit=1475660 read=409466
                     ->  Nested Loop  (cost=2570.84..715010.66 rows=1528 width=26) (actual time=1883.277..13136.641 rows=47776 loops=1)
                           Buffers: shared hit=1293136 read=404410
                           ->  Nested Loop  (cost=2570.55..712671.62 rows=9167 width=30) (actual time=1882.566..12778.544 rows=310803 loops=1)
                                 Buffers: shared hit=1271539 read=404410
                                 ->  Hash Join  (cost=2570.12..706541.62 rows=9167 width=22) (actual time=1882.518..5483.604 rows=317153 loops=1)
                                       Hash Cond: (catalog_returns.cr_returned_date_sk = date_dim.d_date_sk)
                                       Buffers: shared hit=28448 read=404289
                                       ->  Seq Scan on catalog_returns  (cost=0.00..647267.12 rows=21600412 width=26) (actual time=0.034..3594.701 rows=21598628 loops=1)
                                             Buffers: shared hit=26981 read=404282
                                       ->  Hash  (cost=2569.73..2569.73 rows=31 width=4) (actual time=22.591..22.592 rows=31 loops=1)
                                             Buckets: 1024  Batches: 1  Memory Usage: 10kB
                                             Buffers: shared hit=1467 read=7
                                             ->  Seq Scan on date_dim  (cost=0.00..2569.73 rows=31 width=4) (actual time=10.420..22.573 rows=31 loops=1)
                                                   Filter: ((d_year = 2001) AND (d_moy = 7))
                                                   Rows Removed by Filter: 73018
                                                   Buffers: shared hit=1467 read=7
                                 ->  Index Scan using customer_pkey on customer  (cost=0.43..0.67 rows=1 width=16) (actual time=0.022..0.022 rows=1 loops=317153)
                                       Index Cond: (c_customer_sk = catalog_returns.cr_returning_customer_sk)
                                       Buffers: shared hit=1243091 read=121
                           ->  Memoize  (cost=0.29..0.31 rows=1 width=4) (actual time=0.001..0.001 rows=0 loops=310803)
                                 Cache Key: customer.c_current_hdemo_sk
                                 Cache Mode: logical
                                 Hits: 303603  Misses: 7200  Evictions: 0  Overflows: 0  Memory Usage: 521kB
                                 Buffers: shared hit=21597
                                 ->  Index Scan using household_demographics_pkey on household_demographics  (cost=0.28..0.30 rows=1 width=4) (actual time=0.017..0.017 rows=0 loops=7200)
                                       Index Cond: (hd_demo_sk = customer.c_current_hdemo_sk)
                                       Filter: (hd_buy_potential ~~ '0-500%'::text)
                                       Rows Removed by Filter: 1
                                       Buffers: shared hit=21597
                     ->  Index Scan using customer_demographics_pkey on customer_demographics  (cost=0.43..0.72 rows=1 width=4) (actual time=0.024..0.024 rows=0 loops=47776)
                           Index Cond: (cd_demo_sk = customer.c_current_cdemo_sk)
                           Filter: (((cd_marital_status = 'M'::bpchar) AND (cd_education_status = 'Unknown'::bpchar)) OR ((cd_marital_status = 'W'::bpchar) AND (cd_education_status = 'Advanced Degree'::bpchar)))
                           Rows Removed by Filter: 1
                           Buffers: shared hit=182524 read=5056
               ->  Index Scan using customer_address_pkey on customer_address  (cost=0.42..0.67 rows=1 width=4) (actual time=0.032..0.032 rows=0 loops=2188)
                     Index Cond: (ca_address_sk = customer.c_current_addr_sk)
                     Filter: (ca_gmt_offset = '-6'::numeric)
                     Rows Removed by Filter: 1
                     Buffers: shared hit=7831 read=921
         ->  Hash  (cost=2.30..2.30 rows=30 width=48) (actual time=0.077..0.077 rows=30 loops=1)
               Buckets: 1024  Batches: 1  Memory Usage: 11kB
               Buffers: shared hit=2
               ->  Seq Scan on call_center  (cost=0.00..2.30 rows=30 width=48) (actual time=0.030..0.049 rows=30 loops=1)
                     Buffers: shared hit=2
 Planning:
   Buffers: shared hit=415
 Planning Time: 4.434 ms
 Execution Time: 14390.783 ms
(57 rows)

