                                                                                                     QUERY PLAN                                                                                                     
--------------------------------------------------------------------------------------------------------------------------------------------------------------------------------------------------------------------
 Aggregate  (cost=715921.76..715921.77 rows=1 width=136) (actual time=15195.936..15195.942 rows=1 loops=1)
   Buffers: shared hit=1562658 read=414569
   ->  Hash Join  (cost=2574.36..715921.22 rows=36 width=58) (actual time=2600.041..15187.806 rows=4457 loops=1)
         Hash Cond: (catalog_returns.cr_call_center_sk = call_center.cc_call_center_sk)
         Buffers: shared hit=1562658 read=414569
         ->  Nested Loop  (cost=2571.68..715918.44 rows=36 width=18) (actual time=2599.955..15184.569 rows=4503 loops=1)
               Buffers: shared hit=1562656 read=414569
               ->  Nested Loop  (cost=2571.26..715863.88 rows=82 width=22) (actual time=2599.922..14942.609 rows=8475 loops=1)
                     Buffers: shared hit=1533730 read=409595
                     ->  Nested Loop  (cost=2570.83..714805.30 rows=1478 width=26) (actual time=2599.899..13610.378 rows=56308 loops=1)
                           Buffers: shared hit=1316710 read=405311
                           ->  Nested Loop  (cost=2570.54..712473.67 rows=8871 width=30) (actual time=2599.873..13254.199 rows=316921 loops=1)
                                 Buffers: shared hit=1295110 read=405311
                                 ->  Hash Join  (cost=2570.11..706541.60 rows=8871 width=22) (actual time=2599.839..5708.552 rows=323430 loops=1)
                                       Hash Cond: (catalog_returns.cr_returned_date_sk = date_dim.d_date_sk)
                                       Buffers: shared hit=27614 read=405123
                                       ->  Seq Scan on catalog_returns  (cost=0.00..647267.12 rows=21600412 width=26) (actual time=0.030..3762.002 rows=21598628 loops=1)
                                             Buffers: shared hit=26140 read=405123
                                       ->  Hash  (cost=2569.73..2569.73 rows=30 width=4) (actual time=19.859..19.860 rows=30 loops=1)
                                             Buckets: 1024  Batches: 1  Memory Usage: 10kB
                                             Buffers: shared hit=1474
                                             ->  Seq Scan on date_dim  (cost=0.00..2569.73 rows=30 width=4) (actual time=11.348..19.844 rows=30 loops=1)
                                                   Filter: ((d_year = 2002) AND (d_moy = 6))
                                                   Rows Removed by Filter: 73019
                                                   Buffers: shared hit=1474
                                 ->  Index Scan using customer_pkey on customer  (cost=0.43..0.67 rows=1 width=16) (actual time=0.023..0.023 rows=1 loops=323430)
                                       Index Cond: (c_customer_sk = catalog_returns.cr_returning_customer_sk)
                                       Buffers: shared hit=1267496 read=188
                           ->  Memoize  (cost=0.29..0.31 rows=1 width=4) (actual time=0.001..0.001 rows=0 loops=316921)
                                 Cache Key: customer.c_current_hdemo_sk
                                 Cache Mode: logical
                                 Hits: 309720  Misses: 7201  Evictions: 0  Overflows: 0  Memory Usage: 521kB
                                 Buffers: shared hit=21600
                                 ->  Index Scan using household_demographics_pkey on household_demographics  (cost=0.28..0.30 rows=1 width=4) (actual time=0.015..0.015 rows=0 loops=7201)
                                       Index Cond: (hd_demo_sk = customer.c_current_hdemo_sk)
                                       Filter: (hd_buy_potential ~~ '>10000%'::text)
                                       Rows Removed by Filter: 1
                                       Buffers: shared hit=21600
                     ->  Index Scan using customer_demographics_pkey on customer_demographics  (cost=0.43..0.72 rows=1 width=4) (actual time=0.023..0.023 rows=0 loops=56308)
                           Index Cond: (cd_demo_sk = customer.c_current_cdemo_sk)
                           Filter: (((cd_marital_status = 'M'::bpchar) AND (cd_education_status = 'Unknown'::bpchar)) OR ((cd_marital_status = 'W'::bpchar) AND (cd_education_status = 'Advanced Degree'::bpchar)))
                           Rows Removed by Filter: 1
                           Buffers: shared hit=217020 read=4284
               ->  Index Scan using customer_address_pkey on customer_address  (cost=0.42..0.67 rows=1 width=4) (actual time=0.028..0.028 rows=1 loops=8475)
                     Index Cond: (ca_address_sk = customer.c_current_addr_sk)
                     Filter: (ca_gmt_offset = '-6'::numeric)
                     Rows Removed by Filter: 0
                     Buffers: shared hit=28926 read=4974
         ->  Hash  (cost=2.30..2.30 rows=30 width=48) (actual time=0.063..0.064 rows=30 loops=1)
               Buckets: 1024  Batches: 1  Memory Usage: 11kB
               Buffers: shared hit=2
               ->  Seq Scan on call_center  (cost=0.00..2.30 rows=30 width=48) (actual time=0.024..0.042 rows=30 loops=1)
                     Buffers: shared hit=2
 Planning:
   Buffers: shared hit=415
 Planning Time: 4.266 ms
 Execution Time: 15196.690 ms
(57 rows)

