                                                                                                  QUERY PLAN                                                                                                  
--------------------------------------------------------------------------------------------------------------------------------------------------------------------------------------------------------------
 Aggregate  (cost=715661.61..715661.62 rows=1 width=136) (actual time=11564.451..11564.457 rows=1 loops=1)
   Buffers: shared hit=1046107 read=436532
   ->  Nested Loop  (cost=2571.81..715661.49 rows=8 width=58) (actual time=784.792..11563.388 rows=343 loops=1)
         Buffers: shared hit=1046107 read=436532
         ->  Nested Loop  (cost=2571.67..715660.25 rows=8 width=18) (actual time=784.779..11558.486 rows=345 loops=1)
               Buffers: shared hit=1045421 read=436532
               ->  Nested Loop  (cost=2571.24..715550.67 rows=153 width=22) (actual time=762.136..11423.095 rows=5432 loops=1)
                     Buffers: shared hit=1024354 read=436291
                     ->  Nested Loop  (cost=2570.82..714599.95 rows=1429 width=26) (actual time=759.434..10499.838 rows=36744 loops=1)
                           Buffers: shared hit=896866 read=416803
                           ->  Nested Loop  (cost=2570.52..712275.72 rows=8575 width=30) (actual time=757.115..10242.983 rows=214839 loops=1)
                                 Buffers: shared hit=875290 read=416803
                                 ->  Hash Join  (cost=2570.10..706541.59 rows=8575 width=22) (actual time=757.054..5329.119 rows=219252 loops=1)
                                       Hash Cond: (catalog_returns.cr_returned_date_sk = date_dim.d_date_sk)
                                       Buffers: shared hit=16042 read=416695
                                       ->  Seq Scan on catalog_returns  (cost=0.00..647267.12 rows=21600412 width=26) (actual time=0.333..3554.063 rows=21598628 loops=1)
                                             Buffers: shared hit=14568 read=416695
                                       ->  Hash  (cost=2569.73..2569.73 rows=29 width=4) (actual time=18.139..18.139 rows=30 loops=1)
                                             Buckets: 1024  Batches: 1  Memory Usage: 10kB
                                             Buffers: shared hit=1474
                                             ->  Seq Scan on date_dim  (cost=0.00..2569.73 rows=29 width=4) (actual time=10.510..18.127 rows=30 loops=1)
                                                   Filter: ((d_year = 1999) AND (d_moy = 11))
                                                   Rows Removed by Filter: 73019
                                                   Buffers: shared hit=1474
                                 ->  Index Scan using customer_pkey on customer  (cost=0.43..0.67 rows=1 width=16) (actual time=0.022..0.022 rows=1 loops=219252)
                                       Index Cond: (c_customer_sk = catalog_returns.cr_returning_customer_sk)
                                       Buffers: shared hit=859248 read=108
                           ->  Memoize  (cost=0.29..0.31 rows=1 width=4) (actual time=0.001..0.001 rows=0 loops=214839)
                                 Cache Key: customer.c_current_hdemo_sk
                                 Cache Mode: logical
                                 Hits: 207646  Misses: 7193  Evictions: 0  Overflows: 0  Memory Usage: 520kB
                                 Buffers: shared hit=21576
                                 ->  Index Scan using household_demographics_pkey on household_demographics  (cost=0.28..0.30 rows=1 width=4) (actual time=0.014..0.014 rows=0 loops=7193)
                                       Index Cond: (hd_demo_sk = customer.c_current_hdemo_sk)
                                       Filter: (hd_buy_potential ~~ 'Unknown%'::text)
                                       Rows Removed by Filter: 1
                                       Buffers: shared hit=21576
                     ->  Index Scan using customer_address_pkey on customer_address  (cost=0.42..0.67 rows=1 width=4) (actual time=0.025..0.025 rows=0 loops=36744)
                           Index Cond: (ca_address_sk = customer.c_current_addr_sk)
                           Filter: (ca_gmt_offset = '-7'::numeric)
                           Rows Removed by Filter: 1
                           Buffers: shared hit=127488 read=19488
               ->  Index Scan using customer_demographics_pkey on customer_demographics  (cost=0.43..0.72 rows=1 width=4) (actual time=0.024..0.024 rows=0 loops=5432)
                     Index Cond: (cd_demo_sk = customer.c_current_cdemo_sk)
                     Filter: (((cd_marital_status = 'M'::bpchar) AND (cd_education_status = 'Unknown'::bpchar)) OR ((cd_marital_status = 'W'::bpchar) AND (cd_education_status = 'Advanced Degree'::bpchar)))
                     Rows Removed by Filter: 1
                     Buffers: shared hit=21067 read=241
         ->  Index Scan using call_center_pkey on call_center  (cost=0.14..0.16 rows=1 width=48) (actual time=0.013..0.013 rows=1 loops=345)
               Index Cond: (cc_call_center_sk = catalog_returns.cr_call_center_sk)
               Buffers: shared hit=686
 Planning:
   Buffers: shared hit=415
 Planning Time: 4.600 ms
 Execution Time: 11565.267 ms
(54 rows)

