                                                                                                     QUERY PLAN                                                                                                     
--------------------------------------------------------------------------------------------------------------------------------------------------------------------------------------------------------------------
 Aggregate  (cost=715921.76..715921.77 rows=1 width=136) (actual time=15502.342..15502.348 rows=1 loops=1)
   Buffers: shared hit=1666371 read=413681
   ->  Hash Join  (cost=2574.36..715921.22 rows=36 width=58) (actual time=3188.224..15493.627 rows=4850 loops=1)
         Hash Cond: (catalog_returns.cr_call_center_sk = call_center.cc_call_center_sk)
         Buffers: shared hit=1666371 read=413681
         ->  Nested Loop  (cost=2571.68..715918.44 rows=36 width=18) (actual time=3188.123..15490.188 rows=4898 loops=1)
               Buffers: shared hit=1666369 read=413681
               ->  Nested Loop  (cost=2571.26..715863.88 rows=82 width=22) (actual time=3188.097..15336.245 rows=6276 loops=1)
                     Buffers: shared hit=1643585 read=411361
                     ->  Nested Loop  (cost=2570.83..714805.30 rows=1478 width=26) (actual time=3186.837..13918.338 rows=58752 loops=1)
                           Buffers: shared hit=1415524 read=408574
                           ->  Nested Loop  (cost=2570.54..712473.67 rows=8871 width=30) (actual time=3179.132..13547.086 rows=342441 loops=1)
                                 Buffers: shared hit=1393927 read=408574
                                 ->  Hash Join  (cost=2570.11..706541.60 rows=8871 width=22) (actual time=3177.355..5640.350 rows=349495 loops=1)
                                       Hash Cond: (catalog_returns.cr_returned_date_sk = date_dim.d_date_sk)
                                       Buffers: shared hit=24304 read=408433
                                       ->  Seq Scan on catalog_returns  (cost=0.00..647267.12 rows=21600412 width=26) (actual time=1.090..3697.113 rows=21598628 loops=1)
                                             Buffers: shared hit=22830 read=408433
                                       ->  Hash  (cost=2569.73..2569.73 rows=30 width=4) (actual time=23.686..23.687 rows=31 loops=1)
                                             Buckets: 1024  Batches: 1  Memory Usage: 10kB
                                             Buffers: shared hit=1474
                                             ->  Seq Scan on date_dim  (cost=0.00..2569.73 rows=30 width=4) (actual time=13.334..23.671 rows=31 loops=1)
                                                   Filter: ((d_year = 2002) AND (d_moy = 12))
                                                   Rows Removed by Filter: 73018
                                                   Buffers: shared hit=1474
                                 ->  Index Scan using customer_pkey on customer  (cost=0.43..0.67 rows=1 width=16) (actual time=0.022..0.022 rows=1 loops=349495)
                                       Index Cond: (c_customer_sk = catalog_returns.cr_returning_customer_sk)
                                       Buffers: shared hit=1369623 read=141
                           ->  Memoize  (cost=0.29..0.31 rows=1 width=4) (actual time=0.001..0.001 rows=0 loops=342441)
                                 Cache Key: customer.c_current_hdemo_sk
                                 Cache Mode: logical
                                 Hits: 335241  Misses: 7200  Evictions: 0  Overflows: 0  Memory Usage: 521kB
                                 Buffers: shared hit=21597
                                 ->  Index Scan using household_demographics_pkey on household_demographics  (cost=0.28..0.30 rows=1 width=4) (actual time=0.015..0.015 rows=0 loops=7200)
                                       Index Cond: (hd_demo_sk = customer.c_current_hdemo_sk)
                                       Filter: (hd_buy_potential ~~ 'Unknown%'::text)
                                       Rows Removed by Filter: 1
                                       Buffers: shared hit=21597
                     ->  Index Scan using customer_demographics_pkey on customer_demographics  (cost=0.43..0.72 rows=1 width=4) (actual time=0.024..0.024 rows=0 loops=58752)
                           Index Cond: (cd_demo_sk = customer.c_current_cdemo_sk)
                           Filter: (((cd_marital_status = 'M'::bpchar) AND (cd_education_status = 'Unknown'::bpchar)) OR ((cd_marital_status = 'W'::bpchar) AND (cd_education_status = 'Advanced Degree'::bpchar)))
                           Rows Removed by Filter: 1
                           Buffers: shared hit=228061 read=2787
               ->  Index Scan using customer_address_pkey on customer_address  (cost=0.42..0.67 rows=1 width=4) (actual time=0.024..0.024 rows=1 loops=6276)
                     Index Cond: (ca_address_sk = customer.c_current_addr_sk)
                     Filter: (ca_gmt_offset = '-6'::numeric)
                     Rows Removed by Filter: 0
                     Buffers: shared hit=22784 read=2320
         ->  Hash  (cost=2.30..2.30 rows=30 width=48) (actual time=0.080..0.081 rows=30 loops=1)
               Buckets: 1024  Batches: 1  Memory Usage: 11kB
               Buffers: shared hit=2
               ->  Seq Scan on call_center  (cost=0.00..2.30 rows=30 width=48) (actual time=0.025..0.048 rows=30 loops=1)
                     Buffers: shared hit=2
 Planning:
   Buffers: shared hit=415
 Planning Time: 3.765 ms
 Execution Time: 15502.999 ms
(57 rows)

