                                                                                                     QUERY PLAN                                                                                                     
--------------------------------------------------------------------------------------------------------------------------------------------------------------------------------------------------------------------
 Aggregate  (cost=715679.29..715679.30 rows=1 width=136) (actual time=13693.724..13693.731 rows=1 loops=1)
   Buffers: shared hit=1389939 read=408477
   ->  Hash Join  (cost=2574.34..715678.77 rows=35 width=58) (actual time=2204.420..13692.172 rows=530 loops=1)
         Hash Cond: (catalog_returns.cr_call_center_sk = call_center.cc_call_center_sk)
         Buffers: shared hit=1389939 read=408477
         ->  Nested Loop  (cost=2571.67..715675.99 rows=35 width=18) (actual time=2204.263..13691.397 rows=536 loops=1)
               Buffers: shared hit=1389937 read=408477
               ->  Nested Loop  (cost=2571.24..715623.43 rows=79 width=22) (actual time=2184.049..13604.775 rows=3266 loops=1)
                     Buffers: shared hit=1378473 read=406877
                     ->  Nested Loop  (cost=2570.82..714599.95 rows=1429 width=26) (actual time=2181.105..12498.147 rows=45375 loops=1)
                           Buffers: shared hit=1202479 read=404811
                           ->  Nested Loop  (cost=2570.52..712275.72 rows=8575 width=30) (actual time=2180.794..12185.967 rows=288239 loops=1)
                                 Buffers: shared hit=1180882 read=404811
                                 ->  Hash Join  (cost=2570.10..706541.59 rows=8575 width=22) (actual time=2180.753..5465.910 rows=294240 loops=1)
                                       Hash Cond: (catalog_returns.cr_returned_date_sk = date_dim.d_date_sk)
                                       Buffers: shared hit=28022 read=404715
                                       ->  Seq Scan on catalog_returns  (cost=0.00..647267.12 rows=21600412 width=26) (actual time=1.694..3598.352 rows=21598628 loops=1)
                                             Buffers: shared hit=26548 read=404715
                                       ->  Hash  (cost=2569.73..2569.73 rows=29 width=4) (actual time=19.536..19.538 rows=30 loops=1)
                                             Buckets: 1024  Batches: 1  Memory Usage: 10kB
                                             Buffers: shared hit=1474
                                             ->  Seq Scan on date_dim  (cost=0.00..2569.73 rows=29 width=4) (actual time=11.637..19.515 rows=30 loops=1)
                                                   Filter: ((d_year = 2001) AND (d_moy = 11))
                                                   Rows Removed by Filter: 73019
                                                   Buffers: shared hit=1474
                                 ->  Index Scan using customer_pkey on customer  (cost=0.43..0.67 rows=1 width=16) (actual time=0.022..0.022 rows=1 loops=294240)
                                       Index Cond: (c_customer_sk = catalog_returns.cr_returning_customer_sk)
                                       Buffers: shared hit=1152860 read=96
                           ->  Memoize  (cost=0.29..0.31 rows=1 width=4) (actual time=0.001..0.001 rows=0 loops=288239)
                                 Cache Key: customer.c_current_hdemo_sk
                                 Cache Mode: logical
                                 Hits: 281039  Misses: 7200  Evictions: 0  Overflows: 0  Memory Usage: 521kB
                                 Buffers: shared hit=21597
                                 ->  Index Scan using household_demographics_pkey on household_demographics  (cost=0.28..0.30 rows=1 width=4) (actual time=0.014..0.014 rows=0 loops=7200)
                                       Index Cond: (hd_demo_sk = customer.c_current_hdemo_sk)
                                       Filter: (hd_buy_potential ~~ '5001-10000%'::text)
                                       Rows Removed by Filter: 1
                                       Buffers: shared hit=21597
                     ->  Index Scan using customer_demographics_pkey on customer_demographics  (cost=0.43..0.72 rows=1 width=4) (actual time=0.024..0.024 rows=0 loops=45375)
                           Index Cond: (cd_demo_sk = customer.c_current_cdemo_sk)
                           Filter: (((cd_marital_status = 'M'::bpchar) AND (cd_education_status = 'Unknown'::bpchar)) OR ((cd_marital_status = 'W'::bpchar) AND (cd_education_status = 'Advanced Degree'::bpchar)))
                           Rows Removed by Filter: 1
                           Buffers: shared hit=175994 read=2066
               ->  Index Scan using customer_address_pkey on customer_address  (cost=0.42..0.67 rows=1 width=4) (actual time=0.026..0.026 rows=0 loops=3266)
                     Index Cond: (ca_address_sk = customer.c_current_addr_sk)
                     Filter: (ca_gmt_offset = '-6'::numeric)
                     Rows Removed by Filter: 1
                     Buffers: shared hit=11464 read=1600
         ->  Hash  (cost=2.30..2.30 rows=30 width=48) (actual time=0.120..0.121 rows=30 loops=1)
               Buckets: 1024  Batches: 1  Memory Usage: 11kB
               Buffers: shared hit=2
               ->  Seq Scan on call_center  (cost=0.00..2.30 rows=30 width=48) (actual time=0.047..0.081 rows=30 loops=1)
                     Buffers: shared hit=2
 Planning:
   Buffers: shared hit=415
 Planning Time: 6.529 ms
 Execution Time: 13694.738 ms
(57 rows)

