                                                                                                  QUERY PLAN                                                                                                  
--------------------------------------------------------------------------------------------------------------------------------------------------------------------------------------------------------------
 Aggregate  (cost=715903.32..715903.33 rows=1 width=136) (actual time=11503.610..11503.617 rows=1 loops=1)
   Buffers: shared hit=1019095 read=430825
   ->  Nested Loop  (cost=2571.82..715903.18 rows=9 width=58) (actual time=291.646..11502.695 rows=260 loops=1)
         Buffers: shared hit=1019095 read=430825
         ->  Nested Loop  (cost=2571.68..715901.79 rows=9 width=18) (actual time=291.632..11499.868 rows=263 loops=1)
               Buffers: shared hit=1018575 read=430825
               ->  Nested Loop  (cost=2571.25..715788.62 rows=158 width=22) (actual time=259.398..11435.485 rows=2559 loops=1)
                     Buffers: shared hit=1008688 read=430716
                     ->  Nested Loop  (cost=2570.83..714805.30 rows=1478 width=26) (actual time=249.961..10509.235 rows=35476 loops=1)
                           Buffers: shared hit=881427 read=416073
                           ->  Nested Loop  (cost=2570.54..712473.67 rows=8871 width=30) (actual time=248.520..10236.389 rows=210796 loops=1)
                                 Buffers: shared hit=859848 read=416073
                                 ->  Hash Join  (cost=2570.11..706541.60 rows=8871 width=22) (actual time=248.466..5355.854 rows=215069 loops=1)
                                       Hash Cond: (catalog_returns.cr_returned_date_sk = date_dim.d_date_sk)
                                       Buffers: shared hit=16706 read=416031
                                       ->  Seq Scan on catalog_returns  (cost=0.00..647267.12 rows=21600412 width=26) (actual time=0.681..3557.379 rows=21598628 loops=1)
                                             Buffers: shared hit=15232 read=416031
                                       ->  Hash  (cost=2569.73..2569.73 rows=30 width=4) (actual time=20.369..20.370 rows=31 loops=1)
                                             Buckets: 1024  Batches: 1  Memory Usage: 10kB
                                             Buffers: shared hit=1474
                                             ->  Seq Scan on date_dim  (cost=0.00..2569.73 rows=30 width=4) (actual time=11.493..20.353 rows=31 loops=1)
                                                   Filter: ((d_year = 1999) AND (d_moy = 1))
                                                   Rows Removed by Filter: 73018
                                                   Buffers: shared hit=1474
                                 ->  Index Scan using customer_pkey on customer  (cost=0.43..0.67 rows=1 width=16) (actual time=0.022..0.022 rows=1 loops=215069)
                                       Index Cond: (c_customer_sk = catalog_returns.cr_returning_customer_sk)
                                       Buffers: shared hit=843142 read=42
                           ->  Memoize  (cost=0.29..0.31 rows=1 width=4) (actual time=0.001..0.001 rows=0 loops=210796)
                                 Cache Key: customer.c_current_hdemo_sk
                                 Cache Mode: logical
                                 Hits: 203602  Misses: 7194  Evictions: 0  Overflows: 0  Memory Usage: 520kB
                                 Buffers: shared hit=21579
                                 ->  Index Scan using household_demographics_pkey on household_demographics  (cost=0.28..0.30 rows=1 width=4) (actual time=0.016..0.016 rows=0 loops=7194)
                                       Index Cond: (hd_demo_sk = customer.c_current_hdemo_sk)
                                       Filter: (hd_buy_potential ~~ '501-1000%'::text)
                                       Rows Removed by Filter: 1
                                       Buffers: shared hit=21579
                     ->  Index Scan using customer_address_pkey on customer_address  (cost=0.42..0.67 rows=1 width=4) (actual time=0.026..0.026 rows=0 loops=35476)
                           Index Cond: (ca_address_sk = customer.c_current_addr_sk)
                           Filter: (ca_gmt_offset = '-7'::numeric)
                           Rows Removed by Filter: 1
                           Buffers: shared hit=127261 read=14643
               ->  Index Scan using customer_demographics_pkey on customer_demographics  (cost=0.43..0.72 rows=1 width=4) (actual time=0.025..0.025 rows=0 loops=2559)
                     Index Cond: (cd_demo_sk = customer.c_current_cdemo_sk)
                     Filter: (((cd_marital_status = 'M'::bpchar) AND (cd_education_status = 'Unknown'::bpchar)) OR ((cd_marital_status = 'W'::bpchar) AND (cd_education_status = 'Advanced Degree'::bpchar)))
                     Rows Removed by Filter: 1
                     Buffers: shared hit=9887 read=109
         ->  Index Scan using call_center_pkey on call_center  (cost=0.14..0.16 rows=1 width=48) (actual time=0.009..0.009 rows=1 loops=263)
               Index Cond: (cc_call_center_sk = catalog_returns.cr_call_center_sk)
               Buffers: shared hit=520
 Planning:
   Buffers: shared hit=415
 Planning Time: 4.544 ms
 Execution Time: 11504.492 ms
(54 rows)

