                                                                                                     QUERY PLAN                                                                                                     
--------------------------------------------------------------------------------------------------------------------------------------------------------------------------------------------------------------------
 Aggregate  (cost=715679.29..715679.30 rows=1 width=136) (actual time=14107.740..14107.746 rows=1 loops=1)
   Buffers: shared hit=1427584 read=415468
   ->  Hash Join  (cost=2574.34..715678.77 rows=35 width=58) (actual time=2153.925..14100.208 rows=4183 loops=1)
         Hash Cond: (catalog_returns.cr_call_center_sk = call_center.cc_call_center_sk)
         Buffers: shared hit=1427584 read=415468
         ->  Nested Loop  (cost=2571.67..715675.99 rows=35 width=18) (actual time=2153.802..14097.222 rows=4225 loops=1)
               Buffers: shared hit=1427582 read=415468
               ->  Nested Loop  (cost=2571.24..715623.43 rows=79 width=22) (actual time=2153.763..13888.197 rows=7830 loops=1)
                     Buffers: shared hit=1398956 read=412774
                     ->  Nested Loop  (cost=2570.82..714599.95 rows=1429 width=26) (actual time=2145.081..12627.473 rows=52028 loops=1)
                           Buffers: shared hit=1197909 read=409381
                           ->  Nested Loop  (cost=2570.52..712275.72 rows=8575 width=30) (actual time=2144.391..12299.734 rows=288239 loops=1)
                                 Buffers: shared hit=1176312 read=409381
                                 ->  Hash Join  (cost=2570.10..706541.59 rows=8575 width=22) (actual time=2144.346..5618.581 rows=294240 loops=1)
                                       Hash Cond: (catalog_returns.cr_returned_date_sk = date_dim.d_date_sk)
                                       Buffers: shared hit=23426 read=409311
                                       ->  Seq Scan on catalog_returns  (cost=0.00..647267.12 rows=21600412 width=26) (actual time=1.075..3685.057 rows=21598628 loops=1)
                                             Buffers: shared hit=22868 read=408395
                                       ->  Hash  (cost=2569.73..2569.73 rows=29 width=4) (actual time=23.949..23.950 rows=30 loops=1)
                                             Buckets: 1024  Batches: 1  Memory Usage: 10kB
                                             Buffers: shared hit=558 read=916
                                             ->  Seq Scan on date_dim  (cost=0.00..2569.73 rows=29 width=4) (actual time=12.275..23.936 rows=30 loops=1)
                                                   Filter: ((d_year = 2001) AND (d_moy = 11))
                                                   Rows Removed by Filter: 73019
                                                   Buffers: shared hit=558 read=916
                                 ->  Index Scan using customer_pkey on customer  (cost=0.43..0.67 rows=1 width=16) (actual time=0.022..0.022 rows=1 loops=294240)
                                       Index Cond: (c_customer_sk = catalog_returns.cr_returning_customer_sk)
                                       Buffers: shared hit=1152886 read=70
                           ->  Memoize  (cost=0.29..0.31 rows=1 width=4) (actual time=0.001..0.001 rows=0 loops=288239)
                                 Cache Key: customer.c_current_hdemo_sk
                                 Cache Mode: logical
                                 Hits: 281039  Misses: 7200  Evictions: 0  Overflows: 0  Memory Usage: 521kB
                                 Buffers: shared hit=21597
                                 ->  Index Scan using household_demographics_pkey on household_demographics  (cost=0.28..0.30 rows=1 width=4) (actual time=0.015..0.015 rows=0 loops=7200)
                                       Index Cond: (hd_demo_sk = customer.c_current_hdemo_sk)
                                       Filter: (hd_buy_potential ~~ '>10000%'::text)
                                       Rows Removed by Filter: 1
                                       Buffers: shared hit=21597
                     ->  Index Scan using customer_demographics_pkey on customer_demographics  (cost=0.43..0.72 rows=1 width=4) (actual time=0.024..0.024 rows=0 loops=52028)
                           Index Cond: (cd_demo_sk = customer.c_current_cdemo_sk)
                           Filter: (((cd_marital_status = 'M'::bpchar) AND (cd_education_status = 'Unknown'::bpchar)) OR ((cd_marital_status = 'W'::bpchar) AND (cd_education_status = 'Advanced Degree'::bpchar)))
                           Rows Removed by Filter: 1
                           Buffers: shared hit=201047 read=3393
               ->  Index Scan using customer_address_pkey on customer_address  (cost=0.42..0.67 rows=1 width=4) (actual time=0.026..0.026 rows=1 loops=7830)
                     Index Cond: (ca_address_sk = customer.c_current_addr_sk)
                     Filter: (ca_gmt_offset = '-6'::numeric)
                     Rows Removed by Filter: 0
                     Buffers: shared hit=28626 read=2694
         ->  Hash  (cost=2.30..2.30 rows=30 width=48) (actual time=0.078..0.078 rows=30 loops=1)
               Buckets: 1024  Batches: 1  Memory Usage: 11kB
               Buffers: shared hit=2
               ->  Seq Scan on call_center  (cost=0.00..2.30 rows=30 width=48) (actual time=0.032..0.051 rows=30 loops=1)
                     Buffers: shared hit=2
 Planning:
   Buffers: shared hit=415
 Planning Time: 4.511 ms
 Execution Time: 14108.568 ms
(57 rows)

