                                                                                                  QUERY PLAN                                                                                                  
--------------------------------------------------------------------------------------------------------------------------------------------------------------------------------------------------------------
 Aggregate  (cost=716146.24..716146.25 rows=1 width=136) (actual time=12488.519..12488.526 rows=1 loops=1)
   Buffers: shared hit=1196517 read=430265
   ->  Nested Loop  (cost=2571.83..716146.10 rows=9 width=58) (actual time=359.698..12486.732 rows=648 loops=1)
         Buffers: shared hit=1196517 read=430265
         ->  Nested Loop  (cost=2571.69..716144.71 rows=9 width=18) (actual time=359.679..12479.747 rows=655 loops=1)
               Buffers: shared hit=1195221 read=430265
               ->  Nested Loop  (cost=2571.27..716027.25 rows=164 width=22) (actual time=340.755..12352.227 rows=5144 loops=1)
                     Buffers: shared hit=1175405 read=429933
                     ->  Nested Loop  (cost=2570.84..715010.66 rows=1528 width=26) (actual time=329.946..11343.143 rows=38445 loops=1)
                           Buffers: shared hit=1038284 read=413274
                           ->  Nested Loop  (cost=2570.55..712671.62 rows=9167 width=30) (actual time=329.191..11035.925 rows=249306 loops=1)
                                 Buffers: shared hit=1016687 read=413274
                                 ->  Hash Join  (cost=2570.12..706541.62 rows=9167 width=22) (actual time=329.147..5247.643 rows=254456 loops=1)
                                       Hash Cond: (catalog_returns.cr_returned_date_sk = date_dim.d_date_sk)
                                       Buffers: shared hit=19826 read=412911
                                       ->  Seq Scan on catalog_returns  (cost=0.00..647267.12 rows=21600412 width=26) (actual time=0.604..3499.946 rows=21598628 loops=1)
                                             Buffers: shared hit=18352 read=412911
                                       ->  Hash  (cost=2569.73..2569.73 rows=31 width=4) (actual time=21.590..21.591 rows=31 loops=1)
                                             Buckets: 1024  Batches: 1  Memory Usage: 10kB
                                             Buffers: shared hit=1474
                                             ->  Seq Scan on date_dim  (cost=0.00..2569.73 rows=31 width=4) (actual time=11.475..21.578 rows=31 loops=1)
                                                   Filter: ((d_year = 1999) AND (d_moy = 3))
                                                   Rows Removed by Filter: 73018
                                                   Buffers: shared hit=1474
                                 ->  Index Scan using customer_pkey on customer  (cost=0.43..0.67 rows=1 width=16) (actual time=0.022..0.022 rows=1 loops=254456)
                                       Index Cond: (c_customer_sk = catalog_returns.cr_returning_customer_sk)
                                       Buffers: shared hit=996861 read=363
                           ->  Memoize  (cost=0.29..0.31 rows=1 width=4) (actual time=0.001..0.001 rows=0 loops=249306)
                                 Cache Key: customer.c_current_hdemo_sk
                                 Cache Mode: logical
                                 Hits: 242106  Misses: 7200  Evictions: 0  Overflows: 0  Memory Usage: 521kB
                                 Buffers: shared hit=21597
                                 ->  Index Scan using household_demographics_pkey on household_demographics  (cost=0.28..0.30 rows=1 width=4) (actual time=0.016..0.016 rows=0 loops=7200)
                                       Index Cond: (hd_demo_sk = customer.c_current_hdemo_sk)
                                       Filter: (hd_buy_potential ~~ '0-500%'::text)
                                       Rows Removed by Filter: 1
                                       Buffers: shared hit=21597
                     ->  Index Scan using customer_address_pkey on customer_address  (cost=0.42..0.67 rows=1 width=4) (actual time=0.026..0.026 rows=0 loops=38445)
                           Index Cond: (ca_address_sk = customer.c_current_addr_sk)
                           Filter: (ca_gmt_offset = '-7'::numeric)
                           Rows Removed by Filter: 1
                           Buffers: shared hit=137121 read=16659
               ->  Index Scan using customer_demographics_pkey on customer_demographics  (cost=0.43..0.72 rows=1 width=4) (actual time=0.024..0.024 rows=0 loops=5144)
                     Index Cond: (cd_demo_sk = customer.c_current_cdemo_sk)
                     Filter: (((cd_marital_status = 'M'::bpchar) AND (cd_education_status = 'Unknown'::bpchar)) OR ((cd_marital_status = 'W'::bpchar) AND (cd_education_status = 'Advanced Degree'::bpchar)))
                     Rows Removed by Filter: 1
                     Buffers: shared hit=19816 read=332
         ->  Index Scan using call_center_pkey on call_center  (cost=0.14..0.16 rows=1 width=48) (actual time=0.009..0.009 rows=1 loops=655)
               Index Cond: (cc_call_center_sk = catalog_returns.cr_call_center_sk)
               Buffers: shared hit=1296
 Planning:
   Buffers: shared hit=415
 Planning Time: 4.657 ms
 Execution Time: 12489.379 ms
(54 rows)

