                                                                                                     QUERY PLAN                                                                                                     
--------------------------------------------------------------------------------------------------------------------------------------------------------------------------------------------------------------------
 Aggregate  (cost=716164.96..716164.97 rows=1 width=136) (actual time=12600.734..12600.741 rows=1 loops=1)
   Buffers: shared hit=1217840 read=413236
   ->  Hash Join  (cost=2574.37..716164.39 rows=38 width=58) (actual time=1286.720..12594.143 rows=3534 loops=1)
         Hash Cond: (catalog_returns.cr_call_center_sk = call_center.cc_call_center_sk)
         Buffers: shared hit=1217840 read=413236
         ->  Nested Loop  (cost=2571.69..716161.60 rows=38 width=18) (actual time=1286.624..12591.521 rows=3575 loops=1)
               Buffers: shared hit=1217838 read=413236
               ->  Nested Loop  (cost=2571.27..716105.05 rows=85 width=22) (actual time=1285.039..12415.988 rows=6594 loops=1)
                     Buffers: shared hit=1194295 read=410403
                     ->  Nested Loop  (cost=2570.84..715010.66 rows=1528 width=26) (actual time=1279.149..11338.051 rows=43678 loops=1)
                           Buffers: shared hit=1026121 read=406929
                           ->  Nested Loop  (cost=2570.55..712671.62 rows=9167 width=30) (actual time=1279.124..11028.347 rows=244682 loops=1)
                                 Buffers: shared hit=1004536 read=406929
                                 ->  Hash Join  (cost=2570.12..706541.62 rows=9167 width=22) (actual time=1279.087..5252.230 rows=249569 loops=1)
                                       Hash Cond: (catalog_returns.cr_returned_date_sk = date_dim.d_date_sk)
                                       Buffers: shared hit=26148 read=406589
                                       ->  Seq Scan on catalog_returns  (cost=0.00..647267.12 rows=21600412 width=26) (actual time=1.474..3451.353 rows=21598628 loops=1)
                                             Buffers: shared hit=24697 read=406566
                                       ->  Hash  (cost=2569.73..2569.73 rows=31 width=4) (actual time=30.855..30.856 rows=31 loops=1)
                                             Buckets: 1024  Batches: 1  Memory Usage: 10kB
                                             Buffers: shared hit=1451 read=23
                                             ->  Seq Scan on date_dim  (cost=0.00..2569.73 rows=31 width=4) (actual time=17.550..30.842 rows=31 loops=1)
                                                   Filter: ((d_year = 2000) AND (d_moy = 8))
                                                   Rows Removed by Filter: 73018
                                                   Buffers: shared hit=1451 read=23
                                 ->  Index Scan using customer_pkey on customer  (cost=0.43..0.67 rows=1 width=16) (actual time=0.023..0.023 rows=1 loops=249569)
                                       Index Cond: (c_customer_sk = catalog_returns.cr_returning_customer_sk)
                                       Buffers: shared hit=978388 read=340
                           ->  Memoize  (cost=0.29..0.31 rows=1 width=4) (actual time=0.001..0.001 rows=0 loops=244682)
                                 Cache Key: customer.c_current_hdemo_sk
                                 Cache Mode: logical
                                 Hits: 237486  Misses: 7196  Evictions: 0  Overflows: 0  Memory Usage: 520kB
                                 Buffers: shared hit=21585
                                 ->  Index Scan using household_demographics_pkey on household_demographics  (cost=0.28..0.30 rows=1 width=4) (actual time=0.016..0.016 rows=0 loops=7196)
                                       Index Cond: (hd_demo_sk = customer.c_current_hdemo_sk)
                                       Filter: (hd_buy_potential ~~ '>10000%'::text)
                                       Rows Removed by Filter: 1
                                       Buffers: shared hit=21585
                     ->  Index Scan using customer_demographics_pkey on customer_demographics  (cost=0.43..0.72 rows=1 width=4) (actual time=0.024..0.024 rows=0 loops=43678)
                           Index Cond: (cd_demo_sk = customer.c_current_cdemo_sk)
                           Filter: (((cd_marital_status = 'M'::bpchar) AND (cd_education_status = 'Unknown'::bpchar)) OR ((cd_marital_status = 'W'::bpchar) AND (cd_education_status = 'Advanced Degree'::bpchar)))
                           Rows Removed by Filter: 1
                           Buffers: shared hit=168174 read=3474
               ->  Index Scan using customer_address_pkey on customer_address  (cost=0.42..0.67 rows=1 width=4) (actual time=0.026..0.026 rows=1 loops=6594)
                     Index Cond: (ca_address_sk = customer.c_current_addr_sk)
                     Filter: (ca_gmt_offset = '-6'::numeric)
                     Rows Removed by Filter: 0
                     Buffers: shared hit=23543 read=2833
         ->  Hash  (cost=2.30..2.30 rows=30 width=48) (actual time=0.075..0.076 rows=30 loops=1)
               Buckets: 1024  Batches: 1  Memory Usage: 11kB
               Buffers: shared hit=2
               ->  Seq Scan on call_center  (cost=0.00..2.30 rows=30 width=48) (actual time=0.025..0.049 rows=30 loops=1)
                     Buffers: shared hit=2
 Planning:
   Buffers: shared hit=415
 Planning Time: 4.496 ms
 Execution Time: 12601.359 ms
(57 rows)

