                                                                                                  QUERY PLAN                                                                                                  
--------------------------------------------------------------------------------------------------------------------------------------------------------------------------------------------------------------
 Aggregate  (cost=715903.32..715903.33 rows=1 width=136) (actual time=16246.949..16246.955 rows=1 loops=1)
   Buffers: shared hit=1763171 read=426426
   ->  Nested Loop  (cost=2571.82..715903.18 rows=9 width=58) (actual time=2387.706..16244.427 rows=904 loops=1)
         Buffers: shared hit=1763171 read=426426
         ->  Nested Loop  (cost=2571.68..715901.79 rows=9 width=18) (actual time=2387.693..16232.948 rows=913 loops=1)
               Buffers: shared hit=1761363 read=426426
               ->  Nested Loop  (cost=2571.25..715788.62 rows=158 width=22) (actual time=2387.662..16016.833 rows=7787 loops=1)
                     Buffers: shared hit=1733084 read=424077
                     ->  Nested Loop  (cost=2570.83..714805.30 rows=1478 width=26) (actual time=2385.805..14536.927 rows=56671 loops=1)
                           Buffers: shared hit=1519961 read=410516
                           ->  Nested Loop  (cost=2570.54..712473.67 rows=8871 width=30) (actual time=2382.039..14129.949 rows=369035 loops=1)
                                 Buffers: shared hit=1498361 read=410516
                                 ->  Hash Join  (cost=2570.11..706541.60 rows=8871 width=22) (actual time=2381.993..5440.241 rows=376450 loops=1)
                                       Hash Cond: (catalog_returns.cr_returned_date_sk = date_dim.d_date_sk)
                                       Buffers: shared hit=22388 read=410349
                                       ->  Seq Scan on catalog_returns  (cost=0.00..647267.12 rows=21600412 width=26) (actual time=0.064..3560.453 rows=21598628 loops=1)
                                             Buffers: shared hit=20914 read=410349
                                       ->  Hash  (cost=2569.73..2569.73 rows=30 width=4) (actual time=19.882..19.883 rows=30 loops=1)
                                             Buckets: 1024  Batches: 1  Memory Usage: 10kB
                                             Buffers: shared hit=1474
                                             ->  Seq Scan on date_dim  (cost=0.00..2569.73 rows=30 width=4) (actual time=10.730..19.867 rows=30 loops=1)
                                                   Filter: ((d_year = 2002) AND (d_moy = 4))
                                                   Rows Removed by Filter: 73019
                                                   Buffers: shared hit=1474
                                 ->  Index Scan using customer_pkey on customer  (cost=0.43..0.67 rows=1 width=16) (actual time=0.023..0.023 rows=1 loops=376450)
                                       Index Cond: (c_customer_sk = catalog_returns.cr_returning_customer_sk)
                                       Buffers: shared hit=1475973 read=167
                           ->  Memoize  (cost=0.29..0.31 rows=1 width=4) (actual time=0.001..0.001 rows=0 loops=369035)
                                 Cache Key: customer.c_current_hdemo_sk
                                 Cache Mode: logical
                                 Hits: 361834  Misses: 7201  Evictions: 0  Overflows: 0  Memory Usage: 521kB
                                 Buffers: shared hit=21600
                                 ->  Index Scan using household_demographics_pkey on household_demographics  (cost=0.28..0.30 rows=1 width=4) (actual time=0.015..0.015 rows=0 loops=7201)
                                       Index Cond: (hd_demo_sk = customer.c_current_hdemo_sk)
                                       Filter: (hd_buy_potential ~~ '0-500%'::text)
                                       Rows Removed by Filter: 1
                                       Buffers: shared hit=21600
                     ->  Index Scan using customer_address_pkey on customer_address  (cost=0.42..0.67 rows=1 width=4) (actual time=0.026..0.026 rows=0 loops=56671)
                           Index Cond: (ca_address_sk = customer.c_current_addr_sk)
                           Filter: (ca_gmt_offset = '-7'::numeric)
                           Rows Removed by Filter: 1
                           Buffers: shared hit=213123 read=13561
               ->  Index Scan using customer_demographics_pkey on customer_demographics  (cost=0.43..0.72 rows=1 width=4) (actual time=0.027..0.027 rows=0 loops=7787)
                     Index Cond: (cd_demo_sk = customer.c_current_cdemo_sk)
                     Filter: (((cd_marital_status = 'M'::bpchar) AND (cd_education_status = 'Unknown'::bpchar)) OR ((cd_marital_status = 'W'::bpchar) AND (cd_education_status = 'Advanced Degree'::bpchar)))
                     Rows Removed by Filter: 1
                     Buffers: shared hit=28279 read=2349
         ->  Index Scan using call_center_pkey on call_center  (cost=0.14..0.16 rows=1 width=48) (actual time=0.011..0.011 rows=1 loops=913)
               Index Cond: (cc_call_center_sk = catalog_returns.cr_call_center_sk)
               Buffers: shared hit=1808
 Planning:
   Buffers: shared hit=415
 Planning Time: 4.505 ms
 Execution Time: 16247.799 ms
(54 rows)

