                                                                                                     QUERY PLAN                                                                                                     
--------------------------------------------------------------------------------------------------------------------------------------------------------------------------------------------------------------------
 Aggregate  (cost=715679.29..715679.30 rows=1 width=136) (actual time=10699.782..10699.788 rows=1 loops=1)
   Buffers: shared hit=919621 read=408854
   ->  Hash Join  (cost=2574.34..715678.77 rows=35 width=58) (actual time=10699.777..10699.783 rows=0 loops=1)
         Hash Cond: (catalog_returns.cr_call_center_sk = call_center.cc_call_center_sk)
         Buffers: shared hit=919621 read=408854
         ->  Nested Loop  (cost=2571.67..715675.99 rows=35 width=18) (actual time=10699.670..10699.675 rows=0 loops=1)
               Buffers: shared hit=919619 read=408854
               ->  Nested Loop  (cost=2571.24..715623.43 rows=79 width=22) (actual time=91.960..10667.233 rows=1248 loops=1)
                     Buffers: shared hit=915029 read=408452
                     ->  Nested Loop  (cost=2570.82..714599.95 rows=1429 width=26) (actual time=87.589..9929.130 rows=28855 loops=1)
                           Buffers: shared hit=805724 read=404433
                           ->  Nested Loop  (cost=2570.52..712275.72 rows=8575 width=30) (actual time=85.463..9676.212 rows=188961 loops=1)
                                 Buffers: shared hit=784148 read=404433
                                 ->  Hash Join  (cost=2570.10..706541.59 rows=8575 width=22) (actual time=85.411..5223.186 rows=192746 loops=1)
                                       Hash Cond: (catalog_returns.cr_returned_date_sk = date_dim.d_date_sk)
                                       Buffers: shared hit=28374 read=404363
                                       ->  Seq Scan on catalog_returns  (cost=0.00..647267.12 rows=21600412 width=26) (actual time=0.035..3443.348 rows=21598628 loops=1)
                                             Buffers: shared hit=26900 read=404363
                                       ->  Hash  (cost=2569.73..2569.73 rows=29 width=4) (actual time=20.522..20.523 rows=30 loops=1)
                                             Buckets: 1024  Batches: 1  Memory Usage: 10kB
                                             Buffers: shared hit=1474
                                             ->  Seq Scan on date_dim  (cost=0.00..2569.73 rows=29 width=4) (actual time=11.571..20.504 rows=30 loops=1)
                                                   Filter: ((d_year = 1998) AND (d_moy = 11))
                                                   Rows Removed by Filter: 73019
                                                   Buffers: shared hit=1474
                                 ->  Index Scan using customer_pkey on customer  (cost=0.43..0.67 rows=1 width=16) (actual time=0.023..0.023 rows=1 loops=192746)
                                       Index Cond: (c_customer_sk = catalog_returns.cr_returning_customer_sk)
                                       Buffers: shared hit=755774 read=70
                           ->  Memoize  (cost=0.29..0.31 rows=1 width=4) (actual time=0.001..0.001 rows=0 loops=188961)
                                 Cache Key: customer.c_current_hdemo_sk
                                 Cache Mode: logical
                                 Hits: 181768  Misses: 7193  Evictions: 0  Overflows: 0  Memory Usage: 520kB
                                 Buffers: shared hit=21576
                                 ->  Index Scan using household_demographics_pkey on household_demographics  (cost=0.28..0.30 rows=1 width=4) (actual time=0.015..0.015 rows=0 loops=7193)
                                       Index Cond: (hd_demo_sk = customer.c_current_hdemo_sk)
                                       Filter: (hd_buy_potential ~~ '0-500%'::text)
                                       Rows Removed by Filter: 1
                                       Buffers: shared hit=21576
                     ->  Index Scan using customer_demographics_pkey on customer_demographics  (cost=0.43..0.72 rows=1 width=4) (actual time=0.025..0.025 rows=0 loops=28855)
                           Index Cond: (cd_demo_sk = customer.c_current_cdemo_sk)
                           Filter: (((cd_marital_status = 'M'::bpchar) AND (cd_education_status = 'Unknown'::bpchar)) OR ((cd_marital_status = 'W'::bpchar) AND (cd_education_status = 'Advanced Degree'::bpchar)))
                           Rows Removed by Filter: 1
                           Buffers: shared hit=109305 read=4019
               ->  Index Scan using customer_address_pkey on customer_address  (cost=0.42..0.67 rows=1 width=4) (actual time=0.025..0.025 rows=0 loops=1248)
                     Index Cond: (ca_address_sk = customer.c_current_addr_sk)
                     Filter: (ca_gmt_offset = '-6'::numeric)
                     Rows Removed by Filter: 1
                     Buffers: shared hit=4590 read=402
         ->  Hash  (cost=2.30..2.30 rows=30 width=48) (actual time=0.080..0.081 rows=30 loops=1)
               Buckets: 1024  Batches: 1  Memory Usage: 11kB
               Buffers: shared hit=2
               ->  Seq Scan on call_center  (cost=0.00..2.30 rows=30 width=48) (actual time=0.032..0.054 rows=30 loops=1)
                     Buffers: shared hit=2
 Planning:
   Buffers: shared hit=415
 Planning Time: 4.533 ms
 Execution Time: 10700.652 ms
(57 rows)

