                                                                                                  QUERY PLAN                                                                                                  
--------------------------------------------------------------------------------------------------------------------------------------------------------------------------------------------------------------
 Aggregate  (cost=715661.61..715661.62 rows=1 width=136) (actual time=14259.768..14259.774 rows=1 loops=1)
   Buffers: shared hit=1474011 read=427161
   ->  Nested Loop  (cost=2571.81..715661.49 rows=8 width=58) (actual time=3074.274..14257.486 rows=782 loops=1)
         Buffers: shared hit=1474011 read=427161
         ->  Nested Loop  (cost=2571.67..715660.25 rows=8 width=18) (actual time=3074.261..14247.645 rows=787 loops=1)
               Buffers: shared hit=1472447 read=427161
               ->  Nested Loop  (cost=2571.24..715550.67 rows=153 width=22) (actual time=3072.615..14117.121 rows=5402 loops=1)
                     Buffers: shared hit=1451981 read=426495
                     ->  Nested Loop  (cost=2570.82..714599.95 rows=1429 width=26) (actual time=3066.496..12890.121 rows=48179 loops=1)
                           Buffers: shared hit=1283934 read=401826
                           ->  Nested Loop  (cost=2570.52..712275.72 rows=8575 width=30) (actual time=3063.007..12557.021 rows=307858 loops=1)
                                 Buffers: shared hit=1262343 read=401826
                                 ->  Hash Join  (cost=2570.10..706541.59 rows=8575 width=22) (actual time=3062.976..5517.258 rows=314133 loops=1)
                                       Hash Cond: (catalog_returns.cr_returned_date_sk = date_dim.d_date_sk)
                                       Buffers: shared hit=31250 read=401487
                                       ->  Seq Scan on catalog_returns  (cost=0.00..647267.12 rows=21600412 width=26) (actual time=0.050..3614.814 rows=21598628 loops=1)
                                             Buffers: shared hit=30380 read=400883
                                       ->  Hash  (cost=2569.73..2569.73 rows=29 width=4) (actual time=21.494..21.495 rows=30 loops=1)
                                             Buckets: 1024  Batches: 1  Memory Usage: 10kB
                                             Buffers: shared hit=870 read=604
                                             ->  Seq Scan on date_dim  (cost=0.00..2569.73 rows=29 width=4) (actual time=12.950..21.475 rows=30 loops=1)
                                                   Filter: ((d_year = 2002) AND (d_moy = 11))
                                                   Rows Removed by Filter: 73019
                                                   Buffers: shared hit=870 read=604
                                 ->  Index Scan using customer_pkey on customer  (cost=0.43..0.67 rows=1 width=16) (actual time=0.022..0.022 rows=1 loops=314133)
                                       Index Cond: (c_customer_sk = catalog_returns.cr_returning_customer_sk)
                                       Buffers: shared hit=1231093 read=339
                           ->  Memoize  (cost=0.29..0.31 rows=1 width=4) (actual time=0.001..0.001 rows=0 loops=307858)
                                 Cache Key: customer.c_current_hdemo_sk
                                 Cache Mode: logical
                                 Hits: 300660  Misses: 7198  Evictions: 0  Overflows: 0  Memory Usage: 521kB
                                 Buffers: shared hit=21591
                                 ->  Index Scan using household_demographics_pkey on household_demographics  (cost=0.28..0.30 rows=1 width=4) (actual time=0.014..0.014 rows=0 loops=7198)
                                       Index Cond: (hd_demo_sk = customer.c_current_hdemo_sk)
                                       Filter: (hd_buy_potential ~~ '5001-10000%'::text)
                                       Rows Removed by Filter: 1
                                       Buffers: shared hit=21591
                     ->  Index Scan using customer_address_pkey on customer_address  (cost=0.42..0.67 rows=1 width=4) (actual time=0.025..0.025 rows=0 loops=48179)
                           Index Cond: (ca_address_sk = customer.c_current_addr_sk)
                           Filter: (ca_gmt_offset = '-7'::numeric)
                           Rows Removed by Filter: 1
                           Buffers: shared hit=168047 read=24669
               ->  Index Scan using customer_demographics_pkey on customer_demographics  (cost=0.43..0.72 rows=1 width=4) (actual time=0.024..0.024 rows=0 loops=5402)
                     Index Cond: (cd_demo_sk = customer.c_current_cdemo_sk)
                     Filter: (((cd_marital_status = 'M'::bpchar) AND (cd_education_status = 'Unknown'::bpchar)) OR ((cd_marital_status = 'W'::bpchar) AND (cd_education_status = 'Advanced Degree'::bpchar)))
                     Rows Removed by Filter: 1
                     Buffers: shared hit=20466 read=666
         ->  Index Scan using call_center_pkey on call_center  (cost=0.14..0.16 rows=1 width=48) (actual time=0.011..0.011 rows=1 loops=787)
               Index Cond: (cc_call_center_sk = catalog_returns.cr_call_center_sk)
               Buffers: shared hit=1564
 Planning:
   Buffers: shared hit=384 read=31
 Planning Time: 4.463 ms
 Execution Time: 14260.436 ms
(54 rows)

