                                                                                                     QUERY PLAN                                                                                                     
--------------------------------------------------------------------------------------------------------------------------------------------------------------------------------------------------------------------
 Aggregate  (cost=716164.96..716164.97 rows=1 width=136) (actual time=13162.344..13162.351 rows=1 loops=1)
   Buffers: shared hit=1324059 read=415842
   ->  Hash Join  (cost=2574.37..716164.39 rows=38 width=58) (actual time=13162.340..13162.346 rows=0 loops=1)
         Hash Cond: (catalog_returns.cr_call_center_sk = call_center.cc_call_center_sk)
         Buffers: shared hit=1324059 read=415842
         ->  Nested Loop  (cost=2571.69..716161.60 rows=38 width=18) (actual time=13162.236..13162.241 rows=0 loops=1)
               Buffers: shared hit=1324057 read=415842
               ->  Nested Loop  (cost=2571.27..716105.05 rows=85 width=22) (actual time=2014.706..13110.522 rows=1800 loops=1)
                     Buffers: shared hit=1317471 read=415228
                     ->  Nested Loop  (cost=2570.84..715010.66 rows=1528 width=26) (actual time=2014.676..12037.732 rows=42656 loops=1)
                           Buffers: shared hit=1155670 read=409753
                           ->  Nested Loop  (cost=2570.55..712671.62 rows=9167 width=30) (actual time=2012.703..11718.863 rows=277773 loops=1)
                                 Buffers: shared hit=1134076 read=409753
                                 ->  Hash Join  (cost=2570.12..706541.62 rows=9167 width=22) (actual time=2012.656..5210.616 rows=283537 loops=1)
                                       Hash Cond: (catalog_returns.cr_returned_date_sk = date_dim.d_date_sk)
                                       Buffers: shared hit=23224 read=409513
                                       ->  Seq Scan on catalog_returns  (cost=0.00..647267.12 rows=21600412 width=26) (actual time=0.043..3465.894 rows=21598628 loops=1)
                                             Buffers: shared hit=22620 read=408643
                                       ->  Hash  (cost=2569.73..2569.73 rows=31 width=4) (actual time=25.932..25.933 rows=31 loops=1)
                                             Buckets: 1024  Batches: 1  Memory Usage: 10kB
                                             Buffers: shared hit=604 read=870
                                             ->  Seq Scan on date_dim  (cost=0.00..2569.73 rows=31 width=4) (actual time=13.873..25.914 rows=31 loops=1)
                                                   Filter: ((d_year = 2001) AND (d_moy = 10))
                                                   Rows Removed by Filter: 73018
                                                   Buffers: shared hit=604 read=870
                                 ->  Index Scan using customer_pkey on customer  (cost=0.43..0.67 rows=1 width=16) (actual time=0.022..0.022 rows=1 loops=283537)
                                       Index Cond: (c_customer_sk = catalog_returns.cr_returning_customer_sk)
                                       Buffers: shared hit=1110852 read=240
                           ->  Memoize  (cost=0.29..0.31 rows=1 width=4) (actual time=0.001..0.001 rows=0 loops=277773)
                                 Cache Key: customer.c_current_hdemo_sk
                                 Cache Mode: logical
                                 Hits: 270574  Misses: 7199  Evictions: 0  Overflows: 0  Memory Usage: 521kB
                                 Buffers: shared hit=21594
                                 ->  Index Scan using household_demographics_pkey on household_demographics  (cost=0.28..0.30 rows=1 width=4) (actual time=0.015..0.015 rows=0 loops=7199)
                                       Index Cond: (hd_demo_sk = customer.c_current_hdemo_sk)
                                       Filter: (hd_buy_potential ~~ '0-500%'::text)
                                       Rows Removed by Filter: 1
                                       Buffers: shared hit=21594
                     ->  Index Scan using customer_demographics_pkey on customer_demographics  (cost=0.43..0.72 rows=1 width=4) (actual time=0.025..0.025 rows=0 loops=42656)
                           Index Cond: (cd_demo_sk = customer.c_current_cdemo_sk)
                           Filter: (((cd_marital_status = 'M'::bpchar) AND (cd_education_status = 'Unknown'::bpchar)) OR ((cd_marital_status = 'W'::bpchar) AND (cd_education_status = 'Advanced Degree'::bpchar)))
                           Rows Removed by Filter: 1
                           Buffers: shared hit=161801 read=5475
               ->  Index Scan using customer_address_pkey on customer_address  (cost=0.42..0.67 rows=1 width=4) (actual time=0.028..0.028 rows=0 loops=1800)
                     Index Cond: (ca_address_sk = customer.c_current_addr_sk)
                     Filter: (ca_gmt_offset = '-6'::numeric)
                     Rows Removed by Filter: 1
                     Buffers: shared hit=6586 read=614
         ->  Hash  (cost=2.30..2.30 rows=30 width=48) (actual time=0.073..0.074 rows=30 loops=1)
               Buckets: 1024  Batches: 1  Memory Usage: 11kB
               Buffers: shared hit=2
               ->  Seq Scan on call_center  (cost=0.00..2.30 rows=30 width=48) (actual time=0.029..0.050 rows=30 loops=1)
                     Buffers: shared hit=2
 Planning:
   Buffers: shared hit=415
 Planning Time: 4.578 ms
 Execution Time: 13163.175 ms
(57 rows)

