                                                                                                  QUERY PLAN                                                                                                  
--------------------------------------------------------------------------------------------------------------------------------------------------------------------------------------------------------------
 Aggregate  (cost=715903.32..715903.33 rows=1 width=136) (actual time=12432.126..12432.133 rows=1 loops=1)
   Buffers: shared hit=1167484 read=410152
   ->  Nested Loop  (cost=2571.82..715903.18 rows=9 width=58) (actual time=837.025..12431.126 rows=299 loops=1)
         Buffers: shared hit=1167484 read=410152
         ->  Nested Loop  (cost=2571.68..715901.79 rows=9 width=18) (actual time=837.011..12420.233 rows=300 loops=1)
               Buffers: shared hit=1166886 read=410152
               ->  Nested Loop  (cost=2571.25..715788.62 rows=158 width=22) (actual time=808.812..12338.366 rows=3022 loops=1)
                     Buffers: shared hit=1156618 read=408556
                     ->  Nested Loop  (cost=2570.83..714805.30 rows=1478 width=26) (actual time=797.356..11364.513 rows=40284 loops=1)
                           Buffers: shared hit=1000673 read=403365
                           ->  Nested Loop  (cost=2570.54..712473.67 rows=8871 width=30) (actual time=797.329..11075.329 rows=237429 loops=1)
                                 Buffers: shared hit=979088 read=403365
                                 ->  Hash Join  (cost=2570.11..706541.60 rows=8871 width=22) (actual time=797.275..5426.303 rows=242285 loops=1)
                                       Hash Cond: (catalog_returns.cr_returned_date_sk = date_dim.d_date_sk)
                                       Buffers: shared hit=29489 read=403248
                                       ->  Seq Scan on catalog_returns  (cost=0.00..647267.12 rows=21600412 width=26) (actual time=0.050..3588.276 rows=21598628 loops=1)
                                             Buffers: shared hit=28181 read=403082
                                       ->  Hash  (cost=2569.73..2569.73 rows=30 width=4) (actual time=20.473..20.474 rows=31 loops=1)
                                             Buckets: 1024  Batches: 1  Memory Usage: 10kB
                                             Buffers: shared hit=1308 read=166
                                             ->  Seq Scan on date_dim  (cost=0.00..2569.73 rows=30 width=4) (actual time=11.473..20.458 rows=31 loops=1)
                                                   Filter: ((d_year = 1999) AND (d_moy = 12))
                                                   Rows Removed by Filter: 73018
                                                   Buffers: shared hit=1308 read=166
                                 ->  Index Scan using customer_pkey on customer  (cost=0.43..0.67 rows=1 width=16) (actual time=0.023..0.023 rows=1 loops=242285)
                                       Index Cond: (c_customer_sk = catalog_returns.cr_returning_customer_sk)
                                       Buffers: shared hit=949599 read=117
                           ->  Memoize  (cost=0.29..0.31 rows=1 width=4) (actual time=0.001..0.001 rows=0 loops=237429)
                                 Cache Key: customer.c_current_hdemo_sk
                                 Cache Mode: logical
                                 Hits: 230233  Misses: 7196  Evictions: 0  Overflows: 0  Memory Usage: 521kB
                                 Buffers: shared hit=21585
                                 ->  Index Scan using household_demographics_pkey on household_demographics  (cost=0.28..0.30 rows=1 width=4) (actual time=0.015..0.015 rows=0 loops=7196)
                                       Index Cond: (hd_demo_sk = customer.c_current_hdemo_sk)
                                       Filter: (hd_buy_potential ~~ '501-1000%'::text)
                                       Rows Removed by Filter: 1
                                       Buffers: shared hit=21585
                     ->  Index Scan using customer_address_pkey on customer_address  (cost=0.42..0.67 rows=1 width=4) (actual time=0.024..0.024 rows=0 loops=40284)
                           Index Cond: (ca_address_sk = customer.c_current_addr_sk)
                           Filter: (ca_gmt_offset = '-7'::numeric)
                           Rows Removed by Filter: 1
                           Buffers: shared hit=155945 read=5191
               ->  Index Scan using customer_demographics_pkey on customer_demographics  (cost=0.43..0.72 rows=1 width=4) (actual time=0.027..0.027 rows=0 loops=3022)
                     Index Cond: (cd_demo_sk = customer.c_current_cdemo_sk)
                     Filter: (((cd_marital_status = 'M'::bpchar) AND (cd_education_status = 'Unknown'::bpchar)) OR ((cd_marital_status = 'W'::bpchar) AND (cd_education_status = 'Advanced Degree'::bpchar)))
                     Rows Removed by Filter: 1
                     Buffers: shared hit=10268 read=1596
         ->  Index Scan using call_center_pkey on call_center  (cost=0.14..0.16 rows=1 width=48) (actual time=0.035..0.035 rows=1 loops=300)
               Index Cond: (cc_call_center_sk = catalog_returns.cr_call_center_sk)
               Buffers: shared hit=598
 Planning:
   Buffers: shared hit=415
 Planning Time: 4.573 ms
 Execution Time: 12433.061 ms
(54 rows)

