                                                                                                  QUERY PLAN                                                                                                  
--------------------------------------------------------------------------------------------------------------------------------------------------------------------------------------------------------------
 Aggregate  (cost=715903.32..715903.33 rows=1 width=136) (actual time=15500.594..15500.600 rows=1 loops=1)
   Buffers: shared hit=1640133 read=413804
   ->  Nested Loop  (cost=2571.82..715903.18 rows=9 width=58) (actual time=2407.734..15498.957 rows=544 loops=1)
         Buffers: shared hit=1640133 read=413804
         ->  Nested Loop  (cost=2571.68..715901.79 rows=9 width=18) (actual time=2407.720..15491.336 rows=552 loops=1)
               Buffers: shared hit=1639045 read=413804
               ->  Nested Loop  (cost=2571.25..715788.62 rows=158 width=22) (actual time=2331.640..15249.684 rows=8523 loops=1)
                     Buffers: shared hit=1612348 read=407013
                     ->  Nested Loop  (cost=2570.83..714805.30 rows=1478 width=26) (actual time=2311.845..13839.403 rows=57487 loops=1)
                           Buffers: shared hit=1388964 read=400449
                           ->  Nested Loop  (cost=2570.54..712473.67 rows=8871 width=30) (actual time=2308.107..13485.456 rows=333772 loops=1)
                                 Buffers: shared hit=1367376 read=400449
                                 ->  Hash Join  (cost=2570.11..706541.60 rows=8871 width=22) (actual time=2308.059..5642.174 rows=340503 loops=1)
                                       Hash Cond: (catalog_returns.cr_returned_date_sk = date_dim.d_date_sk)
                                       Buffers: shared hit=32449 read=400288
                                       ->  Seq Scan on catalog_returns  (cost=0.00..647267.12 rows=21600412 width=26) (actual time=0.049..3695.236 rows=21598628 loops=1)
                                             Buffers: shared hit=30975 read=400288
                                       ->  Hash  (cost=2569.73..2569.73 rows=30 width=4) (actual time=23.521..23.522 rows=31 loops=1)
                                             Buckets: 1024  Batches: 1  Memory Usage: 10kB
                                             Buffers: shared hit=1474
                                             ->  Seq Scan on date_dim  (cost=0.00..2569.73 rows=30 width=4) (actual time=11.672..23.505 rows=31 loops=1)
                                                   Filter: ((d_year = 2002) AND (d_moy = 1))
                                                   Rows Removed by Filter: 73018
                                                   Buffers: shared hit=1474
                                 ->  Index Scan using customer_pkey on customer  (cost=0.43..0.67 rows=1 width=16) (actual time=0.022..0.022 rows=1 loops=340503)
                                       Index Cond: (c_customer_sk = catalog_returns.cr_returning_customer_sk)
                                       Buffers: shared hit=1334927 read=161
                           ->  Memoize  (cost=0.29..0.31 rows=1 width=4) (actual time=0.001..0.001 rows=0 loops=333772)
                                 Cache Key: customer.c_current_hdemo_sk
                                 Cache Mode: logical
                                 Hits: 326575  Misses: 7197  Evictions: 0  Overflows: 0  Memory Usage: 521kB
                                 Buffers: shared hit=21588
                                 ->  Index Scan using household_demographics_pkey on household_demographics  (cost=0.28..0.30 rows=1 width=4) (actual time=0.014..0.014 rows=0 loops=7197)
                                       Index Cond: (hd_demo_sk = customer.c_current_hdemo_sk)
                                       Filter: (hd_buy_potential ~~ 'Unknown%'::text)
                                       Rows Removed by Filter: 1
                                       Buffers: shared hit=21588
                     ->  Index Scan using customer_address_pkey on customer_address  (cost=0.42..0.67 rows=1 width=4) (actual time=0.024..0.024 rows=0 loops=57487)
                           Index Cond: (ca_address_sk = customer.c_current_addr_sk)
                           Filter: (ca_gmt_offset = '-7'::numeric)
                           Rows Removed by Filter: 1
                           Buffers: shared hit=223384 read=6564
               ->  Index Scan using customer_demographics_pkey on customer_demographics  (cost=0.43..0.72 rows=1 width=4) (actual time=0.028..0.028 rows=0 loops=8523)
                     Index Cond: (cd_demo_sk = customer.c_current_cdemo_sk)
                     Filter: (((cd_marital_status = 'M'::bpchar) AND (cd_education_status = 'Unknown'::bpchar)) OR ((cd_marital_status = 'W'::bpchar) AND (cd_education_status = 'Advanced Degree'::bpchar)))
                     Rows Removed by Filter: 1
                     Buffers: shared hit=26697 read=6791
         ->  Index Scan using call_center_pkey on call_center  (cost=0.14..0.16 rows=1 width=48) (actual time=0.012..0.012 rows=1 loops=552)
               Index Cond: (cc_call_center_sk = catalog_returns.cr_call_center_sk)
               Buffers: shared hit=1088
 Planning:
   Buffers: shared hit=415
 Planning Time: 4.578 ms
 Execution Time: 15501.430 ms
(54 rows)

