                                                                                                     QUERY PLAN                                                                                                     
--------------------------------------------------------------------------------------------------------------------------------------------------------------------------------------------------------------------
 Aggregate  (cost=715679.29..715679.30 rows=1 width=136) (actual time=11628.438..11628.447 rows=1 loops=1)
   Buffers: shared hit=1041712 read=432007
   ->  Hash Join  (cost=2574.34..715678.77 rows=35 width=58) (actual time=752.418..11622.811 rows=3058 loops=1)
         Hash Cond: (catalog_returns.cr_call_center_sk = call_center.cc_call_center_sk)
         Buffers: shared hit=1041712 read=432007
         ->  Nested Loop  (cost=2571.67..715675.99 rows=35 width=18) (actual time=752.328..11620.520 rows=3086 loops=1)
               Buffers: shared hit=1041710 read=432007
               ->  Nested Loop  (cost=2571.24..715623.43 rows=79 width=22) (actual time=752.292..11504.683 rows=3924 loops=1)
                     Buffers: shared hit=1026397 read=431624
                     ->  Nested Loop  (cost=2570.82..714599.95 rows=1429 width=26) (actual time=747.937..10564.647 rows=36744 loops=1)
                           Buffers: shared hit=904708 read=408961
                           ->  Nested Loop  (cost=2570.52..712275.72 rows=8575 width=30) (actual time=745.586..10296.325 rows=214839 loops=1)
                                 Buffers: shared hit=883132 read=408961
                                 ->  Hash Join  (cost=2570.10..706541.59 rows=8575 width=22) (actual time=745.526..5314.488 rows=219252 loops=1)
                                       Hash Cond: (catalog_returns.cr_returned_date_sk = date_dim.d_date_sk)
                                       Buffers: shared hit=23866 read=408871
                                       ->  Seq Scan on catalog_returns  (cost=0.00..647267.12 rows=21600412 width=26) (actual time=0.030..3512.299 rows=21598628 loops=1)
                                             Buffers: shared hit=22392 read=408871
                                       ->  Hash  (cost=2569.73..2569.73 rows=29 width=4) (actual time=20.207..20.209 rows=30 loops=1)
                                             Buckets: 1024  Batches: 1  Memory Usage: 10kB
                                             Buffers: shared hit=1474
                                             ->  Seq Scan on date_dim  (cost=0.00..2569.73 rows=29 width=4) (actual time=11.415..20.189 rows=30 loops=1)
                                                   Filter: ((d_year = 1999) AND (d_moy = 11))
                                                   Rows Removed by Filter: 73019
                                                   Buffers: shared hit=1474
                                 ->  Index Scan using customer_pkey on customer  (cost=0.43..0.67 rows=1 width=16) (actual time=0.022..0.022 rows=1 loops=219252)
                                       Index Cond: (c_customer_sk = catalog_returns.cr_returning_customer_sk)
                                       Buffers: shared hit=859266 read=90
                           ->  Memoize  (cost=0.29..0.31 rows=1 width=4) (actual time=0.001..0.001 rows=0 loops=214839)
                                 Cache Key: customer.c_current_hdemo_sk
                                 Cache Mode: logical
                                 Hits: 207646  Misses: 7193  Evictions: 0  Overflows: 0  Memory Usage: 520kB
                                 Buffers: shared hit=21576
                                 ->  Index Scan using household_demographics_pkey on household_demographics  (cost=0.28..0.30 rows=1 width=4) (actual time=0.015..0.015 rows=0 loops=7193)
                                       Index Cond: (hd_demo_sk = customer.c_current_hdemo_sk)
                                       Filter: (hd_buy_potential ~~ 'Unknown%'::text)
                                       Rows Removed by Filter: 1
                                       Buffers: shared hit=21576
                     ->  Index Scan using customer_demographics_pkey on customer_demographics  (cost=0.43..0.72 rows=1 width=4) (actual time=0.025..0.025 rows=0 loops=36744)
                           Index Cond: (cd_demo_sk = customer.c_current_cdemo_sk)
                           Filter: (((cd_marital_status = 'M'::bpchar) AND (cd_education_status = 'Unknown'::bpchar)) OR ((cd_marital_status = 'W'::bpchar) AND (cd_education_status = 'Advanced Degree'::bpchar)))
                           Rows Removed by Filter: 1
                           Buffers: shared hit=121689 read=22663
               ->  Index Scan using customer_address_pkey on customer_address  (cost=0.42..0.67 rows=1 width=4) (actual time=0.029..0.029 rows=1 loops=3924)
                     Index Cond: (ca_address_sk = customer.c_current_addr_sk)
                     Filter: (ca_gmt_offset = '-6'::numeric)
                     Rows Removed by Filter: 0
                     Buffers: shared hit=15313 read=383
         ->  Hash  (cost=2.30..2.30 rows=30 width=48) (actual time=0.067..0.067 rows=30 loops=1)
               Buckets: 1024  Batches: 1  Memory Usage: 11kB
               Buffers: shared hit=2
               ->  Seq Scan on call_center  (cost=0.00..2.30 rows=30 width=48) (actual time=0.026..0.044 rows=30 loops=1)
                     Buffers: shared hit=2
 Planning:
   Buffers: shared hit=415
 Planning Time: 4.293 ms
 Execution Time: 11629.233 ms
(57 rows)

