                                                                                                     QUERY PLAN                                                                                                     
--------------------------------------------------------------------------------------------------------------------------------------------------------------------------------------------------------------------
 Aggregate  (cost=715921.76..715921.77 rows=1 width=136) (actual time=11054.062..11054.069 rows=1 loops=1)
   Buffers: shared hit=977078 read=428700
   ->  Hash Join  (cost=2574.36..715921.22 rows=36 width=58) (actual time=654.108..11048.974 rows=2807 loops=1)
         Hash Cond: (catalog_returns.cr_call_center_sk = call_center.cc_call_center_sk)
         Buffers: shared hit=977078 read=428700
         ->  Nested Loop  (cost=2571.68..715918.44 rows=36 width=18) (actual time=654.029..11046.923 rows=2836 loops=1)
               Buffers: shared hit=977076 read=428700
               ->  Nested Loop  (cost=2571.26..715863.88 rows=82 width=22) (actual time=653.991..10916.258 rows=5183 loops=1)
                     Buffers: shared hit=957205 read=427839
                     ->  Nested Loop  (cost=2570.83..714805.30 rows=1478 width=26) (actual time=653.630..10017.007 rows=35391 loops=1)
                           Buffers: shared hit=831056 read=414884
                           ->  Nested Loop  (cost=2570.54..712473.67 rows=8871 width=30) (actual time=645.565..9765.294 rows=197906 loops=1)
                                 Buffers: shared hit=809477 read=414884
                                 ->  Hash Join  (cost=2570.11..706541.60 rows=8871 width=22) (actual time=645.519..5210.373 rows=201935 loops=1)
                                       Hash Cond: (catalog_returns.cr_returned_date_sk = date_dim.d_date_sk)
                                       Buffers: shared hit=17983 read=414754
                                       ->  Seq Scan on catalog_returns  (cost=0.00..647267.12 rows=21600412 width=26) (actual time=0.030..3529.029 rows=21598628 loops=1)
                                             Buffers: shared hit=17983 read=413280
                                       ->  Hash  (cost=2569.73..2569.73 rows=30 width=4) (actual time=23.194..23.196 rows=30 loops=1)
                                             Buckets: 1024  Batches: 1  Memory Usage: 10kB
                                             Buffers: shared read=1474
                                             ->  Seq Scan on date_dim  (cost=0.00..2569.73 rows=30 width=4) (actual time=12.663..23.182 rows=30 loops=1)
                                                   Filter: ((d_year = 1999) AND (d_moy = 9))
                                                   Rows Removed by Filter: 73019
                                                   Buffers: shared read=1474
                                 ->  Index Scan using customer_pkey on customer  (cost=0.43..0.67 rows=1 width=16) (actual time=0.022..0.022 rows=1 loops=201935)
                                       Index Cond: (c_customer_sk = catalog_returns.cr_returning_customer_sk)
                                       Buffers: shared hit=791494 read=130
                           ->  Memoize  (cost=0.29..0.31 rows=1 width=4) (actual time=0.001..0.001 rows=0 loops=197906)
                                 Cache Key: customer.c_current_hdemo_sk
                                 Cache Mode: logical
                                 Hits: 190712  Misses: 7194  Evictions: 0  Overflows: 0  Memory Usage: 520kB
                                 Buffers: shared hit=21579
                                 ->  Index Scan using household_demographics_pkey on household_demographics  (cost=0.28..0.30 rows=1 width=4) (actual time=0.014..0.014 rows=0 loops=7194)
                                       Index Cond: (hd_demo_sk = customer.c_current_hdemo_sk)
                                       Filter: (hd_buy_potential ~~ '>10000%'::text)
                                       Rows Removed by Filter: 1
                                       Buffers: shared hit=21579
                     ->  Index Scan using customer_demographics_pkey on customer_demographics  (cost=0.43..0.72 rows=1 width=4) (actual time=0.025..0.025 rows=0 loops=35391)
                           Index Cond: (cd_demo_sk = customer.c_current_cdemo_sk)
                           Filter: (((cd_marital_status = 'M'::bpchar) AND (cd_education_status = 'Unknown'::bpchar)) OR ((cd_marital_status = 'W'::bpchar) AND (cd_education_status = 'Advanced Degree'::bpchar)))
                           Rows Removed by Filter: 1
                           Buffers: shared hit=126149 read=12955
               ->  Index Scan using customer_address_pkey on customer_address  (cost=0.42..0.67 rows=1 width=4) (actual time=0.025..0.025 rows=1 loops=5183)
                     Index Cond: (ca_address_sk = customer.c_current_addr_sk)
                     Filter: (ca_gmt_offset = '-6'::numeric)
                     Rows Removed by Filter: 0
                     Buffers: shared hit=19871 read=861
         ->  Hash  (cost=2.30..2.30 rows=30 width=48) (actual time=0.056..0.057 rows=30 loops=1)
               Buckets: 1024  Batches: 1  Memory Usage: 11kB
               Buffers: shared hit=2
               ->  Seq Scan on call_center  (cost=0.00..2.30 rows=30 width=48) (actual time=0.021..0.036 rows=30 loops=1)
                     Buffers: shared hit=2
 Planning:
   Buffers: shared hit=384 read=31
 Planning Time: 4.844 ms
 Execution Time: 11054.846 ms
(57 rows)

