                                                                                                     QUERY PLAN                                                                                                     
--------------------------------------------------------------------------------------------------------------------------------------------------------------------------------------------------------------------
 Aggregate  (cost=715921.76..715921.77 rows=1 width=136) (actual time=14577.619..14577.626 rows=1 loops=1)
   Buffers: shared hit=1514950 read=423718
   ->  Hash Join  (cost=2574.36..715921.22 rows=36 width=58) (actual time=14577.615..14577.621 rows=0 loops=1)
         Hash Cond: (catalog_returns.cr_call_center_sk = call_center.cc_call_center_sk)
         Buffers: shared hit=1514950 read=423718
         ->  Nested Loop  (cost=2571.68..715918.44 rows=36 width=18) (actual time=14577.555..14577.561 rows=0 loops=1)
               Buffers: shared hit=1514948 read=423718
               ->  Nested Loop  (cost=2571.26..715863.88 rows=82 width=22) (actual time=2171.312..14546.352 rows=1172 loops=1)
                     Buffers: shared hit=1510524 read=423454
                     ->  Nested Loop  (cost=2570.83..714805.30 rows=1478 width=26) (actual time=2147.662..13234.020 rows=52975 loops=1)
                           Buffers: shared hit=1314725 read=411029
                           ->  Nested Loop  (cost=2570.54..712473.67 rows=8871 width=30) (actual time=2145.773..12884.050 rows=317858 loops=1)
                                 Buffers: shared hit=1293140 read=411029
                                 ->  Hash Join  (cost=2570.11..706541.60 rows=8871 width=22) (actual time=2145.725..5475.161 rows=324351 loops=1)
                                       Hash Cond: (catalog_returns.cr_returned_date_sk = date_dim.d_date_sk)
                                       Buffers: shared hit=21963 read=410774
                                       ->  Seq Scan on catalog_returns  (cost=0.00..647267.12 rows=21600412 width=26) (actual time=0.019..3605.708 rows=21598628 loops=1)
                                             Buffers: shared hit=20489 read=410774
                                       ->  Hash  (cost=2569.73..2569.73 rows=30 width=4) (actual time=16.728..16.729 rows=31 loops=1)
                                             Buckets: 1024  Batches: 1  Memory Usage: 10kB
                                             Buffers: shared hit=1474
                                             ->  Seq Scan on date_dim  (cost=0.00..2569.73 rows=30 width=4) (actual time=9.372..16.717 rows=31 loops=1)
                                                   Filter: ((d_year = 2001) AND (d_moy = 12))
                                                   Rows Removed by Filter: 73018
                                                   Buffers: shared hit=1474
                                 ->  Index Scan using customer_pkey on customer  (cost=0.43..0.67 rows=1 width=16) (actual time=0.022..0.022 rows=1 loops=324351)
                                       Index Cond: (c_customer_sk = catalog_returns.cr_returning_customer_sk)
                                       Buffers: shared hit=1271177 read=255
                           ->  Memoize  (cost=0.29..0.31 rows=1 width=4) (actual time=0.001..0.001 rows=0 loops=317858)
                                 Cache Key: customer.c_current_hdemo_sk
                                 Cache Mode: logical
                                 Hits: 310662  Misses: 7196  Evictions: 0  Overflows: 0  Memory Usage: 521kB
                                 Buffers: shared hit=21585
                                 ->  Index Scan using household_demographics_pkey on household_demographics  (cost=0.28..0.30 rows=1 width=4) (actual time=0.016..0.016 rows=0 loops=7196)
                                       Index Cond: (hd_demo_sk = customer.c_current_hdemo_sk)
                                       Filter: (hd_buy_potential ~~ '501-1000%'::text)
                                       Rows Removed by Filter: 1
                                       Buffers: shared hit=21585
                     ->  Index Scan using customer_demographics_pkey on customer_demographics  (cost=0.43..0.72 rows=1 width=4) (actual time=0.024..0.024 rows=0 loops=52975)
                           Index Cond: (cd_demo_sk = customer.c_current_cdemo_sk)
                           Filter: (((cd_marital_status = 'M'::bpchar) AND (cd_education_status = 'Unknown'::bpchar)) OR ((cd_marital_status = 'W'::bpchar) AND (cd_education_status = 'Advanced Degree'::bpchar)))
                           Rows Removed by Filter: 1
                           Buffers: shared hit=195799 read=12425
               ->  Index Scan using customer_address_pkey on customer_address  (cost=0.42..0.67 rows=1 width=4) (actual time=0.026..0.026 rows=0 loops=1172)
                     Index Cond: (ca_address_sk = customer.c_current_addr_sk)
                     Filter: (ca_gmt_offset = '-6'::numeric)
                     Rows Removed by Filter: 1
                     Buffers: shared hit=4424 read=264
         ->  Hash  (cost=2.30..2.30 rows=30 width=48) (actual time=0.043..0.044 rows=30 loops=1)
               Buckets: 1024  Batches: 1  Memory Usage: 11kB
               Buffers: shared hit=2
               ->  Seq Scan on call_center  (cost=0.00..2.30 rows=30 width=48) (actual time=0.017..0.030 rows=30 loops=1)
                     Buffers: shared hit=2
 Planning:
   Buffers: shared hit=415
 Planning Time: 2.496 ms
 Execution Time: 14578.081 ms
(57 rows)

