                                                                                                     QUERY PLAN                                                                                                     
--------------------------------------------------------------------------------------------------------------------------------------------------------------------------------------------------------------------
 Aggregate  (cost=716164.96..716164.97 rows=1 width=136) (actual time=14968.587..14968.593 rows=1 loops=1)
   Buffers: shared hit=1583444 read=407692
   ->  Hash Join  (cost=2574.37..716164.39 rows=38 width=58) (actual time=14968.582..14968.588 rows=0 loops=1)
         Hash Cond: (catalog_returns.cr_call_center_sk = call_center.cc_call_center_sk)
         Buffers: shared hit=1583444 read=407692
         ->  Nested Loop  (cost=2571.69..716161.60 rows=38 width=18) (actual time=14968.492..14968.498 rows=0 loops=1)
               Buffers: shared hit=1583442 read=407692
               ->  Nested Loop  (cost=2571.27..716105.05 rows=85 width=22) (actual time=1645.092..14932.844 rows=1207 loops=1)
                     Buffers: shared hit=1579389 read=406917
                     ->  Nested Loop  (cost=2570.84..715010.66 rows=1528 width=26) (actual time=1633.914..13565.157 rows=55443 loops=1)
                           Buffers: shared hit=1368550 read=400168
                           ->  Nested Loop  (cost=2570.55..712671.62 rows=9167 width=30) (actual time=1631.474..13205.173 rows=328596 loops=1)
                                 Buffers: shared hit=1346953 read=400168
                                 ->  Hash Join  (cost=2570.12..706541.62 rows=9167 width=22) (actual time=1631.436..5400.915 rows=335231 loops=1)
                                       Hash Cond: (catalog_returns.cr_returned_date_sk = date_dim.d_date_sk)
                                       Buffers: shared hit=32904 read=399833
                                       ->  Seq Scan on catalog_returns  (cost=0.00..647267.12 rows=21600412 width=26) (actual time=0.031..3509.986 rows=21598628 loops=1)
                                             Buffers: shared hit=31430 read=399833
                                       ->  Hash  (cost=2569.73..2569.73 rows=31 width=4) (actual time=21.753..21.754 rows=31 loops=1)
                                             Buckets: 1024  Batches: 1  Memory Usage: 10kB
                                             Buffers: shared hit=1474
                                             ->  Seq Scan on date_dim  (cost=0.00..2569.73 rows=31 width=4) (actual time=11.514..21.736 rows=31 loops=1)
                                                   Filter: ((d_year = 2001) AND (d_moy = 3))
                                                   Rows Removed by Filter: 73018
                                                   Buffers: shared hit=1474
                                 ->  Index Scan using customer_pkey on customer  (cost=0.43..0.67 rows=1 width=16) (actual time=0.023..0.023 rows=1 loops=335231)
                                       Index Cond: (c_customer_sk = catalog_returns.cr_returning_customer_sk)
                                       Buffers: shared hit=1314049 read=335
                           ->  Memoize  (cost=0.29..0.31 rows=1 width=4) (actual time=0.001..0.001 rows=0 loops=328596)
                                 Cache Key: customer.c_current_hdemo_sk
                                 Cache Mode: logical
                                 Hits: 321396  Misses: 7200  Evictions: 0  Overflows: 0  Memory Usage: 521kB
                                 Buffers: shared hit=21597
                                 ->  Index Scan using household_demographics_pkey on household_demographics  (cost=0.28..0.30 rows=1 width=4) (actual time=0.015..0.015 rows=0 loops=7200)
                                       Index Cond: (hd_demo_sk = customer.c_current_hdemo_sk)
                                       Filter: (hd_buy_potential ~~ '501-1000%'::text)
                                       Rows Removed by Filter: 1
                                       Buffers: shared hit=21597
                     ->  Index Scan using customer_demographics_pkey on customer_demographics  (cost=0.43..0.72 rows=1 width=4) (actual time=0.024..0.024 rows=0 loops=55443)
                           Index Cond: (cd_demo_sk = customer.c_current_cdemo_sk)
                           Filter: (((cd_marital_status = 'M'::bpchar) AND (cd_education_status = 'Unknown'::bpchar)) OR ((cd_marital_status = 'W'::bpchar) AND (cd_education_status = 'Advanced Degree'::bpchar)))
                           Rows Removed by Filter: 1
                           Buffers: shared hit=210839 read=6749
               ->  Index Scan using customer_address_pkey on customer_address  (cost=0.42..0.67 rows=1 width=4) (actual time=0.029..0.029 rows=0 loops=1207)
                     Index Cond: (ca_address_sk = customer.c_current_addr_sk)
                     Filter: (ca_gmt_offset = '-6'::numeric)
                     Rows Removed by Filter: 1
                     Buffers: shared hit=4053 read=775
         ->  Hash  (cost=2.30..2.30 rows=30 width=48) (actual time=0.067..0.068 rows=30 loops=1)
               Buckets: 1024  Batches: 1  Memory Usage: 11kB
               Buffers: shared hit=2
               ->  Seq Scan on call_center  (cost=0.00..2.30 rows=30 width=48) (actual time=0.025..0.044 rows=30 loops=1)
                     Buffers: shared hit=2
 Planning:
   Buffers: shared hit=415
 Planning Time: 4.246 ms
 Execution Time: 14969.327 ms
(57 rows)

