                                                                                                  QUERY PLAN                                                                                                  
--------------------------------------------------------------------------------------------------------------------------------------------------------------------------------------------------------------
 Aggregate  (cost=715903.32..715903.33 rows=1 width=136) (actual time=10952.056..10952.062 rows=1 loops=1)
   Buffers: shared hit=972349 read=429815
   ->  Nested Loop  (cost=2571.82..715903.18 rows=9 width=58) (actual time=697.743..10951.174 rows=252 loops=1)
         Buffers: shared hit=972349 read=429815
         ->  Nested Loop  (cost=2571.68..715901.79 rows=9 width=18) (actual time=697.718..10947.511 rows=256 loops=1)
               Buffers: shared hit=971845 read=429815
               ->  Nested Loop  (cost=2571.25..715788.62 rows=158 width=22) (actual time=653.499..10850.297 rows=3603 loops=1)
                     Buffers: shared hit=957993 read=429511
                     ->  Nested Loop  (cost=2570.83..714805.30 rows=1478 width=26) (actual time=645.483..9948.660 rows=35391 loops=1)
                           Buffers: shared hit=834243 read=411697
                           ->  Nested Loop  (cost=2570.54..712473.67 rows=8871 width=30) (actual time=637.023..9710.170 rows=197906 loops=1)
                                 Buffers: shared hit=812664 read=411697
                                 ->  Hash Join  (cost=2570.11..706541.60 rows=8871 width=22) (actual time=636.955..5158.043 rows=201935 loops=1)
                                       Hash Cond: (catalog_returns.cr_returned_date_sk = date_dim.d_date_sk)
                                       Buffers: shared hit=21117 read=411620
                                       ->  Seq Scan on catalog_returns  (cost=0.00..647267.12 rows=21600412 width=26) (actual time=0.224..3436.618 rows=21598628 loops=1)
                                             Buffers: shared hit=19806 read=411457
                                       ->  Hash  (cost=2569.73..2569.73 rows=30 width=4) (actual time=20.592..20.593 rows=30 loops=1)
                                             Buckets: 1024  Batches: 1  Memory Usage: 10kB
                                             Buffers: shared hit=1311 read=163
                                             ->  Seq Scan on date_dim  (cost=0.00..2569.73 rows=30 width=4) (actual time=10.678..20.581 rows=30 loops=1)
                                                   Filter: ((d_year = 1999) AND (d_moy = 9))
                                                   Rows Removed by Filter: 73019
                                                   Buffers: shared hit=1311 read=163
                                 ->  Index Scan using customer_pkey on customer  (cost=0.43..0.67 rows=1 width=16) (actual time=0.022..0.022 rows=1 loops=201935)
                                       Index Cond: (c_customer_sk = catalog_returns.cr_returning_customer_sk)
                                       Buffers: shared hit=791547 read=77
                           ->  Memoize  (cost=0.29..0.31 rows=1 width=4) (actual time=0.001..0.001 rows=0 loops=197906)
                                 Cache Key: customer.c_current_hdemo_sk
                                 Cache Mode: logical
                                 Hits: 190712  Misses: 7194  Evictions: 0  Overflows: 0  Memory Usage: 520kB
                                 Buffers: shared hit=21579
                                 ->  Index Scan using household_demographics_pkey on household_demographics  (cost=0.28..0.30 rows=1 width=4) (actual time=0.012..0.012 rows=0 loops=7194)
                                       Index Cond: (hd_demo_sk = customer.c_current_hdemo_sk)
                                       Filter: (hd_buy_potential ~~ '>10000%'::text)
                                       Rows Removed by Filter: 1
                                       Buffers: shared hit=21579
                     ->  Index Scan using customer_address_pkey on customer_address  (cost=0.42..0.67 rows=1 width=4) (actual time=0.025..0.025 rows=0 loops=35391)
                           Index Cond: (ca_address_sk = customer.c_current_addr_sk)
                           Filter: (ca_gmt_offset = '-7'::numeric)
                           Rows Removed by Filter: 1
                           Buffers: shared hit=123750 read=17814
               ->  Index Scan using customer_demographics_pkey on customer_demographics  (cost=0.43..0.72 rows=1 width=4) (actual time=0.027..0.027 rows=0 loops=3603)
                     Index Cond: (cd_demo_sk = customer.c_current_cdemo_sk)
                     Filter: (((cd_marital_status = 'M'::bpchar) AND (cd_education_status = 'Unknown'::bpchar)) OR ((cd_marital_status = 'W'::bpchar) AND (cd_education_status = 'Advanced Degree'::bpchar)))
                     Rows Removed by Filter: 1
                     Buffers: shared hit=13852 read=304
         ->  Index Scan using call_center_pkey on call_center  (cost=0.14..0.16 rows=1 width=48) (actual time=0.013..0.013 rows=1 loops=256)
               Index Cond: (cc_call_center_sk = catalog_returns.cr_call_center_sk)
               Buffers: shared hit=504
 Planning:
   Buffers: shared hit=415
 Planning Time: 4.903 ms
 Execution Time: 10952.801 ms
(54 rows)

