                                                                                                  QUERY PLAN                                                                                                  
--------------------------------------------------------------------------------------------------------------------------------------------------------------------------------------------------------------
 Aggregate  (cost=715903.32..715903.33 rows=1 width=136) (actual time=14531.543..14531.548 rows=1 loops=1)
   Buffers: shared hit=1497084 read=428487
   ->  Nested Loop  (cost=2571.82..715903.18 rows=9 width=58) (actual time=1847.624..14530.205 rows=388 loops=1)
         Buffers: shared hit=1497084 read=428487
         ->  Nested Loop  (cost=2571.68..715901.79 rows=9 width=18) (actual time=1847.608..14526.354 rows=389 loops=1)
               Buffers: shared hit=1496308 read=428487
               ->  Nested Loop  (cost=2571.25..715788.62 rows=158 width=22) (actual time=1736.707..14388.714 rows=5409 loops=1)
                     Buffers: shared hit=1476174 read=427417
                     ->  Nested Loop  (cost=2570.83..714805.30 rows=1478 width=26) (actual time=1722.773..13034.322 rows=54520 loops=1)
                           Buffers: shared hit=1272412 read=413099
                           ->  Nested Loop  (cost=2570.54..712473.67 rows=8871 width=30) (actual time=1713.897..12693.118 rows=307795 loops=1)
                                 Buffers: shared hit=1250818 read=413099
                                 ->  Hash Join  (cost=2570.11..706541.60 rows=8871 width=22) (actual time=1713.853..5404.889 rows=314076 loops=1)
                                       Hash Cond: (catalog_returns.cr_returned_date_sk = date_dim.d_date_sk)
                                       Buffers: shared hit=20047 read=412690
                                       ->  Seq Scan on catalog_returns  (cost=0.00..647267.12 rows=21600412 width=26) (actual time=0.403..3568.494 rows=21598628 loops=1)
                                             Buffers: shared hit=19226 read=412037
                                       ->  Hash  (cost=2569.73..2569.73 rows=30 width=4) (actual time=23.410..23.410 rows=30 loops=1)
                                             Buckets: 1024  Batches: 1  Memory Usage: 10kB
                                             Buffers: shared hit=821 read=653
                                             ->  Seq Scan on date_dim  (cost=0.00..2569.73 rows=30 width=4) (actual time=10.954..23.400 rows=30 loops=1)
                                                   Filter: ((d_year = 2001) AND (d_moy = 6))
                                                   Rows Removed by Filter: 73019
                                                   Buffers: shared hit=821 read=653
                                 ->  Index Scan using customer_pkey on customer  (cost=0.43..0.67 rows=1 width=16) (actual time=0.023..0.023 rows=1 loops=314076)
                                       Index Cond: (c_customer_sk = catalog_returns.cr_returning_customer_sk)
                                       Buffers: shared hit=1230771 read=409
                           ->  Memoize  (cost=0.29..0.31 rows=1 width=4) (actual time=0.001..0.001 rows=0 loops=307795)
                                 Cache Key: customer.c_current_hdemo_sk
                                 Cache Mode: logical
                                 Hits: 300596  Misses: 7199  Evictions: 0  Overflows: 0  Memory Usage: 521kB
                                 Buffers: shared hit=21594
                                 ->  Index Scan using household_demographics_pkey on household_demographics  (cost=0.28..0.30 rows=1 width=4) (actual time=0.014..0.014 rows=0 loops=7199)
                                       Index Cond: (hd_demo_sk = customer.c_current_hdemo_sk)
                                       Filter: (hd_buy_potential ~~ '>10000%'::text)
                                       Rows Removed by Filter: 1
                                       Buffers: shared hit=21594
                     ->  Index Scan using customer_address_pkey on customer_address  (cost=0.42..0.67 rows=1 width=4) (actual time=0.024..0.024 rows=0 loops=54520)
                           Index Cond: (ca_address_sk = customer.c_current_addr_sk)
                           Filter: (ca_gmt_offset = '-7'::numeric)
                           Rows Removed by Filter: 1
                           Buffers: shared hit=203762 read=14318
               ->  Index Scan using customer_demographics_pkey on customer_demographics  (cost=0.43..0.72 rows=1 width=4) (actual time=0.025..0.025 rows=0 loops=5409)
                     Index Cond: (cd_demo_sk = customer.c_current_cdemo_sk)
                     Filter: (((cd_marital_status = 'M'::bpchar) AND (cd_education_status = 'Unknown'::bpchar)) OR ((cd_marital_status = 'W'::bpchar) AND (cd_education_status = 'Advanced Degree'::bpchar)))
                     Rows Removed by Filter: 1
                     Buffers: shared hit=20134 read=1070
         ->  Index Scan using call_center_pkey on call_center  (cost=0.14..0.16 rows=1 width=48) (actual time=0.008..0.008 rows=1 loops=389)
               Index Cond: (cc_call_center_sk = catalog_returns.cr_call_center_sk)
               Buffers: shared hit=776
 Planning:
   Buffers: shared hit=415
 Planning Time: 1.953 ms
 Execution Time: 14531.950 ms
(54 rows)

