                                                                                                  QUERY PLAN                                                                                                  
--------------------------------------------------------------------------------------------------------------------------------------------------------------------------------------------------------------
 Aggregate  (cost=715420.76..715420.77 rows=1 width=136) (actual time=5293.206..5293.212 rows=1 loops=1)
   Buffers: shared hit=87480 read=401974
   ->  Nested Loop  (cost=2571.79..715420.64 rows=8 width=58) (actual time=65.226..5293.164 rows=10 loops=1)
         Buffers: shared hit=87480 read=401974
         ->  Nested Loop  (cost=2571.66..715419.40 rows=8 width=18) (actual time=65.211..5293.083 rows=10 loops=1)
               Buffers: shared hit=87460 read=401974
               ->  Nested Loop  (cost=2571.23..715313.40 rows=148 width=22) (actual time=32.703..5289.455 rows=149 loops=1)
                     Buffers: shared hit=86922 read=401920
                     ->  Nested Loop  (cost=2570.80..714395.28 rows=1380 width=26) (actual time=21.679..5251.891 rows=1594 loops=1)
                           Buffers: shared hit=80765 read=401701
                           ->  Nested Loop  (cost=2570.51..712078.44 rows=8280 width=30) (actual time=21.098..5177.085 rows=8902 loops=1)
                                 Buffers: shared hit=66644 read=401701
                                 ->  Hash Join  (cost=2570.08..706541.58 rows=8280 width=22) (actual time=21.043..4962.120 rows=9081 loops=1)
                                       Hash Cond: (catalog_returns.cr_returned_date_sk = date_dim.d_date_sk)
                                       Buffers: shared hit=31048 read=401689
                                       ->  Seq Scan on catalog_returns  (cost=0.00..647267.12 rows=21600412 width=26) (actual time=0.050..3327.348 rows=21598628 loops=1)
                                             Buffers: shared hit=29933 read=401330
                                       ->  Hash  (cost=2569.73..2569.73 rows=28 width=4) (actual time=20.946..20.947 rows=28 loops=1)
                                             Buckets: 1024  Batches: 1  Memory Usage: 9kB
                                             Buffers: shared hit=1115 read=359
                                             ->  Seq Scan on date_dim  (cost=0.00..2569.73 rows=28 width=4) (actual time=11.654..20.930 rows=28 loops=1)
                                                   Filter: ((d_year = 1998) AND (d_moy = 2))
                                                   Rows Removed by Filter: 73021
                                                   Buffers: shared hit=1115 read=359
                                 ->  Index Scan using customer_pkey on customer  (cost=0.43..0.67 rows=1 width=16) (actual time=0.023..0.023 rows=1 loops=9081)
                                       Index Cond: (c_customer_sk = catalog_returns.cr_returning_customer_sk)
                                       Buffers: shared hit=35596 read=12
                           ->  Memoize  (cost=0.29..0.31 rows=1 width=4) (actual time=0.008..0.008 rows=0 loops=8902)
                                 Cache Key: customer.c_current_hdemo_sk
                                 Cache Mode: logical
                                 Hits: 4194  Misses: 4708  Evictions: 0  Overflows: 0  Memory Usage: 341kB
                                 Buffers: shared hit=14121
                                 ->  Index Scan using household_demographics_pkey on household_demographics  (cost=0.28..0.30 rows=1 width=4) (actual time=0.015..0.015 rows=0 loops=4708)
                                       Index Cond: (hd_demo_sk = customer.c_current_hdemo_sk)
                                       Filter: (hd_buy_potential ~~ '>10000%'::text)
                                       Rows Removed by Filter: 1
                                       Buffers: shared hit=14121
                     ->  Index Scan using customer_address_pkey on customer_address  (cost=0.42..0.67 rows=1 width=4) (actual time=0.023..0.023 rows=0 loops=1594)
                           Index Cond: (ca_address_sk = customer.c_current_addr_sk)
                           Filter: (ca_gmt_offset = '-7'::numeric)
                           Rows Removed by Filter: 1
                           Buffers: shared hit=6157 read=219
               ->  Index Scan using customer_demographics_pkey on customer_demographics  (cost=0.43..0.72 rows=1 width=4) (actual time=0.024..0.024 rows=0 loops=149)
                     Index Cond: (cd_demo_sk = customer.c_current_cdemo_sk)
                     Filter: (((cd_marital_status = 'M'::bpchar) AND (cd_education_status = 'Unknown'::bpchar)) OR ((cd_marital_status = 'W'::bpchar) AND (cd_education_status = 'Advanced Degree'::bpchar)))
                     Rows Removed by Filter: 1
                     Buffers: shared hit=538 read=54
         ->  Index Scan using call_center_pkey on call_center  (cost=0.14..0.16 rows=1 width=48) (actual time=0.006..0.006 rows=1 loops=10)
               Index Cond: (cc_call_center_sk = catalog_returns.cr_call_center_sk)
               Buffers: shared hit=20
 Planning:
   Buffers: shared hit=415
 Planning Time: 4.492 ms
 Execution Time: 5294.020 ms
(54 rows)

