                                                                                                  QUERY PLAN                                                                                                  
--------------------------------------------------------------------------------------------------------------------------------------------------------------------------------------------------------------
 Aggregate  (cost=715903.32..715903.33 rows=1 width=136) (actual time=12059.529..12059.536 rows=1 loops=1)
   Buffers: shared hit=1128120 read=421827
   ->  Nested Loop  (cost=2571.82..715903.18 rows=9 width=58) (actual time=1081.240..12057.901 rows=543 loops=1)
         Buffers: shared hit=1128120 read=421827
         ->  Nested Loop  (cost=2571.68..715901.79 rows=9 width=18) (actual time=1081.220..12051.706 rows=550 loops=1)
               Buffers: shared hit=1127034 read=421827
               ->  Nested Loop  (cost=2571.25..715788.62 rows=158 width=22) (actual time=1064.165..11938.648 rows=3985 loops=1)
                     Buffers: shared hit=1112392 read=420817
                     ->  Nested Loop  (cost=2570.83..714805.30 rows=1478 width=26) (actual time=1057.598..11032.881 rows=36810 loops=1)
                           Buffers: shared hit=975031 read=410938
                           ->  Nested Loop  (cost=2570.54..712473.67 rows=8871 width=30) (actual time=1052.464..10750.284 rows=232914 loops=1)
                                 Buffers: shared hit=953455 read=410938
                                 ->  Hash Join  (cost=2570.11..706541.60 rows=8871 width=22) (actual time=1052.411..5286.239 rows=237520 loops=1)
                                       Hash Cond: (catalog_returns.cr_returned_date_sk = date_dim.d_date_sk)
                                       Buffers: shared hit=22001 read=410736
                                       ->  Seq Scan on catalog_returns  (cost=0.00..647267.12 rows=21600412 width=26) (actual time=0.419..3497.309 rows=21598628 loops=1)
                                             Buffers: shared hit=20561 read=410702
                                       ->  Hash  (cost=2569.73..2569.73 rows=30 width=4) (actual time=29.468..29.469 rows=30 loops=1)
                                             Buckets: 1024  Batches: 1  Memory Usage: 10kB
                                             Buffers: shared hit=1440 read=34
                                             ->  Seq Scan on date_dim  (cost=0.00..2569.73 rows=30 width=4) (actual time=17.538..29.452 rows=30 loops=1)
                                                   Filter: ((d_year = 2000) AND (d_moy = 6))
                                                   Rows Removed by Filter: 73019
                                                   Buffers: shared hit=1440 read=34
                                 ->  Index Scan using customer_pkey on customer  (cost=0.43..0.67 rows=1 width=16) (actual time=0.022..0.022 rows=1 loops=237520)
                                       Index Cond: (c_customer_sk = catalog_returns.cr_returning_customer_sk)
                                       Buffers: shared hit=931454 read=202
                           ->  Memoize  (cost=0.29..0.31 rows=1 width=4) (actual time=0.001..0.001 rows=0 loops=232914)
                                 Cache Key: customer.c_current_hdemo_sk
                                 Cache Mode: logical
                                 Hits: 225721  Misses: 7193  Evictions: 0  Overflows: 0  Memory Usage: 520kB
                                 Buffers: shared hit=21576
                                 ->  Index Scan using household_demographics_pkey on household_demographics  (cost=0.28..0.30 rows=1 width=4) (actual time=0.015..0.015 rows=0 loops=7193)
                                       Index Cond: (hd_demo_sk = customer.c_current_hdemo_sk)
                                       Filter: (hd_buy_potential ~~ '5001-10000%'::text)
                                       Rows Removed by Filter: 1
                                       Buffers: shared hit=21576
                     ->  Index Scan using customer_address_pkey on customer_address  (cost=0.42..0.67 rows=1 width=4) (actual time=0.024..0.024 rows=0 loops=36810)
                           Index Cond: (ca_address_sk = customer.c_current_addr_sk)
                           Filter: (ca_gmt_offset = '-7'::numeric)
                           Rows Removed by Filter: 1
                           Buffers: shared hit=137361 read=9879
               ->  Index Scan using customer_demographics_pkey on customer_demographics  (cost=0.43..0.72 rows=1 width=4) (actual time=0.028..0.028 rows=0 loops=3985)
                     Index Cond: (cd_demo_sk = customer.c_current_cdemo_sk)
                     Filter: (((cd_marital_status = 'M'::bpchar) AND (cd_education_status = 'Unknown'::bpchar)) OR ((cd_marital_status = 'W'::bpchar) AND (cd_education_status = 'Advanced Degree'::bpchar)))
                     Rows Removed by Filter: 1
                     Buffers: shared hit=14642 read=1010
         ->  Index Scan using call_center_pkey on call_center  (cost=0.14..0.16 rows=1 width=48) (actual time=0.010..0.010 rows=1 loops=550)
               Index Cond: (cc_call_center_sk = catalog_returns.cr_call_center_sk)
               Buffers: shared hit=1086
 Planning:
   Buffers: shared hit=415
 Planning Time: 5.488 ms
 Execution Time: 12060.356 ms
(54 rows)

