                                                                                                  QUERY PLAN                                                                                                  
--------------------------------------------------------------------------------------------------------------------------------------------------------------------------------------------------------------
 Aggregate  (cost=716146.24..716146.25 rows=1 width=136) (actual time=13795.229..13795.235 rows=1 loops=1)
   Buffers: shared hit=1395568 read=415155
   ->  Nested Loop  (cost=2571.83..716146.10 rows=9 width=58) (actual time=2052.408..13793.220 rows=722 loops=1)
         Buffers: shared hit=1395568 read=415155
         ->  Nested Loop  (cost=2571.69..716144.71 rows=9 width=18) (actual time=2015.256..13783.241 rows=733 loops=1)
               Buffers: shared hit=1394124 read=415155
               ->  Nested Loop  (cost=2571.27..716027.25 rows=164 width=22) (actual time=2001.158..13631.767 rows=5855 loops=1)
                     Buffers: shared hit=1374081 read=412230
                     ->  Nested Loop  (cost=2570.84..715010.66 rows=1528 width=26) (actual time=2000.961..12489.419 rows=44516 loops=1)
                           Buffers: shared hit=1204099 read=404148
                           ->  Nested Loop  (cost=2570.55..712671.62 rows=9167 width=30) (actual time=1999.297..12166.049 rows=288479 loops=1)
                                 Buffers: shared hit=1182505 read=404148
                                 ->  Hash Join  (cost=2570.12..706541.62 rows=9167 width=22) (actual time=1999.248..5448.419 rows=294395 loops=1)
                                       Hash Cond: (catalog_returns.cr_returned_date_sk = date_dim.d_date_sk)
                                       Buffers: shared hit=28856 read=403881
                                       ->  Seq Scan on catalog_returns  (cost=0.00..647267.12 rows=21600412 width=26) (actual time=0.172..3588.307 rows=21598628 loops=1)
                                             Buffers: shared hit=27416 read=403847
                                       ->  Hash  (cost=2569.73..2569.73 rows=31 width=4) (actual time=12.758..12.759 rows=31 loops=1)
                                             Buckets: 1024  Batches: 1  Memory Usage: 10kB
                                             Buffers: shared hit=1440 read=34
                                             ->  Seq Scan on date_dim  (cost=0.00..2569.73 rows=31 width=4) (actual time=5.711..12.749 rows=31 loops=1)
                                                   Filter: ((d_year = 2001) AND (d_moy = 8))
                                                   Rows Removed by Filter: 73018
                                                   Buffers: shared hit=1440 read=34
                                 ->  Index Scan using customer_pkey on customer  (cost=0.43..0.67 rows=1 width=16) (actual time=0.022..0.022 rows=1 loops=294395)
                                       Index Cond: (c_customer_sk = catalog_returns.cr_returning_customer_sk)
                                       Buffers: shared hit=1153649 read=267
                           ->  Memoize  (cost=0.29..0.31 rows=1 width=4) (actual time=0.001..0.001 rows=0 loops=288479)
                                 Cache Key: customer.c_current_hdemo_sk
                                 Cache Mode: logical
                                 Hits: 281280  Misses: 7199  Evictions: 0  Overflows: 0  Memory Usage: 521kB
                                 Buffers: shared hit=21594
                                 ->  Index Scan using household_demographics_pkey on household_demographics  (cost=0.28..0.30 rows=1 width=4) (actual time=0.015..0.015 rows=0 loops=7199)
                                       Index Cond: (hd_demo_sk = customer.c_current_hdemo_sk)
                                       Filter: (hd_buy_potential ~~ '0-500%'::text)
                                       Rows Removed by Filter: 1
                                       Buffers: shared hit=21594
                     ->  Index Scan using customer_address_pkey on customer_address  (cost=0.42..0.67 rows=1 width=4) (actual time=0.025..0.025 rows=0 loops=44516)
                           Index Cond: (ca_address_sk = customer.c_current_addr_sk)
                           Filter: (ca_gmt_offset = '-7'::numeric)
                           Rows Removed by Filter: 1
                           Buffers: shared hit=169982 read=8082
               ->  Index Scan using customer_demographics_pkey on customer_demographics  (cost=0.43..0.72 rows=1 width=4) (actual time=0.025..0.025 rows=0 loops=5855)
                     Index Cond: (cd_demo_sk = customer.c_current_cdemo_sk)
                     Filter: (((cd_marital_status = 'M'::bpchar) AND (cd_education_status = 'Unknown'::bpchar)) OR ((cd_marital_status = 'W'::bpchar) AND (cd_education_status = 'Advanced Degree'::bpchar)))
                     Rows Removed by Filter: 1
                     Buffers: shared hit=20043 read=2925
         ->  Index Scan using call_center_pkey on call_center  (cost=0.14..0.16 rows=1 width=48) (actual time=0.012..0.012 rows=1 loops=733)
               Index Cond: (cc_call_center_sk = catalog_returns.cr_call_center_sk)
               Buffers: shared hit=1444
 Planning:
   Buffers: shared hit=415
 Planning Time: 1.682 ms
 Execution Time: 13795.634 ms
(54 rows)

