                                                                                                     QUERY PLAN                                                                                                     
--------------------------------------------------------------------------------------------------------------------------------------------------------------------------------------------------------------------
 Aggregate  (cost=715921.76..715921.77 rows=1 width=136) (actual time=10328.521..10328.528 rows=1 loops=1)
   Buffers: shared hit=861858 read=416307
   ->  Hash Join  (cost=2574.36..715921.22 rows=36 width=58) (actual time=23.880..10324.043 rows=2431 loops=1)
         Hash Cond: (catalog_returns.cr_call_center_sk = call_center.cc_call_center_sk)
         Buffers: shared hit=861858 read=416307
         ->  Nested Loop  (cost=2571.68..715918.44 rows=36 width=18) (actual time=23.777..10322.219 rows=2454 loops=1)
               Buffers: shared hit=861856 read=416307
               ->  Nested Loop  (cost=2571.26..715863.88 rows=82 width=22) (actual time=22.569..10247.874 rows=3175 loops=1)
                     Buffers: shared hit=849693 read=415770
                     ->  Nested Loop  (cost=2570.83..714805.30 rows=1478 width=26) (actual time=19.686..9489.048 rows=29567 loops=1)
                           Buffers: shared hit=740677 read=408526
                           ->  Nested Loop  (cost=2570.54..712473.67 rows=8871 width=30) (actual time=18.428..9242.657 rows=173724 loops=1)
                                 Buffers: shared hit=719107 read=408526
                                 ->  Hash Join  (cost=2570.11..706541.60 rows=8871 width=22) (actual time=18.368..5092.272 rows=177321 loops=1)
                                       Hash Cond: (catalog_returns.cr_returned_date_sk = date_dim.d_date_sk)
                                       Buffers: shared hit=24297 read=408440
                                       ->  Seq Scan on catalog_returns  (cost=0.00..647267.12 rows=21600412 width=26) (actual time=0.029..3365.504 rows=21598628 loops=1)
                                             Buffers: shared hit=22823 read=408440
                                       ->  Hash  (cost=2569.73..2569.73 rows=30 width=4) (actual time=18.308..18.309 rows=30 loops=1)
                                             Buckets: 1024  Batches: 1  Memory Usage: 10kB
                                             Buffers: shared hit=1474
                                             ->  Seq Scan on date_dim  (cost=0.00..2569.73 rows=30 width=4) (actual time=10.205..18.290 rows=30 loops=1)
                                                   Filter: ((d_year = 1998) AND (d_moy = 6))
                                                   Rows Removed by Filter: 73019
                                                   Buffers: shared hit=1474
                                 ->  Index Scan using customer_pkey on customer  (cost=0.43..0.67 rows=1 width=16) (actual time=0.023..0.023 rows=1 loops=177321)
                                       Index Cond: (c_customer_sk = catalog_returns.cr_returning_customer_sk)
                                       Buffers: shared hit=694810 read=86
                           ->  Memoize  (cost=0.29..0.31 rows=1 width=4) (actual time=0.001..0.001 rows=0 loops=173724)
                                 Cache Key: customer.c_current_hdemo_sk
                                 Cache Mode: logical
                                 Hits: 166533  Misses: 7191  Evictions: 0  Overflows: 0  Memory Usage: 520kB
                                 Buffers: shared hit=21570
                                 ->  Index Scan using household_demographics_pkey on household_demographics  (cost=0.28..0.30 rows=1 width=4) (actual time=0.015..0.015 rows=0 loops=7191)
                                       Index Cond: (hd_demo_sk = customer.c_current_hdemo_sk)
                                       Filter: (hd_buy_potential ~~ 'Unknown%'::text)
                                       Rows Removed by Filter: 1
                                       Buffers: shared hit=21570
                     ->  Index Scan using customer_demographics_pkey on customer_demographics  (cost=0.43..0.72 rows=1 width=4) (actual time=0.025..0.025 rows=0 loops=29567)
                           Index Cond: (cd_demo_sk = customer.c_current_cdemo_sk)
                           Filter: (((cd_marital_status = 'M'::bpchar) AND (cd_education_status = 'Unknown'::bpchar)) OR ((cd_marital_status = 'W'::bpchar) AND (cd_education_status = 'Advanced Degree'::bpchar)))
                           Rows Removed by Filter: 1
                           Buffers: shared hit=109016 read=7244
               ->  Index Scan using customer_address_pkey on customer_address  (cost=0.42..0.67 rows=1 width=4) (actual time=0.023..0.023 rows=1 loops=3175)
                     Index Cond: (ca_address_sk = customer.c_current_addr_sk)
                     Filter: (ca_gmt_offset = '-6'::numeric)
                     Rows Removed by Filter: 0
                     Buffers: shared hit=12163 read=537
         ->  Hash  (cost=2.30..2.30 rows=30 width=48) (actual time=0.077..0.077 rows=30 loops=1)
               Buckets: 1024  Batches: 1  Memory Usage: 11kB
               Buffers: shared hit=2
               ->  Seq Scan on call_center  (cost=0.00..2.30 rows=30 width=48) (actual time=0.029..0.050 rows=30 loops=1)
                     Buffers: shared hit=2
 Planning:
   Buffers: shared hit=415
 Planning Time: 4.528 ms
 Execution Time: 10329.348 ms
(57 rows)

