                                                                                                  QUERY PLAN                                                                                                  
--------------------------------------------------------------------------------------------------------------------------------------------------------------------------------------------------------------
 Aggregate  (cost=715903.32..715903.33 rows=1 width=136) (actual time=12255.057..12255.063 rows=1 loops=1)
   Buffers: shared hit=1149410 read=419653
   ->  Nested Loop  (cost=2571.82..715903.18 rows=9 width=58) (actual time=1136.373..12253.760 rows=391 loops=1)
         Buffers: shared hit=1149410 read=419653
         ->  Nested Loop  (cost=2571.68..715901.79 rows=9 width=18) (actual time=1136.359..12250.396 rows=399 loops=1)
               Buffers: shared hit=1148628 read=419653
               ->  Nested Loop  (cost=2571.25..715788.62 rows=158 width=22) (actual time=1136.322..12095.297 rows=5879 loops=1)
                     Buffers: shared hit=1127203 read=417954
                     ->  Nested Loop  (cost=2570.83..714805.30 rows=1478 width=26) (actual time=1136.295..11109.547 rows=39797 loops=1)
                           Buffers: shared hit=976661 read=409308
                           ->  Nested Loop  (cost=2570.54..712473.67 rows=8871 width=30) (actual time=1134.293..10837.892 rows=232914 loops=1)
                                 Buffers: shared hit=955085 read=409308
                                 ->  Hash Join  (cost=2570.11..706541.60 rows=8871 width=22) (actual time=1134.243..5394.187 rows=237520 loops=1)
                                       Hash Cond: (catalog_returns.cr_returned_date_sk = date_dim.d_date_sk)
                                       Buffers: shared hit=23558 read=409179
                                       ->  Seq Scan on catalog_returns  (cost=0.00..647267.12 rows=21600412 width=26) (actual time=0.039..3567.448 rows=21598628 loops=1)
                                             Buffers: shared hit=23058 read=408205
                                       ->  Hash  (cost=2569.73..2569.73 rows=30 width=4) (actual time=22.031..22.032 rows=30 loops=1)
                                             Buckets: 1024  Batches: 1  Memory Usage: 10kB
                                             Buffers: shared hit=500 read=974
                                             ->  Seq Scan on date_dim  (cost=0.00..2569.73 rows=30 width=4) (actual time=10.501..22.017 rows=30 loops=1)
                                                   Filter: ((d_year = 2000) AND (d_moy = 6))
                                                   Rows Removed by Filter: 73019
                                                   Buffers: shared hit=500 read=974
                                 ->  Index Scan using customer_pkey on customer  (cost=0.43..0.67 rows=1 width=16) (actual time=0.022..0.022 rows=1 loops=237520)
                                       Index Cond: (c_customer_sk = catalog_returns.cr_returning_customer_sk)
                                       Buffers: shared hit=931527 read=129
                           ->  Memoize  (cost=0.29..0.31 rows=1 width=4) (actual time=0.001..0.001 rows=0 loops=232914)
                                 Cache Key: customer.c_current_hdemo_sk
                                 Cache Mode: logical
                                 Hits: 225721  Misses: 7193  Evictions: 0  Overflows: 0  Memory Usage: 520kB
                                 Buffers: shared hit=21576
                                 ->  Index Scan using household_demographics_pkey on household_demographics  (cost=0.28..0.30 rows=1 width=4) (actual time=0.013..0.013 rows=0 loops=7193)
                                       Index Cond: (hd_demo_sk = customer.c_current_hdemo_sk)
                                       Filter: (hd_buy_potential ~~ 'Unknown%'::text)
                                       Rows Removed by Filter: 1
                                       Buffers: shared hit=21576
                     ->  Index Scan using customer_address_pkey on customer_address  (cost=0.42..0.67 rows=1 width=4) (actual time=0.024..0.024 rows=0 loops=39797)
                           Index Cond: (ca_address_sk = customer.c_current_addr_sk)
                           Filter: (ca_gmt_offset = '-7'::numeric)
                           Rows Removed by Filter: 1
                           Buffers: shared hit=150542 read=8646
               ->  Index Scan using customer_demographics_pkey on customer_demographics  (cost=0.43..0.72 rows=1 width=4) (actual time=0.026..0.026 rows=0 loops=5879)
                     Index Cond: (cd_demo_sk = customer.c_current_cdemo_sk)
                     Filter: (((cd_marital_status = 'M'::bpchar) AND (cd_education_status = 'Unknown'::bpchar)) OR ((cd_marital_status = 'W'::bpchar) AND (cd_education_status = 'Advanced Degree'::bpchar)))
                     Rows Removed by Filter: 1
                     Buffers: shared hit=21425 read=1699
         ->  Index Scan using call_center_pkey on call_center  (cost=0.14..0.16 rows=1 width=48) (actual time=0.007..0.007 rows=1 loops=399)
               Index Cond: (cc_call_center_sk = catalog_returns.cr_call_center_sk)
               Buffers: shared hit=782
 Planning:
   Buffers: shared hit=384 read=31
 Planning Time: 5.002 ms
 Execution Time: 12255.630 ms
(54 rows)

