                                                                                                  QUERY PLAN                                                                                                  
--------------------------------------------------------------------------------------------------------------------------------------------------------------------------------------------------------------
 Aggregate  (cost=715903.32..715903.33 rows=1 width=136) (actual time=12079.649..12079.655 rows=1 loops=1)
   Buffers: shared hit=1137599 read=411126
   ->  Nested Loop  (cost=2571.82..715903.18 rows=9 width=58) (actual time=1142.269..12078.011 rows=564 loops=1)
         Buffers: shared hit=1137599 read=411126
         ->  Nested Loop  (cost=2571.68..715901.79 rows=9 width=18) (actual time=1142.255..12071.414 rows=570 loops=1)
               Buffers: shared hit=1136471 read=411126
               ->  Nested Loop  (cost=2571.25..715788.62 rows=158 width=22) (actual time=1095.747..11936.554 rows=4791 loops=1)
                     Buffers: shared hit=1120211 read=408570
                     ->  Nested Loop  (cost=2570.83..714805.30 rows=1478 width=26) (actual time=1073.457..11063.997 rows=35703 loops=1)
                           Buffers: shared hit=982795 read=403174
                           ->  Nested Loop  (cost=2570.54..712473.67 rows=8871 width=30) (actual time=1073.433..10786.785 rows=232914 loops=1)
                                 Buffers: shared hit=961219 read=403174
                                 ->  Hash Join  (cost=2570.11..706541.60 rows=8871 width=22) (actual time=1073.371..5236.996 rows=237520 loops=1)
                                       Hash Cond: (catalog_returns.cr_returned_date_sk = date_dim.d_date_sk)
                                       Buffers: shared hit=29645 read=403092
                                       ->  Seq Scan on catalog_returns  (cost=0.00..647267.12 rows=21600412 width=26) (actual time=0.038..3455.090 rows=21598628 loops=1)
                                             Buffers: shared hit=28171 read=403092
                                       ->  Hash  (cost=2569.73..2569.73 rows=30 width=4) (actual time=23.456..23.457 rows=30 loops=1)
                                             Buckets: 1024  Batches: 1  Memory Usage: 10kB
                                             Buffers: shared hit=1474
                                             ->  Seq Scan on date_dim  (cost=0.00..2569.73 rows=30 width=4) (actual time=8.291..23.445 rows=30 loops=1)
                                                   Filter: ((d_year = 2000) AND (d_moy = 6))
                                                   Rows Removed by Filter: 73019
                                                   Buffers: shared hit=1474
                                 ->  Index Scan using customer_pkey on customer  (cost=0.43..0.67 rows=1 width=16) (actual time=0.023..0.023 rows=1 loops=237520)
                                       Index Cond: (c_customer_sk = catalog_returns.cr_returning_customer_sk)
                                       Buffers: shared hit=931574 read=82
                           ->  Memoize  (cost=0.29..0.31 rows=1 width=4) (actual time=0.001..0.001 rows=0 loops=232914)
                                 Cache Key: customer.c_current_hdemo_sk
                                 Cache Mode: logical
                                 Hits: 225721  Misses: 7193  Evictions: 0  Overflows: 0  Memory Usage: 520kB
                                 Buffers: shared hit=21576
                                 ->  Index Scan using household_demographics_pkey on household_demographics  (cost=0.28..0.30 rows=1 width=4) (actual time=0.014..0.014 rows=0 loops=7193)
                                       Index Cond: (hd_demo_sk = customer.c_current_hdemo_sk)
                                       Filter: (hd_buy_potential ~~ '0-500%'::text)
                                       Rows Removed by Filter: 1
                                       Buffers: shared hit=21576
                     ->  Index Scan using customer_address_pkey on customer_address  (cost=0.42..0.67 rows=1 width=4) (actual time=0.024..0.024 rows=0 loops=35703)
                           Index Cond: (ca_address_sk = customer.c_current_addr_sk)
                           Filter: (ca_gmt_offset = '-7'::numeric)
                           Rows Removed by Filter: 1
                           Buffers: shared hit=137416 read=5396
               ->  Index Scan using customer_demographics_pkey on customer_demographics  (cost=0.43..0.72 rows=1 width=4) (actual time=0.028..0.028 rows=0 loops=4791)
                     Index Cond: (cd_demo_sk = customer.c_current_cdemo_sk)
                     Filter: (((cd_marital_status = 'M'::bpchar) AND (cd_education_status = 'Unknown'::bpchar)) OR ((cd_marital_status = 'W'::bpchar) AND (cd_education_status = 'Advanced Degree'::bpchar)))
                     Rows Removed by Filter: 1
                     Buffers: shared hit=16260 read=2556
         ->  Index Scan using call_center_pkey on call_center  (cost=0.14..0.16 rows=1 width=48) (actual time=0.010..0.010 rows=1 loops=570)
               Index Cond: (cc_call_center_sk = catalog_returns.cr_call_center_sk)
               Buffers: shared hit=1128
 Planning:
   Buffers: shared hit=415
 Planning Time: 2.851 ms
 Execution Time: 12080.225 ms
(54 rows)

