                                                                                                  QUERY PLAN                                                                                                  
--------------------------------------------------------------------------------------------------------------------------------------------------------------------------------------------------------------
 Aggregate  (cost=716146.24..716146.25 rows=1 width=136) (actual time=15111.323..15111.329 rows=1 loops=1)
   Buffers: shared hit=1593239 read=414341
   ->  Nested Loop  (cost=2571.83..716146.10 rows=9 width=58) (actual time=1592.632..15109.972 rows=395 loops=1)
         Buffers: shared hit=1593239 read=414341
         ->  Nested Loop  (cost=2571.69..716144.71 rows=9 width=18) (actual time=1592.619..15105.563 rows=400 loops=1)
               Buffers: shared hit=1592449 read=414341
               ->  Nested Loop  (cost=2571.27..716027.25 rows=164 width=22) (actual time=1592.595..14986.312 rows=4167 loops=1)
                     Buffers: shared hit=1578938 read=411552
                     ->  Nested Loop  (cost=2570.84..715010.66 rows=1528 width=26) (actual time=1582.358..13593.491 rows=55443 loops=1)
                           Buffers: shared hit=1363961 read=404757
                           ->  Nested Loop  (cost=2570.55..712671.62 rows=9167 width=30) (actual time=1580.023..13228.862 rows=328596 loops=1)
                                 Buffers: shared hit=1342364 read=404757
                                 ->  Hash Join  (cost=2570.12..706541.62 rows=9167 width=22) (actual time=1579.982..5413.683 rows=335231 loops=1)
                                       Hash Cond: (catalog_returns.cr_returned_date_sk = date_dim.d_date_sk)
                                       Buffers: shared hit=28365 read=404372
                                       ->  Seq Scan on catalog_returns  (cost=0.00..647267.12 rows=21600412 width=26) (actual time=0.056..3562.023 rows=21598628 loops=1)
                                             Buffers: shared hit=26891 read=404372
                                       ->  Hash  (cost=2569.73..2569.73 rows=31 width=4) (actual time=18.572..18.573 rows=31 loops=1)
                                             Buckets: 1024  Batches: 1  Memory Usage: 10kB
                                             Buffers: shared hit=1474
                                             ->  Seq Scan on date_dim  (cost=0.00..2569.73 rows=31 width=4) (actual time=10.615..18.556 rows=31 loops=1)
                                                   Filter: ((d_year = 2001) AND (d_moy = 3))
                                                   Rows Removed by Filter: 73018
                                                   Buffers: shared hit=1474
                                 ->  Index Scan using customer_pkey on customer  (cost=0.43..0.67 rows=1 width=16) (actual time=0.023..0.023 rows=1 loops=335231)
                                       Index Cond: (c_customer_sk = catalog_returns.cr_returning_customer_sk)
                                       Buffers: shared hit=1313999 read=385
                           ->  Memoize  (cost=0.29..0.31 rows=1 width=4) (actual time=0.001..0.001 rows=0 loops=328596)
                                 Cache Key: customer.c_current_hdemo_sk
                                 Cache Mode: logical
                                 Hits: 321396  Misses: 7200  Evictions: 0  Overflows: 0  Memory Usage: 521kB
                                 Buffers: shared hit=21597
                                 ->  Index Scan using household_demographics_pkey on household_demographics  (cost=0.28..0.30 rows=1 width=4) (actual time=0.016..0.016 rows=0 loops=7200)
                                       Index Cond: (hd_demo_sk = customer.c_current_hdemo_sk)
                                       Filter: (hd_buy_potential ~~ '501-1000%'::text)
                                       Rows Removed by Filter: 1
                                       Buffers: shared hit=21597
                     ->  Index Scan using customer_address_pkey on customer_address  (cost=0.42..0.67 rows=1 width=4) (actual time=0.025..0.025 rows=0 loops=55443)
                           Index Cond: (ca_address_sk = customer.c_current_addr_sk)
                           Filter: (ca_gmt_offset = '-7'::numeric)
                           Rows Removed by Filter: 1
                           Buffers: shared hit=214977 read=6795
               ->  Index Scan using customer_demographics_pkey on customer_demographics  (cost=0.43..0.72 rows=1 width=4) (actual time=0.028..0.028 rows=0 loops=4167)
                     Index Cond: (cd_demo_sk = customer.c_current_cdemo_sk)
                     Filter: (((cd_marital_status = 'M'::bpchar) AND (cd_education_status = 'Unknown'::bpchar)) OR ((cd_marital_status = 'W'::bpchar) AND (cd_education_status = 'Advanced Degree'::bpchar)))
                     Rows Removed by Filter: 1
                     Buffers: shared hit=13511 read=2789
         ->  Index Scan using call_center_pkey on call_center  (cost=0.14..0.16 rows=1 width=48) (actual time=0.009..0.009 rows=1 loops=400)
               Index Cond: (cc_call_center_sk = catalog_returns.cr_call_center_sk)
               Buffers: shared hit=790
 Planning:
   Buffers: shared hit=415
 Planning Time: 4.538 ms
 Execution Time: 15112.127 ms
(54 rows)

