                                                                                                  QUERY PLAN                                                                                                  
--------------------------------------------------------------------------------------------------------------------------------------------------------------------------------------------------------------
 Aggregate  (cost=716146.24..716146.25 rows=1 width=136) (actual time=14235.804..14235.810 rows=1 loops=1)
   Buffers: shared hit=1498194 read=409373
   ->  Nested Loop  (cost=2571.83..716146.10 rows=9 width=58) (actual time=14235.800..14235.805 rows=0 loops=1)
         Buffers: shared hit=1498194 read=409373
         ->  Nested Loop  (cost=2571.69..716144.71 rows=9 width=18) (actual time=14235.799..14235.804 rows=0 loops=1)
               Buffers: shared hit=1498194 read=409373
               ->  Nested Loop  (cost=2571.27..716027.25 rows=164 width=22) (actual time=2616.300..14103.239 rows=4575 loops=1)
                     Buffers: shared hit=1483820 read=405779
                     ->  Nested Loop  (cost=2570.84..715010.66 rows=1528 width=26) (actual time=2559.610..13069.341 rows=43250 loops=1)
                           Buffers: shared hit=1315443 read=401156
                           ->  Nested Loop  (cost=2570.55..712671.62 rows=9167 width=30) (actual time=2559.021..12726.063 rows=315567 loops=1)
                                 Buffers: shared hit=1293849 read=401156
                                 ->  Hash Join  (cost=2570.12..706541.62 rows=9167 width=22) (actual time=2558.984..5419.161 rows=321885 loops=1)
                                       Hash Cond: (catalog_returns.cr_returned_date_sk = date_dim.d_date_sk)
                                       Buffers: shared hit=31888 read=400849
                                       ->  Seq Scan on catalog_returns  (cost=0.00..647267.12 rows=21600412 width=26) (actual time=0.056..3553.715 rows=21598628 loops=1)
                                             Buffers: shared hit=30414 read=400849
                                       ->  Hash  (cost=2569.73..2569.73 rows=31 width=4) (actual time=20.207..20.208 rows=31 loops=1)
                                             Buckets: 1024  Batches: 1  Memory Usage: 10kB
                                             Buffers: shared hit=1474
                                             ->  Seq Scan on date_dim  (cost=0.00..2569.73 rows=31 width=4) (actual time=12.025..20.192 rows=31 loops=1)
                                                   Filter: ((d_year = 2002) AND (d_moy = 7))
                                                   Rows Removed by Filter: 73018
                                                   Buffers: shared hit=1474
                                 ->  Index Scan using customer_pkey on customer  (cost=0.43..0.67 rows=1 width=16) (actual time=0.022..0.022 rows=1 loops=321885)
                                       Index Cond: (c_customer_sk = catalog_returns.cr_returning_customer_sk)
                                       Buffers: shared hit=1261961 read=307
                           ->  Memoize  (cost=0.29..0.31 rows=1 width=4) (actual time=0.001..0.001 rows=0 loops=315567)
                                 Cache Key: customer.c_current_hdemo_sk
                                 Cache Mode: logical
                                 Hits: 308368  Misses: 7199  Evictions: 0  Overflows: 0  Memory Usage: 521kB
                                 Buffers: shared hit=21594
                                 ->  Index Scan using household_demographics_pkey on household_demographics  (cost=0.28..0.30 rows=1 width=4) (actual time=0.015..0.015 rows=0 loops=7199)
                                       Index Cond: (hd_demo_sk = customer.c_current_hdemo_sk)
                                       Filter: (hd_buy_potential ~~ '1001-5000%'::text)
                                       Rows Removed by Filter: 1
                                       Buffers: shared hit=21594
                     ->  Index Scan using customer_address_pkey on customer_address  (cost=0.42..0.67 rows=1 width=4) (actual time=0.024..0.024 rows=0 loops=43250)
                           Index Cond: (ca_address_sk = customer.c_current_addr_sk)
                           Filter: (ca_gmt_offset = '-7'::numeric)
                           Rows Removed by Filter: 1
                           Buffers: shared hit=168377 read=4623
               ->  Index Scan using customer_demographics_pkey on customer_demographics  (cost=0.43..0.72 rows=1 width=4) (actual time=0.029..0.029 rows=0 loops=4575)
                     Index Cond: (cd_demo_sk = customer.c_current_cdemo_sk)
                     Filter: (((cd_marital_status = 'M'::bpchar) AND (cd_education_status = 'Unknown'::bpchar)) OR ((cd_marital_status = 'W'::bpchar) AND (cd_education_status = 'Advanced Degree'::bpchar)))
                     Rows Removed by Filter: 1
                     Buffers: shared hit=14374 read=3594
         ->  Index Scan using call_center_pkey on call_center  (cost=0.14..0.16 rows=1 width=48) (never executed)
               Index Cond: (cc_call_center_sk = catalog_returns.cr_call_center_sk)
 Planning:
   Buffers: shared hit=415
 Planning Time: 4.532 ms
 Execution Time: 14236.623 ms
(53 rows)

