                                                                                                     QUERY PLAN                                                                                                     
--------------------------------------------------------------------------------------------------------------------------------------------------------------------------------------------------------------------
 Aggregate  (cost=716164.96..716164.97 rows=1 width=136) (actual time=14323.357..14323.365 rows=1 loops=1)
   Buffers: shared hit=1453872 read=427857
   ->  Hash Join  (cost=2574.37..716164.39 rows=38 width=58) (actual time=14323.353..14323.360 rows=0 loops=1)
         Hash Cond: (catalog_returns.cr_call_center_sk = call_center.cc_call_center_sk)
         Buffers: shared hit=1453872 read=427857
         ->  Nested Loop  (cost=2571.69..716161.60 rows=38 width=18) (actual time=14323.246..14323.252 rows=0 loops=1)
               Buffers: shared hit=1453870 read=427857
               ->  Nested Loop  (cost=2571.27..716105.05 rows=85 width=22) (actual time=2888.738..14258.499 rows=2003 loops=1)
                     Buffers: shared hit=1446175 read=427540
                     ->  Nested Loop  (cost=2570.84..715010.66 rows=1528 width=26) (actual time=2873.246..13039.283 rows=47340 loops=1)
                           Buffers: shared hit=1282496 read=405603
                           ->  Nested Loop  (cost=2570.55..712671.62 rows=9167 width=30) (actual time=2866.688..12694.267 rows=308442 loops=1)
                                 Buffers: shared hit=1260902 read=405603
                                 ->  Hash Join  (cost=2570.12..706541.62 rows=9167 width=22) (actual time=2866.643..5545.500 rows=314722 loops=1)
                                       Hash Cond: (catalog_returns.cr_returned_date_sk = date_dim.d_date_sk)
                                       Buffers: shared hit=27392 read=405345
                                       ->  Seq Scan on catalog_returns  (cost=0.00..647267.12 rows=21600412 width=26) (actual time=0.038..3645.032 rows=21598628 loops=1)
                                             Buffers: shared hit=25918 read=405345
                                       ->  Hash  (cost=2569.73..2569.73 rows=31 width=4) (actual time=24.562..24.564 rows=31 loops=1)
                                             Buckets: 1024  Batches: 1  Memory Usage: 10kB
                                             Buffers: shared hit=1474
                                             ->  Seq Scan on date_dim  (cost=0.00..2569.73 rows=31 width=4) (actual time=15.630..24.547 rows=31 loops=1)
                                                   Filter: ((d_year = 2002) AND (d_moy = 10))
                                                   Rows Removed by Filter: 73018
                                                   Buffers: shared hit=1474
                                 ->  Index Scan using customer_pkey on customer  (cost=0.43..0.67 rows=1 width=16) (actual time=0.022..0.022 rows=1 loops=314722)
                                       Index Cond: (c_customer_sk = catalog_returns.cr_returning_customer_sk)
                                       Buffers: shared hit=1233510 read=258
                           ->  Memoize  (cost=0.29..0.31 rows=1 width=4) (actual time=0.001..0.001 rows=0 loops=308442)
                                 Cache Key: customer.c_current_hdemo_sk
                                 Cache Mode: logical
                                 Hits: 301243  Misses: 7199  Evictions: 0  Overflows: 0  Memory Usage: 521kB
                                 Buffers: shared hit=21594
                                 ->  Index Scan using household_demographics_pkey on household_demographics  (cost=0.28..0.30 rows=1 width=4) (actual time=0.015..0.015 rows=0 loops=7199)
                                       Index Cond: (hd_demo_sk = customer.c_current_hdemo_sk)
                                       Filter: (hd_buy_potential ~~ '0-500%'::text)
                                       Rows Removed by Filter: 1
                                       Buffers: shared hit=21594
                     ->  Index Scan using customer_demographics_pkey on customer_demographics  (cost=0.43..0.72 rows=1 width=4) (actual time=0.025..0.025 rows=0 loops=47340)
                           Index Cond: (cd_demo_sk = customer.c_current_cdemo_sk)
                           Filter: (((cd_marital_status = 'M'::bpchar) AND (cd_education_status = 'Unknown'::bpchar)) OR ((cd_marital_status = 'W'::bpchar) AND (cd_education_status = 'Advanced Degree'::bpchar)))
                           Rows Removed by Filter: 1
                           Buffers: shared hit=163679 read=21937
               ->  Index Scan using customer_address_pkey on customer_address  (cost=0.42..0.67 rows=1 width=4) (actual time=0.032..0.032 rows=0 loops=2003)
                     Index Cond: (ca_address_sk = customer.c_current_addr_sk)
                     Filter: (ca_gmt_offset = '-6'::numeric)
                     Rows Removed by Filter: 1
                     Buffers: shared hit=7695 read=317
         ->  Hash  (cost=2.30..2.30 rows=30 width=48) (actual time=0.087..0.088 rows=30 loops=1)
               Buckets: 1024  Batches: 1  Memory Usage: 11kB
               Buffers: shared hit=2
               ->  Seq Scan on call_center  (cost=0.00..2.30 rows=30 width=48) (actual time=0.024..0.062 rows=30 loops=1)
                     Buffers: shared hit=2
 Planning:
   Buffers: shared hit=415
 Planning Time: 4.316 ms
 Execution Time: 14323.960 ms
(57 rows)

