                                                                                                     QUERY PLAN                                                                                                     
--------------------------------------------------------------------------------------------------------------------------------------------------------------------------------------------------------------------
 Aggregate  (cost=715921.76..715921.77 rows=1 width=136) (actual time=10165.139..10165.147 rows=1 loops=1)
   Buffers: shared hit=850133 read=417120
   ->  Hash Join  (cost=2574.36..715921.22 rows=36 width=58) (actual time=10165.134..10165.142 rows=0 loops=1)
         Hash Cond: (catalog_returns.cr_call_center_sk = call_center.cc_call_center_sk)
         Buffers: shared hit=850133 read=417120
         ->  Nested Loop  (cost=2571.68..715918.44 rows=36 width=18) (actual time=10165.061..10165.067 rows=0 loops=1)
               Buffers: shared hit=850131 read=417120
               ->  Nested Loop  (cost=2571.26..715863.88 rows=82 width=22) (actual time=34.687..10145.507 rows=638 loops=1)
                     Buffers: shared hit=847698 read=417001
                     ->  Nested Loop  (cost=2570.83..714805.30 rows=1478 width=26) (actual time=20.631..9396.435 rows=29404 loops=1)
                           Buffers: shared hit=739638 read=409565
                           ->  Nested Loop  (cost=2570.54..712473.67 rows=8871 width=30) (actual time=20.614..9154.483 rows=173724 loops=1)
                                 Buffers: shared hit=718068 read=409565
                                 ->  Hash Join  (cost=2570.11..706541.60 rows=8871 width=22) (actual time=20.566..5081.241 rows=177321 loops=1)
                                       Hash Cond: (catalog_returns.cr_returned_date_sk = date_dim.d_date_sk)
                                       Buffers: shared hit=23237 read=409500
                                       ->  Seq Scan on catalog_returns  (cost=0.00..647267.12 rows=21600412 width=26) (actual time=0.031..3452.596 rows=21598628 loops=1)
                                             Buffers: shared hit=22868 read=408395
                                       ->  Hash  (cost=2569.73..2569.73 rows=30 width=4) (actual time=20.508..20.509 rows=30 loops=1)
                                             Buckets: 1024  Batches: 1  Memory Usage: 10kB
                                             Buffers: shared hit=369 read=1105
                                             ->  Seq Scan on date_dim  (cost=0.00..2569.73 rows=30 width=4) (actual time=11.147..20.496 rows=30 loops=1)
                                                   Filter: ((d_year = 1998) AND (d_moy = 6))
                                                   Rows Removed by Filter: 73019
                                                   Buffers: shared hit=369 read=1105
                                 ->  Index Scan using customer_pkey on customer  (cost=0.43..0.67 rows=1 width=16) (actual time=0.022..0.022 rows=1 loops=177321)
                                       Index Cond: (c_customer_sk = catalog_returns.cr_returning_customer_sk)
                                       Buffers: shared hit=694831 read=65
                           ->  Memoize  (cost=0.29..0.31 rows=1 width=4) (actual time=0.001..0.001 rows=0 loops=173724)
                                 Cache Key: customer.c_current_hdemo_sk
                                 Cache Mode: logical
                                 Hits: 166533  Misses: 7191  Evictions: 0  Overflows: 0  Memory Usage: 520kB
                                 Buffers: shared hit=21570
                                 ->  Index Scan using household_demographics_pkey on household_demographics  (cost=0.28..0.30 rows=1 width=4) (actual time=0.016..0.016 rows=0 loops=7191)
                                       Index Cond: (hd_demo_sk = customer.c_current_hdemo_sk)
                                       Filter: (hd_buy_potential ~~ '501-1000%'::text)
                                       Rows Removed by Filter: 1
                                       Buffers: shared hit=21570
                     ->  Index Scan using customer_demographics_pkey on customer_demographics  (cost=0.43..0.72 rows=1 width=4) (actual time=0.025..0.025 rows=0 loops=29404)
                           Index Cond: (cd_demo_sk = customer.c_current_cdemo_sk)
                           Filter: (((cd_marital_status = 'M'::bpchar) AND (cd_education_status = 'Unknown'::bpchar)) OR ((cd_marital_status = 'W'::bpchar) AND (cd_education_status = 'Advanced Degree'::bpchar)))
                           Rows Removed by Filter: 1
                           Buffers: shared hit=108060 read=7436
               ->  Index Scan using customer_address_pkey on customer_address  (cost=0.42..0.67 rows=1 width=4) (actual time=0.030..0.030 rows=0 loops=638)
                     Index Cond: (ca_address_sk = customer.c_current_addr_sk)
                     Filter: (ca_gmt_offset = '-6'::numeric)
                     Rows Removed by Filter: 1
                     Buffers: shared hit=2433 read=119
         ->  Hash  (cost=2.30..2.30 rows=30 width=48) (actual time=0.055..0.056 rows=30 loops=1)
               Buckets: 1024  Batches: 1  Memory Usage: 11kB
               Buffers: shared hit=2
               ->  Seq Scan on call_center  (cost=0.00..2.30 rows=30 width=48) (actual time=0.021..0.035 rows=30 loops=1)
                     Buffers: shared hit=2
 Planning:
   Buffers: shared hit=384 read=31
 Planning Time: 4.713 ms
 Execution Time: 10165.733 ms
(57 rows)

