                                                                                                     QUERY PLAN                                                                                                     
--------------------------------------------------------------------------------------------------------------------------------------------------------------------------------------------------------------------
 Aggregate  (cost=716164.96..716164.97 rows=1 width=136) (actual time=12628.560..12628.567 rows=1 loops=1)
   Buffers: shared hit=1197665 read=411663
   ->  Hash Join  (cost=2574.37..716164.39 rows=38 width=58) (actual time=12628.554..12628.561 rows=0 loops=1)
         Hash Cond: (catalog_returns.cr_call_center_sk = call_center.cc_call_center_sk)
         Buffers: shared hit=1197665 read=411663
         ->  Nested Loop  (cost=2571.69..716161.60 rows=38 width=18) (actual time=12628.455..12628.461 rows=0 loops=1)
               Buffers: shared hit=1197663 read=411663
               ->  Nested Loop  (cost=2571.27..716105.05 rows=85 width=22) (actual time=374.217..12572.446 rows=1737 loops=1)
                     Buffers: shared hit=1191338 read=411040
                     ->  Nested Loop  (cost=2570.84..715010.66 rows=1528 width=26) (actual time=346.916..11628.281 rows=38445 loops=1)
                           Buffers: shared hit=1046566 read=404992
                           ->  Nested Loop  (cost=2570.55..712671.62 rows=9167 width=30) (actual time=346.070..11330.281 rows=249306 loops=1)
                                 Buffers: shared hit=1024969 read=404992
                                 ->  Hash Join  (cost=2570.12..706541.62 rows=9167 width=22) (actual time=346.031..5419.488 rows=254456 loops=1)
                                       Hash Cond: (catalog_returns.cr_returned_date_sk = date_dim.d_date_sk)
                                       Buffers: shared hit=28076 read=404661
                                       ->  Seq Scan on catalog_returns  (cost=0.00..647267.12 rows=21600412 width=26) (actual time=0.035..3561.949 rows=21598628 loops=1)
                                             Buffers: shared hit=26602 read=404661
                                       ->  Hash  (cost=2569.73..2569.73 rows=31 width=4) (actual time=20.125..20.126 rows=31 loops=1)
                                             Buckets: 1024  Batches: 1  Memory Usage: 10kB
                                             Buffers: shared hit=1474
                                             ->  Seq Scan on date_dim  (cost=0.00..2569.73 rows=31 width=4) (actual time=10.530..20.107 rows=31 loops=1)
                                                   Filter: ((d_year = 1999) AND (d_moy = 3))
                                                   Rows Removed by Filter: 73018
                                                   Buffers: shared hit=1474
                                 ->  Index Scan using customer_pkey on customer  (cost=0.43..0.67 rows=1 width=16) (actual time=0.023..0.023 rows=1 loops=254456)
                                       Index Cond: (c_customer_sk = catalog_returns.cr_returning_customer_sk)
                                       Buffers: shared hit=996893 read=331
                           ->  Memoize  (cost=0.29..0.31 rows=1 width=4) (actual time=0.001..0.001 rows=0 loops=249306)
                                 Cache Key: customer.c_current_hdemo_sk
                                 Cache Mode: logical
                                 Hits: 242106  Misses: 7200  Evictions: 0  Overflows: 0  Memory Usage: 521kB
                                 Buffers: shared hit=21597
                                 ->  Index Scan using household_demographics_pkey on household_demographics  (cost=0.28..0.30 rows=1 width=4) (actual time=0.015..0.015 rows=0 loops=7200)
                                       Index Cond: (hd_demo_sk = customer.c_current_hdemo_sk)
                                       Filter: (hd_buy_potential ~~ '0-500%'::text)
                                       Rows Removed by Filter: 1
                                       Buffers: shared hit=21597
                     ->  Index Scan using customer_demographics_pkey on customer_demographics  (cost=0.43..0.72 rows=1 width=4) (actual time=0.024..0.024 rows=0 loops=38445)
                           Index Cond: (cd_demo_sk = customer.c_current_cdemo_sk)
                           Filter: (((cd_marital_status = 'M'::bpchar) AND (cd_education_status = 'Unknown'::bpchar)) OR ((cd_marital_status = 'W'::bpchar) AND (cd_education_status = 'Advanced Degree'::bpchar)))
                           Rows Removed by Filter: 1
                           Buffers: shared hit=144772 read=6048
               ->  Index Scan using customer_address_pkey on customer_address  (cost=0.42..0.67 rows=1 width=4) (actual time=0.032..0.032 rows=0 loops=1737)
                     Index Cond: (ca_address_sk = customer.c_current_addr_sk)
                     Filter: (ca_gmt_offset = '-6'::numeric)
                     Rows Removed by Filter: 1
                     Buffers: shared hit=6325 read=623
         ->  Hash  (cost=2.30..2.30 rows=30 width=48) (actual time=0.075..0.075 rows=30 loops=1)
               Buckets: 1024  Batches: 1  Memory Usage: 11kB
               Buffers: shared hit=2
               ->  Seq Scan on call_center  (cost=0.00..2.30 rows=30 width=48) (actual time=0.028..0.048 rows=30 loops=1)
                     Buffers: shared hit=2
 Planning:
   Buffers: shared hit=415
 Planning Time: 4.423 ms
 Execution Time: 12629.382 ms
(57 rows)

