                                                                                                     QUERY PLAN                                                                                                     
--------------------------------------------------------------------------------------------------------------------------------------------------------------------------------------------------------------------
 Aggregate  (cost=715679.29..715679.30 rows=1 width=136) (actual time=11016.022..11016.029 rows=1 loops=1)
   Buffers: shared hit=954403 read=409264
   ->  Hash Join  (cost=2574.34..715678.77 rows=35 width=58) (actual time=91.497..11011.000 rows=2730 loops=1)
         Hash Cond: (catalog_returns.cr_call_center_sk = call_center.cc_call_center_sk)
         Buffers: shared hit=954403 read=409264
         ->  Nested Loop  (cost=2571.67..715675.99 rows=35 width=18) (actual time=91.388..11008.944 rows=2754 loops=1)
               Buffers: shared hit=954401 read=409264
               ->  Nested Loop  (cost=2571.24..715623.43 rows=79 width=22) (actual time=91.352..10866.281 rows=5097 loops=1)
                     Buffers: shared hit=937814 read=405463
                     ->  Nested Loop  (cost=2570.82..714599.95 rows=1429 width=26) (actual time=88.455..10038.227 rows=33907 loops=1)
                           Buffers: shared hit=809067 read=401090
                           ->  Nested Loop  (cost=2570.52..712275.72 rows=8575 width=30) (actual time=88.153..9787.413 rows=188961 loops=1)
                                 Buffers: shared hit=787491 read=401090
                                 ->  Hash Join  (cost=2570.10..706541.59 rows=8575 width=22) (actual time=88.110..5224.125 rows=192746 loops=1)
                                       Hash Cond: (catalog_returns.cr_returned_date_sk = date_dim.d_date_sk)
                                       Buffers: shared hit=31892 read=400845
                                       ->  Seq Scan on catalog_returns  (cost=0.00..647267.12 rows=21600412 width=26) (actual time=0.036..3442.213 rows=21598628 loops=1)
                                             Buffers: shared hit=30418 read=400845
                                       ->  Hash  (cost=2569.73..2569.73 rows=29 width=4) (actual time=20.462..20.463 rows=30 loops=1)
                                             Buckets: 1024  Batches: 1  Memory Usage: 10kB
                                             Buffers: shared hit=1474
                                             ->  Seq Scan on date_dim  (cost=0.00..2569.73 rows=29 width=4) (actual time=11.095..20.447 rows=30 loops=1)
                                                   Filter: ((d_year = 1998) AND (d_moy = 11))
                                                   Rows Removed by Filter: 73019
                                                   Buffers: shared hit=1474
                                 ->  Index Scan using customer_pkey on customer  (cost=0.43..0.67 rows=1 width=16) (actual time=0.023..0.023 rows=1 loops=192746)
                                       Index Cond: (c_customer_sk = catalog_returns.cr_returning_customer_sk)
                                       Buffers: shared hit=755599 read=245
                           ->  Memoize  (cost=0.29..0.31 rows=1 width=4) (actual time=0.001..0.001 rows=0 loops=188961)
                                 Cache Key: customer.c_current_hdemo_sk
                                 Cache Mode: logical
                                 Hits: 181768  Misses: 7193  Evictions: 0  Overflows: 0  Memory Usage: 520kB
                                 Buffers: shared hit=21576
                                 ->  Index Scan using household_demographics_pkey on household_demographics  (cost=0.28..0.30 rows=1 width=4) (actual time=0.014..0.014 rows=0 loops=7193)
                                       Index Cond: (hd_demo_sk = customer.c_current_hdemo_sk)
                                       Filter: (hd_buy_potential ~~ '>10000%'::text)
                                       Rows Removed by Filter: 1
                                       Buffers: shared hit=21576
                     ->  Index Scan using customer_demographics_pkey on customer_demographics  (cost=0.43..0.72 rows=1 width=4) (actual time=0.024..0.024 rows=0 loops=33907)
                           Index Cond: (cd_demo_sk = customer.c_current_cdemo_sk)
                           Filter: (((cd_marital_status = 'M'::bpchar) AND (cd_education_status = 'Unknown'::bpchar)) OR ((cd_marital_status = 'W'::bpchar) AND (cd_education_status = 'Advanced Degree'::bpchar)))
                           Rows Removed by Filter: 1
                           Buffers: shared hit=128747 read=4373
               ->  Index Scan using customer_address_pkey on customer_address  (cost=0.42..0.67 rows=1 width=4) (actual time=0.027..0.027 rows=1 loops=5097)
                     Index Cond: (ca_address_sk = customer.c_current_addr_sk)
                     Filter: (ca_gmt_offset = '-6'::numeric)
                     Rows Removed by Filter: 0
                     Buffers: shared hit=16587 read=3801
         ->  Hash  (cost=2.30..2.30 rows=30 width=48) (actual time=0.085..0.086 rows=30 loops=1)
               Buckets: 1024  Batches: 1  Memory Usage: 11kB
               Buffers: shared hit=2
               ->  Seq Scan on call_center  (cost=0.00..2.30 rows=30 width=48) (actual time=0.032..0.058 rows=30 loops=1)
                     Buffers: shared hit=2
 Planning:
   Buffers: shared hit=415
 Planning Time: 4.481 ms
 Execution Time: 11016.778 ms
(57 rows)

