                                                                                                  QUERY PLAN                                                                                                  
--------------------------------------------------------------------------------------------------------------------------------------------------------------------------------------------------------------
 Aggregate  (cost=716146.24..716146.25 rows=1 width=136) (actual time=13092.113..13092.119 rows=1 loops=1)
   Buffers: shared hit=1249008 read=430283
   ->  Nested Loop  (cost=2571.83..716146.10 rows=9 width=58) (actual time=1039.125..13090.983 rows=323 loops=1)
         Buffers: shared hit=1249008 read=430283
         ->  Nested Loop  (cost=2571.69..716144.71 rows=9 width=18) (actual time=1039.111..13087.239 rows=324 loops=1)
               Buffers: shared hit=1248362 read=430283
               ->  Nested Loop  (cost=2571.27..716027.25 rows=164 width=22) (actual time=967.484..13002.555 rows=3211 loops=1)
                     Buffers: shared hit=1236215 read=429778
                     ->  Nested Loop  (cost=2570.84..715010.66 rows=1528 width=26) (actual time=965.541..11863.557 rows=43315 loops=1)
                           Buffers: shared hit=1085229 read=407504
                           ->  Nested Loop  (cost=2570.55..712671.62 rows=9167 width=30) (actual time=963.782..11552.522 rows=259602 loops=1)
                                 Buffers: shared hit=1063641 read=407504
                                 ->  Hash Join  (cost=2570.12..706541.62 rows=9167 width=22) (actual time=963.713..5357.308 rows=264842 loops=1)
                                       Hash Cond: (catalog_returns.cr_returned_date_sk = date_dim.d_date_sk)
                                       Buffers: shared hit=25620 read=407117
                                       ->  Seq Scan on catalog_returns  (cost=0.00..647267.12 rows=21600412 width=26) (actual time=0.043..3558.192 rows=21598628 loops=1)
                                             Buffers: shared hit=24146 read=407117
                                       ->  Hash  (cost=2569.73..2569.73 rows=31 width=4) (actual time=17.199..17.200 rows=31 loops=1)
                                             Buckets: 1024  Batches: 1  Memory Usage: 10kB
                                             Buffers: shared hit=1474
                                             ->  Seq Scan on date_dim  (cost=0.00..2569.73 rows=31 width=4) (actual time=9.743..17.183 rows=31 loops=1)
                                                   Filter: ((d_year = 2000) AND (d_moy = 3))
                                                   Rows Removed by Filter: 73018
                                                   Buffers: shared hit=1474
                                 ->  Index Scan using customer_pkey on customer  (cost=0.43..0.67 rows=1 width=16) (actual time=0.023..0.023 rows=1 loops=264842)
                                       Index Cond: (c_customer_sk = catalog_returns.cr_returning_customer_sk)
                                       Buffers: shared hit=1038021 read=387
                           ->  Memoize  (cost=0.29..0.31 rows=1 width=4) (actual time=0.001..0.001 rows=0 loops=259602)
                                 Cache Key: customer.c_current_hdemo_sk
                                 Cache Mode: logical
                                 Hits: 252405  Misses: 7197  Evictions: 0  Overflows: 0  Memory Usage: 521kB
                                 Buffers: shared hit=21588
                                 ->  Index Scan using household_demographics_pkey on household_demographics  (cost=0.28..0.30 rows=1 width=4) (actual time=0.015..0.015 rows=0 loops=7197)
                                       Index Cond: (hd_demo_sk = customer.c_current_hdemo_sk)
                                       Filter: (hd_buy_potential ~~ '501-1000%'::text)
                                       Rows Removed by Filter: 1
                                       Buffers: shared hit=21588
                     ->  Index Scan using customer_address_pkey on customer_address  (cost=0.42..0.67 rows=1 width=4) (actual time=0.026..0.026 rows=0 loops=43315)
                           Index Cond: (ca_address_sk = customer.c_current_addr_sk)
                           Filter: (ca_gmt_offset = '-7'::numeric)
                           Rows Removed by Filter: 1
                           Buffers: shared hit=150986 read=22274
               ->  Index Scan using customer_demographics_pkey on customer_demographics  (cost=0.43..0.72 rows=1 width=4) (actual time=0.026..0.026 rows=0 loops=3211)
                     Index Cond: (cd_demo_sk = customer.c_current_cdemo_sk)
                     Filter: (((cd_marital_status = 'M'::bpchar) AND (cd_education_status = 'Unknown'::bpchar)) OR ((cd_marital_status = 'W'::bpchar) AND (cd_education_status = 'Advanced Degree'::bpchar)))
                     Rows Removed by Filter: 1
                     Buffers: shared hit=12147 read=505
         ->  Index Scan using call_center_pkey on call_center  (cost=0.14..0.16 rows=1 width=48) (actual time=0.010..0.010 rows=1 loops=324)
               Index Cond: (cc_call_center_sk = catalog_returns.cr_call_center_sk)
               Buffers: shared hit=646
 Planning:
   Buffers: shared hit=415
 Planning Time: 3.600 ms
 Execution Time: 13092.806 ms
(54 rows)

