                                                                                                  QUERY PLAN                                                                                                  
--------------------------------------------------------------------------------------------------------------------------------------------------------------------------------------------------------------
 Aggregate  (cost=716146.24..716146.25 rows=1 width=136) (actual time=12252.620..12252.627 rows=1 loops=1)
   Buffers: shared hit=1170055 read=422532
   ->  Nested Loop  (cost=2571.83..716146.10 rows=9 width=58) (actual time=120.237..12251.593 rows=307 loops=1)
         Buffers: shared hit=1170055 read=422532
         ->  Nested Loop  (cost=2571.69..716144.71 rows=9 width=18) (actual time=119.807..12246.190 rows=312 loops=1)
               Buffers: shared hit=1169441 read=422532
               ->  Nested Loop  (cost=2571.27..716027.25 rows=164 width=22) (actual time=21.768..12138.866 rows=4197 loops=1)
                     Buffers: shared hit=1153769 read=421704
                     ->  Nested Loop  (cost=2570.84..715010.66 rows=1528 width=26) (actual time=17.478..11084.105 rows=42528 loops=1)
                           Buffers: shared hit=993440 read=411921
                           ->  Nested Loop  (cost=2570.55..712671.62 rows=9167 width=30) (actual time=17.116..10795.686 rows=237759 loops=1)
                                 Buffers: shared hit=971852 read=411921
                                 ->  Hash Join  (cost=2570.12..706541.62 rows=9167 width=22) (actual time=17.064..5232.717 rows=242522 loops=1)
                                       Hash Cond: (catalog_returns.cr_returned_date_sk = date_dim.d_date_sk)
                                       Buffers: shared hit=21037 read=411700
                                       ->  Seq Scan on catalog_returns  (cost=0.00..647267.12 rows=21600412 width=26) (actual time=0.125..3481.792 rows=21598628 loops=1)
                                             Buffers: shared hit=19563 read=411700
                                       ->  Hash  (cost=2569.73..2569.73 rows=31 width=4) (actual time=16.914..16.915 rows=31 loops=1)
                                             Buckets: 1024  Batches: 1  Memory Usage: 10kB
                                             Buffers: shared hit=1474
                                             ->  Seq Scan on date_dim  (cost=0.00..2569.73 rows=31 width=4) (actual time=8.818..16.904 rows=31 loops=1)
                                                   Filter: ((d_year = 1998) AND (d_moy = 8))
                                                   Rows Removed by Filter: 73018
                                                   Buffers: shared hit=1474
                                 ->  Index Scan using customer_pkey on customer  (cost=0.43..0.67 rows=1 width=16) (actual time=0.022..0.022 rows=1 loops=242522)
                                       Index Cond: (c_customer_sk = catalog_returns.cr_returning_customer_sk)
                                       Buffers: shared hit=950815 read=221
                           ->  Memoize  (cost=0.29..0.31 rows=1 width=4) (actual time=0.001..0.001 rows=0 loops=237759)
                                 Cache Key: customer.c_current_hdemo_sk
                                 Cache Mode: logical
                                 Hits: 230562  Misses: 7197  Evictions: 0  Overflows: 0  Memory Usage: 520kB
                                 Buffers: shared hit=21588
                                 ->  Index Scan using household_demographics_pkey on household_demographics  (cost=0.28..0.30 rows=1 width=4) (actual time=0.015..0.015 rows=0 loops=7197)
                                       Index Cond: (hd_demo_sk = customer.c_current_hdemo_sk)
                                       Filter: (hd_buy_potential ~~ '>10000%'::text)
                                       Rows Removed by Filter: 1
                                       Buffers: shared hit=21588
                     ->  Index Scan using customer_address_pkey on customer_address  (cost=0.42..0.67 rows=1 width=4) (actual time=0.024..0.024 rows=0 loops=42528)
                           Index Cond: (ca_address_sk = customer.c_current_addr_sk)
                           Filter: (ca_gmt_offset = '-7'::numeric)
                           Rows Removed by Filter: 1
                           Buffers: shared hit=160329 read=9783
               ->  Index Scan using customer_demographics_pkey on customer_demographics  (cost=0.43..0.72 rows=1 width=4) (actual time=0.025..0.025 rows=0 loops=4197)
                     Index Cond: (cd_demo_sk = customer.c_current_cdemo_sk)
                     Filter: (((cd_marital_status = 'M'::bpchar) AND (cd_education_status = 'Unknown'::bpchar)) OR ((cd_marital_status = 'W'::bpchar) AND (cd_education_status = 'Advanced Degree'::bpchar)))
                     Rows Removed by Filter: 1
                     Buffers: shared hit=15672 read=828
         ->  Index Scan using call_center_pkey on call_center  (cost=0.14..0.16 rows=1 width=48) (actual time=0.016..0.016 rows=1 loops=312)
               Index Cond: (cc_call_center_sk = catalog_returns.cr_call_center_sk)
               Buffers: shared hit=614
 Planning:
   Buffers: shared hit=415
 Planning Time: 2.387 ms
 Execution Time: 12253.190 ms
(54 rows)

