                                                                                                  QUERY PLAN                                                                                                  
--------------------------------------------------------------------------------------------------------------------------------------------------------------------------------------------------------------
 Aggregate  (cost=715903.32..715903.33 rows=1 width=136) (actual time=13126.188..13126.194 rows=1 loops=1)
   Buffers: shared hit=1311850 read=406901
   ->  Nested Loop  (cost=2571.82..715903.18 rows=9 width=58) (actual time=13126.184..13126.190 rows=0 loops=1)
         Buffers: shared hit=1311850 read=406901
         ->  Nested Loop  (cost=2571.68..715901.79 rows=9 width=18) (actual time=13126.183..13126.188 rows=0 loops=1)
               Buffers: shared hit=1311850 read=406901
               ->  Nested Loop  (cost=2571.25..715788.62 rows=158 width=22) (actual time=1517.181..13008.349 rows=4037 loops=1)
                     Buffers: shared hit=1299081 read=403826
                     ->  Nested Loop  (cost=2570.83..714805.30 rows=1478 width=26) (actual time=1514.608..12084.860 rows=37854 loops=1)
                           Buffers: shared hit=1152177 read=399314
                           ->  Nested Loop  (cost=2570.54..712473.67 rows=8871 width=30) (actual time=1509.922..11770.747 rows=274293 loops=1)
                                 Buffers: shared hit=1130595 read=399314
                                 ->  Hash Join  (cost=2570.11..706541.60 rows=8871 width=22) (actual time=1509.874..5425.281 rows=279797 loops=1)
                                       Hash Cond: (catalog_returns.cr_returned_date_sk = date_dim.d_date_sk)
                                       Buffers: shared hit=33645 read=399092
                                       ->  Seq Scan on catalog_returns  (cost=0.00..647267.12 rows=21600412 width=26) (actual time=0.037..3563.012 rows=21598628 loops=1)
                                             Buffers: shared hit=33403 read=397860
                                       ->  Hash  (cost=2569.73..2569.73 rows=30 width=4) (actual time=18.589..18.590 rows=31 loops=1)
                                             Buckets: 1024  Batches: 1  Memory Usage: 10kB
                                             Buffers: shared hit=242 read=1232
                                             ->  Seq Scan on date_dim  (cost=0.00..2569.73 rows=30 width=4) (actual time=10.659..18.576 rows=31 loops=1)
                                                   Filter: ((d_year = 2001) AND (d_moy = 1))
                                                   Rows Removed by Filter: 73018
                                                   Buffers: shared hit=242 read=1232
                                 ->  Index Scan using customer_pkey on customer  (cost=0.43..0.67 rows=1 width=16) (actual time=0.022..0.022 rows=1 loops=279797)
                                       Index Cond: (c_customer_sk = catalog_returns.cr_returning_customer_sk)
                                       Buffers: shared hit=1096950 read=222
                           ->  Memoize  (cost=0.29..0.31 rows=1 width=4) (actual time=0.001..0.001 rows=0 loops=274293)
                                 Cache Key: customer.c_current_hdemo_sk
                                 Cache Mode: logical
                                 Hits: 267098  Misses: 7195  Evictions: 0  Overflows: 0  Memory Usage: 520kB
                                 Buffers: shared hit=21582
                                 ->  Index Scan using household_demographics_pkey on household_demographics  (cost=0.28..0.30 rows=1 width=4) (actual time=0.016..0.016 rows=0 loops=7195)
                                       Index Cond: (hd_demo_sk = customer.c_current_hdemo_sk)
                                       Filter: (hd_buy_potential ~~ '1001-5000%'::text)
                                       Rows Removed by Filter: 1
                                       Buffers: shared hit=21582
                     ->  Index Scan using customer_address_pkey on customer_address  (cost=0.42..0.67 rows=1 width=4) (actual time=0.024..0.024 rows=0 loops=37854)
                           Index Cond: (ca_address_sk = customer.c_current_addr_sk)
                           Filter: (ca_gmt_offset = '-7'::numeric)
                           Rows Removed by Filter: 1
                           Buffers: shared hit=146904 read=4512
               ->  Index Scan using customer_demographics_pkey on customer_demographics  (cost=0.43..0.72 rows=1 width=4) (actual time=0.029..0.029 rows=0 loops=4037)
                     Index Cond: (cd_demo_sk = customer.c_current_cdemo_sk)
                     Filter: (((cd_marital_status = 'M'::bpchar) AND (cd_education_status = 'Unknown'::bpchar)) OR ((cd_marital_status = 'W'::bpchar) AND (cd_education_status = 'Advanced Degree'::bpchar)))
                     Rows Removed by Filter: 1
                     Buffers: shared hit=12769 read=3075
         ->  Index Scan using call_center_pkey on call_center  (cost=0.14..0.16 rows=1 width=48) (never executed)
               Index Cond: (cc_call_center_sk = catalog_returns.cr_call_center_sk)
 Planning:
   Buffers: shared hit=384 read=31
 Planning Time: 3.011 ms
 Execution Time: 13126.752 ms
(53 rows)

