                                                                                                     QUERY PLAN                                                                                                     
--------------------------------------------------------------------------------------------------------------------------------------------------------------------------------------------------------------------
 Aggregate  (cost=716164.96..716164.97 rows=1 width=136) (actual time=12325.980..12325.987 rows=1 loops=1)
   Buffers: shared hit=1175285 read=420347
   ->  Hash Join  (cost=2574.37..716164.39 rows=38 width=58) (actual time=1249.099..12324.681 rows=453 loops=1)
         Hash Cond: (catalog_returns.cr_call_center_sk = call_center.cc_call_center_sk)
         Buffers: shared hit=1175285 read=420347
         ->  Nested Loop  (cost=2571.69..716161.60 rows=38 width=18) (actual time=1249.026..12324.081 rows=458 loops=1)
               Buffers: shared hit=1175283 read=420347
               ->  Nested Loop  (cost=2571.27..716105.05 rows=85 width=22) (actual time=1237.295..12244.583 rows=2757 loops=1)
                     Buffers: shared hit=1164774 read=419828
                     ->  Nested Loop  (cost=2570.84..715010.66 rows=1528 width=26) (actual time=1234.004..11272.952 rows=38576 loops=1)
                           Buffers: shared hit=1022033 read=411017
                           ->  Nested Loop  (cost=2570.55..712671.62 rows=9167 width=30) (actual time=1232.707..10985.317 rows=244682 loops=1)
                                 Buffers: shared hit=1000448 read=411017
                                 ->  Hash Join  (cost=2570.12..706541.62 rows=9167 width=22) (actual time=1232.652..5299.313 rows=249569 loops=1)
                                       Hash Cond: (catalog_returns.cr_returned_date_sk = date_dim.d_date_sk)
                                       Buffers: shared hit=21839 read=410898
                                       ->  Seq Scan on catalog_returns  (cost=0.00..647267.12 rows=21600412 width=26) (actual time=0.032..3488.132 rows=21598628 loops=1)
                                             Buffers: shared hit=20607 read=410656
                                       ->  Hash  (cost=2569.73..2569.73 rows=31 width=4) (actual time=17.677..17.679 rows=31 loops=1)
                                             Buckets: 1024  Batches: 1  Memory Usage: 10kB
                                             Buffers: shared hit=1232 read=242
                                             ->  Seq Scan on date_dim  (cost=0.00..2569.73 rows=31 width=4) (actual time=9.360..17.665 rows=31 loops=1)
                                                   Filter: ((d_year = 2000) AND (d_moy = 8))
                                                   Rows Removed by Filter: 73018
                                                   Buffers: shared hit=1232 read=242
                                 ->  Index Scan using customer_pkey on customer  (cost=0.43..0.67 rows=1 width=16) (actual time=0.022..0.022 rows=1 loops=249569)
                                       Index Cond: (c_customer_sk = catalog_returns.cr_returning_customer_sk)
                                       Buffers: shared hit=978609 read=119
                           ->  Memoize  (cost=0.29..0.31 rows=1 width=4) (actual time=0.001..0.001 rows=0 loops=244682)
                                 Cache Key: customer.c_current_hdemo_sk
                                 Cache Mode: logical
                                 Hits: 237486  Misses: 7196  Evictions: 0  Overflows: 0  Memory Usage: 521kB
                                 Buffers: shared hit=21585
                                 ->  Index Scan using household_demographics_pkey on household_demographics  (cost=0.28..0.30 rows=1 width=4) (actual time=0.015..0.015 rows=0 loops=7196)
                                       Index Cond: (hd_demo_sk = customer.c_current_hdemo_sk)
                                       Filter: (hd_buy_potential ~~ '5001-10000%'::text)
                                       Rows Removed by Filter: 1
                                       Buffers: shared hit=21585
                     ->  Index Scan using customer_demographics_pkey on customer_demographics  (cost=0.43..0.72 rows=1 width=4) (actual time=0.025..0.025 rows=0 loops=38576)
                           Index Cond: (cd_demo_sk = customer.c_current_cdemo_sk)
                           Filter: (((cd_marital_status = 'M'::bpchar) AND (cd_education_status = 'Unknown'::bpchar)) OR ((cd_marital_status = 'W'::bpchar) AND (cd_education_status = 'Advanced Degree'::bpchar)))
                           Rows Removed by Filter: 1
                           Buffers: shared hit=142741 read=8811
               ->  Index Scan using customer_address_pkey on customer_address  (cost=0.42..0.67 rows=1 width=4) (actual time=0.028..0.028 rows=0 loops=2757)
                     Index Cond: (ca_address_sk = customer.c_current_addr_sk)
                     Filter: (ca_gmt_offset = '-6'::numeric)
                     Rows Removed by Filter: 1
                     Buffers: shared hit=10509 read=519
         ->  Hash  (cost=2.30..2.30 rows=30 width=48) (actual time=0.053..0.053 rows=30 loops=1)
               Buckets: 1024  Batches: 1  Memory Usage: 11kB
               Buffers: shared hit=2
               ->  Seq Scan on call_center  (cost=0.00..2.30 rows=30 width=48) (actual time=0.021..0.035 rows=30 loops=1)
                     Buffers: shared hit=2
 Planning:
   Buffers: shared hit=415
 Planning Time: 3.076 ms
 Execution Time: 12326.591 ms
(57 rows)

