                                                                                                     QUERY PLAN                                                                                                     
--------------------------------------------------------------------------------------------------------------------------------------------------------------------------------------------------------------------
 Aggregate  (cost=715921.76..715921.77 rows=1 width=136) (actual time=13080.575..13080.581 rows=1 loops=1)
   Buffers: shared hit=1276390 read=415044
   ->  Hash Join  (cost=2574.36..715921.22 rows=36 width=58) (actual time=2064.039..13073.792 rows=3725 loops=1)
         Hash Cond: (catalog_returns.cr_call_center_sk = call_center.cc_call_center_sk)
         Buffers: shared hit=1276390 read=415044
         ->  Nested Loop  (cost=2571.68..715918.44 rows=36 width=18) (actual time=2063.962..13071.141 rows=3767 loops=1)
               Buffers: shared hit=1276388 read=415044
               ->  Nested Loop  (cost=2571.26..715863.88 rows=82 width=22) (actual time=2063.930..12954.411 rows=4781 loops=1)
                     Buffers: shared hit=1258933 read=413375
                     ->  Nested Loop  (cost=2570.83..714805.30 rows=1478 width=26) (actual time=2038.295..11866.590 rows=44450 loops=1)
                           Buffers: shared hit=1093260 read=404504
                           ->  Nested Loop  (cost=2570.54..712473.67 rows=8871 width=30) (actual time=2024.549..11564.372 rows=260859 loops=1)
                                 Buffers: shared hit=1071669 read=404504
                                 ->  Hash Join  (cost=2570.11..706541.60 rows=8871 width=22) (actual time=2024.513..5476.357 rows=266327 loops=1)
                                       Hash Cond: (catalog_returns.cr_returned_date_sk = date_dim.d_date_sk)
                                       Buffers: shared hit=28558 read=404179
                                       ->  Seq Scan on catalog_returns  (cost=0.00..647267.12 rows=21600412 width=26) (actual time=0.032..3615.381 rows=21598628 loops=1)
                                             Buffers: shared hit=27084 read=404179
                                       ->  Hash  (cost=2569.73..2569.73 rows=30 width=4) (actual time=18.809..18.810 rows=30 loops=1)
                                             Buckets: 1024  Batches: 1  Memory Usage: 10kB
                                             Buffers: shared hit=1474
                                             ->  Seq Scan on date_dim  (cost=0.00..2569.73 rows=30 width=4) (actual time=10.385..18.791 rows=30 loops=1)
                                                   Filter: ((d_year = 2001) AND (d_moy = 9))
                                                   Rows Removed by Filter: 73019
                                                   Buffers: shared hit=1474
                                 ->  Index Scan using customer_pkey on customer  (cost=0.43..0.67 rows=1 width=16) (actual time=0.022..0.022 rows=1 loops=266327)
                                       Index Cond: (c_customer_sk = catalog_returns.cr_returning_customer_sk)
                                       Buffers: shared hit=1043111 read=325
                           ->  Memoize  (cost=0.29..0.31 rows=1 width=4) (actual time=0.001..0.001 rows=0 loops=260859)
                                 Cache Key: customer.c_current_hdemo_sk
                                 Cache Mode: logical
                                 Hits: 253661  Misses: 7198  Evictions: 0  Overflows: 0  Memory Usage: 521kB
                                 Buffers: shared hit=21591
                                 ->  Index Scan using household_demographics_pkey on household_demographics  (cost=0.28..0.30 rows=1 width=4) (actual time=0.014..0.014 rows=0 loops=7198)
                                       Index Cond: (hd_demo_sk = customer.c_current_hdemo_sk)
                                       Filter: (hd_buy_potential ~~ 'Unknown%'::text)
                                       Rows Removed by Filter: 1
                                       Buffers: shared hit=21591
                     ->  Index Scan using customer_demographics_pkey on customer_demographics  (cost=0.43..0.72 rows=1 width=4) (actual time=0.024..0.024 rows=0 loops=44450)
                           Index Cond: (cd_demo_sk = customer.c_current_cdemo_sk)
                           Filter: (((cd_marital_status = 'M'::bpchar) AND (cd_education_status = 'Unknown'::bpchar)) OR ((cd_marital_status = 'W'::bpchar) AND (cd_education_status = 'Advanced Degree'::bpchar)))
                           Rows Removed by Filter: 1
                           Buffers: shared hit=165673 read=8871
               ->  Index Scan using customer_address_pkey on customer_address  (cost=0.42..0.67 rows=1 width=4) (actual time=0.024..0.024 rows=1 loops=4781)
                     Index Cond: (ca_address_sk = customer.c_current_addr_sk)
                     Filter: (ca_gmt_offset = '-6'::numeric)
                     Rows Removed by Filter: 0
                     Buffers: shared hit=17455 read=1669
         ->  Hash  (cost=2.30..2.30 rows=30 width=48) (actual time=0.055..0.056 rows=30 loops=1)
               Buckets: 1024  Batches: 1  Memory Usage: 11kB
               Buffers: shared hit=2
               ->  Seq Scan on call_center  (cost=0.00..2.30 rows=30 width=48) (actual time=0.022..0.036 rows=30 loops=1)
                     Buffers: shared hit=2
 Planning:
   Buffers: shared hit=415
 Planning Time: 4.626 ms
 Execution Time: 13081.216 ms
(57 rows)

