                                                                                                     QUERY PLAN                                                                                                     
--------------------------------------------------------------------------------------------------------------------------------------------------------------------------------------------------------------------
 Aggregate  (cost=716164.96..716164.97 rows=1 width=136) (actual time=12133.904..12133.910 rows=1 loops=1)
   Buffers: shared hit=1169974 read=412357
   ->  Hash Join  (cost=2574.37..716164.39 rows=38 width=58) (actual time=21.904..12127.753 rows=3376 loops=1)
         Hash Cond: (catalog_returns.cr_call_center_sk = call_center.cc_call_center_sk)
         Buffers: shared hit=1169974 read=412357
         ->  Nested Loop  (cost=2571.69..716161.60 rows=38 width=18) (actual time=21.825..12125.335 rows=3424 loops=1)
               Buffers: shared hit=1169972 read=412357
               ->  Nested Loop  (cost=2571.27..716105.05 rows=85 width=22) (actual time=21.798..12010.712 rows=4325 loops=1)
                     Buffers: shared hit=1154450 read=410579
                     ->  Nested Loop  (cost=2570.84..715010.66 rows=1528 width=26) (actual time=21.018..11034.924 rows=40686 loops=1)
                           Buffers: shared hit=1000492 read=404869
                           ->  Nested Loop  (cost=2570.55..712671.62 rows=9167 width=30) (actual time=20.945..10746.991 rows=237759 loops=1)
                                 Buffers: shared hit=978904 read=404869
                                 ->  Hash Join  (cost=2570.12..706541.62 rows=9167 width=22) (actual time=20.898..5186.674 rows=242522 loops=1)
                                       Hash Cond: (catalog_returns.cr_returned_date_sk = date_dim.d_date_sk)
                                       Buffers: shared hit=28072 read=404665
                                       ->  Seq Scan on catalog_returns  (cost=0.00..647267.12 rows=21600412 width=26) (actual time=0.032..3473.343 rows=21598628 loops=1)
                                             Buffers: shared hit=27740 read=403523
                                       ->  Hash  (cost=2569.73..2569.73 rows=31 width=4) (actual time=20.844..20.845 rows=31 loops=1)
                                             Buckets: 1024  Batches: 1  Memory Usage: 10kB
                                             Buffers: shared hit=332 read=1142
                                             ->  Seq Scan on date_dim  (cost=0.00..2569.73 rows=31 width=4) (actual time=11.664..20.832 rows=31 loops=1)
                                                   Filter: ((d_year = 1998) AND (d_moy = 8))
                                                   Rows Removed by Filter: 73018
                                                   Buffers: shared hit=332 read=1142
                                 ->  Index Scan using customer_pkey on customer  (cost=0.43..0.67 rows=1 width=16) (actual time=0.022..0.022 rows=1 loops=242522)
                                       Index Cond: (c_customer_sk = catalog_returns.cr_returning_customer_sk)
                                       Buffers: shared hit=950832 read=204
                           ->  Memoize  (cost=0.29..0.31 rows=1 width=4) (actual time=0.001..0.001 rows=0 loops=237759)
                                 Cache Key: customer.c_current_hdemo_sk
                                 Cache Mode: logical
                                 Hits: 230562  Misses: 7197  Evictions: 0  Overflows: 0  Memory Usage: 521kB
                                 Buffers: shared hit=21588
                                 ->  Index Scan using household_demographics_pkey on household_demographics  (cost=0.28..0.30 rows=1 width=4) (actual time=0.014..0.014 rows=0 loops=7197)
                                       Index Cond: (hd_demo_sk = customer.c_current_hdemo_sk)
                                       Filter: (hd_buy_potential ~~ 'Unknown%'::text)
                                       Rows Removed by Filter: 1
                                       Buffers: shared hit=21588
                     ->  Index Scan using customer_demographics_pkey on customer_demographics  (cost=0.43..0.72 rows=1 width=4) (actual time=0.024..0.024 rows=0 loops=40686)
                           Index Cond: (cd_demo_sk = customer.c_current_cdemo_sk)
                           Filter: (((cd_marital_status = 'M'::bpchar) AND (cd_education_status = 'Unknown'::bpchar)) OR ((cd_marital_status = 'W'::bpchar) AND (cd_education_status = 'Advanced Degree'::bpchar)))
                           Rows Removed by Filter: 1
                           Buffers: shared hit=153958 read=5710
               ->  Index Scan using customer_address_pkey on customer_address  (cost=0.42..0.67 rows=1 width=4) (actual time=0.026..0.026 rows=1 loops=4325)
                     Index Cond: (ca_address_sk = customer.c_current_addr_sk)
                     Filter: (ca_gmt_offset = '-6'::numeric)
                     Rows Removed by Filter: 0
                     Buffers: shared hit=15522 read=1778
         ->  Hash  (cost=2.30..2.30 rows=30 width=48) (actual time=0.057..0.057 rows=30 loops=1)
               Buckets: 1024  Batches: 1  Memory Usage: 11kB
               Buffers: shared hit=2
               ->  Seq Scan on call_center  (cost=0.00..2.30 rows=30 width=48) (actual time=0.021..0.036 rows=30 loops=1)
                     Buffers: shared hit=2
 Planning:
   Buffers: shared hit=384 read=31
 Planning Time: 4.933 ms
 Execution Time: 12134.497 ms
(57 rows)

