                                                                                                     QUERY PLAN                                                                                                     
--------------------------------------------------------------------------------------------------------------------------------------------------------------------------------------------------------------------
 Aggregate  (cost=715921.76..715921.77 rows=1 width=136) (actual time=14610.051..14610.058 rows=1 loops=1)
   Buffers: shared hit=1530269 read=408399
   ->  Hash Join  (cost=2574.36..715921.22 rows=36 width=58) (actual time=14610.046..14610.052 rows=0 loops=1)
         Hash Cond: (catalog_returns.cr_call_center_sk = call_center.cc_call_center_sk)
         Buffers: shared hit=1530269 read=408399
         ->  Nested Loop  (cost=2571.68..715918.44 rows=36 width=18) (actual time=14609.906..14609.911 rows=0 loops=1)
               Buffers: shared hit=1530267 read=408399
               ->  Nested Loop  (cost=2571.26..715863.88 rows=82 width=22) (actual time=2261.368..14570.935 rows=1172 loops=1)
                     Buffers: shared hit=1526438 read=407540
                     ->  Nested Loop  (cost=2570.83..714805.30 rows=1478 width=26) (actual time=2237.222..13300.195 rows=52975 loops=1)
                           Buffers: shared hit=1324390 read=401364
                           ->  Nested Loop  (cost=2570.54..712473.67 rows=8871 width=30) (actual time=2235.304..12957.381 rows=317858 loops=1)
                                 Buffers: shared hit=1302805 read=401364
                                 ->  Hash Join  (cost=2570.11..706541.60 rows=8871 width=22) (actual time=2235.265..5557.910 rows=324351 loops=1)
                                       Hash Cond: (catalog_returns.cr_returned_date_sk = date_dim.d_date_sk)
                                       Buffers: shared hit=31658 read=401079
                                       ->  Seq Scan on catalog_returns  (cost=0.00..647267.12 rows=21600412 width=26) (actual time=0.055..3630.349 rows=21598628 loops=1)
                                             Buffers: shared hit=30184 read=401079
                                       ->  Hash  (cost=2569.73..2569.73 rows=30 width=4) (actual time=30.587..30.588 rows=31 loops=1)
                                             Buckets: 1024  Batches: 1  Memory Usage: 10kB
                                             Buffers: shared hit=1474
                                             ->  Seq Scan on date_dim  (cost=0.00..2569.73 rows=30 width=4) (actual time=18.403..30.571 rows=31 loops=1)
                                                   Filter: ((d_year = 2001) AND (d_moy = 12))
                                                   Rows Removed by Filter: 73018
                                                   Buffers: shared hit=1474
                                 ->  Index Scan using customer_pkey on customer  (cost=0.43..0.67 rows=1 width=16) (actual time=0.022..0.022 rows=1 loops=324351)
                                       Index Cond: (c_customer_sk = catalog_returns.cr_returning_customer_sk)
                                       Buffers: shared hit=1271147 read=285
                           ->  Memoize  (cost=0.29..0.31 rows=1 width=4) (actual time=0.001..0.001 rows=0 loops=317858)
                                 Cache Key: customer.c_current_hdemo_sk
                                 Cache Mode: logical
                                 Hits: 310662  Misses: 7196  Evictions: 0  Overflows: 0  Memory Usage: 521kB
                                 Buffers: shared hit=21585
                                 ->  Index Scan using household_demographics_pkey on household_demographics  (cost=0.28..0.30 rows=1 width=4) (actual time=0.015..0.015 rows=0 loops=7196)
                                       Index Cond: (hd_demo_sk = customer.c_current_hdemo_sk)
                                       Filter: (hd_buy_potential ~~ '501-1000%'::text)
                                       Rows Removed by Filter: 1
                                       Buffers: shared hit=21585
                     ->  Index Scan using customer_demographics_pkey on customer_demographics  (cost=0.43..0.72 rows=1 width=4) (actual time=0.024..0.024 rows=0 loops=52975)
                           Index Cond: (cd_demo_sk = customer.c_current_cdemo_sk)
                           Filter: (((cd_marital_status = 'M'::bpchar) AND (cd_education_status = 'Unknown'::bpchar)) OR ((cd_marital_status = 'W'::bpchar) AND (cd_education_status = 'Advanced Degree'::bpchar)))
                           Rows Removed by Filter: 1
                           Buffers: shared hit=202048 read=6176
               ->  Index Scan using customer_address_pkey on customer_address  (cost=0.42..0.67 rows=1 width=4) (actual time=0.033..0.033 rows=0 loops=1172)
                     Index Cond: (ca_address_sk = customer.c_current_addr_sk)
                     Filter: (ca_gmt_offset = '-6'::numeric)
                     Rows Removed by Filter: 1
                     Buffers: shared hit=3829 read=859
         ->  Hash  (cost=2.30..2.30 rows=30 width=48) (actual time=0.110..0.111 rows=30 loops=1)
               Buckets: 1024  Batches: 1  Memory Usage: 11kB
               Buffers: shared hit=2
               ->  Seq Scan on call_center  (cost=0.00..2.30 rows=30 width=48) (actual time=0.036..0.068 rows=30 loops=1)
                     Buffers: shared hit=2
 Planning:
   Buffers: shared hit=415
 Planning Time: 5.266 ms
 Execution Time: 14610.966 ms
(57 rows)

