                                                                                                     QUERY PLAN                                                                                                     
--------------------------------------------------------------------------------------------------------------------------------------------------------------------------------------------------------------------
 Aggregate  (cost=715921.76..715921.77 rows=1 width=136) (actual time=12313.285..12313.292 rows=1 loops=1)
   Buffers: shared hit=1184410 read=411510
   ->  Hash Join  (cost=2574.36..715921.22 rows=36 width=58) (actual time=789.484..12306.755 rows=3357 loops=1)
         Hash Cond: (catalog_returns.cr_call_center_sk = call_center.cc_call_center_sk)
         Buffers: shared hit=1184410 read=411510
         ->  Nested Loop  (cost=2571.68..715918.44 rows=36 width=18) (actual time=789.380..12304.169 rows=3387 loops=1)
               Buffers: shared hit=1184408 read=411510
               ->  Nested Loop  (cost=2571.26..715863.88 rows=82 width=22) (actual time=784.216..12117.184 rows=6372 loops=1)
                     Buffers: shared hit=1163707 read=406723
                     ->  Nested Loop  (cost=2570.83..714805.30 rows=1478 width=26) (actual time=778.498..11068.436 rows=42349 loops=1)
                           Buffers: shared hit=1000727 read=403311
                           ->  Nested Loop  (cost=2570.54..712473.67 rows=8871 width=30) (actual time=776.074..10780.325 rows=237429 loops=1)
                                 Buffers: shared hit=979142 read=403311
                                 ->  Hash Join  (cost=2570.11..706541.60 rows=8871 width=22) (actual time=776.016..5217.189 rows=242285 loops=1)
                                       Hash Cond: (catalog_returns.cr_returned_date_sk = date_dim.d_date_sk)
                                       Buffers: shared hit=29624 read=403113
                                       ->  Seq Scan on catalog_returns  (cost=0.00..647267.12 rows=21600412 width=26) (actual time=0.220..3438.939 rows=21598628 loops=1)
                                             Buffers: shared hit=28150 read=403113
                                       ->  Hash  (cost=2569.73..2569.73 rows=30 width=4) (actual time=20.468..20.469 rows=31 loops=1)
                                             Buckets: 1024  Batches: 1  Memory Usage: 10kB
                                             Buffers: shared hit=1474
                                             ->  Seq Scan on date_dim  (cost=0.00..2569.73 rows=30 width=4) (actual time=11.756..20.448 rows=31 loops=1)
                                                   Filter: ((d_year = 1999) AND (d_moy = 12))
                                                   Rows Removed by Filter: 73018
                                                   Buffers: shared hit=1474
                                 ->  Index Scan using customer_pkey on customer  (cost=0.43..0.67 rows=1 width=16) (actual time=0.022..0.022 rows=1 loops=242285)
                                       Index Cond: (c_customer_sk = catalog_returns.cr_returning_customer_sk)
                                       Buffers: shared hit=949518 read=198
                           ->  Memoize  (cost=0.29..0.31 rows=1 width=4) (actual time=0.001..0.001 rows=0 loops=237429)
                                 Cache Key: customer.c_current_hdemo_sk
                                 Cache Mode: logical
                                 Hits: 230233  Misses: 7196  Evictions: 0  Overflows: 0  Memory Usage: 520kB
                                 Buffers: shared hit=21585
                                 ->  Index Scan using household_demographics_pkey on household_demographics  (cost=0.28..0.30 rows=1 width=4) (actual time=0.014..0.014 rows=0 loops=7196)
                                       Index Cond: (hd_demo_sk = customer.c_current_hdemo_sk)
                                       Filter: (hd_buy_potential ~~ '>10000%'::text)
                                       Rows Removed by Filter: 1
                                       Buffers: shared hit=21585
                     ->  Index Scan using customer_demographics_pkey on customer_demographics  (cost=0.43..0.72 rows=1 width=4) (actual time=0.024..0.024 rows=0 loops=42349)
                           Index Cond: (cd_demo_sk = customer.c_current_cdemo_sk)
                           Filter: (((cd_marital_status = 'M'::bpchar) AND (cd_education_status = 'Unknown'::bpchar)) OR ((cd_marital_status = 'W'::bpchar) AND (cd_education_status = 'Advanced Degree'::bpchar)))
                           Rows Removed by Filter: 1
                           Buffers: shared hit=162980 read=3412
               ->  Index Scan using customer_address_pkey on customer_address  (cost=0.42..0.67 rows=1 width=4) (actual time=0.029..0.029 rows=1 loops=6372)
                     Index Cond: (ca_address_sk = customer.c_current_addr_sk)
                     Filter: (ca_gmt_offset = '-6'::numeric)
                     Rows Removed by Filter: 0
                     Buffers: shared hit=20701 read=4787
         ->  Hash  (cost=2.30..2.30 rows=30 width=48) (actual time=0.076..0.077 rows=30 loops=1)
               Buckets: 1024  Batches: 1  Memory Usage: 11kB
               Buffers: shared hit=2
               ->  Seq Scan on call_center  (cost=0.00..2.30 rows=30 width=48) (actual time=0.029..0.050 rows=30 loops=1)
                     Buffers: shared hit=2
 Planning:
   Buffers: shared hit=415
 Planning Time: 4.628 ms
 Execution Time: 12314.120 ms
(57 rows)

