                                                                                                  QUERY PLAN                                                                                                  
--------------------------------------------------------------------------------------------------------------------------------------------------------------------------------------------------------------
 Aggregate  (cost=715661.61..715661.62 rows=1 width=136) (actual time=13910.017..13910.023 rows=1 loops=1)
   Buffers: shared hit=1396909 read=439937
   ->  Nested Loop  (cost=2571.81..715661.49 rows=8 width=58) (actual time=2207.114..13908.684 rows=400 loops=1)
         Buffers: shared hit=1396909 read=439937
         ->  Nested Loop  (cost=2571.67..715660.25 rows=8 width=18) (actual time=2207.101..13904.031 rows=402 loops=1)
               Buffers: shared hit=1396109 read=439937
               ->  Nested Loop  (cost=2571.24..715550.67 rows=153 width=22) (actual time=2178.615..13779.189 rows=5268 loops=1)
                     Buffers: shared hit=1375833 read=439569
                     ->  Nested Loop  (cost=2570.82..714599.95 rows=1429 width=26) (actual time=2168.396..12446.233 rows=52028 loops=1)
                           Buffers: shared hit=1192716 read=414574
                           ->  Nested Loop  (cost=2570.52..712275.72 rows=8575 width=30) (actual time=2167.712..12115.341 rows=288239 loops=1)
                                 Buffers: shared hit=1171119 read=414574
                                 ->  Hash Join  (cost=2570.10..706541.59 rows=8575 width=22) (actual time=2167.664..5477.693 rows=294240 loops=1)
                                       Hash Cond: (catalog_returns.cr_returned_date_sk = date_dim.d_date_sk)
                                       Buffers: shared hit=18324 read=414413
                                       ->  Seq Scan on catalog_returns  (cost=0.00..647267.12 rows=21600412 width=26) (actual time=0.723..3652.853 rows=21598628 loops=1)
                                             Buffers: shared hit=16850 read=414413
                                       ->  Hash  (cost=2569.73..2569.73 rows=29 width=4) (actual time=21.201..21.202 rows=30 loops=1)
                                             Buckets: 1024  Batches: 1  Memory Usage: 10kB
                                             Buffers: shared hit=1474
                                             ->  Seq Scan on date_dim  (cost=0.00..2569.73 rows=29 width=4) (actual time=12.425..21.186 rows=30 loops=1)
                                                   Filter: ((d_year = 2001) AND (d_moy = 11))
                                                   Rows Removed by Filter: 73019
                                                   Buffers: shared hit=1474
                                 ->  Index Scan using customer_pkey on customer  (cost=0.43..0.67 rows=1 width=16) (actual time=0.022..0.022 rows=1 loops=294240)
                                       Index Cond: (c_customer_sk = catalog_returns.cr_returning_customer_sk)
                                       Buffers: shared hit=1152795 read=161
                           ->  Memoize  (cost=0.29..0.31 rows=1 width=4) (actual time=0.001..0.001 rows=0 loops=288239)
                                 Cache Key: customer.c_current_hdemo_sk
                                 Cache Mode: logical
                                 Hits: 281039  Misses: 7200  Evictions: 0  Overflows: 0  Memory Usage: 521kB
                                 Buffers: shared hit=21597
                                 ->  Index Scan using household_demographics_pkey on household_demographics  (cost=0.28..0.30 rows=1 width=4) (actual time=0.016..0.016 rows=0 loops=7200)
                                       Index Cond: (hd_demo_sk = customer.c_current_hdemo_sk)
                                       Filter: (hd_buy_potential ~~ '>10000%'::text)
                                       Rows Removed by Filter: 1
                                       Buffers: shared hit=21597
                     ->  Index Scan using customer_address_pkey on customer_address  (cost=0.42..0.67 rows=1 width=4) (actual time=0.025..0.025 rows=0 loops=52028)
                           Index Cond: (ca_address_sk = customer.c_current_addr_sk)
                           Filter: (ca_gmt_offset = '-7'::numeric)
                           Rows Removed by Filter: 1
                           Buffers: shared hit=183117 read=24995
               ->  Index Scan using customer_demographics_pkey on customer_demographics  (cost=0.43..0.72 rows=1 width=4) (actual time=0.023..0.023 rows=0 loops=5268)
                     Index Cond: (cd_demo_sk = customer.c_current_cdemo_sk)
                     Filter: (((cd_marital_status = 'M'::bpchar) AND (cd_education_status = 'Unknown'::bpchar)) OR ((cd_marital_status = 'W'::bpchar) AND (cd_education_status = 'Advanced Degree'::bpchar)))
                     Rows Removed by Filter: 1
                     Buffers: shared hit=20276 read=368
         ->  Index Scan using call_center_pkey on call_center  (cost=0.14..0.16 rows=1 width=48) (actual time=0.010..0.010 rows=1 loops=402)
               Index Cond: (cc_call_center_sk = catalog_returns.cr_call_center_sk)
               Buffers: shared hit=800
 Planning:
   Buffers: shared hit=415
 Planning Time: 4.590 ms
 Execution Time: 13910.835 ms
(54 rows)

