                                                                                                  QUERY PLAN                                                                                                  
--------------------------------------------------------------------------------------------------------------------------------------------------------------------------------------------------------------
 Aggregate  (cost=716146.24..716146.25 rows=1 width=136) (actual time=5876.014..5876.021 rows=1 loops=1)
   Buffers: shared hit=208192 read=407830
   ->  Nested Loop  (cost=2571.83..716146.10 rows=9 width=58) (actual time=108.113..5875.866 rows=39 loops=1)
         Buffers: shared hit=208192 read=407830
         ->  Nested Loop  (cost=2571.69..716144.71 rows=9 width=18) (actual time=108.095..5875.566 rows=39 loops=1)
               Buffers: shared hit=208114 read=407830
               ->  Nested Loop  (cost=2571.27..716027.25 rows=164 width=22) (actual time=41.722..5860.428 rows=597 loops=1)
                     Buffers: shared hit=205824 read=407788
                     ->  Nested Loop  (cost=2570.84..715010.66 rows=1528 width=26) (actual time=35.515..5717.653 rows=5982 loops=1)
                           Buffers: shared hit=183616 read=406068
                           ->  Nested Loop  (cost=2570.55..712671.62 rows=9167 width=30) (actual time=34.782..5597.083 rows=34091 loops=1)
                                 Buffers: shared hit=163033 read=406068
                                 ->  Hash Join  (cost=2570.12..706541.62 rows=9167 width=22) (actual time=34.712..4837.335 rows=34783 loops=1)
                                       Hash Cond: (catalog_returns.cr_returned_date_sk = date_dim.d_date_sk)
                                       Buffers: shared hit=26686 read=406051
                                       ->  Seq Scan on catalog_returns  (cost=0.00..647267.12 rows=21600412 width=26) (actual time=0.155..3235.804 rows=21598628 loops=1)
                                             Buffers: shared hit=25212 read=406051
                                       ->  Hash  (cost=2569.73..2569.73 rows=31 width=4) (actual time=34.514..34.515 rows=31 loops=1)
                                             Buckets: 1024  Batches: 1  Memory Usage: 10kB
                                             Buffers: shared hit=1474
                                             ->  Seq Scan on date_dim  (cost=0.00..2569.73 rows=31 width=4) (actual time=12.044..34.494 rows=31 loops=1)
                                                   Filter: ((d_year = 1998) AND (d_moy = 3))
                                                   Rows Removed by Filter: 73018
                                                   Buffers: shared hit=1474
                                 ->  Index Scan using customer_pkey on customer  (cost=0.43..0.67 rows=1 width=16) (actual time=0.021..0.021 rows=1 loops=34783)
                                       Index Cond: (c_customer_sk = catalog_returns.cr_returning_customer_sk)
                                       Buffers: shared hit=136347 read=17
                           ->  Memoize  (cost=0.29..0.31 rows=1 width=4) (actual time=0.003..0.003 rows=0 loops=34091)
                                 Cache Key: customer.c_current_hdemo_sk
                                 Cache Mode: logical
                                 Hits: 27229  Misses: 6862  Evictions: 0  Overflows: 0  Memory Usage: 495kB
                                 Buffers: shared hit=20583
                                 ->  Index Scan using household_demographics_pkey on household_demographics  (cost=0.28..0.30 rows=1 width=4) (actual time=0.014..0.014 rows=0 loops=6862)
                                       Index Cond: (hd_demo_sk = customer.c_current_hdemo_sk)
                                       Filter: (hd_buy_potential ~~ '>10000%'::text)
                                       Rows Removed by Filter: 1
                                       Buffers: shared hit=20583
                     ->  Index Scan using customer_address_pkey on customer_address  (cost=0.42..0.67 rows=1 width=4) (actual time=0.024..0.024 rows=0 loops=5982)
                           Index Cond: (ca_address_sk = customer.c_current_addr_sk)
                           Filter: (ca_gmt_offset = '-7'::numeric)
                           Rows Removed by Filter: 1
                           Buffers: shared hit=22208 read=1720
               ->  Index Scan using customer_demographics_pkey on customer_demographics  (cost=0.43..0.72 rows=1 width=4) (actual time=0.025..0.025 rows=0 loops=597)
                     Index Cond: (cd_demo_sk = customer.c_current_cdemo_sk)
                     Filter: (((cd_marital_status = 'M'::bpchar) AND (cd_education_status = 'Unknown'::bpchar)) OR ((cd_marital_status = 'W'::bpchar) AND (cd_education_status = 'Advanced Degree'::bpchar)))
                     Rows Removed by Filter: 1
                     Buffers: shared hit=2290 read=42
         ->  Index Scan using call_center_pkey on call_center  (cost=0.14..0.16 rows=1 width=48) (actual time=0.006..0.006 rows=1 loops=39)
               Index Cond: (cc_call_center_sk = catalog_returns.cr_call_center_sk)
               Buffers: shared hit=78
 Planning:
   Buffers: shared hit=415
 Planning Time: 4.594 ms
 Execution Time: 5876.815 ms
(54 rows)

