                                                                                                  QUERY PLAN                                                                                                  
--------------------------------------------------------------------------------------------------------------------------------------------------------------------------------------------------------------
 Aggregate  (cost=716146.24..716146.25 rows=1 width=136) (actual time=15056.684..15056.691 rows=1 loops=1)
   Buffers: shared hit=1577180 read=421642
   ->  Nested Loop  (cost=2571.83..716146.10 rows=9 width=58) (actual time=1682.288..15054.490 rows=792 loops=1)
         Buffers: shared hit=1577180 read=421642
         ->  Nested Loop  (cost=2571.69..716144.71 rows=9 width=18) (actual time=1682.270..15044.812 rows=798 loops=1)
               Buffers: shared hit=1575596 read=421642
               ->  Nested Loop  (cost=2571.27..716027.25 rows=164 width=22) (actual time=1663.249..14873.194 rows=6663 loops=1)
                     Buffers: shared hit=1551887 read=419163
                     ->  Nested Loop  (cost=2570.84..715010.66 rows=1528 width=26) (actual time=1654.200..13656.998 rows=50583 loops=1)
                           Buffers: shared hit=1359187 read=409531
                           ->  Nested Loop  (cost=2570.55..712671.62 rows=9167 width=30) (actual time=1650.739..13307.919 rows=328596 loops=1)
                                 Buffers: shared hit=1337590 read=409531
                                 ->  Hash Join  (cost=2570.12..706541.62 rows=9167 width=22) (actual time=1650.682..5523.050 rows=335231 loops=1)
                                       Hash Cond: (catalog_returns.cr_returned_date_sk = date_dim.d_date_sk)
                                       Buffers: shared hit=23386 read=409351
                                       ->  Seq Scan on catalog_returns  (cost=0.00..647267.12 rows=21600412 width=26) (actual time=0.080..3662.280 rows=21598628 loops=1)
                                             Buffers: shared hit=21912 read=409351
                                       ->  Hash  (cost=2569.73..2569.73 rows=31 width=4) (actual time=13.882..13.883 rows=31 loops=1)
                                             Buckets: 1024  Batches: 1  Memory Usage: 10kB
                                             Buffers: shared hit=1474
                                             ->  Seq Scan on date_dim  (cost=0.00..2569.73 rows=31 width=4) (actual time=7.022..13.873 rows=31 loops=1)
                                                   Filter: ((d_year = 2001) AND (d_moy = 3))
                                                   Rows Removed by Filter: 73018
                                                   Buffers: shared hit=1474
                                 ->  Index Scan using customer_pkey on customer  (cost=0.43..0.67 rows=1 width=16) (actual time=0.023..0.023 rows=1 loops=335231)
                                       Index Cond: (c_customer_sk = catalog_returns.cr_returning_customer_sk)
                                       Buffers: shared hit=1314204 read=180
                           ->  Memoize  (cost=0.29..0.31 rows=1 width=4) (actual time=0.001..0.001 rows=0 loops=328596)
                                 Cache Key: customer.c_current_hdemo_sk
                                 Cache Mode: logical
                                 Hits: 321396  Misses: 7200  Evictions: 0  Overflows: 0  Memory Usage: 521kB
                                 Buffers: shared hit=21597
                                 ->  Index Scan using household_demographics_pkey on household_demographics  (cost=0.28..0.30 rows=1 width=4) (actual time=0.014..0.014 rows=0 loops=7200)
                                       Index Cond: (hd_demo_sk = customer.c_current_hdemo_sk)
                                       Filter: (hd_buy_potential ~~ '0-500%'::text)
                                       Rows Removed by Filter: 1
                                       Buffers: shared hit=21597
                     ->  Index Scan using customer_address_pkey on customer_address  (cost=0.42..0.67 rows=1 width=4) (actual time=0.024..0.024 rows=0 loops=50583)
                           Index Cond: (ca_address_sk = customer.c_current_addr_sk)
                           Filter: (ca_gmt_offset = '-7'::numeric)
                           Rows Removed by Filter: 1
                           Buffers: shared hit=192700 read=9632
               ->  Index Scan using customer_demographics_pkey on customer_demographics  (cost=0.43..0.72 rows=1 width=4) (actual time=0.025..0.025 rows=0 loops=6663)
                     Index Cond: (cd_demo_sk = customer.c_current_cdemo_sk)
                     Filter: (((cd_marital_status = 'M'::bpchar) AND (cd_education_status = 'Unknown'::bpchar)) OR ((cd_marital_status = 'W'::bpchar) AND (cd_education_status = 'Advanced Degree'::bpchar)))
                     Rows Removed by Filter: 1
                     Buffers: shared hit=23709 read=2479
         ->  Index Scan using call_center_pkey on call_center  (cost=0.14..0.16 rows=1 width=48) (actual time=0.011..0.011 rows=1 loops=798)
               Index Cond: (cc_call_center_sk = catalog_returns.cr_call_center_sk)
               Buffers: shared hit=1584
 Planning:
   Buffers: shared hit=415
 Planning Time: 1.759 ms
 Execution Time: 15057.092 ms
(54 rows)

