                                                                                                  QUERY PLAN                                                                                                  
--------------------------------------------------------------------------------------------------------------------------------------------------------------------------------------------------------------
 Aggregate  (cost=715903.32..715903.33 rows=1 width=136) (actual time=4968.955..4968.961 rows=1 loops=1)
   Buffers: shared hit=41185 read=401236
   ->  Nested Loop  (cost=2571.82..715903.18 rows=9 width=58) (actual time=69.041..4968.931 rows=2 loops=1)
         Buffers: shared hit=41185 read=401236
         ->  Nested Loop  (cost=2571.68..715901.79 rows=9 width=18) (actual time=69.003..4968.886 rows=2 loops=1)
               Buffers: shared hit=41181 read=401236
               ->  Nested Loop  (cost=2571.25..715788.62 rows=158 width=22) (actual time=36.769..4968.138 rows=25 loops=1)
                     Buffers: shared hit=41089 read=401228
                     ->  Nested Loop  (cost=2570.83..714805.30 rows=1478 width=26) (actual time=32.962..4962.382 rows=225 loops=1)
                           Buffers: shared hit=40226 read=401191
                           ->  Nested Loop  (cost=2570.54..712473.67 rows=8871 width=30) (actual time=32.841..4946.654 rows=1306 loops=1)
                                 Buffers: shared hit=36770 read=401191
                                 ->  Hash Join  (cost=2570.11..706541.60 rows=8871 width=22) (actual time=32.776..4909.277 rows=1337 loops=1)
                                       Hash Cond: (catalog_returns.cr_returned_date_sk = date_dim.d_date_sk)
                                       Buffers: shared hit=31547 read=401190
                                       ->  Seq Scan on catalog_returns  (cost=0.00..647267.12 rows=21600412 width=26) (actual time=0.217..3280.569 rows=21598628 loops=1)
                                             Buffers: shared hit=30405 read=400858
                                       ->  Hash  (cost=2569.73..2569.73 rows=30 width=4) (actual time=32.405..32.406 rows=31 loops=1)
                                             Buckets: 1024  Batches: 1  Memory Usage: 10kB
                                             Buffers: shared hit=1142 read=332
                                             ->  Seq Scan on date_dim  (cost=0.00..2569.73 rows=30 width=4) (actual time=19.095..32.388 rows=31 loops=1)
                                                   Filter: ((d_year = 1998) AND (d_moy = 1))
                                                   Rows Removed by Filter: 73018
                                                   Buffers: shared hit=1142 read=332
                                 ->  Index Scan using customer_pkey on customer  (cost=0.43..0.67 rows=1 width=16) (actual time=0.027..0.027 rows=1 loops=1337)
                                       Index Cond: (c_customer_sk = catalog_returns.cr_returning_customer_sk)
                                       Buffers: shared hit=5223 read=1
                           ->  Memoize  (cost=0.29..0.31 rows=1 width=4) (actual time=0.012..0.012 rows=0 loops=1306)
                                 Cache Key: customer.c_current_hdemo_sk
                                 Cache Mode: logical
                                 Hits: 153  Misses: 1153  Evictions: 0  Overflows: 0  Memory Usage: 84kB
                                 Buffers: shared hit=3456
                                 ->  Index Scan using household_demographics_pkey on household_demographics  (cost=0.28..0.30 rows=1 width=4) (actual time=0.013..0.013 rows=0 loops=1153)
                                       Index Cond: (hd_demo_sk = customer.c_current_hdemo_sk)
                                       Filter: (hd_buy_potential ~~ 'Unknown%'::text)
                                       Rows Removed by Filter: 1
                                       Buffers: shared hit=3456
                     ->  Index Scan using customer_address_pkey on customer_address  (cost=0.42..0.67 rows=1 width=4) (actual time=0.025..0.025 rows=0 loops=225)
                           Index Cond: (ca_address_sk = customer.c_current_addr_sk)
                           Filter: (ca_gmt_offset = '-7'::numeric)
                           Rows Removed by Filter: 1
                           Buffers: shared hit=863 read=37
               ->  Index Scan using customer_demographics_pkey on customer_demographics  (cost=0.43..0.72 rows=1 width=4) (actual time=0.029..0.029 rows=0 loops=25)
                     Index Cond: (cd_demo_sk = customer.c_current_cdemo_sk)
                     Filter: (((cd_marital_status = 'M'::bpchar) AND (cd_education_status = 'Unknown'::bpchar)) OR ((cd_marital_status = 'W'::bpchar) AND (cd_education_status = 'Advanced Degree'::bpchar)))
                     Rows Removed by Filter: 1
                     Buffers: shared hit=92 read=8
         ->  Index Scan using call_center_pkey on call_center  (cost=0.14..0.16 rows=1 width=48) (actual time=0.019..0.019 rows=1 loops=2)
               Index Cond: (cc_call_center_sk = catalog_returns.cr_call_center_sk)
               Buffers: shared hit=4
 Planning:
   Buffers: shared hit=415
 Planning Time: 5.403 ms
 Execution Time: 4969.735 ms
(54 rows)

