                                                                                                  QUERY PLAN                                                                                                  
--------------------------------------------------------------------------------------------------------------------------------------------------------------------------------------------------------------
 Aggregate  (cost=715420.76..715420.77 rows=1 width=136) (actual time=12353.665..12353.671 rows=1 loops=1)
   Buffers: shared hit=1170607 read=411658
   ->  Nested Loop  (cost=2571.79..715420.64 rows=8 width=58) (actual time=1047.424..12351.933 rows=632 loops=1)
         Buffers: shared hit=1170607 read=411658
         ->  Nested Loop  (cost=2571.66..715419.40 rows=8 width=18) (actual time=1047.403..12345.295 rows=635 loops=1)
               Buffers: shared hit=1169343 read=411658
               ->  Nested Loop  (cost=2571.23..715313.40 rows=148 width=22) (actual time=1030.769..12201.889 rows=4846 loops=1)
                     Buffers: shared hit=1152976 read=408929
                     ->  Nested Loop  (cost=2570.80..714395.28 rows=1380 width=26) (actual time=1024.235..11288.332 rows=36789 loops=1)
                           Buffers: shared hit=1011398 read=403351
                           ->  Nested Loop  (cost=2570.51..712078.44 rows=8280 width=30) (actual time=1023.848..11000.290 rows=240106 loops=1)
                                 Buffers: shared hit=989810 read=403351
                                 ->  Hash Join  (cost=2570.08..706541.58 rows=8280 width=22) (actual time=1023.798..5303.397 rows=244928 loops=1)
                                       Hash Cond: (catalog_returns.cr_returned_date_sk = date_dim.d_date_sk)
                                       Buffers: shared hit=29481 read=403256
                                       ->  Seq Scan on catalog_returns  (cost=0.00..647267.12 rows=21600412 width=26) (actual time=0.177..3518.385 rows=21598628 loops=1)
                                             Buffers: shared hit=28134 read=403129
                                       ->  Hash  (cost=2569.73..2569.73 rows=28 width=4) (actual time=21.829..21.830 rows=29 loops=1)
                                             Buckets: 1024  Batches: 1  Memory Usage: 10kB
                                             Buffers: shared hit=1347 read=127
                                             ->  Seq Scan on date_dim  (cost=0.00..2569.73 rows=28 width=4) (actual time=13.274..21.816 rows=29 loops=1)
                                                   Filter: ((d_year = 2000) AND (d_moy = 2))
                                                   Rows Removed by Filter: 73020
                                                   Buffers: shared hit=1347 read=127
                                 ->  Index Scan using customer_pkey on customer  (cost=0.43..0.67 rows=1 width=16) (actual time=0.023..0.023 rows=1 loops=244928)
                                       Index Cond: (c_customer_sk = catalog_returns.cr_returning_customer_sk)
                                       Buffers: shared hit=960329 read=95
                           ->  Memoize  (cost=0.29..0.31 rows=1 width=4) (actual time=0.001..0.001 rows=0 loops=240106)
                                 Cache Key: customer.c_current_hdemo_sk
                                 Cache Mode: logical
                                 Hits: 232909  Misses: 7197  Evictions: 0  Overflows: 0  Memory Usage: 521kB
                                 Buffers: shared hit=21588
                                 ->  Index Scan using household_demographics_pkey on household_demographics  (cost=0.28..0.30 rows=1 width=4) (actual time=0.014..0.014 rows=0 loops=7197)
                                       Index Cond: (hd_demo_sk = customer.c_current_hdemo_sk)
                                       Filter: (hd_buy_potential ~~ '0-500%'::text)
                                       Rows Removed by Filter: 1
                                       Buffers: shared hit=21588
                     ->  Index Scan using customer_address_pkey on customer_address  (cost=0.42..0.67 rows=1 width=4) (actual time=0.024..0.024 rows=0 loops=36789)
                           Index Cond: (ca_address_sk = customer.c_current_addr_sk)
                           Filter: (ca_gmt_offset = '-7'::numeric)
                           Rows Removed by Filter: 1
                           Buffers: shared hit=141578 read=5578
               ->  Index Scan using customer_demographics_pkey on customer_demographics  (cost=0.43..0.72 rows=1 width=4) (actual time=0.029..0.029 rows=0 loops=4846)
                     Index Cond: (cd_demo_sk = customer.c_current_cdemo_sk)
                     Filter: (((cd_marital_status = 'M'::bpchar) AND (cd_education_status = 'Unknown'::bpchar)) OR ((cd_marital_status = 'W'::bpchar) AND (cd_education_status = 'Advanced Degree'::bpchar)))
                     Rows Removed by Filter: 1
                     Buffers: shared hit=16367 read=2729
         ->  Index Scan using call_center_pkey on call_center  (cost=0.14..0.16 rows=1 width=48) (actual time=0.009..0.009 rows=1 loops=635)
               Index Cond: (cc_call_center_sk = catalog_returns.cr_call_center_sk)
               Buffers: shared hit=1264
 Planning:
   Buffers: shared hit=415
 Planning Time: 4.875 ms
 Execution Time: 12354.382 ms
(54 rows)

