                                                                                                  QUERY PLAN                                                                                                  
--------------------------------------------------------------------------------------------------------------------------------------------------------------------------------------------------------------
 Aggregate  (cost=716146.24..716146.25 rows=1 width=136) (actual time=13013.446..13013.453 rows=1 loops=1)
   Buffers: shared hit=1286572 read=409945
   ->  Nested Loop  (cost=2571.83..716146.10 rows=9 width=58) (actual time=951.262..13012.273 rows=342 loops=1)
         Buffers: shared hit=1286572 read=409945
         ->  Nested Loop  (cost=2571.69..716144.71 rows=9 width=18) (actual time=951.245..13006.716 rows=349 loops=1)
               Buffers: shared hit=1285888 read=409945
               ->  Nested Loop  (cost=2571.27..716027.25 rows=164 width=22) (actual time=941.150..12872.055 rows=4646 loops=1)
                     Buffers: shared hit=1271763 read=405810
                     ->  Nested Loop  (cost=2570.84..715010.66 rows=1528 width=26) (actual time=939.113..11719.163 rows=46210 loops=1)
                           Buffers: shared hit=1092133 read=400600
                           ->  Nested Loop  (cost=2570.55..712671.62 rows=9167 width=30) (actual time=937.873..11416.434 rows=259602 loops=1)
                                 Buffers: shared hit=1070545 read=400600
                                 ->  Hash Join  (cost=2570.12..706541.62 rows=9167 width=22) (actual time=937.814..5273.408 rows=264842 loops=1)
                                       Hash Cond: (catalog_returns.cr_returned_date_sk = date_dim.d_date_sk)
                                       Buffers: shared hit=32245 read=400492
                                       ->  Seq Scan on catalog_returns  (cost=0.00..647267.12 rows=21600412 width=26) (actual time=0.241..3458.996 rows=21598628 loops=1)
                                             Buffers: shared hit=30898 read=400365
                                       ->  Hash  (cost=2569.73..2569.73 rows=31 width=4) (actual time=19.190..19.191 rows=31 loops=1)
                                             Buckets: 1024  Batches: 1  Memory Usage: 10kB
                                             Buffers: shared hit=1347 read=127
                                             ->  Seq Scan on date_dim  (cost=0.00..2569.73 rows=31 width=4) (actual time=8.532..19.180 rows=31 loops=1)
                                                   Filter: ((d_year = 2000) AND (d_moy = 3))
                                                   Rows Removed by Filter: 73018
                                                   Buffers: shared hit=1347 read=127
                                 ->  Index Scan using customer_pkey on customer  (cost=0.43..0.67 rows=1 width=16) (actual time=0.023..0.023 rows=1 loops=264842)
                                       Index Cond: (c_customer_sk = catalog_returns.cr_returning_customer_sk)
                                       Buffers: shared hit=1038300 read=108
                           ->  Memoize  (cost=0.29..0.31 rows=1 width=4) (actual time=0.001..0.001 rows=0 loops=259602)
                                 Cache Key: customer.c_current_hdemo_sk
                                 Cache Mode: logical
                                 Hits: 252405  Misses: 7197  Evictions: 0  Overflows: 0  Memory Usage: 520kB
                                 Buffers: shared hit=21588
                                 ->  Index Scan using household_demographics_pkey on household_demographics  (cost=0.28..0.30 rows=1 width=4) (actual time=0.014..0.014 rows=0 loops=7197)
                                       Index Cond: (hd_demo_sk = customer.c_current_hdemo_sk)
                                       Filter: (hd_buy_potential ~~ '>10000%'::text)
                                       Rows Removed by Filter: 1
                                       Buffers: shared hit=21588
                     ->  Index Scan using customer_address_pkey on customer_address  (cost=0.42..0.67 rows=1 width=4) (actual time=0.025..0.025 rows=0 loops=46210)
                           Index Cond: (ca_address_sk = customer.c_current_addr_sk)
                           Filter: (ca_gmt_offset = '-7'::numeric)
                           Rows Removed by Filter: 1
                           Buffers: shared hit=179630 read=5210
               ->  Index Scan using customer_demographics_pkey on customer_demographics  (cost=0.43..0.72 rows=1 width=4) (actual time=0.028..0.028 rows=0 loops=4646)
                     Index Cond: (cd_demo_sk = customer.c_current_cdemo_sk)
                     Filter: (((cd_marital_status = 'M'::bpchar) AND (cd_education_status = 'Unknown'::bpchar)) OR ((cd_marital_status = 'W'::bpchar) AND (cd_education_status = 'Advanced Degree'::bpchar)))
                     Rows Removed by Filter: 1
                     Buffers: shared hit=14125 read=4135
         ->  Index Scan using call_center_pkey on call_center  (cost=0.14..0.16 rows=1 width=48) (actual time=0.014..0.014 rows=1 loops=349)
               Index Cond: (cc_call_center_sk = catalog_returns.cr_call_center_sk)
               Buffers: shared hit=684
 Planning:
   Buffers: shared hit=415
 Planning Time: 2.253 ms
 Execution Time: 13013.936 ms
(54 rows)

