                                                                                                     QUERY PLAN                                                                                                     
--------------------------------------------------------------------------------------------------------------------------------------------------------------------------------------------------------------------
 Aggregate  (cost=715921.76..715921.77 rows=1 width=136) (actual time=15005.806..15005.814 rows=1 loops=1)
   Buffers: shared hit=1544074 read=433153
   ->  Hash Join  (cost=2574.36..715921.22 rows=36 width=58) (actual time=2599.112..14997.734 rows=4457 loops=1)
         Hash Cond: (catalog_returns.cr_call_center_sk = call_center.cc_call_center_sk)
         Buffers: shared hit=1544074 read=433153
         ->  Nested Loop  (cost=2571.68..715918.44 rows=36 width=18) (actual time=2599.014..14994.531 rows=4503 loops=1)
               Buffers: shared hit=1544072 read=433153
               ->  Nested Loop  (cost=2571.26..715863.88 rows=82 width=22) (actual time=2598.981..14788.123 rows=8475 loops=1)
                     Buffers: shared hit=1511132 read=432193
                     ->  Nested Loop  (cost=2570.83..714805.30 rows=1478 width=26) (actual time=2598.957..13297.506 rows=56308 loops=1)
                           Buffers: shared hit=1318963 read=403058
                           ->  Nested Loop  (cost=2570.54..712473.67 rows=8871 width=30) (actual time=2598.934..12947.970 rows=316921 loops=1)
                                 Buffers: shared hit=1297363 read=403058
                                 ->  Hash Join  (cost=2570.11..706541.60 rows=8871 width=22) (actual time=2598.897..5557.024 rows=323430 loops=1)
                                       Hash Cond: (catalog_returns.cr_returned_date_sk = date_dim.d_date_sk)
                                       Buffers: shared hit=29769 read=402968
                                       ->  Seq Scan on catalog_returns  (cost=0.00..647267.12 rows=21600412 width=26) (actual time=0.423..3639.490 rows=21598628 loops=1)
                                             Buffers: shared hit=28422 read=402841
                                       ->  Hash  (cost=2569.73..2569.73 rows=30 width=4) (actual time=27.744..27.745 rows=30 loops=1)
                                             Buckets: 1024  Batches: 1  Memory Usage: 10kB
                                             Buffers: shared hit=1347 read=127
                                             ->  Seq Scan on date_dim  (cost=0.00..2569.73 rows=30 width=4) (actual time=16.499..27.725 rows=30 loops=1)
                                                   Filter: ((d_year = 2002) AND (d_moy = 6))
                                                   Rows Removed by Filter: 73019
                                                   Buffers: shared hit=1347 read=127
                                 ->  Index Scan using customer_pkey on customer  (cost=0.43..0.67 rows=1 width=16) (actual time=0.022..0.022 rows=1 loops=323430)
                                       Index Cond: (c_customer_sk = catalog_returns.cr_returning_customer_sk)
                                       Buffers: shared hit=1267594 read=90
                           ->  Memoize  (cost=0.29..0.31 rows=1 width=4) (actual time=0.001..0.001 rows=0 loops=316921)
                                 Cache Key: customer.c_current_hdemo_sk
                                 Cache Mode: logical
                                 Hits: 309720  Misses: 7201  Evictions: 0  Overflows: 0  Memory Usage: 521kB
                                 Buffers: shared hit=21600
                                 ->  Index Scan using household_demographics_pkey on household_demographics  (cost=0.28..0.30 rows=1 width=4) (actual time=0.014..0.014 rows=0 loops=7201)
                                       Index Cond: (hd_demo_sk = customer.c_current_hdemo_sk)
                                       Filter: (hd_buy_potential ~~ '>10000%'::text)
                                       Rows Removed by Filter: 1
                                       Buffers: shared hit=21600
                     ->  Index Scan using customer_demographics_pkey on customer_demographics  (cost=0.43..0.72 rows=1 width=4) (actual time=0.026..0.026 rows=0 loops=56308)
                           Index Cond: (cd_demo_sk = customer.c_current_cdemo_sk)
                           Filter: (((cd_marital_status = 'M'::bpchar) AND (cd_education_status = 'Unknown'::bpchar)) OR ((cd_marital_status = 'W'::bpchar) AND (cd_education_status = 'Advanced Degree'::bpchar)))
                           Rows Removed by Filter: 1
                           Buffers: shared hit=192169 read=29135
               ->  Index Scan using customer_address_pkey on customer_address  (cost=0.42..0.67 rows=1 width=4) (actual time=0.024..0.024 rows=1 loops=8475)
                     Index Cond: (ca_address_sk = customer.c_current_addr_sk)
                     Filter: (ca_gmt_offset = '-6'::numeric)
                     Rows Removed by Filter: 0
                     Buffers: shared hit=32940 read=960
         ->  Hash  (cost=2.30..2.30 rows=30 width=48) (actual time=0.072..0.073 rows=30 loops=1)
               Buckets: 1024  Batches: 1  Memory Usage: 11kB
               Buffers: shared hit=2
               ->  Seq Scan on call_center  (cost=0.00..2.30 rows=30 width=48) (actual time=0.027..0.047 rows=30 loops=1)
                     Buffers: shared hit=2
 Planning:
   Buffers: shared hit=415
 Planning Time: 4.468 ms
 Execution Time: 15006.603 ms
(57 rows)

