                                                                                                     QUERY PLAN                                                                                                     
--------------------------------------------------------------------------------------------------------------------------------------------------------------------------------------------------------------------
 Aggregate  (cost=715921.76..715921.77 rows=1 width=136) (actual time=12164.884..12164.891 rows=1 loops=1)
   Buffers: shared hit=1119093 read=423066
   ->  Hash Join  (cost=2574.36..715921.22 rows=36 width=58) (actual time=12164.881..12164.887 rows=0 loops=1)
         Hash Cond: (catalog_returns.cr_call_center_sk = call_center.cc_call_center_sk)
         Buffers: shared hit=1119093 read=423066
         ->  Nested Loop  (cost=2571.68..715918.44 rows=36 width=18) (actual time=12164.812..12164.818 rows=0 loops=1)
               Buffers: shared hit=1119091 read=423066
               ->  Nested Loop  (cost=2571.26..715863.88 rows=82 width=22) (actual time=1071.673..12142.524 rows=901 loops=1)
                     Buffers: shared hit=1115636 read=422917
                     ->  Nested Loop  (cost=2570.83..714805.30 rows=1478 width=26) (actual time=1057.807..11167.818 rows=38856 loops=1)
                           Buffers: shared hit=972507 read=413462
                           ->  Nested Loop  (cost=2570.54..712473.67 rows=8871 width=30) (actual time=1055.417..10885.611 rows=232914 loops=1)
                                 Buffers: shared hit=950931 read=413462
                                 ->  Hash Join  (cost=2570.11..706541.60 rows=8871 width=22) (actual time=1055.374..5404.525 rows=237520 loops=1)
                                       Hash Cond: (catalog_returns.cr_returned_date_sk = date_dim.d_date_sk)
                                       Buffers: shared hit=19462 read=413275
                                       ->  Seq Scan on catalog_returns  (cost=0.00..647267.12 rows=21600412 width=26) (actual time=0.030..3636.196 rows=21598628 loops=1)
                                             Buffers: shared hit=19257 read=412006
                                       ->  Hash  (cost=2569.73..2569.73 rows=30 width=4) (actual time=24.505..24.506 rows=30 loops=1)
                                             Buckets: 1024  Batches: 1  Memory Usage: 10kB
                                             Buffers: shared hit=205 read=1269
                                             ->  Seq Scan on date_dim  (cost=0.00..2569.73 rows=30 width=4) (actual time=12.983..24.494 rows=30 loops=1)
                                                   Filter: ((d_year = 2000) AND (d_moy = 6))
                                                   Rows Removed by Filter: 73019
                                                   Buffers: shared hit=205 read=1269
                                 ->  Index Scan using customer_pkey on customer  (cost=0.43..0.67 rows=1 width=16) (actual time=0.023..0.023 rows=1 loops=237520)
                                       Index Cond: (c_customer_sk = catalog_returns.cr_returning_customer_sk)
                                       Buffers: shared hit=931469 read=187
                           ->  Memoize  (cost=0.29..0.31 rows=1 width=4) (actual time=0.001..0.001 rows=0 loops=232914)
                                 Cache Key: customer.c_current_hdemo_sk
                                 Cache Mode: logical
                                 Hits: 225721  Misses: 7193  Evictions: 0  Overflows: 0  Memory Usage: 520kB
                                 Buffers: shared hit=21576
                                 ->  Index Scan using household_demographics_pkey on household_demographics  (cost=0.28..0.30 rows=1 width=4) (actual time=0.015..0.015 rows=0 loops=7193)
                                       Index Cond: (hd_demo_sk = customer.c_current_hdemo_sk)
                                       Filter: (hd_buy_potential ~~ '501-1000%'::text)
                                       Rows Removed by Filter: 1
                                       Buffers: shared hit=21576
                     ->  Index Scan using customer_demographics_pkey on customer_demographics  (cost=0.43..0.72 rows=1 width=4) (actual time=0.025..0.025 rows=0 loops=38856)
                           Index Cond: (cd_demo_sk = customer.c_current_cdemo_sk)
                           Filter: (((cd_marital_status = 'M'::bpchar) AND (cd_education_status = 'Unknown'::bpchar)) OR ((cd_marital_status = 'W'::bpchar) AND (cd_education_status = 'Advanced Degree'::bpchar)))
                           Rows Removed by Filter: 1
                           Buffers: shared hit=143129 read=9455
               ->  Index Scan using customer_address_pkey on customer_address  (cost=0.42..0.67 rows=1 width=4) (actual time=0.024..0.024 rows=0 loops=901)
                     Index Cond: (ca_address_sk = customer.c_current_addr_sk)
                     Filter: (ca_gmt_offset = '-6'::numeric)
                     Rows Removed by Filter: 1
                     Buffers: shared hit=3455 read=149
         ->  Hash  (cost=2.30..2.30 rows=30 width=48) (actual time=0.055..0.056 rows=30 loops=1)
               Buckets: 1024  Batches: 1  Memory Usage: 11kB
               Buffers: shared hit=2
               ->  Seq Scan on call_center  (cost=0.00..2.30 rows=30 width=48) (actual time=0.018..0.035 rows=30 loops=1)
                     Buffers: shared hit=2
 Planning:
   Buffers: shared hit=384 read=31
 Planning Time: 2.626 ms
 Execution Time: 12165.338 ms
(57 rows)

