                                                                                                     QUERY PLAN                                                                                                     
--------------------------------------------------------------------------------------------------------------------------------------------------------------------------------------------------------------------
 Aggregate  (cost=715921.76..715921.77 rows=1 width=136) (actual time=16680.192..16680.198 rows=1 loops=1)
   Buffers: shared hit=1808872 read=420019
   ->  Hash Join  (cost=2574.36..715921.22 rows=36 width=58) (actual time=2603.370..16670.582 rows=5400 loops=1)
         Hash Cond: (catalog_returns.cr_call_center_sk = call_center.cc_call_center_sk)
         Buffers: shared hit=1808872 read=420019
         ->  Nested Loop  (cost=2571.68..715918.44 rows=36 width=18) (actual time=2603.271..16666.760 rows=5460 loops=1)
               Buffers: shared hit=1808870 read=420019
               ->  Nested Loop  (cost=2571.26..715863.88 rows=82 width=22) (actual time=2603.239..16398.666 rows=10030 loops=1)
                     Buffers: shared hit=1771008 read=417761
                     ->  Nested Loop  (cost=2570.83..714805.30 rows=1478 width=26) (actual time=2593.225..14777.862 rows=65741 loops=1)
                           Buffers: shared hit=1521712 read=408765
                           ->  Nested Loop  (cost=2570.54..712473.67 rows=8871 width=30) (actual time=2589.119..14381.317 rows=369035 loops=1)
                                 Buffers: shared hit=1500112 read=408765
                                 ->  Hash Join  (cost=2570.11..706541.60 rows=8871 width=22) (actual time=2589.074..5692.796 rows=376450 loops=1)
                                       Hash Cond: (catalog_returns.cr_returned_date_sk = date_dim.d_date_sk)
                                       Buffers: shared hit=24237 read=408500
                                       ->  Seq Scan on catalog_returns  (cost=0.00..647267.12 rows=21600412 width=26) (actual time=0.034..3713.716 rows=21598628 loops=1)
                                             Buffers: shared hit=22763 read=408500
                                       ->  Hash  (cost=2569.73..2569.73 rows=30 width=4) (actual time=20.408..20.409 rows=30 loops=1)
                                             Buckets: 1024  Batches: 1  Memory Usage: 10kB
                                             Buffers: shared hit=1474
                                             ->  Seq Scan on date_dim  (cost=0.00..2569.73 rows=30 width=4) (actual time=11.494..20.392 rows=30 loops=1)
                                                   Filter: ((d_year = 2002) AND (d_moy = 4))
                                                   Rows Removed by Filter: 73019
                                                   Buffers: shared hit=1474
                                 ->  Index Scan using customer_pkey on customer  (cost=0.43..0.67 rows=1 width=16) (actual time=0.023..0.023 rows=1 loops=376450)
                                       Index Cond: (c_customer_sk = catalog_returns.cr_returning_customer_sk)
                                       Buffers: shared hit=1475875 read=265
                           ->  Memoize  (cost=0.29..0.31 rows=1 width=4) (actual time=0.001..0.001 rows=0 loops=369035)
                                 Cache Key: customer.c_current_hdemo_sk
                                 Cache Mode: logical
                                 Hits: 361834  Misses: 7201  Evictions: 0  Overflows: 0  Memory Usage: 521kB
                                 Buffers: shared hit=21600
                                 ->  Index Scan using household_demographics_pkey on household_demographics  (cost=0.28..0.30 rows=1 width=4) (actual time=0.015..0.015 rows=0 loops=7201)
                                       Index Cond: (hd_demo_sk = customer.c_current_hdemo_sk)
                                       Filter: (hd_buy_potential ~~ '>10000%'::text)
                                       Rows Removed by Filter: 1
                                       Buffers: shared hit=21600
                     ->  Index Scan using customer_demographics_pkey on customer_demographics  (cost=0.43..0.72 rows=1 width=4) (actual time=0.024..0.024 rows=0 loops=65741)
                           Index Cond: (cd_demo_sk = customer.c_current_cdemo_sk)
                           Filter: (((cd_marital_status = 'M'::bpchar) AND (cd_education_status = 'Unknown'::bpchar)) OR ((cd_marital_status = 'W'::bpchar) AND (cd_education_status = 'Advanced Degree'::bpchar)))
                           Rows Removed by Filter: 1
                           Buffers: shared hit=249296 read=8996
               ->  Index Scan using customer_address_pkey on customer_address  (cost=0.42..0.67 rows=1 width=4) (actual time=0.026..0.026 rows=1 loops=10030)
                     Index Cond: (ca_address_sk = customer.c_current_addr_sk)
                     Filter: (ca_gmt_offset = '-6'::numeric)
                     Rows Removed by Filter: 0
                     Buffers: shared hit=37862 read=2258
         ->  Hash  (cost=2.30..2.30 rows=30 width=48) (actual time=0.071..0.072 rows=30 loops=1)
               Buckets: 1024  Batches: 1  Memory Usage: 11kB
               Buffers: shared hit=2
               ->  Seq Scan on call_center  (cost=0.00..2.30 rows=30 width=48) (actual time=0.027..0.047 rows=30 loops=1)
                     Buffers: shared hit=2
 Planning:
   Buffers: shared hit=415
 Planning Time: 4.349 ms
 Execution Time: 16680.974 ms
(57 rows)

