                                                                                                     QUERY PLAN                                                                                                     
--------------------------------------------------------------------------------------------------------------------------------------------------------------------------------------------------------------------
 Aggregate  (cost=715921.76..715921.77 rows=1 width=136) (actual time=12505.847..12505.854 rows=1 loops=1)
   Buffers: shared hit=1216682 read=413299
   ->  Hash Join  (cost=2574.36..715921.22 rows=36 width=58) (actual time=1012.705..12499.139 rows=3660 loops=1)
         Hash Cond: (catalog_returns.cr_call_center_sk = call_center.cc_call_center_sk)
         Buffers: shared hit=1216682 read=413299
         ->  Nested Loop  (cost=2571.68..715918.44 rows=36 width=18) (actual time=1012.574..12496.464 rows=3697 loops=1)
               Buffers: shared hit=1216680 read=413299
               ->  Nested Loop  (cost=2571.26..715863.88 rows=82 width=22) (actual time=1012.533..12377.255 rows=4681 loops=1)
                     Buffers: shared hit=1199569 read=411686
                     ->  Nested Loop  (cost=2570.83..714805.30 rows=1478 width=26) (actual time=1005.064..11347.484 rows=42284 loops=1)
                           Buffers: shared hit=1037422 read=407653
                           ->  Nested Loop  (cost=2570.54..712473.67 rows=8871 width=30) (actual time=1002.907..11061.128 rows=247689 loops=1)
                                 Buffers: shared hit=1015840 read=407653
                                 ->  Hash Join  (cost=2570.11..706541.60 rows=8871 width=22) (actual time=1002.855..5268.646 rows=252693 loops=1)
                                       Hash Cond: (catalog_returns.cr_returned_date_sk = date_dim.d_date_sk)
                                       Buffers: shared hit=25205 read=407532
                                       ->  Seq Scan on catalog_returns  (cost=0.00..647267.12 rows=21600412 width=26) (actual time=0.044..3475.703 rows=21598628 loops=1)
                                             Buffers: shared hit=23936 read=407327
                                       ->  Hash  (cost=2569.73..2569.73 rows=30 width=4) (actual time=21.020..21.021 rows=31 loops=1)
                                             Buckets: 1024  Batches: 1  Memory Usage: 10kB
                                             Buffers: shared hit=1269 read=205
                                             ->  Seq Scan on date_dim  (cost=0.00..2569.73 rows=30 width=4) (actual time=11.404..21.007 rows=31 loops=1)
                                                   Filter: ((d_year = 2000) AND (d_moy = 5))
                                                   Rows Removed by Filter: 73018
                                                   Buffers: shared hit=1269 read=205
                                 ->  Index Scan using customer_pkey on customer  (cost=0.43..0.67 rows=1 width=16) (actual time=0.022..0.022 rows=1 loops=252693)
                                       Index Cond: (c_customer_sk = catalog_returns.cr_returning_customer_sk)
                                       Buffers: shared hit=990635 read=121
                           ->  Memoize  (cost=0.29..0.31 rows=1 width=4) (actual time=0.001..0.001 rows=0 loops=247689)
                                 Cache Key: customer.c_current_hdemo_sk
                                 Cache Mode: logical
                                 Hits: 240494  Misses: 7195  Evictions: 0  Overflows: 0  Memory Usage: 520kB
                                 Buffers: shared hit=21582
                                 ->  Index Scan using household_demographics_pkey on household_demographics  (cost=0.28..0.30 rows=1 width=4) (actual time=0.013..0.013 rows=0 loops=7195)
                                       Index Cond: (hd_demo_sk = customer.c_current_hdemo_sk)
                                       Filter: (hd_buy_potential ~~ 'Unknown%'::text)
                                       Rows Removed by Filter: 1
                                       Buffers: shared hit=21582
                     ->  Index Scan using customer_demographics_pkey on customer_demographics  (cost=0.43..0.72 rows=1 width=4) (actual time=0.024..0.024 rows=0 loops=42284)
                           Index Cond: (cd_demo_sk = customer.c_current_cdemo_sk)
                           Filter: (((cd_marital_status = 'M'::bpchar) AND (cd_education_status = 'Unknown'::bpchar)) OR ((cd_marital_status = 'W'::bpchar) AND (cd_education_status = 'Advanced Degree'::bpchar)))
                           Rows Removed by Filter: 1
                           Buffers: shared hit=162147 read=4033
               ->  Index Scan using customer_address_pkey on customer_address  (cost=0.42..0.67 rows=1 width=4) (actual time=0.025..0.025 rows=1 loops=4681)
                     Index Cond: (ca_address_sk = customer.c_current_addr_sk)
                     Filter: (ca_gmt_offset = '-6'::numeric)
                     Rows Removed by Filter: 0
                     Buffers: shared hit=17111 read=1613
         ->  Hash  (cost=2.30..2.30 rows=30 width=48) (actual time=0.102..0.102 rows=30 loops=1)
               Buckets: 1024  Batches: 1  Memory Usage: 11kB
               Buffers: shared hit=2
               ->  Seq Scan on call_center  (cost=0.00..2.30 rows=30 width=48) (actual time=0.039..0.069 rows=30 loops=1)
                     Buffers: shared hit=2
 Planning:
   Buffers: shared hit=415
 Planning Time: 5.539 ms
 Execution Time: 12506.751 ms
(57 rows)

