                                                                                                     QUERY PLAN                                                                                                     
--------------------------------------------------------------------------------------------------------------------------------------------------------------------------------------------------------------------
 Aggregate  (cost=716164.96..716164.97 rows=1 width=136) (actual time=12081.099..12081.105 rows=1 loops=1)
   Buffers: shared hit=1149256 read=404931
   ->  Hash Join  (cost=2574.37..716164.39 rows=38 width=58) (actual time=12081.094..12081.100 rows=0 loops=1)
         Hash Cond: (catalog_returns.cr_call_center_sk = call_center.cc_call_center_sk)
         Buffers: shared hit=1149256 read=404931
         ->  Nested Loop  (cost=2571.69..716161.60 rows=38 width=18) (actual time=12081.021..12081.026 rows=0 loops=1)
               Buffers: shared hit=1149254 read=404931
               ->  Nested Loop  (cost=2571.27..716105.05 rows=85 width=22) (actual time=21.440..12035.794 rows=1564 loops=1)
                     Buffers: shared hit=1144084 read=403845
                     ->  Nested Loop  (cost=2570.84..715010.66 rows=1528 width=26) (actual time=18.464..11125.692 rows=36332 loops=1)
                           Buffers: shared hit=1004822 read=400539
                           ->  Nested Loop  (cost=2570.55..712671.62 rows=9167 width=30) (actual time=18.430..10816.337 rows=237759 loops=1)
                                 Buffers: shared hit=983234 read=400539
                                 ->  Hash Join  (cost=2570.12..706541.62 rows=9167 width=22) (actual time=18.367..5145.459 rows=242522 loops=1)
                                       Hash Cond: (catalog_returns.cr_returned_date_sk = date_dim.d_date_sk)
                                       Buffers: shared hit=32351 read=400386
                                       ->  Seq Scan on catalog_returns  (cost=0.00..647267.12 rows=21600412 width=26) (actual time=0.027..3382.611 rows=21598628 loops=1)
                                             Buffers: shared hit=30877 read=400386
                                       ->  Hash  (cost=2569.73..2569.73 rows=31 width=4) (actual time=18.314..18.315 rows=31 loops=1)
                                             Buckets: 1024  Batches: 1  Memory Usage: 10kB
                                             Buffers: shared hit=1474
                                             ->  Seq Scan on date_dim  (cost=0.00..2569.73 rows=31 width=4) (actual time=10.196..18.300 rows=31 loops=1)
                                                   Filter: ((d_year = 1998) AND (d_moy = 8))
                                                   Rows Removed by Filter: 73018
                                                   Buffers: shared hit=1474
                                 ->  Index Scan using customer_pkey on customer  (cost=0.43..0.67 rows=1 width=16) (actual time=0.023..0.023 rows=1 loops=242522)
                                       Index Cond: (c_customer_sk = catalog_returns.cr_returning_customer_sk)
                                       Buffers: shared hit=950883 read=153
                           ->  Memoize  (cost=0.29..0.31 rows=1 width=4) (actual time=0.001..0.001 rows=0 loops=237759)
                                 Cache Key: customer.c_current_hdemo_sk
                                 Cache Mode: logical
                                 Hits: 230562  Misses: 7197  Evictions: 0  Overflows: 0  Memory Usage: 521kB
                                 Buffers: shared hit=21588
                                 ->  Index Scan using household_demographics_pkey on household_demographics  (cost=0.28..0.30 rows=1 width=4) (actual time=0.017..0.017 rows=0 loops=7197)
                                       Index Cond: (hd_demo_sk = customer.c_current_hdemo_sk)
                                       Filter: (hd_buy_potential ~~ '0-500%'::text)
                                       Rows Removed by Filter: 1
                                       Buffers: shared hit=21588
                     ->  Index Scan using customer_demographics_pkey on customer_demographics  (cost=0.43..0.72 rows=1 width=4) (actual time=0.025..0.025 rows=0 loops=36332)
                           Index Cond: (cd_demo_sk = customer.c_current_cdemo_sk)
                           Filter: (((cd_marital_status = 'M'::bpchar) AND (cd_education_status = 'Unknown'::bpchar)) OR ((cd_marital_status = 'W'::bpchar) AND (cd_education_status = 'Advanced Degree'::bpchar)))
                           Rows Removed by Filter: 1
                           Buffers: shared hit=139262 read=3306
               ->  Index Scan using customer_address_pkey on customer_address  (cost=0.42..0.67 rows=1 width=4) (actual time=0.028..0.028 rows=0 loops=1564)
                     Index Cond: (ca_address_sk = customer.c_current_addr_sk)
                     Filter: (ca_gmt_offset = '-6'::numeric)
                     Rows Removed by Filter: 1
                     Buffers: shared hit=5170 read=1086
         ->  Hash  (cost=2.30..2.30 rows=30 width=48) (actual time=0.055..0.055 rows=30 loops=1)
               Buckets: 1024  Batches: 1  Memory Usage: 11kB
               Buffers: shared hit=2
               ->  Seq Scan on call_center  (cost=0.00..2.30 rows=30 width=48) (actual time=0.021..0.036 rows=30 loops=1)
                     Buffers: shared hit=2
 Planning:
   Buffers: shared hit=415
 Planning Time: 3.644 ms
 Execution Time: 12081.733 ms
(57 rows)

