                                                                                                  QUERY PLAN                                                                                                  
--------------------------------------------------------------------------------------------------------------------------------------------------------------------------------------------------------------
 Aggregate  (cost=715903.32..715903.33 rows=1 width=136) (actual time=7251.671..7251.677 rows=1 loops=1)
   Buffers: shared hit=416090 read=412336
   ->  Nested Loop  (cost=2571.82..715903.18 rows=9 width=58) (actual time=101.456..7251.325 rows=92 loops=1)
         Buffers: shared hit=416090 read=412336
         ->  Nested Loop  (cost=2571.68..715901.79 rows=9 width=18) (actual time=101.439..7250.585 rows=92 loops=1)
               Buffers: shared hit=415906 read=412336
               ->  Nested Loop  (cost=2571.25..715788.62 rows=158 width=22) (actual time=30.336..7225.725 rows=951 loops=1)
                     Buffers: shared hit=412274 read=412216
                     ->  Nested Loop  (cost=2570.83..714805.30 rows=1478 width=26) (actual time=20.890..6859.056 rows=13265 loops=1)
                           Buffers: shared hit=368002 read=403428
                           ->  Nested Loop  (cost=2570.54..712473.67 rows=8871 width=30) (actual time=20.805..6684.632 rows=79319 loops=1)
                                 Buffers: shared hit=346585 read=403428
                                 ->  Hash Join  (cost=2570.11..706541.60 rows=8871 width=22) (actual time=20.753..4909.156 rows=80947 loops=1)
                                       Hash Cond: (catalog_returns.cr_returned_date_sk = date_dim.d_date_sk)
                                       Buffers: shared hit=29396 read=403341
                                       ->  Seq Scan on catalog_returns  (cost=0.00..647267.12 rows=21600412 width=26) (actual time=0.049..3261.975 rows=21598628 loops=1)
                                             Buffers: shared hit=27922 read=403341
                                       ->  Hash  (cost=2569.73..2569.73 rows=30 width=4) (actual time=20.663..20.664 rows=30 loops=1)
                                             Buckets: 1024  Batches: 1  Memory Usage: 10kB
                                             Buffers: shared hit=1474
                                             ->  Seq Scan on date_dim  (cost=0.00..2569.73 rows=30 width=4) (actual time=11.672..20.648 rows=30 loops=1)
                                                   Filter: ((d_year = 1998) AND (d_moy = 4))
                                                   Rows Removed by Filter: 73019
                                                   Buffers: shared hit=1474
                                 ->  Index Scan using customer_pkey on customer  (cost=0.43..0.67 rows=1 width=16) (actual time=0.021..0.021 rows=1 loops=80947)
                                       Index Cond: (c_customer_sk = catalog_returns.cr_returning_customer_sk)
                                       Buffers: shared hit=317189 read=87
                           ->  Memoize  (cost=0.29..0.31 rows=1 width=4) (actual time=0.002..0.002 rows=0 loops=79319)
                                 Cache Key: customer.c_current_hdemo_sk
                                 Cache Mode: logical
                                 Hits: 72179  Misses: 7140  Evictions: 0  Overflows: 0  Memory Usage: 517kB
                                 Buffers: shared hit=21417
                                 ->  Index Scan using household_demographics_pkey on household_demographics  (cost=0.28..0.30 rows=1 width=4) (actual time=0.016..0.016 rows=0 loops=7140)
                                       Index Cond: (hd_demo_sk = customer.c_current_hdemo_sk)
                                       Filter: (hd_buy_potential ~~ '501-1000%'::text)
                                       Rows Removed by Filter: 1
                                       Buffers: shared hit=21417
                     ->  Index Scan using customer_address_pkey on customer_address  (cost=0.42..0.67 rows=1 width=4) (actual time=0.027..0.027 rows=0 loops=13265)
                           Index Cond: (ca_address_sk = customer.c_current_addr_sk)
                           Filter: (ca_gmt_offset = '-7'::numeric)
                           Rows Removed by Filter: 1
                           Buffers: shared hit=44272 read=8788
               ->  Index Scan using customer_demographics_pkey on customer_demographics  (cost=0.43..0.72 rows=1 width=4) (actual time=0.026..0.026 rows=0 loops=951)
                     Index Cond: (cd_demo_sk = customer.c_current_cdemo_sk)
                     Filter: (((cd_marital_status = 'M'::bpchar) AND (cd_education_status = 'Unknown'::bpchar)) OR ((cd_marital_status = 'W'::bpchar) AND (cd_education_status = 'Advanced Degree'::bpchar)))
                     Rows Removed by Filter: 1
                     Buffers: shared hit=3632 read=120
         ->  Index Scan using call_center_pkey on call_center  (cost=0.14..0.16 rows=1 width=48) (actual time=0.006..0.006 rows=1 loops=92)
               Index Cond: (cc_call_center_sk = catalog_returns.cr_call_center_sk)
               Buffers: shared hit=184
 Planning:
   Buffers: shared hit=415
 Planning Time: 4.489 ms
 Execution Time: 7252.491 ms
(54 rows)

