                                                                                                     QUERY PLAN                                                                                                     
--------------------------------------------------------------------------------------------------------------------------------------------------------------------------------------------------------------------
 Aggregate  (cost=715921.76..715921.77 rows=1 width=136) (actual time=12047.677..12047.684 rows=1 loops=1)
   Buffers: shared hit=1130557 read=409950
   ->  Hash Join  (cost=2574.36..715921.22 rows=36 width=58) (actual time=1103.697..12046.450 rows=395 loops=1)
         Hash Cond: (catalog_returns.cr_call_center_sk = call_center.cc_call_center_sk)
         Buffers: shared hit=1130557 read=409950
         ->  Nested Loop  (cost=2571.68..715918.44 rows=36 width=18) (actual time=1103.593..12045.872 rows=397 loops=1)
               Buffers: shared hit=1130555 read=409950
               ->  Nested Loop  (cost=2571.26..715863.88 rows=82 width=22) (actual time=1094.172..11970.443 rows=2560 loops=1)
                     Buffers: shared hit=1121963 read=408302
                     ->  Nested Loop  (cost=2570.83..714805.30 rows=1478 width=26) (actual time=1092.886..11070.448 rows=36810 loops=1)
                           Buffers: shared hit=983054 read=402915
                           ->  Nested Loop  (cost=2570.54..712473.67 rows=8871 width=30) (actual time=1087.289..10796.721 rows=232914 loops=1)
                                 Buffers: shared hit=961478 read=402915
                                 ->  Hash Join  (cost=2570.11..706541.60 rows=8871 width=22) (actual time=1087.242..5381.110 rows=237520 loops=1)
                                       Hash Cond: (catalog_returns.cr_returned_date_sk = date_dim.d_date_sk)
                                       Buffers: shared hit=30064 read=402673
                                       ->  Seq Scan on catalog_returns  (cost=0.00..647267.12 rows=21600412 width=26) (actual time=0.035..3547.485 rows=21598628 loops=1)
                                             Buffers: shared hit=28590 read=402673
                                       ->  Hash  (cost=2569.73..2569.73 rows=30 width=4) (actual time=21.622..21.623 rows=30 loops=1)
                                             Buckets: 1024  Batches: 1  Memory Usage: 10kB
                                             Buffers: shared hit=1474
                                             ->  Seq Scan on date_dim  (cost=0.00..2569.73 rows=30 width=4) (actual time=10.569..21.604 rows=30 loops=1)
                                                   Filter: ((d_year = 2000) AND (d_moy = 6))
                                                   Rows Removed by Filter: 73019
                                                   Buffers: shared hit=1474
                                 ->  Index Scan using customer_pkey on customer  (cost=0.43..0.67 rows=1 width=16) (actual time=0.022..0.022 rows=1 loops=237520)
                                       Index Cond: (c_customer_sk = catalog_returns.cr_returning_customer_sk)
                                       Buffers: shared hit=931414 read=242
                           ->  Memoize  (cost=0.29..0.31 rows=1 width=4) (actual time=0.001..0.001 rows=0 loops=232914)
                                 Cache Key: customer.c_current_hdemo_sk
                                 Cache Mode: logical
                                 Hits: 225721  Misses: 7193  Evictions: 0  Overflows: 0  Memory Usage: 520kB
                                 Buffers: shared hit=21576
                                 ->  Index Scan using household_demographics_pkey on household_demographics  (cost=0.28..0.30 rows=1 width=4) (actual time=0.014..0.014 rows=0 loops=7193)
                                       Index Cond: (hd_demo_sk = customer.c_current_hdemo_sk)
                                       Filter: (hd_buy_potential ~~ '5001-10000%'::text)
                                       Rows Removed by Filter: 1
                                       Buffers: shared hit=21576
                     ->  Index Scan using customer_demographics_pkey on customer_demographics  (cost=0.43..0.72 rows=1 width=4) (actual time=0.024..0.024 rows=0 loops=36810)
                           Index Cond: (cd_demo_sk = customer.c_current_cdemo_sk)
                           Filter: (((cd_marital_status = 'M'::bpchar) AND (cd_education_status = 'Unknown'::bpchar)) OR ((cd_marital_status = 'W'::bpchar) AND (cd_education_status = 'Advanced Degree'::bpchar)))
                           Rows Removed by Filter: 1
                           Buffers: shared hit=138909 read=5387
               ->  Index Scan using customer_address_pkey on customer_address  (cost=0.42..0.67 rows=1 width=4) (actual time=0.029..0.029 rows=0 loops=2560)
                     Index Cond: (ca_address_sk = customer.c_current_addr_sk)
                     Filter: (ca_gmt_offset = '-6'::numeric)
                     Rows Removed by Filter: 1
                     Buffers: shared hit=8592 read=1648
         ->  Hash  (cost=2.30..2.30 rows=30 width=48) (actual time=0.077..0.077 rows=30 loops=1)
               Buckets: 1024  Batches: 1  Memory Usage: 11kB
               Buffers: shared hit=2
               ->  Seq Scan on call_center  (cost=0.00..2.30 rows=30 width=48) (actual time=0.029..0.050 rows=30 loops=1)
                     Buffers: shared hit=2
 Planning:
   Buffers: shared hit=415
 Planning Time: 4.524 ms
 Execution Time: 12048.501 ms
(57 rows)

