                                                                                                  QUERY PLAN                                                                                                  
--------------------------------------------------------------------------------------------------------------------------------------------------------------------------------------------------------------
 Aggregate  (cost=715903.32..715903.33 rows=1 width=136) (actual time=12829.013..12829.020 rows=1 loops=1)
   Buffers: shared hit=1280116 read=421794
   ->  Nested Loop  (cost=2571.82..715903.18 rows=9 width=58) (actual time=1998.561..12827.752 rows=401 loops=1)
         Buffers: shared hit=1280116 read=421794
         ->  Nested Loop  (cost=2571.68..715901.79 rows=9 width=18) (actual time=1998.548..12821.762 rows=403 loops=1)
               Buffers: shared hit=1279314 read=421794
               ->  Nested Loop  (cost=2571.25..715788.62 rows=158 width=22) (actual time=1946.434..12649.776 rows=6496 loops=1)
                     Buffers: shared hit=1255539 read=420025
                     ->  Nested Loop  (cost=2570.83..714805.30 rows=1478 width=26) (actual time=1946.394..11550.009 rows=44450 loops=1)
                           Buffers: shared hit=1087199 read=410565
                           ->  Nested Loop  (cost=2570.54..712473.67 rows=8871 width=30) (actual time=1933.466..11260.025 rows=260859 loops=1)
                                 Buffers: shared hit=1065608 read=410565
                                 ->  Hash Join  (cost=2570.11..706541.60 rows=8871 width=22) (actual time=1933.421..5263.009 rows=266327 loops=1)
                                       Hash Cond: (catalog_returns.cr_returned_date_sk = date_dim.d_date_sk)
                                       Buffers: shared hit=22803 read=409934
                                       ->  Seq Scan on catalog_returns  (cost=0.00..647267.12 rows=21600412 width=26) (actual time=0.076..3466.002 rows=21598628 loops=1)
                                             Buffers: shared hit=22598 read=408665
                                       ->  Hash  (cost=2569.73..2569.73 rows=30 width=4) (actual time=34.342..34.343 rows=30 loops=1)
                                             Buckets: 1024  Batches: 1  Memory Usage: 10kB
                                             Buffers: shared hit=205 read=1269
                                             ->  Seq Scan on date_dim  (cost=0.00..2569.73 rows=30 width=4) (actual time=21.299..34.320 rows=30 loops=1)
                                                   Filter: ((d_year = 2001) AND (d_moy = 9))
                                                   Rows Removed by Filter: 73019
                                                   Buffers: shared hit=205 read=1269
                                 ->  Index Scan using customer_pkey on customer  (cost=0.43..0.67 rows=1 width=16) (actual time=0.022..0.022 rows=1 loops=266327)
                                       Index Cond: (c_customer_sk = catalog_returns.cr_returning_customer_sk)
                                       Buffers: shared hit=1042805 read=631
                           ->  Memoize  (cost=0.29..0.31 rows=1 width=4) (actual time=0.001..0.001 rows=0 loops=260859)
                                 Cache Key: customer.c_current_hdemo_sk
                                 Cache Mode: logical
                                 Hits: 253661  Misses: 7198  Evictions: 0  Overflows: 0  Memory Usage: 521kB
                                 Buffers: shared hit=21591
                                 ->  Index Scan using household_demographics_pkey on household_demographics  (cost=0.28..0.30 rows=1 width=4) (actual time=0.014..0.014 rows=0 loops=7198)
                                       Index Cond: (hd_demo_sk = customer.c_current_hdemo_sk)
                                       Filter: (hd_buy_potential ~~ 'Unknown%'::text)
                                       Rows Removed by Filter: 1
                                       Buffers: shared hit=21591
                     ->  Index Scan using customer_address_pkey on customer_address  (cost=0.42..0.67 rows=1 width=4) (actual time=0.024..0.024 rows=0 loops=44450)
                           Index Cond: (ca_address_sk = customer.c_current_addr_sk)
                           Filter: (ca_gmt_offset = '-7'::numeric)
                           Rows Removed by Filter: 1
                           Buffers: shared hit=168340 read=9460
               ->  Index Scan using customer_demographics_pkey on customer_demographics  (cost=0.43..0.72 rows=1 width=4) (actual time=0.026..0.026 rows=0 loops=6496)
                     Index Cond: (cd_demo_sk = customer.c_current_cdemo_sk)
                     Filter: (((cd_marital_status = 'M'::bpchar) AND (cd_education_status = 'Unknown'::bpchar)) OR ((cd_marital_status = 'W'::bpchar) AND (cd_education_status = 'Advanced Degree'::bpchar)))
                     Rows Removed by Filter: 1
                     Buffers: shared hit=23775 read=1769
         ->  Index Scan using call_center_pkey on call_center  (cost=0.14..0.16 rows=1 width=48) (actual time=0.013..0.013 rows=1 loops=403)
               Index Cond: (cc_call_center_sk = catalog_returns.cr_call_center_sk)
               Buffers: shared hit=802
 Planning:
   Buffers: shared hit=384 read=31
 Planning Time: 5.450 ms
 Execution Time: 12829.923 ms
(54 rows)

