                                                                                                  QUERY PLAN                                                                                                  
--------------------------------------------------------------------------------------------------------------------------------------------------------------------------------------------------------------
 Aggregate  (cost=716146.24..716146.25 rows=1 width=136) (actual time=12509.969..12509.975 rows=1 loops=1)
   Buffers: shared hit=1177897 read=414690
   ->  Nested Loop  (cost=2571.83..716146.10 rows=9 width=58) (actual time=126.144..12508.955 rows=307 loops=1)
         Buffers: shared hit=1177897 read=414690
         ->  Nested Loop  (cost=2571.69..716144.71 rows=9 width=18) (actual time=125.905..12502.620 rows=312 loops=1)
               Buffers: shared hit=1177283 read=414690
               ->  Nested Loop  (cost=2571.27..716027.25 rows=164 width=22) (actual time=25.947..12381.698 rows=4197 loops=1)
                     Buffers: shared hit=1162453 read=413020
                     ->  Nested Loop  (cost=2570.84..715010.66 rows=1528 width=26) (actual time=21.590..11297.692 rows=42528 loops=1)
                           Buffers: shared hit=998756 read=406605
                           ->  Nested Loop  (cost=2570.55..712671.62 rows=9167 width=30) (actual time=21.200..11009.650 rows=237759 loops=1)
                                 Buffers: shared hit=977168 read=406605
                                 ->  Hash Join  (cost=2570.12..706541.62 rows=9167 width=22) (actual time=21.132..5410.794 rows=242522 loops=1)
                                       Hash Cond: (catalog_returns.cr_returned_date_sk = date_dim.d_date_sk)
                                       Buffers: shared hit=26440 read=406297
                                       ->  Seq Scan on catalog_returns  (cost=0.00..647267.12 rows=21600412 width=26) (actual time=0.036..3566.383 rows=21598628 loops=1)
                                             Buffers: shared hit=25171 read=406092
                                       ->  Hash  (cost=2569.73..2569.73 rows=31 width=4) (actual time=21.069..21.070 rows=31 loops=1)
                                             Buckets: 1024  Batches: 1  Memory Usage: 10kB
                                             Buffers: shared hit=1269 read=205
                                             ->  Seq Scan on date_dim  (cost=0.00..2569.73 rows=31 width=4) (actual time=10.466..21.051 rows=31 loops=1)
                                                   Filter: ((d_year = 1998) AND (d_moy = 8))
                                                   Rows Removed by Filter: 73018
                                                   Buffers: shared hit=1269 read=205
                                 ->  Index Scan using customer_pkey on customer  (cost=0.43..0.67 rows=1 width=16) (actual time=0.023..0.023 rows=1 loops=242522)
                                       Index Cond: (c_customer_sk = catalog_returns.cr_returning_customer_sk)
                                       Buffers: shared hit=950728 read=308
                           ->  Memoize  (cost=0.29..0.31 rows=1 width=4) (actual time=0.001..0.001 rows=0 loops=237759)
                                 Cache Key: customer.c_current_hdemo_sk
                                 Cache Mode: logical
                                 Hits: 230562  Misses: 7197  Evictions: 0  Overflows: 0  Memory Usage: 520kB
                                 Buffers: shared hit=21588
                                 ->  Index Scan using household_demographics_pkey on household_demographics  (cost=0.28..0.30 rows=1 width=4) (actual time=0.015..0.015 rows=0 loops=7197)
                                       Index Cond: (hd_demo_sk = customer.c_current_hdemo_sk)
                                       Filter: (hd_buy_potential ~~ '>10000%'::text)
                                       Rows Removed by Filter: 1
                                       Buffers: shared hit=21588
                     ->  Index Scan using customer_address_pkey on customer_address  (cost=0.42..0.67 rows=1 width=4) (actual time=0.025..0.025 rows=0 loops=42528)
                           Index Cond: (ca_address_sk = customer.c_current_addr_sk)
                           Filter: (ca_gmt_offset = '-7'::numeric)
                           Rows Removed by Filter: 1
                           Buffers: shared hit=163697 read=6415
               ->  Index Scan using customer_demographics_pkey on customer_demographics  (cost=0.43..0.72 rows=1 width=4) (actual time=0.028..0.028 rows=0 loops=4197)
                     Index Cond: (cd_demo_sk = customer.c_current_cdemo_sk)
                     Filter: (((cd_marital_status = 'M'::bpchar) AND (cd_education_status = 'Unknown'::bpchar)) OR ((cd_marital_status = 'W'::bpchar) AND (cd_education_status = 'Advanced Degree'::bpchar)))
                     Rows Removed by Filter: 1
                     Buffers: shared hit=14830 read=1670
         ->  Index Scan using call_center_pkey on call_center  (cost=0.14..0.16 rows=1 width=48) (actual time=0.019..0.019 rows=1 loops=312)
               Index Cond: (cc_call_center_sk = catalog_returns.cr_call_center_sk)
               Buffers: shared hit=614
 Planning:
   Buffers: shared hit=415
 Planning Time: 2.687 ms
 Execution Time: 12510.484 ms
(54 rows)

