                                                                                                  QUERY PLAN                                                                                                  
--------------------------------------------------------------------------------------------------------------------------------------------------------------------------------------------------------------
 Aggregate  (cost=716146.24..716146.25 rows=1 width=136) (actual time=12473.683..12473.690 rows=1 loops=1)
   Buffers: shared hit=1195599 read=410059
   ->  Nested Loop  (cost=2571.83..716146.10 rows=9 width=58) (actual time=1298.434..12471.867 rows=670 loops=1)
         Buffers: shared hit=1195599 read=410059
         ->  Nested Loop  (cost=2571.69..716144.71 rows=9 width=18) (actual time=1298.422..12465.043 rows=676 loops=1)
               Buffers: shared hit=1194259 read=410059
               ->  Nested Loop  (cost=2571.27..716027.25 rows=164 width=22) (actual time=1298.393..12344.598 rows=4327 loops=1)
                     Buffers: shared hit=1179953 read=407401
                     ->  Nested Loop  (cost=2570.84..715010.66 rows=1528 width=26) (actual time=1295.250..11379.060 rows=38576 loops=1)
                           Buffers: shared hit=1030673 read=402377
                           ->  Nested Loop  (cost=2570.55..712671.62 rows=9167 width=30) (actual time=1293.992..11088.563 rows=244682 loops=1)
                                 Buffers: shared hit=1009088 read=402377
                                 ->  Hash Join  (cost=2570.12..706541.62 rows=9167 width=22) (actual time=1293.943..5355.073 rows=249569 loops=1)
                                       Hash Cond: (catalog_returns.cr_returned_date_sk = date_dim.d_date_sk)
                                       Buffers: shared hit=30941 read=401796
                                       ->  Seq Scan on catalog_returns  (cost=0.00..647267.12 rows=21600412 width=26) (actual time=0.042..3544.219 rows=21598628 loops=1)
                                             Buffers: shared hit=29467 read=401796
                                       ->  Hash  (cost=2569.73..2569.73 rows=31 width=4) (actual time=23.072..23.073 rows=31 loops=1)
                                             Buckets: 1024  Batches: 1  Memory Usage: 10kB
                                             Buffers: shared hit=1474
                                             ->  Seq Scan on date_dim  (cost=0.00..2569.73 rows=31 width=4) (actual time=9.316..23.056 rows=31 loops=1)
                                                   Filter: ((d_year = 2000) AND (d_moy = 8))
                                                   Rows Removed by Filter: 73018
                                                   Buffers: shared hit=1474
                                 ->  Index Scan using customer_pkey on customer  (cost=0.43..0.67 rows=1 width=16) (actual time=0.022..0.022 rows=1 loops=249569)
                                       Index Cond: (c_customer_sk = catalog_returns.cr_returning_customer_sk)
                                       Buffers: shared hit=978147 read=581
                           ->  Memoize  (cost=0.29..0.31 rows=1 width=4) (actual time=0.001..0.001 rows=0 loops=244682)
                                 Cache Key: customer.c_current_hdemo_sk
                                 Cache Mode: logical
                                 Hits: 237486  Misses: 7196  Evictions: 0  Overflows: 0  Memory Usage: 521kB
                                 Buffers: shared hit=21585
                                 ->  Index Scan using household_demographics_pkey on household_demographics  (cost=0.28..0.30 rows=1 width=4) (actual time=0.015..0.015 rows=0 loops=7196)
                                       Index Cond: (hd_demo_sk = customer.c_current_hdemo_sk)
                                       Filter: (hd_buy_potential ~~ '5001-10000%'::text)
                                       Rows Removed by Filter: 1
                                       Buffers: shared hit=21585
                     ->  Index Scan using customer_address_pkey on customer_address  (cost=0.42..0.67 rows=1 width=4) (actual time=0.025..0.025 rows=0 loops=38576)
                           Index Cond: (ca_address_sk = customer.c_current_addr_sk)
                           Filter: (ca_gmt_offset = '-7'::numeric)
                           Rows Removed by Filter: 1
                           Buffers: shared hit=149280 read=5024
               ->  Index Scan using customer_demographics_pkey on customer_demographics  (cost=0.43..0.72 rows=1 width=4) (actual time=0.027..0.027 rows=0 loops=4327)
                     Index Cond: (cd_demo_sk = customer.c_current_cdemo_sk)
                     Filter: (((cd_marital_status = 'M'::bpchar) AND (cd_education_status = 'Unknown'::bpchar)) OR ((cd_marital_status = 'W'::bpchar) AND (cd_education_status = 'Advanced Degree'::bpchar)))
                     Rows Removed by Filter: 1
                     Buffers: shared hit=14306 read=2658
         ->  Index Scan using call_center_pkey on call_center  (cost=0.14..0.16 rows=1 width=48) (actual time=0.009..0.009 rows=1 loops=676)
               Index Cond: (cc_call_center_sk = catalog_returns.cr_call_center_sk)
               Buffers: shared hit=1340
 Planning:
   Buffers: shared hit=415
 Planning Time: 4.404 ms
 Execution Time: 12474.389 ms
(54 rows)

