                                                                                                     QUERY PLAN                                                                                                     
--------------------------------------------------------------------------------------------------------------------------------------------------------------------------------------------------------------------
 Aggregate  (cost=715921.76..715921.77 rows=1 width=136) (actual time=7229.780..7229.787 rows=1 loops=1)
   Buffers: shared hit=421159 read=409877
   ->  Hash Join  (cost=2574.36..715921.22 rows=36 width=58) (actual time=20.963..7227.535 rows=1191 loops=1)
         Hash Cond: (catalog_returns.cr_call_center_sk = call_center.cc_call_center_sk)
         Buffers: shared hit=421159 read=409877
         ->  Nested Loop  (cost=2571.68..715918.44 rows=36 width=18) (actual time=20.855..7226.561 rows=1208 loops=1)
               Buffers: shared hit=421157 read=409877
               ->  Nested Loop  (cost=2571.26..715863.88 rows=82 width=22) (actual time=20.824..7188.263 rows=1537 loops=1)
                     Buffers: shared hit=415217 read=409669
                     ->  Nested Loop  (cost=2570.83..714805.30 rows=1478 width=26) (actual time=18.637..6816.999 rows=13586 loops=1)
                           Buffers: shared hit=370346 read=401084
                           ->  Nested Loop  (cost=2570.54..712473.67 rows=8871 width=30) (actual time=18.487..6646.575 rows=79319 loops=1)
                                 Buffers: shared hit=348929 read=401084
                                 ->  Hash Join  (cost=2570.11..706541.60 rows=8871 width=22) (actual time=18.430..4883.783 rows=80947 loops=1)
                                       Hash Cond: (catalog_returns.cr_returned_date_sk = date_dim.d_date_sk)
                                       Buffers: shared hit=31763 read=400974
                                       ->  Seq Scan on catalog_returns  (cost=0.00..647267.12 rows=21600412 width=26) (actual time=0.043..3254.029 rows=21598628 loops=1)
                                             Buffers: shared hit=30289 read=400974
                                       ->  Hash  (cost=2569.73..2569.73 rows=30 width=4) (actual time=18.355..18.356 rows=30 loops=1)
                                             Buckets: 1024  Batches: 1  Memory Usage: 10kB
                                             Buffers: shared hit=1474
                                             ->  Seq Scan on date_dim  (cost=0.00..2569.73 rows=30 width=4) (actual time=10.201..18.327 rows=30 loops=1)
                                                   Filter: ((d_year = 1998) AND (d_moy = 4))
                                                   Rows Removed by Filter: 73019
                                                   Buffers: shared hit=1474
                                 ->  Index Scan using customer_pkey on customer  (cost=0.43..0.67 rows=1 width=16) (actual time=0.021..0.021 rows=1 loops=80947)
                                       Index Cond: (c_customer_sk = catalog_returns.cr_returning_customer_sk)
                                       Buffers: shared hit=317166 read=110
                           ->  Memoize  (cost=0.29..0.31 rows=1 width=4) (actual time=0.002..0.002 rows=0 loops=79319)
                                 Cache Key: customer.c_current_hdemo_sk
                                 Cache Mode: logical
                                 Hits: 72179  Misses: 7140  Evictions: 0  Overflows: 0  Memory Usage: 517kB
                                 Buffers: shared hit=21417
                                 ->  Index Scan using household_demographics_pkey on household_demographics  (cost=0.28..0.30 rows=1 width=4) (actual time=0.016..0.016 rows=0 loops=7140)
                                       Index Cond: (hd_demo_sk = customer.c_current_hdemo_sk)
                                       Filter: (hd_buy_potential ~~ 'Unknown%'::text)
                                       Rows Removed by Filter: 1
                                       Buffers: shared hit=21417
                     ->  Index Scan using customer_demographics_pkey on customer_demographics  (cost=0.43..0.72 rows=1 width=4) (actual time=0.027..0.027 rows=0 loops=13586)
                           Index Cond: (cd_demo_sk = customer.c_current_cdemo_sk)
                           Filter: (((cd_marital_status = 'M'::bpchar) AND (cd_education_status = 'Unknown'::bpchar)) OR ((cd_marital_status = 'W'::bpchar) AND (cd_education_status = 'Advanced Degree'::bpchar)))
                           Rows Removed by Filter: 1
                           Buffers: shared hit=44871 read=8585
               ->  Index Scan using customer_address_pkey on customer_address  (cost=0.42..0.67 rows=1 width=4) (actual time=0.024..0.024 rows=1 loops=1537)
                     Index Cond: (ca_address_sk = customer.c_current_addr_sk)
                     Filter: (ca_gmt_offset = '-6'::numeric)
                     Rows Removed by Filter: 0
                     Buffers: shared hit=5940 read=208
         ->  Hash  (cost=2.30..2.30 rows=30 width=48) (actual time=0.080..0.080 rows=30 loops=1)
               Buckets: 1024  Batches: 1  Memory Usage: 11kB
               Buffers: shared hit=2
               ->  Seq Scan on call_center  (cost=0.00..2.30 rows=30 width=48) (actual time=0.032..0.053 rows=30 loops=1)
                     Buffers: shared hit=2
 Planning:
   Buffers: shared hit=415
 Planning Time: 6.164 ms
 Execution Time: 7230.636 ms
(57 rows)

