                                                                                                     QUERY PLAN                                                                                                     
--------------------------------------------------------------------------------------------------------------------------------------------------------------------------------------------------------------------
 Aggregate  (cost=715921.76..715921.77 rows=1 width=136) (actual time=14280.533..14280.540 rows=1 loops=1)
   Buffers: shared hit=1453274 read=426086
   ->  Hash Join  (cost=2574.36..715921.22 rows=36 width=58) (actual time=2860.535..14278.863 rows=555 loops=1)
         Hash Cond: (catalog_returns.cr_call_center_sk = call_center.cc_call_center_sk)
         Buffers: shared hit=1453274 read=426086
         ->  Nested Loop  (cost=2571.68..715918.44 rows=36 width=18) (actual time=2860.447..14278.099 rows=561 loops=1)
               Buffers: shared hit=1453272 read=426086
               ->  Nested Loop  (cost=2571.26..715863.88 rows=82 width=22) (actual time=2855.923..14183.600 rows=3419 loops=1)
                     Buffers: shared hit=1440313 read=425369
                     ->  Nested Loop  (cost=2570.83..714805.30 rows=1478 width=26) (actual time=2852.909..12915.364 rows=48275 loops=1)
                           Buffers: shared hit=1272057 read=403941
                           ->  Nested Loop  (cost=2570.54..712473.67 rows=8871 width=30) (actual time=2851.377..12582.570 rows=305416 loops=1)
                                 Buffers: shared hit=1250460 read=403941
                                 ->  Hash Join  (cost=2570.11..706541.60 rows=8871 width=22) (actual time=2851.316..5446.659 rows=311605 loops=1)
                                       Hash Cond: (catalog_returns.cr_returned_date_sk = date_dim.d_date_sk)
                                       Buffers: shared hit=29834 read=402903
                                       ->  Seq Scan on catalog_returns  (cost=0.00..647267.12 rows=21600412 width=26) (actual time=0.034..3583.661 rows=21598628 loops=1)
                                             Buffers: shared hit=28360 read=402903
                                       ->  Hash  (cost=2569.73..2569.73 rows=30 width=4) (actual time=18.441..18.443 rows=30 loops=1)
                                             Buckets: 1024  Batches: 1  Memory Usage: 10kB
                                             Buffers: shared hit=1474
                                             ->  Seq Scan on date_dim  (cost=0.00..2569.73 rows=30 width=4) (actual time=10.583..18.426 rows=30 loops=1)
                                                   Filter: ((d_year = 2002) AND (d_moy = 9))
                                                   Rows Removed by Filter: 73019
                                                   Buffers: shared hit=1474
                                 ->  Index Scan using customer_pkey on customer  (cost=0.43..0.67 rows=1 width=16) (actual time=0.022..0.022 rows=1 loops=311605)
                                       Index Cond: (c_customer_sk = catalog_returns.cr_returning_customer_sk)
                                       Buffers: shared hit=1220626 read=1038
                           ->  Memoize  (cost=0.29..0.31 rows=1 width=4) (actual time=0.001..0.001 rows=0 loops=305416)
                                 Cache Key: customer.c_current_hdemo_sk
                                 Cache Mode: logical
                                 Hits: 298216  Misses: 7200  Evictions: 0  Overflows: 0  Memory Usage: 521kB
                                 Buffers: shared hit=21597
                                 ->  Index Scan using household_demographics_pkey on household_demographics  (cost=0.28..0.30 rows=1 width=4) (actual time=0.014..0.014 rows=0 loops=7200)
                                       Index Cond: (hd_demo_sk = customer.c_current_hdemo_sk)
                                       Filter: (hd_buy_potential ~~ '5001-10000%'::text)
                                       Rows Removed by Filter: 1
                                       Buffers: shared hit=21597
                     ->  Index Scan using customer_demographics_pkey on customer_demographics  (cost=0.43..0.72 rows=1 width=4) (actual time=0.026..0.026 rows=0 loops=48275)
                           Index Cond: (cd_demo_sk = customer.c_current_cdemo_sk)
                           Filter: (((cd_marital_status = 'M'::bpchar) AND (cd_education_status = 'Unknown'::bpchar)) OR ((cd_marital_status = 'W'::bpchar) AND (cd_education_status = 'Advanced Degree'::bpchar)))
                           Rows Removed by Filter: 1
                           Buffers: shared hit=168256 read=21428
               ->  Index Scan using customer_address_pkey on customer_address  (cost=0.42..0.67 rows=1 width=4) (actual time=0.027..0.027 rows=0 loops=3419)
                     Index Cond: (ca_address_sk = customer.c_current_addr_sk)
                     Filter: (ca_gmt_offset = '-6'::numeric)
                     Rows Removed by Filter: 1
                     Buffers: shared hit=12959 read=717
         ->  Hash  (cost=2.30..2.30 rows=30 width=48) (actual time=0.065..0.066 rows=30 loops=1)
               Buckets: 1024  Batches: 1  Memory Usage: 11kB
               Buffers: shared hit=2
               ->  Seq Scan on call_center  (cost=0.00..2.30 rows=30 width=48) (actual time=0.023..0.041 rows=30 loops=1)
                     Buffers: shared hit=2
 Planning:
   Buffers: shared hit=415
 Planning Time: 4.406 ms
 Execution Time: 14281.237 ms
(57 rows)

