                                                                                                     QUERY PLAN                                                                                                     
--------------------------------------------------------------------------------------------------------------------------------------------------------------------------------------------------------------------
 Aggregate  (cost=715921.76..715921.77 rows=1 width=136) (actual time=12644.060..12644.066 rows=1 loops=1)
   Buffers: shared hit=1206685 read=423296
   ->  Hash Join  (cost=2574.36..715921.22 rows=36 width=58) (actual time=1059.579..12637.282 rows=3660 loops=1)
         Hash Cond: (catalog_returns.cr_call_center_sk = call_center.cc_call_center_sk)
         Buffers: shared hit=1206685 read=423296
         ->  Nested Loop  (cost=2571.68..715918.44 rows=36 width=18) (actual time=1059.478..12634.560 rows=3697 loops=1)
               Buffers: shared hit=1206683 read=423296
               ->  Nested Loop  (cost=2571.26..715863.88 rows=82 width=22) (actual time=1059.443..12512.647 rows=4681 loops=1)
                     Buffers: shared hit=1189142 read=422113
                     ->  Nested Loop  (cost=2570.83..714805.30 rows=1478 width=26) (actual time=1052.078..11475.139 rows=42284 loops=1)
                           Buffers: shared hit=1033280 read=411795
                           ->  Nested Loop  (cost=2570.54..712473.67 rows=8871 width=30) (actual time=1049.942..11190.045 rows=247689 loops=1)
                                 Buffers: shared hit=1011698 read=411795
                                 ->  Hash Join  (cost=2570.11..706541.60 rows=8871 width=22) (actual time=1049.882..5543.723 rows=252693 loops=1)
                                       Hash Cond: (catalog_returns.cr_returned_date_sk = date_dim.d_date_sk)
                                       Buffers: shared hit=21397 read=411340
                                       ->  Seq Scan on catalog_returns  (cost=0.00..647267.12 rows=21600412 width=26) (actual time=0.042..3708.568 rows=21598628 loops=1)
                                             Buffers: shared hit=21397 read=409866
                                       ->  Hash  (cost=2569.73..2569.73 rows=30 width=4) (actual time=23.674..23.675 rows=31 loops=1)
                                             Buckets: 1024  Batches: 1  Memory Usage: 10kB
                                             Buffers: shared read=1474
                                             ->  Seq Scan on date_dim  (cost=0.00..2569.73 rows=30 width=4) (actual time=14.131..23.658 rows=31 loops=1)
                                                   Filter: ((d_year = 2000) AND (d_moy = 5))
                                                   Rows Removed by Filter: 73018
                                                   Buffers: shared read=1474
                                 ->  Index Scan using customer_pkey on customer  (cost=0.43..0.67 rows=1 width=16) (actual time=0.022..0.022 rows=1 loops=252693)
                                       Index Cond: (c_customer_sk = catalog_returns.cr_returning_customer_sk)
                                       Buffers: shared hit=990301 read=455
                           ->  Memoize  (cost=0.29..0.31 rows=1 width=4) (actual time=0.001..0.001 rows=0 loops=247689)
                                 Cache Key: customer.c_current_hdemo_sk
                                 Cache Mode: logical
                                 Hits: 240494  Misses: 7195  Evictions: 0  Overflows: 0  Memory Usage: 520kB
                                 Buffers: shared hit=21582
                                 ->  Index Scan using household_demographics_pkey on household_demographics  (cost=0.28..0.30 rows=1 width=4) (actual time=0.014..0.014 rows=0 loops=7195)
                                       Index Cond: (hd_demo_sk = customer.c_current_hdemo_sk)
                                       Filter: (hd_buy_potential ~~ 'Unknown%'::text)
                                       Rows Removed by Filter: 1
                                       Buffers: shared hit=21582
                     ->  Index Scan using customer_demographics_pkey on customer_demographics  (cost=0.43..0.72 rows=1 width=4) (actual time=0.024..0.024 rows=0 loops=42284)
                           Index Cond: (cd_demo_sk = customer.c_current_cdemo_sk)
                           Filter: (((cd_marital_status = 'M'::bpchar) AND (cd_education_status = 'Unknown'::bpchar)) OR ((cd_marital_status = 'W'::bpchar) AND (cd_education_status = 'Advanced Degree'::bpchar)))
                           Rows Removed by Filter: 1
                           Buffers: shared hit=155862 read=10318
               ->  Index Scan using customer_address_pkey on customer_address  (cost=0.42..0.67 rows=1 width=4) (actual time=0.025..0.025 rows=1 loops=4681)
                     Index Cond: (ca_address_sk = customer.c_current_addr_sk)
                     Filter: (ca_gmt_offset = '-6'::numeric)
                     Rows Removed by Filter: 0
                     Buffers: shared hit=17541 read=1183
         ->  Hash  (cost=2.30..2.30 rows=30 width=48) (actual time=0.075..0.075 rows=30 loops=1)
               Buckets: 1024  Batches: 1  Memory Usage: 11kB
               Buffers: shared hit=2
               ->  Seq Scan on call_center  (cost=0.00..2.30 rows=30 width=48) (actual time=0.027..0.046 rows=30 loops=1)
                     Buffers: shared hit=2
 Planning:
   Buffers: shared hit=384 read=31
 Planning Time: 4.630 ms
 Execution Time: 12644.826 ms
(57 rows)

