                                                                                                     QUERY PLAN                                                                                                     
--------------------------------------------------------------------------------------------------------------------------------------------------------------------------------------------------------------------
 Aggregate  (cost=715921.76..715921.77 rows=1 width=136) (actual time=12333.479..12333.486 rows=1 loops=1)
   Buffers: shared hit=1153842 read=416527
   ->  Hash Join  (cost=2574.36..715921.22 rows=36 width=58) (actual time=22.898..12327.204 rows=3436 loops=1)
         Hash Cond: (catalog_returns.cr_call_center_sk = call_center.cc_call_center_sk)
         Buffers: shared hit=1153842 read=416527
         ->  Nested Loop  (cost=2571.68..715918.44 rows=36 width=18) (actual time=22.824..12324.719 rows=3475 loops=1)
               Buffers: shared hit=1153840 read=416527
               ->  Nested Loop  (cost=2571.26..715863.88 rows=82 width=22) (actual time=20.245..12152.576 rows=6324 loops=1)
                     Buffers: shared hit=1130896 read=414175
                     ->  Nested Loop  (cost=2570.83..714805.30 rows=1478 width=26) (actual time=20.201..11072.265 rows=41584 loops=1)
                           Buffers: shared hit=973931 read=407732
                           ->  Nested Loop  (cost=2570.54..712473.67 rows=8871 width=30) (actual time=20.124..10782.328 rows=231836 loops=1)
                                 Buffers: shared hit=952349 read=407732
                                 ->  Hash Join  (cost=2570.11..706541.60 rows=8871 width=22) (actual time=20.074..5307.891 rows=236498 loops=1)
                                       Hash Cond: (catalog_returns.cr_returned_date_sk = date_dim.d_date_sk)
                                       Buffers: shared hit=25389 read=407348
                                       ->  Seq Scan on catalog_returns  (cost=0.00..647267.12 rows=21600412 width=26) (actual time=0.026..3487.239 rows=21598628 loops=1)
                                             Buffers: shared hit=23915 read=407348
                                       ->  Hash  (cost=2569.73..2569.73 rows=30 width=4) (actual time=20.001..20.002 rows=30 loops=1)
                                             Buckets: 1024  Batches: 1  Memory Usage: 10kB
                                             Buffers: shared hit=1474
                                             ->  Seq Scan on date_dim  (cost=0.00..2569.73 rows=30 width=4) (actual time=10.764..19.987 rows=30 loops=1)
                                                   Filter: ((d_year = 1998) AND (d_moy = 9))
                                                   Rows Removed by Filter: 73019
                                                   Buffers: shared hit=1474
                                 ->  Index Scan using customer_pkey on customer  (cost=0.43..0.67 rows=1 width=16) (actual time=0.023..0.023 rows=1 loops=236498)
                                       Index Cond: (c_customer_sk = catalog_returns.cr_returning_customer_sk)
                                       Buffers: shared hit=926960 read=384
                           ->  Memoize  (cost=0.29..0.31 rows=1 width=4) (actual time=0.001..0.001 rows=0 loops=231836)
                                 Cache Key: customer.c_current_hdemo_sk
                                 Cache Mode: logical
                                 Hits: 224641  Misses: 7195  Evictions: 0  Overflows: 0  Memory Usage: 520kB
                                 Buffers: shared hit=21582
                                 ->  Index Scan using household_demographics_pkey on household_demographics  (cost=0.28..0.30 rows=1 width=4) (actual time=0.015..0.015 rows=0 loops=7195)
                                       Index Cond: (hd_demo_sk = customer.c_current_hdemo_sk)
                                       Filter: (hd_buy_potential ~~ '>10000%'::text)
                                       Rows Removed by Filter: 1
                                       Buffers: shared hit=21582
                     ->  Index Scan using customer_demographics_pkey on customer_demographics  (cost=0.43..0.72 rows=1 width=4) (actual time=0.026..0.026 rows=0 loops=41584)
                           Index Cond: (cd_demo_sk = customer.c_current_cdemo_sk)
                           Filter: (((cd_marital_status = 'M'::bpchar) AND (cd_education_status = 'Unknown'::bpchar)) OR ((cd_marital_status = 'W'::bpchar) AND (cd_education_status = 'Advanced Degree'::bpchar)))
                           Rows Removed by Filter: 1
                           Buffers: shared hit=156965 read=6443
               ->  Index Scan using customer_address_pkey on customer_address  (cost=0.42..0.67 rows=1 width=4) (actual time=0.027..0.027 rows=1 loops=6324)
                     Index Cond: (ca_address_sk = customer.c_current_addr_sk)
                     Filter: (ca_gmt_offset = '-6'::numeric)
                     Rows Removed by Filter: 0
                     Buffers: shared hit=22944 read=2352
         ->  Hash  (cost=2.30..2.30 rows=30 width=48) (actual time=0.055..0.055 rows=30 loops=1)
               Buckets: 1024  Batches: 1  Memory Usage: 11kB
               Buffers: shared hit=2
               ->  Seq Scan on call_center  (cost=0.00..2.30 rows=30 width=48) (actual time=0.022..0.037 rows=30 loops=1)
                     Buffers: shared hit=2
 Planning:
   Buffers: shared hit=415
 Planning Time: 3.992 ms
 Execution Time: 12334.101 ms
(57 rows)

