                                                                                                  QUERY PLAN                                                                                                  
--------------------------------------------------------------------------------------------------------------------------------------------------------------------------------------------------------------
 Aggregate  (cost=715903.32..715903.33 rows=1 width=136) (actual time=12371.972..12371.978 rows=1 loops=1)
   Buffers: shared hit=1200723 read=422465
   ->  Nested Loop  (cost=2571.82..715903.18 rows=9 width=58) (actual time=1427.295..12370.162 rows=626 loops=1)
         Buffers: shared hit=1200723 read=422465
         ->  Nested Loop  (cost=2571.68..715901.79 rows=9 width=18) (actual time=1427.282..12361.385 rows=639 loops=1)
               Buffers: shared hit=1199471 read=422465
               ->  Nested Loop  (cost=2571.25..715788.62 rows=158 width=22) (actual time=1420.557..12235.161 rows=4985 loops=1)
                     Buffers: shared hit=1180965 read=421507
                     ->  Nested Loop  (cost=2570.83..714805.30 rows=1478 width=26) (actual time=1403.684..11300.414 rows=38137 loops=1)
                           Buffers: shared hit=1038817 read=411107
                           ->  Nested Loop  (cost=2570.54..712473.67 rows=8871 width=30) (actual time=1399.849..11012.637 rows=248899 loops=1)
                                 Buffers: shared hit=1017226 read=411107
                                 ->  Hash Join  (cost=2570.11..706541.60 rows=8871 width=22) (actual time=1399.795..5293.431 rows=254161 loops=1)
                                       Hash Cond: (catalog_returns.cr_returned_date_sk = date_dim.d_date_sk)
                                       Buffers: shared hit=21993 read=410744
                                       ->  Seq Scan on catalog_returns  (cost=0.00..647267.12 rows=21600412 width=26) (actual time=0.595..3528.042 rows=21598628 loops=1)
                                             Buffers: shared hit=20519 read=410744
                                       ->  Hash  (cost=2569.73..2569.73 rows=30 width=4) (actual time=19.988..19.989 rows=31 loops=1)
                                             Buckets: 1024  Batches: 1  Memory Usage: 10kB
                                             Buffers: shared hit=1474
                                             ->  Seq Scan on date_dim  (cost=0.00..2569.73 rows=30 width=4) (actual time=11.890..19.973 rows=31 loops=1)
                                                   Filter: ((d_year = 2000) AND (d_moy = 12))
                                                   Rows Removed by Filter: 73018
                                                   Buffers: shared hit=1474
                                 ->  Index Scan using customer_pkey on customer  (cost=0.43..0.67 rows=1 width=16) (actual time=0.022..0.022 rows=1 loops=254161)
                                       Index Cond: (c_customer_sk = catalog_returns.cr_returning_customer_sk)
                                       Buffers: shared hit=995233 read=363
                           ->  Memoize  (cost=0.29..0.31 rows=1 width=4) (actual time=0.001..0.001 rows=0 loops=248899)
                                 Cache Key: customer.c_current_hdemo_sk
                                 Cache Mode: logical
                                 Hits: 241701  Misses: 7198  Evictions: 0  Overflows: 0  Memory Usage: 521kB
                                 Buffers: shared hit=21591
                                 ->  Index Scan using household_demographics_pkey on household_demographics  (cost=0.28..0.30 rows=1 width=4) (actual time=0.014..0.014 rows=0 loops=7198)
                                       Index Cond: (hd_demo_sk = customer.c_current_hdemo_sk)
                                       Filter: (hd_buy_potential ~~ '0-500%'::text)
                                       Rows Removed by Filter: 1
                                       Buffers: shared hit=21591
                     ->  Index Scan using customer_address_pkey on customer_address  (cost=0.42..0.67 rows=1 width=4) (actual time=0.024..0.024 rows=0 loops=38137)
                           Index Cond: (ca_address_sk = customer.c_current_addr_sk)
                           Filter: (ca_gmt_offset = '-7'::numeric)
                           Rows Removed by Filter: 1
                           Buffers: shared hit=142148 read=10400
               ->  Index Scan using customer_demographics_pkey on customer_demographics  (cost=0.43..0.72 rows=1 width=4) (actual time=0.025..0.025 rows=0 loops=4985)
                     Index Cond: (cd_demo_sk = customer.c_current_cdemo_sk)
                     Filter: (((cd_marital_status = 'M'::bpchar) AND (cd_education_status = 'Unknown'::bpchar)) OR ((cd_marital_status = 'W'::bpchar) AND (cd_education_status = 'Advanced Degree'::bpchar)))
                     Rows Removed by Filter: 1
                     Buffers: shared hit=18506 read=958
         ->  Index Scan using call_center_pkey on call_center  (cost=0.14..0.16 rows=1 width=48) (actual time=0.012..0.012 rows=1 loops=639)
               Index Cond: (cc_call_center_sk = catalog_returns.cr_call_center_sk)
               Buffers: shared hit=1252
 Planning:
   Buffers: shared hit=415
 Planning Time: 5.195 ms
 Execution Time: 12372.679 ms
(54 rows)

