                                                                                                  QUERY PLAN                                                                                                  
--------------------------------------------------------------------------------------------------------------------------------------------------------------------------------------------------------------
 Aggregate  (cost=715903.32..715903.33 rows=1 width=136) (actual time=13144.255..13144.261 rows=1 loops=1)
   Buffers: shared hit=1282581 read=419505
   ->  Nested Loop  (cost=2571.82..715903.18 rows=9 width=58) (actual time=1968.470..13143.013 rows=365 loops=1)
         Buffers: shared hit=1282581 read=419505
         ->  Nested Loop  (cost=2571.68..715901.79 rows=9 width=18) (actual time=1968.457..13136.945 rows=368 loops=1)
               Buffers: shared hit=1281851 read=419505
               ->  Nested Loop  (cost=2571.25..715788.62 rows=158 width=22) (actual time=1968.428..13010.341 rows=4555 loops=1)
                     Buffers: shared hit=1265578 read=417962
                     ->  Nested Loop  (cost=2570.83..714805.30 rows=1478 width=26) (actual time=1964.912..11839.319 rows=46444 loops=1)
                           Buffers: shared hit=1089584 read=408180
                           ->  Nested Loop  (cost=2570.54..712473.67 rows=8871 width=30) (actual time=1953.869..11540.527 rows=260859 loops=1)
                                 Buffers: shared hit=1067993 read=408180
                                 ->  Hash Join  (cost=2570.11..706541.60 rows=8871 width=22) (actual time=1953.827..5388.915 rows=266327 loops=1)
                                       Hash Cond: (catalog_returns.cr_returned_date_sk = date_dim.d_date_sk)
                                       Buffers: shared hit=24895 read=407842
                                       ->  Seq Scan on catalog_returns  (cost=0.00..647267.12 rows=21600412 width=26) (actual time=0.047..3550.750 rows=21598628 loops=1)
                                             Buffers: shared hit=24895 read=406368
                                       ->  Hash  (cost=2569.73..2569.73 rows=30 width=4) (actual time=19.641..19.642 rows=30 loops=1)
                                             Buckets: 1024  Batches: 1  Memory Usage: 10kB
                                             Buffers: shared read=1474
                                             ->  Seq Scan on date_dim  (cost=0.00..2569.73 rows=30 width=4) (actual time=11.799..19.623 rows=30 loops=1)
                                                   Filter: ((d_year = 2001) AND (d_moy = 9))
                                                   Rows Removed by Filter: 73019
                                                   Buffers: shared read=1474
                                 ->  Index Scan using customer_pkey on customer  (cost=0.43..0.67 rows=1 width=16) (actual time=0.023..0.023 rows=1 loops=266327)
                                       Index Cond: (c_customer_sk = catalog_returns.cr_returning_customer_sk)
                                       Buffers: shared hit=1043098 read=338
                           ->  Memoize  (cost=0.29..0.31 rows=1 width=4) (actual time=0.001..0.001 rows=0 loops=260859)
                                 Cache Key: customer.c_current_hdemo_sk
                                 Cache Mode: logical
                                 Hits: 253661  Misses: 7198  Evictions: 0  Overflows: 0  Memory Usage: 521kB
                                 Buffers: shared hit=21591
                                 ->  Index Scan using household_demographics_pkey on household_demographics  (cost=0.28..0.30 rows=1 width=4) (actual time=0.014..0.014 rows=0 loops=7198)
                                       Index Cond: (hd_demo_sk = customer.c_current_hdemo_sk)
                                       Filter: (hd_buy_potential ~~ '>10000%'::text)
                                       Rows Removed by Filter: 1
                                       Buffers: shared hit=21591
                     ->  Index Scan using customer_address_pkey on customer_address  (cost=0.42..0.67 rows=1 width=4) (actual time=0.025..0.025 rows=0 loops=46444)
                           Index Cond: (ca_address_sk = customer.c_current_addr_sk)
                           Filter: (ca_gmt_offset = '-7'::numeric)
                           Rows Removed by Filter: 1
                           Buffers: shared hit=175994 read=9782
               ->  Index Scan using customer_demographics_pkey on customer_demographics  (cost=0.43..0.72 rows=1 width=4) (actual time=0.027..0.027 rows=0 loops=4555)
                     Index Cond: (cd_demo_sk = customer.c_current_cdemo_sk)
                     Filter: (((cd_marital_status = 'M'::bpchar) AND (cd_education_status = 'Unknown'::bpchar)) OR ((cd_marital_status = 'W'::bpchar) AND (cd_education_status = 'Advanced Degree'::bpchar)))
                     Rows Removed by Filter: 1
                     Buffers: shared hit=16273 read=1543
         ->  Index Scan using call_center_pkey on call_center  (cost=0.14..0.16 rows=1 width=48) (actual time=0.015..0.015 rows=1 loops=368)
               Index Cond: (cc_call_center_sk = catalog_returns.cr_call_center_sk)
               Buffers: shared hit=730
 Planning:
   Buffers: shared hit=384 read=31
 Planning Time: 3.893 ms
 Execution Time: 13144.901 ms
(54 rows)

