                                                                                                     QUERY PLAN                                                                                                     
--------------------------------------------------------------------------------------------------------------------------------------------------------------------------------------------------------------------
 Aggregate  (cost=715921.76..715921.77 rows=1 width=136) (actual time=12827.186..12827.193 rows=1 loops=1)
   Buffers: shared hit=1242900 read=431290
   ->  Hash Join  (cost=2574.36..715921.22 rows=36 width=58) (actual time=12827.182..12827.188 rows=0 loops=1)
         Hash Cond: (catalog_returns.cr_call_center_sk = call_center.cc_call_center_sk)
         Buffers: shared hit=1242900 read=431290
         ->  Nested Loop  (cost=2571.68..715918.44 rows=36 width=18) (actual time=12827.132..12827.137 rows=0 loops=1)
               Buffers: shared hit=1242898 read=431290
               ->  Nested Loop  (cost=2571.26..715863.88 rows=82 width=22) (actual time=1975.795..12800.720 rows=997 loops=1)
                     Buffers: shared hit=1239071 read=431129
                     ->  Nested Loop  (cost=2570.83..714805.30 rows=1478 width=26) (actual time=1902.851..11664.080 rows=43906 loops=1)
                           Buffers: shared hit=1088963 read=408801
                           ->  Nested Loop  (cost=2570.54..712473.67 rows=8871 width=30) (actual time=1898.360..11362.450 rows=260859 loops=1)
                                 Buffers: shared hit=1067372 read=408801
                                 ->  Hash Join  (cost=2570.11..706541.60 rows=8871 width=22) (actual time=1898.319..5334.422 rows=266327 loops=1)
                                       Hash Cond: (catalog_returns.cr_returned_date_sk = date_dim.d_date_sk)
                                       Buffers: shared hit=24042 read=408695
                                       ->  Seq Scan on catalog_returns  (cost=0.00..647267.12 rows=21600412 width=26) (actual time=0.227..3516.948 rows=21598628 loops=1)
                                             Buffers: shared hit=22568 read=408695
                                       ->  Hash  (cost=2569.73..2569.73 rows=30 width=4) (actual time=14.172..14.173 rows=30 loops=1)
                                             Buckets: 1024  Batches: 1  Memory Usage: 10kB
                                             Buffers: shared hit=1474
                                             ->  Seq Scan on date_dim  (cost=0.00..2569.73 rows=30 width=4) (actual time=7.832..14.157 rows=30 loops=1)
                                                   Filter: ((d_year = 2001) AND (d_moy = 9))
                                                   Rows Removed by Filter: 73019
                                                   Buffers: shared hit=1474
                                 ->  Index Scan using customer_pkey on customer  (cost=0.43..0.67 rows=1 width=16) (actual time=0.022..0.022 rows=1 loops=266327)
                                       Index Cond: (c_customer_sk = catalog_returns.cr_returning_customer_sk)
                                       Buffers: shared hit=1043330 read=106
                           ->  Memoize  (cost=0.29..0.31 rows=1 width=4) (actual time=0.001..0.001 rows=0 loops=260859)
                                 Cache Key: customer.c_current_hdemo_sk
                                 Cache Mode: logical
                                 Hits: 253661  Misses: 7198  Evictions: 0  Overflows: 0  Memory Usage: 521kB
                                 Buffers: shared hit=21591
                                 ->  Index Scan using household_demographics_pkey on household_demographics  (cost=0.28..0.30 rows=1 width=4) (actual time=0.015..0.015 rows=0 loops=7198)
                                       Index Cond: (hd_demo_sk = customer.c_current_hdemo_sk)
                                       Filter: (hd_buy_potential ~~ '501-1000%'::text)
                                       Rows Removed by Filter: 1
                                       Buffers: shared hit=21591
                     ->  Index Scan using customer_demographics_pkey on customer_demographics  (cost=0.43..0.72 rows=1 width=4) (actual time=0.026..0.026 rows=0 loops=43906)
                           Index Cond: (cd_demo_sk = customer.c_current_cdemo_sk)
                           Filter: (((cd_marital_status = 'M'::bpchar) AND (cd_education_status = 'Unknown'::bpchar)) OR ((cd_marital_status = 'W'::bpchar) AND (cd_education_status = 'Advanced Degree'::bpchar)))
                           Rows Removed by Filter: 1
                           Buffers: shared hit=150108 read=22328
               ->  Index Scan using customer_address_pkey on customer_address  (cost=0.42..0.67 rows=1 width=4) (actual time=0.026..0.026 rows=0 loops=997)
                     Index Cond: (ca_address_sk = customer.c_current_addr_sk)
                     Filter: (ca_gmt_offset = '-6'::numeric)
                     Rows Removed by Filter: 1
                     Buffers: shared hit=3827 read=161
         ->  Hash  (cost=2.30..2.30 rows=30 width=48) (actual time=0.037..0.038 rows=30 loops=1)
               Buckets: 1024  Batches: 1  Memory Usage: 11kB
               Buffers: shared hit=2
               ->  Seq Scan on call_center  (cost=0.00..2.30 rows=30 width=48) (actual time=0.015..0.025 rows=30 loops=1)
                     Buffers: shared hit=2
 Planning:
   Buffers: shared hit=415
 Planning Time: 2.252 ms
 Execution Time: 12827.673 ms
(57 rows)

