                                                                                                  QUERY PLAN                                                                                                  
--------------------------------------------------------------------------------------------------------------------------------------------------------------------------------------------------------------
 Aggregate  (cost=715903.32..715903.33 rows=1 width=136) (actual time=7332.461..7332.468 rows=1 loops=1)
   Buffers: shared hit=420813 read=405459
   ->  Nested Loop  (cost=2571.82..715903.18 rows=9 width=58) (actual time=43.707..7331.997 rows=165 loops=1)
         Buffers: shared hit=420813 read=405459
         ->  Nested Loop  (cost=2571.68..715901.79 rows=9 width=18) (actual time=43.684..7330.794 rows=168 loops=1)
               Buffers: shared hit=420483 read=405459
               ->  Nested Loop  (cost=2571.25..715788.62 rows=158 width=22) (actual time=28.331..7289.504 rows=1601 loops=1)
                     Buffers: shared hit=414783 read=404891
                     ->  Nested Loop  (cost=2570.83..714805.30 rows=1478 width=26) (actual time=28.286..6987.915 rows=12061 loops=1)
                           Buffers: shared hit=368455 read=402975
                           ->  Nested Loop  (cost=2570.54..712473.67 rows=8871 width=30) (actual time=27.718..6824.575 rows=79319 loops=1)
                                 Buffers: shared hit=347038 read=402975
                                 ->  Hash Join  (cost=2570.11..706541.60 rows=8871 width=22) (actual time=27.662..5046.099 rows=80947 loops=1)
                                       Hash Cond: (catalog_returns.cr_returned_date_sk = date_dim.d_date_sk)
                                       Buffers: shared hit=29819 read=402918
                                       ->  Seq Scan on catalog_returns  (cost=0.00..647267.12 rows=21600412 width=26) (actual time=0.193..3369.387 rows=21598628 loops=1)
                                             Buffers: shared hit=28345 read=402918
                                       ->  Hash  (cost=2569.73..2569.73 rows=30 width=4) (actual time=27.427..27.428 rows=30 loops=1)
                                             Buckets: 1024  Batches: 1  Memory Usage: 10kB
                                             Buffers: shared hit=1474
                                             ->  Seq Scan on date_dim  (cost=0.00..2569.73 rows=30 width=4) (actual time=17.407..27.410 rows=30 loops=1)
                                                   Filter: ((d_year = 1998) AND (d_moy = 4))
                                                   Rows Removed by Filter: 73019
                                                   Buffers: shared hit=1474
                                 ->  Index Scan using customer_pkey on customer  (cost=0.43..0.67 rows=1 width=16) (actual time=0.021..0.021 rows=1 loops=80947)
                                       Index Cond: (c_customer_sk = catalog_returns.cr_returning_customer_sk)
                                       Buffers: shared hit=317219 read=57
                           ->  Memoize  (cost=0.29..0.31 rows=1 width=4) (actual time=0.002..0.002 rows=0 loops=79319)
                                 Cache Key: customer.c_current_hdemo_sk
                                 Cache Mode: logical
                                 Hits: 72179  Misses: 7140  Evictions: 0  Overflows: 0  Memory Usage: 517kB
                                 Buffers: shared hit=21417
                                 ->  Index Scan using household_demographics_pkey on household_demographics  (cost=0.28..0.30 rows=1 width=4) (actual time=0.015..0.015 rows=0 loops=7140)
                                       Index Cond: (hd_demo_sk = customer.c_current_hdemo_sk)
                                       Filter: (hd_buy_potential ~~ '0-500%'::text)
                                       Rows Removed by Filter: 1
                                       Buffers: shared hit=21417
                     ->  Index Scan using customer_address_pkey on customer_address  (cost=0.42..0.67 rows=1 width=4) (actual time=0.025..0.025 rows=0 loops=12061)
                           Index Cond: (ca_address_sk = customer.c_current_addr_sk)
                           Filter: (ca_gmt_offset = '-7'::numeric)
                           Rows Removed by Filter: 1
                           Buffers: shared hit=46328 read=1916
               ->  Index Scan using customer_demographics_pkey on customer_demographics  (cost=0.43..0.72 rows=1 width=4) (actual time=0.025..0.025 rows=0 loops=1601)
                     Index Cond: (cd_demo_sk = customer.c_current_cdemo_sk)
                     Filter: (((cd_marital_status = 'M'::bpchar) AND (cd_education_status = 'Unknown'::bpchar)) OR ((cd_marital_status = 'W'::bpchar) AND (cd_education_status = 'Advanced Degree'::bpchar)))
                     Rows Removed by Filter: 1
                     Buffers: shared hit=5700 read=568
         ->  Index Scan using call_center_pkey on call_center  (cost=0.14..0.16 rows=1 width=48) (actual time=0.006..0.006 rows=1 loops=168)
               Index Cond: (cc_call_center_sk = catalog_returns.cr_call_center_sk)
               Buffers: shared hit=330
 Planning:
   Buffers: shared hit=415
 Planning Time: 5.241 ms
 Execution Time: 7334.245 ms
(54 rows)

