                                                                                                     QUERY PLAN                                                                                                     
--------------------------------------------------------------------------------------------------------------------------------------------------------------------------------------------------------------------
 Aggregate  (cost=715921.76..715921.77 rows=1 width=136) (actual time=15441.306..15441.313 rows=1 loops=1)
   Buffers: shared hit=1614223 read=426257
   ->  Hash Join  (cost=2574.36..715921.22 rows=36 width=58) (actual time=15441.302..15441.308 rows=0 loops=1)
         Hash Cond: (catalog_returns.cr_call_center_sk = call_center.cc_call_center_sk)
         Buffers: shared hit=1614223 read=426257
         ->  Nested Loop  (cost=2571.68..715918.44 rows=36 width=18) (actual time=15441.256..15441.261 rows=0 loops=1)
               Buffers: shared hit=1614221 read=426257
               ->  Nested Loop  (cost=2571.26..715863.88 rows=82 width=22) (actual time=3046.095..15380.431 rows=2290 loops=1)
                     Buffers: shared hit=1605400 read=425918
                     ->  Nested Loop  (cost=2570.83..714805.30 rows=1478 width=26) (actual time=3040.250..13995.871 rows=52735 loops=1)
                           Buffers: shared hit=1424488 read=399610
                           ->  Nested Loop  (cost=2570.54..712473.67 rows=8871 width=30) (actual time=3039.722..13629.148 rows=342441 loops=1)
                                 Buffers: shared hit=1402891 read=399610
                                 ->  Hash Join  (cost=2570.11..706541.60 rows=8871 width=22) (actual time=3038.018..5561.365 rows=349495 loops=1)
                                       Hash Cond: (catalog_returns.cr_returned_date_sk = date_dim.d_date_sk)
                                       Buffers: shared hit=33360 read=399377
                                       ->  Seq Scan on catalog_returns  (cost=0.00..647267.12 rows=21600412 width=26) (actual time=0.193..3632.532 rows=21598628 loops=1)
                                             Buffers: shared hit=31886 read=399377
                                       ->  Hash  (cost=2569.73..2569.73 rows=30 width=4) (actual time=14.545..14.546 rows=31 loops=1)
                                             Buckets: 1024  Batches: 1  Memory Usage: 10kB
                                             Buffers: shared hit=1474
                                             ->  Seq Scan on date_dim  (cost=0.00..2569.73 rows=30 width=4) (actual time=8.011..14.532 rows=31 loops=1)
                                                   Filter: ((d_year = 2002) AND (d_moy = 12))
                                                   Rows Removed by Filter: 73018
                                                   Buffers: shared hit=1474
                                 ->  Index Scan using customer_pkey on customer  (cost=0.43..0.67 rows=1 width=16) (actual time=0.023..0.023 rows=1 loops=349495)
                                       Index Cond: (c_customer_sk = catalog_returns.cr_returning_customer_sk)
                                       Buffers: shared hit=1369531 read=233
                           ->  Memoize  (cost=0.29..0.31 rows=1 width=4) (actual time=0.001..0.001 rows=0 loops=342441)
                                 Cache Key: customer.c_current_hdemo_sk
                                 Cache Mode: logical
                                 Hits: 335241  Misses: 7200  Evictions: 0  Overflows: 0  Memory Usage: 521kB
                                 Buffers: shared hit=21597
                                 ->  Index Scan using household_demographics_pkey on household_demographics  (cost=0.28..0.30 rows=1 width=4) (actual time=0.015..0.015 rows=0 loops=7200)
                                       Index Cond: (hd_demo_sk = customer.c_current_hdemo_sk)
                                       Filter: (hd_buy_potential ~~ '0-500%'::text)
                                       Rows Removed by Filter: 1
                                       Buffers: shared hit=21597
                     ->  Index Scan using customer_demographics_pkey on customer_demographics  (cost=0.43..0.72 rows=1 width=4) (actual time=0.026..0.026 rows=0 loops=52735)
                           Index Cond: (cd_demo_sk = customer.c_current_cdemo_sk)
                           Filter: (((cd_marital_status = 'M'::bpchar) AND (cd_education_status = 'Unknown'::bpchar)) OR ((cd_marital_status = 'W'::bpchar) AND (cd_education_status = 'Advanced Degree'::bpchar)))
                           Rows Removed by Filter: 1
                           Buffers: shared hit=180912 read=26308
               ->  Index Scan using customer_address_pkey on customer_address  (cost=0.42..0.67 rows=1 width=4) (actual time=0.026..0.026 rows=0 loops=2290)
                     Index Cond: (ca_address_sk = customer.c_current_addr_sk)
                     Filter: (ca_gmt_offset = '-6'::numeric)
                     Rows Removed by Filter: 1
                     Buffers: shared hit=8821 read=339
         ->  Hash  (cost=2.30..2.30 rows=30 width=48) (actual time=0.032..0.033 rows=30 loops=1)
               Buckets: 1024  Batches: 1  Memory Usage: 11kB
               Buffers: shared hit=2
               ->  Seq Scan on call_center  (cost=0.00..2.30 rows=30 width=48) (actual time=0.013..0.022 rows=30 loops=1)
                     Buffers: shared hit=2
 Planning:
   Buffers: shared hit=415
 Planning Time: 1.903 ms
 Execution Time: 15441.721 ms
(57 rows)

