                                                                                                     QUERY PLAN                                                                                                     
--------------------------------------------------------------------------------------------------------------------------------------------------------------------------------------------------------------------
 Aggregate  (cost=715921.76..715921.77 rows=1 width=136) (actual time=11905.252..11905.259 rows=1 loops=1)
   Buffers: shared hit=1113189 read=422552
   ->  Hash Join  (cost=2574.36..715921.22 rows=36 width=58) (actual time=36.026..11903.949 rows=424 loops=1)
         Hash Cond: (catalog_returns.cr_call_center_sk = call_center.cc_call_center_sk)
         Buffers: shared hit=1113189 read=422552
         ->  Nested Loop  (cost=2571.68..715918.44 rows=36 width=18) (actual time=35.956..11903.396 rows=427 loops=1)
               Buffers: shared hit=1113187 read=422552
               ->  Nested Loop  (cost=2571.26..715863.88 rows=82 width=22) (actual time=28.124..11839.157 rows=2558 loops=1)
                     Buffers: shared hit=1103407 read=422100
                     ->  Nested Loop  (cost=2570.83..714805.30 rows=1478 width=26) (actual time=21.243..10936.515 rows=36647 loops=1)
                           Buffers: shared hit=970165 read=411498
                           ->  Nested Loop  (cost=2570.54..712473.67 rows=8871 width=30) (actual time=20.802..10656.377 rows=231836 loops=1)
                                 Buffers: shared hit=948583 read=411498
                                 ->  Hash Join  (cost=2570.11..706541.60 rows=8871 width=22) (actual time=20.067..5158.885 rows=236498 loops=1)
                                       Hash Cond: (catalog_returns.cr_returned_date_sk = date_dim.d_date_sk)
                                       Buffers: shared hit=21313 read=411424
                                       ->  Seq Scan on catalog_returns  (cost=0.00..647267.12 rows=21600412 width=26) (actual time=0.031..3393.857 rows=21598628 loops=1)
                                             Buffers: shared hit=19839 read=411424
                                       ->  Hash  (cost=2569.73..2569.73 rows=30 width=4) (actual time=19.989..19.990 rows=30 loops=1)
                                             Buckets: 1024  Batches: 1  Memory Usage: 10kB
                                             Buffers: shared hit=1474
                                             ->  Seq Scan on date_dim  (cost=0.00..2569.73 rows=30 width=4) (actual time=8.873..19.971 rows=30 loops=1)
                                                   Filter: ((d_year = 1998) AND (d_moy = 9))
                                                   Rows Removed by Filter: 73019
                                                   Buffers: shared hit=1474
                                 ->  Index Scan using customer_pkey on customer  (cost=0.43..0.67 rows=1 width=16) (actual time=0.023..0.023 rows=1 loops=236498)
                                       Index Cond: (c_customer_sk = catalog_returns.cr_returning_customer_sk)
                                       Buffers: shared hit=927270 read=74
                           ->  Memoize  (cost=0.29..0.31 rows=1 width=4) (actual time=0.001..0.001 rows=0 loops=231836)
                                 Cache Key: customer.c_current_hdemo_sk
                                 Cache Mode: logical
                                 Hits: 224641  Misses: 7195  Evictions: 0  Overflows: 0  Memory Usage: 520kB
                                 Buffers: shared hit=21582
                                 ->  Index Scan using household_demographics_pkey on household_demographics  (cost=0.28..0.30 rows=1 width=4) (actual time=0.014..0.014 rows=0 loops=7195)
                                       Index Cond: (hd_demo_sk = customer.c_current_hdemo_sk)
                                       Filter: (hd_buy_potential ~~ '5001-10000%'::text)
                                       Rows Removed by Filter: 1
                                       Buffers: shared hit=21582
                     ->  Index Scan using customer_demographics_pkey on customer_demographics  (cost=0.43..0.72 rows=1 width=4) (actual time=0.024..0.024 rows=0 loops=36647)
                           Index Cond: (cd_demo_sk = customer.c_current_cdemo_sk)
                           Filter: (((cd_marital_status = 'M'::bpchar) AND (cd_education_status = 'Unknown'::bpchar)) OR ((cd_marital_status = 'W'::bpchar) AND (cd_education_status = 'Advanced Degree'::bpchar)))
                           Rows Removed by Filter: 1
                           Buffers: shared hit=133242 read=10602
               ->  Index Scan using customer_address_pkey on customer_address  (cost=0.42..0.67 rows=1 width=4) (actual time=0.025..0.025 rows=0 loops=2558)
                     Index Cond: (ca_address_sk = customer.c_current_addr_sk)
                     Filter: (ca_gmt_offset = '-6'::numeric)
                     Rows Removed by Filter: 1
                     Buffers: shared hit=9780 read=452
         ->  Hash  (cost=2.30..2.30 rows=30 width=48) (actual time=0.051..0.052 rows=30 loops=1)
               Buckets: 1024  Batches: 1  Memory Usage: 11kB
               Buffers: shared hit=2
               ->  Seq Scan on call_center  (cost=0.00..2.30 rows=30 width=48) (actual time=0.020..0.033 rows=30 loops=1)
                     Buffers: shared hit=2
 Planning:
   Buffers: shared hit=415
 Planning Time: 2.880 ms
 Execution Time: 11905.876 ms
(57 rows)

