                                                                                                     QUERY PLAN                                                                                                     
--------------------------------------------------------------------------------------------------------------------------------------------------------------------------------------------------------------------
 Aggregate  (cost=716164.96..716164.97 rows=1 width=136) (actual time=11387.736..11387.742 rows=1 loops=1)
   Buffers: shared hit=1049106 read=417304
   ->  Hash Join  (cost=2574.37..716164.39 rows=38 width=58) (actual time=23.467..11382.333 rows=3054 loops=1)
         Hash Cond: (catalog_returns.cr_call_center_sk = call_center.cc_call_center_sk)
         Buffers: shared hit=1049106 read=417304
         ->  Nested Loop  (cost=2571.69..716161.60 rows=38 width=18) (actual time=23.364..11380.159 rows=3086 loops=1)
               Buffers: shared hit=1049104 read=417304
               ->  Nested Loop  (cost=2571.27..716105.05 rows=85 width=22) (actual time=23.316..11276.052 rows=3927 loops=1)
                     Buffers: shared hit=1034327 read=416373
                     ->  Nested Loop  (cost=2570.84..715010.66 rows=1528 width=26) (actual time=19.904..10381.862 rows=36464 loops=1)
                           Buffers: shared hit=898628 read=408952
                           ->  Nested Loop  (cost=2570.55..712671.62 rows=9167 width=30) (actual time=19.775..10111.654 rows=213316 loops=1)
                                 Buffers: shared hit=877049 read=408952
                                 ->  Hash Join  (cost=2570.12..706541.62 rows=9167 width=22) (actual time=19.712..5073.855 rows=217679 loops=1)
                                       Hash Cond: (catalog_returns.cr_returned_date_sk = date_dim.d_date_sk)
                                       Buffers: shared hit=23864 read=408873
                                       ->  Seq Scan on catalog_returns  (cost=0.00..647267.12 rows=21600412 width=26) (actual time=0.042..3350.878 rows=21598628 loops=1)
                                             Buffers: shared hit=22390 read=408873
                                       ->  Hash  (cost=2569.73..2569.73 rows=31 width=4) (actual time=19.633..19.634 rows=31 loops=1)
                                             Buckets: 1024  Batches: 1  Memory Usage: 10kB
                                             Buffers: shared hit=1474
                                             ->  Seq Scan on date_dim  (cost=0.00..2569.73 rows=31 width=4) (actual time=10.018..19.615 rows=31 loops=1)
                                                   Filter: ((d_year = 1998) AND (d_moy = 7))
                                                   Rows Removed by Filter: 73018
                                                   Buffers: shared hit=1474
                                 ->  Index Scan using customer_pkey on customer  (cost=0.43..0.67 rows=1 width=16) (actual time=0.023..0.023 rows=1 loops=217679)
                                       Index Cond: (c_customer_sk = catalog_returns.cr_returning_customer_sk)
                                       Buffers: shared hit=853185 read=79
                           ->  Memoize  (cost=0.29..0.31 rows=1 width=4) (actual time=0.001..0.001 rows=0 loops=213316)
                                 Cache Key: customer.c_current_hdemo_sk
                                 Cache Mode: logical
                                 Hits: 206122  Misses: 7194  Evictions: 0  Overflows: 0  Memory Usage: 520kB
                                 Buffers: shared hit=21579
                                 ->  Index Scan using household_demographics_pkey on household_demographics  (cost=0.28..0.30 rows=1 width=4) (actual time=0.015..0.015 rows=0 loops=7194)
                                       Index Cond: (hd_demo_sk = customer.c_current_hdemo_sk)
                                       Filter: (hd_buy_potential ~~ 'Unknown%'::text)
                                       Rows Removed by Filter: 1
                                       Buffers: shared hit=21579
                     ->  Index Scan using customer_demographics_pkey on customer_demographics  (cost=0.43..0.72 rows=1 width=4) (actual time=0.024..0.024 rows=0 loops=36464)
                           Index Cond: (cd_demo_sk = customer.c_current_cdemo_sk)
                           Filter: (((cd_marital_status = 'M'::bpchar) AND (cd_education_status = 'Unknown'::bpchar)) OR ((cd_marital_status = 'W'::bpchar) AND (cd_education_status = 'Advanced Degree'::bpchar)))
                           Rows Removed by Filter: 1
                           Buffers: shared hit=135699 read=7421
               ->  Index Scan using customer_address_pkey on customer_address  (cost=0.42..0.67 rows=1 width=4) (actual time=0.026..0.026 rows=1 loops=3927)
                     Index Cond: (ca_address_sk = customer.c_current_addr_sk)
                     Filter: (ca_gmt_offset = '-6'::numeric)
                     Rows Removed by Filter: 0
                     Buffers: shared hit=14777 read=931
         ->  Hash  (cost=2.30..2.30 rows=30 width=48) (actual time=0.076..0.077 rows=30 loops=1)
               Buckets: 1024  Batches: 1  Memory Usage: 11kB
               Buffers: shared hit=2
               ->  Seq Scan on call_center  (cost=0.00..2.30 rows=30 width=48) (actual time=0.029..0.050 rows=30 loops=1)
                     Buffers: shared hit=2
 Planning:
   Buffers: shared hit=415
 Planning Time: 4.460 ms
 Execution Time: 11388.564 ms
(57 rows)

