                                                                                                     QUERY PLAN                                                                                                     
--------------------------------------------------------------------------------------------------------------------------------------------------------------------------------------------------------------------
 Aggregate  (cost=715679.29..715679.30 rows=1 width=136) (actual time=11584.475..11584.482 rows=1 loops=1)
   Buffers: shared hit=1059716 read=414003
   ->  Hash Join  (cost=2574.34..715678.77 rows=35 width=58) (actual time=841.099..11578.746 rows=3058 loops=1)
         Hash Cond: (catalog_returns.cr_call_center_sk = call_center.cc_call_center_sk)
         Buffers: shared hit=1059716 read=414003
         ->  Nested Loop  (cost=2571.67..715675.99 rows=35 width=18) (actual time=840.986..11576.321 rows=3086 loops=1)
               Buffers: shared hit=1059714 read=414003
               ->  Nested Loop  (cost=2571.24..715623.43 rows=79 width=22) (actual time=840.963..11472.372 rows=3924 loops=1)
                     Buffers: shared hit=1045720 read=412301
                     ->  Nested Loop  (cost=2570.82..714599.95 rows=1429 width=26) (actual time=836.758..10603.428 rows=36744 loops=1)
                           Buffers: shared hit=906644 read=407025
                           ->  Nested Loop  (cost=2570.52..712275.72 rows=8575 width=30) (actual time=834.444..10327.326 rows=214839 loops=1)
                                 Buffers: shared hit=885068 read=407025
                                 ->  Hash Join  (cost=2570.10..706541.59 rows=8575 width=22) (actual time=834.402..5333.798 rows=219252 loops=1)
                                       Hash Cond: (catalog_returns.cr_returned_date_sk = date_dim.d_date_sk)
                                       Buffers: shared hit=25785 read=406952
                                       ->  Seq Scan on catalog_returns  (cost=0.00..647267.12 rows=21600412 width=26) (actual time=0.049..3593.914 rows=21598628 loops=1)
                                             Buffers: shared hit=25761 read=405502
                                       ->  Hash  (cost=2569.73..2569.73 rows=29 width=4) (actual time=21.976..21.977 rows=30 loops=1)
                                             Buckets: 1024  Batches: 1  Memory Usage: 10kB
                                             Buffers: shared hit=24 read=1450
                                             ->  Seq Scan on date_dim  (cost=0.00..2569.73 rows=29 width=4) (actual time=12.592..21.964 rows=30 loops=1)
                                                   Filter: ((d_year = 1999) AND (d_moy = 11))
                                                   Rows Removed by Filter: 73019
                                                   Buffers: shared hit=24 read=1450
                                 ->  Index Scan using customer_pkey on customer  (cost=0.43..0.67 rows=1 width=16) (actual time=0.022..0.022 rows=1 loops=219252)
                                       Index Cond: (c_customer_sk = catalog_returns.cr_returning_customer_sk)
                                       Buffers: shared hit=859283 read=73
                           ->  Memoize  (cost=0.29..0.31 rows=1 width=4) (actual time=0.001..0.001 rows=0 loops=214839)
                                 Cache Key: customer.c_current_hdemo_sk
                                 Cache Mode: logical
                                 Hits: 207646  Misses: 7193  Evictions: 0  Overflows: 0  Memory Usage: 520kB
                                 Buffers: shared hit=21576
                                 ->  Index Scan using household_demographics_pkey on household_demographics  (cost=0.28..0.30 rows=1 width=4) (actual time=0.016..0.016 rows=0 loops=7193)
                                       Index Cond: (hd_demo_sk = customer.c_current_hdemo_sk)
                                       Filter: (hd_buy_potential ~~ 'Unknown%'::text)
                                       Rows Removed by Filter: 1
                                       Buffers: shared hit=21576
                     ->  Index Scan using customer_demographics_pkey on customer_demographics  (cost=0.43..0.72 rows=1 width=4) (actual time=0.023..0.023 rows=0 loops=36744)
                           Index Cond: (cd_demo_sk = customer.c_current_cdemo_sk)
                           Filter: (((cd_marital_status = 'M'::bpchar) AND (cd_education_status = 'Unknown'::bpchar)) OR ((cd_marital_status = 'W'::bpchar) AND (cd_education_status = 'Advanced Degree'::bpchar)))
                           Rows Removed by Filter: 1
                           Buffers: shared hit=139076 read=5276
               ->  Index Scan using customer_address_pkey on customer_address  (cost=0.42..0.67 rows=1 width=4) (actual time=0.026..0.026 rows=1 loops=3924)
                     Index Cond: (ca_address_sk = customer.c_current_addr_sk)
                     Filter: (ca_gmt_offset = '-6'::numeric)
                     Rows Removed by Filter: 0
                     Buffers: shared hit=13994 read=1702
         ->  Hash  (cost=2.30..2.30 rows=30 width=48) (actual time=0.085..0.086 rows=30 loops=1)
               Buckets: 1024  Batches: 1  Memory Usage: 11kB
               Buffers: shared hit=2
               ->  Seq Scan on call_center  (cost=0.00..2.30 rows=30 width=48) (actual time=0.029..0.051 rows=30 loops=1)
                     Buffers: shared hit=2
 Planning:
   Buffers: shared hit=384 read=31
 Planning Time: 4.875 ms
 Execution Time: 11585.272 ms
(57 rows)

