                                                                                                  QUERY PLAN                                                                                                  
--------------------------------------------------------------------------------------------------------------------------------------------------------------------------------------------------------------
 Aggregate  (cost=716146.24..716146.25 rows=1 width=136) (actual time=12521.459..12521.465 rows=1 loops=1)
   Buffers: shared hit=1200775 read=427275
   ->  Nested Loop  (cost=2571.83..716146.10 rows=9 width=58) (actual time=394.888..12519.581 rows=660 loops=1)
         Buffers: shared hit=1200775 read=427275
         ->  Nested Loop  (cost=2571.69..716144.71 rows=9 width=18) (actual time=394.875..12511.425 rows=667 loops=1)
               Buffers: shared hit=1199455 read=427275
               ->  Nested Loop  (cost=2571.27..716027.25 rows=164 width=22) (actual time=363.211..12396.780 rows=4427 loops=1)
                     Buffers: shared hit=1182709 read=426629
                     ->  Nested Loop  (cost=2570.84..715010.66 rows=1528 width=26) (actual time=346.407..11370.641 rows=39445 loops=1)
                           Buffers: shared hit=1039261 read=412297
                           ->  Nested Loop  (cost=2570.55..712671.62 rows=9167 width=30) (actual time=344.290..11082.574 rows=249306 loops=1)
                                 Buffers: shared hit=1017664 read=412297
                                 ->  Hash Join  (cost=2570.12..706541.62 rows=9167 width=22) (actual time=344.237..5243.743 rows=254456 loops=1)
                                       Hash Cond: (catalog_returns.cr_returned_date_sk = date_dim.d_date_sk)
                                       Buffers: shared hit=20527 read=412210
                                       ->  Seq Scan on catalog_returns  (cost=0.00..647267.12 rows=21600412 width=26) (actual time=0.072..3476.411 rows=21598628 loops=1)
                                             Buffers: shared hit=19053 read=412210
                                       ->  Hash  (cost=2569.73..2569.73 rows=31 width=4) (actual time=19.744..19.745 rows=31 loops=1)
                                             Buckets: 1024  Batches: 1  Memory Usage: 10kB
                                             Buffers: shared hit=1474
                                             ->  Seq Scan on date_dim  (cost=0.00..2569.73 rows=31 width=4) (actual time=10.385..19.729 rows=31 loops=1)
                                                   Filter: ((d_year = 1999) AND (d_moy = 3))
                                                   Rows Removed by Filter: 73018
                                                   Buffers: shared hit=1474
                                 ->  Index Scan using customer_pkey on customer  (cost=0.43..0.67 rows=1 width=16) (actual time=0.022..0.022 rows=1 loops=254456)
                                       Index Cond: (c_customer_sk = catalog_returns.cr_returning_customer_sk)
                                       Buffers: shared hit=997137 read=87
                           ->  Memoize  (cost=0.29..0.31 rows=1 width=4) (actual time=0.001..0.001 rows=0 loops=249306)
                                 Cache Key: customer.c_current_hdemo_sk
                                 Cache Mode: logical
                                 Hits: 242106  Misses: 7200  Evictions: 0  Overflows: 0  Memory Usage: 521kB
                                 Buffers: shared hit=21597
                                 ->  Index Scan using household_demographics_pkey on household_demographics  (cost=0.28..0.30 rows=1 width=4) (actual time=0.014..0.014 rows=0 loops=7200)
                                       Index Cond: (hd_demo_sk = customer.c_current_hdemo_sk)
                                       Filter: (hd_buy_potential ~~ '5001-10000%'::text)
                                       Rows Removed by Filter: 1
                                       Buffers: shared hit=21597
                     ->  Index Scan using customer_address_pkey on customer_address  (cost=0.42..0.67 rows=1 width=4) (actual time=0.026..0.026 rows=0 loops=39445)
                           Index Cond: (ca_address_sk = customer.c_current_addr_sk)
                           Filter: (ca_gmt_offset = '-7'::numeric)
                           Rows Removed by Filter: 1
                           Buffers: shared hit=143448 read=14332
               ->  Index Scan using customer_demographics_pkey on customer_demographics  (cost=0.43..0.72 rows=1 width=4) (actual time=0.025..0.025 rows=0 loops=4427)
                     Index Cond: (cd_demo_sk = customer.c_current_cdemo_sk)
                     Filter: (((cd_marital_status = 'M'::bpchar) AND (cd_education_status = 'Unknown'::bpchar)) OR ((cd_marital_status = 'W'::bpchar) AND (cd_education_status = 'Advanced Degree'::bpchar)))
                     Rows Removed by Filter: 1
                     Buffers: shared hit=16746 read=646
         ->  Index Scan using call_center_pkey on call_center  (cost=0.14..0.16 rows=1 width=48) (actual time=0.011..0.011 rows=1 loops=667)
               Index Cond: (cc_call_center_sk = catalog_returns.cr_call_center_sk)
               Buffers: shared hit=1320
 Planning:
   Buffers: shared hit=415
 Planning Time: 6.103 ms
 Execution Time: 12522.393 ms
(54 rows)

