                                                                                                     QUERY PLAN                                                                                                     
--------------------------------------------------------------------------------------------------------------------------------------------------------------------------------------------------------------------
 Aggregate  (cost=715921.76..715921.77 rows=1 width=136) (actual time=4951.800..4951.808 rows=1 loops=1)
   Buffers: shared hit=40884 read=401311
   ->  Hash Join  (cost=2574.36..715921.22 rows=36 width=58) (actual time=29.583..4951.768 rows=7 loops=1)
         Hash Cond: (catalog_returns.cr_call_center_sk = call_center.cc_call_center_sk)
         Buffers: shared hit=40884 read=401311
         ->  Nested Loop  (cost=2571.68..715918.44 rows=36 width=18) (actual time=29.477..4951.651 rows=7 loops=1)
               Buffers: shared hit=40882 read=401311
               ->  Nested Loop  (cost=2571.26..715863.88 rows=82 width=22) (actual time=29.440..4950.890 rows=12 loops=1)
                     Buffers: shared hit=40837 read=401308
                     ->  Nested Loop  (cost=2570.83..714805.30 rows=1478 width=26) (actual time=23.444..4945.979 rows=188 loops=1)
                           Buffers: shared hit=40147 read=401270
                           ->  Nested Loop  (cost=2570.54..712473.67 rows=8871 width=30) (actual time=23.410..4931.102 rows=1306 loops=1)
                                 Buffers: shared hit=36691 read=401270
                                 ->  Hash Join  (cost=2570.11..706541.60 rows=8871 width=22) (actual time=23.351..4897.770 rows=1337 loops=1)
                                       Hash Cond: (catalog_returns.cr_returned_date_sk = date_dim.d_date_sk)
                                       Buffers: shared hit=31467 read=401270
                                       ->  Seq Scan on catalog_returns  (cost=0.00..647267.12 rows=21600412 width=26) (actual time=0.036..3270.894 rows=21598628 loops=1)
                                             Buffers: shared hit=29993 read=401270
                                       ->  Hash  (cost=2569.73..2569.73 rows=30 width=4) (actual time=23.210..23.211 rows=31 loops=1)
                                             Buckets: 1024  Batches: 1  Memory Usage: 10kB
                                             Buffers: shared hit=1474
                                             ->  Seq Scan on date_dim  (cost=0.00..2569.73 rows=30 width=4) (actual time=10.574..23.193 rows=31 loops=1)
                                                   Filter: ((d_year = 1998) AND (d_moy = 1))
                                                   Rows Removed by Filter: 73018
                                                   Buffers: shared hit=1474
                                 ->  Index Scan using customer_pkey on customer  (cost=0.43..0.67 rows=1 width=16) (actual time=0.024..0.024 rows=1 loops=1337)
                                       Index Cond: (c_customer_sk = catalog_returns.cr_returning_customer_sk)
                                       Buffers: shared hit=5224
                           ->  Memoize  (cost=0.29..0.31 rows=1 width=4) (actual time=0.011..0.011 rows=0 loops=1306)
                                 Cache Key: customer.c_current_hdemo_sk
                                 Cache Mode: logical
                                 Hits: 153  Misses: 1153  Evictions: 0  Overflows: 0  Memory Usage: 83kB
                                 Buffers: shared hit=3456
                                 ->  Index Scan using household_demographics_pkey on household_demographics  (cost=0.28..0.30 rows=1 width=4) (actual time=0.012..0.012 rows=0 loops=1153)
                                       Index Cond: (hd_demo_sk = customer.c_current_hdemo_sk)
                                       Filter: (hd_buy_potential ~~ '1001-5000%'::text)
                                       Rows Removed by Filter: 1
                                       Buffers: shared hit=3456
                     ->  Index Scan using customer_demographics_pkey on customer_demographics  (cost=0.43..0.72 rows=1 width=4) (actual time=0.026..0.026 rows=0 loops=188)
                           Index Cond: (cd_demo_sk = customer.c_current_cdemo_sk)
                           Filter: (((cd_marital_status = 'M'::bpchar) AND (cd_education_status = 'Unknown'::bpchar)) OR ((cd_marital_status = 'W'::bpchar) AND (cd_education_status = 'Advanced Degree'::bpchar)))
                           Rows Removed by Filter: 1
                           Buffers: shared hit=690 read=38
               ->  Index Scan using customer_address_pkey on customer_address  (cost=0.42..0.67 rows=1 width=4) (actual time=0.062..0.062 rows=1 loops=12)
                     Index Cond: (ca_address_sk = customer.c_current_addr_sk)
                     Filter: (ca_gmt_offset = '-6'::numeric)
                     Rows Removed by Filter: 0
                     Buffers: shared hit=45 read=3
         ->  Hash  (cost=2.30..2.30 rows=30 width=48) (actual time=0.076..0.077 rows=30 loops=1)
               Buckets: 1024  Batches: 1  Memory Usage: 11kB
               Buffers: shared hit=2
               ->  Seq Scan on call_center  (cost=0.00..2.30 rows=30 width=48) (actual time=0.029..0.050 rows=30 loops=1)
                     Buffers: shared hit=2
 Planning:
   Buffers: shared hit=415
 Planning Time: 4.643 ms
 Execution Time: 4952.576 ms
(57 rows)

