                                                                                                     QUERY PLAN                                                                                                     
--------------------------------------------------------------------------------------------------------------------------------------------------------------------------------------------------------------------
 Aggregate  (cost=715679.29..715679.30 rows=1 width=136) (actual time=14913.550..14913.556 rows=1 loops=1)
   Buffers: shared hit=1517129 read=417097
   ->  Hash Join  (cost=2574.34..715678.77 rows=35 width=58) (actual time=3138.944..14905.239 rows=4551 loops=1)
         Hash Cond: (catalog_returns.cr_call_center_sk = call_center.cc_call_center_sk)
         Buffers: shared hit=1517129 read=417097
         ->  Nested Loop  (cost=2571.67..715675.99 rows=35 width=18) (actual time=3138.838..14901.940 rows=4595 loops=1)
               Buffers: shared hit=1517127 read=417097
               ->  Nested Loop  (cost=2571.24..715623.43 rows=79 width=22) (actual time=3138.800..14679.161 rows=8418 loops=1)
                     Buffers: shared hit=1487373 read=413179
                     ->  Nested Loop  (cost=2570.82..714599.95 rows=1429 width=26) (actual time=3138.773..13316.449 rows=54705 loops=1)
                           Buffers: shared hit=1282079 read=403681
                           ->  Nested Loop  (cost=2570.52..712275.72 rows=8575 width=30) (actual time=3138.746..12962.601 rows=307858 loops=1)
                                 Buffers: shared hit=1260488 read=403681
                                 ->  Hash Join  (cost=2570.10..706541.59 rows=8575 width=22) (actual time=3138.706..5592.567 rows=314133 loops=1)
                                       Hash Cond: (catalog_returns.cr_returned_date_sk = date_dim.d_date_sk)
                                       Buffers: shared hit=29522 read=403215
                                       ->  Seq Scan on catalog_returns  (cost=0.00..647267.12 rows=21600412 width=26) (actual time=0.036..3661.642 rows=21598628 loops=1)
                                             Buffers: shared hit=28048 read=403215
                                       ->  Hash  (cost=2569.73..2569.73 rows=29 width=4) (actual time=20.701..20.702 rows=30 loops=1)
                                             Buckets: 1024  Batches: 1  Memory Usage: 10kB
                                             Buffers: shared hit=1474
                                             ->  Seq Scan on date_dim  (cost=0.00..2569.73 rows=29 width=4) (actual time=9.580..20.687 rows=30 loops=1)
                                                   Filter: ((d_year = 2002) AND (d_moy = 11))
                                                   Rows Removed by Filter: 73019
                                                   Buffers: shared hit=1474
                                 ->  Index Scan using customer_pkey on customer  (cost=0.43..0.67 rows=1 width=16) (actual time=0.023..0.023 rows=1 loops=314133)
                                       Index Cond: (c_customer_sk = catalog_returns.cr_returning_customer_sk)
                                       Buffers: shared hit=1230966 read=466
                           ->  Memoize  (cost=0.29..0.31 rows=1 width=4) (actual time=0.001..0.001 rows=0 loops=307858)
                                 Cache Key: customer.c_current_hdemo_sk
                                 Cache Mode: logical
                                 Hits: 300660  Misses: 7198  Evictions: 0  Overflows: 0  Memory Usage: 521kB
                                 Buffers: shared hit=21591
                                 ->  Index Scan using household_demographics_pkey on household_demographics  (cost=0.28..0.30 rows=1 width=4) (actual time=0.015..0.015 rows=0 loops=7198)
                                       Index Cond: (hd_demo_sk = customer.c_current_hdemo_sk)
                                       Filter: (hd_buy_potential ~~ '>10000%'::text)
                                       Rows Removed by Filter: 1
                                       Buffers: shared hit=21591
                     ->  Index Scan using customer_demographics_pkey on customer_demographics  (cost=0.43..0.72 rows=1 width=4) (actual time=0.025..0.025 rows=0 loops=54705)
                           Index Cond: (cd_demo_sk = customer.c_current_cdemo_sk)
                           Filter: (((cd_marital_status = 'M'::bpchar) AND (cd_education_status = 'Unknown'::bpchar)) OR ((cd_marital_status = 'W'::bpchar) AND (cd_education_status = 'Advanced Degree'::bpchar)))
                           Rows Removed by Filter: 1
                           Buffers: shared hit=205294 read=9498
               ->  Index Scan using customer_address_pkey on customer_address  (cost=0.42..0.67 rows=1 width=4) (actual time=0.026..0.026 rows=1 loops=8418)
                     Index Cond: (ca_address_sk = customer.c_current_addr_sk)
                     Filter: (ca_gmt_offset = '-6'::numeric)
                     Rows Removed by Filter: 0
                     Buffers: shared hit=29754 read=3918
         ->  Hash  (cost=2.30..2.30 rows=30 width=48) (actual time=0.082..0.083 rows=30 loops=1)
               Buckets: 1024  Batches: 1  Memory Usage: 11kB
               Buffers: shared hit=2
               ->  Seq Scan on call_center  (cost=0.00..2.30 rows=30 width=48) (actual time=0.033..0.057 rows=30 loops=1)
                     Buffers: shared hit=2
 Planning:
   Buffers: shared hit=415
 Planning Time: 5.999 ms
 Execution Time: 14914.289 ms
(57 rows)

