                                                                                                     QUERY PLAN                                                                                                     
--------------------------------------------------------------------------------------------------------------------------------------------------------------------------------------------------------------------
 Aggregate  (cost=715921.76..715921.77 rows=1 width=136) (actual time=12929.224..12929.231 rows=1 loops=1)
   Buffers: shared hit=1254651 read=415415
   ->  Hash Join  (cost=2574.36..715921.22 rows=36 width=58) (actual time=2047.539..12927.809 rows=481 loops=1)
         Hash Cond: (catalog_returns.cr_call_center_sk = call_center.cc_call_center_sk)
         Buffers: shared hit=1254651 read=415415
         ->  Nested Loop  (cost=2571.68..715918.44 rows=36 width=18) (actual time=2047.478..12927.208 rows=483 loops=1)
               Buffers: shared hit=1254649 read=415415
               ->  Nested Loop  (cost=2571.26..715863.88 rows=82 width=22) (actual time=2028.898..12856.329 rows=2845 loops=1)
                     Buffers: shared hit=1244155 read=414529
                     ->  Nested Loop  (cost=2570.83..714805.30 rows=1478 width=26) (actual time=2015.224..11847.806 rows=41003 loops=1)
                           Buffers: shared hit=1089503 read=408261
                           ->  Nested Loop  (cost=2570.54..712473.67 rows=8871 width=30) (actual time=2001.434..11553.903 rows=260859 loops=1)
                                 Buffers: shared hit=1067912 read=408261
                                 ->  Hash Join  (cost=2570.11..706541.60 rows=8871 width=22) (actual time=2001.373..5454.387 rows=266327 loops=1)
                                       Hash Cond: (catalog_returns.cr_returned_date_sk = date_dim.d_date_sk)
                                       Buffers: shared hit=24737 read=408000
                                       ->  Seq Scan on catalog_returns  (cost=0.00..647267.12 rows=21600412 width=26) (actual time=0.105..3605.175 rows=21598628 loops=1)
                                             Buffers: shared hit=23263 read=408000
                                       ->  Hash  (cost=2569.73..2569.73 rows=30 width=4) (actual time=13.003..13.004 rows=30 loops=1)
                                             Buckets: 1024  Batches: 1  Memory Usage: 10kB
                                             Buffers: shared hit=1474
                                             ->  Seq Scan on date_dim  (cost=0.00..2569.73 rows=30 width=4) (actual time=7.224..12.990 rows=30 loops=1)
                                                   Filter: ((d_year = 2001) AND (d_moy = 9))
                                                   Rows Removed by Filter: 73019
                                                   Buffers: shared hit=1474
                                 ->  Index Scan using customer_pkey on customer  (cost=0.43..0.67 rows=1 width=16) (actual time=0.022..0.022 rows=1 loops=266327)
                                       Index Cond: (c_customer_sk = catalog_returns.cr_returning_customer_sk)
                                       Buffers: shared hit=1043175 read=261
                           ->  Memoize  (cost=0.29..0.31 rows=1 width=4) (actual time=0.001..0.001 rows=0 loops=260859)
                                 Cache Key: customer.c_current_hdemo_sk
                                 Cache Mode: logical
                                 Hits: 253661  Misses: 7198  Evictions: 0  Overflows: 0  Memory Usage: 521kB
                                 Buffers: shared hit=21591
                                 ->  Index Scan using household_demographics_pkey on household_demographics  (cost=0.28..0.30 rows=1 width=4) (actual time=0.014..0.014 rows=0 loops=7198)
                                       Index Cond: (hd_demo_sk = customer.c_current_hdemo_sk)
                                       Filter: (hd_buy_potential ~~ '5001-10000%'::text)
                                       Rows Removed by Filter: 1
                                       Buffers: shared hit=21591
                     ->  Index Scan using customer_demographics_pkey on customer_demographics  (cost=0.43..0.72 rows=1 width=4) (actual time=0.024..0.024 rows=0 loops=41003)
                           Index Cond: (cd_demo_sk = customer.c_current_cdemo_sk)
                           Filter: (((cd_marital_status = 'M'::bpchar) AND (cd_education_status = 'Unknown'::bpchar)) OR ((cd_marital_status = 'W'::bpchar) AND (cd_education_status = 'Advanced Degree'::bpchar)))
                           Rows Removed by Filter: 1
                           Buffers: shared hit=154652 read=6268
               ->  Index Scan using customer_address_pkey on customer_address  (cost=0.42..0.67 rows=1 width=4) (actual time=0.024..0.024 rows=0 loops=2845)
                     Index Cond: (ca_address_sk = customer.c_current_addr_sk)
                     Filter: (ca_gmt_offset = '-6'::numeric)
                     Rows Removed by Filter: 1
                     Buffers: shared hit=10494 read=886
         ->  Hash  (cost=2.30..2.30 rows=30 width=48) (actual time=0.046..0.046 rows=30 loops=1)
               Buckets: 1024  Batches: 1  Memory Usage: 11kB
               Buffers: shared hit=2
               ->  Seq Scan on call_center  (cost=0.00..2.30 rows=30 width=48) (actual time=0.020..0.033 rows=30 loops=1)
                     Buffers: shared hit=2
 Planning:
   Buffers: shared hit=415
 Planning Time: 2.439 ms
 Execution Time: 12929.710 ms
(57 rows)

