                                                                                                     QUERY PLAN                                                                                                     
--------------------------------------------------------------------------------------------------------------------------------------------------------------------------------------------------------------------
 Aggregate  (cost=715921.76..715921.77 rows=1 width=136) (actual time=13970.826..13970.833 rows=1 loops=1)
   Buffers: shared hit=1458891 read=408349
   ->  Hash Join  (cost=2574.36..715921.22 rows=36 width=58) (actual time=13970.822..13970.829 rows=0 loops=1)
         Hash Cond: (catalog_returns.cr_call_center_sk = call_center.cc_call_center_sk)
         Buffers: shared hit=1458891 read=408349
         ->  Nested Loop  (cost=2571.68..715918.44 rows=36 width=18) (actual time=13970.736..13970.741 rows=0 loops=1)
               Buffers: shared hit=1458889 read=408349
               ->  Nested Loop  (cost=2571.26..715863.88 rows=82 width=22) (actual time=2831.145..13910.637 rows=1945 loops=1)
                     Buffers: shared hit=1452272 read=407186
                     ->  Nested Loop  (cost=2570.83..714805.30 rows=1478 width=26) (actual time=2817.078..12795.729 rows=46817 loops=1)
                           Buffers: shared hit=1273688 read=402310
                           ->  Nested Loop  (cost=2570.54..712473.67 rows=8871 width=30) (actual time=2817.052..12467.370 rows=305416 loops=1)
                                 Buffers: shared hit=1252091 read=402310
                                 ->  Hash Join  (cost=2570.11..706541.60 rows=8871 width=22) (actual time=2817.006..5419.567 rows=311605 loops=1)
                                       Hash Cond: (catalog_returns.cr_returned_date_sk = date_dim.d_date_sk)
                                       Buffers: shared hit=30697 read=402040
                                       ->  Seq Scan on catalog_returns  (cost=0.00..647267.12 rows=21600412 width=26) (actual time=0.333..3562.455 rows=21598628 loops=1)
                                             Buffers: shared hit=29223 read=402040
                                       ->  Hash  (cost=2569.73..2569.73 rows=30 width=4) (actual time=22.565..22.567 rows=30 loops=1)
                                             Buckets: 1024  Batches: 1  Memory Usage: 10kB
                                             Buffers: shared hit=1474
                                             ->  Seq Scan on date_dim  (cost=0.00..2569.73 rows=30 width=4) (actual time=12.781..22.550 rows=30 loops=1)
                                                   Filter: ((d_year = 2002) AND (d_moy = 9))
                                                   Rows Removed by Filter: 73019
                                                   Buffers: shared hit=1474
                                 ->  Index Scan using customer_pkey on customer  (cost=0.43..0.67 rows=1 width=16) (actual time=0.022..0.022 rows=1 loops=311605)
                                       Index Cond: (c_customer_sk = catalog_returns.cr_returning_customer_sk)
                                       Buffers: shared hit=1221394 read=270
                           ->  Memoize  (cost=0.29..0.31 rows=1 width=4) (actual time=0.001..0.001 rows=0 loops=305416)
                                 Cache Key: customer.c_current_hdemo_sk
                                 Cache Mode: logical
                                 Hits: 298216  Misses: 7200  Evictions: 0  Overflows: 0  Memory Usage: 521kB
                                 Buffers: shared hit=21597
                                 ->  Index Scan using household_demographics_pkey on household_demographics  (cost=0.28..0.30 rows=1 width=4) (actual time=0.014..0.014 rows=0 loops=7200)
                                       Index Cond: (hd_demo_sk = customer.c_current_hdemo_sk)
                                       Filter: (hd_buy_potential ~~ '0-500%'::text)
                                       Rows Removed by Filter: 1
                                       Buffers: shared hit=21597
                     ->  Index Scan using customer_demographics_pkey on customer_demographics  (cost=0.43..0.72 rows=1 width=4) (actual time=0.023..0.023 rows=0 loops=46817)
                           Index Cond: (cd_demo_sk = customer.c_current_cdemo_sk)
                           Filter: (((cd_marital_status = 'M'::bpchar) AND (cd_education_status = 'Unknown'::bpchar)) OR ((cd_marital_status = 'W'::bpchar) AND (cd_education_status = 'Advanced Degree'::bpchar)))
                           Rows Removed by Filter: 1
                           Buffers: shared hit=178584 read=4876
               ->  Index Scan using customer_address_pkey on customer_address  (cost=0.42..0.67 rows=1 width=4) (actual time=0.030..0.030 rows=0 loops=1945)
                     Index Cond: (ca_address_sk = customer.c_current_addr_sk)
                     Filter: (ca_gmt_offset = '-6'::numeric)
                     Rows Removed by Filter: 1
                     Buffers: shared hit=6617 read=1163
         ->  Hash  (cost=2.30..2.30 rows=30 width=48) (actual time=0.069..0.070 rows=30 loops=1)
               Buckets: 1024  Batches: 1  Memory Usage: 11kB
               Buffers: shared hit=2
               ->  Seq Scan on call_center  (cost=0.00..2.30 rows=30 width=48) (actual time=0.023..0.043 rows=30 loops=1)
                     Buffers: shared hit=2
 Planning:
   Buffers: shared hit=415
 Planning Time: 3.337 ms
 Execution Time: 13971.424 ms
(57 rows)

