                                                                                                  QUERY PLAN                                                                                                  
--------------------------------------------------------------------------------------------------------------------------------------------------------------------------------------------------------------
 Aggregate  (cost=715903.32..715903.33 rows=1 width=136) (actual time=15611.853..15611.859 rows=1 loops=1)
   Buffers: shared hit=1664960 read=425710
   ->  Nested Loop  (cost=2571.82..715903.18 rows=9 width=58) (actual time=15611.848..15611.853 rows=0 loops=1)
         Buffers: shared hit=1664960 read=425710
         ->  Nested Loop  (cost=2571.68..715901.79 rows=9 width=18) (actual time=15611.847..15611.852 rows=0 loops=1)
               Buffers: shared hit=1664960 read=425710
               ->  Nested Loop  (cost=2571.25..715788.62 rows=158 width=22) (actual time=2505.545..15477.282 rows=5245 loops=1)
                     Buffers: shared hit=1644912 read=425150
                     ->  Nested Loop  (cost=2570.83..714805.30 rows=1478 width=26) (actual time=2495.081..14178.288 rows=48406 loops=1)
                           Buffers: shared hit=1473442 read=402996
                           ->  Nested Loop  (cost=2570.54..712473.67 rows=8871 width=30) (actual time=2494.888..13797.163 rows=355526 loops=1)
                                 Buffers: shared hit=1451845 read=402996
                                 ->  Hash Join  (cost=2570.11..706541.60 rows=8871 width=22) (actual time=2494.836..5514.762 rows=362762 loops=1)
                                       Hash Cond: (catalog_returns.cr_returned_date_sk = date_dim.d_date_sk)
                                       Buffers: shared hit=29994 read=402743
                                       ->  Seq Scan on catalog_returns  (cost=0.00..647267.12 rows=21600412 width=26) (actual time=0.178..3620.056 rows=21598628 loops=1)
                                             Buffers: shared hit=28520 read=402743
                                       ->  Hash  (cost=2569.73..2569.73 rows=30 width=4) (actual time=26.053..26.054 rows=31 loops=1)
                                             Buckets: 1024  Batches: 1  Memory Usage: 10kB
                                             Buffers: shared hit=1474
                                             ->  Seq Scan on date_dim  (cost=0.00..2569.73 rows=30 width=4) (actual time=11.129..26.037 rows=31 loops=1)
                                                   Filter: ((d_year = 2002) AND (d_moy = 5))
                                                   Rows Removed by Filter: 73018
                                                   Buffers: shared hit=1474
                                 ->  Index Scan using customer_pkey on customer  (cost=0.43..0.67 rows=1 width=16) (actual time=0.022..0.022 rows=1 loops=362762)
                                       Index Cond: (c_customer_sk = catalog_returns.cr_returning_customer_sk)
                                       Buffers: shared hit=1421851 read=253
                           ->  Memoize  (cost=0.29..0.31 rows=1 width=4) (actual time=0.001..0.001 rows=0 loops=355526)
                                 Cache Key: customer.c_current_hdemo_sk
                                 Cache Mode: logical
                                 Hits: 348326  Misses: 7200  Evictions: 0  Overflows: 0  Memory Usage: 521kB
                                 Buffers: shared hit=21597
                                 ->  Index Scan using household_demographics_pkey on household_demographics  (cost=0.28..0.30 rows=1 width=4) (actual time=0.016..0.016 rows=0 loops=7200)
                                       Index Cond: (hd_demo_sk = customer.c_current_hdemo_sk)
                                       Filter: (hd_buy_potential ~~ '1001-5000%'::text)
                                       Rows Removed by Filter: 1
                                       Buffers: shared hit=21597
                     ->  Index Scan using customer_address_pkey on customer_address  (cost=0.42..0.67 rows=1 width=4) (actual time=0.026..0.026 rows=0 loops=48406)
                           Index Cond: (ca_address_sk = customer.c_current_addr_sk)
                           Filter: (ca_gmt_offset = '-7'::numeric)
                           Rows Removed by Filter: 1
                           Buffers: shared hit=171470 read=22154
               ->  Index Scan using customer_demographics_pkey on customer_demographics  (cost=0.43..0.72 rows=1 width=4) (actual time=0.025..0.025 rows=0 loops=5245)
                     Index Cond: (cd_demo_sk = customer.c_current_cdemo_sk)
                     Filter: (((cd_marital_status = 'M'::bpchar) AND (cd_education_status = 'Unknown'::bpchar)) OR ((cd_marital_status = 'W'::bpchar) AND (cd_education_status = 'Advanced Degree'::bpchar)))
                     Rows Removed by Filter: 1
                     Buffers: shared hit=20048 read=560
         ->  Index Scan using call_center_pkey on call_center  (cost=0.14..0.16 rows=1 width=48) (never executed)
               Index Cond: (cc_call_center_sk = catalog_returns.cr_call_center_sk)
 Planning:
   Buffers: shared hit=415
 Planning Time: 4.723 ms
 Execution Time: 15612.729 ms
(53 rows)

