                                                                                                  QUERY PLAN                                                                                                  
--------------------------------------------------------------------------------------------------------------------------------------------------------------------------------------------------------------
 Aggregate  (cost=715903.32..715903.33 rows=1 width=136) (actual time=12991.703..12991.709 rows=1 loops=1)
   Buffers: shared hit=1262578 read=424070
   ->  Nested Loop  (cost=2571.82..715903.18 rows=9 width=58) (actual time=2007.306..12990.588 rows=302 loops=1)
         Buffers: shared hit=1262578 read=424070
         ->  Nested Loop  (cost=2571.68..715901.79 rows=9 width=18) (actual time=2007.295..12986.218 rows=305 loops=1)
               Buffers: shared hit=1261974 read=424070
               ->  Nested Loop  (cost=2571.25..715788.62 rows=158 width=22) (actual time=1985.493..12896.505 rows=3227 loops=1)
                     Buffers: shared hit=1249965 read=423423
                     ->  Nested Loop  (cost=2570.83..714805.30 rows=1478 width=26) (actual time=1943.577..11776.664 rows=43906 loops=1)
                           Buffers: shared hit=1085913 read=411851
                           ->  Nested Loop  (cost=2570.54..712473.67 rows=8871 width=30) (actual time=1939.288..11479.803 rows=260859 loops=1)
                                 Buffers: shared hit=1064322 read=411851
                                 ->  Hash Join  (cost=2570.11..706541.60 rows=8871 width=22) (actual time=1939.230..5345.530 rows=266327 loops=1)
                                       Hash Cond: (catalog_returns.cr_returned_date_sk = date_dim.d_date_sk)
                                       Buffers: shared hit=20966 read=411771
                                       ->  Seq Scan on catalog_returns  (cost=0.00..647267.12 rows=21600412 width=26) (actual time=0.061..3518.191 rows=21598628 loops=1)
                                             Buffers: shared hit=20966 read=410297
                                       ->  Hash  (cost=2569.73..2569.73 rows=30 width=4) (actual time=23.693..23.694 rows=30 loops=1)
                                             Buckets: 1024  Batches: 1  Memory Usage: 10kB
                                             Buffers: shared read=1474
                                             ->  Seq Scan on date_dim  (cost=0.00..2569.73 rows=30 width=4) (actual time=14.304..23.677 rows=30 loops=1)
                                                   Filter: ((d_year = 2001) AND (d_moy = 9))
                                                   Rows Removed by Filter: 73019
                                                   Buffers: shared read=1474
                                 ->  Index Scan using customer_pkey on customer  (cost=0.43..0.67 rows=1 width=16) (actual time=0.022..0.022 rows=1 loops=266327)
                                       Index Cond: (c_customer_sk = catalog_returns.cr_returning_customer_sk)
                                       Buffers: shared hit=1043356 read=80
                           ->  Memoize  (cost=0.29..0.31 rows=1 width=4) (actual time=0.001..0.001 rows=0 loops=260859)
                                 Cache Key: customer.c_current_hdemo_sk
                                 Cache Mode: logical
                                 Hits: 253661  Misses: 7198  Evictions: 0  Overflows: 0  Memory Usage: 521kB
                                 Buffers: shared hit=21591
                                 ->  Index Scan using household_demographics_pkey on household_demographics  (cost=0.28..0.30 rows=1 width=4) (actual time=0.014..0.014 rows=0 loops=7198)
                                       Index Cond: (hd_demo_sk = customer.c_current_hdemo_sk)
                                       Filter: (hd_buy_potential ~~ '501-1000%'::text)
                                       Rows Removed by Filter: 1
                                       Buffers: shared hit=21591
                     ->  Index Scan using customer_address_pkey on customer_address  (cost=0.42..0.67 rows=1 width=4) (actual time=0.025..0.025 rows=0 loops=43906)
                           Index Cond: (ca_address_sk = customer.c_current_addr_sk)
                           Filter: (ca_gmt_offset = '-7'::numeric)
                           Rows Removed by Filter: 1
                           Buffers: shared hit=164052 read=11572
               ->  Index Scan using customer_demographics_pkey on customer_demographics  (cost=0.43..0.72 rows=1 width=4) (actual time=0.027..0.027 rows=0 loops=3227)
                     Index Cond: (cd_demo_sk = customer.c_current_cdemo_sk)
                     Filter: (((cd_marital_status = 'M'::bpchar) AND (cd_education_status = 'Unknown'::bpchar)) OR ((cd_marital_status = 'W'::bpchar) AND (cd_education_status = 'Advanced Degree'::bpchar)))
                     Rows Removed by Filter: 1
                     Buffers: shared hit=12009 read=647
         ->  Index Scan using call_center_pkey on call_center  (cost=0.14..0.16 rows=1 width=48) (actual time=0.013..0.013 rows=1 loops=305)
               Index Cond: (cc_call_center_sk = catalog_returns.cr_call_center_sk)
               Buffers: shared hit=604
 Planning:
   Buffers: shared hit=384 read=31
 Planning Time: 4.802 ms
 Execution Time: 12992.497 ms
(54 rows)

