                                                                                                     QUERY PLAN                                                                                                     
--------------------------------------------------------------------------------------------------------------------------------------------------------------------------------------------------------------------
 Aggregate  (cost=716164.96..716164.97 rows=1 width=136) (actual time=14863.113..14863.121 rows=1 loops=1)
   Buffers: shared hit=1556012 read=415333
   ->  Hash Join  (cost=2574.37..716164.39 rows=38 width=58) (actual time=2610.011..14854.873 rows=4507 loops=1)
         Hash Cond: (catalog_returns.cr_call_center_sk = call_center.cc_call_center_sk)
         Buffers: shared hit=1556012 read=415333
         ->  Nested Loop  (cost=2571.69..716161.60 rows=38 width=18) (actual time=2609.909..14851.595 rows=4560 loops=1)
               Buffers: shared hit=1556010 read=415333
               ->  Nested Loop  (cost=2571.27..716105.05 rows=85 width=22) (actual time=2600.311..14609.134 rows=8471 loops=1)
                     Buffers: shared hit=1525719 read=411740
                     ->  Nested Loop  (cost=2570.84..715010.66 rows=1528 width=26) (actual time=2592.162..13247.449 rows=56234 loops=1)
                           Buffers: shared hit=1309599 read=407000
                           ->  Nested Loop  (cost=2570.55..712671.62 rows=9167 width=30) (actual time=2585.670..12911.176 rows=315567 loops=1)
                                 Buffers: shared hit=1288005 read=407000
                                 ->  Hash Join  (cost=2570.12..706541.62 rows=9167 width=22) (actual time=2585.635..5503.055 rows=321885 loops=1)
                                       Hash Cond: (catalog_returns.cr_returned_date_sk = date_dim.d_date_sk)
                                       Buffers: shared hit=25985 read=406752
                                       ->  Seq Scan on catalog_returns  (cost=0.00..647267.12 rows=21600412 width=26) (actual time=0.035..3624.535 rows=21598628 loops=1)
                                             Buffers: shared hit=24511 read=406752
                                       ->  Hash  (cost=2569.73..2569.73 rows=31 width=4) (actual time=19.793..19.794 rows=31 loops=1)
                                             Buckets: 1024  Batches: 1  Memory Usage: 10kB
                                             Buffers: shared hit=1474
                                             ->  Seq Scan on date_dim  (cost=0.00..2569.73 rows=31 width=4) (actual time=10.580..19.774 rows=31 loops=1)
                                                   Filter: ((d_year = 2002) AND (d_moy = 7))
                                                   Rows Removed by Filter: 73018
                                                   Buffers: shared hit=1474
                                 ->  Index Scan using customer_pkey on customer  (cost=0.43..0.67 rows=1 width=16) (actual time=0.022..0.022 rows=1 loops=321885)
                                       Index Cond: (c_customer_sk = catalog_returns.cr_returning_customer_sk)
                                       Buffers: shared hit=1262020 read=248
                           ->  Memoize  (cost=0.29..0.31 rows=1 width=4) (actual time=0.001..0.001 rows=0 loops=315567)
                                 Cache Key: customer.c_current_hdemo_sk
                                 Cache Mode: logical
                                 Hits: 308368  Misses: 7199  Evictions: 0  Overflows: 0  Memory Usage: 521kB
                                 Buffers: shared hit=21594
                                 ->  Index Scan using household_demographics_pkey on household_demographics  (cost=0.28..0.30 rows=1 width=4) (actual time=0.013..0.013 rows=0 loops=7199)
                                       Index Cond: (hd_demo_sk = customer.c_current_hdemo_sk)
                                       Filter: (hd_buy_potential ~~ '>10000%'::text)
                                       Rows Removed by Filter: 1
                                       Buffers: shared hit=21594
                     ->  Index Scan using customer_demographics_pkey on customer_demographics  (cost=0.43..0.72 rows=1 width=4) (actual time=0.024..0.024 rows=0 loops=56234)
                           Index Cond: (cd_demo_sk = customer.c_current_cdemo_sk)
                           Filter: (((cd_marital_status = 'M'::bpchar) AND (cd_education_status = 'Unknown'::bpchar)) OR ((cd_marital_status = 'W'::bpchar) AND (cd_education_status = 'Advanced Degree'::bpchar)))
                           Rows Removed by Filter: 1
                           Buffers: shared hit=216120 read=4740
               ->  Index Scan using customer_address_pkey on customer_address  (cost=0.42..0.67 rows=1 width=4) (actual time=0.028..0.028 rows=1 loops=8471)
                     Index Cond: (ca_address_sk = customer.c_current_addr_sk)
                     Filter: (ca_gmt_offset = '-6'::numeric)
                     Rows Removed by Filter: 0
                     Buffers: shared hit=30291 read=3593
         ->  Hash  (cost=2.30..2.30 rows=30 width=48) (actual time=0.075..0.075 rows=30 loops=1)
               Buckets: 1024  Batches: 1  Memory Usage: 11kB
               Buffers: shared hit=2
               ->  Seq Scan on call_center  (cost=0.00..2.30 rows=30 width=48) (actual time=0.028..0.049 rows=30 loops=1)
                     Buffers: shared hit=2
 Planning:
   Buffers: shared hit=415
 Planning Time: 4.432 ms
 Execution Time: 14863.948 ms
(57 rows)

