                                                                                                  QUERY PLAN                                                                                                  
--------------------------------------------------------------------------------------------------------------------------------------------------------------------------------------------------------------
 Aggregate  (cost=716146.24..716146.25 rows=1 width=136) (actual time=6206.987..6206.995 rows=1 loops=1)
   Buffers: shared hit=213567 read=403171
   ->  Nested Loop  (cost=2571.83..716146.10 rows=9 width=58) (actual time=130.356..6206.832 rows=49 loops=1)
         Buffers: shared hit=213567 read=403171
         ->  Nested Loop  (cost=2571.69..716144.71 rows=9 width=18) (actual time=130.338..6205.421 rows=49 loops=1)
               Buffers: shared hit=213469 read=403171
               ->  Nested Loop  (cost=2571.27..716027.25 rows=164 width=22) (actual time=25.739..6181.715 rows=841 loops=1)
                     Buffers: shared hit=210283 read=403049
                     ->  Nested Loop  (cost=2570.84..715010.66 rows=1528 width=26) (actual time=25.519..6030.222 rows=5912 loops=1)
                           Buffers: shared hit=189850 read=399834
                           ->  Nested Loop  (cost=2570.55..712671.62 rows=9167 width=30) (actual time=25.373..5884.254 rows=34091 loops=1)
                                 Buffers: shared hit=169267 read=399834
                                 ->  Hash Join  (cost=2570.12..706541.62 rows=9167 width=22) (actual time=25.340..5075.344 rows=34783 loops=1)
                                       Hash Cond: (catalog_returns.cr_returned_date_sk = date_dim.d_date_sk)
                                       Buffers: shared hit=32937 read=399800
                                       ->  Seq Scan on catalog_returns  (cost=0.00..647267.12 rows=21600412 width=26) (actual time=0.057..3383.727 rows=21598628 loops=1)
                                             Buffers: shared hit=31463 read=399800
                                       ->  Hash  (cost=2569.73..2569.73 rows=31 width=4) (actual time=25.241..25.242 rows=31 loops=1)
                                             Buckets: 1024  Batches: 1  Memory Usage: 10kB
                                             Buffers: shared hit=1474
                                             ->  Seq Scan on date_dim  (cost=0.00..2569.73 rows=31 width=4) (actual time=16.675..25.228 rows=31 loops=1)
                                                   Filter: ((d_year = 1998) AND (d_moy = 3))
                                                   Rows Removed by Filter: 73018
                                                   Buffers: shared hit=1474
                                 ->  Index Scan using customer_pkey on customer  (cost=0.43..0.67 rows=1 width=16) (actual time=0.023..0.023 rows=1 loops=34783)
                                       Index Cond: (c_customer_sk = catalog_returns.cr_returning_customer_sk)
                                       Buffers: shared hit=136330 read=34
                           ->  Memoize  (cost=0.29..0.31 rows=1 width=4) (actual time=0.004..0.004 rows=0 loops=34091)
                                 Cache Key: customer.c_current_hdemo_sk
                                 Cache Mode: logical
                                 Hits: 27229  Misses: 6862  Evictions: 0  Overflows: 0  Memory Usage: 497kB
                                 Buffers: shared hit=20583
                                 ->  Index Scan using household_demographics_pkey on household_demographics  (cost=0.28..0.30 rows=1 width=4) (actual time=0.018..0.018 rows=0 loops=6862)
                                       Index Cond: (hd_demo_sk = customer.c_current_hdemo_sk)
                                       Filter: (hd_buy_potential ~~ 'Unknown%'::text)
                                       Rows Removed by Filter: 1
                                       Buffers: shared hit=20583
                     ->  Index Scan using customer_address_pkey on customer_address  (cost=0.42..0.67 rows=1 width=4) (actual time=0.025..0.025 rows=0 loops=5912)
                           Index Cond: (ca_address_sk = customer.c_current_addr_sk)
                           Filter: (ca_gmt_offset = '-7'::numeric)
                           Rows Removed by Filter: 1
                           Buffers: shared hit=20433 read=3215
               ->  Index Scan using customer_demographics_pkey on customer_demographics  (cost=0.43..0.72 rows=1 width=4) (actual time=0.028..0.028 rows=0 loops=841)
                     Index Cond: (cd_demo_sk = customer.c_current_cdemo_sk)
                     Filter: (((cd_marital_status = 'M'::bpchar) AND (cd_education_status = 'Unknown'::bpchar)) OR ((cd_marital_status = 'W'::bpchar) AND (cd_education_status = 'Advanced Degree'::bpchar)))
                     Rows Removed by Filter: 1
                     Buffers: shared hit=3186 read=122
         ->  Index Scan using call_center_pkey on call_center  (cost=0.14..0.16 rows=1 width=48) (actual time=0.027..0.027 rows=1 loops=49)
               Index Cond: (cc_call_center_sk = catalog_returns.cr_call_center_sk)
               Buffers: shared hit=98
 Planning:
   Buffers: shared hit=415
 Planning Time: 4.233 ms
 Execution Time: 6207.767 ms
(54 rows)

