                                                                                                     QUERY PLAN                                                                                                     
--------------------------------------------------------------------------------------------------------------------------------------------------------------------------------------------------------------------
 Aggregate  (cost=715921.76..715921.77 rows=1 width=136) (actual time=10201.889..10201.895 rows=1 loops=1)
   Buffers: shared hit=836263 read=427846
   ->  Hash Join  (cost=2574.36..715921.22 rows=36 width=58) (actual time=25.695..10200.887 rows=336 loops=1)
         Hash Cond: (catalog_returns.cr_call_center_sk = call_center.cc_call_center_sk)
         Buffers: shared hit=836263 read=427846
         ->  Nested Loop  (cost=2571.68..715918.44 rows=36 width=18) (actual time=25.642..10200.450 rows=338 loops=1)
               Buffers: shared hit=836261 read=427846
               ->  Nested Loop  (cost=2571.26..715863.88 rows=82 width=22) (actual time=25.618..10153.410 rows=1923 loops=1)
                     Buffers: shared hit=828772 read=427643
                     ->  Nested Loop  (cost=2570.83..714805.30 rows=1478 width=26) (actual time=13.710..9381.188 rows=27288 loops=1)
                           Buffers: shared hit=739806 read=409397
                           ->  Nested Loop  (cost=2570.54..712473.67 rows=8871 width=30) (actual time=13.424..9138.111 rows=173724 loops=1)
                                 Buffers: shared hit=718236 read=409397
                                 ->  Hash Join  (cost=2570.11..706541.60 rows=8871 width=22) (actual time=13.363..5033.405 rows=177321 loops=1)
                                       Hash Cond: (catalog_returns.cr_returned_date_sk = date_dim.d_date_sk)
                                       Buffers: shared hit=23389 read=409348
                                       ->  Seq Scan on catalog_returns  (cost=0.00..647267.12 rows=21600412 width=26) (actual time=0.018..3338.558 rows=21598628 loops=1)
                                             Buffers: shared hit=21915 read=409348
                                       ->  Hash  (cost=2569.73..2569.73 rows=30 width=4) (actual time=13.329..13.330 rows=30 loops=1)
                                             Buckets: 1024  Batches: 1  Memory Usage: 10kB
                                             Buffers: shared hit=1474
                                             ->  Seq Scan on date_dim  (cost=0.00..2569.73 rows=30 width=4) (actual time=6.768..13.316 rows=30 loops=1)
                                                   Filter: ((d_year = 1998) AND (d_moy = 6))
                                                   Rows Removed by Filter: 73019
                                                   Buffers: shared hit=1474
                                 ->  Index Scan using customer_pkey on customer  (cost=0.43..0.67 rows=1 width=16) (actual time=0.023..0.023 rows=1 loops=177321)
                                       Index Cond: (c_customer_sk = catalog_returns.cr_returning_customer_sk)
                                       Buffers: shared hit=694847 read=49
                           ->  Memoize  (cost=0.29..0.31 rows=1 width=4) (actual time=0.001..0.001 rows=0 loops=173724)
                                 Cache Key: customer.c_current_hdemo_sk
                                 Cache Mode: logical
                                 Hits: 166533  Misses: 7191  Evictions: 0  Overflows: 0  Memory Usage: 520kB
                                 Buffers: shared hit=21570
                                 ->  Index Scan using household_demographics_pkey on household_demographics  (cost=0.28..0.30 rows=1 width=4) (actual time=0.015..0.015 rows=0 loops=7191)
                                       Index Cond: (hd_demo_sk = customer.c_current_hdemo_sk)
                                       Filter: (hd_buy_potential ~~ '5001-10000%'::text)
                                       Rows Removed by Filter: 1
                                       Buffers: shared hit=21570
                     ->  Index Scan using customer_demographics_pkey on customer_demographics  (cost=0.43..0.72 rows=1 width=4) (actual time=0.028..0.028 rows=0 loops=27288)
                           Index Cond: (cd_demo_sk = customer.c_current_cdemo_sk)
                           Filter: (((cd_marital_status = 'M'::bpchar) AND (cd_education_status = 'Unknown'::bpchar)) OR ((cd_marital_status = 'W'::bpchar) AND (cd_education_status = 'Advanced Degree'::bpchar)))
                           Rows Removed by Filter: 1
                           Buffers: shared hit=88966 read=18246
               ->  Index Scan using customer_address_pkey on customer_address  (cost=0.42..0.67 rows=1 width=4) (actual time=0.024..0.024 rows=0 loops=1923)
                     Index Cond: (ca_address_sk = customer.c_current_addr_sk)
                     Filter: (ca_gmt_offset = '-6'::numeric)
                     Rows Removed by Filter: 1
                     Buffers: shared hit=7489 read=203
         ->  Hash  (cost=2.30..2.30 rows=30 width=48) (actual time=0.039..0.040 rows=30 loops=1)
               Buckets: 1024  Batches: 1  Memory Usage: 11kB
               Buffers: shared hit=2
               ->  Seq Scan on call_center  (cost=0.00..2.30 rows=30 width=48) (actual time=0.016..0.027 rows=30 loops=1)
                     Buffers: shared hit=2
 Planning:
   Buffers: shared hit=415
 Planning Time: 2.190 ms
 Execution Time: 10203.888 ms
(57 rows)

