                                                                                                     QUERY PLAN                                                                                                     
--------------------------------------------------------------------------------------------------------------------------------------------------------------------------------------------------------------------
 Aggregate  (cost=716164.96..716164.97 rows=1 width=136) (actual time=14670.614..14670.620 rows=1 loops=1)
   Buffers: shared hit=1530997 read=414270
   ->  Hash Join  (cost=2574.37..716164.39 rows=38 width=58) (actual time=2839.855..14668.798 rows=605 loops=1)
         Hash Cond: (catalog_returns.cr_call_center_sk = call_center.cc_call_center_sk)
         Buffers: shared hit=1530997 read=414270
         ->  Nested Loop  (cost=2571.69..716161.60 rows=38 width=18) (actual time=2839.778..14668.012 rows=611 loops=1)
               Buffers: shared hit=1530995 read=414270
               ->  Nested Loop  (cost=2571.27..716105.05 rows=85 width=22) (actual time=2837.487..14568.858 rows=3601 loops=1)
                     Buffers: shared hit=1517602 read=413259
                     ->  Nested Loop  (cost=2570.84..715010.66 rows=1528 width=26) (actual time=2815.392..13338.969 rows=50282 loops=1)
                           Buffers: shared hit=1326477 read=406644
                           ->  Nested Loop  (cost=2570.55..712671.62 rows=9167 width=30) (actual time=2805.392..12983.935 rows=319696 loops=1)
                                 Buffers: shared hit=1304877 read=406644
                                 ->  Hash Join  (cost=2570.12..706541.62 rows=9167 width=22) (actual time=2805.354..5521.699 rows=326115 loops=1)
                                       Hash Cond: (catalog_returns.cr_returned_date_sk = date_dim.d_date_sk)
                                       Buffers: shared hit=26168 read=406569
                                       ->  Seq Scan on catalog_returns  (cost=0.00..647267.12 rows=21600412 width=26) (actual time=0.036..3684.502 rows=21598628 loops=1)
                                             Buffers: shared hit=25257 read=406006
                                       ->  Hash  (cost=2569.73..2569.73 rows=31 width=4) (actual time=21.819..21.820 rows=31 loops=1)
                                             Buckets: 1024  Batches: 1  Memory Usage: 10kB
                                             Buffers: shared hit=911 read=563
                                             ->  Seq Scan on date_dim  (cost=0.00..2569.73 rows=31 width=4) (actual time=12.516..21.804 rows=31 loops=1)
                                                   Filter: ((d_year = 2002) AND (d_moy = 8))
                                                   Rows Removed by Filter: 73018
                                                   Buffers: shared hit=911 read=563
                                 ->  Index Scan using customer_pkey on customer  (cost=0.43..0.67 rows=1 width=16) (actual time=0.022..0.022 rows=1 loops=326115)
                                       Index Cond: (c_customer_sk = catalog_returns.cr_returning_customer_sk)
                                       Buffers: shared hit=1278709 read=75
                           ->  Memoize  (cost=0.29..0.31 rows=1 width=4) (actual time=0.001..0.001 rows=0 loops=319696)
                                 Cache Key: customer.c_current_hdemo_sk
                                 Cache Mode: logical
                                 Hits: 312495  Misses: 7201  Evictions: 0  Overflows: 0  Memory Usage: 521kB
                                 Buffers: shared hit=21600
                                 ->  Index Scan using household_demographics_pkey on household_demographics  (cost=0.28..0.30 rows=1 width=4) (actual time=0.016..0.016 rows=0 loops=7201)
                                       Index Cond: (hd_demo_sk = customer.c_current_hdemo_sk)
                                       Filter: (hd_buy_potential ~~ '5001-10000%'::text)
                                       Rows Removed by Filter: 1
                                       Buffers: shared hit=21600
                     ->  Index Scan using customer_demographics_pkey on customer_demographics  (cost=0.43..0.72 rows=1 width=4) (actual time=0.024..0.024 rows=0 loops=50282)
                           Index Cond: (cd_demo_sk = customer.c_current_cdemo_sk)
                           Filter: (((cd_marital_status = 'M'::bpchar) AND (cd_education_status = 'Unknown'::bpchar)) OR ((cd_marital_status = 'W'::bpchar) AND (cd_education_status = 'Advanced Degree'::bpchar)))
                           Rows Removed by Filter: 1
                           Buffers: shared hit=191125 read=6615
               ->  Index Scan using customer_address_pkey on customer_address  (cost=0.42..0.67 rows=1 width=4) (actual time=0.027..0.027 rows=0 loops=3601)
                     Index Cond: (ca_address_sk = customer.c_current_addr_sk)
                     Filter: (ca_gmt_offset = '-6'::numeric)
                     Rows Removed by Filter: 1
                     Buffers: shared hit=13393 read=1011
         ->  Hash  (cost=2.30..2.30 rows=30 width=48) (actual time=0.057..0.058 rows=30 loops=1)
               Buckets: 1024  Batches: 1  Memory Usage: 11kB
               Buffers: shared hit=2
               ->  Seq Scan on call_center  (cost=0.00..2.30 rows=30 width=48) (actual time=0.022..0.037 rows=30 loops=1)
                     Buffers: shared hit=2
 Planning:
   Buffers: shared hit=384 read=31
 Planning Time: 4.927 ms
 Execution Time: 14671.249 ms
(57 rows)

