                                                                                                  QUERY PLAN                                                                                                  
--------------------------------------------------------------------------------------------------------------------------------------------------------------------------------------------------------------
 Aggregate  (cost=715903.32..715903.33 rows=1 width=136) (actual time=11997.846..11997.852 rows=1 loops=1)
   Buffers: shared hit=1132091 read=416634
   ->  Nested Loop  (cost=2571.82..715903.18 rows=9 width=58) (actual time=1125.169..11996.254 rows=564 loops=1)
         Buffers: shared hit=1132091 read=416634
         ->  Nested Loop  (cost=2571.68..715901.79 rows=9 width=18) (actual time=1125.155..11988.511 rows=570 loops=1)
               Buffers: shared hit=1130963 read=416634
               ->  Nested Loop  (cost=2571.25..715788.62 rows=158 width=22) (actual time=1083.631..11859.390 rows=4791 loops=1)
                     Buffers: shared hit=1113629 read=415152
                     ->  Nested Loop  (cost=2570.83..714805.30 rows=1478 width=26) (actual time=1059.647..10941.623 rows=35703 loops=1)
                           Buffers: shared hit=979620 read=406349
                           ->  Nested Loop  (cost=2570.54..712473.67 rows=8871 width=30) (actual time=1059.622..10675.585 rows=232914 loops=1)
                                 Buffers: shared hit=958044 read=406349
                                 ->  Hash Join  (cost=2570.11..706541.60 rows=8871 width=22) (actual time=1059.576..5311.449 rows=237520 loops=1)
                                       Hash Cond: (catalog_returns.cr_returned_date_sk = date_dim.d_date_sk)
                                       Buffers: shared hit=26645 read=406092
                                       ->  Seq Scan on catalog_returns  (cost=0.00..647267.12 rows=21600412 width=26) (actual time=0.042..3501.903 rows=21598628 loops=1)
                                             Buffers: shared hit=25198 read=406065
                                       ->  Hash  (cost=2569.73..2569.73 rows=30 width=4) (actual time=20.623..20.624 rows=30 loops=1)
                                             Buckets: 1024  Batches: 1  Memory Usage: 10kB
                                             Buffers: shared hit=1447 read=27
                                             ->  Seq Scan on date_dim  (cost=0.00..2569.73 rows=30 width=4) (actual time=12.534..20.610 rows=30 loops=1)
                                                   Filter: ((d_year = 2000) AND (d_moy = 6))
                                                   Rows Removed by Filter: 73019
                                                   Buffers: shared hit=1447 read=27
                                 ->  Index Scan using customer_pkey on customer  (cost=0.43..0.67 rows=1 width=16) (actual time=0.022..0.022 rows=1 loops=237520)
                                       Index Cond: (c_customer_sk = catalog_returns.cr_returning_customer_sk)
                                       Buffers: shared hit=931399 read=257
                           ->  Memoize  (cost=0.29..0.31 rows=1 width=4) (actual time=0.001..0.001 rows=0 loops=232914)
                                 Cache Key: customer.c_current_hdemo_sk
                                 Cache Mode: logical
                                 Hits: 225721  Misses: 7193  Evictions: 0  Overflows: 0  Memory Usage: 520kB
                                 Buffers: shared hit=21576
                                 ->  Index Scan using household_demographics_pkey on household_demographics  (cost=0.28..0.30 rows=1 width=4) (actual time=0.013..0.013 rows=0 loops=7193)
                                       Index Cond: (hd_demo_sk = customer.c_current_hdemo_sk)
                                       Filter: (hd_buy_potential ~~ '0-500%'::text)
                                       Rows Removed by Filter: 1
                                       Buffers: shared hit=21576
                     ->  Index Scan using customer_address_pkey on customer_address  (cost=0.42..0.67 rows=1 width=4) (actual time=0.025..0.025 rows=0 loops=35703)
                           Index Cond: (ca_address_sk = customer.c_current_addr_sk)
                           Filter: (ca_gmt_offset = '-7'::numeric)
                           Rows Removed by Filter: 1
                           Buffers: shared hit=134009 read=8803
               ->  Index Scan using customer_demographics_pkey on customer_demographics  (cost=0.43..0.72 rows=1 width=4) (actual time=0.026..0.026 rows=0 loops=4791)
                     Index Cond: (cd_demo_sk = customer.c_current_cdemo_sk)
                     Filter: (((cd_marital_status = 'M'::bpchar) AND (cd_education_status = 'Unknown'::bpchar)) OR ((cd_marital_status = 'W'::bpchar) AND (cd_education_status = 'Advanced Degree'::bpchar)))
                     Rows Removed by Filter: 1
                     Buffers: shared hit=17334 read=1482
         ->  Index Scan using call_center_pkey on call_center  (cost=0.14..0.16 rows=1 width=48) (actual time=0.012..0.012 rows=1 loops=570)
               Index Cond: (cc_call_center_sk = catalog_returns.cr_call_center_sk)
               Buffers: shared hit=1128
 Planning:
   Buffers: shared hit=415
 Planning Time: 3.807 ms
 Execution Time: 11998.540 ms
(54 rows)

