                                                                                                  QUERY PLAN                                                                                                  
--------------------------------------------------------------------------------------------------------------------------------------------------------------------------------------------------------------
 Aggregate  (cost=716146.24..716146.25 rows=1 width=136) (actual time=12944.094..12944.100 rows=1 loops=1)
   Buffers: shared hit=1230742 read=425849
   ->  Nested Loop  (cost=2571.83..716146.10 rows=9 width=58) (actual time=1363.786..12942.402 rows=598 loops=1)
         Buffers: shared hit=1230742 read=425849
         ->  Nested Loop  (cost=2571.69..716144.71 rows=9 width=18) (actual time=1363.766..12933.261 rows=604 loops=1)
               Buffers: shared hit=1229546 read=425849
               ->  Nested Loop  (cost=2571.27..716027.25 rows=164 width=22) (actual time=1357.733..12822.270 rows=4452 loops=1)
                     Buffers: shared hit=1212795 read=425136
                     ->  Nested Loop  (cost=2570.84..715010.66 rows=1528 width=26) (actual time=1343.546..11746.993 rows=40299 loops=1)
                           Buffers: shared hit=1063583 read=413152
                           ->  Nested Loop  (cost=2570.55..712671.62 rows=9167 width=30) (actual time=1341.438..11433.701 rows=255601 loops=1)
                                 Buffers: shared hit=1041989 read=413152
                                 ->  Hash Join  (cost=2570.12..706541.62 rows=9167 width=22) (actual time=1341.387..5419.709 rows=260972 loops=1)
                                       Hash Cond: (catalog_returns.cr_returned_date_sk = date_dim.d_date_sk)
                                       Buffers: shared hit=19719 read=413018
                                       ->  Seq Scan on catalog_returns  (cost=0.00..647267.12 rows=21600412 width=26) (actual time=0.043..3592.776 rows=21598628 loops=1)
                                             Buffers: shared hit=18245 read=413018
                                       ->  Hash  (cost=2569.73..2569.73 rows=31 width=4) (actual time=19.051..19.052 rows=31 loops=1)
                                             Buckets: 1024  Batches: 1  Memory Usage: 10kB
                                             Buffers: shared hit=1474
                                             ->  Seq Scan on date_dim  (cost=0.00..2569.73 rows=31 width=4) (actual time=11.105..19.038 rows=31 loops=1)
                                                   Filter: ((d_year = 2000) AND (d_moy = 10))
                                                   Rows Removed by Filter: 73018
                                                   Buffers: shared hit=1474
                                 ->  Index Scan using customer_pkey on customer  (cost=0.43..0.67 rows=1 width=16) (actual time=0.022..0.022 rows=1 loops=260972)
                                       Index Cond: (c_customer_sk = catalog_returns.cr_returning_customer_sk)
                                       Buffers: shared hit=1022270 read=134
                           ->  Memoize  (cost=0.29..0.31 rows=1 width=4) (actual time=0.001..0.001 rows=0 loops=255601)
                                 Cache Key: customer.c_current_hdemo_sk
                                 Cache Mode: logical
                                 Hits: 248402  Misses: 7199  Evictions: 0  Overflows: 0  Memory Usage: 521kB
                                 Buffers: shared hit=21594
                                 ->  Index Scan using household_demographics_pkey on household_demographics  (cost=0.28..0.30 rows=1 width=4) (actual time=0.016..0.016 rows=0 loops=7199)
                                       Index Cond: (hd_demo_sk = customer.c_current_hdemo_sk)
                                       Filter: (hd_buy_potential ~~ '5001-10000%'::text)
                                       Rows Removed by Filter: 1
                                       Buffers: shared hit=21594
                     ->  Index Scan using customer_address_pkey on customer_address  (cost=0.42..0.67 rows=1 width=4) (actual time=0.026..0.026 rows=0 loops=40299)
                           Index Cond: (ca_address_sk = customer.c_current_addr_sk)
                           Filter: (ca_gmt_offset = '-7'::numeric)
                           Rows Removed by Filter: 1
                           Buffers: shared hit=149212 read=11984
               ->  Index Scan using customer_demographics_pkey on customer_demographics  (cost=0.43..0.72 rows=1 width=4) (actual time=0.024..0.024 rows=0 loops=4452)
                     Index Cond: (cd_demo_sk = customer.c_current_cdemo_sk)
                     Filter: (((cd_marital_status = 'M'::bpchar) AND (cd_education_status = 'Unknown'::bpchar)) OR ((cd_marital_status = 'W'::bpchar) AND (cd_education_status = 'Advanced Degree'::bpchar)))
                     Rows Removed by Filter: 1
                     Buffers: shared hit=16751 read=713
         ->  Index Scan using call_center_pkey on call_center  (cost=0.14..0.16 rows=1 width=48) (actual time=0.014..0.014 rows=1 loops=604)
               Index Cond: (cc_call_center_sk = catalog_returns.cr_call_center_sk)
               Buffers: shared hit=1196
 Planning:
   Buffers: shared hit=415
 Planning Time: 4.161 ms
 Execution Time: 12944.870 ms
(54 rows)

