                                                                                                     QUERY PLAN                                                                                                     
--------------------------------------------------------------------------------------------------------------------------------------------------------------------------------------------------------------------
 Aggregate  (cost=715679.29..715679.30 rows=1 width=136) (actual time=14544.349..14544.357 rows=1 loops=1)
   Buffers: shared hit=1489820 read=426178
   ->  Hash Join  (cost=2574.34..715678.77 rows=35 width=58) (actual time=3054.944..14536.556 rows=4381 loops=1)
         Hash Cond: (catalog_returns.cr_call_center_sk = call_center.cc_call_center_sk)
         Buffers: shared hit=1489820 read=426178
         ->  Nested Loop  (cost=2571.67..715675.99 rows=35 width=18) (actual time=3054.863..14533.526 rows=4429 loops=1)
               Buffers: shared hit=1489818 read=426178
               ->  Nested Loop  (cost=2571.24..715623.43 rows=79 width=22) (actual time=3054.829..14385.265 rows=5679 loops=1)
                     Buffers: shared hit=1468408 read=424872
                     ->  Nested Loop  (cost=2570.82..714599.95 rows=1429 width=26) (actual time=3052.702..13042.390 rows=52850 loops=1)
                           Buffers: shared hit=1281358 read=404402
                           ->  Nested Loop  (cost=2570.52..712275.72 rows=8575 width=30) (actual time=3043.183..12692.818 rows=307858 loops=1)
                                 Buffers: shared hit=1259767 read=404402
                                 ->  Hash Join  (cost=2570.10..706541.59 rows=8575 width=22) (actual time=3043.146..5497.857 rows=314133 loops=1)
                                       Hash Cond: (catalog_returns.cr_returned_date_sk = date_dim.d_date_sk)
                                       Buffers: shared hit=28561 read=404176
                                       ->  Seq Scan on catalog_returns  (cost=0.00..647267.12 rows=21600412 width=26) (actual time=0.200..3614.746 rows=21598628 loops=1)
                                             Buffers: shared hit=27087 read=404176
                                       ->  Hash  (cost=2569.73..2569.73 rows=29 width=4) (actual time=19.407..19.409 rows=30 loops=1)
                                             Buckets: 1024  Batches: 1  Memory Usage: 10kB
                                             Buffers: shared hit=1474
                                             ->  Seq Scan on date_dim  (cost=0.00..2569.73 rows=29 width=4) (actual time=11.191..19.391 rows=30 loops=1)
                                                   Filter: ((d_year = 2002) AND (d_moy = 11))
                                                   Rows Removed by Filter: 73019
                                                   Buffers: shared hit=1474
                                 ->  Index Scan using customer_pkey on customer  (cost=0.43..0.67 rows=1 width=16) (actual time=0.022..0.022 rows=1 loops=314133)
                                       Index Cond: (c_customer_sk = catalog_returns.cr_returning_customer_sk)
                                       Buffers: shared hit=1231206 read=226
                           ->  Memoize  (cost=0.29..0.31 rows=1 width=4) (actual time=0.001..0.001 rows=0 loops=307858)
                                 Cache Key: customer.c_current_hdemo_sk
                                 Cache Mode: logical
                                 Hits: 300660  Misses: 7198  Evictions: 0  Overflows: 0  Memory Usage: 521kB
                                 Buffers: shared hit=21591
                                 ->  Index Scan using household_demographics_pkey on household_demographics  (cost=0.28..0.30 rows=1 width=4) (actual time=0.016..0.016 rows=0 loops=7198)
                                       Index Cond: (hd_demo_sk = customer.c_current_hdemo_sk)
                                       Filter: (hd_buy_potential ~~ 'Unknown%'::text)
                                       Rows Removed by Filter: 1
                                       Buffers: shared hit=21591
                     ->  Index Scan using customer_demographics_pkey on customer_demographics  (cost=0.43..0.72 rows=1 width=4) (actual time=0.025..0.025 rows=0 loops=52850)
                           Index Cond: (cd_demo_sk = customer.c_current_cdemo_sk)
                           Filter: (((cd_marital_status = 'M'::bpchar) AND (cd_education_status = 'Unknown'::bpchar)) OR ((cd_marital_status = 'W'::bpchar) AND (cd_education_status = 'Advanced Degree'::bpchar)))
                           Rows Removed by Filter: 1
                           Buffers: shared hit=187050 read=20470
               ->  Index Scan using customer_address_pkey on customer_address  (cost=0.42..0.67 rows=1 width=4) (actual time=0.025..0.025 rows=1 loops=5679)
                     Index Cond: (ca_address_sk = customer.c_current_addr_sk)
                     Filter: (ca_gmt_offset = '-6'::numeric)
                     Rows Removed by Filter: 0
                     Buffers: shared hit=21410 read=1306
         ->  Hash  (cost=2.30..2.30 rows=30 width=48) (actual time=0.060..0.061 rows=30 loops=1)
               Buckets: 1024  Batches: 1  Memory Usage: 11kB
               Buffers: shared hit=2
               ->  Seq Scan on call_center  (cost=0.00..2.30 rows=30 width=48) (actual time=0.023..0.040 rows=30 loops=1)
                     Buffers: shared hit=2
 Planning:
   Buffers: shared hit=415
 Planning Time: 3.644 ms
 Execution Time: 14545.054 ms
(57 rows)

