                                                                                                  QUERY PLAN                                                                                                  
--------------------------------------------------------------------------------------------------------------------------------------------------------------------------------------------------------------
 Aggregate  (cost=715420.76..715420.77 rows=1 width=136) (actual time=12558.888..12558.895 rows=1 loops=1)
   Buffers: shared hit=1180790 read=423057
   ->  Nested Loop  (cost=2571.79..715420.64 rows=8 width=58) (actual time=995.286..12557.716 rows=373 loops=1)
         Buffers: shared hit=1180790 read=423057
         ->  Nested Loop  (cost=2571.66..715419.40 rows=8 width=18) (actual time=995.265..12552.854 rows=377 loops=1)
               Buffers: shared hit=1180044 read=423057
               ->  Nested Loop  (cost=2571.23..715313.40 rows=148 width=22) (actual time=940.107..12387.034 rows=6050 loops=1)
                     Buffers: shared hit=1157222 read=422103
                     ->  Nested Loop  (cost=2570.80..714395.28 rows=1380 width=26) (actual time=938.960..11372.872 rows=41144 loops=1)
                           Buffers: shared hit=1001799 read=412950
                           ->  Nested Loop  (cost=2570.51..712078.44 rows=8280 width=30) (actual time=936.819..11077.126 rows=240106 loops=1)
                                 Buffers: shared hit=980211 read=412950
                                 ->  Hash Join  (cost=2570.08..706541.58 rows=8280 width=22) (actual time=936.770..5390.245 rows=244928 loops=1)
                                       Hash Cond: (catalog_returns.cr_returned_date_sk = date_dim.d_date_sk)
                                       Buffers: shared hit=19851 read=412886
                                       ->  Seq Scan on catalog_returns  (cost=0.00..647267.12 rows=21600412 width=26) (actual time=0.042..3574.973 rows=21598628 loops=1)
                                             Buffers: shared hit=18377 read=412886
                                       ->  Hash  (cost=2569.73..2569.73 rows=28 width=4) (actual time=23.626..23.627 rows=29 loops=1)
                                             Buckets: 1024  Batches: 1  Memory Usage: 10kB
                                             Buffers: shared hit=1474
                                             ->  Seq Scan on date_dim  (cost=0.00..2569.73 rows=28 width=4) (actual time=10.494..23.611 rows=29 loops=1)
                                                   Filter: ((d_year = 2000) AND (d_moy = 2))
                                                   Rows Removed by Filter: 73020
                                                   Buffers: shared hit=1474
                                 ->  Index Scan using customer_pkey on customer  (cost=0.43..0.67 rows=1 width=16) (actual time=0.023..0.023 rows=1 loops=244928)
                                       Index Cond: (c_customer_sk = catalog_returns.cr_returning_customer_sk)
                                       Buffers: shared hit=960360 read=64
                           ->  Memoize  (cost=0.29..0.31 rows=1 width=4) (actual time=0.001..0.001 rows=0 loops=240106)
                                 Cache Key: customer.c_current_hdemo_sk
                                 Cache Mode: logical
                                 Hits: 232909  Misses: 7197  Evictions: 0  Overflows: 0  Memory Usage: 521kB
                                 Buffers: shared hit=21588
                                 ->  Index Scan using household_demographics_pkey on household_demographics  (cost=0.28..0.30 rows=1 width=4) (actual time=0.015..0.015 rows=0 loops=7197)
                                       Index Cond: (hd_demo_sk = customer.c_current_hdemo_sk)
                                       Filter: (hd_buy_potential ~~ 'Unknown%'::text)
                                       Rows Removed by Filter: 1
                                       Buffers: shared hit=21588
                     ->  Index Scan using customer_address_pkey on customer_address  (cost=0.42..0.67 rows=1 width=4) (actual time=0.024..0.024 rows=0 loops=41144)
                           Index Cond: (ca_address_sk = customer.c_current_addr_sk)
                           Filter: (ca_gmt_offset = '-7'::numeric)
                           Rows Removed by Filter: 1
                           Buffers: shared hit=155423 read=9153
               ->  Index Scan using customer_demographics_pkey on customer_demographics  (cost=0.43..0.72 rows=1 width=4) (actual time=0.027..0.027 rows=0 loops=6050)
                     Index Cond: (cd_demo_sk = customer.c_current_cdemo_sk)
                     Filter: (((cd_marital_status = 'M'::bpchar) AND (cd_education_status = 'Unknown'::bpchar)) OR ((cd_marital_status = 'W'::bpchar) AND (cd_education_status = 'Advanced Degree'::bpchar)))
                     Rows Removed by Filter: 1
                     Buffers: shared hit=22822 read=954
         ->  Index Scan using call_center_pkey on call_center  (cost=0.14..0.16 rows=1 width=48) (actual time=0.011..0.011 rows=1 loops=377)
               Index Cond: (cc_call_center_sk = catalog_returns.cr_call_center_sk)
               Buffers: shared hit=746
 Planning:
   Buffers: shared hit=415
 Planning Time: 4.412 ms
 Execution Time: 12559.710 ms
(54 rows)

