                                                                                                  QUERY PLAN                                                                                                  
--------------------------------------------------------------------------------------------------------------------------------------------------------------------------------------------------------------
 Aggregate  (cost=716146.24..716146.25 rows=1 width=136) (actual time=14628.634..14628.641 rows=1 loops=1)
   Buffers: shared hit=1497480 read=423220
   ->  Nested Loop  (cost=2571.83..716146.10 rows=9 width=58) (actual time=1860.402..14627.424 rows=359 loops=1)
         Buffers: shared hit=1497480 read=423220
         ->  Nested Loop  (cost=2571.69..716144.71 rows=9 width=18) (actual time=1860.384..14621.405 rows=362 loops=1)
               Buffers: shared hit=1496762 read=423220
               ->  Nested Loop  (cost=2571.27..716027.25 rows=164 width=22) (actual time=1851.845..14518.610 rows=3798 loops=1)
                     Buffers: shared hit=1482757 read=422321
                     ->  Nested Loop  (cost=2570.84..715010.66 rows=1528 width=26) (actual time=1836.917..13211.152 rows=51883 loops=1)
                           Buffers: shared hit=1286402 read=411144
                           ->  Nested Loop  (cost=2570.55..712671.62 rows=9167 width=30) (actual time=1829.671..12869.229 rows=310803 loops=1)
                                 Buffers: shared hit=1264805 read=411144
                                 ->  Hash Join  (cost=2570.12..706541.62 rows=9167 width=22) (actual time=1829.622..5542.243 rows=317153 loops=1)
                                       Hash Cond: (catalog_returns.cr_returned_date_sk = date_dim.d_date_sk)
                                       Buffers: shared hit=21853 read=410884
                                       ->  Seq Scan on catalog_returns  (cost=0.00..647267.12 rows=21600412 width=26) (actual time=0.050..3643.899 rows=21598628 loops=1)
                                             Buffers: shared hit=20379 read=410884
                                       ->  Hash  (cost=2569.73..2569.73 rows=31 width=4) (actual time=19.245..19.247 rows=31 loops=1)
                                             Buckets: 1024  Batches: 1  Memory Usage: 10kB
                                             Buffers: shared hit=1474
                                             ->  Seq Scan on date_dim  (cost=0.00..2569.73 rows=31 width=4) (actual time=10.519..19.228 rows=31 loops=1)
                                                   Filter: ((d_year = 2001) AND (d_moy = 7))
                                                   Rows Removed by Filter: 73018
                                                   Buffers: shared hit=1474
                                 ->  Index Scan using customer_pkey on customer  (cost=0.43..0.67 rows=1 width=16) (actual time=0.023..0.023 rows=1 loops=317153)
                                       Index Cond: (c_customer_sk = catalog_returns.cr_returning_customer_sk)
                                       Buffers: shared hit=1242952 read=260
                           ->  Memoize  (cost=0.29..0.31 rows=1 width=4) (actual time=0.001..0.001 rows=0 loops=310803)
                                 Cache Key: customer.c_current_hdemo_sk
                                 Cache Mode: logical
                                 Hits: 303603  Misses: 7200  Evictions: 0  Overflows: 0  Memory Usage: 521kB
                                 Buffers: shared hit=21597
                                 ->  Index Scan using household_demographics_pkey on household_demographics  (cost=0.28..0.30 rows=1 width=4) (actual time=0.015..0.015 rows=0 loops=7200)
                                       Index Cond: (hd_demo_sk = customer.c_current_hdemo_sk)
                                       Filter: (hd_buy_potential ~~ '501-1000%'::text)
                                       Rows Removed by Filter: 1
                                       Buffers: shared hit=21597
                     ->  Index Scan using customer_address_pkey on customer_address  (cost=0.42..0.67 rows=1 width=4) (actual time=0.025..0.025 rows=0 loops=51883)
                           Index Cond: (ca_address_sk = customer.c_current_addr_sk)
                           Filter: (ca_gmt_offset = '-7'::numeric)
                           Rows Removed by Filter: 1
                           Buffers: shared hit=196355 read=11177
               ->  Index Scan using customer_demographics_pkey on customer_demographics  (cost=0.43..0.72 rows=1 width=4) (actual time=0.027..0.027 rows=0 loops=3798)
                     Index Cond: (cd_demo_sk = customer.c_current_cdemo_sk)
                     Filter: (((cd_marital_status = 'M'::bpchar) AND (cd_education_status = 'Unknown'::bpchar)) OR ((cd_marital_status = 'W'::bpchar) AND (cd_education_status = 'Advanced Degree'::bpchar)))
                     Rows Removed by Filter: 1
                     Buffers: shared hit=14005 read=899
         ->  Index Scan using call_center_pkey on call_center  (cost=0.14..0.16 rows=1 width=48) (actual time=0.015..0.015 rows=1 loops=362)
               Index Cond: (cc_call_center_sk = catalog_returns.cr_call_center_sk)
               Buffers: shared hit=718
 Planning:
   Buffers: shared hit=415
 Planning Time: 4.425 ms
 Execution Time: 14629.455 ms
(54 rows)

