                                                                                                  QUERY PLAN                                                                                                  
--------------------------------------------------------------------------------------------------------------------------------------------------------------------------------------------------------------
 Aggregate  (cost=716146.24..716146.25 rows=1 width=136) (actual time=12627.820..12627.825 rows=1 loops=1)
   Buffers: shared hit=1232154 read=413006
   ->  Nested Loop  (cost=2571.83..716146.10 rows=9 width=58) (actual time=404.798..12626.571 rows=407 loops=1)
         Buffers: shared hit=1232154 read=413006
         ->  Nested Loop  (cost=2571.69..716144.71 rows=9 width=18) (actual time=404.784..12621.849 rows=411 loops=1)
               Buffers: shared hit=1231340 read=413006
               ->  Nested Loop  (cost=2571.27..716027.25 rows=164 width=22) (actual time=309.876..12447.012 rows=6216 loops=1)
                     Buffers: shared hit=1210858 read=409136
                     ->  Nested Loop  (cost=2570.84..715010.66 rows=1528 width=26) (actual time=309.841..11408.118 rows=42109 loops=1)
                           Buffers: shared hit=1048048 read=403510
                           ->  Nested Loop  (cost=2570.55..712671.62 rows=9167 width=30) (actual time=309.814..11116.732 rows=249306 loops=1)
                                 Buffers: shared hit=1026451 read=403510
                                 ->  Hash Join  (cost=2570.12..706541.62 rows=9167 width=22) (actual time=309.760..5285.179 rows=254456 loops=1)
                                       Hash Cond: (catalog_returns.cr_returned_date_sk = date_dim.d_date_sk)
                                       Buffers: shared hit=29443 read=403294
                                       ->  Seq Scan on catalog_returns  (cost=0.00..647267.12 rows=21600412 width=26) (actual time=0.026..3506.752 rows=21598628 loops=1)
                                             Buffers: shared hit=27969 read=403294
                                       ->  Hash  (cost=2569.73..2569.73 rows=31 width=4) (actual time=12.853..12.854 rows=31 loops=1)
                                             Buckets: 1024  Batches: 1  Memory Usage: 10kB
                                             Buffers: shared hit=1474
                                             ->  Seq Scan on date_dim  (cost=0.00..2569.73 rows=31 width=4) (actual time=6.951..12.843 rows=31 loops=1)
                                                   Filter: ((d_year = 1999) AND (d_moy = 3))
                                                   Rows Removed by Filter: 73018
                                                   Buffers: shared hit=1474
                                 ->  Index Scan using customer_pkey on customer  (cost=0.43..0.67 rows=1 width=16) (actual time=0.022..0.022 rows=1 loops=254456)
                                       Index Cond: (c_customer_sk = catalog_returns.cr_returning_customer_sk)
                                       Buffers: shared hit=997008 read=216
                           ->  Memoize  (cost=0.29..0.31 rows=1 width=4) (actual time=0.001..0.001 rows=0 loops=249306)
                                 Cache Key: customer.c_current_hdemo_sk
                                 Cache Mode: logical
                                 Hits: 242106  Misses: 7200  Evictions: 0  Overflows: 0  Memory Usage: 521kB
                                 Buffers: shared hit=21597
                                 ->  Index Scan using household_demographics_pkey on household_demographics  (cost=0.28..0.30 rows=1 width=4) (actual time=0.014..0.014 rows=0 loops=7200)
                                       Index Cond: (hd_demo_sk = customer.c_current_hdemo_sk)
                                       Filter: (hd_buy_potential ~~ 'Unknown%'::text)
                                       Rows Removed by Filter: 1
                                       Buffers: shared hit=21597
                     ->  Index Scan using customer_address_pkey on customer_address  (cost=0.42..0.67 rows=1 width=4) (actual time=0.024..0.024 rows=0 loops=42109)
                           Index Cond: (ca_address_sk = customer.c_current_addr_sk)
                           Filter: (ca_gmt_offset = '-7'::numeric)
                           Rows Removed by Filter: 1
                           Buffers: shared hit=162810 read=5626
               ->  Index Scan using customer_demographics_pkey on customer_demographics  (cost=0.43..0.72 rows=1 width=4) (actual time=0.028..0.028 rows=0 loops=6216)
                     Index Cond: (cd_demo_sk = customer.c_current_cdemo_sk)
                     Filter: (((cd_marital_status = 'M'::bpchar) AND (cd_education_status = 'Unknown'::bpchar)) OR ((cd_marital_status = 'W'::bpchar) AND (cd_education_status = 'Advanced Degree'::bpchar)))
                     Rows Removed by Filter: 1
                     Buffers: shared hit=20482 read=3870
         ->  Index Scan using call_center_pkey on call_center  (cost=0.14..0.16 rows=1 width=48) (actual time=0.010..0.010 rows=1 loops=411)
               Index Cond: (cc_call_center_sk = catalog_returns.cr_call_center_sk)
               Buffers: shared hit=814
 Planning:
   Buffers: shared hit=415
 Planning Time: 2.252 ms
 Execution Time: 12628.295 ms
(54 rows)

