                                                                                                  QUERY PLAN                                                                                                  
--------------------------------------------------------------------------------------------------------------------------------------------------------------------------------------------------------------
 Aggregate  (cost=715420.76..715420.77 rows=1 width=136) (actual time=13467.266..13467.273 rows=1 loops=1)
   Buffers: shared hit=1349613 read=416330
   ->  Nested Loop  (cost=2571.79..715420.64 rows=8 width=58) (actual time=1612.249..13465.316 rows=715 loops=1)
         Buffers: shared hit=1349613 read=416330
         ->  Nested Loop  (cost=2571.66..715419.40 rows=8 width=18) (actual time=1612.234..13456.071 rows=724 loops=1)
               Buffers: shared hit=1348183 read=416330
               ->  Nested Loop  (cost=2571.23..715313.40 rows=148 width=22) (actual time=1567.089..13312.124 rows=4899 loops=1)
                     Buffers: shared hit=1330426 read=414787
                     ->  Nested Loop  (cost=2570.80..714395.28 rows=1380 width=26) (actual time=1567.048..12227.525 rows=44288 loops=1)
                           Buffers: shared hit=1163653 read=404408
                           ->  Nested Loop  (cost=2570.51..712078.44 rows=8280 width=30) (actual time=1564.576..11918.991 rows=278431 loops=1)
                                 Buffers: shared hit=1142053 read=404408
                                 ->  Hash Join  (cost=2570.08..706541.58 rows=8280 width=22) (actual time=1564.530..5407.331 rows=283886 loops=1)
                                       Hash Cond: (catalog_returns.cr_returned_date_sk = date_dim.d_date_sk)
                                       Buffers: shared hit=28570 read=404167
                                       ->  Seq Scan on catalog_returns  (cost=0.00..647267.12 rows=21600412 width=26) (actual time=0.040..3571.445 rows=21598628 loops=1)
                                             Buffers: shared hit=27096 read=404167
                                       ->  Hash  (cost=2569.73..2569.73 rows=28 width=4) (actual time=19.024..19.025 rows=28 loops=1)
                                             Buckets: 1024  Batches: 1  Memory Usage: 9kB
                                             Buffers: shared hit=1474
                                             ->  Seq Scan on date_dim  (cost=0.00..2569.73 rows=28 width=4) (actual time=10.503..19.013 rows=28 loops=1)
                                                   Filter: ((d_year = 2001) AND (d_moy = 2))
                                                   Rows Removed by Filter: 73021
                                                   Buffers: shared hit=1474
                                 ->  Index Scan using customer_pkey on customer  (cost=0.43..0.67 rows=1 width=16) (actual time=0.022..0.022 rows=1 loops=283886)
                                       Index Cond: (c_customer_sk = catalog_returns.cr_returning_customer_sk)
                                       Buffers: shared hit=1113483 read=241
                           ->  Memoize  (cost=0.29..0.31 rows=1 width=4) (actual time=0.001..0.001 rows=0 loops=278431)
                                 Cache Key: customer.c_current_hdemo_sk
                                 Cache Mode: logical
                                 Hits: 271230  Misses: 7201  Evictions: 0  Overflows: 0  Memory Usage: 521kB
                                 Buffers: shared hit=21600
                                 ->  Index Scan using household_demographics_pkey on household_demographics  (cost=0.28..0.30 rows=1 width=4) (actual time=0.014..0.014 rows=0 loops=7201)
                                       Index Cond: (hd_demo_sk = customer.c_current_hdemo_sk)
                                       Filter: (hd_buy_potential ~~ '5001-10000%'::text)
                                       Rows Removed by Filter: 1
                                       Buffers: shared hit=21600
                     ->  Index Scan using customer_address_pkey on customer_address  (cost=0.42..0.67 rows=1 width=4) (actual time=0.024..0.024 rows=0 loops=44288)
                           Index Cond: (ca_address_sk = customer.c_current_addr_sk)
                           Filter: (ca_gmt_offset = '-7'::numeric)
                           Rows Removed by Filter: 1
                           Buffers: shared hit=166773 read=10379
               ->  Index Scan using customer_demographics_pkey on customer_demographics  (cost=0.43..0.72 rows=1 width=4) (actual time=0.029..0.029 rows=0 loops=4899)
                     Index Cond: (cd_demo_sk = customer.c_current_cdemo_sk)
                     Filter: (((cd_marital_status = 'M'::bpchar) AND (cd_education_status = 'Unknown'::bpchar)) OR ((cd_marital_status = 'W'::bpchar) AND (cd_education_status = 'Advanced Degree'::bpchar)))
                     Rows Removed by Filter: 1
                     Buffers: shared hit=17757 read=1543
         ->  Index Scan using call_center_pkey on call_center  (cost=0.14..0.16 rows=1 width=48) (actual time=0.011..0.011 rows=1 loops=724)
               Index Cond: (cc_call_center_sk = catalog_returns.cr_call_center_sk)
               Buffers: shared hit=1430
 Planning:
   Buffers: shared hit=415
 Planning Time: 4.489 ms
 Execution Time: 13468.106 ms
(54 rows)

