                                                                                                     QUERY PLAN                                                                                                     
--------------------------------------------------------------------------------------------------------------------------------------------------------------------------------------------------------------------
 Aggregate  (cost=715921.76..715921.77 rows=1 width=136) (actual time=14640.817..14640.824 rows=1 loops=1)
   Buffers: shared hit=1512507 read=408332
   ->  Hash Join  (cost=2574.36..715921.22 rows=36 width=58) (actual time=14640.812..14640.819 rows=0 loops=1)
         Hash Cond: (catalog_returns.cr_call_center_sk = call_center.cc_call_center_sk)
         Buffers: shared hit=1512507 read=408332
         ->  Nested Loop  (cost=2571.68..715918.44 rows=36 width=18) (actual time=14640.727..14640.733 rows=0 loops=1)
               Buffers: shared hit=1512505 read=408332
               ->  Nested Loop  (cost=2571.26..715863.88 rows=82 width=22) (actual time=2600.922..14578.355 rows=2105 loops=1)
                     Buffers: shared hit=1505545 read=406872
                     ->  Nested Loop  (cost=2570.83..714805.30 rows=1478 width=26) (actual time=2567.628..13405.112 rows=48550 loops=1)
                           Buffers: shared hit=1320964 read=401057
                           ->  Nested Loop  (cost=2570.54..712473.67 rows=8871 width=30) (actual time=2562.696..13074.924 rows=316921 loops=1)
                                 Buffers: shared hit=1299364 read=401057
                                 ->  Hash Join  (cost=2570.11..706541.60 rows=8871 width=22) (actual time=2562.655..5569.829 rows=323430 loops=1)
                                       Hash Cond: (catalog_returns.cr_returned_date_sk = date_dim.d_date_sk)
                                       Buffers: shared hit=32072 read=400665
                                       ->  Seq Scan on catalog_returns  (cost=0.00..647267.12 rows=21600412 width=26) (actual time=0.354..3650.987 rows=21598628 loops=1)
                                             Buffers: shared hit=30598 read=400665
                                       ->  Hash  (cost=2569.73..2569.73 rows=30 width=4) (actual time=20.453..20.454 rows=30 loops=1)
                                             Buckets: 1024  Batches: 1  Memory Usage: 10kB
                                             Buffers: shared hit=1474
                                             ->  Seq Scan on date_dim  (cost=0.00..2569.73 rows=30 width=4) (actual time=11.308..20.436 rows=30 loops=1)
                                                   Filter: ((d_year = 2002) AND (d_moy = 6))
                                                   Rows Removed by Filter: 73019
                                                   Buffers: shared hit=1474
                                 ->  Index Scan using customer_pkey on customer  (cost=0.43..0.67 rows=1 width=16) (actual time=0.023..0.023 rows=1 loops=323430)
                                       Index Cond: (c_customer_sk = catalog_returns.cr_returning_customer_sk)
                                       Buffers: shared hit=1267292 read=392
                           ->  Memoize  (cost=0.29..0.31 rows=1 width=4) (actual time=0.001..0.001 rows=0 loops=316921)
                                 Cache Key: customer.c_current_hdemo_sk
                                 Cache Mode: logical
                                 Hits: 309720  Misses: 7201  Evictions: 0  Overflows: 0  Memory Usage: 521kB
                                 Buffers: shared hit=21600
                                 ->  Index Scan using household_demographics_pkey on household_demographics  (cost=0.28..0.30 rows=1 width=4) (actual time=0.012..0.012 rows=0 loops=7201)
                                       Index Cond: (hd_demo_sk = customer.c_current_hdemo_sk)
                                       Filter: (hd_buy_potential ~~ '0-500%'::text)
                                       Rows Removed by Filter: 1
                                       Buffers: shared hit=21600
                     ->  Index Scan using customer_demographics_pkey on customer_demographics  (cost=0.43..0.72 rows=1 width=4) (actual time=0.024..0.024 rows=0 loops=48550)
                           Index Cond: (cd_demo_sk = customer.c_current_cdemo_sk)
                           Filter: (((cd_marital_status = 'M'::bpchar) AND (cd_education_status = 'Unknown'::bpchar)) OR ((cd_marital_status = 'W'::bpchar) AND (cd_education_status = 'Advanced Degree'::bpchar)))
                           Rows Removed by Filter: 1
                           Buffers: shared hit=184581 read=5815
               ->  Index Scan using customer_address_pkey on customer_address  (cost=0.42..0.67 rows=1 width=4) (actual time=0.029..0.029 rows=0 loops=2105)
                     Index Cond: (ca_address_sk = customer.c_current_addr_sk)
                     Filter: (ca_gmt_offset = '-6'::numeric)
                     Rows Removed by Filter: 1
                     Buffers: shared hit=6960 read=1460
         ->  Hash  (cost=2.30..2.30 rows=30 width=48) (actual time=0.064..0.065 rows=30 loops=1)
               Buckets: 1024  Batches: 1  Memory Usage: 11kB
               Buffers: shared hit=2
               ->  Seq Scan on call_center  (cost=0.00..2.30 rows=30 width=48) (actual time=0.025..0.041 rows=30 loops=1)
                     Buffers: shared hit=2
 Planning:
   Buffers: shared hit=415
 Planning Time: 4.395 ms
 Execution Time: 14641.510 ms
(57 rows)

