                                                                                                  QUERY PLAN                                                                                                  
--------------------------------------------------------------------------------------------------------------------------------------------------------------------------------------------------------------
 Aggregate  (cost=715903.32..715903.33 rows=1 width=136) (actual time=12425.181..12425.187 rows=1 loops=1)
   Buffers: shared hit=1204605 read=412260
   ->  Nested Loop  (cost=2571.82..715903.18 rows=9 width=58) (actual time=993.316..12423.473 rows=619 loops=1)
         Buffers: shared hit=1204605 read=412260
         ->  Nested Loop  (cost=2571.68..715901.79 rows=9 width=18) (actual time=993.301..12414.546 rows=625 loops=1)
               Buffers: shared hit=1203367 read=412260
               ->  Nested Loop  (cost=2571.25..715788.62 rows=158 width=22) (actual time=993.265..12282.867 rows=5038 loops=1)
                     Buffers: shared hit=1185780 read=410083
                     ->  Nested Loop  (cost=2570.83..714805.30 rows=1478 width=26) (actual time=992.905..11350.127 rows=37697 loops=1)
                           Buffers: shared hit=1039964 read=405111
                           ->  Nested Loop  (cost=2570.54..712473.67 rows=8871 width=30) (actual time=989.597..11054.048 rows=247689 loops=1)
                                 Buffers: shared hit=1018382 read=405111
                                 ->  Hash Join  (cost=2570.11..706541.60 rows=8871 width=22) (actual time=989.545..5241.098 rows=252693 loops=1)
                                       Hash Cond: (catalog_returns.cr_returned_date_sk = date_dim.d_date_sk)
                                       Buffers: shared hit=27762 read=404975
                                       ->  Seq Scan on catalog_returns  (cost=0.00..647267.12 rows=21600412 width=26) (actual time=0.051..3464.644 rows=21598628 loops=1)
                                             Buffers: shared hit=26288 read=404975
                                       ->  Hash  (cost=2569.73..2569.73 rows=30 width=4) (actual time=20.056..20.057 rows=31 loops=1)
                                             Buckets: 1024  Batches: 1  Memory Usage: 10kB
                                             Buffers: shared hit=1474
                                             ->  Seq Scan on date_dim  (cost=0.00..2569.73 rows=30 width=4) (actual time=11.177..20.041 rows=31 loops=1)
                                                   Filter: ((d_year = 2000) AND (d_moy = 5))
                                                   Rows Removed by Filter: 73018
                                                   Buffers: shared hit=1474
                                 ->  Index Scan using customer_pkey on customer  (cost=0.43..0.67 rows=1 width=16) (actual time=0.022..0.022 rows=1 loops=252693)
                                       Index Cond: (c_customer_sk = catalog_returns.cr_returning_customer_sk)
                                       Buffers: shared hit=990620 read=136
                           ->  Memoize  (cost=0.29..0.31 rows=1 width=4) (actual time=0.001..0.001 rows=0 loops=247689)
                                 Cache Key: customer.c_current_hdemo_sk
                                 Cache Mode: logical
                                 Hits: 240494  Misses: 7195  Evictions: 0  Overflows: 0  Memory Usage: 520kB
                                 Buffers: shared hit=21582
                                 ->  Index Scan using household_demographics_pkey on household_demographics  (cost=0.28..0.30 rows=1 width=4) (actual time=0.015..0.015 rows=0 loops=7195)
                                       Index Cond: (hd_demo_sk = customer.c_current_hdemo_sk)
                                       Filter: (hd_buy_potential ~~ '0-500%'::text)
                                       Rows Removed by Filter: 1
                                       Buffers: shared hit=21582
                     ->  Index Scan using customer_address_pkey on customer_address  (cost=0.42..0.67 rows=1 width=4) (actual time=0.024..0.024 rows=0 loops=37697)
                           Index Cond: (ca_address_sk = customer.c_current_addr_sk)
                           Filter: (ca_gmt_offset = '-7'::numeric)
                           Rows Removed by Filter: 1
                           Buffers: shared hit=145816 read=4972
               ->  Index Scan using customer_demographics_pkey on customer_demographics  (cost=0.43..0.72 rows=1 width=4) (actual time=0.026..0.026 rows=0 loops=5038)
                     Index Cond: (cd_demo_sk = customer.c_current_cdemo_sk)
                     Filter: (((cd_marital_status = 'M'::bpchar) AND (cd_education_status = 'Unknown'::bpchar)) OR ((cd_marital_status = 'W'::bpchar) AND (cd_education_status = 'Advanced Degree'::bpchar)))
                     Rows Removed by Filter: 1
                     Buffers: shared hit=17587 read=2177
         ->  Index Scan using call_center_pkey on call_center  (cost=0.14..0.16 rows=1 width=48) (actual time=0.013..0.013 rows=1 loops=625)
               Index Cond: (cc_call_center_sk = catalog_returns.cr_call_center_sk)
               Buffers: shared hit=1238
 Planning:
   Buffers: shared hit=415
 Planning Time: 4.529 ms
 Execution Time: 12426.029 ms
(54 rows)

