                                                                                                     QUERY PLAN                                                                                                     
--------------------------------------------------------------------------------------------------------------------------------------------------------------------------------------------------------------------
 Aggregate  (cost=715437.52..715437.53 rows=1 width=136) (actual time=12425.120..12425.127 rows=1 loops=1)
   Buffers: shared hit=1131066 read=423849
   ->  Hash Join  (cost=2574.33..715437.01 rows=34 width=58) (actual time=924.960..12420.708 rows=2129 loops=1)
         Hash Cond: (catalog_returns.cr_call_center_sk = call_center.cc_call_center_sk)
         Buffers: shared hit=1131066 read=423849
         ->  Nested Loop  (cost=2571.66..715434.23 rows=34 width=18) (actual time=924.849..12418.905 rows=2156 loops=1)
               Buffers: shared hit=1131064 read=423849
               ->  Nested Loop  (cost=2571.23..715383.67 rows=76 width=22) (actual time=924.813..12354.633 rows=2613 loops=1)
                     Buffers: shared hit=1121113 read=423348
                     ->  Nested Loop  (cost=2570.80..714395.28 rows=1380 width=26) (actual time=923.224..11495.406 rows=33059 loops=1)
                           Buffers: shared hit=1004353 read=410396
                           ->  Nested Loop  (cost=2570.51..712078.44 rows=8280 width=30) (actual time=921.414..11210.145 rows=240106 loops=1)
                                 Buffers: shared hit=982765 read=410396
                                 ->  Hash Join  (cost=2570.08..706541.58 rows=8280 width=22) (actual time=921.357..5443.042 rows=244928 loops=1)
                                       Hash Cond: (catalog_returns.cr_returned_date_sk = date_dim.d_date_sk)
                                       Buffers: shared hit=22470 read=410267
                                       ->  Seq Scan on catalog_returns  (cost=0.00..647267.12 rows=21600412 width=26) (actual time=0.160..3574.121 rows=21598628 loops=1)
                                             Buffers: shared hit=20996 read=410267
                                       ->  Hash  (cost=2569.73..2569.73 rows=28 width=4) (actual time=18.740..18.741 rows=29 loops=1)
                                             Buckets: 1024  Batches: 1  Memory Usage: 10kB
                                             Buffers: shared hit=1474
                                             ->  Seq Scan on date_dim  (cost=0.00..2569.73 rows=28 width=4) (actual time=10.303..18.719 rows=29 loops=1)
                                                   Filter: ((d_year = 2000) AND (d_moy = 2))
                                                   Rows Removed by Filter: 73020
                                                   Buffers: shared hit=1474
                                 ->  Index Scan using customer_pkey on customer  (cost=0.43..0.67 rows=1 width=16) (actual time=0.023..0.023 rows=1 loops=244928)
                                       Index Cond: (c_customer_sk = catalog_returns.cr_returning_customer_sk)
                                       Buffers: shared hit=960295 read=129
                           ->  Memoize  (cost=0.29..0.31 rows=1 width=4) (actual time=0.001..0.001 rows=0 loops=240106)
                                 Cache Key: customer.c_current_hdemo_sk
                                 Cache Mode: logical
                                 Hits: 232909  Misses: 7197  Evictions: 0  Overflows: 0  Memory Usage: 521kB
                                 Buffers: shared hit=21588
                                 ->  Index Scan using household_demographics_pkey on household_demographics  (cost=0.28..0.30 rows=1 width=4) (actual time=0.014..0.014 rows=0 loops=7197)
                                       Index Cond: (hd_demo_sk = customer.c_current_hdemo_sk)
                                       Filter: (hd_buy_potential ~~ '1001-5000%'::text)
                                       Rows Removed by Filter: 1
                                       Buffers: shared hit=21588
                     ->  Index Scan using customer_demographics_pkey on customer_demographics  (cost=0.43..0.72 rows=1 width=4) (actual time=0.026..0.026 rows=0 loops=33059)
                           Index Cond: (cd_demo_sk = customer.c_current_cdemo_sk)
                           Filter: (((cd_marital_status = 'M'::bpchar) AND (cd_education_status = 'Unknown'::bpchar)) OR ((cd_marital_status = 'W'::bpchar) AND (cd_education_status = 'Advanced Degree'::bpchar)))
                           Rows Removed by Filter: 1
                           Buffers: shared hit=116760 read=12952
               ->  Index Scan using customer_address_pkey on customer_address  (cost=0.42..0.67 rows=1 width=4) (actual time=0.024..0.024 rows=1 loops=2613)
                     Index Cond: (ca_address_sk = customer.c_current_addr_sk)
                     Filter: (ca_gmt_offset = '-6'::numeric)
                     Rows Removed by Filter: 0
                     Buffers: shared hit=9951 read=501
         ->  Hash  (cost=2.30..2.30 rows=30 width=48) (actual time=0.080..0.081 rows=30 loops=1)
               Buckets: 1024  Batches: 1  Memory Usage: 11kB
               Buffers: shared hit=2
               ->  Seq Scan on call_center  (cost=0.00..2.30 rows=30 width=48) (actual time=0.031..0.053 rows=30 loops=1)
                     Buffers: shared hit=2
 Planning:
   Buffers: shared hit=415
 Planning Time: 4.538 ms
 Execution Time: 12425.986 ms
(57 rows)

