                                                                                                  QUERY PLAN                                                                                                  
--------------------------------------------------------------------------------------------------------------------------------------------------------------------------------------------------------------
 Aggregate  (cost=715903.32..715903.33 rows=1 width=136) (actual time=16228.949..16228.955 rows=1 loops=1)
   Buffers: shared hit=1777674 read=420635
   ->  Nested Loop  (cost=2571.82..715903.18 rows=9 width=58) (actual time=2416.274..16227.558 rows=404 loops=1)
         Buffers: shared hit=1777674 read=420635
         ->  Nested Loop  (cost=2571.68..715901.79 rows=9 width=18) (actual time=2416.258..16222.374 rows=408 loops=1)
               Buffers: shared hit=1776866 read=420635
               ->  Nested Loop  (cost=2571.25..715788.62 rows=158 width=22) (actual time=2384.388..16106.326 rows=4486 loops=1)
                     Buffers: shared hit=1760386 read=419527
                     ->  Nested Loop  (cost=2570.83..714805.30 rows=1478 width=26) (actual time=2375.364..14501.601 rows=62359 loops=1)
                           Buffers: shared hit=1518407 read=412070
                           ->  Nested Loop  (cost=2570.54..712473.67 rows=8871 width=30) (actual time=2374.466..14120.676 rows=369035 loops=1)
                                 Buffers: shared hit=1496807 read=412070
                                 ->  Hash Join  (cost=2570.11..706541.60 rows=8871 width=22) (actual time=2374.410..5446.247 rows=376450 loops=1)
                                       Hash Cond: (catalog_returns.cr_returned_date_sk = date_dim.d_date_sk)
                                       Buffers: shared hit=20733 read=412004
                                       ->  Seq Scan on catalog_returns  (cost=0.00..647267.12 rows=21600412 width=26) (actual time=0.066..3532.475 rows=21598628 loops=1)
                                             Buffers: shared hit=20733 read=410530
                                       ->  Hash  (cost=2569.73..2569.73 rows=30 width=4) (actual time=33.656..33.657 rows=30 loops=1)
                                             Buckets: 1024  Batches: 1  Memory Usage: 10kB
                                             Buffers: shared read=1474
                                             ->  Seq Scan on date_dim  (cost=0.00..2569.73 rows=30 width=4) (actual time=20.294..33.633 rows=30 loops=1)
                                                   Filter: ((d_year = 2002) AND (d_moy = 4))
                                                   Rows Removed by Filter: 73019
                                                   Buffers: shared read=1474
                                 ->  Index Scan using customer_pkey on customer  (cost=0.43..0.67 rows=1 width=16) (actual time=0.022..0.022 rows=1 loops=376450)
                                       Index Cond: (c_customer_sk = catalog_returns.cr_returning_customer_sk)
                                       Buffers: shared hit=1476074 read=66
                           ->  Memoize  (cost=0.29..0.31 rows=1 width=4) (actual time=0.001..0.001 rows=0 loops=369035)
                                 Cache Key: customer.c_current_hdemo_sk
                                 Cache Mode: logical
                                 Hits: 361834  Misses: 7201  Evictions: 0  Overflows: 0  Memory Usage: 521kB
                                 Buffers: shared hit=21600
                                 ->  Index Scan using household_demographics_pkey on household_demographics  (cost=0.28..0.30 rows=1 width=4) (actual time=0.014..0.014 rows=0 loops=7201)
                                       Index Cond: (hd_demo_sk = customer.c_current_hdemo_sk)
                                       Filter: (hd_buy_potential ~~ '501-1000%'::text)
                                       Rows Removed by Filter: 1
                                       Buffers: shared hit=21600
                     ->  Index Scan using customer_address_pkey on customer_address  (cost=0.42..0.67 rows=1 width=4) (actual time=0.025..0.025 rows=0 loops=62359)
                           Index Cond: (ca_address_sk = customer.c_current_addr_sk)
                           Filter: (ca_gmt_offset = '-7'::numeric)
                           Rows Removed by Filter: 1
                           Buffers: shared hit=241979 read=7457
               ->  Index Scan using customer_demographics_pkey on customer_demographics  (cost=0.43..0.72 rows=1 width=4) (actual time=0.025..0.025 rows=0 loops=4486)
                     Index Cond: (cd_demo_sk = customer.c_current_cdemo_sk)
                     Filter: (((cd_marital_status = 'M'::bpchar) AND (cd_education_status = 'Unknown'::bpchar)) OR ((cd_marital_status = 'W'::bpchar) AND (cd_education_status = 'Advanced Degree'::bpchar)))
                     Rows Removed by Filter: 1
                     Buffers: shared hit=16480 read=1108
         ->  Index Scan using call_center_pkey on call_center  (cost=0.14..0.16 rows=1 width=48) (actual time=0.011..0.011 rows=1 loops=408)
               Index Cond: (cc_call_center_sk = catalog_returns.cr_call_center_sk)
               Buffers: shared hit=808
 Planning:
   Buffers: shared hit=384 read=31
 Planning Time: 6.563 ms
 Execution Time: 16229.853 ms
(54 rows)

