                                                                                                     QUERY PLAN                                                                                                     
--------------------------------------------------------------------------------------------------------------------------------------------------------------------------------------------------------------------
 Aggregate  (cost=715921.76..715921.77 rows=1 width=136) (actual time=10291.126..10291.133 rows=1 loops=1)
   Buffers: shared hit=862808 read=415357
   ->  Hash Join  (cost=2574.36..715921.22 rows=36 width=58) (actual time=34.909..10286.662 rows=2431 loops=1)
         Hash Cond: (catalog_returns.cr_call_center_sk = call_center.cc_call_center_sk)
         Buffers: shared hit=862808 read=415357
         ->  Nested Loop  (cost=2571.68..715918.44 rows=36 width=18) (actual time=34.815..10284.866 rows=2454 loops=1)
               Buffers: shared hit=862806 read=415357
               ->  Nested Loop  (cost=2571.26..715863.88 rows=82 width=22) (actual time=34.350..10205.100 rows=3175 loops=1)
                     Buffers: shared hit=850717 read=414746
                     ->  Nested Loop  (cost=2570.83..714805.30 rows=1478 width=26) (actual time=31.726..9482.515 rows=29567 loops=1)
                           Buffers: shared hit=739857 read=409346
                           ->  Nested Loop  (cost=2570.54..712473.67 rows=8871 width=30) (actual time=31.485..9234.831 rows=173724 loops=1)
                                 Buffers: shared hit=718287 read=409346
                                 ->  Hash Join  (cost=2570.11..706541.60 rows=8871 width=22) (actual time=31.417..5151.469 rows=177321 loops=1)
                                       Hash Cond: (catalog_returns.cr_returned_date_sk = date_dim.d_date_sk)
                                       Buffers: shared hit=23526 read=409211
                                       ->  Seq Scan on catalog_returns  (cost=0.00..647267.12 rows=21600412 width=26) (actual time=0.025..3417.536 rows=21598628 loops=1)
                                             Buffers: shared hit=22052 read=409211
                                       ->  Hash  (cost=2569.73..2569.73 rows=30 width=4) (actual time=31.360..31.361 rows=30 loops=1)
                                             Buckets: 1024  Batches: 1  Memory Usage: 10kB
                                             Buffers: shared hit=1474
                                             ->  Seq Scan on date_dim  (cost=0.00..2569.73 rows=30 width=4) (actual time=9.918..31.343 rows=30 loops=1)
                                                   Filter: ((d_year = 1998) AND (d_moy = 6))
                                                   Rows Removed by Filter: 73019
                                                   Buffers: shared hit=1474
                                 ->  Index Scan using customer_pkey on customer  (cost=0.43..0.67 rows=1 width=16) (actual time=0.022..0.022 rows=1 loops=177321)
                                       Index Cond: (c_customer_sk = catalog_returns.cr_returning_customer_sk)
                                       Buffers: shared hit=694761 read=135
                           ->  Memoize  (cost=0.29..0.31 rows=1 width=4) (actual time=0.001..0.001 rows=0 loops=173724)
                                 Cache Key: customer.c_current_hdemo_sk
                                 Cache Mode: logical
                                 Hits: 166533  Misses: 7191  Evictions: 0  Overflows: 0  Memory Usage: 520kB
                                 Buffers: shared hit=21570
                                 ->  Index Scan using household_demographics_pkey on household_demographics  (cost=0.28..0.30 rows=1 width=4) (actual time=0.016..0.016 rows=0 loops=7191)
                                       Index Cond: (hd_demo_sk = customer.c_current_hdemo_sk)
                                       Filter: (hd_buy_potential ~~ 'Unknown%'::text)
                                       Rows Removed by Filter: 1
                                       Buffers: shared hit=21570
                     ->  Index Scan using customer_demographics_pkey on customer_demographics  (cost=0.43..0.72 rows=1 width=4) (actual time=0.024..0.024 rows=0 loops=29567)
                           Index Cond: (cd_demo_sk = customer.c_current_cdemo_sk)
                           Filter: (((cd_marital_status = 'M'::bpchar) AND (cd_education_status = 'Unknown'::bpchar)) OR ((cd_marital_status = 'W'::bpchar) AND (cd_education_status = 'Advanced Degree'::bpchar)))
                           Rows Removed by Filter: 1
                           Buffers: shared hit=110860 read=5400
               ->  Index Scan using customer_address_pkey on customer_address  (cost=0.42..0.67 rows=1 width=4) (actual time=0.024..0.024 rows=1 loops=3175)
                     Index Cond: (ca_address_sk = customer.c_current_addr_sk)
                     Filter: (ca_gmt_offset = '-6'::numeric)
                     Rows Removed by Filter: 0
                     Buffers: shared hit=12089 read=611
         ->  Hash  (cost=2.30..2.30 rows=30 width=48) (actual time=0.068..0.069 rows=30 loops=1)
               Buckets: 1024  Batches: 1  Memory Usage: 11kB
               Buffers: shared hit=2
               ->  Seq Scan on call_center  (cost=0.00..2.30 rows=30 width=48) (actual time=0.026..0.045 rows=30 loops=1)
                     Buffers: shared hit=2
 Planning:
   Buffers: shared hit=415
 Planning Time: 4.167 ms
 Execution Time: 10292.837 ms
(57 rows)

