                                                                                                  QUERY PLAN                                                                                                  
--------------------------------------------------------------------------------------------------------------------------------------------------------------------------------------------------------------
 Aggregate  (cost=716146.24..716146.25 rows=1 width=136) (actual time=12705.303..12705.309 rows=1 loops=1)
   Buffers: shared hit=1197797 read=410993
   ->  Nested Loop  (cost=2571.83..716146.10 rows=9 width=58) (actual time=1363.732..12704.284 rows=272 loops=1)
         Buffers: shared hit=1197797 read=410993
         ->  Nested Loop  (cost=2571.69..716144.71 rows=9 width=18) (actual time=1363.710..12699.359 rows=275 loops=1)
               Buffers: shared hit=1197253 read=410993
               ->  Nested Loop  (cost=2571.27..716027.25 rows=164 width=22) (actual time=1302.189..12607.149 rows=2969 loops=1)
                     Buffers: shared hit=1187104 read=409474
                     ->  Nested Loop  (cost=2570.84..715010.66 rows=1528 width=26) (actual time=1298.037..11522.875 rows=40882 loops=1)
                           Buffers: shared hit=1028766 read=404284
                           ->  Nested Loop  (cost=2570.55..712671.62 rows=9167 width=30) (actual time=1296.372..11210.564 rows=244682 loops=1)
                                 Buffers: shared hit=1007181 read=404284
                                 ->  Hash Join  (cost=2570.12..706541.62 rows=9167 width=22) (actual time=1296.333..5328.464 rows=249569 loops=1)
                                       Hash Cond: (catalog_returns.cr_returned_date_sk = date_dim.d_date_sk)
                                       Buffers: shared hit=28678 read=404059
                                       ->  Seq Scan on catalog_returns  (cost=0.00..647267.12 rows=21600412 width=26) (actual time=0.029..3502.682 rows=21598628 loops=1)
                                             Buffers: shared hit=28143 read=403120
                                       ->  Hash  (cost=2569.73..2569.73 rows=31 width=4) (actual time=16.762..16.764 rows=31 loops=1)
                                             Buckets: 1024  Batches: 1  Memory Usage: 10kB
                                             Buffers: shared hit=535 read=939
                                             ->  Seq Scan on date_dim  (cost=0.00..2569.73 rows=31 width=4) (actual time=10.089..16.747 rows=31 loops=1)
                                                   Filter: ((d_year = 2000) AND (d_moy = 8))
                                                   Rows Removed by Filter: 73018
                                                   Buffers: shared hit=535 read=939
                                 ->  Index Scan using customer_pkey on customer  (cost=0.43..0.67 rows=1 width=16) (actual time=0.023..0.023 rows=1 loops=249569)
                                       Index Cond: (c_customer_sk = catalog_returns.cr_returning_customer_sk)
                                       Buffers: shared hit=978503 read=225
                           ->  Memoize  (cost=0.29..0.31 rows=1 width=4) (actual time=0.001..0.001 rows=0 loops=244682)
                                 Cache Key: customer.c_current_hdemo_sk
                                 Cache Mode: logical
                                 Hits: 237486  Misses: 7196  Evictions: 0  Overflows: 0  Memory Usage: 521kB
                                 Buffers: shared hit=21585
                                 ->  Index Scan using household_demographics_pkey on household_demographics  (cost=0.28..0.30 rows=1 width=4) (actual time=0.017..0.017 rows=0 loops=7196)
                                       Index Cond: (hd_demo_sk = customer.c_current_hdemo_sk)
                                       Filter: (hd_buy_potential ~~ '501-1000%'::text)
                                       Rows Removed by Filter: 1
                                       Buffers: shared hit=21585
                     ->  Index Scan using customer_address_pkey on customer_address  (cost=0.42..0.67 rows=1 width=4) (actual time=0.026..0.026 rows=0 loops=40882)
                           Index Cond: (ca_address_sk = customer.c_current_addr_sk)
                           Filter: (ca_gmt_offset = '-7'::numeric)
                           Rows Removed by Filter: 1
                           Buffers: shared hit=158338 read=5190
               ->  Index Scan using customer_demographics_pkey on customer_demographics  (cost=0.43..0.72 rows=1 width=4) (actual time=0.031..0.031 rows=0 loops=2969)
                     Index Cond: (cd_demo_sk = customer.c_current_cdemo_sk)
                     Filter: (((cd_marital_status = 'M'::bpchar) AND (cd_education_status = 'Unknown'::bpchar)) OR ((cd_marital_status = 'W'::bpchar) AND (cd_education_status = 'Advanced Degree'::bpchar)))
                     Rows Removed by Filter: 1
                     Buffers: shared hit=10149 read=1519
         ->  Index Scan using call_center_pkey on call_center  (cost=0.14..0.16 rows=1 width=48) (actual time=0.016..0.016 rows=1 loops=275)
               Index Cond: (cc_call_center_sk = catalog_returns.cr_call_center_sk)
               Buffers: shared hit=544
 Planning:
   Buffers: shared hit=384 read=31
 Planning Time: 2.222 ms
 Execution Time: 12705.739 ms
(54 rows)

