                                                                                                  QUERY PLAN                                                                                                  
--------------------------------------------------------------------------------------------------------------------------------------------------------------------------------------------------------------
 Aggregate  (cost=715903.32..715903.33 rows=1 width=136) (actual time=15308.286..15308.292 rows=1 loops=1)
   Buffers: shared hit=1619887 read=411067
   ->  Nested Loop  (cost=2571.82..715903.18 rows=9 width=58) (actual time=15308.282..15308.287 rows=0 loops=1)
         Buffers: shared hit=1619887 read=411067
         ->  Nested Loop  (cost=2571.68..715901.79 rows=9 width=18) (actual time=15308.281..15308.286 rows=0 loops=1)
               Buffers: shared hit=1619887 read=411067
               ->  Nested Loop  (cost=2571.25..715788.62 rows=158 width=22) (actual time=3132.170..15168.356 rows=5145 loops=1)
                     Buffers: shared hit=1603234 read=407492
                     ->  Nested Loop  (cost=2570.83..714805.30 rows=1478 width=26) (actual time=3125.060..14011.554 rows=46657 loops=1)
                           Buffers: shared hit=1422786 read=401312
                           ->  Nested Loop  (cost=2570.54..712473.67 rows=8871 width=30) (actual time=3123.490..13660.585 rows=342441 loops=1)
                                 Buffers: shared hit=1401189 read=401312
                                 ->  Hash Join  (cost=2570.11..706541.60 rows=8871 width=22) (actual time=3121.473..5660.715 rows=349495 loops=1)
                                       Hash Cond: (catalog_returns.cr_returned_date_sk = date_dim.d_date_sk)
                                       Buffers: shared hit=31654 read=401083
                                       ->  Seq Scan on catalog_returns  (cost=0.00..647267.12 rows=21600412 width=26) (actual time=0.039..3717.211 rows=21598628 loops=1)
                                             Buffers: shared hit=30180 read=401083
                                       ->  Hash  (cost=2569.73..2569.73 rows=30 width=4) (actual time=20.485..20.486 rows=31 loops=1)
                                             Buckets: 1024  Batches: 1  Memory Usage: 10kB
                                             Buffers: shared hit=1474
                                             ->  Seq Scan on date_dim  (cost=0.00..2569.73 rows=30 width=4) (actual time=11.280..20.470 rows=31 loops=1)
                                                   Filter: ((d_year = 2002) AND (d_moy = 12))
                                                   Rows Removed by Filter: 73018
                                                   Buffers: shared hit=1474
                                 ->  Index Scan using customer_pkey on customer  (cost=0.43..0.67 rows=1 width=16) (actual time=0.022..0.022 rows=1 loops=349495)
                                       Index Cond: (c_customer_sk = catalog_returns.cr_returning_customer_sk)
                                       Buffers: shared hit=1369535 read=229
                           ->  Memoize  (cost=0.29..0.31 rows=1 width=4) (actual time=0.001..0.001 rows=0 loops=342441)
                                 Cache Key: customer.c_current_hdemo_sk
                                 Cache Mode: logical
                                 Hits: 335241  Misses: 7200  Evictions: 0  Overflows: 0  Memory Usage: 521kB
                                 Buffers: shared hit=21597
                                 ->  Index Scan using household_demographics_pkey on household_demographics  (cost=0.28..0.30 rows=1 width=4) (actual time=0.013..0.013 rows=0 loops=7200)
                                       Index Cond: (hd_demo_sk = customer.c_current_hdemo_sk)
                                       Filter: (hd_buy_potential ~~ '1001-5000%'::text)
                                       Rows Removed by Filter: 1
                                       Buffers: shared hit=21597
                     ->  Index Scan using customer_address_pkey on customer_address  (cost=0.42..0.67 rows=1 width=4) (actual time=0.024..0.024 rows=0 loops=46657)
                           Index Cond: (ca_address_sk = customer.c_current_addr_sk)
                           Filter: (ca_gmt_offset = '-7'::numeric)
                           Rows Removed by Filter: 1
                           Buffers: shared hit=180448 read=6180
               ->  Index Scan using customer_demographics_pkey on customer_demographics  (cost=0.43..0.72 rows=1 width=4) (actual time=0.027..0.027 rows=0 loops=5145)
                     Index Cond: (cd_demo_sk = customer.c_current_cdemo_sk)
                     Filter: (((cd_marital_status = 'M'::bpchar) AND (cd_education_status = 'Unknown'::bpchar)) OR ((cd_marital_status = 'W'::bpchar) AND (cd_education_status = 'Advanced Degree'::bpchar)))
                     Rows Removed by Filter: 1
                     Buffers: shared hit=16653 read=3575
         ->  Index Scan using call_center_pkey on call_center  (cost=0.14..0.16 rows=1 width=48) (never executed)
               Index Cond: (cc_call_center_sk = catalog_returns.cr_call_center_sk)
 Planning:
   Buffers: shared hit=415
 Planning Time: 4.179 ms
 Execution Time: 15309.076 ms
(53 rows)

