                                                                                                     QUERY PLAN                                                                                                     
--------------------------------------------------------------------------------------------------------------------------------------------------------------------------------------------------------------------
 Aggregate  (cost=715921.76..715921.77 rows=1 width=136) (actual time=10970.626..10970.633 rows=1 loops=1)
   Buffers: shared hit=939371 read=430955
   ->  Hash Join  (cost=2574.36..715921.22 rows=36 width=58) (actual time=10970.622..10970.629 rows=0 loops=1)
         Hash Cond: (catalog_returns.cr_call_center_sk = call_center.cc_call_center_sk)
         Buffers: shared hit=939371 read=430955
         ->  Nested Loop  (cost=2571.68..715918.44 rows=36 width=18) (actual time=10970.563..10970.567 rows=0 loops=1)
               Buffers: shared hit=939369 read=430955
               ->  Nested Loop  (cost=2571.26..715863.88 rows=82 width=22) (actual time=630.080..10935.574 rows=1370 loops=1)
                     Buffers: shared hit=934035 read=430809
                     ->  Nested Loop  (cost=2570.83..714805.30 rows=1478 width=26) (actual time=601.644..10105.427 rows=30343 loops=1)
                           Buffers: shared hit=834032 read=411908
                           ->  Nested Loop  (cost=2570.54..712473.67 rows=8871 width=30) (actual time=596.894..9846.433 rows=197906 loops=1)
                                 Buffers: shared hit=812453 read=411908
                                 ->  Hash Join  (cost=2570.11..706541.60 rows=8871 width=22) (actual time=596.849..5235.414 rows=201935 loops=1)
                                       Hash Cond: (catalog_returns.cr_returned_date_sk = date_dim.d_date_sk)
                                       Buffers: shared hit=20899 read=411838
                                       ->  Seq Scan on catalog_returns  (cost=0.00..647267.12 rows=21600412 width=26) (actual time=0.230..3486.186 rows=21598628 loops=1)
                                             Buffers: shared hit=19425 read=411838
                                       ->  Hash  (cost=2569.73..2569.73 rows=30 width=4) (actual time=14.210..14.211 rows=30 loops=1)
                                             Buckets: 1024  Batches: 1  Memory Usage: 10kB
                                             Buffers: shared hit=1474
                                             ->  Seq Scan on date_dim  (cost=0.00..2569.73 rows=30 width=4) (actual time=7.275..14.196 rows=30 loops=1)
                                                   Filter: ((d_year = 1999) AND (d_moy = 9))
                                                   Rows Removed by Filter: 73019
                                                   Buffers: shared hit=1474
                                 ->  Index Scan using customer_pkey on customer  (cost=0.43..0.67 rows=1 width=16) (actual time=0.022..0.022 rows=1 loops=201935)
                                       Index Cond: (c_customer_sk = catalog_returns.cr_returning_customer_sk)
                                       Buffers: shared hit=791554 read=70
                           ->  Memoize  (cost=0.29..0.31 rows=1 width=4) (actual time=0.001..0.001 rows=0 loops=197906)
                                 Cache Key: customer.c_current_hdemo_sk
                                 Cache Mode: logical
                                 Hits: 190712  Misses: 7194  Evictions: 0  Overflows: 0  Memory Usage: 520kB
                                 Buffers: shared hit=21579
                                 ->  Index Scan using household_demographics_pkey on household_demographics  (cost=0.28..0.30 rows=1 width=4) (actual time=0.015..0.015 rows=0 loops=7194)
                                       Index Cond: (hd_demo_sk = customer.c_current_hdemo_sk)
                                       Filter: (hd_buy_potential ~~ '0-500%'::text)
                                       Rows Removed by Filter: 1
                                       Buffers: shared hit=21579
                     ->  Index Scan using customer_demographics_pkey on customer_demographics  (cost=0.43..0.72 rows=1 width=4) (actual time=0.027..0.027 rows=0 loops=30343)
                           Index Cond: (cd_demo_sk = customer.c_current_cdemo_sk)
                           Filter: (((cd_marital_status = 'M'::bpchar) AND (cd_education_status = 'Unknown'::bpchar)) OR ((cd_marital_status = 'W'::bpchar) AND (cd_education_status = 'Advanced Degree'::bpchar)))
                           Rows Removed by Filter: 1
                           Buffers: shared hit=100003 read=18901
               ->  Index Scan using customer_address_pkey on customer_address  (cost=0.42..0.67 rows=1 width=4) (actual time=0.025..0.025 rows=0 loops=1370)
                     Index Cond: (ca_address_sk = customer.c_current_addr_sk)
                     Filter: (ca_gmt_offset = '-6'::numeric)
                     Rows Removed by Filter: 1
                     Buffers: shared hit=5334 read=146
         ->  Hash  (cost=2.30..2.30 rows=30 width=48) (actual time=0.045..0.046 rows=30 loops=1)
               Buckets: 1024  Batches: 1  Memory Usage: 11kB
               Buffers: shared hit=2
               ->  Seq Scan on call_center  (cost=0.00..2.30 rows=30 width=48) (actual time=0.017..0.030 rows=30 loops=1)
                     Buffers: shared hit=2
 Planning:
   Buffers: shared hit=415
 Planning Time: 2.518 ms
 Execution Time: 10971.160 ms
(57 rows)

