                                                                                                  QUERY PLAN                                                                                                  
--------------------------------------------------------------------------------------------------------------------------------------------------------------------------------------------------------------
 Aggregate  (cost=715903.32..715903.33 rows=1 width=136) (actual time=13441.165..13441.171 rows=1 loops=1)
   Buffers: shared hit=1348695 read=411063
   ->  Nested Loop  (cost=2571.82..715903.18 rows=9 width=58) (actual time=469.017..13439.122 rows=715 loops=1)
         Buffers: shared hit=1348695 read=411063
         ->  Nested Loop  (cost=2571.68..715901.79 rows=9 width=18) (actual time=469.004..13427.444 rows=727 loops=1)
               Buffers: shared hit=1347265 read=411063
               ->  Nested Loop  (cost=2571.25..715788.62 rows=158 width=22) (actual time=468.977..13284.650 rows=5588 loops=1)
                     Buffers: shared hit=1326187 read=410157
                     ->  Nested Loop  (cost=2570.83..714805.30 rows=1478 width=26) (actual time=457.362..12248.250 rows=42447 loops=1)
                           Buffers: shared hit=1161980 read=404576
                           ->  Nested Loop  (cost=2570.54..712473.67 rows=8871 width=30) (actual time=455.657..11930.217 rows=278057 loops=1)
                                 Buffers: shared hit=1140389 read=404576
                                 ->  Hash Join  (cost=2570.11..706541.60 rows=8871 width=22) (actual time=455.614..5406.665 rows=283720 loops=1)
                                       Hash Cond: (catalog_returns.cr_returned_date_sk = date_dim.d_date_sk)
                                       Buffers: shared hit=28275 read=404462
                                       ->  Seq Scan on catalog_returns  (cost=0.00..647267.12 rows=21600412 width=26) (actual time=0.025..3555.232 rows=21598628 loops=1)
                                             Buffers: shared hit=26801 read=404462
                                       ->  Hash  (cost=2569.73..2569.73 rows=30 width=4) (actual time=22.115..22.116 rows=31 loops=1)
                                             Buckets: 1024  Batches: 1  Memory Usage: 10kB
                                             Buffers: shared hit=1474
                                             ->  Seq Scan on date_dim  (cost=0.00..2569.73 rows=30 width=4) (actual time=11.425..22.104 rows=31 loops=1)
                                                   Filter: ((d_year = 1999) AND (d_moy = 5))
                                                   Rows Removed by Filter: 73018
                                                   Buffers: shared hit=1474
                                 ->  Index Scan using customer_pkey on customer  (cost=0.43..0.67 rows=1 width=16) (actual time=0.022..0.022 rows=1 loops=283720)
                                       Index Cond: (c_customer_sk = catalog_returns.cr_returning_customer_sk)
                                       Buffers: shared hit=1112114 read=114
                           ->  Memoize  (cost=0.29..0.31 rows=1 width=4) (actual time=0.001..0.001 rows=0 loops=278057)
                                 Cache Key: customer.c_current_hdemo_sk
                                 Cache Mode: logical
                                 Hits: 270859  Misses: 7198  Evictions: 0  Overflows: 0  Memory Usage: 521kB
                                 Buffers: shared hit=21591
                                 ->  Index Scan using household_demographics_pkey on household_demographics  (cost=0.28..0.30 rows=1 width=4) (actual time=0.015..0.015 rows=0 loops=7198)
                                       Index Cond: (hd_demo_sk = customer.c_current_hdemo_sk)
                                       Filter: (hd_buy_potential ~~ '0-500%'::text)
                                       Rows Removed by Filter: 1
                                       Buffers: shared hit=21591
                     ->  Index Scan using customer_address_pkey on customer_address  (cost=0.42..0.67 rows=1 width=4) (actual time=0.024..0.024 rows=0 loops=42447)
                           Index Cond: (ca_address_sk = customer.c_current_addr_sk)
                           Filter: (ca_gmt_offset = '-7'::numeric)
                           Rows Removed by Filter: 1
                           Buffers: shared hit=164207 read=5581
               ->  Index Scan using customer_demographics_pkey on customer_demographics  (cost=0.43..0.72 rows=1 width=4) (actual time=0.025..0.025 rows=0 loops=5588)
                     Index Cond: (cd_demo_sk = customer.c_current_cdemo_sk)
                     Filter: (((cd_marital_status = 'M'::bpchar) AND (cd_education_status = 'Unknown'::bpchar)) OR ((cd_marital_status = 'W'::bpchar) AND (cd_education_status = 'Advanced Degree'::bpchar)))
                     Rows Removed by Filter: 1
                     Buffers: shared hit=21078 read=906
         ->  Index Scan using call_center_pkey on call_center  (cost=0.14..0.16 rows=1 width=48) (actual time=0.015..0.015 rows=1 loops=727)
               Index Cond: (cc_call_center_sk = catalog_returns.cr_call_center_sk)
               Buffers: shared hit=1430
 Planning:
   Buffers: shared hit=415
 Planning Time: 1.998 ms
 Execution Time: 13441.592 ms
(54 rows)

