                                                                                                     QUERY PLAN                                                                                                     
--------------------------------------------------------------------------------------------------------------------------------------------------------------------------------------------------------------------
 Aggregate  (cost=716164.96..716164.97 rows=1 width=136) (actual time=12694.956..12694.964 rows=1 loops=1)
   Buffers: shared hit=1214641 read=416435
   ->  Hash Join  (cost=2574.37..716164.39 rows=38 width=58) (actual time=1238.764..12688.439 rows=3534 loops=1)
         Hash Cond: (catalog_returns.cr_call_center_sk = call_center.cc_call_center_sk)
         Buffers: shared hit=1214641 read=416435
         ->  Nested Loop  (cost=2571.69..716161.60 rows=38 width=18) (actual time=1238.681..12685.787 rows=3575 loops=1)
               Buffers: shared hit=1214639 read=416435
               ->  Nested Loop  (cost=2571.27..716105.05 rows=85 width=22) (actual time=1236.998..12504.417 rows=6594 loops=1)
                     Buffers: shared hit=1190504 read=414194
                     ->  Nested Loop  (cost=2570.84..715010.66 rows=1528 width=26) (actual time=1230.982..11429.676 rows=43678 loops=1)
                           Buffers: shared hit=1023820 read=409230
                           ->  Nested Loop  (cost=2570.55..712671.62 rows=9167 width=30) (actual time=1230.954..11120.019 rows=244682 loops=1)
                                 Buffers: shared hit=1002235 read=409230
                                 ->  Hash Join  (cost=2570.12..706541.62 rows=9167 width=22) (actual time=1230.901..5311.252 rows=249569 loops=1)
                                       Hash Cond: (catalog_returns.cr_returned_date_sk = date_dim.d_date_sk)
                                       Buffers: shared hit=23854 read=408883
                                       ->  Seq Scan on catalog_returns  (cost=0.00..647267.12 rows=21600412 width=26) (actual time=0.035..3564.676 rows=21598628 loops=1)
                                             Buffers: shared hit=23112 read=408151
                                       ->  Hash  (cost=2569.73..2569.73 rows=31 width=4) (actual time=21.142..21.143 rows=31 loops=1)
                                             Buckets: 1024  Batches: 1  Memory Usage: 10kB
                                             Buffers: shared hit=742 read=732
                                             ->  Seq Scan on date_dim  (cost=0.00..2569.73 rows=31 width=4) (actual time=11.953..21.129 rows=31 loops=1)
                                                   Filter: ((d_year = 2000) AND (d_moy = 8))
                                                   Rows Removed by Filter: 73018
                                                   Buffers: shared hit=742 read=732
                                 ->  Index Scan using customer_pkey on customer  (cost=0.43..0.67 rows=1 width=16) (actual time=0.023..0.023 rows=1 loops=249569)
                                       Index Cond: (c_customer_sk = catalog_returns.cr_returning_customer_sk)
                                       Buffers: shared hit=978381 read=347
                           ->  Memoize  (cost=0.29..0.31 rows=1 width=4) (actual time=0.001..0.001 rows=0 loops=244682)
                                 Cache Key: customer.c_current_hdemo_sk
                                 Cache Mode: logical
                                 Hits: 237486  Misses: 7196  Evictions: 0  Overflows: 0  Memory Usage: 520kB
                                 Buffers: shared hit=21585
                                 ->  Index Scan using household_demographics_pkey on household_demographics  (cost=0.28..0.30 rows=1 width=4) (actual time=0.017..0.017 rows=0 loops=7196)
                                       Index Cond: (hd_demo_sk = customer.c_current_hdemo_sk)
                                       Filter: (hd_buy_potential ~~ '>10000%'::text)
                                       Rows Removed by Filter: 1
                                       Buffers: shared hit=21585
                     ->  Index Scan using customer_demographics_pkey on customer_demographics  (cost=0.43..0.72 rows=1 width=4) (actual time=0.024..0.024 rows=0 loops=43678)
                           Index Cond: (cd_demo_sk = customer.c_current_cdemo_sk)
                           Filter: (((cd_marital_status = 'M'::bpchar) AND (cd_education_status = 'Unknown'::bpchar)) OR ((cd_marital_status = 'W'::bpchar) AND (cd_education_status = 'Advanced Degree'::bpchar)))
                           Rows Removed by Filter: 1
                           Buffers: shared hit=166684 read=4964
               ->  Index Scan using customer_address_pkey on customer_address  (cost=0.42..0.67 rows=1 width=4) (actual time=0.027..0.027 rows=1 loops=6594)
                     Index Cond: (ca_address_sk = customer.c_current_addr_sk)
                     Filter: (ca_gmt_offset = '-6'::numeric)
                     Rows Removed by Filter: 0
                     Buffers: shared hit=24135 read=2241
         ->  Hash  (cost=2.30..2.30 rows=30 width=48) (actual time=0.062..0.063 rows=30 loops=1)
               Buckets: 1024  Batches: 1  Memory Usage: 11kB
               Buffers: shared hit=2
               ->  Seq Scan on call_center  (cost=0.00..2.30 rows=30 width=48) (actual time=0.023..0.039 rows=30 loops=1)
                     Buffers: shared hit=2
 Planning:
   Buffers: shared hit=384 read=31
 Planning Time: 4.313 ms
 Execution Time: 12695.632 ms
(57 rows)

