                                                                                                  QUERY PLAN                                                                                                  
--------------------------------------------------------------------------------------------------------------------------------------------------------------------------------------------------------------
 Aggregate  (cost=715903.32..715903.33 rows=1 width=136) (actual time=10712.758..10712.764 rows=1 loops=1)
   Buffers: shared hit=920687 read=423038
   ->  Nested Loop  (cost=2571.82..715903.18 rows=9 width=58) (actual time=10712.753..10712.759 rows=0 loops=1)
         Buffers: shared hit=920687 read=423038
         ->  Nested Loop  (cost=2571.68..715901.79 rows=9 width=18) (actual time=10712.753..10712.758 rows=0 loops=1)
               Buffers: shared hit=920687 read=423038
               ->  Nested Loop  (cost=2571.25..715788.62 rows=158 width=22) (actual time=208.864..10645.121 rows=2834 loops=1)
                     Buffers: shared hit=909786 read=422799
                     ->  Nested Loop  (cost=2570.83..714805.30 rows=1478 width=26) (actual time=200.701..9961.586 rows=26275 loops=1)
                           Buffers: shared hit=817384 read=410101
                           ->  Nested Loop  (cost=2570.54..712473.67 rows=8871 width=30) (actual time=183.782..9719.857 rows=193296 loops=1)
                                 Buffers: shared hit=795820 read=410101
                                 ->  Hash Join  (cost=2570.11..706541.60 rows=8871 width=22) (actual time=183.728..5250.511 rows=197234 loops=1)
                                       Hash Cond: (catalog_returns.cr_returned_date_sk = date_dim.d_date_sk)
                                       Buffers: shared hit=22704 read=410033
                                       ->  Seq Scan on catalog_returns  (cost=0.00..647267.12 rows=21600412 width=26) (actual time=0.049..3499.238 rows=21598628 loops=1)
                                             Buffers: shared hit=21230 read=410033
                                       ->  Hash  (cost=2569.73..2569.73 rows=30 width=4) (actual time=28.484..28.485 rows=31 loops=1)
                                             Buckets: 1024  Batches: 1  Memory Usage: 10kB
                                             Buffers: shared hit=1474
                                             ->  Seq Scan on date_dim  (cost=0.00..2569.73 rows=30 width=4) (actual time=17.136..28.468 rows=31 loops=1)
                                                   Filter: ((d_year = 1998) AND (d_moy = 12))
                                                   Rows Removed by Filter: 73018
                                                   Buffers: shared hit=1474
                                 ->  Index Scan using customer_pkey on customer  (cost=0.43..0.67 rows=1 width=16) (actual time=0.022..0.022 rows=1 loops=197234)
                                       Index Cond: (c_customer_sk = catalog_returns.cr_returning_customer_sk)
                                       Buffers: shared hit=773116 read=68
                           ->  Memoize  (cost=0.29..0.31 rows=1 width=4) (actual time=0.001..0.001 rows=0 loops=193296)
                                 Cache Key: customer.c_current_hdemo_sk
                                 Cache Mode: logical
                                 Hits: 186107  Misses: 7189  Evictions: 0  Overflows: 0  Memory Usage: 520kB
                                 Buffers: shared hit=21564
                                 ->  Index Scan using household_demographics_pkey on household_demographics  (cost=0.28..0.30 rows=1 width=4) (actual time=0.014..0.014 rows=0 loops=7189)
                                       Index Cond: (hd_demo_sk = customer.c_current_hdemo_sk)
                                       Filter: (hd_buy_potential ~~ '1001-5000%'::text)
                                       Rows Removed by Filter: 1
                                       Buffers: shared hit=21564
                     ->  Index Scan using customer_address_pkey on customer_address  (cost=0.42..0.67 rows=1 width=4) (actual time=0.026..0.026 rows=0 loops=26275)
                           Index Cond: (ca_address_sk = customer.c_current_addr_sk)
                           Filter: (ca_gmt_offset = '-7'::numeric)
                           Rows Removed by Filter: 1
                           Buffers: shared hit=92402 read=12698
               ->  Index Scan using customer_demographics_pkey on customer_demographics  (cost=0.43..0.72 rows=1 width=4) (actual time=0.023..0.023 rows=0 loops=2834)
                     Index Cond: (cd_demo_sk = customer.c_current_cdemo_sk)
                     Filter: (((cd_marital_status = 'M'::bpchar) AND (cd_education_status = 'Unknown'::bpchar)) OR ((cd_marital_status = 'W'::bpchar) AND (cd_education_status = 'Advanced Degree'::bpchar)))
                     Rows Removed by Filter: 1
                     Buffers: shared hit=10901 read=239
         ->  Index Scan using call_center_pkey on call_center  (cost=0.14..0.16 rows=1 width=48) (never executed)
               Index Cond: (cc_call_center_sk = catalog_returns.cr_call_center_sk)
 Planning:
   Buffers: shared hit=415
 Planning Time: 5.053 ms
 Execution Time: 10713.583 ms
(53 rows)

