                                                                                                     QUERY PLAN                                                                                                     
--------------------------------------------------------------------------------------------------------------------------------------------------------------------------------------------------------------------
 Aggregate  (cost=715921.76..715921.77 rows=1 width=136) (actual time=12189.124..12189.131 rows=1 loops=1)
   Buffers: shared hit=1144557 read=416815
   ->  Hash Join  (cost=2574.36..715921.22 rows=36 width=58) (actual time=814.557..12187.823 rows=445 loops=1)
         Hash Cond: (catalog_returns.cr_call_center_sk = call_center.cc_call_center_sk)
         Buffers: shared hit=1144557 read=416815
         ->  Nested Loop  (cost=2571.68..715918.44 rows=36 width=18) (actual time=814.465..12187.230 rows=453 loops=1)
               Buffers: shared hit=1144555 read=416815
               ->  Nested Loop  (cost=2571.26..715863.88 rows=82 width=22) (actual time=798.192..12114.714 rows=2690 loops=1)
                     Buffers: shared hit=1134670 read=415940
                     ->  Nested Loop  (cost=2570.83..714805.30 rows=1478 width=26) (actual time=797.946..11168.177 rows=37354 loops=1)
                           Buffers: shared hit=995241 read=408797
                           ->  Nested Loop  (cost=2570.54..712473.67 rows=8871 width=30) (actual time=794.494..10886.809 rows=237429 loops=1)
                                 Buffers: shared hit=973656 read=408797
                                 ->  Hash Join  (cost=2570.11..706541.60 rows=8871 width=22) (actual time=794.431..5280.202 rows=242285 loops=1)
                                       Hash Cond: (catalog_returns.cr_returned_date_sk = date_dim.d_date_sk)
                                       Buffers: shared hit=24031 read=408706
                                       ->  Seq Scan on catalog_returns  (cost=0.00..647267.12 rows=21600412 width=26) (actual time=0.323..3502.110 rows=21598628 loops=1)
                                             Buffers: shared hit=22557 read=408706
                                       ->  Hash  (cost=2569.73..2569.73 rows=30 width=4) (actual time=22.140..22.141 rows=31 loops=1)
                                             Buckets: 1024  Batches: 1  Memory Usage: 10kB
                                             Buffers: shared hit=1474
                                             ->  Seq Scan on date_dim  (cost=0.00..2569.73 rows=30 width=4) (actual time=12.293..22.120 rows=31 loops=1)
                                                   Filter: ((d_year = 1999) AND (d_moy = 12))
                                                   Rows Removed by Filter: 73018
                                                   Buffers: shared hit=1474
                                 ->  Index Scan using customer_pkey on customer  (cost=0.43..0.67 rows=1 width=16) (actual time=0.023..0.023 rows=1 loops=242285)
                                       Index Cond: (c_customer_sk = catalog_returns.cr_returning_customer_sk)
                                       Buffers: shared hit=949625 read=91
                           ->  Memoize  (cost=0.29..0.31 rows=1 width=4) (actual time=0.001..0.001 rows=0 loops=237429)
                                 Cache Key: customer.c_current_hdemo_sk
                                 Cache Mode: logical
                                 Hits: 230233  Misses: 7196  Evictions: 0  Overflows: 0  Memory Usage: 521kB
                                 Buffers: shared hit=21585
                                 ->  Index Scan using household_demographics_pkey on household_demographics  (cost=0.28..0.30 rows=1 width=4) (actual time=0.014..0.014 rows=0 loops=7196)
                                       Index Cond: (hd_demo_sk = customer.c_current_hdemo_sk)
                                       Filter: (hd_buy_potential ~~ '5001-10000%'::text)
                                       Rows Removed by Filter: 1
                                       Buffers: shared hit=21585
                     ->  Index Scan using customer_demographics_pkey on customer_demographics  (cost=0.43..0.72 rows=1 width=4) (actual time=0.025..0.025 rows=0 loops=37354)
                           Index Cond: (cd_demo_sk = customer.c_current_cdemo_sk)
                           Filter: (((cd_marital_status = 'M'::bpchar) AND (cd_education_status = 'Unknown'::bpchar)) OR ((cd_marital_status = 'W'::bpchar) AND (cd_education_status = 'Advanced Degree'::bpchar)))
                           Rows Removed by Filter: 1
                           Buffers: shared hit=139429 read=7143
               ->  Index Scan using customer_address_pkey on customer_address  (cost=0.42..0.67 rows=1 width=4) (actual time=0.026..0.026 rows=0 loops=2690)
                     Index Cond: (ca_address_sk = customer.c_current_addr_sk)
                     Filter: (ca_gmt_offset = '-6'::numeric)
                     Rows Removed by Filter: 1
                     Buffers: shared hit=9885 read=875
         ->  Hash  (cost=2.30..2.30 rows=30 width=48) (actual time=0.067..0.068 rows=30 loops=1)
               Buckets: 1024  Batches: 1  Memory Usage: 11kB
               Buffers: shared hit=2
               ->  Seq Scan on call_center  (cost=0.00..2.30 rows=30 width=48) (actual time=0.027..0.044 rows=30 loops=1)
                     Buffers: shared hit=2
 Planning:
   Buffers: shared hit=415
 Planning Time: 5.807 ms
 Execution Time: 12189.936 ms
(57 rows)

