                                                                                                  QUERY PLAN                                                                                                  
--------------------------------------------------------------------------------------------------------------------------------------------------------------------------------------------------------------
 Aggregate  (cost=715903.32..715903.33 rows=1 width=136) (actual time=13691.148..13691.154 rows=1 loops=1)
   Buffers: shared hit=1348700 read=414306
   ->  Nested Loop  (cost=2571.82..715903.18 rows=9 width=58) (actual time=441.800..13689.145 rows=691 loops=1)
         Buffers: shared hit=1348700 read=414306
         ->  Nested Loop  (cost=2571.68..715901.79 rows=9 width=18) (actual time=441.787..13679.774 rows=698 loops=1)
               Buffers: shared hit=1347318 read=414306
               ->  Nested Loop  (cost=2571.25..715788.62 rows=158 width=22) (actual time=441.760..13543.969 rows=4950 loops=1)
                     Buffers: shared hit=1329725 read=412419
                     ->  Nested Loop  (cost=2570.83..714805.30 rows=1478 width=26) (actual time=436.317..12426.452 rows=43897 loops=1)
                           Buffers: shared hit=1161517 read=405039
                           ->  Nested Loop  (cost=2570.54..712473.67 rows=8871 width=30) (actual time=436.283..12107.365 rows=278057 loops=1)
                                 Buffers: shared hit=1139926 read=405039
                                 ->  Hash Join  (cost=2570.11..706541.60 rows=8871 width=22) (actual time=436.234..5457.070 rows=283720 loops=1)
                                       Hash Cond: (catalog_returns.cr_returned_date_sk = date_dim.d_date_sk)
                                       Buffers: shared hit=27786 read=404951
                                       ->  Seq Scan on catalog_returns  (cost=0.00..647267.12 rows=21600412 width=26) (actual time=0.052..3591.430 rows=21598628 loops=1)
                                             Buffers: shared hit=26312 read=404951
                                       ->  Hash  (cost=2569.73..2569.73 rows=30 width=4) (actual time=21.597..21.597 rows=31 loops=1)
                                             Buckets: 1024  Batches: 1  Memory Usage: 10kB
                                             Buffers: shared hit=1474
                                             ->  Seq Scan on date_dim  (cost=0.00..2569.73 rows=30 width=4) (actual time=11.339..21.581 rows=31 loops=1)
                                                   Filter: ((d_year = 1999) AND (d_moy = 5))
                                                   Rows Removed by Filter: 73018
                                                   Buffers: shared hit=1474
                                 ->  Index Scan using customer_pkey on customer  (cost=0.43..0.67 rows=1 width=16) (actual time=0.023..0.023 rows=1 loops=283720)
                                       Index Cond: (c_customer_sk = catalog_returns.cr_returning_customer_sk)
                                       Buffers: shared hit=1112140 read=88
                           ->  Memoize  (cost=0.29..0.31 rows=1 width=4) (actual time=0.001..0.001 rows=0 loops=278057)
                                 Cache Key: customer.c_current_hdemo_sk
                                 Cache Mode: logical
                                 Hits: 270859  Misses: 7198  Evictions: 0  Overflows: 0  Memory Usage: 521kB
                                 Buffers: shared hit=21591
                                 ->  Index Scan using household_demographics_pkey on household_demographics  (cost=0.28..0.30 rows=1 width=4) (actual time=0.015..0.015 rows=0 loops=7198)
                                       Index Cond: (hd_demo_sk = customer.c_current_hdemo_sk)
                                       Filter: (hd_buy_potential ~~ '5001-10000%'::text)
                                       Rows Removed by Filter: 1
                                       Buffers: shared hit=21591
                     ->  Index Scan using customer_address_pkey on customer_address  (cost=0.42..0.67 rows=1 width=4) (actual time=0.025..0.025 rows=0 loops=43897)
                           Index Cond: (ca_address_sk = customer.c_current_addr_sk)
                           Filter: (ca_gmt_offset = '-7'::numeric)
                           Rows Removed by Filter: 1
                           Buffers: shared hit=168208 read=7380
               ->  Index Scan using customer_demographics_pkey on customer_demographics  (cost=0.43..0.72 rows=1 width=4) (actual time=0.027..0.027 rows=0 loops=4950)
                     Index Cond: (cd_demo_sk = customer.c_current_cdemo_sk)
                     Filter: (((cd_marital_status = 'M'::bpchar) AND (cd_education_status = 'Unknown'::bpchar)) OR ((cd_marital_status = 'W'::bpchar) AND (cd_education_status = 'Advanced Degree'::bpchar)))
                     Rows Removed by Filter: 1
                     Buffers: shared hit=17593 read=1887
         ->  Index Scan using call_center_pkey on call_center  (cost=0.14..0.16 rows=1 width=48) (actual time=0.012..0.012 rows=1 loops=698)
               Index Cond: (cc_call_center_sk = catalog_returns.cr_call_center_sk)
               Buffers: shared hit=1382
 Planning:
   Buffers: shared hit=415
 Planning Time: 4.313 ms
 Execution Time: 13691.953 ms
(54 rows)

