                                                                                                  QUERY PLAN                                                                                                  
--------------------------------------------------------------------------------------------------------------------------------------------------------------------------------------------------------------
 Aggregate  (cost=715661.61..715661.62 rows=1 width=136) (actual time=11633.803..11633.809 rows=1 loops=1)
   Buffers: shared hit=1070929 read=411740
   ->  Nested Loop  (cost=2571.81..715661.49 rows=8 width=58) (actual time=840.758..11632.882 rows=280 loops=1)
         Buffers: shared hit=1070929 read=411740
         ->  Nested Loop  (cost=2571.67..715660.25 rows=8 width=18) (actual time=840.734..11629.799 rows=291 loops=1)
               Buffers: shared hit=1070369 read=411740
               ->  Nested Loop  (cost=2571.24..715550.67 rows=153 width=22) (actual time=730.481..11520.359 rows=3761 loops=1)
                     Buffers: shared hit=1057715 read=409614
                     ->  Nested Loop  (cost=2570.82..714599.95 rows=1429 width=26) (actual time=728.065..10556.212 rows=38415 loops=1)
                           Buffers: shared hit=909839 read=403830
                           ->  Nested Loop  (cost=2570.52..712275.72 rows=8575 width=30) (actual time=727.787..10273.957 rows=214839 loops=1)
                                 Buffers: shared hit=888263 read=403830
                                 ->  Hash Join  (cost=2570.10..706541.59 rows=8575 width=22) (actual time=727.717..5211.354 rows=219252 loops=1)
                                       Hash Cond: (catalog_returns.cr_returned_date_sk = date_dim.d_date_sk)
                                       Buffers: shared hit=29001 read=403736
                                       ->  Seq Scan on catalog_returns  (cost=0.00..647267.12 rows=21600412 width=26) (actual time=0.042..3459.672 rows=21598628 loops=1)
                                             Buffers: shared hit=27527 read=403736
                                       ->  Hash  (cost=2569.73..2569.73 rows=29 width=4) (actual time=19.880..19.881 rows=30 loops=1)
                                             Buckets: 1024  Batches: 1  Memory Usage: 10kB
                                             Buffers: shared hit=1474
                                             ->  Seq Scan on date_dim  (cost=0.00..2569.73 rows=29 width=4) (actual time=10.768..19.865 rows=30 loops=1)
                                                   Filter: ((d_year = 1999) AND (d_moy = 11))
                                                   Rows Removed by Filter: 73019
                                                   Buffers: shared hit=1474
                                 ->  Index Scan using customer_pkey on customer  (cost=0.43..0.67 rows=1 width=16) (actual time=0.023..0.023 rows=1 loops=219252)
                                       Index Cond: (c_customer_sk = catalog_returns.cr_returning_customer_sk)
                                       Buffers: shared hit=859262 read=94
                           ->  Memoize  (cost=0.29..0.31 rows=1 width=4) (actual time=0.001..0.001 rows=0 loops=214839)
                                 Cache Key: customer.c_current_hdemo_sk
                                 Cache Mode: logical
                                 Hits: 207646  Misses: 7193  Evictions: 0  Overflows: 0  Memory Usage: 520kB
                                 Buffers: shared hit=21576
                                 ->  Index Scan using household_demographics_pkey on household_demographics  (cost=0.28..0.30 rows=1 width=4) (actual time=0.017..0.017 rows=0 loops=7193)
                                       Index Cond: (hd_demo_sk = customer.c_current_hdemo_sk)
                                       Filter: (hd_buy_potential ~~ '>10000%'::text)
                                       Rows Removed by Filter: 1
                                       Buffers: shared hit=21576
                     ->  Index Scan using customer_address_pkey on customer_address  (cost=0.42..0.67 rows=1 width=4) (actual time=0.025..0.025 rows=0 loops=38415)
                           Index Cond: (ca_address_sk = customer.c_current_addr_sk)
                           Filter: (ca_gmt_offset = '-7'::numeric)
                           Rows Removed by Filter: 1
                           Buffers: shared hit=147876 read=5784
               ->  Index Scan using customer_demographics_pkey on customer_demographics  (cost=0.43..0.72 rows=1 width=4) (actual time=0.029..0.029 rows=0 loops=3761)
                     Index Cond: (cd_demo_sk = customer.c_current_cdemo_sk)
                     Filter: (((cd_marital_status = 'M'::bpchar) AND (cd_education_status = 'Unknown'::bpchar)) OR ((cd_marital_status = 'W'::bpchar) AND (cd_education_status = 'Advanced Degree'::bpchar)))
                     Rows Removed by Filter: 1
                     Buffers: shared hit=12654 read=2126
         ->  Index Scan using call_center_pkey on call_center  (cost=0.14..0.16 rows=1 width=48) (actual time=0.009..0.009 rows=1 loops=291)
               Index Cond: (cc_call_center_sk = catalog_returns.cr_call_center_sk)
               Buffers: shared hit=560
 Planning:
   Buffers: shared hit=415
 Planning Time: 4.420 ms
 Execution Time: 11634.644 ms
(54 rows)

