                                                                                                  QUERY PLAN                                                                                                  
--------------------------------------------------------------------------------------------------------------------------------------------------------------------------------------------------------------
 Aggregate  (cost=715661.61..715661.62 rows=1 width=136) (actual time=10736.335..10736.342 rows=1 loops=1)
   Buffers: shared hit=947429 read=412898
   ->  Nested Loop  (cost=2571.81..715661.49 rows=8 width=58) (actual time=133.442..10735.330 rows=325 loops=1)
         Buffers: shared hit=947429 read=412898
         ->  Nested Loop  (cost=2571.67..715660.25 rows=8 width=18) (actual time=133.426..10731.771 rows=327 loops=1)
               Buffers: shared hit=946779 read=412898
               ->  Nested Loop  (cost=2571.24..715550.67 rows=153 width=22) (actual time=81.517..10601.096 rows=4848 loops=1)
                     Buffers: shared hit=930102 read=410615
                     ->  Nested Loop  (cost=2570.82..714599.95 rows=1429 width=26) (actual time=77.736..9779.703 rows=32640 loops=1)
                           Buffers: shared hit=805161 read=404996
                           ->  Nested Loop  (cost=2570.52..712275.72 rows=8575 width=30) (actual time=76.454..9541.936 rows=188961 loops=1)
                                 Buffers: shared hit=783585 read=404996
                                 ->  Hash Join  (cost=2570.10..706541.59 rows=8575 width=22) (actual time=76.396..5242.962 rows=192746 loops=1)
                                       Hash Cond: (catalog_returns.cr_returned_date_sk = date_dim.d_date_sk)
                                       Buffers: shared hit=27852 read=404885
                                       ->  Seq Scan on catalog_returns  (cost=0.00..647267.12 rows=21600412 width=26) (actual time=0.034..3469.730 rows=21598628 loops=1)
                                             Buffers: shared hit=26385 read=404878
                                       ->  Hash  (cost=2569.73..2569.73 rows=29 width=4) (actual time=19.113..19.114 rows=30 loops=1)
                                             Buckets: 1024  Batches: 1  Memory Usage: 10kB
                                             Buffers: shared hit=1467 read=7
                                             ->  Seq Scan on date_dim  (cost=0.00..2569.73 rows=29 width=4) (actual time=9.663..19.100 rows=30 loops=1)
                                                   Filter: ((d_year = 1998) AND (d_moy = 11))
                                                   Rows Removed by Filter: 73019
                                                   Buffers: shared hit=1467 read=7
                                 ->  Index Scan using customer_pkey on customer  (cost=0.43..0.67 rows=1 width=16) (actual time=0.022..0.022 rows=1 loops=192746)
                                       Index Cond: (c_customer_sk = catalog_returns.cr_returning_customer_sk)
                                       Buffers: shared hit=755733 read=111
                           ->  Memoize  (cost=0.29..0.31 rows=1 width=4) (actual time=0.001..0.001 rows=0 loops=188961)
                                 Cache Key: customer.c_current_hdemo_sk
                                 Cache Mode: logical
                                 Hits: 181768  Misses: 7193  Evictions: 0  Overflows: 0  Memory Usage: 520kB
                                 Buffers: shared hit=21576
                                 ->  Index Scan using household_demographics_pkey on household_demographics  (cost=0.28..0.30 rows=1 width=4) (actual time=0.014..0.014 rows=0 loops=7193)
                                       Index Cond: (hd_demo_sk = customer.c_current_hdemo_sk)
                                       Filter: (hd_buy_potential ~~ 'Unknown%'::text)
                                       Rows Removed by Filter: 1
                                       Buffers: shared hit=21576
                     ->  Index Scan using customer_address_pkey on customer_address  (cost=0.42..0.67 rows=1 width=4) (actual time=0.025..0.025 rows=0 loops=32640)
                           Index Cond: (ca_address_sk = customer.c_current_addr_sk)
                           Filter: (ca_gmt_offset = '-7'::numeric)
                           Rows Removed by Filter: 1
                           Buffers: shared hit=124941 read=5619
               ->  Index Scan using customer_demographics_pkey on customer_demographics  (cost=0.43..0.72 rows=1 width=4) (actual time=0.027..0.027 rows=0 loops=4848)
                     Index Cond: (cd_demo_sk = customer.c_current_cdemo_sk)
                     Filter: (((cd_marital_status = 'M'::bpchar) AND (cd_education_status = 'Unknown'::bpchar)) OR ((cd_marital_status = 'W'::bpchar) AND (cd_education_status = 'Advanced Degree'::bpchar)))
                     Rows Removed by Filter: 1
                     Buffers: shared hit=16677 read=2283
         ->  Index Scan using call_center_pkey on call_center  (cost=0.14..0.16 rows=1 width=48) (actual time=0.009..0.009 rows=1 loops=327)
               Index Cond: (cc_call_center_sk = catalog_returns.cr_call_center_sk)
               Buffers: shared hit=650
 Planning:
   Buffers: shared hit=415
 Planning Time: 2.994 ms
 Execution Time: 10736.868 ms
(54 rows)

