                                                                                                     QUERY PLAN                                                                                                     
--------------------------------------------------------------------------------------------------------------------------------------------------------------------------------------------------------------------
 Aggregate  (cost=715921.76..715921.77 rows=1 width=136) (actual time=14689.834..14689.840 rows=1 loops=1)
   Buffers: shared hit=1569975 read=413924
   ->  Hash Join  (cost=2574.36..715921.22 rows=36 width=58) (actual time=2197.735..14683.803 rows=2996 loops=1)
         Hash Cond: (catalog_returns.cr_call_center_sk = call_center.cc_call_center_sk)
         Buffers: shared hit=1569975 read=413924
         ->  Nested Loop  (cost=2571.68..715918.44 rows=36 width=18) (actual time=2197.662..14681.331 rows=3028 loops=1)
               Buffers: shared hit=1569973 read=413924
               ->  Nested Loop  (cost=2571.26..715863.88 rows=82 width=22) (actual time=2197.526..14575.002 rows=3623 loops=1)
                     Buffers: shared hit=1556530 read=412875
                     ->  Nested Loop  (cost=2570.83..714805.30 rows=1478 width=26) (actual time=2142.470..13423.048 rows=45884 loops=1)
                           Buffers: shared hit=1382442 read=406971
                           ->  Nested Loop  (cost=2570.54..712473.67 rows=8871 width=30) (actual time=2138.688..13080.312 rows=333772 loops=1)
                                 Buffers: shared hit=1360854 read=406971
                                 ->  Hash Join  (cost=2570.11..706541.60 rows=8871 width=22) (actual time=2138.651..5331.902 rows=340503 loops=1)
                                       Hash Cond: (catalog_returns.cr_returned_date_sk = date_dim.d_date_sk)
                                       Buffers: shared hit=25968 read=406769
                                       ->  Seq Scan on catalog_returns  (cost=0.00..647267.12 rows=21600412 width=26) (actual time=0.034..3514.203 rows=21598628 loops=1)
                                             Buffers: shared hit=24686 read=406577
                                       ->  Hash  (cost=2569.73..2569.73 rows=30 width=4) (actual time=18.871..18.872 rows=31 loops=1)
                                             Buckets: 1024  Batches: 1  Memory Usage: 10kB
                                             Buffers: shared hit=1282 read=192
                                             ->  Seq Scan on date_dim  (cost=0.00..2569.73 rows=30 width=4) (actual time=11.278..18.858 rows=31 loops=1)
                                                   Filter: ((d_year = 2002) AND (d_moy = 1))
                                                   Rows Removed by Filter: 73018
                                                   Buffers: shared hit=1282 read=192
                                 ->  Index Scan using customer_pkey on customer  (cost=0.43..0.67 rows=1 width=16) (actual time=0.022..0.022 rows=1 loops=340503)
                                       Index Cond: (c_customer_sk = catalog_returns.cr_returning_customer_sk)
                                       Buffers: shared hit=1334886 read=202
                           ->  Memoize  (cost=0.29..0.31 rows=1 width=4) (actual time=0.001..0.001 rows=0 loops=333772)
                                 Cache Key: customer.c_current_hdemo_sk
                                 Cache Mode: logical
                                 Hits: 326575  Misses: 7197  Evictions: 0  Overflows: 0  Memory Usage: 521kB
                                 Buffers: shared hit=21588
                                 ->  Index Scan using household_demographics_pkey on household_demographics  (cost=0.28..0.30 rows=1 width=4) (actual time=0.013..0.013 rows=0 loops=7197)
                                       Index Cond: (hd_demo_sk = customer.c_current_hdemo_sk)
                                       Filter: (hd_buy_potential ~~ '1001-5000%'::text)
                                       Rows Removed by Filter: 1
                                       Buffers: shared hit=21588
                     ->  Index Scan using customer_demographics_pkey on customer_demographics  (cost=0.43..0.72 rows=1 width=4) (actual time=0.025..0.025 rows=0 loops=45884)
                           Index Cond: (cd_demo_sk = customer.c_current_cdemo_sk)
                           Filter: (((cd_marital_status = 'M'::bpchar) AND (cd_education_status = 'Unknown'::bpchar)) OR ((cd_marital_status = 'W'::bpchar) AND (cd_education_status = 'Advanced Degree'::bpchar)))
                           Rows Removed by Filter: 1
                           Buffers: shared hit=174088 read=5904
               ->  Index Scan using customer_address_pkey on customer_address  (cost=0.42..0.67 rows=1 width=4) (actual time=0.028..0.028 rows=1 loops=3623)
                     Index Cond: (ca_address_sk = customer.c_current_addr_sk)
                     Filter: (ca_gmt_offset = '-6'::numeric)
                     Rows Removed by Filter: 0
                     Buffers: shared hit=13443 read=1049
         ->  Hash  (cost=2.30..2.30 rows=30 width=48) (actual time=0.048..0.049 rows=30 loops=1)
               Buckets: 1024  Batches: 1  Memory Usage: 11kB
               Buffers: shared hit=2
               ->  Seq Scan on call_center  (cost=0.00..2.30 rows=30 width=48) (actual time=0.020..0.033 rows=30 loops=1)
                     Buffers: shared hit=2
 Planning:
   Buffers: shared hit=415
 Planning Time: 3.004 ms
 Execution Time: 14690.434 ms
(57 rows)

