                                                                                                  QUERY PLAN                                                                                                  
--------------------------------------------------------------------------------------------------------------------------------------------------------------------------------------------------------------
 Aggregate  (cost=716146.24..716146.25 rows=1 width=136) (actual time=11168.228..11168.233 rows=1 loops=1)
   Buffers: shared hit=1010508 read=413732
   ->  Nested Loop  (cost=2571.83..716146.10 rows=9 width=58) (actual time=767.365..11167.335 rows=244 loops=1)
         Buffers: shared hit=1010508 read=413732
         ->  Nested Loop  (cost=2571.69..716144.71 rows=9 width=18) (actual time=767.353..11164.326 rows=249 loops=1)
               Buffers: shared hit=1010020 read=413732
               ->  Nested Loop  (cost=2571.27..716027.25 rows=164 width=22) (actual time=702.853..11068.499 rows=3596 loops=1)
                     Buffers: shared hit=997215 read=412469
                     ->  Nested Loop  (cost=2570.84..715010.66 rows=1528 width=26) (actual time=702.648..10180.240 rows=36018 loops=1)
                           Buffers: shared hit=858299 read=407313
                           ->  Nested Loop  (cost=2570.55..712671.62 rows=9167 width=30) (actual time=697.680..9923.482 rows=202827 loops=1)
                                 Buffers: shared hit=836732 read=407313
                                 ->  Hash Join  (cost=2570.12..706541.62 rows=9167 width=22) (actual time=697.638..5216.139 rows=206907 loops=1)
                                       Hash Cond: (catalog_returns.cr_returned_date_sk = date_dim.d_date_sk)
                                       Buffers: shared hit=25521 read=407216
                                       ->  Seq Scan on catalog_returns  (cost=0.00..647267.12 rows=21600412 width=26) (actual time=0.064..3478.129 rows=21598628 loops=1)
                                             Buffers: shared hit=24403 read=406860
                                       ->  Hash  (cost=2569.73..2569.73 rows=31 width=4) (actual time=22.133..22.134 rows=31 loops=1)
                                             Buckets: 1024  Batches: 1  Memory Usage: 10kB
                                             Buffers: shared hit=1118 read=356
                                             ->  Seq Scan on date_dim  (cost=0.00..2569.73 rows=31 width=4) (actual time=13.630..22.117 rows=31 loops=1)
                                                   Filter: ((d_year = 1999) AND (d_moy = 10))
                                                   Rows Removed by Filter: 73018
                                                   Buffers: shared hit=1118 read=356
                                 ->  Index Scan using customer_pkey on customer  (cost=0.43..0.67 rows=1 width=16) (actual time=0.022..0.022 rows=1 loops=206907)
                                       Index Cond: (c_customer_sk = catalog_returns.cr_returning_customer_sk)
                                       Buffers: shared hit=811211 read=97
                           ->  Memoize  (cost=0.29..0.31 rows=1 width=4) (actual time=0.001..0.001 rows=0 loops=202827)
                                 Cache Key: customer.c_current_hdemo_sk
                                 Cache Mode: logical
                                 Hits: 195637  Misses: 7190  Evictions: 0  Overflows: 0  Memory Usage: 520kB
                                 Buffers: shared hit=21567
                                 ->  Index Scan using household_demographics_pkey on household_demographics  (cost=0.28..0.30 rows=1 width=4) (actual time=0.014..0.014 rows=0 loops=7190)
                                       Index Cond: (hd_demo_sk = customer.c_current_hdemo_sk)
                                       Filter: (hd_buy_potential ~~ '>10000%'::text)
                                       Rows Removed by Filter: 1
                                       Buffers: shared hit=21567
                     ->  Index Scan using customer_address_pkey on customer_address  (cost=0.42..0.67 rows=1 width=4) (actual time=0.024..0.024 rows=0 loops=36018)
                           Index Cond: (ca_address_sk = customer.c_current_addr_sk)
                           Filter: (ca_gmt_offset = '-7'::numeric)
                           Rows Removed by Filter: 1
                           Buffers: shared hit=138916 read=5156
               ->  Index Scan using customer_demographics_pkey on customer_demographics  (cost=0.43..0.72 rows=1 width=4) (actual time=0.026..0.026 rows=0 loops=3596)
                     Index Cond: (cd_demo_sk = customer.c_current_cdemo_sk)
                     Filter: (((cd_marital_status = 'M'::bpchar) AND (cd_education_status = 'Unknown'::bpchar)) OR ((cd_marital_status = 'W'::bpchar) AND (cd_education_status = 'Advanced Degree'::bpchar)))
                     Rows Removed by Filter: 1
                     Buffers: shared hit=12805 read=1263
         ->  Index Scan using call_center_pkey on call_center  (cost=0.14..0.16 rows=1 width=48) (actual time=0.010..0.010 rows=1 loops=249)
               Index Cond: (cc_call_center_sk = catalog_returns.cr_call_center_sk)
               Buffers: shared hit=488
 Planning:
   Buffers: shared hit=396 read=19
 Planning Time: 5.190 ms
 Execution Time: 11169.051 ms
(54 rows)

