                                                                                                  QUERY PLAN                                                                                                  
--------------------------------------------------------------------------------------------------------------------------------------------------------------------------------------------------------------
 Aggregate  (cost=716146.24..716146.25 rows=1 width=136) (actual time=12160.400..12160.406 rows=1 loops=1)
   Buffers: shared hit=1140285 read=430658
   ->  Nested Loop  (cost=2571.83..716146.10 rows=9 width=58) (actual time=36.493..12158.783 rows=579 loops=1)
         Buffers: shared hit=1140285 read=430658
         ->  Nested Loop  (cost=2571.69..716144.71 rows=9 width=18) (actual time=36.476..12153.049 rows=584 loops=1)
               Buffers: shared hit=1139127 read=430658
               ->  Nested Loop  (cost=2571.27..716027.25 rows=164 width=22) (actual time=19.223..12035.098 rows=4876 loops=1)
                     Buffers: shared hit=1120642 read=430047
                     ->  Nested Loop  (cost=2570.84..715010.66 rows=1528 width=26) (actual time=18.920..11079.448 rows=36332 loops=1)
                           Buffers: shared hit=992722 read=412639
                           ->  Nested Loop  (cost=2570.55..712671.62 rows=9167 width=30) (actual time=18.890..10793.574 rows=237759 loops=1)
                                 Buffers: shared hit=971134 read=412639
                                 ->  Hash Join  (cost=2570.12..706541.62 rows=9167 width=22) (actual time=18.840..5261.222 rows=242522 loops=1)
                                       Hash Cond: (catalog_returns.cr_returned_date_sk = date_dim.d_date_sk)
                                       Buffers: shared hit=20310 read=412427
                                       ->  Seq Scan on catalog_returns  (cost=0.00..647267.12 rows=21600412 width=26) (actual time=0.164..3469.081 rows=21598628 loops=1)
                                             Buffers: shared hit=18836 read=412427
                                       ->  Hash  (cost=2569.73..2569.73 rows=31 width=4) (actual time=18.644..18.645 rows=31 loops=1)
                                             Buckets: 1024  Batches: 1  Memory Usage: 10kB
                                             Buffers: shared hit=1474
                                             ->  Seq Scan on date_dim  (cost=0.00..2569.73 rows=31 width=4) (actual time=8.738..18.631 rows=31 loops=1)
                                                   Filter: ((d_year = 1998) AND (d_moy = 8))
                                                   Rows Removed by Filter: 73018
                                                   Buffers: shared hit=1474
                                 ->  Index Scan using customer_pkey on customer  (cost=0.43..0.67 rows=1 width=16) (actual time=0.022..0.022 rows=1 loops=242522)
                                       Index Cond: (c_customer_sk = catalog_returns.cr_returning_customer_sk)
                                       Buffers: shared hit=950824 read=212
                           ->  Memoize  (cost=0.29..0.31 rows=1 width=4) (actual time=0.001..0.001 rows=0 loops=237759)
                                 Cache Key: customer.c_current_hdemo_sk
                                 Cache Mode: logical
                                 Hits: 230562  Misses: 7197  Evictions: 0  Overflows: 0  Memory Usage: 521kB
                                 Buffers: shared hit=21588
                                 ->  Index Scan using household_demographics_pkey on household_demographics  (cost=0.28..0.30 rows=1 width=4) (actual time=0.015..0.015 rows=0 loops=7197)
                                       Index Cond: (hd_demo_sk = customer.c_current_hdemo_sk)
                                       Filter: (hd_buy_potential ~~ '0-500%'::text)
                                       Rows Removed by Filter: 1
                                       Buffers: shared hit=21588
                     ->  Index Scan using customer_address_pkey on customer_address  (cost=0.42..0.67 rows=1 width=4) (actual time=0.026..0.026 rows=0 loops=36332)
                           Index Cond: (ca_address_sk = customer.c_current_addr_sk)
                           Filter: (ca_gmt_offset = '-7'::numeric)
                           Rows Removed by Filter: 1
                           Buffers: shared hit=127920 read=17408
               ->  Index Scan using customer_demographics_pkey on customer_demographics  (cost=0.43..0.72 rows=1 width=4) (actual time=0.024..0.024 rows=0 loops=4876)
                     Index Cond: (cd_demo_sk = customer.c_current_cdemo_sk)
                     Filter: (((cd_marital_status = 'M'::bpchar) AND (cd_education_status = 'Unknown'::bpchar)) OR ((cd_marital_status = 'W'::bpchar) AND (cd_education_status = 'Advanced Degree'::bpchar)))
                     Rows Removed by Filter: 1
                     Buffers: shared hit=18485 read=611
         ->  Index Scan using call_center_pkey on call_center  (cost=0.14..0.16 rows=1 width=48) (actual time=0.008..0.008 rows=1 loops=584)
               Index Cond: (cc_call_center_sk = catalog_returns.cr_call_center_sk)
               Buffers: shared hit=1158
 Planning:
   Buffers: shared hit=415
 Planning Time: 3.562 ms
 Execution Time: 12161.067 ms
(54 rows)

