                                                                               QUERY PLAN                                                                               
------------------------------------------------------------------------------------------------------------------------------------------------------------------------
 Aggregate  (cost=6038198.30..6038198.31 rows=1 width=268) (actual time=106037.910..106037.915 rows=1 loops=1)
   Buffers: shared hit=945869 read=3888654
   ->  Nested Loop  (cost=17437.73..6038198.25 rows=2 width=81) (actual time=25723.023..106037.724 rows=20 loops=1)
         Buffers: shared hit=945869 read=3888654
         ->  Nested Loop  (cost=17437.31..6038021.51 rows=24 width=54) (actual time=21107.181..105867.770 rows=332 loops=1)
               Buffers: shared hit=945210 read=3887985
               ->  Nested Loop  (cost=17436.88..6035513.16 rows=341 width=54) (actual time=20976.372..102641.722 rows=10273 loops=1)
                     Buffers: shared hit=917930 read=3874221
                     ->  Nested Loop  (cost=17436.45..5972340.58 rows=8590 width=50) (actual time=20945.471..82733.871 rows=264599 loops=1)
                           Buffers: shared hit=6023 read=3729124
                           ->  Hash Join  (cost=17436.15..5913720.75 rows=1733418 width=54) (actual time=278.512..81876.342 rows=1811717 loops=1)
                                 Hash Cond: (catalog_sales.cs_item_sk = item.i_item_sk)
                                 Buffers: shared read=3728736
                                 ->  Seq Scan on catalog_sales  (cost=0.00..5874397.76 rows=8337669 width=41) (actual time=0.409..79069.851 rows=8349119 loops=1)
                                       Filter: ((cs_wholesale_cost >= '11'::numeric) AND (cs_wholesale_cost <= '16'::numeric))
                                       Rows Removed by Filter: 135643180
                                       Buffers: shared read=3714380
                                 ->  Hash  (cost=16906.00..16906.00 rows=42412 width=21) (actual time=277.512..277.513 rows=42041 loops=1)
                                       Buckets: 65536  Batches: 1  Memory Usage: 2812kB
                                       Buffers: shared read=14356
                                       ->  Seq Scan on item  (cost=0.00..16906.00 rows=42412 width=21) (actual time=0.228..265.602 rows=42041 loops=1)
                                             Filter: (i_category = 'Electronics'::bpchar)
                                             Rows Removed by Filter: 161959
                                             Buffers: shared read=14356
                           ->  Memoize  (cost=0.30..7.22 rows=1 width=4) (actual time=0.000..0.000 rows=0 loops=1811717)
                                 Cache Key: catalog_sales.cs_sold_date_sk
                                 Cache Mode: logical
                                 Hits: 1809579  Misses: 2138  Evictions: 0  Overflows: 0  Memory Usage: 155kB
                                 Buffers: shared hit=6023 read=388
                                 ->  Index Scan using date_dim_pkey on date_dim  (cost=0.29..7.21 rows=1 width=4) (actual time=0.022..0.022 rows=0 loops=2138)
                                       Index Cond: (d_date_sk = catalog_sales.cs_sold_date_sk)
                                       Filter: (d_year = 2000)
                                       Rows Removed by Filter: 1
                                       Buffers: shared hit=6023 read=388
                     ->  Index Scan using customer_pkey on customer  (cost=0.43..7.35 rows=1 width=12) (actual time=0.075..0.075 rows=0 loops=264599)
                           Index Cond: (c_customer_sk = catalog_sales.cs_bill_customer_sk)
                           Filter: (c_birth_month = 9)
                           Rows Removed by Filter: 1
                           Buffers: shared hit=911907 read=145097
               ->  Index Scan using customer_demographics_pkey on customer_demographics  (cost=0.43..7.36 rows=1 width=8) (actual time=0.313..0.313 rows=0 loops=10273)
                     Index Cond: (cd_demo_sk = catalog_sales.cs_bill_cdemo_sk)
                     Filter: ((cd_gender = 'F'::bpchar) AND (cd_education_status = 'Advanced Degree'::bpchar))
                     Rows Removed by Filter: 1
                     Buffers: shared hit=27280 read=13764
         ->  Index Scan using customer_address_pkey on customer_address  (cost=0.42..7.36 rows=1 width=35) (actual time=0.510..0.510 rows=0 loops=332)
               Index Cond: (ca_address_sk = customer.c_current_addr_sk)
               Filter: (ca_state = ANY ('{KS,OH,TN}'::bpchar[]))
               Rows Removed by Filter: 1
               Buffers: shared hit=659 read=669
 Planning:
   Buffers: shared hit=353 read=91
 Planning Time: 23.738 ms
 Execution Time: 106038.337 ms
(53 rows)

