                                                                                  QUERY PLAN                                                                                   
-------------------------------------------------------------------------------------------------------------------------------------------------------------------------------
 Aggregate  (cost=5999378.47..5999378.48 rows=1 width=268) (actual time=61905.652..61905.658 rows=1 loops=1)
   Buffers: shared hit=655334 read=3808993
   ->  Nested Loop  (cost=17242.40..5999378.30 rows=6 width=81) (actual time=15228.188..61903.702 rows=291 loops=1)
         Buffers: shared hit=655334 read=3808993
         ->  Nested Loop  (cost=17241.97..5998907.63 rows=64 width=54) (actual time=15129.237..60638.391 rows=5116 loops=1)
               Buffers: shared hit=643765 read=3800098
               ->  Nested Loop  (cost=17241.54..5996083.62 rows=384 width=50) (actual time=15128.651..60198.428 rows=29854 loops=1)
                     Buffers: shared hit=535383 read=3789132
                     ->  Nested Loop  (cost=17241.12..5956178.12 rows=5425 width=50) (actual time=15127.277..56534.628 rows=147535 loops=1)
                           Buffers: shared hit=6926 read=3728221
                           ->  Hash Join  (cost=17240.81..5913525.41 rows=1094728 width=54) (actual time=150.652..56192.607 rows=794672 loops=1)
                                 Hash Cond: (catalog_sales.cs_item_sk = item.i_item_sk)
                                 Buffers: shared hit=567 read=3728169
                                 ->  Seq Scan on catalog_sales  (cost=0.00..5874397.76 rows=8337669 width=41) (actual time=0.035..54092.686 rows=8349119 loops=1)
                                       Filter: ((cs_wholesale_cost >= '7'::numeric) AND (cs_wholesale_cost <= '12'::numeric))
                                       Rows Removed by Filter: 135643180
                                       Buffers: shared hit=567 read=3713813
                                 ->  Hash  (cost=16906.00..16906.00 rows=26785 width=21) (actual time=150.410..150.411 rows=26695 loops=1)
                                       Buckets: 32768  Batches: 1  Memory Usage: 1716kB
                                       Buffers: shared read=14356
                                       ->  Seq Scan on item  (cost=0.00..16906.00 rows=26785 width=21) (actual time=0.314..142.904 rows=26695 loops=1)
                                             Filter: (i_category = 'Children'::bpchar)
                                             Rows Removed by Filter: 177305
                                             Buffers: shared read=14356
                           ->  Memoize  (cost=0.30..7.22 rows=1 width=4) (actual time=0.000..0.000 rows=0 loops=794672)
                                 Cache Key: catalog_sales.cs_sold_date_sk
                                 Cache Mode: logical
                                 Hits: 792534  Misses: 2138  Evictions: 0  Overflows: 0  Memory Usage: 155kB
                                 Buffers: shared hit=6359 read=52
                                 ->  Index Scan using date_dim_pkey on date_dim  (cost=0.29..7.21 rows=1 width=4) (actual time=0.017..0.017 rows=0 loops=2138)
                                       Index Cond: (d_date_sk = catalog_sales.cs_sold_date_sk)
                                       Filter: (d_year = 2000)
                                       Rows Removed by Filter: 1
                                       Buffers: shared hit=6359 read=52
                     ->  Index Scan using customer_demographics_pkey on customer_demographics  (cost=0.43..7.36 rows=1 width=8) (actual time=0.025..0.025 rows=0 loops=147535)
                           Index Cond: (cd_demo_sk = catalog_sales.cs_bill_cdemo_sk)
                           Filter: ((cd_gender = 'M'::bpchar) AND (cd_education_status = '2 yr Degree'::bpchar))
                           Rows Removed by Filter: 1
                           Buffers: shared hit=528457 read=60911
               ->  Index Scan using customer_pkey on customer  (cost=0.43..7.35 rows=1 width=12) (actual time=0.014..0.014 rows=0 loops=29854)
                     Index Cond: (c_customer_sk = catalog_sales.cs_bill_customer_sk)
                     Filter: (c_birth_month = 4)
                     Rows Removed by Filter: 1
                     Buffers: shared hit=108382 read=10966
         ->  Index Scan using customer_address_pkey on customer_address  (cost=0.42..7.35 rows=1 width=35) (actual time=0.247..0.247 rows=0 loops=5116)
               Index Cond: (ca_address_sk = customer.c_current_addr_sk)
               Filter: (ca_state = ANY ('{GA,IL,WA}'::bpchar[]))
               Rows Removed by Filter: 1
               Buffers: shared hit=11569 read=8895
 Planning:
   Buffers: shared hit=454
 Planning Time: 1.921 ms
 Execution Time: 61906.003 ms
(53 rows)

