                                                                              QUERY PLAN                                                                              
----------------------------------------------------------------------------------------------------------------------------------------------------------------------
 Aggregate  (cost=5925846.44..5925846.45 rows=1 width=268) (actual time=51534.623..51534.628 rows=1 loops=1)
   Buffers: shared hit=153518 read=3646989
   ->  Nested Loop  (cost=17019.78..5925846.41 rows=1 width=81) (actual time=37251.461..51534.606 rows=2 loops=1)
         Buffers: shared hit=153518 read=3646989
         ->  Nested Loop  (cost=17019.36..5925839.02 rows=1 width=54) (actual time=29907.532..51526.136 rows=37 loops=1)
               Buffers: shared hit=153436 read=3646923
               ->  Nested Loop  (cost=17018.93..5925758.11 rows=11 width=54) (actual time=29739.076..51521.148 rows=244 loops=1)
                     Buffers: shared hit=152511 read=3646872
                     ->  Nested Loop  (cost=17018.50..5920021.52 rows=780 width=50) (actual time=29673.211..51239.502 rows=16081 loops=1)
                           Buffers: shared hit=101447 read=3633700
                           ->  Hash Join  (cost=17018.20..5900803.24 rows=157345 width=54) (actual time=134.306..51145.559 rows=78346 loops=1)
                                 Hash Cond: (catalog_sales.cs_item_sk = item.i_item_sk)
                                 Buffers: shared hit=95036 read=3633700
                                 ->  Seq Scan on catalog_sales  (cost=0.00..5874397.76 rows=3576029 width=41) (actual time=0.054..50261.250 rows=3595775 loops=1)
                                       Filter: ((cs_wholesale_cost >= '77'::numeric) AND (cs_wholesale_cost <= '82'::numeric))
                                       Rows Removed by Filter: 140396524
                                       Buffers: shared hit=80680 read=3633700
                                 ->  Hash  (cost=16906.00..16906.00 rows=8976 width=21) (actual time=133.602..133.603 rows=8826 loops=1)
                                       Buckets: 16384  Batches: 1  Memory Usage: 611kB
                                       Buffers: shared hit=14356
                                       ->  Seq Scan on item  (cost=0.00..16906.00 rows=8976 width=21) (actual time=0.014..131.264 rows=8826 loops=1)
                                             Filter: (i_category = 'Jewelry'::bpchar)
                                             Rows Removed by Filter: 195174
                                             Buffers: shared hit=14356
                           ->  Memoize  (cost=0.30..7.22 rows=1 width=4) (actual time=0.001..0.001 rows=0 loops=78346)
                                 Cache Key: catalog_sales.cs_sold_date_sk
                                 Cache Mode: logical
                                 Hits: 76208  Misses: 2138  Evictions: 0  Overflows: 0  Memory Usage: 155kB
                                 Buffers: shared hit=6411
                                 ->  Index Scan using date_dim_pkey on date_dim  (cost=0.29..7.21 rows=1 width=4) (actual time=0.016..0.016 rows=0 loops=2138)
                                       Index Cond: (d_date_sk = catalog_sales.cs_sold_date_sk)
                                       Filter: (d_year = 2002)
                                       Rows Removed by Filter: 1
                                       Buffers: shared hit=6411
                     ->  Index Scan using customer_pkey on customer  (cost=0.43..7.35 rows=1 width=12) (actual time=0.017..0.017 rows=0 loops=16081)
                           Index Cond: (c_customer_sk = catalog_sales.cs_bill_customer_sk)
                           Filter: (c_birth_month = 5)
                           Rows Removed by Filter: 1
                           Buffers: shared hit=51064 read=13172
               ->  Index Scan using customer_demographics_pkey on customer_demographics  (cost=0.43..7.36 rows=1 width=8) (actual time=0.019..0.019 rows=0 loops=244)
                     Index Cond: (cd_demo_sk = catalog_sales.cs_bill_cdemo_sk)
                     Filter: ((cd_gender = 'M'::bpchar) AND (cd_education_status = 'Unknown'::bpchar))
                     Rows Removed by Filter: 1
                     Buffers: shared hit=925 read=51
         ->  Index Scan using customer_address_pkey on customer_address  (cost=0.42..7.39 rows=1 width=35) (actual time=0.227..0.227 rows=0 loops=37)
               Index Cond: (ca_address_sk = customer.c_current_addr_sk)
               Filter: (ca_state = ANY ('{KY,MA,NC}'::bpchar[]))
               Rows Removed by Filter: 1
               Buffers: shared hit=82 read=66
 Planning:
   Buffers: shared hit=454
 Planning Time: 1.895 ms
 Execution Time: 51534.954 ms
(53 rows)

