                                                                                     QUERY PLAN                                                                                      
-------------------------------------------------------------------------------------------------------------------------------------------------------------------------------------
 Aggregate  (cost=5983099.33..5983099.34 rows=1 width=268) (actual time=61912.365..61912.370 rows=1 loops=1)
   Buffers: shared hit=1773103 read=3748431
   ->  Nested Loop  (cost=2393.34..5983099.25 rows=3 width=81) (actual time=13899.416..61912.070 rows=35 loops=1)
         Buffers: shared hit=1773103 read=3748431
         ->  Nested Loop  (cost=2392.92..5982981.73 rows=16 width=68) (actual time=13848.907..61881.013 rows=220 loops=1)
               Buffers: shared hit=1772451 read=3748203
               ->  Nested Loop  (cost=2392.49..5982062.37 rows=125 width=41) (actual time=13582.098..61195.340 rows=4466 loops=1)
                     Buffers: shared hit=1761775 read=3741015
                     ->  Nested Loop  (cost=2392.07..5975457.70 rows=898 width=37) (actual time=13576.090..60538.652 rows=30723 loops=1)
                           Buffers: shared hit=1660877 read=3719125
                           ->  Hash Join  (cost=2391.64..5883417.43 rows=12512 width=37) (actual time=13576.011..52974.548 rows=416567 loops=1)
                                 Hash Cond: (catalog_sales.cs_sold_date_sk = date_dim.d_date_sk)
                                 Buffers: shared hit=37227 read=3678627
                                 ->  Seq Scan on catalog_sales  (cost=0.00..5874397.76 rows=2524821 width=41) (actual time=0.052..52496.402 rows=2625628 loops=1)
                                       Filter: ((cs_wholesale_cost >= '46'::numeric) AND (cs_wholesale_cost <= '51'::numeric))
                                       Rows Removed by Filter: 141366671
                                       Buffers: shared hit=37185 read=3677195
                                 ->  Hash  (cost=2387.11..2387.11 rows=362 width=4) (actual time=33.895..33.896 rows=366 loops=1)
                                       Buckets: 1024  Batches: 1  Memory Usage: 21kB
                                       Buffers: shared hit=42 read=1432
                                       ->  Seq Scan on date_dim  (cost=0.00..2387.11 rows=362 width=4) (actual time=17.629..33.781 rows=366 loops=1)
                                             Filter: (d_year = 2000)
                                             Rows Removed by Filter: 72683
                                             Buffers: shared hit=42 read=1432
                           ->  Index Scan using customer_demographics_pkey on customer_demographics  (cost=0.43..7.36 rows=1 width=8) (actual time=0.018..0.018 rows=0 loops=416567)
                                 Index Cond: (cd_demo_sk = catalog_sales.cs_bill_cdemo_sk)
                                 Filter: ((cd_gender = 'M'::bpchar) AND (cd_education_status = 'Primary'::bpchar))
                                 Rows Removed by Filter: 1
                                 Buffers: shared hit=1623650 read=40498
                     ->  Index Scan using customer_pkey on customer  (cost=0.43..7.35 rows=1 width=12) (actual time=0.021..0.021 rows=0 loops=30723)
                           Index Cond: (c_customer_sk = catalog_sales.cs_bill_customer_sk)
                           Filter: (c_birth_month = 10)
                           Rows Removed by Filter: 1
                           Buffers: shared hit=100898 read=21890
               ->  Index Scan using customer_address_pkey on customer_address  (cost=0.42..7.35 rows=1 width=35) (actual time=0.153..0.153 rows=0 loops=4466)
                     Index Cond: (ca_address_sk = customer.c_current_addr_sk)
                     Filter: (ca_state = ANY ('{TN,TX,WV}'::bpchar[]))
                     Rows Removed by Filter: 1
                     Buffers: shared hit=10676 read=7188
         ->  Index Scan using item_pkey on item  (cost=0.42..7.34 rows=1 width=21) (actual time=0.140..0.140 rows=0 loops=220)
               Index Cond: (i_item_sk = catalog_sales.cs_item_sk)
               Filter: (i_category = 'Shoes'::bpchar)
               Rows Removed by Filter: 1
               Buffers: shared hit=652 read=228
 Planning:
   Buffers: shared hit=454
 Planning Time: 1.614 ms
 Execution Time: 61912.593 ms
(48 rows)

