                                                                                  QUERY PLAN                                                                                   
-------------------------------------------------------------------------------------------------------------------------------------------------------------------------------
 Aggregate  (cost=6009005.71..6009005.72 rows=1 width=268) (actual time=59726.649..59726.654 rows=1 loops=1)
   Buffers: shared hit=1840657 read=3674545
   ->  Nested Loop  (cost=19829.07..6009005.52 rows=7 width=81) (actual time=29495.618..59726.127 rows=66 loops=1)
         Buffers: shared hit=1840657 read=3674545
         ->  Nested Loop  (cost=19828.64..6008417.01 rows=80 width=54) (actual time=29445.905..59443.977 rows=1633 loops=1)
               Buffers: shared hit=1836853 read=3671817
               ->  Nested Loop  (cost=19828.22..6002504.28 rows=804 width=50) (actual time=29443.670..59108.942 rows=16063 loops=1)
                     Buffers: shared hit=1786817 read=3657625
                     ->  Hash Join  (cost=19827.79..5922186.05 rows=10919 width=50) (actual time=29443.016..52142.265 rows=429115 loops=1)
                           Hash Cond: (catalog_sales.cs_item_sk = item.i_item_sk)
                           Buffers: shared hit=90782 read=3639428
                           ->  Hash Join  (cost=2391.64..5904612.03 rows=52522 width=37) (actual time=29294.350..51490.354 rows=2103304 loops=1)
                                 Hash Cond: (catalog_sales.cs_sold_date_sk = date_dim.d_date_sk)
                                 Buffers: shared hit=90772 read=3625082
                                 ->  Seq Scan on catalog_sales  (cost=0.00..5874397.76 rows=10598487 width=41) (actual time=0.027..49982.322 rows=10312840 loops=1)
                                       Filter: ((cs_wholesale_cost >= '85'::numeric) AND (cs_wholesale_cost <= '90'::numeric))
                                       Rows Removed by Filter: 133679459
                                       Buffers: shared hit=90730 read=3623650
                                 ->  Hash  (cost=2387.11..2387.11 rows=362 width=4) (actual time=19.425..19.426 rows=365 loops=1)
                                       Buckets: 1024  Batches: 1  Memory Usage: 21kB
                                       Buffers: shared hit=42 read=1432
                                       ->  Seq Scan on date_dim  (cost=0.00..2387.11 rows=362 width=4) (actual time=10.433..19.360 rows=365 loops=1)
                                             Filter: (d_year = 2002)
                                             Rows Removed by Filter: 72684
                                             Buffers: shared hit=42 read=1432
                           ->  Hash  (cost=16906.00..16906.00 rows=42412 width=21) (actual time=148.319..148.320 rows=42041 loops=1)
                                 Buckets: 65536  Batches: 1  Memory Usage: 2812kB
                                 Buffers: shared hit=10 read=14346
                                 ->  Seq Scan on item  (cost=0.00..16906.00 rows=42412 width=21) (actual time=0.019..135.804 rows=42041 loops=1)
                                       Filter: (i_category = 'Electronics'::bpchar)
                                       Rows Removed by Filter: 161959
                                       Buffers: shared hit=10 read=14346
                     ->  Index Scan using customer_demographics_pkey on customer_demographics  (cost=0.43..7.36 rows=1 width=8) (actual time=0.016..0.016 rows=0 loops=429115)
                           Index Cond: (cd_demo_sk = catalog_sales.cs_bill_cdemo_sk)
                           Filter: ((cd_gender = 'F'::bpchar) AND (cd_education_status = '4 yr Degree'::bpchar))
                           Rows Removed by Filter: 1
                           Buffers: shared hit=1696035 read=18197
               ->  Index Scan using customer_pkey on customer  (cost=0.43..7.35 rows=1 width=12) (actual time=0.020..0.020 rows=0 loops=16063)
                     Index Cond: (c_customer_sk = catalog_sales.cs_bill_customer_sk)
                     Filter: (c_birth_month = 1)
                     Rows Removed by Filter: 1
                     Buffers: shared hit=50036 read=14192
         ->  Index Scan using customer_address_pkey on customer_address  (cost=0.42..7.36 rows=1 width=35) (actual time=0.171..0.171 rows=0 loops=1633)
               Index Cond: (ca_address_sk = customer.c_current_addr_sk)
               Filter: (ca_state = ANY ('{GA,OH,WV}'::bpchar[]))
               Rows Removed by Filter: 1
               Buffers: shared hit=3804 read=2728
 Planning:
   Buffers: shared hit=454
 Planning Time: 1.743 ms
 Execution Time: 59726.922 ms
(51 rows)

