                                                                                  QUERY PLAN                                                                                  
------------------------------------------------------------------------------------------------------------------------------------------------------------------------------
 Aggregate  (cost=5942653.47..5942653.48 rows=1 width=268) (actual time=55233.322..55233.328 rows=1 loops=1)
   Buffers: shared hit=112178 read=3698605
   ->  Nested Loop  (cost=16954.16..5942653.44 rows=1 width=81) (actual time=33058.789..55233.228 rows=11 loops=1)
         Buffers: shared hit=112178 read=3698605
         ->  Nested Loop  (cost=16953.73..5942601.95 rows=7 width=54) (actual time=32830.839..55222.954 rows=163 loops=1)
               Buffers: shared hit=111707 read=3698424
               ->  Nested Loop  (cost=16953.31..5942146.00 rows=62 width=50) (actual time=32827.349..55199.988 rows=1340 loops=1)
                     Buffers: shared hit=106539 read=3698232
                     ->  Nested Loop  (cost=16952.88..5935834.69 rows=858 width=50) (actual time=32819.357..54805.291 rows=17421 loops=1)
                           Buffers: shared hit=49590 read=3685557
                           ->  Hash Join  (cost=16952.58..5916223.45 rows=173063 width=54) (actual time=126.751..54707.925 rows=84178 loops=1)
                                 Hash Cond: (catalog_sales.cs_item_sk = item.i_item_sk)
                                 Buffers: shared hit=43556 read=3685180
                                 ->  Seq Scan on catalog_sales  (cost=0.00..5874397.76 rows=9475278 width=41) (actual time=0.030..53009.253 rows=9280537 loops=1)
                                       Filter: ((cs_wholesale_cost >= '6'::numeric) AND (cs_wholesale_cost <= '11'::numeric))
                                       Rows Removed by Filter: 134711762
                                       Buffers: shared hit=43545 read=3670835
                                 ->  Hash  (cost=16906.00..16906.00 rows=3726 width=21) (actual time=126.318..126.319 rows=3713 loops=1)
                                       Buckets: 4096  Batches: 1  Memory Usage: 236kB
                                       Buffers: shared hit=11 read=14345
                                       ->  Seq Scan on item  (cost=0.00..16906.00 rows=3726 width=21) (actual time=0.047..125.178 rows=3713 loops=1)
                                             Filter: (i_category = 'Music'::bpchar)
                                             Rows Removed by Filter: 200287
                                             Buffers: shared hit=11 read=14345
                           ->  Memoize  (cost=0.30..7.22 rows=1 width=4) (actual time=0.001..0.001 rows=0 loops=84178)
                                 Cache Key: catalog_sales.cs_sold_date_sk
                                 Cache Mode: logical
                                 Hits: 82040  Misses: 2138  Evictions: 0  Overflows: 0  Memory Usage: 155kB
                                 Buffers: shared hit=6034 read=377
                                 ->  Index Scan using date_dim_pkey on date_dim  (cost=0.29..7.21 rows=1 width=4) (actual time=0.018..0.018 rows=0 loops=2138)
                                       Index Cond: (d_date_sk = catalog_sales.cs_sold_date_sk)
                                       Filter: (d_year = 2002)
                                       Rows Removed by Filter: 1
                                       Buffers: shared hit=6034 read=377
                     ->  Index Scan using customer_demographics_pkey on customer_demographics  (cost=0.43..7.36 rows=1 width=8) (actual time=0.022..0.022 rows=0 loops=17421)
                           Index Cond: (cd_demo_sk = catalog_sales.cs_bill_cdemo_sk)
                           Filter: ((cd_gender = 'M'::bpchar) AND (cd_education_status = 'Primary'::bpchar))
                           Rows Removed by Filter: 1
                           Buffers: shared hit=56949 read=12675
               ->  Index Scan using customer_pkey on customer  (cost=0.43..7.35 rows=1 width=12) (actual time=0.016..0.016 rows=0 loops=1340)
                     Index Cond: (c_customer_sk = catalog_sales.cs_bill_customer_sk)
                     Filter: (c_birth_month = 8)
                     Rows Removed by Filter: 1
                     Buffers: shared hit=5168 read=192
         ->  Index Scan using customer_address_pkey on customer_address  (cost=0.42..7.36 rows=1 width=35) (actual time=0.062..0.062 rows=0 loops=163)
               Index Cond: (ca_address_sk = customer.c_current_addr_sk)
               Filter: (ca_state = ANY ('{GA,WA,WV}'::bpchar[]))
               Rows Removed by Filter: 1
               Buffers: shared hit=471 read=181
 Planning:
   Buffers: shared hit=407 read=47
 Planning Time: 2.377 ms
 Execution Time: 55233.675 ms
(53 rows)

