                                                                                  QUERY PLAN                                                                                   
-------------------------------------------------------------------------------------------------------------------------------------------------------------------------------
 Aggregate  (cost=6036214.31..6036214.32 rows=1 width=268) (actual time=62653.828..62653.834 rows=1 loops=1)
   Buffers: shared hit=1394710 read=3794172
   ->  Nested Loop  (cost=19717.88..6036213.87 rows=16 width=81) (actual time=392.476..62653.530 rows=39 loops=1)
         Buffers: shared hit=1394710 read=3794172
         ->  Nested Loop  (cost=19717.46..6035294.51 rows=125 width=54) (actual time=164.690..62592.107 rows=1044 loops=1)
               Buffers: shared hit=1391595 read=3793111
               ->  Nested Loop  (cost=19717.03..6028661.14 rows=902 width=50) (actual time=161.340..62433.343 rows=7451 loops=1)
                     Buffers: shared hit=1362837 read=3792081
                     ->  Hash Join  (cost=19716.60..5935257.32 rows=12698 width=50) (actual time=160.325..56556.311 rows=356598 loops=1)
                           Hash Cond: (catalog_sales.cs_item_sk = item.i_item_sk)
                           Buffers: shared hit=47 read=3730163
                           ->  Hash Join  (cost=2391.64..5917729.49 rows=77284 width=37) (actual time=25.049..55960.945 rows=2108126 loops=1)
                                 Hash Cond: (catalog_sales.cs_sold_date_sk = date_dim.d_date_sk)
                                 Buffers: shared hit=43 read=3715811
                                 ->  Seq Scan on catalog_sales  (cost=0.00..5874397.76 rows=15595328 width=41) (actual time=0.039..54043.052 rows=15696054 loops=1)
                                       Filter: ((cs_wholesale_cost >= '25'::numeric) AND (cs_wholesale_cost <= '30'::numeric))
                                       Rows Removed by Filter: 128296245
                                       Buffers: shared hit=1 read=3714379
                                 ->  Hash  (cost=2387.11..2387.11 rows=362 width=4) (actual time=24.981..24.982 rows=365 loops=1)
                                       Buckets: 1024  Batches: 1  Memory Usage: 21kB
                                       Buffers: shared hit=42 read=1432
                                       ->  Seq Scan on date_dim  (cost=0.00..2387.11 rows=362 width=4) (actual time=15.550..24.924 rows=365 loops=1)
                                             Filter: (d_year = 1998)
                                             Rows Removed by Filter: 72684
                                             Buffers: shared hit=42 read=1432
                           ->  Hash  (cost=16906.00..16906.00 rows=33517 width=21) (actual time=135.039..135.039 rows=33627 loops=1)
                                 Buckets: 65536  Batches: 1  Memory Usage: 2351kB
                                 Buffers: shared hit=4 read=14352
                                 ->  Seq Scan on item  (cost=0.00..16906.00 rows=33517 width=21) (actual time=0.022..126.851 rows=33627 loops=1)
                                       Filter: (i_category = 'Shoes'::bpchar)
                                       Rows Removed by Filter: 170373
                                       Buffers: shared hit=4 read=14352
                     ->  Index Scan using customer_demographics_pkey on customer_demographics  (cost=0.43..7.36 rows=1 width=8) (actual time=0.016..0.016 rows=0 loops=356598)
                           Index Cond: (cd_demo_sk = catalog_sales.cs_bill_cdemo_sk)
                           Filter: ((cd_gender = 'M'::bpchar) AND (cd_education_status = 'Secondary'::bpchar))
                           Rows Removed by Filter: 1
                           Buffers: shared hit=1362790 read=61918
               ->  Index Scan using customer_pkey on customer  (cost=0.43..7.35 rows=1 width=12) (actual time=0.021..0.021 rows=0 loops=7451)
                     Index Cond: (c_customer_sk = catalog_sales.cs_bill_customer_sk)
                     Filter: (c_birth_month = 10)
                     Rows Removed by Filter: 1
                     Buffers: shared hit=28758 read=1030
         ->  Index Scan using customer_address_pkey on customer_address  (cost=0.42..7.35 rows=1 width=35) (actual time=0.058..0.058 rows=0 loops=1044)
               Index Cond: (ca_address_sk = customer.c_current_addr_sk)
               Filter: (ca_state = ANY ('{ND,OH,TX}'::bpchar[]))
               Rows Removed by Filter: 1
               Buffers: shared hit=3115 read=1061
 Planning:
   Buffers: shared hit=454
 Planning Time: 4.456 ms
 Execution Time: 62654.251 ms
(51 rows)

