                                                                              QUERY PLAN                                                                               
-----------------------------------------------------------------------------------------------------------------------------------------------------------------------
 Aggregate  (cost=5981723.67..5981723.68 rows=1 width=268) (actual time=55355.042..55355.047 rows=1 loops=1)
   Buffers: shared hit=375916 read=3692187
   ->  Nested Loop  (cost=17073.85..5981723.65 rows=1 width=81) (actual time=32475.644..55355.014 rows=3 loops=1)
         Buffers: shared hit=375916 read=3692187
         ->  Nested Loop  (cost=17073.42..5981635.31 rows=12 width=54) (actual time=32475.613..55351.466 rows=110 loops=1)
               Buffers: shared hit=375616 read=3692047
               ->  Nested Loop  (cost=17072.99..5980348.04 rows=175 width=54) (actual time=32372.573..55292.071 rows=3746 loops=1)
                     Buffers: shared hit=360959 read=3691728
                     ->  Nested Loop  (cost=17072.57..5953976.14 rows=3586 width=50) (actual time=32371.466..54251.658 rows=79485 loops=1)
                           Buffers: shared hit=71163 read=3663984
                           ->  Hash Join  (cost=17072.26..5920602.06 rows=723580 width=54) (actual time=115.155..54055.088 rows=389342 loops=1)
                                 Hash Cond: (catalog_sales.cs_item_sk = item.i_item_sk)
                                 Buffers: shared hit=64752 read=3663984
                                 ->  Seq Scan on catalog_sales  (cost=0.00..5874397.76 rows=11097691 width=41) (actual time=0.047..51703.959 rows=11458169 loops=1)
                                       Filter: ((cs_wholesale_cost >= '58'::numeric) AND (cs_wholesale_cost <= '63'::numeric))
                                       Rows Removed by Filter: 132534130
                                       Buffers: shared hit=50397 read=3663983
                                 ->  Hash  (cost=16906.00..16906.00 rows=13301 width=21) (actual time=114.939..114.939 rows=13933 loops=1)
                                       Buckets: 16384  Batches: 1  Memory Usage: 890kB
                                       Buffers: shared hit=14355 read=1
                                       ->  Seq Scan on item  (cost=0.00..16906.00 rows=13301 width=21) (actual time=0.014..111.811 rows=13933 loops=1)
                                             Filter: (i_category = 'Men'::bpchar)
                                             Rows Removed by Filter: 190067
                                             Buffers: shared hit=14355 read=1
                           ->  Memoize  (cost=0.30..7.22 rows=1 width=4) (actual time=0.000..0.000 rows=0 loops=389342)
                                 Cache Key: catalog_sales.cs_sold_date_sk
                                 Cache Mode: logical
                                 Hits: 387204  Misses: 2138  Evictions: 0  Overflows: 0  Memory Usage: 155kB
                                 Buffers: shared hit=6411
                                 ->  Index Scan using date_dim_pkey on date_dim  (cost=0.29..7.21 rows=1 width=4) (actual time=0.017..0.017 rows=0 loops=2138)
                                       Index Cond: (d_date_sk = catalog_sales.cs_sold_date_sk)
                                       Filter: (d_year = 2002)
                                       Rows Removed by Filter: 1
                                       Buffers: shared hit=6411
                     ->  Index Scan using customer_pkey on customer  (cost=0.43..7.35 rows=1 width=12) (actual time=0.013..0.013 rows=0 loops=79485)
                           Index Cond: (c_customer_sk = catalog_sales.cs_bill_customer_sk)
                           Filter: (c_birth_month = 7)
                           Rows Removed by Filter: 1
                           Buffers: shared hit=289796 read=27744
               ->  Index Scan using customer_demographics_pkey on customer_demographics  (cost=0.43..7.36 rows=1 width=8) (actual time=0.015..0.015 rows=0 loops=3746)
                     Index Cond: (cd_demo_sk = catalog_sales.cs_bill_cdemo_sk)
                     Filter: ((cd_gender = 'F'::bpchar) AND (cd_education_status = 'Advanced Degree'::bpchar))
                     Rows Removed by Filter: 1
                     Buffers: shared hit=14657 read=319
         ->  Index Scan using customer_address_pkey on customer_address  (cost=0.42..7.36 rows=1 width=35) (actual time=0.031..0.031 rows=0 loops=110)
               Index Cond: (ca_address_sk = customer.c_current_addr_sk)
               Filter: (ca_state = ANY ('{AR,CO,MN}'::bpchar[]))
               Rows Removed by Filter: 1
               Buffers: shared hit=300 read=140
 Planning:
   Buffers: shared hit=454
 Planning Time: 4.613 ms
 Execution Time: 55355.631 ms
(53 rows)

