                                                                              QUERY PLAN                                                                              
----------------------------------------------------------------------------------------------------------------------------------------------------------------------
 Aggregate  (cost=5982280.28..5982280.29 rows=1 width=268) (actual time=60993.659..60993.664 rows=1 loops=1)
   Buffers: shared hit=1398616 read=3825050
   ->  Nested Loop  (cost=2393.34..5982280.26 rows=1 width=81) (actual time=12934.473..60993.651 rows=1 loops=1)
         Buffers: shared hit=1398616 read=3825050
         ->  Nested Loop  (cost=2392.91..5982250.82 rows=4 width=54) (actual time=281.211..60990.499 rows=54 loops=1)
               Buffers: shared hit=1398506 read=3824944
               ->  Nested Loop  (cost=2392.49..5981831.52 rows=57 width=54) (actual time=53.787..60969.575 rows=776 loops=1)
                     Buffers: shared hit=1396173 read=3824173
                     ->  Nested Loop  (cost=2392.07..5975441.64 rows=870 width=41) (actual time=14.022..60429.033 rows=23956 loops=1)
                           Buffers: shared hit=1312452 read=3812070
                           ->  Hash Join  (cost=2391.64..5883417.43 rows=12512 width=37) (actual time=12.777..53655.500 rows=352647 loops=1)
                                 Hash Cond: (catalog_sales.cs_sold_date_sk = date_dim.d_date_sk)
                                 Buffers: shared hit=3373 read=3712481
                                 ->  Seq Scan on catalog_sales  (cost=0.00..5874397.76 rows=2524821 width=41) (actual time=0.093..53213.644 rows=2625628 loops=1)
                                       Filter: ((cs_wholesale_cost >= '43'::numeric) AND (cs_wholesale_cost <= '48'::numeric))
                                       Rows Removed by Filter: 141366671
                                       Buffers: shared hit=1899 read=3712481
                                 ->  Hash  (cost=2387.11..2387.11 rows=362 width=4) (actual time=12.663..12.664 rows=365 loops=1)
                                       Buckets: 1024  Batches: 1  Memory Usage: 21kB
                                       Buffers: shared hit=1474
                                       ->  Seq Scan on date_dim  (cost=0.00..2387.11 rows=362 width=4) (actual time=5.535..12.608 rows=365 loops=1)
                                             Filter: (d_year = 1998)
                                             Rows Removed by Filter: 72684
                                             Buffers: shared hit=1474
                           ->  Index Scan using customer_pkey on customer  (cost=0.43..7.35 rows=1 width=12) (actual time=0.019..0.019 rows=0 loops=352647)
                                 Index Cond: (c_customer_sk = catalog_sales.cs_bill_customer_sk)
                                 Filter: (c_birth_month = 12)
                                 Rows Removed by Filter: 1
                                 Buffers: shared hit=1309079 read=99589
                     ->  Index Scan using item_pkey on item  (cost=0.42..7.34 rows=1 width=21) (actual time=0.022..0.022 rows=0 loops=23956)
                           Index Cond: (i_item_sk = catalog_sales.cs_item_sk)
                           Filter: (i_category = 'Men'::bpchar)
                           Rows Removed by Filter: 1
                           Buffers: shared hit=83721 read=12103
               ->  Index Scan using customer_demographics_pkey on customer_demographics  (cost=0.43..7.36 rows=1 width=8) (actual time=0.025..0.025 rows=0 loops=776)
                     Index Cond: (cd_demo_sk = catalog_sales.cs_bill_cdemo_sk)
                     Filter: ((cd_gender = 'M'::bpchar) AND (cd_education_status = 'Primary'::bpchar))
                     Rows Removed by Filter: 1
                     Buffers: shared hit=2333 read=771
         ->  Index Scan using customer_address_pkey on customer_address  (cost=0.42..7.36 rows=1 width=35) (actual time=0.057..0.057 rows=0 loops=54)
               Index Cond: (ca_address_sk = customer.c_current_addr_sk)
               Filter: (ca_state = ANY ('{LA,TX,UT}'::bpchar[]))
               Rows Removed by Filter: 1
               Buffers: shared hit=110 read=106
 Planning:
   Buffers: shared hit=454
 Planning Time: 3.557 ms
 Execution Time: 60993.978 ms
(48 rows)

