                                                                             QUERY PLAN                                                                             
--------------------------------------------------------------------------------------------------------------------------------------------------------------------
 Aggregate  (cost=6015321.07..6015321.08 rows=1 width=268) (actual time=58325.834..58325.841 rows=1 loops=1)
   Buffers: shared hit=764402 read=3705328
   ->  Nested Loop  (cost=19633.73..6015320.99 rows=3 width=81) (actual time=24053.974..58325.600 rows=32 loops=1)
         Buffers: shared hit=764402 read=3705328
         ->  Nested Loop  (cost=19633.30..6014982.62 rows=46 width=81) (actual time=23788.425..58313.631 rows=586 loops=1)
               Buffers: shared hit=763027 read=3704359
               ->  Nested Loop  (cost=19632.88..6009794.86 rows=705 width=54) (actual time=23785.583..57871.527 rows=11565 loops=1)
                     Buffers: shared hit=734273 read=3686853
                     ->  Hash Join  (cost=19632.45..5935173.17 rows=10147 width=50) (actual time=23785.144..55825.275 rows=172942 loops=1)
                           Hash Cond: (catalog_sales.cs_item_sk = item.i_item_sk)
                           Buffers: shared hit=73539 read=3656671
                           ->  Hash Join  (cost=2391.64..5917729.49 rows=77284 width=37) (actual time=23646.678..55170.525 rows=2635041 loops=1)
                                 Hash Cond: (catalog_sales.cs_sold_date_sk = date_dim.d_date_sk)
                                 Buffers: shared hit=59476 read=3656378
                                 ->  Seq Scan on catalog_sales  (cost=0.00..5874397.76 rows=15595328 width=41) (actual time=0.030..53236.263 rows=15696054 loops=1)
                                       Filter: ((cs_wholesale_cost >= '26'::numeric) AND (cs_wholesale_cost <= '31'::numeric))
                                       Rows Removed by Filter: 128296245
                                       Buffers: shared hit=59434 read=3654946
                                 ->  Hash  (cost=2387.11..2387.11 rows=362 width=4) (actual time=15.656..15.657 rows=365 loops=1)
                                       Buckets: 1024  Batches: 1  Memory Usage: 21kB
                                       Buffers: shared hit=42 read=1432
                                       ->  Seq Scan on date_dim  (cost=0.00..2387.11 rows=362 width=4) (actual time=8.056..15.607 rows=365 loops=1)
                                             Filter: (d_year = 2001)
                                             Rows Removed by Filter: 72684
                                             Buffers: shared hit=42 read=1432
                           ->  Hash  (cost=16906.00..16906.00 rows=26785 width=21) (actual time=138.327..138.328 rows=26695 loops=1)
                                 Buckets: 32768  Batches: 1  Memory Usage: 1716kB
                                 Buffers: shared hit=14063 read=293
                                 ->  Seq Scan on item  (cost=0.00..16906.00 rows=26785 width=21) (actual time=0.014..129.016 rows=26695 loops=1)
                                       Filter: (i_category = 'Children'::bpchar)
                                       Rows Removed by Filter: 177305
                                       Buffers: shared hit=14063 read=293
                     ->  Index Scan using customer_pkey on customer  (cost=0.43..7.35 rows=1 width=12) (actual time=0.012..0.012 rows=0 loops=172942)
                           Index Cond: (c_customer_sk = catalog_sales.cs_bill_customer_sk)
                           Filter: (c_birth_month = 12)
                           Rows Removed by Filter: 1
                           Buffers: shared hit=660734 read=30182
               ->  Index Scan using customer_address_pkey on customer_address  (cost=0.42..7.36 rows=1 width=35) (actual time=0.038..0.038 rows=0 loops=11565)
                     Index Cond: (ca_address_sk = customer.c_current_addr_sk)
                     Filter: (ca_state = ANY ('{MA,OR,VA}'::bpchar[]))
                     Rows Removed by Filter: 1
                     Buffers: shared hit=28754 read=17506
         ->  Index Scan using customer_demographics_pkey on customer_demographics  (cost=0.43..7.36 rows=1 width=8) (actual time=0.019..0.019 rows=0 loops=586)
               Index Cond: (cd_demo_sk = catalog_sales.cs_bill_cdemo_sk)
               Filter: ((cd_gender = 'F'::bpchar) AND (cd_education_status = 'Unknown'::bpchar))
               Rows Removed by Filter: 1
               Buffers: shared hit=1375 read=969
 Planning:
   Buffers: shared hit=454
 Planning Time: 2.198 ms
 Execution Time: 58326.148 ms
(51 rows)

