                                                                            QUERY PLAN                                                                            
------------------------------------------------------------------------------------------------------------------------------------------------------------------
 Aggregate  (cost=5979908.27..5979908.28 rows=1 width=268) (actual time=53120.583..53120.587 rows=1 loops=1)
   Buffers: shared hit=442334 read=3707989
   ->  Nested Loop  (cost=17242.40..5979908.25 rows=1 width=81) (actual time=2820.911..53120.531 rows=6 loops=1)
         Buffers: shared hit=442334 read=3707989
         ->  Nested Loop  (cost=17241.97..5979864.11 rows=6 width=81) (actual time=217.739..53116.318 rows=197 loops=1)
               Buffers: shared hit=441890 read=3707645
               ->  Nested Loop  (cost=17241.54..5978832.71 rows=140 width=54) (actual time=146.753..53028.118 rows=3302 loops=1)
                     Buffers: shared hit=433144 read=3703183
                     ->  Nested Loop  (cost=17241.12..5946650.42 rows=4376 width=50) (actual time=139.024..51774.839 rows=100416 loops=1)
                           Buffers: shared hit=47922 read=3687225
                           ->  Hash Join  (cost=17240.81..5909291.68 rows=882967 width=54) (actual time=138.971..51507.397 rows=641907 loops=1)
                                 Hash Cond: (catalog_sales.cs_item_sk = item.i_item_sk)
                                 Buffers: shared hit=41511 read=3687225
                                 ->  Seq Scan on catalog_sales  (cost=0.00..5874397.76 rows=6724855 width=41) (actual time=0.042..49784.285 rows=6763882 loops=1)
                                       Filter: ((cs_wholesale_cost >= '73'::numeric) AND (cs_wholesale_cost <= '78'::numeric))
                                       Rows Removed by Filter: 137228417
                                       Buffers: shared hit=40703 read=3673677
                                 ->  Hash  (cost=16906.00..16906.00 rows=26785 width=21) (actual time=138.701..138.702 rows=26695 loops=1)
                                       Buckets: 32768  Batches: 1  Memory Usage: 1716kB
                                       Buffers: shared hit=808 read=13548
                                       ->  Seq Scan on item  (cost=0.00..16906.00 rows=26785 width=21) (actual time=0.016..131.875 rows=26695 loops=1)
                                             Filter: (i_category = 'Children'::bpchar)
                                             Rows Removed by Filter: 177305
                                             Buffers: shared hit=808 read=13548
                           ->  Memoize  (cost=0.30..7.22 rows=1 width=4) (actual time=0.000..0.000 rows=0 loops=641907)
                                 Cache Key: catalog_sales.cs_sold_date_sk
                                 Cache Mode: logical
                                 Hits: 639769  Misses: 2138  Evictions: 0  Overflows: 0  Memory Usage: 155kB
                                 Buffers: shared hit=6411
                                 ->  Index Scan using date_dim_pkey on date_dim  (cost=0.29..7.21 rows=1 width=4) (actual time=0.016..0.016 rows=0 loops=2138)
                                       Index Cond: (d_date_sk = catalog_sales.cs_sold_date_sk)
                                       Filter: (d_year = 1998)
                                       Rows Removed by Filter: 1
                                       Buffers: shared hit=6411
                     ->  Index Scan using customer_pkey on customer  (cost=0.43..7.35 rows=1 width=12) (actual time=0.012..0.012 rows=0 loops=100416)
                           Index Cond: (c_customer_sk = catalog_sales.cs_bill_customer_sk)
                           Filter: (c_birth_month = 6)
                           Rows Removed by Filter: 1
                           Buffers: shared hit=385222 read=15958
               ->  Index Scan using customer_address_pkey on customer_address  (cost=0.42..7.37 rows=1 width=35) (actual time=0.026..0.026 rows=0 loops=3302)
                     Index Cond: (ca_address_sk = customer.c_current_addr_sk)
                     Filter: (ca_state = ANY ('{MN,NH,WA}'::bpchar[]))
                     Rows Removed by Filter: 1
                     Buffers: shared hit=8746 read=4462
         ->  Index Scan using customer_demographics_pkey on customer_demographics  (cost=0.43..7.36 rows=1 width=8) (actual time=0.020..0.020 rows=0 loops=197)
               Index Cond: (cd_demo_sk = catalog_sales.cs_bill_cdemo_sk)
               Filter: ((cd_gender = 'M'::bpchar) AND (cd_education_status = 'Advanced Degree'::bpchar))
               Rows Removed by Filter: 1
               Buffers: shared hit=444 read=344
 Planning:
   Buffers: shared hit=408 read=46
 Planning Time: 2.148 ms
 Execution Time: 53120.947 ms
(53 rows)

