                                                                                 QUERY PLAN                                                                                  
-----------------------------------------------------------------------------------------------------------------------------------------------------------------------------
 Aggregate  (cost=5923414.12..5923414.13 rows=1 width=268) (actual time=52440.731..52440.737 rows=1 loops=1)
   Buffers: shared hit=88352 read=3674333
   ->  Nested Loop  (cost=16954.16..5923414.09 rows=1 width=81) (actual time=27039.656..52440.724 rows=1 loops=1)
         Buffers: shared hit=88352 read=3674333
         ->  Nested Loop  (cost=16953.73..5923392.02 rows=3 width=54) (actual time=22432.387..52439.732 rows=12 loops=1)
               Buffers: shared hit=88325 read=3674312
               ->  Nested Loop  (cost=16953.31..5923186.10 rows=28 width=50) (actual time=22319.885..52437.405 rows=129 loops=1)
                     Buffers: shared hit=87831 read=3674290
                     ->  Nested Loop  (cost=16952.88..5920243.71 rows=400 width=50) (actual time=22165.733..52302.542 rows=6756 loops=1)
                           Buffers: shared hit=72787 read=3662354
                           ->  Hash Join  (cost=16952.58..5902942.67 rows=80658 width=54) (actual time=135.544..52224.899 rows=39939 loops=1)
                                 Hash Cond: (catalog_sales.cs_item_sk = item.i_item_sk)
                                 Buffers: shared hit=66382 read=3662354
                                 ->  Seq Scan on catalog_sales  (cost=0.00..5874397.76 rows=4416036 width=41) (actual time=0.042..51201.302 rows=4444683 loops=1)
                                       Filter: ((cs_wholesale_cost >= '51'::numeric) AND (cs_wholesale_cost <= '56'::numeric))
                                       Rows Removed by Filter: 139547616
                                       Buffers: shared hit=52083 read=3662297
                                 ->  Hash  (cost=16906.00..16906.00 rows=3726 width=21) (actual time=133.919..133.920 rows=3713 loops=1)
                                       Buckets: 4096  Batches: 1  Memory Usage: 236kB
                                       Buffers: shared hit=14299 read=57
                                       ->  Seq Scan on item  (cost=0.00..16906.00 rows=3726 width=21) (actual time=0.038..132.673 rows=3713 loops=1)
                                             Filter: (i_category = 'Music'::bpchar)
                                             Rows Removed by Filter: 200287
                                             Buffers: shared hit=14299 read=57
                           ->  Memoize  (cost=0.30..7.22 rows=1 width=4) (actual time=0.001..0.001 rows=0 loops=39939)
                                 Cache Key: catalog_sales.cs_sold_date_sk
                                 Cache Mode: logical
                                 Hits: 37803  Misses: 2136  Evictions: 0  Overflows: 0  Memory Usage: 155kB
                                 Buffers: shared hit=6405
                                 ->  Index Scan using date_dim_pkey on date_dim  (cost=0.29..7.21 rows=1 width=4) (actual time=0.017..0.017 rows=0 loops=2136)
                                       Index Cond: (d_date_sk = catalog_sales.cs_sold_date_sk)
                                       Filter: (d_year = 2001)
                                       Rows Removed by Filter: 1
                                       Buffers: shared hit=6405
                     ->  Index Scan using customer_demographics_pkey on customer_demographics  (cost=0.43..7.36 rows=1 width=8) (actual time=0.019..0.019 rows=0 loops=6756)
                           Index Cond: (cd_demo_sk = catalog_sales.cs_bill_cdemo_sk)
                           Filter: ((cd_gender = 'F'::bpchar) AND (cd_education_status = 'Primary'::bpchar))
                           Rows Removed by Filter: 1
                           Buffers: shared hit=15044 read=11936
               ->  Index Scan using customer_pkey on customer  (cost=0.43..7.35 rows=1 width=12) (actual time=0.017..0.017 rows=0 loops=129)
                     Index Cond: (c_customer_sk = catalog_sales.cs_bill_customer_sk)
                     Filter: (c_birth_month = 1)
                     Rows Removed by Filter: 1
                     Buffers: shared hit=494 read=22
         ->  Index Scan using customer_address_pkey on customer_address  (cost=0.42..7.36 rows=1 width=35) (actual time=0.081..0.081 rows=0 loops=12)
               Index Cond: (ca_address_sk = customer.c_current_addr_sk)
               Filter: (ca_state = ANY ('{GA,ME,TN}'::bpchar[]))
               Rows Removed by Filter: 1
               Buffers: shared hit=27 read=21
 Planning:
   Buffers: shared hit=454
 Planning Time: 1.989 ms
 Execution Time: 52441.108 ms
(53 rows)

