                                                                                  QUERY PLAN                                                                                  
------------------------------------------------------------------------------------------------------------------------------------------------------------------------------
 Aggregate  (cost=5955620.18..5955620.19 rows=1 width=268) (actual time=55215.824..55215.830 rows=1 loops=1)
   Buffers: shared hit=116107 read=3682268
   ->  Nested Loop  (cost=16954.16..5955620.15 rows=1 width=81) (actual time=55215.818..55215.824 rows=0 loops=1)
         Buffers: shared hit=116107 read=3682268
         ->  Nested Loop  (cost=16953.73..5955561.30 rows=8 width=54) (actual time=236.018..55214.726 rows=28 loops=1)
               Buffers: shared hit=116039 read=3682224
               ->  Nested Loop  (cost=16953.31..5954950.91 rows=83 width=50) (actual time=132.591..55208.587 rows=322 loops=1)
                     Buffers: shared hit=114836 read=3682139
                     ->  Nested Loop  (cost=16952.88..5946366.69 rows=1167 width=50) (actual time=129.651..54943.977 rows=15476 loops=1)
                           Buffers: shared hit=75751 read=3659396
                           ->  Hash Join  (cost=16952.58..5925194.91 rows=235485 width=54) (actual time=129.615..54836.099 rows=115670 loops=1)
                                 Hash Cond: (catalog_sales.cs_item_sk = item.i_item_sk)
                                 Buffers: shared hit=69340 read=3659396
                                 ->  Seq Scan on catalog_sales  (cost=0.00..5874397.76 rows=12892906 width=41) (actual time=0.045..52700.793 rows=12722112 loops=1)
                                       Filter: ((cs_wholesale_cost >= '37'::numeric) AND (cs_wholesale_cost <= '42'::numeric))
                                       Rows Removed by Filter: 131270187
                                       Buffers: shared hit=55044 read=3659336
                                 ->  Hash  (cost=16906.00..16906.00 rows=3726 width=21) (actual time=129.383..129.384 rows=3713 loops=1)
                                       Buckets: 4096  Batches: 1  Memory Usage: 236kB
                                       Buffers: shared hit=14296 read=60
                                       ->  Seq Scan on item  (cost=0.00..16906.00 rows=3726 width=21) (actual time=0.145..127.999 rows=3713 loops=1)
                                             Filter: (i_category = 'Music'::bpchar)
                                             Rows Removed by Filter: 200287
                                             Buffers: shared hit=14296 read=60
                           ->  Memoize  (cost=0.30..7.22 rows=1 width=4) (actual time=0.001..0.001 rows=0 loops=115670)
                                 Cache Key: catalog_sales.cs_sold_date_sk
                                 Cache Mode: logical
                                 Hits: 113532  Misses: 2138  Evictions: 0  Overflows: 0  Memory Usage: 155kB
                                 Buffers: shared hit=6411
                                 ->  Index Scan using date_dim_pkey on date_dim  (cost=0.29..7.21 rows=1 width=4) (actual time=0.017..0.017 rows=0 loops=2138)
                                       Index Cond: (d_date_sk = catalog_sales.cs_sold_date_sk)
                                       Filter: (d_year = 1998)
                                       Rows Removed by Filter: 1
                                       Buffers: shared hit=6411
                     ->  Index Scan using customer_demographics_pkey on customer_demographics  (cost=0.43..7.36 rows=1 width=8) (actual time=0.017..0.017 rows=0 loops=15476)
                           Index Cond: (cd_demo_sk = catalog_sales.cs_bill_cdemo_sk)
                           Filter: ((cd_gender = 'M'::bpchar) AND (cd_education_status = 'Secondary'::bpchar))
                           Rows Removed by Filter: 1
                           Buffers: shared hit=39085 read=22743
               ->  Index Scan using customer_pkey on customer  (cost=0.43..7.35 rows=1 width=12) (actual time=0.018..0.018 rows=0 loops=322)
                     Index Cond: (c_customer_sk = catalog_sales.cs_bill_customer_sk)
                     Filter: (c_birth_month = 2)
                     Rows Removed by Filter: 1
                     Buffers: shared hit=1203 read=85
         ->  Index Scan using customer_address_pkey on customer_address  (cost=0.42..7.36 rows=1 width=35) (actual time=0.038..0.038 rows=0 loops=28)
               Index Cond: (ca_address_sk = customer.c_current_addr_sk)
               Filter: (ca_state = ANY ('{FL,MS,MT}'::bpchar[]))
               Rows Removed by Filter: 1
               Buffers: shared hit=68 read=44
 Planning:
   Buffers: shared hit=454
 Planning Time: 3.165 ms
 Execution Time: 55216.275 ms
(53 rows)

