                                                                                 QUERY PLAN                                                                                  
-----------------------------------------------------------------------------------------------------------------------------------------------------------------------------
 Aggregate  (cost=5976795.10..5976795.11 rows=1 width=268) (actual time=61204.520..61204.526 rows=1 loops=1)
   Buffers: shared hit=1769386 read=3738304
   ->  Nested Loop  (cost=2393.34..5976795.07 rows=1 width=81) (actual time=22275.986..61204.470 rows=5 loops=1)
         Buffers: shared hit=1769386 read=3738304
         ->  Nested Loop  (cost=2392.91..5976787.68 rows=1 width=54) (actual time=21803.627..61199.165 rows=158 loops=1)
               Buffers: shared hit=1769048 read=3738010
               ->  Nested Loop  (cost=2392.49..5976699.54 rows=12 width=41) (actual time=21759.837..61167.554 rows=1226 loops=1)
                     Buffers: shared hit=1765323 read=3736831
                     ->  Nested Loop  (cost=2392.07..5975441.64 rows=171 width=41) (actual time=21738.774..61020.407 rows=6251 loops=1)
                           Buffers: shared hit=1747188 read=3729970
                           ->  Hash Join  (cost=2391.64..5883417.43 rows=12512 width=37) (actual time=21737.486..52909.405 rows=440840 loops=1)
                                 Hash Cond: (catalog_sales.cs_sold_date_sk = date_dim.d_date_sk)
                                 Buffers: shared hit=64909 read=3650945
                                 ->  Seq Scan on catalog_sales  (cost=0.00..5874397.76 rows=2524821 width=41) (actual time=0.079..52436.064 rows=2625628 loops=1)
                                       Filter: ((cs_wholesale_cost >= '44'::numeric) AND (cs_wholesale_cost <= '49'::numeric))
                                       Rows Removed by Filter: 141366671
                                       Buffers: shared hit=64867 read=3649513
                                 ->  Hash  (cost=2387.11..2387.11 rows=362 width=4) (actual time=21.778..21.779 rows=365 loops=1)
                                       Buckets: 1024  Batches: 1  Memory Usage: 21kB
                                       Buffers: shared hit=42 read=1432
                                       ->  Seq Scan on date_dim  (cost=0.00..2387.11 rows=362 width=4) (actual time=10.641..21.718 rows=365 loops=1)
                                             Filter: (d_year = 2001)
                                             Rows Removed by Filter: 72684
                                             Buffers: shared hit=42 read=1432
                           ->  Index Scan using customer_pkey on customer  (cost=0.43..7.35 rows=1 width=12) (actual time=0.018..0.018 rows=0 loops=440840)
                                 Index Cond: (c_customer_sk = catalog_sales.cs_bill_customer_sk)
                                 Filter: (c_birth_month = 5)
                                 Rows Removed by Filter: 1
                                 Buffers: shared hit=1682279 read=79025
                     ->  Index Scan using customer_demographics_pkey on customer_demographics  (cost=0.43..7.36 rows=1 width=8) (actual time=0.023..0.023 rows=0 loops=6251)
                           Index Cond: (cd_demo_sk = catalog_sales.cs_bill_cdemo_sk)
                           Filter: ((cd_gender = 'M'::bpchar) AND (cd_education_status = '2 yr Degree'::bpchar))
                           Rows Removed by Filter: 1
                           Buffers: shared hit=18135 read=6861
               ->  Index Scan using item_pkey on item  (cost=0.42..7.34 rows=1 width=21) (actual time=0.024..0.024 rows=0 loops=1226)
                     Index Cond: (i_item_sk = catalog_sales.cs_item_sk)
                     Filter: (i_category = 'Sports'::bpchar)
                     Rows Removed by Filter: 1
                     Buffers: shared hit=3725 read=1179
         ->  Index Scan using customer_address_pkey on customer_address  (cost=0.42..7.39 rows=1 width=35) (actual time=0.032..0.032 rows=0 loops=158)
               Index Cond: (ca_address_sk = customer.c_current_addr_sk)
               Filter: (ca_state = ANY ('{KS,KY,PA}'::bpchar[]))
               Rows Removed by Filter: 1
               Buffers: shared hit=338 read=294
 Planning:
   Buffers: shared hit=409 read=45
 Planning Time: 2.697 ms
 Execution Time: 61204.829 ms
(48 rows)

