                                                                             QUERY PLAN                                                                             
--------------------------------------------------------------------------------------------------------------------------------------------------------------------
 Aggregate  (cost=6020489.37..6020489.38 rows=1 width=268) (actual time=60971.723..60971.729 rows=1 loops=1)
   Buffers: shared hit=1174608 read=3720479
   ->  Nested Loop  (cost=17220.72..6020489.34 rows=1 width=81) (actual time=22336.940..60971.716 rows=1 loops=1)
         Buffers: shared hit=1174608 read=3720479
         ->  Nested Loop  (cost=17220.29..6020445.21 rows=6 width=81) (actual time=14648.640..60966.643 rows=243 loops=1)
               Buffers: shared hit=1173931 read=3720184
               ->  Nested Loop  (cost=17219.87..6019765.46 rows=92 width=54) (actual time=14603.527..60851.283 rows=3987 loops=1)
                     Buffers: shared hit=1165044 read=3713123
                     ->  Nested Loop  (cost=17219.44..5970103.04 rows=6753 width=50) (actual time=14602.116..56631.432 rows=286137 loops=1)
                           Buffers: shared hit=46227 read=3688920
                           ->  Hash Join  (cost=17219.14..5920748.94 rows=1362786 width=54) (actual time=131.796..55892.331 rows=2056832 loops=1)
                                 Hash Cond: (catalog_sales.cs_item_sk = item.i_item_sk)
                                 Buffers: shared hit=39816 read=3688920
                                 ->  Seq Scan on catalog_sales  (cost=0.00..5874397.76 rows=11097691 width=41) (actual time=0.033..53052.847 rows=11458169 loops=1)
                                       Filter: ((cs_wholesale_cost >= '55'::numeric) AND (cs_wholesale_cost <= '60'::numeric))
                                       Rows Removed by Filter: 132534130
                                       Buffers: shared hit=25460 read=3688920
                                 ->  Hash  (cost=16906.00..16906.00 rows=25051 width=21) (actual time=131.521..131.522 rows=24688 loops=1)
                                       Buckets: 32768  Batches: 1  Memory Usage: 1607kB
                                       Buffers: shared hit=14356
                                       ->  Seq Scan on item  (cost=0.00..16906.00 rows=25051 width=21) (actual time=0.020..123.908 rows=24688 loops=1)
                                             Filter: (i_category = 'Books'::bpchar)
                                             Rows Removed by Filter: 179312
                                             Buffers: shared hit=14356
                           ->  Memoize  (cost=0.30..7.22 rows=1 width=4) (actual time=0.000..0.000 rows=0 loops=2056832)
                                 Cache Key: catalog_sales.cs_sold_date_sk
                                 Cache Mode: logical
                                 Hits: 2054694  Misses: 2138  Evictions: 0  Overflows: 0  Memory Usage: 155kB
                                 Buffers: shared hit=6411
                                 ->  Index Scan using date_dim_pkey on date_dim  (cost=0.29..7.21 rows=1 width=4) (actual time=0.018..0.018 rows=0 loops=2138)
                                       Index Cond: (d_date_sk = catalog_sales.cs_sold_date_sk)
                                       Filter: (d_year = 2000)
                                       Rows Removed by Filter: 1
                                       Buffers: shared hit=6411
                     ->  Index Scan using customer_pkey on customer  (cost=0.43..7.35 rows=1 width=12) (actual time=0.015..0.015 rows=0 loops=286137)
                           Index Cond: (c_customer_sk = catalog_sales.cs_bill_customer_sk)
                           Filter: (c_birth_month = 5)
                           Rows Removed by Filter: 1
                           Buffers: shared hit=1118817 read=24203
               ->  Index Scan using customer_address_pkey on customer_address  (cost=0.42..7.39 rows=1 width=35) (actual time=0.028..0.028 rows=0 loops=3987)
                     Index Cond: (ca_address_sk = customer.c_current_addr_sk)
                     Filter: (ca_state = ANY ('{KS,NY,PA}'::bpchar[]))
                     Rows Removed by Filter: 1
                     Buffers: shared hit=8887 read=7061
         ->  Index Scan using customer_demographics_pkey on customer_demographics  (cost=0.43..7.36 rows=1 width=8) (actual time=0.020..0.020 rows=0 loops=243)
               Index Cond: (cd_demo_sk = catalog_sales.cs_bill_cdemo_sk)
               Filter: ((cd_gender = 'F'::bpchar) AND (cd_education_status = 'Secondary'::bpchar))
               Rows Removed by Filter: 1
               Buffers: shared hit=677 read=295
 Planning:
   Buffers: shared hit=454
 Planning Time: 3.190 ms
 Execution Time: 60972.185 ms
(53 rows)

