                                                                                  QUERY PLAN                                                                                   
-------------------------------------------------------------------------------------------------------------------------------------------------------------------------------
 Aggregate  (cost=5970503.63..5970503.64 rows=1 width=268) (actual time=50500.384..50500.391 rows=1 loops=1)
   Buffers: shared hit=472814 read=3739557
   ->  Nested Loop  (cost=17326.55..5970503.57 rows=2 width=81) (actual time=6641.964..50499.907 rows=69 loops=1)
         Buffers: shared hit=472814 read=3739557
         ->  Nested Loop  (cost=17326.12..5970260.84 rows=33 width=54) (actual time=6618.587..50475.108 rows=988 loops=1)
               Buffers: shared hit=470447 read=3737972
               ->  Nested Loop  (cost=17325.69..5968194.25 rows=281 width=50) (actual time=6608.205..50344.223 rows=8211 loops=1)
                     Buffers: shared hit=443334 read=3732273
                     ->  Nested Loop  (cost=17325.27..5939388.35 rows=3916 width=50) (actual time=6607.578..49037.262 rows=110254 loops=1)
                           Buffers: shared hit=55103 read=3680044
                           ->  Hash Join  (cost=17324.96..5904348.29 rows=790219 width=54) (actual time=128.175..48772.369 rows=620434 loops=1)
                                 Hash Cond: (catalog_sales.cs_item_sk = item.i_item_sk)
                                 Buffers: shared hit=48692 read=3680044
                                 ->  Seq Scan on catalog_sales  (cost=0.00..5874397.76 rows=4809639 width=41) (actual time=0.083..47463.580 rows=4933013 loops=1)
                                       Filter: ((cs_wholesale_cost >= '94'::numeric) AND (cs_wholesale_cost <= '99'::numeric))
                                       Rows Removed by Filter: 139059286
                                       Buffers: shared hit=34344 read=3680036
                                 ->  Hash  (cost=16906.00..16906.00 rows=33517 width=21) (actual time=127.787..127.788 rows=33627 loops=1)
                                       Buckets: 65536  Batches: 1  Memory Usage: 2351kB
                                       Buffers: shared hit=14348 read=8
                                       ->  Seq Scan on item  (cost=0.00..16906.00 rows=33517 width=21) (actual time=0.021..119.416 rows=33627 loops=1)
                                             Filter: (i_category = 'Shoes'::bpchar)
                                             Rows Removed by Filter: 170373
                                             Buffers: shared hit=14348 read=8
                           ->  Memoize  (cost=0.30..7.22 rows=1 width=4) (actual time=0.000..0.000 rows=0 loops=620434)
                                 Cache Key: catalog_sales.cs_sold_date_sk
                                 Cache Mode: logical
                                 Hits: 618296  Misses: 2138  Evictions: 0  Overflows: 0  Memory Usage: 155kB
                                 Buffers: shared hit=6411
                                 ->  Index Scan using date_dim_pkey on date_dim  (cost=0.29..7.21 rows=1 width=4) (actual time=0.016..0.016 rows=0 loops=2138)
                                       Index Cond: (d_date_sk = catalog_sales.cs_sold_date_sk)
                                       Filter: (d_year = 1999)
                                       Rows Removed by Filter: 1
                                       Buffers: shared hit=6411
                     ->  Index Scan using customer_demographics_pkey on customer_demographics  (cost=0.43..7.36 rows=1 width=8) (actual time=0.012..0.012 rows=0 loops=110254)
                           Index Cond: (cd_demo_sk = catalog_sales.cs_bill_cdemo_sk)
                           Filter: ((cd_gender = 'M'::bpchar) AND (cd_education_status = 'Primary'::bpchar))
                           Rows Removed by Filter: 1
                           Buffers: shared hit=388231 read=52229
               ->  Index Scan using customer_pkey on customer  (cost=0.43..7.35 rows=1 width=12) (actual time=0.016..0.016 rows=0 loops=8211)
                     Index Cond: (c_customer_sk = catalog_sales.cs_bill_customer_sk)
                     Filter: (c_birth_month = 8)
                     Rows Removed by Filter: 1
                     Buffers: shared hit=27113 read=5699
         ->  Index Scan using customer_address_pkey on customer_address  (cost=0.42..7.36 rows=1 width=35) (actual time=0.024..0.024 rows=0 loops=988)
               Index Cond: (ca_address_sk = customer.c_current_addr_sk)
               Filter: (ca_state = ANY ('{IA,KS,MD}'::bpchar[]))
               Rows Removed by Filter: 1
               Buffers: shared hit=2367 read=1585
 Planning:
   Buffers: shared hit=454
 Planning Time: 2.183 ms
 Execution Time: 50500.810 ms
(53 rows)

