                                                                              QUERY PLAN                                                                              
----------------------------------------------------------------------------------------------------------------------------------------------------------------------
 Aggregate  (cost=5926790.68..5926790.69 rows=1 width=268) (actual time=48848.083..48848.088 rows=1 loops=1)
   Buffers: shared hit=114047 read=3648116
   ->  Nested Loop  (cost=16954.16..5926790.65 rows=1 width=81) (actual time=48848.079..48848.083 rows=0 loops=1)
         Buffers: shared hit=114047 read=3648116
         ->  Nested Loop  (cost=16953.73..5926783.28 rows=1 width=54) (actual time=6689.578..48847.668 rows=14 loops=1)
               Buffers: shared hit=114016 read=3648091
               ->  Nested Loop  (cost=16953.31..5926672.94 rows=15 width=54) (actual time=6582.695..48843.332 rows=219 loops=1)
                     Buffers: shared hit=113203 read=3648028
                     ->  Nested Loop  (cost=16952.88..5923113.43 rows=484 width=50) (actual time=6520.641..48723.216 rows=6529 loops=1)
                           Buffers: shared hit=92630 read=3642517
                           ->  Hash Join  (cost=16952.58..5905387.14 rows=97666 width=54) (actual time=156.390..48642.430 rows=49548 loops=1)
                                 Hash Cond: (catalog_sales.cs_item_sk = item.i_item_sk)
                                 Buffers: shared hit=86219 read=3642517
                                 ->  Seq Scan on catalog_sales  (cost=0.00..5874397.76 rows=5347244 width=41) (actual time=0.111..47425.460 rows=5484290 loops=1)
                                       Filter: ((cs_wholesale_cost >= '95'::numeric) AND (cs_wholesale_cost <= '100'::numeric))
                                       Rows Removed by Filter: 138508009
                                       Buffers: shared hit=86197 read=3628183
                                 ->  Hash  (cost=16906.00..16906.00 rows=3726 width=21) (actual time=155.110..155.111 rows=3713 loops=1)
                                       Buckets: 4096  Batches: 1  Memory Usage: 236kB
                                       Buffers: shared hit=22 read=14334
                                       ->  Seq Scan on item  (cost=0.00..16906.00 rows=3726 width=21) (actual time=0.084..153.733 rows=3713 loops=1)
                                             Filter: (i_category = 'Music'::bpchar)
                                             Rows Removed by Filter: 200287
                                             Buffers: shared hit=22 read=14334
                           ->  Memoize  (cost=0.30..7.22 rows=1 width=4) (actual time=0.001..0.001 rows=0 loops=49548)
                                 Cache Key: catalog_sales.cs_sold_date_sk
                                 Cache Mode: logical
                                 Hits: 47410  Misses: 2138  Evictions: 0  Overflows: 0  Memory Usage: 155kB
                                 Buffers: shared hit=6411
                                 ->  Index Scan using date_dim_pkey on date_dim  (cost=0.29..7.21 rows=1 width=4) (actual time=0.017..0.017 rows=0 loops=2138)
                                       Index Cond: (d_date_sk = catalog_sales.cs_sold_date_sk)
                                       Filter: (d_year = 1999)
                                       Rows Removed by Filter: 1
                                       Buffers: shared hit=6411
                     ->  Index Scan using customer_pkey on customer  (cost=0.43..7.35 rows=1 width=12) (actual time=0.018..0.018 rows=0 loops=6529)
                           Index Cond: (c_customer_sk = catalog_sales.cs_bill_customer_sk)
                           Filter: (c_birth_month = 6)
                           Rows Removed by Filter: 1
                           Buffers: shared hit=20573 read=5511
               ->  Index Scan using customer_demographics_pkey on customer_demographics  (cost=0.43..7.36 rows=1 width=8) (actual time=0.019..0.019 rows=0 loops=219)
                     Index Cond: (cd_demo_sk = catalog_sales.cs_bill_cdemo_sk)
                     Filter: ((cd_gender = 'F'::bpchar) AND (cd_education_status = 'Unknown'::bpchar))
                     Rows Removed by Filter: 1
                     Buffers: shared hit=813 read=63
         ->  Index Scan using customer_address_pkey on customer_address  (cost=0.42..7.37 rows=1 width=35) (actual time=0.028..0.028 rows=0 loops=14)
               Index Cond: (ca_address_sk = customer.c_current_addr_sk)
               Filter: (ca_state = ANY ('{ID,NE,VA}'::bpchar[]))
               Rows Removed by Filter: 1
               Buffers: shared hit=31 read=25
 Planning:
   Buffers: shared hit=454
 Planning Time: 2.808 ms
 Execution Time: 48848.465 ms
(53 rows)

