                                                                                  QUERY PLAN                                                                                   
-------------------------------------------------------------------------------------------------------------------------------------------------------------------------------
 Aggregate  (cost=6017102.68..6017102.69 rows=1 width=268) (actual time=59676.904..59676.909 rows=1 loops=1)
   Buffers: shared hit=895912 read=3771919
   ->  Nested Loop  (cost=17326.55..6017102.46 rows=8 width=81) (actual time=138.152..59674.859 rows=316 loops=1)
         Buffers: shared hit=895912 read=3771919
         ->  Nested Loop  (cost=17326.12..6016609.68 rows=67 width=54) (actual time=134.114..59551.645 rows=5461 loops=1)
               Buffers: shared hit=882698 read=3763289
               ->  Nested Loop  (cost=17325.69..6013079.67 rows=480 width=50) (actual time=134.083..58901.350 rows=38514 loops=1)
                     Buffers: shared hit=760782 read=3731233
                     ->  Nested Loop  (cost=17325.27..5963140.79 rows=6789 width=50) (actual time=133.904..56372.974 rows=189453 loops=1)
                           Buffers: shared hit=37537 read=3697610
                           ->  Hash Join  (cost=17324.96..5913609.56 rows=1369871 width=54) (actual time=133.853..55956.570 rows=1048082 loops=1)
                                 Hash Cond: (catalog_sales.cs_item_sk = item.i_item_sk)
                                 Buffers: shared hit=31126 read=3697610
                                 ->  Seq Scan on catalog_sales  (cost=0.00..5874397.76 rows=8337669 width=41) (actual time=0.166..53939.240 rows=8349119 loops=1)
                                       Filter: ((cs_wholesale_cost >= '8'::numeric) AND (cs_wholesale_cost <= '13'::numeric))
                                       Rows Removed by Filter: 135643180
                                       Buffers: shared hit=16904 read=3697476
                                 ->  Hash  (cost=16906.00..16906.00 rows=33517 width=21) (actual time=133.301..133.302 rows=33627 loops=1)
                                       Buckets: 65536  Batches: 1  Memory Usage: 2351kB
                                       Buffers: shared hit=14222 read=134
                                       ->  Seq Scan on item  (cost=0.00..16906.00 rows=33517 width=21) (actual time=0.128..124.575 rows=33627 loops=1)
                                             Filter: (i_category = 'Shoes'::bpchar)
                                             Rows Removed by Filter: 170373
                                             Buffers: shared hit=14222 read=134
                           ->  Memoize  (cost=0.30..7.22 rows=1 width=4) (actual time=0.000..0.000 rows=0 loops=1048082)
                                 Cache Key: catalog_sales.cs_sold_date_sk
                                 Cache Mode: logical
                                 Hits: 1045944  Misses: 2138  Evictions: 0  Overflows: 0  Memory Usage: 155kB
                                 Buffers: shared hit=6411
                                 ->  Index Scan using date_dim_pkey on date_dim  (cost=0.29..7.21 rows=1 width=4) (actual time=0.017..0.017 rows=0 loops=2138)
                                       Index Cond: (d_date_sk = catalog_sales.cs_sold_date_sk)
                                       Filter: (d_year = 1998)
                                       Rows Removed by Filter: 1
                                       Buffers: shared hit=6411
                     ->  Index Scan using customer_demographics_pkey on customer_demographics  (cost=0.43..7.36 rows=1 width=8) (actual time=0.013..0.013 rows=0 loops=189453)
                           Index Cond: (cd_demo_sk = catalog_sales.cs_bill_cdemo_sk)
                           Filter: ((cd_gender = 'M'::bpchar) AND (cd_education_status = '2 yr Degree'::bpchar))
                           Rows Removed by Filter: 1
                           Buffers: shared hit=723245 read=33623
               ->  Index Scan using customer_pkey on customer  (cost=0.43..7.35 rows=1 width=12) (actual time=0.017..0.017 rows=0 loops=38514)
                     Index Cond: (c_customer_sk = catalog_sales.cs_bill_customer_sk)
                     Filter: (c_birth_month = 10)
                     Rows Removed by Filter: 1
                     Buffers: shared hit=121916 read=32056
         ->  Index Scan using customer_address_pkey on customer_address  (cost=0.42..7.35 rows=1 width=35) (actual time=0.022..0.022 rows=0 loops=5461)
               Index Cond: (ca_address_sk = customer.c_current_addr_sk)
               Filter: (ca_state = ANY ('{IN,MD,TX}'::bpchar[]))
               Rows Removed by Filter: 1
               Buffers: shared hit=13214 read=8630
 Planning:
   Buffers: shared hit=454
 Planning Time: 2.576 ms
 Execution Time: 59677.268 ms
(53 rows)

