                                                                            QUERY PLAN                                                                            
------------------------------------------------------------------------------------------------------------------------------------------------------------------
 Aggregate  (cost=5914781.47..5914781.48 rows=1 width=268) (actual time=52336.104..52336.108 rows=1 loops=1)
   Buffers: shared hit=127098 read=3647285
   ->  Nested Loop  (cost=17045.03..5914781.45 rows=1 width=81) (actual time=7552.824..52336.064 rows=4 loops=1)
         Buffers: shared hit=127098 read=3647285
         ->  Nested Loop  (cost=17044.61..5914752.02 rows=4 width=81) (actual time=7275.349..52334.440 rows=85 loops=1)
               Buffers: shared hit=126766 read=3647277
               ->  Nested Loop  (cost=17044.18..5914332.83 rows=57 width=54) (actual time=6922.565..52303.302 rows=1409 loops=1)
                     Buffers: shared hit=123308 read=3645099
                     ->  Nested Loop  (cost=17043.75..5911817.14 rows=342 width=50) (actual time=6917.328..52164.887 rows=8325 loops=1)
                           Buffers: shared hit=97057 read=3638090
                           ->  Hash Join  (cost=17043.45..5894805.51 rows=69081 width=54) (actual time=123.448..52075.380 rows=73082 loops=1)
                                 Hash Cond: (catalog_sales.cs_item_sk = item.i_item_sk)
                                 Buffers: shared hit=90646 read=3638090
                                 ->  Seq Scan on catalog_sales  (cost=0.00..5874397.76 rows=1281611 width=41) (actual time=0.727..51632.470 rows=1213654 loops=1)
                                       Filter: ((cs_wholesale_cost >= '20'::numeric) AND (cs_wholesale_cost <= '25'::numeric))
                                       Rows Removed by Filter: 142778645
                                       Buffers: shared hit=76422 read=3637958
                                 ->  Hash  (cost=16906.00..16906.00 rows=10996 width=21) (actual time=122.605..122.606 rows=11037 loops=1)
                                       Buckets: 16384  Batches: 1  Memory Usage: 732kB
                                       Buffers: shared hit=14224 read=132
                                       ->  Seq Scan on item  (cost=0.00..16906.00 rows=10996 width=21) (actual time=0.057..119.605 rows=11037 loops=1)
                                             Filter: (i_category = 'Women'::bpchar)
                                             Rows Removed by Filter: 192963
                                             Buffers: shared hit=14224 read=132
                           ->  Memoize  (cost=0.30..7.22 rows=1 width=4) (actual time=0.001..0.001 rows=0 loops=73082)
                                 Cache Key: catalog_sales.cs_sold_date_sk
                                 Cache Mode: logical
                                 Hits: 70944  Misses: 2138  Evictions: 0  Overflows: 0  Memory Usage: 155kB
                                 Buffers: shared hit=6411
                                 ->  Index Scan using date_dim_pkey on date_dim  (cost=0.29..7.21 rows=1 width=4) (actual time=0.017..0.017 rows=0 loops=2138)
                                       Index Cond: (d_date_sk = catalog_sales.cs_sold_date_sk)
                                       Filter: (d_year = 1999)
                                       Rows Removed by Filter: 1
                                       Buffers: shared hit=6411
                     ->  Index Scan using customer_pkey on customer  (cost=0.43..7.36 rows=1 width=12) (actual time=0.016..0.016 rows=0 loops=8325)
                           Index Cond: (c_customer_sk = catalog_sales.cs_bill_customer_sk)
                           Filter: (c_birth_month = 4)
                           Rows Removed by Filter: 1
                           Buffers: shared hit=26251 read=7009
               ->  Index Scan using customer_address_pkey on customer_address  (cost=0.42..7.35 rows=1 width=35) (actual time=0.021..0.021 rows=0 loops=1409)
                     Index Cond: (ca_address_sk = customer.c_current_addr_sk)
                     Filter: (ca_state = ANY ('{AR,CO,KS}'::bpchar[]))
                     Rows Removed by Filter: 1
                     Buffers: shared hit=3458 read=2178
         ->  Index Scan using customer_demographics_pkey on customer_demographics  (cost=0.43..7.36 rows=1 width=8) (actual time=0.018..0.018 rows=0 loops=85)
               Index Cond: (cd_demo_sk = catalog_sales.cs_bill_cdemo_sk)
               Filter: ((cd_gender = 'F'::bpchar) AND (cd_education_status = 'Primary'::bpchar))
               Rows Removed by Filter: 1
               Buffers: shared hit=332 read=8
 Planning:
   Buffers: shared hit=454
 Planning Time: 2.538 ms
 Execution Time: 52336.484 ms
(53 rows)

