                                                                               QUERY PLAN                                                                               
------------------------------------------------------------------------------------------------------------------------------------------------------------------------
 Aggregate  (cost=6033523.86..6033523.87 rows=1 width=268) (actual time=62402.989..62402.994 rows=1 loops=1)
   Buffers: shared hit=1381526 read=3792760
   ->  Nested Loop  (cost=19717.88..6033523.73 rows=5 width=81) (actual time=15239.709..62402.757 rows=29 loops=1)
         Buffers: shared hit=1381526 read=3792760
         ->  Nested Loop  (cost=19717.46..6033207.18 rows=43 width=54) (actual time=14360.024..62385.104 rows=691 loops=1)
               Buffers: shared hit=1379833 read=3791689
               ->  Nested Loop  (cost=19717.03..6028639.23 rows=621 width=54) (actual time=14359.808..62111.421 rows=16424 loops=1)
                     Buffers: shared hit=1316600 read=3789262
                     ->  Hash Join  (cost=19716.60..5935257.32 rows=12698 width=50) (actual time=14359.520..56720.274 rows=344321 loops=1)
                           Hash Cond: (catalog_sales.cs_item_sk = item.i_item_sk)
                           Buffers: shared hit=82627 read=3647583
                           ->  Hash Join  (cost=2391.64..5917729.49 rows=77284 width=37) (actual time=14234.090..56082.265 rows=2496082 loops=1)
                                 Hash Cond: (catalog_sales.cs_sold_date_sk = date_dim.d_date_sk)
                                 Buffers: shared hit=82483 read=3633371
                                 ->  Seq Scan on catalog_sales  (cost=0.00..5874397.76 rows=15595328 width=41) (actual time=0.055..54098.304 rows=15696054 loops=1)
                                       Filter: ((cs_wholesale_cost >= '26'::numeric) AND (cs_wholesale_cost <= '31'::numeric))
                                       Rows Removed by Filter: 128296245
                                       Buffers: shared hit=82441 read=3631939
                                 ->  Hash  (cost=2387.11..2387.11 rows=362 width=4) (actual time=28.677..28.678 rows=366 loops=1)
                                       Buckets: 1024  Batches: 1  Memory Usage: 21kB
                                       Buffers: shared hit=42 read=1432
                                       ->  Seq Scan on date_dim  (cost=0.00..2387.11 rows=362 width=4) (actual time=17.051..28.588 rows=366 loops=1)
                                             Filter: (d_year = 2000)
                                             Rows Removed by Filter: 72683
                                             Buffers: shared hit=42 read=1432
                           ->  Hash  (cost=16906.00..16906.00 rows=33517 width=21) (actual time=125.192..125.193 rows=33627 loops=1)
                                 Buckets: 65536  Batches: 1  Memory Usage: 2351kB
                                 Buffers: shared hit=144 read=14212
                                 ->  Seq Scan on item  (cost=0.00..16906.00 rows=33517 width=21) (actual time=0.023..116.613 rows=33627 loops=1)
                                       Filter: (i_category = 'Shoes'::bpchar)
                                       Rows Removed by Filter: 170373
                                       Buffers: shared hit=144 read=14212
                     ->  Index Scan using customer_pkey on customer  (cost=0.43..7.35 rows=1 width=12) (actual time=0.015..0.015 rows=0 loops=344321)
                           Index Cond: (c_customer_sk = catalog_sales.cs_bill_customer_sk)
                           Filter: (c_birth_month = 7)
                           Rows Removed by Filter: 1
                           Buffers: shared hit=1233973 read=141679
               ->  Index Scan using customer_demographics_pkey on customer_demographics  (cost=0.43..7.36 rows=1 width=8) (actual time=0.016..0.016 rows=0 loops=16424)
                     Index Cond: (cd_demo_sk = catalog_sales.cs_bill_cdemo_sk)
                     Filter: ((cd_gender = 'F'::bpchar) AND (cd_education_status = 'Unknown'::bpchar))
                     Rows Removed by Filter: 1
                     Buffers: shared hit=63233 read=2427
         ->  Index Scan using customer_address_pkey on customer_address  (cost=0.42..7.36 rows=1 width=35) (actual time=0.024..0.024 rows=0 loops=691)
               Index Cond: (ca_address_sk = customer.c_current_addr_sk)
               Filter: (ca_state = ANY ('{IA,NE,VA}'::bpchar[]))
               Rows Removed by Filter: 1
               Buffers: shared hit=1693 read=1071
 Planning:
   Buffers: shared hit=408 read=46
 Planning Time: 4.757 ms
 Execution Time: 62403.414 ms
(51 rows)

