                                                                             QUERY PLAN                                                                              
---------------------------------------------------------------------------------------------------------------------------------------------------------------------
 Aggregate  (cost=5911459.64..5911459.65 rows=1 width=268) (actual time=52302.561..52302.566 rows=1 loops=1)
   Buffers: shared hit=66432 read=3674271
   ->  Nested Loop  (cost=16954.16..5911459.61 rows=1 width=81) (actual time=52302.556..52302.560 rows=0 loops=1)
         Buffers: shared hit=66432 read=3674271
         ->  Nested Loop  (cost=16953.73..5911452.22 rows=1 width=54) (actual time=2131.531..52302.524 rows=1 loops=1)
               Buffers: shared hit=66430 read=3674269
               ->  Nested Loop  (cost=16953.31..5911437.51 rows=2 width=54) (actual time=1875.394..52301.785 rows=24 loops=1)
                     Buffers: shared hit=66339 read=3674264
                     ->  Nested Loop  (cost=16952.88..5910584.23 rows=116 width=50) (actual time=132.759..52263.994 rows=1432 loops=1)
                           Buffers: shared hit=60944 read=3673939
                           ->  Hash Join  (cost=16952.58..5894714.63 rows=23408 width=54) (actual time=132.705..52201.233 rows=10967 loops=1)
                                 Hash Cond: (catalog_sales.cs_item_sk = item.i_item_sk)
                                 Buffers: shared hit=54797 read=3673939
                                 ->  Seq Scan on catalog_sales  (cost=0.00..5874397.76 rows=1281611 width=41) (actual time=0.163..51771.899 rows=1213654 loops=1)
                                       Filter: ((cs_wholesale_cost >= '19'::numeric) AND (cs_wholesale_cost <= '24'::numeric))
                                       Rows Removed by Filter: 142778645
                                       Buffers: shared hit=54797 read=3659583
                                 ->  Hash  (cost=16906.00..16906.00 rows=3726 width=21) (actual time=124.950..124.950 rows=3713 loops=1)
                                       Buckets: 4096  Batches: 1  Memory Usage: 236kB
                                       Buffers: shared read=14356
                                       ->  Seq Scan on item  (cost=0.00..16906.00 rows=3726 width=21) (actual time=0.073..123.813 rows=3713 loops=1)
                                             Filter: (i_category = 'Music'::bpchar)
                                             Rows Removed by Filter: 200287
                                             Buffers: shared read=14356
                           ->  Memoize  (cost=0.30..7.22 rows=1 width=4) (actual time=0.005..0.005 rows=0 loops=10967)
                                 Cache Key: catalog_sales.cs_sold_date_sk
                                 Cache Mode: logical
                                 Hits: 8917  Misses: 2050  Evictions: 0  Overflows: 0  Memory Usage: 149kB
                                 Buffers: shared hit=6147
                                 ->  Index Scan using date_dim_pkey on date_dim  (cost=0.29..7.21 rows=1 width=4) (actual time=0.017..0.017 rows=0 loops=2050)
                                       Index Cond: (d_date_sk = catalog_sales.cs_sold_date_sk)
                                       Filter: (d_year = 1998)
                                       Rows Removed by Filter: 1
                                       Buffers: shared hit=6147
                     ->  Index Scan using customer_pkey on customer  (cost=0.43..7.36 rows=1 width=12) (actual time=0.025..0.025 rows=0 loops=1432)
                           Index Cond: (c_customer_sk = catalog_sales.cs_bill_customer_sk)
                           Filter: (c_birth_month = 5)
                           Rows Removed by Filter: 1
                           Buffers: shared hit=5395 read=325
               ->  Index Scan using customer_demographics_pkey on customer_demographics  (cost=0.43..7.36 rows=1 width=8) (actual time=0.029..0.029 rows=0 loops=24)
                     Index Cond: (cd_demo_sk = catalog_sales.cs_bill_cdemo_sk)
                     Filter: ((cd_gender = 'F'::bpchar) AND (cd_education_status = '4 yr Degree'::bpchar))
                     Rows Removed by Filter: 1
                     Buffers: shared hit=91 read=5
         ->  Index Scan using customer_address_pkey on customer_address  (cost=0.42..7.39 rows=1 width=35) (actual time=0.033..0.033 rows=0 loops=1)
               Index Cond: (ca_address_sk = customer.c_current_addr_sk)
               Filter: (ca_state = ANY ('{CO,FL,VA}'::bpchar[]))
               Rows Removed by Filter: 1
               Buffers: shared hit=2 read=2
 Planning:
   Buffers: shared hit=404 read=50
 Planning Time: 5.045 ms
 Execution Time: 52303.109 ms
(53 rows)

