                                                                              QUERY PLAN                                                                               
-----------------------------------------------------------------------------------------------------------------------------------------------------------------------
 Aggregate  (cost=5984595.89..5984595.90 rows=1 width=268) (actual time=57464.741..57464.747 rows=1 loops=1)
   Buffers: shared hit=818089 read=3714278
   ->  Nested Loop  (cost=17045.03..5984595.84 rows=2 width=81) (actual time=33028.470..57464.003 rows=97 loops=1)
         Buffers: shared hit=818089 read=3714278
         ->  Nested Loop  (cost=17044.61..5984507.50 rows=12 width=54) (actual time=32938.961..57420.545 rows=1807 loops=1)
               Buffers: shared hit=814151 read=3710988
               ->  Nested Loop  (cost=17044.18..5983271.72 rows=168 width=54) (actual time=32938.928..57295.157 rows=8848 loops=1)
                     Buffers: shared hit=783972 read=3705807
                     ->  Nested Loop  (cost=17043.75..5957944.21 rows=3444 width=50) (actual time=32933.534..55104.350 rows=188896 loops=1)
                           Buffers: shared hit=74091 read=3661056
                           ->  Hash Join  (cost=17043.45..5925285.79 rows=694953 width=54) (actual time=110.276..54782.850 rows=760645 loops=1)
                                 Hash Cond: (catalog_sales.cs_item_sk = item.i_item_sk)
                                 Buffers: shared hit=67680 read=3661056
                                 ->  Seq Scan on catalog_sales  (cost=0.00..5874397.76 rows=12892906 width=41) (actual time=0.036..52295.116 rows=12722112 loops=1)
                                       Filter: ((cs_wholesale_cost >= '33'::numeric) AND (cs_wholesale_cost <= '38'::numeric))
                                       Rows Removed by Filter: 131270187
                                       Buffers: shared hit=53324 read=3661056
                                 ->  Hash  (cost=16906.00..16906.00 rows=10996 width=21) (actual time=109.107..109.108 rows=11037 loops=1)
                                       Buckets: 16384  Batches: 1  Memory Usage: 732kB
                                       Buffers: shared hit=14356
                                       ->  Seq Scan on item  (cost=0.00..16906.00 rows=10996 width=21) (actual time=0.042..106.066 rows=11037 loops=1)
                                             Filter: (i_category = 'Women'::bpchar)
                                             Rows Removed by Filter: 192963
                                             Buffers: shared hit=14356
                           ->  Memoize  (cost=0.30..7.22 rows=1 width=4) (actual time=0.000..0.000 rows=0 loops=760645)
                                 Cache Key: catalog_sales.cs_sold_date_sk
                                 Cache Mode: logical
                                 Hits: 758507  Misses: 2138  Evictions: 0  Overflows: 0  Memory Usage: 155kB
                                 Buffers: shared hit=6411
                                 ->  Index Scan using date_dim_pkey on date_dim  (cost=0.29..7.21 rows=1 width=4) (actual time=0.017..0.017 rows=0 loops=2138)
                                       Index Cond: (d_date_sk = catalog_sales.cs_sold_date_sk)
                                       Filter: (d_year = 2002)
                                       Rows Removed by Filter: 1
                                       Buffers: shared hit=6411
                     ->  Index Scan using customer_pkey on customer  (cost=0.43..7.35 rows=1 width=12) (actual time=0.011..0.011 rows=0 loops=188896)
                           Index Cond: (c_customer_sk = catalog_sales.cs_bill_customer_sk)
                           Filter: (c_birth_month = 7)
                           Rows Removed by Filter: 1
                           Buffers: shared hit=709881 read=44751
               ->  Index Scan using customer_demographics_pkey on customer_demographics  (cost=0.43..7.36 rows=1 width=8) (actual time=0.014..0.014 rows=0 loops=8848)
                     Index Cond: (cd_demo_sk = catalog_sales.cs_bill_cdemo_sk)
                     Filter: ((cd_gender = 'M'::bpchar) AND (cd_education_status = '2 yr Degree'::bpchar))
                     Rows Removed by Filter: 1
                     Buffers: shared hit=30179 read=5181
         ->  Index Scan using customer_address_pkey on customer_address  (cost=0.42..7.36 rows=1 width=35) (actual time=0.023..0.023 rows=0 loops=1807)
               Index Cond: (ca_address_sk = customer.c_current_addr_sk)
               Filter: (ca_state = ANY ('{NM,TX,VA}'::bpchar[]))
               Rows Removed by Filter: 1
               Buffers: shared hit=3938 read=3290
 Planning:
   Buffers: shared hit=454
 Planning Time: 3.101 ms
 Execution Time: 57465.241 ms
(53 rows)

