                                                                              QUERY PLAN                                                                               
-----------------------------------------------------------------------------------------------------------------------------------------------------------------------
 Aggregate  (cost=5959782.75..5959782.76 rows=1 width=268) (actual time=50480.148..50480.154 rows=1 loops=1)
   Buffers: shared hit=292885 read=3673778
   ->  Nested Loop  (cost=17242.40..5959782.70 rows=2 width=81) (actual time=50480.142..50480.148 rows=0 loops=1)
         Buffers: shared hit=292885 read=3673778
         ->  Nested Loop  (cost=17241.97..5959687.01 rows=13 width=54) (actual time=21955.587..50479.019 rows=52 loops=1)
               Buffers: shared hit=292771 read=3673684
               ->  Nested Loop  (cost=17241.54..5958355.59 rows=181 width=54) (actual time=21655.182..50430.646 rows=3150 loops=1)
                     Buffers: shared hit=282458 read=3671405
                     ->  Nested Loop  (cost=17241.12..5935336.27 rows=3130 width=50) (actual time=21654.810..49724.295 rows=54751 loops=1)
                           Buffers: shared hit=76029 read=3659118
                           ->  Hash Join  (cost=17240.81..5904264.14 rows=631501 width=54) (actual time=159.643..49503.716 rows=468558 loops=1)
                                 Hash Cond: (catalog_sales.cs_item_sk = item.i_item_sk)
                                 Buffers: shared hit=69618 read=3659118
                                 ->  Seq Scan on catalog_sales  (cost=0.00..5874397.76 rows=4809639 width=41) (actual time=0.117..48129.527 rows=4933013 loops=1)
                                       Filter: ((cs_wholesale_cost >= '90'::numeric) AND (cs_wholesale_cost <= '95'::numeric))
                                       Rows Removed by Filter: 139059286
                                       Buffers: shared hit=55262 read=3659118
                                 ->  Hash  (cost=16906.00..16906.00 rows=26785 width=21) (actual time=158.977..158.979 rows=26695 loops=1)
                                       Buckets: 32768  Batches: 1  Memory Usage: 1716kB
                                       Buffers: shared hit=14356
                                       ->  Seq Scan on item  (cost=0.00..16906.00 rows=26785 width=21) (actual time=0.015..149.719 rows=26695 loops=1)
                                             Filter: (i_category = 'Children'::bpchar)
                                             Rows Removed by Filter: 177305
                                             Buffers: shared hit=14356
                           ->  Memoize  (cost=0.30..7.22 rows=1 width=4) (actual time=0.000..0.000 rows=0 loops=468558)
                                 Cache Key: catalog_sales.cs_sold_date_sk
                                 Cache Mode: logical
                                 Hits: 466420  Misses: 2138  Evictions: 0  Overflows: 0  Memory Usage: 155kB
                                 Buffers: shared hit=6411
                                 ->  Index Scan using date_dim_pkey on date_dim  (cost=0.29..7.21 rows=1 width=4) (actual time=0.017..0.017 rows=0 loops=2138)
                                       Index Cond: (d_date_sk = catalog_sales.cs_sold_date_sk)
                                       Filter: (d_year = 2001)
                                       Rows Removed by Filter: 1
                                       Buffers: shared hit=6411
                     ->  Index Scan using customer_pkey on customer  (cost=0.43..7.35 rows=1 width=12) (actual time=0.013..0.013 rows=0 loops=54751)
                           Index Cond: (c_customer_sk = catalog_sales.cs_bill_customer_sk)
                           Filter: (c_birth_month = 3)
                           Rows Removed by Filter: 1
                           Buffers: shared hit=206429 read=12287
               ->  Index Scan using customer_demographics_pkey on customer_demographics  (cost=0.43..7.36 rows=1 width=8) (actual time=0.015..0.015 rows=0 loops=3150)
                     Index Cond: (cd_demo_sk = catalog_sales.cs_bill_cdemo_sk)
                     Filter: ((cd_gender = 'F'::bpchar) AND (cd_education_status = 'Primary'::bpchar))
                     Rows Removed by Filter: 1
                     Buffers: shared hit=10313 read=2279
         ->  Index Scan using customer_address_pkey on customer_address  (cost=0.42..7.36 rows=1 width=35) (actual time=0.020..0.020 rows=0 loops=52)
               Index Cond: (ca_address_sk = customer.c_current_addr_sk)
               Filter: (ca_state = ANY ('{GA,KS,VA}'::bpchar[]))
               Rows Removed by Filter: 1
               Buffers: shared hit=114 read=94
 Planning:
   Buffers: shared hit=454
 Planning Time: 2.758 ms
 Execution Time: 50480.585 ms
(53 rows)

