                                                                              QUERY PLAN                                                                               
-----------------------------------------------------------------------------------------------------------------------------------------------------------------------
 Aggregate  (cost=6017424.25..6017424.26 rows=1 width=268) (actual time=55997.732..55997.737 rows=1 loops=1)
   Buffers: shared hit=796110 read=3730085
   ->  Nested Loop  (cost=17326.55..6017424.17 rows=3 width=81) (actual time=7489.765..55997.626 rows=13 loops=1)
         Buffers: shared hit=796110 read=3730085
         ->  Nested Loop  (cost=17326.12..6017284.25 rows=19 width=54) (actual time=7435.366..55989.450 rows=351 loops=1)
               Buffers: shared hit=795356 read=3729435
               ->  Nested Loop  (cost=17325.69..6015261.39 rows=275 width=54) (actual time=7421.659..55850.777 rows=7666 loops=1)
                     Buffers: shared hit=770549 read=3723586
                     ->  Nested Loop  (cost=17325.27..5964304.18 rows=6929 width=50) (actual time=7420.401..53177.051 rows=189985 loops=1)
                           Buffers: shared hit=49453 read=3685694
                           ->  Hash Join  (cost=17324.96..5914063.17 rows=1398262 width=54) (actual time=155.389..52761.415 rows=1067649 loops=1)
                                 Hash Cond: (catalog_sales.cs_item_sk = item.i_item_sk)
                                 Buffers: shared hit=43042 read=3685694
                                 ->  Seq Scan on catalog_sales  (cost=0.00..5874397.76 rows=8510470 width=41) (actual time=0.158..50683.847 rows=8494738 loops=1)
                                       Filter: ((cs_wholesale_cost >= '68'::numeric) AND (cs_wholesale_cost <= '73'::numeric))
                                       Rows Removed by Filter: 135497561
                                       Buffers: shared hit=28686 read=3685694
                                 ->  Hash  (cost=16906.00..16906.00 rows=33517 width=21) (actual time=154.879..154.880 rows=33627 loops=1)
                                       Buckets: 65536  Batches: 1  Memory Usage: 2351kB
                                       Buffers: shared hit=14356
                                       ->  Seq Scan on item  (cost=0.00..16906.00 rows=33517 width=21) (actual time=0.037..143.561 rows=33627 loops=1)
                                             Filter: (i_category = 'Shoes'::bpchar)
                                             Rows Removed by Filter: 170373
                                             Buffers: shared hit=14356
                           ->  Memoize  (cost=0.30..7.22 rows=1 width=4) (actual time=0.000..0.000 rows=0 loops=1067649)
                                 Cache Key: catalog_sales.cs_sold_date_sk
                                 Cache Mode: logical
                                 Hits: 1065511  Misses: 2138  Evictions: 0  Overflows: 0  Memory Usage: 155kB
                                 Buffers: shared hit=6411
                                 ->  Index Scan using date_dim_pkey on date_dim  (cost=0.29..7.21 rows=1 width=4) (actual time=0.017..0.017 rows=0 loops=2138)
                                       Index Cond: (d_date_sk = catalog_sales.cs_sold_date_sk)
                                       Filter: (d_year = 1999)
                                       Rows Removed by Filter: 1
                                       Buffers: shared hit=6411
                     ->  Index Scan using customer_pkey on customer  (cost=0.43..7.35 rows=1 width=12) (actual time=0.014..0.014 rows=0 loops=189985)
                           Index Cond: (c_customer_sk = catalog_sales.cs_bill_customer_sk)
                           Filter: (c_birth_month = 9)
                           Rows Removed by Filter: 1
                           Buffers: shared hit=721096 read=37892
               ->  Index Scan using customer_demographics_pkey on customer_demographics  (cost=0.43..7.36 rows=1 width=8) (actual time=0.018..0.018 rows=0 loops=7666)
                     Index Cond: (cd_demo_sk = catalog_sales.cs_bill_cdemo_sk)
                     Filter: ((cd_gender = 'F'::bpchar) AND (cd_education_status = 'Unknown'::bpchar))
                     Rows Removed by Filter: 1
                     Buffers: shared hit=24807 read=5849
         ->  Index Scan using customer_address_pkey on customer_address  (cost=0.42..7.36 rows=1 width=35) (actual time=0.022..0.022 rows=0 loops=351)
               Index Cond: (ca_address_sk = customer.c_current_addr_sk)
               Filter: (ca_state = ANY ('{KY,MI,TX}'::bpchar[]))
               Rows Removed by Filter: 1
               Buffers: shared hit=754 read=650
 Planning:
   Buffers: shared hit=454
 Planning Time: 3.166 ms
 Execution Time: 55998.209 ms
(53 rows)

