                                                                              QUERY PLAN                                                                               
-----------------------------------------------------------------------------------------------------------------------------------------------------------------------
 Aggregate  (cost=5953067.12..5953067.13 rows=1 width=268) (actual time=50937.072..50937.076 rows=1 loops=1)
   Buffers: shared hit=184015 read=3683460
   ->  Nested Loop  (cost=17019.78..5953067.09 rows=1 width=81) (actual time=21629.910..50937.054 rows=2 loops=1)
         Buffers: shared hit=184015 read=3683460
         ->  Nested Loop  (cost=17019.36..5953000.87 rows=9 width=54) (actual time=21540.668..50934.945 rows=61 loops=1)
               Buffers: shared hit=183887 read=3683344
               ->  Nested Loop  (cost=17018.93..5952051.96 rows=129 width=54) (actual time=21460.432..50897.335 rows=2178 loops=1)
                     Buffers: shared hit=177073 read=3681450
                     ->  Nested Loop  (cost=17018.50..5938402.58 rows=1856 width=50) (actual time=21449.541..50462.446 rows=30875 loops=1)
                           Buffers: shared hit=59240 read=3675907
                           ->  Hash Join  (cost=17018.20..5913756.41 rows=374461 width=54) (actual time=140.019..50337.865 rows=184363 loops=1)
                                 Hash Cond: (catalog_sales.cs_item_sk = item.i_item_sk)
                                 Buffers: shared hit=52829 read=3675907
                                 ->  Seq Scan on catalog_sales  (cost=0.00..5874397.76 rows=8510470 width=41) (actual time=0.067..48690.847 rows=8494738 loops=1)
                                       Filter: ((cs_wholesale_cost >= '66'::numeric) AND (cs_wholesale_cost <= '71'::numeric))
                                       Rows Removed by Filter: 135497561
                                       Buffers: shared hit=52829 read=3661551
                                 ->  Hash  (cost=16906.00..16906.00 rows=8976 width=21) (actual time=139.665..139.666 rows=8826 loops=1)
                                       Buckets: 16384  Batches: 1  Memory Usage: 611kB
                                       Buffers: shared read=14356
                                       ->  Seq Scan on item  (cost=0.00..16906.00 rows=8976 width=21) (actual time=0.024..137.069 rows=8826 loops=1)
                                             Filter: (i_category = 'Jewelry'::bpchar)
                                             Rows Removed by Filter: 195174
                                             Buffers: shared read=14356
                           ->  Memoize  (cost=0.30..7.22 rows=1 width=4) (actual time=0.000..0.000 rows=0 loops=184363)
                                 Cache Key: catalog_sales.cs_sold_date_sk
                                 Cache Mode: logical
                                 Hits: 182225  Misses: 2138  Evictions: 0  Overflows: 0  Memory Usage: 155kB
                                 Buffers: shared hit=6411
                                 ->  Index Scan using date_dim_pkey on date_dim  (cost=0.29..7.21 rows=1 width=4) (actual time=0.016..0.016 rows=0 loops=2138)
                                       Index Cond: (d_date_sk = catalog_sales.cs_sold_date_sk)
                                       Filter: (d_year = 2001)
                                       Rows Removed by Filter: 1
                                       Buffers: shared hit=6411
                     ->  Index Scan using customer_pkey on customer  (cost=0.43..7.35 rows=1 width=12) (actual time=0.014..0.014 rows=0 loops=30875)
                           Index Cond: (c_customer_sk = catalog_sales.cs_bill_customer_sk)
                           Filter: (c_birth_month = 12)
                           Rows Removed by Filter: 1
                           Buffers: shared hit=117833 read=5543
               ->  Index Scan using customer_demographics_pkey on customer_demographics  (cost=0.43..7.36 rows=1 width=8) (actual time=0.017..0.017 rows=0 loops=2178)
                     Index Cond: (cd_demo_sk = catalog_sales.cs_bill_cdemo_sk)
                     Filter: ((cd_gender = 'F'::bpchar) AND (cd_education_status = 'Advanced Degree'::bpchar))
                     Rows Removed by Filter: 1
                     Buffers: shared hit=6814 read=1894
         ->  Index Scan using customer_address_pkey on customer_address  (cost=0.42..7.36 rows=1 width=35) (actual time=0.033..0.033 rows=0 loops=61)
               Index Cond: (ca_address_sk = customer.c_current_addr_sk)
               Filter: (ca_state = ANY ('{IA,OH,TX}'::bpchar[]))
               Rows Removed by Filter: 1
               Buffers: shared hit=128 read=116
 Planning:
   Buffers: shared hit=404 read=50
 Planning Time: 3.705 ms
 Execution Time: 50937.559 ms
(53 rows)

