                                                                                     QUERY PLAN                                                                                      
-------------------------------------------------------------------------------------------------------------------------------------------------------------------------------------
 Aggregate  (cost=5982803.68..5982803.69 rows=1 width=268) (actual time=59798.303..59798.308 rows=1 loops=1)
   Buffers: shared hit=1375761 read=3775413
   ->  Nested Loop  (cost=2393.34..5982803.65 rows=1 width=81) (actual time=7314.371..59798.147 rows=18 loops=1)
         Buffers: shared hit=1375761 read=3775413
         ->  Nested Loop  (cost=2392.91..5982671.27 rows=18 width=54) (actual time=6753.182..59787.815 rows=305 loops=1)
               Buffers: shared hit=1375139 read=3774815
               ->  Nested Loop  (cost=2392.49..5981884.30 rows=107 width=50) (actual time=6698.586..59745.582 rows=1658 loops=1)
                     Buffers: shared hit=1368923 read=3774403
                     ->  Nested Loop  (cost=2392.07..5975457.70 rows=875 width=37) (actual time=6695.486..59521.133 rows=10966 loops=1)
                           Buffers: shared hit=1331175 read=3768287
                           ->  Hash Join  (cost=2391.64..5883417.43 rows=12512 width=37) (actual time=6695.171..53239.393 rows=346303 loops=1)
                                 Hash Cond: (catalog_sales.cs_sold_date_sk = date_dim.d_date_sk)
                                 Buffers: shared hit=6053 read=3709801
                                 ->  Seq Scan on catalog_sales  (cost=0.00..5874397.76 rows=2524821 width=41) (actual time=0.082..52785.255 rows=2625628 loops=1)
                                       Filter: ((cs_wholesale_cost >= '46'::numeric) AND (cs_wholesale_cost <= '51'::numeric))
                                       Rows Removed by Filter: 141366671
                                       Buffers: shared hit=6011 read=3708369
                                 ->  Hash  (cost=2387.11..2387.11 rows=362 width=4) (actual time=23.951..23.952 rows=365 loops=1)
                                       Buckets: 1024  Batches: 1  Memory Usage: 21kB
                                       Buffers: shared hit=42 read=1432
                                       ->  Seq Scan on date_dim  (cost=0.00..2387.11 rows=362 width=4) (actual time=13.874..23.887 rows=365 loops=1)
                                             Filter: (d_year = 1999)
                                             Rows Removed by Filter: 72684
                                             Buffers: shared hit=42 read=1432
                           ->  Index Scan using customer_demographics_pkey on customer_demographics  (cost=0.43..7.36 rows=1 width=8) (actual time=0.018..0.018 rows=0 loops=346303)
                                 Index Cond: (cd_demo_sk = catalog_sales.cs_bill_cdemo_sk)
                                 Filter: ((cd_gender = 'F'::bpchar) AND (cd_education_status = 'Advanced Degree'::bpchar))
                                 Rows Removed by Filter: 1
                                 Buffers: shared hit=1325122 read=58486
                     ->  Index Scan using item_pkey on item  (cost=0.42..7.34 rows=1 width=21) (actual time=0.020..0.020 rows=0 loops=10966)
                           Index Cond: (i_item_sk = catalog_sales.cs_item_sk)
                           Filter: (i_category = 'Books'::bpchar)
                           Rows Removed by Filter: 1
                           Buffers: shared hit=37748 read=6116
               ->  Index Scan using customer_pkey on customer  (cost=0.43..7.35 rows=1 width=12) (actual time=0.024..0.024 rows=0 loops=1658)
                     Index Cond: (c_customer_sk = catalog_sales.cs_bill_customer_sk)
                     Filter: (c_birth_month = 4)
                     Rows Removed by Filter: 1
                     Buffers: shared hit=6216 read=412
         ->  Index Scan using customer_address_pkey on customer_address  (cost=0.42..7.35 rows=1 width=35) (actual time=0.032..0.032 rows=0 loops=305)
               Index Cond: (ca_address_sk = customer.c_current_addr_sk)
               Filter: (ca_state = ANY ('{GA,ID,WA}'::bpchar[]))
               Rows Removed by Filter: 1
               Buffers: shared hit=622 read=598
 Planning:
   Buffers: shared hit=454
 Planning Time: 3.076 ms
 Execution Time: 59798.656 ms
(48 rows)

