                                                                                  QUERY PLAN                                                                                   
-------------------------------------------------------------------------------------------------------------------------------------------------------------------------------
 Aggregate  (cost=5985336.84..5985336.85 rows=1 width=268) (actual time=57215.168..57215.174 rows=1 loops=1)
   Buffers: shared hit=855598 read=3673657
   ->  Nested Loop  (cost=17045.03..5985336.76 rows=3 width=81) (actual time=33339.246..57214.466 rows=103 loops=1)
         Buffers: shared hit=855598 read=3673657
         ->  Nested Loop  (cost=17044.61..5985042.59 rows=40 width=54) (actual time=33287.902..57182.280 rows=1434 loops=1)
               Buffers: shared hit=852666 read=3670853
               ->  Nested Loop  (cost=17044.18..5983277.61 rows=240 width=50) (actual time=33276.364..57063.898 rows=8437 loops=1)
                     Buffers: shared hit=824171 read=3665616
                     ->  Nested Loop  (cost=17043.75..5957944.21 rows=3444 width=50) (actual time=33273.097..54996.756 rows=188896 loops=1)
                           Buffers: shared hit=83025 read=3652122
                           ->  Hash Join  (cost=17043.45..5925285.79 rows=694953 width=54) (actual time=137.029..54679.692 rows=760645 loops=1)
                                 Hash Cond: (catalog_sales.cs_item_sk = item.i_item_sk)
                                 Buffers: shared hit=76614 read=3652122
                                 ->  Seq Scan on catalog_sales  (cost=0.00..5874397.76 rows=12892906 width=41) (actual time=0.032..52188.864 rows=12722112 loops=1)
                                       Filter: ((cs_wholesale_cost >= '37'::numeric) AND (cs_wholesale_cost <= '42'::numeric))
                                       Rows Removed by Filter: 131270187
                                       Buffers: shared hit=62258 read=3652122
                                 ->  Hash  (cost=16906.00..16906.00 rows=10996 width=21) (actual time=136.800..136.801 rows=11037 loops=1)
                                       Buckets: 16384  Batches: 1  Memory Usage: 732kB
                                       Buffers: shared hit=14356
                                       ->  Seq Scan on item  (cost=0.00..16906.00 rows=10996 width=21) (actual time=0.036..133.729 rows=11037 loops=1)
                                             Filter: (i_category = 'Women'::bpchar)
                                             Rows Removed by Filter: 192963
                                             Buffers: shared hit=14356
                           ->  Memoize  (cost=0.30..7.22 rows=1 width=4) (actual time=0.000..0.000 rows=0 loops=760645)
                                 Cache Key: catalog_sales.cs_sold_date_sk
                                 Cache Mode: logical
                                 Hits: 758507  Misses: 2138  Evictions: 0  Overflows: 0  Memory Usage: 155kB
                                 Buffers: shared hit=6411
                                 ->  Index Scan using date_dim_pkey on date_dim  (cost=0.29..7.21 rows=1 width=4) (actual time=0.016..0.016 rows=0 loops=2138)
                                       Index Cond: (d_date_sk = catalog_sales.cs_sold_date_sk)
                                       Filter: (d_year = 2002)
                                       Rows Removed by Filter: 1
                                       Buffers: shared hit=6411
                     ->  Index Scan using customer_demographics_pkey on customer_demographics  (cost=0.43..7.36 rows=1 width=8) (actual time=0.011..0.011 rows=0 loops=188896)
                           Index Cond: (cd_demo_sk = catalog_sales.cs_bill_cdemo_sk)
                           Filter: ((cd_gender = 'F'::bpchar) AND (cd_education_status = 'Unknown'::bpchar))
                           Rows Removed by Filter: 1
                           Buffers: shared hit=741146 read=13494
               ->  Index Scan using customer_pkey on customer  (cost=0.43..7.35 rows=1 width=12) (actual time=0.014..0.014 rows=0 loops=8437)
                     Index Cond: (c_customer_sk = catalog_sales.cs_bill_customer_sk)
                     Filter: (c_birth_month = 4)
                     Rows Removed by Filter: 1
                     Buffers: shared hit=28495 read=5237
         ->  Index Scan using customer_address_pkey on customer_address  (cost=0.42..7.35 rows=1 width=35) (actual time=0.021..0.021 rows=0 loops=1434)
               Index Cond: (ca_address_sk = customer.c_current_addr_sk)
               Filter: (ca_state = ANY ('{KY,MO,UT}'::bpchar[]))
               Rows Removed by Filter: 1
               Buffers: shared hit=2932 read=2804
 Planning:
   Buffers: shared hit=454
 Planning Time: 2.082 ms
 Execution Time: 57215.508 ms
(53 rows)

