                                                                                  QUERY PLAN                                                                                   
-------------------------------------------------------------------------------------------------------------------------------------------------------------------------------
 Aggregate  (cost=5995667.01..5995667.02 rows=1 width=268) (actual time=52774.096..52774.101 rows=1 loops=1)
   Buffers: shared hit=554888 read=3650883
   ->  Nested Loop  (cost=17326.55..5995666.93 rows=3 width=81) (actual time=22168.820..52774.041 rows=7 loops=1)
         Buffers: shared hit=554888 read=3650883
         ->  Nested Loop  (cost=17326.12..5995387.39 rows=38 width=54) (actual time=22126.799..52766.365 rows=203 loops=1)
               Buffers: shared hit=554425 read=3650534
               ->  Nested Loop  (cost=17325.69..5992555.99 rows=385 width=50) (actual time=22050.565..52727.193 rows=2121 loops=1)
                     Buffers: shared hit=547566 read=3648917
                     ->  Nested Loop  (cost=17325.27..5952282.53 rows=5475 width=50) (actual time=22050.046..51431.323 rows=115473 loops=1)
                           Buffers: shared hit=95006 read=3640141
                           ->  Hash Join  (cost=17324.96..5909375.83 rows=1104887 width=54) (actual time=133.529..51090.949 rows=847899 loops=1)
                                 Hash Cond: (catalog_sales.cs_item_sk = item.i_item_sk)
                                 Buffers: shared hit=88595 read=3640141
                                 ->  Seq Scan on catalog_sales  (cost=0.00..5874397.76 rows=6724855 width=41) (actual time=0.026..49417.793 rows=6763882 loops=1)
                                       Filter: ((cs_wholesale_cost >= '71'::numeric) AND (cs_wholesale_cost <= '76'::numeric))
                                       Rows Removed by Filter: 137228417
                                       Buffers: shared hit=75779 read=3638601
                                 ->  Hash  (cost=16906.00..16906.00 rows=33517 width=21) (actual time=133.276..133.277 rows=33627 loops=1)
                                       Buckets: 65536  Batches: 1  Memory Usage: 2351kB
                                       Buffers: shared hit=12816 read=1540
                                       ->  Seq Scan on item  (cost=0.00..16906.00 rows=33517 width=21) (actual time=0.015..124.317 rows=33627 loops=1)
                                             Filter: (i_category = 'Shoes'::bpchar)
                                             Rows Removed by Filter: 170373
                                             Buffers: shared hit=12816 read=1540
                           ->  Memoize  (cost=0.30..7.22 rows=1 width=4) (actual time=0.000..0.000 rows=0 loops=847899)
                                 Cache Key: catalog_sales.cs_sold_date_sk
                                 Cache Mode: logical
                                 Hits: 845761  Misses: 2138  Evictions: 0  Overflows: 0  Memory Usage: 155kB
                                 Buffers: shared hit=6411
                                 ->  Index Scan using date_dim_pkey on date_dim  (cost=0.29..7.21 rows=1 width=4) (actual time=0.017..0.017 rows=0 loops=2138)
                                       Index Cond: (d_date_sk = catalog_sales.cs_sold_date_sk)
                                       Filter: (d_year = 2001)
                                       Rows Removed by Filter: 1
                                       Buffers: shared hit=6411
                     ->  Index Scan using customer_demographics_pkey on customer_demographics  (cost=0.43..7.36 rows=1 width=8) (actual time=0.011..0.011 rows=0 loops=115473)
                           Index Cond: (cd_demo_sk = catalog_sales.cs_bill_cdemo_sk)
                           Filter: ((cd_gender = 'F'::bpchar) AND (cd_education_status = 'Secondary'::bpchar))
                           Rows Removed by Filter: 1
                           Buffers: shared hit=452560 read=8776
               ->  Index Scan using customer_pkey on customer  (cost=0.43..7.35 rows=1 width=12) (actual time=0.018..0.018 rows=0 loops=2121)
                     Index Cond: (c_customer_sk = catalog_sales.cs_bill_customer_sk)
                     Filter: (c_birth_month = 2)
                     Rows Removed by Filter: 1
                     Buffers: shared hit=6859 read=1617
         ->  Index Scan using customer_address_pkey on customer_address  (cost=0.42..7.36 rows=1 width=35) (actual time=0.036..0.036 rows=0 loops=203)
               Index Cond: (ca_address_sk = customer.c_current_addr_sk)
               Filter: (ca_state = ANY ('{GA,NV,SD}'::bpchar[]))
               Rows Removed by Filter: 1
               Buffers: shared hit=463 read=349
 Planning:
   Buffers: shared hit=454
 Planning Time: 1.974 ms
 Execution Time: 52774.483 ms
(53 rows)

