                                                                                  QUERY PLAN                                                                                  
------------------------------------------------------------------------------------------------------------------------------------------------------------------------------
 Aggregate  (cost=5903994.90..5903994.91 rows=1 width=268) (actual time=52931.487..52931.494 rows=1 loops=1)
   Buffers: shared hit=206155 read=3647307
   ->  Nested Loop  (cost=19612.06..5903994.88 rows=1 width=81) (actual time=7382.577..52931.074 rows=53 loops=1)
         Buffers: shared hit=206155 read=3647307
         ->  Nested Loop  (cost=19611.63..5903928.69 rows=9 width=54) (actual time=7320.021..52911.270 rows=809 loops=1)
               Buffers: shared hit=204401 read=3645825
               ->  Nested Loop  (cost=19611.20..5903524.12 rows=55 width=50) (actual time=7313.301..52824.332 rows=4963 loops=1)
                     Buffers: shared hit=188634 read=3641752
                     ->  Hash Join  (cost=19610.78..5897785.98 rows=780 width=50) (actual time=7313.255..52478.560 rows=25079 loops=1)
                           Hash Cond: (catalog_sales.cs_sold_date_sk = date_dim.d_date_sk)
                           Buffers: shared hit=90278 read=3639932
                           ->  Hash Join  (cost=17219.14..5894981.19 rows=157381 width=54) (actual time=137.868..52424.932 rows=217677 loops=1)
                                 Hash Cond: (catalog_sales.cs_item_sk = item.i_item_sk)
                                 Buffers: shared hit=90236 read=3638500
                                 ->  Seq Scan on catalog_sales  (cost=0.00..5874397.76 rows=1281611 width=41) (actual time=0.075..51907.021 rows=1213654 loops=1)
                                       Filter: ((cs_wholesale_cost >= '18'::numeric) AND (cs_wholesale_cost <= '23'::numeric))
                                       Rows Removed by Filter: 142778645
                                       Buffers: shared hit=76709 read=3637671
                                 ->  Hash  (cost=16906.00..16906.00 rows=25051 width=21) (actual time=136.361..136.362 rows=24688 loops=1)
                                       Buckets: 32768  Batches: 1  Memory Usage: 1607kB
                                       Buffers: shared hit=13527 read=829
                                       ->  Seq Scan on item  (cost=0.00..16906.00 rows=25051 width=21) (actual time=0.013..129.718 rows=24688 loops=1)
                                             Filter: (i_category = 'Books'::bpchar)
                                             Rows Removed by Filter: 179312
                                             Buffers: shared hit=13527 read=829
                           ->  Hash  (cost=2387.11..2387.11 rows=362 width=4) (actual time=23.707..23.707 rows=365 loops=1)
                                 Buckets: 1024  Batches: 1  Memory Usage: 21kB
                                 Buffers: shared hit=42 read=1432
                                 ->  Seq Scan on date_dim  (cost=0.00..2387.11 rows=362 width=4) (actual time=14.616..23.599 rows=365 loops=1)
                                       Filter: (d_year = 1999)
                                       Rows Removed by Filter: 72684
                                       Buffers: shared hit=42 read=1432
                     ->  Index Scan using customer_demographics_pkey on customer_demographics  (cost=0.43..7.36 rows=1 width=8) (actual time=0.013..0.013 rows=0 loops=25079)
                           Index Cond: (cd_demo_sk = catalog_sales.cs_bill_cdemo_sk)
                           Filter: ((cd_gender = 'M'::bpchar) AND (cd_education_status = '2 yr Degree'::bpchar))
                           Rows Removed by Filter: 1
                           Buffers: shared hit=98356 read=1820
               ->  Index Scan using customer_pkey on customer  (cost=0.43..7.36 rows=1 width=12) (actual time=0.017..0.017 rows=0 loops=4963)
                     Index Cond: (c_customer_sk = catalog_sales.cs_bill_customer_sk)
                     Filter: (c_birth_month = 4)
                     Rows Removed by Filter: 1
                     Buffers: shared hit=15767 read=4073
         ->  Index Scan using customer_address_pkey on customer_address  (cost=0.42..7.35 rows=1 width=35) (actual time=0.023..0.023 rows=0 loops=809)
               Index Cond: (ca_address_sk = customer.c_current_addr_sk)
               Filter: (ca_state = ANY ('{NC,UT,VA}'::bpchar[]))
               Rows Removed by Filter: 1
               Buffers: shared hit=1754 read=1482
 Planning:
   Buffers: shared hit=454
 Planning Time: 4.382 ms
 Execution Time: 52932.033 ms
(51 rows)

