                                                                              QUERY PLAN                                                                               
-----------------------------------------------------------------------------------------------------------------------------------------------------------------------
 Aggregate  (cost=5991342.61..5991342.62 rows=1 width=268) (actual time=57556.413..57556.424 rows=1 loops=1)
   Buffers: shared hit=325988 read=3707303
   ->  Nested Loop  (cost=17019.78..5991342.58 rows=1 width=81) (actual time=37471.428..57556.312 rows=12 loops=1)
         Buffers: shared hit=325988 read=3707303
         ->  Nested Loop  (cost=17019.36..5991239.54 rows=14 width=54) (actual time=33809.030..57551.141 rows=186 loops=1)
               Buffers: shared hit=325599 read=3706948
               ->  Nested Loop  (cost=17018.93..5989797.80 rows=196 width=54) (actual time=33781.369..57497.046 rows=4010 loops=1)
                     Buffers: shared hit=309895 read=3706632
                     ->  Nested Loop  (cost=17018.50..5964793.99 rows=3400 width=50) (actual time=33778.850..56438.649 rows=70441 loops=1)
                           Buffers: shared hit=88353 read=3646794
                           ->  Hash Join  (cost=17018.20..5932354.54 rows=686194 width=54) (actual time=142.348..56254.601 rows=341873 loops=1)
                                 Hash Cond: (catalog_sales.cs_item_sk = item.i_item_sk)
                                 Buffers: shared hit=81942 read=3646794
                                 ->  Seq Scan on catalog_sales  (cost=0.00..5874397.76 rows=15595328 width=41) (actual time=0.022..53560.278 rows=15696054 loops=1)
                                       Filter: ((cs_wholesale_cost >= '23'::numeric) AND (cs_wholesale_cost <= '28'::numeric))
                                       Rows Removed by Filter: 128296245
                                       Buffers: shared hit=67586 read=3646794
                                 ->  Hash  (cost=16906.00..16906.00 rows=8976 width=21) (actual time=142.172..142.174 rows=8826 loops=1)
                                       Buckets: 16384  Batches: 1  Memory Usage: 611kB
                                       Buffers: shared hit=14356
                                       ->  Seq Scan on item  (cost=0.00..16906.00 rows=8976 width=21) (actual time=0.008..138.728 rows=8826 loops=1)
                                             Filter: (i_category = 'Jewelry'::bpchar)
                                             Rows Removed by Filter: 195174
                                             Buffers: shared hit=14356
                           ->  Memoize  (cost=0.30..7.22 rows=1 width=4) (actual time=0.000..0.000 rows=0 loops=341873)
                                 Cache Key: catalog_sales.cs_sold_date_sk
                                 Cache Mode: logical
                                 Hits: 339735  Misses: 2138  Evictions: 0  Overflows: 0  Memory Usage: 155kB
                                 Buffers: shared hit=6411
                                 ->  Index Scan using date_dim_pkey on date_dim  (cost=0.29..7.21 rows=1 width=4) (actual time=0.017..0.017 rows=0 loops=2138)
                                       Index Cond: (d_date_sk = catalog_sales.cs_sold_date_sk)
                                       Filter: (d_year = 2002)
                                       Rows Removed by Filter: 1
                                       Buffers: shared hit=6411
                     ->  Index Scan using customer_pkey on customer  (cost=0.43..7.35 rows=1 width=12) (actual time=0.015..0.015 rows=0 loops=70441)
                           Index Cond: (c_customer_sk = catalog_sales.cs_bill_customer_sk)
                           Filter: (c_birth_month = 3)
                           Rows Removed by Filter: 1
                           Buffers: shared hit=221542 read=59838
               ->  Index Scan using customer_demographics_pkey on customer_demographics  (cost=0.43..7.36 rows=1 width=8) (actual time=0.013..0.013 rows=0 loops=4010)
                     Index Cond: (cd_demo_sk = catalog_sales.cs_bill_cdemo_sk)
                     Filter: ((cd_gender = 'M'::bpchar) AND (cd_education_status = 'Advanced Degree'::bpchar))
                     Rows Removed by Filter: 1
                     Buffers: shared hit=15704 read=316
         ->  Index Scan using customer_address_pkey on customer_address  (cost=0.42..7.36 rows=1 width=35) (actual time=0.026..0.026 rows=0 loops=186)
               Index Cond: (ca_address_sk = customer.c_current_addr_sk)
               Filter: (ca_state = ANY ('{GA,MD,NC}'::bpchar[]))
               Rows Removed by Filter: 1
               Buffers: shared hit=389 read=355
 Planning:
   Buffers: shared hit=454
 Planning Time: 1.880 ms
 Execution Time: 57556.798 ms
(53 rows)

