                                                                                  QUERY PLAN                                                                                   
-------------------------------------------------------------------------------------------------------------------------------------------------------------------------------
 Aggregate  (cost=6019457.73..6019457.74 rows=1 width=268) (actual time=55967.331..55967.335 rows=1 loops=1)
   Buffers: shared hit=887470 read=3715729
   ->  Nested Loop  (cost=17326.55..6019457.40 rows=12 width=81) (actual time=14338.437..55965.655 rows=247 loops=1)
         Buffers: shared hit=887470 read=3715729
         ->  Nested Loop  (cost=17326.12..6018854.35 rows=82 width=54) (actual time=14333.201..55869.003 rows=4552 loops=1)
               Buffers: shared hit=877107 read=3707884
               ->  Nested Loop  (cost=17325.69..6015272.86 rows=487 width=50) (actual time=14333.179..55466.804 rows=26868 loops=1)
                     Buffers: shared hit=786681 read=3690914
                     ->  Nested Loop  (cost=17325.27..5964304.18 rows=6929 width=50) (actual time=14332.914..53153.087 rows=185858 loops=1)
                           Buffers: shared hit=67880 read=3667267
                           ->  Hash Join  (cost=17324.96..5914063.17 rows=1398262 width=54) (actual time=177.057..52740.914 rows=1067649 loops=1)
                                 Hash Cond: (catalog_sales.cs_item_sk = item.i_item_sk)
                                 Buffers: shared hit=61469 read=3667267
                                 ->  Seq Scan on catalog_sales  (cost=0.00..5874397.76 rows=8510470 width=41) (actual time=0.028..50649.202 rows=8494738 loops=1)
                                       Filter: ((cs_wholesale_cost >= '68'::numeric) AND (cs_wholesale_cost <= '73'::numeric))
                                       Rows Removed by Filter: 135497561
                                       Buffers: shared hit=61433 read=3652947
                                 ->  Hash  (cost=16906.00..16906.00 rows=33517 width=21) (actual time=176.809..176.810 rows=33627 loops=1)
                                       Buckets: 65536  Batches: 1  Memory Usage: 2351kB
                                       Buffers: shared hit=36 read=14320
                                       ->  Seq Scan on item  (cost=0.00..16906.00 rows=33517 width=21) (actual time=0.026..161.591 rows=33627 loops=1)
                                             Filter: (i_category = 'Shoes'::bpchar)
                                             Rows Removed by Filter: 170373
                                             Buffers: shared hit=36 read=14320
                           ->  Memoize  (cost=0.30..7.22 rows=1 width=4) (actual time=0.000..0.000 rows=0 loops=1067649)
                                 Cache Key: catalog_sales.cs_sold_date_sk
                                 Cache Mode: logical
                                 Hits: 1065511  Misses: 2138  Evictions: 0  Overflows: 0  Memory Usage: 155kB
                                 Buffers: shared hit=6411
                                 ->  Index Scan using date_dim_pkey on date_dim  (cost=0.29..7.21 rows=1 width=4) (actual time=0.016..0.016 rows=0 loops=2138)
                                       Index Cond: (d_date_sk = catalog_sales.cs_sold_date_sk)
                                       Filter: (d_year = 2000)
                                       Rows Removed by Filter: 1
                                       Buffers: shared hit=6411
                     ->  Index Scan using customer_demographics_pkey on customer_demographics  (cost=0.43..7.36 rows=1 width=8) (actual time=0.012..0.012 rows=0 loops=185858)
                           Index Cond: (cd_demo_sk = catalog_sales.cs_bill_cdemo_sk)
                           Filter: ((cd_gender = 'M'::bpchar) AND (cd_education_status = 'Unknown'::bpchar))
                           Rows Removed by Filter: 1
                           Buffers: shared hit=718801 read=23647
               ->  Index Scan using customer_pkey on customer  (cost=0.43..7.35 rows=1 width=12) (actual time=0.015..0.015 rows=0 loops=26868)
                     Index Cond: (c_customer_sk = catalog_sales.cs_bill_customer_sk)
                     Filter: (c_birth_month = 4)
                     Rows Removed by Filter: 1
                     Buffers: shared hit=90426 read=16970
         ->  Index Scan using customer_address_pkey on customer_address  (cost=0.42..7.35 rows=1 width=35) (actual time=0.021..0.021 rows=0 loops=4552)
               Index Cond: (ca_address_sk = customer.c_current_addr_sk)
               Filter: (ca_state = ANY ('{MO,NC,TX}'::bpchar[]))
               Rows Removed by Filter: 1
               Buffers: shared hit=10363 read=7845
 Planning:
   Buffers: shared hit=410 read=44
 Planning Time: 1.926 ms
 Execution Time: 55967.655 ms
(53 rows)

