                                                                                  QUERY PLAN                                                                                  
------------------------------------------------------------------------------------------------------------------------------------------------------------------------------
 Aggregate  (cost=5935242.97..5935242.98 rows=1 width=268) (actual time=51167.262..51167.267 rows=1 loops=1)
   Buffers: shared hit=142046 read=3637109
   ->  Nested Loop  (cost=16954.16..5935242.94 rows=1 width=81) (actual time=21095.246..51167.255 rows=1 loops=1)
         Buffers: shared hit=142046 read=3637109
         ->  Nested Loop  (cost=16953.73..5935213.51 rows=4 width=54) (actual time=14606.153..51166.929 rows=14 loops=1)
               Buffers: shared hit=142014 read=3637085
               ->  Nested Loop  (cost=16953.31..5934860.51 rows=48 width=50) (actual time=14065.001..51162.065 rows=240 loops=1)
                     Buffers: shared hit=141237 read=3636902
                     ->  Nested Loop  (cost=16952.88..5929843.81 rows=682 width=50) (actual time=14035.903..50997.885 rows=10762 loops=1)
                           Buffers: shared hit=99437 read=3635710
                           ->  Hash Join  (cost=16952.58..5911120.31 rows=137556 width=54) (actual time=108.961..50907.714 rows=68199 loops=1)
                                 Hash Cond: (catalog_sales.cs_item_sk = item.i_item_sk)
                                 Buffers: shared hit=93026 read=3635710
                                 ->  Seq Scan on catalog_sales  (cost=0.00..5874397.76 rows=7531262 width=41) (actual time=0.031..49451.928 rows=7518631 loops=1)
                                       Filter: ((cs_wholesale_cost >= '81'::numeric) AND (cs_wholesale_cost <= '86'::numeric))
                                       Rows Removed by Filter: 136473668
                                       Buffers: shared hit=78670 read=3635710
                                 ->  Hash  (cost=16906.00..16906.00 rows=3726 width=21) (actual time=108.801..108.801 rows=3713 loops=1)
                                       Buckets: 4096  Batches: 1  Memory Usage: 236kB
                                       Buffers: shared hit=14356
                                       ->  Seq Scan on item  (cost=0.00..16906.00 rows=3726 width=21) (actual time=0.040..107.785 rows=3713 loops=1)
                                             Filter: (i_category = 'Music'::bpchar)
                                             Rows Removed by Filter: 200287
                                             Buffers: shared hit=14356
                           ->  Memoize  (cost=0.30..7.22 rows=1 width=4) (actual time=0.001..0.001 rows=0 loops=68199)
                                 Cache Key: catalog_sales.cs_sold_date_sk
                                 Cache Mode: logical
                                 Hits: 66061  Misses: 2138  Evictions: 0  Overflows: 0  Memory Usage: 155kB
                                 Buffers: shared hit=6411
                                 ->  Index Scan using date_dim_pkey on date_dim  (cost=0.29..7.21 rows=1 width=4) (actual time=0.017..0.017 rows=0 loops=2138)
                                       Index Cond: (d_date_sk = catalog_sales.cs_sold_date_sk)
                                       Filter: (d_year = 2000)
                                       Rows Removed by Filter: 1
                                       Buffers: shared hit=6411
                     ->  Index Scan using customer_demographics_pkey on customer_demographics  (cost=0.43..7.36 rows=1 width=8) (actual time=0.015..0.015 rows=0 loops=10762)
                           Index Cond: (cd_demo_sk = catalog_sales.cs_bill_cdemo_sk)
                           Filter: ((cd_gender = 'M'::bpchar) AND (cd_education_status = 'Secondary'::bpchar))
                           Rows Removed by Filter: 1
                           Buffers: shared hit=41800 read=1192
               ->  Index Scan using customer_pkey on customer  (cost=0.43..7.35 rows=1 width=12) (actual time=0.019..0.019 rows=0 loops=240)
                     Index Cond: (c_customer_sk = catalog_sales.cs_bill_customer_sk)
                     Filter: (c_birth_month = 11)
                     Rows Removed by Filter: 1
                     Buffers: shared hit=777 read=183
         ->  Index Scan using customer_address_pkey on customer_address  (cost=0.42..7.36 rows=1 width=35) (actual time=0.022..0.022 rows=0 loops=14)
               Index Cond: (ca_address_sk = customer.c_current_addr_sk)
               Filter: (ca_state = ANY ('{GA,MT,NM}'::bpchar[]))
               Rows Removed by Filter: 1
               Buffers: shared hit=32 read=24
 Planning:
   Buffers: shared hit=454
 Planning Time: 2.779 ms
 Execution Time: 51167.627 ms
(53 rows)

