                                                                                  QUERY PLAN                                                                                   
-------------------------------------------------------------------------------------------------------------------------------------------------------------------------------
 Aggregate  (cost=6018404.44..6018404.45 rows=1 width=268) (actual time=56916.864..56916.869 rows=1 loops=1)
   Buffers: shared hit=868385 read=3748198
   ->  Nested Loop  (cost=17220.72..6018404.36 rows=3 width=81) (actual time=348.926..56916.670 rows=22 loops=1)
         Buffers: shared hit=868385 read=3748198
         ->  Nested Loop  (cost=17220.30..6018073.33 rows=45 width=54) (actual time=147.238..56901.774 rows=453 loops=1)
               Buffers: shared hit=867169 read=3747602
               ->  Nested Loop  (cost=17219.87..6014705.13 rows=458 width=50) (actual time=139.719..56808.099 rows=4528 loops=1)
                     Buffers: shared hit=850308 read=3746363
                     ->  Nested Loop  (cost=17219.44..5967260.07 rows=6450 width=50) (actual time=129.785..53519.701 rows=215648 loops=1)
                           Buffers: shared hit=42568 read=3692579
                           ->  Hash Join  (cost=17219.14..5919438.50 rows=1301484 width=54) (actual time=129.735..52863.913 rows=1848403 loops=1)
                                 Hash Cond: (catalog_sales.cs_item_sk = item.i_item_sk)
                                 Buffers: shared hit=36157 read=3692579
                                 ->  Seq Scan on catalog_sales  (cost=0.00..5874397.76 rows=10598487 width=41) (actual time=0.046..50285.922 rows=10312840 loops=1)
                                       Filter: ((cs_wholesale_cost >= '87'::numeric) AND (cs_wholesale_cost <= '92'::numeric))
                                       Rows Removed by Filter: 133679459
                                       Buffers: shared hit=22323 read=3692057
                                 ->  Hash  (cost=16906.00..16906.00 rows=25051 width=21) (actual time=129.527..129.528 rows=24688 loops=1)
                                       Buckets: 32768  Batches: 1  Memory Usage: 1607kB
                                       Buffers: shared hit=13834 read=522
                                       ->  Seq Scan on item  (cost=0.00..16906.00 rows=25051 width=21) (actual time=0.017..123.567 rows=24688 loops=1)
                                             Filter: (i_category = 'Books'::bpchar)
                                             Rows Removed by Filter: 179312
                                             Buffers: shared hit=13834 read=522
                           ->  Memoize  (cost=0.30..7.22 rows=1 width=4) (actual time=0.000..0.000 rows=0 loops=1848403)
                                 Cache Key: catalog_sales.cs_sold_date_sk
                                 Cache Mode: logical
                                 Hits: 1846265  Misses: 2138  Evictions: 0  Overflows: 0  Memory Usage: 155kB
                                 Buffers: shared hit=6411
                                 ->  Index Scan using date_dim_pkey on date_dim  (cost=0.29..7.21 rows=1 width=4) (actual time=0.017..0.017 rows=0 loops=2138)
                                       Index Cond: (d_date_sk = catalog_sales.cs_sold_date_sk)
                                       Filter: (d_year = 1998)
                                       Rows Removed by Filter: 1
                                       Buffers: shared hit=6411
                     ->  Index Scan using customer_demographics_pkey on customer_demographics  (cost=0.43..7.36 rows=1 width=8) (actual time=0.015..0.015 rows=0 loops=215648)
                           Index Cond: (cd_demo_sk = catalog_sales.cs_bill_cdemo_sk)
                           Filter: ((cd_gender = 'M'::bpchar) AND (cd_education_status = 'Secondary'::bpchar))
                           Rows Removed by Filter: 1
                           Buffers: shared hit=807740 read=53784
               ->  Index Scan using customer_pkey on customer  (cost=0.43..7.35 rows=1 width=12) (actual time=0.020..0.020 rows=0 loops=4528)
                     Index Cond: (c_customer_sk = catalog_sales.cs_bill_customer_sk)
                     Filter: (c_birth_month = 1)
                     Rows Removed by Filter: 1
                     Buffers: shared hit=16861 read=1239
         ->  Index Scan using customer_address_pkey on customer_address  (cost=0.42..7.36 rows=1 width=35) (actual time=0.031..0.031 rows=0 loops=453)
               Index Cond: (ca_address_sk = customer.c_current_addr_sk)
               Filter: (ca_state = ANY ('{AL,IA,MT}'::bpchar[]))
               Rows Removed by Filter: 1
               Buffers: shared hit=1216 read=596
 Planning:
   Buffers: shared hit=404 read=50
 Planning Time: 3.201 ms
 Execution Time: 56917.267 ms
(53 rows)

