                                                                                  QUERY PLAN                                                                                   
-------------------------------------------------------------------------------------------------------------------------------------------------------------------------------
 Aggregate  (cost=6009401.95..6009401.96 rows=1 width=268) (actual time=68396.628..68396.635 rows=1 loops=1)
   Buffers: shared hit=2187317 read=3716730
   ->  Nested Loop  (cost=17119.15..6009401.87 rows=3 width=81) (actual time=33661.278..68395.807 rows=115 loops=1)
         Buffers: shared hit=2187317 read=3716730
         ->  Nested Loop  (cost=17118.72..6009129.68 rows=37 width=54) (actual time=33618.236..68248.745 rows=2544 loops=1)
               Buffers: shared hit=2180870 read=3713001
               ->  Nested Loop  (cost=17118.29..6006379.25 rows=374 width=50) (actual time=33613.451..67703.388 rows=26449 loops=1)
                     Buffers: shared hit=2090179 read=3697968
                     ->  Nested Loop  (cost=17117.87..5967386.13 rows=5301 width=50) (actual time=33612.443..58772.663 rows=513880 loops=1)
                           Buffers: shared hit=71568 read=3663579
                           ->  Hash Join  (cost=17117.56..5925359.90 rows=1069669 width=54) (actual time=144.615..57954.144 rows=2182569 loops=1)
                                 Hash Cond: (catalog_sales.cs_item_sk = item.i_item_sk)
                                 Buffers: shared hit=65157 read=3663579
                                 ->  Seq Scan on catalog_sales  (cost=0.00..5874397.76 rows=12892906 width=41) (actual time=0.029..55034.858 rows=12722112 loops=1)
                                       Filter: ((cs_wholesale_cost >= '34'::numeric) AND (cs_wholesale_cost <= '39'::numeric))
                                       Rows Removed by Filter: 131270187
                                       Buffers: shared hit=64458 read=3649922
                                 ->  Hash  (cost=16906.00..16906.00 rows=16925 width=21) (actual time=144.419..144.420 rows=17141 loops=1)
                                       Buckets: 32768  Batches: 1  Memory Usage: 1194kB
                                       Buffers: shared hit=699 read=13657
                                       ->  Seq Scan on item  (cost=0.00..16906.00 rows=16925 width=21) (actual time=0.011..139.361 rows=17141 loops=1)
                                             Filter: (i_category = 'Home'::bpchar)
                                             Rows Removed by Filter: 186859
                                             Buffers: shared hit=699 read=13657
                           ->  Memoize  (cost=0.30..7.22 rows=1 width=4) (actual time=0.000..0.000 rows=0 loops=2182569)
                                 Cache Key: catalog_sales.cs_sold_date_sk
                                 Cache Mode: logical
                                 Hits: 2180431  Misses: 2138  Evictions: 0  Overflows: 0  Memory Usage: 155kB
                                 Buffers: shared hit=6411
                                 ->  Index Scan using date_dim_pkey on date_dim  (cost=0.29..7.21 rows=1 width=4) (actual time=0.018..0.018 rows=0 loops=2138)
                                       Index Cond: (d_date_sk = catalog_sales.cs_sold_date_sk)
                                       Filter: (d_year = 2002)
                                       Rows Removed by Filter: 1
                                       Buffers: shared hit=6411
                     ->  Index Scan using customer_demographics_pkey on customer_demographics  (cost=0.43..7.36 rows=1 width=8) (actual time=0.017..0.017 rows=0 loops=513880)
                           Index Cond: (cd_demo_sk = catalog_sales.cs_bill_cdemo_sk)
                           Filter: ((cd_gender = 'F'::bpchar) AND (cd_education_status = 'College'::bpchar))
                           Rows Removed by Filter: 1
                           Buffers: shared hit=2018611 read=34389
               ->  Index Scan using customer_pkey on customer  (cost=0.43..7.35 rows=1 width=12) (actual time=0.020..0.020 rows=0 loops=26449)
                     Index Cond: (c_customer_sk = catalog_sales.cs_bill_customer_sk)
                     Filter: (c_birth_month = 2)
                     Rows Removed by Filter: 1
                     Buffers: shared hit=90691 read=15033
         ->  Index Scan using customer_address_pkey on customer_address  (cost=0.42..7.36 rows=1 width=35) (actual time=0.057..0.057 rows=0 loops=2544)
               Index Cond: (ca_address_sk = customer.c_current_addr_sk)
               Filter: (ca_state = ANY ('{IA,KS,NE}'::bpchar[]))
               Rows Removed by Filter: 1
               Buffers: shared hit=6447 read=3729
 Planning:
   Buffers: shared hit=454
 Planning Time: 2.259 ms
 Execution Time: 68396.992 ms
(53 rows)

