                                                                              QUERY PLAN                                                                               
-----------------------------------------------------------------------------------------------------------------------------------------------------------------------
 Aggregate  (cost=5976599.17..5976599.18 rows=1 width=268) (actual time=53493.879..53493.884 rows=1 loops=1)
   Buffers: shared hit=440477 read=3763230
   ->  Nested Loop  (cost=17242.40..5976599.14 rows=1 width=81) (actual time=31448.210..53493.574 rows=39 loops=1)
         Buffers: shared hit=440477 read=3763230
         ->  Nested Loop  (cost=17241.97..5976532.84 rows=9 width=54) (actual time=31374.507..53477.254 rows=746 loops=1)
               Buffers: shared hit=438709 read=3762014
               ->  Nested Loop  (cost=17241.54..5975547.15 rows=134 width=54) (actual time=31374.457..53420.751 rows=3772 loops=1)
                     Buffers: shared hit=423796 read=3761847
                     ->  Nested Loop  (cost=17241.12..5944835.64 rows=4176 width=50) (actual time=31373.187..51919.010 rows=112781 loops=1)
                           Buffers: shared hit=48300 read=3686847
                           ->  Hash Join  (cost=17240.81..5908485.26 rows=842632 width=54) (actual time=160.055..51664.885 rows=579368 loops=1)
                                 Hash Cond: (catalog_sales.cs_item_sk = item.i_item_sk)
                                 Buffers: shared hit=41889 read=3686847
                                 ->  Seq Scan on catalog_sales  (cost=0.00..5874397.76 rows=6417653 width=41) (actual time=0.046..50044.220 rows=6094526 loops=1)
                                       Filter: ((cs_wholesale_cost >= '61'::numeric) AND (cs_wholesale_cost <= '66'::numeric))
                                       Rows Removed by Filter: 137897773
                                       Buffers: shared hit=40564 read=3673816
                                 ->  Hash  (cost=16906.00..16906.00 rows=26785 width=21) (actual time=159.852..159.853 rows=26695 loops=1)
                                       Buckets: 32768  Batches: 1  Memory Usage: 1716kB
                                       Buffers: shared hit=1325 read=13031
                                       ->  Seq Scan on item  (cost=0.00..16906.00 rows=26785 width=21) (actual time=0.017..151.741 rows=26695 loops=1)
                                             Filter: (i_category = 'Children'::bpchar)
                                             Rows Removed by Filter: 177305
                                             Buffers: shared hit=1325 read=13031
                           ->  Memoize  (cost=0.30..7.22 rows=1 width=4) (actual time=0.000..0.000 rows=0 loops=579368)
                                 Cache Key: catalog_sales.cs_sold_date_sk
                                 Cache Mode: logical
                                 Hits: 577230  Misses: 2138  Evictions: 0  Overflows: 0  Memory Usage: 155kB
                                 Buffers: shared hit=6411
                                 ->  Index Scan using date_dim_pkey on date_dim  (cost=0.29..7.21 rows=1 width=4) (actual time=0.017..0.017 rows=0 loops=2138)
                                       Index Cond: (d_date_sk = catalog_sales.cs_sold_date_sk)
                                       Filter: (d_year = 2002)
                                       Rows Removed by Filter: 1
                                       Buffers: shared hit=6411
                     ->  Index Scan using customer_pkey on customer  (cost=0.43..7.35 rows=1 width=12) (actual time=0.013..0.013 rows=0 loops=112781)
                           Index Cond: (c_customer_sk = catalog_sales.cs_bill_customer_sk)
                           Filter: (c_birth_month = 6)
                           Rows Removed by Filter: 1
                           Buffers: shared hit=375496 read=75000
               ->  Index Scan using customer_demographics_pkey on customer_demographics  (cost=0.43..7.36 rows=1 width=8) (actual time=0.014..0.014 rows=0 loops=3772)
                     Index Cond: (cd_demo_sk = catalog_sales.cs_bill_cdemo_sk)
                     Filter: ((cd_gender = 'M'::bpchar) AND (cd_education_status = '2 yr Degree'::bpchar))
                     Rows Removed by Filter: 1
                     Buffers: shared hit=14913 read=167
         ->  Index Scan using customer_address_pkey on customer_address  (cost=0.42..7.37 rows=1 width=35) (actual time=0.020..0.020 rows=0 loops=746)
               Index Cond: (ca_address_sk = customer.c_current_addr_sk)
               Filter: (ca_state = ANY ('{IN,MN,NC}'::bpchar[]))
               Rows Removed by Filter: 1
               Buffers: shared hit=1768 read=1216
 Planning:
   Buffers: shared hit=405 read=49
 Planning Time: 3.132 ms
 Execution Time: 53494.291 ms
(53 rows)

