                                                                              QUERY PLAN                                                                               
-----------------------------------------------------------------------------------------------------------------------------------------------------------------------
 Aggregate  (cost=5945009.86..5945009.87 rows=1 width=268) (actual time=52877.434..52877.440 rows=1 loops=1)
   Buffers: shared hit=341403 read=3759012
   ->  Nested Loop  (cost=17045.03..5945009.84 rows=1 width=81) (actual time=33190.327..52877.405 rows=3 loops=1)
         Buffers: shared hit=341403 read=3759012
         ->  Nested Loop  (cost=17044.61..5944995.06 rows=2 width=54) (actual time=30807.979..52876.823 rows=24 loops=1)
               Buffers: shared hit=341354 read=3758965
               ->  Nested Loop  (cost=17044.18..5944825.87 rows=23 width=54) (actual time=30628.232..52849.053 rows=1359 loops=1)
                     Buffers: shared hit=335982 read=3758901
                     ->  Nested Loop  (cost=17043.75..5932220.62 rows=1714 width=50) (actual time=30627.969..51534.927 rows=90057 loops=1)
                           Buffers: shared hit=32625 read=3702522
                           ->  Hash Join  (cost=17043.45..5908287.89 rows=345924 width=54) (actual time=131.309..51347.111 rows=363497 loops=1)
                                 Hash Cond: (catalog_sales.cs_item_sk = item.i_item_sk)
                                 Buffers: shared hit=26214 read=3702522
                                 ->  Seq Scan on catalog_sales  (cost=0.00..5874397.76 rows=6417653 width=41) (actual time=0.033..49928.032 rows=6094526 loops=1)
                                       Filter: ((cs_wholesale_cost >= '59'::numeric) AND (cs_wholesale_cost <= '64'::numeric))
                                       Rows Removed by Filter: 137897773
                                       Buffers: shared hit=26214 read=3688166
                                 ->  Hash  (cost=16906.00..16906.00 rows=10996 width=21) (actual time=131.121..131.122 rows=11037 loops=1)
                                       Buckets: 16384  Batches: 1  Memory Usage: 732kB
                                       Buffers: shared read=14356
                                       ->  Seq Scan on item  (cost=0.00..16906.00 rows=10996 width=21) (actual time=0.036..127.849 rows=11037 loops=1)
                                             Filter: (i_category = 'Women'::bpchar)
                                             Rows Removed by Filter: 192963
                                             Buffers: shared read=14356
                           ->  Memoize  (cost=0.30..7.22 rows=1 width=4) (actual time=0.000..0.000 rows=0 loops=363497)
                                 Cache Key: catalog_sales.cs_sold_date_sk
                                 Cache Mode: logical
                                 Hits: 361359  Misses: 2138  Evictions: 0  Overflows: 0  Memory Usage: 155kB
                                 Buffers: shared hit=6411
                                 ->  Index Scan using date_dim_pkey on date_dim  (cost=0.29..7.21 rows=1 width=4) (actual time=0.016..0.016 rows=0 loops=2138)
                                       Index Cond: (d_date_sk = catalog_sales.cs_sold_date_sk)
                                       Filter: (d_year = 2002)
                                       Rows Removed by Filter: 1
                                       Buffers: shared hit=6411
                     ->  Index Scan using customer_pkey on customer  (cost=0.43..7.35 rows=1 width=12) (actual time=0.014..0.014 rows=0 loops=90057)
                           Index Cond: (c_customer_sk = catalog_sales.cs_bill_customer_sk)
                           Filter: (c_birth_month = 5)
                           Rows Removed by Filter: 1
                           Buffers: shared hit=303357 read=56379
               ->  Index Scan using customer_demographics_pkey on customer_demographics  (cost=0.43..7.36 rows=1 width=8) (actual time=0.019..0.019 rows=0 loops=1359)
                     Index Cond: (cd_demo_sk = catalog_sales.cs_bill_cdemo_sk)
                     Filter: ((cd_gender = 'M'::bpchar) AND (cd_education_status = 'Secondary'::bpchar))
                     Rows Removed by Filter: 1
                     Buffers: shared hit=5372 read=64
         ->  Index Scan using customer_address_pkey on customer_address  (cost=0.42..7.39 rows=1 width=35) (actual time=0.022..0.022 rows=0 loops=24)
               Index Cond: (ca_address_sk = customer.c_current_addr_sk)
               Filter: (ca_state = ANY ('{AR,GA,OR}'::bpchar[]))
               Rows Removed by Filter: 1
               Buffers: shared hit=49 read=47
 Planning:
   Buffers: shared hit=405 read=49
 Planning Time: 2.440 ms
 Execution Time: 52877.755 ms
(53 rows)

