                                                                              QUERY PLAN                                                                              
----------------------------------------------------------------------------------------------------------------------------------------------------------------------
 Aggregate  (cost=5951585.75..5951585.76 rows=1 width=268) (actual time=52101.874..52101.880 rows=1 loops=1)
   Buffers: shared hit=237579 read=3688616
   ->  Nested Loop  (cost=17073.85..5951585.73 rows=1 width=81) (actual time=41435.061..52101.869 rows=1 loops=1)
         Buffers: shared hit=237579 read=3688616
         ->  Nested Loop  (cost=17073.42..5951570.95 rows=2 width=54) (actual time=30745.564..52101.298 rows=25 loops=1)
               Buffers: shared hit=237526 read=3688569
               ->  Nested Loop  (cost=17072.99..5951350.27 rows=30 width=54) (actual time=30586.112..52089.915 rows=659 loops=1)
                     Buffers: shared hit=234991 read=3688472
                     ->  Nested Loop  (cost=17072.57..5935369.44 rows=2173 width=50) (actual time=30581.150..51372.131 rows=47141 loops=1)
                           Buffers: shared hit=75350 read=3659797
                           ->  Hash Join  (cost=17072.26..5909123.13 rows=438467 width=54) (actual time=128.830..51224.774 rows=230110 loops=1)
                                 Hash Cond: (catalog_sales.cs_item_sk = item.i_item_sk)
                                 Buffers: shared hit=68939 read=3659797
                                 ->  Seq Scan on catalog_sales  (cost=0.00..5874397.76 rows=6724855 width=41) (actual time=0.054..49665.612 rows=6763882 loops=1)
                                       Filter: ((cs_wholesale_cost >= '69'::numeric) AND (cs_wholesale_cost <= '74'::numeric))
                                       Rows Removed by Filter: 137228417
                                       Buffers: shared hit=54875 read=3659505
                                 ->  Hash  (cost=16906.00..16906.00 rows=13301 width=21) (actual time=128.479..128.480 rows=13933 loops=1)
                                       Buckets: 16384  Batches: 1  Memory Usage: 890kB
                                       Buffers: shared hit=14064 read=292
                                       ->  Seq Scan on item  (cost=0.00..16906.00 rows=13301 width=21) (actual time=0.024..124.296 rows=13933 loops=1)
                                             Filter: (i_category = 'Men'::bpchar)
                                             Rows Removed by Filter: 190067
                                             Buffers: shared hit=14064 read=292
                           ->  Memoize  (cost=0.30..7.22 rows=1 width=4) (actual time=0.000..0.000 rows=0 loops=230110)
                                 Cache Key: catalog_sales.cs_sold_date_sk
                                 Cache Mode: logical
                                 Hits: 227972  Misses: 2138  Evictions: 0  Overflows: 0  Memory Usage: 155kB
                                 Buffers: shared hit=6411
                                 ->  Index Scan using date_dim_pkey on date_dim  (cost=0.29..7.21 rows=1 width=4) (actual time=0.017..0.017 rows=0 loops=2138)
                                       Index Cond: (d_date_sk = catalog_sales.cs_sold_date_sk)
                                       Filter: (d_year = 2002)
                                       Rows Removed by Filter: 1
                                       Buffers: shared hit=6411
                     ->  Index Scan using customer_pkey on customer  (cost=0.43..7.35 rows=1 width=12) (actual time=0.015..0.015 rows=0 loops=47141)
                           Index Cond: (c_customer_sk = catalog_sales.cs_bill_customer_sk)
                           Filter: (c_birth_month = 5)
                           Rows Removed by Filter: 1
                           Buffers: shared hit=159641 read=28675
               ->  Index Scan using customer_demographics_pkey on customer_demographics  (cost=0.43..7.36 rows=1 width=8) (actual time=0.016..0.016 rows=0 loops=659)
                     Index Cond: (cd_demo_sk = catalog_sales.cs_bill_cdemo_sk)
                     Filter: ((cd_gender = 'F'::bpchar) AND (cd_education_status = '4 yr Degree'::bpchar))
                     Rows Removed by Filter: 1
                     Buffers: shared hit=2535 read=97
         ->  Index Scan using customer_address_pkey on customer_address  (cost=0.42..7.39 rows=1 width=35) (actual time=0.021..0.021 rows=0 loops=25)
               Index Cond: (ca_address_sk = customer.c_current_addr_sk)
               Filter: (ca_state = ANY ('{GA,MD,NC}'::bpchar[]))
               Rows Removed by Filter: 1
               Buffers: shared hit=53 read=47
 Planning:
   Buffers: shared hit=405 read=49
 Planning Time: 3.517 ms
 Execution Time: 52102.323 ms
(53 rows)

