                                                                                  QUERY PLAN                                                                                   
-------------------------------------------------------------------------------------------------------------------------------------------------------------------------------
 Aggregate  (cost=6046674.48..6046674.49 rows=1 width=268) (actual time=57714.878..57714.883 rows=1 loops=1)
   Buffers: shared hit=1005726 read=3794333
   ->  Nested Loop  (cost=17326.55..6046674.32 rows=6 width=81) (actual time=7378.458..57713.985 rows=126 loops=1)
         Buffers: shared hit=1005726 read=3794333
         ->  Nested Loop  (cost=17326.12..6046299.10 rows=51 width=54) (actual time=7321.749..57639.139 rows=2738 loops=1)
               Buffers: shared hit=999601 read=3789506
               ->  Nested Loop  (cost=17325.69..6041835.13 rows=607 width=50) (actual time=7316.963..57010.745 rows=33435 loops=1)
                     Buffers: shared hit=887064 read=3768423
                     ->  Nested Loop  (cost=17325.27..5978361.73 rows=8629 width=50) (actual time=7316.710..53323.857 rows=230359 loops=1)
                           Buffers: shared hit=15813 read=3719334
                           ->  Hash Join  (cost=17324.96..5919544.33 rows=1741321 width=54) (actual time=139.492..52821.640 rows=1296677 loops=1)
                                 Hash Cond: (catalog_sales.cs_item_sk = item.i_item_sk)
                                 Buffers: shared hit=9402 read=3719334
                                 ->  Seq Scan on catalog_sales  (cost=0.00..5874397.76 rows=10598487 width=41) (actual time=0.034..50407.808 rows=10312840 loops=1)
                                       Filter: ((cs_wholesale_cost >= '87'::numeric) AND (cs_wholesale_cost <= '92'::numeric))
                                       Rows Removed by Filter: 133679459
                                       Buffers: shared hit=9069 read=3705311
                                 ->  Hash  (cost=16906.00..16906.00 rows=33517 width=21) (actual time=139.200..139.200 rows=33627 loops=1)
                                       Buckets: 65536  Batches: 1  Memory Usage: 2351kB
                                       Buffers: shared hit=333 read=14023
                                       ->  Seq Scan on item  (cost=0.00..16906.00 rows=33517 width=21) (actual time=0.030..130.581 rows=33627 loops=1)
                                             Filter: (i_category = 'Shoes'::bpchar)
                                             Rows Removed by Filter: 170373
                                             Buffers: shared hit=333 read=14023
                           ->  Memoize  (cost=0.30..7.22 rows=1 width=4) (actual time=0.000..0.000 rows=0 loops=1296677)
                                 Cache Key: catalog_sales.cs_sold_date_sk
                                 Cache Mode: logical
                                 Hits: 1294539  Misses: 2138  Evictions: 0  Overflows: 0  Memory Usage: 155kB
                                 Buffers: shared hit=6411
                                 ->  Index Scan using date_dim_pkey on date_dim  (cost=0.29..7.21 rows=1 width=4) (actual time=0.017..0.017 rows=0 loops=2138)
                                       Index Cond: (d_date_sk = catalog_sales.cs_sold_date_sk)
                                       Filter: (d_year = 1999)
                                       Rows Removed by Filter: 1
                                       Buffers: shared hit=6411
                     ->  Index Scan using customer_demographics_pkey on customer_demographics  (cost=0.43..7.36 rows=1 width=8) (actual time=0.016..0.016 rows=0 loops=230359)
                           Index Cond: (cd_demo_sk = catalog_sales.cs_bill_cdemo_sk)
                           Filter: ((cd_gender = 'M'::bpchar) AND (cd_education_status = 'Unknown'::bpchar))
                           Rows Removed by Filter: 1
                           Buffers: shared hit=871251 read=49089
               ->  Index Scan using customer_pkey on customer  (cost=0.43..7.35 rows=1 width=12) (actual time=0.018..0.018 rows=0 loops=33435)
                     Index Cond: (c_customer_sk = catalog_sales.cs_bill_customer_sk)
                     Filter: (c_birth_month = 11)
                     Rows Removed by Filter: 1
                     Buffers: shared hit=112537 read=21083
         ->  Index Scan using customer_address_pkey on customer_address  (cost=0.42..7.36 rows=1 width=35) (actual time=0.026..0.026 rows=0 loops=2738)
               Index Cond: (ca_address_sk = customer.c_current_addr_sk)
               Filter: (ca_state = ANY ('{KS,OR,TX}'::bpchar[]))
               Rows Removed by Filter: 1
               Buffers: shared hit=6125 read=4827
 Planning:
   Buffers: shared hit=454
 Planning Time: 2.232 ms
 Execution Time: 57715.233 ms
(53 rows)

