                                                                              QUERY PLAN                                                                               
-----------------------------------------------------------------------------------------------------------------------------------------------------------------------
 Aggregate  (cost=5976389.64..5976389.65 rows=1 width=268) (actual time=50209.723..50209.728 rows=1 loops=1)
   Buffers: shared hit=466398 read=3786729
   ->  Nested Loop  (cost=17326.55..5976389.62 rows=1 width=81) (actual time=232.893..50209.668 rows=6 loops=1)
         Buffers: shared hit=466398 read=3786729
         ->  Nested Loop  (cost=17326.12..5976301.25 rows=12 width=54) (actual time=188.466..50207.483 rows=96 loops=1)
               Buffers: shared hit=466190 read=3786553
               ->  Nested Loop  (cost=17325.69..5975028.67 rows=173 width=54) (actual time=148.679..50138.363 rows=4886 loops=1)
                     Buffers: shared hit=447303 read=3785920
                     ->  Nested Loop  (cost=17325.27..5943007.77 rows=4354 width=50) (actual time=148.132..48586.743 rows=124677 loops=1)
                           Buffers: shared hit=27729 read=3707418
                           ->  Hash Join  (cost=17324.96..5905759.53 rows=878547 width=54) (actual time=148.067..48303.783 rows=688532 loops=1)
                                 Hash Cond: (catalog_sales.cs_item_sk = item.i_item_sk)
                                 Buffers: shared hit=21318 read=3707418
                                 ->  Seq Scan on catalog_sales  (cost=0.00..5874397.76 rows=5347244 width=41) (actual time=0.044..46868.291 rows=5484290 loops=1)
                                       Filter: ((cs_wholesale_cost >= '100'::numeric) AND (cs_wholesale_cost <= '105'::numeric))
                                       Rows Removed by Filter: 138508009
                                       Buffers: shared hit=6962 read=3707418
                                 ->  Hash  (cost=16906.00..16906.00 rows=33517 width=21) (actual time=147.722..147.722 rows=33627 loops=1)
                                       Buckets: 65536  Batches: 1  Memory Usage: 2351kB
                                       Buffers: shared hit=14356
                                       ->  Seq Scan on item  (cost=0.00..16906.00 rows=33517 width=21) (actual time=0.023..135.513 rows=33627 loops=1)
                                             Filter: (i_category = 'Shoes'::bpchar)
                                             Rows Removed by Filter: 170373
                                             Buffers: shared hit=14356
                           ->  Memoize  (cost=0.30..7.22 rows=1 width=4) (actual time=0.000..0.000 rows=0 loops=688532)
                                 Cache Key: catalog_sales.cs_sold_date_sk
                                 Cache Mode: logical
                                 Hits: 686394  Misses: 2138  Evictions: 0  Overflows: 0  Memory Usage: 155kB
                                 Buffers: shared hit=6411
                                 ->  Index Scan using date_dim_pkey on date_dim  (cost=0.29..7.21 rows=1 width=4) (actual time=0.016..0.016 rows=0 loops=2138)
                                       Index Cond: (d_date_sk = catalog_sales.cs_sold_date_sk)
                                       Filter: (d_year = 1998)
                                       Rows Removed by Filter: 1
                                       Buffers: shared hit=6411
                     ->  Index Scan using customer_pkey on customer  (cost=0.43..7.35 rows=1 width=12) (actual time=0.012..0.012 rows=0 loops=124677)
                           Index Cond: (c_customer_sk = catalog_sales.cs_bill_customer_sk)
                           Filter: (c_birth_month = 9)
                           Rows Removed by Filter: 1
                           Buffers: shared hit=419574 read=78502
               ->  Index Scan using customer_demographics_pkey on customer_demographics  (cost=0.43..7.36 rows=1 width=8) (actual time=0.014..0.014 rows=0 loops=4886)
                     Index Cond: (cd_demo_sk = catalog_sales.cs_bill_cdemo_sk)
                     Filter: ((cd_gender = 'F'::bpchar) AND (cd_education_status = 'Secondary'::bpchar))
                     Rows Removed by Filter: 1
                     Buffers: shared hit=18887 read=633
         ->  Index Scan using customer_address_pkey on customer_address  (cost=0.42..7.36 rows=1 width=35) (actual time=0.021..0.021 rows=0 loops=96)
               Index Cond: (ca_address_sk = customer.c_current_addr_sk)
               Filter: (ca_state = ANY ('{AL,CO,NC}'::bpchar[]))
               Rows Removed by Filter: 1
               Buffers: shared hit=208 read=176
 Planning:
   Buffers: shared hit=454
 Planning Time: 2.556 ms
 Execution Time: 50210.123 ms
(53 rows)

