                                                                              QUERY PLAN                                                                              
----------------------------------------------------------------------------------------------------------------------------------------------------------------------
 Aggregate  (cost=5980189.70..5980189.71 rows=1 width=268) (actual time=59730.738..59730.743 rows=1 loops=1)
   Buffers: shared hit=1403020 read=3766198
   ->  Nested Loop  (cost=2393.34..5980189.67 rows=1 width=81) (actual time=10870.860..59730.694 rows=5 loops=1)
         Buffers: shared hit=1403020 read=3766198
         ->  Nested Loop  (cost=2392.92..5980174.98 rows=2 width=68) (actual time=6827.996..59727.905 rows=75 loops=1)
               Buffers: shared hit=1402844 read=3766074
               ->  Nested Loop  (cost=2392.49..5979946.94 rows=31 width=68) (actual time=6749.489..59699.099 rows=942 loops=1)
                     Buffers: shared hit=1399435 read=3765715
                     ->  Nested Loop  (cost=2392.07..5975441.64 rows=612 width=41) (actual time=6749.328..59306.642 rows=16422 loops=1)
                           Buffers: shared hit=1352067 read=3747395
                           ->  Hash Join  (cost=2391.64..5883417.43 rows=12512 width=37) (actual time=6748.665..52948.707 rows=346303 loops=1)
                                 Hash Cond: (catalog_sales.cs_sold_date_sk = date_dim.d_date_sk)
                                 Buffers: shared hit=66230 read=3649624
                                 ->  Seq Scan on catalog_sales  (cost=0.00..5874397.76 rows=2524821 width=41) (actual time=0.104..52494.090 rows=2625628 loops=1)
                                       Filter: ((cs_wholesale_cost >= '44'::numeric) AND (cs_wholesale_cost <= '49'::numeric))
                                       Rows Removed by Filter: 141366671
                                       Buffers: shared hit=66188 read=3648192
                                 ->  Hash  (cost=2387.11..2387.11 rows=362 width=4) (actual time=23.700..23.702 rows=365 loops=1)
                                       Buckets: 1024  Batches: 1  Memory Usage: 21kB
                                       Buffers: shared hit=42 read=1432
                                       ->  Seq Scan on date_dim  (cost=0.00..2387.11 rows=362 width=4) (actual time=10.605..23.598 rows=365 loops=1)
                                             Filter: (d_year = 1999)
                                             Rows Removed by Filter: 72684
                                             Buffers: shared hit=42 read=1432
                           ->  Index Scan using customer_pkey on customer  (cost=0.43..7.35 rows=1 width=12) (actual time=0.018..0.018 rows=0 loops=346303)
                                 Index Cond: (c_customer_sk = catalog_sales.cs_bill_customer_sk)
                                 Filter: (c_birth_month = 7)
                                 Rows Removed by Filter: 1
                                 Buffers: shared hit=1285837 read=97771
                     ->  Index Scan using customer_address_pkey on customer_address  (cost=0.42..7.36 rows=1 width=35) (actual time=0.023..0.023 rows=0 loops=16422)
                           Index Cond: (ca_address_sk = customer.c_current_addr_sk)
                           Filter: (ca_state = ANY ('{FL,PA,SC}'::bpchar[]))
                           Rows Removed by Filter: 1
                           Buffers: shared hit=47368 read=18320
               ->  Index Scan using customer_demographics_pkey on customer_demographics  (cost=0.43..7.36 rows=1 width=8) (actual time=0.029..0.029 rows=0 loops=942)
                     Index Cond: (cd_demo_sk = catalog_sales.cs_bill_cdemo_sk)
                     Filter: ((cd_gender = 'F'::bpchar) AND (cd_education_status = '2 yr Degree'::bpchar))
                     Rows Removed by Filter: 1
                     Buffers: shared hit=3409 read=359
         ->  Index Scan using item_pkey on item  (cost=0.42..7.34 rows=1 width=21) (actual time=0.036..0.036 rows=0 loops=75)
               Index Cond: (i_item_sk = catalog_sales.cs_item_sk)
               Filter: (i_category = 'Children'::bpchar)
               Rows Removed by Filter: 1
               Buffers: shared hit=176 read=124
 Planning:
   Buffers: shared hit=405 read=49
 Planning Time: 3.128 ms
 Execution Time: 59731.056 ms
(48 rows)

