                                                                             QUERY PLAN                                                                             
--------------------------------------------------------------------------------------------------------------------------------------------------------------------
 Aggregate  (cost=6011739.49..6011739.50 rows=1 width=268) (actual time=56776.491..56776.497 rows=1 loops=1)
   Buffers: shared hit=395312 read=3691547
   ->  Nested Loop  (cost=17073.85..6011739.46 rows=1 width=81) (actual time=15670.771..56776.421 rows=9 loops=1)
         Buffers: shared hit=395312 read=3691547
         ->  Nested Loop  (cost=17073.42..6011643.83 rows=13 width=81) (actual time=14882.718..56772.630 rows=197 loops=1)
               Buffers: shared hit=394784 read=3691287
               ->  Nested Loop  (cost=17072.99..6010171.03 rows=200 width=54) (actual time=14721.792..56717.576 rows=3393 loops=1)
                     Buffers: shared hit=384809 read=3687690
                     ->  Nested Loop  (cost=17072.57..5973113.90 rows=5039 width=50) (actual time=14714.180..55714.528 rows=84443 loops=1)
                           Buffers: shared hit=62178 read=3672969
                           ->  Hash Join  (cost=17072.26..5932408.60 rows=1016831 width=54) (actual time=130.086..55475.523 rows=533233 loops=1)
                                 Hash Cond: (catalog_sales.cs_item_sk = item.i_item_sk)
                                 Buffers: shared hit=55767 read=3672969
                                 ->  Seq Scan on catalog_sales  (cost=0.00..5874397.76 rows=15595328 width=41) (actual time=0.034..52503.377 rows=15696054 loops=1)
                                       Filter: ((cs_wholesale_cost >= '26'::numeric) AND (cs_wholesale_cost <= '31'::numeric))
                                       Rows Removed by Filter: 128296245
                                       Buffers: shared hit=55753 read=3658627
                                 ->  Hash  (cost=16906.00..16906.00 rows=13301 width=21) (actual time=129.912..129.913 rows=13933 loops=1)
                                       Buckets: 16384  Batches: 1  Memory Usage: 890kB
                                       Buffers: shared hit=14 read=14342
                                       ->  Seq Scan on item  (cost=0.00..16906.00 rows=13301 width=21) (actual time=0.014..126.177 rows=13933 loops=1)
                                             Filter: (i_category = 'Men'::bpchar)
                                             Rows Removed by Filter: 190067
                                             Buffers: shared hit=14 read=14342
                           ->  Memoize  (cost=0.30..7.22 rows=1 width=4) (actual time=0.000..0.000 rows=0 loops=533233)
                                 Cache Key: catalog_sales.cs_sold_date_sk
                                 Cache Mode: logical
                                 Hits: 531095  Misses: 2138  Evictions: 0  Overflows: 0  Memory Usage: 155kB
                                 Buffers: shared hit=6411
                                 ->  Index Scan using date_dim_pkey on date_dim  (cost=0.29..7.21 rows=1 width=4) (actual time=0.017..0.017 rows=0 loops=2138)
                                       Index Cond: (d_date_sk = catalog_sales.cs_sold_date_sk)
                                       Filter: (d_year = 2000)
                                       Rows Removed by Filter: 1
                                       Buffers: shared hit=6411
                     ->  Index Scan using customer_pkey on customer  (cost=0.43..7.35 rows=1 width=12) (actual time=0.012..0.012 rows=0 loops=84443)
                           Index Cond: (c_customer_sk = catalog_sales.cs_bill_customer_sk)
                           Filter: (c_birth_month = 9)
                           Rows Removed by Filter: 1
                           Buffers: shared hit=322631 read=14721
               ->  Index Scan using customer_address_pkey on customer_address  (cost=0.42..7.36 rows=1 width=35) (actual time=0.016..0.016 rows=0 loops=3393)
                     Index Cond: (ca_address_sk = customer.c_current_addr_sk)
                     Filter: (ca_state = ANY ('{IN,NY,SD}'::bpchar[]))
                     Rows Removed by Filter: 1
                     Buffers: shared hit=9975 read=3597
         ->  Index Scan using customer_demographics_pkey on customer_demographics  (cost=0.43..7.36 rows=1 width=8) (actual time=0.018..0.018 rows=0 loops=197)
               Index Cond: (cd_demo_sk = catalog_sales.cs_bill_cdemo_sk)
               Filter: ((cd_gender = 'F'::bpchar) AND (cd_education_status = '2 yr Degree'::bpchar))
               Rows Removed by Filter: 1
               Buffers: shared hit=528 read=260
 Planning:
   Buffers: shared hit=406 read=48
 Planning Time: 1.986 ms
 Execution Time: 56776.820 ms
(53 rows)

