                                                                                  QUERY PLAN                                                                                  
------------------------------------------------------------------------------------------------------------------------------------------------------------------------------
 Aggregate  (cost=5932987.74..5932987.75 rows=1 width=268) (actual time=48661.279..48661.285 rows=1 loops=1)
   Buffers: shared hit=136385 read=3681638
   ->  Nested Loop  (cost=17019.78..5932987.71 rows=1 width=81) (actual time=20808.012..48661.144 rows=18 loops=1)
         Buffers: shared hit=136385 read=3681638
         ->  Nested Loop  (cost=17019.36..5932906.81 rows=11 width=54) (actual time=20807.985..48654.513 rows=332 loops=1)
               Buffers: shared hit=135444 read=3681251
               ->  Nested Loop  (cost=17018.93..5932333.16 rows=78 width=50) (actual time=20789.726..48620.994 rows=2422 loops=1)
                     Buffers: shared hit=126280 read=3680739
                     ->  Nested Loop  (cost=17018.50..5924616.77 rows=1049 width=50) (actual time=20787.150..48319.818 rows=17985 loops=1)
                           Buffers: shared hit=80097 read=3655050
                           ->  Hash Join  (cost=17018.20..5904041.53 rows=211624 width=54) (actual time=116.190..48219.593 rows=107397 loops=1)
                                 Hash Cond: (catalog_sales.cs_item_sk = item.i_item_sk)
                                 Buffers: shared hit=73686 read=3655050
                                 ->  Seq Scan on catalog_sales  (cost=0.00..5874397.76 rows=4809639 width=41) (actual time=0.027..47143.957 rows=4933013 loops=1)
                                       Filter: ((cs_wholesale_cost >= '94'::numeric) AND (cs_wholesale_cost <= '99'::numeric))
                                       Rows Removed by Filter: 139059286
                                       Buffers: shared hit=59332 read=3655048
                                 ->  Hash  (cost=16906.00..16906.00 rows=8976 width=21) (actual time=115.412..115.414 rows=8826 loops=1)
                                       Buckets: 16384  Batches: 1  Memory Usage: 611kB
                                       Buffers: shared hit=14354 read=2
                                       ->  Seq Scan on item  (cost=0.00..16906.00 rows=8976 width=21) (actual time=0.010..113.055 rows=8826 loops=1)
                                             Filter: (i_category = 'Jewelry'::bpchar)
                                             Rows Removed by Filter: 195174
                                             Buffers: shared hit=14354 read=2
                           ->  Memoize  (cost=0.30..7.22 rows=1 width=4) (actual time=0.001..0.001 rows=0 loops=107397)
                                 Cache Key: catalog_sales.cs_sold_date_sk
                                 Cache Mode: logical
                                 Hits: 105259  Misses: 2138  Evictions: 0  Overflows: 0  Memory Usage: 155kB
                                 Buffers: shared hit=6411
                                 ->  Index Scan using date_dim_pkey on date_dim  (cost=0.29..7.21 rows=1 width=4) (actual time=0.016..0.016 rows=0 loops=2138)
                                       Index Cond: (d_date_sk = catalog_sales.cs_sold_date_sk)
                                       Filter: (d_year = 2001)
                                       Rows Removed by Filter: 1
                                       Buffers: shared hit=6411
                     ->  Index Scan using customer_demographics_pkey on customer_demographics  (cost=0.43..7.36 rows=1 width=8) (actual time=0.016..0.016 rows=0 loops=17985)
                           Index Cond: (cd_demo_sk = catalog_sales.cs_bill_cdemo_sk)
                           Filter: ((cd_gender = 'M'::bpchar) AND (cd_education_status = '4 yr Degree'::bpchar))
                           Rows Removed by Filter: 1
                           Buffers: shared hit=46183 read=25689
               ->  Index Scan using customer_pkey on customer  (cost=0.43..7.35 rows=1 width=12) (actual time=0.013..0.013 rows=0 loops=2422)
                     Index Cond: (c_customer_sk = catalog_sales.cs_bill_customer_sk)
                     Filter: (c_birth_month = 10)
                     Rows Removed by Filter: 1
                     Buffers: shared hit=9164 read=512
         ->  Index Scan using customer_address_pkey on customer_address  (cost=0.42..7.35 rows=1 width=35) (actual time=0.019..0.019 rows=0 loops=332)
               Index Cond: (ca_address_sk = customer.c_current_addr_sk)
               Filter: (ca_state = ANY ('{CO,LA,MD}'::bpchar[]))
               Rows Removed by Filter: 1
               Buffers: shared hit=941 read=387
 Planning:
   Buffers: shared hit=454
 Planning Time: 1.658 ms
 Execution Time: 48661.568 ms
(53 rows)

