                                                                                  QUERY PLAN                                                                                   
-------------------------------------------------------------------------------------------------------------------------------------------------------------------------------
 Aggregate  (cost=5996627.19..5996627.20 rows=1 width=268) (actual time=55797.769..55797.775 rows=1 loops=1)
   Buffers: shared hit=918491 read=3737540
   ->  Nested Loop  (cost=17220.72..5996627.05 rows=5 width=81) (actual time=22638.888..55797.322 rows=57 loops=1)
         Buffers: shared hit=918491 read=3737540
         ->  Nested Loop  (cost=17220.30..5996171.09 rows=62 width=54) (actual time=22372.516..55778.304 rows=811 loops=1)
               Buffers: shared hit=916334 read=3736453
               ->  Nested Loop  (cost=17219.87..5993464.75 rows=368 width=50) (actual time=22367.959..55704.726 rows=4665 loops=1)
                     Buffers: shared hit=899372 read=3734767
                     ->  Nested Loop  (cost=17219.44..5955368.80 rows=5179 width=50) (actual time=22366.949..52857.112 rows=225027 loops=1)
                           Buffers: shared hit=68512 read=3666635
                           ->  Hash Join  (cost=17219.14..5913957.35 rows=1045077 width=54) (actual time=113.360..52302.588 rows=1523770 loops=1)
                                 Hash Cond: (catalog_sales.cs_item_sk = item.i_item_sk)
                                 Buffers: shared hit=62101 read=3666635
                                 ->  Seq Scan on catalog_sales  (cost=0.00..5874397.76 rows=8510470 width=41) (actual time=0.035..50149.146 rows=8494738 loops=1)
                                       Filter: ((cs_wholesale_cost >= '67'::numeric) AND (cs_wholesale_cost <= '72'::numeric))
                                       Rows Removed by Filter: 135497561
                                       Buffers: shared hit=47748 read=3666632
                                 ->  Hash  (cost=16906.00..16906.00 rows=25051 width=21) (actual time=113.167..113.168 rows=24688 loops=1)
                                       Buckets: 32768  Batches: 1  Memory Usage: 1607kB
                                       Buffers: shared hit=14353 read=3
                                       ->  Seq Scan on item  (cost=0.00..16906.00 rows=25051 width=21) (actual time=0.014..107.488 rows=24688 loops=1)
                                             Filter: (i_category = 'Books'::bpchar)
                                             Rows Removed by Filter: 179312
                                             Buffers: shared hit=14353 read=3
                           ->  Memoize  (cost=0.30..7.22 rows=1 width=4) (actual time=0.000..0.000 rows=0 loops=1523770)
                                 Cache Key: catalog_sales.cs_sold_date_sk
                                 Cache Mode: logical
                                 Hits: 1521632  Misses: 2138  Evictions: 0  Overflows: 0  Memory Usage: 155kB
                                 Buffers: shared hit=6411
                                 ->  Index Scan using date_dim_pkey on date_dim  (cost=0.29..7.21 rows=1 width=4) (actual time=0.017..0.017 rows=0 loops=2138)
                                       Index Cond: (d_date_sk = catalog_sales.cs_sold_date_sk)
                                       Filter: (d_year = 2001)
                                       Rows Removed by Filter: 1
                                       Buffers: shared hit=6411
                     ->  Index Scan using customer_demographics_pkey on customer_demographics  (cost=0.43..7.36 rows=1 width=8) (actual time=0.012..0.012 rows=0 loops=225027)
                           Index Cond: (cd_demo_sk = catalog_sales.cs_bill_cdemo_sk)
                           Filter: ((cd_gender = 'M'::bpchar) AND (cd_education_status = 'Secondary'::bpchar))
                           Rows Removed by Filter: 1
                           Buffers: shared hit=830860 read=68132
               ->  Index Scan using customer_pkey on customer  (cost=0.43..7.35 rows=1 width=12) (actual time=0.015..0.015 rows=0 loops=4665)
                     Index Cond: (c_customer_sk = catalog_sales.cs_bill_customer_sk)
                     Filter: (c_birth_month = 4)
                     Rows Removed by Filter: 1
                     Buffers: shared hit=16962 read=1686
         ->  Index Scan using customer_address_pkey on customer_address  (cost=0.42..7.35 rows=1 width=35) (actual time=0.022..0.022 rows=0 loops=811)
               Index Cond: (ca_address_sk = customer.c_current_addr_sk)
               Filter: (ca_state = ANY ('{AR,NC,WI}'::bpchar[]))
               Rows Removed by Filter: 1
               Buffers: shared hit=2157 read=1087
 Planning:
   Buffers: shared hit=454
 Planning Time: 3.006 ms
 Execution Time: 55798.147 ms
(53 rows)

