                                                                             QUERY PLAN                                                                             
--------------------------------------------------------------------------------------------------------------------------------------------------------------------
 Aggregate  (cost=6020301.66..6020301.67 rows=1 width=268) (actual time=61312.587..61312.592 rows=1 loops=1)
   Buffers: shared hit=1179704 read=3848818
   ->  Nested Loop  (cost=19717.88..6020301.58 rows=3 width=81) (actual time=14939.758..61311.816 rows=100 loops=1)
         Buffers: shared hit=1179704 read=3848818
         ->  Nested Loop  (cost=19717.45..6020022.06 rows=38 width=81) (actual time=14919.643..61295.825 rows=784 loops=1)
               Buffers: shared hit=1176707 read=3848679
               ->  Nested Loop  (cost=19717.03..6015884.84 rows=562 width=54) (actual time=14881.787..61037.545 rows=14643 loops=1)
                     Buffers: shared hit=1133958 read=3832856
                     ->  Hash Join  (cost=19716.60..5931357.04 rows=11494 width=50) (actual time=14880.864..56634.390 rows=309536 loops=1)
                           Hash Cond: (catalog_sales.cs_item_sk = item.i_item_sk)
                           Buffers: shared hit=44 read=3730166
                           ->  Hash Join  (cost=2391.64..5913848.44 rows=69957 width=37) (actual time=14739.594..56045.647 rows=2245146 loops=1)
                                 Hash Cond: (catalog_sales.cs_sold_date_sk = date_dim.d_date_sk)
                                 Buffers: shared hit=42 read=3715812
                                 ->  Seq Scan on catalog_sales  (cost=0.00..5874397.76 rows=14116916 width=41) (actual time=0.049..54279.734 rows=14129630 loops=1)
                                       Filter: ((cs_wholesale_cost >= '12'::numeric) AND (cs_wholesale_cost <= '17'::numeric))
                                       Rows Removed by Filter: 129862669
                                       Buffers: shared read=3714380
                                 ->  Hash  (cost=2387.11..2387.11 rows=362 width=4) (actual time=19.350..19.351 rows=366 loops=1)
                                       Buckets: 1024  Batches: 1  Memory Usage: 21kB
                                       Buffers: shared hit=42 read=1432
                                       ->  Seq Scan on date_dim  (cost=0.00..2387.11 rows=362 width=4) (actual time=10.620..19.282 rows=366 loops=1)
                                             Filter: (d_year = 2000)
                                             Rows Removed by Filter: 72683
                                             Buffers: shared hit=42 read=1432
                           ->  Hash  (cost=16906.00..16906.00 rows=33517 width=21) (actual time=141.038..141.039 rows=33627 loops=1)
                                 Buckets: 65536  Batches: 1  Memory Usage: 2351kB
                                 Buffers: shared hit=2 read=14354
                                 ->  Seq Scan on item  (cost=0.00..16906.00 rows=33517 width=21) (actual time=0.025..132.171 rows=33627 loops=1)
                                       Filter: (i_category = 'Shoes'::bpchar)
                                       Rows Removed by Filter: 170373
                                       Buffers: shared hit=2 read=14354
                     ->  Index Scan using customer_pkey on customer  (cost=0.43..7.35 rows=1 width=12) (actual time=0.014..0.014 rows=0 loops=309536)
                           Index Cond: (c_customer_sk = catalog_sales.cs_bill_customer_sk)
                           Filter: (c_birth_month = 7)
                           Rows Removed by Filter: 1
                           Buffers: shared hit=1133914 read=102690
               ->  Index Scan using customer_address_pkey on customer_address  (cost=0.42..7.36 rows=1 width=35) (actual time=0.017..0.017 rows=0 loops=14643)
                     Index Cond: (ca_address_sk = customer.c_current_addr_sk)
                     Filter: (ca_state = ANY ('{AL,IL,WV}'::bpchar[]))
                     Rows Removed by Filter: 1
                     Buffers: shared hit=42749 read=15823
         ->  Index Scan using customer_demographics_pkey on customer_demographics  (cost=0.43..7.36 rows=1 width=8) (actual time=0.019..0.019 rows=0 loops=784)
               Index Cond: (cd_demo_sk = catalog_sales.cs_bill_cdemo_sk)
               Filter: ((cd_gender = 'M'::bpchar) AND (cd_education_status = 'Unknown'::bpchar))
               Rows Removed by Filter: 1
               Buffers: shared hit=2997 read=139
 Planning:
   Buffers: shared hit=406 read=48
 Planning Time: 3.031 ms
 Execution Time: 61312.995 ms
(51 rows)

