                                                                                  QUERY PLAN                                                                                   
-------------------------------------------------------------------------------------------------------------------------------------------------------------------------------
 Aggregate  (cost=6018485.31..6018485.32 rows=1 width=268) (actual time=57157.335..57157.341 rows=1 loops=1)
   Buffers: shared hit=1132315 read=3728528
   ->  Nested Loop  (cost=17220.72..6018485.20 rows=4 width=81) (actual time=22481.768..57156.932 rows=56 loops=1)
         Buffers: shared hit=1132315 read=3728528
         ->  Nested Loop  (cost=17220.30..6018021.85 rows=63 width=54) (actual time=21953.650..57129.101 rows=1187 loops=1)
               Buffers: shared hit=1129122 read=3726973
               ->  Nested Loop  (cost=17219.87..6014705.13 rows=451 width=50) (actual time=21947.204..56981.348 rows=8671 loops=1)
                     Buffers: shared hit=1098347 read=3723064
                     ->  Nested Loop  (cost=17219.44..5967260.07 rows=6450 width=50) (actual time=21947.123..52770.673 rows=271926 loops=1)
                           Buffers: shared hit=80375 read=3654772
                           ->  Hash Join  (cost=17219.14..5919438.50 rows=1301484 width=54) (actual time=130.126..52118.491 rows=1848403 loops=1)
                                 Hash Cond: (catalog_sales.cs_item_sk = item.i_item_sk)
                                 Buffers: shared hit=73964 read=3654772
                                 ->  Seq Scan on catalog_sales  (cost=0.00..5874397.76 rows=10598487 width=41) (actual time=0.055..49568.751 rows=10312840 loops=1)
                                       Filter: ((cs_wholesale_cost >= '89'::numeric) AND (cs_wholesale_cost <= '94'::numeric))
                                       Rows Removed by Filter: 133679459
                                       Buffers: shared hit=59608 read=3654772
                                 ->  Hash  (cost=16906.00..16906.00 rows=25051 width=21) (actual time=129.863..129.864 rows=24688 loops=1)
                                       Buckets: 32768  Batches: 1  Memory Usage: 1607kB
                                       Buffers: shared hit=14356
                                       ->  Seq Scan on item  (cost=0.00..16906.00 rows=25051 width=21) (actual time=0.016..122.605 rows=24688 loops=1)
                                             Filter: (i_category = 'Books'::bpchar)
                                             Rows Removed by Filter: 179312
                                             Buffers: shared hit=14356
                           ->  Memoize  (cost=0.30..7.22 rows=1 width=4) (actual time=0.000..0.000 rows=0 loops=1848403)
                                 Cache Key: catalog_sales.cs_sold_date_sk
                                 Cache Mode: logical
                                 Hits: 1846265  Misses: 2138  Evictions: 0  Overflows: 0  Memory Usage: 155kB
                                 Buffers: shared hit=6411
                                 ->  Index Scan using date_dim_pkey on date_dim  (cost=0.29..7.21 rows=1 width=4) (actual time=0.017..0.017 rows=0 loops=2138)
                                       Index Cond: (d_date_sk = catalog_sales.cs_sold_date_sk)
                                       Filter: (d_year = 2001)
                                       Rows Removed by Filter: 1
                                       Buffers: shared hit=6411
                     ->  Index Scan using customer_demographics_pkey on customer_demographics  (cost=0.43..7.36 rows=1 width=8) (actual time=0.015..0.015 rows=0 loops=271926)
                           Index Cond: (cd_demo_sk = catalog_sales.cs_bill_cdemo_sk)
                           Filter: ((cd_gender = 'F'::bpchar) AND (cd_education_status = 'Advanced Degree'::bpchar))
                           Rows Removed by Filter: 1
                           Buffers: shared hit=1017972 read=68292
               ->  Index Scan using customer_pkey on customer  (cost=0.43..7.35 rows=1 width=12) (actual time=0.016..0.016 rows=0 loops=8671)
                     Index Cond: (c_customer_sk = catalog_sales.cs_bill_customer_sk)
                     Filter: (c_birth_month = 10)
                     Rows Removed by Filter: 1
                     Buffers: shared hit=30775 read=3909
         ->  Index Scan using customer_address_pkey on customer_address  (cost=0.42..7.35 rows=1 width=35) (actual time=0.022..0.022 rows=0 loops=1187)
               Index Cond: (ca_address_sk = customer.c_current_addr_sk)
               Filter: (ca_state = ANY ('{LA,MI,MS}'::bpchar[]))
               Rows Removed by Filter: 1
               Buffers: shared hit=3193 read=1555
 Planning:
   Buffers: shared hit=454
 Planning Time: 3.110 ms
 Execution Time: 57157.812 ms
(53 rows)

