                                                                                  QUERY PLAN                                                                                   
-------------------------------------------------------------------------------------------------------------------------------------------------------------------------------
 Aggregate  (cost=6047504.23..6047504.24 rows=1 width=268) (actual time=70431.270..70431.275 rows=1 loops=1)
   Buffers: shared hit=2681200 read=3745526
   ->  Nested Loop  (cost=19829.07..6047503.93 rows=11 width=81) (actual time=31882.919..70426.412 rows=679 loops=1)
         Buffers: shared hit=2681200 read=3745526
         ->  Nested Loop  (cost=19828.64..6046400.70 rows=150 width=54) (actual time=31828.294..70167.530 rows=10835 loops=1)
               Buffers: shared hit=2653382 read=3730004
               ->  Nested Loop  (cost=19828.22..6038450.94 rows=1081 width=50) (actual time=31826.755..68663.956 rows=76108 loops=1)
                     Buffers: shared hit=2387250 read=3691896
                     ->  Hash Join  (cost=19827.79..5931468.23 rows=14544 width=50) (actual time=31826.165..58261.577 rows=588008 loops=1)
                           Hash Cond: (catalog_sales.cs_item_sk = item.i_item_sk)
                           Buffers: shared hit=75783 read=3654427
                           ->  Hash Join  (cost=2391.64..5913848.44 rows=69957 width=37) (actual time=31695.852..57410.643 rows=2879493 loops=1)
                                 Hash Cond: (catalog_sales.cs_sold_date_sk = date_dim.d_date_sk)
                                 Buffers: shared hit=75783 read=3640071
                                 ->  Seq Scan on catalog_sales  (cost=0.00..5874397.76 rows=14116916 width=41) (actual time=0.051..55364.454 rows=14129630 loops=1)
                                       Filter: ((cs_wholesale_cost >= '16'::numeric) AND (cs_wholesale_cost <= '21'::numeric))
                                       Rows Removed by Filter: 129862669
                                       Buffers: shared hit=75741 read=3638639
                                 ->  Hash  (cost=2387.11..2387.11 rows=362 width=4) (actual time=25.008..25.009 rows=365 loops=1)
                                       Buckets: 1024  Batches: 1  Memory Usage: 21kB
                                       Buffers: shared hit=42 read=1432
                                       ->  Seq Scan on date_dim  (cost=0.00..2387.11 rows=362 width=4) (actual time=10.319..24.942 rows=365 loops=1)
                                             Filter: (d_year = 2002)
                                             Rows Removed by Filter: 72684
                                             Buffers: shared hit=42 read=1432
                           ->  Hash  (cost=16906.00..16906.00 rows=42412 width=21) (actual time=130.060..130.060 rows=42041 loops=1)
                                 Buckets: 65536  Batches: 1  Memory Usage: 2812kB
                                 Buffers: shared read=14356
                                 ->  Seq Scan on item  (cost=0.00..16906.00 rows=42412 width=21) (actual time=0.017..119.641 rows=42041 loops=1)
                                       Filter: (i_category = 'Electronics'::bpchar)
                                       Rows Removed by Filter: 161959
                                       Buffers: shared read=14356
                     ->  Index Scan using customer_demographics_pkey on customer_demographics  (cost=0.43..7.36 rows=1 width=8) (actual time=0.017..0.017 rows=0 loops=588008)
                           Index Cond: (cd_demo_sk = catalog_sales.cs_bill_cdemo_sk)
                           Filter: ((cd_gender = 'M'::bpchar) AND (cd_education_status = '4 yr Degree'::bpchar))
                           Rows Removed by Filter: 1
                           Buffers: shared hit=2311467 read=37469
               ->  Index Scan using customer_pkey on customer  (cost=0.43..7.35 rows=1 width=12) (actual time=0.019..0.019 rows=0 loops=76108)
                     Index Cond: (c_customer_sk = catalog_sales.cs_bill_customer_sk)
                     Filter: (c_birth_month = 10)
                     Rows Removed by Filter: 1
                     Buffers: shared hit=266132 read=38108
         ->  Index Scan using customer_address_pkey on customer_address  (cost=0.42..7.35 rows=1 width=35) (actual time=0.023..0.023 rows=0 loops=10835)
               Index Cond: (ca_address_sk = customer.c_current_addr_sk)
               Filter: (ca_state = ANY ('{CO,KS,NY}'::bpchar[]))
               Rows Removed by Filter: 1
               Buffers: shared hit=27818 read=15522
 Planning:
   Buffers: shared hit=407 read=47
 Planning Time: 4.993 ms
 Execution Time: 70431.728 ms
(51 rows)

