                                                                                  QUERY PLAN                                                                                  
------------------------------------------------------------------------------------------------------------------------------------------------------------------------------
 Aggregate  (cost=5990274.85..5990274.86 rows=1 width=268) (actual time=52006.194..52006.199 rows=1 loops=1)
   Buffers: shared hit=426706 read=3647985
   ->  Nested Loop  (cost=17242.40..5990274.76 rows=3 width=81) (actual time=23514.101..52006.136 rows=7 loops=1)
         Buffers: shared hit=426706 read=3647985
         ->  Nested Loop  (cost=17241.97..5990017.29 rows=35 width=54) (actual time=22037.636..52002.410 rows=174 loops=1)
               Buffers: shared hit=426266 read=3647729
               ->  Nested Loop  (cost=17241.54..5987458.02 rows=348 width=50) (actual time=22006.220..51968.184 rows=1740 loops=1)
                     Buffers: shared hit=420532 read=3646503
                     ->  Nested Loop  (cost=17241.12..5951414.27 rows=4900 width=50) (actual time=22004.369..50999.602 rows=83073 loops=1)
                           Buffers: shared hit=91309 read=3643838
                           ->  Hash Join  (cost=17240.81..5911408.55 rows=988847 width=54) (actual time=144.228..50706.142 rows=715871 loops=1)
                                 Hash Cond: (catalog_sales.cs_item_sk = item.i_item_sk)
                                 Buffers: shared hit=84898 read=3643838
                                 ->  Seq Scan on catalog_sales  (cost=0.00..5874397.76 rows=7531262 width=41) (actual time=0.046..48826.685 rows=7518631 loops=1)
                                       Filter: ((cs_wholesale_cost >= '81'::numeric) AND (cs_wholesale_cost <= '86'::numeric))
                                       Rows Removed by Filter: 136473668
                                       Buffers: shared hit=70542 read=3643838
                                 ->  Hash  (cost=16906.00..16906.00 rows=26785 width=21) (actual time=143.894..143.895 rows=26695 loops=1)
                                       Buckets: 32768  Batches: 1  Memory Usage: 1716kB
                                       Buffers: shared hit=14356
                                       ->  Seq Scan on item  (cost=0.00..16906.00 rows=26785 width=21) (actual time=0.013..136.933 rows=26695 loops=1)
                                             Filter: (i_category = 'Children'::bpchar)
                                             Rows Removed by Filter: 177305
                                             Buffers: shared hit=14356
                           ->  Memoize  (cost=0.30..7.22 rows=1 width=4) (actual time=0.000..0.000 rows=0 loops=715871)
                                 Cache Key: catalog_sales.cs_sold_date_sk
                                 Cache Mode: logical
                                 Hits: 713733  Misses: 2138  Evictions: 0  Overflows: 0  Memory Usage: 155kB
                                 Buffers: shared hit=6411
                                 ->  Index Scan using date_dim_pkey on date_dim  (cost=0.29..7.21 rows=1 width=4) (actual time=0.017..0.017 rows=0 loops=2138)
                                       Index Cond: (d_date_sk = catalog_sales.cs_sold_date_sk)
                                       Filter: (d_year = 2001)
                                       Rows Removed by Filter: 1
                                       Buffers: shared hit=6411
                     ->  Index Scan using customer_demographics_pkey on customer_demographics  (cost=0.43..7.36 rows=1 width=8) (actual time=0.011..0.011 rows=0 loops=83073)
                           Index Cond: (cd_demo_sk = catalog_sales.cs_bill_cdemo_sk)
                           Filter: ((cd_gender = 'F'::bpchar) AND (cd_education_status = 'Primary'::bpchar))
                           Rows Removed by Filter: 1
                           Buffers: shared hit=329223 read=2665
               ->  Index Scan using customer_pkey on customer  (cost=0.43..7.35 rows=1 width=12) (actual time=0.019..0.019 rows=0 loops=1740)
                     Index Cond: (c_customer_sk = catalog_sales.cs_bill_customer_sk)
                     Filter: (c_birth_month = 1)
                     Rows Removed by Filter: 1
                     Buffers: shared hit=5734 read=1226
         ->  Index Scan using customer_address_pkey on customer_address  (cost=0.42..7.36 rows=1 width=35) (actual time=0.020..0.020 rows=0 loops=174)
               Index Cond: (ca_address_sk = customer.c_current_addr_sk)
               Filter: (ca_state = ANY ('{UT,VA,WI}'::bpchar[]))
               Rows Removed by Filter: 1
               Buffers: shared hit=440 read=256
 Planning:
   Buffers: shared hit=454
 Planning Time: 3.495 ms
 Execution Time: 52006.714 ms
(53 rows)

