                                                                            QUERY PLAN                                                                            
------------------------------------------------------------------------------------------------------------------------------------------------------------------
 Aggregate  (cost=5938286.09..5938286.10 rows=1 width=268) (actual time=55901.680..55901.685 rows=1 loops=1)
   Buffers: shared hit=131253 read=3654438
   ->  Nested Loop  (cost=16954.16..5938286.06 rows=1 width=81) (actual time=15401.123..55901.654 rows=3 loops=1)
         Buffers: shared hit=131253 read=3654438
         ->  Nested Loop  (cost=16953.73..5938263.99 rows=3 width=81) (actual time=15122.809..55900.810 rows=40 loops=1)
               Buffers: shared hit=131100 read=3654431
               ->  Nested Loop  (cost=16953.31..5937881.35 rows=52 width=54) (actual time=14828.593..55880.299 rows=829 loops=1)
                     Buffers: shared hit=129161 read=3653054
                     ->  Nested Loop  (cost=16952.88..5932328.93 rows=755 width=50) (actual time=14819.030..55649.025 rows=11779 loops=1)
                           Buffers: shared hit=91654 read=3643493
                           ->  Hash Join  (cost=16952.58..5913237.17 rows=152285 width=54) (actual time=140.143..55554.033 rows=75657 loops=1)
                                 Hash Cond: (catalog_sales.cs_item_sk = item.i_item_sk)
                                 Buffers: shared hit=85243 read=3643493
                                 ->  Seq Scan on catalog_sales  (cost=0.00..5874397.76 rows=8337669 width=41) (actual time=0.058..53951.637 rows=8349119 loops=1)
                                       Filter: ((cs_wholesale_cost >= '11'::numeric) AND (cs_wholesale_cost <= '16'::numeric))
                                       Rows Removed by Filter: 135643180
                                       Buffers: shared hit=70887 read=3643493
                                 ->  Hash  (cost=16906.00..16906.00 rows=3726 width=21) (actual time=138.919..138.921 rows=3713 loops=1)
                                       Buckets: 4096  Batches: 1  Memory Usage: 236kB
                                       Buffers: shared hit=14356
                                       ->  Seq Scan on item  (cost=0.00..16906.00 rows=3726 width=21) (actual time=0.073..137.367 rows=3713 loops=1)
                                             Filter: (i_category = 'Music'::bpchar)
                                             Rows Removed by Filter: 200287
                                             Buffers: shared hit=14356
                           ->  Memoize  (cost=0.30..7.22 rows=1 width=4) (actual time=0.001..0.001 rows=0 loops=75657)
                                 Cache Key: catalog_sales.cs_sold_date_sk
                                 Cache Mode: logical
                                 Hits: 73519  Misses: 2138  Evictions: 0  Overflows: 0  Memory Usage: 155kB
                                 Buffers: shared hit=6411
                                 ->  Index Scan using date_dim_pkey on date_dim  (cost=0.29..7.21 rows=1 width=4) (actual time=0.017..0.017 rows=0 loops=2138)
                                       Index Cond: (d_date_sk = catalog_sales.cs_sold_date_sk)
                                       Filter: (d_year = 2000)
                                       Rows Removed by Filter: 1
                                       Buffers: shared hit=6411
                     ->  Index Scan using customer_pkey on customer  (cost=0.43..7.35 rows=1 width=12) (actual time=0.019..0.019 rows=0 loops=11779)
                           Index Cond: (c_customer_sk = catalog_sales.cs_bill_customer_sk)
                           Filter: (c_birth_month = 12)
                           Rows Removed by Filter: 1
                           Buffers: shared hit=37507 read=9561
               ->  Index Scan using customer_address_pkey on customer_address  (cost=0.42..7.36 rows=1 width=35) (actual time=0.024..0.024 rows=0 loops=829)
                     Index Cond: (ca_address_sk = customer.c_current_addr_sk)
                     Filter: (ca_state = ANY ('{MT,NM,OK}'::bpchar[]))
                     Rows Removed by Filter: 1
                     Buffers: shared hit=1939 read=1377
         ->  Index Scan using customer_demographics_pkey on customer_demographics  (cost=0.43..7.36 rows=1 width=8) (actual time=0.020..0.020 rows=0 loops=40)
               Index Cond: (cd_demo_sk = catalog_sales.cs_bill_cdemo_sk)
               Filter: ((cd_gender = 'F'::bpchar) AND (cd_education_status = '2 yr Degree'::bpchar))
               Rows Removed by Filter: 1
               Buffers: shared hit=153 read=7
 Planning:
   Buffers: shared hit=454
 Planning Time: 4.618 ms
 Execution Time: 55902.291 ms
(53 rows)

