                                                                                  QUERY PLAN                                                                                  
------------------------------------------------------------------------------------------------------------------------------------------------------------------------------
 Aggregate  (cost=5947674.50..5947674.51 rows=1 width=268) (actual time=51895.601..51895.606 rows=1 loops=1)
   Buffers: shared hit=301163 read=3661280
   ->  Nested Loop  (cost=17045.03..5947674.47 rows=1 width=81) (actual time=6942.934..51895.115 rows=70 loops=1)
         Buffers: shared hit=301163 read=3661280
         ->  Nested Loop  (cost=17044.61..5947586.19 rows=12 width=54) (actual time=6942.905..51874.005 rows=974 loops=1)
               Buffers: shared hit=299166 read=3659381
               ->  Nested Loop  (cost=17044.18..5946652.20 rows=127 width=50) (actual time=6940.312..51725.605 rows=9485 loops=1)
                     Buffers: shared hit=268615 read=3652000
                     ->  Nested Loop  (cost=17043.75..5933441.03 rows=1796 width=50) (actual time=6938.776..51148.405 rows=46430 loops=1)
                           Buffers: shared hit=90551 read=3644596
                           ->  Hash Join  (cost=17043.45..5909094.32 rows=362483 width=54) (actual time=103.053..50952.452 rows=404633 loops=1)
                                 Hash Cond: (catalog_sales.cs_item_sk = item.i_item_sk)
                                 Buffers: shared hit=84140 read=3644596
                                 ->  Seq Scan on catalog_sales  (cost=0.00..5874397.76 rows=6724855 width=41) (actual time=0.093..49469.134 rows=6763882 loops=1)
                                       Filter: ((cs_wholesale_cost >= '69'::numeric) AND (cs_wholesale_cost <= '74'::numeric))
                                       Rows Removed by Filter: 137228417
                                       Buffers: shared hit=69784 read=3644596
                                 ->  Hash  (cost=16906.00..16906.00 rows=10996 width=21) (actual time=102.531..102.531 rows=11037 loops=1)
                                       Buckets: 16384  Batches: 1  Memory Usage: 732kB
                                       Buffers: shared hit=14356
                                       ->  Seq Scan on item  (cost=0.00..16906.00 rows=10996 width=21) (actual time=0.024..99.752 rows=11037 loops=1)
                                             Filter: (i_category = 'Women'::bpchar)
                                             Rows Removed by Filter: 192963
                                             Buffers: shared hit=14356
                           ->  Memoize  (cost=0.30..7.22 rows=1 width=4) (actual time=0.000..0.000 rows=0 loops=404633)
                                 Cache Key: catalog_sales.cs_sold_date_sk
                                 Cache Mode: logical
                                 Hits: 402495  Misses: 2138  Evictions: 0  Overflows: 0  Memory Usage: 155kB
                                 Buffers: shared hit=6411
                                 ->  Index Scan using date_dim_pkey on date_dim  (cost=0.29..7.21 rows=1 width=4) (actual time=0.017..0.017 rows=0 loops=2138)
                                       Index Cond: (d_date_sk = catalog_sales.cs_sold_date_sk)
                                       Filter: (d_year = 1999)
                                       Rows Removed by Filter: 1
                                       Buffers: shared hit=6411
                     ->  Index Scan using customer_demographics_pkey on customer_demographics  (cost=0.43..7.36 rows=1 width=8) (actual time=0.012..0.012 rows=0 loops=46430)
                           Index Cond: (cd_demo_sk = catalog_sales.cs_bill_cdemo_sk)
                           Filter: ((cd_gender = 'M'::bpchar) AND (cd_education_status = '2 yr Degree'::bpchar))
                           Rows Removed by Filter: 1
                           Buffers: shared hit=178064 read=7404
               ->  Index Scan using customer_pkey on customer  (cost=0.43..7.35 rows=1 width=12) (actual time=0.015..0.015 rows=0 loops=9485)
                     Index Cond: (c_customer_sk = catalog_sales.cs_bill_customer_sk)
                     Filter: (c_birth_month = 2)
                     Rows Removed by Filter: 1
                     Buffers: shared hit=30551 read=7381
         ->  Index Scan using customer_address_pkey on customer_address  (cost=0.42..7.36 rows=1 width=35) (actual time=0.021..0.021 rows=0 loops=974)
               Index Cond: (ca_address_sk = customer.c_current_addr_sk)
               Filter: (ca_state = ANY ('{CA,ME,MN}'::bpchar[]))
               Rows Removed by Filter: 1
               Buffers: shared hit=1997 read=1899
 Planning:
   Buffers: shared hit=454
 Planning Time: 1.624 ms
 Execution Time: 51895.902 ms
(53 rows)

