                                                                                  QUERY PLAN                                                                                  
------------------------------------------------------------------------------------------------------------------------------------------------------------------------------
 Aggregate  (cost=6003035.29..6003035.30 rows=1 width=268) (actual time=57264.761..57264.766 rows=1 loops=1)
   Buffers: shared hit=395139 read=3658968
   ->  Nested Loop  (cost=17073.85..6003035.15 rows=5 width=81) (actual time=15718.467..57264.525 rows=30 loops=1)
         Buffers: shared hit=395139 read=3658968
         ->  Nested Loop  (cost=17073.42..6002711.54 rows=44 width=54) (actual time=15620.761..57254.936 rows=441 loops=1)
               Buffers: shared hit=394131 read=3658212
               ->  Nested Loop  (cost=17072.99..6000372.94 rows=318 width=50) (actual time=15571.534..57194.953 rows=3379 loops=1)
                     Buffers: shared hit=383584 read=3655247
                     ->  Nested Loop  (cost=17072.57..5966823.15 rows=4561 width=50) (actual time=15571.450..56269.530 rows=76027 loops=1)
                           Buffers: shared hit=83066 read=3652081
                           ->  Hash Join  (cost=17072.26..5928527.69 rows=920437 width=54) (actual time=134.246..56038.890 rows=481128 loops=1)
                                 Hash Cond: (catalog_sales.cs_item_sk = item.i_item_sk)
                                 Buffers: shared hit=76655 read=3652081
                                 ->  Seq Scan on catalog_sales  (cost=0.00..5874397.76 rows=14116916 width=41) (actual time=0.029..53291.144 rows=14129630 loops=1)
                                       Filter: ((cs_wholesale_cost >= '13'::numeric) AND (cs_wholesale_cost <= '18'::numeric))
                                       Rows Removed by Filter: 129862669
                                       Buffers: shared hit=76617 read=3637763
                                 ->  Hash  (cost=16906.00..16906.00 rows=13301 width=21) (actual time=134.043..134.044 rows=13933 loops=1)
                                       Buckets: 16384  Batches: 1  Memory Usage: 890kB
                                       Buffers: shared hit=38 read=14318
                                       ->  Seq Scan on item  (cost=0.00..16906.00 rows=13301 width=21) (actual time=0.012..130.320 rows=13933 loops=1)
                                             Filter: (i_category = 'Men'::bpchar)
                                             Rows Removed by Filter: 190067
                                             Buffers: shared hit=38 read=14318
                           ->  Memoize  (cost=0.30..7.22 rows=1 width=4) (actual time=0.000..0.000 rows=0 loops=481128)
                                 Cache Key: catalog_sales.cs_sold_date_sk
                                 Cache Mode: logical
                                 Hits: 478990  Misses: 2138  Evictions: 0  Overflows: 0  Memory Usage: 155kB
                                 Buffers: shared hit=6411
                                 ->  Index Scan using date_dim_pkey on date_dim  (cost=0.29..7.21 rows=1 width=4) (actual time=0.019..0.019 rows=0 loops=2138)
                                       Index Cond: (d_date_sk = catalog_sales.cs_sold_date_sk)
                                       Filter: (d_year = 2000)
                                       Rows Removed by Filter: 1
                                       Buffers: shared hit=6411
                     ->  Index Scan using customer_demographics_pkey on customer_demographics  (cost=0.43..7.36 rows=1 width=8) (actual time=0.012..0.012 rows=0 loops=76027)
                           Index Cond: (cd_demo_sk = catalog_sales.cs_bill_cdemo_sk)
                           Filter: ((cd_gender = 'F'::bpchar) AND (cd_education_status = 'Unknown'::bpchar))
                           Rows Removed by Filter: 1
                           Buffers: shared hit=300518 read=3166
               ->  Index Scan using customer_pkey on customer  (cost=0.43..7.35 rows=1 width=12) (actual time=0.017..0.017 rows=0 loops=3379)
                     Index Cond: (c_customer_sk = catalog_sales.cs_bill_customer_sk)
                     Filter: (c_birth_month = 10)
                     Rows Removed by Filter: 1
                     Buffers: shared hit=10547 read=2965
         ->  Index Scan using customer_address_pkey on customer_address  (cost=0.42..7.35 rows=1 width=35) (actual time=0.020..0.020 rows=0 loops=441)
               Index Cond: (ca_address_sk = customer.c_current_addr_sk)
               Filter: (ca_state = ANY ('{TX,WA,WI}'::bpchar[]))
               Rows Removed by Filter: 1
               Buffers: shared hit=1008 read=756
 Planning:
   Buffers: shared hit=408 read=46
 Planning Time: 2.087 ms
 Execution Time: 57265.066 ms
(53 rows)

