                                                                        QUERY PLAN                                                                        
----------------------------------------------------------------------------------------------------------------------------------------------------------
 Aggregate  (cost=5983950.70..5983950.71 rows=1 width=268) (actual time=50762.882..50762.885 rows=1 loops=1)
   Buffers: shared hit=85667 read=3628713
   ->  Nested Loop  (cost=0.43..5983950.67 rows=1 width=81) (actual time=50762.877..50762.879 rows=0 loops=1)
         Join Filter: (catalog_sales.cs_item_sk = item.i_item_sk)
         Buffers: shared hit=85667 read=3628713
         ->  Nested Loop  (cost=0.43..5966907.22 rows=1 width=68) (actual time=50762.877..50762.879 rows=0 loops=1)
               Join Filter: (date_dim.d_date_sk = catalog_sales.cs_sold_date_sk)
               Buffers: shared hit=85667 read=3628713
               ->  Nested Loop  (cost=0.43..5964515.58 rows=1 width=72) (actual time=50762.877..50762.878 rows=0 loops=1)
                     Join Filter: (customer_address.ca_address_sk = customer.c_current_addr_sk)
                     Buffers: shared hit=85667 read=3628713
                     ->  Nested Loop  (cost=0.43..5927336.75 rows=1 width=45) (actual time=50762.876..50762.877 rows=0 loops=1)
                           Buffers: shared hit=85667 read=3628713
                           ->  Nested Loop  (cost=0.00..5927328.30 rows=1 width=41) (actual time=50762.876..50762.877 rows=0 loops=1)
                                 Join Filter: (customer_demographics.cd_demo_sk = catalog_sales.cs_bill_cdemo_sk)
                                 Buffers: shared hit=85667 read=3628713
                                 ->  Seq Scan on catalog_sales  (cost=0.00..5874397.76 rows=1 width=41) (actual time=50762.875..50762.876 rows=0 loops=1)
                                       Filter: ((cs_wholesale_cost >= '48'::numeric) AND (cs_wholesale_cost <= '53'::numeric))
                                       Rows Removed by Filter: 143992299
                                       Buffers: shared hit=85667 read=3628713
                                 ->  Seq Scan on customer_demographics  (cost=0.00..51225.00 rows=136443 width=8) (never executed)
                                       Filter: ((cd_gender = 'M'::bpchar) AND (cd_education_status = '2 yr Degree'::bpchar))
                           ->  Index Scan using customer_pkey on customer  (cost=0.43..8.45 rows=1 width=12) (never executed)
                                 Index Cond: (c_customer_sk = catalog_sales.cs_bill_customer_sk)
                                 Filter: (c_birth_month = 10)
                     ->  Seq Scan on customer_address  (cost=0.00..36288.00 rows=71267 width=35) (never executed)
                           Filter: (ca_state = ANY ('{MI,MS,SD}'::bpchar[]))
               ->  Seq Scan on date_dim  (cost=0.00..2387.11 rows=362 width=4) (never executed)
                     Filter: (d_year = 1998)
         ->  Seq Scan on item  (cost=0.00..16906.00 rows=10996 width=21) (never executed)
               Filter: (i_category = 'Women'::bpchar)
 Planning:
   Buffers: shared hit=454
 Planning Time: 1.884 ms
 Execution Time: 50763.108 ms
(35 rows)

