                                                                              QUERY PLAN                                                                               
-----------------------------------------------------------------------------------------------------------------------------------------------------------------------
 Aggregate  (cost=5957824.50..5957824.51 rows=1 width=268) (actual time=54557.909..54557.916 rows=1 loops=1)
   Buffers: shared hit=472707 read=3781956
   ->  Nested Loop  (cost=17045.03..5957824.47 rows=1 width=81) (actual time=32867.326..54557.767 rows=17 loops=1)
         Buffers: shared hit=472707 read=3781956
         ->  Nested Loop  (cost=17044.61..5957787.63 rows=5 width=54) (actual time=31523.519..54552.245 rows=231 loops=1)
               Buffers: shared hit=472219 read=3781520
               ->  Nested Loop  (cost=17044.18..5957250.66 rows=73 width=54) (actual time=31491.081..54489.902 rows=4187 loops=1)
                     Buffers: shared hit=455717 read=3781290
                     ->  Nested Loop  (cost=17043.75..5940534.57 rows=2273 width=50) (actual time=31489.747..52714.594 rows=125623 loops=1)
                           Buffers: shared hit=56175 read=3678972
                           ->  Hash Join  (cost=17043.45..5913781.66 rows=458731 width=54) (actual time=108.755..52475.551 rows=507998 loops=1)
                                 Hash Cond: (catalog_sales.cs_item_sk = item.i_item_sk)
                                 Buffers: shared hit=49764 read=3678972
                                 ->  Seq Scan on catalog_sales  (cost=0.00..5874397.76 rows=8510470 width=41) (actual time=0.034..50649.825 rows=8494738 loops=1)
                                       Filter: ((cs_wholesale_cost >= '66'::numeric) AND (cs_wholesale_cost <= '71'::numeric))
                                       Rows Removed by Filter: 135497561
                                       Buffers: shared hit=35416 read=3678964
                                 ->  Hash  (cost=16906.00..16906.00 rows=10996 width=21) (actual time=108.464..108.465 rows=11037 loops=1)
                                       Buckets: 16384  Batches: 1  Memory Usage: 732kB
                                       Buffers: shared hit=14348 read=8
                                       ->  Seq Scan on item  (cost=0.00..16906.00 rows=10996 width=21) (actual time=0.024..105.551 rows=11037 loops=1)
                                             Filter: (i_category = 'Women'::bpchar)
                                             Rows Removed by Filter: 192963
                                             Buffers: shared hit=14348 read=8
                           ->  Memoize  (cost=0.30..7.22 rows=1 width=4) (actual time=0.000..0.000 rows=0 loops=507998)
                                 Cache Key: catalog_sales.cs_sold_date_sk
                                 Cache Mode: logical
                                 Hits: 505860  Misses: 2138  Evictions: 0  Overflows: 0  Memory Usage: 155kB
                                 Buffers: shared hit=6411
                                 ->  Index Scan using date_dim_pkey on date_dim  (cost=0.29..7.21 rows=1 width=4) (actual time=0.017..0.017 rows=0 loops=2138)
                                       Index Cond: (d_date_sk = catalog_sales.cs_sold_date_sk)
                                       Filter: (d_year = 2002)
                                       Rows Removed by Filter: 1
                                       Buffers: shared hit=6411
                     ->  Index Scan using customer_pkey on customer  (cost=0.43..7.35 rows=1 width=12) (actual time=0.014..0.014 rows=0 loops=125623)
                           Index Cond: (c_customer_sk = catalog_sales.cs_bill_customer_sk)
                           Filter: (c_birth_month = 6)
                           Rows Removed by Filter: 1
                           Buffers: shared hit=399542 read=102318
               ->  Index Scan using customer_demographics_pkey on customer_demographics  (cost=0.43..7.36 rows=1 width=8) (actual time=0.014..0.014 rows=0 loops=4187)
                     Index Cond: (cd_demo_sk = catalog_sales.cs_bill_cdemo_sk)
                     Filter: ((cd_gender = 'M'::bpchar) AND (cd_education_status = 'Advanced Degree'::bpchar))
                     Rows Removed by Filter: 1
                     Buffers: shared hit=16502 read=230
         ->  Index Scan using customer_address_pkey on customer_address  (cost=0.42..7.37 rows=1 width=35) (actual time=0.022..0.022 rows=0 loops=231)
               Index Cond: (ca_address_sk = customer.c_current_addr_sk)
               Filter: (ca_state = ANY ('{CT,SC,TX}'::bpchar[]))
               Rows Removed by Filter: 1
               Buffers: shared hit=488 read=436
 Planning:
   Buffers: shared hit=454
 Planning Time: 1.962 ms
 Execution Time: 54558.265 ms
(53 rows)

