                                                                            QUERY PLAN                                                                            
------------------------------------------------------------------------------------------------------------------------------------------------------------------
 Aggregate  (cost=5978368.95..5978368.96 rows=1 width=268) (actual time=51949.909..51949.916 rows=1 loops=1)
   Buffers: shared hit=324232 read=3760659
   ->  Nested Loop  (cost=17180.68..5978368.92 rows=1 width=81) (actual time=30913.244..51949.836 rows=9 loops=1)
         Buffers: shared hit=324232 read=3760659
         ->  Nested Loop  (cost=17180.26..5978236.52 rows=18 width=81) (actual time=29927.918..51941.952 rows=396 loops=1)
               Buffers: shared hit=322734 read=3760573
               ->  Nested Loop  (cost=17179.83..5976190.85 rows=278 width=54) (actual time=29923.830..51834.654 rows=5632 loops=1)
                     Buffers: shared hit=310137 read=3750642
                     ->  Nested Loop  (cost=17179.40..5946795.98 rows=3997 width=50) (actual time=29923.771..50617.742 rows=81519 loops=1)
                           Buffers: shared hit=38465 read=3696682
                           ->  Hash Join  (cost=17179.10..5911346.83 rows=806583 width=54) (actual time=189.308..50347.199 rows=644418 loops=1)
                                 Hash Cond: (catalog_sales.cs_item_sk = item.i_item_sk)
                                 Buffers: shared hit=32054 read=3696682
                                 ->  Seq Scan on catalog_sales  (cost=0.00..5874397.76 rows=7531262 width=41) (actual time=0.034..48515.626 rows=7518631 loops=1)
                                       Filter: ((cs_wholesale_cost >= '82'::numeric) AND (cs_wholesale_cost <= '87'::numeric))
                                       Rows Removed by Filter: 136473668
                                       Buffers: shared hit=32044 read=3682336
                                 ->  Hash  (cost=16906.00..16906.00 rows=21848 width=21) (actual time=189.066..189.067 rows=21811 loops=1)
                                       Buckets: 32768  Batches: 1  Memory Usage: 1449kB
                                       Buffers: shared hit=10 read=14346
                                       ->  Seq Scan on item  (cost=0.00..16906.00 rows=21848 width=21) (actual time=0.031..181.388 rows=21811 loops=1)
                                             Filter: (i_category = 'Sports'::bpchar)
                                             Rows Removed by Filter: 182189
                                             Buffers: shared hit=10 read=14346
                           ->  Memoize  (cost=0.30..7.22 rows=1 width=4) (actual time=0.000..0.000 rows=0 loops=644418)
                                 Cache Key: catalog_sales.cs_sold_date_sk
                                 Cache Mode: logical
                                 Hits: 642280  Misses: 2138  Evictions: 0  Overflows: 0  Memory Usage: 155kB
                                 Buffers: shared hit=6411
                                 ->  Index Scan using date_dim_pkey on date_dim  (cost=0.29..7.21 rows=1 width=4) (actual time=0.017..0.017 rows=0 loops=2138)
                                       Index Cond: (d_date_sk = catalog_sales.cs_sold_date_sk)
                                       Filter: (d_year = 2002)
                                       Rows Removed by Filter: 1
                                       Buffers: shared hit=6411
                     ->  Index Scan using customer_pkey on customer  (cost=0.43..7.35 rows=1 width=12) (actual time=0.015..0.015 rows=0 loops=81519)
                           Index Cond: (c_customer_sk = catalog_sales.cs_bill_customer_sk)
                           Filter: (c_birth_month = 12)
                           Rows Removed by Filter: 1
                           Buffers: shared hit=271672 read=53960
               ->  Index Scan using customer_address_pkey on customer_address  (cost=0.42..7.36 rows=1 width=35) (actual time=0.018..0.018 rows=0 loops=5632)
                     Index Cond: (ca_address_sk = customer.c_current_addr_sk)
                     Filter: (ca_state = ANY ('{CA,IL,MT}'::bpchar[]))
                     Rows Removed by Filter: 1
                     Buffers: shared hit=12597 read=9931
         ->  Index Scan using customer_demographics_pkey on customer_demographics  (cost=0.43..7.36 rows=1 width=8) (actual time=0.018..0.018 rows=0 loops=396)
               Index Cond: (cd_demo_sk = catalog_sales.cs_bill_cdemo_sk)
               Filter: ((cd_gender = 'M'::bpchar) AND (cd_education_status = 'Secondary'::bpchar))
               Rows Removed by Filter: 1
               Buffers: shared hit=1498 read=86
 Planning:
   Buffers: shared hit=407 read=47
 Planning Time: 2.160 ms
 Execution Time: 51950.274 ms
(53 rows)

