                                                                              QUERY PLAN                                                                              
----------------------------------------------------------------------------------------------------------------------------------------------------------------------
 Aggregate  (cost=5959860.86..5959860.87 rows=1 width=268) (actual time=55339.374..55339.379 rows=1 loops=1)
   Buffers: shared hit=161203 read=3656496
   ->  Nested Loop  (cost=16954.16..5959860.83 rows=1 width=81) (actual time=18274.599..55339.347 rows=3 loops=1)
         Buffers: shared hit=161203 read=3656496
         ->  Nested Loop  (cost=16953.73..5959838.73 rows=3 width=54) (actual time=15005.126..55338.268 rows=44 loops=1)
               Buffers: shared hit=161112 read=3656411
               ->  Nested Loop  (cost=16953.31..5959537.15 rows=41 width=54) (actual time=14695.571..55325.241 rows=643 loops=1)
                     Buffers: shared hit=158856 read=3656095
                     ->  Nested Loop  (cost=16952.88..5950138.63 rows=1278 width=50) (actual time=14689.524..55010.929 rows=19980 loops=1)
                           Buffers: shared hit=92351 read=3642796
                           ->  Hash Join  (cost=16952.58..5928408.01 rows=257841 width=54) (actual time=111.682..54900.643 rows=127872 loops=1)
                                 Hash Cond: (catalog_sales.cs_item_sk = item.i_item_sk)
                                 Buffers: shared hit=85940 read=3642796
                                 ->  Seq Scan on catalog_sales  (cost=0.00..5874397.76 rows=14116916 width=41) (actual time=0.033..52645.822 rows=14129630 loops=1)
                                       Filter: ((cs_wholesale_cost >= '14'::numeric) AND (cs_wholesale_cost <= '19'::numeric))
                                       Rows Removed by Filter: 129862669
                                       Buffers: shared hit=72120 read=3642260
                                 ->  Hash  (cost=16906.00..16906.00 rows=3726 width=21) (actual time=111.414..111.415 rows=3713 loops=1)
                                       Buckets: 4096  Batches: 1  Memory Usage: 236kB
                                       Buffers: shared hit=13820 read=536
                                       ->  Seq Scan on item  (cost=0.00..16906.00 rows=3726 width=21) (actual time=0.033..110.321 rows=3713 loops=1)
                                             Filter: (i_category = 'Music'::bpchar)
                                             Rows Removed by Filter: 200287
                                             Buffers: shared hit=13820 read=536
                           ->  Memoize  (cost=0.30..7.22 rows=1 width=4) (actual time=0.001..0.001 rows=0 loops=127872)
                                 Cache Key: catalog_sales.cs_sold_date_sk
                                 Cache Mode: logical
                                 Hits: 125734  Misses: 2138  Evictions: 0  Overflows: 0  Memory Usage: 155kB
                                 Buffers: shared hit=6411
                                 ->  Index Scan using date_dim_pkey on date_dim  (cost=0.29..7.21 rows=1 width=4) (actual time=0.017..0.017 rows=0 loops=2138)
                                       Index Cond: (d_date_sk = catalog_sales.cs_sold_date_sk)
                                       Filter: (d_year = 2000)
                                       Rows Removed by Filter: 1
                                       Buffers: shared hit=6411
                     ->  Index Scan using customer_pkey on customer  (cost=0.43..7.35 rows=1 width=12) (actual time=0.015..0.015 rows=0 loops=19980)
                           Index Cond: (c_customer_sk = catalog_sales.cs_bill_customer_sk)
                           Filter: (c_birth_month = 6)
                           Rows Removed by Filter: 1
                           Buffers: shared hit=66505 read=13299
               ->  Index Scan using customer_demographics_pkey on customer_demographics  (cost=0.43..7.36 rows=1 width=8) (actual time=0.019..0.019 rows=0 loops=643)
                     Index Cond: (cd_demo_sk = catalog_sales.cs_bill_cdemo_sk)
                     Filter: ((cd_gender = 'M'::bpchar) AND (cd_education_status = 'Primary'::bpchar))
                     Rows Removed by Filter: 1
                     Buffers: shared hit=2256 read=316
         ->  Index Scan using customer_address_pkey on customer_address  (cost=0.42..7.37 rows=1 width=35) (actual time=0.023..0.023 rows=0 loops=44)
               Index Cond: (ca_address_sk = customer.c_current_addr_sk)
               Filter: (ca_state = ANY ('{CO,GA,MN}'::bpchar[]))
               Rows Removed by Filter: 1
               Buffers: shared hit=91 read=85
 Planning:
   Buffers: shared hit=407 read=47
 Planning Time: 2.221 ms
 Execution Time: 55339.669 ms
(53 rows)

