                                                                              QUERY PLAN                                                                               
-----------------------------------------------------------------------------------------------------------------------------------------------------------------------
 Aggregate  (cost=5947208.42..5947208.43 rows=1 width=268) (actual time=52085.066..52085.071 rows=1 loops=1)
   Buffers: shared hit=192106 read=3663365
   ->  Nested Loop  (cost=17045.03..5947208.39 rows=1 width=81) (actual time=16050.343..52085.046 rows=2 loops=1)
         Buffers: shared hit=192106 read=3663365
         ->  Nested Loop  (cost=17044.61..5947171.57 rows=5 width=54) (actual time=14025.448..52083.309 rows=75 loops=1)
               Buffers: shared hit=191953 read=3663218
               ->  Nested Loop  (cost=17044.18..5946649.30 rows=71 width=54) (actual time=13898.891..52061.531 rows=1147 loops=1)
                     Buffers: shared hit=187982 read=3662601
                     ->  Nested Loop  (cost=17043.75..5933441.03 rows=1796 width=50) (actual time=13898.854..51609.349 rows=28884 loops=1)
                           Buffers: shared hit=93784 read=3641363
                           ->  Hash Join  (cost=17043.45..5909094.32 rows=362483 width=54) (actual time=133.121..51408.423 rows=404633 loops=1)
                                 Hash Cond: (catalog_sales.cs_item_sk = item.i_item_sk)
                                 Buffers: shared hit=87373 read=3641363
                                 ->  Seq Scan on catalog_sales  (cost=0.00..5874397.76 rows=6724855 width=41) (actual time=0.040..49865.332 rows=6763882 loops=1)
                                       Filter: ((cs_wholesale_cost >= '71'::numeric) AND (cs_wholesale_cost <= '76'::numeric))
                                       Rows Removed by Filter: 137228417
                                       Buffers: shared hit=73017 read=3641363
                                 ->  Hash  (cost=16906.00..16906.00 rows=10996 width=21) (actual time=132.615..132.615 rows=11037 loops=1)
                                       Buckets: 16384  Batches: 1  Memory Usage: 732kB
                                       Buffers: shared hit=14356
                                       ->  Seq Scan on item  (cost=0.00..16906.00 rows=10996 width=21) (actual time=0.043..129.419 rows=11037 loops=1)
                                             Filter: (i_category = 'Women'::bpchar)
                                             Rows Removed by Filter: 192963
                                             Buffers: shared hit=14356
                           ->  Memoize  (cost=0.30..7.22 rows=1 width=4) (actual time=0.000..0.000 rows=0 loops=404633)
                                 Cache Key: catalog_sales.cs_sold_date_sk
                                 Cache Mode: logical
                                 Hits: 402495  Misses: 2138  Evictions: 0  Overflows: 0  Memory Usage: 155kB
                                 Buffers: shared hit=6411
                                 ->  Index Scan using date_dim_pkey on date_dim  (cost=0.29..7.21 rows=1 width=4) (actual time=0.018..0.018 rows=0 loops=2138)
                                       Index Cond: (d_date_sk = catalog_sales.cs_sold_date_sk)
                                       Filter: (d_year = 2000)
                                       Rows Removed by Filter: 1
                                       Buffers: shared hit=6411
                     ->  Index Scan using customer_pkey on customer  (cost=0.43..7.35 rows=1 width=12) (actual time=0.015..0.015 rows=0 loops=28884)
                           Index Cond: (c_customer_sk = catalog_sales.cs_bill_customer_sk)
                           Filter: (c_birth_month = 9)
                           Rows Removed by Filter: 1
                           Buffers: shared hit=94198 read=21238
               ->  Index Scan using customer_demographics_pkey on customer_demographics  (cost=0.43..7.36 rows=1 width=8) (actual time=0.018..0.018 rows=0 loops=1147)
                     Index Cond: (cd_demo_sk = catalog_sales.cs_bill_cdemo_sk)
                     Filter: ((cd_gender = 'F'::bpchar) AND (cd_education_status = '2 yr Degree'::bpchar))
                     Rows Removed by Filter: 1
                     Buffers: shared hit=3971 read=617
         ->  Index Scan using customer_address_pkey on customer_address  (cost=0.42..7.36 rows=1 width=35) (actual time=0.022..0.022 rows=0 loops=75)
               Index Cond: (ca_address_sk = customer.c_current_addr_sk)
               Filter: (ca_state = ANY ('{MI,MO,TX}'::bpchar[]))
               Rows Removed by Filter: 1
               Buffers: shared hit=153 read=147
 Planning:
   Buffers: shared hit=454
 Planning Time: 3.634 ms
 Execution Time: 52085.548 ms
(53 rows)

