                                                                                  QUERY PLAN                                                                                  
------------------------------------------------------------------------------------------------------------------------------------------------------------------------------
 Aggregate  (cost=5943285.07..5943285.08 rows=1 width=268) (actual time=48953.752..48953.757 rows=1 loops=1)
   Buffers: shared hit=165234 read=3673757
   ->  Nested Loop  (cost=17073.85..5943285.04 rows=1 width=81) (actual time=941.578..48953.706 rows=5 loops=1)
         Buffers: shared hit=165234 read=3673757
         ->  Nested Loop  (cost=17073.42..5943152.66 rows=18 width=54) (actual time=158.618..48950.791 rows=110 loops=1)
               Buffers: shared hit=165006 read=3673545
               ->  Nested Loop  (cost=17072.99..5942218.65 rows=127 width=50) (actual time=132.976..48930.619 rows=932 loops=1)
                     Buffers: shared hit=161888 read=3672935
                     ->  Nested Loop  (cost=17072.57..5929507.61 rows=1728 width=50) (actual time=125.132..48530.678 rows=24947 loops=1)
                           Buffers: shared hit=82009 read=3653138
                           ->  Hash Join  (cost=17072.26..5905506.83 rows=348646 width=54) (actual time=125.085..48404.049 rows=187296 loops=1)
                                 Hash Cond: (catalog_sales.cs_item_sk = item.i_item_sk)
                                 Buffers: shared hit=75598 read=3653138
                                 ->  Seq Scan on catalog_sales  (cost=0.00..5874397.76 rows=5347244 width=41) (actual time=0.029..47084.051 rows=5484290 loops=1)
                                       Filter: ((cs_wholesale_cost >= '100'::numeric) AND (cs_wholesale_cost <= '105'::numeric))
                                       Rows Removed by Filter: 138508009
                                       Buffers: shared hit=67307 read=3647073
                                 ->  Hash  (cost=16906.00..16906.00 rows=13301 width=21) (actual time=124.681..124.682 rows=13933 loops=1)
                                       Buckets: 16384  Batches: 1  Memory Usage: 890kB
                                       Buffers: shared hit=8291 read=6065
                                       ->  Seq Scan on item  (cost=0.00..16906.00 rows=13301 width=21) (actual time=0.013..120.930 rows=13933 loops=1)
                                             Filter: (i_category = 'Men'::bpchar)
                                             Rows Removed by Filter: 190067
                                             Buffers: shared hit=8291 read=6065
                           ->  Memoize  (cost=0.30..7.22 rows=1 width=4) (actual time=0.000..0.000 rows=0 loops=187296)
                                 Cache Key: catalog_sales.cs_sold_date_sk
                                 Cache Mode: logical
                                 Hits: 185158  Misses: 2138  Evictions: 0  Overflows: 0  Memory Usage: 155kB
                                 Buffers: shared hit=6411
                                 ->  Index Scan using date_dim_pkey on date_dim  (cost=0.29..7.21 rows=1 width=4) (actual time=0.017..0.017 rows=0 loops=2138)
                                       Index Cond: (d_date_sk = catalog_sales.cs_sold_date_sk)
                                       Filter: (d_year = 1998)
                                       Rows Removed by Filter: 1
                                       Buffers: shared hit=6411
                     ->  Index Scan using customer_demographics_pkey on customer_demographics  (cost=0.43..7.36 rows=1 width=8) (actual time=0.016..0.016 rows=0 loops=24947)
                           Index Cond: (cd_demo_sk = catalog_sales.cs_bill_cdemo_sk)
                           Filter: ((cd_gender = 'F'::bpchar) AND (cd_education_status = '4 yr Degree'::bpchar))
                           Rows Removed by Filter: 1
                           Buffers: shared hit=79879 read=19797
               ->  Index Scan using customer_pkey on customer  (cost=0.43..7.35 rows=1 width=12) (actual time=0.021..0.021 rows=0 loops=932)
                     Index Cond: (c_customer_sk = catalog_sales.cs_bill_customer_sk)
                     Filter: (c_birth_month = 10)
                     Rows Removed by Filter: 1
                     Buffers: shared hit=3118 read=610
         ->  Index Scan using customer_address_pkey on customer_address  (cost=0.42..7.35 rows=1 width=35) (actual time=0.025..0.025 rows=0 loops=110)
               Index Cond: (ca_address_sk = customer.c_current_addr_sk)
               Filter: (ca_state = ANY ('{ID,MN,OH}'::bpchar[]))
               Rows Removed by Filter: 1
               Buffers: shared hit=228 read=212
 Planning:
   Buffers: shared hit=404 read=50
 Planning Time: 2.229 ms
 Execution Time: 48954.079 ms
(53 rows)

