                                                                              QUERY PLAN                                                                               
-----------------------------------------------------------------------------------------------------------------------------------------------------------------------
 Aggregate  (cost=5990135.02..5990135.03 rows=1 width=268) (actual time=53518.377..53518.385 rows=1 loops=1)
   Buffers: shared hit=522746 read=3779369
   ->  Nested Loop  (cost=17242.40..5990134.97 rows=2 width=81) (actual time=14245.486..53518.216 rows=21 loops=1)
         Buffers: shared hit=522746 read=3779369
         ->  Nested Loop  (cost=17241.97..5989958.36 rows=24 width=54) (actual time=13900.291..53509.347 rows=416 loops=1)
               Buffers: shared hit=521880 read=3778571
               ->  Nested Loop  (cost=17241.54..5987450.01 rows=341 width=54) (actual time=13887.275..53382.338 rows=8998 loops=1)
                     Buffers: shared hit=492297 read=3772174
                     ->  Nested Loop  (cost=17241.12..5951414.27 rows=4900 width=50) (actual time=13886.341..51688.207 rows=132500 loops=1)
                           Buffers: shared hit=42398 read=3692749
                           ->  Hash Join  (cost=17240.81..5911408.55 rows=988847 width=54) (actual time=114.991..51388.575 rows=715871 loops=1)
                                 Hash Cond: (catalog_sales.cs_item_sk = item.i_item_sk)
                                 Buffers: shared hit=35987 read=3692749
                                 ->  Seq Scan on catalog_sales  (cost=0.00..5874397.76 rows=7531262 width=41) (actual time=0.027..49525.031 rows=7518631 loops=1)
                                       Filter: ((cs_wholesale_cost >= '81'::numeric) AND (cs_wholesale_cost <= '86'::numeric))
                                       Rows Removed by Filter: 136473668
                                       Buffers: shared hit=21631 read=3692749
                                 ->  Hash  (cost=16906.00..16906.00 rows=26785 width=21) (actual time=114.764..114.765 rows=26695 loops=1)
                                       Buckets: 32768  Batches: 1  Memory Usage: 1716kB
                                       Buffers: shared hit=14356
                                       ->  Seq Scan on item  (cost=0.00..16906.00 rows=26785 width=21) (actual time=0.007..108.494 rows=26695 loops=1)
                                             Filter: (i_category = 'Children'::bpchar)
                                             Rows Removed by Filter: 177305
                                             Buffers: shared hit=14356
                           ->  Memoize  (cost=0.30..7.22 rows=1 width=4) (actual time=0.000..0.000 rows=0 loops=715871)
                                 Cache Key: catalog_sales.cs_sold_date_sk
                                 Cache Mode: logical
                                 Hits: 713733  Misses: 2138  Evictions: 0  Overflows: 0  Memory Usage: 155kB
                                 Buffers: shared hit=6411
                                 ->  Index Scan using date_dim_pkey on date_dim  (cost=0.29..7.21 rows=1 width=4) (actual time=0.018..0.018 rows=0 loops=2138)
                                       Index Cond: (d_date_sk = catalog_sales.cs_sold_date_sk)
                                       Filter: (d_year = 2000)
                                       Rows Removed by Filter: 1
                                       Buffers: shared hit=6411
                     ->  Index Scan using customer_pkey on customer  (cost=0.43..7.35 rows=1 width=12) (actual time=0.013..0.013 rows=0 loops=132500)
                           Index Cond: (c_customer_sk = catalog_sales.cs_bill_customer_sk)
                           Filter: (c_birth_month = 12)
                           Rows Removed by Filter: 1
                           Buffers: shared hit=449899 read=79425
               ->  Index Scan using customer_demographics_pkey on customer_demographics  (cost=0.43..7.36 rows=1 width=8) (actual time=0.014..0.014 rows=0 loops=8998)
                     Index Cond: (cd_demo_sk = catalog_sales.cs_bill_cdemo_sk)
                     Filter: ((cd_gender = 'F'::bpchar) AND (cd_education_status = 'Unknown'::bpchar))
                     Rows Removed by Filter: 1
                     Buffers: shared hit=29583 read=6397
         ->  Index Scan using customer_address_pkey on customer_address  (cost=0.42..7.36 rows=1 width=35) (actual time=0.020..0.020 rows=0 loops=416)
               Index Cond: (ca_address_sk = customer.c_current_addr_sk)
               Filter: (ca_state = ANY ('{GA,IL,MI}'::bpchar[]))
               Rows Removed by Filter: 1
               Buffers: shared hit=866 read=798
 Planning:
   Buffers: shared hit=454
 Planning Time: 2.090 ms
 Execution Time: 53518.741 ms
(53 rows)

