                                                                              QUERY PLAN                                                                               
-----------------------------------------------------------------------------------------------------------------------------------------------------------------------
 Aggregate  (cost=5948651.74..5948651.75 rows=1 width=268) (actual time=51690.677..51690.682 rows=1 loops=1)
   Buffers: shared hit=564878 read=3777817
   ->  Nested Loop  (cost=17119.15..5948651.72 rows=1 width=81) (actual time=13421.618..51690.561 rows=14 loops=1)
         Buffers: shared hit=564878 read=3777817
         ->  Nested Loop  (cost=17118.72..5948614.88 rows=5 width=54) (actual time=13351.136..51684.974 rows=255 loops=1)
               Buffers: shared hit=564350 read=3777325
               ->  Nested Loop  (cost=17118.29..5948099.97 rows=70 width=54) (actual time=13269.092..51607.790 rows=4812 loops=1)
                     Buffers: shared hit=548948 read=3773491
                     ->  Nested Loop  (cost=17117.87..5931927.72 rows=2199 width=50) (actual time=13268.141..49590.393 rows=147015 loops=1)
                           Buffers: shared hit=38680 read=3696467
                           ->  Hash Join  (cost=17117.56..5905552.13 rows=443638 width=54) (actual time=184.388..49220.120 rows=940903 loops=1)
                                 Hash Cond: (catalog_sales.cs_item_sk = item.i_item_sk)
                                 Buffers: shared hit=32269 read=3696467
                                 ->  Seq Scan on catalog_sales  (cost=0.00..5874397.76 rows=5347244 width=41) (actual time=0.111..47728.925 rows=5484290 loops=1)
                                       Filter: ((cs_wholesale_cost >= '95'::numeric) AND (cs_wholesale_cost <= '100'::numeric))
                                       Rows Removed by Filter: 138508009
                                       Buffers: shared hit=32269 read=3682111
                                 ->  Hash  (cost=16906.00..16906.00 rows=16925 width=21) (actual time=184.096..184.097 rows=17141 loops=1)
                                       Buckets: 32768  Batches: 1  Memory Usage: 1194kB
                                       Buffers: shared read=14356
                                       ->  Seq Scan on item  (cost=0.00..16906.00 rows=16925 width=21) (actual time=0.044..177.636 rows=17141 loops=1)
                                             Filter: (i_category = 'Home'::bpchar)
                                             Rows Removed by Filter: 186859
                                             Buffers: shared read=14356
                           ->  Memoize  (cost=0.30..7.22 rows=1 width=4) (actual time=0.000..0.000 rows=0 loops=940903)
                                 Cache Key: catalog_sales.cs_sold_date_sk
                                 Cache Mode: logical
                                 Hits: 938765  Misses: 2138  Evictions: 0  Overflows: 0  Memory Usage: 155kB
                                 Buffers: shared hit=6411
                                 ->  Index Scan using date_dim_pkey on date_dim  (cost=0.29..7.21 rows=1 width=4) (actual time=0.016..0.016 rows=0 loops=2138)
                                       Index Cond: (d_date_sk = catalog_sales.cs_sold_date_sk)
                                       Filter: (d_year = 2000)
                                       Rows Removed by Filter: 1
                                       Buffers: shared hit=6411
                     ->  Index Scan using customer_pkey on customer  (cost=0.43..7.35 rows=1 width=12) (actual time=0.013..0.013 rows=0 loops=147015)
                           Index Cond: (c_customer_sk = catalog_sales.cs_bill_customer_sk)
                           Filter: (c_birth_month = 6)
                           Rows Removed by Filter: 1
                           Buffers: shared hit=510268 read=77024
               ->  Index Scan using customer_demographics_pkey on customer_demographics  (cost=0.43..7.36 rows=1 width=8) (actual time=0.016..0.016 rows=0 loops=4812)
                     Index Cond: (cd_demo_sk = catalog_sales.cs_bill_cdemo_sk)
                     Filter: ((cd_gender = 'F'::bpchar) AND (cd_education_status = 'College'::bpchar))
                     Rows Removed by Filter: 1
                     Buffers: shared hit=15402 read=3834
         ->  Index Scan using customer_address_pkey on customer_address  (cost=0.42..7.37 rows=1 width=35) (actual time=0.020..0.020 rows=0 loops=255)
               Index Cond: (ca_address_sk = customer.c_current_addr_sk)
               Filter: (ca_state = ANY ('{NC,OH,WV}'::bpchar[]))
               Rows Removed by Filter: 1
               Buffers: shared hit=528 read=492
 Planning:
   Buffers: shared hit=454
 Planning Time: 4.520 ms
 Execution Time: 51691.154 ms
(53 rows)

