                                                                            QUERY PLAN                                                                            
------------------------------------------------------------------------------------------------------------------------------------------------------------------
 Aggregate  (cost=5976118.94..5976118.95 rows=1 width=268) (actual time=49571.498..49571.503 rows=1 loops=1)
   Buffers: shared hit=502258 read=3704213
   ->  Nested Loop  (cost=17326.55..5976118.91 rows=1 width=81) (actual time=30760.740..49571.466 rows=3 loops=1)
         Buffers: shared hit=502258 read=3704213
         ->  Nested Loop  (cost=17326.12..5976052.71 rows=9 width=81) (actual time=28836.017..49567.031 rows=230 loops=1)
               Buffers: shared hit=501567 read=3703984
               ->  Nested Loop  (cost=17325.69..5975028.67 rows=139 width=54) (actual time=28820.214..49495.945 rows=3806 loops=1)
                     Buffers: shared hit=493191 read=3697136
                     ->  Nested Loop  (cost=17325.27..5943007.77 rows=4354 width=50) (actual time=28816.102..48075.602 rows=113945 loops=1)
                           Buffers: shared hit=89911 read=3645236
                           ->  Hash Join  (cost=17324.96..5905759.53 rows=878547 width=54) (actual time=185.121..47796.009 rows=688532 loops=1)
                                 Hash Cond: (catalog_sales.cs_item_sk = item.i_item_sk)
                                 Buffers: shared hit=83500 read=3645236
                                 ->  Seq Scan on catalog_sales  (cost=0.00..5874397.76 rows=5347244 width=41) (actual time=0.045..46325.749 rows=5484290 loops=1)
                                       Filter: ((cs_wholesale_cost >= '100'::numeric) AND (cs_wholesale_cost <= '105'::numeric))
                                       Rows Removed by Filter: 138508009
                                       Buffers: shared hit=76284 read=3638096
                                 ->  Hash  (cost=16906.00..16906.00 rows=33517 width=21) (actual time=184.661..184.662 rows=33627 loops=1)
                                       Buckets: 65536  Batches: 1  Memory Usage: 2351kB
                                       Buffers: shared hit=7216 read=7140
                                       ->  Seq Scan on item  (cost=0.00..16906.00 rows=33517 width=21) (actual time=0.041..173.506 rows=33627 loops=1)
                                             Filter: (i_category = 'Shoes'::bpchar)
                                             Rows Removed by Filter: 170373
                                             Buffers: shared hit=7216 read=7140
                           ->  Memoize  (cost=0.30..7.22 rows=1 width=4) (actual time=0.000..0.000 rows=0 loops=688532)
                                 Cache Key: catalog_sales.cs_sold_date_sk
                                 Cache Mode: logical
                                 Hits: 686394  Misses: 2138  Evictions: 0  Overflows: 0  Memory Usage: 155kB
                                 Buffers: shared hit=6411
                                 ->  Index Scan using date_dim_pkey on date_dim  (cost=0.29..7.21 rows=1 width=4) (actual time=0.016..0.016 rows=0 loops=2138)
                                       Index Cond: (d_date_sk = catalog_sales.cs_sold_date_sk)
                                       Filter: (d_year = 2002)
                                       Rows Removed by Filter: 1
                                       Buffers: shared hit=6411
                     ->  Index Scan using customer_pkey on customer  (cost=0.43..7.35 rows=1 width=12) (actual time=0.012..0.012 rows=0 loops=113945)
                           Index Cond: (c_customer_sk = catalog_sales.cs_bill_customer_sk)
                           Filter: (c_birth_month = 6)
                           Rows Removed by Filter: 1
                           Buffers: shared hit=403280 read=51900
               ->  Index Scan using customer_address_pkey on customer_address  (cost=0.42..7.37 rows=1 width=35) (actual time=0.018..0.018 rows=0 loops=3806)
                     Index Cond: (ca_address_sk = customer.c_current_addr_sk)
                     Filter: (ca_state = ANY ('{FL,IL,MT}'::bpchar[]))
                     Rows Removed by Filter: 1
                     Buffers: shared hit=8376 read=6848
         ->  Index Scan using customer_demographics_pkey on customer_demographics  (cost=0.43..7.36 rows=1 width=8) (actual time=0.018..0.018 rows=0 loops=230)
               Index Cond: (cd_demo_sk = catalog_sales.cs_bill_cdemo_sk)
               Filter: ((cd_gender = 'F'::bpchar) AND (cd_education_status = 'Primary'::bpchar))
               Rows Removed by Filter: 1
               Buffers: shared hit=691 read=229
 Planning:
   Buffers: shared hit=404 read=50
 Planning Time: 4.678 ms
 Execution Time: 49572.025 ms
(53 rows)

