                                                                             QUERY PLAN                                                                             
--------------------------------------------------------------------------------------------------------------------------------------------------------------------
 Aggregate  (cost=6011940.70..6011940.71 rows=1 width=268) (actual time=62523.316..62523.322 rows=1 loops=1)
   Buffers: shared hit=1529668 read=3846726
   ->  Nested Loop  (cost=19829.07..6011940.65 rows=2 width=81) (actual time=384.219..62523.090 rows=28 loops=1)
         Buffers: shared hit=1529668 read=3846726
         ->  Nested Loop  (cost=19828.64..6011705.26 rows=32 width=81) (actual time=170.618..62500.287 rows=1037 loops=1)
               Buffers: shared hit=1525642 read=3846604
               ->  Nested Loop  (cost=19828.22..6007590.12 rows=559 width=54) (actual time=161.753..62050.146 rows=18518 loops=1)
                     Buffers: shared hit=1470495 read=3827679
                     ->  Hash Join  (cost=19827.79..5923503.03 rows=11434 width=50) (actual time=160.933..54827.699 rows=392519 loops=1)
                           Hash Cond: (catalog_sales.cs_item_sk = item.i_item_sk)
                           Buffers: shared hit=14619 read=3715591
                           ->  Hash Join  (cost=2391.64..5905922.52 rows=54995 width=37) (actual time=19.249..54308.273 rows=1539327 loops=1)
                                 Hash Cond: (catalog_sales.cs_sold_date_sk = date_dim.d_date_sk)
                                 Buffers: shared hit=263 read=3715591
                                 ->  Seq Scan on catalog_sales  (cost=0.00..5874397.76 rows=11097691 width=41) (actual time=0.021..52823.149 rows=11458169 loops=1)
                                       Filter: ((cs_wholesale_cost >= '58'::numeric) AND (cs_wholesale_cost <= '63'::numeric))
                                       Rows Removed by Filter: 132534130
                                       Buffers: shared hit=221 read=3714159
                                 ->  Hash  (cost=2387.11..2387.11 rows=362 width=4) (actual time=19.211..19.212 rows=365 loops=1)
                                       Buckets: 1024  Batches: 1  Memory Usage: 21kB
                                       Buffers: shared hit=42 read=1432
                                       ->  Seq Scan on date_dim  (cost=0.00..2387.11 rows=362 width=4) (actual time=7.545..19.144 rows=365 loops=1)
                                             Filter: (d_year = 1998)
                                             Rows Removed by Filter: 72684
                                             Buffers: shared hit=42 read=1432
                           ->  Hash  (cost=16906.00..16906.00 rows=42412 width=21) (actual time=141.437..141.437 rows=42041 loops=1)
                                 Buckets: 65536  Batches: 1  Memory Usage: 2812kB
                                 Buffers: shared hit=14356
                                 ->  Seq Scan on item  (cost=0.00..16906.00 rows=42412 width=21) (actual time=0.025..128.622 rows=42041 loops=1)
                                       Filter: (i_category = 'Electronics'::bpchar)
                                       Rows Removed by Filter: 161959
                                       Buffers: shared hit=14356
                     ->  Index Scan using customer_pkey on customer  (cost=0.43..7.35 rows=1 width=12) (actual time=0.018..0.018 rows=0 loops=392519)
                           Index Cond: (c_customer_sk = catalog_sales.cs_bill_customer_sk)
                           Filter: (c_birth_month = 7)
                           Rows Removed by Filter: 1
                           Buffers: shared hit=1455876 read=112088
               ->  Index Scan using customer_address_pkey on customer_address  (cost=0.42..7.36 rows=1 width=35) (actual time=0.024..0.024 rows=0 loops=18518)
                     Index Cond: (ca_address_sk = customer.c_current_addr_sk)
                     Filter: (ca_state = ANY ('{MA,ME,VA}'::bpchar[]))
                     Rows Removed by Filter: 1
                     Buffers: shared hit=55147 read=18925
         ->  Index Scan using customer_demographics_pkey on customer_demographics  (cost=0.43..7.36 rows=1 width=8) (actual time=0.021..0.021 rows=0 loops=1037)
               Index Cond: (cd_demo_sk = catalog_sales.cs_bill_cdemo_sk)
               Filter: ((cd_gender = 'M'::bpchar) AND (cd_education_status = 'Secondary'::bpchar))
               Rows Removed by Filter: 1
               Buffers: shared hit=4026 read=122
 Planning:
   Buffers: shared hit=454
 Planning Time: 1.783 ms
 Execution Time: 62523.594 ms
(51 rows)

