                                                                                  QUERY PLAN                                                                                  
------------------------------------------------------------------------------------------------------------------------------------------------------------------------------
 Aggregate  (cost=5903085.49..5903085.50 rows=1 width=268) (actual time=51898.835..51898.841 rows=1 loops=1)
   Buffers: shared hit=147810 read=3692324
   ->  Nested Loop  (cost=19572.02..5903085.46 rows=1 width=81) (actual time=14273.467..51898.773 rows=8 loops=1)
         Buffers: shared hit=147810 read=3692324
         ->  Nested Loop  (cost=19571.59..5903048.68 rows=5 width=54) (actual time=13892.770..51895.931 rows=135 loops=1)
               Buffers: shared hit=147409 read=3692185
               ->  Nested Loop  (cost=19571.17..5902695.60 rows=48 width=50) (actual time=13884.073..51873.874 rows=1392 loops=1)
                     Buffers: shared hit=142090 read=3691940
                     ->  Hash Join  (cost=19570.74..5897693.12 rows=680 width=50) (actual time=13882.706..51517.804 rows=25975 loops=1)
                           Hash Cond: (catalog_sales.cs_sold_date_sk = date_dim.d_date_sk)
                           Buffers: shared hit=42509 read=3687701
                           ->  Hash Join  (cost=17179.10..5894941.16 rows=137258 width=54) (actual time=134.735..51477.010 rows=104099 loops=1)
                                 Hash Cond: (catalog_sales.cs_item_sk = item.i_item_sk)
                                 Buffers: shared hit=42467 read=3686269
                                 ->  Seq Scan on catalog_sales  (cost=0.00..5874397.76 rows=1281611 width=41) (actual time=0.072..50998.110 rows=1213654 loops=1)
                                       Filter: ((cs_wholesale_cost >= '21'::numeric) AND (cs_wholesale_cost <= '26'::numeric))
                                       Rows Removed by Filter: 142778645
                                       Buffers: shared hit=42467 read=3671913
                                 ->  Hash  (cost=16906.00..16906.00 rows=21848 width=21) (actual time=134.244..134.245 rows=21811 loops=1)
                                       Buckets: 32768  Batches: 1  Memory Usage: 1449kB
                                       Buffers: shared read=14356
                                       ->  Seq Scan on item  (cost=0.00..16906.00 rows=21848 width=21) (actual time=0.022..128.301 rows=21811 loops=1)
                                             Filter: (i_category = 'Sports'::bpchar)
                                             Rows Removed by Filter: 182189
                                             Buffers: shared read=14356
                           ->  Hash  (cost=2387.11..2387.11 rows=362 width=4) (actual time=21.948..21.949 rows=366 loops=1)
                                 Buckets: 1024  Batches: 1  Memory Usage: 21kB
                                 Buffers: shared hit=42 read=1432
                                 ->  Seq Scan on date_dim  (cost=0.00..2387.11 rows=362 width=4) (actual time=9.706..21.863 rows=366 loops=1)
                                       Filter: (d_year = 2000)
                                       Rows Removed by Filter: 72683
                                       Buffers: shared hit=42 read=1432
                     ->  Index Scan using customer_demographics_pkey on customer_demographics  (cost=0.43..7.36 rows=1 width=8) (actual time=0.013..0.013 rows=0 loops=25975)
                           Index Cond: (cd_demo_sk = catalog_sales.cs_bill_cdemo_sk)
                           Filter: ((cd_gender = 'M'::bpchar) AND (cd_education_status = 'Advanced Degree'::bpchar))
                           Rows Removed by Filter: 1
                           Buffers: shared hit=99581 read=4239
               ->  Index Scan using customer_pkey on customer  (cost=0.43..7.36 rows=1 width=12) (actual time=0.015..0.015 rows=0 loops=1392)
                     Index Cond: (c_customer_sk = catalog_sales.cs_bill_customer_sk)
                     Filter: (c_birth_month = 2)
                     Rows Removed by Filter: 1
                     Buffers: shared hit=5319 read=245
         ->  Index Scan using customer_address_pkey on customer_address  (cost=0.42..7.36 rows=1 width=35) (actual time=0.019..0.019 rows=0 loops=135)
               Index Cond: (ca_address_sk = customer.c_current_addr_sk)
               Filter: (ca_state = ANY ('{NY,SD,TN}'::bpchar[]))
               Rows Removed by Filter: 1
               Buffers: shared hit=401 read=139
 Planning:
   Buffers: shared hit=404 read=50
 Planning Time: 2.800 ms
 Execution Time: 51899.167 ms
(51 rows)

