                                                                                  QUERY PLAN                                                                                   
-------------------------------------------------------------------------------------------------------------------------------------------------------------------------------
 Aggregate  (cost=5952585.93..5952585.94 rows=1 width=268) (actual time=49661.068..49661.074 rows=1 loops=1)
   Buffers: shared hit=486641 read=3689837
   ->  Nested Loop  (cost=17180.68..5952585.88 rows=2 width=81) (actual time=20659.410..49660.964 rows=14 loops=1)
         Buffers: shared hit=486641 read=3689837
         ->  Nested Loop  (cost=17180.26..5952460.82 rows=17 width=54) (actual time=20623.125..49654.725 rows=319 loops=1)
               Buffers: shared hit=485731 read=3689471
               ->  Nested Loop  (cost=17179.83..5951144.38 rows=179 width=50) (actual time=20611.200..49607.802 rows=3397 loops=1)
                     Buffers: shared hit=472903 read=3688715
                     ->  Nested Loop  (cost=17179.40..5932364.64 rows=2553 width=50) (actual time=20610.282..48388.892 rows=106761 loops=1)
                           Buffers: shared hit=66798 read=3668349
                           ->  Hash Join  (cost=17179.10..5904202.43 rows=515103 width=54) (actual time=111.724..48185.932 rows=423758 loops=1)
                                 Hash Cond: (catalog_sales.cs_item_sk = item.i_item_sk)
                                 Buffers: shared hit=60478 read=3668258
                                 ->  Seq Scan on catalog_sales  (cost=0.00..5874397.76 rows=4809639 width=41) (actual time=0.039..46941.495 rows=4933013 loops=1)
                                       Filter: ((cs_wholesale_cost >= '91'::numeric) AND (cs_wholesale_cost <= '96'::numeric))
                                       Rows Removed by Filter: 139059286
                                       Buffers: shared hit=46122 read=3668258
                                 ->  Hash  (cost=16906.00..16906.00 rows=21848 width=21) (actual time=111.542..111.543 rows=21811 loops=1)
                                       Buckets: 32768  Batches: 1  Memory Usage: 1449kB
                                       Buffers: shared hit=14356
                                       ->  Seq Scan on item  (cost=0.00..16906.00 rows=21848 width=21) (actual time=0.021..106.128 rows=21811 loops=1)
                                             Filter: (i_category = 'Sports'::bpchar)
                                             Rows Removed by Filter: 182189
                                             Buffers: shared hit=14356
                           ->  Memoize  (cost=0.30..7.22 rows=1 width=4) (actual time=0.000..0.000 rows=0 loops=423758)
                                 Cache Key: catalog_sales.cs_sold_date_sk
                                 Cache Mode: logical
                                 Hits: 421620  Misses: 2138  Evictions: 0  Overflows: 0  Memory Usage: 155kB
                                 Buffers: shared hit=6320 read=91
                                 ->  Index Scan using date_dim_pkey on date_dim  (cost=0.29..7.21 rows=1 width=4) (actual time=0.016..0.016 rows=0 loops=2138)
                                       Index Cond: (d_date_sk = catalog_sales.cs_sold_date_sk)
                                       Filter: (d_year = 2001)
                                       Rows Removed by Filter: 1
                                       Buffers: shared hit=6320 read=91
                     ->  Index Scan using customer_demographics_pkey on customer_demographics  (cost=0.43..7.36 rows=1 width=8) (actual time=0.011..0.011 rows=0 loops=106761)
                           Index Cond: (cd_demo_sk = catalog_sales.cs_bill_cdemo_sk)
                           Filter: ((cd_gender = 'F'::bpchar) AND (cd_education_status = 'Advanced Degree'::bpchar))
                           Rows Removed by Filter: 1
                           Buffers: shared hit=406105 read=20366
               ->  Index Scan using customer_pkey on customer  (cost=0.43..7.35 rows=1 width=12) (actual time=0.013..0.013 rows=0 loops=3397)
                     Index Cond: (c_customer_sk = catalog_sales.cs_bill_customer_sk)
                     Filter: (c_birth_month = 2)
                     Rows Removed by Filter: 1
                     Buffers: shared hit=12828 read=756
         ->  Index Scan using customer_address_pkey on customer_address  (cost=0.42..7.36 rows=1 width=35) (actual time=0.018..0.018 rows=0 loops=319)
               Index Cond: (ca_address_sk = customer.c_current_addr_sk)
               Filter: (ca_state = ANY ('{MI,TX,WI}'::bpchar[]))
               Rows Removed by Filter: 1
               Buffers: shared hit=910 read=366
 Planning:
   Buffers: shared hit=454
 Planning Time: 2.027 ms
 Execution Time: 49661.445 ms
(53 rows)

