                                                                                  QUERY PLAN                                                                                  
------------------------------------------------------------------------------------------------------------------------------------------------------------------------------
 Aggregate  (cost=5952168.82..5952168.83 rows=1 width=268) (actual time=55092.167..55092.171 rows=1 loops=1)
   Buffers: shared hit=226589 read=3666146
   ->  Nested Loop  (cost=17019.78..5952168.77 rows=2 width=81) (actual time=32458.168..55092.050 rows=15 loops=1)
         Buffers: shared hit=226589 read=3666146
         ->  Nested Loop  (cost=17019.36..5952073.14 rows=13 width=54) (actual time=32407.912..55087.705 rows=189 loops=1)
               Buffers: shared hit=226068 read=3665911
               ->  Nested Loop  (cost=17018.93..5951131.80 rows=128 width=50) (actual time=32388.228..55055.554 rows=1961 loops=1)
                     Buffers: shared hit=218855 read=3665284
                     ->  Nested Loop  (cost=17018.50..5937758.86 rows=1818 width=50) (actual time=32388.150..54540.763 rows=37287 loops=1)
                           Buffers: shared hit=76542 read=3658605
                           ->  Hash Join  (cost=17018.20..5913302.80 rows=366857 width=54) (actual time=111.123..54409.134 rows=182096 loops=1)
                                 Hash Cond: (catalog_sales.cs_item_sk = item.i_item_sk)
                                 Buffers: shared hit=70131 read=3658605
                                 ->  Seq Scan on catalog_sales  (cost=0.00..5874397.76 rows=8337669 width=41) (actual time=0.041..52784.122 rows=8349119 loops=1)
                                       Filter: ((cs_wholesale_cost >= '7'::numeric) AND (cs_wholesale_cost <= '12'::numeric))
                                       Rows Removed by Filter: 135643180
                                       Buffers: shared hit=55775 read=3658605
                                 ->  Hash  (cost=16906.00..16906.00 rows=8976 width=21) (actual time=110.477..110.477 rows=8826 loops=1)
                                       Buckets: 16384  Batches: 1  Memory Usage: 611kB
                                       Buffers: shared hit=14356
                                       ->  Seq Scan on item  (cost=0.00..16906.00 rows=8976 width=21) (actual time=0.012..108.084 rows=8826 loops=1)
                                             Filter: (i_category = 'Jewelry'::bpchar)
                                             Rows Removed by Filter: 195174
                                             Buffers: shared hit=14356
                           ->  Memoize  (cost=0.30..7.22 rows=1 width=4) (actual time=0.000..0.000 rows=0 loops=182096)
                                 Cache Key: catalog_sales.cs_sold_date_sk
                                 Cache Mode: logical
                                 Hits: 179958  Misses: 2138  Evictions: 0  Overflows: 0  Memory Usage: 155kB
                                 Buffers: shared hit=6411
                                 ->  Index Scan using date_dim_pkey on date_dim  (cost=0.29..7.21 rows=1 width=4) (actual time=0.017..0.017 rows=0 loops=2138)
                                       Index Cond: (d_date_sk = catalog_sales.cs_sold_date_sk)
                                       Filter: (d_year = 2002)
                                       Rows Removed by Filter: 1
                                       Buffers: shared hit=6411
                     ->  Index Scan using customer_demographics_pkey on customer_demographics  (cost=0.43..7.36 rows=1 width=8) (actual time=0.013..0.013 rows=0 loops=37287)
                           Index Cond: (cd_demo_sk = catalog_sales.cs_bill_cdemo_sk)
                           Filter: ((cd_gender = 'F'::bpchar) AND (cd_education_status = 'College'::bpchar))
                           Rows Removed by Filter: 1
                           Buffers: shared hit=142313 read=6679
               ->  Index Scan using customer_pkey on customer  (cost=0.43..7.35 rows=1 width=12) (actual time=0.016..0.016 rows=0 loops=1961)
                     Index Cond: (c_customer_sk = catalog_sales.cs_bill_customer_sk)
                     Filter: (c_birth_month = 1)
                     Rows Removed by Filter: 1
                     Buffers: shared hit=7213 read=627
         ->  Index Scan using customer_address_pkey on customer_address  (cost=0.42..7.36 rows=1 width=35) (actual time=0.022..0.022 rows=0 loops=189)
               Index Cond: (ca_address_sk = customer.c_current_addr_sk)
               Filter: (ca_state = ANY ('{CA,IL,TX}'::bpchar[]))
               Rows Removed by Filter: 1
               Buffers: shared hit=521 read=235
 Planning:
   Buffers: shared hit=454
 Planning Time: 2.033 ms
 Execution Time: 55092.483 ms
(53 rows)

