                                                                                  QUERY PLAN                                                                                  
------------------------------------------------------------------------------------------------------------------------------------------------------------------------------
 Aggregate  (cost=5939318.39..5939318.40 rows=1 width=268) (actual time=49152.287..49152.291 rows=1 loops=1)
   Buffers: shared hit=397521 read=3668574
   ->  Nested Loop  (cost=17045.03..5939318.36 rows=1 width=81) (actual time=29425.237..49152.203 rows=11 loops=1)
         Buffers: shared hit=397521 read=3668574
         ->  Nested Loop  (cost=17044.61..5939215.39 rows=14 width=54) (actual time=29042.111..49146.847 rows=244 loops=1)
               Buffers: shared hit=396892 read=3668227
               ->  Nested Loop  (cost=17044.18..5938472.60 rows=101 width=50) (actual time=28805.988..49117.909 rows=1668 loops=1)
                     Buffers: shared hit=391037 read=3667418
                     ->  Nested Loop  (cost=17043.75..5927968.34 rows=1428 width=50) (actual time=28800.187..48122.734 rows=80920 loops=1)
                           Buffers: shared hit=82135 read=3653012
                           ->  Hash Join  (cost=17043.45..5905478.01 rows=288227 width=54) (actual time=149.001..47950.325 rows=327291 loops=1)
                                 Hash Cond: (catalog_sales.cs_item_sk = item.i_item_sk)
                                 Buffers: shared hit=75724 read=3653012
                                 ->  Seq Scan on catalog_sales  (cost=0.00..5874397.76 rows=5347244 width=41) (actual time=0.039..46637.158 rows=5484290 loops=1)
                                       Filter: ((cs_wholesale_cost >= '95'::numeric) AND (cs_wholesale_cost <= '100'::numeric))
                                       Rows Removed by Filter: 138508009
                                       Buffers: shared hit=61368 read=3653012
                                 ->  Hash  (cost=16906.00..16906.00 rows=10996 width=21) (actual time=148.825..148.825 rows=11037 loops=1)
                                       Buckets: 16384  Batches: 1  Memory Usage: 732kB
                                       Buffers: shared hit=14356
                                       ->  Seq Scan on item  (cost=0.00..16906.00 rows=10996 width=21) (actual time=0.038..144.516 rows=11037 loops=1)
                                             Filter: (i_category = 'Women'::bpchar)
                                             Rows Removed by Filter: 192963
                                             Buffers: shared hit=14356
                           ->  Memoize  (cost=0.30..7.22 rows=1 width=4) (actual time=0.000..0.000 rows=0 loops=327291)
                                 Cache Key: catalog_sales.cs_sold_date_sk
                                 Cache Mode: logical
                                 Hits: 325153  Misses: 2138  Evictions: 0  Overflows: 0  Memory Usage: 155kB
                                 Buffers: shared hit=6411
                                 ->  Index Scan using date_dim_pkey on date_dim  (cost=0.29..7.21 rows=1 width=4) (actual time=0.016..0.016 rows=0 loops=2138)
                                       Index Cond: (d_date_sk = catalog_sales.cs_sold_date_sk)
                                       Filter: (d_year = 2002)
                                       Rows Removed by Filter: 1
                                       Buffers: shared hit=6411
                     ->  Index Scan using customer_demographics_pkey on customer_demographics  (cost=0.43..7.36 rows=1 width=8) (actual time=0.012..0.012 rows=0 loops=80920)
                           Index Cond: (cd_demo_sk = catalog_sales.cs_bill_cdemo_sk)
                           Filter: ((cd_gender = 'F'::bpchar) AND (cd_education_status = 'Primary'::bpchar))
                           Rows Removed by Filter: 1
                           Buffers: shared hit=308902 read=14406
               ->  Index Scan using customer_pkey on customer  (cost=0.43..7.35 rows=1 width=12) (actual time=0.016..0.016 rows=0 loops=1668)
                     Index Cond: (c_customer_sk = catalog_sales.cs_bill_customer_sk)
                     Filter: (c_birth_month = 10)
                     Rows Removed by Filter: 1
                     Buffers: shared hit=5855 read=809
         ->  Index Scan using customer_address_pkey on customer_address  (cost=0.42..7.35 rows=1 width=35) (actual time=0.020..0.020 rows=0 loops=244)
               Index Cond: (ca_address_sk = customer.c_current_addr_sk)
               Filter: (ca_state = ANY ('{AL,GA,KS}'::bpchar[]))
               Rows Removed by Filter: 1
               Buffers: shared hit=629 read=347
 Planning:
   Buffers: shared hit=454
 Planning Time: 2.800 ms
 Execution Time: 49152.691 ms
(53 rows)

