                                                                              QUERY PLAN                                                                               
-----------------------------------------------------------------------------------------------------------------------------------------------------------------------
 Aggregate  (cost=5995074.62..5995074.63 rows=1 width=268) (actual time=56604.536..56604.542 rows=1 loops=1)
   Buffers: shared hit=650423 read=3823016
   ->  Nested Loop  (cost=17220.72..5995074.59 rows=1 width=81) (actual time=1467.774..56604.489 rows=6 loops=1)
         Buffers: shared hit=650423 read=3823016
         ->  Nested Loop  (cost=17220.30..5994964.13 rows=15 width=54) (actual time=146.119..56601.410 rows=149 loops=1)
               Buffers: shared hit=650087 read=3822756
               ->  Nested Loop  (cost=17219.87..5993456.18 rows=205 width=54) (actual time=137.460..56499.824 rows=7001 loops=1)
                     Buffers: shared hit=623188 read=3821663
                     ->  Nested Loop  (cost=17219.44..5955368.80 rows=5179 width=50) (actual time=136.567..54118.695 rows=177632 loops=1)
                           Buffers: shared hit=21155 read=3713992
                           ->  Hash Join  (cost=17219.14..5913957.35 rows=1045077 width=54) (actual time=136.518..53559.076 rows=1523770 loops=1)
                                 Hash Cond: (catalog_sales.cs_item_sk = item.i_item_sk)
                                 Buffers: shared hit=14744 read=3713992
                                 ->  Seq Scan on catalog_sales  (cost=0.00..5874397.76 rows=8510470 width=41) (actual time=0.054..51354.819 rows=8494738 loops=1)
                                       Filter: ((cs_wholesale_cost >= '67'::numeric) AND (cs_wholesale_cost <= '72'::numeric))
                                       Rows Removed by Filter: 135497561
                                       Buffers: shared hit=388 read=3713992
                                 ->  Hash  (cost=16906.00..16906.00 rows=25051 width=21) (actual time=136.291..136.293 rows=24688 loops=1)
                                       Buckets: 32768  Batches: 1  Memory Usage: 1607kB
                                       Buffers: shared hit=14356
                                       ->  Seq Scan on item  (cost=0.00..16906.00 rows=25051 width=21) (actual time=0.016..129.126 rows=24688 loops=1)
                                             Filter: (i_category = 'Books'::bpchar)
                                             Rows Removed by Filter: 179312
                                             Buffers: shared hit=14356
                           ->  Memoize  (cost=0.30..7.22 rows=1 width=4) (actual time=0.000..0.000 rows=0 loops=1523770)
                                 Cache Key: catalog_sales.cs_sold_date_sk
                                 Cache Mode: logical
                                 Hits: 1521632  Misses: 2138  Evictions: 0  Overflows: 0  Memory Usage: 155kB
                                 Buffers: shared hit=6411
                                 ->  Index Scan using date_dim_pkey on date_dim  (cost=0.29..7.21 rows=1 width=4) (actual time=0.017..0.017 rows=0 loops=2138)
                                       Index Cond: (d_date_sk = catalog_sales.cs_sold_date_sk)
                                       Filter: (d_year = 1998)
                                       Rows Removed by Filter: 1
                                       Buffers: shared hit=6411
                     ->  Index Scan using customer_pkey on customer  (cost=0.43..7.35 rows=1 width=12) (actual time=0.013..0.013 rows=0 loops=177632)
                           Index Cond: (c_customer_sk = catalog_sales.cs_bill_customer_sk)
                           Filter: (c_birth_month = 9)
                           Rows Removed by Filter: 1
                           Buffers: shared hit=602033 read=107671
               ->  Index Scan using customer_demographics_pkey on customer_demographics  (cost=0.43..7.36 rows=1 width=8) (actual time=0.014..0.014 rows=0 loops=7001)
                     Index Cond: (cd_demo_sk = catalog_sales.cs_bill_cdemo_sk)
                     Filter: ((cd_gender = 'F'::bpchar) AND (cd_education_status = 'Primary'::bpchar))
                     Rows Removed by Filter: 1
                     Buffers: shared hit=26899 read=1093
         ->  Index Scan using customer_address_pkey on customer_address  (cost=0.42..7.36 rows=1 width=35) (actual time=0.019..0.019 rows=0 loops=149)
               Index Cond: (ca_address_sk = customer.c_current_addr_sk)
               Filter: (ca_state = ANY ('{IN,MS,VA}'::bpchar[]))
               Rows Removed by Filter: 1
               Buffers: shared hit=336 read=260
 Planning:
   Buffers: shared hit=454
 Planning Time: 2.857 ms
 Execution Time: 56604.945 ms
(53 rows)

