                                                                               QUERY PLAN                                                                               
------------------------------------------------------------------------------------------------------------------------------------------------------------------------
 Aggregate  (cost=6006162.27..6006162.28 rows=1 width=268) (actual time=54229.831..54229.836 rows=1 loops=1)
   Buffers: shared hit=651201 read=3816238
   ->  Nested Loop  (cost=17326.55..6006162.16 rows=4 width=81) (actual time=1830.064..54229.741 rows=11 loops=1)
         Buffers: shared hit=651201 read=3816238
         ->  Nested Loop  (cost=17326.12..6005941.41 rows=30 width=54) (actual time=186.257..54224.451 rows=231 loops=1)
               Buffers: shared hit=650650 read=3815865
               ->  Nested Loop  (cost=17325.69..6002807.81 rows=426 width=54) (actual time=178.349..54056.561 rows=11450 loops=1)
                     Buffers: shared hit=605800 read=3814939
                     ->  Nested Loop  (cost=17325.27..5957711.66 rows=6132 width=50) (actual time=177.954..51708.773 rows=171615 loops=1)
                           Buffers: shared hit=21248 read=3713899
                           ->  Hash Join  (cost=17324.96..5911492.70 rows=1237379 width=54) (actual time=177.897..51337.035 rows=946499 loops=1)
                                 Hash Cond: (catalog_sales.cs_item_sk = item.i_item_sk)
                                 Buffers: shared hit=14837 read=3713899
                                 ->  Seq Scan on catalog_sales  (cost=0.00..5874397.76 rows=7531262 width=41) (actual time=0.030..49429.118 rows=7518631 loops=1)
                                       Filter: ((cs_wholesale_cost >= '82'::numeric) AND (cs_wholesale_cost <= '87'::numeric))
                                       Rows Removed by Filter: 136473668
                                       Buffers: shared hit=481 read=3713899
                                 ->  Hash  (cost=16906.00..16906.00 rows=33517 width=21) (actual time=177.649..177.650 rows=33627 loops=1)
                                       Buckets: 65536  Batches: 1  Memory Usage: 2351kB
                                       Buffers: shared hit=14356
                                       ->  Seq Scan on item  (cost=0.00..16906.00 rows=33517 width=21) (actual time=0.019..165.719 rows=33627 loops=1)
                                             Filter: (i_category = 'Shoes'::bpchar)
                                             Rows Removed by Filter: 170373
                                             Buffers: shared hit=14356
                           ->  Memoize  (cost=0.30..7.22 rows=1 width=4) (actual time=0.000..0.000 rows=0 loops=946499)
                                 Cache Key: catalog_sales.cs_sold_date_sk
                                 Cache Mode: logical
                                 Hits: 944361  Misses: 2138  Evictions: 0  Overflows: 0  Memory Usage: 155kB
                                 Buffers: shared hit=6411
                                 ->  Index Scan using date_dim_pkey on date_dim  (cost=0.29..7.21 rows=1 width=4) (actual time=0.016..0.016 rows=0 loops=2138)
                                       Index Cond: (d_date_sk = catalog_sales.cs_sold_date_sk)
                                       Filter: (d_year = 1998)
                                       Rows Removed by Filter: 1
                                       Buffers: shared hit=6411
                     ->  Index Scan using customer_pkey on customer  (cost=0.43..7.35 rows=1 width=12) (actual time=0.013..0.013 rows=0 loops=171615)
                           Index Cond: (c_customer_sk = catalog_sales.cs_bill_customer_sk)
                           Filter: (c_birth_month = 12)
                           Rows Removed by Filter: 1
                           Buffers: shared hit=584552 read=101040
               ->  Index Scan using customer_demographics_pkey on customer_demographics  (cost=0.43..7.36 rows=1 width=8) (actual time=0.014..0.014 rows=0 loops=11450)
                     Index Cond: (cd_demo_sk = catalog_sales.cs_bill_cdemo_sk)
                     Filter: ((cd_gender = 'M'::bpchar) AND (cd_education_status = 'Secondary'::bpchar))
                     Rows Removed by Filter: 1
                     Buffers: shared hit=44850 read=926
         ->  Index Scan using customer_address_pkey on customer_address  (cost=0.42..7.36 rows=1 width=35) (actual time=0.022..0.022 rows=0 loops=231)
               Index Cond: (ca_address_sk = customer.c_current_addr_sk)
               Filter: (ca_state = ANY ('{LA,MS,TX}'::bpchar[]))
               Rows Removed by Filter: 1
               Buffers: shared hit=551 read=373
 Planning:
   Buffers: shared hit=454
 Planning Time: 1.672 ms
 Execution Time: 54230.164 ms
(53 rows)

