                                                                                  QUERY PLAN                                                                                   
-------------------------------------------------------------------------------------------------------------------------------------------------------------------------------
 Aggregate  (cost=6012599.71..6012599.72 rows=1 width=268) (actual time=59405.614..59405.621 rows=1 loops=1)
   Buffers: shared hit=1058202 read=3697341
   ->  Nested Loop  (cost=17180.68..6012599.52 rows=7 width=81) (actual time=14271.725..59405.047 rows=67 loops=1)
         Buffers: shared hit=1058202 read=3697341
         ->  Nested Loop  (cost=17180.26..6012224.39 rows=51 width=54) (actual time=14170.232..59376.637 rows=1073 loops=1)
               Buffers: shared hit=1055889 read=3695362
               ->  Nested Loop  (cost=17179.83..6009032.69 rows=434 width=50) (actual time=14152.876..59219.746 rows=9300 loops=1)
                     Buffers: shared hit=1023830 read=3690245
                     ->  Nested Loop  (cost=17179.40..5965706.92 rows=5890 width=50) (actual time=14152.851..55858.511 rows=245054 loops=1)
                           Buffers: shared hit=72582 read=3662565
                           ->  Hash Join  (cost=17179.10..5920708.90 rows=1188541 width=54) (actual time=142.257..55438.289 rows=983170 loops=1)
                                 Hash Cond: (catalog_sales.cs_item_sk = item.i_item_sk)
                                 Buffers: shared hit=66171 read=3662565
                                 ->  Seq Scan on catalog_sales  (cost=0.00..5874397.76 rows=11097691 width=41) (actual time=0.030..52854.296 rows=11458169 loops=1)
                                       Filter: ((cs_wholesale_cost >= '55'::numeric) AND (cs_wholesale_cost <= '60'::numeric))
                                       Rows Removed by Filter: 132534130
                                       Buffers: shared hit=66165 read=3648215
                                 ->  Hash  (cost=16906.00..16906.00 rows=21848 width=21) (actual time=142.029..142.030 rows=21811 loops=1)
                                       Buckets: 32768  Batches: 1  Memory Usage: 1449kB
                                       Buffers: shared hit=6 read=14350
                                       ->  Seq Scan on item  (cost=0.00..16906.00 rows=21848 width=21) (actual time=0.027..135.814 rows=21811 loops=1)
                                             Filter: (i_category = 'Sports'::bpchar)
                                             Rows Removed by Filter: 182189
                                             Buffers: shared hit=6 read=14350
                           ->  Memoize  (cost=0.30..7.22 rows=1 width=4) (actual time=0.000..0.000 rows=0 loops=983170)
                                 Cache Key: catalog_sales.cs_sold_date_sk
                                 Cache Mode: logical
                                 Hits: 981032  Misses: 2138  Evictions: 0  Overflows: 0  Memory Usage: 155kB
                                 Buffers: shared hit=6411
                                 ->  Index Scan using date_dim_pkey on date_dim  (cost=0.29..7.21 rows=1 width=4) (actual time=0.017..0.017 rows=0 loops=2138)
                                       Index Cond: (d_date_sk = catalog_sales.cs_sold_date_sk)
                                       Filter: (d_year = 2000)
                                       Rows Removed by Filter: 1
                                       Buffers: shared hit=6411
                     ->  Index Scan using customer_demographics_pkey on customer_demographics  (cost=0.43..7.36 rows=1 width=8) (actual time=0.013..0.013 rows=0 loops=245054)
                           Index Cond: (cd_demo_sk = catalog_sales.cs_bill_cdemo_sk)
                           Filter: ((cd_gender = 'F'::bpchar) AND (cd_education_status = '4 yr Degree'::bpchar))
                           Rows Removed by Filter: 1
                           Buffers: shared hit=951248 read=27680
               ->  Index Scan using customer_pkey on customer  (cost=0.43..7.35 rows=1 width=12) (actual time=0.016..0.016 rows=0 loops=9300)
                     Index Cond: (c_customer_sk = catalog_sales.cs_bill_customer_sk)
                     Filter: (c_birth_month = 8)
                     Rows Removed by Filter: 1
                     Buffers: shared hit=32059 read=5117
         ->  Index Scan using customer_address_pkey on customer_address  (cost=0.42..7.36 rows=1 width=35) (actual time=0.025..0.025 rows=0 loops=1073)
               Index Cond: (ca_address_sk = customer.c_current_addr_sk)
               Filter: (ca_state = ANY ('{CA,TX,VA}'::bpchar[]))
               Rows Removed by Filter: 1
               Buffers: shared hit=2313 read=1979
 Planning:
   Buffers: shared hit=407 read=47
 Planning Time: 2.375 ms
 Execution Time: 59406.007 ms
(53 rows)

