                                                                              QUERY PLAN                                                                               
-----------------------------------------------------------------------------------------------------------------------------------------------------------------------
 Aggregate  (cost=5903825.18..5903825.19 rows=1 width=268) (actual time=52735.547..52735.554 rows=1 loops=1)
   Buffers: shared hit=268739 read=3681523
   ->  Nested Loop  (cost=19612.06..5903825.15 rows=1 width=81) (actual time=33141.887..52735.517 rows=3 loops=1)
         Buffers: shared hit=268739 read=3681523
         ->  Nested Loop  (cost=19611.63..5903803.06 rows=3 width=54) (actual time=31223.535..52734.212 rows=58 loops=1)
               Buffers: shared hit=268614 read=3681416
               ->  Nested Loop  (cost=19611.20..5903523.51 rows=38 width=54) (actual time=31202.811..52696.995 rows=2556 loops=1)
                     Buffers: shared hit=258618 read=3681196
                     ->  Hash Join  (cost=19610.78..5897785.98 rows=780 width=50) (actual time=31196.843..51960.109 rows=52451 loops=1)
                           Hash Cond: (catalog_sales.cs_sold_date_sk = date_dim.d_date_sk)
                           Buffers: shared hit=88326 read=3641884
                           ->  Hash Join  (cost=17219.14..5894981.19 rows=157381 width=54) (actual time=109.441..51908.005 rows=217677 loops=1)
                                 Hash Cond: (catalog_sales.cs_item_sk = item.i_item_sk)
                                 Buffers: shared hit=88284 read=3640452
                                 ->  Seq Scan on catalog_sales  (cost=0.00..5874397.76 rows=1281611 width=41) (actual time=0.056..51423.369 rows=1213654 loops=1)
                                       Filter: ((cs_wholesale_cost >= '18'::numeric) AND (cs_wholesale_cost <= '23'::numeric))
                                       Rows Removed by Filter: 142778645
                                       Buffers: shared hit=73928 read=3640452
                                 ->  Hash  (cost=16906.00..16906.00 rows=25051 width=21) (actual time=107.755..107.756 rows=24688 loops=1)
                                       Buckets: 32768  Batches: 1  Memory Usage: 1607kB
                                       Buffers: shared hit=14356
                                       ->  Seq Scan on item  (cost=0.00..16906.00 rows=25051 width=21) (actual time=0.009..102.352 rows=24688 loops=1)
                                             Filter: (i_category = 'Books'::bpchar)
                                             Rows Removed by Filter: 179312
                                             Buffers: shared hit=14356
                           ->  Hash  (cost=2387.11..2387.11 rows=362 width=4) (actual time=19.204..19.205 rows=365 loops=1)
                                 Buckets: 1024  Batches: 1  Memory Usage: 21kB
                                 Buffers: shared hit=42 read=1432
                                 ->  Seq Scan on date_dim  (cost=0.00..2387.11 rows=362 width=4) (actual time=11.384..19.142 rows=365 loops=1)
                                       Filter: (d_year = 2002)
                                       Rows Removed by Filter: 72684
                                       Buffers: shared hit=42 read=1432
                     ->  Index Scan using customer_pkey on customer  (cost=0.43..7.36 rows=1 width=12) (actual time=0.014..0.014 rows=0 loops=52451)
                           Index Cond: (c_customer_sk = catalog_sales.cs_bill_customer_sk)
                           Filter: (c_birth_month = 7)
                           Rows Removed by Filter: 1
                           Buffers: shared hit=170292 read=39312
               ->  Index Scan using customer_demographics_pkey on customer_demographics  (cost=0.43..7.36 rows=1 width=8) (actual time=0.014..0.014 rows=0 loops=2556)
                     Index Cond: (cd_demo_sk = catalog_sales.cs_bill_cdemo_sk)
                     Filter: ((cd_gender = 'F'::bpchar) AND (cd_education_status = 'Primary'::bpchar))
                     Rows Removed by Filter: 1
                     Buffers: shared hit=9996 read=220
         ->  Index Scan using customer_address_pkey on customer_address  (cost=0.42..7.36 rows=1 width=35) (actual time=0.021..0.021 rows=0 loops=58)
               Index Cond: (ca_address_sk = customer.c_current_addr_sk)
               Filter: (ca_state = ANY ('{MN,NE,WI}'::bpchar[]))
               Rows Removed by Filter: 1
               Buffers: shared hit=125 read=107
 Planning:
   Buffers: shared hit=454
 Planning Time: 3.945 ms
 Execution Time: 52736.025 ms
(51 rows)

