                                                                             QUERY PLAN                                                                              
---------------------------------------------------------------------------------------------------------------------------------------------------------------------
 Aggregate  (cost=5913563.66..5913563.67 rows=1 width=268) (actual time=53234.091..53234.095 rows=1 loops=1)
   Buffers: shared hit=117728 read=3631392
   ->  Nested Loop  (cost=17019.78..5913563.63 rows=1 width=81) (actual time=53234.084..53234.089 rows=0 loops=1)
         Buffers: shared hit=117728 read=3631392
         ->  Nested Loop  (cost=17019.36..5913556.24 rows=1 width=54) (actual time=1526.971..53233.986 rows=4 loops=1)
               Buffers: shared hit=117720 read=3631384
               ->  Nested Loop  (cost=17018.93..5913526.82 rows=4 width=54) (actual time=192.937..53232.643 rows=60 loops=1)
                     Buffers: shared hit=117485 read=3631379
                     ->  Nested Loop  (cost=17018.50..5911474.54 rows=279 width=50) (actual time=110.646..53165.067 rows=3441 loops=1)
                           Buffers: shared hit=106902 read=3628230
                           ->  Hash Join  (cost=17018.20..5894780.26 rows=56391 width=54) (actual time=110.598..53093.308 rows=26383 loops=1)
                                 Hash Cond: (catalog_sales.cs_item_sk = item.i_item_sk)
                                 Buffers: shared hit=100506 read=3628230
                                 ->  Seq Scan on catalog_sales  (cost=0.00..5874397.76 rows=1281611 width=41) (actual time=0.465..52694.512 rows=1213654 loops=1)
                                       Filter: ((cs_wholesale_cost >= '17'::numeric) AND (cs_wholesale_cost <= '22'::numeric))
                                       Rows Removed by Filter: 142778645
                                       Buffers: shared hit=86150 read=3628230
                                 ->  Hash  (cost=16906.00..16906.00 rows=8976 width=21) (actual time=105.852..105.853 rows=8826 loops=1)
                                       Buckets: 16384  Batches: 1  Memory Usage: 611kB
                                       Buffers: shared hit=14356
                                       ->  Seq Scan on item  (cost=0.00..16906.00 rows=8976 width=21) (actual time=0.014..103.553 rows=8826 loops=1)
                                             Filter: (i_category = 'Jewelry'::bpchar)
                                             Rows Removed by Filter: 195174
                                             Buffers: shared hit=14356
                           ->  Memoize  (cost=0.30..7.22 rows=1 width=4) (actual time=0.002..0.002 rows=0 loops=26383)
                                 Cache Key: catalog_sales.cs_sold_date_sk
                                 Cache Mode: logical
                                 Hits: 24250  Misses: 2133  Evictions: 0  Overflows: 0  Memory Usage: 155kB
                                 Buffers: shared hit=6396
                                 ->  Index Scan using date_dim_pkey on date_dim  (cost=0.29..7.21 rows=1 width=4) (actual time=0.017..0.017 rows=0 loops=2133)
                                       Index Cond: (d_date_sk = catalog_sales.cs_sold_date_sk)
                                       Filter: (d_year = 1998)
                                       Rows Removed by Filter: 1
                                       Buffers: shared hit=6396
                     ->  Index Scan using customer_pkey on customer  (cost=0.43..7.36 rows=1 width=12) (actual time=0.019..0.019 rows=0 loops=3441)
                           Index Cond: (c_customer_sk = catalog_sales.cs_bill_customer_sk)
                           Filter: (c_birth_month = 5)
                           Rows Removed by Filter: 1
                           Buffers: shared hit=10583 read=3149
               ->  Index Scan using customer_demographics_pkey on customer_demographics  (cost=0.43..7.36 rows=1 width=8) (actual time=0.021..0.021 rows=0 loops=60)
                     Index Cond: (cd_demo_sk = catalog_sales.cs_bill_cdemo_sk)
                     Filter: ((cd_gender = 'M'::bpchar) AND (cd_education_status = 'Advanced Degree'::bpchar))
                     Rows Removed by Filter: 1
                     Buffers: shared hit=235 read=5
         ->  Index Scan using customer_address_pkey on customer_address  (cost=0.42..7.39 rows=1 width=35) (actual time=0.024..0.024 rows=0 loops=4)
               Index Cond: (ca_address_sk = customer.c_current_addr_sk)
               Filter: (ca_state = ANY ('{AL,GA,NC}'::bpchar[]))
               Rows Removed by Filter: 1
               Buffers: shared hit=8 read=8
 Planning:
   Buffers: shared hit=454
 Planning Time: 2.404 ms
 Execution Time: 53234.492 ms
(53 rows)

