                                                                                  QUERY PLAN                                                                                  
------------------------------------------------------------------------------------------------------------------------------------------------------------------------------
 Aggregate  (cost=5985366.31..5985366.32 rows=1 width=268) (actual time=56838.169..56838.174 rows=1 loops=1)
   Buffers: shared hit=493039 read=3683276
   ->  Nested Loop  (cost=17045.03..5985366.17 rows=5 width=81) (actual time=132.121..56837.094 rows=172 loops=1)
         Buffers: shared hit=493039 read=3683276
         ->  Nested Loop  (cost=17044.61..5985064.65 rows=41 width=54) (actual time=126.825..56780.218 rows=3104 loops=1)
               Buffers: shared hit=486528 read=3677371
               ->  Nested Loop  (cost=17044.18..5983277.61 rows=243 width=50) (actual time=102.864..56518.681 rows=18092 loops=1)
                     Buffers: shared hit=431156 read=3660399
                     ->  Nested Loop  (cost=17043.75..5957944.21 rows=3444 width=50) (actual time=102.771..55468.525 rows=89227 loops=1)
                           Buffers: shared hit=81547 read=3653600
                           ->  Hash Join  (cost=17043.45..5925285.79 rows=694953 width=54) (actual time=102.726..55151.072 rows=760645 loops=1)
                                 Hash Cond: (catalog_sales.cs_item_sk = item.i_item_sk)
                                 Buffers: shared hit=75136 read=3653600
                                 ->  Seq Scan on catalog_sales  (cost=0.00..5874397.76 rows=12892906 width=41) (actual time=0.200..52700.802 rows=12722112 loops=1)
                                       Filter: ((cs_wholesale_cost >= '34'::numeric) AND (cs_wholesale_cost <= '39'::numeric))
                                       Rows Removed by Filter: 131270187
                                       Buffers: shared hit=60780 read=3653600
                                 ->  Hash  (cost=16906.00..16906.00 rows=10996 width=21) (actual time=102.214..102.215 rows=11037 loops=1)
                                       Buckets: 16384  Batches: 1  Memory Usage: 732kB
                                       Buffers: shared hit=14356
                                       ->  Seq Scan on item  (cost=0.00..16906.00 rows=10996 width=21) (actual time=0.026..99.362 rows=11037 loops=1)
                                             Filter: (i_category = 'Women'::bpchar)
                                             Rows Removed by Filter: 192963
                                             Buffers: shared hit=14356
                           ->  Memoize  (cost=0.30..7.22 rows=1 width=4) (actual time=0.000..0.000 rows=0 loops=760645)
                                 Cache Key: catalog_sales.cs_sold_date_sk
                                 Cache Mode: logical
                                 Hits: 758507  Misses: 2138  Evictions: 0  Overflows: 0  Memory Usage: 155kB
                                 Buffers: shared hit=6411
                                 ->  Index Scan using date_dim_pkey on date_dim  (cost=0.29..7.21 rows=1 width=4) (actual time=0.017..0.017 rows=0 loops=2138)
                                       Index Cond: (d_date_sk = catalog_sales.cs_sold_date_sk)
                                       Filter: (d_year = 1998)
                                       Rows Removed by Filter: 1
                                       Buffers: shared hit=6411
                     ->  Index Scan using customer_demographics_pkey on customer_demographics  (cost=0.43..7.36 rows=1 width=8) (actual time=0.011..0.011 rows=0 loops=89227)
                           Index Cond: (cd_demo_sk = catalog_sales.cs_bill_cdemo_sk)
                           Filter: ((cd_gender = 'M'::bpchar) AND (cd_education_status = '2 yr Degree'::bpchar))
                           Rows Removed by Filter: 1
                           Buffers: shared hit=349609 read=6799
               ->  Index Scan using customer_pkey on customer  (cost=0.43..7.35 rows=1 width=12) (actual time=0.014..0.014 rows=0 loops=18092)
                     Index Cond: (c_customer_sk = catalog_sales.cs_bill_customer_sk)
                     Filter: (c_birth_month = 4)
                     Rows Removed by Filter: 1
                     Buffers: shared hit=55372 read=16972
         ->  Index Scan using customer_address_pkey on customer_address  (cost=0.42..7.35 rows=1 width=35) (actual time=0.018..0.018 rows=0 loops=3104)
               Index Cond: (ca_address_sk = customer.c_current_addr_sk)
               Filter: (ca_state = ANY ('{NE,OK,TX}'::bpchar[]))
               Rows Removed by Filter: 1
               Buffers: shared hit=6511 read=5905
 Planning:
   Buffers: shared hit=454
 Planning Time: 1.636 ms
 Execution Time: 56838.469 ms
(53 rows)

