                                                                                  QUERY PLAN                                                                                  
------------------------------------------------------------------------------------------------------------------------------------------------------------------------------
 Aggregate  (cost=5946490.11..5946490.12 rows=1 width=268) (actual time=50609.408..50609.414 rows=1 loops=1)
   Buffers: shared hit=324246 read=3647289
   ->  Nested Loop  (cost=17242.40..5946490.09 rows=1 width=81) (actual time=606.996..50609.244 rows=22 loops=1)
         Buffers: shared hit=324246 read=3647289
         ->  Nested Loop  (cost=17241.97..5946387.08 rows=14 width=54) (actual time=147.532..50599.716 rows=456 loops=1)
               Buffers: shared hit=323290 read=3646421
               ->  Nested Loop  (cost=17241.54..5945166.22 rows=166 width=50) (actual time=126.998..50514.940 rows=5554 loops=1)
                     Buffers: shared hit=306178 read=3641337
                     ->  Nested Loop  (cost=17241.12..5928048.74 rows=2327 width=50) (actual time=123.933..49879.795 rows=53162 loops=1)
                           Buffers: shared hit=99385 read=3635762
                           ->  Hash Join  (cost=17240.81..5901025.85 rows=469529 width=54) (actual time=123.890..49702.992 rows=341979 loops=1)
                                 Hash Cond: (catalog_sales.cs_item_sk = item.i_item_sk)
                                 Buffers: shared hit=92974 read=3635762
                                 ->  Seq Scan on catalog_sales  (cost=0.00..5874397.76 rows=3576029 width=41) (actual time=0.476..48659.961 rows=3595775 loops=1)
                                       Filter: ((cs_wholesale_cost >= '78'::numeric) AND (cs_wholesale_cost <= '83'::numeric))
                                       Rows Removed by Filter: 140396524
                                       Buffers: shared hit=78621 read=3635759
                                 ->  Hash  (cost=16906.00..16906.00 rows=26785 width=21) (actual time=123.255..123.256 rows=26695 loops=1)
                                       Buckets: 32768  Batches: 1  Memory Usage: 1716kB
                                       Buffers: shared hit=14353 read=3
                                       ->  Seq Scan on item  (cost=0.00..16906.00 rows=26785 width=21) (actual time=0.008..116.292 rows=26695 loops=1)
                                             Filter: (i_category = 'Children'::bpchar)
                                             Rows Removed by Filter: 177305
                                             Buffers: shared hit=14353 read=3
                           ->  Memoize  (cost=0.30..7.22 rows=1 width=4) (actual time=0.000..0.000 rows=0 loops=341979)
                                 Cache Key: catalog_sales.cs_sold_date_sk
                                 Cache Mode: logical
                                 Hits: 339841  Misses: 2138  Evictions: 0  Overflows: 0  Memory Usage: 155kB
                                 Buffers: shared hit=6411
                                 ->  Index Scan using date_dim_pkey on date_dim  (cost=0.29..7.21 rows=1 width=4) (actual time=0.016..0.016 rows=0 loops=2138)
                                       Index Cond: (d_date_sk = catalog_sales.cs_sold_date_sk)
                                       Filter: (d_year = 1998)
                                       Rows Removed by Filter: 1
                                       Buffers: shared hit=6411
                     ->  Index Scan using customer_demographics_pkey on customer_demographics  (cost=0.43..7.36 rows=1 width=8) (actual time=0.012..0.012 rows=0 loops=53162)
                           Index Cond: (cd_demo_sk = catalog_sales.cs_bill_cdemo_sk)
                           Filter: ((cd_gender = 'M'::bpchar) AND (cd_education_status = 'College'::bpchar))
                           Rows Removed by Filter: 1
                           Buffers: shared hit=206793 read=5575
               ->  Index Scan using customer_pkey on customer  (cost=0.43..7.35 rows=1 width=12) (actual time=0.015..0.015 rows=0 loops=5554)
                     Index Cond: (c_customer_sk = catalog_sales.cs_bill_customer_sk)
                     Filter: (c_birth_month = 11)
                     Rows Removed by Filter: 1
                     Buffers: shared hit=17112 read=5084
         ->  Index Scan using customer_address_pkey on customer_address  (cost=0.42..7.36 rows=1 width=35) (actual time=0.020..0.020 rows=0 loops=456)
               Index Cond: (ca_address_sk = customer.c_current_addr_sk)
               Filter: (ca_state = ANY ('{FL,IL,ND}'::bpchar[]))
               Rows Removed by Filter: 1
               Buffers: shared hit=956 read=868
 Planning:
   Buffers: shared hit=454
 Planning Time: 1.612 ms
 Execution Time: 50609.728 ms
(53 rows)

