                                                                              QUERY PLAN                                                                               
-----------------------------------------------------------------------------------------------------------------------------------------------------------------------
 Aggregate  (cost=5947340.82..5947340.83 rows=1 width=268) (actual time=51451.954..51451.960 rows=1 loops=1)
   Buffers: shared hit=163298 read=3693677
   ->  Nested Loop  (cost=17045.03..5947340.79 rows=1 width=81) (actual time=13901.424..51451.859 rows=11 loops=1)
         Buffers: shared hit=163298 read=3693677
         ->  Nested Loop  (cost=17044.61..5947296.62 rows=6 width=54) (actual time=13901.376..51445.569 rows=284 loops=1)
               Buffers: shared hit=162664 read=3693175
               ->  Nested Loop  (cost=17044.18..5946649.30 rows=88 width=54) (actual time=13885.802..51422.587 rows=1315 loops=1)
                     Buffers: shared hit=157606 read=3692977
                     ->  Nested Loop  (cost=17043.75..5933441.03 rows=1796 width=50) (actual time=13884.921..51012.598 rows=28884 loops=1)
                           Buffers: shared hit=44863 read=3690284
                           ->  Hash Join  (cost=17043.45..5909094.32 rows=362483 width=54) (actual time=132.360..50814.244 rows=404633 loops=1)
                                 Hash Cond: (catalog_sales.cs_item_sk = item.i_item_sk)
                                 Buffers: shared hit=38953 read=3689783
                                 ->  Seq Scan on catalog_sales  (cost=0.00..5874397.76 rows=6724855 width=41) (actual time=0.045..49280.003 rows=6763882 loops=1)
                                       Filter: ((cs_wholesale_cost >= '72'::numeric) AND (cs_wholesale_cost <= '77'::numeric))
                                       Rows Removed by Filter: 137228417
                                       Buffers: shared hit=38934 read=3675446
                                 ->  Hash  (cost=16906.00..16906.00 rows=10996 width=21) (actual time=131.900..131.901 rows=11037 loops=1)
                                       Buckets: 16384  Batches: 1  Memory Usage: 732kB
                                       Buffers: shared hit=19 read=14337
                                       ->  Seq Scan on item  (cost=0.00..16906.00 rows=10996 width=21) (actual time=0.073..128.636 rows=11037 loops=1)
                                             Filter: (i_category = 'Women'::bpchar)
                                             Rows Removed by Filter: 192963
                                             Buffers: shared hit=19 read=14337
                           ->  Memoize  (cost=0.30..7.22 rows=1 width=4) (actual time=0.000..0.000 rows=0 loops=404633)
                                 Cache Key: catalog_sales.cs_sold_date_sk
                                 Cache Mode: logical
                                 Hits: 402495  Misses: 2138  Evictions: 0  Overflows: 0  Memory Usage: 155kB
                                 Buffers: shared hit=5910 read=501
                                 ->  Index Scan using date_dim_pkey on date_dim  (cost=0.29..7.21 rows=1 width=4) (actual time=0.018..0.018 rows=0 loops=2138)
                                       Index Cond: (d_date_sk = catalog_sales.cs_sold_date_sk)
                                       Filter: (d_year = 2000)
                                       Rows Removed by Filter: 1
                                       Buffers: shared hit=5910 read=501
                     ->  Index Scan using customer_pkey on customer  (cost=0.43..7.35 rows=1 width=12) (actual time=0.014..0.014 rows=0 loops=28884)
                           Index Cond: (c_customer_sk = catalog_sales.cs_bill_customer_sk)
                           Filter: (c_birth_month = 7)
                           Rows Removed by Filter: 1
                           Buffers: shared hit=112743 read=2693
               ->  Index Scan using customer_demographics_pkey on customer_demographics  (cost=0.43..7.36 rows=1 width=8) (actual time=0.016..0.016 rows=0 loops=1315)
                     Index Cond: (cd_demo_sk = catalog_sales.cs_bill_cdemo_sk)
                     Filter: ((cd_gender = 'M'::bpchar) AND (cd_education_status = '2 yr Degree'::bpchar))
                     Rows Removed by Filter: 1
                     Buffers: shared hit=5058 read=198
         ->  Index Scan using customer_address_pkey on customer_address  (cost=0.42..7.36 rows=1 width=35) (actual time=0.021..0.021 rows=0 loops=284)
               Index Cond: (ca_address_sk = customer.c_current_addr_sk)
               Filter: (ca_state = ANY ('{MI,MN,MS}'::bpchar[]))
               Rows Removed by Filter: 1
               Buffers: shared hit=634 read=502
 Planning:
   Buffers: shared hit=407 read=47
 Planning Time: 4.843 ms
 Execution Time: 51452.433 ms
(53 rows)

