                                                                              QUERY PLAN                                                                              
----------------------------------------------------------------------------------------------------------------------------------------------------------------------
 Aggregate  (cost=5938869.94..5938869.95 rows=1 width=268) (actual time=52932.883..52932.889 rows=1 loops=1)
   Buffers: shared hit=115513 read=3662550
   ->  Nested Loop  (cost=16954.16..5938869.91 rows=1 width=81) (actual time=52932.878..52932.883 rows=0 loops=1)
         Buffers: shared hit=115513 read=3662550
         ->  Nested Loop  (cost=16953.73..5938847.83 rows=3 width=54) (actual time=7920.056..52932.487 rows=11 loops=1)
               Buffers: shared hit=115489 read=3662530
               ->  Nested Loop  (cost=16953.31..5938524.18 rows=44 width=54) (actual time=7068.036..52921.023 rows=603 loops=1)
                     Buffers: shared hit=113328 read=3662279
                     ->  Nested Loop  (cost=16952.88..5932861.45 rows=770 width=50) (actual time=7041.846..52747.388 rows=10131 loops=1)
                           Buffers: shared hit=74393 read=3660754
                           ->  Hash Join  (cost=16952.58..5913690.79 rows=155441 width=54) (actual time=116.019..52646.409 rows=76656 loops=1)
                                 Hash Cond: (catalog_sales.cs_item_sk = item.i_item_sk)
                                 Buffers: shared hit=68136 read=3660600
                                 ->  Seq Scan on catalog_sales  (cost=0.00..5874397.76 rows=8510470 width=41) (actual time=0.026..51032.412 rows=8494738 loops=1)
                                       Filter: ((cs_wholesale_cost >= '65'::numeric) AND (cs_wholesale_cost <= '70'::numeric))
                                       Rows Removed by Filter: 135497561
                                       Buffers: shared hit=53780 read=3660600
                                 ->  Hash  (cost=16906.00..16906.00 rows=3726 width=21) (actual time=115.127..115.128 rows=3713 loops=1)
                                       Buckets: 4096  Batches: 1  Memory Usage: 236kB
                                       Buffers: shared hit=14356
                                       ->  Seq Scan on item  (cost=0.00..16906.00 rows=3726 width=21) (actual time=0.024..113.991 rows=3713 loops=1)
                                             Filter: (i_category = 'Music'::bpchar)
                                             Rows Removed by Filter: 200287
                                             Buffers: shared hit=14356
                           ->  Memoize  (cost=0.30..7.22 rows=1 width=4) (actual time=0.001..0.001 rows=0 loops=76656)
                                 Cache Key: catalog_sales.cs_sold_date_sk
                                 Cache Mode: logical
                                 Hits: 74518  Misses: 2138  Evictions: 0  Overflows: 0  Memory Usage: 155kB
                                 Buffers: shared hit=6257 read=154
                                 ->  Index Scan using date_dim_pkey on date_dim  (cost=0.29..7.21 rows=1 width=4) (actual time=0.020..0.020 rows=0 loops=2138)
                                       Index Cond: (d_date_sk = catalog_sales.cs_sold_date_sk)
                                       Filter: (d_year = 1999)
                                       Rows Removed by Filter: 1
                                       Buffers: shared hit=6257 read=154
                     ->  Index Scan using customer_pkey on customer  (cost=0.43..7.35 rows=1 width=12) (actual time=0.017..0.017 rows=0 loops=10131)
                           Index Cond: (c_customer_sk = catalog_sales.cs_bill_customer_sk)
                           Filter: (c_birth_month = 3)
                           Rows Removed by Filter: 1
                           Buffers: shared hit=38935 read=1525
               ->  Index Scan using customer_demographics_pkey on customer_demographics  (cost=0.43..7.36 rows=1 width=8) (actual time=0.018..0.018 rows=0 loops=603)
                     Index Cond: (cd_demo_sk = catalog_sales.cs_bill_cdemo_sk)
                     Filter: ((cd_gender = 'F'::bpchar) AND (cd_education_status = 'Secondary'::bpchar))
                     Rows Removed by Filter: 1
                     Buffers: shared hit=2161 read=251
         ->  Index Scan using customer_address_pkey on customer_address  (cost=0.42..7.36 rows=1 width=35) (actual time=0.034..0.034 rows=0 loops=11)
               Index Cond: (ca_address_sk = customer.c_current_addr_sk)
               Filter: (ca_state = ANY ('{IL,MI,MS}'::bpchar[]))
               Rows Removed by Filter: 1
               Buffers: shared hit=24 read=20
 Planning:
   Buffers: shared hit=454
 Planning Time: 1.661 ms
 Execution Time: 52933.173 ms
(53 rows)

