                                                                                  QUERY PLAN                                                                                   
-------------------------------------------------------------------------------------------------------------------------------------------------------------------------------
 Aggregate  (cost=6049657.31..6049657.32 rows=1 width=268) (actual time=57921.926..57921.931 rows=1 loops=1)
   Buffers: shared hit=592521 read=3735918
   ->  Nested Loop  (cost=17242.40..6049657.20 rows=4 width=81) (actual time=24130.271..57921.591 rows=51 loops=1)
         Buffers: shared hit=592521 read=3735918
         ->  Nested Loop  (cost=17241.97..6049149.67 rows=69 width=54) (actual time=24069.189..57905.136 rows=844 loops=1)
               Buffers: shared hit=590696 read=3734367
               ->  Nested Loop  (cost=17241.54..6044796.04 rows=592 width=50) (actual time=24063.976..57805.736 rows=7049 loops=1)
                     Buffers: shared hit=564517 read=3732366
                     ->  Nested Loop  (cost=17241.12..5983088.20 rows=8389 width=50) (actual time=24062.403..56213.614 rows=140602 loops=1)
                           Buffers: shared hit=45895 read=3689252
                           ->  Hash Join  (cost=17240.81..5925483.15 rows=1692826 width=54) (actual time=144.758..55756.982 rows=1209340 loops=1)
                                 Hash Cond: (catalog_sales.cs_item_sk = item.i_item_sk)
                                 Buffers: shared hit=39614 read=3689122
                                 ->  Seq Scan on catalog_sales  (cost=0.00..5874397.76 rows=12892906 width=41) (actual time=0.023..52873.877 rows=12722112 loops=1)
                                       Filter: ((cs_wholesale_cost >= '36'::numeric) AND (cs_wholesale_cost <= '41'::numeric))
                                       Rows Removed by Filter: 131270187
                                       Buffers: shared hit=25258 read=3689122
                                 ->  Hash  (cost=16906.00..16906.00 rows=26785 width=21) (actual time=144.569..144.569 rows=26695 loops=1)
                                       Buckets: 32768  Batches: 1  Memory Usage: 1716kB
                                       Buffers: shared hit=14356
                                       ->  Seq Scan on item  (cost=0.00..16906.00 rows=26785 width=21) (actual time=0.008..137.768 rows=26695 loops=1)
                                             Filter: (i_category = 'Children'::bpchar)
                                             Rows Removed by Filter: 177305
                                             Buffers: shared hit=14356
                           ->  Memoize  (cost=0.30..7.22 rows=1 width=4) (actual time=0.000..0.000 rows=0 loops=1209340)
                                 Cache Key: catalog_sales.cs_sold_date_sk
                                 Cache Mode: logical
                                 Hits: 1207202  Misses: 2138  Evictions: 0  Overflows: 0  Memory Usage: 155kB
                                 Buffers: shared hit=6281 read=130
                                 ->  Index Scan using date_dim_pkey on date_dim  (cost=0.29..7.21 rows=1 width=4) (actual time=0.017..0.017 rows=0 loops=2138)
                                       Index Cond: (d_date_sk = catalog_sales.cs_sold_date_sk)
                                       Filter: (d_year = 2001)
                                       Rows Removed by Filter: 1
                                       Buffers: shared hit=6281 read=130
                     ->  Index Scan using customer_demographics_pkey on customer_demographics  (cost=0.43..7.36 rows=1 width=8) (actual time=0.011..0.011 rows=0 loops=140602)
                           Index Cond: (cd_demo_sk = catalog_sales.cs_bill_cdemo_sk)
                           Filter: ((cd_gender = 'F'::bpchar) AND (cd_education_status = 'College'::bpchar))
                           Rows Removed by Filter: 1
                           Buffers: shared hit=518622 read=43114
               ->  Index Scan using customer_pkey on customer  (cost=0.43..7.35 rows=1 width=12) (actual time=0.014..0.014 rows=0 loops=7049)
                     Index Cond: (c_customer_sk = catalog_sales.cs_bill_customer_sk)
                     Filter: (c_birth_month = 8)
                     Rows Removed by Filter: 1
                     Buffers: shared hit=26179 read=2001
         ->  Index Scan using customer_address_pkey on customer_address  (cost=0.42..7.36 rows=1 width=35) (actual time=0.018..0.018 rows=0 loops=844)
               Index Cond: (ca_address_sk = customer.c_current_addr_sk)
               Filter: (ca_state = ANY ('{IL,ND,PA}'::bpchar[]))
               Rows Removed by Filter: 1
               Buffers: shared hit=1825 read=1551
 Planning:
   Buffers: shared hit=454
 Planning Time: 1.979 ms
 Execution Time: 57922.262 ms
(53 rows)

