                                                                                  QUERY PLAN                                                                                   
-------------------------------------------------------------------------------------------------------------------------------------------------------------------------------
 Aggregate  (cost=6036214.22..6036214.23 rows=1 width=268) (actual time=59255.078..59255.083 rows=1 loops=1)
   Buffers: shared hit=1134655 read=3695911
   ->  Nested Loop  (cost=19717.88..6036213.87 rows=13 width=81) (actual time=23184.340..59254.777 rows=40 loops=1)
         Buffers: shared hit=1134655 read=3695911
         ->  Nested Loop  (cost=19717.46..6035294.51 rows=125 width=54) (actual time=22865.433..59236.721 rows=823 loops=1)
               Buffers: shared hit=1132848 read=3694426
               ->  Nested Loop  (cost=19717.03..6028661.14 rows=902 width=50) (actual time=22851.223..59128.477 rows=5603 loops=1)
                     Buffers: shared hit=1113819 read=3691051
                     ->  Hash Join  (cost=19716.60..5935257.32 rows=12698 width=50) (actual time=22842.158..55666.955 rows=269036 loops=1)
                           Hash Cond: (catalog_sales.cs_item_sk = item.i_item_sk)
                           Buffers: shared hit=73824 read=3656386
                           ->  Hash Join  (cost=2391.64..5917729.49 rows=77284 width=37) (actual time=22720.694..55028.019 rows=2635041 loops=1)
                                 Hash Cond: (catalog_sales.cs_sold_date_sk = date_dim.d_date_sk)
                                 Buffers: shared hit=59470 read=3656384
                                 ->  Seq Scan on catalog_sales  (cost=0.00..5874397.76 rows=15595328 width=41) (actual time=0.166..53066.798 rows=15696054 loops=1)
                                       Filter: ((cs_wholesale_cost >= '25'::numeric) AND (cs_wholesale_cost <= '30'::numeric))
                                       Rows Removed by Filter: 128296245
                                       Buffers: shared hit=59430 read=3654950
                                 ->  Hash  (cost=2387.11..2387.11 rows=362 width=4) (actual time=18.341..18.342 rows=365 loops=1)
                                       Buckets: 1024  Batches: 1  Memory Usage: 21kB
                                       Buffers: shared hit=40 read=1434
                                       ->  Seq Scan on date_dim  (cost=0.00..2387.11 rows=362 width=4) (actual time=9.829..18.276 rows=365 loops=1)
                                             Filter: (d_year = 2001)
                                             Rows Removed by Filter: 72684
                                             Buffers: shared hit=40 read=1434
                           ->  Hash  (cost=16906.00..16906.00 rows=33517 width=21) (actual time=121.188..121.189 rows=33627 loops=1)
                                 Buckets: 65536  Batches: 1  Memory Usage: 2351kB
                                 Buffers: shared hit=14354 read=2
                                 ->  Seq Scan on item  (cost=0.00..16906.00 rows=33517 width=21) (actual time=0.025..112.605 rows=33627 loops=1)
                                       Filter: (i_category = 'Shoes'::bpchar)
                                       Rows Removed by Filter: 170373
                                       Buffers: shared hit=14354 read=2
                     ->  Index Scan using customer_demographics_pkey on customer_demographics  (cost=0.43..7.36 rows=1 width=8) (actual time=0.013..0.013 rows=0 loops=269036)
                           Index Cond: (cd_demo_sk = catalog_sales.cs_bill_cdemo_sk)
                           Filter: ((cd_gender = 'M'::bpchar) AND (cd_education_status = 'Secondary'::bpchar))
                           Rows Removed by Filter: 1
                           Buffers: shared hit=1039995 read=34665
               ->  Index Scan using customer_pkey on customer  (cost=0.43..7.35 rows=1 width=12) (actual time=0.019..0.019 rows=0 loops=5603)
                     Index Cond: (c_customer_sk = catalog_sales.cs_bill_customer_sk)
                     Filter: (c_birth_month = 10)
                     Rows Removed by Filter: 1
                     Buffers: shared hit=19029 read=3375
         ->  Index Scan using customer_address_pkey on customer_address  (cost=0.42..7.35 rows=1 width=35) (actual time=0.021..0.021 rows=0 loops=823)
               Index Cond: (ca_address_sk = customer.c_current_addr_sk)
               Filter: (ca_state = ANY ('{AL,GA,MO}'::bpchar[]))
               Rows Removed by Filter: 1
               Buffers: shared hit=1807 read=1485
 Planning:
   Buffers: shared hit=454
 Planning Time: 5.053 ms
 Execution Time: 59255.600 ms
(51 rows)

