                                                                                  QUERY PLAN                                                                                   
-------------------------------------------------------------------------------------------------------------------------------------------------------------------------------
 Aggregate  (cost=6007642.99..6007643.00 rows=1 width=268) (actual time=52347.346..52347.352 rows=1 loops=1)
   Buffers: shared hit=529502 read=3660461
   ->  Nested Loop  (cost=17180.68..6007642.91 rows=3 width=81) (actual time=7071.885..52347.155 rows=30 loops=1)
         Buffers: shared hit=529502 read=3660461
         ->  Nested Loop  (cost=17180.26..6007356.01 rows=39 width=54) (actual time=6904.992..52334.916 rows=574 loops=1)
               Buffers: shared hit=528262 read=3659405
               ->  Nested Loop  (cost=17179.83..6004436.42 rows=397 width=50) (actual time=6897.803..52250.541 rows=5739 loops=1)
                     Buffers: shared hit=509723 read=3655004
                     ->  Nested Loop  (cost=17179.40..5963059.91 rows=5625 width=50) (actual time=6897.053..51126.356 rows=107536 loops=1)
                           Buffers: shared hit=89135 read=3646012
                           ->  Hash Join  (cost=17179.10..5919398.47 rows=1135077 width=54) (actual time=142.577..50781.404 rows=884433 loops=1)
                                 Hash Cond: (catalog_sales.cs_item_sk = item.i_item_sk)
                                 Buffers: shared hit=82828 read=3645908
                                 ->  Seq Scan on catalog_sales  (cost=0.00..5874397.76 rows=10598487 width=41) (actual time=0.108..48504.631 rows=10312840 loops=1)
                                       Filter: ((cs_wholesale_cost >= '88'::numeric) AND (cs_wholesale_cost <= '93'::numeric))
                                       Rows Removed by Filter: 133679459
                                       Buffers: shared hit=68479 read=3645901
                                 ->  Hash  (cost=16906.00..16906.00 rows=21848 width=21) (actual time=142.336..142.337 rows=21811 loops=1)
                                       Buckets: 32768  Batches: 1  Memory Usage: 1449kB
                                       Buffers: shared hit=14349 read=7
                                       ->  Seq Scan on item  (cost=0.00..16906.00 rows=21848 width=21) (actual time=0.027..135.529 rows=21811 loops=1)
                                             Filter: (i_category = 'Sports'::bpchar)
                                             Rows Removed by Filter: 182189
                                             Buffers: shared hit=14349 read=7
                           ->  Memoize  (cost=0.30..7.22 rows=1 width=4) (actual time=0.000..0.000 rows=0 loops=884433)
                                 Cache Key: catalog_sales.cs_sold_date_sk
                                 Cache Mode: logical
                                 Hits: 882295  Misses: 2138  Evictions: 0  Overflows: 0  Memory Usage: 155kB
                                 Buffers: shared hit=6307 read=104
                                 ->  Index Scan using date_dim_pkey on date_dim  (cost=0.29..7.21 rows=1 width=4) (actual time=0.017..0.017 rows=0 loops=2138)
                                       Index Cond: (d_date_sk = catalog_sales.cs_sold_date_sk)
                                       Filter: (d_year = 1999)
                                       Rows Removed by Filter: 1
                                       Buffers: shared hit=6307 read=104
                     ->  Index Scan using customer_demographics_pkey on customer_demographics  (cost=0.43..7.36 rows=1 width=8) (actual time=0.010..0.010 rows=0 loops=107536)
                           Index Cond: (cd_demo_sk = catalog_sales.cs_bill_cdemo_sk)
                           Filter: ((cd_gender = 'M'::bpchar) AND (cd_education_status = 'Advanced Degree'::bpchar))
                           Rows Removed by Filter: 1
                           Buffers: shared hit=420588 read=8992
               ->  Index Scan using customer_pkey on customer  (cost=0.43..7.35 rows=1 width=12) (actual time=0.014..0.014 rows=0 loops=5739)
                     Index Cond: (c_customer_sk = catalog_sales.cs_bill_customer_sk)
                     Filter: (c_birth_month = 2)
                     Rows Removed by Filter: 1
                     Buffers: shared hit=18539 read=4401
         ->  Index Scan using customer_address_pkey on customer_address  (cost=0.42..7.36 rows=1 width=35) (actual time=0.020..0.020 rows=0 loops=574)
               Index Cond: (ca_address_sk = customer.c_current_addr_sk)
               Filter: (ca_state = ANY ('{GA,NJ,OH}'::bpchar[]))
               Rows Removed by Filter: 1
               Buffers: shared hit=1240 read=1056
 Planning:
   Buffers: shared hit=454
 Planning Time: 2.213 ms
 Execution Time: 52347.740 ms
(53 rows)

