                                                                                  QUERY PLAN                                                                                   
-------------------------------------------------------------------------------------------------------------------------------------------------------------------------------
 Aggregate  (cost=5966942.91..5966942.92 rows=1 width=268) (actual time=58587.482..58587.488 rows=1 loops=1)
   Buffers: shared hit=1435023 read=3697632
   ->  Nested Loop  (cost=17119.15..5966942.83 rows=3 width=81) (actual time=30850.437..58585.186 rows=328 loops=1)
         Buffers: shared hit=1435023 read=3697632
         ->  Nested Loop  (cost=17118.72..5966656.02 rows=39 width=54) (actual time=30793.071..58429.657 rows=6710 loops=1)
               Buffers: shared hit=1419261 read=3686554
               ->  Nested Loop  (cost=17118.29..5964964.54 rows=230 width=50) (actual time=30789.396..57724.360 rows=39296 loops=1)
                     Buffers: shared hit=1297049 read=3651690
                     ->  Nested Loop  (cost=17117.87..5942190.78 rows=3096 width=50) (actual time=30789.289..53277.105 rows=303796 loops=1)
                           Buffers: shared hit=101152 read=3633995
                           ->  Hash Join  (cost=17117.56..5911285.30 rows=624836 width=54) (actual time=127.875..52759.660 rows=1288338 loops=1)
                                 Hash Cond: (catalog_sales.cs_item_sk = item.i_item_sk)
                                 Buffers: shared hit=94743 read=3633993
                                 ->  Seq Scan on catalog_sales  (cost=0.00..5874397.76 rows=7531262 width=41) (actual time=0.165..50879.508 rows=7518631 loops=1)
                                       Filter: ((cs_wholesale_cost >= '83'::numeric) AND (cs_wholesale_cost <= '88'::numeric))
                                       Rows Removed by Filter: 136473668
                                       Buffers: shared hit=80394 read=3633986
                                 ->  Hash  (cost=16906.00..16906.00 rows=16925 width=21) (actual time=127.566..127.567 rows=17141 loops=1)
                                       Buckets: 32768  Batches: 1  Memory Usage: 1194kB
                                       Buffers: shared hit=14349 read=7
                                       ->  Seq Scan on item  (cost=0.00..16906.00 rows=16925 width=21) (actual time=0.009..122.789 rows=17141 loops=1)
                                             Filter: (i_category = 'Home'::bpchar)
                                             Rows Removed by Filter: 186859
                                             Buffers: shared hit=14349 read=7
                           ->  Memoize  (cost=0.30..7.22 rows=1 width=4) (actual time=0.000..0.000 rows=0 loops=1288338)
                                 Cache Key: catalog_sales.cs_sold_date_sk
                                 Cache Mode: logical
                                 Hits: 1286200  Misses: 2138  Evictions: 0  Overflows: 0  Memory Usage: 155kB
                                 Buffers: shared hit=6409 read=2
                                 ->  Index Scan using date_dim_pkey on date_dim  (cost=0.29..7.21 rows=1 width=4) (actual time=0.017..0.017 rows=0 loops=2138)
                                       Index Cond: (d_date_sk = catalog_sales.cs_sold_date_sk)
                                       Filter: (d_year = 2002)
                                       Rows Removed by Filter: 1
                                       Buffers: shared hit=6409 read=2
                     ->  Index Scan using customer_demographics_pkey on customer_demographics  (cost=0.43..7.36 rows=1 width=8) (actual time=0.014..0.014 rows=0 loops=303796)
                           Index Cond: (cd_demo_sk = catalog_sales.cs_bill_cdemo_sk)
                           Filter: ((cd_gender = 'M'::bpchar) AND (cd_education_status = '4 yr Degree'::bpchar))
                           Rows Removed by Filter: 1
                           Buffers: shared hit=1195897 read=17695
               ->  Index Scan using customer_pkey on customer  (cost=0.43..7.35 rows=1 width=12) (actual time=0.018..0.018 rows=0 loops=39296)
                     Index Cond: (c_customer_sk = catalog_sales.cs_bill_customer_sk)
                     Filter: (c_birth_month = 4)
                     Rows Removed by Filter: 1
                     Buffers: shared hit=122212 read=34864
         ->  Index Scan using customer_address_pkey on customer_address  (cost=0.42..7.35 rows=1 width=35) (actual time=0.023..0.023 rows=0 loops=6710)
               Index Cond: (ca_address_sk = customer.c_current_addr_sk)
               Filter: (ca_state = ANY ('{AK,CO,GA}'::bpchar[]))
               Rows Removed by Filter: 1
               Buffers: shared hit=15762 read=11078
 Planning:
   Buffers: shared hit=454
 Planning Time: 1.703 ms
 Execution Time: 58587.816 ms
(53 rows)

