                                                                                  QUERY PLAN                                                                                  
------------------------------------------------------------------------------------------------------------------------------------------------------------------------------
 Aggregate  (cost=5906300.20..5906300.21 rows=1 width=268) (actual time=52771.642..52771.647 rows=1 loops=1)
   Buffers: shared hit=189182 read=3643228
   ->  Nested Loop  (cost=19717.88..5906300.17 rows=1 width=81) (actual time=22276.538..52771.500 rows=17 loops=1)
         Buffers: shared hit=189182 read=3643228
         ->  Nested Loop  (cost=19717.46..5906248.68 rows=7 width=54) (actual time=22205.371..52761.663 rows=427 loops=1)
               Buffers: shared hit=188149 read=3642553
               ->  Nested Loop  (cost=19717.03..5905704.35 rows=74 width=50) (actual time=22188.210..52686.017 rows=4212 loops=1)
                     Buffers: shared hit=175117 read=3638749
                     ->  Hash Join  (cost=19716.60..5898031.43 rows=1043 width=50) (actual time=22188.155..52369.393 rows=20945 loops=1)
                           Hash Cond: (catalog_sales.cs_sold_date_sk = date_dim.d_date_sk)
                           Buffers: shared hit=92474 read=3637736
                           ->  Hash Join  (cost=17324.96..5895087.02 rows=210567 width=54) (actual time=123.821..52332.691 rows=151934 loops=1)
                                 Hash Cond: (catalog_sales.cs_item_sk = item.i_item_sk)
                                 Buffers: shared hit=91000 read=3637736
                                 ->  Seq Scan on catalog_sales  (cost=0.00..5874397.76 rows=1281611 width=41) (actual time=0.060..51850.334 rows=1213654 loops=1)
                                       Filter: ((cs_wholesale_cost >= '20'::numeric) AND (cs_wholesale_cost <= '25'::numeric))
                                       Rows Removed by Filter: 142778645
                                       Buffers: shared hit=76644 read=3637736
                                 ->  Hash  (cost=16906.00..16906.00 rows=33517 width=21) (actual time=123.395..123.396 rows=33627 loops=1)
                                       Buckets: 65536  Batches: 1  Memory Usage: 2351kB
                                       Buffers: shared hit=14356
                                       ->  Seq Scan on item  (cost=0.00..16906.00 rows=33517 width=21) (actual time=0.020..114.448 rows=33627 loops=1)
                                             Filter: (i_category = 'Shoes'::bpchar)
                                             Rows Removed by Filter: 170373
                                             Buffers: shared hit=14356
                           ->  Hash  (cost=2387.11..2387.11 rows=362 width=4) (actual time=13.635..13.636 rows=365 loops=1)
                                 Buckets: 1024  Batches: 1  Memory Usage: 21kB
                                 Buffers: shared hit=1474
                                 ->  Seq Scan on date_dim  (cost=0.00..2387.11 rows=362 width=4) (actual time=4.896..13.590 rows=365 loops=1)
                                       Filter: (d_year = 2001)
                                       Rows Removed by Filter: 72684
                                       Buffers: shared hit=1474
                     ->  Index Scan using customer_demographics_pkey on customer_demographics  (cost=0.43..7.36 rows=1 width=8) (actual time=0.015..0.015 rows=0 loops=20945)
                           Index Cond: (cd_demo_sk = catalog_sales.cs_bill_cdemo_sk)
                           Filter: ((cd_gender = 'M'::bpchar) AND (cd_education_status = '2 yr Degree'::bpchar))
                           Rows Removed by Filter: 1
                           Buffers: shared hit=82643 read=1013
               ->  Index Scan using customer_pkey on customer  (cost=0.43..7.36 rows=1 width=12) (actual time=0.017..0.017 rows=0 loops=4212)
                     Index Cond: (c_customer_sk = catalog_sales.cs_bill_customer_sk)
                     Filter: (c_birth_month = 1)
                     Rows Removed by Filter: 1
                     Buffers: shared hit=13032 read=3804
         ->  Index Scan using customer_address_pkey on customer_address  (cost=0.42..7.36 rows=1 width=35) (actual time=0.022..0.022 rows=0 loops=427)
               Index Cond: (ca_address_sk = customer.c_current_addr_sk)
               Filter: (ca_state = ANY ('{AL,LA,TN}'::bpchar[]))
               Rows Removed by Filter: 1
               Buffers: shared hit=1033 read=675
 Planning:
   Buffers: shared hit=454
 Planning Time: 1.999 ms
 Execution Time: 52771.927 ms
(51 rows)

