                                                                              QUERY PLAN                                                                               
-----------------------------------------------------------------------------------------------------------------------------------------------------------------------
 Aggregate  (cost=5991342.61..5991342.62 rows=1 width=268) (actual time=57271.718..57271.723 rows=1 loops=1)
   Buffers: shared hit=238479 read=3686652
   ->  Nested Loop  (cost=17019.78..5991342.58 rows=1 width=81) (actual time=8054.158..57271.537 rows=23 loops=1)
         Buffers: shared hit=238479 read=3686652
         ->  Nested Loop  (cost=17019.36..5991239.54 rows=14 width=54) (actual time=7504.175..57263.161 rows=375 loops=1)
               Buffers: shared hit=237675 read=3685956
               ->  Nested Loop  (cost=17018.93..5989797.80 rows=196 width=54) (actual time=7490.648..57225.071 rows=2534 loops=1)
                     Buffers: shared hit=228552 read=3684951
                     ->  Nested Loop  (cost=17018.50..5964793.99 rows=3400 width=50) (actual time=7483.251..56648.278 rows=44648 loops=1)
                           Buffers: shared hit=62456 read=3672691
                           ->  Hash Join  (cost=17018.20..5932354.54 rows=686194 width=54) (actual time=129.846..56462.665 rows=341873 loops=1)
                                 Hash Cond: (catalog_sales.cs_item_sk = item.i_item_sk)
                                 Buffers: shared hit=56045 read=3672691
                                 ->  Seq Scan on catalog_sales  (cost=0.00..5874397.76 rows=15595328 width=41) (actual time=0.053..53798.053 rows=15696054 loops=1)
                                       Filter: ((cs_wholesale_cost >= '25'::numeric) AND (cs_wholesale_cost <= '30'::numeric))
                                       Rows Removed by Filter: 128296245
                                       Buffers: shared hit=56045 read=3658335
                                 ->  Hash  (cost=16906.00..16906.00 rows=8976 width=21) (actual time=129.622..129.623 rows=8826 loops=1)
                                       Buckets: 16384  Batches: 1  Memory Usage: 611kB
                                       Buffers: shared read=14356
                                       ->  Seq Scan on item  (cost=0.00..16906.00 rows=8976 width=21) (actual time=0.022..127.008 rows=8826 loops=1)
                                             Filter: (i_category = 'Jewelry'::bpchar)
                                             Rows Removed by Filter: 195174
                                             Buffers: shared read=14356
                           ->  Memoize  (cost=0.30..7.22 rows=1 width=4) (actual time=0.000..0.000 rows=0 loops=341873)
                                 Cache Key: catalog_sales.cs_sold_date_sk
                                 Cache Mode: logical
                                 Hits: 339735  Misses: 2138  Evictions: 0  Overflows: 0  Memory Usage: 155kB
                                 Buffers: shared hit=6411
                                 ->  Index Scan using date_dim_pkey on date_dim  (cost=0.29..7.21 rows=1 width=4) (actual time=0.017..0.017 rows=0 loops=2138)
                                       Index Cond: (d_date_sk = catalog_sales.cs_sold_date_sk)
                                       Filter: (d_year = 1999)
                                       Rows Removed by Filter: 1
                                       Buffers: shared hit=6411
                     ->  Index Scan using customer_pkey on customer  (cost=0.43..7.35 rows=1 width=12) (actual time=0.013..0.013 rows=0 loops=44648)
                           Index Cond: (c_customer_sk = catalog_sales.cs_bill_customer_sk)
                           Filter: (c_birth_month = 3)
                           Rows Removed by Filter: 1
                           Buffers: shared hit=166096 read=12260
               ->  Index Scan using customer_demographics_pkey on customer_demographics  (cost=0.43..7.36 rows=1 width=8) (actual time=0.014..0.014 rows=0 loops=2534)
                     Index Cond: (cd_demo_sk = catalog_sales.cs_bill_cdemo_sk)
                     Filter: ((cd_gender = 'M'::bpchar) AND (cd_education_status = 'Unknown'::bpchar))
                     Rows Removed by Filter: 1
                     Buffers: shared hit=9123 read=1005
         ->  Index Scan using customer_address_pkey on customer_address  (cost=0.42..7.36 rows=1 width=35) (actual time=0.021..0.021 rows=0 loops=375)
               Index Cond: (ca_address_sk = customer.c_current_addr_sk)
               Filter: (ca_state = ANY ('{GA,NC,SC}'::bpchar[]))
               Rows Removed by Filter: 1
               Buffers: shared hit=804 read=696
 Planning:
   Buffers: shared hit=405 read=49
 Planning Time: 5.149 ms
 Execution Time: 57272.361 ms
(53 rows)

