                                                                              QUERY PLAN                                                                               
-----------------------------------------------------------------------------------------------------------------------------------------------------------------------
 Aggregate  (cost=5992059.06..5992059.07 rows=1 width=268) (actual time=60705.677..60705.684 rows=1 loops=1)
   Buffers: shared hit=1284025 read=3731141
   ->  Nested Loop  (cost=19829.07..5992059.03 rows=1 width=81) (actual time=24756.372..60705.553 rows=14 loops=1)
         Buffers: shared hit=1284025 read=3731141
         ->  Nested Loop  (cost=19828.64..5991992.53 rows=9 width=54) (actual time=23031.234..60700.940 rows=183 loops=1)
               Buffers: shared hit=1283635 read=3730799
               ->  Nested Loop  (cost=19828.22..5991014.21 rows=133 width=54) (actual time=23018.164..60617.405 rows=4440 loops=1)
                     Buffers: shared hit=1269281 read=3727397
                     ->  Hash Join  (cost=19827.79..5919222.84 rows=9762 width=50) (actual time=23016.938..56205.379 rows=317060 loops=1)
                           Hash Cond: (catalog_sales.cs_item_sk = item.i_item_sk)
                           Buffers: shared hit=72442 read=3657768
                           ->  Hash Join  (cost=2391.64..5901663.44 rows=46955 width=37) (actual time=22911.904..55713.521 rows=1558908 loops=1)
                                 Hash Cond: (catalog_sales.cs_sold_date_sk = date_dim.d_date_sk)
                                 Buffers: shared hit=58086 read=3657768
                                 ->  Seq Scan on catalog_sales  (cost=0.00..5874397.76 rows=9475278 width=41) (actual time=0.022..54368.283 rows=9280537 loops=1)
                                       Filter: ((cs_wholesale_cost >= '3'::numeric) AND (cs_wholesale_cost <= '8'::numeric))
                                       Rows Removed by Filter: 134711762
                                       Buffers: shared hit=58044 read=3656336
                                 ->  Hash  (cost=2387.11..2387.11 rows=362 width=4) (actual time=20.743..20.744 rows=365 loops=1)
                                       Buckets: 1024  Batches: 1  Memory Usage: 21kB
                                       Buffers: shared hit=42 read=1432
                                       ->  Seq Scan on date_dim  (cost=0.00..2387.11 rows=362 width=4) (actual time=8.024..20.664 rows=365 loops=1)
                                             Filter: (d_year = 2001)
                                             Rows Removed by Filter: 72684
                                             Buffers: shared hit=42 read=1432
                           ->  Hash  (cost=16906.00..16906.00 rows=42412 width=21) (actual time=104.748..104.749 rows=42041 loops=1)
                                 Buckets: 65536  Batches: 1  Memory Usage: 2812kB
                                 Buffers: shared hit=14356
                                 ->  Seq Scan on item  (cost=0.00..16906.00 rows=42412 width=21) (actual time=0.014..95.902 rows=42041 loops=1)
                                       Filter: (i_category = 'Electronics'::bpchar)
                                       Rows Removed by Filter: 161959
                                       Buffers: shared hit=14356
                     ->  Index Scan using customer_pkey on customer  (cost=0.43..7.35 rows=1 width=12) (actual time=0.014..0.014 rows=0 loops=317060)
                           Index Cond: (c_customer_sk = catalog_sales.cs_bill_customer_sk)
                           Filter: (c_birth_month = 5)
                           Rows Removed by Filter: 1
                           Buffers: shared hit=1196839 read=69629
               ->  Index Scan using customer_demographics_pkey on customer_demographics  (cost=0.43..7.36 rows=1 width=8) (actual time=0.018..0.018 rows=0 loops=4440)
                     Index Cond: (cd_demo_sk = catalog_sales.cs_bill_cdemo_sk)
                     Filter: ((cd_gender = 'F'::bpchar) AND (cd_education_status = 'Unknown'::bpchar))
                     Rows Removed by Filter: 1
                     Buffers: shared hit=14354 read=3402
         ->  Index Scan using customer_address_pkey on customer_address  (cost=0.42..7.39 rows=1 width=35) (actual time=0.023..0.023 rows=0 loops=183)
               Index Cond: (ca_address_sk = customer.c_current_addr_sk)
               Filter: (ca_state = ANY ('{KY,SD,WV}'::bpchar[]))
               Rows Removed by Filter: 1
               Buffers: shared hit=390 read=342
 Planning:
   Buffers: shared hit=454
 Planning Time: 1.939 ms
 Execution Time: 60706.025 ms
(51 rows)

