                                                                                  QUERY PLAN                                                                                  
------------------------------------------------------------------------------------------------------------------------------------------------------------------------------
 Aggregate  (cost=5948808.46..5948808.47 rows=1 width=268) (actual time=54081.426..54081.432 rows=1 loops=1)
   Buffers: shared hit=331908 read=3739547
   ->  Nested Loop  (cost=17220.72..5948808.43 rows=1 width=81) (actual time=7290.182..54081.332 rows=13 loops=1)
         Buffers: shared hit=331908 read=3739547
         ->  Nested Loop  (cost=17220.30..5948595.16 rows=29 width=54) (actual time=7208.216..54074.973 rows=265 loops=1)
               Buffers: shared hit=331349 read=3739046
               ->  Nested Loop  (cost=17219.87..5947330.18 rows=172 width=50) (actual time=7151.684..54045.402 rows=1658 loops=1)
                     Buffers: shared hit=324846 read=3738925
                     ->  Nested Loop  (cost=17219.44..5929536.02 rows=2419 width=50) (actual time=7150.318..53000.492 rows=82268 loops=1)
                           Buffers: shared hit=39853 read=3695294
                           ->  Hash Join  (cost=17219.14..5902050.00 rows=488056 width=54) (actual time=142.800..52708.100 rows=718219 loops=1)
                                 Hash Cond: (catalog_sales.cs_item_sk = item.i_item_sk)
                                 Buffers: shared hit=33442 read=3695294
                                 ->  Seq Scan on catalog_sales  (cost=0.00..5874397.76 rows=3974433 width=41) (actual time=0.116..51516.291 rows=3999274 loops=1)
                                       Filter: ((cs_wholesale_cost >= '42'::numeric) AND (cs_wholesale_cost <= '47'::numeric))
                                       Rows Removed by Filter: 139993025
                                       Buffers: shared hit=19086 read=3695294
                                 ->  Hash  (cost=16906.00..16906.00 rows=25051 width=21) (actual time=142.398..142.398 rows=24688 loops=1)
                                       Buckets: 32768  Batches: 1  Memory Usage: 1607kB
                                       Buffers: shared hit=14356
                                       ->  Seq Scan on item  (cost=0.00..16906.00 rows=25051 width=21) (actual time=0.021..134.728 rows=24688 loops=1)
                                             Filter: (i_category = 'Books'::bpchar)
                                             Rows Removed by Filter: 179312
                                             Buffers: shared hit=14356
                           ->  Memoize  (cost=0.30..7.22 rows=1 width=4) (actual time=0.000..0.000 rows=0 loops=718219)
                                 Cache Key: catalog_sales.cs_sold_date_sk
                                 Cache Mode: logical
                                 Hits: 716081  Misses: 2138  Evictions: 0  Overflows: 0  Memory Usage: 155kB
                                 Buffers: shared hit=6411
                                 ->  Index Scan using date_dim_pkey on date_dim  (cost=0.29..7.21 rows=1 width=4) (actual time=0.017..0.017 rows=0 loops=2138)
                                       Index Cond: (d_date_sk = catalog_sales.cs_sold_date_sk)
                                       Filter: (d_year = 1999)
                                       Rows Removed by Filter: 1
                                       Buffers: shared hit=6411
                     ->  Index Scan using customer_demographics_pkey on customer_demographics  (cost=0.43..7.36 rows=1 width=8) (actual time=0.012..0.012 rows=0 loops=82268)
                           Index Cond: (cd_demo_sk = catalog_sales.cs_bill_cdemo_sk)
                           Filter: ((cd_gender = 'F'::bpchar) AND (cd_education_status = 'Primary'::bpchar))
                           Rows Removed by Filter: 1
                           Buffers: shared hit=284993 read=43631
               ->  Index Scan using customer_pkey on customer  (cost=0.43..7.35 rows=1 width=12) (actual time=0.017..0.017 rows=0 loops=1658)
                     Index Cond: (c_customer_sk = catalog_sales.cs_bill_customer_sk)
                     Filter: (c_birth_month = 4)
                     Rows Removed by Filter: 1
                     Buffers: shared hit=6503 read=121
         ->  Index Scan using customer_address_pkey on customer_address  (cost=0.42..7.35 rows=1 width=35) (actual time=0.023..0.023 rows=0 loops=265)
               Index Cond: (ca_address_sk = customer.c_current_addr_sk)
               Filter: (ca_state = ANY ('{MA,ME,MN}'::bpchar[]))
               Rows Removed by Filter: 1
               Buffers: shared hit=559 read=501
 Planning:
   Buffers: shared hit=454
 Planning Time: 4.012 ms
 Execution Time: 54081.914 ms
(53 rows)

