                                                                                  QUERY PLAN                                                                                   
-------------------------------------------------------------------------------------------------------------------------------------------------------------------------------
 Aggregate  (cost=6022678.04..6022678.05 rows=1 width=268) (actual time=62681.345..62681.352 rows=1 loops=1)
   Buffers: shared hit=1446468 read=3781714
   ->  Nested Loop  (cost=19717.88..6022677.77 rows=10 width=81) (actual time=190.465..62678.729 rows=408 loops=1)
         Buffers: shared hit=1446468 read=3781714
         ->  Nested Loop  (cost=19717.46..6021854.02 rows=112 width=54) (actual time=175.348..62526.489 rows=6592 loops=1)
               Buffers: shared hit=1430260 read=3771554
               ->  Nested Loop  (cost=19717.03..6015904.57 rows=809 width=50) (actual time=171.582..61684.616 rows=46704 loops=1)
                     Buffers: shared hit=1249814 read=3765304
                     ->  Hash Join  (cost=19716.60..5931357.04 rows=11494 width=50) (actual time=170.772..56365.046 rows=321616 loops=1)
                           Hash Cond: (catalog_sales.cs_item_sk = item.i_item_sk)
                           Buffers: shared hit=12361 read=3717849
                           ->  Hash Join  (cost=2391.64..5913848.44 rows=69957 width=37) (actual time=18.292..55808.367 rows=1896832 loops=1)
                                 Hash Cond: (catalog_sales.cs_sold_date_sk = date_dim.d_date_sk)
                                 Buffers: shared hit=263 read=3715591
                                 ->  Seq Scan on catalog_sales  (cost=0.00..5874397.76 rows=14116916 width=41) (actual time=0.028..54083.205 rows=14129630 loops=1)
                                       Filter: ((cs_wholesale_cost >= '12'::numeric) AND (cs_wholesale_cost <= '17'::numeric))
                                       Rows Removed by Filter: 129862669
                                       Buffers: shared hit=221 read=3714159
                                 ->  Hash  (cost=2387.11..2387.11 rows=362 width=4) (actual time=18.248..18.250 rows=365 loops=1)
                                       Buckets: 1024  Batches: 1  Memory Usage: 21kB
                                       Buffers: shared hit=42 read=1432
                                       ->  Seq Scan on date_dim  (cost=0.00..2387.11 rows=362 width=4) (actual time=8.687..18.187 rows=365 loops=1)
                                             Filter: (d_year = 1998)
                                             Rows Removed by Filter: 72684
                                             Buffers: shared hit=42 read=1432
                           ->  Hash  (cost=16906.00..16906.00 rows=33517 width=21) (actual time=152.224..152.225 rows=33627 loops=1)
                                 Buckets: 65536  Batches: 1  Memory Usage: 2351kB
                                 Buffers: shared hit=12098 read=2258
                                 ->  Seq Scan on item  (cost=0.00..16906.00 rows=33517 width=21) (actual time=0.029..143.382 rows=33627 loops=1)
                                       Filter: (i_category = 'Shoes'::bpchar)
                                       Rows Removed by Filter: 170373
                                       Buffers: shared hit=12098 read=2258
                     ->  Index Scan using customer_demographics_pkey on customer_demographics  (cost=0.43..7.36 rows=1 width=8) (actual time=0.016..0.016 rows=0 loops=321616)
                           Index Cond: (cd_demo_sk = catalog_sales.cs_bill_cdemo_sk)
                           Filter: ((cd_gender = 'M'::bpchar) AND (cd_education_status = 'Unknown'::bpchar))
                           Rows Removed by Filter: 1
                           Buffers: shared hit=1237453 read=47455
               ->  Index Scan using customer_pkey on customer  (cost=0.43..7.35 rows=1 width=12) (actual time=0.018..0.018 rows=0 loops=46704)
                     Index Cond: (c_customer_sk = catalog_sales.cs_bill_customer_sk)
                     Filter: (c_birth_month = 10)
                     Rows Removed by Filter: 1
                     Buffers: shared hit=180446 read=6250
         ->  Index Scan using customer_address_pkey on customer_address  (cost=0.42..7.35 rows=1 width=35) (actual time=0.023..0.023 rows=0 loops=6592)
               Index Cond: (ca_address_sk = customer.c_current_addr_sk)
               Filter: (ca_state = ANY ('{MS,NC,TN}'::bpchar[]))
               Rows Removed by Filter: 1
               Buffers: shared hit=16208 read=10160
 Planning:
   Buffers: shared hit=454
 Planning Time: 1.729 ms
 Execution Time: 62681.655 ms
(51 rows)

