                                                                              QUERY PLAN                                                                               
-----------------------------------------------------------------------------------------------------------------------------------------------------------------------
 Aggregate  (cost=5941106.20..5941106.21 rows=1 width=268) (actual time=54185.383..54185.389 rows=1 loops=1)
   Buffers: shared hit=720431 read=3743136
   ->  Nested Loop  (cost=17119.15..5941106.17 rows=1 width=81) (actual time=34919.940..54185.350 rows=4 loops=1)
         Buffers: shared hit=720431 read=3743136
         ->  Nested Loop  (cost=17118.72..5941091.39 rows=2 width=54) (actual time=31753.454..54183.449 rows=91 loops=1)
               Buffers: shared hit=720206 read=3742997
               ->  Nested Loop  (cost=17118.29..5940907.49 rows=25 width=54) (actual time=31459.248..54148.914 rows=2486 loops=1)
                     Buffers: shared hit=710476 read=3742791
                     ->  Nested Loop  (cost=17117.87..5927551.79 rows=1816 width=50) (actual time=31456.081..52059.883 rows=179787 loops=1)
                           Buffers: shared hit=58137 read=3677010
                           ->  Hash Join  (cost=17117.56..5903107.66 rows=366379 width=54) (actual time=137.023..51743.160 rows=762693 loops=1)
                                 Hash Cond: (catalog_sales.cs_item_sk = item.i_item_sk)
                                 Buffers: shared hit=51726 read=3677010
                                 ->  Seq Scan on catalog_sales  (cost=0.00..5874397.76 rows=4416036 width=41) (actual time=0.035..50511.585 rows=4444683 loops=1)
                                       Filter: ((cs_wholesale_cost >= '51'::numeric) AND (cs_wholesale_cost <= '56'::numeric))
                                       Rows Removed by Filter: 139547616
                                       Buffers: shared hit=49361 read=3665019
                                 ->  Hash  (cost=16906.00..16906.00 rows=16925 width=21) (actual time=136.679..136.680 rows=17141 loops=1)
                                       Buckets: 32768  Batches: 1  Memory Usage: 1194kB
                                       Buffers: shared hit=2365 read=11991
                                       ->  Seq Scan on item  (cost=0.00..16906.00 rows=16925 width=21) (actual time=0.017..132.126 rows=17141 loops=1)
                                             Filter: (i_category = 'Home'::bpchar)
                                             Rows Removed by Filter: 186859
                                             Buffers: shared hit=2365 read=11991
                           ->  Memoize  (cost=0.30..7.22 rows=1 width=4) (actual time=0.000..0.000 rows=0 loops=762693)
                                 Cache Key: catalog_sales.cs_sold_date_sk
                                 Cache Mode: logical
                                 Hits: 760555  Misses: 2138  Evictions: 0  Overflows: 0  Memory Usage: 155kB
                                 Buffers: shared hit=6411
                                 ->  Index Scan using date_dim_pkey on date_dim  (cost=0.29..7.21 rows=1 width=4) (actual time=0.016..0.016 rows=0 loops=2138)
                                       Index Cond: (d_date_sk = catalog_sales.cs_sold_date_sk)
                                       Filter: (d_year = 2002)
                                       Rows Removed by Filter: 1
                                       Buffers: shared hit=6411
                     ->  Index Scan using customer_pkey on customer  (cost=0.43..7.35 rows=1 width=12) (actual time=0.011..0.011 rows=0 loops=179787)
                           Index Cond: (c_customer_sk = catalog_sales.cs_bill_customer_sk)
                           Filter: (c_birth_month = 5)
                           Rows Removed by Filter: 1
                           Buffers: shared hit=652339 read=65781
               ->  Index Scan using customer_demographics_pkey on customer_demographics  (cost=0.43..7.36 rows=1 width=8) (actual time=0.013..0.013 rows=0 loops=2486)
                     Index Cond: (cd_demo_sk = catalog_sales.cs_bill_cdemo_sk)
                     Filter: ((cd_gender = 'F'::bpchar) AND (cd_education_status = '4 yr Degree'::bpchar))
                     Rows Removed by Filter: 1
                     Buffers: shared hit=9730 read=206
         ->  Index Scan using customer_address_pkey on customer_address  (cost=0.42..7.39 rows=1 width=35) (actual time=0.019..0.019 rows=0 loops=91)
               Index Cond: (ca_address_sk = customer.c_current_addr_sk)
               Filter: (ca_state = ANY ('{PA,SC,TX}'::bpchar[]))
               Rows Removed by Filter: 1
               Buffers: shared hit=225 read=139
 Planning:
   Buffers: shared hit=405 read=49
 Planning Time: 2.266 ms
 Execution Time: 54185.730 ms
(53 rows)

