                                                                                  QUERY PLAN                                                                                  
------------------------------------------------------------------------------------------------------------------------------------------------------------------------------
 Aggregate  (cost=5983891.70..5983891.71 rows=1 width=268) (actual time=56578.106..56578.112 rows=1 loops=1)
   Buffers: shared hit=266528 read=3692447
   ->  Nested Loop  (cost=17019.78..5983891.53 rows=6 width=81) (actual time=15008.349..56577.781 rows=46 loops=1)
         Buffers: shared hit=266528 read=3692447
         ->  Nested Loop  (cost=17019.36..5983612.07 rows=38 width=54) (actual time=15003.425..56556.695 rows=1053 loops=1)
               Buffers: shared hit=263922 read=3690841
               ->  Nested Loop  (cost=17018.93..5981927.99 rows=229 width=50) (actual time=14996.949..56460.915 rows=6189 loops=1)
                     Buffers: shared hit=240647 read=3689380
                     ->  Nested Loop  (cost=17018.50..5959286.84 rows=3078 width=50) (actual time=14996.700..55843.352 rows=48782 loops=1)
                           Buffers: shared hit=48778 read=3686369
                           ->  Hash Join  (cost=17018.20..5928473.63 rows=621144 width=54) (actual time=134.623..55673.933 rows=308177 loops=1)
                                 Hash Cond: (catalog_sales.cs_item_sk = item.i_item_sk)
                                 Buffers: shared hit=42367 read=3686369
                                 ->  Seq Scan on catalog_sales  (cost=0.00..5874397.76 rows=14116916 width=41) (actual time=0.036..53212.465 rows=14129630 loops=1)
                                       Filter: ((cs_wholesale_cost >= '16'::numeric) AND (cs_wholesale_cost <= '21'::numeric))
                                       Rows Removed by Filter: 129862669
                                       Buffers: shared hit=42365 read=3672015
                                 ->  Hash  (cost=16906.00..16906.00 rows=8976 width=21) (actual time=134.444..134.445 rows=8826 loops=1)
                                       Buckets: 16384  Batches: 1  Memory Usage: 611kB
                                       Buffers: shared hit=2 read=14354
                                       ->  Seq Scan on item  (cost=0.00..16906.00 rows=8976 width=21) (actual time=0.013..131.754 rows=8826 loops=1)
                                             Filter: (i_category = 'Jewelry'::bpchar)
                                             Rows Removed by Filter: 195174
                                             Buffers: shared hit=2 read=14354
                           ->  Memoize  (cost=0.30..7.22 rows=1 width=4) (actual time=0.000..0.000 rows=0 loops=308177)
                                 Cache Key: catalog_sales.cs_sold_date_sk
                                 Cache Mode: logical
                                 Hits: 306039  Misses: 2138  Evictions: 0  Overflows: 0  Memory Usage: 155kB
                                 Buffers: shared hit=6411
                                 ->  Index Scan using date_dim_pkey on date_dim  (cost=0.29..7.21 rows=1 width=4) (actual time=0.017..0.017 rows=0 loops=2138)
                                       Index Cond: (d_date_sk = catalog_sales.cs_sold_date_sk)
                                       Filter: (d_year = 2000)
                                       Rows Removed by Filter: 1
                                       Buffers: shared hit=6411
                     ->  Index Scan using customer_demographics_pkey on customer_demographics  (cost=0.43..7.36 rows=1 width=8) (actual time=0.012..0.012 rows=0 loops=48782)
                           Index Cond: (cd_demo_sk = catalog_sales.cs_bill_cdemo_sk)
                           Filter: ((cd_gender = 'M'::bpchar) AND (cd_education_status = '4 yr Degree'::bpchar))
                           Rows Removed by Filter: 1
                           Buffers: shared hit=191869 read=3011
               ->  Index Scan using customer_pkey on customer  (cost=0.43..7.35 rows=1 width=12) (actual time=0.015..0.015 rows=0 loops=6189)
                     Index Cond: (c_customer_sk = catalog_sales.cs_bill_customer_sk)
                     Filter: (c_birth_month = 4)
                     Rows Removed by Filter: 1
                     Buffers: shared hit=23275 read=1461
         ->  Index Scan using customer_address_pkey on customer_address  (cost=0.42..7.35 rows=1 width=35) (actual time=0.019..0.019 rows=0 loops=1053)
               Index Cond: (ca_address_sk = customer.c_current_addr_sk)
               Filter: (ca_state = ANY ('{IN,TX,VA}'::bpchar[]))
               Rows Removed by Filter: 1
               Buffers: shared hit=2606 read=1606
 Planning:
   Buffers: shared hit=406 read=48
 Planning Time: 2.316 ms
 Execution Time: 56578.468 ms
(53 rows)

