                                                                                  QUERY PLAN                                                                                   
-------------------------------------------------------------------------------------------------------------------------------------------------------------------------------
 Aggregate  (cost=6029813.42..6029813.43 rows=1 width=268) (actual time=55953.473..55953.479 rows=1 loops=1)
   Buffers: shared hit=549728 read=3704002
   ->  Nested Loop  (cost=17242.40..6029813.31 rows=4 width=81) (actual time=24092.870..55953.274 rows=29 loops=1)
         Buffers: shared hit=549728 read=3704002
         ->  Nested Loop  (cost=17241.97..6029371.98 rows=60 width=54) (actual time=23939.529..55946.116 rows=311 loops=1)
               Buffers: shared hit=549030 read=3703456
               ->  Nested Loop  (cost=17241.54..6025599.32 rows=513 width=50) (actual time=23934.482..55907.226 rows=2522 loops=1)
                     Buffers: shared hit=539469 read=3702937
                     ->  Nested Loop  (cost=17241.12..5972482.95 rows=7221 width=50) (actual time=23931.671..54426.887 rows=126977 loops=1)
                           Buffers: shared hit=45380 read=3689767
                           ->  Hash Join  (cost=17240.81..5920770.61 rows=1457116 width=54) (actual time=164.184..54007.881 rows=1090310 loops=1)
                                 Hash Cond: (catalog_sales.cs_item_sk = item.i_item_sk)
                                 Buffers: shared hit=38971 read=3689765
                                 ->  Seq Scan on catalog_sales  (cost=0.00..5874397.76 rows=11097691 width=41) (actual time=0.032..51344.429 rows=11458169 loops=1)
                                       Filter: ((cs_wholesale_cost >= '55'::numeric) AND (cs_wholesale_cost <= '60'::numeric))
                                       Rows Removed by Filter: 132534130
                                       Buffers: shared hit=38971 read=3675409
                                 ->  Hash  (cost=16906.00..16906.00 rows=26785 width=21) (actual time=163.936..163.937 rows=26695 loops=1)
                                       Buckets: 32768  Batches: 1  Memory Usage: 1716kB
                                       Buffers: shared read=14356
                                       ->  Seq Scan on item  (cost=0.00..16906.00 rows=26785 width=21) (actual time=0.575..156.200 rows=26695 loops=1)
                                             Filter: (i_category = 'Children'::bpchar)
                                             Rows Removed by Filter: 177305
                                             Buffers: shared read=14356
                           ->  Memoize  (cost=0.30..7.22 rows=1 width=4) (actual time=0.000..0.000 rows=0 loops=1090310)
                                 Cache Key: catalog_sales.cs_sold_date_sk
                                 Cache Mode: logical
                                 Hits: 1088172  Misses: 2138  Evictions: 0  Overflows: 0  Memory Usage: 155kB
                                 Buffers: shared hit=6409 read=2
                                 ->  Index Scan using date_dim_pkey on date_dim  (cost=0.29..7.21 rows=1 width=4) (actual time=0.017..0.017 rows=0 loops=2138)
                                       Index Cond: (d_date_sk = catalog_sales.cs_sold_date_sk)
                                       Filter: (d_year = 2001)
                                       Rows Removed by Filter: 1
                                       Buffers: shared hit=6409 read=2
                     ->  Index Scan using customer_demographics_pkey on customer_demographics  (cost=0.43..7.36 rows=1 width=8) (actual time=0.011..0.011 rows=0 loops=126977)
                           Index Cond: (cd_demo_sk = catalog_sales.cs_bill_cdemo_sk)
                           Filter: ((cd_gender = 'F'::bpchar) AND (cd_education_status = 'Primary'::bpchar))
                           Rows Removed by Filter: 1
                           Buffers: shared hit=494089 read=13170
               ->  Index Scan using customer_pkey on customer  (cost=0.43..7.35 rows=1 width=12) (actual time=0.015..0.015 rows=0 loops=2522)
                     Index Cond: (c_customer_sk = catalog_sales.cs_bill_customer_sk)
                     Filter: (c_birth_month = 8)
                     Rows Removed by Filter: 1
                     Buffers: shared hit=9561 read=519
         ->  Index Scan using customer_address_pkey on customer_address  (cost=0.42..7.36 rows=1 width=35) (actual time=0.022..0.022 rows=0 loops=311)
               Index Cond: (ca_address_sk = customer.c_current_addr_sk)
               Filter: (ca_state = ANY ('{MN,OK,SC}'::bpchar[]))
               Rows Removed by Filter: 1
               Buffers: shared hit=698 read=546
 Planning:
   Buffers: shared hit=454
 Planning Time: 4.673 ms
 Execution Time: 55953.966 ms
(53 rows)

