                                                                              QUERY PLAN                                                                               
-----------------------------------------------------------------------------------------------------------------------------------------------------------------------
 Aggregate  (cost=5948583.13..5948583.14 rows=1 width=268) (actual time=53372.560..53372.565 rows=1 loops=1)
   Buffers: shared hit=443350 read=3705393
   ->  Nested Loop  (cost=17180.68..5948583.10 rows=1 width=81) (actual time=22540.812..53372.091 rows=63 loops=1)
         Buffers: shared hit=443350 read=3705393
         ->  Nested Loop  (cost=17180.26..5948509.50 rows=10 width=54) (actual time=22305.467..53349.136 rows=1084 loops=1)
               Buffers: shared hit=441065 read=3703342
               ->  Nested Loop  (cost=17179.83..5947516.44 rows=135 width=54) (actual time=22287.450..53277.000 rows=5541 loops=1)
                     Buffers: shared hit=419637 read=3702622
                     ->  Nested Loop  (cost=17179.40..5930277.59 rows=2344 width=50) (actual time=22285.593..52054.600 rows=96885 loops=1)
                           Buffers: shared hit=58837 read=3676310
                           ->  Hash Join  (cost=17179.10..5903169.20 rows=472949 width=54) (actual time=131.566..51864.832 rows=381890 loops=1)
                                 Hash Cond: (catalog_sales.cs_item_sk = item.i_item_sk)
                                 Buffers: shared hit=52426 read=3676310
                                 ->  Seq Scan on catalog_sales  (cost=0.00..5874397.76 rows=4416036 width=41) (actual time=0.032..50687.562 rows=4444683 loops=1)
                                       Filter: ((cs_wholesale_cost >= '53'::numeric) AND (cs_wholesale_cost <= '58'::numeric))
                                       Rows Removed by Filter: 139547616
                                       Buffers: shared hit=38070 read=3676310
                                 ->  Hash  (cost=16906.00..16906.00 rows=21848 width=21) (actual time=131.293..131.294 rows=21811 loops=1)
                                       Buckets: 32768  Batches: 1  Memory Usage: 1449kB
                                       Buffers: shared hit=14356
                                       ->  Seq Scan on item  (cost=0.00..16906.00 rows=21848 width=21) (actual time=0.034..125.506 rows=21811 loops=1)
                                             Filter: (i_category = 'Sports'::bpchar)
                                             Rows Removed by Filter: 182189
                                             Buffers: shared hit=14356
                           ->  Memoize  (cost=0.30..7.22 rows=1 width=4) (actual time=0.000..0.000 rows=0 loops=381890)
                                 Cache Key: catalog_sales.cs_sold_date_sk
                                 Cache Mode: logical
                                 Hits: 379752  Misses: 2138  Evictions: 0  Overflows: 0  Memory Usage: 155kB
                                 Buffers: shared hit=6411
                                 ->  Index Scan using date_dim_pkey on date_dim  (cost=0.29..7.21 rows=1 width=4) (actual time=0.016..0.016 rows=0 loops=2138)
                                       Index Cond: (d_date_sk = catalog_sales.cs_sold_date_sk)
                                       Filter: (d_year = 2001)
                                       Rows Removed by Filter: 1
                                       Buffers: shared hit=6411
                     ->  Index Scan using customer_pkey on customer  (cost=0.43..7.35 rows=1 width=12) (actual time=0.012..0.012 rows=0 loops=96885)
                           Index Cond: (c_customer_sk = catalog_sales.cs_bill_customer_sk)
                           Filter: (c_birth_month = 3)
                           Rows Removed by Filter: 1
                           Buffers: shared hit=360800 read=26312
               ->  Index Scan using customer_demographics_pkey on customer_demographics  (cost=0.43..7.36 rows=1 width=8) (actual time=0.012..0.012 rows=0 loops=5541)
                     Index Cond: (cd_demo_sk = catalog_sales.cs_bill_cdemo_sk)
                     Filter: ((cd_gender = 'M'::bpchar) AND (cd_education_status = '2 yr Degree'::bpchar))
                     Rows Removed by Filter: 1
                     Buffers: shared hit=21428 read=720
         ->  Index Scan using customer_address_pkey on customer_address  (cost=0.42..7.36 rows=1 width=35) (actual time=0.020..0.020 rows=0 loops=1084)
               Index Cond: (ca_address_sk = customer.c_current_addr_sk)
               Filter: (ca_state = ANY ('{AR,ID,TX}'::bpchar[]))
               Rows Removed by Filter: 1
               Buffers: shared hit=2285 read=2051
 Planning:
   Buffers: shared hit=454
 Planning Time: 2.065 ms
 Execution Time: 53372.895 ms
(53 rows)

