                                                                                  QUERY PLAN                                                                                  
------------------------------------------------------------------------------------------------------------------------------------------------------------------------------
 Aggregate  (cost=5942294.39..5942294.40 rows=1 width=268) (actual time=47210.770..47210.776 rows=1 loops=1)
   Buffers: shared hit=254018 read=3674309
   ->  Nested Loop  (cost=17242.40..5942294.36 rows=1 width=81) (actual time=7549.705..47210.704 rows=9 loops=1)
         Buffers: shared hit=254018 read=3674309
         ->  Nested Loop  (cost=17241.97..5942147.26 rows=20 width=54) (actual time=7182.231..47208.150 rows=125 loops=1)
               Buffers: shared hit=253758 read=3674069
               ->  Nested Loop  (cost=17241.54..5941058.77 rows=148 width=50) (actual time=7156.707..47192.676 rows=983 loops=1)
                     Buffers: shared hit=250127 read=3673768
                     ->  Nested Loop  (cost=17241.12..5925780.22 rows=2077 width=50) (actual time=7132.534..46681.323 rows=47254 loops=1)
                           Buffers: shared hit=68994 read=3666153
                           ->  Hash Join  (cost=17240.81..5900017.82 rows=419110 width=54) (actual time=173.595..46548.011 rows=307203 loops=1)
                                 Hash Cond: (catalog_sales.cs_item_sk = item.i_item_sk)
                                 Buffers: shared hit=62583 read=3666153
                                 ->  Seq Scan on catalog_sales  (cost=0.00..5874397.76 rows=3192026 width=41) (actual time=0.113..45593.078 rows=3238451 loops=1)
                                       Filter: ((cs_wholesale_cost >= '31'::numeric) AND (cs_wholesale_cost <= '36'::numeric))
                                       Rows Removed by Filter: 140753848
                                       Buffers: shared hit=51005 read=3663375
                                 ->  Hash  (cost=16906.00..16906.00 rows=26785 width=21) (actual time=173.319..173.321 rows=26695 loops=1)
                                       Buckets: 32768  Batches: 1  Memory Usage: 1716kB
                                       Buffers: shared hit=11578 read=2778
                                       ->  Seq Scan on item  (cost=0.00..16906.00 rows=26785 width=21) (actual time=0.035..163.708 rows=26695 loops=1)
                                             Filter: (i_category = 'Children'::bpchar)
                                             Rows Removed by Filter: 177305
                                             Buffers: shared hit=11578 read=2778
                           ->  Memoize  (cost=0.30..7.22 rows=1 width=4) (actual time=0.000..0.000 rows=0 loops=307203)
                                 Cache Key: catalog_sales.cs_sold_date_sk
                                 Cache Mode: logical
                                 Hits: 305065  Misses: 2138  Evictions: 0  Overflows: 0  Memory Usage: 155kB
                                 Buffers: shared hit=6411
                                 ->  Index Scan using date_dim_pkey on date_dim  (cost=0.29..7.21 rows=1 width=4) (actual time=0.013..0.013 rows=0 loops=2138)
                                       Index Cond: (d_date_sk = catalog_sales.cs_sold_date_sk)
                                       Filter: (d_year = 1999)
                                       Rows Removed by Filter: 1
                                       Buffers: shared hit=6411
                     ->  Index Scan using customer_demographics_pkey on customer_demographics  (cost=0.43..7.36 rows=1 width=8) (actual time=0.011..0.011 rows=0 loops=47254)
                           Index Cond: (cd_demo_sk = catalog_sales.cs_bill_cdemo_sk)
                           Filter: ((cd_gender = 'F'::bpchar) AND (cd_education_status = 'Primary'::bpchar))
                           Rows Removed by Filter: 1
                           Buffers: shared hit=181133 read=7615
               ->  Index Scan using customer_pkey on customer  (cost=0.43..7.35 rows=1 width=12) (actual time=0.015..0.015 rows=0 loops=983)
                     Index Cond: (c_customer_sk = catalog_sales.cs_bill_customer_sk)
                     Filter: (c_birth_month = 10)
                     Rows Removed by Filter: 1
                     Buffers: shared hit=3631 read=301
         ->  Index Scan using customer_address_pkey on customer_address  (cost=0.42..7.35 rows=1 width=35) (actual time=0.019..0.019 rows=0 loops=125)
               Index Cond: (ca_address_sk = customer.c_current_addr_sk)
               Filter: (ca_state = ANY ('{IN,MN,WY}'::bpchar[]))
               Rows Removed by Filter: 1
               Buffers: shared hit=260 read=240
 Planning:
   Buffers: shared hit=454
 Planning Time: 2.765 ms
 Execution Time: 47211.187 ms
(53 rows)

