                                                                              QUERY PLAN                                                                              
----------------------------------------------------------------------------------------------------------------------------------------------------------------------
 Aggregate  (cost=5923930.65..5923930.66 rows=1 width=268) (actual time=46255.932..46255.936 rows=1 loops=1)
   Buffers: shared hit=105188 read=3667659
   ->  Nested Loop  (cost=17019.78..5923930.62 rows=1 width=81) (actual time=46255.927..46255.931 rows=0 loops=1)
         Buffers: shared hit=105188 read=3667659
         ->  Nested Loop  (cost=17019.36..5923915.89 rows=2 width=54) (actual time=7156.047..46255.762 rows=7 loops=1)
               Buffers: shared hit=105174 read=3667645
               ->  Nested Loop  (cost=17018.93..5923709.92 rows=28 width=54) (actual time=6278.939..46249.360 rows=342 loops=1)
                     Buffers: shared hit=103861 read=3667590
                     ->  Nested Loop  (cost=17018.50..5918591.07 rows=696 width=50) (actual time=6275.834..46110.268 rows=9087 loops=1)
                           Buffers: shared hit=71087 read=3664060
                           ->  Hash Join  (cost=17018.20..5899795.21 rows=140449 width=54) (actual time=129.301..46043.193 rows=69958 loops=1)
                                 Hash Cond: (catalog_sales.cs_item_sk = item.i_item_sk)
                                 Buffers: shared hit=64676 read=3664060
                                 ->  Seq Scan on catalog_sales  (cost=0.00..5874397.76 rows=3192026 width=41) (actual time=0.070..45286.078 rows=3238451 loops=1)
                                       Filter: ((cs_wholesale_cost >= '28'::numeric) AND (cs_wholesale_cost <= '33'::numeric))
                                       Rows Removed by Filter: 140753848
                                       Buffers: shared hit=61839 read=3652541
                                 ->  Hash  (cost=16906.00..16906.00 rows=8976 width=21) (actual time=128.994..128.995 rows=8826 loops=1)
                                       Buckets: 16384  Batches: 1  Memory Usage: 611kB
                                       Buffers: shared hit=2837 read=11519
                                       ->  Seq Scan on item  (cost=0.00..16906.00 rows=8976 width=21) (actual time=0.029..126.662 rows=8826 loops=1)
                                             Filter: (i_category = 'Jewelry'::bpchar)
                                             Rows Removed by Filter: 195174
                                             Buffers: shared hit=2837 read=11519
                           ->  Memoize  (cost=0.30..7.22 rows=1 width=4) (actual time=0.001..0.001 rows=0 loops=69958)
                                 Cache Key: catalog_sales.cs_sold_date_sk
                                 Cache Mode: logical
                                 Hits: 67820  Misses: 2138  Evictions: 0  Overflows: 0  Memory Usage: 155kB
                                 Buffers: shared hit=6411
                                 ->  Index Scan using date_dim_pkey on date_dim  (cost=0.29..7.21 rows=1 width=4) (actual time=0.012..0.012 rows=0 loops=2138)
                                       Index Cond: (d_date_sk = catalog_sales.cs_sold_date_sk)
                                       Filter: (d_year = 1999)
                                       Rows Removed by Filter: 1
                                       Buffers: shared hit=6411
                     ->  Index Scan using customer_pkey on customer  (cost=0.43..7.35 rows=1 width=12) (actual time=0.015..0.015 rows=0 loops=9087)
                           Index Cond: (c_customer_sk = catalog_sales.cs_bill_customer_sk)
                           Filter: (c_birth_month = 9)
                           Rows Removed by Filter: 1
                           Buffers: shared hit=32774 read=3530
               ->  Index Scan using customer_demographics_pkey on customer_demographics  (cost=0.43..7.36 rows=1 width=8) (actual time=0.018..0.018 rows=0 loops=342)
                     Index Cond: (cd_demo_sk = catalog_sales.cs_bill_cdemo_sk)
                     Filter: ((cd_gender = 'F'::bpchar) AND (cd_education_status = 'Secondary'::bpchar))
                     Rows Removed by Filter: 1
                     Buffers: shared hit=1313 read=55
         ->  Index Scan using customer_address_pkey on customer_address  (cost=0.42..7.36 rows=1 width=35) (actual time=0.023..0.023 rows=0 loops=7)
               Index Cond: (ca_address_sk = customer.c_current_addr_sk)
               Filter: (ca_state = ANY ('{FL,NE,TX}'::bpchar[]))
               Rows Removed by Filter: 1
               Buffers: shared hit=14 read=14
 Planning:
   Buffers: shared hit=404 read=50
 Planning Time: 4.992 ms
 Execution Time: 46256.623 ms
(53 rows)

