                                                                            QUERY PLAN                                                                            
------------------------------------------------------------------------------------------------------------------------------------------------------------------
 Aggregate  (cost=5932729.09..5932729.10 rows=1 width=268) (actual time=42988.205..42988.210 rows=1 loops=1)
   Buffers: shared hit=168119 read=3659820
   ->  Nested Loop  (cost=17019.78..5932729.06 rows=1 width=81) (actual time=25497.717..42988.092 rows=15 loops=1)
         Buffers: shared hit=168119 read=3659820
         ->  Nested Loop  (cost=17019.36..5932707.00 rows=3 width=81) (actual time=25497.696..42987.010 rows=68 loops=1)
               Buffers: shared hit=167886 read=3659781
               ->  Nested Loop  (cost=17018.93..5932331.55 rows=51 width=54) (actual time=25338.551..42967.940 rows=1101 loops=1)
                     Buffers: shared hit=165642 read=3657621
                     ->  Nested Loop  (cost=17018.50..5924616.77 rows=1049 width=50) (actual time=25300.847..42675.655 rows=22065 loops=1)
                           Buffers: shared hit=87646 read=3647501
                           ->  Hash Join  (cost=17018.20..5904041.53 rows=211624 width=54) (actual time=114.614..42600.176 rows=107397 loops=1)
                                 Hash Cond: (catalog_sales.cs_item_sk = item.i_item_sk)
                                 Buffers: shared hit=81235 read=3647501
                                 ->  Seq Scan on catalog_sales  (cost=0.00..5874397.76 rows=4809639 width=41) (actual time=0.068..41606.605 rows=4933013 loops=1)
                                       Filter: ((cs_wholesale_cost >= '91'::numeric) AND (cs_wholesale_cost <= '96'::numeric))
                                       Rows Removed by Filter: 139059286
                                       Buffers: shared hit=66879 read=3647501
                                 ->  Hash  (cost=16906.00..16906.00 rows=8976 width=21) (actual time=113.572..113.573 rows=8826 loops=1)
                                       Buckets: 16384  Batches: 1  Memory Usage: 611kB
                                       Buffers: shared hit=14356
                                       ->  Seq Scan on item  (cost=0.00..16906.00 rows=8976 width=21) (actual time=0.021..111.574 rows=8826 loops=1)
                                             Filter: (i_category = 'Jewelry'::bpchar)
                                             Rows Removed by Filter: 195174
                                             Buffers: shared hit=14356
                           ->  Memoize  (cost=0.30..7.22 rows=1 width=4) (actual time=0.000..0.000 rows=0 loops=107397)
                                 Cache Key: catalog_sales.cs_sold_date_sk
                                 Cache Mode: logical
                                 Hits: 105259  Misses: 2138  Evictions: 0  Overflows: 0  Memory Usage: 155kB
                                 Buffers: shared hit=6411
                                 ->  Index Scan using date_dim_pkey on date_dim  (cost=0.29..7.21 rows=1 width=4) (actual time=0.012..0.012 rows=0 loops=2138)
                                       Index Cond: (d_date_sk = catalog_sales.cs_sold_date_sk)
                                       Filter: (d_year = 2002)
                                       Rows Removed by Filter: 1
                                       Buffers: shared hit=6411
                     ->  Index Scan using customer_pkey on customer  (cost=0.43..7.35 rows=1 width=12) (actual time=0.013..0.013 rows=0 loops=22065)
                           Index Cond: (c_customer_sk = catalog_sales.cs_bill_customer_sk)
                           Filter: (c_birth_month = 7)
                           Rows Removed by Filter: 1
                           Buffers: shared hit=77996 read=10120
               ->  Index Scan using customer_address_pkey on customer_address  (cost=0.42..7.36 rows=1 width=35) (actual time=0.017..0.017 rows=0 loops=1101)
                     Index Cond: (ca_address_sk = customer.c_current_addr_sk)
                     Filter: (ca_state = ANY ('{AR,MS,PA}'::bpchar[]))
                     Rows Removed by Filter: 1
                     Buffers: shared hit=2244 read=2160
         ->  Index Scan using customer_demographics_pkey on customer_demographics  (cost=0.43..7.36 rows=1 width=8) (actual time=0.014..0.014 rows=0 loops=68)
               Index Cond: (cd_demo_sk = catalog_sales.cs_bill_cdemo_sk)
               Filter: ((cd_gender = 'M'::bpchar) AND (cd_education_status = '2 yr Degree'::bpchar))
               Rows Removed by Filter: 1
               Buffers: shared hit=233 read=39
 Planning:
   Buffers: shared hit=404 read=50
 Planning Time: 4.687 ms
 Execution Time: 42988.773 ms
(53 rows)

