                                                                              QUERY PLAN                                                                              
----------------------------------------------------------------------------------------------------------------------------------------------------------------------
 Aggregate  (cost=5952250.66..5952250.67 rows=1 width=268) (actual time=45384.057..45384.063 rows=1 loops=1)
   Buffers: shared hit=172286 read=3659965
   ->  Nested Loop  (cost=17019.78..5952250.64 rows=1 width=81) (actual time=8156.603..45384.040 rows=2 loops=1)
         Buffers: shared hit=172286 read=3659965
         ->  Nested Loop  (cost=17019.36..5952235.86 rows=2 width=54) (actual time=6855.026..45383.780 rows=12 loops=1)
               Buffers: shared hit=172262 read=3659941
               ->  Nested Loop  (cost=17018.93..5952051.96 rows=25 width=54) (actual time=6104.741..45378.636 rows=299 loops=1)
                     Buffers: shared hit=171265 read=3659742
                     ->  Nested Loop  (cost=17018.50..5938402.58 rows=1856 width=50) (actual time=6094.459..45075.334 rows=23992 loops=1)
                           Buffers: shared hit=87465 read=3647682
                           ->  Hash Join  (cost=17018.20..5913756.41 rows=374461 width=54) (actual time=127.207..44980.083 rows=184363 loops=1)
                                 Hash Cond: (catalog_sales.cs_item_sk = item.i_item_sk)
                                 Buffers: shared hit=81054 read=3647682
                                 ->  Seq Scan on catalog_sales  (cost=0.00..5874397.76 rows=8510470 width=41) (actual time=0.087..43509.592 rows=8494738 loops=1)
                                       Filter: ((cs_wholesale_cost >= '66'::numeric) AND (cs_wholesale_cost <= '71'::numeric))
                                       Rows Removed by Filter: 135497561
                                       Buffers: shared hit=66698 read=3647682
                                 ->  Hash  (cost=16906.00..16906.00 rows=8976 width=21) (actual time=126.842..126.843 rows=8826 loops=1)
                                       Buckets: 16384  Batches: 1  Memory Usage: 611kB
                                       Buffers: shared hit=14356
                                       ->  Seq Scan on item  (cost=0.00..16906.00 rows=8976 width=21) (actual time=0.026..124.325 rows=8826 loops=1)
                                             Filter: (i_category = 'Jewelry'::bpchar)
                                             Rows Removed by Filter: 195174
                                             Buffers: shared hit=14356
                           ->  Memoize  (cost=0.30..7.22 rows=1 width=4) (actual time=0.000..0.000 rows=0 loops=184363)
                                 Cache Key: catalog_sales.cs_sold_date_sk
                                 Cache Mode: logical
                                 Hits: 182225  Misses: 2138  Evictions: 0  Overflows: 0  Memory Usage: 155kB
                                 Buffers: shared hit=6411
                                 ->  Index Scan using date_dim_pkey on date_dim  (cost=0.29..7.21 rows=1 width=4) (actual time=0.012..0.012 rows=0 loops=2138)
                                       Index Cond: (d_date_sk = catalog_sales.cs_sold_date_sk)
                                       Filter: (d_year = 1999)
                                       Rows Removed by Filter: 1
                                       Buffers: shared hit=6411
                     ->  Index Scan using customer_pkey on customer  (cost=0.43..7.35 rows=1 width=12) (actual time=0.012..0.012 rows=0 loops=23992)
                           Index Cond: (c_customer_sk = catalog_sales.cs_bill_customer_sk)
                           Filter: (c_birth_month = 5)
                           Rows Removed by Filter: 1
                           Buffers: shared hit=83800 read=12060
               ->  Index Scan using customer_demographics_pkey on customer_demographics  (cost=0.43..7.36 rows=1 width=8) (actual time=0.016..0.016 rows=0 loops=299)
                     Index Cond: (cd_demo_sk = catalog_sales.cs_bill_cdemo_sk)
                     Filter: ((cd_gender = 'F'::bpchar) AND (cd_education_status = '4 yr Degree'::bpchar))
                     Rows Removed by Filter: 1
                     Buffers: shared hit=997 read=199
         ->  Index Scan using customer_address_pkey on customer_address  (cost=0.42..7.39 rows=1 width=35) (actual time=0.020..0.020 rows=0 loops=12)
               Index Cond: (ca_address_sk = customer.c_current_addr_sk)
               Filter: (ca_state = ANY ('{FL,IL,MT}'::bpchar[]))
               Rows Removed by Filter: 1
               Buffers: shared hit=24 read=24
 Planning:
   Buffers: shared hit=454
 Planning Time: 6.421 ms
 Execution Time: 45384.750 ms
(53 rows)

