                                                                                  QUERY PLAN                                                                                  
------------------------------------------------------------------------------------------------------------------------------------------------------------------------------
 Aggregate  (cost=5935257.67..5935257.68 rows=1 width=268) (actual time=43758.333..43758.338 rows=1 loops=1)
   Buffers: shared hit=143633 read=3638162
   ->  Nested Loop  (cost=16954.16..5935257.65 rows=1 width=81) (actual time=20199.408..43758.328 rows=1 loops=1)
         Buffers: shared hit=143633 read=3638162
         ->  Nested Loop  (cost=16953.73..5935213.51 rows=6 width=54) (actual time=18974.806..43757.974 rows=18 loops=1)
               Buffers: shared hit=143596 read=3638127
               ->  Nested Loop  (cost=16953.31..5934860.51 rows=48 width=50) (actual time=18667.962..43754.363 rows=225 loops=1)
                     Buffers: shared hit=142854 read=3637969
                     ->  Nested Loop  (cost=16952.88..5929843.81 rows=682 width=50) (actual time=18638.728..43618.054 rows=11430 loops=1)
                           Buffers: shared hit=100495 read=3634652
                           ->  Hash Join  (cost=16952.58..5911120.31 rows=137556 width=54) (actual time=119.761..43552.313 rows=68199 loops=1)
                                 Hash Cond: (catalog_sales.cs_item_sk = item.i_item_sk)
                                 Buffers: shared hit=94084 read=3634652
                                 ->  Seq Scan on catalog_sales  (cost=0.00..5874397.76 rows=7531262 width=41) (actual time=0.282..42296.517 rows=7518631 loops=1)
                                       Filter: ((cs_wholesale_cost >= '80'::numeric) AND (cs_wholesale_cost <= '85'::numeric))
                                       Rows Removed by Filter: 136473668
                                       Buffers: shared hit=81204 read=3633176
                                 ->  Hash  (cost=16906.00..16906.00 rows=3726 width=21) (actual time=119.301..119.302 rows=3713 loops=1)
                                       Buckets: 4096  Batches: 1  Memory Usage: 236kB
                                       Buffers: shared hit=12880 read=1476
                                       ->  Seq Scan on item  (cost=0.00..16906.00 rows=3726 width=21) (actual time=0.070..118.193 rows=3713 loops=1)
                                             Filter: (i_category = 'Music'::bpchar)
                                             Rows Removed by Filter: 200287
                                             Buffers: shared hit=12880 read=1476
                           ->  Memoize  (cost=0.30..7.22 rows=1 width=4) (actual time=0.001..0.001 rows=0 loops=68199)
                                 Cache Key: catalog_sales.cs_sold_date_sk
                                 Cache Mode: logical
                                 Hits: 66061  Misses: 2138  Evictions: 0  Overflows: 0  Memory Usage: 155kB
                                 Buffers: shared hit=6411
                                 ->  Index Scan using date_dim_pkey on date_dim  (cost=0.29..7.21 rows=1 width=4) (actual time=0.012..0.012 rows=0 loops=2138)
                                       Index Cond: (d_date_sk = catalog_sales.cs_sold_date_sk)
                                       Filter: (d_year = 2001)
                                       Rows Removed by Filter: 1
                                       Buffers: shared hit=6411
                     ->  Index Scan using customer_demographics_pkey on customer_demographics  (cost=0.43..7.36 rows=1 width=8) (actual time=0.012..0.012 rows=0 loops=11430)
                           Index Cond: (cd_demo_sk = catalog_sales.cs_bill_cdemo_sk)
                           Filter: ((cd_gender = 'F'::bpchar) AND (cd_education_status = 'Secondary'::bpchar))
                           Rows Removed by Filter: 1
                           Buffers: shared hit=42359 read=3317
               ->  Index Scan using customer_pkey on customer  (cost=0.43..7.35 rows=1 width=12) (actual time=0.015..0.015 rows=0 loops=225)
                     Index Cond: (c_customer_sk = catalog_sales.cs_bill_customer_sk)
                     Filter: (c_birth_month = 8)
                     Rows Removed by Filter: 1
                     Buffers: shared hit=742 read=158
         ->  Index Scan using customer_address_pkey on customer_address  (cost=0.42..7.36 rows=1 width=35) (actual time=0.018..0.018 rows=0 loops=18)
               Index Cond: (ca_address_sk = customer.c_current_addr_sk)
               Filter: (ca_state = ANY ('{FL,MN,NV}'::bpchar[]))
               Rows Removed by Filter: 1
               Buffers: shared hit=37 read=35
 Planning:
   Buffers: shared hit=454
 Planning Time: 4.654 ms
 Execution Time: 43758.982 ms
(53 rows)

