                                                                              QUERY PLAN                                                                               
-----------------------------------------------------------------------------------------------------------------------------------------------------------------------
 Aggregate  (cost=5933815.60..5933815.61 rows=1 width=268) (actual time=46010.358..46010.362 rows=1 loops=1)
   Buffers: shared hit=158141 read=3654582
   ->  Nested Loop  (cost=17073.85..5933815.57 rows=1 width=81) (actual time=1859.106..46010.311 rows=6 loops=1)
         Buffers: shared hit=158141 read=3654582
         ->  Nested Loop  (cost=17073.42..5933764.06 rows=7 width=54) (actual time=172.534..46007.294 rows=154 loops=1)
               Buffers: shared hit=157811 read=3654296
               ->  Nested Loop  (cost=17072.99..5933109.38 rows=89 width=54) (actual time=166.245..45988.543 rows=1238 loops=1)
                     Buffers: shared hit=153204 read=3653955
                     ->  Nested Loop  (cost=17072.57..5923666.17 rows=1284 width=50) (actual time=156.575..45744.101 rows=18028 loops=1)
                           Buffers: shared hit=95139 read=3640008
                           ->  Hash Join  (cost=17072.26..5901903.12 rows=259137 width=54) (actual time=156.531..45662.834 rows=135896 loops=1)
                                 Hash Cond: (catalog_sales.cs_item_sk = item.i_item_sk)
                                 Buffers: shared hit=88728 read=3640008
                                 ->  Seq Scan on catalog_sales  (cost=0.00..5874397.76 rows=3974433 width=41) (actual time=0.261..44671.654 rows=3999274 loops=1)
                                       Filter: ((cs_wholesale_cost >= '40'::numeric) AND (cs_wholesale_cost <= '45'::numeric))
                                       Rows Removed by Filter: 139993025
                                       Buffers: shared hit=74499 read=3639881
                                 ->  Hash  (cost=16906.00..16906.00 rows=13301 width=21) (actual time=156.002..156.003 rows=13933 loops=1)
                                       Buckets: 16384  Batches: 1  Memory Usage: 890kB
                                       Buffers: shared hit=14229 read=127
                                       ->  Seq Scan on item  (cost=0.00..16906.00 rows=13301 width=21) (actual time=0.031..151.161 rows=13933 loops=1)
                                             Filter: (i_category = 'Men'::bpchar)
                                             Rows Removed by Filter: 190067
                                             Buffers: shared hit=14229 read=127
                           ->  Memoize  (cost=0.30..7.22 rows=1 width=4) (actual time=0.000..0.000 rows=0 loops=135896)
                                 Cache Key: catalog_sales.cs_sold_date_sk
                                 Cache Mode: logical
                                 Hits: 133758  Misses: 2138  Evictions: 0  Overflows: 0  Memory Usage: 155kB
                                 Buffers: shared hit=6411
                                 ->  Index Scan using date_dim_pkey on date_dim  (cost=0.29..7.21 rows=1 width=4) (actual time=0.012..0.012 rows=0 loops=2138)
                                       Index Cond: (d_date_sk = catalog_sales.cs_sold_date_sk)
                                       Filter: (d_year = 1998)
                                       Rows Removed by Filter: 1
                                       Buffers: shared hit=6411
                     ->  Index Scan using customer_pkey on customer  (cost=0.43..7.35 rows=1 width=12) (actual time=0.013..0.013 rows=0 loops=18028)
                           Index Cond: (c_customer_sk = catalog_sales.cs_bill_customer_sk)
                           Filter: (c_birth_month = 12)
                           Rows Removed by Filter: 1
                           Buffers: shared hit=58065 read=13947
               ->  Index Scan using customer_demographics_pkey on customer_demographics  (cost=0.43..7.36 rows=1 width=8) (actual time=0.015..0.015 rows=0 loops=1238)
                     Index Cond: (cd_demo_sk = catalog_sales.cs_bill_cdemo_sk)
                     Filter: ((cd_gender = 'M'::bpchar) AND (cd_education_status = '4 yr Degree'::bpchar))
                     Rows Removed by Filter: 1
                     Buffers: shared hit=4607 read=341
         ->  Index Scan using customer_address_pkey on customer_address  (cost=0.42..7.36 rows=1 width=35) (actual time=0.018..0.018 rows=0 loops=154)
               Index Cond: (ca_address_sk = customer.c_current_addr_sk)
               Filter: (ca_state = ANY ('{FL,MI,TX}'::bpchar[]))
               Rows Removed by Filter: 1
               Buffers: shared hit=330 read=286
 Planning:
   Buffers: shared hit=454
 Planning Time: 4.436 ms
 Execution Time: 46010.836 ms
(53 rows)

