                                                                              QUERY PLAN                                                                               
-----------------------------------------------------------------------------------------------------------------------------------------------------------------------
 Aggregate  (cost=5991658.95..5991658.96 rows=1 width=268) (actual time=49326.301..49326.306 rows=1 loops=1)
   Buffers: shared hit=344957 read=3691278
   ->  Nested Loop  (cost=17019.78..5991658.87 rows=3 width=81) (actual time=29805.233..49326.273 rows=3 loops=1)
         Buffers: shared hit=344957 read=3691278
         ->  Nested Loop  (cost=17019.36..5991533.77 rows=17 width=54) (actual time=28670.024..49324.182 rows=105 loops=1)
               Buffers: shared hit=344737 read=3691078
               ->  Nested Loop  (cost=17018.93..5989797.80 rows=236 width=54) (actual time=28577.739..49269.013 rows=4823 loops=1)
                     Buffers: shared hit=326975 read=3689552
                     ->  Nested Loop  (cost=17018.50..5964793.99 rows=3400 width=50) (actual time=28577.512..48374.172 rows=70441 loops=1)
                           Buffers: shared hit=102508 read=3632639
                           ->  Hash Join  (cost=17018.20..5932354.54 rows=686194 width=54) (actual time=115.001..48232.260 rows=341873 loops=1)
                                 Hash Cond: (catalog_sales.cs_item_sk = item.i_item_sk)
                                 Buffers: shared hit=96097 read=3632639
                                 ->  Seq Scan on catalog_sales  (cost=0.00..5874397.76 rows=15595328 width=41) (actual time=0.306..46005.355 rows=15696054 loops=1)
                                       Filter: ((cs_wholesale_cost >= '24'::numeric) AND (cs_wholesale_cost <= '29'::numeric))
                                       Rows Removed by Filter: 128296245
                                       Buffers: shared hit=81868 read=3632512
                                 ->  Hash  (cost=16906.00..16906.00 rows=8976 width=21) (actual time=114.477..114.478 rows=8826 loops=1)
                                       Buckets: 16384  Batches: 1  Memory Usage: 611kB
                                       Buffers: shared hit=14229 read=127
                                       ->  Seq Scan on item  (cost=0.00..16906.00 rows=8976 width=21) (actual time=0.034..112.301 rows=8826 loops=1)
                                             Filter: (i_category = 'Jewelry'::bpchar)
                                             Rows Removed by Filter: 195174
                                             Buffers: shared hit=14229 read=127
                           ->  Memoize  (cost=0.30..7.22 rows=1 width=4) (actual time=0.000..0.000 rows=0 loops=341873)
                                 Cache Key: catalog_sales.cs_sold_date_sk
                                 Cache Mode: logical
                                 Hits: 339735  Misses: 2138  Evictions: 0  Overflows: 0  Memory Usage: 155kB
                                 Buffers: shared hit=6411
                                 ->  Index Scan using date_dim_pkey on date_dim  (cost=0.29..7.21 rows=1 width=4) (actual time=0.012..0.012 rows=0 loops=2138)
                                       Index Cond: (d_date_sk = catalog_sales.cs_sold_date_sk)
                                       Filter: (d_year = 2002)
                                       Rows Removed by Filter: 1
                                       Buffers: shared hit=6411
                     ->  Index Scan using customer_pkey on customer  (cost=0.43..7.35 rows=1 width=12) (actual time=0.012..0.012 rows=0 loops=70441)
                           Index Cond: (c_customer_sk = catalog_sales.cs_bill_customer_sk)
                           Filter: (c_birth_month = 12)
                           Rows Removed by Filter: 1
                           Buffers: shared hit=224467 read=56913
               ->  Index Scan using customer_demographics_pkey on customer_demographics  (cost=0.43..7.36 rows=1 width=8) (actual time=0.011..0.011 rows=0 loops=4823)
                     Index Cond: (cd_demo_sk = catalog_sales.cs_bill_cdemo_sk)
                     Filter: ((cd_gender = 'F'::bpchar) AND (cd_education_status = 'Primary'::bpchar))
                     Rows Removed by Filter: 1
                     Buffers: shared hit=17762 read=1526
         ->  Index Scan using customer_address_pkey on customer_address  (cost=0.42..7.36 rows=1 width=35) (actual time=0.019..0.019 rows=0 loops=105)
               Index Cond: (ca_address_sk = customer.c_current_addr_sk)
               Filter: (ca_state = ANY ('{GA,TX,WI}'::bpchar[]))
               Rows Removed by Filter: 1
               Buffers: shared hit=220 read=200
 Planning:
   Buffers: shared hit=454
 Planning Time: 4.604 ms
 Execution Time: 49326.949 ms
(53 rows)

