                                                                                  QUERY PLAN                                                                                   
-------------------------------------------------------------------------------------------------------------------------------------------------------------------------------
 Aggregate  (cost=5992692.91..5992692.92 rows=1 width=268) (actual time=50314.789..50314.794 rows=1 loops=1)
   Buffers: shared hit=898393 read=3721274
   ->  Nested Loop  (cost=17045.03..5992692.85 rows=2 width=81) (actual time=29182.276..50314.359 rows=63 loops=1)
         Buffers: shared hit=898393 read=3721274
         ->  Nested Loop  (cost=17044.61..5992501.59 rows=26 width=54) (actual time=28887.098..50295.864 rows=1071 loops=1)
               Buffers: shared hit=896045 read=3719338
               ->  Nested Loop  (cost=17044.18..5990545.40 rows=266 width=50) (actual time=28879.168..50152.998 rows=10821 loops=1)
                     Buffers: shared hit=861759 read=3710364
                     ->  Nested Loop  (cost=17043.75..5962806.69 rows=3771 width=50) (actual time=28878.946..48154.295 rows=209509 loops=1)
                           Buffers: shared hit=58629 read=3676518
                           ->  Hash Join  (cost=17043.45..5928498.88 rows=760929 width=54) (actual time=129.879..47869.478 rows=846315 loops=1)
                                 Hash Cond: (catalog_sales.cs_item_sk = item.i_item_sk)
                                 Buffers: shared hit=52218 read=3676518
                                 ->  Seq Scan on catalog_sales  (cost=0.00..5874397.76 rows=14116916 width=41) (actual time=0.054..45559.797 rows=14129630 loops=1)
                                       Filter: ((cs_wholesale_cost >= '14'::numeric) AND (cs_wholesale_cost <= '19'::numeric))
                                       Rows Removed by Filter: 129862669
                                       Buffers: shared hit=51964 read=3662416
                                 ->  Hash  (cost=16906.00..16906.00 rows=10996 width=21) (actual time=129.698..129.699 rows=11037 loops=1)
                                       Buckets: 16384  Batches: 1  Memory Usage: 732kB
                                       Buffers: shared hit=254 read=14102
                                       ->  Seq Scan on item  (cost=0.00..16906.00 rows=10996 width=21) (actual time=0.067..126.739 rows=11037 loops=1)
                                             Filter: (i_category = 'Women'::bpchar)
                                             Rows Removed by Filter: 192963
                                             Buffers: shared hit=254 read=14102
                           ->  Memoize  (cost=0.30..7.22 rows=1 width=4) (actual time=0.000..0.000 rows=0 loops=846315)
                                 Cache Key: catalog_sales.cs_sold_date_sk
                                 Cache Mode: logical
                                 Hits: 844177  Misses: 2138  Evictions: 0  Overflows: 0  Memory Usage: 155kB
                                 Buffers: shared hit=6411
                                 ->  Index Scan using date_dim_pkey on date_dim  (cost=0.29..7.21 rows=1 width=4) (actual time=0.012..0.012 rows=0 loops=2138)
                                       Index Cond: (d_date_sk = catalog_sales.cs_sold_date_sk)
                                       Filter: (d_year = 2002)
                                       Rows Removed by Filter: 1
                                       Buffers: shared hit=6411
                     ->  Index Scan using customer_demographics_pkey on customer_demographics  (cost=0.43..7.36 rows=1 width=8) (actual time=0.009..0.009 rows=0 loops=209509)
                           Index Cond: (cd_demo_sk = catalog_sales.cs_bill_cdemo_sk)
                           Filter: ((cd_gender = 'F'::bpchar) AND (cd_education_status = 'College'::bpchar))
                           Rows Removed by Filter: 1
                           Buffers: shared hit=803130 read=33846
               ->  Index Scan using customer_pkey on customer  (cost=0.43..7.35 rows=1 width=12) (actual time=0.013..0.013 rows=0 loops=10821)
                     Index Cond: (c_customer_sk = catalog_sales.cs_bill_customer_sk)
                     Filter: (c_birth_month = 2)
                     Rows Removed by Filter: 1
                     Buffers: shared hit=34286 read=8974
         ->  Index Scan using customer_address_pkey on customer_address  (cost=0.42..7.36 rows=1 width=35) (actual time=0.016..0.016 rows=0 loops=1071)
               Index Cond: (ca_address_sk = customer.c_current_addr_sk)
               Filter: (ca_state = ANY ('{IN,VA,WY}'::bpchar[]))
               Rows Removed by Filter: 1
               Buffers: shared hit=2348 read=1936
 Planning:
   Buffers: shared hit=405 read=49
 Planning Time: 4.057 ms
 Execution Time: 50315.326 ms
(53 rows)

