                                                                               QUERY PLAN                                                                               
------------------------------------------------------------------------------------------------------------------------------------------------------------------------
 Aggregate  (cost=5983897.94..5983897.95 rows=1 width=268) (actual time=45444.288..45444.293 rows=1 loops=1)
   Buffers: shared hit=614150 read=3841473
   ->  Nested Loop  (cost=17437.73..5983897.88 rows=2 width=81) (actual time=646.966..45444.176 rows=15 loops=1)
         Buffers: shared hit=614150 read=3841473
         ->  Nested Loop  (cost=17437.31..5983713.92 rows=25 width=54) (actual time=182.813..45439.105 rows=253 loops=1)
               Buffers: shared hit=613610 read=3841001
               ->  Nested Loop  (cost=17436.88..5981183.47 rows=344 width=54) (actual time=141.153..45283.229 rows=11451 loops=1)
                     Buffers: shared hit=569336 read=3839483
                     ->  Nested Loop  (cost=17436.45..5944742.34 rows=4955 width=50) (actual time=140.341..43134.999 rows=168626 loops=1)
                           Buffers: shared hit=6631 read=3728516
                           ->  Hash Join  (cost=17436.15..5904459.48 rows=999933 width=54) (actual time=140.301..42799.308 rows=1069676 loops=1)
                                 Hash Cond: (catalog_sales.cs_item_sk = item.i_item_sk)
                                 Buffers: shared hit=220 read=3728516
                                 ->  Seq Scan on catalog_sales  (cost=0.00..5874397.76 rows=4809639 width=41) (actual time=0.064..41426.404 rows=4933013 loops=1)
                                       Filter: ((cs_wholesale_cost >= '94'::numeric) AND (cs_wholesale_cost <= '99'::numeric))
                                       Rows Removed by Filter: 139059286
                                       Buffers: shared hit=220 read=3714160
                                 ->  Hash  (cost=16906.00..16906.00 rows=42412 width=21) (actual time=139.679..139.680 rows=42041 loops=1)
                                       Buckets: 65536  Batches: 1  Memory Usage: 2812kB
                                       Buffers: shared read=14356
                                       ->  Seq Scan on item  (cost=0.00..16906.00 rows=42412 width=21) (actual time=0.286..130.020 rows=42041 loops=1)
                                             Filter: (i_category = 'Electronics'::bpchar)
                                             Rows Removed by Filter: 161959
                                             Buffers: shared read=14356
                           ->  Memoize  (cost=0.30..7.22 rows=1 width=4) (actual time=0.000..0.000 rows=0 loops=1069676)
                                 Cache Key: catalog_sales.cs_sold_date_sk
                                 Cache Mode: logical
                                 Hits: 1067538  Misses: 2138  Evictions: 0  Overflows: 0  Memory Usage: 155kB
                                 Buffers: shared hit=6411
                                 ->  Index Scan using date_dim_pkey on date_dim  (cost=0.29..7.21 rows=1 width=4) (actual time=0.012..0.012 rows=0 loops=2138)
                                       Index Cond: (d_date_sk = catalog_sales.cs_sold_date_sk)
                                       Filter: (d_year = 1998)
                                       Rows Removed by Filter: 1
                                       Buffers: shared hit=6411
                     ->  Index Scan using customer_pkey on customer  (cost=0.43..7.35 rows=1 width=12) (actual time=0.013..0.013 rows=0 loops=168626)
                           Index Cond: (c_customer_sk = catalog_sales.cs_bill_customer_sk)
                           Filter: (c_birth_month = 12)
                           Rows Removed by Filter: 1
                           Buffers: shared hit=562705 read=110967
               ->  Index Scan using customer_demographics_pkey on customer_demographics  (cost=0.43..7.36 rows=1 width=8) (actual time=0.013..0.013 rows=0 loops=11451)
                     Index Cond: (cd_demo_sk = catalog_sales.cs_bill_cdemo_sk)
                     Filter: ((cd_gender = 'F'::bpchar) AND (cd_education_status = 'Primary'::bpchar))
                     Rows Removed by Filter: 1
                     Buffers: shared hit=44274 read=1518
         ->  Index Scan using customer_address_pkey on customer_address  (cost=0.42..7.36 rows=1 width=35) (actual time=0.019..0.019 rows=0 loops=253)
               Index Cond: (ca_address_sk = customer.c_current_addr_sk)
               Filter: (ca_state = ANY ('{LA,NC,OH}'::bpchar[]))
               Rows Removed by Filter: 1
               Buffers: shared hit=540 read=472
 Planning:
   Buffers: shared hit=454
 Planning Time: 4.585 ms
 Execution Time: 45444.951 ms
(53 rows)

