                                                                                  QUERY PLAN                                                                                  
------------------------------------------------------------------------------------------------------------------------------------------------------------------------------
 Aggregate  (cost=5992688.07..5992688.08 rows=1 width=268) (actual time=55382.793..55382.799 rows=1 loops=1)
   Buffers: shared hit=1992994 read=3770532
   ->  Nested Loop  (cost=2393.34..5992688.04 rows=1 width=81) (actual time=20787.429..55382.766 rows=3 loops=1)
         Buffers: shared hit=1992994 read=3770532
         ->  Nested Loop  (cost=2392.92..5992658.66 rows=4 width=68) (actual time=19106.236..55382.454 rows=15 loops=1)
               Buffers: shared hit=1992963 read=3770503
               ->  Nested Loop  (cost=2392.49..5992305.30 rows=48 width=41) (actual time=18945.533..55373.032 rows=386 loops=1)
                     Buffers: shared hit=1992107 read=3769815
                     ->  Nested Loop  (cost=2392.07..5987259.01 rows=686 width=41) (actual time=18820.639..54914.192 rows=23157 loops=1)
                           Buffers: shared hit=1911079 read=3758243
                           ->  Hash Join  (cost=2391.64..5884211.29 rows=14011 width=37) (actual time=18820.603..46269.235 rows=488984 loops=1)
                                 Hash Cond: (catalog_sales.cs_sold_date_sk = date_dim.d_date_sk)
                                 Buffers: shared hit=71661 read=3644193
                                 ->  Seq Scan on catalog_sales  (cost=0.00..5874397.76 rows=2827223 width=41) (actual time=0.109..45807.479 rows=2916247 loops=1)
                                       Filter: ((cs_wholesale_cost >= '0'::numeric) AND (cs_wholesale_cost <= '5'::numeric))
                                       Rows Removed by Filter: 141076052
                                       Buffers: shared hit=71619 read=3642761
                                 ->  Hash  (cost=2387.11..2387.11 rows=362 width=4) (actual time=23.165..23.166 rows=365 loops=1)
                                       Buckets: 1024  Batches: 1  Memory Usage: 21kB
                                       Buffers: shared hit=42 read=1432
                                       ->  Seq Scan on date_dim  (cost=0.00..2387.11 rows=362 width=4) (actual time=13.886..23.072 rows=365 loops=1)
                                             Filter: (d_year = 2001)
                                             Rows Removed by Filter: 72684
                                             Buffers: shared hit=42 read=1432
                           ->  Index Scan using customer_pkey on customer  (cost=0.43..7.35 rows=1 width=12) (actual time=0.017..0.017 rows=0 loops=488984)
                                 Index Cond: (c_customer_sk = catalog_sales.cs_bill_customer_sk)
                                 Filter: (c_birth_month = 7)
                                 Rows Removed by Filter: 1
                                 Buffers: shared hit=1839418 read=114050
                     ->  Index Scan using customer_demographics_pkey on customer_demographics  (cost=0.43..7.36 rows=1 width=8) (actual time=0.020..0.020 rows=0 loops=23157)
                           Index Cond: (cd_demo_sk = catalog_sales.cs_bill_cdemo_sk)
                           Filter: ((cd_gender = 'F'::bpchar) AND (cd_education_status = 'Secondary'::bpchar))
                           Rows Removed by Filter: 1
                           Buffers: shared hit=81028 read=11572
               ->  Index Scan using customer_address_pkey on customer_address  (cost=0.42..7.36 rows=1 width=35) (actual time=0.023..0.023 rows=0 loops=386)
                     Index Cond: (ca_address_sk = customer.c_current_addr_sk)
                     Filter: (ca_state = ANY ('{MI,NE,OH}'::bpchar[]))
                     Rows Removed by Filter: 1
                     Buffers: shared hit=856 read=688
         ->  Index Scan using item_pkey on item  (cost=0.42..7.34 rows=1 width=21) (actual time=0.019..0.019 rows=0 loops=15)
               Index Cond: (i_item_sk = catalog_sales.cs_item_sk)
               Filter: (i_category = 'Electronics'::bpchar)
               Rows Removed by Filter: 1
               Buffers: shared hit=31 read=29
 Planning:
   Buffers: shared hit=454
 Planning Time: 4.304 ms
 Execution Time: 55383.294 ms
(48 rows)

