                                                                                  QUERY PLAN                                                                                  
------------------------------------------------------------------------------------------------------------------------------------------------------------------------------
 Aggregate  (cost=5978604.52..5978604.53 rows=1 width=268) (actual time=51685.789..51685.795 rows=1 loops=1)
   Buffers: shared hit=1463712 read=3715442
   ->  Nested Loop  (cost=2393.34..5978604.49 rows=1 width=81) (actual time=734.211..51685.728 rows=8 loops=1)
         Buffers: shared hit=1463712 read=3715442
         ->  Nested Loop  (cost=2392.91..5978589.76 rows=2 width=54) (actual time=97.601..51673.023 rows=179 loops=1)
               Buffers: shared hit=1463342 read=3715096
               ->  Nested Loop  (cost=2392.49..5978384.10 rows=28 width=41) (actual time=60.937..51632.786 rows=1744 loops=1)
                     Buffers: shared hit=1458134 read=3713328
                     ->  Nested Loop  (cost=2392.07..5975441.64 rows=400 width=41) (actual time=23.733..51402.992 rows=11745 loops=1)
                           Buffers: shared hit=1417393 read=3707129
                           ->  Hash Join  (cost=2391.64..5883417.43 rows=12512 width=37) (actual time=21.784..45419.250 rows=352647 loops=1)
                                 Hash Cond: (catalog_sales.cs_sold_date_sk = date_dim.d_date_sk)
                                 Buffers: shared hit=31065 read=3684789
                                 ->  Seq Scan on catalog_sales  (cost=0.00..5874397.76 rows=2524821 width=41) (actual time=0.145..45023.118 rows=2625628 loops=1)
                                       Filter: ((cs_wholesale_cost >= '43'::numeric) AND (cs_wholesale_cost <= '48'::numeric))
                                       Rows Removed by Filter: 141366671
                                       Buffers: shared hit=31023 read=3683357
                                 ->  Hash  (cost=2387.11..2387.11 rows=362 width=4) (actual time=21.603..21.604 rows=365 loops=1)
                                       Buckets: 1024  Batches: 1  Memory Usage: 21kB
                                       Buffers: shared hit=42 read=1432
                                       ->  Seq Scan on date_dim  (cost=0.00..2387.11 rows=362 width=4) (actual time=11.912..21.540 rows=365 loops=1)
                                             Filter: (d_year = 1998)
                                             Rows Removed by Filter: 72684
                                             Buffers: shared hit=42 read=1432
                           ->  Index Scan using customer_pkey on customer  (cost=0.43..7.35 rows=1 width=12) (actual time=0.017..0.017 rows=0 loops=352647)
                                 Index Cond: (c_customer_sk = catalog_sales.cs_bill_customer_sk)
                                 Filter: (c_birth_month = 6)
                                 Rows Removed by Filter: 1
                                 Buffers: shared hit=1386328 read=22340
                     ->  Index Scan using customer_demographics_pkey on customer_demographics  (cost=0.43..7.36 rows=1 width=8) (actual time=0.019..0.019 rows=0 loops=11745)
                           Index Cond: (cd_demo_sk = catalog_sales.cs_bill_cdemo_sk)
                           Filter: ((cd_gender = 'M'::bpchar) AND (cd_education_status = 'Unknown'::bpchar))
                           Rows Removed by Filter: 1
                           Buffers: shared hit=40741 read=6199
               ->  Index Scan using item_pkey on item  (cost=0.42..7.34 rows=1 width=21) (actual time=0.022..0.022 rows=0 loops=1744)
                     Index Cond: (i_item_sk = catalog_sales.cs_item_sk)
                     Filter: (i_category = 'Home'::bpchar)
                     Rows Removed by Filter: 1
                     Buffers: shared hit=5208 read=1768
         ->  Index Scan using customer_address_pkey on customer_address  (cost=0.42..7.37 rows=1 width=35) (actual time=0.070..0.070 rows=0 loops=179)
               Index Cond: (ca_address_sk = customer.c_current_addr_sk)
               Filter: (ca_state = ANY ('{IN,KS,VA}'::bpchar[]))
               Rows Removed by Filter: 1
               Buffers: shared hit=370 read=346
 Planning:
   Buffers: shared hit=406 read=48
 Planning Time: 5.010 ms
 Execution Time: 51686.318 ms
(48 rows)

