                                                                                  QUERY PLAN                                                                                  
------------------------------------------------------------------------------------------------------------------------------------------------------------------------------
 Aggregate  (cost=5944538.91..5944538.92 rows=1 width=268) (actual time=44259.927..44259.931 rows=1 loops=1)
   Buffers: shared hit=336372 read=3712123
   ->  Nested Loop  (cost=17220.72..5944538.88 rows=1 width=81) (actual time=5936.880..44259.800 rows=18 loops=1)
         Buffers: shared hit=336372 read=3712123
         ->  Nested Loop  (cost=17220.30..5944406.48 rows=18 width=54) (actual time=5892.960..44251.695 rows=465 loops=1)
               Buffers: shared hit=335387 read=3711248
               ->  Nested Loop  (cost=17219.87..5943273.87 rows=154 width=50) (actual time=5884.223..44202.632 rows=3855 loops=1)
                     Buffers: shared hit=320112 read=3711107
                     ->  Nested Loop  (cost=17219.44..5927267.15 rows=2176 width=50) (actual time=5883.481..43401.241 rows=74107 loops=1)
                           Buffers: shared hit=60457 read=3674690
                           ->  Hash Join  (cost=17219.14..5901004.17 rows=439133 width=54) (actual time=119.224..43182.197 rows=644475 loops=1)
                                 Hash Cond: (catalog_sales.cs_item_sk = item.i_item_sk)
                                 Buffers: shared hit=54046 read=3674690
                                 ->  Seq Scan on catalog_sales  (cost=0.00..5874397.76 rows=3576029 width=41) (actual time=0.100..42180.776 rows=3595775 loops=1)
                                       Filter: ((cs_wholesale_cost >= '77'::numeric) AND (cs_wholesale_cost <= '82'::numeric))
                                       Rows Removed by Filter: 140396524
                                       Buffers: shared hit=40268 read=3674112
                                 ->  Hash  (cost=16906.00..16906.00 rows=25051 width=21) (actual time=118.678..118.679 rows=24688 loops=1)
                                       Buckets: 32768  Batches: 1  Memory Usage: 1607kB
                                       Buffers: shared hit=13778 read=578
                                       ->  Seq Scan on item  (cost=0.00..16906.00 rows=25051 width=21) (actual time=0.026..113.594 rows=24688 loops=1)
                                             Filter: (i_category = 'Books'::bpchar)
                                             Rows Removed by Filter: 179312
                                             Buffers: shared hit=13778 read=578
                           ->  Memoize  (cost=0.30..7.22 rows=1 width=4) (actual time=0.000..0.000 rows=0 loops=644475)
                                 Cache Key: catalog_sales.cs_sold_date_sk
                                 Cache Mode: logical
                                 Hits: 642337  Misses: 2138  Evictions: 0  Overflows: 0  Memory Usage: 155kB
                                 Buffers: shared hit=6411
                                 ->  Index Scan using date_dim_pkey on date_dim  (cost=0.29..7.21 rows=1 width=4) (actual time=0.012..0.012 rows=0 loops=2138)
                                       Index Cond: (d_date_sk = catalog_sales.cs_sold_date_sk)
                                       Filter: (d_year = 1999)
                                       Rows Removed by Filter: 1
                                       Buffers: shared hit=6411
                     ->  Index Scan using customer_demographics_pkey on customer_demographics  (cost=0.43..7.36 rows=1 width=8) (actual time=0.011..0.011 rows=0 loops=74107)
                           Index Cond: (cd_demo_sk = catalog_sales.cs_bill_cdemo_sk)
                           Filter: ((cd_gender = 'M'::bpchar) AND (cd_education_status = 'Advanced Degree'::bpchar))
                           Rows Removed by Filter: 1
                           Buffers: shared hit=259655 read=36417
               ->  Index Scan using customer_pkey on customer  (cost=0.43..7.35 rows=1 width=12) (actual time=0.012..0.012 rows=0 loops=3855)
                     Index Cond: (c_customer_sk = catalog_sales.cs_bill_customer_sk)
                     Filter: (c_birth_month = 8)
                     Rows Removed by Filter: 1
                     Buffers: shared hit=15275 read=141
         ->  Index Scan using customer_address_pkey on customer_address  (cost=0.42..7.36 rows=1 width=35) (actual time=0.017..0.017 rows=0 loops=465)
               Index Cond: (ca_address_sk = customer.c_current_addr_sk)
               Filter: (ca_state = ANY ('{FL,OH,SD}'::bpchar[]))
               Rows Removed by Filter: 1
               Buffers: shared hit=985 read=875
 Planning:
   Buffers: shared hit=407 read=47
 Planning Time: 4.608 ms
 Execution Time: 44260.507 ms
(53 rows)

