                                                                                  QUERY PLAN                                                                                  
------------------------------------------------------------------------------------------------------------------------------------------------------------------------------
 Aggregate  (cost=5926166.72..5926166.73 rows=1 width=268) (actual time=46006.213..46006.218 rows=1 loops=1)
   Buffers: shared hit=137764 read=3700771
   ->  Nested Loop  (cost=17045.03..5926166.70 rows=1 width=81) (actual time=7420.266..46006.132 rows=12 loops=1)
         Buffers: shared hit=137764 read=3700771
         ->  Nested Loop  (cost=17044.61..5926122.56 rows=6 width=54) (actual time=6183.086..46000.660 rows=296 loops=1)
               Buffers: shared hit=137154 read=3700197
               ->  Nested Loop  (cost=17044.18..5925681.28 rows=60 width=50) (actual time=6147.257..45955.762 rows=3236 loops=1)
                     Buffers: shared hit=124379 read=3700036
                     ->  Nested Loop  (cost=17043.75..5919406.55 rows=853 width=50) (actual time=6147.217..45684.143 rows=22349 loops=1)
                           Buffers: shared hit=44107 read=3691040
                           ->  Hash Join  (cost=17043.45..5899820.46 rows=172056 width=54) (actual time=140.564..45587.991 rows=193606 loops=1)
                                 Hash Cond: (catalog_sales.cs_item_sk = item.i_item_sk)
                                 Buffers: shared hit=37696 read=3691040
                                 ->  Seq Scan on catalog_sales  (cost=0.00..5874397.76 rows=3192026 width=41) (actual time=0.056..44768.126 rows=3238451 loops=1)
                                       Filter: ((cs_wholesale_cost >= '31'::numeric) AND (cs_wholesale_cost <= '36'::numeric))
                                       Rows Removed by Filter: 140753848
                                       Buffers: shared hit=37117 read=3677263
                                 ->  Hash  (cost=16906.00..16906.00 rows=10996 width=21) (actual time=139.802..139.803 rows=11037 loops=1)
                                       Buckets: 16384  Batches: 1  Memory Usage: 732kB
                                       Buffers: shared hit=579 read=13777
                                       ->  Seq Scan on item  (cost=0.00..16906.00 rows=10996 width=21) (actual time=0.062..136.649 rows=11037 loops=1)
                                             Filter: (i_category = 'Women'::bpchar)
                                             Rows Removed by Filter: 192963
                                             Buffers: shared hit=579 read=13777
                           ->  Memoize  (cost=0.30..7.22 rows=1 width=4) (actual time=0.000..0.000 rows=0 loops=193606)
                                 Cache Key: catalog_sales.cs_sold_date_sk
                                 Cache Mode: logical
                                 Hits: 191468  Misses: 2138  Evictions: 0  Overflows: 0  Memory Usage: 155kB
                                 Buffers: shared hit=6411
                                 ->  Index Scan using date_dim_pkey on date_dim  (cost=0.29..7.21 rows=1 width=4) (actual time=0.012..0.012 rows=0 loops=2138)
                                       Index Cond: (d_date_sk = catalog_sales.cs_sold_date_sk)
                                       Filter: (d_year = 1999)
                                       Rows Removed by Filter: 1
                                       Buffers: shared hit=6411
                     ->  Index Scan using customer_demographics_pkey on customer_demographics  (cost=0.43..7.36 rows=1 width=8) (actual time=0.012..0.012 rows=0 loops=22349)
                           Index Cond: (cd_demo_sk = catalog_sales.cs_bill_cdemo_sk)
                           Filter: ((cd_gender = 'M'::bpchar) AND (cd_education_status = 'Unknown'::bpchar))
                           Rows Removed by Filter: 1
                           Buffers: shared hit=80272 read=8996
               ->  Index Scan using customer_pkey on customer  (cost=0.43..7.35 rows=1 width=12) (actual time=0.013..0.013 rows=0 loops=3236)
                     Index Cond: (c_customer_sk = catalog_sales.cs_bill_customer_sk)
                     Filter: (c_birth_month = 1)
                     Rows Removed by Filter: 1
                     Buffers: shared hit=12775 read=161
         ->  Index Scan using customer_address_pkey on customer_address  (cost=0.42..7.36 rows=1 width=35) (actual time=0.018..0.018 rows=0 loops=296)
               Index Cond: (ca_address_sk = customer.c_current_addr_sk)
               Filter: (ca_state = ANY ('{IN,NC,VA}'::bpchar[]))
               Rows Removed by Filter: 1
               Buffers: shared hit=610 read=574
 Planning:
   Buffers: shared hit=454
 Planning Time: 6.016 ms
 Execution Time: 46006.949 ms
(53 rows)

