                                                                                 QUERY PLAN                                                                                  
-----------------------------------------------------------------------------------------------------------------------------------------------------------------------------
 Aggregate  (cost=5920229.59..5920229.60 rows=1 width=268) (actual time=43462.393..43462.398 rows=1 loops=1)
   Buffers: shared hit=86080 read=3667597
   ->  Nested Loop  (cost=16954.16..5920229.56 rows=1 width=81) (actual time=43462.389..43462.393 rows=0 loops=1)
         Buffers: shared hit=86080 read=3667597
         ->  Nested Loop  (cost=16953.73..5920207.50 rows=3 width=54) (actual time=582.121..43462.078 rows=12 loops=1)
               Buffers: shared hit=86056 read=3667573
               ->  Nested Loop  (cost=16953.31..5920038.34 rows=23 width=50) (actual time=582.096..43460.504 rows=89 loops=1)
                     Buffers: shared hit=85707 read=3667566
                     ->  Nested Loop  (cost=16952.88..5917654.99 rows=324 width=50) (actual time=115.314..43391.135 rows=4539 loops=1)
                           Buffers: shared hit=69401 read=3665740
                           ->  Hash Join  (cost=16952.58..5900737.61 rows=65315 width=54) (actual time=115.286..43337.005 rows=32953 loops=1)
                                 Hash Cond: (catalog_sales.cs_item_sk = item.i_item_sk)
                                 Buffers: shared hit=62996 read=3665740
                                 ->  Seq Scan on catalog_sales  (cost=0.00..5874397.76 rows=3576029 width=41) (actual time=0.097..42568.180 rows=3595775 loops=1)
                                       Filter: ((cs_wholesale_cost >= '76'::numeric) AND (cs_wholesale_cost <= '81'::numeric))
                                       Rows Removed by Filter: 140396524
                                       Buffers: shared hit=48640 read=3665740
                                 ->  Hash  (cost=16906.00..16906.00 rows=3726 width=21) (actual time=114.907..114.907 rows=3713 loops=1)
                                       Buckets: 4096  Batches: 1  Memory Usage: 236kB
                                       Buffers: shared hit=14356
                                       ->  Seq Scan on item  (cost=0.00..16906.00 rows=3726 width=21) (actual time=0.044..114.010 rows=3713 loops=1)
                                             Filter: (i_category = 'Music'::bpchar)
                                             Rows Removed by Filter: 200287
                                             Buffers: shared hit=14356
                           ->  Memoize  (cost=0.30..7.22 rows=1 width=4) (actual time=0.001..0.001 rows=0 loops=32953)
                                 Cache Key: catalog_sales.cs_sold_date_sk
                                 Cache Mode: logical
                                 Hits: 30817  Misses: 2136  Evictions: 0  Overflows: 0  Memory Usage: 155kB
                                 Buffers: shared hit=6405
                                 ->  Index Scan using date_dim_pkey on date_dim  (cost=0.29..7.21 rows=1 width=4) (actual time=0.012..0.012 rows=0 loops=2136)
                                       Index Cond: (d_date_sk = catalog_sales.cs_sold_date_sk)
                                       Filter: (d_year = 1998)
                                       Rows Removed by Filter: 1
                                       Buffers: shared hit=6405
                     ->  Index Scan using customer_demographics_pkey on customer_demographics  (cost=0.43..7.36 rows=1 width=8) (actual time=0.015..0.015 rows=0 loops=4539)
                           Index Cond: (cd_demo_sk = catalog_sales.cs_bill_cdemo_sk)
                           Filter: ((cd_gender = 'F'::bpchar) AND (cd_education_status = 'Primary'::bpchar))
                           Rows Removed by Filter: 1
                           Buffers: shared hit=16306 read=1826
               ->  Index Scan using customer_pkey on customer  (cost=0.43..7.35 rows=1 width=12) (actual time=0.017..0.017 rows=0 loops=89)
                     Index Cond: (c_customer_sk = catalog_sales.cs_bill_customer_sk)
                     Filter: (c_birth_month = 10)
                     Rows Removed by Filter: 1
                     Buffers: shared hit=349 read=7
         ->  Index Scan using customer_address_pkey on customer_address  (cost=0.42..7.35 rows=1 width=35) (actual time=0.025..0.025 rows=0 loops=12)
               Index Cond: (ca_address_sk = customer.c_current_addr_sk)
               Filter: (ca_state = ANY ('{KS,KY,NY}'::bpchar[]))
               Rows Removed by Filter: 1
               Buffers: shared hit=24 read=24
 Planning:
   Buffers: shared hit=452 read=2
 Planning Time: 5.245 ms
 Execution Time: 43463.016 ms
(53 rows)

