                                                                                  QUERY PLAN                                                                                   
-------------------------------------------------------------------------------------------------------------------------------------------------------------------------------
 Aggregate  (cost=5991220.29..5991220.30 rows=1 width=268) (actual time=52941.579..52941.584 rows=1 loops=1)
   Buffers: shared hit=1726168 read=3742851
   ->  Nested Loop  (cost=17119.15..5991220.26 rows=1 width=81) (actual time=26957.548..52941.152 rows=71 loops=1)
         Buffers: shared hit=1726168 read=3742851
         ->  Nested Loop  (cost=17118.72..5991021.61 rows=27 width=54) (actual time=26858.448..52908.715 rows=1334 loops=1)
               Buffers: shared hit=1723218 read=3740465
               ->  Nested Loop  (cost=17118.29..5988660.93 rows=321 width=50) (actual time=26856.061..52623.169 rows=15608 loops=1)
                     Buffers: shared hit=1669225 read=3732062
                     ->  Nested Loop  (cost=17117.87..5956604.26 rows=4358 width=50) (actual time=26856.027..46326.738 rows=417054 loops=1)
                           Buffers: shared hit=61551 read=3673596
                           ->  Hash Join  (cost=17117.56..5919336.93 rows=879311 width=54) (actual time=125.936..45780.065 rows=1768937 loops=1)
                                 Hash Cond: (catalog_sales.cs_item_sk = item.i_item_sk)
                                 Buffers: shared hit=55140 read=3673596
                                 ->  Seq Scan on catalog_sales  (cost=0.00..5874397.76 rows=10598487 width=41) (actual time=0.054..43628.623 rows=10312840 loops=1)
                                       Filter: ((cs_wholesale_cost >= '86'::numeric) AND (cs_wholesale_cost <= '91'::numeric))
                                       Rows Removed by Filter: 133679459
                                       Buffers: shared hit=40784 read=3673596
                                 ->  Hash  (cost=16906.00..16906.00 rows=16925 width=21) (actual time=125.578..125.578 rows=17141 loops=1)
                                       Buckets: 32768  Batches: 1  Memory Usage: 1194kB
                                       Buffers: shared hit=14356
                                       ->  Seq Scan on item  (cost=0.00..16906.00 rows=16925 width=21) (actual time=0.018..121.563 rows=17141 loops=1)
                                             Filter: (i_category = 'Home'::bpchar)
                                             Rows Removed by Filter: 186859
                                             Buffers: shared hit=14356
                           ->  Memoize  (cost=0.30..7.22 rows=1 width=4) (actual time=0.000..0.000 rows=0 loops=1768937)
                                 Cache Key: catalog_sales.cs_sold_date_sk
                                 Cache Mode: logical
                                 Hits: 1766799  Misses: 2138  Evictions: 0  Overflows: 0  Memory Usage: 155kB
                                 Buffers: shared hit=6411
                                 ->  Index Scan using date_dim_pkey on date_dim  (cost=0.29..7.21 rows=1 width=4) (actual time=0.013..0.013 rows=0 loops=2138)
                                       Index Cond: (d_date_sk = catalog_sales.cs_sold_date_sk)
                                       Filter: (d_year = 2002)
                                       Rows Removed by Filter: 1
                                       Buffers: shared hit=6411
                     ->  Index Scan using customer_demographics_pkey on customer_demographics  (cost=0.43..7.36 rows=1 width=8) (actual time=0.015..0.015 rows=0 loops=417054)
                           Index Cond: (cd_demo_sk = catalog_sales.cs_bill_cdemo_sk)
                           Filter: ((cd_gender = 'F'::bpchar) AND (cd_education_status = '4 yr Degree'::bpchar))
                           Rows Removed by Filter: 1
                           Buffers: shared hit=1607674 read=58466
               ->  Index Scan using customer_pkey on customer  (cost=0.43..7.35 rows=1 width=12) (actual time=0.018..0.018 rows=0 loops=15608)
                     Index Cond: (c_customer_sk = catalog_sales.cs_bill_customer_sk)
                     Filter: (c_birth_month = 11)
                     Rows Removed by Filter: 1
                     Buffers: shared hit=53993 read=8403
         ->  Index Scan using customer_address_pkey on customer_address  (cost=0.42..7.36 rows=1 width=35) (actual time=0.024..0.024 rows=0 loops=1334)
               Index Cond: (ca_address_sk = customer.c_current_addr_sk)
               Filter: (ca_state = ANY ('{NV,TN,WI}'::bpchar[]))
               Rows Removed by Filter: 1
               Buffers: shared hit=2950 read=2386
 Planning:
   Buffers: shared hit=454
 Planning Time: 4.860 ms
 Execution Time: 52942.223 ms
(53 rows)

