                                                                              QUERY PLAN                                                                              
----------------------------------------------------------------------------------------------------------------------------------------------------------------------
 Aggregate  (cost=5932028.73..5932028.74 rows=1 width=268) (actual time=44170.778..44170.783 rows=1 loops=1)
   Buffers: shared hit=92505 read=3681991
   ->  Nested Loop  (cost=16954.16..5932028.71 rows=1 width=81) (actual time=13462.680..44170.771 rows=1 loops=1)
         Buffers: shared hit=92505 read=3681991
         ->  Nested Loop  (cost=16953.73..5932013.98 rows=2 width=54) (actual time=12280.230..44170.318 rows=21 loops=1)
               Buffers: shared hit=92454 read=3681958
               ->  Nested Loop  (cost=16953.31..5931837.44 rows=24 width=54) (actual time=11774.508..44163.212 rows=369 loops=1)
                     Buffers: shared hit=91207 read=3681733
                     ->  Nested Loop  (cost=16952.88..5927358.68 rows=609 width=50) (actual time=11769.251..44008.707 rows=9456 loops=1)
                           Buffers: shared hit=54903 read=3680241
                           ->  Hash Join  (cost=16952.58..5909003.45 rows=122827 width=54) (actual time=130.544..43945.055 rows=61151 loops=1)
                                 Hash Cond: (catalog_sales.cs_item_sk = item.i_item_sk)
                                 Buffers: shared hit=48683 read=3680053
                                 ->  Seq Scan on catalog_sales  (cost=0.00..5874397.76 rows=6724855 width=41) (actual time=0.073..42751.820 rows=6763882 loops=1)
                                       Filter: ((cs_wholesale_cost >= '70'::numeric) AND (cs_wholesale_cost <= '75'::numeric))
                                       Rows Removed by Filter: 137228417
                                       Buffers: shared hit=48683 read=3665697
                                 ->  Hash  (cost=16906.00..16906.00 rows=3726 width=21) (actual time=129.844..129.844 rows=3713 loops=1)
                                       Buckets: 4096  Batches: 1  Memory Usage: 236kB
                                       Buffers: shared read=14356
                                       ->  Seq Scan on item  (cost=0.00..16906.00 rows=3726 width=21) (actual time=0.078..128.753 rows=3713 loops=1)
                                             Filter: (i_category = 'Music'::bpchar)
                                             Rows Removed by Filter: 200287
                                             Buffers: shared read=14356
                           ->  Memoize  (cost=0.30..7.22 rows=1 width=4) (actual time=0.001..0.001 rows=0 loops=61151)
                                 Cache Key: catalog_sales.cs_sold_date_sk
                                 Cache Mode: logical
                                 Hits: 59014  Misses: 2137  Evictions: 0  Overflows: 0  Memory Usage: 155kB
                                 Buffers: shared hit=6220 read=188
                                 ->  Index Scan using date_dim_pkey on date_dim  (cost=0.29..7.21 rows=1 width=4) (actual time=0.012..0.012 rows=0 loops=2137)
                                       Index Cond: (d_date_sk = catalog_sales.cs_sold_date_sk)
                                       Filter: (d_year = 2000)
                                       Rows Removed by Filter: 1
                                       Buffers: shared hit=6220 read=188
                     ->  Index Scan using customer_pkey on customer  (cost=0.43..7.35 rows=1 width=12) (actual time=0.016..0.016 rows=0 loops=9456)
                           Index Cond: (c_customer_sk = catalog_sales.cs_bill_customer_sk)
                           Filter: (c_birth_month = 9)
                           Rows Removed by Filter: 1
                           Buffers: shared hit=36304 read=1492
               ->  Index Scan using customer_demographics_pkey on customer_demographics  (cost=0.43..7.36 rows=1 width=8) (actual time=0.018..0.018 rows=0 loops=369)
                     Index Cond: (cd_demo_sk = catalog_sales.cs_bill_cdemo_sk)
                     Filter: ((cd_gender = 'F'::bpchar) AND (cd_education_status = '2 yr Degree'::bpchar))
                     Rows Removed by Filter: 1
                     Buffers: shared hit=1247 read=225
         ->  Index Scan using customer_address_pkey on customer_address  (cost=0.42..7.36 rows=1 width=35) (actual time=0.020..0.020 rows=0 loops=21)
               Index Cond: (ca_address_sk = customer.c_current_addr_sk)
               Filter: (ca_state = ANY ('{CO,KY,TX}'::bpchar[]))
               Rows Removed by Filter: 1
               Buffers: shared hit=51 read=33
 Planning:
   Buffers: shared hit=369 read=85
 Planning Time: 7.049 ms
 Execution Time: 44171.555 ms
(53 rows)

