                                                                              QUERY PLAN                                                                               
-----------------------------------------------------------------------------------------------------------------------------------------------------------------------
 Aggregate  (cost=5980818.93..5980818.94 rows=1 width=268) (actual time=45687.479..45687.484 rows=1 loops=1)
   Buffers: shared hit=531815 read=3709272
   ->  Nested Loop  (cost=17242.40..5980818.87 rows=2 width=81) (actual time=12326.733..45687.333 rows=20 loops=1)
         Buffers: shared hit=531815 read=3709272
         ->  Nested Loop  (cost=17241.97..5980686.39 rows=18 width=54) (actual time=12137.652..45680.399 rows=395 loops=1)
               Buffers: shared hit=530853 read=3708654
               ->  Nested Loop  (cost=17241.54..5978832.71 rows=252 width=54) (actual time=12118.540..45583.728 rows=6874 loops=1)
                     Buffers: shared hit=512613 read=3699414
                     ->  Nested Loop  (cost=17241.12..5946650.42 rows=4376 width=50) (actual time=12117.827..44405.107 rows=119347 loops=1)
                           Buffers: shared hit=54224 read=3680923
                           ->  Hash Join  (cost=17240.81..5909291.68 rows=882967 width=54) (actual time=128.831..44184.144 rows=641907 loops=1)
                                 Hash Cond: (catalog_sales.cs_item_sk = item.i_item_sk)
                                 Buffers: shared hit=47864 read=3680872
                                 ->  Seq Scan on catalog_sales  (cost=0.00..5874397.76 rows=6724855 width=41) (actual time=0.045..42608.080 rows=6763882 loops=1)
                                       Filter: ((cs_wholesale_cost >= '71'::numeric) AND (cs_wholesale_cost <= '76'::numeric))
                                       Rows Removed by Filter: 137228417
                                       Buffers: shared hit=33508 read=3680872
                                 ->  Hash  (cost=16906.00..16906.00 rows=26785 width=21) (actual time=128.475..128.476 rows=26695 loops=1)
                                       Buckets: 32768  Batches: 1  Memory Usage: 1716kB
                                       Buffers: shared hit=14356
                                       ->  Seq Scan on item  (cost=0.00..16906.00 rows=26785 width=21) (actual time=0.018..122.607 rows=26695 loops=1)
                                             Filter: (i_category = 'Children'::bpchar)
                                             Rows Removed by Filter: 177305
                                             Buffers: shared hit=14356
                           ->  Memoize  (cost=0.30..7.22 rows=1 width=4) (actual time=0.000..0.000 rows=0 loops=641907)
                                 Cache Key: catalog_sales.cs_sold_date_sk
                                 Cache Mode: logical
                                 Hits: 639769  Misses: 2138  Evictions: 0  Overflows: 0  Memory Usage: 155kB
                                 Buffers: shared hit=6360 read=51
                                 ->  Index Scan using date_dim_pkey on date_dim  (cost=0.29..7.21 rows=1 width=4) (actual time=0.012..0.012 rows=0 loops=2138)
                                       Index Cond: (d_date_sk = catalog_sales.cs_sold_date_sk)
                                       Filter: (d_year = 2000)
                                       Rows Removed by Filter: 1
                                       Buffers: shared hit=6360 read=51
                     ->  Index Scan using customer_pkey on customer  (cost=0.43..7.35 rows=1 width=12) (actual time=0.010..0.010 rows=0 loops=119347)
                           Index Cond: (c_customer_sk = catalog_sales.cs_bill_customer_sk)
                           Filter: (c_birth_month = 3)
                           Rows Removed by Filter: 1
                           Buffers: shared hit=458389 read=18491
               ->  Index Scan using customer_demographics_pkey on customer_demographics  (cost=0.43..7.36 rows=1 width=8) (actual time=0.014..0.014 rows=0 loops=6874)
                     Index Cond: (cd_demo_sk = catalog_sales.cs_bill_cdemo_sk)
                     Filter: ((cd_gender = 'M'::bpchar) AND (cd_education_status = 'Advanced Degree'::bpchar))
                     Rows Removed by Filter: 1
                     Buffers: shared hit=18240 read=9240
         ->  Index Scan using customer_address_pkey on customer_address  (cost=0.42..7.36 rows=1 width=35) (actual time=0.016..0.016 rows=0 loops=395)
               Index Cond: (ca_address_sk = customer.c_current_addr_sk)
               Filter: (ca_state = ANY ('{ID,PA,TX}'::bpchar[]))
               Rows Removed by Filter: 1
               Buffers: shared hit=962 read=618
 Planning:
   Buffers: shared hit=454
 Planning Time: 3.403 ms
 Execution Time: 45688.011 ms
(53 rows)

