                                                                                 QUERY PLAN                                                                                  
-----------------------------------------------------------------------------------------------------------------------------------------------------------------------------
 Aggregate  (cost=5976795.58..5976795.59 rows=1 width=268) (actual time=51603.376..51603.381 rows=1 loops=1)
   Buffers: shared hit=1462654 read=3682224
   ->  Nested Loop  (cost=2393.34..5976795.55 rows=1 width=81) (actual time=51603.371..51603.375 rows=0 loops=1)
         Buffers: shared hit=1462654 read=3682224
         ->  Nested Loop  (cost=2392.92..5976788.21 rows=1 width=68) (actual time=5863.684..51603.291 rows=3 loops=1)
               Buffers: shared hit=1462648 read=3682218
               ->  Nested Loop  (cost=2392.49..5976699.54 rows=12 width=41) (actual time=152.403..51600.813 rows=104 loops=1)
                     Buffers: shared hit=1462394 read=3682056
                     ->  Nested Loop  (cost=2392.07..5975441.64 rows=171 width=41) (actual time=23.693..51501.630 rows=4986 loops=1)
                           Buffers: shared hit=1446623 read=3677899
                           ->  Hash Join  (cost=2391.64..5883417.43 rows=12512 width=37) (actual time=22.492..45586.658 rows=352647 loops=1)
                                 Hash Cond: (catalog_sales.cs_sold_date_sk = date_dim.d_date_sk)
                                 Buffers: shared hit=48750 read=3667104
                                 ->  Seq Scan on catalog_sales  (cost=0.00..5874397.76 rows=2524821 width=41) (actual time=0.095..45179.250 rows=2625628 loops=1)
                                       Filter: ((cs_wholesale_cost >= '47'::numeric) AND (cs_wholesale_cost <= '52'::numeric))
                                       Rows Removed by Filter: 141366671
                                       Buffers: shared hit=48708 read=3665672
                                 ->  Hash  (cost=2387.11..2387.11 rows=362 width=4) (actual time=22.370..22.371 rows=365 loops=1)
                                       Buckets: 1024  Batches: 1  Memory Usage: 21kB
                                       Buffers: shared hit=42 read=1432
                                       ->  Seq Scan on date_dim  (cost=0.00..2387.11 rows=362 width=4) (actual time=11.516..22.307 rows=365 loops=1)
                                             Filter: (d_year = 1998)
                                             Rows Removed by Filter: 72684
                                             Buffers: shared hit=42 read=1432
                           ->  Index Scan using customer_pkey on customer  (cost=0.43..7.35 rows=1 width=12) (actual time=0.017..0.017 rows=0 loops=352647)
                                 Index Cond: (c_customer_sk = catalog_sales.cs_bill_customer_sk)
                                 Filter: (c_birth_month = 5)
                                 Rows Removed by Filter: 1
                                 Buffers: shared hit=1397873 read=10795
                     ->  Index Scan using customer_demographics_pkey on customer_demographics  (cost=0.43..7.36 rows=1 width=8) (actual time=0.019..0.019 rows=0 loops=4986)
                           Index Cond: (cd_demo_sk = catalog_sales.cs_bill_cdemo_sk)
                           Filter: ((cd_gender = 'M'::bpchar) AND (cd_education_status = 'Secondary'::bpchar))
                           Rows Removed by Filter: 1
                           Buffers: shared hit=15771 read=4157
               ->  Index Scan using customer_address_pkey on customer_address  (cost=0.42..7.39 rows=1 width=35) (actual time=0.023..0.023 rows=0 loops=104)
                     Index Cond: (ca_address_sk = customer.c_current_addr_sk)
                     Filter: (ca_state = ANY ('{MN,NC,NY}'::bpchar[]))
                     Rows Removed by Filter: 1
                     Buffers: shared hit=254 read=162
         ->  Index Scan using item_pkey on item  (cost=0.42..7.34 rows=1 width=21) (actual time=0.026..0.026 rows=0 loops=3)
               Index Cond: (i_item_sk = catalog_sales.cs_item_sk)
               Filter: (i_category = 'Electronics'::bpchar)
               Rows Removed by Filter: 1
               Buffers: shared hit=6 read=6
 Planning:
   Buffers: shared hit=404 read=50
 Planning Time: 4.878 ms
 Execution Time: 51603.754 ms
(48 rows)

