                                                                            QUERY PLAN                                                                            
------------------------------------------------------------------------------------------------------------------------------------------------------------------
 Aggregate  (cost=6018359.91..6018359.92 rows=1 width=268) (actual time=48148.869..48148.873 rows=1 loops=1)
   Buffers: shared hit=829515 read=3693628
   ->  Nested Loop  (cost=17326.55..6018359.88 rows=1 width=81) (actual time=12867.659..48148.756 rows=16 loops=1)
         Buffers: shared hit=829515 read=3693628
         ->  Nested Loop  (cost=17326.12..6018205.41 rows=21 width=81) (actual time=12447.560..48139.225 rows=596 loops=1)
               Buffers: shared hit=827557 read=3693206
               ->  Nested Loop  (cost=17325.69..6015261.39 rows=400 width=54) (actual time=12412.690..47968.115 rows=10788 loops=1)
                     Buffers: shared hit=801844 read=3675767
                     ->  Nested Loop  (cost=17325.27..5964304.18 rows=6929 width=50) (actual time=12411.729..45920.987 rows=185858 loops=1)
                           Buffers: shared hit=66328 read=3668819
                           ->  Hash Join  (cost=17324.96..5914063.17 rows=1398262 width=54) (actual time=136.588..45577.174 rows=1067649 loops=1)
                                 Hash Cond: (catalog_sales.cs_item_sk = item.i_item_sk)
                                 Buffers: shared hit=59917 read=3668819
                                 ->  Seq Scan on catalog_sales  (cost=0.00..5874397.76 rows=8510470 width=41) (actual time=0.058..43681.388 rows=8494738 loops=1)
                                       Filter: ((cs_wholesale_cost >= '65'::numeric) AND (cs_wholesale_cost <= '70'::numeric))
                                       Rows Removed by Filter: 135497561
                                       Buffers: shared hit=45714 read=3668666
                                 ->  Hash  (cost=16906.00..16906.00 rows=33517 width=21) (actual time=136.150..136.151 rows=33627 loops=1)
                                       Buckets: 65536  Batches: 1  Memory Usage: 2351kB
                                       Buffers: shared hit=14203 read=153
                                       ->  Seq Scan on item  (cost=0.00..16906.00 rows=33517 width=21) (actual time=0.037..128.455 rows=33627 loops=1)
                                             Filter: (i_category = 'Shoes'::bpchar)
                                             Rows Removed by Filter: 170373
                                             Buffers: shared hit=14203 read=153
                           ->  Memoize  (cost=0.30..7.22 rows=1 width=4) (actual time=0.000..0.000 rows=0 loops=1067649)
                                 Cache Key: catalog_sales.cs_sold_date_sk
                                 Cache Mode: logical
                                 Hits: 1065511  Misses: 2138  Evictions: 0  Overflows: 0  Memory Usage: 155kB
                                 Buffers: shared hit=6411
                                 ->  Index Scan using date_dim_pkey on date_dim  (cost=0.29..7.21 rows=1 width=4) (actual time=0.012..0.012 rows=0 loops=2138)
                                       Index Cond: (d_date_sk = catalog_sales.cs_sold_date_sk)
                                       Filter: (d_year = 2000)
                                       Rows Removed by Filter: 1
                                       Buffers: shared hit=6411
                     ->  Index Scan using customer_pkey on customer  (cost=0.43..7.35 rows=1 width=12) (actual time=0.011..0.011 rows=0 loops=185858)
                           Index Cond: (c_customer_sk = catalog_sales.cs_bill_customer_sk)
                           Filter: (c_birth_month = 3)
                           Rows Removed by Filter: 1
                           Buffers: shared hit=735516 read=6948
               ->  Index Scan using customer_address_pkey on customer_address  (cost=0.42..7.36 rows=1 width=35) (actual time=0.016..0.016 rows=0 loops=10788)
                     Index Cond: (ca_address_sk = customer.c_current_addr_sk)
                     Filter: (ca_state = ANY ('{MO,NY,RI}'::bpchar[]))
                     Rows Removed by Filter: 1
                     Buffers: shared hit=25713 read=17439
         ->  Index Scan using customer_demographics_pkey on customer_demographics  (cost=0.43..7.36 rows=1 width=8) (actual time=0.015..0.015 rows=0 loops=596)
               Index Cond: (cd_demo_sk = catalog_sales.cs_bill_cdemo_sk)
               Filter: ((cd_gender = 'F'::bpchar) AND (cd_education_status = 'Primary'::bpchar))
               Rows Removed by Filter: 1
               Buffers: shared hit=1958 read=422
 Planning:
   Buffers: shared hit=454
 Planning Time: 4.359 ms
 Execution Time: 48149.548 ms
(53 rows)

