                                                                                  QUERY PLAN                                                                                   
-------------------------------------------------------------------------------------------------------------------------------------------------------------------------------
 Aggregate  (cost=5977785.84..5977785.85 rows=1 width=268) (actual time=47859.171..47859.177 rows=1 loops=1)
   Buffers: shared hit=866045 read=3755378
   ->  Nested Loop  (cost=17220.72..5977785.76 rows=3 width=81) (actual time=19218.428..47857.469 rows=337 loops=1)
         Buffers: shared hit=866045 read=3755378
         ->  Nested Loop  (cost=17220.30..5977425.40 rows=49 width=54) (actual time=19216.607..47746.882 rows=6195 loops=1)
               Buffers: shared hit=850058 read=3746585
               ->  Nested Loop  (cost=17219.87..5975300.01 rows=289 width=50) (actual time=19213.337..47280.899 rows=36481 loops=1)
                     Buffers: shared hit=708169 read=3742650
                     ->  Nested Loop  (cost=17219.44..5945199.74 rows=4092 width=50) (actual time=19213.218..45005.320 rows=179136 loops=1)
                           Buffers: shared hit=53098 read=3682049
                           ->  Hash Join  (cost=17219.14..5909270.01 rows=825806 width=54) (actual time=136.093..44629.028 rows=1216193 loops=1)
                                 Hash Cond: (catalog_sales.cs_item_sk = item.i_item_sk)
                                 Buffers: shared hit=46687 read=3682049
                                 ->  Seq Scan on catalog_sales  (cost=0.00..5874397.76 rows=6724855 width=41) (actual time=0.069..42976.904 rows=6763882 loops=1)
                                       Filter: ((cs_wholesale_cost >= '71'::numeric) AND (cs_wholesale_cost <= '76'::numeric))
                                       Rows Removed by Filter: 137228417
                                       Buffers: shared hit=46498 read=3667882
                                 ->  Hash  (cost=16906.00..16906.00 rows=25051 width=21) (actual time=135.716..135.717 rows=24688 loops=1)
                                       Buckets: 32768  Batches: 1  Memory Usage: 1607kB
                                       Buffers: shared hit=189 read=14167
                                       ->  Seq Scan on item  (cost=0.00..16906.00 rows=25051 width=21) (actual time=0.029..129.669 rows=24688 loops=1)
                                             Filter: (i_category = 'Books'::bpchar)
                                             Rows Removed by Filter: 179312
                                             Buffers: shared hit=189 read=14167
                           ->  Memoize  (cost=0.30..7.22 rows=1 width=4) (actual time=0.000..0.000 rows=0 loops=1216193)
                                 Cache Key: catalog_sales.cs_sold_date_sk
                                 Cache Mode: logical
                                 Hits: 1214055  Misses: 2138  Evictions: 0  Overflows: 0  Memory Usage: 155kB
                                 Buffers: shared hit=6411
                                 ->  Index Scan using date_dim_pkey on date_dim  (cost=0.29..7.21 rows=1 width=4) (actual time=0.012..0.012 rows=0 loops=2138)
                                       Index Cond: (d_date_sk = catalog_sales.cs_sold_date_sk)
                                       Filter: (d_year = 2001)
                                       Rows Removed by Filter: 1
                                       Buffers: shared hit=6411
                     ->  Index Scan using customer_demographics_pkey on customer_demographics  (cost=0.43..7.36 rows=1 width=8) (actual time=0.012..0.012 rows=0 loops=179136)
                           Index Cond: (cd_demo_sk = catalog_sales.cs_bill_cdemo_sk)
                           Filter: ((cd_gender = 'M'::bpchar) AND (cd_education_status = '2 yr Degree'::bpchar))
                           Rows Removed by Filter: 1
                           Buffers: shared hit=655071 read=60601
               ->  Index Scan using customer_pkey on customer  (cost=0.43..7.35 rows=1 width=12) (actual time=0.012..0.012 rows=0 loops=36481)
                     Index Cond: (c_customer_sk = catalog_sales.cs_bill_customer_sk)
                     Filter: (c_birth_month = 4)
                     Rows Removed by Filter: 1
                     Buffers: shared hit=141889 read=3935
         ->  Index Scan using customer_address_pkey on customer_address  (cost=0.42..7.35 rows=1 width=35) (actual time=0.017..0.017 rows=0 loops=6195)
               Index Cond: (ca_address_sk = customer.c_current_addr_sk)
               Filter: (ca_state = ANY ('{CO,FL,IN}'::bpchar[]))
               Rows Removed by Filter: 1
               Buffers: shared hit=15987 read=8793
 Planning:
   Buffers: shared hit=406 read=48
 Planning Time: 4.995 ms
 Execution Time: 47859.857 ms
(53 rows)

