                                                                                  QUERY PLAN                                                                                   
-------------------------------------------------------------------------------------------------------------------------------------------------------------------------------
 Aggregate  (cost=5991161.52..5991161.53 rows=1 width=268) (actual time=52154.443..52154.449 rows=1 loops=1)
   Buffers: shared hit=1655874 read=3783797
   ->  Nested Loop  (cost=17119.15..5991161.41 rows=4 width=81) (actual time=26924.728..52154.200 rows=37 loops=1)
         Buffers: shared hit=1655874 read=3783797
         ->  Nested Loop  (cost=17118.72..5990940.72 rows=30 width=54) (actual time=26564.777..52133.847 rows=899 loops=1)
               Buffers: shared hit=1653274 read=3782801
               ->  Nested Loop  (cost=17118.29..5988660.93 rows=310 width=50) (actual time=26555.462..51973.653 rows=8701 loops=1)
                     Buffers: shared hit=1620007 read=3781280
                     ->  Nested Loop  (cost=17117.87..5956604.26 rows=4358 width=50) (actual time=26555.361..45853.088 rows=417054 loops=1)
                           Buffers: shared hit=6411 read=3728736
                           ->  Hash Join  (cost=17117.56..5919336.93 rows=879311 width=54) (actual time=132.340..45301.363 rows=1768937 loops=1)
                                 Hash Cond: (catalog_sales.cs_item_sk = item.i_item_sk)
                                 Buffers: shared read=3728736
                                 ->  Seq Scan on catalog_sales  (cost=0.00..5874397.76 rows=10598487 width=41) (actual time=0.058..43136.274 rows=10312840 loops=1)
                                       Filter: ((cs_wholesale_cost >= '85'::numeric) AND (cs_wholesale_cost <= '90'::numeric))
                                       Rows Removed by Filter: 133679459
                                       Buffers: shared read=3714380
                                 ->  Hash  (cost=16906.00..16906.00 rows=16925 width=21) (actual time=132.012..132.013 rows=17141 loops=1)
                                       Buckets: 32768  Batches: 1  Memory Usage: 1194kB
                                       Buffers: shared read=14356
                                       ->  Seq Scan on item  (cost=0.00..16906.00 rows=16925 width=21) (actual time=0.026..127.604 rows=17141 loops=1)
                                             Filter: (i_category = 'Home'::bpchar)
                                             Rows Removed by Filter: 186859
                                             Buffers: shared read=14356
                           ->  Memoize  (cost=0.30..7.22 rows=1 width=4) (actual time=0.000..0.000 rows=0 loops=1768937)
                                 Cache Key: catalog_sales.cs_sold_date_sk
                                 Cache Mode: logical
                                 Hits: 1766799  Misses: 2138  Evictions: 0  Overflows: 0  Memory Usage: 155kB
                                 Buffers: shared hit=6411
                                 ->  Index Scan using date_dim_pkey on date_dim  (cost=0.29..7.21 rows=1 width=4) (actual time=0.013..0.013 rows=0 loops=2138)
                                       Index Cond: (d_date_sk = catalog_sales.cs_sold_date_sk)
                                       Filter: (d_year = 2002)
                                       Rows Removed by Filter: 1
                                       Buffers: shared hit=6411
                     ->  Index Scan using customer_demographics_pkey on customer_demographics  (cost=0.43..7.36 rows=1 width=8) (actual time=0.014..0.014 rows=0 loops=417054)
                           Index Cond: (cd_demo_sk = catalog_sales.cs_bill_cdemo_sk)
                           Filter: ((cd_gender = 'M'::bpchar) AND (cd_education_status = 'Secondary'::bpchar))
                           Rows Removed by Filter: 1
                           Buffers: shared hit=1613596 read=52544
               ->  Index Scan using customer_pkey on customer  (cost=0.43..7.35 rows=1 width=12) (actual time=0.018..0.018 rows=0 loops=8701)
                     Index Cond: (c_customer_sk = catalog_sales.cs_bill_customer_sk)
                     Filter: (c_birth_month = 2)
                     Rows Removed by Filter: 1
                     Buffers: shared hit=33267 read=1521
         ->  Index Scan using customer_address_pkey on customer_address  (cost=0.42..7.36 rows=1 width=35) (actual time=0.022..0.022 rows=0 loops=899)
               Index Cond: (ca_address_sk = customer.c_current_addr_sk)
               Filter: (ca_state = ANY ('{AR,NE,TX}'::bpchar[]))
               Rows Removed by Filter: 1
               Buffers: shared hit=2600 read=996
 Planning:
   Buffers: shared hit=404 read=50
 Planning Time: 4.573 ms
 Execution Time: 52155.011 ms
(53 rows)

