                                                                               QUERY PLAN                                                                               
------------------------------------------------------------------------------------------------------------------------------------------------------------------------
 Aggregate  (cost=6022174.39..6022174.40 rows=1 width=268) (actual time=53683.917..53683.923 rows=1 loops=1)
   Buffers: shared hit=1315255 read=3799167
   ->  Nested Loop  (cost=19717.88..6022174.20 rows=7 width=81) (actual time=320.116..53682.854 rows=178 loops=1)
         Buffers: shared hit=1315255 read=3799167
         ->  Nested Loop  (cost=19717.46..6021762.12 rows=56 width=54) (actual time=129.415..53613.040 rows=3202 loops=1)
               Buffers: shared hit=1306958 read=3794656
               ->  Nested Loop  (cost=19717.03..6015884.84 rows=799 width=54) (actual time=128.181..53285.589 rows=21624 loops=1)
                     Buffers: shared hit=1222186 read=3792968
                     ->  Hash Join  (cost=19716.60..5931357.04 rows=11494 width=50) (actual time=127.867..48512.041 rows=321616 loops=1)
                           Hash Cond: (catalog_sales.cs_item_sk = item.i_item_sk)
                           Buffers: shared hit=14620 read=3715590
                           ->  Hash Join  (cost=2391.64..5913848.44 rows=69957 width=37) (actual time=24.544..48051.172 rows=1896832 loops=1)
                                 Hash Cond: (catalog_sales.cs_sold_date_sk = date_dim.d_date_sk)
                                 Buffers: shared hit=264 read=3715590
                                 ->  Seq Scan on catalog_sales  (cost=0.00..5874397.76 rows=14116916 width=41) (actual time=0.051..46546.704 rows=14129630 loops=1)
                                       Filter: ((cs_wholesale_cost >= '13'::numeric) AND (cs_wholesale_cost <= '18'::numeric))
                                       Rows Removed by Filter: 129862669
                                       Buffers: shared hit=222 read=3714158
                                 ->  Hash  (cost=2387.11..2387.11 rows=362 width=4) (actual time=24.459..24.460 rows=365 loops=1)
                                       Buckets: 1024  Batches: 1  Memory Usage: 21kB
                                       Buffers: shared hit=42 read=1432
                                       ->  Seq Scan on date_dim  (cost=0.00..2387.11 rows=362 width=4) (actual time=14.289..24.394 rows=365 loops=1)
                                             Filter: (d_year = 1998)
                                             Rows Removed by Filter: 72684
                                             Buffers: shared hit=42 read=1432
                           ->  Hash  (cost=16906.00..16906.00 rows=33517 width=21) (actual time=103.076..103.077 rows=33627 loops=1)
                                 Buckets: 65536  Batches: 1  Memory Usage: 2351kB
                                 Buffers: shared hit=14356
                                 ->  Seq Scan on item  (cost=0.00..16906.00 rows=33517 width=21) (actual time=0.022..97.249 rows=33627 loops=1)
                                       Filter: (i_category = 'Shoes'::bpchar)
                                       Rows Removed by Filter: 170373
                                       Buffers: shared hit=14356
                     ->  Index Scan using customer_pkey on customer  (cost=0.43..7.35 rows=1 width=12) (actual time=0.015..0.015 rows=0 loops=321616)
                           Index Cond: (c_customer_sk = catalog_sales.cs_bill_customer_sk)
                           Filter: (c_birth_month = 12)
                           Rows Removed by Filter: 1
                           Buffers: shared hit=1207566 read=77378
               ->  Index Scan using customer_demographics_pkey on customer_demographics  (cost=0.43..7.36 rows=1 width=8) (actual time=0.015..0.015 rows=0 loops=21624)
                     Index Cond: (cd_demo_sk = catalog_sales.cs_bill_cdemo_sk)
                     Filter: ((cd_gender = 'M'::bpchar) AND (cd_education_status = 'Unknown'::bpchar))
                     Rows Removed by Filter: 1
                     Buffers: shared hit=84772 read=1688
         ->  Index Scan using customer_address_pkey on customer_address  (cost=0.42..7.36 rows=1 width=35) (actual time=0.021..0.021 rows=0 loops=3202)
               Index Cond: (ca_address_sk = customer.c_current_addr_sk)
               Filter: (ca_state = ANY ('{GA,KY,NC}'::bpchar[]))
               Rows Removed by Filter: 1
               Buffers: shared hit=8297 read=4511
 Planning:
   Buffers: shared hit=454
 Planning Time: 4.414 ms
 Execution Time: 53684.469 ms
(51 rows)

