                                                                               QUERY PLAN                                                                               
------------------------------------------------------------------------------------------------------------------------------------------------------------------------
 Aggregate  (cost=6011158.07..6011158.08 rows=1 width=268) (actual time=54691.149..54691.156 rows=1 loops=1)
   Buffers: shared hit=1983778 read=3731656
   ->  Nested Loop  (cost=19829.07..6011157.96 rows=4 width=81) (actual time=29750.481..54691.053 rows=13 loops=1)
         Buffers: shared hit=1983778 read=3731656
         ->  Nested Loop  (cost=19828.64..6010922.31 rows=32 width=54) (actual time=27316.746..54681.864 rows=352 loops=1)
               Buffers: shared hit=1982935 read=3731091
               ->  Nested Loop  (cost=19828.22..6007590.12 rows=453 width=54) (actual time=27254.800..54364.740 rows=18949 loops=1)
                     Buffers: shared hit=1911817 read=3726453
                     ->  Hash Join  (cost=19827.79..5923503.03 rows=11434 width=50) (actual time=27253.011..47266.497 rows=477574 loops=1)
                           Hash Cond: (catalog_sales.cs_item_sk = item.i_item_sk)
                           Buffers: shared hit=57559 read=3672651
                           ->  Hash Join  (cost=2391.64..5905922.52 rows=54995 width=37) (actual time=27125.290..46660.859 rows=2337140 loops=1)
                                 Hash Cond: (catalog_sales.cs_sold_date_sk = date_dim.d_date_sk)
                                 Buffers: shared hit=57559 read=3658295
                                 ->  Seq Scan on catalog_sales  (cost=0.00..5874397.76 rows=11097691 width=41) (actual time=0.047..45278.850 rows=11458169 loops=1)
                                       Filter: ((cs_wholesale_cost >= '58'::numeric) AND (cs_wholesale_cost <= '63'::numeric))
                                       Rows Removed by Filter: 132534130
                                       Buffers: shared hit=57517 read=3656863
                                 ->  Hash  (cost=2387.11..2387.11 rows=362 width=4) (actual time=20.560..20.561 rows=365 loops=1)
                                       Buckets: 1024  Batches: 1  Memory Usage: 21kB
                                       Buffers: shared hit=42 read=1432
                                       ->  Seq Scan on date_dim  (cost=0.00..2387.11 rows=362 width=4) (actual time=11.645..20.497 rows=365 loops=1)
                                             Filter: (d_year = 2002)
                                             Rows Removed by Filter: 72684
                                             Buffers: shared hit=42 read=1432
                           ->  Hash  (cost=16906.00..16906.00 rows=42412 width=21) (actual time=127.483..127.483 rows=42041 loops=1)
                                 Buckets: 65536  Batches: 1  Memory Usage: 2812kB
                                 Buffers: shared read=14356
                                 ->  Seq Scan on item  (cost=0.00..16906.00 rows=42412 width=21) (actual time=0.016..118.073 rows=42041 loops=1)
                                       Filter: (i_category = 'Electronics'::bpchar)
                                       Rows Removed by Filter: 161959
                                       Buffers: shared read=14356
                     ->  Index Scan using customer_pkey on customer  (cost=0.43..7.35 rows=1 width=12) (actual time=0.015..0.015 rows=0 loops=477574)
                           Index Cond: (c_customer_sk = catalog_sales.cs_bill_customer_sk)
                           Filter: (c_birth_month = 9)
                           Rows Removed by Filter: 1
                           Buffers: shared hit=1854258 read=53802
               ->  Index Scan using customer_demographics_pkey on customer_demographics  (cost=0.43..7.36 rows=1 width=8) (actual time=0.016..0.016 rows=0 loops=18949)
                     Index Cond: (cd_demo_sk = catalog_sales.cs_bill_cdemo_sk)
                     Filter: ((cd_gender = 'F'::bpchar) AND (cd_education_status = 'Secondary'::bpchar))
                     Rows Removed by Filter: 1
                     Buffers: shared hit=71118 read=4638
         ->  Index Scan using customer_address_pkey on customer_address  (cost=0.42..7.36 rows=1 width=35) (actual time=0.025..0.025 rows=0 loops=352)
               Index Cond: (ca_address_sk = customer.c_current_addr_sk)
               Filter: (ca_state = ANY ('{MI,OH,TX}'::bpchar[]))
               Rows Removed by Filter: 1
               Buffers: shared hit=843 read=565
 Planning:
   Buffers: shared hit=405 read=49
 Planning Time: 4.575 ms
 Execution Time: 54691.633 ms
(51 rows)

