                                                                            QUERY PLAN                                                                            
------------------------------------------------------------------------------------------------------------------------------------------------------------------
 Aggregate  (cost=6000421.47..6000421.48 rows=1 width=268) (actual time=46732.437..46732.443 rows=1 loops=1)
   Buffers: shared hit=622689 read=3746626
   ->  Nested Loop  (cost=17242.40..6000421.44 rows=1 width=81) (actual time=13044.356..46732.371 rows=9 loops=1)
         Buffers: shared hit=622689 read=3746626
         ->  Nested Loop  (cost=17241.97..6000266.97 rows=21 width=81) (actual time=12100.081..46726.318 rows=434 loops=1)
               Buffers: shared hit=620980 read=3746599
               ->  Nested Loop  (cost=17241.54..5997919.12 rows=319 width=54) (actual time=12096.948..46600.159 rows=8641 loops=1)
                     Buffers: shared hit=600820 read=3732195
                     ->  Nested Loop  (cost=17241.12..5957198.94 rows=5537 width=50) (actual time=12095.287..45100.113 rows=149656 loops=1)
                           Buffers: shared hit=22770 read=3712377
                           ->  Hash Join  (cost=17240.81..5913979.02 rows=1117416 width=54) (actual time=170.246..44831.534 rows=805758 loops=1)
                                 Hash Cond: (catalog_sales.cs_item_sk = item.i_item_sk)
                                 Buffers: shared hit=16515 read=3712221
                                 ->  Seq Scan on catalog_sales  (cost=0.00..5874397.76 rows=8510470 width=41) (actual time=0.106..42881.439 rows=8494738 loops=1)
                                       Filter: ((cs_wholesale_cost >= '65'::numeric) AND (cs_wholesale_cost <= '70'::numeric))
                                       Rows Removed by Filter: 135497561
                                       Buffers: shared hit=16515 read=3697865
                                 ->  Hash  (cost=16906.00..16906.00 rows=26785 width=21) (actual time=169.853..169.854 rows=26695 loops=1)
                                       Buckets: 32768  Batches: 1  Memory Usage: 1716kB
                                       Buffers: shared read=14356
                                       ->  Seq Scan on item  (cost=0.00..16906.00 rows=26785 width=21) (actual time=0.024..161.755 rows=26695 loops=1)
                                             Filter: (i_category = 'Children'::bpchar)
                                             Rows Removed by Filter: 177305
                                             Buffers: shared read=14356
                           ->  Memoize  (cost=0.30..7.22 rows=1 width=4) (actual time=0.000..0.000 rows=0 loops=805758)
                                 Cache Key: catalog_sales.cs_sold_date_sk
                                 Cache Mode: logical
                                 Hits: 803620  Misses: 2138  Evictions: 0  Overflows: 0  Memory Usage: 155kB
                                 Buffers: shared hit=6255 read=156
                                 ->  Index Scan using date_dim_pkey on date_dim  (cost=0.29..7.21 rows=1 width=4) (actual time=0.012..0.012 rows=0 loops=2138)
                                       Index Cond: (d_date_sk = catalog_sales.cs_sold_date_sk)
                                       Filter: (d_year = 2000)
                                       Rows Removed by Filter: 1
                                       Buffers: shared hit=6255 read=156
                     ->  Index Scan using customer_pkey on customer  (cost=0.43..7.35 rows=1 width=12) (actual time=0.010..0.010 rows=0 loops=149656)
                           Index Cond: (c_customer_sk = catalog_sales.cs_bill_customer_sk)
                           Filter: (c_birth_month = 3)
                           Rows Removed by Filter: 1
                           Buffers: shared hit=578050 read=19818
               ->  Index Scan using customer_address_pkey on customer_address  (cost=0.42..7.36 rows=1 width=35) (actual time=0.014..0.014 rows=0 loops=8641)
                     Index Cond: (ca_address_sk = customer.c_current_addr_sk)
                     Filter: (ca_state = ANY ('{AL,IA,ID}'::bpchar[]))
                     Rows Removed by Filter: 1
                     Buffers: shared hit=20160 read=14404
         ->  Index Scan using customer_demographics_pkey on customer_demographics  (cost=0.43..7.36 rows=1 width=8) (actual time=0.013..0.013 rows=0 loops=434)
               Index Cond: (cd_demo_sk = catalog_sales.cs_bill_cdemo_sk)
               Filter: ((cd_gender = 'F'::bpchar) AND (cd_education_status = 'Primary'::bpchar))
               Rows Removed by Filter: 1
               Buffers: shared hit=1709 read=27
 Planning:
   Buffers: shared hit=404 read=50
 Planning Time: 5.643 ms
 Execution Time: 46733.103 ms
(53 rows)

