                                                                               QUERY PLAN                                                                               
------------------------------------------------------------------------------------------------------------------------------------------------------------------------
 Aggregate  (cost=6025050.80..6025050.81 rows=1 width=268) (actual time=48972.626..48972.631 rows=1 loops=1)
   Buffers: shared hit=1303058 read=3725197
   ->  Nested Loop  (cost=17437.73..6025050.77 rows=1 width=81) (actual time=27001.310..48972.487 rows=21 loops=1)
         Buffers: shared hit=1303058 read=3725197
         ->  Nested Loop  (cost=17437.31..6024918.16 rows=18 width=54) (actual time=26446.470..48963.197 rows=394 loops=1)
               Buffers: shared hit=1302076 read=3724603
               ->  Nested Loop  (cost=17436.88..6023093.90 rows=248 width=54) (actual time=26405.980..48814.018 rows=10328 loops=1)
                     Buffers: shared hit=1261794 read=3723593
                     ->  Nested Loop  (cost=17436.45..5966032.42 rows=7759 width=50) (actual time=26400.522..44740.868 rows=312974 loops=1)
                           Buffers: shared hit=62395 read=3672752
                           ->  Hash Join  (cost=17436.15..5911603.88 rows=1565764 width=54) (actual time=118.536..44249.002 rows=1629180 loops=1)
                                 Hash Cond: (catalog_sales.cs_item_sk = item.i_item_sk)
                                 Buffers: shared hit=55987 read=3672749
                                 ->  Seq Scan on catalog_sales  (cost=0.00..5874397.76 rows=7531262 width=41) (actual time=0.048..42360.676 rows=7518631 loops=1)
                                       Filter: ((cs_wholesale_cost >= '80'::numeric) AND (cs_wholesale_cost <= '85'::numeric))
                                       Rows Removed by Filter: 136473668
                                       Buffers: shared hit=41631 read=3672749
                                 ->  Hash  (cost=16906.00..16906.00 rows=42412 width=21) (actual time=117.916..117.917 rows=42041 loops=1)
                                       Buckets: 65536  Batches: 1  Memory Usage: 2812kB
                                       Buffers: shared hit=14356
                                       ->  Seq Scan on item  (cost=0.00..16906.00 rows=42412 width=21) (actual time=0.017..110.004 rows=42041 loops=1)
                                             Filter: (i_category = 'Electronics'::bpchar)
                                             Rows Removed by Filter: 161959
                                             Buffers: shared hit=14356
                           ->  Memoize  (cost=0.30..7.22 rows=1 width=4) (actual time=0.000..0.000 rows=0 loops=1629180)
                                 Cache Key: catalog_sales.cs_sold_date_sk
                                 Cache Mode: logical
                                 Hits: 1627042  Misses: 2138  Evictions: 0  Overflows: 0  Memory Usage: 155kB
                                 Buffers: shared hit=6408 read=3
                                 ->  Index Scan using date_dim_pkey on date_dim  (cost=0.29..7.21 rows=1 width=4) (actual time=0.012..0.012 rows=0 loops=2138)
                                       Index Cond: (d_date_sk = catalog_sales.cs_sold_date_sk)
                                       Filter: (d_year = 2002)
                                       Rows Removed by Filter: 1
                                       Buffers: shared hit=6408 read=3
                     ->  Index Scan using customer_pkey on customer  (cost=0.43..7.35 rows=1 width=12) (actual time=0.013..0.013 rows=0 loops=312974)
                           Index Cond: (c_customer_sk = catalog_sales.cs_bill_customer_sk)
                           Filter: (c_birth_month = 6)
                           Rows Removed by Filter: 1
                           Buffers: shared hit=1199399 read=50841
               ->  Index Scan using customer_demographics_pkey on customer_demographics  (cost=0.43..7.36 rows=1 width=8) (actual time=0.014..0.014 rows=0 loops=10328)
                     Index Cond: (cd_demo_sk = catalog_sales.cs_bill_cdemo_sk)
                     Filter: ((cd_gender = 'F'::bpchar) AND (cd_education_status = '4 yr Degree'::bpchar))
                     Rows Removed by Filter: 1
                     Buffers: shared hit=40282 read=1010
         ->  Index Scan using customer_address_pkey on customer_address  (cost=0.42..7.37 rows=1 width=35) (actual time=0.022..0.022 rows=0 loops=394)
               Index Cond: (ca_address_sk = customer.c_current_addr_sk)
               Filter: (ca_state = ANY ('{KS,MI,WV}'::bpchar[]))
               Rows Removed by Filter: 1
               Buffers: shared hit=982 read=594
 Planning:
   Buffers: shared hit=454
 Planning Time: 4.334 ms
 Execution Time: 48973.328 ms
(53 rows)

