                                                                              QUERY PLAN                                                                               
-----------------------------------------------------------------------------------------------------------------------------------------------------------------------
 Aggregate  (cost=5908411.02..5908411.03 rows=1 width=268) (actual time=45400.593..45400.599 rows=1 loops=1)
   Buffers: shared hit=215348 read=3673482
   ->  Nested Loop  (cost=19829.07..5908410.99 rows=1 width=81) (actual time=45400.587..45400.593 rows=0 loops=1)
         Buffers: shared hit=215348 read=3673482
         ->  Nested Loop  (cost=19828.64..5908381.53 rows=4 width=54) (actual time=13071.345..45399.710 rows=44 loops=1)
               Buffers: shared hit=215239 read=3673415
               ->  Nested Loop  (cost=19828.22..5907998.99 rows=52 width=54) (actual time=11950.240..45379.564 rows=1488 loops=1)
                     Buffers: shared hit=210198 read=3672504
                     ->  Hash Join  (cost=19827.79..5898289.32 rows=1320 width=50) (actual time=11950.194..44944.951 rows=38172 loops=1)
                           Hash Cond: (catalog_sales.cs_sold_date_sk = date_dim.d_date_sk)
                           Buffers: shared hit=61914 read=3668296
                           ->  Hash Join  (cost=17436.15..5895198.21 rows=266449 width=54) (actual time=120.499..44888.142 rows=263335 loops=1)
                                 Hash Cond: (catalog_sales.cs_item_sk = item.i_item_sk)
                                 Buffers: shared hit=61872 read=3666864
                                 ->  Seq Scan on catalog_sales  (cost=0.00..5874397.76 rows=1281611 width=41) (actual time=0.060..44412.633 rows=1213654 loops=1)
                                       Filter: ((cs_wholesale_cost >= '19'::numeric) AND (cs_wholesale_cost <= '24'::numeric))
                                       Rows Removed by Filter: 142778645
                                       Buffers: shared hit=47577 read=3666803
                                 ->  Hash  (cost=16906.00..16906.00 rows=42412 width=21) (actual time=120.153..120.155 rows=42041 loops=1)
                                       Buckets: 65536  Batches: 1  Memory Usage: 2812kB
                                       Buffers: shared hit=14295 read=61
                                       ->  Seq Scan on item  (cost=0.00..16906.00 rows=42412 width=21) (actual time=0.018..111.515 rows=42041 loops=1)
                                             Filter: (i_category = 'Electronics'::bpchar)
                                             Rows Removed by Filter: 161959
                                             Buffers: shared hit=14295 read=61
                           ->  Hash  (cost=2387.11..2387.11 rows=362 width=4) (actual time=25.326..25.327 rows=366 loops=1)
                                 Buckets: 1024  Batches: 1  Memory Usage: 21kB
                                 Buffers: shared hit=42 read=1432
                                 ->  Seq Scan on date_dim  (cost=0.00..2387.11 rows=362 width=4) (actual time=14.650..25.241 rows=366 loops=1)
                                       Filter: (d_year = 2000)
                                       Rows Removed by Filter: 72683
                                       Buffers: shared hit=42 read=1432
                     ->  Index Scan using customer_pkey on customer  (cost=0.43..7.36 rows=1 width=12) (actual time=0.011..0.011 rows=0 loops=38172)
                           Index Cond: (c_customer_sk = catalog_sales.cs_bill_customer_sk)
                           Filter: (c_birth_month = 9)
                           Rows Removed by Filter: 1
                           Buffers: shared hit=148284 read=4208
               ->  Index Scan using customer_demographics_pkey on customer_demographics  (cost=0.43..7.36 rows=1 width=8) (actual time=0.013..0.013 rows=0 loops=1488)
                     Index Cond: (cd_demo_sk = catalog_sales.cs_bill_cdemo_sk)
                     Filter: ((cd_gender = 'F'::bpchar) AND (cd_education_status = 'Advanced Degree'::bpchar))
                     Rows Removed by Filter: 1
                     Buffers: shared hit=5041 read=911
         ->  Index Scan using customer_address_pkey on customer_address  (cost=0.42..7.36 rows=1 width=35) (actual time=0.018..0.018 rows=0 loops=44)
               Index Cond: (ca_address_sk = customer.c_current_addr_sk)
               Filter: (ca_state = ANY ('{MO,OH,VA}'::bpchar[]))
               Rows Removed by Filter: 1
               Buffers: shared hit=109 read=67
 Planning:
   Buffers: shared hit=454
 Planning Time: 4.249 ms
 Execution Time: 45401.134 ms
(51 rows)

