                                                                                 QUERY PLAN                                                                                  
-----------------------------------------------------------------------------------------------------------------------------------------------------------------------------
 Aggregate  (cost=5926960.55..5926960.56 rows=1 width=268) (actual time=41865.789..41865.794 rows=1 loops=1)
   Buffers: shared hit=95453 read=3672870
   ->  Nested Loop  (cost=16954.16..5926960.52 rows=1 width=81) (actual time=41865.784..41865.788 rows=0 loops=1)
         Buffers: shared hit=95453 read=3672870
         ->  Nested Loop  (cost=16953.73..5926923.75 rows=5 width=54) (actual time=18438.454..41865.515 rows=13 loops=1)
               Buffers: shared hit=95422 read=3672849
               ->  Nested Loop  (cost=16953.31..5926673.70 rows=34 width=50) (actual time=17909.700..41863.128 rows=132 loops=1)
                     Buffers: shared hit=94911 read=3672832
                     ->  Nested Loop  (cost=16952.88..5923113.43 rows=484 width=50) (actual time=17840.798..41750.052 rows=8158 loops=1)
                           Buffers: shared hit=69380 read=3665767
                           ->  Hash Join  (cost=16952.58..5905387.14 rows=97666 width=54) (actual time=132.016..41690.720 rows=49548 loops=1)
                                 Hash Cond: (catalog_sales.cs_item_sk = item.i_item_sk)
                                 Buffers: shared hit=62969 read=3665767
                                 ->  Seq Scan on catalog_sales  (cost=0.00..5874397.76 rows=5347244 width=41) (actual time=0.040..40660.739 rows=5484290 loops=1)
                                       Filter: ((cs_wholesale_cost >= '95'::numeric) AND (cs_wholesale_cost <= '100'::numeric))
                                       Rows Removed by Filter: 138508009
                                       Buffers: shared hit=48613 read=3665767
                                 ->  Hash  (cost=16906.00..16906.00 rows=3726 width=21) (actual time=131.441..131.442 rows=3713 loops=1)
                                       Buckets: 4096  Batches: 1  Memory Usage: 236kB
                                       Buffers: shared hit=14356
                                       ->  Seq Scan on item  (cost=0.00..16906.00 rows=3726 width=21) (actual time=0.070..130.322 rows=3713 loops=1)
                                             Filter: (i_category = 'Music'::bpchar)
                                             Rows Removed by Filter: 200287
                                             Buffers: shared hit=14356
                           ->  Memoize  (cost=0.30..7.22 rows=1 width=4) (actual time=0.001..0.001 rows=0 loops=49548)
                                 Cache Key: catalog_sales.cs_sold_date_sk
                                 Cache Mode: logical
                                 Hits: 47410  Misses: 2138  Evictions: 0  Overflows: 0  Memory Usage: 155kB
                                 Buffers: shared hit=6411
                                 ->  Index Scan using date_dim_pkey on date_dim  (cost=0.29..7.21 rows=1 width=4) (actual time=0.012..0.012 rows=0 loops=2138)
                                       Index Cond: (d_date_sk = catalog_sales.cs_sold_date_sk)
                                       Filter: (d_year = 2001)
                                       Rows Removed by Filter: 1
                                       Buffers: shared hit=6411
                     ->  Index Scan using customer_demographics_pkey on customer_demographics  (cost=0.43..7.36 rows=1 width=8) (actual time=0.014..0.014 rows=0 loops=8158)
                           Index Cond: (cd_demo_sk = catalog_sales.cs_bill_cdemo_sk)
                           Filter: ((cd_gender = 'F'::bpchar) AND (cd_education_status = 'Secondary'::bpchar))
                           Rows Removed by Filter: 1
                           Buffers: shared hit=25531 read=7065
               ->  Index Scan using customer_pkey on customer  (cost=0.43..7.35 rows=1 width=12) (actual time=0.017..0.017 rows=0 loops=132)
                     Index Cond: (c_customer_sk = catalog_sales.cs_bill_customer_sk)
                     Filter: (c_birth_month = 10)
                     Rows Removed by Filter: 1
                     Buffers: shared hit=511 read=17
         ->  Index Scan using customer_address_pkey on customer_address  (cost=0.42..7.35 rows=1 width=35) (actual time=0.020..0.020 rows=0 loops=13)
               Index Cond: (ca_address_sk = customer.c_current_addr_sk)
               Filter: (ca_state = ANY ('{KY,VA,WA}'::bpchar[]))
               Rows Removed by Filter: 1
               Buffers: shared hit=31 read=21
 Planning:
   Buffers: shared hit=454
 Planning Time: 4.192 ms
 Execution Time: 41866.377 ms
(53 rows)

