                                                                              QUERY PLAN                                                                               
-----------------------------------------------------------------------------------------------------------------------------------------------------------------------
 Aggregate  (cost=5933594.68..5933594.69 rows=1 width=268) (actual time=45955.060..45955.066 rows=1 loops=1)
   Buffers: shared hit=153374 read=3663273
   ->  Nested Loop  (cost=17045.03..5933594.65 rows=1 width=81) (actual time=12608.434..45955.019 rows=5 loops=1)
         Buffers: shared hit=153374 read=3663273
         ->  Nested Loop  (cost=17044.61..5933550.50 rows=6 width=54) (actual time=12553.453..45953.941 rows=52 loops=1)
               Buffers: shared hit=153253 read=3663186
               ->  Nested Loop  (cost=17044.18..5932947.31 rows=82 width=54) (actual time=12353.162..45934.535 rows=1326 loops=1)
                     Buffers: shared hit=149149 read=3661990
                     ->  Nested Loop  (cost=17043.75..5924269.05 rows=1180 width=50) (actual time=12352.745..45702.654 rows=19017 loops=1)
                           Buffers: shared hit=75620 read=3659527
                           ->  Hash Join  (cost=17043.45..5903033.55 rows=238033 width=54) (actual time=119.121..45586.510 rows=265066 loops=1)
                                 Hash Cond: (catalog_sales.cs_item_sk = item.i_item_sk)
                                 Buffers: shared hit=69209 read=3659527
                                 ->  Seq Scan on catalog_sales  (cost=0.00..5874397.76 rows=4416036 width=41) (actual time=0.061..44565.281 rows=4444683 loops=1)
                                       Filter: ((cs_wholesale_cost >= '49'::numeric) AND (cs_wholesale_cost <= '54'::numeric))
                                       Rows Removed by Filter: 139547616
                                       Buffers: shared hit=54853 read=3659527
                                 ->  Hash  (cost=16906.00..16906.00 rows=10996 width=21) (actual time=118.889..118.890 rows=11037 loops=1)
                                       Buckets: 16384  Batches: 1  Memory Usage: 732kB
                                       Buffers: shared hit=14356
                                       ->  Seq Scan on item  (cost=0.00..16906.00 rows=10996 width=21) (actual time=0.083..116.473 rows=11037 loops=1)
                                             Filter: (i_category = 'Women'::bpchar)
                                             Rows Removed by Filter: 192963
                                             Buffers: shared hit=14356
                           ->  Memoize  (cost=0.30..7.22 rows=1 width=4) (actual time=0.000..0.000 rows=0 loops=265066)
                                 Cache Key: catalog_sales.cs_sold_date_sk
                                 Cache Mode: logical
                                 Hits: 262928  Misses: 2138  Evictions: 0  Overflows: 0  Memory Usage: 155kB
                                 Buffers: shared hit=6411
                                 ->  Index Scan using date_dim_pkey on date_dim  (cost=0.29..7.21 rows=1 width=4) (actual time=0.012..0.012 rows=0 loops=2138)
                                       Index Cond: (d_date_sk = catalog_sales.cs_sold_date_sk)
                                       Filter: (d_year = 2000)
                                       Rows Removed by Filter: 1
                                       Buffers: shared hit=6411
                     ->  Index Scan using customer_pkey on customer  (cost=0.43..7.35 rows=1 width=12) (actual time=0.012..0.012 rows=0 loops=19017)
                           Index Cond: (c_customer_sk = catalog_sales.cs_bill_customer_sk)
                           Filter: (c_birth_month = 12)
                           Rows Removed by Filter: 1
                           Buffers: shared hit=73529 read=2463
               ->  Index Scan using customer_demographics_pkey on customer_demographics  (cost=0.43..7.36 rows=1 width=8) (actual time=0.014..0.014 rows=0 loops=1326)
                     Index Cond: (cd_demo_sk = catalog_sales.cs_bill_cdemo_sk)
                     Filter: ((cd_gender = 'F'::bpchar) AND (cd_education_status = 'Unknown'::bpchar))
                     Rows Removed by Filter: 1
                     Buffers: shared hit=4104 read=1196
         ->  Index Scan using customer_address_pkey on customer_address  (cost=0.42..7.36 rows=1 width=35) (actual time=0.019..0.019 rows=0 loops=52)
               Index Cond: (ca_address_sk = customer.c_current_addr_sk)
               Filter: (ca_state = ANY ('{ID,OR,TX}'::bpchar[]))
               Rows Removed by Filter: 1
               Buffers: shared hit=121 read=87
 Planning:
   Buffers: shared hit=454
 Planning Time: 4.565 ms
 Execution Time: 45955.757 ms
(53 rows)

