                                                                             QUERY PLAN                                                                              
---------------------------------------------------------------------------------------------------------------------------------------------------------------------
 Aggregate  (cost=5923229.69..5923229.70 rows=1 width=268) (actual time=45920.270..45920.275 rows=1 loops=1)
   Buffers: shared hit=104577 read=3655168
   ->  Nested Loop  (cost=16954.16..5923229.66 rows=1 width=81) (actual time=45920.263..45920.268 rows=0 loops=1)
         Buffers: shared hit=104577 read=3655168
         ->  Nested Loop  (cost=16953.73..5923222.27 rows=1 width=54) (actual time=13127.522..45920.111 rows=7 loops=1)
               Buffers: shared hit=104561 read=3655156
               ->  Nested Loop  (cost=16953.31..5923185.49 rows=5 width=54) (actual time=12887.621..45918.372 rows=87 loops=1)
                     Buffers: shared hit=104292 read=3655077
                     ->  Nested Loop  (cost=16952.88..5920243.71 rows=400 width=50) (actual time=12525.105..45805.394 rows=6061 loops=1)
                           Buffers: shared hit=80974 read=3654167
                           ->  Hash Join  (cost=16952.58..5902942.67 rows=80658 width=54) (actual time=123.692..45746.434 rows=39939 loops=1)
                                 Hash Cond: (catalog_sales.cs_item_sk = item.i_item_sk)
                                 Buffers: shared hit=74569 read=3654167
                                 ->  Seq Scan on catalog_sales  (cost=0.00..5874397.76 rows=4416036 width=41) (actual time=0.060..44840.641 rows=4444683 loops=1)
                                       Filter: ((cs_wholesale_cost >= '52'::numeric) AND (cs_wholesale_cost <= '57'::numeric))
                                       Rows Removed by Filter: 139547616
                                       Buffers: shared hit=60213 read=3654167
                                 ->  Hash  (cost=16906.00..16906.00 rows=3726 width=21) (actual time=122.428..122.429 rows=3713 loops=1)
                                       Buckets: 4096  Batches: 1  Memory Usage: 236kB
                                       Buffers: shared hit=14356
                                       ->  Seq Scan on item  (cost=0.00..16906.00 rows=3726 width=21) (actual time=0.082..121.414 rows=3713 loops=1)
                                             Filter: (i_category = 'Music'::bpchar)
                                             Rows Removed by Filter: 200287
                                             Buffers: shared hit=14356
                           ->  Memoize  (cost=0.30..7.22 rows=1 width=4) (actual time=0.001..0.001 rows=0 loops=39939)
                                 Cache Key: catalog_sales.cs_sold_date_sk
                                 Cache Mode: logical
                                 Hits: 37803  Misses: 2136  Evictions: 0  Overflows: 0  Memory Usage: 155kB
                                 Buffers: shared hit=6405
                                 ->  Index Scan using date_dim_pkey on date_dim  (cost=0.29..7.21 rows=1 width=4) (actual time=0.013..0.013 rows=0 loops=2136)
                                       Index Cond: (d_date_sk = catalog_sales.cs_sold_date_sk)
                                       Filter: (d_year = 2000)
                                       Rows Removed by Filter: 1
                                       Buffers: shared hit=6405
                     ->  Index Scan using customer_pkey on customer  (cost=0.43..7.35 rows=1 width=12) (actual time=0.018..0.018 rows=0 loops=6061)
                           Index Cond: (c_customer_sk = catalog_sales.cs_bill_customer_sk)
                           Filter: (c_birth_month = 5)
                           Rows Removed by Filter: 1
                           Buffers: shared hit=23318 read=910
               ->  Index Scan using customer_demographics_pkey on customer_demographics  (cost=0.43..7.36 rows=1 width=8) (actual time=0.019..0.019 rows=0 loops=87)
                     Index Cond: (cd_demo_sk = catalog_sales.cs_bill_cdemo_sk)
                     Filter: ((cd_gender = 'F'::bpchar) AND (cd_education_status = '2 yr Degree'::bpchar))
                     Rows Removed by Filter: 1
                     Buffers: shared hit=269 read=79
         ->  Index Scan using customer_address_pkey on customer_address  (cost=0.42..7.39 rows=1 width=35) (actual time=0.021..0.021 rows=0 loops=7)
               Index Cond: (ca_address_sk = customer.c_current_addr_sk)
               Filter: (ca_state = ANY ('{CA,KY,VA}'::bpchar[]))
               Rows Removed by Filter: 1
               Buffers: shared hit=16 read=12
 Planning:
   Buffers: shared hit=454
 Planning Time: 4.484 ms
 Execution Time: 45920.931 ms
(53 rows)

