                                                                                  QUERY PLAN                                                                                   
-------------------------------------------------------------------------------------------------------------------------------------------------------------------------------
 Aggregate  (cost=5987759.34..5987759.35 rows=1 width=268) (actual time=47220.551..47220.556 rows=1 loops=1)
   Buffers: shared hit=803110 read=3707321
   ->  Nested Loop  (cost=17180.68..5987759.26 rows=3 width=81) (actual time=19402.542..47220.321 rows=36 loops=1)
         Buffers: shared hit=803110 read=3707321
         ->  Nested Loop  (cost=17180.26..5987560.61 rows=27 width=54) (actual time=19363.499..47207.420 rows=731 loops=1)
               Buffers: shared hit=800839 read=3706668
               ->  Nested Loop  (cost=17179.83..5985214.62 rows=319 width=50) (actual time=19360.811..47079.506 rows=9192 loops=1)
                     Buffers: shared hit=767028 read=3703739
                     ->  Nested Loop  (cost=17179.40..5951988.25 rows=4517 width=50) (actual time=19359.000..45112.665 rows=184111 loops=1)
                           Buffers: shared hit=47624 read=3687523
                           ->  Hash Join  (cost=17179.10..5913917.31 rows=911455 width=54) (actual time=137.927..44851.276 rows=727824 loops=1)
                                 Hash Cond: (catalog_sales.cs_item_sk = item.i_item_sk)
                                 Buffers: shared hit=41265 read=3687471
                                 ->  Seq Scan on catalog_sales  (cost=0.00..5874397.76 rows=8510470 width=41) (actual time=0.077..43054.956 rows=8494738 loops=1)
                                       Filter: ((cs_wholesale_cost >= '66'::numeric) AND (cs_wholesale_cost <= '71'::numeric))
                                       Rows Removed by Filter: 135497561
                                       Buffers: shared hit=41251 read=3673129
                                 ->  Hash  (cost=16906.00..16906.00 rows=21848 width=21) (actual time=137.537..137.538 rows=21811 loops=1)
                                       Buckets: 32768  Batches: 1  Memory Usage: 1449kB
                                       Buffers: shared hit=14 read=14342
                                       ->  Seq Scan on item  (cost=0.00..16906.00 rows=21848 width=21) (actual time=0.062..131.998 rows=21811 loops=1)
                                             Filter: (i_category = 'Sports'::bpchar)
                                             Rows Removed by Filter: 182189
                                             Buffers: shared hit=14 read=14342
                           ->  Memoize  (cost=0.30..7.22 rows=1 width=4) (actual time=0.000..0.000 rows=0 loops=727824)
                                 Cache Key: catalog_sales.cs_sold_date_sk
                                 Cache Mode: logical
                                 Hits: 725686  Misses: 2138  Evictions: 0  Overflows: 0  Memory Usage: 155kB
                                 Buffers: shared hit=6359 read=52
                                 ->  Index Scan using date_dim_pkey on date_dim  (cost=0.29..7.21 rows=1 width=4) (actual time=0.016..0.016 rows=0 loops=2138)
                                       Index Cond: (d_date_sk = catalog_sales.cs_sold_date_sk)
                                       Filter: (d_year = 2001)
                                       Rows Removed by Filter: 1
                                       Buffers: shared hit=6359 read=52
                     ->  Index Scan using customer_demographics_pkey on customer_demographics  (cost=0.43..7.36 rows=1 width=8) (actual time=0.010..0.010 rows=0 loops=184111)
                           Index Cond: (cd_demo_sk = catalog_sales.cs_bill_cdemo_sk)
                           Filter: ((cd_gender = 'F'::bpchar) AND (cd_education_status = 'College'::bpchar))
                           Rows Removed by Filter: 1
                           Buffers: shared hit=719404 read=16216
               ->  Index Scan using customer_pkey on customer  (cost=0.43..7.35 rows=1 width=12) (actual time=0.014..0.014 rows=0 loops=9192)
                     Index Cond: (c_customer_sk = catalog_sales.cs_bill_customer_sk)
                     Filter: (c_birth_month = 11)
                     Rows Removed by Filter: 1
                     Buffers: shared hit=33811 read=2929
         ->  Index Scan using customer_address_pkey on customer_address  (cost=0.42..7.36 rows=1 width=35) (actual time=0.017..0.017 rows=0 loops=731)
               Index Cond: (ca_address_sk = customer.c_current_addr_sk)
               Filter: (ca_state = ANY ('{MO,OH,VA}'::bpchar[]))
               Rows Removed by Filter: 1
               Buffers: shared hit=2271 read=653
 Planning:
   Buffers: shared hit=407 read=47
 Planning Time: 5.195 ms
 Execution Time: 47221.232 ms
(53 rows)

