                                                                                  QUERY PLAN                                                                                  
------------------------------------------------------------------------------------------------------------------------------------------------------------------------------
 Aggregate  (cost=5928523.33..5928523.34 rows=1 width=268) (actual time=43407.037..43407.043 rows=1 loops=1)
   Buffers: shared hit=189624 read=3653735
   ->  Nested Loop  (cost=17045.03..5928523.31 rows=1 width=81) (actual time=1302.367..43406.925 rows=16 loops=1)
         Buffers: shared hit=189624 read=3653735
         ->  Nested Loop  (cost=17044.61..5928464.46 rows=8 width=54) (actual time=176.744..43402.652 rows=221 loops=1)
               Buffers: shared hit=188987 read=3653488
               ->  Nested Loop  (cost=17044.18..5927956.99 rows=69 width=50) (actual time=127.726..43370.644 rows=1892 loops=1)
                     Buffers: shared hit=182426 read=3652489
                     ->  Nested Loop  (cost=17043.75..5920931.98 rows=955 width=50) (actual time=119.449..43081.163 rows=24983 loops=1)
                           Buffers: shared hit=84683 read=3650464
                           ->  Hash Join  (cost=17043.45..5900828.49 rows=192755 width=54) (actual time=119.410..42979.441 rows=214602 loops=1)
                                 Hash Cond: (catalog_sales.cs_item_sk = item.i_item_sk)
                                 Buffers: shared hit=78324 read=3650412
                                 ->  Seq Scan on catalog_sales  (cost=0.00..5874397.76 rows=3576029 width=41) (actual time=0.080..42113.436 rows=3595775 loops=1)
                                       Filter: ((cs_wholesale_cost >= '75'::numeric) AND (cs_wholesale_cost <= '80'::numeric))
                                       Rows Removed by Filter: 140396524
                                       Buffers: shared hit=63968 read=3650412
                                 ->  Hash  (cost=16906.00..16906.00 rows=10996 width=21) (actual time=119.182..119.183 rows=11037 loops=1)
                                       Buckets: 16384  Batches: 1  Memory Usage: 732kB
                                       Buffers: shared hit=14356
                                       ->  Seq Scan on item  (cost=0.00..16906.00 rows=10996 width=21) (actual time=0.042..116.517 rows=11037 loops=1)
                                             Filter: (i_category = 'Women'::bpchar)
                                             Rows Removed by Filter: 192963
                                             Buffers: shared hit=14356
                           ->  Memoize  (cost=0.30..7.22 rows=1 width=4) (actual time=0.000..0.000 rows=0 loops=214602)
                                 Cache Key: catalog_sales.cs_sold_date_sk
                                 Cache Mode: logical
                                 Hits: 212464  Misses: 2138  Evictions: 0  Overflows: 0  Memory Usage: 155kB
                                 Buffers: shared hit=6359 read=52
                                 ->  Index Scan using date_dim_pkey on date_dim  (cost=0.29..7.21 rows=1 width=4) (actual time=0.012..0.012 rows=0 loops=2138)
                                       Index Cond: (d_date_sk = catalog_sales.cs_sold_date_sk)
                                       Filter: (d_year = 1998)
                                       Rows Removed by Filter: 1
                                       Buffers: shared hit=6359 read=52
                     ->  Index Scan using customer_demographics_pkey on customer_demographics  (cost=0.43..7.36 rows=1 width=8) (actual time=0.011..0.011 rows=0 loops=24983)
                           Index Cond: (cd_demo_sk = catalog_sales.cs_bill_cdemo_sk)
                           Filter: ((cd_gender = 'M'::bpchar) AND (cd_education_status = 'Primary'::bpchar))
                           Rows Removed by Filter: 1
                           Buffers: shared hit=97743 read=2025
               ->  Index Scan using customer_pkey on customer  (cost=0.43..7.35 rows=1 width=12) (actual time=0.016..0.016 rows=0 loops=1892)
                     Index Cond: (c_customer_sk = catalog_sales.cs_bill_customer_sk)
                     Filter: (c_birth_month = 8)
                     Rows Removed by Filter: 1
                     Buffers: shared hit=6561 read=999
         ->  Index Scan using customer_address_pkey on customer_address  (cost=0.42..7.36 rows=1 width=35) (actual time=0.018..0.018 rows=0 loops=221)
               Index Cond: (ca_address_sk = customer.c_current_addr_sk)
               Filter: (ca_state = ANY ('{AR,ID,MO}'::bpchar[]))
               Rows Removed by Filter: 1
               Buffers: shared hit=637 read=247
 Planning:
   Buffers: shared hit=454
 Planning Time: 4.486 ms
 Execution Time: 43407.665 ms
(53 rows)

