                                                                                  QUERY PLAN                                                                                   
-------------------------------------------------------------------------------------------------------------------------------------------------------------------------------
 Aggregate  (cost=5992899.03..5992899.04 rows=1 width=268) (actual time=45231.046..45231.050 rows=1 loops=1)
   Buffers: shared hit=837181 read=3692830
   ->  Nested Loop  (cost=17437.73..5992898.78 rows=9 width=81) (actual time=11596.644..45230.270 rows=131 loops=1)
         Buffers: shared hit=837181 read=3692830
         ->  Nested Loop  (cost=17437.31..5992479.55 rows=57 width=54) (actual time=11590.661..45176.424 rows=3179 loops=1)
               Buffers: shared hit=828849 read=3688446
               ->  Nested Loop  (cost=17436.88..5989471.62 rows=409 width=50) (actual time=11590.631..44830.189 rows=22548 loops=1)
                     Buffers: shared hit=757524 read=3669643
                     ->  Nested Loop  (cost=17436.45..5948947.82 rows=5509 width=50) (actual time=11589.102..42792.130 rows=173220 loops=1)
                           Buffers: shared hit=74669 read=3660478
                           ->  Hash Join  (cost=17436.15..5905870.71 rows=1111703 width=54) (actual time=131.770..42426.606 rows=1188852 loops=1)
                                 Hash Cond: (catalog_sales.cs_item_sk = item.i_item_sk)
                                 Buffers: shared hit=68294 read=3660442
                                 ->  Seq Scan on catalog_sales  (cost=0.00..5874397.76 rows=5347244 width=41) (actual time=0.042..40956.341 rows=5484290 loops=1)
                                       Filter: ((cs_wholesale_cost >= '95'::numeric) AND (cs_wholesale_cost <= '100'::numeric))
                                       Rows Removed by Filter: 138508009
                                       Buffers: shared hit=53938 read=3660442
                                 ->  Hash  (cost=16906.00..16906.00 rows=42412 width=21) (actual time=131.313..131.314 rows=42041 loops=1)
                                       Buckets: 65536  Batches: 1  Memory Usage: 2812kB
                                       Buffers: shared hit=14356
                                       ->  Seq Scan on item  (cost=0.00..16906.00 rows=42412 width=21) (actual time=0.014..122.012 rows=42041 loops=1)
                                             Filter: (i_category = 'Electronics'::bpchar)
                                             Rows Removed by Filter: 161959
                                             Buffers: shared hit=14356
                           ->  Memoize  (cost=0.30..7.22 rows=1 width=4) (actual time=0.000..0.000 rows=0 loops=1188852)
                                 Cache Key: catalog_sales.cs_sold_date_sk
                                 Cache Mode: logical
                                 Hits: 1186714  Misses: 2138  Evictions: 0  Overflows: 0  Memory Usage: 155kB
                                 Buffers: shared hit=6375 read=36
                                 ->  Index Scan using date_dim_pkey on date_dim  (cost=0.29..7.21 rows=1 width=4) (actual time=0.012..0.012 rows=0 loops=2138)
                                       Index Cond: (d_date_sk = catalog_sales.cs_sold_date_sk)
                                       Filter: (d_year = 2000)
                                       Rows Removed by Filter: 1
                                       Buffers: shared hit=6375 read=36
                     ->  Index Scan using customer_demographics_pkey on customer_demographics  (cost=0.43..7.36 rows=1 width=8) (actual time=0.012..0.012 rows=0 loops=173220)
                           Index Cond: (cd_demo_sk = catalog_sales.cs_bill_cdemo_sk)
                           Filter: ((cd_gender = 'M'::bpchar) AND (cd_education_status = '4 yr Degree'::bpchar))
                           Rows Removed by Filter: 1
                           Buffers: shared hit=682855 read=9165
               ->  Index Scan using customer_pkey on customer  (cost=0.43..7.35 rows=1 width=12) (actual time=0.015..0.015 rows=0 loops=22548)
                     Index Cond: (c_customer_sk = catalog_sales.cs_bill_customer_sk)
                     Filter: (c_birth_month = 10)
                     Rows Removed by Filter: 1
                     Buffers: shared hit=71325 read=18803
         ->  Index Scan using customer_address_pkey on customer_address  (cost=0.42..7.35 rows=1 width=35) (actual time=0.016..0.016 rows=0 loops=3179)
               Index Cond: (ca_address_sk = customer.c_current_addr_sk)
               Filter: (ca_state = ANY ('{GA,MO,TX}'::bpchar[]))
               Rows Removed by Filter: 1
               Buffers: shared hit=8332 read=4384
 Planning:
   Buffers: shared hit=454
 Planning Time: 4.491 ms
 Execution Time: 45231.799 ms
(53 rows)

