                                                                            QUERY PLAN                                                                            
------------------------------------------------------------------------------------------------------------------------------------------------------------------
 Aggregate  (cost=5920214.51..5920214.52 rows=1 width=268) (actual time=43123.552..43123.556 rows=1 loops=1)
   Buffers: shared hit=99926 read=3654751
   ->  Nested Loop  (cost=16954.16..5920214.48 rows=1 width=81) (actual time=43123.547..43123.551 rows=0 loops=1)
         Buffers: shared hit=99926 read=3654751
         ->  Nested Loop  (cost=16953.73..5920207.12 rows=1 width=81) (actual time=228.621..43123.243 rows=14 loops=1)
               Buffers: shared hit=99873 read=3654748
               ->  Nested Loop  (cost=16953.31..5920037.88 rows=23 width=54) (actual time=139.026..43116.928 rows=335 loops=1)
                     Buffers: shared hit=99172 read=3654109
                     ->  Nested Loop  (cost=16952.88..5917654.99 rows=324 width=50) (actual time=138.277..43037.900 rows=4539 loops=1)
                           Buffers: shared hit=84513 read=3650628
                           ->  Hash Join  (cost=16952.58..5900737.61 rows=65315 width=54) (actual time=138.242..42980.719 rows=32953 loops=1)
                                 Hash Cond: (catalog_sales.cs_item_sk = item.i_item_sk)
                                 Buffers: shared hit=78108 read=3650628
                                 ->  Seq Scan on catalog_sales  (cost=0.00..5874397.76 rows=3576029 width=41) (actual time=0.183..42190.463 rows=3595775 loops=1)
                                       Filter: ((cs_wholesale_cost >= '77'::numeric) AND (cs_wholesale_cost <= '82'::numeric))
                                       Rows Removed by Filter: 140396524
                                       Buffers: shared hit=78103 read=3636277
                                 ->  Hash  (cost=16906.00..16906.00 rows=3726 width=21) (actual time=137.726..137.727 rows=3713 loops=1)
                                       Buckets: 4096  Batches: 1  Memory Usage: 236kB
                                       Buffers: shared hit=5 read=14351
                                       ->  Seq Scan on item  (cost=0.00..16906.00 rows=3726 width=21) (actual time=0.080..136.594 rows=3713 loops=1)
                                             Filter: (i_category = 'Music'::bpchar)
                                             Rows Removed by Filter: 200287
                                             Buffers: shared hit=5 read=14351
                           ->  Memoize  (cost=0.30..7.22 rows=1 width=4) (actual time=0.001..0.001 rows=0 loops=32953)
                                 Cache Key: catalog_sales.cs_sold_date_sk
                                 Cache Mode: logical
                                 Hits: 30817  Misses: 2136  Evictions: 0  Overflows: 0  Memory Usage: 155kB
                                 Buffers: shared hit=6405
                                 ->  Index Scan using date_dim_pkey on date_dim  (cost=0.29..7.21 rows=1 width=4) (actual time=0.014..0.014 rows=0 loops=2136)
                                       Index Cond: (d_date_sk = catalog_sales.cs_sold_date_sk)
                                       Filter: (d_year = 1998)
                                       Rows Removed by Filter: 1
                                       Buffers: shared hit=6405
                     ->  Index Scan using customer_pkey on customer  (cost=0.43..7.35 rows=1 width=12) (actual time=0.017..0.017 rows=0 loops=4539)
                           Index Cond: (c_customer_sk = catalog_sales.cs_bill_customer_sk)
                           Filter: (c_birth_month = 12)
                           Rows Removed by Filter: 1
                           Buffers: shared hit=14659 read=3481
               ->  Index Scan using customer_address_pkey on customer_address  (cost=0.42..7.36 rows=1 width=35) (actual time=0.018..0.018 rows=0 loops=335)
                     Index Cond: (ca_address_sk = customer.c_current_addr_sk)
                     Filter: (ca_state = ANY ('{KS,OR,WA}'::bpchar[]))
                     Rows Removed by Filter: 1
                     Buffers: shared hit=701 read=639
         ->  Index Scan using customer_demographics_pkey on customer_demographics  (cost=0.43..7.36 rows=1 width=8) (actual time=0.021..0.021 rows=0 loops=14)
               Index Cond: (cd_demo_sk = catalog_sales.cs_bill_cdemo_sk)
               Filter: ((cd_gender = 'F'::bpchar) AND (cd_education_status = 'Advanced Degree'::bpchar))
               Rows Removed by Filter: 1
               Buffers: shared hit=53 read=3
 Planning:
   Buffers: shared hit=454
 Planning Time: 5.684 ms
 Execution Time: 43124.056 ms
(53 rows)

