                                                                                  QUERY PLAN                                                                                   
-------------------------------------------------------------------------------------------------------------------------------------------------------------------------------
 Aggregate  (cost=6031141.06..6031141.07 rows=1 width=268) (actual time=58393.527..58393.532 rows=1 loops=1)
   Buffers: shared hit=1719726 read=3798053
   ->  Nested Loop  (cost=17119.15..6031140.92 rows=5 width=81) (actual time=13189.727..58392.099 rows=255 loops=1)
         Buffers: shared hit=1719726 read=3798053
         ->  Nested Loop  (cost=17118.72..6030582.00 rows=76 width=54) (actual time=13145.098..58315.113 rows=3692 loops=1)
               Buffers: shared hit=1710700 read=3792311
               ->  Nested Loop  (cost=17118.29..6027250.61 rows=453 width=50) (actual time=13143.933..57914.787 rows=21680 loops=1)
                     Buffers: shared hit=1626015 read=3790304
                     ->  Nested Loop  (cost=17117.87..5980085.29 rows=6412 width=50) (actual time=13143.269..51284.760 rows=420807 loops=1)
                           Buffers: shared hit=6433 read=3728714
                           ->  Hash Join  (cost=17117.56..5932453.90 rows=1293877 width=54) (actual time=144.475..50496.026 rows=2695079 loops=1)
                                 Hash Cond: (catalog_sales.cs_item_sk = item.i_item_sk)
                                 Buffers: shared hit=22 read=3728714
                                 ->  Seq Scan on catalog_sales  (cost=0.00..5874397.76 rows=15595328 width=41) (actual time=0.064..47478.453 rows=15696054 loops=1)
                                       Filter: ((cs_wholesale_cost >= '25'::numeric) AND (cs_wholesale_cost <= '30'::numeric))
                                       Rows Removed by Filter: 128296245
                                       Buffers: shared read=3714380
                                 ->  Hash  (cost=16906.00..16906.00 rows=16925 width=21) (actual time=144.163..144.164 rows=17141 loops=1)
                                       Buckets: 32768  Batches: 1  Memory Usage: 1194kB
                                       Buffers: shared hit=22 read=14334
                                       ->  Seq Scan on item  (cost=0.00..16906.00 rows=16925 width=21) (actual time=0.035..139.319 rows=17141 loops=1)
                                             Filter: (i_category = 'Home'::bpchar)
                                             Rows Removed by Filter: 186859
                                             Buffers: shared hit=22 read=14334
                           ->  Memoize  (cost=0.30..7.22 rows=1 width=4) (actual time=0.000..0.000 rows=0 loops=2695079)
                                 Cache Key: catalog_sales.cs_sold_date_sk
                                 Cache Mode: logical
                                 Hits: 2692941  Misses: 2138  Evictions: 0  Overflows: 0  Memory Usage: 155kB
                                 Buffers: shared hit=6411
                                 ->  Index Scan using date_dim_pkey on date_dim  (cost=0.29..7.21 rows=1 width=4) (actual time=0.016..0.016 rows=0 loops=2138)
                                       Index Cond: (d_date_sk = catalog_sales.cs_sold_date_sk)
                                       Filter: (d_year = 2000)
                                       Rows Removed by Filter: 1
                                       Buffers: shared hit=6411
                     ->  Index Scan using customer_demographics_pkey on customer_demographics  (cost=0.43..7.36 rows=1 width=8) (actual time=0.016..0.016 rows=0 loops=420807)
                           Index Cond: (cd_demo_sk = catalog_sales.cs_bill_cdemo_sk)
                           Filter: ((cd_gender = 'F'::bpchar) AND (cd_education_status = 'College'::bpchar))
                           Rows Removed by Filter: 1
                           Buffers: shared hit=1619582 read=61590
               ->  Index Scan using customer_pkey on customer  (cost=0.43..7.35 rows=1 width=12) (actual time=0.018..0.018 rows=0 loops=21680)
                     Index Cond: (c_customer_sk = catalog_sales.cs_bill_customer_sk)
                     Filter: (c_birth_month = 4)
                     Rows Removed by Filter: 1
                     Buffers: shared hit=84685 read=2007
         ->  Index Scan using customer_address_pkey on customer_address  (cost=0.42..7.35 rows=1 width=35) (actual time=0.020..0.020 rows=0 loops=3692)
               Index Cond: (ca_address_sk = customer.c_current_addr_sk)
               Filter: (ca_state = ANY ('{AK,KY,SD}'::bpchar[]))
               Rows Removed by Filter: 1
               Buffers: shared hit=9026 read=5742
 Planning:
   Buffers: shared hit=407 read=47
 Planning Time: 5.387 ms
 Execution Time: 58394.166 ms
(53 rows)

