                                                                              QUERY PLAN                                                                               
-----------------------------------------------------------------------------------------------------------------------------------------------------------------------
 Aggregate  (cost=6004720.50..6004720.51 rows=1 width=268) (actual time=45476.276..45476.281 rows=1 loops=1)
   Buffers: shared hit=674677 read=3714402
   ->  Nested Loop  (cost=17326.55..6004720.47 rows=1 width=81) (actual time=26804.522..45476.019 rows=38 loops=1)
         Buffers: shared hit=674677 read=3714402
         ->  Nested Loop  (cost=17326.12..6004595.28 rows=17 width=54) (actual time=26291.308..45464.851 rows=639 loops=1)
               Buffers: shared hit=673163 read=3713360
               ->  Nested Loop  (cost=17325.69..6002807.81 rows=243 width=54) (actual time=26261.347..45397.437 rows=6282 loops=1)
                     Buffers: shared hit=648451 read=3712952
                     ->  Nested Loop  (cost=17325.27..5957711.66 rows=6132 width=50) (actual time=26260.846..43839.569 rows=156748 loops=1)
                           Buffers: shared hit=46724 read=3688423
                           ->  Hash Join  (cost=17324.96..5911492.70 rows=1237379 width=54) (actual time=141.517..43539.384 rows=946499 loops=1)
                                 Hash Cond: (catalog_sales.cs_item_sk = item.i_item_sk)
                                 Buffers: shared hit=40313 read=3688423
                                 ->  Seq Scan on catalog_sales  (cost=0.00..5874397.76 rows=7531262 width=41) (actual time=0.063..41839.808 rows=7518631 loops=1)
                                       Filter: ((cs_wholesale_cost >= '82'::numeric) AND (cs_wholesale_cost <= '87'::numeric))
                                       Rows Removed by Filter: 136473668
                                       Buffers: shared hit=40295 read=3674085
                                 ->  Hash  (cost=16906.00..16906.00 rows=33517 width=21) (actual time=140.902..140.903 rows=33627 loops=1)
                                       Buckets: 65536  Batches: 1  Memory Usage: 2351kB
                                       Buffers: shared hit=18 read=14338
                                       ->  Seq Scan on item  (cost=0.00..16906.00 rows=33517 width=21) (actual time=0.058..132.689 rows=33627 loops=1)
                                             Filter: (i_category = 'Shoes'::bpchar)
                                             Rows Removed by Filter: 170373
                                             Buffers: shared hit=18 read=14338
                           ->  Memoize  (cost=0.30..7.22 rows=1 width=4) (actual time=0.000..0.000 rows=0 loops=946499)
                                 Cache Key: catalog_sales.cs_sold_date_sk
                                 Cache Mode: logical
                                 Hits: 944361  Misses: 2138  Evictions: 0  Overflows: 0  Memory Usage: 155kB
                                 Buffers: shared hit=6411
                                 ->  Index Scan using date_dim_pkey on date_dim  (cost=0.29..7.21 rows=1 width=4) (actual time=0.012..0.012 rows=0 loops=2138)
                                       Index Cond: (d_date_sk = catalog_sales.cs_sold_date_sk)
                                       Filter: (d_year = 2002)
                                       Rows Removed by Filter: 1
                                       Buffers: shared hit=6411
                     ->  Index Scan using customer_pkey on customer  (cost=0.43..7.35 rows=1 width=12) (actual time=0.010..0.010 rows=0 loops=156748)
                           Index Cond: (c_customer_sk = catalog_sales.cs_bill_customer_sk)
                           Filter: (c_birth_month = 9)
                           Rows Removed by Filter: 1
                           Buffers: shared hit=601727 read=24529
               ->  Index Scan using customer_demographics_pkey on customer_demographics  (cost=0.43..7.36 rows=1 width=8) (actual time=0.010..0.010 rows=0 loops=6282)
                     Index Cond: (cd_demo_sk = catalog_sales.cs_bill_cdemo_sk)
                     Filter: ((cd_gender = 'M'::bpchar) AND (cd_education_status = 'College'::bpchar))
                     Rows Removed by Filter: 1
                     Buffers: shared hit=24712 read=408
         ->  Index Scan using customer_address_pkey on customer_address  (cost=0.42..7.36 rows=1 width=35) (actual time=0.016..0.016 rows=0 loops=639)
               Index Cond: (ca_address_sk = customer.c_current_addr_sk)
               Filter: (ca_state = ANY ('{AZ,GA,SD}'::bpchar[]))
               Rows Removed by Filter: 1
               Buffers: shared hit=1514 read=1042
 Planning:
   Buffers: shared hit=406 read=48
 Planning Time: 5.039 ms
 Execution Time: 45476.953 ms
(53 rows)

