                                                                                  QUERY PLAN                                                                                  
------------------------------------------------------------------------------------------------------------------------------------------------------------------------------
 Aggregate  (cost=5971449.58..5971449.59 rows=1 width=268) (actual time=48346.568..48346.573 rows=1 loops=1)
   Buffers: shared hit=322295 read=3675896
   ->  Nested Loop  (cost=17073.85..5971449.50 rows=3 width=81) (actual time=28991.378..48346.504 rows=9 loops=1)
         Buffers: shared hit=322295 read=3675896
         ->  Nested Loop  (cost=17073.42..5971184.75 rows=36 width=54) (actual time=28601.276..48342.549 rows=201 loops=1)
               Buffers: shared hit=321831 read=3675556
               ->  Nested Loop  (cost=17072.99..5969596.25 rows=216 width=50) (actual time=28529.326..48327.080 rows=1207 loops=1)
                     Buffers: shared hit=317200 read=3675359
                     ->  Nested Loop  (cost=17072.57..5947072.68 rows=3062 width=50) (actual time=28528.095..47654.033 rows=64438 loops=1)
                           Buffers: shared hit=64241 read=3670906
                           ->  Hash Join  (cost=17072.26..5916343.14 rows=617797 width=54) (actual time=103.565..47519.150 rows=315441 loops=1)
                                 Hash Cond: (catalog_sales.cs_item_sk = item.i_item_sk)
                                 Buffers: shared hit=57830 read=3670906
                                 ->  Seq Scan on catalog_sales  (cost=0.00..5874397.76 rows=9475278 width=41) (actual time=0.031..45790.863 rows=9280537 loops=1)
                                       Filter: ((cs_wholesale_cost >= '4'::numeric) AND (cs_wholesale_cost <= '9'::numeric))
                                       Rows Removed by Filter: 134711762
                                       Buffers: shared hit=43481 read=3670899
                                 ->  Hash  (cost=16906.00..16906.00 rows=13301 width=21) (actual time=103.374..103.375 rows=13933 loops=1)
                                       Buckets: 16384  Batches: 1  Memory Usage: 890kB
                                       Buffers: shared hit=14349 read=7
                                       ->  Seq Scan on item  (cost=0.00..16906.00 rows=13301 width=21) (actual time=0.008..100.586 rows=13933 loops=1)
                                             Filter: (i_category = 'Men'::bpchar)
                                             Rows Removed by Filter: 190067
                                             Buffers: shared hit=14349 read=7
                           ->  Memoize  (cost=0.30..7.22 rows=1 width=4) (actual time=0.000..0.000 rows=0 loops=315441)
                                 Cache Key: catalog_sales.cs_sold_date_sk
                                 Cache Mode: logical
                                 Hits: 313303  Misses: 2138  Evictions: 0  Overflows: 0  Memory Usage: 155kB
                                 Buffers: shared hit=6411
                                 ->  Index Scan using date_dim_pkey on date_dim  (cost=0.29..7.21 rows=1 width=4) (actual time=0.012..0.012 rows=0 loops=2138)
                                       Index Cond: (d_date_sk = catalog_sales.cs_sold_date_sk)
                                       Filter: (d_year = 2002)
                                       Rows Removed by Filter: 1
                                       Buffers: shared hit=6411
                     ->  Index Scan using customer_demographics_pkey on customer_demographics  (cost=0.43..7.36 rows=1 width=8) (actual time=0.010..0.010 rows=0 loops=64438)
                           Index Cond: (cd_demo_sk = catalog_sales.cs_bill_cdemo_sk)
                           Filter: ((cd_gender = 'F'::bpchar) AND (cd_education_status = 'Secondary'::bpchar))
                           Rows Removed by Filter: 1
                           Buffers: shared hit=252959 read=4453
               ->  Index Scan using customer_pkey on customer  (cost=0.43..7.35 rows=1 width=12) (actual time=0.012..0.012 rows=0 loops=1207)
                     Index Cond: (c_customer_sk = catalog_sales.cs_bill_customer_sk)
                     Filter: (c_birth_month = 4)
                     Rows Removed by Filter: 1
                     Buffers: shared hit=4631 read=197
         ->  Index Scan using customer_address_pkey on customer_address  (cost=0.42..7.35 rows=1 width=35) (actual time=0.018..0.018 rows=0 loops=201)
               Index Cond: (ca_address_sk = customer.c_current_addr_sk)
               Filter: (ca_state = ANY ('{IA,MO,SC}'::bpchar[]))
               Rows Removed by Filter: 1
               Buffers: shared hit=464 read=340
 Planning:
   Buffers: shared hit=454
 Planning Time: 2.496 ms
 Execution Time: 48346.944 ms
(53 rows)

