                                                                            QUERY PLAN                                                                            
------------------------------------------------------------------------------------------------------------------------------------------------------------------
 Aggregate  (cost=5930861.59..5930861.60 rows=1 width=268) (actual time=45521.693..45521.698 rows=1 loops=1)
   Buffers: shared hit=102859 read=3662668
   ->  Nested Loop  (cost=16954.16..5930861.56 rows=1 width=81) (actual time=2405.008..45521.687 rows=1 loops=1)
         Buffers: shared hit=102859 read=3662668
         ->  Nested Loop  (cost=16953.73..5930854.21 rows=1 width=81) (actual time=215.160..45521.479 rows=11 loops=1)
               Buffers: shared hit=102815 read=3662668
               ->  Nested Loop  (cost=16953.31..5930684.83 rows=23 width=54) (actual time=142.014..45515.840 rows=290 loops=1)
                     Buffers: shared hit=102184 read=3662139
                     ->  Nested Loop  (cost=16952.88..5926411.99 rows=581 width=50) (actual time=109.070..45401.267 rows=7302 loops=1)
                           Buffers: shared hit=75644 read=3659503
                           ->  Hash Join  (cost=16952.58..5908197.02 rows=117217 width=54) (actual time=109.036..45338.430 rows=55333 loops=1)
                                 Hash Cond: (catalog_sales.cs_item_sk = item.i_item_sk)
                                 Buffers: shared hit=69233 read=3659503
                                 ->  Seq Scan on catalog_sales  (cost=0.00..5874397.76 rows=6417653 width=41) (actual time=0.045..44229.875 rows=6094526 loops=1)
                                       Filter: ((cs_wholesale_cost >= '62'::numeric) AND (cs_wholesale_cost <= '67'::numeric))
                                       Rows Removed by Filter: 137897773
                                       Buffers: shared hit=54877 read=3659503
                                 ->  Hash  (cost=16906.00..16906.00 rows=3726 width=21) (actual time=108.676..108.676 rows=3713 loops=1)
                                       Buckets: 4096  Batches: 1  Memory Usage: 236kB
                                       Buffers: shared hit=14356
                                       ->  Seq Scan on item  (cost=0.00..16906.00 rows=3726 width=21) (actual time=0.039..107.748 rows=3713 loops=1)
                                             Filter: (i_category = 'Music'::bpchar)
                                             Rows Removed by Filter: 200287
                                             Buffers: shared hit=14356
                           ->  Memoize  (cost=0.30..7.22 rows=1 width=4) (actual time=0.001..0.001 rows=0 loops=55333)
                                 Cache Key: catalog_sales.cs_sold_date_sk
                                 Cache Mode: logical
                                 Hits: 53195  Misses: 2138  Evictions: 0  Overflows: 0  Memory Usage: 155kB
                                 Buffers: shared hit=6411
                                 ->  Index Scan using date_dim_pkey on date_dim  (cost=0.29..7.21 rows=1 width=4) (actual time=0.012..0.012 rows=0 loops=2138)
                                       Index Cond: (d_date_sk = catalog_sales.cs_sold_date_sk)
                                       Filter: (d_year = 1998)
                                       Rows Removed by Filter: 1
                                       Buffers: shared hit=6411
                     ->  Index Scan using customer_pkey on customer  (cost=0.43..7.35 rows=1 width=12) (actual time=0.015..0.015 rows=0 loops=7302)
                           Index Cond: (c_customer_sk = catalog_sales.cs_bill_customer_sk)
                           Filter: (c_birth_month = 9)
                           Rows Removed by Filter: 1
                           Buffers: shared hit=26540 read=2636
               ->  Index Scan using customer_address_pkey on customer_address  (cost=0.42..7.36 rows=1 width=35) (actual time=0.018..0.018 rows=0 loops=290)
                     Index Cond: (ca_address_sk = customer.c_current_addr_sk)
                     Filter: (ca_state = ANY ('{CO,MA,MT}'::bpchar[]))
                     Rows Removed by Filter: 1
                     Buffers: shared hit=631 read=529
         ->  Index Scan using customer_demographics_pkey on customer_demographics  (cost=0.43..7.36 rows=1 width=8) (actual time=0.017..0.017 rows=0 loops=11)
               Index Cond: (cd_demo_sk = catalog_sales.cs_bill_cdemo_sk)
               Filter: ((cd_gender = 'M'::bpchar) AND (cd_education_status = 'Secondary'::bpchar))
               Rows Removed by Filter: 1
               Buffers: shared hit=44
 Planning:
   Buffers: shared hit=454
 Planning Time: 4.151 ms
 Execution Time: 45522.134 ms
(53 rows)

