                                                                              QUERY PLAN                                                                              
----------------------------------------------------------------------------------------------------------------------------------------------------------------------
 Aggregate  (cost=5920459.79..5920459.80 rows=1 width=268) (actual time=45212.090..45212.094 rows=1 loops=1)
   Buffers: shared hit=109953 read=3657566
   ->  Nested Loop  (cost=17019.78..5920459.76 rows=1 width=81) (actual time=2147.055..45212.065 rows=3 loops=1)
         Buffers: shared hit=109953 read=3657566
         ->  Nested Loop  (cost=17019.36..5920437.68 rows=3 width=54) (actual time=1305.175..45211.665 rows=18 loops=1)
               Buffers: shared hit=109917 read=3657530
               ->  Nested Loop  (cost=17018.93..5920158.15 rows=38 width=54) (actual time=138.940..45203.609 rows=519 loops=1)
                     Buffers: shared hit=107873 read=3657498
                     ->  Nested Loop  (cost=17018.50..5916105.61 rows=551 width=50) (actual time=122.238..45092.283 rows=7570 loops=1)
                           Buffers: shared hit=80949 read=3654198
                           ->  Hash Join  (cost=17018.20..5898043.75 rows=111092 width=54) (actual time=122.198..45029.516 rows=57127 loops=1)
                                 Hash Cond: (catalog_sales.cs_item_sk = item.i_item_sk)
                                 Buffers: shared hit=74538 read=3654198
                                 ->  Seq Scan on catalog_sales  (cost=0.00..5874397.76 rows=2524821 width=41) (actual time=0.121..44381.601 rows=2625628 loops=1)
                                       Filter: ((cs_wholesale_cost >= '44'::numeric) AND (cs_wholesale_cost <= '49'::numeric))
                                       Rows Removed by Filter: 141366671
                                       Buffers: shared hit=60182 read=3654198
                                 ->  Hash  (cost=16906.00..16906.00 rows=8976 width=21) (actual time=120.359..120.360 rows=8826 loops=1)
                                       Buckets: 16384  Batches: 1  Memory Usage: 611kB
                                       Buffers: shared hit=14356
                                       ->  Seq Scan on item  (cost=0.00..16906.00 rows=8976 width=21) (actual time=0.014..117.867 rows=8826 loops=1)
                                             Filter: (i_category = 'Jewelry'::bpchar)
                                             Rows Removed by Filter: 195174
                                             Buffers: shared hit=14356
                           ->  Memoize  (cost=0.30..7.22 rows=1 width=4) (actual time=0.001..0.001 rows=0 loops=57127)
                                 Cache Key: catalog_sales.cs_sold_date_sk
                                 Cache Mode: logical
                                 Hits: 54989  Misses: 2138  Evictions: 0  Overflows: 0  Memory Usage: 155kB
                                 Buffers: shared hit=6411
                                 ->  Index Scan using date_dim_pkey on date_dim  (cost=0.29..7.21 rows=1 width=4) (actual time=0.012..0.012 rows=0 loops=2138)
                                       Index Cond: (d_date_sk = catalog_sales.cs_sold_date_sk)
                                       Filter: (d_year = 1998)
                                       Rows Removed by Filter: 1
                                       Buffers: shared hit=6411
                     ->  Index Scan using customer_pkey on customer  (cost=0.43..7.35 rows=1 width=12) (actual time=0.014..0.014 rows=0 loops=7570)
                           Index Cond: (c_customer_sk = catalog_sales.cs_bill_customer_sk)
                           Filter: (c_birth_month = 12)
                           Rows Removed by Filter: 1
                           Buffers: shared hit=26924 read=3300
               ->  Index Scan using customer_demographics_pkey on customer_demographics  (cost=0.43..7.36 rows=1 width=8) (actual time=0.015..0.015 rows=0 loops=519)
                     Index Cond: (cd_demo_sk = catalog_sales.cs_bill_cdemo_sk)
                     Filter: ((cd_gender = 'F'::bpchar) AND (cd_education_status = '4 yr Degree'::bpchar))
                     Rows Removed by Filter: 1
                     Buffers: shared hit=2044 read=32
         ->  Index Scan using customer_address_pkey on customer_address  (cost=0.42..7.36 rows=1 width=35) (actual time=0.021..0.021 rows=0 loops=18)
               Index Cond: (ca_address_sk = customer.c_current_addr_sk)
               Filter: (ca_state = ANY ('{AL,MN,NC}'::bpchar[]))
               Rows Removed by Filter: 1
               Buffers: shared hit=36 read=36
 Planning:
   Buffers: shared hit=454
 Planning Time: 4.281 ms
 Execution Time: 45212.690 ms
(53 rows)

