                                                                              QUERY PLAN                                                                              
----------------------------------------------------------------------------------------------------------------------------------------------------------------------
 Aggregate  (cost=5938869.94..5938869.95 rows=1 width=268) (actual time=45094.659..45094.664 rows=1 loops=1)
   Buffers: shared hit=143343 read=3659304
   ->  Nested Loop  (cost=16954.16..5938869.91 rows=1 width=81) (actual time=26624.094..45094.553 rows=14 loops=1)
         Buffers: shared hit=143343 read=3659304
         ->  Nested Loop  (cost=16953.73..5938847.83 rows=3 width=54) (actual time=26624.062..45090.684 rows=189 loops=1)
               Buffers: shared hit=142959 read=3658932
               ->  Nested Loop  (cost=16953.31..5938524.18 rows=44 width=54) (actual time=26585.677..45079.067 rows=888 loops=1)
                     Buffers: shared hit=139494 read=3658853
                     ->  Nested Loop  (cost=16952.88..5932861.45 rows=770 width=50) (actual time=26580.579..44861.995 rows=15819 loops=1)
                           Buffers: shared hit=84627 read=3650520
                           ->  Hash Join  (cost=16952.58..5913690.79 rows=155441 width=54) (actual time=115.354..44793.139 rows=76656 loops=1)
                                 Hash Cond: (catalog_sales.cs_item_sk = item.i_item_sk)
                                 Buffers: shared hit=78216 read=3650520
                                 ->  Seq Scan on catalog_sales  (cost=0.00..5874397.76 rows=8510470 width=41) (actual time=0.073..43421.883 rows=8494738 loops=1)
                                       Filter: ((cs_wholesale_cost >= '68'::numeric) AND (cs_wholesale_cost <= '73'::numeric))
                                       Rows Removed by Filter: 135497561
                                       Buffers: shared hit=63860 read=3650520
                                 ->  Hash  (cost=16906.00..16906.00 rows=3726 width=21) (actual time=114.550..114.551 rows=3713 loops=1)
                                       Buckets: 4096  Batches: 1  Memory Usage: 236kB
                                       Buffers: shared hit=14356
                                       ->  Seq Scan on item  (cost=0.00..16906.00 rows=3726 width=21) (actual time=0.053..113.577 rows=3713 loops=1)
                                             Filter: (i_category = 'Music'::bpchar)
                                             Rows Removed by Filter: 200287
                                             Buffers: shared hit=14356
                           ->  Memoize  (cost=0.30..7.22 rows=1 width=4) (actual time=0.001..0.001 rows=0 loops=76656)
                                 Cache Key: catalog_sales.cs_sold_date_sk
                                 Cache Mode: logical
                                 Hits: 74518  Misses: 2138  Evictions: 0  Overflows: 0  Memory Usage: 155kB
                                 Buffers: shared hit=6411
                                 ->  Index Scan using date_dim_pkey on date_dim  (cost=0.29..7.21 rows=1 width=4) (actual time=0.012..0.012 rows=0 loops=2138)
                                       Index Cond: (d_date_sk = catalog_sales.cs_sold_date_sk)
                                       Filter: (d_year = 2002)
                                       Rows Removed by Filter: 1
                                       Buffers: shared hit=6411
                     ->  Index Scan using customer_pkey on customer  (cost=0.43..7.35 rows=1 width=12) (actual time=0.013..0.013 rows=0 loops=15819)
                           Index Cond: (c_customer_sk = catalog_sales.cs_bill_customer_sk)
                           Filter: (c_birth_month = 3)
                           Rows Removed by Filter: 1
                           Buffers: shared hit=54867 read=8333
               ->  Index Scan using customer_demographics_pkey on customer_demographics  (cost=0.43..7.36 rows=1 width=8) (actual time=0.012..0.012 rows=0 loops=888)
                     Index Cond: (cd_demo_sk = catalog_sales.cs_bill_cdemo_sk)
                     Filter: ((cd_gender = 'M'::bpchar) AND (cd_education_status = '2 yr Degree'::bpchar))
                     Rows Removed by Filter: 1
                     Buffers: shared hit=3465 read=79
         ->  Index Scan using customer_address_pkey on customer_address  (cost=0.42..7.36 rows=1 width=35) (actual time=0.019..0.019 rows=0 loops=189)
               Index Cond: (ca_address_sk = customer.c_current_addr_sk)
               Filter: (ca_state = ANY ('{KS,NC,SD}'::bpchar[]))
               Rows Removed by Filter: 1
               Buffers: shared hit=384 read=372
 Planning:
   Buffers: shared hit=454
 Planning Time: 4.452 ms
 Execution Time: 45095.293 ms
(53 rows)

