                                                                                  QUERY PLAN                                                                                  
------------------------------------------------------------------------------------------------------------------------------------------------------------------------------
 Aggregate  (cost=5947804.08..5947804.09 rows=1 width=268) (actual time=44018.539..44018.543 rows=1 loops=1)
   Buffers: shared hit=214963 read=3639536
   ->  Nested Loop  (cost=17019.78..5947804.06 rows=1 width=81) (actual time=19894.109..44018.442 rows=15 loops=1)
         Buffers: shared hit=214963 read=3639536
         ->  Nested Loop  (cost=17019.36..5947701.08 rows=14 width=54) (actual time=18816.726..44013.330 rows=251 loops=1)
               Buffers: shared hit=214453 read=3639042
               ->  Nested Loop  (cost=17018.93..5946833.28 rows=118 width=50) (actual time=18804.787..43985.991 rows=2011 loops=1)
                     Buffers: shared hit=207905 read=3637546
                     ->  Nested Loop  (cost=17018.50..5934754.95 rows=1642 width=50) (actual time=18803.055..43661.972 rows=27614 loops=1)
                           Buffers: shared hit=99976 read=3635171
                           ->  Hash Join  (cost=17018.20..5911185.93 rows=331376 width=54) (actual time=115.575..43571.898 rows=164333 loops=1)
                                 Hash Cond: (catalog_sales.cs_item_sk = item.i_item_sk)
                                 Buffers: shared hit=93565 read=3635171
                                 ->  Seq Scan on catalog_sales  (cost=0.00..5874397.76 rows=7531262 width=41) (actual time=0.043..42254.947 rows=7518631 loops=1)
                                       Filter: ((cs_wholesale_cost >= '81'::numeric) AND (cs_wholesale_cost <= '86'::numeric))
                                       Rows Removed by Filter: 136473668
                                       Buffers: shared hit=79209 read=3635171
                                 ->  Hash  (cost=16906.00..16906.00 rows=8976 width=21) (actual time=115.329..115.330 rows=8826 loops=1)
                                       Buckets: 16384  Batches: 1  Memory Usage: 611kB
                                       Buffers: shared hit=14356
                                       ->  Seq Scan on item  (cost=0.00..16906.00 rows=8976 width=21) (actual time=0.012..113.210 rows=8826 loops=1)
                                             Filter: (i_category = 'Jewelry'::bpchar)
                                             Rows Removed by Filter: 195174
                                             Buffers: shared hit=14356
                           ->  Memoize  (cost=0.30..7.22 rows=1 width=4) (actual time=0.000..0.000 rows=0 loops=164333)
                                 Cache Key: catalog_sales.cs_sold_date_sk
                                 Cache Mode: logical
                                 Hits: 162195  Misses: 2138  Evictions: 0  Overflows: 0  Memory Usage: 155kB
                                 Buffers: shared hit=6411
                                 ->  Index Scan using date_dim_pkey on date_dim  (cost=0.29..7.21 rows=1 width=4) (actual time=0.012..0.012 rows=0 loops=2138)
                                       Index Cond: (d_date_sk = catalog_sales.cs_sold_date_sk)
                                       Filter: (d_year = 2001)
                                       Rows Removed by Filter: 1
                                       Buffers: shared hit=6411
                     ->  Index Scan using customer_demographics_pkey on customer_demographics  (cost=0.43..7.36 rows=1 width=8) (actual time=0.011..0.011 rows=0 loops=27614)
                           Index Cond: (cd_demo_sk = catalog_sales.cs_bill_cdemo_sk)
                           Filter: ((cd_gender = 'M'::bpchar) AND (cd_education_status = 'Primary'::bpchar))
                           Rows Removed by Filter: 1
                           Buffers: shared hit=107929 read=2375
               ->  Index Scan using customer_pkey on customer  (cost=0.43..7.35 rows=1 width=12) (actual time=0.013..0.013 rows=0 loops=2011)
                     Index Cond: (c_customer_sk = catalog_sales.cs_bill_customer_sk)
                     Filter: (c_birth_month = 8)
                     Rows Removed by Filter: 1
                     Buffers: shared hit=6548 read=1496
         ->  Index Scan using customer_address_pkey on customer_address  (cost=0.42..7.36 rows=1 width=35) (actual time=0.019..0.019 rows=0 loops=251)
               Index Cond: (ca_address_sk = customer.c_current_addr_sk)
               Filter: (ca_state = ANY ('{IL,MI,VA}'::bpchar[]))
               Rows Removed by Filter: 1
               Buffers: shared hit=510 read=494
 Planning:
   Buffers: shared hit=454
 Planning Time: 4.053 ms
 Execution Time: 44019.046 ms
(53 rows)

