                                                                                  QUERY PLAN                                                                                  
------------------------------------------------------------------------------------------------------------------------------------------------------------------------------
 Aggregate  (cost=5928501.27..5928501.28 rows=1 width=268) (actual time=43591.396..43591.400 rows=1 loops=1)
   Buffers: shared hit=210434 read=3640349
   ->  Nested Loop  (cost=17045.03..5928501.25 rows=1 width=81) (actual time=263.580..43591.246 rows=24 loops=1)
         Buffers: shared hit=210434 read=3640349
         ->  Nested Loop  (cost=17044.61..5928449.75 rows=7 width=54) (actual time=126.105..43584.962 rows=334 loops=1)
               Buffers: shared hit=209759 read=3639688
               ->  Nested Loop  (cost=17044.18..5927956.99 rows=67 width=50) (actual time=117.445..43534.331 rows=3636 loops=1)
                     Buffers: shared hit=198278 read=3636637
                     ->  Nested Loop  (cost=17043.75..5920931.98 rows=955 width=50) (actual time=117.197..43250.962 rows=24983 loops=1)
                           Buffers: shared hit=101802 read=3633345
                           ->  Hash Join  (cost=17043.45..5900828.49 rows=192755 width=54) (actual time=117.153..43147.581 rows=214602 loops=1)
                                 Hash Cond: (catalog_sales.cs_item_sk = item.i_item_sk)
                                 Buffers: shared hit=95391 read=3633345
                                 ->  Seq Scan on catalog_sales  (cost=0.00..5874397.76 rows=3576029 width=41) (actual time=0.155..42281.301 rows=3595775 loops=1)
                                       Filter: ((cs_wholesale_cost >= '78'::numeric) AND (cs_wholesale_cost <= '83'::numeric))
                                       Rows Removed by Filter: 140396524
                                       Buffers: shared hit=81035 read=3633345
                                 ->  Hash  (cost=16906.00..16906.00 rows=10996 width=21) (actual time=116.780..116.781 rows=11037 loops=1)
                                       Buckets: 16384  Batches: 1  Memory Usage: 732kB
                                       Buffers: shared hit=14356
                                       ->  Seq Scan on item  (cost=0.00..16906.00 rows=10996 width=21) (actual time=0.084..114.249 rows=11037 loops=1)
                                             Filter: (i_category = 'Women'::bpchar)
                                             Rows Removed by Filter: 192963
                                             Buffers: shared hit=14356
                           ->  Memoize  (cost=0.30..7.22 rows=1 width=4) (actual time=0.000..0.000 rows=0 loops=214602)
                                 Cache Key: catalog_sales.cs_sold_date_sk
                                 Cache Mode: logical
                                 Hits: 212464  Misses: 2138  Evictions: 0  Overflows: 0  Memory Usage: 155kB
                                 Buffers: shared hit=6411
                                 ->  Index Scan using date_dim_pkey on date_dim  (cost=0.29..7.21 rows=1 width=4) (actual time=0.012..0.012 rows=0 loops=2138)
                                       Index Cond: (d_date_sk = catalog_sales.cs_sold_date_sk)
                                       Filter: (d_year = 1998)
                                       Rows Removed by Filter: 1
                                       Buffers: shared hit=6411
                     ->  Index Scan using customer_demographics_pkey on customer_demographics  (cost=0.43..7.36 rows=1 width=8) (actual time=0.011..0.011 rows=0 loops=24983)
                           Index Cond: (cd_demo_sk = catalog_sales.cs_bill_cdemo_sk)
                           Filter: ((cd_gender = 'M'::bpchar) AND (cd_education_status = 'Unknown'::bpchar))
                           Rows Removed by Filter: 1
                           Buffers: shared hit=96476 read=3292
               ->  Index Scan using customer_pkey on customer  (cost=0.43..7.35 rows=1 width=12) (actual time=0.014..0.014 rows=0 loops=3636)
                     Index Cond: (c_customer_sk = catalog_sales.cs_bill_customer_sk)
                     Filter: (c_birth_month = 1)
                     Rows Removed by Filter: 1
                     Buffers: shared hit=11481 read=3051
         ->  Index Scan using customer_address_pkey on customer_address  (cost=0.42..7.36 rows=1 width=35) (actual time=0.018..0.018 rows=0 loops=334)
               Index Cond: (ca_address_sk = customer.c_current_addr_sk)
               Filter: (ca_state = ANY ('{IL,MD,OK}'::bpchar[]))
               Rows Removed by Filter: 1
               Buffers: shared hit=675 read=661
 Planning:
   Buffers: shared hit=454
 Planning Time: 5.802 ms
 Execution Time: 43592.213 ms
(53 rows)

