                                                                             QUERY PLAN                                                                             
--------------------------------------------------------------------------------------------------------------------------------------------------------------------
 Aggregate  (cost=6015328.43..6015328.44 rows=1 width=268) (actual time=49670.842..49670.848 rows=1 loops=1)
   Buffers: shared hit=660855 read=3809367
   ->  Nested Loop  (cost=19633.73..6015328.35 rows=3 width=81) (actual time=20667.836..49670.496 rows=53 loops=1)
         Buffers: shared hit=660855 read=3809367
         ->  Nested Loop  (cost=19633.30..6014982.62 rows=47 width=81) (actual time=20156.702..49660.967 rows=709 loops=1)
               Buffers: shared hit=658234 read=3809152
               ->  Nested Loop  (cost=19632.88..6009794.86 rows=705 width=54) (actual time=20156.677..49506.967 rows=11565 loops=1)
                     Buffers: shared hit=627526 read=3793600
                     ->  Hash Join  (cost=19632.45..5935173.17 rows=10147 width=50) (actual time=20156.299..47644.041 rows=172942 loops=1)
                           Hash Cond: (catalog_sales.cs_item_sk = item.i_item_sk)
                           Buffers: shared hit=45174 read=3685036
                           ->  Hash Join  (cost=2391.64..5917729.49 rows=77284 width=37) (actual time=20056.451..47080.298 rows=2635041 loops=1)
                                 Hash Cond: (catalog_sales.cs_sold_date_sk = date_dim.d_date_sk)
                                 Buffers: shared hit=30818 read=3685036
                                 ->  Seq Scan on catalog_sales  (cost=0.00..5874397.76 rows=15595328 width=41) (actual time=0.050..45408.372 rows=15696054 loops=1)
                                       Filter: ((cs_wholesale_cost >= '27'::numeric) AND (cs_wholesale_cost <= '32'::numeric))
                                       Rows Removed by Filter: 128296245
                                       Buffers: shared hit=30776 read=3683604
                                 ->  Hash  (cost=2387.11..2387.11 rows=362 width=4) (actual time=30.042..30.043 rows=365 loops=1)
                                       Buckets: 1024  Batches: 1  Memory Usage: 21kB
                                       Buffers: shared hit=42 read=1432
                                       ->  Seq Scan on date_dim  (cost=0.00..2387.11 rows=362 width=4) (actual time=17.515..29.929 rows=365 loops=1)
                                             Filter: (d_year = 2001)
                                             Rows Removed by Filter: 72684
                                             Buffers: shared hit=42 read=1432
                           ->  Hash  (cost=16906.00..16906.00 rows=26785 width=21) (actual time=99.710..99.710 rows=26695 loops=1)
                                 Buckets: 32768  Batches: 1  Memory Usage: 1716kB
                                 Buffers: shared hit=14356
                                 ->  Seq Scan on item  (cost=0.00..16906.00 rows=26785 width=21) (actual time=0.012..95.320 rows=26695 loops=1)
                                       Filter: (i_category = 'Children'::bpchar)
                                       Rows Removed by Filter: 177305
                                       Buffers: shared hit=14356
                     ->  Index Scan using customer_pkey on customer  (cost=0.43..7.35 rows=1 width=12) (actual time=0.011..0.011 rows=0 loops=172942)
                           Index Cond: (c_customer_sk = catalog_sales.cs_bill_customer_sk)
                           Filter: (c_birth_month = 12)
                           Rows Removed by Filter: 1
                           Buffers: shared hit=582352 read=108564
               ->  Index Scan using customer_address_pkey on customer_address  (cost=0.42..7.36 rows=1 width=35) (actual time=0.013..0.013 rows=0 loops=11565)
                     Index Cond: (ca_address_sk = customer.c_current_addr_sk)
                     Filter: (ca_state = ANY ('{AR,IN,PA}'::bpchar[]))
                     Rows Removed by Filter: 1
                     Buffers: shared hit=30708 read=15552
         ->  Index Scan using customer_demographics_pkey on customer_demographics  (cost=0.43..7.36 rows=1 width=8) (actual time=0.013..0.013 rows=0 loops=709)
               Index Cond: (cd_demo_sk = catalog_sales.cs_bill_cdemo_sk)
               Filter: ((cd_gender = 'M'::bpchar) AND (cd_education_status = 'Advanced Degree'::bpchar))
               Rows Removed by Filter: 1
               Buffers: shared hit=2621 read=215
 Planning:
   Buffers: shared hit=454
 Planning Time: 5.315 ms
 Execution Time: 49671.305 ms
(51 rows)

