                                                                                  QUERY PLAN                                                                                   
-------------------------------------------------------------------------------------------------------------------------------------------------------------------------------
 Aggregate  (cost=6035897.94..6035897.95 rows=1 width=268) (actual time=54740.957..54740.962 rows=1 loops=1)
   Buffers: shared hit=1429074 read=3781488
   ->  Nested Loop  (cost=19717.88..6035897.75 rows=7 width=81) (actual time=6339.230..54740.263 rows=107 loops=1)
         Buffers: shared hit=1429074 read=3781488
         ->  Nested Loop  (cost=19717.46..6035250.38 rows=88 width=54) (actual time=6324.966..54695.125 rows=1835 loops=1)
               Buffers: shared hit=1423908 read=3779314
               ->  Nested Loop  (cost=19717.03..6028661.14 rows=896 width=50) (actual time=6314.126..54358.242 rows=18651 loops=1)
                     Buffers: shared hit=1358920 read=3769758
                     ->  Hash Join  (cost=19716.60..5935257.32 rows=12698 width=50) (actual time=6313.759..49063.479 rows=350075 loops=1)
                           Hash Cond: (catalog_sales.cs_item_sk = item.i_item_sk)
                           Buffers: shared hit=11763 read=3718447
                           ->  Hash Join  (cost=2391.64..5917729.49 rows=77284 width=37) (actual time=6189.703..48553.634 rows=2071676 loops=1)
                                 Hash Cond: (catalog_sales.cs_sold_date_sk = date_dim.d_date_sk)
                                 Buffers: shared hit=11748 read=3704106
                                 ->  Seq Scan on catalog_sales  (cost=0.00..5874397.76 rows=15595328 width=41) (actual time=0.059..46926.259 rows=15696054 loops=1)
                                       Filter: ((cs_wholesale_cost >= '27'::numeric) AND (cs_wholesale_cost <= '32'::numeric))
                                       Rows Removed by Filter: 128296245
                                       Buffers: shared hit=11706 read=3702674
                                 ->  Hash  (cost=2387.11..2387.11 rows=362 width=4) (actual time=22.784..22.785 rows=365 loops=1)
                                       Buckets: 1024  Batches: 1  Memory Usage: 21kB
                                       Buffers: shared hit=42 read=1432
                                       ->  Seq Scan on date_dim  (cost=0.00..2387.11 rows=362 width=4) (actual time=13.064..22.706 rows=365 loops=1)
                                             Filter: (d_year = 1999)
                                             Rows Removed by Filter: 72684
                                             Buffers: shared hit=42 read=1432
                           ->  Hash  (cost=16906.00..16906.00 rows=33517 width=21) (actual time=123.823..123.824 rows=33627 loops=1)
                                 Buckets: 65536  Batches: 1  Memory Usage: 2351kB
                                 Buffers: shared hit=15 read=14341
                                 ->  Seq Scan on item  (cost=0.00..16906.00 rows=33517 width=21) (actual time=0.024..116.433 rows=33627 loops=1)
                                       Filter: (i_category = 'Shoes'::bpchar)
                                       Rows Removed by Filter: 170373
                                       Buffers: shared hit=15 read=14341
                     ->  Index Scan using customer_demographics_pkey on customer_demographics  (cost=0.43..7.36 rows=1 width=8) (actual time=0.015..0.015 rows=0 loops=350075)
                           Index Cond: (cd_demo_sk = catalog_sales.cs_bill_cdemo_sk)
                           Filter: ((cd_gender = 'M'::bpchar) AND (cd_education_status = 'Advanced Degree'::bpchar))
                           Rows Removed by Filter: 1
                           Buffers: shared hit=1347157 read=51311
               ->  Index Scan using customer_pkey on customer  (cost=0.43..7.35 rows=1 width=12) (actual time=0.018..0.018 rows=0 loops=18651)
                     Index Cond: (c_customer_sk = catalog_sales.cs_bill_customer_sk)
                     Filter: (c_birth_month = 2)
                     Rows Removed by Filter: 1
                     Buffers: shared hit=64988 read=9556
         ->  Index Scan using customer_address_pkey on customer_address  (cost=0.42..7.36 rows=1 width=35) (actual time=0.024..0.024 rows=0 loops=1835)
               Index Cond: (ca_address_sk = customer.c_current_addr_sk)
               Filter: (ca_state = ANY ('{KY,MI,PA}'::bpchar[]))
               Rows Removed by Filter: 1
               Buffers: shared hit=5166 read=2174
 Planning:
   Buffers: shared hit=407 read=47
 Planning Time: 4.800 ms
 Execution Time: 54741.476 ms
(51 rows)

