                                                                              QUERY PLAN                                                                               
-----------------------------------------------------------------------------------------------------------------------------------------------------------------------
 Aggregate  (cost=6003470.06..6003470.07 rows=1 width=268) (actual time=45546.502..45546.508 rows=1 loops=1)
   Buffers: shared hit=523309 read=3736142
   ->  Nested Loop  (cost=17326.55..6003470.03 rows=1 width=81) (actual time=19275.918..45546.462 rows=5 loops=1)
         Buffers: shared hit=523309 read=3736142
         ->  Nested Loop  (cost=17326.12..6003425.70 rows=6 width=54) (actual time=19275.892..45544.596 rows=104 loops=1)
               Buffers: shared hit=523033 read=3736002
               ->  Nested Loop  (cost=17325.69..6002807.81 rows=84 width=54) (actual time=19151.549..45523.746 rows=1809 loops=1)
                     Buffers: shared hit=515937 read=3735870
                     ->  Nested Loop  (cost=17325.27..5957711.66 rows=6132 width=50) (actual time=19145.804..44138.845 rows=129341 loops=1)
                           Buffers: shared hit=75017 read=3660130
                           ->  Hash Join  (cost=17324.96..5911492.70 rows=1237379 width=54) (actual time=123.749..43836.881 rows=946499 loops=1)
                                 Hash Cond: (catalog_sales.cs_item_sk = item.i_item_sk)
                                 Buffers: shared hit=68933 read=3659803
                                 ->  Seq Scan on catalog_sales  (cost=0.00..5874397.76 rows=7531262 width=41) (actual time=0.056..42145.516 rows=7518631 loops=1)
                                       Filter: ((cs_wholesale_cost >= '81'::numeric) AND (cs_wholesale_cost <= '86'::numeric))
                                       Rows Removed by Filter: 136473668
                                       Buffers: shared hit=54825 read=3659555
                                 ->  Hash  (cost=16906.00..16906.00 rows=33517 width=21) (actual time=123.143..123.144 rows=33627 loops=1)
                                       Buckets: 65536  Batches: 1  Memory Usage: 2351kB
                                       Buffers: shared hit=14108 read=248
                                       ->  Seq Scan on item  (cost=0.00..16906.00 rows=33517 width=21) (actual time=0.345..115.189 rows=33627 loops=1)
                                             Filter: (i_category = 'Shoes'::bpchar)
                                             Rows Removed by Filter: 170373
                                             Buffers: shared hit=14108 read=248
                           ->  Memoize  (cost=0.30..7.22 rows=1 width=4) (actual time=0.000..0.000 rows=0 loops=946499)
                                 Cache Key: catalog_sales.cs_sold_date_sk
                                 Cache Mode: logical
                                 Hits: 944361  Misses: 2138  Evictions: 0  Overflows: 0  Memory Usage: 155kB
                                 Buffers: shared hit=6084 read=327
                                 ->  Index Scan using date_dim_pkey on date_dim  (cost=0.29..7.21 rows=1 width=4) (actual time=0.013..0.013 rows=0 loops=2138)
                                       Index Cond: (d_date_sk = catalog_sales.cs_sold_date_sk)
                                       Filter: (d_year = 2001)
                                       Rows Removed by Filter: 1
                                       Buffers: shared hit=6084 read=327
                     ->  Index Scan using customer_pkey on customer  (cost=0.43..7.35 rows=1 width=12) (actual time=0.011..0.011 rows=0 loops=129341)
                           Index Cond: (c_customer_sk = catalog_sales.cs_bill_customer_sk)
                           Filter: (c_birth_month = 5)
                           Rows Removed by Filter: 1
                           Buffers: shared hit=440920 read=75740
               ->  Index Scan using customer_demographics_pkey on customer_demographics  (cost=0.43..7.36 rows=1 width=8) (actual time=0.011..0.011 rows=0 loops=1809)
                     Index Cond: (cd_demo_sk = catalog_sales.cs_bill_cdemo_sk)
                     Filter: ((cd_gender = 'M'::bpchar) AND (cd_education_status = 'Advanced Degree'::bpchar))
                     Rows Removed by Filter: 1
                     Buffers: shared hit=7096 read=132
         ->  Index Scan using customer_address_pkey on customer_address  (cost=0.42..7.39 rows=1 width=35) (actual time=0.017..0.017 rows=0 loops=104)
               Index Cond: (ca_address_sk = customer.c_current_addr_sk)
               Filter: (ca_state = ANY ('{AR,OH,TX}'::bpchar[]))
               Rows Removed by Filter: 1
               Buffers: shared hit=276 read=140
 Planning:
   Buffers: shared hit=454
 Planning Time: 4.424 ms
 Execution Time: 45547.185 ms
(53 rows)

