                                                                              QUERY PLAN                                                                               
-----------------------------------------------------------------------------------------------------------------------------------------------------------------------
 Aggregate  (cost=5960118.30..5960118.31 rows=1 width=268) (actual time=48539.173..48539.178 rows=1 loops=1)
   Buffers: shared hit=176904 read=3669871
   ->  Nested Loop  (cost=16954.16..5960118.27 rows=1 width=81) (actual time=31166.400..48539.136 rows=5 loops=1)
         Buffers: shared hit=176904 read=3669871
         ->  Nested Loop  (cost=16953.73..5960081.47 rows=5 width=54) (actual time=28969.996..48537.653 rows=81 loops=1)
               Buffers: shared hit=176689 read=3669762
               ->  Nested Loop  (cost=16953.31..5959537.15 rows=74 width=54) (actual time=28835.401..48520.398 rows=1419 loops=1)
                     Buffers: shared hit=171178 read=3669601
                     ->  Nested Loop  (cost=16952.88..5950138.63 rows=1278 width=50) (actual time=28834.596..48209.123 rows=26444 loops=1)
                           Buffers: shared hit=75213 read=3659934
                           ->  Hash Join  (cost=16952.58..5928408.01 rows=257841 width=54) (actual time=116.464..48125.648 rows=127872 loops=1)
                                 Hash Cond: (catalog_sales.cs_item_sk = item.i_item_sk)
                                 Buffers: shared hit=68802 read=3659934
                                 ->  Seq Scan on catalog_sales  (cost=0.00..5874397.76 rows=14116916 width=41) (actual time=0.048..46175.999 rows=14129630 loops=1)
                                       Filter: ((cs_wholesale_cost >= '12'::numeric) AND (cs_wholesale_cost <= '17'::numeric))
                                       Rows Removed by Filter: 129862669
                                       Buffers: shared hit=54446 read=3659934
                                 ->  Hash  (cost=16906.00..16906.00 rows=3726 width=21) (actual time=116.087..116.088 rows=3713 loops=1)
                                       Buckets: 4096  Batches: 1  Memory Usage: 236kB
                                       Buffers: shared hit=14356
                                       ->  Seq Scan on item  (cost=0.00..16906.00 rows=3726 width=21) (actual time=0.055..115.125 rows=3713 loops=1)
                                             Filter: (i_category = 'Music'::bpchar)
                                             Rows Removed by Filter: 200287
                                             Buffers: shared hit=14356
                           ->  Memoize  (cost=0.30..7.22 rows=1 width=4) (actual time=0.000..0.000 rows=0 loops=127872)
                                 Cache Key: catalog_sales.cs_sold_date_sk
                                 Cache Mode: logical
                                 Hits: 125734  Misses: 2138  Evictions: 0  Overflows: 0  Memory Usage: 155kB
                                 Buffers: shared hit=6411
                                 ->  Index Scan using date_dim_pkey on date_dim  (cost=0.29..7.21 rows=1 width=4) (actual time=0.012..0.012 rows=0 loops=2138)
                                       Index Cond: (d_date_sk = catalog_sales.cs_sold_date_sk)
                                       Filter: (d_year = 2002)
                                       Rows Removed by Filter: 1
                                       Buffers: shared hit=6411
                     ->  Index Scan using customer_pkey on customer  (cost=0.43..7.35 rows=1 width=12) (actual time=0.012..0.012 rows=0 loops=26444)
                           Index Cond: (c_customer_sk = catalog_sales.cs_bill_customer_sk)
                           Filter: (c_birth_month = 3)
                           Rows Removed by Filter: 1
                           Buffers: shared hit=95965 read=9667
               ->  Index Scan using customer_demographics_pkey on customer_demographics  (cost=0.43..7.36 rows=1 width=8) (actual time=0.012..0.012 rows=0 loops=1419)
                     Index Cond: (cd_demo_sk = catalog_sales.cs_bill_cdemo_sk)
                     Filter: ((cd_gender = 'F'::bpchar) AND (cd_education_status = '2 yr Degree'::bpchar))
                     Rows Removed by Filter: 1
                     Buffers: shared hit=5511 read=161
         ->  Index Scan using customer_address_pkey on customer_address  (cost=0.42..7.36 rows=1 width=35) (actual time=0.017..0.017 rows=0 loops=81)
               Index Cond: (ca_address_sk = customer.c_current_addr_sk)
               Filter: (ca_state = ANY ('{GA,KS,OK}'::bpchar[]))
               Rows Removed by Filter: 1
               Buffers: shared hit=215 read=109
 Planning:
   Buffers: shared hit=454
 Planning Time: 4.397 ms
 Execution Time: 48539.802 ms
(53 rows)

