                                                                               QUERY PLAN                                                                               
------------------------------------------------------------------------------------------------------------------------------------------------------------------------
 Aggregate  (cost=5977619.96..5977619.97 rows=1 width=268) (actual time=47802.505..47802.510 rows=1 loops=1)
   Buffers: shared hit=617025 read=3771078
   ->  Nested Loop  (cost=17437.73..5977619.91 rows=2 width=81) (actual time=273.765..47802.398 rows=15 loops=1)
         Buffers: shared hit=617025 read=3771078
         ->  Nested Loop  (cost=17437.31..5977450.66 rows=23 width=54) (actual time=222.012..47794.759 rows=359 loops=1)
               Buffers: shared hit=616127 read=3770540
               ->  Nested Loop  (cost=17436.88..5975126.17 rows=316 width=54) (actual time=147.721..47674.527 rows=10396 loops=1)
                     Buffers: shared hit=575891 read=3769220
                     ->  Nested Loop  (cost=17436.45..5941663.38 rows=4550 width=50) (actual time=147.605..45957.735 rows=152668 loops=1)
                           Buffers: shared hit=26806 read=3708341
                           ->  Hash Join  (cost=17436.15..5903426.25 rows=918103 width=54) (actual time=147.564..45649.128 rows=963853 loops=1)
                                 Hash Cond: (catalog_sales.cs_item_sk = item.i_item_sk)
                                 Buffers: shared hit=20395 read=3708341
                                 ->  Seq Scan on catalog_sales  (cost=0.00..5874397.76 rows=4416036 width=41) (actual time=0.077..44391.651 rows=4444683 loops=1)
                                       Filter: ((cs_wholesale_cost >= '49'::numeric) AND (cs_wholesale_cost <= '54'::numeric))
                                       Rows Removed by Filter: 139547616
                                       Buffers: shared hit=6039 read=3708341
                                 ->  Hash  (cost=16906.00..16906.00 rows=42412 width=21) (actual time=146.869..146.869 rows=42041 loops=1)
                                       Buckets: 65536  Batches: 1  Memory Usage: 2812kB
                                       Buffers: shared hit=14356
                                       ->  Seq Scan on item  (cost=0.00..16906.00 rows=42412 width=21) (actual time=0.034..136.345 rows=42041 loops=1)
                                             Filter: (i_category = 'Electronics'::bpchar)
                                             Rows Removed by Filter: 161959
                                             Buffers: shared hit=14356
                           ->  Memoize  (cost=0.30..7.22 rows=1 width=4) (actual time=0.000..0.000 rows=0 loops=963853)
                                 Cache Key: catalog_sales.cs_sold_date_sk
                                 Cache Mode: logical
                                 Hits: 961715  Misses: 2138  Evictions: 0  Overflows: 0  Memory Usage: 155kB
                                 Buffers: shared hit=6411
                                 ->  Index Scan using date_dim_pkey on date_dim  (cost=0.29..7.21 rows=1 width=4) (actual time=0.012..0.012 rows=0 loops=2138)
                                       Index Cond: (d_date_sk = catalog_sales.cs_sold_date_sk)
                                       Filter: (d_year = 1998)
                                       Rows Removed by Filter: 1
                                       Buffers: shared hit=6411
                     ->  Index Scan using customer_pkey on customer  (cost=0.43..7.35 rows=1 width=12) (actual time=0.011..0.011 rows=0 loops=152668)
                           Index Cond: (c_customer_sk = catalog_sales.cs_bill_customer_sk)
                           Filter: (c_birth_month = 12)
                           Rows Removed by Filter: 1
                           Buffers: shared hit=549085 read=60879
               ->  Index Scan using customer_demographics_pkey on customer_demographics  (cost=0.43..7.36 rows=1 width=8) (actual time=0.011..0.011 rows=0 loops=10396)
                     Index Cond: (cd_demo_sk = catalog_sales.cs_bill_cdemo_sk)
                     Filter: ((cd_gender = 'F'::bpchar) AND (cd_education_status = '4 yr Degree'::bpchar))
                     Rows Removed by Filter: 1
                     Buffers: shared hit=40236 read=1320
         ->  Index Scan using customer_address_pkey on customer_address  (cost=0.42..7.36 rows=1 width=35) (actual time=0.020..0.020 rows=0 loops=359)
               Index Cond: (ca_address_sk = customer.c_current_addr_sk)
               Filter: (ca_state = ANY ('{GA,NE,NH}'::bpchar[]))
               Rows Removed by Filter: 1
               Buffers: shared hit=898 read=538
 Planning:
   Buffers: shared hit=454
 Planning Time: 5.096 ms
 Execution Time: 47803.192 ms
(53 rows)

