                                                                                  QUERY PLAN                                                                                   
-------------------------------------------------------------------------------------------------------------------------------------------------------------------------------
 Aggregate  (cost=5974574.95..5974574.96 rows=1 width=268) (actual time=49478.335..49478.341 rows=1 loops=1)
   Buffers: shared hit=1050558 read=3699957
   ->  Nested Loop  (cost=17119.15..5974574.89 rows=2 width=81) (actual time=12152.224..49477.314 rows=189 loops=1)
         Buffers: shared hit=1050558 read=3699957
         ->  Nested Loop  (cost=17118.72..5974361.58 rows=29 width=54) (actual time=12096.518..49422.012 rows=2744 loops=1)
               Buffers: shared hit=1044489 read=3695050
               ->  Nested Loop  (cost=17118.29..5972530.39 rows=249 width=50) (actual time=12095.120..49038.888 rows=23829 loops=1)
                     Buffers: shared hit=960502 read=3683785
                     ->  Nested Loop  (cost=17117.87..5946792.27 rows=3499 width=50) (actual time=12093.423..45978.109 rows=227563 loops=1)
                           Buffers: shared hit=78356 read=3656791
                           ->  Hash Join  (cost=17117.56..5913855.77 rows=706077 width=54) (actual time=119.516..45534.167 rows=1458185 loops=1)
                                 Hash Cond: (catalog_sales.cs_item_sk = item.i_item_sk)
                                 Buffers: shared hit=71945 read=3656791
                                 ->  Seq Scan on catalog_sales  (cost=0.00..5874397.76 rows=8510470 width=41) (actual time=0.504..43701.366 rows=8494738 loops=1)
                                       Filter: ((cs_wholesale_cost >= '65'::numeric) AND (cs_wholesale_cost <= '70'::numeric))
                                       Rows Removed by Filter: 135497561
                                       Buffers: shared hit=57589 read=3656791
                                 ->  Hash  (cost=16906.00..16906.00 rows=16925 width=21) (actual time=118.525..118.527 rows=17141 loops=1)
                                       Buckets: 32768  Batches: 1  Memory Usage: 1194kB
                                       Buffers: shared hit=14356
                                       ->  Seq Scan on item  (cost=0.00..16906.00 rows=16925 width=21) (actual time=0.029..114.870 rows=17141 loops=1)
                                             Filter: (i_category = 'Home'::bpchar)
                                             Rows Removed by Filter: 186859
                                             Buffers: shared hit=14356
                           ->  Memoize  (cost=0.30..7.22 rows=1 width=4) (actual time=0.000..0.000 rows=0 loops=1458185)
                                 Cache Key: catalog_sales.cs_sold_date_sk
                                 Cache Mode: logical
                                 Hits: 1456047  Misses: 2138  Evictions: 0  Overflows: 0  Memory Usage: 155kB
                                 Buffers: shared hit=6411
                                 ->  Index Scan using date_dim_pkey on date_dim  (cost=0.29..7.21 rows=1 width=4) (actual time=0.012..0.012 rows=0 loops=2138)
                                       Index Cond: (d_date_sk = catalog_sales.cs_sold_date_sk)
                                       Filter: (d_year = 2000)
                                       Rows Removed by Filter: 1
                                       Buffers: shared hit=6411
                     ->  Index Scan using customer_demographics_pkey on customer_demographics  (cost=0.43..7.36 rows=1 width=8) (actual time=0.013..0.013 rows=0 loops=227563)
                           Index Cond: (cd_demo_sk = catalog_sales.cs_bill_cdemo_sk)
                           Filter: ((cd_gender = 'M'::bpchar) AND (cd_education_status = 'College'::bpchar))
                           Rows Removed by Filter: 1
                           Buffers: shared hit=882146 read=26994
               ->  Index Scan using customer_pkey on customer  (cost=0.43..7.35 rows=1 width=12) (actual time=0.016..0.016 rows=0 loops=23829)
                     Index Cond: (c_customer_sk = catalog_sales.cs_bill_customer_sk)
                     Filter: (c_birth_month = 8)
                     Rows Removed by Filter: 1
                     Buffers: shared hit=83987 read=11265
         ->  Index Scan using customer_address_pkey on customer_address  (cost=0.42..7.36 rows=1 width=35) (actual time=0.020..0.020 rows=0 loops=2744)
               Index Cond: (ca_address_sk = customer.c_current_addr_sk)
               Filter: (ca_state = ANY ('{MS,NC,UT}'::bpchar[]))
               Rows Removed by Filter: 1
               Buffers: shared hit=6069 read=4907
 Planning:
   Buffers: shared hit=454
 Planning Time: 4.404 ms
 Execution Time: 49479.011 ms
(53 rows)

