                                                                              QUERY PLAN                                                                               
-----------------------------------------------------------------------------------------------------------------------------------------------------------------------
 Aggregate  (cost=6007709.12..6007709.13 rows=1 width=268) (actual time=51288.865..51288.870 rows=1 loops=1)
   Buffers: shared hit=726725 read=3807438
   ->  Nested Loop  (cost=17119.15..6007709.09 rows=1 width=81) (actual time=300.159..51288.673 rows=28 loops=1)
         Buffers: shared hit=726725 read=3807438
         ->  Nested Loop  (cost=17118.72..6007620.68 rows=12 width=54) (actual time=140.440..51280.668 rows=430 loops=1)
               Buffers: shared hit=725785 read=3806658
               ->  Nested Loop  (cost=17118.29..6006370.20 rows=170 width=54) (actual time=124.693..51197.608 rows=6379 loops=1)
                     Buffers: shared hit=700990 read=3805949
                     ->  Nested Loop  (cost=17117.87..5967386.13 rows=5301 width=50) (actual time=122.940..48860.224 rows=193185 loops=1)
                           Buffers: shared hit=20989 read=3714158
                           ->  Hash Join  (cost=17117.56..5925359.90 rows=1069669 width=54) (actual time=122.905..48244.708 rows=2182569 loops=1)
                                 Hash Cond: (catalog_sales.cs_item_sk = item.i_item_sk)
                                 Buffers: shared hit=14578 read=3714158
                                 ->  Seq Scan on catalog_sales  (cost=0.00..5874397.76 rows=12892906 width=41) (actual time=0.058..45727.019 rows=12722112 loops=1)
                                       Filter: ((cs_wholesale_cost >= '35'::numeric) AND (cs_wholesale_cost <= '40'::numeric))
                                       Rows Removed by Filter: 131270187
                                       Buffers: shared hit=222 read=3714158
                                 ->  Hash  (cost=16906.00..16906.00 rows=16925 width=21) (actual time=122.528..122.529 rows=17141 loops=1)
                                       Buckets: 32768  Batches: 1  Memory Usage: 1194kB
                                       Buffers: shared hit=14356
                                       ->  Seq Scan on item  (cost=0.00..16906.00 rows=16925 width=21) (actual time=0.019..118.575 rows=17141 loops=1)
                                             Filter: (i_category = 'Home'::bpchar)
                                             Rows Removed by Filter: 186859
                                             Buffers: shared hit=14356
                           ->  Memoize  (cost=0.30..7.22 rows=1 width=4) (actual time=0.000..0.000 rows=0 loops=2182569)
                                 Cache Key: catalog_sales.cs_sold_date_sk
                                 Cache Mode: logical
                                 Hits: 2180431  Misses: 2138  Evictions: 0  Overflows: 0  Memory Usage: 155kB
                                 Buffers: shared hit=6411
                                 ->  Index Scan using date_dim_pkey on date_dim  (cost=0.29..7.21 rows=1 width=4) (actual time=0.012..0.012 rows=0 loops=2138)
                                       Index Cond: (d_date_sk = catalog_sales.cs_sold_date_sk)
                                       Filter: (d_year = 1998)
                                       Rows Removed by Filter: 1
                                       Buffers: shared hit=6411
                     ->  Index Scan using customer_pkey on customer  (cost=0.43..7.35 rows=1 width=12) (actual time=0.012..0.012 rows=0 loops=193185)
                           Index Cond: (c_customer_sk = catalog_sales.cs_bill_customer_sk)
                           Filter: (c_birth_month = 6)
                           Rows Removed by Filter: 1
                           Buffers: shared hit=680001 read=91791
               ->  Index Scan using customer_demographics_pkey on customer_demographics  (cost=0.43..7.36 rows=1 width=8) (actual time=0.013..0.013 rows=0 loops=6379)
                     Index Cond: (cd_demo_sk = catalog_sales.cs_bill_cdemo_sk)
                     Filter: ((cd_gender = 'F'::bpchar) AND (cd_education_status = '2 yr Degree'::bpchar))
                     Rows Removed by Filter: 1
                     Buffers: shared hit=24795 read=709
         ->  Index Scan using customer_address_pkey on customer_address  (cost=0.42..7.37 rows=1 width=35) (actual time=0.018..0.018 rows=0 loops=430)
               Index Cond: (ca_address_sk = customer.c_current_addr_sk)
               Filter: (ca_state = ANY ('{IL,ND,OK}'::bpchar[]))
               Rows Removed by Filter: 1
               Buffers: shared hit=940 read=780
 Planning:
   Buffers: shared hit=454
 Planning Time: 4.463 ms
 Execution Time: 51289.536 ms
(53 rows)

