                                                                            QUERY PLAN                                                                             
-------------------------------------------------------------------------------------------------------------------------------------------------------------------
 Aggregate  (cost=5948555.33..5948555.34 rows=1 width=268) (actual time=43046.456..43046.462 rows=1 loops=1)
   Buffers: shared hit=131945 read=3657042
   ->  Nested Loop  (cost=55332.30..5948555.31 rows=1 width=81) (actual time=24103.639..43046.451 rows=1 loops=1)
         Buffers: shared hit=131945 read=3657042
         ->  Nested Loop  (cost=55331.88..5948547.96 rows=1 width=68) (actual time=18428.983..43046.127 rows=15 loops=1)
               Buffers: shared hit=131915 read=3657012
               ->  Nested Loop  (cost=55331.45..5948422.36 rows=17 width=41) (actual time=18205.597..43042.658 rows=198 loops=1)
                     Buffers: shared hit=131402 read=3656733
                     ->  Hash Join  (cost=55331.02..5939162.92 rows=1259 width=37) (actual time=18136.987..42887.211 rows=12476 loops=1)
                           Hash Cond: (catalog_sales.cs_bill_cdemo_sk = customer_demographics.cd_demo_sk)
                           Buffers: shared hit=87192 read=3651075
                           ->  Hash Join  (cost=2391.64..5886177.02 rows=17721 width=37) (actual time=17835.497..42441.867 rows=603124 loops=1)
                                 Hash Cond: (catalog_sales.cs_sold_date_sk = date_dim.d_date_sk)
                                 Buffers: shared hit=75295 read=3640559
                                 ->  Seq Scan on catalog_sales  (cost=0.00..5874397.76 rows=3576029 width=41) (actual time=0.121..41933.258 rows=3595775 loops=1)
                                       Filter: ((cs_wholesale_cost >= '79'::numeric) AND (cs_wholesale_cost <= '84'::numeric))
                                       Rows Removed by Filter: 140396524
                                       Buffers: shared hit=75253 read=3639127
                                 ->  Hash  (cost=2387.11..2387.11 rows=362 width=4) (actual time=21.944..21.946 rows=365 loops=1)
                                       Buckets: 1024  Batches: 1  Memory Usage: 21kB
                                       Buffers: shared hit=42 read=1432
                                       ->  Seq Scan on date_dim  (cost=0.00..2387.11 rows=362 width=4) (actual time=12.526..21.885 rows=365 loops=1)
                                             Filter: (d_year = 2001)
                                             Rows Removed by Filter: 72684
                                             Buffers: shared hit=42 read=1432
                           ->  Hash  (cost=51225.00..51225.00 rows=137151 width=8) (actual time=300.560..300.560 rows=137200 loops=1)
                                 Buckets: 262144  Batches: 1  Memory Usage: 7408kB
                                 Buffers: shared hit=11897 read=10516
                                 ->  Seq Scan on customer_demographics  (cost=0.00..51225.00 rows=137151 width=8) (actual time=0.018..275.131 rows=137200 loops=1)
                                       Filter: ((cd_gender = 'M'::bpchar) AND (cd_education_status = 'Secondary'::bpchar))
                                       Rows Removed by Filter: 1783600
                                       Buffers: shared hit=11897 read=10516
                     ->  Index Scan using customer_pkey on customer  (cost=0.43..7.35 rows=1 width=12) (actual time=0.012..0.012 rows=0 loops=12476)
                           Index Cond: (c_customer_sk = catalog_sales.cs_bill_customer_sk)
                           Filter: (c_birth_month = 5)
                           Rows Removed by Filter: 1
                           Buffers: shared hit=44210 read=5658
               ->  Index Scan using customer_address_pkey on customer_address  (cost=0.42..7.39 rows=1 width=35) (actual time=0.016..0.016 rows=0 loops=198)
                     Index Cond: (ca_address_sk = customer.c_current_addr_sk)
                     Filter: (ca_state = ANY ('{IN,MI,MO}'::bpchar[]))
                     Rows Removed by Filter: 1
                     Buffers: shared hit=513 read=279
         ->  Index Scan using item_pkey on item  (cost=0.42..7.34 rows=1 width=21) (actual time=0.020..0.020 rows=0 loops=15)
               Index Cond: (i_item_sk = catalog_sales.cs_item_sk)
               Filter: (i_category = 'Electronics'::bpchar)
               Rows Removed by Filter: 1
               Buffers: shared hit=30 read=30
 Planning:
   Buffers: shared hit=405 read=49
 Planning Time: 6.497 ms
 Execution Time: 43047.144 ms
(51 rows)

