                                                                               QUERY PLAN                                                                               
------------------------------------------------------------------------------------------------------------------------------------------------------------------------
 Aggregate  (cost=5963065.51..5963065.52 rows=1 width=268) (actual time=45838.275..45838.281 rows=1 loops=1)
   Buffers: shared hit=964222 read=3786177
   ->  Nested Loop  (cost=17220.72..5963065.49 rows=1 width=81) (actual time=25879.986..45838.170 rows=15 loops=1)
         Buffers: shared hit=964222 read=3786177
         ->  Nested Loop  (cost=17220.30..5962947.75 rows=16 width=54) (actual time=25580.103..45831.676 rows=321 loops=1)
               Buffers: shared hit=963508 read=3785607
               ->  Nested Loop  (cost=17219.87..5961285.31 rows=226 width=54) (actual time=25510.703..45639.629 rows=16040 loops=1)
                     Buffers: shared hit=900672 read=3784323
                     ->  Nested Loop  (cost=17219.44..5937354.21 rows=3254 width=50) (actual time=25509.509..42832.697 rows=237791 loops=1)
                           Buffers: shared hit=58905 read=3676242
                           ->  Hash Join  (cost=17219.14..5905653.70 rows=656636 width=54) (actual time=146.454..42508.969 rows=984760 loops=1)
                                 Hash Cond: (catalog_sales.cs_item_sk = item.i_item_sk)
                                 Buffers: shared hit=52494 read=3676242
                                 ->  Seq Scan on catalog_sales  (cost=0.00..5874397.76 rows=5347244 width=41) (actual time=0.048..41069.266 rows=5484290 loops=1)
                                       Filter: ((cs_wholesale_cost >= '95'::numeric) AND (cs_wholesale_cost <= '100'::numeric))
                                       Rows Removed by Filter: 138508009
                                       Buffers: shared hit=52493 read=3661887
                                 ->  Hash  (cost=16906.00..16906.00 rows=25051 width=21) (actual time=146.094..146.095 rows=24688 loops=1)
                                       Buckets: 32768  Batches: 1  Memory Usage: 1607kB
                                       Buffers: shared hit=1 read=14355
                                       ->  Seq Scan on item  (cost=0.00..16906.00 rows=25051 width=21) (actual time=0.152..139.534 rows=24688 loops=1)
                                             Filter: (i_category = 'Books'::bpchar)
                                             Rows Removed by Filter: 179312
                                             Buffers: shared hit=1 read=14355
                           ->  Memoize  (cost=0.30..7.22 rows=1 width=4) (actual time=0.000..0.000 rows=0 loops=984760)
                                 Cache Key: catalog_sales.cs_sold_date_sk
                                 Cache Mode: logical
                                 Hits: 982622  Misses: 2138  Evictions: 0  Overflows: 0  Memory Usage: 155kB
                                 Buffers: shared hit=6411
                                 ->  Index Scan using date_dim_pkey on date_dim  (cost=0.29..7.21 rows=1 width=4) (actual time=0.012..0.012 rows=0 loops=2138)
                                       Index Cond: (d_date_sk = catalog_sales.cs_sold_date_sk)
                                       Filter: (d_year = 2002)
                                       Rows Removed by Filter: 1
                                       Buffers: shared hit=6411
                     ->  Index Scan using customer_pkey on customer  (cost=0.43..7.35 rows=1 width=12) (actual time=0.012..0.012 rows=0 loops=237791)
                           Index Cond: (c_customer_sk = catalog_sales.cs_bill_customer_sk)
                           Filter: (c_birth_month = 12)
                           Rows Removed by Filter: 1
                           Buffers: shared hit=841767 read=108081
               ->  Index Scan using customer_demographics_pkey on customer_demographics  (cost=0.43..7.36 rows=1 width=8) (actual time=0.012..0.012 rows=0 loops=16040)
                     Index Cond: (cd_demo_sk = catalog_sales.cs_bill_cdemo_sk)
                     Filter: ((cd_gender = 'F'::bpchar) AND (cd_education_status = 'Primary'::bpchar))
                     Rows Removed by Filter: 1
                     Buffers: shared hit=62836 read=1284
         ->  Index Scan using customer_address_pkey on customer_address  (cost=0.42..7.36 rows=1 width=35) (actual time=0.019..0.019 rows=0 loops=321)
               Index Cond: (ca_address_sk = customer.c_current_addr_sk)
               Filter: (ca_state = ANY ('{FL,KS,MN}'::bpchar[]))
               Rows Removed by Filter: 1
               Buffers: shared hit=714 read=570
 Planning:
   Buffers: shared hit=454
 Planning Time: 4.567 ms
 Execution Time: 45838.983 ms
(53 rows)

