                                                                                  QUERY PLAN                                                                                   
-------------------------------------------------------------------------------------------------------------------------------------------------------------------------------
 Aggregate  (cost=6009775.36..6009775.37 rows=1 width=268) (actual time=49729.696..49729.700 rows=1 loops=1)
   Buffers: shared hit=984082 read=3721317
   ->  Nested Loop  (cost=17437.73..6009775.25 rows=4 width=81) (actual time=363.836..49728.689 rows=207 loops=1)
         Buffers: shared hit=984082 read=3721317
         ->  Nested Loop  (cost=17437.31..6009378.05 rows=54 width=54) (actual time=153.929..49660.933 rows=3538 loops=1)
               Buffers: shared hit=975533 read=3715714
               ->  Nested Loop  (cost=17436.88..6005958.30 rows=465 width=50) (actual time=151.357..49175.417 rows=30456 loops=1)
                     Buffers: shared hit=866861 read=3702682
                     ->  Nested Loop  (cost=17436.45..5957321.15 rows=6612 width=50) (actual time=150.339..46203.345 rows=208856 loops=1)
                           Buffers: shared hit=41556 read=3693591
                           ->  Hash Join  (cost=17436.15..5908680.59 rows=1334243 width=54) (actual time=150.299..45793.083 rows=1321668 loops=1)
                                 Hash Cond: (catalog_sales.cs_item_sk = item.i_item_sk)
                                 Buffers: shared hit=35145 read=3693591
                                 ->  Seq Scan on catalog_sales  (cost=0.00..5874397.76 rows=6417653 width=41) (actual time=0.058..44164.439 rows=6094526 loops=1)
                                       Filter: ((cs_wholesale_cost >= '62'::numeric) AND (cs_wholesale_cost <= '67'::numeric))
                                       Rows Removed by Filter: 137897773
                                       Buffers: shared hit=35130 read=3679250
                                 ->  Hash  (cost=16906.00..16906.00 rows=42412 width=21) (actual time=149.591..149.592 rows=42041 loops=1)
                                       Buckets: 65536  Batches: 1  Memory Usage: 2812kB
                                       Buffers: shared hit=15 read=14341
                                       ->  Seq Scan on item  (cost=0.00..16906.00 rows=42412 width=21) (actual time=0.458..139.781 rows=42041 loops=1)
                                             Filter: (i_category = 'Electronics'::bpchar)
                                             Rows Removed by Filter: 161959
                                             Buffers: shared hit=15 read=14341
                           ->  Memoize  (cost=0.30..7.22 rows=1 width=4) (actual time=0.000..0.000 rows=0 loops=1321668)
                                 Cache Key: catalog_sales.cs_sold_date_sk
                                 Cache Mode: logical
                                 Hits: 1319530  Misses: 2138  Evictions: 0  Overflows: 0  Memory Usage: 155kB
                                 Buffers: shared hit=6411
                                 ->  Index Scan using date_dim_pkey on date_dim  (cost=0.29..7.21 rows=1 width=4) (actual time=0.013..0.013 rows=0 loops=2138)
                                       Index Cond: (d_date_sk = catalog_sales.cs_sold_date_sk)
                                       Filter: (d_year = 1998)
                                       Rows Removed by Filter: 1
                                       Buffers: shared hit=6411
                     ->  Index Scan using customer_demographics_pkey on customer_demographics  (cost=0.43..7.36 rows=1 width=8) (actual time=0.014..0.014 rows=0 loops=208856)
                           Index Cond: (cd_demo_sk = catalog_sales.cs_bill_cdemo_sk)
                           Filter: ((cd_gender = 'M'::bpchar) AND (cd_education_status = 'Unknown'::bpchar))
                           Rows Removed by Filter: 1
                           Buffers: shared hit=825305 read=9091
               ->  Index Scan using customer_pkey on customer  (cost=0.43..7.35 rows=1 width=12) (actual time=0.016..0.016 rows=0 loops=30456)
                     Index Cond: (c_customer_sk = catalog_sales.cs_bill_customer_sk)
                     Filter: (c_birth_month = 8)
                     Rows Removed by Filter: 1
                     Buffers: shared hit=108672 read=13032
         ->  Index Scan using customer_address_pkey on customer_address  (cost=0.42..7.36 rows=1 width=35) (actual time=0.019..0.019 rows=0 loops=3538)
               Index Cond: (ca_address_sk = customer.c_current_addr_sk)
               Filter: (ca_state = ANY ('{CO,IL,MI}'::bpchar[]))
               Rows Removed by Filter: 1
               Buffers: shared hit=8549 read=5603
 Planning:
   Buffers: shared hit=454
 Planning Time: 4.536 ms
 Execution Time: 49730.397 ms
(53 rows)

