                                                                                  QUERY PLAN                                                                                  
------------------------------------------------------------------------------------------------------------------------------------------------------------------------------
 Aggregate  (cost=5938323.88..5938323.89 rows=1 width=268) (actual time=47248.867..47248.872 rows=1 loops=1)
   Buffers: shared hit=142727 read=3650312
   ->  Nested Loop  (cost=16954.16..5938323.85 rows=1 width=81) (actual time=12910.190..47248.772 rows=13 loops=1)
         Buffers: shared hit=142727 read=3650312
         ->  Nested Loop  (cost=16953.73..5938272.37 rows=7 width=54) (actual time=12590.986..47242.212 rows=341 loops=1)
               Buffers: shared hit=141932 read=3649743
               ->  Nested Loop  (cost=16953.31..5937882.59 rows=53 width=50) (actual time=12485.195..47206.539 rows=2367 loops=1)
                     Buffers: shared hit=133898 read=3648313
                     ->  Nested Loop  (cost=16952.88..5932328.93 rows=755 width=50) (actual time=12484.394..47057.009 rows=11779 loops=1)
                           Buffers: shared hit=87318 read=3647829
                           ->  Hash Join  (cost=16952.58..5913237.17 rows=152285 width=54) (actual time=116.947..46988.459 rows=75657 loops=1)
                                 Hash Cond: (catalog_sales.cs_item_sk = item.i_item_sk)
                                 Buffers: shared hit=80907 read=3647829
                                 ->  Seq Scan on catalog_sales  (cost=0.00..5874397.76 rows=8337669 width=41) (actual time=0.050..45641.694 rows=8349119 loops=1)
                                       Filter: ((cs_wholesale_cost >= '7'::numeric) AND (cs_wholesale_cost <= '12'::numeric))
                                       Rows Removed by Filter: 135643180
                                       Buffers: shared hit=67059 read=3647321
                                 ->  Hash  (cost=16906.00..16906.00 rows=3726 width=21) (actual time=116.244..116.245 rows=3713 loops=1)
                                       Buckets: 4096  Batches: 1  Memory Usage: 236kB
                                       Buffers: shared hit=13848 read=508
                                       ->  Seq Scan on item  (cost=0.00..16906.00 rows=3726 width=21) (actual time=0.211..115.307 rows=3713 loops=1)
                                             Filter: (i_category = 'Music'::bpchar)
                                             Rows Removed by Filter: 200287
                                             Buffers: shared hit=13848 read=508
                           ->  Memoize  (cost=0.30..7.22 rows=1 width=4) (actual time=0.001..0.001 rows=0 loops=75657)
                                 Cache Key: catalog_sales.cs_sold_date_sk
                                 Cache Mode: logical
                                 Hits: 73519  Misses: 2138  Evictions: 0  Overflows: 0  Memory Usage: 155kB
                                 Buffers: shared hit=6411
                                 ->  Index Scan using date_dim_pkey on date_dim  (cost=0.29..7.21 rows=1 width=4) (actual time=0.012..0.012 rows=0 loops=2138)
                                       Index Cond: (d_date_sk = catalog_sales.cs_sold_date_sk)
                                       Filter: (d_year = 2000)
                                       Rows Removed by Filter: 1
                                       Buffers: shared hit=6411
                     ->  Index Scan using customer_demographics_pkey on customer_demographics  (cost=0.43..7.36 rows=1 width=8) (actual time=0.012..0.012 rows=0 loops=11779)
                           Index Cond: (cd_demo_sk = catalog_sales.cs_bill_cdemo_sk)
                           Filter: ((cd_gender = 'M'::bpchar) AND (cd_education_status = '2 yr Degree'::bpchar))
                           Rows Removed by Filter: 1
                           Buffers: shared hit=46580 read=484
               ->  Index Scan using customer_pkey on customer  (cost=0.43..7.35 rows=1 width=12) (actual time=0.015..0.015 rows=0 loops=2367)
                     Index Cond: (c_customer_sk = catalog_sales.cs_bill_customer_sk)
                     Filter: (c_birth_month = 10)
                     Rows Removed by Filter: 1
                     Buffers: shared hit=8034 read=1430
         ->  Index Scan using customer_address_pkey on customer_address  (cost=0.42..7.35 rows=1 width=35) (actual time=0.018..0.018 rows=0 loops=341)
               Index Cond: (ca_address_sk = customer.c_current_addr_sk)
               Filter: (ca_state = ANY ('{GA,MO,TX}'::bpchar[]))
               Rows Removed by Filter: 1
               Buffers: shared hit=795 read=569
 Planning:
   Buffers: shared hit=454
 Planning Time: 4.557 ms
 Execution Time: 47249.530 ms
(53 rows)

