                                                                                  QUERY PLAN                                                                                   
-------------------------------------------------------------------------------------------------------------------------------------------------------------------------------
 Aggregate  (cost=6027798.86..6027798.87 rows=1 width=268) (actual time=49251.572..49251.578 rows=1 loops=1)
   Buffers: shared hit=1120699 read=3665800
   ->  Nested Loop  (cost=17437.73..6027798.67 rows=7 width=81) (actual time=6169.061..49251.253 rows=53 loops=1)
         Buffers: shared hit=1120699 read=3665800
         ->  Nested Loop  (cost=17437.31..6027305.85 rows=67 width=54) (actual time=6126.017..49225.368 rows=1131 loops=1)
               Buffers: shared hit=1118017 read=3663958
               ->  Nested Loop  (cost=17436.88..6023106.59 rows=571 width=50) (actual time=6124.111..49052.225 rows=9557 loops=1)
                     Buffers: shared hit=1087680 read=3656091
                     ->  Nested Loop  (cost=17436.45..5966032.42 rows=7759 width=50) (actual time=6123.977..45413.774 rows=252445 loops=1)
                           Buffers: shared hit=86541 read=3648606
                           ->  Hash Join  (cost=17436.15..5911603.88 rows=1565764 width=54) (actual time=129.268..44927.122 rows=1629180 loops=1)
                                 Hash Cond: (catalog_sales.cs_item_sk = item.i_item_sk)
                                 Buffers: shared hit=80130 read=3648606
                                 ->  Seq Scan on catalog_sales  (cost=0.00..5874397.76 rows=7531262 width=41) (actual time=0.050..43047.753 rows=7518631 loops=1)
                                       Filter: ((cs_wholesale_cost >= '84'::numeric) AND (cs_wholesale_cost <= '89'::numeric))
                                       Rows Removed by Filter: 136473668
                                       Buffers: shared hit=65774 read=3648606
                                 ->  Hash  (cost=16906.00..16906.00 rows=42412 width=21) (actual time=128.611..128.612 rows=42041 loops=1)
                                       Buckets: 65536  Batches: 1  Memory Usage: 2812kB
                                       Buffers: shared hit=14356
                                       ->  Seq Scan on item  (cost=0.00..16906.00 rows=42412 width=21) (actual time=0.036..120.521 rows=42041 loops=1)
                                             Filter: (i_category = 'Electronics'::bpchar)
                                             Rows Removed by Filter: 161959
                                             Buffers: shared hit=14356
                           ->  Memoize  (cost=0.30..7.22 rows=1 width=4) (actual time=0.000..0.000 rows=0 loops=1629180)
                                 Cache Key: catalog_sales.cs_sold_date_sk
                                 Cache Mode: logical
                                 Hits: 1627042  Misses: 2138  Evictions: 0  Overflows: 0  Memory Usage: 155kB
                                 Buffers: shared hit=6411
                                 ->  Index Scan using date_dim_pkey on date_dim  (cost=0.29..7.21 rows=1 width=4) (actual time=0.013..0.013 rows=0 loops=2138)
                                       Index Cond: (d_date_sk = catalog_sales.cs_sold_date_sk)
                                       Filter: (d_year = 1999)
                                       Rows Removed by Filter: 1
                                       Buffers: shared hit=6411
                     ->  Index Scan using customer_demographics_pkey on customer_demographics  (cost=0.43..7.36 rows=1 width=8) (actual time=0.014..0.014 rows=0 loops=252445)
                           Index Cond: (cd_demo_sk = catalog_sales.cs_bill_cdemo_sk)
                           Filter: ((cd_gender = 'F'::bpchar) AND (cd_education_status = '4 yr Degree'::bpchar))
                           Rows Removed by Filter: 1
                           Buffers: shared hit=1001139 read=7485
               ->  Index Scan using customer_pkey on customer  (cost=0.43..7.35 rows=1 width=12) (actual time=0.018..0.018 rows=0 loops=9557)
                     Index Cond: (c_customer_sk = catalog_sales.cs_bill_customer_sk)
                     Filter: (c_birth_month = 8)
                     Rows Removed by Filter: 1
                     Buffers: shared hit=30337 read=7867
         ->  Index Scan using customer_address_pkey on customer_address  (cost=0.42..7.36 rows=1 width=35) (actual time=0.022..0.022 rows=0 loops=1131)
               Index Cond: (ca_address_sk = customer.c_current_addr_sk)
               Filter: (ca_state = ANY ('{IL,MS,VA}'::bpchar[]))
               Rows Removed by Filter: 1
               Buffers: shared hit=2682 read=1842
 Planning:
   Buffers: shared hit=454
 Planning Time: 4.642 ms
 Execution Time: 49252.275 ms
(53 rows)

