                                                                                  QUERY PLAN                                                                                  
------------------------------------------------------------------------------------------------------------------------------------------------------------------------------
 Aggregate  (cost=5946923.89..5946923.90 rows=1 width=268) (actual time=43567.920..43567.925 rows=1 loops=1)
   Buffers: shared hit=166333 read=3633466
   ->  Nested Loop  (cost=16954.16..5946923.86 rows=1 width=81) (actual time=20496.771..43567.895 rows=3 loops=1)
         Buffers: shared hit=166333 read=3633466
         ->  Nested Loop  (cost=16953.73..5946872.37 rows=7 width=54) (actual time=18668.534..43566.650 rows=58 loops=1)
               Buffers: shared hit=166210 read=3633357
               ->  Nested Loop  (cost=16953.31..5946350.22 rows=71 width=50) (actual time=18668.504..43556.560 rows=614 loops=1)
                     Buffers: shared hit=164329 read=3632782
                     ->  Nested Loop  (cost=16952.88..5939295.99 rows=959 width=50) (actual time=18665.992..43353.938 rows=15507 loops=1)
                           Buffers: shared hit=102799 read=3632348
                           ->  Hash Join  (cost=16952.58..5919171.94 rows=193578 width=54) (actual time=117.534..43281.549 rows=93335 loops=1)
                                 Hash Cond: (catalog_sales.cs_item_sk = item.i_item_sk)
                                 Buffers: shared hit=96388 read=3632348
                                 ->  Seq Scan on catalog_sales  (cost=0.00..5874397.76 rows=10598487 width=41) (actual time=0.053..41749.746 rows=10312840 loops=1)
                                       Filter: ((cs_wholesale_cost >= '86'::numeric) AND (cs_wholesale_cost <= '91'::numeric))
                                       Rows Removed by Filter: 133679459
                                       Buffers: shared hit=82406 read=3631974
                                 ->  Hash  (cost=16906.00..16906.00 rows=3726 width=21) (actual time=116.952..116.952 rows=3713 loops=1)
                                       Buckets: 4096  Batches: 1  Memory Usage: 236kB
                                       Buffers: shared hit=13982 read=374
                                       ->  Seq Scan on item  (cost=0.00..16906.00 rows=3726 width=21) (actual time=0.053..115.966 rows=3713 loops=1)
                                             Filter: (i_category = 'Music'::bpchar)
                                             Rows Removed by Filter: 200287
                                             Buffers: shared hit=13982 read=374
                           ->  Memoize  (cost=0.30..7.22 rows=1 width=4) (actual time=0.001..0.001 rows=0 loops=93335)
                                 Cache Key: catalog_sales.cs_sold_date_sk
                                 Cache Mode: logical
                                 Hits: 91197  Misses: 2138  Evictions: 0  Overflows: 0  Memory Usage: 155kB
                                 Buffers: shared hit=6411
                                 ->  Index Scan using date_dim_pkey on date_dim  (cost=0.29..7.21 rows=1 width=4) (actual time=0.012..0.012 rows=0 loops=2138)
                                       Index Cond: (d_date_sk = catalog_sales.cs_sold_date_sk)
                                       Filter: (d_year = 2001)
                                       Rows Removed by Filter: 1
                                       Buffers: shared hit=6411
                     ->  Index Scan using customer_demographics_pkey on customer_demographics  (cost=0.43..7.36 rows=1 width=8) (actual time=0.013..0.013 rows=0 loops=15507)
                           Index Cond: (cd_demo_sk = catalog_sales.cs_bill_cdemo_sk)
                           Filter: ((cd_gender = 'F'::bpchar) AND (cd_education_status = '4 yr Degree'::bpchar))
                           Rows Removed by Filter: 1
                           Buffers: shared hit=61530 read=434
               ->  Index Scan using customer_pkey on customer  (cost=0.43..7.35 rows=1 width=12) (actual time=0.015..0.015 rows=0 loops=614)
                     Index Cond: (c_customer_sk = catalog_sales.cs_bill_customer_sk)
                     Filter: (c_birth_month = 2)
                     Rows Removed by Filter: 1
                     Buffers: shared hit=1881 read=575
         ->  Index Scan using customer_address_pkey on customer_address  (cost=0.42..7.36 rows=1 width=35) (actual time=0.020..0.020 rows=0 loops=58)
               Index Cond: (ca_address_sk = customer.c_current_addr_sk)
               Filter: (ca_state = ANY ('{HI,WA,WY}'::bpchar[]))
               Rows Removed by Filter: 1
               Buffers: shared hit=123 read=109
 Planning:
   Buffers: shared hit=407 read=47
 Planning Time: 5.007 ms
 Execution Time: 43568.389 ms
(53 rows)

