                                                                              QUERY PLAN                                                                              
----------------------------------------------------------------------------------------------------------------------------------------------------------------------
 Aggregate  (cost=5930475.71..5930475.72 rows=1 width=268) (actual time=45468.000..45468.004 rows=1 loops=1)
   Buffers: shared hit=130106 read=3658113
   ->  Nested Loop  (cost=17019.78..5930475.68 rows=1 width=81) (actual time=208.310..45467.960 rows=5 loops=1)
         Buffers: shared hit=130106 read=3658113
         ->  Nested Loop  (cost=17019.36..5930460.95 rows=2 width=54) (actual time=208.269..45466.342 rows=77 loops=1)
               Buffers: shared hit=129935 read=3657976
               ->  Nested Loop  (cost=17018.93..5930232.92 rows=31 width=54) (actual time=136.915..45458.302 rows=456 loops=1)
                     Buffers: shared hit=128120 read=3657967
                     ->  Nested Loop  (cost=17018.50..5923150.57 rows=963 width=50) (actual time=120.310..45263.108 rows=12753 loops=1)
                           Buffers: shared hit=87324 read=3647823
                           ->  Hash Join  (cost=17018.20..5903008.30 rows=194306 width=54) (actual time=120.277..45189.905 rows=96883 loops=1)
                                 Hash Cond: (catalog_sales.cs_item_sk = item.i_item_sk)
                                 Buffers: shared hit=80913 read=3647823
                                 ->  Seq Scan on catalog_sales  (cost=0.00..5874397.76 rows=4416036 width=41) (actual time=0.207..44255.169 rows=4444683 loops=1)
                                       Filter: ((cs_wholesale_cost >= '49'::numeric) AND (cs_wholesale_cost <= '54'::numeric))
                                       Rows Removed by Filter: 139547616
                                       Buffers: shared hit=68825 read=3645555
                                 ->  Hash  (cost=16906.00..16906.00 rows=8976 width=21) (actual time=119.295..119.295 rows=8826 loops=1)
                                       Buckets: 16384  Batches: 1  Memory Usage: 611kB
                                       Buffers: shared hit=12088 read=2268
                                       ->  Seq Scan on item  (cost=0.00..16906.00 rows=8976 width=21) (actual time=0.035..116.715 rows=8826 loops=1)
                                             Filter: (i_category = 'Jewelry'::bpchar)
                                             Rows Removed by Filter: 195174
                                             Buffers: shared hit=12088 read=2268
                           ->  Memoize  (cost=0.30..7.22 rows=1 width=4) (actual time=0.000..0.000 rows=0 loops=96883)
                                 Cache Key: catalog_sales.cs_sold_date_sk
                                 Cache Mode: logical
                                 Hits: 94745  Misses: 2138  Evictions: 0  Overflows: 0  Memory Usage: 155kB
                                 Buffers: shared hit=6411
                                 ->  Index Scan using date_dim_pkey on date_dim  (cost=0.29..7.21 rows=1 width=4) (actual time=0.012..0.012 rows=0 loops=2138)
                                       Index Cond: (d_date_sk = catalog_sales.cs_sold_date_sk)
                                       Filter: (d_year = 1998)
                                       Rows Removed by Filter: 1
                                       Buffers: shared hit=6411
                     ->  Index Scan using customer_pkey on customer  (cost=0.43..7.35 rows=1 width=12) (actual time=0.015..0.015 rows=0 loops=12753)
                           Index Cond: (c_customer_sk = catalog_sales.cs_bill_customer_sk)
                           Filter: (c_birth_month = 6)
                           Rows Removed by Filter: 1
                           Buffers: shared hit=40796 read=10144
               ->  Index Scan using customer_demographics_pkey on customer_demographics  (cost=0.43..7.36 rows=1 width=8) (actual time=0.017..0.017 rows=0 loops=456)
                     Index Cond: (cd_demo_sk = catalog_sales.cs_bill_cdemo_sk)
                     Filter: ((cd_gender = 'M'::bpchar) AND (cd_education_status = 'Unknown'::bpchar))
                     Rows Removed by Filter: 1
                     Buffers: shared hit=1815 read=9
         ->  Index Scan using customer_address_pkey on customer_address  (cost=0.42..7.37 rows=1 width=35) (actual time=0.020..0.020 rows=0 loops=77)
               Index Cond: (ca_address_sk = customer.c_current_addr_sk)
               Filter: (ca_state = ANY ('{IA,IL,MN}'::bpchar[]))
               Rows Removed by Filter: 1
               Buffers: shared hit=171 read=137
 Planning:
   Buffers: shared hit=454
 Planning Time: 5.871 ms
 Execution Time: 45468.767 ms
(53 rows)

