                                                                                  QUERY PLAN                                                                                  
------------------------------------------------------------------------------------------------------------------------------------------------------------------------------
 Aggregate  (cost=5936902.76..5936902.77 rows=1 width=268) (actual time=45819.502..45819.507 rows=1 loops=1)
   Buffers: shared hit=203042 read=3635485
   ->  Nested Loop  (cost=17073.85..5936902.70 rows=2 width=81) (actual time=20498.647..45819.477 rows=3 loops=1)
         Buffers: shared hit=203042 read=3635485
         ->  Nested Loop  (cost=17073.42..5936777.68 rows=17 width=54) (actual time=19833.306..45817.778 rows=83 loops=1)
               Buffers: shared hit=202872 read=3635323
               ->  Nested Loop  (cost=17072.99..5936042.24 rows=100 width=50) (actual time=19721.950..45809.932 rows=446 loops=1)
                     Buffers: shared hit=201471 read=3634940
                     ->  Nested Loop  (cost=17072.57..5925545.26 rows=1427 width=50) (actual time=19695.932..45521.066 rows=25348 loops=1)
                           Buffers: shared hit=101121 read=3634026
                           ->  Hash Join  (cost=17072.26..5903062.36 rows=287930 width=54) (actual time=113.006..45434.378 rows=151008 loops=1)
                                 Hash Cond: (catalog_sales.cs_item_sk = item.i_item_sk)
                                 Buffers: shared hit=94710 read=3634026
                                 ->  Seq Scan on catalog_sales  (cost=0.00..5874397.76 rows=4416036 width=41) (actual time=0.997..44411.840 rows=4444683 loops=1)
                                       Filter: ((cs_wholesale_cost >= '52'::numeric) AND (cs_wholesale_cost <= '57'::numeric))
                                       Rows Removed by Filter: 139547616
                                       Buffers: shared hit=80481 read=3633899
                                 ->  Hash  (cost=16906.00..16906.00 rows=13301 width=21) (actual time=111.797..111.798 rows=13933 loops=1)
                                       Buckets: 16384  Batches: 1  Memory Usage: 890kB
                                       Buffers: shared hit=14229 read=127
                                       ->  Seq Scan on item  (cost=0.00..16906.00 rows=13301 width=21) (actual time=0.037..108.837 rows=13933 loops=1)
                                             Filter: (i_category = 'Men'::bpchar)
                                             Rows Removed by Filter: 190067
                                             Buffers: shared hit=14229 read=127
                           ->  Memoize  (cost=0.30..7.22 rows=1 width=4) (actual time=0.000..0.000 rows=0 loops=151008)
                                 Cache Key: catalog_sales.cs_sold_date_sk
                                 Cache Mode: logical
                                 Hits: 148870  Misses: 2138  Evictions: 0  Overflows: 0  Memory Usage: 155kB
                                 Buffers: shared hit=6411
                                 ->  Index Scan using date_dim_pkey on date_dim  (cost=0.29..7.21 rows=1 width=4) (actual time=0.012..0.012 rows=0 loops=2138)
                                       Index Cond: (d_date_sk = catalog_sales.cs_sold_date_sk)
                                       Filter: (d_year = 2001)
                                       Rows Removed by Filter: 1
                                       Buffers: shared hit=6411
                     ->  Index Scan using customer_demographics_pkey on customer_demographics  (cost=0.43..7.36 rows=1 width=8) (actual time=0.011..0.011 rows=0 loops=25348)
                           Index Cond: (cd_demo_sk = catalog_sales.cs_bill_cdemo_sk)
                           Filter: ((cd_gender = 'F'::bpchar) AND (cd_education_status = 'Secondary'::bpchar))
                           Rows Removed by Filter: 1
                           Buffers: shared hit=100350 read=914
               ->  Index Scan using customer_pkey on customer  (cost=0.43..7.35 rows=1 width=12) (actual time=0.017..0.017 rows=0 loops=446)
                     Index Cond: (c_customer_sk = catalog_sales.cs_bill_customer_sk)
                     Filter: (c_birth_month = 4)
                     Rows Removed by Filter: 1
                     Buffers: shared hit=1401 read=383
         ->  Index Scan using customer_address_pkey on customer_address  (cost=0.42..7.35 rows=1 width=35) (actual time=0.019..0.019 rows=0 loops=83)
               Index Cond: (ca_address_sk = customer.c_current_addr_sk)
               Filter: (ca_state = ANY ('{GA,MI,NE}'::bpchar[]))
               Rows Removed by Filter: 1
               Buffers: shared hit=170 read=162
 Planning:
   Buffers: shared hit=454
 Planning Time: 4.798 ms
 Execution Time: 45820.172 ms
(53 rows)

