                                                                            QUERY PLAN                                                                            
------------------------------------------------------------------------------------------------------------------------------------------------------------------
 Aggregate  (cost=5950440.91..5950440.92 rows=1 width=268) (actual time=45983.157..45983.161 rows=1 loops=1)
   Buffers: shared hit=179370 read=3671653
   ->  Nested Loop  (cost=17073.85..5950440.88 rows=1 width=81) (actual time=6718.944..45983.074 rows=11 loops=1)
         Buffers: shared hit=179370 read=3671653
         ->  Nested Loop  (cost=17073.42..5950374.68 rows=9 width=81) (actual time=6098.487..45980.481 rows=111 loops=1)
               Buffers: shared hit=178972 read=3671607
               ->  Nested Loop  (cost=17072.99..5949315.05 rows=144 width=54) (actual time=6044.707..45950.711 rows=1781 loops=1)
                     Buffers: shared hit=175286 read=3668169
                     ->  Nested Loop  (cost=17072.57..5934062.25 rows=2074 width=50) (actual time=6040.908..45590.939 rows=27122 loops=1)
                           Buffers: shared hit=90503 read=3644644
                           ->  Hash Join  (cost=17072.26..5908316.71 rows=418437 width=54) (actual time=139.071..45486.733 rows=207705 loops=1)
                                 Hash Cond: (catalog_sales.cs_item_sk = item.i_item_sk)
                                 Buffers: shared hit=84092 read=3644644
                                 ->  Seq Scan on catalog_sales  (cost=0.00..5874397.76 rows=6417653 width=41) (actual time=0.083..44162.819 rows=6094526 loops=1)
                                       Filter: ((cs_wholesale_cost >= '62'::numeric) AND (cs_wholesale_cost <= '67'::numeric))
                                       Rows Removed by Filter: 137897773
                                       Buffers: shared hit=69736 read=3644644
                                 ->  Hash  (cost=16906.00..16906.00 rows=13301 width=21) (actual time=138.811..138.812 rows=13933 loops=1)
                                       Buckets: 16384  Batches: 1  Memory Usage: 890kB
                                       Buffers: shared hit=14356
                                       ->  Seq Scan on item  (cost=0.00..16906.00 rows=13301 width=21) (actual time=0.042..135.445 rows=13933 loops=1)
                                             Filter: (i_category = 'Men'::bpchar)
                                             Rows Removed by Filter: 190067
                                             Buffers: shared hit=14356
                           ->  Memoize  (cost=0.30..7.22 rows=1 width=4) (actual time=0.000..0.000 rows=0 loops=207705)
                                 Cache Key: catalog_sales.cs_sold_date_sk
                                 Cache Mode: logical
                                 Hits: 205567  Misses: 2138  Evictions: 0  Overflows: 0  Memory Usage: 155kB
                                 Buffers: shared hit=6411
                                 ->  Index Scan using date_dim_pkey on date_dim  (cost=0.29..7.21 rows=1 width=4) (actual time=0.013..0.013 rows=0 loops=2138)
                                       Index Cond: (d_date_sk = catalog_sales.cs_sold_date_sk)
                                       Filter: (d_year = 1999)
                                       Rows Removed by Filter: 1
                                       Buffers: shared hit=6411
                     ->  Index Scan using customer_pkey on customer  (cost=0.43..7.35 rows=1 width=12) (actual time=0.013..0.013 rows=0 loops=27122)
                           Index Cond: (c_customer_sk = catalog_sales.cs_bill_customer_sk)
                           Filter: (c_birth_month = 12)
                           Rows Removed by Filter: 1
                           Buffers: shared hit=84783 read=23525
               ->  Index Scan using customer_address_pkey on customer_address  (cost=0.42..7.36 rows=1 width=35) (actual time=0.016..0.016 rows=0 loops=1781)
                     Index Cond: (ca_address_sk = customer.c_current_addr_sk)
                     Filter: (ca_state = ANY ('{FL,TN,UT}'::bpchar[]))
                     Rows Removed by Filter: 1
                     Buffers: shared hit=3686 read=3438
         ->  Index Scan using customer_demographics_pkey on customer_demographics  (cost=0.43..7.36 rows=1 width=8) (actual time=0.022..0.022 rows=0 loops=111)
               Index Cond: (cd_demo_sk = catalog_sales.cs_bill_cdemo_sk)
               Filter: ((cd_gender = 'F'::bpchar) AND (cd_education_status = 'College'::bpchar))
               Rows Removed by Filter: 1
               Buffers: shared hit=398 read=46
 Planning:
   Buffers: shared hit=454
 Planning Time: 5.334 ms
 Execution Time: 45983.864 ms
(53 rows)

