                                                                              QUERY PLAN                                                                              
----------------------------------------------------------------------------------------------------------------------------------------------------------------------
 Aggregate  (cost=5923886.52..5923886.53 rows=1 width=268) (actual time=45920.643..45920.648 rows=1 loops=1)
   Buffers: shared hit=133859 read=3647724
   ->  Nested Loop  (cost=17019.78..5923886.49 rows=1 width=81) (actual time=45920.638..45920.643 rows=0 loops=1)
         Buffers: shared hit=133859 read=3647724
         ->  Nested Loop  (cost=17019.36..5923871.75 rows=2 width=54) (actual time=12707.622..45920.327 rows=12 loops=1)
               Buffers: shared hit=133833 read=3647702
               ->  Nested Loop  (cost=17018.93..5923709.92 rows=22 width=54) (actual time=12212.852..45914.863 rows=370 loops=1)
                     Buffers: shared hit=132495 read=3647560
                     ->  Nested Loop  (cost=17018.50..5918591.07 rows=696 width=50) (actual time=12198.836..45739.549 rows=11244 loops=1)
                           Buffers: shared hit=98076 read=3637071
                           ->  Hash Join  (cost=17018.20..5899795.21 rows=140449 width=54) (actual time=137.743..45673.858 rows=69958 loops=1)
                                 Hash Cond: (catalog_sales.cs_item_sk = item.i_item_sk)
                                 Buffers: shared hit=91665 read=3637071
                                 ->  Seq Scan on catalog_sales  (cost=0.00..5874397.76 rows=3192026 width=41) (actual time=0.056..44912.503 rows=3238451 loops=1)
                                       Filter: ((cs_wholesale_cost >= '32'::numeric) AND (cs_wholesale_cost <= '37'::numeric))
                                       Rows Removed by Filter: 140753848
                                       Buffers: shared hit=89811 read=3624569
                                 ->  Hash  (cost=16906.00..16906.00 rows=8976 width=21) (actual time=137.484..137.485 rows=8826 loops=1)
                                       Buckets: 16384  Batches: 1  Memory Usage: 611kB
                                       Buffers: shared hit=1854 read=12502
                                       ->  Seq Scan on item  (cost=0.00..16906.00 rows=8976 width=21) (actual time=0.014..135.038 rows=8826 loops=1)
                                             Filter: (i_category = 'Jewelry'::bpchar)
                                             Rows Removed by Filter: 195174
                                             Buffers: shared hit=1854 read=12502
                           ->  Memoize  (cost=0.30..7.22 rows=1 width=4) (actual time=0.001..0.001 rows=0 loops=69958)
                                 Cache Key: catalog_sales.cs_sold_date_sk
                                 Cache Mode: logical
                                 Hits: 67820  Misses: 2138  Evictions: 0  Overflows: 0  Memory Usage: 155kB
                                 Buffers: shared hit=6411
                                 ->  Index Scan using date_dim_pkey on date_dim  (cost=0.29..7.21 rows=1 width=4) (actual time=0.012..0.012 rows=0 loops=2138)
                                       Index Cond: (d_date_sk = catalog_sales.cs_sold_date_sk)
                                       Filter: (d_year = 2000)
                                       Rows Removed by Filter: 1
                                       Buffers: shared hit=6411
                     ->  Index Scan using customer_pkey on customer  (cost=0.43..7.35 rows=1 width=12) (actual time=0.015..0.015 rows=0 loops=11244)
                           Index Cond: (c_customer_sk = catalog_sales.cs_bill_customer_sk)
                           Filter: (c_birth_month = 6)
                           Rows Removed by Filter: 1
                           Buffers: shared hit=34419 read=10489
               ->  Index Scan using customer_demographics_pkey on customer_demographics  (cost=0.43..7.36 rows=1 width=8) (actual time=0.014..0.014 rows=0 loops=370)
                     Index Cond: (cd_demo_sk = catalog_sales.cs_bill_cdemo_sk)
                     Filter: ((cd_gender = 'F'::bpchar) AND (cd_education_status = 'Advanced Degree'::bpchar))
                     Rows Removed by Filter: 1
                     Buffers: shared hit=1338 read=142
         ->  Index Scan using customer_address_pkey on customer_address  (cost=0.42..7.37 rows=1 width=35) (actual time=0.025..0.025 rows=0 loops=12)
               Index Cond: (ca_address_sk = customer.c_current_addr_sk)
               Filter: (ca_state = ANY ('{AL,MI,NC}'::bpchar[]))
               Rows Removed by Filter: 1
               Buffers: shared hit=26 read=22
 Planning:
   Buffers: shared hit=454
 Planning Time: 4.303 ms
 Execution Time: 45921.230 ms
(53 rows)

