                                                                              QUERY PLAN                                                                               
-----------------------------------------------------------------------------------------------------------------------------------------------------------------------
 Aggregate  (cost=5981720.65..5981720.66 rows=1 width=268) (actual time=45179.564..45179.568 rows=1 loops=1)
   Buffers: shared hit=629832 read=3778551
   ->  Nested Loop  (cost=17437.73..5981720.62 rows=1 width=81) (actual time=6193.410..45179.481 rows=12 loops=1)
         Buffers: shared hit=629832 read=3778551
         ->  Nested Loop  (cost=17437.31..5981683.68 rows=5 width=54) (actual time=5793.925..45176.097 rows=170 loops=1)
               Buffers: shared hit=629471 read=3778232
               ->  Nested Loop  (cost=17436.88..5981183.47 rows=68 width=54) (actual time=5774.626..45140.823 rows=2351 loops=1)
                     Buffers: shared hit=621077 read=3777230
                     ->  Nested Loop  (cost=17436.45..5944742.34 rows=4955 width=50) (actual time=5773.097..43091.958 rows=166000 loops=1)
                           Buffers: shared hit=67453 read=3667694
                           ->  Hash Join  (cost=17436.15..5904459.48 rows=999933 width=54) (actual time=149.105..42754.493 rows=1069676 loops=1)
                                 Hash Cond: (catalog_sales.cs_item_sk = item.i_item_sk)
                                 Buffers: shared hit=61042 read=3667694
                                 ->  Seq Scan on catalog_sales  (cost=0.00..5874397.76 rows=4809639 width=41) (actual time=0.078..41362.753 rows=4933013 loops=1)
                                       Filter: ((cs_wholesale_cost >= '93'::numeric) AND (cs_wholesale_cost <= '98'::numeric))
                                       Rows Removed by Filter: 139059286
                                       Buffers: shared hit=48539 read=3665841
                                 ->  Hash  (cost=16906.00..16906.00 rows=42412 width=21) (actual time=148.456..148.457 rows=42041 loops=1)
                                       Buckets: 65536  Batches: 1  Memory Usage: 2812kB
                                       Buffers: shared hit=12503 read=1853
                                       ->  Seq Scan on item  (cost=0.00..16906.00 rows=42412 width=21) (actual time=0.033..138.681 rows=42041 loops=1)
                                             Filter: (i_category = 'Electronics'::bpchar)
                                             Rows Removed by Filter: 161959
                                             Buffers: shared hit=12503 read=1853
                           ->  Memoize  (cost=0.30..7.22 rows=1 width=4) (actual time=0.000..0.000 rows=0 loops=1069676)
                                 Cache Key: catalog_sales.cs_sold_date_sk
                                 Cache Mode: logical
                                 Hits: 1067538  Misses: 2138  Evictions: 0  Overflows: 0  Memory Usage: 155kB
                                 Buffers: shared hit=6411
                                 ->  Index Scan using date_dim_pkey on date_dim  (cost=0.29..7.21 rows=1 width=4) (actual time=0.012..0.012 rows=0 loops=2138)
                                       Index Cond: (d_date_sk = catalog_sales.cs_sold_date_sk)
                                       Filter: (d_year = 1999)
                                       Rows Removed by Filter: 1
                                       Buffers: shared hit=6411
                     ->  Index Scan using customer_pkey on customer  (cost=0.43..7.35 rows=1 width=12) (actual time=0.012..0.012 rows=0 loops=166000)
                           Index Cond: (c_customer_sk = catalog_sales.cs_bill_customer_sk)
                           Filter: (c_birth_month = 5)
                           Rows Removed by Filter: 1
                           Buffers: shared hit=553624 read=109536
               ->  Index Scan using customer_demographics_pkey on customer_demographics  (cost=0.43..7.36 rows=1 width=8) (actual time=0.014..0.014 rows=0 loops=2351)
                     Index Cond: (cd_demo_sk = catalog_sales.cs_bill_cdemo_sk)
                     Filter: ((cd_gender = 'M'::bpchar) AND (cd_education_status = 'Primary'::bpchar))
                     Rows Removed by Filter: 1
                     Buffers: shared hit=8394 read=1002
         ->  Index Scan using customer_address_pkey on customer_address  (cost=0.42..7.39 rows=1 width=35) (actual time=0.019..0.019 rows=0 loops=170)
               Index Cond: (ca_address_sk = customer.c_current_addr_sk)
               Filter: (ca_state = ANY ('{IL,KY,ND}'::bpchar[]))
               Rows Removed by Filter: 1
               Buffers: shared hit=361 read=319
 Planning:
   Buffers: shared hit=405 read=49
 Planning Time: 5.048 ms
 Execution Time: 45180.242 ms
(53 rows)

