                                                                                  QUERY PLAN                                                                                  
------------------------------------------------------------------------------------------------------------------------------------------------------------------------------
 Aggregate  (cost=5974350.88..5974350.89 rows=1 width=268) (actual time=47275.905..47275.910 rows=1 loops=1)
   Buffers: shared hit=256134 read=3682025
   ->  Nested Loop  (cost=17045.03..5974350.77 rows=4 width=81) (actual time=13191.548..47275.782 rows=18 loops=1)
         Buffers: shared hit=256134 read=3682025
         ->  Nested Loop  (cost=17044.61..5974137.48 rows=29 width=54) (actual time=12568.381..47271.134 rows=229 loops=1)
               Buffers: shared hit=255669 read=3681574
               ->  Nested Loop  (cost=17044.18..5972615.18 rows=207 width=50) (actual time=12559.893..47251.585 rows=1506 loops=1)
                     Buffers: shared hit=250492 read=3680727
                     ->  Nested Loop  (cost=17043.75..5950812.53 rows=2964 width=50) (actual time=12548.697..46681.343 rows=49073 loops=1)
                           Buffers: shared hit=81751 read=3653396
                           ->  Hash Join  (cost=17043.45..5920573.25 rows=598187 width=54) (actual time=128.816..46449.749 rows=685013 loops=1)
                                 Hash Cond: (catalog_sales.cs_item_sk = item.i_item_sk)
                                 Buffers: shared hit=75340 read=3653396
                                 ->  Seq Scan on catalog_sales  (cost=0.00..5874397.76 rows=11097691 width=41) (actual time=0.062..44465.571 rows=11458169 loops=1)
                                       Filter: ((cs_wholesale_cost >= '55'::numeric) AND (cs_wholesale_cost <= '60'::numeric))
                                       Rows Removed by Filter: 132534130
                                       Buffers: shared hit=75340 read=3639040
                                 ->  Hash  (cost=16906.00..16906.00 rows=10996 width=21) (actual time=128.513..128.513 rows=11037 loops=1)
                                       Buckets: 16384  Batches: 1  Memory Usage: 732kB
                                       Buffers: shared read=14356
                                       ->  Seq Scan on item  (cost=0.00..16906.00 rows=10996 width=21) (actual time=0.078..125.546 rows=11037 loops=1)
                                             Filter: (i_category = 'Women'::bpchar)
                                             Rows Removed by Filter: 192963
                                             Buffers: shared read=14356
                           ->  Memoize  (cost=0.30..7.22 rows=1 width=4) (actual time=0.000..0.000 rows=0 loops=685013)
                                 Cache Key: catalog_sales.cs_sold_date_sk
                                 Cache Mode: logical
                                 Hits: 682875  Misses: 2138  Evictions: 0  Overflows: 0  Memory Usage: 155kB
                                 Buffers: shared hit=6411
                                 ->  Index Scan using date_dim_pkey on date_dim  (cost=0.29..7.21 rows=1 width=4) (actual time=0.013..0.013 rows=0 loops=2138)
                                       Index Cond: (d_date_sk = catalog_sales.cs_sold_date_sk)
                                       Filter: (d_year = 2000)
                                       Rows Removed by Filter: 1
                                       Buffers: shared hit=6411
                     ->  Index Scan using customer_demographics_pkey on customer_demographics  (cost=0.43..7.36 rows=1 width=8) (actual time=0.011..0.011 rows=0 loops=49073)
                           Index Cond: (cd_demo_sk = catalog_sales.cs_bill_cdemo_sk)
                           Filter: ((cd_gender = 'F'::bpchar) AND (cd_education_status = 'Advanced Degree'::bpchar))
                           Rows Removed by Filter: 1
                           Buffers: shared hit=168741 read=27331
               ->  Index Scan using customer_pkey on customer  (cost=0.43..7.35 rows=1 width=12) (actual time=0.012..0.012 rows=0 loops=1506)
                     Index Cond: (c_customer_sk = catalog_sales.cs_bill_customer_sk)
                     Filter: (c_birth_month = 10)
                     Rows Removed by Filter: 1
                     Buffers: shared hit=5177 read=847
         ->  Index Scan using customer_address_pkey on customer_address  (cost=0.42..7.35 rows=1 width=35) (actual time=0.019..0.019 rows=0 loops=229)
               Index Cond: (ca_address_sk = customer.c_current_addr_sk)
               Filter: (ca_state = ANY ('{SC,TN,TX}'::bpchar[]))
               Rows Removed by Filter: 1
               Buffers: shared hit=465 read=451
 Planning:
   Buffers: shared hit=404 read=50
 Planning Time: 5.064 ms
 Execution Time: 47276.551 ms
(53 rows)

