                                                                              QUERY PLAN                                                                               
-----------------------------------------------------------------------------------------------------------------------------------------------------------------------
 Aggregate  (cost=5973360.57..5973360.58 rows=1 width=268) (actual time=47922.109..47922.114 rows=1 loops=1)
   Buffers: shared hit=617057 read=3819834
   ->  Nested Loop  (cost=17045.03..5973360.54 rows=1 width=81) (actual time=28517.393..47921.948 rows=21 loops=1)
         Buffers: shared hit=617057 read=3819834
         ->  Nested Loop  (cost=17044.61..5973308.97 rows=7 width=54) (actual time=27615.419..47914.071 rows=409 loops=1)
               Buffers: shared hit=616183 read=3819072
               ->  Nested Loop  (cost=17044.18..5972610.17 rows=95 width=54) (actual time=27600.745..47846.204 rows=5657 loops=1)
                     Buffers: shared hit=594361 read=3818290
                     ->  Nested Loop  (cost=17043.75..5950812.53 rows=2964 width=50) (actual time=27600.703..45944.616 rows=169588 loops=1)
                           Buffers: shared hit=32472 read=3702675
                           ->  Hash Join  (cost=17043.45..5920573.25 rows=598187 width=54) (actual time=134.792..45707.754 rows=685013 loops=1)
                                 Hash Cond: (catalog_sales.cs_item_sk = item.i_item_sk)
                                 Buffers: shared hit=26061 read=3702675
                                 ->  Seq Scan on catalog_sales  (cost=0.00..5874397.76 rows=11097691 width=41) (actual time=0.045..43702.560 rows=11458169 loops=1)
                                       Filter: ((cs_wholesale_cost >= '57'::numeric) AND (cs_wholesale_cost <= '62'::numeric))
                                       Rows Removed by Filter: 132534130
                                       Buffers: shared hit=26061 read=3688319
                                 ->  Hash  (cost=16906.00..16906.00 rows=10996 width=21) (actual time=134.540..134.541 rows=11037 loops=1)
                                       Buckets: 16384  Batches: 1  Memory Usage: 732kB
                                       Buffers: shared read=14356
                                       ->  Seq Scan on item  (cost=0.00..16906.00 rows=10996 width=21) (actual time=0.062..131.448 rows=11037 loops=1)
                                             Filter: (i_category = 'Women'::bpchar)
                                             Rows Removed by Filter: 192963
                                             Buffers: shared read=14356
                           ->  Memoize  (cost=0.30..7.22 rows=1 width=4) (actual time=0.000..0.000 rows=0 loops=685013)
                                 Cache Key: catalog_sales.cs_sold_date_sk
                                 Cache Mode: logical
                                 Hits: 682875  Misses: 2138  Evictions: 0  Overflows: 0  Memory Usage: 155kB
                                 Buffers: shared hit=6411
                                 ->  Index Scan using date_dim_pkey on date_dim  (cost=0.29..7.21 rows=1 width=4) (actual time=0.012..0.012 rows=0 loops=2138)
                                       Index Cond: (d_date_sk = catalog_sales.cs_sold_date_sk)
                                       Filter: (d_year = 2002)
                                       Rows Removed by Filter: 1
                                       Buffers: shared hit=6411
                     ->  Index Scan using customer_pkey on customer  (cost=0.43..7.35 rows=1 width=12) (actual time=0.011..0.011 rows=0 loops=169588)
                           Index Cond: (c_customer_sk = catalog_sales.cs_bill_customer_sk)
                           Filter: (c_birth_month = 6)
                           Rows Removed by Filter: 1
                           Buffers: shared hit=561889 read=115615
               ->  Index Scan using customer_demographics_pkey on customer_demographics  (cost=0.43..7.36 rows=1 width=8) (actual time=0.012..0.012 rows=0 loops=5657)
                     Index Cond: (cd_demo_sk = catalog_sales.cs_bill_cdemo_sk)
                     Filter: ((cd_gender = 'M'::bpchar) AND (cd_education_status = 'Primary'::bpchar))
                     Rows Removed by Filter: 1
                     Buffers: shared hit=21822 read=782
         ->  Index Scan using customer_address_pkey on customer_address  (cost=0.42..7.37 rows=1 width=35) (actual time=0.018..0.018 rows=0 loops=409)
               Index Cond: (ca_address_sk = customer.c_current_addr_sk)
               Filter: (ca_state = ANY ('{KY,MO,NY}'::bpchar[]))
               Rows Removed by Filter: 1
               Buffers: shared hit=874 read=762
 Planning:
   Buffers: shared hit=404 read=50
 Planning Time: 4.264 ms
 Execution Time: 47922.608 ms
(53 rows)

