                                                                               QUERY PLAN                                                                               
------------------------------------------------------------------------------------------------------------------------------------------------------------------------
 Aggregate  (cost=6019482.18..6019482.19 rows=1 width=268) (actual time=53387.083..53387.089 rows=1 loops=1)
   Buffers: shared hit=1237864 read=3831562
   ->  Nested Loop  (cost=19717.88..6019482.10 rows=3 width=81) (actual time=148.225..53386.807 rows=42 loops=1)
         Buffers: shared hit=1237864 read=3831562
         ->  Nested Loop  (cost=19717.46..6019239.08 rows=33 width=54) (actual time=148.189..53364.717 rows=909 loops=1)
               Buffers: shared hit=1235869 read=3829921
               ->  Nested Loop  (cost=19717.03..6015884.84 rows=456 width=54) (actual time=130.558..53163.391 rows=12664 loops=1)
                     Buffers: shared hit=1189151 read=3826003
                     ->  Hash Join  (cost=19716.60..5931357.04 rows=11494 width=50) (actual time=128.599..48394.663 rows=321616 loops=1)
                           Hash Cond: (catalog_sales.cs_item_sk = item.i_item_sk)
                           Buffers: shared hit=14618 read=3715592
                           ->  Hash Join  (cost=2391.64..5913848.44 rows=69957 width=37) (actual time=23.395..47930.502 rows=1896832 loops=1)
                                 Hash Cond: (catalog_sales.cs_sold_date_sk = date_dim.d_date_sk)
                                 Buffers: shared hit=262 read=3715592
                                 ->  Seq Scan on catalog_sales  (cost=0.00..5874397.76 rows=14116916 width=41) (actual time=0.048..46429.220 rows=14129630 loops=1)
                                       Filter: ((cs_wholesale_cost >= '16'::numeric) AND (cs_wholesale_cost <= '21'::numeric))
                                       Rows Removed by Filter: 129862669
                                       Buffers: shared hit=220 read=3714160
                                 ->  Hash  (cost=2387.11..2387.11 rows=362 width=4) (actual time=23.315..23.316 rows=365 loops=1)
                                       Buckets: 1024  Batches: 1  Memory Usage: 21kB
                                       Buffers: shared hit=42 read=1432
                                       ->  Seq Scan on date_dim  (cost=0.00..2387.11 rows=362 width=4) (actual time=13.518..23.251 rows=365 loops=1)
                                             Filter: (d_year = 1998)
                                             Rows Removed by Filter: 72684
                                             Buffers: shared hit=42 read=1432
                           ->  Hash  (cost=16906.00..16906.00 rows=33517 width=21) (actual time=104.960..104.961 rows=33627 loops=1)
                                 Buckets: 65536  Batches: 1  Memory Usage: 2351kB
                                 Buffers: shared hit=14356
                                 ->  Seq Scan on item  (cost=0.00..16906.00 rows=33517 width=21) (actual time=0.018..99.264 rows=33627 loops=1)
                                       Filter: (i_category = 'Shoes'::bpchar)
                                       Rows Removed by Filter: 170373
                                       Buffers: shared hit=14356
                     ->  Index Scan using customer_pkey on customer  (cost=0.43..7.35 rows=1 width=12) (actual time=0.015..0.015 rows=0 loops=321616)
                           Index Cond: (c_customer_sk = catalog_sales.cs_bill_customer_sk)
                           Filter: (c_birth_month = 9)
                           Rows Removed by Filter: 1
                           Buffers: shared hit=1174533 read=110411
               ->  Index Scan using customer_demographics_pkey on customer_demographics  (cost=0.43..7.36 rows=1 width=8) (actual time=0.016..0.016 rows=0 loops=12664)
                     Index Cond: (cd_demo_sk = catalog_sales.cs_bill_cdemo_sk)
                     Filter: ((cd_gender = 'M'::bpchar) AND (cd_education_status = 'Primary'::bpchar))
                     Rows Removed by Filter: 1
                     Buffers: shared hit=46718 read=3918
         ->  Index Scan using customer_address_pkey on customer_address  (cost=0.42..7.36 rows=1 width=35) (actual time=0.023..0.023 rows=0 loops=909)
               Index Cond: (ca_address_sk = customer.c_current_addr_sk)
               Filter: (ca_state = ANY ('{IN,MO,TN}'::bpchar[]))
               Rows Removed by Filter: 1
               Buffers: shared hit=1995 read=1641
 Planning:
   Buffers: shared hit=454
 Planning Time: 4.382 ms
 Execution Time: 53387.630 ms
(51 rows)

