                                                                                  QUERY PLAN                                                                                  
------------------------------------------------------------------------------------------------------------------------------------------------------------------------------
 Aggregate  (cost=6002969.08..6002969.09 rows=1 width=268) (actual time=50105.900..50105.906 rows=1 loops=1)
   Buffers: shared hit=314323 read=3719004
   ->  Nested Loop  (cost=17073.85..6002969.00 rows=3 width=81) (actual time=317.100..50105.620 rows=43 loops=1)
         Buffers: shared hit=314323 read=3719004
         ->  Nested Loop  (cost=17073.42..6002733.60 rows=32 width=54) (actual time=154.575..50090.733 rows=878 loops=1)
               Buffers: shared hit=312422 read=3717393
               ->  Nested Loop  (cost=17072.99..6000372.94 rows=321 width=50) (actual time=131.172..49970.942 rows=9270 loops=1)
                     Buffers: shared hit=277247 read=3715520
                     ->  Nested Loop  (cost=17072.57..5966823.15 rows=4561 width=50) (actual time=131.130..49243.402 rows=64480 loops=1)
                           Buffers: shared hit=46245 read=3688902
                           ->  Hash Join  (cost=17072.26..5928527.69 rows=920437 width=54) (actual time=131.080..49059.941 rows=481128 loops=1)
                                 Hash Cond: (catalog_sales.cs_item_sk = item.i_item_sk)
                                 Buffers: shared hit=39910 read=3688826
                                 ->  Seq Scan on catalog_sales  (cost=0.00..5874397.76 rows=14116916 width=41) (actual time=0.065..46670.501 rows=14129630 loops=1)
                                       Filter: ((cs_wholesale_cost >= '12'::numeric) AND (cs_wholesale_cost <= '17'::numeric))
                                       Rows Removed by Filter: 129862669
                                       Buffers: shared hit=39910 read=3674470
                                 ->  Hash  (cost=16906.00..16906.00 rows=13301 width=21) (actual time=130.766..130.767 rows=13933 loops=1)
                                       Buckets: 16384  Batches: 1  Memory Usage: 890kB
                                       Buffers: shared read=14356
                                       ->  Seq Scan on item  (cost=0.00..16906.00 rows=13301 width=21) (actual time=0.029..127.212 rows=13933 loops=1)
                                             Filter: (i_category = 'Men'::bpchar)
                                             Rows Removed by Filter: 190067
                                             Buffers: shared read=14356
                           ->  Memoize  (cost=0.30..7.22 rows=1 width=4) (actual time=0.000..0.000 rows=0 loops=481128)
                                 Cache Key: catalog_sales.cs_sold_date_sk
                                 Cache Mode: logical
                                 Hits: 478990  Misses: 2138  Evictions: 0  Overflows: 0  Memory Usage: 155kB
                                 Buffers: shared hit=6335 read=76
                                 ->  Index Scan using date_dim_pkey on date_dim  (cost=0.29..7.21 rows=1 width=4) (actual time=0.013..0.013 rows=0 loops=2138)
                                       Index Cond: (d_date_sk = catalog_sales.cs_sold_date_sk)
                                       Filter: (d_year = 1998)
                                       Rows Removed by Filter: 1
                                       Buffers: shared hit=6335 read=76
                     ->  Index Scan using customer_demographics_pkey on customer_demographics  (cost=0.43..7.36 rows=1 width=8) (actual time=0.011..0.011 rows=0 loops=64480)
                           Index Cond: (cd_demo_sk = catalog_sales.cs_bill_cdemo_sk)
                           Filter: ((cd_gender = 'M'::bpchar) AND (cd_education_status = 'Unknown'::bpchar))
                           Rows Removed by Filter: 1
                           Buffers: shared hit=231002 read=26618
               ->  Index Scan using customer_pkey on customer  (cost=0.43..7.35 rows=1 width=12) (actual time=0.013..0.013 rows=0 loops=9270)
                     Index Cond: (c_customer_sk = catalog_sales.cs_bill_customer_sk)
                     Filter: (c_birth_month = 1)
                     Rows Removed by Filter: 1
                     Buffers: shared hit=35175 read=1873
         ->  Index Scan using customer_address_pkey on customer_address  (cost=0.42..7.36 rows=1 width=35) (actual time=0.016..0.016 rows=0 loops=878)
               Index Cond: (ca_address_sk = customer.c_current_addr_sk)
               Filter: (ca_state = ANY ('{CA,GA,MN}'::bpchar[]))
               Rows Removed by Filter: 1
               Buffers: shared hit=1901 read=1611
 Planning:
   Buffers: shared hit=403 read=51
 Planning Time: 5.032 ms
 Execution Time: 50106.579 ms
(53 rows)

