                                                                              QUERY PLAN                                                                               
-----------------------------------------------------------------------------------------------------------------------------------------------------------------------
 Aggregate  (cost=6010508.80..6010508.81 rows=1 width=268) (actual time=48294.468..48294.473 rows=1 loops=1)
   Buffers: shared hit=504437 read=3732330
   ->  Nested Loop  (cost=17180.68..6010508.77 rows=1 width=81) (actual time=383.483..48294.322 rows=22 loops=1)
         Buffers: shared hit=504437 read=3732330
         ->  Nested Loop  (cost=17180.26..6010405.63 rows=14 width=54) (actual time=154.560..48285.371 rows=504 loops=1)
               Buffers: shared hit=503376 read=3731375
               ->  Nested Loop  (cost=17179.83..6009022.74 rows=188 width=54) (actual time=115.998..48235.595 rows=3948 loops=1)
                     Buffers: shared hit=489019 read=3729944
                     ->  Nested Loop  (cost=17179.40..5965706.92 rows=5890 width=50) (actual time=113.129..47004.351 rows=121125 loops=1)
                           Buffers: shared hit=48105 read=3687042
                           ->  Hash Join  (cost=17179.10..5920708.90 rows=1188541 width=54) (actual time=113.074..46691.734 rows=983170 loops=1)
                                 Hash Cond: (catalog_sales.cs_item_sk = item.i_item_sk)
                                 Buffers: shared hit=41694 read=3687042
                                 ->  Seq Scan on catalog_sales  (cost=0.00..5874397.76 rows=11097691 width=41) (actual time=0.045..44439.127 rows=11458169 loops=1)
                                       Filter: ((cs_wholesale_cost >= '55'::numeric) AND (cs_wholesale_cost <= '60'::numeric))
                                       Rows Removed by Filter: 132534130
                                       Buffers: shared hit=27338 read=3687042
                                 ->  Hash  (cost=16906.00..16906.00 rows=21848 width=21) (actual time=112.721..112.722 rows=21811 loops=1)
                                       Buckets: 32768  Batches: 1  Memory Usage: 1449kB
                                       Buffers: shared hit=14356
                                       ->  Seq Scan on item  (cost=0.00..16906.00 rows=21848 width=21) (actual time=0.033..108.216 rows=21811 loops=1)
                                             Filter: (i_category = 'Sports'::bpchar)
                                             Rows Removed by Filter: 182189
                                             Buffers: shared hit=14356
                           ->  Memoize  (cost=0.30..7.22 rows=1 width=4) (actual time=0.000..0.000 rows=0 loops=983170)
                                 Cache Key: catalog_sales.cs_sold_date_sk
                                 Cache Mode: logical
                                 Hits: 981032  Misses: 2138  Evictions: 0  Overflows: 0  Memory Usage: 155kB
                                 Buffers: shared hit=6411
                                 ->  Index Scan using date_dim_pkey on date_dim  (cost=0.29..7.21 rows=1 width=4) (actual time=0.012..0.012 rows=0 loops=2138)
                                       Index Cond: (d_date_sk = catalog_sales.cs_sold_date_sk)
                                       Filter: (d_year = 1998)
                                       Rows Removed by Filter: 1
                                       Buffers: shared hit=6411
                     ->  Index Scan using customer_pkey on customer  (cost=0.43..7.35 rows=1 width=12) (actual time=0.010..0.010 rows=0 loops=121125)
                           Index Cond: (c_customer_sk = catalog_sales.cs_bill_customer_sk)
                           Filter: (c_birth_month = 6)
                           Rows Removed by Filter: 1
                           Buffers: shared hit=440914 read=42902
               ->  Index Scan using customer_demographics_pkey on customer_demographics  (cost=0.43..7.36 rows=1 width=8) (actual time=0.012..0.012 rows=0 loops=3948)
                     Index Cond: (cd_demo_sk = catalog_sales.cs_bill_cdemo_sk)
                     Filter: ((cd_gender = 'M'::bpchar) AND (cd_education_status = '4 yr Degree'::bpchar))
                     Rows Removed by Filter: 1
                     Buffers: shared hit=14357 read=1431
         ->  Index Scan using customer_address_pkey on customer_address  (cost=0.42..7.37 rows=1 width=35) (actual time=0.017..0.017 rows=0 loops=504)
               Index Cond: (ca_address_sk = customer.c_current_addr_sk)
               Filter: (ca_state = ANY ('{MI,SD,VA}'::bpchar[]))
               Rows Removed by Filter: 1
               Buffers: shared hit=1061 read=955
 Planning:
   Buffers: shared hit=454
 Planning Time: 4.353 ms
 Execution Time: 48295.123 ms
(53 rows)

