                                                                                  QUERY PLAN                                                                                  
------------------------------------------------------------------------------------------------------------------------------------------------------------------------------
 Aggregate  (cost=5957716.77..5957716.78 rows=1 width=268) (actual time=43293.672..43293.678 rows=1 loops=1)
   Buffers: shared hit=245404 read=3732775
   ->  Nested Loop  (cost=17180.68..5957716.71 rows=2 width=81) (actual time=669.890..43293.574 rows=14 loops=1)
         Buffers: shared hit=245404 read=3732775
         ->  Nested Loop  (cost=17180.26..5957547.54 rows=23 width=54) (actual time=195.103..43287.915 rows=299 loops=1)
               Buffers: shared hit=244794 read=3732189
               ->  Nested Loop  (cost=17179.83..5956091.37 rows=198 width=50) (actual time=143.306..43250.025 rows=2498 loops=1)
                     Buffers: shared hit=234982 read=3732009
                     ->  Nested Loop  (cost=17179.40..5935215.25 rows=2838 width=50) (actual time=140.100..42618.409 rows=58024 loops=1)
                           Buffers: shared hit=30281 read=3704866
                           ->  Hash Join  (cost=17179.10..5905613.66 rows=572679 width=54) (actual time=140.053..42447.229 rows=469992 loops=1)
                                 Hash Cond: (catalog_sales.cs_item_sk = item.i_item_sk)
                                 Buffers: shared hit=23870 read=3704866
                                 ->  Seq Scan on catalog_sales  (cost=0.00..5874397.76 rows=5347244 width=41) (actual time=0.044..41154.935 rows=5484290 loops=1)
                                       Filter: ((cs_wholesale_cost >= '95'::numeric) AND (cs_wholesale_cost <= '100'::numeric))
                                       Rows Removed by Filter: 138508009
                                       Buffers: shared hit=23832 read=3690548
                                 ->  Hash  (cost=16906.00..16906.00 rows=21848 width=21) (actual time=139.732..139.733 rows=21811 loops=1)
                                       Buckets: 32768  Batches: 1  Memory Usage: 1449kB
                                       Buffers: shared hit=38 read=14318
                                       ->  Seq Scan on item  (cost=0.00..16906.00 rows=21848 width=21) (actual time=0.041..133.932 rows=21811 loops=1)
                                             Filter: (i_category = 'Sports'::bpchar)
                                             Rows Removed by Filter: 182189
                                             Buffers: shared hit=38 read=14318
                           ->  Memoize  (cost=0.30..7.22 rows=1 width=4) (actual time=0.000..0.000 rows=0 loops=469992)
                                 Cache Key: catalog_sales.cs_sold_date_sk
                                 Cache Mode: logical
                                 Hits: 467854  Misses: 2138  Evictions: 0  Overflows: 0  Memory Usage: 155kB
                                 Buffers: shared hit=6411
                                 ->  Index Scan using date_dim_pkey on date_dim  (cost=0.29..7.21 rows=1 width=4) (actual time=0.012..0.012 rows=0 loops=2138)
                                       Index Cond: (d_date_sk = catalog_sales.cs_sold_date_sk)
                                       Filter: (d_year = 1998)
                                       Rows Removed by Filter: 1
                                       Buffers: shared hit=6411
                     ->  Index Scan using customer_demographics_pkey on customer_demographics  (cost=0.43..7.36 rows=1 width=8) (actual time=0.011..0.011 rows=0 loops=58024)
                           Index Cond: (cd_demo_sk = catalog_sales.cs_bill_cdemo_sk)
                           Filter: ((cd_gender = 'F'::bpchar) AND (cd_education_status = 'Unknown'::bpchar))
                           Rows Removed by Filter: 1
                           Buffers: shared hit=204701 read=27143
               ->  Index Scan using customer_pkey on customer  (cost=0.43..7.35 rows=1 width=12) (actual time=0.015..0.015 rows=0 loops=2498)
                     Index Cond: (c_customer_sk = catalog_sales.cs_bill_customer_sk)
                     Filter: (c_birth_month = 8)
                     Rows Removed by Filter: 1
                     Buffers: shared hit=9812 read=180
         ->  Index Scan using customer_address_pkey on customer_address  (cost=0.42..7.36 rows=1 width=35) (actual time=0.018..0.018 rows=0 loops=299)
               Index Cond: (ca_address_sk = customer.c_current_addr_sk)
               Filter: (ca_state = ANY ('{KY,MI,MS}'::bpchar[]))
               Rows Removed by Filter: 1
               Buffers: shared hit=610 read=586
 Planning:
   Buffers: shared hit=405 read=49
 Planning Time: 5.010 ms
 Execution Time: 43294.148 ms
(53 rows)

