                                                                                  QUERY PLAN                                                                                   
-------------------------------------------------------------------------------------------------------------------------------------------------------------------------------
 Aggregate  (cost=5957465.16..5957465.17 rows=1 width=268) (actual time=49172.739..49172.745 rows=1 loops=1)
   Buffers: shared hit=522813 read=3730174
   ->  Nested Loop  (cost=17045.03..5957465.13 rows=1 width=81) (actual time=29421.854..49172.593 rows=21 loops=1)
         Buffers: shared hit=522813 read=3730174
         ->  Nested Loop  (cost=17044.61..5957369.49 rows=13 width=54) (actual time=28736.422..49163.941 rows=452 loops=1)
               Buffers: shared hit=521898 read=3729281
               ->  Nested Loop  (cost=17044.18..5956229.59 rows=155 width=50) (actual time=28707.263..49099.759 rows=5495 loops=1)
                     Buffers: shared hit=500626 read=3728589
                     ->  Nested Loop  (cost=17043.75..5939848.11 rows=2227 width=50) (actual time=28701.486..47740.245 rows=123680 loops=1)
                           Buffers: shared hit=51337 read=3683810
                           ->  Hash Join  (cost=17043.45..5913328.05 rows=449417 width=54) (actual time=115.731..47554.077 rows=499325 loops=1)
                                 Hash Cond: (catalog_sales.cs_item_sk = item.i_item_sk)
                                 Buffers: shared hit=44926 read=3683810
                                 ->  Seq Scan on catalog_sales  (cost=0.00..5874397.76 rows=8337669 width=41) (actual time=0.041..45968.804 rows=8349119 loops=1)
                                       Filter: ((cs_wholesale_cost >= '11'::numeric) AND (cs_wholesale_cost <= '16'::numeric))
                                       Rows Removed by Filter: 135643180
                                       Buffers: shared hit=30570 read=3683810
                                 ->  Hash  (cost=16906.00..16906.00 rows=10996 width=21) (actual time=115.486..115.486 rows=11037 loops=1)
                                       Buckets: 16384  Batches: 1  Memory Usage: 732kB
                                       Buffers: shared hit=14356
                                       ->  Seq Scan on item  (cost=0.00..16906.00 rows=10996 width=21) (actual time=0.051..113.007 rows=11037 loops=1)
                                             Filter: (i_category = 'Women'::bpchar)
                                             Rows Removed by Filter: 192963
                                             Buffers: shared hit=14356
                           ->  Memoize  (cost=0.30..7.22 rows=1 width=4) (actual time=0.000..0.000 rows=0 loops=499325)
                                 Cache Key: catalog_sales.cs_sold_date_sk
                                 Cache Mode: logical
                                 Hits: 497187  Misses: 2138  Evictions: 0  Overflows: 0  Memory Usage: 155kB
                                 Buffers: shared hit=6411
                                 ->  Index Scan using date_dim_pkey on date_dim  (cost=0.29..7.21 rows=1 width=4) (actual time=0.012..0.012 rows=0 loops=2138)
                                       Index Cond: (d_date_sk = catalog_sales.cs_sold_date_sk)
                                       Filter: (d_year = 2002)
                                       Rows Removed by Filter: 1
                                       Buffers: shared hit=6411
                     ->  Index Scan using customer_demographics_pkey on customer_demographics  (cost=0.43..7.36 rows=1 width=8) (actual time=0.011..0.011 rows=0 loops=123680)
                           Index Cond: (cd_demo_sk = catalog_sales.cs_bill_cdemo_sk)
                           Filter: ((cd_gender = 'F'::bpchar) AND (cd_education_status = 'Unknown'::bpchar))
                           Rows Removed by Filter: 1
                           Buffers: shared hit=449289 read=44779
               ->  Index Scan using customer_pkey on customer  (cost=0.43..7.35 rows=1 width=12) (actual time=0.011..0.011 rows=0 loops=5495)
                     Index Cond: (c_customer_sk = catalog_sales.cs_bill_customer_sk)
                     Filter: (c_birth_month = 11)
                     Rows Removed by Filter: 1
                     Buffers: shared hit=21272 read=692
         ->  Index Scan using customer_address_pkey on customer_address  (cost=0.42..7.36 rows=1 width=35) (actual time=0.018..0.018 rows=0 loops=452)
               Index Cond: (ca_address_sk = customer.c_current_addr_sk)
               Filter: (ca_state = ANY ('{CO,GA,MN}'::bpchar[]))
               Rows Removed by Filter: 1
               Buffers: shared hit=915 read=893
 Planning:
   Buffers: shared hit=454
 Planning Time: 4.134 ms
 Execution Time: 49173.317 ms
(53 rows)

