                                                                                  QUERY PLAN                                                                                  
------------------------------------------------------------------------------------------------------------------------------------------------------------------------------
 Aggregate  (cost=5950925.30..5950925.31 rows=1 width=268) (actual time=45945.572..45945.578 rows=1 loops=1)
   Buffers: shared hit=280545 read=3706374
   ->  Nested Loop  (cost=17242.40..5950925.24 rows=2 width=81) (actual time=244.747..45945.423 rows=23 loops=1)
         Buffers: shared hit=280545 read=3706374
         ->  Nested Loop  (cost=17241.97..5950770.78 rows=21 width=54) (actual time=178.460..45938.420 rows=380 loops=1)
               Buffers: shared hit=279764 read=3705635
               ->  Nested Loop  (cost=17241.54..5949424.90 rows=183 width=50) (actual time=148.931..45892.729 rows=3237 loops=1)
                     Buffers: shared hit=267427 read=3705036
                     ->  Nested Loop  (cost=17241.12..5930402.29 rows=2586 width=50) (actual time=144.265..45271.733 rows=59402 loops=1)
                           Buffers: shared hit=46456 read=3688691
                           ->  Hash Join  (cost=17240.81..5902071.67 rows=521839 width=54) (actual time=144.220..45125.063 rows=380090 loops=1)
                                 Hash Cond: (catalog_sales.cs_item_sk = item.i_item_sk)
                                 Buffers: shared hit=40045 read=3688691
                                 ->  Seq Scan on catalog_sales  (cost=0.00..5874397.76 rows=3974433 width=41) (actual time=0.090..44058.389 rows=3999274 loops=1)
                                       Filter: ((cs_wholesale_cost >= '40'::numeric) AND (cs_wholesale_cost <= '45'::numeric))
                                       Rows Removed by Filter: 139993025
                                       Buffers: shared hit=40033 read=3674347
                                 ->  Hash  (cost=16906.00..16906.00 rows=26785 width=21) (actual time=143.905..143.906 rows=26695 loops=1)
                                       Buckets: 32768  Batches: 1  Memory Usage: 1716kB
                                       Buffers: shared hit=12 read=14344
                                       ->  Seq Scan on item  (cost=0.00..16906.00 rows=26785 width=21) (actual time=0.022..137.013 rows=26695 loops=1)
                                             Filter: (i_category = 'Children'::bpchar)
                                             Rows Removed by Filter: 177305
                                             Buffers: shared hit=12 read=14344
                           ->  Memoize  (cost=0.30..7.22 rows=1 width=4) (actual time=0.000..0.000 rows=0 loops=380090)
                                 Cache Key: catalog_sales.cs_sold_date_sk
                                 Cache Mode: logical
                                 Hits: 377952  Misses: 2138  Evictions: 0  Overflows: 0  Memory Usage: 155kB
                                 Buffers: shared hit=6411
                                 ->  Index Scan using date_dim_pkey on date_dim  (cost=0.29..7.21 rows=1 width=4) (actual time=0.012..0.012 rows=0 loops=2138)
                                       Index Cond: (d_date_sk = catalog_sales.cs_sold_date_sk)
                                       Filter: (d_year = 1998)
                                       Rows Removed by Filter: 1
                                       Buffers: shared hit=6411
                     ->  Index Scan using customer_demographics_pkey on customer_demographics  (cost=0.43..7.36 rows=1 width=8) (actual time=0.010..0.010 rows=0 loops=59402)
                           Index Cond: (cd_demo_sk = catalog_sales.cs_bill_cdemo_sk)
                           Filter: ((cd_gender = 'M'::bpchar) AND (cd_education_status = 'Advanced Degree'::bpchar))
                           Rows Removed by Filter: 1
                           Buffers: shared hit=220971 read=16345
               ->  Index Scan using customer_pkey on customer  (cost=0.43..7.35 rows=1 width=12) (actual time=0.014..0.014 rows=0 loops=3237)
                     Index Cond: (c_customer_sk = catalog_sales.cs_bill_customer_sk)
                     Filter: (c_birth_month = 8)
                     Rows Removed by Filter: 1
                     Buffers: shared hit=12337 read=599
         ->  Index Scan using customer_address_pkey on customer_address  (cost=0.42..7.36 rows=1 width=35) (actual time=0.017..0.017 rows=0 loops=380)
               Index Cond: (ca_address_sk = customer.c_current_addr_sk)
               Filter: (ca_state = ANY ('{AR,CA,GA}'::bpchar[]))
               Rows Removed by Filter: 1
               Buffers: shared hit=781 read=739
 Planning:
   Buffers: shared hit=406 read=48
 Planning Time: 4.615 ms
 Execution Time: 45946.113 ms
(53 rows)

