                                                                                  QUERY PLAN                                                                                   
-------------------------------------------------------------------------------------------------------------------------------------------------------------------------------
 Aggregate  (cost=5985255.97..5985255.98 rows=1 width=268) (actual time=49068.952..49068.958 rows=1 loops=1)
   Buffers: shared hit=650571 read=3713684
   ->  Nested Loop  (cost=17045.03..5985255.91 rows=2 width=81) (actual time=20885.549..49068.822 rows=20 loops=1)
         Buffers: shared hit=650571 read=3713684
         ->  Nested Loop  (cost=17044.61..5985079.36 rows=24 width=54) (actual time=20462.499..49062.655 rows=315 loops=1)
               Buffers: shared hit=649935 read=3713060
               ->  Nested Loop  (cost=17044.18..5983277.61 rows=245 width=50) (actual time=20455.274..49019.038 rows=3119 loops=1)
                     Buffers: shared hit=638684 read=3711839
                     ->  Nested Loop  (cost=17043.75..5957944.21 rows=3444 width=50) (actual time=20450.992..47523.497 rows=154061 loops=1)
                           Buffers: shared hit=56690 read=3678457
                           ->  Hash Join  (cost=17043.45..5925285.79 rows=694953 width=54) (actual time=113.009..47265.136 rows=760645 loops=1)
                                 Hash Cond: (catalog_sales.cs_item_sk = item.i_item_sk)
                                 Buffers: shared hit=50279 read=3678457
                                 ->  Seq Scan on catalog_sales  (cost=0.00..5874397.76 rows=12892906 width=41) (actual time=0.049..45133.214 rows=12722112 loops=1)
                                       Filter: ((cs_wholesale_cost >= '33'::numeric) AND (cs_wholesale_cost <= '38'::numeric))
                                       Rows Removed by Filter: 131270187
                                       Buffers: shared hit=35923 read=3678457
                                 ->  Hash  (cost=16906.00..16906.00 rows=10996 width=21) (actual time=112.694..112.695 rows=11037 loops=1)
                                       Buckets: 16384  Batches: 1  Memory Usage: 732kB
                                       Buffers: shared hit=14356
                                       ->  Seq Scan on item  (cost=0.00..16906.00 rows=10996 width=21) (actual time=0.057..110.133 rows=11037 loops=1)
                                             Filter: (i_category = 'Women'::bpchar)
                                             Rows Removed by Filter: 192963
                                             Buffers: shared hit=14356
                           ->  Memoize  (cost=0.30..7.22 rows=1 width=4) (actual time=0.000..0.000 rows=0 loops=760645)
                                 Cache Key: catalog_sales.cs_sold_date_sk
                                 Cache Mode: logical
                                 Hits: 758507  Misses: 2138  Evictions: 0  Overflows: 0  Memory Usage: 155kB
                                 Buffers: shared hit=6411
                                 ->  Index Scan using date_dim_pkey on date_dim  (cost=0.29..7.21 rows=1 width=4) (actual time=0.012..0.012 rows=0 loops=2138)
                                       Index Cond: (d_date_sk = catalog_sales.cs_sold_date_sk)
                                       Filter: (d_year = 2001)
                                       Rows Removed by Filter: 1
                                       Buffers: shared hit=6411
                     ->  Index Scan using customer_demographics_pkey on customer_demographics  (cost=0.43..7.36 rows=1 width=8) (actual time=0.010..0.010 rows=0 loops=154061)
                           Index Cond: (cd_demo_sk = catalog_sales.cs_bill_cdemo_sk)
                           Filter: ((cd_gender = 'F'::bpchar) AND (cd_education_status = 'Primary'::bpchar))
                           Rows Removed by Filter: 1
                           Buffers: shared hit=581994 read=33382
               ->  Index Scan using customer_pkey on customer  (cost=0.43..7.35 rows=1 width=12) (actual time=0.014..0.014 rows=0 loops=3119)
                     Index Cond: (c_customer_sk = catalog_sales.cs_bill_customer_sk)
                     Filter: (c_birth_month = 2)
                     Rows Removed by Filter: 1
                     Buffers: shared hit=11251 read=1221
         ->  Index Scan using customer_address_pkey on customer_address  (cost=0.42..7.36 rows=1 width=35) (actual time=0.018..0.018 rows=0 loops=315)
               Index Cond: (ca_address_sk = customer.c_current_addr_sk)
               Filter: (ca_state = ANY ('{AL,KS,MO}'::bpchar[]))
               Rows Removed by Filter: 1
               Buffers: shared hit=636 read=624
 Planning:
   Buffers: shared hit=454
 Planning Time: 4.404 ms
 Execution Time: 49069.604 ms
(53 rows)

