                                                                             QUERY PLAN                                                                             
--------------------------------------------------------------------------------------------------------------------------------------------------------------------
 Aggregate  (cost=6008357.96..6008357.97 rows=1 width=268) (actual time=51779.173..51779.179 rows=1 loops=1)
   Buffers: shared hit=1723678 read=3844612
   ->  Nested Loop  (cost=19829.07..6008357.88 rows=3 width=81) (actual time=27563.670..51778.983 rows=28 loops=1)
         Buffers: shared hit=1723678 read=3844612
         ->  Nested Loop  (cost=19828.64..6008071.00 rows=39 width=81) (actual time=25855.483..51751.420 rows=1521 loops=1)
               Buffers: shared hit=1717893 read=3844313
               ->  Nested Loop  (cost=19828.22..6002485.88 rows=759 width=54) (actual time=25851.484..51218.762 rows=29453 loops=1)
                     Buffers: shared hit=1628919 read=3815475
                     ->  Hash Join  (cost=19827.79..5922186.05 rows=10919 width=50) (actual time=25850.971..44742.178 rows=429115 loops=1)
                           Hash Cond: (catalog_sales.cs_item_sk = item.i_item_sk)
                           Buffers: shared hit=62001 read=3668209
                           ->  Hash Join  (cost=2391.64..5904612.03 rows=52522 width=37) (actual time=25750.612..44203.052 rows=2103304 loops=1)
                                 Hash Cond: (catalog_sales.cs_sold_date_sk = date_dim.d_date_sk)
                                 Buffers: shared hit=47647 read=3668207
                                 ->  Seq Scan on catalog_sales  (cost=0.00..5874397.76 rows=10598487 width=41) (actual time=0.183..42920.138 rows=10312840 loops=1)
                                       Filter: ((cs_wholesale_cost >= '85'::numeric) AND (cs_wholesale_cost <= '90'::numeric))
                                       Rows Removed by Filter: 133679459
                                       Buffers: shared hit=47605 read=3666775
                                 ->  Hash  (cost=2387.11..2387.11 rows=362 width=4) (actual time=22.581..22.581 rows=365 loops=1)
                                       Buckets: 1024  Batches: 1  Memory Usage: 21kB
                                       Buffers: shared hit=42 read=1432
                                       ->  Seq Scan on date_dim  (cost=0.00..2387.11 rows=362 width=4) (actual time=14.293..22.519 rows=365 loops=1)
                                             Filter: (d_year = 2002)
                                             Rows Removed by Filter: 72684
                                             Buffers: shared hit=42 read=1432
                           ->  Hash  (cost=16906.00..16906.00 rows=42412 width=21) (actual time=100.075..100.075 rows=42041 loops=1)
                                 Buckets: 65536  Batches: 1  Memory Usage: 2812kB
                                 Buffers: shared hit=14354 read=2
                                 ->  Seq Scan on item  (cost=0.00..16906.00 rows=42412 width=21) (actual time=0.013..93.340 rows=42041 loops=1)
                                       Filter: (i_category = 'Electronics'::bpchar)
                                       Rows Removed by Filter: 161959
                                       Buffers: shared hit=14354 read=2
                     ->  Index Scan using customer_pkey on customer  (cost=0.43..7.35 rows=1 width=12) (actual time=0.015..0.015 rows=0 loops=429115)
                           Index Cond: (c_customer_sk = catalog_sales.cs_bill_customer_sk)
                           Filter: (c_birth_month = 12)
                           Rows Removed by Filter: 1
                           Buffers: shared hit=1566918 read=147266
               ->  Index Scan using customer_address_pkey on customer_address  (cost=0.42..7.36 rows=1 width=35) (actual time=0.018..0.018 rows=0 loops=29453)
                     Index Cond: (ca_address_sk = customer.c_current_addr_sk)
                     Filter: (ca_state = ANY ('{ID,NE,NM}'::bpchar[]))
                     Rows Removed by Filter: 1
                     Buffers: shared hit=88974 read=28838
         ->  Index Scan using customer_demographics_pkey on customer_demographics  (cost=0.43..7.36 rows=1 width=8) (actual time=0.017..0.017 rows=0 loops=1521)
               Index Cond: (cd_demo_sk = catalog_sales.cs_bill_cdemo_sk)
               Filter: ((cd_gender = 'F'::bpchar) AND (cd_education_status = 'Secondary'::bpchar))
               Rows Removed by Filter: 1
               Buffers: shared hit=5785 read=299
 Planning:
   Buffers: shared hit=454
 Planning Time: 3.625 ms
 Execution Time: 51779.618 ms
(51 rows)

