                                                                                  QUERY PLAN                                                                                  
------------------------------------------------------------------------------------------------------------------------------------------------------------------------------
 Aggregate  (cost=5964577.18..5964577.19 rows=1 width=268) (actual time=44364.746..44364.752 rows=1 loops=1)
   Buffers: shared hit=170722 read=3719153
   ->  Nested Loop  (cost=17019.78..5964577.13 rows=2 width=81) (actual time=21487.548..44364.701 rows=6 loops=1)
         Buffers: shared hit=170722 read=3719153
         ->  Nested Loop  (cost=17019.36..5964378.56 rows=27 width=54) (actual time=18595.517..44362.622 rows=106 loops=1)
               Buffers: shared hit=170384 read=3719067
               ->  Nested Loop  (cost=17018.93..5963179.84 rows=163 width=50) (actual time=18592.636..44350.190 rows=688 loops=1)
                     Buffers: shared hit=167782 read=3718917
                     ->  Nested Loop  (cost=17018.50..5946180.53 rows=2311 width=50) (actual time=18563.718..43883.400 rows=37949 loops=1)
                           Buffers: shared hit=37757 read=3697390
                           ->  Hash Join  (cost=17018.20..5919237.57 rows=466333 width=54) (actual time=147.423..43771.650 rows=224294 loops=1)
                                 Hash Cond: (catalog_sales.cs_item_sk = item.i_item_sk)
                                 Buffers: shared hit=31622 read=3697114
                                 ->  Seq Scan on catalog_sales  (cost=0.00..5874397.76 rows=10598487 width=41) (actual time=0.063..42112.945 rows=10312840 loops=1)
                                       Filter: ((cs_wholesale_cost >= '88'::numeric) AND (cs_wholesale_cost <= '93'::numeric))
                                       Rows Removed by Filter: 133679459
                                       Buffers: shared hit=31622 read=3682758
                                 ->  Hash  (cost=16906.00..16906.00 rows=8976 width=21) (actual time=147.137..147.138 rows=8826 loops=1)
                                       Buckets: 16384  Batches: 1  Memory Usage: 611kB
                                       Buffers: shared read=14356
                                       ->  Seq Scan on item  (cost=0.00..16906.00 rows=8976 width=21) (actual time=0.026..144.285 rows=8826 loops=1)
                                             Filter: (i_category = 'Jewelry'::bpchar)
                                             Rows Removed by Filter: 195174
                                             Buffers: shared read=14356
                           ->  Memoize  (cost=0.30..7.22 rows=1 width=4) (actual time=0.000..0.000 rows=0 loops=224294)
                                 Cache Key: catalog_sales.cs_sold_date_sk
                                 Cache Mode: logical
                                 Hits: 222156  Misses: 2138  Evictions: 0  Overflows: 0  Memory Usage: 155kB
                                 Buffers: shared hit=6135 read=276
                                 ->  Index Scan using date_dim_pkey on date_dim  (cost=0.29..7.21 rows=1 width=4) (actual time=0.015..0.015 rows=0 loops=2138)
                                       Index Cond: (d_date_sk = catalog_sales.cs_sold_date_sk)
                                       Filter: (d_year = 2001)
                                       Rows Removed by Filter: 1
                                       Buffers: shared hit=6135 read=276
                     ->  Index Scan using customer_demographics_pkey on customer_demographics  (cost=0.43..7.36 rows=1 width=8) (actual time=0.012..0.012 rows=0 loops=37949)
                           Index Cond: (cd_demo_sk = catalog_sales.cs_bill_cdemo_sk)
                           Filter: ((cd_gender = 'F'::bpchar) AND (cd_education_status = 'Secondary'::bpchar))
                           Rows Removed by Filter: 1
                           Buffers: shared hit=130025 read=21527
               ->  Index Scan using customer_pkey on customer  (cost=0.43..7.35 rows=1 width=12) (actual time=0.017..0.017 rows=0 loops=688)
                     Index Cond: (c_customer_sk = catalog_sales.cs_bill_customer_sk)
                     Filter: (c_birth_month = 4)
                     Rows Removed by Filter: 1
                     Buffers: shared hit=2602 read=150
         ->  Index Scan using customer_address_pkey on customer_address  (cost=0.42..7.35 rows=1 width=35) (actual time=0.018..0.018 rows=0 loops=106)
               Index Cond: (ca_address_sk = customer.c_current_addr_sk)
               Filter: (ca_state = ANY ('{MN,NE,PA}'::bpchar[]))
               Rows Removed by Filter: 1
               Buffers: shared hit=338 read=86
 Planning:
   Buffers: shared hit=405 read=49
 Planning Time: 4.490 ms
 Execution Time: 44365.249 ms
(53 rows)

