                                                                              QUERY PLAN                                                                               
-----------------------------------------------------------------------------------------------------------------------------------------------------------------------
 Aggregate  (cost=5958694.09..5958694.10 rows=1 width=268) (actual time=42252.636..42252.641 rows=1 loops=1)
   Buffers: shared hit=329007 read=3697468
   ->  Nested Loop  (cost=17242.40..5958694.06 rows=1 width=81) (actual time=8130.816..42252.617 rows=2 loops=1)
         Buffers: shared hit=329007 read=3697468
         ->  Nested Loop  (cost=17241.97..5958671.89 rows=3 width=54) (actual time=5642.852..42251.627 rows=50 loops=1)
               Buffers: shared hit=328897 read=3697378
               ->  Nested Loop  (cost=17241.54..5958355.59 rows=43 width=54) (actual time=5625.832..42240.101 rows=1008 loops=1)
                     Buffers: shared hit=324937 read=3697310
                     ->  Nested Loop  (cost=17241.12..5935336.27 rows=3130 width=50) (actual time=5621.863..41534.746 rows=71876 loops=1)
                           Buffers: shared hit=50088 read=3685059
                           ->  Hash Join  (cost=17240.81..5904264.14 rows=631501 width=54) (actual time=149.907..41368.678 rows=468558 loops=1)
                                 Hash Cond: (catalog_sales.cs_item_sk = item.i_item_sk)
                                 Buffers: shared hit=43808 read=3684928
                                 ->  Seq Scan on catalog_sales  (cost=0.00..5874397.76 rows=4809639 width=41) (actual time=0.089..40124.140 rows=4933013 loops=1)
                                       Filter: ((cs_wholesale_cost >= '93'::numeric) AND (cs_wholesale_cost <= '98'::numeric))
                                       Rows Removed by Filter: 139059286
                                       Buffers: shared hit=43787 read=3670593
                                 ->  Hash  (cost=16906.00..16906.00 rows=26785 width=21) (actual time=149.343..149.343 rows=26695 loops=1)
                                       Buckets: 32768  Batches: 1  Memory Usage: 1716kB
                                       Buffers: shared hit=21 read=14335
                                       ->  Seq Scan on item  (cost=0.00..16906.00 rows=26785 width=21) (actual time=0.034..142.110 rows=26695 loops=1)
                                             Filter: (i_category = 'Children'::bpchar)
                                             Rows Removed by Filter: 177305
                                             Buffers: shared hit=21 read=14335
                           ->  Memoize  (cost=0.30..7.22 rows=1 width=4) (actual time=0.000..0.000 rows=0 loops=468558)
                                 Cache Key: catalog_sales.cs_sold_date_sk
                                 Cache Mode: logical
                                 Hits: 466420  Misses: 2138  Evictions: 0  Overflows: 0  Memory Usage: 155kB
                                 Buffers: shared hit=6280 read=131
                                 ->  Index Scan using date_dim_pkey on date_dim  (cost=0.29..7.21 rows=1 width=4) (actual time=0.012..0.012 rows=0 loops=2138)
                                       Index Cond: (d_date_sk = catalog_sales.cs_sold_date_sk)
                                       Filter: (d_year = 1999)
                                       Rows Removed by Filter: 1
                                       Buffers: shared hit=6280 read=131
                     ->  Index Scan using customer_pkey on customer  (cost=0.43..7.35 rows=1 width=12) (actual time=0.010..0.010 rows=0 loops=71876)
                           Index Cond: (c_customer_sk = catalog_sales.cs_bill_customer_sk)
                           Filter: (c_birth_month = 5)
                           Rows Removed by Filter: 1
                           Buffers: shared hit=274849 read=12251
               ->  Index Scan using customer_demographics_pkey on customer_demographics  (cost=0.43..7.36 rows=1 width=8) (actual time=0.011..0.011 rows=0 loops=1008)
                     Index Cond: (cd_demo_sk = catalog_sales.cs_bill_cdemo_sk)
                     Filter: ((cd_gender = 'F'::bpchar) AND (cd_education_status = '4 yr Degree'::bpchar))
                     Rows Removed by Filter: 1
                     Buffers: shared hit=3960 read=68
         ->  Index Scan using customer_address_pkey on customer_address  (cost=0.42..7.39 rows=1 width=35) (actual time=0.018..0.018 rows=0 loops=50)
               Index Cond: (ca_address_sk = customer.c_current_addr_sk)
               Filter: (ca_state = ANY ('{AK,KY,VA}'::bpchar[]))
               Rows Removed by Filter: 1
               Buffers: shared hit=110 read=90
 Planning:
   Buffers: shared hit=407 read=47
 Planning Time: 4.825 ms
 Execution Time: 42253.344 ms
(53 rows)

