                                                                        QUERY PLAN                                                                        
----------------------------------------------------------------------------------------------------------------------------------------------------------
 Aggregate  (cost=5984502.17..5984502.18 rows=1 width=268) (actual time=43422.455..43422.457 rows=1 loops=1)
   Buffers: shared hit=47011 read=3667369
   ->  Nested Loop  (cost=0.43..5984502.15 rows=1 width=81) (actual time=43422.449..43422.451 rows=0 loops=1)
         Join Filter: (catalog_sales.cs_item_sk = item.i_item_sk)
         Buffers: shared hit=47011 read=3667369
         ->  Nested Loop  (cost=0.43..5967283.01 rows=1 width=68) (actual time=43422.449..43422.451 rows=0 loops=1)
               Join Filter: (date_dim.d_date_sk = catalog_sales.cs_sold_date_sk)
               Buffers: shared hit=47011 read=3667369
               ->  Nested Loop  (cost=0.43..5964891.37 rows=1 width=72) (actual time=43422.449..43422.450 rows=0 loops=1)
                     Join Filter: (customer_address.ca_address_sk = customer.c_current_addr_sk)
                     Buffers: shared hit=47011 read=3667369
                     ->  Nested Loop  (cost=0.43..5927406.71 rows=1 width=45) (actual time=43422.448..43422.449 rows=0 loops=1)
                           Buffers: shared hit=47011 read=3667369
                           ->  Nested Loop  (cost=0.00..5927398.26 rows=1 width=41) (actual time=43422.448..43422.449 rows=0 loops=1)
                                 Join Filter: (customer_demographics.cd_demo_sk = catalog_sales.cs_bill_cdemo_sk)
                                 Buffers: shared hit=47011 read=3667369
                                 ->  Seq Scan on catalog_sales  (cost=0.00..5874397.76 rows=1 width=41) (actual time=43422.447..43422.448 rows=0 loops=1)
                                       Filter: ((cs_wholesale_cost >= '48'::numeric) AND (cs_wholesale_cost <= '53'::numeric))
                                       Rows Removed by Filter: 143992299
                                       Buffers: shared hit=47011 read=3667369
                                 ->  Seq Scan on customer_demographics  (cost=0.00..51225.00 rows=142040 width=8) (never executed)
                                       Filter: ((cd_gender = 'F'::bpchar) AND (cd_education_status = '4 yr Degree'::bpchar))
                           ->  Index Scan using customer_pkey on customer  (cost=0.43..8.45 rows=1 width=12) (never executed)
                                 Index Cond: (c_customer_sk = catalog_sales.cs_bill_customer_sk)
                                 Filter: (c_birth_month = 7)
                     ->  Seq Scan on customer_address  (cost=0.00..36288.00 rows=95733 width=35) (never executed)
                           Filter: (ca_state = ANY ('{IL,NY,VA}'::bpchar[]))
               ->  Seq Scan on date_dim  (cost=0.00..2387.11 rows=362 width=4) (never executed)
                     Filter: (d_year = 2002)
         ->  Seq Scan on item  (cost=0.00..16906.00 rows=25051 width=21) (never executed)
               Filter: (i_category = 'Books'::bpchar)
 Planning:
   Buffers: shared hit=454
 Planning Time: 5.452 ms
 Execution Time: 43422.944 ms
(35 rows)

