                                                                                  QUERY PLAN                                                                                   
-------------------------------------------------------------------------------------------------------------------------------------------------------------------------------
 Aggregate  (cost=5977646.18..5977646.19 rows=1 width=268) (actual time=47524.642..47524.647 rows=1 loops=1)
   Buffers: shared hit=762278 read=3702689
   ->  Nested Loop  (cost=17220.72..5977646.10 rows=3 width=81) (actual time=12172.813..47524.410 rows=36 loops=1)
         Buffers: shared hit=762278 read=3702689
         ->  Nested Loop  (cost=17220.30..5977462.17 rows=25 width=54) (actual time=12031.631..47503.887 rows=1052 loops=1)
               Buffers: shared hit=760089 read=3700670
               ->  Nested Loop  (cost=17219.87..5975300.01 rows=294 width=50) (actual time=12019.079..47349.611 rows=12619 loops=1)
                     Buffers: shared hit=712460 read=3697867
                     ->  Nested Loop  (cost=17219.44..5945199.74 rows=4092 width=50) (actual time=12018.541..45491.072 rows=169024 loops=1)
                           Buffers: shared hit=66344 read=3668803
                           ->  Hash Join  (cost=17219.14..5909270.01 rows=825806 width=54) (actual time=117.919..45110.289 rows=1216193 loops=1)
                                 Hash Cond: (catalog_sales.cs_item_sk = item.i_item_sk)
                                 Buffers: shared hit=59933 read=3668803
                                 ->  Seq Scan on catalog_sales  (cost=0.00..5874397.76 rows=6724855 width=41) (actual time=0.045..43459.533 rows=6763882 loops=1)
                                       Filter: ((cs_wholesale_cost >= '70'::numeric) AND (cs_wholesale_cost <= '75'::numeric))
                                       Rows Removed by Filter: 137228417
                                       Buffers: shared hit=45580 read=3668800
                                 ->  Hash  (cost=16906.00..16906.00 rows=25051 width=21) (actual time=117.628..117.629 rows=24688 loops=1)
                                       Buckets: 32768  Batches: 1  Memory Usage: 1607kB
                                       Buffers: shared hit=14353 read=3
                                       ->  Seq Scan on item  (cost=0.00..16906.00 rows=25051 width=21) (actual time=0.021..112.598 rows=24688 loops=1)
                                             Filter: (i_category = 'Books'::bpchar)
                                             Rows Removed by Filter: 179312
                                             Buffers: shared hit=14353 read=3
                           ->  Memoize  (cost=0.30..7.22 rows=1 width=4) (actual time=0.000..0.000 rows=0 loops=1216193)
                                 Cache Key: catalog_sales.cs_sold_date_sk
                                 Cache Mode: logical
                                 Hits: 1214055  Misses: 2138  Evictions: 0  Overflows: 0  Memory Usage: 155kB
                                 Buffers: shared hit=6411
                                 ->  Index Scan using date_dim_pkey on date_dim  (cost=0.29..7.21 rows=1 width=4) (actual time=0.012..0.012 rows=0 loops=2138)
                                       Index Cond: (d_date_sk = catalog_sales.cs_sold_date_sk)
                                       Filter: (d_year = 2000)
                                       Rows Removed by Filter: 1
                                       Buffers: shared hit=6411
                     ->  Index Scan using customer_demographics_pkey on customer_demographics  (cost=0.43..7.36 rows=1 width=8) (actual time=0.011..0.011 rows=0 loops=169024)
                           Index Cond: (cd_demo_sk = catalog_sales.cs_bill_cdemo_sk)
                           Filter: ((cd_gender = 'M'::bpchar) AND (cd_education_status = 'Primary'::bpchar))
                           Rows Removed by Filter: 1
                           Buffers: shared hit=646116 read=29064
               ->  Index Scan using customer_pkey on customer  (cost=0.43..7.35 rows=1 width=12) (actual time=0.012..0.012 rows=0 loops=12619)
                     Index Cond: (c_customer_sk = catalog_sales.cs_bill_customer_sk)
                     Filter: (c_birth_month = 11)
                     Rows Removed by Filter: 1
                     Buffers: shared hit=47629 read=2803
         ->  Index Scan using customer_address_pkey on customer_address  (cost=0.42..7.36 rows=1 width=35) (actual time=0.019..0.019 rows=0 loops=1052)
               Index Cond: (ca_address_sk = customer.c_current_addr_sk)
               Filter: (ca_state = ANY ('{MS,ND,TX}'::bpchar[]))
               Rows Removed by Filter: 1
               Buffers: shared hit=2189 read=2019
 Planning:
   Buffers: shared hit=454
 Planning Time: 4.216 ms
 Execution Time: 47525.206 ms
(53 rows)

