                                                                              QUERY PLAN                                                                               
-----------------------------------------------------------------------------------------------------------------------------------------------------------------------
 Aggregate  (cost=6040218.99..6040219.00 rows=1 width=268) (actual time=50493.886..50493.891 rows=1 loops=1)
   Buffers: shared hit=622667 read=3745116
   ->  Nested Loop  (cost=17180.68..6040218.94 rows=2 width=81) (actual time=705.245..50493.739 rows=21 loops=1)
         Buffers: shared hit=622667 read=3745116
         ->  Nested Loop  (cost=17180.26..6039990.77 rows=31 width=54) (actual time=143.774..50483.410 rows=588 loops=1)
               Buffers: shared hit=621417 read=3744014
               ->  Nested Loop  (cost=17179.83..6036813.07 rows=432 width=54) (actual time=143.735..50388.574 rows=8615 loops=1)
                     Buffers: shared hit=588172 read=3742819
                     ->  Nested Loop  (cost=17179.40..5981716.30 rows=7492 width=50) (actual time=143.142..48884.725 rows=149124 loops=1)
                           Buffers: shared hit=26918 read=3708229
                           ->  Hash Join  (cost=17179.10..5928634.53 rows=1511894 width=54) (actual time=143.104..48515.025 rows=1213119 loops=1)
                                 Hash Cond: (catalog_sales.cs_item_sk = item.i_item_sk)
                                 Buffers: shared hit=20507 read=3708229
                                 ->  Seq Scan on catalog_sales  (cost=0.00..5874397.76 rows=14116916 width=41) (actual time=0.160..45860.575 rows=14129630 loops=1)
                                       Filter: ((cs_wholesale_cost >= '16'::numeric) AND (cs_wholesale_cost <= '21'::numeric))
                                       Rows Removed by Filter: 129862669
                                       Buffers: shared hit=20498 read=3693882
                                 ->  Hash  (cost=16906.00..16906.00 rows=21848 width=21) (actual time=142.545..142.546 rows=21811 loops=1)
                                       Buckets: 32768  Batches: 1  Memory Usage: 1449kB
                                       Buffers: shared hit=9 read=14347
                                       ->  Seq Scan on item  (cost=0.00..16906.00 rows=21848 width=21) (actual time=0.101..136.830 rows=21811 loops=1)
                                             Filter: (i_category = 'Sports'::bpchar)
                                             Rows Removed by Filter: 182189
                                             Buffers: shared hit=9 read=14347
                           ->  Memoize  (cost=0.30..7.22 rows=1 width=4) (actual time=0.000..0.000 rows=0 loops=1213119)
                                 Cache Key: catalog_sales.cs_sold_date_sk
                                 Cache Mode: logical
                                 Hits: 1210981  Misses: 2138  Evictions: 0  Overflows: 0  Memory Usage: 155kB
                                 Buffers: shared hit=6411
                                 ->  Index Scan using date_dim_pkey on date_dim  (cost=0.29..7.21 rows=1 width=4) (actual time=0.012..0.012 rows=0 loops=2138)
                                       Index Cond: (d_date_sk = catalog_sales.cs_sold_date_sk)
                                       Filter: (d_year = 1998)
                                       Rows Removed by Filter: 1
                                       Buffers: shared hit=6411
                     ->  Index Scan using customer_pkey on customer  (cost=0.43..7.35 rows=1 width=12) (actual time=0.010..0.010 rows=0 loops=149124)
                           Index Cond: (c_customer_sk = catalog_sales.cs_bill_customer_sk)
                           Filter: (c_birth_month = 3)
                           Rows Removed by Filter: 1
                           Buffers: shared hit=561254 read=34590
               ->  Index Scan using customer_demographics_pkey on customer_demographics  (cost=0.43..7.36 rows=1 width=8) (actual time=0.011..0.011 rows=0 loops=8615)
                     Index Cond: (cd_demo_sk = catalog_sales.cs_bill_cdemo_sk)
                     Filter: ((cd_gender = 'M'::bpchar) AND (cd_education_status = 'Primary'::bpchar))
                     Rows Removed by Filter: 1
                     Buffers: shared hit=33245 read=1195
         ->  Index Scan using customer_address_pkey on customer_address  (cost=0.42..7.36 rows=1 width=35) (actual time=0.017..0.017 rows=0 loops=588)
               Index Cond: (ca_address_sk = customer.c_current_addr_sk)
               Filter: (ca_state = ANY ('{IA,ND,NE}'::bpchar[]))
               Rows Removed by Filter: 1
               Buffers: shared hit=1250 read=1102
 Planning:
   Buffers: shared hit=454
 Planning Time: 4.431 ms
 Execution Time: 50494.539 ms
(53 rows)

