                                                                                 QUERY PLAN                                                                                  
-----------------------------------------------------------------------------------------------------------------------------------------------------------------------------
 Aggregate  (cost=5920222.24..5920222.25 rows=1 width=268) (actual time=43056.396..43056.401 rows=1 loops=1)
   Buffers: shared hit=99626 read=3659599
   ->  Nested Loop  (cost=16954.16..5920222.21 rows=1 width=81) (actual time=13533.361..43056.372 rows=3 loops=1)
         Buffers: shared hit=99626 read=3659599
         ->  Nested Loop  (cost=16953.73..5920207.50 rows=2 width=54) (actual time=11495.787..43054.616 rows=84 loops=1)
               Buffers: shared hit=99454 read=3659435
               ->  Nested Loop  (cost=16953.31..5920038.34 rows=23 width=50) (actual time=11464.912..43044.567 rows=742 loops=1)
                     Buffers: shared hit=96689 read=3659240
                     ->  Nested Loop  (cost=16952.88..5917654.99 rows=324 width=50) (actual time=11446.948..42976.795 rows=5204 loops=1)
                           Buffers: shared hit=76759 read=3658382
                           ->  Hash Join  (cost=16952.58..5900737.61 rows=65315 width=54) (actual time=112.371..42922.632 rows=32953 loops=1)
                                 Hash Cond: (catalog_sales.cs_item_sk = item.i_item_sk)
                                 Buffers: shared hit=70354 read=3658382
                                 ->  Seq Scan on catalog_sales  (cost=0.00..5874397.76 rows=3576029 width=41) (actual time=0.101..42156.940 rows=3595775 loops=1)
                                       Filter: ((cs_wholesale_cost >= '78'::numeric) AND (cs_wholesale_cost <= '83'::numeric))
                                       Rows Removed by Filter: 140396524
                                       Buffers: shared hit=56128 read=3658252
                                 ->  Hash  (cost=16906.00..16906.00 rows=3726 width=21) (actual time=111.992..111.993 rows=3713 loops=1)
                                       Buckets: 4096  Batches: 1  Memory Usage: 236kB
                                       Buffers: shared hit=14226 read=130
                                       ->  Seq Scan on item  (cost=0.00..16906.00 rows=3726 width=21) (actual time=0.074..111.080 rows=3713 loops=1)
                                             Filter: (i_category = 'Music'::bpchar)
                                             Rows Removed by Filter: 200287
                                             Buffers: shared hit=14226 read=130
                           ->  Memoize  (cost=0.30..7.22 rows=1 width=4) (actual time=0.001..0.001 rows=0 loops=32953)
                                 Cache Key: catalog_sales.cs_sold_date_sk
                                 Cache Mode: logical
                                 Hits: 30817  Misses: 2136  Evictions: 0  Overflows: 0  Memory Usage: 155kB
                                 Buffers: shared hit=6405
                                 ->  Index Scan using date_dim_pkey on date_dim  (cost=0.29..7.21 rows=1 width=4) (actual time=0.012..0.012 rows=0 loops=2136)
                                       Index Cond: (d_date_sk = catalog_sales.cs_sold_date_sk)
                                       Filter: (d_year = 2000)
                                       Rows Removed by Filter: 1
                                       Buffers: shared hit=6405
                     ->  Index Scan using customer_demographics_pkey on customer_demographics  (cost=0.43..7.36 rows=1 width=8) (actual time=0.013..0.013 rows=0 loops=5204)
                           Index Cond: (cd_demo_sk = catalog_sales.cs_bill_cdemo_sk)
                           Filter: ((cd_gender = 'M'::bpchar) AND (cd_education_status = 'Unknown'::bpchar))
                           Rows Removed by Filter: 1
                           Buffers: shared hit=19930 read=858
               ->  Index Scan using customer_pkey on customer  (cost=0.43..7.35 rows=1 width=12) (actual time=0.013..0.013 rows=0 loops=742)
                     Index Cond: (c_customer_sk = catalog_sales.cs_bill_customer_sk)
                     Filter: (c_birth_month = 1)
                     Rows Removed by Filter: 1
                     Buffers: shared hit=2765 read=195
         ->  Index Scan using customer_address_pkey on customer_address  (cost=0.42..7.36 rows=1 width=35) (actual time=0.020..0.020 rows=0 loops=84)
               Index Cond: (ca_address_sk = customer.c_current_addr_sk)
               Filter: (ca_state = ANY ('{IN,MI,VT}'::bpchar[]))
               Rows Removed by Filter: 1
               Buffers: shared hit=172 read=164
 Planning:
   Buffers: shared hit=407 read=47
 Planning Time: 4.785 ms
 Execution Time: 43056.953 ms
(53 rows)

