                                                                              QUERY PLAN                                                                               
-----------------------------------------------------------------------------------------------------------------------------------------------------------------------
 Aggregate  (cost=5981123.38..5981123.39 rows=1 width=268) (actual time=55838.353..55838.359 rows=1 loops=1)
   Buffers: shared hit=2210382 read=3779940
   ->  Nested Loop  (cost=2393.34..5981123.36 rows=1 width=81) (actual time=26867.381..55838.029 rows=43 loops=1)
         Buffers: shared hit=2210382 read=3779940
         ->  Nested Loop  (cost=2392.92..5981101.32 rows=3 width=68) (actual time=26576.271..55832.114 rows=196 loops=1)
               Buffers: shared hit=2209849 read=3779689
               ->  Nested Loop  (cost=2392.49..5980755.58 rows=47 width=68) (actual time=26546.875..55792.521 rows=2054 loops=1)
                     Buffers: shared hit=2202299 read=3779027
                     ->  Nested Loop  (cost=2392.07..5975441.64 rows=722 width=41) (actual time=26546.793..55172.686 rows=30452 loops=1)
                           Buffers: shared hit=2110981 read=3748537
                           ->  Hash Join  (cost=2391.64..5883417.43 rows=12512 width=37) (actual time=26546.689..46035.164 rows=536637 loops=1)
                                 Hash Cond: (catalog_sales.cs_sold_date_sk = date_dim.d_date_sk)
                                 Buffers: shared hit=55095 read=3660759
                                 ->  Seq Scan on catalog_sales  (cost=0.00..5874397.76 rows=2524821 width=41) (actual time=0.115..45597.604 rows=2625628 loops=1)
                                       Filter: ((cs_wholesale_cost >= '47'::numeric) AND (cs_wholesale_cost <= '52'::numeric))
                                       Rows Removed by Filter: 141366671
                                       Buffers: shared hit=55053 read=3659327
                                 ->  Hash  (cost=2387.11..2387.11 rows=362 width=4) (actual time=24.926..24.927 rows=365 loops=1)
                                       Buckets: 1024  Batches: 1  Memory Usage: 21kB
                                       Buffers: shared hit=42 read=1432
                                       ->  Seq Scan on date_dim  (cost=0.00..2387.11 rows=362 width=4) (actual time=16.042..24.865 rows=365 loops=1)
                                             Filter: (d_year = 2002)
                                             Rows Removed by Filter: 72684
                                             Buffers: shared hit=42 read=1432
                           ->  Index Scan using customer_pkey on customer  (cost=0.43..7.35 rows=1 width=12) (actual time=0.017..0.017 rows=0 loops=536637)
                                 Index Cond: (c_customer_sk = catalog_sales.cs_bill_customer_sk)
                                 Filter: (c_birth_month = 3)
                                 Rows Removed by Filter: 1
                                 Buffers: shared hit=2055886 read=87778
                     ->  Index Scan using customer_address_pkey on customer_address  (cost=0.42..7.36 rows=1 width=35) (actual time=0.020..0.020 rows=0 loops=30452)
                           Index Cond: (ca_address_sk = customer.c_current_addr_sk)
                           Filter: (ca_state = ANY ('{OK,OR,TN}'::bpchar[]))
                           Rows Removed by Filter: 1
                           Buffers: shared hit=91318 read=30490
               ->  Index Scan using customer_demographics_pkey on customer_demographics  (cost=0.43..7.36 rows=1 width=8) (actual time=0.019..0.019 rows=0 loops=2054)
                     Index Cond: (cd_demo_sk = catalog_sales.cs_bill_cdemo_sk)
                     Filter: ((cd_gender = 'M'::bpchar) AND (cd_education_status = 'College'::bpchar))
                     Rows Removed by Filter: 1
                     Buffers: shared hit=7550 read=662
         ->  Index Scan using item_pkey on item  (cost=0.42..7.34 rows=1 width=21) (actual time=0.029..0.029 rows=0 loops=196)
               Index Cond: (i_item_sk = catalog_sales.cs_item_sk)
               Filter: (i_category = 'Electronics'::bpchar)
               Rows Removed by Filter: 1
               Buffers: shared hit=533 read=251
 Planning:
   Buffers: shared hit=454
 Planning Time: 4.366 ms
 Execution Time: 55838.793 ms
(48 rows)

