                                                                                  QUERY PLAN                                                                                  
------------------------------------------------------------------------------------------------------------------------------------------------------------------------------
 Aggregate  (cost=5928538.04..5928538.05 rows=1 width=268) (actual time=43853.785..43853.790 rows=1 loops=1)
   Buffers: shared hit=285749 read=3692454
   ->  Nested Loop  (cost=17045.03..5928538.01 rows=1 width=81) (actual time=26636.499..43853.499 rows=45 loops=1)
         Buffers: shared hit=285749 read=3692454
         ->  Nested Loop  (cost=17044.61..5928479.17 rows=8 width=54) (actual time=25971.960..43840.222 rows=828 loops=1)
               Buffers: shared hit=283262 read=3691629
               ->  Nested Loop  (cost=17044.18..5927956.99 rows=71 width=50) (actual time=25950.264..43754.436 rows=6881 loops=1)
                     Buffers: shared hit=258121 read=3689258
                     ->  Nested Loop  (cost=17043.75..5920931.98 rows=955 width=50) (actual time=25949.474..43178.591 rows=53119 loops=1)
                           Buffers: shared hit=54707 read=3680440
                           ->  Hash Join  (cost=17043.45..5900828.49 rows=192755 width=54) (actual time=112.073..43073.817 rows=214602 loops=1)
                                 Hash Cond: (catalog_sales.cs_item_sk = item.i_item_sk)
                                 Buffers: shared hit=48296 read=3680440
                                 ->  Seq Scan on catalog_sales  (cost=0.00..5874397.76 rows=3576029 width=41) (actual time=0.104..42225.480 rows=3595775 loops=1)
                                       Filter: ((cs_wholesale_cost >= '75'::numeric) AND (cs_wholesale_cost <= '80'::numeric))
                                       Rows Removed by Filter: 140396524
                                       Buffers: shared hit=33940 read=3680440
                                 ->  Hash  (cost=16906.00..16906.00 rows=10996 width=21) (actual time=111.791..111.791 rows=11037 loops=1)
                                       Buckets: 16384  Batches: 1  Memory Usage: 732kB
                                       Buffers: shared hit=14356
                                       ->  Seq Scan on item  (cost=0.00..16906.00 rows=10996 width=21) (actual time=0.071..109.339 rows=11037 loops=1)
                                             Filter: (i_category = 'Women'::bpchar)
                                             Rows Removed by Filter: 192963
                                             Buffers: shared hit=14356
                           ->  Memoize  (cost=0.30..7.22 rows=1 width=4) (actual time=0.000..0.000 rows=0 loops=214602)
                                 Cache Key: catalog_sales.cs_sold_date_sk
                                 Cache Mode: logical
                                 Hits: 212464  Misses: 2138  Evictions: 0  Overflows: 0  Memory Usage: 155kB
                                 Buffers: shared hit=6411
                                 ->  Index Scan using date_dim_pkey on date_dim  (cost=0.29..7.21 rows=1 width=4) (actual time=0.012..0.012 rows=0 loops=2138)
                                       Index Cond: (d_date_sk = catalog_sales.cs_sold_date_sk)
                                       Filter: (d_year = 2002)
                                       Rows Removed by Filter: 1
                                       Buffers: shared hit=6411
                     ->  Index Scan using customer_demographics_pkey on customer_demographics  (cost=0.43..7.36 rows=1 width=8) (actual time=0.011..0.011 rows=0 loops=53119)
                           Index Cond: (cd_demo_sk = catalog_sales.cs_bill_cdemo_sk)
                           Filter: ((cd_gender = 'M'::bpchar) AND (cd_education_status = '4 yr Degree'::bpchar))
                           Rows Removed by Filter: 1
                           Buffers: shared hit=203414 read=8818
               ->  Index Scan using customer_pkey on customer  (cost=0.43..7.35 rows=1 width=12) (actual time=0.012..0.012 rows=0 loops=6881)
                     Index Cond: (c_customer_sk = catalog_sales.cs_bill_customer_sk)
                     Filter: (c_birth_month = 8)
                     Rows Removed by Filter: 1
                     Buffers: shared hit=25141 read=2371
         ->  Index Scan using customer_address_pkey on customer_address  (cost=0.42..7.36 rows=1 width=35) (actual time=0.015..0.015 rows=0 loops=828)
               Index Cond: (ca_address_sk = customer.c_current_addr_sk)
               Filter: (ca_state = ANY ('{MO,OH,PA}'::bpchar[]))
               Rows Removed by Filter: 1
               Buffers: shared hit=2487 read=825
 Planning:
   Buffers: shared hit=454
 Planning Time: 4.632 ms
 Execution Time: 43854.435 ms
(53 rows)

