                                                                                  QUERY PLAN                                                                                   
-------------------------------------------------------------------------------------------------------------------------------------------------------------------------------
 Aggregate  (cost=5994554.58..5994554.59 rows=1 width=268) (actual time=50207.437..50207.442 rows=1 loops=1)
   Buffers: shared hit=751635 read=3692412
   ->  Nested Loop  (cost=17220.72..5994554.47 rows=4 width=81) (actual time=1260.787..50207.351 rows=12 loops=1)
         Buffers: shared hit=751635 read=3692412
         ->  Nested Loop  (cost=17220.30..5994333.76 rows=30 width=54) (actual time=157.595..50202.742 rows=234 loops=1)
               Buffers: shared hit=751078 read=3692033
               ->  Nested Loop  (cost=17219.87..5991708.31 rows=357 width=50) (actual time=128.593..50154.727 rows=3271 loops=1)
                     Buffers: shared hit=739557 read=3690474
                     ->  Nested Loop  (cost=17219.44..5954384.71 rows=5074 width=50) (actual time=122.509..48326.928 rows=173960 loops=1)
                           Buffers: shared hit=67450 read=3667697
                           ->  Hash Join  (cost=17219.14..5913503.73 rows=1023858 width=54) (actual time=122.476..47870.693 rows=1497665 loops=1)
                                 Hash Cond: (catalog_sales.cs_item_sk = item.i_item_sk)
                                 Buffers: shared hit=61039 read=3667697
                                 ->  Seq Scan on catalog_sales  (cost=0.00..5874397.76 rows=8337669 width=41) (actual time=0.058..45935.251 rows=8349119 loops=1)
                                       Filter: ((cs_wholesale_cost >= '7'::numeric) AND (cs_wholesale_cost <= '12'::numeric))
                                       Rows Removed by Filter: 135643180
                                       Buffers: shared hit=46683 read=3667697
                                 ->  Hash  (cost=16906.00..16906.00 rows=25051 width=21) (actual time=122.121..122.122 rows=24688 loops=1)
                                       Buckets: 32768  Batches: 1  Memory Usage: 1607kB
                                       Buffers: shared hit=14356
                                       ->  Seq Scan on item  (cost=0.00..16906.00 rows=25051 width=21) (actual time=0.018..117.150 rows=24688 loops=1)
                                             Filter: (i_category = 'Books'::bpchar)
                                             Rows Removed by Filter: 179312
                                             Buffers: shared hit=14356
                           ->  Memoize  (cost=0.30..7.22 rows=1 width=4) (actual time=0.000..0.000 rows=0 loops=1497665)
                                 Cache Key: catalog_sales.cs_sold_date_sk
                                 Cache Mode: logical
                                 Hits: 1495527  Misses: 2138  Evictions: 0  Overflows: 0  Memory Usage: 155kB
                                 Buffers: shared hit=6411
                                 ->  Index Scan using date_dim_pkey on date_dim  (cost=0.29..7.21 rows=1 width=4) (actual time=0.013..0.013 rows=0 loops=2138)
                                       Index Cond: (d_date_sk = catalog_sales.cs_sold_date_sk)
                                       Filter: (d_year = 1998)
                                       Rows Removed by Filter: 1
                                       Buffers: shared hit=6411
                     ->  Index Scan using customer_demographics_pkey on customer_demographics  (cost=0.43..7.36 rows=1 width=8) (actual time=0.010..0.010 rows=0 loops=173960)
                           Index Cond: (cd_demo_sk = catalog_sales.cs_bill_cdemo_sk)
                           Filter: ((cd_gender = 'F'::bpchar) AND (cd_education_status = 'Secondary'::bpchar))
                           Rows Removed by Filter: 1
                           Buffers: shared hit=672107 read=22777
               ->  Index Scan using customer_pkey on customer  (cost=0.43..7.35 rows=1 width=12) (actual time=0.014..0.014 rows=0 loops=3271)
                     Index Cond: (c_customer_sk = catalog_sales.cs_bill_customer_sk)
                     Filter: (c_birth_month = 11)
                     Rows Removed by Filter: 1
                     Buffers: shared hit=11521 read=1559
         ->  Index Scan using customer_address_pkey on customer_address  (cost=0.42..7.36 rows=1 width=35) (actual time=0.018..0.018 rows=0 loops=234)
               Index Cond: (ca_address_sk = customer.c_current_addr_sk)
               Filter: (ca_state = ANY ('{IA,SD,TX}'::bpchar[]))
               Rows Removed by Filter: 1
               Buffers: shared hit=557 read=379
 Planning:
   Buffers: shared hit=454
 Planning Time: 5.192 ms
 Execution Time: 50208.112 ms
(53 rows)

