                                                                                  QUERY PLAN                                                                                  
------------------------------------------------------------------------------------------------------------------------------------------------------------------------------
 Aggregate  (cost=5997060.55..5997060.56 rows=1 width=268) (actual time=49159.467..49159.472 rows=1 loops=1)
   Buffers: shared hit=516680 read=3674999
   ->  Nested Loop  (cost=17180.68..5997060.36 rows=7 width=81) (actual time=203.706..49158.887 rows=101 loops=1)
         Buffers: shared hit=516680 read=3674999
         ->  Nested Loop  (cost=17180.26..5996699.97 rows=49 width=54) (actual time=115.011..49127.981 rows=1950 loops=1)
               Buffers: shared hit=512395 read=3671484
               ->  Nested Loop  (cost=17179.83..5994096.60 rows=354 width=50) (actual time=113.572..48948.389 rows=14236 loops=1)
                     Buffers: shared hit=465915 read=3661068
                     ->  Nested Loop  (cost=17179.40..5957104.10 rows=5029 width=50) (actual time=112.919..47984.778 rows=98072 loops=1)
                           Buffers: shared hit=83995 read=3651152
                           ->  Hash Join  (cost=17179.10..5916449.98 rows=1014784 width=54) (actual time=112.878..47718.525 rows=794776 loops=1)
                                 Hash Cond: (catalog_sales.cs_item_sk = item.i_item_sk)
                                 Buffers: shared hit=77584 read=3651152
                                 ->  Seq Scan on catalog_sales  (cost=0.00..5874397.76 rows=9475278 width=41) (actual time=0.028..45801.260 rows=9280537 loops=1)
                                       Filter: ((cs_wholesale_cost >= '5'::numeric) AND (cs_wholesale_cost <= '10'::numeric))
                                       Rows Removed by Filter: 134711762
                                       Buffers: shared hit=63228 read=3651152
                                 ->  Hash  (cost=16906.00..16906.00 rows=21848 width=21) (actual time=112.626..112.626 rows=21811 loops=1)
                                       Buckets: 32768  Batches: 1  Memory Usage: 1449kB
                                       Buffers: shared hit=14356
                                       ->  Seq Scan on item  (cost=0.00..16906.00 rows=21848 width=21) (actual time=0.021..108.252 rows=21811 loops=1)
                                             Filter: (i_category = 'Sports'::bpchar)
                                             Rows Removed by Filter: 182189
                                             Buffers: shared hit=14356
                           ->  Memoize  (cost=0.30..7.22 rows=1 width=4) (actual time=0.000..0.000 rows=0 loops=794776)
                                 Cache Key: catalog_sales.cs_sold_date_sk
                                 Cache Mode: logical
                                 Hits: 792638  Misses: 2138  Evictions: 0  Overflows: 0  Memory Usage: 155kB
                                 Buffers: shared hit=6411
                                 ->  Index Scan using date_dim_pkey on date_dim  (cost=0.29..7.21 rows=1 width=4) (actual time=0.012..0.012 rows=0 loops=2138)
                                       Index Cond: (d_date_sk = catalog_sales.cs_sold_date_sk)
                                       Filter: (d_year = 1998)
                                       Rows Removed by Filter: 1
                                       Buffers: shared hit=6411
                     ->  Index Scan using customer_demographics_pkey on customer_demographics  (cost=0.43..7.36 rows=1 width=8) (actual time=0.010..0.010 rows=0 loops=98072)
                           Index Cond: (cd_demo_sk = catalog_sales.cs_bill_cdemo_sk)
                           Filter: ((cd_gender = 'M'::bpchar) AND (cd_education_status = 'Unknown'::bpchar))
                           Rows Removed by Filter: 1
                           Buffers: shared hit=381920 read=9916
               ->  Index Scan using customer_pkey on customer  (cost=0.43..7.35 rows=1 width=12) (actual time=0.012..0.012 rows=0 loops=14236)
                     Index Cond: (c_customer_sk = catalog_sales.cs_bill_customer_sk)
                     Filter: (c_birth_month = 10)
                     Rows Removed by Filter: 1
                     Buffers: shared hit=46480 read=10416
         ->  Index Scan using customer_address_pkey on customer_address  (cost=0.42..7.35 rows=1 width=35) (actual time=0.015..0.015 rows=0 loops=1950)
               Index Cond: (ca_address_sk = customer.c_current_addr_sk)
               Filter: (ca_state = ANY ('{MS,NC,TX}'::bpchar[]))
               Rows Removed by Filter: 1
               Buffers: shared hit=4285 read=3515
 Planning:
   Buffers: shared hit=454
 Planning Time: 2.003 ms
 Execution Time: 49159.806 ms
(53 rows)

