                                                                                  QUERY PLAN                                                                                   
-------------------------------------------------------------------------------------------------------------------------------------------------------------------------------
 Aggregate  (cost=6006377.48..6006377.49 rows=1 width=268) (actual time=46534.575..46534.580 rows=1 loops=1)
   Buffers: shared hit=780750 read=3681297
   ->  Nested Loop  (cost=17326.55..6006377.34 rows=5 width=81) (actual time=134.653..46534.268 rows=49 loops=1)
         Buffers: shared hit=780750 read=3681297
         ->  Nested Loop  (cost=17326.12..6006002.21 rows=51 width=54) (actual time=134.617..46513.083 rows=1112 loops=1)
               Buffers: shared hit=778336 read=3679263
               ->  Nested Loop  (cost=17325.69..6002817.83 rows=433 width=50) (actual time=134.309..46368.430 rows=9232 loops=1)
                     Buffers: shared hit=748177 read=3672502
                     ->  Nested Loop  (cost=17325.27..5957711.66 rows=6132 width=50) (actual time=132.319..44321.840 rows=171615 loops=1)
                           Buffers: shared hit=78637 read=3656510
                           ->  Hash Join  (cost=17324.96..5911492.70 rows=1237379 width=54) (actual time=132.284..44019.566 rows=946499 loops=1)
                                 Hash Cond: (catalog_sales.cs_item_sk = item.i_item_sk)
                                 Buffers: shared hit=72226 read=3656510
                                 ->  Seq Scan on catalog_sales  (cost=0.00..5874397.76 rows=7531262 width=41) (actual time=0.137..42342.404 rows=7518631 loops=1)
                                       Filter: ((cs_wholesale_cost >= '84'::numeric) AND (cs_wholesale_cost <= '89'::numeric))
                                       Rows Removed by Filter: 136473668
                                       Buffers: shared hit=57871 read=3656509
                                 ->  Hash  (cost=16906.00..16906.00 rows=33517 width=21) (actual time=131.751..131.752 rows=33627 loops=1)
                                       Buckets: 65536  Batches: 1  Memory Usage: 2351kB
                                       Buffers: shared hit=14355 read=1
                                       ->  Seq Scan on item  (cost=0.00..16906.00 rows=33517 width=21) (actual time=0.038..123.638 rows=33627 loops=1)
                                             Filter: (i_category = 'Shoes'::bpchar)
                                             Rows Removed by Filter: 170373
                                             Buffers: shared hit=14355 read=1
                           ->  Memoize  (cost=0.30..7.22 rows=1 width=4) (actual time=0.000..0.000 rows=0 loops=946499)
                                 Cache Key: catalog_sales.cs_sold_date_sk
                                 Cache Mode: logical
                                 Hits: 944361  Misses: 2138  Evictions: 0  Overflows: 0  Memory Usage: 155kB
                                 Buffers: shared hit=6411
                                 ->  Index Scan using date_dim_pkey on date_dim  (cost=0.29..7.21 rows=1 width=4) (actual time=0.012..0.012 rows=0 loops=2138)
                                       Index Cond: (d_date_sk = catalog_sales.cs_sold_date_sk)
                                       Filter: (d_year = 1998)
                                       Rows Removed by Filter: 1
                                       Buffers: shared hit=6411
                     ->  Index Scan using customer_demographics_pkey on customer_demographics  (cost=0.43..7.36 rows=1 width=8) (actual time=0.012..0.012 rows=0 loops=171615)
                           Index Cond: (cd_demo_sk = catalog_sales.cs_bill_cdemo_sk)
                           Filter: ((cd_gender = 'M'::bpchar) AND (cd_education_status = 'Advanced Degree'::bpchar))
                           Rows Removed by Filter: 1
                           Buffers: shared hit=669540 read=15992
               ->  Index Scan using customer_pkey on customer  (cost=0.43..7.35 rows=1 width=12) (actual time=0.015..0.015 rows=0 loops=9232)
                     Index Cond: (c_customer_sk = catalog_sales.cs_bill_customer_sk)
                     Filter: (c_birth_month = 8)
                     Rows Removed by Filter: 1
                     Buffers: shared hit=30159 read=6761
         ->  Index Scan using customer_address_pkey on customer_address  (cost=0.42..7.36 rows=1 width=35) (actual time=0.018..0.018 rows=0 loops=1112)
               Index Cond: (ca_address_sk = customer.c_current_addr_sk)
               Filter: (ca_state = ANY ('{GA,KY,NJ}'::bpchar[]))
               Rows Removed by Filter: 1
               Buffers: shared hit=2414 read=2034
 Planning:
   Buffers: shared hit=454
 Planning Time: 5.704 ms
 Execution Time: 46535.293 ms
(53 rows)

