                                                                            QUERY PLAN                                                                            
------------------------------------------------------------------------------------------------------------------------------------------------------------------
 Aggregate  (cost=5960055.40..5960055.41 rows=1 width=268) (actual time=43049.529..43049.534 rows=1 loops=1)
   Buffers: shared hit=390316 read=3716059
   ->  Nested Loop  (cost=17242.40..5960055.37 rows=1 width=81) (actual time=11404.501..43049.134 rows=63 loops=1)
         Buffers: shared hit=390316 read=3716059
         ->  Nested Loop  (cost=17241.97..5959959.75 rows=13 width=81) (actual time=11315.778..43043.575 rows=397 loops=1)
               Buffers: shared hit=388795 read=3715996
               ->  Nested Loop  (cost=17241.54..5958355.59 rows=218 width=54) (actual time=11309.233..42957.572 rows=5950 loops=1)
                     Buffers: shared hit=375526 read=3705465
                     ->  Nested Loop  (cost=17241.12..5935336.27 rows=3130 width=50) (actual time=11308.649..42075.703 rows=86558 loops=1)
                           Buffers: shared hit=46521 read=3688626
                           ->  Hash Join  (cost=17240.81..5904264.14 rows=631501 width=54) (actual time=136.870..41907.586 rows=468558 loops=1)
                                 Hash Cond: (catalog_sales.cs_item_sk = item.i_item_sk)
                                 Buffers: shared hit=40110 read=3688626
                                 ->  Seq Scan on catalog_sales  (cost=0.00..5874397.76 rows=4809639 width=41) (actual time=0.056..40681.064 rows=4933013 loops=1)
                                       Filter: ((cs_wholesale_cost >= '90'::numeric) AND (cs_wholesale_cost <= '95'::numeric))
                                       Rows Removed by Filter: 139059286
                                       Buffers: shared hit=34178 read=3680202
                                 ->  Hash  (cost=16906.00..16906.00 rows=26785 width=21) (actual time=136.430..136.431 rows=26695 loops=1)
                                       Buckets: 32768  Batches: 1  Memory Usage: 1716kB
                                       Buffers: shared hit=5932 read=8424
                                       ->  Seq Scan on item  (cost=0.00..16906.00 rows=26785 width=21) (actual time=0.021..130.297 rows=26695 loops=1)
                                             Filter: (i_category = 'Children'::bpchar)
                                             Rows Removed by Filter: 177305
                                             Buffers: shared hit=5932 read=8424
                           ->  Memoize  (cost=0.30..7.22 rows=1 width=4) (actual time=0.000..0.000 rows=0 loops=468558)
                                 Cache Key: catalog_sales.cs_sold_date_sk
                                 Cache Mode: logical
                                 Hits: 466420  Misses: 2138  Evictions: 0  Overflows: 0  Memory Usage: 155kB
                                 Buffers: shared hit=6411
                                 ->  Index Scan using date_dim_pkey on date_dim  (cost=0.29..7.21 rows=1 width=4) (actual time=0.012..0.012 rows=0 loops=2138)
                                       Index Cond: (d_date_sk = catalog_sales.cs_sold_date_sk)
                                       Filter: (d_year = 2000)
                                       Rows Removed by Filter: 1
                                       Buffers: shared hit=6411
                     ->  Index Scan using customer_pkey on customer  (cost=0.43..7.35 rows=1 width=12) (actual time=0.010..0.010 rows=0 loops=86558)
                           Index Cond: (c_customer_sk = catalog_sales.cs_bill_customer_sk)
                           Filter: (c_birth_month = 12)
                           Rows Removed by Filter: 1
                           Buffers: shared hit=329005 read=16839
               ->  Index Scan using customer_address_pkey on customer_address  (cost=0.42..7.36 rows=1 width=35) (actual time=0.014..0.014 rows=0 loops=5950)
                     Index Cond: (ca_address_sk = customer.c_current_addr_sk)
                     Filter: (ca_state = ANY ('{NY,OK,WI}'::bpchar[]))
                     Rows Removed by Filter: 1
                     Buffers: shared hit=13269 read=10531
         ->  Index Scan using customer_demographics_pkey on customer_demographics  (cost=0.43..7.36 rows=1 width=8) (actual time=0.013..0.013 rows=0 loops=397)
               Index Cond: (cd_demo_sk = catalog_sales.cs_bill_cdemo_sk)
               Filter: ((cd_gender = 'M'::bpchar) AND (cd_education_status = 'Unknown'::bpchar))
               Rows Removed by Filter: 1
               Buffers: shared hit=1521 read=63
 Planning:
   Buffers: shared hit=405 read=49
 Planning Time: 5.155 ms
 Execution Time: 43050.217 ms
(53 rows)

