                                                                        QUERY PLAN                                                                        
----------------------------------------------------------------------------------------------------------------------------------------------------------
 Aggregate  (cost=5984151.72..5984151.73 rows=1 width=268) (actual time=45123.735..45123.738 rows=1 loops=1)
   Buffers: shared hit=62210 read=3652170
   ->  Nested Loop  (cost=0.43..5984151.70 rows=1 width=81) (actual time=45123.731..45123.733 rows=0 loops=1)
         Join Filter: (catalog_sales.cs_item_sk = item.i_item_sk)
         Buffers: shared hit=62210 read=3652170
         ->  Nested Loop  (cost=0.43..5966972.60 rows=1 width=68) (actual time=45123.730..45123.732 rows=0 loops=1)
               Join Filter: (date_dim.d_date_sk = catalog_sales.cs_sold_date_sk)
               Buffers: shared hit=62210 read=3652170
               ->  Nested Loop  (cost=0.43..5964580.96 rows=1 width=72) (actual time=45123.730..45123.731 rows=0 loops=1)
                     Join Filter: (customer_address.ca_address_sk = customer.c_current_addr_sk)
                     Buffers: shared hit=62210 read=3652170
                     ->  Nested Loop  (cost=0.43..5927406.71 rows=1 width=45) (actual time=45123.730..45123.731 rows=0 loops=1)
                           Buffers: shared hit=62210 read=3652170
                           ->  Nested Loop  (cost=0.00..5927398.26 rows=1 width=41) (actual time=45123.729..45123.730 rows=0 loops=1)
                                 Join Filter: (customer_demographics.cd_demo_sk = catalog_sales.cs_bill_cdemo_sk)
                                 Buffers: shared hit=62210 read=3652170
                                 ->  Seq Scan on catalog_sales  (cost=0.00..5874397.76 rows=1 width=41) (actual time=45123.728..45123.729 rows=0 loops=1)
                                       Filter: ((cs_wholesale_cost >= '22'::numeric) AND (cs_wholesale_cost <= '27'::numeric))
                                       Rows Removed by Filter: 143992299
                                       Buffers: shared hit=62210 read=3652170
                                 ->  Seq Scan on customer_demographics  (cost=0.00..51225.00 rows=142040 width=8) (never executed)
                                       Filter: ((cd_gender = 'F'::bpchar) AND (cd_education_status = '4 yr Degree'::bpchar))
                           ->  Index Scan using customer_pkey on customer  (cost=0.43..8.45 rows=1 width=12) (never executed)
                                 Index Cond: (c_customer_sk = catalog_sales.cs_bill_customer_sk)
                                 Filter: (c_birth_month = 6)
                     ->  Seq Scan on customer_address  (cost=0.00..36288.00 rows=70900 width=35) (never executed)
                           Filter: (ca_state = ANY ('{ID,MS,NC}'::bpchar[]))
               ->  Seq Scan on date_dim  (cost=0.00..2387.11 rows=362 width=4) (never executed)
                     Filter: (d_year = 1998)
         ->  Seq Scan on item  (cost=0.00..16906.00 rows=21848 width=21) (never executed)
               Filter: (i_category = 'Sports'::bpchar)
 Planning:
   Buffers: shared hit=454
 Planning Time: 5.525 ms
 Execution Time: 45124.149 ms
(35 rows)

