                                                                               QUERY PLAN                                                                               
------------------------------------------------------------------------------------------------------------------------------------------------------------------------
 Aggregate  (cost=6014477.81..6014477.82 rows=1 width=268) (actual time=49315.393..49315.400 rows=1 loops=1)
   Buffers: shared hit=937224 read=3795007
   ->  Nested Loop  (cost=17437.73..6014477.73 rows=3 width=81) (actual time=166.696..49314.498 rows=149 loops=1)
         Buffers: shared hit=937224 read=3795007
         ->  Nested Loop  (cost=17437.31..6014227.54 rows=34 width=54) (actual time=151.366..49268.953 rows=2261 loops=1)
               Buffers: shared hit=931802 read=3791385
               ->  Nested Loop  (cost=17436.88..6010682.00 rows=482 width=54) (actual time=151.338..49017.305 rows=15659 loops=1)
                     Buffers: shared hit=872849 read=3787758
                     ->  Nested Loop  (cost=17436.45..5959724.26 rows=6929 width=50) (actual time=151.141..45792.969 rows=231667 loops=1)
                           Buffers: shared hit=8761 read=3726386
                           ->  Hash Join  (cost=17436.15..5909487.02 rows=1398111 width=54) (actual time=151.101..45351.606 rows=1466761 loops=1)
                                 Hash Cond: (catalog_sales.cs_item_sk = item.i_item_sk)
                                 Buffers: shared hit=2350 read=3726386
                                 ->  Seq Scan on catalog_sales  (cost=0.00..5874397.76 rows=6724855 width=41) (actual time=0.058..43582.778 rows=6763882 loops=1)
                                       Filter: ((cs_wholesale_cost >= '73'::numeric) AND (cs_wholesale_cost <= '78'::numeric))
                                       Rows Removed by Filter: 137228417
                                       Buffers: shared hit=179 read=3714201
                                 ->  Hash  (cost=16906.00..16906.00 rows=42412 width=21) (actual time=150.367..150.368 rows=42041 loops=1)
                                       Buckets: 65536  Batches: 1  Memory Usage: 2812kB
                                       Buffers: shared hit=2171 read=12185
                                       ->  Seq Scan on item  (cost=0.00..16906.00 rows=42412 width=21) (actual time=0.130..139.770 rows=42041 loops=1)
                                             Filter: (i_category = 'Electronics'::bpchar)
                                             Rows Removed by Filter: 161959
                                             Buffers: shared hit=2171 read=12185
                           ->  Memoize  (cost=0.30..7.22 rows=1 width=4) (actual time=0.000..0.000 rows=0 loops=1466761)
                                 Cache Key: catalog_sales.cs_sold_date_sk
                                 Cache Mode: logical
                                 Hits: 1464623  Misses: 2138  Evictions: 0  Overflows: 0  Memory Usage: 155kB
                                 Buffers: shared hit=6411
                                 ->  Index Scan using date_dim_pkey on date_dim  (cost=0.29..7.21 rows=1 width=4) (actual time=0.013..0.013 rows=0 loops=2138)
                                       Index Cond: (d_date_sk = catalog_sales.cs_sold_date_sk)
                                       Filter: (d_year = 1998)
                                       Rows Removed by Filter: 1
                                       Buffers: shared hit=6411
                     ->  Index Scan using customer_pkey on customer  (cost=0.43..7.35 rows=1 width=12) (actual time=0.014..0.014 rows=0 loops=231667)
                           Index Cond: (c_customer_sk = catalog_sales.cs_bill_customer_sk)
                           Filter: (c_birth_month = 12)
                           Rows Removed by Filter: 1
                           Buffers: shared hit=864088 read=61372
               ->  Index Scan using customer_demographics_pkey on customer_demographics  (cost=0.43..7.36 rows=1 width=8) (actual time=0.016..0.016 rows=0 loops=15659)
                     Index Cond: (cd_demo_sk = catalog_sales.cs_bill_cdemo_sk)
                     Filter: ((cd_gender = 'M'::bpchar) AND (cd_education_status = 'Unknown'::bpchar))
                     Rows Removed by Filter: 1
                     Buffers: shared hit=58953 read=3627
         ->  Index Scan using customer_address_pkey on customer_address  (cost=0.42..7.36 rows=1 width=35) (actual time=0.020..0.020 rows=0 loops=2261)
               Index Cond: (ca_address_sk = customer.c_current_addr_sk)
               Filter: (ca_state = ANY ('{AR,MN,NC}'::bpchar[]))
               Rows Removed by Filter: 1
               Buffers: shared hit=5422 read=3622
 Planning:
   Buffers: shared hit=454
 Planning Time: 4.418 ms
 Execution Time: 49316.105 ms
(53 rows)

