                                                                             QUERY PLAN                                                                             
--------------------------------------------------------------------------------------------------------------------------------------------------------------------
 Aggregate  (cost=6000362.93..6000362.94 rows=1 width=268) (actual time=50357.176..50357.181 rows=1 loops=1)
   Buffers: shared hit=737932 read=3781959
   ->  Nested Loop  (cost=17045.03..6000362.90 rows=1 width=81) (actual time=20786.300..50356.898 rows=43 loops=1)
         Buffers: shared hit=737932 read=3781959
         ->  Nested Loop  (cost=17044.61..6000296.70 rows=9 width=81) (actual time=20635.401..50351.815 rows=373 loops=1)
               Buffers: shared hit=736473 read=3781934
               ->  Nested Loop  (cost=17044.18..5999316.87 rows=133 width=54) (actual time=20596.014..50257.655 rows=6390 loops=1)
                     Buffers: shared hit=721247 read=3771600
                     ->  Nested Loop  (cost=17043.75..5968679.84 rows=4166 width=50) (actual time=20594.291..48339.792 rows=189658 loops=1)
                           Buffers: shared hit=19848 read=3715299
                           ->  Hash Join  (cost=17043.45..5932379.79 rows=840619 width=54) (actual time=133.712..48029.339 rows=936559 loops=1)
                                 Hash Cond: (catalog_sales.cs_item_sk = item.i_item_sk)
                                 Buffers: shared hit=13437 read=3715299
                                 ->  Seq Scan on catalog_sales  (cost=0.00..5874397.76 rows=15595328 width=41) (actual time=0.080..45504.736 rows=15696054 loops=1)
                                       Filter: ((cs_wholesale_cost >= '24'::numeric) AND (cs_wholesale_cost <= '29'::numeric))
                                       Rows Removed by Filter: 128296245
                                       Buffers: shared hit=13433 read=3700947
                                 ->  Hash  (cost=16906.00..16906.00 rows=10996 width=21) (actual time=133.427..133.428 rows=11037 loops=1)
                                       Buckets: 16384  Batches: 1  Memory Usage: 732kB
                                       Buffers: shared hit=4 read=14352
                                       ->  Seq Scan on item  (cost=0.00..16906.00 rows=10996 width=21) (actual time=0.303..130.275 rows=11037 loops=1)
                                             Filter: (i_category = 'Women'::bpchar)
                                             Rows Removed by Filter: 192963
                                             Buffers: shared hit=4 read=14352
                           ->  Memoize  (cost=0.30..7.22 rows=1 width=4) (actual time=0.000..0.000 rows=0 loops=936559)
                                 Cache Key: catalog_sales.cs_sold_date_sk
                                 Cache Mode: logical
                                 Hits: 934421  Misses: 2138  Evictions: 0  Overflows: 0  Memory Usage: 155kB
                                 Buffers: shared hit=6411
                                 ->  Index Scan using date_dim_pkey on date_dim  (cost=0.29..7.21 rows=1 width=4) (actual time=0.012..0.012 rows=0 loops=2138)
                                       Index Cond: (d_date_sk = catalog_sales.cs_sold_date_sk)
                                       Filter: (d_year = 2001)
                                       Rows Removed by Filter: 1
                                       Buffers: shared hit=6411
                     ->  Index Scan using customer_pkey on customer  (cost=0.43..7.35 rows=1 width=12) (actual time=0.010..0.010 rows=0 loops=189658)
                           Index Cond: (c_customer_sk = catalog_sales.cs_bill_customer_sk)
                           Filter: (c_birth_month = 6)
                           Rows Removed by Filter: 1
                           Buffers: shared hit=701399 read=56301
               ->  Index Scan using customer_address_pkey on customer_address  (cost=0.42..7.37 rows=1 width=35) (actual time=0.014..0.014 rows=0 loops=6390)
                     Index Cond: (ca_address_sk = customer.c_current_addr_sk)
                     Filter: (ca_state = ANY ('{CO,MN,OK}'::bpchar[]))
                     Rows Removed by Filter: 1
                     Buffers: shared hit=15226 read=10334
         ->  Index Scan using customer_demographics_pkey on customer_demographics  (cost=0.43..7.36 rows=1 width=8) (actual time=0.012..0.012 rows=0 loops=373)
               Index Cond: (cd_demo_sk = catalog_sales.cs_bill_cdemo_sk)
               Filter: ((cd_gender = 'M'::bpchar) AND (cd_education_status = '4 yr Degree'::bpchar))
               Rows Removed by Filter: 1
               Buffers: shared hit=1459 read=25
 Planning:
   Buffers: shared hit=454
 Planning Time: 6.185 ms
 Execution Time: 50357.959 ms
(53 rows)

