                                                                                  QUERY PLAN                                                                                  
------------------------------------------------------------------------------------------------------------------------------------------------------------------------------
 Aggregate  (cost=5908750.35..5908750.36 rows=1 width=268) (actual time=45581.155..45581.160 rows=1 loops=1)
   Buffers: shared hit=229794 read=3685112
   ->  Nested Loop  (cost=19829.07..5908750.32 rows=1 width=81) (actual time=19541.456..45581.043 rows=16 loops=1)
         Buffers: shared hit=229794 read=3685112
         ->  Nested Loop  (cost=19828.64..5908691.46 rows=8 width=54) (actual time=19378.173..45573.915 rows=372 loops=1)
               Buffers: shared hit=228910 read=3684508
               ->  Nested Loop  (cost=19828.22..5908000.01 rows=94 width=50) (actual time=19342.883..45512.229 rows=4341 loops=1)
                     Buffers: shared hit=212821 read=3683245
                     ->  Hash Join  (cost=19827.79..5898289.32 rows=1320 width=50) (actual time=19338.921..45045.775 rows=41506 loops=1)
                           Hash Cond: (catalog_sales.cs_sold_date_sk = date_dim.d_date_sk)
                           Buffers: shared hit=50098 read=3680112
                           ->  Hash Join  (cost=17436.15..5895198.21 rows=266449 width=54) (actual time=164.926..44981.560 rows=263335 loops=1)
                                 Hash Cond: (catalog_sales.cs_item_sk = item.i_item_sk)
                                 Buffers: shared hit=50056 read=3678680
                                 ->  Seq Scan on catalog_sales  (cost=0.00..5874397.76 rows=1281611 width=41) (actual time=0.086..44463.557 rows=1213654 loops=1)
                                       Filter: ((cs_wholesale_cost >= '20'::numeric) AND (cs_wholesale_cost <= '25'::numeric))
                                       Rows Removed by Filter: 142778645
                                       Buffers: shared hit=50053 read=3664327
                                 ->  Hash  (cost=16906.00..16906.00 rows=42412 width=21) (actual time=164.599..164.600 rows=42041 loops=1)
                                       Buckets: 65536  Batches: 1  Memory Usage: 2812kB
                                       Buffers: shared hit=3 read=14353
                                       ->  Seq Scan on item  (cost=0.00..16906.00 rows=42412 width=21) (actual time=0.018..152.996 rows=42041 loops=1)
                                             Filter: (i_category = 'Electronics'::bpchar)
                                             Rows Removed by Filter: 161959
                                             Buffers: shared hit=3 read=14353
                           ->  Hash  (cost=2387.11..2387.11 rows=362 width=4) (actual time=32.067..32.067 rows=365 loops=1)
                                 Buckets: 1024  Batches: 1  Memory Usage: 21kB
                                 Buffers: shared hit=42 read=1432
                                 ->  Seq Scan on date_dim  (cost=0.00..2387.11 rows=362 width=4) (actual time=19.382..31.994 rows=365 loops=1)
                                       Filter: (d_year = 2001)
                                       Rows Removed by Filter: 72684
                                       Buffers: shared hit=42 read=1432
                     ->  Index Scan using customer_demographics_pkey on customer_demographics  (cost=0.43..7.36 rows=1 width=8) (actual time=0.011..0.011 rows=0 loops=41506)
                           Index Cond: (cd_demo_sk = catalog_sales.cs_bill_cdemo_sk)
                           Filter: ((cd_gender = 'M'::bpchar) AND (cd_education_status = 'College'::bpchar))
                           Rows Removed by Filter: 1
                           Buffers: shared hit=162723 read=3133
               ->  Index Scan using customer_pkey on customer  (cost=0.43..7.36 rows=1 width=12) (actual time=0.014..0.014 rows=0 loops=4341)
                     Index Cond: (c_customer_sk = catalog_sales.cs_bill_customer_sk)
                     Filter: (c_birth_month = 11)
                     Rows Removed by Filter: 1
                     Buffers: shared hit=16089 read=1263
         ->  Index Scan using customer_address_pkey on customer_address  (cost=0.42..7.36 rows=1 width=35) (actual time=0.018..0.018 rows=0 loops=372)
               Index Cond: (ca_address_sk = customer.c_current_addr_sk)
               Filter: (ca_state = ANY ('{AZ,TX,VA}'::bpchar[]))
               Rows Removed by Filter: 1
               Buffers: shared hit=884 read=604
 Planning:
   Buffers: shared hit=407 read=47
 Planning Time: 5.827 ms
 Execution Time: 45581.728 ms
(51 rows)

