                                                                               QUERY PLAN                                                                               
------------------------------------------------------------------------------------------------------------------------------------------------------------------------
 Aggregate  (cost=6040925.31..6040925.32 rows=1 width=268) (actual time=51776.107..51776.112 rows=1 loops=1)
   Buffers: shared hit=1148674 read=3795881
   ->  Nested Loop  (cost=17437.73..6040925.20 rows=4 width=81) (actual time=508.686..51775.980 rows=17 loops=1)
         Buffers: shared hit=1148674 read=3795881
         ->  Nested Loop  (cost=17437.31..6040733.73 rows=26 width=54) (actual time=252.029..51767.310 rows=383 loops=1)
               Buffers: shared hit=1147794 read=3795229
               ->  Nested Loop  (cost=17436.88..6038173.90 rows=348 width=54) (actual time=156.812..51570.016 rows=11541 loops=1)
                     Buffers: shared hit=1103774 read=3793137
                     ->  Nested Loop  (cost=17436.45..5973692.32 rows=8768 width=50) (actual time=156.675..47027.572 rows=290799 loops=1)
                           Buffers: shared hit=21161 read=3713986
                           ->  Hash Join  (cost=17436.15..5914174.36 rows=1769343 width=54) (actual time=156.644..46474.993 rows=1842720 loops=1)
                                 Hash Cond: (catalog_sales.cs_item_sk = item.i_item_sk)
                                 Buffers: shared hit=14750 read=3713986
                                 ->  Seq Scan on catalog_sales  (cost=0.00..5874397.76 rows=8510470 width=41) (actual time=0.086..44329.433 rows=8494738 loops=1)
                                       Filter: ((cs_wholesale_cost >= '66'::numeric) AND (cs_wholesale_cost <= '71'::numeric))
                                       Rows Removed by Filter: 135497561
                                       Buffers: shared hit=394 read=3713986
                                 ->  Hash  (cost=16906.00..16906.00 rows=42412 width=21) (actual time=155.962..155.962 rows=42041 loops=1)
                                       Buckets: 65536  Batches: 1  Memory Usage: 2812kB
                                       Buffers: shared hit=14356
                                       ->  Seq Scan on item  (cost=0.00..16906.00 rows=42412 width=21) (actual time=0.026..146.074 rows=42041 loops=1)
                                             Filter: (i_category = 'Electronics'::bpchar)
                                             Rows Removed by Filter: 161959
                                             Buffers: shared hit=14356
                           ->  Memoize  (cost=0.30..7.22 rows=1 width=4) (actual time=0.000..0.000 rows=0 loops=1842720)
                                 Cache Key: catalog_sales.cs_sold_date_sk
                                 Cache Mode: logical
                                 Hits: 1840582  Misses: 2138  Evictions: 0  Overflows: 0  Memory Usage: 155kB
                                 Buffers: shared hit=6411
                                 ->  Index Scan using date_dim_pkey on date_dim  (cost=0.29..7.21 rows=1 width=4) (actual time=0.013..0.013 rows=0 loops=2138)
                                       Index Cond: (d_date_sk = catalog_sales.cs_sold_date_sk)
                                       Filter: (d_year = 1998)
                                       Rows Removed by Filter: 1
                                       Buffers: shared hit=6411
                     ->  Index Scan using customer_pkey on customer  (cost=0.43..7.35 rows=1 width=12) (actual time=0.015..0.015 rows=0 loops=290799)
                           Index Cond: (c_customer_sk = catalog_sales.cs_bill_customer_sk)
                           Filter: (c_birth_month = 9)
                           Rows Removed by Filter: 1
                           Buffers: shared hit=1082613 read=79151
               ->  Index Scan using customer_demographics_pkey on customer_demographics  (cost=0.43..7.36 rows=1 width=8) (actual time=0.017..0.017 rows=0 loops=11541)
                     Index Cond: (cd_demo_sk = catalog_sales.cs_bill_cdemo_sk)
                     Filter: ((cd_gender = 'F'::bpchar) AND (cd_education_status = '4 yr Degree'::bpchar))
                     Rows Removed by Filter: 1
                     Buffers: shared hit=44020 read=2092
         ->  Index Scan using customer_address_pkey on customer_address  (cost=0.42..7.36 rows=1 width=35) (actual time=0.022..0.022 rows=0 loops=383)
               Index Cond: (ca_address_sk = customer.c_current_addr_sk)
               Filter: (ca_state = ANY ('{IA,IL,TX}'::bpchar[]))
               Rows Removed by Filter: 1
               Buffers: shared hit=880 read=652
 Planning:
   Buffers: shared hit=454
 Planning Time: 4.732 ms
 Execution Time: 51776.798 ms
(53 rows)

