                                                                                  QUERY PLAN                                                                                  
------------------------------------------------------------------------------------------------------------------------------------------------------------------------------
 Aggregate  (cost=5932252.78..5932252.79 rows=1 width=268) (actual time=46411.257..46411.262 rows=1 loops=1)
   Buffers: shared hit=258677 read=3685050
   ->  Nested Loop  (cost=17119.15..5932252.75 rows=1 width=81) (actual time=192.494..46411.092 rows=23 loops=1)
         Buffers: shared hit=258677 read=3685050
         ->  Nested Loop  (cost=17118.72..5932135.08 rows=16 width=54) (actual time=182.800..46403.740 rows=397 loops=1)
               Buffers: shared hit=257848 read=3684291
               ->  Nested Loop  (cost=17118.29..5931451.10 rows=93 width=50) (actual time=133.497..46367.092 rows=2484 loops=1)
                     Buffers: shared hit=248775 read=3683432
                     ->  Nested Loop  (cost=17117.87..5921799.94 rows=1312 width=50) (actual time=133.426..45815.784 rows=49334 loops=1)
                           Buffers: shared hit=60606 read=3674541
                           ->  Hash Join  (cost=17117.56..5899894.57 rows=264829 width=54) (actual time=133.385..45626.036 rows=556501 loops=1)
                                 Hash Cond: (catalog_sales.cs_item_sk = item.i_item_sk)
                                 Buffers: shared hit=54195 read=3674541
                                 ->  Seq Scan on catalog_sales  (cost=0.00..5874397.76 rows=3192026 width=41) (actual time=0.032..44745.580 rows=3238451 loops=1)
                                       Filter: ((cs_wholesale_cost >= '32'::numeric) AND (cs_wholesale_cost <= '37'::numeric))
                                       Rows Removed by Filter: 140753848
                                       Buffers: shared hit=54195 read=3660185
                                 ->  Hash  (cost=16906.00..16906.00 rows=16925 width=21) (actual time=133.050..133.051 rows=17141 loops=1)
                                       Buckets: 32768  Batches: 1  Memory Usage: 1194kB
                                       Buffers: shared read=14356
                                       ->  Seq Scan on item  (cost=0.00..16906.00 rows=16925 width=21) (actual time=0.014..128.517 rows=17141 loops=1)
                                             Filter: (i_category = 'Home'::bpchar)
                                             Rows Removed by Filter: 186859
                                             Buffers: shared read=14356
                           ->  Memoize  (cost=0.30..7.22 rows=1 width=4) (actual time=0.000..0.000 rows=0 loops=556501)
                                 Cache Key: catalog_sales.cs_sold_date_sk
                                 Cache Mode: logical
                                 Hits: 554363  Misses: 2138  Evictions: 0  Overflows: 0  Memory Usage: 155kB
                                 Buffers: shared hit=6411
                                 ->  Index Scan using date_dim_pkey on date_dim  (cost=0.29..7.21 rows=1 width=4) (actual time=0.012..0.012 rows=0 loops=2138)
                                       Index Cond: (d_date_sk = catalog_sales.cs_sold_date_sk)
                                       Filter: (d_year = 1998)
                                       Rows Removed by Filter: 1
                                       Buffers: shared hit=6411
                     ->  Index Scan using customer_demographics_pkey on customer_demographics  (cost=0.43..7.36 rows=1 width=8) (actual time=0.011..0.011 rows=0 loops=49334)
                           Index Cond: (cd_demo_sk = catalog_sales.cs_bill_cdemo_sk)
                           Filter: ((cd_gender = 'F'::bpchar) AND (cd_education_status = 'College'::bpchar))
                           Rows Removed by Filter: 1
                           Buffers: shared hit=188169 read=8891
               ->  Index Scan using customer_pkey on customer  (cost=0.43..7.35 rows=1 width=12) (actual time=0.014..0.014 rows=0 loops=2484)
                     Index Cond: (c_customer_sk = catalog_sales.cs_bill_customer_sk)
                     Filter: (c_birth_month = 4)
                     Rows Removed by Filter: 1
                     Buffers: shared hit=9073 read=859
         ->  Index Scan using customer_address_pkey on customer_address  (cost=0.42..7.35 rows=1 width=35) (actual time=0.017..0.017 rows=0 loops=397)
               Index Cond: (ca_address_sk = customer.c_current_addr_sk)
               Filter: (ca_state = ANY ('{FL,NE,PA}'::bpchar[]))
               Rows Removed by Filter: 1
               Buffers: shared hit=829 read=759
 Planning:
   Buffers: shared hit=404 read=50
 Planning Time: 2.476 ms
 Execution Time: 46411.579 ms
(53 rows)

