                                                                                  QUERY PLAN                                                                                  
------------------------------------------------------------------------------------------------------------------------------------------------------------------------------
 Aggregate  (cost=5966162.81..5966162.82 rows=1 width=268) (actual time=43250.715..43250.719 rows=1 loops=1)
   Buffers: shared hit=408032 read=3671383
   ->  Nested Loop  (cost=17242.40..5966162.67 rows=5 width=81) (actual time=133.284..43250.512 rows=32 loops=1)
         Buffers: shared hit=408032 read=3671383
         ->  Nested Loop  (cost=17241.97..5965912.60 rows=34 width=54) (actual time=133.246..43239.891 rows=616 loops=1)
               Buffers: shared hit=406757 read=3670194
               ->  Nested Loop  (cost=17241.54..5964103.43 rows=246 width=50) (actual time=122.640..43182.557 rows=4336 loops=1)
                     Buffers: shared hit=391711 read=3667912
                     ->  Nested Loop  (cost=17241.12..5938512.16 rows=3479 width=50) (actual time=119.617..42400.154 rows=81211 loops=1)
                           Buffers: shared hit=80393 read=3654754
                           ->  Hash Join  (cost=17240.81..5905675.38 rows=702088 width=54) (actual time=119.573..42213.356 rows=520770 loops=1)
                                 Hash Cond: (catalog_sales.cs_item_sk = item.i_item_sk)
                                 Buffers: shared hit=73982 read=3654754
                                 ->  Seq Scan on catalog_sales  (cost=0.00..5874397.76 rows=5347244 width=41) (actual time=0.044..40876.264 rows=5484290 loops=1)
                                       Filter: ((cs_wholesale_cost >= '95'::numeric) AND (cs_wholesale_cost <= '100'::numeric))
                                       Rows Removed by Filter: 138508009
                                       Buffers: shared hit=59626 read=3654754
                                 ->  Hash  (cost=16906.00..16906.00 rows=26785 width=21) (actual time=119.176..119.176 rows=26695 loops=1)
                                       Buckets: 32768  Batches: 1  Memory Usage: 1716kB
                                       Buffers: shared hit=14356
                                       ->  Seq Scan on item  (cost=0.00..16906.00 rows=26785 width=21) (actual time=0.023..113.667 rows=26695 loops=1)
                                             Filter: (i_category = 'Children'::bpchar)
                                             Rows Removed by Filter: 177305
                                             Buffers: shared hit=14356
                           ->  Memoize  (cost=0.30..7.22 rows=1 width=4) (actual time=0.000..0.000 rows=0 loops=520770)
                                 Cache Key: catalog_sales.cs_sold_date_sk
                                 Cache Mode: logical
                                 Hits: 518632  Misses: 2138  Evictions: 0  Overflows: 0  Memory Usage: 155kB
                                 Buffers: shared hit=6411
                                 ->  Index Scan using date_dim_pkey on date_dim  (cost=0.29..7.21 rows=1 width=4) (actual time=0.012..0.012 rows=0 loops=2138)
                                       Index Cond: (d_date_sk = catalog_sales.cs_sold_date_sk)
                                       Filter: (d_year = 1998)
                                       Rows Removed by Filter: 1
                                       Buffers: shared hit=6411
                     ->  Index Scan using customer_demographics_pkey on customer_demographics  (cost=0.43..7.36 rows=1 width=8) (actual time=0.009..0.009 rows=0 loops=81211)
                           Index Cond: (cd_demo_sk = catalog_sales.cs_bill_cdemo_sk)
                           Filter: ((cd_gender = 'M'::bpchar) AND (cd_education_status = 'Advanced Degree'::bpchar))
                           Rows Removed by Filter: 1
                           Buffers: shared hit=311318 read=13158
               ->  Index Scan using customer_pkey on customer  (cost=0.43..7.35 rows=1 width=12) (actual time=0.013..0.013 rows=0 loops=4336)
                     Index Cond: (c_customer_sk = catalog_sales.cs_bill_customer_sk)
                     Filter: (c_birth_month = 10)
                     Rows Removed by Filter: 1
                     Buffers: shared hit=15046 read=2282
         ->  Index Scan using customer_address_pkey on customer_address  (cost=0.42..7.35 rows=1 width=35) (actual time=0.016..0.016 rows=0 loops=616)
               Index Cond: (ca_address_sk = customer.c_current_addr_sk)
               Filter: (ca_state = ANY ('{GA,MT,TX}'::bpchar[]))
               Rows Removed by Filter: 1
               Buffers: shared hit=1275 read=1189
 Planning:
   Buffers: shared hit=454
 Planning Time: 4.471 ms
 Execution Time: 43251.370 ms
(53 rows)

