                                                                              QUERY PLAN                                                                               
-----------------------------------------------------------------------------------------------------------------------------------------------------------------------
 Aggregate  (cost=5990632.44..5990632.45 rows=1 width=268) (actual time=47145.541..47145.547 rows=1 loops=1)
   Buffers: shared hit=605250 read=3785169
   ->  Nested Loop  (cost=17119.15..5990632.38 rows=2 width=81) (actual time=6401.282..47145.475 rows=8 loops=1)
         Buffers: shared hit=605250 read=3785169
         ->  Nested Loop  (cost=17118.72..5990499.90 rows=18 width=54) (actual time=6057.701..47141.458 rows=191 loops=1)
               Buffers: shared hit=604855 read=3784800
               ->  Nested Loop  (cost=17118.29..5988653.59 rows=251 width=54) (actual time=5971.982..47033.970 rows=8884 loops=1)
                     Buffers: shared hit=570713 read=3783426
                     ->  Nested Loop  (cost=17117.87..5956604.26 rows=4358 width=50) (actual time=5971.169..45156.791 rows=154937 loops=1)
                           Buffers: shared hit=47681 read=3687466
                           ->  Hash Join  (cost=17117.56..5919336.93 rows=879311 width=54) (actual time=114.515..44650.489 rows=1768937 loops=1)
                                 Hash Cond: (catalog_sales.cs_item_sk = item.i_item_sk)
                                 Buffers: shared hit=41270 read=3687466
                                 ->  Seq Scan on catalog_sales  (cost=0.00..5874397.76 rows=10598487 width=41) (actual time=0.057..42515.151 rows=10312840 loops=1)
                                       Filter: ((cs_wholesale_cost >= '86'::numeric) AND (cs_wholesale_cost <= '91'::numeric))
                                       Rows Removed by Filter: 133679459
                                       Buffers: shared hit=26914 read=3687466
                                 ->  Hash  (cost=16906.00..16906.00 rows=16925 width=21) (actual time=114.020..114.020 rows=17141 loops=1)
                                       Buckets: 32768  Batches: 1  Memory Usage: 1194kB
                                       Buffers: shared hit=14356
                                       ->  Seq Scan on item  (cost=0.00..16906.00 rows=16925 width=21) (actual time=0.026..110.352 rows=17141 loops=1)
                                             Filter: (i_category = 'Home'::bpchar)
                                             Rows Removed by Filter: 186859
                                             Buffers: shared hit=14356
                           ->  Memoize  (cost=0.30..7.22 rows=1 width=4) (actual time=0.000..0.000 rows=0 loops=1768937)
                                 Cache Key: catalog_sales.cs_sold_date_sk
                                 Cache Mode: logical
                                 Hits: 1766799  Misses: 2138  Evictions: 0  Overflows: 0  Memory Usage: 155kB
                                 Buffers: shared hit=6411
                                 ->  Index Scan using date_dim_pkey on date_dim  (cost=0.29..7.21 rows=1 width=4) (actual time=0.012..0.012 rows=0 loops=2138)
                                       Index Cond: (d_date_sk = catalog_sales.cs_sold_date_sk)
                                       Filter: (d_year = 1999)
                                       Rows Removed by Filter: 1
                                       Buffers: shared hit=6411
                     ->  Index Scan using customer_pkey on customer  (cost=0.43..7.35 rows=1 width=12) (actual time=0.012..0.012 rows=0 loops=154937)
                           Index Cond: (c_customer_sk = catalog_sales.cs_bill_customer_sk)
                           Filter: (c_birth_month = 3)
                           Rows Removed by Filter: 1
                           Buffers: shared hit=523032 read=95960
               ->  Index Scan using customer_demographics_pkey on customer_demographics  (cost=0.43..7.36 rows=1 width=8) (actual time=0.012..0.012 rows=0 loops=8884)
                     Index Cond: (cd_demo_sk = catalog_sales.cs_bill_cdemo_sk)
                     Filter: ((cd_gender = 'F'::bpchar) AND (cd_education_status = 'Primary'::bpchar))
                     Rows Removed by Filter: 1
                     Buffers: shared hit=34142 read=1374
         ->  Index Scan using customer_address_pkey on customer_address  (cost=0.42..7.36 rows=1 width=35) (actual time=0.020..0.020 rows=0 loops=191)
               Index Cond: (ca_address_sk = customer.c_current_addr_sk)
               Filter: (ca_state = ANY ('{LA,MT,TX}'::bpchar[]))
               Rows Removed by Filter: 1
               Buffers: shared hit=395 read=369
 Planning:
   Buffers: shared hit=454
 Planning Time: 4.426 ms
 Execution Time: 47146.194 ms
(53 rows)

