                                                                                  QUERY PLAN                                                                                  
------------------------------------------------------------------------------------------------------------------------------------------------------------------------------
 Aggregate  (cost=5957775.59..5957775.60 rows=1 width=268) (actual time=43141.414..43141.419 rows=1 loops=1)
   Buffers: shared hit=311039 read=3671464
   ->  Nested Loop  (cost=17180.68..5957775.56 rows=1 width=81) (actual time=27172.651..43141.336 rows=10 loops=1)
         Buffers: shared hit=311039 read=3671464
         ->  Nested Loop  (cost=17180.26..5957628.43 rows=20 width=54) (actual time=25412.236..43137.405 rows=193 loops=1)
               Buffers: shared hit=310645 read=3671086
               ->  Nested Loop  (cost=17179.83..5956091.37 rows=209 width=50) (actual time=25387.843..43108.198 rows=2252 loops=1)
                     Buffers: shared hit=302968 read=3669763
                     ->  Nested Loop  (cost=17179.40..5935215.25 rows=2838 width=50) (actual time=25385.861..42469.522 rows=59461 loops=1)
                           Buffers: shared hit=76137 read=3659010
                           ->  Hash Join  (cost=17179.10..5905613.66 rows=572679 width=54) (actual time=150.788..42297.408 rows=469992 loops=1)
                                 Hash Cond: (catalog_sales.cs_item_sk = item.i_item_sk)
                                 Buffers: shared hit=69726 read=3659010
                                 ->  Seq Scan on catalog_sales  (cost=0.00..5874397.76 rows=5347244 width=41) (actual time=0.084..40995.215 rows=5484290 loops=1)
                                       Filter: ((cs_wholesale_cost >= '95'::numeric) AND (cs_wholesale_cost <= '100'::numeric))
                                       Rows Removed by Filter: 138508009
                                       Buffers: shared hit=69726 read=3644654
                                 ->  Hash  (cost=16906.00..16906.00 rows=21848 width=21) (actual time=150.325..150.326 rows=21811 loops=1)
                                       Buckets: 32768  Batches: 1  Memory Usage: 1449kB
                                       Buffers: shared read=14356
                                       ->  Seq Scan on item  (cost=0.00..16906.00 rows=21848 width=21) (actual time=0.067..144.456 rows=21811 loops=1)
                                             Filter: (i_category = 'Sports'::bpchar)
                                             Rows Removed by Filter: 182189
                                             Buffers: shared read=14356
                           ->  Memoize  (cost=0.30..7.22 rows=1 width=4) (actual time=0.000..0.000 rows=0 loops=469992)
                                 Cache Key: catalog_sales.cs_sold_date_sk
                                 Cache Mode: logical
                                 Hits: 467854  Misses: 2138  Evictions: 0  Overflows: 0  Memory Usage: 155kB
                                 Buffers: shared hit=6411
                                 ->  Index Scan using date_dim_pkey on date_dim  (cost=0.29..7.21 rows=1 width=4) (actual time=0.012..0.012 rows=0 loops=2138)
                                       Index Cond: (d_date_sk = catalog_sales.cs_sold_date_sk)
                                       Filter: (d_year = 2002)
                                       Rows Removed by Filter: 1
                                       Buffers: shared hit=6411
                     ->  Index Scan using customer_demographics_pkey on customer_demographics  (cost=0.43..7.36 rows=1 width=8) (actual time=0.011..0.011 rows=0 loops=59461)
                           Index Cond: (cd_demo_sk = catalog_sales.cs_bill_cdemo_sk)
                           Filter: ((cd_gender = 'F'::bpchar) AND (cd_education_status = '4 yr Degree'::bpchar))
                           Rows Removed by Filter: 1
                           Buffers: shared hit=226831 read=10753
               ->  Index Scan using customer_pkey on customer  (cost=0.43..7.35 rows=1 width=12) (actual time=0.012..0.012 rows=0 loops=2252)
                     Index Cond: (c_customer_sk = catalog_sales.cs_bill_customer_sk)
                     Filter: (c_birth_month = 2)
                     Rows Removed by Filter: 1
                     Buffers: shared hit=7677 read=1323
         ->  Index Scan using customer_address_pkey on customer_address  (cost=0.42..7.36 rows=1 width=35) (actual time=0.019..0.019 rows=0 loops=193)
               Index Cond: (ca_address_sk = customer.c_current_addr_sk)
               Filter: (ca_state = ANY ('{HI,MN,NY}'::bpchar[]))
               Rows Removed by Filter: 1
               Buffers: shared hit=394 read=378
 Planning:
   Buffers: shared hit=404 read=50
 Planning Time: 6.689 ms
 Execution Time: 43142.220 ms
(53 rows)

