                                                                              QUERY PLAN                                                                               
-----------------------------------------------------------------------------------------------------------------------------------------------------------------------
 Aggregate  (cost=5992059.06..5992059.07 rows=1 width=268) (actual time=53020.402..53020.408 rows=1 loops=1)
   Buffers: shared hit=1163647 read=3829791
   ->  Nested Loop  (cost=19829.07..5992059.03 rows=1 width=81) (actual time=6658.297..53020.306 rows=13 loops=1)
         Buffers: shared hit=1163647 read=3829791
         ->  Nested Loop  (cost=19828.64..5991992.53 rows=9 width=54) (actual time=6477.672..53016.054 rows=216 loops=1)
               Buffers: shared hit=1163188 read=3829386
               ->  Nested Loop  (cost=19828.22..5991014.21 rows=133 width=54) (actual time=6439.605..52946.192 rows=4327 loops=1)
                     Buffers: shared hit=1146716 read=3828558
                     ->  Hash Join  (cost=19827.79..5919222.84 rows=9762 width=50) (actual time=6438.477..48404.210 rows=311653 loops=1)
                           Hash Cond: (catalog_sales.cs_item_sk = item.i_item_sk)
                           Buffers: shared hit=9325 read=3720885
                           ->  Hash Join  (cost=2391.64..5901663.44 rows=46955 width=37) (actual time=6294.746..47994.510 rows=1223498 loops=1)
                                 Hash Cond: (catalog_sales.cs_sold_date_sk = date_dim.d_date_sk)
                                 Buffers: shared hit=263 read=3715591
                                 ->  Seq Scan on catalog_sales  (cost=0.00..5874397.76 rows=9475278 width=41) (actual time=0.064..46911.373 rows=9280537 loops=1)
                                       Filter: ((cs_wholesale_cost >= '5'::numeric) AND (cs_wholesale_cost <= '10'::numeric))
                                       Rows Removed by Filter: 134711762
                                       Buffers: shared hit=221 read=3714159
                                 ->  Hash  (cost=2387.11..2387.11 rows=362 width=4) (actual time=26.304..26.305 rows=365 loops=1)
                                       Buckets: 1024  Batches: 1  Memory Usage: 21kB
                                       Buffers: shared hit=42 read=1432
                                       ->  Seq Scan on date_dim  (cost=0.00..2387.11 rows=362 width=4) (actual time=14.827..26.210 rows=365 loops=1)
                                             Filter: (d_year = 1999)
                                             Rows Removed by Filter: 72684
                                             Buffers: shared hit=42 read=1432
                           ->  Hash  (cost=16906.00..16906.00 rows=42412 width=21) (actual time=143.457..143.457 rows=42041 loops=1)
                                 Buckets: 65536  Batches: 1  Memory Usage: 2812kB
                                 Buffers: shared hit=9062 read=5294
                                 ->  Seq Scan on item  (cost=0.00..16906.00 rows=42412 width=21) (actual time=0.016..134.212 rows=42041 loops=1)
                                       Filter: (i_category = 'Electronics'::bpchar)
                                       Rows Removed by Filter: 161959
                                       Buffers: shared hit=9062 read=5294
                     ->  Index Scan using customer_pkey on customer  (cost=0.43..7.35 rows=1 width=12) (actual time=0.014..0.014 rows=0 loops=311653)
                           Index Cond: (c_customer_sk = catalog_sales.cs_bill_customer_sk)
                           Filter: (c_birth_month = 5)
                           Rows Removed by Filter: 1
                           Buffers: shared hit=1137391 read=107673
               ->  Index Scan using customer_demographics_pkey on customer_demographics  (cost=0.43..7.36 rows=1 width=8) (actual time=0.016..0.016 rows=0 loops=4327)
                     Index Cond: (cd_demo_sk = catalog_sales.cs_bill_cdemo_sk)
                     Filter: ((cd_gender = 'M'::bpchar) AND (cd_education_status = 'Advanced Degree'::bpchar))
                     Rows Removed by Filter: 1
                     Buffers: shared hit=16472 read=828
         ->  Index Scan using customer_address_pkey on customer_address  (cost=0.42..7.39 rows=1 width=35) (actual time=0.018..0.018 rows=0 loops=216)
               Index Cond: (ca_address_sk = customer.c_current_addr_sk)
               Filter: (ca_state = ANY ('{KY,MT,TX}'::bpchar[]))
               Rows Removed by Filter: 1
               Buffers: shared hit=459 read=405
 Planning:
   Buffers: shared hit=404 read=50
 Planning Time: 5.190 ms
 Execution Time: 53020.954 ms
(51 rows)

