                                                                               QUERY PLAN                                                                               
------------------------------------------------------------------------------------------------------------------------------------------------------------------------
 Aggregate  (cost=6046385.36..6046385.37 rows=1 width=268) (actual time=59385.714..59385.721 rows=1 loops=1)
   Buffers: shared hit=2008305 read=3761105
   ->  Nested Loop  (cost=19829.07..6046385.14 rows=8 width=81) (actual time=6872.834..59384.997 rows=113 loops=1)
         Buffers: shared hit=2008305 read=3761105
         ->  Nested Loop  (cost=19828.64..6045862.68 rows=71 width=54) (actual time=6439.836..59333.366 rows=2073 loops=1)
               Buffers: shared hit=2003515 read=3757603
               ->  Nested Loop  (cost=19828.22..6038425.97 rows=1011 width=54) (actual time=6437.107..58731.628 rows=32162 loops=1)
                     Buffers: shared hit=1884799 read=3747767
                     ->  Hash Join  (cost=19827.79..5931468.23 rows=14544 width=50) (actual time=6436.437..49976.168 rows=476195 loops=1)
                           Hash Cond: (catalog_sales.cs_item_sk = item.i_item_sk)
                           Buffers: shared hit=8777 read=3721433
                           ->  Hash Join  (cost=2391.64..5913848.44 rows=69957 width=37) (actual time=6300.880..49435.129 rows=1868136 loops=1)
                                 Hash Cond: (catalog_sales.cs_sold_date_sk = date_dim.d_date_sk)
                                 Buffers: shared hit=8777 read=3707077
                                 ->  Seq Scan on catalog_sales  (cost=0.00..5874397.76 rows=14116916 width=41) (actual time=0.045..47896.147 rows=14129630 loops=1)
                                       Filter: ((cs_wholesale_cost >= '12'::numeric) AND (cs_wholesale_cost <= '17'::numeric))
                                       Rows Removed by Filter: 129862669
                                       Buffers: shared hit=8735 read=3705645
                                 ->  Hash  (cost=2387.11..2387.11 rows=362 width=4) (actual time=21.167..21.169 rows=365 loops=1)
                                       Buckets: 1024  Batches: 1  Memory Usage: 21kB
                                       Buffers: shared hit=42 read=1432
                                       ->  Seq Scan on date_dim  (cost=0.00..2387.11 rows=362 width=4) (actual time=11.393..21.106 rows=365 loops=1)
                                             Filter: (d_year = 1999)
                                             Rows Removed by Filter: 72684
                                             Buffers: shared hit=42 read=1432
                           ->  Hash  (cost=16906.00..16906.00 rows=42412 width=21) (actual time=135.320..135.321 rows=42041 loops=1)
                                 Buckets: 65536  Batches: 1  Memory Usage: 2812kB
                                 Buffers: shared read=14356
                                 ->  Seq Scan on item  (cost=0.00..16906.00 rows=42412 width=21) (actual time=0.016..125.723 rows=42041 loops=1)
                                       Filter: (i_category = 'Electronics'::bpchar)
                                       Rows Removed by Filter: 161959
                                       Buffers: shared read=14356
                     ->  Index Scan using customer_pkey on customer  (cost=0.43..7.35 rows=1 width=12) (actual time=0.018..0.018 rows=0 loops=476195)
                           Index Cond: (c_customer_sk = catalog_sales.cs_bill_customer_sk)
                           Filter: (c_birth_month = 12)
                           Rows Removed by Filter: 1
                           Buffers: shared hit=1876022 read=26334
               ->  Index Scan using customer_demographics_pkey on customer_demographics  (cost=0.43..7.36 rows=1 width=8) (actual time=0.018..0.018 rows=0 loops=32162)
                     Index Cond: (cd_demo_sk = catalog_sales.cs_bill_cdemo_sk)
                     Filter: ((cd_gender = 'F'::bpchar) AND (cd_education_status = '2 yr Degree'::bpchar))
                     Rows Removed by Filter: 1
                     Buffers: shared hit=118716 read=9836
         ->  Index Scan using customer_address_pkey on customer_address  (cost=0.42..7.36 rows=1 width=35) (actual time=0.024..0.024 rows=0 loops=2073)
               Index Cond: (ca_address_sk = customer.c_current_addr_sk)
               Filter: (ca_state = ANY ('{MI,TX,WA}'::bpchar[]))
               Rows Removed by Filter: 1
               Buffers: shared hit=4790 read=3502
 Planning:
   Buffers: shared hit=403 read=51
 Planning Time: 4.838 ms
 Execution Time: 59386.173 ms
(51 rows)

