                                                                                  QUERY PLAN                                                                                   
-------------------------------------------------------------------------------------------------------------------------------------------------------------------------------
 Aggregate  (cost=5986298.64..5986298.65 rows=1 width=268) (actual time=49758.464..49758.469 rows=1 loops=1)
   Buffers: shared hit=743708 read=3758603
   ->  Nested Loop  (cost=17180.68..5986298.53 rows=4 width=81) (actual time=20708.150..49757.998 rows=73 loops=1)
         Buffers: shared hit=743708 read=3758603
         ->  Nested Loop  (cost=17180.26..5985916.11 rows=52 width=54) (actual time=20703.888..49719.786 rows=1584 loops=1)
               Buffers: shared hit=740171 read=3755804
               ->  Nested Loop  (cost=17179.83..5983621.60 rows=312 width=50) (actual time=20677.996..49600.887 rows=9331 loops=1)
                     Buffers: shared hit=703359 read=3755308
                     ->  Nested Loop  (cost=17179.40..5951071.96 rows=4425 width=50) (actual time=20677.253..47687.462 rows=181093 loops=1)
                           Buffers: shared hit=20563 read=3714584
                           ->  Hash Join  (cost=17179.10..5913463.70 rows=892948 width=54) (actual time=135.050..47437.725 rows=715678 loops=1)
                                 Hash Cond: (catalog_sales.cs_item_sk = item.i_item_sk)
                                 Buffers: shared hit=14152 read=3714584
                                 ->  Seq Scan on catalog_sales  (cost=0.00..5874397.76 rows=8337669 width=41) (actual time=0.047..45670.145 rows=8349119 loops=1)
                                       Filter: ((cs_wholesale_cost >= '7'::numeric) AND (cs_wholesale_cost <= '12'::numeric))
                                       Rows Removed by Filter: 135643180
                                       Buffers: shared hit=13915 read=3700465
                                 ->  Hash  (cost=16906.00..16906.00 rows=21848 width=21) (actual time=134.625..134.626 rows=21811 loops=1)
                                       Buckets: 32768  Batches: 1  Memory Usage: 1449kB
                                       Buffers: shared hit=237 read=14119
                                       ->  Seq Scan on item  (cost=0.00..16906.00 rows=21848 width=21) (actual time=0.041..129.316 rows=21811 loops=1)
                                             Filter: (i_category = 'Sports'::bpchar)
                                             Rows Removed by Filter: 182189
                                             Buffers: shared hit=237 read=14119
                           ->  Memoize  (cost=0.30..7.22 rows=1 width=4) (actual time=0.000..0.000 rows=0 loops=715678)
                                 Cache Key: catalog_sales.cs_sold_date_sk
                                 Cache Mode: logical
                                 Hits: 713540  Misses: 2138  Evictions: 0  Overflows: 0  Memory Usage: 155kB
                                 Buffers: shared hit=6411
                                 ->  Index Scan using date_dim_pkey on date_dim  (cost=0.29..7.21 rows=1 width=4) (actual time=0.012..0.012 rows=0 loops=2138)
                                       Index Cond: (d_date_sk = catalog_sales.cs_sold_date_sk)
                                       Filter: (d_year = 2001)
                                       Rows Removed by Filter: 1
                                       Buffers: shared hit=6411
                     ->  Index Scan using customer_demographics_pkey on customer_demographics  (cost=0.43..7.36 rows=1 width=8) (actual time=0.010..0.010 rows=0 loops=181093)
                           Index Cond: (cd_demo_sk = catalog_sales.cs_bill_cdemo_sk)
                           Filter: ((cd_gender = 'F'::bpchar) AND (cd_education_status = 'College'::bpchar))
                           Rows Removed by Filter: 1
                           Buffers: shared hit=682796 read=40724
               ->  Index Scan using customer_pkey on customer  (cost=0.43..7.35 rows=1 width=12) (actual time=0.012..0.012 rows=0 loops=9331)
                     Index Cond: (c_customer_sk = catalog_sales.cs_bill_customer_sk)
                     Filter: (c_birth_month = 4)
                     Rows Removed by Filter: 1
                     Buffers: shared hit=36812 read=496
         ->  Index Scan using customer_address_pkey on customer_address  (cost=0.42..7.35 rows=1 width=35) (actual time=0.024..0.024 rows=0 loops=1584)
               Index Cond: (ca_address_sk = customer.c_current_addr_sk)
               Filter: (ca_state = ANY ('{IL,MS,OH}'::bpchar[]))
               Rows Removed by Filter: 1
               Buffers: shared hit=3537 read=2799
 Planning:
   Buffers: shared hit=454
 Planning Time: 4.413 ms
 Execution Time: 49759.127 ms
(53 rows)

