                                                                                  QUERY PLAN                                                                                   
-------------------------------------------------------------------------------------------------------------------------------------------------------------------------------
 Aggregate  (cost=6055271.40..6055271.41 rows=1 width=268) (actual time=54455.844..54455.850 rows=1 loops=1)
   Buffers: shared hit=1397922 read=3728217
   ->  Nested Loop  (cost=17180.68..6055271.15 rows=9 width=81) (actual time=21290.309..54455.616 rows=34 loops=1)
         Buffers: shared hit=1397922 read=3728217
         ->  Nested Loop  (cost=17180.26..6054763.62 rows=69 width=54) (actual time=20985.954..54438.721 rows=769 loops=1)
               Buffers: shared hit=1396276 read=3726787
               ->  Nested Loop  (cost=17179.83..6050439.43 rows=588 width=50) (actual time=20981.733..54311.223 rows=6829 loops=1)
                     Buffers: shared hit=1371898 read=3723869
                     ->  Nested Loop  (cost=17179.40..5989555.56 rows=8277 width=50) (actual time=20974.713..49632.023 rows=340576 loops=1)
                           Buffers: shared hit=50099 read=3685048
                           ->  Hash Join  (cost=17179.10..5932515.44 rows=1670229 width=54) (actual time=105.596..49198.191 rows=1346646 loops=1)
                                 Hash Cond: (catalog_sales.cs_item_sk = item.i_item_sk)
                                 Buffers: shared hit=43688 read=3685048
                                 ->  Seq Scan on catalog_sales  (cost=0.00..5874397.76 rows=15595328 width=41) (actual time=0.030..46367.643 rows=15696054 loops=1)
                                       Filter: ((cs_wholesale_cost >= '23'::numeric) AND (cs_wholesale_cost <= '28'::numeric))
                                       Rows Removed by Filter: 128296245
                                       Buffers: shared hit=29522 read=3684858
                                 ->  Hash  (cost=16906.00..16906.00 rows=21848 width=21) (actual time=105.325..105.326 rows=21811 loops=1)
                                       Buckets: 32768  Batches: 1  Memory Usage: 1449kB
                                       Buffers: shared hit=14166 read=190
                                       ->  Seq Scan on item  (cost=0.00..16906.00 rows=21848 width=21) (actual time=0.016..101.096 rows=21811 loops=1)
                                             Filter: (i_category = 'Sports'::bpchar)
                                             Rows Removed by Filter: 182189
                                             Buffers: shared hit=14166 read=190
                           ->  Memoize  (cost=0.30..7.22 rows=1 width=4) (actual time=0.000..0.000 rows=0 loops=1346646)
                                 Cache Key: catalog_sales.cs_sold_date_sk
                                 Cache Mode: logical
                                 Hits: 1344508  Misses: 2138  Evictions: 0  Overflows: 0  Memory Usage: 155kB
                                 Buffers: shared hit=6411
                                 ->  Index Scan using date_dim_pkey on date_dim  (cost=0.29..7.21 rows=1 width=4) (actual time=0.013..0.013 rows=0 loops=2138)
                                       Index Cond: (d_date_sk = catalog_sales.cs_sold_date_sk)
                                       Filter: (d_year = 2001)
                                       Rows Removed by Filter: 1
                                       Buffers: shared hit=6411
                     ->  Index Scan using customer_demographics_pkey on customer_demographics  (cost=0.43..7.36 rows=1 width=8) (actual time=0.014..0.014 rows=0 loops=340576)
                           Index Cond: (cd_demo_sk = catalog_sales.cs_bill_cdemo_sk)
                           Filter: ((cd_gender = 'M'::bpchar) AND (cd_education_status = 'Secondary'::bpchar))
                           Rows Removed by Filter: 1
                           Buffers: shared hit=1321799 read=38821
               ->  Index Scan using customer_pkey on customer  (cost=0.43..7.35 rows=1 width=12) (actual time=0.018..0.018 rows=0 loops=6829)
                     Index Cond: (c_customer_sk = catalog_sales.cs_bill_customer_sk)
                     Filter: (c_birth_month = 8)
                     Rows Removed by Filter: 1
                     Buffers: shared hit=24378 read=2918
         ->  Index Scan using customer_address_pkey on customer_address  (cost=0.42..7.36 rows=1 width=35) (actual time=0.021..0.021 rows=0 loops=769)
               Index Cond: (ca_address_sk = customer.c_current_addr_sk)
               Filter: (ca_state = ANY ('{MO,TX,WV}'::bpchar[]))
               Rows Removed by Filter: 1
               Buffers: shared hit=1646 read=1430
 Planning:
   Buffers: shared hit=454
 Planning Time: 2.879 ms
 Execution Time: 54456.212 ms
(53 rows)

