                                                                        QUERY PLAN                                                                        
----------------------------------------------------------------------------------------------------------------------------------------------------------
 Aggregate  (cost=5985122.94..5985122.95 rows=1 width=268) (actual time=40982.715..40982.718 rows=1 loops=1)
   Buffers: shared hit=70924 read=3643456
   ->  Nested Loop  (cost=0.43..5985122.91 rows=1 width=81) (actual time=40982.711..40982.713 rows=0 loops=1)
         Join Filter: (catalog_sales.cs_item_sk = item.i_item_sk)
         Buffers: shared hit=70924 read=3643456
         ->  Nested Loop  (cost=0.43..5967686.76 rows=1 width=68) (actual time=40982.710..40982.712 rows=0 loops=1)
               Join Filter: (date_dim.d_date_sk = catalog_sales.cs_sold_date_sk)
               Buffers: shared hit=70924 read=3643456
               ->  Nested Loop  (cost=0.43..5965295.12 rows=1 width=72) (actual time=40982.710..40982.711 rows=0 loops=1)
                     Join Filter: (customer_address.ca_address_sk = customer.c_current_addr_sk)
                     Buffers: shared hit=70924 read=3643456
                     ->  Nested Loop  (cost=0.43..5927406.71 rows=1 width=45) (actual time=40982.709..40982.711 rows=0 loops=1)
                           Buffers: shared hit=70924 read=3643456
                           ->  Nested Loop  (cost=0.00..5927398.26 rows=1 width=41) (actual time=40982.709..40982.710 rows=0 loops=1)
                                 Join Filter: (customer_demographics.cd_demo_sk = catalog_sales.cs_bill_cdemo_sk)
                                 Buffers: shared hit=70924 read=3643456
                                 ->  Seq Scan on catalog_sales  (cost=0.00..5874397.76 rows=1 width=41) (actual time=40982.708..40982.708 rows=0 loops=1)
                                       Filter: ((cs_wholesale_cost >= '74'::numeric) AND (cs_wholesale_cost <= '79'::numeric))
                                       Rows Removed by Filter: 143992299
                                       Buffers: shared hit=70924 read=3643456
                                 ->  Seq Scan on customer_demographics  (cost=0.00..51225.00 rows=142040 width=8) (never executed)
                                       Filter: ((cd_gender = 'F'::bpchar) AND (cd_education_status = '4 yr Degree'::bpchar))
                           ->  Index Scan using customer_pkey on customer  (cost=0.43..8.45 rows=1 width=12) (never executed)
                                 Index Cond: (c_customer_sk = catalog_sales.cs_bill_customer_sk)
                                 Filter: (c_birth_month = 10)
                     ->  Seq Scan on customer_address  (cost=0.00..36288.00 rows=128033 width=35) (never executed)
                           Filter: (ca_state = ANY ('{IN,SD,TX}'::bpchar[]))
               ->  Seq Scan on date_dim  (cost=0.00..2387.11 rows=362 width=4) (never executed)
                     Filter: (d_year = 1998)
         ->  Seq Scan on item  (cost=0.00..16906.00 rows=42412 width=21) (never executed)
               Filter: (i_category = 'Electronics'::bpchar)
 Planning:
   Buffers: shared hit=405 read=49
 Planning Time: 5.291 ms
 Execution Time: 40983.311 ms
(35 rows)

