                                                                                  QUERY PLAN                                                                                  
------------------------------------------------------------------------------------------------------------------------------------------------------------------------------
 Aggregate  (cost=5958363.02..5958363.03 rows=1 width=268) (actual time=47805.370..47805.375 rows=1 loops=1)
   Buffers: shared hit=220431 read=3671296
   ->  Nested Loop  (cost=17019.78..5958362.99 rows=1 width=81) (actual time=20970.992..47805.254 rows=18 loops=1)
         Buffers: shared hit=220431 read=3671296
         ->  Nested Loop  (cost=17019.36..5958260.00 rows=14 width=54) (actual time=20390.453..47796.510 rows=466 loops=1)
               Buffers: shared hit=219467 read=3670396
               ->  Nested Loop  (cost=17018.93..5957193.65 rows=145 width=50) (actual time=20390.433..47732.923 rows=5002 loops=1)
                     Buffers: shared hit=202044 read=3667823
                     ->  Nested Loop  (cost=17018.50..5941996.49 rows=2066 width=50) (actual time=20386.040..47360.366 rows=33727 loops=1)
                           Buffers: shared hit=70573 read=3664574
                           ->  Hash Join  (cost=17018.20..5916289.08 rows=416912 width=54) (actual time=145.248..47259.666 rows=202139 loops=1)
                                 Hash Cond: (catalog_sales.cs_item_sk = item.i_item_sk)
                                 Buffers: shared hit=64162 read=3664574
                                 ->  Seq Scan on catalog_sales  (cost=0.00..5874397.76 rows=9475278 width=41) (actual time=0.144..45723.366 rows=9280537 loops=1)
                                       Filter: ((cs_wholesale_cost >= '4'::numeric) AND (cs_wholesale_cost <= '9'::numeric))
                                       Rows Removed by Filter: 134711762
                                       Buffers: shared hit=64162 read=3650218
                                 ->  Hash  (cost=16906.00..16906.00 rows=8976 width=21) (actual time=143.972..143.973 rows=8826 loops=1)
                                       Buckets: 16384  Batches: 1  Memory Usage: 611kB
                                       Buffers: shared read=14356
                                       ->  Seq Scan on item  (cost=0.00..16906.00 rows=8976 width=21) (actual time=0.140..141.262 rows=8826 loops=1)
                                             Filter: (i_category = 'Jewelry'::bpchar)
                                             Rows Removed by Filter: 195174
                                             Buffers: shared read=14356
                           ->  Memoize  (cost=0.30..7.22 rows=1 width=4) (actual time=0.000..0.000 rows=0 loops=202139)
                                 Cache Key: catalog_sales.cs_sold_date_sk
                                 Cache Mode: logical
                                 Hits: 200001  Misses: 2138  Evictions: 0  Overflows: 0  Memory Usage: 155kB
                                 Buffers: shared hit=6411
                                 ->  Index Scan using date_dim_pkey on date_dim  (cost=0.29..7.21 rows=1 width=4) (actual time=0.012..0.012 rows=0 loops=2138)
                                       Index Cond: (d_date_sk = catalog_sales.cs_sold_date_sk)
                                       Filter: (d_year = 2001)
                                       Rows Removed by Filter: 1
                                       Buffers: shared hit=6411
                     ->  Index Scan using customer_demographics_pkey on customer_demographics  (cost=0.43..7.36 rows=1 width=8) (actual time=0.011..0.011 rows=0 loops=33727)
                           Index Cond: (cd_demo_sk = catalog_sales.cs_bill_cdemo_sk)
                           Filter: ((cd_gender = 'M'::bpchar) AND (cd_education_status = 'Unknown'::bpchar))
                           Rows Removed by Filter: 1
                           Buffers: shared hit=131471 read=3249
               ->  Index Scan using customer_pkey on customer  (cost=0.43..7.35 rows=1 width=12) (actual time=0.012..0.012 rows=0 loops=5002)
                     Index Cond: (c_customer_sk = catalog_sales.cs_bill_customer_sk)
                     Filter: (c_birth_month = 1)
                     Rows Removed by Filter: 1
                     Buffers: shared hit=17423 read=2573
         ->  Index Scan using customer_address_pkey on customer_address  (cost=0.42..7.36 rows=1 width=35) (actual time=0.018..0.018 rows=0 loops=466)
               Index Cond: (ca_address_sk = customer.c_current_addr_sk)
               Filter: (ca_state = ANY ('{ME,NE,OR}'::bpchar[]))
               Rows Removed by Filter: 1
               Buffers: shared hit=964 read=900
 Planning:
   Buffers: shared hit=453 read=1
 Planning Time: 5.477 ms
 Execution Time: 47806.156 ms
(53 rows)

