                                                                                  QUERY PLAN                                                                                   
-------------------------------------------------------------------------------------------------------------------------------------------------------------------------------
 Aggregate  (cost=5974479.39..5974479.40 rows=1 width=268) (actual time=50395.224..50395.229 rows=1 loops=1)
   Buffers: shared hit=1179497 read=3754530
   ->  Nested Loop  (cost=17119.15..5974479.31 rows=3 width=81) (actual time=20917.607..50394.968 rows=37 loops=1)
         Buffers: shared hit=1179497 read=3754530
         ->  Nested Loop  (cost=17118.72..5974332.17 rows=20 width=54) (actual time=19764.006..50379.922 rows=753 loops=1)
               Buffers: shared hit=1177840 read=3753175
               ->  Nested Loop  (cost=17118.29..5972530.39 rows=245 width=50) (actual time=19700.765..50229.419 rows=9184 loops=1)
                     Buffers: shared hit=1144784 read=3749523
                     ->  Nested Loop  (cost=17117.87..5946792.27 rows=3499 width=50) (actual time=19700.529..46414.297 rows=290151 loops=1)
                           Buffers: shared hit=29586 read=3705561
                           ->  Hash Join  (cost=17117.56..5913855.77 rows=706077 width=54) (actual time=135.885..45959.160 rows=1458185 loops=1)
                                 Hash Cond: (catalog_sales.cs_item_sk = item.i_item_sk)
                                 Buffers: shared hit=23175 read=3705561
                                 ->  Seq Scan on catalog_sales  (cost=0.00..5874397.76 rows=8510470 width=41) (actual time=0.054..44103.838 rows=8494738 loops=1)
                                       Filter: ((cs_wholesale_cost >= '66'::numeric) AND (cs_wholesale_cost <= '71'::numeric))
                                       Rows Removed by Filter: 135497561
                                       Buffers: shared hit=23175 read=3691205
                                 ->  Hash  (cost=16906.00..16906.00 rows=16925 width=21) (actual time=135.540..135.541 rows=17141 loops=1)
                                       Buckets: 32768  Batches: 1  Memory Usage: 1194kB
                                       Buffers: shared read=14356
                                       ->  Seq Scan on item  (cost=0.00..16906.00 rows=16925 width=21) (actual time=0.025..130.999 rows=17141 loops=1)
                                             Filter: (i_category = 'Home'::bpchar)
                                             Rows Removed by Filter: 186859
                                             Buffers: shared read=14356
                           ->  Memoize  (cost=0.30..7.22 rows=1 width=4) (actual time=0.000..0.000 rows=0 loops=1458185)
                                 Cache Key: catalog_sales.cs_sold_date_sk
                                 Cache Mode: logical
                                 Hits: 1456047  Misses: 2138  Evictions: 0  Overflows: 0  Memory Usage: 155kB
                                 Buffers: shared hit=6411
                                 ->  Index Scan using date_dim_pkey on date_dim  (cost=0.29..7.21 rows=1 width=4) (actual time=0.013..0.013 rows=0 loops=2138)
                                       Index Cond: (d_date_sk = catalog_sales.cs_sold_date_sk)
                                       Filter: (d_year = 2001)
                                       Rows Removed by Filter: 1
                                       Buffers: shared hit=6411
                     ->  Index Scan using customer_demographics_pkey on customer_demographics  (cost=0.43..7.36 rows=1 width=8) (actual time=0.013..0.013 rows=0 loops=290151)
                           Index Cond: (cd_demo_sk = catalog_sales.cs_bill_cdemo_sk)
                           Filter: ((cd_gender = 'F'::bpchar) AND (cd_education_status = 'Advanced Degree'::bpchar))
                           Rows Removed by Filter: 1
                           Buffers: shared hit=1115198 read=43962
               ->  Index Scan using customer_pkey on customer  (cost=0.43..7.35 rows=1 width=12) (actual time=0.016..0.016 rows=0 loops=9184)
                     Index Cond: (c_customer_sk = catalog_sales.cs_bill_customer_sk)
                     Filter: (c_birth_month = 11)
                     Rows Removed by Filter: 1
                     Buffers: shared hit=33056 read=3652
         ->  Index Scan using customer_address_pkey on customer_address  (cost=0.42..7.36 rows=1 width=35) (actual time=0.019..0.019 rows=0 loops=753)
               Index Cond: (ca_address_sk = customer.c_current_addr_sk)
               Filter: (ca_state = ANY ('{MI,MO,TX}'::bpchar[]))
               Rows Removed by Filter: 1
               Buffers: shared hit=1657 read=1355
 Planning:
   Buffers: shared hit=403 read=51
 Planning Time: 4.584 ms
 Execution Time: 50395.712 ms
(53 rows)

