                                                                                  QUERY PLAN                                                                                   
-------------------------------------------------------------------------------------------------------------------------------------------------------------------------------
 Aggregate  (cost=6055138.92..6055138.93 rows=1 width=268) (actual time=51560.852..51560.857 rows=1 loops=1)
   Buffers: shared hit=784676 read=3705279
   ->  Nested Loop  (cost=17180.68..6055138.81 rows=4 width=81) (actual time=6794.538..51560.272 rows=109 loops=1)
         Buffers: shared hit=784676 read=3705279
         ->  Nested Loop  (cost=17180.26..6054719.49 rows=57 width=54) (actual time=6764.547..51522.835 rows=2295 loops=1)
               Buffers: shared hit=779616 read=3701159
               ->  Nested Loop  (cost=17179.83..6050439.43 rows=582 width=50) (actual time=6761.340..51221.022 rows=23460 loops=1)
                     Buffers: shared hit=698248 read=3688755
                     ->  Nested Loop  (cost=17179.40..5989555.56 rows=8277 width=50) (actual time=6760.591..49521.552 rows=163183 loops=1)
                           Buffers: shared hit=60105 read=3675042
                           ->  Hash Join  (cost=17179.10..5932515.44 rows=1670229 width=54) (actual time=116.383..49105.321 rows=1346646 loops=1)
                                 Hash Cond: (catalog_sales.cs_item_sk = item.i_item_sk)
                                 Buffers: shared hit=53694 read=3675042
                                 ->  Seq Scan on catalog_sales  (cost=0.00..5874397.76 rows=15595328 width=41) (actual time=0.046..46269.203 rows=15696054 loops=1)
                                       Filter: ((cs_wholesale_cost >= '25'::numeric) AND (cs_wholesale_cost <= '30'::numeric))
                                       Rows Removed by Filter: 128296245
                                       Buffers: shared hit=39338 read=3675042
                                 ->  Hash  (cost=16906.00..16906.00 rows=21848 width=21) (actual time=115.992..115.992 rows=21811 loops=1)
                                       Buckets: 32768  Batches: 1  Memory Usage: 1449kB
                                       Buffers: shared hit=14356
                                       ->  Seq Scan on item  (cost=0.00..16906.00 rows=21848 width=21) (actual time=0.035..111.453 rows=21811 loops=1)
                                             Filter: (i_category = 'Sports'::bpchar)
                                             Rows Removed by Filter: 182189
                                             Buffers: shared hit=14356
                           ->  Memoize  (cost=0.30..7.22 rows=1 width=4) (actual time=0.000..0.000 rows=0 loops=1346646)
                                 Cache Key: catalog_sales.cs_sold_date_sk
                                 Cache Mode: logical
                                 Hits: 1344508  Misses: 2138  Evictions: 0  Overflows: 0  Memory Usage: 155kB
                                 Buffers: shared hit=6411
                                 ->  Index Scan using date_dim_pkey on date_dim  (cost=0.29..7.21 rows=1 width=4) (actual time=0.012..0.012 rows=0 loops=2138)
                                       Index Cond: (d_date_sk = catalog_sales.cs_sold_date_sk)
                                       Filter: (d_year = 1999)
                                       Rows Removed by Filter: 1
                                       Buffers: shared hit=6411
                     ->  Index Scan using customer_demographics_pkey on customer_demographics  (cost=0.43..7.36 rows=1 width=8) (actual time=0.010..0.010 rows=0 loops=163183)
                           Index Cond: (cd_demo_sk = catalog_sales.cs_bill_cdemo_sk)
                           Filter: ((cd_gender = 'M'::bpchar) AND (cd_education_status = 'Unknown'::bpchar))
                           Rows Removed by Filter: 1
                           Buffers: shared hit=638143 read=13713
               ->  Index Scan using customer_pkey on customer  (cost=0.43..7.35 rows=1 width=12) (actual time=0.013..0.013 rows=0 loops=23460)
                     Index Cond: (c_customer_sk = catalog_sales.cs_bill_customer_sk)
                     Filter: (c_birth_month = 2)
                     Rows Removed by Filter: 1
                     Buffers: shared hit=81368 read=12404
         ->  Index Scan using customer_address_pkey on customer_address  (cost=0.42..7.36 rows=1 width=35) (actual time=0.016..0.016 rows=0 loops=2295)
               Index Cond: (ca_address_sk = customer.c_current_addr_sk)
               Filter: (ca_state = ANY ('{AL,KY,ND}'::bpchar[]))
               Rows Removed by Filter: 1
               Buffers: shared hit=5060 read=4120
 Planning:
   Buffers: shared hit=454
 Planning Time: 4.157 ms
 Execution Time: 51561.460 ms
(53 rows)

