                                                                                  QUERY PLAN                                                                                   
-------------------------------------------------------------------------------------------------------------------------------------------------------------------------------
 Aggregate  (cost=6023792.45..6023792.46 rows=1 width=268) (actual time=56640.443..56640.450 rows=1 loops=1)
   Buffers: shared hit=2121560 read=3686439
   ->  Nested Loop  (cost=17220.72..6023792.34 rows=4 width=81) (actual time=28195.623..56639.932 rows=86 loops=1)
         Buffers: shared hit=2121560 read=3686439
         ->  Nested Loop  (cost=17220.30..6023431.88 rows=49 width=54) (actual time=28127.004..56603.334 rows=1769 loops=1)
               Buffers: shared hit=2117474 read=3683449
               ->  Nested Loop  (cost=17219.87..6019776.88 rows=497 width=50) (actual time=28117.010..56250.740 rows=18894 loops=1)
                     Buffers: shared hit=2054261 read=3671118
                     ->  Nested Loop  (cost=17219.44..5970103.04 rows=6753 width=50) (actual time=28113.957..48553.685 rows=498186 loops=1)
                           Buffers: shared hit=87965 read=3647182
                           ->  Hash Join  (cost=17219.14..5920748.94 rows=1362786 width=54) (actual time=131.876..47928.430 rows=2056832 loops=1)
                                 Hash Cond: (catalog_sales.cs_item_sk = item.i_item_sk)
                                 Buffers: shared hit=81554 read=3647182
                                 ->  Seq Scan on catalog_sales  (cost=0.00..5874397.76 rows=11097691 width=41) (actual time=0.046..45410.977 rows=11458169 loops=1)
                                       Filter: ((cs_wholesale_cost >= '57'::numeric) AND (cs_wholesale_cost <= '62'::numeric))
                                       Rows Removed by Filter: 132534130
                                       Buffers: shared hit=67198 read=3647182
                                 ->  Hash  (cost=16906.00..16906.00 rows=25051 width=21) (actual time=131.472..131.473 rows=24688 loops=1)
                                       Buckets: 32768  Batches: 1  Memory Usage: 1607kB
                                       Buffers: shared hit=14356
                                       ->  Seq Scan on item  (cost=0.00..16906.00 rows=25051 width=21) (actual time=0.027..125.435 rows=24688 loops=1)
                                             Filter: (i_category = 'Books'::bpchar)
                                             Rows Removed by Filter: 179312
                                             Buffers: shared hit=14356
                           ->  Memoize  (cost=0.30..7.22 rows=1 width=4) (actual time=0.000..0.000 rows=0 loops=2056832)
                                 Cache Key: catalog_sales.cs_sold_date_sk
                                 Cache Mode: logical
                                 Hits: 2054694  Misses: 2138  Evictions: 0  Overflows: 0  Memory Usage: 155kB
                                 Buffers: shared hit=6411
                                 ->  Index Scan using date_dim_pkey on date_dim  (cost=0.29..7.21 rows=1 width=4) (actual time=0.013..0.013 rows=0 loops=2138)
                                       Index Cond: (d_date_sk = catalog_sales.cs_sold_date_sk)
                                       Filter: (d_year = 2002)
                                       Rows Removed by Filter: 1
                                       Buffers: shared hit=6411
                     ->  Index Scan using customer_demographics_pkey on customer_demographics  (cost=0.43..7.36 rows=1 width=8) (actual time=0.015..0.015 rows=0 loops=498186)
                           Index Cond: (cd_demo_sk = catalog_sales.cs_bill_cdemo_sk)
                           Filter: ((cd_gender = 'F'::bpchar) AND (cd_education_status = '4 yr Degree'::bpchar))
                           Rows Removed by Filter: 1
                           Buffers: shared hit=1966296 read=23936
               ->  Index Scan using customer_pkey on customer  (cost=0.43..7.35 rows=1 width=12) (actual time=0.018..0.018 rows=0 loops=18894)
                     Index Cond: (c_customer_sk = catalog_sales.cs_bill_customer_sk)
                     Filter: (c_birth_month = 1)
                     Rows Removed by Filter: 1
                     Buffers: shared hit=63213 read=12331
         ->  Index Scan using customer_address_pkey on customer_address  (cost=0.42..7.36 rows=1 width=35) (actual time=0.020..0.020 rows=0 loops=1769)
               Index Cond: (ca_address_sk = customer.c_current_addr_sk)
               Filter: (ca_state = ANY ('{IA,KS,MI}'::bpchar[]))
               Rows Removed by Filter: 1
               Buffers: shared hit=4086 read=2990
 Planning:
   Buffers: shared hit=454
 Planning Time: 4.385 ms
 Execution Time: 56641.139 ms
(53 rows)

