                                                                                  QUERY PLAN                                                                                   
-------------------------------------------------------------------------------------------------------------------------------------------------------------------------------
 Aggregate  (cost=6006502.55..6006502.56 rows=1 width=268) (actual time=46421.277..46421.283 rows=1 loops=1)
   Buffers: shared hit=774350 read=3657109
   ->  Nested Loop  (cost=17326.55..6006502.30 rows=9 width=81) (actual time=6225.535..46421.098 rows=28 loops=1)
         Buffers: shared hit=774350 read=3657109
         ->  Nested Loop  (cost=17326.12..6005972.80 rows=72 width=54) (actual time=6046.678..46404.397 rows=868 loops=1)
               Buffers: shared hit=772406 read=3655581
               ->  Nested Loop  (cost=17325.69..6002817.83 rows=429 width=50) (actual time=6046.647..46319.006 rows=5247 loops=1)
                     Buffers: shared hit=755531 read=3651476
                     ->  Nested Loop  (cost=17325.27..5957711.66 rows=6132 width=50) (actual time=6046.078..44373.264 rows=168170 loops=1)
                           Buffers: shared hit=88985 read=3646162
                           ->  Hash Join  (cost=17324.96..5911492.70 rows=1237379 width=54) (actual time=112.407..44063.528 rows=946499 loops=1)
                                 Hash Cond: (catalog_sales.cs_item_sk = item.i_item_sk)
                                 Buffers: shared hit=82574 read=3646162
                                 ->  Seq Scan on catalog_sales  (cost=0.00..5874397.76 rows=7531262 width=41) (actual time=0.045..42390.732 rows=7518631 loops=1)
                                       Filter: ((cs_wholesale_cost >= '82'::numeric) AND (cs_wholesale_cost <= '87'::numeric))
                                       Rows Removed by Filter: 136473668
                                       Buffers: shared hit=68218 read=3646162
                                 ->  Hash  (cost=16906.00..16906.00 rows=33517 width=21) (actual time=111.802..111.803 rows=33627 loops=1)
                                       Buckets: 65536  Batches: 1  Memory Usage: 2351kB
                                       Buffers: shared hit=14356
                                       ->  Seq Scan on item  (cost=0.00..16906.00 rows=33517 width=21) (actual time=0.049..105.124 rows=33627 loops=1)
                                             Filter: (i_category = 'Shoes'::bpchar)
                                             Rows Removed by Filter: 170373
                                             Buffers: shared hit=14356
                           ->  Memoize  (cost=0.30..7.22 rows=1 width=4) (actual time=0.000..0.000 rows=0 loops=946499)
                                 Cache Key: catalog_sales.cs_sold_date_sk
                                 Cache Mode: logical
                                 Hits: 944361  Misses: 2138  Evictions: 0  Overflows: 0  Memory Usage: 155kB
                                 Buffers: shared hit=6411
                                 ->  Index Scan using date_dim_pkey on date_dim  (cost=0.29..7.21 rows=1 width=4) (actual time=0.013..0.013 rows=0 loops=2138)
                                       Index Cond: (d_date_sk = catalog_sales.cs_sold_date_sk)
                                       Filter: (d_year = 1999)
                                       Rows Removed by Filter: 1
                                       Buffers: shared hit=6411
                     ->  Index Scan using customer_demographics_pkey on customer_demographics  (cost=0.43..7.36 rows=1 width=8) (actual time=0.011..0.011 rows=0 loops=168170)
                           Index Cond: (cd_demo_sk = catalog_sales.cs_bill_cdemo_sk)
                           Filter: ((cd_gender = 'F'::bpchar) AND (cd_education_status = 'Advanced Degree'::bpchar))
                           Rows Removed by Filter: 1
                           Buffers: shared hit=666546 read=5314
               ->  Index Scan using customer_pkey on customer  (cost=0.43..7.35 rows=1 width=12) (actual time=0.016..0.016 rows=0 loops=5247)
                     Index Cond: (c_customer_sk = catalog_sales.cs_bill_customer_sk)
                     Filter: (c_birth_month = 4)
                     Rows Removed by Filter: 1
                     Buffers: shared hit=16875 read=4105
         ->  Index Scan using customer_address_pkey on customer_address  (cost=0.42..7.35 rows=1 width=35) (actual time=0.019..0.019 rows=0 loops=868)
               Index Cond: (ca_address_sk = customer.c_current_addr_sk)
               Filter: (ca_state = ANY ('{MS,ND,TX}'::bpchar[]))
               Rows Removed by Filter: 1
               Buffers: shared hit=1944 read=1528
 Planning:
   Buffers: shared hit=454
 Planning Time: 4.389 ms
 Execution Time: 46422.007 ms
(53 rows)

