                                                                                  QUERY PLAN                                                                                  
------------------------------------------------------------------------------------------------------------------------------------------------------------------------------
 Aggregate  (cost=5964492.67..5964492.68 rows=1 width=268) (actual time=48638.421..48638.426 rows=1 loops=1)
   Buffers: shared hit=371437 read=3648842
   ->  Nested Loop  (cost=17045.03..5964492.58 rows=3 width=81) (actual time=6827.172..48638.026 rows=71 loops=1)
         Buffers: shared hit=371437 read=3648842
         ->  Nested Loop  (cost=17044.61..5964308.71 rows=25 width=54) (actual time=6638.463..48622.214 rows=948 loops=1)
               Buffers: shared hit=369397 read=3647090
               ->  Nested Loop  (cost=17044.18..5962984.96 rows=180 width=50) (actual time=6633.775..48533.635 rows=6670 loops=1)
                     Buffers: shared hit=348590 read=3641237
                     ->  Nested Loop  (cost=17043.75..5944367.34 rows=2531 width=50) (actual time=6633.232..47895.925 rows=63745 loops=1)
                           Buffers: shared hit=95990 read=3639157
                           ->  Hash Join  (cost=17043.45..5916314.33 rows=510736 width=54) (actual time=109.207..47696.217 rows=556043 loops=1)
                                 Hash Cond: (catalog_sales.cs_item_sk = item.i_item_sk)
                                 Buffers: shared hit=89579 read=3639157
                                 ->  Seq Scan on catalog_sales  (cost=0.00..5874397.76 rows=9475278 width=41) (actual time=0.048..45995.230 rows=9280537 loops=1)
                                       Filter: ((cs_wholesale_cost >= '2'::numeric) AND (cs_wholesale_cost <= '7'::numeric))
                                       Rows Removed by Filter: 134711762
                                       Buffers: shared hit=75223 read=3639157
                                 ->  Hash  (cost=16906.00..16906.00 rows=10996 width=21) (actual time=108.842..108.842 rows=11037 loops=1)
                                       Buckets: 16384  Batches: 1  Memory Usage: 732kB
                                       Buffers: shared hit=14356
                                       ->  Seq Scan on item  (cost=0.00..16906.00 rows=10996 width=21) (actual time=0.073..106.458 rows=11037 loops=1)
                                             Filter: (i_category = 'Women'::bpchar)
                                             Rows Removed by Filter: 192963
                                             Buffers: shared hit=14356
                           ->  Memoize  (cost=0.30..7.22 rows=1 width=4) (actual time=0.000..0.000 rows=0 loops=556043)
                                 Cache Key: catalog_sales.cs_sold_date_sk
                                 Cache Mode: logical
                                 Hits: 553905  Misses: 2138  Evictions: 0  Overflows: 0  Memory Usage: 155kB
                                 Buffers: shared hit=6411
                                 ->  Index Scan using date_dim_pkey on date_dim  (cost=0.29..7.21 rows=1 width=4) (actual time=0.012..0.012 rows=0 loops=2138)
                                       Index Cond: (d_date_sk = catalog_sales.cs_sold_date_sk)
                                       Filter: (d_year = 1999)
                                       Rows Removed by Filter: 1
                                       Buffers: shared hit=6411
                     ->  Index Scan using customer_demographics_pkey on customer_demographics  (cost=0.43..7.36 rows=1 width=8) (actual time=0.010..0.010 rows=0 loops=63745)
                           Index Cond: (cd_demo_sk = catalog_sales.cs_bill_cdemo_sk)
                           Filter: ((cd_gender = 'M'::bpchar) AND (cd_education_status = 'College'::bpchar))
                           Rows Removed by Filter: 1
                           Buffers: shared hit=252600 read=2080
               ->  Index Scan using customer_pkey on customer  (cost=0.43..7.35 rows=1 width=12) (actual time=0.013..0.013 rows=0 loops=6670)
                     Index Cond: (c_customer_sk = catalog_sales.cs_bill_customer_sk)
                     Filter: (c_birth_month = 10)
                     Rows Removed by Filter: 1
                     Buffers: shared hit=20807 read=5853
         ->  Index Scan using customer_address_pkey on customer_address  (cost=0.42..7.35 rows=1 width=35) (actual time=0.016..0.016 rows=0 loops=948)
               Index Cond: (ca_address_sk = customer.c_current_addr_sk)
               Filter: (ca_state = ANY ('{KY,VA,WI}'::bpchar[]))
               Rows Removed by Filter: 1
               Buffers: shared hit=2040 read=1752
 Planning:
   Buffers: shared hit=454
 Planning Time: 4.478 ms
 Execution Time: 48639.083 ms
(53 rows)

