                                                                                           QUERY PLAN                                                                                            
-------------------------------------------------------------------------------------------------------------------------------------------------------------------------------------------------
 Aggregate  (cost=6035290.60..6035290.61 rows=1 width=268) (actual time=54094.427..54094.434 rows=1 loops=1)
   Buffers: shared hit=809430 read=3717439
   ->  Nested Loop  (cost=1.16..6035290.57 rows=1 width=81) (actual time=51913.130..54094.360 rows=10 loops=1)
         Join Filter: (customer_address.ca_address_sk = customer.c_current_addr_sk)
         Rows Removed by Join Filter: 17290046
         Buffers: shared hit=809430 read=3717439
         ->  Seq Scan on customer_address  (cost=0.00..36288.00 rows=103067 width=35) (actual time=0.373..307.367 rows=102917 loops=1)
               Filter: (ca_state = ANY ('{CO,GA,KS}'::bpchar[]))
               Rows Removed by Filter: 897083
               Buffers: shared hit=22 read=22516
         ->  Materialize  (cost=1.16..5995910.57 rows=2 width=54) (actual time=0.467..0.509 rows=168 loops=102917)
               Buffers: shared hit=809408 read=3694923
               ->  Nested Loop  (cost=1.16..5995910.56 rows=2 width=54) (actual time=48018.604..51811.063 rows=168 loops=1)
                     Join Filter: (catalog_sales.cs_item_sk = item.i_item_sk)
                     Rows Removed by Join Filter: 35296158
                     Buffers: shared hit=809408 read=3694923
                     ->  Seq Scan on item  (cost=0.00..16906.00 rows=10996 width=21) (actual time=0.068..104.500 rows=11037 loops=1)
                           Filter: (i_category = 'Women'::bpchar)
                           Rows Removed by Filter: 192963
                           Buffers: shared hit=14356
                     ->  Materialize  (cost=1.16..5971747.31 rows=44 width=41) (actual time=0.552..4.461 rows=3198 loops=11037)
                           Buffers: shared hit=795052 read=3694923
                           ->  Nested Loop  (cost=1.16..5971747.09 rows=44 width=41) (actual time=6088.211..48004.019 rows=3198 loops=1)
                                 Buffers: shared hit=795052 read=3694923
                                 ->  Nested Loop  (cost=0.73..5968444.33 rows=449 width=37) (actual time=6085.911..47513.809 rows=32544 loops=1)
                                       Buffers: shared hit=693354 read=3666533
                                       ->  Nested Loop  (cost=0.30..5921722.63 rows=6351 width=37) (actual time=6085.768..45635.161 rows=159988 loops=1)
                                             Buffers: shared hit=59146 read=3661645
                                             ->  Seq Scan on catalog_sales  (cost=0.00..5874397.76 rows=1281611 width=41) (actual time=0.119..45194.814 rows=1213654 loops=1)
                                                   Filter: ((cs_wholesale_cost >= '19'::numeric) AND (cs_wholesale_cost <= '24'::numeric))
                                                   Rows Removed by Filter: 142778645
                                                   Buffers: shared hit=52735 read=3661645
                                             ->  Memoize  (cost=0.30..7.22 rows=1 width=4) (actual time=0.000..0.000 rows=0 loops=1213654)
                                                   Cache Key: catalog_sales.cs_sold_date_sk
                                                   Cache Mode: logical
                                                   Hits: 1211516  Misses: 2138  Evictions: 0  Overflows: 0  Memory Usage: 155kB
                                                   Buffers: shared hit=6411
                                                   ->  Index Scan using date_dim_pkey on date_dim  (cost=0.29..7.21 rows=1 width=4) (actual time=0.012..0.012 rows=0 loops=2138)
                                                         Index Cond: (d_date_sk = catalog_sales.cs_sold_date_sk)
                                                         Filter: (d_year = 1999)
                                                         Rows Removed by Filter: 1
                                                         Buffers: shared hit=6411
                                       ->  Index Scan using customer_demographics_pkey on customer_demographics  (cost=0.43..7.36 rows=1 width=8) (actual time=0.012..0.012 rows=0 loops=159988)
                                             Index Cond: (cd_demo_sk = catalog_sales.cs_bill_cdemo_sk)
                                             Filter: ((cd_gender = 'M'::bpchar) AND (cd_education_status = '2 yr Degree'::bpchar))
                                             Rows Removed by Filter: 1
                                             Buffers: shared hit=634208 read=4888
                                 ->  Index Scan using customer_pkey on customer  (cost=0.43..7.36 rows=1 width=12) (actual time=0.015..0.015 rows=0 loops=32544)
                                       Index Cond: (c_customer_sk = catalog_sales.cs_bill_customer_sk)
                                       Filter: (c_birth_month = 2)
                                       Rows Removed by Filter: 1
                                       Buffers: shared hit=101698 read=28390
 Planning:
   Buffers: shared hit=454
 Planning Time: 4.448 ms
 Execution Time: 54095.096 ms
(56 rows)

