                                                                               QUERY PLAN                                                                               
------------------------------------------------------------------------------------------------------------------------------------------------------------------------
 Aggregate  (cost=6031839.41..6031839.42 rows=1 width=268) (actual time=51128.209..51128.215 rows=1 loops=1)
   Buffers: shared hit=1251603 read=3823211
   ->  Nested Loop  (cost=19717.88..6031839.33 rows=3 width=81) (actual time=27801.609..51127.794 rows=61 loops=1)
         Buffers: shared hit=1251603 read=3823211
         ->  Nested Loop  (cost=19717.46..6031625.68 rows=29 width=54) (actual time=27793.623..51107.827 rows=1104 loops=1)
               Buffers: shared hit=1248836 read=3821562
               ->  Nested Loop  (cost=19717.03..6028639.23 rows=406 width=54) (actual time=27781.021..50982.477 rows=10835 loops=1)
                     Buffers: shared hit=1206037 read=3821053
                     ->  Hash Join  (cost=19716.60..5935257.32 rows=12698 width=50) (actual time=27780.571..47406.439 rows=324613 loops=1)
                           Hash Cond: (catalog_sales.cs_item_sk = item.i_item_sk)
                           Buffers: shared hit=63109 read=3667101
                           ->  Hash Join  (cost=2391.64..5917729.49 rows=77284 width=37) (actual time=27658.244..46717.506 rows=3201041 loops=1)
                                 Hash Cond: (catalog_sales.cs_sold_date_sk = date_dim.d_date_sk)
                                 Buffers: shared hit=48753 read=3667101
                                 ->  Seq Scan on catalog_sales  (cost=0.00..5874397.76 rows=15595328 width=41) (actual time=0.091..44948.516 rows=15696054 loops=1)
                                       Filter: ((cs_wholesale_cost >= '23'::numeric) AND (cs_wholesale_cost <= '28'::numeric))
                                       Rows Removed by Filter: 128296245
                                       Buffers: shared hit=48711 read=3665669
                                 ->  Hash  (cost=2387.11..2387.11 rows=362 width=4) (actual time=18.987..18.988 rows=365 loops=1)
                                       Buckets: 1024  Batches: 1  Memory Usage: 21kB
                                       Buffers: shared hit=42 read=1432
                                       ->  Seq Scan on date_dim  (cost=0.00..2387.11 rows=362 width=4) (actual time=10.750..18.857 rows=365 loops=1)
                                             Filter: (d_year = 2002)
                                             Rows Removed by Filter: 72684
                                             Buffers: shared hit=42 read=1432
                           ->  Hash  (cost=16906.00..16906.00 rows=33517 width=21) (actual time=122.035..122.036 rows=33627 loops=1)
                                 Buckets: 65536  Batches: 1  Memory Usage: 2351kB
                                 Buffers: shared hit=14356
                                 ->  Seq Scan on item  (cost=0.00..16906.00 rows=33517 width=21) (actual time=0.039..114.327 rows=33627 loops=1)
                                       Filter: (i_category = 'Shoes'::bpchar)
                                       Rows Removed by Filter: 170373
                                       Buffers: shared hit=14356
                     ->  Index Scan using customer_pkey on customer  (cost=0.43..7.35 rows=1 width=12) (actual time=0.011..0.011 rows=0 loops=324613)
                           Index Cond: (c_customer_sk = catalog_sales.cs_bill_customer_sk)
                           Filter: (c_birth_month = 6)
                           Rows Removed by Filter: 1
                           Buffers: shared hit=1142928 read=153952
               ->  Index Scan using customer_demographics_pkey on customer_demographics  (cost=0.43..7.36 rows=1 width=8) (actual time=0.011..0.011 rows=0 loops=10835)
                     Index Cond: (cd_demo_sk = catalog_sales.cs_bill_cdemo_sk)
                     Filter: ((cd_gender = 'M'::bpchar) AND (cd_education_status = 'College'::bpchar))
                     Rows Removed by Filter: 1
                     Buffers: shared hit=42799 read=509
         ->  Index Scan using customer_address_pkey on customer_address  (cost=0.42..7.37 rows=1 width=35) (actual time=0.017..0.017 rows=0 loops=1104)
               Index Cond: (ca_address_sk = customer.c_current_addr_sk)
               Filter: (ca_state = ANY ('{GA,TN,WV}'::bpchar[]))
               Rows Removed by Filter: 1
               Buffers: shared hit=2767 read=1649
 Planning:
   Buffers: shared hit=454
 Planning Time: 2.855 ms
 Execution Time: 51128.592 ms
(51 rows)

