                                                                                  QUERY PLAN                                                                                   
-------------------------------------------------------------------------------------------------------------------------------------------------------------------------------
 Aggregate  (cost=5997273.82..5997273.83 rows=1 width=268) (actual time=50323.314..50323.319 rows=1 loops=1)
   Buffers: shared hit=826502 read=3737553
   ->  Nested Loop  (cost=17180.68..5997273.60 rows=8 width=81) (actual time=12697.132..50322.822 rows=76 loops=1)
         Buffers: shared hit=826502 read=3737553
         ->  Nested Loop  (cost=17180.26..5996817.64 rows=62 width=54) (actual time=12672.875..50300.631 rows=1313 loops=1)
               Buffers: shared hit=823649 read=3735154
               ->  Nested Loop  (cost=17179.83..5994096.60 rows=370 width=50) (actual time=12667.796..50197.992 rows=7555 loops=1)
                     Buffers: shared hit=795813 read=3732786
                     ->  Nested Loop  (cost=17179.40..5957104.10 rows=5029 width=50) (actual time=12662.254..48172.392 rows=198609 loops=1)
                           Buffers: shared hit=30613 read=3704534
                           ->  Hash Join  (cost=17179.10..5916449.98 rows=1014784 width=54) (actual time=140.975..47894.115 rows=794776 loops=1)
                                 Hash Cond: (catalog_sales.cs_item_sk = item.i_item_sk)
                                 Buffers: shared hit=24571 read=3704165
                                 ->  Seq Scan on catalog_sales  (cost=0.00..5874397.76 rows=9475278 width=41) (actual time=0.061..45975.849 rows=9280537 loops=1)
                                       Filter: ((cs_wholesale_cost >= '6'::numeric) AND (cs_wholesale_cost <= '11'::numeric))
                                       Rows Removed by Filter: 134711762
                                       Buffers: shared hit=24571 read=3689809
                                 ->  Hash  (cost=16906.00..16906.00 rows=21848 width=21) (actual time=140.523..140.524 rows=21811 loops=1)
                                       Buckets: 32768  Batches: 1  Memory Usage: 1449kB
                                       Buffers: shared read=14356
                                       ->  Seq Scan on item  (cost=0.00..16906.00 rows=21848 width=21) (actual time=0.055..134.696 rows=21811 loops=1)
                                             Filter: (i_category = 'Sports'::bpchar)
                                             Rows Removed by Filter: 182189
                                             Buffers: shared read=14356
                           ->  Memoize  (cost=0.30..7.22 rows=1 width=4) (actual time=0.000..0.000 rows=0 loops=794776)
                                 Cache Key: catalog_sales.cs_sold_date_sk
                                 Cache Mode: logical
                                 Hits: 792638  Misses: 2138  Evictions: 0  Overflows: 0  Memory Usage: 155kB
                                 Buffers: shared hit=6042 read=369
                                 ->  Index Scan using date_dim_pkey on date_dim  (cost=0.29..7.21 rows=1 width=4) (actual time=0.018..0.018 rows=0 loops=2138)
                                       Index Cond: (d_date_sk = catalog_sales.cs_sold_date_sk)
                                       Filter: (d_year = 2000)
                                       Rows Removed by Filter: 1
                                       Buffers: shared hit=6042 read=369
                     ->  Index Scan using customer_demographics_pkey on customer_demographics  (cost=0.43..7.36 rows=1 width=8) (actual time=0.010..0.010 rows=0 loops=198609)
                           Index Cond: (cd_demo_sk = catalog_sales.cs_bill_cdemo_sk)
                           Filter: ((cd_gender = 'F'::bpchar) AND (cd_education_status = '4 yr Degree'::bpchar))
                           Rows Removed by Filter: 1
                           Buffers: shared hit=765200 read=28252
               ->  Index Scan using customer_pkey on customer  (cost=0.43..7.35 rows=1 width=12) (actual time=0.013..0.013 rows=0 loops=7555)
                     Index Cond: (c_customer_sk = catalog_sales.cs_bill_customer_sk)
                     Filter: (c_birth_month = 4)
                     Rows Removed by Filter: 1
                     Buffers: shared hit=27836 read=2368
         ->  Index Scan using customer_address_pkey on customer_address  (cost=0.42..7.35 rows=1 width=35) (actual time=0.016..0.016 rows=0 loops=1313)
               Index Cond: (ca_address_sk = customer.c_current_addr_sk)
               Filter: (ca_state = ANY ('{NC,SC,TX}'::bpchar[]))
               Rows Removed by Filter: 1
               Buffers: shared hit=2853 read=2399
 Planning:
   Buffers: shared hit=404 read=50
 Planning Time: 5.454 ms
 Execution Time: 50323.976 ms
(53 rows)

