                                                                            QUERY PLAN                                                                            
------------------------------------------------------------------------------------------------------------------------------------------------------------------
 Aggregate  (cost=5952522.97..5952522.98 rows=1 width=268) (actual time=44227.972..44227.977 rows=1 loops=1)
   Buffers: shared hit=255303 read=3703792
   ->  Nested Loop  (cost=17045.03..5952522.94 rows=1 width=81) (actual time=6860.430..44227.898 rows=10 loops=1)
         Buffers: shared hit=255303 read=3703792
         ->  Nested Loop  (cost=17044.61..5952471.45 rows=7 width=81) (actual time=5929.736..44225.294 rows=167 loops=1)
               Buffers: shared hit=254664 read=3703763
               ->  Nested Loop  (cost=17044.18..5951441.26 rows=140 width=54) (actual time=5884.011..44170.768 rows=3539 loops=1)
                     Buffers: shared hit=247194 read=3697077
                     ->  Nested Loop  (cost=17043.75..5936644.54 rows=2012 width=50) (actual time=5881.462..43575.669 rows=52350 loops=1)
                           Buffers: shared hit=50404 read=3684743
                           ->  Hash Join  (cost=17043.45..5911211.18 rows=405950 width=54) (actual time=122.771..43412.563 rows=449731 loops=1)
                                 Hash Cond: (catalog_sales.cs_item_sk = item.i_item_sk)
                                 Buffers: shared hit=43993 read=3684743
                                 ->  Seq Scan on catalog_sales  (cost=0.00..5874397.76 rows=7531262 width=41) (actual time=0.031..41940.350 rows=7518631 loops=1)
                                       Filter: ((cs_wholesale_cost >= '81'::numeric) AND (cs_wholesale_cost <= '86'::numeric))
                                       Rows Removed by Filter: 136473668
                                       Buffers: shared hit=43993 read=3670387
                                 ->  Hash  (cost=16906.00..16906.00 rows=10996 width=21) (actual time=122.381..122.382 rows=11037 loops=1)
                                       Buckets: 16384  Batches: 1  Memory Usage: 732kB
                                       Buffers: shared read=14356
                                       ->  Seq Scan on item  (cost=0.00..16906.00 rows=10996 width=21) (actual time=0.035..119.560 rows=11037 loops=1)
                                             Filter: (i_category = 'Women'::bpchar)
                                             Rows Removed by Filter: 192963
                                             Buffers: shared read=14356
                           ->  Memoize  (cost=0.30..7.22 rows=1 width=4) (actual time=0.000..0.000 rows=0 loops=449731)
                                 Cache Key: catalog_sales.cs_sold_date_sk
                                 Cache Mode: logical
                                 Hits: 447593  Misses: 2138  Evictions: 0  Overflows: 0  Memory Usage: 155kB
                                 Buffers: shared hit=6411
                                 ->  Index Scan using date_dim_pkey on date_dim  (cost=0.29..7.21 rows=1 width=4) (actual time=0.012..0.012 rows=0 loops=2138)
                                       Index Cond: (d_date_sk = catalog_sales.cs_sold_date_sk)
                                       Filter: (d_year = 1999)
                                       Rows Removed by Filter: 1
                                       Buffers: shared hit=6411
                     ->  Index Scan using customer_pkey on customer  (cost=0.43..7.35 rows=1 width=12) (actual time=0.011..0.011 rows=0 loops=52350)
                           Index Cond: (c_customer_sk = catalog_sales.cs_bill_customer_sk)
                           Filter: (c_birth_month = 12)
                           Rows Removed by Filter: 1
                           Buffers: shared hit=196790 read=12334
               ->  Index Scan using customer_address_pkey on customer_address  (cost=0.42..7.36 rows=1 width=35) (actual time=0.015..0.015 rows=0 loops=3539)
                     Index Cond: (ca_address_sk = customer.c_current_addr_sk)
                     Filter: (ca_state = ANY ('{ND,NY,WV}'::bpchar[]))
                     Rows Removed by Filter: 1
                     Buffers: shared hit=7470 read=6686
         ->  Index Scan using customer_demographics_pkey on customer_demographics  (cost=0.43..7.36 rows=1 width=8) (actual time=0.014..0.014 rows=0 loops=167)
               Index Cond: (cd_demo_sk = catalog_sales.cs_bill_cdemo_sk)
               Filter: ((cd_gender = 'F'::bpchar) AND (cd_education_status = 'College'::bpchar))
               Rows Removed by Filter: 1
               Buffers: shared hit=639 read=29
 Planning:
   Buffers: shared hit=404 read=50
 Planning Time: 2.316 ms
 Execution Time: 44228.305 ms
(53 rows)

