                                                                                  QUERY PLAN                                                                                  
------------------------------------------------------------------------------------------------------------------------------------------------------------------------------
 Aggregate  (cost=5963593.23..5963593.24 rows=1 width=268) (actual time=47853.121..47853.126 rows=1 loops=1)
   Buffers: shared hit=212881 read=3718410
   ->  Nested Loop  (cost=17073.85..5963593.18 rows=2 width=81) (actual time=21069.372..47853.079 rows=6 loops=1)
         Buffers: shared hit=212881 read=3718410
         ->  Nested Loop  (cost=17073.42..5963453.41 rows=19 width=54) (actual time=20221.326..47851.220 rows=94 loops=1)
               Buffers: shared hit=212619 read=3718296
               ->  Nested Loop  (cost=17072.99..5962048.76 rows=191 width=50) (actual time=20176.960..47830.198 rows=1016 loops=1)
                     Buffers: shared hit=208690 read=3718169
                     ->  Nested Loop  (cost=17072.57..5942232.09 rows=2694 width=50) (actual time=20172.438..47221.912 rows=47987 loops=1)
                           Buffers: shared hit=57887 read=3677260
                           ->  Hash Join  (cost=17072.26..5913356.86 rows=543624 width=54) (actual time=135.772..47099.194 rows=283946 loops=1)
                                 Hash Cond: (catalog_sales.cs_item_sk = item.i_item_sk)
                                 Buffers: shared hit=51476 read=3677260
                                 ->  Seq Scan on catalog_sales  (cost=0.00..5874397.76 rows=8337669 width=41) (actual time=0.055..45455.096 rows=8349119 loops=1)
                                       Filter: ((cs_wholesale_cost >= '10'::numeric) AND (cs_wholesale_cost <= '15'::numeric))
                                       Rows Removed by Filter: 135643180
                                       Buffers: shared hit=51474 read=3662906
                                 ->  Hash  (cost=16906.00..16906.00 rows=13301 width=21) (actual time=135.359..135.360 rows=13933 loops=1)
                                       Buckets: 16384  Batches: 1  Memory Usage: 890kB
                                       Buffers: shared hit=2 read=14354
                                       ->  Seq Scan on item  (cost=0.00..16906.00 rows=13301 width=21) (actual time=0.028..131.782 rows=13933 loops=1)
                                             Filter: (i_category = 'Men'::bpchar)
                                             Rows Removed by Filter: 190067
                                             Buffers: shared hit=2 read=14354
                           ->  Memoize  (cost=0.30..7.22 rows=1 width=4) (actual time=0.000..0.000 rows=0 loops=283946)
                                 Cache Key: catalog_sales.cs_sold_date_sk
                                 Cache Mode: logical
                                 Hits: 281808  Misses: 2138  Evictions: 0  Overflows: 0  Memory Usage: 155kB
                                 Buffers: shared hit=6411
                                 ->  Index Scan using date_dim_pkey on date_dim  (cost=0.29..7.21 rows=1 width=4) (actual time=0.012..0.012 rows=0 loops=2138)
                                       Index Cond: (d_date_sk = catalog_sales.cs_sold_date_sk)
                                       Filter: (d_year = 2001)
                                       Rows Removed by Filter: 1
                                       Buffers: shared hit=6411
                     ->  Index Scan using customer_demographics_pkey on customer_demographics  (cost=0.43..7.36 rows=1 width=8) (actual time=0.012..0.012 rows=0 loops=47987)
                           Index Cond: (cd_demo_sk = catalog_sales.cs_bill_cdemo_sk)
                           Filter: ((cd_gender = 'M'::bpchar) AND (cd_education_status = 'Secondary'::bpchar))
                           Rows Removed by Filter: 1
                           Buffers: shared hit=150803 read=40909
               ->  Index Scan using customer_pkey on customer  (cost=0.43..7.35 rows=1 width=12) (actual time=0.020..0.020 rows=0 loops=1016)
                     Index Cond: (c_customer_sk = catalog_sales.cs_bill_customer_sk)
                     Filter: (c_birth_month = 1)
                     Rows Removed by Filter: 1
                     Buffers: shared hit=3929 read=127
         ->  Index Scan using customer_address_pkey on customer_address  (cost=0.42..7.36 rows=1 width=35) (actual time=0.019..0.019 rows=0 loops=94)
               Index Cond: (ca_address_sk = customer.c_current_addr_sk)
               Filter: (ca_state = ANY ('{AL,GA,OH}'::bpchar[]))
               Rows Removed by Filter: 1
               Buffers: shared hit=262 read=114
 Planning:
   Buffers: shared hit=406 read=48
 Planning Time: 4.644 ms
 Execution Time: 47853.704 ms
(53 rows)

