                                                                                  QUERY PLAN                                                                                  
------------------------------------------------------------------------------------------------------------------------------------------------------------------------------
 Aggregate  (cost=5938959.39..5938959.40 rows=1 width=268) (actual time=45960.967..45960.972 rows=1 loops=1)
   Buffers: shared hit=138329 read=3664386
   ->  Nested Loop  (cost=16954.16..5938959.36 rows=1 width=81) (actual time=28088.602..45960.935 rows=4 loops=1)
         Buffers: shared hit=138329 read=3664386
         ->  Nested Loop  (cost=16953.73..5938922.58 rows=5 width=54) (actual time=27165.255..45958.676 rows=109 loops=1)
               Buffers: shared hit=138101 read=3664178
               ->  Nested Loop  (cost=16953.31..5938525.45 rows=54 width=50) (actual time=27117.788..45945.603 rows=996 loops=1)
                     Buffers: shared hit=134389 read=3663910
                     ->  Nested Loop  (cost=16952.88..5932861.45 rows=770 width=50) (actual time=27089.653..45742.525 rows=15819 loops=1)
                           Buffers: shared hit=77135 read=3658012
                           ->  Hash Join  (cost=16952.58..5913690.79 rows=155441 width=54) (actual time=121.177..45668.387 rows=76656 loops=1)
                                 Hash Cond: (catalog_sales.cs_item_sk = item.i_item_sk)
                                 Buffers: shared hit=70724 read=3658012
                                 ->  Seq Scan on catalog_sales  (cost=0.00..5874397.76 rows=8510470 width=41) (actual time=0.055..44282.471 rows=8494738 loops=1)
                                       Filter: ((cs_wholesale_cost >= '64'::numeric) AND (cs_wholesale_cost <= '69'::numeric))
                                       Rows Removed by Filter: 135497561
                                       Buffers: shared hit=56368 read=3658012
                                 ->  Hash  (cost=16906.00..16906.00 rows=3726 width=21) (actual time=120.052..120.053 rows=3713 loops=1)
                                       Buckets: 4096  Batches: 1  Memory Usage: 236kB
                                       Buffers: shared hit=14356
                                       ->  Seq Scan on item  (cost=0.00..16906.00 rows=3726 width=21) (actual time=0.048..119.088 rows=3713 loops=1)
                                             Filter: (i_category = 'Music'::bpchar)
                                             Rows Removed by Filter: 200287
                                             Buffers: shared hit=14356
                           ->  Memoize  (cost=0.30..7.22 rows=1 width=4) (actual time=0.001..0.001 rows=0 loops=76656)
                                 Cache Key: catalog_sales.cs_sold_date_sk
                                 Cache Mode: logical
                                 Hits: 74518  Misses: 2138  Evictions: 0  Overflows: 0  Memory Usage: 155kB
                                 Buffers: shared hit=6411
                                 ->  Index Scan using date_dim_pkey on date_dim  (cost=0.29..7.21 rows=1 width=4) (actual time=0.014..0.014 rows=0 loops=2138)
                                       Index Cond: (d_date_sk = catalog_sales.cs_sold_date_sk)
                                       Filter: (d_year = 2002)
                                       Rows Removed by Filter: 1
                                       Buffers: shared hit=6411
                     ->  Index Scan using customer_demographics_pkey on customer_demographics  (cost=0.43..7.36 rows=1 width=8) (actual time=0.013..0.013 rows=0 loops=15819)
                           Index Cond: (cd_demo_sk = catalog_sales.cs_bill_cdemo_sk)
                           Filter: ((cd_gender = 'F'::bpchar) AND (cd_education_status = '2 yr Degree'::bpchar))
                           Rows Removed by Filter: 1
                           Buffers: shared hit=57254 read=5898
               ->  Index Scan using customer_pkey on customer  (cost=0.43..7.35 rows=1 width=12) (actual time=0.012..0.012 rows=0 loops=996)
                     Index Cond: (c_customer_sk = catalog_sales.cs_bill_customer_sk)
                     Filter: (c_birth_month = 1)
                     Rows Removed by Filter: 1
                     Buffers: shared hit=3712 read=268
         ->  Index Scan using customer_address_pkey on customer_address  (cost=0.42..7.36 rows=1 width=35) (actual time=0.019..0.019 rows=0 loops=109)
               Index Cond: (ca_address_sk = customer.c_current_addr_sk)
               Filter: (ca_state = ANY ('{NE,NM,TX}'::bpchar[]))
               Rows Removed by Filter: 1
               Buffers: shared hit=228 read=208
 Planning:
   Buffers: shared hit=454
 Planning Time: 4.331 ms
 Execution Time: 45961.500 ms
(53 rows)

