                                                                              QUERY PLAN                                                                              
----------------------------------------------------------------------------------------------------------------------------------------------------------------------
 Aggregate  (cost=5914421.15..5914421.16 rows=1 width=268) (actual time=46018.947..46018.951 rows=1 loops=1)
   Buffers: shared hit=151652 read=3657943
   ->  Nested Loop  (cost=17045.03..5914421.12 rows=1 width=81) (actual time=27402.143..46018.899 rows=6 loops=1)
         Buffers: shared hit=151652 read=3657943
         ->  Nested Loop  (cost=17044.61..5914413.75 rows=1 width=54) (actual time=27402.115..46017.216 rows=81 loops=1)
               Buffers: shared hit=151488 read=3657783
               ->  Nested Loop  (cost=17044.18..5914332.83 rows=11 width=54) (actual time=27362.328..46008.812 rows=584 loops=1)
                     Buffers: shared hit=149371 read=3657564
                     ->  Nested Loop  (cost=17043.75..5911817.14 rows=342 width=50) (actual time=27359.419..45791.070 rows=17972 loops=1)
                           Buffers: shared hit=83727 read=3651420
                           ->  Hash Join  (cost=17043.45..5894805.51 rows=69081 width=54) (actual time=122.858..45724.031 rows=73082 loops=1)
                                 Hash Cond: (catalog_sales.cs_item_sk = item.i_item_sk)
                                 Buffers: shared hit=77316 read=3651420
                                 ->  Seq Scan on catalog_sales  (cost=0.00..5874397.76 rows=1281611 width=41) (actual time=0.449..45311.587 rows=1213654 loops=1)
                                       Filter: ((cs_wholesale_cost >= '20'::numeric) AND (cs_wholesale_cost <= '25'::numeric))
                                       Rows Removed by Filter: 142778645
                                       Buffers: shared hit=62960 read=3651420
                                 ->  Hash  (cost=16906.00..16906.00 rows=10996 width=21) (actual time=122.218..122.219 rows=11037 loops=1)
                                       Buckets: 16384  Batches: 1  Memory Usage: 732kB
                                       Buffers: shared hit=14356
                                       ->  Seq Scan on item  (cost=0.00..16906.00 rows=10996 width=21) (actual time=0.061..119.102 rows=11037 loops=1)
                                             Filter: (i_category = 'Women'::bpchar)
                                             Rows Removed by Filter: 192963
                                             Buffers: shared hit=14356
                           ->  Memoize  (cost=0.30..7.22 rows=1 width=4) (actual time=0.001..0.001 rows=0 loops=73082)
                                 Cache Key: catalog_sales.cs_sold_date_sk
                                 Cache Mode: logical
                                 Hits: 70944  Misses: 2138  Evictions: 0  Overflows: 0  Memory Usage: 155kB
                                 Buffers: shared hit=6411
                                 ->  Index Scan using date_dim_pkey on date_dim  (cost=0.29..7.21 rows=1 width=4) (actual time=0.012..0.012 rows=0 loops=2138)
                                       Index Cond: (d_date_sk = catalog_sales.cs_sold_date_sk)
                                       Filter: (d_year = 2002)
                                       Rows Removed by Filter: 1
                                       Buffers: shared hit=6411
                     ->  Index Scan using customer_pkey on customer  (cost=0.43..7.36 rows=1 width=12) (actual time=0.012..0.012 rows=0 loops=17972)
                           Index Cond: (c_customer_sk = catalog_sales.cs_bill_customer_sk)
                           Filter: (c_birth_month = 6)
                           Rows Removed by Filter: 1
                           Buffers: shared hit=65644 read=6144
               ->  Index Scan using customer_demographics_pkey on customer_demographics  (cost=0.43..7.36 rows=1 width=8) (actual time=0.013..0.013 rows=0 loops=584)
                     Index Cond: (cd_demo_sk = catalog_sales.cs_bill_cdemo_sk)
                     Filter: ((cd_gender = 'M'::bpchar) AND (cd_education_status = '4 yr Degree'::bpchar))
                     Rows Removed by Filter: 1
                     Buffers: shared hit=2117 read=219
         ->  Index Scan using customer_address_pkey on customer_address  (cost=0.42..7.37 rows=1 width=35) (actual time=0.019..0.019 rows=0 loops=81)
               Index Cond: (ca_address_sk = customer.c_current_addr_sk)
               Filter: (ca_state = ANY ('{FL,OK,VA}'::bpchar[]))
               Rows Removed by Filter: 1
               Buffers: shared hit=164 read=160
 Planning:
   Buffers: shared hit=454
 Planning Time: 4.562 ms
 Execution Time: 46019.611 ms
(53 rows)

