                                                                              QUERY PLAN                                                                               
-----------------------------------------------------------------------------------------------------------------------------------------------------------------------
 Aggregate  (cost=5959334.03..5959334.04 rows=1 width=268) (actual time=43187.800..43187.806 rows=1 loops=1)
   Buffers: shared hit=336905 read=3701922
   ->  Nested Loop  (cost=17242.40..5959334.00 rows=1 width=81) (actual time=750.050..43187.767 rows=4 loops=1)
         Buffers: shared hit=336905 read=3701922
         ->  Nested Loop  (cost=17241.97..5959267.73 rows=9 width=54) (actual time=140.367..43186.258 rows=75 loops=1)
               Buffers: shared hit=336755 read=3701772
               ->  Nested Loop  (cost=17241.54..5958355.59 rows=124 width=54) (actual time=123.619..43149.614 rows=2898 loops=1)
                     Buffers: shared hit=326397 read=3700542
                     ->  Nested Loop  (cost=17241.12..5935336.27 rows=3130 width=50) (actual time=123.470..42359.887 rows=73045 loops=1)
                           Buffers: shared hit=62905 read=3672242
                           ->  Hash Join  (cost=17240.81..5904264.14 rows=631501 width=54) (actual time=123.425..42187.431 rows=468558 loops=1)
                                 Hash Cond: (catalog_sales.cs_item_sk = item.i_item_sk)
                                 Buffers: shared hit=56494 read=3672242
                                 ->  Seq Scan on catalog_sales  (cost=0.00..5874397.76 rows=4809639 width=41) (actual time=0.571..40961.120 rows=4933013 loops=1)
                                       Filter: ((cs_wholesale_cost >= '90'::numeric) AND (cs_wholesale_cost <= '95'::numeric))
                                       Rows Removed by Filter: 139059286
                                       Buffers: shared hit=42138 read=3672242
                                 ->  Hash  (cost=16906.00..16906.00 rows=26785 width=21) (actual time=122.278..122.279 rows=26695 loops=1)
                                       Buckets: 32768  Batches: 1  Memory Usage: 1716kB
                                       Buffers: shared hit=14356
                                       ->  Seq Scan on item  (cost=0.00..16906.00 rows=26785 width=21) (actual time=0.021..117.001 rows=26695 loops=1)
                                             Filter: (i_category = 'Children'::bpchar)
                                             Rows Removed by Filter: 177305
                                             Buffers: shared hit=14356
                           ->  Memoize  (cost=0.30..7.22 rows=1 width=4) (actual time=0.000..0.000 rows=0 loops=468558)
                                 Cache Key: catalog_sales.cs_sold_date_sk
                                 Cache Mode: logical
                                 Hits: 466420  Misses: 2138  Evictions: 0  Overflows: 0  Memory Usage: 155kB
                                 Buffers: shared hit=6411
                                 ->  Index Scan using date_dim_pkey on date_dim  (cost=0.29..7.21 rows=1 width=4) (actual time=0.013..0.013 rows=0 loops=2138)
                                       Index Cond: (d_date_sk = catalog_sales.cs_sold_date_sk)
                                       Filter: (d_year = 1998)
                                       Rows Removed by Filter: 1
                                       Buffers: shared hit=6411
                     ->  Index Scan using customer_pkey on customer  (cost=0.43..7.35 rows=1 width=12) (actual time=0.011..0.011 rows=0 loops=73045)
                           Index Cond: (c_customer_sk = catalog_sales.cs_bill_customer_sk)
                           Filter: (c_birth_month = 9)
                           Rows Removed by Filter: 1
                           Buffers: shared hit=263492 read=28300
               ->  Index Scan using customer_demographics_pkey on customer_demographics  (cost=0.43..7.36 rows=1 width=8) (actual time=0.012..0.012 rows=0 loops=2898)
                     Index Cond: (cd_demo_sk = catalog_sales.cs_bill_cdemo_sk)
                     Filter: ((cd_gender = 'F'::bpchar) AND (cd_education_status = 'Advanced Degree'::bpchar))
                     Rows Removed by Filter: 1
                     Buffers: shared hit=10358 read=1230
         ->  Index Scan using customer_address_pkey on customer_address  (cost=0.42..7.36 rows=1 width=35) (actual time=0.019..0.019 rows=0 loops=75)
               Index Cond: (ca_address_sk = customer.c_current_addr_sk)
               Filter: (ca_state = ANY ('{MI,NE,TX}'::bpchar[]))
               Rows Removed by Filter: 1
               Buffers: shared hit=150 read=150
 Planning:
   Buffers: shared hit=454
 Planning Time: 4.572 ms
 Execution Time: 43188.487 ms
(53 rows)

