                                                                              QUERY PLAN                                                                               
-----------------------------------------------------------------------------------------------------------------------------------------------------------------------
 Aggregate  (cost=6015187.18..6015187.19 rows=1 width=268) (actual time=49582.770..49582.775 rows=1 loops=1)
   Buffers: shared hit=732282 read=3725137
   ->  Nested Loop  (cost=17326.55..6015187.10 rows=3 width=81) (actual time=28705.195..49582.629 rows=20 loops=1)
         Buffers: shared hit=732282 read=3725137
         ->  Nested Loop  (cost=17326.12..6015047.18 rows=19 width=54) (actual time=28597.797..49574.397 rows=431 loops=1)
               Buffers: shared hit=731391 read=3724304
               ->  Nested Loop  (cost=17325.69..6013068.46 rows=269 width=54) (actual time=28574.763..49493.066 rows=6884 loops=1)
                     Buffers: shared hit=707948 read=3720219
                     ->  Nested Loop  (cost=17325.27..5963140.79 rows=6789 width=50) (actual time=28573.891..47722.636 rows=173454 loops=1)
                           Buffers: shared hit=83499 read=3651648
                           ->  Hash Join  (cost=17324.96..5913609.56 rows=1369871 width=54) (actual time=128.354..47401.889 rows=1048082 loops=1)
                                 Hash Cond: (catalog_sales.cs_item_sk = item.i_item_sk)
                                 Buffers: shared hit=77088 read=3651648
                                 ->  Seq Scan on catalog_sales  (cost=0.00..5874397.76 rows=8337669 width=41) (actual time=0.496..45578.688 rows=8349119 loops=1)
                                       Filter: ((cs_wholesale_cost >= '11'::numeric) AND (cs_wholesale_cost <= '16'::numeric))
                                       Rows Removed by Filter: 135643180
                                       Buffers: shared hit=62732 read=3651648
                                 ->  Hash  (cost=16906.00..16906.00 rows=33517 width=21) (actual time=127.011..127.011 rows=33627 loops=1)
                                       Buckets: 65536  Batches: 1  Memory Usage: 2351kB
                                       Buffers: shared hit=14356
                                       ->  Seq Scan on item  (cost=0.00..16906.00 rows=33517 width=21) (actual time=0.060..120.171 rows=33627 loops=1)
                                             Filter: (i_category = 'Shoes'::bpchar)
                                             Rows Removed by Filter: 170373
                                             Buffers: shared hit=14356
                           ->  Memoize  (cost=0.30..7.22 rows=1 width=4) (actual time=0.000..0.000 rows=0 loops=1048082)
                                 Cache Key: catalog_sales.cs_sold_date_sk
                                 Cache Mode: logical
                                 Hits: 1045944  Misses: 2138  Evictions: 0  Overflows: 0  Memory Usage: 155kB
                                 Buffers: shared hit=6411
                                 ->  Index Scan using date_dim_pkey on date_dim  (cost=0.29..7.21 rows=1 width=4) (actual time=0.012..0.012 rows=0 loops=2138)
                                       Index Cond: (d_date_sk = catalog_sales.cs_sold_date_sk)
                                       Filter: (d_year = 2002)
                                       Rows Removed by Filter: 1
                                       Buffers: shared hit=6411
                     ->  Index Scan using customer_pkey on customer  (cost=0.43..7.35 rows=1 width=12) (actual time=0.010..0.010 rows=0 loops=173454)
                           Index Cond: (c_customer_sk = catalog_sales.cs_bill_customer_sk)
                           Filter: (c_birth_month = 9)
                           Rows Removed by Filter: 1
                           Buffers: shared hit=624449 read=68571
               ->  Index Scan using customer_demographics_pkey on customer_demographics  (cost=0.43..7.36 rows=1 width=8) (actual time=0.011..0.011 rows=0 loops=6884)
                     Index Cond: (cd_demo_sk = catalog_sales.cs_bill_cdemo_sk)
                     Filter: ((cd_gender = 'F'::bpchar) AND (cd_education_status = '2 yr Degree'::bpchar))
                     Rows Removed by Filter: 1
                     Buffers: shared hit=23443 read=4085
         ->  Index Scan using customer_address_pkey on customer_address  (cost=0.42..7.36 rows=1 width=35) (actual time=0.018..0.018 rows=0 loops=431)
               Index Cond: (ca_address_sk = customer.c_current_addr_sk)
               Filter: (ca_state = ANY ('{IL,MI,TX}'::bpchar[]))
               Rows Removed by Filter: 1
               Buffers: shared hit=891 read=833
 Planning:
   Buffers: shared hit=454
 Planning Time: 4.958 ms
 Execution Time: 49583.467 ms
(53 rows)

