                                                                                  QUERY PLAN                                                                                  
------------------------------------------------------------------------------------------------------------------------------------------------------------------------------
 Aggregate  (cost=5944700.11..5944700.12 rows=1 width=268) (actual time=45900.557..45900.562 rows=1 loops=1)
   Buffers: shared hit=193636 read=3709259
   ->  Nested Loop  (cost=17180.68..5944700.03 rows=3 width=81) (actual time=11309.401..45900.550 rows=1 loops=1)
         Buffers: shared hit=193636 read=3709259
         ->  Nested Loop  (cost=17180.26..5944545.57 rows=21 width=54) (actual time=6410.411..45898.613 rows=94 loops=1)
               Buffers: shared hit=193447 read=3709072
               ->  Nested Loop  (cost=17179.83..5943449.75 rows=149 width=50) (actual time=6302.058..45886.014 rows=729 loops=1)
                     Buffers: shared hit=190816 read=3708791
                     ->  Nested Loop  (cost=17179.40..5927935.95 rows=2109 width=50) (actual time=6300.703..45401.642 rows=41176 loops=1)
                           Buffers: shared hit=52371 read=3682776
                           ->  Hash Join  (cost=17179.10..5902009.96 rows=425654 width=54) (actual time=142.327..45266.669 rows=342822 loops=1)
                                 Hash Cond: (catalog_sales.cs_item_sk = item.i_item_sk)
                                 Buffers: shared hit=45960 read=3682776
                                 ->  Seq Scan on catalog_sales  (cost=0.00..5874397.76 rows=3974433 width=41) (actual time=0.099..44251.662 rows=3999274 loops=1)
                                       Filter: ((cs_wholesale_cost >= '40'::numeric) AND (cs_wholesale_cost <= '45'::numeric))
                                       Rows Removed by Filter: 139993025
                                       Buffers: shared hit=45960 read=3668420
                                 ->  Hash  (cost=16906.00..16906.00 rows=21848 width=21) (actual time=141.885..141.886 rows=21811 loops=1)
                                       Buckets: 32768  Batches: 1  Memory Usage: 1449kB
                                       Buffers: shared read=14356
                                       ->  Seq Scan on item  (cost=0.00..16906.00 rows=21848 width=21) (actual time=0.050..136.206 rows=21811 loops=1)
                                             Filter: (i_category = 'Sports'::bpchar)
                                             Rows Removed by Filter: 182189
                                             Buffers: shared read=14356
                           ->  Memoize  (cost=0.30..7.22 rows=1 width=4) (actual time=0.000..0.000 rows=0 loops=342822)
                                 Cache Key: catalog_sales.cs_sold_date_sk
                                 Cache Mode: logical
                                 Hits: 340684  Misses: 2138  Evictions: 0  Overflows: 0  Memory Usage: 155kB
                                 Buffers: shared hit=6411
                                 ->  Index Scan using date_dim_pkey on date_dim  (cost=0.29..7.21 rows=1 width=4) (actual time=0.012..0.012 rows=0 loops=2138)
                                       Index Cond: (d_date_sk = catalog_sales.cs_sold_date_sk)
                                       Filter: (d_year = 1999)
                                       Rows Removed by Filter: 1
                                       Buffers: shared hit=6411
                     ->  Index Scan using customer_demographics_pkey on customer_demographics  (cost=0.43..7.36 rows=1 width=8) (actual time=0.012..0.012 rows=0 loops=41176)
                           Index Cond: (cd_demo_sk = catalog_sales.cs_bill_cdemo_sk)
                           Filter: ((cd_gender = 'F'::bpchar) AND (cd_education_status = 'Secondary'::bpchar))
                           Rows Removed by Filter: 1
                           Buffers: shared hit=138445 read=26015
               ->  Index Scan using customer_pkey on customer  (cost=0.43..7.35 rows=1 width=12) (actual time=0.016..0.016 rows=0 loops=729)
                     Index Cond: (c_customer_sk = catalog_sales.cs_bill_customer_sk)
                     Filter: (c_birth_month = 10)
                     Rows Removed by Filter: 1
                     Buffers: shared hit=2631 read=281
         ->  Index Scan using customer_address_pkey on customer_address  (cost=0.42..7.35 rows=1 width=35) (actual time=0.019..0.019 rows=0 loops=94)
               Index Cond: (ca_address_sk = customer.c_current_addr_sk)
               Filter: (ca_state = ANY ('{MS,OH,TX}'::bpchar[]))
               Rows Removed by Filter: 1
               Buffers: shared hit=189 read=187
 Planning:
   Buffers: shared hit=404 read=50
 Planning Time: 4.759 ms
 Execution Time: 45901.164 ms
(53 rows)

