                                                                                  QUERY PLAN                                                                                   
-------------------------------------------------------------------------------------------------------------------------------------------------------------------------------
 Aggregate  (cost=5966825.25..5966825.26 rows=1 width=268) (actual time=45664.648..45664.653 rows=1 loops=1)
   Buffers: shared hit=453132 read=3744299
   ->  Nested Loop  (cost=17119.15..5966825.16 rows=3 width=81) (actual time=6282.344..45664.469 rows=28 loops=1)
         Buffers: shared hit=453132 read=3744299
         ->  Nested Loop  (cost=17118.72..5966560.41 rows=36 width=54) (actual time=5882.116..45653.937 rows=596 loops=1)
               Buffers: shared hit=451907 read=3743140
               ->  Nested Loop  (cost=17118.29..5964964.54 rows=217 width=50) (actual time=5877.186..45602.379 rows=3537 loops=1)
                     Buffers: shared hit=439133 read=3741778
                     ->  Nested Loop  (cost=17117.87..5942190.78 rows=3096 width=50) (actual time=5872.488..44439.164 rows=111581 loops=1)
                           Buffers: shared hit=35238 read=3699909
                           ->  Hash Join  (cost=17117.56..5911285.30 rows=624836 width=54) (actual time=132.544..44051.596 rows=1288338 loops=1)
                                 Hash Cond: (catalog_sales.cs_item_sk = item.i_item_sk)
                                 Buffers: shared hit=28827 read=3699909
                                 ->  Seq Scan on catalog_sales  (cost=0.00..5874397.76 rows=7531262 width=41) (actual time=0.055..42372.057 rows=7518631 loops=1)
                                       Filter: ((cs_wholesale_cost >= '81'::numeric) AND (cs_wholesale_cost <= '86'::numeric))
                                       Rows Removed by Filter: 136473668
                                       Buffers: shared hit=28827 read=3685553
                                 ->  Hash  (cost=16906.00..16906.00 rows=16925 width=21) (actual time=132.236..132.237 rows=17141 loops=1)
                                       Buckets: 32768  Batches: 1  Memory Usage: 1194kB
                                       Buffers: shared read=14356
                                       ->  Seq Scan on item  (cost=0.00..16906.00 rows=16925 width=21) (actual time=0.025..127.516 rows=17141 loops=1)
                                             Filter: (i_category = 'Home'::bpchar)
                                             Rows Removed by Filter: 186859
                                             Buffers: shared read=14356
                           ->  Memoize  (cost=0.30..7.22 rows=1 width=4) (actual time=0.000..0.000 rows=0 loops=1288338)
                                 Cache Key: catalog_sales.cs_sold_date_sk
                                 Cache Mode: logical
                                 Hits: 1286200  Misses: 2138  Evictions: 0  Overflows: 0  Memory Usage: 155kB
                                 Buffers: shared hit=6411
                                 ->  Index Scan using date_dim_pkey on date_dim  (cost=0.29..7.21 rows=1 width=4) (actual time=0.012..0.012 rows=0 loops=2138)
                                       Index Cond: (d_date_sk = catalog_sales.cs_sold_date_sk)
                                       Filter: (d_year = 1999)
                                       Rows Removed by Filter: 1
                                       Buffers: shared hit=6411
                     ->  Index Scan using customer_demographics_pkey on customer_demographics  (cost=0.43..7.36 rows=1 width=8) (actual time=0.010..0.010 rows=0 loops=111581)
                           Index Cond: (cd_demo_sk = catalog_sales.cs_bill_cdemo_sk)
                           Filter: ((cd_gender = 'F'::bpchar) AND (cd_education_status = 'Advanced Degree'::bpchar))
                           Rows Removed by Filter: 1
                           Buffers: shared hit=403895 read=41869
               ->  Index Scan using customer_pkey on customer  (cost=0.43..7.35 rows=1 width=12) (actual time=0.014..0.014 rows=0 loops=3537)
                     Index Cond: (c_customer_sk = catalog_sales.cs_bill_customer_sk)
                     Filter: (c_birth_month = 4)
                     Rows Removed by Filter: 1
                     Buffers: shared hit=12774 read=1362
         ->  Index Scan using customer_address_pkey on customer_address  (cost=0.42..7.35 rows=1 width=35) (actual time=0.017..0.017 rows=0 loops=596)
               Index Cond: (ca_address_sk = customer.c_current_addr_sk)
               Filter: (ca_state = ANY ('{IA,OH,SD}'::bpchar[]))
               Rows Removed by Filter: 1
               Buffers: shared hit=1225 read=1159
 Planning:
   Buffers: shared hit=404 read=50
 Planning Time: 4.530 ms
 Execution Time: 45665.210 ms
(53 rows)

