                                                                                  QUERY PLAN                                                                                   
-------------------------------------------------------------------------------------------------------------------------------------------------------------------------------
 Aggregate  (cost=6024466.54..6024466.55 rows=1 width=268) (actual time=46573.727..46573.732 rows=1 loops=1)
   Buffers: shared hit=646507 read=3706548
   ->  Nested Loop  (cost=17242.40..6024466.24 rows=11 width=81) (actual time=6765.153..46573.575 rows=24 loops=1)
         Buffers: shared hit=646507 read=3706548
         ->  Nested Loop  (cost=17241.97..6023863.19 rows=82 width=54) (actual time=6136.163..46562.526 rows=571 loops=1)
               Buffers: shared hit=645319 read=3705452
               ->  Nested Loop  (cost=17241.54..6020259.67 rows=490 width=50) (actual time=6133.917..46518.170 rows=3160 loops=1)
                     Buffers: shared hit=634316 read=3703827
                     ->  Nested Loop  (cost=17241.12..5969533.91 rows=6896 width=50) (actual time=6130.987..44900.754 rows=150953 loops=1)
                           Buffers: shared hit=62054 read=3673093
                           ->  Hash Join  (cost=17240.81..5919460.18 rows=1391571 width=54) (actual time=113.685..44586.920 rows=980844 loops=1)
                                 Hash Cond: (catalog_sales.cs_item_sk = item.i_item_sk)
                                 Buffers: shared hit=55643 read=3673093
                                 ->  Seq Scan on catalog_sales  (cost=0.00..5874397.76 rows=10598487 width=41) (actual time=0.045..42420.935 rows=10312840 loops=1)
                                       Filter: ((cs_wholesale_cost >= '88'::numeric) AND (cs_wholesale_cost <= '93'::numeric))
                                       Rows Removed by Filter: 133679459
                                       Buffers: shared hit=41287 read=3673093
                                 ->  Hash  (cost=16906.00..16906.00 rows=26785 width=21) (actual time=113.267..113.267 rows=26695 loops=1)
                                       Buckets: 32768  Batches: 1  Memory Usage: 1716kB
                                       Buffers: shared hit=14356
                                       ->  Seq Scan on item  (cost=0.00..16906.00 rows=26785 width=21) (actual time=0.012..108.045 rows=26695 loops=1)
                                             Filter: (i_category = 'Children'::bpchar)
                                             Rows Removed by Filter: 177305
                                             Buffers: shared hit=14356
                           ->  Memoize  (cost=0.30..7.22 rows=1 width=4) (actual time=0.000..0.000 rows=0 loops=980844)
                                 Cache Key: catalog_sales.cs_sold_date_sk
                                 Cache Mode: logical
                                 Hits: 978706  Misses: 2138  Evictions: 0  Overflows: 0  Memory Usage: 155kB
                                 Buffers: shared hit=6411
                                 ->  Index Scan using date_dim_pkey on date_dim  (cost=0.29..7.21 rows=1 width=4) (actual time=0.012..0.012 rows=0 loops=2138)
                                       Index Cond: (d_date_sk = catalog_sales.cs_sold_date_sk)
                                       Filter: (d_year = 1999)
                                       Rows Removed by Filter: 1
                                       Buffers: shared hit=6411
                     ->  Index Scan using customer_demographics_pkey on customer_demographics  (cost=0.43..7.36 rows=1 width=8) (actual time=0.011..0.011 rows=0 loops=150953)
                           Index Cond: (cd_demo_sk = catalog_sales.cs_bill_cdemo_sk)
                           Filter: ((cd_gender = 'M'::bpchar) AND (cd_education_status = 'Secondary'::bpchar))
                           Rows Removed by Filter: 1
                           Buffers: shared hit=572262 read=30734
               ->  Index Scan using customer_pkey on customer  (cost=0.43..7.35 rows=1 width=12) (actual time=0.014..0.014 rows=0 loops=3160)
                     Index Cond: (c_customer_sk = catalog_sales.cs_bill_customer_sk)
                     Filter: (c_birth_month = 4)
                     Rows Removed by Filter: 1
                     Buffers: shared hit=11003 read=1625
         ->  Index Scan using customer_address_pkey on customer_address  (cost=0.42..7.35 rows=1 width=35) (actual time=0.019..0.019 rows=0 loops=571)
               Index Cond: (ca_address_sk = customer.c_current_addr_sk)
               Filter: (ca_state = ANY ('{IN,NE,TX}'::bpchar[]))
               Rows Removed by Filter: 1
               Buffers: shared hit=1188 read=1096
 Planning:
   Buffers: shared hit=453 read=1
 Planning Time: 4.303 ms
 Execution Time: 46574.269 ms
(53 rows)

