                                                                            QUERY PLAN                                                                            
------------------------------------------------------------------------------------------------------------------------------------------------------------------
 Aggregate  (cost=5921990.90..5921990.91 rows=1 width=268) (actual time=46997.688..46997.693 rows=1 loops=1)
   Buffers: shared hit=145378 read=3643809
   ->  Nested Loop  (cost=17019.78..5921990.87 rows=1 width=81) (actual time=28442.020..46997.588 rows=13 loops=1)
         Buffers: shared hit=145378 read=3643809
         ->  Nested Loop  (cost=17019.36..5921983.51 rows=1 width=81) (actual time=27782.637..46996.926 rows=41 loops=1)
               Buffers: shared hit=145228 read=3643795
               ->  Nested Loop  (cost=17018.93..5921762.67 rows=30 width=54) (actual time=27644.747..46979.776 rows=595 loops=1)
                     Buffers: shared hit=144009 read=3642634
                     ->  Nested Loop  (cost=17018.50..5917232.13 rows=616 width=50) (actual time=27640.381..46791.966 rows=12889 loops=1)
                           Buffers: shared hit=103422 read=3631725
                           ->  Hash Join  (cost=17018.20..5898837.58 rows=124398 width=54) (actual time=112.872..46725.834 rows=63742 loops=1)
                                 Hash Cond: (catalog_sales.cs_item_sk = item.i_item_sk)
                                 Buffers: shared hit=97011 read=3631725
                                 ->  Seq Scan on catalog_sales  (cost=0.00..5874397.76 rows=2827223 width=41) (actual time=0.085..46038.252 rows=2916247 loops=1)
                                       Filter: ((cs_wholesale_cost >= '1'::numeric) AND (cs_wholesale_cost <= '6'::numeric))
                                       Rows Removed by Filter: 141076052
                                       Buffers: shared hit=82655 read=3631725
                                 ->  Hash  (cost=16906.00..16906.00 rows=8976 width=21) (actual time=112.217..112.218 rows=8826 loops=1)
                                       Buckets: 16384  Batches: 1  Memory Usage: 611kB
                                       Buffers: shared hit=14356
                                       ->  Seq Scan on item  (cost=0.00..16906.00 rows=8976 width=21) (actual time=0.012..110.170 rows=8826 loops=1)
                                             Filter: (i_category = 'Jewelry'::bpchar)
                                             Rows Removed by Filter: 195174
                                             Buffers: shared hit=14356
                           ->  Memoize  (cost=0.30..7.22 rows=1 width=4) (actual time=0.001..0.001 rows=0 loops=63742)
                                 Cache Key: catalog_sales.cs_sold_date_sk
                                 Cache Mode: logical
                                 Hits: 61604  Misses: 2138  Evictions: 0  Overflows: 0  Memory Usage: 155kB
                                 Buffers: shared hit=6411
                                 ->  Index Scan using date_dim_pkey on date_dim  (cost=0.29..7.21 rows=1 width=4) (actual time=0.013..0.013 rows=0 loops=2138)
                                       Index Cond: (d_date_sk = catalog_sales.cs_sold_date_sk)
                                       Filter: (d_year = 2002)
                                       Rows Removed by Filter: 1
                                       Buffers: shared hit=6411
                     ->  Index Scan using customer_pkey on customer  (cost=0.43..7.35 rows=1 width=12) (actual time=0.014..0.014 rows=0 loops=12889)
                           Index Cond: (c_customer_sk = catalog_sales.cs_bill_customer_sk)
                           Filter: (c_birth_month = 7)
                           Rows Removed by Filter: 1
                           Buffers: shared hit=40587 read=10909
               ->  Index Scan using customer_address_pkey on customer_address  (cost=0.42..7.36 rows=1 width=35) (actual time=0.028..0.028 rows=0 loops=595)
                     Index Cond: (ca_address_sk = customer.c_current_addr_sk)
                     Filter: (ca_state = ANY ('{SC,WA,WI}'::bpchar[]))
                     Rows Removed by Filter: 1
                     Buffers: shared hit=1219 read=1161
         ->  Index Scan using customer_demographics_pkey on customer_demographics  (cost=0.43..7.36 rows=1 width=8) (actual time=0.014..0.014 rows=0 loops=41)
               Index Cond: (cd_demo_sk = catalog_sales.cs_bill_cdemo_sk)
               Filter: ((cd_gender = 'M'::bpchar) AND (cd_education_status = '2 yr Degree'::bpchar))
               Rows Removed by Filter: 1
               Buffers: shared hit=150 read=14
 Planning:
   Buffers: shared hit=454
 Planning Time: 4.435 ms
 Execution Time: 46998.279 ms
(53 rows)

