                                                                              QUERY PLAN                                                                              
----------------------------------------------------------------------------------------------------------------------------------------------------------------------
 Aggregate  (cost=5942475.62..5942475.63 rows=1 width=268) (actual time=47915.275..47915.280 rows=1 loops=1)
   Buffers: shared hit=122361 read=3659866
   ->  Nested Loop  (cost=16954.16..5942475.59 rows=1 width=81) (actual time=47915.270..47915.275 rows=0 loops=1)
         Buffers: shared hit=122361 read=3659866
         ->  Nested Loop  (cost=16953.73..5942453.51 rows=3 width=54) (actual time=445.893..47915.165 rows=5 loops=1)
               Buffers: shared hit=122351 read=3659856
               ->  Nested Loop  (cost=16953.31..5942144.56 rows=42 width=54) (actual time=150.104..47905.872 rows=513 loops=1)
                     Buffers: shared hit=120501 read=3659654
                     ->  Nested Loop  (cost=16952.88..5935834.69 rows=858 width=50) (actual time=137.869..47722.154 rows=11263 loops=1)
                           Buffers: shared hit=82694 read=3652453
                           ->  Hash Join  (cost=16952.58..5916223.45 rows=173063 width=54) (actual time=137.820..47650.335 rows=84178 loops=1)
                                 Hash Cond: (catalog_sales.cs_item_sk = item.i_item_sk)
                                 Buffers: shared hit=76283 read=3652453
                                 ->  Seq Scan on catalog_sales  (cost=0.00..5874397.76 rows=9475278 width=41) (actual time=0.153..46181.242 rows=9280537 loops=1)
                                       Filter: ((cs_wholesale_cost >= '5'::numeric) AND (cs_wholesale_cost <= '10'::numeric))
                                       Rows Removed by Filter: 134711762
                                       Buffers: shared hit=76283 read=3638097
                                 ->  Hash  (cost=16906.00..16906.00 rows=3726 width=21) (actual time=137.238..137.239 rows=3713 loops=1)
                                       Buckets: 4096  Batches: 1  Memory Usage: 236kB
                                       Buffers: shared read=14356
                                       ->  Seq Scan on item  (cost=0.00..16906.00 rows=3726 width=21) (actual time=0.123..136.100 rows=3713 loops=1)
                                             Filter: (i_category = 'Music'::bpchar)
                                             Rows Removed by Filter: 200287
                                             Buffers: shared read=14356
                           ->  Memoize  (cost=0.30..7.22 rows=1 width=4) (actual time=0.001..0.001 rows=0 loops=84178)
                                 Cache Key: catalog_sales.cs_sold_date_sk
                                 Cache Mode: logical
                                 Hits: 82040  Misses: 2138  Evictions: 0  Overflows: 0  Memory Usage: 155kB
                                 Buffers: shared hit=6411
                                 ->  Index Scan using date_dim_pkey on date_dim  (cost=0.29..7.21 rows=1 width=4) (actual time=0.013..0.013 rows=0 loops=2138)
                                       Index Cond: (d_date_sk = catalog_sales.cs_sold_date_sk)
                                       Filter: (d_year = 1998)
                                       Rows Removed by Filter: 1
                                       Buffers: shared hit=6411
                     ->  Index Scan using customer_pkey on customer  (cost=0.43..7.35 rows=1 width=12) (actual time=0.016..0.016 rows=0 loops=11263)
                           Index Cond: (c_customer_sk = catalog_sales.cs_bill_customer_sk)
                           Filter: (c_birth_month = 7)
                           Rows Removed by Filter: 1
                           Buffers: shared hit=37807 read=7201
               ->  Index Scan using customer_demographics_pkey on customer_demographics  (cost=0.43..7.36 rows=1 width=8) (actual time=0.017..0.017 rows=0 loops=513)
                     Index Cond: (cd_demo_sk = catalog_sales.cs_bill_cdemo_sk)
                     Filter: ((cd_gender = 'F'::bpchar) AND (cd_education_status = 'Primary'::bpchar))
                     Rows Removed by Filter: 1
                     Buffers: shared hit=1850 read=202
         ->  Index Scan using customer_address_pkey on customer_address  (cost=0.42..7.36 rows=1 width=35) (actual time=0.021..0.021 rows=0 loops=5)
               Index Cond: (ca_address_sk = customer.c_current_addr_sk)
               Filter: (ca_state = ANY ('{AL,NC,TX}'::bpchar[]))
               Rows Removed by Filter: 1
               Buffers: shared hit=10 read=10
 Planning:
   Buffers: shared hit=454
 Planning Time: 4.371 ms
 Execution Time: 47915.896 ms
(53 rows)

