                                                                                  QUERY PLAN                                                                                   
-------------------------------------------------------------------------------------------------------------------------------------------------------------------------------
 Aggregate  (cost=5960365.72..5960365.73 rows=1 width=268) (actual time=47930.474..47930.479 rows=1 loops=1)
   Buffers: shared hit=991237 read=3700042
   ->  Nested Loop  (cost=17119.15..5960365.70 rows=1 width=81) (actual time=19270.441..47930.217 rows=39 loops=1)
         Buffers: shared hit=991237 read=3700042
         ->  Nested Loop  (cost=17118.72..5960240.62 rows=17 width=54) (actual time=19025.871..47914.871 rows=702 loops=1)
               Buffers: shared hit=989748 read=3698723
               ->  Nested Loop  (cost=17118.29..5958740.35 rows=204 width=50) (actual time=19023.685..47782.377 rows=8792 loops=1)
                     Buffers: shared hit=961143 read=3692188
                     ->  Nested Loop  (cost=17117.87..5938401.33 rows=2765 width=50) (actual time=19023.358..44971.292 rows=229832 loops=1)
                           Buffers: shared hit=101449 read=3633698
                           ->  Hash Join  (cost=17117.56..5909168.43 rows=557932 width=54) (actual time=125.394..44598.616 rows=1159303 loops=1)
                                 Hash Cond: (catalog_sales.cs_item_sk = item.i_item_sk)
                                 Buffers: shared hit=95038 read=3633698
                                 ->  Seq Scan on catalog_sales  (cost=0.00..5874397.76 rows=6724855 width=41) (actual time=0.875..43047.907 rows=6763882 loops=1)
                                       Filter: ((cs_wholesale_cost >= '69'::numeric) AND (cs_wholesale_cost <= '74'::numeric))
                                       Rows Removed by Filter: 137228417
                                       Buffers: shared hit=80809 read=3633571
                                 ->  Hash  (cost=16906.00..16906.00 rows=16925 width=21) (actual time=124.123..124.124 rows=17141 loops=1)
                                       Buckets: 32768  Batches: 1  Memory Usage: 1194kB
                                       Buffers: shared hit=14229 read=127
                                       ->  Seq Scan on item  (cost=0.00..16906.00 rows=16925 width=21) (actual time=0.178..120.439 rows=17141 loops=1)
                                             Filter: (i_category = 'Home'::bpchar)
                                             Rows Removed by Filter: 186859
                                             Buffers: shared hit=14229 read=127
                           ->  Memoize  (cost=0.30..7.22 rows=1 width=4) (actual time=0.000..0.000 rows=0 loops=1159303)
                                 Cache Key: catalog_sales.cs_sold_date_sk
                                 Cache Mode: logical
                                 Hits: 1157165  Misses: 2138  Evictions: 0  Overflows: 0  Memory Usage: 155kB
                                 Buffers: shared hit=6411
                                 ->  Index Scan using date_dim_pkey on date_dim  (cost=0.29..7.21 rows=1 width=4) (actual time=0.013..0.013 rows=0 loops=2138)
                                       Index Cond: (d_date_sk = catalog_sales.cs_sold_date_sk)
                                       Filter: (d_year = 2001)
                                       Rows Removed by Filter: 1
                                       Buffers: shared hit=6411
                     ->  Index Scan using customer_demographics_pkey on customer_demographics  (cost=0.43..7.36 rows=1 width=8) (actual time=0.012..0.012 rows=0 loops=229832)
                           Index Cond: (cd_demo_sk = catalog_sales.cs_bill_cdemo_sk)
                           Filter: ((cd_gender = 'F'::bpchar) AND (cd_education_status = '4 yr Degree'::bpchar))
                           Rows Removed by Filter: 1
                           Buffers: shared hit=859694 read=58490
               ->  Index Scan using customer_pkey on customer  (cost=0.43..7.35 rows=1 width=12) (actual time=0.015..0.015 rows=0 loops=8792)
                     Index Cond: (c_customer_sk = catalog_sales.cs_bill_customer_sk)
                     Filter: (c_birth_month = 11)
                     Rows Removed by Filter: 1
                     Buffers: shared hit=28605 read=6535
         ->  Index Scan using customer_address_pkey on customer_address  (cost=0.42..7.36 rows=1 width=35) (actual time=0.021..0.021 rows=0 loops=702)
               Index Cond: (ca_address_sk = customer.c_current_addr_sk)
               Filter: (ca_state = ANY ('{KY,MI,ND}'::bpchar[]))
               Rows Removed by Filter: 1
               Buffers: shared hit=1489 read=1319
 Planning:
   Buffers: shared hit=454
 Planning Time: 4.484 ms
 Execution Time: 47931.146 ms
(53 rows)

