                                                                               QUERY PLAN                                                                               
------------------------------------------------------------------------------------------------------------------------------------------------------------------------
 Aggregate  (cost=6031832.04..6031832.05 rows=1 width=268) (actual time=54236.434..54236.440 rows=1 loops=1)
   Buffers: shared hit=1320819 read=3856263
   ->  Nested Loop  (cost=19717.88..6031831.96 rows=3 width=81) (actual time=6521.245..54236.292 rows=20 loops=1)
         Buffers: shared hit=1320819 read=3856263
         ->  Nested Loop  (cost=19717.46..6031625.68 rows=28 width=54) (actual time=6501.331..54226.709 rows=386 loops=1)
               Buffers: shared hit=1319987 read=3855551
               ->  Nested Loop  (cost=19717.03..6028639.23 rows=406 width=54) (actual time=6499.852..54039.495 rows=11689 loops=1)
                     Buffers: shared hit=1274957 read=3853857
                     ->  Hash Join  (cost=19716.60..5935257.32 rows=12698 width=50) (actual time=6499.776..48730.923 rows=350075 loops=1)
                           Hash Cond: (catalog_sales.cs_item_sk = item.i_item_sk)
                           Buffers: shared hit=7465 read=3722745
                           ->  Hash Join  (cost=2391.64..5917729.49 rows=77284 width=37) (actual time=6362.789..48204.443 rows=2071676 loops=1)
                                 Hash Cond: (catalog_sales.cs_sold_date_sk = date_dim.d_date_sk)
                                 Buffers: shared hit=3000 read=3712854
                                 ->  Seq Scan on catalog_sales  (cost=0.00..5874397.76 rows=15595328 width=41) (actual time=0.050..46574.916 rows=15696054 loops=1)
                                       Filter: ((cs_wholesale_cost >= '23'::numeric) AND (cs_wholesale_cost <= '28'::numeric))
                                       Rows Removed by Filter: 128296245
                                       Buffers: shared hit=2958 read=3711422
                                 ->  Hash  (cost=2387.11..2387.11 rows=362 width=4) (actual time=23.984..23.985 rows=365 loops=1)
                                       Buckets: 1024  Batches: 1  Memory Usage: 21kB
                                       Buffers: shared hit=42 read=1432
                                       ->  Seq Scan on date_dim  (cost=0.00..2387.11 rows=362 width=4) (actual time=13.877..23.926 rows=365 loops=1)
                                             Filter: (d_year = 1999)
                                             Rows Removed by Filter: 72684
                                             Buffers: shared hit=42 read=1432
                           ->  Hash  (cost=16906.00..16906.00 rows=33517 width=21) (actual time=136.756..136.756 rows=33627 loops=1)
                                 Buckets: 65536  Batches: 1  Memory Usage: 2351kB
                                 Buffers: shared hit=4465 read=9891
                                 ->  Seq Scan on item  (cost=0.00..16906.00 rows=33517 width=21) (actual time=0.020..128.762 rows=33627 loops=1)
                                       Filter: (i_category = 'Shoes'::bpchar)
                                       Rows Removed by Filter: 170373
                                       Buffers: shared hit=4465 read=9891
                     ->  Index Scan using customer_pkey on customer  (cost=0.43..7.35 rows=1 width=12) (actual time=0.015..0.015 rows=0 loops=350075)
                           Index Cond: (c_customer_sk = catalog_sales.cs_bill_customer_sk)
                           Filter: (c_birth_month = 6)
                           Rows Removed by Filter: 1
                           Buffers: shared hit=1267492 read=131112
               ->  Index Scan using customer_demographics_pkey on customer_demographics  (cost=0.43..7.36 rows=1 width=8) (actual time=0.016..0.016 rows=0 loops=11689)
                     Index Cond: (cd_demo_sk = catalog_sales.cs_bill_cdemo_sk)
                     Filter: ((cd_gender = 'F'::bpchar) AND (cd_education_status = 'Advanced Degree'::bpchar))
                     Rows Removed by Filter: 1
                     Buffers: shared hit=45030 read=1694
         ->  Index Scan using customer_address_pkey on customer_address  (cost=0.42..7.37 rows=1 width=35) (actual time=0.024..0.024 rows=0 loops=386)
               Index Cond: (ca_address_sk = customer.c_current_addr_sk)
               Filter: (ca_state = ANY ('{IA,KS,VA}'::bpchar[]))
               Rows Removed by Filter: 1
               Buffers: shared hit=832 read=712
 Planning:
   Buffers: shared hit=454
 Planning Time: 4.382 ms
 Execution Time: 54236.998 ms
(51 rows)

