                                                                                  QUERY PLAN                                                                                   
-------------------------------------------------------------------------------------------------------------------------------------------------------------------------------
 Aggregate  (cost=6029533.19..6029533.20 rows=1 width=268) (actual time=49182.823..49182.828 rows=1 loops=1)
   Buffers: shared hit=610673 read=3695698
   ->  Nested Loop  (cost=17180.68..6029533.11 rows=3 width=81) (actual time=6723.475..49182.566 rows=43 loops=1)
         Buffers: shared hit=610673 read=3695698
         ->  Nested Loop  (cost=17180.26..6029172.65 rows=49 width=54) (actual time=6612.440..49165.861 rows=985 loops=1)
               Buffers: shared hit=608592 read=3693839
               ->  Nested Loop  (cost=17179.83..6025561.79 rows=491 width=50) (actual time=6605.385..49048.941 rows=9977 loops=1)
                     Buffers: shared hit=571490 read=3691053
                     ->  Nested Loop  (cost=17179.40..5975226.01 rows=6843 width=50) (actual time=6605.021..47778.911 rows=132025 loops=1)
                           Buffers: shared hit=62208 read=3672939
                           ->  Hash Join  (cost=17179.10..5925421.44 rows=1380805 width=54) (actual time=117.149..47429.560 rows=1089798 loops=1)
                                 Hash Cond: (catalog_sales.cs_item_sk = item.i_item_sk)
                                 Buffers: shared hit=55953 read=3672783
                                 ->  Seq Scan on catalog_sales  (cost=0.00..5874397.76 rows=12892906 width=41) (actual time=0.047..45003.978 rows=12722112 loops=1)
                                       Filter: ((cs_wholesale_cost >= '35'::numeric) AND (cs_wholesale_cost <= '40'::numeric))
                                       Rows Removed by Filter: 131270187
                                       Buffers: shared hit=41597 read=3672783
                                 ->  Hash  (cost=16906.00..16906.00 rows=21848 width=21) (actual time=116.815..116.816 rows=21811 loops=1)
                                       Buckets: 32768  Batches: 1  Memory Usage: 1449kB
                                       Buffers: shared hit=14356
                                       ->  Seq Scan on item  (cost=0.00..16906.00 rows=21848 width=21) (actual time=0.040..112.117 rows=21811 loops=1)
                                             Filter: (i_category = 'Sports'::bpchar)
                                             Rows Removed by Filter: 182189
                                             Buffers: shared hit=14356
                           ->  Memoize  (cost=0.30..7.22 rows=1 width=4) (actual time=0.000..0.000 rows=0 loops=1089798)
                                 Cache Key: catalog_sales.cs_sold_date_sk
                                 Cache Mode: logical
                                 Hits: 1087660  Misses: 2138  Evictions: 0  Overflows: 0  Memory Usage: 155kB
                                 Buffers: shared hit=6255 read=156
                                 ->  Index Scan using date_dim_pkey on date_dim  (cost=0.29..7.21 rows=1 width=4) (actual time=0.015..0.015 rows=0 loops=2138)
                                       Index Cond: (d_date_sk = catalog_sales.cs_sold_date_sk)
                                       Filter: (d_year = 1999)
                                       Rows Removed by Filter: 1
                                       Buffers: shared hit=6255 read=156
                     ->  Index Scan using customer_demographics_pkey on customer_demographics  (cost=0.43..7.36 rows=1 width=8) (actual time=0.009..0.009 rows=0 loops=132025)
                           Index Cond: (cd_demo_sk = catalog_sales.cs_bill_cdemo_sk)
                           Filter: ((cd_gender = 'M'::bpchar) AND (cd_education_status = 'Primary'::bpchar))
                           Rows Removed by Filter: 1
                           Buffers: shared hit=509282 read=18114
               ->  Index Scan using customer_pkey on customer  (cost=0.43..7.35 rows=1 width=12) (actual time=0.011..0.011 rows=0 loops=9977)
                     Index Cond: (c_customer_sk = catalog_sales.cs_bill_customer_sk)
                     Filter: (c_birth_month = 1)
                     Rows Removed by Filter: 1
                     Buffers: shared hit=37102 read=2786
         ->  Index Scan using customer_address_pkey on customer_address  (cost=0.42..7.36 rows=1 width=35) (actual time=0.016..0.016 rows=0 loops=985)
               Index Cond: (ca_address_sk = customer.c_current_addr_sk)
               Filter: (ca_state = ANY ('{MI,NE,WV}'::bpchar[]))
               Rows Removed by Filter: 1
               Buffers: shared hit=2081 read=1859
 Planning:
   Buffers: shared hit=452 read=2
 Planning Time: 4.555 ms
 Execution Time: 49183.437 ms
(53 rows)

