                                                                               QUERY PLAN                                                                               
------------------------------------------------------------------------------------------------------------------------------------------------------------------------
 Aggregate  (cost=5992479.07..5992479.08 rows=1 width=268) (actual time=45942.083..45942.088 rows=1 loops=1)
   Buffers: shared hit=743174 read=3792125
   ->  Nested Loop  (cost=17437.73..5992479.01 rows=2 width=81) (actual time=5713.576..45941.042 rows=179 loops=1)
         Buffers: shared hit=743174 read=3792125
         ->  Nested Loop  (cost=17437.31..5992280.33 rows=27 width=54) (actual time=5712.845..45887.228 rows=2674 loops=1)
               Buffers: shared hit=737176 read=3787427
               ->  Nested Loop  (cost=17436.88..5989463.01 rows=383 width=54) (actual time=5711.059..45710.587 rows=12482 loops=1)
                     Buffers: shared hit=688906 read=3785797
                     ->  Nested Loop  (cost=17436.45..5948947.82 rows=5509 width=50) (actual time=5709.728..43228.535 rows=185118 loops=1)
                           Buffers: shared hit=19706 read=3715441
                           ->  Hash Join  (cost=17436.15..5905870.71 rows=1111703 width=54) (actual time=133.281..42861.808 rows=1188852 loops=1)
                                 Hash Cond: (catalog_sales.cs_item_sk = item.i_item_sk)
                                 Buffers: shared hit=13295 read=3715441
                                 ->  Seq Scan on catalog_sales  (cost=0.00..5874397.76 rows=5347244 width=41) (actual time=0.039..41381.200 rows=5484290 loops=1)
                                       Filter: ((cs_wholesale_cost >= '95'::numeric) AND (cs_wholesale_cost <= '100'::numeric))
                                       Rows Removed by Filter: 138508009
                                       Buffers: shared hit=2347 read=3712033
                                 ->  Hash  (cost=16906.00..16906.00 rows=42412 width=21) (actual time=132.781..132.782 rows=42041 loops=1)
                                       Buckets: 65536  Batches: 1  Memory Usage: 2812kB
                                       Buffers: shared hit=10948 read=3408
                                       ->  Seq Scan on item  (cost=0.00..16906.00 rows=42412 width=21) (actual time=0.021..122.880 rows=42041 loops=1)
                                             Filter: (i_category = 'Electronics'::bpchar)
                                             Rows Removed by Filter: 161959
                                             Buffers: shared hit=10948 read=3408
                           ->  Memoize  (cost=0.30..7.22 rows=1 width=4) (actual time=0.000..0.000 rows=0 loops=1188852)
                                 Cache Key: catalog_sales.cs_sold_date_sk
                                 Cache Mode: logical
                                 Hits: 1186714  Misses: 2138  Evictions: 0  Overflows: 0  Memory Usage: 155kB
                                 Buffers: shared hit=6411
                                 ->  Index Scan using date_dim_pkey on date_dim  (cost=0.29..7.21 rows=1 width=4) (actual time=0.013..0.013 rows=0 loops=2138)
                                       Index Cond: (d_date_sk = catalog_sales.cs_sold_date_sk)
                                       Filter: (d_year = 1999)
                                       Rows Removed by Filter: 1
                                       Buffers: shared hit=6411
                     ->  Index Scan using customer_pkey on customer  (cost=0.43..7.35 rows=1 width=12) (actual time=0.013..0.013 rows=0 loops=185118)
                           Index Cond: (c_customer_sk = catalog_sales.cs_bill_customer_sk)
                           Filter: (c_birth_month = 12)
                           Rows Removed by Filter: 1
                           Buffers: shared hit=669200 read=70356
               ->  Index Scan using customer_demographics_pkey on customer_demographics  (cost=0.43..7.36 rows=1 width=8) (actual time=0.014..0.014 rows=0 loops=12482)
                     Index Cond: (cd_demo_sk = catalog_sales.cs_bill_cdemo_sk)
                     Filter: ((cd_gender = 'M'::bpchar) AND (cd_education_status = '2 yr Degree'::bpchar))
                     Rows Removed by Filter: 1
                     Buffers: shared hit=48270 read=1630
         ->  Index Scan using customer_address_pkey on customer_address  (cost=0.42..7.36 rows=1 width=35) (actual time=0.020..0.020 rows=0 loops=2674)
               Index Cond: (ca_address_sk = customer.c_current_addr_sk)
               Filter: (ca_state = ANY ('{KY,NE,WI}'::bpchar[]))
               Rows Removed by Filter: 1
               Buffers: shared hit=5998 read=4698
 Planning:
   Buffers: shared hit=454
 Planning Time: 4.261 ms
 Execution Time: 45942.685 ms
(53 rows)

