                                                                                  QUERY PLAN                                                                                  
------------------------------------------------------------------------------------------------------------------------------------------------------------------------------
 Aggregate  (cost=5968026.65..5968026.66 rows=1 width=268) (actual time=45409.434..45409.439 rows=1 loops=1)
   Buffers: shared hit=335369 read=3688606
   ->  Nested Loop  (cost=17180.68..5968026.57 rows=3 width=81) (actual time=6249.052..45409.199 rows=34 loops=1)
         Buffers: shared hit=335369 read=3688606
         ->  Nested Loop  (cost=17180.26..5967805.91 rows=30 width=54) (actual time=6232.427..45392.998 rows=987 loops=1)
               Buffers: shared hit=333178 read=3686849
               ->  Nested Loop  (cost=17179.83..5965945.27 rows=253 width=50) (actual time=6209.829..45287.606 rows=8219 loops=1)
                     Buffers: shared hit=303094 read=3684097
                     ->  Nested Loop  (cost=17179.40..5940891.10 rows=3406 width=50) (actual time=6209.636..44641.495 rows=63085 loops=1)
                           Buffers: shared hit=59840 read=3675307
                           ->  Hash Join  (cost=17179.10..5908423.54 rows=687318 width=54) (actual time=142.443..44457.093 rows=522039 loops=1)
                                 Hash Cond: (catalog_sales.cs_item_sk = item.i_item_sk)
                                 Buffers: shared hit=53429 read=3675307
                                 ->  Seq Scan on catalog_sales  (cost=0.00..5874397.76 rows=6417653 width=41) (actual time=0.069..43068.160 rows=6094526 loops=1)
                                       Filter: ((cs_wholesale_cost >= '63'::numeric) AND (cs_wholesale_cost <= '68'::numeric))
                                       Rows Removed by Filter: 137897773
                                       Buffers: shared hit=53429 read=3660951
                                 ->  Hash  (cost=16906.00..16906.00 rows=21848 width=21) (actual time=142.038..142.039 rows=21811 loops=1)
                                       Buckets: 32768  Batches: 1  Memory Usage: 1449kB
                                       Buffers: shared read=14356
                                       ->  Seq Scan on item  (cost=0.00..16906.00 rows=21848 width=21) (actual time=0.059..136.179 rows=21811 loops=1)
                                             Filter: (i_category = 'Sports'::bpchar)
                                             Rows Removed by Filter: 182189
                                             Buffers: shared read=14356
                           ->  Memoize  (cost=0.30..7.22 rows=1 width=4) (actual time=0.000..0.000 rows=0 loops=522039)
                                 Cache Key: catalog_sales.cs_sold_date_sk
                                 Cache Mode: logical
                                 Hits: 519901  Misses: 2138  Evictions: 0  Overflows: 0  Memory Usage: 155kB
                                 Buffers: shared hit=6411
                                 ->  Index Scan using date_dim_pkey on date_dim  (cost=0.29..7.21 rows=1 width=4) (actual time=0.013..0.013 rows=0 loops=2138)
                                       Index Cond: (d_date_sk = catalog_sales.cs_sold_date_sk)
                                       Filter: (d_year = 1999)
                                       Rows Removed by Filter: 1
                                       Buffers: shared hit=6411
                     ->  Index Scan using customer_demographics_pkey on customer_demographics  (cost=0.43..7.36 rows=1 width=8) (actual time=0.010..0.010 rows=0 loops=63085)
                           Index Cond: (cd_demo_sk = catalog_sales.cs_bill_cdemo_sk)
                           Filter: ((cd_gender = 'M'::bpchar) AND (cd_education_status = '4 yr Degree'::bpchar))
                           Rows Removed by Filter: 1
                           Buffers: shared hit=243254 read=8790
               ->  Index Scan using customer_pkey on customer  (cost=0.43..7.35 rows=1 width=12) (actual time=0.012..0.012 rows=0 loops=8219)
                     Index Cond: (c_customer_sk = catalog_sales.cs_bill_customer_sk)
                     Filter: (c_birth_month = 8)
                     Rows Removed by Filter: 1
                     Buffers: shared hit=30084 read=2752
         ->  Index Scan using customer_address_pkey on customer_address  (cost=0.42..7.36 rows=1 width=35) (actual time=0.016..0.016 rows=0 loops=987)
               Index Cond: (ca_address_sk = customer.c_current_addr_sk)
               Filter: (ca_state = ANY ('{AL,ND,VA}'::bpchar[]))
               Rows Removed by Filter: 1
               Buffers: shared hit=2191 read=1757
 Planning:
   Buffers: shared hit=405 read=49
 Planning Time: 5.153 ms
 Execution Time: 45410.125 ms
(53 rows)

