                                                                                  QUERY PLAN                                                                                  
------------------------------------------------------------------------------------------------------------------------------------------------------------------------------
 Aggregate  (cost=5943189.48..5943189.49 rows=1 width=268) (actual time=42842.076..42842.082 rows=1 loops=1)
   Buffers: shared hit=204084 read=3655507
   ->  Nested Loop  (cost=17073.85..5943189.45 rows=1 width=81) (actual time=11886.717..42842.032 rows=6 loops=1)
         Buffers: shared hit=204084 read=3655507
         ->  Nested Loop  (cost=17073.42..5943101.18 rows=12 width=54) (actual time=11427.222..42839.288 rows=133 loops=1)
               Buffers: shared hit=203795 read=3655264
               ->  Nested Loop  (cost=17072.99..5942218.65 rows=120 width=50) (actual time=11427.182..42823.142 rows=1295 loops=1)
                     Buffers: shared hit=199172 read=3654707
                     ->  Nested Loop  (cost=17072.57..5929507.61 rows=1728 width=50) (actual time=11421.254..42509.329 rows=29723 loops=1)
                           Buffers: shared hit=84618 read=3650529
                           ->  Hash Join  (cost=17072.26..5905506.83 rows=348646 width=54) (actual time=120.650..42401.093 rows=187296 loops=1)
                                 Hash Cond: (catalog_sales.cs_item_sk = item.i_item_sk)
                                 Buffers: shared hit=78207 read=3650529
                                 ->  Seq Scan on catalog_sales  (cost=0.00..5874397.76 rows=5347244 width=41) (actual time=0.046..41212.326 rows=5484290 loops=1)
                                       Filter: ((cs_wholesale_cost >= '95'::numeric) AND (cs_wholesale_cost <= '100'::numeric))
                                       Rows Removed by Filter: 138508009
                                       Buffers: shared hit=63851 read=3650529
                                 ->  Hash  (cost=16906.00..16906.00 rows=13301 width=21) (actual time=120.175..120.176 rows=13933 loops=1)
                                       Buckets: 16384  Batches: 1  Memory Usage: 890kB
                                       Buffers: shared hit=14356
                                       ->  Seq Scan on item  (cost=0.00..16906.00 rows=13301 width=21) (actual time=0.020..116.887 rows=13933 loops=1)
                                             Filter: (i_category = 'Men'::bpchar)
                                             Rows Removed by Filter: 190067
                                             Buffers: shared hit=14356
                           ->  Memoize  (cost=0.30..7.22 rows=1 width=4) (actual time=0.000..0.000 rows=0 loops=187296)
                                 Cache Key: catalog_sales.cs_sold_date_sk
                                 Cache Mode: logical
                                 Hits: 185158  Misses: 2138  Evictions: 0  Overflows: 0  Memory Usage: 155kB
                                 Buffers: shared hit=6411
                                 ->  Index Scan using date_dim_pkey on date_dim  (cost=0.29..7.21 rows=1 width=4) (actual time=0.018..0.018 rows=0 loops=2138)
                                       Index Cond: (d_date_sk = catalog_sales.cs_sold_date_sk)
                                       Filter: (d_year = 2000)
                                       Rows Removed by Filter: 1
                                       Buffers: shared hit=6411
                     ->  Index Scan using customer_demographics_pkey on customer_demographics  (cost=0.43..7.36 rows=1 width=8) (actual time=0.010..0.010 rows=0 loops=29723)
                           Index Cond: (cd_demo_sk = catalog_sales.cs_bill_cdemo_sk)
                           Filter: ((cd_gender = 'F'::bpchar) AND (cd_education_status = 'Unknown'::bpchar))
                           Rows Removed by Filter: 1
                           Buffers: shared hit=114554 read=4178
               ->  Index Scan using customer_pkey on customer  (cost=0.43..7.35 rows=1 width=12) (actual time=0.012..0.012 rows=0 loops=1295)
                     Index Cond: (c_customer_sk = catalog_sales.cs_bill_customer_sk)
                     Filter: (c_birth_month = 2)
                     Rows Removed by Filter: 1
                     Buffers: shared hit=4623 read=557
         ->  Index Scan using customer_address_pkey on customer_address  (cost=0.42..7.36 rows=1 width=35) (actual time=0.019..0.019 rows=0 loops=133)
               Index Cond: (ca_address_sk = customer.c_current_addr_sk)
               Filter: (ca_state = ANY ('{AR,CO,KS}'::bpchar[]))
               Rows Removed by Filter: 1
               Buffers: shared hit=289 read=243
 Planning:
   Buffers: shared hit=454
 Planning Time: 3.808 ms
 Execution Time: 42842.632 ms
(53 rows)

