                                                                                  QUERY PLAN                                                                                  
------------------------------------------------------------------------------------------------------------------------------------------------------------------------------
 Aggregate  (cost=6003130.88..6003130.89 rows=1 width=268) (actual time=49348.099..49348.104 rows=1 loops=1)
   Buffers: shared hit=307014 read=3696305
   ->  Nested Loop  (cost=17073.85..6003130.77 rows=4 width=81) (actual time=421.415..49348.012 rows=12 loops=1)
         Buffers: shared hit=307014 read=3696305
         ->  Nested Loop  (cost=17073.42..6002843.91 rows=39 width=54) (actual time=196.743..49342.884 rows=267 loops=1)
               Buffers: shared hit=306454 read=3695797
               ->  Nested Loop  (cost=17072.99..6000372.94 rows=336 width=50) (actual time=137.781..49307.122 rows=2371 loops=1)
                     Buffers: shared hit=297614 read=3695153
                     ->  Nested Loop  (cost=17072.57..5966823.15 rows=4561 width=50) (actual time=137.266..48610.270 rows=64480 loops=1)
                           Buffers: shared hit=53288 read=3681859
                           ->  Hash Join  (cost=17072.26..5928527.69 rows=920437 width=54) (actual time=137.204..48435.765 rows=481128 loops=1)
                                 Hash Cond: (catalog_sales.cs_item_sk = item.i_item_sk)
                                 Buffers: shared hit=46877 read=3681859
                                 ->  Seq Scan on catalog_sales  (cost=0.00..5874397.76 rows=14116916 width=41) (actual time=0.064..46071.629 rows=14129630 loops=1)
                                       Filter: ((cs_wholesale_cost >= '16'::numeric) AND (cs_wholesale_cost <= '21'::numeric))
                                       Rows Removed by Filter: 129862669
                                       Buffers: shared hit=46877 read=3667503
                                 ->  Hash  (cost=16906.00..16906.00 rows=13301 width=21) (actual time=136.867..136.868 rows=13933 loops=1)
                                       Buckets: 16384  Batches: 1  Memory Usage: 890kB
                                       Buffers: shared read=14356
                                       ->  Seq Scan on item  (cost=0.00..16906.00 rows=13301 width=21) (actual time=0.028..133.413 rows=13933 loops=1)
                                             Filter: (i_category = 'Men'::bpchar)
                                             Rows Removed by Filter: 190067
                                             Buffers: shared read=14356
                           ->  Memoize  (cost=0.30..7.22 rows=1 width=4) (actual time=0.000..0.000 rows=0 loops=481128)
                                 Cache Key: catalog_sales.cs_sold_date_sk
                                 Cache Mode: logical
                                 Hits: 478990  Misses: 2138  Evictions: 0  Overflows: 0  Memory Usage: 155kB
                                 Buffers: shared hit=6411
                                 ->  Index Scan using date_dim_pkey on date_dim  (cost=0.29..7.21 rows=1 width=4) (actual time=0.012..0.012 rows=0 loops=2138)
                                       Index Cond: (d_date_sk = catalog_sales.cs_sold_date_sk)
                                       Filter: (d_year = 1998)
                                       Rows Removed by Filter: 1
                                       Buffers: shared hit=6411
                     ->  Index Scan using customer_demographics_pkey on customer_demographics  (cost=0.43..7.36 rows=1 width=8) (actual time=0.011..0.011 rows=0 loops=64480)
                           Index Cond: (cd_demo_sk = catalog_sales.cs_bill_cdemo_sk)
                           Filter: ((cd_gender = 'F'::bpchar) AND (cd_education_status = '4 yr Degree'::bpchar))
                           Rows Removed by Filter: 1
                           Buffers: shared hit=244326 read=13294
               ->  Index Scan using customer_pkey on customer  (cost=0.43..7.35 rows=1 width=12) (actual time=0.015..0.015 rows=0 loops=2371)
                     Index Cond: (c_customer_sk = catalog_sales.cs_bill_customer_sk)
                     Filter: (c_birth_month = 8)
                     Rows Removed by Filter: 1
                     Buffers: shared hit=8840 read=644
         ->  Index Scan using customer_address_pkey on customer_address  (cost=0.42..7.36 rows=1 width=35) (actual time=0.018..0.018 rows=0 loops=267)
               Index Cond: (ca_address_sk = customer.c_current_addr_sk)
               Filter: (ca_state = ANY ('{OH,PA,VA}'::bpchar[]))
               Rows Removed by Filter: 1
               Buffers: shared hit=560 read=508
 Planning:
   Buffers: shared hit=404 read=50
 Planning Time: 4.983 ms
 Execution Time: 49348.756 ms
(53 rows)

