                                                                                  QUERY PLAN                                                                                   
-------------------------------------------------------------------------------------------------------------------------------------------------------------------------------
 Aggregate  (cost=5996605.16..5996605.17 rows=1 width=268) (actual time=48240.684..48240.689 rows=1 loops=1)
   Buffers: shared hit=767111 read=3710784
   ->  Nested Loop  (cost=17220.72..5996604.99 rows=6 width=81) (actual time=6260.458..48240.180 rows=85 loops=1)
         Buffers: shared hit=767111 read=3710784
         ->  Nested Loop  (cost=17220.30..5996156.38 rows=61 width=54) (actual time=6260.428..48209.759 rows=1599 loops=1)
               Buffers: shared hit=763738 read=3707761
               ->  Nested Loop  (cost=17219.87..5993464.75 rows=366 width=50) (actual time=6260.401..48081.513 rows=9350 loops=1)
                     Buffers: shared hit=730039 read=3704064
                     ->  Nested Loop  (cost=17219.44..5955368.80 rows=5179 width=50) (actual time=6260.328..46067.713 rows=174958 loops=1)
                           Buffers: shared hit=60669 read=3674478
                           ->  Hash Join  (cost=17219.14..5913957.35 rows=1045077 width=54) (actual time=101.951..45606.444 rows=1523770 loops=1)
                                 Hash Cond: (catalog_sales.cs_item_sk = item.i_item_sk)
                                 Buffers: shared hit=54258 read=3674478
                                 ->  Seq Scan on catalog_sales  (cost=0.00..5874397.76 rows=8510470 width=41) (actual time=0.034..43673.451 rows=8494738 loops=1)
                                       Filter: ((cs_wholesale_cost >= '65'::numeric) AND (cs_wholesale_cost <= '70'::numeric))
                                       Rows Removed by Filter: 135497561
                                       Buffers: shared hit=39902 read=3674478
                                 ->  Hash  (cost=16906.00..16906.00 rows=25051 width=21) (actual time=101.786..101.787 rows=24688 loops=1)
                                       Buckets: 32768  Batches: 1  Memory Usage: 1607kB
                                       Buffers: shared hit=14356
                                       ->  Seq Scan on item  (cost=0.00..16906.00 rows=25051 width=21) (actual time=0.008..97.443 rows=24688 loops=1)
                                             Filter: (i_category = 'Books'::bpchar)
                                             Rows Removed by Filter: 179312
                                             Buffers: shared hit=14356
                           ->  Memoize  (cost=0.30..7.22 rows=1 width=4) (actual time=0.000..0.000 rows=0 loops=1523770)
                                 Cache Key: catalog_sales.cs_sold_date_sk
                                 Cache Mode: logical
                                 Hits: 1521632  Misses: 2138  Evictions: 0  Overflows: 0  Memory Usage: 155kB
                                 Buffers: shared hit=6411
                                 ->  Index Scan using date_dim_pkey on date_dim  (cost=0.29..7.21 rows=1 width=4) (actual time=0.013..0.013 rows=0 loops=2138)
                                       Index Cond: (d_date_sk = catalog_sales.cs_sold_date_sk)
                                       Filter: (d_year = 1999)
                                       Rows Removed by Filter: 1
                                       Buffers: shared hit=6411
                     ->  Index Scan using customer_demographics_pkey on customer_demographics  (cost=0.43..7.36 rows=1 width=8) (actual time=0.011..0.011 rows=0 loops=174958)
                           Index Cond: (cd_demo_sk = catalog_sales.cs_bill_cdemo_sk)
                           Filter: ((cd_gender = 'M'::bpchar) AND (cd_education_status = 'Advanced Degree'::bpchar))
                           Rows Removed by Filter: 1
                           Buffers: shared hit=669370 read=29586
               ->  Index Scan using customer_pkey on customer  (cost=0.43..7.35 rows=1 width=12) (actual time=0.013..0.013 rows=0 loops=9350)
                     Index Cond: (c_customer_sk = catalog_sales.cs_bill_customer_sk)
                     Filter: (c_birth_month = 4)
                     Rows Removed by Filter: 1
                     Buffers: shared hit=33699 read=3697
         ->  Index Scan using customer_address_pkey on customer_address  (cost=0.42..7.35 rows=1 width=35) (actual time=0.018..0.018 rows=0 loops=1599)
               Index Cond: (ca_address_sk = customer.c_current_addr_sk)
               Filter: (ca_state = ANY ('{KY,MO,NE}'::bpchar[]))
               Rows Removed by Filter: 1
               Buffers: shared hit=3373 read=3023
 Planning:
   Buffers: shared hit=454
 Planning Time: 1.789 ms
 Execution Time: 48241.017 ms
(53 rows)

