                                                                              QUERY PLAN                                                                              
----------------------------------------------------------------------------------------------------------------------------------------------------------------------
 Aggregate  (cost=5926790.68..5926790.69 rows=1 width=268) (actual time=42359.036..42359.040 rows=1 loops=1)
   Buffers: shared hit=128673 read=3648790
   ->  Nested Loop  (cost=16954.16..5926790.65 rows=1 width=81) (actual time=26712.611..42358.987 rows=6 loops=1)
         Buffers: shared hit=128673 read=3648790
         ->  Nested Loop  (cost=16953.73..5926783.28 rows=1 width=54) (actual time=25218.921..42357.260 rows=84 loops=1)
               Buffers: shared hit=128498 read=3648629
               ->  Nested Loop  (cost=16953.31..5926672.94 rows=15 width=54) (actual time=25166.940..42352.393 rows=340 loops=1)
                     Buffers: shared hit=127192 read=3648575
                     ->  Nested Loop  (cost=16952.88..5923113.43 rows=484 width=50) (actual time=25164.192..42207.713 rows=10168 loops=1)
                           Buffers: shared hit=92900 read=3642247
                           ->  Hash Join  (cost=16952.58..5905387.14 rows=97666 width=54) (actual time=123.604..42148.075 rows=49548 loops=1)
                                 Hash Cond: (catalog_sales.cs_item_sk = item.i_item_sk)
                                 Buffers: shared hit=86489 read=3642247
                                 ->  Seq Scan on catalog_sales  (cost=0.00..5874397.76 rows=5347244 width=41) (actual time=0.041..41109.687 rows=5484290 loops=1)
                                       Filter: ((cs_wholesale_cost >= '95'::numeric) AND (cs_wholesale_cost <= '100'::numeric))
                                       Rows Removed by Filter: 138508009
                                       Buffers: shared hit=72133 read=3642247
                                 ->  Hash  (cost=16906.00..16906.00 rows=3726 width=21) (actual time=123.002..123.003 rows=3713 loops=1)
                                       Buckets: 4096  Batches: 1  Memory Usage: 236kB
                                       Buffers: shared hit=14356
                                       ->  Seq Scan on item  (cost=0.00..16906.00 rows=3726 width=21) (actual time=0.056..121.984 rows=3713 loops=1)
                                             Filter: (i_category = 'Music'::bpchar)
                                             Rows Removed by Filter: 200287
                                             Buffers: shared hit=14356
                           ->  Memoize  (cost=0.30..7.22 rows=1 width=4) (actual time=0.001..0.001 rows=0 loops=49548)
                                 Cache Key: catalog_sales.cs_sold_date_sk
                                 Cache Mode: logical
                                 Hits: 47410  Misses: 2138  Evictions: 0  Overflows: 0  Memory Usage: 155kB
                                 Buffers: shared hit=6411
                                 ->  Index Scan using date_dim_pkey on date_dim  (cost=0.29..7.21 rows=1 width=4) (actual time=0.012..0.012 rows=0 loops=2138)
                                       Index Cond: (d_date_sk = catalog_sales.cs_sold_date_sk)
                                       Filter: (d_year = 2002)
                                       Rows Removed by Filter: 1
                                       Buffers: shared hit=6411
                     ->  Index Scan using customer_pkey on customer  (cost=0.43..7.35 rows=1 width=12) (actual time=0.014..0.014 rows=0 loops=10168)
                           Index Cond: (c_customer_sk = catalog_sales.cs_bill_customer_sk)
                           Filter: (c_birth_month = 6)
                           Rows Removed by Filter: 1
                           Buffers: shared hit=34292 read=6328
               ->  Index Scan using customer_demographics_pkey on customer_demographics  (cost=0.43..7.36 rows=1 width=8) (actual time=0.013..0.013 rows=0 loops=340)
                     Index Cond: (cd_demo_sk = catalog_sales.cs_bill_cdemo_sk)
                     Filter: ((cd_gender = 'M'::bpchar) AND (cd_education_status = '2 yr Degree'::bpchar))
                     Rows Removed by Filter: 1
                     Buffers: shared hit=1306 read=54
         ->  Index Scan using customer_address_pkey on customer_address  (cost=0.42..7.37 rows=1 width=35) (actual time=0.019..0.019 rows=0 loops=84)
               Index Cond: (ca_address_sk = customer.c_current_addr_sk)
               Filter: (ca_state = ANY ('{NY,OH,OR}'::bpchar[]))
               Rows Removed by Filter: 1
               Buffers: shared hit=175 read=161
 Planning:
   Buffers: shared hit=454
 Planning Time: 4.095 ms
 Execution Time: 42359.501 ms
(53 rows)

