                                                                                  QUERY PLAN                                                                                  
------------------------------------------------------------------------------------------------------------------------------------------------------------------------------
 Aggregate  (cost=5937292.85..5937292.86 rows=1 width=268) (actual time=46295.525..46295.529 rows=1 loops=1)
   Buffers: shared hit=385263 read=3652132
   ->  Nested Loop  (cost=17180.68..5937292.79 rows=2 width=81) (actual time=19643.164..46295.325 rows=30 loops=1)
         Buffers: shared hit=385263 read=3652132
         ->  Nested Loop  (cost=17180.26..5937145.71 rows=20 width=54) (actual time=19559.325..46280.832 rows=840 loops=1)
               Buffers: shared hit=383524 read=3650511
               ->  Nested Loop  (cost=17179.83..5936248.44 rows=122 width=50) (actual time=19554.997..46215.462 rows=5164 loops=1)
                     Buffers: shared hit=367009 read=3646394
                     ->  Nested Loop  (cost=17179.40..5923787.26 rows=1694 width=50) (actual time=19550.171..45507.265 rows=69662 loops=1)
                           Buffers: shared hit=98845 read=3636302
                           ->  Hash Join  (cost=17179.10..5899956.11 rows=341860 width=54) (actual time=112.614..45385.577 rows=276459 loops=1)
                                 Hash Cond: (catalog_sales.cs_item_sk = item.i_item_sk)
                                 Buffers: shared hit=92434 read=3636302
                                 ->  Seq Scan on catalog_sales  (cost=0.00..5874397.76 rows=3192026 width=41) (actual time=0.056..44534.241 rows=3238451 loops=1)
                                       Filter: ((cs_wholesale_cost >= '29'::numeric) AND (cs_wholesale_cost <= '34'::numeric))
                                       Rows Removed by Filter: 140753848
                                       Buffers: shared hit=78078 read=3636302
                                 ->  Hash  (cost=16906.00..16906.00 rows=21848 width=21) (actual time=112.195..112.195 rows=21811 loops=1)
                                       Buckets: 32768  Batches: 1  Memory Usage: 1449kB
                                       Buffers: shared hit=14356
                                       ->  Seq Scan on item  (cost=0.00..16906.00 rows=21848 width=21) (actual time=0.041..107.716 rows=21811 loops=1)
                                             Filter: (i_category = 'Sports'::bpchar)
                                             Rows Removed by Filter: 182189
                                             Buffers: shared hit=14356
                           ->  Memoize  (cost=0.30..7.22 rows=1 width=4) (actual time=0.000..0.000 rows=0 loops=276459)
                                 Cache Key: catalog_sales.cs_sold_date_sk
                                 Cache Mode: logical
                                 Hits: 274321  Misses: 2138  Evictions: 0  Overflows: 0  Memory Usage: 155kB
                                 Buffers: shared hit=6411
                                 ->  Index Scan using date_dim_pkey on date_dim  (cost=0.29..7.21 rows=1 width=4) (actual time=0.012..0.012 rows=0 loops=2138)
                                       Index Cond: (d_date_sk = catalog_sales.cs_sold_date_sk)
                                       Filter: (d_year = 2001)
                                       Rows Removed by Filter: 1
                                       Buffers: shared hit=6411
                     ->  Index Scan using customer_demographics_pkey on customer_demographics  (cost=0.43..7.36 rows=1 width=8) (actual time=0.010..0.010 rows=0 loops=69662)
                           Index Cond: (cd_demo_sk = catalog_sales.cs_bill_cdemo_sk)
                           Filter: ((cd_gender = 'M'::bpchar) AND (cd_education_status = 'Primary'::bpchar))
                           Rows Removed by Filter: 1
                           Buffers: shared hit=268164 read=10092
               ->  Index Scan using customer_pkey on customer  (cost=0.43..7.35 rows=1 width=12) (actual time=0.012..0.012 rows=0 loops=5164)
                     Index Cond: (c_customer_sk = catalog_sales.cs_bill_customer_sk)
                     Filter: (c_birth_month = 4)
                     Rows Removed by Filter: 1
                     Buffers: shared hit=16515 read=4117
         ->  Index Scan using customer_address_pkey on customer_address  (cost=0.42..7.35 rows=1 width=35) (actual time=0.017..0.017 rows=0 loops=840)
               Index Cond: (ca_address_sk = customer.c_current_addr_sk)
               Filter: (ca_state = ANY ('{FL,GA,MN}'::bpchar[]))
               Rows Removed by Filter: 1
               Buffers: shared hit=1739 read=1621
 Planning:
   Buffers: shared hit=454
 Planning Time: 4.383 ms
 Execution Time: 46296.183 ms
(53 rows)

