                                                                                  QUERY PLAN                                                                                   
-------------------------------------------------------------------------------------------------------------------------------------------------------------------------------
 Aggregate  (cost=5970825.13..5970825.14 rows=1 width=268) (actual time=45309.438..45309.443 rows=1 loops=1)
   Buffers: shared hit=680543 read=3653988
   ->  Nested Loop  (cost=17180.68..5970825.07 rows=2 width=81) (actual time=20405.521..45309.383 rows=8 loops=1)
         Buffers: shared hit=680543 read=3653988
         ->  Nested Loop  (cost=17180.26..5970641.16 rows=25 width=54) (actual time=18878.481..45304.321 rows=271 loops=1)
               Buffers: shared hit=679948 read=3653499
               ->  Nested Loop  (cost=17179.83..5968773.18 rows=254 width=50) (actual time=18867.599..45260.911 rows=3041 loops=1)
                     Buffers: shared hit=670528 read=3650759
                     ->  Nested Loop  (cost=17179.40..5942520.03 rows=3569 width=50) (actual time=18865.510..43876.993 rows=146722 loops=1)
                           Buffers: shared hit=106806 read=3628341
                           ->  Hash Join  (cost=17179.10..5909229.97 rows=720219 width=54) (actual time=111.873..43668.224 rows=580447 loops=1)
                                 Hash Cond: (catalog_sales.cs_item_sk = item.i_item_sk)
                                 Buffers: shared hit=100395 read=3628341
                                 ->  Seq Scan on catalog_sales  (cost=0.00..5874397.76 rows=6724855 width=41) (actual time=0.053..42210.829 rows=6763882 loops=1)
                                       Filter: ((cs_wholesale_cost >= '70'::numeric) AND (cs_wholesale_cost <= '75'::numeric))
                                       Rows Removed by Filter: 137228417
                                       Buffers: shared hit=86039 read=3628341
                                 ->  Hash  (cost=16906.00..16906.00 rows=21848 width=21) (actual time=111.530..111.530 rows=21811 loops=1)
                                       Buckets: 32768  Batches: 1  Memory Usage: 1449kB
                                       Buffers: shared hit=14356
                                       ->  Seq Scan on item  (cost=0.00..16906.00 rows=21848 width=21) (actual time=0.039..107.053 rows=21811 loops=1)
                                             Filter: (i_category = 'Sports'::bpchar)
                                             Rows Removed by Filter: 182189
                                             Buffers: shared hit=14356
                           ->  Memoize  (cost=0.30..7.22 rows=1 width=4) (actual time=0.000..0.000 rows=0 loops=580447)
                                 Cache Key: catalog_sales.cs_sold_date_sk
                                 Cache Mode: logical
                                 Hits: 578309  Misses: 2138  Evictions: 0  Overflows: 0  Memory Usage: 155kB
                                 Buffers: shared hit=6411
                                 ->  Index Scan using date_dim_pkey on date_dim  (cost=0.29..7.21 rows=1 width=4) (actual time=0.012..0.012 rows=0 loops=2138)
                                       Index Cond: (d_date_sk = catalog_sales.cs_sold_date_sk)
                                       Filter: (d_year = 2001)
                                       Rows Removed by Filter: 1
                                       Buffers: shared hit=6411
                     ->  Index Scan using customer_demographics_pkey on customer_demographics  (cost=0.43..7.36 rows=1 width=8) (actual time=0.009..0.009 rows=0 loops=146722)
                           Index Cond: (cd_demo_sk = catalog_sales.cs_bill_cdemo_sk)
                           Filter: ((cd_gender = 'F'::bpchar) AND (cd_education_status = 'Primary'::bpchar))
                           Rows Removed by Filter: 1
                           Buffers: shared hit=563722 read=22418
               ->  Index Scan using customer_pkey on customer  (cost=0.43..7.35 rows=1 width=12) (actual time=0.014..0.014 rows=0 loops=3041)
                     Index Cond: (c_customer_sk = catalog_sales.cs_bill_customer_sk)
                     Filter: (c_birth_month = 1)
                     Rows Removed by Filter: 1
                     Buffers: shared hit=9420 read=2740
         ->  Index Scan using customer_address_pkey on customer_address  (cost=0.42..7.36 rows=1 width=35) (actual time=0.017..0.017 rows=0 loops=271)
               Index Cond: (ca_address_sk = customer.c_current_addr_sk)
               Filter: (ca_state = ANY ('{IN,KY,MS}'::bpchar[]))
               Rows Removed by Filter: 1
               Buffers: shared hit=595 read=489
 Planning:
   Buffers: shared hit=454
 Planning Time: 4.415 ms
 Execution Time: 45310.089 ms
(53 rows)

