                                                                              QUERY PLAN                                                                               
-----------------------------------------------------------------------------------------------------------------------------------------------------------------------
 Aggregate  (cost=5993135.83..5993135.84 rows=1 width=268) (actual time=46132.424..46132.429 rows=1 loops=1)
   Buffers: shared hit=529935 read=3806928
   ->  Nested Loop  (cost=17326.55..5993135.80 rows=1 width=81) (actual time=46132.419..46132.423 rows=0 loops=1)
         Buffers: shared hit=529935 read=3806928
         ->  Nested Loop  (cost=17326.12..5993098.86 rows=5 width=54) (actual time=12066.261..46131.365 rows=48 loops=1)
               Buffers: shared hit=529838 read=3806833
               ->  Nested Loop  (cost=17325.69..5992547.16 rows=75 width=54) (actual time=12005.650..46103.513 rows=2092 loops=1)
                     Buffers: shared hit=521779 read=3806528
                     ->  Nested Loop  (cost=17325.27..5952282.53 rows=5475 width=50) (actual time=12002.781..44418.621 rows=148467 loops=1)
                           Buffers: shared hit=32883 read=3702264
                           ->  Hash Join  (cost=17324.96..5909375.83 rows=1104887 width=54) (actual time=123.854..44141.639 rows=847899 loops=1)
                                 Hash Cond: (catalog_sales.cs_item_sk = item.i_item_sk)
                                 Buffers: shared hit=26472 read=3702264
                                 ->  Seq Scan on catalog_sales  (cost=0.00..5874397.76 rows=6724855 width=41) (actual time=0.042..42583.835 rows=6763882 loops=1)
                                       Filter: ((cs_wholesale_cost >= '72'::numeric) AND (cs_wholesale_cost <= '77'::numeric))
                                       Rows Removed by Filter: 137228417
                                       Buffers: shared hit=12116 read=3702264
                                 ->  Hash  (cost=16906.00..16906.00 rows=33517 width=21) (actual time=123.426..123.427 rows=33627 loops=1)
                                       Buckets: 65536  Batches: 1  Memory Usage: 2351kB
                                       Buffers: shared hit=14356
                                       ->  Seq Scan on item  (cost=0.00..16906.00 rows=33517 width=21) (actual time=0.028..115.699 rows=33627 loops=1)
                                             Filter: (i_category = 'Shoes'::bpchar)
                                             Rows Removed by Filter: 170373
                                             Buffers: shared hit=14356
                           ->  Memoize  (cost=0.30..7.22 rows=1 width=4) (actual time=0.000..0.000 rows=0 loops=847899)
                                 Cache Key: catalog_sales.cs_sold_date_sk
                                 Cache Mode: logical
                                 Hits: 845761  Misses: 2138  Evictions: 0  Overflows: 0  Memory Usage: 155kB
                                 Buffers: shared hit=6411
                                 ->  Index Scan using date_dim_pkey on date_dim  (cost=0.29..7.21 rows=1 width=4) (actual time=0.013..0.013 rows=0 loops=2138)
                                       Index Cond: (d_date_sk = catalog_sales.cs_sold_date_sk)
                                       Filter: (d_year = 2000)
                                       Rows Removed by Filter: 1
                                       Buffers: shared hit=6411
                     ->  Index Scan using customer_pkey on customer  (cost=0.43..7.35 rows=1 width=12) (actual time=0.011..0.011 rows=0 loops=148467)
                           Index Cond: (c_customer_sk = catalog_sales.cs_bill_customer_sk)
                           Filter: (c_birth_month = 5)
                           Rows Removed by Filter: 1
                           Buffers: shared hit=488896 read=104264
               ->  Index Scan using customer_demographics_pkey on customer_demographics  (cost=0.43..7.36 rows=1 width=8) (actual time=0.013..0.013 rows=0 loops=2092)
                     Index Cond: (cd_demo_sk = catalog_sales.cs_bill_cdemo_sk)
                     Filter: ((cd_gender = 'M'::bpchar) AND (cd_education_status = 'Secondary'::bpchar))
                     Rows Removed by Filter: 1
                     Buffers: shared hit=8059 read=305
         ->  Index Scan using customer_address_pkey on customer_address  (cost=0.42..7.39 rows=1 width=35) (actual time=0.021..0.021 rows=0 loops=48)
               Index Cond: (ca_address_sk = customer.c_current_addr_sk)
               Filter: (ca_state = ANY ('{KY,MI,OK}'::bpchar[]))
               Rows Removed by Filter: 1
               Buffers: shared hit=97 read=95
 Planning:
   Buffers: shared hit=454
 Planning Time: 5.935 ms
 Execution Time: 46132.956 ms
(53 rows)

