                                                                              QUERY PLAN                                                                               
-----------------------------------------------------------------------------------------------------------------------------------------------------------------------
 Aggregate  (cost=5939117.74..5939117.75 rows=1 width=268) (actual time=42462.266..42462.271 rows=1 loops=1)
   Buffers: shared hit=370136 read=3707823
   ->  Nested Loop  (cost=17045.03..5939117.71 rows=1 width=81) (actual time=27187.310..42462.204 rows=8 loops=1)
         Buffers: shared hit=370136 read=3707823
         ->  Nested Loop  (cost=17044.61..5939073.55 rows=6 width=54) (actual time=24800.539..42460.357 rows=91 loops=1)
               Buffers: shared hit=369954 read=3707641
               ->  Nested Loop  (cost=17044.18..5938470.37 rows=82 width=54) (actual time=24786.818..42405.719 rows=4806 loops=1)
                     Buffers: shared hit=351664 read=3706715
                     ->  Nested Loop  (cost=17043.75..5927968.34 rows=1428 width=50) (actual time=24784.399..41487.393 rows=80920 loops=1)
                           Buffers: shared hit=78643 read=3656504
                           ->  Hash Join  (cost=17043.45..5905478.01 rows=288227 width=54) (actual time=137.571..41355.092 rows=327291 loops=1)
                                 Hash Cond: (catalog_sales.cs_item_sk = item.i_item_sk)
                                 Buffers: shared hit=72232 read=3656504
                                 ->  Seq Scan on catalog_sales  (cost=0.00..5874397.76 rows=5347244 width=41) (actual time=0.052..40170.321 rows=5484290 loops=1)
                                       Filter: ((cs_wholesale_cost >= '95'::numeric) AND (cs_wholesale_cost <= '100'::numeric))
                                       Rows Removed by Filter: 138508009
                                       Buffers: shared hit=72232 read=3642148
                                 ->  Hash  (cost=16906.00..16906.00 rows=10996 width=21) (actual time=137.353..137.354 rows=11037 loops=1)
                                       Buckets: 16384  Batches: 1  Memory Usage: 732kB
                                       Buffers: shared read=14356
                                       ->  Seq Scan on item  (cost=0.00..16906.00 rows=10996 width=21) (actual time=0.074..134.138 rows=11037 loops=1)
                                             Filter: (i_category = 'Women'::bpchar)
                                             Rows Removed by Filter: 192963
                                             Buffers: shared read=14356
                           ->  Memoize  (cost=0.30..7.22 rows=1 width=4) (actual time=0.000..0.000 rows=0 loops=327291)
                                 Cache Key: catalog_sales.cs_sold_date_sk
                                 Cache Mode: logical
                                 Hits: 325153  Misses: 2138  Evictions: 0  Overflows: 0  Memory Usage: 155kB
                                 Buffers: shared hit=6411
                                 ->  Index Scan using date_dim_pkey on date_dim  (cost=0.29..7.21 rows=1 width=4) (actual time=0.012..0.012 rows=0 loops=2138)
                                       Index Cond: (d_date_sk = catalog_sales.cs_sold_date_sk)
                                       Filter: (d_year = 2002)
                                       Rows Removed by Filter: 1
                                       Buffers: shared hit=6411
                     ->  Index Scan using customer_pkey on customer  (cost=0.43..7.35 rows=1 width=12) (actual time=0.011..0.011 rows=0 loops=80920)
                           Index Cond: (c_customer_sk = catalog_sales.cs_bill_customer_sk)
                           Filter: (c_birth_month = 3)
                           Rows Removed by Filter: 1
                           Buffers: shared hit=273021 read=50211
               ->  Index Scan using customer_demographics_pkey on customer_demographics  (cost=0.43..7.36 rows=1 width=8) (actual time=0.011..0.011 rows=0 loops=4806)
                     Index Cond: (cd_demo_sk = catalog_sales.cs_bill_cdemo_sk)
                     Filter: ((cd_gender = 'F'::bpchar) AND (cd_education_status = 'Secondary'::bpchar))
                     Rows Removed by Filter: 1
                     Buffers: shared hit=18290 read=926
         ->  Index Scan using customer_address_pkey on customer_address  (cost=0.42..7.36 rows=1 width=35) (actual time=0.019..0.019 rows=0 loops=91)
               Index Cond: (ca_address_sk = customer.c_current_addr_sk)
               Filter: (ca_state = ANY ('{NC,OK,PA}'::bpchar[]))
               Rows Removed by Filter: 1
               Buffers: shared hit=182 read=182
 Planning:
   Buffers: shared hit=405 read=49
 Planning Time: 5.356 ms
 Execution Time: 42462.838 ms
(53 rows)

