                                                                                  QUERY PLAN                                                                                  
------------------------------------------------------------------------------------------------------------------------------------------------------------------------------
 Aggregate  (cost=5963549.12..5963549.13 rows=1 width=268) (actual time=48565.120..48565.125 rows=1 loops=1)
   Buffers: shared hit=334867 read=3643428
   ->  Nested Loop  (cost=17073.85..5963549.06 rows=2 width=81) (actual time=28934.533..48565.037 rows=12 loops=1)
         Buffers: shared hit=334867 read=3643428
         ->  Nested Loop  (cost=17073.42..5963431.35 rows=16 width=54) (actual time=28837.595..48560.905 rows=219 loops=1)
               Buffers: shared hit=334390 read=3643029
               ->  Nested Loop  (cost=17072.99..5962048.76 rows=188 width=50) (actual time=28723.754..48527.361 rows=2571 loops=1)
                     Buffers: shared hit=326228 read=3640907
                     ->  Nested Loop  (cost=17072.57..5942232.09 rows=2694 width=50) (actual time=28721.496..47926.459 rows=58064 loops=1)
                           Buffers: shared hit=98632 read=3636515
                           ->  Hash Join  (cost=17072.26..5913356.86 rows=543624 width=54) (actual time=116.517..47801.826 rows=283946 loops=1)
                                 Hash Cond: (catalog_sales.cs_item_sk = item.i_item_sk)
                                 Buffers: shared hit=92221 read=3636515
                                 ->  Seq Scan on catalog_sales  (cost=0.00..5874397.76 rows=8337669 width=41) (actual time=0.034..46163.848 rows=8349119 loops=1)
                                       Filter: ((cs_wholesale_cost >= '8'::numeric) AND (cs_wholesale_cost <= '13'::numeric))
                                       Rows Removed by Filter: 135643180
                                       Buffers: shared hit=77865 read=3636515
                                 ->  Hash  (cost=16906.00..16906.00 rows=13301 width=21) (actual time=116.216..116.217 rows=13933 loops=1)
                                       Buckets: 16384  Batches: 1  Memory Usage: 890kB
                                       Buffers: shared hit=14356
                                       ->  Seq Scan on item  (cost=0.00..16906.00 rows=13301 width=21) (actual time=0.011..113.221 rows=13933 loops=1)
                                             Filter: (i_category = 'Men'::bpchar)
                                             Rows Removed by Filter: 190067
                                             Buffers: shared hit=14356
                           ->  Memoize  (cost=0.30..7.22 rows=1 width=4) (actual time=0.000..0.000 rows=0 loops=283946)
                                 Cache Key: catalog_sales.cs_sold_date_sk
                                 Cache Mode: logical
                                 Hits: 281808  Misses: 2138  Evictions: 0  Overflows: 0  Memory Usage: 155kB
                                 Buffers: shared hit=6411
                                 ->  Index Scan using date_dim_pkey on date_dim  (cost=0.29..7.21 rows=1 width=4) (actual time=0.012..0.012 rows=0 loops=2138)
                                       Index Cond: (d_date_sk = catalog_sales.cs_sold_date_sk)
                                       Filter: (d_year = 2002)
                                       Rows Removed by Filter: 1
                                       Buffers: shared hit=6411
                     ->  Index Scan using customer_demographics_pkey on customer_demographics  (cost=0.43..7.36 rows=1 width=8) (actual time=0.010..0.010 rows=0 loops=58064)
                           Index Cond: (cd_demo_sk = catalog_sales.cs_bill_cdemo_sk)
                           Filter: ((cd_gender = 'F'::bpchar) AND (cd_education_status = 'Unknown'::bpchar))
                           Rows Removed by Filter: 1
                           Buffers: shared hit=227596 read=4392
               ->  Index Scan using customer_pkey on customer  (cost=0.43..7.35 rows=1 width=12) (actual time=0.013..0.013 rows=0 loops=2571)
                     Index Cond: (c_customer_sk = catalog_sales.cs_bill_customer_sk)
                     Filter: (c_birth_month = 11)
                     Rows Removed by Filter: 1
                     Buffers: shared hit=8162 read=2122
         ->  Index Scan using customer_address_pkey on customer_address  (cost=0.42..7.36 rows=1 width=35) (actual time=0.018..0.018 rows=0 loops=219)
               Index Cond: (ca_address_sk = customer.c_current_addr_sk)
               Filter: (ca_state = ANY ('{MI,NC,VA}'::bpchar[]))
               Rows Removed by Filter: 1
               Buffers: shared hit=477 read=399
 Planning:
   Buffers: shared hit=454
 Planning Time: 2.797 ms
 Execution Time: 48565.561 ms
(53 rows)

