                                                                              QUERY PLAN                                                                              
----------------------------------------------------------------------------------------------------------------------------------------------------------------------
 Aggregate  (cost=5932117.00..5932117.01 rows=1 width=268) (actual time=43816.751..43816.756 rows=1 loops=1)
   Buffers: shared hit=122157 read=3666679
   ->  Nested Loop  (cost=16954.16..5932116.97 rows=1 width=81) (actual time=28016.788..43816.733 rows=2 loops=1)
         Buffers: shared hit=122157 read=3666679
         ->  Nested Loop  (cost=16953.73..5932094.89 rows=3 width=54) (actual time=25999.744..43815.661 rows=53 loops=1)
               Buffers: shared hit=122032 read=3666592
               ->  Nested Loop  (cost=16953.31..5931837.44 rows=35 width=54) (actual time=25999.692..43804.634 rows=723 loops=1)
                     Buffers: shared hit=119166 read=3666570
                     ->  Nested Loop  (cost=16952.88..5927358.68 rows=609 width=50) (actual time=25985.945..43606.108 rows=12668 loops=1)
                           Buffers: shared hit=79478 read=3655666
                           ->  Hash Join  (cost=16952.58..5909003.45 rows=122827 width=54) (actual time=133.738..43542.863 rows=61151 loops=1)
                                 Hash Cond: (catalog_sales.cs_item_sk = item.i_item_sk)
                                 Buffers: shared hit=73070 read=3655666
                                 ->  Seq Scan on catalog_sales  (cost=0.00..5874397.76 rows=6724855 width=41) (actual time=0.064..42372.476 rows=6763882 loops=1)
                                       Filter: ((cs_wholesale_cost >= '73'::numeric) AND (cs_wholesale_cost <= '78'::numeric))
                                       Rows Removed by Filter: 137228417
                                       Buffers: shared hit=73029 read=3641351
                                 ->  Hash  (cost=16906.00..16906.00 rows=3726 width=21) (actual time=133.037..133.038 rows=3713 loops=1)
                                       Buckets: 4096  Batches: 1  Memory Usage: 236kB
                                       Buffers: shared hit=41 read=14315
                                       ->  Seq Scan on item  (cost=0.00..16906.00 rows=3726 width=21) (actual time=0.228..131.878 rows=3713 loops=1)
                                             Filter: (i_category = 'Music'::bpchar)
                                             Rows Removed by Filter: 200287
                                             Buffers: shared hit=41 read=14315
                           ->  Memoize  (cost=0.30..7.22 rows=1 width=4) (actual time=0.001..0.001 rows=0 loops=61151)
                                 Cache Key: catalog_sales.cs_sold_date_sk
                                 Cache Mode: logical
                                 Hits: 59014  Misses: 2137  Evictions: 0  Overflows: 0  Memory Usage: 155kB
                                 Buffers: shared hit=6408
                                 ->  Index Scan using date_dim_pkey on date_dim  (cost=0.29..7.21 rows=1 width=4) (actual time=0.012..0.012 rows=0 loops=2137)
                                       Index Cond: (d_date_sk = catalog_sales.cs_sold_date_sk)
                                       Filter: (d_year = 2002)
                                       Rows Removed by Filter: 1
                                       Buffers: shared hit=6408
                     ->  Index Scan using customer_pkey on customer  (cost=0.43..7.35 rows=1 width=12) (actual time=0.015..0.015 rows=0 loops=12668)
                           Index Cond: (c_customer_sk = catalog_sales.cs_bill_customer_sk)
                           Filter: (c_birth_month = 3)
                           Rows Removed by Filter: 1
                           Buffers: shared hit=39688 read=10904
               ->  Index Scan using customer_demographics_pkey on customer_demographics  (cost=0.43..7.36 rows=1 width=8) (actual time=0.014..0.014 rows=0 loops=723)
                     Index Cond: (cd_demo_sk = catalog_sales.cs_bill_cdemo_sk)
                     Filter: ((cd_gender = 'M'::bpchar) AND (cd_education_status = 'Primary'::bpchar))
                     Rows Removed by Filter: 1
                     Buffers: shared hit=2866 read=22
         ->  Index Scan using customer_address_pkey on customer_address  (cost=0.42..7.36 rows=1 width=35) (actual time=0.019..0.019 rows=0 loops=53)
               Index Cond: (ca_address_sk = customer.c_current_addr_sk)
               Filter: (ca_state = ANY ('{ID,NE,TX}'::bpchar[]))
               Rows Removed by Filter: 1
               Buffers: shared hit=125 read=87
 Planning:
   Buffers: shared hit=454
 Planning Time: 4.814 ms
 Execution Time: 43817.403 ms
(53 rows)

