                                                                                  QUERY PLAN                                                                                   
-------------------------------------------------------------------------------------------------------------------------------------------------------------------------------
 Aggregate  (cost=5970825.13..5970825.14 rows=1 width=268) (actual time=45550.937..45550.942 rows=1 loops=1)
   Buffers: shared hit=623576 read=3702603
   ->  Nested Loop  (cost=17180.68..5970825.07 rows=2 width=81) (actual time=13005.261..45550.816 rows=17 loops=1)
         Buffers: shared hit=623576 read=3702603
         ->  Nested Loop  (cost=17180.26..5970641.16 rows=25 width=54) (actual time=11907.223..45545.368 rows=281 loops=1)
               Buffers: shared hit=622960 read=3702095
               ->  Nested Loop  (cost=17179.83..5968773.18 rows=254 width=50) (actual time=11882.794..45509.608 rows=2880 loops=1)
                     Buffers: shared hit=611710 read=3701833
                     ->  Nested Loop  (cost=17179.40..5942520.03 rows=3569 width=50) (actual time=11878.386..44102.696 rows=144789 loops=1)
                           Buffers: shared hit=43513 read=3691634
                           ->  Hash Join  (cost=17179.10..5909229.97 rows=720219 width=54) (actual time=133.269..43895.732 rows=580447 loops=1)
                                 Hash Cond: (catalog_sales.cs_item_sk = item.i_item_sk)
                                 Buffers: shared hit=37476 read=3691260
                                 ->  Seq Scan on catalog_sales  (cost=0.00..5874397.76 rows=6724855 width=41) (actual time=0.033..42404.169 rows=6763882 loops=1)
                                       Filter: ((cs_wholesale_cost >= '73'::numeric) AND (cs_wholesale_cost <= '78'::numeric))
                                       Rows Removed by Filter: 137228417
                                       Buffers: shared hit=37466 read=3676914
                                 ->  Hash  (cost=16906.00..16906.00 rows=21848 width=21) (actual time=133.105..133.106 rows=21811 loops=1)
                                       Buckets: 32768  Batches: 1  Memory Usage: 1449kB
                                       Buffers: shared hit=10 read=14346
                                       ->  Seq Scan on item  (cost=0.00..16906.00 rows=21848 width=21) (actual time=0.028..127.948 rows=21811 loops=1)
                                             Filter: (i_category = 'Sports'::bpchar)
                                             Rows Removed by Filter: 182189
                                             Buffers: shared hit=10 read=14346
                           ->  Memoize  (cost=0.30..7.22 rows=1 width=4) (actual time=0.000..0.000 rows=0 loops=580447)
                                 Cache Key: catalog_sales.cs_sold_date_sk
                                 Cache Mode: logical
                                 Hits: 578309  Misses: 2138  Evictions: 0  Overflows: 0  Memory Usage: 155kB
                                 Buffers: shared hit=6037 read=374
                                 ->  Index Scan using date_dim_pkey on date_dim  (cost=0.29..7.21 rows=1 width=4) (actual time=0.013..0.013 rows=0 loops=2138)
                                       Index Cond: (d_date_sk = catalog_sales.cs_sold_date_sk)
                                       Filter: (d_year = 2000)
                                       Rows Removed by Filter: 1
                                       Buffers: shared hit=6037 read=374
                     ->  Index Scan using customer_demographics_pkey on customer_demographics  (cost=0.43..7.36 rows=1 width=8) (actual time=0.010..0.010 rows=0 loops=144789)
                           Index Cond: (cd_demo_sk = catalog_sales.cs_bill_cdemo_sk)
                           Filter: ((cd_gender = 'F'::bpchar) AND (cd_education_status = 'Primary'::bpchar))
                           Rows Removed by Filter: 1
                           Buffers: shared hit=568197 read=10199
               ->  Index Scan using customer_pkey on customer  (cost=0.43..7.35 rows=1 width=12) (actual time=0.012..0.012 rows=0 loops=2880)
                     Index Cond: (c_customer_sk = catalog_sales.cs_bill_customer_sk)
                     Filter: (c_birth_month = 2)
                     Rows Removed by Filter: 1
                     Buffers: shared hit=11250 read=262
         ->  Index Scan using customer_address_pkey on customer_address  (cost=0.42..7.36 rows=1 width=35) (actual time=0.018..0.018 rows=0 loops=281)
               Index Cond: (ca_address_sk = customer.c_current_addr_sk)
               Filter: (ca_state = ANY ('{IL,SD,TN}'::bpchar[]))
               Rows Removed by Filter: 1
               Buffers: shared hit=616 read=508
 Planning:
   Buffers: shared hit=407 read=47
 Planning Time: 2.143 ms
 Execution Time: 45551.277 ms
(53 rows)

