                                                                                     QUERY PLAN                                                                                      
-------------------------------------------------------------------------------------------------------------------------------------------------------------------------------------
 Aggregate  (cost=5983342.07..5983342.08 rows=1 width=268) (actual time=56620.283..56620.289 rows=1 loops=1)
   Buffers: shared hit=2472916 read=3706222
   ->  Nested Loop  (cost=2393.34..5983341.99 rows=3 width=81) (actual time=26294.315..56619.582 rows=103 loops=1)
         Buffers: shared hit=2472916 read=3706222
         ->  Nested Loop  (cost=2392.92..5983246.51 rows=13 width=68) (actual time=26093.870..56605.288 rows=465 loops=1)
               Buffers: shared hit=2471677 read=3705601
               ->  Nested Loop  (cost=2392.49..5982297.73 rows=129 width=41) (actual time=26076.649..56341.722 rows=9905 loops=1)
                     Buffers: shared hit=2446754 read=3690904
                     ->  Nested Loop  (cost=2392.07..5975457.70 rows=930 width=37) (actual time=26075.778..55071.335 rows=69577 loops=1)
                           Buffers: shared hit=2183747 read=3675791
                           ->  Hash Join  (cost=2391.64..5883417.43 rows=12512 width=37) (actual time=26075.496..45770.862 rows=536637 loops=1)
                                 Hash Cond: (catalog_sales.cs_sold_date_sk = date_dim.d_date_sk)
                                 Buffers: shared hit=54259 read=3661595
                                 ->  Seq Scan on catalog_sales  (cost=0.00..5874397.76 rows=2524821 width=41) (actual time=0.129..45329.563 rows=2625628 loops=1)
                                       Filter: ((cs_wholesale_cost >= '46'::numeric) AND (cs_wholesale_cost <= '51'::numeric))
                                       Rows Removed by Filter: 141366671
                                       Buffers: shared hit=52785 read=3661595
                                 ->  Hash  (cost=2387.11..2387.11 rows=362 width=4) (actual time=20.689..20.690 rows=365 loops=1)
                                       Buckets: 1024  Batches: 1  Memory Usage: 21kB
                                       Buffers: shared hit=1474
                                       ->  Seq Scan on date_dim  (cost=0.00..2387.11 rows=362 width=4) (actual time=9.130..20.601 rows=365 loops=1)
                                             Filter: (d_year = 2002)
                                             Rows Removed by Filter: 72684
                                             Buffers: shared hit=1474
                           ->  Index Scan using customer_demographics_pkey on customer_demographics  (cost=0.43..7.36 rows=1 width=8) (actual time=0.017..0.017 rows=0 loops=536637)
                                 Index Cond: (cd_demo_sk = catalog_sales.cs_bill_cdemo_sk)
                                 Filter: ((cd_gender = 'M'::bpchar) AND (cd_education_status = '4 yr Degree'::bpchar))
                                 Rows Removed by Filter: 1
                                 Buffers: shared hit=2129488 read=14196
                     ->  Index Scan using customer_pkey on customer  (cost=0.43..7.35 rows=1 width=12) (actual time=0.018..0.018 rows=0 loops=69577)
                           Index Cond: (c_customer_sk = catalog_sales.cs_bill_customer_sk)
                           Filter: (c_birth_month = 10)
                           Rows Removed by Filter: 1
                           Buffers: shared hit=263007 read=15113
               ->  Index Scan using customer_address_pkey on customer_address  (cost=0.42..7.35 rows=1 width=35) (actual time=0.026..0.026 rows=0 loops=9905)
                     Index Cond: (ca_address_sk = customer.c_current_addr_sk)
                     Filter: (ca_state = ANY ('{GA,NE,SD}'::bpchar[]))
                     Rows Removed by Filter: 1
                     Buffers: shared hit=24923 read=14697
         ->  Index Scan using item_pkey on item  (cost=0.42..7.34 rows=1 width=21) (actual time=0.029..0.029 rows=0 loops=465)
               Index Cond: (i_item_sk = catalog_sales.cs_item_sk)
               Filter: (i_category = 'Electronics'::bpchar)
               Rows Removed by Filter: 1
               Buffers: shared hit=1239 read=621
 Planning:
   Buffers: shared hit=406 read=48
 Planning Time: 5.014 ms
 Execution Time: 56620.794 ms
(48 rows)

