                                                                             QUERY PLAN                                                                             
--------------------------------------------------------------------------------------------------------------------------------------------------------------------
 Aggregate  (cost=5991000.94..5991000.95 rows=1 width=268) (actual time=53347.609..53347.614 rows=1 loops=1)
   Buffers: shared hit=1670664 read=3852971
   ->  Nested Loop  (cost=17119.15..5991000.92 rows=1 width=81) (actual time=26831.591..53346.971 rows=97 loops=1)
         Buffers: shared hit=1670664 read=3852971
         ->  Nested Loop  (cost=17118.72..5990883.22 rows=16 width=81) (actual time=26613.525..53312.725 rows=2019 loops=1)
               Buffers: shared hit=1662658 read=3852917
               ->  Nested Loop  (cost=17118.29..5988653.59 rows=303 width=54) (actual time=26602.028..52786.334 rows=28582 loops=1)
                     Buffers: shared hit=1573987 read=3827260
                     ->  Nested Loop  (cost=17117.87..5956604.26 rows=4358 width=50) (actual time=26600.747..46114.052 rows=417054 loops=1)
                           Buffers: shared hit=9678 read=3725469
                           ->  Hash Join  (cost=17117.56..5919336.93 rows=879311 width=54) (actual time=167.863..45566.887 rows=1768937 loops=1)
                                 Hash Cond: (catalog_sales.cs_item_sk = item.i_item_sk)
                                 Buffers: shared hit=3353 read=3725383
                                 ->  Seq Scan on catalog_sales  (cost=0.00..5874397.76 rows=10598487 width=41) (actual time=0.060..43352.625 rows=10312840 loops=1)
                                       Filter: ((cs_wholesale_cost >= '85'::numeric) AND (cs_wholesale_cost <= '90'::numeric))
                                       Rows Removed by Filter: 133679459
                                       Buffers: shared hit=3310 read=3711070
                                 ->  Hash  (cost=16906.00..16906.00 rows=16925 width=21) (actual time=167.458..167.458 rows=17141 loops=1)
                                       Buckets: 32768  Batches: 1  Memory Usage: 1194kB
                                       Buffers: shared hit=43 read=14313
                                       ->  Seq Scan on item  (cost=0.00..16906.00 rows=16925 width=21) (actual time=0.136..161.401 rows=17141 loops=1)
                                             Filter: (i_category = 'Home'::bpchar)
                                             Rows Removed by Filter: 186859
                                             Buffers: shared hit=43 read=14313
                           ->  Memoize  (cost=0.30..7.22 rows=1 width=4) (actual time=0.000..0.000 rows=0 loops=1768937)
                                 Cache Key: catalog_sales.cs_sold_date_sk
                                 Cache Mode: logical
                                 Hits: 1766799  Misses: 2138  Evictions: 0  Overflows: 0  Memory Usage: 155kB
                                 Buffers: shared hit=6325 read=86
                                 ->  Index Scan using date_dim_pkey on date_dim  (cost=0.29..7.21 rows=1 width=4) (actual time=0.013..0.013 rows=0 loops=2138)
                                       Index Cond: (d_date_sk = catalog_sales.cs_sold_date_sk)
                                       Filter: (d_year = 2002)
                                       Rows Removed by Filter: 1
                                       Buffers: shared hit=6325 read=86
                     ->  Index Scan using customer_pkey on customer  (cost=0.43..7.35 rows=1 width=12) (actual time=0.016..0.016 rows=0 loops=417054)
                           Index Cond: (c_customer_sk = catalog_sales.cs_bill_customer_sk)
                           Filter: (c_birth_month = 12)
                           Rows Removed by Filter: 1
                           Buffers: shared hit=1564309 read=101791
               ->  Index Scan using customer_address_pkey on customer_address  (cost=0.42..7.36 rows=1 width=35) (actual time=0.018..0.018 rows=0 loops=28582)
                     Index Cond: (ca_address_sk = customer.c_current_addr_sk)
                     Filter: (ca_state = ANY ('{ME,MT,NC}'::bpchar[]))
                     Rows Removed by Filter: 1
                     Buffers: shared hit=88671 read=25657
         ->  Index Scan using customer_demographics_pkey on customer_demographics  (cost=0.43..7.36 rows=1 width=8) (actual time=0.016..0.016 rows=0 loops=2019)
               Index Cond: (cd_demo_sk = catalog_sales.cs_bill_cdemo_sk)
               Filter: ((cd_gender = 'M'::bpchar) AND (cd_education_status = 'Advanced Degree'::bpchar))
               Rows Removed by Filter: 1
               Buffers: shared hit=8006 read=54
 Planning:
   Buffers: shared hit=454
 Planning Time: 4.533 ms
 Execution Time: 53348.323 ms
(53 rows)

