                                                                                 QUERY PLAN                                                                                  
-----------------------------------------------------------------------------------------------------------------------------------------------------------------------------
 Aggregate  (cost=5932191.46..5932191.47 rows=1 width=268) (actual time=44542.877..44542.883 rows=1 loops=1)
   Buffers: shared hit=100822 read=3668542
   ->  Nested Loop  (cost=16954.16..5932191.43 rows=1 width=81) (actual time=44542.872..44542.877 rows=0 loops=1)
         Buffers: shared hit=100822 read=3668542
         ->  Nested Loop  (cost=16953.73..5932154.65 rows=5 width=54) (actual time=6123.891..44541.745 rows=54 loops=1)
               Buffers: shared hit=100662 read=3668486
               ->  Nested Loop  (cost=16953.31..5931838.42 rows=43 width=50) (actual time=5968.338..44534.630 rows=418 loops=1)
                     Buffers: shared hit=99076 read=3668400
                     ->  Nested Loop  (cost=16952.88..5927358.68 rows=609 width=50) (actual time=5958.295..44429.388 rows=8095 loops=1)
                           Buffers: shared hit=67610 read=3667534
                           ->  Hash Join  (cost=16952.58..5909003.45 rows=122827 width=54) (actual time=131.817..44365.548 rows=61151 loops=1)
                                 Hash Cond: (catalog_sales.cs_item_sk = item.i_item_sk)
                                 Buffers: shared hit=61202 read=3667534
                                 ->  Seq Scan on catalog_sales  (cost=0.00..5874397.76 rows=6724855 width=41) (actual time=0.063..43192.556 rows=6763882 loops=1)
                                       Filter: ((cs_wholesale_cost >= '72'::numeric) AND (cs_wholesale_cost <= '77'::numeric))
                                       Rows Removed by Filter: 137228417
                                       Buffers: shared hit=46846 read=3667534
                                 ->  Hash  (cost=16906.00..16906.00 rows=3726 width=21) (actual time=131.197..131.197 rows=3713 loops=1)
                                       Buckets: 4096  Batches: 1  Memory Usage: 236kB
                                       Buffers: shared hit=14356
                                       ->  Seq Scan on item  (cost=0.00..16906.00 rows=3726 width=21) (actual time=0.046..130.277 rows=3713 loops=1)
                                             Filter: (i_category = 'Music'::bpchar)
                                             Rows Removed by Filter: 200287
                                             Buffers: shared hit=14356
                           ->  Memoize  (cost=0.30..7.22 rows=1 width=4) (actual time=0.001..0.001 rows=0 loops=61151)
                                 Cache Key: catalog_sales.cs_sold_date_sk
                                 Cache Mode: logical
                                 Hits: 59014  Misses: 2137  Evictions: 0  Overflows: 0  Memory Usage: 155kB
                                 Buffers: shared hit=6408
                                 ->  Index Scan using date_dim_pkey on date_dim  (cost=0.29..7.21 rows=1 width=4) (actual time=0.012..0.012 rows=0 loops=2137)
                                       Index Cond: (d_date_sk = catalog_sales.cs_sold_date_sk)
                                       Filter: (d_year = 1999)
                                       Rows Removed by Filter: 1
                                       Buffers: shared hit=6408
                     ->  Index Scan using customer_demographics_pkey on customer_demographics  (cost=0.43..7.36 rows=1 width=8) (actual time=0.013..0.013 rows=0 loops=8095)
                           Index Cond: (cd_demo_sk = catalog_sales.cs_bill_cdemo_sk)
                           Filter: ((cd_gender = 'F'::bpchar) AND (cd_education_status = 'College'::bpchar))
                           Rows Removed by Filter: 1
                           Buffers: shared hit=31466 read=866
               ->  Index Scan using customer_pkey on customer  (cost=0.43..7.35 rows=1 width=12) (actual time=0.016..0.016 rows=0 loops=418)
                     Index Cond: (c_customer_sk = catalog_sales.cs_bill_customer_sk)
                     Filter: (c_birth_month = 8)
                     Rows Removed by Filter: 1
                     Buffers: shared hit=1586 read=86
         ->  Index Scan using customer_address_pkey on customer_address  (cost=0.42..7.36 rows=1 width=35) (actual time=0.020..0.020 rows=0 loops=54)
               Index Cond: (ca_address_sk = customer.c_current_addr_sk)
               Filter: (ca_state = ANY ('{IL,MS,TX}'::bpchar[]))
               Rows Removed by Filter: 1
               Buffers: shared hit=160 read=56
 Planning:
   Buffers: shared hit=454
 Planning Time: 4.403 ms
 Execution Time: 44543.525 ms
(53 rows)

