                                                                                  QUERY PLAN                                                                                  
------------------------------------------------------------------------------------------------------------------------------------------------------------------------------
 Aggregate  (cost=5933633.10..5933633.11 rows=1 width=268) (actual time=45270.759..45270.764 rows=1 loops=1)
   Buffers: shared hit=157035 read=3660096
   ->  Nested Loop  (cost=17045.03..5933633.08 rows=1 width=81) (actual time=12474.355..45270.690 rows=10 loops=1)
         Buffers: shared hit=157035 read=3660096
         ->  Nested Loop  (cost=17044.61..5933574.22 rows=8 width=54) (actual time=12241.111..45268.245 rows=128 loops=1)
               Buffers: shared hit=156682 read=3659937
               ->  Nested Loop  (cost=17044.18..5932949.10 rows=85 width=50) (actual time=12215.151..45248.318 rows=1379 loops=1)
                     Buffers: shared hit=151607 read=3659500
                     ->  Nested Loop  (cost=17043.75..5924269.05 rows=1180 width=50) (actual time=12213.513..45029.693 rows=19017 loops=1)
                           Buffers: shared hit=78266 read=3656881
                           ->  Hash Join  (cost=17043.45..5903033.55 rows=238033 width=54) (actual time=124.571..44917.918 rows=265066 loops=1)
                                 Hash Cond: (catalog_sales.cs_item_sk = item.i_item_sk)
                                 Buffers: shared hit=71855 read=3656881
                                 ->  Seq Scan on catalog_sales  (cost=0.00..5874397.76 rows=4416036 width=41) (actual time=0.057..43923.909 rows=4444683 loops=1)
                                       Filter: ((cs_wholesale_cost >= '50'::numeric) AND (cs_wholesale_cost <= '55'::numeric))
                                       Rows Removed by Filter: 139547616
                                       Buffers: shared hit=57499 read=3656881
                                 ->  Hash  (cost=16906.00..16906.00 rows=10996 width=21) (actual time=124.350..124.350 rows=11037 loops=1)
                                       Buckets: 16384  Batches: 1  Memory Usage: 732kB
                                       Buffers: shared hit=14356
                                       ->  Seq Scan on item  (cost=0.00..16906.00 rows=10996 width=21) (actual time=0.053..121.835 rows=11037 loops=1)
                                             Filter: (i_category = 'Women'::bpchar)
                                             Rows Removed by Filter: 192963
                                             Buffers: shared hit=14356
                           ->  Memoize  (cost=0.30..7.22 rows=1 width=4) (actual time=0.000..0.000 rows=0 loops=265066)
                                 Cache Key: catalog_sales.cs_sold_date_sk
                                 Cache Mode: logical
                                 Hits: 262928  Misses: 2138  Evictions: 0  Overflows: 0  Memory Usage: 155kB
                                 Buffers: shared hit=6411
                                 ->  Index Scan using date_dim_pkey on date_dim  (cost=0.29..7.21 rows=1 width=4) (actual time=0.012..0.012 rows=0 loops=2138)
                                       Index Cond: (d_date_sk = catalog_sales.cs_sold_date_sk)
                                       Filter: (d_year = 2000)
                                       Rows Removed by Filter: 1
                                       Buffers: shared hit=6411
                     ->  Index Scan using customer_demographics_pkey on customer_demographics  (cost=0.43..7.36 rows=1 width=8) (actual time=0.011..0.011 rows=0 loops=19017)
                           Index Cond: (cd_demo_sk = catalog_sales.cs_bill_cdemo_sk)
                           Filter: ((cd_gender = 'M'::bpchar) AND (cd_education_status = 'Primary'::bpchar))
                           Rows Removed by Filter: 1
                           Buffers: shared hit=73341 read=2619
               ->  Index Scan using customer_pkey on customer  (cost=0.43..7.35 rows=1 width=12) (actual time=0.014..0.014 rows=0 loops=1379)
                     Index Cond: (c_customer_sk = catalog_sales.cs_bill_customer_sk)
                     Filter: (c_birth_month = 1)
                     Rows Removed by Filter: 1
                     Buffers: shared hit=5075 read=437
         ->  Index Scan using customer_address_pkey on customer_address  (cost=0.42..7.36 rows=1 width=35) (actual time=0.018..0.018 rows=0 loops=128)
               Index Cond: (ca_address_sk = customer.c_current_addr_sk)
               Filter: (ca_state = ANY ('{LA,MT,PA}'::bpchar[]))
               Rows Removed by Filter: 1
               Buffers: shared hit=353 read=159
 Planning:
   Buffers: shared hit=454
 Planning Time: 4.410 ms
 Execution Time: 45271.405 ms
(53 rows)

