                                                                                  QUERY PLAN                                                                                  
------------------------------------------------------------------------------------------------------------------------------------------------------------------------------
 Aggregate  (cost=5933625.75..5933625.76 rows=1 width=268) (actual time=48643.230..48643.236 rows=1 loops=1)
   Buffers: shared hit=316031 read=3685884
   ->  Nested Loop  (cost=17045.03..5933625.72 rows=1 width=81) (actual time=29536.433..48643.167 rows=8 loops=1)
         Buffers: shared hit=316031 read=3685884
         ->  Nested Loop  (cost=17044.61..5933566.87 rows=8 width=54) (actual time=27127.657..48640.124 rows=140 loops=1)
               Buffers: shared hit=315736 read=3685619
               ->  Nested Loop  (cost=17044.18..5932949.10 rows=84 width=50) (actual time=27119.538..48619.534 rows=1333 loops=1)
                     Buffers: shared hit=311163 read=3684860
                     ->  Nested Loop  (cost=17043.75..5924269.05 rows=1180 width=50) (actual time=27108.200..47729.345 rows=65302 loops=1)
                           Buffers: shared hit=97680 read=3637467
                           ->  Hash Join  (cost=17043.45..5903033.55 rows=238033 width=54) (actual time=134.811..47597.064 rows=265066 loops=1)
                                 Hash Cond: (catalog_sales.cs_item_sk = item.i_item_sk)
                                 Buffers: shared hit=91269 read=3637467
                                 ->  Seq Scan on catalog_sales  (cost=0.00..5874397.76 rows=4416036 width=41) (actual time=0.053..46539.160 rows=4444683 loops=1)
                                       Filter: ((cs_wholesale_cost >= '51'::numeric) AND (cs_wholesale_cost <= '56'::numeric))
                                       Rows Removed by Filter: 139547616
                                       Buffers: shared hit=76913 read=3637467
                                 ->  Hash  (cost=16906.00..16906.00 rows=10996 width=21) (actual time=134.637..134.638 rows=11037 loops=1)
                                       Buckets: 16384  Batches: 1  Memory Usage: 732kB
                                       Buffers: shared hit=14356
                                       ->  Seq Scan on item  (cost=0.00..16906.00 rows=10996 width=21) (actual time=0.052..131.610 rows=11037 loops=1)
                                             Filter: (i_category = 'Women'::bpchar)
                                             Rows Removed by Filter: 192963
                                             Buffers: shared hit=14356
                           ->  Memoize  (cost=0.30..7.22 rows=1 width=4) (actual time=0.000..0.000 rows=0 loops=265066)
                                 Cache Key: catalog_sales.cs_sold_date_sk
                                 Cache Mode: logical
                                 Hits: 262928  Misses: 2138  Evictions: 0  Overflows: 0  Memory Usage: 155kB
                                 Buffers: shared hit=6411
                                 ->  Index Scan using date_dim_pkey on date_dim  (cost=0.29..7.21 rows=1 width=4) (actual time=0.013..0.013 rows=0 loops=2138)
                                       Index Cond: (d_date_sk = catalog_sales.cs_sold_date_sk)
                                       Filter: (d_year = 2002)
                                       Rows Removed by Filter: 1
                                       Buffers: shared hit=6411
                     ->  Index Scan using customer_demographics_pkey on customer_demographics  (cost=0.43..7.36 rows=1 width=8) (actual time=0.013..0.013 rows=0 loops=65302)
                           Index Cond: (cd_demo_sk = catalog_sales.cs_bill_cdemo_sk)
                           Filter: ((cd_gender = 'M'::bpchar) AND (cd_education_status = 'Secondary'::bpchar))
                           Rows Removed by Filter: 1
                           Buffers: shared hit=213483 read=47393
               ->  Index Scan using customer_pkey on customer  (cost=0.43..7.35 rows=1 width=12) (actual time=0.015..0.015 rows=0 loops=1333)
                     Index Cond: (c_customer_sk = catalog_sales.cs_bill_customer_sk)
                     Filter: (c_birth_month = 2)
                     Rows Removed by Filter: 1
                     Buffers: shared hit=4573 read=759
         ->  Index Scan using customer_address_pkey on customer_address  (cost=0.42..7.36 rows=1 width=35) (actual time=0.020..0.020 rows=0 loops=140)
               Index Cond: (ca_address_sk = customer.c_current_addr_sk)
               Filter: (ca_state = ANY ('{AK,TX,VA}'::bpchar[]))
               Rows Removed by Filter: 1
               Buffers: shared hit=295 read=265
 Planning:
   Buffers: shared hit=454
 Planning Time: 4.003 ms
 Execution Time: 48643.728 ms
(53 rows)

