                                                                              QUERY PLAN                                                                               
-----------------------------------------------------------------------------------------------------------------------------------------------------------------------
 Aggregate  (cost=5973963.75..5973963.76 rows=1 width=268) (actual time=54708.118..54708.125 rows=1 loops=1)
   Buffers: shared hit=311685 read=3761374
   ->  Nested Loop  (cost=17045.03..5973963.69 rows=2 width=81) (actual time=2653.752..54708.042 rows=10 loops=1)
         Buffers: shared hit=311685 read=3761374
         ->  Nested Loop  (cost=17044.61..5973868.01 rows=13 width=54) (actual time=240.300..54704.376 rows=169 loops=1)
               Buffers: shared hit=311331 read=3761052
               ->  Nested Loop  (cost=17044.18..5972610.17 rows=171 width=54) (actual time=118.076..54636.825 rows=4555 loops=1)
                     Buffers: shared hit=294047 read=3760120
                     ->  Nested Loop  (cost=17043.75..5950812.53 rows=2964 width=50) (actual time=116.382..53526.537 rows=79852 loops=1)
                           Buffers: shared hit=38280 read=3696867
                           ->  Hash Join  (cost=17043.45..5920573.25 rows=598187 width=54) (actual time=116.330..53241.079 rows=685013 loops=1)
                                 Hash Cond: (catalog_sales.cs_item_sk = item.i_item_sk)
                                 Buffers: shared hit=31869 read=3696867
                                 ->  Seq Scan on catalog_sales  (cost=0.00..5874397.76 rows=11097691 width=41) (actual time=0.064..50966.744 rows=11458169 loops=1)
                                       Filter: ((cs_wholesale_cost >= '56'::numeric) AND (cs_wholesale_cost <= '61'::numeric))
                                       Rows Removed by Filter: 132534130
                                       Buffers: shared hit=22309 read=3692071
                                 ->  Hash  (cost=16906.00..16906.00 rows=10996 width=21) (actual time=116.065..116.066 rows=11037 loops=1)
                                       Buckets: 16384  Batches: 1  Memory Usage: 732kB
                                       Buffers: shared hit=9560 read=4796
                                       ->  Seq Scan on item  (cost=0.00..16906.00 rows=10996 width=21) (actual time=0.051..113.027 rows=11037 loops=1)
                                             Filter: (i_category = 'Women'::bpchar)
                                             Rows Removed by Filter: 192963
                                             Buffers: shared hit=9560 read=4796
                           ->  Memoize  (cost=0.30..7.22 rows=1 width=4) (actual time=0.000..0.000 rows=0 loops=685013)
                                 Cache Key: catalog_sales.cs_sold_date_sk
                                 Cache Mode: logical
                                 Hits: 682875  Misses: 2138  Evictions: 0  Overflows: 0  Memory Usage: 155kB
                                 Buffers: shared hit=6411
                                 ->  Index Scan using date_dim_pkey on date_dim  (cost=0.29..7.21 rows=1 width=4) (actual time=0.016..0.016 rows=0 loops=2138)
                                       Index Cond: (d_date_sk = catalog_sales.cs_sold_date_sk)
                                       Filter: (d_year = 1998)
                                       Rows Removed by Filter: 1
                                       Buffers: shared hit=6411
                     ->  Index Scan using customer_pkey on customer  (cost=0.43..7.35 rows=1 width=12) (actual time=0.014..0.014 rows=0 loops=79852)
                           Index Cond: (c_customer_sk = catalog_sales.cs_bill_customer_sk)
                           Filter: (c_birth_month = 3)
                           Rows Removed by Filter: 1
                           Buffers: shared hit=255767 read=63253
               ->  Index Scan using customer_demographics_pkey on customer_demographics  (cost=0.43..7.36 rows=1 width=8) (actual time=0.014..0.014 rows=0 loops=4555)
                     Index Cond: (cd_demo_sk = catalog_sales.cs_bill_cdemo_sk)
                     Filter: ((cd_gender = 'F'::bpchar) AND (cd_education_status = '4 yr Degree'::bpchar))
                     Rows Removed by Filter: 1
                     Buffers: shared hit=17284 read=932
         ->  Index Scan using customer_address_pkey on customer_address  (cost=0.42..7.36 rows=1 width=35) (actual time=0.020..0.020 rows=0 loops=169)
               Index Cond: (ca_address_sk = customer.c_current_addr_sk)
               Filter: (ca_state = ANY ('{KS,MS,TX}'::bpchar[]))
               Rows Removed by Filter: 1
               Buffers: shared hit=354 read=322
 Planning:
   Buffers: shared hit=453 read=1
 Planning Time: 3.267 ms
 Execution Time: 54708.611 ms
(53 rows)

