                                                                                  QUERY PLAN                                                                                   
-------------------------------------------------------------------------------------------------------------------------------------------------------------------------------
 Aggregate  (cost=5966817.91..5966817.92 rows=1 width=268) (actual time=51723.519..51723.525 rows=1 loops=1)
   Buffers: shared hit=556445 read=3688066
   ->  Nested Loop  (cost=17119.15..5966817.86 rows=2 width=81) (actual time=6677.312..51723.023 rows=71 loops=1)
         Buffers: shared hit=556445 read=3688066
         ->  Nested Loop  (cost=17118.72..5966656.02 rows=22 width=54) (actual time=6668.787..51694.713 rows=1466 loops=1)
               Buffers: shared hit=553395 read=3685252
               ->  Nested Loop  (cost=17118.29..5964964.54 rows=230 width=50) (actual time=6667.743..51488.827 rows=14443 loops=1)
                     Buffers: shared hit=506785 read=3674126
                     ->  Nested Loop  (cost=17117.87..5942190.78 rows=3096 width=50) (actual time=6666.987..50190.363 rows=111581 loops=1)
                           Buffers: shared hit=82646 read=3652501
                           ->  Hash Join  (cost=17117.56..5911285.30 rows=624836 width=54) (actual time=99.077..49725.616 rows=1288338 loops=1)
                                 Hash Cond: (catalog_sales.cs_item_sk = item.i_item_sk)
                                 Buffers: shared hit=76235 read=3652501
                                 ->  Seq Scan on catalog_sales  (cost=0.00..5874397.76 rows=7531262 width=41) (actual time=0.023..47942.941 rows=7518631 loops=1)
                                       Filter: ((cs_wholesale_cost >= '83'::numeric) AND (cs_wholesale_cost <= '88'::numeric))
                                       Rows Removed by Filter: 136473668
                                       Buffers: shared hit=61943 read=3652437
                                 ->  Hash  (cost=16906.00..16906.00 rows=16925 width=21) (actual time=98.908..98.909 rows=17141 loops=1)
                                       Buckets: 32768  Batches: 1  Memory Usage: 1194kB
                                       Buffers: shared hit=14292 read=64
                                       ->  Seq Scan on item  (cost=0.00..16906.00 rows=16925 width=21) (actual time=0.009..94.984 rows=17141 loops=1)
                                             Filter: (i_category = 'Home'::bpchar)
                                             Rows Removed by Filter: 186859
                                             Buffers: shared hit=14292 read=64
                           ->  Memoize  (cost=0.30..7.22 rows=1 width=4) (actual time=0.000..0.000 rows=0 loops=1288338)
                                 Cache Key: catalog_sales.cs_sold_date_sk
                                 Cache Mode: logical
                                 Hits: 1286200  Misses: 2138  Evictions: 0  Overflows: 0  Memory Usage: 155kB
                                 Buffers: shared hit=6411
                                 ->  Index Scan using date_dim_pkey on date_dim  (cost=0.29..7.21 rows=1 width=4) (actual time=0.016..0.017 rows=0 loops=2138)
                                       Index Cond: (d_date_sk = catalog_sales.cs_sold_date_sk)
                                       Filter: (d_year = 1999)
                                       Rows Removed by Filter: 1
                                       Buffers: shared hit=6411
                     ->  Index Scan using customer_demographics_pkey on customer_demographics  (cost=0.43..7.36 rows=1 width=8) (actual time=0.011..0.011 rows=0 loops=111581)
                           Index Cond: (cd_demo_sk = catalog_sales.cs_bill_cdemo_sk)
                           Filter: ((cd_gender = 'M'::bpchar) AND (cd_education_status = '4 yr Degree'::bpchar))
                           Rows Removed by Filter: 1
                           Buffers: shared hit=424139 read=21625
               ->  Index Scan using customer_pkey on customer  (cost=0.43..7.35 rows=1 width=12) (actual time=0.014..0.014 rows=0 loops=14443)
                     Index Cond: (c_customer_sk = catalog_sales.cs_bill_customer_sk)
                     Filter: (c_birth_month = 2)
                     Rows Removed by Filter: 1
                     Buffers: shared hit=46610 read=11126
         ->  Index Scan using customer_address_pkey on customer_address  (cost=0.42..7.36 rows=1 width=35) (actual time=0.019..0.019 rows=0 loops=1466)
               Index Cond: (ca_address_sk = customer.c_current_addr_sk)
               Filter: (ca_state = ANY ('{AL,IA,MN}'::bpchar[]))
               Rows Removed by Filter: 1
               Buffers: shared hit=3050 read=2814
 Planning:
   Buffers: shared hit=454
 Planning Time: 2.290 ms
 Execution Time: 51723.834 ms
(53 rows)

