                                                                                  QUERY PLAN                                                                                  
------------------------------------------------------------------------------------------------------------------------------------------------------------------------------
 Aggregate  (cost=5922125.92..5922125.93 rows=1 width=268) (actual time=52178.029..52178.036 rows=1 loops=1)
   Buffers: shared hit=162018 read=3648045
   ->  Nested Loop  (cost=17045.03..5922125.89 rows=1 width=81) (actual time=7733.089..52177.942 rows=11 loops=1)
         Buffers: shared hit=162018 read=3648045
         ->  Nested Loop  (cost=17044.61..5922081.76 rows=6 width=54) (actual time=7352.507..52175.820 rows=88 loops=1)
               Buffers: shared hit=161835 read=3647876
               ->  Nested Loop  (cost=17044.18..5921714.01 rows=50 width=50) (actual time=7240.962..52163.463 rows=677 loops=1)
                     Buffers: shared hit=159677 read=3647326
                     ->  Nested Loop  (cost=17043.75..5916755.96 rows=674 width=50) (actual time=7231.665..51915.103 rows=17987 loops=1)
                           Buffers: shared hit=90834 read=3644313
                           ->  Hash Join  (cost=17043.45..5898069.00 rows=136093 width=54) (actual time=152.120..51797.683 rows=157454 loops=1)
                                 Hash Cond: (catalog_sales.cs_item_sk = item.i_item_sk)
                                 Buffers: shared hit=84423 read=3644313
                                 ->  Seq Scan on catalog_sales  (cost=0.00..5874397.76 rows=2524821 width=41) (actual time=0.065..51021.341 rows=2625628 loops=1)
                                       Filter: ((cs_wholesale_cost >= '43'::numeric) AND (cs_wholesale_cost <= '48'::numeric))
                                       Rows Removed by Filter: 141366671
                                       Buffers: shared hit=84359 read=3630021
                                 ->  Hash  (cost=16906.00..16906.00 rows=10996 width=21) (actual time=151.455..151.456 rows=11037 loops=1)
                                       Buckets: 16384  Batches: 1  Memory Usage: 732kB
                                       Buffers: shared hit=64 read=14292
                                       ->  Seq Scan on item  (cost=0.00..16906.00 rows=10996 width=21) (actual time=0.044..147.497 rows=11037 loops=1)
                                             Filter: (i_category = 'Women'::bpchar)
                                             Rows Removed by Filter: 192963
                                             Buffers: shared hit=64 read=14292
                           ->  Memoize  (cost=0.30..7.22 rows=1 width=4) (actual time=0.000..0.000 rows=0 loops=157454)
                                 Cache Key: catalog_sales.cs_sold_date_sk
                                 Cache Mode: logical
                                 Hits: 155316  Misses: 2138  Evictions: 0  Overflows: 0  Memory Usage: 155kB
                                 Buffers: shared hit=6411
                                 ->  Index Scan using date_dim_pkey on date_dim  (cost=0.29..7.21 rows=1 width=4) (actual time=0.017..0.017 rows=0 loops=2138)
                                       Index Cond: (d_date_sk = catalog_sales.cs_sold_date_sk)
                                       Filter: (d_year = 1999)
                                       Rows Removed by Filter: 1
                                       Buffers: shared hit=6411
                     ->  Index Scan using customer_demographics_pkey on customer_demographics  (cost=0.43..7.36 rows=1 width=8) (actual time=0.013..0.013 rows=0 loops=17987)
                           Index Cond: (cd_demo_sk = catalog_sales.cs_bill_cdemo_sk)
                           Filter: ((cd_gender = 'F'::bpchar) AND (cd_education_status = '4 yr Degree'::bpchar))
                           Rows Removed by Filter: 1
                           Buffers: shared hit=68843 read=3013
               ->  Index Scan using customer_pkey on customer  (cost=0.43..7.35 rows=1 width=12) (actual time=0.017..0.017 rows=0 loops=677)
                     Index Cond: (c_customer_sk = catalog_sales.cs_bill_customer_sk)
                     Filter: (c_birth_month = 8)
                     Rows Removed by Filter: 1
                     Buffers: shared hit=2158 read=550
         ->  Index Scan using customer_address_pkey on customer_address  (cost=0.42..7.36 rows=1 width=35) (actual time=0.022..0.022 rows=0 loops=88)
               Index Cond: (ca_address_sk = customer.c_current_addr_sk)
               Filter: (ca_state = ANY ('{LA,PA,WV}'::bpchar[]))
               Rows Removed by Filter: 1
               Buffers: shared hit=183 read=169
 Planning:
   Buffers: shared hit=405 read=49
 Planning Time: 2.183 ms
 Execution Time: 52178.346 ms
(53 rows)

