                                                                                  QUERY PLAN                                                                                  
------------------------------------------------------------------------------------------------------------------------------------------------------------------------------
 Aggregate  (cost=5933868.84..5933868.85 rows=1 width=268) (actual time=53037.739..53037.744 rows=1 loops=1)
   Buffers: shared hit=182614 read=3633593
   ->  Nested Loop  (cost=17073.85..5933868.81 rows=1 width=81) (actual time=10653.499..53037.676 rows=8 loops=1)
         Buffers: shared hit=182614 read=3633593
         ->  Nested Loop  (cost=17073.42..5933809.95 rows=8 width=54) (actual time=7273.236..53032.712 rows=205 loops=1)
               Buffers: shared hit=182197 read=3633190
               ->  Nested Loop  (cost=17072.99..5933111.28 rows=95 width=50) (actual time=7230.424..52994.572 rows=2306 loops=1)
                     Buffers: shared hit=175035 read=3631140
                     ->  Nested Loop  (cost=17072.57..5923666.17 rows=1284 width=50) (actual time=7227.437..52750.088 rows=17781 loops=1)
                           Buffers: shared hit=107043 read=3628104
                           ->  Hash Join  (cost=17072.26..5901903.12 rows=259137 width=54) (actual time=116.372..52636.152 rows=135896 loops=1)
                                 Hash Cond: (catalog_sales.cs_item_sk = item.i_item_sk)
                                 Buffers: shared hit=100632 read=3628104
                                 ->  Seq Scan on catalog_sales  (cost=0.00..5874397.76 rows=3974433 width=41) (actual time=0.130..51603.567 rows=3999274 loops=1)
                                       Filter: ((cs_wholesale_cost >= '38'::numeric) AND (cs_wholesale_cost <= '43'::numeric))
                                       Rows Removed by Filter: 139993025
                                       Buffers: shared hit=86276 read=3628104
                                 ->  Hash  (cost=16906.00..16906.00 rows=13301 width=21) (actual time=116.040..116.040 rows=13933 loops=1)
                                       Buckets: 16384  Batches: 1  Memory Usage: 890kB
                                       Buffers: shared hit=14356
                                       ->  Seq Scan on item  (cost=0.00..16906.00 rows=13301 width=21) (actual time=0.012..112.581 rows=13933 loops=1)
                                             Filter: (i_category = 'Men'::bpchar)
                                             Rows Removed by Filter: 190067
                                             Buffers: shared hit=14356
                           ->  Memoize  (cost=0.30..7.22 rows=1 width=4) (actual time=0.001..0.001 rows=0 loops=135896)
                                 Cache Key: catalog_sales.cs_sold_date_sk
                                 Cache Mode: logical
                                 Hits: 133758  Misses: 2138  Evictions: 0  Overflows: 0  Memory Usage: 155kB
                                 Buffers: shared hit=6411
                                 ->  Index Scan using date_dim_pkey on date_dim  (cost=0.29..7.21 rows=1 width=4) (actual time=0.017..0.017 rows=0 loops=2138)
                                       Index Cond: (d_date_sk = catalog_sales.cs_sold_date_sk)
                                       Filter: (d_year = 1999)
                                       Rows Removed by Filter: 1
                                       Buffers: shared hit=6411
                     ->  Index Scan using customer_demographics_pkey on customer_demographics  (cost=0.43..7.36 rows=1 width=8) (actual time=0.013..0.013 rows=0 loops=17781)
                           Index Cond: (cd_demo_sk = catalog_sales.cs_bill_cdemo_sk)
                           Filter: ((cd_gender = 'M'::bpchar) AND (cd_education_status = '4 yr Degree'::bpchar))
                           Rows Removed by Filter: 1
                           Buffers: shared hit=67992 read=3036
               ->  Index Scan using customer_pkey on customer  (cost=0.43..7.35 rows=1 width=12) (actual time=0.016..0.016 rows=0 loops=2306)
                     Index Cond: (c_customer_sk = catalog_sales.cs_bill_customer_sk)
                     Filter: (c_birth_month = 11)
                     Rows Removed by Filter: 1
                     Buffers: shared hit=7162 read=2050
         ->  Index Scan using customer_address_pkey on customer_address  (cost=0.42..7.36 rows=1 width=35) (actual time=0.023..0.023 rows=0 loops=205)
               Index Cond: (ca_address_sk = customer.c_current_addr_sk)
               Filter: (ca_state = ANY ('{GA,IA,TX}'::bpchar[]))
               Rows Removed by Filter: 1
               Buffers: shared hit=417 read=403
 Planning:
   Buffers: shared hit=454
 Planning Time: 2.046 ms
 Execution Time: 53038.096 ms
(53 rows)

