                                                                                  QUERY PLAN                                                                                   
-------------------------------------------------------------------------------------------------------------------------------------------------------------------------------
 Aggregate  (cost=6010282.61..6010282.62 rows=1 width=268) (actual time=63506.710..63506.716 rows=1 loops=1)
   Buffers: shared hit=1483306 read=3744116
   ->  Nested Loop  (cost=19612.06..6010282.47 rows=5 width=81) (actual time=7133.763..63504.946 rows=240 loops=1)
         Buffers: shared hit=1483306 read=3744116
         ->  Nested Loop  (cost=19611.63..6009870.46 rows=56 width=54) (actual time=7091.594..63402.835 rows=3964 loops=1)
               Buffers: shared hit=1474079 read=3737487
               ->  Nested Loop  (cost=19611.20..6004957.94 rows=668 width=50) (actual time=7091.326..62438.595 rows=46860 loops=1)
                     Buffers: shared hit=1325526 read=3698772
                     ->  Hash Join  (cost=19610.78..5935151.50 rows=9490 width=50) (actual time=7089.957..56960.009 rows=323917 loops=1)
                           Hash Cond: (catalog_sales.cs_item_sk = item.i_item_sk)
                           Buffers: shared hit=63592 read=3666618
                           ->  Hash Join  (cost=2391.64..5917729.49 rows=77284 width=37) (actual time=6981.006..56393.983 rows=2071676 loops=1)
                                 Hash Cond: (catalog_sales.cs_sold_date_sk = date_dim.d_date_sk)
                                 Buffers: shared hit=49236 read=3666618
                                 ->  Seq Scan on catalog_sales  (cost=0.00..5874397.76 rows=15595328 width=41) (actual time=0.023..54482.824 rows=15696054 loops=1)
                                       Filter: ((cs_wholesale_cost >= '27'::numeric) AND (cs_wholesale_cost <= '32'::numeric))
                                       Rows Removed by Filter: 128296245
                                       Buffers: shared hit=49194 read=3665186
                                 ->  Hash  (cost=2387.11..2387.11 rows=362 width=4) (actual time=20.695..20.696 rows=365 loops=1)
                                       Buckets: 1024  Batches: 1  Memory Usage: 21kB
                                       Buffers: shared hit=42 read=1432
                                       ->  Seq Scan on date_dim  (cost=0.00..2387.11 rows=362 width=4) (actual time=7.579..20.650 rows=365 loops=1)
                                             Filter: (d_year = 1999)
                                             Rows Removed by Filter: 72684
                                             Buffers: shared hit=42 read=1432
                           ->  Hash  (cost=16906.00..16906.00 rows=25051 width=21) (actual time=108.797..108.798 rows=24688 loops=1)
                                 Buckets: 32768  Batches: 1  Memory Usage: 1607kB
                                 Buffers: shared hit=14356
                                 ->  Seq Scan on item  (cost=0.00..16906.00 rows=25051 width=21) (actual time=0.011..103.581 rows=24688 loops=1)
                                       Filter: (i_category = 'Books'::bpchar)
                                       Rows Removed by Filter: 179312
                                       Buffers: shared hit=14356
                     ->  Index Scan using customer_demographics_pkey on customer_demographics  (cost=0.43..7.36 rows=1 width=8) (actual time=0.017..0.017 rows=0 loops=323917)
                           Index Cond: (cd_demo_sk = catalog_sales.cs_bill_cdemo_sk)
                           Filter: ((cd_gender = 'M'::bpchar) AND (cd_education_status = 'Unknown'::bpchar))
                           Rows Removed by Filter: 1
                           Buffers: shared hit=1261934 read=32154
               ->  Index Scan using customer_pkey on customer  (cost=0.43..7.35 rows=1 width=12) (actual time=0.020..0.020 rows=0 loops=46860)
                     Index Cond: (c_customer_sk = catalog_sales.cs_bill_customer_sk)
                     Filter: (c_birth_month = 11)
                     Rows Removed by Filter: 1
                     Buffers: shared hit=148553 read=38715
         ->  Index Scan using customer_address_pkey on customer_address  (cost=0.42..7.36 rows=1 width=35) (actual time=0.025..0.025 rows=0 loops=3964)
               Index Cond: (ca_address_sk = customer.c_current_addr_sk)
               Filter: (ca_state = ANY ('{KS,SD,TN}'::bpchar[]))
               Rows Removed by Filter: 1
               Buffers: shared hit=9227 read=6629
 Planning:
   Buffers: shared hit=454
 Planning Time: 2.003 ms
 Execution Time: 63506.998 ms
(51 rows)

