                                                                              QUERY PLAN                                                                               
-----------------------------------------------------------------------------------------------------------------------------------------------------------------------
 Aggregate  (cost=5989678.98..5989678.99 rows=1 width=268) (actual time=52907.522..52907.528 rows=1 loops=1)
   Buffers: shared hit=544974 read=3755953
   ->  Nested Loop  (cost=17242.40..5989678.92 rows=2 width=81) (actual time=13940.802..52906.941 rows=81 loops=1)
         Buffers: shared hit=544974 read=3755953
         ->  Nested Loop  (cost=17241.97..5989531.72 rows=20 width=54) (actual time=13856.313..52876.009 rows=1554 loops=1)
               Buffers: shared hit=541499 read=3753212
               ->  Nested Loop  (cost=17241.54..5987450.01 rows=283 width=54) (actual time=13855.110..52781.380 rows=7568 loops=1)
                     Buffers: shared hit=511909 read=3752562
                     ->  Nested Loop  (cost=17241.12..5951414.27 rows=4900 width=50) (actual time=13854.978..51069.408 rows=132500 loops=1)
                           Buffers: shared hit=79591 read=3655556
                           ->  Hash Join  (cost=17240.81..5911408.55 rows=988847 width=54) (actual time=132.697..50772.705 rows=715871 loops=1)
                                 Hash Cond: (catalog_sales.cs_item_sk = item.i_item_sk)
                                 Buffers: shared hit=73180 read=3655556
                                 ->  Seq Scan on catalog_sales  (cost=0.00..5874397.76 rows=7531262 width=41) (actual time=0.057..48899.058 rows=7518631 loops=1)
                                       Filter: ((cs_wholesale_cost >= '80'::numeric) AND (cs_wholesale_cost <= '85'::numeric))
                                       Rows Removed by Filter: 136473668
                                       Buffers: shared hit=58824 read=3655556
                                 ->  Hash  (cost=16906.00..16906.00 rows=26785 width=21) (actual time=132.326..132.327 rows=26695 loops=1)
                                       Buckets: 32768  Batches: 1  Memory Usage: 1716kB
                                       Buffers: shared hit=14356
                                       ->  Seq Scan on item  (cost=0.00..16906.00 rows=26785 width=21) (actual time=0.013..125.184 rows=26695 loops=1)
                                             Filter: (i_category = 'Children'::bpchar)
                                             Rows Removed by Filter: 177305
                                             Buffers: shared hit=14356
                           ->  Memoize  (cost=0.30..7.22 rows=1 width=4) (actual time=0.000..0.000 rows=0 loops=715871)
                                 Cache Key: catalog_sales.cs_sold_date_sk
                                 Cache Mode: logical
                                 Hits: 713733  Misses: 2138  Evictions: 0  Overflows: 0  Memory Usage: 155kB
                                 Buffers: shared hit=6411
                                 ->  Index Scan using date_dim_pkey on date_dim  (cost=0.29..7.21 rows=1 width=4) (actual time=0.017..0.017 rows=0 loops=2138)
                                       Index Cond: (d_date_sk = catalog_sales.cs_sold_date_sk)
                                       Filter: (d_year = 2000)
                                       Rows Removed by Filter: 1
                                       Buffers: shared hit=6411
                     ->  Index Scan using customer_pkey on customer  (cost=0.43..7.35 rows=1 width=12) (actual time=0.013..0.013 rows=0 loops=132500)
                           Index Cond: (c_customer_sk = catalog_sales.cs_bill_customer_sk)
                           Filter: (c_birth_month = 3)
                           Rows Removed by Filter: 1
                           Buffers: shared hit=432318 read=97006
               ->  Index Scan using customer_demographics_pkey on customer_demographics  (cost=0.43..7.36 rows=1 width=8) (actual time=0.012..0.012 rows=0 loops=7568)
                     Index Cond: (cd_demo_sk = catalog_sales.cs_bill_cdemo_sk)
                     Filter: ((cd_gender = 'M'::bpchar) AND (cd_education_status = '2 yr Degree'::bpchar))
                     Rows Removed by Filter: 1
                     Buffers: shared hit=29590 read=650
         ->  Index Scan using customer_address_pkey on customer_address  (cost=0.42..7.36 rows=1 width=35) (actual time=0.019..0.019 rows=0 loops=1554)
               Index Cond: (ca_address_sk = customer.c_current_addr_sk)
               Filter: (ca_state = ANY ('{MO,TX,WA}'::bpchar[]))
               Rows Removed by Filter: 1
               Buffers: shared hit=3475 read=2741
 Planning:
   Buffers: shared hit=454
 Planning Time: 4.938 ms
 Execution Time: 52908.108 ms
(53 rows)

