                                                                               QUERY PLAN                                                                               
------------------------------------------------------------------------------------------------------------------------------------------------------------------------
 Aggregate  (cost=6024021.75..6024021.76 rows=1 width=268) (actual time=53589.491..53589.495 rows=1 loops=1)
   Buffers: shared hit=786345 read=3769122
   ->  Nested Loop  (cost=17242.40..6024021.67 rows=3 width=81) (actual time=30334.446..53589.162 rows=41 loops=1)
         Buffers: shared hit=786345 read=3769122
         ->  Nested Loop  (cost=17241.97..6023771.48 rows=34 width=54) (actual time=29957.357..53574.951 rows=662 loops=1)
               Buffers: shared hit=784921 read=3767898
               ->  Nested Loop  (cost=17241.54..6020248.04 rows=479 width=54) (actual time=29923.688..53399.074 rows=12921 loops=1)
                     Buffers: shared hit=739912 read=3761239
                     ->  Nested Loop  (cost=17241.12..5969533.91 rows=6896 width=50) (actual time=29923.387..50943.080 rows=191761 loops=1)
                           Buffers: shared hit=79220 read=3655927
                           ->  Hash Join  (cost=17240.81..5919460.18 rows=1391571 width=54) (actual time=178.370..50565.949 rows=980844 loops=1)
                                 Hash Cond: (catalog_sales.cs_item_sk = item.i_item_sk)
                                 Buffers: shared hit=72809 read=3655927
                                 ->  Seq Scan on catalog_sales  (cost=0.00..5874397.76 rows=10598487 width=41) (actual time=0.048..48106.156 rows=10312840 loops=1)
                                       Filter: ((cs_wholesale_cost >= '85'::numeric) AND (cs_wholesale_cost <= '90'::numeric))
                                       Rows Removed by Filter: 133679459
                                       Buffers: shared hit=72809 read=3641571
                                 ->  Hash  (cost=16906.00..16906.00 rows=26785 width=21) (actual time=177.953..177.954 rows=26695 loops=1)
                                       Buckets: 32768  Batches: 1  Memory Usage: 1716kB
                                       Buffers: shared read=14356
                                       ->  Seq Scan on item  (cost=0.00..16906.00 rows=26785 width=21) (actual time=0.016..169.205 rows=26695 loops=1)
                                             Filter: (i_category = 'Children'::bpchar)
                                             Rows Removed by Filter: 177305
                                             Buffers: shared read=14356
                           ->  Memoize  (cost=0.30..7.22 rows=1 width=4) (actual time=0.000..0.000 rows=0 loops=980844)
                                 Cache Key: catalog_sales.cs_sold_date_sk
                                 Cache Mode: logical
                                 Hits: 978706  Misses: 2138  Evictions: 0  Overflows: 0  Memory Usage: 155kB
                                 Buffers: shared hit=6411
                                 ->  Index Scan using date_dim_pkey on date_dim  (cost=0.29..7.21 rows=1 width=4) (actual time=0.016..0.016 rows=0 loops=2138)
                                       Index Cond: (d_date_sk = catalog_sales.cs_sold_date_sk)
                                       Filter: (d_year = 2002)
                                       Rows Removed by Filter: 1
                                       Buffers: shared hit=6411
                     ->  Index Scan using customer_pkey on customer  (cost=0.43..7.35 rows=1 width=12) (actual time=0.013..0.013 rows=0 loops=191761)
                           Index Cond: (c_customer_sk = catalog_sales.cs_bill_customer_sk)
                           Filter: (c_birth_month = 12)
                           Rows Removed by Filter: 1
                           Buffers: shared hit=660692 read=105312
               ->  Index Scan using customer_demographics_pkey on customer_demographics  (cost=0.43..7.36 rows=1 width=8) (actual time=0.013..0.013 rows=0 loops=12921)
                     Index Cond: (cd_demo_sk = catalog_sales.cs_bill_cdemo_sk)
                     Filter: ((cd_gender = 'F'::bpchar) AND (cd_education_status = 'College'::bpchar))
                     Rows Removed by Filter: 1
                     Buffers: shared hit=45009 read=6659
         ->  Index Scan using customer_address_pkey on customer_address  (cost=0.42..7.36 rows=1 width=35) (actual time=0.020..0.020 rows=0 loops=662)
               Index Cond: (ca_address_sk = customer.c_current_addr_sk)
               Filter: (ca_state = ANY ('{MO,NC,SD}'::bpchar[]))
               Rows Removed by Filter: 1
               Buffers: shared hit=1424 read=1224
 Planning:
   Buffers: shared hit=405 read=49
 Planning Time: 3.221 ms
 Execution Time: 53589.902 ms
(53 rows)

