                                                                              QUERY PLAN                                                                               
-----------------------------------------------------------------------------------------------------------------------------------------------------------------------
 Aggregate  (cost=5906270.04..5906270.05 rows=1 width=268) (actual time=46135.235..46135.240 rows=1 loops=1)
   Buffers: shared hit=170283 read=3666083
   ->  Nested Loop  (cost=19717.88..5906270.01 rows=1 width=81) (actual time=29212.805..46135.166 rows=8 loops=1)
         Buffers: shared hit=170283 read=3666083
         ->  Nested Loop  (cost=19717.46..5906233.22 rows=5 width=54) (actual time=27356.474..46133.052 rows=99 loops=1)
               Buffers: shared hit=170085 read=3665885
               ->  Nested Loop  (cost=19717.03..5905703.54 rows=72 width=54) (actual time=27194.131..46109.515 rows=1659 loops=1)
                     Buffers: shared hit=164632 read=3664702
                     ->  Hash Join  (cost=19716.60..5898031.43 rows=1043 width=50) (actual time=27189.390..45808.767 rows=24813 loops=1)
                           Hash Cond: (catalog_sales.cs_sold_date_sk = date_dim.d_date_sk)
                           Buffers: shared hit=71474 read=3658736
                           ->  Hash Join  (cost=17324.96..5895087.02 rows=210567 width=54) (actual time=117.440..45765.170 rows=151934 loops=1)
                                 Hash Cond: (catalog_sales.cs_item_sk = item.i_item_sk)
                                 Buffers: shared hit=71432 read=3657304
                                 ->  Seq Scan on catalog_sales  (cost=0.00..5874397.76 rows=1281611 width=41) (actual time=0.054..45326.110 rows=1213654 loops=1)
                                       Filter: ((cs_wholesale_cost >= '18'::numeric) AND (cs_wholesale_cost <= '23'::numeric))
                                       Rows Removed by Filter: 142778645
                                       Buffers: shared hit=57277 read=3657103
                                 ->  Hash  (cost=16906.00..16906.00 rows=33517 width=21) (actual time=117.059..117.060 rows=33627 loops=1)
                                       Buckets: 65536  Batches: 1  Memory Usage: 2351kB
                                       Buffers: shared hit=14155 read=201
                                       ->  Seq Scan on item  (cost=0.00..16906.00 rows=33517 width=21) (actual time=0.021..110.637 rows=33627 loops=1)
                                             Filter: (i_category = 'Shoes'::bpchar)
                                             Rows Removed by Filter: 170373
                                             Buffers: shared hit=14155 read=201
                           ->  Hash  (cost=2387.11..2387.11 rows=362 width=4) (actual time=23.086..23.086 rows=365 loops=1)
                                 Buckets: 1024  Batches: 1  Memory Usage: 21kB
                                 Buffers: shared hit=42 read=1432
                                 ->  Seq Scan on date_dim  (cost=0.00..2387.11 rows=362 width=4) (actual time=13.286..23.026 rows=365 loops=1)
                                       Filter: (d_year = 2002)
                                       Rows Removed by Filter: 72684
                                       Buffers: shared hit=42 read=1432
                     ->  Index Scan using customer_pkey on customer  (cost=0.43..7.36 rows=1 width=12) (actual time=0.012..0.012 rows=0 loops=24813)
                           Index Cond: (c_customer_sk = catalog_sales.cs_bill_customer_sk)
                           Filter: (c_birth_month = 12)
                           Rows Removed by Filter: 1
                           Buffers: shared hit=93158 read=5966
               ->  Index Scan using customer_demographics_pkey on customer_demographics  (cost=0.43..7.36 rows=1 width=8) (actual time=0.014..0.014 rows=0 loops=1659)
                     Index Cond: (cd_demo_sk = catalog_sales.cs_bill_cdemo_sk)
                     Filter: ((cd_gender = 'M'::bpchar) AND (cd_education_status = 'Advanced Degree'::bpchar))
                     Rows Removed by Filter: 1
                     Buffers: shared hit=5453 read=1183
         ->  Index Scan using customer_address_pkey on customer_address  (cost=0.42..7.36 rows=1 width=35) (actual time=0.020..0.020 rows=0 loops=99)
               Index Cond: (ca_address_sk = customer.c_current_addr_sk)
               Filter: (ca_state = ANY ('{IA,NC,WY}'::bpchar[]))
               Rows Removed by Filter: 1
               Buffers: shared hit=198 read=198
 Planning:
   Buffers: shared hit=454
 Planning Time: 4.426 ms
 Execution Time: 46135.774 ms
(51 rows)

