                                                                            QUERY PLAN                                                                            
------------------------------------------------------------------------------------------------------------------------------------------------------------------
 Aggregate  (cost=5990833.22..5990833.23 rows=1 width=268) (actual time=44866.174..44866.179 rows=1 loops=1)
   Buffers: shared hit=751897 read=3758190
   ->  Nested Loop  (cost=17437.73..5990833.19 rows=1 width=81) (actual time=19729.674..44866.087 rows=12 loops=1)
         Buffers: shared hit=751897 read=3758190
         ->  Nested Loop  (cost=17437.31..5990759.63 rows=10 width=81) (actual time=18320.546..44860.676 rows=315 loops=1)
               Buffers: shared hit=750717 read=3758114
               ->  Nested Loop  (cost=17436.88..5989463.01 rows=176 width=54) (actual time=18285.132..44759.881 rows=6192 loops=1)
                     Buffers: shared hit=735508 read=3748555
                     ->  Nested Loop  (cost=17436.45..5948947.82 rows=5509 width=50) (actual time=18284.014..42520.060 rows=187458 loops=1)
                           Buffers: shared hit=78151 read=3656996
                           ->  Hash Join  (cost=17436.15..5905870.71 rows=1111703 width=54) (actual time=123.636..42156.611 rows=1188852 loops=1)
                                 Hash Cond: (catalog_sales.cs_item_sk = item.i_item_sk)
                                 Buffers: shared hit=71740 read=3656996
                                 ->  Seq Scan on catalog_sales  (cost=0.00..5874397.76 rows=5347244 width=41) (actual time=0.045..40683.071 rows=5484290 loops=1)
                                       Filter: ((cs_wholesale_cost >= '95'::numeric) AND (cs_wholesale_cost <= '100'::numeric))
                                       Rows Removed by Filter: 138508009
                                       Buffers: shared hit=57521 read=3656859
                                 ->  Hash  (cost=16906.00..16906.00 rows=42412 width=21) (actual time=123.037..123.037 rows=42041 loops=1)
                                       Buckets: 65536  Batches: 1  Memory Usage: 2812kB
                                       Buffers: shared hit=14219 read=137
                                       ->  Seq Scan on item  (cost=0.00..16906.00 rows=42412 width=21) (actual time=0.019..115.035 rows=42041 loops=1)
                                             Filter: (i_category = 'Electronics'::bpchar)
                                             Rows Removed by Filter: 161959
                                             Buffers: shared hit=14219 read=137
                           ->  Memoize  (cost=0.30..7.22 rows=1 width=4) (actual time=0.000..0.000 rows=0 loops=1188852)
                                 Cache Key: catalog_sales.cs_sold_date_sk
                                 Cache Mode: logical
                                 Hits: 1186714  Misses: 2138  Evictions: 0  Overflows: 0  Memory Usage: 155kB
                                 Buffers: shared hit=6411
                                 ->  Index Scan using date_dim_pkey on date_dim  (cost=0.29..7.21 rows=1 width=4) (actual time=0.012..0.012 rows=0 loops=2138)
                                       Index Cond: (d_date_sk = catalog_sales.cs_sold_date_sk)
                                       Filter: (d_year = 2001)
                                       Rows Removed by Filter: 1
                                       Buffers: shared hit=6411
                     ->  Index Scan using customer_pkey on customer  (cost=0.43..7.35 rows=1 width=12) (actual time=0.012..0.012 rows=0 loops=187458)
                           Index Cond: (c_customer_sk = catalog_sales.cs_bill_customer_sk)
                           Filter: (c_birth_month = 6)
                           Rows Removed by Filter: 1
                           Buffers: shared hit=657357 read=91559
               ->  Index Scan using customer_address_pkey on customer_address  (cost=0.42..7.37 rows=1 width=35) (actual time=0.016..0.016 rows=0 loops=6192)
                     Index Cond: (ca_address_sk = customer.c_current_addr_sk)
                     Filter: (ca_state = ANY ('{CA,MO,VT}'::bpchar[]))
                     Rows Removed by Filter: 1
                     Buffers: shared hit=15209 read=9559
         ->  Index Scan using customer_demographics_pkey on customer_demographics  (cost=0.43..7.36 rows=1 width=8) (actual time=0.016..0.016 rows=0 loops=315)
               Index Cond: (cd_demo_sk = catalog_sales.cs_bill_cdemo_sk)
               Filter: ((cd_gender = 'F'::bpchar) AND (cd_education_status = 'College'::bpchar))
               Rows Removed by Filter: 1
               Buffers: shared hit=1180 read=76
 Planning:
   Buffers: shared hit=454
 Planning Time: 4.506 ms
 Execution Time: 44866.861 ms
(53 rows)

