                                                                                  QUERY PLAN                                                                                  
------------------------------------------------------------------------------------------------------------------------------------------------------------------------------
 Aggregate  (cost=5926159.37..5926159.38 rows=1 width=268) (actual time=46228.667..46228.673 rows=1 loops=1)
   Buffers: shared hit=275214 read=3680257
   ->  Nested Loop  (cost=17045.03..5926159.34 rows=1 width=81) (actual time=27981.758..46228.495 rows=23 loops=1)
         Buffers: shared hit=275214 read=3680257
         ->  Nested Loop  (cost=17044.61..5926122.56 rows=5 width=54) (actual time=26929.314..46218.893 rows=531 loops=1)
               Buffers: shared hit=273942 read=3679405
               ->  Nested Loop  (cost=17044.18..5925681.28 rows=60 width=50) (actual time=26926.483..46136.295 rows=6934 loops=1)
                     Buffers: shared hit=249586 read=3676037
                     ->  Nested Loop  (cost=17043.75..5919406.55 rows=853 width=50) (actual time=26925.477..45612.900 rows=47678 loops=1)
                           Buffers: shared hit=71236 read=3663911
                           ->  Hash Join  (cost=17043.45..5899820.46 rows=172056 width=54) (actual time=125.594..45514.867 rows=193606 loops=1)
                                 Hash Cond: (catalog_sales.cs_item_sk = item.i_item_sk)
                                 Buffers: shared hit=64825 read=3663911
                                 ->  Seq Scan on catalog_sales  (cost=0.00..5874397.76 rows=3192026 width=41) (actual time=0.025..44708.889 rows=3238451 loops=1)
                                       Filter: ((cs_wholesale_cost >= '32'::numeric) AND (cs_wholesale_cost <= '37'::numeric))
                                       Rows Removed by Filter: 140753848
                                       Buffers: shared hit=64798 read=3649582
                                 ->  Hash  (cost=16906.00..16906.00 rows=10996 width=21) (actual time=125.164..125.165 rows=11037 loops=1)
                                       Buckets: 16384  Batches: 1  Memory Usage: 732kB
                                       Buffers: shared hit=27 read=14329
                                       ->  Seq Scan on item  (cost=0.00..16906.00 rows=10996 width=21) (actual time=0.033..122.215 rows=11037 loops=1)
                                             Filter: (i_category = 'Women'::bpchar)
                                             Rows Removed by Filter: 192963
                                             Buffers: shared hit=27 read=14329
                           ->  Memoize  (cost=0.30..7.22 rows=1 width=4) (actual time=0.000..0.000 rows=0 loops=193606)
                                 Cache Key: catalog_sales.cs_sold_date_sk
                                 Cache Mode: logical
                                 Hits: 191468  Misses: 2138  Evictions: 0  Overflows: 0  Memory Usage: 155kB
                                 Buffers: shared hit=6411
                                 ->  Index Scan using date_dim_pkey on date_dim  (cost=0.29..7.21 rows=1 width=4) (actual time=0.012..0.012 rows=0 loops=2138)
                                       Index Cond: (d_date_sk = catalog_sales.cs_sold_date_sk)
                                       Filter: (d_year = 2002)
                                       Rows Removed by Filter: 1
                                       Buffers: shared hit=6411
                     ->  Index Scan using customer_demographics_pkey on customer_demographics  (cost=0.43..7.36 rows=1 width=8) (actual time=0.011..0.011 rows=0 loops=47678)
                           Index Cond: (cd_demo_sk = catalog_sales.cs_bill_cdemo_sk)
                           Filter: ((cd_gender = 'M'::bpchar) AND (cd_education_status = 'Unknown'::bpchar))
                           Rows Removed by Filter: 1
                           Buffers: shared hit=178350 read=12126
               ->  Index Scan using customer_pkey on customer  (cost=0.43..7.35 rows=1 width=12) (actual time=0.012..0.012 rows=0 loops=6934)
                     Index Cond: (c_customer_sk = catalog_sales.cs_bill_customer_sk)
                     Filter: (c_birth_month = 11)
                     Rows Removed by Filter: 1
                     Buffers: shared hit=24356 read=3368
         ->  Index Scan using customer_address_pkey on customer_address  (cost=0.42..7.36 rows=1 width=35) (actual time=0.017..0.017 rows=0 loops=531)
               Index Cond: (ca_address_sk = customer.c_current_addr_sk)
               Filter: (ca_state = ANY ('{IL,MS,NE}'::bpchar[]))
               Rows Removed by Filter: 1
               Buffers: shared hit=1272 read=852
 Planning:
   Buffers: shared hit=408 read=46
 Planning Time: 1.958 ms
 Execution Time: 46228.971 ms
(53 rows)

