                                                                                  QUERY PLAN                                                                                   
-------------------------------------------------------------------------------------------------------------------------------------------------------------------------------
 Aggregate  (cost=6029481.68..6029481.69 rows=1 width=268) (actual time=49362.944..49362.949 rows=1 loops=1)
   Buffers: shared hit=614811 read=3673608
   ->  Nested Loop  (cost=17180.68..6029481.60 rows=3 width=81) (actual time=6645.345..49362.627 rows=54 loops=1)
         Buffers: shared hit=614811 read=3673608
         ->  Nested Loop  (cost=17180.26..6029069.69 rows=56 width=54) (actual time=6528.939..49349.670 rows=704 loops=1)
               Buffers: shared hit=613221 read=3672382
               ->  Nested Loop  (cost=17179.83..6025561.79 rows=477 width=50) (actual time=6521.502..49273.962 rows=5769 loops=1)
                     Buffers: shared hit=594961 read=3667582
                     ->  Nested Loop  (cost=17179.40..5975226.01 rows=6843 width=50) (actual time=6521.270..47942.576 rows=132025 loops=1)
                           Buffers: shared hit=100326 read=3634821
                           ->  Hash Join  (cost=17179.10..5925421.44 rows=1380805 width=54) (actual time=122.196..47601.275 rows=1089798 loops=1)
                                 Hash Cond: (catalog_sales.cs_item_sk = item.i_item_sk)
                                 Buffers: shared hit=93915 read=3634821
                                 ->  Seq Scan on catalog_sales  (cost=0.00..5874397.76 rows=12892906 width=41) (actual time=0.054..45189.445 rows=12722112 loops=1)
                                       Filter: ((cs_wholesale_cost >= '34'::numeric) AND (cs_wholesale_cost <= '39'::numeric))
                                       Rows Removed by Filter: 131270187
                                       Buffers: shared hit=79559 read=3634821
                                 ->  Hash  (cost=16906.00..16906.00 rows=21848 width=21) (actual time=121.903..121.904 rows=21811 loops=1)
                                       Buckets: 32768  Batches: 1  Memory Usage: 1449kB
                                       Buffers: shared hit=14356
                                       ->  Seq Scan on item  (cost=0.00..16906.00 rows=21848 width=21) (actual time=0.039..117.523 rows=21811 loops=1)
                                             Filter: (i_category = 'Sports'::bpchar)
                                             Rows Removed by Filter: 182189
                                             Buffers: shared hit=14356
                           ->  Memoize  (cost=0.30..7.22 rows=1 width=4) (actual time=0.000..0.000 rows=0 loops=1089798)
                                 Cache Key: catalog_sales.cs_sold_date_sk
                                 Cache Mode: logical
                                 Hits: 1087660  Misses: 2138  Evictions: 0  Overflows: 0  Memory Usage: 155kB
                                 Buffers: shared hit=6411
                                 ->  Index Scan using date_dim_pkey on date_dim  (cost=0.29..7.21 rows=1 width=4) (actual time=0.013..0.013 rows=0 loops=2138)
                                       Index Cond: (d_date_sk = catalog_sales.cs_sold_date_sk)
                                       Filter: (d_year = 1999)
                                       Rows Removed by Filter: 1
                                       Buffers: shared hit=6411
                     ->  Index Scan using customer_demographics_pkey on customer_demographics  (cost=0.43..7.36 rows=1 width=8) (actual time=0.010..0.010 rows=0 loops=132025)
                           Index Cond: (cd_demo_sk = catalog_sales.cs_bill_cdemo_sk)
                           Filter: ((cd_gender = 'F'::bpchar) AND (cd_education_status = 'Unknown'::bpchar))
                           Rows Removed by Filter: 1
                           Buffers: shared hit=494635 read=32761
               ->  Index Scan using customer_pkey on customer  (cost=0.43..7.35 rows=1 width=12) (actual time=0.013..0.013 rows=0 loops=5769)
                     Index Cond: (c_customer_sk = catalog_sales.cs_bill_customer_sk)
                     Filter: (c_birth_month = 8)
                     Rows Removed by Filter: 1
                     Buffers: shared hit=18260 read=4800
         ->  Index Scan using customer_address_pkey on customer_address  (cost=0.42..7.36 rows=1 width=35) (actual time=0.018..0.018 rows=0 loops=704)
               Index Cond: (ca_address_sk = customer.c_current_addr_sk)
               Filter: (ca_state = ANY ('{AR,NC,NV}'::bpchar[]))
               Rows Removed by Filter: 1
               Buffers: shared hit=1590 read=1226
 Planning:
   Buffers: shared hit=454
 Planning Time: 4.725 ms
 Execution Time: 49363.464 ms
(53 rows)

