                                                                                  QUERY PLAN                                                                                   
-------------------------------------------------------------------------------------------------------------------------------------------------------------------------------
 Aggregate  (cost=6053955.62..6053955.63 rows=1 width=268) (actual time=50151.783..50151.789 rows=1 loops=1)
   Buffers: shared hit=1127975 read=3699960
   ->  Nested Loop  (cost=17326.55..6053955.45 rows=6 width=81) (actual time=28330.090..50150.006 rows=346 loops=1)
         Buffers: shared hit=1127975 read=3699960
         ->  Nested Loop  (cost=17326.12..6053124.42 rows=113 width=54) (actual time=28300.407..50063.815 rows=5156 loops=1)
               Buffers: shared hit=1115841 read=3691470
               ->  Nested Loop  (cost=17325.69..6048189.80 rows=671 width=50) (actual time=28290.828..49632.986 rows=30775 loops=1)
                     Buffers: shared hit=1019201 read=3665078
                     ->  Nested Loop  (cost=17325.27..5981722.63 rows=9036 width=50) (actual time=28290.272..47078.033 rows=237613 loops=1)
                           Buffers: shared hit=102269 read=3632878
                           ->  Hash Join  (cost=17324.96..5920854.76 rows=1823340 width=54) (actual time=141.895..46628.531 rows=1438717 loops=1)
                                 Hash Cond: (catalog_sales.cs_item_sk = item.i_item_sk)
                                 Buffers: shared hit=95858 read=3632878
                                 ->  Seq Scan on catalog_sales  (cost=0.00..5874397.76 rows=11097691 width=41) (actual time=0.068..44254.355 rows=11458169 loops=1)
                                       Filter: ((cs_wholesale_cost >= '55'::numeric) AND (cs_wholesale_cost <= '60'::numeric))
                                       Rows Removed by Filter: 132534130
                                       Buffers: shared hit=89490 read=3624890
                                 ->  Hash  (cost=16906.00..16906.00 rows=33517 width=21) (actual time=141.230..141.232 rows=33627 loops=1)
                                       Buckets: 65536  Batches: 1  Memory Usage: 2351kB
                                       Buffers: shared hit=6368 read=7988
                                       ->  Seq Scan on item  (cost=0.00..16906.00 rows=33517 width=21) (actual time=0.065..133.795 rows=33627 loops=1)
                                             Filter: (i_category = 'Shoes'::bpchar)
                                             Rows Removed by Filter: 170373
                                             Buffers: shared hit=6368 read=7988
                           ->  Memoize  (cost=0.30..7.22 rows=1 width=4) (actual time=0.000..0.000 rows=0 loops=1438717)
                                 Cache Key: catalog_sales.cs_sold_date_sk
                                 Cache Mode: logical
                                 Hits: 1436579  Misses: 2138  Evictions: 0  Overflows: 0  Memory Usage: 155kB
                                 Buffers: shared hit=6411
                                 ->  Index Scan using date_dim_pkey on date_dim  (cost=0.29..7.21 rows=1 width=4) (actual time=0.014..0.014 rows=0 loops=2138)
                                       Index Cond: (d_date_sk = catalog_sales.cs_sold_date_sk)
                                       Filter: (d_year = 2002)
                                       Rows Removed by Filter: 1
                                       Buffers: shared hit=6411
                     ->  Index Scan using customer_demographics_pkey on customer_demographics  (cost=0.43..7.36 rows=1 width=8) (actual time=0.011..0.011 rows=0 loops=237613)
                           Index Cond: (cd_demo_sk = catalog_sales.cs_bill_cdemo_sk)
                           Filter: ((cd_gender = 'M'::bpchar) AND (cd_education_status = '4 yr Degree'::bpchar))
                           Rows Removed by Filter: 1
                           Buffers: shared hit=916932 read=32200
               ->  Index Scan using customer_pkey on customer  (cost=0.43..7.35 rows=1 width=12) (actual time=0.014..0.014 rows=0 loops=30775)
                     Index Cond: (c_customer_sk = catalog_sales.cs_bill_customer_sk)
                     Filter: (c_birth_month = 4)
                     Rows Removed by Filter: 1
                     Buffers: shared hit=96640 read=26392
         ->  Index Scan using customer_address_pkey on customer_address  (cost=0.42..7.35 rows=1 width=35) (actual time=0.016..0.016 rows=0 loops=5156)
               Index Cond: (ca_address_sk = customer.c_current_addr_sk)
               Filter: (ca_state = ANY ('{LA,OK,UT}'::bpchar[]))
               Rows Removed by Filter: 1
               Buffers: shared hit=12134 read=8490
 Planning:
   Buffers: shared hit=450 read=4
 Planning Time: 4.920 ms
 Execution Time: 50152.469 ms
(53 rows)

