                                                                                  QUERY PLAN                                                                                  
------------------------------------------------------------------------------------------------------------------------------------------------------------------------------
 Aggregate  (cost=5901728.92..5901728.93 rows=1 width=268) (actual time=45361.712..45361.718 rows=1 loops=1)
   Buffers: shared hit=223659 read=3642779
   ->  Nested Loop  (cost=19510.48..5901728.90 rows=1 width=81) (actual time=14644.009..45361.614 rows=14 loops=1)
         Buffers: shared hit=223659 read=3642779
         ->  Nested Loop  (cost=19510.06..5901699.47 rows=4 width=54) (actual time=12172.784..45358.599 rows=154 loops=1)
               Buffers: shared hit=223290 read=3642532
               ->  Nested Loop  (cost=19509.63..5901427.31 rows=37 width=50) (actual time=12015.409..45332.637 rows=1634 loops=1)
                     Buffers: shared hit=218208 read=3641090
                     ->  Hash Join  (cost=19509.20..5897550.38 rows=527 width=50) (actual time=12014.842..44949.611 rows=32316 loops=1)
                           Hash Cond: (catalog_sales.cs_sold_date_sk = date_dim.d_date_sk)
                           Buffers: shared hit=92402 read=3637808
                           ->  Hash Join  (cost=17117.56..5894879.62 rows=106330 width=54) (actual time=109.171..44904.173 rows=207904 loops=1)
                                 Hash Cond: (catalog_sales.cs_item_sk = item.i_item_sk)
                                 Buffers: shared hit=92360 read=3636376
                                 ->  Seq Scan on catalog_sales  (cost=0.00..5874397.76 rows=1281611 width=41) (actual time=0.063..44477.259 rows=1213654 loops=1)
                                       Filter: ((cs_wholesale_cost >= '20'::numeric) AND (cs_wholesale_cost <= '25'::numeric))
                                       Rows Removed by Filter: 142778645
                                       Buffers: shared hit=82658 read=3631722
                                 ->  Hash  (cost=16906.00..16906.00 rows=16925 width=21) (actual time=106.596..106.596 rows=17141 loops=1)
                                       Buckets: 32768  Batches: 1  Memory Usage: 1194kB
                                       Buffers: shared hit=9702 read=4654
                                       ->  Seq Scan on item  (cost=0.00..16906.00 rows=16925 width=21) (actual time=0.019..102.760 rows=17141 loops=1)
                                             Filter: (i_category = 'Home'::bpchar)
                                             Rows Removed by Filter: 186859
                                             Buffers: shared hit=9702 read=4654
                           ->  Hash  (cost=2387.11..2387.11 rows=362 width=4) (actual time=19.016..19.017 rows=366 loops=1)
                                 Buckets: 1024  Batches: 1  Memory Usage: 21kB
                                 Buffers: shared hit=42 read=1432
                                 ->  Seq Scan on date_dim  (cost=0.00..2387.11 rows=362 width=4) (actual time=10.909..18.928 rows=366 loops=1)
                                       Filter: (d_year = 2000)
                                       Rows Removed by Filter: 72683
                                       Buffers: shared hit=42 read=1432
                     ->  Index Scan using customer_demographics_pkey on customer_demographics  (cost=0.43..7.36 rows=1 width=8) (actual time=0.012..0.012 rows=0 loops=32316)
                           Index Cond: (cd_demo_sk = catalog_sales.cs_bill_cdemo_sk)
                           Filter: ((cd_gender = 'F'::bpchar) AND (cd_education_status = 'College'::bpchar))
                           Rows Removed by Filter: 1
                           Buffers: shared hit=125806 read=3282
               ->  Index Scan using customer_pkey on customer  (cost=0.43..7.36 rows=1 width=12) (actual time=0.015..0.015 rows=0 loops=1634)
                     Index Cond: (c_customer_sk = catalog_sales.cs_bill_customer_sk)
                     Filter: (c_birth_month = 2)
                     Rows Removed by Filter: 1
                     Buffers: shared hit=5082 read=1442
         ->  Index Scan using customer_address_pkey on customer_address  (cost=0.42..7.36 rows=1 width=35) (actual time=0.018..0.018 rows=0 loops=154)
               Index Cond: (ca_address_sk = customer.c_current_addr_sk)
               Filter: (ca_state = ANY ('{MN,MO,TX}'::bpchar[]))
               Rows Removed by Filter: 1
               Buffers: shared hit=369 read=247
 Planning:
   Buffers: shared hit=409 read=45
 Planning Time: 3.358 ms
 Execution Time: 45363.696 ms
(51 rows)

