                                                                              QUERY PLAN                                                                              
----------------------------------------------------------------------------------------------------------------------------------------------------------------------
 Aggregate  (cost=5938612.51..5938612.52 rows=1 width=268) (actual time=44960.162..44960.167 rows=1 loops=1)
   Buffers: shared hit=123700 read=3653031
   ->  Nested Loop  (cost=16954.16..5938612.48 rows=1 width=81) (actual time=44960.157..44960.161 rows=0 loops=1)
         Buffers: shared hit=123700 read=3653031
         ->  Nested Loop  (cost=16953.73..5938605.09 rows=1 width=54) (actual time=2014.410..44960.043 rows=5 loops=1)
               Buffers: shared hit=123688 read=3653023
               ->  Nested Loop  (cost=16953.31..5938524.18 rows=11 width=54) (actual time=233.577..44957.671 rows=122 loops=1)
                     Buffers: shared hit=123210 read=3653013
                     ->  Nested Loop  (cost=16952.88..5932861.45 rows=770 width=50) (actual time=130.795..44800.745 rows=10279 loops=1)
                           Buffers: shared hit=91326 read=3643821
                           ->  Hash Join  (cost=16952.58..5913690.79 rows=155441 width=54) (actual time=130.750..44731.951 rows=76656 loops=1)
                                 Hash Cond: (catalog_sales.cs_item_sk = item.i_item_sk)
                                 Buffers: shared hit=84915 read=3643821
                                 ->  Seq Scan on catalog_sales  (cost=0.00..5874397.76 rows=8510470 width=41) (actual time=0.074..43332.136 rows=8494738 loops=1)
                                       Filter: ((cs_wholesale_cost >= '64'::numeric) AND (cs_wholesale_cost <= '69'::numeric))
                                       Rows Removed by Filter: 135497561
                                       Buffers: shared hit=78614 read=3635766
                                 ->  Hash  (cost=16906.00..16906.00 rows=3726 width=21) (actual time=129.765..129.766 rows=3713 loops=1)
                                       Buckets: 4096  Batches: 1  Memory Usage: 236kB
                                       Buffers: shared hit=6301 read=8055
                                       ->  Seq Scan on item  (cost=0.00..16906.00 rows=3726 width=21) (actual time=0.059..128.746 rows=3713 loops=1)
                                             Filter: (i_category = 'Music'::bpchar)
                                             Rows Removed by Filter: 200287
                                             Buffers: shared hit=6301 read=8055
                           ->  Memoize  (cost=0.30..7.22 rows=1 width=4) (actual time=0.001..0.001 rows=0 loops=76656)
                                 Cache Key: catalog_sales.cs_sold_date_sk
                                 Cache Mode: logical
                                 Hits: 74518  Misses: 2138  Evictions: 0  Overflows: 0  Memory Usage: 155kB
                                 Buffers: shared hit=6411
                                 ->  Index Scan using date_dim_pkey on date_dim  (cost=0.29..7.21 rows=1 width=4) (actual time=0.012..0.012 rows=0 loops=2138)
                                       Index Cond: (d_date_sk = catalog_sales.cs_sold_date_sk)
                                       Filter: (d_year = 1998)
                                       Rows Removed by Filter: 1
                                       Buffers: shared hit=6411
                     ->  Index Scan using customer_pkey on customer  (cost=0.43..7.35 rows=1 width=12) (actual time=0.015..0.015 rows=0 loops=10279)
                           Index Cond: (c_customer_sk = catalog_sales.cs_bill_customer_sk)
                           Filter: (c_birth_month = 5)
                           Rows Removed by Filter: 1
                           Buffers: shared hit=31884 read=9192
               ->  Index Scan using customer_demographics_pkey on customer_demographics  (cost=0.43..7.36 rows=1 width=8) (actual time=0.018..0.018 rows=0 loops=122)
                     Index Cond: (cd_demo_sk = catalog_sales.cs_bill_cdemo_sk)
                     Filter: ((cd_gender = 'F'::bpchar) AND (cd_education_status = '2 yr Degree'::bpchar))
                     Rows Removed by Filter: 1
                     Buffers: shared hit=478 read=10
         ->  Index Scan using customer_address_pkey on customer_address  (cost=0.42..7.39 rows=1 width=35) (actual time=0.022..0.022 rows=0 loops=5)
               Index Cond: (ca_address_sk = customer.c_current_addr_sk)
               Filter: (ca_state = ANY ('{GA,MN,WV}'::bpchar[]))
               Rows Removed by Filter: 1
               Buffers: shared hit=12 read=8
 Planning:
   Buffers: shared hit=450 read=4
 Planning Time: 4.981 ms
 Execution Time: 44960.748 ms
(53 rows)

