                                                                                  QUERY PLAN                                                                                   
-------------------------------------------------------------------------------------------------------------------------------------------------------------------------------
 Aggregate  (cost=5977491.97..5977491.98 rows=1 width=268) (actual time=43858.268..43858.273 rows=1 loops=1)
   Buffers: shared hit=577452 read=3660739
   ->  Nested Loop  (cost=17326.55..5977491.89 rows=3 width=81) (actual time=5806.398..43858.105 rows=25 loops=1)
         Buffers: shared hit=577452 read=3660739
         ->  Nested Loop  (cost=17326.12..5977271.20 rows=30 width=54) (actual time=5806.365..43850.758 rows=382 loops=1)
               Buffers: shared hit=576626 read=3660037
               ->  Nested Loop  (cost=17325.69..5975035.47 rows=304 width=50) (actual time=5776.123..43795.234 rows=3824 loops=1)
                     Buffers: shared hit=564836 read=3656547
                     ->  Nested Loop  (cost=17325.27..5943007.77 rows=4354 width=50) (actual time=5775.625..42595.478 rows=121717 loops=1)
                           Buffers: shared hit=93482 read=3641665
                           ->  Hash Join  (cost=17324.96..5905759.53 rows=878547 width=54) (actual time=123.590..42362.581 rows=688532 loops=1)
                                 Hash Cond: (catalog_sales.cs_item_sk = item.i_item_sk)
                                 Buffers: shared hit=87071 read=3641665
                                 ->  Seq Scan on catalog_sales  (cost=0.00..5874397.76 rows=5347244 width=41) (actual time=0.033..41041.955 rows=5484290 loops=1)
                                       Filter: ((cs_wholesale_cost >= '95'::numeric) AND (cs_wholesale_cost <= '100'::numeric))
                                       Rows Removed by Filter: 138508009
                                       Buffers: shared hit=72715 read=3641665
                                 ->  Hash  (cost=16906.00..16906.00 rows=33517 width=21) (actual time=123.124..123.124 rows=33627 loops=1)
                                       Buckets: 65536  Batches: 1  Memory Usage: 2351kB
                                       Buffers: shared hit=14356
                                       ->  Seq Scan on item  (cost=0.00..16906.00 rows=33517 width=21) (actual time=0.039..116.461 rows=33627 loops=1)
                                             Filter: (i_category = 'Shoes'::bpchar)
                                             Rows Removed by Filter: 170373
                                             Buffers: shared hit=14356
                           ->  Memoize  (cost=0.30..7.22 rows=1 width=4) (actual time=0.000..0.000 rows=0 loops=688532)
                                 Cache Key: catalog_sales.cs_sold_date_sk
                                 Cache Mode: logical
                                 Hits: 686394  Misses: 2138  Evictions: 0  Overflows: 0  Memory Usage: 155kB
                                 Buffers: shared hit=6411
                                 ->  Index Scan using date_dim_pkey on date_dim  (cost=0.29..7.21 rows=1 width=4) (actual time=0.012..0.012 rows=0 loops=2138)
                                       Index Cond: (d_date_sk = catalog_sales.cs_sold_date_sk)
                                       Filter: (d_year = 1999)
                                       Rows Removed by Filter: 1
                                       Buffers: shared hit=6411
                     ->  Index Scan using customer_demographics_pkey on customer_demographics  (cost=0.43..7.36 rows=1 width=8) (actual time=0.010..0.010 rows=0 loops=121717)
                           Index Cond: (cd_demo_sk = catalog_sales.cs_bill_cdemo_sk)
                           Filter: ((cd_gender = 'F'::bpchar) AND (cd_education_status = 'Advanced Degree'::bpchar))
                           Rows Removed by Filter: 1
                           Buffers: shared hit=471354 read=14882
               ->  Index Scan using customer_pkey on customer  (cost=0.43..7.35 rows=1 width=12) (actual time=0.014..0.014 rows=0 loops=3824)
                     Index Cond: (c_customer_sk = catalog_sales.cs_bill_customer_sk)
                     Filter: (c_birth_month = 1)
                     Rows Removed by Filter: 1
                     Buffers: shared hit=11790 read=3490
         ->  Index Scan using customer_address_pkey on customer_address  (cost=0.42..7.36 rows=1 width=35) (actual time=0.018..0.018 rows=0 loops=382)
               Index Cond: (ca_address_sk = customer.c_current_addr_sk)
               Filter: (ca_state = ANY ('{KS,MS,NC}'::bpchar[]))
               Rows Removed by Filter: 1
               Buffers: shared hit=826 read=702
 Planning:
   Buffers: shared hit=454
 Planning Time: 4.375 ms
 Execution Time: 43858.784 ms
(53 rows)

