                                                                                  QUERY PLAN                                                                                  
------------------------------------------------------------------------------------------------------------------------------------------------------------------------------
 Aggregate  (cost=5926174.08..5926174.09 rows=1 width=268) (actual time=46125.601..46125.606 rows=1 loops=1)
   Buffers: shared hit=198322 read=3628137
   ->  Nested Loop  (cost=17045.03..5926174.05 rows=1 width=81) (actual time=7229.809..46125.560 rows=5 loops=1)
         Buffers: shared hit=198322 read=3628137
         ->  Nested Loop  (cost=17044.61..5926129.91 rows=6 width=54) (actual time=6229.272..46124.622 rows=45 loops=1)
               Buffers: shared hit=198232 read=3628047
               ->  Nested Loop  (cost=17044.18..5925681.28 rows=61 width=50) (actual time=6208.713..46116.137 rows=467 loops=1)
                     Buffers: shared hit=196812 read=3627603
                     ->  Nested Loop  (cost=17043.75..5919406.55 rows=853 width=50) (actual time=6200.584..45846.437 rows=22349 loops=1)
                           Buffers: shared hit=110135 read=3625012
                           ->  Hash Join  (cost=17043.45..5899820.46 rows=172056 width=54) (actual time=114.069..45747.347 rows=193606 loops=1)
                                 Hash Cond: (catalog_sales.cs_item_sk = item.i_item_sk)
                                 Buffers: shared hit=103724 read=3625012
                                 ->  Seq Scan on catalog_sales  (cost=0.00..5874397.76 rows=3192026 width=41) (actual time=0.041..44953.107 rows=3238451 loops=1)
                                       Filter: ((cs_wholesale_cost >= '30'::numeric) AND (cs_wholesale_cost <= '35'::numeric))
                                       Rows Removed by Filter: 140753848
                                       Buffers: shared hit=89368 read=3625012
                                 ->  Hash  (cost=16906.00..16906.00 rows=10996 width=21) (actual time=113.623..113.624 rows=11037 loops=1)
                                       Buckets: 16384  Batches: 1  Memory Usage: 732kB
                                       Buffers: shared hit=14356
                                       ->  Seq Scan on item  (cost=0.00..16906.00 rows=10996 width=21) (actual time=0.053..111.113 rows=11037 loops=1)
                                             Filter: (i_category = 'Women'::bpchar)
                                             Rows Removed by Filter: 192963
                                             Buffers: shared hit=14356
                           ->  Memoize  (cost=0.30..7.22 rows=1 width=4) (actual time=0.000..0.000 rows=0 loops=193606)
                                 Cache Key: catalog_sales.cs_sold_date_sk
                                 Cache Mode: logical
                                 Hits: 191468  Misses: 2138  Evictions: 0  Overflows: 0  Memory Usage: 155kB
                                 Buffers: shared hit=6411
                                 ->  Index Scan using date_dim_pkey on date_dim  (cost=0.29..7.21 rows=1 width=4) (actual time=0.012..0.012 rows=0 loops=2138)
                                       Index Cond: (d_date_sk = catalog_sales.cs_sold_date_sk)
                                       Filter: (d_year = 1999)
                                       Rows Removed by Filter: 1
                                       Buffers: shared hit=6411
                     ->  Index Scan using customer_demographics_pkey on customer_demographics  (cost=0.43..7.36 rows=1 width=8) (actual time=0.012..0.012 rows=0 loops=22349)
                           Index Cond: (cd_demo_sk = catalog_sales.cs_bill_cdemo_sk)
                           Filter: ((cd_gender = 'M'::bpchar) AND (cd_education_status = 'Secondary'::bpchar))
                           Rows Removed by Filter: 1
                           Buffers: shared hit=86677 read=2591
               ->  Index Scan using customer_pkey on customer  (cost=0.43..7.35 rows=1 width=12) (actual time=0.017..0.017 rows=0 loops=467)
                     Index Cond: (c_customer_sk = catalog_sales.cs_bill_customer_sk)
                     Filter: (c_birth_month = 1)
                     Rows Removed by Filter: 1
                     Buffers: shared hit=1420 read=444
         ->  Index Scan using customer_address_pkey on customer_address  (cost=0.42..7.36 rows=1 width=35) (actual time=0.019..0.019 rows=0 loops=45)
               Index Cond: (ca_address_sk = customer.c_current_addr_sk)
               Filter: (ca_state = ANY ('{IN,NY,TX}'::bpchar[]))
               Rows Removed by Filter: 1
               Buffers: shared hit=90 read=90
 Planning:
   Buffers: shared hit=454
 Planning Time: 3.708 ms
 Execution Time: 46126.163 ms
(53 rows)

