                                                                                  QUERY PLAN                                                                                   
-------------------------------------------------------------------------------------------------------------------------------------------------------------------------------
 Aggregate  (cost=6009790.09..6009790.10 rows=1 width=268) (actual time=48662.258..48662.263 rows=1 loops=1)
   Buffers: shared hit=1080337 read=3754570
   ->  Nested Loop  (cost=17437.73..6009789.98 rows=4 width=81) (actual time=27290.490..48661.504 rows=112 loops=1)
         Buffers: shared hit=1080337 read=3754570
         ->  Nested Loop  (cost=17437.31..6009444.24 rows=47 width=54) (actual time=27258.164..48631.431 rows=1863 loops=1)
               Buffers: shared hit=1074800 read=3752655
               ->  Nested Loop  (cost=17436.88..6005958.30 rows=474 width=50) (actual time=27258.144..48404.317 rows=18961 loops=1)
                     Buffers: shared hit=1002454 read=3749189
                     ->  Nested Loop  (cost=17436.45..5957321.15 rows=6612 width=50) (actual time=27255.376..45654.565 rows=254472 loops=1)
                           Buffers: shared hit=51600 read=3683547
                           ->  Hash Join  (cost=17436.15..5908680.59 rows=1334243 width=54) (actual time=147.332..45241.353 rows=1321668 loops=1)
                                 Hash Cond: (catalog_sales.cs_item_sk = item.i_item_sk)
                                 Buffers: shared hit=45310 read=3683426
                                 ->  Seq Scan on catalog_sales  (cost=0.00..5874397.76 rows=6417653 width=41) (actual time=0.052..43608.626 rows=6094526 loops=1)
                                       Filter: ((cs_wholesale_cost >= '62'::numeric) AND (cs_wholesale_cost <= '67'::numeric))
                                       Rows Removed by Filter: 137897773
                                       Buffers: shared hit=45297 read=3669083
                                 ->  Hash  (cost=16906.00..16906.00 rows=42412 width=21) (actual time=146.788..146.788 rows=42041 loops=1)
                                       Buckets: 65536  Batches: 1  Memory Usage: 2812kB
                                       Buffers: shared hit=13 read=14343
                                       ->  Seq Scan on item  (cost=0.00..16906.00 rows=42412 width=21) (actual time=0.028..137.103 rows=42041 loops=1)
                                             Filter: (i_category = 'Electronics'::bpchar)
                                             Rows Removed by Filter: 161959
                                             Buffers: shared hit=13 read=14343
                           ->  Memoize  (cost=0.30..7.22 rows=1 width=4) (actual time=0.000..0.000 rows=0 loops=1321668)
                                 Cache Key: catalog_sales.cs_sold_date_sk
                                 Cache Mode: logical
                                 Hits: 1319530  Misses: 2138  Evictions: 0  Overflows: 0  Memory Usage: 155kB
                                 Buffers: shared hit=6290 read=121
                                 ->  Index Scan using date_dim_pkey on date_dim  (cost=0.29..7.21 rows=1 width=4) (actual time=0.012..0.012 rows=0 loops=2138)
                                       Index Cond: (d_date_sk = catalog_sales.cs_sold_date_sk)
                                       Filter: (d_year = 2002)
                                       Rows Removed by Filter: 1
                                       Buffers: shared hit=6290 read=121
                     ->  Index Scan using customer_demographics_pkey on customer_demographics  (cost=0.43..7.36 rows=1 width=8) (actual time=0.011..0.011 rows=0 loops=254472)
                           Index Cond: (cd_demo_sk = catalog_sales.cs_bill_cdemo_sk)
                           Filter: ((cd_gender = 'M'::bpchar) AND (cd_education_status = 'Primary'::bpchar))
                           Rows Removed by Filter: 1
                           Buffers: shared hit=950854 read=65642
               ->  Index Scan using customer_pkey on customer  (cost=0.43..7.35 rows=1 width=12) (actual time=0.012..0.012 rows=0 loops=18961)
                     Index Cond: (c_customer_sk = catalog_sales.cs_bill_customer_sk)
                     Filter: (c_birth_month = 1)
                     Rows Removed by Filter: 1
                     Buffers: shared hit=72346 read=3466
         ->  Index Scan using customer_address_pkey on customer_address  (cost=0.42..7.36 rows=1 width=35) (actual time=0.016..0.016 rows=0 loops=1863)
               Index Cond: (ca_address_sk = customer.c_current_addr_sk)
               Filter: (ca_state = ANY ('{IL,NE,OK}'::bpchar[]))
               Rows Removed by Filter: 1
               Buffers: shared hit=5537 read=1915
 Planning:
   Buffers: shared hit=408 read=46
 Planning Time: 4.686 ms
 Execution Time: 48662.804 ms
(53 rows)

