                                                                            QUERY PLAN                                                                            
------------------------------------------------------------------------------------------------------------------------------------------------------------------
 Aggregate  (cost=5944094.67..5944094.68 rows=1 width=268) (actual time=46321.766..46321.770 rows=1 loops=1)
   Buffers: shared hit=208601 read=3701938
   ->  Nested Loop  (cost=17180.68..5944094.64 rows=1 width=81) (actual time=1227.017..46321.760 rows=1 loops=1)
         Buffers: shared hit=208601 read=3701938
         ->  Nested Loop  (cost=17180.26..5944065.22 rows=4 width=81) (actual time=307.427..46320.448 rows=78 loops=1)
               Buffers: shared hit=208300 read=3701927
               ->  Nested Loop  (cost=17179.83..5943446.64 rows=84 width=54) (actual time=170.587..46294.981 rows=1695 loops=1)
                     Buffers: shared hit=203464 read=3699983
                     ->  Nested Loop  (cost=17179.40..5927935.95 rows=2109 width=50) (actual time=170.268..45797.784 rows=42111 loops=1)
                           Buffers: shared hit=47746 read=3687401
                           ->  Hash Join  (cost=17179.10..5902009.96 rows=425654 width=54) (actual time=170.228..45658.015 rows=342822 loops=1)
                                 Hash Cond: (catalog_sales.cs_item_sk = item.i_item_sk)
                                 Buffers: shared hit=41335 read=3687401
                                 ->  Seq Scan on catalog_sales  (cost=0.00..5874397.76 rows=3974433 width=41) (actual time=0.159..44606.312 rows=3999274 loops=1)
                                       Filter: ((cs_wholesale_cost >= '41'::numeric) AND (cs_wholesale_cost <= '46'::numeric))
                                       Rows Removed by Filter: 139993025
                                       Buffers: shared hit=41335 read=3673045
                                 ->  Hash  (cost=16906.00..16906.00 rows=21848 width=21) (actual time=169.687..169.688 rows=21811 loops=1)
                                       Buckets: 32768  Batches: 1  Memory Usage: 1449kB
                                       Buffers: shared read=14356
                                       ->  Seq Scan on item  (cost=0.00..16906.00 rows=21848 width=21) (actual time=0.085..163.020 rows=21811 loops=1)
                                             Filter: (i_category = 'Sports'::bpchar)
                                             Rows Removed by Filter: 182189
                                             Buffers: shared read=14356
                           ->  Memoize  (cost=0.30..7.22 rows=1 width=4) (actual time=0.000..0.000 rows=0 loops=342822)
                                 Cache Key: catalog_sales.cs_sold_date_sk
                                 Cache Mode: logical
                                 Hits: 340684  Misses: 2138  Evictions: 0  Overflows: 0  Memory Usage: 155kB
                                 Buffers: shared hit=6411
                                 ->  Index Scan using date_dim_pkey on date_dim  (cost=0.29..7.21 rows=1 width=4) (actual time=0.013..0.013 rows=0 loops=2138)
                                       Index Cond: (d_date_sk = catalog_sales.cs_sold_date_sk)
                                       Filter: (d_year = 1998)
                                       Rows Removed by Filter: 1
                                       Buffers: shared hit=6411
                     ->  Index Scan using customer_pkey on customer  (cost=0.43..7.35 rows=1 width=12) (actual time=0.012..0.012 rows=0 loops=42111)
                           Index Cond: (c_customer_sk = catalog_sales.cs_bill_customer_sk)
                           Filter: (c_birth_month = 9)
                           Rows Removed by Filter: 1
                           Buffers: shared hit=155718 read=12582
               ->  Index Scan using customer_address_pkey on customer_address  (cost=0.42..7.36 rows=1 width=35) (actual time=0.014..0.014 rows=0 loops=1695)
                     Index Cond: (ca_address_sk = customer.c_current_addr_sk)
                     Filter: (ca_state = ANY ('{IA,WV,WY}'::bpchar[]))
                     Rows Removed by Filter: 1
                     Buffers: shared hit=4836 read=1944
         ->  Index Scan using customer_demographics_pkey on customer_demographics  (cost=0.43..7.36 rows=1 width=8) (actual time=0.016..0.016 rows=0 loops=78)
               Index Cond: (cd_demo_sk = catalog_sales.cs_bill_cdemo_sk)
               Filter: ((cd_gender = 'F'::bpchar) AND (cd_education_status = '4 yr Degree'::bpchar))
               Rows Removed by Filter: 1
               Buffers: shared hit=301 read=11
 Planning:
   Buffers: shared hit=397 read=57
 Planning Time: 5.907 ms
 Execution Time: 46322.451 ms
(53 rows)

