                                                                              QUERY PLAN                                                                              
----------------------------------------------------------------------------------------------------------------------------------------------------------------------
 Aggregate  (cost=5957493.49..5957493.50 rows=1 width=268) (actual time=46115.232..46115.237 rows=1 loops=1)
   Buffers: shared hit=275104 read=3697539
   ->  Nested Loop  (cost=17045.03..5957493.47 rows=1 width=81) (actual time=8930.162..46115.213 rows=2 loops=1)
         Buffers: shared hit=275104 read=3697539
         ->  Nested Loop  (cost=17044.61..5957478.69 rows=2 width=54) (actual time=6389.487..46114.628 rows=30 loops=1)
               Buffers: shared hit=275023 read=3697500
               ->  Nested Loop  (cost=17044.18..5957250.66 rows=31 width=54) (actual time=6272.915..46104.710 rows=794 loops=1)
                     Buffers: shared hit=271986 read=3697365
                     ->  Nested Loop  (cost=17043.75..5940534.57 rows=2273 width=50) (actual time=6257.799..45435.533 rows=58632 loops=1)
                           Buffers: shared hit=65219 read=3669928
                           ->  Hash Join  (cost=17043.45..5913781.66 rows=458731 width=54) (actual time=129.974..45253.998 rows=507998 loops=1)
                                 Hash Cond: (catalog_sales.cs_item_sk = item.i_item_sk)
                                 Buffers: shared hit=58808 read=3669928
                                 ->  Seq Scan on catalog_sales  (cost=0.00..5874397.76 rows=8510470 width=41) (actual time=0.047..43634.044 rows=8494738 loops=1)
                                       Filter: ((cs_wholesale_cost >= '64'::numeric) AND (cs_wholesale_cost <= '69'::numeric))
                                       Rows Removed by Filter: 135497561
                                       Buffers: shared hit=44452 read=3669928
                                 ->  Hash  (cost=16906.00..16906.00 rows=10996 width=21) (actual time=129.638..129.638 rows=11037 loops=1)
                                       Buckets: 16384  Batches: 1  Memory Usage: 732kB
                                       Buffers: shared hit=14356
                                       ->  Seq Scan on item  (cost=0.00..16906.00 rows=10996 width=21) (actual time=0.053..127.094 rows=11037 loops=1)
                                             Filter: (i_category = 'Women'::bpchar)
                                             Rows Removed by Filter: 192963
                                             Buffers: shared hit=14356
                           ->  Memoize  (cost=0.30..7.22 rows=1 width=4) (actual time=0.000..0.000 rows=0 loops=507998)
                                 Cache Key: catalog_sales.cs_sold_date_sk
                                 Cache Mode: logical
                                 Hits: 505860  Misses: 2138  Evictions: 0  Overflows: 0  Memory Usage: 155kB
                                 Buffers: shared hit=6411
                                 ->  Index Scan using date_dim_pkey on date_dim  (cost=0.29..7.21 rows=1 width=4) (actual time=0.012..0.012 rows=0 loops=2138)
                                       Index Cond: (d_date_sk = catalog_sales.cs_sold_date_sk)
                                       Filter: (d_year = 1999)
                                       Rows Removed by Filter: 1
                                       Buffers: shared hit=6411
                     ->  Index Scan using customer_pkey on customer  (cost=0.43..7.35 rows=1 width=12) (actual time=0.011..0.011 rows=0 loops=58632)
                           Index Cond: (c_customer_sk = catalog_sales.cs_bill_customer_sk)
                           Filter: (c_birth_month = 5)
                           Rows Removed by Filter: 1
                           Buffers: shared hit=206767 read=27437
               ->  Index Scan using customer_demographics_pkey on customer_demographics  (cost=0.43..7.36 rows=1 width=8) (actual time=0.012..0.012 rows=0 loops=794)
                     Index Cond: (cd_demo_sk = catalog_sales.cs_bill_cdemo_sk)
                     Filter: ((cd_gender = 'F'::bpchar) AND (cd_education_status = 'Unknown'::bpchar))
                     Rows Removed by Filter: 1
                     Buffers: shared hit=3037 read=135
         ->  Index Scan using customer_address_pkey on customer_address  (cost=0.42..7.39 rows=1 width=35) (actual time=0.018..0.018 rows=0 loops=30)
               Index Cond: (ca_address_sk = customer.c_current_addr_sk)
               Filter: (ca_state = ANY ('{GA,MS,NE}'::bpchar[]))
               Rows Removed by Filter: 1
               Buffers: shared hit=81 read=39
 Planning:
   Buffers: shared hit=454
 Planning Time: 4.447 ms
 Execution Time: 46115.726 ms
(53 rows)

