                                                                                  QUERY PLAN                                                                                   
-------------------------------------------------------------------------------------------------------------------------------------------------------------------------------
 Aggregate  (cost=5977905.74..5977905.75 rows=1 width=268) (actual time=46657.673..46657.677 rows=1 loops=1)
   Buffers: shared hit=590501 read=3717670
   ->  Nested Loop  (cost=17437.73..5977905.66 rows=3 width=81) (actual time=12525.828..46657.525 rows=21 loops=1)
         Buffers: shared hit=590501 read=3717670
         ->  Nested Loop  (cost=17437.31..5977508.53 rows=54 width=54) (actual time=12218.524..46648.172 rows=522 loops=1)
               Buffers: shared hit=589396 read=3716687
               ->  Nested Loop  (cost=17436.88..5975133.04 rows=323 width=50) (actual time=12214.583..46606.719 rows=2928 loops=1)
                     Buffers: shared hit=578747 read=3715628
                     ->  Nested Loop  (cost=17436.45..5941663.38 rows=4550 width=50) (actual time=12212.307..45257.990 rows=139981 loops=1)
                           Buffers: shared hit=45240 read=3689907
                           ->  Hash Join  (cost=17436.15..5903426.25 rows=918103 width=54) (actual time=140.179..44948.917 rows=963853 loops=1)
                                 Hash Cond: (catalog_sales.cs_item_sk = item.i_item_sk)
                                 Buffers: shared hit=38829 read=3689907
                                 ->  Seq Scan on catalog_sales  (cost=0.00..5874397.76 rows=4416036 width=41) (actual time=0.073..43699.064 rows=4444683 loops=1)
                                       Filter: ((cs_wholesale_cost >= '52'::numeric) AND (cs_wholesale_cost <= '57'::numeric))
                                       Rows Removed by Filter: 139547616
                                       Buffers: shared hit=38829 read=3675551
                                 ->  Hash  (cost=16906.00..16906.00 rows=42412 width=21) (actual time=139.513..139.514 rows=42041 loops=1)
                                       Buckets: 65536  Batches: 1  Memory Usage: 2812kB
                                       Buffers: shared read=14356
                                       ->  Seq Scan on item  (cost=0.00..16906.00 rows=42412 width=21) (actual time=0.029..129.877 rows=42041 loops=1)
                                             Filter: (i_category = 'Electronics'::bpchar)
                                             Rows Removed by Filter: 161959
                                             Buffers: shared read=14356
                           ->  Memoize  (cost=0.30..7.22 rows=1 width=4) (actual time=0.000..0.000 rows=0 loops=963853)
                                 Cache Key: catalog_sales.cs_sold_date_sk
                                 Cache Mode: logical
                                 Hits: 961715  Misses: 2138  Evictions: 0  Overflows: 0  Memory Usage: 155kB
                                 Buffers: shared hit=6411
                                 ->  Index Scan using date_dim_pkey on date_dim  (cost=0.29..7.21 rows=1 width=4) (actual time=0.012..0.012 rows=0 loops=2138)
                                       Index Cond: (d_date_sk = catalog_sales.cs_sold_date_sk)
                                       Filter: (d_year = 2000)
                                       Rows Removed by Filter: 1
                                       Buffers: shared hit=6411
                     ->  Index Scan using customer_demographics_pkey on customer_demographics  (cost=0.43..7.36 rows=1 width=8) (actual time=0.009..0.009 rows=0 loops=139981)
                           Index Cond: (cd_demo_sk = catalog_sales.cs_bill_cdemo_sk)
                           Filter: ((cd_gender = 'F'::bpchar) AND (cd_education_status = 'Primary'::bpchar))
                           Rows Removed by Filter: 1
                           Buffers: shared hit=533507 read=25721
               ->  Index Scan using customer_pkey on customer  (cost=0.43..7.35 rows=1 width=12) (actual time=0.014..0.014 rows=0 loops=2928)
                     Index Cond: (c_customer_sk = catalog_sales.cs_bill_customer_sk)
                     Filter: (c_birth_month = 4)
                     Rows Removed by Filter: 1
                     Buffers: shared hit=10649 read=1059
         ->  Index Scan using customer_address_pkey on customer_address  (cost=0.42..7.35 rows=1 width=35) (actual time=0.017..0.017 rows=0 loops=522)
               Index Cond: (ca_address_sk = customer.c_current_addr_sk)
               Filter: (ca_state = ANY ('{AL,MS,NY}'::bpchar[]))
               Rows Removed by Filter: 1
               Buffers: shared hit=1105 read=983
 Planning:
   Buffers: shared hit=405 read=49
 Planning Time: 5.031 ms
 Execution Time: 46658.352 ms
(53 rows)

