                                                                             QUERY PLAN                                                                             
--------------------------------------------------------------------------------------------------------------------------------------------------------------------
 Aggregate  (cost=5976908.20..5976908.21 rows=1 width=268) (actual time=48262.022..48262.027 rows=1 loops=1)
   Buffers: shared hit=190376 read=3699151
   ->  Nested Loop  (cost=17019.78..5976908.17 rows=1 width=81) (actual time=9917.544..48262.016 rows=1 loops=1)
         Buffers: shared hit=190376 read=3699151
         ->  Nested Loop  (cost=17019.36..5976834.61 rows=10 width=81) (actual time=6463.440..48259.781 rows=141 loops=1)
               Buffers: shared hit=189823 read=3699140
               ->  Nested Loop  (cost=17018.93..5975399.70 rows=195 width=54) (actual time=6462.733..48223.991 rows=2372 loops=1)
                     Buffers: shared hit=184286 read=3695189
                     ->  Nested Loop  (cost=17018.50..5954727.33 rows=2811 width=50) (actual time=6462.692..47757.827 rows=36135 loops=1)
                           Buffers: shared hit=71141 read=3664006
                           ->  Hash Join  (cost=17018.20..5925260.54 rows=567288 width=54) (actual time=119.362..47638.061 rows=276964 loops=1)
                                 Hash Cond: (catalog_sales.cs_item_sk = item.i_item_sk)
                                 Buffers: shared hit=64730 read=3664006
                                 ->  Seq Scan on catalog_sales  (cost=0.00..5874397.76 rows=12892906 width=41) (actual time=0.032..45696.812 rows=12722112 loops=1)
                                       Filter: ((cs_wholesale_cost >= '33'::numeric) AND (cs_wholesale_cost <= '38'::numeric))
                                       Rows Removed by Filter: 131270187
                                       Buffers: shared hit=50374 read=3664006
                                 ->  Hash  (cost=16906.00..16906.00 rows=8976 width=21) (actual time=118.976..118.977 rows=8826 loops=1)
                                       Buckets: 16384  Batches: 1  Memory Usage: 611kB
                                       Buffers: shared hit=14356
                                       ->  Seq Scan on item  (cost=0.00..16906.00 rows=8976 width=21) (actual time=0.008..116.928 rows=8826 loops=1)
                                             Filter: (i_category = 'Jewelry'::bpchar)
                                             Rows Removed by Filter: 195174
                                             Buffers: shared hit=14356
                           ->  Memoize  (cost=0.30..7.22 rows=1 width=4) (actual time=0.000..0.000 rows=0 loops=276964)
                                 Cache Key: catalog_sales.cs_sold_date_sk
                                 Cache Mode: logical
                                 Hits: 274826  Misses: 2138  Evictions: 0  Overflows: 0  Memory Usage: 155kB
                                 Buffers: shared hit=6411
                                 ->  Index Scan using date_dim_pkey on date_dim  (cost=0.29..7.21 rows=1 width=4) (actual time=0.012..0.012 rows=0 loops=2138)
                                       Index Cond: (d_date_sk = catalog_sales.cs_sold_date_sk)
                                       Filter: (d_year = 1999)
                                       Rows Removed by Filter: 1
                                       Buffers: shared hit=6411
                     ->  Index Scan using customer_pkey on customer  (cost=0.43..7.35 rows=1 width=12) (actual time=0.013..0.013 rows=0 loops=36135)
                           Index Cond: (c_customer_sk = catalog_sales.cs_bill_customer_sk)
                           Filter: (c_birth_month = 12)
                           Rows Removed by Filter: 1
                           Buffers: shared hit=113145 read=31183
               ->  Index Scan using customer_address_pkey on customer_address  (cost=0.42..7.36 rows=1 width=35) (actual time=0.015..0.015 rows=0 loops=2372)
                     Index Cond: (ca_address_sk = customer.c_current_addr_sk)
                     Filter: (ca_state = ANY ('{FL,NM,SD}'::bpchar[]))
                     Rows Removed by Filter: 1
                     Buffers: shared hit=5537 read=3951
         ->  Index Scan using customer_demographics_pkey on customer_demographics  (cost=0.43..7.36 rows=1 width=8) (actual time=0.015..0.015 rows=0 loops=141)
               Index Cond: (cd_demo_sk = catalog_sales.cs_bill_cdemo_sk)
               Filter: ((cd_gender = 'M'::bpchar) AND (cd_education_status = 'Secondary'::bpchar))
               Rows Removed by Filter: 1
               Buffers: shared hit=553 read=11
 Planning:
   Buffers: shared hit=454
 Planning Time: 2.992 ms
 Execution Time: 48262.453 ms
(53 rows)

