                                                                            QUERY PLAN                                                                            
------------------------------------------------------------------------------------------------------------------------------------------------------------------
 Aggregate  (cost=5952766.03..5952766.04 rows=1 width=268) (actual time=46167.230..46167.235 rows=1 loops=1)
   Buffers: shared hit=221458 read=3672097
   ->  Nested Loop  (cost=17019.78..5952766.00 rows=1 width=81) (actual time=28424.113..46167.177 rows=7 loops=1)
         Buffers: shared hit=221458 read=3672097
         ->  Nested Loop  (cost=17019.36..5952721.87 rows=6 width=81) (actual time=27200.644..46165.573 rows=119 loops=1)
               Buffers: shared hit=220987 read=3672092
               ->  Nested Loop  (cost=17018.93..5952051.96 rows=91 width=54) (actual time=27151.582..46138.084 rows=1735 loops=1)
                     Buffers: shared hit=216998 read=3669141
                     ->  Nested Loop  (cost=17018.50..5938402.58 rows=1856 width=50) (actual time=27143.639..45650.421 rows=37801 loops=1)
                           Buffers: shared hit=99355 read=3635792
                           ->  Hash Join  (cost=17018.20..5913756.41 rows=374461 width=54) (actual time=135.057..45553.463 rows=184363 loops=1)
                                 Hash Cond: (catalog_sales.cs_item_sk = item.i_item_sk)
                                 Buffers: shared hit=92944 read=3635792
                                 ->  Seq Scan on catalog_sales  (cost=0.00..5874397.76 rows=8510470 width=41) (actual time=0.050..44077.156 rows=8494738 loops=1)
                                       Filter: ((cs_wholesale_cost >= '68'::numeric) AND (cs_wholesale_cost <= '73'::numeric))
                                       Rows Removed by Filter: 135497561
                                       Buffers: shared hit=78588 read=3635792
                                 ->  Hash  (cost=16906.00..16906.00 rows=8976 width=21) (actual time=134.828..134.829 rows=8826 loops=1)
                                       Buckets: 16384  Batches: 1  Memory Usage: 611kB
                                       Buffers: shared hit=14356
                                       ->  Seq Scan on item  (cost=0.00..16906.00 rows=8976 width=21) (actual time=0.011..132.724 rows=8826 loops=1)
                                             Filter: (i_category = 'Jewelry'::bpchar)
                                             Rows Removed by Filter: 195174
                                             Buffers: shared hit=14356
                           ->  Memoize  (cost=0.30..7.22 rows=1 width=4) (actual time=0.000..0.000 rows=0 loops=184363)
                                 Cache Key: catalog_sales.cs_sold_date_sk
                                 Cache Mode: logical
                                 Hits: 182225  Misses: 2138  Evictions: 0  Overflows: 0  Memory Usage: 155kB
                                 Buffers: shared hit=6411
                                 ->  Index Scan using date_dim_pkey on date_dim  (cost=0.29..7.21 rows=1 width=4) (actual time=0.012..0.012 rows=0 loops=2138)
                                       Index Cond: (d_date_sk = catalog_sales.cs_sold_date_sk)
                                       Filter: (d_year = 2002)
                                       Rows Removed by Filter: 1
                                       Buffers: shared hit=6411
                     ->  Index Scan using customer_pkey on customer  (cost=0.43..7.35 rows=1 width=12) (actual time=0.013..0.013 rows=0 loops=37801)
                           Index Cond: (c_customer_sk = catalog_sales.cs_bill_customer_sk)
                           Filter: (c_birth_month = 7)
                           Rows Removed by Filter: 1
                           Buffers: shared hit=117643 read=33349
               ->  Index Scan using customer_address_pkey on customer_address  (cost=0.42..7.36 rows=1 width=35) (actual time=0.015..0.015 rows=0 loops=1735)
                     Index Cond: (ca_address_sk = customer.c_current_addr_sk)
                     Filter: (ca_state = ANY ('{MT,NC,NY}'::bpchar[]))
                     Rows Removed by Filter: 1
                     Buffers: shared hit=3989 read=2951
         ->  Index Scan using customer_demographics_pkey on customer_demographics  (cost=0.43..7.36 rows=1 width=8) (actual time=0.012..0.012 rows=0 loops=119)
               Index Cond: (cd_demo_sk = catalog_sales.cs_bill_cdemo_sk)
               Filter: ((cd_gender = 'F'::bpchar) AND (cd_education_status = '4 yr Degree'::bpchar))
               Rows Removed by Filter: 1
               Buffers: shared hit=471 read=5
 Planning:
   Buffers: shared hit=454
 Planning Time: 4.126 ms
 Execution Time: 46167.647 ms
(53 rows)

