                                                                              QUERY PLAN                                                                               
-----------------------------------------------------------------------------------------------------------------------------------------------------------------------
 Aggregate  (cost=5963757.14..5963757.15 rows=1 width=268) (actual time=44150.183..44150.188 rows=1 loops=1)
   Buffers: shared hit=252370 read=3670705
   ->  Nested Loop  (cost=17019.78..5963757.11 rows=1 width=81) (actual time=28582.912..44150.166 rows=2 loops=1)
         Buffers: shared hit=252370 read=3670705
         ->  Nested Loop  (cost=17019.36..5963720.27 rows=5 width=54) (actual time=26319.630..44149.474 rows=35 loops=1)
               Buffers: shared hit=252288 read=3670647
               ->  Nested Loop  (cost=17018.93..5963175.94 rows=74 width=54) (actual time=26163.635..44131.414 rows=1492 loops=1)
                     Buffers: shared hit=246447 read=3670520
                     ->  Nested Loop  (cost=17018.50..5946180.53 rows=2311 width=50) (actual time=26154.037..43559.241 rows=45503 loops=1)
                           Buffers: shared hit=104077 read=3631070
                           ->  Hash Join  (cost=17018.20..5919237.57 rows=466333 width=54) (actual time=117.202..43447.965 rows=224294 loops=1)
                                 Hash Cond: (catalog_sales.cs_item_sk = item.i_item_sk)
                                 Buffers: shared hit=97666 read=3631070
                                 ->  Seq Scan on catalog_sales  (cost=0.00..5874397.76 rows=10598487 width=41) (actual time=0.036..41811.409 rows=10312840 loops=1)
                                       Filter: ((cs_wholesale_cost >= '86'::numeric) AND (cs_wholesale_cost <= '91'::numeric))
                                       Rows Removed by Filter: 133679459
                                       Buffers: shared hit=84095 read=3630285
                                 ->  Hash  (cost=16906.00..16906.00 rows=8976 width=21) (actual time=116.969..116.970 rows=8826 loops=1)
                                       Buckets: 16384  Batches: 1  Memory Usage: 611kB
                                       Buffers: shared hit=13571 read=785
                                       ->  Seq Scan on item  (cost=0.00..16906.00 rows=8976 width=21) (actual time=0.014..114.883 rows=8826 loops=1)
                                             Filter: (i_category = 'Jewelry'::bpchar)
                                             Rows Removed by Filter: 195174
                                             Buffers: shared hit=13571 read=785
                           ->  Memoize  (cost=0.30..7.22 rows=1 width=4) (actual time=0.000..0.000 rows=0 loops=224294)
                                 Cache Key: catalog_sales.cs_sold_date_sk
                                 Cache Mode: logical
                                 Hits: 222156  Misses: 2138  Evictions: 0  Overflows: 0  Memory Usage: 155kB
                                 Buffers: shared hit=6411
                                 ->  Index Scan using date_dim_pkey on date_dim  (cost=0.29..7.21 rows=1 width=4) (actual time=0.016..0.016 rows=0 loops=2138)
                                       Index Cond: (d_date_sk = catalog_sales.cs_sold_date_sk)
                                       Filter: (d_year = 2002)
                                       Rows Removed by Filter: 1
                                       Buffers: shared hit=6411
                     ->  Index Scan using customer_pkey on customer  (cost=0.43..7.35 rows=1 width=12) (actual time=0.012..0.012 rows=0 loops=45503)
                           Index Cond: (c_customer_sk = catalog_sales.cs_bill_customer_sk)
                           Filter: (c_birth_month = 6)
                           Rows Removed by Filter: 1
                           Buffers: shared hit=142370 read=39450
               ->  Index Scan using customer_demographics_pkey on customer_demographics  (cost=0.43..7.36 rows=1 width=8) (actual time=0.012..0.012 rows=0 loops=1492)
                     Index Cond: (cd_demo_sk = catalog_sales.cs_bill_cdemo_sk)
                     Filter: ((cd_gender = 'M'::bpchar) AND (cd_education_status = 'Secondary'::bpchar))
                     Rows Removed by Filter: 1
                     Buffers: shared hit=5841 read=127
         ->  Index Scan using customer_address_pkey on customer_address  (cost=0.42..7.37 rows=1 width=35) (actual time=0.018..0.018 rows=0 loops=35)
               Index Cond: (ca_address_sk = customer.c_current_addr_sk)
               Filter: (ca_state = ANY ('{GA,NY,TX}'::bpchar[]))
               Rows Removed by Filter: 1
               Buffers: shared hit=82 read=58
 Planning:
   Buffers: shared hit=406 read=48
 Planning Time: 2.600 ms
 Execution Time: 44150.560 ms
(53 rows)

