                                                                              QUERY PLAN                                                                              
----------------------------------------------------------------------------------------------------------------------------------------------------------------------
 Aggregate  (cost=5935072.76..5935072.77 rows=1 width=268) (actual time=43474.337..43474.342 rows=1 loops=1)
   Buffers: shared hit=133474 read=3646341
   ->  Nested Loop  (cost=16954.16..5935072.73 rows=1 width=81) (actual time=15165.274..43474.330 rows=1 loops=1)
         Buffers: shared hit=133474 read=3646341
         ->  Nested Loop  (cost=16953.73..5935058.00 rows=2 width=54) (actual time=12050.805..43474.076 rows=12 loops=1)
               Buffers: shared hit=133448 read=3646319
               ->  Nested Loop  (cost=16953.31..5934859.40 rows=27 width=54) (actual time=11790.127..43467.685 rows=410 loops=1)
                     Buffers: shared hit=131884 read=3646243
                     ->  Nested Loop  (cost=16952.88..5929843.81 rows=682 width=50) (actual time=11752.752..43299.004 rows=10762 loops=1)
                           Buffers: shared hit=95671 read=3639476
                           ->  Hash Join  (cost=16952.58..5911120.31 rows=137556 width=54) (actual time=107.844..43233.872 rows=68199 loops=1)
                                 Hash Cond: (catalog_sales.cs_item_sk = item.i_item_sk)
                                 Buffers: shared hit=89260 read=3639476
                                 ->  Seq Scan on catalog_sales  (cost=0.00..5874397.76 rows=7531262 width=41) (actual time=0.041..41983.680 rows=7518631 loops=1)
                                       Filter: ((cs_wholesale_cost >= '80'::numeric) AND (cs_wholesale_cost <= '85'::numeric))
                                       Rows Removed by Filter: 136473668
                                       Buffers: shared hit=74904 read=3639476
                                 ->  Hash  (cost=16906.00..16906.00 rows=3726 width=21) (actual time=107.660..107.660 rows=3713 loops=1)
                                       Buckets: 4096  Batches: 1  Memory Usage: 236kB
                                       Buffers: shared hit=14356
                                       ->  Seq Scan on item  (cost=0.00..16906.00 rows=3726 width=21) (actual time=0.046..106.733 rows=3713 loops=1)
                                             Filter: (i_category = 'Music'::bpchar)
                                             Rows Removed by Filter: 200287
                                             Buffers: shared hit=14356
                           ->  Memoize  (cost=0.30..7.22 rows=1 width=4) (actual time=0.001..0.001 rows=0 loops=68199)
                                 Cache Key: catalog_sales.cs_sold_date_sk
                                 Cache Mode: logical
                                 Hits: 66061  Misses: 2138  Evictions: 0  Overflows: 0  Memory Usage: 155kB
                                 Buffers: shared hit=6411
                                 ->  Index Scan using date_dim_pkey on date_dim  (cost=0.29..7.21 rows=1 width=4) (actual time=0.012..0.012 rows=0 loops=2138)
                                       Index Cond: (d_date_sk = catalog_sales.cs_sold_date_sk)
                                       Filter: (d_year = 2000)
                                       Rows Removed by Filter: 1
                                       Buffers: shared hit=6411
                     ->  Index Scan using customer_pkey on customer  (cost=0.43..7.35 rows=1 width=12) (actual time=0.015..0.015 rows=0 loops=10762)
                           Index Cond: (c_customer_sk = catalog_sales.cs_bill_customer_sk)
                           Filter: (c_birth_month = 9)
                           Rows Removed by Filter: 1
                           Buffers: shared hit=36213 read=6767
               ->  Index Scan using customer_demographics_pkey on customer_demographics  (cost=0.43..7.36 rows=1 width=8) (actual time=0.015..0.015 rows=0 loops=410)
                     Index Cond: (cd_demo_sk = catalog_sales.cs_bill_cdemo_sk)
                     Filter: ((cd_gender = 'F'::bpchar) AND (cd_education_status = 'Secondary'::bpchar))
                     Rows Removed by Filter: 1
                     Buffers: shared hit=1564 read=76
         ->  Index Scan using customer_address_pkey on customer_address  (cost=0.42..7.36 rows=1 width=35) (actual time=0.020..0.020 rows=0 loops=12)
               Index Cond: (ca_address_sk = customer.c_current_addr_sk)
               Filter: (ca_state = ANY ('{ID,IN,MI}'::bpchar[]))
               Rows Removed by Filter: 1
               Buffers: shared hit=26 read=22
 Planning:
   Buffers: shared hit=454
 Planning Time: 4.231 ms
 Execution Time: 43474.882 ms
(53 rows)

