                                                                                  QUERY PLAN                                                                                   
-------------------------------------------------------------------------------------------------------------------------------------------------------------------------------
 Aggregate  (cost=6040601.94..6040601.95 rows=1 width=268) (actual time=53253.777..53253.781 rows=1 loops=1)
   Buffers: shared hit=1528091 read=3677368
   ->  Nested Loop  (cost=17437.73..6040601.80 rows=5 width=81) (actual time=28710.907..53252.808 rows=176 loops=1)
         Buffers: shared hit=1528091 read=3677368
         ->  Nested Loop  (cost=17437.31..6039983.99 rows=84 width=54) (actual time=28639.789..53198.977 rows=2497 loops=1)
               Buffers: shared hit=1522635 read=3672836
               ->  Nested Loop  (cost=17436.88..6035527.35 rows=606 width=50) (actual time=28632.648..52915.704 rows=17682 loops=1)
                     Buffers: shared hit=1466994 read=3657793
                     ->  Nested Loop  (cost=17436.45..5972340.58 rows=8590 width=50) (actual time=28631.899..48525.841 rows=347832 loops=1)
                           Buffers: shared hit=103306 read=3631841
                           ->  Hash Join  (cost=17436.15..5913720.75 rows=1733418 width=54) (actual time=120.984..47975.834 rows=1811717 loops=1)
                                 Hash Cond: (catalog_sales.cs_item_sk = item.i_item_sk)
                                 Buffers: shared hit=96895 read=3631841
                                 ->  Seq Scan on catalog_sales  (cost=0.00..5874397.76 rows=8337669 width=41) (actual time=0.055..45898.444 rows=8349119 loops=1)
                                       Filter: ((cs_wholesale_cost >= '7'::numeric) AND (cs_wholesale_cost <= '12'::numeric))
                                       Rows Removed by Filter: 135643180
                                       Buffers: shared hit=82539 read=3631841
                                 ->  Hash  (cost=16906.00..16906.00 rows=42412 width=21) (actual time=120.354..120.355 rows=42041 loops=1)
                                       Buckets: 65536  Batches: 1  Memory Usage: 2812kB
                                       Buffers: shared hit=14356
                                       ->  Seq Scan on item  (cost=0.00..16906.00 rows=42412 width=21) (actual time=0.025..112.305 rows=42041 loops=1)
                                             Filter: (i_category = 'Electronics'::bpchar)
                                             Rows Removed by Filter: 161959
                                             Buffers: shared hit=14356
                           ->  Memoize  (cost=0.30..7.22 rows=1 width=4) (actual time=0.000..0.000 rows=0 loops=1811717)
                                 Cache Key: catalog_sales.cs_sold_date_sk
                                 Cache Mode: logical
                                 Hits: 1809579  Misses: 2138  Evictions: 0  Overflows: 0  Memory Usage: 155kB
                                 Buffers: shared hit=6411
                                 ->  Index Scan using date_dim_pkey on date_dim  (cost=0.29..7.21 rows=1 width=4) (actual time=0.013..0.013 rows=0 loops=2138)
                                       Index Cond: (d_date_sk = catalog_sales.cs_sold_date_sk)
                                       Filter: (d_year = 2002)
                                       Rows Removed by Filter: 1
                                       Buffers: shared hit=6411
                     ->  Index Scan using customer_demographics_pkey on customer_demographics  (cost=0.43..7.36 rows=1 width=8) (actual time=0.012..0.012 rows=0 loops=347832)
                           Index Cond: (cd_demo_sk = catalog_sales.cs_bill_cdemo_sk)
                           Filter: ((cd_gender = 'F'::bpchar) AND (cd_education_status = 'College'::bpchar))
                           Rows Removed by Filter: 1
                           Buffers: shared hit=1363688 read=25952
               ->  Index Scan using customer_pkey on customer  (cost=0.43..7.35 rows=1 width=12) (actual time=0.016..0.016 rows=0 loops=17682)
                     Index Cond: (c_customer_sk = catalog_sales.cs_bill_customer_sk)
                     Filter: (c_birth_month = 10)
                     Rows Removed by Filter: 1
                     Buffers: shared hit=55641 read=15043
         ->  Index Scan using customer_address_pkey on customer_address  (cost=0.42..7.35 rows=1 width=35) (actual time=0.021..0.021 rows=0 loops=2497)
               Index Cond: (ca_address_sk = customer.c_current_addr_sk)
               Filter: (ca_state = ANY ('{CO,FL,OK}'::bpchar[]))
               Rows Removed by Filter: 1
               Buffers: shared hit=5456 read=4532
 Planning:
   Buffers: shared hit=454
 Planning Time: 6.915 ms
 Execution Time: 53254.452 ms
(53 rows)

