                                                                                  QUERY PLAN                                                                                  
------------------------------------------------------------------------------------------------------------------------------------------------------------------------------
 Aggregate  (cost=5948961.53..5948961.54 rows=1 width=268) (actual time=45657.605..45657.610 rows=1 loops=1)
   Buffers: shared hit=280658 read=3655273
   ->  Nested Loop  (cost=17180.68..5948961.45 rows=3 width=81) (actual time=6398.600..45657.477 rows=18 loops=1)
         Buffers: shared hit=280658 read=3655273
         ->  Nested Loop  (cost=17180.26..5948755.53 rows=28 width=54) (actual time=6209.470..45647.689 rows=568 loops=1)
               Buffers: shared hit=279349 read=3654310
               ->  Nested Loop  (cost=17179.83..5947519.98 rows=168 width=50) (actual time=6206.336..45598.396 rows=3546 loops=1)
                     Buffers: shared hit=268343 read=3651144
                     ->  Nested Loop  (cost=17179.40..5930277.59 rows=2344 width=50) (actual time=6205.908..45104.031 rows=46160 loops=1)
                           Buffers: shared hit=86109 read=3649038
                           ->  Hash Join  (cost=17179.10..5903169.20 rows=472949 width=54) (actual time=135.837..44957.982 rows=381890 loops=1)
                                 Hash Cond: (catalog_sales.cs_item_sk = item.i_item_sk)
                                 Buffers: shared hit=79698 read=3649038
                                 ->  Seq Scan on catalog_sales  (cost=0.00..5874397.76 rows=4416036 width=41) (actual time=0.072..43862.380 rows=4444683 loops=1)
                                       Filter: ((cs_wholesale_cost >= '49'::numeric) AND (cs_wholesale_cost <= '54'::numeric))
                                       Rows Removed by Filter: 139547616
                                       Buffers: shared hit=79698 read=3634682
                                 ->  Hash  (cost=16906.00..16906.00 rows=21848 width=21) (actual time=135.375..135.376 rows=21811 loops=1)
                                       Buckets: 32768  Batches: 1  Memory Usage: 1449kB
                                       Buffers: shared read=14356
                                       ->  Seq Scan on item  (cost=0.00..16906.00 rows=21848 width=21) (actual time=0.037..129.807 rows=21811 loops=1)
                                             Filter: (i_category = 'Sports'::bpchar)
                                             Rows Removed by Filter: 182189
                                             Buffers: shared read=14356
                           ->  Memoize  (cost=0.30..7.22 rows=1 width=4) (actual time=0.000..0.000 rows=0 loops=381890)
                                 Cache Key: catalog_sales.cs_sold_date_sk
                                 Cache Mode: logical
                                 Hits: 379752  Misses: 2138  Evictions: 0  Overflows: 0  Memory Usage: 155kB
                                 Buffers: shared hit=6411
                                 ->  Index Scan using date_dim_pkey on date_dim  (cost=0.29..7.21 rows=1 width=4) (actual time=0.012..0.012 rows=0 loops=2138)
                                       Index Cond: (d_date_sk = catalog_sales.cs_sold_date_sk)
                                       Filter: (d_year = 1999)
                                       Rows Removed by Filter: 1
                                       Buffers: shared hit=6411
                     ->  Index Scan using customer_demographics_pkey on customer_demographics  (cost=0.43..7.36 rows=1 width=8) (actual time=0.010..0.010 rows=0 loops=46160)
                           Index Cond: (cd_demo_sk = catalog_sales.cs_bill_cdemo_sk)
                           Filter: ((cd_gender = 'M'::bpchar) AND (cd_education_status = 'Primary'::bpchar))
                           Rows Removed by Filter: 1
                           Buffers: shared hit=182234 read=2106
               ->  Index Scan using customer_pkey on customer  (cost=0.43..7.35 rows=1 width=12) (actual time=0.013..0.013 rows=0 loops=3546)
                     Index Cond: (c_customer_sk = catalog_sales.cs_bill_customer_sk)
                     Filter: (c_birth_month = 4)
                     Rows Removed by Filter: 1
                     Buffers: shared hit=11006 read=3166
         ->  Index Scan using customer_address_pkey on customer_address  (cost=0.42..7.35 rows=1 width=35) (actual time=0.016..0.016 rows=0 loops=568)
               Index Cond: (ca_address_sk = customer.c_current_addr_sk)
               Filter: (ca_state = ANY ('{MI,PA,TX}'::bpchar[]))
               Rows Removed by Filter: 1
               Buffers: shared hit=1309 read=963
 Planning:
   Buffers: shared hit=405 read=49
 Planning Time: 6.235 ms
 Execution Time: 45658.251 ms
(53 rows)

