                                                                                     QUERY PLAN                                                                                      
-------------------------------------------------------------------------------------------------------------------------------------------------------------------------------------
 Aggregate  (cost=5982459.70..5982459.71 rows=1 width=268) (actual time=52937.137..52937.142 rows=1 loops=1)
   Buffers: shared hit=1761930 read=3675084
   ->  Nested Loop  (cost=2393.34..5982459.67 rows=1 width=81) (actual time=12220.783..52937.095 rows=5 loops=1)
         Buffers: shared hit=1761930 read=3675084
         ->  Nested Loop  (cost=2392.92..5982430.29 rows=4 width=68) (actual time=11644.487..52935.315 rows=67 loops=1)
               Buffers: shared hit=1761781 read=3674965
               ->  Nested Loop  (cost=2392.49..5981893.21 rows=73 width=41) (actual time=11614.411..52908.820 rows=1043 loops=1)
                     Buffers: shared hit=1759340 read=3673234
                     ->  Nested Loop  (cost=2392.07..5975457.70 rows=875 width=37) (actual time=11609.765..52644.933 rows=13150 loops=1)
                           Buffers: shared hit=1716014 read=3663988
                           ->  Hash Join  (cost=2391.64..5883417.43 rows=12512 width=37) (actual time=11609.604..45481.692 rows=416567 loops=1)
                                 Hash Cond: (catalog_sales.cs_sold_date_sk = date_dim.d_date_sk)
                                 Buffers: shared hit=67271 read=3648583
                                 ->  Seq Scan on catalog_sales  (cost=0.00..5874397.76 rows=2524821 width=41) (actual time=0.126..45059.009 rows=2625628 loops=1)
                                       Filter: ((cs_wholesale_cost >= '45'::numeric) AND (cs_wholesale_cost <= '50'::numeric))
                                       Rows Removed by Filter: 141366671
                                       Buffers: shared hit=67229 read=3647151
                                 ->  Hash  (cost=2387.11..2387.11 rows=362 width=4) (actual time=24.081..24.082 rows=366 loops=1)
                                       Buckets: 1024  Batches: 1  Memory Usage: 21kB
                                       Buffers: shared hit=42 read=1432
                                       ->  Seq Scan on date_dim  (cost=0.00..2387.11 rows=362 width=4) (actual time=14.405..23.992 rows=366 loops=1)
                                             Filter: (d_year = 2000)
                                             Rows Removed by Filter: 72683
                                             Buffers: shared hit=42 read=1432
                           ->  Index Scan using customer_demographics_pkey on customer_demographics  (cost=0.43..7.36 rows=1 width=8) (actual time=0.017..0.017 rows=0 loops=416567)
                                 Index Cond: (cd_demo_sk = catalog_sales.cs_bill_cdemo_sk)
                                 Filter: ((cd_gender = 'F'::bpchar) AND (cd_education_status = 'Advanced Degree'::bpchar))
                                 Rows Removed by Filter: 1
                                 Buffers: shared hit=1648743 read=15405
                     ->  Index Scan using customer_pkey on customer  (cost=0.43..7.35 rows=1 width=12) (actual time=0.020..0.020 rows=0 loops=13150)
                           Index Cond: (c_customer_sk = catalog_sales.cs_bill_customer_sk)
                           Filter: (c_birth_month = 11)
                           Rows Removed by Filter: 1
                           Buffers: shared hit=43326 read=9246
               ->  Index Scan using customer_address_pkey on customer_address  (cost=0.42..7.36 rows=1 width=35) (actual time=0.025..0.025 rows=0 loops=1043)
                     Index Cond: (ca_address_sk = customer.c_current_addr_sk)
                     Filter: (ca_state = ANY ('{ID,LA,PA}'::bpchar[]))
                     Rows Removed by Filter: 1
                     Buffers: shared hit=2441 read=1731
         ->  Index Scan using item_pkey on item  (cost=0.42..7.34 rows=1 width=21) (actual time=0.025..0.025 rows=0 loops=67)
               Index Cond: (i_item_sk = catalog_sales.cs_item_sk)
               Filter: (i_category = 'Shoes'::bpchar)
               Rows Removed by Filter: 1
               Buffers: shared hit=149 read=119
 Planning:
   Buffers: shared hit=454
 Planning Time: 4.566 ms
 Execution Time: 52937.646 ms
(48 rows)

