                                                                                  QUERY PLAN                                                                                  
------------------------------------------------------------------------------------------------------------------------------------------------------------------------------
 Aggregate  (cost=5929324.86..5929324.87 rows=1 width=268) (actual time=46430.018..46430.023 rows=1 loops=1)
   Buffers: shared hit=364495 read=3690768
   ->  Nested Loop  (cost=17119.15..5929324.83 rows=1 width=81) (actual time=12689.175..46429.911 rows=15 loops=1)
         Buffers: shared hit=364495 read=3690768
         ->  Nested Loop  (cost=17118.72..5929243.93 rows=11 width=54) (actual time=12182.787..46424.730 rows=251 loops=1)
               Buffers: shared hit=363984 read=3690275
               ->  Nested Loop  (cost=17118.29..5928633.48 rows=83 width=50) (actual time=12161.475..46402.548 rows=1626 loops=1)
                     Buffers: shared hit=357760 read=3689995
                     ->  Nested Loop  (cost=17117.87..5920085.68 rows=1162 width=50) (actual time=12145.454..45631.594 rows=78251 loops=1)
                           Buffers: shared hit=49064 read=3686083
                           ->  Hash Join  (cost=17117.56..5898936.94 rows=234562 width=54) (actual time=125.451..45450.222 rows=499814 loops=1)
                                 Hash Cond: (catalog_sales.cs_item_sk = item.i_item_sk)
                                 Buffers: shared hit=42904 read=3685832
                                 ->  Seq Scan on catalog_sales  (cost=0.00..5874397.76 rows=2827223 width=41) (actual time=0.055..44632.308 rows=2916247 loops=1)
                                       Filter: ((cs_wholesale_cost >= '0'::numeric) AND (cs_wholesale_cost <= '5'::numeric))
                                       Rows Removed by Filter: 141076052
                                       Buffers: shared hit=42879 read=3671501
                                 ->  Hash  (cost=16906.00..16906.00 rows=16925 width=21) (actual time=125.073..125.073 rows=17141 loops=1)
                                       Buckets: 32768  Batches: 1  Memory Usage: 1194kB
                                       Buffers: shared hit=25 read=14331
                                       ->  Seq Scan on item  (cost=0.00..16906.00 rows=16925 width=21) (actual time=0.016..120.856 rows=17141 loops=1)
                                             Filter: (i_category = 'Home'::bpchar)
                                             Rows Removed by Filter: 186859
                                             Buffers: shared hit=25 read=14331
                           ->  Memoize  (cost=0.30..7.22 rows=1 width=4) (actual time=0.000..0.000 rows=0 loops=499814)
                                 Cache Key: catalog_sales.cs_sold_date_sk
                                 Cache Mode: logical
                                 Hits: 497676  Misses: 2138  Evictions: 0  Overflows: 0  Memory Usage: 155kB
                                 Buffers: shared hit=6160 read=251
                                 ->  Index Scan using date_dim_pkey on date_dim  (cost=0.29..7.21 rows=1 width=4) (actual time=0.013..0.013 rows=0 loops=2138)
                                       Index Cond: (d_date_sk = catalog_sales.cs_sold_date_sk)
                                       Filter: (d_year = 2000)
                                       Rows Removed by Filter: 1
                                       Buffers: shared hit=6160 read=251
                     ->  Index Scan using customer_demographics_pkey on customer_demographics  (cost=0.43..7.36 rows=1 width=8) (actual time=0.010..0.010 rows=0 loops=78251)
                           Index Cond: (cd_demo_sk = catalog_sales.cs_bill_cdemo_sk)
                           Filter: ((cd_gender = 'M'::bpchar) AND (cd_education_status = 'Secondary'::bpchar))
                           Rows Removed by Filter: 1
                           Buffers: shared hit=308696 read=3912
               ->  Index Scan using customer_pkey on customer  (cost=0.43..7.35 rows=1 width=12) (actual time=0.013..0.013 rows=0 loops=1626)
                     Index Cond: (c_customer_sk = catalog_sales.cs_bill_customer_sk)
                     Filter: (c_birth_month = 10)
                     Rows Removed by Filter: 1
                     Buffers: shared hit=6224 read=280
         ->  Index Scan using customer_address_pkey on customer_address  (cost=0.42..7.35 rows=1 width=35) (actual time=0.019..0.019 rows=0 loops=251)
               Index Cond: (ca_address_sk = customer.c_current_addr_sk)
               Filter: (ca_state = ANY ('{KS,MS,VA}'::bpchar[]))
               Rows Removed by Filter: 1
               Buffers: shared hit=511 read=493
 Planning:
   Buffers: shared hit=407 read=47
 Planning Time: 2.240 ms
 Execution Time: 46430.345 ms
(53 rows)

