                                                                                  QUERY PLAN                                                                                   
-------------------------------------------------------------------------------------------------------------------------------------------------------------------------------
 Aggregate  (cost=6017264.49..6017264.50 rows=1 width=268) (actual time=49065.722..49065.729 rows=1 loops=1)
   Buffers: shared hit=691282 read=3663805
   ->  Nested Loop  (cost=17326.55..6017264.21 rows=10 width=81) (actual time=20671.957..49065.142 rows=104 loops=1)
         Buffers: shared hit=691282 read=3663805
         ->  Nested Loop  (cost=17326.12..6016661.16 rows=82 width=54) (actual time=20590.179..49036.550 rows=1789 loops=1)
               Buffers: shared hit=687465 read=3660466
               ->  Nested Loop  (cost=17325.69..6013079.67 rows=487 width=50) (actual time=20587.742..48905.110 rows=10556 loops=1)
                     Buffers: shared hit=652489 read=3653226
                     ->  Nested Loop  (cost=17325.27..5963140.79 rows=6789 width=50) (actual time=20587.558..47582.053 rows=142793 loops=1)
                           Buffers: shared hit=90468 read=3644679
                           ->  Hash Join  (cost=17324.96..5913609.56 rows=1369871 width=54) (actual time=120.473..47249.096 rows=1048082 loops=1)
                                 Hash Cond: (catalog_sales.cs_item_sk = item.i_item_sk)
                                 Buffers: shared hit=84161 read=3644575
                                 ->  Seq Scan on catalog_sales  (cost=0.00..5874397.76 rows=8337669 width=41) (actual time=0.049..45412.488 rows=8349119 loops=1)
                                       Filter: ((cs_wholesale_cost >= '10'::numeric) AND (cs_wholesale_cost <= '15'::numeric))
                                       Rows Removed by Filter: 135643180
                                       Buffers: shared hit=69805 read=3644575
                                 ->  Hash  (cost=16906.00..16906.00 rows=33517 width=21) (actual time=119.795..119.796 rows=33627 loops=1)
                                       Buckets: 65536  Batches: 1  Memory Usage: 2351kB
                                       Buffers: shared hit=14356
                                       ->  Seq Scan on item  (cost=0.00..16906.00 rows=33517 width=21) (actual time=0.037..112.925 rows=33627 loops=1)
                                             Filter: (i_category = 'Shoes'::bpchar)
                                             Rows Removed by Filter: 170373
                                             Buffers: shared hit=14356
                           ->  Memoize  (cost=0.30..7.22 rows=1 width=4) (actual time=0.000..0.000 rows=0 loops=1048082)
                                 Cache Key: catalog_sales.cs_sold_date_sk
                                 Cache Mode: logical
                                 Hits: 1045944  Misses: 2138  Evictions: 0  Overflows: 0  Memory Usage: 155kB
                                 Buffers: shared hit=6307 read=104
                                 ->  Index Scan using date_dim_pkey on date_dim  (cost=0.29..7.21 rows=1 width=4) (actual time=0.012..0.012 rows=0 loops=2138)
                                       Index Cond: (d_date_sk = catalog_sales.cs_sold_date_sk)
                                       Filter: (d_year = 2001)
                                       Rows Removed by Filter: 1
                                       Buffers: shared hit=6307 read=104
                     ->  Index Scan using customer_demographics_pkey on customer_demographics  (cost=0.43..7.36 rows=1 width=8) (actual time=0.009..0.009 rows=0 loops=142793)
                           Index Cond: (cd_demo_sk = catalog_sales.cs_bill_cdemo_sk)
                           Filter: ((cd_gender = 'M'::bpchar) AND (cd_education_status = 'Primary'::bpchar))
                           Rows Removed by Filter: 1
                           Buffers: shared hit=562021 read=8547
               ->  Index Scan using customer_pkey on customer  (cost=0.43..7.35 rows=1 width=12) (actual time=0.012..0.012 rows=0 loops=10556)
                     Index Cond: (c_customer_sk = catalog_sales.cs_bill_customer_sk)
                     Filter: (c_birth_month = 4)
                     Rows Removed by Filter: 1
                     Buffers: shared hit=34976 read=7240
         ->  Index Scan using customer_address_pkey on customer_address  (cost=0.42..7.35 rows=1 width=35) (actual time=0.015..0.015 rows=0 loops=1789)
               Index Cond: (ca_address_sk = customer.c_current_addr_sk)
               Filter: (ca_state = ANY ('{PA,SD,TX}'::bpchar[]))
               Rows Removed by Filter: 1
               Buffers: shared hit=3817 read=3339
 Planning:
   Buffers: shared hit=454
 Planning Time: 4.525 ms
 Execution Time: 49066.482 ms
(53 rows)

