                                                                              QUERY PLAN                                                                               
-----------------------------------------------------------------------------------------------------------------------------------------------------------------------
 Aggregate  (cost=5952213.69..5952213.70 rows=1 width=268) (actual time=45120.088..45120.093 rows=1 loops=1)
   Buffers: shared hit=467732 read=3736655
   ->  Nested Loop  (cost=17045.03..5952213.67 rows=1 width=81) (actual time=27087.091..45119.830 rows=37 loops=1)
         Buffers: shared hit=467732 read=3736655
         ->  Nested Loop  (cost=17044.61..5952162.13 rows=7 width=54) (actual time=26305.249..45106.117 rows=788 loops=1)
               Buffers: shared hit=465951 read=3735284
               ->  Nested Loop  (cost=17044.18..5951441.26 rows=98 width=54) (actual time=26303.619..45044.985 rows=5417 loops=1)
                     Buffers: shared hit=444606 read=3734973
                     ->  Nested Loop  (cost=17043.75..5936644.54 rows=2012 width=50) (actual time=26303.273..43753.359 rows=111238 loops=1)
                           Buffers: shared hit=81435 read=3653712
                           ->  Hash Join  (cost=17043.45..5911211.18 rows=405950 width=54) (actual time=144.751..43581.674 rows=449731 loops=1)
                                 Hash Cond: (catalog_sales.cs_item_sk = item.i_item_sk)
                                 Buffers: shared hit=75025 read=3653711
                                 ->  Seq Scan on catalog_sales  (cost=0.00..5874397.76 rows=7531262 width=41) (actual time=0.062..42064.395 rows=7518631 loops=1)
                                       Filter: ((cs_wholesale_cost >= '83'::numeric) AND (cs_wholesale_cost <= '88'::numeric))
                                       Rows Removed by Filter: 136473668
                                       Buffers: shared hit=75014 read=3639366
                                 ->  Hash  (cost=16906.00..16906.00 rows=10996 width=21) (actual time=144.263..144.264 rows=11037 loops=1)
                                       Buckets: 16384  Batches: 1  Memory Usage: 732kB
                                       Buffers: shared hit=11 read=14345
                                       ->  Seq Scan on item  (cost=0.00..16906.00 rows=10996 width=21) (actual time=0.081..140.907 rows=11037 loops=1)
                                             Filter: (i_category = 'Women'::bpchar)
                                             Rows Removed by Filter: 192963
                                             Buffers: shared hit=11 read=14345
                           ->  Memoize  (cost=0.30..7.22 rows=1 width=4) (actual time=0.000..0.000 rows=0 loops=449731)
                                 Cache Key: catalog_sales.cs_sold_date_sk
                                 Cache Mode: logical
                                 Hits: 447593  Misses: 2138  Evictions: 0  Overflows: 0  Memory Usage: 155kB
                                 Buffers: shared hit=6410 read=1
                                 ->  Index Scan using date_dim_pkey on date_dim  (cost=0.29..7.21 rows=1 width=4) (actual time=0.012..0.012 rows=0 loops=2138)
                                       Index Cond: (d_date_sk = catalog_sales.cs_sold_date_sk)
                                       Filter: (d_year = 2002)
                                       Rows Removed by Filter: 1
                                       Buffers: shared hit=6410 read=1
                     ->  Index Scan using customer_pkey on customer  (cost=0.43..7.35 rows=1 width=12) (actual time=0.011..0.011 rows=0 loops=111238)
                           Index Cond: (c_customer_sk = catalog_sales.cs_bill_customer_sk)
                           Filter: (c_birth_month = 7)
                           Rows Removed by Filter: 1
                           Buffers: shared hit=363171 read=81261
               ->  Index Scan using customer_demographics_pkey on customer_demographics  (cost=0.43..7.36 rows=1 width=8) (actual time=0.011..0.011 rows=0 loops=5417)
                     Index Cond: (cd_demo_sk = catalog_sales.cs_bill_cdemo_sk)
                     Filter: ((cd_gender = 'M'::bpchar) AND (cd_education_status = 'Unknown'::bpchar))
                     Rows Removed by Filter: 1
                     Buffers: shared hit=21345 read=311
         ->  Index Scan using customer_address_pkey on customer_address  (cost=0.42..7.36 rows=1 width=35) (actual time=0.016..0.016 rows=0 loops=788)
               Index Cond: (ca_address_sk = customer.c_current_addr_sk)
               Filter: (ca_state = ANY ('{AL,MI,TX}'::bpchar[]))
               Rows Removed by Filter: 1
               Buffers: shared hit=1781 read=1371
 Planning:
   Buffers: shared hit=407 read=47
 Planning Time: 4.985 ms
 Execution Time: 45120.727 ms
(53 rows)

