                                                                              QUERY PLAN                                                                              
----------------------------------------------------------------------------------------------------------------------------------------------------------------------
 Aggregate  (cost=5945413.07..5945413.08 rows=1 width=268) (actual time=43561.854..43561.860 rows=1 loops=1)
   Buffers: shared hit=257835 read=3734308
   ->  Nested Loop  (cost=17242.40..5945413.05 rows=1 width=81) (actual time=43561.847..43561.853 rows=0 loops=1)
         Buffers: shared hit=257835 read=3734308
         ->  Nested Loop  (cost=17241.97..5945398.27 rows=2 width=54) (actual time=12051.941..43561.559 rows=14 loops=1)
               Buffers: shared hit=257803 read=3734284
               ->  Nested Loop  (cost=17241.54..5945162.88 rows=32 width=54) (actual time=11772.729..43547.840 rows=903 loops=1)
                     Buffers: shared hit=254270 read=3734213
                     ->  Nested Loop  (cost=17241.12..5928048.74 rows=2327 width=50) (actual time=11764.664..42787.007 rows=63398 loops=1)
                           Buffers: shared hit=42885 read=3692262
                           ->  Hash Join  (cost=17240.81..5901025.85 rows=469529 width=54) (actual time=135.499..42648.060 rows=341979 loops=1)
                                 Hash Cond: (catalog_sales.cs_item_sk = item.i_item_sk)
                                 Buffers: shared hit=36474 read=3692262
                                 ->  Seq Scan on catalog_sales  (cost=0.00..5874397.76 rows=3576029 width=41) (actual time=0.085..41656.252 rows=3595775 loops=1)
                                       Filter: ((cs_wholesale_cost >= '77'::numeric) AND (cs_wholesale_cost <= '82'::numeric))
                                       Rows Removed by Filter: 140396524
                                       Buffers: shared hit=36463 read=3677917
                                 ->  Hash  (cost=16906.00..16906.00 rows=26785 width=21) (actual time=135.174..135.175 rows=26695 loops=1)
                                       Buckets: 32768  Batches: 1  Memory Usage: 1716kB
                                       Buffers: shared hit=11 read=14345
                                       ->  Seq Scan on item  (cost=0.00..16906.00 rows=26785 width=21) (actual time=0.021..128.786 rows=26695 loops=1)
                                             Filter: (i_category = 'Children'::bpchar)
                                             Rows Removed by Filter: 177305
                                             Buffers: shared hit=11 read=14345
                           ->  Memoize  (cost=0.30..7.22 rows=1 width=4) (actual time=0.000..0.000 rows=0 loops=341979)
                                 Cache Key: catalog_sales.cs_sold_date_sk
                                 Cache Mode: logical
                                 Hits: 339841  Misses: 2138  Evictions: 0  Overflows: 0  Memory Usage: 155kB
                                 Buffers: shared hit=6411
                                 ->  Index Scan using date_dim_pkey on date_dim  (cost=0.29..7.21 rows=1 width=4) (actual time=0.014..0.014 rows=0 loops=2138)
                                       Index Cond: (d_date_sk = catalog_sales.cs_sold_date_sk)
                                       Filter: (d_year = 2000)
                                       Rows Removed by Filter: 1
                                       Buffers: shared hit=6411
                     ->  Index Scan using customer_pkey on customer  (cost=0.43..7.35 rows=1 width=12) (actual time=0.012..0.012 rows=0 loops=63398)
                           Index Cond: (c_customer_sk = catalog_sales.cs_bill_customer_sk)
                           Filter: (c_birth_month = 5)
                           Rows Removed by Filter: 1
                           Buffers: shared hit=211385 read=41951
               ->  Index Scan using customer_demographics_pkey on customer_demographics  (cost=0.43..7.36 rows=1 width=8) (actual time=0.014..0.014 rows=0 loops=903)
                     Index Cond: (cd_demo_sk = catalog_sales.cs_bill_cdemo_sk)
                     Filter: ((cd_gender = 'F'::bpchar) AND (cd_education_status = 'Primary'::bpchar))
                     Rows Removed by Filter: 1
                     Buffers: shared hit=3533 read=71
         ->  Index Scan using customer_address_pkey on customer_address  (cost=0.42..7.39 rows=1 width=35) (actual time=0.020..0.020 rows=0 loops=14)
               Index Cond: (ca_address_sk = customer.c_current_addr_sk)
               Filter: (ca_state = ANY ('{IA,OH,WI}'::bpchar[]))
               Rows Removed by Filter: 1
               Buffers: shared hit=32 read=24
 Planning:
   Buffers: shared hit=407 read=47
 Planning Time: 4.894 ms
 Execution Time: 43562.387 ms
(53 rows)

