                                                                              QUERY PLAN                                                                              
----------------------------------------------------------------------------------------------------------------------------------------------------------------------
 Aggregate  (cost=5902952.59..5902952.60 rows=1 width=268) (actual time=46111.470..46111.476 rows=1 loops=1)
   Buffers: shared hit=129944 read=3655234
   ->  Nested Loop  (cost=19572.02..5902952.56 rows=1 width=81) (actual time=30203.092..46111.461 rows=1 loops=1)
         Buffers: shared hit=129944 read=3655234
         ->  Nested Loop  (cost=19571.59..5902937.84 rows=2 width=54) (actual time=27065.391..46109.821 rows=78 loops=1)
               Buffers: shared hit=129781 read=3655085
               ->  Nested Loop  (cost=19571.17..5902695.07 rows=33 width=54) (actual time=27056.127..46101.170 rows=620 loops=1)
                     Buffers: shared hit=127362 read=3655024
                     ->  Hash Join  (cost=19570.74..5897693.12 rows=680 width=50) (actual time=27055.454..45908.505 rows=13065 loops=1)
                           Hash Cond: (catalog_sales.cs_sold_date_sk = date_dim.d_date_sk)
                           Buffers: shared hit=84210 read=3646000
                           ->  Hash Join  (cost=17179.10..5894941.16 rows=137258 width=54) (actual time=105.120..45869.894 rows=104099 loops=1)
                                 Hash Cond: (catalog_sales.cs_item_sk = item.i_item_sk)
                                 Buffers: shared hit=84168 read=3644568
                                 ->  Seq Scan on catalog_sales  (cost=0.00..5874397.76 rows=1281611 width=41) (actual time=0.063..45449.893 rows=1213654 loops=1)
                                       Filter: ((cs_wholesale_cost >= '19'::numeric) AND (cs_wholesale_cost <= '24'::numeric))
                                       Rows Removed by Filter: 142778645
                                       Buffers: shared hit=69823 read=3644557
                                 ->  Hash  (cost=16906.00..16906.00 rows=21848 width=21) (actual time=104.655..104.656 rows=21811 loops=1)
                                       Buckets: 32768  Batches: 1  Memory Usage: 1449kB
                                       Buffers: shared hit=14345 read=11
                                       ->  Seq Scan on item  (cost=0.00..16906.00 rows=21848 width=21) (actual time=0.014..100.443 rows=21811 loops=1)
                                             Filter: (i_category = 'Sports'::bpchar)
                                             Rows Removed by Filter: 182189
                                             Buffers: shared hit=14345 read=11
                           ->  Hash  (cost=2387.11..2387.11 rows=362 width=4) (actual time=23.412..23.413 rows=365 loops=1)
                                 Buckets: 1024  Batches: 1  Memory Usage: 21kB
                                 Buffers: shared hit=42 read=1432
                                 ->  Seq Scan on date_dim  (cost=0.00..2387.11 rows=362 width=4) (actual time=14.039..23.350 rows=365 loops=1)
                                       Filter: (d_year = 2002)
                                       Rows Removed by Filter: 72684
                                       Buffers: shared hit=42 read=1432
                     ->  Index Scan using customer_pkey on customer  (cost=0.43..7.36 rows=1 width=12) (actual time=0.014..0.014 rows=0 loops=13065)
                           Index Cond: (c_customer_sk = catalog_sales.cs_bill_customer_sk)
                           Filter: (c_birth_month = 7)
                           Rows Removed by Filter: 1
                           Buffers: shared hit=43152 read=9024
               ->  Index Scan using customer_demographics_pkey on customer_demographics  (cost=0.43..7.36 rows=1 width=8) (actual time=0.013..0.013 rows=0 loops=620)
                     Index Cond: (cd_demo_sk = catalog_sales.cs_bill_cdemo_sk)
                     Filter: ((cd_gender = 'M'::bpchar) AND (cd_education_status = '4 yr Degree'::bpchar))
                     Rows Removed by Filter: 1
                     Buffers: shared hit=2419 read=61
         ->  Index Scan using customer_address_pkey on customer_address  (cost=0.42..7.36 rows=1 width=35) (actual time=0.020..0.020 rows=0 loops=78)
               Index Cond: (ca_address_sk = customer.c_current_addr_sk)
               Filter: (ca_state = ANY ('{PA,TX,VT}'::bpchar[]))
               Rows Removed by Filter: 1
               Buffers: shared hit=163 read=149
 Planning:
   Buffers: shared hit=454
 Planning Time: 4.090 ms
 Execution Time: 46111.894 ms
(51 rows)

