                                                                                  QUERY PLAN                                                                                  
------------------------------------------------------------------------------------------------------------------------------------------------------------------------------
 Aggregate  (cost=5950561.27..5950561.28 rows=1 width=268) (actual time=45436.966..45436.971 rows=1 loops=1)
   Buffers: shared hit=195169 read=3652342
   ->  Nested Loop  (cost=17073.85..5950561.25 rows=1 width=81) (actual time=6370.366..45436.901 rows=9 loops=1)
         Buffers: shared hit=195169 read=3652342
         ->  Nested Loop  (cost=17073.42..5950384.74 rows=24 width=54) (actual time=6278.756..45433.875 rows=151 loops=1)
               Buffers: shared hit=194863 read=3652044
               ->  Nested Loop  (cost=17072.99..5949318.37 rows=145 width=50) (actual time=6244.991..45419.856 rows=860 loops=1)
                     Buffers: shared hit=192063 read=3651412
                     ->  Nested Loop  (cost=17072.57..5934062.25 rows=2074 width=50) (actual time=6230.665..45091.218 rows=27122 loops=1)
                           Buffers: shared hit=96021 read=3639126
                           ->  Hash Join  (cost=17072.26..5908316.71 rows=418437 width=54) (actual time=131.974..44986.496 rows=207705 loops=1)
                                 Hash Cond: (catalog_sales.cs_item_sk = item.i_item_sk)
                                 Buffers: shared hit=89610 read=3639126
                                 ->  Seq Scan on catalog_sales  (cost=0.00..5874397.76 rows=6417653 width=41) (actual time=0.059..43669.905 rows=6094526 loops=1)
                                       Filter: ((cs_wholesale_cost >= '61'::numeric) AND (cs_wholesale_cost <= '66'::numeric))
                                       Rows Removed by Filter: 137897773
                                       Buffers: shared hit=75254 read=3639126
                                 ->  Hash  (cost=16906.00..16906.00 rows=13301 width=21) (actual time=131.727..131.728 rows=13933 loops=1)
                                       Buckets: 16384  Batches: 1  Memory Usage: 890kB
                                       Buffers: shared hit=14356
                                       ->  Seq Scan on item  (cost=0.00..16906.00 rows=13301 width=21) (actual time=0.018..128.336 rows=13933 loops=1)
                                             Filter: (i_category = 'Men'::bpchar)
                                             Rows Removed by Filter: 190067
                                             Buffers: shared hit=14356
                           ->  Memoize  (cost=0.30..7.22 rows=1 width=4) (actual time=0.000..0.000 rows=0 loops=207705)
                                 Cache Key: catalog_sales.cs_sold_date_sk
                                 Cache Mode: logical
                                 Hits: 205567  Misses: 2138  Evictions: 0  Overflows: 0  Memory Usage: 155kB
                                 Buffers: shared hit=6411
                                 ->  Index Scan using date_dim_pkey on date_dim  (cost=0.29..7.21 rows=1 width=4) (actual time=0.014..0.014 rows=0 loops=2138)
                                       Index Cond: (d_date_sk = catalog_sales.cs_sold_date_sk)
                                       Filter: (d_year = 1999)
                                       Rows Removed by Filter: 1
                                       Buffers: shared hit=6411
                     ->  Index Scan using customer_demographics_pkey on customer_demographics  (cost=0.43..7.36 rows=1 width=8) (actual time=0.012..0.012 rows=0 loops=27122)
                           Index Cond: (cd_demo_sk = catalog_sales.cs_bill_cdemo_sk)
                           Filter: ((cd_gender = 'F'::bpchar) AND (cd_education_status = 'Advanced Degree'::bpchar))
                           Rows Removed by Filter: 1
                           Buffers: shared hit=96042 read=12286
               ->  Index Scan using customer_pkey on customer  (cost=0.43..7.35 rows=1 width=12) (actual time=0.016..0.016 rows=0 loops=860)
                     Index Cond: (c_customer_sk = catalog_sales.cs_bill_customer_sk)
                     Filter: (c_birth_month = 4)
                     Rows Removed by Filter: 1
                     Buffers: shared hit=2800 read=632
         ->  Index Scan using customer_address_pkey on customer_address  (cost=0.42..7.35 rows=1 width=35) (actual time=0.019..0.019 rows=0 loops=151)
               Index Cond: (ca_address_sk = customer.c_current_addr_sk)
               Filter: (ca_state = ANY ('{AK,IL,NH}'::bpchar[]))
               Rows Removed by Filter: 1
               Buffers: shared hit=306 read=298
 Planning:
   Buffers: shared hit=452 read=2
 Planning Time: 4.811 ms
 Execution Time: 45437.639 ms
(53 rows)

