                                                                                  QUERY PLAN                                                                                  
------------------------------------------------------------------------------------------------------------------------------------------------------------------------------
 Aggregate  (cost=5933876.18..5933876.19 rows=1 width=268) (actual time=46212.323..46212.327 rows=1 loops=1)
   Buffers: shared hit=180011 read=3646664
   ->  Nested Loop  (cost=17073.85..5933876.15 rows=1 width=81) (actual time=12990.523..46212.233 rows=12 loops=1)
         Buffers: shared hit=180011 read=3646664
         ->  Nested Loop  (cost=17073.42..5933780.54 rows=13 width=54) (actual time=12362.761..46209.209 rows=146 loops=1)
               Buffers: shared hit=179715 read=3646376
               ->  Nested Loop  (cost=17072.99..5933111.28 rows=91 width=50) (actual time=12362.741..46194.222 rows=1114 loops=1)
                     Buffers: shared hit=176009 read=3645630
                     ->  Nested Loop  (cost=17072.57..5923666.17 rows=1284 width=50) (actual time=12356.750..45923.090 rows=21657 loops=1)
                           Buffers: shared hit=99555 read=3635592
                           ->  Hash Join  (cost=17072.26..5901903.12 rows=259137 width=54) (actual time=130.682..45839.879 rows=135896 loops=1)
                                 Hash Cond: (catalog_sales.cs_item_sk = item.i_item_sk)
                                 Buffers: shared hit=93144 read=3635592
                                 ->  Seq Scan on catalog_sales  (cost=0.00..5874397.76 rows=3974433 width=41) (actual time=0.086..44879.219 rows=3999274 loops=1)
                                       Filter: ((cs_wholesale_cost >= '41'::numeric) AND (cs_wholesale_cost <= '46'::numeric))
                                       Rows Removed by Filter: 139993025
                                       Buffers: shared hit=78788 read=3635592
                                 ->  Hash  (cost=16906.00..16906.00 rows=13301 width=21) (actual time=130.326..130.327 rows=13933 loops=1)
                                       Buckets: 16384  Batches: 1  Memory Usage: 890kB
                                       Buffers: shared hit=14356
                                       ->  Seq Scan on item  (cost=0.00..16906.00 rows=13301 width=21) (actual time=0.021..126.437 rows=13933 loops=1)
                                             Filter: (i_category = 'Men'::bpchar)
                                             Rows Removed by Filter: 190067
                                             Buffers: shared hit=14356
                           ->  Memoize  (cost=0.30..7.22 rows=1 width=4) (actual time=0.000..0.000 rows=0 loops=135896)
                                 Cache Key: catalog_sales.cs_sold_date_sk
                                 Cache Mode: logical
                                 Hits: 133758  Misses: 2138  Evictions: 0  Overflows: 0  Memory Usage: 155kB
                                 Buffers: shared hit=6411
                                 ->  Index Scan using date_dim_pkey on date_dim  (cost=0.29..7.21 rows=1 width=4) (actual time=0.012..0.012 rows=0 loops=2138)
                                       Index Cond: (d_date_sk = catalog_sales.cs_sold_date_sk)
                                       Filter: (d_year = 2000)
                                       Rows Removed by Filter: 1
                                       Buffers: shared hit=6411
                     ->  Index Scan using customer_demographics_pkey on customer_demographics  (cost=0.43..7.36 rows=1 width=8) (actual time=0.012..0.012 rows=0 loops=21657)
                           Index Cond: (cd_demo_sk = catalog_sales.cs_bill_cdemo_sk)
                           Filter: ((cd_gender = 'F'::bpchar) AND (cd_education_status = 'College'::bpchar))
                           Rows Removed by Filter: 1
                           Buffers: shared hit=76454 read=10038
               ->  Index Scan using customer_pkey on customer  (cost=0.43..7.35 rows=1 width=12) (actual time=0.013..0.013 rows=0 loops=1114)
                     Index Cond: (c_customer_sk = catalog_sales.cs_bill_customer_sk)
                     Filter: (c_birth_month = 10)
                     Rows Removed by Filter: 1
                     Buffers: shared hit=3706 read=746
         ->  Index Scan using customer_address_pkey on customer_address  (cost=0.42..7.35 rows=1 width=35) (actual time=0.019..0.019 rows=0 loops=146)
               Index Cond: (ca_address_sk = customer.c_current_addr_sk)
               Filter: (ca_state = ANY ('{FL,SD,WI}'::bpchar[]))
               Rows Removed by Filter: 1
               Buffers: shared hit=296 read=288
 Planning:
   Buffers: shared hit=451 read=3
 Planning Time: 5.043 ms
 Execution Time: 46212.791 ms
(53 rows)

