                                                                                  QUERY PLAN                                                                                  
------------------------------------------------------------------------------------------------------------------------------------------------------------------------------
 Aggregate  (cost=5982369.23..5982369.24 rows=1 width=268) (actual time=46925.120..46925.125 rows=1 loops=1)
   Buffers: shared hit=337404 read=3657319
   ->  Nested Loop  (cost=17073.85..5982369.20 rows=1 width=81) (actual time=13205.290..46925.034 rows=12 loops=1)
         Buffers: shared hit=337404 read=3657319
         ->  Nested Loop  (cost=17073.42..5982214.70 rows=21 width=54) (actual time=12484.848..46920.035 rows=256 loops=1)
               Buffers: shared hit=336818 read=3656881
               ->  Nested Loop  (cost=17072.99..5980354.10 rows=253 width=50) (actual time=12484.815..46871.505 rows=3301 loops=1)
                     Buffers: shared hit=326347 read=3654160
                     ->  Nested Loop  (cost=17072.57..5953976.14 rows=3586 width=50) (actual time=12479.839..46233.081 rows=61410 loops=1)
                           Buffers: shared hit=85115 read=3650032
                           ->  Hash Join  (cost=17072.26..5920602.06 rows=723580 width=54) (actual time=137.385..46085.335 rows=389342 loops=1)
                                 Hash Cond: (catalog_sales.cs_item_sk = item.i_item_sk)
                                 Buffers: shared hit=78704 read=3650032
                                 ->  Seq Scan on catalog_sales  (cost=0.00..5874397.76 rows=11097691 width=41) (actual time=0.061..44046.755 rows=11458169 loops=1)
                                       Filter: ((cs_wholesale_cost >= '58'::numeric) AND (cs_wholesale_cost <= '63'::numeric))
                                       Rows Removed by Filter: 132534130
                                       Buffers: shared hit=77982 read=3636398
                                 ->  Hash  (cost=16906.00..16906.00 rows=13301 width=21) (actual time=137.123..137.124 rows=13933 loops=1)
                                       Buckets: 16384  Batches: 1  Memory Usage: 890kB
                                       Buffers: shared hit=722 read=13634
                                       ->  Seq Scan on item  (cost=0.00..16906.00 rows=13301 width=21) (actual time=0.029..133.454 rows=13933 loops=1)
                                             Filter: (i_category = 'Men'::bpchar)
                                             Rows Removed by Filter: 190067
                                             Buffers: shared hit=722 read=13634
                           ->  Memoize  (cost=0.30..7.22 rows=1 width=4) (actual time=0.000..0.000 rows=0 loops=389342)
                                 Cache Key: catalog_sales.cs_sold_date_sk
                                 Cache Mode: logical
                                 Hits: 387204  Misses: 2138  Evictions: 0  Overflows: 0  Memory Usage: 155kB
                                 Buffers: shared hit=6411
                                 ->  Index Scan using date_dim_pkey on date_dim  (cost=0.29..7.21 rows=1 width=4) (actual time=0.012..0.012 rows=0 loops=2138)
                                       Index Cond: (d_date_sk = catalog_sales.cs_sold_date_sk)
                                       Filter: (d_year = 2000)
                                       Rows Removed by Filter: 1
                                       Buffers: shared hit=6411
                     ->  Index Scan using customer_demographics_pkey on customer_demographics  (cost=0.43..7.36 rows=1 width=8) (actual time=0.010..0.010 rows=0 loops=61410)
                           Index Cond: (cd_demo_sk = catalog_sales.cs_bill_cdemo_sk)
                           Filter: ((cd_gender = 'M'::bpchar) AND (cd_education_status = 'Advanced Degree'::bpchar))
                           Rows Removed by Filter: 1
                           Buffers: shared hit=241232 read=4128
               ->  Index Scan using customer_pkey on customer  (cost=0.43..7.35 rows=1 width=12) (actual time=0.014..0.014 rows=0 loops=3301)
                     Index Cond: (c_customer_sk = catalog_sales.cs_bill_customer_sk)
                     Filter: (c_birth_month = 11)
                     Rows Removed by Filter: 1
                     Buffers: shared hit=10471 read=2721
         ->  Index Scan using customer_address_pkey on customer_address  (cost=0.42..7.36 rows=1 width=35) (actual time=0.018..0.018 rows=0 loops=256)
               Index Cond: (ca_address_sk = customer.c_current_addr_sk)
               Filter: (ca_state = ANY ('{AR,CA,NE}'::bpchar[]))
               Rows Removed by Filter: 1
               Buffers: shared hit=586 read=438
 Planning:
   Buffers: shared hit=404 read=50
 Planning Time: 5.320 ms
 Execution Time: 46925.787 ms
(53 rows)

