                                                                                  QUERY PLAN                                                                                   
-------------------------------------------------------------------------------------------------------------------------------------------------------------------------------
 Aggregate  (cost=5986217.99..5986218.00 rows=1 width=268) (actual time=47131.945..47131.950 rows=1 loops=1)
   Buffers: shared hit=896342 read=3679512
   ->  Nested Loop  (cost=17220.72..5986217.88 rows=4 width=81) (actual time=19038.595..47131.487 rows=75 loops=1)
         Buffers: shared hit=896342 read=3679512
         ->  Nested Loop  (cost=17220.30..5985886.92 rows=45 width=54) (actual time=18992.764..47103.166 rows=1435 loops=1)
               Buffers: shared hit=893131 read=3676983
               ->  Nested Loop  (cost=17219.87..5983504.14 rows=324 width=50) (actual time=18991.341..46941.029 rows=10527 loops=1)
                     Buffers: shared hit=861055 read=3666983
                     ->  Nested Loop  (cost=17219.44..5949792.21 rows=4583 width=50) (actual time=18987.847..44720.687 rows=198467 loops=1)
                           Buffers: shared hit=80706 read=3654441
                           ->  Hash Join  (cost=17219.14..5911386.87 rows=924832 width=54) (actual time=122.787..44305.449 rows=1346602 loops=1)
                                 Hash Cond: (catalog_sales.cs_item_sk = item.i_item_sk)
                                 Buffers: shared hit=74295 read=3654441
                                 ->  Seq Scan on catalog_sales  (cost=0.00..5874397.76 rows=7531262 width=41) (actual time=0.056..42526.229 rows=7518631 loops=1)
                                       Filter: ((cs_wholesale_cost >= '82'::numeric) AND (cs_wholesale_cost <= '87'::numeric))
                                       Rows Removed by Filter: 136473668
                                       Buffers: shared hit=60661 read=3653719
                                 ->  Hash  (cost=16906.00..16906.00 rows=25051 width=21) (actual time=122.441..122.442 rows=24688 loops=1)
                                       Buckets: 32768  Batches: 1  Memory Usage: 1607kB
                                       Buffers: shared hit=13634 read=722
                                       ->  Seq Scan on item  (cost=0.00..16906.00 rows=25051 width=21) (actual time=0.025..116.192 rows=24688 loops=1)
                                             Filter: (i_category = 'Books'::bpchar)
                                             Rows Removed by Filter: 179312
                                             Buffers: shared hit=13634 read=722
                           ->  Memoize  (cost=0.30..7.22 rows=1 width=4) (actual time=0.000..0.000 rows=0 loops=1346602)
                                 Cache Key: catalog_sales.cs_sold_date_sk
                                 Cache Mode: logical
                                 Hits: 1344464  Misses: 2138  Evictions: 0  Overflows: 0  Memory Usage: 155kB
                                 Buffers: shared hit=6411
                                 ->  Index Scan using date_dim_pkey on date_dim  (cost=0.29..7.21 rows=1 width=4) (actual time=0.012..0.012 rows=0 loops=2138)
                                       Index Cond: (d_date_sk = catalog_sales.cs_sold_date_sk)
                                       Filter: (d_year = 2001)
                                       Rows Removed by Filter: 1
                                       Buffers: shared hit=6411
                     ->  Index Scan using customer_demographics_pkey on customer_demographics  (cost=0.43..7.36 rows=1 width=8) (actual time=0.011..0.011 rows=0 loops=198467)
                           Index Cond: (cd_demo_sk = catalog_sales.cs_bill_cdemo_sk)
                           Filter: ((cd_gender = 'M'::bpchar) AND (cd_education_status = 'Advanced Degree'::bpchar))
                           Rows Removed by Filter: 1
                           Buffers: shared hit=780349 read=12542
               ->  Index Scan using customer_pkey on customer  (cost=0.43..7.35 rows=1 width=12) (actual time=0.015..0.015 rows=0 loops=10527)
                     Index Cond: (c_customer_sk = catalog_sales.cs_bill_customer_sk)
                     Filter: (c_birth_month = 10)
                     Rows Removed by Filter: 1
                     Buffers: shared hit=32076 read=10000
         ->  Index Scan using customer_address_pkey on customer_address  (cost=0.42..7.35 rows=1 width=35) (actual time=0.019..0.019 rows=0 loops=1435)
               Index Cond: (ca_address_sk = customer.c_current_addr_sk)
               Filter: (ca_state = ANY ('{IL,NM,VA}'::bpchar[]))
               Rows Removed by Filter: 1
               Buffers: shared hit=3211 read=2529
 Planning:
   Buffers: shared hit=454
 Planning Time: 6.222 ms
 Execution Time: 47132.760 ms
(53 rows)

