                                                                                  QUERY PLAN                                                                                  
------------------------------------------------------------------------------------------------------------------------------------------------------------------------------
 Aggregate  (cost=5965882.66..5965882.67 rows=1 width=268) (actual time=48820.742..48820.747 rows=1 loops=1)
   Buffers: shared hit=169556 read=3641483
   ->  Nested Loop  (cost=16954.16..5965882.63 rows=1 width=81) (actual time=8862.599..48820.725 rows=2 loops=1)
         Buffers: shared hit=169556 read=3641483
         ->  Nested Loop  (cost=16953.73..5965809.07 rows=10 width=54) (actual time=6707.313..48819.914 rows=39 loops=1)
               Buffers: shared hit=169475 read=3641408
               ->  Nested Loop  (cost=16953.31..5965081.02 rows=99 width=50) (actual time=6578.461..48813.752 rows=340 loops=1)
                     Buffers: shared hit=168469 read=3641058
                     ->  Nested Loop  (cost=16952.88..5954694.64 rows=1412 width=50) (actual time=6556.011..48586.035 rows=18622 loops=1)
                           Buffers: shared hit=95277 read=3639870
                           ->  Hash Join  (cost=16952.58..5932288.92 rows=284844 width=54) (actual time=128.446..48498.666 rows=142144 loops=1)
                                 Hash Cond: (catalog_sales.cs_item_sk = item.i_item_sk)
                                 Buffers: shared hit=88866 read=3639870
                                 ->  Seq Scan on catalog_sales  (cost=0.00..5874397.76 rows=15595328 width=41) (actual time=0.050..46434.597 rows=15696054 loops=1)
                                       Filter: ((cs_wholesale_cost >= '27'::numeric) AND (cs_wholesale_cost <= '32'::numeric))
                                       Rows Removed by Filter: 128296245
                                       Buffers: shared hit=88144 read=3626236
                                 ->  Hash  (cost=16906.00..16906.00 rows=3726 width=21) (actual time=127.853..127.854 rows=3713 loops=1)
                                       Buckets: 4096  Batches: 1  Memory Usage: 236kB
                                       Buffers: shared hit=722 read=13634
                                       ->  Seq Scan on item  (cost=0.00..16906.00 rows=3726 width=21) (actual time=0.234..126.810 rows=3713 loops=1)
                                             Filter: (i_category = 'Music'::bpchar)
                                             Rows Removed by Filter: 200287
                                             Buffers: shared hit=722 read=13634
                           ->  Memoize  (cost=0.30..7.22 rows=1 width=4) (actual time=0.000..0.000 rows=0 loops=142144)
                                 Cache Key: catalog_sales.cs_sold_date_sk
                                 Cache Mode: logical
                                 Hits: 140006  Misses: 2138  Evictions: 0  Overflows: 0  Memory Usage: 155kB
                                 Buffers: shared hit=6411
                                 ->  Index Scan using date_dim_pkey on date_dim  (cost=0.29..7.21 rows=1 width=4) (actual time=0.013..0.013 rows=0 loops=2138)
                                       Index Cond: (d_date_sk = catalog_sales.cs_sold_date_sk)
                                       Filter: (d_year = 1999)
                                       Rows Removed by Filter: 1
                                       Buffers: shared hit=6411
                     ->  Index Scan using customer_demographics_pkey on customer_demographics  (cost=0.43..7.36 rows=1 width=8) (actual time=0.012..0.012 rows=0 loops=18622)
                           Index Cond: (cd_demo_sk = catalog_sales.cs_bill_cdemo_sk)
                           Filter: ((cd_gender = 'F'::bpchar) AND (cd_education_status = 'Secondary'::bpchar))
                           Rows Removed by Filter: 1
                           Buffers: shared hit=73192 read=1188
               ->  Index Scan using customer_pkey on customer  (cost=0.43..7.35 rows=1 width=12) (actual time=0.017..0.017 rows=0 loops=340)
                     Index Cond: (c_customer_sk = catalog_sales.cs_bill_customer_sk)
                     Filter: (c_birth_month = 1)
                     Rows Removed by Filter: 1
                     Buffers: shared hit=1006 read=350
         ->  Index Scan using customer_address_pkey on customer_address  (cost=0.42..7.36 rows=1 width=35) (actual time=0.019..0.019 rows=0 loops=39)
               Index Cond: (ca_address_sk = customer.c_current_addr_sk)
               Filter: (ca_state = ANY ('{CO,NC,TN}'::bpchar[]))
               Rows Removed by Filter: 1
               Buffers: shared hit=81 read=75
 Planning:
   Buffers: shared hit=454
 Planning Time: 4.441 ms
 Execution Time: 48821.371 ms
(53 rows)

