                                                                                  QUERY PLAN                                                                                  
------------------------------------------------------------------------------------------------------------------------------------------------------------------------------
 Aggregate  (cost=5943424.69..5943424.70 rows=1 width=268) (actual time=45089.504..45089.509 rows=1 loops=1)
   Buffers: shared hit=193725 read=3638206
   ->  Nested Loop  (cost=17019.78..5943424.66 rows=1 width=81) (actual time=135.536..45089.259 rows=39 loops=1)
         Buffers: shared hit=193725 read=3638206
         ->  Nested Loop  (cost=17019.36..5943299.64 rows=17 width=54) (actual time=132.178..45077.276 rows=696 loops=1)
               Buffers: shared hit=192294 read=3636853
               ->  Nested Loop  (cost=17018.93..5942534.79 rows=104 width=50) (actual time=130.545..45017.056 rows=3953 loops=1)
                     Buffers: shared hit=181029 read=3632314
                     ->  Nested Loop  (cost=17018.50..5931751.07 rows=1466 width=50) (actual time=128.376..44784.772 rows=19574 loops=1)
                           Buffers: shared hit=104163 read=3630984
                           ->  Hash Join  (cost=17018.20..5909069.07 rows=295894 width=54) (actual time=128.343..44697.136 rows=147261 loops=1)
                                 Hash Cond: (catalog_sales.cs_item_sk = item.i_item_sk)
                                 Buffers: shared hit=97752 read=3630984
                                 ->  Seq Scan on catalog_sales  (cost=0.00..5874397.76 rows=6724855 width=41) (actual time=0.068..43428.276 rows=6763882 loops=1)
                                       Filter: ((cs_wholesale_cost >= '70'::numeric) AND (cs_wholesale_cost <= '75'::numeric))
                                       Rows Removed by Filter: 137228417
                                       Buffers: shared hit=83396 read=3630984
                                 ->  Hash  (cost=16906.00..16906.00 rows=8976 width=21) (actual time=127.990..127.991 rows=8826 loops=1)
                                       Buckets: 16384  Batches: 1  Memory Usage: 611kB
                                       Buffers: shared hit=14356
                                       ->  Seq Scan on item  (cost=0.00..16906.00 rows=8976 width=21) (actual time=0.031..125.585 rows=8826 loops=1)
                                             Filter: (i_category = 'Jewelry'::bpchar)
                                             Rows Removed by Filter: 195174
                                             Buffers: shared hit=14356
                           ->  Memoize  (cost=0.30..7.22 rows=1 width=4) (actual time=0.000..0.000 rows=0 loops=147261)
                                 Cache Key: catalog_sales.cs_sold_date_sk
                                 Cache Mode: logical
                                 Hits: 145123  Misses: 2138  Evictions: 0  Overflows: 0  Memory Usage: 155kB
                                 Buffers: shared hit=6411
                                 ->  Index Scan using date_dim_pkey on date_dim  (cost=0.29..7.21 rows=1 width=4) (actual time=0.013..0.013 rows=0 loops=2138)
                                       Index Cond: (d_date_sk = catalog_sales.cs_sold_date_sk)
                                       Filter: (d_year = 1998)
                                       Rows Removed by Filter: 1
                                       Buffers: shared hit=6411
                     ->  Index Scan using customer_demographics_pkey on customer_demographics  (cost=0.43..7.36 rows=1 width=8) (actual time=0.012..0.012 rows=0 loops=19574)
                           Index Cond: (cd_demo_sk = catalog_sales.cs_bill_cdemo_sk)
                           Filter: ((cd_gender = 'M'::bpchar) AND (cd_education_status = '2 yr Degree'::bpchar))
                           Rows Removed by Filter: 1
                           Buffers: shared hit=76866 read=1330
               ->  Index Scan using customer_pkey on customer  (cost=0.43..7.35 rows=1 width=12) (actual time=0.015..0.015 rows=0 loops=3953)
                     Index Cond: (c_customer_sk = catalog_sales.cs_bill_customer_sk)
                     Filter: (c_birth_month = 4)
                     Rows Removed by Filter: 1
                     Buffers: shared hit=11265 read=4539
         ->  Index Scan using customer_address_pkey on customer_address  (cost=0.42..7.35 rows=1 width=35) (actual time=0.017..0.017 rows=0 loops=696)
               Index Cond: (ca_address_sk = customer.c_current_addr_sk)
               Filter: (ca_state = ANY ('{AR,MI,TN}'::bpchar[]))
               Rows Removed by Filter: 1
               Buffers: shared hit=1431 read=1353
 Planning:
   Buffers: shared hit=454
 Planning Time: 5.104 ms
 Execution Time: 45090.162 ms
(53 rows)

