                                                                               QUERY PLAN                                                                               
------------------------------------------------------------------------------------------------------------------------------------------------------------------------
 Aggregate  (cost=6030152.61..6030152.62 rows=1 width=268) (actual time=53491.621..53491.626 rows=1 loops=1)
   Buffers: shared hit=884992 read=3840755
   ->  Nested Loop  (cost=17119.15..6030152.55 rows=2 width=81) (actual time=9625.087..53491.548 rows=10 loops=1)
         Buffers: shared hit=884992 read=3840755
         ->  Nested Loop  (cost=17118.72..6029961.19 rows=26 width=54) (actual time=6772.304..53485.610 rows=237 loops=1)
               Buffers: shared hit=884502 read=3840297
               ->  Nested Loop  (cost=17118.29..6027239.55 rows=370 width=54) (actual time=6747.634..53298.212 rows=13240 loops=1)
                     Buffers: shared hit=833381 read=3838490
                     ->  Nested Loop  (cost=17117.87..5980085.29 rows=6412 width=50) (actual time=6746.983..50155.623 rows=234493 loops=1)
                           Buffers: shared hit=30833 read=3704314
                           ->  Hash Join  (cost=17117.56..5932453.90 rows=1293877 width=54) (actual time=113.736..49404.990 rows=2695079 loops=1)
                                 Hash Cond: (catalog_sales.cs_item_sk = item.i_item_sk)
                                 Buffers: shared hit=24422 read=3704314
                                 ->  Seq Scan on catalog_sales  (cost=0.00..5874397.76 rows=15595328 width=41) (actual time=0.049..46450.539 rows=15696054 loops=1)
                                       Filter: ((cs_wholesale_cost >= '23'::numeric) AND (cs_wholesale_cost <= '28'::numeric))
                                       Rows Removed by Filter: 128296245
                                       Buffers: shared hit=10066 read=3704314
                                 ->  Hash  (cost=16906.00..16906.00 rows=16925 width=21) (actual time=113.408..113.409 rows=17141 loops=1)
                                       Buckets: 32768  Batches: 1  Memory Usage: 1194kB
                                       Buffers: shared hit=14356
                                       ->  Seq Scan on item  (cost=0.00..16906.00 rows=16925 width=21) (actual time=0.028..109.755 rows=17141 loops=1)
                                             Filter: (i_category = 'Home'::bpchar)
                                             Rows Removed by Filter: 186859
                                             Buffers: shared hit=14356
                           ->  Memoize  (cost=0.30..7.22 rows=1 width=4) (actual time=0.000..0.000 rows=0 loops=2695079)
                                 Cache Key: catalog_sales.cs_sold_date_sk
                                 Cache Mode: logical
                                 Hits: 2692941  Misses: 2138  Evictions: 0  Overflows: 0  Memory Usage: 155kB
                                 Buffers: shared hit=6411
                                 ->  Index Scan using date_dim_pkey on date_dim  (cost=0.29..7.21 rows=1 width=4) (actual time=0.013..0.013 rows=0 loops=2138)
                                       Index Cond: (d_date_sk = catalog_sales.cs_sold_date_sk)
                                       Filter: (d_year = 1999)
                                       Rows Removed by Filter: 1
                                       Buffers: shared hit=6411
                     ->  Index Scan using customer_pkey on customer  (cost=0.43..7.35 rows=1 width=12) (actual time=0.013..0.013 rows=0 loops=234493)
                           Index Cond: (c_customer_sk = catalog_sales.cs_bill_customer_sk)
                           Filter: (c_birth_month = 3)
                           Rows Removed by Filter: 1
                           Buffers: shared hit=802548 read=134176
               ->  Index Scan using customer_demographics_pkey on customer_demographics  (cost=0.43..7.36 rows=1 width=8) (actual time=0.014..0.014 rows=0 loops=13240)
                     Index Cond: (cd_demo_sk = catalog_sales.cs_bill_cdemo_sk)
                     Filter: ((cd_gender = 'F'::bpchar) AND (cd_education_status = 'Primary'::bpchar))
                     Rows Removed by Filter: 1
                     Buffers: shared hit=51121 read=1807
         ->  Index Scan using customer_address_pkey on customer_address  (cost=0.42..7.36 rows=1 width=35) (actual time=0.024..0.024 rows=0 loops=237)
               Index Cond: (ca_address_sk = customer.c_current_addr_sk)
               Filter: (ca_state = ANY ('{IL,MO,OK}'::bpchar[]))
               Rows Removed by Filter: 1
               Buffers: shared hit=490 read=458
 Planning:
   Buffers: shared hit=454
 Planning Time: 4.417 ms
 Execution Time: 53492.255 ms
(53 rows)

