                                                                              QUERY PLAN                                                                               
-----------------------------------------------------------------------------------------------------------------------------------------------------------------------
 Aggregate  (cost=6052639.27..6052639.28 rows=1 width=268) (actual time=54984.108..54984.112 rows=1 loops=1)
   Buffers: shared hit=1136383 read=3799724
   ->  Nested Loop  (cost=17220.72..6052639.24 rows=1 width=81) (actual time=6905.019..54984.026 rows=13 loops=1)
         Buffers: shared hit=1136383 read=3799724
         ->  Nested Loop  (cost=17220.30..6052499.27 rows=19 width=54) (actual time=6787.219..54976.794 rows=316 loops=1)
               Buffers: shared hit=1135707 read=3799136
               ->  Nested Loop  (cost=17219.87..6050476.42 rows=275 width=54) (actual time=6747.226..54820.129 rows=9533 loops=1)
                     Buffers: shared hit=1101186 read=3795549
                     ->  Nested Loop  (cost=17219.44..5987297.52 rows=8591 width=50) (actual time=6741.970..50578.110 rows=290742 loops=1)
                           Buffers: shared hit=6411 read=3728736
                           ->  Hash Join  (cost=17219.14..5928674.57 rows=1733543 width=54) (actual time=131.866..49866.947 rows=2531438 loops=1)
                                 Hash Cond: (catalog_sales.cs_item_sk = item.i_item_sk)
                                 Buffers: shared read=3728736
                                 ->  Seq Scan on catalog_sales  (cost=0.00..5874397.76 rows=14116916 width=41) (actual time=0.044..46925.864 rows=14129630 loops=1)
                                       Filter: ((cs_wholesale_cost >= '16'::numeric) AND (cs_wholesale_cost <= '21'::numeric))
                                       Rows Removed by Filter: 129862669
                                       Buffers: shared read=3714380
                                 ->  Hash  (cost=16906.00..16906.00 rows=25051 width=21) (actual time=131.571..131.572 rows=24688 loops=1)
                                       Buckets: 32768  Batches: 1  Memory Usage: 1607kB
                                       Buffers: shared read=14356
                                       ->  Seq Scan on item  (cost=0.00..16906.00 rows=25051 width=21) (actual time=0.025..125.677 rows=24688 loops=1)
                                             Filter: (i_category = 'Books'::bpchar)
                                             Rows Removed by Filter: 179312
                                             Buffers: shared read=14356
                           ->  Memoize  (cost=0.30..7.22 rows=1 width=4) (actual time=0.000..0.000 rows=0 loops=2531438)
                                 Cache Key: catalog_sales.cs_sold_date_sk
                                 Cache Mode: logical
                                 Hits: 2529300  Misses: 2138  Evictions: 0  Overflows: 0  Memory Usage: 155kB
                                 Buffers: shared hit=6411
                                 ->  Index Scan using date_dim_pkey on date_dim  (cost=0.29..7.21 rows=1 width=4) (actual time=0.013..0.013 rows=0 loops=2138)
                                       Index Cond: (d_date_sk = catalog_sales.cs_sold_date_sk)
                                       Filter: (d_year = 1999)
                                       Rows Removed by Filter: 1
                                       Buffers: shared hit=6411
                     ->  Index Scan using customer_pkey on customer  (cost=0.43..7.35 rows=1 width=12) (actual time=0.014..0.014 rows=0 loops=290742)
                           Index Cond: (c_customer_sk = catalog_sales.cs_bill_customer_sk)
                           Filter: (c_birth_month = 6)
                           Rows Removed by Filter: 1
                           Buffers: shared hit=1094775 read=66813
               ->  Index Scan using customer_demographics_pkey on customer_demographics  (cost=0.43..7.36 rows=1 width=8) (actual time=0.016..0.016 rows=0 loops=9533)
                     Index Cond: (cd_demo_sk = catalog_sales.cs_bill_cdemo_sk)
                     Filter: ((cd_gender = 'F'::bpchar) AND (cd_education_status = 'Advanced Degree'::bpchar))
                     Rows Removed by Filter: 1
                     Buffers: shared hit=34521 read=3587
         ->  Index Scan using customer_address_pkey on customer_address  (cost=0.42..7.37 rows=1 width=35) (actual time=0.022..0.022 rows=0 loops=316)
               Index Cond: (ca_address_sk = customer.c_current_addr_sk)
               Filter: (ca_state = ANY ('{AL,TN,WI}'::bpchar[]))
               Rows Removed by Filter: 1
               Buffers: shared hit=676 read=588
 Planning:
   Buffers: shared hit=405 read=49
 Planning Time: 4.763 ms
 Execution Time: 54984.594 ms
(53 rows)

