                                                                              QUERY PLAN                                                                              
----------------------------------------------------------------------------------------------------------------------------------------------------------------------
 Aggregate  (cost=5928316.94..5928316.95 rows=1 width=268) (actual time=45742.135..45742.140 rows=1 loops=1)
   Buffers: shared hit=151532 read=3660775
   ->  Nested Loop  (cost=17073.85..5928316.92 rows=1 width=81) (actual time=27073.832..45742.129 rows=1 loops=1)
         Buffers: shared hit=151532 read=3660775
         ->  Nested Loop  (cost=17073.42..5928287.47 rows=4 width=54) (actual time=19261.947..45740.998 rows=52 loops=1)
               Buffers: shared hit=151427 read=3660672
               ->  Nested Loop  (cost=17072.99..5927919.67 rows=50 width=54) (actual time=19218.295..45728.874 rows=847 loops=1)
                     Buffers: shared hit=148465 read=3660246
                     ->  Nested Loop  (cost=17072.57..5920337.00 rows=1031 width=50) (actual time=19217.128..45492.118 rows=18425 loops=1)
                           Buffers: shared hit=79031 read=3656116
                           ->  Hash Join  (cost=17072.26..5899849.27 rows=208123 width=54) (actual time=111.587..45417.178 rows=110078 loops=1)
                                 Hash Cond: (catalog_sales.cs_item_sk = item.i_item_sk)
                                 Buffers: shared hit=72620 read=3656116
                                 ->  Seq Scan on catalog_sales  (cost=0.00..5874397.76 rows=3192026 width=41) (actual time=0.039..44610.147 rows=3238451 loops=1)
                                       Filter: ((cs_wholesale_cost >= '30'::numeric) AND (cs_wholesale_cost <= '35'::numeric))
                                       Rows Removed by Filter: 140753848
                                       Buffers: shared hit=58264 read=3656116
                                 ->  Hash  (cost=16906.00..16906.00 rows=13301 width=21) (actual time=111.054..111.055 rows=13933 loops=1)
                                       Buckets: 16384  Batches: 1  Memory Usage: 890kB
                                       Buffers: shared hit=14356
                                       ->  Seq Scan on item  (cost=0.00..16906.00 rows=13301 width=21) (actual time=0.013..108.108 rows=13933 loops=1)
                                             Filter: (i_category = 'Men'::bpchar)
                                             Rows Removed by Filter: 190067
                                             Buffers: shared hit=14356
                           ->  Memoize  (cost=0.30..7.22 rows=1 width=4) (actual time=0.000..0.000 rows=0 loops=110078)
                                 Cache Key: catalog_sales.cs_sold_date_sk
                                 Cache Mode: logical
                                 Hits: 107940  Misses: 2138  Evictions: 0  Overflows: 0  Memory Usage: 155kB
                                 Buffers: shared hit=6411
                                 ->  Index Scan using date_dim_pkey on date_dim  (cost=0.29..7.21 rows=1 width=4) (actual time=0.012..0.012 rows=0 loops=2138)
                                       Index Cond: (d_date_sk = catalog_sales.cs_sold_date_sk)
                                       Filter: (d_year = 2001)
                                       Rows Removed by Filter: 1
                                       Buffers: shared hit=6411
                     ->  Index Scan using customer_pkey on customer  (cost=0.43..7.35 rows=1 width=12) (actual time=0.013..0.013 rows=0 loops=18425)
                           Index Cond: (c_customer_sk = catalog_sales.cs_bill_customer_sk)
                           Filter: (c_birth_month = 7)
                           Rows Removed by Filter: 1
                           Buffers: shared hit=69434 read=4130
               ->  Index Scan using customer_demographics_pkey on customer_demographics  (cost=0.43..7.36 rows=1 width=8) (actual time=0.014..0.014 rows=0 loops=847)
                     Index Cond: (cd_demo_sk = catalog_sales.cs_bill_cdemo_sk)
                     Filter: ((cd_gender = 'F'::bpchar) AND (cd_education_status = 'College'::bpchar))
                     Rows Removed by Filter: 1
                     Buffers: shared hit=2962 read=426
         ->  Index Scan using customer_address_pkey on customer_address  (cost=0.42..7.36 rows=1 width=35) (actual time=0.020..0.020 rows=0 loops=52)
               Index Cond: (ca_address_sk = customer.c_current_addr_sk)
               Filter: (ca_state = ANY ('{MS,TN,VA}'::bpchar[]))
               Rows Removed by Filter: 1
               Buffers: shared hit=105 read=103
 Planning:
   Buffers: shared hit=454
 Planning Time: 4.354 ms
 Execution Time: 45742.664 ms
(53 rows)

