                                                                              QUERY PLAN                                                                               
-----------------------------------------------------------------------------------------------------------------------------------------------------------------------
 Aggregate  (cost=5999309.53..5999309.54 rows=1 width=268) (actual time=46823.974..46823.979 rows=1 loops=1)
   Buffers: shared hit=683244 read=3701483
   ->  Nested Loop  (cost=17242.40..5999309.51 rows=1 width=81) (actual time=27094.694..46823.803 rows=24 loops=1)
         Buffers: shared hit=683244 read=3701483
         ->  Nested Loop  (cost=17241.97..5999221.10 rows=12 width=54) (actual time=27060.060..46817.977 rows=305 loops=1)
               Buffers: shared hit=682607 read=3700900
               ->  Nested Loop  (cost=17241.54..5997919.12 rows=177 width=54) (actual time=27030.072..46748.891 rows=5251 loops=1)
                     Buffers: shared hit=664459 read=3698052
                     ->  Nested Loop  (cost=17241.12..5957198.94 rows=5537 width=50) (actual time=27029.466..45166.289 rows=157046 loops=1)
                           Buffers: shared hit=81606 read=3653541
                           ->  Hash Join  (cost=17240.81..5913979.02 rows=1117416 width=54) (actual time=114.981..44889.589 rows=805758 loops=1)
                                 Hash Cond: (catalog_sales.cs_item_sk = item.i_item_sk)
                                 Buffers: shared hit=75195 read=3653541
                                 ->  Seq Scan on catalog_sales  (cost=0.00..5874397.76 rows=8510470 width=41) (actual time=0.063..43005.600 rows=8494738 loops=1)
                                       Filter: ((cs_wholesale_cost >= '66'::numeric) AND (cs_wholesale_cost <= '71'::numeric))
                                       Rows Removed by Filter: 135497561
                                       Buffers: shared hit=60839 read=3653541
                                 ->  Hash  (cost=16906.00..16906.00 rows=26785 width=21) (actual time=114.553..114.554 rows=26695 loops=1)
                                       Buckets: 32768  Batches: 1  Memory Usage: 1716kB
                                       Buffers: shared hit=14356
                                       ->  Seq Scan on item  (cost=0.00..16906.00 rows=26785 width=21) (actual time=0.017..109.288 rows=26695 loops=1)
                                             Filter: (i_category = 'Children'::bpchar)
                                             Rows Removed by Filter: 177305
                                             Buffers: shared hit=14356
                           ->  Memoize  (cost=0.30..7.22 rows=1 width=4) (actual time=0.000..0.000 rows=0 loops=805758)
                                 Cache Key: catalog_sales.cs_sold_date_sk
                                 Cache Mode: logical
                                 Hits: 803620  Misses: 2138  Evictions: 0  Overflows: 0  Memory Usage: 155kB
                                 Buffers: shared hit=6411
                                 ->  Index Scan using date_dim_pkey on date_dim  (cost=0.29..7.21 rows=1 width=4) (actual time=0.017..0.017 rows=0 loops=2138)
                                       Index Cond: (d_date_sk = catalog_sales.cs_sold_date_sk)
                                       Filter: (d_year = 2002)
                                       Rows Removed by Filter: 1
                                       Buffers: shared hit=6411
                     ->  Index Scan using customer_pkey on customer  (cost=0.43..7.35 rows=1 width=12) (actual time=0.010..0.010 rows=0 loops=157046)
                           Index Cond: (c_customer_sk = catalog_sales.cs_bill_customer_sk)
                           Filter: (c_birth_month = 6)
                           Rows Removed by Filter: 1
                           Buffers: shared hit=582853 read=44511
               ->  Index Scan using customer_demographics_pkey on customer_demographics  (cost=0.43..7.36 rows=1 width=8) (actual time=0.013..0.013 rows=0 loops=5251)
                     Index Cond: (cd_demo_sk = catalog_sales.cs_bill_cdemo_sk)
                     Filter: ((cd_gender = 'M'::bpchar) AND (cd_education_status = 'Advanced Degree'::bpchar))
                     Rows Removed by Filter: 1
                     Buffers: shared hit=18148 read=2848
         ->  Index Scan using customer_address_pkey on customer_address  (cost=0.42..7.37 rows=1 width=35) (actual time=0.018..0.018 rows=0 loops=305)
               Index Cond: (ca_address_sk = customer.c_current_addr_sk)
               Filter: (ca_state = ANY ('{KY,NY,PA}'::bpchar[]))
               Rows Removed by Filter: 1
               Buffers: shared hit=637 read=583
 Planning:
   Buffers: shared hit=454
 Planning Time: 4.449 ms
 Execution Time: 46824.616 ms
(53 rows)

