                                                                              QUERY PLAN                                                                               
-----------------------------------------------------------------------------------------------------------------------------------------------------------------------
 Aggregate  (cost=6039985.91..6039985.92 rows=1 width=268) (actual time=56779.942..56779.947 rows=1 loops=1)
   Buffers: shared hit=1955508 read=3736290
   ->  Nested Loop  (cost=19829.07..6039985.86 rows=2 width=81) (actual time=19979.520..56779.462 rows=71 loops=1)
         Buffers: shared hit=1955508 read=3736290
         ->  Nested Loop  (cost=19828.64..6039882.42 rows=14 width=54) (actual time=19921.315..56744.918 rows=1418 loops=1)
               Buffers: shared hit=1952325 read=3733801
               ->  Nested Loop  (cost=19828.22..6038425.97 rows=198 width=54) (actual time=19881.842..56613.905 rows=6879 loops=1)
                     Buffers: shared hit=1929262 read=3729356
                     ->  Hash Join  (cost=19827.79..5931468.23 rows=14544 width=50) (actual time=19881.023..48672.798 rows=482666 loops=1)
                           Hash Cond: (catalog_sales.cs_item_sk = item.i_item_sk)
                           Buffers: shared hit=57750 read=3672460
                           ->  Hash Join  (cost=2391.64..5913848.44 rows=69957 width=37) (actual time=19762.674..48064.035 rows=2372446 loops=1)
                                 Hash Cond: (catalog_sales.cs_sold_date_sk = date_dim.d_date_sk)
                                 Buffers: shared hit=47705 read=3668149
                                 ->  Seq Scan on catalog_sales  (cost=0.00..5874397.76 rows=14116916 width=41) (actual time=0.040..46482.727 rows=14129630 loops=1)
                                       Filter: ((cs_wholesale_cost >= '15'::numeric) AND (cs_wholesale_cost <= '20'::numeric))
                                       Rows Removed by Filter: 129862669
                                       Buffers: shared hit=47663 read=3666717
                                 ->  Hash  (cost=2387.11..2387.11 rows=362 width=4) (actual time=22.691..22.692 rows=365 loops=1)
                                       Buckets: 1024  Batches: 1  Memory Usage: 21kB
                                       Buffers: shared hit=42 read=1432
                                       ->  Seq Scan on date_dim  (cost=0.00..2387.11 rows=362 width=4) (actual time=13.718..22.622 rows=365 loops=1)
                                             Filter: (d_year = 2001)
                                             Rows Removed by Filter: 72684
                                             Buffers: shared hit=42 read=1432
                           ->  Hash  (cost=16906.00..16906.00 rows=42412 width=21) (actual time=118.091..118.092 rows=42041 loops=1)
                                 Buckets: 65536  Batches: 1  Memory Usage: 2812kB
                                 Buffers: shared hit=10045 read=4311
                                 ->  Seq Scan on item  (cost=0.00..16906.00 rows=42412 width=21) (actual time=0.018..108.834 rows=42041 loops=1)
                                       Filter: (i_category = 'Electronics'::bpchar)
                                       Rows Removed by Filter: 161959
                                       Buffers: shared hit=10045 read=4311
                     ->  Index Scan using customer_pkey on customer  (cost=0.43..7.35 rows=1 width=12) (actual time=0.016..0.016 rows=0 loops=482666)
                           Index Cond: (c_customer_sk = catalog_sales.cs_bill_customer_sk)
                           Filter: (c_birth_month = 5)
                           Rows Removed by Filter: 1
                           Buffers: shared hit=1871512 read=56896
               ->  Index Scan using customer_demographics_pkey on customer_demographics  (cost=0.43..7.36 rows=1 width=8) (actual time=0.019..0.019 rows=0 loops=6879)
                     Index Cond: (cd_demo_sk = catalog_sales.cs_bill_cdemo_sk)
                     Filter: ((cd_gender = 'M'::bpchar) AND (cd_education_status = '2 yr Degree'::bpchar))
                     Rows Removed by Filter: 1
                     Buffers: shared hit=23063 read=4445
         ->  Index Scan using customer_address_pkey on customer_address  (cost=0.42..7.39 rows=1 width=35) (actual time=0.023..0.023 rows=0 loops=1418)
               Index Cond: (ca_address_sk = customer.c_current_addr_sk)
               Filter: (ca_state = ANY ('{GA,TN,VA}'::bpchar[]))
               Rows Removed by Filter: 1
               Buffers: shared hit=3183 read=2489
 Planning:
   Buffers: shared hit=454
 Planning Time: 4.217 ms
 Execution Time: 56780.402 ms
(51 rows)

