                                                                            QUERY PLAN                                                                            
------------------------------------------------------------------------------------------------------------------------------------------------------------------
 Aggregate  (cost=5992457.93..5992457.94 rows=1 width=268) (actual time=45316.592..45316.597 rows=1 loops=1)
   Buffers: shared hit=779650 read=3760265
   ->  Nested Loop  (cost=17437.73..5992457.87 rows=2 width=81) (actual time=18666.082..45316.424 rows=23 loops=1)
         Buffers: shared hit=779650 read=3760265
         ->  Nested Loop  (cost=17437.31..5992281.33 rows=24 width=81) (actual time=18502.759..45303.375 rows=883 loops=1)
               Buffers: shared hit=776170 read=3760221
               ->  Nested Loop  (cost=17436.88..5989463.01 rows=383 width=54) (actual time=18498.909..45089.497 rows=13082 loops=1)
                     Buffers: shared hit=743444 read=3740619
                     ->  Nested Loop  (cost=17436.45..5948947.82 rows=5509 width=50) (actual time=18498.669..42803.901 rows=187458 loops=1)
                           Buffers: shared hit=11139 read=3724008
                           ->  Hash Join  (cost=17436.15..5905870.71 rows=1111703 width=54) (actual time=141.553..42442.725 rows=1188852 loops=1)
                                 Hash Cond: (catalog_sales.cs_item_sk = item.i_item_sk)
                                 Buffers: shared hit=5052 read=3723684
                                 ->  Seq Scan on catalog_sales  (cost=0.00..5874397.76 rows=5347244 width=41) (actual time=0.043..40962.787 rows=5484290 loops=1)
                                       Filter: ((cs_wholesale_cost >= '100'::numeric) AND (cs_wholesale_cost <= '105'::numeric))
                                       Rows Removed by Filter: 138508009
                                       Buffers: shared hit=5045 read=3709335
                                 ->  Hash  (cost=16906.00..16906.00 rows=42412 width=21) (actual time=141.117..141.117 rows=42041 loops=1)
                                       Buckets: 65536  Batches: 1  Memory Usage: 2812kB
                                       Buffers: shared hit=7 read=14349
                                       ->  Seq Scan on item  (cost=0.00..16906.00 rows=42412 width=21) (actual time=0.023..131.534 rows=42041 loops=1)
                                             Filter: (i_category = 'Electronics'::bpchar)
                                             Rows Removed by Filter: 161959
                                             Buffers: shared hit=7 read=14349
                           ->  Memoize  (cost=0.30..7.22 rows=1 width=4) (actual time=0.000..0.000 rows=0 loops=1188852)
                                 Cache Key: catalog_sales.cs_sold_date_sk
                                 Cache Mode: logical
                                 Hits: 1186714  Misses: 2138  Evictions: 0  Overflows: 0  Memory Usage: 155kB
                                 Buffers: shared hit=6087 read=324
                                 ->  Index Scan using date_dim_pkey on date_dim  (cost=0.29..7.21 rows=1 width=4) (actual time=0.013..0.013 rows=0 loops=2138)
                                       Index Cond: (d_date_sk = catalog_sales.cs_sold_date_sk)
                                       Filter: (d_year = 2001)
                                       Rows Removed by Filter: 1
                                       Buffers: shared hit=6087 read=324
                     ->  Index Scan using customer_pkey on customer  (cost=0.43..7.35 rows=1 width=12) (actual time=0.012..0.012 rows=0 loops=187458)
                           Index Cond: (c_customer_sk = catalog_sales.cs_bill_customer_sk)
                           Filter: (c_birth_month = 12)
                           Rows Removed by Filter: 1
                           Buffers: shared hit=732305 read=16611
               ->  Index Scan using customer_address_pkey on customer_address  (cost=0.42..7.36 rows=1 width=35) (actual time=0.016..0.016 rows=0 loops=13082)
                     Index Cond: (ca_address_sk = customer.c_current_addr_sk)
                     Filter: (ca_state = ANY ('{CA,CO,SD}'::bpchar[]))
                     Rows Removed by Filter: 1
                     Buffers: shared hit=32726 read=19602
         ->  Index Scan using customer_demographics_pkey on customer_demographics  (cost=0.43..7.36 rows=1 width=8) (actual time=0.014..0.014 rows=0 loops=883)
               Index Cond: (cd_demo_sk = catalog_sales.cs_bill_cdemo_sk)
               Filter: ((cd_gender = 'M'::bpchar) AND (cd_education_status = 'Secondary'::bpchar))
               Rows Removed by Filter: 1
               Buffers: shared hit=3480 read=44
 Planning:
   Buffers: shared hit=406 read=48
 Planning Time: 4.961 ms
 Execution Time: 45317.085 ms
(53 rows)

