                                                                              QUERY PLAN                                                                              
----------------------------------------------------------------------------------------------------------------------------------------------------------------------
 Aggregate  (cost=5932596.42..5932596.43 rows=1 width=268) (actual time=42501.722..42501.728 rows=1 loops=1)
   Buffers: shared hit=119092 read=3673903
   ->  Nested Loop  (cost=17019.78..5932596.39 rows=1 width=81) (actual time=8455.326..42501.697 rows=3 loops=1)
         Buffers: shared hit=119092 read=3673903
         ->  Nested Loop  (cost=17019.36..5932581.66 rows=2 width=54) (actual time=6668.515..42501.408 rows=14 loops=1)
               Buffers: shared hit=119054 read=3673885
               ->  Nested Loop  (cost=17018.93..5932331.55 rows=34 width=54) (actual time=5953.923..42494.375 rows=467 loops=1)
                     Buffers: shared hit=117212 read=3673859
                     ->  Nested Loop  (cost=17018.50..5924616.77 rows=1049 width=50) (actual time=5949.962..42317.658 rows=14000 loops=1)
                           Buffers: shared hit=63671 read=3671476
                           ->  Hash Join  (cost=17018.20..5904041.53 rows=211624 width=54) (actual time=125.776..42242.318 rows=107397 loops=1)
                                 Hash Cond: (catalog_sales.cs_item_sk = item.i_item_sk)
                                 Buffers: shared hit=57312 read=3671424
                                 ->  Seq Scan on catalog_sales  (cost=0.00..5874397.76 rows=4809639 width=41) (actual time=0.046..41255.031 rows=4933013 loops=1)
                                       Filter: ((cs_wholesale_cost >= '91'::numeric) AND (cs_wholesale_cost <= '96'::numeric))
                                       Rows Removed by Filter: 139059286
                                       Buffers: shared hit=42956 read=3671424
                                 ->  Hash  (cost=16906.00..16906.00 rows=8976 width=21) (actual time=124.929..124.930 rows=8826 loops=1)
                                       Buckets: 16384  Batches: 1  Memory Usage: 611kB
                                       Buffers: shared hit=14356
                                       ->  Seq Scan on item  (cost=0.00..16906.00 rows=8976 width=21) (actual time=0.014..122.681 rows=8826 loops=1)
                                             Filter: (i_category = 'Jewelry'::bpchar)
                                             Rows Removed by Filter: 195174
                                             Buffers: shared hit=14356
                           ->  Memoize  (cost=0.30..7.22 rows=1 width=4) (actual time=0.000..0.000 rows=0 loops=107397)
                                 Cache Key: catalog_sales.cs_sold_date_sk
                                 Cache Mode: logical
                                 Hits: 105259  Misses: 2138  Evictions: 0  Overflows: 0  Memory Usage: 155kB
                                 Buffers: shared hit=6359 read=52
                                 ->  Index Scan using date_dim_pkey on date_dim  (cost=0.29..7.21 rows=1 width=4) (actual time=0.012..0.012 rows=0 loops=2138)
                                       Index Cond: (d_date_sk = catalog_sales.cs_sold_date_sk)
                                       Filter: (d_year = 1999)
                                       Rows Removed by Filter: 1
                                       Buffers: shared hit=6359 read=52
                     ->  Index Scan using customer_pkey on customer  (cost=0.43..7.35 rows=1 width=12) (actual time=0.012..0.012 rows=0 loops=14000)
                           Index Cond: (c_customer_sk = catalog_sales.cs_bill_customer_sk)
                           Filter: (c_birth_month = 6)
                           Rows Removed by Filter: 1
                           Buffers: shared hit=53541 read=2383
               ->  Index Scan using customer_demographics_pkey on customer_demographics  (cost=0.43..7.36 rows=1 width=8) (actual time=0.014..0.014 rows=0 loops=467)
                     Index Cond: (cd_demo_sk = catalog_sales.cs_bill_cdemo_sk)
                     Filter: ((cd_gender = 'F'::bpchar) AND (cd_education_status = 'Advanced Degree'::bpchar))
                     Rows Removed by Filter: 1
                     Buffers: shared hit=1842 read=26
         ->  Index Scan using customer_address_pkey on customer_address  (cost=0.42..7.37 rows=1 width=35) (actual time=0.019..0.019 rows=0 loops=14)
               Index Cond: (ca_address_sk = customer.c_current_addr_sk)
               Filter: (ca_state = ANY ('{ND,TN,TX}'::bpchar[]))
               Rows Removed by Filter: 1
               Buffers: shared hit=38 read=18
 Planning:
   Buffers: shared hit=454
 Planning Time: 3.834 ms
 Execution Time: 42502.251 ms
(53 rows)

