                                                                        QUERY PLAN                                                                        
----------------------------------------------------------------------------------------------------------------------------------------------------------
 Aggregate  (cost=5983955.32..5983955.33 rows=1 width=268) (actual time=44775.581..44775.584 rows=1 loops=1)
   Buffers: shared hit=46843 read=3667537
   ->  Nested Loop  (cost=0.43..5983955.30 rows=1 width=81) (actual time=44775.575..44775.578 rows=0 loops=1)
         Join Filter: (catalog_sales.cs_item_sk = item.i_item_sk)
         Buffers: shared hit=46843 read=3667537
         ->  Nested Loop  (cost=0.43..5966837.73 rows=1 width=68) (actual time=44775.575..44775.577 rows=0 loops=1)
               Join Filter: (date_dim.d_date_sk = catalog_sales.cs_sold_date_sk)
               Buffers: shared hit=46843 read=3667537
               ->  Nested Loop  (cost=0.43..5964446.10 rows=1 width=72) (actual time=44775.575..44775.576 rows=0 loops=1)
                     Join Filter: (customer_address.ca_address_sk = customer.c_current_addr_sk)
                     Buffers: shared hit=46843 read=3667537
                     ->  Nested Loop  (cost=0.43..5927345.60 rows=1 width=45) (actual time=44775.574..44775.576 rows=0 loops=1)
                           Buffers: shared hit=46843 read=3667537
                           ->  Nested Loop  (cost=0.00..5927337.15 rows=1 width=41) (actual time=44775.574..44775.574 rows=0 loops=1)
                                 Join Filter: (customer_demographics.cd_demo_sk = catalog_sales.cs_bill_cdemo_sk)
                                 Buffers: shared hit=46843 read=3667537
                                 ->  Seq Scan on catalog_sales  (cost=0.00..5874397.76 rows=1 width=41) (actual time=44775.573..44775.573 rows=0 loops=1)
                                       Filter: ((cs_wholesale_cost >= '22'::numeric) AND (cs_wholesale_cost <= '27'::numeric))
                                       Rows Removed by Filter: 143992299
                                       Buffers: shared hit=46843 read=3667537
                                 ->  Seq Scan on customer_demographics  (cost=0.00..51225.00 rows=137151 width=8) (never executed)
                                       Filter: ((cd_gender = 'M'::bpchar) AND (cd_education_status = 'Secondary'::bpchar))
                           ->  Index Scan using customer_pkey on customer  (cost=0.43..8.45 rows=1 width=12) (never executed)
                                 Index Cond: (c_customer_sk = catalog_sales.cs_bill_customer_sk)
                                 Filter: (c_birth_month = 1)
                     ->  Seq Scan on customer_address  (cost=0.00..36288.00 rows=65000 width=35) (never executed)
                           Filter: (ca_state = ANY ('{IA,NE,NV}'::bpchar[]))
               ->  Seq Scan on date_dim  (cost=0.00..2387.11 rows=362 width=4) (never executed)
                     Filter: (d_year = 1998)
         ->  Seq Scan on item  (cost=0.00..16906.00 rows=16925 width=21) (never executed)
               Filter: (i_category = 'Home'::bpchar)
 Planning:
   Buffers: shared hit=454
 Planning Time: 3.893 ms
 Execution Time: 44775.979 ms
(35 rows)

