                                                                              QUERY PLAN                                                                              
----------------------------------------------------------------------------------------------------------------------------------------------------------------------
 Aggregate  (cost=5978585.54..5978585.55 rows=1 width=268) (actual time=52061.860..52061.865 rows=1 loops=1)
   Buffers: shared hit=1333765 read=3813133
   ->  Nested Loop  (cost=2393.34..5978585.51 rows=1 width=81) (actual time=11833.577..52061.853 rows=1 loops=1)
         Buffers: shared hit=1333765 read=3813133
         ->  Nested Loop  (cost=2392.91..5978570.78 rows=2 width=54) (actual time=6008.779..52061.430 rows=21 loops=1)
               Buffers: shared hit=1333716 read=3813098
               ->  Nested Loop  (cost=2392.49..5978379.52 rows=26 width=54) (actual time=6008.744..52053.090 rows=389 loops=1)
                     Buffers: shared hit=1332202 read=3813056
                     ->  Nested Loop  (cost=2392.07..5975441.64 rows=400 width=41) (actual time=5973.213..51840.162 rows=11449 loops=1)
                           Buffers: shared hit=1293508 read=3805954
                           ->  Hash Join  (cost=2391.64..5883417.43 rows=12512 width=37) (actual time=5973.158..45885.610 rows=346303 loops=1)
                                 Hash Cond: (catalog_sales.cs_sold_date_sk = date_dim.d_date_sk)
                                 Buffers: shared hit=586 read=3715268
                                 ->  Seq Scan on catalog_sales  (cost=0.00..5874397.76 rows=2524821 width=41) (actual time=0.111..45476.431 rows=2625628 loops=1)
                                       Filter: ((cs_wholesale_cost >= '45'::numeric) AND (cs_wholesale_cost <= '50'::numeric))
                                       Rows Removed by Filter: 141366671
                                       Buffers: shared hit=545 read=3713835
                                 ->  Hash  (cost=2387.11..2387.11 rows=362 width=4) (actual time=30.365..30.365 rows=365 loops=1)
                                       Buckets: 1024  Batches: 1  Memory Usage: 21kB
                                       Buffers: shared hit=41 read=1433
                                       ->  Seq Scan on date_dim  (cost=0.00..2387.11 rows=362 width=4) (actual time=17.452..30.282 rows=365 loops=1)
                                             Filter: (d_year = 1999)
                                             Rows Removed by Filter: 72684
                                             Buffers: shared hit=41 read=1433
                           ->  Index Scan using customer_pkey on customer  (cost=0.43..7.35 rows=1 width=12) (actual time=0.017..0.017 rows=0 loops=346303)
                                 Index Cond: (c_customer_sk = catalog_sales.cs_bill_customer_sk)
                                 Filter: (c_birth_month = 6)
                                 Rows Removed by Filter: 1
                                 Buffers: shared hit=1292922 read=90686
                     ->  Index Scan using item_pkey on item  (cost=0.42..7.34 rows=1 width=21) (actual time=0.018..0.018 rows=0 loops=11449)
                           Index Cond: (i_item_sk = catalog_sales.cs_item_sk)
                           Filter: (i_category = 'Men'::bpchar)
                           Rows Removed by Filter: 1
                           Buffers: shared hit=38694 read=7102
               ->  Index Scan using customer_demographics_pkey on customer_demographics  (cost=0.43..7.36 rows=1 width=8) (actual time=0.020..0.020 rows=0 loops=389)
                     Index Cond: (cd_demo_sk = catalog_sales.cs_bill_cdemo_sk)
                     Filter: ((cd_gender = 'F'::bpchar) AND (cd_education_status = '2 yr Degree'::bpchar))
                     Rows Removed by Filter: 1
                     Buffers: shared hit=1514 read=42
         ->  Index Scan using customer_address_pkey on customer_address  (cost=0.42..7.37 rows=1 width=35) (actual time=0.019..0.019 rows=0 loops=21)
               Index Cond: (ca_address_sk = customer.c_current_addr_sk)
               Filter: (ca_state = ANY ('{AR,UT,VA}'::bpchar[]))
               Rows Removed by Filter: 1
               Buffers: shared hit=49 read=35
 Planning:
   Buffers: shared hit=454
 Planning Time: 5.233 ms
 Execution Time: 52062.250 ms
(48 rows)

