                                                                               QUERY PLAN                                                                               
------------------------------------------------------------------------------------------------------------------------------------------------------------------------
 Aggregate  (cost=6009559.59..6009559.60 rows=1 width=268) (actual time=48604.643..48604.647 rows=1 loops=1)
   Buffers: shared hit=1099342 read=3725717
   ->  Nested Loop  (cost=17437.73..6009559.53 rows=2 width=81) (actual time=27140.285..48604.239 rows=60 loops=1)
         Buffers: shared hit=1099342 read=3725717
         ->  Nested Loop  (cost=17437.31..6009324.06 rows=32 width=54) (actual time=26980.233..48582.692 rows=1118 loops=1)
               Buffers: shared hit=1097004 read=3723583
               ->  Nested Loop  (cost=17436.88..6005947.70 rows=459 width=54) (actual time=26954.839..48375.827 rows=17225 loops=1)
                     Buffers: shared hit=1031519 read=3720200
                     ->  Nested Loop  (cost=17436.45..5957321.15 rows=6612 width=50) (actual time=26953.585..45581.405 rows=254472 loops=1)
                           Buffers: shared hit=54747 read=3680400
                           ->  Hash Join  (cost=17436.15..5908680.59 rows=1334243 width=54) (actual time=140.092..45169.868 rows=1321668 loops=1)
                                 Hash Cond: (catalog_sales.cs_item_sk = item.i_item_sk)
                                 Buffers: shared hit=48337 read=3680399
                                 ->  Seq Scan on catalog_sales  (cost=0.00..5874397.76 rows=6417653 width=41) (actual time=0.068..43538.691 rows=6094526 loops=1)
                                       Filter: ((cs_wholesale_cost >= '60'::numeric) AND (cs_wholesale_cost <= '65'::numeric))
                                       Rows Removed by Filter: 137897773
                                       Buffers: shared hit=47654 read=3666726
                                 ->  Hash  (cost=16906.00..16906.00 rows=42412 width=21) (actual time=139.404..139.404 rows=42041 loops=1)
                                       Buckets: 65536  Batches: 1  Memory Usage: 2812kB
                                       Buffers: shared hit=683 read=13673
                                       ->  Seq Scan on item  (cost=0.00..16906.00 rows=42412 width=21) (actual time=0.031..129.914 rows=42041 loops=1)
                                             Filter: (i_category = 'Electronics'::bpchar)
                                             Rows Removed by Filter: 161959
                                             Buffers: shared hit=683 read=13673
                           ->  Memoize  (cost=0.30..7.22 rows=1 width=4) (actual time=0.000..0.000 rows=0 loops=1321668)
                                 Cache Key: catalog_sales.cs_sold_date_sk
                                 Cache Mode: logical
                                 Hits: 1319530  Misses: 2138  Evictions: 0  Overflows: 0  Memory Usage: 155kB
                                 Buffers: shared hit=6410 read=1
                                 ->  Index Scan using date_dim_pkey on date_dim  (cost=0.29..7.21 rows=1 width=4) (actual time=0.012..0.012 rows=0 loops=2138)
                                       Index Cond: (d_date_sk = catalog_sales.cs_sold_date_sk)
                                       Filter: (d_year = 2002)
                                       Rows Removed by Filter: 1
                                       Buffers: shared hit=6410 read=1
                     ->  Index Scan using customer_pkey on customer  (cost=0.43..7.35 rows=1 width=12) (actual time=0.011..0.011 rows=0 loops=254472)
                           Index Cond: (c_customer_sk = catalog_sales.cs_bill_customer_sk)
                           Filter: (c_birth_month = 12)
                           Rows Removed by Filter: 1
                           Buffers: shared hit=976772 read=39800
               ->  Index Scan using customer_demographics_pkey on customer_demographics  (cost=0.43..7.36 rows=1 width=8) (actual time=0.012..0.012 rows=0 loops=17225)
                     Index Cond: (cd_demo_sk = catalog_sales.cs_bill_cdemo_sk)
                     Filter: ((cd_gender = 'F'::bpchar) AND (cd_education_status = '2 yr Degree'::bpchar))
                     Rows Removed by Filter: 1
                     Buffers: shared hit=65485 read=3383
         ->  Index Scan using customer_address_pkey on customer_address  (cost=0.42..7.36 rows=1 width=35) (actual time=0.018..0.018 rows=0 loops=1118)
               Index Cond: (ca_address_sk = customer.c_current_addr_sk)
               Filter: (ca_state = ANY ('{MO,SD,WV}'::bpchar[]))
               Rows Removed by Filter: 1
               Buffers: shared hit=2338 read=2134
 Planning:
   Buffers: shared hit=409 read=45
 Planning Time: 5.005 ms
 Execution Time: 48605.294 ms
(53 rows)

