                                                                             QUERY PLAN                                                                             
--------------------------------------------------------------------------------------------------------------------------------------------------------------------
 Aggregate  (cost=6038698.91..6038698.92 rows=1 width=268) (actual time=49991.488..49991.493 rows=1 loops=1)
   Buffers: shared hit=673285 read=3694110
   ->  Nested Loop  (cost=17180.68..6038698.88 rows=1 width=81) (actual time=29191.866..49991.459 rows=4 loops=1)
         Buffers: shared hit=673285 read=3694110
         ->  Nested Loop  (cost=17180.26..6038581.18 rows=16 width=81) (actual time=29115.222..49987.677 rows=257 loops=1)
               Buffers: shared hit=672372 read=3693995
               ->  Nested Loop  (cost=17179.83..6036813.07 rows=240 width=54) (actual time=29052.247..49911.774 rows=5147 loops=1)
                     Buffers: shared hit=660598 read=3685181
                     ->  Nested Loop  (cost=17179.40..5981716.30 rows=7492 width=50) (actual time=29051.804..48386.928 rows=152860 loops=1)
                           Buffers: shared hit=68402 read=3666745
                           ->  Hash Join  (cost=17179.10..5928634.53 rows=1511894 width=54) (actual time=113.884..48005.061 rows=1213119 loops=1)
                                 Hash Cond: (catalog_sales.cs_item_sk = item.i_item_sk)
                                 Buffers: shared hit=61991 read=3666745
                                 ->  Seq Scan on catalog_sales  (cost=0.00..5874397.76 rows=14116916 width=41) (actual time=0.048..45371.542 rows=14129630 loops=1)
                                       Filter: ((cs_wholesale_cost >= '13'::numeric) AND (cs_wholesale_cost <= '18'::numeric))
                                       Rows Removed by Filter: 129862669
                                       Buffers: shared hit=47975 read=3666405
                                 ->  Hash  (cost=16906.00..16906.00 rows=21848 width=21) (actual time=113.463..113.464 rows=21811 loops=1)
                                       Buckets: 32768  Batches: 1  Memory Usage: 1449kB
                                       Buffers: shared hit=14016 read=340
                                       ->  Seq Scan on item  (cost=0.00..16906.00 rows=21848 width=21) (actual time=0.041..109.046 rows=21811 loops=1)
                                             Filter: (i_category = 'Sports'::bpchar)
                                             Rows Removed by Filter: 182189
                                             Buffers: shared hit=14016 read=340
                           ->  Memoize  (cost=0.30..7.22 rows=1 width=4) (actual time=0.000..0.000 rows=0 loops=1213119)
                                 Cache Key: catalog_sales.cs_sold_date_sk
                                 Cache Mode: logical
                                 Hits: 1210981  Misses: 2138  Evictions: 0  Overflows: 0  Memory Usage: 155kB
                                 Buffers: shared hit=6411
                                 ->  Index Scan using date_dim_pkey on date_dim  (cost=0.29..7.21 rows=1 width=4) (actual time=0.012..0.012 rows=0 loops=2138)
                                       Index Cond: (d_date_sk = catalog_sales.cs_sold_date_sk)
                                       Filter: (d_year = 2002)
                                       Rows Removed by Filter: 1
                                       Buffers: shared hit=6411
                     ->  Index Scan using customer_pkey on customer  (cost=0.43..7.35 rows=1 width=12) (actual time=0.010..0.010 rows=0 loops=152860)
                           Index Cond: (c_customer_sk = catalog_sales.cs_bill_customer_sk)
                           Filter: (c_birth_month = 6)
                           Rows Removed by Filter: 1
                           Buffers: shared hit=592196 read=18436
               ->  Index Scan using customer_address_pkey on customer_address  (cost=0.42..7.37 rows=1 width=35) (actual time=0.014..0.014 rows=0 loops=5147)
                     Index Cond: (ca_address_sk = customer.c_current_addr_sk)
                     Filter: (ca_state = ANY ('{CT,MO,NE}'::bpchar[]))
                     Rows Removed by Filter: 1
                     Buffers: shared hit=11774 read=8814
         ->  Index Scan using customer_demographics_pkey on customer_demographics  (cost=0.43..7.36 rows=1 width=8) (actual time=0.014..0.014 rows=0 loops=257)
               Index Cond: (cd_demo_sk = catalog_sales.cs_bill_cdemo_sk)
               Filter: ((cd_gender = 'F'::bpchar) AND (cd_education_status = 'Secondary'::bpchar))
               Rows Removed by Filter: 1
               Buffers: shared hit=913 read=115
 Planning:
   Buffers: shared hit=454
 Planning Time: 4.431 ms
 Execution Time: 49992.152 ms
(53 rows)

