                                                                                  QUERY PLAN                                                                                  
------------------------------------------------------------------------------------------------------------------------------------------------------------------------------
 Aggregate  (cost=5947725.96..5947725.97 rows=1 width=268) (actual time=45354.328..45354.333 rows=1 loops=1)
   Buffers: shared hit=305017 read=3763826
   ->  Nested Loop  (cost=17045.03..5947725.94 rows=1 width=81) (actual time=19260.504..45354.215 rows=16 loops=1)
         Buffers: shared hit=305017 read=3763826
         ->  Nested Loop  (cost=17044.61..5947593.55 rows=18 width=54) (actual time=19150.390..45350.024 rows=217 loops=1)
               Buffers: shared hit=304531 read=3763444
               ->  Nested Loop  (cost=17044.18..5946652.20 rows=128 width=50) (actual time=19138.295..45323.655 rows=1622 loops=1)
                     Buffers: shared hit=298213 read=3763278
                     ->  Nested Loop  (cost=17043.75..5933441.03 rows=1796 width=50) (actual time=19135.187..44426.652 rows=81684 loops=1)
                           Buffers: shared hit=15934 read=3719213
                           ->  Hash Join  (cost=17043.45..5909094.32 rows=362483 width=54) (actual time=124.610..44267.400 rows=404633 loops=1)
                                 Hash Cond: (catalog_sales.cs_item_sk = item.i_item_sk)
                                 Buffers: shared hit=9523 read=3719213
                                 ->  Seq Scan on catalog_sales  (cost=0.00..5874397.76 rows=6724855 width=41) (actual time=0.039..42890.913 rows=6763882 loops=1)
                                       Filter: ((cs_wholesale_cost >= '69'::numeric) AND (cs_wholesale_cost <= '74'::numeric))
                                       Rows Removed by Filter: 137228417
                                       Buffers: shared hit=9429 read=3704951
                                 ->  Hash  (cost=16906.00..16906.00 rows=10996 width=21) (actual time=124.204..124.205 rows=11037 loops=1)
                                       Buckets: 16384  Batches: 1  Memory Usage: 732kB
                                       Buffers: shared hit=94 read=14262
                                       ->  Seq Scan on item  (cost=0.00..16906.00 rows=10996 width=21) (actual time=0.042..121.338 rows=11037 loops=1)
                                             Filter: (i_category = 'Women'::bpchar)
                                             Rows Removed by Filter: 192963
                                             Buffers: shared hit=94 read=14262
                           ->  Memoize  (cost=0.30..7.22 rows=1 width=4) (actual time=0.000..0.000 rows=0 loops=404633)
                                 Cache Key: catalog_sales.cs_sold_date_sk
                                 Cache Mode: logical
                                 Hits: 402495  Misses: 2138  Evictions: 0  Overflows: 0  Memory Usage: 155kB
                                 Buffers: shared hit=6411
                                 ->  Index Scan using date_dim_pkey on date_dim  (cost=0.29..7.21 rows=1 width=4) (actual time=0.013..0.013 rows=0 loops=2138)
                                       Index Cond: (d_date_sk = catalog_sales.cs_sold_date_sk)
                                       Filter: (d_year = 2001)
                                       Rows Removed by Filter: 1
                                       Buffers: shared hit=6411
                     ->  Index Scan using customer_demographics_pkey on customer_demographics  (cost=0.43..7.36 rows=1 width=8) (actual time=0.011..0.011 rows=0 loops=81684)
                           Index Cond: (cd_demo_sk = catalog_sales.cs_bill_cdemo_sk)
                           Filter: ((cd_gender = 'M'::bpchar) AND (cd_education_status = 'Secondary'::bpchar))
                           Rows Removed by Filter: 1
                           Buffers: shared hit=282279 read=44065
               ->  Index Scan using customer_pkey on customer  (cost=0.43..7.35 rows=1 width=12) (actual time=0.016..0.016 rows=0 loops=1622)
                     Index Cond: (c_customer_sk = catalog_sales.cs_bill_customer_sk)
                     Filter: (c_birth_month = 10)
                     Rows Removed by Filter: 1
                     Buffers: shared hit=6318 read=166
         ->  Index Scan using customer_address_pkey on customer_address  (cost=0.42..7.35 rows=1 width=35) (actual time=0.018..0.018 rows=0 loops=217)
               Index Cond: (ca_address_sk = customer.c_current_addr_sk)
               Filter: (ca_state = ANY ('{KS,KY,ME}'::bpchar[]))
               Rows Removed by Filter: 1
               Buffers: shared hit=486 read=382
 Planning:
   Buffers: shared hit=409 read=45
 Planning Time: 3.364 ms
 Execution Time: 45354.696 ms
(53 rows)

