                                                                              QUERY PLAN                                                                               
-----------------------------------------------------------------------------------------------------------------------------------------------------------------------
 Aggregate  (cost=5942650.03..5942650.04 rows=1 width=268) (actual time=42722.501..42722.505 rows=1 loops=1)
   Buffers: shared hit=199441 read=3665978
   ->  Nested Loop  (cost=17073.85..5942650.00 rows=1 width=81) (actual time=19730.947..42722.454 rows=6 loops=1)
         Buffers: shared hit=199441 read=3665978
         ->  Nested Loop  (cost=17073.42..5942620.53 rows=4 width=54) (actual time=17979.350..42720.142 rows=117 loops=1)
               Buffers: shared hit=199183 read=3665768
               ->  Nested Loop  (cost=17072.99..5942215.95 rows=55 width=54) (actual time=17932.961..42705.286 rows=1074 loops=1)
                     Buffers: shared hit=195438 read=3665221
                     ->  Nested Loop  (cost=17072.57..5929507.61 rows=1728 width=50) (actual time=17929.363..42339.892 rows=31409 loops=1)
                           Buffers: shared hit=78420 read=3656727
                           ->  Hash Join  (cost=17072.26..5905506.83 rows=348646 width=54) (actual time=126.336..42246.400 rows=187296 loops=1)
                                 Hash Cond: (catalog_sales.cs_item_sk = item.i_item_sk)
                                 Buffers: shared hit=72009 read=3656727
                                 ->  Seq Scan on catalog_sales  (cost=0.00..5874397.76 rows=5347244 width=41) (actual time=0.063..41045.093 rows=5484290 loops=1)
                                       Filter: ((cs_wholesale_cost >= '95'::numeric) AND (cs_wholesale_cost <= '100'::numeric))
                                       Rows Removed by Filter: 138508009
                                       Buffers: shared hit=57653 read=3656727
                                 ->  Hash  (cost=16906.00..16906.00 rows=13301 width=21) (actual time=125.770..125.771 rows=13933 loops=1)
                                       Buckets: 16384  Batches: 1  Memory Usage: 890kB
                                       Buffers: shared hit=14356
                                       ->  Seq Scan on item  (cost=0.00..16906.00 rows=13301 width=21) (actual time=0.024..122.567 rows=13933 loops=1)
                                             Filter: (i_category = 'Men'::bpchar)
                                             Rows Removed by Filter: 190067
                                             Buffers: shared hit=14356
                           ->  Memoize  (cost=0.30..7.22 rows=1 width=4) (actual time=0.000..0.000 rows=0 loops=187296)
                                 Cache Key: catalog_sales.cs_sold_date_sk
                                 Cache Mode: logical
                                 Hits: 185158  Misses: 2138  Evictions: 0  Overflows: 0  Memory Usage: 155kB
                                 Buffers: shared hit=6411
                                 ->  Index Scan using date_dim_pkey on date_dim  (cost=0.29..7.21 rows=1 width=4) (actual time=0.012..0.012 rows=0 loops=2138)
                                       Index Cond: (d_date_sk = catalog_sales.cs_sold_date_sk)
                                       Filter: (d_year = 2001)
                                       Rows Removed by Filter: 1
                                       Buffers: shared hit=6411
                     ->  Index Scan using customer_pkey on customer  (cost=0.43..7.35 rows=1 width=12) (actual time=0.011..0.011 rows=0 loops=31409)
                           Index Cond: (c_customer_sk = catalog_sales.cs_bill_customer_sk)
                           Filter: (c_birth_month = 6)
                           Rows Removed by Filter: 1
                           Buffers: shared hit=117018 read=8494
               ->  Index Scan using customer_demographics_pkey on customer_demographics  (cost=0.43..7.36 rows=1 width=8) (actual time=0.013..0.013 rows=0 loops=1074)
                     Index Cond: (cd_demo_sk = catalog_sales.cs_bill_cdemo_sk)
                     Filter: ((cd_gender = 'M'::bpchar) AND (cd_education_status = 'College'::bpchar))
                     Rows Removed by Filter: 1
                     Buffers: shared hit=3745 read=547
         ->  Index Scan using customer_address_pkey on customer_address  (cost=0.42..7.37 rows=1 width=35) (actual time=0.019..0.019 rows=0 loops=117)
               Index Cond: (ca_address_sk = customer.c_current_addr_sk)
               Filter: (ca_state = ANY ('{AR,IA,PA}'::bpchar[]))
               Rows Removed by Filter: 1
               Buffers: shared hit=258 read=210
 Planning:
   Buffers: shared hit=454
 Planning Time: 4.754 ms
 Execution Time: 42723.155 ms
(53 rows)

