                                                                                  QUERY PLAN                                                                                   
-------------------------------------------------------------------------------------------------------------------------------------------------------------------------------
 Aggregate  (cost=6012415.77..6012415.78 rows=1 width=268) (actual time=51030.181..51030.186 rows=1 loops=1)
   Buffers: shared hit=1059874 read=3690757
   ->  Nested Loop  (cost=17180.68..6012415.69 rows=3 width=81) (actual time=20827.593..51029.983 rows=29 loops=1)
         Buffers: shared hit=1059874 read=3690757
         ->  Nested Loop  (cost=17180.26..6012114.07 rows=41 width=54) (actual time=20369.504..51020.208 rows=517 loops=1)
               Buffers: shared hit=1058757 read=3689806
               ->  Nested Loop  (cost=17179.83..6009032.69 rows=419 width=50) (actual time=20344.162..50938.228 rows=5145 loops=1)
                     Buffers: shared hit=1041346 read=3686657
                     ->  Nested Loop  (cost=17179.40..5965706.92 rows=5890 width=50) (actual time=20343.965..47868.672 rows=248498 loops=1)
                           Buffers: shared hit=76779 read=3658368
                           ->  Hash Join  (cost=17179.10..5920708.90 rows=1188541 width=54) (actual time=131.861..47534.540 rows=983170 loops=1)
                                 Hash Cond: (catalog_sales.cs_item_sk = item.i_item_sk)
                                 Buffers: shared hit=70368 read=3658368
                                 ->  Seq Scan on catalog_sales  (cost=0.00..5874397.76 rows=11097691 width=41) (actual time=0.053..45245.806 rows=11458169 loops=1)
                                       Filter: ((cs_wholesale_cost >= '54'::numeric) AND (cs_wholesale_cost <= '59'::numeric))
                                       Rows Removed by Filter: 132534130
                                       Buffers: shared hit=67240 read=3647140
                                 ->  Hash  (cost=16906.00..16906.00 rows=21848 width=21) (actual time=131.496..131.496 rows=21811 loops=1)
                                       Buckets: 32768  Batches: 1  Memory Usage: 1449kB
                                       Buffers: shared hit=3128 read=11228
                                       ->  Seq Scan on item  (cost=0.00..16906.00 rows=21848 width=21) (actual time=0.052..126.404 rows=21811 loops=1)
                                             Filter: (i_category = 'Sports'::bpchar)
                                             Rows Removed by Filter: 182189
                                             Buffers: shared hit=3128 read=11228
                           ->  Memoize  (cost=0.30..7.22 rows=1 width=4) (actual time=0.000..0.000 rows=0 loops=983170)
                                 Cache Key: catalog_sales.cs_sold_date_sk
                                 Cache Mode: logical
                                 Hits: 981032  Misses: 2138  Evictions: 0  Overflows: 0  Memory Usage: 155kB
                                 Buffers: shared hit=6411
                                 ->  Index Scan using date_dim_pkey on date_dim  (cost=0.29..7.21 rows=1 width=4) (actual time=0.012..0.012 rows=0 loops=2138)
                                       Index Cond: (d_date_sk = catalog_sales.cs_sold_date_sk)
                                       Filter: (d_year = 2001)
                                       Rows Removed by Filter: 1
                                       Buffers: shared hit=6411
                     ->  Index Scan using customer_demographics_pkey on customer_demographics  (cost=0.43..7.36 rows=1 width=8) (actual time=0.012..0.012 rows=0 loops=248498)
                           Index Cond: (cd_demo_sk = catalog_sales.cs_bill_cdemo_sk)
                           Filter: ((cd_gender = 'M'::bpchar) AND (cd_education_status = 'Secondary'::bpchar))
                           Rows Removed by Filter: 1
                           Buffers: shared hit=964567 read=28289
               ->  Index Scan using customer_pkey on customer  (cost=0.43..7.35 rows=1 width=12) (actual time=0.015..0.015 rows=0 loops=5145)
                     Index Cond: (c_customer_sk = catalog_sales.cs_bill_customer_sk)
                     Filter: (c_birth_month = 2)
                     Rows Removed by Filter: 1
                     Buffers: shared hit=17411 read=3149
         ->  Index Scan using customer_address_pkey on customer_address  (cost=0.42..7.36 rows=1 width=35) (actual time=0.018..0.018 rows=0 loops=517)
               Index Cond: (ca_address_sk = customer.c_current_addr_sk)
               Filter: (ca_state = ANY ('{IL,NY,OH}'::bpchar[]))
               Rows Removed by Filter: 1
               Buffers: shared hit=1117 read=951
 Planning:
   Buffers: shared hit=454
 Planning Time: 4.565 ms
 Execution Time: 51030.861 ms
(53 rows)

