                                                                                 QUERY PLAN                                                                                  
-----------------------------------------------------------------------------------------------------------------------------------------------------------------------------
 Aggregate  (cost=5921744.25..5921744.26 rows=1 width=268) (actual time=45625.273..45625.278 rows=1 loops=1)
   Buffers: shared hit=138554 read=3627590
   ->  Nested Loop  (cost=16954.16..5921744.22 rows=1 width=81) (actual time=33673.684..45625.255 rows=2 loops=1)
         Buffers: shared hit=138554 read=3627590
         ->  Nested Loop  (cost=16953.73..5921722.16 rows=3 width=54) (actual time=27120.912..45624.601 rows=28 loops=1)
               Buffers: shared hit=138495 read=3627537
               ->  Nested Loop  (cost=16953.31..5921530.94 rows=26 width=50) (actual time=26867.916..45619.431 rows=298 loops=1)
                     Buffers: shared hit=137568 read=3627276
                     ->  Nested Loop  (cost=16952.88..5918882.78 rows=360 width=50) (actual time=26855.347..45527.964 rows=7436 loops=1)
                           Buffers: shared hit=108623 read=3626521
                           ->  Hash Join  (cost=16952.58..5901783.43 rows=72592 width=54) (actual time=138.464..45473.826 rows=36194 loops=1)
                                 Hash Cond: (catalog_sales.cs_item_sk = item.i_item_sk)
                                 Buffers: shared hit=102215 read=3626521
                                 ->  Seq Scan on catalog_sales  (cost=0.00..5874397.76 rows=3974433 width=41) (actual time=0.149..44642.510 rows=3999274 loops=1)
                                       Filter: ((cs_wholesale_cost >= '41'::numeric) AND (cs_wholesale_cost <= '46'::numeric))
                                       Rows Removed by Filter: 139993025
                                       Buffers: shared hit=87859 read=3626521
                                 ->  Hash  (cost=16906.00..16906.00 rows=3726 width=21) (actual time=136.568..136.569 rows=3713 loops=1)
                                       Buckets: 4096  Batches: 1  Memory Usage: 236kB
                                       Buffers: shared hit=14356
                                       ->  Seq Scan on item  (cost=0.00..16906.00 rows=3726 width=21) (actual time=0.102..135.441 rows=3713 loops=1)
                                             Filter: (i_category = 'Music'::bpchar)
                                             Rows Removed by Filter: 200287
                                             Buffers: shared hit=14356
                           ->  Memoize  (cost=0.30..7.22 rows=1 width=4) (actual time=0.001..0.001 rows=0 loops=36194)
                                 Cache Key: catalog_sales.cs_sold_date_sk
                                 Cache Mode: logical
                                 Hits: 34057  Misses: 2137  Evictions: 0  Overflows: 0  Memory Usage: 155kB
                                 Buffers: shared hit=6408
                                 ->  Index Scan using date_dim_pkey on date_dim  (cost=0.29..7.21 rows=1 width=4) (actual time=0.012..0.012 rows=0 loops=2137)
                                       Index Cond: (d_date_sk = catalog_sales.cs_sold_date_sk)
                                       Filter: (d_year = 2002)
                                       Rows Removed by Filter: 1
                                       Buffers: shared hit=6408
                     ->  Index Scan using customer_demographics_pkey on customer_demographics  (cost=0.43..7.36 rows=1 width=8) (actual time=0.012..0.012 rows=0 loops=7436)
                           Index Cond: (cd_demo_sk = catalog_sales.cs_bill_cdemo_sk)
                           Filter: ((cd_gender = 'F'::bpchar) AND (cd_education_status = '4 yr Degree'::bpchar))
                           Rows Removed by Filter: 1
                           Buffers: shared hit=28945 read=755
               ->  Index Scan using customer_pkey on customer  (cost=0.43..7.35 rows=1 width=12) (actual time=0.016..0.016 rows=0 loops=298)
                     Index Cond: (c_customer_sk = catalog_sales.cs_bill_customer_sk)
                     Filter: (c_birth_month = 2)
                     Rows Removed by Filter: 1
                     Buffers: shared hit=927 read=261
         ->  Index Scan using customer_address_pkey on customer_address  (cost=0.42..7.36 rows=1 width=35) (actual time=0.022..0.022 rows=0 loops=28)
               Index Cond: (ca_address_sk = customer.c_current_addr_sk)
               Filter: (ca_state = ANY ('{PA,SD,TX}'::bpchar[]))
               Rows Removed by Filter: 1
               Buffers: shared hit=59 read=53
 Planning:
   Buffers: shared hit=454
 Planning Time: 5.275 ms
 Execution Time: 45625.914 ms
(53 rows)

