                                                                             QUERY PLAN                                                                             
--------------------------------------------------------------------------------------------------------------------------------------------------------------------
 Aggregate  (cost=5969944.49..5969944.50 rows=1 width=268) (actual time=45654.217..45654.222 rows=1 loops=1)
   Buffers: shared hit=597445 read=3759190
   ->  Nested Loop  (cost=17045.03..5969944.46 rows=1 width=81) (actual time=34030.489..45654.199 rows=2 loops=1)
         Buffers: shared hit=597445 read=3759190
         ->  Nested Loop  (cost=17044.61..5969937.11 rows=1 width=81) (actual time=26556.473..45652.516 rows=121 loops=1)
               Buffers: shared hit=596985 read=3759166
               ->  Nested Loop  (cost=17044.18..5969648.95 rows=39 width=54) (actual time=26487.230..45617.208 rows=2219 loops=1)
                     Buffers: shared hit=592194 read=3755081
                     ->  Nested Loop  (cost=17043.75..5948829.39 rows=2831 width=50) (actual time=26475.908..43897.369 rows=153226 loops=1)
                           Buffers: shared hit=98355 read=3636792
                           ->  Hash Join  (cost=17043.45..5919262.82 rows=571279 width=54) (actual time=106.593..43682.592 rows=617458 loops=1)
                                 Hash Cond: (catalog_sales.cs_item_sk = item.i_item_sk)
                                 Buffers: shared hit=91944 read=3636792
                                 ->  Seq Scan on catalog_sales  (cost=0.00..5874397.76 rows=10598487 width=41) (actual time=0.067..41838.691 rows=10312840 loops=1)
                                       Filter: ((cs_wholesale_cost >= '86'::numeric) AND (cs_wholesale_cost <= '91'::numeric))
                                       Rows Removed by Filter: 133679459
                                       Buffers: shared hit=77588 read=3636792
                                 ->  Hash  (cost=16906.00..16906.00 rows=10996 width=21) (actual time=106.303..106.304 rows=11037 loops=1)
                                       Buckets: 16384  Batches: 1  Memory Usage: 732kB
                                       Buffers: shared hit=14356
                                       ->  Seq Scan on item  (cost=0.00..16906.00 rows=10996 width=21) (actual time=0.073..104.012 rows=11037 loops=1)
                                             Filter: (i_category = 'Women'::bpchar)
                                             Rows Removed by Filter: 192963
                                             Buffers: shared hit=14356
                           ->  Memoize  (cost=0.30..7.22 rows=1 width=4) (actual time=0.000..0.000 rows=0 loops=617458)
                                 Cache Key: catalog_sales.cs_sold_date_sk
                                 Cache Mode: logical
                                 Hits: 615320  Misses: 2138  Evictions: 0  Overflows: 0  Memory Usage: 155kB
                                 Buffers: shared hit=6411
                                 ->  Index Scan using date_dim_pkey on date_dim  (cost=0.29..7.21 rows=1 width=4) (actual time=0.012..0.012 rows=0 loops=2138)
                                       Index Cond: (d_date_sk = catalog_sales.cs_sold_date_sk)
                                       Filter: (d_year = 2002)
                                       Rows Removed by Filter: 1
                                       Buffers: shared hit=6411
                     ->  Index Scan using customer_pkey on customer  (cost=0.43..7.35 rows=1 width=12) (actual time=0.011..0.011 rows=0 loops=153226)
                           Index Cond: (c_customer_sk = catalog_sales.cs_bill_customer_sk)
                           Filter: (c_birth_month = 5)
                           Rows Removed by Filter: 1
                           Buffers: shared hit=493839 read=118289
               ->  Index Scan using customer_address_pkey on customer_address  (cost=0.42..7.39 rows=1 width=35) (actual time=0.015..0.015 rows=0 loops=2219)
                     Index Cond: (ca_address_sk = customer.c_current_addr_sk)
                     Filter: (ca_state = ANY ('{AK,OK,VT}'::bpchar[]))
                     Rows Removed by Filter: 1
                     Buffers: shared hit=4791 read=4085
         ->  Index Scan using customer_demographics_pkey on customer_demographics  (cost=0.43..7.36 rows=1 width=8) (actual time=0.013..0.013 rows=0 loops=121)
               Index Cond: (cd_demo_sk = catalog_sales.cs_bill_cdemo_sk)
               Filter: ((cd_gender = 'F'::bpchar) AND (cd_education_status = 'Primary'::bpchar))
               Rows Removed by Filter: 1
               Buffers: shared hit=460 read=24
 Planning:
   Buffers: shared hit=454
 Planning Time: 4.560 ms
 Execution Time: 45654.864 ms
(53 rows)

