                                                                                  QUERY PLAN                                                                                   
-------------------------------------------------------------------------------------------------------------------------------------------------------------------------------
 Aggregate  (cost=6001758.36..6001758.37 rows=1 width=268) (actual time=50427.925..50427.929 rows=1 loops=1)
   Buffers: shared hit=476732 read=3698911
   ->  Nested Loop  (cost=17045.03..6001758.30 rows=2 width=81) (actual time=7306.354..50427.857 rows=9 loops=1)
         Buffers: shared hit=476732 read=3698911
         ->  Nested Loop  (cost=17044.61..6001500.86 rows=35 width=54) (actual time=6697.428..50422.861 rows=266 loops=1)
               Buffers: shared hit=476150 read=3698429
               ->  Nested Loop  (cost=17044.18..5999324.06 rows=296 width=50) (actual time=6651.842..50394.790 rows=2190 loops=1)
                     Buffers: shared hit=468798 read=3697025
                     ->  Nested Loop  (cost=17043.75..5968679.84 rows=4166 width=50) (actual time=6651.809..49261.369 rows=107816 loops=1)
                           Buffers: shared hit=97443 read=3637704
                           ->  Hash Join  (cost=17043.45..5932379.79 rows=840619 width=54) (actual time=107.390..48944.387 rows=936559 loops=1)
                                 Hash Cond: (catalog_sales.cs_item_sk = item.i_item_sk)
                                 Buffers: shared hit=91032 read=3637704
                                 ->  Seq Scan on catalog_sales  (cost=0.00..5874397.76 rows=15595328 width=41) (actual time=0.057..46448.656 rows=15696054 loops=1)
                                       Filter: ((cs_wholesale_cost >= '24'::numeric) AND (cs_wholesale_cost <= '29'::numeric))
                                       Rows Removed by Filter: 128296245
                                       Buffers: shared hit=76676 read=3637704
                                 ->  Hash  (cost=16906.00..16906.00 rows=10996 width=21) (actual time=107.124..107.125 rows=11037 loops=1)
                                       Buckets: 16384  Batches: 1  Memory Usage: 732kB
                                       Buffers: shared hit=14356
                                       ->  Seq Scan on item  (cost=0.00..16906.00 rows=10996 width=21) (actual time=0.056..104.744 rows=11037 loops=1)
                                             Filter: (i_category = 'Women'::bpchar)
                                             Rows Removed by Filter: 192963
                                             Buffers: shared hit=14356
                           ->  Memoize  (cost=0.30..7.22 rows=1 width=4) (actual time=0.000..0.000 rows=0 loops=936559)
                                 Cache Key: catalog_sales.cs_sold_date_sk
                                 Cache Mode: logical
                                 Hits: 934421  Misses: 2138  Evictions: 0  Overflows: 0  Memory Usage: 155kB
                                 Buffers: shared hit=6411
                                 ->  Index Scan using date_dim_pkey on date_dim  (cost=0.29..7.21 rows=1 width=4) (actual time=0.015..0.015 rows=0 loops=2138)
                                       Index Cond: (d_date_sk = catalog_sales.cs_sold_date_sk)
                                       Filter: (d_year = 1999)
                                       Rows Removed by Filter: 1
                                       Buffers: shared hit=6411
                     ->  Index Scan using customer_demographics_pkey on customer_demographics  (cost=0.43..7.36 rows=1 width=8) (actual time=0.010..0.010 rows=0 loops=107816)
                           Index Cond: (cd_demo_sk = catalog_sales.cs_bill_cdemo_sk)
                           Filter: ((cd_gender = 'F'::bpchar) AND (cd_education_status = 'Primary'::bpchar))
                           Rows Removed by Filter: 1
                           Buffers: shared hit=371355 read=59321
               ->  Index Scan using customer_pkey on customer  (cost=0.43..7.35 rows=1 width=12) (actual time=0.012..0.012 rows=0 loops=2190)
                     Index Cond: (c_customer_sk = catalog_sales.cs_bill_customer_sk)
                     Filter: (c_birth_month = 8)
                     Rows Removed by Filter: 1
                     Buffers: shared hit=7352 read=1404
         ->  Index Scan using customer_address_pkey on customer_address  (cost=0.42..7.36 rows=1 width=35) (actual time=0.018..0.018 rows=0 loops=266)
               Index Cond: (ca_address_sk = customer.c_current_addr_sk)
               Filter: (ca_state = ANY ('{AR,AZ,MS}'::bpchar[]))
               Rows Removed by Filter: 1
               Buffers: shared hit=582 read=482
 Planning:
   Buffers: shared hit=454
 Planning Time: 4.535 ms
 Execution Time: 50428.574 ms
(53 rows)

