                                                                                  QUERY PLAN                                                                                  
------------------------------------------------------------------------------------------------------------------------------------------------------------------------------
 Aggregate  (cost=5939003.51..5939003.52 rows=1 width=268) (actual time=45469.393..45469.398 rows=1 loops=1)
   Buffers: shared hit=155933 read=3651906
   ->  Nested Loop  (cost=16954.16..5939003.48 rows=1 width=81) (actual time=26927.980..45469.293 rows=14 loops=1)
         Buffers: shared hit=155933 read=3651906
         ->  Nested Loop  (cost=16953.73..5938944.64 rows=8 width=54) (actual time=26738.326..45463.564 rows=280 loops=1)
               Buffers: shared hit=155347 read=3651372
               ->  Nested Loop  (cost=16953.31..5938525.45 rows=57 width=50) (actual time=26696.567..45434.128 rows=2106 loops=1)
                     Buffers: shared hit=148616 read=3649683
                     ->  Nested Loop  (cost=16952.88..5932861.45 rows=770 width=50) (actual time=26691.584..45230.560 rows=15819 loops=1)
                           Buffers: shared hit=90339 read=3644808
                           ->  Hash Join  (cost=16952.58..5913690.79 rows=155441 width=54) (actual time=144.861..45160.569 rows=76656 loops=1)
                                 Hash Cond: (catalog_sales.cs_item_sk = item.i_item_sk)
                                 Buffers: shared hit=83928 read=3644808
                                 ->  Seq Scan on catalog_sales  (cost=0.00..5874397.76 rows=8510470 width=41) (actual time=0.080..43774.125 rows=8494738 loops=1)
                                       Filter: ((cs_wholesale_cost >= '67'::numeric) AND (cs_wholesale_cost <= '72'::numeric))
                                       Rows Removed by Filter: 135497561
                                       Buffers: shared hit=83928 read=3630452
                                 ->  Hash  (cost=16906.00..16906.00 rows=3726 width=21) (actual time=143.826..143.826 rows=3713 loops=1)
                                       Buckets: 4096  Batches: 1  Memory Usage: 236kB
                                       Buffers: shared read=14356
                                       ->  Seq Scan on item  (cost=0.00..16906.00 rows=3726 width=21) (actual time=0.084..142.644 rows=3713 loops=1)
                                             Filter: (i_category = 'Music'::bpchar)
                                             Rows Removed by Filter: 200287
                                             Buffers: shared read=14356
                           ->  Memoize  (cost=0.30..7.22 rows=1 width=4) (actual time=0.001..0.001 rows=0 loops=76656)
                                 Cache Key: catalog_sales.cs_sold_date_sk
                                 Cache Mode: logical
                                 Hits: 74518  Misses: 2138  Evictions: 0  Overflows: 0  Memory Usage: 155kB
                                 Buffers: shared hit=6411
                                 ->  Index Scan using date_dim_pkey on date_dim  (cost=0.29..7.21 rows=1 width=4) (actual time=0.012..0.012 rows=0 loops=2138)
                                       Index Cond: (d_date_sk = catalog_sales.cs_sold_date_sk)
                                       Filter: (d_year = 2002)
                                       Rows Removed by Filter: 1
                                       Buffers: shared hit=6411
                     ->  Index Scan using customer_demographics_pkey on customer_demographics  (cost=0.43..7.36 rows=1 width=8) (actual time=0.013..0.013 rows=0 loops=15819)
                           Index Cond: (cd_demo_sk = catalog_sales.cs_bill_cdemo_sk)
                           Filter: ((cd_gender = 'M'::bpchar) AND (cd_education_status = '4 yr Degree'::bpchar))
                           Rows Removed by Filter: 1
                           Buffers: shared hit=58277 read=4875
               ->  Index Scan using customer_pkey on customer  (cost=0.43..7.35 rows=1 width=12) (actual time=0.013..0.013 rows=0 loops=2106)
                     Index Cond: (c_customer_sk = catalog_sales.cs_bill_customer_sk)
                     Filter: (c_birth_month = 10)
                     Rows Removed by Filter: 1
                     Buffers: shared hit=6731 read=1689
         ->  Index Scan using customer_address_pkey on customer_address  (cost=0.42..7.35 rows=1 width=35) (actual time=0.019..0.019 rows=0 loops=280)
               Index Cond: (ca_address_sk = customer.c_current_addr_sk)
               Filter: (ca_state = ANY ('{MO,NC,SD}'::bpchar[]))
               Rows Removed by Filter: 1
               Buffers: shared hit=586 read=534
 Planning:
   Buffers: shared hit=404 read=50
 Planning Time: 5.199 ms
 Execution Time: 45470.035 ms
(53 rows)

