                                                                               QUERY PLAN                                                                               
------------------------------------------------------------------------------------------------------------------------------------------------------------------------
 Aggregate  (cost=6062324.17..6062324.18 rows=1 width=268) (actual time=59659.338..59659.349 rows=1 loops=1)
   Buffers: shared hit=2188251 read=3853323
   ->  Nested Loop  (cost=19829.07..6062324.00 rows=6 width=81) (actual time=224.855..59657.664 rows=265 loops=1)
         Buffers: shared hit=2188251 read=3853323
         ->  Nested Loop  (cost=19828.64..6061742.68 rows=79 width=54) (actual time=142.792..59539.913 rows=5129 loops=1)
               Buffers: shared hit=2175198 read=3845860
               ->  Nested Loop  (cost=19828.22..6053526.26 rows=1117 width=54) (actual time=142.031..58858.594 rows=36234 loops=1)
                     Buffers: shared hit=2039667 read=3836559
                     ->  Hash Join  (cost=19827.79..5935368.51 rows=16067 width=50) (actual time=140.886..49226.522 rows=537195 loops=1)
                           Hash Cond: (catalog_sales.cs_item_sk = item.i_item_sk)
                           Buffers: shared hit=14619 read=3715591
                           ->  Hash Join  (cost=2391.64..5917729.49 rows=77284 width=37) (actual time=23.505..48647.620 rows=2108126 loops=1)
                                 Hash Cond: (catalog_sales.cs_sold_date_sk = date_dim.d_date_sk)
                                 Buffers: shared hit=263 read=3715591
                                 ->  Seq Scan on catalog_sales  (cost=0.00..5874397.76 rows=15595328 width=41) (actual time=0.068..46988.908 rows=15696054 loops=1)
                                       Filter: ((cs_wholesale_cost >= '23'::numeric) AND (cs_wholesale_cost <= '28'::numeric))
                                       Rows Removed by Filter: 128296245
                                       Buffers: shared hit=221 read=3714159
                                 ->  Hash  (cost=2387.11..2387.11 rows=362 width=4) (actual time=23.397..23.399 rows=365 loops=1)
                                       Buckets: 1024  Batches: 1  Memory Usage: 21kB
                                       Buffers: shared hit=42 read=1432
                                       ->  Seq Scan on date_dim  (cost=0.00..2387.11 rows=362 width=4) (actual time=14.037..23.329 rows=365 loops=1)
                                             Filter: (d_year = 1998)
                                             Rows Removed by Filter: 72684
                                             Buffers: shared hit=42 read=1432
                           ->  Hash  (cost=16906.00..16906.00 rows=42412 width=21) (actual time=117.099..117.100 rows=42041 loops=1)
                                 Buckets: 65536  Batches: 1  Memory Usage: 2812kB
                                 Buffers: shared hit=14356
                                 ->  Seq Scan on item  (cost=0.00..16906.00 rows=42412 width=21) (actual time=0.012..109.965 rows=42041 loops=1)
                                       Filter: (i_category = 'Electronics'::bpchar)
                                       Rows Removed by Filter: 161959
                                       Buffers: shared hit=14356
                     ->  Index Scan using customer_pkey on customer  (cost=0.43..7.35 rows=1 width=12) (actual time=0.018..0.018 rows=0 loops=537195)
                           Index Cond: (c_customer_sk = catalog_sales.cs_bill_customer_sk)
                           Filter: (c_birth_month = 12)
                           Rows Removed by Filter: 1
                           Buffers: shared hit=2025048 read=120968
               ->  Index Scan using customer_demographics_pkey on customer_demographics  (cost=0.43..7.36 rows=1 width=8) (actual time=0.018..0.018 rows=0 loops=36234)
                     Index Cond: (cd_demo_sk = catalog_sales.cs_bill_cdemo_sk)
                     Filter: ((cd_gender = 'M'::bpchar) AND (cd_education_status = 'Unknown'::bpchar))
                     Rows Removed by Filter: 1
                     Buffers: shared hit=135531 read=9301
         ->  Index Scan using customer_address_pkey on customer_address  (cost=0.42..7.36 rows=1 width=35) (actual time=0.022..0.022 rows=0 loops=5129)
               Index Cond: (ca_address_sk = customer.c_current_addr_sk)
               Filter: (ca_state = ANY ('{MO,NY,OH}'::bpchar[]))
               Rows Removed by Filter: 1
               Buffers: shared hit=13053 read=7463
 Planning:
   Buffers: shared hit=454
 Planning Time: 3.775 ms
 Execution Time: 59659.891 ms
(51 rows)

