                                                                                  QUERY PLAN                                                                                   
-------------------------------------------------------------------------------------------------------------------------------------------------------------------------------
 Aggregate  (cost=6029378.77..6029378.78 rows=1 width=268) (actual time=52448.843..52448.848 rows=1 loops=1)
   Buffers: shared hit=1121178 read=3735365
   ->  Nested Loop  (cost=17180.68..6029378.69 rows=3 width=81) (actual time=13071.354..52448.508 rows=49 loops=1)
         Buffers: shared hit=1121178 read=3735365
         ->  Nested Loop  (cost=17180.26..6029084.40 rows=40 width=54) (actual time=13071.326..52435.887 rows=646 loops=1)
               Buffers: shared hit=1119642 read=3734317
               ->  Nested Loop  (cost=17179.83..6025561.79 rows=479 width=50) (actual time=13055.951..52318.829 rows=8457 loops=1)
                     Buffers: shared hit=1086633 read=3733534
                     ->  Nested Loop  (cost=17179.40..5975226.01 rows=6843 width=50) (actual time=13055.214..48943.907 rows=271619 loops=1)
                           Buffers: shared hit=50161 read=3684986
                           ->  Hash Join  (cost=17179.10..5925421.44 rows=1380805 width=54) (actual time=132.576..48586.455 rows=1089798 loops=1)
                                 Hash Cond: (catalog_sales.cs_item_sk = item.i_item_sk)
                                 Buffers: shared hit=43786 read=3684950
                                 ->  Seq Scan on catalog_sales  (cost=0.00..5874397.76 rows=12892906 width=41) (actual time=0.065..46125.933 rows=12722112 loops=1)
                                       Filter: ((cs_wholesale_cost >= '33'::numeric) AND (cs_wholesale_cost <= '38'::numeric))
                                       Rows Removed by Filter: 131270187
                                       Buffers: shared hit=43786 read=3670594
                                 ->  Hash  (cost=16906.00..16906.00 rows=21848 width=21) (actual time=132.196..132.197 rows=21811 loops=1)
                                       Buckets: 32768  Batches: 1  Memory Usage: 1449kB
                                       Buffers: shared read=14356
                                       ->  Seq Scan on item  (cost=0.00..16906.00 rows=21848 width=21) (actual time=0.059..126.878 rows=21811 loops=1)
                                             Filter: (i_category = 'Sports'::bpchar)
                                             Rows Removed by Filter: 182189
                                             Buffers: shared read=14356
                           ->  Memoize  (cost=0.30..7.22 rows=1 width=4) (actual time=0.000..0.000 rows=0 loops=1089798)
                                 Cache Key: catalog_sales.cs_sold_date_sk
                                 Cache Mode: logical
                                 Hits: 1087660  Misses: 2138  Evictions: 0  Overflows: 0  Memory Usage: 155kB
                                 Buffers: shared hit=6375 read=36
                                 ->  Index Scan using date_dim_pkey on date_dim  (cost=0.29..7.21 rows=1 width=4) (actual time=0.013..0.013 rows=0 loops=2138)
                                       Index Cond: (d_date_sk = catalog_sales.cs_sold_date_sk)
                                       Filter: (d_year = 2000)
                                       Rows Removed by Filter: 1
                                       Buffers: shared hit=6375 read=36
                     ->  Index Scan using customer_demographics_pkey on customer_demographics  (cost=0.43..7.36 rows=1 width=8) (actual time=0.012..0.012 rows=0 loops=271619)
                           Index Cond: (cd_demo_sk = catalog_sales.cs_bill_cdemo_sk)
                           Filter: ((cd_gender = 'F'::bpchar) AND (cd_education_status = 'Advanced Degree'::bpchar))
                           Rows Removed by Filter: 1
                           Buffers: shared hit=1036472 read=48548
               ->  Index Scan using customer_pkey on customer  (cost=0.43..7.35 rows=1 width=12) (actual time=0.013..0.013 rows=0 loops=8457)
                     Index Cond: (c_customer_sk = catalog_sales.cs_bill_customer_sk)
                     Filter: (c_birth_month = 11)
                     Rows Removed by Filter: 1
                     Buffers: shared hit=33009 read=783
         ->  Index Scan using customer_address_pkey on customer_address  (cost=0.42..7.36 rows=1 width=35) (actual time=0.019..0.019 rows=0 loops=646)
               Index Cond: (ca_address_sk = customer.c_current_addr_sk)
               Filter: (ca_state = ANY ('{ME,UT,VA}'::bpchar[]))
               Rows Removed by Filter: 1
               Buffers: shared hit=1536 read=1048
 Planning:
   Buffers: shared hit=404 read=50
 Planning Time: 5.147 ms
 Execution Time: 52449.506 ms
(53 rows)

