                                                                            QUERY PLAN                                                                            
------------------------------------------------------------------------------------------------------------------------------------------------------------------
 Aggregate  (cost=5969373.83..5969373.84 rows=1 width=268) (actual time=43597.431..43597.436 rows=1 loops=1)
   Buffers: shared hit=473896 read=3711487
   ->  Nested Loop  (cost=17326.55..5969373.80 rows=1 width=81) (actual time=11536.847..43597.319 rows=16 loops=1)
         Buffers: shared hit=473896 read=3711487
         ->  Nested Loop  (cost=17326.12..5969329.67 rows=6 width=81) (actual time=11536.818..43594.078 rows=239 loops=1)
               Buffers: shared hit=472964 read=3711467
               ->  Nested Loop  (cost=17325.69..5968188.24 rows=155 width=54) (actual time=11442.842..43532.271 rows=4304 loops=1)
                     Buffers: shared hit=462266 read=3704949
                     ->  Nested Loop  (cost=17325.27..5939388.35 rows=3916 width=50) (actual time=11441.925..42438.702 rows=108142 loops=1)
                           Buffers: shared hit=72529 read=3662618
                           ->  Hash Join  (cost=17324.96..5904348.29 rows=790219 width=54) (actual time=128.548..42224.724 rows=620434 loops=1)
                                 Hash Cond: (catalog_sales.cs_item_sk = item.i_item_sk)
                                 Buffers: shared hit=66118 read=3662618
                                 ->  Seq Scan on catalog_sales  (cost=0.00..5874397.76 rows=4809639 width=41) (actual time=0.058..40997.537 rows=4933013 loops=1)
                                       Filter: ((cs_wholesale_cost >= '93'::numeric) AND (cs_wholesale_cost <= '98'::numeric))
                                       Rows Removed by Filter: 139059286
                                       Buffers: shared hit=51762 read=3662618
                                 ->  Hash  (cost=16906.00..16906.00 rows=33517 width=21) (actual time=127.878..127.878 rows=33627 loops=1)
                                       Buckets: 65536  Batches: 1  Memory Usage: 2351kB
                                       Buffers: shared hit=14356
                                       ->  Seq Scan on item  (cost=0.00..16906.00 rows=33517 width=21) (actual time=0.034..120.953 rows=33627 loops=1)
                                             Filter: (i_category = 'Shoes'::bpchar)
                                             Rows Removed by Filter: 170373
                                             Buffers: shared hit=14356
                           ->  Memoize  (cost=0.30..7.22 rows=1 width=4) (actual time=0.000..0.000 rows=0 loops=620434)
                                 Cache Key: catalog_sales.cs_sold_date_sk
                                 Cache Mode: logical
                                 Hits: 618296  Misses: 2138  Evictions: 0  Overflows: 0  Memory Usage: 155kB
                                 Buffers: shared hit=6411
                                 ->  Index Scan using date_dim_pkey on date_dim  (cost=0.29..7.21 rows=1 width=4) (actual time=0.012..0.012 rows=0 loops=2138)
                                       Index Cond: (d_date_sk = catalog_sales.cs_sold_date_sk)
                                       Filter: (d_year = 2000)
                                       Rows Removed by Filter: 1
                                       Buffers: shared hit=6411
                     ->  Index Scan using customer_pkey on customer  (cost=0.43..7.35 rows=1 width=12) (actual time=0.010..0.010 rows=0 loops=108142)
                           Index Cond: (c_customer_sk = catalog_sales.cs_bill_customer_sk)
                           Filter: (c_birth_month = 9)
                           Rows Removed by Filter: 1
                           Buffers: shared hit=389737 read=42331
               ->  Index Scan using customer_address_pkey on customer_address  (cost=0.42..7.36 rows=1 width=35) (actual time=0.014..0.014 rows=0 loops=4304)
                     Index Cond: (ca_address_sk = customer.c_current_addr_sk)
                     Filter: (ca_state = ANY ('{AZ,MD,MI}'::bpchar[]))
                     Rows Removed by Filter: 1
                     Buffers: shared hit=10698 read=6518
         ->  Index Scan using customer_demographics_pkey on customer_demographics  (cost=0.43..7.36 rows=1 width=8) (actual time=0.012..0.012 rows=0 loops=239)
               Index Cond: (cd_demo_sk = catalog_sales.cs_bill_cdemo_sk)
               Filter: ((cd_gender = 'F'::bpchar) AND (cd_education_status = '2 yr Degree'::bpchar))
               Rows Removed by Filter: 1
               Buffers: shared hit=932 read=20
 Planning:
   Buffers: shared hit=453 read=1
 Planning Time: 4.709 ms
 Execution Time: 43598.125 ms
(53 rows)

