                                                                                  QUERY PLAN                                                                                  
------------------------------------------------------------------------------------------------------------------------------------------------------------------------------
 Aggregate  (cost=5987972.58..5987972.59 rows=1 width=268) (actual time=46195.708..46195.714 rows=1 loops=1)
   Buffers: shared hit=489378 read=3665761
   ->  Nested Loop  (cost=17180.68..5987972.50 rows=3 width=81) (actual time=27577.686..46195.368 rows=55 loops=1)
         Buffers: shared hit=489378 read=3665761
         ->  Nested Loop  (cost=17180.26..5987685.63 rows=39 width=54) (actual time=27223.765..46171.841 rows=1469 loops=1)
               Buffers: shared hit=485968 read=3663295
               ->  Nested Loop  (cost=17179.83..5985214.62 rows=336 width=50) (actual time=27210.364..46030.364 rows=11876 loops=1)
                     Buffers: shared hit=446120 read=3655679
                     ->  Nested Loop  (cost=17179.40..5951988.25 rows=4517 width=50) (actual time=27210.330..45140.334 rows=91775 loops=1)
                           Buffers: shared hit=87250 read=3647897
                           ->  Hash Join  (cost=17179.10..5913917.31 rows=911455 width=54) (actual time=118.783..44900.171 rows=727824 loops=1)
                                 Hash Cond: (catalog_sales.cs_item_sk = item.i_item_sk)
                                 Buffers: shared hit=80839 read=3647897
                                 ->  Seq Scan on catalog_sales  (cost=0.00..5874397.76 rows=8510470 width=41) (actual time=0.067..43120.478 rows=8494738 loops=1)
                                       Filter: ((cs_wholesale_cost >= '68'::numeric) AND (cs_wholesale_cost <= '73'::numeric))
                                       Rows Removed by Filter: 135497561
                                       Buffers: shared hit=66483 read=3647897
                                 ->  Hash  (cost=16906.00..16906.00 rows=21848 width=21) (actual time=118.412..118.413 rows=21811 loops=1)
                                       Buckets: 32768  Batches: 1  Memory Usage: 1449kB
                                       Buffers: shared hit=14356
                                       ->  Seq Scan on item  (cost=0.00..16906.00 rows=21848 width=21) (actual time=0.035..113.946 rows=21811 loops=1)
                                             Filter: (i_category = 'Sports'::bpchar)
                                             Rows Removed by Filter: 182189
                                             Buffers: shared hit=14356
                           ->  Memoize  (cost=0.30..7.22 rows=1 width=4) (actual time=0.000..0.000 rows=0 loops=727824)
                                 Cache Key: catalog_sales.cs_sold_date_sk
                                 Cache Mode: logical
                                 Hits: 725686  Misses: 2138  Evictions: 0  Overflows: 0  Memory Usage: 155kB
                                 Buffers: shared hit=6411
                                 ->  Index Scan using date_dim_pkey on date_dim  (cost=0.29..7.21 rows=1 width=4) (actual time=0.012..0.012 rows=0 loops=2138)
                                       Index Cond: (d_date_sk = catalog_sales.cs_sold_date_sk)
                                       Filter: (d_year = 2002)
                                       Rows Removed by Filter: 1
                                       Buffers: shared hit=6411
                     ->  Index Scan using customer_demographics_pkey on customer_demographics  (cost=0.43..7.36 rows=1 width=8) (actual time=0.009..0.009 rows=0 loops=91775)
                           Index Cond: (cd_demo_sk = catalog_sales.cs_bill_cdemo_sk)
                           Filter: ((cd_gender = 'M'::bpchar) AND (cd_education_status = '4 yr Degree'::bpchar))
                           Rows Removed by Filter: 1
                           Buffers: shared hit=358870 read=7782
               ->  Index Scan using customer_pkey on customer  (cost=0.43..7.35 rows=1 width=12) (actual time=0.012..0.012 rows=0 loops=11876)
                     Index Cond: (c_customer_sk = catalog_sales.cs_bill_customer_sk)
                     Filter: (c_birth_month = 8)
                     Rows Removed by Filter: 1
                     Buffers: shared hit=39848 read=7616
         ->  Index Scan using customer_address_pkey on customer_address  (cost=0.42..7.36 rows=1 width=35) (actual time=0.015..0.015 rows=0 loops=1469)
               Index Cond: (ca_address_sk = customer.c_current_addr_sk)
               Filter: (ca_state = ANY ('{MN,NM,VA}'::bpchar[]))
               Rows Removed by Filter: 1
               Buffers: shared hit=3410 read=2466
 Planning:
   Buffers: shared hit=454
 Planning Time: 4.544 ms
 Execution Time: 46196.428 ms
(53 rows)

