                                                                                  QUERY PLAN                                                                                  
------------------------------------------------------------------------------------------------------------------------------------------------------------------------------
 Aggregate  (cost=5974314.08..5974314.09 rows=1 width=268) (actual time=47215.159..47215.165 rows=1 loops=1)
   Buffers: shared hit=315614 read=3658945
   ->  Nested Loop  (cost=17045.03..5974314.03 rows=2 width=81) (actual time=12527.021..47214.860 rows=46 loops=1)
         Buffers: shared hit=315614 read=3658945
         ->  Nested Loop  (cost=17044.61..5974159.54 rows=21 width=54) (actual time=12452.419..47198.510 rows=997 loops=1)
               Buffers: shared hit=313304 read=3657267
               ->  Nested Loop  (cost=17044.18..5972615.18 rows=210 width=50) (actual time=12449.729..47073.877 rows=9846 loops=1)
                     Buffers: shared hit=280770 read=3650449
                     ->  Nested Loop  (cost=17043.75..5950812.53 rows=2964 width=50) (actual time=12449.700..46564.828 rows=49073 loops=1)
                           Buffers: shared hit=88741 read=3646406
                           ->  Hash Join  (cost=17043.45..5920573.25 rows=598187 width=54) (actual time=114.254..46335.471 rows=685013 loops=1)
                                 Hash Cond: (catalog_sales.cs_item_sk = item.i_item_sk)
                                 Buffers: shared hit=82330 read=3646406
                                 ->  Seq Scan on catalog_sales  (cost=0.00..5874397.76 rows=11097691 width=41) (actual time=0.047..44385.940 rows=11458169 loops=1)
                                       Filter: ((cs_wholesale_cost >= '57'::numeric) AND (cs_wholesale_cost <= '62'::numeric))
                                       Rows Removed by Filter: 132534130
                                       Buffers: shared hit=67974 read=3646406
                                 ->  Hash  (cost=16906.00..16906.00 rows=10996 width=21) (actual time=113.913..113.914 rows=11037 loops=1)
                                       Buckets: 16384  Batches: 1  Memory Usage: 732kB
                                       Buffers: shared hit=14356
                                       ->  Seq Scan on item  (cost=0.00..16906.00 rows=10996 width=21) (actual time=0.059..111.340 rows=11037 loops=1)
                                             Filter: (i_category = 'Women'::bpchar)
                                             Rows Removed by Filter: 192963
                                             Buffers: shared hit=14356
                           ->  Memoize  (cost=0.30..7.22 rows=1 width=4) (actual time=0.000..0.000 rows=0 loops=685013)
                                 Cache Key: catalog_sales.cs_sold_date_sk
                                 Cache Mode: logical
                                 Hits: 682875  Misses: 2138  Evictions: 0  Overflows: 0  Memory Usage: 155kB
                                 Buffers: shared hit=6411
                                 ->  Index Scan using date_dim_pkey on date_dim  (cost=0.29..7.21 rows=1 width=4) (actual time=0.012..0.012 rows=0 loops=2138)
                                       Index Cond: (d_date_sk = catalog_sales.cs_sold_date_sk)
                                       Filter: (d_year = 2000)
                                       Rows Removed by Filter: 1
                                       Buffers: shared hit=6411
                     ->  Index Scan using customer_demographics_pkey on customer_demographics  (cost=0.43..7.36 rows=1 width=8) (actual time=0.010..0.010 rows=0 loops=49073)
                           Index Cond: (cd_demo_sk = catalog_sales.cs_bill_cdemo_sk)
                           Filter: ((cd_gender = 'M'::bpchar) AND (cd_education_status = '2 yr Degree'::bpchar))
                           Rows Removed by Filter: 1
                           Buffers: shared hit=192029 read=4043
               ->  Index Scan using customer_pkey on customer  (cost=0.43..7.35 rows=1 width=12) (actual time=0.012..0.012 rows=0 loops=9846)
                     Index Cond: (c_customer_sk = catalog_sales.cs_bill_customer_sk)
                     Filter: (c_birth_month = 1)
                     Rows Removed by Filter: 1
                     Buffers: shared hit=32534 read=6818
         ->  Index Scan using customer_address_pkey on customer_address  (cost=0.42..7.36 rows=1 width=35) (actual time=0.016..0.016 rows=0 loops=997)
               Index Cond: (ca_address_sk = customer.c_current_addr_sk)
               Filter: (ca_state = ANY ('{AL,MN,OH}'::bpchar[]))
               Rows Removed by Filter: 1
               Buffers: shared hit=2310 read=1678
 Planning:
   Buffers: shared hit=454
 Planning Time: 4.546 ms
 Execution Time: 47215.830 ms
(53 rows)

