                                                                                 QUERY PLAN                                                                                  
-----------------------------------------------------------------------------------------------------------------------------------------------------------------------------
 Aggregate  (cost=5926945.84..5926945.85 rows=1 width=268) (actual time=42015.877..42015.882 rows=1 loops=1)
   Buffers: shared hit=133482 read=3634697
   ->  Nested Loop  (cost=16954.16..5926945.82 rows=1 width=81) (actual time=12185.761..42015.845 rows=4 loops=1)
         Buffers: shared hit=133482 read=3634697
         ->  Nested Loop  (cost=16953.73..5926923.75 rows=3 width=54) (actual time=11478.042..42014.965 rows=44 loops=1)
               Buffers: shared hit=133386 read=3634617
               ->  Nested Loop  (cost=16953.31..5926673.70 rows=34 width=50) (actual time=11225.411..42006.834 rows=498 loops=1)
                     Buffers: shared hit=131785 read=3634226
                     ->  Nested Loop  (cost=16952.88..5923113.43 rows=484 width=50) (actual time=11224.506..41905.946 rows=7724 loops=1)
                           Buffers: shared hit=101563 read=3633584
                           ->  Hash Join  (cost=16952.58..5905387.14 rows=97666 width=54) (actual time=111.171..41844.918 rows=49548 loops=1)
                                 Hash Cond: (catalog_sales.cs_item_sk = item.i_item_sk)
                                 Buffers: shared hit=95152 read=3633584
                                 ->  Seq Scan on catalog_sales  (cost=0.00..5874397.76 rows=5347244 width=41) (actual time=0.045..40841.327 rows=5484290 loops=1)
                                       Filter: ((cs_wholesale_cost >= '95'::numeric) AND (cs_wholesale_cost <= '100'::numeric))
                                       Rows Removed by Filter: 138508009
                                       Buffers: shared hit=80796 read=3633584
                                 ->  Hash  (cost=16906.00..16906.00 rows=3726 width=21) (actual time=110.162..110.163 rows=3713 loops=1)
                                       Buckets: 4096  Batches: 1  Memory Usage: 236kB
                                       Buffers: shared hit=14356
                                       ->  Seq Scan on item  (cost=0.00..16906.00 rows=3726 width=21) (actual time=0.057..109.168 rows=3713 loops=1)
                                             Filter: (i_category = 'Music'::bpchar)
                                             Rows Removed by Filter: 200287
                                             Buffers: shared hit=14356
                           ->  Memoize  (cost=0.30..7.22 rows=1 width=4) (actual time=0.001..0.001 rows=0 loops=49548)
                                 Cache Key: catalog_sales.cs_sold_date_sk
                                 Cache Mode: logical
                                 Hits: 47410  Misses: 2138  Evictions: 0  Overflows: 0  Memory Usage: 155kB
                                 Buffers: shared hit=6411
                                 ->  Index Scan using date_dim_pkey on date_dim  (cost=0.29..7.21 rows=1 width=4) (actual time=0.013..0.013 rows=0 loops=2138)
                                       Index Cond: (d_date_sk = catalog_sales.cs_sold_date_sk)
                                       Filter: (d_year = 2000)
                                       Rows Removed by Filter: 1
                                       Buffers: shared hit=6411
                     ->  Index Scan using customer_demographics_pkey on customer_demographics  (cost=0.43..7.36 rows=1 width=8) (actual time=0.013..0.013 rows=0 loops=7724)
                           Index Cond: (cd_demo_sk = catalog_sales.cs_bill_cdemo_sk)
                           Filter: ((cd_gender = 'F'::bpchar) AND (cd_education_status = '2 yr Degree'::bpchar))
                           Rows Removed by Filter: 1
                           Buffers: shared hit=30222 read=642
               ->  Index Scan using customer_pkey on customer  (cost=0.43..7.35 rows=1 width=12) (actual time=0.015..0.015 rows=0 loops=498)
                     Index Cond: (c_customer_sk = catalog_sales.cs_bill_customer_sk)
                     Filter: (c_birth_month = 2)
                     Rows Removed by Filter: 1
                     Buffers: shared hit=1601 read=391
         ->  Index Scan using customer_address_pkey on customer_address  (cost=0.42..7.36 rows=1 width=35) (actual time=0.019..0.019 rows=0 loops=44)
               Index Cond: (ca_address_sk = customer.c_current_addr_sk)
               Filter: (ca_state = ANY ('{AR,KY,MO}'::bpchar[]))
               Rows Removed by Filter: 1
               Buffers: shared hit=96 read=80
 Planning:
   Buffers: shared hit=454
 Planning Time: 4.518 ms
 Execution Time: 42016.508 ms
(53 rows)

