                                                                                  QUERY PLAN                                                                                  
------------------------------------------------------------------------------------------------------------------------------------------------------------------------------
 Aggregate  (cost=5943424.70..5943424.71 rows=1 width=268) (actual time=44300.021..44300.025 rows=1 loops=1)
   Buffers: shared hit=183411 read=3633112
   ->  Nested Loop  (cost=17019.78..5943424.68 rows=1 width=81) (actual time=469.456..44299.980 rows=5 loops=1)
         Buffers: shared hit=183411 read=3633112
         ->  Nested Loop  (cost=17019.36..5943329.05 rows=13 width=54) (actual time=176.817..44298.482 rows=68 loops=1)
               Buffers: shared hit=183266 read=3632985
               ->  Nested Loop  (cost=17018.93..5942534.79 rows=108 width=50) (actual time=114.986..44286.086 rows=727 loops=1)
                     Buffers: shared hit=180957 read=3632386
                     ->  Nested Loop  (cost=17018.50..5931751.07 rows=1466 width=50) (actual time=110.552..44041.243 rows=19574 loops=1)
                           Buffers: shared hit=104529 read=3630618
                           ->  Hash Join  (cost=17018.20..5909069.07 rows=295894 width=54) (actual time=110.506..43957.438 rows=147261 loops=1)
                                 Hash Cond: (catalog_sales.cs_item_sk = item.i_item_sk)
                                 Buffers: shared hit=98118 read=3630618
                                 ->  Seq Scan on catalog_sales  (cost=0.00..5874397.76 rows=6724855 width=41) (actual time=0.037..42732.272 rows=6763882 loops=1)
                                       Filter: ((cs_wholesale_cost >= '71'::numeric) AND (cs_wholesale_cost <= '76'::numeric))
                                       Rows Removed by Filter: 137228417
                                       Buffers: shared hit=83762 read=3630618
                                 ->  Hash  (cost=16906.00..16906.00 rows=8976 width=21) (actual time=109.938..109.939 rows=8826 loops=1)
                                       Buckets: 16384  Batches: 1  Memory Usage: 611kB
                                       Buffers: shared hit=14356
                                       ->  Seq Scan on item  (cost=0.00..16906.00 rows=8976 width=21) (actual time=0.010..107.983 rows=8826 loops=1)
                                             Filter: (i_category = 'Jewelry'::bpchar)
                                             Rows Removed by Filter: 195174
                                             Buffers: shared hit=14356
                           ->  Memoize  (cost=0.30..7.22 rows=1 width=4) (actual time=0.000..0.000 rows=0 loops=147261)
                                 Cache Key: catalog_sales.cs_sold_date_sk
                                 Cache Mode: logical
                                 Hits: 145123  Misses: 2138  Evictions: 0  Overflows: 0  Memory Usage: 155kB
                                 Buffers: shared hit=6411
                                 ->  Index Scan using date_dim_pkey on date_dim  (cost=0.29..7.21 rows=1 width=4) (actual time=0.012..0.012 rows=0 loops=2138)
                                       Index Cond: (d_date_sk = catalog_sales.cs_sold_date_sk)
                                       Filter: (d_year = 1998)
                                       Rows Removed by Filter: 1
                                       Buffers: shared hit=6411
                     ->  Index Scan using customer_demographics_pkey on customer_demographics  (cost=0.43..7.36 rows=1 width=8) (actual time=0.012..0.012 rows=0 loops=19574)
                           Index Cond: (cd_demo_sk = catalog_sales.cs_bill_cdemo_sk)
                           Filter: ((cd_gender = 'F'::bpchar) AND (cd_education_status = '4 yr Degree'::bpchar))
                           Rows Removed by Filter: 1
                           Buffers: shared hit=76428 read=1768
               ->  Index Scan using customer_pkey on customer  (cost=0.43..7.35 rows=1 width=12) (actual time=0.016..0.016 rows=0 loops=727)
                     Index Cond: (c_customer_sk = catalog_sales.cs_bill_customer_sk)
                     Filter: (c_birth_month = 8)
                     Rows Removed by Filter: 1
                     Buffers: shared hit=2309 read=599
         ->  Index Scan using customer_address_pkey on customer_address  (cost=0.42..7.36 rows=1 width=35) (actual time=0.021..0.021 rows=0 loops=68)
               Index Cond: (ca_address_sk = customer.c_current_addr_sk)
               Filter: (ca_state = ANY ('{IL,MN,TN}'::bpchar[]))
               Rows Removed by Filter: 1
               Buffers: shared hit=145 read=127
 Planning:
   Buffers: shared hit=454
 Planning Time: 2.907 ms
 Execution Time: 44300.476 ms
(53 rows)

