                                                                                  QUERY PLAN                                                                                  
------------------------------------------------------------------------------------------------------------------------------------------------------------------------------
 Aggregate  (cost=5901728.92..5901728.93 rows=1 width=268) (actual time=45162.762..45162.769 rows=1 loops=1)
   Buffers: shared hit=286225 read=3644645
   ->  Nested Loop  (cost=19510.48..5901728.90 rows=1 width=81) (actual time=27439.021..45162.742 rows=2 loops=1)
         Buffers: shared hit=286225 read=3644645
         ->  Nested Loop  (cost=19510.06..5901699.47 rows=4 width=54) (actual time=26919.437..45160.824 rows=85 loops=1)
               Buffers: shared hit=286055 read=3644475
               ->  Nested Loop  (cost=19509.63..5901427.31 rows=37 width=50) (actual time=26582.073..45145.843 rows=1010 loops=1)
                     Buffers: shared hit=282984 read=3643506
                     ->  Hash Join  (cost=19509.20..5897550.38 rows=527 width=50) (actual time=26574.566..44603.616 rows=49141 loops=1)
                           Hash Cond: (catalog_sales.cs_sold_date_sk = date_dim.d_date_sk)
                           Buffers: shared hit=97282 read=3632928
                           ->  Hash Join  (cost=17117.56..5894879.62 rows=106330 width=54) (actual time=100.870..44554.046 rows=207904 loops=1)
                                 Hash Cond: (catalog_sales.cs_item_sk = item.i_item_sk)
                                 Buffers: shared hit=97240 read=3631496
                                 ->  Seq Scan on catalog_sales  (cost=0.00..5874397.76 rows=1281611 width=41) (actual time=0.062..44135.971 rows=1213654 loops=1)
                                       Filter: ((cs_wholesale_cost >= '19'::numeric) AND (cs_wholesale_cost <= '24'::numeric))
                                       Rows Removed by Filter: 142778645
                                       Buffers: shared hit=82884 read=3631496
                                 ->  Hash  (cost=16906.00..16906.00 rows=16925 width=21) (actual time=98.378..98.379 rows=17141 loops=1)
                                       Buckets: 32768  Batches: 1  Memory Usage: 1194kB
                                       Buffers: shared hit=14356
                                       ->  Seq Scan on item  (cost=0.00..16906.00 rows=16925 width=21) (actual time=0.020..95.336 rows=17141 loops=1)
                                             Filter: (i_category = 'Home'::bpchar)
                                             Rows Removed by Filter: 186859
                                             Buffers: shared hit=14356
                           ->  Hash  (cost=2387.11..2387.11 rows=362 width=4) (actual time=22.540..22.540 rows=365 loops=1)
                                 Buckets: 1024  Batches: 1  Memory Usage: 21kB
                                 Buffers: shared hit=42 read=1432
                                 ->  Seq Scan on date_dim  (cost=0.00..2387.11 rows=362 width=4) (actual time=13.625..22.453 rows=365 loops=1)
                                       Filter: (d_year = 2002)
                                       Rows Removed by Filter: 72684
                                       Buffers: shared hit=42 read=1432
                     ->  Index Scan using customer_demographics_pkey on customer_demographics  (cost=0.43..7.36 rows=1 width=8) (actual time=0.011..0.011 rows=0 loops=49141)
                           Index Cond: (cd_demo_sk = catalog_sales.cs_bill_cdemo_sk)
                           Filter: ((cd_gender = 'M'::bpchar) AND (cd_education_status = 'Secondary'::bpchar))
                           Rows Removed by Filter: 1
                           Buffers: shared hit=185702 read=10578
               ->  Index Scan using customer_pkey on customer  (cost=0.43..7.36 rows=1 width=12) (actual time=0.014..0.014 rows=0 loops=1010)
                     Index Cond: (c_customer_sk = catalog_sales.cs_bill_customer_sk)
                     Filter: (c_birth_month = 1)
                     Rows Removed by Filter: 1
                     Buffers: shared hit=3071 read=969
         ->  Index Scan using customer_address_pkey on customer_address  (cost=0.42..7.36 rows=1 width=35) (actual time=0.021..0.021 rows=0 loops=85)
               Index Cond: (ca_address_sk = customer.c_current_addr_sk)
               Filter: (ca_state = ANY ('{GA,KY,NE}'::bpchar[]))
               Rows Removed by Filter: 1
               Buffers: shared hit=170 read=170
 Planning:
   Buffers: shared hit=436 read=18
 Planning Time: 4.823 ms
 Execution Time: 45163.312 ms
(51 rows)

