                                                                            QUERY PLAN                                                                            
------------------------------------------------------------------------------------------------------------------------------------------------------------------
 Aggregate  (cost=5914649.15..5914649.16 rows=1 width=268) (actual time=45487.104..45487.109 rows=1 loops=1)
   Buffers: shared hit=127460 read=3645087
   ->  Nested Loop  (cost=17045.03..5914649.12 rows=1 width=81) (actual time=8540.116..45487.074 rows=3 loops=1)
         Buffers: shared hit=127460 read=3645087
         ->  Nested Loop  (cost=17044.61..5914627.05 rows=3 width=81) (actual time=6389.108..45486.098 rows=57 loops=1)
               Buffers: shared hit=127238 read=3645081
               ->  Nested Loop  (cost=17044.18..5914332.83 rows=40 width=54) (actual time=6192.355..45470.041 rows=978 loops=1)
                     Buffers: shared hit=125211 read=3643196
                     ->  Nested Loop  (cost=17043.75..5911817.14 rows=342 width=50) (actual time=6170.525..45346.249 rows=8325 loops=1)
                           Buffers: shared hit=100173 read=3634974
                           ->  Hash Join  (cost=17043.45..5894805.51 rows=69081 width=54) (actual time=132.266..45280.474 rows=73082 loops=1)
                                 Hash Cond: (catalog_sales.cs_item_sk = item.i_item_sk)
                                 Buffers: shared hit=93762 read=3634974
                                 ->  Seq Scan on catalog_sales  (cost=0.00..5874397.76 rows=1281611 width=41) (actual time=0.115..44853.696 rows=1213654 loops=1)
                                       Filter: ((cs_wholesale_cost >= '21'::numeric) AND (cs_wholesale_cost <= '26'::numeric))
                                       Rows Removed by Filter: 142778645
                                       Buffers: shared hit=79436 read=3634944
                                 ->  Hash  (cost=16906.00..16906.00 rows=10996 width=21) (actual time=132.050..132.051 rows=11037 loops=1)
                                       Buckets: 16384  Batches: 1  Memory Usage: 732kB
                                       Buffers: shared hit=14326 read=30
                                       ->  Seq Scan on item  (cost=0.00..16906.00 rows=10996 width=21) (actual time=0.074..129.348 rows=11037 loops=1)
                                             Filter: (i_category = 'Women'::bpchar)
                                             Rows Removed by Filter: 192963
                                             Buffers: shared hit=14326 read=30
                           ->  Memoize  (cost=0.30..7.22 rows=1 width=4) (actual time=0.001..0.001 rows=0 loops=73082)
                                 Cache Key: catalog_sales.cs_sold_date_sk
                                 Cache Mode: logical
                                 Hits: 70944  Misses: 2138  Evictions: 0  Overflows: 0  Memory Usage: 155kB
                                 Buffers: shared hit=6411
                                 ->  Index Scan using date_dim_pkey on date_dim  (cost=0.29..7.21 rows=1 width=4) (actual time=0.012..0.012 rows=0 loops=2138)
                                       Index Cond: (d_date_sk = catalog_sales.cs_sold_date_sk)
                                       Filter: (d_year = 1999)
                                       Rows Removed by Filter: 1
                                       Buffers: shared hit=6411
                     ->  Index Scan using customer_pkey on customer  (cost=0.43..7.36 rows=1 width=12) (actual time=0.015..0.015 rows=0 loops=8325)
                           Index Cond: (c_customer_sk = catalog_sales.cs_bill_customer_sk)
                           Filter: (c_birth_month = 8)
                           Rows Removed by Filter: 1
                           Buffers: shared hit=25038 read=8222
               ->  Index Scan using customer_address_pkey on customer_address  (cost=0.42..7.36 rows=1 width=35) (actual time=0.016..0.016 rows=0 loops=978)
                     Index Cond: (ca_address_sk = customer.c_current_addr_sk)
                     Filter: (ca_state = ANY ('{IN,MI,MO}'::bpchar[]))
                     Rows Removed by Filter: 1
                     Buffers: shared hit=2027 read=1885
         ->  Index Scan using customer_demographics_pkey on customer_demographics  (cost=0.43..7.36 rows=1 width=8) (actual time=0.016..0.016 rows=0 loops=57)
               Index Cond: (cd_demo_sk = catalog_sales.cs_bill_cdemo_sk)
               Filter: ((cd_gender = 'F'::bpchar) AND (cd_education_status = 'Advanced Degree'::bpchar))
               Rows Removed by Filter: 1
               Buffers: shared hit=222 read=6
 Planning:
   Buffers: shared hit=437 read=17
 Planning Time: 3.836 ms
 Execution Time: 45487.475 ms
(53 rows)

