                                                                                  QUERY PLAN                                                                                  
------------------------------------------------------------------------------------------------------------------------------------------------------------------------------
 Aggregate  (cost=5937278.11..5937278.12 rows=1 width=268) (actual time=46648.622..46648.627 rows=1 loops=1)
   Buffers: shared hit=175724 read=3695551
   ->  Nested Loop  (cost=17180.68..5937278.08 rows=1 width=81) (actual time=6860.952..46648.566 rows=7 loops=1)
         Buffers: shared hit=175724 read=3695551
         ->  Nested Loop  (cost=17180.26..5937131.00 rows=20 width=54) (actual time=6299.164..46646.164 rows=117 loops=1)
               Buffers: shared hit=175488 read=3695319
               ->  Nested Loop  (cost=17179.83..5936248.44 rows=120 width=50) (actual time=6239.160..46635.037 rows=691 loops=1)
                     Buffers: shared hit=172853 read=3695190
                     ->  Nested Loop  (cost=17179.40..5923787.26 rows=1694 width=50) (actual time=6226.354..46222.236 rows=33265 loops=1)
                           Buffers: shared hit=59926 read=3675221
                           ->  Hash Join  (cost=17179.10..5899956.11 rows=341860 width=54) (actual time=118.574..46102.462 rows=276459 loops=1)
                                 Hash Cond: (catalog_sales.cs_item_sk = item.i_item_sk)
                                 Buffers: shared hit=53515 read=3675221
                                 ->  Seq Scan on catalog_sales  (cost=0.00..5874397.76 rows=3192026 width=41) (actual time=0.029..45249.832 rows=3238451 loops=1)
                                       Filter: ((cs_wholesale_cost >= '28'::numeric) AND (cs_wholesale_cost <= '33'::numeric))
                                       Rows Removed by Filter: 140753848
                                       Buffers: shared hit=39159 read=3675221
                                 ->  Hash  (cost=16906.00..16906.00 rows=21848 width=21) (actual time=118.342..118.343 rows=21811 loops=1)
                                       Buckets: 32768  Batches: 1  Memory Usage: 1449kB
                                       Buffers: shared hit=14356
                                       ->  Seq Scan on item  (cost=0.00..16906.00 rows=21848 width=21) (actual time=0.024..113.792 rows=21811 loops=1)
                                             Filter: (i_category = 'Sports'::bpchar)
                                             Rows Removed by Filter: 182189
                                             Buffers: shared hit=14356
                           ->  Memoize  (cost=0.30..7.22 rows=1 width=4) (actual time=0.000..0.000 rows=0 loops=276459)
                                 Cache Key: catalog_sales.cs_sold_date_sk
                                 Cache Mode: logical
                                 Hits: 274321  Misses: 2138  Evictions: 0  Overflows: 0  Memory Usage: 155kB
                                 Buffers: shared hit=6411
                                 ->  Index Scan using date_dim_pkey on date_dim  (cost=0.29..7.21 rows=1 width=4) (actual time=0.012..0.012 rows=0 loops=2138)
                                       Index Cond: (d_date_sk = catalog_sales.cs_sold_date_sk)
                                       Filter: (d_year = 1999)
                                       Rows Removed by Filter: 1
                                       Buffers: shared hit=6411
                     ->  Index Scan using customer_demographics_pkey on customer_demographics  (cost=0.43..7.36 rows=1 width=8) (actual time=0.012..0.012 rows=0 loops=33265)
                           Index Cond: (cd_demo_sk = catalog_sales.cs_bill_cdemo_sk)
                           Filter: ((cd_gender = 'F'::bpchar) AND (cd_education_status = 'Primary'::bpchar))
                           Rows Removed by Filter: 1
                           Buffers: shared hit=112927 read=19969
               ->  Index Scan using customer_pkey on customer  (cost=0.43..7.35 rows=1 width=12) (actual time=0.015..0.015 rows=0 loops=691)
                     Index Cond: (c_customer_sk = catalog_sales.cs_bill_customer_sk)
                     Filter: (c_birth_month = 4)
                     Rows Removed by Filter: 1
                     Buffers: shared hit=2635 read=129
         ->  Index Scan using customer_address_pkey on customer_address  (cost=0.42..7.35 rows=1 width=35) (actual time=0.019..0.019 rows=0 loops=117)
               Index Cond: (ca_address_sk = customer.c_current_addr_sk)
               Filter: (ca_state = ANY ('{MS,OH,SD}'::bpchar[]))
               Rows Removed by Filter: 1
               Buffers: shared hit=236 read=232
 Planning:
   Buffers: shared hit=454
 Planning Time: 2.559 ms
 Execution Time: 46648.996 ms
(53 rows)

