                                                                            QUERY PLAN                                                                            
------------------------------------------------------------------------------------------------------------------------------------------------------------------
 Aggregate  (cost=5957234.23..5957234.24 rows=1 width=268) (actual time=48929.925..48929.931 rows=1 loops=1)
   Buffers: shared hit=449599 read=3714120
   ->  Nested Loop  (cost=17045.03..5957234.20 rows=1 width=81) (actual time=21329.131..48929.879 rows=6 loops=1)
         Buffers: shared hit=449599 read=3714120
         ->  Nested Loop  (cost=17044.61..5957175.35 rows=8 width=81) (actual time=20339.275..48924.588 rows=360 loops=1)
               Buffers: shared hit=448371 read=3713908
               ->  Nested Loop  (cost=17044.18..5956225.91 rows=129 width=54) (actual time=20329.467..48833.715 rows=5854 loops=1)
                     Buffers: shared hit=435788 read=3703075
                     ->  Nested Loop  (cost=17043.75..5939848.11 rows=2227 width=50) (actual time=20327.594..47775.887 rows=101065 loops=1)
                           Buffers: shared hit=55619 read=3679528
                           ->  Hash Join  (cost=17043.45..5913328.05 rows=449417 width=54) (actual time=109.391..47595.001 rows=499325 loops=1)
                                 Hash Cond: (catalog_sales.cs_item_sk = item.i_item_sk)
                                 Buffers: shared hit=49208 read=3679528
                                 ->  Seq Scan on catalog_sales  (cost=0.00..5874397.76 rows=8337669 width=41) (actual time=0.288..46017.093 rows=8349119 loops=1)
                                       Filter: ((cs_wholesale_cost >= '11'::numeric) AND (cs_wholesale_cost <= '16'::numeric))
                                       Rows Removed by Filter: 135643180
                                       Buffers: shared hit=34852 read=3679528
                                 ->  Hash  (cost=16906.00..16906.00 rows=10996 width=21) (actual time=108.956..108.957 rows=11037 loops=1)
                                       Buckets: 16384  Batches: 1  Memory Usage: 732kB
                                       Buffers: shared hit=14356
                                       ->  Seq Scan on item  (cost=0.00..16906.00 rows=10996 width=21) (actual time=0.034..106.637 rows=11037 loops=1)
                                             Filter: (i_category = 'Women'::bpchar)
                                             Rows Removed by Filter: 192963
                                             Buffers: shared hit=14356
                           ->  Memoize  (cost=0.30..7.22 rows=1 width=4) (actual time=0.000..0.000 rows=0 loops=499325)
                                 Cache Key: catalog_sales.cs_sold_date_sk
                                 Cache Mode: logical
                                 Hits: 497187  Misses: 2138  Evictions: 0  Overflows: 0  Memory Usage: 155kB
                                 Buffers: shared hit=6411
                                 ->  Index Scan using date_dim_pkey on date_dim  (cost=0.29..7.21 rows=1 width=4) (actual time=0.012..0.012 rows=0 loops=2138)
                                       Index Cond: (d_date_sk = catalog_sales.cs_sold_date_sk)
                                       Filter: (d_year = 2001)
                                       Rows Removed by Filter: 1
                                       Buffers: shared hit=6411
                     ->  Index Scan using customer_pkey on customer  (cost=0.43..7.35 rows=1 width=12) (actual time=0.010..0.010 rows=0 loops=101065)
                           Index Cond: (c_customer_sk = catalog_sales.cs_bill_customer_sk)
                           Filter: (c_birth_month = 3)
                           Rows Removed by Filter: 1
                           Buffers: shared hit=380169 read=23547
               ->  Index Scan using customer_address_pkey on customer_address  (cost=0.42..7.36 rows=1 width=35) (actual time=0.015..0.015 rows=0 loops=5854)
                     Index Cond: (ca_address_sk = customer.c_current_addr_sk)
                     Filter: (ca_state = ANY ('{IN,MN,UT}'::bpchar[]))
                     Rows Removed by Filter: 1
                     Buffers: shared hit=12583 read=10833
         ->  Index Scan using customer_demographics_pkey on customer_demographics  (cost=0.43..7.36 rows=1 width=8) (actual time=0.014..0.014 rows=0 loops=360)
               Index Cond: (cd_demo_sk = catalog_sales.cs_bill_cdemo_sk)
               Filter: ((cd_gender = 'F'::bpchar) AND (cd_education_status = 'Secondary'::bpchar))
               Rows Removed by Filter: 1
               Buffers: shared hit=1228 read=212
 Planning:
   Buffers: shared hit=454
 Planning Time: 3.453 ms
 Execution Time: 48930.347 ms
(53 rows)

