                                                                                  QUERY PLAN                                                                                  
------------------------------------------------------------------------------------------------------------------------------------------------------------------------------
 Aggregate  (cost=5908787.12..5908787.13 rows=1 width=268) (actual time=45766.942..45766.947 rows=1 loops=1)
   Buffers: shared hit=208413 read=3694421
   ->  Nested Loop  (cost=19829.07..5908787.09 rows=1 width=81) (actual time=1341.472..45766.903 rows=5 loops=1)
         Buffers: shared hit=208413 read=3694421
         ->  Nested Loop  (cost=19828.64..5908713.53 rows=10 width=54) (actual time=220.315..45763.887 rows=152 loops=1)
               Buffers: shared hit=208072 read=3694154
               ->  Nested Loop  (cost=19828.22..5908000.01 rows=97 width=50) (actual time=144.084..45739.655 rows=1575 loops=1)
                     Buffers: shared hit=202275 read=3693651
                     ->  Hash Join  (cost=19827.79..5898289.32 rows=1320 width=50) (actual time=138.711..45240.347 rows=41486 loops=1)
                           Hash Cond: (catalog_sales.cs_sold_date_sk = date_dim.d_date_sk)
                           Buffers: shared hit=60833 read=3669377
                           ->  Hash Join  (cost=17436.15..5895198.21 rows=266449 width=54) (actual time=117.339..45187.169 rows=263335 loops=1)
                                 Hash Cond: (catalog_sales.cs_item_sk = item.i_item_sk)
                                 Buffers: shared hit=60791 read=3667945
                                 ->  Seq Scan on catalog_sales  (cost=0.00..5874397.76 rows=1281611 width=41) (actual time=0.049..44714.094 rows=1213654 loops=1)
                                       Filter: ((cs_wholesale_cost >= '17'::numeric) AND (cs_wholesale_cost <= '22'::numeric))
                                       Rows Removed by Filter: 142778645
                                       Buffers: shared hit=46435 read=3667945
                                 ->  Hash  (cost=16906.00..16906.00 rows=42412 width=21) (actual time=117.051..117.052 rows=42041 loops=1)
                                       Buckets: 65536  Batches: 1  Memory Usage: 2812kB
                                       Buffers: shared hit=14356
                                       ->  Seq Scan on item  (cost=0.00..16906.00 rows=42412 width=21) (actual time=0.012..109.935 rows=42041 loops=1)
                                             Filter: (i_category = 'Electronics'::bpchar)
                                             Rows Removed by Filter: 161959
                                             Buffers: shared hit=14356
                           ->  Hash  (cost=2387.11..2387.11 rows=362 width=4) (actual time=21.343..21.343 rows=365 loops=1)
                                 Buckets: 1024  Batches: 1  Memory Usage: 21kB
                                 Buffers: shared hit=42 read=1432
                                 ->  Seq Scan on date_dim  (cost=0.00..2387.11 rows=362 width=4) (actual time=11.997..21.282 rows=365 loops=1)
                                       Filter: (d_year = 1998)
                                       Rows Removed by Filter: 72684
                                       Buffers: shared hit=42 read=1432
                     ->  Index Scan using customer_demographics_pkey on customer_demographics  (cost=0.43..7.36 rows=1 width=8) (actual time=0.012..0.012 rows=0 loops=41486)
                           Index Cond: (cd_demo_sk = catalog_sales.cs_bill_cdemo_sk)
                           Filter: ((cd_gender = 'F'::bpchar) AND (cd_education_status = '4 yr Degree'::bpchar))
                           Rows Removed by Filter: 1
                           Buffers: shared hit=141442 read=24274
               ->  Index Scan using customer_pkey on customer  (cost=0.43..7.36 rows=1 width=12) (actual time=0.015..0.015 rows=0 loops=1575)
                     Index Cond: (c_customer_sk = catalog_sales.cs_bill_customer_sk)
                     Filter: (c_birth_month = 1)
                     Rows Removed by Filter: 1
                     Buffers: shared hit=5797 read=503
         ->  Index Scan using customer_address_pkey on customer_address  (cost=0.42..7.36 rows=1 width=35) (actual time=0.018..0.018 rows=0 loops=152)
               Index Cond: (ca_address_sk = customer.c_current_addr_sk)
               Filter: (ca_state = ANY ('{AK,MN,TX}'::bpchar[]))
               Rows Removed by Filter: 1
               Buffers: shared hit=341 read=267
 Planning:
   Buffers: shared hit=454
 Planning Time: 4.446 ms
 Execution Time: 45767.520 ms
(51 rows)

