                                                                              QUERY PLAN                                                                               
-----------------------------------------------------------------------------------------------------------------------------------------------------------------------
 Aggregate  (cost=5980517.35..5980517.36 rows=1 width=268) (actual time=45932.429..45932.434 rows=1 loops=1)
   Buffers: shared hit=535519 read=3724736
   ->  Nested Loop  (cost=17242.40..5980517.29 rows=2 width=81) (actual time=26570.620..45932.342 rows=12 loops=1)
         Buffers: shared hit=535519 read=3724736
         ->  Nested Loop  (cost=17241.97..5980406.87 rows=15 width=54) (actual time=26495.988..45927.180 rows=268 loops=1)
               Buffers: shared hit=534946 read=3724237
               ->  Nested Loop  (cost=17241.54..5978832.71 rows=214 width=54) (actual time=26477.601..45854.639 rows=6016 loops=1)
                     Buffers: shared hit=514455 read=3720696
                     ->  Nested Loop  (cost=17241.12..5946650.42 rows=4376 width=50) (actual time=26475.648..44438.477 rows=125162 loops=1)
                           Buffers: shared hit=98106 read=3637041
                           ->  Hash Join  (cost=17240.81..5909291.68 rows=882967 width=54) (actual time=135.439..44217.677 rows=641907 loops=1)
                                 Hash Cond: (catalog_sales.cs_item_sk = item.i_item_sk)
                                 Buffers: shared hit=91695 read=3637041
                                 ->  Seq Scan on catalog_sales  (cost=0.00..5874397.76 rows=6724855 width=41) (actual time=0.051..42625.270 rows=6763882 loops=1)
                                       Filter: ((cs_wholesale_cost >= '72'::numeric) AND (cs_wholesale_cost <= '77'::numeric))
                                       Rows Removed by Filter: 137228417
                                       Buffers: shared hit=77339 read=3637041
                                 ->  Hash  (cost=16906.00..16906.00 rows=26785 width=21) (actual time=135.054..135.055 rows=26695 loops=1)
                                       Buckets: 32768  Batches: 1  Memory Usage: 1716kB
                                       Buffers: shared hit=14356
                                       ->  Seq Scan on item  (cost=0.00..16906.00 rows=26785 width=21) (actual time=0.021..129.552 rows=26695 loops=1)
                                             Filter: (i_category = 'Children'::bpchar)
                                             Rows Removed by Filter: 177305
                                             Buffers: shared hit=14356
                           ->  Memoize  (cost=0.30..7.22 rows=1 width=4) (actual time=0.000..0.000 rows=0 loops=641907)
                                 Cache Key: catalog_sales.cs_sold_date_sk
                                 Cache Mode: logical
                                 Hits: 639769  Misses: 2138  Evictions: 0  Overflows: 0  Memory Usage: 155kB
                                 Buffers: shared hit=6411
                                 ->  Index Scan using date_dim_pkey on date_dim  (cost=0.29..7.21 rows=1 width=4) (actual time=0.012..0.012 rows=0 loops=2138)
                                       Index Cond: (d_date_sk = catalog_sales.cs_sold_date_sk)
                                       Filter: (d_year = 2002)
                                       Rows Removed by Filter: 1
                                       Buffers: shared hit=6411
                     ->  Index Scan using customer_pkey on customer  (cost=0.43..7.35 rows=1 width=12) (actual time=0.011..0.011 rows=0 loops=125162)
                           Index Cond: (c_customer_sk = catalog_sales.cs_bill_customer_sk)
                           Filter: (c_birth_month = 7)
                           Rows Removed by Filter: 1
                           Buffers: shared hit=416349 read=83655
               ->  Index Scan using customer_demographics_pkey on customer_demographics  (cost=0.43..7.36 rows=1 width=8) (actual time=0.012..0.012 rows=0 loops=6016)
                     Index Cond: (cd_demo_sk = catalog_sales.cs_bill_cdemo_sk)
                     Filter: ((cd_gender = 'F'::bpchar) AND (cd_education_status = 'Unknown'::bpchar))
                     Rows Removed by Filter: 1
                     Buffers: shared hit=20491 read=3541
         ->  Index Scan using customer_address_pkey on customer_address  (cost=0.42..7.36 rows=1 width=35) (actual time=0.018..0.018 rows=0 loops=268)
               Index Cond: (ca_address_sk = customer.c_current_addr_sk)
               Filter: (ca_state = ANY ('{GA,OH,TX}'::bpchar[]))
               Rows Removed by Filter: 1
               Buffers: shared hit=573 read=499
 Planning:
   Buffers: shared hit=454
 Planning Time: 4.628 ms
 Execution Time: 45933.074 ms
(53 rows)

