                                                                             QUERY PLAN                                                                             
--------------------------------------------------------------------------------------------------------------------------------------------------------------------
 Aggregate  (cost=6022058.61..6022058.62 rows=1 width=268) (actual time=52753.224..52753.230 rows=1 loops=1)
   Buffers: shared hit=1198655 read=3856431
   ->  Nested Loop  (cost=19717.88..6022058.53 rows=3 width=81) (actual time=12815.852..52753.048 rows=25 loops=1)
         Buffers: shared hit=1198655 read=3856431
         ->  Nested Loop  (cost=19717.45..6021764.30 rows=40 width=81) (actual time=12580.083..52725.932 rows=1295 loops=1)
               Buffers: shared hit=1194373 read=3855533
               ->  Nested Loop  (cost=19717.03..6015884.84 rows=799 width=54) (actual time=12568.397..52390.158 rows=20773 loops=1)
                     Buffers: shared hit=1134483 read=3832331
                     ->  Hash Join  (cost=19716.60..5931357.04 rows=11494 width=50) (actual time=12567.238..48347.091 rows=309536 loops=1)
                           Hash Cond: (catalog_sales.cs_item_sk = item.i_item_sk)
                           Buffers: shared hit=2837 read=3727373
                           ->  Hash Join  (cost=2391.64..5913848.44 rows=69957 width=37) (actual time=12444.996..47818.304 rows=2245146 loops=1)
                                 Hash Cond: (catalog_sales.cs_sold_date_sk = date_dim.d_date_sk)
                                 Buffers: shared hit=364 read=3715490
                                 ->  Seq Scan on catalog_sales  (cost=0.00..5874397.76 rows=14116916 width=41) (actual time=0.057..46283.450 rows=14129630 loops=1)
                                       Filter: ((cs_wholesale_cost >= '15'::numeric) AND (cs_wholesale_cost <= '20'::numeric))
                                       Rows Removed by Filter: 129862669
                                       Buffers: shared hit=322 read=3714058
                                 ->  Hash  (cost=2387.11..2387.11 rows=362 width=4) (actual time=21.748..21.749 rows=366 loops=1)
                                       Buckets: 1024  Batches: 1  Memory Usage: 21kB
                                       Buffers: shared hit=42 read=1432
                                       ->  Seq Scan on date_dim  (cost=0.00..2387.11 rows=362 width=4) (actual time=12.477..21.647 rows=366 loops=1)
                                             Filter: (d_year = 2000)
                                             Rows Removed by Filter: 72683
                                             Buffers: shared hit=42 read=1432
                           ->  Hash  (cost=16906.00..16906.00 rows=33517 width=21) (actual time=122.012..122.013 rows=33627 loops=1)
                                 Buckets: 65536  Batches: 1  Memory Usage: 2351kB
                                 Buffers: shared hit=2473 read=11883
                                 ->  Seq Scan on item  (cost=0.00..16906.00 rows=33517 width=21) (actual time=0.024..114.665 rows=33627 loops=1)
                                       Filter: (i_category = 'Shoes'::bpchar)
                                       Rows Removed by Filter: 170373
                                       Buffers: shared hit=2473 read=11883
                     ->  Index Scan using customer_pkey on customer  (cost=0.43..7.35 rows=1 width=12) (actual time=0.013..0.013 rows=0 loops=309536)
                           Index Cond: (c_customer_sk = catalog_sales.cs_bill_customer_sk)
                           Filter: (c_birth_month = 12)
                           Rows Removed by Filter: 1
                           Buffers: shared hit=1131646 read=104958
               ->  Index Scan using customer_address_pkey on customer_address  (cost=0.42..7.36 rows=1 width=35) (actual time=0.016..0.016 rows=0 loops=20773)
                     Index Cond: (ca_address_sk = customer.c_current_addr_sk)
                     Filter: (ca_state = ANY ('{AR,NY,UT}'::bpchar[]))
                     Rows Removed by Filter: 1
                     Buffers: shared hit=59890 read=23202
         ->  Index Scan using customer_demographics_pkey on customer_demographics  (cost=0.43..7.36 rows=1 width=8) (actual time=0.020..0.020 rows=0 loops=1295)
               Index Cond: (cd_demo_sk = catalog_sales.cs_bill_cdemo_sk)
               Filter: ((cd_gender = 'F'::bpchar) AND (cd_education_status = 'Primary'::bpchar))
               Rows Removed by Filter: 1
               Buffers: shared hit=4282 read=898
 Planning:
   Buffers: shared hit=404 read=50
 Planning Time: 4.572 ms
 Execution Time: 52753.765 ms
(51 rows)

