                                                                              QUERY PLAN                                                                               
-----------------------------------------------------------------------------------------------------------------------------------------------------------------------
 Aggregate  (cost=6029486.69..6029486.70 rows=1 width=268) (actual time=49460.004..49460.010 rows=1 loops=1)
   Buffers: shared hit=682863 read=3710500
   ->  Nested Loop  (cost=17326.55..6029486.63 rows=2 width=81) (actual time=27227.212..49459.986 rows=2 loops=1)
         Buffers: shared hit=682863 read=3710500
         ->  Nested Loop  (cost=17326.12..6029354.02 rows=18 width=54) (actual time=20567.273..49458.075 rows=111 loops=1)
               Buffers: shared hit=682531 read=3710388
               ->  Nested Loop  (cost=17325.69..6027537.13 rows=247 width=54) (actual time=20441.649..49387.441 rows=5198 loops=1)
                     Buffers: shared hit=668064 read=3704079
                     ->  Nested Loop  (cost=17325.27..5970799.74 rows=7715 width=50) (actual time=20438.948..47839.252 rows=159445 loops=1)
                           Buffers: shared hit=64870 read=3670277
                           ->  Hash Join  (cost=17324.96..5916595.84 rows=1556779 width=54) (actual time=136.560..47477.802 rows=1164985 loops=1)
                                 Hash Cond: (catalog_sales.cs_item_sk = item.i_item_sk)
                                 Buffers: shared hit=58467 read=3670269
                                 ->  Seq Scan on catalog_sales  (cost=0.00..5874397.76 rows=9475278 width=41) (actual time=0.062..45465.873 rows=9280537 loops=1)
                                       Filter: ((cs_wholesale_cost >= '5'::numeric) AND (cs_wholesale_cost <= '10'::numeric))
                                       Rows Removed by Filter: 134711762
                                       Buffers: shared hit=58467 read=3655913
                                 ->  Hash  (cost=16906.00..16906.00 rows=33517 width=21) (actual time=136.050..136.051 rows=33627 loops=1)
                                       Buckets: 65536  Batches: 1  Memory Usage: 2351kB
                                       Buffers: shared read=14356
                                       ->  Seq Scan on item  (cost=0.00..16906.00 rows=33517 width=21) (actual time=0.039..128.060 rows=33627 loops=1)
                                             Filter: (i_category = 'Shoes'::bpchar)
                                             Rows Removed by Filter: 170373
                                             Buffers: shared read=14356
                           ->  Memoize  (cost=0.30..7.22 rows=1 width=4) (actual time=0.000..0.000 rows=0 loops=1164985)
                                 Cache Key: catalog_sales.cs_sold_date_sk
                                 Cache Mode: logical
                                 Hits: 1162847  Misses: 2138  Evictions: 0  Overflows: 0  Memory Usage: 155kB
                                 Buffers: shared hit=6403 read=8
                                 ->  Index Scan using date_dim_pkey on date_dim  (cost=0.29..7.21 rows=1 width=4) (actual time=0.012..0.012 rows=0 loops=2138)
                                       Index Cond: (d_date_sk = catalog_sales.cs_sold_date_sk)
                                       Filter: (d_year = 2001)
                                       Rows Removed by Filter: 1
                                       Buffers: shared hit=6403 read=8
                     ->  Index Scan using customer_pkey on customer  (cost=0.43..7.35 rows=1 width=12) (actual time=0.010..0.010 rows=0 loops=159445)
                           Index Cond: (c_customer_sk = catalog_sales.cs_bill_customer_sk)
                           Filter: (c_birth_month = 6)
                           Rows Removed by Filter: 1
                           Buffers: shared hit=603194 read=33802
               ->  Index Scan using customer_demographics_pkey on customer_demographics  (cost=0.43..7.36 rows=1 width=8) (actual time=0.013..0.013 rows=0 loops=5198)
                     Index Cond: (cd_demo_sk = catalog_sales.cs_bill_cdemo_sk)
                     Filter: ((cd_gender = 'M'::bpchar) AND (cd_education_status = 'Secondary'::bpchar))
                     Rows Removed by Filter: 1
                     Buffers: shared hit=14467 read=6309
         ->  Index Scan using customer_address_pkey on customer_address  (cost=0.42..7.37 rows=1 width=35) (actual time=0.016..0.016 rows=0 loops=111)
               Index Cond: (ca_address_sk = customer.c_current_addr_sk)
               Filter: (ca_state = ANY ('{FL,NY,TX}'::bpchar[]))
               Rows Removed by Filter: 1
               Buffers: shared hit=332 read=112
 Planning:
   Buffers: shared hit=404 read=50
 Planning Time: 4.984 ms
 Execution Time: 49460.765 ms
(53 rows)

