                                                                              QUERY PLAN                                                                               
-----------------------------------------------------------------------------------------------------------------------------------------------------------------------
 Aggregate  (cost=5941578.24..5941578.25 rows=1 width=268) (actual time=45992.124..45992.129 rows=1 loops=1)
   Buffers: shared hit=255071 read=3676280
   ->  Nested Loop  (cost=17242.40..5941578.21 rows=1 width=81) (actual time=6438.190..45991.997 rows=17 loops=1)
         Buffers: shared hit=255071 read=3676280
         ->  Nested Loop  (cost=17241.97..5941541.37 rows=5 width=54) (actual time=6186.684..45987.524 rows=260 loops=1)
               Buffers: shared hit=254312 read=3675999
               ->  Nested Loop  (cost=17241.54..5941055.87 rows=66 width=54) (actual time=6162.349..45963.708 rows=1609 loops=1)
                     Buffers: shared hit=249815 read=3674072
                     ->  Nested Loop  (cost=17241.12..5925780.22 rows=2077 width=50) (actual time=6157.386..45432.292 rows=47254 loops=1)
                           Buffers: shared hit=70395 read=3664752
                           ->  Hash Join  (cost=17240.81..5900017.82 rows=419110 width=54) (actual time=119.893..45305.972 rows=307203 loops=1)
                                 Hash Cond: (catalog_sales.cs_item_sk = item.i_item_sk)
                                 Buffers: shared hit=63984 read=3664752
                                 ->  Seq Scan on catalog_sales  (cost=0.00..5874397.76 rows=3192026 width=41) (actual time=0.048..44421.315 rows=3238451 loops=1)
                                       Filter: ((cs_wholesale_cost >= '31'::numeric) AND (cs_wholesale_cost <= '36'::numeric))
                                       Rows Removed by Filter: 140753848
                                       Buffers: shared hit=49628 read=3664752
                                 ->  Hash  (cost=16906.00..16906.00 rows=26785 width=21) (actual time=119.563..119.564 rows=26695 loops=1)
                                       Buckets: 32768  Batches: 1  Memory Usage: 1716kB
                                       Buffers: shared hit=14356
                                       ->  Seq Scan on item  (cost=0.00..16906.00 rows=26785 width=21) (actual time=0.014..114.109 rows=26695 loops=1)
                                             Filter: (i_category = 'Children'::bpchar)
                                             Rows Removed by Filter: 177305
                                             Buffers: shared hit=14356
                           ->  Memoize  (cost=0.30..7.22 rows=1 width=4) (actual time=0.000..0.000 rows=0 loops=307203)
                                 Cache Key: catalog_sales.cs_sold_date_sk
                                 Cache Mode: logical
                                 Hits: 305065  Misses: 2138  Evictions: 0  Overflows: 0  Memory Usage: 155kB
                                 Buffers: shared hit=6411
                                 ->  Index Scan using date_dim_pkey on date_dim  (cost=0.29..7.21 rows=1 width=4) (actual time=0.012..0.012 rows=0 loops=2138)
                                       Index Cond: (d_date_sk = catalog_sales.cs_sold_date_sk)
                                       Filter: (d_year = 1999)
                                       Rows Removed by Filter: 1
                                       Buffers: shared hit=6411
                     ->  Index Scan using customer_pkey on customer  (cost=0.43..7.35 rows=1 width=12) (actual time=0.011..0.011 rows=0 loops=47254)
                           Index Cond: (c_customer_sk = catalog_sales.cs_bill_customer_sk)
                           Filter: (c_birth_month = 6)
                           Rows Removed by Filter: 1
                           Buffers: shared hit=179420 read=9320
               ->  Index Scan using customer_demographics_pkey on customer_demographics  (cost=0.43..7.36 rows=1 width=8) (actual time=0.014..0.014 rows=0 loops=1609)
                     Index Cond: (cd_demo_sk = catalog_sales.cs_bill_cdemo_sk)
                     Filter: ((cd_gender = 'M'::bpchar) AND (cd_education_status = 'Unknown'::bpchar))
                     Rows Removed by Filter: 1
                     Buffers: shared hit=4497 read=1927
         ->  Index Scan using customer_address_pkey on customer_address  (cost=0.42..7.37 rows=1 width=35) (actual time=0.016..0.016 rows=0 loops=260)
               Index Cond: (ca_address_sk = customer.c_current_addr_sk)
               Filter: (ca_state = ANY ('{AR,MN,VA}'::bpchar[]))
               Rows Removed by Filter: 1
               Buffers: shared hit=759 read=281
 Planning:
   Buffers: shared hit=454
 Planning Time: 4.450 ms
 Execution Time: 45992.757 ms
(53 rows)

