                                                                                  QUERY PLAN                                                                                  
------------------------------------------------------------------------------------------------------------------------------------------------------------------------------
 Aggregate  (cost=5932206.16..5932206.17 rows=1 width=268) (actual time=44968.748..44968.753 rows=1 loops=1)
   Buffers: shared hit=116477 read=3673067
   ->  Nested Loop  (cost=16954.16..5932206.13 rows=1 width=81) (actual time=26574.943..44968.695 rows=7 loops=1)
         Buffers: shared hit=116477 read=3673067
         ->  Nested Loop  (cost=16953.73..5932154.65 rows=7 width=54) (actual time=26574.907..44966.350 rows=120 loops=1)
               Buffers: shared hit=116154 read=3672910
               ->  Nested Loop  (cost=16953.31..5931838.42 rows=43 width=50) (actual time=26515.299..44952.409 rows=828 loops=1)
                     Buffers: shared hit=113033 read=3672719
                     ->  Nested Loop  (cost=16952.88..5927358.68 rows=609 width=50) (actual time=26515.268..44764.809 rows=12668 loops=1)
                           Buffers: shared hit=78372 read=3656772
                           ->  Hash Join  (cost=16952.58..5909003.45 rows=122827 width=54) (actual time=111.146..44695.173 rows=61151 loops=1)
                                 Hash Cond: (catalog_sales.cs_item_sk = item.i_item_sk)
                                 Buffers: shared hit=71964 read=3656772
                                 ->  Seq Scan on catalog_sales  (cost=0.00..5874397.76 rows=6724855 width=41) (actual time=0.042..43529.360 rows=6763882 loops=1)
                                       Filter: ((cs_wholesale_cost >= '69'::numeric) AND (cs_wholesale_cost <= '74'::numeric))
                                       Rows Removed by Filter: 137228417
                                       Buffers: shared hit=57608 read=3656772
                                 ->  Hash  (cost=16906.00..16906.00 rows=3726 width=21) (actual time=110.591..110.592 rows=3713 loops=1)
                                       Buckets: 4096  Batches: 1  Memory Usage: 236kB
                                       Buffers: shared hit=14356
                                       ->  Seq Scan on item  (cost=0.00..16906.00 rows=3726 width=21) (actual time=0.034..109.590 rows=3713 loops=1)
                                             Filter: (i_category = 'Music'::bpchar)
                                             Rows Removed by Filter: 200287
                                             Buffers: shared hit=14356
                           ->  Memoize  (cost=0.30..7.22 rows=1 width=4) (actual time=0.001..0.001 rows=0 loops=61151)
                                 Cache Key: catalog_sales.cs_sold_date_sk
                                 Cache Mode: logical
                                 Hits: 59014  Misses: 2137  Evictions: 0  Overflows: 0  Memory Usage: 155kB
                                 Buffers: shared hit=6408
                                 ->  Index Scan using date_dim_pkey on date_dim  (cost=0.29..7.21 rows=1 width=4) (actual time=0.014..0.014 rows=0 loops=2137)
                                       Index Cond: (d_date_sk = catalog_sales.cs_sold_date_sk)
                                       Filter: (d_year = 2002)
                                       Rows Removed by Filter: 1
                                       Buffers: shared hit=6408
                     ->  Index Scan using customer_demographics_pkey on customer_demographics  (cost=0.43..7.36 rows=1 width=8) (actual time=0.014..0.014 rows=0 loops=12668)
                           Index Cond: (cd_demo_sk = catalog_sales.cs_bill_cdemo_sk)
                           Filter: ((cd_gender = 'F'::bpchar) AND (cd_education_status = '2 yr Degree'::bpchar))
                           Rows Removed by Filter: 1
                           Buffers: shared hit=34661 read=15947
               ->  Index Scan using customer_pkey on customer  (cost=0.43..7.35 rows=1 width=12) (actual time=0.016..0.016 rows=0 loops=828)
                     Index Cond: (c_customer_sk = catalog_sales.cs_bill_customer_sk)
                     Filter: (c_birth_month = 4)
                     Rows Removed by Filter: 1
                     Buffers: shared hit=3121 read=191
         ->  Index Scan using customer_address_pkey on customer_address  (cost=0.42..7.35 rows=1 width=35) (actual time=0.018..0.018 rows=0 loops=120)
               Index Cond: (ca_address_sk = customer.c_current_addr_sk)
               Filter: (ca_state = ANY ('{IN,MA,WI}'::bpchar[]))
               Rows Removed by Filter: 1
               Buffers: shared hit=323 read=157
 Planning:
   Buffers: shared hit=454
 Planning Time: 6.575 ms
 Execution Time: 44969.240 ms
(53 rows)

