                                                                                  QUERY PLAN                                                                                   
-------------------------------------------------------------------------------------------------------------------------------------------------------------------------------
 Aggregate  (cost=5963202.61..5963202.62 rows=1 width=268) (actual time=43903.871..43903.877 rows=1 loops=1)
   Buffers: shared hit=471908 read=3753699
   ->  Nested Loop  (cost=17220.72..5963202.56 rows=2 width=81) (actual time=5798.617..43903.535 rows=56 loops=1)
         Buffers: shared hit=471908 read=3753699
         ->  Nested Loop  (cost=17220.30..5963003.96 rows=27 width=54) (actual time=5788.309..43886.355 rows=1035 loops=1)
               Buffers: shared hit=469189 read=3752278
               ->  Nested Loop  (cost=17219.87..5961290.39 rows=233 width=50) (actual time=5774.373..43770.158 rows=8495 loops=1)
                     Buffers: shared hit=437612 read=3749891
                     ->  Nested Loop  (cost=17219.44..5937354.21 rows=3254 width=50) (actual time=5771.185..42536.279 rows=113247 loops=1)
                           Buffers: shared hit=41625 read=3693522
                           ->  Hash Join  (cost=17219.14..5905653.70 rows=656636 width=54) (actual time=120.007..42228.828 rows=984760 loops=1)
                                 Hash Cond: (catalog_sales.cs_item_sk = item.i_item_sk)
                                 Buffers: shared hit=35214 read=3693522
                                 ->  Seq Scan on catalog_sales  (cost=0.00..5874397.76 rows=5347244 width=41) (actual time=0.088..40850.623 rows=5484290 loops=1)
                                       Filter: ((cs_wholesale_cost >= '95'::numeric) AND (cs_wholesale_cost <= '100'::numeric))
                                       Rows Removed by Filter: 138508009
                                       Buffers: shared hit=20858 read=3693522
                                 ->  Hash  (cost=16906.00..16906.00 rows=25051 width=21) (actual time=119.595..119.595 rows=24688 loops=1)
                                       Buckets: 32768  Batches: 1  Memory Usage: 1607kB
                                       Buffers: shared hit=14356
                                       ->  Seq Scan on item  (cost=0.00..16906.00 rows=25051 width=21) (actual time=0.019..114.460 rows=24688 loops=1)
                                             Filter: (i_category = 'Books'::bpchar)
                                             Rows Removed by Filter: 179312
                                             Buffers: shared hit=14356
                           ->  Memoize  (cost=0.30..7.22 rows=1 width=4) (actual time=0.000..0.000 rows=0 loops=984760)
                                 Cache Key: catalog_sales.cs_sold_date_sk
                                 Cache Mode: logical
                                 Hits: 982622  Misses: 2138  Evictions: 0  Overflows: 0  Memory Usage: 155kB
                                 Buffers: shared hit=6411
                                 ->  Index Scan using date_dim_pkey on date_dim  (cost=0.29..7.21 rows=1 width=4) (actual time=0.012..0.012 rows=0 loops=2138)
                                       Index Cond: (d_date_sk = catalog_sales.cs_sold_date_sk)
                                       Filter: (d_year = 1999)
                                       Rows Removed by Filter: 1
                                       Buffers: shared hit=6411
                     ->  Index Scan using customer_demographics_pkey on customer_demographics  (cost=0.43..7.36 rows=1 width=8) (actual time=0.011..0.011 rows=0 loops=113247)
                           Index Cond: (cd_demo_sk = catalog_sales.cs_bill_cdemo_sk)
                           Filter: ((cd_gender = 'M'::bpchar) AND (cd_education_status = 'Primary'::bpchar))
                           Rows Removed by Filter: 1
                           Buffers: shared hit=395987 read=56369
               ->  Index Scan using customer_pkey on customer  (cost=0.43..7.35 rows=1 width=12) (actual time=0.013..0.013 rows=0 loops=8495)
                     Index Cond: (c_customer_sk = catalog_sales.cs_bill_customer_sk)
                     Filter: (c_birth_month = 8)
                     Rows Removed by Filter: 1
                     Buffers: shared hit=31577 read=2387
         ->  Index Scan using customer_address_pkey on customer_address  (cost=0.42..7.36 rows=1 width=35) (actual time=0.016..0.016 rows=0 loops=1035)
               Index Cond: (ca_address_sk = customer.c_current_addr_sk)
               Filter: (ca_state = ANY ('{AL,AR,IA}'::bpchar[]))
               Rows Removed by Filter: 1
               Buffers: shared hit=2719 read=1421
 Planning:
   Buffers: shared hit=453 read=1
 Planning Time: 4.552 ms
 Execution Time: 43904.534 ms
(53 rows)

