                                                                                  QUERY PLAN                                                                                   
-------------------------------------------------------------------------------------------------------------------------------------------------------------------------------
 Aggregate  (cost=5977913.15..5977913.16 rows=1 width=268) (actual time=48549.169..48549.174 rows=1 loops=1)
   Buffers: shared hit=683421 read=3735138
   ->  Nested Loop  (cost=17437.73..5977913.07 rows=3 width=81) (actual time=6566.955..48548.519 rows=105 loops=1)
         Buffers: shared hit=683421 read=3735138
         ->  Nested Loop  (cost=17437.31..5977618.85 rows=40 width=54) (actual time=6513.487..48508.201 rows=2315 loops=1)
               Buffers: shared hit=677943 read=3731356
               ->  Nested Loop  (cost=17436.88..5975133.04 rows=338 width=50) (actual time=6508.334..48248.687 rows=19404 loops=1)
                     Buffers: shared hit=609251 read=3722488
                     ->  Nested Loop  (cost=17436.45..5941663.38 rows=4550 width=50) (actual time=6506.540..46557.177 rows=149350 loops=1)
                           Buffers: shared hit=43399 read=3691748
                           ->  Hash Join  (cost=17436.15..5903426.25 rows=918103 width=54) (actual time=161.511..46242.129 rows=963853 loops=1)
                                 Hash Cond: (catalog_sales.cs_item_sk = item.i_item_sk)
                                 Buffers: shared hit=36988 read=3691748
                                 ->  Seq Scan on catalog_sales  (cost=0.00..5874397.76 rows=4416036 width=41) (actual time=0.048..44954.047 rows=4444683 loops=1)
                                       Filter: ((cs_wholesale_cost >= '52'::numeric) AND (cs_wholesale_cost <= '57'::numeric))
                                       Rows Removed by Filter: 139547616
                                       Buffers: shared hit=36988 read=3677392
                                 ->  Hash  (cost=16906.00..16906.00 rows=42412 width=21) (actual time=161.048..161.049 rows=42041 loops=1)
                                       Buckets: 65536  Batches: 1  Memory Usage: 2812kB
                                       Buffers: shared read=14356
                                       ->  Seq Scan on item  (cost=0.00..16906.00 rows=42412 width=21) (actual time=0.024..150.629 rows=42041 loops=1)
                                             Filter: (i_category = 'Electronics'::bpchar)
                                             Rows Removed by Filter: 161959
                                             Buffers: shared read=14356
                           ->  Memoize  (cost=0.30..7.22 rows=1 width=4) (actual time=0.000..0.000 rows=0 loops=963853)
                                 Cache Key: catalog_sales.cs_sold_date_sk
                                 Cache Mode: logical
                                 Hits: 961715  Misses: 2138  Evictions: 0  Overflows: 0  Memory Usage: 155kB
                                 Buffers: shared hit=6411
                                 ->  Index Scan using date_dim_pkey on date_dim  (cost=0.29..7.21 rows=1 width=4) (actual time=0.013..0.013 rows=0 loops=2138)
                                       Index Cond: (d_date_sk = catalog_sales.cs_sold_date_sk)
                                       Filter: (d_year = 1999)
                                       Rows Removed by Filter: 1
                                       Buffers: shared hit=6411
                     ->  Index Scan using customer_demographics_pkey on customer_demographics  (cost=0.43..7.36 rows=1 width=8) (actual time=0.011..0.011 rows=0 loops=149350)
                           Index Cond: (cd_demo_sk = catalog_sales.cs_bill_cdemo_sk)
                           Filter: ((cd_gender = 'M'::bpchar) AND (cd_education_status = '4 yr Degree'::bpchar))
                           Rows Removed by Filter: 1
                           Buffers: shared hit=565852 read=30740
               ->  Index Scan using customer_pkey on customer  (cost=0.43..7.35 rows=1 width=12) (actual time=0.013..0.013 rows=0 loops=19404)
                     Index Cond: (c_customer_sk = catalog_sales.cs_bill_customer_sk)
                     Filter: (c_birth_month = 8)
                     Rows Removed by Filter: 1
                     Buffers: shared hit=68692 read=8868
         ->  Index Scan using customer_address_pkey on customer_address  (cost=0.42..7.36 rows=1 width=35) (actual time=0.017..0.017 rows=0 loops=2315)
               Index Cond: (ca_address_sk = customer.c_current_addr_sk)
               Filter: (ca_state = ANY ('{FL,GA,ND}'::bpchar[]))
               Rows Removed by Filter: 1
               Buffers: shared hit=5478 read=3782
 Planning:
   Buffers: shared hit=404 read=50
 Planning Time: 6.561 ms
 Execution Time: 48549.662 ms
(53 rows)

