                                                                              QUERY PLAN                                                                               
-----------------------------------------------------------------------------------------------------------------------------------------------------------------------
 Aggregate  (cost=5979329.61..5979329.62 rows=1 width=268) (actual time=53931.355..53931.361 rows=1 loops=1)
   Buffers: shared hit=1757308 read=3795030
   ->  Nested Loop  (cost=2393.34..5979329.58 rows=1 width=81) (actual time=18960.981..53931.278 rows=10 loops=1)
         Buffers: shared hit=1757308 read=3795030
         ->  Nested Loop  (cost=2392.92..5979314.89 rows=2 width=68) (actual time=18960.951..53929.305 rows=59 loops=1)
               Buffers: shared hit=1757179 read=3794923
               ->  Nested Loop  (cost=2392.49..5979094.20 rows=30 width=68) (actual time=18787.935..53906.239 rows=1173 loops=1)
                     Buffers: shared hit=1752689 read=3794721
                     ->  Nested Loop  (cost=2392.07..5975441.64 rows=496 width=41) (actual time=18770.087..53536.965 rows=17563 loops=1)
                           Buffers: shared hit=1701050 read=3776108
                           ->  Hash Join  (cost=2391.64..5883417.43 rows=12512 width=37) (actual time=18769.810..45774.394 rows=440840 loops=1)
                                 Hash Cond: (catalog_sales.cs_sold_date_sk = date_dim.d_date_sk)
                                 Buffers: shared hit=72666 read=3643188
                                 ->  Seq Scan on catalog_sales  (cost=0.00..5874397.76 rows=2524821 width=41) (actual time=0.146..45354.899 rows=2625628 loops=1)
                                       Filter: ((cs_wholesale_cost >= '44'::numeric) AND (cs_wholesale_cost <= '49'::numeric))
                                       Rows Removed by Filter: 141366671
                                       Buffers: shared hit=72624 read=3641756
                                 ->  Hash  (cost=2387.11..2387.11 rows=362 width=4) (actual time=22.351..22.352 rows=365 loops=1)
                                       Buckets: 1024  Batches: 1  Memory Usage: 21kB
                                       Buffers: shared hit=42 read=1432
                                       ->  Seq Scan on date_dim  (cost=0.00..2387.11 rows=362 width=4) (actual time=13.256..22.270 rows=365 loops=1)
                                             Filter: (d_year = 2001)
                                             Rows Removed by Filter: 72684
                                             Buffers: shared hit=42 read=1432
                           ->  Index Scan using customer_pkey on customer  (cost=0.43..7.35 rows=1 width=12) (actual time=0.017..0.017 rows=0 loops=440840)
                                 Index Cond: (c_customer_sk = catalog_sales.cs_bill_customer_sk)
                                 Filter: (c_birth_month = 9)
                                 Rows Removed by Filter: 1
                                 Buffers: shared hit=1628384 read=132920
                     ->  Index Scan using customer_address_pkey on customer_address  (cost=0.42..7.36 rows=1 width=35) (actual time=0.021..0.021 rows=0 loops=17563)
                           Index Cond: (ca_address_sk = customer.c_current_addr_sk)
                           Filter: (ca_state = ANY ('{CA,FL,SD}'::bpchar[]))
                           Rows Removed by Filter: 1
                           Buffers: shared hit=51639 read=18613
               ->  Index Scan using customer_demographics_pkey on customer_demographics  (cost=0.43..7.36 rows=1 width=8) (actual time=0.019..0.019 rows=0 loops=1173)
                     Index Cond: (cd_demo_sk = catalog_sales.cs_bill_cdemo_sk)
                     Filter: ((cd_gender = 'M'::bpchar) AND (cd_education_status = 'Advanced Degree'::bpchar))
                     Rows Removed by Filter: 1
                     Buffers: shared hit=4490 read=202
         ->  Index Scan using item_pkey on item  (cost=0.42..7.34 rows=1 width=21) (actual time=0.032..0.032 rows=0 loops=59)
               Index Cond: (i_item_sk = catalog_sales.cs_item_sk)
               Filter: (i_category = 'Sports'::bpchar)
               Rows Removed by Filter: 1
               Buffers: shared hit=129 read=107
 Planning:
   Buffers: shared hit=404 read=50
 Planning Time: 4.986 ms
 Execution Time: 53931.861 ms
(48 rows)

