                                                                              QUERY PLAN                                                                              
----------------------------------------------------------------------------------------------------------------------------------------------------------------------
 Aggregate  (cost=5935319.71..5935319.72 rows=1 width=268) (actual time=42637.062..42637.067 rows=1 loops=1)
   Buffers: shared hit=135303 read=3662388
   ->  Nested Loop  (cost=17019.78..5935319.68 rows=1 width=81) (actual time=6862.250..42637.056 rows=1 loops=1)
         Buffers: shared hit=135303 read=3662388
         ->  Nested Loop  (cost=17019.36..5935312.29 rows=1 width=54) (actual time=6672.643..42636.938 rows=5 loops=1)
               Buffers: shared hit=135291 read=3662380
               ->  Nested Loop  (cost=17018.93..5935194.59 rows=16 width=54) (actual time=5892.214..42633.678 rows=186 loops=1)
                     Buffers: shared hit=134687 read=3662240
                     ->  Nested Loop  (cost=17018.50..5926619.40 rows=1166 width=50) (actual time=5883.286..42443.221 rows=15466 loops=1)
                           Buffers: shared hit=74433 read=3660714
                           ->  Hash Join  (cost=17018.20..5905452.76 rows=235279 width=54) (actual time=123.023..42363.949 rows=119705 loops=1)
                                 Hash Cond: (catalog_sales.cs_item_sk = item.i_item_sk)
                                 Buffers: shared hit=68178 read=3660558
                                 ->  Seq Scan on catalog_sales  (cost=0.00..5874397.76 rows=5347244 width=41) (actual time=0.034..41290.769 rows=5484290 loops=1)
                                       Filter: ((cs_wholesale_cost >= '100'::numeric) AND (cs_wholesale_cost <= '105'::numeric))
                                       Rows Removed by Filter: 138508009
                                       Buffers: shared hit=53822 read=3660558
                                 ->  Hash  (cost=16906.00..16906.00 rows=8976 width=21) (actual time=122.681..122.682 rows=8826 loops=1)
                                       Buckets: 16384  Batches: 1  Memory Usage: 611kB
                                       Buffers: shared hit=14356
                                       ->  Seq Scan on item  (cost=0.00..16906.00 rows=8976 width=21) (actual time=0.012..120.614 rows=8826 loops=1)
                                             Filter: (i_category = 'Jewelry'::bpchar)
                                             Rows Removed by Filter: 195174
                                             Buffers: shared hit=14356
                           ->  Memoize  (cost=0.30..7.22 rows=1 width=4) (actual time=0.000..0.000 rows=0 loops=119705)
                                 Cache Key: catalog_sales.cs_sold_date_sk
                                 Cache Mode: logical
                                 Hits: 117567  Misses: 2138  Evictions: 0  Overflows: 0  Memory Usage: 155kB
                                 Buffers: shared hit=6255 read=156
                                 ->  Index Scan using date_dim_pkey on date_dim  (cost=0.29..7.21 rows=1 width=4) (actual time=0.013..0.013 rows=0 loops=2138)
                                       Index Cond: (d_date_sk = catalog_sales.cs_sold_date_sk)
                                       Filter: (d_year = 1999)
                                       Rows Removed by Filter: 1
                                       Buffers: shared hit=6255 read=156
                     ->  Index Scan using customer_pkey on customer  (cost=0.43..7.35 rows=1 width=12) (actual time=0.012..0.012 rows=0 loops=15466)
                           Index Cond: (c_customer_sk = catalog_sales.cs_bill_customer_sk)
                           Filter: (c_birth_month = 5)
                           Rows Removed by Filter: 1
                           Buffers: shared hit=60254 read=1526
               ->  Index Scan using customer_demographics_pkey on customer_demographics  (cost=0.43..7.36 rows=1 width=8) (actual time=0.016..0.016 rows=0 loops=186)
                     Index Cond: (cd_demo_sk = catalog_sales.cs_bill_cdemo_sk)
                     Filter: ((cd_gender = 'F'::bpchar) AND (cd_education_status = 'Secondary'::bpchar))
                     Rows Removed by Filter: 1
                     Buffers: shared hit=604 read=140
         ->  Index Scan using customer_address_pkey on customer_address  (cost=0.42..7.39 rows=1 width=35) (actual time=0.022..0.022 rows=0 loops=5)
               Index Cond: (ca_address_sk = customer.c_current_addr_sk)
               Filter: (ca_state = ANY ('{IN,KS,PA}'::bpchar[]))
               Rows Removed by Filter: 1
               Buffers: shared hit=12 read=8
 Planning:
   Buffers: shared hit=454
 Planning Time: 4.251 ms
 Execution Time: 42637.582 ms
(53 rows)

