                                                                                     QUERY PLAN                                                                                      
-------------------------------------------------------------------------------------------------------------------------------------------------------------------------------------
 Aggregate  (cost=5982885.13..5982885.14 rows=1 width=268) (actual time=54235.337..54235.342 rows=1 loops=1)
   Buffers: shared hit=1803475 read=3774987
   ->  Nested Loop  (cost=2393.34..5982885.07 rows=2 width=81) (actual time=13281.802..54235.173 rows=23 loops=1)
         Buffers: shared hit=1803475 read=3774987
         ->  Nested Loop  (cost=2392.91..5982782.09 rows=14 width=54) (actual time=12174.685..54220.729 rows=572 loops=1)
               Buffers: shared hit=1802269 read=3773905
               ->  Nested Loop  (cost=2392.49..5982018.25 rows=104 width=41) (actual time=12157.749..54122.714 rows=5145 loops=1)
                     Buffers: shared hit=1785788 read=3769806
                     ->  Nested Loop  (cost=2392.07..5975457.70 rows=892 width=37) (actual time=12155.044..53321.559 rows=43915 loops=1)
                           Buffers: shared hit=1618129 read=3761873
                           ->  Hash Join  (cost=2391.64..5883417.43 rows=12512 width=37) (actual time=12154.645..46273.949 rows=416567 loops=1)
                                 Hash Cond: (catalog_sales.cs_sold_date_sk = date_dim.d_date_sk)
                                 Buffers: shared hit=16817 read=3699037
                                 ->  Seq Scan on catalog_sales  (cost=0.00..5874397.76 rows=2524821 width=41) (actual time=0.129..45850.266 rows=2625628 loops=1)
                                       Filter: ((cs_wholesale_cost >= '46'::numeric) AND (cs_wholesale_cost <= '51'::numeric))
                                       Rows Removed by Filter: 141366671
                                       Buffers: shared hit=16778 read=3697602
                                 ->  Hash  (cost=2387.11..2387.11 rows=362 width=4) (actual time=25.527..25.528 rows=366 loops=1)
                                       Buckets: 1024  Batches: 1  Memory Usage: 21kB
                                       Buffers: shared hit=39 read=1435
                                       ->  Seq Scan on date_dim  (cost=0.00..2387.11 rows=362 width=4) (actual time=14.504..25.466 rows=366 loops=1)
                                             Filter: (d_year = 2000)
                                             Rows Removed by Filter: 72683
                                             Buffers: shared hit=39 read=1435
                           ->  Index Scan using customer_demographics_pkey on customer_demographics  (cost=0.43..7.36 rows=1 width=8) (actual time=0.017..0.017 rows=0 loops=416567)
                                 Index Cond: (cd_demo_sk = catalog_sales.cs_bill_cdemo_sk)
                                 Filter: ((cd_gender = 'M'::bpchar) AND (cd_education_status = 'College'::bpchar))
                                 Rows Removed by Filter: 1
                                 Buffers: shared hit=1601312 read=62836
                     ->  Index Scan using customer_pkey on customer  (cost=0.43..7.35 rows=1 width=12) (actual time=0.018..0.018 rows=0 loops=43915)
                           Index Cond: (c_customer_sk = catalog_sales.cs_bill_customer_sk)
                           Filter: (c_birth_month = 8)
                           Rows Removed by Filter: 1
                           Buffers: shared hit=167659 read=7933
               ->  Index Scan using item_pkey on item  (cost=0.42..7.34 rows=1 width=21) (actual time=0.019..0.019 rows=0 loops=5145)
                     Index Cond: (i_item_sk = catalog_sales.cs_item_sk)
                     Filter: (i_category = 'Children'::bpchar)
                     Rows Removed by Filter: 1
                     Buffers: shared hit=16481 read=4099
         ->  Index Scan using customer_address_pkey on customer_address  (cost=0.42..7.36 rows=1 width=35) (actual time=0.024..0.024 rows=0 loops=572)
               Index Cond: (ca_address_sk = customer.c_current_addr_sk)
               Filter: (ca_state = ANY ('{GA,TX,VA}'::bpchar[]))
               Rows Removed by Filter: 1
               Buffers: shared hit=1206 read=1082
 Planning:
   Buffers: shared hit=454
 Planning Time: 4.464 ms
 Execution Time: 54235.843 ms
(48 rows)

