                                                                                  QUERY PLAN                                                                                  
------------------------------------------------------------------------------------------------------------------------------------------------------------------------------
 Aggregate  (cost=6005514.59..6005514.60 rows=1 width=268) (actual time=56495.285..56495.290 rows=1 loops=1)
   Buffers: shared hit=2025655 read=3813247
   ->  Nested Loop  (cost=2393.34..6005514.56 rows=1 width=81) (actual time=14221.745..56495.235 rows=6 loops=1)
         Buffers: shared hit=2025655 read=3813247
         ->  Nested Loop  (cost=2392.92..6005485.18 rows=4 width=68) (actual time=13287.293..56493.594 rows=41 loops=1)
               Buffers: shared hit=2025529 read=3813209
               ->  Nested Loop  (cost=2392.49..6005227.33 rows=35 width=41) (actual time=12129.851..56474.818 rows=776 loops=1)
                     Buffers: shared hit=2023787 read=3811847
                     ->  Nested Loop  (cost=2392.07..6001505.16 rows=506 width=41) (actual time=12125.372..56136.795 rows=17144 loops=1)
                           Buffers: shared hit=1956218 read=3810880
                           ->  Hash Join  (cost=2391.64..5885168.94 rows=15818 width=37) (actual time=12125.319..46798.799 rows=513503 loops=1)
                                 Hash Cond: (catalog_sales.cs_sold_date_sk = date_dim.d_date_sk)
                                 Buffers: shared hit=10459 read=3705395
                                 ->  Seq Scan on catalog_sales  (cost=0.00..5874397.76 rows=3192026 width=41) (actual time=0.125..46298.426 rows=3238451 loops=1)
                                       Filter: ((cs_wholesale_cost >= '29'::numeric) AND (cs_wholesale_cost <= '34'::numeric))
                                       Rows Removed by Filter: 140753848
                                       Buffers: shared hit=10420 read=3703960
                                 ->  Hash  (cost=2387.11..2387.11 rows=362 width=4) (actual time=23.890..23.891 rows=366 loops=1)
                                       Buckets: 1024  Batches: 1  Memory Usage: 21kB
                                       Buffers: shared hit=39 read=1435
                                       ->  Seq Scan on date_dim  (cost=0.00..2387.11 rows=362 width=4) (actual time=13.869..23.761 rows=366 loops=1)
                                             Filter: (d_year = 2000)
                                             Rows Removed by Filter: 72683
                                             Buffers: shared hit=39 read=1435
                           ->  Index Scan using customer_pkey on customer  (cost=0.43..7.35 rows=1 width=12) (actual time=0.018..0.018 rows=0 loops=513503)
                                 Index Cond: (c_customer_sk = catalog_sales.cs_bill_customer_sk)
                                 Filter: (c_birth_month = 6)
                                 Rows Removed by Filter: 1
                                 Buffers: shared hit=1945759 read=105485
                     ->  Index Scan using customer_demographics_pkey on customer_demographics  (cost=0.43..7.36 rows=1 width=8) (actual time=0.019..0.019 rows=0 loops=17144)
                           Index Cond: (cd_demo_sk = catalog_sales.cs_bill_cdemo_sk)
                           Filter: ((cd_gender = 'F'::bpchar) AND (cd_education_status = 'Unknown'::bpchar))
                           Rows Removed by Filter: 1
                           Buffers: shared hit=67569 read=967
               ->  Index Scan using customer_address_pkey on customer_address  (cost=0.42..7.37 rows=1 width=35) (actual time=0.023..0.023 rows=0 loops=776)
                     Index Cond: (ca_address_sk = customer.c_current_addr_sk)
                     Filter: (ca_state = ANY ('{CA,KS,VA}'::bpchar[]))
                     Rows Removed by Filter: 1
                     Buffers: shared hit=1742 read=1362
         ->  Index Scan using item_pkey on item  (cost=0.42..7.34 rows=1 width=21) (actual time=0.039..0.039 rows=0 loops=41)
               Index Cond: (i_item_sk = catalog_sales.cs_item_sk)
               Filter: (i_category = 'Electronics'::bpchar)
               Rows Removed by Filter: 1
               Buffers: shared hit=126 read=38
 Planning:
   Buffers: shared hit=454
 Planning Time: 4.088 ms
 Execution Time: 56495.699 ms
(48 rows)

