                                                                                  QUERY PLAN                                                                                  
------------------------------------------------------------------------------------------------------------------------------------------------------------------------------
 Aggregate  (cost=5942287.06..5942287.07 rows=1 width=268) (actual time=46375.476..46375.481 rows=1 loops=1)
   Buffers: shared hit=255156 read=3695943
   ->  Nested Loop  (cost=17242.40..5942287.03 rows=1 width=81) (actual time=6318.525..46375.263 rows=34 loops=1)
         Buffers: shared hit=255156 read=3695943
         ->  Nested Loop  (cost=17241.97..5942191.39 rows=13 width=54) (actual time=6260.697..46365.918 rows=528 loops=1)
               Buffers: shared hit=254082 read=3694905
               ->  Nested Loop  (cost=17241.54..5941058.77 rows=154 width=50) (actual time=6247.107..46281.425 rows=6277 loops=1)
                     Buffers: shared hit=229758 read=3694137
                     ->  Nested Loop  (cost=17241.12..5925780.22 rows=2077 width=50) (actual time=6246.508..45754.704 rows=47254 loops=1)
                           Buffers: shared hit=56138 read=3679009
                           ->  Hash Join  (cost=17240.81..5900017.82 rows=419110 width=54) (actual time=136.600..45627.179 rows=307203 loops=1)
                                 Hash Cond: (catalog_sales.cs_item_sk = item.i_item_sk)
                                 Buffers: shared hit=49727 read=3679009
                                 ->  Seq Scan on catalog_sales  (cost=0.00..5874397.76 rows=3192026 width=41) (actual time=0.131..44717.917 rows=3238451 loops=1)
                                       Filter: ((cs_wholesale_cost >= '30'::numeric) AND (cs_wholesale_cost <= '35'::numeric))
                                       Rows Removed by Filter: 140753848
                                       Buffers: shared hit=35371 read=3679009
                                 ->  Hash  (cost=16906.00..16906.00 rows=26785 width=21) (actual time=136.260..136.261 rows=26695 loops=1)
                                       Buckets: 32768  Batches: 1  Memory Usage: 1716kB
                                       Buffers: shared hit=14356
                                       ->  Seq Scan on item  (cost=0.00..16906.00 rows=26785 width=21) (actual time=0.013..129.810 rows=26695 loops=1)
                                             Filter: (i_category = 'Children'::bpchar)
                                             Rows Removed by Filter: 177305
                                             Buffers: shared hit=14356
                           ->  Memoize  (cost=0.30..7.22 rows=1 width=4) (actual time=0.000..0.000 rows=0 loops=307203)
                                 Cache Key: catalog_sales.cs_sold_date_sk
                                 Cache Mode: logical
                                 Hits: 305065  Misses: 2138  Evictions: 0  Overflows: 0  Memory Usage: 155kB
                                 Buffers: shared hit=6411
                                 ->  Index Scan using date_dim_pkey on date_dim  (cost=0.29..7.21 rows=1 width=4) (actual time=0.012..0.012 rows=0 loops=2138)
                                       Index Cond: (d_date_sk = catalog_sales.cs_sold_date_sk)
                                       Filter: (d_year = 1999)
                                       Rows Removed by Filter: 1
                                       Buffers: shared hit=6411
                     ->  Index Scan using customer_demographics_pkey on customer_demographics  (cost=0.43..7.36 rows=1 width=8) (actual time=0.011..0.011 rows=0 loops=47254)
                           Index Cond: (cd_demo_sk = catalog_sales.cs_bill_cdemo_sk)
                           Filter: ((cd_gender = 'M'::bpchar) AND (cd_education_status = '4 yr Degree'::bpchar))
                           Rows Removed by Filter: 1
                           Buffers: shared hit=173620 read=15128
               ->  Index Scan using customer_pkey on customer  (cost=0.43..7.35 rows=1 width=12) (actual time=0.013..0.013 rows=0 loops=6277)
                     Index Cond: (c_customer_sk = catalog_sales.cs_bill_customer_sk)
                     Filter: (c_birth_month = 11)
                     Rows Removed by Filter: 1
                     Buffers: shared hit=24324 read=768
         ->  Index Scan using customer_address_pkey on customer_address  (cost=0.42..7.36 rows=1 width=35) (actual time=0.017..0.017 rows=0 loops=528)
               Index Cond: (ca_address_sk = customer.c_current_addr_sk)
               Filter: (ca_state = ANY ('{CA,KS,OH}'::bpchar[]))
               Rows Removed by Filter: 1
               Buffers: shared hit=1074 read=1038
 Planning:
   Buffers: shared hit=454
 Planning Time: 4.604 ms
 Execution Time: 46376.106 ms
(53 rows)

