                                                                               QUERY PLAN                                                                               
------------------------------------------------------------------------------------------------------------------------------------------------------------------------
 Aggregate  (cost=5991964.17..5991964.18 rows=1 width=268) (actual time=45987.162..45987.167 rows=1 loops=1)
   Buffers: shared hit=808378 read=3718809
   ->  Nested Loop  (cost=17437.73..5991964.12 rows=2 width=81) (actual time=658.535..45987.090 rows=11 loops=1)
         Buffers: shared hit=808378 read=3718809
         ->  Nested Loop  (cost=17437.31..5991802.20 rows=22 width=54) (actual time=192.802..45982.651 rows=186 loops=1)
               Buffers: shared hit=807984 read=3718459
               ->  Nested Loop  (cost=17436.88..5989463.01 rows=318 width=54) (actual time=136.265..45820.072 rows=10897 loops=1)
                     Buffers: shared hit=767828 read=3715043
                     ->  Nested Loop  (cost=17436.45..5948947.82 rows=5509 width=50) (actual time=134.621..43334.957 rows=187142 loops=1)
                           Buffers: shared hit=45931 read=3689216
                           ->  Hash Join  (cost=17436.15..5905870.71 rows=1111703 width=54) (actual time=134.575..42963.919 rows=1188852 loops=1)
                                 Hash Cond: (catalog_sales.cs_item_sk = item.i_item_sk)
                                 Buffers: shared hit=39520 read=3689216
                                 ->  Seq Scan on catalog_sales  (cost=0.00..5874397.76 rows=5347244 width=41) (actual time=1.152..41477.427 rows=5484290 loops=1)
                                       Filter: ((cs_wholesale_cost >= '95'::numeric) AND (cs_wholesale_cost <= '100'::numeric))
                                       Rows Removed by Filter: 138508009
                                       Buffers: shared hit=25164 read=3689216
                                 ->  Hash  (cost=16906.00..16906.00 rows=42412 width=21) (actual time=132.896..132.897 rows=42041 loops=1)
                                       Buckets: 65536  Batches: 1  Memory Usage: 2812kB
                                       Buffers: shared hit=14356
                                       ->  Seq Scan on item  (cost=0.00..16906.00 rows=42412 width=21) (actual time=0.023..124.735 rows=42041 loops=1)
                                             Filter: (i_category = 'Electronics'::bpchar)
                                             Rows Removed by Filter: 161959
                                             Buffers: shared hit=14356
                           ->  Memoize  (cost=0.30..7.22 rows=1 width=4) (actual time=0.000..0.000 rows=0 loops=1188852)
                                 Cache Key: catalog_sales.cs_sold_date_sk
                                 Cache Mode: logical
                                 Hits: 1186714  Misses: 2138  Evictions: 0  Overflows: 0  Memory Usage: 155kB
                                 Buffers: shared hit=6411
                                 ->  Index Scan using date_dim_pkey on date_dim  (cost=0.29..7.21 rows=1 width=4) (actual time=0.012..0.012 rows=0 loops=2138)
                                       Index Cond: (d_date_sk = catalog_sales.cs_sold_date_sk)
                                       Filter: (d_year = 1998)
                                       Rows Removed by Filter: 1
                                       Buffers: shared hit=6411
                     ->  Index Scan using customer_pkey on customer  (cost=0.43..7.35 rows=1 width=12) (actual time=0.013..0.013 rows=0 loops=187142)
                           Index Cond: (c_customer_sk = catalog_sales.cs_bill_customer_sk)
                           Filter: (c_birth_month = 3)
                           Rows Removed by Filter: 1
                           Buffers: shared hit=721897 read=25827
               ->  Index Scan using customer_demographics_pkey on customer_demographics  (cost=0.43..7.36 rows=1 width=8) (actual time=0.015..0.015 rows=0 loops=10897)
                     Index Cond: (cd_demo_sk = catalog_sales.cs_bill_cdemo_sk)
                     Filter: ((cd_gender = 'F'::bpchar) AND (cd_education_status = 'Secondary'::bpchar))
                     Rows Removed by Filter: 1
                     Buffers: shared hit=40156 read=3416
         ->  Index Scan using customer_address_pkey on customer_address  (cost=0.42..7.36 rows=1 width=35) (actual time=0.023..0.023 rows=0 loops=186)
               Index Cond: (ca_address_sk = customer.c_current_addr_sk)
               Filter: (ca_state = ANY ('{IA,NC,NY}'::bpchar[]))
               Rows Removed by Filter: 1
               Buffers: shared hit=394 read=350
 Planning:
   Buffers: shared hit=454
 Planning Time: 4.257 ms
 Execution Time: 45987.781 ms
(53 rows)

