                                                                                  QUERY PLAN                                                                                  
------------------------------------------------------------------------------------------------------------------------------------------------------------------------------
 Aggregate  (cost=5944722.13..5944722.14 rows=1 width=268) (actual time=46313.902..46313.906 rows=1 loops=1)
   Buffers: shared hit=226311 read=3700916
   ->  Nested Loop  (cost=17180.68..5944722.07 rows=2 width=81) (actual time=6352.701..46313.654 rows=38 loops=1)
         Buffers: shared hit=226311 read=3700916
         ->  Nested Loop  (cost=17180.26..5944538.22 rows=25 width=54) (actual time=6182.522..46296.984 rows=1008 loops=1)
               Buffers: shared hit=224187 read=3699008
               ->  Nested Loop  (cost=17179.83..5943449.75 rows=148 width=50) (actual time=6178.104..46216.326 rows=5898 loops=1)
                     Buffers: shared hit=201877 read=3697730
                     ->  Nested Loop  (cost=17179.40..5927935.95 rows=2109 width=50) (actual time=6175.925..45772.235 rows=41176 loops=1)
                           Buffers: shared hit=42077 read=3693070
                           ->  Hash Join  (cost=17179.10..5902009.96 rows=425654 width=54) (actual time=134.748..45633.663 rows=342822 loops=1)
                                 Hash Cond: (catalog_sales.cs_item_sk = item.i_item_sk)
                                 Buffers: shared hit=35666 read=3693070
                                 ->  Seq Scan on catalog_sales  (cost=0.00..5874397.76 rows=3974433 width=41) (actual time=0.085..44614.663 rows=3999274 loops=1)
                                       Filter: ((cs_wholesale_cost >= '39'::numeric) AND (cs_wholesale_cost <= '44'::numeric))
                                       Rows Removed by Filter: 139993025
                                       Buffers: shared hit=35651 read=3678729
                                 ->  Hash  (cost=16906.00..16906.00 rows=21848 width=21) (actual time=134.429..134.430 rows=21811 loops=1)
                                       Buckets: 32768  Batches: 1  Memory Usage: 1449kB
                                       Buffers: shared hit=15 read=14341
                                       ->  Seq Scan on item  (cost=0.00..16906.00 rows=21848 width=21) (actual time=0.462..128.960 rows=21811 loops=1)
                                             Filter: (i_category = 'Sports'::bpchar)
                                             Rows Removed by Filter: 182189
                                             Buffers: shared hit=15 read=14341
                           ->  Memoize  (cost=0.30..7.22 rows=1 width=4) (actual time=0.000..0.000 rows=0 loops=342822)
                                 Cache Key: catalog_sales.cs_sold_date_sk
                                 Cache Mode: logical
                                 Hits: 340684  Misses: 2138  Evictions: 0  Overflows: 0  Memory Usage: 155kB
                                 Buffers: shared hit=6411
                                 ->  Index Scan using date_dim_pkey on date_dim  (cost=0.29..7.21 rows=1 width=4) (actual time=0.012..0.012 rows=0 loops=2138)
                                       Index Cond: (d_date_sk = catalog_sales.cs_sold_date_sk)
                                       Filter: (d_year = 1999)
                                       Rows Removed by Filter: 1
                                       Buffers: shared hit=6411
                     ->  Index Scan using customer_demographics_pkey on customer_demographics  (cost=0.43..7.36 rows=1 width=8) (actual time=0.011..0.011 rows=0 loops=41176)
                           Index Cond: (cd_demo_sk = catalog_sales.cs_bill_cdemo_sk)
                           Filter: ((cd_gender = 'M'::bpchar) AND (cd_education_status = 'Unknown'::bpchar))
                           Rows Removed by Filter: 1
                           Buffers: shared hit=159800 read=4660
               ->  Index Scan using customer_pkey on customer  (cost=0.43..7.35 rows=1 width=12) (actual time=0.013..0.013 rows=0 loops=5898)
                     Index Cond: (c_customer_sk = catalog_sales.cs_bill_customer_sk)
                     Filter: (c_birth_month = 4)
                     Rows Removed by Filter: 1
                     Buffers: shared hit=22310 read=1278
         ->  Index Scan using customer_address_pkey on customer_address  (cost=0.42..7.35 rows=1 width=35) (actual time=0.016..0.016 rows=0 loops=1008)
               Index Cond: (ca_address_sk = customer.c_current_addr_sk)
               Filter: (ca_state = ANY ('{GA,IA,NM}'::bpchar[]))
               Rows Removed by Filter: 1
               Buffers: shared hit=2124 read=1908
 Planning:
   Buffers: shared hit=454
 Planning Time: 3.926 ms
 Execution Time: 46314.435 ms
(53 rows)

