                                                                                  QUERY PLAN                                                                                   
-------------------------------------------------------------------------------------------------------------------------------------------------------------------------------
 Aggregate  (cost=6009394.62..6009394.63 rows=1 width=268) (actual time=51728.336..51728.341 rows=1 loops=1)
   Buffers: shared hit=912587 read=3717820
   ->  Nested Loop  (cost=17119.15..6009394.51 rows=4 width=81) (actual time=203.444..51727.456 rows=165 loops=1)
         Buffers: shared hit=912587 read=3717820
         ->  Nested Loop  (cost=17118.72..6009122.33 rows=37 width=54) (actual time=135.186..51673.604 rows=2739 loops=1)
               Buffers: shared hit=906458 read=3712993
               ->  Nested Loop  (cost=17118.29..6006379.25 rows=373 width=50) (actual time=134.296..51274.679 rows=28129 loops=1)
                     Buffers: shared hit=802526 read=3704477
                     ->  Nested Loop  (cost=17117.87..5967386.13 rows=5301 width=50) (actual time=133.779..48847.334 rows=193185 loops=1)
                           Buffers: shared hit=51346 read=3683801
                           ->  Hash Join  (cost=17117.56..5925359.90 rows=1069669 width=54) (actual time=133.740..48223.346 rows=2182569 loops=1)
                                 Hash Cond: (catalog_sales.cs_item_sk = item.i_item_sk)
                                 Buffers: shared hit=44935 read=3683801
                                 ->  Seq Scan on catalog_sales  (cost=0.00..5874397.76 rows=12892906 width=41) (actual time=0.053..45703.141 rows=12722112 loops=1)
                                       Filter: ((cs_wholesale_cost >= '34'::numeric) AND (cs_wholesale_cost <= '39'::numeric))
                                       Rows Removed by Filter: 131270187
                                       Buffers: shared hit=30579 read=3683801
                                 ->  Hash  (cost=16906.00..16906.00 rows=16925 width=21) (actual time=133.347..133.348 rows=17141 loops=1)
                                       Buckets: 32768  Batches: 1  Memory Usage: 1194kB
                                       Buffers: shared hit=14356
                                       ->  Seq Scan on item  (cost=0.00..16906.00 rows=16925 width=21) (actual time=0.028..129.026 rows=17141 loops=1)
                                             Filter: (i_category = 'Home'::bpchar)
                                             Rows Removed by Filter: 186859
                                             Buffers: shared hit=14356
                           ->  Memoize  (cost=0.30..7.22 rows=1 width=4) (actual time=0.000..0.000 rows=0 loops=2182569)
                                 Cache Key: catalog_sales.cs_sold_date_sk
                                 Cache Mode: logical
                                 Hits: 2180431  Misses: 2138  Evictions: 0  Overflows: 0  Memory Usage: 155kB
                                 Buffers: shared hit=6411
                                 ->  Index Scan using date_dim_pkey on date_dim  (cost=0.29..7.21 rows=1 width=4) (actual time=0.013..0.013 rows=0 loops=2138)
                                       Index Cond: (d_date_sk = catalog_sales.cs_sold_date_sk)
                                       Filter: (d_year = 1998)
                                       Rows Removed by Filter: 1
                                       Buffers: shared hit=6411
                     ->  Index Scan using customer_demographics_pkey on customer_demographics  (cost=0.43..7.36 rows=1 width=8) (actual time=0.012..0.012 rows=0 loops=193185)
                           Index Cond: (cd_demo_sk = catalog_sales.cs_bill_cdemo_sk)
                           Filter: ((cd_gender = 'M'::bpchar) AND (cd_education_status = 'Unknown'::bpchar))
                           Rows Removed by Filter: 1
                           Buffers: shared hit=751180 read=20676
               ->  Index Scan using customer_pkey on customer  (cost=0.43..7.35 rows=1 width=12) (actual time=0.014..0.014 rows=0 loops=28129)
                     Index Cond: (c_customer_sk = catalog_sales.cs_bill_customer_sk)
                     Filter: (c_birth_month = 2)
                     Rows Removed by Filter: 1
                     Buffers: shared hit=103932 read=8516
         ->  Index Scan using customer_address_pkey on customer_address  (cost=0.42..7.36 rows=1 width=35) (actual time=0.019..0.019 rows=0 loops=2739)
               Index Cond: (ca_address_sk = customer.c_current_addr_sk)
               Filter: (ca_state = ANY ('{GA,NC,NY}'::bpchar[]))
               Rows Removed by Filter: 1
               Buffers: shared hit=6129 read=4827
 Planning:
   Buffers: shared hit=454
 Planning Time: 4.641 ms
 Execution Time: 51729.034 ms
(53 rows)

