                                                                                     QUERY PLAN                                                                                      
-------------------------------------------------------------------------------------------------------------------------------------------------------------------------------------
 Aggregate  (cost=5982509.45..5982509.46 rows=1 width=268) (actual time=55565.798..55565.803 rows=1 loops=1)
   Buffers: shared hit=1939623 read=3723771
   ->  Nested Loop  (cost=2393.34..5982509.43 rows=1 width=81) (actual time=12490.820..55565.400 rows=54 loops=1)
         Buffers: shared hit=1939623 read=3723771
         ->  Nested Loop  (cost=2392.91..5982457.93 rows=7 width=54) (actual time=12169.134..55544.170 rows=953 loops=1)
               Buffers: shared hit=1937045 read=3722537
               ->  Nested Loop  (cost=2392.49..5981921.02 rows=73 width=50) (actual time=12155.682..55348.794 rows=9944 loops=1)
                     Buffers: shared hit=1899590 read=3720260
                     ->  Nested Loop  (cost=2392.07..5975457.70 rows=880 width=37) (actual time=12154.209..54234.327 rows=59962 loops=1)
                           Buffers: shared hit=1687615 read=3692387
                           ->  Hash Join  (cost=2391.64..5883417.43 rows=12512 width=37) (actual time=12153.839..46775.931 rows=416567 loops=1)
                                 Hash Cond: (catalog_sales.cs_sold_date_sk = date_dim.d_date_sk)
                                 Buffers: shared hit=57762 read=3658092
                                 ->  Seq Scan on catalog_sales  (cost=0.00..5874397.76 rows=2524821 width=41) (actual time=0.145..46342.674 rows=2625628 loops=1)
                                       Filter: ((cs_wholesale_cost >= '44'::numeric) AND (cs_wholesale_cost <= '49'::numeric))
                                       Rows Removed by Filter: 141366671
                                       Buffers: shared hit=57720 read=3656660
                                 ->  Hash  (cost=2387.11..2387.11 rows=362 width=4) (actual time=21.893..21.895 rows=366 loops=1)
                                       Buckets: 1024  Batches: 1  Memory Usage: 21kB
                                       Buffers: shared hit=42 read=1432
                                       ->  Seq Scan on date_dim  (cost=0.00..2387.11 rows=362 width=4) (actual time=12.258..21.832 rows=366 loops=1)
                                             Filter: (d_year = 2000)
                                             Rows Removed by Filter: 72683
                                             Buffers: shared hit=42 read=1432
                           ->  Index Scan using customer_demographics_pkey on customer_demographics  (cost=0.43..7.36 rows=1 width=8) (actual time=0.018..0.018 rows=0 loops=416567)
                                 Index Cond: (cd_demo_sk = catalog_sales.cs_bill_cdemo_sk)
                                 Filter: ((cd_gender = 'M'::bpchar) AND (cd_education_status = 'Unknown'::bpchar))
                                 Rows Removed by Filter: 1
                                 Buffers: shared hit=1629853 read=34295
                     ->  Index Scan using item_pkey on item  (cost=0.42..7.34 rows=1 width=21) (actual time=0.018..0.018 rows=0 loops=59962)
                           Index Cond: (i_item_sk = catalog_sales.cs_item_sk)
                           Filter: (i_category = 'Home'::bpchar)
                           Rows Removed by Filter: 1
                           Buffers: shared hit=211975 read=27873
               ->  Index Scan using customer_pkey on customer  (cost=0.43..7.35 rows=1 width=12) (actual time=0.019..0.019 rows=0 loops=9944)
                     Index Cond: (c_customer_sk = catalog_sales.cs_bill_customer_sk)
                     Filter: (c_birth_month = 2)
                     Rows Removed by Filter: 1
                     Buffers: shared hit=37455 read=2277
         ->  Index Scan using customer_address_pkey on customer_address  (cost=0.42..7.36 rows=1 width=35) (actual time=0.021..0.021 rows=0 loops=953)
               Index Cond: (ca_address_sk = customer.c_current_addr_sk)
               Filter: (ca_state = ANY ('{MD,MS,PA}'::bpchar[]))
               Rows Removed by Filter: 1
               Buffers: shared hit=2578 read=1234
 Planning:
   Buffers: shared hit=407 read=47
 Planning Time: 5.214 ms
 Execution Time: 55566.330 ms
(48 rows)

