                                                                              QUERY PLAN                                                                               
-----------------------------------------------------------------------------------------------------------------------------------------------------------------------
 Aggregate  (cost=5948651.74..5948651.75 rows=1 width=268) (actual time=44774.904..44774.910 rows=1 loops=1)
   Buffers: shared hit=765206 read=3744553
   ->  Nested Loop  (cost=17119.15..5948651.72 rows=1 width=81) (actual time=18269.785..44774.737 rows=23 loops=1)
         Buffers: shared hit=765206 read=3744553
         ->  Nested Loop  (cost=17118.72..5948614.88 rows=5 width=54) (actual time=18019.543..44767.947 rows=356 loops=1)
               Buffers: shared hit=764283 read=3744052
               ->  Nested Loop  (cost=17118.29..5948099.97 rows=70 width=54) (actual time=18010.668..44685.313 rows=6193 loops=1)
                     Buffers: shared hit=739883 read=3743684
                     ->  Nested Loop  (cost=17117.87..5931927.72 rows=2199 width=50) (actual time=17996.813..42447.956 rows=187348 loops=1)
                           Buffers: shared hit=62506 read=3672641
                           ->  Hash Join  (cost=17117.56..5905552.13 rows=443638 width=54) (actual time=152.554..42141.733 rows=940903 loops=1)
                                 Hash Cond: (catalog_sales.cs_item_sk = item.i_item_sk)
                                 Buffers: shared hit=56489 read=3672247
                                 ->  Seq Scan on catalog_sales  (cost=0.00..5874397.76 rows=5347244 width=41) (actual time=0.055..40794.681 rows=5484290 loops=1)
                                       Filter: ((cs_wholesale_cost >= '100'::numeric) AND (cs_wholesale_cost <= '105'::numeric))
                                       Rows Removed by Filter: 138508009
                                       Buffers: shared hit=53604 read=3660776
                                 ->  Hash  (cost=16906.00..16906.00 rows=16925 width=21) (actual time=152.254..152.254 rows=17141 loops=1)
                                       Buckets: 32768  Batches: 1  Memory Usage: 1194kB
                                       Buffers: shared hit=2885 read=11471
                                       ->  Seq Scan on item  (cost=0.00..16906.00 rows=16925 width=21) (actual time=0.028..147.640 rows=17141 loops=1)
                                             Filter: (i_category = 'Home'::bpchar)
                                             Rows Removed by Filter: 186859
                                             Buffers: shared hit=2885 read=11471
                           ->  Memoize  (cost=0.30..7.22 rows=1 width=4) (actual time=0.000..0.000 rows=0 loops=940903)
                                 Cache Key: catalog_sales.cs_sold_date_sk
                                 Cache Mode: logical
                                 Hits: 938765  Misses: 2138  Evictions: 0  Overflows: 0  Memory Usage: 155kB
                                 Buffers: shared hit=6017 read=394
                                 ->  Index Scan using date_dim_pkey on date_dim  (cost=0.29..7.21 rows=1 width=4) (actual time=0.013..0.013 rows=0 loops=2138)
                                       Index Cond: (d_date_sk = catalog_sales.cs_sold_date_sk)
                                       Filter: (d_year = 2001)
                                       Rows Removed by Filter: 1
                                       Buffers: shared hit=6017 read=394
                     ->  Index Scan using customer_pkey on customer  (cost=0.43..7.35 rows=1 width=12) (actual time=0.012..0.012 rows=0 loops=187348)
                           Index Cond: (c_customer_sk = catalog_sales.cs_bill_customer_sk)
                           Filter: (c_birth_month = 6)
                           Rows Removed by Filter: 1
                           Buffers: shared hit=677377 read=71043
               ->  Index Scan using customer_demographics_pkey on customer_demographics  (cost=0.43..7.36 rows=1 width=8) (actual time=0.013..0.013 rows=0 loops=6193)
                     Index Cond: (cd_demo_sk = catalog_sales.cs_bill_cdemo_sk)
                     Filter: ((cd_gender = 'M'::bpchar) AND (cd_education_status = 'Advanced Degree'::bpchar))
                     Rows Removed by Filter: 1
                     Buffers: shared hit=24400 read=368
         ->  Index Scan using customer_address_pkey on customer_address  (cost=0.42..7.37 rows=1 width=35) (actual time=0.018..0.018 rows=0 loops=356)
               Index Cond: (ca_address_sk = customer.c_current_addr_sk)
               Filter: (ca_state = ANY ('{IL,SC,VA}'::bpchar[]))
               Rows Removed by Filter: 1
               Buffers: shared hit=923 read=501
 Planning:
   Buffers: shared hit=409 read=45
 Planning Time: 4.633 ms
 Execution Time: 44775.509 ms
(53 rows)

