                                                                                  QUERY PLAN                                                                                  
------------------------------------------------------------------------------------------------------------------------------------------------------------------------------
 Aggregate  (cost=5981428.63..5981428.64 rows=1 width=268) (actual time=45645.997..45646.001 rows=1 loops=1)
   Buffers: shared hit=421880 read=3676651
   ->  Nested Loop  (cost=17242.40..5981428.50 rows=5 width=81) (actual time=19615.599..45645.531 rows=76 loops=1)
         Buffers: shared hit=421880 read=3676651
         ->  Nested Loop  (cost=17241.97..5981112.24 rows=43 width=54) (actual time=19337.102..45611.087 rows=2155 loops=1)
               Buffers: shared hit=417213 read=3672698
               ->  Nested Loop  (cost=17241.54..5978839.77 rows=309 width=50) (actual time=19333.764..45439.619 rows=14983 loops=1)
                     Buffers: shared hit=364029 read=3665990
                     ->  Nested Loop  (cost=17241.12..5946650.42 rows=4376 width=50) (actual time=19333.710..44724.470 rows=73802 loops=1)
                           Buffers: shared hit=76337 read=3658810
                           ->  Hash Join  (cost=17240.81..5909291.68 rows=882967 width=54) (actual time=142.143..44499.019 rows=641907 loops=1)
                                 Hash Cond: (catalog_sales.cs_item_sk = item.i_item_sk)
                                 Buffers: shared hit=70082 read=3658654
                                 ->  Seq Scan on catalog_sales  (cost=0.00..5874397.76 rows=6724855 width=41) (actual time=0.073..42877.485 rows=6763882 loops=1)
                                       Filter: ((cs_wholesale_cost >= '71'::numeric) AND (cs_wholesale_cost <= '76'::numeric))
                                       Rows Removed by Filter: 137228417
                                       Buffers: shared hit=55742 read=3658638
                                 ->  Hash  (cost=16906.00..16906.00 rows=26785 width=21) (actual time=141.721..141.722 rows=26695 loops=1)
                                       Buckets: 32768  Batches: 1  Memory Usage: 1716kB
                                       Buffers: shared hit=14340 read=16
                                       ->  Seq Scan on item  (cost=0.00..16906.00 rows=26785 width=21) (actual time=0.023..136.321 rows=26695 loops=1)
                                             Filter: (i_category = 'Children'::bpchar)
                                             Rows Removed by Filter: 177305
                                             Buffers: shared hit=14340 read=16
                           ->  Memoize  (cost=0.30..7.22 rows=1 width=4) (actual time=0.000..0.000 rows=0 loops=641907)
                                 Cache Key: catalog_sales.cs_sold_date_sk
                                 Cache Mode: logical
                                 Hits: 639769  Misses: 2138  Evictions: 0  Overflows: 0  Memory Usage: 155kB
                                 Buffers: shared hit=6255 read=156
                                 ->  Index Scan using date_dim_pkey on date_dim  (cost=0.29..7.21 rows=1 width=4) (actual time=0.015..0.015 rows=0 loops=2138)
                                       Index Cond: (d_date_sk = catalog_sales.cs_sold_date_sk)
                                       Filter: (d_year = 2001)
                                       Rows Removed by Filter: 1
                                       Buffers: shared hit=6255 read=156
                     ->  Index Scan using customer_demographics_pkey on customer_demographics  (cost=0.43..7.36 rows=1 width=8) (actual time=0.009..0.009 rows=0 loops=73802)
                           Index Cond: (cd_demo_sk = catalog_sales.cs_bill_cdemo_sk)
                           Filter: ((cd_gender = 'M'::bpchar) AND (cd_education_status = '2 yr Degree'::bpchar))
                           Rows Removed by Filter: 1
                           Buffers: shared hit=287692 read=7180
               ->  Index Scan using customer_pkey on customer  (cost=0.43..7.35 rows=1 width=12) (actual time=0.011..0.011 rows=0 loops=14983)
                     Index Cond: (c_customer_sk = catalog_sales.cs_bill_customer_sk)
                     Filter: (c_birth_month = 10)
                     Rows Removed by Filter: 1
                     Buffers: shared hit=53184 read=6708
         ->  Index Scan using customer_address_pkey on customer_address  (cost=0.42..7.35 rows=1 width=35) (actual time=0.016..0.016 rows=0 loops=2155)
               Index Cond: (ca_address_sk = customer.c_current_addr_sk)
               Filter: (ca_state = ANY ('{GA,MN,VA}'::bpchar[]))
               Rows Removed by Filter: 1
               Buffers: shared hit=4667 read=3953
 Planning:
   Buffers: shared hit=454
 Planning Time: 4.621 ms
 Execution Time: 45646.664 ms
(53 rows)

