                                                                                  QUERY PLAN                                                                                  
------------------------------------------------------------------------------------------------------------------------------------------------------------------------------
 Aggregate  (cost=5940491.07..5940491.08 rows=1 width=268) (actual time=47117.247..47117.252 rows=1 loops=1)
   Buffers: shared hit=471822 read=3682889
   ->  Nested Loop  (cost=17220.72..5940491.04 rows=1 width=81) (actual time=19757.218..47116.563 rows=122 loops=1)
         Buffers: shared hit=471822 read=3682889
         ->  Nested Loop  (cost=17220.30..5940373.35 rows=16 width=54) (actual time=19674.580..47082.808 rows=2086 loops=1)
               Buffers: shared hit=467290 read=3679077
               ->  Nested Loop  (cost=17219.87..5939365.76 rows=137 width=50) (actual time=19663.361..46884.038 rows=17442 loops=1)
                     Buffers: shared hit=407601 read=3669022
                     ->  Nested Loop  (cost=17219.44..5925080.28 rows=1942 width=50) (actual time=19660.874..46059.788 rows=85486 loops=1)
                           Buffers: shared hit=76082 read=3659065
                           ->  Hash Join  (cost=17219.14..5899996.14 rows=391978 width=54) (actual time=149.660..45855.086 rows=581719 loops=1)
                                 Hash Cond: (catalog_sales.cs_item_sk = item.i_item_sk)
                                 Buffers: shared hit=69827 read=3658909
                                 ->  Seq Scan on catalog_sales  (cost=0.00..5874397.76 rows=3192026 width=41) (actual time=0.065..44900.685 rows=3238451 loops=1)
                                       Filter: ((cs_wholesale_cost >= '32'::numeric) AND (cs_wholesale_cost <= '37'::numeric))
                                       Rows Removed by Filter: 140753848
                                       Buffers: shared hit=55851 read=3658529
                                 ->  Hash  (cost=16906.00..16906.00 rows=25051 width=21) (actual time=149.357..149.358 rows=24688 loops=1)
                                       Buckets: 32768  Batches: 1  Memory Usage: 1607kB
                                       Buffers: shared hit=13976 read=380
                                       ->  Seq Scan on item  (cost=0.00..16906.00 rows=25051 width=21) (actual time=0.019..143.116 rows=24688 loops=1)
                                             Filter: (i_category = 'Books'::bpchar)
                                             Rows Removed by Filter: 179312
                                             Buffers: shared hit=13976 read=380
                           ->  Memoize  (cost=0.30..7.22 rows=1 width=4) (actual time=0.000..0.000 rows=0 loops=581719)
                                 Cache Key: catalog_sales.cs_sold_date_sk
                                 Cache Mode: logical
                                 Hits: 579581  Misses: 2138  Evictions: 0  Overflows: 0  Memory Usage: 155kB
                                 Buffers: shared hit=6255 read=156
                                 ->  Index Scan using date_dim_pkey on date_dim  (cost=0.29..7.21 rows=1 width=4) (actual time=0.013..0.013 rows=0 loops=2138)
                                       Index Cond: (d_date_sk = catalog_sales.cs_sold_date_sk)
                                       Filter: (d_year = 2001)
                                       Rows Removed by Filter: 1
                                       Buffers: shared hit=6255 read=156
                     ->  Index Scan using customer_demographics_pkey on customer_demographics  (cost=0.43..7.36 rows=1 width=8) (actual time=0.009..0.009 rows=0 loops=85486)
                           Index Cond: (cd_demo_sk = catalog_sales.cs_bill_cdemo_sk)
                           Filter: ((cd_gender = 'M'::bpchar) AND (cd_education_status = '2 yr Degree'::bpchar))
                           Rows Removed by Filter: 1
                           Buffers: shared hit=331519 read=9957
               ->  Index Scan using customer_pkey on customer  (cost=0.43..7.35 rows=1 width=12) (actual time=0.011..0.011 rows=0 loops=17442)
                     Index Cond: (c_customer_sk = catalog_sales.cs_bill_customer_sk)
                     Filter: (c_birth_month = 8)
                     Rows Removed by Filter: 1
                     Buffers: shared hit=59689 read=10055
         ->  Index Scan using customer_address_pkey on customer_address  (cost=0.42..7.36 rows=1 width=35) (actual time=0.016..0.016 rows=0 loops=2086)
               Index Cond: (ca_address_sk = customer.c_current_addr_sk)
               Filter: (ca_state = ANY ('{CO,KS,PA}'::bpchar[]))
               Rows Removed by Filter: 1
               Buffers: shared hit=4532 read=3812
 Planning:
   Buffers: shared hit=454
 Planning Time: 3.918 ms
 Execution Time: 47117.790 ms
(53 rows)

