                                                                                  QUERY PLAN                                                                                  
------------------------------------------------------------------------------------------------------------------------------------------------------------------------------
 Aggregate  (cost=5987818.13..5987818.14 rows=1 width=268) (actual time=46777.002..46777.007 rows=1 loops=1)
   Buffers: shared hit=459925 read=3672350
   ->  Nested Loop  (cost=17180.68..5987818.07 rows=2 width=81) (actual time=287.252..46776.671 rows=48 loops=1)
         Buffers: shared hit=459925 read=3672350
         ->  Nested Loop  (cost=17180.26..5987582.67 rows=32 width=54) (actual time=156.723..46761.618 rows=911 loops=1)
               Buffers: shared hit=457918 read=3670713
               ->  Nested Loop  (cost=17179.83..5985214.62 rows=322 width=50) (actual time=152.887..46645.643 rows=9277 loops=1)
                     Buffers: shared hit=426787 read=3664752
                     ->  Nested Loop  (cost=17179.40..5951988.25 rows=4517 width=50) (actual time=152.253..45785.314 rows=89197 loops=1)
                           Buffers: shared hit=80010 read=3655137
                           ->  Hash Join  (cost=17179.10..5913917.31 rows=911455 width=54) (actual time=152.227..45537.738 rows=727824 loops=1)
                                 Hash Cond: (catalog_sales.cs_item_sk = item.i_item_sk)
                                 Buffers: shared hit=73755 read=3654981
                                 ->  Seq Scan on catalog_sales  (cost=0.00..5874397.76 rows=8510470 width=41) (actual time=0.065..43720.920 rows=8494738 loops=1)
                                       Filter: ((cs_wholesale_cost >= '65'::numeric) AND (cs_wholesale_cost <= '70'::numeric))
                                       Rows Removed by Filter: 135497561
                                       Buffers: shared hit=59399 read=3654981
                                 ->  Hash  (cost=16906.00..16906.00 rows=21848 width=21) (actual time=151.962..151.963 rows=21811 loops=1)
                                       Buckets: 32768  Batches: 1  Memory Usage: 1449kB
                                       Buffers: shared hit=14356
                                       ->  Seq Scan on item  (cost=0.00..16906.00 rows=21848 width=21) (actual time=0.045..146.724 rows=21811 loops=1)
                                             Filter: (i_category = 'Sports'::bpchar)
                                             Rows Removed by Filter: 182189
                                             Buffers: shared hit=14356
                           ->  Memoize  (cost=0.30..7.22 rows=1 width=4) (actual time=0.000..0.000 rows=0 loops=727824)
                                 Cache Key: catalog_sales.cs_sold_date_sk
                                 Cache Mode: logical
                                 Hits: 725686  Misses: 2138  Evictions: 0  Overflows: 0  Memory Usage: 155kB
                                 Buffers: shared hit=6255 read=156
                                 ->  Index Scan using date_dim_pkey on date_dim  (cost=0.29..7.21 rows=1 width=4) (actual time=0.013..0.013 rows=0 loops=2138)
                                       Index Cond: (d_date_sk = catalog_sales.cs_sold_date_sk)
                                       Filter: (d_year = 1998)
                                       Rows Removed by Filter: 1
                                       Buffers: shared hit=6255 read=156
                     ->  Index Scan using customer_demographics_pkey on customer_demographics  (cost=0.43..7.36 rows=1 width=8) (actual time=0.009..0.009 rows=0 loops=89197)
                           Index Cond: (cd_demo_sk = catalog_sales.cs_bill_cdemo_sk)
                           Filter: ((cd_gender = 'M'::bpchar) AND (cd_education_status = 'College'::bpchar))
                           Rows Removed by Filter: 1
                           Buffers: shared hit=346777 read=9615
               ->  Index Scan using customer_pkey on customer  (cost=0.43..7.35 rows=1 width=12) (actual time=0.012..0.012 rows=0 loops=9277)
                     Index Cond: (c_customer_sk = catalog_sales.cs_bill_customer_sk)
                     Filter: (c_birth_month = 1)
                     Rows Removed by Filter: 1
                     Buffers: shared hit=31131 read=5961
         ->  Index Scan using customer_address_pkey on customer_address  (cost=0.42..7.36 rows=1 width=35) (actual time=0.016..0.016 rows=0 loops=911)
               Index Cond: (ca_address_sk = customer.c_current_addr_sk)
               Filter: (ca_state = ANY ('{AR,MI,WV}'::bpchar[]))
               Rows Removed by Filter: 1
               Buffers: shared hit=2007 read=1637
 Planning:
   Buffers: shared hit=408 read=46
 Planning Time: 5.573 ms
 Execution Time: 46777.466 ms
(53 rows)

