                                                                             QUERY PLAN                                                                             
--------------------------------------------------------------------------------------------------------------------------------------------------------------------
 Aggregate  (cost=6015247.49..6015247.50 rows=1 width=268) (actual time=51044.807..51044.812 rows=1 loops=1)
   Buffers: shared hit=979646 read=3731360
   ->  Nested Loop  (cost=19633.73..6015247.43 rows=2 width=81) (actual time=6706.621..51044.161 rows=99 loops=1)
         Buffers: shared hit=979646 read=3731360
         ->  Nested Loop  (cost=19633.30..6014982.62 rows=36 width=81) (actual time=6506.182..51028.016 rows=893 loops=1)
               Buffers: shared hit=977272 read=3730162
               ->  Nested Loop  (cost=19632.88..6009794.86 rows=705 width=54) (actual time=6492.435..50812.906 rows=15565 loops=1)
                     Buffers: shared hit=923224 read=3721950
                     ->  Hash Join  (cost=19632.45..5935173.17 rows=10147 width=50) (actual time=6491.837..48119.066 rows=229021 loops=1)
                           Hash Cond: (catalog_sales.cs_item_sk = item.i_item_sk)
                           Buffers: shared hit=20958 read=3709252
                           ->  Hash Join  (cost=2391.64..5917729.49 rows=77284 width=37) (actual time=6369.001..47612.802 rows=2071676 loops=1)
                                 Hash Cond: (catalog_sales.cs_sold_date_sk = date_dim.d_date_sk)
                                 Buffers: shared hit=20958 read=3694896
                                 ->  Seq Scan on catalog_sales  (cost=0.00..5874397.76 rows=15595328 width=41) (actual time=0.065..45998.581 rows=15696054 loops=1)
                                       Filter: ((cs_wholesale_cost >= '23'::numeric) AND (cs_wholesale_cost <= '28'::numeric))
                                       Rows Removed by Filter: 128296245
                                       Buffers: shared hit=20952 read=3693428
                                 ->  Hash  (cost=2387.11..2387.11 rows=362 width=4) (actual time=21.631..21.632 rows=365 loops=1)
                                       Buckets: 1024  Batches: 1  Memory Usage: 21kB
                                       Buffers: shared hit=6 read=1468
                                       ->  Seq Scan on date_dim  (cost=0.00..2387.11 rows=362 width=4) (actual time=11.983..21.565 rows=365 loops=1)
                                             Filter: (d_year = 1999)
                                             Rows Removed by Filter: 72684
                                             Buffers: shared hit=6 read=1468
                           ->  Hash  (cost=16906.00..16906.00 rows=26785 width=21) (actual time=122.663..122.664 rows=26695 loops=1)
                                 Buckets: 32768  Batches: 1  Memory Usage: 1716kB
                                 Buffers: shared read=14356
                                 ->  Seq Scan on item  (cost=0.00..16906.00 rows=26785 width=21) (actual time=0.014..116.851 rows=26695 loops=1)
                                       Filter: (i_category = 'Children'::bpchar)
                                       Rows Removed by Filter: 177305
                                       Buffers: shared read=14356
                     ->  Index Scan using customer_pkey on customer  (cost=0.43..7.35 rows=1 width=12) (actual time=0.012..0.012 rows=0 loops=229021)
                           Index Cond: (c_customer_sk = catalog_sales.cs_bill_customer_sk)
                           Filter: (c_birth_month = 12)
                           Rows Removed by Filter: 1
                           Buffers: shared hit=902266 read=12698
               ->  Index Scan using customer_address_pkey on customer_address  (cost=0.42..7.36 rows=1 width=35) (actual time=0.014..0.014 rows=0 loops=15565)
                     Index Cond: (ca_address_sk = customer.c_current_addr_sk)
                     Filter: (ca_state = ANY ('{LA,MT,WV}'::bpchar[]))
                     Rows Removed by Filter: 1
                     Buffers: shared hit=54048 read=8212
         ->  Index Scan using customer_demographics_pkey on customer_demographics  (cost=0.43..7.36 rows=1 width=8) (actual time=0.017..0.017 rows=0 loops=893)
               Index Cond: (cd_demo_sk = catalog_sales.cs_bill_cdemo_sk)
               Filter: ((cd_gender = 'M'::bpchar) AND (cd_education_status = 'College'::bpchar))
               Rows Removed by Filter: 1
               Buffers: shared hit=2374 read=1198
 Planning:
   Buffers: shared hit=378 read=76
 Planning Time: 5.271 ms
 Execution Time: 51045.369 ms
(51 rows)

