                                                                              QUERY PLAN                                                                              
----------------------------------------------------------------------------------------------------------------------------------------------------------------------
 Aggregate  (cost=5938175.63..5938175.64 rows=1 width=268) (actual time=46868.324..46868.329 rows=1 loops=1)
   Buffers: shared hit=117812 read=3682331
   ->  Nested Loop  (cost=16954.16..5938175.60 rows=1 width=81) (actual time=29709.317..46868.298 rows=3 loops=1)
         Buffers: shared hit=117812 read=3682331
         ->  Nested Loop  (cost=16953.73..5938153.51 rows=3 width=54) (actual time=28078.453..46867.615 rows=38 loops=1)
               Buffers: shared hit=117695 read=3682296
               ->  Nested Loop  (cost=16953.31..5937881.35 rows=37 width=54) (actual time=27926.744..46857.054 rows=770 loops=1)
                     Buffers: shared hit=114868 read=3682043
                     ->  Nested Loop  (cost=16952.88..5932328.93 rows=755 width=50) (actual time=27887.045..46654.317 rows=15466 loops=1)
                           Buffers: shared hit=56080 read=3679067
                           ->  Hash Join  (cost=16952.58..5913237.17 rows=152285 width=54) (actual time=129.442..46588.331 rows=75657 loops=1)
                                 Hash Cond: (catalog_sales.cs_item_sk = item.i_item_sk)
                                 Buffers: shared hit=49671 read=3679065
                                 ->  Seq Scan on catalog_sales  (cost=0.00..5874397.76 rows=8337669 width=41) (actual time=0.066..45230.625 rows=8349119 loops=1)
                                       Filter: ((cs_wholesale_cost >= '7'::numeric) AND (cs_wholesale_cost <= '12'::numeric))
                                       Rows Removed by Filter: 135643180
                                       Buffers: shared hit=49671 read=3664709
                                 ->  Hash  (cost=16906.00..16906.00 rows=3726 width=21) (actual time=128.564..128.564 rows=3713 loops=1)
                                       Buckets: 4096  Batches: 1  Memory Usage: 236kB
                                       Buffers: shared read=14356
                                       ->  Seq Scan on item  (cost=0.00..16906.00 rows=3726 width=21) (actual time=0.091..127.530 rows=3713 loops=1)
                                             Filter: (i_category = 'Music'::bpchar)
                                             Rows Removed by Filter: 200287
                                             Buffers: shared read=14356
                           ->  Memoize  (cost=0.30..7.22 rows=1 width=4) (actual time=0.001..0.001 rows=0 loops=75657)
                                 Cache Key: catalog_sales.cs_sold_date_sk
                                 Cache Mode: logical
                                 Hits: 73519  Misses: 2138  Evictions: 0  Overflows: 0  Memory Usage: 155kB
                                 Buffers: shared hit=6409 read=2
                                 ->  Index Scan using date_dim_pkey on date_dim  (cost=0.29..7.21 rows=1 width=4) (actual time=0.012..0.012 rows=0 loops=2138)
                                       Index Cond: (d_date_sk = catalog_sales.cs_sold_date_sk)
                                       Filter: (d_year = 2002)
                                       Rows Removed by Filter: 1
                                       Buffers: shared hit=6409 read=2
                     ->  Index Scan using customer_pkey on customer  (cost=0.43..7.35 rows=1 width=12) (actual time=0.013..0.013 rows=0 loops=15466)
                           Index Cond: (c_customer_sk = catalog_sales.cs_bill_customer_sk)
                           Filter: (c_birth_month = 7)
                           Rows Removed by Filter: 1
                           Buffers: shared hit=58788 read=2976
               ->  Index Scan using customer_demographics_pkey on customer_demographics  (cost=0.43..7.36 rows=1 width=8) (actual time=0.013..0.013 rows=0 loops=770)
                     Index Cond: (cd_demo_sk = catalog_sales.cs_bill_cdemo_sk)
                     Filter: ((cd_gender = 'F'::bpchar) AND (cd_education_status = '4 yr Degree'::bpchar))
                     Rows Removed by Filter: 1
                     Buffers: shared hit=2827 read=253
         ->  Index Scan using customer_address_pkey on customer_address  (cost=0.42..7.36 rows=1 width=35) (actual time=0.017..0.017 rows=0 loops=38)
               Index Cond: (ca_address_sk = customer.c_current_addr_sk)
               Filter: (ca_state = ANY ('{KS,NM,TN}'::bpchar[]))
               Rows Removed by Filter: 1
               Buffers: shared hit=117 read=35
 Planning:
   Buffers: shared hit=404 read=50
 Planning Time: 6.023 ms
 Execution Time: 46868.990 ms
(53 rows)

