                                                                                  QUERY PLAN                                                                                  
------------------------------------------------------------------------------------------------------------------------------------------------------------------------------
 Aggregate  (cost=5978025.02..5978025.03 rows=1 width=268) (actual time=46024.145..46024.151 rows=1 loops=1)
   Buffers: shared hit=473274 read=3708249
   ->  Nested Loop  (cost=17242.40..5978024.91 rows=4 width=81) (actual time=124.768..46023.381 rows=143 loops=1)
         Buffers: shared hit=473274 read=3708249
         ->  Nested Loop  (cost=17241.97..5977723.36 rows=41 width=54) (actual time=122.708..45985.389 rows=2654 loops=1)
               Buffers: shared hit=465940 read=3704967
               ->  Nested Loop  (cost=17241.54..5975553.84 rows=295 width=50) (actual time=121.066..45775.459 rows=18443 loops=1)
                     Buffers: shared hit=398535 read=3698632
                     ->  Nested Loop  (cost=17241.12..5944835.64 rows=4176 width=50) (actual time=120.827..44869.714 rows=90606 loops=1)
                           Buffers: shared hit=56095 read=3679052
                           ->  Hash Join  (cost=17240.81..5908485.26 rows=842632 width=54) (actual time=120.783..44666.908 rows=579368 loops=1)
                                 Hash Cond: (catalog_sales.cs_item_sk = item.i_item_sk)
                                 Buffers: shared hit=49684 read=3679052
                                 ->  Seq Scan on catalog_sales  (cost=0.00..5874397.76 rows=6417653 width=41) (actual time=0.052..43214.278 rows=6094526 loops=1)
                                       Filter: ((cs_wholesale_cost >= '60'::numeric) AND (cs_wholesale_cost <= '65'::numeric))
                                       Rows Removed by Filter: 137897773
                                       Buffers: shared hit=35328 read=3679052
                                 ->  Hash  (cost=16906.00..16906.00 rows=26785 width=21) (actual time=120.484..120.485 rows=26695 loops=1)
                                       Buckets: 32768  Batches: 1  Memory Usage: 1716kB
                                       Buffers: shared hit=14356
                                       ->  Seq Scan on item  (cost=0.00..16906.00 rows=26785 width=21) (actual time=0.013..114.964 rows=26695 loops=1)
                                             Filter: (i_category = 'Children'::bpchar)
                                             Rows Removed by Filter: 177305
                                             Buffers: shared hit=14356
                           ->  Memoize  (cost=0.30..7.22 rows=1 width=4) (actual time=0.000..0.000 rows=0 loops=579368)
                                 Cache Key: catalog_sales.cs_sold_date_sk
                                 Cache Mode: logical
                                 Hits: 577230  Misses: 2138  Evictions: 0  Overflows: 0  Memory Usage: 155kB
                                 Buffers: shared hit=6411
                                 ->  Index Scan using date_dim_pkey on date_dim  (cost=0.29..7.21 rows=1 width=4) (actual time=0.012..0.012 rows=0 loops=2138)
                                       Index Cond: (d_date_sk = catalog_sales.cs_sold_date_sk)
                                       Filter: (d_year = 1998)
                                       Rows Removed by Filter: 1
                                       Buffers: shared hit=6411
                     ->  Index Scan using customer_demographics_pkey on customer_demographics  (cost=0.43..7.36 rows=1 width=8) (actual time=0.010..0.010 rows=0 loops=90606)
                           Index Cond: (cd_demo_sk = catalog_sales.cs_bill_cdemo_sk)
                           Filter: ((cd_gender = 'M'::bpchar) AND (cd_education_status = '2 yr Degree'::bpchar))
                           Rows Removed by Filter: 1
                           Buffers: shared hit=342440 read=19580
               ->  Index Scan using customer_pkey on customer  (cost=0.43..7.35 rows=1 width=12) (actual time=0.011..0.011 rows=0 loops=18443)
                     Index Cond: (c_customer_sk = catalog_sales.cs_bill_customer_sk)
                     Filter: (c_birth_month = 10)
                     Rows Removed by Filter: 1
                     Buffers: shared hit=67405 read=6335
         ->  Index Scan using customer_address_pkey on customer_address  (cost=0.42..7.35 rows=1 width=35) (actual time=0.014..0.014 rows=0 loops=2654)
               Index Cond: (ca_address_sk = customer.c_current_addr_sk)
               Filter: (ca_state = ANY ('{GA,OH,PA}'::bpchar[]))
               Rows Removed by Filter: 1
               Buffers: shared hit=7334 read=3282
 Planning:
   Buffers: shared hit=454
 Planning Time: 5.860 ms
 Execution Time: 46024.736 ms
(53 rows)

