                                                                                  QUERY PLAN                                                                                   
-------------------------------------------------------------------------------------------------------------------------------------------------------------------------------
 Aggregate  (cost=5966737.01..5966737.02 rows=1 width=268) (actual time=49126.659..49126.664 rows=1 loops=1)
   Buffers: shared hit=1108681 read=3708669
   ->  Nested Loop  (cost=17119.15..5966736.96 rows=2 width=81) (actual time=19101.842..49126.225 rows=64 loops=1)
         Buffers: shared hit=1108681 read=3708669
         ->  Nested Loop  (cost=17118.72..5966575.12 rows=22 width=54) (actual time=18939.466..49102.753 rows=1292 loops=1)
               Buffers: shared hit=1105184 read=3706998
               ->  Nested Loop  (cost=17118.29..5964964.54 rows=219 width=50) (actual time=18939.448..48864.778 rows=13785 loops=1)
                     Buffers: shared hit=1057031 read=3700051
                     ->  Nested Loop  (cost=17117.87..5942190.78 rows=3096 width=50) (actual time=18938.983..45299.124 rows=255805 loops=1)
                           Buffers: shared hit=67359 read=3667788
                           ->  Hash Join  (cost=17117.56..5911285.30 rows=624836 width=54) (actual time=131.244..44898.075 rows=1288338 loops=1)
                                 Hash Cond: (catalog_sales.cs_item_sk = item.i_item_sk)
                                 Buffers: shared hit=60948 read=3667788
                                 ->  Seq Scan on catalog_sales  (cost=0.00..5874397.76 rows=7531262 width=41) (actual time=0.061..43204.234 rows=7518631 loops=1)
                                       Filter: ((cs_wholesale_cost >= '84'::numeric) AND (cs_wholesale_cost <= '89'::numeric))
                                       Rows Removed by Filter: 136473668
                                       Buffers: shared hit=60948 read=3653432
                                 ->  Hash  (cost=16906.00..16906.00 rows=16925 width=21) (actual time=130.877..130.878 rows=17141 loops=1)
                                       Buckets: 32768  Batches: 1  Memory Usage: 1194kB
                                       Buffers: shared read=14356
                                       ->  Seq Scan on item  (cost=0.00..16906.00 rows=16925 width=21) (actual time=0.031..126.461 rows=17141 loops=1)
                                             Filter: (i_category = 'Home'::bpchar)
                                             Rows Removed by Filter: 186859
                                             Buffers: shared read=14356
                           ->  Memoize  (cost=0.30..7.22 rows=1 width=4) (actual time=0.000..0.000 rows=0 loops=1288338)
                                 Cache Key: catalog_sales.cs_sold_date_sk
                                 Cache Mode: logical
                                 Hits: 1286200  Misses: 2138  Evictions: 0  Overflows: 0  Memory Usage: 155kB
                                 Buffers: shared hit=6411
                                 ->  Index Scan using date_dim_pkey on date_dim  (cost=0.29..7.21 rows=1 width=4) (actual time=0.012..0.012 rows=0 loops=2138)
                                       Index Cond: (d_date_sk = catalog_sales.cs_sold_date_sk)
                                       Filter: (d_year = 2001)
                                       Rows Removed by Filter: 1
                                       Buffers: shared hit=6411
                     ->  Index Scan using customer_demographics_pkey on customer_demographics  (cost=0.43..7.36 rows=1 width=8) (actual time=0.014..0.014 rows=0 loops=255805)
                           Index Cond: (cd_demo_sk = catalog_sales.cs_bill_cdemo_sk)
                           Filter: ((cd_gender = 'M'::bpchar) AND (cd_education_status = 'Advanced Degree'::bpchar))
                           Rows Removed by Filter: 1
                           Buffers: shared hit=989672 read=32263
               ->  Index Scan using customer_pkey on customer  (cost=0.43..7.35 rows=1 width=12) (actual time=0.017..0.017 rows=0 loops=13785)
                     Index Cond: (c_customer_sk = catalog_sales.cs_bill_customer_sk)
                     Filter: (c_birth_month = 1)
                     Rows Removed by Filter: 1
                     Buffers: shared hit=48153 read=6947
         ->  Index Scan using customer_address_pkey on customer_address  (cost=0.42..7.36 rows=1 width=35) (actual time=0.017..0.017 rows=0 loops=1292)
               Index Cond: (ca_address_sk = customer.c_current_addr_sk)
               Filter: (ca_state = ANY ('{IL,KY,MN}'::bpchar[]))
               Rows Removed by Filter: 1
               Buffers: shared hit=3497 read=1671
 Planning:
   Buffers: shared hit=405 read=49
 Planning Time: 5.106 ms
 Execution Time: 49127.300 ms
(53 rows)

