                                                                            QUERY PLAN                                                                            
------------------------------------------------------------------------------------------------------------------------------------------------------------------
 Aggregate  (cost=5994627.46..5994627.47 rows=1 width=268) (actual time=50873.202..50873.207 rows=1 loops=1)
   Buffers: shared hit=738789 read=3801366
   ->  Nested Loop  (cost=17180.68..5994627.43 rows=1 width=81) (actual time=17508.941..50873.176 rows=3 loops=1)
         Buffers: shared hit=738789 read=3801366
         ->  Nested Loop  (cost=17180.26..5994598.01 rows=4 width=81) (actual time=13047.973..50871.150 rows=136 loops=1)
               Buffers: shared hit=738255 read=3801356
               ->  Nested Loop  (cost=17179.83..5994088.20 rows=69 width=54) (actual time=12996.761..50827.739 rows=2774 loops=1)
                     Buffers: shared hit=730793 read=3797722
                     ->  Nested Loop  (cost=17179.40..5957104.10 rows=5029 width=50) (actual time=12992.624..48585.707 rows=198609 loops=1)
                           Buffers: shared hit=37960 read=3697187
                           ->  Hash Join  (cost=17179.10..5916449.98 rows=1014784 width=54) (actual time=115.226..48310.971 rows=794776 loops=1)
                                 Hash Cond: (catalog_sales.cs_item_sk = item.i_item_sk)
                                 Buffers: shared hit=31549 read=3697187
                                 ->  Seq Scan on catalog_sales  (cost=0.00..5874397.76 rows=9475278 width=41) (actual time=0.048..46380.294 rows=9280537 loops=1)
                                       Filter: ((cs_wholesale_cost >= '4'::numeric) AND (cs_wholesale_cost <= '9'::numeric))
                                       Rows Removed by Filter: 134711762
                                       Buffers: shared hit=17193 read=3697187
                                 ->  Hash  (cost=16906.00..16906.00 rows=21848 width=21) (actual time=114.879..114.880 rows=21811 loops=1)
                                       Buckets: 32768  Batches: 1  Memory Usage: 1449kB
                                       Buffers: shared hit=14356
                                       ->  Seq Scan on item  (cost=0.00..16906.00 rows=21848 width=21) (actual time=0.029..109.741 rows=21811 loops=1)
                                             Filter: (i_category = 'Sports'::bpchar)
                                             Rows Removed by Filter: 182189
                                             Buffers: shared hit=14356
                           ->  Memoize  (cost=0.30..7.22 rows=1 width=4) (actual time=0.000..0.000 rows=0 loops=794776)
                                 Cache Key: catalog_sales.cs_sold_date_sk
                                 Cache Mode: logical
                                 Hits: 792638  Misses: 2138  Evictions: 0  Overflows: 0  Memory Usage: 155kB
                                 Buffers: shared hit=6411
                                 ->  Index Scan using date_dim_pkey on date_dim  (cost=0.29..7.21 rows=1 width=4) (actual time=0.012..0.012 rows=0 loops=2138)
                                       Index Cond: (d_date_sk = catalog_sales.cs_sold_date_sk)
                                       Filter: (d_year = 2000)
                                       Rows Removed by Filter: 1
                                       Buffers: shared hit=6411
                     ->  Index Scan using customer_pkey on customer  (cost=0.43..7.35 rows=1 width=12) (actual time=0.011..0.011 rows=0 loops=198609)
                           Index Cond: (c_customer_sk = catalog_sales.cs_bill_customer_sk)
                           Filter: (c_birth_month = 5)
                           Rows Removed by Filter: 1
                           Buffers: shared hit=692833 read=100535
               ->  Index Scan using customer_address_pkey on customer_address  (cost=0.42..7.39 rows=1 width=35) (actual time=0.015..0.015 rows=0 loops=2774)
                     Index Cond: (ca_address_sk = customer.c_current_addr_sk)
                     Filter: (ca_state = ANY ('{MS,NE,WA}'::bpchar[]))
                     Rows Removed by Filter: 1
                     Buffers: shared hit=7462 read=3634
         ->  Index Scan using customer_demographics_pkey on customer_demographics  (cost=0.43..7.36 rows=1 width=8) (actual time=0.014..0.014 rows=0 loops=136)
               Index Cond: (cd_demo_sk = catalog_sales.cs_bill_cdemo_sk)
               Filter: ((cd_gender = 'F'::bpchar) AND (cd_education_status = 'Advanced Degree'::bpchar))
               Rows Removed by Filter: 1
               Buffers: shared hit=534 read=10
 Planning:
   Buffers: shared hit=454
 Planning Time: 5.292 ms
 Execution Time: 50873.789 ms
(53 rows)

