                                                                              QUERY PLAN                                                                              
----------------------------------------------------------------------------------------------------------------------------------------------------------------------
 Aggregate  (cost=5930751.10..5930751.11 rows=1 width=268) (actual time=45440.506..45440.511 rows=1 loops=1)
   Buffers: shared hit=116335 read=3653816
   ->  Nested Loop  (cost=16954.16..5930751.07 rows=1 width=81) (actual time=14910.022..45440.481 rows=3 loops=1)
         Buffers: shared hit=116335 read=3653816
         ->  Nested Loop  (cost=16953.73..5930743.68 rows=1 width=54) (actual time=12321.374..45439.949 rows=25 loops=1)
               Buffers: shared hit=116274 read=3653777
               ->  Nested Loop  (cost=16953.31..5930684.83 rows=8 width=54) (actual time=12292.668..45438.135 rows=102 loops=1)
                     Buffers: shared hit=115876 read=3653767
                     ->  Nested Loop  (cost=16952.88..5926411.99 rows=581 width=50) (actual time=12075.742..45308.818 rows=8636 loops=1)
                           Buffers: shared hit=85518 read=3649629
                           ->  Hash Join  (cost=16952.58..5908197.02 rows=117217 width=54) (actual time=106.908..45245.184 rows=55333 loops=1)
                                 Hash Cond: (catalog_sales.cs_item_sk = item.i_item_sk)
                                 Buffers: shared hit=79107 read=3649629
                                 ->  Seq Scan on catalog_sales  (cost=0.00..5874397.76 rows=6417653 width=41) (actual time=0.053..44152.627 rows=6094526 loops=1)
                                       Filter: ((cs_wholesale_cost >= '59'::numeric) AND (cs_wholesale_cost <= '64'::numeric))
                                       Rows Removed by Filter: 137897773
                                       Buffers: shared hit=64751 read=3649629
                                 ->  Hash  (cost=16906.00..16906.00 rows=3726 width=21) (actual time=105.813..105.813 rows=3713 loops=1)
                                       Buckets: 4096  Batches: 1  Memory Usage: 236kB
                                       Buffers: shared hit=14356
                                       ->  Seq Scan on item  (cost=0.00..16906.00 rows=3726 width=21) (actual time=0.060..104.953 rows=3713 loops=1)
                                             Filter: (i_category = 'Music'::bpchar)
                                             Rows Removed by Filter: 200287
                                             Buffers: shared hit=14356
                           ->  Memoize  (cost=0.30..7.22 rows=1 width=4) (actual time=0.001..0.001 rows=0 loops=55333)
                                 Cache Key: catalog_sales.cs_sold_date_sk
                                 Cache Mode: logical
                                 Hits: 53195  Misses: 2138  Evictions: 0  Overflows: 0  Memory Usage: 155kB
                                 Buffers: shared hit=6411
                                 ->  Index Scan using date_dim_pkey on date_dim  (cost=0.29..7.21 rows=1 width=4) (actual time=0.012..0.012 rows=0 loops=2138)
                                       Index Cond: (d_date_sk = catalog_sales.cs_sold_date_sk)
                                       Filter: (d_year = 2000)
                                       Rows Removed by Filter: 1
                                       Buffers: shared hit=6411
                     ->  Index Scan using customer_pkey on customer  (cost=0.43..7.35 rows=1 width=12) (actual time=0.015..0.015 rows=0 loops=8636)
                           Index Cond: (c_customer_sk = catalog_sales.cs_bill_customer_sk)
                           Filter: (c_birth_month = 5)
                           Rows Removed by Filter: 1
                           Buffers: shared hit=30358 read=4138
               ->  Index Scan using customer_demographics_pkey on customer_demographics  (cost=0.43..7.36 rows=1 width=8) (actual time=0.016..0.016 rows=0 loops=102)
                     Index Cond: (cd_demo_sk = catalog_sales.cs_bill_cdemo_sk)
                     Filter: ((cd_gender = 'M'::bpchar) AND (cd_education_status = '2 yr Degree'::bpchar))
                     Rows Removed by Filter: 1
                     Buffers: shared hit=398 read=10
         ->  Index Scan using customer_address_pkey on customer_address  (cost=0.42..7.39 rows=1 width=35) (actual time=0.020..0.020 rows=0 loops=25)
               Index Cond: (ca_address_sk = customer.c_current_addr_sk)
               Filter: (ca_state = ANY ('{MT,NJ,WI}'::bpchar[]))
               Rows Removed by Filter: 1
               Buffers: shared hit=61 read=39
 Planning:
   Buffers: shared hit=454
 Planning Time: 4.594 ms
 Execution Time: 45441.118 ms
(53 rows)

