                                                                                  QUERY PLAN                                                                                   
-------------------------------------------------------------------------------------------------------------------------------------------------------------------------------
 Aggregate  (cost=6017139.41..6017139.42 rows=1 width=268) (actual time=48824.666..48824.672 rows=1 loops=1)
   Buffers: shared hit=661234 read=3673725
   ->  Nested Loop  (cost=17326.55..6017139.19 rows=8 width=81) (actual time=20463.973..48824.386 rows=44 loops=1)
         Buffers: shared hit=661234 read=3673725
         ->  Nested Loop  (cost=17326.12..6016558.21 rows=79 width=54) (actual time=20431.276..48807.864 rows=1027 loops=1)
               Buffers: shared hit=658888 read=3671963
               ->  Nested Loop  (cost=17325.69..6013079.67 rows=473 width=50) (actual time=20427.589..48730.956 rows=6291 loops=1)
                     Buffers: shared hit=637844 read=3667871
                     ->  Nested Loop  (cost=17325.27..5963140.79 rows=6789 width=50) (actual time=20427.316..47393.983 rows=142793 loops=1)
                           Buffers: shared hit=91140 read=3644007
                           ->  Hash Join  (cost=17324.96..5913609.56 rows=1369871 width=54) (actual time=117.215..47067.409 rows=1048082 loops=1)
                                 Hash Cond: (catalog_sales.cs_item_sk = item.i_item_sk)
                                 Buffers: shared hit=84729 read=3644007
                                 ->  Seq Scan on catalog_sales  (cost=0.00..5874397.76 rows=8337669 width=41) (actual time=0.049..45251.892 rows=8349119 loops=1)
                                       Filter: ((cs_wholesale_cost >= '8'::numeric) AND (cs_wholesale_cost <= '13'::numeric))
                                       Rows Removed by Filter: 135643180
                                       Buffers: shared hit=70373 read=3644007
                                 ->  Hash  (cost=16906.00..16906.00 rows=33517 width=21) (actual time=116.542..116.542 rows=33627 loops=1)
                                       Buckets: 65536  Batches: 1  Memory Usage: 2351kB
                                       Buffers: shared hit=14356
                                       ->  Seq Scan on item  (cost=0.00..16906.00 rows=33517 width=21) (actual time=0.039..109.865 rows=33627 loops=1)
                                             Filter: (i_category = 'Shoes'::bpchar)
                                             Rows Removed by Filter: 170373
                                             Buffers: shared hit=14356
                           ->  Memoize  (cost=0.30..7.22 rows=1 width=4) (actual time=0.000..0.000 rows=0 loops=1048082)
                                 Cache Key: catalog_sales.cs_sold_date_sk
                                 Cache Mode: logical
                                 Hits: 1045944  Misses: 2138  Evictions: 0  Overflows: 0  Memory Usage: 155kB
                                 Buffers: shared hit=6411
                                 ->  Index Scan using date_dim_pkey on date_dim  (cost=0.29..7.21 rows=1 width=4) (actual time=0.012..0.012 rows=0 loops=2138)
                                       Index Cond: (d_date_sk = catalog_sales.cs_sold_date_sk)
                                       Filter: (d_year = 2001)
                                       Rows Removed by Filter: 1
                                       Buffers: shared hit=6411
                     ->  Index Scan using customer_demographics_pkey on customer_demographics  (cost=0.43..7.36 rows=1 width=8) (actual time=0.009..0.009 rows=0 loops=142793)
                           Index Cond: (cd_demo_sk = catalog_sales.cs_bill_cdemo_sk)
                           Filter: ((cd_gender = 'F'::bpchar) AND (cd_education_status = 'Unknown'::bpchar))
                           Rows Removed by Filter: 1
                           Buffers: shared hit=546704 read=23864
               ->  Index Scan using customer_pkey on customer  (cost=0.43..7.35 rows=1 width=12) (actual time=0.012..0.012 rows=0 loops=6291)
                     Index Cond: (c_customer_sk = catalog_sales.cs_bill_customer_sk)
                     Filter: (c_birth_month = 4)
                     Rows Removed by Filter: 1
                     Buffers: shared hit=21044 read=4092
         ->  Index Scan using customer_address_pkey on customer_address  (cost=0.42..7.35 rows=1 width=35) (actual time=0.015..0.015 rows=0 loops=1027)
               Index Cond: (ca_address_sk = customer.c_current_addr_sk)
               Filter: (ca_state = ANY ('{GA,MN,SD}'::bpchar[]))
               Rows Removed by Filter: 1
               Buffers: shared hit=2346 read=1762
 Planning:
   Buffers: shared hit=454
 Planning Time: 4.610 ms
 Execution Time: 48825.402 ms
(53 rows)

