                                                                            QUERY PLAN                                                                            
------------------------------------------------------------------------------------------------------------------------------------------------------------------
 Aggregate  (cost=5945753.06..5945753.07 rows=1 width=268) (actual time=45434.193..45434.198 rows=1 loops=1)
   Buffers: shared hit=217023 read=3700528
   ->  Nested Loop  (cost=17045.03..5945753.03 rows=1 width=81) (actual time=1031.391..45434.111 rows=11 loops=1)
         Buffers: shared hit=217023 read=3700528
         ->  Nested Loop  (cost=17044.61..5945701.54 rows=7 width=81) (actual time=238.820..45430.857 rows=191 loops=1)
               Buffers: shared hit=216281 read=3700506
               ->  Nested Loop  (cost=17044.18..5944825.87 rows=119 width=54) (actual time=153.548..45387.421 rows=2854 loops=1)
                     Buffers: shared hit=209865 read=3695506
                     ->  Nested Loop  (cost=17043.75..5932220.62 rows=1714 width=50) (actual time=152.756..44858.895 rows=42610 loops=1)
                           Buffers: shared hit=69936 read=3665211
                           ->  Hash Join  (cost=17043.45..5908287.89 rows=345924 width=54) (actual time=152.712..44716.837 rows=363497 loops=1)
                                 Hash Cond: (catalog_sales.cs_item_sk = item.i_item_sk)
                                 Buffers: shared hit=63525 read=3665211
                                 ->  Seq Scan on catalog_sales  (cost=0.00..5874397.76 rows=6417653 width=41) (actual time=0.152..43407.403 rows=6094526 loops=1)
                                       Filter: ((cs_wholesale_cost >= '59'::numeric) AND (cs_wholesale_cost <= '64'::numeric))
                                       Rows Removed by Filter: 137897773
                                       Buffers: shared hit=49169 read=3665211
                                 ->  Hash  (cost=16906.00..16906.00 rows=10996 width=21) (actual time=152.303..152.304 rows=11037 loops=1)
                                       Buckets: 16384  Batches: 1  Memory Usage: 732kB
                                       Buffers: shared hit=14356
                                       ->  Seq Scan on item  (cost=0.00..16906.00 rows=10996 width=21) (actual time=0.078..148.768 rows=11037 loops=1)
                                             Filter: (i_category = 'Women'::bpchar)
                                             Rows Removed by Filter: 192963
                                             Buffers: shared hit=14356
                           ->  Memoize  (cost=0.30..7.22 rows=1 width=4) (actual time=0.000..0.000 rows=0 loops=363497)
                                 Cache Key: catalog_sales.cs_sold_date_sk
                                 Cache Mode: logical
                                 Hits: 361359  Misses: 2138  Evictions: 0  Overflows: 0  Memory Usage: 155kB
                                 Buffers: shared hit=6411
                                 ->  Index Scan using date_dim_pkey on date_dim  (cost=0.29..7.21 rows=1 width=4) (actual time=0.012..0.012 rows=0 loops=2138)
                                       Index Cond: (d_date_sk = catalog_sales.cs_sold_date_sk)
                                       Filter: (d_year = 1998)
                                       Rows Removed by Filter: 1
                                       Buffers: shared hit=6411
                     ->  Index Scan using customer_pkey on customer  (cost=0.43..7.35 rows=1 width=12) (actual time=0.012..0.012 rows=0 loops=42610)
                           Index Cond: (c_customer_sk = catalog_sales.cs_bill_customer_sk)
                           Filter: (c_birth_month = 12)
                           Rows Removed by Filter: 1
                           Buffers: shared hit=139929 read=30295
               ->  Index Scan using customer_address_pkey on customer_address  (cost=0.42..7.36 rows=1 width=35) (actual time=0.015..0.015 rows=0 loops=2854)
                     Index Cond: (ca_address_sk = customer.c_current_addr_sk)
                     Filter: (ca_state = ANY ('{HI,IL,MS}'::bpchar[]))
                     Rows Removed by Filter: 1
                     Buffers: shared hit=6416 read=5000
         ->  Index Scan using customer_demographics_pkey on customer_demographics  (cost=0.43..7.36 rows=1 width=8) (actual time=0.016..0.016 rows=0 loops=191)
               Index Cond: (cd_demo_sk = catalog_sales.cs_bill_cdemo_sk)
               Filter: ((cd_gender = 'M'::bpchar) AND (cd_education_status = 'Advanced Degree'::bpchar))
               Rows Removed by Filter: 1
               Buffers: shared hit=742 read=22
 Planning:
   Buffers: shared hit=454
 Planning Time: 4.322 ms
 Execution Time: 45434.760 ms
(53 rows)

