                                                                              QUERY PLAN                                                                               
-----------------------------------------------------------------------------------------------------------------------------------------------------------------------
 Aggregate  (cost=5996839.40..5996839.41 rows=1 width=268) (actual time=49721.772..49721.777 rows=1 loops=1)
   Buffers: shared hit=452166 read=3714045
   ->  Nested Loop  (cost=17180.68..5996839.35 rows=2 width=81) (actual time=28986.929..49721.595 rows=24 loops=1)
         Buffers: shared hit=452166 read=3714045
         ->  Nested Loop  (cost=17180.26..5996655.39 rows=25 width=54) (actual time=28986.847..49712.665 rows=487 loops=1)
               Buffers: shared hit=451039 read=3713224
               ->  Nested Loop  (cost=17179.83..5994088.20 rows=349 width=54) (actual time=28920.925..49632.434 rows=6795 loops=1)
                     Buffers: shared hit=425083 read=3712020
                     ->  Nested Loop  (cost=17179.40..5957104.10 rows=5029 width=50) (actual time=28918.557..48430.696 rows=100630 loops=1)
                           Buffers: shared hit=94970 read=3640177
                           ->  Hash Join  (cost=17179.10..5916449.98 rows=1014784 width=54) (actual time=113.350..48163.085 rows=794776 loops=1)
                                 Hash Cond: (catalog_sales.cs_item_sk = item.i_item_sk)
                                 Buffers: shared hit=88559 read=3640177
                                 ->  Seq Scan on catalog_sales  (cost=0.00..5874397.76 rows=9475278 width=41) (actual time=0.364..46251.673 rows=9280537 loops=1)
                                       Filter: ((cs_wholesale_cost >= '4'::numeric) AND (cs_wholesale_cost <= '9'::numeric))
                                       Rows Removed by Filter: 134711762
                                       Buffers: shared hit=74203 read=3640177
                                 ->  Hash  (cost=16906.00..16906.00 rows=21848 width=21) (actual time=112.558..112.559 rows=21811 loops=1)
                                       Buckets: 32768  Batches: 1  Memory Usage: 1449kB
                                       Buffers: shared hit=14356
                                       ->  Seq Scan on item  (cost=0.00..16906.00 rows=21848 width=21) (actual time=0.035..108.008 rows=21811 loops=1)
                                             Filter: (i_category = 'Sports'::bpchar)
                                             Rows Removed by Filter: 182189
                                             Buffers: shared hit=14356
                           ->  Memoize  (cost=0.30..7.22 rows=1 width=4) (actual time=0.000..0.000 rows=0 loops=794776)
                                 Cache Key: catalog_sales.cs_sold_date_sk
                                 Cache Mode: logical
                                 Hits: 792638  Misses: 2138  Evictions: 0  Overflows: 0  Memory Usage: 155kB
                                 Buffers: shared hit=6411
                                 ->  Index Scan using date_dim_pkey on date_dim  (cost=0.29..7.21 rows=1 width=4) (actual time=0.014..0.014 rows=0 loops=2138)
                                       Index Cond: (d_date_sk = catalog_sales.cs_sold_date_sk)
                                       Filter: (d_year = 2002)
                                       Rows Removed by Filter: 1
                                       Buffers: shared hit=6411
                     ->  Index Scan using customer_pkey on customer  (cost=0.43..7.35 rows=1 width=12) (actual time=0.012..0.012 rows=0 loops=100630)
                           Index Cond: (c_customer_sk = catalog_sales.cs_bill_customer_sk)
                           Filter: (c_birth_month = 12)
                           Rows Removed by Filter: 1
                           Buffers: shared hit=330113 read=71843
               ->  Index Scan using customer_demographics_pkey on customer_demographics  (cost=0.43..7.36 rows=1 width=8) (actual time=0.011..0.011 rows=0 loops=6795)
                     Index Cond: (cd_demo_sk = catalog_sales.cs_bill_cdemo_sk)
                     Filter: ((cd_gender = 'M'::bpchar) AND (cd_education_status = 'Primary'::bpchar))
                     Rows Removed by Filter: 1
                     Buffers: shared hit=25956 read=1204
         ->  Index Scan using customer_address_pkey on customer_address  (cost=0.42..7.36 rows=1 width=35) (actual time=0.017..0.017 rows=0 loops=487)
               Index Cond: (ca_address_sk = customer.c_current_addr_sk)
               Filter: (ca_state = ANY ('{AL,KS,OK}'::bpchar[]))
               Rows Removed by Filter: 1
               Buffers: shared hit=1127 read=821
 Planning:
   Buffers: shared hit=454
 Planning Time: 2.288 ms
 Execution Time: 49722.199 ms
(53 rows)

