                                                                                  QUERY PLAN                                                                                   
-------------------------------------------------------------------------------------------------------------------------------------------------------------------------------
 Aggregate  (cost=6035956.83..6035956.84 rows=1 width=268) (actual time=53366.094..53366.100 rows=1 loops=1)
   Buffers: shared hit=1449129 read=3704325
   ->  Nested Loop  (cost=19717.88..6035956.53 rows=11 width=81) (actual time=13057.464..53365.657 rows=67 loops=1)
         Buffers: shared hit=1449129 read=3704325
         ->  Nested Loop  (cost=19717.46..6035191.55 rows=104 width=54) (actual time=12820.783..53338.386 rows=1242 loops=1)
               Buffers: shared hit=1446376 read=3702110
               ->  Nested Loop  (cost=19717.03..6028661.14 rows=888 width=50) (actual time=12819.844..53146.598 rows=10701 loops=1)
                     Buffers: shared hit=1412379 read=3693315
                     ->  Hash Join  (cost=19716.60..5935257.32 rows=12698 width=50) (actual time=12818.623..48447.514 rows=344321 loops=1)
                           Hash Cond: (catalog_sales.cs_item_sk = item.i_item_sk)
                           Buffers: shared hit=64672 read=3665538
                           ->  Hash Join  (cost=2391.64..5917729.49 rows=77284 width=37) (actual time=12715.708..47899.874 rows=2496082 loops=1)
                                 Hash Cond: (catalog_sales.cs_sold_date_sk = date_dim.d_date_sk)
                                 Buffers: shared hit=53028 read=3662826
                                 ->  Seq Scan on catalog_sales  (cost=0.00..5874397.76 rows=15595328 width=41) (actual time=0.258..46220.178 rows=15696054 loops=1)
                                       Filter: ((cs_wholesale_cost >= '26'::numeric) AND (cs_wholesale_cost <= '31'::numeric))
                                       Rows Removed by Filter: 128296245
                                       Buffers: shared hit=52986 read=3661394
                                 ->  Hash  (cost=2387.11..2387.11 rows=362 width=4) (actual time=23.726..23.727 rows=366 loops=1)
                                       Buckets: 1024  Batches: 1  Memory Usage: 21kB
                                       Buffers: shared hit=42 read=1432
                                       ->  Seq Scan on date_dim  (cost=0.00..2387.11 rows=362 width=4) (actual time=12.889..23.663 rows=366 loops=1)
                                             Filter: (d_year = 2000)
                                             Rows Removed by Filter: 72683
                                             Buffers: shared hit=42 read=1432
                           ->  Hash  (cost=16906.00..16906.00 rows=33517 width=21) (actual time=102.686..102.686 rows=33627 loops=1)
                                 Buckets: 65536  Batches: 1  Memory Usage: 2351kB
                                 Buffers: shared hit=11644 read=2712
                                 ->  Seq Scan on item  (cost=0.00..16906.00 rows=33517 width=21) (actual time=0.023..96.283 rows=33627 loops=1)
                                       Filter: (i_category = 'Shoes'::bpchar)
                                       Rows Removed by Filter: 170373
                                       Buffers: shared hit=11644 read=2712
                     ->  Index Scan using customer_demographics_pkey on customer_demographics  (cost=0.43..7.36 rows=1 width=8) (actual time=0.013..0.013 rows=0 loops=344321)
                           Index Cond: (cd_demo_sk = catalog_sales.cs_bill_cdemo_sk)
                           Filter: ((cd_gender = 'F'::bpchar) AND (cd_education_status = 'Advanced Degree'::bpchar))
                           Rows Removed by Filter: 1
                           Buffers: shared hit=1347707 read=27777
               ->  Index Scan using customer_pkey on customer  (cost=0.43..7.35 rows=1 width=12) (actual time=0.018..0.018 rows=0 loops=10701)
                     Index Cond: (c_customer_sk = catalog_sales.cs_bill_customer_sk)
                     Filter: (c_birth_month = 8)
                     Rows Removed by Filter: 1
                     Buffers: shared hit=33997 read=8795
         ->  Index Scan using customer_address_pkey on customer_address  (cost=0.42..7.36 rows=1 width=35) (actual time=0.021..0.021 rows=0 loops=1242)
               Index Cond: (ca_address_sk = customer.c_current_addr_sk)
               Filter: (ca_state = ANY ('{MO,VA,WI}'::bpchar[]))
               Rows Removed by Filter: 1
               Buffers: shared hit=2753 read=2215
 Planning:
   Buffers: shared hit=454
 Planning Time: 4.622 ms
 Execution Time: 53366.650 ms
(51 rows)

