                                                                              QUERY PLAN                                                                               
-----------------------------------------------------------------------------------------------------------------------------------------------------------------------
 Aggregate  (cost=5933594.68..5933594.69 rows=1 width=268) (actual time=45438.176..45438.181 rows=1 loops=1)
   Buffers: shared hit=173799 read=3691176
   ->  Nested Loop  (cost=17045.03..5933594.65 rows=1 width=81) (actual time=7479.253..45438.144 rows=4 loops=1)
         Buffers: shared hit=173799 read=3691176
         ->  Nested Loop  (cost=17044.61..5933550.50 rows=6 width=54) (actual time=6248.954..45436.133 rows=92 loops=1)
               Buffers: shared hit=173607 read=3691000
               ->  Nested Loop  (cost=17044.18..5932947.31 rows=82 width=54) (actual time=6226.695..45409.721 rows=2010 loops=1)
                     Buffers: shared hit=165697 read=3690874
                     ->  Nested Loop  (cost=17043.75..5924269.05 rows=1180 width=50) (actual time=6224.115..45001.899 rows=30390 loops=1)
                           Buffers: shared hit=70826 read=3664321
                           ->  Hash Join  (cost=17043.45..5903033.55 rows=238033 width=54) (actual time=147.689..44888.967 rows=265066 loops=1)
                                 Hash Cond: (catalog_sales.cs_item_sk = item.i_item_sk)
                                 Buffers: shared hit=64415 read=3664321
                                 ->  Seq Scan on catalog_sales  (cost=0.00..5874397.76 rows=4416036 width=41) (actual time=0.091..43857.803 rows=4444683 loops=1)
                                       Filter: ((cs_wholesale_cost >= '50'::numeric) AND (cs_wholesale_cost <= '55'::numeric))
                                       Rows Removed by Filter: 139547616
                                       Buffers: shared hit=61796 read=3652584
                                 ->  Hash  (cost=16906.00..16906.00 rows=10996 width=21) (actual time=147.413..147.414 rows=11037 loops=1)
                                       Buckets: 16384  Batches: 1  Memory Usage: 732kB
                                       Buffers: shared hit=2619 read=11737
                                       ->  Seq Scan on item  (cost=0.00..16906.00 rows=10996 width=21) (actual time=0.121..144.183 rows=11037 loops=1)
                                             Filter: (i_category = 'Women'::bpchar)
                                             Rows Removed by Filter: 192963
                                             Buffers: shared hit=2619 read=11737
                           ->  Memoize  (cost=0.30..7.22 rows=1 width=4) (actual time=0.000..0.000 rows=0 loops=265066)
                                 Cache Key: catalog_sales.cs_sold_date_sk
                                 Cache Mode: logical
                                 Hits: 262928  Misses: 2138  Evictions: 0  Overflows: 0  Memory Usage: 155kB
                                 Buffers: shared hit=6411
                                 ->  Index Scan using date_dim_pkey on date_dim  (cost=0.29..7.21 rows=1 width=4) (actual time=0.012..0.012 rows=0 loops=2138)
                                       Index Cond: (d_date_sk = catalog_sales.cs_sold_date_sk)
                                       Filter: (d_year = 1999)
                                       Rows Removed by Filter: 1
                                       Buffers: shared hit=6411
                     ->  Index Scan using customer_pkey on customer  (cost=0.43..7.35 rows=1 width=12) (actual time=0.013..0.013 rows=0 loops=30390)
                           Index Cond: (c_customer_sk = catalog_sales.cs_bill_customer_sk)
                           Filter: (c_birth_month = 12)
                           Rows Removed by Filter: 1
                           Buffers: shared hit=94871 read=26553
               ->  Index Scan using customer_demographics_pkey on customer_demographics  (cost=0.43..7.36 rows=1 width=8) (actual time=0.013..0.013 rows=0 loops=2010)
                     Index Cond: (cd_demo_sk = catalog_sales.cs_bill_cdemo_sk)
                     Filter: ((cd_gender = 'F'::bpchar) AND (cd_education_status = 'Unknown'::bpchar))
                     Rows Removed by Filter: 1
                     Buffers: shared hit=7910 read=126
         ->  Index Scan using customer_address_pkey on customer_address  (cost=0.42..7.36 rows=1 width=35) (actual time=0.021..0.021 rows=0 loops=92)
               Index Cond: (ca_address_sk = customer.c_current_addr_sk)
               Filter: (ca_state = ANY ('{KS,MS,TN}'::bpchar[]))
               Rows Removed by Filter: 1
               Buffers: shared hit=192 read=176
 Planning:
   Buffers: shared hit=406 read=48
 Planning Time: 5.826 ms
 Execution Time: 45438.847 ms
(53 rows)

