                                                                                  QUERY PLAN                                                                                   
-------------------------------------------------------------------------------------------------------------------------------------------------------------------------------
 Aggregate  (cost=6041062.11..6041062.12 rows=1 width=268) (actual time=54145.071..54145.076 rows=1 loops=1)
   Buffers: shared hit=1322982 read=3663897
   ->  Nested Loop  (cost=17180.68..6041062.00 rows=4 width=81) (actual time=13609.606..54144.668 rows=65 loops=1)
         Buffers: shared hit=1322982 read=3663897
         ->  Nested Loop  (cost=17180.26..6040679.47 rows=52 width=54) (actual time=13318.107..54122.942 rows=933 loops=1)
               Buffers: shared hit=1320964 read=3662183
               ->  Nested Loop  (cost=17179.83..6036825.93 rows=524 width=50) (actual time=13298.552..53953.498 rows=9627 loops=1)
                     Buffers: shared hit=1290589 read=3654082
                     ->  Nested Loop  (cost=17179.40..5981716.30 rows=7492 width=50) (actual time=13288.803..49741.335 rows=302745 loops=1)
                           Buffers: shared hit=96054 read=3639093
                           ->  Hash Join  (cost=17179.10..5928634.53 rows=1511894 width=54) (actual time=110.843..49341.306 rows=1213119 loops=1)
                                 Hash Cond: (catalog_sales.cs_item_sk = item.i_item_sk)
                                 Buffers: shared hit=89643 read=3639093
                                 ->  Seq Scan on catalog_sales  (cost=0.00..5874397.76 rows=14116916 width=41) (actual time=0.059..46706.856 rows=14129630 loops=1)
                                       Filter: ((cs_wholesale_cost >= '12'::numeric) AND (cs_wholesale_cost <= '17'::numeric))
                                       Rows Removed by Filter: 129862669
                                       Buffers: shared hit=75287 read=3639093
                                 ->  Hash  (cost=16906.00..16906.00 rows=21848 width=21) (actual time=110.388..110.388 rows=21811 loops=1)
                                       Buckets: 32768  Batches: 1  Memory Usage: 1449kB
                                       Buffers: shared hit=14356
                                       ->  Seq Scan on item  (cost=0.00..16906.00 rows=21848 width=21) (actual time=0.034..106.069 rows=21811 loops=1)
                                             Filter: (i_category = 'Sports'::bpchar)
                                             Rows Removed by Filter: 182189
                                             Buffers: shared hit=14356
                           ->  Memoize  (cost=0.30..7.22 rows=1 width=4) (actual time=0.000..0.000 rows=0 loops=1213119)
                                 Cache Key: catalog_sales.cs_sold_date_sk
                                 Cache Mode: logical
                                 Hits: 1210981  Misses: 2138  Evictions: 0  Overflows: 0  Memory Usage: 155kB
                                 Buffers: shared hit=6411
                                 ->  Index Scan using date_dim_pkey on date_dim  (cost=0.29..7.21 rows=1 width=4) (actual time=0.013..0.013 rows=0 loops=2138)
                                       Index Cond: (d_date_sk = catalog_sales.cs_sold_date_sk)
                                       Filter: (d_year = 2000)
                                       Rows Removed by Filter: 1
                                       Buffers: shared hit=6411
                     ->  Index Scan using customer_demographics_pkey on customer_demographics  (cost=0.43..7.36 rows=1 width=8) (actual time=0.014..0.014 rows=0 loops=302745)
                           Index Cond: (cd_demo_sk = catalog_sales.cs_bill_cdemo_sk)
                           Filter: ((cd_gender = 'F'::bpchar) AND (cd_education_status = 'Advanced Degree'::bpchar))
                           Rows Removed by Filter: 1
                           Buffers: shared hit=1194535 read=14989
               ->  Index Scan using customer_pkey on customer  (cost=0.43..7.35 rows=1 width=12) (actual time=0.017..0.017 rows=0 loops=9627)
                     Index Cond: (c_customer_sk = catalog_sales.cs_bill_customer_sk)
                     Filter: (c_birth_month = 1)
                     Rows Removed by Filter: 1
                     Buffers: shared hit=30375 read=8101
         ->  Index Scan using customer_address_pkey on customer_address  (cost=0.42..7.36 rows=1 width=35) (actual time=0.022..0.022 rows=0 loops=933)
               Index Cond: (ca_address_sk = customer.c_current_addr_sk)
               Filter: (ca_state = ANY ('{AL,MO,MT}'::bpchar[]))
               Rows Removed by Filter: 1
               Buffers: shared hit=2018 read=1714
 Planning:
   Buffers: shared hit=454
 Planning Time: 4.436 ms
 Execution Time: 54145.717 ms
(53 rows)

