                                                                                  QUERY PLAN                                                                                  
------------------------------------------------------------------------------------------------------------------------------------------------------------------------------
 Aggregate  (cost=5978017.64..5978017.65 rows=1 width=268) (actual time=45891.961..45891.967 rows=1 loops=1)
   Buffers: shared hit=403986 read=3645061
   ->  Nested Loop  (cost=17242.40..5978017.55 rows=3 width=81) (actual time=19325.364..45891.535 rows=69 loops=1)
         Buffers: shared hit=403986 read=3645061
         ->  Nested Loop  (cost=17241.97..5977716.00 rows=41 width=54) (actual time=19308.549..45866.837 rows=1317 loops=1)
               Buffers: shared hit=401162 read=3642617
               ->  Nested Loop  (cost=17241.54..5975553.84 rows=294 width=50) (actual time=19308.181..45736.807 rows=9866 loops=1)
                     Buffers: shared hit=370611 read=3633724
                     ->  Nested Loop  (cost=17241.12..5944835.64 rows=4176 width=50) (actual time=19307.602..45053.683 rows=67390 loops=1)
                           Buffers: shared hit=104312 read=3630835
                           ->  Hash Join  (cost=17240.81..5908485.26 rows=842632 width=54) (actual time=116.407..44852.424 rows=579368 loops=1)
                                 Hash Cond: (catalog_sales.cs_item_sk = item.i_item_sk)
                                 Buffers: shared hit=97901 read=3630835
                                 ->  Seq Scan on catalog_sales  (cost=0.00..5874397.76 rows=6417653 width=41) (actual time=0.159..43412.097 rows=6094526 loops=1)
                                       Filter: ((cs_wholesale_cost >= '61'::numeric) AND (cs_wholesale_cost <= '66'::numeric))
                                       Rows Removed by Filter: 137897773
                                       Buffers: shared hit=83545 read=3630835
                                 ->  Hash  (cost=16906.00..16906.00 rows=26785 width=21) (actual time=115.962..115.963 rows=26695 loops=1)
                                       Buckets: 32768  Batches: 1  Memory Usage: 1716kB
                                       Buffers: shared hit=14356
                                       ->  Seq Scan on item  (cost=0.00..16906.00 rows=26785 width=21) (actual time=0.024..110.465 rows=26695 loops=1)
                                             Filter: (i_category = 'Children'::bpchar)
                                             Rows Removed by Filter: 177305
                                             Buffers: shared hit=14356
                           ->  Memoize  (cost=0.30..7.22 rows=1 width=4) (actual time=0.000..0.000 rows=0 loops=579368)
                                 Cache Key: catalog_sales.cs_sold_date_sk
                                 Cache Mode: logical
                                 Hits: 577230  Misses: 2138  Evictions: 0  Overflows: 0  Memory Usage: 155kB
                                 Buffers: shared hit=6411
                                 ->  Index Scan using date_dim_pkey on date_dim  (cost=0.29..7.21 rows=1 width=4) (actual time=0.012..0.012 rows=0 loops=2138)
                                       Index Cond: (d_date_sk = catalog_sales.cs_sold_date_sk)
                                       Filter: (d_year = 2001)
                                       Rows Removed by Filter: 1
                                       Buffers: shared hit=6411
                     ->  Index Scan using customer_demographics_pkey on customer_demographics  (cost=0.43..7.36 rows=1 width=8) (actual time=0.010..0.010 rows=0 loops=67390)
                           Index Cond: (cd_demo_sk = catalog_sales.cs_bill_cdemo_sk)
                           Filter: ((cd_gender = 'M'::bpchar) AND (cd_education_status = 'Unknown'::bpchar))
                           Rows Removed by Filter: 1
                           Buffers: shared hit=266299 read=2889
               ->  Index Scan using customer_pkey on customer  (cost=0.43..7.35 rows=1 width=12) (actual time=0.013..0.013 rows=0 loops=9866)
                     Index Cond: (c_customer_sk = catalog_sales.cs_bill_customer_sk)
                     Filter: (c_birth_month = 10)
                     Rows Removed by Filter: 1
                     Buffers: shared hit=30551 read=8893
         ->  Index Scan using customer_address_pkey on customer_address  (cost=0.42..7.35 rows=1 width=35) (actual time=0.018..0.018 rows=0 loops=1317)
               Index Cond: (ca_address_sk = customer.c_current_addr_sk)
               Filter: (ca_state = ANY ('{AL,ND,NE}'::bpchar[]))
               Rows Removed by Filter: 1
               Buffers: shared hit=2824 read=2444
 Planning:
   Buffers: shared hit=454
 Planning Time: 4.432 ms
 Execution Time: 45892.603 ms
(53 rows)

