                                                                                  QUERY PLAN                                                                                  
------------------------------------------------------------------------------------------------------------------------------------------------------------------------------
 Aggregate  (cost=6003094.15..6003094.16 rows=1 width=268) (actual time=48768.724..48768.729 rows=1 loops=1)
   Buffers: shared hit=366756 read=3649047
   ->  Nested Loop  (cost=17073.85..6003093.98 rows=6 width=81) (actual time=6572.414..48768.528 rows=31 loops=1)
         Buffers: shared hit=366756 read=3649047
         ->  Nested Loop  (cost=17073.42..6002763.01 rows=45 width=54) (actual time=6524.727..48754.079 rows=900 loops=1)
               Buffers: shared hit=364774 read=3647429
               ->  Nested Loop  (cost=17072.99..6000372.94 rows=325 width=50) (actual time=6521.226..48666.693 rows=6402 loops=1)
                     Buffers: shared hit=344902 read=3641705
                     ->  Nested Loop  (cost=17072.57..5966823.15 rows=4561 width=50) (actual time=6520.878..48025.198 rows=62930 loops=1)
                           Buffers: shared hit=96010 read=3639137
                           ->  Hash Join  (cost=17072.26..5928527.69 rows=920437 width=54) (actual time=99.327..47851.795 rows=481128 loops=1)
                                 Hash Cond: (catalog_sales.cs_item_sk = item.i_item_sk)
                                 Buffers: shared hit=89599 read=3639137
                                 ->  Seq Scan on catalog_sales  (cost=0.00..5874397.76 rows=14116916 width=41) (actual time=0.064..45559.749 rows=14129630 loops=1)
                                       Filter: ((cs_wholesale_cost >= '16'::numeric) AND (cs_wholesale_cost <= '21'::numeric))
                                       Rows Removed by Filter: 129862669
                                       Buffers: shared hit=75243 read=3639137
                                 ->  Hash  (cost=16906.00..16906.00 rows=13301 width=21) (actual time=99.099..99.100 rows=13933 loops=1)
                                       Buckets: 16384  Batches: 1  Memory Usage: 890kB
                                       Buffers: shared hit=14356
                                       ->  Seq Scan on item  (cost=0.00..16906.00 rows=13301 width=21) (actual time=0.011..96.509 rows=13933 loops=1)
                                             Filter: (i_category = 'Men'::bpchar)
                                             Rows Removed by Filter: 190067
                                             Buffers: shared hit=14356
                           ->  Memoize  (cost=0.30..7.22 rows=1 width=4) (actual time=0.000..0.000 rows=0 loops=481128)
                                 Cache Key: catalog_sales.cs_sold_date_sk
                                 Cache Mode: logical
                                 Hits: 478990  Misses: 2138  Evictions: 0  Overflows: 0  Memory Usage: 155kB
                                 Buffers: shared hit=6411
                                 ->  Index Scan using date_dim_pkey on date_dim  (cost=0.29..7.21 rows=1 width=4) (actual time=0.012..0.012 rows=0 loops=2138)
                                       Index Cond: (d_date_sk = catalog_sales.cs_sold_date_sk)
                                       Filter: (d_year = 1999)
                                       Rows Removed by Filter: 1
                                       Buffers: shared hit=6411
                     ->  Index Scan using customer_demographics_pkey on customer_demographics  (cost=0.43..7.36 rows=1 width=8) (actual time=0.010..0.010 rows=0 loops=62930)
                           Index Cond: (cd_demo_sk = catalog_sales.cs_bill_cdemo_sk)
                           Filter: ((cd_gender = 'M'::bpchar) AND (cd_education_status = 'College'::bpchar))
                           Rows Removed by Filter: 1
                           Buffers: shared hit=248892 read=2568
               ->  Index Scan using customer_pkey on customer  (cost=0.43..7.35 rows=1 width=12) (actual time=0.013..0.013 rows=0 loops=6402)
                     Index Cond: (c_customer_sk = catalog_sales.cs_bill_customer_sk)
                     Filter: (c_birth_month = 10)
                     Rows Removed by Filter: 1
                     Buffers: shared hit=19872 read=5724
         ->  Index Scan using customer_address_pkey on customer_address  (cost=0.42..7.35 rows=1 width=35) (actual time=0.015..0.015 rows=0 loops=900)
               Index Cond: (ca_address_sk = customer.c_current_addr_sk)
               Filter: (ca_state = ANY ('{AL,OK,TX}'::bpchar[]))
               Rows Removed by Filter: 1
               Buffers: shared hit=1982 read=1618
 Planning:
   Buffers: shared hit=454
 Planning Time: 1.857 ms
 Execution Time: 48769.038 ms
(53 rows)

