                                                                            QUERY PLAN                                                                            
------------------------------------------------------------------------------------------------------------------------------------------------------------------
 Aggregate  (cost=5969939.90..5969939.91 rows=1 width=268) (actual time=44431.649..44431.655 rows=1 loops=1)
   Buffers: shared hit=465295 read=3737016
   ->  Nested Loop  (cost=17326.55..5969939.88 rows=1 width=81) (actual time=6397.731..44431.557 rows=13 loops=1)
         Buffers: shared hit=465295 read=3737016
         ->  Nested Loop  (cost=17326.12..5969851.61 rows=12 width=81) (actual time=5808.802..44425.444 rows=394 loops=1)
               Buffers: shared hit=463872 read=3736863
               ->  Nested Loop  (cost=17325.69..5968188.24 rows=226 width=54) (actual time=5805.607..44332.135 rows=6275 loops=1)
                     Buffers: shared hit=449567 read=3726068
                     ->  Nested Loop  (cost=17325.27..5939388.35 rows=3916 width=50) (actual time=5805.298..43155.085 rows=110254 loops=1)
                           Buffers: shared hit=41312 read=3693835
                           ->  Hash Join  (cost=17324.96..5904348.29 rows=790219 width=54) (actual time=133.092..42941.681 rows=620434 loops=1)
                                 Hash Cond: (catalog_sales.cs_item_sk = item.i_item_sk)
                                 Buffers: shared hit=34901 read=3693835
                                 ->  Seq Scan on catalog_sales  (cost=0.00..5874397.76 rows=4809639 width=41) (actual time=0.057..41714.955 rows=4933013 loops=1)
                                       Filter: ((cs_wholesale_cost >= '90'::numeric) AND (cs_wholesale_cost <= '95'::numeric))
                                       Rows Removed by Filter: 139059286
                                       Buffers: shared hit=20545 read=3693835
                                 ->  Hash  (cost=16906.00..16906.00 rows=33517 width=21) (actual time=132.450..132.450 rows=33627 loops=1)
                                       Buckets: 65536  Batches: 1  Memory Usage: 2351kB
                                       Buffers: shared hit=14356
                                       ->  Seq Scan on item  (cost=0.00..16906.00 rows=33517 width=21) (actual time=0.037..125.125 rows=33627 loops=1)
                                             Filter: (i_category = 'Shoes'::bpchar)
                                             Rows Removed by Filter: 170373
                                             Buffers: shared hit=14356
                           ->  Memoize  (cost=0.30..7.22 rows=1 width=4) (actual time=0.000..0.000 rows=0 loops=620434)
                                 Cache Key: catalog_sales.cs_sold_date_sk
                                 Cache Mode: logical
                                 Hits: 618296  Misses: 2138  Evictions: 0  Overflows: 0  Memory Usage: 155kB
                                 Buffers: shared hit=6411
                                 ->  Index Scan using date_dim_pkey on date_dim  (cost=0.29..7.21 rows=1 width=4) (actual time=0.012..0.012 rows=0 loops=2138)
                                       Index Cond: (d_date_sk = catalog_sales.cs_sold_date_sk)
                                       Filter: (d_year = 1999)
                                       Rows Removed by Filter: 1
                                       Buffers: shared hit=6411
                     ->  Index Scan using customer_pkey on customer  (cost=0.43..7.35 rows=1 width=12) (actual time=0.010..0.010 rows=0 loops=110254)
                           Index Cond: (c_customer_sk = catalog_sales.cs_bill_customer_sk)
                           Filter: (c_birth_month = 3)
                           Rows Removed by Filter: 1
                           Buffers: shared hit=408255 read=32233
               ->  Index Scan using customer_address_pkey on customer_address  (cost=0.42..7.36 rows=1 width=35) (actual time=0.014..0.014 rows=0 loops=6275)
                     Index Cond: (ca_address_sk = customer.c_current_addr_sk)
                     Filter: (ca_state = ANY ('{AK,NC,NY}'::bpchar[]))
                     Rows Removed by Filter: 1
                     Buffers: shared hit=14305 read=10795
         ->  Index Scan using customer_demographics_pkey on customer_demographics  (cost=0.43..7.36 rows=1 width=8) (actual time=0.015..0.015 rows=0 loops=394)
               Index Cond: (cd_demo_sk = catalog_sales.cs_bill_cdemo_sk)
               Filter: ((cd_gender = 'F'::bpchar) AND (cd_education_status = 'Primary'::bpchar))
               Rows Removed by Filter: 1
               Buffers: shared hit=1423 read=153
 Planning:
   Buffers: shared hit=454
 Planning Time: 4.443 ms
 Execution Time: 44432.367 ms
(53 rows)

