                                                                                  QUERY PLAN                                                                                  
------------------------------------------------------------------------------------------------------------------------------------------------------------------------------
 Aggregate  (cost=5928493.92..5928493.93 rows=1 width=268) (actual time=43707.396..43707.400 rows=1 loops=1)
   Buffers: shared hit=234160 read=3685703
   ->  Nested Loop  (cost=17045.03..5928493.90 rows=1 width=81) (actual time=19069.504..43707.311 rows=12 loops=1)
         Buffers: shared hit=234160 read=3685703
         ->  Nested Loop  (cost=17044.61..5928449.75 rows=6 width=54) (actual time=18753.262..43704.013 rows=175 loops=1)
               Buffers: shared hit=233743 read=3685420
               ->  Nested Loop  (cost=17044.18..5927956.99 rows=67 width=50) (actual time=18702.714..43677.829 rows=2234 loops=1)
                     Buffers: shared hit=225556 read=3684679
                     ->  Nested Loop  (cost=17043.75..5920931.98 rows=955 width=50) (actual time=18702.420..43163.740 rows=43823 loops=1)
                           Buffers: shared hit=80807 read=3654340
                           ->  Hash Join  (cost=17043.45..5900828.49 rows=192755 width=54) (actual time=118.777..43059.932 rows=214602 loops=1)
                                 Hash Cond: (catalog_sales.cs_item_sk = item.i_item_sk)
                                 Buffers: shared hit=74396 read=3654340
                                 ->  Seq Scan on catalog_sales  (cost=0.00..5874397.76 rows=3576029 width=41) (actual time=0.486..42201.503 rows=3595775 loops=1)
                                       Filter: ((cs_wholesale_cost >= '77'::numeric) AND (cs_wholesale_cost <= '82'::numeric))
                                       Rows Removed by Filter: 140396524
                                       Buffers: shared hit=60040 read=3654340
                                 ->  Hash  (cost=16906.00..16906.00 rows=10996 width=21) (actual time=118.117..118.118 rows=11037 loops=1)
                                       Buckets: 16384  Batches: 1  Memory Usage: 732kB
                                       Buffers: shared hit=14356
                                       ->  Seq Scan on item  (cost=0.00..16906.00 rows=10996 width=21) (actual time=0.056..115.565 rows=11037 loops=1)
                                             Filter: (i_category = 'Women'::bpchar)
                                             Rows Removed by Filter: 192963
                                             Buffers: shared hit=14356
                           ->  Memoize  (cost=0.30..7.22 rows=1 width=4) (actual time=0.000..0.000 rows=0 loops=214602)
                                 Cache Key: catalog_sales.cs_sold_date_sk
                                 Cache Mode: logical
                                 Hits: 212464  Misses: 2138  Evictions: 0  Overflows: 0  Memory Usage: 155kB
                                 Buffers: shared hit=6411
                                 ->  Index Scan using date_dim_pkey on date_dim  (cost=0.29..7.21 rows=1 width=4) (actual time=0.012..0.012 rows=0 loops=2138)
                                       Index Cond: (d_date_sk = catalog_sales.cs_sold_date_sk)
                                       Filter: (d_year = 2001)
                                       Rows Removed by Filter: 1
                                       Buffers: shared hit=6411
                     ->  Index Scan using customer_demographics_pkey on customer_demographics  (cost=0.43..7.36 rows=1 width=8) (actual time=0.012..0.012 rows=0 loops=43823)
                           Index Cond: (cd_demo_sk = catalog_sales.cs_bill_cdemo_sk)
                           Filter: ((cd_gender = 'F'::bpchar) AND (cd_education_status = 'College'::bpchar))
                           Rows Removed by Filter: 1
                           Buffers: shared hit=144749 read=30339
               ->  Index Scan using customer_pkey on customer  (cost=0.43..7.35 rows=1 width=12) (actual time=0.011..0.011 rows=0 loops=2234)
                     Index Cond: (c_customer_sk = catalog_sales.cs_bill_customer_sk)
                     Filter: (c_birth_month = 11)
                     Rows Removed by Filter: 1
                     Buffers: shared hit=8187 read=741
         ->  Index Scan using customer_address_pkey on customer_address  (cost=0.42..7.36 rows=1 width=35) (actual time=0.018..0.018 rows=0 loops=175)
               Index Cond: (ca_address_sk = customer.c_current_addr_sk)
               Filter: (ca_state = ANY ('{MN,NC,WV}'::bpchar[]))
               Rows Removed by Filter: 1
               Buffers: shared hit=417 read=283
 Planning:
   Buffers: shared hit=454
 Planning Time: 4.510 ms
 Execution Time: 43708.040 ms
(53 rows)

