                                                                             QUERY PLAN                                                                             
--------------------------------------------------------------------------------------------------------------------------------------------------------------------
 Aggregate  (cost=5960103.88..5960103.89 rows=1 width=268) (actual time=47806.186..47806.191 rows=1 loops=1)
   Buffers: shared hit=146789 read=3659038
   ->  Nested Loop  (cost=16954.16..5960103.86 rows=1 width=81) (actual time=47806.181..47806.185 rows=0 loops=1)
         Buffers: shared hit=146789 read=3659038
         ->  Nested Loop  (cost=16953.73..5960081.79 rows=3 width=81) (actual time=6703.632..47804.971 rows=69 loops=1)
               Buffers: shared hit=146555 read=3658996
               ->  Nested Loop  (cost=16953.31..5959537.15 rows=74 width=54) (actual time=6566.485..47789.353 rows=945 loops=1)
                     Buffers: shared hit=144319 read=3657452
                     ->  Nested Loop  (cost=16952.88..5950138.63 rows=1278 width=50) (actual time=6562.273..47558.691 rows=16674 loops=1)
                           Buffers: shared hit=83775 read=3651372
                           ->  Hash Join  (cost=16952.58..5928408.01 rows=257841 width=54) (actual time=116.969..47478.633 rows=127872 loops=1)
                                 Hash Cond: (catalog_sales.cs_item_sk = item.i_item_sk)
                                 Buffers: shared hit=77364 read=3651372
                                 ->  Seq Scan on catalog_sales  (cost=0.00..5874397.76 rows=14116916 width=41) (actual time=0.140..45541.865 rows=14129630 loops=1)
                                       Filter: ((cs_wholesale_cost >= '12'::numeric) AND (cs_wholesale_cost <= '17'::numeric))
                                       Rows Removed by Filter: 129862669
                                       Buffers: shared hit=63008 read=3651372
                                 ->  Hash  (cost=16906.00..16906.00 rows=3726 width=21) (actual time=116.494..116.494 rows=3713 loops=1)
                                       Buckets: 4096  Batches: 1  Memory Usage: 236kB
                                       Buffers: shared hit=14356
                                       ->  Seq Scan on item  (cost=0.00..16906.00 rows=3726 width=21) (actual time=0.055..115.615 rows=3713 loops=1)
                                             Filter: (i_category = 'Music'::bpchar)
                                             Rows Removed by Filter: 200287
                                             Buffers: shared hit=14356
                           ->  Memoize  (cost=0.30..7.22 rows=1 width=4) (actual time=0.000..0.000 rows=0 loops=127872)
                                 Cache Key: catalog_sales.cs_sold_date_sk
                                 Cache Mode: logical
                                 Hits: 125734  Misses: 2138  Evictions: 0  Overflows: 0  Memory Usage: 155kB
                                 Buffers: shared hit=6411
                                 ->  Index Scan using date_dim_pkey on date_dim  (cost=0.29..7.21 rows=1 width=4) (actual time=0.012..0.012 rows=0 loops=2138)
                                       Index Cond: (d_date_sk = catalog_sales.cs_sold_date_sk)
                                       Filter: (d_year = 1999)
                                       Rows Removed by Filter: 1
                                       Buffers: shared hit=6411
                     ->  Index Scan using customer_pkey on customer  (cost=0.43..7.35 rows=1 width=12) (actual time=0.014..0.014 rows=0 loops=16674)
                           Index Cond: (c_customer_sk = catalog_sales.cs_bill_customer_sk)
                           Filter: (c_birth_month = 3)
                           Rows Removed by Filter: 1
                           Buffers: shared hit=60544 read=6080
               ->  Index Scan using customer_address_pkey on customer_address  (cost=0.42..7.36 rows=1 width=35) (actual time=0.016..0.016 rows=0 loops=945)
                     Index Cond: (ca_address_sk = customer.c_current_addr_sk)
                     Filter: (ca_state = ANY ('{MT,NM,WA}'::bpchar[]))
                     Rows Removed by Filter: 1
                     Buffers: shared hit=2236 read=1544
         ->  Index Scan using customer_demographics_pkey on customer_demographics  (cost=0.43..7.36 rows=1 width=8) (actual time=0.016..0.016 rows=0 loops=69)
               Index Cond: (cd_demo_sk = catalog_sales.cs_bill_cdemo_sk)
               Filter: ((cd_gender = 'M'::bpchar) AND (cd_education_status = 'Secondary'::bpchar))
               Rows Removed by Filter: 1
               Buffers: shared hit=234 read=42
 Planning:
   Buffers: shared hit=454
 Planning Time: 4.436 ms
 Execution Time: 47806.805 ms
(53 rows)

