                                                                              QUERY PLAN                                                                              
----------------------------------------------------------------------------------------------------------------------------------------------------------------------
 Aggregate  (cost=5901485.81..5901485.82 rows=1 width=268) (actual time=45057.348..45057.354 rows=1 loops=1)
   Buffers: shared hit=183479 read=3677675
   ->  Nested Loop  (cost=19510.48..5901485.78 rows=1 width=81) (actual time=15271.547..45057.342 rows=1 loops=1)
         Buffers: shared hit=183479 read=3677675
         ->  Nested Loop  (cost=19510.06..5901478.39 rows=1 width=54) (actual time=12723.745..45056.717 rows=30 loops=1)
               Buffers: shared hit=183417 read=3677617
               ->  Nested Loop  (cost=19509.63..5901426.90 rows=7 width=54) (actual time=12058.637..45049.068 rows=439 loops=1)
                     Buffers: shared hit=181934 read=3677344
                     ->  Hash Join  (cost=19509.20..5897550.38 rows=527 width=50) (actual time=12047.993..44627.763 rows=32316 loops=1)
                           Hash Cond: (catalog_sales.cs_sold_date_sk = date_dim.d_date_sk)
                           Buffers: shared hit=72989 read=3657221
                           ->  Hash Join  (cost=17117.56..5894879.62 rows=106330 width=54) (actual time=129.924..44577.004 rows=207904 loops=1)
                                 Hash Cond: (catalog_sales.cs_item_sk = item.i_item_sk)
                                 Buffers: shared hit=72947 read=3655789
                                 ->  Seq Scan on catalog_sales  (cost=0.00..5874397.76 rows=1281611 width=41) (actual time=0.061..44128.552 rows=1213654 loops=1)
                                       Filter: ((cs_wholesale_cost >= '20'::numeric) AND (cs_wholesale_cost <= '25'::numeric))
                                       Rows Removed by Filter: 142778645
                                       Buffers: shared hit=63884 read=3650496
                                 ->  Hash  (cost=16906.00..16906.00 rows=16925 width=21) (actual time=127.489..127.490 rows=17141 loops=1)
                                       Buckets: 32768  Batches: 1  Memory Usage: 1194kB
                                       Buffers: shared hit=9063 read=5293
                                       ->  Seq Scan on item  (cost=0.00..16906.00 rows=16925 width=21) (actual time=0.015..123.246 rows=17141 loops=1)
                                             Filter: (i_category = 'Home'::bpchar)
                                             Rows Removed by Filter: 186859
                                             Buffers: shared hit=9063 read=5293
                           ->  Hash  (cost=2387.11..2387.11 rows=362 width=4) (actual time=24.664..24.664 rows=366 loops=1)
                                 Buckets: 1024  Batches: 1  Memory Usage: 21kB
                                 Buffers: shared hit=42 read=1432
                                 ->  Seq Scan on date_dim  (cost=0.00..2387.11 rows=362 width=4) (actual time=12.155..24.598 rows=366 loops=1)
                                       Filter: (d_year = 2000)
                                       Rows Removed by Filter: 72683
                                       Buffers: shared hit=42 read=1432
                     ->  Index Scan using customer_pkey on customer  (cost=0.43..7.36 rows=1 width=12) (actual time=0.013..0.013 rows=0 loops=32316)
                           Index Cond: (c_customer_sk = catalog_sales.cs_bill_customer_sk)
                           Filter: (c_birth_month = 5)
                           Rows Removed by Filter: 1
                           Buffers: shared hit=108945 read=20123
               ->  Index Scan using customer_demographics_pkey on customer_demographics  (cost=0.43..7.36 rows=1 width=8) (actual time=0.016..0.016 rows=0 loops=439)
                     Index Cond: (cd_demo_sk = catalog_sales.cs_bill_cdemo_sk)
                     Filter: ((cd_gender = 'M'::bpchar) AND (cd_education_status = 'Primary'::bpchar))
                     Rows Removed by Filter: 1
                     Buffers: shared hit=1483 read=273
         ->  Index Scan using customer_address_pkey on customer_address  (cost=0.42..7.39 rows=1 width=35) (actual time=0.019..0.019 rows=0 loops=30)
               Index Cond: (ca_address_sk = customer.c_current_addr_sk)
               Filter: (ca_state = ANY ('{MI,MO,TX}'::bpchar[]))
               Rows Removed by Filter: 1
               Buffers: shared hit=62 read=58
 Planning:
   Buffers: shared hit=405 read=49
 Planning Time: 5.946 ms
 Execution Time: 45057.758 ms
(51 rows)

