                                                                                  QUERY PLAN                                                                                   
-------------------------------------------------------------------------------------------------------------------------------------------------------------------------------
 Aggregate  (cost=5994561.88..5994561.89 rows=1 width=268) (actual time=51366.225..51366.229 rows=1 loops=1)
   Buffers: shared hit=922603 read=3742608
   ->  Nested Loop  (cost=17220.72..5994561.83 rows=2 width=81) (actual time=20917.532..51365.903 rows=50 loops=1)
         Buffers: shared hit=922603 read=3742608
         ->  Nested Loop  (cost=17220.30..5994341.11 rows=30 width=54) (actual time=20633.834..51348.006 rows=953 loops=1)
               Buffers: shared hit=920554 read=3740845
               ->  Nested Loop  (cost=17219.87..5991708.31 rows=358 width=50) (actual time=20632.966..51194.015 rows=11271 loops=1)
                     Buffers: shared hit=883695 read=3732628
                     ->  Nested Loop  (cost=17219.44..5954384.71 rows=5074 width=50) (actual time=20632.924..48877.258 rows=220625 loops=1)
                           Buffers: shared hit=60260 read=3674887
                           ->  Hash Join  (cost=17219.14..5913503.73 rows=1023858 width=54) (actual time=135.135..48413.131 rows=1497665 loops=1)
                                 Hash Cond: (catalog_sales.cs_item_sk = item.i_item_sk)
                                 Buffers: shared hit=53849 read=3674887
                                 ->  Seq Scan on catalog_sales  (cost=0.00..5874397.76 rows=8337669 width=41) (actual time=0.083..46435.246 rows=8349119 loops=1)
                                       Filter: ((cs_wholesale_cost >= '10'::numeric) AND (cs_wholesale_cost <= '15'::numeric))
                                       Rows Removed by Filter: 135643180
                                       Buffers: shared hit=39493 read=3674887
                                 ->  Hash  (cost=16906.00..16906.00 rows=25051 width=21) (actual time=134.759..134.760 rows=24688 loops=1)
                                       Buckets: 32768  Batches: 1  Memory Usage: 1607kB
                                       Buffers: shared hit=14356
                                       ->  Seq Scan on item  (cost=0.00..16906.00 rows=25051 width=21) (actual time=0.037..128.619 rows=24688 loops=1)
                                             Filter: (i_category = 'Books'::bpchar)
                                             Rows Removed by Filter: 179312
                                             Buffers: shared hit=14356
                           ->  Memoize  (cost=0.30..7.22 rows=1 width=4) (actual time=0.000..0.000 rows=0 loops=1497665)
                                 Cache Key: catalog_sales.cs_sold_date_sk
                                 Cache Mode: logical
                                 Hits: 1495527  Misses: 2138  Evictions: 0  Overflows: 0  Memory Usage: 155kB
                                 Buffers: shared hit=6411
                                 ->  Index Scan using date_dim_pkey on date_dim  (cost=0.29..7.21 rows=1 width=4) (actual time=0.012..0.012 rows=0 loops=2138)
                                       Index Cond: (d_date_sk = catalog_sales.cs_sold_date_sk)
                                       Filter: (d_year = 2001)
                                       Rows Removed by Filter: 1
                                       Buffers: shared hit=6411
                     ->  Index Scan using customer_demographics_pkey on customer_demographics  (cost=0.43..7.36 rows=1 width=8) (actual time=0.010..0.010 rows=0 loops=220625)
                           Index Cond: (cd_demo_sk = catalog_sales.cs_bill_cdemo_sk)
                           Filter: ((cd_gender = 'F'::bpchar) AND (cd_education_status = 'College'::bpchar))
                           Rows Removed by Filter: 1
                           Buffers: shared hit=823435 read=57741
               ->  Index Scan using customer_pkey on customer  (cost=0.43..7.35 rows=1 width=12) (actual time=0.013..0.013 rows=0 loops=11271)
                     Index Cond: (c_customer_sk = catalog_sales.cs_bill_customer_sk)
                     Filter: (c_birth_month = 11)
                     Rows Removed by Filter: 1
                     Buffers: shared hit=36859 read=8217
         ->  Index Scan using customer_address_pkey on customer_address  (cost=0.42..7.36 rows=1 width=35) (actual time=0.018..0.018 rows=0 loops=953)
               Index Cond: (ca_address_sk = customer.c_current_addr_sk)
               Filter: (ca_state = ANY ('{GA,OK,WA}'::bpchar[]))
               Rows Removed by Filter: 1
               Buffers: shared hit=2049 read=1763
 Planning:
   Buffers: shared hit=454
 Planning Time: 5.648 ms
 Execution Time: 51366.913 ms
(53 rows)

