                                                                                     QUERY PLAN                                                                                      
-------------------------------------------------------------------------------------------------------------------------------------------------------------------------------------
 Aggregate  (cost=5982812.55..5982812.56 rows=1 width=268) (actual time=51539.596..51539.601 rows=1 loops=1)
   Buffers: shared hit=1469544 read=3709030
   ->  Nested Loop  (cost=2393.34..5982812.50 rows=2 width=81) (actual time=5886.182..51539.422 rows=24 loops=1)
         Buffers: shared hit=1469544 read=3709030
         ->  Nested Loop  (cost=2392.92..5982709.67 rows=14 width=68) (actual time=5886.151..51536.995 rows=118 loops=1)
               Buffers: shared hit=1469203 read=3708899
               ->  Nested Loop  (cost=2392.49..5981952.05 rows=103 width=41) (actual time=5846.507..51490.397 rows=2049 loops=1)
                     Buffers: shared hit=1464478 read=3705428
                     ->  Nested Loop  (cost=2392.07..5975457.70 rows=883 width=37) (actual time=5829.947..51124.748 rows=17626 loops=1)
                           Buffers: shared hit=1407928 read=3691534
                           ->  Hash Join  (cost=2391.64..5883417.43 rows=12512 width=37) (actual time=5829.882..45235.544 rows=346303 loops=1)
                                 Hash Cond: (catalog_sales.cs_sold_date_sk = date_dim.d_date_sk)
                                 Buffers: shared hit=48646 read=3667208
                                 ->  Seq Scan on catalog_sales  (cost=0.00..5874397.76 rows=2524821 width=41) (actual time=0.125..44835.177 rows=2625628 loops=1)
                                       Filter: ((cs_wholesale_cost >= '44'::numeric) AND (cs_wholesale_cost <= '49'::numeric))
                                       Rows Removed by Filter: 141366671
                                       Buffers: shared hit=48604 read=3665776
                                 ->  Hash  (cost=2387.11..2387.11 rows=362 width=4) (actual time=23.570..23.571 rows=365 loops=1)
                                       Buckets: 1024  Batches: 1  Memory Usage: 21kB
                                       Buffers: shared hit=42 read=1432
                                       ->  Seq Scan on date_dim  (cost=0.00..2387.11 rows=362 width=4) (actual time=13.871..23.484 rows=365 loops=1)
                                             Filter: (d_year = 1999)
                                             Rows Removed by Filter: 72684
                                             Buffers: shared hit=42 read=1432
                           ->  Index Scan using customer_demographics_pkey on customer_demographics  (cost=0.43..7.36 rows=1 width=8) (actual time=0.017..0.017 rows=0 loops=346303)
                                 Index Cond: (cd_demo_sk = catalog_sales.cs_bill_cdemo_sk)
                                 Filter: ((cd_gender = 'F'::bpchar) AND (cd_education_status = 'College'::bpchar))
                                 Rows Removed by Filter: 1
                                 Buffers: shared hit=1359282 read=24326
                     ->  Index Scan using customer_pkey on customer  (cost=0.43..7.35 rows=1 width=12) (actual time=0.020..0.020 rows=0 loops=17626)
                           Index Cond: (c_customer_sk = catalog_sales.cs_bill_customer_sk)
                           Filter: (c_birth_month = 8)
                           Rows Removed by Filter: 1
                           Buffers: shared hit=56550 read=13894
               ->  Index Scan using customer_address_pkey on customer_address  (cost=0.42..7.36 rows=1 width=35) (actual time=0.022..0.022 rows=0 loops=2049)
                     Index Cond: (ca_address_sk = customer.c_current_addr_sk)
                     Filter: (ca_state = ANY ('{MO,OK,TX}'::bpchar[]))
                     Rows Removed by Filter: 1
                     Buffers: shared hit=4725 read=3471
         ->  Index Scan using item_pkey on item  (cost=0.42..7.34 rows=1 width=21) (actual time=0.019..0.019 rows=0 loops=118)
               Index Cond: (i_item_sk = catalog_sales.cs_item_sk)
               Filter: (i_category = 'Shoes'::bpchar)
               Rows Removed by Filter: 1
               Buffers: shared hit=341 read=131
 Planning:
   Buffers: shared hit=454
 Planning Time: 4.538 ms
 Execution Time: 51540.119 ms
(48 rows)

