                                                                                  QUERY PLAN                                                                                   
-------------------------------------------------------------------------------------------------------------------------------------------------------------------------------
 Aggregate  (cost=5966788.47..5966788.48 rows=1 width=268) (actual time=44815.372..44815.378 rows=1 loops=1)
   Buffers: shared hit=551537 read=3648286
   ->  Nested Loop  (cost=17119.15..5966788.41 rows=2 width=81) (actual time=859.934..44815.282 rows=13 loops=1)
         Buffers: shared hit=551537 read=3648286
         ->  Nested Loop  (cost=17118.72..5966567.77 rows=30 width=54) (actual time=138.019..44809.698 rows=291 loops=1)
               Buffers: shared hit=550906 read=3647753
               ->  Nested Loop  (cost=17118.29..5964964.54 rows=218 width=50) (actual time=135.263..44778.191 rows=2179 loops=1)
                     Buffers: shared hit=544091 read=3645860
                     ->  Nested Loop  (cost=17117.87..5942190.78 rows=3096 width=50) (actual time=132.534..43706.001 rows=113855 loops=1)
                           Buffers: shared hit=94465 read=3640682
                           ->  Hash Join  (cost=17117.56..5911285.30 rows=624836 width=54) (actual time=132.491..43321.255 rows=1288338 loops=1)
                                 Hash Cond: (catalog_sales.cs_item_sk = item.i_item_sk)
                                 Buffers: shared hit=88054 read=3640682
                                 ->  Seq Scan on catalog_sales  (cost=0.00..5874397.76 rows=7531262 width=41) (actual time=0.050..41678.682 rows=7518631 loops=1)
                                       Filter: ((cs_wholesale_cost >= '80'::numeric) AND (cs_wholesale_cost <= '85'::numeric))
                                       Rows Removed by Filter: 136473668
                                       Buffers: shared hit=80036 read=3634344
                                 ->  Hash  (cost=16906.00..16906.00 rows=16925 width=21) (actual time=132.119..132.120 rows=17141 loops=1)
                                       Buckets: 32768  Batches: 1  Memory Usage: 1194kB
                                       Buffers: shared hit=8018 read=6338
                                       ->  Seq Scan on item  (cost=0.00..16906.00 rows=16925 width=21) (actual time=0.039..127.816 rows=17141 loops=1)
                                             Filter: (i_category = 'Home'::bpchar)
                                             Rows Removed by Filter: 186859
                                             Buffers: shared hit=8018 read=6338
                           ->  Memoize  (cost=0.30..7.22 rows=1 width=4) (actual time=0.000..0.000 rows=0 loops=1288338)
                                 Cache Key: catalog_sales.cs_sold_date_sk
                                 Cache Mode: logical
                                 Hits: 1286200  Misses: 2138  Evictions: 0  Overflows: 0  Memory Usage: 155kB
                                 Buffers: shared hit=6411
                                 ->  Index Scan using date_dim_pkey on date_dim  (cost=0.29..7.21 rows=1 width=4) (actual time=0.012..0.012 rows=0 loops=2138)
                                       Index Cond: (d_date_sk = catalog_sales.cs_sold_date_sk)
                                       Filter: (d_year = 1998)
                                       Rows Removed by Filter: 1
                                       Buffers: shared hit=6411
                     ->  Index Scan using customer_demographics_pkey on customer_demographics  (cost=0.43..7.36 rows=1 width=8) (actual time=0.009..0.009 rows=0 loops=113855)
                           Index Cond: (cd_demo_sk = catalog_sales.cs_bill_cdemo_sk)
                           Filter: ((cd_gender = 'F'::bpchar) AND (cd_education_status = 'Secondary'::bpchar))
                           Rows Removed by Filter: 1
                           Buffers: shared hit=449626 read=5178
               ->  Index Scan using customer_pkey on customer  (cost=0.43..7.35 rows=1 width=12) (actual time=0.014..0.014 rows=0 loops=2179)
                     Index Cond: (c_customer_sk = catalog_sales.cs_bill_customer_sk)
                     Filter: (c_birth_month = 10)
                     Rows Removed by Filter: 1
                     Buffers: shared hit=6815 read=1893
         ->  Index Scan using customer_address_pkey on customer_address  (cost=0.42..7.35 rows=1 width=35) (actual time=0.018..0.018 rows=0 loops=291)
               Index Cond: (ca_address_sk = customer.c_current_addr_sk)
               Filter: (ca_state = ANY ('{FL,NC,ND}'::bpchar[]))
               Rows Removed by Filter: 1
               Buffers: shared hit=631 read=533
 Planning:
   Buffers: shared hit=454
 Planning Time: 4.692 ms
 Execution Time: 44816.043 ms
(53 rows)

