                                                                                  QUERY PLAN                                                                                  
------------------------------------------------------------------------------------------------------------------------------------------------------------------------------
 Aggregate  (cost=5957501.93..5957501.94 rows=1 width=268) (actual time=47580.827..47580.832 rows=1 loops=1)
   Buffers: shared hit=335841 read=3651190
   ->  Nested Loop  (cost=17045.03..5957501.90 rows=1 width=81) (actual time=607.120..47580.734 rows=14 loops=1)
         Buffers: shared hit=335841 read=3651190
         ->  Nested Loop  (cost=17044.61..5957406.26 rows=13 width=54) (actual time=168.663..47574.954 rows=310 loops=1)
               Buffers: shared hit=335157 read=3650634
               ->  Nested Loop  (cost=17044.18..5956229.59 rows=160 width=50) (actual time=135.335..47515.171 rows=4270 loops=1)
                     Buffers: shared hit=322008 read=3646707
                     ->  Nested Loop  (cost=17043.75..5939848.11 rows=2227 width=50) (actual time=134.731..46933.714 rows=58457 loops=1)
                           Buffers: shared hit=91132 read=3644015
                           ->  Hash Join  (cost=17043.45..5913328.05 rows=449417 width=54) (actual time=134.698..46752.732 rows=499325 loops=1)
                                 Hash Cond: (catalog_sales.cs_item_sk = item.i_item_sk)
                                 Buffers: shared hit=84721 read=3644015
                                 ->  Seq Scan on catalog_sales  (cost=0.00..5874397.76 rows=8337669 width=41) (actual time=0.049..45161.490 rows=8349119 loops=1)
                                       Filter: ((cs_wholesale_cost >= '8'::numeric) AND (cs_wholesale_cost <= '13'::numeric))
                                       Rows Removed by Filter: 135643180
                                       Buffers: shared hit=78531 read=3635849
                                 ->  Hash  (cost=16906.00..16906.00 rows=10996 width=21) (actual time=134.410..134.411 rows=11037 loops=1)
                                       Buckets: 16384  Batches: 1  Memory Usage: 732kB
                                       Buffers: shared hit=6190 read=8166
                                       ->  Seq Scan on item  (cost=0.00..16906.00 rows=10996 width=21) (actual time=1.237..131.416 rows=11037 loops=1)
                                             Filter: (i_category = 'Women'::bpchar)
                                             Rows Removed by Filter: 192963
                                             Buffers: shared hit=6190 read=8166
                           ->  Memoize  (cost=0.30..7.22 rows=1 width=4) (actual time=0.000..0.000 rows=0 loops=499325)
                                 Cache Key: catalog_sales.cs_sold_date_sk
                                 Cache Mode: logical
                                 Hits: 497187  Misses: 2138  Evictions: 0  Overflows: 0  Memory Usage: 155kB
                                 Buffers: shared hit=6411
                                 ->  Index Scan using date_dim_pkey on date_dim  (cost=0.29..7.21 rows=1 width=4) (actual time=0.012..0.012 rows=0 loops=2138)
                                       Index Cond: (d_date_sk = catalog_sales.cs_sold_date_sk)
                                       Filter: (d_year = 1998)
                                       Rows Removed by Filter: 1
                                       Buffers: shared hit=6411
                     ->  Index Scan using customer_demographics_pkey on customer_demographics  (cost=0.43..7.36 rows=1 width=8) (actual time=0.010..0.010 rows=0 loops=58457)
                           Index Cond: (cd_demo_sk = catalog_sales.cs_bill_cdemo_sk)
                           Filter: ((cd_gender = 'M'::bpchar) AND (cd_education_status = 'Primary'::bpchar))
                           Rows Removed by Filter: 1
                           Buffers: shared hit=230876 read=2692
               ->  Index Scan using customer_pkey on customer  (cost=0.43..7.35 rows=1 width=12) (actual time=0.014..0.014 rows=0 loops=4270)
                     Index Cond: (c_customer_sk = catalog_sales.cs_bill_customer_sk)
                     Filter: (c_birth_month = 11)
                     Rows Removed by Filter: 1
                     Buffers: shared hit=13149 read=3927
         ->  Index Scan using customer_address_pkey on customer_address  (cost=0.42..7.36 rows=1 width=35) (actual time=0.017..0.017 rows=0 loops=310)
               Index Cond: (ca_address_sk = customer.c_current_addr_sk)
               Filter: (ca_state = ANY ('{IA,SC,VA}'::bpchar[]))
               Rows Removed by Filter: 1
               Buffers: shared hit=684 read=556
 Planning:
   Buffers: shared hit=454
 Planning Time: 4.544 ms
 Execution Time: 47581.510 ms
(53 rows)

