                                                                                  QUERY PLAN                                                                                  
------------------------------------------------------------------------------------------------------------------------------------------------------------------------------
 Aggregate  (cost=5993659.02..5993659.03 rows=1 width=268) (actual time=56002.799..56002.805 rows=1 loops=1)
   Buffers: shared hit=1970982 read=3815804
   ->  Nested Loop  (cost=2393.34..5993659.00 rows=1 width=81) (actual time=19579.047..56002.647 rows=20 loops=1)
         Buffers: shared hit=1970982 read=3815804
         ->  Nested Loop  (cost=2392.92..5993622.27 rows=5 width=68) (actual time=19579.019..55999.571 rows=95 loops=1)
               Buffers: shared hit=1970721 read=3815685
               ->  Nested Loop  (cost=2392.49..5993202.75 rows=57 width=41) (actual time=19409.582..55955.184 rows=1501 loops=1)
                     Buffers: shared hit=1967290 read=3813112
                     ->  Nested Loop  (cost=2392.07..5987259.01 rows=808 width=41) (actual time=19392.336..55440.200 rows=27788 loops=1)
                           Buffers: shared hit=1857868 read=3811454
                           ->  Hash Join  (cost=2391.64..5884211.29 rows=14011 width=37) (actual time=19392.071..46678.557 rows=488984 loops=1)
                                 Hash Cond: (catalog_sales.cs_sold_date_sk = date_dim.d_date_sk)
                                 Buffers: shared hit=53416 read=3662438
                                 ->  Seq Scan on catalog_sales  (cost=0.00..5874397.76 rows=2827223 width=41) (actual time=0.112..46219.342 rows=2916247 loops=1)
                                       Filter: ((cs_wholesale_cost >= '0'::numeric) AND (cs_wholesale_cost <= '5'::numeric))
                                       Rows Removed by Filter: 141076052
                                       Buffers: shared hit=53374 read=3661006
                                 ->  Hash  (cost=2387.11..2387.11 rows=362 width=4) (actual time=24.566..24.567 rows=365 loops=1)
                                       Buckets: 1024  Batches: 1  Memory Usage: 21kB
                                       Buffers: shared hit=42 read=1432
                                       ->  Seq Scan on date_dim  (cost=0.00..2387.11 rows=362 width=4) (actual time=14.235..24.502 rows=365 loops=1)
                                             Filter: (d_year = 2001)
                                             Rows Removed by Filter: 72684
                                             Buffers: shared hit=42 read=1432
                           ->  Index Scan using customer_pkey on customer  (cost=0.43..7.35 rows=1 width=12) (actual time=0.018..0.018 rows=0 loops=488984)
                                 Index Cond: (c_customer_sk = catalog_sales.cs_bill_customer_sk)
                                 Filter: (c_birth_month = 3)
                                 Rows Removed by Filter: 1
                                 Buffers: shared hit=1804452 read=149016
                     ->  Index Scan using customer_demographics_pkey on customer_demographics  (cost=0.43..7.36 rows=1 width=8) (actual time=0.018..0.018 rows=0 loops=27788)
                           Index Cond: (cd_demo_sk = catalog_sales.cs_bill_cdemo_sk)
                           Filter: ((cd_gender = 'M'::bpchar) AND (cd_education_status = 'Advanced Degree'::bpchar))
                           Rows Removed by Filter: 1
                           Buffers: shared hit=109422 read=1658
               ->  Index Scan using customer_address_pkey on customer_address  (cost=0.42..7.36 rows=1 width=35) (actual time=0.029..0.029 rows=0 loops=1501)
                     Index Cond: (ca_address_sk = customer.c_current_addr_sk)
                     Filter: (ca_state = ANY ('{DE,KY,VA}'::bpchar[]))
                     Rows Removed by Filter: 1
                     Buffers: shared hit=3431 read=2573
         ->  Index Scan using item_pkey on item  (cost=0.42..7.34 rows=1 width=21) (actual time=0.031..0.031 rows=0 loops=95)
               Index Cond: (i_item_sk = catalog_sales.cs_item_sk)
               Filter: (i_category = 'Electronics'::bpchar)
               Rows Removed by Filter: 1
               Buffers: shared hit=261 read=119
 Planning:
   Buffers: shared hit=454
 Planning Time: 4.536 ms
 Execution Time: 56003.319 ms
(48 rows)

