                                                                              QUERY PLAN                                                                              
----------------------------------------------------------------------------------------------------------------------------------------------------------------------
 Aggregate  (cost=5933514.02..5933514.03 rows=1 width=268) (actual time=46256.838..46256.843 rows=1 loops=1)
   Buffers: shared hit=161699 read=3668204
   ->  Nested Loop  (cost=17073.85..5933513.99 rows=1 width=81) (actual time=20941.658..46256.813 rows=3 loops=1)
         Buffers: shared hit=161699 read=3668204
         ->  Nested Loop  (cost=17073.42..5933484.54 rows=4 width=54) (actual time=19760.705..46256.097 rows=34 loops=1)
               Buffers: shared hit=161628 read=3668139
               ->  Nested Loop  (cost=17072.99..5933109.38 rows=51 width=54) (actual time=19378.544..46242.614 rows=932 loops=1)
                     Buffers: shared hit=158177 read=3667866
                     ->  Nested Loop  (cost=17072.57..5923666.17 rows=1284 width=50) (actual time=19371.492..45947.173 rows=22749 loops=1)
                           Buffers: shared hit=70296 read=3664851
                           ->  Hash Join  (cost=17072.26..5901903.12 rows=259137 width=54) (actual time=112.398..45863.413 rows=135896 loops=1)
                                 Hash Cond: (catalog_sales.cs_item_sk = item.i_item_sk)
                                 Buffers: shared hit=63885 read=3664851
                                 ->  Seq Scan on catalog_sales  (cost=0.00..5874397.76 rows=3974433 width=41) (actual time=0.058..44914.275 rows=3999274 loops=1)
                                       Filter: ((cs_wholesale_cost >= '38'::numeric) AND (cs_wholesale_cost <= '43'::numeric))
                                       Rows Removed by Filter: 139993025
                                       Buffers: shared hit=49529 read=3664851
                                 ->  Hash  (cost=16906.00..16906.00 rows=13301 width=21) (actual time=111.326..111.326 rows=13933 loops=1)
                                       Buckets: 16384  Batches: 1  Memory Usage: 890kB
                                       Buffers: shared hit=14356
                                       ->  Seq Scan on item  (cost=0.00..16906.00 rows=13301 width=21) (actual time=0.009..107.747 rows=13933 loops=1)
                                             Filter: (i_category = 'Men'::bpchar)
                                             Rows Removed by Filter: 190067
                                             Buffers: shared hit=14356
                           ->  Memoize  (cost=0.30..7.22 rows=1 width=4) (actual time=0.000..0.000 rows=0 loops=135896)
                                 Cache Key: catalog_sales.cs_sold_date_sk
                                 Cache Mode: logical
                                 Hits: 133758  Misses: 2138  Evictions: 0  Overflows: 0  Memory Usage: 155kB
                                 Buffers: shared hit=6411
                                 ->  Index Scan using date_dim_pkey on date_dim  (cost=0.29..7.21 rows=1 width=4) (actual time=0.012..0.012 rows=0 loops=2138)
                                       Index Cond: (d_date_sk = catalog_sales.cs_sold_date_sk)
                                       Filter: (d_year = 2001)
                                       Rows Removed by Filter: 1
                                       Buffers: shared hit=6411
                     ->  Index Scan using customer_pkey on customer  (cost=0.43..7.35 rows=1 width=12) (actual time=0.013..0.013 rows=0 loops=22749)
                           Index Cond: (c_customer_sk = catalog_sales.cs_bill_customer_sk)
                           Filter: (c_birth_month = 9)
                           Rows Removed by Filter: 1
                           Buffers: shared hit=87881 read=3015
               ->  Index Scan using customer_demographics_pkey on customer_demographics  (cost=0.43..7.36 rows=1 width=8) (actual time=0.014..0.014 rows=0 loops=932)
                     Index Cond: (cd_demo_sk = catalog_sales.cs_bill_cdemo_sk)
                     Filter: ((cd_gender = 'F'::bpchar) AND (cd_education_status = 'Unknown'::bpchar))
                     Rows Removed by Filter: 1
                     Buffers: shared hit=3451 read=273
         ->  Index Scan using customer_address_pkey on customer_address  (cost=0.42..7.36 rows=1 width=35) (actual time=0.020..0.020 rows=0 loops=34)
               Index Cond: (ca_address_sk = customer.c_current_addr_sk)
               Filter: (ca_state = ANY ('{CA,SD,TX}'::bpchar[]))
               Rows Removed by Filter: 1
               Buffers: shared hit=71 read=65
 Planning:
   Buffers: shared hit=454
 Planning Time: 4.104 ms
 Execution Time: 46257.314 ms
(53 rows)

