                                                                                     QUERY PLAN                                                                                      
-------------------------------------------------------------------------------------------------------------------------------------------------------------------------------------
 Aggregate  (cost=5982680.24..5982680.25 rows=1 width=268) (actual time=53545.001..53545.006 rows=1 loops=1)
   Buffers: shared hit=1725473 read=3777305
   ->  Nested Loop  (cost=2393.34..5982680.21 rows=1 width=81) (actual time=12284.298..53544.756 rows=34 loops=1)
         Buffers: shared hit=1725473 read=3777305
         ->  Nested Loop  (cost=2392.92..5982650.83 rows=4 width=68) (actual time=12037.423..53540.567 rows=187 loops=1)
               Buffers: shared hit=1724867 read=3777163
               ->  Nested Loop  (cost=2392.49..5981900.57 rows=102 width=41) (actual time=11870.483..53461.165 rows=3199 loops=1)
                     Buffers: shared hit=1717418 read=3771816
                     ->  Nested Loop  (cost=2392.07..5975457.70 rows=876 width=37) (actual time=11870.450..52932.755 rows=27328 loops=1)
                           Buffers: shared hit=1613758 read=3766244
                           ->  Hash Join  (cost=2391.64..5883417.43 rows=12512 width=37) (actual time=11869.394..45814.192 rows=416567 loops=1)
                                 Hash Cond: (catalog_sales.cs_sold_date_sk = date_dim.d_date_sk)
                                 Buffers: shared hit=3526 read=3712328
                                 ->  Seq Scan on catalog_sales  (cost=0.00..5874397.76 rows=2524821 width=41) (actual time=0.053..45405.905 rows=2625628 loops=1)
                                       Filter: ((cs_wholesale_cost >= '45'::numeric) AND (cs_wholesale_cost <= '50'::numeric))
                                       Rows Removed by Filter: 141366671
                                       Buffers: shared hit=3484 read=3710896
                                 ->  Hash  (cost=2387.11..2387.11 rows=362 width=4) (actual time=15.995..15.995 rows=366 loops=1)
                                       Buckets: 1024  Batches: 1  Memory Usage: 21kB
                                       Buffers: shared hit=42 read=1432
                                       ->  Seq Scan on date_dim  (cost=0.00..2387.11 rows=362 width=4) (actual time=7.673..15.947 rows=366 loops=1)
                                             Filter: (d_year = 2000)
                                             Rows Removed by Filter: 72683
                                             Buffers: shared hit=42 read=1432
                           ->  Index Scan using customer_demographics_pkey on customer_demographics  (cost=0.43..7.36 rows=1 width=8) (actual time=0.017..0.017 rows=0 loops=416567)
                                 Index Cond: (cd_demo_sk = catalog_sales.cs_bill_cdemo_sk)
                                 Filter: ((cd_gender = 'F'::bpchar) AND (cd_education_status = '2 yr Degree'::bpchar))
                                 Rows Removed by Filter: 1
                                 Buffers: shared hit=1610232 read=53916
                     ->  Index Scan using customer_pkey on customer  (cost=0.43..7.35 rows=1 width=12) (actual time=0.019..0.019 rows=0 loops=27328)
                           Index Cond: (c_customer_sk = catalog_sales.cs_bill_customer_sk)
                           Filter: (c_birth_month = 8)
                           Rows Removed by Filter: 1
                           Buffers: shared hit=103660 read=5572
               ->  Index Scan using customer_address_pkey on customer_address  (cost=0.42..7.36 rows=1 width=35) (actual time=0.024..0.024 rows=0 loops=3199)
                     Index Cond: (ca_address_sk = customer.c_current_addr_sk)
                     Filter: (ca_state = ANY ('{ID,SC,WV}'::bpchar[]))
                     Rows Removed by Filter: 1
                     Buffers: shared hit=7449 read=5347
         ->  Index Scan using item_pkey on item  (cost=0.42..7.34 rows=1 width=21) (actual time=0.021..0.021 rows=0 loops=187)
               Index Cond: (i_item_sk = catalog_sales.cs_item_sk)
               Filter: (i_category = 'Electronics'::bpchar)
               Rows Removed by Filter: 1
               Buffers: shared hit=606 read=142
 Planning:
   Buffers: shared hit=454
 Planning Time: 2.506 ms
 Execution Time: 53545.245 ms
(48 rows)

