                                                                            QUERY PLAN                                                                            
------------------------------------------------------------------------------------------------------------------------------------------------------------------
 Aggregate  (cost=5934975.20..5934975.21 rows=1 width=268) (actual time=44332.813..44332.818 rows=1 loops=1)
   Buffers: shared hit=561120 read=3686867
   ->  Nested Loop  (cost=17119.15..5934975.18 rows=1 width=81) (actual time=20794.489..44332.771 rows=5 loops=1)
         Buffers: shared hit=561120 read=3686867
         ->  Nested Loop  (cost=17118.72..5934945.75 rows=4 width=81) (actual time=18457.013..44328.542 rows=262 loops=1)
               Buffers: shared hit=560345 read=3686594
               ->  Nested Loop  (cost=17118.29..5934415.72 rows=72 width=54) (actual time=18456.987..44250.400 rows=5710 loops=1)
                     Buffers: shared hit=544630 read=3679469
                     ->  Nested Loop  (cost=17117.87..5923604.47 rows=1470 width=50) (actual time=18456.099..43077.476 rows=122384 loops=1)
                           Buffers: shared hit=67534 read=3667613
                           ->  Hash Join  (cost=17117.56..5900902.60 rows=296688 width=54) (actual time=106.792..42862.340 rows=616505 loops=1)
                                 Hash Cond: (catalog_sales.cs_item_sk = item.i_item_sk)
                                 Buffers: shared hit=61123 read=3667613
                                 ->  Seq Scan on catalog_sales  (cost=0.00..5874397.76 rows=3576029 width=41) (actual time=0.051..41917.030 rows=3595775 loops=1)
                                       Filter: ((cs_wholesale_cost >= '78'::numeric) AND (cs_wholesale_cost <= '83'::numeric))
                                       Rows Removed by Filter: 140396524
                                       Buffers: shared hit=46767 read=3667613
                                 ->  Hash  (cost=16906.00..16906.00 rows=16925 width=21) (actual time=106.578..106.579 rows=17141 loops=1)
                                       Buckets: 32768  Batches: 1  Memory Usage: 1194kB
                                       Buffers: shared hit=14356
                                       ->  Seq Scan on item  (cost=0.00..16906.00 rows=16925 width=21) (actual time=0.009..103.315 rows=17141 loops=1)
                                             Filter: (i_category = 'Home'::bpchar)
                                             Rows Removed by Filter: 186859
                                             Buffers: shared hit=14356
                           ->  Memoize  (cost=0.30..7.22 rows=1 width=4) (actual time=0.000..0.000 rows=0 loops=616505)
                                 Cache Key: catalog_sales.cs_sold_date_sk
                                 Cache Mode: logical
                                 Hits: 614367  Misses: 2138  Evictions: 0  Overflows: 0  Memory Usage: 155kB
                                 Buffers: shared hit=6411
                                 ->  Index Scan using date_dim_pkey on date_dim  (cost=0.29..7.21 rows=1 width=4) (actual time=0.012..0.012 rows=0 loops=2138)
                                       Index Cond: (d_date_sk = catalog_sales.cs_sold_date_sk)
                                       Filter: (d_year = 2001)
                                       Rows Removed by Filter: 1
                                       Buffers: shared hit=6411
                     ->  Index Scan using customer_pkey on customer  (cost=0.43..7.35 rows=1 width=12) (actual time=0.009..0.009 rows=0 loops=122384)
                           Index Cond: (c_customer_sk = catalog_sales.cs_bill_customer_sk)
                           Filter: (c_birth_month = 7)
                           Rows Removed by Filter: 1
                           Buffers: shared hit=477096 read=11856
               ->  Index Scan using customer_address_pkey on customer_address  (cost=0.42..7.36 rows=1 width=35) (actual time=0.013..0.013 rows=0 loops=5710)
                     Index Cond: (ca_address_sk = customer.c_current_addr_sk)
                     Filter: (ca_state = ANY ('{MI,NE,NJ}'::bpchar[]))
                     Rows Removed by Filter: 1
                     Buffers: shared hit=15715 read=7125
         ->  Index Scan using customer_demographics_pkey on customer_demographics  (cost=0.43..7.36 rows=1 width=8) (actual time=0.015..0.015 rows=0 loops=262)
               Index Cond: (cd_demo_sk = catalog_sales.cs_bill_cdemo_sk)
               Filter: ((cd_gender = 'F'::bpchar) AND (cd_education_status = 'Secondary'::bpchar))
               Rows Removed by Filter: 1
               Buffers: shared hit=775 read=273
 Planning:
   Buffers: shared hit=454
 Planning Time: 2.189 ms
 Execution Time: 44333.172 ms
(53 rows)

