                                                                             QUERY PLAN                                                                             
--------------------------------------------------------------------------------------------------------------------------------------------------------------------
 Aggregate  (cost=6008365.32..6008365.33 rows=1 width=268) (actual time=51662.020..51662.025 rows=1 loops=1)
   Buffers: shared hit=1821635 read=3747671
   ->  Nested Loop  (cost=19829.07..6008365.23 rows=3 width=81) (actual time=25518.085..51661.757 rows=38 loops=1)
         Buffers: shared hit=1821635 read=3747671
         ->  Nested Loop  (cost=19828.64..6008071.00 rows=40 width=81) (actual time=25474.344..51621.424 rows=1775 loops=1)
               Buffers: shared hit=1816852 read=3745354
               ->  Nested Loop  (cost=19828.22..6002485.88 rows=759 width=54) (actual time=25461.909..51073.968 rows=29453 loops=1)
                     Buffers: shared hit=1729208 read=3715186
                     ->  Hash Join  (cost=19827.79..5922186.05 rows=10919 width=50) (actual time=25461.377..44623.587 rows=429115 loops=1)
                           Hash Cond: (catalog_sales.cs_item_sk = item.i_item_sk)
                           Buffers: shared hit=37616 read=3692594
                           ->  Hash Join  (cost=2391.64..5904612.03 rows=52522 width=37) (actual time=25343.858..44065.067 rows=2103304 loops=1)
                                 Hash Cond: (catalog_sales.cs_sold_date_sk = date_dim.d_date_sk)
                                 Buffers: shared hit=35184 read=3680670
                                 ->  Seq Scan on catalog_sales  (cost=0.00..5874397.76 rows=10598487 width=41) (actual time=0.048..42770.846 rows=10312840 loops=1)
                                       Filter: ((cs_wholesale_cost >= '86'::numeric) AND (cs_wholesale_cost <= '91'::numeric))
                                       Rows Removed by Filter: 133679459
                                       Buffers: shared hit=35142 read=3679238
                                 ->  Hash  (cost=2387.11..2387.11 rows=362 width=4) (actual time=25.792..25.793 rows=365 loops=1)
                                       Buckets: 1024  Batches: 1  Memory Usage: 21kB
                                       Buffers: shared hit=42 read=1432
                                       ->  Seq Scan on date_dim  (cost=0.00..2387.11 rows=362 width=4) (actual time=13.963..25.683 rows=365 loops=1)
                                             Filter: (d_year = 2002)
                                             Rows Removed by Filter: 72684
                                             Buffers: shared hit=42 read=1432
                           ->  Hash  (cost=16906.00..16906.00 rows=42412 width=21) (actual time=117.215..117.216 rows=42041 loops=1)
                                 Buckets: 65536  Batches: 1  Memory Usage: 2812kB
                                 Buffers: shared hit=2432 read=11924
                                 ->  Seq Scan on item  (cost=0.00..16906.00 rows=42412 width=21) (actual time=0.014..109.110 rows=42041 loops=1)
                                       Filter: (i_category = 'Electronics'::bpchar)
                                       Rows Removed by Filter: 161959
                                       Buffers: shared hit=2432 read=11924
                     ->  Index Scan using customer_pkey on customer  (cost=0.43..7.35 rows=1 width=12) (actual time=0.015..0.015 rows=0 loops=429115)
                           Index Cond: (c_customer_sk = catalog_sales.cs_bill_customer_sk)
                           Filter: (c_birth_month = 12)
                           Rows Removed by Filter: 1
                           Buffers: shared hit=1691592 read=22592
               ->  Index Scan using customer_address_pkey on customer_address  (cost=0.42..7.36 rows=1 width=35) (actual time=0.018..0.018 rows=0 loops=29453)
                     Index Cond: (ca_address_sk = customer.c_current_addr_sk)
                     Filter: (ca_state = ANY ('{NY,TN,WY}'::bpchar[]))
                     Rows Removed by Filter: 1
                     Buffers: shared hit=87644 read=30168
         ->  Index Scan using customer_demographics_pkey on customer_demographics  (cost=0.43..7.36 rows=1 width=8) (actual time=0.022..0.022 rows=0 loops=1775)
               Index Cond: (cd_demo_sk = catalog_sales.cs_bill_cdemo_sk)
               Filter: ((cd_gender = 'F'::bpchar) AND (cd_education_status = 'Primary'::bpchar))
               Rows Removed by Filter: 1
               Buffers: shared hit=4783 read=2317
 Planning:
   Buffers: shared hit=454
 Planning Time: 4.393 ms
 Execution Time: 51662.478 ms
(51 rows)

