                                                                                  QUERY PLAN                                                                                   
-------------------------------------------------------------------------------------------------------------------------------------------------------------------------------
 Aggregate  (cost=5970957.48..5970957.49 rows=1 width=268) (actual time=45872.293..45872.298 rows=1 loops=1)
   Buffers: shared hit=683150 read=3709473
   ->  Nested Loop  (cost=17180.68..5970957.39 rows=3 width=81) (actual time=19209.076..45871.270 rows=169 loops=1)
         Buffers: shared hit=683150 read=3709473
         ->  Nested Loop  (cost=17180.26..5970641.16 rows=43 width=54) (actual time=19133.895..45832.427 rows=2544 loops=1)
               Buffers: shared hit=675989 read=3706458
               ->  Nested Loop  (cost=17179.83..5968773.18 rows=254 width=50) (actual time=19128.237..45661.643 rows=15296 loops=1)
                     Buffers: shared hit=616216 read=3705071
                     ->  Nested Loop  (cost=17179.40..5942520.03 rows=3569 width=50) (actual time=19122.630..44141.711 rows=146722 loops=1)
                           Buffers: shared hit=42261 read=3692886
                           ->  Hash Join  (cost=17179.10..5909229.97 rows=720219 width=54) (actual time=141.471..43935.168 rows=580447 loops=1)
                                 Hash Cond: (catalog_sales.cs_item_sk = item.i_item_sk)
                                 Buffers: shared hit=36006 read=3692730
                                 ->  Seq Scan on catalog_sales  (cost=0.00..5874397.76 rows=6724855 width=41) (actual time=0.069..42419.262 rows=6763882 loops=1)
                                       Filter: ((cs_wholesale_cost >= '73'::numeric) AND (cs_wholesale_cost <= '78'::numeric))
                                       Rows Removed by Filter: 137228417
                                       Buffers: shared hit=36006 read=3678374
                                 ->  Hash  (cost=16906.00..16906.00 rows=21848 width=21) (actual time=141.117..141.117 rows=21811 loops=1)
                                       Buckets: 32768  Batches: 1  Memory Usage: 1449kB
                                       Buffers: shared read=14356
                                       ->  Seq Scan on item  (cost=0.00..16906.00 rows=21848 width=21) (actual time=0.057..135.387 rows=21811 loops=1)
                                             Filter: (i_category = 'Sports'::bpchar)
                                             Rows Removed by Filter: 182189
                                             Buffers: shared read=14356
                           ->  Memoize  (cost=0.30..7.22 rows=1 width=4) (actual time=0.000..0.000 rows=0 loops=580447)
                                 Cache Key: catalog_sales.cs_sold_date_sk
                                 Cache Mode: logical
                                 Hits: 578309  Misses: 2138  Evictions: 0  Overflows: 0  Memory Usage: 155kB
                                 Buffers: shared hit=6255 read=156
                                 ->  Index Scan using date_dim_pkey on date_dim  (cost=0.29..7.21 rows=1 width=4) (actual time=0.012..0.012 rows=0 loops=2138)
                                       Index Cond: (d_date_sk = catalog_sales.cs_sold_date_sk)
                                       Filter: (d_year = 2001)
                                       Rows Removed by Filter: 1
                                       Buffers: shared hit=6255 read=156
                     ->  Index Scan using customer_demographics_pkey on customer_demographics  (cost=0.43..7.36 rows=1 width=8) (actual time=0.010..0.010 rows=0 loops=146722)
                           Index Cond: (cd_demo_sk = catalog_sales.cs_bill_cdemo_sk)
                           Filter: ((cd_gender = 'M'::bpchar) AND (cd_education_status = 'College'::bpchar))
                           Rows Removed by Filter: 1
                           Buffers: shared hit=573955 read=12185
               ->  Index Scan using customer_pkey on customer  (cost=0.43..7.35 rows=1 width=12) (actual time=0.011..0.011 rows=0 loops=15296)
                     Index Cond: (c_customer_sk = catalog_sales.cs_bill_customer_sk)
                     Filter: (c_birth_month = 4)
                     Rows Removed by Filter: 1
                     Buffers: shared hit=59773 read=1387
         ->  Index Scan using customer_address_pkey on customer_address  (cost=0.42..7.35 rows=1 width=35) (actual time=0.015..0.015 rows=0 loops=2544)
               Index Cond: (ca_address_sk = customer.c_current_addr_sk)
               Filter: (ca_state = ANY ('{MI,NC,PA}'::bpchar[]))
               Rows Removed by Filter: 1
               Buffers: shared hit=7161 read=3015
 Planning:
   Buffers: shared hit=405 read=49
 Planning Time: 5.030 ms
 Execution Time: 45872.960 ms
(53 rows)

