                                                                                  QUERY PLAN                                                                                  
------------------------------------------------------------------------------------------------------------------------------------------------------------------------------
 Aggregate  (cost=5997170.81..5997170.82 rows=1 width=268) (actual time=48299.990..48299.995 rows=1 loops=1)
   Buffers: shared hit=484273 read=3690614
   ->  Nested Loop  (cost=17180.68..5997170.70 rows=4 width=81) (actual time=6491.223..48299.466 rows=94 loops=1)
         Buffers: shared hit=484273 read=3690614
         ->  Nested Loop  (cost=17180.26..5996847.06 rows=44 width=54) (actual time=6452.514..48272.821 rows=1554 loops=1)
               Buffers: shared hit=479939 read=3688732
               ->  Nested Loop  (cost=17179.83..5994096.60 rows=374 width=50) (actual time=6449.466..48135.825 rows=12489 loops=1)
                     Buffers: shared hit=431982 read=3686757
                     ->  Nested Loop  (cost=17179.40..5957104.10 rows=5029 width=50) (actual time=6448.656..47231.276 rows=96024 loops=1)
                           Buffers: shared hit=55407 read=3679740
                           ->  Hash Join  (cost=17179.10..5916449.98 rows=1014784 width=54) (actual time=115.515..46974.484 rows=794776 loops=1)
                                 Hash Cond: (catalog_sales.cs_item_sk = item.i_item_sk)
                                 Buffers: shared hit=49152 read=3679584
                                 ->  Seq Scan on catalog_sales  (cost=0.00..5874397.76 rows=9475278 width=41) (actual time=0.035..45088.443 rows=9280537 loops=1)
                                       Filter: ((cs_wholesale_cost >= '2'::numeric) AND (cs_wholesale_cost <= '7'::numeric))
                                       Rows Removed by Filter: 134711762
                                       Buffers: shared hit=34796 read=3679584
                                 ->  Hash  (cost=16906.00..16906.00 rows=21848 width=21) (actual time=115.198..115.199 rows=21811 loops=1)
                                       Buckets: 32768  Batches: 1  Memory Usage: 1449kB
                                       Buffers: shared hit=14356
                                       ->  Seq Scan on item  (cost=0.00..16906.00 rows=21848 width=21) (actual time=0.031..110.843 rows=21811 loops=1)
                                             Filter: (i_category = 'Sports'::bpchar)
                                             Rows Removed by Filter: 182189
                                             Buffers: shared hit=14356
                           ->  Memoize  (cost=0.30..7.22 rows=1 width=4) (actual time=0.000..0.000 rows=0 loops=794776)
                                 Cache Key: catalog_sales.cs_sold_date_sk
                                 Cache Mode: logical
                                 Hits: 792638  Misses: 2138  Evictions: 0  Overflows: 0  Memory Usage: 155kB
                                 Buffers: shared hit=6255 read=156
                                 ->  Index Scan using date_dim_pkey on date_dim  (cost=0.29..7.21 rows=1 width=4) (actual time=0.012..0.012 rows=0 loops=2138)
                                       Index Cond: (d_date_sk = catalog_sales.cs_sold_date_sk)
                                       Filter: (d_year = 1999)
                                       Rows Removed by Filter: 1
                                       Buffers: shared hit=6255 read=156
                     ->  Index Scan using customer_demographics_pkey on customer_demographics  (cost=0.43..7.36 rows=1 width=8) (actual time=0.009..0.009 rows=0 loops=96024)
                           Index Cond: (cd_demo_sk = catalog_sales.cs_bill_cdemo_sk)
                           Filter: ((cd_gender = 'M'::bpchar) AND (cd_education_status = '4 yr Degree'::bpchar))
                           Rows Removed by Filter: 1
                           Buffers: shared hit=376575 read=7017
               ->  Index Scan using customer_pkey on customer  (cost=0.43..7.35 rows=1 width=12) (actual time=0.011..0.011 rows=0 loops=12489)
                     Index Cond: (c_customer_sk = catalog_sales.cs_bill_customer_sk)
                     Filter: (c_birth_month = 8)
                     Rows Removed by Filter: 1
                     Buffers: shared hit=47957 read=1975
         ->  Index Scan using customer_address_pkey on customer_address  (cost=0.42..7.36 rows=1 width=35) (actual time=0.017..0.017 rows=0 loops=1554)
               Index Cond: (ca_address_sk = customer.c_current_addr_sk)
               Filter: (ca_state = ANY ('{FL,IA,KY}'::bpchar[]))
               Rows Removed by Filter: 1
               Buffers: shared hit=4334 read=1882
 Planning:
   Buffers: shared hit=453 read=1
 Planning Time: 3.179 ms
 Execution Time: 48300.509 ms
(53 rows)

