                                                                                  QUERY PLAN                                                                                  
------------------------------------------------------------------------------------------------------------------------------------------------------------------------------
 Aggregate  (cost=5922125.91..5922125.92 rows=1 width=268) (actual time=45441.037..45441.042 rows=1 loops=1)
   Buffers: shared hit=140142 read=3651261
   ->  Nested Loop  (cost=17045.03..5922125.88 rows=1 width=81) (actual time=12535.170..45440.871 rows=24 loops=1)
         Buffers: shared hit=140142 read=3651261
         ->  Nested Loop  (cost=17044.61..5922067.05 rows=8 width=54) (actual time=12161.736..45433.745 rows=393 loops=1)
               Buffers: shared hit=139143 read=3650688
               ->  Nested Loop  (cost=17044.18..5921714.01 rows=48 width=50) (actual time=12153.952..45400.733 rows=2309 loops=1)
                     Buffers: shared hit=131205 read=3649390
                     ->  Nested Loop  (cost=17043.75..5916755.96 rows=674 width=50) (actual time=12153.560..45261.668 rows=11375 loops=1)
                           Buffers: shared hit=86622 read=3648525
                           ->  Hash Join  (cost=17043.45..5898069.00 rows=136093 width=54) (actual time=113.893..45172.927 rows=157454 loops=1)
                                 Hash Cond: (catalog_sales.cs_item_sk = item.i_item_sk)
                                 Buffers: shared hit=80315 read=3648421
                                 ->  Seq Scan on catalog_sales  (cost=0.00..5874397.76 rows=2524821 width=41) (actual time=0.343..44479.627 rows=2625628 loops=1)
                                       Filter: ((cs_wholesale_cost >= '46'::numeric) AND (cs_wholesale_cost <= '51'::numeric))
                                       Rows Removed by Filter: 141366671
                                       Buffers: shared hit=65959 read=3648421
                                 ->  Hash  (cost=16906.00..16906.00 rows=10996 width=21) (actual time=112.988..112.989 rows=11037 loops=1)
                                       Buckets: 16384  Batches: 1  Memory Usage: 732kB
                                       Buffers: shared hit=14356
                                       ->  Seq Scan on item  (cost=0.00..16906.00 rows=10996 width=21) (actual time=0.052..110.450 rows=11037 loops=1)
                                             Filter: (i_category = 'Women'::bpchar)
                                             Rows Removed by Filter: 192963
                                             Buffers: shared hit=14356
                           ->  Memoize  (cost=0.30..7.22 rows=1 width=4) (actual time=0.000..0.000 rows=0 loops=157454)
                                 Cache Key: catalog_sales.cs_sold_date_sk
                                 Cache Mode: logical
                                 Hits: 155316  Misses: 2138  Evictions: 0  Overflows: 0  Memory Usage: 155kB
                                 Buffers: shared hit=6307 read=104
                                 ->  Index Scan using date_dim_pkey on date_dim  (cost=0.29..7.21 rows=1 width=4) (actual time=0.012..0.012 rows=0 loops=2138)
                                       Index Cond: (d_date_sk = catalog_sales.cs_sold_date_sk)
                                       Filter: (d_year = 2000)
                                       Rows Removed by Filter: 1
                                       Buffers: shared hit=6307 read=104
                     ->  Index Scan using customer_demographics_pkey on customer_demographics  (cost=0.43..7.36 rows=1 width=8) (actual time=0.012..0.012 rows=0 loops=11375)
                           Index Cond: (cd_demo_sk = catalog_sales.cs_bill_cdemo_sk)
                           Filter: ((cd_gender = 'M'::bpchar) AND (cd_education_status = '2 yr Degree'::bpchar))
                           Rows Removed by Filter: 1
                           Buffers: shared hit=44583 read=865
               ->  Index Scan using customer_pkey on customer  (cost=0.43..7.35 rows=1 width=12) (actual time=0.014..0.014 rows=0 loops=2309)
                     Index Cond: (c_customer_sk = catalog_sales.cs_bill_customer_sk)
                     Filter: (c_birth_month = 4)
                     Rows Removed by Filter: 1
                     Buffers: shared hit=7938 read=1298
         ->  Index Scan using customer_address_pkey on customer_address  (cost=0.42..7.35 rows=1 width=35) (actual time=0.017..0.017 rows=0 loops=393)
               Index Cond: (ca_address_sk = customer.c_current_addr_sk)
               Filter: (ca_state = ANY ('{KY,MT,TX}'::bpchar[]))
               Rows Removed by Filter: 1
               Buffers: shared hit=999 read=573
 Planning:
   Buffers: shared hit=454
 Planning Time: 4.053 ms
 Execution Time: 45441.576 ms
(53 rows)

