                                                                            QUERY PLAN                                                                            
------------------------------------------------------------------------------------------------------------------------------------------------------------------
 Aggregate  (cost=6015159.75..6015159.76 rows=1 width=268) (actual time=49248.150..49248.156 rows=1 loops=1)
   Buffers: shared hit=588643 read=3740592
   ->  Nested Loop  (cost=17326.55..6015159.72 rows=1 width=81) (actual time=21157.190..49248.066 rows=12 loops=1)
         Buffers: shared hit=588643 read=3740592
         ->  Nested Loop  (cost=17326.12..6015049.38 rows=15 width=81) (actual time=20379.792..49243.641 rows=316 loops=1)
               Buffers: shared hit=587502 read=3740469
               ->  Nested Loop  (cost=17325.69..6013068.46 rows=269 width=54) (actual time=20373.389..49160.887 rows=5572 loops=1)
                     Buffers: shared hit=574664 read=3731019
                     ->  Nested Loop  (cost=17325.27..5963140.79 rows=6789 width=50) (actual time=20372.853..47630.993 rows=142793 loops=1)
                           Buffers: shared hit=86420 read=3648727
                           ->  Hash Join  (cost=17324.96..5913609.56 rows=1369871 width=54) (actual time=150.525..47305.827 rows=1048082 loops=1)
                                 Hash Cond: (catalog_sales.cs_item_sk = item.i_item_sk)
                                 Buffers: shared hit=80009 read=3648727
                                 ->  Seq Scan on catalog_sales  (cost=0.00..5874397.76 rows=8337669 width=41) (actual time=0.053..45435.463 rows=8349119 loops=1)
                                       Filter: ((cs_wholesale_cost >= '10'::numeric) AND (cs_wholesale_cost <= '15'::numeric))
                                       Rows Removed by Filter: 135643180
                                       Buffers: shared hit=80009 read=3634371
                                 ->  Hash  (cost=16906.00..16906.00 rows=33517 width=21) (actual time=149.879..149.880 rows=33627 loops=1)
                                       Buckets: 65536  Batches: 1  Memory Usage: 2351kB
                                       Buffers: shared read=14356
                                       ->  Seq Scan on item  (cost=0.00..16906.00 rows=33517 width=21) (actual time=0.048..141.429 rows=33627 loops=1)
                                             Filter: (i_category = 'Shoes'::bpchar)
                                             Rows Removed by Filter: 170373
                                             Buffers: shared read=14356
                           ->  Memoize  (cost=0.30..7.22 rows=1 width=4) (actual time=0.000..0.000 rows=0 loops=1048082)
                                 Cache Key: catalog_sales.cs_sold_date_sk
                                 Cache Mode: logical
                                 Hits: 1045944  Misses: 2138  Evictions: 0  Overflows: 0  Memory Usage: 155kB
                                 Buffers: shared hit=6411
                                 ->  Index Scan using date_dim_pkey on date_dim  (cost=0.29..7.21 rows=1 width=4) (actual time=0.012..0.012 rows=0 loops=2138)
                                       Index Cond: (d_date_sk = catalog_sales.cs_sold_date_sk)
                                       Filter: (d_year = 2001)
                                       Rows Removed by Filter: 1
                                       Buffers: shared hit=6411
                     ->  Index Scan using customer_pkey on customer  (cost=0.43..7.35 rows=1 width=12) (actual time=0.011..0.011 rows=0 loops=142793)
                           Index Cond: (c_customer_sk = catalog_sales.cs_bill_customer_sk)
                           Filter: (c_birth_month = 9)
                           Rows Removed by Filter: 1
                           Buffers: shared hit=488244 read=82292
               ->  Index Scan using customer_address_pkey on customer_address  (cost=0.42..7.36 rows=1 width=35) (actual time=0.014..0.014 rows=0 loops=5572)
                     Index Cond: (ca_address_sk = customer.c_current_addr_sk)
                     Filter: (ca_state = ANY ('{DE,KS,WI}'::bpchar[]))
                     Rows Removed by Filter: 1
                     Buffers: shared hit=12838 read=9450
         ->  Index Scan using customer_demographics_pkey on customer_demographics  (cost=0.43..7.36 rows=1 width=8) (actual time=0.013..0.013 rows=0 loops=316)
               Index Cond: (cd_demo_sk = catalog_sales.cs_bill_cdemo_sk)
               Filter: ((cd_gender = 'F'::bpchar) AND (cd_education_status = '4 yr Degree'::bpchar))
               Rows Removed by Filter: 1
               Buffers: shared hit=1141 read=123
 Planning:
   Buffers: shared hit=406 read=48
 Planning Time: 4.632 ms
 Execution Time: 49248.759 ms
(53 rows)

