                                                                                  QUERY PLAN                                                                                   
-------------------------------------------------------------------------------------------------------------------------------------------------------------------------------
 Aggregate  (cost=5967982.57..5967982.58 rows=1 width=268) (actual time=46047.168..46047.173 rows=1 loops=1)
   Buffers: shared hit=511783 read=3768236
   ->  Nested Loop  (cost=17180.68..5967982.41 rows=6 width=81) (actual time=12216.080..46046.839 rows=49 loops=1)
         Buffers: shared hit=511783 read=3768236
         ->  Nested Loop  (cost=17180.26..5967688.24 rows=40 width=54) (actual time=12123.359..46030.792 rows=949 loops=1)
               Buffers: shared hit=509505 read=3766718
               ->  Nested Loop  (cost=17179.83..5965945.27 rows=237 width=50) (actual time=12094.200..45947.184 rows=5714 loops=1)
                     Buffers: shared hit=489682 read=3763697
                     ->  Nested Loop  (cost=17179.40..5940891.10 rows=3406 width=50) (actual time=12091.863..44594.778 rows=129716 loops=1)
                           Buffers: shared hit=27705 read=3707442
                           ->  Hash Join  (cost=17179.10..5908423.54 rows=687318 width=54) (actual time=133.533..44406.861 rows=522039 loops=1)
                                 Hash Cond: (catalog_sales.cs_item_sk = item.i_item_sk)
                                 Buffers: shared hit=21294 read=3707442
                                 ->  Seq Scan on catalog_sales  (cost=0.00..5874397.76 rows=6417653 width=41) (actual time=0.051..43030.058 rows=6094526 loops=1)
                                       Filter: ((cs_wholesale_cost >= '60'::numeric) AND (cs_wholesale_cost <= '65'::numeric))
                                       Rows Removed by Filter: 137897773
                                       Buffers: shared hit=21294 read=3693086
                                 ->  Hash  (cost=16906.00..16906.00 rows=21848 width=21) (actual time=133.235..133.236 rows=21811 loops=1)
                                       Buckets: 32768  Batches: 1  Memory Usage: 1449kB
                                       Buffers: shared read=14356
                                       ->  Seq Scan on item  (cost=0.00..16906.00 rows=21848 width=21) (actual time=0.040..127.938 rows=21811 loops=1)
                                             Filter: (i_category = 'Sports'::bpchar)
                                             Rows Removed by Filter: 182189
                                             Buffers: shared read=14356
                           ->  Memoize  (cost=0.30..7.22 rows=1 width=4) (actual time=0.000..0.000 rows=0 loops=522039)
                                 Cache Key: catalog_sales.cs_sold_date_sk
                                 Cache Mode: logical
                                 Hits: 519901  Misses: 2138  Evictions: 0  Overflows: 0  Memory Usage: 155kB
                                 Buffers: shared hit=6411
                                 ->  Index Scan using date_dim_pkey on date_dim  (cost=0.29..7.21 rows=1 width=4) (actual time=0.012..0.012 rows=0 loops=2138)
                                       Index Cond: (d_date_sk = catalog_sales.cs_sold_date_sk)
                                       Filter: (d_year = 2000)
                                       Rows Removed by Filter: 1
                                       Buffers: shared hit=6411
                     ->  Index Scan using customer_demographics_pkey on customer_demographics  (cost=0.43..7.36 rows=1 width=8) (actual time=0.010..0.010 rows=0 loops=129716)
                           Index Cond: (cd_demo_sk = catalog_sales.cs_bill_cdemo_sk)
                           Filter: ((cd_gender = 'F'::bpchar) AND (cd_education_status = 'Unknown'::bpchar))
                           Rows Removed by Filter: 1
                           Buffers: shared hit=461977 read=56255
               ->  Index Scan using customer_pkey on customer  (cost=0.43..7.35 rows=1 width=12) (actual time=0.014..0.014 rows=0 loops=5714)
                     Index Cond: (c_customer_sk = catalog_sales.cs_bill_customer_sk)
                     Filter: (c_birth_month = 4)
                     Rows Removed by Filter: 1
                     Buffers: shared hit=19823 read=3021
         ->  Index Scan using customer_address_pkey on customer_address  (cost=0.42..7.35 rows=1 width=35) (actual time=0.016..0.016 rows=0 loops=949)
               Index Cond: (ca_address_sk = customer.c_current_addr_sk)
               Filter: (ca_state = ANY ('{IA,NC,TX}'::bpchar[]))
               Rows Removed by Filter: 1
               Buffers: shared hit=2278 read=1518
 Planning:
   Buffers: shared hit=405 read=49
 Planning Time: 4.660 ms
 Execution Time: 46047.643 ms
(53 rows)

