                                                                              QUERY PLAN                                                                              
----------------------------------------------------------------------------------------------------------------------------------------------------------------------
 Aggregate  (cost=5923340.00..5923340.01 rows=1 width=268) (actual time=45607.222..45607.227 rows=1 loops=1)
   Buffers: shared hit=125984 read=3643725
   ->  Nested Loop  (cost=16954.16..5923339.97 rows=1 width=81) (actual time=45607.218..45607.222 rows=0 loops=1)
         Buffers: shared hit=125984 read=3643725
         ->  Nested Loop  (cost=16953.73..5923332.61 rows=1 width=54) (actual time=29078.296..45607.032 rows=6 loops=1)
               Buffers: shared hit=125971 read=3643714
               ->  Nested Loop  (cost=16953.31..5923185.49 rows=20 width=54) (actual time=27005.445..45601.371 rows=389 loops=1)
                     Buffers: shared hit=124525 read=3643608
                     ->  Nested Loop  (cost=16952.88..5920243.71 rows=400 width=50) (actual time=26971.127..45485.327 rows=8263 loops=1)
                           Buffers: shared hit=96837 read=3638304
                           ->  Hash Join  (cost=16952.58..5902942.67 rows=80658 width=54) (actual time=120.295..45427.359 rows=39939 loops=1)
                                 Hash Cond: (catalog_sales.cs_item_sk = item.i_item_sk)
                                 Buffers: shared hit=90432 read=3638304
                                 ->  Seq Scan on catalog_sales  (cost=0.00..5874397.76 rows=4416036 width=41) (actual time=0.051..44533.198 rows=4444683 loops=1)
                                       Filter: ((cs_wholesale_cost >= '49'::numeric) AND (cs_wholesale_cost <= '54'::numeric))
                                       Rows Removed by Filter: 139547616
                                       Buffers: shared hit=76076 read=3638304
                                 ->  Hash  (cost=16906.00..16906.00 rows=3726 width=21) (actual time=118.773..118.774 rows=3713 loops=1)
                                       Buckets: 4096  Batches: 1  Memory Usage: 236kB
                                       Buffers: shared hit=14356
                                       ->  Seq Scan on item  (cost=0.00..16906.00 rows=3726 width=21) (actual time=0.057..117.779 rows=3713 loops=1)
                                             Filter: (i_category = 'Music'::bpchar)
                                             Rows Removed by Filter: 200287
                                             Buffers: shared hit=14356
                           ->  Memoize  (cost=0.30..7.22 rows=1 width=4) (actual time=0.001..0.001 rows=0 loops=39939)
                                 Cache Key: catalog_sales.cs_sold_date_sk
                                 Cache Mode: logical
                                 Hits: 37803  Misses: 2136  Evictions: 0  Overflows: 0  Memory Usage: 155kB
                                 Buffers: shared hit=6405
                                 ->  Index Scan using date_dim_pkey on date_dim  (cost=0.29..7.21 rows=1 width=4) (actual time=0.012..0.012 rows=0 loops=2136)
                                       Index Cond: (d_date_sk = catalog_sales.cs_sold_date_sk)
                                       Filter: (d_year = 2002)
                                       Rows Removed by Filter: 1
                                       Buffers: shared hit=6405
                     ->  Index Scan using customer_pkey on customer  (cost=0.43..7.35 rows=1 width=12) (actual time=0.014..0.014 rows=0 loops=8263)
                           Index Cond: (c_customer_sk = catalog_sales.cs_bill_customer_sk)
                           Filter: (c_birth_month = 7)
                           Rows Removed by Filter: 1
                           Buffers: shared hit=27688 read=5304
               ->  Index Scan using customer_demographics_pkey on customer_demographics  (cost=0.43..7.36 rows=1 width=8) (actual time=0.014..0.014 rows=0 loops=389)
                     Index Cond: (cd_demo_sk = catalog_sales.cs_bill_cdemo_sk)
                     Filter: ((cd_gender = 'F'::bpchar) AND (cd_education_status = 'Secondary'::bpchar))
                     Rows Removed by Filter: 1
                     Buffers: shared hit=1446 read=106
         ->  Index Scan using customer_address_pkey on customer_address  (cost=0.42..7.36 rows=1 width=35) (actual time=0.030..0.030 rows=0 loops=6)
               Index Cond: (ca_address_sk = customer.c_current_addr_sk)
               Filter: (ca_state = ANY ('{KY,NC,WV}'::bpchar[]))
               Rows Removed by Filter: 1
               Buffers: shared hit=13 read=11
 Planning:
   Buffers: shared hit=453 read=1
 Planning Time: 5.115 ms
 Execution Time: 45607.674 ms
(53 rows)

