                                                                               QUERY PLAN                                                                               
------------------------------------------------------------------------------------------------------------------------------------------------------------------------
 Aggregate  (cost=6060735.35..6060735.36 rows=1 width=268) (actual time=52214.363..52214.370 rows=1 loops=1)
   Buffers: shared hit=1044803 read=3775952
   ->  Nested Loop  (cost=17242.40..6060735.24 rows=4 width=81) (actual time=30219.661..52214.204 rows=22 loops=1)
         Buffers: shared hit=1044803 read=3775952
         ->  Nested Loop  (cost=17241.97..6060543.77 rows=26 width=54) (actual time=29643.400..52204.146 rows=531 loops=1)
               Buffers: shared hit=1043670 read=3774961
               ->  Nested Loop  (cost=17241.54..6057866.26 rows=364 width=54) (actual time=29630.496..52088.088 rows=10294 loops=1)
                     Buffers: shared hit=1006588 read=3770891
                     ->  Nested Loop  (cost=17241.12..5990319.04 rows=9185 width=50) (actual time=29629.707..49350.781 rows=260931 loops=1)
                           Buffers: shared hit=92142 read=3643005
                           ->  Hash Join  (cost=17240.81..5928696.24 rows=1853537 width=54) (actual time=114.103..48928.748 rows=1343171 loops=1)
                                 Hash Cond: (catalog_sales.cs_item_sk = item.i_item_sk)
                                 Buffers: shared hit=85731 read=3643005
                                 ->  Seq Scan on catalog_sales  (cost=0.00..5874397.76 rows=14116916 width=41) (actual time=0.045..46090.788 rows=14129630 loops=1)
                                       Filter: ((cs_wholesale_cost >= '13'::numeric) AND (cs_wholesale_cost <= '18'::numeric))
                                       Rows Removed by Filter: 129862669
                                       Buffers: shared hit=71375 read=3643005
                                 ->  Hash  (cost=16906.00..16906.00 rows=26785 width=21) (actual time=113.807..113.808 rows=26695 loops=1)
                                       Buckets: 32768  Batches: 1  Memory Usage: 1716kB
                                       Buffers: shared hit=14356
                                       ->  Seq Scan on item  (cost=0.00..16906.00 rows=26785 width=21) (actual time=0.019..108.459 rows=26695 loops=1)
                                             Filter: (i_category = 'Children'::bpchar)
                                             Rows Removed by Filter: 177305
                                             Buffers: shared hit=14356
                           ->  Memoize  (cost=0.30..7.22 rows=1 width=4) (actual time=0.000..0.000 rows=0 loops=1343171)
                                 Cache Key: catalog_sales.cs_sold_date_sk
                                 Cache Mode: logical
                                 Hits: 1341033  Misses: 2138  Evictions: 0  Overflows: 0  Memory Usage: 155kB
                                 Buffers: shared hit=6411
                                 ->  Index Scan using date_dim_pkey on date_dim  (cost=0.29..7.21 rows=1 width=4) (actual time=0.013..0.013 rows=0 loops=2138)
                                       Index Cond: (d_date_sk = catalog_sales.cs_sold_date_sk)
                                       Filter: (d_year = 2002)
                                       Rows Removed by Filter: 1
                                       Buffers: shared hit=6411
                     ->  Index Scan using customer_pkey on customer  (cost=0.43..7.35 rows=1 width=12) (actual time=0.010..0.010 rows=0 loops=260931)
                           Index Cond: (c_customer_sk = catalog_sales.cs_bill_customer_sk)
                           Filter: (c_birth_month = 9)
                           Rows Removed by Filter: 1
                           Buffers: shared hit=914446 read=127886
               ->  Index Scan using customer_demographics_pkey on customer_demographics  (cost=0.43..7.36 rows=1 width=8) (actual time=0.011..0.011 rows=0 loops=10294)
                     Index Cond: (cd_demo_sk = catalog_sales.cs_bill_cdemo_sk)
                     Filter: ((cd_gender = 'F'::bpchar) AND (cd_education_status = 'College'::bpchar))
                     Rows Removed by Filter: 1
                     Buffers: shared hit=37082 read=4070
         ->  Index Scan using customer_address_pkey on customer_address  (cost=0.42..7.36 rows=1 width=35) (actual time=0.018..0.018 rows=0 loops=531)
               Index Cond: (ca_address_sk = customer.c_current_addr_sk)
               Filter: (ca_state = ANY ('{NC,OH,TX}'::bpchar[]))
               Rows Removed by Filter: 1
               Buffers: shared hit=1133 read=991
 Planning:
   Buffers: shared hit=454
 Planning Time: 4.120 ms
 Execution Time: 52214.996 ms
(53 rows)

