                                                                                  QUERY PLAN                                                                                  
------------------------------------------------------------------------------------------------------------------------------------------------------------------------------
 Aggregate  (cost=5939318.39..5939318.40 rows=1 width=268) (actual time=42725.629..42725.634 rows=1 loops=1)
   Buffers: shared hit=320530 read=3739649
   ->  Nested Loop  (cost=17045.03..5939318.36 rows=1 width=81) (actual time=17720.890..42724.937 rows=109 loops=1)
         Buffers: shared hit=320530 read=3739649
         ->  Nested Loop  (cost=17044.61..5939215.39 rows=14 width=54) (actual time=17661.174..42694.250 rows=1928 loops=1)
               Buffers: shared hit=316516 read=3735951
               ->  Nested Loop  (cost=17044.18..5938472.60 rows=101 width=50) (actual time=17658.458..42514.274 rows=13447 loops=1)
                     Buffers: shared hit=267562 read=3731165
                     ->  Nested Loop  (cost=17043.75..5927968.34 rows=1428 width=50) (actual time=17657.305..41747.087 rows=65978 loops=1)
                           Buffers: shared hit=36654 read=3698493
                           ->  Hash Join  (cost=17043.45..5905478.01 rows=288227 width=54) (actual time=143.875..41615.525 rows=327291 loops=1)
                                 Hash Cond: (catalog_sales.cs_item_sk = item.i_item_sk)
                                 Buffers: shared hit=30243 read=3698493
                                 ->  Seq Scan on catalog_sales  (cost=0.00..5874397.76 rows=5347244 width=41) (actual time=0.053..40420.474 rows=5484290 loops=1)
                                       Filter: ((cs_wholesale_cost >= '100'::numeric) AND (cs_wholesale_cost <= '105'::numeric))
                                       Rows Removed by Filter: 138508009
                                       Buffers: shared hit=30243 read=3684137
                                 ->  Hash  (cost=16906.00..16906.00 rows=10996 width=21) (actual time=143.672..143.673 rows=11037 loops=1)
                                       Buckets: 16384  Batches: 1  Memory Usage: 732kB
                                       Buffers: shared read=14356
                                       ->  Seq Scan on item  (cost=0.00..16906.00 rows=10996 width=21) (actual time=0.099..140.427 rows=11037 loops=1)
                                             Filter: (i_category = 'Women'::bpchar)
                                             Rows Removed by Filter: 192963
                                             Buffers: shared read=14356
                           ->  Memoize  (cost=0.30..7.22 rows=1 width=4) (actual time=0.000..0.000 rows=0 loops=327291)
                                 Cache Key: catalog_sales.cs_sold_date_sk
                                 Cache Mode: logical
                                 Hits: 325153  Misses: 2138  Evictions: 0  Overflows: 0  Memory Usage: 155kB
                                 Buffers: shared hit=6411
                                 ->  Index Scan using date_dim_pkey on date_dim  (cost=0.29..7.21 rows=1 width=4) (actual time=0.012..0.012 rows=0 loops=2138)
                                       Index Cond: (d_date_sk = catalog_sales.cs_sold_date_sk)
                                       Filter: (d_year = 2001)
                                       Rows Removed by Filter: 1
                                       Buffers: shared hit=6411
                     ->  Index Scan using customer_demographics_pkey on customer_demographics  (cost=0.43..7.36 rows=1 width=8) (actual time=0.011..0.011 rows=0 loops=65978)
                           Index Cond: (cd_demo_sk = catalog_sales.cs_bill_cdemo_sk)
                           Filter: ((cd_gender = 'M'::bpchar) AND (cd_education_status = '2 yr Degree'::bpchar))
                           Rows Removed by Filter: 1
                           Buffers: shared hit=230908 read=32672
               ->  Index Scan using customer_pkey on customer  (cost=0.43..7.35 rows=1 width=12) (actual time=0.013..0.013 rows=0 loops=13447)
                     Index Cond: (c_customer_sk = catalog_sales.cs_bill_customer_sk)
                     Filter: (c_birth_month = 10)
                     Rows Removed by Filter: 1
                     Buffers: shared hit=48954 read=4786
         ->  Index Scan using customer_address_pkey on customer_address  (cost=0.42..7.35 rows=1 width=35) (actual time=0.015..0.015 rows=0 loops=1928)
               Index Cond: (ca_address_sk = customer.c_current_addr_sk)
               Filter: (ca_state = ANY ('{IL,OH,WI}'::bpchar[]))
               Rows Removed by Filter: 1
               Buffers: shared hit=4014 read=3698
 Planning:
   Buffers: shared hit=404 read=50
 Planning Time: 4.694 ms
 Execution Time: 42726.120 ms
(53 rows)

