                                                                                  QUERY PLAN                                                                                  
------------------------------------------------------------------------------------------------------------------------------------------------------------------------------
 Aggregate  (cost=5924115.43..5924115.44 rows=1 width=268) (actual time=45778.876..45778.880 rows=1 loops=1)
   Buffers: shared hit=129700 read=3653091
   ->  Nested Loop  (cost=17019.78..5924115.40 rows=1 width=81) (actual time=13312.000..45778.851 rows=3 loops=1)
         Buffers: shared hit=129700 read=3653091
         ->  Nested Loop  (cost=17019.36..5924071.27 rows=6 width=54) (actual time=12414.905..45777.410 rows=69 loops=1)
               Buffers: shared hit=129557 read=3652958
               ->  Nested Loop  (cost=17018.93..5923710.89 rows=49 width=50) (actual time=12371.258..45759.982 rows=613 loops=1)
                     Buffers: shared hit=127368 read=3652699
                     ->  Nested Loop  (cost=17018.50..5918591.07 rows=696 width=50) (actual time=12352.447..45596.704 rows=11244 loops=1)
                           Buffers: shared hit=87367 read=3647780
                           ->  Hash Join  (cost=17018.20..5899795.21 rows=140449 width=54) (actual time=107.728..45532.173 rows=69958 loops=1)
                                 Hash Cond: (catalog_sales.cs_item_sk = item.i_item_sk)
                                 Buffers: shared hit=80956 read=3647780
                                 ->  Seq Scan on catalog_sales  (cost=0.00..5874397.76 rows=3192026 width=41) (actual time=0.045..44811.671 rows=3238451 loops=1)
                                       Filter: ((cs_wholesale_cost >= '32'::numeric) AND (cs_wholesale_cost <= '37'::numeric))
                                       Rows Removed by Filter: 140753848
                                       Buffers: shared hit=66600 read=3647780
                                 ->  Hash  (cost=16906.00..16906.00 rows=8976 width=21) (actual time=107.488..107.489 rows=8826 loops=1)
                                       Buckets: 16384  Batches: 1  Memory Usage: 611kB
                                       Buffers: shared hit=14356
                                       ->  Seq Scan on item  (cost=0.00..16906.00 rows=8976 width=21) (actual time=0.014..105.381 rows=8826 loops=1)
                                             Filter: (i_category = 'Jewelry'::bpchar)
                                             Rows Removed by Filter: 195174
                                             Buffers: shared hit=14356
                           ->  Memoize  (cost=0.30..7.22 rows=1 width=4) (actual time=0.001..0.001 rows=0 loops=69958)
                                 Cache Key: catalog_sales.cs_sold_date_sk
                                 Cache Mode: logical
                                 Hits: 67820  Misses: 2138  Evictions: 0  Overflows: 0  Memory Usage: 155kB
                                 Buffers: shared hit=6411
                                 ->  Index Scan using date_dim_pkey on date_dim  (cost=0.29..7.21 rows=1 width=4) (actual time=0.012..0.012 rows=0 loops=2138)
                                       Index Cond: (d_date_sk = catalog_sales.cs_sold_date_sk)
                                       Filter: (d_year = 2000)
                                       Rows Removed by Filter: 1
                                       Buffers: shared hit=6411
                     ->  Index Scan using customer_demographics_pkey on customer_demographics  (cost=0.43..7.36 rows=1 width=8) (actual time=0.014..0.014 rows=0 loops=11244)
                           Index Cond: (cd_demo_sk = catalog_sales.cs_bill_cdemo_sk)
                           Filter: ((cd_gender = 'M'::bpchar) AND (cd_education_status = 'Advanced Degree'::bpchar))
                           Rows Removed by Filter: 1
                           Buffers: shared hit=40001 read=4919
               ->  Index Scan using customer_pkey on customer  (cost=0.43..7.35 rows=1 width=12) (actual time=0.028..0.028 rows=0 loops=613)
                     Index Cond: (c_customer_sk = catalog_sales.cs_bill_customer_sk)
                     Filter: (c_birth_month = 8)
                     Rows Removed by Filter: 1
                     Buffers: shared hit=2189 read=259
         ->  Index Scan using customer_address_pkey on customer_address  (cost=0.42..7.36 rows=1 width=35) (actual time=0.020..0.020 rows=0 loops=69)
               Index Cond: (ca_address_sk = customer.c_current_addr_sk)
               Filter: (ca_state = ANY ('{IL,NC,PA}'::bpchar[]))
               Rows Removed by Filter: 1
               Buffers: shared hit=143 read=133
 Planning:
   Buffers: shared hit=454
 Planning Time: 4.152 ms
 Execution Time: 45779.474 ms
(53 rows)

