                                                                                 QUERY PLAN                                                                                  
-----------------------------------------------------------------------------------------------------------------------------------------------------------------------------
 Aggregate  (cost=5918759.30..5918759.31 rows=1 width=268) (actual time=45829.004..45829.009 rows=1 loops=1)
   Buffers: shared hit=116655 read=3642816
   ->  Nested Loop  (cost=16954.16..5918759.27 rows=1 width=81) (actual time=45828.999..45829.003 rows=0 loops=1)
         Buffers: shared hit=116655 read=3642816
         ->  Nested Loop  (cost=16953.73..5918744.56 rows=2 width=54) (actual time=27808.031..45828.745 rows=13 loops=1)
               Buffers: shared hit=116627 read=3642792
               ->  Nested Loop  (cost=16953.31..5918597.47 rows=20 width=50) (actual time=27152.976..45827.165 rows=96 loops=1)
                     Buffers: shared hit=116292 read=3642743
                     ->  Nested Loop  (cost=16952.88..5916471.56 rows=289 width=50) (actual time=27102.273..45738.000 rows=5982 loops=1)
                           Buffers: shared hit=94973 read=3640162
                           ->  Hash Join  (cost=16952.58..5899729.58 rows=58301 width=54) (actual time=111.573..45684.899 rows=29450 loops=1)
                                 Hash Cond: (catalog_sales.cs_item_sk = item.i_item_sk)
                                 Buffers: shared hit=88574 read=3640162
                                 ->  Seq Scan on catalog_sales  (cost=0.00..5874397.76 rows=3192026 width=41) (actual time=0.045..44974.940 rows=3238451 loops=1)
                                       Filter: ((cs_wholesale_cost >= '30'::numeric) AND (cs_wholesale_cost <= '35'::numeric))
                                       Rows Removed by Filter: 140753848
                                       Buffers: shared hit=74218 read=3640162
                                 ->  Hash  (cost=16906.00..16906.00 rows=3726 width=21) (actual time=111.247..111.247 rows=3713 loops=1)
                                       Buckets: 4096  Batches: 1  Memory Usage: 236kB
                                       Buffers: shared hit=14356
                                       ->  Seq Scan on item  (cost=0.00..16906.00 rows=3726 width=21) (actual time=0.043..110.365 rows=3713 loops=1)
                                             Filter: (i_category = 'Music'::bpchar)
                                             Rows Removed by Filter: 200287
                                             Buffers: shared hit=14356
                           ->  Memoize  (cost=0.30..7.22 rows=1 width=4) (actual time=0.001..0.001 rows=0 loops=29450)
                                 Cache Key: catalog_sales.cs_sold_date_sk
                                 Cache Mode: logical
                                 Hits: 27316  Misses: 2134  Evictions: 0  Overflows: 0  Memory Usage: 155kB
                                 Buffers: shared hit=6399
                                 ->  Index Scan using date_dim_pkey on date_dim  (cost=0.29..7.21 rows=1 width=4) (actual time=0.012..0.012 rows=0 loops=2134)
                                       Index Cond: (d_date_sk = catalog_sales.cs_sold_date_sk)
                                       Filter: (d_year = 2002)
                                       Rows Removed by Filter: 1
                                       Buffers: shared hit=6399
                     ->  Index Scan using customer_demographics_pkey on customer_demographics  (cost=0.43..7.36 rows=1 width=8) (actual time=0.014..0.014 rows=0 loops=5982)
                           Index Cond: (cd_demo_sk = catalog_sales.cs_bill_cdemo_sk)
                           Filter: ((cd_gender = 'F'::bpchar) AND (cd_education_status = 'Secondary'::bpchar))
                           Rows Removed by Filter: 1
                           Buffers: shared hit=21319 read=2581
               ->  Index Scan using customer_pkey on customer  (cost=0.43..7.35 rows=1 width=12) (actual time=0.015..0.015 rows=0 loops=96)
                     Index Cond: (c_customer_sk = catalog_sales.cs_bill_customer_sk)
                     Filter: (c_birth_month = 8)
                     Rows Removed by Filter: 1
                     Buffers: shared hit=335 read=49
         ->  Index Scan using customer_address_pkey on customer_address  (cost=0.42..7.36 rows=1 width=35) (actual time=0.018..0.018 rows=0 loops=13)
               Index Cond: (ca_address_sk = customer.c_current_addr_sk)
               Filter: (ca_state = ANY ('{NM,SC,VA}'::bpchar[]))
               Rows Removed by Filter: 1
               Buffers: shared hit=28 read=24
 Planning:
   Buffers: shared hit=454
 Planning Time: 4.211 ms
 Execution Time: 45829.592 ms
(53 rows)

