                                                                              QUERY PLAN                                                                               
-----------------------------------------------------------------------------------------------------------------------------------------------------------------------
 Aggregate  (cost=5960251.30..5960251.31 rows=1 width=268) (actual time=46156.153..46156.158 rows=1 loops=1)
   Buffers: shared hit=423458 read=3750265
   ->  Nested Loop  (cost=17119.15..5960251.24 rows=2 width=81) (actual time=523.731..46156.014 rows=20 loops=1)
         Buffers: shared hit=423458 read=3750265
         ->  Nested Loop  (cost=17118.72..5960148.22 rows=14 width=54) (actual time=127.700..46148.763 rows=389 loops=1)
               Buffers: shared hit=422653 read=3749514
               ->  Nested Loop  (cost=17118.29..5958735.89 rows=192 width=54) (actual time=115.115..46063.852 rows=6923 loops=1)
                     Buffers: shared hit=398041 read=3746450
                     ->  Nested Loop  (cost=17117.87..5938401.33 rows=2765 width=50) (actual time=114.694..44893.612 rows=102465 loops=1)
                           Buffers: shared hit=44715 read=3690432
                           ->  Hash Join  (cost=17117.56..5909168.43 rows=557932 width=54) (actual time=114.648..44542.093 rows=1159303 loops=1)
                                 Hash Cond: (catalog_sales.cs_item_sk = item.i_item_sk)
                                 Buffers: shared hit=38304 read=3690432
                                 ->  Seq Scan on catalog_sales  (cost=0.00..5874397.76 rows=6724855 width=41) (actual time=0.061..43001.964 rows=6763882 loops=1)
                                       Filter: ((cs_wholesale_cost >= '71'::numeric) AND (cs_wholesale_cost <= '76'::numeric))
                                       Rows Removed by Filter: 137228417
                                       Buffers: shared hit=23948 read=3690432
                                 ->  Hash  (cost=16906.00..16906.00 rows=16925 width=21) (actual time=114.191..114.192 rows=17141 loops=1)
                                       Buckets: 32768  Batches: 1  Memory Usage: 1194kB
                                       Buffers: shared hit=14356
                                       ->  Seq Scan on item  (cost=0.00..16906.00 rows=16925 width=21) (actual time=0.020..110.424 rows=17141 loops=1)
                                             Filter: (i_category = 'Home'::bpchar)
                                             Rows Removed by Filter: 186859
                                             Buffers: shared hit=14356
                           ->  Memoize  (cost=0.30..7.22 rows=1 width=4) (actual time=0.000..0.000 rows=0 loops=1159303)
                                 Cache Key: catalog_sales.cs_sold_date_sk
                                 Cache Mode: logical
                                 Hits: 1157165  Misses: 2138  Evictions: 0  Overflows: 0  Memory Usage: 155kB
                                 Buffers: shared hit=6411
                                 ->  Index Scan using date_dim_pkey on date_dim  (cost=0.29..7.21 rows=1 width=4) (actual time=0.012..0.012 rows=0 loops=2138)
                                       Index Cond: (d_date_sk = catalog_sales.cs_sold_date_sk)
                                       Filter: (d_year = 1998)
                                       Rows Removed by Filter: 1
                                       Buffers: shared hit=6411
                     ->  Index Scan using customer_pkey on customer  (cost=0.43..7.35 rows=1 width=12) (actual time=0.011..0.011 rows=0 loops=102465)
                           Index Cond: (c_customer_sk = catalog_sales.cs_bill_customer_sk)
                           Filter: (c_birth_month = 12)
                           Rows Removed by Filter: 1
                           Buffers: shared hit=353326 read=56018
               ->  Index Scan using customer_demographics_pkey on customer_demographics  (cost=0.43..7.36 rows=1 width=8) (actual time=0.012..0.012 rows=0 loops=6923)
                     Index Cond: (cd_demo_sk = catalog_sales.cs_bill_cdemo_sk)
                     Filter: ((cd_gender = 'M'::bpchar) AND (cd_education_status = 'Advanced Degree'::bpchar))
                     Rows Removed by Filter: 1
                     Buffers: shared hit=24612 read=3064
         ->  Index Scan using customer_address_pkey on customer_address  (cost=0.42..7.36 rows=1 width=35) (actual time=0.018..0.018 rows=0 loops=389)
               Index Cond: (ca_address_sk = customer.c_current_addr_sk)
               Filter: (ca_state = ANY ('{IN,OH,TX}'::bpchar[]))
               Rows Removed by Filter: 1
               Buffers: shared hit=805 read=751
 Planning:
   Buffers: shared hit=454
 Planning Time: 4.853 ms
 Execution Time: 46156.922 ms
(53 rows)

