                                                                              QUERY PLAN                                                                               
-----------------------------------------------------------------------------------------------------------------------------------------------------------------------
 Aggregate  (cost=5902952.59..5902952.60 rows=1 width=268) (actual time=45754.877..45754.882 rows=1 loops=1)
   Buffers: shared hit=153782 read=3685496
   ->  Nested Loop  (cost=19572.02..5902952.56 rows=1 width=81) (actual time=13015.301..45754.798 rows=10 loops=1)
         Buffers: shared hit=153782 read=3685496
         ->  Nested Loop  (cost=19571.59..5902937.84 rows=2 width=54) (actual time=12337.007..45751.965 rows=136 loops=1)
               Buffers: shared hit=153502 read=3685232
               ->  Nested Loop  (cost=19571.17..5902695.07 rows=33 width=54) (actual time=12169.682..45733.558 rows=1184 loops=1)
                     Buffers: shared hit=149422 read=3684580
                     ->  Hash Join  (cost=19570.74..5897693.12 rows=680 width=50) (actual time=12151.885..45392.711 rows=25975 loops=1)
                           Hash Cond: (catalog_sales.cs_sold_date_sk = date_dim.d_date_sk)
                           Buffers: shared hit=48501 read=3681709
                           ->  Hash Join  (cost=17179.10..5894941.16 rows=137258 width=54) (actual time=146.017..45351.486 rows=104099 loops=1)
                                 Hash Cond: (catalog_sales.cs_item_sk = item.i_item_sk)
                                 Buffers: shared hit=48459 read=3680277
                                 ->  Seq Scan on catalog_sales  (cost=0.00..5874397.76 rows=1281611 width=41) (actual time=0.084..44883.331 rows=1213654 loops=1)
                                       Filter: ((cs_wholesale_cost >= '17'::numeric) AND (cs_wholesale_cost <= '22'::numeric))
                                       Rows Removed by Filter: 142778645
                                       Buffers: shared hit=48459 read=3665921
                                 ->  Hash  (cost=16906.00..16906.00 rows=21848 width=21) (actual time=145.568..145.569 rows=21811 loops=1)
                                       Buckets: 32768  Batches: 1  Memory Usage: 1449kB
                                       Buffers: shared read=14356
                                       ->  Seq Scan on item  (cost=0.00..16906.00 rows=21848 width=21) (actual time=0.030..139.994 rows=21811 loops=1)
                                             Filter: (i_category = 'Sports'::bpchar)
                                             Rows Removed by Filter: 182189
                                             Buffers: shared read=14356
                           ->  Hash  (cost=2387.11..2387.11 rows=362 width=4) (actual time=24.542..24.542 rows=366 loops=1)
                                 Buckets: 1024  Batches: 1  Memory Usage: 21kB
                                 Buffers: shared hit=42 read=1432
                                 ->  Seq Scan on date_dim  (cost=0.00..2387.11 rows=362 width=4) (actual time=15.686..24.462 rows=366 loops=1)
                                       Filter: (d_year = 2000)
                                       Rows Removed by Filter: 72683
                                       Buffers: shared hit=42 read=1432
                     ->  Index Scan using customer_pkey on customer  (cost=0.43..7.36 rows=1 width=12) (actual time=0.013..0.013 rows=0 loops=25975)
                           Index Cond: (c_customer_sk = catalog_sales.cs_bill_customer_sk)
                           Filter: (c_birth_month = 7)
                           Rows Removed by Filter: 1
                           Buffers: shared hit=100921 read=2871
               ->  Index Scan using customer_demographics_pkey on customer_demographics  (cost=0.43..7.36 rows=1 width=8) (actual time=0.015..0.015 rows=0 loops=1184)
                     Index Cond: (cd_demo_sk = catalog_sales.cs_bill_cdemo_sk)
                     Filter: ((cd_gender = 'M'::bpchar) AND (cd_education_status = '4 yr Degree'::bpchar))
                     Rows Removed by Filter: 1
                     Buffers: shared hit=4080 read=652
         ->  Index Scan using customer_address_pkey on customer_address  (cost=0.42..7.36 rows=1 width=35) (actual time=0.019..0.019 rows=0 loops=136)
               Index Cond: (ca_address_sk = customer.c_current_addr_sk)
               Filter: (ca_state = ANY ('{IA,OH,WV}'::bpchar[]))
               Rows Removed by Filter: 1
               Buffers: shared hit=280 read=264
 Planning:
   Buffers: shared hit=405 read=49
 Planning Time: 6.627 ms
 Execution Time: 45755.425 ms
(51 rows)

