                                                                              QUERY PLAN                                                                               
-----------------------------------------------------------------------------------------------------------------------------------------------------------------------
 Aggregate  (cost=5964052.10..5964052.11 rows=1 width=268) (actual time=45767.112..45767.116 rows=1 loops=1)
   Buffers: shared hit=261948 read=3675787
   ->  Nested Loop  (cost=17073.85..5964052.08 rows=1 width=81) (actual time=20592.087..45767.012 rows=13 loops=1)
         Buffers: shared hit=261948 read=3675787
         ->  Nested Loop  (cost=17073.42..5963993.16 rows=8 width=54) (actual time=19578.527..45764.790 rows=110 loops=1)
               Buffers: shared hit=261725 read=3675570
               ->  Nested Loop  (cost=17072.99..5963191.38 rows=109 width=54) (actual time=19567.511..45738.305 rows=1961 loops=1)
                     Buffers: shared hit=255178 read=3674273
                     ->  Nested Loop  (cost=17072.57..5942967.34 rows=2750 width=50) (actual time=19561.541..45204.920 rows=48637 loops=1)
                           Buffers: shared hit=66827 read=3668320
                           ->  Hash Join  (cost=17072.26..5913810.47 rows=554891 width=54) (actual time=112.981..45081.830 rows=289308 loops=1)
                                 Hash Cond: (catalog_sales.cs_item_sk = item.i_item_sk)
                                 Buffers: shared hit=60504 read=3668232
                                 ->  Seq Scan on catalog_sales  (cost=0.00..5874397.76 rows=8510470 width=41) (actual time=0.081..43416.734 rows=8494738 loops=1)
                                       Filter: ((cs_wholesale_cost >= '65'::numeric) AND (cs_wholesale_cost <= '70'::numeric))
                                       Rows Removed by Filter: 135497561
                                       Buffers: shared hit=46148 read=3668232
                                 ->  Hash  (cost=16906.00..16906.00 rows=13301 width=21) (actual time=111.993..111.994 rows=13933 loops=1)
                                       Buckets: 16384  Batches: 1  Memory Usage: 890kB
                                       Buffers: shared hit=14356
                                       ->  Seq Scan on item  (cost=0.00..16906.00 rows=13301 width=21) (actual time=0.022..108.931 rows=13933 loops=1)
                                             Filter: (i_category = 'Men'::bpchar)
                                             Rows Removed by Filter: 190067
                                             Buffers: shared hit=14356
                           ->  Memoize  (cost=0.30..7.22 rows=1 width=4) (actual time=0.000..0.000 rows=0 loops=289308)
                                 Cache Key: catalog_sales.cs_sold_date_sk
                                 Cache Mode: logical
                                 Hits: 287170  Misses: 2138  Evictions: 0  Overflows: 0  Memory Usage: 155kB
                                 Buffers: shared hit=6323 read=88
                                 ->  Index Scan using date_dim_pkey on date_dim  (cost=0.29..7.21 rows=1 width=4) (actual time=0.012..0.012 rows=0 loops=2138)
                                       Index Cond: (d_date_sk = catalog_sales.cs_sold_date_sk)
                                       Filter: (d_year = 2001)
                                       Rows Removed by Filter: 1
                                       Buffers: shared hit=6323 read=88
                     ->  Index Scan using customer_pkey on customer  (cost=0.43..7.35 rows=1 width=12) (actual time=0.011..0.011 rows=0 loops=48637)
                           Index Cond: (c_customer_sk = catalog_sales.cs_bill_customer_sk)
                           Filter: (c_birth_month = 9)
                           Rows Removed by Filter: 1
                           Buffers: shared hit=188351 read=5953
               ->  Index Scan using customer_demographics_pkey on customer_demographics  (cost=0.43..7.36 rows=1 width=8) (actual time=0.013..0.013 rows=0 loops=1961)
                     Index Cond: (cd_demo_sk = catalog_sales.cs_bill_cdemo_sk)
                     Filter: ((cd_gender = 'M'::bpchar) AND (cd_education_status = 'Advanced Degree'::bpchar))
                     Rows Removed by Filter: 1
                     Buffers: shared hit=6547 read=1297
         ->  Index Scan using customer_address_pkey on customer_address  (cost=0.42..7.36 rows=1 width=35) (actual time=0.019..0.019 rows=0 loops=110)
               Index Cond: (ca_address_sk = customer.c_current_addr_sk)
               Filter: (ca_state = ANY ('{IA,NC,OK}'::bpchar[]))
               Rows Removed by Filter: 1
               Buffers: shared hit=223 read=217
 Planning:
   Buffers: shared hit=454
 Planning Time: 4.448 ms
 Execution Time: 45767.764 ms
(53 rows)

