                                                                                  QUERY PLAN                                                                                   
-------------------------------------------------------------------------------------------------------------------------------------------------------------------------------
 Aggregate  (cost=6012334.89..6012334.90 rows=1 width=268) (actual time=50898.694..50898.699 rows=1 loops=1)
   Buffers: shared hit=1096145 read=3787290
   ->  Nested Loop  (cost=17180.68..6012334.81 rows=3 width=81) (actual time=20333.594..50897.911 rows=129 loops=1)
         Buffers: shared hit=1096145 read=3787290
         ->  Nested Loop  (cost=17180.26..6012077.30 rows=35 width=54) (actual time=20238.583..50844.570 rows=2890 loops=1)
               Buffers: shared hit=1089573 read=3782302
               ->  Nested Loop  (cost=17179.83..6009032.69 rows=414 width=50) (actual time=20234.971..50372.874 rows=35988 loops=1)
                     Buffers: shared hit=951712 read=3776291
                     ->  Nested Loop  (cost=17179.40..5965706.92 rows=5890 width=50) (actual time=20234.784..47284.897 rows=248498 loops=1)
                           Buffers: shared hit=26698 read=3708449
                           ->  Hash Join  (cost=17179.10..5920708.90 rows=1188541 width=54) (actual time=134.587..46954.595 rows=983170 loops=1)
                                 Hash Cond: (catalog_sales.cs_item_sk = item.i_item_sk)
                                 Buffers: shared hit=20287 read=3708449
                                 ->  Seq Scan on catalog_sales  (cost=0.00..5874397.76 rows=11097691 width=41) (actual time=0.060..44691.805 rows=11458169 loops=1)
                                       Filter: ((cs_wholesale_cost >= '55'::numeric) AND (cs_wholesale_cost <= '60'::numeric))
                                       Rows Removed by Filter: 132534130
                                       Buffers: shared hit=20287 read=3694093
                                 ->  Hash  (cost=16906.00..16906.00 rows=21848 width=21) (actual time=134.207..134.207 rows=21811 loops=1)
                                       Buckets: 32768  Batches: 1  Memory Usage: 1449kB
                                       Buffers: shared read=14356
                                       ->  Seq Scan on item  (cost=0.00..16906.00 rows=21848 width=21) (actual time=0.057..128.810 rows=21811 loops=1)
                                             Filter: (i_category = 'Sports'::bpchar)
                                             Rows Removed by Filter: 182189
                                             Buffers: shared read=14356
                           ->  Memoize  (cost=0.30..7.22 rows=1 width=4) (actual time=0.000..0.000 rows=0 loops=983170)
                                 Cache Key: catalog_sales.cs_sold_date_sk
                                 Cache Mode: logical
                                 Hits: 981032  Misses: 2138  Evictions: 0  Overflows: 0  Memory Usage: 155kB
                                 Buffers: shared hit=6411
                                 ->  Index Scan using date_dim_pkey on date_dim  (cost=0.29..7.21 rows=1 width=4) (actual time=0.015..0.015 rows=0 loops=2138)
                                       Index Cond: (d_date_sk = catalog_sales.cs_sold_date_sk)
                                       Filter: (d_year = 2001)
                                       Rows Removed by Filter: 1
                                       Buffers: shared hit=6411
                     ->  Index Scan using customer_demographics_pkey on customer_demographics  (cost=0.43..7.36 rows=1 width=8) (actual time=0.012..0.012 rows=0 loops=248498)
                           Index Cond: (cd_demo_sk = catalog_sales.cs_bill_cdemo_sk)
                           Filter: ((cd_gender = 'M'::bpchar) AND (cd_education_status = 'Unknown'::bpchar))
                           Rows Removed by Filter: 1
                           Buffers: shared hit=925014 read=67842
               ->  Index Scan using customer_pkey on customer  (cost=0.43..7.35 rows=1 width=12) (actual time=0.013..0.013 rows=0 loops=35988)
                     Index Cond: (c_customer_sk = catalog_sales.cs_bill_customer_sk)
                     Filter: (c_birth_month = 11)
                     Rows Removed by Filter: 1
                     Buffers: shared hit=137861 read=6011
         ->  Index Scan using customer_address_pkey on customer_address  (cost=0.42..7.36 rows=1 width=35) (actual time=0.018..0.018 rows=0 loops=2890)
               Index Cond: (ca_address_sk = customer.c_current_addr_sk)
               Filter: (ca_state = ANY ('{AR,MN,VA}'::bpchar[]))
               Rows Removed by Filter: 1
               Buffers: shared hit=6572 read=4988
 Planning:
   Buffers: shared hit=404 read=50
 Planning Time: 5.067 ms
 Execution Time: 50899.346 ms
(53 rows)

