                                                                                  QUERY PLAN                                                                                  
------------------------------------------------------------------------------------------------------------------------------------------------------------------------------
 Aggregate  (cost=5903965.50..5903965.51 rows=1 width=268) (actual time=45457.816..45457.822 rows=1 loops=1)
   Buffers: shared hit=165962 read=3687712
   ->  Nested Loop  (cost=19612.06..5903965.47 rows=1 width=81) (actual time=13111.328..45457.791 rows=3 loops=1)
         Buffers: shared hit=165962 read=3687712
         ->  Nested Loop  (cost=19611.63..5903928.69 rows=5 width=54) (actual time=12305.931..45456.959 rows=39 loops=1)
               Buffers: shared hit=165876 read=3687642
               ->  Nested Loop  (cost=19611.20..5903524.12 rows=55 width=50) (actual time=12298.006..45447.359 rows=551 loops=1)
                     Buffers: shared hit=163808 read=3687510
                     ->  Hash Join  (cost=19610.78..5897785.98 rows=780 width=50) (actual time=12270.566..45079.005 rows=30312 loops=1)
                           Hash Cond: (catalog_sales.cs_sold_date_sk = date_dim.d_date_sk)
                           Buffers: shared hit=46880 read=3683330
                           ->  Hash Join  (cost=17219.14..5894981.19 rows=157381 width=54) (actual time=135.396..45029.064 rows=217677 loops=1)
                                 Hash Cond: (catalog_sales.cs_item_sk = item.i_item_sk)
                                 Buffers: shared hit=46838 read=3681898
                                 ->  Seq Scan on catalog_sales  (cost=0.00..5874397.76 rows=1281611 width=41) (actual time=0.065..44555.269 rows=1213654 loops=1)
                                       Filter: ((cs_wholesale_cost >= '17'::numeric) AND (cs_wholesale_cost <= '22'::numeric))
                                       Rows Removed by Filter: 142778645
                                       Buffers: shared hit=46838 read=3667542
                                 ->  Hash  (cost=16906.00..16906.00 rows=25051 width=21) (actual time=134.109..134.110 rows=24688 loops=1)
                                       Buckets: 32768  Batches: 1  Memory Usage: 1607kB
                                       Buffers: shared read=14356
                                       ->  Seq Scan on item  (cost=0.00..16906.00 rows=25051 width=21) (actual time=0.016..128.426 rows=24688 loops=1)
                                             Filter: (i_category = 'Books'::bpchar)
                                             Rows Removed by Filter: 179312
                                             Buffers: shared read=14356
                           ->  Hash  (cost=2387.11..2387.11 rows=362 width=4) (actual time=23.237..23.238 rows=366 loops=1)
                                 Buckets: 1024  Batches: 1  Memory Usage: 21kB
                                 Buffers: shared hit=42 read=1432
                                 ->  Seq Scan on date_dim  (cost=0.00..2387.11 rows=362 width=4) (actual time=13.633..23.148 rows=366 loops=1)
                                       Filter: (d_year = 2000)
                                       Rows Removed by Filter: 72683
                                       Buffers: shared hit=42 read=1432
                     ->  Index Scan using customer_demographics_pkey on customer_demographics  (cost=0.43..7.36 rows=1 width=8) (actual time=0.012..0.012 rows=0 loops=30312)
                           Index Cond: (cd_demo_sk = catalog_sales.cs_bill_cdemo_sk)
                           Filter: ((cd_gender = 'F'::bpchar) AND (cd_education_status = 'Secondary'::bpchar))
                           Rows Removed by Filter: 1
                           Buffers: shared hit=116928 read=4180
               ->  Index Scan using customer_pkey on customer  (cost=0.43..7.36 rows=1 width=12) (actual time=0.016..0.016 rows=0 loops=551)
                     Index Cond: (c_customer_sk = catalog_sales.cs_bill_customer_sk)
                     Filter: (c_birth_month = 11)
                     Rows Removed by Filter: 1
                     Buffers: shared hit=2068 read=132
         ->  Index Scan using customer_address_pkey on customer_address  (cost=0.42..7.36 rows=1 width=35) (actual time=0.020..0.020 rows=0 loops=39)
               Index Cond: (ca_address_sk = customer.c_current_addr_sk)
               Filter: (ca_state = ANY ('{GA,OK,TN}'::bpchar[]))
               Rows Removed by Filter: 1
               Buffers: shared hit=86 read=70
 Planning:
   Buffers: shared hit=404 read=50
 Planning Time: 5.077 ms
 Execution Time: 45458.352 ms
(51 rows)

