                                                                             QUERY PLAN                                                                             
--------------------------------------------------------------------------------------------------------------------------------------------------------------------
 Aggregate  (cost=6012114.42..6012114.43 rows=1 width=268) (actual time=49809.051..49809.056 rows=1 loops=1)
   Buffers: shared hit=368641 read=3721154
   ->  Nested Loop  (cost=17073.85..6012114.39 rows=1 width=81) (actual time=15529.913..49809.031 rows=2 loops=1)
         Buffers: shared hit=368641 read=3721154
         ->  Nested Loop  (cost=17073.42..6011989.34 rows=17 width=81) (actual time=13303.273..49805.528 rows=246 loops=1)
               Buffers: shared hit=367695 read=3721120
               ->  Nested Loop  (cost=17072.99..6010171.03 rows=247 width=54) (actual time=13299.063..49745.654 rows=4079 loops=1)
                     Buffers: shared hit=358244 read=3714255
                     ->  Nested Loop  (cost=17072.57..5973113.90 rows=5039 width=50) (actual time=13298.540..48837.109 rows=84443 loops=1)
                           Buffers: shared hit=48897 read=3686250
                           ->  Hash Join  (cost=17072.26..5932408.60 rows=1016831 width=54) (actual time=121.829..48637.272 rows=533233 loops=1)
                                 Hash Cond: (catalog_sales.cs_item_sk = item.i_item_sk)
                                 Buffers: shared hit=42486 read=3686250
                                 ->  Seq Scan on catalog_sales  (cost=0.00..5874397.76 rows=15595328 width=41) (actual time=0.065..46064.369 rows=15696054 loops=1)
                                       Filter: ((cs_wholesale_cost >= '24'::numeric) AND (cs_wholesale_cost <= '29'::numeric))
                                       Rows Removed by Filter: 128296245
                                       Buffers: shared hit=28130 read=3686250
                                 ->  Hash  (cost=16906.00..16906.00 rows=13301 width=21) (actual time=121.549..121.550 rows=13933 loops=1)
                                       Buckets: 16384  Batches: 1  Memory Usage: 890kB
                                       Buffers: shared hit=14356
                                       ->  Seq Scan on item  (cost=0.00..16906.00 rows=13301 width=21) (actual time=0.023..118.586 rows=13933 loops=1)
                                             Filter: (i_category = 'Men'::bpchar)
                                             Rows Removed by Filter: 190067
                                             Buffers: shared hit=14356
                           ->  Memoize  (cost=0.30..7.22 rows=1 width=4) (actual time=0.000..0.000 rows=0 loops=533233)
                                 Cache Key: catalog_sales.cs_sold_date_sk
                                 Cache Mode: logical
                                 Hits: 531095  Misses: 2138  Evictions: 0  Overflows: 0  Memory Usage: 155kB
                                 Buffers: shared hit=6411
                                 ->  Index Scan using date_dim_pkey on date_dim  (cost=0.29..7.21 rows=1 width=4) (actual time=0.016..0.016 rows=0 loops=2138)
                                       Index Cond: (d_date_sk = catalog_sales.cs_sold_date_sk)
                                       Filter: (d_year = 2000)
                                       Rows Removed by Filter: 1
                                       Buffers: shared hit=6411
                     ->  Index Scan using customer_pkey on customer  (cost=0.43..7.35 rows=1 width=12) (actual time=0.011..0.011 rows=0 loops=84443)
                           Index Cond: (c_customer_sk = catalog_sales.cs_bill_customer_sk)
                           Filter: (c_birth_month = 7)
                           Rows Removed by Filter: 1
                           Buffers: shared hit=309347 read=28005
               ->  Index Scan using customer_address_pkey on customer_address  (cost=0.42..7.36 rows=1 width=35) (actual time=0.014..0.014 rows=0 loops=4079)
                     Index Cond: (ca_address_sk = customer.c_current_addr_sk)
                     Filter: (ca_state = ANY ('{KS,NY,WI}'::bpchar[]))
                     Rows Removed by Filter: 1
                     Buffers: shared hit=9451 read=6865
         ->  Index Scan using customer_demographics_pkey on customer_demographics  (cost=0.43..7.36 rows=1 width=8) (actual time=0.013..0.013 rows=0 loops=246)
               Index Cond: (cd_demo_sk = catalog_sales.cs_bill_cdemo_sk)
               Filter: ((cd_gender = 'M'::bpchar) AND (cd_education_status = 'Secondary'::bpchar))
               Rows Removed by Filter: 1
               Buffers: shared hit=946 read=34
 Planning:
   Buffers: shared hit=454
 Planning Time: 4.496 ms
 Execution Time: 49809.704 ms
(53 rows)

