                                                                              QUERY PLAN                                                                              
----------------------------------------------------------------------------------------------------------------------------------------------------------------------
 Aggregate  (cost=5946451.65..5946451.66 rows=1 width=268) (actual time=44334.394..44334.398 rows=1 loops=1)
   Buffers: shared hit=138558 read=3659469
   ->  Nested Loop  (cost=16954.16..5946451.62 rows=1 width=81) (actual time=44334.389..44334.393 rows=0 loops=1)
         Buffers: shared hit=138558 read=3659469
         ->  Nested Loop  (cost=16953.73..5946444.23 rows=1 width=54) (actual time=20006.608..44334.082 rows=15 loops=1)
               Buffers: shared hit=138523 read=3659444
               ->  Nested Loop  (cost=16953.31..5946348.61 rows=13 width=54) (actual time=19083.488..44330.874 rows=218 loops=1)
                     Buffers: shared hit=137692 read=3659403
                     ->  Nested Loop  (cost=16952.88..5939295.99 rows=959 width=50) (actual time=19045.350..44136.616 rows=15507 loops=1)
                           Buffers: shared hit=82045 read=3653102
                           ->  Hash Join  (cost=16952.58..5919171.94 rows=193578 width=54) (actual time=104.824..44062.709 rows=93335 loops=1)
                                 Hash Cond: (catalog_sales.cs_item_sk = item.i_item_sk)
                                 Buffers: shared hit=75634 read=3653102
                                 ->  Seq Scan on catalog_sales  (cost=0.00..5874397.76 rows=10598487 width=41) (actual time=0.156..42511.508 rows=10312840 loops=1)
                                       Filter: ((cs_wholesale_cost >= '88'::numeric) AND (cs_wholesale_cost <= '93'::numeric))
                                       Rows Removed by Filter: 133679459
                                       Buffers: shared hit=61278 read=3653102
                                 ->  Hash  (cost=16906.00..16906.00 rows=3726 width=21) (actual time=103.709..103.709 rows=3713 loops=1)
                                       Buckets: 4096  Batches: 1  Memory Usage: 236kB
                                       Buffers: shared hit=14356
                                       ->  Seq Scan on item  (cost=0.00..16906.00 rows=3726 width=21) (actual time=0.030..102.910 rows=3713 loops=1)
                                             Filter: (i_category = 'Music'::bpchar)
                                             Rows Removed by Filter: 200287
                                             Buffers: shared hit=14356
                           ->  Memoize  (cost=0.30..7.22 rows=1 width=4) (actual time=0.001..0.001 rows=0 loops=93335)
                                 Cache Key: catalog_sales.cs_sold_date_sk
                                 Cache Mode: logical
                                 Hits: 91197  Misses: 2138  Evictions: 0  Overflows: 0  Memory Usage: 155kB
                                 Buffers: shared hit=6411
                                 ->  Index Scan using date_dim_pkey on date_dim  (cost=0.29..7.21 rows=1 width=4) (actual time=0.012..0.012 rows=0 loops=2138)
                                       Index Cond: (d_date_sk = catalog_sales.cs_sold_date_sk)
                                       Filter: (d_year = 2001)
                                       Rows Removed by Filter: 1
                                       Buffers: shared hit=6411
                     ->  Index Scan using customer_pkey on customer  (cost=0.43..7.35 rows=1 width=12) (actual time=0.012..0.012 rows=0 loops=15507)
                           Index Cond: (c_customer_sk = catalog_sales.cs_bill_customer_sk)
                           Filter: (c_birth_month = 5)
                           Rows Removed by Filter: 1
                           Buffers: shared hit=55647 read=6301
               ->  Index Scan using customer_demographics_pkey on customer_demographics  (cost=0.43..7.36 rows=1 width=8) (actual time=0.014..0.014 rows=0 loops=218)
                     Index Cond: (cd_demo_sk = catalog_sales.cs_bill_cdemo_sk)
                     Filter: ((cd_gender = 'F'::bpchar) AND (cd_education_status = '2 yr Degree'::bpchar))
                     Rows Removed by Filter: 1
                     Buffers: shared hit=831 read=41
         ->  Index Scan using customer_address_pkey on customer_address  (cost=0.42..7.39 rows=1 width=35) (actual time=0.019..0.019 rows=0 loops=15)
               Index Cond: (ca_address_sk = customer.c_current_addr_sk)
               Filter: (ca_state = ANY ('{ID,MN,TX}'::bpchar[]))
               Rows Removed by Filter: 1
               Buffers: shared hit=35 read=25
 Planning:
   Buffers: shared hit=454
 Planning Time: 1.773 ms
 Execution Time: 44334.697 ms
(53 rows)

