                                                                                           QUERY PLAN                                                                                            
-------------------------------------------------------------------------------------------------------------------------------------------------------------------------------------------------
 Aggregate  (cost=6034983.49..6034983.50 rows=1 width=268) (actual time=49168.623..49168.629 rows=1 loops=1)
   Buffers: shared hit=869993 read=3728496
   ->  Nested Loop  (cost=1.16..6034983.46 rows=1 width=81) (actual time=48860.940..49168.602 rows=2 loops=1)
         Join Filter: (customer_address.ca_address_sk = customer.c_current_addr_sk)
         Rows Removed by Join Filter: 1637584
         Buffers: shared hit=869993 read=3728496
         ->  Seq Scan on customer_address  (cost=0.00..36288.00 rows=89900 width=35) (actual time=0.184..301.295 rows=90977 loops=1)
               Filter: (ca_state = ANY ('{GA,MS,WV}'::bpchar[]))
               Rows Removed by Filter: 909023
               Buffers: shared hit=86 read=22452
         ->  Materialize  (cost=1.16..5995998.47 rows=2 width=54) (actual time=0.526..0.535 rows=18 loops=90977)
               Buffers: shared hit=869907 read=3706044
               ->  Nested Loop  (cost=1.16..5995998.46 rows=2 width=54) (actual time=47816.579..48641.566 rows=18 loops=1)
                     Join Filter: (catalog_sales.cs_item_sk = item.i_item_sk)
                     Rows Removed by Join Filter: 6910750
                     Buffers: shared hit=869907 read=3706044
                     ->  Seq Scan on item  (cost=0.00..16906.00 rows=13301 width=21) (actual time=0.030..120.609 rows=13933 loops=1)
                           Filter: (i_category = 'Men'::bpchar)
                           Rows Removed by Filter: 190067
                           Buffers: shared hit=1 read=14355
                     ->  Materialize  (cost=1.16..5971710.49 rows=37 width=41) (actual time=1.402..3.448 rows=496 loops=13933)
                           Buffers: shared hit=869906 read=3691689
                           ->  Nested Loop  (cost=1.16..5971710.31 rows=37 width=41) (actual time=19534.977..47790.750 rows=496 loops=1)
                                 Buffers: shared hit=869906 read=3691689
                                 ->  Nested Loop  (cost=0.73..5968444.33 rows=444 width=37) (actual time=19518.675..47701.415 rows=6471 loops=1)
                                       Buffers: shared hit=847538 read=3688201
                                       ->  Nested Loop  (cost=0.30..5921722.63 rows=6351 width=37) (actual time=19518.122..45532.555 rows=204002 loops=1)
                                             Buffers: shared hit=59558 read=3661233
                                             ->  Seq Scan on catalog_sales  (cost=0.00..5874397.76 rows=1281611 width=41) (actual time=0.238..45083.117 rows=1213654 loops=1)
                                                   Filter: ((cs_wholesale_cost >= '19'::numeric) AND (cs_wholesale_cost <= '24'::numeric))
                                                   Rows Removed by Filter: 142778645
                                                   Buffers: shared hit=53147 read=3661233
                                             ->  Memoize  (cost=0.30..7.22 rows=1 width=4) (actual time=0.000..0.000 rows=0 loops=1213654)
                                                   Cache Key: catalog_sales.cs_sold_date_sk
                                                   Cache Mode: logical
                                                   Hits: 1211516  Misses: 2138  Evictions: 0  Overflows: 0  Memory Usage: 155kB
                                                   Buffers: shared hit=6411
                                                   ->  Index Scan using date_dim_pkey on date_dim  (cost=0.29..7.21 rows=1 width=4) (actual time=0.012..0.012 rows=0 loops=2138)
                                                         Index Cond: (d_date_sk = catalog_sales.cs_sold_date_sk)
                                                         Filter: (d_year = 2001)
                                                         Rows Removed by Filter: 1
                                                         Buffers: shared hit=6411
                                       ->  Index Scan using customer_demographics_pkey on customer_demographics  (cost=0.43..7.36 rows=1 width=8) (actual time=0.010..0.010 rows=0 loops=204002)
                                             Index Cond: (cd_demo_sk = catalog_sales.cs_bill_cdemo_sk)
                                             Filter: ((cd_gender = 'F'::bpchar) AND (cd_education_status = 'Advanced Degree'::bpchar))
                                             Rows Removed by Filter: 1
                                             Buffers: shared hit=787980 read=26968
                                 ->  Index Scan using customer_pkey on customer  (cost=0.43..7.36 rows=1 width=12) (actual time=0.013..0.013 rows=0 loops=6471)
                                       Index Cond: (c_customer_sk = catalog_sales.cs_bill_customer_sk)
                                       Filter: (c_birth_month = 11)
                                       Rows Removed by Filter: 1
                                       Buffers: shared hit=22368 read=3488
 Planning:
   Buffers: shared hit=454
 Planning Time: 5.016 ms
 Execution Time: 49169.087 ms
(56 rows)

