                                                                                  QUERY PLAN                                                                                  
------------------------------------------------------------------------------------------------------------------------------------------------------------------------------
 Aggregate  (cost=5935279.74..5935279.75 rows=1 width=268) (actual time=43849.303..43849.308 rows=1 loops=1)
   Buffers: shared hit=107029 read=3680718
   ->  Nested Loop  (cost=16954.16..5935279.71 rows=1 width=81) (actual time=18943.739..43849.245 rows=8 loops=1)
         Buffers: shared hit=107029 read=3680718
         ->  Nested Loop  (cost=16953.73..5935235.58 rows=6 width=54) (actual time=18642.418..43845.271 rows=197 loops=1)
               Buffers: shared hit=106583 read=3680376
               ->  Nested Loop  (cost=16953.31..5934860.51 rows=51 width=50) (actual time=18627.889..43822.881 rows=1536 loops=1)
                     Buffers: shared hit=100772 read=3680051
                     ->  Nested Loop  (cost=16952.88..5929843.81 rows=682 width=50) (actual time=18625.617..43680.326 rows=11430 loops=1)
                           Buffers: shared hit=56799 read=3678348
                           ->  Hash Join  (cost=16952.58..5911120.31 rows=137556 width=54) (actual time=139.751..43614.635 rows=68199 loops=1)
                                 Hash Cond: (catalog_sales.cs_item_sk = item.i_item_sk)
                                 Buffers: shared hit=50388 read=3678348
                                 ->  Seq Scan on catalog_sales  (cost=0.00..5874397.76 rows=7531262 width=41) (actual time=0.049..42329.559 rows=7518631 loops=1)
                                       Filter: ((cs_wholesale_cost >= '82'::numeric) AND (cs_wholesale_cost <= '87'::numeric))
                                       Rows Removed by Filter: 136473668
                                       Buffers: shared hit=50388 read=3663992
                                 ->  Hash  (cost=16906.00..16906.00 rows=3726 width=21) (actual time=139.540..139.541 rows=3713 loops=1)
                                       Buckets: 4096  Batches: 1  Memory Usage: 236kB
                                       Buffers: shared read=14356
                                       ->  Seq Scan on item  (cost=0.00..16906.00 rows=3726 width=21) (actual time=0.059..138.346 rows=3713 loops=1)
                                             Filter: (i_category = 'Music'::bpchar)
                                             Rows Removed by Filter: 200287
                                             Buffers: shared read=14356
                           ->  Memoize  (cost=0.30..7.22 rows=1 width=4) (actual time=0.001..0.001 rows=0 loops=68199)
                                 Cache Key: catalog_sales.cs_sold_date_sk
                                 Cache Mode: logical
                                 Hits: 66061  Misses: 2138  Evictions: 0  Overflows: 0  Memory Usage: 155kB
                                 Buffers: shared hit=6411
                                 ->  Index Scan using date_dim_pkey on date_dim  (cost=0.29..7.21 rows=1 width=4) (actual time=0.012..0.012 rows=0 loops=2138)
                                       Index Cond: (d_date_sk = catalog_sales.cs_sold_date_sk)
                                       Filter: (d_year = 2001)
                                       Rows Removed by Filter: 1
                                       Buffers: shared hit=6411
                     ->  Index Scan using customer_demographics_pkey on customer_demographics  (cost=0.43..7.36 rows=1 width=8) (actual time=0.012..0.012 rows=0 loops=11430)
                           Index Cond: (cd_demo_sk = catalog_sales.cs_bill_cdemo_sk)
                           Filter: ((cd_gender = 'M'::bpchar) AND (cd_education_status = '4 yr Degree'::bpchar))
                           Rows Removed by Filter: 1
                           Buffers: shared hit=43973 read=1703
               ->  Index Scan using customer_pkey on customer  (cost=0.43..7.35 rows=1 width=12) (actual time=0.014..0.014 rows=0 loops=1536)
                     Index Cond: (c_customer_sk = catalog_sales.cs_bill_customer_sk)
                     Filter: (c_birth_month = 8)
                     Rows Removed by Filter: 1
                     Buffers: shared hit=5811 read=325
         ->  Index Scan using customer_address_pkey on customer_address  (cost=0.42..7.36 rows=1 width=35) (actual time=0.019..0.019 rows=0 loops=197)
               Index Cond: (ca_address_sk = customer.c_current_addr_sk)
               Filter: (ca_state = ANY ('{CO,NE,WI}'::bpchar[]))
               Rows Removed by Filter: 1
               Buffers: shared hit=446 read=342
 Planning:
   Buffers: shared hit=405 read=49
 Planning Time: 5.163 ms
 Execution Time: 43849.795 ms
(53 rows)

