                                                                              QUERY PLAN                                                                               
-----------------------------------------------------------------------------------------------------------------------------------------------------------------------
 Aggregate  (cost=5949306.39..5949306.40 rows=1 width=268) (actual time=44055.365..44055.370 rows=1 loops=1)
   Buffers: shared hit=392165 read=3697766
   ->  Nested Loop  (cost=17119.15..5949306.37 rows=1 width=81) (actual time=1424.119..44055.358 rows=1 loops=1)
         Buffers: shared hit=392165 read=3697766
         ->  Nested Loop  (cost=17118.72..5949225.42 rows=11 width=54) (actual time=148.014..44053.120 rows=114 loops=1)
               Buffers: shared hit=391918 read=3697557
               ->  Nested Loop  (cost=17118.29..5948099.97 rows=153 width=54) (actual time=131.023..43988.266 rows=5569 loops=1)
                     Buffers: shared hit=370852 read=3696355
                     ->  Nested Loop  (cost=17117.87..5931927.72 rows=2199 width=50) (actual time=128.537..43081.375 rows=83122 loops=1)
                           Buffers: shared hit=57048 read=3678099
                           ->  Hash Join  (cost=17117.56..5905552.13 rows=443638 width=54) (actual time=128.488..42783.416 rows=940903 loops=1)
                                 Hash Cond: (catalog_sales.cs_item_sk = item.i_item_sk)
                                 Buffers: shared hit=50637 read=3678099
                                 ->  Seq Scan on catalog_sales  (cost=0.00..5874397.76 rows=5347244 width=41) (actual time=0.040..41463.970 rows=5484290 loops=1)
                                       Filter: ((cs_wholesale_cost >= '95'::numeric) AND (cs_wholesale_cost <= '100'::numeric))
                                       Rows Removed by Filter: 138508009
                                       Buffers: shared hit=36281 read=3678099
                                 ->  Hash  (cost=16906.00..16906.00 rows=16925 width=21) (actual time=128.188..128.189 rows=17141 loops=1)
                                       Buckets: 32768  Batches: 1  Memory Usage: 1194kB
                                       Buffers: shared hit=14356
                                       ->  Seq Scan on item  (cost=0.00..16906.00 rows=16925 width=21) (actual time=0.016..123.668 rows=17141 loops=1)
                                             Filter: (i_category = 'Home'::bpchar)
                                             Rows Removed by Filter: 186859
                                             Buffers: shared hit=14356
                           ->  Memoize  (cost=0.30..7.22 rows=1 width=4) (actual time=0.000..0.000 rows=0 loops=940903)
                                 Cache Key: catalog_sales.cs_sold_date_sk
                                 Cache Mode: logical
                                 Hits: 938765  Misses: 2138  Evictions: 0  Overflows: 0  Memory Usage: 155kB
                                 Buffers: shared hit=6411
                                 ->  Index Scan using date_dim_pkey on date_dim  (cost=0.29..7.21 rows=1 width=4) (actual time=0.012..0.012 rows=0 loops=2138)
                                       Index Cond: (d_date_sk = catalog_sales.cs_sold_date_sk)
                                       Filter: (d_year = 1998)
                                       Rows Removed by Filter: 1
                                       Buffers: shared hit=6411
                     ->  Index Scan using customer_pkey on customer  (cost=0.43..7.35 rows=1 width=12) (actual time=0.011..0.011 rows=0 loops=83122)
                           Index Cond: (c_customer_sk = catalog_sales.cs_bill_customer_sk)
                           Filter: (c_birth_month = 12)
                           Rows Removed by Filter: 1
                           Buffers: shared hit=313804 read=18256
               ->  Index Scan using customer_demographics_pkey on customer_demographics  (cost=0.43..7.36 rows=1 width=8) (actual time=0.011..0.011 rows=0 loops=5569)
                     Index Cond: (cd_demo_sk = catalog_sales.cs_bill_cdemo_sk)
                     Filter: ((cd_gender = 'M'::bpchar) AND (cd_education_status = 'Secondary'::bpchar))
                     Rows Removed by Filter: 1
                     Buffers: shared hit=21066 read=1202
         ->  Index Scan using customer_address_pkey on customer_address  (cost=0.42..7.36 rows=1 width=35) (actual time=0.018..0.018 rows=0 loops=114)
               Index Cond: (ca_address_sk = customer.c_current_addr_sk)
               Filter: (ca_state = ANY ('{FL,NE,VA}'::bpchar[]))
               Rows Removed by Filter: 1
               Buffers: shared hit=247 read=209
 Planning:
   Buffers: shared hit=454
 Planning Time: 4.232 ms
 Execution Time: 44055.995 ms
(53 rows)

