                                                                                  QUERY PLAN                                                                                   
-------------------------------------------------------------------------------------------------------------------------------------------------------------------------------
 Aggregate  (cost=5974365.54..5974365.55 rows=1 width=268) (actual time=47860.440..47860.446 rows=1 loops=1)
   Buffers: shared hit=744774 read=3709633
   ->  Nested Loop  (cost=17045.03..5974365.48 rows=2 width=81) (actual time=27844.123..47860.005 rows=64 loops=1)
         Buffers: shared hit=744774 read=3709633
         ->  Nested Loop  (cost=17044.61..5974152.19 rows=29 width=54) (actual time=27782.427..47836.058 rows=1250 loops=1)
               Buffers: shared hit=742101 read=3707306
               ->  Nested Loop  (cost=17044.18..5972615.18 rows=209 width=50) (actual time=27773.605..47718.412 rows=9204 loops=1)
                     Buffers: shared hit=709300 read=3703303
                     ->  Nested Loop  (cost=17043.75..5950812.53 rows=2964 width=50) (actual time=27772.794..46076.890 rows=169588 loops=1)
                           Buffers: shared hit=51512 read=3683635
                           ->  Hash Join  (cost=17043.45..5920573.25 rows=598187 width=54) (actual time=141.996..45836.522 rows=685013 loops=1)
                                 Hash Cond: (catalog_sales.cs_item_sk = item.i_item_sk)
                                 Buffers: shared hit=45101 read=3683635
                                 ->  Seq Scan on catalog_sales  (cost=0.00..5874397.76 rows=11097691 width=41) (actual time=0.059..43812.268 rows=11458169 loops=1)
                                       Filter: ((cs_wholesale_cost >= '57'::numeric) AND (cs_wholesale_cost <= '62'::numeric))
                                       Rows Removed by Filter: 132534130
                                       Buffers: shared hit=45101 read=3669279
                                 ->  Hash  (cost=16906.00..16906.00 rows=10996 width=21) (actual time=141.652..141.653 rows=11037 loops=1)
                                       Buckets: 16384  Batches: 1  Memory Usage: 732kB
                                       Buffers: shared read=14356
                                       ->  Seq Scan on item  (cost=0.00..16906.00 rows=10996 width=21) (actual time=0.088..138.405 rows=11037 loops=1)
                                             Filter: (i_category = 'Women'::bpchar)
                                             Rows Removed by Filter: 192963
                                             Buffers: shared read=14356
                           ->  Memoize  (cost=0.30..7.22 rows=1 width=4) (actual time=0.000..0.000 rows=0 loops=685013)
                                 Cache Key: catalog_sales.cs_sold_date_sk
                                 Cache Mode: logical
                                 Hits: 682875  Misses: 2138  Evictions: 0  Overflows: 0  Memory Usage: 155kB
                                 Buffers: shared hit=6411
                                 ->  Index Scan using date_dim_pkey on date_dim  (cost=0.29..7.21 rows=1 width=4) (actual time=0.012..0.012 rows=0 loops=2138)
                                       Index Cond: (d_date_sk = catalog_sales.cs_sold_date_sk)
                                       Filter: (d_year = 2002)
                                       Rows Removed by Filter: 1
                                       Buffers: shared hit=6411
                     ->  Index Scan using customer_demographics_pkey on customer_demographics  (cost=0.43..7.36 rows=1 width=8) (actual time=0.009..0.009 rows=0 loops=169588)
                           Index Cond: (cd_demo_sk = catalog_sales.cs_bill_cdemo_sk)
                           Filter: ((cd_gender = 'M'::bpchar) AND (cd_education_status = 'Advanced Degree'::bpchar))
                           Rows Removed by Filter: 1
                           Buffers: shared hit=657788 read=19668
               ->  Index Scan using customer_pkey on customer  (cost=0.43..7.35 rows=1 width=12) (actual time=0.012..0.012 rows=0 loops=9204)
                     Index Cond: (c_customer_sk = catalog_sales.cs_bill_customer_sk)
                     Filter: (c_birth_month = 10)
                     Rows Removed by Filter: 1
                     Buffers: shared hit=32801 read=4003
         ->  Index Scan using customer_address_pkey on customer_address  (cost=0.42..7.35 rows=1 width=35) (actual time=0.018..0.018 rows=0 loops=1250)
               Index Cond: (ca_address_sk = customer.c_current_addr_sk)
               Filter: (ca_state = ANY ('{IA,NE,PA}'::bpchar[]))
               Rows Removed by Filter: 1
               Buffers: shared hit=2673 read=2327
 Planning:
   Buffers: shared hit=404 read=50
 Planning Time: 5.414 ms
 Execution Time: 47861.058 ms
(53 rows)

