                                                                              QUERY PLAN                                                                               
-----------------------------------------------------------------------------------------------------------------------------------------------------------------------
 Aggregate  (cost=6012432.94..6012432.95 rows=1 width=268) (actual time=48552.167..48552.172 rows=1 loops=1)
   Buffers: shared hit=815158 read=3801025
   ->  Nested Loop  (cost=17437.73..6012432.89 rows=2 width=81) (actual time=13552.474..48552.085 rows=11 loops=1)
         Buffers: shared hit=815158 read=3801025
         ->  Nested Loop  (cost=17437.31..6012315.01 rows=16 width=54) (actual time=12200.178..48548.792 rows=140 loops=1)
               Buffers: shared hit=814860 read=3800763
               ->  Nested Loop  (cost=17436.88..6010682.00 rows=222 width=54) (actual time=12014.377..48459.146 rows=7007 loops=1)
                     Buffers: shared hit=787592 read=3800015
                     ->  Nested Loop  (cost=17436.45..5959724.26 rows=6929 width=50) (actual time=12014.294..45863.482 rows=213372 loops=1)
                           Buffers: shared hit=20988 read=3714159
                           ->  Hash Join  (cost=17436.15..5909487.02 rows=1398111 width=54) (actual time=133.329..45410.213 rows=1466761 loops=1)
                                 Hash Cond: (catalog_sales.cs_item_sk = item.i_item_sk)
                                 Buffers: shared hit=14577 read=3714159
                                 ->  Seq Scan on catalog_sales  (cost=0.00..5874397.76 rows=6724855 width=41) (actual time=0.064..43642.260 rows=6763882 loops=1)
                                       Filter: ((cs_wholesale_cost >= '71'::numeric) AND (cs_wholesale_cost <= '76'::numeric))
                                       Rows Removed by Filter: 137228417
                                       Buffers: shared hit=221 read=3714159
                                 ->  Hash  (cost=16906.00..16906.00 rows=42412 width=21) (actual time=132.596..132.597 rows=42041 loops=1)
                                       Buckets: 65536  Batches: 1  Memory Usage: 2812kB
                                       Buffers: shared hit=14356
                                       ->  Seq Scan on item  (cost=0.00..16906.00 rows=42412 width=21) (actual time=0.013..123.244 rows=42041 loops=1)
                                             Filter: (i_category = 'Electronics'::bpchar)
                                             Rows Removed by Filter: 161959
                                             Buffers: shared hit=14356
                           ->  Memoize  (cost=0.30..7.22 rows=1 width=4) (actual time=0.000..0.000 rows=0 loops=1466761)
                                 Cache Key: catalog_sales.cs_sold_date_sk
                                 Cache Mode: logical
                                 Hits: 1464623  Misses: 2138  Evictions: 0  Overflows: 0  Memory Usage: 155kB
                                 Buffers: shared hit=6411
                                 ->  Index Scan using date_dim_pkey on date_dim  (cost=0.29..7.21 rows=1 width=4) (actual time=0.013..0.013 rows=0 loops=2138)
                                       Index Cond: (d_date_sk = catalog_sales.cs_sold_date_sk)
                                       Filter: (d_year = 2000)
                                       Rows Removed by Filter: 1
                                       Buffers: shared hit=6411
                     ->  Index Scan using customer_pkey on customer  (cost=0.43..7.35 rows=1 width=12) (actual time=0.012..0.012 rows=0 loops=213372)
                           Index Cond: (c_customer_sk = catalog_sales.cs_bill_customer_sk)
                           Filter: (c_birth_month = 6)
                           Rows Removed by Filter: 1
                           Buffers: shared hit=766604 read=85856
               ->  Index Scan using customer_demographics_pkey on customer_demographics  (cost=0.43..7.36 rows=1 width=8) (actual time=0.012..0.012 rows=0 loops=7007)
                     Index Cond: (cd_demo_sk = catalog_sales.cs_bill_cdemo_sk)
                     Filter: ((cd_gender = 'F'::bpchar) AND (cd_education_status = 'Primary'::bpchar))
                     Rows Removed by Filter: 1
                     Buffers: shared hit=27268 read=748
         ->  Index Scan using customer_address_pkey on customer_address  (cost=0.42..7.37 rows=1 width=35) (actual time=0.022..0.022 rows=0 loops=140)
               Index Cond: (ca_address_sk = customer.c_current_addr_sk)
               Filter: (ca_state = ANY ('{CA,PA,TX}'::bpchar[]))
               Rows Removed by Filter: 1
               Buffers: shared hit=298 read=262
 Planning:
   Buffers: shared hit=454
 Planning Time: 4.687 ms
 Execution Time: 48552.878 ms
(53 rows)

