                                                                              QUERY PLAN                                                                               
-----------------------------------------------------------------------------------------------------------------------------------------------------------------------
 Aggregate  (cost=5957189.68..5957189.69 rows=1 width=268) (actual time=48463.404..48463.409 rows=1 loops=1)
   Buffers: shared hit=1020433 read=3743742
   ->  Nested Loop  (cost=17119.15..5957189.65 rows=1 width=81) (actual time=27457.252..48462.905 rows=76 loops=1)
         Buffers: shared hit=1020433 read=3743742
         ->  Nested Loop  (cost=17118.72..5957138.10 rows=7 width=54) (actual time=27271.598..48445.065 rows=1041 loops=1)
               Buffers: shared hit=1017924 read=3742087
               ->  Nested Loop  (cost=17118.29..5956365.73 rows=105 width=54) (actual time=27269.997..48321.114 rows=9912 loops=1)
                     Buffers: shared hit=981748 read=3738651
                     ->  Nested Loop  (cost=17117.87..5936957.76 rows=2639 width=50) (actual time=27268.296..45589.242 rows=246622 loops=1)
                           Buffers: shared hit=79185 read=3655962
                           ->  Hash Join  (cost=17117.56..5908362.01 rows=532445 width=54) (actual time=135.245..45249.260 rows=1044601 loops=1)
                                 Hash Cond: (catalog_sales.cs_item_sk = item.i_item_sk)
                                 Buffers: shared hit=72774 read=3655962
                                 ->  Seq Scan on catalog_sales  (cost=0.00..5874397.76 rows=6417653 width=41) (actual time=0.128..43797.990 rows=6094526 loops=1)
                                       Filter: ((cs_wholesale_cost >= '61'::numeric) AND (cs_wholesale_cost <= '66'::numeric))
                                       Rows Removed by Filter: 137897773
                                       Buffers: shared hit=58418 read=3655962
                                 ->  Hash  (cost=16906.00..16906.00 rows=16925 width=21) (actual time=134.824..134.825 rows=17141 loops=1)
                                       Buckets: 32768  Batches: 1  Memory Usage: 1194kB
                                       Buffers: shared hit=14356
                                       ->  Seq Scan on item  (cost=0.00..16906.00 rows=16925 width=21) (actual time=0.023..130.372 rows=17141 loops=1)
                                             Filter: (i_category = 'Home'::bpchar)
                                             Rows Removed by Filter: 186859
                                             Buffers: shared hit=14356
                           ->  Memoize  (cost=0.30..7.22 rows=1 width=4) (actual time=0.000..0.000 rows=0 loops=1044601)
                                 Cache Key: catalog_sales.cs_sold_date_sk
                                 Cache Mode: logical
                                 Hits: 1042463  Misses: 2138  Evictions: 0  Overflows: 0  Memory Usage: 155kB
                                 Buffers: shared hit=6411
                                 ->  Index Scan using date_dim_pkey on date_dim  (cost=0.29..7.21 rows=1 width=4) (actual time=0.012..0.012 rows=0 loops=2138)
                                       Index Cond: (d_date_sk = catalog_sales.cs_sold_date_sk)
                                       Filter: (d_year = 2002)
                                       Rows Removed by Filter: 1
                                       Buffers: shared hit=6411
                     ->  Index Scan using customer_pkey on customer  (cost=0.43..7.35 rows=1 width=12) (actual time=0.011..0.011 rows=0 loops=246622)
                           Index Cond: (c_customer_sk = catalog_sales.cs_bill_customer_sk)
                           Filter: (c_birth_month = 9)
                           Rows Removed by Filter: 1
                           Buffers: shared hit=902563 read=82689
               ->  Index Scan using customer_demographics_pkey on customer_demographics  (cost=0.43..7.36 rows=1 width=8) (actual time=0.012..0.012 rows=0 loops=9912)
                     Index Cond: (cd_demo_sk = catalog_sales.cs_bill_cdemo_sk)
                     Filter: ((cd_gender = 'M'::bpchar) AND (cd_education_status = 'College'::bpchar))
                     Rows Removed by Filter: 1
                     Buffers: shared hit=36176 read=3436
         ->  Index Scan using customer_address_pkey on customer_address  (cost=0.42..7.36 rows=1 width=35) (actual time=0.016..0.016 rows=0 loops=1041)
               Index Cond: (ca_address_sk = customer.c_current_addr_sk)
               Filter: (ca_state = ANY ('{NC,PA,WI}'::bpchar[]))
               Rows Removed by Filter: 1
               Buffers: shared hit=2509 read=1655
 Planning:
   Buffers: shared hit=452 read=2
 Planning Time: 4.612 ms
 Execution Time: 48463.989 ms
(53 rows)

