                                                                              QUERY PLAN                                                                               
-----------------------------------------------------------------------------------------------------------------------------------------------------------------------
 Aggregate  (cost=5948105.00..5948105.01 rows=1 width=268) (actual time=45906.256..45906.261 rows=1 loops=1)
   Buffers: shared hit=430997 read=3698422
   ->  Nested Loop  (cost=17180.68..5948104.98 rows=1 width=81) (actual time=12207.063..45906.039 rows=30 loops=1)
         Buffers: shared hit=430997 read=3698422
         ->  Nested Loop  (cost=17180.26..5948068.14 rows=5 width=54) (actual time=12151.251..45895.141 rows=618 loops=1)
               Buffers: shared hit=429588 read=3697359
               ->  Nested Loop  (cost=17179.83..5947516.44 rows=75 width=54) (actual time=12133.869..45848.920 rows=3134 loops=1)
                     Buffers: shared hit=420063 read=3694352
                     ->  Nested Loop  (cost=17179.40..5930277.59 rows=2344 width=50) (actual time=12133.241..44903.642 rows=94942 loops=1)
                           Buffers: shared hit=61785 read=3673362
                           ->  Hash Join  (cost=17179.10..5903169.20 rows=472949 width=54) (actual time=119.854..44758.275 rows=381890 loops=1)
                                 Hash Cond: (catalog_sales.cs_item_sk = item.i_item_sk)
                                 Buffers: shared hit=55374 read=3673362
                                 ->  Seq Scan on catalog_sales  (cost=0.00..5874397.76 rows=4416036 width=41) (actual time=0.045..43686.642 rows=4444683 loops=1)
                                       Filter: ((cs_wholesale_cost >= '53'::numeric) AND (cs_wholesale_cost <= '58'::numeric))
                                       Rows Removed by Filter: 139547616
                                       Buffers: shared hit=41018 read=3673362
                                 ->  Hash  (cost=16906.00..16906.00 rows=21848 width=21) (actual time=119.536..119.537 rows=21811 loops=1)
                                       Buckets: 32768  Batches: 1  Memory Usage: 1449kB
                                       Buffers: shared hit=14356
                                       ->  Seq Scan on item  (cost=0.00..16906.00 rows=21848 width=21) (actual time=0.044..115.384 rows=21811 loops=1)
                                             Filter: (i_category = 'Sports'::bpchar)
                                             Rows Removed by Filter: 182189
                                             Buffers: shared hit=14356
                           ->  Memoize  (cost=0.30..7.22 rows=1 width=4) (actual time=0.000..0.000 rows=0 loops=381890)
                                 Cache Key: catalog_sales.cs_sold_date_sk
                                 Cache Mode: logical
                                 Hits: 379752  Misses: 2138  Evictions: 0  Overflows: 0  Memory Usage: 155kB
                                 Buffers: shared hit=6411
                                 ->  Index Scan using date_dim_pkey on date_dim  (cost=0.29..7.21 rows=1 width=4) (actual time=0.012..0.012 rows=0 loops=2138)
                                       Index Cond: (d_date_sk = catalog_sales.cs_sold_date_sk)
                                       Filter: (d_year = 2000)
                                       Rows Removed by Filter: 1
                                       Buffers: shared hit=6411
                     ->  Index Scan using customer_pkey on customer  (cost=0.43..7.35 rows=1 width=12) (actual time=0.010..0.010 rows=0 loops=94942)
                           Index Cond: (c_customer_sk = catalog_sales.cs_bill_customer_sk)
                           Filter: (c_birth_month = 6)
                           Rows Removed by Filter: 1
                           Buffers: shared hit=358278 read=20990
               ->  Index Scan using customer_demographics_pkey on customer_demographics  (cost=0.43..7.36 rows=1 width=8) (actual time=0.014..0.014 rows=0 loops=3134)
                     Index Cond: (cd_demo_sk = catalog_sales.cs_bill_cdemo_sk)
                     Filter: ((cd_gender = 'M'::bpchar) AND (cd_education_status = '2 yr Degree'::bpchar))
                     Rows Removed by Filter: 1
                     Buffers: shared hit=9525 read=3007
         ->  Index Scan using customer_address_pkey on customer_address  (cost=0.42..7.37 rows=1 width=35) (actual time=0.017..0.017 rows=0 loops=618)
               Index Cond: (ca_address_sk = customer.c_current_addr_sk)
               Filter: (ca_state = ANY ('{AL,OR,TX}'::bpchar[]))
               Rows Removed by Filter: 1
               Buffers: shared hit=1409 read=1063
 Planning:
   Buffers: shared hit=454
 Planning Time: 2.914 ms
 Execution Time: 45906.717 ms
(53 rows)

