                                                                                  QUERY PLAN                                                                                  
------------------------------------------------------------------------------------------------------------------------------------------------------------------------------
 Aggregate  (cost=5982406.00..5982406.01 rows=1 width=268) (actual time=47383.963..47383.967 rows=1 loops=1)
   Buffers: shared hit=350591 read=3717968
   ->  Nested Loop  (cost=17073.85..5982405.94 rows=2 width=81) (actual time=28416.812..47383.826 rows=20 loops=1)
         Buffers: shared hit=350591 read=3717968
         ->  Nested Loop  (cost=17073.42..5982192.63 rows=29 width=54) (actual time=27584.894..47376.344 rows=408 loops=1)
               Buffers: shared hit=349698 read=3717229
               ->  Nested Loop  (cost=17072.99..5980354.10 rows=250 width=50) (actual time=27577.372..47334.506 rows=3570 loops=1)
                     Buffers: shared hit=336434 read=3716221
                     ->  Nested Loop  (cost=17072.57..5953976.14 rows=3586 width=50) (actual time=27575.051..46399.258 rows=79485 loops=1)
                           Buffers: shared hit=75801 read=3659346
                           ->  Hash Join  (cost=17072.26..5920602.06 rows=723580 width=54) (actual time=127.322..46246.892 rows=389342 loops=1)
                                 Hash Cond: (catalog_sales.cs_item_sk = item.i_item_sk)
                                 Buffers: shared hit=69390 read=3659346
                                 ->  Seq Scan on catalog_sales  (cost=0.00..5874397.76 rows=11097691 width=41) (actual time=0.045..44216.140 rows=11458169 loops=1)
                                       Filter: ((cs_wholesale_cost >= '57'::numeric) AND (cs_wholesale_cost <= '62'::numeric))
                                       Rows Removed by Filter: 132534130
                                       Buffers: shared hit=63474 read=3650906
                                 ->  Hash  (cost=16906.00..16906.00 rows=13301 width=21) (actual time=127.132..127.133 rows=13933 loops=1)
                                       Buckets: 16384  Batches: 1  Memory Usage: 890kB
                                       Buffers: shared hit=5916 read=8440
                                       ->  Seq Scan on item  (cost=0.00..16906.00 rows=13301 width=21) (actual time=0.019..123.620 rows=13933 loops=1)
                                             Filter: (i_category = 'Men'::bpchar)
                                             Rows Removed by Filter: 190067
                                             Buffers: shared hit=5916 read=8440
                           ->  Memoize  (cost=0.30..7.22 rows=1 width=4) (actual time=0.000..0.000 rows=0 loops=389342)
                                 Cache Key: catalog_sales.cs_sold_date_sk
                                 Cache Mode: logical
                                 Hits: 387204  Misses: 2138  Evictions: 0  Overflows: 0  Memory Usage: 155kB
                                 Buffers: shared hit=6411
                                 ->  Index Scan using date_dim_pkey on date_dim  (cost=0.29..7.21 rows=1 width=4) (actual time=0.012..0.012 rows=0 loops=2138)
                                       Index Cond: (d_date_sk = catalog_sales.cs_sold_date_sk)
                                       Filter: (d_year = 2002)
                                       Rows Removed by Filter: 1
                                       Buffers: shared hit=6411
                     ->  Index Scan using customer_demographics_pkey on customer_demographics  (cost=0.43..7.36 rows=1 width=8) (actual time=0.012..0.012 rows=0 loops=79485)
                           Index Cond: (cd_demo_sk = catalog_sales.cs_bill_cdemo_sk)
                           Filter: ((cd_gender = 'F'::bpchar) AND (cd_education_status = 'Unknown'::bpchar))
                           Rows Removed by Filter: 1
                           Buffers: shared hit=260633 read=56875
               ->  Index Scan using customer_pkey on customer  (cost=0.43..7.35 rows=1 width=12) (actual time=0.011..0.011 rows=0 loops=3570)
                     Index Cond: (c_customer_sk = catalog_sales.cs_bill_customer_sk)
                     Filter: (c_birth_month = 8)
                     Rows Removed by Filter: 1
                     Buffers: shared hit=13264 read=1008
         ->  Index Scan using customer_address_pkey on customer_address  (cost=0.42..7.36 rows=1 width=35) (actual time=0.017..0.017 rows=0 loops=408)
               Index Cond: (ca_address_sk = customer.c_current_addr_sk)
               Filter: (ca_state = ANY ('{MN,NM,WI}'::bpchar[]))
               Rows Removed by Filter: 1
               Buffers: shared hit=893 read=739
 Planning:
   Buffers: shared hit=404 read=50
 Planning Time: 3.810 ms
 Execution Time: 47384.407 ms
(53 rows)

