                                                                                  QUERY PLAN                                                                                  
------------------------------------------------------------------------------------------------------------------------------------------------------------------------------
 Aggregate  (cost=5991789.40..5991789.41 rows=1 width=268) (actual time=48770.765..48770.770 rows=1 loops=1)
   Buffers: shared hit=327857 read=3648158
   ->  Nested Loop  (cost=17019.78..5991789.29 rows=4 width=81) (actual time=20974.495..48770.684 rows=12 loops=1)
         Buffers: shared hit=327857 read=3648158
         ->  Nested Loop  (cost=17019.36..5991546.58 rows=33 width=54) (actual time=20477.623..48763.379 rows=377 loops=1)
               Buffers: shared hit=327055 read=3647452
               ->  Nested Loop  (cost=17018.93..5989803.67 rows=237 width=50) (actual time=20457.809..48729.653 rows=2619 loops=1)
                     Buffers: shared hit=318434 read=3645609
                     ->  Nested Loop  (cost=17018.50..5964793.99 rows=3400 width=50) (actual time=20457.106..48140.535 rows=57297 loops=1)
                           Buffers: shared hit=93365 read=3641782
                           ->  Hash Join  (cost=17018.20..5932354.54 rows=686194 width=54) (actual time=119.162..48000.329 rows=341873 loops=1)
                                 Hash Cond: (catalog_sales.cs_item_sk = item.i_item_sk)
                                 Buffers: shared hit=86954 read=3641782
                                 ->  Seq Scan on catalog_sales  (cost=0.00..5874397.76 rows=15595328 width=41) (actual time=0.056..45812.714 rows=15696054 loops=1)
                                       Filter: ((cs_wholesale_cost >= '23'::numeric) AND (cs_wholesale_cost <= '28'::numeric))
                                       Rows Removed by Filter: 128296245
                                       Buffers: shared hit=72598 read=3641782
                                 ->  Hash  (cost=16906.00..16906.00 rows=8976 width=21) (actual time=118.894..118.894 rows=8826 loops=1)
                                       Buckets: 16384  Batches: 1  Memory Usage: 611kB
                                       Buffers: shared hit=14356
                                       ->  Seq Scan on item  (cost=0.00..16906.00 rows=8976 width=21) (actual time=0.023..116.759 rows=8826 loops=1)
                                             Filter: (i_category = 'Jewelry'::bpchar)
                                             Rows Removed by Filter: 195174
                                             Buffers: shared hit=14356
                           ->  Memoize  (cost=0.30..7.22 rows=1 width=4) (actual time=0.000..0.000 rows=0 loops=341873)
                                 Cache Key: catalog_sales.cs_sold_date_sk
                                 Cache Mode: logical
                                 Hits: 339735  Misses: 2138  Evictions: 0  Overflows: 0  Memory Usage: 155kB
                                 Buffers: shared hit=6411
                                 ->  Index Scan using date_dim_pkey on date_dim  (cost=0.29..7.21 rows=1 width=4) (actual time=0.012..0.012 rows=0 loops=2138)
                                       Index Cond: (d_date_sk = catalog_sales.cs_sold_date_sk)
                                       Filter: (d_year = 2001)
                                       Rows Removed by Filter: 1
                                       Buffers: shared hit=6411
                     ->  Index Scan using customer_demographics_pkey on customer_demographics  (cost=0.43..7.36 rows=1 width=8) (actual time=0.010..0.010 rows=0 loops=57297)
                           Index Cond: (cd_demo_sk = catalog_sales.cs_bill_cdemo_sk)
                           Filter: ((cd_gender = 'F'::bpchar) AND (cd_education_status = 'Unknown'::bpchar))
                           Rows Removed by Filter: 1
                           Buffers: shared hit=225069 read=3827
               ->  Index Scan using customer_pkey on customer  (cost=0.43..7.35 rows=1 width=12) (actual time=0.012..0.012 rows=0 loops=2619)
                     Index Cond: (c_customer_sk = catalog_sales.cs_bill_customer_sk)
                     Filter: (c_birth_month = 10)
                     Rows Removed by Filter: 1
                     Buffers: shared hit=8621 read=1843
         ->  Index Scan using customer_address_pkey on customer_address  (cost=0.42..7.35 rows=1 width=35) (actual time=0.018..0.018 rows=0 loops=377)
               Index Cond: (ca_address_sk = customer.c_current_addr_sk)
               Filter: (ca_state = ANY ('{MT,TX,WV}'::bpchar[]))
               Rows Removed by Filter: 1
               Buffers: shared hit=802 read=706
 Planning:
   Buffers: shared hit=454
 Planning Time: 4.431 ms
 Execution Time: 48771.399 ms
(53 rows)

