                                                                                  QUERY PLAN                                                                                  
------------------------------------------------------------------------------------------------------------------------------------------------------------------------------
 Aggregate  (cost=5933846.77..5933846.78 rows=1 width=268) (actual time=45888.031..45888.035 rows=1 loops=1)
   Buffers: shared hit=173778 read=3634845
   ->  Nested Loop  (cost=17073.85..5933846.74 rows=1 width=81) (actual time=8231.849..45888.012 rows=2 loops=1)
         Buffers: shared hit=173778 read=3634845
         ->  Nested Loop  (cost=17073.42..5933773.18 rows=10 width=54) (actual time=6298.808..45886.729 rows=59 loops=1)
               Buffers: shared hit=173652 read=3634735
               ->  Nested Loop  (cost=17072.99..5933111.28 rows=90 width=50) (actual time=6279.019..45878.449 rows=553 loops=1)
                     Buffers: shared hit=171870 read=3634305
                     ->  Nested Loop  (cost=17072.57..5923666.17 rows=1284 width=50) (actual time=6272.737..45671.589 rows=17781 loops=1)
                           Buffers: shared hit=102035 read=3633112
                           ->  Hash Join  (cost=17072.26..5901903.12 rows=259137 width=54) (actual time=138.329..45589.306 rows=135896 loops=1)
                                 Hash Cond: (catalog_sales.cs_item_sk = item.i_item_sk)
                                 Buffers: shared hit=95624 read=3633112
                                 ->  Seq Scan on catalog_sales  (cost=0.00..5874397.76 rows=3974433 width=41) (actual time=0.123..44617.571 rows=3999274 loops=1)
                                       Filter: ((cs_wholesale_cost >= '42'::numeric) AND (cs_wholesale_cost <= '47'::numeric))
                                       Rows Removed by Filter: 139993025
                                       Buffers: shared hit=81268 read=3633112
                                 ->  Hash  (cost=16906.00..16906.00 rows=13301 width=21) (actual time=137.952..137.953 rows=13933 loops=1)
                                       Buckets: 16384  Batches: 1  Memory Usage: 890kB
                                       Buffers: shared hit=14356
                                       ->  Seq Scan on item  (cost=0.00..16906.00 rows=13301 width=21) (actual time=0.024..134.706 rows=13933 loops=1)
                                             Filter: (i_category = 'Men'::bpchar)
                                             Rows Removed by Filter: 190067
                                             Buffers: shared hit=14356
                           ->  Memoize  (cost=0.30..7.22 rows=1 width=4) (actual time=0.000..0.000 rows=0 loops=135896)
                                 Cache Key: catalog_sales.cs_sold_date_sk
                                 Cache Mode: logical
                                 Hits: 133758  Misses: 2138  Evictions: 0  Overflows: 0  Memory Usage: 155kB
                                 Buffers: shared hit=6411
                                 ->  Index Scan using date_dim_pkey on date_dim  (cost=0.29..7.21 rows=1 width=4) (actual time=0.012..0.012 rows=0 loops=2138)
                                       Index Cond: (d_date_sk = catalog_sales.cs_sold_date_sk)
                                       Filter: (d_year = 1999)
                                       Rows Removed by Filter: 1
                                       Buffers: shared hit=6411
                     ->  Index Scan using customer_demographics_pkey on customer_demographics  (cost=0.43..7.36 rows=1 width=8) (actual time=0.011..0.011 rows=0 loops=17781)
                           Index Cond: (cd_demo_sk = catalog_sales.cs_bill_cdemo_sk)
                           Filter: ((cd_gender = 'F'::bpchar) AND (cd_education_status = 'Advanced Degree'::bpchar))
                           Rows Removed by Filter: 1
                           Buffers: shared hit=69835 read=1193
               ->  Index Scan using customer_pkey on customer  (cost=0.43..7.35 rows=1 width=12) (actual time=0.014..0.014 rows=0 loops=553)
                     Index Cond: (c_customer_sk = catalog_sales.cs_bill_customer_sk)
                     Filter: (c_birth_month = 8)
                     Rows Removed by Filter: 1
                     Buffers: shared hit=1782 read=430
         ->  Index Scan using customer_address_pkey on customer_address  (cost=0.42..7.36 rows=1 width=35) (actual time=0.020..0.020 rows=0 loops=59)
               Index Cond: (ca_address_sk = customer.c_current_addr_sk)
               Filter: (ca_state = ANY ('{OK,SD,TX}'::bpchar[]))
               Rows Removed by Filter: 1
               Buffers: shared hit=126 read=110
 Planning:
   Buffers: shared hit=454
 Planning Time: 5.063 ms
 Execution Time: 45888.648 ms
(53 rows)

