                                                                               QUERY PLAN                                                                               
------------------------------------------------------------------------------------------------------------------------------------------------------------------------
 Aggregate  (cost=6021107.82..6021107.83 rows=1 width=268) (actual time=53358.745..53358.751 rows=1 loops=1)
   Buffers: shared hit=1247142 read=3852736
   ->  Nested Loop  (cost=19717.88..6021107.65 rows=6 width=81) (actual time=212.375..53357.890 rows=141 loops=1)
         Buffers: shared hit=1247142 read=3852736
         ->  Nested Loop  (cost=19717.46..6020761.73 rows=47 width=54) (actual time=142.669..53303.261 rows=2663 loops=1)
               Buffers: shared hit=1241010 read=3848216
               ->  Nested Loop  (cost=19717.03..6015884.84 rows=663 width=54) (actual time=142.291..53027.664 rows=18523 loops=1)
                     Buffers: shared hit=1168825 read=3846329
                     ->  Hash Join  (cost=19716.60..5931357.04 rows=11494 width=50) (actual time=141.523..48297.931 rows=321616 loops=1)
                           Hash Cond: (catalog_sales.cs_item_sk = item.i_item_sk)
                           Buffers: shared hit=14605 read=3715605
                           ->  Hash Join  (cost=2391.64..5913848.44 rows=69957 width=37) (actual time=25.716..47822.218 rows=1896832 loops=1)
                                 Hash Cond: (catalog_sales.cs_sold_date_sk = date_dim.d_date_sk)
                                 Buffers: shared hit=249 read=3715605
                                 ->  Seq Scan on catalog_sales  (cost=0.00..5874397.76 rows=14116916 width=41) (actual time=0.042..46344.630 rows=14129630 loops=1)
                                       Filter: ((cs_wholesale_cost >= '16'::numeric) AND (cs_wholesale_cost <= '21'::numeric))
                                       Rows Removed by Filter: 129862669
                                       Buffers: shared hit=207 read=3714173
                                 ->  Hash  (cost=2387.11..2387.11 rows=362 width=4) (actual time=25.647..25.648 rows=365 loops=1)
                                       Buckets: 1024  Batches: 1  Memory Usage: 21kB
                                       Buffers: shared hit=42 read=1432
                                       ->  Seq Scan on date_dim  (cost=0.00..2387.11 rows=362 width=4) (actual time=12.096..25.585 rows=365 loops=1)
                                             Filter: (d_year = 1998)
                                             Rows Removed by Filter: 72684
                                             Buffers: shared hit=42 read=1432
                           ->  Hash  (cost=16906.00..16906.00 rows=33517 width=21) (actual time=115.524..115.525 rows=33627 loops=1)
                                 Buckets: 65536  Batches: 1  Memory Usage: 2351kB
                                 Buffers: shared hit=14356
                                 ->  Seq Scan on item  (cost=0.00..16906.00 rows=33517 width=21) (actual time=0.020..109.548 rows=33627 loops=1)
                                       Filter: (i_category = 'Shoes'::bpchar)
                                       Rows Removed by Filter: 170373
                                       Buffers: shared hit=14356
                     ->  Index Scan using customer_pkey on customer  (cost=0.43..7.35 rows=1 width=12) (actual time=0.014..0.014 rows=0 loops=321616)
                           Index Cond: (c_customer_sk = catalog_sales.cs_bill_customer_sk)
                           Filter: (c_birth_month = 3)
                           Rows Removed by Filter: 1
                           Buffers: shared hit=1154220 read=130724
               ->  Index Scan using customer_demographics_pkey on customer_demographics  (cost=0.43..7.36 rows=1 width=8) (actual time=0.015..0.015 rows=0 loops=18523)
                     Index Cond: (cd_demo_sk = catalog_sales.cs_bill_cdemo_sk)
                     Filter: ((cd_gender = 'M'::bpchar) AND (cd_education_status = 'Unknown'::bpchar))
                     Rows Removed by Filter: 1
                     Buffers: shared hit=72185 read=1887
         ->  Index Scan using customer_address_pkey on customer_address  (cost=0.42..7.36 rows=1 width=35) (actual time=0.020..0.020 rows=0 loops=2663)
               Index Cond: (ca_address_sk = customer.c_current_addr_sk)
               Filter: (ca_state = ANY ('{IL,OK,TX}'::bpchar[]))
               Rows Removed by Filter: 1
               Buffers: shared hit=6132 read=4520
 Planning:
   Buffers: shared hit=454
 Planning Time: 4.472 ms
 Execution Time: 53359.205 ms
(51 rows)

