                                                                                  QUERY PLAN                                                                                  
------------------------------------------------------------------------------------------------------------------------------------------------------------------------------
 Aggregate  (cost=5931129.17..5931129.18 rows=1 width=268) (actual time=42726.440..42726.444 rows=1 loops=1)
   Buffers: shared hit=156466 read=3680937
   ->  Nested Loop  (cost=17073.85..5931129.14 rows=1 width=81) (actual time=28194.648..42726.381 rows=7 loops=1)
         Buffers: shared hit=156466 read=3680937
         ->  Nested Loop  (cost=17073.42..5931070.29 rows=8 width=54) (actual time=25685.990..42725.268 rows=53 loops=1)
               Buffers: shared hit=156349 read=3680842
               ->  Nested Loop  (cost=17072.99..5930467.22 rows=82 width=50) (actual time=25356.055..42717.350 rows=518 loops=1)
                     Buffers: shared hit=154408 read=3680711
                     ->  Nested Loop  (cost=17072.57..5921971.00 rows=1155 width=50) (actual time=25351.140..42415.176 rows=25022 loops=1)
                           Buffers: shared hit=58874 read=3676273
                           ->  Hash Join  (cost=17072.26..5900857.30 rows=233161 width=54) (actual time=136.652..42337.938 rows=122736 loops=1)
                                 Hash Cond: (catalog_sales.cs_item_sk = item.i_item_sk)
                                 Buffers: shared hit=52463 read=3676273
                                 ->  Seq Scan on catalog_sales  (cost=0.00..5874397.76 rows=3576029 width=41) (actual time=0.104..41441.246 rows=3595775 loops=1)
                                       Filter: ((cs_wholesale_cost >= '78'::numeric) AND (cs_wholesale_cost <= '83'::numeric))
                                       Rows Removed by Filter: 140396524
                                       Buffers: shared hit=52463 read=3661917
                                 ->  Hash  (cost=16906.00..16906.00 rows=13301 width=21) (actual time=136.126..136.127 rows=13933 loops=1)
                                       Buckets: 16384  Batches: 1  Memory Usage: 890kB
                                       Buffers: shared read=14356
                                       ->  Seq Scan on item  (cost=0.00..16906.00 rows=13301 width=21) (actual time=0.029..132.430 rows=13933 loops=1)
                                             Filter: (i_category = 'Men'::bpchar)
                                             Rows Removed by Filter: 190067
                                             Buffers: shared read=14356
                           ->  Memoize  (cost=0.30..7.22 rows=1 width=4) (actual time=0.000..0.000 rows=0 loops=122736)
                                 Cache Key: catalog_sales.cs_sold_date_sk
                                 Cache Mode: logical
                                 Hits: 120598  Misses: 2138  Evictions: 0  Overflows: 0  Memory Usage: 155kB
                                 Buffers: shared hit=6411
                                 ->  Index Scan using date_dim_pkey on date_dim  (cost=0.29..7.21 rows=1 width=4) (actual time=0.012..0.012 rows=0 loops=2138)
                                       Index Cond: (d_date_sk = catalog_sales.cs_sold_date_sk)
                                       Filter: (d_year = 2002)
                                       Rows Removed by Filter: 1
                                       Buffers: shared hit=6411
                     ->  Index Scan using customer_demographics_pkey on customer_demographics  (cost=0.43..7.36 rows=1 width=8) (actual time=0.012..0.012 rows=0 loops=25022)
                           Index Cond: (cd_demo_sk = catalog_sales.cs_bill_cdemo_sk)
                           Filter: ((cd_gender = 'F'::bpchar) AND (cd_education_status = 'Primary'::bpchar))
                           Rows Removed by Filter: 1
                           Buffers: shared hit=95534 read=4438
               ->  Index Scan using customer_pkey on customer  (cost=0.43..7.35 rows=1 width=12) (actual time=0.014..0.014 rows=0 loops=518)
                     Index Cond: (c_customer_sk = catalog_sales.cs_bill_customer_sk)
                     Filter: (c_birth_month = 2)
                     Rows Removed by Filter: 1
                     Buffers: shared hit=1941 read=131
         ->  Index Scan using customer_address_pkey on customer_address  (cost=0.42..7.36 rows=1 width=35) (actual time=0.020..0.020 rows=0 loops=53)
               Index Cond: (ca_address_sk = customer.c_current_addr_sk)
               Filter: (ca_state = ANY ('{NY,TX,WY}'::bpchar[]))
               Rows Removed by Filter: 1
               Buffers: shared hit=117 read=95
 Planning:
   Buffers: shared hit=405 read=49
 Planning Time: 5.124 ms
 Execution Time: 42727.073 ms
(53 rows)

