                                                                                  QUERY PLAN                                                                                   
-------------------------------------------------------------------------------------------------------------------------------------------------------------------------------
 Aggregate  (cost=6010576.80..6010576.81 rows=1 width=268) (actual time=55264.742..55264.747 rows=1 loops=1)
   Buffers: shared hit=1787960 read=3731882
   ->  Nested Loop  (cost=19612.06..6010576.64 rows=6 width=81) (actual time=12716.275..55263.545 rows=198 loops=1)
         Buffers: shared hit=1787960 read=3731882
         ->  Nested Loop  (cost=19611.63..6010142.56 rows=59 width=54) (actual time=12681.500..55180.349 rows=4138 loops=1)
               Buffers: shared hit=1778291 read=3724999
               ->  Nested Loop  (cost=19611.20..6004957.94 rows=705 width=50) (actual time=12680.867..54344.599 rows=51035 loops=1)
                     Buffers: shared hit=1591914 read=3707320
                     ->  Hash Join  (cost=19610.78..5935151.50 rows=9490 width=50) (actual time=12680.464..48505.904 rows=392743 loops=1)
                           Hash Cond: (catalog_sales.cs_item_sk = item.i_item_sk)
                           Buffers: shared hit=64365 read=3665845
                           ->  Hash Join  (cost=2391.64..5917729.49 rows=77284 width=37) (actual time=12586.388..47948.563 rows=2496082 loops=1)
                                 Hash Cond: (catalog_sales.cs_sold_date_sk = date_dim.d_date_sk)
                                 Buffers: shared hit=50009 read=3665845
                                 ->  Seq Scan on catalog_sales  (cost=0.00..5874397.76 rows=15595328 width=41) (actual time=0.059..46257.892 rows=15696054 loops=1)
                                       Filter: ((cs_wholesale_cost >= '24'::numeric) AND (cs_wholesale_cost <= '29'::numeric))
                                       Rows Removed by Filter: 128296245
                                       Buffers: shared hit=49967 read=3664413
                                 ->  Hash  (cost=2387.11..2387.11 rows=362 width=4) (actual time=23.314..23.314 rows=366 loops=1)
                                       Buckets: 1024  Batches: 1  Memory Usage: 21kB
                                       Buffers: shared hit=42 read=1432
                                       ->  Seq Scan on date_dim  (cost=0.00..2387.11 rows=362 width=4) (actual time=13.538..23.232 rows=366 loops=1)
                                             Filter: (d_year = 2000)
                                             Rows Removed by Filter: 72683
                                             Buffers: shared hit=42 read=1432
                           ->  Hash  (cost=16906.00..16906.00 rows=25051 width=21) (actual time=93.923..93.923 rows=24688 loops=1)
                                 Buckets: 32768  Batches: 1  Memory Usage: 1607kB
                                 Buffers: shared hit=14356
                                 ->  Seq Scan on item  (cost=0.00..16906.00 rows=25051 width=21) (actual time=0.012..89.749 rows=24688 loops=1)
                                       Filter: (i_category = 'Books'::bpchar)
                                       Rows Removed by Filter: 179312
                                       Buffers: shared hit=14356
                     ->  Index Scan using customer_demographics_pkey on customer_demographics  (cost=0.43..7.36 rows=1 width=8) (actual time=0.015..0.015 rows=0 loops=392743)
                           Index Cond: (cd_demo_sk = catalog_sales.cs_bill_cdemo_sk)
                           Filter: ((cd_gender = 'M'::bpchar) AND (cd_education_status = '4 yr Degree'::bpchar))
                           Rows Removed by Filter: 1
                           Buffers: shared hit=1527549 read=41475
               ->  Index Scan using customer_pkey on customer  (cost=0.43..7.35 rows=1 width=12) (actual time=0.016..0.016 rows=0 loops=51035)
                     Index Cond: (c_customer_sk = catalog_sales.cs_bill_customer_sk)
                     Filter: (c_birth_month = 11)
                     Rows Removed by Filter: 1
                     Buffers: shared hit=186377 read=17679
         ->  Index Scan using customer_address_pkey on customer_address  (cost=0.42..7.36 rows=1 width=35) (actual time=0.020..0.020 rows=0 loops=4138)
               Index Cond: (ca_address_sk = customer.c_current_addr_sk)
               Filter: (ca_state = ANY ('{AL,GA,TN}'::bpchar[]))
               Rows Removed by Filter: 1
               Buffers: shared hit=9669 read=6883
 Planning:
   Buffers: shared hit=454
 Planning Time: 4.623 ms
 Execution Time: 55265.284 ms
(51 rows)

