                                                                                  QUERY PLAN                                                                                   
-------------------------------------------------------------------------------------------------------------------------------------------------------------------------------
 Aggregate  (cost=5974670.54..5974670.55 rows=1 width=268) (actual time=50516.901..50516.906 rows=1 loops=1)
   Buffers: shared hit=1251664 read=3670647
   ->  Nested Loop  (cost=17119.15..5974670.46 rows=3 width=81) (actual time=19998.099..50516.591 rows=49 loops=1)
         Buffers: shared hit=1251664 read=3670647
         ->  Nested Loop  (cost=17118.72..5974361.58 rows=42 width=54) (actual time=19716.255..50494.824 rows=1025 loops=1)
               Buffers: shared hit=1249308 read=3668903
               ->  Nested Loop  (cost=17118.29..5972530.39 rows=249 width=50) (actual time=19712.480..50390.958 rows=5979 loops=1)
                     Buffers: shared hit=1229144 read=3665163
                     ->  Nested Loop  (cost=17117.87..5946792.27 rows=3499 width=50) (actual time=19711.382..46401.224 rows=290151 loops=1)
                           Buffers: shared hit=85400 read=3649747
                           ->  Hash Join  (cost=17117.56..5913855.77 rows=706077 width=54) (actual time=136.106..45948.428 rows=1458185 loops=1)
                                 Hash Cond: (catalog_sales.cs_item_sk = item.i_item_sk)
                                 Buffers: shared hit=78989 read=3649747
                                 ->  Seq Scan on catalog_sales  (cost=0.00..5874397.76 rows=8510470 width=41) (actual time=0.058..44100.355 rows=8494738 loops=1)
                                       Filter: ((cs_wholesale_cost >= '65'::numeric) AND (cs_wholesale_cost <= '70'::numeric))
                                       Rows Removed by Filter: 135497561
                                       Buffers: shared hit=64633 read=3649747
                                 ->  Hash  (cost=16906.00..16906.00 rows=16925 width=21) (actual time=135.743..135.744 rows=17141 loops=1)
                                       Buckets: 32768  Batches: 1  Memory Usage: 1194kB
                                       Buffers: shared hit=14356
                                       ->  Seq Scan on item  (cost=0.00..16906.00 rows=16925 width=21) (actual time=0.016..131.469 rows=17141 loops=1)
                                             Filter: (i_category = 'Home'::bpchar)
                                             Rows Removed by Filter: 186859
                                             Buffers: shared hit=14356
                           ->  Memoize  (cost=0.30..7.22 rows=1 width=4) (actual time=0.000..0.000 rows=0 loops=1458185)
                                 Cache Key: catalog_sales.cs_sold_date_sk
                                 Cache Mode: logical
                                 Hits: 1456047  Misses: 2138  Evictions: 0  Overflows: 0  Memory Usage: 155kB
                                 Buffers: shared hit=6411
                                 ->  Index Scan using date_dim_pkey on date_dim  (cost=0.29..7.21 rows=1 width=4) (actual time=0.013..0.013 rows=0 loops=2138)
                                       Index Cond: (d_date_sk = catalog_sales.cs_sold_date_sk)
                                       Filter: (d_year = 2001)
                                       Rows Removed by Filter: 1
                                       Buffers: shared hit=6411
                     ->  Index Scan using customer_demographics_pkey on customer_demographics  (cost=0.43..7.36 rows=1 width=8) (actual time=0.014..0.014 rows=0 loops=290151)
                           Index Cond: (cd_demo_sk = catalog_sales.cs_bill_cdemo_sk)
                           Filter: ((cd_gender = 'M'::bpchar) AND (cd_education_status = 'Secondary'::bpchar))
                           Rows Removed by Filter: 1
                           Buffers: shared hit=1143744 read=15416
               ->  Index Scan using customer_pkey on customer  (cost=0.43..7.35 rows=1 width=12) (actual time=0.017..0.017 rows=0 loops=5979)
                     Index Cond: (c_customer_sk = catalog_sales.cs_bill_customer_sk)
                     Filter: (c_birth_month = 4)
                     Rows Removed by Filter: 1
                     Buffers: shared hit=20164 read=3740
         ->  Index Scan using customer_address_pkey on customer_address  (cost=0.42..7.35 rows=1 width=35) (actual time=0.020..0.020 rows=0 loops=1025)
               Index Cond: (ca_address_sk = customer.c_current_addr_sk)
               Filter: (ca_state = ANY ('{KS,KY,NM}'::bpchar[]))
               Rows Removed by Filter: 1
               Buffers: shared hit=2356 read=1744
 Planning:
   Buffers: shared hit=454
 Planning Time: 4.307 ms
 Execution Time: 50517.495 ms
(53 rows)

