                                                                            QUERY PLAN                                                                            
------------------------------------------------------------------------------------------------------------------------------------------------------------------
 Aggregate  (cost=5930819.04..5930819.05 rows=1 width=268) (actual time=44211.461..44211.466 rows=1 loops=1)
   Buffers: shared hit=141854 read=3659753
   ->  Nested Loop  (cost=17073.85..5930819.01 rows=1 width=81) (actual time=7797.708..44211.442 rows=3 loops=1)
         Buffers: shared hit=141854 read=3659753
         ->  Nested Loop  (cost=17073.42..5930804.30 rows=2 width=81) (actual time=6184.428..44210.976 rows=27 loops=1)
               Buffers: shared hit=141747 read=3659752
               ->  Nested Loop  (cost=17072.99..5930465.55 rows=46 width=54) (actual time=6136.367..44199.778 rows=622 loops=1)
                     Buffers: shared hit=140417 read=3658594
                     ->  Nested Loop  (cost=17072.57..5921971.00 rows=1155 width=50) (actual time=6128.899..43976.966 rows=15986 loops=1)
                           Buffers: shared hit=90031 read=3645116
                           ->  Hash Join  (cost=17072.26..5900857.30 rows=233161 width=54) (actual time=134.359..43895.112 rows=122736 loops=1)
                                 Hash Cond: (catalog_sales.cs_item_sk = item.i_item_sk)
                                 Buffers: shared hit=83620 read=3645116
                                 ->  Seq Scan on catalog_sales  (cost=0.00..5874397.76 rows=3576029 width=41) (actual time=0.083..42994.313 rows=3595775 loops=1)
                                       Filter: ((cs_wholesale_cost >= '78'::numeric) AND (cs_wholesale_cost <= '83'::numeric))
                                       Rows Removed by Filter: 140396524
                                       Buffers: shared hit=69264 read=3645116
                                 ->  Hash  (cost=16906.00..16906.00 rows=13301 width=21) (actual time=133.891..133.892 rows=13933 loops=1)
                                       Buckets: 16384  Batches: 1  Memory Usage: 890kB
                                       Buffers: shared hit=14356
                                       ->  Seq Scan on item  (cost=0.00..16906.00 rows=13301 width=21) (actual time=0.013..130.279 rows=13933 loops=1)
                                             Filter: (i_category = 'Men'::bpchar)
                                             Rows Removed by Filter: 190067
                                             Buffers: shared hit=14356
                           ->  Memoize  (cost=0.30..7.22 rows=1 width=4) (actual time=0.000..0.000 rows=0 loops=122736)
                                 Cache Key: catalog_sales.cs_sold_date_sk
                                 Cache Mode: logical
                                 Hits: 120598  Misses: 2138  Evictions: 0  Overflows: 0  Memory Usage: 155kB
                                 Buffers: shared hit=6411
                                 ->  Index Scan using date_dim_pkey on date_dim  (cost=0.29..7.21 rows=1 width=4) (actual time=0.013..0.013 rows=0 loops=2138)
                                       Index Cond: (d_date_sk = catalog_sales.cs_sold_date_sk)
                                       Filter: (d_year = 1999)
                                       Rows Removed by Filter: 1
                                       Buffers: shared hit=6411
                     ->  Index Scan using customer_pkey on customer  (cost=0.43..7.35 rows=1 width=12) (actual time=0.014..0.014 rows=0 loops=15986)
                           Index Cond: (c_customer_sk = catalog_sales.cs_bill_customer_sk)
                           Filter: (c_birth_month = 9)
                           Rows Removed by Filter: 1
                           Buffers: shared hit=50386 read=13478
               ->  Index Scan using customer_address_pkey on customer_address  (cost=0.42..7.36 rows=1 width=35) (actual time=0.017..0.017 rows=0 loops=622)
                     Index Cond: (ca_address_sk = customer.c_current_addr_sk)
                     Filter: (ca_state = ANY ('{AZ,MI,MS}'::bpchar[]))
                     Rows Removed by Filter: 1
                     Buffers: shared hit=1330 read=1158
         ->  Index Scan using customer_demographics_pkey on customer_demographics  (cost=0.43..7.36 rows=1 width=8) (actual time=0.016..0.016 rows=0 loops=27)
               Index Cond: (cd_demo_sk = catalog_sales.cs_bill_cdemo_sk)
               Filter: ((cd_gender = 'F'::bpchar) AND (cd_education_status = 'Advanced Degree'::bpchar))
               Rows Removed by Filter: 1
               Buffers: shared hit=107 read=1
 Planning:
   Buffers: shared hit=454
 Planning Time: 4.121 ms
 Execution Time: 44211.998 ms
(53 rows)

