                                                                            QUERY PLAN                                                                            
------------------------------------------------------------------------------------------------------------------------------------------------------------------
 Aggregate  (cost=5985991.17..5985991.18 rows=1 width=268) (actual time=48042.197..48042.202 rows=1 loops=1)
   Buffers: shared hit=787855 read=3798100
   ->  Nested Loop  (cost=17220.72..5985991.14 rows=1 width=81) (actual time=19429.930..48041.562 rows=104 loops=1)
         Buffers: shared hit=787855 read=3798100
         ->  Nested Loop  (cost=17220.29..5985844.02 rows=20 width=81) (actual time=19376.915..48028.753 rows=872 loops=1)
               Buffers: shared hit=784447 read=3798024
               ->  Nested Loop  (cost=17219.87..5983496.65 rows=319 width=54) (actual time=19347.151..47822.505 rows=13626 loops=1)
                     Buffers: shared hit=748034 read=3779933
                     ->  Nested Loop  (cost=17219.44..5949792.21 rows=4583 width=50) (actual time=19347.028..45392.689 rows=198467 loops=1)
                           Buffers: shared hit=78748 read=3656399
                           ->  Hash Join  (cost=17219.14..5911386.87 rows=924832 width=54) (actual time=127.175..44976.893 rows=1346602 loops=1)
                                 Hash Cond: (catalog_sales.cs_item_sk = item.i_item_sk)
                                 Buffers: shared hit=72337 read=3656399
                                 ->  Seq Scan on catalog_sales  (cost=0.00..5874397.76 rows=7531262 width=41) (actual time=0.039..43151.709 rows=7518631 loops=1)
                                       Filter: ((cs_wholesale_cost >= '81'::numeric) AND (cs_wholesale_cost <= '86'::numeric))
                                       Rows Removed by Filter: 136473668
                                       Buffers: shared hit=57981 read=3656399
                                 ->  Hash  (cost=16906.00..16906.00 rows=25051 width=21) (actual time=126.884..126.885 rows=24688 loops=1)
                                       Buckets: 32768  Batches: 1  Memory Usage: 1607kB
                                       Buffers: shared hit=14356
                                       ->  Seq Scan on item  (cost=0.00..16906.00 rows=25051 width=21) (actual time=0.013..121.998 rows=24688 loops=1)
                                             Filter: (i_category = 'Books'::bpchar)
                                             Rows Removed by Filter: 179312
                                             Buffers: shared hit=14356
                           ->  Memoize  (cost=0.30..7.22 rows=1 width=4) (actual time=0.000..0.000 rows=0 loops=1346602)
                                 Cache Key: catalog_sales.cs_sold_date_sk
                                 Cache Mode: logical
                                 Hits: 1344464  Misses: 2138  Evictions: 0  Overflows: 0  Memory Usage: 155kB
                                 Buffers: shared hit=6411
                                 ->  Index Scan using date_dim_pkey on date_dim  (cost=0.29..7.21 rows=1 width=4) (actual time=0.012..0.012 rows=0 loops=2138)
                                       Index Cond: (d_date_sk = catalog_sales.cs_sold_date_sk)
                                       Filter: (d_year = 2001)
                                       Rows Removed by Filter: 1
                                       Buffers: shared hit=6411
                     ->  Index Scan using customer_pkey on customer  (cost=0.43..7.35 rows=1 width=12) (actual time=0.012..0.012 rows=0 loops=198467)
                           Index Cond: (c_customer_sk = catalog_sales.cs_bill_customer_sk)
                           Filter: (c_birth_month = 12)
                           Rows Removed by Filter: 1
                           Buffers: shared hit=669286 read=123534
               ->  Index Scan using customer_address_pkey on customer_address  (cost=0.42..7.36 rows=1 width=35) (actual time=0.015..0.015 rows=0 loops=13626)
                     Index Cond: (ca_address_sk = customer.c_current_addr_sk)
                     Filter: (ca_state = ANY ('{NE,OK,UT}'::bpchar[]))
                     Rows Removed by Filter: 1
                     Buffers: shared hit=36413 read=18091
         ->  Index Scan using customer_demographics_pkey on customer_demographics  (cost=0.43..7.36 rows=1 width=8) (actual time=0.014..0.014 rows=0 loops=872)
               Index Cond: (cd_demo_sk = catalog_sales.cs_bill_cdemo_sk)
               Filter: ((cd_gender = 'M'::bpchar) AND (cd_education_status = 'College'::bpchar))
               Rows Removed by Filter: 1
               Buffers: shared hit=3408 read=76
 Planning:
   Buffers: shared hit=454
 Planning Time: 4.226 ms
 Execution Time: 48042.728 ms
(53 rows)

