                                                                                  QUERY PLAN                                                                                  
------------------------------------------------------------------------------------------------------------------------------------------------------------------------------
 Aggregate  (cost=5964747.73..5964747.74 rows=1 width=268) (actual time=45583.561..45583.566 rows=1 loops=1)
   Buffers: shared hit=235506 read=3703297
   ->  Nested Loop  (cost=17073.85..5964747.70 rows=1 width=81) (actual time=20346.343..45583.488 rows=10 loops=1)
         Buffers: shared hit=235506 read=3703297
         ->  Nested Loop  (cost=17073.42..5964607.93 rows=19 width=54) (actual time=19523.417..45579.634 rows=206 loops=1)
               Buffers: shared hit=234927 read=3703052
               ->  Nested Loop  (cost=17072.99..5963195.93 rows=192 width=50) (actual time=19391.255..45547.367 rows=2133 loops=1)
                     Buffers: shared hit=227447 read=3702004
                     ->  Nested Loop  (cost=17072.57..5942967.34 rows=2750 width=50) (actual time=19389.450..44986.921 rows=48637 loops=1)
                           Buffers: shared hit=61092 read=3674055
                           ->  Hash Join  (cost=17072.26..5913810.47 rows=554891 width=54) (actual time=130.991..44861.198 rows=289308 loops=1)
                                 Hash Cond: (catalog_sales.cs_item_sk = item.i_item_sk)
                                 Buffers: shared hit=54681 read=3674055
                                 ->  Seq Scan on catalog_sales  (cost=0.00..5874397.76 rows=8510470 width=41) (actual time=0.075..43208.725 rows=8494738 loops=1)
                                       Filter: ((cs_wholesale_cost >= '67'::numeric) AND (cs_wholesale_cost <= '72'::numeric))
                                       Rows Removed by Filter: 135497561
                                       Buffers: shared hit=54681 read=3659699
                                 ->  Hash  (cost=16906.00..16906.00 rows=13301 width=21) (actual time=129.946..129.947 rows=13933 loops=1)
                                       Buckets: 16384  Batches: 1  Memory Usage: 890kB
                                       Buffers: shared read=14356
                                       ->  Seq Scan on item  (cost=0.00..16906.00 rows=13301 width=21) (actual time=0.028..126.454 rows=13933 loops=1)
                                             Filter: (i_category = 'Men'::bpchar)
                                             Rows Removed by Filter: 190067
                                             Buffers: shared read=14356
                           ->  Memoize  (cost=0.30..7.22 rows=1 width=4) (actual time=0.000..0.000 rows=0 loops=289308)
                                 Cache Key: catalog_sales.cs_sold_date_sk
                                 Cache Mode: logical
                                 Hits: 287170  Misses: 2138  Evictions: 0  Overflows: 0  Memory Usage: 155kB
                                 Buffers: shared hit=6411
                                 ->  Index Scan using date_dim_pkey on date_dim  (cost=0.29..7.21 rows=1 width=4) (actual time=0.013..0.013 rows=0 loops=2138)
                                       Index Cond: (d_date_sk = catalog_sales.cs_sold_date_sk)
                                       Filter: (d_year = 2001)
                                       Rows Removed by Filter: 1
                                       Buffers: shared hit=6411
                     ->  Index Scan using customer_demographics_pkey on customer_demographics  (cost=0.43..7.36 rows=1 width=8) (actual time=0.011..0.011 rows=0 loops=48637)
                           Index Cond: (cd_demo_sk = catalog_sales.cs_bill_cdemo_sk)
                           Filter: ((cd_gender = 'F'::bpchar) AND (cd_education_status = 'Unknown'::bpchar))
                           Rows Removed by Filter: 1
                           Buffers: shared hit=166355 read=27949
               ->  Index Scan using customer_pkey on customer  (cost=0.43..7.35 rows=1 width=12) (actual time=0.015..0.015 rows=0 loops=2133)
                     Index Cond: (c_customer_sk = catalog_sales.cs_bill_customer_sk)
                     Filter: (c_birth_month = 2)
                     Rows Removed by Filter: 1
                     Buffers: shared hit=7480 read=1048
         ->  Index Scan using customer_address_pkey on customer_address  (cost=0.42..7.36 rows=1 width=35) (actual time=0.018..0.018 rows=0 loops=206)
               Index Cond: (ca_address_sk = customer.c_current_addr_sk)
               Filter: (ca_state = ANY ('{ND,SC,SD}'::bpchar[]))
               Rows Removed by Filter: 1
               Buffers: shared hit=579 read=245
 Planning:
   Buffers: shared hit=406 read=48
 Planning Time: 5.084 ms
 Execution Time: 45584.221 ms
(53 rows)

