                                                                              QUERY PLAN                                                                               
-----------------------------------------------------------------------------------------------------------------------------------------------------------------------
 Aggregate  (cost=5947098.09..5947098.10 rows=1 width=268) (actual time=45018.048..45018.053 rows=1 loops=1)
   Buffers: shared hit=241242 read=3686357
   ->  Nested Loop  (cost=17045.03..5947098.06 rows=1 width=81) (actual time=6802.999..45018.008 rows=5 loops=1)
         Buffers: shared hit=241242 read=3686357
         ->  Nested Loop  (cost=17044.61..5947068.59 rows=4 width=54) (actual time=6092.987..45014.910 rows=164 loops=1)
               Buffers: shared hit=240864 read=3686079
               ->  Nested Loop  (cost=17044.18..5946649.30 rows=57 width=54) (actual time=6092.961..44994.687 rows=1565 loops=1)
                     Buffers: shared hit=235648 read=3685035
                     ->  Nested Loop  (cost=17043.75..5933441.03 rows=1796 width=50) (actual time=6092.166..44481.287 rows=46430 loops=1)
                           Buffers: shared hit=68762 read=3666385
                           ->  Hash Join  (cost=17043.45..5909094.32 rows=362483 width=54) (actual time=123.189..44324.952 rows=404633 loops=1)
                                 Hash Cond: (catalog_sales.cs_item_sk = item.i_item_sk)
                                 Buffers: shared hit=62351 read=3666385
                                 ->  Seq Scan on catalog_sales  (cost=0.00..5874397.76 rows=6724855 width=41) (actual time=0.040..42958.448 rows=6763882 loops=1)
                                       Filter: ((cs_wholesale_cost >= '73'::numeric) AND (cs_wholesale_cost <= '78'::numeric))
                                       Rows Removed by Filter: 137228417
                                       Buffers: shared hit=62351 read=3652029
                                 ->  Hash  (cost=16906.00..16906.00 rows=10996 width=21) (actual time=122.746..122.747 rows=11037 loops=1)
                                       Buckets: 16384  Batches: 1  Memory Usage: 732kB
                                       Buffers: shared read=14356
                                       ->  Seq Scan on item  (cost=0.00..16906.00 rows=10996 width=21) (actual time=0.049..119.935 rows=11037 loops=1)
                                             Filter: (i_category = 'Women'::bpchar)
                                             Rows Removed by Filter: 192963
                                             Buffers: shared read=14356
                           ->  Memoize  (cost=0.30..7.22 rows=1 width=4) (actual time=0.000..0.000 rows=0 loops=404633)
                                 Cache Key: catalog_sales.cs_sold_date_sk
                                 Cache Mode: logical
                                 Hits: 402495  Misses: 2138  Evictions: 0  Overflows: 0  Memory Usage: 155kB
                                 Buffers: shared hit=6411
                                 ->  Index Scan using date_dim_pkey on date_dim  (cost=0.29..7.21 rows=1 width=4) (actual time=0.014..0.014 rows=0 loops=2138)
                                       Index Cond: (d_date_sk = catalog_sales.cs_sold_date_sk)
                                       Filter: (d_year = 1999)
                                       Rows Removed by Filter: 1
                                       Buffers: shared hit=6411
                     ->  Index Scan using customer_pkey on customer  (cost=0.43..7.35 rows=1 width=12) (actual time=0.011..0.011 rows=0 loops=46430)
                           Index Cond: (c_customer_sk = catalog_sales.cs_bill_customer_sk)
                           Filter: (c_birth_month = 6)
                           Rows Removed by Filter: 1
                           Buffers: shared hit=166886 read=18650
               ->  Index Scan using customer_demographics_pkey on customer_demographics  (cost=0.43..7.36 rows=1 width=8) (actual time=0.012..0.012 rows=0 loops=1565)
                     Index Cond: (cd_demo_sk = catalog_sales.cs_bill_cdemo_sk)
                     Filter: ((cd_gender = 'M'::bpchar) AND (cd_education_status = 'College'::bpchar))
                     Rows Removed by Filter: 1
                     Buffers: shared hit=5216 read=1044
         ->  Index Scan using customer_address_pkey on customer_address  (cost=0.42..7.37 rows=1 width=35) (actual time=0.018..0.018 rows=0 loops=164)
               Index Cond: (ca_address_sk = customer.c_current_addr_sk)
               Filter: (ca_state = ANY ('{GA,MN,MO}'::bpchar[]))
               Rows Removed by Filter: 1
               Buffers: shared hit=378 read=278
 Planning:
   Buffers: shared hit=405 read=49
 Planning Time: 2.959 ms
 Execution Time: 45018.424 ms
(53 rows)

