                                                                              QUERY PLAN                                                                               
-----------------------------------------------------------------------------------------------------------------------------------------------------------------------
 Aggregate  (cost=5932052.52..5932052.53 rows=1 width=268) (actual time=46584.787..46584.792 rows=1 loops=1)
   Buffers: shared hit=419887 read=3686476
   ->  Nested Loop  (cost=17119.15..5932052.49 rows=1 width=81) (actual time=12353.800..46584.565 rows=32 loops=1)
         Buffers: shared hit=419887 read=3686476
         ->  Nested Loop  (cost=17118.72..5932008.33 rows=6 width=54) (actual time=12092.815..46573.392 rows=635 loops=1)
               Buffers: shared hit=418545 read=3685278
               ->  Nested Loop  (cost=17118.29..5931449.27 rows=76 width=54) (actual time=12067.784..46509.461 rows=5109 loops=1)
                     Buffers: shared hit=402274 read=3681117
                     ->  Nested Loop  (cost=17117.87..5921799.94 rows=1312 width=50) (actual time=12065.056..45561.367 rows=87188 loops=1)
                           Buffers: shared hit=94403 read=3640744
                           ->  Hash Join  (cost=17117.56..5899894.57 rows=264829 width=54) (actual time=124.618..45361.859 rows=556501 loops=1)
                                 Hash Cond: (catalog_sales.cs_item_sk = item.i_item_sk)
                                 Buffers: shared hit=87992 read=3640744
                                 ->  Seq Scan on catalog_sales  (cost=0.00..5874397.76 rows=3192026 width=41) (actual time=0.047..44475.398 rows=3238451 loops=1)
                                       Filter: ((cs_wholesale_cost >= '30'::numeric) AND (cs_wholesale_cost <= '35'::numeric))
                                       Rows Removed by Filter: 140753848
                                       Buffers: shared hit=73636 read=3640744
                                 ->  Hash  (cost=16906.00..16906.00 rows=16925 width=21) (actual time=124.110..124.111 rows=17141 loops=1)
                                       Buckets: 32768  Batches: 1  Memory Usage: 1194kB
                                       Buffers: shared hit=14356
                                       ->  Seq Scan on item  (cost=0.00..16906.00 rows=16925 width=21) (actual time=0.019..120.407 rows=17141 loops=1)
                                             Filter: (i_category = 'Home'::bpchar)
                                             Rows Removed by Filter: 186859
                                             Buffers: shared hit=14356
                           ->  Memoize  (cost=0.30..7.22 rows=1 width=4) (actual time=0.000..0.000 rows=0 loops=556501)
                                 Cache Key: catalog_sales.cs_sold_date_sk
                                 Cache Mode: logical
                                 Hits: 554363  Misses: 2138  Evictions: 0  Overflows: 0  Memory Usage: 155kB
                                 Buffers: shared hit=6411
                                 ->  Index Scan using date_dim_pkey on date_dim  (cost=0.29..7.21 rows=1 width=4) (actual time=0.014..0.014 rows=0 loops=2138)
                                       Index Cond: (d_date_sk = catalog_sales.cs_sold_date_sk)
                                       Filter: (d_year = 2000)
                                       Rows Removed by Filter: 1
                                       Buffers: shared hit=6411
                     ->  Index Scan using customer_pkey on customer  (cost=0.43..7.35 rows=1 width=12) (actual time=0.011..0.011 rows=0 loops=87188)
                           Index Cond: (c_customer_sk = catalog_sales.cs_bill_customer_sk)
                           Filter: (c_birth_month = 3)
                           Rows Removed by Filter: 1
                           Buffers: shared hit=307871 read=40373
               ->  Index Scan using customer_demographics_pkey on customer_demographics  (cost=0.43..7.36 rows=1 width=8) (actual time=0.012..0.012 rows=0 loops=5109)
                     Index Cond: (cd_demo_sk = catalog_sales.cs_bill_cdemo_sk)
                     Filter: ((cd_gender = 'M'::bpchar) AND (cd_education_status = '4 yr Degree'::bpchar))
                     Rows Removed by Filter: 1
                     Buffers: shared hit=16271 read=4161
         ->  Index Scan using customer_address_pkey on customer_address  (cost=0.42..7.36 rows=1 width=35) (actual time=0.017..0.017 rows=0 loops=635)
               Index Cond: (ca_address_sk = customer.c_current_addr_sk)
               Filter: (ca_state = ANY ('{AL,KS,SD}'::bpchar[]))
               Rows Removed by Filter: 1
               Buffers: shared hit=1342 read=1198
 Planning:
   Buffers: shared hit=453 read=1
 Planning Time: 4.789 ms
 Execution Time: 46585.422 ms
(53 rows)

