                                                                                  QUERY PLAN                                                                                   
-------------------------------------------------------------------------------------------------------------------------------------------------------------------------------
 Aggregate  (cost=6001429.01..6001429.02 rows=1 width=268) (actual time=46845.611..46845.616 rows=1 loops=1)
   Buffers: shared hit=503690 read=3758241
   ->  Nested Loop  (cost=17242.40..6001428.88 rows=5 width=81) (actual time=260.718..46845.347 rows=41 loops=1)
         Buffers: shared hit=503690 read=3758241
         ->  Nested Loop  (cost=17241.97..6000928.79 rows=68 width=54) (actual time=157.166..46831.046 rows=803 loops=1)
               Buffers: shared hit=501985 read=3756734
               ->  Nested Loop  (cost=17241.54..5997928.28 rows=408 width=50) (actual time=156.465..46760.996 rows=4807 loops=1)
                     Buffers: shared hit=485056 read=3754443
                     ->  Nested Loop  (cost=17241.12..5957198.94 rows=5537 width=50) (actual time=149.083..45447.982 rows=126220 loops=1)
                           Buffers: shared hit=34279 read=3700868
                           ->  Hash Join  (cost=17240.81..5913979.02 rows=1117416 width=54) (actual time=149.034..45184.070 rows=805758 loops=1)
                                 Hash Cond: (catalog_sales.cs_item_sk = item.i_item_sk)
                                 Buffers: shared hit=27868 read=3700868
                                 ->  Seq Scan on catalog_sales  (cost=0.00..5874397.76 rows=8510470 width=41) (actual time=0.097..43281.911 rows=8494738 loops=1)
                                       Filter: ((cs_wholesale_cost >= '66'::numeric) AND (cs_wholesale_cost <= '71'::numeric))
                                       Rows Removed by Filter: 135497561
                                       Buffers: shared hit=25846 read=3688534
                                 ->  Hash  (cost=16906.00..16906.00 rows=26785 width=21) (actual time=148.576..148.577 rows=26695 loops=1)
                                       Buckets: 32768  Batches: 1  Memory Usage: 1716kB
                                       Buffers: shared hit=2022 read=12334
                                       ->  Seq Scan on item  (cost=0.00..16906.00 rows=26785 width=21) (actual time=0.036..141.380 rows=26695 loops=1)
                                             Filter: (i_category = 'Children'::bpchar)
                                             Rows Removed by Filter: 177305
                                             Buffers: shared hit=2022 read=12334
                           ->  Memoize  (cost=0.30..7.22 rows=1 width=4) (actual time=0.000..0.000 rows=0 loops=805758)
                                 Cache Key: catalog_sales.cs_sold_date_sk
                                 Cache Mode: logical
                                 Hits: 803620  Misses: 2138  Evictions: 0  Overflows: 0  Memory Usage: 155kB
                                 Buffers: shared hit=6411
                                 ->  Index Scan using date_dim_pkey on date_dim  (cost=0.29..7.21 rows=1 width=4) (actual time=0.012..0.012 rows=0 loops=2138)
                                       Index Cond: (d_date_sk = catalog_sales.cs_sold_date_sk)
                                       Filter: (d_year = 1998)
                                       Rows Removed by Filter: 1
                                       Buffers: shared hit=6411
                     ->  Index Scan using customer_demographics_pkey on customer_demographics  (cost=0.43..7.36 rows=1 width=8) (actual time=0.010..0.010 rows=0 loops=126220)
                           Index Cond: (cd_demo_sk = catalog_sales.cs_bill_cdemo_sk)
                           Filter: ((cd_gender = 'F'::bpchar) AND (cd_education_status = '4 yr Degree'::bpchar))
                           Rows Removed by Filter: 1
                           Buffers: shared hit=450777 read=53575
               ->  Index Scan using customer_pkey on customer  (cost=0.43..7.35 rows=1 width=12) (actual time=0.014..0.014 rows=0 loops=4807)
                     Index Cond: (c_customer_sk = catalog_sales.cs_bill_customer_sk)
                     Filter: (c_birth_month = 4)
                     Rows Removed by Filter: 1
                     Buffers: shared hit=16929 read=2291
         ->  Index Scan using customer_address_pkey on customer_address  (cost=0.42..7.35 rows=1 width=35) (actual time=0.017..0.017 rows=0 loops=803)
               Index Cond: (ca_address_sk = customer.c_current_addr_sk)
               Filter: (ca_state = ANY ('{LA,MO,MS}'::bpchar[]))
               Rows Removed by Filter: 1
               Buffers: shared hit=1705 read=1507
 Planning:
   Buffers: shared hit=405 read=49
 Planning Time: 5.792 ms
 Execution Time: 46846.284 ms
(53 rows)

