                                                                                  QUERY PLAN                                                                                   
-------------------------------------------------------------------------------------------------------------------------------------------------------------------------------
 Aggregate  (cost=6009959.22..6009959.23 rows=1 width=268) (actual time=49459.539..49459.545 rows=1 loops=1)
   Buffers: shared hit=883170 read=3706093
   ->  Nested Loop  (cost=17437.73..6009959.11 rows=4 width=81) (actual time=6735.884..49459.261 rows=46 loops=1)
         Buffers: shared hit=883170 read=3706093
         ->  Nested Loop  (cost=17437.31..6009539.84 rows=57 width=54) (actual time=6543.428..49441.357 rows=925 loops=1)
               Buffers: shared hit=881172 read=3704391
               ->  Nested Loop  (cost=17436.88..6005958.30 rows=487 width=50) (actual time=6526.470..49313.027 rows=7701 loops=1)
                     Buffers: shared hit=855289 read=3699502
                     ->  Nested Loop  (cost=17436.45..5957321.15 rows=6612 width=50) (actual time=6526.437..46664.018 rows=205144 loops=1)
                           Buffers: shared hit=70359 read=3664788
                           ->  Hash Join  (cost=17436.15..5908680.59 rows=1334243 width=54) (actual time=126.225..46241.044 rows=1321668 loops=1)
                                 Hash Cond: (catalog_sales.cs_item_sk = item.i_item_sk)
                                 Buffers: shared hit=63948 read=3664788
                                 ->  Seq Scan on catalog_sales  (cost=0.00..5874397.76 rows=6417653 width=41) (actual time=0.039..44634.298 rows=6094526 loops=1)
                                       Filter: ((cs_wholesale_cost >= '61'::numeric) AND (cs_wholesale_cost <= '66'::numeric))
                                       Rows Removed by Filter: 137897773
                                       Buffers: shared hit=51561 read=3662819
                                 ->  Hash  (cost=16906.00..16906.00 rows=42412 width=21) (actual time=125.721..125.722 rows=42041 loops=1)
                                       Buckets: 65536  Batches: 1  Memory Usage: 2812kB
                                       Buffers: shared hit=12387 read=1969
                                       ->  Seq Scan on item  (cost=0.00..16906.00 rows=42412 width=21) (actual time=0.012..117.285 rows=42041 loops=1)
                                             Filter: (i_category = 'Electronics'::bpchar)
                                             Rows Removed by Filter: 161959
                                             Buffers: shared hit=12387 read=1969
                           ->  Memoize  (cost=0.30..7.22 rows=1 width=4) (actual time=0.000..0.000 rows=0 loops=1321668)
                                 Cache Key: catalog_sales.cs_sold_date_sk
                                 Cache Mode: logical
                                 Hits: 1319530  Misses: 2138  Evictions: 0  Overflows: 0  Memory Usage: 155kB
                                 Buffers: shared hit=6411
                                 ->  Index Scan using date_dim_pkey on date_dim  (cost=0.29..7.21 rows=1 width=4) (actual time=0.018..0.018 rows=0 loops=2138)
                                       Index Cond: (d_date_sk = catalog_sales.cs_sold_date_sk)
                                       Filter: (d_year = 1999)
                                       Rows Removed by Filter: 1
                                       Buffers: shared hit=6411
                     ->  Index Scan using customer_demographics_pkey on customer_demographics  (cost=0.43..7.36 rows=1 width=8) (actual time=0.013..0.013 rows=0 loops=205144)
                           Index Cond: (cd_demo_sk = catalog_sales.cs_bill_cdemo_sk)
                           Filter: ((cd_gender = 'F'::bpchar) AND (cd_education_status = '4 yr Degree'::bpchar))
                           Rows Removed by Filter: 1
                           Buffers: shared hit=784930 read=34714
               ->  Index Scan using customer_pkey on customer  (cost=0.43..7.35 rows=1 width=12) (actual time=0.016..0.016 rows=0 loops=7701)
                     Index Cond: (c_customer_sk = catalog_sales.cs_bill_customer_sk)
                     Filter: (c_birth_month = 8)
                     Rows Removed by Filter: 1
                     Buffers: shared hit=25883 read=4889
         ->  Index Scan using customer_address_pkey on customer_address  (cost=0.42..7.36 rows=1 width=35) (actual time=0.019..0.019 rows=0 loops=925)
               Index Cond: (ca_address_sk = customer.c_current_addr_sk)
               Filter: (ca_state = ANY ('{FL,MI,NE}'::bpchar[]))
               Rows Removed by Filter: 1
               Buffers: shared hit=1998 read=1702
 Planning:
   Buffers: shared hit=453 read=1
 Planning Time: 4.528 ms
 Execution Time: 49460.028 ms
(53 rows)

