                                                                                  QUERY PLAN                                                                                  
------------------------------------------------------------------------------------------------------------------------------------------------------------------------------
 Aggregate  (cost=5999393.18..5999393.19 rows=1 width=268) (actual time=49221.032..49221.037 rows=1 loops=1)
   Buffers: shared hit=450406 read=3662173
   ->  Nested Loop  (cost=17242.40..5999393.01 rows=6 width=81) (actual time=21363.929..49220.938 rows=14 loops=1)
         Buffers: shared hit=450406 read=3662173
         ->  Nested Loop  (cost=17241.97..5998914.99 rows=65 width=54) (actual time=20738.632..49214.591 rows=339 loops=1)
               Buffers: shared hit=449682 read=3661541
               ->  Nested Loop  (cost=17241.54..5996083.62 rows=385 width=50) (actual time=20736.354..49187.021 rows=1979 loops=1)
                     Buffers: shared hit=443227 read=3660088
                     ->  Nested Loop  (cost=17241.12..5956178.12 rows=5425 width=50) (actual time=20734.514..48262.562 rows=92156 loops=1)
                           Buffers: shared hit=85358 read=3649789
                           ->  Hash Join  (cost=17240.81..5913525.41 rows=1094728 width=54) (actual time=141.769..47994.677 rows=794672 loops=1)
                                 Hash Cond: (catalog_sales.cs_item_sk = item.i_item_sk)
                                 Buffers: shared hit=78947 read=3649789
                                 ->  Seq Scan on catalog_sales  (cost=0.00..5874397.76 rows=8337669 width=41) (actual time=0.045..46100.976 rows=8349119 loops=1)
                                       Filter: ((cs_wholesale_cost >= '10'::numeric) AND (cs_wholesale_cost <= '15'::numeric))
                                       Rows Removed by Filter: 135643180
                                       Buffers: shared hit=76978 read=3637402
                                 ->  Hash  (cost=16906.00..16906.00 rows=26785 width=21) (actual time=141.432..141.433 rows=26695 loops=1)
                                       Buckets: 32768  Batches: 1  Memory Usage: 1716kB
                                       Buffers: shared hit=1969 read=12387
                                       ->  Seq Scan on item  (cost=0.00..16906.00 rows=26785 width=21) (actual time=0.020..134.849 rows=26695 loops=1)
                                             Filter: (i_category = 'Children'::bpchar)
                                             Rows Removed by Filter: 177305
                                             Buffers: shared hit=1969 read=12387
                           ->  Memoize  (cost=0.30..7.22 rows=1 width=4) (actual time=0.000..0.000 rows=0 loops=794672)
                                 Cache Key: catalog_sales.cs_sold_date_sk
                                 Cache Mode: logical
                                 Hits: 792534  Misses: 2138  Evictions: 0  Overflows: 0  Memory Usage: 155kB
                                 Buffers: shared hit=6411
                                 ->  Index Scan using date_dim_pkey on date_dim  (cost=0.29..7.21 rows=1 width=4) (actual time=0.013..0.013 rows=0 loops=2138)
                                       Index Cond: (d_date_sk = catalog_sales.cs_sold_date_sk)
                                       Filter: (d_year = 2001)
                                       Rows Removed by Filter: 1
                                       Buffers: shared hit=6411
                     ->  Index Scan using customer_demographics_pkey on customer_demographics  (cost=0.43..7.36 rows=1 width=8) (actual time=0.010..0.010 rows=0 loops=92156)
                           Index Cond: (cd_demo_sk = catalog_sales.cs_bill_cdemo_sk)
                           Filter: ((cd_gender = 'M'::bpchar) AND (cd_education_status = 'Secondary'::bpchar))
                           Rows Removed by Filter: 1
                           Buffers: shared hit=357869 read=10299
               ->  Index Scan using customer_pkey on customer  (cost=0.43..7.35 rows=1 width=12) (actual time=0.013..0.013 rows=0 loops=1979)
                     Index Cond: (c_customer_sk = catalog_sales.cs_bill_customer_sk)
                     Filter: (c_birth_month = 4)
                     Rows Removed by Filter: 1
                     Buffers: shared hit=6455 read=1453
         ->  Index Scan using customer_address_pkey on customer_address  (cost=0.42..7.35 rows=1 width=35) (actual time=0.017..0.017 rows=0 loops=339)
               Index Cond: (ca_address_sk = customer.c_current_addr_sk)
               Filter: (ca_state = ANY ('{IN,UT,VA}'::bpchar[]))
               Rows Removed by Filter: 1
               Buffers: shared hit=724 read=632
 Planning:
   Buffers: shared hit=405 read=49
 Planning Time: 4.823 ms
 Execution Time: 49221.521 ms
(53 rows)

