                                                                              QUERY PLAN                                                                               
-----------------------------------------------------------------------------------------------------------------------------------------------------------------------
 Aggregate  (cost=5965622.96..5965622.97 rows=1 width=268) (actual time=48359.335..48359.340 rows=1 loops=1)
   Buffers: shared hit=150241 read=3678286
   ->  Nested Loop  (cost=16954.16..5965622.94 rows=1 width=81) (actual time=15107.194..48359.300 rows=4 loops=1)
         Buffers: shared hit=150241 read=3678286
         ->  Nested Loop  (cost=16953.73..5965586.13 rows=5 width=54) (actual time=12961.299..48358.016 rows=58 loops=1)
               Buffers: shared hit=150125 read=3678170
               ->  Nested Loop  (cost=16953.31..5965078.58 rows=69 width=54) (actual time=12852.758..48341.913 rows=1065 loops=1)
                     Buffers: shared hit=146013 read=3678026
                     ->  Nested Loop  (cost=16952.88..5954694.64 rows=1412 width=50) (actual time=12836.037..48041.403 rows=22253 loops=1)
                           Buffers: shared hit=67197 read=3667950
                           ->  Hash Join  (cost=16952.58..5932288.92 rows=284844 width=54) (actual time=123.887..47955.413 rows=142144 loops=1)
                                 Hash Cond: (catalog_sales.cs_item_sk = item.i_item_sk)
                                 Buffers: shared hit=60786 read=3667950
                                 ->  Seq Scan on catalog_sales  (cost=0.00..5874397.76 rows=15595328 width=41) (actual time=0.064..45890.224 rows=15696054 loops=1)
                                       Filter: ((cs_wholesale_cost >= '23'::numeric) AND (cs_wholesale_cost <= '28'::numeric))
                                       Rows Removed by Filter: 128296245
                                       Buffers: shared hit=60786 read=3653594
                                 ->  Hash  (cost=16906.00..16906.00 rows=3726 width=21) (actual time=123.179..123.179 rows=3713 loops=1)
                                       Buckets: 4096  Batches: 1  Memory Usage: 236kB
                                       Buffers: shared read=14356
                                       ->  Seq Scan on item  (cost=0.00..16906.00 rows=3726 width=21) (actual time=0.079..122.154 rows=3713 loops=1)
                                             Filter: (i_category = 'Music'::bpchar)
                                             Rows Removed by Filter: 200287
                                             Buffers: shared read=14356
                           ->  Memoize  (cost=0.30..7.22 rows=1 width=4) (actual time=0.000..0.000 rows=0 loops=142144)
                                 Cache Key: catalog_sales.cs_sold_date_sk
                                 Cache Mode: logical
                                 Hits: 140006  Misses: 2138  Evictions: 0  Overflows: 0  Memory Usage: 155kB
                                 Buffers: shared hit=6411
                                 ->  Index Scan using date_dim_pkey on date_dim  (cost=0.29..7.21 rows=1 width=4) (actual time=0.012..0.012 rows=0 loops=2138)
                                       Index Cond: (d_date_sk = catalog_sales.cs_sold_date_sk)
                                       Filter: (d_year = 2000)
                                       Rows Removed by Filter: 1
                                       Buffers: shared hit=6411
                     ->  Index Scan using customer_pkey on customer  (cost=0.43..7.35 rows=1 width=12) (actual time=0.013..0.013 rows=0 loops=22253)
                           Index Cond: (c_customer_sk = catalog_sales.cs_bill_customer_sk)
                           Filter: (c_birth_month = 7)
                           Rows Removed by Filter: 1
                           Buffers: shared hit=78816 read=10076
               ->  Index Scan using customer_demographics_pkey on customer_demographics  (cost=0.43..7.36 rows=1 width=8) (actual time=0.015..0.015 rows=0 loops=1065)
                     Index Cond: (cd_demo_sk = catalog_sales.cs_bill_cdemo_sk)
                     Filter: ((cd_gender = 'F'::bpchar) AND (cd_education_status = 'College'::bpchar))
                     Rows Removed by Filter: 1
                     Buffers: shared hit=4112 read=144
         ->  Index Scan using customer_address_pkey on customer_address  (cost=0.42..7.36 rows=1 width=35) (actual time=0.021..0.021 rows=0 loops=58)
               Index Cond: (ca_address_sk = customer.c_current_addr_sk)
               Filter: (ca_state = ANY ('{IA,IL,KY}'::bpchar[]))
               Rows Removed by Filter: 1
               Buffers: shared hit=116 read=116
 Planning:
   Buffers: shared hit=404 read=50
 Planning Time: 5.089 ms
 Execution Time: 48359.969 ms
(53 rows)

