                                                                                     QUERY PLAN                                                                                      
-------------------------------------------------------------------------------------------------------------------------------------------------------------------------------------
 Aggregate  (cost=5995963.61..5995963.62 rows=1 width=268) (actual time=58187.035..58187.040 rows=1 loops=1)
   Buffers: shared hit=2448350 read=3703048
   ->  Nested Loop  (cost=2393.34..5995963.50 rows=4 width=81) (actual time=27355.900..58186.818 rows=29 loops=1)
         Buffers: shared hit=2448350 read=3703048
         ->  Nested Loop  (cost=2392.92..5995831.29 rows=18 width=68) (actual time=27225.331..58183.736 rows=117 loops=1)
               Buffers: shared hit=2448071 read=3702859
               ->  Nested Loop  (cost=2392.49..5994603.14 rows=167 width=41) (actual time=27193.991..58139.820 rows=2014 loops=1)
                     Buffers: shared hit=2443523 read=3699351
                     ->  Nested Loop  (cost=2392.07..5987277.78 rows=996 width=37) (actual time=27183.902..57886.698 rows=12161 loops=1)
                           Buffers: shared hit=2401758 read=3692524
                           ->  Hash Join  (cost=2391.64..5884211.29 rows=14011 width=37) (actual time=27181.550..47584.713 rows=595295 loops=1)
                                 Hash Cond: (catalog_sales.cs_sold_date_sk = date_dim.d_date_sk)
                                 Buffers: shared hit=67794 read=3648060
                                 ->  Seq Scan on catalog_sales  (cost=0.00..5874397.76 rows=2827223 width=41) (actual time=0.113..47107.013 rows=2916247 loops=1)
                                       Filter: ((cs_wholesale_cost >= '1'::numeric) AND (cs_wholesale_cost <= '6'::numeric))
                                       Rows Removed by Filter: 141076052
                                       Buffers: shared hit=67752 read=3646628
                                 ->  Hash  (cost=2387.11..2387.11 rows=362 width=4) (actual time=22.021..22.022 rows=365 loops=1)
                                       Buckets: 1024  Batches: 1  Memory Usage: 21kB
                                       Buffers: shared hit=42 read=1432
                                       ->  Seq Scan on date_dim  (cost=0.00..2387.11 rows=362 width=4) (actual time=13.084..21.958 rows=365 loops=1)
                                             Filter: (d_year = 2002)
                                             Rows Removed by Filter: 72684
                                             Buffers: shared hit=42 read=1432
                           ->  Index Scan using customer_demographics_pkey on customer_demographics  (cost=0.43..7.36 rows=1 width=8) (actual time=0.017..0.017 rows=0 loops=595295)
                                 Index Cond: (cd_demo_sk = catalog_sales.cs_bill_cdemo_sk)
                                 Filter: ((cd_gender = 'M'::bpchar) AND (cd_education_status = 'Secondary'::bpchar))
                                 Rows Removed by Filter: 1
                                 Buffers: shared hit=2333964 read=44464
                     ->  Index Scan using customer_pkey on customer  (cost=0.43..7.35 rows=1 width=12) (actual time=0.020..0.020 rows=0 loops=12161)
                           Index Cond: (c_customer_sk = catalog_sales.cs_bill_customer_sk)
                           Filter: (c_birth_month = 4)
                           Rows Removed by Filter: 1
                           Buffers: shared hit=41765 read=6827
               ->  Index Scan using customer_address_pkey on customer_address  (cost=0.42..7.35 rows=1 width=35) (actual time=0.021..0.021 rows=0 loops=2014)
                     Index Cond: (ca_address_sk = customer.c_current_addr_sk)
                     Filter: (ca_state = ANY ('{ME,MI,TX}'::bpchar[]))
                     Rows Removed by Filter: 1
                     Buffers: shared hit=4548 read=3508
         ->  Index Scan using item_pkey on item  (cost=0.42..7.34 rows=1 width=21) (actual time=0.025..0.025 rows=0 loops=117)
               Index Cond: (i_item_sk = catalog_sales.cs_item_sk)
               Filter: (i_category = 'Electronics'::bpchar)
               Rows Removed by Filter: 1
               Buffers: shared hit=279 read=189
 Planning:
   Buffers: shared hit=454
 Planning Time: 4.398 ms
 Execution Time: 58187.550 ms
(48 rows)

