                                                                              QUERY PLAN                                                                               
-----------------------------------------------------------------------------------------------------------------------------------------------------------------------
 Aggregate  (cost=5942188.79..5942188.80 rows=1 width=268) (actual time=46459.701..46459.706 rows=1 loops=1)
   Buffers: shared hit=222752 read=3716627
   ->  Nested Loop  (cost=17242.40..5942188.73 rows=2 width=81) (actual time=6444.432..46459.526 rows=25 loops=1)
         Buffers: shared hit=222752 read=3716627
         ->  Nested Loop  (cost=17241.97..5942115.15 rows=10 width=54) (actual time=6260.730..46448.574 rows=658 loops=1)
               Buffers: shared hit=221332 read=3715415
               ->  Nested Loop  (cost=17241.54..5941055.87 rows=144 width=54) (actual time=6259.234..46406.685 rows=3216 loops=1)
                     Buffers: shared hit=208612 read=3715275
                     ->  Nested Loop  (cost=17241.12..5925780.22 rows=2077 width=50) (actual time=6256.658..45835.032 rows=47254 loops=1)
                           Buffers: shared hit=51300 read=3683847
                           ->  Hash Join  (cost=17240.81..5900017.82 rows=419110 width=54) (actual time=133.805..45708.979 rows=307203 loops=1)
                                 Hash Cond: (catalog_sales.cs_item_sk = item.i_item_sk)
                                 Buffers: shared hit=44889 read=3683847
                                 ->  Seq Scan on catalog_sales  (cost=0.00..5874397.76 rows=3192026 width=41) (actual time=0.044..44809.508 rows=3238451 loops=1)
                                       Filter: ((cs_wholesale_cost >= '29'::numeric) AND (cs_wholesale_cost <= '34'::numeric))
                                       Rows Removed by Filter: 140753848
                                       Buffers: shared hit=44860 read=3669520
                                 ->  Hash  (cost=16906.00..16906.00 rows=26785 width=21) (actual time=133.528..133.529 rows=26695 loops=1)
                                       Buckets: 32768  Batches: 1  Memory Usage: 1716kB
                                       Buffers: shared hit=29 read=14327
                                       ->  Seq Scan on item  (cost=0.00..16906.00 rows=26785 width=21) (actual time=0.120..126.795 rows=26695 loops=1)
                                             Filter: (i_category = 'Children'::bpchar)
                                             Rows Removed by Filter: 177305
                                             Buffers: shared hit=29 read=14327
                           ->  Memoize  (cost=0.30..7.22 rows=1 width=4) (actual time=0.000..0.000 rows=0 loops=307203)
                                 Cache Key: catalog_sales.cs_sold_date_sk
                                 Cache Mode: logical
                                 Hits: 305065  Misses: 2138  Evictions: 0  Overflows: 0  Memory Usage: 155kB
                                 Buffers: shared hit=6411
                                 ->  Index Scan using date_dim_pkey on date_dim  (cost=0.29..7.21 rows=1 width=4) (actual time=0.012..0.012 rows=0 loops=2138)
                                       Index Cond: (d_date_sk = catalog_sales.cs_sold_date_sk)
                                       Filter: (d_year = 1999)
                                       Rows Removed by Filter: 1
                                       Buffers: shared hit=6411
                     ->  Index Scan using customer_pkey on customer  (cost=0.43..7.35 rows=1 width=12) (actual time=0.012..0.012 rows=0 loops=47254)
                           Index Cond: (c_customer_sk = catalog_sales.cs_bill_customer_sk)
                           Filter: (c_birth_month = 12)
                           Rows Removed by Filter: 1
                           Buffers: shared hit=157312 read=31428
               ->  Index Scan using customer_demographics_pkey on customer_demographics  (cost=0.43..7.36 rows=1 width=8) (actual time=0.013..0.013 rows=0 loops=3216)
                     Index Cond: (cd_demo_sk = catalog_sales.cs_bill_cdemo_sk)
                     Filter: ((cd_gender = 'M'::bpchar) AND (cd_education_status = '2 yr Degree'::bpchar))
                     Rows Removed by Filter: 1
                     Buffers: shared hit=12720 read=140
         ->  Index Scan using customer_address_pkey on customer_address  (cost=0.42..7.36 rows=1 width=35) (actual time=0.016..0.016 rows=0 loops=658)
               Index Cond: (ca_address_sk = customer.c_current_addr_sk)
               Filter: (ca_state = ANY ('{GA,OK,TX}'::bpchar[]))
               Rows Removed by Filter: 1
               Buffers: shared hit=1420 read=1212
 Planning:
   Buffers: shared hit=454
 Planning Time: 4.666 ms
 Execution Time: 46460.254 ms
(53 rows)

