                                                                            QUERY PLAN                                                                            
------------------------------------------------------------------------------------------------------------------------------------------------------------------
 Aggregate  (cost=6012824.84..6012824.85 rows=1 width=268) (actual time=49010.465..49010.470 rows=1 loops=1)
   Buffers: shared hit=1077699 read=3833984
   ->  Nested Loop  (cost=17437.73..6012824.81 rows=1 width=81) (actual time=27029.384..49009.470 rows=155 loops=1)
         Buffers: shared hit=1077699 read=3833984
         ->  Nested Loop  (cost=17437.31..6012707.12 rows=16 width=81) (actual time=26914.004..48996.342 rows=695 loops=1)
               Buffers: shared hit=1074991 read=3833912
               ->  Nested Loop  (cost=17436.88..6010682.00 rows=275 width=54) (actual time=26874.472..48814.782 rows=11200 loops=1)
                     Buffers: shared hit=1045586 read=3818517
                     ->  Nested Loop  (cost=17436.45..5959724.26 rows=6929 width=50) (actual time=26873.459..45285.748 rows=282596 loops=1)
                           Buffers: shared hit=49979 read=3685168
                           ->  Hash Join  (cost=17436.15..5909487.02 rows=1398111 width=54) (actual time=110.182..44833.061 rows=1466761 loops=1)
                                 Hash Cond: (catalog_sales.cs_item_sk = item.i_item_sk)
                                 Buffers: shared hit=43568 read=3685168
                                 ->  Seq Scan on catalog_sales  (cost=0.00..5874397.76 rows=6724855 width=41) (actual time=0.041..43095.428 rows=6763882 loops=1)
                                       Filter: ((cs_wholesale_cost >= '71'::numeric) AND (cs_wholesale_cost <= '76'::numeric))
                                       Rows Removed by Filter: 137228417
                                       Buffers: shared hit=29215 read=3685165
                                 ->  Hash  (cost=16906.00..16906.00 rows=42412 width=21) (actual time=109.723..109.724 rows=42041 loops=1)
                                       Buckets: 65536  Batches: 1  Memory Usage: 2812kB
                                       Buffers: shared hit=14353 read=3
                                       ->  Seq Scan on item  (cost=0.00..16906.00 rows=42412 width=21) (actual time=0.020..102.558 rows=42041 loops=1)
                                             Filter: (i_category = 'Electronics'::bpchar)
                                             Rows Removed by Filter: 161959
                                             Buffers: shared hit=14353 read=3
                           ->  Memoize  (cost=0.30..7.22 rows=1 width=4) (actual time=0.000..0.000 rows=0 loops=1466761)
                                 Cache Key: catalog_sales.cs_sold_date_sk
                                 Cache Mode: logical
                                 Hits: 1464623  Misses: 2138  Evictions: 0  Overflows: 0  Memory Usage: 155kB
                                 Buffers: shared hit=6411
                                 ->  Index Scan using date_dim_pkey on date_dim  (cost=0.29..7.21 rows=1 width=4) (actual time=0.012..0.012 rows=0 loops=2138)
                                       Index Cond: (d_date_sk = catalog_sales.cs_sold_date_sk)
                                       Filter: (d_year = 2002)
                                       Rows Removed by Filter: 1
                                       Buffers: shared hit=6411
                     ->  Index Scan using customer_pkey on customer  (cost=0.43..7.35 rows=1 width=12) (actual time=0.012..0.012 rows=0 loops=282596)
                           Index Cond: (c_customer_sk = catalog_sales.cs_bill_customer_sk)
                           Filter: (c_birth_month = 9)
                           Rows Removed by Filter: 1
                           Buffers: shared hit=995607 read=133349
               ->  Index Scan using customer_address_pkey on customer_address  (cost=0.42..7.36 rows=1 width=35) (actual time=0.016..0.016 rows=0 loops=11200)
                     Index Cond: (ca_address_sk = customer.c_current_addr_sk)
                     Filter: (ca_state = ANY ('{CO,SC,WI}'::bpchar[]))
                     Rows Removed by Filter: 1
                     Buffers: shared hit=29405 read=15395
         ->  Index Scan using customer_demographics_pkey on customer_demographics  (cost=0.43..7.36 rows=1 width=8) (actual time=0.018..0.018 rows=0 loops=695)
               Index Cond: (cd_demo_sk = catalog_sales.cs_bill_cdemo_sk)
               Filter: ((cd_gender = 'M'::bpchar) AND (cd_education_status = '2 yr Degree'::bpchar))
               Rows Removed by Filter: 1
               Buffers: shared hit=2708 read=72
 Planning:
   Buffers: shared hit=408 read=46
 Planning Time: 3.089 ms
 Execution Time: 49010.896 ms
(53 rows)

