                                                                              QUERY PLAN                                                                               
-----------------------------------------------------------------------------------------------------------------------------------------------------------------------
 Aggregate  (cost=6026359.72..6026359.73 rows=1 width=268) (actual time=49372.135..49372.140 rows=1 loops=1)
   Buffers: shared hit=654004 read=3761003
   ->  Nested Loop  (cost=17242.40..6026359.70 rows=1 width=81) (actual time=7172.948..49372.065 rows=9 loops=1)
         Buffers: shared hit=654004 read=3761003
         ->  Nested Loop  (cost=17241.97..6026307.98 rows=7 width=54) (actual time=6590.499..49370.773 rows=65 loops=1)
               Buffers: shared hit=653844 read=3760903
               ->  Nested Loop  (cost=17241.54..6025587.11 rows=98 width=54) (actual time=6453.720..49332.988 rows=2339 loops=1)
                     Buffers: shared hit=647979 read=3757420
                     ->  Nested Loop  (cost=17241.12..5972482.95 rows=7221 width=50) (actual time=6452.873..47465.745 rows=167775 loops=1)
                           Buffers: shared hit=36401 read=3698746
                           ->  Hash Join  (cost=17240.81..5920770.61 rows=1457116 width=54) (actual time=120.411..47125.710 rows=1090310 loops=1)
                                 Hash Cond: (catalog_sales.cs_item_sk = item.i_item_sk)
                                 Buffers: shared hit=29990 read=3698746
                                 ->  Seq Scan on catalog_sales  (cost=0.00..5874397.76 rows=11097691 width=41) (actual time=0.038..44750.960 rows=11458169 loops=1)
                                       Filter: ((cs_wholesale_cost >= '58'::numeric) AND (cs_wholesale_cost <= '63'::numeric))
                                       Rows Removed by Filter: 132534130
                                       Buffers: shared hit=15634 read=3698746
                                 ->  Hash  (cost=16906.00..16906.00 rows=26785 width=21) (actual time=120.111..120.112 rows=26695 loops=1)
                                       Buckets: 32768  Batches: 1  Memory Usage: 1716kB
                                       Buffers: shared hit=14356
                                       ->  Seq Scan on item  (cost=0.00..16906.00 rows=26785 width=21) (actual time=0.018..114.712 rows=26695 loops=1)
                                             Filter: (i_category = 'Children'::bpchar)
                                             Rows Removed by Filter: 177305
                                             Buffers: shared hit=14356
                           ->  Memoize  (cost=0.30..7.22 rows=1 width=4) (actual time=0.000..0.000 rows=0 loops=1090310)
                                 Cache Key: catalog_sales.cs_sold_date_sk
                                 Cache Mode: logical
                                 Hits: 1088172  Misses: 2138  Evictions: 0  Overflows: 0  Memory Usage: 155kB
                                 Buffers: shared hit=6411
                                 ->  Index Scan using date_dim_pkey on date_dim  (cost=0.29..7.21 rows=1 width=4) (actual time=0.012..0.012 rows=0 loops=2138)
                                       Index Cond: (d_date_sk = catalog_sales.cs_sold_date_sk)
                                       Filter: (d_year = 1999)
                                       Rows Removed by Filter: 1
                                       Buffers: shared hit=6411
                     ->  Index Scan using customer_pkey on customer  (cost=0.43..7.35 rows=1 width=12) (actual time=0.011..0.011 rows=0 loops=167775)
                           Index Cond: (c_customer_sk = catalog_sales.cs_bill_customer_sk)
                           Filter: (c_birth_month = 5)
                           Rows Removed by Filter: 1
                           Buffers: shared hit=611578 read=58674
               ->  Index Scan using customer_demographics_pkey on customer_demographics  (cost=0.43..7.36 rows=1 width=8) (actual time=0.016..0.016 rows=0 loops=2339)
                     Index Cond: (cd_demo_sk = catalog_sales.cs_bill_cdemo_sk)
                     Filter: ((cd_gender = 'F'::bpchar) AND (cd_education_status = 'Advanced Degree'::bpchar))
                     Rows Removed by Filter: 1
                     Buffers: shared hit=5865 read=3483
         ->  Index Scan using customer_address_pkey on customer_address  (cost=0.42..7.39 rows=1 width=35) (actual time=0.018..0.018 rows=0 loops=65)
               Index Cond: (ca_address_sk = customer.c_current_addr_sk)
               Filter: (ca_state = ANY ('{KY,MD,TN}'::bpchar[]))
               Rows Removed by Filter: 1
               Buffers: shared hit=160 read=100
 Planning:
   Buffers: shared hit=454
 Planning Time: 4.188 ms
 Execution Time: 49372.689 ms
(53 rows)

