                                                                                  QUERY PLAN                                                                                   
-------------------------------------------------------------------------------------------------------------------------------------------------------------------------------
 Aggregate  (cost=6029606.84..6029606.85 rows=1 width=268) (actual time=49680.189..49680.195 rows=1 loops=1)
   Buffers: shared hit=529791 read=3770232
   ->  Nested Loop  (cost=17180.68..6029606.59 rows=9 width=81) (actual time=444.769..49679.948 rows=38 loops=1)
         Buffers: shared hit=529791 read=3770232
         ->  Nested Loop  (cost=17180.26..6029113.81 rows=67 width=54) (actual time=138.890..49663.228 rows=1004 loops=1)
               Buffers: shared hit=527449 read=3768558
               ->  Nested Loop  (cost=17179.83..6025561.79 rows=483 width=50) (actual time=131.800..49566.526 rows=7062 loops=1)
                     Buffers: shared hit=501590 read=3766185
                     ->  Nested Loop  (cost=17179.40..5975226.01 rows=6843 width=50) (actual time=131.019..48205.562 rows=133360 loops=1)
                           Buffers: shared hit=29652 read=3705495
                           ->  Hash Join  (cost=17179.10..5925421.44 rows=1380805 width=54) (actual time=130.976..47865.443 rows=1089798 loops=1)
                                 Hash Cond: (catalog_sales.cs_item_sk = item.i_item_sk)
                                 Buffers: shared hit=23241 read=3705495
                                 ->  Seq Scan on catalog_sales  (cost=0.00..5874397.76 rows=12892906 width=41) (actual time=1.051..45428.313 rows=12722112 loops=1)
                                       Filter: ((cs_wholesale_cost >= '36'::numeric) AND (cs_wholesale_cost <= '41'::numeric))
                                       Rows Removed by Filter: 131270187
                                       Buffers: shared hit=8885 read=3705495
                                 ->  Hash  (cost=16906.00..16906.00 rows=21848 width=21) (actual time=129.470..129.470 rows=21811 loops=1)
                                       Buckets: 32768  Batches: 1  Memory Usage: 1449kB
                                       Buffers: shared hit=14356
                                       ->  Seq Scan on item  (cost=0.00..16906.00 rows=21848 width=21) (actual time=0.048..124.267 rows=21811 loops=1)
                                             Filter: (i_category = 'Sports'::bpchar)
                                             Rows Removed by Filter: 182189
                                             Buffers: shared hit=14356
                           ->  Memoize  (cost=0.30..7.22 rows=1 width=4) (actual time=0.000..0.000 rows=0 loops=1089798)
                                 Cache Key: catalog_sales.cs_sold_date_sk
                                 Cache Mode: logical
                                 Hits: 1087660  Misses: 2138  Evictions: 0  Overflows: 0  Memory Usage: 155kB
                                 Buffers: shared hit=6411
                                 ->  Index Scan using date_dim_pkey on date_dim  (cost=0.29..7.21 rows=1 width=4) (actual time=0.012..0.012 rows=0 loops=2138)
                                       Index Cond: (d_date_sk = catalog_sales.cs_sold_date_sk)
                                       Filter: (d_year = 1998)
                                       Rows Removed by Filter: 1
                                       Buffers: shared hit=6411
                     ->  Index Scan using customer_demographics_pkey on customer_demographics  (cost=0.43..7.36 rows=1 width=8) (actual time=0.010..0.010 rows=0 loops=133360)
                           Index Cond: (cd_demo_sk = catalog_sales.cs_bill_cdemo_sk)
                           Filter: ((cd_gender = 'M'::bpchar) AND (cd_education_status = 'Advanced Degree'::bpchar))
                           Rows Removed by Filter: 1
                           Buffers: shared hit=471938 read=60690
               ->  Index Scan using customer_pkey on customer  (cost=0.43..7.35 rows=1 width=12) (actual time=0.013..0.013 rows=0 loops=7062)
                     Index Cond: (c_customer_sk = catalog_sales.cs_bill_customer_sk)
                     Filter: (c_birth_month = 10)
                     Rows Removed by Filter: 1
                     Buffers: shared hit=25859 read=2373
         ->  Index Scan using customer_address_pkey on customer_address  (cost=0.42..7.35 rows=1 width=35) (actual time=0.016..0.016 rows=0 loops=1004)
               Index Cond: (ca_address_sk = customer.c_current_addr_sk)
               Filter: (ca_state = ANY ('{AL,IA,TX}'::bpchar[]))
               Rows Removed by Filter: 1
               Buffers: shared hit=2342 read=1674
 Planning:
   Buffers: shared hit=454
 Planning Time: 4.409 ms
 Execution Time: 49680.871 ms
(53 rows)

