                                                                              QUERY PLAN                                                                               
-----------------------------------------------------------------------------------------------------------------------------------------------------------------------
 Aggregate  (cost=6010508.80..6010508.81 rows=1 width=268) (actual time=48818.179..48818.185 rows=1 loops=1)
   Buffers: shared hit=482781 read=3752550
   ->  Nested Loop  (cost=17180.68..6010508.77 rows=1 width=81) (actual time=278.346..48818.105 rows=10 loops=1)
         Buffers: shared hit=482781 read=3752550
         ->  Nested Loop  (cost=17180.26..6010405.63 rows=14 width=54) (actual time=174.915..48815.313 rows=145 loops=1)
               Buffers: shared hit=482472 read=3752279
               ->  Nested Loop  (cost=17179.83..6009022.74 rows=188 width=54) (actual time=133.087..48768.582 rows=3948 loops=1)
                     Buffers: shared hit=467713 read=3751250
                     ->  Nested Loop  (cost=17179.40..5965706.92 rows=5890 width=50) (actual time=129.933..47490.744 rows=121125 loops=1)
                           Buffers: shared hit=34638 read=3700509
                           ->  Hash Join  (cost=17179.10..5920708.90 rows=1188541 width=54) (actual time=129.881..47181.187 rows=983170 loops=1)
                                 Hash Cond: (catalog_sales.cs_item_sk = item.i_item_sk)
                                 Buffers: shared hit=28227 read=3700509
                                 ->  Seq Scan on catalog_sales  (cost=0.00..5874397.76 rows=11097691 width=41) (actual time=0.060..44921.695 rows=11458169 loops=1)
                                       Filter: ((cs_wholesale_cost >= '58'::numeric) AND (cs_wholesale_cost <= '63'::numeric))
                                       Rows Removed by Filter: 132534130
                                       Buffers: shared hit=28227 read=3686153
                                 ->  Hash  (cost=16906.00..16906.00 rows=21848 width=21) (actual time=129.505..129.506 rows=21811 loops=1)
                                       Buckets: 32768  Batches: 1  Memory Usage: 1449kB
                                       Buffers: shared read=14356
                                       ->  Seq Scan on item  (cost=0.00..16906.00 rows=21848 width=21) (actual time=0.058..124.115 rows=21811 loops=1)
                                             Filter: (i_category = 'Sports'::bpchar)
                                             Rows Removed by Filter: 182189
                                             Buffers: shared read=14356
                           ->  Memoize  (cost=0.30..7.22 rows=1 width=4) (actual time=0.000..0.000 rows=0 loops=983170)
                                 Cache Key: catalog_sales.cs_sold_date_sk
                                 Cache Mode: logical
                                 Hits: 981032  Misses: 2138  Evictions: 0  Overflows: 0  Memory Usage: 155kB
                                 Buffers: shared hit=6411
                                 ->  Index Scan using date_dim_pkey on date_dim  (cost=0.29..7.21 rows=1 width=4) (actual time=0.012..0.012 rows=0 loops=2138)
                                       Index Cond: (d_date_sk = catalog_sales.cs_sold_date_sk)
                                       Filter: (d_year = 1998)
                                       Rows Removed by Filter: 1
                                       Buffers: shared hit=6411
                     ->  Index Scan using customer_pkey on customer  (cost=0.43..7.35 rows=1 width=12) (actual time=0.010..0.010 rows=0 loops=121125)
                           Index Cond: (c_customer_sk = catalog_sales.cs_bill_customer_sk)
                           Filter: (c_birth_month = 6)
                           Rows Removed by Filter: 1
                           Buffers: shared hit=433075 read=50741
               ->  Index Scan using customer_demographics_pkey on customer_demographics  (cost=0.43..7.36 rows=1 width=8) (actual time=0.011..0.011 rows=0 loops=3948)
                     Index Cond: (cd_demo_sk = catalog_sales.cs_bill_cdemo_sk)
                     Filter: ((cd_gender = 'F'::bpchar) AND (cd_education_status = '4 yr Degree'::bpchar))
                     Rows Removed by Filter: 1
                     Buffers: shared hit=14759 read=1029
         ->  Index Scan using customer_address_pkey on customer_address  (cost=0.42..7.37 rows=1 width=35) (actual time=0.018..0.018 rows=0 loops=145)
               Index Cond: (ca_address_sk = customer.c_current_addr_sk)
               Filter: (ca_state = ANY ('{IN,KS,WI}'::bpchar[]))
               Rows Removed by Filter: 1
               Buffers: shared hit=309 read=271
 Planning:
   Buffers: shared hit=405 read=49
 Planning Time: 5.092 ms
 Execution Time: 48818.833 ms
(53 rows)

