                                                                                  QUERY PLAN                                                                                  
------------------------------------------------------------------------------------------------------------------------------------------------------------------------------
 Aggregate  (cost=5958436.56..5958436.57 rows=1 width=268) (actual time=48184.368..48184.375 rows=1 loops=1)
   Buffers: shared hit=218829 read=3663898
   ->  Nested Loop  (cost=17019.78..5958436.53 rows=1 width=81) (actual time=12931.803..48184.223 rows=23 loops=1)
         Buffers: shared hit=218829 read=3663898
         ->  Nested Loop  (cost=17019.36..5958326.19 rows=15 width=54) (actual time=12923.802..48176.247 rows=422 loops=1)
               Buffers: shared hit=217957 read=3663082
               ->  Nested Loop  (cost=17018.93..5957193.65 rows=154 width=50) (actual time=12916.983..48126.013 rows=4171 loops=1)
                     Buffers: shared hit=203080 read=3661279
                     ->  Nested Loop  (cost=17018.50..5941996.49 rows=2066 width=50) (actual time=12916.949..47770.219 rows=32344 loops=1)
                           Buffers: shared hit=83962 read=3651185
                           ->  Hash Join  (cost=17018.20..5916289.08 rows=416912 width=54) (actual time=109.027..47669.033 rows=202139 loops=1)
                                 Hash Cond: (catalog_sales.cs_item_sk = item.i_item_sk)
                                 Buffers: shared hit=77551 read=3651185
                                 ->  Seq Scan on catalog_sales  (cost=0.00..5874397.76 rows=9475278 width=41) (actual time=0.048..46131.980 rows=9280537 loops=1)
                                       Filter: ((cs_wholesale_cost >= '2'::numeric) AND (cs_wholesale_cost <= '7'::numeric))
                                       Rows Removed by Filter: 134711762
                                       Buffers: shared hit=63195 read=3651185
                                 ->  Hash  (cost=16906.00..16906.00 rows=8976 width=21) (actual time=108.362..108.363 rows=8826 loops=1)
                                       Buckets: 16384  Batches: 1  Memory Usage: 611kB
                                       Buffers: shared hit=14356
                                       ->  Seq Scan on item  (cost=0.00..16906.00 rows=8976 width=21) (actual time=0.012..106.156 rows=8826 loops=1)
                                             Filter: (i_category = 'Jewelry'::bpchar)
                                             Rows Removed by Filter: 195174
                                             Buffers: shared hit=14356
                           ->  Memoize  (cost=0.30..7.22 rows=1 width=4) (actual time=0.000..0.000 rows=0 loops=202139)
                                 Cache Key: catalog_sales.cs_sold_date_sk
                                 Cache Mode: logical
                                 Hits: 200001  Misses: 2138  Evictions: 0  Overflows: 0  Memory Usage: 155kB
                                 Buffers: shared hit=6411
                                 ->  Index Scan using date_dim_pkey on date_dim  (cost=0.29..7.21 rows=1 width=4) (actual time=0.012..0.012 rows=0 loops=2138)
                                       Index Cond: (d_date_sk = catalog_sales.cs_sold_date_sk)
                                       Filter: (d_year = 2000)
                                       Rows Removed by Filter: 1
                                       Buffers: shared hit=6411
                     ->  Index Scan using customer_demographics_pkey on customer_demographics  (cost=0.43..7.36 rows=1 width=8) (actual time=0.011..0.011 rows=0 loops=32344)
                           Index Cond: (cd_demo_sk = catalog_sales.cs_bill_cdemo_sk)
                           Filter: ((cd_gender = 'M'::bpchar) AND (cd_education_status = '4 yr Degree'::bpchar))
                           Rows Removed by Filter: 1
                           Buffers: shared hit=119118 read=10094
               ->  Index Scan using customer_pkey on customer  (cost=0.43..7.35 rows=1 width=12) (actual time=0.012..0.012 rows=0 loops=4171)
                     Index Cond: (c_customer_sk = catalog_sales.cs_bill_customer_sk)
                     Filter: (c_birth_month = 1)
                     Rows Removed by Filter: 1
                     Buffers: shared hit=14877 read=1803
         ->  Index Scan using customer_address_pkey on customer_address  (cost=0.42..7.36 rows=1 width=35) (actual time=0.018..0.018 rows=0 loops=422)
               Index Cond: (ca_address_sk = customer.c_current_addr_sk)
               Filter: (ca_state = ANY ('{IA,PA,WI}'::bpchar[]))
               Rows Removed by Filter: 1
               Buffers: shared hit=872 read=816
 Planning:
   Buffers: shared hit=454
 Planning Time: 5.096 ms
 Execution Time: 48184.954 ms
(53 rows)

