                                                                                  QUERY PLAN                                                                                   
-------------------------------------------------------------------------------------------------------------------------------------------------------------------------------
 Aggregate  (cost=6055779.05..6055779.06 rows=1 width=268) (actual time=62503.658..62503.663 rows=1 loops=1)
   Buffers: shared hit=2575954 read=3816549
   ->  Nested Loop  (cost=17220.72..6055778.77 rows=10 width=81) (actual time=29586.633..62501.090 rows=489 loops=1)
         Buffers: shared hit=2575954 read=3816549
         ->  Nested Loop  (cost=17220.30..6055021.29 rows=103 width=54) (actual time=29500.605..62332.570 rows=7665 loops=1)
               Buffers: shared hit=2556829 read=3805014
               ->  Nested Loop  (cost=17219.87..6050491.17 rows=616 width=50) (actual time=29498.210..61435.229 rows=45494 loops=1)
                     Buffers: shared hit=2394096 read=3785891
                     ->  Nested Loop  (cost=17219.44..5987297.52 rows=8591 width=50) (actual time=29498.051..51346.516 rows=612004 loops=1)
                           Buffers: shared hit=6411 read=3728736
                           ->  Hash Join  (cost=17219.14..5928674.57 rows=1733543 width=54) (actual time=142.285..50578.903 rows=2531438 loops=1)
                                 Hash Cond: (catalog_sales.cs_item_sk = item.i_item_sk)
                                 Buffers: shared read=3728736
                                 ->  Seq Scan on catalog_sales  (cost=0.00..5874397.76 rows=14116916 width=41) (actual time=0.063..47581.231 rows=14129630 loops=1)
                                       Filter: ((cs_wholesale_cost >= '15'::numeric) AND (cs_wholesale_cost <= '20'::numeric))
                                       Rows Removed by Filter: 129862669
                                       Buffers: shared read=3714380
                                 ->  Hash  (cost=16906.00..16906.00 rows=25051 width=21) (actual time=141.931..141.932 rows=24688 loops=1)
                                       Buckets: 32768  Batches: 1  Memory Usage: 1607kB
                                       Buffers: shared read=14356
                                       ->  Seq Scan on item  (cost=0.00..16906.00 rows=25051 width=21) (actual time=0.028..135.788 rows=24688 loops=1)
                                             Filter: (i_category = 'Books'::bpchar)
                                             Rows Removed by Filter: 179312
                                             Buffers: shared read=14356
                           ->  Memoize  (cost=0.30..7.22 rows=1 width=4) (actual time=0.000..0.000 rows=0 loops=2531438)
                                 Cache Key: catalog_sales.cs_sold_date_sk
                                 Cache Mode: logical
                                 Hits: 2529300  Misses: 2138  Evictions: 0  Overflows: 0  Memory Usage: 155kB
                                 Buffers: shared hit=6411
                                 ->  Index Scan using date_dim_pkey on date_dim  (cost=0.29..7.21 rows=1 width=4) (actual time=0.013..0.013 rows=0 loops=2138)
                                       Index Cond: (d_date_sk = catalog_sales.cs_sold_date_sk)
                                       Filter: (d_year = 2002)
                                       Rows Removed by Filter: 1
                                       Buffers: shared hit=6411
                     ->  Index Scan using customer_demographics_pkey on customer_demographics  (cost=0.43..7.36 rows=1 width=8) (actual time=0.016..0.016 rows=0 loops=612004)
                           Index Cond: (cd_demo_sk = catalog_sales.cs_bill_cdemo_sk)
                           Filter: ((cd_gender = 'M'::bpchar) AND (cd_education_status = 'Primary'::bpchar))
                           Rows Removed by Filter: 1
                           Buffers: shared hit=2387685 read=57155
               ->  Index Scan using customer_pkey on customer  (cost=0.43..7.35 rows=1 width=12) (actual time=0.019..0.019 rows=0 loops=45494)
                     Index Cond: (c_customer_sk = catalog_sales.cs_bill_customer_sk)
                     Filter: (c_birth_month = 4)
                     Rows Removed by Filter: 1
                     Buffers: shared hit=162733 read=19123
         ->  Index Scan using customer_address_pkey on customer_address  (cost=0.42..7.35 rows=1 width=35) (actual time=0.022..0.022 rows=0 loops=7665)
               Index Cond: (ca_address_sk = customer.c_current_addr_sk)
               Filter: (ca_state = ANY ('{KY,MI,NC}'::bpchar[]))
               Rows Removed by Filter: 1
               Buffers: shared hit=19125 read=11535
 Planning:
   Buffers: shared hit=404 read=50
 Planning Time: 5.094 ms
 Execution Time: 62504.312 ms
(53 rows)

