                                                                              QUERY PLAN                                                                               
-----------------------------------------------------------------------------------------------------------------------------------------------------------------------
 Aggregate  (cost=5963606.50..5963606.51 rows=1 width=268) (actual time=45210.876..45210.881 rows=1 loops=1)
   Buffers: shared hit=469756 read=3783607
   ->  Nested Loop  (cost=17437.73..5963606.47 rows=1 width=81) (actual time=19121.768..45210.469 rows=61 loops=1)
         Buffers: shared hit=469756 read=3783607
         ->  Nested Loop  (cost=17437.31..5963510.77 rows=13 width=54) (actual time=19018.620..45196.203 rows=872 loops=1)
               Buffers: shared hit=467627 read=3782248
               ->  Nested Loop  (cost=17436.88..5962186.69 rows=180 width=54) (actual time=19013.074..45130.153 rows=5786 loops=1)
                     Buffers: shared hit=444710 read=3782045
                     ->  Nested Loop  (cost=17436.45..5935092.37 rows=3684 width=50) (actual time=19012.078..43789.336 rows=123055 loops=1)
                           Buffers: shared hit=26680 read=3708467
                           ->  Hash Join  (cost=17436.15..5901221.19 rows=743463 width=54) (actual time=124.527..43529.113 rows=779564 loops=1)
                                 Hash Cond: (catalog_sales.cs_item_sk = item.i_item_sk)
                                 Buffers: shared hit=20269 read=3708467
                                 ->  Seq Scan on catalog_sales  (cost=0.00..5874397.76 rows=3576029 width=41) (actual time=0.109..42457.716 rows=3595775 loops=1)
                                       Filter: ((cs_wholesale_cost >= '79'::numeric) AND (cs_wholesale_cost <= '84'::numeric))
                                       Rows Removed by Filter: 140396524
                                       Buffers: shared hit=5913 read=3708467
                                 ->  Hash  (cost=16906.00..16906.00 rows=42412 width=21) (actual time=123.864..123.865 rows=42041 loops=1)
                                       Buckets: 65536  Batches: 1  Memory Usage: 2812kB
                                       Buffers: shared hit=14356
                                       ->  Seq Scan on item  (cost=0.00..16906.00 rows=42412 width=21) (actual time=0.025..115.980 rows=42041 loops=1)
                                             Filter: (i_category = 'Electronics'::bpchar)
                                             Rows Removed by Filter: 161959
                                             Buffers: shared hit=14356
                           ->  Memoize  (cost=0.30..7.22 rows=1 width=4) (actual time=0.000..0.000 rows=0 loops=779564)
                                 Cache Key: catalog_sales.cs_sold_date_sk
                                 Cache Mode: logical
                                 Hits: 777426  Misses: 2138  Evictions: 0  Overflows: 0  Memory Usage: 155kB
                                 Buffers: shared hit=6411
                                 ->  Index Scan using date_dim_pkey on date_dim  (cost=0.29..7.21 rows=1 width=4) (actual time=0.012..0.012 rows=0 loops=2138)
                                       Index Cond: (d_date_sk = catalog_sales.cs_sold_date_sk)
                                       Filter: (d_year = 2001)
                                       Rows Removed by Filter: 1
                                       Buffers: shared hit=6411
                     ->  Index Scan using customer_pkey on customer  (cost=0.43..7.35 rows=1 width=12) (actual time=0.011..0.011 rows=0 loops=123055)
                           Index Cond: (c_customer_sk = catalog_sales.cs_bill_customer_sk)
                           Filter: (c_birth_month = 7)
                           Rows Removed by Filter: 1
                           Buffers: shared hit=418030 read=73578
               ->  Index Scan using customer_demographics_pkey on customer_demographics  (cost=0.43..7.36 rows=1 width=8) (actual time=0.011..0.011 rows=0 loops=5786)
                     Index Cond: (cd_demo_sk = catalog_sales.cs_bill_cdemo_sk)
                     Filter: ((cd_gender = 'M'::bpchar) AND (cd_education_status = 'Unknown'::bpchar))
                     Rows Removed by Filter: 1
                     Buffers: shared hit=22917 read=203
         ->  Index Scan using customer_address_pkey on customer_address  (cost=0.42..7.36 rows=1 width=35) (actual time=0.016..0.016 rows=0 loops=872)
               Index Cond: (ca_address_sk = customer.c_current_addr_sk)
               Filter: (ca_state = ANY ('{NC,NE,WI}'::bpchar[]))
               Rows Removed by Filter: 1
               Buffers: shared hit=2129 read=1359
 Planning:
   Buffers: shared hit=454
 Planning Time: 4.800 ms
 Execution Time: 45211.560 ms
(53 rows)

