                                                                                  QUERY PLAN                                                                                  
------------------------------------------------------------------------------------------------------------------------------------------------------------------------------
 Aggregate  (cost=5965926.78..5965926.79 rows=1 width=268) (actual time=48789.777..48789.783 rows=1 loops=1)
   Buffers: shared hit=191232 read=3645615
   ->  Nested Loop  (cost=16954.16..5965926.76 rows=1 width=81) (actual time=13683.024..48789.651 rows=19 loops=1)
         Buffers: shared hit=191232 read=3645615
         ->  Nested Loop  (cost=16953.73..5965853.19 rows=10 width=54) (actual time=13214.559..48784.045 rows=286 loops=1)
               Buffers: shared hit=190548 read=3645155
               ->  Nested Loop  (cost=16953.31..5965081.02 rows=105 width=50) (actual time=13174.504..48741.436 rows=2916 loops=1)
                     Buffers: shared hit=180916 read=3643127
                     ->  Nested Loop  (cost=16952.88..5954694.64 rows=1412 width=50) (actual time=13174.453..48473.187 rows=22253 loops=1)
                           Buffers: shared hit=93921 read=3641226
                           ->  Hash Join  (cost=16952.58..5932288.92 rows=284844 width=54) (actual time=144.062..48386.128 rows=142144 loops=1)
                                 Hash Cond: (catalog_sales.cs_item_sk = item.i_item_sk)
                                 Buffers: shared hit=87510 read=3641226
                                 ->  Seq Scan on catalog_sales  (cost=0.00..5874397.76 rows=15595328 width=41) (actual time=0.029..46297.262 rows=15696054 loops=1)
                                       Filter: ((cs_wholesale_cost >= '26'::numeric) AND (cs_wholesale_cost <= '31'::numeric))
                                       Rows Removed by Filter: 128296245
                                       Buffers: shared hit=73154 read=3641226
                                 ->  Hash  (cost=16906.00..16906.00 rows=3726 width=21) (actual time=143.326..143.327 rows=3713 loops=1)
                                       Buckets: 4096  Batches: 1  Memory Usage: 236kB
                                       Buffers: shared hit=14356
                                       ->  Seq Scan on item  (cost=0.00..16906.00 rows=3726 width=21) (actual time=0.031..142.246 rows=3713 loops=1)
                                             Filter: (i_category = 'Music'::bpchar)
                                             Rows Removed by Filter: 200287
                                             Buffers: shared hit=14356
                           ->  Memoize  (cost=0.30..7.22 rows=1 width=4) (actual time=0.000..0.000 rows=0 loops=142144)
                                 Cache Key: catalog_sales.cs_sold_date_sk
                                 Cache Mode: logical
                                 Hits: 140006  Misses: 2138  Evictions: 0  Overflows: 0  Memory Usage: 155kB
                                 Buffers: shared hit=6411
                                 ->  Index Scan using date_dim_pkey on date_dim  (cost=0.29..7.21 rows=1 width=4) (actual time=0.012..0.012 rows=0 loops=2138)
                                       Index Cond: (d_date_sk = catalog_sales.cs_sold_date_sk)
                                       Filter: (d_year = 2000)
                                       Rows Removed by Filter: 1
                                       Buffers: shared hit=6411
                     ->  Index Scan using customer_demographics_pkey on customer_demographics  (cost=0.43..7.36 rows=1 width=8) (actual time=0.012..0.012 rows=0 loops=22253)
                           Index Cond: (cd_demo_sk = catalog_sales.cs_bill_cdemo_sk)
                           Filter: ((cd_gender = 'M'::bpchar) AND (cd_education_status = '4 yr Degree'::bpchar))
                           Rows Removed by Filter: 1
                           Buffers: shared hit=86995 read=1901
               ->  Index Scan using customer_pkey on customer  (cost=0.43..7.35 rows=1 width=12) (actual time=0.014..0.014 rows=0 loops=2916)
                     Index Cond: (c_customer_sk = catalog_sales.cs_bill_customer_sk)
                     Filter: (c_birth_month = 2)
                     Rows Removed by Filter: 1
                     Buffers: shared hit=9632 read=2028
         ->  Index Scan using customer_address_pkey on customer_address  (cost=0.42..7.36 rows=1 width=35) (actual time=0.018..0.018 rows=0 loops=286)
               Index Cond: (ca_address_sk = customer.c_current_addr_sk)
               Filter: (ca_state = ANY ('{AK,GA,NM}'::bpchar[]))
               Rows Removed by Filter: 1
               Buffers: shared hit=684 read=460
 Planning:
   Buffers: shared hit=454
 Planning Time: 2.130 ms
 Execution Time: 48790.113 ms
(53 rows)

