                                                                             QUERY PLAN                                                                             
--------------------------------------------------------------------------------------------------------------------------------------------------------------------
 Aggregate  (cost=6022797.73..6022797.74 rows=1 width=268) (actual time=52148.194..52148.199 rows=1 loops=1)
   Buffers: shared hit=898087 read=3840608
   ->  Nested Loop  (cost=17220.72..6022797.70 rows=1 width=81) (actual time=6669.468..52147.950 rows=36 loops=1)
         Buffers: shared hit=898087 read=3840608
         ->  Nested Loop  (cost=17220.29..6022635.87 rows=22 width=81) (actual time=6669.432..52131.319 rows=723 loops=1)
               Buffers: shared hit=895309 read=3840494
               ->  Nested Loop  (cost=17219.87..6019765.46 rows=390 width=54) (actual time=6669.401..51903.984 rows=13630 loops=1)
                     Buffers: shared hit=857310 read=3823973
                     ->  Nested Loop  (cost=17219.44..5970103.04 rows=6753 width=50) (actual time=6668.152..48692.540 rows=236797 loops=1)
                           Buffers: shared hit=21149 read=3713998
                           ->  Hash Join  (cost=17219.14..5920748.94 rows=1362786 width=54) (actual time=133.545..48086.090 rows=2056832 loops=1)
                                 Hash Cond: (catalog_sales.cs_item_sk = item.i_item_sk)
                                 Buffers: shared hit=14738 read=3713998
                                 ->  Seq Scan on catalog_sales  (cost=0.00..5874397.76 rows=11097691 width=41) (actual time=0.034..45533.513 rows=11458169 loops=1)
                                       Filter: ((cs_wholesale_cost >= '54'::numeric) AND (cs_wholesale_cost <= '59'::numeric))
                                       Rows Removed by Filter: 132534130
                                       Buffers: shared hit=382 read=3713998
                                 ->  Hash  (cost=16906.00..16906.00 rows=25051 width=21) (actual time=132.849..132.850 rows=24688 loops=1)
                                       Buckets: 32768  Batches: 1  Memory Usage: 1607kB
                                       Buffers: shared hit=14356
                                       ->  Seq Scan on item  (cost=0.00..16906.00 rows=25051 width=21) (actual time=0.012..127.822 rows=24688 loops=1)
                                             Filter: (i_category = 'Books'::bpchar)
                                             Rows Removed by Filter: 179312
                                             Buffers: shared hit=14356
                           ->  Memoize  (cost=0.30..7.22 rows=1 width=4) (actual time=0.000..0.000 rows=0 loops=2056832)
                                 Cache Key: catalog_sales.cs_sold_date_sk
                                 Cache Mode: logical
                                 Hits: 2054694  Misses: 2138  Evictions: 0  Overflows: 0  Memory Usage: 155kB
                                 Buffers: shared hit=6411
                                 ->  Index Scan using date_dim_pkey on date_dim  (cost=0.29..7.21 rows=1 width=4) (actual time=0.013..0.013 rows=0 loops=2138)
                                       Index Cond: (d_date_sk = catalog_sales.cs_sold_date_sk)
                                       Filter: (d_year = 1999)
                                       Rows Removed by Filter: 1
                                       Buffers: shared hit=6411
                     ->  Index Scan using customer_pkey on customer  (cost=0.43..7.35 rows=1 width=12) (actual time=0.013..0.013 rows=0 loops=236797)
                           Index Cond: (c_customer_sk = catalog_sales.cs_bill_customer_sk)
                           Filter: (c_birth_month = 3)
                           Rows Removed by Filter: 1
                           Buffers: shared hit=836161 read=109975
               ->  Index Scan using customer_address_pkey on customer_address  (cost=0.42..7.36 rows=1 width=35) (actual time=0.016..0.016 rows=0 loops=13630)
                     Index Cond: (ca_address_sk = customer.c_current_addr_sk)
                     Filter: (ca_state = ANY ('{AR,IN,WY}'::bpchar[]))
                     Rows Removed by Filter: 1
                     Buffers: shared hit=37999 read=16521
         ->  Index Scan using customer_demographics_pkey on customer_demographics  (cost=0.43..7.36 rows=1 width=8) (actual time=0.022..0.022 rows=0 loops=723)
               Index Cond: (cd_demo_sk = catalog_sales.cs_bill_cdemo_sk)
               Filter: ((cd_gender = 'M'::bpchar) AND (cd_education_status = 'Advanced Degree'::bpchar))
               Rows Removed by Filter: 1
               Buffers: shared hit=2778 read=114
 Planning:
   Buffers: shared hit=454
 Planning Time: 3.324 ms
 Execution Time: 52148.685 ms
(53 rows)

