                                                                              QUERY PLAN                                                                              
----------------------------------------------------------------------------------------------------------------------------------------------------------------------
 Aggregate  (cost=5918685.37..5918685.38 rows=1 width=268) (actual time=45821.804..45821.808 rows=1 loops=1)
   Buffers: shared hit=110391 read=3643800
   ->  Nested Loop  (cost=16954.16..5918685.34 rows=1 width=81) (actual time=45821.798..45821.803 rows=0 loops=1)
         Buffers: shared hit=110391 read=3643800
         ->  Nested Loop  (cost=16953.73..5918677.98 rows=1 width=54) (actual time=14116.476..45821.730 rows=3 loops=1)
               Buffers: shared hit=110384 read=3643795
               ->  Nested Loop  (cost=16953.31..5918597.06 rows=11 width=54) (actual time=12196.334..45818.580 rows=183 loops=1)
                     Buffers: shared hit=109831 read=3643620
                     ->  Nested Loop  (cost=16952.88..5916471.56 rows=289 width=50) (actual time=12157.421..45754.369 rows=4584 loops=1)
                           Buffers: shared hit=93562 read=3641573
                           ->  Hash Join  (cost=16952.58..5899729.58 rows=58301 width=54) (actual time=111.724..45702.355 rows=29450 loops=1)
                                 Hash Cond: (catalog_sales.cs_item_sk = item.i_item_sk)
                                 Buffers: shared hit=87163 read=3641573
                                 ->  Seq Scan on catalog_sales  (cost=0.00..5874397.76 rows=3192026 width=41) (actual time=0.071..44985.615 rows=3238451 loops=1)
                                       Filter: ((cs_wholesale_cost >= '31'::numeric) AND (cs_wholesale_cost <= '36'::numeric))
                                       Rows Removed by Filter: 140753848
                                       Buffers: shared hit=72807 read=3641573
                                 ->  Hash  (cost=16906.00..16906.00 rows=3726 width=21) (actual time=111.352..111.353 rows=3713 loops=1)
                                       Buckets: 4096  Batches: 1  Memory Usage: 236kB
                                       Buffers: shared hit=14356
                                       ->  Seq Scan on item  (cost=0.00..16906.00 rows=3726 width=21) (actual time=0.047..110.424 rows=3713 loops=1)
                                             Filter: (i_category = 'Music'::bpchar)
                                             Rows Removed by Filter: 200287
                                             Buffers: shared hit=14356
                           ->  Memoize  (cost=0.30..7.22 rows=1 width=4) (actual time=0.001..0.001 rows=0 loops=29450)
                                 Cache Key: catalog_sales.cs_sold_date_sk
                                 Cache Mode: logical
                                 Hits: 27316  Misses: 2134  Evictions: 0  Overflows: 0  Memory Usage: 155kB
                                 Buffers: shared hit=6399
                                 ->  Index Scan using date_dim_pkey on date_dim  (cost=0.29..7.21 rows=1 width=4) (actual time=0.012..0.012 rows=0 loops=2134)
                                       Index Cond: (d_date_sk = catalog_sales.cs_sold_date_sk)
                                       Filter: (d_year = 2000)
                                       Rows Removed by Filter: 1
                                       Buffers: shared hit=6399
                     ->  Index Scan using customer_pkey on customer  (cost=0.43..7.35 rows=1 width=12) (actual time=0.014..0.014 rows=0 loops=4584)
                           Index Cond: (c_customer_sk = catalog_sales.cs_bill_customer_sk)
                           Filter: (c_birth_month = 9)
                           Rows Removed by Filter: 1
                           Buffers: shared hit=16269 read=2047
               ->  Index Scan using customer_demographics_pkey on customer_demographics  (cost=0.43..7.36 rows=1 width=8) (actual time=0.016..0.016 rows=0 loops=183)
                     Index Cond: (cd_demo_sk = catalog_sales.cs_bill_cdemo_sk)
                     Filter: ((cd_gender = 'F'::bpchar) AND (cd_education_status = 'Primary'::bpchar))
                     Rows Removed by Filter: 1
                     Buffers: shared hit=553 read=175
         ->  Index Scan using customer_address_pkey on customer_address  (cost=0.42..7.36 rows=1 width=35) (actual time=0.022..0.023 rows=0 loops=3)
               Index Cond: (ca_address_sk = customer.c_current_addr_sk)
               Filter: (ca_state = ANY ('{IA,LA,MD}'::bpchar[]))
               Rows Removed by Filter: 1
               Buffers: shared hit=7 read=5
 Planning:
   Buffers: shared hit=454
 Planning Time: 4.587 ms
 Execution Time: 45822.460 ms
(53 rows)

