                                                                                     QUERY PLAN                                                                                      
-------------------------------------------------------------------------------------------------------------------------------------------------------------------------------------
 Aggregate  (cost=5982702.35..5982702.36 rows=1 width=268) (actual time=54099.804..54099.809 rows=1 loops=1)
   Buffers: shared hit=1826658 read=3746668
   ->  Nested Loop  (cost=2393.34..5982702.33 rows=1 width=81) (actual time=11842.646..54099.660 rows=19 loops=1)
         Buffers: shared hit=1826658 read=3746668
         ->  Nested Loop  (cost=2392.92..5982665.60 rows=5 width=68) (actual time=11716.766..54095.040 rows=184 loops=1)
               Buffers: shared hit=1826127 read=3746463
               ->  Nested Loop  (cost=2392.49..5982018.25 rows=88 width=41) (actual time=11635.288..53986.891 rows=4249 loops=1)
                     Buffers: shared hit=1815378 read=3740216
                     ->  Nested Loop  (cost=2392.07..5975457.70 rows=892 width=37) (actual time=11631.462..53124.440 rows=43915 loops=1)
                           Buffers: shared hit=1669802 read=3710200
                           ->  Hash Join  (cost=2391.64..5883417.43 rows=12512 width=37) (actual time=11631.117..45898.063 rows=416567 loops=1)
                                 Hash Cond: (catalog_sales.cs_sold_date_sk = date_dim.d_date_sk)
                                 Buffers: shared hit=64109 read=3651745
                                 ->  Seq Scan on catalog_sales  (cost=0.00..5874397.76 rows=2524821 width=41) (actual time=0.147..45475.801 rows=2625628 loops=1)
                                       Filter: ((cs_wholesale_cost >= '44'::numeric) AND (cs_wholesale_cost <= '49'::numeric))
                                       Rows Removed by Filter: 141366671
                                       Buffers: shared hit=64067 read=3650313
                                 ->  Hash  (cost=2387.11..2387.11 rows=362 width=4) (actual time=24.474..24.475 rows=366 loops=1)
                                       Buckets: 1024  Batches: 1  Memory Usage: 21kB
                                       Buffers: shared hit=42 read=1432
                                       ->  Seq Scan on date_dim  (cost=0.00..2387.11 rows=362 width=4) (actual time=15.094..24.417 rows=366 loops=1)
                                             Filter: (d_year = 2000)
                                             Rows Removed by Filter: 72683
                                             Buffers: shared hit=42 read=1432
                           ->  Index Scan using customer_demographics_pkey on customer_demographics  (cost=0.43..7.36 rows=1 width=8) (actual time=0.017..0.017 rows=0 loops=416567)
                                 Index Cond: (cd_demo_sk = catalog_sales.cs_bill_cdemo_sk)
                                 Filter: ((cd_gender = 'M'::bpchar) AND (cd_education_status = 'College'::bpchar))
                                 Rows Removed by Filter: 1
                                 Buffers: shared hit=1605693 read=58455
                     ->  Index Scan using customer_pkey on customer  (cost=0.43..7.35 rows=1 width=12) (actual time=0.019..0.019 rows=0 loops=43915)
                           Index Cond: (c_customer_sk = catalog_sales.cs_bill_customer_sk)
                           Filter: (c_birth_month = 1)
                           Rows Removed by Filter: 1
                           Buffers: shared hit=145576 read=30016
               ->  Index Scan using customer_address_pkey on customer_address  (cost=0.42..7.36 rows=1 width=35) (actual time=0.025..0.025 rows=0 loops=4249)
                     Index Cond: (ca_address_sk = customer.c_current_addr_sk)
                     Filter: (ca_state = ANY ('{ID,MO,VT}'::bpchar[]))
                     Rows Removed by Filter: 1
                     Buffers: shared hit=10749 read=6247
         ->  Index Scan using item_pkey on item  (cost=0.42..7.34 rows=1 width=21) (actual time=0.024..0.024 rows=0 loops=184)
               Index Cond: (i_item_sk = catalog_sales.cs_item_sk)
               Filter: (i_category = 'Shoes'::bpchar)
               Rows Removed by Filter: 1
               Buffers: shared hit=531 read=205
 Planning:
   Buffers: shared hit=454
 Planning Time: 4.684 ms
 Execution Time: 54100.283 ms
(48 rows)

