                                                                              QUERY PLAN                                                                              
----------------------------------------------------------------------------------------------------------------------------------------------------------------------
 Aggregate  (cost=5914443.21..5914443.22 rows=1 width=268) (actual time=46085.309..46085.313 rows=1 loops=1)
   Buffers: shared hit=147844 read=3649071
   ->  Nested Loop  (cost=17045.03..5914443.19 rows=1 width=81) (actual time=46085.304..46085.308 rows=0 loops=1)
         Buffers: shared hit=147844 read=3649071
         ->  Nested Loop  (cost=17044.61..5914435.82 rows=1 width=54) (actual time=19558.976..46085.061 rows=12 loops=1)
               Buffers: shared hit=147816 read=3649051
               ->  Nested Loop  (cost=17044.18..5914332.83 rows=14 width=54) (actual time=19392.118..46077.609 rows=582 loops=1)
                     Buffers: shared hit=145528 read=3649011
                     ->  Nested Loop  (cost=17043.75..5911817.14 rows=342 width=50) (actual time=19392.083..45879.633 rows=14871 loops=1)
                           Buffers: shared hit=99433 read=3635714
                           ->  Hash Join  (cost=17043.45..5894805.51 rows=69081 width=54) (actual time=107.919..45806.811 rows=73082 loops=1)
                                 Hash Cond: (catalog_sales.cs_item_sk = item.i_item_sk)
                                 Buffers: shared hit=93022 read=3635714
                                 ->  Seq Scan on catalog_sales  (cost=0.00..5874397.76 rows=1281611 width=41) (actual time=0.083..45404.421 rows=1213654 loops=1)
                                       Filter: ((cs_wholesale_cost >= '17'::numeric) AND (cs_wholesale_cost <= '22'::numeric))
                                       Rows Removed by Filter: 142778645
                                       Buffers: shared hit=78801 read=3635579
                                 ->  Hash  (cost=16906.00..16906.00 rows=10996 width=21) (actual time=107.758..107.758 rows=11037 loops=1)
                                       Buckets: 16384  Batches: 1  Memory Usage: 732kB
                                       Buffers: shared hit=14221 read=135
                                       ->  Seq Scan on item  (cost=0.00..16906.00 rows=10996 width=21) (actual time=0.034..105.574 rows=11037 loops=1)
                                             Filter: (i_category = 'Women'::bpchar)
                                             Rows Removed by Filter: 192963
                                             Buffers: shared hit=14221 read=135
                           ->  Memoize  (cost=0.30..7.22 rows=1 width=4) (actual time=0.001..0.001 rows=0 loops=73082)
                                 Cache Key: catalog_sales.cs_sold_date_sk
                                 Cache Mode: logical
                                 Hits: 70944  Misses: 2138  Evictions: 0  Overflows: 0  Memory Usage: 155kB
                                 Buffers: shared hit=6411
                                 ->  Index Scan using date_dim_pkey on date_dim  (cost=0.29..7.21 rows=1 width=4) (actual time=0.015..0.015 rows=0 loops=2138)
                                       Index Cond: (d_date_sk = catalog_sales.cs_sold_date_sk)
                                       Filter: (d_year = 2001)
                                       Rows Removed by Filter: 1
                                       Buffers: shared hit=6411
                     ->  Index Scan using customer_pkey on customer  (cost=0.43..7.36 rows=1 width=12) (actual time=0.013..0.013 rows=0 loops=14871)
                           Index Cond: (c_customer_sk = catalog_sales.cs_bill_customer_sk)
                           Filter: (c_birth_month = 9)
                           Rows Removed by Filter: 1
                           Buffers: shared hit=46095 read=13297
               ->  Index Scan using customer_demographics_pkey on customer_demographics  (cost=0.43..7.36 rows=1 width=8) (actual time=0.012..0.012 rows=0 loops=582)
                     Index Cond: (cd_demo_sk = catalog_sales.cs_bill_cdemo_sk)
                     Filter: ((cd_gender = 'F'::bpchar) AND (cd_education_status = '4 yr Degree'::bpchar))
                     Rows Removed by Filter: 1
                     Buffers: shared hit=2288 read=40
         ->  Index Scan using customer_address_pkey on customer_address  (cost=0.42..7.36 rows=1 width=35) (actual time=0.019..0.019 rows=0 loops=12)
               Index Cond: (ca_address_sk = customer.c_current_addr_sk)
               Filter: (ca_state = ANY ('{AR,MN,UT}'::bpchar[]))
               Rows Removed by Filter: 1
               Buffers: shared hit=28 read=20
 Planning:
   Buffers: shared hit=409 read=45
 Planning Time: 2.176 ms
 Execution Time: 46085.654 ms
(53 rows)

