                                                                               QUERY PLAN                                                                               
------------------------------------------------------------------------------------------------------------------------------------------------------------------------
 Aggregate  (cost=6033213.49..6033213.50 rows=1 width=268) (actual time=56080.510..56080.516 rows=1 loops=1)
   Buffers: shared hit=1705854 read=3854772
   ->  Nested Loop  (cost=19829.07..6033213.36 rows=5 width=81) (actual time=6466.361..56080.037 rows=73 loops=1)
         Buffers: shared hit=1705854 read=3854772
         ->  Nested Loop  (cost=19828.64..6032712.98 rows=68 width=54) (actual time=6338.985..56049.709 rows=1108 loops=1)
               Buffers: shared hit=1703286 read=3852908
               ->  Nested Loop  (cost=19828.22..6025923.57 rows=923 width=54) (actual time=6289.942..55532.723 rows=29209 loops=1)
                     Buffers: shared hit=1589284 read=3850170
                     ->  Hash Join  (cost=19827.79..5928239.10 rows=13283 width=50) (actual time=6289.192..48184.014 rows=427865 loops=1)
                           Hash Cond: (catalog_sales.cs_item_sk = item.i_item_sk)
                           Buffers: shared hit=14637 read=3715573
                           ->  Hash Join  (cost=2391.64..5910635.23 rows=63892 width=37) (actual time=6174.361..47705.327 rows=1680111 loops=1)
                                 Hash Cond: (catalog_sales.cs_sold_date_sk = date_dim.d_date_sk)
                                 Buffers: shared hit=281 read=3715573
                                 ->  Seq Scan on catalog_sales  (cost=0.00..5874397.76 rows=12892906 width=41) (actual time=0.056..46309.228 rows=12722112 loops=1)
                                       Filter: ((cs_wholesale_cost >= '35'::numeric) AND (cs_wholesale_cost <= '40'::numeric))
                                       Rows Removed by Filter: 131270187
                                       Buffers: shared hit=239 read=3714141
                                 ->  Hash  (cost=2387.11..2387.11 rows=362 width=4) (actual time=21.503..21.504 rows=365 loops=1)
                                       Buckets: 1024  Batches: 1  Memory Usage: 21kB
                                       Buffers: shared hit=42 read=1432
                                       ->  Seq Scan on date_dim  (cost=0.00..2387.11 rows=362 width=4) (actual time=12.191..21.445 rows=365 loops=1)
                                             Filter: (d_year = 1999)
                                             Rows Removed by Filter: 72684
                                             Buffers: shared hit=42 read=1432
                           ->  Hash  (cost=16906.00..16906.00 rows=42412 width=21) (actual time=114.601..114.602 rows=42041 loops=1)
                                 Buckets: 65536  Batches: 1  Memory Usage: 2812kB
                                 Buffers: shared hit=14356
                                 ->  Seq Scan on item  (cost=0.00..16906.00 rows=42412 width=21) (actual time=0.020..107.694 rows=42041 loops=1)
                                       Filter: (i_category = 'Electronics'::bpchar)
                                       Rows Removed by Filter: 161959
                                       Buffers: shared hit=14356
                     ->  Index Scan using customer_pkey on customer  (cost=0.43..7.35 rows=1 width=12) (actual time=0.017..0.017 rows=0 loops=427865)
                           Index Cond: (c_customer_sk = catalog_sales.cs_bill_customer_sk)
                           Filter: (c_birth_month = 12)
                           Rows Removed by Filter: 1
                           Buffers: shared hit=1574647 read=134597
               ->  Index Scan using customer_demographics_pkey on customer_demographics  (cost=0.43..7.36 rows=1 width=8) (actual time=0.017..0.017 rows=0 loops=29209)
                     Index Cond: (cd_demo_sk = catalog_sales.cs_bill_cdemo_sk)
                     Filter: ((cd_gender = 'F'::bpchar) AND (cd_education_status = '4 yr Degree'::bpchar))
                     Rows Removed by Filter: 1
                     Buffers: shared hit=114002 read=2738
         ->  Index Scan using customer_address_pkey on customer_address  (cost=0.42..7.36 rows=1 width=35) (actual time=0.026..0.026 rows=0 loops=1108)
               Index Cond: (ca_address_sk = customer.c_current_addr_sk)
               Filter: (ca_state = ANY ('{AR,NC,WI}'::bpchar[]))
               Rows Removed by Filter: 1
               Buffers: shared hit=2568 read=1864
 Planning:
   Buffers: shared hit=454
 Planning Time: 4.648 ms
 Execution Time: 56081.058 ms
(51 rows)

