                                                                                  QUERY PLAN                                                                                   
-------------------------------------------------------------------------------------------------------------------------------------------------------------------------------
 Aggregate  (cost=5974508.80..5974508.81 rows=1 width=268) (actual time=51706.694..51706.699 rows=1 loops=1)
   Buffers: shared hit=1471158 read=3738781
   ->  Nested Loop  (cost=17119.15..5974508.72 rows=3 width=81) (actual time=27365.875..51706.134 rows=92 loops=1)
         Buffers: shared hit=1471158 read=3738781
         ->  Nested Loop  (cost=17118.72..5974332.17 rows=24 width=54) (actual time=27280.784..51661.398 rows=2189 loops=1)
               Buffers: shared hit=1466249 read=3734934
               ->  Nested Loop  (cost=17118.29..5972530.39 rows=245 width=50) (actual time=27273.851..51327.292 rows=22317 loops=1)
                     Buffers: shared hit=1380766 read=3731213
                     ->  Nested Loop  (cost=17117.87..5946792.27 rows=3499 width=50) (actual time=27273.077..46642.436 rows=344636 loops=1)
                           Buffers: shared hit=53173 read=3681974
                           ->  Hash Join  (cost=17117.56..5913855.77 rows=706077 width=54) (actual time=135.449..46178.595 rows=1458185 loops=1)
                                 Hash Cond: (catalog_sales.cs_item_sk = item.i_item_sk)
                                 Buffers: shared hit=46763 read=3681973
                                 ->  Seq Scan on catalog_sales  (cost=0.00..5874397.76 rows=8510470 width=41) (actual time=0.076..44307.936 rows=8494738 loops=1)
                                       Filter: ((cs_wholesale_cost >= '67'::numeric) AND (cs_wholesale_cost <= '72'::numeric))
                                       Rows Removed by Filter: 135497561
                                       Buffers: shared hit=46754 read=3667626
                                 ->  Hash  (cost=16906.00..16906.00 rows=16925 width=21) (actual time=135.035..135.035 rows=17141 loops=1)
                                       Buckets: 32768  Batches: 1  Memory Usage: 1194kB
                                       Buffers: shared hit=9 read=14347
                                       ->  Seq Scan on item  (cost=0.00..16906.00 rows=16925 width=21) (actual time=0.032..130.510 rows=17141 loops=1)
                                             Filter: (i_category = 'Home'::bpchar)
                                             Rows Removed by Filter: 186859
                                             Buffers: shared hit=9 read=14347
                           ->  Memoize  (cost=0.30..7.22 rows=1 width=4) (actual time=0.000..0.000 rows=0 loops=1458185)
                                 Cache Key: catalog_sales.cs_sold_date_sk
                                 Cache Mode: logical
                                 Hits: 1456047  Misses: 2138  Evictions: 0  Overflows: 0  Memory Usage: 155kB
                                 Buffers: shared hit=6410 read=1
                                 ->  Index Scan using date_dim_pkey on date_dim  (cost=0.29..7.21 rows=1 width=4) (actual time=0.013..0.013 rows=0 loops=2138)
                                       Index Cond: (d_date_sk = catalog_sales.cs_sold_date_sk)
                                       Filter: (d_year = 2002)
                                       Rows Removed by Filter: 1
                                       Buffers: shared hit=6410 read=1
                     ->  Index Scan using customer_demographics_pkey on customer_demographics  (cost=0.43..7.36 rows=1 width=8) (actual time=0.013..0.013 rows=0 loops=344636)
                           Index Cond: (cd_demo_sk = catalog_sales.cs_bill_cdemo_sk)
                           Filter: ((cd_gender = 'F'::bpchar) AND (cd_education_status = '2 yr Degree'::bpchar))
                           Rows Removed by Filter: 1
                           Buffers: shared hit=1327593 read=49239
               ->  Index Scan using customer_pkey on customer  (cost=0.43..7.35 rows=1 width=12) (actual time=0.015..0.015 rows=0 loops=22317)
                     Index Cond: (c_customer_sk = catalog_sales.cs_bill_customer_sk)
                     Filter: (c_birth_month = 2)
                     Rows Removed by Filter: 1
                     Buffers: shared hit=85483 read=3721
         ->  Index Scan using customer_address_pkey on customer_address  (cost=0.42..7.36 rows=1 width=35) (actual time=0.020..0.020 rows=0 loops=2189)
               Index Cond: (ca_address_sk = customer.c_current_addr_sk)
               Filter: (ca_state = ANY ('{MO,TX,WV}'::bpchar[]))
               Rows Removed by Filter: 1
               Buffers: shared hit=4909 read=3847
 Planning:
   Buffers: shared hit=406 read=48
 Planning Time: 5.126 ms
 Execution Time: 51707.347 ms
(53 rows)

