                                                                                  QUERY PLAN                                                                                  
------------------------------------------------------------------------------------------------------------------------------------------------------------------------------
 Aggregate  (cost=5935234.24..5935234.25 rows=1 width=268) (actual time=43504.834..43504.839 rows=1 loops=1)
   Buffers: shared hit=272682 read=3686325
   ->  Nested Loop  (cost=17119.15..5935234.21 rows=1 width=81) (actual time=6392.198..43504.769 rows=8 loops=1)
         Buffers: shared hit=272682 read=3686325
         ->  Nested Loop  (cost=17118.72..5935168.00 rows=9 width=54) (actual time=5945.364..43500.984 rows=192 loops=1)
               Buffers: shared hit=272264 read=3685975
               ->  Nested Loop  (cost=17118.29..5934417.83 rows=102 width=50) (actual time=5941.520..43467.482 rows=2339 loops=1)
                     Buffers: shared hit=263483 read=3685404
                     ->  Nested Loop  (cost=17117.87..5923604.47 rows=1470 width=50) (actual time=5940.972..42910.376 rows=53501 loops=1)
                           Buffers: shared hit=54472 read=3680675
                           ->  Hash Join  (cost=17117.56..5900902.60 rows=296688 width=54) (actual time=135.170..42703.441 rows=616505 loops=1)
                                 Hash Cond: (catalog_sales.cs_item_sk = item.i_item_sk)
                                 Buffers: shared hit=48061 read=3680675
                                 ->  Seq Scan on catalog_sales  (cost=0.00..5874397.76 rows=3576029 width=41) (actual time=0.138..41746.068 rows=3595775 loops=1)
                                       Filter: ((cs_wholesale_cost >= '78'::numeric) AND (cs_wholesale_cost <= '83'::numeric))
                                       Rows Removed by Filter: 140396524
                                       Buffers: shared hit=48056 read=3666324
                                 ->  Hash  (cost=16906.00..16906.00 rows=16925 width=21) (actual time=134.712..134.713 rows=17141 loops=1)
                                       Buckets: 32768  Batches: 1  Memory Usage: 1194kB
                                       Buffers: shared hit=5 read=14351
                                       ->  Seq Scan on item  (cost=0.00..16906.00 rows=16925 width=21) (actual time=0.037..130.315 rows=17141 loops=1)
                                             Filter: (i_category = 'Home'::bpchar)
                                             Rows Removed by Filter: 186859
                                             Buffers: shared hit=5 read=14351
                           ->  Memoize  (cost=0.30..7.22 rows=1 width=4) (actual time=0.000..0.000 rows=0 loops=616505)
                                 Cache Key: catalog_sales.cs_sold_date_sk
                                 Cache Mode: logical
                                 Hits: 614367  Misses: 2138  Evictions: 0  Overflows: 0  Memory Usage: 155kB
                                 Buffers: shared hit=6411
                                 ->  Index Scan using date_dim_pkey on date_dim  (cost=0.29..7.21 rows=1 width=4) (actual time=0.012..0.012 rows=0 loops=2138)
                                       Index Cond: (d_date_sk = catalog_sales.cs_sold_date_sk)
                                       Filter: (d_year = 1999)
                                       Rows Removed by Filter: 1
                                       Buffers: shared hit=6411
                     ->  Index Scan using customer_demographics_pkey on customer_demographics  (cost=0.43..7.36 rows=1 width=8) (actual time=0.010..0.010 rows=0 loops=53501)
                           Index Cond: (cd_demo_sk = catalog_sales.cs_bill_cdemo_sk)
                           Filter: ((cd_gender = 'F'::bpchar) AND (cd_education_status = 'Unknown'::bpchar))
                           Rows Removed by Filter: 1
                           Buffers: shared hit=209011 read=4729
               ->  Index Scan using customer_pkey on customer  (cost=0.43..7.35 rows=1 width=12) (actual time=0.014..0.014 rows=0 loops=2339)
                     Index Cond: (c_customer_sk = catalog_sales.cs_bill_customer_sk)
                     Filter: (c_birth_month = 11)
                     Rows Removed by Filter: 1
                     Buffers: shared hit=8781 read=571
         ->  Index Scan using customer_address_pkey on customer_address  (cost=0.42..7.36 rows=1 width=35) (actual time=0.018..0.019 rows=0 loops=192)
               Index Cond: (ca_address_sk = customer.c_current_addr_sk)
               Filter: (ca_state = ANY ('{AZ,IN,KS}'::bpchar[]))
               Rows Removed by Filter: 1
               Buffers: shared hit=418 read=350
 Planning:
   Buffers: shared hit=405 read=49
 Planning Time: 5.026 ms
 Execution Time: 43505.484 ms
(53 rows)

