                                                                                  QUERY PLAN                                                                                   
-------------------------------------------------------------------------------------------------------------------------------------------------------------------------------
 Aggregate  (cost=6001223.10..6001223.11 rows=1 width=268) (actual time=46506.845..46506.849 rows=1 loops=1)
   Buffers: shared hit=712180 read=3677099
   ->  Nested Loop  (cost=17242.40..6001223.05 rows=2 width=81) (actual time=27418.964..46506.565 rows=45 loops=1)
         Buffers: shared hit=712180 read=3677099
         ->  Nested Loop  (cost=17241.97..6000928.79 rows=40 width=54) (actual time=27192.239..46494.847 rows=648 loops=1)
               Buffers: shared hit=710781 read=3675906
               ->  Nested Loop  (cost=17241.54..5997928.28 rows=408 width=50) (actual time=27172.692..46421.801 rows=6062 loops=1)
                     Buffers: shared hit=689171 read=3673288
                     ->  Nested Loop  (cost=17241.12..5957198.94 rows=5537 width=50) (actual time=27172.651..44957.591 rows=157046 loops=1)
                           Buffers: shared hit=74534 read=3660613
                           ->  Hash Join  (cost=17240.81..5913979.02 rows=1117416 width=54) (actual time=135.298..44697.430 rows=805758 loops=1)
                                 Hash Cond: (catalog_sales.cs_item_sk = item.i_item_sk)
                                 Buffers: shared hit=68123 read=3660613
                                 ->  Seq Scan on catalog_sales  (cost=0.00..5874397.76 rows=8510470 width=41) (actual time=0.058..42818.831 rows=8494738 loops=1)
                                       Filter: ((cs_wholesale_cost >= '68'::numeric) AND (cs_wholesale_cost <= '73'::numeric))
                                       Rows Removed by Filter: 135497561
                                       Buffers: shared hit=53769 read=3660611
                                 ->  Hash  (cost=16906.00..16906.00 rows=26785 width=21) (actual time=134.988..134.989 rows=26695 loops=1)
                                       Buckets: 32768  Batches: 1  Memory Usage: 1716kB
                                       Buffers: shared hit=14354 read=2
                                       ->  Seq Scan on item  (cost=0.00..16906.00 rows=26785 width=21) (actual time=0.019..129.746 rows=26695 loops=1)
                                             Filter: (i_category = 'Children'::bpchar)
                                             Rows Removed by Filter: 177305
                                             Buffers: shared hit=14354 read=2
                           ->  Memoize  (cost=0.30..7.22 rows=1 width=4) (actual time=0.000..0.000 rows=0 loops=805758)
                                 Cache Key: catalog_sales.cs_sold_date_sk
                                 Cache Mode: logical
                                 Hits: 803620  Misses: 2138  Evictions: 0  Overflows: 0  Memory Usage: 155kB
                                 Buffers: shared hit=6411
                                 ->  Index Scan using date_dim_pkey on date_dim  (cost=0.29..7.21 rows=1 width=4) (actual time=0.012..0.012 rows=0 loops=2138)
                                       Index Cond: (d_date_sk = catalog_sales.cs_sold_date_sk)
                                       Filter: (d_year = 2002)
                                       Rows Removed by Filter: 1
                                       Buffers: shared hit=6411
                     ->  Index Scan using customer_demographics_pkey on customer_demographics  (cost=0.43..7.36 rows=1 width=8) (actual time=0.009..0.009 rows=0 loops=157046)
                           Index Cond: (cd_demo_sk = catalog_sales.cs_bill_cdemo_sk)
                           Filter: ((cd_gender = 'F'::bpchar) AND (cd_education_status = '4 yr Degree'::bpchar))
                           Rows Removed by Filter: 1
                           Buffers: shared hit=614637 read=12675
               ->  Index Scan using customer_pkey on customer  (cost=0.43..7.35 rows=1 width=12) (actual time=0.012..0.012 rows=0 loops=6062)
                     Index Cond: (c_customer_sk = catalog_sales.cs_bill_customer_sk)
                     Filter: (c_birth_month = 2)
                     Rows Removed by Filter: 1
                     Buffers: shared hit=21610 read=2618
         ->  Index Scan using customer_address_pkey on customer_address  (cost=0.42..7.36 rows=1 width=35) (actual time=0.017..0.017 rows=0 loops=648)
               Index Cond: (ca_address_sk = customer.c_current_addr_sk)
               Filter: (ca_state = ANY ('{AL,PA,SC}'::bpchar[]))
               Rows Removed by Filter: 1
               Buffers: shared hit=1399 read=1193
 Planning:
   Buffers: shared hit=454
 Planning Time: 4.159 ms
 Execution Time: 46507.318 ms
(53 rows)

