                                                                                  QUERY PLAN                                                                                   
-------------------------------------------------------------------------------------------------------------------------------------------------------------------------------
 Aggregate  (cost=6023696.84..6023696.85 rows=1 width=268) (actual time=52035.957..52035.961 rows=1 loops=1)
   Buffers: shared hit=1084260 read=3690583
   ->  Nested Loop  (cost=17220.72..6023696.73 rows=4 width=81) (actual time=447.494..52035.444 rows=87 loops=1)
         Buffers: shared hit=1084260 read=3690583
         ->  Nested Loop  (cost=17220.30..6023343.63 rows=48 width=54) (actual time=157.489..52000.920 rows=1750 loops=1)
               Buffers: shared hit=1080404 read=3687439
               ->  Nested Loop  (cost=17219.87..6019776.88 rows=485 width=50) (actual time=139.141..51695.507 rows=17915 loops=1)
                     Buffers: shared hit=1023770 read=3672465
                     ->  Nested Loop  (cost=17219.44..5970103.04 rows=6753 width=50) (actual time=138.942..48423.298 rows=240564 loops=1)
                           Buffers: shared hit=75038 read=3660109
                           ->  Hash Join  (cost=17219.14..5920748.94 rows=1362786 width=54) (actual time=138.906..47822.840 rows=2056832 loops=1)
                                 Hash Cond: (catalog_sales.cs_item_sk = item.i_item_sk)
                                 Buffers: shared hit=68627 read=3660109
                                 ->  Seq Scan on catalog_sales  (cost=0.00..5874397.76 rows=11097691 width=41) (actual time=0.058..45327.306 rows=11458169 loops=1)
                                       Filter: ((cs_wholesale_cost >= '58'::numeric) AND (cs_wholesale_cost <= '63'::numeric))
                                       Rows Removed by Filter: 132534130
                                       Buffers: shared hit=54271 read=3660109
                                 ->  Hash  (cost=16906.00..16906.00 rows=25051 width=21) (actual time=138.494..138.495 rows=24688 loops=1)
                                       Buckets: 32768  Batches: 1  Memory Usage: 1607kB
                                       Buffers: shared hit=14356
                                       ->  Seq Scan on item  (cost=0.00..16906.00 rows=25051 width=21) (actual time=0.027..132.943 rows=24688 loops=1)
                                             Filter: (i_category = 'Books'::bpchar)
                                             Rows Removed by Filter: 179312
                                             Buffers: shared hit=14356
                           ->  Memoize  (cost=0.30..7.22 rows=1 width=4) (actual time=0.000..0.000 rows=0 loops=2056832)
                                 Cache Key: catalog_sales.cs_sold_date_sk
                                 Cache Mode: logical
                                 Hits: 2054694  Misses: 2138  Evictions: 0  Overflows: 0  Memory Usage: 155kB
                                 Buffers: shared hit=6411
                                 ->  Index Scan using date_dim_pkey on date_dim  (cost=0.29..7.21 rows=1 width=4) (actual time=0.013..0.013 rows=0 loops=2138)
                                       Index Cond: (d_date_sk = catalog_sales.cs_sold_date_sk)
                                       Filter: (d_year = 1998)
                                       Rows Removed by Filter: 1
                                       Buffers: shared hit=6411
                     ->  Index Scan using customer_demographics_pkey on customer_demographics  (cost=0.43..7.36 rows=1 width=8) (actual time=0.013..0.013 rows=0 loops=240564)
                           Index Cond: (cd_demo_sk = catalog_sales.cs_bill_cdemo_sk)
                           Filter: ((cd_gender = 'M'::bpchar) AND (cd_education_status = 'Primary'::bpchar))
                           Rows Removed by Filter: 1
                           Buffers: shared hit=948732 read=12356
               ->  Index Scan using customer_pkey on customer  (cost=0.43..7.35 rows=1 width=12) (actual time=0.017..0.017 rows=0 loops=17915)
                     Index Cond: (c_customer_sk = catalog_sales.cs_bill_customer_sk)
                     Filter: (c_birth_month = 1)
                     Rows Removed by Filter: 1
                     Buffers: shared hit=56634 read=14974
         ->  Index Scan using customer_address_pkey on customer_address  (cost=0.42..7.36 rows=1 width=35) (actual time=0.019..0.019 rows=0 loops=1750)
               Index Cond: (ca_address_sk = customer.c_current_addr_sk)
               Filter: (ca_state = ANY ('{MO,NE,PA}'::bpchar[]))
               Rows Removed by Filter: 1
               Buffers: shared hit=3856 read=3144
 Planning:
   Buffers: shared hit=454
 Planning Time: 6.102 ms
 Execution Time: 52036.692 ms
(53 rows)

