                                                                               QUERY PLAN                                                                               
------------------------------------------------------------------------------------------------------------------------------------------------------------------------
 Aggregate  (cost=5987678.82..5987678.83 rows=1 width=268) (actual time=47795.120..47795.125 rows=1 loops=1)
   Buffers: shared hit=694982 read=3816501
   ->  Nested Loop  (cost=17180.68..5987678.77 rows=2 width=81) (actual time=12421.644..47795.071 rows=6 loops=1)
         Buffers: shared hit=694982 read=3816501
         ->  Nested Loop  (cost=17180.26..5987516.88 rows=22 width=54) (actual time=12375.982..47789.971 rows=245 loops=1)
               Buffers: shared hit=694473 read=3816030
               ->  Nested Loop  (cost=17179.83..5985207.14 rows=314 width=54) (actual time=12235.461..47639.900 rows=12276 loops=1)
                     Buffers: shared hit=645904 read=3815531
                     ->  Nested Loop  (cost=17179.40..5951988.25 rows=4517 width=50) (actual time=12234.667..45574.133 rows=181808 loops=1)
                           Buffers: shared hit=44078 read=3691069
                           ->  Hash Join  (cost=17179.10..5913917.31 rows=911455 width=54) (actual time=128.374..45323.688 rows=727824 loops=1)
                                 Hash Cond: (catalog_sales.cs_item_sk = item.i_item_sk)
                                 Buffers: shared hit=37667 read=3691069
                                 ->  Seq Scan on catalog_sales  (cost=0.00..5874397.76 rows=8510470 width=41) (actual time=0.086..43515.304 rows=8494738 loops=1)
                                       Filter: ((cs_wholesale_cost >= '65'::numeric) AND (cs_wholesale_cost <= '70'::numeric))
                                       Rows Removed by Filter: 135497561
                                       Buffers: shared hit=23311 read=3691069
                                 ->  Hash  (cost=16906.00..16906.00 rows=21848 width=21) (actual time=127.994..127.995 rows=21811 loops=1)
                                       Buckets: 32768  Batches: 1  Memory Usage: 1449kB
                                       Buffers: shared hit=14356
                                       ->  Seq Scan on item  (cost=0.00..16906.00 rows=21848 width=21) (actual time=0.058..123.607 rows=21811 loops=1)
                                             Filter: (i_category = 'Sports'::bpchar)
                                             Rows Removed by Filter: 182189
                                             Buffers: shared hit=14356
                           ->  Memoize  (cost=0.30..7.22 rows=1 width=4) (actual time=0.000..0.000 rows=0 loops=727824)
                                 Cache Key: catalog_sales.cs_sold_date_sk
                                 Cache Mode: logical
                                 Hits: 725686  Misses: 2138  Evictions: 0  Overflows: 0  Memory Usage: 155kB
                                 Buffers: shared hit=6411
                                 ->  Index Scan using date_dim_pkey on date_dim  (cost=0.29..7.21 rows=1 width=4) (actual time=0.012..0.012 rows=0 loops=2138)
                                       Index Cond: (d_date_sk = catalog_sales.cs_sold_date_sk)
                                       Filter: (d_year = 2000)
                                       Rows Removed by Filter: 1
                                       Buffers: shared hit=6411
                     ->  Index Scan using customer_pkey on customer  (cost=0.43..7.35 rows=1 width=12) (actual time=0.011..0.011 rows=0 loops=181808)
                           Index Cond: (c_customer_sk = catalog_sales.cs_bill_customer_sk)
                           Filter: (c_birth_month = 12)
                           Rows Removed by Filter: 1
                           Buffers: shared hit=601826 read=124462
               ->  Index Scan using customer_demographics_pkey on customer_demographics  (cost=0.43..7.36 rows=1 width=8) (actual time=0.012..0.012 rows=0 loops=12276)
                     Index Cond: (cd_demo_sk = catalog_sales.cs_bill_cdemo_sk)
                     Filter: ((cd_gender = 'M'::bpchar) AND (cd_education_status = 'Secondary'::bpchar))
                     Rows Removed by Filter: 1
                     Buffers: shared hit=48569 read=499
         ->  Index Scan using customer_address_pkey on customer_address  (cost=0.42..7.36 rows=1 width=35) (actual time=0.020..0.020 rows=0 loops=245)
               Index Cond: (ca_address_sk = customer.c_current_addr_sk)
               Filter: (ca_state = ANY ('{GA,IL,KS}'::bpchar[]))
               Rows Removed by Filter: 1
               Buffers: shared hit=509 read=471
 Planning:
   Buffers: shared hit=454
 Planning Time: 4.541 ms
 Execution Time: 47795.785 ms
(53 rows)

