                                                                                  QUERY PLAN                                                                                   
-------------------------------------------------------------------------------------------------------------------------------------------------------------------------------
 Aggregate  (cost=6006568.65..6006568.66 rows=1 width=268) (actual time=45914.667..45914.671 rows=1 loops=1)
   Buffers: shared hit=588807 read=3725848
   ->  Nested Loop  (cost=17326.55..6006568.49 rows=6 width=81) (actual time=19069.089..45913.893 rows=127 loops=1)
         Buffers: shared hit=588807 read=3725848
         ->  Nested Loop  (cost=17326.12..6006031.63 rows=73 width=54) (actual time=19017.037..45876.180 rows=2222 loops=1)
               Buffers: shared hit=583955 read=3721812
               ->  Nested Loop  (cost=17325.69..6002817.83 rows=437 width=50) (actual time=19016.132..45731.197 rows=13490 loops=1)
                     Buffers: shared hit=532270 read=3719585
                     ->  Nested Loop  (cost=17325.27..5957711.66 rows=6132 width=50) (actual time=19015.589..44442.822 rows=129341 loops=1)
                           Buffers: shared hit=55328 read=3679819
                           ->  Hash Join  (cost=17324.96..5911492.70 rows=1237379 width=54) (actual time=139.431..44136.942 rows=946499 loops=1)
                                 Hash Cond: (catalog_sales.cs_item_sk = item.i_item_sk)
                                 Buffers: shared hit=49092 read=3679644
                                 ->  Seq Scan on catalog_sales  (cost=0.00..5874397.76 rows=7531262 width=41) (actual time=0.040..42427.228 rows=7518631 loops=1)
                                       Filter: ((cs_wholesale_cost >= '80'::numeric) AND (cs_wholesale_cost <= '85'::numeric))
                                       Rows Removed by Filter: 136473668
                                       Buffers: shared hit=49092 read=3665288
                                 ->  Hash  (cost=16906.00..16906.00 rows=33517 width=21) (actual time=139.044..139.045 rows=33627 loops=1)
                                       Buckets: 65536  Batches: 1  Memory Usage: 2351kB
                                       Buffers: shared read=14356
                                       ->  Seq Scan on item  (cost=0.00..16906.00 rows=33517 width=21) (actual time=0.035..131.360 rows=33627 loops=1)
                                             Filter: (i_category = 'Shoes'::bpchar)
                                             Rows Removed by Filter: 170373
                                             Buffers: shared read=14356
                           ->  Memoize  (cost=0.30..7.22 rows=1 width=4) (actual time=0.000..0.000 rows=0 loops=946499)
                                 Cache Key: catalog_sales.cs_sold_date_sk
                                 Cache Mode: logical
                                 Hits: 944361  Misses: 2138  Evictions: 0  Overflows: 0  Memory Usage: 155kB
                                 Buffers: shared hit=6236 read=175
                                 ->  Index Scan using date_dim_pkey on date_dim  (cost=0.29..7.21 rows=1 width=4) (actual time=0.014..0.014 rows=0 loops=2138)
                                       Index Cond: (d_date_sk = catalog_sales.cs_sold_date_sk)
                                       Filter: (d_year = 2001)
                                       Rows Removed by Filter: 1
                                       Buffers: shared hit=6236 read=175
                     ->  Index Scan using customer_demographics_pkey on customer_demographics  (cost=0.43..7.36 rows=1 width=8) (actual time=0.010..0.010 rows=0 loops=129341)
                           Index Cond: (cd_demo_sk = catalog_sales.cs_bill_cdemo_sk)
                           Filter: ((cd_gender = 'M'::bpchar) AND (cd_education_status = 'College'::bpchar))
                           Rows Removed by Filter: 1
                           Buffers: shared hit=476942 read=39766
               ->  Index Scan using customer_pkey on customer  (cost=0.43..7.35 rows=1 width=12) (actual time=0.010..0.010 rows=0 loops=13490)
                     Index Cond: (c_customer_sk = catalog_sales.cs_bill_customer_sk)
                     Filter: (c_birth_month = 4)
                     Rows Removed by Filter: 1
                     Buffers: shared hit=51685 read=2227
         ->  Index Scan using customer_address_pkey on customer_address  (cost=0.42..7.35 rows=1 width=35) (actual time=0.016..0.016 rows=0 loops=2222)
               Index Cond: (ca_address_sk = customer.c_current_addr_sk)
               Filter: (ca_state = ANY ('{GA,NY,OR}'::bpchar[]))
               Rows Removed by Filter: 1
               Buffers: shared hit=4852 read=4036
 Planning:
   Buffers: shared hit=405 read=49
 Planning Time: 3.142 ms
 Execution Time: 45915.134 ms
(53 rows)

