                                                                              QUERY PLAN                                                                              
----------------------------------------------------------------------------------------------------------------------------------------------------------------------
 Aggregate  (cost=5941276.65..5941276.66 rows=1 width=268) (actual time=46545.857..46545.862 rows=1 loops=1)
   Buffers: shared hit=207822 read=3672213
   ->  Nested Loop  (cost=17242.40..5941276.62 rows=1 width=81) (actual time=46545.853..46545.857 rows=0 loops=1)
         Buffers: shared hit=207822 read=3672213
         ->  Nested Loop  (cost=17241.97..5941261.84 rows=2 width=54) (actual time=19723.197..46545.701 rows=7 loops=1)
               Buffers: shared hit=207807 read=3672200
               ->  Nested Loop  (cost=17241.54..5941055.87 rows=28 width=54) (actual time=19607.770..46538.088 rows=527 loops=1)
                     Buffers: shared hit=205825 read=3672074
                     ->  Nested Loop  (cost=17241.12..5925780.22 rows=2077 width=50) (actual time=19604.970..46130.969 rows=35725 loops=1)
                           Buffers: shared hit=71346 read=3663801
                           ->  Hash Join  (cost=17240.81..5900017.82 rows=419110 width=54) (actual time=135.176..46004.458 rows=307203 loops=1)
                                 Hash Cond: (catalog_sales.cs_item_sk = item.i_item_sk)
                                 Buffers: shared hit=64987 read=3663749
                                 ->  Seq Scan on catalog_sales  (cost=0.00..5874397.76 rows=3192026 width=41) (actual time=0.058..45091.178 rows=3238451 loops=1)
                                       Filter: ((cs_wholesale_cost >= '30'::numeric) AND (cs_wholesale_cost <= '35'::numeric))
                                       Rows Removed by Filter: 140753848
                                       Buffers: shared hit=52429 read=3661951
                                 ->  Hash  (cost=16906.00..16906.00 rows=26785 width=21) (actual time=134.851..134.852 rows=26695 loops=1)
                                       Buckets: 32768  Batches: 1  Memory Usage: 1716kB
                                       Buffers: shared hit=12558 read=1798
                                       ->  Seq Scan on item  (cost=0.00..16906.00 rows=26785 width=21) (actual time=0.026..128.046 rows=26695 loops=1)
                                             Filter: (i_category = 'Children'::bpchar)
                                             Rows Removed by Filter: 177305
                                             Buffers: shared hit=12558 read=1798
                           ->  Memoize  (cost=0.30..7.22 rows=1 width=4) (actual time=0.000..0.000 rows=0 loops=307203)
                                 Cache Key: catalog_sales.cs_sold_date_sk
                                 Cache Mode: logical
                                 Hits: 305065  Misses: 2138  Evictions: 0  Overflows: 0  Memory Usage: 155kB
                                 Buffers: shared hit=6359 read=52
                                 ->  Index Scan using date_dim_pkey on date_dim  (cost=0.29..7.21 rows=1 width=4) (actual time=0.012..0.012 rows=0 loops=2138)
                                       Index Cond: (d_date_sk = catalog_sales.cs_sold_date_sk)
                                       Filter: (d_year = 2001)
                                       Rows Removed by Filter: 1
                                       Buffers: shared hit=6359 read=52
                     ->  Index Scan using customer_pkey on customer  (cost=0.43..7.35 rows=1 width=12) (actual time=0.011..0.011 rows=0 loops=35725)
                           Index Cond: (c_customer_sk = catalog_sales.cs_bill_customer_sk)
                           Filter: (c_birth_month = 5)
                           Rows Removed by Filter: 1
                           Buffers: shared hit=134479 read=8273
               ->  Index Scan using customer_demographics_pkey on customer_demographics  (cost=0.43..7.36 rows=1 width=8) (actual time=0.014..0.014 rows=0 loops=527)
                     Index Cond: (cd_demo_sk = catalog_sales.cs_bill_cdemo_sk)
                     Filter: ((cd_gender = 'F'::bpchar) AND (cd_education_status = 'Primary'::bpchar))
                     Rows Removed by Filter: 1
                     Buffers: shared hit=1982 read=126
         ->  Index Scan using customer_address_pkey on customer_address  (cost=0.42..7.39 rows=1 width=35) (actual time=0.021..0.021 rows=0 loops=7)
               Index Cond: (ca_address_sk = customer.c_current_addr_sk)
               Filter: (ca_state = ANY ('{AK,MO,NE}'::bpchar[]))
               Rows Removed by Filter: 1
               Buffers: shared hit=15 read=13
 Planning:
   Buffers: shared hit=405 read=49
 Planning Time: 4.841 ms
 Execution Time: 46546.474 ms
(53 rows)

