                                                                              QUERY PLAN                                                                               
-----------------------------------------------------------------------------------------------------------------------------------------------------------------------
 Aggregate  (cost=5953823.81..5953823.82 rows=1 width=268) (actual time=44339.465..44339.469 rows=1 loops=1)
   Buffers: shared hit=313446 read=3684565
   ->  Nested Loop  (cost=17326.55..5953823.78 rows=1 width=81) (actual time=19073.809..44339.270 rows=28 loops=1)
         Buffers: shared hit=313446 read=3684565
         ->  Nested Loop  (cost=17326.12..5953735.46 rows=12 width=54) (actual time=18949.840..44330.105 rows=517 loops=1)
               Buffers: shared hit=312356 read=3683587
               ->  Nested Loop  (cost=17325.69..5952499.65 rows=168 width=54) (actual time=18946.160..44292.350 rows=3542 loops=1)
                     Buffers: shared hit=298419 read=3683364
                     ->  Nested Loop  (cost=17325.27..5931083.08 rows=2912 width=50) (actual time=18944.565..43638.479 rows=61740 loops=1)
                           Buffers: shared hit=70024 read=3665123
                           ->  Hash Join  (cost=17324.96..5901110.00 rows=587538 width=54) (actual time=119.874..43473.232 rows=451322 loops=1)
                                 Hash Cond: (catalog_sales.cs_item_sk = item.i_item_sk)
                                 Buffers: shared hit=63665 read=3665071
                                 ->  Seq Scan on catalog_sales  (cost=0.00..5874397.76 rows=3576029 width=41) (actual time=0.105..42526.143 rows=3595775 loops=1)
                                       Filter: ((cs_wholesale_cost >= '77'::numeric) AND (cs_wholesale_cost <= '82'::numeric))
                                       Rows Removed by Filter: 140396524
                                       Buffers: shared hit=49309 read=3665071
                                 ->  Hash  (cost=16906.00..16906.00 rows=33517 width=21) (actual time=119.206..119.207 rows=33627 loops=1)
                                       Buckets: 65536  Batches: 1  Memory Usage: 2351kB
                                       Buffers: shared hit=14356
                                       ->  Seq Scan on item  (cost=0.00..16906.00 rows=33517 width=21) (actual time=0.037..112.615 rows=33627 loops=1)
                                             Filter: (i_category = 'Shoes'::bpchar)
                                             Rows Removed by Filter: 170373
                                             Buffers: shared hit=14356
                           ->  Memoize  (cost=0.30..7.22 rows=1 width=4) (actual time=0.000..0.000 rows=0 loops=451322)
                                 Cache Key: catalog_sales.cs_sold_date_sk
                                 Cache Mode: logical
                                 Hits: 449184  Misses: 2138  Evictions: 0  Overflows: 0  Memory Usage: 155kB
                                 Buffers: shared hit=6359 read=52
                                 ->  Index Scan using date_dim_pkey on date_dim  (cost=0.29..7.21 rows=1 width=4) (actual time=0.012..0.012 rows=0 loops=2138)
                                       Index Cond: (d_date_sk = catalog_sales.cs_sold_date_sk)
                                       Filter: (d_year = 2001)
                                       Rows Removed by Filter: 1
                                       Buffers: shared hit=6359 read=52
                     ->  Index Scan using customer_pkey on customer  (cost=0.43..7.35 rows=1 width=12) (actual time=0.010..0.010 rows=0 loops=61740)
                           Index Cond: (c_customer_sk = catalog_sales.cs_bill_customer_sk)
                           Filter: (c_birth_month = 3)
                           Rows Removed by Filter: 1
                           Buffers: shared hit=228395 read=18241
               ->  Index Scan using customer_demographics_pkey on customer_demographics  (cost=0.43..7.36 rows=1 width=8) (actual time=0.010..0.010 rows=0 loops=3542)
                     Index Cond: (cd_demo_sk = catalog_sales.cs_bill_cdemo_sk)
                     Filter: ((cd_gender = 'M'::bpchar) AND (cd_education_status = 'Unknown'::bpchar))
                     Rows Removed by Filter: 1
                     Buffers: shared hit=13937 read=223
         ->  Index Scan using customer_address_pkey on customer_address  (cost=0.42..7.36 rows=1 width=35) (actual time=0.017..0.017 rows=0 loops=517)
               Index Cond: (ca_address_sk = customer.c_current_addr_sk)
               Filter: (ca_state = ANY ('{IA,MS,OR}'::bpchar[]))
               Rows Removed by Filter: 1
               Buffers: shared hit=1090 read=978
 Planning:
   Buffers: shared hit=454
 Planning Time: 4.458 ms
 Execution Time: 44340.092 ms
(53 rows)

