                                                                              QUERY PLAN                                                                               
-----------------------------------------------------------------------------------------------------------------------------------------------------------------------
 Aggregate  (cost=5980826.29..5980826.30 rows=1 width=268) (actual time=45574.362..45574.367 rows=1 loops=1)
   Buffers: shared hit=505602 read=3734825
   ->  Nested Loop  (cost=17242.40..5980826.23 rows=2 width=81) (actual time=13342.140..45574.287 rows=10 loops=1)
         Buffers: shared hit=505602 read=3734825
         ->  Nested Loop  (cost=17241.97..5980686.39 rows=19 width=54) (actual time=11939.942..45569.312 rows=230 loops=1)
               Buffers: shared hit=505113 read=3734394
               ->  Nested Loop  (cost=17241.54..5978832.71 rows=252 width=54) (actual time=11906.933..45495.623 rows=6874 loops=1)
                     Buffers: shared hit=478062 read=3733965
                     ->  Nested Loop  (cost=17241.12..5946650.42 rows=4376 width=50) (actual time=11906.074..44279.477 rows=119347 loops=1)
                           Buffers: shared hit=37985 read=3697162
                           ->  Hash Join  (cost=17240.81..5909291.68 rows=882967 width=54) (actual time=144.255..44057.044 rows=641907 loops=1)
                                 Hash Cond: (catalog_sales.cs_item_sk = item.i_item_sk)
                                 Buffers: shared hit=31626 read=3697110
                                 ->  Seq Scan on catalog_sales  (cost=0.00..5874397.76 rows=6724855 width=41) (actual time=0.077..42467.880 rows=6763882 loops=1)
                                       Filter: ((cs_wholesale_cost >= '70'::numeric) AND (cs_wholesale_cost <= '75'::numeric))
                                       Rows Removed by Filter: 137228417
                                       Buffers: shared hit=31626 read=3682754
                                 ->  Hash  (cost=16906.00..16906.00 rows=26785 width=21) (actual time=143.780..143.781 rows=26695 loops=1)
                                       Buckets: 32768  Batches: 1  Memory Usage: 1716kB
                                       Buffers: shared read=14356
                                       ->  Seq Scan on item  (cost=0.00..16906.00 rows=26785 width=21) (actual time=0.028..137.031 rows=26695 loops=1)
                                             Filter: (i_category = 'Children'::bpchar)
                                             Rows Removed by Filter: 177305
                                             Buffers: shared read=14356
                           ->  Memoize  (cost=0.30..7.22 rows=1 width=4) (actual time=0.000..0.000 rows=0 loops=641907)
                                 Cache Key: catalog_sales.cs_sold_date_sk
                                 Cache Mode: logical
                                 Hits: 639769  Misses: 2138  Evictions: 0  Overflows: 0  Memory Usage: 155kB
                                 Buffers: shared hit=6359 read=52
                                 ->  Index Scan using date_dim_pkey on date_dim  (cost=0.29..7.21 rows=1 width=4) (actual time=0.012..0.012 rows=0 loops=2138)
                                       Index Cond: (d_date_sk = catalog_sales.cs_sold_date_sk)
                                       Filter: (d_year = 2000)
                                       Rows Removed by Filter: 1
                                       Buffers: shared hit=6359 read=52
                     ->  Index Scan using customer_pkey on customer  (cost=0.43..7.35 rows=1 width=12) (actual time=0.010..0.010 rows=0 loops=119347)
                           Index Cond: (c_customer_sk = catalog_sales.cs_bill_customer_sk)
                           Filter: (c_birth_month = 3)
                           Rows Removed by Filter: 1
                           Buffers: shared hit=440077 read=36803
               ->  Index Scan using customer_demographics_pkey on customer_demographics  (cost=0.43..7.36 rows=1 width=8) (actual time=0.010..0.010 rows=0 loops=6874)
                     Index Cond: (cd_demo_sk = catalog_sales.cs_bill_cdemo_sk)
                     Filter: ((cd_gender = 'F'::bpchar) AND (cd_education_status = '4 yr Degree'::bpchar))
                     Rows Removed by Filter: 1
                     Buffers: shared hit=27051 read=429
         ->  Index Scan using customer_address_pkey on customer_address  (cost=0.42..7.36 rows=1 width=35) (actual time=0.020..0.020 rows=0 loops=230)
               Index Cond: (ca_address_sk = customer.c_current_addr_sk)
               Filter: (ca_state = ANY ('{AL,MS,VA}'::bpchar[]))
               Rows Removed by Filter: 1
               Buffers: shared hit=489 read=431
 Planning:
   Buffers: shared hit=405 read=49
 Planning Time: 6.399 ms
 Execution Time: 45575.056 ms
(53 rows)

