                                                                             QUERY PLAN                                                                             
--------------------------------------------------------------------------------------------------------------------------------------------------------------------
 Aggregate  (cost=6020972.02..6020972.03 rows=1 width=268) (actual time=46252.367..46252.373 rows=1 loops=1)
   Buffers: shared hit=767699 read=3744944
   ->  Nested Loop  (cost=17242.40..6020971.99 rows=1 width=81) (actual time=27073.036..46252.203 rows=23 loops=1)
         Buffers: shared hit=767699 read=3744944
         ->  Nested Loop  (cost=17241.97..6020942.57 rows=4 width=81) (actual time=26746.809..46249.801 rows=177 loops=1)
               Buffers: shared hit=767014 read=3744925
               ->  Nested Loop  (cost=17241.54..6020248.04 rows=94 width=54) (actual time=26713.501..46205.594 rows=2697 loops=1)
                     Buffers: shared hit=761036 read=3740115
                     ->  Nested Loop  (cost=17241.12..5969533.91 rows=6896 width=50) (actual time=26710.400..44227.323 rows=191761 loops=1)
                           Buffers: shared hit=77430 read=3657717
                           ->  Hash Join  (cost=17240.81..5919460.18 rows=1391571 width=54) (actual time=114.742..43911.361 rows=980844 loops=1)
                                 Hash Cond: (catalog_sales.cs_item_sk = item.i_item_sk)
                                 Buffers: shared hit=71020 read=3657716
                                 ->  Seq Scan on catalog_sales  (cost=0.00..5874397.76 rows=10598487 width=41) (actual time=0.057..41737.007 rows=10312840 loops=1)
                                       Filter: ((cs_wholesale_cost >= '86'::numeric) AND (cs_wholesale_cost <= '91'::numeric))
                                       Rows Removed by Filter: 133679459
                                       Buffers: shared hit=56664 read=3657716
                                 ->  Hash  (cost=16906.00..16906.00 rows=26785 width=21) (actual time=114.301..114.302 rows=26695 loops=1)
                                       Buckets: 32768  Batches: 1  Memory Usage: 1716kB
                                       Buffers: shared hit=14356
                                       ->  Seq Scan on item  (cost=0.00..16906.00 rows=26785 width=21) (actual time=0.013..108.977 rows=26695 loops=1)
                                             Filter: (i_category = 'Children'::bpchar)
                                             Rows Removed by Filter: 177305
                                             Buffers: shared hit=14356
                           ->  Memoize  (cost=0.30..7.22 rows=1 width=4) (actual time=0.000..0.000 rows=0 loops=980844)
                                 Cache Key: catalog_sales.cs_sold_date_sk
                                 Cache Mode: logical
                                 Hits: 978706  Misses: 2138  Evictions: 0  Overflows: 0  Memory Usage: 155kB
                                 Buffers: shared hit=6410 read=1
                                 ->  Index Scan using date_dim_pkey on date_dim  (cost=0.29..7.21 rows=1 width=4) (actual time=0.013..0.013 rows=0 loops=2138)
                                       Index Cond: (d_date_sk = catalog_sales.cs_sold_date_sk)
                                       Filter: (d_year = 2002)
                                       Rows Removed by Filter: 1
                                       Buffers: shared hit=6410 read=1
                     ->  Index Scan using customer_pkey on customer  (cost=0.43..7.35 rows=1 width=12) (actual time=0.010..0.010 rows=0 loops=191761)
                           Index Cond: (c_customer_sk = catalog_sales.cs_bill_customer_sk)
                           Filter: (c_birth_month = 5)
                           Rows Removed by Filter: 1
                           Buffers: shared hit=683606 read=82398
               ->  Index Scan using customer_address_pkey on customer_address  (cost=0.42..7.39 rows=1 width=35) (actual time=0.016..0.016 rows=0 loops=2697)
                     Index Cond: (ca_address_sk = customer.c_current_addr_sk)
                     Filter: (ca_state = ANY ('{AR,NV,NY}'::bpchar[]))
                     Rows Removed by Filter: 1
                     Buffers: shared hit=5978 read=4810
         ->  Index Scan using customer_demographics_pkey on customer_demographics  (cost=0.43..7.36 rows=1 width=8) (actual time=0.012..0.012 rows=0 loops=177)
               Index Cond: (cd_demo_sk = catalog_sales.cs_bill_cdemo_sk)
               Filter: ((cd_gender = 'M'::bpchar) AND (cd_education_status = 'Unknown'::bpchar))
               Rows Removed by Filter: 1
               Buffers: shared hit=685 read=19
 Planning:
   Buffers: shared hit=454
 Planning Time: 4.180 ms
 Execution Time: 46252.945 ms
(53 rows)

