                                                                              QUERY PLAN                                                                               
-----------------------------------------------------------------------------------------------------------------------------------------------------------------------
 Aggregate  (cost=5933808.24..5933808.25 rows=1 width=268) (actual time=46175.374..46175.378 rows=1 loops=1)
   Buffers: shared hit=186143 read=3668112
   ->  Nested Loop  (cost=17073.85..5933808.22 rows=1 width=81) (actual time=27292.842..46175.353 rows=2 loops=1)
         Buffers: shared hit=186143 read=3668112
         ->  Nested Loop  (cost=17073.42..5933764.06 rows=6 width=54) (actual time=27292.809..46173.924 rows=70 loops=1)
               Buffers: shared hit=185991 read=3667984
               ->  Nested Loop  (cost=17072.99..5933109.38 rows=89 width=54) (actual time=27148.750..46150.148 rows=1919 loops=1)
                     Buffers: shared hit=178599 read=3667700
                     ->  Nested Loop  (cost=17072.57..5923666.17 rows=1284 width=50) (actual time=27141.489..45785.939 rows=27818 loops=1)
                           Buffers: shared hit=83474 read=3651673
                           ->  Hash Join  (cost=17072.26..5901903.12 rows=259137 width=54) (actual time=124.541..45700.927 rows=135896 loops=1)
                                 Hash Cond: (catalog_sales.cs_item_sk = item.i_item_sk)
                                 Buffers: shared hit=77063 read=3651673
                                 ->  Seq Scan on catalog_sales  (cost=0.00..5874397.76 rows=3974433 width=41) (actual time=0.124..44735.792 rows=3999274 loops=1)
                                       Filter: ((cs_wholesale_cost >= '40'::numeric) AND (cs_wholesale_cost <= '45'::numeric))
                                       Rows Removed by Filter: 139993025
                                       Buffers: shared hit=62707 read=3651673
                                 ->  Hash  (cost=16906.00..16906.00 rows=13301 width=21) (actual time=124.164..124.165 rows=13933 loops=1)
                                       Buckets: 16384  Batches: 1  Memory Usage: 890kB
                                       Buffers: shared hit=14356
                                       ->  Seq Scan on item  (cost=0.00..16906.00 rows=13301 width=21) (actual time=0.016..121.296 rows=13933 loops=1)
                                             Filter: (i_category = 'Men'::bpchar)
                                             Rows Removed by Filter: 190067
                                             Buffers: shared hit=14356
                           ->  Memoize  (cost=0.30..7.22 rows=1 width=4) (actual time=0.000..0.000 rows=0 loops=135896)
                                 Cache Key: catalog_sales.cs_sold_date_sk
                                 Cache Mode: logical
                                 Hits: 133758  Misses: 2138  Evictions: 0  Overflows: 0  Memory Usage: 155kB
                                 Buffers: shared hit=6411
                                 ->  Index Scan using date_dim_pkey on date_dim  (cost=0.29..7.21 rows=1 width=4) (actual time=0.012..0.012 rows=0 loops=2138)
                                       Index Cond: (d_date_sk = catalog_sales.cs_sold_date_sk)
                                       Filter: (d_year = 2002)
                                       Rows Removed by Filter: 1
                                       Buffers: shared hit=6411
                     ->  Index Scan using customer_pkey on customer  (cost=0.43..7.35 rows=1 width=12) (actual time=0.013..0.013 rows=0 loops=27818)
                           Index Cond: (c_customer_sk = catalog_sales.cs_bill_customer_sk)
                           Filter: (c_birth_month = 12)
                           Rows Removed by Filter: 1
                           Buffers: shared hit=95125 read=16027
               ->  Index Scan using customer_demographics_pkey on customer_demographics  (cost=0.43..7.36 rows=1 width=8) (actual time=0.012..0.012 rows=0 loops=1919)
                     Index Cond: (cd_demo_sk = catalog_sales.cs_bill_cdemo_sk)
                     Filter: ((cd_gender = 'F'::bpchar) AND (cd_education_status = 'Advanced Degree'::bpchar))
                     Rows Removed by Filter: 1
                     Buffers: shared hit=7392 read=284
         ->  Index Scan using customer_address_pkey on customer_address  (cost=0.42..7.36 rows=1 width=35) (actual time=0.019..0.019 rows=0 loops=70)
               Index Cond: (ca_address_sk = customer.c_current_addr_sk)
               Filter: (ca_state = ANY ('{FL,KY,NC}'::bpchar[]))
               Rows Removed by Filter: 1
               Buffers: shared hit=152 read=128
 Planning:
   Buffers: shared hit=454
 Planning Time: 4.652 ms
 Execution Time: 46176.023 ms
(53 rows)

