                                                                                     QUERY PLAN                                                                                      
-------------------------------------------------------------------------------------------------------------------------------------------------------------------------------------
 Aggregate  (cost=5995750.33..5995750.34 rows=1 width=268) (actual time=54447.860..54447.865 rows=1 loops=1)
   Buffers: shared hit=1610081 read=3723245
   ->  Nested Loop  (cost=2393.34..5995750.27 rows=2 width=81) (actual time=6382.380..54447.604 rows=36 loops=1)
         Buffers: shared hit=1610081 read=3723245
         ->  Nested Loop  (cost=2392.92..5995662.13 rows=12 width=68) (actual time=6201.653..54442.828 rows=154 loops=1)
               Buffers: shared hit=1609712 read=3722998
               ->  Nested Loop  (cost=2392.49..5994456.04 rows=164 width=41) (actual time=6176.532..54370.519 rows=2849 loops=1)
                     Buffers: shared hit=1603178 read=3718136
                     ->  Nested Loop  (cost=2392.07..5987277.78 rows=976 width=37) (actual time=6176.499..54011.911 rows=17011 loops=1)
                           Buffers: shared hit=1543430 read=3709876
                           ->  Hash Join  (cost=2391.64..5884211.29 rows=14011 width=37) (actual time=6176.240..47305.965 rows=384867 loops=1)
                                 Hash Cond: (catalog_sales.cs_sold_date_sk = date_dim.d_date_sk)
                                 Buffers: shared hit=47709 read=3668145
                                 ->  Seq Scan on catalog_sales  (cost=0.00..5874397.76 rows=2827223 width=41) (actual time=0.081..46862.269 rows=2916247 loops=1)
                                       Filter: ((cs_wholesale_cost >= '1'::numeric) AND (cs_wholesale_cost <= '6'::numeric))
                                       Rows Removed by Filter: 141076052
                                       Buffers: shared hit=47667 read=3666713
                                 ->  Hash  (cost=2387.11..2387.11 rows=362 width=4) (actual time=20.289..20.290 rows=365 loops=1)
                                       Buckets: 1024  Batches: 1  Memory Usage: 21kB
                                       Buffers: shared hit=42 read=1432
                                       ->  Seq Scan on date_dim  (cost=0.00..2387.11 rows=362 width=4) (actual time=11.273..20.228 rows=365 loops=1)
                                             Filter: (d_year = 1999)
                                             Rows Removed by Filter: 72684
                                             Buffers: shared hit=42 read=1432
                           ->  Index Scan using customer_demographics_pkey on customer_demographics  (cost=0.43..7.36 rows=1 width=8) (actual time=0.017..0.017 rows=0 loops=384867)
                                 Index Cond: (cd_demo_sk = catalog_sales.cs_bill_cdemo_sk)
                                 Filter: ((cd_gender = 'F'::bpchar) AND (cd_education_status = 'Unknown'::bpchar))
                                 Rows Removed by Filter: 1
                                 Buffers: shared hit=1495721 read=41731
                     ->  Index Scan using customer_pkey on customer  (cost=0.43..7.35 rows=1 width=12) (actual time=0.021..0.021 rows=0 loops=17011)
                           Index Cond: (c_customer_sk = catalog_sales.cs_bill_customer_sk)
                           Filter: (c_birth_month = 4)
                           Rows Removed by Filter: 1
                           Buffers: shared hit=59748 read=8260
               ->  Index Scan using customer_address_pkey on customer_address  (cost=0.42..7.35 rows=1 width=35) (actual time=0.025..0.025 rows=0 loops=2849)
                     Index Cond: (ca_address_sk = customer.c_current_addr_sk)
                     Filter: (ca_state = ANY ('{FL,IL,MS}'::bpchar[]))
                     Rows Removed by Filter: 1
                     Buffers: shared hit=6534 read=4862
         ->  Index Scan using item_pkey on item  (cost=0.42..7.34 rows=1 width=21) (actual time=0.030..0.030 rows=0 loops=154)
               Index Cond: (i_item_sk = catalog_sales.cs_item_sk)
               Filter: (i_category = 'Electronics'::bpchar)
               Rows Removed by Filter: 1
               Buffers: shared hit=369 read=247
 Planning:
   Buffers: shared hit=405 read=49
 Planning Time: 4.025 ms
 Execution Time: 54448.226 ms
(48 rows)

