                                                                                        QUERY PLAN                                                                                        
------------------------------------------------------------------------------------------------------------------------------------------------------------------------------------------
 Aggregate  (cost=6033814.73..6033814.74 rows=1 width=268) (actual time=50084.045..50084.050 rows=1 loops=1)
   Buffers: shared hit=1085108 read=3726421
   ->  Nested Loop  (cost=1.16..6033814.70 rows=1 width=81) (actual time=49549.710..50084.028 rows=2 loops=1)
         Join Filter: (customer_address.ca_address_sk = customer.c_current_addr_sk)
         Rows Removed by Join Filter: 2967678
         Buffers: shared hit=1085108 read=3726421
         ->  Seq Scan on customer_address  (cost=0.00..36288.00 rows=91733 width=35) (actual time=0.050..271.669 rows=92740 loops=1)
               Filter: (ca_state = ANY ('{GA,IN,PA}'::bpchar[]))
               Rows Removed by Filter: 907260
               Buffers: shared hit=3 read=22535
         ->  Materialize  (cost=1.16..5994774.72 rows=2 width=54) (actual time=0.516..0.535 rows=32 loops=92740)
               Buffers: shared hit=1085105 read=3703886
               ->  Nested Loop  (cost=1.16..5994774.71 rows=2 width=54) (actual time=47864.194..49468.018 rows=32 loops=1)
                     Join Filter: (catalog_sales.cs_item_sk = item.i_item_sk)
                     Rows Removed by Join Filter: 14782881
                     Buffers: shared hit=1085105 read=3703886
                     ->  Seq Scan on item  (cost=0.00..16906.00 rows=13301 width=21) (actual time=0.028..120.911 rows=13933 loops=1)
                           Filter: (i_category = 'Men'::bpchar)
                           Rows Removed by Filter: 190067
                           Buffers: shared hit=22 read=14334
                     ->  Materialize  (cost=1.16..5971683.82 rows=31 width=41) (actual time=1.908..3.467 rows=1061 loops=13933)
                           Buffers: shared hit=1085083 read=3689552
                           ->  Nested Loop  (cost=1.16..5971683.67 rows=31 width=41) (actual time=26590.540..47792.824 rows=1061 loops=1)
                                 Buffers: shared hit=1085083 read=3689552
                                 ->  Nested Loop  (cost=0.73..5968439.41 rows=441 width=41) (actual time=26585.443..47569.119 rows=16650 loops=1)
                                       Buffers: shared hit=1028034 read=3680021
                                       ->  Nested Loop  (cost=0.30..5921722.63 rows=6351 width=37) (actual time=26583.367..44773.746 rows=247118 loops=1)
                                             Buffers: shared hit=74221 read=3646570
                                             ->  Seq Scan on catalog_sales  (cost=0.00..5874397.76 rows=1281611 width=41) (actual time=0.137..44328.658 rows=1213654 loops=1)
                                                   Filter: ((cs_wholesale_cost >= '19'::numeric) AND (cs_wholesale_cost <= '24'::numeric))
                                                   Rows Removed by Filter: 142778645
                                                   Buffers: shared hit=67869 read=3646511
                                             ->  Memoize  (cost=0.30..7.22 rows=1 width=4) (actual time=0.000..0.000 rows=0 loops=1213654)
                                                   Cache Key: catalog_sales.cs_sold_date_sk
                                                   Cache Mode: logical
                                                   Hits: 1211516  Misses: 2138  Evictions: 0  Overflows: 0  Memory Usage: 155kB
                                                   Buffers: shared hit=6352 read=59
                                                   ->  Index Scan using date_dim_pkey on date_dim  (cost=0.29..7.21 rows=1 width=4) (actual time=0.014..0.014 rows=0 loops=2138)
                                                         Index Cond: (d_date_sk = catalog_sales.cs_sold_date_sk)
                                                         Filter: (d_year = 2002)
                                                         Rows Removed by Filter: 1
                                                         Buffers: shared hit=6352 read=59
                                       ->  Index Scan using customer_pkey on customer  (cost=0.43..7.36 rows=1 width=12) (actual time=0.011..0.011 rows=0 loops=247118)
                                             Index Cond: (c_customer_sk = catalog_sales.cs_bill_customer_sk)
                                             Filter: (c_birth_month = 12)
                                             Rows Removed by Filter: 1
                                             Buffers: shared hit=953813 read=33451
                                 ->  Index Scan using customer_demographics_pkey on customer_demographics  (cost=0.43..7.36 rows=1 width=8) (actual time=0.013..0.013 rows=0 loops=16650)
                                       Index Cond: (cd_demo_sk = catalog_sales.cs_bill_cdemo_sk)
                                       Filter: ((cd_gender = 'F'::bpchar) AND (cd_education_status = '2 yr Degree'::bpchar))
                                       Rows Removed by Filter: 1
                                       Buffers: shared hit=57049 read=9531
 Planning:
   Buffers: shared hit=406 read=48
 Planning Time: 5.217 ms
 Execution Time: 50084.738 ms
(56 rows)

