                                                                              QUERY PLAN                                                                               
-----------------------------------------------------------------------------------------------------------------------------------------------------------------------
 Aggregate  (cost=6005069.87..6005069.88 rows=1 width=268) (actual time=52491.021..52491.027 rows=1 loops=1)
   Buffers: shared hit=1042120 read=3717855
   ->  Nested Loop  (cost=17220.72..6005069.82 rows=2 width=81) (actual time=21466.429..52490.715 rows=43 loops=1)
         Buffers: shared hit=1042120 read=3717855
         ->  Nested Loop  (cost=17220.30..6004951.99 rows=16 width=54) (actual time=21130.678..52476.596 rows=693 loops=1)
               Buffers: shared hit=1040645 read=3716558
               ->  Nested Loop  (cost=17219.87..6003267.50 rows=229 width=54) (actual time=21124.876..52346.399 rows=9733 loops=1)
                     Buffers: shared hit=1006984 read=3711311
                     ->  Nested Loop  (cost=17219.44..5960863.39 rows=5766 width=50) (actual time=21124.792..49533.747 rows=246069 loops=1)
                           Buffers: shared hit=58210 read=3676937
                           ->  Hash Join  (cost=17219.14..5916490.01 rows=1163555 width=54) (actual time=121.656..49033.107 rows=1665205 loops=1)
                                 Hash Cond: (catalog_sales.cs_item_sk = item.i_item_sk)
                                 Buffers: shared hit=51799 read=3676937
                                 ->  Seq Scan on catalog_sales  (cost=0.00..5874397.76 rows=9475278 width=41) (actual time=0.049..46909.549 rows=9280537 loops=1)
                                       Filter: ((cs_wholesale_cost >= '6'::numeric) AND (cs_wholesale_cost <= '11'::numeric))
                                       Rows Removed by Filter: 134711762
                                       Buffers: shared hit=37443 read=3676937
                                 ->  Hash  (cost=16906.00..16906.00 rows=25051 width=21) (actual time=121.313..121.314 rows=24688 loops=1)
                                       Buckets: 32768  Batches: 1  Memory Usage: 1607kB
                                       Buffers: shared hit=14356
                                       ->  Seq Scan on item  (cost=0.00..16906.00 rows=25051 width=21) (actual time=0.017..116.165 rows=24688 loops=1)
                                             Filter: (i_category = 'Books'::bpchar)
                                             Rows Removed by Filter: 179312
                                             Buffers: shared hit=14356
                           ->  Memoize  (cost=0.30..7.22 rows=1 width=4) (actual time=0.000..0.000 rows=0 loops=1665205)
                                 Cache Key: catalog_sales.cs_sold_date_sk
                                 Cache Mode: logical
                                 Hits: 1663067  Misses: 2138  Evictions: 0  Overflows: 0  Memory Usage: 155kB
                                 Buffers: shared hit=6411
                                 ->  Index Scan using date_dim_pkey on date_dim  (cost=0.29..7.21 rows=1 width=4) (actual time=0.013..0.013 rows=0 loops=2138)
                                       Index Cond: (d_date_sk = catalog_sales.cs_sold_date_sk)
                                       Filter: (d_year = 2001)
                                       Rows Removed by Filter: 1
                                       Buffers: shared hit=6411
                     ->  Index Scan using customer_pkey on customer  (cost=0.43..7.35 rows=1 width=12) (actual time=0.011..0.011 rows=0 loops=246069)
                           Index Cond: (c_customer_sk = catalog_sales.cs_bill_customer_sk)
                           Filter: (c_birth_month = 9)
                           Rows Removed by Filter: 1
                           Buffers: shared hit=948774 read=34374
               ->  Index Scan using customer_demographics_pkey on customer_demographics  (cost=0.43..7.36 rows=1 width=8) (actual time=0.013..0.013 rows=0 loops=9733)
                     Index Cond: (cd_demo_sk = catalog_sales.cs_bill_cdemo_sk)
                     Filter: ((cd_gender = 'M'::bpchar) AND (cd_education_status = 'Primary'::bpchar))
                     Rows Removed by Filter: 1
                     Buffers: shared hit=33661 read=5247
         ->  Index Scan using customer_address_pkey on customer_address  (cost=0.42..7.36 rows=1 width=35) (actual time=0.019..0.019 rows=0 loops=693)
               Index Cond: (ca_address_sk = customer.c_current_addr_sk)
               Filter: (ca_state = ANY ('{CO,MI,TX}'::bpchar[]))
               Rows Removed by Filter: 1
               Buffers: shared hit=1475 read=1297
 Planning:
   Buffers: shared hit=454
 Planning Time: 4.469 ms
 Execution Time: 52491.724 ms
(53 rows)

