                                                                                  QUERY PLAN                                                                                   
-------------------------------------------------------------------------------------------------------------------------------------------------------------------------------
 Aggregate  (cost=5973233.38..5973233.39 rows=1 width=268) (actual time=52925.338..52925.344 rows=1 loops=1)
   Buffers: shared hit=1406656 read=3730807
   ->  Nested Loop  (cost=17119.15..5973233.29 rows=3 width=81) (actual time=28626.177..52924.872 rows=77 loops=1)
         Buffers: shared hit=1406656 read=3730807
         ->  Nested Loop  (cost=17118.72..5973049.38 rows=25 width=54) (actual time=28550.884..52899.184 rows=1262 loops=1)
               Buffers: shared hit=1403851 read=3728564
               ->  Nested Loop  (cost=17118.29..5971196.13 rows=252 width=50) (actual time=28473.447..52729.059 rows=12766 loops=1)
                     Buffers: shared hit=1354687 read=3726696
                     ->  Nested Loop  (cost=17117.87..5945980.26 rows=3428 width=50) (actual time=28471.602..48564.791 rows=336990 loops=1)
                           Buffers: shared hit=73236 read=3661911
                           ->  Hash Join  (cost=17117.56..5913402.16 rows=691740 width=54) (actual time=126.874..48115.240 rows=1430120 loops=1)
                                 Hash Cond: (catalog_sales.cs_item_sk = item.i_item_sk)
                                 Buffers: shared hit=66825 read=3661911
                                 ->  Seq Scan on catalog_sales  (cost=0.00..5874397.76 rows=8337669 width=41) (actual time=0.129..46303.638 rows=8349119 loops=1)
                                       Filter: ((cs_wholesale_cost >= '11'::numeric) AND (cs_wholesale_cost <= '16'::numeric))
                                       Rows Removed by Filter: 135643180
                                       Buffers: shared hit=52516 read=3661864
                                 ->  Hash  (cost=16906.00..16906.00 rows=16925 width=21) (actual time=126.526..126.527 rows=17141 loops=1)
                                       Buckets: 32768  Batches: 1  Memory Usage: 1194kB
                                       Buffers: shared hit=14309 read=47
                                       ->  Seq Scan on item  (cost=0.00..16906.00 rows=16925 width=21) (actual time=0.015..122.268 rows=17141 loops=1)
                                             Filter: (i_category = 'Home'::bpchar)
                                             Rows Removed by Filter: 186859
                                             Buffers: shared hit=14309 read=47
                           ->  Memoize  (cost=0.30..7.22 rows=1 width=4) (actual time=0.000..0.000 rows=0 loops=1430120)
                                 Cache Key: catalog_sales.cs_sold_date_sk
                                 Cache Mode: logical
                                 Hits: 1427982  Misses: 2138  Evictions: 0  Overflows: 0  Memory Usage: 155kB
                                 Buffers: shared hit=6411
                                 ->  Index Scan using date_dim_pkey on date_dim  (cost=0.29..7.21 rows=1 width=4) (actual time=0.013..0.013 rows=0 loops=2138)
                                       Index Cond: (d_date_sk = catalog_sales.cs_sold_date_sk)
                                       Filter: (d_year = 2002)
                                       Rows Removed by Filter: 1
                                       Buffers: shared hit=6411
                     ->  Index Scan using customer_demographics_pkey on customer_demographics  (cost=0.43..7.36 rows=1 width=8) (actual time=0.012..0.012 rows=0 loops=336990)
                           Index Cond: (cd_demo_sk = catalog_sales.cs_bill_cdemo_sk)
                           Filter: ((cd_gender = 'F'::bpchar) AND (cd_education_status = '4 yr Degree'::bpchar))
                           Rows Removed by Filter: 1
                           Buffers: shared hit=1281451 read=64785
               ->  Index Scan using customer_pkey on customer  (cost=0.43..7.35 rows=1 width=12) (actual time=0.013..0.013 rows=0 loops=12766)
                     Index Cond: (c_customer_sk = catalog_sales.cs_bill_customer_sk)
                     Filter: (c_birth_month = 2)
                     Rows Removed by Filter: 1
                     Buffers: shared hit=49164 read=1868
         ->  Index Scan using customer_address_pkey on customer_address  (cost=0.42..7.36 rows=1 width=35) (actual time=0.020..0.020 rows=0 loops=1262)
               Index Cond: (ca_address_sk = customer.c_current_addr_sk)
               Filter: (ca_state = ANY ('{MI,NC,TX}'::bpchar[]))
               Rows Removed by Filter: 1
               Buffers: shared hit=2805 read=2243
 Planning:
   Buffers: shared hit=454
 Planning Time: 4.218 ms
 Execution Time: 52925.847 ms
(53 rows)

