                                                                              QUERY PLAN                                                                               
-----------------------------------------------------------------------------------------------------------------------------------------------------------------------
 Aggregate  (cost=5993930.27..5993930.28 rows=1 width=268) (actual time=45703.877..45703.883 rows=1 loops=1)
   Buffers: shared hit=622935 read=3693192
   ->  Nested Loop  (cost=17326.55..5993930.22 rows=2 width=81) (actual time=27822.809..45703.767 rows=15 loops=1)
         Buffers: shared hit=622935 read=3693192
         ->  Nested Loop  (cost=17326.12..5993834.44 rows=13 width=54) (actual time=26789.894..45698.735 rows=336 loops=1)
               Buffers: shared hit=621765 read=3693018
               ->  Nested Loop  (cost=17325.69..5992547.16 rows=175 width=54) (actual time=26753.573..45637.197 rows=4616 loops=1)
                     Buffers: shared hit=607908 read=3688419
                     ->  Nested Loop  (cost=17325.27..5952282.53 rows=5475 width=50) (actual time=26751.601..44298.540 rows=140462 loops=1)
                           Buffers: shared hit=54409 read=3680738
                           ->  Hash Join  (cost=17324.96..5909375.83 rows=1104887 width=54) (actual time=127.552..44014.442 rows=847899 loops=1)
                                 Hash Cond: (catalog_sales.cs_item_sk = item.i_item_sk)
                                 Buffers: shared hit=47998 read=3680738
                                 ->  Seq Scan on catalog_sales  (cost=0.00..5874397.76 rows=6724855 width=41) (actual time=0.054..42461.496 rows=6763882 loops=1)
                                       Filter: ((cs_wholesale_cost >= '70'::numeric) AND (cs_wholesale_cost <= '75'::numeric))
                                       Rows Removed by Filter: 137228417
                                       Buffers: shared hit=33642 read=3680738
                                 ->  Hash  (cost=16906.00..16906.00 rows=33517 width=21) (actual time=126.960..126.961 rows=33627 loops=1)
                                       Buckets: 65536  Batches: 1  Memory Usage: 2351kB
                                       Buffers: shared hit=14356
                                       ->  Seq Scan on item  (cost=0.00..16906.00 rows=33517 width=21) (actual time=0.040..120.122 rows=33627 loops=1)
                                             Filter: (i_category = 'Shoes'::bpchar)
                                             Rows Removed by Filter: 170373
                                             Buffers: shared hit=14356
                           ->  Memoize  (cost=0.30..7.22 rows=1 width=4) (actual time=0.000..0.000 rows=0 loops=847899)
                                 Cache Key: catalog_sales.cs_sold_date_sk
                                 Cache Mode: logical
                                 Hits: 845761  Misses: 2138  Evictions: 0  Overflows: 0  Memory Usage: 155kB
                                 Buffers: shared hit=6411
                                 ->  Index Scan using date_dim_pkey on date_dim  (cost=0.29..7.21 rows=1 width=4) (actual time=0.015..0.015 rows=0 loops=2138)
                                       Index Cond: (d_date_sk = catalog_sales.cs_sold_date_sk)
                                       Filter: (d_year = 2002)
                                       Rows Removed by Filter: 1
                                       Buffers: shared hit=6411
                     ->  Index Scan using customer_pkey on customer  (cost=0.43..7.35 rows=1 width=12) (actual time=0.009..0.009 rows=0 loops=140462)
                           Index Cond: (c_customer_sk = catalog_sales.cs_bill_customer_sk)
                           Filter: (c_birth_month = 6)
                           Rows Removed by Filter: 1
                           Buffers: shared hit=553499 read=7681
               ->  Index Scan using customer_demographics_pkey on customer_demographics  (cost=0.43..7.36 rows=1 width=8) (actual time=0.013..0.013 rows=0 loops=4616)
                     Index Cond: (cd_demo_sk = catalog_sales.cs_bill_cdemo_sk)
                     Filter: ((cd_gender = 'M'::bpchar) AND (cd_education_status = 'Primary'::bpchar))
                     Rows Removed by Filter: 1
                     Buffers: shared hit=13857 read=4599
         ->  Index Scan using customer_address_pkey on customer_address  (cost=0.42..7.37 rows=1 width=35) (actual time=0.014..0.014 rows=0 loops=336)
               Index Cond: (ca_address_sk = customer.c_current_addr_sk)
               Filter: (ca_state = ANY ('{GA,MS,TX}'::bpchar[]))
               Rows Removed by Filter: 1
               Buffers: shared hit=1170 read=174
 Planning:
   Buffers: shared hit=454
 Planning Time: 4.266 ms
 Execution Time: 45704.546 ms
(53 rows)

