                                                                              QUERY PLAN                                                                               
-----------------------------------------------------------------------------------------------------------------------------------------------------------------------
 Aggregate  (cost=5984931.18..5984931.19 rows=1 width=268) (actual time=46330.229..46330.234 rows=1 loops=1)
   Buffers: shared hit=679025 read=3696954
   ->  Nested Loop  (cost=17220.72..5984931.16 rows=1 width=81) (actual time=7871.203..46330.186 rows=5 loops=1)
         Buffers: shared hit=679025 read=3696954
         ->  Nested Loop  (cost=17220.30..5984835.42 rows=13 width=54) (actual time=6194.368..46327.997 rows=112 loops=1)
               Buffers: shared hit=678653 read=3696878
               ->  Nested Loop  (cost=17219.87..5983496.65 rows=182 width=54) (actual time=6116.248..46237.070 rows=6078 loops=1)
                     Buffers: shared hit=660796 read=3690431
                     ->  Nested Loop  (cost=17219.44..5949792.21 rows=4583 width=50) (actual time=6115.126..44606.972 rows=154221 loops=1)
                           Buffers: shared hit=54878 read=3680269
                           ->  Hash Join  (cost=17219.14..5911386.87 rows=924832 width=54) (actual time=124.055..44204.071 rows=1346602 loops=1)
                                 Hash Cond: (catalog_sales.cs_item_sk = item.i_item_sk)
                                 Buffers: shared hit=48467 read=3680269
                                 ->  Seq Scan on catalog_sales  (cost=0.00..5874397.76 rows=7531262 width=41) (actual time=0.701..42423.582 rows=7518631 loops=1)
                                       Filter: ((cs_wholesale_cost >= '80'::numeric) AND (cs_wholesale_cost <= '85'::numeric))
                                       Rows Removed by Filter: 136473668
                                       Buffers: shared hit=34111 read=3680269
                                 ->  Hash  (cost=16906.00..16906.00 rows=25051 width=21) (actual time=122.799..122.800 rows=24688 loops=1)
                                       Buckets: 32768  Batches: 1  Memory Usage: 1607kB
                                       Buffers: shared hit=14356
                                       ->  Seq Scan on item  (cost=0.00..16906.00 rows=25051 width=21) (actual time=0.040..117.713 rows=24688 loops=1)
                                             Filter: (i_category = 'Books'::bpchar)
                                             Rows Removed by Filter: 179312
                                             Buffers: shared hit=14356
                           ->  Memoize  (cost=0.30..7.22 rows=1 width=4) (actual time=0.000..0.000 rows=0 loops=1346602)
                                 Cache Key: catalog_sales.cs_sold_date_sk
                                 Cache Mode: logical
                                 Hits: 1344464  Misses: 2138  Evictions: 0  Overflows: 0  Memory Usage: 155kB
                                 Buffers: shared hit=6411
                                 ->  Index Scan using date_dim_pkey on date_dim  (cost=0.29..7.21 rows=1 width=4) (actual time=0.012..0.012 rows=0 loops=2138)
                                       Index Cond: (d_date_sk = catalog_sales.cs_sold_date_sk)
                                       Filter: (d_year = 1999)
                                       Rows Removed by Filter: 1
                                       Buffers: shared hit=6411
                     ->  Index Scan using customer_pkey on customer  (cost=0.43..7.35 rows=1 width=12) (actual time=0.010..0.010 rows=0 loops=154221)
                           Index Cond: (c_customer_sk = catalog_sales.cs_bill_customer_sk)
                           Filter: (c_birth_month = 9)
                           Rows Removed by Filter: 1
                           Buffers: shared hit=605918 read=10162
               ->  Index Scan using customer_demographics_pkey on customer_demographics  (cost=0.43..7.36 rows=1 width=8) (actual time=0.015..0.015 rows=0 loops=6078)
                     Index Cond: (cd_demo_sk = catalog_sales.cs_bill_cdemo_sk)
                     Filter: ((cd_gender = 'F'::bpchar) AND (cd_education_status = 'Secondary'::bpchar))
                     Rows Removed by Filter: 1
                     Buffers: shared hit=17857 read=6447
         ->  Index Scan using customer_address_pkey on customer_address  (cost=0.42..7.36 rows=1 width=35) (actual time=0.018..0.018 rows=0 loops=112)
               Index Cond: (ca_address_sk = customer.c_current_addr_sk)
               Filter: (ca_state = ANY ('{IL,NE,OK}'::bpchar[]))
               Rows Removed by Filter: 1
               Buffers: shared hit=372 read=76
 Planning:
   Buffers: shared hit=454
 Planning Time: 6.240 ms
 Execution Time: 46331.068 ms
(53 rows)

