                                                                                  QUERY PLAN                                                                                   
-------------------------------------------------------------------------------------------------------------------------------------------------------------------------------
 Aggregate  (cost=6055102.25..6055102.26 rows=1 width=268) (actual time=50815.647..50815.652 rows=1 loops=1)
   Buffers: shared hit=805403 read=3761080
   ->  Nested Loop  (cost=17180.68..6055102.06 rows=7 width=81) (actual time=29366.348..50814.807 rows=148 loops=1)
         Buffers: shared hit=805403 read=3761080
         ->  Nested Loop  (cost=17180.26..6054741.56 rows=49 width=54) (actual time=29265.662..50770.295 rows=2859 loops=1)
               Buffers: shared hit=798511 read=3756536
               ->  Nested Loop  (cost=17179.83..6050439.43 rows=585 width=50) (actual time=29260.473..50429.793 rows=34703 loops=1)
                     Buffers: shared hit=662750 read=3753553
                     ->  Nested Loop  (cost=17179.40..5989555.56 rows=8277 width=50) (actual time=29260.356..48699.255 rows=170516 loops=1)
                           Buffers: shared hit=46982 read=3688165
                           ->  Hash Join  (cost=17179.10..5932515.44 rows=1670229 width=54) (actual time=107.012..48287.324 rows=1346646 loops=1)
                                 Hash Cond: (catalog_sales.cs_item_sk = item.i_item_sk)
                                 Buffers: shared hit=40571 read=3688165
                                 ->  Seq Scan on catalog_sales  (cost=0.00..5874397.76 rows=15595328 width=41) (actual time=0.216..45449.205 rows=15696054 loops=1)
                                       Filter: ((cs_wholesale_cost >= '23'::numeric) AND (cs_wholesale_cost <= '28'::numeric))
                                       Rows Removed by Filter: 128296245
                                       Buffers: shared hit=26215 read=3688165
                                 ->  Hash  (cost=16906.00..16906.00 rows=21848 width=21) (actual time=106.355..106.356 rows=21811 loops=1)
                                       Buckets: 32768  Batches: 1  Memory Usage: 1449kB
                                       Buffers: shared hit=14356
                                       ->  Seq Scan on item  (cost=0.00..16906.00 rows=21848 width=21) (actual time=0.026..102.325 rows=21811 loops=1)
                                             Filter: (i_category = 'Sports'::bpchar)
                                             Rows Removed by Filter: 182189
                                             Buffers: shared hit=14356
                           ->  Memoize  (cost=0.30..7.22 rows=1 width=4) (actual time=0.000..0.000 rows=0 loops=1346646)
                                 Cache Key: catalog_sales.cs_sold_date_sk
                                 Cache Mode: logical
                                 Hits: 1344508  Misses: 2138  Evictions: 0  Overflows: 0  Memory Usage: 155kB
                                 Buffers: shared hit=6411
                                 ->  Index Scan using date_dim_pkey on date_dim  (cost=0.29..7.21 rows=1 width=4) (actual time=0.012..0.012 rows=0 loops=2138)
                                       Index Cond: (d_date_sk = catalog_sales.cs_sold_date_sk)
                                       Filter: (d_year = 2002)
                                       Rows Removed by Filter: 1
                                       Buffers: shared hit=6411
                     ->  Index Scan using customer_demographics_pkey on customer_demographics  (cost=0.43..7.36 rows=1 width=8) (actual time=0.010..0.010 rows=0 loops=170516)
                           Index Cond: (cd_demo_sk = catalog_sales.cs_bill_cdemo_sk)
                           Filter: ((cd_gender = 'M'::bpchar) AND (cd_education_status = '2 yr Degree'::bpchar))
                           Rows Removed by Filter: 1
                           Buffers: shared hit=615768 read=65388
               ->  Index Scan using customer_pkey on customer  (cost=0.43..7.35 rows=1 width=12) (actual time=0.010..0.010 rows=0 loops=34703)
                     Index Cond: (c_customer_sk = catalog_sales.cs_bill_customer_sk)
                     Filter: (c_birth_month = 11)
                     Rows Removed by Filter: 1
                     Buffers: shared hit=135761 read=2983
         ->  Index Scan using customer_address_pkey on customer_address  (cost=0.42..7.36 rows=1 width=35) (actual time=0.015..0.015 rows=0 loops=2859)
               Index Cond: (ca_address_sk = customer.c_current_addr_sk)
               Filter: (ca_state = ANY ('{IL,MN,TX}'::bpchar[]))
               Rows Removed by Filter: 1
               Buffers: shared hit=6892 read=4544
 Planning:
   Buffers: shared hit=454
 Planning Time: 2.359 ms
 Execution Time: 50816.041 ms
(53 rows)

