                                                                                  QUERY PLAN                                                                                   
-------------------------------------------------------------------------------------------------------------------------------------------------------------------------------
 Aggregate  (cost=6014833.81..6014833.82 rows=1 width=268) (actual time=50083.131..50083.136 rows=1 loops=1)
   Buffers: shared hit=1047233 read=3723510
   ->  Nested Loop  (cost=17437.73..6014833.67 rows=5 width=81) (actual time=181.843..50081.939 rows=218 loops=1)
         Buffers: shared hit=1047233 read=3723510
         ->  Nested Loop  (cost=17437.31..6014326.19 rows=69 width=54) (actual time=133.468..50010.935 rows=3384 loops=1)
               Buffers: shared hit=1039459 read=3717748
               ->  Nested Loop  (cost=17436.88..6010693.18 rows=494 width=50) (actual time=128.763..49605.409 rows=24147 loops=1)
                     Buffers: shared hit=951361 read=3709302
                     ->  Nested Loop  (cost=17436.45..5959724.26 rows=6929 width=50) (actual time=128.542..46141.459 rows=231667 loops=1)
                           Buffers: shared hit=49312 read=3685835
                           ->  Hash Join  (cost=17436.15..5909487.02 rows=1398111 width=54) (actual time=128.496..45690.080 rows=1466761 loops=1)
                                 Hash Cond: (catalog_sales.cs_item_sk = item.i_item_sk)
                                 Buffers: shared hit=42901 read=3685835
                                 ->  Seq Scan on catalog_sales  (cost=0.00..5874397.76 rows=6724855 width=41) (actual time=0.056..43926.632 rows=6763882 loops=1)
                                       Filter: ((cs_wholesale_cost >= '69'::numeric) AND (cs_wholesale_cost <= '74'::numeric))
                                       Rows Removed by Filter: 137228417
                                       Buffers: shared hit=28545 read=3685835
                                 ->  Hash  (cost=16906.00..16906.00 rows=42412 width=21) (actual time=127.850..127.851 rows=42041 loops=1)
                                       Buckets: 65536  Batches: 1  Memory Usage: 2812kB
                                       Buffers: shared hit=14356
                                       ->  Seq Scan on item  (cost=0.00..16906.00 rows=42412 width=21) (actual time=0.021..119.424 rows=42041 loops=1)
                                             Filter: (i_category = 'Electronics'::bpchar)
                                             Rows Removed by Filter: 161959
                                             Buffers: shared hit=14356
                           ->  Memoize  (cost=0.30..7.22 rows=1 width=4) (actual time=0.000..0.000 rows=0 loops=1466761)
                                 Cache Key: catalog_sales.cs_sold_date_sk
                                 Cache Mode: logical
                                 Hits: 1464623  Misses: 2138  Evictions: 0  Overflows: 0  Memory Usage: 155kB
                                 Buffers: shared hit=6411
                                 ->  Index Scan using date_dim_pkey on date_dim  (cost=0.29..7.21 rows=1 width=4) (actual time=0.012..0.012 rows=0 loops=2138)
                                       Index Cond: (d_date_sk = catalog_sales.cs_sold_date_sk)
                                       Filter: (d_year = 1998)
                                       Rows Removed by Filter: 1
                                       Buffers: shared hit=6411
                     ->  Index Scan using customer_demographics_pkey on customer_demographics  (cost=0.43..7.36 rows=1 width=8) (actual time=0.015..0.015 rows=0 loops=231667)
                           Index Cond: (cd_demo_sk = catalog_sales.cs_bill_cdemo_sk)
                           Filter: ((cd_gender = 'M'::bpchar) AND (cd_education_status = 'College'::bpchar))
                           Rows Removed by Filter: 1
                           Buffers: shared hit=902049 read=23467
               ->  Index Scan using customer_pkey on customer  (cost=0.43..7.35 rows=1 width=12) (actual time=0.017..0.017 rows=0 loops=24147)
                     Index Cond: (c_customer_sk = catalog_sales.cs_bill_customer_sk)
                     Filter: (c_birth_month = 10)
                     Rows Removed by Filter: 1
                     Buffers: shared hit=88098 read=8446
         ->  Index Scan using customer_address_pkey on customer_address  (cost=0.42..7.35 rows=1 width=35) (actual time=0.021..0.021 rows=0 loops=3384)
               Index Cond: (ca_address_sk = customer.c_current_addr_sk)
               Filter: (ca_state = ANY ('{KY,NE,UT}'::bpchar[]))
               Rows Removed by Filter: 1
               Buffers: shared hit=7774 read=5762
 Planning:
   Buffers: shared hit=454
 Planning Time: 3.761 ms
 Execution Time: 50083.795 ms
(53 rows)

