                                                                               QUERY PLAN                                                                               
------------------------------------------------------------------------------------------------------------------------------------------------------------------------
 Aggregate  (cost=6022833.03..6022833.04 rows=1 width=268) (actual time=52989.877..52989.883 rows=1 loops=1)
   Buffers: shared hit=1233746 read=3784893
   ->  Nested Loop  (cost=17220.72..6022832.95 rows=3 width=81) (actual time=20527.584..52989.624 rows=37 loops=1)
         Buffers: shared hit=1233746 read=3784893
         ->  Nested Loop  (cost=17220.30..6022634.23 rows=27 width=54) (actual time=20423.595..52973.101 rows=765 loops=1)
               Buffers: shared hit=1231977 read=3783602
               ->  Nested Loop  (cost=17219.87..6019765.46 rows=390 width=54) (actual time=20421.586..52727.060 rows=17412 loops=1)
                     Buffers: shared hit=1163789 read=3782210
                     ->  Nested Loop  (cost=17219.44..5970103.04 rows=6753 width=50) (actual time=20421.415..48640.689 rows=303084 loops=1)
                           Buffers: shared hit=73399 read=3661748
                           ->  Hash Join  (cost=17219.14..5920748.94 rows=1362786 width=54) (actual time=123.066..48039.656 rows=2056832 loops=1)
                                 Hash Cond: (catalog_sales.cs_item_sk = item.i_item_sk)
                                 Buffers: shared hit=66988 read=3661748
                                 ->  Seq Scan on catalog_sales  (cost=0.00..5874397.76 rows=11097691 width=41) (actual time=0.303..45539.488 rows=11458169 loops=1)
                                       Filter: ((cs_wholesale_cost >= '58'::numeric) AND (cs_wholesale_cost <= '63'::numeric))
                                       Rows Removed by Filter: 132534130
                                       Buffers: shared hit=52632 read=3661748
                                 ->  Hash  (cost=16906.00..16906.00 rows=25051 width=21) (actual time=122.303..122.304 rows=24688 loops=1)
                                       Buckets: 32768  Batches: 1  Memory Usage: 1607kB
                                       Buffers: shared hit=14356
                                       ->  Seq Scan on item  (cost=0.00..16906.00 rows=25051 width=21) (actual time=0.032..117.025 rows=24688 loops=1)
                                             Filter: (i_category = 'Books'::bpchar)
                                             Rows Removed by Filter: 179312
                                             Buffers: shared hit=14356
                           ->  Memoize  (cost=0.30..7.22 rows=1 width=4) (actual time=0.000..0.000 rows=0 loops=2056832)
                                 Cache Key: catalog_sales.cs_sold_date_sk
                                 Cache Mode: logical
                                 Hits: 2054694  Misses: 2138  Evictions: 0  Overflows: 0  Memory Usage: 155kB
                                 Buffers: shared hit=6411
                                 ->  Index Scan using date_dim_pkey on date_dim  (cost=0.29..7.21 rows=1 width=4) (actual time=0.013..0.013 rows=0 loops=2138)
                                       Index Cond: (d_date_sk = catalog_sales.cs_sold_date_sk)
                                       Filter: (d_year = 2001)
                                       Rows Removed by Filter: 1
                                       Buffers: shared hit=6411
                     ->  Index Scan using customer_pkey on customer  (cost=0.43..7.35 rows=1 width=12) (actual time=0.013..0.013 rows=0 loops=303084)
                           Index Cond: (c_customer_sk = catalog_sales.cs_bill_customer_sk)
                           Filter: (c_birth_month = 3)
                           Rows Removed by Filter: 1
                           Buffers: shared hit=1090390 read=120462
               ->  Index Scan using customer_demographics_pkey on customer_demographics  (cost=0.43..7.36 rows=1 width=8) (actual time=0.014..0.014 rows=0 loops=17412)
                     Index Cond: (cd_demo_sk = catalog_sales.cs_bill_cdemo_sk)
                     Filter: ((cd_gender = 'F'::bpchar) AND (cd_education_status = 'Unknown'::bpchar))
                     Rows Removed by Filter: 1
                     Buffers: shared hit=68188 read=1392
         ->  Index Scan using customer_address_pkey on customer_address  (cost=0.42..7.36 rows=1 width=35) (actual time=0.021..0.021 rows=0 loops=765)
               Index Cond: (ca_address_sk = customer.c_current_addr_sk)
               Filter: (ca_state = ANY ('{MN,PA,TX}'::bpchar[]))
               Rows Removed by Filter: 1
               Buffers: shared hit=1769 read=1291
 Planning:
   Buffers: shared hit=454
 Planning Time: 6.127 ms
 Execution Time: 52990.684 ms
(53 rows)

