                                                                                 QUERY PLAN                                                                                  
-----------------------------------------------------------------------------------------------------------------------------------------------------------------------------
 Aggregate  (cost=5920475.15..5920475.16 rows=1 width=268) (actual time=44762.019..44762.023 rows=1 loops=1)
   Buffers: shared hit=104734 read=3677121
   ->  Nested Loop  (cost=17019.78..5920475.12 rows=1 width=81) (actual time=19197.387..44761.925 rows=13 loops=1)
         Buffers: shared hit=104734 read=3677121
         ->  Nested Loop  (cost=17019.36..5920445.70 rows=4 width=54) (actual time=19067.591..44757.497 rows=202 loops=1)
               Buffers: shared hit=104304 read=3676743
               ->  Nested Loop  (cost=17018.93..5920158.86 rows=39 width=50) (actual time=19066.979..44728.191 rows=1904 loops=1)
                     Buffers: shared hit=97201 read=3676230
                     ->  Nested Loop  (cost=17018.50..5916105.61 rows=551 width=50) (actual time=19066.935..44597.338 rows=9580 loops=1)
                           Buffers: shared hit=59868 read=3675279
                           ->  Hash Join  (cost=17018.20..5898043.75 rows=111092 width=54) (actual time=128.152..44536.727 rows=57127 loops=1)
                                 Hash Cond: (catalog_sales.cs_item_sk = item.i_item_sk)
                                 Buffers: shared hit=53457 read=3675279
                                 ->  Seq Scan on catalog_sales  (cost=0.00..5874397.76 rows=2524821 width=41) (actual time=0.102..43892.298 rows=2625628 loops=1)
                                       Filter: ((cs_wholesale_cost >= '43'::numeric) AND (cs_wholesale_cost <= '48'::numeric))
                                       Rows Removed by Filter: 141366671
                                       Buffers: shared hit=53457 read=3660923
                                 ->  Hash  (cost=16906.00..16906.00 rows=8976 width=21) (actual time=126.666..126.667 rows=8826 loops=1)
                                       Buckets: 16384  Batches: 1  Memory Usage: 611kB
                                       Buffers: shared read=14356
                                       ->  Seq Scan on item  (cost=0.00..16906.00 rows=8976 width=21) (actual time=0.020..124.129 rows=8826 loops=1)
                                             Filter: (i_category = 'Jewelry'::bpchar)
                                             Rows Removed by Filter: 195174
                                             Buffers: shared read=14356
                           ->  Memoize  (cost=0.30..7.22 rows=1 width=4) (actual time=0.001..0.001 rows=0 loops=57127)
                                 Cache Key: catalog_sales.cs_sold_date_sk
                                 Cache Mode: logical
                                 Hits: 54989  Misses: 2138  Evictions: 0  Overflows: 0  Memory Usage: 155kB
                                 Buffers: shared hit=6411
                                 ->  Index Scan using date_dim_pkey on date_dim  (cost=0.29..7.21 rows=1 width=4) (actual time=0.012..0.012 rows=0 loops=2138)
                                       Index Cond: (d_date_sk = catalog_sales.cs_sold_date_sk)
                                       Filter: (d_year = 2001)
                                       Rows Removed by Filter: 1
                                       Buffers: shared hit=6411
                     ->  Index Scan using customer_demographics_pkey on customer_demographics  (cost=0.43..7.36 rows=1 width=8) (actual time=0.013..0.013 rows=0 loops=9580)
                           Index Cond: (cd_demo_sk = catalog_sales.cs_bill_cdemo_sk)
                           Filter: ((cd_gender = 'M'::bpchar) AND (cd_education_status = '2 yr Degree'::bpchar))
                           Rows Removed by Filter: 1
                           Buffers: shared hit=37333 read=951
               ->  Index Scan using customer_pkey on customer  (cost=0.43..7.35 rows=1 width=12) (actual time=0.015..0.015 rows=0 loops=1904)
                     Index Cond: (c_customer_sk = catalog_sales.cs_bill_customer_sk)
                     Filter: (c_birth_month = 1)
                     Rows Removed by Filter: 1
                     Buffers: shared hit=7103 read=513
         ->  Index Scan using customer_address_pkey on customer_address  (cost=0.42..7.36 rows=1 width=35) (actual time=0.021..0.021 rows=0 loops=202)
               Index Cond: (ca_address_sk = customer.c_current_addr_sk)
               Filter: (ca_state = ANY ('{CA,GA,IN}'::bpchar[]))
               Rows Removed by Filter: 1
               Buffers: shared hit=430 read=378
 Planning:
   Buffers: shared hit=405 read=49
 Planning Time: 5.849 ms
 Execution Time: 44762.562 ms
(53 rows)

