                                                                        QUERY PLAN                                                                        
----------------------------------------------------------------------------------------------------------------------------------------------------------
 Aggregate  (cost=5984719.96..5984719.97 rows=1 width=268) (actual time=42237.627..42237.629 rows=1 loops=1)
   Buffers: shared hit=57334 read=3657046
   ->  Nested Loop  (cost=0.43..5984719.93 rows=1 width=81) (actual time=42237.622..42237.624 rows=0 loops=1)
         Join Filter: (catalog_sales.cs_item_sk = item.i_item_sk)
         Buffers: shared hit=57334 read=3657046
         ->  Nested Loop  (cost=0.43..5967676.48 rows=1 width=68) (actual time=42237.622..42237.624 rows=0 loops=1)
               Join Filter: (date_dim.d_date_sk = catalog_sales.cs_sold_date_sk)
               Buffers: shared hit=57334 read=3657046
               ->  Nested Loop  (cost=0.43..5965284.85 rows=1 width=72) (actual time=42237.621..42237.623 rows=0 loops=1)
                     Join Filter: (customer_address.ca_address_sk = customer.c_current_addr_sk)
                     Buffers: shared hit=57334 read=3657046
                     ->  Nested Loop  (cost=0.43..5927345.60 rows=1 width=45) (actual time=42237.621..42237.622 rows=0 loops=1)
                           Buffers: shared hit=57334 read=3657046
                           ->  Nested Loop  (cost=0.00..5927337.15 rows=1 width=41) (actual time=42237.621..42237.621 rows=0 loops=1)
                                 Join Filter: (customer_demographics.cd_demo_sk = catalog_sales.cs_bill_cdemo_sk)
                                 Buffers: shared hit=57334 read=3657046
                                 ->  Seq Scan on catalog_sales  (cost=0.00..5874397.76 rows=1 width=41) (actual time=42237.620..42237.620 rows=0 loops=1)
                                       Filter: ((cs_wholesale_cost >= '74'::numeric) AND (cs_wholesale_cost <= '79'::numeric))
                                       Rows Removed by Filter: 143992299
                                       Buffers: shared hit=57334 read=3657046
                                 ->  Seq Scan on customer_demographics  (cost=0.00..51225.00 rows=137151 width=8) (never executed)
                                       Filter: ((cd_gender = 'M'::bpchar) AND (cd_education_status = 'Secondary'::bpchar))
                           ->  Index Scan using customer_pkey on customer  (cost=0.43..8.45 rows=1 width=12) (never executed)
                                 Index Cond: (c_customer_sk = catalog_sales.cs_bill_customer_sk)
                                 Filter: (c_birth_month = 6)
                     ->  Seq Scan on customer_address  (cost=0.00..36288.00 rows=132100 width=35) (never executed)
                           Filter: (ca_state = ANY ('{CA,NC,TX}'::bpchar[]))
               ->  Seq Scan on date_dim  (cost=0.00..2387.11 rows=362 width=4) (never executed)
                     Filter: (d_year = 2002)
         ->  Seq Scan on item  (cost=0.00..16906.00 rows=10996 width=21) (never executed)
               Filter: (i_category = 'Women'::bpchar)
 Planning:
   Buffers: shared hit=454
 Planning Time: 4.004 ms
 Execution Time: 42238.017 ms
(35 rows)

