                                                                               QUERY PLAN                                                                               
------------------------------------------------------------------------------------------------------------------------------------------------------------------------
 Aggregate  (cost=6018783.37..6018783.38 rows=1 width=268) (actual time=53172.404..53172.409 rows=1 loops=1)
   Buffers: shared hit=1209208 read=3823194
   ->  Nested Loop  (cost=19717.88..6018783.32 rows=2 width=81) (actual time=8061.764..53172.322 rows=11 loops=1)
         Buffers: shared hit=1209208 read=3823194
         ->  Nested Loop  (cost=19717.46..6018591.77 rows=26 width=54) (actual time=6550.789..53167.670 rows=219 loops=1)
               Buffers: shared hit=1208741 read=3822785
               ->  Nested Loop  (cost=19717.03..6015884.84 rows=368 width=54) (actual time=6494.389..53006.880 rows=10293 loops=1)
                     Buffers: shared hit=1169898 read=3820492
                     ->  Hash Join  (cost=19716.60..5931357.04 rows=11494 width=50) (actual time=6494.346..48516.671 rows=315432 loops=1)
                           Hash Cond: (catalog_sales.cs_item_sk = item.i_item_sk)
                           Buffers: shared hit=16712 read=3713498
                           ->  Hash Join  (cost=2391.64..5913848.44 rows=69957 width=37) (actual time=6393.529..48064.517 rows=1868136 loops=1)
                                 Hash Cond: (catalog_sales.cs_sold_date_sk = date_dim.d_date_sk)
                                 Buffers: shared hit=2356 read=3713498
                                 ->  Seq Scan on catalog_sales  (cost=0.00..5874397.76 rows=14116916 width=41) (actual time=0.179..46592.576 rows=14129630 loops=1)
                                       Filter: ((cs_wholesale_cost >= '13'::numeric) AND (cs_wholesale_cost <= '18'::numeric))
                                       Rows Removed by Filter: 129862669
                                       Buffers: shared hit=2314 read=3712066
                                 ->  Hash  (cost=2387.11..2387.11 rows=362 width=4) (actual time=17.680..17.682 rows=365 loops=1)
                                       Buckets: 1024  Batches: 1  Memory Usage: 21kB
                                       Buffers: shared hit=42 read=1432
                                       ->  Seq Scan on date_dim  (cost=0.00..2387.11 rows=362 width=4) (actual time=10.005..17.634 rows=365 loops=1)
                                             Filter: (d_year = 1999)
                                             Rows Removed by Filter: 72684
                                             Buffers: shared hit=42 read=1432
                           ->  Hash  (cost=16906.00..16906.00 rows=33517 width=21) (actual time=100.582..100.582 rows=33627 loops=1)
                                 Buckets: 65536  Batches: 1  Memory Usage: 2351kB
                                 Buffers: shared hit=14356
                                 ->  Seq Scan on item  (cost=0.00..16906.00 rows=33517 width=21) (actual time=0.029..94.956 rows=33627 loops=1)
                                       Filter: (i_category = 'Shoes'::bpchar)
                                       Rows Removed by Filter: 170373
                                       Buffers: shared hit=14356
                     ->  Index Scan using customer_pkey on customer  (cost=0.43..7.35 rows=1 width=12) (actual time=0.014..0.014 rows=0 loops=315432)
                           Index Cond: (c_customer_sk = catalog_sales.cs_bill_customer_sk)
                           Filter: (c_birth_month = 6)
                           Rows Removed by Filter: 1
                           Buffers: shared hit=1153186 read=106994
               ->  Index Scan using customer_demographics_pkey on customer_demographics  (cost=0.43..7.36 rows=1 width=8) (actual time=0.015..0.015 rows=0 loops=10293)
                     Index Cond: (cd_demo_sk = catalog_sales.cs_bill_cdemo_sk)
                     Filter: ((cd_gender = 'F'::bpchar) AND (cd_education_status = 'Primary'::bpchar))
                     Rows Removed by Filter: 1
                     Buffers: shared hit=38843 read=2293
         ->  Index Scan using customer_address_pkey on customer_address  (cost=0.42..7.37 rows=1 width=35) (actual time=0.020..0.020 rows=0 loops=219)
               Index Cond: (ca_address_sk = customer.c_current_addr_sk)
               Filter: (ca_state = ANY ('{OK,VA,WA}'::bpchar[]))
               Rows Removed by Filter: 1
               Buffers: shared hit=467 read=409
 Planning:
   Buffers: shared hit=454
 Planning Time: 2.435 ms
 Execution Time: 53172.726 ms
(51 rows)

