                                                                            QUERY PLAN                                                                            
------------------------------------------------------------------------------------------------------------------------------------------------------------------
 Aggregate  (cost=6005553.05..6005553.06 rows=1 width=268) (actual time=46922.783..46922.787 rows=1 loops=1)
   Buffers: shared hit=664715 read=3783344
   ->  Nested Loop  (cost=17326.55..6005553.02 rows=1 width=81) (actual time=5980.580..46922.499 rows=40 loops=1)
         Buffers: shared hit=664715 read=3783344
         ->  Nested Loop  (cost=17326.12..6005413.26 rows=19 width=81) (actual time=5889.855..46912.898 rows=583 loops=1)
               Buffers: shared hit=662543 read=3783188
               ->  Nested Loop  (cost=17325.69..6002807.81 rows=354 width=54) (actual time=5887.006..46757.817 rows=9683 loops=1)
                     Buffers: shared hit=638788 read=3768211
                     ->  Nested Loop  (cost=17325.27..5957711.66 rows=6132 width=50) (actual time=5886.969..44642.546 rows=168170 loops=1)
                           Buffers: shared hit=32406 read=3702741
                           ->  Hash Join  (cost=17324.96..5911492.70 rows=1237379 width=54) (actual time=121.188..44336.301 rows=946499 loops=1)
                                 Hash Cond: (catalog_sales.cs_item_sk = item.i_item_sk)
                                 Buffers: shared hit=25995 read=3702741
                                 ->  Seq Scan on catalog_sales  (cost=0.00..5874397.76 rows=7531262 width=41) (actual time=0.051..42622.254 rows=7518631 loops=1)
                                       Filter: ((cs_wholesale_cost >= '82'::numeric) AND (cs_wholesale_cost <= '87'::numeric))
                                       Rows Removed by Filter: 136473668
                                       Buffers: shared hit=11767 read=3702613
                                 ->  Hash  (cost=16906.00..16906.00 rows=33517 width=21) (actual time=120.756..120.757 rows=33627 loops=1)
                                       Buckets: 65536  Batches: 1  Memory Usage: 2351kB
                                       Buffers: shared hit=14228 read=128
                                       ->  Seq Scan on item  (cost=0.00..16906.00 rows=33517 width=21) (actual time=0.024..113.902 rows=33627 loops=1)
                                             Filter: (i_category = 'Shoes'::bpchar)
                                             Rows Removed by Filter: 170373
                                             Buffers: shared hit=14228 read=128
                           ->  Memoize  (cost=0.30..7.22 rows=1 width=4) (actual time=0.000..0.000 rows=0 loops=946499)
                                 Cache Key: catalog_sales.cs_sold_date_sk
                                 Cache Mode: logical
                                 Hits: 944361  Misses: 2138  Evictions: 0  Overflows: 0  Memory Usage: 155kB
                                 Buffers: shared hit=6411
                                 ->  Index Scan using date_dim_pkey on date_dim  (cost=0.29..7.21 rows=1 width=4) (actual time=0.012..0.012 rows=0 loops=2138)
                                       Index Cond: (d_date_sk = catalog_sales.cs_sold_date_sk)
                                       Filter: (d_year = 1999)
                                       Rows Removed by Filter: 1
                                       Buffers: shared hit=6411
                     ->  Index Scan using customer_pkey on customer  (cost=0.43..7.35 rows=1 width=12) (actual time=0.012..0.012 rows=0 loops=168170)
                           Index Cond: (c_customer_sk = catalog_sales.cs_bill_customer_sk)
                           Filter: (c_birth_month = 3)
                           Rows Removed by Filter: 1
                           Buffers: shared hit=606382 read=65470
               ->  Index Scan using customer_address_pkey on customer_address  (cost=0.42..7.36 rows=1 width=35) (actual time=0.016..0.016 rows=0 loops=9683)
                     Index Cond: (ca_address_sk = customer.c_current_addr_sk)
                     Filter: (ca_state = ANY ('{MT,ND,OK}'::bpchar[]))
                     Rows Removed by Filter: 1
                     Buffers: shared hit=23755 read=14977
         ->  Index Scan using customer_demographics_pkey on customer_demographics  (cost=0.43..7.36 rows=1 width=8) (actual time=0.016..0.016 rows=0 loops=583)
               Index Cond: (cd_demo_sk = catalog_sales.cs_bill_cdemo_sk)
               Filter: ((cd_gender = 'F'::bpchar) AND (cd_education_status = '2 yr Degree'::bpchar))
               Rows Removed by Filter: 1
               Buffers: shared hit=2172 read=156
 Planning:
   Buffers: shared hit=405 read=49
 Planning Time: 5.350 ms
 Execution Time: 46923.280 ms
(53 rows)

