                                                                                  QUERY PLAN                                                                                   
-------------------------------------------------------------------------------------------------------------------------------------------------------------------------------
 Aggregate  (cost=5977690.29..5977690.30 rows=1 width=268) (actual time=46797.329..46797.334 rows=1 loops=1)
   Buffers: shared hit=725489 read=3718806
   ->  Nested Loop  (cost=17220.72..5977690.18 rows=4 width=81) (actual time=12133.472..46797.018 rows=49 loops=1)
         Buffers: shared hit=725489 read=3718806
         ->  Nested Loop  (cost=17220.30..5977395.98 rows=40 width=54) (actual time=12059.586..46779.774 rows=1021 loops=1)
               Buffers: shared hit=722851 read=3717360
               ->  Nested Loop  (cost=17219.87..5975300.01 rows=285 width=50) (actual time=12050.939..46683.324 rows=7476 loops=1)
                     Buffers: shared hit=696137 read=3714190
                     ->  Nested Loop  (cost=17219.44..5945199.74 rows=4092 width=50) (actual time=12050.207..44892.165 rows=169024 loops=1)
                           Buffers: shared hit=60913 read=3674234
                           ->  Hash Join  (cost=17219.14..5909270.01 rows=825806 width=54) (actual time=141.652..44512.780 rows=1216193 loops=1)
                                 Hash Cond: (catalog_sales.cs_item_sk = item.i_item_sk)
                                 Buffers: shared hit=54502 read=3674234
                                 ->  Seq Scan on catalog_sales  (cost=0.00..5874397.76 rows=6724855 width=41) (actual time=0.049..42850.818 rows=6763882 loops=1)
                                       Filter: ((cs_wholesale_cost >= '72'::numeric) AND (cs_wholesale_cost <= '77'::numeric))
                                       Rows Removed by Filter: 137228417
                                       Buffers: shared hit=54374 read=3660006
                                 ->  Hash  (cost=16906.00..16906.00 rows=25051 width=21) (actual time=141.353..141.353 rows=24688 loops=1)
                                       Buckets: 32768  Batches: 1  Memory Usage: 1607kB
                                       Buffers: shared hit=128 read=14228
                                       ->  Seq Scan on item  (cost=0.00..16906.00 rows=25051 width=21) (actual time=0.156..135.268 rows=24688 loops=1)
                                             Filter: (i_category = 'Books'::bpchar)
                                             Rows Removed by Filter: 179312
                                             Buffers: shared hit=128 read=14228
                           ->  Memoize  (cost=0.30..7.22 rows=1 width=4) (actual time=0.000..0.000 rows=0 loops=1216193)
                                 Cache Key: catalog_sales.cs_sold_date_sk
                                 Cache Mode: logical
                                 Hits: 1214055  Misses: 2138  Evictions: 0  Overflows: 0  Memory Usage: 155kB
                                 Buffers: shared hit=6411
                                 ->  Index Scan using date_dim_pkey on date_dim  (cost=0.29..7.21 rows=1 width=4) (actual time=0.012..0.012 rows=0 loops=2138)
                                       Index Cond: (d_date_sk = catalog_sales.cs_sold_date_sk)
                                       Filter: (d_year = 2000)
                                       Rows Removed by Filter: 1
                                       Buffers: shared hit=6411
                     ->  Index Scan using customer_demographics_pkey on customer_demographics  (cost=0.43..7.36 rows=1 width=8) (actual time=0.010..0.010 rows=0 loops=169024)
                           Index Cond: (cd_demo_sk = catalog_sales.cs_bill_cdemo_sk)
                           Filter: ((cd_gender = 'F'::bpchar) AND (cd_education_status = 'Unknown'::bpchar))
                           Rows Removed by Filter: 1
                           Buffers: shared hit=635224 read=39956
               ->  Index Scan using customer_pkey on customer  (cost=0.43..7.35 rows=1 width=12) (actual time=0.013..0.013 rows=0 loops=7476)
                     Index Cond: (c_customer_sk = catalog_sales.cs_bill_customer_sk)
                     Filter: (c_birth_month = 10)
                     Rows Removed by Filter: 1
                     Buffers: shared hit=26714 read=3170
         ->  Index Scan using customer_address_pkey on customer_address  (cost=0.42..7.35 rows=1 width=35) (actual time=0.016..0.016 rows=0 loops=1021)
               Index Cond: (ca_address_sk = customer.c_current_addr_sk)
               Filter: (ca_state = ANY ('{KS,NY,VA}'::bpchar[]))
               Rows Removed by Filter: 1
               Buffers: shared hit=2638 read=1446
 Planning:
   Buffers: shared hit=453 read=1
 Planning Time: 4.437 ms
 Execution Time: 46797.867 ms
(53 rows)

