                                                                                  QUERY PLAN                                                                                  
------------------------------------------------------------------------------------------------------------------------------------------------------------------------------
 Aggregate  (cost=5967253.18..5967253.19 rows=1 width=268) (actual time=46997.060..46997.064 rows=1 loops=1)
   Buffers: shared hit=304580 read=3659211
   ->  Nested Loop  (cost=17019.78..5967253.15 rows=1 width=81) (actual time=28349.491..46996.839 rows=35 loops=1)
         Buffers: shared hit=304580 read=3659211
         ->  Nested Loop  (cost=17019.36..5967106.04 rows=20 width=54) (actual time=27822.930..46985.482 rows=639 loops=1)
               Buffers: shared hit=303019 read=3658216
               ->  Nested Loop  (cost=17018.93..5965841.13 rows=172 width=50) (actual time=27818.137..46920.756 rows=5307 loops=1)
                     Buffers: shared hit=284877 read=3655134
                     ->  Nested Loop  (cost=17018.50..5948040.05 rows=2420 width=50) (actual time=27817.922..46375.372 rows=51278 loops=1)
                           Buffers: shared hit=89247 read=3645900
                           ->  Hash Join  (cost=17018.20..5920548.00 rows=488298 width=54) (actual time=114.215..46260.099 rows=249231 loops=1)
                                 Hash Cond: (catalog_sales.cs_item_sk = item.i_item_sk)
                                 Buffers: shared hit=82836 read=3645900
                                 ->  Seq Scan on catalog_sales  (cost=0.00..5874397.76 rows=11097691 width=41) (actual time=0.061..44498.187 rows=11458169 loops=1)
                                       Filter: ((cs_wholesale_cost >= '54'::numeric) AND (cs_wholesale_cost <= '59'::numeric))
                                       Rows Removed by Filter: 132534130
                                       Buffers: shared hit=68480 read=3645900
                                 ->  Hash  (cost=16906.00..16906.00 rows=8976 width=21) (actual time=113.717..113.718 rows=8826 loops=1)
                                       Buckets: 16384  Batches: 1  Memory Usage: 611kB
                                       Buffers: shared hit=14356
                                       ->  Seq Scan on item  (cost=0.00..16906.00 rows=8976 width=21) (actual time=0.015..111.609 rows=8826 loops=1)
                                             Filter: (i_category = 'Jewelry'::bpchar)
                                             Rows Removed by Filter: 195174
                                             Buffers: shared hit=14356
                           ->  Memoize  (cost=0.30..7.22 rows=1 width=4) (actual time=0.000..0.000 rows=0 loops=249231)
                                 Cache Key: catalog_sales.cs_sold_date_sk
                                 Cache Mode: logical
                                 Hits: 247093  Misses: 2138  Evictions: 0  Overflows: 0  Memory Usage: 155kB
                                 Buffers: shared hit=6411
                                 ->  Index Scan using date_dim_pkey on date_dim  (cost=0.29..7.21 rows=1 width=4) (actual time=0.012..0.012 rows=0 loops=2138)
                                       Index Cond: (d_date_sk = catalog_sales.cs_sold_date_sk)
                                       Filter: (d_year = 2002)
                                       Rows Removed by Filter: 1
                                       Buffers: shared hit=6411
                     ->  Index Scan using customer_demographics_pkey on customer_demographics  (cost=0.43..7.36 rows=1 width=8) (actual time=0.010..0.010 rows=0 loops=51278)
                           Index Cond: (cd_demo_sk = catalog_sales.cs_bill_cdemo_sk)
                           Filter: ((cd_gender = 'M'::bpchar) AND (cd_education_status = 'College'::bpchar))
                           Rows Removed by Filter: 1
                           Buffers: shared hit=195630 read=9234
               ->  Index Scan using customer_pkey on customer  (cost=0.43..7.35 rows=1 width=12) (actual time=0.012..0.012 rows=0 loops=5307)
                     Index Cond: (c_customer_sk = catalog_sales.cs_bill_customer_sk)
                     Filter: (c_birth_month = 8)
                     Rows Removed by Filter: 1
                     Buffers: shared hit=18142 read=3082
         ->  Index Scan using customer_address_pkey on customer_address  (cost=0.42..7.36 rows=1 width=35) (actual time=0.017..0.017 rows=0 loops=639)
               Index Cond: (ca_address_sk = customer.c_current_addr_sk)
               Filter: (ca_state = ANY ('{AL,MI,PA}'::bpchar[]))
               Rows Removed by Filter: 1
               Buffers: shared hit=1561 read=995
 Planning:
   Buffers: shared hit=454
 Planning Time: 4.416 ms
 Execution Time: 46997.678 ms
(53 rows)

