                                                                                  QUERY PLAN                                                                                  
------------------------------------------------------------------------------------------------------------------------------------------------------------------------------
 Aggregate  (cost=6013180.33..6013180.34 rows=1 width=268) (actual time=49259.101..49259.105 rows=1 loops=1)
   Buffers: shared hit=363542 read=3661001
   ->  Nested Loop  (cost=17073.85..6013180.22 rows=4 width=81) (actual time=852.772..49259.033 rows=10 loops=1)
         Buffers: shared hit=363542 read=3661001
         ->  Nested Loop  (cost=17073.42..6012812.48 rows=50 width=54) (actual time=168.169..49254.820 rows=224 loops=1)
               Buffers: shared hit=362993 read=3660654
               ->  Nested Loop  (cost=17072.99..6010179.72 rows=358 width=50) (actual time=132.060..49233.299 rows=1449 loops=1)
                     Buffers: shared hit=358137 read=3659714
                     ->  Nested Loop  (cost=17072.57..5973113.90 rows=5039 width=50) (actual time=126.586..48458.079 rows=70765 loops=1)
                           Buffers: shared hit=86688 read=3648459
                           ->  Hash Join  (cost=17072.26..5932408.60 rows=1016831 width=54) (actual time=126.541..48265.275 rows=533233 loops=1)
                                 Hash Cond: (catalog_sales.cs_item_sk = item.i_item_sk)
                                 Buffers: shared hit=80277 read=3648459
                                 ->  Seq Scan on catalog_sales  (cost=0.00..5874397.76 rows=15595328 width=41) (actual time=0.127..45744.288 rows=15696054 loops=1)
                                       Filter: ((cs_wholesale_cost >= '26'::numeric) AND (cs_wholesale_cost <= '31'::numeric))
                                       Rows Removed by Filter: 128296245
                                       Buffers: shared hit=65921 read=3648459
                                 ->  Hash  (cost=16906.00..16906.00 rows=13301 width=21) (actual time=126.194..126.194 rows=13933 loops=1)
                                       Buckets: 16384  Batches: 1  Memory Usage: 890kB
                                       Buffers: shared hit=14356
                                       ->  Seq Scan on item  (cost=0.00..16906.00 rows=13301 width=21) (actual time=0.015..123.002 rows=13933 loops=1)
                                             Filter: (i_category = 'Men'::bpchar)
                                             Rows Removed by Filter: 190067
                                             Buffers: shared hit=14356
                           ->  Memoize  (cost=0.30..7.22 rows=1 width=4) (actual time=0.000..0.000 rows=0 loops=533233)
                                 Cache Key: catalog_sales.cs_sold_date_sk
                                 Cache Mode: logical
                                 Hits: 531095  Misses: 2138  Evictions: 0  Overflows: 0  Memory Usage: 155kB
                                 Buffers: shared hit=6411
                                 ->  Index Scan using date_dim_pkey on date_dim  (cost=0.29..7.21 rows=1 width=4) (actual time=0.012..0.012 rows=0 loops=2138)
                                       Index Cond: (d_date_sk = catalog_sales.cs_sold_date_sk)
                                       Filter: (d_year = 1998)
                                       Rows Removed by Filter: 1
                                       Buffers: shared hit=6411
                     ->  Index Scan using customer_demographics_pkey on customer_demographics  (cost=0.43..7.36 rows=1 width=8) (actual time=0.011..0.011 rows=0 loops=70765)
                           Index Cond: (cd_demo_sk = catalog_sales.cs_bill_cdemo_sk)
                           Filter: ((cd_gender = 'M'::bpchar) AND (cd_education_status = 'Secondary'::bpchar))
                           Rows Removed by Filter: 1
                           Buffers: shared hit=271449 read=11255
               ->  Index Scan using customer_pkey on customer  (cost=0.43..7.35 rows=1 width=12) (actual time=0.014..0.014 rows=0 loops=1449)
                     Index Cond: (c_customer_sk = catalog_sales.cs_bill_customer_sk)
                     Filter: (c_birth_month = 10)
                     Rows Removed by Filter: 1
                     Buffers: shared hit=4856 read=940
         ->  Index Scan using customer_address_pkey on customer_address  (cost=0.42..7.35 rows=1 width=35) (actual time=0.018..0.018 rows=0 loops=224)
               Index Cond: (ca_address_sk = customer.c_current_addr_sk)
               Filter: (ca_state = ANY ('{AR,FL,GA}'::bpchar[]))
               Rows Removed by Filter: 1
               Buffers: shared hit=549 read=347
 Planning:
   Buffers: shared hit=454
 Planning Time: 3.285 ms
 Execution Time: 49259.581 ms
(53 rows)

