                                                                              QUERY PLAN                                                                              
----------------------------------------------------------------------------------------------------------------------------------------------------------------------
 Aggregate  (cost=5965431.72..5965431.73 rows=1 width=268) (actual time=48771.734..48771.739 rows=1 loops=1)
   Buffers: shared hit=193129 read=3662426
   ->  Nested Loop  (cost=16954.16..5965431.69 rows=1 width=81) (actual time=48771.729..48771.733 rows=0 loops=1)
         Buffers: shared hit=193129 read=3662426
         ->  Nested Loop  (cost=16953.73..5965409.59 rows=3 width=54) (actual time=29421.567..48771.068 rows=21 loops=1)
               Buffers: shared hit=193079 read=3662392
               ->  Nested Loop  (cost=16953.31..5965078.58 rows=45 width=54) (actual time=28820.379..48759.160 rows=921 loops=1)
                     Buffers: shared hit=189549 read=3662242
                     ->  Nested Loop  (cost=16952.88..5954694.64 rows=1412 width=50) (actual time=28812.196..48374.398 rows=29206 loops=1)
                           Buffers: shared hit=95094 read=3640053
                           ->  Hash Join  (cost=16952.58..5932288.92 rows=284844 width=54) (actual time=112.013..48287.855 rows=142144 loops=1)
                                 Hash Cond: (catalog_sales.cs_item_sk = item.i_item_sk)
                                 Buffers: shared hit=88683 read=3640053
                                 ->  Seq Scan on catalog_sales  (cost=0.00..5874397.76 rows=15595328 width=41) (actual time=0.201..46196.364 rows=15696054 loops=1)
                                       Filter: ((cs_wholesale_cost >= '27'::numeric) AND (cs_wholesale_cost <= '32'::numeric))
                                       Rows Removed by Filter: 128296245
                                       Buffers: shared hit=74327 read=3640053
                                 ->  Hash  (cost=16906.00..16906.00 rows=3726 width=21) (actual time=111.108..111.108 rows=3713 loops=1)
                                       Buckets: 4096  Batches: 1  Memory Usage: 236kB
                                       Buffers: shared hit=14356
                                       ->  Seq Scan on item  (cost=0.00..16906.00 rows=3726 width=21) (actual time=0.045..110.266 rows=3713 loops=1)
                                             Filter: (i_category = 'Music'::bpchar)
                                             Rows Removed by Filter: 200287
                                             Buffers: shared hit=14356
                           ->  Memoize  (cost=0.30..7.22 rows=1 width=4) (actual time=0.000..0.000 rows=0 loops=142144)
                                 Cache Key: catalog_sales.cs_sold_date_sk
                                 Cache Mode: logical
                                 Hits: 140006  Misses: 2138  Evictions: 0  Overflows: 0  Memory Usage: 155kB
                                 Buffers: shared hit=6411
                                 ->  Index Scan using date_dim_pkey on date_dim  (cost=0.29..7.21 rows=1 width=4) (actual time=0.012..0.012 rows=0 loops=2138)
                                       Index Cond: (d_date_sk = catalog_sales.cs_sold_date_sk)
                                       Filter: (d_year = 2002)
                                       Rows Removed by Filter: 1
                                       Buffers: shared hit=6411
                     ->  Index Scan using customer_pkey on customer  (cost=0.43..7.35 rows=1 width=12) (actual time=0.013..0.013 rows=0 loops=29206)
                           Index Cond: (c_customer_sk = catalog_sales.cs_bill_customer_sk)
                           Filter: (c_birth_month = 6)
                           Rows Removed by Filter: 1
                           Buffers: shared hit=94455 read=22189
               ->  Index Scan using customer_demographics_pkey on customer_demographics  (cost=0.43..7.36 rows=1 width=8) (actual time=0.012..0.012 rows=0 loops=921)
                     Index Cond: (cd_demo_sk = catalog_sales.cs_bill_cdemo_sk)
                     Filter: ((cd_gender = 'F'::bpchar) AND (cd_education_status = 'Primary'::bpchar))
                     Rows Removed by Filter: 1
                     Buffers: shared hit=3530 read=150
         ->  Index Scan using customer_address_pkey on customer_address  (cost=0.42..7.37 rows=1 width=35) (actual time=0.030..0.030 rows=0 loops=21)
               Index Cond: (ca_address_sk = customer.c_current_addr_sk)
               Filter: (ca_state = ANY ('{MI,MS,MT}'::bpchar[]))
               Rows Removed by Filter: 1
               Buffers: shared hit=50 read=34
 Planning:
   Buffers: shared hit=454
 Planning Time: 4.366 ms
 Execution Time: 48772.237 ms
(53 rows)

