                                                                                     QUERY PLAN                                                                                      
-------------------------------------------------------------------------------------------------------------------------------------------------------------------------------------
 Aggregate  (cost=5995610.94..5995610.95 rows=1 width=268) (actual time=55343.033..55343.038 rows=1 loops=1)
   Buffers: shared hit=1738697 read=3759573
   ->  Nested Loop  (cost=2393.34..5995610.91 rows=1 width=81) (actual time=50.159..55342.578 rows=65 loops=1)
         Buffers: shared hit=1738697 read=3759573
         ->  Nested Loop  (cost=2392.92..5995574.19 rows=5 width=68) (actual time=50.132..55335.594 rows=250 loops=1)
               Buffers: shared hit=1737889 read=3759381
               ->  Nested Loop  (cost=2392.49..5994934.10 rows=87 width=41) (actual time=30.372..55242.814 rows=4195 loops=1)
                     Buffers: shared hit=1727381 read=3753109
                     ->  Nested Loop  (cost=2392.07..5987277.78 rows=1041 width=37) (actual time=21.765..54205.190 rows=50610 loops=1)
                           Buffers: shared hit=1560410 read=3717772
                           ->  Hash Join  (cost=2391.64..5884211.29 rows=14011 width=37) (actual time=21.341..47278.767 rows=391138 loops=1)
                                 Hash Cond: (catalog_sales.cs_sold_date_sk = date_dim.d_date_sk)
                                 Buffers: shared hit=26178 read=3689676
                                 ->  Seq Scan on catalog_sales  (cost=0.00..5874397.76 rows=2827223 width=41) (actual time=0.208..46836.440 rows=2916247 loops=1)
                                       Filter: ((cs_wholesale_cost >= '1'::numeric) AND (cs_wholesale_cost <= '6'::numeric))
                                       Rows Removed by Filter: 141076052
                                       Buffers: shared hit=26136 read=3688244
                                 ->  Hash  (cost=2387.11..2387.11 rows=362 width=4) (actual time=21.099..21.100 rows=365 loops=1)
                                       Buckets: 1024  Batches: 1  Memory Usage: 21kB
                                       Buffers: shared hit=42 read=1432
                                       ->  Seq Scan on date_dim  (cost=0.00..2387.11 rows=362 width=4) (actual time=11.529..21.037 rows=365 loops=1)
                                             Filter: (d_year = 1998)
                                             Rows Removed by Filter: 72684
                                             Buffers: shared hit=42 read=1432
                           ->  Index Scan using customer_demographics_pkey on customer_demographics  (cost=0.43..7.36 rows=1 width=8) (actual time=0.017..0.017 rows=0 loops=391138)
                                 Index Cond: (cd_demo_sk = catalog_sales.cs_bill_cdemo_sk)
                                 Filter: ((cd_gender = 'M'::bpchar) AND (cd_education_status = '4 yr Degree'::bpchar))
                                 Rows Removed by Filter: 1
                                 Buffers: shared hit=1534232 read=28096
                     ->  Index Scan using customer_pkey on customer  (cost=0.43..7.35 rows=1 width=12) (actual time=0.020..0.020 rows=0 loops=50610)
                           Index Cond: (c_customer_sk = catalog_sales.cs_bill_customer_sk)
                           Filter: (c_birth_month = 11)
                           Rows Removed by Filter: 1
                           Buffers: shared hit=166971 read=35337
               ->  Index Scan using customer_address_pkey on customer_address  (cost=0.42..7.36 rows=1 width=35) (actual time=0.022..0.022 rows=0 loops=4195)
                     Index Cond: (ca_address_sk = customer.c_current_addr_sk)
                     Filter: (ca_state = ANY ('{MN,NJ,SD}'::bpchar[]))
                     Rows Removed by Filter: 1
                     Buffers: shared hit=10508 read=6272
         ->  Index Scan using item_pkey on item  (cost=0.42..7.34 rows=1 width=21) (actual time=0.027..0.027 rows=0 loops=250)
               Index Cond: (i_item_sk = catalog_sales.cs_item_sk)
               Filter: (i_category = 'Electronics'::bpchar)
               Rows Removed by Filter: 1
               Buffers: shared hit=808 read=192
 Planning:
   Buffers: shared hit=454
 Planning Time: 4.336 ms
 Execution Time: 55343.539 ms
(48 rows)

