                                                                                  QUERY PLAN                                                                                   
-------------------------------------------------------------------------------------------------------------------------------------------------------------------------------
 Aggregate  (cost=5949390.48..5949390.49 rows=1 width=268) (actual time=45231.089..45231.093 rows=1 loops=1)
   Buffers: shared hit=1015050 read=3672157
   ->  Nested Loop  (cost=17119.15..5949390.42 rows=2 width=81) (actual time=25336.226..45230.550 rows=93 loops=1)
         Buffers: shared hit=1015050 read=3672157
         ->  Nested Loop  (cost=17118.72..5949235.97 rows=21 width=54) (actual time=25262.502..45194.507 rows=1969 loops=1)
               Buffers: shared hit=1010351 read=3668980
               ->  Nested Loop  (cost=17118.29..5948103.40 rows=154 width=50) (actual time=25256.339..44978.977 rows=14287 loops=1)
                     Buffers: shared hit=965120 read=3657099
                     ->  Nested Loop  (cost=17117.87..5931927.72 rows=2199 width=50) (actual time=25255.237..42507.606 rows=222036 loops=1)
                           Buffers: shared hit=86491 read=3648656
                           ->  Hash Join  (cost=17117.56..5905552.13 rows=443638 width=54) (actual time=115.701..42197.054 rows=940903 loops=1)
                                 Hash Cond: (catalog_sales.cs_item_sk = item.i_item_sk)
                                 Buffers: shared hit=80080 read=3648656
                                 ->  Seq Scan on catalog_sales  (cost=0.00..5874397.76 rows=5347244 width=41) (actual time=0.095..40891.812 rows=5484290 loops=1)
                                       Filter: ((cs_wholesale_cost >= '95'::numeric) AND (cs_wholesale_cost <= '100'::numeric))
                                       Rows Removed by Filter: 138508009
                                       Buffers: shared hit=66010 read=3648370
                                 ->  Hash  (cost=16906.00..16906.00 rows=16925 width=21) (actual time=115.485..115.486 rows=17141 loops=1)
                                       Buckets: 32768  Batches: 1  Memory Usage: 1194kB
                                       Buffers: shared hit=14070 read=286
                                       ->  Seq Scan on item  (cost=0.00..16906.00 rows=16925 width=21) (actual time=0.034..111.886 rows=17141 loops=1)
                                             Filter: (i_category = 'Home'::bpchar)
                                             Rows Removed by Filter: 186859
                                             Buffers: shared hit=14070 read=286
                           ->  Memoize  (cost=0.30..7.22 rows=1 width=4) (actual time=0.000..0.000 rows=0 loops=940903)
                                 Cache Key: catalog_sales.cs_sold_date_sk
                                 Cache Mode: logical
                                 Hits: 938765  Misses: 2138  Evictions: 0  Overflows: 0  Memory Usage: 155kB
                                 Buffers: shared hit=6411
                                 ->  Index Scan using date_dim_pkey on date_dim  (cost=0.29..7.21 rows=1 width=4) (actual time=0.012..0.012 rows=0 loops=2138)
                                       Index Cond: (d_date_sk = catalog_sales.cs_sold_date_sk)
                                       Filter: (d_year = 2002)
                                       Rows Removed by Filter: 1
                                       Buffers: shared hit=6411
                     ->  Index Scan using customer_demographics_pkey on customer_demographics  (cost=0.43..7.36 rows=1 width=8) (actual time=0.011..0.011 rows=0 loops=222036)
                           Index Cond: (cd_demo_sk = catalog_sales.cs_bill_cdemo_sk)
                           Filter: ((cd_gender = 'F'::bpchar) AND (cd_education_status = '2 yr Degree'::bpchar))
                           Rows Removed by Filter: 1
                           Buffers: shared hit=878629 read=8443
               ->  Index Scan using customer_pkey on customer  (cost=0.43..7.35 rows=1 width=12) (actual time=0.015..0.015 rows=0 loops=14287)
                     Index Cond: (c_customer_sk = catalog_sales.cs_bill_customer_sk)
                     Filter: (c_birth_month = 10)
                     Rows Removed by Filter: 1
                     Buffers: shared hit=45231 read=11881
         ->  Index Scan using customer_address_pkey on customer_address  (cost=0.42..7.35 rows=1 width=35) (actual time=0.018..0.018 rows=0 loops=1969)
               Index Cond: (ca_address_sk = customer.c_current_addr_sk)
               Filter: (ca_state = ANY ('{KS,MO,NY}'::bpchar[]))
               Rows Removed by Filter: 1
               Buffers: shared hit=4699 read=3177
 Planning:
   Buffers: shared hit=454
 Planning Time: 1.751 ms
 Execution Time: 45231.403 ms
(53 rows)

