                                                                              QUERY PLAN                                                                              
----------------------------------------------------------------------------------------------------------------------------------------------------------------------
 Aggregate  (cost=5933514.02..5933514.03 rows=1 width=268) (actual time=46135.340..46135.345 rows=1 loops=1)
   Buffers: shared hit=155510 read=3669513
   ->  Nested Loop  (cost=17073.85..5933513.99 rows=1 width=81) (actual time=12464.620..46135.312 rows=3 loops=1)
         Buffers: shared hit=155510 read=3669513
         ->  Nested Loop  (cost=17073.42..5933484.54 rows=4 width=54) (actual time=12192.695..46134.442 rows=42 loops=1)
               Buffers: shared hit=155416 read=3669439
               ->  Nested Loop  (cost=17072.99..5933109.38 rows=51 width=54) (actual time=12172.149..46124.074 rows=803 loops=1)
                     Buffers: shared hit=152236 read=3669411
                     ->  Nested Loop  (cost=17072.57..5923666.17 rows=1284 width=50) (actual time=12170.190..45831.858 rows=21657 loops=1)
                           Buffers: shared hit=85538 read=3649609
                           ->  Hash Join  (cost=17072.26..5901903.12 rows=259137 width=54) (actual time=127.681..45748.559 rows=135896 loops=1)
                                 Hash Cond: (catalog_sales.cs_item_sk = item.i_item_sk)
                                 Buffers: shared hit=79127 read=3649609
                                 ->  Seq Scan on catalog_sales  (cost=0.00..5874397.76 rows=3974433 width=41) (actual time=0.385..44791.366 rows=3999274 loops=1)
                                       Filter: ((cs_wholesale_cost >= '40'::numeric) AND (cs_wholesale_cost <= '45'::numeric))
                                       Rows Removed by Filter: 139993025
                                       Buffers: shared hit=65416 read=3648964
                                 ->  Hash  (cost=16906.00..16906.00 rows=13301 width=21) (actual time=126.944..126.944 rows=13933 loops=1)
                                       Buckets: 16384  Batches: 1  Memory Usage: 890kB
                                       Buffers: shared hit=13711 read=645
                                       ->  Seq Scan on item  (cost=0.00..16906.00 rows=13301 width=21) (actual time=0.151..123.630 rows=13933 loops=1)
                                             Filter: (i_category = 'Men'::bpchar)
                                             Rows Removed by Filter: 190067
                                             Buffers: shared hit=13711 read=645
                           ->  Memoize  (cost=0.30..7.22 rows=1 width=4) (actual time=0.000..0.000 rows=0 loops=135896)
                                 Cache Key: catalog_sales.cs_sold_date_sk
                                 Cache Mode: logical
                                 Hits: 133758  Misses: 2138  Evictions: 0  Overflows: 0  Memory Usage: 155kB
                                 Buffers: shared hit=6411
                                 ->  Index Scan using date_dim_pkey on date_dim  (cost=0.29..7.21 rows=1 width=4) (actual time=0.012..0.012 rows=0 loops=2138)
                                       Index Cond: (d_date_sk = catalog_sales.cs_sold_date_sk)
                                       Filter: (d_year = 2000)
                                       Rows Removed by Filter: 1
                                       Buffers: shared hit=6411
                     ->  Index Scan using customer_pkey on customer  (cost=0.43..7.35 rows=1 width=12) (actual time=0.013..0.013 rows=0 loops=21657)
                           Index Cond: (c_customer_sk = catalog_sales.cs_bill_customer_sk)
                           Filter: (c_birth_month = 9)
                           Rows Removed by Filter: 1
                           Buffers: shared hit=66698 read=19802
               ->  Index Scan using customer_demographics_pkey on customer_demographics  (cost=0.43..7.36 rows=1 width=8) (actual time=0.012..0.012 rows=0 loops=803)
                     Index Cond: (cd_demo_sk = catalog_sales.cs_bill_cdemo_sk)
                     Filter: ((cd_gender = 'F'::bpchar) AND (cd_education_status = '4 yr Degree'::bpchar))
                     Rows Removed by Filter: 1
                     Buffers: shared hit=3180 read=28
         ->  Index Scan using customer_address_pkey on customer_address  (cost=0.42..7.36 rows=1 width=35) (actual time=0.019..0.019 rows=0 loops=42)
               Index Cond: (ca_address_sk = customer.c_current_addr_sk)
               Filter: (ca_state = ANY ('{CA,KY,MS}'::bpchar[]))
               Rows Removed by Filter: 1
               Buffers: shared hit=94 read=74
 Planning:
   Buffers: shared hit=454
 Planning Time: 4.588 ms
 Execution Time: 46135.949 ms
(53 rows)

