                                                                               QUERY PLAN                                                                               
------------------------------------------------------------------------------------------------------------------------------------------------------------------------
 Aggregate  (cost=6038830.94..6038830.95 rows=1 width=268) (actual time=53694.824..53694.829 rows=1 loops=1)
   Buffers: shared hit=1083743 read=3849184
   ->  Nested Loop  (cost=17437.73..6038830.83 rows=4 width=81) (actual time=421.601..53694.719 rows=15 loops=1)
         Buffers: shared hit=1083743 read=3849184
         ->  Nested Loop  (cost=17437.31..6038602.62 rows=31 width=54) (actual time=218.457..53682.151 rows=492 loops=1)
               Buffers: shared hit=1082684 read=3848275
               ->  Nested Loop  (cost=17436.88..6035513.16 rows=420 width=54) (actual time=134.042..53471.017 rows=13444 loops=1)
                     Buffers: shared hit=1030341 read=3846886
                     ->  Nested Loop  (cost=17436.45..5972340.58 rows=8590 width=50) (actual time=133.814..49301.614 rows=285898 loops=1)
                           Buffers: shared hit=21185 read=3713962
                           ->  Hash Join  (cost=17436.15..5913720.75 rows=1733418 width=54) (actual time=133.766..48767.886 rows=1811717 loops=1)
                                 Hash Cond: (catalog_sales.cs_item_sk = item.i_item_sk)
                                 Buffers: shared hit=14774 read=3713962
                                 ->  Seq Scan on catalog_sales  (cost=0.00..5874397.76 rows=8337669 width=41) (actual time=0.745..46690.186 rows=8349119 loops=1)
                                       Filter: ((cs_wholesale_cost >= '11'::numeric) AND (cs_wholesale_cost <= '16'::numeric))
                                       Rows Removed by Filter: 135643180
                                       Buffers: shared hit=551 read=3713829
                                 ->  Hash  (cost=16906.00..16906.00 rows=42412 width=21) (actual time=132.443..132.444 rows=42041 loops=1)
                                       Buckets: 65536  Batches: 1  Memory Usage: 2812kB
                                       Buffers: shared hit=14223 read=133
                                       ->  Seq Scan on item  (cost=0.00..16906.00 rows=42412 width=21) (actual time=0.343..124.246 rows=42041 loops=1)
                                             Filter: (i_category = 'Electronics'::bpchar)
                                             Rows Removed by Filter: 161959
                                             Buffers: shared hit=14223 read=133
                           ->  Memoize  (cost=0.30..7.22 rows=1 width=4) (actual time=0.000..0.000 rows=0 loops=1811717)
                                 Cache Key: catalog_sales.cs_sold_date_sk
                                 Cache Mode: logical
                                 Hits: 1809579  Misses: 2138  Evictions: 0  Overflows: 0  Memory Usage: 155kB
                                 Buffers: shared hit=6411
                                 ->  Index Scan using date_dim_pkey on date_dim  (cost=0.29..7.21 rows=1 width=4) (actual time=0.012..0.012 rows=0 loops=2138)
                                       Index Cond: (d_date_sk = catalog_sales.cs_sold_date_sk)
                                       Filter: (d_year = 1998)
                                       Rows Removed by Filter: 1
                                       Buffers: shared hit=6411
                     ->  Index Scan using customer_pkey on customer  (cost=0.43..7.35 rows=1 width=12) (actual time=0.014..0.014 rows=0 loops=285898)
                           Index Cond: (c_customer_sk = catalog_sales.cs_bill_customer_sk)
                           Filter: (c_birth_month = 7)
                           Rows Removed by Filter: 1
                           Buffers: shared hit=1009156 read=132924
               ->  Index Scan using customer_demographics_pkey on customer_demographics  (cost=0.43..7.36 rows=1 width=8) (actual time=0.015..0.015 rows=0 loops=13444)
                     Index Cond: (cd_demo_sk = catalog_sales.cs_bill_cdemo_sk)
                     Filter: ((cd_gender = 'F'::bpchar) AND (cd_education_status = '4 yr Degree'::bpchar))
                     Rows Removed by Filter: 1
                     Buffers: shared hit=52343 read=1389
         ->  Index Scan using customer_address_pkey on customer_address  (cost=0.42..7.36 rows=1 width=35) (actual time=0.025..0.025 rows=0 loops=492)
               Index Cond: (ca_address_sk = customer.c_current_addr_sk)
               Filter: (ca_state = ANY ('{MS,TX,WV}'::bpchar[]))
               Rows Removed by Filter: 1
               Buffers: shared hit=1059 read=909
 Planning:
   Buffers: shared hit=454
 Planning Time: 4.234 ms
 Execution Time: 53695.459 ms
(53 rows)

