                                                                                  QUERY PLAN                                                                                  
------------------------------------------------------------------------------------------------------------------------------------------------------------------------------
 Aggregate  (cost=5906307.55..5906307.56 rows=1 width=268) (actual time=45669.539..45669.547 rows=1 loops=1)
   Buffers: shared hit=160160 read=3683034
   ->  Nested Loop  (cost=19717.88..5906307.52 rows=1 width=81) (actual time=6726.843..45669.473 rows=8 loops=1)
         Buffers: shared hit=160160 read=3683034
         ->  Nested Loop  (cost=19717.46..5906241.32 rows=9 width=54) (actual time=6115.210..45666.571 rows=145 loops=1)
               Buffers: shared hit=159861 read=3682753
               ->  Nested Loop  (cost=19717.03..5905704.35 rows=73 width=50) (actual time=6094.787..45650.436 rows=1214 loops=1)
                     Buffers: shared hit=155378 read=3682384
                     ->  Hash Join  (cost=19716.60..5898031.43 rows=1043 width=50) (actual time=6091.781..45323.368 rows=26923 loops=1)
                           Hash Cond: (catalog_sales.cs_sold_date_sk = date_dim.d_date_sk)
                           Buffers: shared hit=56103 read=3674107
                           ->  Hash Join  (cost=17324.96..5895087.02 rows=210567 width=54) (actual time=129.755..45282.264 rows=151934 loops=1)
                                 Hash Cond: (catalog_sales.cs_item_sk = item.i_item_sk)
                                 Buffers: shared hit=56061 read=3672675
                                 ->  Seq Scan on catalog_sales  (cost=0.00..5874397.76 rows=1281611 width=41) (actual time=0.052..44826.634 rows=1213654 loops=1)
                                       Filter: ((cs_wholesale_cost >= '17'::numeric) AND (cs_wholesale_cost <= '22'::numeric))
                                       Rows Removed by Filter: 142778645
                                       Buffers: shared hit=56050 read=3658330
                                 ->  Hash  (cost=16906.00..16906.00 rows=33517 width=21) (actual time=129.345..129.346 rows=33627 loops=1)
                                       Buckets: 65536  Batches: 1  Memory Usage: 2351kB
                                       Buffers: shared hit=11 read=14345
                                       ->  Seq Scan on item  (cost=0.00..16906.00 rows=33517 width=21) (actual time=0.021..121.790 rows=33627 loops=1)
                                             Filter: (i_category = 'Shoes'::bpchar)
                                             Rows Removed by Filter: 170373
                                             Buffers: shared hit=11 read=14345
                           ->  Hash  (cost=2387.11..2387.11 rows=362 width=4) (actual time=20.560..20.561 rows=365 loops=1)
                                 Buckets: 1024  Batches: 1  Memory Usage: 21kB
                                 Buffers: shared hit=42 read=1432
                                 ->  Seq Scan on date_dim  (cost=0.00..2387.11 rows=362 width=4) (actual time=11.403..20.497 rows=365 loops=1)
                                       Filter: (d_year = 1999)
                                       Rows Removed by Filter: 72684
                                       Buffers: shared hit=42 read=1432
                     ->  Index Scan using customer_demographics_pkey on customer_demographics  (cost=0.43..7.36 rows=1 width=8) (actual time=0.012..0.012 rows=0 loops=26923)
                           Index Cond: (cd_demo_sk = catalog_sales.cs_bill_cdemo_sk)
                           Filter: ((cd_gender = 'F'::bpchar) AND (cd_education_status = 'Unknown'::bpchar))
                           Rows Removed by Filter: 1
                           Buffers: shared hit=99275 read=8277
               ->  Index Scan using customer_pkey on customer  (cost=0.43..7.36 rows=1 width=12) (actual time=0.013..0.013 rows=0 loops=1214)
                     Index Cond: (c_customer_sk = catalog_sales.cs_bill_customer_sk)
                     Filter: (c_birth_month = 8)
                     Rows Removed by Filter: 1
                     Buffers: shared hit=4483 read=369
         ->  Index Scan using customer_address_pkey on customer_address  (cost=0.42..7.36 rows=1 width=35) (actual time=0.019..0.019 rows=0 loops=145)
               Index Cond: (ca_address_sk = customer.c_current_addr_sk)
               Filter: (ca_state = ANY ('{IL,KS,MO}'::bpchar[]))
               Rows Removed by Filter: 1
               Buffers: shared hit=299 read=281
 Planning:
   Buffers: shared hit=407 read=47
 Planning Time: 5.060 ms
 Execution Time: 45670.015 ms
(51 rows)

