                                                                            QUERY PLAN                                                                            
------------------------------------------------------------------------------------------------------------------------------------------------------------------
 Aggregate  (cost=5957782.88..5957782.89 rows=1 width=268) (actual time=44176.930..44176.935 rows=1 loops=1)
   Buffers: shared hit=176480 read=3703763
   ->  Nested Loop  (cost=17073.85..5957782.85 rows=1 width=81) (actual time=2336.855..44176.913 rows=2 loops=1)
         Buffers: shared hit=176480 read=3703763
         ->  Nested Loop  (cost=17073.42..5957724.01 rows=8 width=81) (actual time=135.198..44174.907 rows=110 loops=1)
               Buffers: shared hit=176056 read=3703747
               ->  Nested Loop  (cost=17072.99..5956693.60 rows=140 width=54) (actual time=124.935..44145.062 rows=1967 loops=1)
                     Buffers: shared hit=171783 read=3700152
                     ->  Nested Loop  (cost=17072.57..5938800.76 rows=2433 width=50) (actual time=124.699..43719.974 rows=34236 loops=1)
                           Buffers: shared hit=56457 read=3678690
                           ->  Hash Join  (cost=17072.26..5911240.00 rows=491046 width=54) (actual time=124.647..43608.329 rows=256237 loops=1)
                                 Hash Cond: (catalog_sales.cs_item_sk = item.i_item_sk)
                                 Buffers: shared hit=50046 read=3678690
                                 ->  Seq Scan on catalog_sales  (cost=0.00..5874397.76 rows=7531262 width=41) (actual time=0.048..42111.795 rows=7518631 loops=1)
                                       Filter: ((cs_wholesale_cost >= '82'::numeric) AND (cs_wholesale_cost <= '87'::numeric))
                                       Rows Removed by Filter: 136473668
                                       Buffers: shared hit=50035 read=3664345
                                 ->  Hash  (cost=16906.00..16906.00 rows=13301 width=21) (actual time=124.318..124.319 rows=13933 loops=1)
                                       Buckets: 16384  Batches: 1  Memory Usage: 890kB
                                       Buffers: shared hit=11 read=14345
                                       ->  Seq Scan on item  (cost=0.00..16906.00 rows=13301 width=21) (actual time=0.022..120.922 rows=13933 loops=1)
                                             Filter: (i_category = 'Men'::bpchar)
                                             Rows Removed by Filter: 190067
                                             Buffers: shared hit=11 read=14345
                           ->  Memoize  (cost=0.30..7.22 rows=1 width=4) (actual time=0.000..0.000 rows=0 loops=256237)
                                 Cache Key: catalog_sales.cs_sold_date_sk
                                 Cache Mode: logical
                                 Hits: 254099  Misses: 2138  Evictions: 0  Overflows: 0  Memory Usage: 155kB
                                 Buffers: shared hit=6411
                                 ->  Index Scan using date_dim_pkey on date_dim  (cost=0.29..7.21 rows=1 width=4) (actual time=0.012..0.012 rows=0 loops=2138)
                                       Index Cond: (d_date_sk = catalog_sales.cs_sold_date_sk)
                                       Filter: (d_year = 1998)
                                       Rows Removed by Filter: 1
                                       Buffers: shared hit=6411
                     ->  Index Scan using customer_pkey on customer  (cost=0.43..7.35 rows=1 width=12) (actual time=0.012..0.012 rows=0 loops=34236)
                           Index Cond: (c_customer_sk = catalog_sales.cs_bill_customer_sk)
                           Filter: (c_birth_month = 3)
                           Rows Removed by Filter: 1
                           Buffers: shared hit=115326 read=21462
               ->  Index Scan using customer_address_pkey on customer_address  (cost=0.42..7.36 rows=1 width=35) (actual time=0.015..0.015 rows=0 loops=1967)
                     Index Cond: (ca_address_sk = customer.c_current_addr_sk)
                     Filter: (ca_state = ANY ('{AL,PA,SD}'::bpchar[]))
                     Rows Removed by Filter: 1
                     Buffers: shared hit=4273 read=3595
         ->  Index Scan using customer_demographics_pkey on customer_demographics  (cost=0.43..7.36 rows=1 width=8) (actual time=0.017..0.017 rows=0 loops=110)
               Index Cond: (cd_demo_sk = catalog_sales.cs_bill_cdemo_sk)
               Filter: ((cd_gender = 'F'::bpchar) AND (cd_education_status = 'Secondary'::bpchar))
               Rows Removed by Filter: 1
               Buffers: shared hit=424 read=16
 Planning:
   Buffers: shared hit=407 read=47
 Planning Time: 4.602 ms
 Execution Time: 44177.416 ms
(53 rows)

