                                                                                  QUERY PLAN                                                                                  
------------------------------------------------------------------------------------------------------------------------------------------------------------------------------
 Aggregate  (cost=6006492.93..6006492.94 rows=1 width=268) (actual time=55495.625..55495.629 rows=1 loops=1)
   Buffers: shared hit=1708741 read=3827645
   ->  Nested Loop  (cost=2393.34..6006492.91 rows=1 width=81) (actual time=1103.302..55495.439 rows=25 loops=1)
         Buffers: shared hit=1708741 read=3827645
         ->  Nested Loop  (cost=2392.92..6006463.53 rows=4 width=68) (actual time=397.245..55493.154 rows=102 loops=1)
               Buffers: shared hit=1708463 read=3827515
               ->  Nested Loop  (cost=2392.49..6006117.42 rows=47 width=41) (actual time=33.402..55436.894 rows=2202 loops=1)
                     Buffers: shared hit=1703092 read=3824078
                     ->  Nested Loop  (cost=2392.07..6001505.16 rows=627 width=41) (actual time=33.369..55104.141 rows=17353 loops=1)
                           Buffers: shared hit=1636159 read=3821639
                           ->  Hash Join  (cost=2391.64..5885168.94 rows=15818 width=37) (actual time=32.590..47145.188 rows=436014 loops=1)
                                 Hash Cond: (catalog_sales.cs_sold_date_sk = date_dim.d_date_sk)
                                 Buffers: shared hit=9015 read=3706839
                                 ->  Seq Scan on catalog_sales  (cost=0.00..5874397.76 rows=3192026 width=41) (actual time=0.056..46656.557 rows=3238451 loops=1)
                                       Filter: ((cs_wholesale_cost >= '31'::numeric) AND (cs_wholesale_cost <= '36'::numeric))
                                       Rows Removed by Filter: 140753848
                                       Buffers: shared hit=8973 read=3705407
                                 ->  Hash  (cost=2387.11..2387.11 rows=362 width=4) (actual time=32.489..32.490 rows=365 loops=1)
                                       Buckets: 1024  Batches: 1  Memory Usage: 21kB
                                       Buffers: shared hit=42 read=1432
                                       ->  Seq Scan on date_dim  (cost=0.00..2387.11 rows=362 width=4) (actual time=19.000..32.416 rows=365 loops=1)
                                             Filter: (d_year = 1998)
                                             Rows Removed by Filter: 72684
                                             Buffers: shared hit=42 read=1432
                           ->  Index Scan using customer_pkey on customer  (cost=0.43..7.35 rows=1 width=12) (actual time=0.018..0.018 rows=0 loops=436014)
                                 Index Cond: (c_customer_sk = catalog_sales.cs_bill_customer_sk)
                                 Filter: (c_birth_month = 9)
                                 Rows Removed by Filter: 1
                                 Buffers: shared hit=1627144 read=114800
                     ->  Index Scan using customer_demographics_pkey on customer_demographics  (cost=0.43..7.36 rows=1 width=8) (actual time=0.019..0.019 rows=0 loops=17353)
                           Index Cond: (cd_demo_sk = catalog_sales.cs_bill_cdemo_sk)
                           Filter: ((cd_gender = 'M'::bpchar) AND (cd_education_status = '4 yr Degree'::bpchar))
                           Rows Removed by Filter: 1
                           Buffers: shared hit=66933 read=2439
               ->  Index Scan using customer_address_pkey on customer_address  (cost=0.42..7.36 rows=1 width=35) (actual time=0.025..0.025 rows=0 loops=2202)
                     Index Cond: (ca_address_sk = customer.c_current_addr_sk)
                     Filter: (ca_state = ANY ('{GA,IN,NY}'::bpchar[]))
                     Rows Removed by Filter: 1
                     Buffers: shared hit=5371 read=3437
         ->  Index Scan using item_pkey on item  (cost=0.42..7.34 rows=1 width=21) (actual time=0.021..0.021 rows=0 loops=102)
               Index Cond: (i_item_sk = catalog_sales.cs_item_sk)
               Filter: (i_category = 'Electronics'::bpchar)
               Rows Removed by Filter: 1
               Buffers: shared hit=278 read=130
 Planning:
   Buffers: shared hit=454
 Planning Time: 5.097 ms
 Execution Time: 55496.153 ms
(48 rows)

