                                                                                  QUERY PLAN                                                                                  
------------------------------------------------------------------------------------------------------------------------------------------------------------------------------
 Aggregate  (cost=5938459.84..5938459.85 rows=1 width=268) (actual time=47110.083..47110.089 rows=1 loops=1)
   Buffers: shared hit=326355 read=3688288
   ->  Nested Loop  (cost=17119.15..5938459.81 rows=1 width=81) (actual time=6455.475..47109.563 rows=93 loops=1)
         Buffers: shared hit=326355 read=3688288
         ->  Nested Loop  (cost=17118.72..5938342.13 rows=16 width=54) (actual time=6365.996..47090.016 rows=1209 loops=1)
               Buffers: shared hit=323737 read=3686070
               ->  Nested Loop  (cost=17118.29..5937496.36 rows=115 width=50) (actual time=6362.833..46997.057 rows=8742 loops=1)
                     Buffers: shared hit=290270 read=3684581
                     ->  Nested Loop  (cost=17117.87..5925476.66 rows=1634 width=50) (actual time=6362.644..46362.999 rows=59993 loops=1)
                           Buffers: shared hit=67320 read=3667827
                           ->  Hash Join  (cost=17117.56..5901948.42 rows=329742 width=54) (actual time=103.067..46135.216 rows=685697 loops=1)
                                 Hash Cond: (catalog_sales.cs_item_sk = item.i_item_sk)
                                 Buffers: shared hit=60909 read=3667827
                                 ->  Seq Scan on catalog_sales  (cost=0.00..5874397.76 rows=3974433 width=41) (actual time=0.049..45136.636 rows=3999274 loops=1)
                                       Filter: ((cs_wholesale_cost >= '42'::numeric) AND (cs_wholesale_cost <= '47'::numeric))
                                       Rows Removed by Filter: 139993025
                                       Buffers: shared hit=46553 read=3667827
                                 ->  Hash  (cost=16906.00..16906.00 rows=16925 width=21) (actual time=102.738..102.739 rows=17141 loops=1)
                                       Buckets: 32768  Batches: 1  Memory Usage: 1194kB
                                       Buffers: shared hit=14356
                                       ->  Seq Scan on item  (cost=0.00..16906.00 rows=16925 width=21) (actual time=0.009..99.405 rows=17141 loops=1)
                                             Filter: (i_category = 'Home'::bpchar)
                                             Rows Removed by Filter: 186859
                                             Buffers: shared hit=14356
                           ->  Memoize  (cost=0.30..7.22 rows=1 width=4) (actual time=0.000..0.000 rows=0 loops=685697)
                                 Cache Key: catalog_sales.cs_sold_date_sk
                                 Cache Mode: logical
                                 Hits: 683559  Misses: 2138  Evictions: 0  Overflows: 0  Memory Usage: 155kB
                                 Buffers: shared hit=6411
                                 ->  Index Scan using date_dim_pkey on date_dim  (cost=0.29..7.21 rows=1 width=4) (actual time=0.012..0.012 rows=0 loops=2138)
                                       Index Cond: (d_date_sk = catalog_sales.cs_sold_date_sk)
                                       Filter: (d_year = 1999)
                                       Rows Removed by Filter: 1
                                       Buffers: shared hit=6411
                     ->  Index Scan using customer_demographics_pkey on customer_demographics  (cost=0.43..7.36 rows=1 width=8) (actual time=0.010..0.010 rows=0 loops=59993)
                           Index Cond: (cd_demo_sk = catalog_sales.cs_bill_cdemo_sk)
                           Filter: ((cd_gender = 'M'::bpchar) AND (cd_education_status = 'Unknown'::bpchar))
                           Rows Removed by Filter: 1
                           Buffers: shared hit=222950 read=16754
               ->  Index Scan using customer_pkey on customer  (cost=0.43..7.35 rows=1 width=12) (actual time=0.010..0.010 rows=0 loops=8742)
                     Index Cond: (c_customer_sk = catalog_sales.cs_bill_customer_sk)
                     Filter: (c_birth_month = 10)
                     Rows Removed by Filter: 1
                     Buffers: shared hit=33467 read=1489
         ->  Index Scan using customer_address_pkey on customer_address  (cost=0.42..7.35 rows=1 width=35) (actual time=0.016..0.016 rows=0 loops=1209)
               Index Cond: (ca_address_sk = customer.c_current_addr_sk)
               Filter: (ca_state = ANY ('{MT,NC,UT}'::bpchar[]))
               Rows Removed by Filter: 1
               Buffers: shared hit=2618 read=2218
 Planning:
   Buffers: shared hit=454
 Planning Time: 1.850 ms
 Execution Time: 47110.424 ms
(53 rows)

