                                                                              QUERY PLAN                                                                               
-----------------------------------------------------------------------------------------------------------------------------------------------------------------------
 Aggregate  (cost=6011039.71..6011039.72 rows=1 width=268) (actual time=49311.559..49311.565 rows=1 loops=1)
   Buffers: shared hit=612326 read=3695785
   ->  Nested Loop  (cost=17242.40..6011039.66 rows=2 width=81) (actual time=9828.912..49311.539 rows=2 loops=1)
         Buffers: shared hit=612326 read=3695785
         ->  Nested Loop  (cost=17241.97..6010855.66 rows=25 width=54) (actual time=6787.364..49308.758 rows=144 loops=1)
               Buffers: shared hit=612008 read=3695527
               ->  Nested Loop  (cost=17241.54..6008236.98 rows=356 width=54) (actual time=6670.648..49222.042 rows=7867 loops=1)
                     Buffers: shared hit=582832 read=3693275
                     ->  Nested Loop  (cost=17241.12..5962898.55 rows=6165 width=50) (actual time=6669.890..47910.875 rows=135424 loops=1)
                           Buffers: shared hit=72836 read=3662311
                           ->  Hash Join  (cost=17240.81..5916511.69 rows=1244095 width=54) (actual time=133.242..47623.225 rows=882786 loops=1)
                                 Hash Cond: (catalog_sales.cs_item_sk = item.i_item_sk)
                                 Buffers: shared hit=66425 read=3662311
                                 ->  Seq Scan on catalog_sales  (cost=0.00..5874397.76 rows=9475278 width=41) (actual time=0.198..45593.511 rows=9280537 loops=1)
                                       Filter: ((cs_wholesale_cost >= '2'::numeric) AND (cs_wholesale_cost <= '7'::numeric))
                                       Rows Removed by Filter: 134711762
                                       Buffers: shared hit=52073 read=3662307
                                 ->  Hash  (cost=16906.00..16906.00 rows=26785 width=21) (actual time=132.746..132.747 rows=26695 loops=1)
                                       Buckets: 32768  Batches: 1  Memory Usage: 1716kB
                                       Buffers: shared hit=14352 read=4
                                       ->  Seq Scan on item  (cost=0.00..16906.00 rows=26785 width=21) (actual time=0.017..126.317 rows=26695 loops=1)
                                             Filter: (i_category = 'Children'::bpchar)
                                             Rows Removed by Filter: 177305
                                             Buffers: shared hit=14352 read=4
                           ->  Memoize  (cost=0.30..7.22 rows=1 width=4) (actual time=0.000..0.000 rows=0 loops=882786)
                                 Cache Key: catalog_sales.cs_sold_date_sk
                                 Cache Mode: logical
                                 Hits: 880648  Misses: 2138  Evictions: 0  Overflows: 0  Memory Usage: 155kB
                                 Buffers: shared hit=6411
                                 ->  Index Scan using date_dim_pkey on date_dim  (cost=0.29..7.21 rows=1 width=4) (actual time=0.013..0.013 rows=0 loops=2138)
                                       Index Cond: (d_date_sk = catalog_sales.cs_sold_date_sk)
                                       Filter: (d_year = 1999)
                                       Rows Removed by Filter: 1
                                       Buffers: shared hit=6411
                     ->  Index Scan using customer_pkey on customer  (cost=0.43..7.35 rows=1 width=12) (actual time=0.009..0.009 rows=0 loops=135424)
                           Index Cond: (c_customer_sk = catalog_sales.cs_bill_customer_sk)
                           Filter: (c_birth_month = 3)
                           Rows Removed by Filter: 1
                           Buffers: shared hit=509996 read=30964
               ->  Index Scan using customer_demographics_pkey on customer_demographics  (cost=0.43..7.36 rows=1 width=8) (actual time=0.011..0.011 rows=0 loops=7867)
                     Index Cond: (cd_demo_sk = catalog_sales.cs_bill_cdemo_sk)
                     Filter: ((cd_gender = 'F'::bpchar) AND (cd_education_status = 'Secondary'::bpchar))
                     Rows Removed by Filter: 1
                     Buffers: shared hit=29176 read=2252
         ->  Index Scan using customer_address_pkey on customer_address  (cost=0.42..7.36 rows=1 width=35) (actual time=0.018..0.018 rows=0 loops=144)
               Index Cond: (ca_address_sk = customer.c_current_addr_sk)
               Filter: (ca_state = ANY ('{GA,KS,NY}'::bpchar[]))
               Rows Removed by Filter: 1
               Buffers: shared hit=318 read=258
 Planning:
   Buffers: shared hit=454
 Planning Time: 4.479 ms
 Execution Time: 49312.237 ms
(53 rows)

