                                                                            QUERY PLAN                                                                            
------------------------------------------------------------------------------------------------------------------------------------------------------------------
 Aggregate  (cost=5977605.97..5977605.98 rows=1 width=268) (actual time=47454.087..47454.093 rows=1 loops=1)
   Buffers: shared hit=626223 read=3708192
   ->  Nested Loop  (cost=17437.73..5977605.94 rows=1 width=81) (actual time=14217.111..47454.016 rows=10 loops=1)
         Buffers: shared hit=626223 read=3708192
         ->  Nested Loop  (cost=17437.31..5977451.47 rows=21 width=81) (actual time=12490.009..47447.305 rows=512 loops=1)
               Buffers: shared hit=624343 read=3708028
               ->  Nested Loop  (cost=17436.88..5975126.17 rows=316 width=54) (actual time=12477.794..47309.979 rows=9489 loops=1)
                     Buffers: shared hit=601846 read=3692569
                     ->  Nested Loop  (cost=17436.45..5941663.38 rows=4550 width=50) (actual time=12475.080..45891.543 rows=139981 loops=1)
                           Buffers: shared hit=74117 read=3661030
                           ->  Hash Join  (cost=17436.15..5903426.25 rows=918103 width=54) (actual time=129.262..45590.016 rows=963853 loops=1)
                                 Hash Cond: (catalog_sales.cs_item_sk = item.i_item_sk)
                                 Buffers: shared hit=67706 read=3661030
                                 ->  Seq Scan on catalog_sales  (cost=0.00..5874397.76 rows=4416036 width=41) (actual time=0.069..44339.790 rows=4444683 loops=1)
                                       Filter: ((cs_wholesale_cost >= '53'::numeric) AND (cs_wholesale_cost <= '58'::numeric))
                                       Rows Removed by Filter: 139547616
                                       Buffers: shared hit=54161 read=3660219
                                 ->  Hash  (cost=16906.00..16906.00 rows=42412 width=21) (actual time=128.571..128.572 rows=42041 loops=1)
                                       Buckets: 65536  Batches: 1  Memory Usage: 2812kB
                                       Buffers: shared hit=13545 read=811
                                       ->  Seq Scan on item  (cost=0.00..16906.00 rows=42412 width=21) (actual time=0.025..118.921 rows=42041 loops=1)
                                             Filter: (i_category = 'Electronics'::bpchar)
                                             Rows Removed by Filter: 161959
                                             Buffers: shared hit=13545 read=811
                           ->  Memoize  (cost=0.30..7.22 rows=1 width=4) (actual time=0.000..0.000 rows=0 loops=963853)
                                 Cache Key: catalog_sales.cs_sold_date_sk
                                 Cache Mode: logical
                                 Hits: 961715  Misses: 2138  Evictions: 0  Overflows: 0  Memory Usage: 155kB
                                 Buffers: shared hit=6411
                                 ->  Index Scan using date_dim_pkey on date_dim  (cost=0.29..7.21 rows=1 width=4) (actual time=0.012..0.012 rows=0 loops=2138)
                                       Index Cond: (d_date_sk = catalog_sales.cs_sold_date_sk)
                                       Filter: (d_year = 2000)
                                       Rows Removed by Filter: 1
                                       Buffers: shared hit=6411
                     ->  Index Scan using customer_pkey on customer  (cost=0.43..7.35 rows=1 width=12) (actual time=0.010..0.010 rows=0 loops=139981)
                           Index Cond: (c_customer_sk = catalog_sales.cs_bill_customer_sk)
                           Filter: (c_birth_month = 12)
                           Rows Removed by Filter: 1
                           Buffers: shared hit=527729 read=31539
               ->  Index Scan using customer_address_pkey on customer_address  (cost=0.42..7.36 rows=1 width=35) (actual time=0.014..0.014 rows=0 loops=9489)
                     Index Cond: (ca_address_sk = customer.c_current_addr_sk)
                     Filter: (ca_state = ANY ('{IA,MI,OR}'::bpchar[]))
                     Rows Removed by Filter: 1
                     Buffers: shared hit=22497 read=15459
         ->  Index Scan using customer_demographics_pkey on customer_demographics  (cost=0.43..7.36 rows=1 width=8) (actual time=0.012..0.012 rows=0 loops=512)
               Index Cond: (cd_demo_sk = catalog_sales.cs_bill_cdemo_sk)
               Filter: ((cd_gender = 'M'::bpchar) AND (cd_education_status = 'Secondary'::bpchar))
               Rows Removed by Filter: 1
               Buffers: shared hit=1880 read=164
 Planning:
   Buffers: shared hit=407 read=47
 Planning Time: 5.746 ms
 Execution Time: 47454.703 ms
(53 rows)

