                                                                              QUERY PLAN                                                                               
-----------------------------------------------------------------------------------------------------------------------------------------------------------------------
 Aggregate  (cost=6000052.48..6000052.49 rows=1 width=268) (actual time=47327.611..47327.616 rows=1 loops=1)
   Buffers: shared hit=542716 read=3721915
   ->  Nested Loop  (cost=17242.40..6000052.42 rows=2 width=81) (actual time=231.749..47327.420 rows=27 loops=1)
         Buffers: shared hit=542716 read=3721915
         ->  Nested Loop  (cost=17241.97..5999912.55 rows=19 width=54) (actual time=167.204..47318.992 rows=437 loops=1)
               Buffers: shared hit=541633 read=3721250
               ->  Nested Loop  (cost=17241.54..5997919.12 rows=271 width=54) (actual time=161.754..47246.291 rows=5873 loops=1)
                     Buffers: shared hit=520414 read=3718993
                     ->  Nested Loop  (cost=17241.12..5957198.94 rows=5537 width=50) (actual time=160.255..45932.840 rows=126220 loops=1)
                           Buffers: shared hit=40567 read=3694580
                           ->  Hash Join  (cost=17240.81..5913979.02 rows=1117416 width=54) (actual time=160.207..45663.122 rows=805758 loops=1)
                                 Hash Cond: (catalog_sales.cs_item_sk = item.i_item_sk)
                                 Buffers: shared hit=34156 read=3694580
                                 ->  Seq Scan on catalog_sales  (cost=0.00..5874397.76 rows=8510470 width=41) (actual time=0.075..43715.390 rows=8494738 loops=1)
                                       Filter: ((cs_wholesale_cost >= '66'::numeric) AND (cs_wholesale_cost <= '71'::numeric))
                                       Rows Removed by Filter: 135497561
                                       Buffers: shared hit=33138 read=3681242
                                 ->  Hash  (cost=16906.00..16906.00 rows=26785 width=21) (actual time=159.771..159.772 rows=26695 loops=1)
                                       Buckets: 32768  Batches: 1  Memory Usage: 1716kB
                                       Buffers: shared hit=1018 read=13338
                                       ->  Seq Scan on item  (cost=0.00..16906.00 rows=26785 width=21) (actual time=0.016..152.334 rows=26695 loops=1)
                                             Filter: (i_category = 'Children'::bpchar)
                                             Rows Removed by Filter: 177305
                                             Buffers: shared hit=1018 read=13338
                           ->  Memoize  (cost=0.30..7.22 rows=1 width=4) (actual time=0.000..0.000 rows=0 loops=805758)
                                 Cache Key: catalog_sales.cs_sold_date_sk
                                 Cache Mode: logical
                                 Hits: 803620  Misses: 2138  Evictions: 0  Overflows: 0  Memory Usage: 155kB
                                 Buffers: shared hit=6411
                                 ->  Index Scan using date_dim_pkey on date_dim  (cost=0.29..7.21 rows=1 width=4) (actual time=0.012..0.012 rows=0 loops=2138)
                                       Index Cond: (d_date_sk = catalog_sales.cs_sold_date_sk)
                                       Filter: (d_year = 1998)
                                       Rows Removed by Filter: 1
                                       Buffers: shared hit=6411
                     ->  Index Scan using customer_pkey on customer  (cost=0.43..7.35 rows=1 width=12) (actual time=0.010..0.010 rows=0 loops=126220)
                           Index Cond: (c_customer_sk = catalog_sales.cs_bill_customer_sk)
                           Filter: (c_birth_month = 7)
                           Rows Removed by Filter: 1
                           Buffers: shared hit=479847 read=24413
               ->  Index Scan using customer_demographics_pkey on customer_demographics  (cost=0.43..7.36 rows=1 width=8) (actual time=0.012..0.012 rows=0 loops=5873)
                     Index Cond: (cd_demo_sk = catalog_sales.cs_bill_cdemo_sk)
                     Filter: ((cd_gender = 'M'::bpchar) AND (cd_education_status = 'Primary'::bpchar))
                     Rows Removed by Filter: 1
                     Buffers: shared hit=21219 read=2257
         ->  Index Scan using customer_address_pkey on customer_address  (cost=0.42..7.36 rows=1 width=35) (actual time=0.018..0.018 rows=0 loops=437)
               Index Cond: (ca_address_sk = customer.c_current_addr_sk)
               Filter: (ca_state = ANY ('{CO,TX,WV}'::bpchar[]))
               Rows Removed by Filter: 1
               Buffers: shared hit=1083 read=665
 Planning:
   Buffers: shared hit=454
 Planning Time: 4.507 ms
 Execution Time: 47328.288 ms
(53 rows)

