                                                                                  QUERY PLAN                                                                                  
------------------------------------------------------------------------------------------------------------------------------------------------------------------------------
 Aggregate  (cost=5965360.09..5965360.10 rows=1 width=268) (actual time=46613.657..46613.662 rows=1 loops=1)
   Buffers: shared hit=454783 read=3735020
   ->  Nested Loop  (cost=17326.55..5965360.04 rows=2 width=81) (actual time=12348.986..46612.660 rows=167 loops=1)
         Buffers: shared hit=454783 read=3735020
         ->  Nested Loop  (cost=17326.12..5965051.16 rows=42 width=54) (actual time=12268.930..46576.622 rows=2409 loops=1)
               Buffers: shared hit=448890 read=3731277
               ->  Nested Loop  (cost=17325.69..5963190.48 rows=253 width=50) (actual time=12268.897..46410.659 rows=14183 loops=1)
                     Buffers: shared hit=395437 read=3728046
                     ->  Nested Loop  (cost=17325.27..5936738.41 rows=3596 width=50) (actual time=12268.851..45407.481 rows=97200 loops=1)
                           Buffers: shared hit=45394 read=3689753
                           ->  Hash Join  (cost=17324.96..5903315.06 rows=725550 width=54) (actual time=124.965..45209.230 rows=557721 loops=1)
                                 Hash Cond: (catalog_sales.cs_item_sk = item.i_item_sk)
                                 Buffers: shared hit=38983 read=3689753
                                 ->  Seq Scan on catalog_sales  (cost=0.00..5874397.76 rows=4416036 width=41) (actual time=0.074..44077.154 rows=4444683 loops=1)
                                       Filter: ((cs_wholesale_cost >= '51'::numeric) AND (cs_wholesale_cost <= '56'::numeric))
                                       Rows Removed by Filter: 139547616
                                       Buffers: shared hit=25639 read=3688741
                                 ->  Hash  (cost=16906.00..16906.00 rows=33517 width=21) (actual time=124.109..124.110 rows=33627 loops=1)
                                       Buckets: 65536  Batches: 1  Memory Usage: 2351kB
                                       Buffers: shared hit=13344 read=1012
                                       ->  Seq Scan on item  (cost=0.00..16906.00 rows=33517 width=21) (actual time=0.057..116.786 rows=33627 loops=1)
                                             Filter: (i_category = 'Shoes'::bpchar)
                                             Rows Removed by Filter: 170373
                                             Buffers: shared hit=13344 read=1012
                           ->  Memoize  (cost=0.30..7.22 rows=1 width=4) (actual time=0.000..0.000 rows=0 loops=557721)
                                 Cache Key: catalog_sales.cs_sold_date_sk
                                 Cache Mode: logical
                                 Hits: 555583  Misses: 2138  Evictions: 0  Overflows: 0  Memory Usage: 155kB
                                 Buffers: shared hit=6411
                                 ->  Index Scan using date_dim_pkey on date_dim  (cost=0.29..7.21 rows=1 width=4) (actual time=0.012..0.012 rows=0 loops=2138)
                                       Index Cond: (d_date_sk = catalog_sales.cs_sold_date_sk)
                                       Filter: (d_year = 2000)
                                       Rows Removed by Filter: 1
                                       Buffers: shared hit=6411
                     ->  Index Scan using customer_demographics_pkey on customer_demographics  (cost=0.43..7.36 rows=1 width=8) (actual time=0.010..0.010 rows=0 loops=97200)
                           Index Cond: (cd_demo_sk = catalog_sales.cs_bill_cdemo_sk)
                           Filter: ((cd_gender = 'M'::bpchar) AND (cd_education_status = 'Unknown'::bpchar))
                           Rows Removed by Filter: 1
                           Buffers: shared hit=350043 read=38293
               ->  Index Scan using customer_pkey on customer  (cost=0.43..7.35 rows=1 width=12) (actual time=0.011..0.011 rows=0 loops=14183)
                     Index Cond: (c_customer_sk = catalog_sales.cs_bill_customer_sk)
                     Filter: (c_birth_month = 4)
                     Rows Removed by Filter: 1
                     Buffers: shared hit=53453 read=3231
         ->  Index Scan using customer_address_pkey on customer_address  (cost=0.42..7.35 rows=1 width=35) (actual time=0.014..0.014 rows=0 loops=2409)
               Index Cond: (ca_address_sk = customer.c_current_addr_sk)
               Filter: (ca_state = ANY ('{MT,SD,WI}'::bpchar[]))
               Rows Removed by Filter: 1
               Buffers: shared hit=5893 read=3743
 Planning:
   Buffers: shared hit=407 read=47
 Planning Time: 5.054 ms
 Execution Time: 46614.291 ms
(53 rows)

