                                                                                     QUERY PLAN                                                                                      
-------------------------------------------------------------------------------------------------------------------------------------------------------------------------------------
 Aggregate  (cost=5995272.50..5995272.51 rows=1 width=268) (actual time=57893.787..57893.793 rows=1 loops=1)
   Buffers: shared hit=2467362 read=3710140
   ->  Nested Loop  (cost=2393.34..5995272.47 rows=1 width=81) (actual time=27195.581..57893.725 rows=9 loops=1)
         Buffers: shared hit=2467362 read=3710140
         ->  Nested Loop  (cost=2392.92..5995199.02 rows=10 width=68) (actual time=27195.548..57889.278 rows=89 loops=1)
               Buffers: shared hit=2467153 read=3709993
               ->  Nested Loop  (cost=2392.49..5994485.46 rows=97 width=41) (actual time=27128.848..57846.597 rows=1869 loops=1)
                     Buffers: shared hit=2462368 read=3707302
                     ->  Nested Loop  (cost=2392.07..5987277.78 rows=980 width=37) (actual time=27120.455..57467.398 rows=18859 loops=1)
                           Buffers: shared hit=2392747 read=3701535
                           ->  Hash Join  (cost=2391.64..5884211.29 rows=14011 width=37) (actual time=27119.781..47152.789 rows=595295 loops=1)
                                 Hash Cond: (catalog_sales.cs_sold_date_sk = date_dim.d_date_sk)
                                 Buffers: shared hit=66224 read=3649630
                                 ->  Seq Scan on catalog_sales  (cost=0.00..5874397.76 rows=2827223 width=41) (actual time=0.121..46665.061 rows=2916247 loops=1)
                                       Filter: ((cs_wholesale_cost >= '0'::numeric) AND (cs_wholesale_cost <= '5'::numeric))
                                       Rows Removed by Filter: 141076052
                                       Buffers: shared hit=66182 read=3648198
                                 ->  Hash  (cost=2387.11..2387.11 rows=362 width=4) (actual time=22.099..22.100 rows=365 loops=1)
                                       Buckets: 1024  Batches: 1  Memory Usage: 21kB
                                       Buffers: shared hit=42 read=1432
                                       ->  Seq Scan on date_dim  (cost=0.00..2387.11 rows=362 width=4) (actual time=12.942..22.038 rows=365 loops=1)
                                             Filter: (d_year = 2002)
                                             Rows Removed by Filter: 72684
                                             Buffers: shared hit=42 read=1432
                           ->  Index Scan using customer_demographics_pkey on customer_demographics  (cost=0.43..7.36 rows=1 width=8) (actual time=0.017..0.017 rows=0 loops=595295)
                                 Index Cond: (cd_demo_sk = catalog_sales.cs_bill_cdemo_sk)
                                 Filter: ((cd_gender = 'F'::bpchar) AND (cd_education_status = 'Advanced Degree'::bpchar))
                                 Rows Removed by Filter: 1
                                 Buffers: shared hit=2326523 read=51905
                     ->  Index Scan using customer_pkey on customer  (cost=0.43..7.35 rows=1 width=12) (actual time=0.020..0.020 rows=0 loops=18859)
                           Index Cond: (c_customer_sk = catalog_sales.cs_bill_customer_sk)
                           Filter: (c_birth_month = 1)
                           Rows Removed by Filter: 1
                           Buffers: shared hit=69621 read=5767
               ->  Index Scan using customer_address_pkey on customer_address  (cost=0.42..7.36 rows=1 width=35) (actual time=0.022..0.022 rows=0 loops=1869)
                     Index Cond: (ca_address_sk = customer.c_current_addr_sk)
                     Filter: (ca_state = ANY ('{GA,KS,MN}'::bpchar[]))
                     Rows Removed by Filter: 1
                     Buffers: shared hit=4785 read=2691
         ->  Index Scan using item_pkey on item  (cost=0.42..7.34 rows=1 width=21) (actual time=0.049..0.049 rows=0 loops=89)
               Index Cond: (i_item_sk = catalog_sales.cs_item_sk)
               Filter: (i_category = 'Children'::bpchar)
               Rows Removed by Filter: 1
               Buffers: shared hit=209 read=147
 Planning:
   Buffers: shared hit=454
 Planning Time: 4.903 ms
 Execution Time: 57894.310 ms
(48 rows)

