                                                                                  QUERY PLAN                                                                                  
------------------------------------------------------------------------------------------------------------------------------------------------------------------------------
 Aggregate  (cost=5957899.71..5957899.72 rows=1 width=268) (actual time=46168.377..46168.382 rows=1 loops=1)
   Buffers: shared hit=466743 read=3653532
   ->  Nested Loop  (cost=17119.15..5957899.68 rows=1 width=81) (actual time=6394.322..46168.177 rows=32 loops=1)
         Buffers: shared hit=466743 read=3653532
         ->  Nested Loop  (cost=17118.72..5957737.86 rows=22 width=54) (actual time=6334.333..46158.422 rows=570 loops=1)
               Buffers: shared hit=465439 read=3652556
               ->  Nested Loop  (cost=17118.29..5956369.96 rows=186 width=50) (actual time=6323.171..46094.000 rows=4955 loops=1)
                     Buffers: shared hit=449007 read=3649172
                     ->  Nested Loop  (cost=17117.87..5936957.76 rows=2639 width=50) (actual time=6322.828..45243.890 rows=90860 loops=1)
                           Buffers: shared hit=88535 read=3646612
                           ->  Hash Join  (cost=17117.56..5908362.01 rows=532445 width=54) (actual time=116.567..44919.058 rows=1044601 loops=1)
                                 Hash Cond: (catalog_sales.cs_item_sk = item.i_item_sk)
                                 Buffers: shared hit=82124 read=3646612
                                 ->  Seq Scan on catalog_sales  (cost=0.00..5874397.76 rows=6417653 width=41) (actual time=0.093..43511.310 rows=6094526 loops=1)
                                       Filter: ((cs_wholesale_cost >= '63'::numeric) AND (cs_wholesale_cost <= '68'::numeric))
                                       Rows Removed by Filter: 137897773
                                       Buffers: shared hit=67768 read=3646612
                                 ->  Hash  (cost=16906.00..16906.00 rows=16925 width=21) (actual time=116.179..116.180 rows=17141 loops=1)
                                       Buckets: 32768  Batches: 1  Memory Usage: 1194kB
                                       Buffers: shared hit=14356
                                       ->  Seq Scan on item  (cost=0.00..16906.00 rows=16925 width=21) (actual time=0.019..112.380 rows=17141 loops=1)
                                             Filter: (i_category = 'Home'::bpchar)
                                             Rows Removed by Filter: 186859
                                             Buffers: shared hit=14356
                           ->  Memoize  (cost=0.30..7.22 rows=1 width=4) (actual time=0.000..0.000 rows=0 loops=1044601)
                                 Cache Key: catalog_sales.cs_sold_date_sk
                                 Cache Mode: logical
                                 Hits: 1042463  Misses: 2138  Evictions: 0  Overflows: 0  Memory Usage: 155kB
                                 Buffers: shared hit=6411
                                 ->  Index Scan using date_dim_pkey on date_dim  (cost=0.29..7.21 rows=1 width=4) (actual time=0.014..0.014 rows=0 loops=2138)
                                       Index Cond: (d_date_sk = catalog_sales.cs_sold_date_sk)
                                       Filter: (d_year = 1999)
                                       Rows Removed by Filter: 1
                                       Buffers: shared hit=6411
                     ->  Index Scan using customer_demographics_pkey on customer_demographics  (cost=0.43..7.36 rows=1 width=8) (actual time=0.009..0.009 rows=0 loops=90860)
                           Index Cond: (cd_demo_sk = catalog_sales.cs_bill_cdemo_sk)
                           Filter: ((cd_gender = 'M'::bpchar) AND (cd_education_status = 'Advanced Degree'::bpchar))
                           Rows Removed by Filter: 1
                           Buffers: shared hit=360472 read=2560
               ->  Index Scan using customer_pkey on customer  (cost=0.43..7.35 rows=1 width=12) (actual time=0.013..0.013 rows=0 loops=4955)
                     Index Cond: (c_customer_sk = catalog_sales.cs_bill_customer_sk)
                     Filter: (c_birth_month = 8)
                     Rows Removed by Filter: 1
                     Buffers: shared hit=16432 read=3384
         ->  Index Scan using customer_address_pkey on customer_address  (cost=0.42..7.36 rows=1 width=35) (actual time=0.016..0.016 rows=0 loops=570)
               Index Cond: (ca_address_sk = customer.c_current_addr_sk)
               Filter: (ca_state = ANY ('{AL,LA,NE}'::bpchar[]))
               Rows Removed by Filter: 1
               Buffers: shared hit=1304 read=976
 Planning:
   Buffers: shared hit=454
 Planning Time: 4.276 ms
 Execution Time: 46168.981 ms
(53 rows)

