                                                                        QUERY PLAN                                                                        
----------------------------------------------------------------------------------------------------------------------------------------------------------
 Aggregate  (cost=5984101.15..5984101.16 rows=1 width=268) (actual time=45129.219..45129.221 rows=1 loops=1)
   Buffers: shared hit=81249 read=3633131
   ->  Nested Loop  (cost=0.43..5984101.12 rows=1 width=81) (actual time=45129.213..45129.215 rows=0 loops=1)
         Join Filter: (catalog_sales.cs_item_sk = item.i_item_sk)
         Buffers: shared hit=81249 read=3633131
         ->  Nested Loop  (cost=0.43..5966881.98 rows=1 width=68) (actual time=45129.213..45129.214 rows=0 loops=1)
               Join Filter: (date_dim.d_date_sk = catalog_sales.cs_sold_date_sk)
               Buffers: shared hit=81249 read=3633131
               ->  Nested Loop  (cost=0.43..5964490.35 rows=1 width=72) (actual time=45129.213..45129.214 rows=0 loops=1)
                     Join Filter: (customer_address.ca_address_sk = customer.c_current_addr_sk)
                     Buffers: shared hit=81249 read=3633131
                     ->  Nested Loop  (cost=0.43..5927423.60 rows=1 width=45) (actual time=45129.212..45129.213 rows=0 loops=1)
                           Buffers: shared hit=81249 read=3633131
                           ->  Nested Loop  (cost=0.00..5927415.15 rows=1 width=41) (actual time=45129.212..45129.212 rows=0 loops=1)
                                 Join Filter: (customer_demographics.cd_demo_sk = catalog_sales.cs_bill_cdemo_sk)
                                 Buffers: shared hit=81249 read=3633131
                                 ->  Seq Scan on catalog_sales  (cost=0.00..5874397.76 rows=1 width=41) (actual time=45129.211..45129.211 rows=0 loops=1)
                                       Filter: ((cs_wholesale_cost >= '22'::numeric) AND (cs_wholesale_cost <= '27'::numeric))
                                       Rows Removed by Filter: 143992299
                                       Buffers: shared hit=81249 read=3633131
                                 ->  Seq Scan on customer_demographics  (cost=0.00..51225.00 rows=143391 width=8) (never executed)
                                       Filter: ((cd_gender = 'M'::bpchar) AND (cd_education_status = '4 yr Degree'::bpchar))
                           ->  Index Scan using customer_pkey on customer  (cost=0.43..8.45 rows=1 width=12) (never executed)
                                 Index Cond: (c_customer_sk = catalog_sales.cs_bill_customer_sk)
                                 Filter: (c_birth_month = 4)
                     ->  Seq Scan on customer_address  (cost=0.00..36288.00 rows=62300 width=35) (never executed)
                           Filter: (ca_state = ANY ('{AL,IA,UT}'::bpchar[]))
               ->  Seq Scan on date_dim  (cost=0.00..2387.11 rows=362 width=4) (never executed)
                     Filter: (d_year = 1999)
         ->  Seq Scan on item  (cost=0.00..16906.00 rows=25051 width=21) (never executed)
               Filter: (i_category = 'Books'::bpchar)
 Planning:
   Buffers: shared hit=454
 Planning Time: 3.996 ms
 Execution Time: 45129.634 ms
(35 rows)

