                                                                              QUERY PLAN                                                                              
----------------------------------------------------------------------------------------------------------------------------------------------------------------------
 Aggregate  (cost=5992700.95..5992700.96 rows=1 width=268) (actual time=48730.258..48730.263 rows=1 loops=1)
   Buffers: shared hit=277070 read=3694653
   ->  Nested Loop  (cost=17073.85..5992700.93 rows=1 width=81) (actual time=48730.254..48730.258 rows=0 loops=1)
         Buffers: shared hit=277070 read=3694653
         ->  Nested Loop  (cost=17073.42..5992671.37 rows=4 width=54) (actual time=1070.461..48729.923 rows=16 loops=1)
               Buffers: shared hit=277035 read=3694624
               ->  Nested Loop  (cost=17072.99..5992252.09 rows=57 width=54) (actual time=146.126..48718.474 rows=793 loops=1)
                     Buffers: shared hit=274135 read=3694352
                     ->  Nested Loop  (cost=17072.57..5961614.92 rows=4166 width=50) (actual time=141.132..48058.031 rows=58425 loops=1)
                           Buffers: shared hit=51560 read=3683587
                           ->  Hash Join  (cost=17072.26..5925314.60 rows=840630 width=54) (actual time=141.077..47893.184 rows=433809 loops=1)
                                 Hash Cond: (catalog_sales.cs_item_sk = item.i_item_sk)
                                 Buffers: shared hit=45154 read=3683582
                                 ->  Seq Scan on catalog_sales  (cost=0.00..5874397.76 rows=12892906 width=41) (actual time=0.050..45671.061 rows=12722112 loops=1)
                                       Filter: ((cs_wholesale_cost >= '36'::numeric) AND (cs_wholesale_cost <= '41'::numeric))
                                       Rows Removed by Filter: 131270187
                                       Buffers: shared hit=45151 read=3669229
                                 ->  Hash  (cost=16906.00..16906.00 rows=13301 width=21) (actual time=140.545..140.545 rows=13933 loops=1)
                                       Buckets: 16384  Batches: 1  Memory Usage: 890kB
                                       Buffers: shared hit=3 read=14353
                                       ->  Seq Scan on item  (cost=0.00..16906.00 rows=13301 width=21) (actual time=0.022..134.994 rows=13933 loops=1)
                                             Filter: (i_category = 'Men'::bpchar)
                                             Rows Removed by Filter: 190067
                                             Buffers: shared hit=3 read=14353
                           ->  Memoize  (cost=0.30..7.22 rows=1 width=4) (actual time=0.000..0.000 rows=0 loops=433809)
                                 Cache Key: catalog_sales.cs_sold_date_sk
                                 Cache Mode: logical
                                 Hits: 431671  Misses: 2138  Evictions: 0  Overflows: 0  Memory Usage: 155kB
                                 Buffers: shared hit=6406 read=5
                                 ->  Index Scan using date_dim_pkey on date_dim  (cost=0.29..7.21 rows=1 width=4) (actual time=0.012..0.012 rows=0 loops=2138)
                                       Index Cond: (d_date_sk = catalog_sales.cs_sold_date_sk)
                                       Filter: (d_year = 1998)
                                       Rows Removed by Filter: 1
                                       Buffers: shared hit=6406 read=5
                     ->  Index Scan using customer_pkey on customer  (cost=0.43..7.35 rows=1 width=12) (actual time=0.011..0.011 rows=0 loops=58425)
                           Index Cond: (c_customer_sk = catalog_sales.cs_bill_customer_sk)
                           Filter: (c_birth_month = 5)
                           Rows Removed by Filter: 1
                           Buffers: shared hit=222575 read=10765
               ->  Index Scan using customer_demographics_pkey on customer_demographics  (cost=0.43..7.36 rows=1 width=8) (actual time=0.014..0.014 rows=0 loops=793)
                     Index Cond: (cd_demo_sk = catalog_sales.cs_bill_cdemo_sk)
                     Filter: ((cd_gender = 'F'::bpchar) AND (cd_education_status = 'Primary'::bpchar))
                     Rows Removed by Filter: 1
                     Buffers: shared hit=2900 read=272
         ->  Index Scan using customer_address_pkey on customer_address  (cost=0.42..7.39 rows=1 width=35) (actual time=0.020..0.020 rows=0 loops=16)
               Index Cond: (ca_address_sk = customer.c_current_addr_sk)
               Filter: (ca_state = ANY ('{CO,MS,OK}'::bpchar[]))
               Rows Removed by Filter: 1
               Buffers: shared hit=35 read=29
 Planning:
   Buffers: shared hit=407 read=47
 Planning Time: 4.474 ms
 Execution Time: 48730.771 ms
(53 rows)

