                                                                              QUERY PLAN                                                                              
----------------------------------------------------------------------------------------------------------------------------------------------------------------------
 Aggregate  (cost=5941432.39..5941432.40 rows=1 width=268) (actual time=45385.392..45385.396 rows=1 loops=1)
   Buffers: shared hit=146555 read=3662616
   ->  Nested Loop  (cost=17019.78..5941432.36 rows=1 width=81) (actual time=2842.542..45385.374 rows=2 loops=1)
         Buffers: shared hit=146555 read=3662616
         ->  Nested Loop  (cost=17019.36..5941395.56 rows=5 width=54) (actual time=151.062..45383.711 rows=77 loops=1)
               Buffers: shared hit=146398 read=3662465
               ->  Nested Loop  (cost=17018.93..5940895.36 rows=68 width=54) (actual time=110.879..45370.821 rows=845 loops=1)
                     Buffers: shared hit=143472 read=3662019
                     ->  Nested Loop  (cost=17018.50..5930606.71 rows=1399 width=50) (actual time=110.683..45145.718 rows=17610 loops=1)
                           Buffers: shared hit=76575 read=3658572
                           ->  Hash Join  (cost=17018.20..5908262.64 rows=282377 width=54) (actual time=110.639..45062.567 rows=132747 loops=1)
                                 Hash Cond: (catalog_sales.cs_item_sk = item.i_item_sk)
                                 Buffers: shared hit=70164 read=3658572
                                 ->  Seq Scan on catalog_sales  (cost=0.00..5874397.76 rows=6417653 width=41) (actual time=0.052..43914.670 rows=6094526 loops=1)
                                       Filter: ((cs_wholesale_cost >= '60'::numeric) AND (cs_wholesale_cost <= '65'::numeric))
                                       Rows Removed by Filter: 137897773
                                       Buffers: shared hit=55808 read=3658572
                                 ->  Hash  (cost=16906.00..16906.00 rows=8976 width=21) (actual time=109.766..109.766 rows=8826 loops=1)
                                       Buckets: 16384  Batches: 1  Memory Usage: 611kB
                                       Buffers: shared hit=14356
                                       ->  Seq Scan on item  (cost=0.00..16906.00 rows=8976 width=21) (actual time=0.019..107.719 rows=8826 loops=1)
                                             Filter: (i_category = 'Jewelry'::bpchar)
                                             Rows Removed by Filter: 195174
                                             Buffers: shared hit=14356
                           ->  Memoize  (cost=0.30..7.22 rows=1 width=4) (actual time=0.000..0.000 rows=0 loops=132747)
                                 Cache Key: catalog_sales.cs_sold_date_sk
                                 Cache Mode: logical
                                 Hits: 130609  Misses: 2138  Evictions: 0  Overflows: 0  Memory Usage: 155kB
                                 Buffers: shared hit=6411
                                 ->  Index Scan using date_dim_pkey on date_dim  (cost=0.29..7.21 rows=1 width=4) (actual time=0.012..0.012 rows=0 loops=2138)
                                       Index Cond: (d_date_sk = catalog_sales.cs_sold_date_sk)
                                       Filter: (d_year = 1998)
                                       Rows Removed by Filter: 1
                                       Buffers: shared hit=6411
                     ->  Index Scan using customer_pkey on customer  (cost=0.43..7.35 rows=1 width=12) (actual time=0.013..0.013 rows=0 loops=17610)
                           Index Cond: (c_customer_sk = catalog_sales.cs_bill_customer_sk)
                           Filter: (c_birth_month = 7)
                           Rows Removed by Filter: 1
                           Buffers: shared hit=66897 read=3447
               ->  Index Scan using customer_demographics_pkey on customer_demographics  (cost=0.43..7.36 rows=1 width=8) (actual time=0.015..0.015 rows=0 loops=845)
                     Index Cond: (cd_demo_sk = catalog_sales.cs_bill_cdemo_sk)
                     Filter: ((cd_gender = 'M'::bpchar) AND (cd_education_status = 'College'::bpchar))
                     Rows Removed by Filter: 1
                     Buffers: shared hit=2926 read=446
         ->  Index Scan using customer_address_pkey on customer_address  (cost=0.42..7.36 rows=1 width=35) (actual time=0.020..0.020 rows=0 loops=77)
               Index Cond: (ca_address_sk = customer.c_current_addr_sk)
               Filter: (ca_state = ANY ('{IN,MN,WI}'::bpchar[]))
               Rows Removed by Filter: 1
               Buffers: shared hit=157 read=151
 Planning:
   Buffers: shared hit=454
 Planning Time: 3.773 ms
 Execution Time: 45385.935 ms
(53 rows)

