                                                                                 QUERY PLAN                                                                                  
-----------------------------------------------------------------------------------------------------------------------------------------------------------------------------
 Aggregate  (cost=5916224.95..5916224.96 rows=1 width=268) (actual time=44968.586..44968.590 rows=1 loops=1)
   Buffers: shared hit=99389 read=3652308
   ->  Nested Loop  (cost=16954.16..5916224.93 rows=1 width=81) (actual time=44968.580..44968.584 rows=0 loops=1)
         Buffers: shared hit=99389 read=3652308
         ->  Nested Loop  (cost=16953.73..5916217.57 rows=1 width=54) (actual time=19235.614..44968.373 rows=10 loops=1)
               Buffers: shared hit=99369 read=3652288
               ->  Nested Loop  (cost=16953.31..5916099.89 rows=16 width=50) (actual time=19196.401..44966.681 rows=117 loops=1)
                     Buffers: shared hit=98943 read=3652246
                     ->  Nested Loop  (cost=16952.88..5914415.33 rows=229 width=50) (actual time=19157.297..44913.575 rows=4020 loops=1)
                           Buffers: shared hit=84313 read=3650816
                           ->  Hash Join  (cost=16952.58..5897978.12 rows=46115 width=54) (actual time=126.984..44863.253 rows=23923 loops=1)
                                 Hash Cond: (catalog_sales.cs_item_sk = item.i_item_sk)
                                 Buffers: shared hit=77920 read=3650816
                                 ->  Seq Scan on catalog_sales  (cost=0.00..5874397.76 rows=2524821 width=41) (actual time=0.478..44222.802 rows=2625628 loops=1)
                                       Filter: ((cs_wholesale_cost >= '47'::numeric) AND (cs_wholesale_cost <= '52'::numeric))
                                       Rows Removed by Filter: 141366671
                                       Buffers: shared hit=63566 read=3650814
                                 ->  Hash  (cost=16906.00..16906.00 rows=3726 width=21) (actual time=125.068..125.068 rows=3713 loops=1)
                                       Buckets: 4096  Batches: 1  Memory Usage: 236kB
                                       Buffers: shared hit=14354 read=2
                                       ->  Seq Scan on item  (cost=0.00..16906.00 rows=3726 width=21) (actual time=0.065..124.101 rows=3713 loops=1)
                                             Filter: (i_category = 'Music'::bpchar)
                                             Rows Removed by Filter: 200287
                                             Buffers: shared hit=14354 read=2
                           ->  Memoize  (cost=0.30..7.22 rows=1 width=4) (actual time=0.002..0.002 rows=0 loops=23923)
                                 Cache Key: catalog_sales.cs_sold_date_sk
                                 Cache Mode: logical
                                 Hits: 21791  Misses: 2132  Evictions: 0  Overflows: 0  Memory Usage: 155kB
                                 Buffers: shared hit=6393
                                 ->  Index Scan using date_dim_pkey on date_dim  (cost=0.29..7.21 rows=1 width=4) (actual time=0.012..0.012 rows=0 loops=2132)
                                       Index Cond: (d_date_sk = catalog_sales.cs_sold_date_sk)
                                       Filter: (d_year = 2001)
                                       Rows Removed by Filter: 1
                                       Buffers: shared hit=6393
                     ->  Index Scan using customer_demographics_pkey on customer_demographics  (cost=0.43..7.36 rows=1 width=8) (actual time=0.013..0.013 rows=0 loops=4020)
                           Index Cond: (cd_demo_sk = catalog_sales.cs_bill_cdemo_sk)
                           Filter: ((cd_gender = 'F'::bpchar) AND (cd_education_status = 'Advanced Degree'::bpchar))
                           Rows Removed by Filter: 1
                           Buffers: shared hit=14630 read=1430
               ->  Index Scan using customer_pkey on customer  (cost=0.43..7.35 rows=1 width=12) (actual time=0.013..0.013 rows=0 loops=117)
                     Index Cond: (c_customer_sk = catalog_sales.cs_bill_customer_sk)
                     Filter: (c_birth_month = 11)
                     Rows Removed by Filter: 1
                     Buffers: shared hit=426 read=42
         ->  Index Scan using customer_address_pkey on customer_address  (cost=0.42..7.36 rows=1 width=35) (actual time=0.020..0.020 rows=0 loops=10)
               Index Cond: (ca_address_sk = customer.c_current_addr_sk)
               Filter: (ca_state = ANY ('{MN,MS,TN}'::bpchar[]))
               Rows Removed by Filter: 1
               Buffers: shared hit=20 read=20
 Planning:
   Buffers: shared hit=454
 Planning Time: 4.534 ms
 Execution Time: 44969.069 ms
(53 rows)

