                                                                                  QUERY PLAN                                                                                  
------------------------------------------------------------------------------------------------------------------------------------------------------------------------------
 Aggregate  (cost=5991884.93..5991884.94 rows=1 width=268) (actual time=49350.357..49350.363 rows=1 loops=1)
   Buffers: shared hit=319495 read=3672316
   ->  Nested Loop  (cost=17019.78..5991884.88 rows=2 width=81) (actual time=20882.118..49349.978 rows=60 loops=1)
         Buffers: shared hit=319495 read=3672316
         ->  Nested Loop  (cost=17019.36..5991583.35 rows=41 width=54) (actual time=20806.425..49331.335 rows=987 loops=1)
               Buffers: shared hit=317431 read=3670432
               ->  Nested Loop  (cost=17018.93..5989803.67 rows=242 width=50) (actual time=20803.295..49260.029 rows=5962 loops=1)
                     Buffers: shared hit=296660 read=3667383
                     ->  Nested Loop  (cost=17018.50..5964793.99 rows=3400 width=50) (actual time=20802.252..48639.514 rows=57297 loops=1)
                           Buffers: shared hit=85398 read=3649749
                           ->  Hash Join  (cost=17018.20..5932354.54 rows=686194 width=54) (actual time=110.102..48497.675 rows=341873 loops=1)
                                 Hash Cond: (catalog_sales.cs_item_sk = item.i_item_sk)
                                 Buffers: shared hit=78987 read=3649749
                                 ->  Seq Scan on catalog_sales  (cost=0.00..5874397.76 rows=15595328 width=41) (actual time=0.268..46295.794 rows=15696054 loops=1)
                                       Filter: ((cs_wholesale_cost >= '25'::numeric) AND (cs_wholesale_cost <= '30'::numeric))
                                       Rows Removed by Filter: 128296245
                                       Buffers: shared hit=64633 read=3649747
                                 ->  Hash  (cost=16906.00..16906.00 rows=8976 width=21) (actual time=109.651..109.652 rows=8826 loops=1)
                                       Buckets: 16384  Batches: 1  Memory Usage: 611kB
                                       Buffers: shared hit=14354 read=2
                                       ->  Seq Scan on item  (cost=0.00..16906.00 rows=8976 width=21) (actual time=0.020..107.712 rows=8826 loops=1)
                                             Filter: (i_category = 'Jewelry'::bpchar)
                                             Rows Removed by Filter: 195174
                                             Buffers: shared hit=14354 read=2
                           ->  Memoize  (cost=0.30..7.22 rows=1 width=4) (actual time=0.000..0.000 rows=0 loops=341873)
                                 Cache Key: catalog_sales.cs_sold_date_sk
                                 Cache Mode: logical
                                 Hits: 339735  Misses: 2138  Evictions: 0  Overflows: 0  Memory Usage: 155kB
                                 Buffers: shared hit=6411
                                 ->  Index Scan using date_dim_pkey on date_dim  (cost=0.29..7.21 rows=1 width=4) (actual time=0.012..0.012 rows=0 loops=2138)
                                       Index Cond: (d_date_sk = catalog_sales.cs_sold_date_sk)
                                       Filter: (d_year = 2001)
                                       Rows Removed by Filter: 1
                                       Buffers: shared hit=6411
                     ->  Index Scan using customer_demographics_pkey on customer_demographics  (cost=0.43..7.36 rows=1 width=8) (actual time=0.011..0.011 rows=0 loops=57297)
                           Index Cond: (cd_demo_sk = catalog_sales.cs_bill_cdemo_sk)
                           Filter: ((cd_gender = 'M'::bpchar) AND (cd_education_status = 'College'::bpchar))
                           Rows Removed by Filter: 1
                           Buffers: shared hit=211262 read=17634
               ->  Index Scan using customer_pkey on customer  (cost=0.43..7.35 rows=1 width=12) (actual time=0.012..0.012 rows=0 loops=5962)
                     Index Cond: (c_customer_sk = catalog_sales.cs_bill_customer_sk)
                     Filter: (c_birth_month = 4)
                     Rows Removed by Filter: 1
                     Buffers: shared hit=20771 read=3049
         ->  Index Scan using customer_address_pkey on customer_address  (cost=0.42..7.35 rows=1 width=35) (actual time=0.018..0.018 rows=0 loops=987)
               Index Cond: (ca_address_sk = customer.c_current_addr_sk)
               Filter: (ca_state = ANY ('{OK,SD,WY}'::bpchar[]))
               Rows Removed by Filter: 1
               Buffers: shared hit=2064 read=1884
 Planning:
   Buffers: shared hit=454
 Planning Time: 4.355 ms
 Execution Time: 49350.871 ms
(53 rows)

