                                                                                  QUERY PLAN                                                                                  
------------------------------------------------------------------------------------------------------------------------------------------------------------------------------
 Aggregate  (cost=5945821.52..5945821.53 rows=1 width=268) (actual time=45778.949..45778.954 rows=1 loops=1)
   Buffers: shared hit=436711 read=3665520
   ->  Nested Loop  (cost=17045.03..5945821.47 rows=2 width=81) (actual time=28722.862..45778.869 rows=11 loops=1)
         Buffers: shared hit=436711 read=3665520
         ->  Nested Loop  (cost=17044.61..5945718.49 rows=14 width=54) (actual time=27143.956..45771.980 rows=188 loops=1)
               Buffers: shared hit=436331 read=3665148
               ->  Nested Loop  (cost=17044.18..5944828.62 rows=121 width=50) (actual time=27078.794..45750.099 rows=1629 loops=1)
                     Buffers: shared hit=431029 read=3663946
                     ->  Nested Loop  (cost=17043.75..5932220.62 rows=1714 width=50) (actual time=27064.737..44798.266 rows=90057 loops=1)
                           Buffers: shared hit=95406 read=3639741
                           ->  Hash Join  (cost=17043.45..5908287.89 rows=345924 width=54) (actual time=136.848..44649.415 rows=363497 loops=1)
                                 Hash Cond: (catalog_sales.cs_item_sk = item.i_item_sk)
                                 Buffers: shared hit=88995 read=3639741
                                 ->  Seq Scan on catalog_sales  (cost=0.00..5874397.76 rows=6417653 width=41) (actual time=0.150..43349.942 rows=6094526 loops=1)
                                       Filter: ((cs_wholesale_cost >= '61'::numeric) AND (cs_wholesale_cost <= '66'::numeric))
                                       Rows Removed by Filter: 137897773
                                       Buffers: shared hit=74641 read=3639739
                                 ->  Hash  (cost=16906.00..16906.00 rows=10996 width=21) (actual time=136.442..136.442 rows=11037 loops=1)
                                       Buckets: 16384  Batches: 1  Memory Usage: 732kB
                                       Buffers: shared hit=14354 read=2
                                       ->  Seq Scan on item  (cost=0.00..16906.00 rows=10996 width=21) (actual time=0.065..133.376 rows=11037 loops=1)
                                             Filter: (i_category = 'Women'::bpchar)
                                             Rows Removed by Filter: 192963
                                             Buffers: shared hit=14354 read=2
                           ->  Memoize  (cost=0.30..7.22 rows=1 width=4) (actual time=0.000..0.000 rows=0 loops=363497)
                                 Cache Key: catalog_sales.cs_sold_date_sk
                                 Cache Mode: logical
                                 Hits: 361359  Misses: 2138  Evictions: 0  Overflows: 0  Memory Usage: 155kB
                                 Buffers: shared hit=6411
                                 ->  Index Scan using date_dim_pkey on date_dim  (cost=0.29..7.21 rows=1 width=4) (actual time=0.013..0.013 rows=0 loops=2138)
                                       Index Cond: (d_date_sk = catalog_sales.cs_sold_date_sk)
                                       Filter: (d_year = 2002)
                                       Rows Removed by Filter: 1
                                       Buffers: shared hit=6411
                     ->  Index Scan using customer_demographics_pkey on customer_demographics  (cost=0.43..7.36 rows=1 width=8) (actual time=0.010..0.010 rows=0 loops=90057)
                           Index Cond: (cd_demo_sk = catalog_sales.cs_bill_cdemo_sk)
                           Filter: ((cd_gender = 'F'::bpchar) AND (cd_education_status = 'Secondary'::bpchar))
                           Rows Removed by Filter: 1
                           Buffers: shared hit=335623 read=24205
               ->  Index Scan using customer_pkey on customer  (cost=0.43..7.35 rows=1 width=12) (actual time=0.013..0.013 rows=0 loops=1629)
                     Index Cond: (c_customer_sk = catalog_sales.cs_bill_customer_sk)
                     Filter: (c_birth_month = 8)
                     Rows Removed by Filter: 1
                     Buffers: shared hit=5302 read=1202
         ->  Index Scan using customer_address_pkey on customer_address  (cost=0.42..7.36 rows=1 width=35) (actual time=0.035..0.035 rows=0 loops=188)
               Index Cond: (ca_address_sk = customer.c_current_addr_sk)
               Filter: (ca_state = ANY ('{IN,KY,VA}'::bpchar[]))
               Rows Removed by Filter: 1
               Buffers: shared hit=380 read=372
 Planning:
   Buffers: shared hit=454
 Planning Time: 4.620 ms
 Execution Time: 45779.636 ms
(53 rows)

