                                                                        QUERY PLAN                                                                        
----------------------------------------------------------------------------------------------------------------------------------------------------------
 Aggregate  (cost=5984920.05..5984920.06 rows=1 width=268) (actual time=43246.665..43246.668 rows=1 loops=1)
   Buffers: shared hit=87243 read=3627137
   ->  Nested Loop  (cost=0.43..5984920.02 rows=1 width=81) (actual time=43246.660..43246.662 rows=0 loops=1)
         Join Filter: (catalog_sales.cs_item_sk = item.i_item_sk)
         Buffers: shared hit=87243 read=3627137
         ->  Nested Loop  (cost=0.43..5967700.88 rows=1 width=68) (actual time=43246.659..43246.661 rows=0 loops=1)
               Join Filter: (date_dim.d_date_sk = catalog_sales.cs_sold_date_sk)
               Buffers: shared hit=87243 read=3627137
               ->  Nested Loop  (cost=0.43..5965309.25 rows=1 width=72) (actual time=43246.659..43246.660 rows=0 loops=1)
                     Join Filter: (customer_address.ca_address_sk = customer.c_current_addr_sk)
                     Buffers: shared hit=87243 read=3627137
                     ->  Nested Loop  (cost=0.43..5927327.91 rows=1 width=45) (actual time=43246.658..43246.659 rows=0 loops=1)
                           Buffers: shared hit=87243 read=3627137
                           ->  Nested Loop  (cost=0.00..5927319.46 rows=1 width=41) (actual time=43246.658..43246.659 rows=0 loops=1)
                                 Join Filter: (customer_demographics.cd_demo_sk = catalog_sales.cs_bill_cdemo_sk)
                                 Buffers: shared hit=87243 read=3627137
                                 ->  Seq Scan on catalog_sales  (cost=0.00..5874397.76 rows=1 width=41) (actual time=43246.657..43246.658 rows=0 loops=1)
                                       Filter: ((cs_wholesale_cost >= '48'::numeric) AND (cs_wholesale_cost <= '53'::numeric))
                                       Rows Removed by Filter: 143992299
                                       Buffers: shared hit=87243 read=3627137
                                 ->  Seq Scan on customer_demographics  (cost=0.00..51225.00 rows=135736 width=8) (never executed)
                                       Filter: ((cd_gender = 'M'::bpchar) AND (cd_education_status = 'Unknown'::bpchar))
                           ->  Index Scan using customer_pkey on customer  (cost=0.43..8.45 rows=1 width=12) (never executed)
                                 Index Cond: (c_customer_sk = catalog_sales.cs_bill_customer_sk)
                                 Filter: (c_birth_month = 2)
                     ->  Seq Scan on customer_address  (cost=0.00..36288.00 rows=135467 width=35) (never executed)
                           Filter: (ca_state = ANY ('{IN,TN,TX}'::bpchar[]))
               ->  Seq Scan on date_dim  (cost=0.00..2387.11 rows=362 width=4) (never executed)
                     Filter: (d_year = 1999)
         ->  Seq Scan on item  (cost=0.00..16906.00 rows=25051 width=21) (never executed)
               Filter: (i_category = 'Books'::bpchar)
 Planning:
   Buffers: shared hit=454
 Planning Time: 4.381 ms
 Execution Time: 43247.154 ms
(35 rows)

