                                                                                     QUERY PLAN                                                                                      
-------------------------------------------------------------------------------------------------------------------------------------------------------------------------------------
 Aggregate  (cost=5982636.14..5982636.15 rows=1 width=268) (actual time=53751.276..53751.281 rows=1 loops=1)
   Buffers: shared hit=1905703 read=3674427
   ->  Nested Loop  (cost=2393.34..5982636.11 rows=1 width=81) (actual time=19733.812..53751.108 rows=23 loops=1)
         Buffers: shared hit=1905703 read=3674427
         ->  Nested Loop  (cost=2392.92..5982584.70 rows=7 width=68) (actual time=19733.787..53748.468 rows=101 loops=1)
               Buffers: shared hit=1905461 read=3674265
               ->  Nested Loop  (cost=2392.49..5981952.05 rows=86 width=41) (actual time=18965.099..53694.437 rows=2313 loops=1)
                     Buffers: shared hit=1900152 read=3670322
                     ->  Nested Loop  (cost=2392.07..5975457.70 rows=883 width=37) (actual time=18959.971..53198.173 rows=23366 loops=1)
                           Buffers: shared hit=1830228 read=3646838
                           ->  Hash Join  (cost=2391.64..5883417.43 rows=12512 width=37) (actual time=18958.092..45724.960 rows=440840 loops=1)
                                 Hash Cond: (catalog_sales.cs_sold_date_sk = date_dim.d_date_sk)
                                 Buffers: shared hit=86412 read=3629442
                                 ->  Seq Scan on catalog_sales  (cost=0.00..5874397.76 rows=2524821 width=41) (actual time=0.125..45304.900 rows=2625628 loops=1)
                                       Filter: ((cs_wholesale_cost >= '45'::numeric) AND (cs_wholesale_cost <= '50'::numeric))
                                       Rows Removed by Filter: 141366671
                                       Buffers: shared hit=84938 read=3629442
                                 ->  Hash  (cost=2387.11..2387.11 rows=362 width=4) (actual time=19.955..19.956 rows=365 loops=1)
                                       Buckets: 1024  Batches: 1  Memory Usage: 21kB
                                       Buffers: shared hit=1474
                                       ->  Seq Scan on date_dim  (cost=0.00..2387.11 rows=362 width=4) (actual time=9.671..19.878 rows=365 loops=1)
                                             Filter: (d_year = 2001)
                                             Rows Removed by Filter: 72684
                                             Buffers: shared hit=1474
                           ->  Index Scan using customer_demographics_pkey on customer_demographics  (cost=0.43..7.36 rows=1 width=8) (actual time=0.017..0.017 rows=0 loops=440840)
                                 Index Cond: (cd_demo_sk = catalog_sales.cs_bill_cdemo_sk)
                                 Filter: ((cd_gender = 'M'::bpchar) AND (cd_education_status = 'Advanced Degree'::bpchar))
                                 Rows Removed by Filter: 1
                                 Buffers: shared hit=1743816 read=17396
                     ->  Index Scan using customer_pkey on customer  (cost=0.43..7.35 rows=1 width=12) (actual time=0.021..0.021 rows=0 loops=23366)
                           Index Cond: (c_customer_sk = catalog_sales.cs_bill_customer_sk)
                           Filter: (c_birth_month = 2)
                           Rows Removed by Filter: 1
                           Buffers: shared hit=69924 read=23484
               ->  Index Scan using customer_address_pkey on customer_address  (cost=0.42..7.36 rows=1 width=35) (actual time=0.023..0.023 rows=0 loops=2313)
                     Index Cond: (ca_address_sk = customer.c_current_addr_sk)
                     Filter: (ca_state = ANY ('{KY,LA,MN}'::bpchar[]))
                     Rows Removed by Filter: 1
                     Buffers: shared hit=5309 read=3943
         ->  Index Scan using item_pkey on item  (cost=0.42..7.34 rows=1 width=21) (actual time=0.025..0.025 rows=0 loops=101)
               Index Cond: (i_item_sk = catalog_sales.cs_item_sk)
               Filter: (i_category = 'Electronics'::bpchar)
               Rows Removed by Filter: 1
               Buffers: shared hit=242 read=162
 Planning:
   Buffers: shared hit=454
 Planning Time: 4.547 ms
 Execution Time: 53751.794 ms
(48 rows)

