                                                                                  QUERY PLAN                                                                                  
------------------------------------------------------------------------------------------------------------------------------------------------------------------------------
 Aggregate  (cost=5930922.54..5930922.55 rows=1 width=268) (actual time=45838.660..45838.664 rows=1 loops=1)
   Buffers: shared hit=157560 read=3648347
   ->  Nested Loop  (cost=17045.03..5930922.51 rows=1 width=81) (actual time=12745.401..45838.613 rows=6 loops=1)
         Buffers: shared hit=157560 read=3648347
         ->  Nested Loop  (cost=17044.61..5930871.01 rows=7 width=54) (actual time=12466.827..45837.199 rows=63 loops=1)
               Buffers: shared hit=157421 read=3648234
               ->  Nested Loop  (cost=17044.18..5930326.78 rows=74 width=50) (actual time=12307.331..45827.804 rows=541 loops=1)
                     Buffers: shared hit=155829 read=3647666
                     ->  Nested Loop  (cost=17043.75..5922514.71 rows=1062 width=50) (actual time=12296.401..45622.019 rows=17117 loops=1)
                           Buffers: shared hit=87963 read=3647184
                           ->  Hash Join  (cost=17043.45..5901874.31 rows=214230 width=54) (actual time=130.461..45509.817 rows=239607 loops=1)
                                 Hash Cond: (catalog_sales.cs_item_sk = item.i_item_sk)
                                 Buffers: shared hit=81552 read=3647184
                                 ->  Seq Scan on catalog_sales  (cost=0.00..5874397.76 rows=3974433 width=41) (actual time=0.108..44569.224 rows=3999274 loops=1)
                                       Filter: ((cs_wholesale_cost >= '39'::numeric) AND (cs_wholesale_cost <= '44'::numeric))
                                       Rows Removed by Filter: 139993025
                                       Buffers: shared hit=81536 read=3632844
                                 ->  Hash  (cost=16906.00..16906.00 rows=10996 width=21) (actual time=129.945..129.946 rows=11037 loops=1)
                                       Buckets: 16384  Batches: 1  Memory Usage: 732kB
                                       Buffers: shared hit=16 read=14340
                                       ->  Seq Scan on item  (cost=0.00..16906.00 rows=10996 width=21) (actual time=0.213..126.936 rows=11037 loops=1)
                                             Filter: (i_category = 'Women'::bpchar)
                                             Rows Removed by Filter: 192963
                                             Buffers: shared hit=16 read=14340
                           ->  Memoize  (cost=0.30..7.22 rows=1 width=4) (actual time=0.000..0.000 rows=0 loops=239607)
                                 Cache Key: catalog_sales.cs_sold_date_sk
                                 Cache Mode: logical
                                 Hits: 237469  Misses: 2138  Evictions: 0  Overflows: 0  Memory Usage: 155kB
                                 Buffers: shared hit=6411
                                 ->  Index Scan using date_dim_pkey on date_dim  (cost=0.29..7.21 rows=1 width=4) (actual time=0.014..0.014 rows=0 loops=2138)
                                       Index Cond: (d_date_sk = catalog_sales.cs_sold_date_sk)
                                       Filter: (d_year = 2000)
                                       Rows Removed by Filter: 1
                                       Buffers: shared hit=6411
                     ->  Index Scan using customer_demographics_pkey on customer_demographics  (cost=0.43..7.36 rows=1 width=8) (actual time=0.012..0.012 rows=0 loops=17117)
                           Index Cond: (cd_demo_sk = catalog_sales.cs_bill_cdemo_sk)
                           Filter: ((cd_gender = 'F'::bpchar) AND (cd_education_status = 'Advanced Degree'::bpchar))
                           Rows Removed by Filter: 1
                           Buffers: shared hit=67866 read=482
               ->  Index Scan using customer_pkey on customer  (cost=0.43..7.35 rows=1 width=12) (actual time=0.016..0.016 rows=0 loops=541)
                     Index Cond: (c_customer_sk = catalog_sales.cs_bill_customer_sk)
                     Filter: (c_birth_month = 2)
                     Rows Removed by Filter: 1
                     Buffers: shared hit=1592 read=568
         ->  Index Scan using customer_address_pkey on customer_address  (cost=0.42..7.36 rows=1 width=35) (actual time=0.021..0.021 rows=0 loops=63)
               Index Cond: (ca_address_sk = customer.c_current_addr_sk)
               Filter: (ca_state = ANY ('{AL,MD,MN}'::bpchar[]))
               Rows Removed by Filter: 1
               Buffers: shared hit=139 read=113
 Planning:
   Buffers: shared hit=454
 Planning Time: 4.602 ms
 Execution Time: 45839.303 ms
(53 rows)

