                                                                              QUERY PLAN                                                                               
-----------------------------------------------------------------------------------------------------------------------------------------------------------------------
 Aggregate  (cost=5944410.34..5944410.35 rows=1 width=268) (actual time=46757.743..46757.748 rows=1 loops=1)
   Buffers: shared hit=348429 read=3755730
   ->  Nested Loop  (cost=17180.68..5944410.31 rows=1 width=81) (actual time=19682.563..46757.612 rows=18 loops=1)
         Buffers: shared hit=348429 read=3755730
         ->  Nested Loop  (cost=17180.26..5944344.07 rows=9 width=54) (actual time=19533.058..46752.303 rows=276 loops=1)
               Buffers: shared hit=347827 read=3755228
               ->  Nested Loop  (cost=17179.83..5943446.64 rows=122 width=54) (actual time=19520.368..46691.986 rows=4951 loops=1)
                     Buffers: shared hit=328198 read=3755061
                     ->  Nested Loop  (cost=17179.40..5927935.95 rows=2109 width=50) (actual time=19519.112..45636.451 rows=87123 loops=1)
                           Buffers: shared hit=56442 read=3678705
                           ->  Hash Join  (cost=17179.10..5902009.96 rows=425654 width=54) (actual time=109.547..45495.565 rows=342822 loops=1)
                                 Hash Cond: (catalog_sales.cs_item_sk = item.i_item_sk)
                                 Buffers: shared hit=50031 read=3678705
                                 ->  Seq Scan on catalog_sales  (cost=0.00..5874397.76 rows=3974433 width=41) (actual time=0.077..44492.306 rows=3999274 loops=1)
                                       Filter: ((cs_wholesale_cost >= '39'::numeric) AND (cs_wholesale_cost <= '44'::numeric))
                                       Rows Removed by Filter: 139993025
                                       Buffers: shared hit=35675 read=3678705
                                 ->  Hash  (cost=16906.00..16906.00 rows=21848 width=21) (actual time=109.201..109.201 rows=21811 loops=1)
                                       Buckets: 32768  Batches: 1  Memory Usage: 1449kB
                                       Buffers: shared hit=14356
                                       ->  Seq Scan on item  (cost=0.00..16906.00 rows=21848 width=21) (actual time=0.036..104.807 rows=21811 loops=1)
                                             Filter: (i_category = 'Sports'::bpchar)
                                             Rows Removed by Filter: 182189
                                             Buffers: shared hit=14356
                           ->  Memoize  (cost=0.30..7.22 rows=1 width=4) (actual time=0.000..0.000 rows=0 loops=342822)
                                 Cache Key: catalog_sales.cs_sold_date_sk
                                 Cache Mode: logical
                                 Hits: 340684  Misses: 2138  Evictions: 0  Overflows: 0  Memory Usage: 155kB
                                 Buffers: shared hit=6411
                                 ->  Index Scan using date_dim_pkey on date_dim  (cost=0.29..7.21 rows=1 width=4) (actual time=0.012..0.012 rows=0 loops=2138)
                                       Index Cond: (d_date_sk = catalog_sales.cs_sold_date_sk)
                                       Filter: (d_year = 2001)
                                       Rows Removed by Filter: 1
                                       Buffers: shared hit=6411
                     ->  Index Scan using customer_pkey on customer  (cost=0.43..7.35 rows=1 width=12) (actual time=0.012..0.012 rows=0 loops=87123)
                           Index Cond: (c_customer_sk = catalog_sales.cs_bill_customer_sk)
                           Filter: (c_birth_month = 3)
                           Rows Removed by Filter: 1
                           Buffers: shared hit=271756 read=76356
               ->  Index Scan using customer_demographics_pkey on customer_demographics  (cost=0.43..7.36 rows=1 width=8) (actual time=0.012..0.012 rows=0 loops=4951)
                     Index Cond: (cd_demo_sk = catalog_sales.cs_bill_cdemo_sk)
                     Filter: ((cd_gender = 'F'::bpchar) AND (cd_education_status = 'College'::bpchar))
                     Rows Removed by Filter: 1
                     Buffers: shared hit=19629 read=167
         ->  Index Scan using customer_address_pkey on customer_address  (cost=0.42..7.36 rows=1 width=35) (actual time=0.018..0.018 rows=0 loops=276)
               Index Cond: (ca_address_sk = customer.c_current_addr_sk)
               Filter: (ca_state = ANY ('{GA,IL,KY}'::bpchar[]))
               Rows Removed by Filter: 1
               Buffers: shared hit=602 read=502
 Planning:
   Buffers: shared hit=454
 Planning Time: 4.285 ms
 Execution Time: 46758.217 ms
(53 rows)

