                                                                                  QUERY PLAN                                                                                   
-------------------------------------------------------------------------------------------------------------------------------------------------------------------------------
 Aggregate  (cost=5982146.69..5982146.70 rows=1 width=268) (actual time=53469.101..53469.106 rows=1 loops=1)
   Buffers: shared hit=1394663 read=3668372
   ->  Nested Loop  (cost=17119.15..5982146.61 rows=3 width=81) (actual time=20688.325..53468.813 rows=43 loops=1)
         Buffers: shared hit=1394663 read=3668372
         ->  Nested Loop  (cost=17118.72..5981977.39 rows=23 width=54) (actual time=20612.531..53444.983 rows=1173 loops=1)
               Buffers: shared hit=1392049 read=3666294
               ->  Nested Loop  (cost=17118.29..5979984.41 rows=271 width=50) (actual time=20607.448..53190.468 rows=13929 loops=1)
                     Buffers: shared hit=1346726 read=3655921
                     ->  Nested Loop  (cost=17117.87..5951326.08 rows=3896 width=50) (actual time=20606.588..48791.651 rows=317249 loops=1)
                           Buffers: shared hit=89018 read=3646129
                           ->  Hash Join  (cost=17117.56..5916388.44 rows=786123 width=54) (actual time=108.416..48309.341 rows=1592397 loops=1)
                                 Hash Cond: (catalog_sales.cs_item_sk = item.i_item_sk)
                                 Buffers: shared hit=82607 read=3646129
                                 ->  Seq Scan on catalog_sales  (cost=0.00..5874397.76 rows=9475278 width=41) (actual time=0.040..46358.595 rows=9280537 loops=1)
                                       Filter: ((cs_wholesale_cost >= '6'::numeric) AND (cs_wholesale_cost <= '11'::numeric))
                                       Rows Removed by Filter: 134711762
                                       Buffers: shared hit=68251 read=3646129
                                 ->  Hash  (cost=16906.00..16906.00 rows=16925 width=21) (actual time=108.156..108.157 rows=17141 loops=1)
                                       Buckets: 32768  Batches: 1  Memory Usage: 1194kB
                                       Buffers: shared hit=14356
                                       ->  Seq Scan on item  (cost=0.00..16906.00 rows=16925 width=21) (actual time=0.024..104.656 rows=17141 loops=1)
                                             Filter: (i_category = 'Home'::bpchar)
                                             Rows Removed by Filter: 186859
                                             Buffers: shared hit=14356
                           ->  Memoize  (cost=0.30..7.22 rows=1 width=4) (actual time=0.000..0.000 rows=0 loops=1592397)
                                 Cache Key: catalog_sales.cs_sold_date_sk
                                 Cache Mode: logical
                                 Hits: 1590259  Misses: 2138  Evictions: 0  Overflows: 0  Memory Usage: 155kB
                                 Buffers: shared hit=6411
                                 ->  Index Scan using date_dim_pkey on date_dim  (cost=0.29..7.21 rows=1 width=4) (actual time=0.013..0.013 rows=0 loops=2138)
                                       Index Cond: (d_date_sk = catalog_sales.cs_sold_date_sk)
                                       Filter: (d_year = 2001)
                                       Rows Removed by Filter: 1
                                       Buffers: shared hit=6411
                     ->  Index Scan using customer_demographics_pkey on customer_demographics  (cost=0.43..7.36 rows=1 width=8) (actual time=0.014..0.014 rows=0 loops=317249)
                           Index Cond: (cd_demo_sk = catalog_sales.cs_bill_cdemo_sk)
                           Filter: ((cd_gender = 'F'::bpchar) AND (cd_education_status = 'Unknown'::bpchar))
                           Rows Removed by Filter: 1
                           Buffers: shared hit=1257708 read=9792
               ->  Index Scan using customer_pkey on customer  (cost=0.43..7.35 rows=1 width=12) (actual time=0.018..0.018 rows=0 loops=13929)
                     Index Cond: (c_customer_sk = catalog_sales.cs_bill_customer_sk)
                     Filter: (c_birth_month = 11)
                     Rows Removed by Filter: 1
                     Buffers: shared hit=45323 read=10373
         ->  Index Scan using customer_address_pkey on customer_address  (cost=0.42..7.36 rows=1 width=35) (actual time=0.020..0.020 rows=0 loops=1173)
               Index Cond: (ca_address_sk = customer.c_current_addr_sk)
               Filter: (ca_state = ANY ('{TX,VA,WY}'::bpchar[]))
               Rows Removed by Filter: 1
               Buffers: shared hit=2614 read=2078
 Planning:
   Buffers: shared hit=407 read=47
 Planning Time: 3.163 ms
 Execution Time: 53469.533 ms
(53 rows)

