                                                                            QUERY PLAN                                                                            
------------------------------------------------------------------------------------------------------------------------------------------------------------------
 Aggregate  (cost=5977569.19..5977569.20 rows=1 width=268) (actual time=47570.128..47570.134 rows=1 loops=1)
   Buffers: shared hit=537197 read=3837218
   ->  Nested Loop  (cost=17437.73..5977569.16 rows=1 width=81) (actual time=6117.499..47569.808 rows=47 loops=1)
         Buffers: shared hit=537197 read=3837218
         ->  Nested Loop  (cost=17437.31..5977451.47 rows=16 width=81) (actual time=6086.772..47561.042 rows=526 loops=1)
               Buffers: shared hit=535106 read=3837209
               ->  Nested Loop  (cost=17436.88..5975126.17 rows=316 width=54) (actual time=6066.445..47412.940 rows=10148 loops=1)
                     Buffers: shared hit=508891 read=3822832
                     ->  Nested Loop  (cost=17436.45..5941663.38 rows=4550 width=50) (actual time=6065.954..45640.338 rows=149350 loops=1)
                           Buffers: shared hit=6668 read=3728479
                           ->  Hash Join  (cost=17436.15..5903426.25 rows=918103 width=54) (actual time=141.303..45329.257 rows=963853 loops=1)
                                 Hash Cond: (catalog_sales.cs_item_sk = item.i_item_sk)
                                 Buffers: shared hit=257 read=3728479
                                 ->  Seq Scan on catalog_sales  (cost=0.00..5874397.76 rows=4416036 width=41) (actual time=0.064..44065.604 rows=4444683 loops=1)
                                       Filter: ((cs_wholesale_cost >= '51'::numeric) AND (cs_wholesale_cost <= '56'::numeric))
                                       Rows Removed by Filter: 139547616
                                       Buffers: shared hit=244 read=3714136
                                 ->  Hash  (cost=16906.00..16906.00 rows=42412 width=21) (actual time=140.671..140.672 rows=42041 loops=1)
                                       Buckets: 65536  Batches: 1  Memory Usage: 2812kB
                                       Buffers: shared hit=13 read=14343
                                       ->  Seq Scan on item  (cost=0.00..16906.00 rows=42412 width=21) (actual time=0.133..130.814 rows=42041 loops=1)
                                             Filter: (i_category = 'Electronics'::bpchar)
                                             Rows Removed by Filter: 161959
                                             Buffers: shared hit=13 read=14343
                           ->  Memoize  (cost=0.30..7.22 rows=1 width=4) (actual time=0.000..0.000 rows=0 loops=963853)
                                 Cache Key: catalog_sales.cs_sold_date_sk
                                 Cache Mode: logical
                                 Hits: 961715  Misses: 2138  Evictions: 0  Overflows: 0  Memory Usage: 155kB
                                 Buffers: shared hit=6411
                                 ->  Index Scan using date_dim_pkey on date_dim  (cost=0.29..7.21 rows=1 width=4) (actual time=0.013..0.013 rows=0 loops=2138)
                                       Index Cond: (d_date_sk = catalog_sales.cs_sold_date_sk)
                                       Filter: (d_year = 1999)
                                       Rows Removed by Filter: 1
                                       Buffers: shared hit=6411
                     ->  Index Scan using customer_pkey on customer  (cost=0.43..7.35 rows=1 width=12) (actual time=0.012..0.012 rows=0 loops=149350)
                           Index Cond: (c_customer_sk = catalog_sales.cs_bill_customer_sk)
                           Filter: (c_birth_month = 12)
                           Rows Removed by Filter: 1
                           Buffers: shared hit=502223 read=94353
               ->  Index Scan using customer_address_pkey on customer_address  (cost=0.42..7.36 rows=1 width=35) (actual time=0.014..0.014 rows=0 loops=10148)
                     Index Cond: (ca_address_sk = customer.c_current_addr_sk)
                     Filter: (ca_state = ANY ('{MD,OH,WV}'::bpchar[]))
                     Rows Removed by Filter: 1
                     Buffers: shared hit=26215 read=14377
         ->  Index Scan using customer_demographics_pkey on customer_demographics  (cost=0.43..7.36 rows=1 width=8) (actual time=0.016..0.016 rows=0 loops=526)
               Index Cond: (cd_demo_sk = catalog_sales.cs_bill_cdemo_sk)
               Filter: ((cd_gender = 'M'::bpchar) AND (cd_education_status = 'Primary'::bpchar))
               Rows Removed by Filter: 1
               Buffers: shared hit=2091 read=9
 Planning:
   Buffers: shared hit=454
 Planning Time: 4.376 ms
 Execution Time: 47570.816 ms
(53 rows)

