                                                                                  QUERY PLAN                                                                                   
-------------------------------------------------------------------------------------------------------------------------------------------------------------------------------
 Aggregate  (cost=6046733.34..6046733.35 rows=1 width=268) (actual time=49159.171..49159.176 rows=1 loops=1)
   Buffers: shared hit=1056748 read=3702311
   ->  Nested Loop  (cost=17326.55..6046733.15 rows=7 width=81) (actual time=6220.583..49158.510 rows=114 loops=1)
         Buffers: shared hit=1056748 read=3702311
         ->  Nested Loop  (cost=17326.12..6046357.93 rows=51 width=54) (actual time=6013.868..49116.011 rows=1947 loops=1)
               Buffers: shared hit=1051288 read=3699983
               ->  Nested Loop  (cost=17325.69..6041835.13 rows=615 width=50) (actual time=6007.883..48713.866 rows=23955 loops=1)
                     Buffers: shared hit=967875 read=3687612
                     ->  Nested Loop  (cost=17325.27..5978361.73 rows=8629 width=50) (actual time=6006.509..45313.883 rows=230359 loops=1)
                           Buffers: shared hit=56615 read=3678532
                           ->  Hash Join  (cost=17324.96..5919544.33 rows=1741321 width=54) (actual time=149.457..44905.527 rows=1296677 loops=1)
                                 Hash Cond: (catalog_sales.cs_item_sk = item.i_item_sk)
                                 Buffers: shared hit=50204 read=3678532
                                 ->  Seq Scan on catalog_sales  (cost=0.00..5874397.76 rows=10598487 width=41) (actual time=0.041..42713.361 rows=10312840 loops=1)
                                       Filter: ((cs_wholesale_cost >= '86'::numeric) AND (cs_wholesale_cost <= '91'::numeric))
                                       Rows Removed by Filter: 133679459
                                       Buffers: shared hit=50200 read=3664180
                                 ->  Hash  (cost=16906.00..16906.00 rows=33517 width=21) (actual time=149.097..149.099 rows=33627 loops=1)
                                       Buckets: 65536  Batches: 1  Memory Usage: 2351kB
                                       Buffers: shared hit=4 read=14352
                                       ->  Seq Scan on item  (cost=0.00..16906.00 rows=33517 width=21) (actual time=0.031..140.610 rows=33627 loops=1)
                                             Filter: (i_category = 'Shoes'::bpchar)
                                             Rows Removed by Filter: 170373
                                             Buffers: shared hit=4 read=14352
                           ->  Memoize  (cost=0.30..7.22 rows=1 width=4) (actual time=0.000..0.000 rows=0 loops=1296677)
                                 Cache Key: catalog_sales.cs_sold_date_sk
                                 Cache Mode: logical
                                 Hits: 1294539  Misses: 2138  Evictions: 0  Overflows: 0  Memory Usage: 155kB
                                 Buffers: shared hit=6411
                                 ->  Index Scan using date_dim_pkey on date_dim  (cost=0.29..7.21 rows=1 width=4) (actual time=0.016..0.016 rows=0 loops=2138)
                                       Index Cond: (d_date_sk = catalog_sales.cs_sold_date_sk)
                                       Filter: (d_year = 1999)
                                       Rows Removed by Filter: 1
                                       Buffers: shared hit=6411
                     ->  Index Scan using customer_demographics_pkey on customer_demographics  (cost=0.43..7.36 rows=1 width=8) (actual time=0.015..0.015 rows=0 loops=230359)
                           Index Cond: (cd_demo_sk = catalog_sales.cs_bill_cdemo_sk)
                           Filter: ((cd_gender = 'M'::bpchar) AND (cd_education_status = 'College'::bpchar))
                           Rows Removed by Filter: 1
                           Buffers: shared hit=911260 read=9080
               ->  Index Scan using customer_pkey on customer  (cost=0.43..7.35 rows=1 width=12) (actual time=0.017..0.017 rows=0 loops=23955)
                     Index Cond: (c_customer_sk = catalog_sales.cs_bill_customer_sk)
                     Filter: (c_birth_month = 11)
                     Rows Removed by Filter: 1
                     Buffers: shared hit=83413 read=12371
         ->  Index Scan using customer_address_pkey on customer_address  (cost=0.42..7.36 rows=1 width=35) (actual time=0.021..0.021 rows=0 loops=1947)
               Index Cond: (ca_address_sk = customer.c_current_addr_sk)
               Filter: (ca_state = ANY ('{CA,KY,TX}'::bpchar[]))
               Rows Removed by Filter: 1
               Buffers: shared hit=5460 read=2328
 Planning:
   Buffers: shared hit=407 read=47
 Planning Time: 2.819 ms
 Execution Time: 49159.597 ms
(53 rows)

