                                                                              QUERY PLAN                                                                               
-----------------------------------------------------------------------------------------------------------------------------------------------------------------------
 Aggregate  (cost=5970385.80..5970385.81 rows=1 width=268) (actual time=44938.363..44938.368 rows=1 loops=1)
   Buffers: shared hit=348710 read=3697609
   ->  Nested Loop  (cost=17180.68..5970385.78 rows=1 width=81) (actual time=26612.416..44938.279 rows=11 loops=1)
         Buffers: shared hit=348710 read=3697609
         ->  Nested Loop  (cost=17180.26..5970282.73 rows=14 width=54) (actual time=26025.797..44933.024 rows=287 loops=1)
               Buffers: shared hit=347992 read=3697179
               ->  Nested Loop  (cost=17179.83..5968767.42 rows=206 width=54) (actual time=26014.015..44884.061 rows=4266 loops=1)
                     Buffers: shared hit=331070 read=3697041
                     ->  Nested Loop  (cost=17179.40..5942520.03 rows=3569 width=50) (actual time=26010.838..44009.770 rows=73338 loops=1)
                           Buffers: shared hit=92615 read=3642532
                           ->  Hash Join  (cost=17179.10..5909229.97 rows=720219 width=54) (actual time=130.445..43810.719 rows=580447 loops=1)
                                 Hash Cond: (catalog_sales.cs_item_sk = item.i_item_sk)
                                 Buffers: shared hit=86204 read=3642532
                                 ->  Seq Scan on catalog_sales  (cost=0.00..5874397.76 rows=6724855 width=41) (actual time=0.052..42314.117 rows=6763882 loops=1)
                                       Filter: ((cs_wholesale_cost >= '70'::numeric) AND (cs_wholesale_cost <= '75'::numeric))
                                       Rows Removed by Filter: 137228417
                                       Buffers: shared hit=71851 read=3642529
                                 ->  Hash  (cost=16906.00..16906.00 rows=21848 width=21) (actual time=130.117..130.118 rows=21811 loops=1)
                                       Buckets: 32768  Batches: 1  Memory Usage: 1449kB
                                       Buffers: shared hit=14353 read=3
                                       ->  Seq Scan on item  (cost=0.00..16906.00 rows=21848 width=21) (actual time=0.031..125.516 rows=21811 loops=1)
                                             Filter: (i_category = 'Sports'::bpchar)
                                             Rows Removed by Filter: 182189
                                             Buffers: shared hit=14353 read=3
                           ->  Memoize  (cost=0.30..7.22 rows=1 width=4) (actual time=0.000..0.000 rows=0 loops=580447)
                                 Cache Key: catalog_sales.cs_sold_date_sk
                                 Cache Mode: logical
                                 Hits: 578309  Misses: 2138  Evictions: 0  Overflows: 0  Memory Usage: 155kB
                                 Buffers: shared hit=6411
                                 ->  Index Scan using date_dim_pkey on date_dim  (cost=0.29..7.21 rows=1 width=4) (actual time=0.012..0.012 rows=0 loops=2138)
                                       Index Cond: (d_date_sk = catalog_sales.cs_sold_date_sk)
                                       Filter: (d_year = 2002)
                                       Rows Removed by Filter: 1
                                       Buffers: shared hit=6411
                     ->  Index Scan using customer_pkey on customer  (cost=0.43..7.35 rows=1 width=12) (actual time=0.012..0.012 rows=0 loops=73338)
                           Index Cond: (c_customer_sk = catalog_sales.cs_bill_customer_sk)
                           Filter: (c_birth_month = 3)
                           Rows Removed by Filter: 1
                           Buffers: shared hit=238455 read=54509
               ->  Index Scan using customer_demographics_pkey on customer_demographics  (cost=0.43..7.36 rows=1 width=8) (actual time=0.011..0.011 rows=0 loops=4266)
                     Index Cond: (cd_demo_sk = catalog_sales.cs_bill_cdemo_sk)
                     Filter: ((cd_gender = 'F'::bpchar) AND (cd_education_status = '2 yr Degree'::bpchar))
                     Rows Removed by Filter: 1
                     Buffers: shared hit=16922 read=138
         ->  Index Scan using customer_address_pkey on customer_address  (cost=0.42..7.36 rows=1 width=35) (actual time=0.017..0.017 rows=0 loops=287)
               Index Cond: (ca_address_sk = customer.c_current_addr_sk)
               Filter: (ca_state = ANY ('{AL,IA,NE}'::bpchar[]))
               Rows Removed by Filter: 1
               Buffers: shared hit=718 read=430
 Planning:
   Buffers: shared hit=454
 Planning Time: 4.131 ms
 Execution Time: 44938.934 ms
(53 rows)

