                                                                                  QUERY PLAN                                                                                   
-------------------------------------------------------------------------------------------------------------------------------------------------------------------------------
 Aggregate  (cost=6043145.46..6043145.47 rows=1 width=268) (actual time=50759.436..50759.441 rows=1 loops=1)
   Buffers: shared hit=1230760 read=3684843
   ->  Nested Loop  (cost=17437.73..6043145.27 rows=7 width=81) (actual time=6621.777..50759.068 rows=58 loops=1)
         Buffers: shared hit=1230760 read=3684843
         ->  Nested Loop  (cost=17437.31..6042696.53 rows=61 width=54) (actual time=6149.691..50738.730 rows=871 loops=1)
               Buffers: shared hit=1228549 read=3683570
               ->  Nested Loop  (cost=17436.88..6038188.41 rows=613 width=50) (actual time=6147.190..50556.044 rows=9070 loops=1)
                     Buffers: shared hit=1198575 read=3677300
                     ->  Nested Loop  (cost=17436.45..5973692.32 rows=8768 width=50) (actual time=6145.105..46151.388 rows=285576 loops=1)
                           Buffers: shared hit=65579 read=3669568
                           ->  Hash Join  (cost=17436.15..5914174.36 rows=1769343 width=54) (actual time=128.763..45603.523 rows=1842720 loops=1)
                                 Hash Cond: (catalog_sales.cs_item_sk = item.i_item_sk)
                                 Buffers: shared hit=59168 read=3669568
                                 ->  Seq Scan on catalog_sales  (cost=0.00..5874397.76 rows=8510470 width=41) (actual time=0.046..43516.651 rows=8494738 loops=1)
                                       Filter: ((cs_wholesale_cost >= '67'::numeric) AND (cs_wholesale_cost <= '72'::numeric))
                                       Rows Removed by Filter: 135497561
                                       Buffers: shared hit=59164 read=3655216
                                 ->  Hash  (cost=16906.00..16906.00 rows=42412 width=21) (actual time=128.435..128.436 rows=42041 loops=1)
                                       Buckets: 65536  Batches: 1  Memory Usage: 2812kB
                                       Buffers: shared hit=4 read=14352
                                       ->  Seq Scan on item  (cost=0.00..16906.00 rows=42412 width=21) (actual time=0.018..119.186 rows=42041 loops=1)
                                             Filter: (i_category = 'Electronics'::bpchar)
                                             Rows Removed by Filter: 161959
                                             Buffers: shared hit=4 read=14352
                           ->  Memoize  (cost=0.30..7.22 rows=1 width=4) (actual time=0.000..0.000 rows=0 loops=1842720)
                                 Cache Key: catalog_sales.cs_sold_date_sk
                                 Cache Mode: logical
                                 Hits: 1840582  Misses: 2138  Evictions: 0  Overflows: 0  Memory Usage: 155kB
                                 Buffers: shared hit=6411
                                 ->  Index Scan using date_dim_pkey on date_dim  (cost=0.29..7.21 rows=1 width=4) (actual time=0.013..0.013 rows=0 loops=2138)
                                       Index Cond: (d_date_sk = catalog_sales.cs_sold_date_sk)
                                       Filter: (d_year = 1999)
                                       Rows Removed by Filter: 1
                                       Buffers: shared hit=6411
                     ->  Index Scan using customer_demographics_pkey on customer_demographics  (cost=0.43..7.36 rows=1 width=8) (actual time=0.015..0.015 rows=0 loops=285576)
                           Index Cond: (cd_demo_sk = catalog_sales.cs_bill_cdemo_sk)
                           Filter: ((cd_gender = 'F'::bpchar) AND (cd_education_status = 'Advanced Degree'::bpchar))
                           Rows Removed by Filter: 1
                           Buffers: shared hit=1132996 read=7732
               ->  Index Scan using customer_pkey on customer  (cost=0.43..7.35 rows=1 width=12) (actual time=0.020..0.020 rows=0 loops=9070)
                     Index Cond: (c_customer_sk = catalog_sales.cs_bill_customer_sk)
                     Filter: (c_birth_month = 1)
                     Rows Removed by Filter: 1
                     Buffers: shared hit=29974 read=6270
         ->  Index Scan using customer_address_pkey on customer_address  (cost=0.42..7.36 rows=1 width=35) (actual time=0.023..0.023 rows=0 loops=871)
               Index Cond: (ca_address_sk = customer.c_current_addr_sk)
               Filter: (ca_state = ANY ('{AR,GA,KY}'::bpchar[]))
               Rows Removed by Filter: 1
               Buffers: shared hit=2211 read=1273
 Planning:
   Buffers: shared hit=407 read=47
 Planning Time: 3.431 ms
 Execution Time: 50759.899 ms
(53 rows)

