                                                                              QUERY PLAN                                                                              
----------------------------------------------------------------------------------------------------------------------------------------------------------------------
 Aggregate  (cost=5921670.20..5921670.21 rows=1 width=268) (actual time=45820.254..45820.259 rows=1 loops=1)
   Buffers: shared hit=119482 read=3646918
   ->  Nested Loop  (cost=16954.16..5921670.18 rows=1 width=81) (actual time=27305.986..45820.221 rows=4 loops=1)
         Buffers: shared hit=119482 read=3646918
         ->  Nested Loop  (cost=16953.73..5921662.81 rows=1 width=54) (actual time=27305.953..45819.710 rows=23 loops=1)
               Buffers: shared hit=119425 read=3646883
               ->  Nested Loop  (cost=16953.31..5921530.41 rows=18 width=54) (actual time=27243.994..45814.166 rows=367 loops=1)
                     Buffers: shared hit=117973 read=3646867
                     ->  Nested Loop  (cost=16952.88..5918882.78 rows=360 width=50) (actual time=27230.506..45698.612 rows=7436 loops=1)
                           Buffers: shared hit=93958 read=3641186
                           ->  Hash Join  (cost=16952.58..5901783.43 rows=72592 width=54) (actual time=123.768..45643.593 rows=36194 loops=1)
                                 Hash Cond: (catalog_sales.cs_item_sk = item.i_item_sk)
                                 Buffers: shared hit=87550 read=3641186
                                 ->  Seq Scan on catalog_sales  (cost=0.00..5874397.76 rows=3974433 width=41) (actual time=0.095..44808.798 rows=3999274 loops=1)
                                       Filter: ((cs_wholesale_cost >= '38'::numeric) AND (cs_wholesale_cost <= '43'::numeric))
                                       Rows Removed by Filter: 139993025
                                       Buffers: shared hit=73194 read=3641186
                                 ->  Hash  (cost=16906.00..16906.00 rows=3726 width=21) (actual time=120.895..120.895 rows=3713 loops=1)
                                       Buckets: 4096  Batches: 1  Memory Usage: 236kB
                                       Buffers: shared hit=14356
                                       ->  Seq Scan on item  (cost=0.00..16906.00 rows=3726 width=21) (actual time=0.050..119.906 rows=3713 loops=1)
                                             Filter: (i_category = 'Music'::bpchar)
                                             Rows Removed by Filter: 200287
                                             Buffers: shared hit=14356
                           ->  Memoize  (cost=0.30..7.22 rows=1 width=4) (actual time=0.001..0.001 rows=0 loops=36194)
                                 Cache Key: catalog_sales.cs_sold_date_sk
                                 Cache Mode: logical
                                 Hits: 34057  Misses: 2137  Evictions: 0  Overflows: 0  Memory Usage: 155kB
                                 Buffers: shared hit=6408
                                 ->  Index Scan using date_dim_pkey on date_dim  (cost=0.29..7.21 rows=1 width=4) (actual time=0.012..0.012 rows=0 loops=2137)
                                       Index Cond: (d_date_sk = catalog_sales.cs_sold_date_sk)
                                       Filter: (d_year = 2002)
                                       Rows Removed by Filter: 1
                                       Buffers: shared hit=6408
                     ->  Index Scan using customer_pkey on customer  (cost=0.43..7.35 rows=1 width=12) (actual time=0.015..0.015 rows=0 loops=7436)
                           Index Cond: (c_customer_sk = catalog_sales.cs_bill_customer_sk)
                           Filter: (c_birth_month = 7)
                           Rows Removed by Filter: 1
                           Buffers: shared hit=24015 read=5681
               ->  Index Scan using customer_demographics_pkey on customer_demographics  (cost=0.43..7.36 rows=1 width=8) (actual time=0.014..0.014 rows=0 loops=367)
                     Index Cond: (cd_demo_sk = catalog_sales.cs_bill_cdemo_sk)
                     Filter: ((cd_gender = 'M'::bpchar) AND (cd_education_status = 'Advanced Degree'::bpchar))
                     Rows Removed by Filter: 1
                     Buffers: shared hit=1452 read=16
         ->  Index Scan using customer_address_pkey on customer_address  (cost=0.42..7.36 rows=1 width=35) (actual time=0.021..0.021 rows=0 loops=23)
               Index Cond: (ca_address_sk = customer.c_current_addr_sk)
               Filter: (ca_state = ANY ('{SD,TN,WI}'::bpchar[]))
               Rows Removed by Filter: 1
               Buffers: shared hit=57 read=35
 Planning:
   Buffers: shared hit=454
 Planning Time: 4.237 ms
 Execution Time: 45820.843 ms
(53 rows)

