                                                                                     QUERY PLAN                                                                                      
-------------------------------------------------------------------------------------------------------------------------------------------------------------------------------------
 Aggregate  (cost=5982577.34..5982577.35 rows=1 width=268) (actual time=52037.575..52037.580 rows=1 loops=1)
   Buffers: shared hit=1515869 read=3686493
   ->  Nested Loop  (cost=2393.34..5982577.28 rows=2 width=81) (actual time=394.737..52037.417 rows=23 loops=1)
         Buffers: shared hit=1515869 read=3686493
         ->  Nested Loop  (cost=2392.92..5982496.49 rows=11 width=68) (actual time=349.907..52035.096 rows=85 loops=1)
               Buffers: shared hit=1515616 read=3686406
               ->  Nested Loop  (cost=2392.49..5981952.05 rows=74 width=41) (actual time=26.764..51999.819 rows=1414 loops=1)
                     Buffers: shared hit=1512218 read=3684148
                     ->  Nested Loop  (cost=2392.07..5975457.70 rows=883 width=37) (actual time=24.825..51635.578 rows=17951 loops=1)
                           Buffers: shared hit=1453973 read=3670613
                           ->  Hash Join  (cost=2391.64..5883417.43 rows=12512 width=37) (actual time=23.635..45781.151 rows=352647 loops=1)
                                 Hash Cond: (catalog_sales.cs_sold_date_sk = date_dim.d_date_sk)
                                 Buffers: shared hit=53478 read=3662376
                                 ->  Seq Scan on catalog_sales  (cost=0.00..5874397.76 rows=2524821 width=41) (actual time=0.126..45373.379 rows=2625628 loops=1)
                                       Filter: ((cs_wholesale_cost >= '43'::numeric) AND (cs_wholesale_cost <= '48'::numeric))
                                       Rows Removed by Filter: 141366671
                                       Buffers: shared hit=53436 read=3660944
                                 ->  Hash  (cost=2387.11..2387.11 rows=362 width=4) (actual time=23.472..23.473 rows=365 loops=1)
                                       Buckets: 1024  Batches: 1  Memory Usage: 21kB
                                       Buffers: shared hit=42 read=1432
                                       ->  Seq Scan on date_dim  (cost=0.00..2387.11 rows=362 width=4) (actual time=13.615..23.413 rows=365 loops=1)
                                             Filter: (d_year = 1998)
                                             Rows Removed by Filter: 72684
                                             Buffers: shared hit=42 read=1432
                           ->  Index Scan using customer_demographics_pkey on customer_demographics  (cost=0.43..7.36 rows=1 width=8) (actual time=0.016..0.016 rows=0 loops=352647)
                                 Index Cond: (cd_demo_sk = catalog_sales.cs_bill_cdemo_sk)
                                 Filter: ((cd_gender = 'F'::bpchar) AND (cd_education_status = 'College'::bpchar))
                                 Rows Removed by Filter: 1
                                 Buffers: shared hit=1400495 read=8237
                     ->  Index Scan using customer_pkey on customer  (cost=0.43..7.35 rows=1 width=12) (actual time=0.020..0.020 rows=0 loops=17951)
                           Index Cond: (c_customer_sk = catalog_sales.cs_bill_customer_sk)
                           Filter: (c_birth_month = 11)
                           Rows Removed by Filter: 1
                           Buffers: shared hit=58245 read=13535
               ->  Index Scan using customer_address_pkey on customer_address  (cost=0.42..7.36 rows=1 width=35) (actual time=0.024..0.024 rows=0 loops=1414)
                     Index Cond: (ca_address_sk = customer.c_current_addr_sk)
                     Filter: (ca_state = ANY ('{IL,KS,TX}'::bpchar[]))
                     Rows Removed by Filter: 1
                     Buffers: shared hit=3398 read=2258
         ->  Index Scan using item_pkey on item  (cost=0.42..7.34 rows=1 width=21) (actual time=0.026..0.026 rows=0 loops=85)
               Index Cond: (i_item_sk = catalog_sales.cs_item_sk)
               Filter: (i_category = 'Electronics'::bpchar)
               Rows Removed by Filter: 1
               Buffers: shared hit=253 read=87
 Planning:
   Buffers: shared hit=454
 Planning Time: 4.422 ms
 Execution Time: 52038.079 ms
(48 rows)

