                                                                                     QUERY PLAN                                                                                      
-------------------------------------------------------------------------------------------------------------------------------------------------------------------------------------
 Aggregate  (cost=5982480.08..5982480.09 rows=1 width=268) (actual time=50975.575..50975.581 rows=1 loops=1)
   Buffers: shared hit=1497150 read=3651724
   ->  Nested Loop  (cost=2393.34..5982480.05 rows=1 width=81) (actual time=6787.280..50975.525 rows=7 loops=1)
         Buffers: shared hit=1497150 read=3651724
         ->  Nested Loop  (cost=2392.91..5982421.21 rows=8 width=54) (actual time=6076.165..50971.712 rows=138 loops=1)
               Buffers: shared hit=1496851 read=3651471
               ->  Nested Loop  (cost=2392.49..5981884.30 rows=73 width=50) (actual time=5930.901..50939.673 rows=1249 loops=1)
                     Buffers: shared hit=1492909 read=3650417
                     ->  Nested Loop  (cost=2392.07..5975457.70 rows=875 width=37) (actual time=5921.359..50723.040 rows=10966 loops=1)
                           Buffers: shared hit=1456400 read=3643062
                           ->  Hash Join  (cost=2391.64..5883417.43 rows=12512 width=37) (actual time=5921.083..44895.326 rows=346303 loops=1)
                                 Hash Cond: (catalog_sales.cs_sold_date_sk = date_dim.d_date_sk)
                                 Buffers: shared hit=79086 read=3636768
                                 ->  Seq Scan on catalog_sales  (cost=0.00..5874397.76 rows=2524821 width=41) (actual time=0.085..44502.398 rows=2625628 loops=1)
                                       Filter: ((cs_wholesale_cost >= '46'::numeric) AND (cs_wholesale_cost <= '51'::numeric))
                                       Rows Removed by Filter: 141366671
                                       Buffers: shared hit=77612 read=3636768
                                 ->  Hash  (cost=2387.11..2387.11 rows=362 width=4) (actual time=15.486..15.488 rows=365 loops=1)
                                       Buckets: 1024  Batches: 1  Memory Usage: 21kB
                                       Buffers: shared hit=1474
                                       ->  Seq Scan on date_dim  (cost=0.00..2387.11 rows=362 width=4) (actual time=7.711..15.440 rows=365 loops=1)
                                             Filter: (d_year = 1999)
                                             Rows Removed by Filter: 72684
                                             Buffers: shared hit=1474
                           ->  Index Scan using customer_demographics_pkey on customer_demographics  (cost=0.43..7.36 rows=1 width=8) (actual time=0.017..0.017 rows=0 loops=346303)
                                 Index Cond: (cd_demo_sk = catalog_sales.cs_bill_cdemo_sk)
                                 Filter: ((cd_gender = 'F'::bpchar) AND (cd_education_status = 'Advanced Degree'::bpchar))
                                 Rows Removed by Filter: 1
                                 Buffers: shared hit=1377314 read=6294
                     ->  Index Scan using item_pkey on item  (cost=0.42..7.34 rows=1 width=21) (actual time=0.019..0.019 rows=0 loops=10966)
                           Index Cond: (i_item_sk = catalog_sales.cs_item_sk)
                           Filter: (i_category = 'Home'::bpchar)
                           Rows Removed by Filter: 1
                           Buffers: shared hit=36509 read=7355
               ->  Index Scan using customer_pkey on customer  (cost=0.43..7.35 rows=1 width=12) (actual time=0.025..0.025 rows=0 loops=1249)
                     Index Cond: (c_customer_sk = catalog_sales.cs_bill_customer_sk)
                     Filter: (c_birth_month = 8)
                     Rows Removed by Filter: 1
                     Buffers: shared hit=3942 read=1054
         ->  Index Scan using customer_address_pkey on customer_address  (cost=0.42..7.36 rows=1 width=35) (actual time=0.026..0.026 rows=0 loops=138)
               Index Cond: (ca_address_sk = customer.c_current_addr_sk)
               Filter: (ca_state = ANY ('{AL,KY,NM}'::bpchar[]))
               Rows Removed by Filter: 1
               Buffers: shared hit=299 read=253
 Planning:
   Buffers: shared hit=454
 Planning Time: 2.962 ms
 Execution Time: 50975.913 ms
(48 rows)

