                                                                        QUERY PLAN                                                                        
----------------------------------------------------------------------------------------------------------------------------------------------------------
 Aggregate  (cost=5983816.49..5983816.50 rows=1 width=268) (actual time=44743.720..44743.723 rows=1 loops=1)
   Buffers: shared hit=94153 read=3620227
   ->  Nested Loop  (cost=0.43..5983816.46 rows=1 width=81) (actual time=44743.714..44743.716 rows=0 loops=1)
         Join Filter: (catalog_sales.cs_item_sk = item.i_item_sk)
         Buffers: shared hit=94153 read=3620227
         ->  Nested Loop  (cost=0.43..5966863.88 rows=1 width=68) (actual time=44743.713..44743.715 rows=0 loops=1)
               Join Filter: (date_dim.d_date_sk = catalog_sales.cs_sold_date_sk)
               Buffers: shared hit=94153 read=3620227
               ->  Nested Loop  (cost=0.43..5964472.25 rows=1 width=72) (actual time=44743.713..44743.714 rows=0 loops=1)
                     Join Filter: (customer_address.ca_address_sk = customer.c_current_addr_sk)
                     Buffers: shared hit=94153 read=3620227
                     ->  Nested Loop  (cost=0.43..5927336.75 rows=1 width=45) (actual time=44743.712..44743.714 rows=0 loops=1)
                           Buffers: shared hit=94153 read=3620227
                           ->  Nested Loop  (cost=0.00..5927328.30 rows=1 width=41) (actual time=44743.712..44743.713 rows=0 loops=1)
                                 Join Filter: (customer_demographics.cd_demo_sk = catalog_sales.cs_bill_cdemo_sk)
                                 Buffers: shared hit=94153 read=3620227
                                 ->  Seq Scan on catalog_sales  (cost=0.00..5874397.76 rows=1 width=41) (actual time=44743.711..44743.711 rows=0 loops=1)
                                       Filter: ((cs_wholesale_cost >= '22'::numeric) AND (cs_wholesale_cost <= '27'::numeric))
                                       Rows Removed by Filter: 143992299
                                       Buffers: shared hit=94153 read=3620227
                                 ->  Seq Scan on customer_demographics  (cost=0.00..51225.00 rows=136443 width=8) (never executed)
                                       Filter: ((cd_gender = 'M'::bpchar) AND (cd_education_status = '2 yr Degree'::bpchar))
                           ->  Index Scan using customer_pkey on customer  (cost=0.43..8.45 rows=1 width=12) (never executed)
                                 Index Cond: (c_customer_sk = catalog_sales.cs_bill_customer_sk)
                                 Filter: (c_birth_month = 11)
                     ->  Seq Scan on customer_address  (cost=0.00..36288.00 rows=67800 width=35) (never executed)
                           Filter: (ca_state = ANY ('{IL,MT,SD}'::bpchar[]))
               ->  Seq Scan on date_dim  (cost=0.00..2387.11 rows=362 width=4) (never executed)
                     Filter: (d_year = 1998)
         ->  Seq Scan on item  (cost=0.00..16906.00 rows=3726 width=21) (never executed)
               Filter: (i_category = 'Music'::bpchar)
 Planning:
   Buffers: shared hit=454
 Planning Time: 4.186 ms
 Execution Time: 44744.190 ms
(35 rows)

