                                                                                  QUERY PLAN                                                                                  
------------------------------------------------------------------------------------------------------------------------------------------------------------------------------
 Aggregate  (cost=5940873.73..5940873.74 rows=1 width=268) (actual time=43184.756..43184.762 rows=1 loops=1)
   Buffers: shared hit=240823 read=3647256
   ->  Nested Loop  (cost=17180.68..5940873.70 rows=1 width=81) (actual time=10228.895..43184.739 rows=2 loops=1)
         Buffers: shared hit=240823 read=3647256
         ->  Nested Loop  (cost=17180.26..5940778.07 rows=13 width=54) (actual time=5822.769..43183.422 rows=63 loops=1)
               Buffers: shared hit=240690 read=3647137
               ->  Nested Loop  (cost=17179.83..5939785.20 rows=135 width=50) (actual time=5787.391..43171.359 rows=770 loops=1)
                     Buffers: shared hit=238330 read=3646417
                     ->  Nested Loop  (cost=17179.40..5925823.46 rows=1898 width=50) (actual time=5783.239..42778.271 rows=37453 loops=1)
                           Buffers: shared hit=89444 read=3645703
                           ->  Hash Join  (cost=17179.10..5900964.14 rows=382986 width=54) (actual time=129.726..42653.278 rows=308881 loops=1)
                                 Hash Cond: (catalog_sales.cs_item_sk = item.i_item_sk)
                                 Buffers: shared hit=83033 read=3645703
                                 ->  Seq Scan on catalog_sales  (cost=0.00..5874397.76 rows=3576029 width=41) (actual time=0.072..41739.523 rows=3595775 loops=1)
                                       Filter: ((cs_wholesale_cost >= '77'::numeric) AND (cs_wholesale_cost <= '82'::numeric))
                                       Rows Removed by Filter: 140396524
                                       Buffers: shared hit=82857 read=3631523
                                 ->  Hash  (cost=16906.00..16906.00 rows=21848 width=21) (actual time=129.241..129.242 rows=21811 loops=1)
                                       Buckets: 32768  Batches: 1  Memory Usage: 1449kB
                                       Buffers: shared hit=176 read=14180
                                       ->  Seq Scan on item  (cost=0.00..16906.00 rows=21848 width=21) (actual time=0.150..123.912 rows=21811 loops=1)
                                             Filter: (i_category = 'Sports'::bpchar)
                                             Rows Removed by Filter: 182189
                                             Buffers: shared hit=176 read=14180
                           ->  Memoize  (cost=0.30..7.22 rows=1 width=4) (actual time=0.000..0.000 rows=0 loops=308881)
                                 Cache Key: catalog_sales.cs_sold_date_sk
                                 Cache Mode: logical
                                 Hits: 306743  Misses: 2138  Evictions: 0  Overflows: 0  Memory Usage: 155kB
                                 Buffers: shared hit=6411
                                 ->  Index Scan using date_dim_pkey on date_dim  (cost=0.29..7.21 rows=1 width=4) (actual time=0.012..0.012 rows=0 loops=2138)
                                       Index Cond: (d_date_sk = catalog_sales.cs_sold_date_sk)
                                       Filter: (d_year = 1999)
                                       Rows Removed by Filter: 1
                                       Buffers: shared hit=6411
                     ->  Index Scan using customer_demographics_pkey on customer_demographics  (cost=0.43..7.36 rows=1 width=8) (actual time=0.010..0.010 rows=0 loops=37453)
                           Index Cond: (cd_demo_sk = catalog_sales.cs_bill_cdemo_sk)
                           Filter: ((cd_gender = 'M'::bpchar) AND (cd_education_status = 'Secondary'::bpchar))
                           Rows Removed by Filter: 1
                           Buffers: shared hit=148886 read=714
               ->  Index Scan using customer_pkey on customer  (cost=0.43..7.35 rows=1 width=12) (actual time=0.015..0.015 rows=0 loops=770)
                     Index Cond: (c_customer_sk = catalog_sales.cs_bill_customer_sk)
                     Filter: (c_birth_month = 1)
                     Rows Removed by Filter: 1
                     Buffers: shared hit=2360 read=720
         ->  Index Scan using customer_address_pkey on customer_address  (cost=0.42..7.36 rows=1 width=35) (actual time=0.020..0.020 rows=0 loops=63)
               Index Cond: (ca_address_sk = customer.c_current_addr_sk)
               Filter: (ca_state = ANY ('{MO,ND,OR}'::bpchar[]))
               Rows Removed by Filter: 1
               Buffers: shared hit=133 read=119
 Planning:
   Buffers: shared hit=454
 Planning Time: 4.337 ms
 Execution Time: 43185.231 ms
(53 rows)

