                                                                              QUERY PLAN                                                                               
-----------------------------------------------------------------------------------------------------------------------------------------------------------------------
 Aggregate  (cost=5923701.48..5923701.49 rows=1 width=268) (actual time=45929.442..45929.447 rows=1 loops=1)
   Buffers: shared hit=199213 read=3682682
   ->  Nested Loop  (cost=17045.03..5923701.45 rows=1 width=81) (actual time=21288.886..45929.352 rows=12 loops=1)
         Buffers: shared hit=199213 read=3682682
         ->  Nested Loop  (cost=17044.61..5923686.72 rows=2 width=54) (actual time=19607.314..45924.446 rows=245 loops=1)
               Buffers: shared hit=198720 read=3682195
               ->  Nested Loop  (cost=17044.18..5923510.17 rows=24 width=54) (actual time=19594.378..45906.777 rows=1157 loops=1)
                     Buffers: shared hit=194783 read=3681508
                     ->  Nested Loop  (cost=17043.75..5917957.32 rows=755 width=50) (actual time=19586.808..45485.273 rows=35334 loops=1)
                           Buffers: shared hit=65448 read=3669699
                           ->  Hash Join  (cost=17043.45..5898862.83 rows=152393 width=54) (actual time=138.840..45393.725 rows=174000 loops=1)
                                 Hash Cond: (catalog_sales.cs_item_sk = item.i_item_sk)
                                 Buffers: shared hit=59087 read=3669649
                                 ->  Seq Scan on catalog_sales  (cost=0.00..5874397.76 rows=2827223 width=41) (actual time=0.110..44633.997 rows=2916247 loops=1)
                                       Filter: ((cs_wholesale_cost >= '0'::numeric) AND (cs_wholesale_cost <= '5'::numeric))
                                       Rows Removed by Filter: 141076052
                                       Buffers: shared hit=59073 read=3655307
                                 ->  Hash  (cost=16906.00..16906.00 rows=10996 width=21) (actual time=138.563..138.564 rows=11037 loops=1)
                                       Buckets: 16384  Batches: 1  Memory Usage: 732kB
                                       Buffers: shared hit=14 read=14342
                                       ->  Seq Scan on item  (cost=0.00..16906.00 rows=10996 width=21) (actual time=0.070..135.267 rows=11037 loops=1)
                                             Filter: (i_category = 'Women'::bpchar)
                                             Rows Removed by Filter: 192963
                                             Buffers: shared hit=14 read=14342
                           ->  Memoize  (cost=0.30..7.22 rows=1 width=4) (actual time=0.000..0.000 rows=0 loops=174000)
                                 Cache Key: catalog_sales.cs_sold_date_sk
                                 Cache Mode: logical
                                 Hits: 171862  Misses: 2138  Evictions: 0  Overflows: 0  Memory Usage: 155kB
                                 Buffers: shared hit=6361 read=50
                                 ->  Index Scan using date_dim_pkey on date_dim  (cost=0.29..7.21 rows=1 width=4) (actual time=0.012..0.012 rows=0 loops=2138)
                                       Index Cond: (d_date_sk = catalog_sales.cs_sold_date_sk)
                                       Filter: (d_year = 2001)
                                       Rows Removed by Filter: 1
                                       Buffers: shared hit=6361 read=50
                     ->  Index Scan using customer_pkey on customer  (cost=0.43..7.35 rows=1 width=12) (actual time=0.012..0.012 rows=0 loops=35334)
                           Index Cond: (c_customer_sk = catalog_sales.cs_bill_customer_sk)
                           Filter: (c_birth_month = 6)
                           Rows Removed by Filter: 1
                           Buffers: shared hit=129335 read=11809
               ->  Index Scan using customer_demographics_pkey on customer_demographics  (cost=0.43..7.36 rows=1 width=8) (actual time=0.015..0.015 rows=0 loops=1157)
                     Index Cond: (cd_demo_sk = catalog_sales.cs_bill_cdemo_sk)
                     Filter: ((cd_gender = 'M'::bpchar) AND (cd_education_status = '2 yr Degree'::bpchar))
                     Rows Removed by Filter: 1
                     Buffers: shared hit=3937 read=687
         ->  Index Scan using customer_address_pkey on customer_address  (cost=0.42..7.37 rows=1 width=35) (actual time=0.019..0.019 rows=0 loops=245)
               Index Cond: (ca_address_sk = customer.c_current_addr_sk)
               Filter: (ca_state = ANY ('{IL,MI,MO}'::bpchar[]))
               Rows Removed by Filter: 1
               Buffers: shared hit=493 read=487
 Planning:
   Buffers: shared hit=409 read=45
 Planning Time: 5.671 ms
 Execution Time: 45930.003 ms
(53 rows)

