                                                                              QUERY PLAN                                                                               
-----------------------------------------------------------------------------------------------------------------------------------------------------------------------
 Aggregate  (cost=5979936.23..5979936.24 rows=1 width=268) (actual time=45689.490..45689.496 rows=1 loops=1)
   Buffers: shared hit=427626 read=3715549
   ->  Nested Loop  (cost=17242.40..5979936.21 rows=1 width=81) (actual time=8097.288..45689.456 rows=4 loops=1)
         Buffers: shared hit=427626 read=3715549
         ->  Nested Loop  (cost=17241.97..5979862.53 rows=10 width=54) (actual time=6110.289..45686.847 rows=133 loops=1)
               Buffers: shared hit=427358 read=3715285
               ->  Nested Loop  (cost=17241.54..5978832.71 rows=140 width=54) (actual time=6066.039..45641.235 rows=3232 loops=1)
                     Buffers: shared hit=418105 read=3711618
                     ->  Nested Loop  (cost=17241.12..5946650.42 rows=4376 width=50) (actual time=6062.264..44610.489 rows=98785 loops=1)
                           Buffers: shared hit=58603 read=3676544
                           ->  Hash Join  (cost=17240.81..5909291.68 rows=882967 width=54) (actual time=105.265..44391.124 rows=641907 loops=1)
                                 Hash Cond: (catalog_sales.cs_item_sk = item.i_item_sk)
                                 Buffers: shared hit=52192 read=3676544
                                 ->  Seq Scan on catalog_sales  (cost=0.00..5874397.76 rows=6724855 width=41) (actual time=0.044..42831.799 rows=6763882 loops=1)
                                       Filter: ((cs_wholesale_cost >= '70'::numeric) AND (cs_wholesale_cost <= '75'::numeric))
                                       Rows Removed by Filter: 137228417
                                       Buffers: shared hit=37836 read=3676544
                                 ->  Hash  (cost=16906.00..16906.00 rows=26785 width=21) (actual time=104.994..104.995 rows=26695 loops=1)
                                       Buckets: 32768  Batches: 1  Memory Usage: 1716kB
                                       Buffers: shared hit=14356
                                       ->  Seq Scan on item  (cost=0.00..16906.00 rows=26785 width=21) (actual time=0.009..100.096 rows=26695 loops=1)
                                             Filter: (i_category = 'Children'::bpchar)
                                             Rows Removed by Filter: 177305
                                             Buffers: shared hit=14356
                           ->  Memoize  (cost=0.30..7.22 rows=1 width=4) (actual time=0.000..0.000 rows=0 loops=641907)
                                 Cache Key: catalog_sales.cs_sold_date_sk
                                 Cache Mode: logical
                                 Hits: 639769  Misses: 2138  Evictions: 0  Overflows: 0  Memory Usage: 155kB
                                 Buffers: shared hit=6411
                                 ->  Index Scan using date_dim_pkey on date_dim  (cost=0.29..7.21 rows=1 width=4) (actual time=0.012..0.012 rows=0 loops=2138)
                                       Index Cond: (d_date_sk = catalog_sales.cs_sold_date_sk)
                                       Filter: (d_year = 1999)
                                       Rows Removed by Filter: 1
                                       Buffers: shared hit=6411
                     ->  Index Scan using customer_pkey on customer  (cost=0.43..7.35 rows=1 width=12) (actual time=0.010..0.010 rows=0 loops=98785)
                           Index Cond: (c_customer_sk = catalog_sales.cs_bill_customer_sk)
                           Filter: (c_birth_month = 6)
                           Rows Removed by Filter: 1
                           Buffers: shared hit=359502 read=35074
               ->  Index Scan using customer_demographics_pkey on customer_demographics  (cost=0.43..7.36 rows=1 width=8) (actual time=0.014..0.014 rows=0 loops=3232)
                     Index Cond: (cd_demo_sk = catalog_sales.cs_bill_cdemo_sk)
                     Filter: ((cd_gender = 'F'::bpchar) AND (cd_education_status = 'College'::bpchar))
                     Rows Removed by Filter: 1
                     Buffers: shared hit=9253 read=3667
         ->  Index Scan using customer_address_pkey on customer_address  (cost=0.42..7.37 rows=1 width=35) (actual time=0.018..0.018 rows=0 loops=133)
               Index Cond: (ca_address_sk = customer.c_current_addr_sk)
               Filter: (ca_state = ANY ('{CO,GA,WI}'::bpchar[]))
               Rows Removed by Filter: 1
               Buffers: shared hit=268 read=264
 Planning:
   Buffers: shared hit=454
 Planning Time: 2.883 ms
 Execution Time: 45689.952 ms
(53 rows)

