                                                                                 QUERY PLAN                                                                                  
-----------------------------------------------------------------------------------------------------------------------------------------------------------------------------
 Aggregate  (cost=5921751.60..5921751.61 rows=1 width=268) (actual time=46366.862..46366.868 rows=1 loops=1)
   Buffers: shared hit=92234 read=3673302
   ->  Nested Loop  (cost=16954.16..5921751.57 rows=1 width=81) (actual time=46366.856..46366.861 rows=0 loops=1)
         Buffers: shared hit=92234 read=3673302
         ->  Nested Loop  (cost=16953.73..5921722.16 rows=4 width=54) (actual time=27742.565..46366.338 rows=22 loops=1)
               Buffers: shared hit=92189 read=3673259
               ->  Nested Loop  (cost=16953.31..5921530.94 rows=26 width=50) (actual time=27490.726..46363.834 rows=151 loops=1)
                     Buffers: shared hit=91614 read=3673230
                     ->  Nested Loop  (cost=16952.88..5918882.78 rows=360 width=50) (actual time=27412.712..46242.815 rows=7436 loops=1)
                           Buffers: shared hit=71337 read=3663807
                           ->  Hash Join  (cost=16952.58..5901783.43 rows=72592 width=54) (actual time=143.710..46185.571 rows=36194 loops=1)
                                 Hash Cond: (catalog_sales.cs_item_sk = item.i_item_sk)
                                 Buffers: shared hit=64929 read=3663807
                                 ->  Seq Scan on catalog_sales  (cost=0.00..5874397.76 rows=3974433 width=41) (actual time=0.157..45325.949 rows=3999274 loops=1)
                                       Filter: ((cs_wholesale_cost >= '42'::numeric) AND (cs_wholesale_cost <= '47'::numeric))
                                       Rows Removed by Filter: 139993025
                                       Buffers: shared hit=64929 read=3649451
                                 ->  Hash  (cost=16906.00..16906.00 rows=3726 width=21) (actual time=141.441..141.442 rows=3713 loops=1)
                                       Buckets: 4096  Batches: 1  Memory Usage: 236kB
                                       Buffers: shared read=14356
                                       ->  Seq Scan on item  (cost=0.00..16906.00 rows=3726 width=21) (actual time=0.091..140.224 rows=3713 loops=1)
                                             Filter: (i_category = 'Music'::bpchar)
                                             Rows Removed by Filter: 200287
                                             Buffers: shared read=14356
                           ->  Memoize  (cost=0.30..7.22 rows=1 width=4) (actual time=0.001..0.001 rows=0 loops=36194)
                                 Cache Key: catalog_sales.cs_sold_date_sk
                                 Cache Mode: logical
                                 Hits: 34057  Misses: 2137  Evictions: 0  Overflows: 0  Memory Usage: 155kB
                                 Buffers: shared hit=6408
                                 ->  Index Scan using date_dim_pkey on date_dim  (cost=0.29..7.21 rows=1 width=4) (actual time=0.013..0.013 rows=0 loops=2137)
                                       Index Cond: (d_date_sk = catalog_sales.cs_sold_date_sk)
                                       Filter: (d_year = 2002)
                                       Rows Removed by Filter: 1
                                       Buffers: shared hit=6408
                     ->  Index Scan using customer_demographics_pkey on customer_demographics  (cost=0.43..7.36 rows=1 width=8) (actual time=0.016..0.016 rows=0 loops=7436)
                           Index Cond: (cd_demo_sk = catalog_sales.cs_bill_cdemo_sk)
                           Filter: ((cd_gender = 'M'::bpchar) AND (cd_education_status = 'Secondary'::bpchar))
                           Rows Removed by Filter: 1
                           Buffers: shared hit=20277 read=9423
               ->  Index Scan using customer_pkey on customer  (cost=0.43..7.35 rows=1 width=12) (actual time=0.015..0.015 rows=0 loops=151)
                     Index Cond: (c_customer_sk = catalog_sales.cs_bill_customer_sk)
                     Filter: (c_birth_month = 10)
                     Rows Removed by Filter: 1
                     Buffers: shared hit=575 read=29
         ->  Index Scan using customer_address_pkey on customer_address  (cost=0.42..7.35 rows=1 width=35) (actual time=0.022..0.022 rows=0 loops=22)
               Index Cond: (ca_address_sk = customer.c_current_addr_sk)
               Filter: (ca_state = ANY ('{GA,KS,PA}'::bpchar[]))
               Rows Removed by Filter: 1
               Buffers: shared hit=45 read=43
 Planning:
   Buffers: shared hit=404 read=50
 Planning Time: 7.130 ms
 Execution Time: 46367.651 ms
(53 rows)

