                                                                                  QUERY PLAN                                                                                  
------------------------------------------------------------------------------------------------------------------------------------------------------------------------------
 Aggregate  (cost=5958377.73..5958377.74 rows=1 width=268) (actual time=47975.495..47975.500 rows=1 loops=1)
   Buffers: shared hit=217488 read=3686999
   ->  Nested Loop  (cost=17019.78..5958377.70 rows=1 width=81) (actual time=29442.270..47975.447 rows=6 loops=1)
         Buffers: shared hit=217488 read=3686999
         ->  Nested Loop  (cost=17019.36..5958274.71 rows=14 width=54) (actual time=28748.321..47973.697 rows=88 loops=1)
               Buffers: shared hit=217310 read=3686825
               ->  Nested Loop  (cost=17018.93..5957193.65 rows=147 width=50) (actual time=28439.673..47962.165 rows=840 loops=1)
                     Buffers: shared hit=214272 read=3686503
                     ->  Nested Loop  (cost=17018.50..5941996.49 rows=2066 width=50) (actual time=28438.566..47405.297 rows=41459 loops=1)
                           Buffers: shared hit=89864 read=3645283
                           ->  Hash Join  (cost=17018.20..5916289.08 rows=416912 width=54) (actual time=112.834..47305.756 rows=202139 loops=1)
                                 Hash Cond: (catalog_sales.cs_item_sk = item.i_item_sk)
                                 Buffers: shared hit=83453 read=3645283
                                 ->  Seq Scan on catalog_sales  (cost=0.00..5874397.76 rows=9475278 width=41) (actual time=0.054..45771.490 rows=9280537 loops=1)
                                       Filter: ((cs_wholesale_cost >= '6'::numeric) AND (cs_wholesale_cost <= '11'::numeric))
                                       Rows Removed by Filter: 134711762
                                       Buffers: shared hit=69097 read=3645283
                                 ->  Hash  (cost=16906.00..16906.00 rows=8976 width=21) (actual time=112.125..112.126 rows=8826 loops=1)
                                       Buckets: 16384  Batches: 1  Memory Usage: 611kB
                                       Buffers: shared hit=14356
                                       ->  Seq Scan on item  (cost=0.00..16906.00 rows=8976 width=21) (actual time=0.022..110.152 rows=8826 loops=1)
                                             Filter: (i_category = 'Jewelry'::bpchar)
                                             Rows Removed by Filter: 195174
                                             Buffers: shared hit=14356
                           ->  Memoize  (cost=0.30..7.22 rows=1 width=4) (actual time=0.000..0.000 rows=0 loops=202139)
                                 Cache Key: catalog_sales.cs_sold_date_sk
                                 Cache Mode: logical
                                 Hits: 200001  Misses: 2138  Evictions: 0  Overflows: 0  Memory Usage: 155kB
                                 Buffers: shared hit=6411
                                 ->  Index Scan using date_dim_pkey on date_dim  (cost=0.29..7.21 rows=1 width=4) (actual time=0.012..0.012 rows=0 loops=2138)
                                       Index Cond: (d_date_sk = catalog_sales.cs_sold_date_sk)
                                       Filter: (d_year = 2002)
                                       Rows Removed by Filter: 1
                                       Buffers: shared hit=6411
                     ->  Index Scan using customer_demographics_pkey on customer_demographics  (cost=0.43..7.36 rows=1 width=8) (actual time=0.013..0.013 rows=0 loops=41459)
                           Index Cond: (cd_demo_sk = catalog_sales.cs_bill_cdemo_sk)
                           Filter: ((cd_gender = 'F'::bpchar) AND (cd_education_status = 'Primary'::bpchar))
                           Rows Removed by Filter: 1
                           Buffers: shared hit=124408 read=41220
               ->  Index Scan using customer_pkey on customer  (cost=0.43..7.35 rows=1 width=12) (actual time=0.013..0.013 rows=0 loops=840)
                     Index Cond: (c_customer_sk = catalog_sales.cs_bill_customer_sk)
                     Filter: (c_birth_month = 2)
                     Rows Removed by Filter: 1
                     Buffers: shared hit=3038 read=322
         ->  Index Scan using customer_address_pkey on customer_address  (cost=0.42..7.36 rows=1 width=35) (actual time=0.019..0.019 rows=0 loops=88)
               Index Cond: (ca_address_sk = customer.c_current_addr_sk)
               Filter: (ca_state = ANY ('{NC,NV,TN}'::bpchar[]))
               Rows Removed by Filter: 1
               Buffers: shared hit=178 read=174
 Planning:
   Buffers: shared hit=454
 Planning Time: 4.338 ms
 Execution Time: 47976.135 ms
(53 rows)

