                                                                                  QUERY PLAN                                                                                   
-------------------------------------------------------------------------------------------------------------------------------------------------------------------------------
 Aggregate  (cost=5952607.97..5952607.98 rows=1 width=268) (actual time=43242.572..43242.577 rows=1 loops=1)
   Buffers: shared hit=430343 read=3735232
   ->  Nested Loop  (cost=17180.68..5952607.94 rows=1 width=81) (actual time=12197.656..43242.501 rows=11 loops=1)
         Buffers: shared hit=430343 read=3735232
         ->  Nested Loop  (cost=17180.26..5952475.53 rows=18 width=54) (actual time=11465.723..43238.344 rows=213 loops=1)
               Buffers: shared hit=429906 read=3734817
               ->  Nested Loop  (cost=17179.83..5951144.38 rows=181 width=50) (actual time=11457.830..43203.550 rows=2195 loops=1)
                     Buffers: shared hit=422271 read=3733672
                     ->  Nested Loop  (cost=17179.40..5932364.64 rows=2553 width=50) (actual time=11453.320..42112.018 rows=105335 loops=1)
                           Buffers: shared hit=52152 read=3682995
                           ->  Hash Join  (cost=17179.10..5904202.43 rows=515103 width=54) (actual time=125.690..41954.093 rows=423758 loops=1)
                                 Hash Cond: (catalog_sales.cs_item_sk = item.i_item_sk)
                                 Buffers: shared hit=45741 read=3682995
                                 ->  Seq Scan on catalog_sales  (cost=0.00..5874397.76 rows=4809639 width=41) (actual time=0.069..40777.972 rows=4933013 loops=1)
                                       Filter: ((cs_wholesale_cost >= '90'::numeric) AND (cs_wholesale_cost <= '95'::numeric))
                                       Rows Removed by Filter: 139059286
                                       Buffers: shared hit=39193 read=3675187
                                 ->  Hash  (cost=16906.00..16906.00 rows=21848 width=21) (actual time=125.338..125.339 rows=21811 loops=1)
                                       Buckets: 32768  Batches: 1  Memory Usage: 1449kB
                                       Buffers: shared hit=6548 read=7808
                                       ->  Seq Scan on item  (cost=0.00..16906.00 rows=21848 width=21) (actual time=0.057..120.267 rows=21811 loops=1)
                                             Filter: (i_category = 'Sports'::bpchar)
                                             Rows Removed by Filter: 182189
                                             Buffers: shared hit=6548 read=7808
                           ->  Memoize  (cost=0.30..7.22 rows=1 width=4) (actual time=0.000..0.000 rows=0 loops=423758)
                                 Cache Key: catalog_sales.cs_sold_date_sk
                                 Cache Mode: logical
                                 Hits: 421620  Misses: 2138  Evictions: 0  Overflows: 0  Memory Usage: 155kB
                                 Buffers: shared hit=6411
                                 ->  Index Scan using date_dim_pkey on date_dim  (cost=0.29..7.21 rows=1 width=4) (actual time=0.012..0.012 rows=0 loops=2138)
                                       Index Cond: (d_date_sk = catalog_sales.cs_sold_date_sk)
                                       Filter: (d_year = 2000)
                                       Rows Removed by Filter: 1
                                       Buffers: shared hit=6411
                     ->  Index Scan using customer_demographics_pkey on customer_demographics  (cost=0.43..7.36 rows=1 width=8) (actual time=0.010..0.010 rows=0 loops=105335)
                           Index Cond: (cd_demo_sk = catalog_sales.cs_bill_cdemo_sk)
                           Filter: ((cd_gender = 'F'::bpchar) AND (cd_education_status = 'Primary'::bpchar))
                           Rows Removed by Filter: 1
                           Buffers: shared hit=370119 read=50677
               ->  Index Scan using customer_pkey on customer  (cost=0.43..7.35 rows=1 width=12) (actual time=0.015..0.015 rows=0 loops=2195)
                     Index Cond: (c_customer_sk = catalog_sales.cs_bill_customer_sk)
                     Filter: (c_birth_month = 2)
                     Rows Removed by Filter: 1
                     Buffers: shared hit=7635 read=1145
         ->  Index Scan using customer_address_pkey on customer_address  (cost=0.42..7.36 rows=1 width=35) (actual time=0.018..0.018 rows=0 loops=213)
               Index Cond: (ca_address_sk = customer.c_current_addr_sk)
               Filter: (ca_state = ANY ('{NC,ND,NE}'::bpchar[]))
               Rows Removed by Filter: 1
               Buffers: shared hit=437 read=415
 Planning:
   Buffers: shared hit=403 read=51
 Planning Time: 4.954 ms
 Execution Time: 43243.214 ms
(53 rows)

