                                                                                  QUERY PLAN                                                                                  
------------------------------------------------------------------------------------------------------------------------------------------------------------------------------
 Aggregate  (cost=5960260.09..5960260.10 rows=1 width=268) (actual time=48444.610..48444.615 rows=1 loops=1)
   Buffers: shared hit=190010 read=3627729
   ->  Nested Loop  (cost=16954.16..5960260.06 rows=1 width=81) (actual time=16907.844..48444.571 rows=5 loops=1)
         Buffers: shared hit=190010 read=3627729
         ->  Nested Loop  (cost=16953.73..5960193.85 rows=9 width=54) (actual time=13131.457..48443.424 rows=59 loops=1)
               Buffers: shared hit=189885 read=3627618
               ->  Nested Loop  (cost=16953.31..5959539.34 rows=89 width=50) (actual time=12895.616..48432.555 rows=643 loops=1)
                     Buffers: shared hit=188214 read=3626721
                     ->  Nested Loop  (cost=16952.88..5950138.63 rows=1278 width=50) (actual time=12891.962..48196.245 rows=19980 loops=1)
                           Buffers: shared hit=112207 read=3622940
                           ->  Hash Join  (cost=16952.58..5928408.01 rows=257841 width=54) (actual time=121.256..48112.956 rows=127872 loops=1)
                                 Hash Cond: (catalog_sales.cs_item_sk = item.i_item_sk)
                                 Buffers: shared hit=105796 read=3622940
                                 ->  Seq Scan on catalog_sales  (cost=0.00..5874397.76 rows=14116916 width=41) (actual time=0.051..46172.999 rows=14129630 loops=1)
                                       Filter: ((cs_wholesale_cost >= '12'::numeric) AND (cs_wholesale_cost <= '17'::numeric))
                                       Rows Removed by Filter: 129862669
                                       Buffers: shared hit=91440 read=3622940
                                 ->  Hash  (cost=16906.00..16906.00 rows=3726 width=21) (actual time=120.902..120.902 rows=3713 loops=1)
                                       Buckets: 4096  Batches: 1  Memory Usage: 236kB
                                       Buffers: shared hit=14356
                                       ->  Seq Scan on item  (cost=0.00..16906.00 rows=3726 width=21) (actual time=0.047..119.974 rows=3713 loops=1)
                                             Filter: (i_category = 'Music'::bpchar)
                                             Rows Removed by Filter: 200287
                                             Buffers: shared hit=14356
                           ->  Memoize  (cost=0.30..7.22 rows=1 width=4) (actual time=0.000..0.000 rows=0 loops=127872)
                                 Cache Key: catalog_sales.cs_sold_date_sk
                                 Cache Mode: logical
                                 Hits: 125734  Misses: 2138  Evictions: 0  Overflows: 0  Memory Usage: 155kB
                                 Buffers: shared hit=6411
                                 ->  Index Scan using date_dim_pkey on date_dim  (cost=0.29..7.21 rows=1 width=4) (actual time=0.012..0.012 rows=0 loops=2138)
                                       Index Cond: (d_date_sk = catalog_sales.cs_sold_date_sk)
                                       Filter: (d_year = 2000)
                                       Rows Removed by Filter: 1
                                       Buffers: shared hit=6411
                     ->  Index Scan using customer_demographics_pkey on customer_demographics  (cost=0.43..7.36 rows=1 width=8) (actual time=0.012..0.012 rows=0 loops=19980)
                           Index Cond: (cd_demo_sk = catalog_sales.cs_bill_cdemo_sk)
                           Filter: ((cd_gender = 'F'::bpchar) AND (cd_education_status = 'Advanced Degree'::bpchar))
                           Rows Removed by Filter: 1
                           Buffers: shared hit=76007 read=3781
               ->  Index Scan using customer_pkey on customer  (cost=0.43..7.35 rows=1 width=12) (actual time=0.016..0.016 rows=0 loops=643)
                     Index Cond: (c_customer_sk = catalog_sales.cs_bill_customer_sk)
                     Filter: (c_birth_month = 1)
                     Rows Removed by Filter: 1
                     Buffers: shared hit=1671 read=897
         ->  Index Scan using customer_address_pkey on customer_address  (cost=0.42..7.36 rows=1 width=35) (actual time=0.018..0.018 rows=0 loops=59)
               Index Cond: (ca_address_sk = customer.c_current_addr_sk)
               Filter: (ca_state = ANY ('{IL,MN,NE}'::bpchar[]))
               Rows Removed by Filter: 1
               Buffers: shared hit=125 read=111
 Planning:
   Buffers: shared hit=454
 Planning Time: 4.114 ms
 Execution Time: 48445.157 ms
(53 rows)

