                                                                        QUERY PLAN                                                                        
----------------------------------------------------------------------------------------------------------------------------------------------------------
 Aggregate  (cost=5984238.11..5984238.12 rows=1 width=268) (actual time=43439.025..43439.029 rows=1 loops=1)
   Buffers: shared hit=98284 read=3616096
   ->  Nested Loop  (cost=0.43..5984238.08 rows=1 width=81) (actual time=43439.017..43439.020 rows=0 loops=1)
         Join Filter: (catalog_sales.cs_item_sk = item.i_item_sk)
         Buffers: shared hit=98284 read=3616096
         ->  Nested Loop  (cost=0.43..5967165.82 rows=1 width=68) (actual time=43439.016..43439.019 rows=0 loops=1)
               Join Filter: (date_dim.d_date_sk = catalog_sales.cs_sold_date_sk)
               Buffers: shared hit=98284 read=3616096
               ->  Nested Loop  (cost=0.43..5964774.18 rows=1 width=72) (actual time=43439.016..43439.018 rows=0 loops=1)
                     Join Filter: (customer_address.ca_address_sk = customer.c_current_addr_sk)
                     Buffers: shared hit=98284 read=3616096
                     ->  Nested Loop  (cost=0.43..5927345.77 rows=1 width=45) (actual time=43439.015..43439.017 rows=0 loops=1)
                           Buffers: shared hit=98284 read=3616096
                           ->  Nested Loop  (cost=0.00..5927337.32 rows=1 width=41) (actual time=43439.015..43439.016 rows=0 loops=1)
                                 Join Filter: (customer_demographics.cd_demo_sk = catalog_sales.cs_bill_cdemo_sk)
                                 Buffers: shared hit=98284 read=3616096
                                 ->  Seq Scan on catalog_sales  (cost=0.00..5874397.76 rows=1 width=41) (actual time=43439.013..43439.014 rows=0 loops=1)
                                       Filter: ((cs_wholesale_cost >= '48'::numeric) AND (cs_wholesale_cost <= '53'::numeric))
                                       Rows Removed by Filter: 143992299
                                       Buffers: shared hit=98284 read=3616096
                                 ->  Seq Scan on customer_demographics  (cost=0.00..51225.00 rows=137165 width=8) (never executed)
                                       Filter: ((cd_gender = 'F'::bpchar) AND (cd_education_status = 'Primary'::bpchar))
                           ->  Index Scan using customer_pkey on customer  (cost=0.43..8.45 rows=1 width=12) (never executed)
                                 Index Cond: (c_customer_sk = catalog_sales.cs_bill_customer_sk)
                                 Filter: (c_birth_month = 5)
                     ->  Seq Scan on customer_address  (cost=0.00..36288.00 rows=91233 width=35) (never executed)
                           Filter: (ca_state = ANY ('{SD,VA,WI}'::bpchar[]))
               ->  Seq Scan on date_dim  (cost=0.00..2387.11 rows=362 width=4) (never executed)
                     Filter: (d_year = 2001)
         ->  Seq Scan on item  (cost=0.00..16906.00 rows=13301 width=21) (never executed)
               Filter: (i_category = 'Men'::bpchar)
 Planning:
   Buffers: shared hit=454
 Planning Time: 5.126 ms
 Execution Time: 43439.568 ms
(35 rows)

