                                                                                  QUERY PLAN                                                                                  
------------------------------------------------------------------------------------------------------------------------------------------------------------------------------
 Aggregate  (cost=5946468.08..5946468.09 rows=1 width=268) (actual time=43594.834..43594.838 rows=1 loops=1)
   Buffers: shared hit=314905 read=3645542
   ->  Nested Loop  (cost=17242.40..5946468.02 rows=2 width=81) (actual time=5997.914..43594.758 rows=11 loops=1)
         Buffers: shared hit=314905 read=3645542
         ->  Nested Loop  (cost=17241.97..5946365.02 rows=14 width=54) (actual time=5840.763..43589.637 rows=271 loops=1)
               Buffers: shared hit=314357 read=3645006
               ->  Nested Loop  (cost=17241.54..5945166.22 rows=163 width=50) (actual time=5793.228..43537.400 rows=3423 loops=1)
                     Buffers: shared hit=306862 read=3638821
                     ->  Nested Loop  (cost=17241.12..5928048.74 rows=2327 width=50) (actual time=5787.918..42999.086 rows=52700 loops=1)
                           Buffers: shared hit=106556 read=3628591
                           ->  Hash Join  (cost=17240.81..5901025.85 rows=469529 width=54) (actual time=133.749..42862.801 rows=341979 loops=1)
                                 Hash Cond: (catalog_sales.cs_item_sk = item.i_item_sk)
                                 Buffers: shared hit=100145 read=3628591
                                 ->  Seq Scan on catalog_sales  (cost=0.00..5874397.76 rows=3576029 width=41) (actual time=0.104..41892.563 rows=3595775 loops=1)
                                       Filter: ((cs_wholesale_cost >= '77'::numeric) AND (cs_wholesale_cost <= '82'::numeric))
                                       Rows Removed by Filter: 140396524
                                       Buffers: shared hit=85789 read=3628591
                                 ->  Hash  (cost=16906.00..16906.00 rows=26785 width=21) (actual time=133.323..133.324 rows=26695 loops=1)
                                       Buckets: 32768  Batches: 1  Memory Usage: 1716kB
                                       Buffers: shared hit=14356
                                       ->  Seq Scan on item  (cost=0.00..16906.00 rows=26785 width=21) (actual time=0.031..127.761 rows=26695 loops=1)
                                             Filter: (i_category = 'Children'::bpchar)
                                             Rows Removed by Filter: 177305
                                             Buffers: shared hit=14356
                           ->  Memoize  (cost=0.30..7.22 rows=1 width=4) (actual time=0.000..0.000 rows=0 loops=341979)
                                 Cache Key: catalog_sales.cs_sold_date_sk
                                 Cache Mode: logical
                                 Hits: 339841  Misses: 2138  Evictions: 0  Overflows: 0  Memory Usage: 155kB
                                 Buffers: shared hit=6411
                                 ->  Index Scan using date_dim_pkey on date_dim  (cost=0.29..7.21 rows=1 width=4) (actual time=0.012..0.012 rows=0 loops=2138)
                                       Index Cond: (d_date_sk = catalog_sales.cs_sold_date_sk)
                                       Filter: (d_year = 1999)
                                       Rows Removed by Filter: 1
                                       Buffers: shared hit=6411
                     ->  Index Scan using customer_demographics_pkey on customer_demographics  (cost=0.43..7.36 rows=1 width=8) (actual time=0.010..0.010 rows=0 loops=52700)
                           Index Cond: (cd_demo_sk = catalog_sales.cs_bill_cdemo_sk)
                           Filter: ((cd_gender = 'F'::bpchar) AND (cd_education_status = '2 yr Degree'::bpchar))
                           Rows Removed by Filter: 1
                           Buffers: shared hit=200306 read=10230
               ->  Index Scan using customer_pkey on customer  (cost=0.43..7.35 rows=1 width=12) (actual time=0.015..0.015 rows=0 loops=3423)
                     Index Cond: (c_customer_sk = catalog_sales.cs_bill_customer_sk)
                     Filter: (c_birth_month = 11)
                     Rows Removed by Filter: 1
                     Buffers: shared hit=7495 read=6185
         ->  Index Scan using customer_address_pkey on customer_address  (cost=0.42..7.36 rows=1 width=35) (actual time=0.018..0.018 rows=0 loops=271)
               Index Cond: (ca_address_sk = customer.c_current_addr_sk)
               Filter: (ca_state = ANY ('{TX,VA,WI}'::bpchar[]))
               Rows Removed by Filter: 1
               Buffers: shared hit=548 read=536
 Planning:
   Buffers: shared hit=454
 Planning Time: 4.397 ms
 Execution Time: 43595.484 ms
(53 rows)

