                                                                                  QUERY PLAN                                                                                   
-------------------------------------------------------------------------------------------------------------------------------------------------------------------------------
 Aggregate  (cost=5941961.97..5941961.98 rows=1 width=268) (actual time=46582.724..46582.729 rows=1 loops=1)
   Buffers: shared hit=629497 read=3761069
   ->  Nested Loop  (cost=17119.15..5941961.95 rows=1 width=81) (actual time=19504.117..46582.302 rows=61 loops=1)
         Buffers: shared hit=629497 read=3761069
         ->  Nested Loop  (cost=17118.72..5941866.31 rows=13 width=54) (actual time=19266.262..46563.172 rows=1147 loops=1)
               Buffers: shared hit=627102 read=3758876
               ->  Nested Loop  (cost=17118.29..5940910.23 rows=130 width=50) (actual time=19256.562..46424.595 rows=11170 loops=1)
                     Buffers: shared hit=584563 read=3756767
                     ->  Nested Loop  (cost=17117.87..5927551.79 rows=1816 width=50) (actual time=19256.508..44881.802 rows=151708 loops=1)
                           Buffers: shared hit=34890 read=3700257
                           ->  Hash Join  (cost=17117.56..5903107.66 rows=366379 width=54) (actual time=116.710..44629.442 rows=762693 loops=1)
                                 Hash Cond: (catalog_sales.cs_item_sk = item.i_item_sk)
                                 Buffers: shared hit=28479 read=3700257
                                 ->  Seq Scan on catalog_sales  (cost=0.00..5874397.76 rows=4416036 width=41) (actual time=0.075..43520.689 rows=4444683 loops=1)
                                       Filter: ((cs_wholesale_cost >= '49'::numeric) AND (cs_wholesale_cost <= '54'::numeric))
                                       Rows Removed by Filter: 139547616
                                       Buffers: shared hit=14309 read=3700071
                                 ->  Hash  (cost=16906.00..16906.00 rows=16925 width=21) (actual time=116.138..116.139 rows=17141 loops=1)
                                       Buckets: 32768  Batches: 1  Memory Usage: 1194kB
                                       Buffers: shared hit=14170 read=186
                                       ->  Seq Scan on item  (cost=0.00..16906.00 rows=16925 width=21) (actual time=0.041..112.500 rows=17141 loops=1)
                                             Filter: (i_category = 'Home'::bpchar)
                                             Rows Removed by Filter: 186859
                                             Buffers: shared hit=14170 read=186
                           ->  Memoize  (cost=0.30..7.22 rows=1 width=4) (actual time=0.000..0.000 rows=0 loops=762693)
                                 Cache Key: catalog_sales.cs_sold_date_sk
                                 Cache Mode: logical
                                 Hits: 760555  Misses: 2138  Evictions: 0  Overflows: 0  Memory Usage: 155kB
                                 Buffers: shared hit=6411
                                 ->  Index Scan using date_dim_pkey on date_dim  (cost=0.29..7.21 rows=1 width=4) (actual time=0.012..0.012 rows=0 loops=2138)
                                       Index Cond: (d_date_sk = catalog_sales.cs_sold_date_sk)
                                       Filter: (d_year = 2001)
                                       Rows Removed by Filter: 1
                                       Buffers: shared hit=6411
                     ->  Index Scan using customer_demographics_pkey on customer_demographics  (cost=0.43..7.36 rows=1 width=8) (actual time=0.010..0.010 rows=0 loops=151708)
                           Index Cond: (cd_demo_sk = catalog_sales.cs_bill_cdemo_sk)
                           Filter: ((cd_gender = 'M'::bpchar) AND (cd_education_status = 'Primary'::bpchar))
                           Rows Removed by Filter: 1
                           Buffers: shared hit=549673 read=56510
               ->  Index Scan using customer_pkey on customer  (cost=0.43..7.35 rows=1 width=12) (actual time=0.012..0.012 rows=0 loops=11170)
                     Index Cond: (c_customer_sk = catalog_sales.cs_bill_customer_sk)
                     Filter: (c_birth_month = 2)
                     Rows Removed by Filter: 1
                     Buffers: shared hit=42539 read=2109
         ->  Index Scan using customer_address_pkey on customer_address  (cost=0.42..7.36 rows=1 width=35) (actual time=0.016..0.016 rows=0 loops=1147)
               Index Cond: (ca_address_sk = customer.c_current_addr_sk)
               Filter: (ca_state = ANY ('{FL,GA,IN}'::bpchar[]))
               Rows Removed by Filter: 1
               Buffers: shared hit=2395 read=2193
 Planning:
   Buffers: shared hit=404 read=50
 Planning Time: 5.153 ms
 Execution Time: 46583.397 ms
(53 rows)

