                                                                              QUERY PLAN                                                                              
----------------------------------------------------------------------------------------------------------------------------------------------------------------------
 Aggregate  (cost=5930335.96..5930335.97 rows=1 width=268) (actual time=45304.430..45304.434 rows=1 loops=1)
   Buffers: shared hit=119497 read=3678610
   ->  Nested Loop  (cost=17019.78..5930335.93 rows=1 width=81) (actual time=13930.882..45304.422 rows=1 loops=1)
         Buffers: shared hit=119497 read=3678610
         ->  Nested Loop  (cost=17019.36..5930328.54 rows=1 width=54) (actual time=12297.956..45304.193 rows=10 loops=1)
               Buffers: shared hit=119477 read=3678590
               ->  Nested Loop  (cost=17018.93..5930232.92 rows=13 width=54) (actual time=12025.355..45294.407 rows=227 loops=1)
                     Buffers: shared hit=118628 read=3678531
                     ->  Nested Loop  (cost=17018.50..5923150.57 rows=963 width=50) (actual time=12022.996..45078.735 rows=15529 loops=1)
                           Buffers: shared hit=60515 read=3674632
                           ->  Hash Join  (cost=17018.20..5903008.30 rows=194306 width=54) (actual time=137.078..45006.258 rows=96883 loops=1)
                                 Hash Cond: (catalog_sales.cs_item_sk = item.i_item_sk)
                                 Buffers: shared hit=54104 read=3674632
                                 ->  Seq Scan on catalog_sales  (cost=0.00..5874397.76 rows=4416036 width=41) (actual time=0.059..44056.326 rows=4444683 loops=1)
                                       Filter: ((cs_wholesale_cost >= '51'::numeric) AND (cs_wholesale_cost <= '56'::numeric))
                                       Rows Removed by Filter: 139547616
                                       Buffers: shared hit=53917 read=3660463
                                 ->  Hash  (cost=16906.00..16906.00 rows=8976 width=21) (actual time=136.191..136.192 rows=8826 loops=1)
                                       Buckets: 16384  Batches: 1  Memory Usage: 611kB
                                       Buffers: shared hit=187 read=14169
                                       ->  Seq Scan on item  (cost=0.00..16906.00 rows=8976 width=21) (actual time=0.018..133.689 rows=8826 loops=1)
                                             Filter: (i_category = 'Jewelry'::bpchar)
                                             Rows Removed by Filter: 195174
                                             Buffers: shared hit=187 read=14169
                           ->  Memoize  (cost=0.30..7.22 rows=1 width=4) (actual time=0.000..0.000 rows=0 loops=96883)
                                 Cache Key: catalog_sales.cs_sold_date_sk
                                 Cache Mode: logical
                                 Hits: 94745  Misses: 2138  Evictions: 0  Overflows: 0  Memory Usage: 155kB
                                 Buffers: shared hit=6411
                                 ->  Index Scan using date_dim_pkey on date_dim  (cost=0.29..7.21 rows=1 width=4) (actual time=0.012..0.012 rows=0 loops=2138)
                                       Index Cond: (d_date_sk = catalog_sales.cs_sold_date_sk)
                                       Filter: (d_year = 2000)
                                       Rows Removed by Filter: 1
                                       Buffers: shared hit=6411
                     ->  Index Scan using customer_pkey on customer  (cost=0.43..7.35 rows=1 width=12) (actual time=0.014..0.014 rows=0 loops=15529)
                           Index Cond: (c_customer_sk = catalog_sales.cs_bill_customer_sk)
                           Filter: (c_birth_month = 5)
                           Rows Removed by Filter: 1
                           Buffers: shared hit=58113 read=3899
               ->  Index Scan using customer_demographics_pkey on customer_demographics  (cost=0.43..7.36 rows=1 width=8) (actual time=0.042..0.042 rows=0 loops=227)
                     Index Cond: (cd_demo_sk = catalog_sales.cs_bill_cdemo_sk)
                     Filter: ((cd_gender = 'F'::bpchar) AND (cd_education_status = '4 yr Degree'::bpchar))
                     Rows Removed by Filter: 1
                     Buffers: shared hit=849 read=59
         ->  Index Scan using customer_address_pkey on customer_address  (cost=0.42..7.39 rows=1 width=35) (actual time=0.021..0.021 rows=0 loops=10)
               Index Cond: (ca_address_sk = customer.c_current_addr_sk)
               Filter: (ca_state = ANY ('{CA,KY,TN}'::bpchar[]))
               Rows Removed by Filter: 1
               Buffers: shared hit=20 read=20
 Planning:
   Buffers: shared hit=454
 Planning Time: 4.469 ms
 Execution Time: 45305.104 ms
(53 rows)

