                                                                                  QUERY PLAN                                                                                   
-------------------------------------------------------------------------------------------------------------------------------------------------------------------------------
 Aggregate  (cost=6036162.72..6036162.73 rows=1 width=268) (actual time=53210.648..53210.655 rows=1 loops=1)
   Buffers: shared hit=1429558 read=3755660
   ->  Nested Loop  (cost=19717.88..6036162.39 rows=12 width=81) (actual time=12541.093..53209.915 rows=124 loops=1)
         Buffers: shared hit=1429558 read=3755660
         ->  Nested Loop  (cost=19717.46..6035250.38 rows=124 width=54) (actual time=12502.673..53158.828 rows=2464 loops=1)
               Buffers: shared hit=1424092 read=3751270
               ->  Nested Loop  (cost=19717.03..6028661.14 rows=896 width=50) (actual time=12497.195..52865.483 rows=17425 loops=1)
                     Buffers: shared hit=1360342 read=3745352
                     ->  Hash Join  (cost=19716.60..5935257.32 rows=12698 width=50) (actual time=12497.017..48223.907 rows=344321 loops=1)
                           Hash Cond: (catalog_sales.cs_item_sk = item.i_item_sk)
                           Buffers: shared hit=25021 read=3705189
                           ->  Hash Join  (cost=2391.64..5917729.49 rows=77284 width=37) (actual time=12377.557..47656.434 rows=2496082 loops=1)
                                 Hash Cond: (catalog_sales.cs_sold_date_sk = date_dim.d_date_sk)
                                 Buffers: shared hit=10852 read=3705002
                                 ->  Seq Scan on catalog_sales  (cost=0.00..5874397.76 rows=15595328 width=41) (actual time=0.031..46006.794 rows=15696054 loops=1)
                                       Filter: ((cs_wholesale_cost >= '25'::numeric) AND (cs_wholesale_cost <= '30'::numeric))
                                       Rows Removed by Filter: 128296245
                                       Buffers: shared hit=10810 read=3703570
                                 ->  Hash  (cost=2387.11..2387.11 rows=362 width=4) (actual time=18.226..18.227 rows=366 loops=1)
                                       Buckets: 1024  Batches: 1  Memory Usage: 21kB
                                       Buffers: shared hit=42 read=1432
                                       ->  Seq Scan on date_dim  (cost=0.00..2387.11 rows=362 width=4) (actual time=9.656..18.175 rows=366 loops=1)
                                             Filter: (d_year = 2000)
                                             Rows Removed by Filter: 72683
                                             Buffers: shared hit=42 read=1432
                           ->  Hash  (cost=16906.00..16906.00 rows=33517 width=21) (actual time=119.221..119.222 rows=33627 loops=1)
                                 Buckets: 65536  Batches: 1  Memory Usage: 2351kB
                                 Buffers: shared hit=14169 read=187
                                 ->  Seq Scan on item  (cost=0.00..16906.00 rows=33517 width=21) (actual time=0.024..111.903 rows=33627 loops=1)
                                       Filter: (i_category = 'Shoes'::bpchar)
                                       Rows Removed by Filter: 170373
                                       Buffers: shared hit=14169 read=187
                     ->  Index Scan using customer_demographics_pkey on customer_demographics  (cost=0.43..7.36 rows=1 width=8) (actual time=0.013..0.013 rows=0 loops=344321)
                           Index Cond: (cd_demo_sk = catalog_sales.cs_bill_cdemo_sk)
                           Filter: ((cd_gender = 'F'::bpchar) AND (cd_education_status = 'College'::bpchar))
                           Rows Removed by Filter: 1
                           Buffers: shared hit=1335321 read=40163
               ->  Index Scan using customer_pkey on customer  (cost=0.43..7.35 rows=1 width=12) (actual time=0.016..0.016 rows=0 loops=17425)
                     Index Cond: (c_customer_sk = catalog_sales.cs_bill_customer_sk)
                     Filter: (c_birth_month = 10)
                     Rows Removed by Filter: 1
                     Buffers: shared hit=63750 read=5918
         ->  Index Scan using customer_address_pkey on customer_address  (cost=0.42..7.35 rows=1 width=35) (actual time=0.020..0.020 rows=0 loops=2464)
               Index Cond: (ca_address_sk = customer.c_current_addr_sk)
               Filter: (ca_state = ANY ('{KY,NM,VA}'::bpchar[]))
               Rows Removed by Filter: 1
               Buffers: shared hit=5466 read=4390
 Planning:
   Buffers: shared hit=454
 Planning Time: 2.807 ms
 Execution Time: 53211.044 ms
(51 rows)

