                                                                                 QUERY PLAN                                                                                  
-----------------------------------------------------------------------------------------------------------------------------------------------------------------------------
 Aggregate  (cost=5923428.82..5923428.83 rows=1 width=268) (actual time=45589.305..45589.310 rows=1 loops=1)
   Buffers: shared hit=100901 read=3656060
   ->  Nested Loop  (cost=16954.16..5923428.79 rows=1 width=81) (actual time=45589.300..45589.304 rows=0 loops=1)
         Buffers: shared hit=100901 read=3656060
         ->  Nested Loop  (cost=16953.73..5923392.02 rows=5 width=54) (actual time=1204.875..45589.122 rows=7 loops=1)
               Buffers: shared hit=100886 read=3656047
               ->  Nested Loop  (cost=16953.31..5923186.10 rows=28 width=50) (actual time=223.005..45587.387 rows=89 loops=1)
                     Buffers: shared hit=100569 read=3656008
                     ->  Nested Loop  (cost=16952.88..5920243.71 rows=400 width=50) (actual time=125.796..45510.920 rows=5367 loops=1)
                           Buffers: shared hit=79504 read=3655637
                           ->  Hash Join  (cost=16952.58..5902942.67 rows=80658 width=54) (actual time=125.758..45455.342 rows=39939 loops=1)
                                 Hash Cond: (catalog_sales.cs_item_sk = item.i_item_sk)
                                 Buffers: shared hit=73099 read=3655637
                                 ->  Seq Scan on catalog_sales  (cost=0.00..5874397.76 rows=4416036 width=41) (actual time=0.058..44555.633 rows=4444683 loops=1)
                                       Filter: ((cs_wholesale_cost >= '53'::numeric) AND (cs_wholesale_cost <= '58'::numeric))
                                       Rows Removed by Filter: 139547616
                                       Buffers: shared hit=58930 read=3655450
                                 ->  Hash  (cost=16906.00..16906.00 rows=3726 width=21) (actual time=124.505..124.506 rows=3713 loops=1)
                                       Buckets: 4096  Batches: 1  Memory Usage: 236kB
                                       Buffers: shared hit=14169 read=187
                                       ->  Seq Scan on item  (cost=0.00..16906.00 rows=3726 width=21) (actual time=0.061..123.541 rows=3713 loops=1)
                                             Filter: (i_category = 'Music'::bpchar)
                                             Rows Removed by Filter: 200287
                                             Buffers: shared hit=14169 read=187
                           ->  Memoize  (cost=0.30..7.22 rows=1 width=4) (actual time=0.001..0.001 rows=0 loops=39939)
                                 Cache Key: catalog_sales.cs_sold_date_sk
                                 Cache Mode: logical
                                 Hits: 37803  Misses: 2136  Evictions: 0  Overflows: 0  Memory Usage: 155kB
                                 Buffers: shared hit=6405
                                 ->  Index Scan using date_dim_pkey on date_dim  (cost=0.29..7.21 rows=1 width=4) (actual time=0.012..0.012 rows=0 loops=2136)
                                       Index Cond: (d_date_sk = catalog_sales.cs_sold_date_sk)
                                       Filter: (d_year = 1998)
                                       Rows Removed by Filter: 1
                                       Buffers: shared hit=6405
                     ->  Index Scan using customer_demographics_pkey on customer_demographics  (cost=0.43..7.36 rows=1 width=8) (actual time=0.014..0.014 rows=0 loops=5367)
                           Index Cond: (cd_demo_sk = catalog_sales.cs_bill_cdemo_sk)
                           Filter: ((cd_gender = 'F'::bpchar) AND (cd_education_status = 'Secondary'::bpchar))
                           Rows Removed by Filter: 1
                           Buffers: shared hit=21065 read=371
               ->  Index Scan using customer_pkey on customer  (cost=0.43..7.35 rows=1 width=12) (actual time=0.018..0.018 rows=0 loops=89)
                     Index Cond: (c_customer_sk = catalog_sales.cs_bill_customer_sk)
                     Filter: (c_birth_month = 4)
                     Rows Removed by Filter: 1
                     Buffers: shared hit=317 read=39
         ->  Index Scan using customer_address_pkey on customer_address  (cost=0.42..7.35 rows=1 width=35) (actual time=0.024..0.024 rows=0 loops=7)
               Index Cond: (ca_address_sk = customer.c_current_addr_sk)
               Filter: (ca_state = ANY ('{MI,MN,NC}'::bpchar[]))
               Rows Removed by Filter: 1
               Buffers: shared hit=15 read=13
 Planning:
   Buffers: shared hit=405 read=49
 Planning Time: 4.651 ms
 Execution Time: 45589.796 ms
(53 rows)

