                                                                              QUERY PLAN                                                                               
-----------------------------------------------------------------------------------------------------------------------------------------------------------------------
 Aggregate  (cost=5999765.73..5999765.74 rows=1 width=268) (actual time=49951.366..49951.370 rows=1 loops=1)
   Buffers: shared hit=416307 read=3755764
   ->  Nested Loop  (cost=17045.03..5999765.70 rows=1 width=81) (actual time=8736.479..49951.315 rows=6 loops=1)
         Buffers: shared hit=416307 read=3755764
         ->  Nested Loop  (cost=17044.61..5999736.15 rows=4 width=54) (actual time=6645.792..49949.582 rows=90 loops=1)
               Buffers: shared hit=416108 read=3755603
               ->  Nested Loop  (cost=17044.18..5999316.87 rows=57 width=54) (actual time=6641.640..49931.158 rows=1480 loops=1)
                     Buffers: shared hit=410319 read=3755476
                     ->  Nested Loop  (cost=17043.75..5968679.84 rows=4166 width=50) (actual time=6639.175..48760.086 rows=107816 loops=1)
                           Buffers: shared hit=38046 read=3697101
                           ->  Hash Join  (cost=17043.45..5932379.79 rows=840619 width=54) (actual time=126.226..48455.070 rows=936559 loops=1)
                                 Hash Cond: (catalog_sales.cs_item_sk = item.i_item_sk)
                                 Buffers: shared hit=31635 read=3697101
                                 ->  Seq Scan on catalog_sales  (cost=0.00..5874397.76 rows=15595328 width=41) (actual time=0.035..45955.505 rows=15696054 loops=1)
                                       Filter: ((cs_wholesale_cost >= '23'::numeric) AND (cs_wholesale_cost <= '28'::numeric))
                                       Rows Removed by Filter: 128296245
                                       Buffers: shared hit=17279 read=3697101
                                 ->  Hash  (cost=16906.00..16906.00 rows=10996 width=21) (actual time=126.097..126.097 rows=11037 loops=1)
                                       Buckets: 16384  Batches: 1  Memory Usage: 732kB
                                       Buffers: shared hit=14356
                                       ->  Seq Scan on item  (cost=0.00..16906.00 rows=10996 width=21) (actual time=0.054..123.487 rows=11037 loops=1)
                                             Filter: (i_category = 'Women'::bpchar)
                                             Rows Removed by Filter: 192963
                                             Buffers: shared hit=14356
                           ->  Memoize  (cost=0.30..7.22 rows=1 width=4) (actual time=0.000..0.000 rows=0 loops=936559)
                                 Cache Key: catalog_sales.cs_sold_date_sk
                                 Cache Mode: logical
                                 Hits: 934421  Misses: 2138  Evictions: 0  Overflows: 0  Memory Usage: 155kB
                                 Buffers: shared hit=6411
                                 ->  Index Scan using date_dim_pkey on date_dim  (cost=0.29..7.21 rows=1 width=4) (actual time=0.012..0.012 rows=0 loops=2138)
                                       Index Cond: (d_date_sk = catalog_sales.cs_sold_date_sk)
                                       Filter: (d_year = 1999)
                                       Rows Removed by Filter: 1
                                       Buffers: shared hit=6411
                     ->  Index Scan using customer_pkey on customer  (cost=0.43..7.35 rows=1 width=12) (actual time=0.011..0.011 rows=0 loops=107816)
                           Index Cond: (c_customer_sk = catalog_sales.cs_bill_customer_sk)
                           Filter: (c_birth_month = 5)
                           Rows Removed by Filter: 1
                           Buffers: shared hit=372273 read=58375
               ->  Index Scan using customer_demographics_pkey on customer_demographics  (cost=0.43..7.36 rows=1 width=8) (actual time=0.012..0.012 rows=0 loops=1480)
                     Index Cond: (cd_demo_sk = catalog_sales.cs_bill_cdemo_sk)
                     Filter: ((cd_gender = 'F'::bpchar) AND (cd_education_status = '2 yr Degree'::bpchar))
                     Rows Removed by Filter: 1
                     Buffers: shared hit=5789 read=127
         ->  Index Scan using customer_address_pkey on customer_address  (cost=0.42..7.39 rows=1 width=35) (actual time=0.018..0.018 rows=0 loops=90)
               Index Cond: (ca_address_sk = customer.c_current_addr_sk)
               Filter: (ca_state = ANY ('{KS,MO,OH}'::bpchar[]))
               Rows Removed by Filter: 1
               Buffers: shared hit=199 read=161
 Planning:
   Buffers: shared hit=454
 Planning Time: 2.635 ms
 Execution Time: 49951.736 ms
(53 rows)

