                                                                              QUERY PLAN                                                                              
----------------------------------------------------------------------------------------------------------------------------------------------------------------------
 Aggregate  (cost=5923886.52..5923886.53 rows=1 width=268) (actual time=45895.526..45895.531 rows=1 loops=1)
   Buffers: shared hit=137538 read=3656753
   ->  Nested Loop  (cost=17019.78..5923886.49 rows=1 width=81) (actual time=30701.619..45895.508 rows=2 loops=1)
         Buffers: shared hit=137538 read=3656753
         ->  Nested Loop  (cost=17019.36..5923871.75 rows=2 width=54) (actual time=27476.856..45894.651 rows=40 loops=1)
               Buffers: shared hit=137455 read=3656676
               ->  Nested Loop  (cost=17018.93..5923709.92 rows=22 width=54) (actual time=27327.969..45889.048 rows=419 loops=1)
                     Buffers: shared hit=135815 read=3656640
                     ->  Nested Loop  (cost=17018.50..5918591.07 rows=696 width=50) (actual time=27287.884..45702.512 rows=14349 loops=1)
                           Buffers: shared hit=86785 read=3648362
                           ->  Hash Join  (cost=17018.20..5899795.21 rows=140449 width=54) (actual time=117.825..45636.856 rows=69958 loops=1)
                                 Hash Cond: (catalog_sales.cs_item_sk = item.i_item_sk)
                                 Buffers: shared hit=80374 read=3648362
                                 ->  Seq Scan on catalog_sales  (cost=0.00..5874397.76 rows=3192026 width=41) (actual time=0.456..44901.742 rows=3238451 loops=1)
                                       Filter: ((cs_wholesale_cost >= '31'::numeric) AND (cs_wholesale_cost <= '36'::numeric))
                                       Rows Removed by Filter: 140753848
                                       Buffers: shared hit=66018 read=3648362
                                 ->  Hash  (cost=16906.00..16906.00 rows=8976 width=21) (actual time=117.001..117.001 rows=8826 loops=1)
                                       Buckets: 16384  Batches: 1  Memory Usage: 611kB
                                       Buffers: shared hit=14356
                                       ->  Seq Scan on item  (cost=0.00..16906.00 rows=8976 width=21) (actual time=0.024..114.934 rows=8826 loops=1)
                                             Filter: (i_category = 'Jewelry'::bpchar)
                                             Rows Removed by Filter: 195174
                                             Buffers: shared hit=14356
                           ->  Memoize  (cost=0.30..7.22 rows=1 width=4) (actual time=0.001..0.001 rows=0 loops=69958)
                                 Cache Key: catalog_sales.cs_sold_date_sk
                                 Cache Mode: logical
                                 Hits: 67820  Misses: 2138  Evictions: 0  Overflows: 0  Memory Usage: 155kB
                                 Buffers: shared hit=6411
                                 ->  Index Scan using date_dim_pkey on date_dim  (cost=0.29..7.21 rows=1 width=4) (actual time=0.012..0.012 rows=0 loops=2138)
                                       Index Cond: (d_date_sk = catalog_sales.cs_sold_date_sk)
                                       Filter: (d_year = 2002)
                                       Rows Removed by Filter: 1
                                       Buffers: shared hit=6411
                     ->  Index Scan using customer_pkey on customer  (cost=0.43..7.35 rows=1 width=12) (actual time=0.013..0.013 rows=0 loops=14349)
                           Index Cond: (c_customer_sk = catalog_sales.cs_bill_customer_sk)
                           Filter: (c_birth_month = 6)
                           Rows Removed by Filter: 1
                           Buffers: shared hit=49030 read=8278
               ->  Index Scan using customer_demographics_pkey on customer_demographics  (cost=0.43..7.36 rows=1 width=8) (actual time=0.012..0.012 rows=0 loops=419)
                     Index Cond: (cd_demo_sk = catalog_sales.cs_bill_cdemo_sk)
                     Filter: ((cd_gender = 'M'::bpchar) AND (cd_education_status = '4 yr Degree'::bpchar))
                     Rows Removed by Filter: 1
                     Buffers: shared hit=1640 read=36
         ->  Index Scan using customer_address_pkey on customer_address  (cost=0.42..7.37 rows=1 width=35) (actual time=0.020..0.020 rows=0 loops=40)
               Index Cond: (ca_address_sk = customer.c_current_addr_sk)
               Filter: (ca_state = ANY ('{OH,TN,WA}'::bpchar[]))
               Rows Removed by Filter: 1
               Buffers: shared hit=83 read=77
 Planning:
   Buffers: shared hit=454
 Planning Time: 4.158 ms
 Execution Time: 45896.067 ms
(53 rows)

