                                                                                  QUERY PLAN                                                                                  
------------------------------------------------------------------------------------------------------------------------------------------------------------------------------
 Aggregate  (cost=5932213.51..5932213.52 rows=1 width=268) (actual time=43764.193..43764.197 rows=1 loops=1)
   Buffers: shared hit=146625 read=3643531
   ->  Nested Loop  (cost=16954.16..5932213.49 rows=1 width=81) (actual time=26295.481..43764.136 rows=8 loops=1)
         Buffers: shared hit=146625 read=3643531
         ->  Nested Loop  (cost=16953.73..5932162.01 rows=7 width=54) (actual time=26002.476..43760.682 rows=167 loops=1)
               Buffers: shared hit=146284 read=3643204
               ->  Nested Loop  (cost=16953.31..5931838.42 rows=44 width=50) (actual time=25991.749..43747.525 rows=935 loops=1)
                     Buffers: shared hit=143118 read=3642634
                     ->  Nested Loop  (cost=16952.88..5927358.68 rows=609 width=50) (actual time=25983.201..43604.327 rows=12668 loops=1)
                           Buffers: shared hit=93713 read=3641431
                           ->  Hash Join  (cost=16952.58..5909003.45 rows=122827 width=54) (actual time=143.470..43541.876 rows=61151 loops=1)
                                 Hash Cond: (catalog_sales.cs_item_sk = item.i_item_sk)
                                 Buffers: shared hit=87305 read=3641431
                                 ->  Seq Scan on catalog_sales  (cost=0.00..5874397.76 rows=6724855 width=41) (actual time=0.127..42365.202 rows=6763882 loops=1)
                                       Filter: ((cs_wholesale_cost >= '73'::numeric) AND (cs_wholesale_cost <= '78'::numeric))
                                       Rows Removed by Filter: 137228417
                                       Buffers: shared hit=73538 read=3640842
                                 ->  Hash  (cost=16906.00..16906.00 rows=3726 width=21) (actual time=142.722..142.723 rows=3713 loops=1)
                                       Buckets: 4096  Batches: 1  Memory Usage: 236kB
                                       Buffers: shared hit=13767 read=589
                                       ->  Seq Scan on item  (cost=0.00..16906.00 rows=3726 width=21) (actual time=0.071..141.460 rows=3713 loops=1)
                                             Filter: (i_category = 'Music'::bpchar)
                                             Rows Removed by Filter: 200287
                                             Buffers: shared hit=13767 read=589
                           ->  Memoize  (cost=0.30..7.22 rows=1 width=4) (actual time=0.001..0.001 rows=0 loops=61151)
                                 Cache Key: catalog_sales.cs_sold_date_sk
                                 Cache Mode: logical
                                 Hits: 59014  Misses: 2137  Evictions: 0  Overflows: 0  Memory Usage: 155kB
                                 Buffers: shared hit=6408
                                 ->  Index Scan using date_dim_pkey on date_dim  (cost=0.29..7.21 rows=1 width=4) (actual time=0.012..0.012 rows=0 loops=2137)
                                       Index Cond: (d_date_sk = catalog_sales.cs_sold_date_sk)
                                       Filter: (d_year = 2002)
                                       Rows Removed by Filter: 1
                                       Buffers: shared hit=6408
                     ->  Index Scan using customer_demographics_pkey on customer_demographics  (cost=0.43..7.36 rows=1 width=8) (actual time=0.011..0.011 rows=0 loops=12668)
                           Index Cond: (cd_demo_sk = catalog_sales.cs_bill_cdemo_sk)
                           Filter: ((cd_gender = 'M'::bpchar) AND (cd_education_status = 'Primary'::bpchar))
                           Rows Removed by Filter: 1
                           Buffers: shared hit=49405 read=1203
               ->  Index Scan using customer_pkey on customer  (cost=0.43..7.35 rows=1 width=12) (actual time=0.013..0.013 rows=0 loops=935)
                     Index Cond: (c_customer_sk = catalog_sales.cs_bill_customer_sk)
                     Filter: (c_birth_month = 4)
                     Rows Removed by Filter: 1
                     Buffers: shared hit=3166 read=570
         ->  Index Scan using customer_address_pkey on customer_address  (cost=0.42..7.35 rows=1 width=35) (actual time=0.019..0.019 rows=0 loops=167)
               Index Cond: (ca_address_sk = customer.c_current_addr_sk)
               Filter: (ca_state = ANY ('{NM,TX,VA}'::bpchar[]))
               Rows Removed by Filter: 1
               Buffers: shared hit=341 read=327
 Planning:
   Buffers: shared hit=454
 Planning Time: 4.464 ms
 Execution Time: 43764.669 ms
(53 rows)

