                                                                                  QUERY PLAN                                                                                  
------------------------------------------------------------------------------------------------------------------------------------------------------------------------------
 Aggregate  (cost=5979009.39..5979009.40 rows=1 width=268) (actual time=44546.978..44546.982 rows=1 loops=1)
   Buffers: shared hit=264977 read=3674042
   ->  Nested Loop  (cost=17073.85..5979009.33 rows=2 width=81) (actual time=5994.312..44546.805 rows=29 loops=1)
         Buffers: shared hit=264977 read=3674042
         ->  Nested Loop  (cost=17073.42..5978832.78 rows=24 width=54) (actual time=5994.274..44538.546 rows=462 loops=1)
               Buffers: shared hit=263989 read=3673182
               ->  Nested Loop  (cost=17072.99..5977038.37 rows=244 width=50) (actual time=5990.811..44486.734 rows=4727 loops=1)
                     Buffers: shared hit=246428 read=3671843
                     ->  Nested Loop  (cost=17072.57..5951852.03 rows=3424 width=50) (actual time=5990.751..44023.395 rows=45836 loops=1)
                           Buffers: shared hit=72247 read=3662900
                           ->  Hash Join  (cost=17072.26..5919291.63 rows=691032 width=54) (actual time=112.813..43887.021 rows=350252 loops=1)
                                 Hash Cond: (catalog_sales.cs_item_sk = item.i_item_sk)
                                 Buffers: shared hit=65836 read=3662900
                                 ->  Seq Scan on catalog_sales  (cost=0.00..5874397.76 rows=10598487 width=41) (actual time=0.439..42033.001 rows=10312840 loops=1)
                                       Filter: ((cs_wholesale_cost >= '88'::numeric) AND (cs_wholesale_cost <= '93'::numeric))
                                       Rows Removed by Filter: 133679459
                                       Buffers: shared hit=51480 read=3662900
                                 ->  Hash  (cost=16906.00..16906.00 rows=13301 width=21) (actual time=112.149..112.149 rows=13933 loops=1)
                                       Buckets: 16384  Batches: 1  Memory Usage: 890kB
                                       Buffers: shared hit=14356
                                       ->  Seq Scan on item  (cost=0.00..16906.00 rows=13301 width=21) (actual time=0.023..109.179 rows=13933 loops=1)
                                             Filter: (i_category = 'Men'::bpchar)
                                             Rows Removed by Filter: 190067
                                             Buffers: shared hit=14356
                           ->  Memoize  (cost=0.30..7.22 rows=1 width=4) (actual time=0.000..0.000 rows=0 loops=350252)
                                 Cache Key: catalog_sales.cs_sold_date_sk
                                 Cache Mode: logical
                                 Hits: 348114  Misses: 2138  Evictions: 0  Overflows: 0  Memory Usage: 155kB
                                 Buffers: shared hit=6411
                                 ->  Index Scan using date_dim_pkey on date_dim  (cost=0.29..7.21 rows=1 width=4) (actual time=0.012..0.012 rows=0 loops=2138)
                                       Index Cond: (d_date_sk = catalog_sales.cs_sold_date_sk)
                                       Filter: (d_year = 1999)
                                       Rows Removed by Filter: 1
                                       Buffers: shared hit=6411
                     ->  Index Scan using customer_demographics_pkey on customer_demographics  (cost=0.43..7.36 rows=1 width=8) (actual time=0.010..0.010 rows=0 loops=45836)
                           Index Cond: (cd_demo_sk = catalog_sales.cs_bill_cdemo_sk)
                           Filter: ((cd_gender = 'M'::bpchar) AND (cd_education_status = 'College'::bpchar))
                           Rows Removed by Filter: 1
                           Buffers: shared hit=174181 read=8943
               ->  Index Scan using customer_pkey on customer  (cost=0.43..7.35 rows=1 width=12) (actual time=0.011..0.011 rows=0 loops=4727)
                     Index Cond: (c_customer_sk = catalog_sales.cs_bill_customer_sk)
                     Filter: (c_birth_month = 1)
                     Rows Removed by Filter: 1
                     Buffers: shared hit=17561 read=1339
         ->  Index Scan using customer_address_pkey on customer_address  (cost=0.42..7.36 rows=1 width=35) (actual time=0.017..0.017 rows=0 loops=462)
               Index Cond: (ca_address_sk = customer.c_current_addr_sk)
               Filter: (ca_state = ANY ('{CA,FL,KY}'::bpchar[]))
               Rows Removed by Filter: 1
               Buffers: shared hit=988 read=860
 Planning:
   Buffers: shared hit=454
 Planning Time: 4.160 ms
 Execution Time: 44547.556 ms
(53 rows)

