                                                                                  QUERY PLAN                                                                                  
------------------------------------------------------------------------------------------------------------------------------------------------------------------------------
 Aggregate  (cost=5954202.81..5954202.82 rows=1 width=268) (actual time=43525.862..43525.866 rows=1 loops=1)
   Buffers: shared hit=393917 read=3672178
   ->  Nested Loop  (cost=17326.55..5954202.76 rows=2 width=81) (actual time=11651.681..43525.682 rows=29 loops=1)
         Buffers: shared hit=393917 read=3672178
         ->  Nested Loop  (cost=17326.12..5953996.82 rows=28 width=54) (actual time=11466.601..43517.293 rows=453 loops=1)
               Buffers: shared hit=392979 read=3671304
               ->  Nested Loop  (cost=17325.69..5952503.84 rows=203 width=50) (actual time=11459.271..43476.451 rows=3478 loops=1)
                     Buffers: shared hit=380436 read=3669939
                     ->  Nested Loop  (cost=17325.27..5931083.08 rows=2912 width=50) (actual time=11457.210..42697.547 rows=78907 loops=1)
                           Buffers: shared hit=80197 read=3654950
                           ->  Hash Join  (cost=17324.96..5901110.00 rows=587538 width=54) (actual time=118.899..42528.017 rows=451322 loops=1)
                                 Hash Cond: (catalog_sales.cs_item_sk = item.i_item_sk)
                                 Buffers: shared hit=73786 read=3654950
                                 ->  Seq Scan on catalog_sales  (cost=0.00..5874397.76 rows=3576029 width=41) (actual time=0.223..41586.241 rows=3595775 loops=1)
                                       Filter: ((cs_wholesale_cost >= '78'::numeric) AND (cs_wholesale_cost <= '83'::numeric))
                                       Rows Removed by Filter: 140396524
                                       Buffers: shared hit=59430 read=3654950
                                 ->  Hash  (cost=16906.00..16906.00 rows=33517 width=21) (actual time=118.035..118.036 rows=33627 loops=1)
                                       Buckets: 65536  Batches: 1  Memory Usage: 2351kB
                                       Buffers: shared hit=14356
                                       ->  Seq Scan on item  (cost=0.00..16906.00 rows=33517 width=21) (actual time=0.040..111.298 rows=33627 loops=1)
                                             Filter: (i_category = 'Shoes'::bpchar)
                                             Rows Removed by Filter: 170373
                                             Buffers: shared hit=14356
                           ->  Memoize  (cost=0.30..7.22 rows=1 width=4) (actual time=0.000..0.000 rows=0 loops=451322)
                                 Cache Key: catalog_sales.cs_sold_date_sk
                                 Cache Mode: logical
                                 Hits: 449184  Misses: 2138  Evictions: 0  Overflows: 0  Memory Usage: 155kB
                                 Buffers: shared hit=6411
                                 ->  Index Scan using date_dim_pkey on date_dim  (cost=0.29..7.21 rows=1 width=4) (actual time=0.014..0.014 rows=0 loops=2138)
                                       Index Cond: (d_date_sk = catalog_sales.cs_sold_date_sk)
                                       Filter: (d_year = 2000)
                                       Rows Removed by Filter: 1
                                       Buffers: shared hit=6411
                     ->  Index Scan using customer_demographics_pkey on customer_demographics  (cost=0.43..7.36 rows=1 width=8) (actual time=0.010..0.010 rows=0 loops=78907)
                           Index Cond: (cd_demo_sk = catalog_sales.cs_bill_cdemo_sk)
                           Filter: ((cd_gender = 'F'::bpchar) AND (cd_education_status = 'Unknown'::bpchar))
                           Rows Removed by Filter: 1
                           Buffers: shared hit=300239 read=14989
               ->  Index Scan using customer_pkey on customer  (cost=0.43..7.35 rows=1 width=12) (actual time=0.011..0.011 rows=0 loops=3478)
                     Index Cond: (c_customer_sk = catalog_sales.cs_bill_customer_sk)
                     Filter: (c_birth_month = 10)
                     Rows Removed by Filter: 1
                     Buffers: shared hit=12543 read=1365
         ->  Index Scan using customer_address_pkey on customer_address  (cost=0.42..7.35 rows=1 width=35) (actual time=0.017..0.017 rows=0 loops=453)
               Index Cond: (ca_address_sk = customer.c_current_addr_sk)
               Filter: (ca_state = ANY ('{CO,GA,LA}'::bpchar[]))
               Rows Removed by Filter: 1
               Buffers: shared hit=938 read=874
 Planning:
   Buffers: shared hit=454
 Planning Time: 4.401 ms
 Execution Time: 43526.555 ms
(53 rows)

