                                                                                  QUERY PLAN                                                                                   
-------------------------------------------------------------------------------------------------------------------------------------------------------------------------------
 Aggregate  (cost=5949346.38..5949346.39 rows=1 width=268) (actual time=44587.793..44587.798 rows=1 loops=1)
   Buffers: shared hit=809528 read=3690594
   ->  Nested Loop  (cost=17119.15..5949346.33 rows=2 width=81) (actual time=18057.272..44587.664 rows=19 loops=1)
         Buffers: shared hit=809528 read=3690594
         ->  Nested Loop  (cost=17118.72..5949250.68 rows=13 width=54) (actual time=17839.300..44579.801 rows=319 loops=1)
               Buffers: shared hit=808861 read=3689985
               ->  Nested Loop  (cost=17118.29..5948103.40 rows=156 width=50) (actual time=17821.631..44517.782 rows=3826 loops=1)
                     Buffers: shared hit=796299 read=3687247
                     ->  Nested Loop  (cost=17117.87..5931927.72 rows=2199 width=50) (actual time=17809.384..42395.947 rows=187348 loops=1)
                           Buffers: shared hit=74756 read=3660391
                           ->  Hash Join  (cost=17117.56..5905552.13 rows=443638 width=54) (actual time=131.452..42093.590 rows=940903 loops=1)
                                 Hash Cond: (catalog_sales.cs_item_sk = item.i_item_sk)
                                 Buffers: shared hit=68345 read=3660391
                                 ->  Seq Scan on catalog_sales  (cost=0.00..5874397.76 rows=5347244 width=41) (actual time=0.043..40755.622 rows=5484290 loops=1)
                                       Filter: ((cs_wholesale_cost >= '95'::numeric) AND (cs_wholesale_cost <= '100'::numeric))
                                       Rows Removed by Filter: 138508009
                                       Buffers: shared hit=66945 read=3647435
                                 ->  Hash  (cost=16906.00..16906.00 rows=16925 width=21) (actual time=131.219..131.220 rows=17141 loops=1)
                                       Buckets: 32768  Batches: 1  Memory Usage: 1194kB
                                       Buffers: shared hit=1400 read=12956
                                       ->  Seq Scan on item  (cost=0.00..16906.00 rows=16925 width=21) (actual time=0.022..126.633 rows=17141 loops=1)
                                             Filter: (i_category = 'Home'::bpchar)
                                             Rows Removed by Filter: 186859
                                             Buffers: shared hit=1400 read=12956
                           ->  Memoize  (cost=0.30..7.22 rows=1 width=4) (actual time=0.000..0.000 rows=0 loops=940903)
                                 Cache Key: catalog_sales.cs_sold_date_sk
                                 Cache Mode: logical
                                 Hits: 938765  Misses: 2138  Evictions: 0  Overflows: 0  Memory Usage: 155kB
                                 Buffers: shared hit=6411
                                 ->  Index Scan using date_dim_pkey on date_dim  (cost=0.29..7.21 rows=1 width=4) (actual time=0.012..0.012 rows=0 loops=2138)
                                       Index Cond: (d_date_sk = catalog_sales.cs_sold_date_sk)
                                       Filter: (d_year = 2001)
                                       Rows Removed by Filter: 1
                                       Buffers: shared hit=6411
                     ->  Index Scan using customer_demographics_pkey on customer_demographics  (cost=0.43..7.36 rows=1 width=8) (actual time=0.011..0.011 rows=0 loops=187348)
                           Index Cond: (cd_demo_sk = catalog_sales.cs_bill_cdemo_sk)
                           Filter: ((cd_gender = 'F'::bpchar) AND (cd_education_status = 'Primary'::bpchar))
                           Rows Removed by Filter: 1
                           Buffers: shared hit=721543 read=26856
               ->  Index Scan using customer_pkey on customer  (cost=0.43..7.35 rows=1 width=12) (actual time=0.016..0.016 rows=0 loops=3826)
                     Index Cond: (c_customer_sk = catalog_sales.cs_bill_customer_sk)
                     Filter: (c_birth_month = 11)
                     Rows Removed by Filter: 1
                     Buffers: shared hit=12562 read=2738
         ->  Index Scan using customer_address_pkey on customer_address  (cost=0.42..7.36 rows=1 width=35) (actual time=0.023..0.023 rows=0 loops=319)
               Index Cond: (ca_address_sk = customer.c_current_addr_sk)
               Filter: (ca_state = ANY ('{GA,MI,TX}'::bpchar[]))
               Rows Removed by Filter: 1
               Buffers: shared hit=667 read=609
 Planning:
   Buffers: shared hit=405 read=49
 Planning Time: 4.459 ms
 Execution Time: 44588.258 ms
(53 rows)

