                                                                              QUERY PLAN                                                                               
-----------------------------------------------------------------------------------------------------------------------------------------------------------------------
 Aggregate  (cost=5944263.87..5944263.88 rows=1 width=268) (actual time=44336.456..44336.462 rows=1 loops=1)
   Buffers: shared hit=417716 read=3716979
   ->  Nested Loop  (cost=17220.72..5944263.84 rows=1 width=81) (actual time=19905.555..44336.417 rows=5 loops=1)
         Buffers: shared hit=417716 read=3716979
         ->  Nested Loop  (cost=17220.30..5944197.60 rows=9 width=54) (actual time=18427.355..44332.564 rows=202 loops=1)
               Buffers: shared hit=417261 read=3716626
               ->  Nested Loop  (cost=17219.87..5943270.74 rows=126 width=54) (actual time=18427.335..44278.309 rows=5314 loops=1)
                     Buffers: shared hit=396200 read=3716439
                     ->  Nested Loop  (cost=17219.44..5927267.15 rows=2176 width=50) (actual time=18425.736..43281.740 rows=94487 loops=1)
                           Buffers: shared hit=60848 read=3674299
                           ->  Hash Join  (cost=17219.14..5901004.17 rows=439133 width=54) (actual time=141.247..43062.897 rows=644475 loops=1)
                                 Hash Cond: (catalog_sales.cs_item_sk = item.i_item_sk)
                                 Buffers: shared hit=54437 read=3674299
                                 ->  Seq Scan on catalog_sales  (cost=0.00..5874397.76 rows=3576029 width=41) (actual time=0.078..42050.260 rows=3595775 loops=1)
                                       Filter: ((cs_wholesale_cost >= '77'::numeric) AND (cs_wholesale_cost <= '82'::numeric))
                                       Rows Removed by Filter: 140396524
                                       Buffers: shared hit=54295 read=3660085
                                 ->  Hash  (cost=16906.00..16906.00 rows=25051 width=21) (actual time=140.767..140.768 rows=24688 loops=1)
                                       Buckets: 32768  Batches: 1  Memory Usage: 1607kB
                                       Buffers: shared hit=142 read=14214
                                       ->  Seq Scan on item  (cost=0.00..16906.00 rows=25051 width=21) (actual time=0.022..134.789 rows=24688 loops=1)
                                             Filter: (i_category = 'Books'::bpchar)
                                             Rows Removed by Filter: 179312
                                             Buffers: shared hit=142 read=14214
                           ->  Memoize  (cost=0.30..7.22 rows=1 width=4) (actual time=0.000..0.000 rows=0 loops=644475)
                                 Cache Key: catalog_sales.cs_sold_date_sk
                                 Cache Mode: logical
                                 Hits: 642337  Misses: 2138  Evictions: 0  Overflows: 0  Memory Usage: 155kB
                                 Buffers: shared hit=6411
                                 ->  Index Scan using date_dim_pkey on date_dim  (cost=0.29..7.21 rows=1 width=4) (actual time=0.012..0.012 rows=0 loops=2138)
                                       Index Cond: (d_date_sk = catalog_sales.cs_sold_date_sk)
                                       Filter: (d_year = 2001)
                                       Rows Removed by Filter: 1
                                       Buffers: shared hit=6411
                     ->  Index Scan using customer_pkey on customer  (cost=0.43..7.35 rows=1 width=12) (actual time=0.010..0.010 rows=0 loops=94487)
                           Index Cond: (c_customer_sk = catalog_sales.cs_bill_customer_sk)
                           Filter: (c_birth_month = 3)
                           Rows Removed by Filter: 1
                           Buffers: shared hit=335352 read=42140
               ->  Index Scan using customer_demographics_pkey on customer_demographics  (cost=0.43..7.36 rows=1 width=8) (actual time=0.010..0.010 rows=0 loops=5314)
                     Index Cond: (cd_demo_sk = catalog_sales.cs_bill_cdemo_sk)
                     Filter: ((cd_gender = 'F'::bpchar) AND (cd_education_status = '4 yr Degree'::bpchar))
                     Rows Removed by Filter: 1
                     Buffers: shared hit=21061 read=187
         ->  Index Scan using customer_address_pkey on customer_address  (cost=0.42..7.36 rows=1 width=35) (actual time=0.018..0.018 rows=0 loops=202)
               Index Cond: (ca_address_sk = customer.c_current_addr_sk)
               Filter: (ca_state = ANY ('{NE,TX,VA}'::bpchar[]))
               Rows Removed by Filter: 1
               Buffers: shared hit=455 read=353
 Planning:
   Buffers: shared hit=409 read=45
 Planning Time: 5.128 ms
 Execution Time: 44337.108 ms
(53 rows)

