                                                                              QUERY PLAN                                                                               
-----------------------------------------------------------------------------------------------------------------------------------------------------------------------
 Aggregate  (cost=6002858.84..6002858.85 rows=1 width=268) (actual time=49027.051..49027.057 rows=1 loops=1)
   Buffers: shared hit=305074 read=3706069
   ->  Nested Loop  (cost=17073.85..6002858.78 rows=2 width=81) (actual time=667.778..49026.978 rows=10 loops=1)
         Buffers: shared hit=305074 read=3706069
         ->  Nested Loop  (cost=17073.42..6002696.90 rows=22 width=54) (actual time=133.819..49022.565 rows=229 loops=1)
               Buffers: shared hit=304576 read=3705651
               ->  Nested Loop  (cost=17072.99..6000365.11 rows=317 width=54) (actual time=131.941..48970.542 rows=4377 loops=1)
                     Buffers: shared hit=287496 read=3705251
                     ->  Nested Loop  (cost=17072.57..5966823.15 rows=4561 width=50) (actual time=131.847..48238.985 rows=64480 loops=1)
                           Buffers: shared hit=56900 read=3678247
                           ->  Hash Join  (cost=17072.26..5928527.69 rows=920437 width=54) (actual time=131.791..48063.195 rows=481128 loops=1)
                                 Hash Cond: (catalog_sales.cs_item_sk = item.i_item_sk)
                                 Buffers: shared hit=50489 read=3678247
                                 ->  Seq Scan on catalog_sales  (cost=0.00..5874397.76 rows=14116916 width=41) (actual time=0.058..45686.536 rows=14129630 loops=1)
                                       Filter: ((cs_wholesale_cost >= '15'::numeric) AND (cs_wholesale_cost <= '20'::numeric))
                                       Rows Removed by Filter: 129862669
                                       Buffers: shared hit=40045 read=3674335
                                 ->  Hash  (cost=16906.00..16906.00 rows=13301 width=21) (actual time=131.505..131.506 rows=13933 loops=1)
                                       Buckets: 16384  Batches: 1  Memory Usage: 890kB
                                       Buffers: shared hit=10444 read=3912
                                       ->  Seq Scan on item  (cost=0.00..16906.00 rows=13301 width=21) (actual time=0.027..128.098 rows=13933 loops=1)
                                             Filter: (i_category = 'Men'::bpchar)
                                             Rows Removed by Filter: 190067
                                             Buffers: shared hit=10444 read=3912
                           ->  Memoize  (cost=0.30..7.22 rows=1 width=4) (actual time=0.000..0.000 rows=0 loops=481128)
                                 Cache Key: catalog_sales.cs_sold_date_sk
                                 Cache Mode: logical
                                 Hits: 478990  Misses: 2138  Evictions: 0  Overflows: 0  Memory Usage: 155kB
                                 Buffers: shared hit=6411
                                 ->  Index Scan using date_dim_pkey on date_dim  (cost=0.29..7.21 rows=1 width=4) (actual time=0.012..0.012 rows=0 loops=2138)
                                       Index Cond: (d_date_sk = catalog_sales.cs_sold_date_sk)
                                       Filter: (d_year = 1998)
                                       Rows Removed by Filter: 1
                                       Buffers: shared hit=6411
                     ->  Index Scan using customer_pkey on customer  (cost=0.43..7.35 rows=1 width=12) (actual time=0.011..0.011 rows=0 loops=64480)
                           Index Cond: (c_customer_sk = catalog_sales.cs_bill_customer_sk)
                           Filter: (c_birth_month = 12)
                           Rows Removed by Filter: 1
                           Buffers: shared hit=230596 read=27004
               ->  Index Scan using customer_demographics_pkey on customer_demographics  (cost=0.43..7.36 rows=1 width=8) (actual time=0.011..0.011 rows=0 loops=4377)
                     Index Cond: (cd_demo_sk = catalog_sales.cs_bill_cdemo_sk)
                     Filter: ((cd_gender = 'F'::bpchar) AND (cd_education_status = 'College'::bpchar))
                     Rows Removed by Filter: 1
                     Buffers: shared hit=17080 read=400
         ->  Index Scan using customer_address_pkey on customer_address  (cost=0.42..7.36 rows=1 width=35) (actual time=0.018..0.018 rows=0 loops=229)
               Index Cond: (ca_address_sk = customer.c_current_addr_sk)
               Filter: (ca_state = ANY ('{GA,IN,SC}'::bpchar[]))
               Rows Removed by Filter: 1
               Buffers: shared hit=498 read=418
 Planning:
   Buffers: shared hit=408 read=46
 Planning Time: 4.572 ms
 Execution Time: 49027.648 ms
(53 rows)

