                                                                            QUERY PLAN                                                                            
------------------------------------------------------------------------------------------------------------------------------------------------------------------
 Aggregate  (cost=5972575.01..5972575.02 rows=1 width=268) (actual time=47225.446..47225.451 rows=1 loops=1)
   Buffers: shared hit=515733 read=3735830
   ->  Nested Loop  (cost=17220.72..5972574.98 rows=1 width=81) (actual time=1945.650..47225.373 rows=10 loops=1)
         Buffers: shared hit=515733 read=3735830
         ->  Nested Loop  (cost=17220.29..5972560.27 rows=2 width=81) (actual time=159.735..47223.346 rows=121 loops=1)
               Buffers: shared hit=515310 read=3735769
               ->  Nested Loop  (cost=17219.87..5972168.67 rows=53 width=54) (actual time=132.046..47194.599 rows=1760 loops=1)
                     Buffers: shared hit=511528 read=3732511
                     ->  Nested Loop  (cost=17219.44..5943450.18 rows=3905 width=50) (actual time=129.573..45853.517 rows=127373 loops=1)
                           Buffers: shared hit=53529 read=3681618
                           ->  Hash Join  (cost=17219.14..5908463.58 rows=788081 width=54) (actual time=129.531..45514.715 rows=1093614 loops=1)
                                 Hash Cond: (catalog_sales.cs_item_sk = item.i_item_sk)
                                 Buffers: shared hit=47118 read=3681618
                                 ->  Seq Scan on catalog_sales  (cost=0.00..5874397.76 rows=6417653 width=41) (actual time=0.058..43980.185 rows=6094526 loops=1)
                                       Filter: ((cs_wholesale_cost >= '63'::numeric) AND (cs_wholesale_cost <= '68'::numeric))
                                       Rows Removed by Filter: 137897773
                                       Buffers: shared hit=32762 read=3681618
                                 ->  Hash  (cost=16906.00..16906.00 rows=25051 width=21) (actual time=129.135..129.135 rows=24688 loops=1)
                                       Buckets: 32768  Batches: 1  Memory Usage: 1607kB
                                       Buffers: shared hit=14356
                                       ->  Seq Scan on item  (cost=0.00..16906.00 rows=25051 width=21) (actual time=0.018..123.915 rows=24688 loops=1)
                                             Filter: (i_category = 'Books'::bpchar)
                                             Rows Removed by Filter: 179312
                                             Buffers: shared hit=14356
                           ->  Memoize  (cost=0.30..7.22 rows=1 width=4) (actual time=0.000..0.000 rows=0 loops=1093614)
                                 Cache Key: catalog_sales.cs_sold_date_sk
                                 Cache Mode: logical
                                 Hits: 1091476  Misses: 2138  Evictions: 0  Overflows: 0  Memory Usage: 155kB
                                 Buffers: shared hit=6411
                                 ->  Index Scan using date_dim_pkey on date_dim  (cost=0.29..7.21 rows=1 width=4) (actual time=0.012..0.012 rows=0 loops=2138)
                                       Index Cond: (d_date_sk = catalog_sales.cs_sold_date_sk)
                                       Filter: (d_year = 1998)
                                       Rows Removed by Filter: 1
                                       Buffers: shared hit=6411
                     ->  Index Scan using customer_pkey on customer  (cost=0.43..7.35 rows=1 width=12) (actual time=0.010..0.010 rows=0 loops=127373)
                           Index Cond: (c_customer_sk = catalog_sales.cs_bill_customer_sk)
                           Filter: (c_birth_month = 5)
                           Rows Removed by Filter: 1
                           Buffers: shared hit=457999 read=50893
               ->  Index Scan using customer_address_pkey on customer_address  (cost=0.42..7.39 rows=1 width=35) (actual time=0.016..0.016 rows=0 loops=1760)
                     Index Cond: (ca_address_sk = customer.c_current_addr_sk)
                     Filter: (ca_state = ANY ('{MA,NY,WI}'::bpchar[]))
                     Rows Removed by Filter: 1
                     Buffers: shared hit=3782 read=3258
         ->  Index Scan using customer_demographics_pkey on customer_demographics  (cost=0.43..7.36 rows=1 width=8) (actual time=0.015..0.015 rows=0 loops=121)
               Index Cond: (cd_demo_sk = catalog_sales.cs_bill_cdemo_sk)
               Filter: ((cd_gender = 'M'::bpchar) AND (cd_education_status = 'College'::bpchar))
               Rows Removed by Filter: 1
               Buffers: shared hit=423 read=61
 Planning:
   Buffers: shared hit=454
 Planning Time: 4.578 ms
 Execution Time: 47226.121 ms
(53 rows)

