                                                                                  QUERY PLAN                                                                                   
-------------------------------------------------------------------------------------------------------------------------------------------------------------------------------
 Aggregate  (cost=5995265.28..5995265.29 rows=1 width=268) (actual time=54958.059..54958.065 rows=1 loops=1)
   Buffers: shared hit=1692897 read=3721246
   ->  Nested Loop  (cost=17119.15..5995265.14 rows=5 width=81) (actual time=20074.314..54956.683 rows=238 loops=1)
         Buffers: shared hit=1692897 read=3721246
         ->  Nested Loop  (cost=17118.72..5994868.01 rows=54 width=54) (actual time=20045.829..54871.155 rows=4246 loops=1)
               Buffers: shared hit=1681118 read=3716041
               ->  Nested Loop  (cost=17118.29..5992514.69 rows=320 width=50) (actual time=20041.973..54418.650 rows=25273 loops=1)
                     Buffers: shared hit=1595107 read=3701020
                     ->  Nested Loop  (cost=17117.87..5958950.09 rows=4563 width=50) (actual time=20041.881..48397.160 rows=390721 loops=1)
                           Buffers: shared hit=67925 read=3667222
                           ->  Hash Join  (cost=17117.56..5920647.36 rows=920728 width=54) (actual time=120.541..47811.380 rows=1963823 loops=1)
                                 Hash Cond: (catalog_sales.cs_item_sk = item.i_item_sk)
                                 Buffers: shared hit=61514 read=3667222
                                 ->  Seq Scan on catalog_sales  (cost=0.00..5874397.76 rows=11097691 width=41) (actual time=0.045..45492.886 rows=11458169 loops=1)
                                       Filter: ((cs_wholesale_cost >= '58'::numeric) AND (cs_wholesale_cost <= '63'::numeric))
                                       Rows Removed by Filter: 132534130
                                       Buffers: shared hit=47169 read=3667211
                                 ->  Hash  (cost=16906.00..16906.00 rows=16925 width=21) (actual time=120.217..120.218 rows=17141 loops=1)
                                       Buckets: 32768  Batches: 1  Memory Usage: 1194kB
                                       Buffers: shared hit=14345 read=11
                                       ->  Seq Scan on item  (cost=0.00..16906.00 rows=16925 width=21) (actual time=0.026..116.626 rows=17141 loops=1)
                                             Filter: (i_category = 'Home'::bpchar)
                                             Rows Removed by Filter: 186859
                                             Buffers: shared hit=14345 read=11
                           ->  Memoize  (cost=0.30..7.22 rows=1 width=4) (actual time=0.000..0.000 rows=0 loops=1963823)
                                 Cache Key: catalog_sales.cs_sold_date_sk
                                 Cache Mode: logical
                                 Hits: 1961685  Misses: 2138  Evictions: 0  Overflows: 0  Memory Usage: 155kB
                                 Buffers: shared hit=6411
                                 ->  Index Scan using date_dim_pkey on date_dim  (cost=0.29..7.21 rows=1 width=4) (actual time=0.013..0.013 rows=0 loops=2138)
                                       Index Cond: (d_date_sk = catalog_sales.cs_sold_date_sk)
                                       Filter: (d_year = 2001)
                                       Rows Removed by Filter: 1
                                       Buffers: shared hit=6411
                     ->  Index Scan using customer_demographics_pkey on customer_demographics  (cost=0.43..7.36 rows=1 width=8) (actual time=0.015..0.015 rows=0 loops=390721)
                           Index Cond: (cd_demo_sk = catalog_sales.cs_bill_cdemo_sk)
                           Filter: ((cd_gender = 'F'::bpchar) AND (cd_education_status = '2 yr Degree'::bpchar))
                           Rows Removed by Filter: 1
                           Buffers: shared hit=1527182 read=33798
               ->  Index Scan using customer_pkey on customer  (cost=0.43..7.35 rows=1 width=12) (actual time=0.018..0.018 rows=0 loops=25273)
                     Index Cond: (c_customer_sk = catalog_sales.cs_bill_customer_sk)
                     Filter: (c_birth_month = 4)
                     Rows Removed by Filter: 1
                     Buffers: shared hit=86011 read=15021
         ->  Index Scan using customer_address_pkey on customer_address  (cost=0.42..7.35 rows=1 width=35) (actual time=0.020..0.020 rows=0 loops=4246)
               Index Cond: (ca_address_sk = customer.c_current_addr_sk)
               Filter: (ca_state = ANY ('{MT,OK,VA}'::bpchar[]))
               Rows Removed by Filter: 1
               Buffers: shared hit=11779 read=5205
 Planning:
   Buffers: shared hit=405 read=49
 Planning Time: 5.058 ms
 Execution Time: 54958.690 ms
(53 rows)

