                                                                            QUERY PLAN                                                                            
------------------------------------------------------------------------------------------------------------------------------------------------------------------
 Aggregate  (cost=5938384.34..5938384.35 rows=1 width=268) (actual time=46754.865..46754.870 rows=1 loops=1)
   Buffers: shared hit=464025 read=3729338
   ->  Nested Loop  (cost=17119.15..5938384.31 rows=1 width=81) (actual time=15197.298..46754.796 rows=9 loops=1)
         Buffers: shared hit=464025 read=3729338
         ->  Nested Loop  (cost=17118.72..5938332.82 rows=7 width=81) (actual time=12329.254..46749.136 rows=452 loops=1)
               Buffers: shared hit=462257 read=3729298
               ->  Nested Loop  (cost=17118.29..5937493.95 rows=114 width=54) (actual time=12303.179..46641.394 rows=7221 loops=1)
                     Buffers: shared hit=443232 read=3719439
                     ->  Nested Loop  (cost=17117.87..5925476.66 rows=1634 width=50) (actual time=12300.627..45517.286 rows=107033 loops=1)
                           Buffers: shared hit=61797 read=3673350
                           ->  Hash Join  (cost=17117.56..5901948.42 rows=329742 width=54) (actual time=151.337..45290.967 rows=685697 loops=1)
                                 Hash Cond: (catalog_sales.cs_item_sk = item.i_item_sk)
                                 Buffers: shared hit=55386 read=3673350
                                 ->  Seq Scan on catalog_sales  (cost=0.00..5874397.76 rows=3974433 width=41) (actual time=0.096..44241.381 rows=3999274 loops=1)
                                       Filter: ((cs_wholesale_cost >= '39'::numeric) AND (cs_wholesale_cost <= '44'::numeric))
                                       Rows Removed by Filter: 139993025
                                       Buffers: shared hit=55386 read=3658994
                                 ->  Hash  (cost=16906.00..16906.00 rows=16925 width=21) (actual time=150.870..150.870 rows=17141 loops=1)
                                       Buckets: 32768  Batches: 1  Memory Usage: 1194kB
                                       Buffers: shared read=14356
                                       ->  Seq Scan on item  (cost=0.00..16906.00 rows=16925 width=21) (actual time=0.028..145.777 rows=17141 loops=1)
                                             Filter: (i_category = 'Home'::bpchar)
                                             Rows Removed by Filter: 186859
                                             Buffers: shared read=14356
                           ->  Memoize  (cost=0.30..7.22 rows=1 width=4) (actual time=0.000..0.000 rows=0 loops=685697)
                                 Cache Key: catalog_sales.cs_sold_date_sk
                                 Cache Mode: logical
                                 Hits: 683559  Misses: 2138  Evictions: 0  Overflows: 0  Memory Usage: 155kB
                                 Buffers: shared hit=6411
                                 ->  Index Scan using date_dim_pkey on date_dim  (cost=0.29..7.21 rows=1 width=4) (actual time=0.012..0.012 rows=0 loops=2138)
                                       Index Cond: (d_date_sk = catalog_sales.cs_sold_date_sk)
                                       Filter: (d_year = 2000)
                                       Rows Removed by Filter: 1
                                       Buffers: shared hit=6411
                     ->  Index Scan using customer_pkey on customer  (cost=0.43..7.35 rows=1 width=12) (actual time=0.010..0.010 rows=0 loops=107033)
                           Index Cond: (c_customer_sk = catalog_sales.cs_bill_customer_sk)
                           Filter: (c_birth_month = 12)
                           Rows Removed by Filter: 1
                           Buffers: shared hit=381435 read=46089
               ->  Index Scan using customer_address_pkey on customer_address  (cost=0.42..7.36 rows=1 width=35) (actual time=0.015..0.015 rows=0 loops=7221)
                     Index Cond: (ca_address_sk = customer.c_current_addr_sk)
                     Filter: (ca_state = ANY ('{KS,NY,UT}'::bpchar[]))
                     Rows Removed by Filter: 1
                     Buffers: shared hit=19025 read=9859
         ->  Index Scan using customer_demographics_pkey on customer_demographics  (cost=0.43..7.36 rows=1 width=8) (actual time=0.012..0.012 rows=0 loops=452)
               Index Cond: (cd_demo_sk = catalog_sales.cs_bill_cdemo_sk)
               Filter: ((cd_gender = 'F'::bpchar) AND (cd_education_status = 'Secondary'::bpchar))
               Rows Removed by Filter: 1
               Buffers: shared hit=1768 read=40
 Planning:
   Buffers: shared hit=404 read=50
 Planning Time: 4.760 ms
 Execution Time: 46755.322 ms
(53 rows)

