                                                                                  QUERY PLAN                                                                                  
------------------------------------------------------------------------------------------------------------------------------------------------------------------------------
 Aggregate  (cost=5935873.06..5935873.07 rows=1 width=268) (actual time=42519.650..42519.655 rows=1 loops=1)
   Buffers: shared hit=162628 read=3640923
   ->  Nested Loop  (cost=17019.78..5935873.03 rows=1 width=81) (actual time=780.501..42519.621 rows=3 loops=1)
         Buffers: shared hit=162628 read=3640923
         ->  Nested Loop  (cost=17019.36..5935799.47 rows=10 width=54) (actual time=165.000..42517.247 rows=114 loops=1)
               Buffers: shared hit=162358 read=3640737
               ->  Nested Loop  (cost=17018.93..5935196.42 rows=82 width=50) (actual time=143.362..42500.426 rows=1086 loops=1)
                     Buffers: shared hit=158801 read=3639950
                     ->  Nested Loop  (cost=17018.50..5926619.40 rows=1166 width=50) (actual time=124.832..42297.972 rows=15927 loops=1)
                           Buffers: shared hit=101286 read=3633861
                           ->  Hash Join  (cost=17018.20..5905452.76 rows=235279 width=54) (actual time=124.795..42219.741 rows=119705 loops=1)
                                 Hash Cond: (catalog_sales.cs_item_sk = item.i_item_sk)
                                 Buffers: shared hit=94875 read=3633861
                                 ->  Seq Scan on catalog_sales  (cost=0.00..5874397.76 rows=5347244 width=41) (actual time=0.352..41138.166 rows=5484290 loops=1)
                                       Filter: ((cs_wholesale_cost >= '100'::numeric) AND (cs_wholesale_cost <= '105'::numeric))
                                       Rows Removed by Filter: 138508009
                                       Buffers: shared hit=80646 read=3633734
                                 ->  Hash  (cost=16906.00..16906.00 rows=8976 width=21) (actual time=124.130..124.131 rows=8826 loops=1)
                                       Buckets: 16384  Batches: 1  Memory Usage: 611kB
                                       Buffers: shared hit=14229 read=127
                                       ->  Seq Scan on item  (cost=0.00..16906.00 rows=8976 width=21) (actual time=0.017..122.131 rows=8826 loops=1)
                                             Filter: (i_category = 'Jewelry'::bpchar)
                                             Rows Removed by Filter: 195174
                                             Buffers: shared hit=14229 read=127
                           ->  Memoize  (cost=0.30..7.22 rows=1 width=4) (actual time=0.000..0.000 rows=0 loops=119705)
                                 Cache Key: catalog_sales.cs_sold_date_sk
                                 Cache Mode: logical
                                 Hits: 117567  Misses: 2138  Evictions: 0  Overflows: 0  Memory Usage: 155kB
                                 Buffers: shared hit=6411
                                 ->  Index Scan using date_dim_pkey on date_dim  (cost=0.29..7.21 rows=1 width=4) (actual time=0.012..0.012 rows=0 loops=2138)
                                       Index Cond: (d_date_sk = catalog_sales.cs_sold_date_sk)
                                       Filter: (d_year = 1998)
                                       Rows Removed by Filter: 1
                                       Buffers: shared hit=6411
                     ->  Index Scan using customer_demographics_pkey on customer_demographics  (cost=0.43..7.36 rows=1 width=8) (actual time=0.012..0.012 rows=0 loops=15927)
                           Index Cond: (cd_demo_sk = catalog_sales.cs_bill_cdemo_sk)
                           Filter: ((cd_gender = 'F'::bpchar) AND (cd_education_status = '2 yr Degree'::bpchar))
                           Rows Removed by Filter: 1
                           Buffers: shared hit=57515 read=6089
               ->  Index Scan using customer_pkey on customer  (cost=0.43..7.35 rows=1 width=12) (actual time=0.015..0.015 rows=0 loops=1086)
                     Index Cond: (c_customer_sk = catalog_sales.cs_bill_customer_sk)
                     Filter: (c_birth_month = 8)
                     Rows Removed by Filter: 1
                     Buffers: shared hit=3557 read=787
         ->  Index Scan using customer_address_pkey on customer_address  (cost=0.42..7.36 rows=1 width=35) (actual time=0.019..0.019 rows=0 loops=114)
               Index Cond: (ca_address_sk = customer.c_current_addr_sk)
               Filter: (ca_state = ANY ('{ND,OH,SC}'::bpchar[]))
               Rows Removed by Filter: 1
               Buffers: shared hit=270 read=186
 Planning:
   Buffers: shared hit=454
 Planning Time: 4.417 ms
 Execution Time: 42520.299 ms
(53 rows)

