                                                                                     QUERY PLAN                                                                                      
-------------------------------------------------------------------------------------------------------------------------------------------------------------------------------------
 Aggregate  (cost=5995630.22..5995630.23 rows=1 width=268) (actual time=56495.960..56495.965 rows=1 loops=1)
   Buffers: shared hit=2080134 read=3702048
   ->  Nested Loop  (cost=2393.34..5995630.16 rows=2 width=81) (actual time=19680.446..56495.844 rows=15 loops=1)
         Buffers: shared hit=2080134 read=3702048
         ->  Nested Loop  (cost=2392.91..5995497.78 rows=18 width=54) (actual time=19549.232..56489.396 rows=259 loops=1)
               Buffers: shared hit=2079607 read=3701539
               ->  Nested Loop  (cost=2392.49..5994541.66 rows=130 width=50) (actual time=19542.151..56455.856 rows=1717 loops=1)
                     Buffers: shared hit=2073706 read=3700572
                     ->  Nested Loop  (cost=2392.07..5987277.78 rows=989 width=37) (actual time=19540.185..55967.990 rows=26227 loops=1)
                           Buffers: shared hit=1983777 read=3685593
                           ->  Hash Join  (cost=2391.64..5884211.29 rows=14011 width=37) (actual time=19539.650..47529.744 rows=488984 loops=1)
                                 Hash Cond: (catalog_sales.cs_sold_date_sk = date_dim.d_date_sk)
                                 Buffers: shared hit=84002 read=3631852
                                 ->  Seq Scan on catalog_sales  (cost=0.00..5874397.76 rows=2827223 width=41) (actual time=0.046..47065.896 rows=2916247 loops=1)
                                       Filter: ((cs_wholesale_cost >= '1'::numeric) AND (cs_wholesale_cost <= '6'::numeric))
                                       Rows Removed by Filter: 141076052
                                       Buffers: shared hit=83960 read=3630420
                                 ->  Hash  (cost=2387.11..2387.11 rows=362 width=4) (actual time=14.025..14.026 rows=365 loops=1)
                                       Buckets: 1024  Batches: 1  Memory Usage: 21kB
                                       Buffers: shared hit=42 read=1432
                                       ->  Seq Scan on date_dim  (cost=0.00..2387.11 rows=362 width=4) (actual time=6.879..13.982 rows=365 loops=1)
                                             Filter: (d_year = 2001)
                                             Rows Removed by Filter: 72684
                                             Buffers: shared hit=42 read=1432
                           ->  Index Scan using customer_demographics_pkey on customer_demographics  (cost=0.43..7.36 rows=1 width=8) (actual time=0.017..0.017 rows=0 loops=488984)
                                 Index Cond: (cd_demo_sk = catalog_sales.cs_bill_cdemo_sk)
                                 Filter: ((cd_gender = 'M'::bpchar) AND (cd_education_status = 'Advanced Degree'::bpchar))
                                 Rows Removed by Filter: 1
                                 Buffers: shared hit=1899775 read=53741
                     ->  Index Scan using item_pkey on item  (cost=0.42..7.34 rows=1 width=21) (actual time=0.018..0.018 rows=0 loops=26227)
                           Index Cond: (i_item_sk = catalog_sales.cs_item_sk)
                           Filter: (i_category = 'Children'::bpchar)
                           Rows Removed by Filter: 1
                           Buffers: shared hit=89929 read=14979
               ->  Index Scan using customer_pkey on customer  (cost=0.43..7.35 rows=1 width=12) (actual time=0.019..0.019 rows=0 loops=1717)
                     Index Cond: (c_customer_sk = catalog_sales.cs_bill_customer_sk)
                     Filter: (c_birth_month = 10)
                     Rows Removed by Filter: 1
                     Buffers: shared hit=5901 read=967
         ->  Index Scan using customer_address_pkey on customer_address  (cost=0.42..7.35 rows=1 width=35) (actual time=0.024..0.024 rows=0 loops=259)
               Index Cond: (ca_address_sk = customer.c_current_addr_sk)
               Filter: (ca_state = ANY ('{MT,TN,VA}'::bpchar[]))
               Rows Removed by Filter: 1
               Buffers: shared hit=527 read=509
 Planning:
   Buffers: shared hit=404 read=50
 Planning Time: 2.006 ms
 Execution Time: 56496.193 ms
(48 rows)

