                                                                               QUERY PLAN                                                                               
------------------------------------------------------------------------------------------------------------------------------------------------------------------------
 Aggregate  (cost=5996376.01..5996376.02 rows=1 width=268) (actual time=50210.910..50210.915 rows=1 loops=1)
   Buffers: shared hit=753124 read=3824035
   ->  Nested Loop  (cost=17180.68..5996375.95 rows=2 width=81) (actual time=12781.755..50210.491 rows=62 loops=1)
         Buffers: shared hit=753124 read=3824035
         ->  Nested Loop  (cost=17180.26..5996221.39 rows=21 width=54) (actual time=12695.082..50194.601 rows=819 loops=1)
               Buffers: shared hit=751388 read=3822495
               ->  Nested Loop  (cost=17179.83..5994088.20 rows=290 width=54) (actual time=12688.464..50061.612 rows=11347 loops=1)
                     Buffers: shared hit=706565 read=3821950
                     ->  Nested Loop  (cost=17179.40..5957104.10 rows=5029 width=50) (actual time=12688.216..47779.347 rows=198609 loops=1)
                           Buffers: shared hit=7906 read=3727241
                           ->  Hash Join  (cost=17179.10..5916449.98 rows=1014784 width=54) (actual time=143.058..47509.740 rows=794776 loops=1)
                                 Hash Cond: (catalog_sales.cs_item_sk = item.i_item_sk)
                                 Buffers: shared hit=1495 read=3727241
                                 ->  Seq Scan on catalog_sales  (cost=0.00..5874397.76 rows=9475278 width=41) (actual time=0.070..45565.565 rows=9280537 loops=1)
                                       Filter: ((cs_wholesale_cost >= '2'::numeric) AND (cs_wholesale_cost <= '7'::numeric))
                                       Rows Removed by Filter: 134711762
                                       Buffers: shared hit=217 read=3714163
                                 ->  Hash  (cost=16906.00..16906.00 rows=21848 width=21) (actual time=142.634..142.635 rows=21811 loops=1)
                                       Buckets: 32768  Batches: 1  Memory Usage: 1449kB
                                       Buffers: shared hit=1278 read=13078
                                       ->  Seq Scan on item  (cost=0.00..16906.00 rows=21848 width=21) (actual time=0.185..136.766 rows=21811 loops=1)
                                             Filter: (i_category = 'Sports'::bpchar)
                                             Rows Removed by Filter: 182189
                                             Buffers: shared hit=1278 read=13078
                           ->  Memoize  (cost=0.30..7.22 rows=1 width=4) (actual time=0.000..0.000 rows=0 loops=794776)
                                 Cache Key: catalog_sales.cs_sold_date_sk
                                 Cache Mode: logical
                                 Hits: 792638  Misses: 2138  Evictions: 0  Overflows: 0  Memory Usage: 155kB
                                 Buffers: shared hit=6411
                                 ->  Index Scan using date_dim_pkey on date_dim  (cost=0.29..7.21 rows=1 width=4) (actual time=0.012..0.012 rows=0 loops=2138)
                                       Index Cond: (d_date_sk = catalog_sales.cs_sold_date_sk)
                                       Filter: (d_year = 2000)
                                       Rows Removed by Filter: 1
                                       Buffers: shared hit=6411
                     ->  Index Scan using customer_pkey on customer  (cost=0.43..7.35 rows=1 width=12) (actual time=0.011..0.011 rows=0 loops=198609)
                           Index Cond: (c_customer_sk = catalog_sales.cs_bill_customer_sk)
                           Filter: (c_birth_month = 3)
                           Rows Removed by Filter: 1
                           Buffers: shared hit=698659 read=94709
               ->  Index Scan using customer_demographics_pkey on customer_demographics  (cost=0.43..7.36 rows=1 width=8) (actual time=0.011..0.011 rows=0 loops=11347)
                     Index Cond: (cd_demo_sk = catalog_sales.cs_bill_cdemo_sk)
                     Filter: ((cd_gender = 'M'::bpchar) AND (cd_education_status = 'Primary'::bpchar))
                     Rows Removed by Filter: 1
                     Buffers: shared hit=44823 read=545
         ->  Index Scan using customer_address_pkey on customer_address  (cost=0.42..7.36 rows=1 width=35) (actual time=0.018..0.018 rows=0 loops=819)
               Index Cond: (ca_address_sk = customer.c_current_addr_sk)
               Filter: (ca_state = ANY ('{IN,NC,TN}'::bpchar[]))
               Rows Removed by Filter: 1
               Buffers: shared hit=1736 read=1540
 Planning:
   Buffers: shared hit=454
 Planning Time: 4.487 ms
 Execution Time: 50211.578 ms
(53 rows)

