                                                                                  QUERY PLAN                                                                                   
-------------------------------------------------------------------------------------------------------------------------------------------------------------------------------
 Aggregate  (cost=6006674.91..6006674.92 rows=1 width=268) (actual time=55785.453..55785.458 rows=1 loops=1)
   Buffers: shared hit=1770602 read=3710333
   ->  Nested Loop  (cost=17220.72..6006674.82 rows=3 width=81) (actual time=29107.289..55784.406 rows=175 loops=1)
         Buffers: shared hit=1770602 read=3710333
         ->  Nested Loop  (cost=17220.30..6006321.76 rows=48 width=54) (actual time=29104.850..55709.607 rows=3511 loops=1)
               Buffers: shared hit=1762796 read=3704095
               ->  Nested Loop  (cost=17219.87..6003277.13 rows=414 width=50) (actual time=29103.952..55214.243 rows=30081 loops=1)
                     Buffers: shared hit=1658256 read=3688395
                     ->  Nested Loop  (cost=17219.44..5960863.39 rows=5766 width=50) (actual time=29099.755..49625.571 rows=403366 loops=1)
                           Buffers: shared hit=67124 read=3668023
                           ->  Hash Join  (cost=17219.14..5916490.01 rows=1163555 width=54) (actual time=137.027..49102.813 rows=1665205 loops=1)
                                 Hash Cond: (catalog_sales.cs_item_sk = item.i_item_sk)
                                 Buffers: shared hit=60713 read=3668023
                                 ->  Seq Scan on catalog_sales  (cost=0.00..5874397.76 rows=9475278 width=41) (actual time=0.045..46944.157 rows=9280537 loops=1)
                                       Filter: ((cs_wholesale_cost >= '5'::numeric) AND (cs_wholesale_cost <= '10'::numeric))
                                       Rows Removed by Filter: 134711762
                                       Buffers: shared hit=60145 read=3654235
                                 ->  Hash  (cost=16906.00..16906.00 rows=25051 width=21) (actual time=136.761..136.762 rows=24688 loops=1)
                                       Buckets: 32768  Batches: 1  Memory Usage: 1607kB
                                       Buffers: shared hit=568 read=13788
                                       ->  Seq Scan on item  (cost=0.00..16906.00 rows=25051 width=21) (actual time=0.022..130.877 rows=24688 loops=1)
                                             Filter: (i_category = 'Books'::bpchar)
                                             Rows Removed by Filter: 179312
                                             Buffers: shared hit=568 read=13788
                           ->  Memoize  (cost=0.30..7.22 rows=1 width=4) (actual time=0.000..0.000 rows=0 loops=1665205)
                                 Cache Key: catalog_sales.cs_sold_date_sk
                                 Cache Mode: logical
                                 Hits: 1663067  Misses: 2138  Evictions: 0  Overflows: 0  Memory Usage: 155kB
                                 Buffers: shared hit=6411
                                 ->  Index Scan using date_dim_pkey on date_dim  (cost=0.29..7.21 rows=1 width=4) (actual time=0.014..0.014 rows=0 loops=2138)
                                       Index Cond: (d_date_sk = catalog_sales.cs_sold_date_sk)
                                       Filter: (d_year = 2002)
                                       Rows Removed by Filter: 1
                                       Buffers: shared hit=6411
                     ->  Index Scan using customer_demographics_pkey on customer_demographics  (cost=0.43..7.36 rows=1 width=8) (actual time=0.014..0.014 rows=0 loops=403366)
                           Index Cond: (cd_demo_sk = catalog_sales.cs_bill_cdemo_sk)
                           Filter: ((cd_gender = 'M'::bpchar) AND (cd_education_status = 'Primary'::bpchar))
                           Rows Removed by Filter: 1
                           Buffers: shared hit=1591132 read=20372
               ->  Index Scan using customer_pkey on customer  (cost=0.43..7.35 rows=1 width=12) (actual time=0.016..0.016 rows=0 loops=30081)
                     Index Cond: (c_customer_sk = catalog_sales.cs_bill_customer_sk)
                     Filter: (c_birth_month = 8)
                     Rows Removed by Filter: 1
                     Buffers: shared hit=104540 read=15700
         ->  Index Scan using customer_address_pkey on customer_address  (cost=0.42..7.36 rows=1 width=35) (actual time=0.021..0.021 rows=0 loops=3511)
               Index Cond: (ca_address_sk = customer.c_current_addr_sk)
               Filter: (ca_state = ANY ('{AL,IA,ID}'::bpchar[]))
               Rows Removed by Filter: 1
               Buffers: shared hit=7806 read=6238
 Planning:
   Buffers: shared hit=409 read=45
 Planning Time: 4.795 ms
 Execution Time: 55785.935 ms
(53 rows)

