                                                                                  QUERY PLAN                                                                                  
------------------------------------------------------------------------------------------------------------------------------------------------------------------------------
 Aggregate  (cost=5940873.73..5940873.74 rows=1 width=268) (actual time=43138.885..43138.890 rows=1 loops=1)
   Buffers: shared hit=399610 read=3655241
   ->  Nested Loop  (cost=17180.68..5940873.70 rows=1 width=81) (actual time=18427.440..43138.841 rows=6 loops=1)
         Buffers: shared hit=399610 read=3655241
         ->  Nested Loop  (cost=17180.26..5940778.07 rows=13 width=54) (actual time=18190.699..43135.573 rows=169 loops=1)
               Buffers: shared hit=399229 read=3654946
               ->  Nested Loop  (cost=17179.83..5939785.20 rows=135 width=50) (actual time=18177.101..43112.795 rows=1637 loops=1)
                     Buffers: shared hit=393644 read=3653983
                     ->  Nested Loop  (cost=17179.40..5925823.46 rows=1898 width=50) (actual time=18176.472..42366.381 rows=78223 loops=1)
                           Buffers: shared hit=84272 read=3650875
                           ->  Hash Join  (cost=17179.10..5900964.14 rows=382986 width=54) (actual time=114.371..42240.174 rows=308881 loops=1)
                                 Hash Cond: (catalog_sales.cs_item_sk = item.i_item_sk)
                                 Buffers: shared hit=77861 read=3650875
                                 ->  Seq Scan on catalog_sales  (cost=0.00..5874397.76 rows=3576029 width=41) (actual time=0.072..41329.964 rows=3595775 loops=1)
                                       Filter: ((cs_wholesale_cost >= '79'::numeric) AND (cs_wholesale_cost <= '84'::numeric))
                                       Rows Removed by Filter: 140396524
                                       Buffers: shared hit=64576 read=3649804
                                 ->  Hash  (cost=16906.00..16906.00 rows=21848 width=21) (actual time=113.941..113.942 rows=21811 loops=1)
                                       Buckets: 32768  Batches: 1  Memory Usage: 1449kB
                                       Buffers: shared hit=13285 read=1071
                                       ->  Seq Scan on item  (cost=0.00..16906.00 rows=21848 width=21) (actual time=0.036..109.610 rows=21811 loops=1)
                                             Filter: (i_category = 'Sports'::bpchar)
                                             Rows Removed by Filter: 182189
                                             Buffers: shared hit=13285 read=1071
                           ->  Memoize  (cost=0.30..7.22 rows=1 width=4) (actual time=0.000..0.000 rows=0 loops=308881)
                                 Cache Key: catalog_sales.cs_sold_date_sk
                                 Cache Mode: logical
                                 Hits: 306743  Misses: 2138  Evictions: 0  Overflows: 0  Memory Usage: 155kB
                                 Buffers: shared hit=6411
                                 ->  Index Scan using date_dim_pkey on date_dim  (cost=0.29..7.21 rows=1 width=4) (actual time=0.012..0.012 rows=0 loops=2138)
                                       Index Cond: (d_date_sk = catalog_sales.cs_sold_date_sk)
                                       Filter: (d_year = 2001)
                                       Rows Removed by Filter: 1
                                       Buffers: shared hit=6411
                     ->  Index Scan using customer_demographics_pkey on customer_demographics  (cost=0.43..7.36 rows=1 width=8) (actual time=0.009..0.009 rows=0 loops=78223)
                           Index Cond: (cd_demo_sk = catalog_sales.cs_bill_cdemo_sk)
                           Filter: ((cd_gender = 'F'::bpchar) AND (cd_education_status = 'Primary'::bpchar))
                           Rows Removed by Filter: 1
                           Buffers: shared hit=309372 read=3108
               ->  Index Scan using customer_pkey on customer  (cost=0.43..7.35 rows=1 width=12) (actual time=0.013..0.013 rows=0 loops=1637)
                     Index Cond: (c_customer_sk = catalog_sales.cs_bill_customer_sk)
                     Filter: (c_birth_month = 2)
                     Rows Removed by Filter: 1
                     Buffers: shared hit=5585 read=963
         ->  Index Scan using customer_address_pkey on customer_address  (cost=0.42..7.36 rows=1 width=35) (actual time=0.018..0.018 rows=0 loops=169)
               Index Cond: (ca_address_sk = customer.c_current_addr_sk)
               Filter: (ca_state = ANY ('{CT,LA,NY}'::bpchar[]))
               Rows Removed by Filter: 1
               Buffers: shared hit=381 read=295
 Planning:
   Buffers: shared hit=409 read=45
 Planning Time: 3.244 ms
 Execution Time: 43139.347 ms
(53 rows)

